<?xml version="1.0" encoding="UTF-8"?>
<testsuite xmlns:xsi="http://www.w3.org/2001/XMLSchema-instance" xsi:noNamespaceSchemaLocation="https://maven.apache.org/surefire/maven-surefire-plugin/xsd/surefire-test-report.xsd" name="org.apache.ratis.grpc.TestInstallSnapshotNotificationWithGrpc" time="74.976" tests="4" errors="1" skipped="0" failures="0">
  <properties>
    <property name="awt.toolkit" value="sun.awt.X11.XToolkit"/>
    <property name="file.encoding.pkg" value="sun.io"/>
    <property name="java.specification.version" value="1.8"/>
    <property name="sun.cpu.isalist" value=""/>
    <property name="sun.jnu.encoding" value="UTF-8"/>
    <property name="java.class.path" value="/home/runner/work/ratis/ratis/ratis-test/target/test-classes:/home/runner/work/ratis/ratis/ratis-test/target/classes:/home/runner/work/ratis/ratis/ratis-common/target/classes:/home/runner/.m2/repository/org/apache/ratis/ratis-thirdparty-misc/1.0.0/ratis-thirdparty-misc-1.0.0.jar:/home/runner/work/ratis/ratis/ratis-proto/target/ratis-proto-2.4.0-SNAPSHOT.jar:/home/runner/work/ratis/ratis/ratis-common/target/test-classes:/home/runner/work/ratis/ratis/ratis-client/target/classes:/home/runner/work/ratis/ratis/ratis-server/target/classes:/home/runner/work/ratis/ratis/ratis-server-api/target/classes:/home/runner/work/ratis/ratis/ratis-metrics/target/classes:/home/runner/work/ratis/ratis/ratis-server/target/test-classes:/home/runner/work/ratis/ratis/ratis-netty/target/classes:/home/runner/work/ratis/ratis/ratis-netty/target/test-classes:/home/runner/work/ratis/ratis/ratis-grpc/target/classes:/home/runner/work/ratis/ratis/ratis-grpc/target/test-classes:/home/runner/.m2/repository/org/slf4j/slf4j-api/1.7.29/slf4j-api-1.7.29.jar:/home/runner/.m2/repository/org/slf4j/slf4j-log4j12/1.7.29/slf4j-log4j12-1.7.29.jar:/home/runner/.m2/repository/log4j/log4j/1.2.17/log4j-1.2.17.jar:/home/runner/.m2/repository/junit/junit/4.13.2/junit-4.13.2.jar:/home/runner/.m2/repository/org/hamcrest/hamcrest-core/1.3/hamcrest-core-1.3.jar:/home/runner/.m2/repository/org/mockito/mockito-core/4.3.1/mockito-core-4.3.1.jar:/home/runner/.m2/repository/net/bytebuddy/byte-buddy/1.12.7/byte-buddy-1.12.7.jar:/home/runner/.m2/repository/net/bytebuddy/byte-buddy-agent/1.12.7/byte-buddy-agent-1.12.7.jar:/home/runner/.m2/repository/org/objenesis/objenesis/3.2/objenesis-3.2.jar:/home/runner/.m2/repository/io/dropwizard/metrics/metrics-jvm/3.2.5/metrics-jvm-3.2.5.jar:/home/runner/.m2/repository/io/dropwizard/metrics/metrics-core/3.2.5/metrics-core-3.2.5.jar:/home/runner/work/ratis/ratis/ratis-shell/target/classes:/home/runner/.m2/repository/commons-cli/commons-cli/1.5.0/commons-cli-1.5.0.jar:/home/runner/.m2/repository/org/reflections/reflections/0.10.2/reflections-0.10.2.jar:/home/runner/.m2/repository/org/javassist/javassist/3.28.0-GA/javassist-3.28.0-GA.jar:/home/runner/.m2/repository/com/google/code/findbugs/jsr305/3.0.2/jsr305-3.0.2.jar:"/>
    <property name="java.vm.vendor" value="Temurin"/>
    <property name="sun.arch.data.model" value="64"/>
    <property name="java.vendor.url" value="https://adoptium.net/"/>
    <property name="user.timezone" value=""/>
    <property name="java.vm.specification.version" value="1.8"/>
    <property name="os.name" value="Linux"/>
    <property name="sun.java.launcher" value="SUN_STANDARD"/>
    <property name="sun.boot.library.path" value="/usr/lib/jvm/temurin-8-jdk-amd64/jre/lib/amd64"/>
    <property name="sun.java.command" value="/home/runner/work/ratis/ratis/ratis-test/target/surefire/surefirebooter555693844176727681.jar /home/runner/work/ratis/ratis/ratis-test/target/surefire 2022-05-19T09-17-40_323-jvmRun1 surefire5567313871318044621tmp surefire_205640588442815769976tmp"/>
    <property name="surefire.test.class.path" value="/home/runner/work/ratis/ratis/ratis-test/target/test-classes:/home/runner/work/ratis/ratis/ratis-test/target/classes:/home/runner/work/ratis/ratis/ratis-common/target/classes:/home/runner/.m2/repository/org/apache/ratis/ratis-thirdparty-misc/1.0.0/ratis-thirdparty-misc-1.0.0.jar:/home/runner/work/ratis/ratis/ratis-proto/target/ratis-proto-2.4.0-SNAPSHOT.jar:/home/runner/work/ratis/ratis/ratis-common/target/test-classes:/home/runner/work/ratis/ratis/ratis-client/target/classes:/home/runner/work/ratis/ratis/ratis-server/target/classes:/home/runner/work/ratis/ratis/ratis-server-api/target/classes:/home/runner/work/ratis/ratis/ratis-metrics/target/classes:/home/runner/work/ratis/ratis/ratis-server/target/test-classes:/home/runner/work/ratis/ratis/ratis-netty/target/classes:/home/runner/work/ratis/ratis/ratis-netty/target/test-classes:/home/runner/work/ratis/ratis/ratis-grpc/target/classes:/home/runner/work/ratis/ratis/ratis-grpc/target/test-classes:/home/runner/.m2/repository/org/slf4j/slf4j-api/1.7.29/slf4j-api-1.7.29.jar:/home/runner/.m2/repository/org/slf4j/slf4j-log4j12/1.7.29/slf4j-log4j12-1.7.29.jar:/home/runner/.m2/repository/log4j/log4j/1.2.17/log4j-1.2.17.jar:/home/runner/.m2/repository/junit/junit/4.13.2/junit-4.13.2.jar:/home/runner/.m2/repository/org/hamcrest/hamcrest-core/1.3/hamcrest-core-1.3.jar:/home/runner/.m2/repository/org/mockito/mockito-core/4.3.1/mockito-core-4.3.1.jar:/home/runner/.m2/repository/net/bytebuddy/byte-buddy/1.12.7/byte-buddy-1.12.7.jar:/home/runner/.m2/repository/net/bytebuddy/byte-buddy-agent/1.12.7/byte-buddy-agent-1.12.7.jar:/home/runner/.m2/repository/org/objenesis/objenesis/3.2/objenesis-3.2.jar:/home/runner/.m2/repository/io/dropwizard/metrics/metrics-jvm/3.2.5/metrics-jvm-3.2.5.jar:/home/runner/.m2/repository/io/dropwizard/metrics/metrics-core/3.2.5/metrics-core-3.2.5.jar:/home/runner/work/ratis/ratis/ratis-shell/target/classes:/home/runner/.m2/repository/commons-cli/commons-cli/1.5.0/commons-cli-1.5.0.jar:/home/runner/.m2/repository/org/reflections/reflections/0.10.2/reflections-0.10.2.jar:/home/runner/.m2/repository/org/javassist/javassist/3.28.0-GA/javassist-3.28.0-GA.jar:/home/runner/.m2/repository/com/google/code/findbugs/jsr305/3.0.2/jsr305-3.0.2.jar:"/>
    <property name="sun.cpu.endian" value="little"/>
    <property name="user.home" value="/home/runner"/>
    <property name="user.language" value="en"/>
    <property name="java.specification.vendor" value="Oracle Corporation"/>
    <property name="java.home" value="/usr/lib/jvm/temurin-8-jdk-amd64/jre"/>
    <property name="basedir" value="/home/runner/work/ratis/ratis/ratis-test"/>
    <property name="file.separator" value="/"/>
    <property name="line.separator" value="&#10;"/>
    <property name="java.vm.specification.vendor" value="Oracle Corporation"/>
    <property name="java.specification.name" value="Java Platform API Specification"/>
    <property name="java.awt.graphicsenv" value="sun.awt.X11GraphicsEnvironment"/>
    <property name="surefire.real.class.path" value="/home/runner/work/ratis/ratis/ratis-test/target/surefire/surefirebooter555693844176727681.jar"/>
    <property name="sun.boot.class.path" value="/usr/lib/jvm/temurin-8-jdk-amd64/jre/lib/resources.jar:/usr/lib/jvm/temurin-8-jdk-amd64/jre/lib/rt.jar:/usr/lib/jvm/temurin-8-jdk-amd64/jre/lib/sunrsasign.jar:/usr/lib/jvm/temurin-8-jdk-amd64/jre/lib/jsse.jar:/usr/lib/jvm/temurin-8-jdk-amd64/jre/lib/jce.jar:/usr/lib/jvm/temurin-8-jdk-amd64/jre/lib/charsets.jar:/usr/lib/jvm/temurin-8-jdk-amd64/jre/lib/jfr.jar:/usr/lib/jvm/temurin-8-jdk-amd64/jre/classes"/>
    <property name="sun.management.compiler" value="HotSpot 64-Bit Tiered Compilers"/>
    <property name="java.runtime.version" value="1.8.0_332-b09"/>
    <property name="java.net.preferIPv4Stack" value="true"/>
    <property name="user.name" value="runner"/>
    <property name="path.separator" value=":"/>
    <property name="os.version" value="5.4.0-1078-azure"/>
    <property name="java.endorsed.dirs" value="/usr/lib/jvm/temurin-8-jdk-amd64/jre/lib/endorsed"/>
    <property name="java.runtime.name" value="OpenJDK Runtime Environment"/>
    <property name="file.encoding" value="UTF-8"/>
    <property name="java.vm.name" value="OpenJDK 64-Bit Server VM"/>
    <property name="localRepository" value="/home/runner/.m2/repository"/>
    <property name="java.vendor.url.bug" value="https://github.com/adoptium/adoptium-support/issues"/>
    <property name="java.io.tmpdir" value="/tmp"/>
    <property name="java.version" value="1.8.0_332"/>
    <property name="user.dir" value="/home/runner/work/ratis/ratis/ratis-test"/>
    <property name="os.arch" value="amd64"/>
    <property name="ratis.tmp.dir" value="/home/runner/work/ratis/ratis/ratis-test/target/tmp"/>
    <property name="java.vm.specification.name" value="Java Virtual Machine Specification"/>
    <property name="java.awt.printerjob" value="sun.print.PSPrinterJob"/>
    <property name="ratis.log.dir" value="/home/runner/work/ratis/ratis/ratis-test/target/log"/>
    <property name="sun.os.patch.level" value="unknown"/>
    <property name="java.library.path" value="/usr/java/packages/lib/amd64:/usr/lib64:/lib64:/lib:/usr/lib"/>
    <property name="java.vm.info" value="mixed mode"/>
    <property name="java.vendor" value="Temurin"/>
    <property name="java.vm.version" value="25.332-b09"/>
    <property name="java.ext.dirs" value="/usr/lib/jvm/temurin-8-jdk-amd64/jre/lib/ext:/usr/java/packages/lib/ext"/>
    <property name="sun.io.unicode.encoding" value="UnicodeLittle"/>
    <property name="java.class.version" value="52.0"/>
  </properties>
  <testcase name="testAddNewFollowers" classname="org.apache.ratis.grpc.TestInstallSnapshotNotificationWithGrpc" time="4.835"/>
  <testcase name="testInstallSnapshotDuringBootstrap" classname="org.apache.ratis.grpc.TestInstallSnapshotNotificationWithGrpc" time="2.295"/>
  <testcase name="testRestartFollower" classname="org.apache.ratis.grpc.TestInstallSnapshotNotificationWithGrpc" time="63.517">
    <error message="s2@group-79A51F445787-SegmentedRaftLog is expected to be opened but it is CLOSED" type="java.lang.IllegalArgumentException">java.lang.IllegalArgumentException: s2@group-79A51F445787-SegmentedRaftLog is expected to be opened but it is CLOSED
	at org.apache.ratis.util.OpenCloseState.assertOpen(OpenCloseState.java:63)
	at org.apache.ratis.server.raftlog.RaftLogBase.checkLogState(RaftLogBase.java:109)
	at org.apache.ratis.server.raftlog.segmented.SegmentedRaftLog.getLastEntryTermIndex(SegmentedRaftLog.java:340)
	at org.apache.ratis.server.raftlog.RaftLog.getNextIndex(RaftLog.java:83)
	at org.apache.ratis.InstallSnapshotNotificationTests.testRestartFollower(InstallSnapshotNotificationTests.java:231)
	at org.apache.ratis.server.impl.MiniRaftCluster$Factory$Get.runWithNewCluster(MiniRaftCluster.java:125)
	at org.apache.ratis.server.impl.MiniRaftCluster$Factory$Get.runWithNewCluster(MiniRaftCluster.java:113)
	at org.apache.ratis.InstallSnapshotNotificationTests.testRestartFollower(InstallSnapshotNotificationTests.java:214)
	at sun.reflect.NativeMethodAccessorImpl.invoke0(Native Method)
	at sun.reflect.NativeMethodAccessorImpl.invoke(NativeMethodAccessorImpl.java:62)
	at sun.reflect.DelegatingMethodAccessorImpl.invoke(DelegatingMethodAccessorImpl.java:43)
	at java.lang.reflect.Method.invoke(Method.java:498)
	at org.junit.runners.model.FrameworkMethod$1.runReflectiveCall(FrameworkMethod.java:59)
	at org.junit.internal.runners.model.ReflectiveCallable.run(ReflectiveCallable.java:12)
	at org.junit.runners.model.FrameworkMethod.invokeExplosively(FrameworkMethod.java:56)
	at org.junit.internal.runners.statements.InvokeMethod.evaluate(InvokeMethod.java:17)
	at org.junit.internal.runners.statements.RunAfters.evaluate(RunAfters.java:27)
	at org.junit.internal.runners.statements.FailOnTimeout$CallableStatement.call(FailOnTimeout.java:299)
	at org.junit.internal.runners.statements.FailOnTimeout$CallableStatement.call(FailOnTimeout.java:293)
	at java.util.concurrent.FutureTask.run(FutureTask.java:266)
	at java.lang.Thread.run(Thread.java:750)
Caused by: org.apache.ratis.util.OpenCloseState$CloseTrace: Close s2@group-79A51F445787-SegmentedRaftLog
	at org.apache.ratis.util.OpenCloseState.lambda$close$1(OpenCloseState.java:109)
	at java.util.concurrent.atomic.AtomicReference.getAndUpdate(AtomicReference.java:160)
	at org.apache.ratis.util.OpenCloseState.close(OpenCloseState.java:109)
	at org.apache.ratis.server.raftlog.RaftLogBase.close(RaftLogBase.java:358)
	at org.apache.ratis.server.raftlog.segmented.SegmentedRaftLog.close(SegmentedRaftLog.java:506)
	at org.apache.ratis.server.impl.ServerState.close(ServerState.java:431)
	at org.apache.ratis.server.impl.RaftServerImpl.lambda$close$4(RaftServerImpl.java:456)
	at org.apache.ratis.util.LifeCycle.lambda$checkStateAndClose$4(LifeCycle.java:299)
	at org.apache.ratis.util.LifeCycle.checkStateAndClose(LifeCycle.java:319)
	at org.apache.ratis.util.LifeCycle.checkStateAndClose(LifeCycle.java:297)
	at org.apache.ratis.server.impl.RaftServerImpl.close(RaftServerImpl.java:433)
	at org.apache.ratis.server.impl.StateMachineUpdater.run(StateMachineUpdater.java:195)
	... 1 more
</error>
    <system-out><![CDATA[2022-05-19 09:23:53,527 [main] INFO  util.LogUtils (Log4jUtils.java:setLogLevel(32)) - Set org.apache.ratis.conf.ConfUtils log level to WARN
2022-05-19 09:23:53,528 [main] INFO  util.LogUtils (Log4jUtils.java:setLogLevel(32)) - Set org.apache.ratis.util.FileUtils log level to TRACE
2022-05-19 09:23:53,528 [main] INFO  util.LogUtils (Log4jUtils.java:setLogLevel(32)) - Set org.apache.ratis.server.raftlog.RaftLog log level to DEBUG
2022-05-19 09:23:53,528 [Time-limited test] INFO  impl.MiniRaftCluster (MiniRaftCluster.java:runWithNewCluster(119)) - Running runWithNewCluster
2022-05-19 09:23:53,529 [Time-limited test] INFO  impl.MiniRaftCluster (MiniRaftCluster.java:<init>(272)) - new MiniRaftClusterWithGrpc with group-79A51F445787:[s0|rpc:localhost:40211|admin:localhost:46233|client:localhost:33945|dataStream:localhost:35105|priority:0, s1|rpc:localhost:44147|admin:localhost:36427|client:localhost:44877|dataStream:localhost:40429|priority:0, s2|rpc:localhost:37783|admin:localhost:39335|client:localhost:36947|dataStream:localhost:40251|priority:0]
2022-05-19 09:23:53,530 [Time-limited test] INFO  impl.MiniRaftCluster (MiniRaftCluster.java:start(315)) - .............................................................. 
2022-05-19 09:23:53,530 [Time-limited test] INFO  impl.MiniRaftCluster (MiniRaftCluster.java:start(316)) - ... 
2022-05-19 09:23:53,530 [Time-limited test] INFO  impl.MiniRaftCluster (MiniRaftCluster.java:start(317)) - ...     Starting MiniRaftClusterWithGrpc
2022-05-19 09:23:53,530 [Time-limited test] INFO  impl.MiniRaftCluster (MiniRaftCluster.java:start(318)) - ... 
2022-05-19 09:23:53,530 [Time-limited test] INFO  impl.MiniRaftCluster (MiniRaftCluster.java:start(319)) - .............................................................. 
2022-05-19 09:23:53,530 [Time-limited test] INFO  impl.MiniRaftCluster (MiniRaftCluster.java:initServers(284)) - servers = {}
2022-05-19 09:23:53,530 [Time-limited test] INFO  impl.MiniRaftCluster (MiniRaftCluster.java:newRaftServer(358)) - newRaftServer: s0, group-79A51F445787:[s0|rpc:localhost:40211|admin:localhost:46233|client:localhost:33945|dataStream:localhost:35105|priority:0, s1|rpc:localhost:44147|admin:localhost:36427|client:localhost:44877|dataStream:localhost:40429|priority:0, s2|rpc:localhost:37783|admin:localhost:39335|client:localhost:36947|dataStream:localhost:40251|priority:0], format? true
2022-05-19 09:23:53,530 [Time-limited test] TRACE util.FileUtils (FileUtils.java:deleteFully(162)) - deleteFully target/test/data/fbdca40e/MiniRaftClusterWithGrpc639795fb/s0
2022-05-19 09:23:53,532 [Time-limited test] TRACE util.FileUtils (FileUtils.java:deleteFully(178)) - deleteFully: target/test/data/fbdca40e/MiniRaftClusterWithGrpc639795fb/s0 does not exist.
2022-05-19 09:23:53,532 [Time-limited test] INFO  impl.MiniRaftCluster (MiniRaftCluster.java:newRaftServer(363)) - Formatted directory target/test/data/fbdca40e/MiniRaftClusterWithGrpc639795fb/s0
2022-05-19 09:23:53,532 [Time-limited test] INFO  server.RaftServer (ConfUtils.java:logGet(46)) - raft.rpc.type = GRPC (default)
2022-05-19 09:23:53,532 [Time-limited test] INFO  grpc.GrpcFactory (GrpcFactory.java:checkPooledByteBufAllocatorUseCacheForAllThreads(48)) - PERFORMANCE WARNING: useCacheForAllThreads is true that may cause Netty to create a lot garbage objects and, as a result, trigger GC.
	It is recommended to disable useCacheForAllThreads by setting -Dorg.apache.ratis.thirdparty.io.netty.allocator.useCacheForAllThreads=false in command line.
2022-05-19 09:23:53,533 [Time-limited test] INFO  grpc.GrpcConfigKeys (ConfUtils.java:logGet(46)) - raft.grpc.admin.port = 46233 (custom)
2022-05-19 09:23:53,533 [Time-limited test] INFO  grpc.GrpcConfigKeys (ConfUtils.java:logGet(46)) - raft.grpc.client.port = 33945 (custom)
2022-05-19 09:23:53,533 [Time-limited test] INFO  grpc.GrpcConfigKeys (ConfUtils.java:logGet(46)) - raft.grpc.server.port = 40211 (custom)
2022-05-19 09:23:53,533 [Time-limited test] INFO  server.GrpcService (ConfUtils.java:logGet(46)) - raft.grpc.message.size.max = 64MB (=67108864) (default)
2022-05-19 09:23:53,533 [Time-limited test] INFO  server.RaftServerConfigKeys (ConfUtils.java:logGet(46)) - raft.server.log.appender.buffer.byte-limit = 4MB (=4194304) (default)
2022-05-19 09:23:53,533 [Time-limited test] INFO  server.GrpcService (ConfUtils.java:logGet(46)) - raft.grpc.flow.control.window = 1MB (=1048576) (default)
2022-05-19 09:23:53,533 [Time-limited test] INFO  server.RaftServerConfigKeys (ConfUtils.java:logGet(46)) - raft.server.rpc.request.timeout = 3000ms (default)
2022-05-19 09:23:53,533 [Time-limited test] INFO  grpc.GrpcConfigKeys (ConfUtils.java:logGet(46)) - raft.grpc.server.async.request.thread.pool.cached = true (default)
2022-05-19 09:23:53,533 [Time-limited test] INFO  grpc.GrpcConfigKeys (ConfUtils.java:logGet(46)) - raft.grpc.server.async.request.thread.pool.size = 32 (default)
2022-05-19 09:23:53,536 [Time-limited test] INFO  impl.DataStreamServerImpl (ConfUtils.java:logGet(46)) - raft.datastream.type = DISABLED (default)
2022-05-19 09:23:53,536 [Time-limited test] INFO  server.RaftServerConfigKeys (ConfUtils.java:logGet(46)) - raft.server.threadpool.proxy.cached = true (default)
2022-05-19 09:23:53,536 [Time-limited test] INFO  server.RaftServerConfigKeys (ConfUtils.java:logGet(46)) - raft.server.threadpool.proxy.size = 0 (default)
2022-05-19 09:23:53,536 [Time-limited test] INFO  server.RaftServerConfigKeys (ConfUtils.java:logGet(46)) - raft.server.rpc.slowness.timeout = 60s (default)
2022-05-19 09:23:53,536 [Time-limited test] INFO  server.RaftServerConfigKeys (ConfUtils.java:logGet(46)) - raft.server.leaderelection.leader.step-down.wait-time = 10s (default)
2022-05-19 09:23:53,537 [Time-limited test] INFO  server.RaftServerConfigKeys (ConfUtils.java:logGet(46)) - raft.server.storage.dir = [/home/runner/work/ratis/ratis/ratis-test/target/test/data/fbdca40e/MiniRaftClusterWithGrpc639795fb/s0] (custom)
2022-05-19 09:23:53,537 [Time-limited test] INFO  server.RaftServer (RaftServerProxy.java:addNew(96)) - s0: addNew group-79A51F445787:[s0|rpc:localhost:40211|admin:localhost:46233|client:localhost:33945|dataStream:localhost:35105|priority:0, s1|rpc:localhost:44147|admin:localhost:36427|client:localhost:44877|dataStream:localhost:40429|priority:0, s2|rpc:localhost:37783|admin:localhost:39335|client:localhost:36947|dataStream:localhost:40251|priority:0] returns group-79A51F445787:java.util.concurrent.CompletableFuture@45a996ce[Not completed]
2022-05-19 09:23:53,538 [Time-limited test] INFO  impl.MiniRaftCluster (MiniRaftCluster.java:newRaftServer(358)) - newRaftServer: s1, group-79A51F445787:[s0|rpc:localhost:40211|admin:localhost:46233|client:localhost:33945|dataStream:localhost:35105|priority:0, s1|rpc:localhost:44147|admin:localhost:36427|client:localhost:44877|dataStream:localhost:40429|priority:0, s2|rpc:localhost:37783|admin:localhost:39335|client:localhost:36947|dataStream:localhost:40251|priority:0], format? true
2022-05-19 09:23:53,538 [Time-limited test] TRACE util.FileUtils (FileUtils.java:deleteFully(162)) - deleteFully target/test/data/fbdca40e/MiniRaftClusterWithGrpc639795fb/s1
2022-05-19 09:23:53,538 [Time-limited test] TRACE util.FileUtils (FileUtils.java:deleteFully(178)) - deleteFully: target/test/data/fbdca40e/MiniRaftClusterWithGrpc639795fb/s1 does not exist.
2022-05-19 09:23:53,538 [Time-limited test] INFO  impl.MiniRaftCluster (MiniRaftCluster.java:newRaftServer(363)) - Formatted directory target/test/data/fbdca40e/MiniRaftClusterWithGrpc639795fb/s1
2022-05-19 09:23:53,538 [Time-limited test] INFO  server.RaftServer (ConfUtils.java:logGet(46)) - raft.rpc.type = GRPC (default)
2022-05-19 09:23:53,538 [Time-limited test] INFO  grpc.GrpcFactory (GrpcFactory.java:checkPooledByteBufAllocatorUseCacheForAllThreads(48)) - PERFORMANCE WARNING: useCacheForAllThreads is true that may cause Netty to create a lot garbage objects and, as a result, trigger GC.
	It is recommended to disable useCacheForAllThreads by setting -Dorg.apache.ratis.thirdparty.io.netty.allocator.useCacheForAllThreads=false in command line.
2022-05-19 09:23:53,538 [Time-limited test] INFO  grpc.GrpcConfigKeys (ConfUtils.java:logGet(46)) - raft.grpc.admin.port = 36427 (custom)
2022-05-19 09:23:53,538 [Time-limited test] INFO  grpc.GrpcConfigKeys (ConfUtils.java:logGet(46)) - raft.grpc.client.port = 44877 (custom)
2022-05-19 09:23:53,538 [Time-limited test] INFO  grpc.GrpcConfigKeys (ConfUtils.java:logGet(46)) - raft.grpc.server.port = 44147 (custom)
2022-05-19 09:23:53,538 [Time-limited test] INFO  server.GrpcService (ConfUtils.java:logGet(46)) - raft.grpc.message.size.max = 64MB (=67108864) (default)
2022-05-19 09:23:53,538 [Time-limited test] INFO  server.RaftServerConfigKeys (ConfUtils.java:logGet(46)) - raft.server.log.appender.buffer.byte-limit = 4MB (=4194304) (default)
2022-05-19 09:23:53,538 [Time-limited test] INFO  server.GrpcService (ConfUtils.java:logGet(46)) - raft.grpc.flow.control.window = 1MB (=1048576) (default)
2022-05-19 09:23:53,539 [Time-limited test] INFO  server.RaftServerConfigKeys (ConfUtils.java:logGet(46)) - raft.server.rpc.request.timeout = 3000ms (default)
2022-05-19 09:23:53,539 [Time-limited test] INFO  grpc.GrpcConfigKeys (ConfUtils.java:logGet(46)) - raft.grpc.server.async.request.thread.pool.cached = true (default)
2022-05-19 09:23:53,539 [Time-limited test] INFO  grpc.GrpcConfigKeys (ConfUtils.java:logGet(46)) - raft.grpc.server.async.request.thread.pool.size = 32 (default)
2022-05-19 09:23:53,539 [pool-11-thread-1] INFO  server.RaftServerConfigKeys (ConfUtils.java:logGet(46)) - raft.server.log.segment.size.max = 8MB (=8388608) (default)
2022-05-19 09:23:53,541 [Time-limited test] INFO  impl.DataStreamServerImpl (ConfUtils.java:logGet(46)) - raft.datastream.type = DISABLED (default)
2022-05-19 09:23:53,541 [Time-limited test] INFO  server.RaftServerConfigKeys (ConfUtils.java:logGet(46)) - raft.server.threadpool.proxy.cached = true (default)
2022-05-19 09:23:53,541 [Time-limited test] INFO  server.RaftServerConfigKeys (ConfUtils.java:logGet(46)) - raft.server.threadpool.proxy.size = 0 (default)
2022-05-19 09:23:53,542 [Time-limited test] INFO  server.RaftServerConfigKeys (ConfUtils.java:logGet(46)) - raft.server.rpc.slowness.timeout = 60s (default)
2022-05-19 09:23:53,542 [Time-limited test] INFO  server.RaftServerConfigKeys (ConfUtils.java:logGet(46)) - raft.server.leaderelection.leader.step-down.wait-time = 10s (default)
2022-05-19 09:23:53,542 [Time-limited test] INFO  server.RaftServerConfigKeys (ConfUtils.java:logGet(46)) - raft.server.storage.dir = [/home/runner/work/ratis/ratis/ratis-test/target/test/data/fbdca40e/MiniRaftClusterWithGrpc639795fb/s1] (custom)
2022-05-19 09:23:53,542 [pool-11-thread-1] INFO  server.RaftServerConfigKeys (ConfUtils.java:logGet(46)) - raft.server.log.preallocated.size = 4MB (=4194304) (default)
2022-05-19 09:23:53,542 [pool-11-thread-1] INFO  server.RaftServerConfigKeys (ConfUtils.java:logGet(46)) - raft.server.log.write.buffer.size = 64KB (=65536) (default)
2022-05-19 09:23:53,542 [pool-11-thread-1] INFO  server.RaftServer$Division (RaftServerImpl.java:<init>(190)) - s0: new RaftServerImpl for group-79A51F445787:[s0|rpc:localhost:40211|admin:localhost:46233|client:localhost:33945|dataStream:localhost:35105|priority:0, s1|rpc:localhost:44147|admin:localhost:36427|client:localhost:44877|dataStream:localhost:40429|priority:0, s2|rpc:localhost:37783|admin:localhost:39335|client:localhost:36947|dataStream:localhost:40251|priority:0] with StateMachine4InstallSnapshotNotificationTests:uninitialized
2022-05-19 09:23:53,542 [pool-11-thread-1] INFO  server.RaftServerConfigKeys (ConfUtils.java:logGet(46)) - raft.server.rpc.timeout.min = 150ms (default)
2022-05-19 09:23:53,543 [Time-limited test] INFO  server.RaftServer (RaftServerProxy.java:addNew(96)) - s1: addNew group-79A51F445787:[s0|rpc:localhost:40211|admin:localhost:46233|client:localhost:33945|dataStream:localhost:35105|priority:0, s1|rpc:localhost:44147|admin:localhost:36427|client:localhost:44877|dataStream:localhost:40429|priority:0, s2|rpc:localhost:37783|admin:localhost:39335|client:localhost:36947|dataStream:localhost:40251|priority:0] returns group-79A51F445787:java.util.concurrent.CompletableFuture@2c90853b[Not completed]
2022-05-19 09:23:53,547 [Time-limited test] INFO  impl.MiniRaftCluster (MiniRaftCluster.java:newRaftServer(358)) - newRaftServer: s2, group-79A51F445787:[s0|rpc:localhost:40211|admin:localhost:46233|client:localhost:33945|dataStream:localhost:35105|priority:0, s1|rpc:localhost:44147|admin:localhost:36427|client:localhost:44877|dataStream:localhost:40429|priority:0, s2|rpc:localhost:37783|admin:localhost:39335|client:localhost:36947|dataStream:localhost:40251|priority:0], format? true
2022-05-19 09:23:53,547 [Time-limited test] TRACE util.FileUtils (FileUtils.java:deleteFully(162)) - deleteFully target/test/data/fbdca40e/MiniRaftClusterWithGrpc639795fb/s2
2022-05-19 09:23:53,547 [Time-limited test] TRACE util.FileUtils (FileUtils.java:deleteFully(178)) - deleteFully: target/test/data/fbdca40e/MiniRaftClusterWithGrpc639795fb/s2 does not exist.
2022-05-19 09:23:53,547 [Time-limited test] INFO  impl.MiniRaftCluster (MiniRaftCluster.java:newRaftServer(363)) - Formatted directory target/test/data/fbdca40e/MiniRaftClusterWithGrpc639795fb/s2
2022-05-19 09:23:53,547 [Time-limited test] INFO  server.RaftServer (ConfUtils.java:logGet(46)) - raft.rpc.type = GRPC (default)
2022-05-19 09:23:53,548 [Time-limited test] INFO  grpc.GrpcFactory (GrpcFactory.java:checkPooledByteBufAllocatorUseCacheForAllThreads(48)) - PERFORMANCE WARNING: useCacheForAllThreads is true that may cause Netty to create a lot garbage objects and, as a result, trigger GC.
	It is recommended to disable useCacheForAllThreads by setting -Dorg.apache.ratis.thirdparty.io.netty.allocator.useCacheForAllThreads=false in command line.
2022-05-19 09:23:53,548 [Time-limited test] INFO  grpc.GrpcConfigKeys (ConfUtils.java:logGet(46)) - raft.grpc.admin.port = 39335 (custom)
2022-05-19 09:23:53,548 [Time-limited test] INFO  grpc.GrpcConfigKeys (ConfUtils.java:logGet(46)) - raft.grpc.client.port = 36947 (custom)
2022-05-19 09:23:53,548 [Time-limited test] INFO  grpc.GrpcConfigKeys (ConfUtils.java:logGet(46)) - raft.grpc.server.port = 37783 (custom)
2022-05-19 09:23:53,548 [Time-limited test] INFO  server.GrpcService (ConfUtils.java:logGet(46)) - raft.grpc.message.size.max = 64MB (=67108864) (default)
2022-05-19 09:23:53,548 [Time-limited test] INFO  server.RaftServerConfigKeys (ConfUtils.java:logGet(46)) - raft.server.log.appender.buffer.byte-limit = 4MB (=4194304) (default)
2022-05-19 09:23:53,548 [Time-limited test] INFO  server.GrpcService (ConfUtils.java:logGet(46)) - raft.grpc.flow.control.window = 1MB (=1048576) (default)
2022-05-19 09:23:53,548 [Time-limited test] INFO  server.RaftServerConfigKeys (ConfUtils.java:logGet(46)) - raft.server.rpc.request.timeout = 3000ms (default)
2022-05-19 09:23:53,548 [Time-limited test] INFO  grpc.GrpcConfigKeys (ConfUtils.java:logGet(46)) - raft.grpc.server.async.request.thread.pool.cached = true (default)
2022-05-19 09:23:53,548 [Time-limited test] INFO  grpc.GrpcConfigKeys (ConfUtils.java:logGet(46)) - raft.grpc.server.async.request.thread.pool.size = 32 (default)
2022-05-19 09:23:53,543 [pool-11-thread-1] INFO  server.RaftServerConfigKeys (ConfUtils.java:logGet(46)) - raft.server.rpc.timeout.max = 300ms (default)
2022-05-19 09:23:53,549 [pool-11-thread-1] INFO  server.RaftServerConfigKeys (ConfUtils.java:logGet(46)) - raft.server.rpc.sleep.time = 25ms (default)
2022-05-19 09:23:53,549 [pool-11-thread-1] INFO  server.RaftServerConfigKeys (ConfUtils.java:logGet(46)) - raft.server.rpc.slowness.timeout = 60s (default)
2022-05-19 09:23:53,549 [pool-11-thread-1] INFO  server.RaftServerConfigKeys (ConfUtils.java:logGet(46)) - raft.server.leaderelection.leader.step-down.wait-time = 10s (default)
2022-05-19 09:23:53,549 [pool-11-thread-1] INFO  server.RaftServerConfigKeys (ConfUtils.java:logGet(46)) - raft.server.sleep.deviation.threshold = 300ms (default)
2022-05-19 09:23:53,549 [pool-11-thread-1] INFO  server.RaftServer$Division (ServerState.java:<init>(107)) - s0@group-79A51F445787: ConfigurationManager, init=-1: [s0|rpc:localhost:40211|admin:localhost:46233|client:localhost:33945|dataStream:localhost:35105|priority:0, s1|rpc:localhost:44147|admin:localhost:36427|client:localhost:44877|dataStream:localhost:40429|priority:0, s2|rpc:localhost:37783|admin:localhost:39335|client:localhost:36947|dataStream:localhost:40251|priority:0], old=null, confs=<EMPTY_MAP>
2022-05-19 09:23:53,549 [pool-11-thread-1] INFO  server.RaftServerConfigKeys (ConfUtils.java:logGet(46)) - raft.server.storage.dir = [/home/runner/work/ratis/ratis/ratis-test/target/test/data/fbdca40e/MiniRaftClusterWithGrpc639795fb/s0] (custom)
2022-05-19 09:23:53,549 [pool-11-thread-1] INFO  server.RaftServerConfigKeys (ConfUtils.java:logGet(46)) - raft.server.log.corruption.policy = EXCEPTION (default)
2022-05-19 09:23:53,550 [pool-11-thread-1] INFO  server.RaftServerConfigKeys (ConfUtils.java:logGet(46)) - raft.server.storage.free-space.min = 0MB (=0) (default)
2022-05-19 09:23:53,550 [pool-11-thread-1] INFO  storage.RaftStorageDirectory (RaftStorageDirectoryImpl.java:analyzeStorage(135)) - The storage directory /home/runner/work/ratis/ratis/ratis-test/target/test/data/fbdca40e/MiniRaftClusterWithGrpc639795fb/s0/18f0c0db-b28e-477a-a7a1-79a51f445787 does not exist. Creating ...
2022-05-19 09:23:53,550 [Time-limited test] INFO  impl.DataStreamServerImpl (ConfUtils.java:logGet(46)) - raft.datastream.type = DISABLED (default)
2022-05-19 09:23:53,550 [Time-limited test] INFO  server.RaftServerConfigKeys (ConfUtils.java:logGet(46)) - raft.server.threadpool.proxy.cached = true (default)
2022-05-19 09:23:53,550 [Time-limited test] INFO  server.RaftServerConfigKeys (ConfUtils.java:logGet(46)) - raft.server.threadpool.proxy.size = 0 (default)
2022-05-19 09:23:53,550 [Time-limited test] INFO  server.RaftServerConfigKeys (ConfUtils.java:logGet(46)) - raft.server.rpc.slowness.timeout = 60s (default)
2022-05-19 09:23:53,550 [Time-limited test] INFO  server.RaftServerConfigKeys (ConfUtils.java:logGet(46)) - raft.server.leaderelection.leader.step-down.wait-time = 10s (default)
2022-05-19 09:23:53,550 [Time-limited test] INFO  server.RaftServerConfigKeys (ConfUtils.java:logGet(46)) - raft.server.storage.dir = [/home/runner/work/ratis/ratis/ratis-test/target/test/data/fbdca40e/MiniRaftClusterWithGrpc639795fb/s2] (custom)
2022-05-19 09:23:53,551 [pool-11-thread-1] TRACE util.FileUtils (LogUtils.java:runAndLog(49)) - Successfully ran Files.createDirectories /home/runner/work/ratis/ratis/ratis-test/target/test/data/fbdca40e/MiniRaftClusterWithGrpc639795fb/s0/18f0c0db-b28e-477a-a7a1-79a51f445787
2022-05-19 09:23:53,551 [pool-12-thread-1] INFO  server.RaftServerConfigKeys (ConfUtils.java:logGet(46)) - raft.server.log.segment.size.max = 8MB (=8388608) (default)
2022-05-19 09:23:53,551 [pool-12-thread-1] INFO  server.RaftServerConfigKeys (ConfUtils.java:logGet(46)) - raft.server.log.preallocated.size = 4MB (=4194304) (default)
2022-05-19 09:23:53,551 [pool-12-thread-1] INFO  server.RaftServerConfigKeys (ConfUtils.java:logGet(46)) - raft.server.log.write.buffer.size = 64KB (=65536) (default)
2022-05-19 09:23:53,551 [pool-12-thread-1] INFO  server.RaftServer$Division (RaftServerImpl.java:<init>(190)) - s1: new RaftServerImpl for group-79A51F445787:[s0|rpc:localhost:40211|admin:localhost:46233|client:localhost:33945|dataStream:localhost:35105|priority:0, s1|rpc:localhost:44147|admin:localhost:36427|client:localhost:44877|dataStream:localhost:40429|priority:0, s2|rpc:localhost:37783|admin:localhost:39335|client:localhost:36947|dataStream:localhost:40251|priority:0] with StateMachine4InstallSnapshotNotificationTests:uninitialized
2022-05-19 09:23:53,551 [pool-12-thread-1] INFO  server.RaftServerConfigKeys (ConfUtils.java:logGet(46)) - raft.server.rpc.timeout.min = 150ms (default)
2022-05-19 09:23:53,551 [pool-12-thread-1] INFO  server.RaftServerConfigKeys (ConfUtils.java:logGet(46)) - raft.server.rpc.timeout.max = 300ms (default)
2022-05-19 09:23:53,551 [pool-12-thread-1] INFO  server.RaftServerConfigKeys (ConfUtils.java:logGet(46)) - raft.server.rpc.sleep.time = 25ms (default)
2022-05-19 09:23:53,551 [pool-12-thread-1] INFO  server.RaftServerConfigKeys (ConfUtils.java:logGet(46)) - raft.server.rpc.slowness.timeout = 60s (default)
2022-05-19 09:23:53,552 [pool-12-thread-1] INFO  server.RaftServerConfigKeys (ConfUtils.java:logGet(46)) - raft.server.leaderelection.leader.step-down.wait-time = 10s (default)
2022-05-19 09:23:53,552 [pool-12-thread-1] INFO  server.RaftServerConfigKeys (ConfUtils.java:logGet(46)) - raft.server.sleep.deviation.threshold = 300ms (default)
2022-05-19 09:23:53,552 [pool-12-thread-1] INFO  server.RaftServer$Division (ServerState.java:<init>(107)) - s1@group-79A51F445787: ConfigurationManager, init=-1: [s0|rpc:localhost:40211|admin:localhost:46233|client:localhost:33945|dataStream:localhost:35105|priority:0, s1|rpc:localhost:44147|admin:localhost:36427|client:localhost:44877|dataStream:localhost:40429|priority:0, s2|rpc:localhost:37783|admin:localhost:39335|client:localhost:36947|dataStream:localhost:40251|priority:0], old=null, confs=<EMPTY_MAP>
2022-05-19 09:23:53,552 [pool-11-thread-1] INFO  storage.RaftStorageDirectory (RaftStorageDirectoryImpl.java:tryLock(230)) - Lock on /home/runner/work/ratis/ratis/ratis-test/target/test/data/fbdca40e/MiniRaftClusterWithGrpc639795fb/s0/18f0c0db-b28e-477a-a7a1-79a51f445787/in_use.lock acquired by nodename 1593@fv-az458-614.cxtooap3h1lune4eycoub4ghla.dx.internal.cloudapp.net
2022-05-19 09:23:53,552 [pool-12-thread-1] INFO  server.RaftServerConfigKeys (ConfUtils.java:logGet(46)) - raft.server.storage.dir = [/home/runner/work/ratis/ratis/ratis-test/target/test/data/fbdca40e/MiniRaftClusterWithGrpc639795fb/s1] (custom)
2022-05-19 09:23:53,553 [pool-11-thread-1] TRACE util.FileUtils (LogUtils.java:runAndLog(49)) - Successfully ran Files.createDirectories /home/runner/work/ratis/ratis/ratis-test/target/test/data/fbdca40e/MiniRaftClusterWithGrpc639795fb/s0/18f0c0db-b28e-477a-a7a1-79a51f445787/current
2022-05-19 09:23:53,553 [pool-12-thread-1] INFO  server.RaftServerConfigKeys (ConfUtils.java:logGet(46)) - raft.server.log.corruption.policy = EXCEPTION (default)
2022-05-19 09:23:53,553 [pool-12-thread-1] INFO  server.RaftServerConfigKeys (ConfUtils.java:logGet(46)) - raft.server.storage.free-space.min = 0MB (=0) (default)
2022-05-19 09:23:53,553 [pool-11-thread-1] TRACE util.FileUtils (LogUtils.java:runAndLog(49)) - Successfully ran Files.createDirectories /home/runner/work/ratis/ratis/ratis-test/target/test/data/fbdca40e/MiniRaftClusterWithGrpc639795fb/s0/18f0c0db-b28e-477a-a7a1-79a51f445787/sm
2022-05-19 09:23:53,553 [pool-12-thread-1] INFO  storage.RaftStorageDirectory (RaftStorageDirectoryImpl.java:analyzeStorage(135)) - The storage directory /home/runner/work/ratis/ratis/ratis-test/target/test/data/fbdca40e/MiniRaftClusterWithGrpc639795fb/s1/18f0c0db-b28e-477a-a7a1-79a51f445787 does not exist. Creating ...
2022-05-19 09:23:53,554 [pool-12-thread-1] TRACE util.FileUtils (LogUtils.java:runAndLog(49)) - Successfully ran Files.createDirectories /home/runner/work/ratis/ratis/ratis-test/target/test/data/fbdca40e/MiniRaftClusterWithGrpc639795fb/s1/18f0c0db-b28e-477a-a7a1-79a51f445787
2022-05-19 09:23:53,554 [Time-limited test] INFO  server.RaftServer (RaftServerProxy.java:addNew(96)) - s2: addNew group-79A51F445787:[s0|rpc:localhost:40211|admin:localhost:46233|client:localhost:33945|dataStream:localhost:35105|priority:0, s1|rpc:localhost:44147|admin:localhost:36427|client:localhost:44877|dataStream:localhost:40429|priority:0, s2|rpc:localhost:37783|admin:localhost:39335|client:localhost:36947|dataStream:localhost:40251|priority:0] returns group-79A51F445787:java.util.concurrent.CompletableFuture@37940db4[Not completed]
2022-05-19 09:23:53,554 [pool-13-thread-1] INFO  server.RaftServerConfigKeys (ConfUtils.java:logGet(46)) - raft.server.log.segment.size.max = 8MB (=8388608) (default)
2022-05-19 09:23:53,554 [pool-13-thread-1] INFO  server.RaftServerConfigKeys (ConfUtils.java:logGet(46)) - raft.server.log.preallocated.size = 4MB (=4194304) (default)
2022-05-19 09:23:53,554 [pool-13-thread-1] INFO  server.RaftServerConfigKeys (ConfUtils.java:logGet(46)) - raft.server.log.write.buffer.size = 64KB (=65536) (default)
2022-05-19 09:23:53,555 [pool-11-thread-1] INFO  storage.RaftStorage (RaftStorageImpl.java:format(89)) - Storage directory /home/runner/work/ratis/ratis/ratis-test/target/test/data/fbdca40e/MiniRaftClusterWithGrpc639795fb/s0/18f0c0db-b28e-477a-a7a1-79a51f445787 has been successfully formatted.
2022-05-19 09:23:53,556 [pool-11-thread-1] INFO  statemachine.SimpleStateMachine4Testing (SimpleStateMachine4Testing.java:initialize(212)) - Initializing StateMachine4InstallSnapshotNotificationTests:uninitialized
2022-05-19 09:23:53,556 [pool-11-thread-1] INFO  statemachine.SimpleStateMachine4Testing (SimpleStateMachine4Testing.java:loadSnapshot(306)) - The snapshot file null does not exist
2022-05-19 09:23:53,556 [pool-11-thread-1] INFO  server.RaftServerConfigKeys (ConfUtils.java:logGet(46)) - raft.server.notification.no-leader.timeout = 60s (default)
2022-05-19 09:23:53,556 [pool-11-thread-1] INFO  server.RaftServerConfigKeys (ConfUtils.java:logGet(46)) - raft.server.log.use.memory = false (default)
2022-05-19 09:23:53,556 [pool-11-thread-1] INFO  server.RaftServerConfigKeys (ConfUtils.java:logGet(46)) - raft.server.log.purge.gap = 8 (custom)
2022-05-19 09:23:53,556 [pool-11-thread-1] INFO  server.RaftServerConfigKeys (ConfUtils.java:logGet(46)) - raft.server.log.appender.buffer.byte-limit = 4MB (=4194304) (default)
2022-05-19 09:23:53,556 [pool-11-thread-1] INFO  server.RaftServerConfigKeys (ConfUtils.java:logGet(46)) - raft.server.log.statemachine.data.read.timeout = 1000ms (default)
2022-05-19 09:23:53,555 [pool-13-thread-1] INFO  server.RaftServer$Division (RaftServerImpl.java:<init>(190)) - s2: new RaftServerImpl for group-79A51F445787:[s0|rpc:localhost:40211|admin:localhost:46233|client:localhost:33945|dataStream:localhost:35105|priority:0, s1|rpc:localhost:44147|admin:localhost:36427|client:localhost:44877|dataStream:localhost:40429|priority:0, s2|rpc:localhost:37783|admin:localhost:39335|client:localhost:36947|dataStream:localhost:40251|priority:0] with StateMachine4InstallSnapshotNotificationTests:uninitialized
2022-05-19 09:23:53,557 [pool-12-thread-1] INFO  storage.RaftStorageDirectory (RaftStorageDirectoryImpl.java:tryLock(230)) - Lock on /home/runner/work/ratis/ratis/ratis-test/target/test/data/fbdca40e/MiniRaftClusterWithGrpc639795fb/s1/18f0c0db-b28e-477a-a7a1-79a51f445787/in_use.lock acquired by nodename 1593@fv-az458-614.cxtooap3h1lune4eycoub4ghla.dx.internal.cloudapp.net
2022-05-19 09:23:53,557 [pool-11-thread-1] INFO  server.RaftServerConfigKeys (ConfUtils.java:logGet(46)) - raft.server.log.segment.size.max = 1024 (custom)
2022-05-19 09:23:53,558 [pool-12-thread-1] TRACE util.FileUtils (LogUtils.java:runAndLog(49)) - Successfully ran Files.createDirectories /home/runner/work/ratis/ratis/ratis-test/target/test/data/fbdca40e/MiniRaftClusterWithGrpc639795fb/s1/18f0c0db-b28e-477a-a7a1-79a51f445787/current
2022-05-19 09:23:53,558 [pool-11-thread-1] INFO  server.RaftServerConfigKeys (ConfUtils.java:logGet(46)) - raft.server.log.segment.cache.num.max = 6 (default)
2022-05-19 09:23:53,558 [pool-11-thread-1] INFO  server.RaftServerConfigKeys (ConfUtils.java:logGet(46)) - raft.server.log.segment.cache.size.max = 200MB (=209715200) (default)
2022-05-19 09:23:53,558 [pool-11-thread-1] INFO  segmented.SegmentedRaftLogWorker (SegmentedRaftLogWorker.java:<init>(187)) - new s0@group-79A51F445787-SegmentedRaftLogWorker for RaftStorageImpl:Storage Directory /home/runner/work/ratis/ratis/ratis-test/target/test/data/fbdca40e/MiniRaftClusterWithGrpc639795fb/s0/18f0c0db-b28e-477a-a7a1-79a51f445787
2022-05-19 09:23:53,558 [pool-11-thread-1] INFO  server.RaftServerConfigKeys (ConfUtils.java:logGet(46)) - raft.server.log.queue.byte-limit = 64MB (=67108864) (default)
2022-05-19 09:23:53,558 [pool-11-thread-1] INFO  server.RaftServerConfigKeys (ConfUtils.java:logGet(46)) - raft.server.log.queue.element-limit = 4096 (default)
2022-05-19 09:23:53,558 [pool-11-thread-1] INFO  server.RaftServerConfigKeys (ConfUtils.java:logGet(46)) - raft.server.log.segment.size.max = 1024 (custom)
2022-05-19 09:23:53,558 [pool-11-thread-1] INFO  server.RaftServerConfigKeys (ConfUtils.java:logGet(46)) - raft.server.log.preallocated.size = 4MB (=4194304) (default)
2022-05-19 09:23:53,559 [pool-11-thread-1] INFO  server.RaftServerConfigKeys (ConfUtils.java:logGet(46)) - raft.server.log.force.sync.num = 128 (default)
2022-05-19 09:23:53,559 [pool-11-thread-1] INFO  server.RaftServerConfigKeys (ConfUtils.java:logGet(46)) - raft.server.log.statemachine.data.sync = true (default)
2022-05-19 09:23:53,559 [pool-11-thread-1] INFO  server.RaftServerConfigKeys (ConfUtils.java:logGet(46)) - raft.server.log.statemachine.data.sync.timeout = 10s (default)
2022-05-19 09:23:53,559 [pool-11-thread-1] INFO  server.RaftServerConfigKeys (ConfUtils.java:logGet(46)) - raft.server.log.statemachine.data.sync.timeout.retry = -1 (default)
2022-05-19 09:23:53,559 [pool-11-thread-1] INFO  server.RaftServerConfigKeys (ConfUtils.java:logGet(46)) - raft.server.log.write.buffer.size = 64KB (=65536) (default)
2022-05-19 09:23:53,559 [pool-11-thread-1] INFO  server.RaftServerConfigKeys (ConfUtils.java:logGet(46)) - raft.server.log.unsafe-flush.enabled = false (default)
2022-05-19 09:23:53,559 [pool-11-thread-1] INFO  server.RaftServerConfigKeys (ConfUtils.java:logGet(46)) - raft.server.log.statemachine.data.caching.enabled = false (default)
2022-05-19 09:23:53,559 [pool-11-thread-1] INFO  segmented.SegmentedRaftLogWorker (SegmentedRaftLogWorker.java:lambda$new$0(135)) - s0@group-79A51F445787-SegmentedRaftLogWorker: flushIndex: setUnconditionally 0 -> -1
2022-05-19 09:23:53,559 [pool-11-thread-1] INFO  segmented.SegmentedRaftLogWorker (SegmentedRaftLogWorker.java:lambda$new$0(135)) - s0@group-79A51F445787-SegmentedRaftLogWorker: safeCacheEvictIndex: setUnconditionally 0 -> -1
2022-05-19 09:23:53,557 [pool-13-thread-1] INFO  server.RaftServerConfigKeys (ConfUtils.java:logGet(46)) - raft.server.rpc.timeout.min = 150ms (default)
2022-05-19 09:23:53,560 [pool-13-thread-1] INFO  server.RaftServerConfigKeys (ConfUtils.java:logGet(46)) - raft.server.rpc.timeout.max = 300ms (default)
2022-05-19 09:23:53,560 [pool-13-thread-1] INFO  server.RaftServerConfigKeys (ConfUtils.java:logGet(46)) - raft.server.rpc.sleep.time = 25ms (default)
2022-05-19 09:23:53,560 [pool-13-thread-1] INFO  server.RaftServerConfigKeys (ConfUtils.java:logGet(46)) - raft.server.rpc.slowness.timeout = 60s (default)
2022-05-19 09:23:53,560 [pool-13-thread-1] INFO  server.RaftServerConfigKeys (ConfUtils.java:logGet(46)) - raft.server.leaderelection.leader.step-down.wait-time = 10s (default)
2022-05-19 09:23:53,560 [pool-13-thread-1] INFO  server.RaftServerConfigKeys (ConfUtils.java:logGet(46)) - raft.server.sleep.deviation.threshold = 300ms (default)
2022-05-19 09:23:53,560 [pool-13-thread-1] INFO  server.RaftServer$Division (ServerState.java:<init>(107)) - s2@group-79A51F445787: ConfigurationManager, init=-1: [s0|rpc:localhost:40211|admin:localhost:46233|client:localhost:33945|dataStream:localhost:35105|priority:0, s1|rpc:localhost:44147|admin:localhost:36427|client:localhost:44877|dataStream:localhost:40429|priority:0, s2|rpc:localhost:37783|admin:localhost:39335|client:localhost:36947|dataStream:localhost:40251|priority:0], old=null, confs=<EMPTY_MAP>
2022-05-19 09:23:53,560 [pool-13-thread-1] INFO  server.RaftServerConfigKeys (ConfUtils.java:logGet(46)) - raft.server.storage.dir = [/home/runner/work/ratis/ratis/ratis-test/target/test/data/fbdca40e/MiniRaftClusterWithGrpc639795fb/s2] (custom)
2022-05-19 09:23:53,560 [pool-13-thread-1] INFO  server.RaftServerConfigKeys (ConfUtils.java:logGet(46)) - raft.server.log.corruption.policy = EXCEPTION (default)
2022-05-19 09:23:53,560 [pool-13-thread-1] INFO  server.RaftServerConfigKeys (ConfUtils.java:logGet(46)) - raft.server.storage.free-space.min = 0MB (=0) (default)
2022-05-19 09:23:53,560 [pool-13-thread-1] INFO  storage.RaftStorageDirectory (RaftStorageDirectoryImpl.java:analyzeStorage(135)) - The storage directory /home/runner/work/ratis/ratis/ratis-test/target/test/data/fbdca40e/MiniRaftClusterWithGrpc639795fb/s2/18f0c0db-b28e-477a-a7a1-79a51f445787 does not exist. Creating ...
2022-05-19 09:23:53,560 [pool-13-thread-1] TRACE util.FileUtils (LogUtils.java:runAndLog(49)) - Successfully ran Files.createDirectories /home/runner/work/ratis/ratis/ratis-test/target/test/data/fbdca40e/MiniRaftClusterWithGrpc639795fb/s2/18f0c0db-b28e-477a-a7a1-79a51f445787
2022-05-19 09:23:53,561 [pool-11-thread-1] INFO  server.RaftServerConfigKeys (ConfUtils.java:logGet(46)) - raft.server.snapshot.auto.trigger.enabled = true (custom)
2022-05-19 09:23:53,561 [pool-11-thread-1] INFO  server.RaftServerConfigKeys (ConfUtils.java:logGet(46)) - raft.server.snapshot.auto.trigger.threshold = 64 (custom)
2022-05-19 09:23:53,561 [pool-11-thread-1] INFO  server.RaftServerConfigKeys (ConfUtils.java:logGet(46)) - raft.server.snapshot.retention.file.num = -1 (default)
2022-05-19 09:23:53,561 [pool-11-thread-1] INFO  server.RaftServerConfigKeys (ConfUtils.java:logGet(46)) - raft.server.log.purge.upto.snapshot.index = false (default)
2022-05-19 09:23:53,561 [pool-11-thread-1] INFO  server.RaftServerConfigKeys (ConfUtils.java:logGet(46)) - raft.server.retrycache.expirytime = 60s (default)
2022-05-19 09:23:53,561 [pool-11-thread-1] INFO  server.RaftServerConfigKeys (ConfUtils.java:logGet(46)) - raft.server.retrycache.statistics.expirytime = 100μs (default)
2022-05-19 09:23:53,562 [pool-11-thread-1] INFO  server.RaftServerConfigKeys (ConfUtils.java:logGet(46)) - raft.server.log.appender.install.snapshot.enabled = false (custom)
2022-05-19 09:23:53,562 [pool-11-thread-1] INFO  server.RaftServerConfigKeys (ConfUtils.java:logGet(46)) - raft.server.threadpool.server.cached = true (default)
2022-05-19 09:23:53,562 [pool-11-thread-1] INFO  server.RaftServerConfigKeys (ConfUtils.java:logGet(46)) - raft.server.threadpool.server.size = 0 (default)
2022-05-19 09:23:53,562 [pool-11-thread-1] INFO  server.RaftServerConfigKeys (ConfUtils.java:logGet(46)) - raft.server.threadpool.client.cached = true (default)
2022-05-19 09:23:53,563 [pool-11-thread-1] INFO  server.RaftServerConfigKeys (ConfUtils.java:logGet(46)) - raft.server.threadpool.client.size = 0 (default)
2022-05-19 09:23:53,563 [s0-impl-thread1] INFO  server.RaftServer$Division (RaftServerImpl.java:start(310)) - s0@group-79A51F445787: start as a follower, conf=-1: [s0|rpc:localhost:40211|admin:localhost:46233|client:localhost:33945|dataStream:localhost:35105|priority:0, s1|rpc:localhost:44147|admin:localhost:36427|client:localhost:44877|dataStream:localhost:40429|priority:0, s2|rpc:localhost:37783|admin:localhost:39335|client:localhost:36947|dataStream:localhost:40251|priority:0], old=null
2022-05-19 09:23:53,564 [s0-impl-thread1] INFO  server.RaftServer$Division (RaftServerImpl.java:setRole(299)) - s0@group-79A51F445787: changes role from      null to FOLLOWER at term 0 for startAsFollower
2022-05-19 09:23:53,564 [s0-impl-thread1] INFO  impl.RoleInfo (RoleInfo.java:updateAndGet(139)) - s0: start s0@group-79A51F445787-FollowerState
2022-05-19 09:23:53,564 [s0-impl-thread1] INFO  util.JmxRegister (JmxRegister.java:tryRegister(44)) - Successfully registered JMX Bean with object name Ratis:service=RaftServer,group=group-79A51F445787,id=s0
2022-05-19 09:23:53,558 [pool-12-thread-1] TRACE util.FileUtils (LogUtils.java:runAndLog(49)) - Successfully ran Files.createDirectories /home/runner/work/ratis/ratis/ratis-test/target/test/data/fbdca40e/MiniRaftClusterWithGrpc639795fb/s1/18f0c0db-b28e-477a-a7a1-79a51f445787/sm
2022-05-19 09:23:53,568 [Time-limited test] INFO  server.RaftServer (RaftServerProxy.java:lambda$start$6(382)) - s0: start RPC server
2022-05-19 09:23:53,569 [pool-12-thread-1] INFO  storage.RaftStorage (RaftStorageImpl.java:format(89)) - Storage directory /home/runner/work/ratis/ratis/ratis-test/target/test/data/fbdca40e/MiniRaftClusterWithGrpc639795fb/s1/18f0c0db-b28e-477a-a7a1-79a51f445787 has been successfully formatted.
2022-05-19 09:23:53,569 [pool-12-thread-1] INFO  statemachine.SimpleStateMachine4Testing (SimpleStateMachine4Testing.java:initialize(212)) - Initializing StateMachine4InstallSnapshotNotificationTests:uninitialized
2022-05-19 09:23:53,569 [pool-12-thread-1] INFO  statemachine.SimpleStateMachine4Testing (SimpleStateMachine4Testing.java:loadSnapshot(306)) - The snapshot file null does not exist
2022-05-19 09:23:53,568 [pool-13-thread-1] INFO  storage.RaftStorageDirectory (RaftStorageDirectoryImpl.java:tryLock(230)) - Lock on /home/runner/work/ratis/ratis/ratis-test/target/test/data/fbdca40e/MiniRaftClusterWithGrpc639795fb/s2/18f0c0db-b28e-477a-a7a1-79a51f445787/in_use.lock acquired by nodename 1593@fv-az458-614.cxtooap3h1lune4eycoub4ghla.dx.internal.cloudapp.net
2022-05-19 09:23:53,572 [pool-12-thread-1] INFO  server.RaftServerConfigKeys (ConfUtils.java:logGet(46)) - raft.server.notification.no-leader.timeout = 60s (default)
2022-05-19 09:23:53,572 [pool-12-thread-1] INFO  server.RaftServerConfigKeys (ConfUtils.java:logGet(46)) - raft.server.log.use.memory = false (default)
2022-05-19 09:23:53,572 [pool-12-thread-1] INFO  server.RaftServerConfigKeys (ConfUtils.java:logGet(46)) - raft.server.log.purge.gap = 8 (custom)
2022-05-19 09:23:53,572 [pool-13-thread-1] TRACE util.FileUtils (LogUtils.java:runAndLog(49)) - Successfully ran Files.createDirectories /home/runner/work/ratis/ratis/ratis-test/target/test/data/fbdca40e/MiniRaftClusterWithGrpc639795fb/s2/18f0c0db-b28e-477a-a7a1-79a51f445787/current
2022-05-19 09:23:53,573 [pool-13-thread-1] TRACE util.FileUtils (LogUtils.java:runAndLog(49)) - Successfully ran Files.createDirectories /home/runner/work/ratis/ratis/ratis-test/target/test/data/fbdca40e/MiniRaftClusterWithGrpc639795fb/s2/18f0c0db-b28e-477a-a7a1-79a51f445787/sm
2022-05-19 09:23:53,573 [pool-12-thread-1] INFO  server.RaftServerConfigKeys (ConfUtils.java:logGet(46)) - raft.server.log.appender.buffer.byte-limit = 4MB (=4194304) (default)
2022-05-19 09:23:53,573 [pool-12-thread-1] INFO  server.RaftServerConfigKeys (ConfUtils.java:logGet(46)) - raft.server.log.statemachine.data.read.timeout = 1000ms (default)
2022-05-19 09:23:53,573 [pool-12-thread-1] INFO  server.RaftServerConfigKeys (ConfUtils.java:logGet(46)) - raft.server.log.segment.size.max = 1024 (custom)
2022-05-19 09:23:53,573 [pool-12-thread-1] INFO  server.RaftServerConfigKeys (ConfUtils.java:logGet(46)) - raft.server.log.segment.cache.num.max = 6 (default)
2022-05-19 09:23:53,573 [pool-12-thread-1] INFO  server.RaftServerConfigKeys (ConfUtils.java:logGet(46)) - raft.server.log.segment.cache.size.max = 200MB (=209715200) (default)
2022-05-19 09:23:53,574 [pool-12-thread-1] INFO  segmented.SegmentedRaftLogWorker (SegmentedRaftLogWorker.java:<init>(187)) - new s1@group-79A51F445787-SegmentedRaftLogWorker for RaftStorageImpl:Storage Directory /home/runner/work/ratis/ratis/ratis-test/target/test/data/fbdca40e/MiniRaftClusterWithGrpc639795fb/s1/18f0c0db-b28e-477a-a7a1-79a51f445787
2022-05-19 09:23:53,574 [Time-limited test] INFO  server.GrpcService (GrpcService.java:startImpl(260)) - s0: GrpcService started, listening on 40211
2022-05-19 09:23:53,575 [pool-13-thread-1] INFO  storage.RaftStorage (RaftStorageImpl.java:format(89)) - Storage directory /home/runner/work/ratis/ratis/ratis-test/target/test/data/fbdca40e/MiniRaftClusterWithGrpc639795fb/s2/18f0c0db-b28e-477a-a7a1-79a51f445787 has been successfully formatted.
2022-05-19 09:23:53,575 [pool-13-thread-1] INFO  statemachine.SimpleStateMachine4Testing (SimpleStateMachine4Testing.java:initialize(212)) - Initializing StateMachine4InstallSnapshotNotificationTests:uninitialized
2022-05-19 09:23:53,575 [pool-13-thread-1] INFO  statemachine.SimpleStateMachine4Testing (SimpleStateMachine4Testing.java:loadSnapshot(306)) - The snapshot file null does not exist
2022-05-19 09:23:53,575 [pool-13-thread-1] INFO  server.RaftServerConfigKeys (ConfUtils.java:logGet(46)) - raft.server.notification.no-leader.timeout = 60s (default)
2022-05-19 09:23:53,575 [pool-13-thread-1] INFO  server.RaftServerConfigKeys (ConfUtils.java:logGet(46)) - raft.server.log.use.memory = false (default)
2022-05-19 09:23:53,575 [pool-13-thread-1] INFO  server.RaftServerConfigKeys (ConfUtils.java:logGet(46)) - raft.server.log.purge.gap = 8 (custom)
2022-05-19 09:23:53,575 [pool-13-thread-1] INFO  server.RaftServerConfigKeys (ConfUtils.java:logGet(46)) - raft.server.log.appender.buffer.byte-limit = 4MB (=4194304) (default)
2022-05-19 09:23:53,575 [pool-13-thread-1] INFO  server.RaftServerConfigKeys (ConfUtils.java:logGet(46)) - raft.server.log.statemachine.data.read.timeout = 1000ms (default)
2022-05-19 09:23:53,575 [pool-13-thread-1] INFO  server.RaftServerConfigKeys (ConfUtils.java:logGet(46)) - raft.server.log.segment.size.max = 1024 (custom)
2022-05-19 09:23:53,575 [pool-13-thread-1] INFO  server.RaftServerConfigKeys (ConfUtils.java:logGet(46)) - raft.server.log.segment.cache.num.max = 6 (default)
2022-05-19 09:23:53,576 [pool-13-thread-1] INFO  server.RaftServerConfigKeys (ConfUtils.java:logGet(46)) - raft.server.log.segment.cache.size.max = 200MB (=209715200) (default)
2022-05-19 09:23:53,576 [pool-13-thread-1] INFO  segmented.SegmentedRaftLogWorker (SegmentedRaftLogWorker.java:<init>(187)) - new s2@group-79A51F445787-SegmentedRaftLogWorker for RaftStorageImpl:Storage Directory /home/runner/work/ratis/ratis/ratis-test/target/test/data/fbdca40e/MiniRaftClusterWithGrpc639795fb/s2/18f0c0db-b28e-477a-a7a1-79a51f445787
2022-05-19 09:23:53,576 [pool-13-thread-1] INFO  server.RaftServerConfigKeys (ConfUtils.java:logGet(46)) - raft.server.log.queue.byte-limit = 64MB (=67108864) (default)
2022-05-19 09:23:53,576 [pool-13-thread-1] INFO  server.RaftServerConfigKeys (ConfUtils.java:logGet(46)) - raft.server.log.queue.element-limit = 4096 (default)
2022-05-19 09:23:53,576 [pool-13-thread-1] INFO  server.RaftServerConfigKeys (ConfUtils.java:logGet(46)) - raft.server.log.segment.size.max = 1024 (custom)
2022-05-19 09:23:53,576 [pool-13-thread-1] INFO  server.RaftServerConfigKeys (ConfUtils.java:logGet(46)) - raft.server.log.preallocated.size = 4MB (=4194304) (default)
2022-05-19 09:23:53,576 [pool-13-thread-1] INFO  server.RaftServerConfigKeys (ConfUtils.java:logGet(46)) - raft.server.log.force.sync.num = 128 (default)
2022-05-19 09:23:53,576 [pool-13-thread-1] INFO  server.RaftServerConfigKeys (ConfUtils.java:logGet(46)) - raft.server.log.statemachine.data.sync = true (default)
2022-05-19 09:23:53,576 [pool-13-thread-1] INFO  server.RaftServerConfigKeys (ConfUtils.java:logGet(46)) - raft.server.log.statemachine.data.sync.timeout = 10s (default)
2022-05-19 09:23:53,576 [pool-13-thread-1] INFO  server.RaftServerConfigKeys (ConfUtils.java:logGet(46)) - raft.server.log.statemachine.data.sync.timeout.retry = -1 (default)
2022-05-19 09:23:53,576 [pool-13-thread-1] INFO  server.RaftServerConfigKeys (ConfUtils.java:logGet(46)) - raft.server.log.write.buffer.size = 64KB (=65536) (default)
2022-05-19 09:23:53,576 [pool-13-thread-1] INFO  server.RaftServerConfigKeys (ConfUtils.java:logGet(46)) - raft.server.log.unsafe-flush.enabled = false (default)
2022-05-19 09:23:53,576 [pool-13-thread-1] INFO  server.RaftServerConfigKeys (ConfUtils.java:logGet(46)) - raft.server.log.statemachine.data.caching.enabled = false (default)
2022-05-19 09:23:53,576 [pool-13-thread-1] INFO  segmented.SegmentedRaftLogWorker (SegmentedRaftLogWorker.java:lambda$new$0(135)) - s2@group-79A51F445787-SegmentedRaftLogWorker: flushIndex: setUnconditionally 0 -> -1
2022-05-19 09:23:53,577 [pool-13-thread-1] INFO  segmented.SegmentedRaftLogWorker (SegmentedRaftLogWorker.java:lambda$new$0(135)) - s2@group-79A51F445787-SegmentedRaftLogWorker: safeCacheEvictIndex: setUnconditionally 0 -> -1
2022-05-19 09:23:53,577 [pool-12-thread-1] INFO  server.RaftServerConfigKeys (ConfUtils.java:logGet(46)) - raft.server.log.queue.byte-limit = 64MB (=67108864) (default)
2022-05-19 09:23:53,580 [pool-13-thread-1] INFO  server.RaftServerConfigKeys (ConfUtils.java:logGet(46)) - raft.server.snapshot.auto.trigger.enabled = true (custom)
2022-05-19 09:23:53,581 [pool-13-thread-1] INFO  server.RaftServerConfigKeys (ConfUtils.java:logGet(46)) - raft.server.snapshot.auto.trigger.threshold = 64 (custom)
2022-05-19 09:23:53,580 [Time-limited test] INFO  server.GrpcService (GrpcService.java:startImpl(260)) - s0: GrpcService started, listening on 46233
2022-05-19 09:23:53,581 [pool-12-thread-1] INFO  server.RaftServerConfigKeys (ConfUtils.java:logGet(46)) - raft.server.log.queue.element-limit = 4096 (default)
2022-05-19 09:23:53,581 [pool-13-thread-1] INFO  server.RaftServerConfigKeys (ConfUtils.java:logGet(46)) - raft.server.snapshot.retention.file.num = -1 (default)
2022-05-19 09:23:53,582 [pool-13-thread-1] INFO  server.RaftServerConfigKeys (ConfUtils.java:logGet(46)) - raft.server.log.purge.upto.snapshot.index = false (default)
2022-05-19 09:23:53,582 [Time-limited test] INFO  server.GrpcService (GrpcService.java:startImpl(260)) - s0: GrpcService started, listening on 33945
2022-05-19 09:23:53,582 [pool-12-thread-1] INFO  server.RaftServerConfigKeys (ConfUtils.java:logGet(46)) - raft.server.log.segment.size.max = 1024 (custom)
2022-05-19 09:23:53,582 [pool-12-thread-1] INFO  server.RaftServerConfigKeys (ConfUtils.java:logGet(46)) - raft.server.log.preallocated.size = 4MB (=4194304) (default)
2022-05-19 09:23:53,582 [pool-12-thread-1] INFO  server.RaftServerConfigKeys (ConfUtils.java:logGet(46)) - raft.server.log.force.sync.num = 128 (default)
2022-05-19 09:23:53,582 [pool-12-thread-1] INFO  server.RaftServerConfigKeys (ConfUtils.java:logGet(46)) - raft.server.log.statemachine.data.sync = true (default)
2022-05-19 09:23:53,582 [pool-12-thread-1] INFO  server.RaftServerConfigKeys (ConfUtils.java:logGet(46)) - raft.server.log.statemachine.data.sync.timeout = 10s (default)
2022-05-19 09:23:53,582 [pool-12-thread-1] INFO  server.RaftServerConfigKeys (ConfUtils.java:logGet(46)) - raft.server.log.statemachine.data.sync.timeout.retry = -1 (default)
2022-05-19 09:23:53,582 [pool-13-thread-1] INFO  server.RaftServerConfigKeys (ConfUtils.java:logGet(46)) - raft.server.retrycache.expirytime = 60s (default)
2022-05-19 09:23:53,582 [pool-13-thread-1] INFO  server.RaftServerConfigKeys (ConfUtils.java:logGet(46)) - raft.server.retrycache.statistics.expirytime = 100μs (default)
2022-05-19 09:23:53,583 [pool-13-thread-1] INFO  server.RaftServerConfigKeys (ConfUtils.java:logGet(46)) - raft.server.log.appender.install.snapshot.enabled = false (custom)
2022-05-19 09:23:53,583 [pool-13-thread-1] INFO  server.RaftServerConfigKeys (ConfUtils.java:logGet(46)) - raft.server.threadpool.server.cached = true (default)
2022-05-19 09:23:53,583 [pool-13-thread-1] INFO  server.RaftServerConfigKeys (ConfUtils.java:logGet(46)) - raft.server.threadpool.server.size = 0 (default)
2022-05-19 09:23:53,583 [pool-13-thread-1] INFO  server.RaftServerConfigKeys (ConfUtils.java:logGet(46)) - raft.server.threadpool.client.cached = true (default)
2022-05-19 09:23:53,583 [pool-13-thread-1] INFO  server.RaftServerConfigKeys (ConfUtils.java:logGet(46)) - raft.server.threadpool.client.size = 0 (default)
2022-05-19 09:23:53,583 [org.apache.ratis.util.JvmPauseMonitor$$Lambda$262/1487809571@21c8b0a6] INFO  util.JvmPauseMonitor (JvmPauseMonitor.java:run(103)) - JvmPauseMonitor-s0: Started
2022-05-19 09:23:53,584 [pool-12-thread-1] INFO  server.RaftServerConfigKeys (ConfUtils.java:logGet(46)) - raft.server.log.write.buffer.size = 64KB (=65536) (default)
2022-05-19 09:23:53,585 [pool-12-thread-1] INFO  server.RaftServerConfigKeys (ConfUtils.java:logGet(46)) - raft.server.log.unsafe-flush.enabled = false (default)
2022-05-19 09:23:53,585 [pool-12-thread-1] INFO  server.RaftServerConfigKeys (ConfUtils.java:logGet(46)) - raft.server.log.statemachine.data.caching.enabled = false (default)
2022-05-19 09:23:53,585 [pool-12-thread-1] INFO  segmented.SegmentedRaftLogWorker (SegmentedRaftLogWorker.java:lambda$new$0(135)) - s1@group-79A51F445787-SegmentedRaftLogWorker: flushIndex: setUnconditionally 0 -> -1
2022-05-19 09:23:53,585 [pool-12-thread-1] INFO  segmented.SegmentedRaftLogWorker (SegmentedRaftLogWorker.java:lambda$new$0(135)) - s1@group-79A51F445787-SegmentedRaftLogWorker: safeCacheEvictIndex: setUnconditionally 0 -> -1
2022-05-19 09:23:53,585 [pool-12-thread-1] INFO  server.RaftServerConfigKeys (ConfUtils.java:logGet(46)) - raft.server.snapshot.auto.trigger.enabled = true (custom)
2022-05-19 09:23:53,585 [pool-12-thread-1] INFO  server.RaftServerConfigKeys (ConfUtils.java:logGet(46)) - raft.server.snapshot.auto.trigger.threshold = 64 (custom)
2022-05-19 09:23:53,585 [pool-12-thread-1] INFO  server.RaftServerConfigKeys (ConfUtils.java:logGet(46)) - raft.server.snapshot.retention.file.num = -1 (default)
2022-05-19 09:23:53,585 [pool-12-thread-1] INFO  server.RaftServerConfigKeys (ConfUtils.java:logGet(46)) - raft.server.log.purge.upto.snapshot.index = false (default)
2022-05-19 09:23:53,585 [pool-12-thread-1] INFO  server.RaftServerConfigKeys (ConfUtils.java:logGet(46)) - raft.server.retrycache.expirytime = 60s (default)
2022-05-19 09:23:53,585 [pool-12-thread-1] INFO  server.RaftServerConfigKeys (ConfUtils.java:logGet(46)) - raft.server.retrycache.statistics.expirytime = 100μs (default)
2022-05-19 09:23:53,585 [pool-12-thread-1] INFO  server.RaftServerConfigKeys (ConfUtils.java:logGet(46)) - raft.server.log.appender.install.snapshot.enabled = false (custom)
2022-05-19 09:23:53,586 [pool-12-thread-1] INFO  server.RaftServerConfigKeys (ConfUtils.java:logGet(46)) - raft.server.threadpool.server.cached = true (default)
2022-05-19 09:23:53,586 [pool-12-thread-1] INFO  server.RaftServerConfigKeys (ConfUtils.java:logGet(46)) - raft.server.threadpool.server.size = 0 (default)
2022-05-19 09:23:53,586 [pool-12-thread-1] INFO  server.RaftServerConfigKeys (ConfUtils.java:logGet(46)) - raft.server.threadpool.client.cached = true (default)
2022-05-19 09:23:53,586 [pool-12-thread-1] INFO  server.RaftServerConfigKeys (ConfUtils.java:logGet(46)) - raft.server.threadpool.client.size = 0 (default)
2022-05-19 09:23:53,586 [s1-impl-thread1] INFO  server.RaftServer$Division (RaftServerImpl.java:start(310)) - s1@group-79A51F445787: start as a follower, conf=-1: [s0|rpc:localhost:40211|admin:localhost:46233|client:localhost:33945|dataStream:localhost:35105|priority:0, s1|rpc:localhost:44147|admin:localhost:36427|client:localhost:44877|dataStream:localhost:40429|priority:0, s2|rpc:localhost:37783|admin:localhost:39335|client:localhost:36947|dataStream:localhost:40251|priority:0], old=null
2022-05-19 09:23:53,586 [s1-impl-thread1] INFO  server.RaftServer$Division (RaftServerImpl.java:setRole(299)) - s1@group-79A51F445787: changes role from      null to FOLLOWER at term 0 for startAsFollower
2022-05-19 09:23:53,586 [s1-impl-thread1] INFO  impl.RoleInfo (RoleInfo.java:updateAndGet(139)) - s1: start s1@group-79A51F445787-FollowerState
2022-05-19 09:23:53,586 [s1-impl-thread1] INFO  util.JmxRegister (JmxRegister.java:tryRegister(44)) - Successfully registered JMX Bean with object name Ratis:service=RaftServer,group=group-79A51F445787,id=s1
2022-05-19 09:23:53,586 [Time-limited test] INFO  server.RaftServer (RaftServerProxy.java:lambda$start$6(382)) - s1: start RPC server
2022-05-19 09:23:53,589 [Time-limited test] INFO  server.GrpcService (GrpcService.java:startImpl(260)) - s1: GrpcService started, listening on 44147
2022-05-19 09:23:53,590 [Time-limited test] INFO  server.GrpcService (GrpcService.java:startImpl(260)) - s1: GrpcService started, listening on 36427
2022-05-19 09:23:53,591 [Time-limited test] INFO  server.GrpcService (GrpcService.java:startImpl(260)) - s1: GrpcService started, listening on 44877
2022-05-19 09:23:53,591 [s2-impl-thread1] INFO  server.RaftServer$Division (RaftServerImpl.java:start(310)) - s2@group-79A51F445787: start as a follower, conf=-1: [s0|rpc:localhost:40211|admin:localhost:46233|client:localhost:33945|dataStream:localhost:35105|priority:0, s1|rpc:localhost:44147|admin:localhost:36427|client:localhost:44877|dataStream:localhost:40429|priority:0, s2|rpc:localhost:37783|admin:localhost:39335|client:localhost:36947|dataStream:localhost:40251|priority:0], old=null
2022-05-19 09:23:53,591 [s2-impl-thread1] INFO  server.RaftServer$Division (RaftServerImpl.java:setRole(299)) - s2@group-79A51F445787: changes role from      null to FOLLOWER at term 0 for startAsFollower
2022-05-19 09:23:53,592 [s2-impl-thread1] INFO  impl.RoleInfo (RoleInfo.java:updateAndGet(139)) - s2: start s2@group-79A51F445787-FollowerState
2022-05-19 09:23:53,593 [org.apache.ratis.util.JvmPauseMonitor$$Lambda$262/1487809571@397108ac] INFO  util.JvmPauseMonitor (JvmPauseMonitor.java:run(103)) - JvmPauseMonitor-s1: Started
2022-05-19 09:23:53,593 [s2-impl-thread1] INFO  util.JmxRegister (JmxRegister.java:tryRegister(44)) - Successfully registered JMX Bean with object name Ratis:service=RaftServer,group=group-79A51F445787,id=s2
2022-05-19 09:23:53,594 [Time-limited test] INFO  server.RaftServer (RaftServerProxy.java:lambda$start$6(382)) - s2: start RPC server
2022-05-19 09:23:53,596 [Time-limited test] INFO  server.GrpcService (GrpcService.java:startImpl(260)) - s2: GrpcService started, listening on 37783
2022-05-19 09:23:53,602 [Time-limited test] INFO  server.GrpcService (GrpcService.java:startImpl(260)) - s2: GrpcService started, listening on 39335
2022-05-19 09:23:53,603 [Time-limited test] INFO  server.GrpcService (GrpcService.java:startImpl(260)) - s2: GrpcService started, listening on 36947
2022-05-19 09:23:53,605 [org.apache.ratis.util.JvmPauseMonitor$$Lambda$262/1487809571@915b1da] INFO  util.JvmPauseMonitor (JvmPauseMonitor.java:run(103)) - JvmPauseMonitor-s2: Started
2022-05-19 09:23:53,606 [Time-limited test] INFO  server.RaftServerConfigKeys (ConfUtils.java:logGet(46)) - raft.server.rpc.timeout.max = 300ms (default)
2022-05-19 09:23:53,606 [Time-limited test] INFO  ratis.RaftTestUtil (RaftTestUtil.java:waitForLeader(100)) - printing ALL groups
  s0:  RUNNING  FOLLOWER s0@group-79A51F445787:t0, leader=null, voted=, raftlog=s0@group-79A51F445787-SegmentedRaftLog:OPENED:c-1, conf=-1: [s0|rpc:localhost:40211|admin:localhost:46233|client:localhost:33945|dataStream:localhost:35105|priority:0, s1|rpc:localhost:44147|admin:localhost:36427|client:localhost:44877|dataStream:localhost:40429|priority:0, s2|rpc:localhost:37783|admin:localhost:39335|client:localhost:36947|dataStream:localhost:40251|priority:0], old=null RUNNING
  s1:  RUNNING  FOLLOWER s1@group-79A51F445787:t0, leader=null, voted=, raftlog=s1@group-79A51F445787-SegmentedRaftLog:OPENED:c-1, conf=-1: [s0|rpc:localhost:40211|admin:localhost:46233|client:localhost:33945|dataStream:localhost:35105|priority:0, s1|rpc:localhost:44147|admin:localhost:36427|client:localhost:44877|dataStream:localhost:40429|priority:0, s2|rpc:localhost:37783|admin:localhost:39335|client:localhost:36947|dataStream:localhost:40251|priority:0], old=null RUNNING
  s2:  RUNNING  FOLLOWER s2@group-79A51F445787:t0, leader=null, voted=, raftlog=s2@group-79A51F445787-SegmentedRaftLog:OPENED:c-1, conf=-1: [s0|rpc:localhost:40211|admin:localhost:46233|client:localhost:33945|dataStream:localhost:35105|priority:0, s1|rpc:localhost:44147|admin:localhost:36427|client:localhost:44877|dataStream:localhost:40429|priority:0, s2|rpc:localhost:37783|admin:localhost:39335|client:localhost:36947|dataStream:localhost:40251|priority:0], old=null RUNNING
2022-05-19 09:23:53,606 [Time-limited test] WARN  ratis.RaftTestUtil (JavaUtils.java:attempt(172)) - FAILED "waitForLeader-null-(expectLeader? true)", attempt #1/100: java.lang.IllegalStateException: No leader yet : printing ALL groups
  s0:  RUNNING  FOLLOWER s0@group-79A51F445787:t0, leader=null, voted=, raftlog=s0@group-79A51F445787-SegmentedRaftLog:OPENED:c-1, conf=-1: [s0|rpc:localhost:40211|admin:localhost:46233|client:localhost:33945|dataStream:localhost:35105|priority:0, s1|rpc:localhost:44147|admin:localhost:36427|client:localhost:44877|dataStream:localhost:40429|priority:0, s2|rpc:localhost:37783|admin:localhost:39335|client:localhost:36947|dataStream:localhost:40251|priority:0], old=null RUNNING
  s1:  RUNNING  FOLLOWER s1@group-79A51F445787:t0, leader=null, voted=, raftlog=s1@group-79A51F445787-SegmentedRaftLog:OPENED:c-1, conf=-1: [s0|rpc:localhost:40211|admin:localhost:46233|client:localhost:33945|dataStream:localhost:35105|priority:0, s1|rpc:localhost:44147|admin:localhost:36427|client:localhost:44877|dataStream:localhost:40429|priority:0, s2|rpc:localhost:37783|admin:localhost:39335|client:localhost:36947|dataStream:localhost:40251|priority:0], old=null RUNNING
  s2:  RUNNING  FOLLOWER s2@group-79A51F445787:t0, leader=null, voted=, raftlog=s2@group-79A51F445787-SegmentedRaftLog:OPENED:c-1, conf=-1: [s0|rpc:localhost:40211|admin:localhost:46233|client:localhost:33945|dataStream:localhost:35105|priority:0, s1|rpc:localhost:44147|admin:localhost:36427|client:localhost:44877|dataStream:localhost:40429|priority:0, s2|rpc:localhost:37783|admin:localhost:39335|client:localhost:36947|dataStream:localhost:40251|priority:0], old=null RUNNING, sleep 450ms and then retry.
java.lang.IllegalStateException: No leader yet : printing ALL groups
  s0:  RUNNING  FOLLOWER s0@group-79A51F445787:t0, leader=null, voted=, raftlog=s0@group-79A51F445787-SegmentedRaftLog:OPENED:c-1, conf=-1: [s0|rpc:localhost:40211|admin:localhost:46233|client:localhost:33945|dataStream:localhost:35105|priority:0, s1|rpc:localhost:44147|admin:localhost:36427|client:localhost:44877|dataStream:localhost:40429|priority:0, s2|rpc:localhost:37783|admin:localhost:39335|client:localhost:36947|dataStream:localhost:40251|priority:0], old=null RUNNING
  s1:  RUNNING  FOLLOWER s1@group-79A51F445787:t0, leader=null, voted=, raftlog=s1@group-79A51F445787-SegmentedRaftLog:OPENED:c-1, conf=-1: [s0|rpc:localhost:40211|admin:localhost:46233|client:localhost:33945|dataStream:localhost:35105|priority:0, s1|rpc:localhost:44147|admin:localhost:36427|client:localhost:44877|dataStream:localhost:40429|priority:0, s2|rpc:localhost:37783|admin:localhost:39335|client:localhost:36947|dataStream:localhost:40251|priority:0], old=null RUNNING
  s2:  RUNNING  FOLLOWER s2@group-79A51F445787:t0, leader=null, voted=, raftlog=s2@group-79A51F445787-SegmentedRaftLog:OPENED:c-1, conf=-1: [s0|rpc:localhost:40211|admin:localhost:46233|client:localhost:33945|dataStream:localhost:35105|priority:0, s1|rpc:localhost:44147|admin:localhost:36427|client:localhost:44877|dataStream:localhost:40429|priority:0, s2|rpc:localhost:37783|admin:localhost:39335|client:localhost:36947|dataStream:localhost:40251|priority:0], old=null RUNNING
	at org.apache.ratis.server.impl.MiniRaftCluster.newIllegalStateExceptionForNoLeaders(MiniRaftCluster.java:533)
	at org.apache.ratis.RaftTestUtil.lambda$waitForLeader$1(RaftTestUtil.java:104)
	at org.apache.ratis.server.impl.MiniRaftCluster.getLeader(MiniRaftCluster.java:567)
	at org.apache.ratis.server.impl.MiniRaftCluster.getLeader(MiniRaftCluster.java:560)
	at org.apache.ratis.RaftTestUtil.lambda$waitForLeader$3(RaftTestUtil.java:112)
	at org.apache.ratis.util.JavaUtils.attempt(JavaUtils.java:166)
	at org.apache.ratis.util.JavaUtils.attemptRepeatedly(JavaUtils.java:152)
	at org.apache.ratis.RaftTestUtil.waitForLeader(RaftTestUtil.java:111)
	at org.apache.ratis.RaftTestUtil.waitForLeader(RaftTestUtil.java:92)
	at org.apache.ratis.RaftTestUtil.waitForLeader(RaftTestUtil.java:87)
	at org.apache.ratis.InstallSnapshotNotificationTests.testRestartFollower(InstallSnapshotNotificationTests.java:220)
	at org.apache.ratis.server.impl.MiniRaftCluster$Factory$Get.runWithNewCluster(MiniRaftCluster.java:125)
	at org.apache.ratis.server.impl.MiniRaftCluster$Factory$Get.runWithNewCluster(MiniRaftCluster.java:113)
	at org.apache.ratis.InstallSnapshotNotificationTests.testRestartFollower(InstallSnapshotNotificationTests.java:214)
	at sun.reflect.NativeMethodAccessorImpl.invoke0(Native Method)
	at sun.reflect.NativeMethodAccessorImpl.invoke(NativeMethodAccessorImpl.java:62)
	at sun.reflect.DelegatingMethodAccessorImpl.invoke(DelegatingMethodAccessorImpl.java:43)
	at java.lang.reflect.Method.invoke(Method.java:498)
	at org.junit.runners.model.FrameworkMethod$1.runReflectiveCall(FrameworkMethod.java:59)
	at org.junit.internal.runners.model.ReflectiveCallable.run(ReflectiveCallable.java:12)
	at org.junit.runners.model.FrameworkMethod.invokeExplosively(FrameworkMethod.java:56)
	at org.junit.internal.runners.statements.InvokeMethod.evaluate(InvokeMethod.java:17)
	at org.junit.internal.runners.statements.RunAfters.evaluate(RunAfters.java:27)
	at org.junit.internal.runners.statements.FailOnTimeout$CallableStatement.call(FailOnTimeout.java:299)
	at org.junit.internal.runners.statements.FailOnTimeout$CallableStatement.call(FailOnTimeout.java:293)
	at java.util.concurrent.FutureTask.run(FutureTask.java:266)
	at java.lang.Thread.run(Thread.java:750)
2022-05-19 09:23:53,828 [s2@group-79A51F445787-FollowerState] INFO  impl.FollowerState (FollowerState.java:run(143)) - s2@group-79A51F445787-FollowerState: change to CANDIDATE, lastRpcElapsedTime:235992792ns, electionTimeout:235ms
2022-05-19 09:23:53,829 [s2@group-79A51F445787-FollowerState] INFO  impl.RoleInfo (RoleInfo.java:shutdownFollowerState(110)) - s2: shutdown s2@group-79A51F445787-FollowerState
2022-05-19 09:23:53,829 [s2@group-79A51F445787-FollowerState] INFO  server.RaftServer$Division (RaftServerImpl.java:setRole(299)) - s2@group-79A51F445787: changes role from  FOLLOWER to CANDIDATE at term 0 for changeToCandidate
2022-05-19 09:23:53,829 [s2@group-79A51F445787-FollowerState] INFO  server.RaftServerConfigKeys (ConfUtils.java:logGet(46)) - raft.server.leaderelection.pre-vote = true (default)
2022-05-19 09:23:53,829 [s2@group-79A51F445787-FollowerState] INFO  impl.RoleInfo (RoleInfo.java:updateAndGet(139)) - s2: start s2@group-79A51F445787-LeaderElection5
2022-05-19 09:23:53,830 [s2@group-79A51F445787-LeaderElection5] INFO  impl.LeaderElection (LeaderElection.java:askForVotes(310)) - s2@group-79A51F445787-LeaderElection5 PRE_VOTE round 0: submit vote requests at term 0 for -1: [s0|rpc:localhost:40211|admin:localhost:46233|client:localhost:33945|dataStream:localhost:35105|priority:0, s1|rpc:localhost:44147|admin:localhost:36427|client:localhost:44877|dataStream:localhost:40429|priority:0, s2|rpc:localhost:37783|admin:localhost:39335|client:localhost:36947|dataStream:localhost:40251|priority:0], old=null
2022-05-19 09:23:53,837 [grpc-default-executor-4] INFO  server.RaftServer$Division (RaftServerImpl.java:requestVote(1152)) - s0@group-79A51F445787: receive requestVote(PRE_VOTE, s2, group-79A51F445787, 0, (t:0, i:0))
2022-05-19 09:23:53,837 [grpc-default-executor-4] INFO  impl.VoteContext (VoteContext.java:log(48)) - s0@group-79A51F445787-FOLLOWER: accept PRE_VOTE from s2: our priority 0 <= candidate's priority 0
2022-05-19 09:23:53,837 [grpc-default-executor-4] INFO  server.RaftServer$Division (RaftServerImpl.java:requestVote(1184)) - s0@group-79A51F445787 replies to PRE_VOTE vote request: s2<-s0#0:OK-t0. Peer's state: s0@group-79A51F445787:t0, leader=null, voted=, raftlog=s0@group-79A51F445787-SegmentedRaftLog:OPENED:c-1, conf=-1: [s0|rpc:localhost:40211|admin:localhost:46233|client:localhost:33945|dataStream:localhost:35105|priority:0, s1|rpc:localhost:44147|admin:localhost:36427|client:localhost:44877|dataStream:localhost:40429|priority:0, s2|rpc:localhost:37783|admin:localhost:39335|client:localhost:36947|dataStream:localhost:40251|priority:0], old=null
2022-05-19 09:23:53,839 [s2@group-79A51F445787-LeaderElection5] INFO  impl.LeaderElection (LeaderElection.java:logAndReturn(90)) - s2@group-79A51F445787-LeaderElection5: PRE_VOTE PASSED received 1 response(s) and 0 exception(s):
2022-05-19 09:23:53,840 [s2@group-79A51F445787-LeaderElection5] INFO  impl.LeaderElection (LeaderElection.java:logAndReturn(94)) -   Response 0: s2<-s0#0:OK-t0
2022-05-19 09:23:53,840 [s2@group-79A51F445787-LeaderElection5] INFO  impl.LeaderElection (LeaderElection.java:askForVotes(312)) - s2@group-79A51F445787-LeaderElection5 PRE_VOTE round 0: result PASSED
2022-05-19 09:23:53,839 [s1@group-79A51F445787-FollowerState] INFO  impl.FollowerState (FollowerState.java:run(143)) - s1@group-79A51F445787-FollowerState: change to CANDIDATE, lastRpcElapsedTime:253277121ns, electionTimeout:253ms
2022-05-19 09:23:53,840 [s1@group-79A51F445787-FollowerState] INFO  impl.RoleInfo (RoleInfo.java:shutdownFollowerState(110)) - s1: shutdown s1@group-79A51F445787-FollowerState
2022-05-19 09:23:53,840 [s1@group-79A51F445787-FollowerState] INFO  server.RaftServer$Division (RaftServerImpl.java:setRole(299)) - s1@group-79A51F445787: changes role from  FOLLOWER to CANDIDATE at term 0 for changeToCandidate
2022-05-19 09:23:53,840 [s1@group-79A51F445787-FollowerState] INFO  server.RaftServerConfigKeys (ConfUtils.java:logGet(46)) - raft.server.leaderelection.pre-vote = true (default)
2022-05-19 09:23:53,840 [s1@group-79A51F445787-FollowerState] INFO  impl.RoleInfo (RoleInfo.java:updateAndGet(139)) - s1: start s1@group-79A51F445787-LeaderElection6
2022-05-19 09:23:53,842 [s2@group-79A51F445787-LeaderElection5] INFO  impl.LeaderElection (LeaderElection.java:askForVotes(310)) - s2@group-79A51F445787-LeaderElection5 ELECTION round 0: submit vote requests at term 1 for -1: [s0|rpc:localhost:40211|admin:localhost:46233|client:localhost:33945|dataStream:localhost:35105|priority:0, s1|rpc:localhost:44147|admin:localhost:36427|client:localhost:44877|dataStream:localhost:40429|priority:0, s2|rpc:localhost:37783|admin:localhost:39335|client:localhost:36947|dataStream:localhost:40251|priority:0], old=null
2022-05-19 09:23:53,842 [grpc-default-executor-4] INFO  server.RaftServer$Division (RaftServerImpl.java:requestVote(1152)) - s1@group-79A51F445787: receive requestVote(PRE_VOTE, s2, group-79A51F445787, 0, (t:0, i:0))
2022-05-19 09:23:53,847 [grpc-default-executor-4] INFO  impl.VoteContext (VoteContext.java:log(48)) - s1@group-79A51F445787-CANDIDATE: accept PRE_VOTE from s2: our priority 0 <= candidate's priority 0
2022-05-19 09:23:53,847 [grpc-default-executor-4] INFO  server.RaftServer$Division (RaftServerImpl.java:requestVote(1184)) - s1@group-79A51F445787 replies to PRE_VOTE vote request: s2<-s1#0:OK-t0. Peer's state: s1@group-79A51F445787:t0, leader=null, voted=, raftlog=s1@group-79A51F445787-SegmentedRaftLog:OPENED:c-1, conf=-1: [s0|rpc:localhost:40211|admin:localhost:46233|client:localhost:33945|dataStream:localhost:35105|priority:0, s1|rpc:localhost:44147|admin:localhost:36427|client:localhost:44877|dataStream:localhost:40429|priority:0, s2|rpc:localhost:37783|admin:localhost:39335|client:localhost:36947|dataStream:localhost:40251|priority:0], old=null
2022-05-19 09:23:53,849 [s1@group-79A51F445787-LeaderElection6] INFO  impl.LeaderElection (LeaderElection.java:askForVotes(310)) - s1@group-79A51F445787-LeaderElection6 PRE_VOTE round 0: submit vote requests at term 0 for -1: [s0|rpc:localhost:40211|admin:localhost:46233|client:localhost:33945|dataStream:localhost:35105|priority:0, s1|rpc:localhost:44147|admin:localhost:36427|client:localhost:44877|dataStream:localhost:40429|priority:0, s2|rpc:localhost:37783|admin:localhost:39335|client:localhost:36947|dataStream:localhost:40251|priority:0], old=null
2022-05-19 09:23:53,855 [grpc-default-executor-4] INFO  server.RaftServer$Division (RaftServerImpl.java:requestVote(1152)) - s0@group-79A51F445787: receive requestVote(ELECTION, s2, group-79A51F445787, 1, (t:0, i:0))
2022-05-19 09:23:53,855 [grpc-default-executor-4] INFO  impl.VoteContext (VoteContext.java:log(48)) - s0@group-79A51F445787-FOLLOWER: accept ELECTION from s2: our priority 0 <= candidate's priority 0
2022-05-19 09:23:53,855 [grpc-default-executor-4] INFO  server.RaftServer$Division (RaftServerImpl.java:setRole(299)) - s0@group-79A51F445787: changes role from  FOLLOWER to FOLLOWER at term 1 for candidate:s2
2022-05-19 09:23:53,855 [grpc-default-executor-4] INFO  impl.RoleInfo (RoleInfo.java:shutdownFollowerState(110)) - s0: shutdown s0@group-79A51F445787-FollowerState
2022-05-19 09:23:53,855 [grpc-default-executor-4] INFO  impl.RoleInfo (RoleInfo.java:updateAndGet(139)) - s0: start s0@group-79A51F445787-FollowerState
2022-05-19 09:23:53,855 [s0@group-79A51F445787-FollowerState] INFO  impl.FollowerState (FollowerState.java:run(152)) - s0@group-79A51F445787-FollowerState was interrupted
2022-05-19 09:23:53,856 [grpc-default-executor-4] INFO  server.RaftServer$Division (RaftServerImpl.java:requestVote(1184)) - s0@group-79A51F445787 replies to ELECTION vote request: s2<-s0#0:OK-t1. Peer's state: s0@group-79A51F445787:t1, leader=null, voted=s2, raftlog=s0@group-79A51F445787-SegmentedRaftLog:OPENED:c-1, conf=-1: [s0|rpc:localhost:40211|admin:localhost:46233|client:localhost:33945|dataStream:localhost:35105|priority:0, s1|rpc:localhost:44147|admin:localhost:36427|client:localhost:44877|dataStream:localhost:40429|priority:0, s2|rpc:localhost:37783|admin:localhost:39335|client:localhost:36947|dataStream:localhost:40251|priority:0], old=null
2022-05-19 09:23:53,858 [s2@group-79A51F445787-LeaderElection5] INFO  impl.LeaderElection (LeaderElection.java:logAndReturn(90)) - s2@group-79A51F445787-LeaderElection5: ELECTION PASSED received 1 response(s) and 0 exception(s):
2022-05-19 09:23:53,858 [s2@group-79A51F445787-LeaderElection5] INFO  impl.LeaderElection (LeaderElection.java:logAndReturn(94)) -   Response 0: s2<-s0#0:OK-t1
2022-05-19 09:23:53,858 [s2@group-79A51F445787-LeaderElection5] INFO  impl.LeaderElection (LeaderElection.java:askForVotes(312)) - s2@group-79A51F445787-LeaderElection5 ELECTION round 0: result PASSED
2022-05-19 09:23:53,858 [s2@group-79A51F445787-LeaderElection5] INFO  impl.RoleInfo (RoleInfo.java:shutdownLeaderElection(130)) - s2: shutdown s2@group-79A51F445787-LeaderElection5
2022-05-19 09:23:53,858 [s2@group-79A51F445787-LeaderElection5] INFO  server.RaftServer$Division (RaftServerImpl.java:setRole(299)) - s2@group-79A51F445787: changes role from CANDIDATE to LEADER at term 1 for changeToLeader
2022-05-19 09:23:53,858 [s2@group-79A51F445787-LeaderElection5] INFO  server.RaftServer$Division (ServerState.java:setLeader(287)) - s2@group-79A51F445787: change Leader from null to s2 at term 1 for becomeLeader, leader elected after 282ms
2022-05-19 09:23:53,858 [s2@group-79A51F445787-LeaderElection5] INFO  server.RaftServerConfigKeys (ConfUtils.java:logGet(46)) - raft.server.staging.catchup.gap = 1000 (default)
2022-05-19 09:23:53,858 [s2@group-79A51F445787-LeaderElection5] INFO  server.RaftServerConfigKeys (ConfUtils.java:logGet(46)) - raft.server.write.element-limit = 4096 (default)
2022-05-19 09:23:53,858 [s2@group-79A51F445787-LeaderElection5] INFO  server.RaftServerConfigKeys (ConfUtils.java:logGet(46)) - raft.server.write.byte-limit = 64MB (=67108864) (default)
2022-05-19 09:23:53,858 [s2@group-79A51F445787-LeaderElection5] INFO  server.RaftServerConfigKeys (ConfUtils.java:logGet(46)) - raft.server.watch.timeout = 10s (default)
2022-05-19 09:23:53,858 [s2@group-79A51F445787-LeaderElection5] INFO  server.RaftServerConfigKeys (ConfUtils.java:logGet(46)) - raft.server.watch.timeout.denomination = 1s (default)
2022-05-19 09:23:53,858 [s2@group-79A51F445787-LeaderElection5] INFO  server.RaftServerConfigKeys (ConfUtils.java:logGet(46)) - raft.server.watch.element-limit = 65536 (default)
2022-05-19 09:23:53,858 [s2@group-79A51F445787-LeaderElection5] INFO  server.RaftServerConfigKeys (ConfUtils.java:logGet(46)) - raft.server.write.element-limit = 4096 (default)
2022-05-19 09:23:53,858 [s2@group-79A51F445787-LeaderElection5] INFO  server.RaftServerConfigKeys (ConfUtils.java:logGet(46)) - raft.server.write.follower.gap.ratio.max = -1.0 (default)
2022-05-19 09:23:53,859 [s2@group-79A51F445787-LeaderElection5] INFO  server.RaftServerConfigKeys (ConfUtils.java:logGet(46)) - raft.server.log.appender.snapshot.chunk.size.max = 16MB (=16777216) (default)
2022-05-19 09:23:53,859 [s2@group-79A51F445787-LeaderElection5] INFO  server.RaftServerConfigKeys (ConfUtils.java:logGet(46)) - raft.server.log.appender.buffer.byte-limit = 4MB (=4194304) (default)
2022-05-19 09:23:53,859 [s2@group-79A51F445787-LeaderElection5] INFO  server.RaftServerConfigKeys (ConfUtils.java:logGet(46)) - raft.server.log.appender.buffer.element-limit = 0 (default)
2022-05-19 09:23:53,859 [s2@group-79A51F445787-LeaderElection5] INFO  grpc.GrpcConfigKeys (ConfUtils.java:logGet(46)) - raft.grpc.server.leader.outstanding.appends.max = 128 (default)
2022-05-19 09:23:53,859 [s2@group-79A51F445787-LeaderElection5] INFO  server.RaftServerConfigKeys (ConfUtils.java:logGet(46)) - raft.server.rpc.request.timeout = 3000ms (default)
2022-05-19 09:23:53,859 [s2@group-79A51F445787-LeaderElection5] INFO  server.RaftServerConfigKeys (ConfUtils.java:logGet(46)) - raft.server.log.appender.install.snapshot.enabled = false (custom)
2022-05-19 09:23:53,859 [s2@group-79A51F445787-LeaderElection5] INFO  server.RaftServerConfigKeys (ConfUtils.java:logGet(46)) - raft.server.log.appender.snapshot.chunk.size.max = 16MB (=16777216) (default)
2022-05-19 09:23:53,859 [s2@group-79A51F445787-LeaderElection5] INFO  server.RaftServerConfigKeys (ConfUtils.java:logGet(46)) - raft.server.log.appender.buffer.byte-limit = 4MB (=4194304) (default)
2022-05-19 09:23:53,859 [s2@group-79A51F445787-LeaderElection5] INFO  server.RaftServerConfigKeys (ConfUtils.java:logGet(46)) - raft.server.log.appender.buffer.element-limit = 0 (default)
2022-05-19 09:23:53,859 [s2@group-79A51F445787-LeaderElection5] INFO  grpc.GrpcConfigKeys (ConfUtils.java:logGet(46)) - raft.grpc.server.leader.outstanding.appends.max = 128 (default)
2022-05-19 09:23:53,859 [s2@group-79A51F445787-LeaderElection5] INFO  server.RaftServerConfigKeys (ConfUtils.java:logGet(46)) - raft.server.rpc.request.timeout = 3000ms (default)
2022-05-19 09:23:53,859 [s2@group-79A51F445787-LeaderElection5] INFO  server.RaftServerConfigKeys (ConfUtils.java:logGet(46)) - raft.server.log.appender.install.snapshot.enabled = false (custom)
2022-05-19 09:23:53,860 [s2@group-79A51F445787-LeaderElection5] INFO  impl.RoleInfo (RoleInfo.java:updateAndGet(139)) - s2: start s2@group-79A51F445787-LeaderStateImpl
2022-05-19 09:23:53,860 [s2@group-79A51F445787-LeaderElection5] DEBUG raftlog.RaftLog (SegmentedRaftLog.java:appendImpl(447)) - truncateIndex=-1, arrayIndex=0
2022-05-19 09:23:53,860 [s2@group-79A51F445787-LeaderElection5] INFO  segmented.SegmentedRaftLogWorker (SegmentedRaftLogWorker.java:startLogSegment(425)) - s2@group-79A51F445787-SegmentedRaftLogWorker: Starting segment from index:0
2022-05-19 09:23:53,862 [s2@group-79A51F445787-SegmentedRaftLogWorker] INFO  segmented.SegmentedRaftLogWorker (SegmentedRaftLogWorker.java:execute(629)) - s2@group-79A51F445787-SegmentedRaftLogWorker: created new log segment /home/runner/work/ratis/ratis/ratis-test/target/test/data/fbdca40e/MiniRaftClusterWithGrpc639795fb/s2/18f0c0db-b28e-477a-a7a1-79a51f445787/current/log_inprogress_0
2022-05-19 09:23:53,863 [grpc-default-executor-4] INFO  server.RaftServer$Division (RaftServerImpl.java:requestVote(1152)) - s1@group-79A51F445787: receive requestVote(ELECTION, s2, group-79A51F445787, 1, (t:0, i:0))
2022-05-19 09:23:53,863 [grpc-default-executor-4] INFO  impl.VoteContext (VoteContext.java:log(48)) - s1@group-79A51F445787-CANDIDATE: accept ELECTION from s2: our priority 0 <= candidate's priority 0
2022-05-19 09:23:53,864 [grpc-default-executor-4] INFO  server.RaftServer$Division (RaftServerImpl.java:setRole(299)) - s1@group-79A51F445787: changes role from CANDIDATE to FOLLOWER at term 1 for candidate:s2
2022-05-19 09:23:53,864 [grpc-default-executor-4] INFO  impl.RoleInfo (RoleInfo.java:shutdownLeaderElection(130)) - s1: shutdown s1@group-79A51F445787-LeaderElection6
2022-05-19 09:23:53,876 [grpc-default-executor-4] INFO  impl.RoleInfo (RoleInfo.java:updateAndGet(139)) - s1: start s1@group-79A51F445787-FollowerState
2022-05-19 09:23:53,878 [s2@group-79A51F445787-LeaderElection5] INFO  server.RaftServer$Division (ServerState.java:setRaftConf(393)) - s2@group-79A51F445787: set configuration 0: [s0|rpc:localhost:40211|admin:localhost:46233|client:localhost:33945|dataStream:localhost:35105|priority:0, s1|rpc:localhost:44147|admin:localhost:36427|client:localhost:44877|dataStream:localhost:40429|priority:0, s2|rpc:localhost:37783|admin:localhost:39335|client:localhost:36947|dataStream:localhost:40251|priority:0], old=null
2022-05-19 09:23:53,879 [grpc-default-executor-4] INFO  server.RaftServer$Division (RaftServerImpl.java:requestVote(1184)) - s1@group-79A51F445787 replies to ELECTION vote request: s2<-s1#0:OK-t1. Peer's state: s1@group-79A51F445787:t1, leader=null, voted=s2, raftlog=s1@group-79A51F445787-SegmentedRaftLog:OPENED:c-1, conf=-1: [s0|rpc:localhost:40211|admin:localhost:46233|client:localhost:33945|dataStream:localhost:35105|priority:0, s1|rpc:localhost:44147|admin:localhost:36427|client:localhost:44877|dataStream:localhost:40429|priority:0, s2|rpc:localhost:37783|admin:localhost:39335|client:localhost:36947|dataStream:localhost:40251|priority:0], old=null
2022-05-19 09:23:53,879 [s1-server-thread1] INFO  server.RaftServer$Division (ServerState.java:setLeader(287)) - s1@group-79A51F445787: change Leader from null to s2 at term 1 for appendEntries, leader elected after 306ms
2022-05-19 09:23:53,880 [s0-server-thread1] INFO  server.RaftServer$Division (ServerState.java:setLeader(287)) - s0@group-79A51F445787: change Leader from null to s2 at term 1 for appendEntries, leader elected after 323ms
2022-05-19 09:23:53,883 [grpc-default-executor-4] INFO  server.RaftServer$Division (RaftServerImpl.java:requestVote(1152)) - s0@group-79A51F445787: receive requestVote(PRE_VOTE, s1, group-79A51F445787, 0, (t:0, i:0))
2022-05-19 09:23:53,884 [s1-server-thread1] INFO  server.RaftServer$Division (ServerState.java:setRaftConf(393)) - s1@group-79A51F445787: set configuration 0: [s0|rpc:localhost:40211|admin:localhost:46233|client:localhost:33945|dataStream:localhost:35105|priority:0, s1|rpc:localhost:44147|admin:localhost:36427|client:localhost:44877|dataStream:localhost:40429|priority:0, s2|rpc:localhost:37783|admin:localhost:39335|client:localhost:36947|dataStream:localhost:40251|priority:0], old=null
2022-05-19 09:23:53,884 [s1-server-thread1] DEBUG raftlog.RaftLog (SegmentedRaftLog.java:appendImpl(447)) - truncateIndex=-1, arrayIndex=0
2022-05-19 09:23:53,884 [s1-server-thread1] INFO  segmented.SegmentedRaftLogWorker (SegmentedRaftLogWorker.java:startLogSegment(425)) - s1@group-79A51F445787-SegmentedRaftLogWorker: Starting segment from index:0
2022-05-19 09:23:53,885 [grpc-default-executor-3] INFO  server.RaftServer$Division (RaftServerImpl.java:requestVote(1152)) - s2@group-79A51F445787: receive requestVote(PRE_VOTE, s1, group-79A51F445787, 0, (t:0, i:0))
2022-05-19 09:23:53,885 [s1@group-79A51F445787-SegmentedRaftLogWorker] INFO  segmented.SegmentedRaftLogWorker (SegmentedRaftLogWorker.java:execute(629)) - s1@group-79A51F445787-SegmentedRaftLogWorker: created new log segment /home/runner/work/ratis/ratis/ratis-test/target/test/data/fbdca40e/MiniRaftClusterWithGrpc639795fb/s1/18f0c0db-b28e-477a-a7a1-79a51f445787/current/log_inprogress_0
2022-05-19 09:23:53,885 [grpc-default-executor-4] INFO  impl.VoteContext (VoteContext.java:log(48)) - s0@group-79A51F445787-FOLLOWER: reject PRE_VOTE from s1: this server is a follower and still has a valid leader s2
2022-05-19 09:23:53,886 [grpc-default-executor-4] INFO  server.RaftServer$Division (RaftServerImpl.java:requestVote(1184)) - s0@group-79A51F445787 replies to PRE_VOTE vote request: s1<-s0#0:FAIL-t1. Peer's state: s0@group-79A51F445787:t1, leader=s2, voted=s2, raftlog=s0@group-79A51F445787-SegmentedRaftLog:OPENED:c-1, conf=-1: [s0|rpc:localhost:40211|admin:localhost:46233|client:localhost:33945|dataStream:localhost:35105|priority:0, s1|rpc:localhost:44147|admin:localhost:36427|client:localhost:44877|dataStream:localhost:40429|priority:0, s2|rpc:localhost:37783|admin:localhost:39335|client:localhost:36947|dataStream:localhost:40251|priority:0], old=null
2022-05-19 09:23:53,886 [grpc-default-executor-3] INFO  impl.VoteContext (VoteContext.java:log(48)) - s2@group-79A51F445787-LEADER: reject PRE_VOTE from s1: this server is the leader and still has leadership
2022-05-19 09:23:53,886 [grpc-default-executor-3] INFO  server.RaftServer$Division (RaftServerImpl.java:requestVote(1184)) - s2@group-79A51F445787 replies to PRE_VOTE vote request: s1<-s2#0:FAIL-t1. Peer's state: s2@group-79A51F445787:t1, leader=s2, voted=s2, raftlog=s2@group-79A51F445787-SegmentedRaftLog:OPENED:c0, conf=0: [s0|rpc:localhost:40211|admin:localhost:46233|client:localhost:33945|dataStream:localhost:35105|priority:0, s1|rpc:localhost:44147|admin:localhost:36427|client:localhost:44877|dataStream:localhost:40429|priority:0, s2|rpc:localhost:37783|admin:localhost:39335|client:localhost:36947|dataStream:localhost:40251|priority:0], old=null
2022-05-19 09:23:53,893 [s1@group-79A51F445787-LeaderElection6] INFO  impl.LeaderElection (LeaderElection.java:logAndReturn(90)) - s1@group-79A51F445787-LeaderElection6: PRE_VOTE DISCOVERED_A_NEW_TERM (term=1) received 1 response(s) and 0 exception(s):
2022-05-19 09:23:53,893 [s1@group-79A51F445787-LeaderElection6] INFO  impl.LeaderElection (LeaderElection.java:logAndReturn(94)) -   Response 0: s1<-s0#0:FAIL-t1
2022-05-19 09:23:53,893 [s1@group-79A51F445787-LeaderElection6] INFO  impl.LeaderElection (LeaderElection.java:askForVotes(312)) - s1@group-79A51F445787-LeaderElection6 PRE_VOTE round 0: result DISCOVERED_A_NEW_TERM (term=1)
2022-05-19 09:23:53,894 [s0-server-thread1] INFO  server.RaftServer$Division (ServerState.java:setRaftConf(393)) - s0@group-79A51F445787: set configuration 0: [s0|rpc:localhost:40211|admin:localhost:46233|client:localhost:33945|dataStream:localhost:35105|priority:0, s1|rpc:localhost:44147|admin:localhost:36427|client:localhost:44877|dataStream:localhost:40429|priority:0, s2|rpc:localhost:37783|admin:localhost:39335|client:localhost:36947|dataStream:localhost:40251|priority:0], old=null
2022-05-19 09:23:53,894 [s0-server-thread1] DEBUG raftlog.RaftLog (SegmentedRaftLog.java:appendImpl(447)) - truncateIndex=-1, arrayIndex=0
2022-05-19 09:23:53,894 [s0-server-thread1] INFO  segmented.SegmentedRaftLogWorker (SegmentedRaftLogWorker.java:startLogSegment(425)) - s0@group-79A51F445787-SegmentedRaftLogWorker: Starting segment from index:0
2022-05-19 09:23:53,897 [s0@group-79A51F445787-SegmentedRaftLogWorker] INFO  segmented.SegmentedRaftLogWorker (SegmentedRaftLogWorker.java:execute(629)) - s0@group-79A51F445787-SegmentedRaftLogWorker: created new log segment /home/runner/work/ratis/ratis/ratis-test/target/test/data/fbdca40e/MiniRaftClusterWithGrpc639795fb/s0/18f0c0db-b28e-477a-a7a1-79a51f445787/current/log_inprogress_0
2022-05-19 09:23:54,057 [Time-limited test] INFO  ratis.RaftTestUtil (RaftTestUtil.java:waitForLeader(119)) - printing ALL groups
  s0:  RUNNING  FOLLOWER s0@group-79A51F445787:t1, leader=s2, voted=s2, raftlog=s0@group-79A51F445787-SegmentedRaftLog:OPENED:c0, conf=0: [s0|rpc:localhost:40211|admin:localhost:46233|client:localhost:33945|dataStream:localhost:35105|priority:0, s1|rpc:localhost:44147|admin:localhost:36427|client:localhost:44877|dataStream:localhost:40429|priority:0, s2|rpc:localhost:37783|admin:localhost:39335|client:localhost:36947|dataStream:localhost:40251|priority:0], old=null RUNNING
  s1:  RUNNING  FOLLOWER s1@group-79A51F445787:t1, leader=s2, voted=s2, raftlog=s1@group-79A51F445787-SegmentedRaftLog:OPENED:c0, conf=0: [s0|rpc:localhost:40211|admin:localhost:46233|client:localhost:33945|dataStream:localhost:35105|priority:0, s1|rpc:localhost:44147|admin:localhost:36427|client:localhost:44877|dataStream:localhost:40429|priority:0, s2|rpc:localhost:37783|admin:localhost:39335|client:localhost:36947|dataStream:localhost:40251|priority:0], old=null RUNNING
  s2:  RUNNING    LEADER s2@group-79A51F445787:t1, leader=s2, voted=s2, raftlog=s2@group-79A51F445787-SegmentedRaftLog:OPENED:c0, conf=0: [s0|rpc:localhost:40211|admin:localhost:46233|client:localhost:33945|dataStream:localhost:35105|priority:0, s1|rpc:localhost:44147|admin:localhost:36427|client:localhost:44877|dataStream:localhost:40429|priority:0, s2|rpc:localhost:37783|admin:localhost:39335|client:localhost:36947|dataStream:localhost:40251|priority:0], old=null RUNNING
2022-05-19 09:23:54,074 [s1-server-thread1] DEBUG raftlog.RaftLog (SegmentedRaftLog.java:appendImpl(447)) - truncateIndex=-1, arrayIndex=0
2022-05-19 09:23:54,074 [s0-server-thread1] DEBUG raftlog.RaftLog (SegmentedRaftLog.java:appendImpl(447)) - truncateIndex=-1, arrayIndex=0
2022-05-19 09:23:54,077 [s2@group-79A51F445787-StateMachineUpdater] INFO  statemachine.SimpleStateMachine4Testing (SimpleStateMachine4Testing.java:put(204)) - s2: put 1, m0 -> (t:1, i:1), STATEMACHINELOGENTRY, 257@client-F7203670E756
2022-05-19 09:23:54,078 [s1-server-thread1] DEBUG raftlog.RaftLog (SegmentedRaftLog.java:appendImpl(447)) - truncateIndex=-1, arrayIndex=0
2022-05-19 09:23:54,080 [s0-server-thread1] DEBUG raftlog.RaftLog (SegmentedRaftLog.java:appendImpl(447)) - truncateIndex=-1, arrayIndex=0
2022-05-19 09:23:54,087 [s0@group-79A51F445787-StateMachineUpdater] INFO  statemachine.SimpleStateMachine4Testing (SimpleStateMachine4Testing.java:put(204)) - s0: put 1, m0 -> (t:1, i:1), STATEMACHINELOGENTRY, 257@client-F7203670E756
2022-05-19 09:23:54,088 [s1@group-79A51F445787-StateMachineUpdater] INFO  statemachine.SimpleStateMachine4Testing (SimpleStateMachine4Testing.java:put(204)) - s1: put 1, m0 -> (t:1, i:1), STATEMACHINELOGENTRY, 257@client-F7203670E756
2022-05-19 09:23:54,089 [s0-server-thread1] DEBUG raftlog.RaftLog (SegmentedRaftLog.java:appendImpl(447)) - truncateIndex=-1, arrayIndex=0
2022-05-19 09:23:54,089 [s1-server-thread1] DEBUG raftlog.RaftLog (SegmentedRaftLog.java:appendImpl(447)) - truncateIndex=-1, arrayIndex=0
2022-05-19 09:23:54,092 [s2@group-79A51F445787-StateMachineUpdater] INFO  statemachine.SimpleStateMachine4Testing (SimpleStateMachine4Testing.java:put(204)) - s2: put 3, m1 -> (t:1, i:3), STATEMACHINELOGENTRY, 258@client-F7203670E756
2022-05-19 09:23:54,093 [s1-server-thread1] DEBUG raftlog.RaftLog (SegmentedRaftLog.java:appendImpl(447)) - truncateIndex=-1, arrayIndex=0
2022-05-19 09:23:54,094 [s0-server-thread1] DEBUG raftlog.RaftLog (SegmentedRaftLog.java:appendImpl(447)) - truncateIndex=-1, arrayIndex=0
2022-05-19 09:23:54,095 [s1@group-79A51F445787-StateMachineUpdater] INFO  statemachine.SimpleStateMachine4Testing (SimpleStateMachine4Testing.java:put(204)) - s1: put 3, m1 -> (t:1, i:3), STATEMACHINELOGENTRY, 258@client-F7203670E756
2022-05-19 09:23:54,095 [s0-server-thread1] DEBUG raftlog.RaftLog (SegmentedRaftLog.java:appendImpl(447)) - truncateIndex=-1, arrayIndex=0
2022-05-19 09:23:54,096 [s1-server-thread1] DEBUG raftlog.RaftLog (SegmentedRaftLog.java:appendImpl(447)) - truncateIndex=-1, arrayIndex=0
2022-05-19 09:23:54,098 [s0@group-79A51F445787-StateMachineUpdater] INFO  statemachine.SimpleStateMachine4Testing (SimpleStateMachine4Testing.java:put(204)) - s0: put 3, m1 -> (t:1, i:3), STATEMACHINELOGENTRY, 258@client-F7203670E756
2022-05-19 09:23:54,100 [s2@group-79A51F445787-StateMachineUpdater] INFO  statemachine.SimpleStateMachine4Testing (SimpleStateMachine4Testing.java:put(204)) - s2: put 5, m2 -> (t:1, i:5), STATEMACHINELOGENTRY, 259@client-F7203670E756
2022-05-19 09:23:54,103 [s1-server-thread1] DEBUG raftlog.RaftLog (SegmentedRaftLog.java:appendImpl(447)) - truncateIndex=-1, arrayIndex=0
2022-05-19 09:23:54,105 [s0-server-thread1] DEBUG raftlog.RaftLog (SegmentedRaftLog.java:appendImpl(447)) - truncateIndex=-1, arrayIndex=0
2022-05-19 09:23:54,106 [s1-server-thread1] DEBUG raftlog.RaftLog (SegmentedRaftLog.java:appendImpl(447)) - truncateIndex=-1, arrayIndex=0
2022-05-19 09:23:54,108 [s0-server-thread1] DEBUG raftlog.RaftLog (SegmentedRaftLog.java:appendImpl(447)) - truncateIndex=-1, arrayIndex=0
2022-05-19 09:23:54,113 [s1@group-79A51F445787-StateMachineUpdater] INFO  statemachine.SimpleStateMachine4Testing (SimpleStateMachine4Testing.java:put(204)) - s1: put 5, m2 -> (t:1, i:5), STATEMACHINELOGENTRY, 259@client-F7203670E756
2022-05-19 09:23:54,116 [s0@group-79A51F445787-StateMachineUpdater] INFO  statemachine.SimpleStateMachine4Testing (SimpleStateMachine4Testing.java:put(204)) - s0: put 5, m2 -> (t:1, i:5), STATEMACHINELOGENTRY, 259@client-F7203670E756
2022-05-19 09:23:54,116 [s2@group-79A51F445787-StateMachineUpdater] INFO  statemachine.SimpleStateMachine4Testing (SimpleStateMachine4Testing.java:put(204)) - s2: put 7, m3 -> (t:1, i:7), STATEMACHINELOGENTRY, 260@client-F7203670E756
2022-05-19 09:23:54,119 [s0-server-thread1] DEBUG raftlog.RaftLog (SegmentedRaftLog.java:appendImpl(447)) - truncateIndex=-1, arrayIndex=0
2022-05-19 09:23:54,119 [s1-server-thread1] DEBUG raftlog.RaftLog (SegmentedRaftLog.java:appendImpl(447)) - truncateIndex=-1, arrayIndex=0
2022-05-19 09:23:54,122 [s0-server-thread1] DEBUG raftlog.RaftLog (SegmentedRaftLog.java:appendImpl(447)) - truncateIndex=-1, arrayIndex=0
2022-05-19 09:23:54,122 [s1-server-thread1] DEBUG raftlog.RaftLog (SegmentedRaftLog.java:appendImpl(447)) - truncateIndex=-1, arrayIndex=0
2022-05-19 09:23:54,125 [s1@group-79A51F445787-StateMachineUpdater] INFO  statemachine.SimpleStateMachine4Testing (SimpleStateMachine4Testing.java:put(204)) - s1: put 7, m3 -> (t:1, i:7), STATEMACHINELOGENTRY, 260@client-F7203670E756
2022-05-19 09:23:54,127 [s2@group-79A51F445787-StateMachineUpdater] INFO  statemachine.SimpleStateMachine4Testing (SimpleStateMachine4Testing.java:put(204)) - s2: put 9, m4 -> (t:1, i:9), STATEMACHINELOGENTRY, 261@client-F7203670E756
2022-05-19 09:23:54,128 [s0@group-79A51F445787-StateMachineUpdater] INFO  statemachine.SimpleStateMachine4Testing (SimpleStateMachine4Testing.java:put(204)) - s0: put 7, m3 -> (t:1, i:7), STATEMACHINELOGENTRY, 260@client-F7203670E756
2022-05-19 09:23:54,128 [s1-server-thread1] DEBUG raftlog.RaftLog (SegmentedRaftLog.java:appendImpl(447)) - truncateIndex=-1, arrayIndex=0
2022-05-19 09:23:54,129 [s0-server-thread1] DEBUG raftlog.RaftLog (SegmentedRaftLog.java:appendImpl(447)) - truncateIndex=-1, arrayIndex=0
2022-05-19 09:23:54,130 [s1-server-thread1] DEBUG raftlog.RaftLog (SegmentedRaftLog.java:appendImpl(447)) - truncateIndex=-1, arrayIndex=0
2022-05-19 09:23:54,130 [s0-server-thread1] DEBUG raftlog.RaftLog (SegmentedRaftLog.java:appendImpl(447)) - truncateIndex=-1, arrayIndex=0
2022-05-19 09:23:54,131 [s1@group-79A51F445787-StateMachineUpdater] INFO  statemachine.SimpleStateMachine4Testing (SimpleStateMachine4Testing.java:put(204)) - s1: put 9, m4 -> (t:1, i:9), STATEMACHINELOGENTRY, 261@client-F7203670E756
2022-05-19 09:23:54,131 [s0@group-79A51F445787-StateMachineUpdater] INFO  statemachine.SimpleStateMachine4Testing (SimpleStateMachine4Testing.java:put(204)) - s0: put 9, m4 -> (t:1, i:9), STATEMACHINELOGENTRY, 261@client-F7203670E756
2022-05-19 09:23:54,133 [s2@group-79A51F445787-StateMachineUpdater] INFO  statemachine.SimpleStateMachine4Testing (SimpleStateMachine4Testing.java:put(204)) - s2: put 11, m5 -> (t:1, i:11), STATEMACHINELOGENTRY, 262@client-F7203670E756
2022-05-19 09:23:54,134 [s0-server-thread1] DEBUG raftlog.RaftLog (SegmentedRaftLog.java:appendImpl(447)) - truncateIndex=-1, arrayIndex=0
2022-05-19 09:23:54,136 [s1-server-thread1] DEBUG raftlog.RaftLog (SegmentedRaftLog.java:appendImpl(447)) - truncateIndex=-1, arrayIndex=0
2022-05-19 09:23:54,136 [s0-server-thread1] DEBUG raftlog.RaftLog (SegmentedRaftLog.java:appendImpl(447)) - truncateIndex=-1, arrayIndex=0
2022-05-19 09:23:54,137 [s1-server-thread1] DEBUG raftlog.RaftLog (SegmentedRaftLog.java:appendImpl(447)) - truncateIndex=-1, arrayIndex=0
2022-05-19 09:23:54,141 [s1@group-79A51F445787-StateMachineUpdater] INFO  statemachine.SimpleStateMachine4Testing (SimpleStateMachine4Testing.java:put(204)) - s1: put 11, m5 -> (t:1, i:11), STATEMACHINELOGENTRY, 262@client-F7203670E756
2022-05-19 09:23:54,143 [s0@group-79A51F445787-StateMachineUpdater] INFO  statemachine.SimpleStateMachine4Testing (SimpleStateMachine4Testing.java:put(204)) - s0: put 11, m5 -> (t:1, i:11), STATEMACHINELOGENTRY, 262@client-F7203670E756
2022-05-19 09:23:54,144 [s2@group-79A51F445787-StateMachineUpdater] INFO  statemachine.SimpleStateMachine4Testing (SimpleStateMachine4Testing.java:put(204)) - s2: put 13, m6 -> (t:1, i:13), STATEMACHINELOGENTRY, 263@client-F7203670E756
2022-05-19 09:23:54,145 [s0-server-thread1] DEBUG raftlog.RaftLog (SegmentedRaftLog.java:appendImpl(447)) - truncateIndex=-1, arrayIndex=0
2022-05-19 09:23:54,146 [s1-server-thread1] DEBUG raftlog.RaftLog (SegmentedRaftLog.java:appendImpl(447)) - truncateIndex=-1, arrayIndex=0
2022-05-19 09:23:54,147 [s0@group-79A51F445787-StateMachineUpdater] INFO  statemachine.SimpleStateMachine4Testing (SimpleStateMachine4Testing.java:put(204)) - s0: put 13, m6 -> (t:1, i:13), STATEMACHINELOGENTRY, 263@client-F7203670E756
2022-05-19 09:23:54,148 [s1-server-thread1] DEBUG raftlog.RaftLog (SegmentedRaftLog.java:appendImpl(447)) - truncateIndex=-1, arrayIndex=0
2022-05-19 09:23:54,148 [s0-server-thread1] DEBUG raftlog.RaftLog (SegmentedRaftLog.java:appendImpl(447)) - truncateIndex=-1, arrayIndex=0
2022-05-19 09:23:54,149 [s1@group-79A51F445787-StateMachineUpdater] INFO  statemachine.SimpleStateMachine4Testing (SimpleStateMachine4Testing.java:put(204)) - s1: put 13, m6 -> (t:1, i:13), STATEMACHINELOGENTRY, 263@client-F7203670E756
2022-05-19 09:23:54,150 [s2@group-79A51F445787-StateMachineUpdater] INFO  statemachine.SimpleStateMachine4Testing (SimpleStateMachine4Testing.java:put(204)) - s2: put 15, m7 -> (t:1, i:15), STATEMACHINELOGENTRY, 264@client-F7203670E756
2022-05-19 09:23:54,152 [s0-server-thread1] DEBUG raftlog.RaftLog (SegmentedRaftLog.java:appendImpl(447)) - truncateIndex=-1, arrayIndex=0
2022-05-19 09:23:54,153 [s1-server-thread1] DEBUG raftlog.RaftLog (SegmentedRaftLog.java:appendImpl(447)) - truncateIndex=-1, arrayIndex=0
2022-05-19 09:23:54,154 [s0@group-79A51F445787-StateMachineUpdater] INFO  statemachine.SimpleStateMachine4Testing (SimpleStateMachine4Testing.java:put(204)) - s0: put 15, m7 -> (t:1, i:15), STATEMACHINELOGENTRY, 264@client-F7203670E756
2022-05-19 09:23:54,155 [s0-server-thread1] DEBUG raftlog.RaftLog (SegmentedRaftLog.java:appendImpl(447)) - truncateIndex=-1, arrayIndex=0
2022-05-19 09:23:54,155 [s1-server-thread1] DEBUG raftlog.RaftLog (SegmentedRaftLog.java:appendImpl(447)) - truncateIndex=-1, arrayIndex=0
2022-05-19 09:23:54,156 [s1@group-79A51F445787-StateMachineUpdater] INFO  statemachine.SimpleStateMachine4Testing (SimpleStateMachine4Testing.java:put(204)) - s1: put 15, m7 -> (t:1, i:15), STATEMACHINELOGENTRY, 264@client-F7203670E756
2022-05-19 09:23:54,161 [s2@group-79A51F445787-StateMachineUpdater] INFO  statemachine.SimpleStateMachine4Testing (SimpleStateMachine4Testing.java:put(204)) - s2: put 17, m8 -> (t:1, i:17), STATEMACHINELOGENTRY, 265@client-F7203670E756
2022-05-19 09:23:54,161 [s0-server-thread1] DEBUG raftlog.RaftLog (SegmentedRaftLog.java:appendImpl(447)) - truncateIndex=-1, arrayIndex=0
2022-05-19 09:23:54,163 [s1-server-thread1] DEBUG raftlog.RaftLog (SegmentedRaftLog.java:appendImpl(447)) - truncateIndex=-1, arrayIndex=0
2022-05-19 09:23:54,164 [s1-server-thread1] DEBUG raftlog.RaftLog (SegmentedRaftLog.java:appendImpl(447)) - truncateIndex=-1, arrayIndex=0
2022-05-19 09:23:54,165 [s0-server-thread1] DEBUG raftlog.RaftLog (SegmentedRaftLog.java:appendImpl(447)) - truncateIndex=-1, arrayIndex=0
2022-05-19 09:23:54,173 [s1@group-79A51F445787-StateMachineUpdater] INFO  statemachine.SimpleStateMachine4Testing (SimpleStateMachine4Testing.java:put(204)) - s1: put 17, m8 -> (t:1, i:17), STATEMACHINELOGENTRY, 265@client-F7203670E756
2022-05-19 09:23:54,174 [s0@group-79A51F445787-StateMachineUpdater] INFO  statemachine.SimpleStateMachine4Testing (SimpleStateMachine4Testing.java:put(204)) - s0: put 17, m8 -> (t:1, i:17), STATEMACHINELOGENTRY, 265@client-F7203670E756
2022-05-19 09:23:54,176 [s2@group-79A51F445787-StateMachineUpdater] INFO  statemachine.SimpleStateMachine4Testing (SimpleStateMachine4Testing.java:put(204)) - s2: put 19, m9 -> (t:1, i:19), STATEMACHINELOGENTRY, 266@client-F7203670E756
2022-05-19 09:23:54,177 [s0-server-thread1] DEBUG raftlog.RaftLog (SegmentedRaftLog.java:appendImpl(447)) - truncateIndex=-1, arrayIndex=0
2022-05-19 09:23:54,178 [s1-server-thread1] DEBUG raftlog.RaftLog (SegmentedRaftLog.java:appendImpl(447)) - truncateIndex=-1, arrayIndex=0
2022-05-19 09:23:54,179 [s0@group-79A51F445787-StateMachineUpdater] INFO  statemachine.SimpleStateMachine4Testing (SimpleStateMachine4Testing.java:put(204)) - s0: put 19, m9 -> (t:1, i:19), STATEMACHINELOGENTRY, 266@client-F7203670E756
2022-05-19 09:23:54,180 [s1-server-thread1] DEBUG raftlog.RaftLog (SegmentedRaftLog.java:appendImpl(447)) - truncateIndex=-1, arrayIndex=0
2022-05-19 09:23:54,181 [s0-server-thread1] DEBUG raftlog.RaftLog (SegmentedRaftLog.java:appendImpl(447)) - truncateIndex=-1, arrayIndex=0
2022-05-19 09:23:54,182 [s1@group-79A51F445787-StateMachineUpdater] INFO  statemachine.SimpleStateMachine4Testing (SimpleStateMachine4Testing.java:put(204)) - s1: put 19, m9 -> (t:1, i:19), STATEMACHINELOGENTRY, 266@client-F7203670E756
2022-05-19 09:23:54,183 [s2@group-79A51F445787-StateMachineUpdater] INFO  statemachine.SimpleStateMachine4Testing (SimpleStateMachine4Testing.java:put(204)) - s2: put 21, m10 -> (t:1, i:21), STATEMACHINELOGENTRY, 267@client-F7203670E756
2022-05-19 09:23:54,185 [s0-server-thread1] DEBUG raftlog.RaftLog (SegmentedRaftLog.java:appendImpl(447)) - truncateIndex=-1, arrayIndex=0
2022-05-19 09:23:54,185 [s2-client-thread1] INFO  segmented.SegmentedRaftLogWorker (SegmentedRaftLogWorker.java:rollLogSegment(430)) - s2@group-79A51F445787-SegmentedRaftLogWorker: Rolling segment log-0_22 to index:22
2022-05-19 09:23:54,185 [s1-server-thread1] DEBUG raftlog.RaftLog (SegmentedRaftLog.java:appendImpl(447)) - truncateIndex=-1, arrayIndex=0
2022-05-19 09:23:54,186 [s2@group-79A51F445787-SegmentedRaftLogWorker] TRACE util.FileUtils (LogUtils.java:runAndLog(49)) - Successfully ran Files.move /home/runner/work/ratis/ratis/ratis-test/target/test/data/fbdca40e/MiniRaftClusterWithGrpc639795fb/s2/18f0c0db-b28e-477a-a7a1-79a51f445787/current/log_inprogress_0 to /home/runner/work/ratis/ratis/ratis-test/target/test/data/fbdca40e/MiniRaftClusterWithGrpc639795fb/s2/18f0c0db-b28e-477a-a7a1-79a51f445787/current/log_0-22
2022-05-19 09:23:54,186 [s2@group-79A51F445787-SegmentedRaftLogWorker] INFO  segmented.SegmentedRaftLogWorker (SegmentedRaftLogWorker.java:execute(586)) - s2@group-79A51F445787-SegmentedRaftLogWorker: Rolled log segment from /home/runner/work/ratis/ratis/ratis-test/target/test/data/fbdca40e/MiniRaftClusterWithGrpc639795fb/s2/18f0c0db-b28e-477a-a7a1-79a51f445787/current/log_inprogress_0 to /home/runner/work/ratis/ratis/ratis-test/target/test/data/fbdca40e/MiniRaftClusterWithGrpc639795fb/s2/18f0c0db-b28e-477a-a7a1-79a51f445787/current/log_0-22
2022-05-19 09:23:54,187 [s1-server-thread1] DEBUG raftlog.RaftLog (SegmentedRaftLog.java:appendImpl(447)) - truncateIndex=-1, arrayIndex=0
2022-05-19 09:23:54,187 [s2@group-79A51F445787-SegmentedRaftLogWorker] INFO  segmented.SegmentedRaftLogWorker (SegmentedRaftLogWorker.java:execute(629)) - s2@group-79A51F445787-SegmentedRaftLogWorker: created new log segment /home/runner/work/ratis/ratis/ratis-test/target/test/data/fbdca40e/MiniRaftClusterWithGrpc639795fb/s2/18f0c0db-b28e-477a-a7a1-79a51f445787/current/log_inprogress_23
2022-05-19 09:23:54,187 [s1-server-thread1] INFO  segmented.SegmentedRaftLogWorker (SegmentedRaftLogWorker.java:rollLogSegment(430)) - s1@group-79A51F445787-SegmentedRaftLogWorker: Rolling segment log-0_22 to index:22
2022-05-19 09:23:54,187 [s0-server-thread1] DEBUG raftlog.RaftLog (SegmentedRaftLog.java:appendImpl(447)) - truncateIndex=-1, arrayIndex=0
2022-05-19 09:23:54,188 [s0-server-thread1] INFO  segmented.SegmentedRaftLogWorker (SegmentedRaftLogWorker.java:rollLogSegment(430)) - s0@group-79A51F445787-SegmentedRaftLogWorker: Rolling segment log-0_22 to index:22
2022-05-19 09:23:54,189 [s0@group-79A51F445787-StateMachineUpdater] INFO  statemachine.SimpleStateMachine4Testing (SimpleStateMachine4Testing.java:put(204)) - s0: put 21, m10 -> (t:1, i:21), STATEMACHINELOGENTRY, 267@client-F7203670E756
2022-05-19 09:23:54,189 [s0@group-79A51F445787-SegmentedRaftLogWorker] TRACE util.FileUtils (LogUtils.java:runAndLog(49)) - Successfully ran Files.move /home/runner/work/ratis/ratis/ratis-test/target/test/data/fbdca40e/MiniRaftClusterWithGrpc639795fb/s0/18f0c0db-b28e-477a-a7a1-79a51f445787/current/log_inprogress_0 to /home/runner/work/ratis/ratis/ratis-test/target/test/data/fbdca40e/MiniRaftClusterWithGrpc639795fb/s0/18f0c0db-b28e-477a-a7a1-79a51f445787/current/log_0-22
2022-05-19 09:23:54,189 [s0@group-79A51F445787-SegmentedRaftLogWorker] INFO  segmented.SegmentedRaftLogWorker (SegmentedRaftLogWorker.java:execute(586)) - s0@group-79A51F445787-SegmentedRaftLogWorker: Rolled log segment from /home/runner/work/ratis/ratis/ratis-test/target/test/data/fbdca40e/MiniRaftClusterWithGrpc639795fb/s0/18f0c0db-b28e-477a-a7a1-79a51f445787/current/log_inprogress_0 to /home/runner/work/ratis/ratis/ratis-test/target/test/data/fbdca40e/MiniRaftClusterWithGrpc639795fb/s0/18f0c0db-b28e-477a-a7a1-79a51f445787/current/log_0-22
2022-05-19 09:23:54,190 [s0@group-79A51F445787-SegmentedRaftLogWorker] INFO  segmented.SegmentedRaftLogWorker (SegmentedRaftLogWorker.java:execute(629)) - s0@group-79A51F445787-SegmentedRaftLogWorker: created new log segment /home/runner/work/ratis/ratis/ratis-test/target/test/data/fbdca40e/MiniRaftClusterWithGrpc639795fb/s0/18f0c0db-b28e-477a-a7a1-79a51f445787/current/log_inprogress_23
2022-05-19 09:23:54,190 [s1@group-79A51F445787-SegmentedRaftLogWorker] TRACE util.FileUtils (LogUtils.java:runAndLog(49)) - Successfully ran Files.move /home/runner/work/ratis/ratis/ratis-test/target/test/data/fbdca40e/MiniRaftClusterWithGrpc639795fb/s1/18f0c0db-b28e-477a-a7a1-79a51f445787/current/log_inprogress_0 to /home/runner/work/ratis/ratis/ratis-test/target/test/data/fbdca40e/MiniRaftClusterWithGrpc639795fb/s1/18f0c0db-b28e-477a-a7a1-79a51f445787/current/log_0-22
2022-05-19 09:23:54,190 [s1@group-79A51F445787-SegmentedRaftLogWorker] INFO  segmented.SegmentedRaftLogWorker (SegmentedRaftLogWorker.java:execute(586)) - s1@group-79A51F445787-SegmentedRaftLogWorker: Rolled log segment from /home/runner/work/ratis/ratis/ratis-test/target/test/data/fbdca40e/MiniRaftClusterWithGrpc639795fb/s1/18f0c0db-b28e-477a-a7a1-79a51f445787/current/log_inprogress_0 to /home/runner/work/ratis/ratis/ratis-test/target/test/data/fbdca40e/MiniRaftClusterWithGrpc639795fb/s1/18f0c0db-b28e-477a-a7a1-79a51f445787/current/log_0-22
2022-05-19 09:23:54,190 [s1@group-79A51F445787-StateMachineUpdater] INFO  statemachine.SimpleStateMachine4Testing (SimpleStateMachine4Testing.java:put(204)) - s1: put 21, m10 -> (t:1, i:21), STATEMACHINELOGENTRY, 267@client-F7203670E756
2022-05-19 09:23:54,191 [s1@group-79A51F445787-SegmentedRaftLogWorker] INFO  segmented.SegmentedRaftLogWorker (SegmentedRaftLogWorker.java:execute(629)) - s1@group-79A51F445787-SegmentedRaftLogWorker: created new log segment /home/runner/work/ratis/ratis/ratis-test/target/test/data/fbdca40e/MiniRaftClusterWithGrpc639795fb/s1/18f0c0db-b28e-477a-a7a1-79a51f445787/current/log_inprogress_23
2022-05-19 09:23:54,217 [s2@group-79A51F445787-StateMachineUpdater] INFO  statemachine.SimpleStateMachine4Testing (SimpleStateMachine4Testing.java:put(204)) - s2: put 23, m11 -> (t:1, i:23), STATEMACHINELOGENTRY, 268@client-F7203670E756
2022-05-19 09:23:54,219 [s1-server-thread1] DEBUG raftlog.RaftLog (SegmentedRaftLog.java:appendImpl(447)) - truncateIndex=-1, arrayIndex=0
2022-05-19 09:23:54,223 [s0-server-thread1] DEBUG raftlog.RaftLog (SegmentedRaftLog.java:appendImpl(447)) - truncateIndex=-1, arrayIndex=0
2022-05-19 09:23:54,224 [s1-server-thread1] DEBUG raftlog.RaftLog (SegmentedRaftLog.java:appendImpl(447)) - truncateIndex=-1, arrayIndex=0
2022-05-19 09:23:54,224 [s0-server-thread1] DEBUG raftlog.RaftLog (SegmentedRaftLog.java:appendImpl(447)) - truncateIndex=-1, arrayIndex=0
2022-05-19 09:23:54,225 [s1@group-79A51F445787-StateMachineUpdater] INFO  statemachine.SimpleStateMachine4Testing (SimpleStateMachine4Testing.java:put(204)) - s1: put 23, m11 -> (t:1, i:23), STATEMACHINELOGENTRY, 268@client-F7203670E756
2022-05-19 09:23:54,226 [s0@group-79A51F445787-StateMachineUpdater] INFO  statemachine.SimpleStateMachine4Testing (SimpleStateMachine4Testing.java:put(204)) - s0: put 23, m11 -> (t:1, i:23), STATEMACHINELOGENTRY, 268@client-F7203670E756
2022-05-19 09:23:54,233 [s2@group-79A51F445787-StateMachineUpdater] INFO  statemachine.SimpleStateMachine4Testing (SimpleStateMachine4Testing.java:put(204)) - s2: put 25, m12 -> (t:1, i:25), STATEMACHINELOGENTRY, 269@client-F7203670E756
2022-05-19 09:23:54,234 [s1-server-thread1] DEBUG raftlog.RaftLog (SegmentedRaftLog.java:appendImpl(447)) - truncateIndex=-1, arrayIndex=0
2022-05-19 09:23:54,234 [s0-server-thread1] DEBUG raftlog.RaftLog (SegmentedRaftLog.java:appendImpl(447)) - truncateIndex=-1, arrayIndex=0
2022-05-19 09:23:54,236 [s0-server-thread1] DEBUG raftlog.RaftLog (SegmentedRaftLog.java:appendImpl(447)) - truncateIndex=-1, arrayIndex=0
2022-05-19 09:23:54,236 [s1-server-thread1] DEBUG raftlog.RaftLog (SegmentedRaftLog.java:appendImpl(447)) - truncateIndex=-1, arrayIndex=0
2022-05-19 09:23:54,237 [s1@group-79A51F445787-StateMachineUpdater] INFO  statemachine.SimpleStateMachine4Testing (SimpleStateMachine4Testing.java:put(204)) - s1: put 25, m12 -> (t:1, i:25), STATEMACHINELOGENTRY, 269@client-F7203670E756
2022-05-19 09:23:54,238 [s0@group-79A51F445787-StateMachineUpdater] INFO  statemachine.SimpleStateMachine4Testing (SimpleStateMachine4Testing.java:put(204)) - s0: put 25, m12 -> (t:1, i:25), STATEMACHINELOGENTRY, 269@client-F7203670E756
2022-05-19 09:23:54,241 [s2@group-79A51F445787-StateMachineUpdater] INFO  statemachine.SimpleStateMachine4Testing (SimpleStateMachine4Testing.java:put(204)) - s2: put 27, m13 -> (t:1, i:27), STATEMACHINELOGENTRY, 270@client-F7203670E756
2022-05-19 09:23:54,242 [s1-server-thread1] DEBUG raftlog.RaftLog (SegmentedRaftLog.java:appendImpl(447)) - truncateIndex=-1, arrayIndex=0
2022-05-19 09:23:54,243 [s0-server-thread1] DEBUG raftlog.RaftLog (SegmentedRaftLog.java:appendImpl(447)) - truncateIndex=-1, arrayIndex=0
2022-05-19 09:23:54,244 [s1-server-thread1] DEBUG raftlog.RaftLog (SegmentedRaftLog.java:appendImpl(447)) - truncateIndex=-1, arrayIndex=0
2022-05-19 09:23:54,244 [s0-server-thread1] DEBUG raftlog.RaftLog (SegmentedRaftLog.java:appendImpl(447)) - truncateIndex=-1, arrayIndex=0
2022-05-19 09:23:54,245 [s1@group-79A51F445787-StateMachineUpdater] INFO  statemachine.SimpleStateMachine4Testing (SimpleStateMachine4Testing.java:put(204)) - s1: put 27, m13 -> (t:1, i:27), STATEMACHINELOGENTRY, 270@client-F7203670E756
2022-05-19 09:23:54,247 [s2@group-79A51F445787-StateMachineUpdater] INFO  statemachine.SimpleStateMachine4Testing (SimpleStateMachine4Testing.java:put(204)) - s2: put 29, m14 -> (t:1, i:29), STATEMACHINELOGENTRY, 271@client-F7203670E756
2022-05-19 09:23:54,248 [s0-server-thread1] DEBUG raftlog.RaftLog (SegmentedRaftLog.java:appendImpl(447)) - truncateIndex=-1, arrayIndex=0
2022-05-19 09:23:54,248 [s1-server-thread1] DEBUG raftlog.RaftLog (SegmentedRaftLog.java:appendImpl(447)) - truncateIndex=-1, arrayIndex=0
2022-05-19 09:23:54,249 [s0@group-79A51F445787-StateMachineUpdater] INFO  statemachine.SimpleStateMachine4Testing (SimpleStateMachine4Testing.java:put(204)) - s0: put 27, m13 -> (t:1, i:27), STATEMACHINELOGENTRY, 270@client-F7203670E756
2022-05-19 09:23:54,252 [s0-server-thread1] DEBUG raftlog.RaftLog (SegmentedRaftLog.java:appendImpl(447)) - truncateIndex=-1, arrayIndex=0
2022-05-19 09:23:54,252 [s1-server-thread1] DEBUG raftlog.RaftLog (SegmentedRaftLog.java:appendImpl(447)) - truncateIndex=-1, arrayIndex=0
2022-05-19 09:23:54,253 [s1@group-79A51F445787-StateMachineUpdater] INFO  statemachine.SimpleStateMachine4Testing (SimpleStateMachine4Testing.java:put(204)) - s1: put 29, m14 -> (t:1, i:29), STATEMACHINELOGENTRY, 271@client-F7203670E756
2022-05-19 09:23:54,257 [s0@group-79A51F445787-StateMachineUpdater] INFO  statemachine.SimpleStateMachine4Testing (SimpleStateMachine4Testing.java:put(204)) - s0: put 29, m14 -> (t:1, i:29), STATEMACHINELOGENTRY, 271@client-F7203670E756
2022-05-19 09:23:54,258 [s2@group-79A51F445787-StateMachineUpdater] INFO  statemachine.SimpleStateMachine4Testing (SimpleStateMachine4Testing.java:put(204)) - s2: put 31, m15 -> (t:1, i:31), STATEMACHINELOGENTRY, 272@client-F7203670E756
2022-05-19 09:23:54,260 [s0-server-thread1] DEBUG raftlog.RaftLog (SegmentedRaftLog.java:appendImpl(447)) - truncateIndex=-1, arrayIndex=0
2022-05-19 09:23:54,260 [s1-server-thread1] DEBUG raftlog.RaftLog (SegmentedRaftLog.java:appendImpl(447)) - truncateIndex=-1, arrayIndex=0
2022-05-19 09:23:54,262 [s0-server-thread1] DEBUG raftlog.RaftLog (SegmentedRaftLog.java:appendImpl(447)) - truncateIndex=-1, arrayIndex=0
2022-05-19 09:23:54,263 [s1-server-thread1] DEBUG raftlog.RaftLog (SegmentedRaftLog.java:appendImpl(447)) - truncateIndex=-1, arrayIndex=0
2022-05-19 09:23:54,266 [s1@group-79A51F445787-StateMachineUpdater] INFO  statemachine.SimpleStateMachine4Testing (SimpleStateMachine4Testing.java:put(204)) - s1: put 31, m15 -> (t:1, i:31), STATEMACHINELOGENTRY, 272@client-F7203670E756
2022-05-19 09:23:54,268 [s0@group-79A51F445787-StateMachineUpdater] INFO  statemachine.SimpleStateMachine4Testing (SimpleStateMachine4Testing.java:put(204)) - s0: put 31, m15 -> (t:1, i:31), STATEMACHINELOGENTRY, 272@client-F7203670E756
2022-05-19 09:23:54,269 [s2@group-79A51F445787-StateMachineUpdater] INFO  statemachine.SimpleStateMachine4Testing (SimpleStateMachine4Testing.java:put(204)) - s2: put 33, m16 -> (t:1, i:33), STATEMACHINELOGENTRY, 273@client-F7203670E756
2022-05-19 09:23:54,271 [s0-server-thread1] DEBUG raftlog.RaftLog (SegmentedRaftLog.java:appendImpl(447)) - truncateIndex=-1, arrayIndex=0
2022-05-19 09:23:54,271 [s1-server-thread1] DEBUG raftlog.RaftLog (SegmentedRaftLog.java:appendImpl(447)) - truncateIndex=-1, arrayIndex=0
2022-05-19 09:23:54,273 [s0-server-thread1] DEBUG raftlog.RaftLog (SegmentedRaftLog.java:appendImpl(447)) - truncateIndex=-1, arrayIndex=0
2022-05-19 09:23:54,273 [s1-server-thread1] DEBUG raftlog.RaftLog (SegmentedRaftLog.java:appendImpl(447)) - truncateIndex=-1, arrayIndex=0
2022-05-19 09:23:54,279 [s1@group-79A51F445787-StateMachineUpdater] INFO  statemachine.SimpleStateMachine4Testing (SimpleStateMachine4Testing.java:put(204)) - s1: put 33, m16 -> (t:1, i:33), STATEMACHINELOGENTRY, 273@client-F7203670E756
2022-05-19 09:23:54,281 [s0@group-79A51F445787-StateMachineUpdater] INFO  statemachine.SimpleStateMachine4Testing (SimpleStateMachine4Testing.java:put(204)) - s0: put 33, m16 -> (t:1, i:33), STATEMACHINELOGENTRY, 273@client-F7203670E756
2022-05-19 09:23:54,282 [s2@group-79A51F445787-StateMachineUpdater] INFO  statemachine.SimpleStateMachine4Testing (SimpleStateMachine4Testing.java:put(204)) - s2: put 35, m17 -> (t:1, i:35), STATEMACHINELOGENTRY, 274@client-F7203670E756
2022-05-19 09:23:54,283 [s1-server-thread1] DEBUG raftlog.RaftLog (SegmentedRaftLog.java:appendImpl(447)) - truncateIndex=-1, arrayIndex=0
2022-05-19 09:23:54,283 [s0-server-thread1] DEBUG raftlog.RaftLog (SegmentedRaftLog.java:appendImpl(447)) - truncateIndex=-1, arrayIndex=0
2022-05-19 09:23:54,286 [s1-server-thread1] DEBUG raftlog.RaftLog (SegmentedRaftLog.java:appendImpl(447)) - truncateIndex=-1, arrayIndex=0
2022-05-19 09:23:54,287 [s0-server-thread1] DEBUG raftlog.RaftLog (SegmentedRaftLog.java:appendImpl(447)) - truncateIndex=-1, arrayIndex=0
2022-05-19 09:23:54,287 [s1@group-79A51F445787-StateMachineUpdater] INFO  statemachine.SimpleStateMachine4Testing (SimpleStateMachine4Testing.java:put(204)) - s1: put 35, m17 -> (t:1, i:35), STATEMACHINELOGENTRY, 274@client-F7203670E756
2022-05-19 09:23:54,289 [s2@group-79A51F445787-StateMachineUpdater] INFO  statemachine.SimpleStateMachine4Testing (SimpleStateMachine4Testing.java:put(204)) - s2: put 37, m18 -> (t:1, i:37), STATEMACHINELOGENTRY, 275@client-F7203670E756
2022-05-19 09:23:54,290 [s0-server-thread1] DEBUG raftlog.RaftLog (SegmentedRaftLog.java:appendImpl(447)) - truncateIndex=-1, arrayIndex=0
2022-05-19 09:23:54,291 [s1-server-thread1] DEBUG raftlog.RaftLog (SegmentedRaftLog.java:appendImpl(447)) - truncateIndex=-1, arrayIndex=0
2022-05-19 09:23:54,292 [s0@group-79A51F445787-StateMachineUpdater] INFO  statemachine.SimpleStateMachine4Testing (SimpleStateMachine4Testing.java:put(204)) - s0: put 35, m17 -> (t:1, i:35), STATEMACHINELOGENTRY, 274@client-F7203670E756
2022-05-19 09:23:54,293 [s0-server-thread1] DEBUG raftlog.RaftLog (SegmentedRaftLog.java:appendImpl(447)) - truncateIndex=-1, arrayIndex=0
2022-05-19 09:23:54,293 [s1-server-thread1] DEBUG raftlog.RaftLog (SegmentedRaftLog.java:appendImpl(447)) - truncateIndex=-1, arrayIndex=0
2022-05-19 09:23:54,295 [s0@group-79A51F445787-StateMachineUpdater] INFO  statemachine.SimpleStateMachine4Testing (SimpleStateMachine4Testing.java:put(204)) - s0: put 37, m18 -> (t:1, i:37), STATEMACHINELOGENTRY, 275@client-F7203670E756
2022-05-19 09:23:54,297 [s1@group-79A51F445787-StateMachineUpdater] INFO  statemachine.SimpleStateMachine4Testing (SimpleStateMachine4Testing.java:put(204)) - s1: put 37, m18 -> (t:1, i:37), STATEMACHINELOGENTRY, 275@client-F7203670E756
2022-05-19 09:23:54,298 [s2@group-79A51F445787-StateMachineUpdater] INFO  statemachine.SimpleStateMachine4Testing (SimpleStateMachine4Testing.java:put(204)) - s2: put 39, m19 -> (t:1, i:39), STATEMACHINELOGENTRY, 276@client-F7203670E756
2022-05-19 09:23:54,300 [s1-server-thread1] DEBUG raftlog.RaftLog (SegmentedRaftLog.java:appendImpl(447)) - truncateIndex=-1, arrayIndex=0
2022-05-19 09:23:54,301 [s0-server-thread1] DEBUG raftlog.RaftLog (SegmentedRaftLog.java:appendImpl(447)) - truncateIndex=-1, arrayIndex=0
2022-05-19 09:23:54,303 [s0-server-thread1] DEBUG raftlog.RaftLog (SegmentedRaftLog.java:appendImpl(447)) - truncateIndex=-1, arrayIndex=0
2022-05-19 09:23:54,303 [s1-server-thread1] DEBUG raftlog.RaftLog (SegmentedRaftLog.java:appendImpl(447)) - truncateIndex=-1, arrayIndex=0
2022-05-19 09:23:54,304 [s0@group-79A51F445787-StateMachineUpdater] INFO  statemachine.SimpleStateMachine4Testing (SimpleStateMachine4Testing.java:put(204)) - s0: put 39, m19 -> (t:1, i:39), STATEMACHINELOGENTRY, 276@client-F7203670E756
2022-05-19 09:23:54,305 [s1@group-79A51F445787-StateMachineUpdater] INFO  statemachine.SimpleStateMachine4Testing (SimpleStateMachine4Testing.java:put(204)) - s1: put 39, m19 -> (t:1, i:39), STATEMACHINELOGENTRY, 276@client-F7203670E756
2022-05-19 09:23:54,306 [s2@group-79A51F445787-StateMachineUpdater] INFO  statemachine.SimpleStateMachine4Testing (SimpleStateMachine4Testing.java:put(204)) - s2: put 41, m20 -> (t:1, i:41), STATEMACHINELOGENTRY, 277@client-F7203670E756
2022-05-19 09:23:54,308 [s1-server-thread1] DEBUG raftlog.RaftLog (SegmentedRaftLog.java:appendImpl(447)) - truncateIndex=-1, arrayIndex=0
2022-05-19 09:23:54,308 [s0-server-thread1] DEBUG raftlog.RaftLog (SegmentedRaftLog.java:appendImpl(447)) - truncateIndex=-1, arrayIndex=0
2022-05-19 09:23:54,310 [s1-server-thread1] DEBUG raftlog.RaftLog (SegmentedRaftLog.java:appendImpl(447)) - truncateIndex=-1, arrayIndex=0
2022-05-19 09:23:54,310 [s0-server-thread1] DEBUG raftlog.RaftLog (SegmentedRaftLog.java:appendImpl(447)) - truncateIndex=-1, arrayIndex=0
2022-05-19 09:23:54,311 [s1@group-79A51F445787-StateMachineUpdater] INFO  statemachine.SimpleStateMachine4Testing (SimpleStateMachine4Testing.java:put(204)) - s1: put 41, m20 -> (t:1, i:41), STATEMACHINELOGENTRY, 277@client-F7203670E756
2022-05-19 09:23:54,311 [s0@group-79A51F445787-StateMachineUpdater] INFO  statemachine.SimpleStateMachine4Testing (SimpleStateMachine4Testing.java:put(204)) - s0: put 41, m20 -> (t:1, i:41), STATEMACHINELOGENTRY, 277@client-F7203670E756
2022-05-19 09:23:54,313 [s2@group-79A51F445787-StateMachineUpdater] INFO  statemachine.SimpleStateMachine4Testing (SimpleStateMachine4Testing.java:put(204)) - s2: put 43, m21 -> (t:1, i:43), STATEMACHINELOGENTRY, 278@client-F7203670E756
2022-05-19 09:23:54,314 [s0-server-thread1] DEBUG raftlog.RaftLog (SegmentedRaftLog.java:appendImpl(447)) - truncateIndex=-1, arrayIndex=0
2022-05-19 09:23:54,314 [s1-server-thread1] DEBUG raftlog.RaftLog (SegmentedRaftLog.java:appendImpl(447)) - truncateIndex=-1, arrayIndex=0
2022-05-19 09:23:54,317 [s0-server-thread1] DEBUG raftlog.RaftLog (SegmentedRaftLog.java:appendImpl(447)) - truncateIndex=-1, arrayIndex=0
2022-05-19 09:23:54,317 [s1-server-thread1] DEBUG raftlog.RaftLog (SegmentedRaftLog.java:appendImpl(447)) - truncateIndex=-1, arrayIndex=0
2022-05-19 09:23:54,318 [s0@group-79A51F445787-StateMachineUpdater] INFO  statemachine.SimpleStateMachine4Testing (SimpleStateMachine4Testing.java:put(204)) - s0: put 43, m21 -> (t:1, i:43), STATEMACHINELOGENTRY, 278@client-F7203670E756
2022-05-19 09:23:54,321 [s1@group-79A51F445787-StateMachineUpdater] INFO  statemachine.SimpleStateMachine4Testing (SimpleStateMachine4Testing.java:put(204)) - s1: put 43, m21 -> (t:1, i:43), STATEMACHINELOGENTRY, 278@client-F7203670E756
2022-05-19 09:23:54,322 [s2@group-79A51F445787-StateMachineUpdater] INFO  statemachine.SimpleStateMachine4Testing (SimpleStateMachine4Testing.java:put(204)) - s2: put 45, m22 -> (t:1, i:45), STATEMACHINELOGENTRY, 279@client-F7203670E756
2022-05-19 09:23:54,324 [s0-server-thread1] DEBUG raftlog.RaftLog (SegmentedRaftLog.java:appendImpl(447)) - truncateIndex=-1, arrayIndex=0
2022-05-19 09:23:54,324 [s1-server-thread1] DEBUG raftlog.RaftLog (SegmentedRaftLog.java:appendImpl(447)) - truncateIndex=-1, arrayIndex=0
2022-05-19 09:23:54,326 [s0-server-thread1] DEBUG raftlog.RaftLog (SegmentedRaftLog.java:appendImpl(447)) - truncateIndex=-1, arrayIndex=0
2022-05-19 09:23:54,326 [s1-server-thread1] DEBUG raftlog.RaftLog (SegmentedRaftLog.java:appendImpl(447)) - truncateIndex=-1, arrayIndex=0
2022-05-19 09:23:54,327 [s0@group-79A51F445787-StateMachineUpdater] INFO  statemachine.SimpleStateMachine4Testing (SimpleStateMachine4Testing.java:put(204)) - s0: put 45, m22 -> (t:1, i:45), STATEMACHINELOGENTRY, 279@client-F7203670E756
2022-05-19 09:23:54,328 [s1@group-79A51F445787-StateMachineUpdater] INFO  statemachine.SimpleStateMachine4Testing (SimpleStateMachine4Testing.java:put(204)) - s1: put 45, m22 -> (t:1, i:45), STATEMACHINELOGENTRY, 279@client-F7203670E756
2022-05-19 09:23:54,329 [s2@group-79A51F445787-StateMachineUpdater] INFO  statemachine.SimpleStateMachine4Testing (SimpleStateMachine4Testing.java:put(204)) - s2: put 47, m23 -> (t:1, i:47), STATEMACHINELOGENTRY, 280@client-F7203670E756
2022-05-19 09:23:54,330 [s1-server-thread1] DEBUG raftlog.RaftLog (SegmentedRaftLog.java:appendImpl(447)) - truncateIndex=-1, arrayIndex=0
2022-05-19 09:23:54,331 [s0-server-thread1] DEBUG raftlog.RaftLog (SegmentedRaftLog.java:appendImpl(447)) - truncateIndex=-1, arrayIndex=0
2022-05-19 09:23:54,332 [s0-server-thread1] DEBUG raftlog.RaftLog (SegmentedRaftLog.java:appendImpl(447)) - truncateIndex=-1, arrayIndex=0
2022-05-19 09:23:54,333 [s1-server-thread1] DEBUG raftlog.RaftLog (SegmentedRaftLog.java:appendImpl(447)) - truncateIndex=-1, arrayIndex=0
2022-05-19 09:23:54,334 [s0@group-79A51F445787-StateMachineUpdater] INFO  statemachine.SimpleStateMachine4Testing (SimpleStateMachine4Testing.java:put(204)) - s0: put 47, m23 -> (t:1, i:47), STATEMACHINELOGENTRY, 280@client-F7203670E756
2022-05-19 09:23:54,335 [s1@group-79A51F445787-StateMachineUpdater] INFO  statemachine.SimpleStateMachine4Testing (SimpleStateMachine4Testing.java:put(204)) - s1: put 47, m23 -> (t:1, i:47), STATEMACHINELOGENTRY, 280@client-F7203670E756
2022-05-19 09:23:54,336 [s2@group-79A51F445787-StateMachineUpdater] INFO  statemachine.SimpleStateMachine4Testing (SimpleStateMachine4Testing.java:put(204)) - s2: put 49, m24 -> (t:1, i:49), STATEMACHINELOGENTRY, 281@client-F7203670E756
2022-05-19 09:23:54,337 [s0-server-thread1] DEBUG raftlog.RaftLog (SegmentedRaftLog.java:appendImpl(447)) - truncateIndex=-1, arrayIndex=0
2022-05-19 09:23:54,338 [s1-server-thread1] DEBUG raftlog.RaftLog (SegmentedRaftLog.java:appendImpl(447)) - truncateIndex=-1, arrayIndex=0
2022-05-19 09:23:54,339 [s2-client-thread1] INFO  segmented.SegmentedRaftLogWorker (SegmentedRaftLogWorker.java:rollLogSegment(430)) - s2@group-79A51F445787-SegmentedRaftLogWorker: Rolling segment log-23_50 to index:50
2022-05-19 09:23:54,340 [s2@group-79A51F445787-SegmentedRaftLogWorker] TRACE util.FileUtils (LogUtils.java:runAndLog(49)) - Successfully ran Files.move /home/runner/work/ratis/ratis/ratis-test/target/test/data/fbdca40e/MiniRaftClusterWithGrpc639795fb/s2/18f0c0db-b28e-477a-a7a1-79a51f445787/current/log_inprogress_23 to /home/runner/work/ratis/ratis/ratis-test/target/test/data/fbdca40e/MiniRaftClusterWithGrpc639795fb/s2/18f0c0db-b28e-477a-a7a1-79a51f445787/current/log_23-50
2022-05-19 09:23:54,340 [s2@group-79A51F445787-SegmentedRaftLogWorker] INFO  segmented.SegmentedRaftLogWorker (SegmentedRaftLogWorker.java:execute(586)) - s2@group-79A51F445787-SegmentedRaftLogWorker: Rolled log segment from /home/runner/work/ratis/ratis/ratis-test/target/test/data/fbdca40e/MiniRaftClusterWithGrpc639795fb/s2/18f0c0db-b28e-477a-a7a1-79a51f445787/current/log_inprogress_23 to /home/runner/work/ratis/ratis/ratis-test/target/test/data/fbdca40e/MiniRaftClusterWithGrpc639795fb/s2/18f0c0db-b28e-477a-a7a1-79a51f445787/current/log_23-50
2022-05-19 09:23:54,340 [s1@group-79A51F445787-StateMachineUpdater] INFO  statemachine.SimpleStateMachine4Testing (SimpleStateMachine4Testing.java:put(204)) - s1: put 49, m24 -> (t:1, i:49), STATEMACHINELOGENTRY, 281@client-F7203670E756
2022-05-19 09:23:54,341 [s0-server-thread1] DEBUG raftlog.RaftLog (SegmentedRaftLog.java:appendImpl(447)) - truncateIndex=-1, arrayIndex=0
2022-05-19 09:23:54,341 [s0-server-thread1] INFO  segmented.SegmentedRaftLogWorker (SegmentedRaftLogWorker.java:rollLogSegment(430)) - s0@group-79A51F445787-SegmentedRaftLogWorker: Rolling segment log-23_50 to index:50
2022-05-19 09:23:54,341 [s1-server-thread1] DEBUG raftlog.RaftLog (SegmentedRaftLog.java:appendImpl(447)) - truncateIndex=-1, arrayIndex=0
2022-05-19 09:23:54,341 [s1-server-thread1] INFO  segmented.SegmentedRaftLogWorker (SegmentedRaftLogWorker.java:rollLogSegment(430)) - s1@group-79A51F445787-SegmentedRaftLogWorker: Rolling segment log-23_50 to index:50
2022-05-19 09:23:54,342 [s1@group-79A51F445787-SegmentedRaftLogWorker] TRACE util.FileUtils (LogUtils.java:runAndLog(49)) - Successfully ran Files.move /home/runner/work/ratis/ratis/ratis-test/target/test/data/fbdca40e/MiniRaftClusterWithGrpc639795fb/s1/18f0c0db-b28e-477a-a7a1-79a51f445787/current/log_inprogress_23 to /home/runner/work/ratis/ratis/ratis-test/target/test/data/fbdca40e/MiniRaftClusterWithGrpc639795fb/s1/18f0c0db-b28e-477a-a7a1-79a51f445787/current/log_23-50
2022-05-19 09:23:54,342 [s1@group-79A51F445787-SegmentedRaftLogWorker] INFO  segmented.SegmentedRaftLogWorker (SegmentedRaftLogWorker.java:execute(586)) - s1@group-79A51F445787-SegmentedRaftLogWorker: Rolled log segment from /home/runner/work/ratis/ratis/ratis-test/target/test/data/fbdca40e/MiniRaftClusterWithGrpc639795fb/s1/18f0c0db-b28e-477a-a7a1-79a51f445787/current/log_inprogress_23 to /home/runner/work/ratis/ratis/ratis-test/target/test/data/fbdca40e/MiniRaftClusterWithGrpc639795fb/s1/18f0c0db-b28e-477a-a7a1-79a51f445787/current/log_23-50
2022-05-19 09:23:54,342 [s0@group-79A51F445787-SegmentedRaftLogWorker] TRACE util.FileUtils (LogUtils.java:runAndLog(49)) - Successfully ran Files.move /home/runner/work/ratis/ratis/ratis-test/target/test/data/fbdca40e/MiniRaftClusterWithGrpc639795fb/s0/18f0c0db-b28e-477a-a7a1-79a51f445787/current/log_inprogress_23 to /home/runner/work/ratis/ratis/ratis-test/target/test/data/fbdca40e/MiniRaftClusterWithGrpc639795fb/s0/18f0c0db-b28e-477a-a7a1-79a51f445787/current/log_23-50
2022-05-19 09:23:54,342 [s2@group-79A51F445787-SegmentedRaftLogWorker] INFO  segmented.SegmentedRaftLogWorker (SegmentedRaftLogWorker.java:execute(629)) - s2@group-79A51F445787-SegmentedRaftLogWorker: created new log segment /home/runner/work/ratis/ratis/ratis-test/target/test/data/fbdca40e/MiniRaftClusterWithGrpc639795fb/s2/18f0c0db-b28e-477a-a7a1-79a51f445787/current/log_inprogress_51
2022-05-19 09:23:54,342 [s0@group-79A51F445787-SegmentedRaftLogWorker] INFO  segmented.SegmentedRaftLogWorker (SegmentedRaftLogWorker.java:execute(586)) - s0@group-79A51F445787-SegmentedRaftLogWorker: Rolled log segment from /home/runner/work/ratis/ratis/ratis-test/target/test/data/fbdca40e/MiniRaftClusterWithGrpc639795fb/s0/18f0c0db-b28e-477a-a7a1-79a51f445787/current/log_inprogress_23 to /home/runner/work/ratis/ratis/ratis-test/target/test/data/fbdca40e/MiniRaftClusterWithGrpc639795fb/s0/18f0c0db-b28e-477a-a7a1-79a51f445787/current/log_23-50
2022-05-19 09:23:54,343 [s1@group-79A51F445787-SegmentedRaftLogWorker] INFO  segmented.SegmentedRaftLogWorker (SegmentedRaftLogWorker.java:execute(629)) - s1@group-79A51F445787-SegmentedRaftLogWorker: created new log segment /home/runner/work/ratis/ratis/ratis-test/target/test/data/fbdca40e/MiniRaftClusterWithGrpc639795fb/s1/18f0c0db-b28e-477a-a7a1-79a51f445787/current/log_inprogress_51
2022-05-19 09:23:54,343 [s0@group-79A51F445787-StateMachineUpdater] INFO  statemachine.SimpleStateMachine4Testing (SimpleStateMachine4Testing.java:put(204)) - s0: put 49, m24 -> (t:1, i:49), STATEMACHINELOGENTRY, 281@client-F7203670E756
2022-05-19 09:23:54,344 [s0@group-79A51F445787-SegmentedRaftLogWorker] INFO  segmented.SegmentedRaftLogWorker (SegmentedRaftLogWorker.java:execute(629)) - s0@group-79A51F445787-SegmentedRaftLogWorker: created new log segment /home/runner/work/ratis/ratis/ratis-test/target/test/data/fbdca40e/MiniRaftClusterWithGrpc639795fb/s0/18f0c0db-b28e-477a-a7a1-79a51f445787/current/log_inprogress_51
2022-05-19 09:23:54,345 [s2@group-79A51F445787-StateMachineUpdater] INFO  statemachine.SimpleStateMachine4Testing (SimpleStateMachine4Testing.java:put(204)) - s2: put 51, m25 -> (t:1, i:51), STATEMACHINELOGENTRY, 282@client-F7203670E756
2022-05-19 09:23:54,345 [s1-server-thread1] DEBUG raftlog.RaftLog (SegmentedRaftLog.java:appendImpl(447)) - truncateIndex=-1, arrayIndex=0
2022-05-19 09:23:54,346 [s0-server-thread1] DEBUG raftlog.RaftLog (SegmentedRaftLog.java:appendImpl(447)) - truncateIndex=-1, arrayIndex=0
2022-05-19 09:23:54,348 [s1-server-thread1] DEBUG raftlog.RaftLog (SegmentedRaftLog.java:appendImpl(447)) - truncateIndex=-1, arrayIndex=0
2022-05-19 09:23:54,348 [s0-server-thread1] DEBUG raftlog.RaftLog (SegmentedRaftLog.java:appendImpl(447)) - truncateIndex=-1, arrayIndex=0
2022-05-19 09:23:54,349 [s1@group-79A51F445787-StateMachineUpdater] INFO  statemachine.SimpleStateMachine4Testing (SimpleStateMachine4Testing.java:put(204)) - s1: put 51, m25 -> (t:1, i:51), STATEMACHINELOGENTRY, 282@client-F7203670E756
2022-05-19 09:23:54,350 [s0@group-79A51F445787-StateMachineUpdater] INFO  statemachine.SimpleStateMachine4Testing (SimpleStateMachine4Testing.java:put(204)) - s0: put 51, m25 -> (t:1, i:51), STATEMACHINELOGENTRY, 282@client-F7203670E756
2022-05-19 09:23:54,351 [s2@group-79A51F445787-StateMachineUpdater] INFO  statemachine.SimpleStateMachine4Testing (SimpleStateMachine4Testing.java:put(204)) - s2: put 53, m26 -> (t:1, i:53), STATEMACHINELOGENTRY, 283@client-F7203670E756
2022-05-19 09:23:54,353 [s1-server-thread1] DEBUG raftlog.RaftLog (SegmentedRaftLog.java:appendImpl(447)) - truncateIndex=-1, arrayIndex=0
2022-05-19 09:23:54,353 [s0-server-thread1] DEBUG raftlog.RaftLog (SegmentedRaftLog.java:appendImpl(447)) - truncateIndex=-1, arrayIndex=0
2022-05-19 09:23:54,354 [s1-server-thread1] DEBUG raftlog.RaftLog (SegmentedRaftLog.java:appendImpl(447)) - truncateIndex=-1, arrayIndex=0
2022-05-19 09:23:54,354 [s0-server-thread1] DEBUG raftlog.RaftLog (SegmentedRaftLog.java:appendImpl(447)) - truncateIndex=-1, arrayIndex=0
2022-05-19 09:23:54,355 [s0@group-79A51F445787-StateMachineUpdater] INFO  statemachine.SimpleStateMachine4Testing (SimpleStateMachine4Testing.java:put(204)) - s0: put 53, m26 -> (t:1, i:53), STATEMACHINELOGENTRY, 283@client-F7203670E756
2022-05-19 09:23:54,356 [s1@group-79A51F445787-StateMachineUpdater] INFO  statemachine.SimpleStateMachine4Testing (SimpleStateMachine4Testing.java:put(204)) - s1: put 53, m26 -> (t:1, i:53), STATEMACHINELOGENTRY, 283@client-F7203670E756
2022-05-19 09:23:54,359 [s2@group-79A51F445787-StateMachineUpdater] INFO  statemachine.SimpleStateMachine4Testing (SimpleStateMachine4Testing.java:put(204)) - s2: put 55, m27 -> (t:1, i:55), STATEMACHINELOGENTRY, 284@client-F7203670E756
2022-05-19 09:23:54,360 [s1-server-thread1] DEBUG raftlog.RaftLog (SegmentedRaftLog.java:appendImpl(447)) - truncateIndex=-1, arrayIndex=0
2022-05-19 09:23:54,360 [s0-server-thread1] DEBUG raftlog.RaftLog (SegmentedRaftLog.java:appendImpl(447)) - truncateIndex=-1, arrayIndex=0
2022-05-19 09:23:54,361 [s1@group-79A51F445787-StateMachineUpdater] INFO  statemachine.SimpleStateMachine4Testing (SimpleStateMachine4Testing.java:put(204)) - s1: put 55, m27 -> (t:1, i:55), STATEMACHINELOGENTRY, 284@client-F7203670E756
2022-05-19 09:23:54,362 [s0-server-thread1] DEBUG raftlog.RaftLog (SegmentedRaftLog.java:appendImpl(447)) - truncateIndex=-1, arrayIndex=0
2022-05-19 09:23:54,362 [s1-server-thread1] DEBUG raftlog.RaftLog (SegmentedRaftLog.java:appendImpl(447)) - truncateIndex=-1, arrayIndex=0
2022-05-19 09:23:54,363 [s0@group-79A51F445787-StateMachineUpdater] INFO  statemachine.SimpleStateMachine4Testing (SimpleStateMachine4Testing.java:put(204)) - s0: put 55, m27 -> (t:1, i:55), STATEMACHINELOGENTRY, 284@client-F7203670E756
2022-05-19 09:23:54,364 [s2@group-79A51F445787-StateMachineUpdater] INFO  statemachine.SimpleStateMachine4Testing (SimpleStateMachine4Testing.java:put(204)) - s2: put 57, m28 -> (t:1, i:57), STATEMACHINELOGENTRY, 285@client-F7203670E756
2022-05-19 09:23:54,365 [s1-server-thread1] DEBUG raftlog.RaftLog (SegmentedRaftLog.java:appendImpl(447)) - truncateIndex=-1, arrayIndex=0
2022-05-19 09:23:54,365 [s0-server-thread1] DEBUG raftlog.RaftLog (SegmentedRaftLog.java:appendImpl(447)) - truncateIndex=-1, arrayIndex=0
2022-05-19 09:23:54,366 [s1@group-79A51F445787-StateMachineUpdater] INFO  statemachine.SimpleStateMachine4Testing (SimpleStateMachine4Testing.java:put(204)) - s1: put 57, m28 -> (t:1, i:57), STATEMACHINELOGENTRY, 285@client-F7203670E756
2022-05-19 09:23:54,367 [s0-server-thread1] DEBUG raftlog.RaftLog (SegmentedRaftLog.java:appendImpl(447)) - truncateIndex=-1, arrayIndex=0
2022-05-19 09:23:54,367 [s1-server-thread1] DEBUG raftlog.RaftLog (SegmentedRaftLog.java:appendImpl(447)) - truncateIndex=-1, arrayIndex=0
2022-05-19 09:23:54,368 [s0@group-79A51F445787-StateMachineUpdater] INFO  statemachine.SimpleStateMachine4Testing (SimpleStateMachine4Testing.java:put(204)) - s0: put 57, m28 -> (t:1, i:57), STATEMACHINELOGENTRY, 285@client-F7203670E756
2022-05-19 09:23:54,369 [s2@group-79A51F445787-StateMachineUpdater] INFO  statemachine.SimpleStateMachine4Testing (SimpleStateMachine4Testing.java:put(204)) - s2: put 59, m29 -> (t:1, i:59), STATEMACHINELOGENTRY, 286@client-F7203670E756
2022-05-19 09:23:54,370 [s0-server-thread1] DEBUG raftlog.RaftLog (SegmentedRaftLog.java:appendImpl(447)) - truncateIndex=-1, arrayIndex=0
2022-05-19 09:23:54,370 [s1-server-thread1] DEBUG raftlog.RaftLog (SegmentedRaftLog.java:appendImpl(447)) - truncateIndex=-1, arrayIndex=0
2022-05-19 09:23:54,372 [s1-server-thread1] DEBUG raftlog.RaftLog (SegmentedRaftLog.java:appendImpl(447)) - truncateIndex=-1, arrayIndex=0
2022-05-19 09:23:54,372 [s0-server-thread1] DEBUG raftlog.RaftLog (SegmentedRaftLog.java:appendImpl(447)) - truncateIndex=-1, arrayIndex=0
2022-05-19 09:23:54,373 [s1@group-79A51F445787-StateMachineUpdater] INFO  statemachine.SimpleStateMachine4Testing (SimpleStateMachine4Testing.java:put(204)) - s1: put 59, m29 -> (t:1, i:59), STATEMACHINELOGENTRY, 286@client-F7203670E756
2022-05-19 09:23:54,374 [s0@group-79A51F445787-StateMachineUpdater] INFO  statemachine.SimpleStateMachine4Testing (SimpleStateMachine4Testing.java:put(204)) - s0: put 59, m29 -> (t:1, i:59), STATEMACHINELOGENTRY, 286@client-F7203670E756
2022-05-19 09:23:54,375 [s2@group-79A51F445787-StateMachineUpdater] INFO  statemachine.SimpleStateMachine4Testing (SimpleStateMachine4Testing.java:put(204)) - s2: put 61, m30 -> (t:1, i:61), STATEMACHINELOGENTRY, 287@client-F7203670E756
2022-05-19 09:23:54,376 [s0-server-thread1] DEBUG raftlog.RaftLog (SegmentedRaftLog.java:appendImpl(447)) - truncateIndex=-1, arrayIndex=0
2022-05-19 09:23:54,376 [s1-server-thread1] DEBUG raftlog.RaftLog (SegmentedRaftLog.java:appendImpl(447)) - truncateIndex=-1, arrayIndex=0
2022-05-19 09:23:54,378 [s0-server-thread1] DEBUG raftlog.RaftLog (SegmentedRaftLog.java:appendImpl(447)) - truncateIndex=-1, arrayIndex=0
2022-05-19 09:23:54,378 [s1-server-thread1] DEBUG raftlog.RaftLog (SegmentedRaftLog.java:appendImpl(447)) - truncateIndex=-1, arrayIndex=0
2022-05-19 09:23:54,379 [s0@group-79A51F445787-StateMachineUpdater] INFO  statemachine.SimpleStateMachine4Testing (SimpleStateMachine4Testing.java:put(204)) - s0: put 61, m30 -> (t:1, i:61), STATEMACHINELOGENTRY, 287@client-F7203670E756
2022-05-19 09:23:54,380 [s1@group-79A51F445787-StateMachineUpdater] INFO  statemachine.SimpleStateMachine4Testing (SimpleStateMachine4Testing.java:put(204)) - s1: put 61, m30 -> (t:1, i:61), STATEMACHINELOGENTRY, 287@client-F7203670E756
2022-05-19 09:23:54,381 [s2@group-79A51F445787-StateMachineUpdater] INFO  statemachine.SimpleStateMachine4Testing (SimpleStateMachine4Testing.java:put(204)) - s2: put 63, m31 -> (t:1, i:63), STATEMACHINELOGENTRY, 288@client-F7203670E756
2022-05-19 09:23:54,385 [s0-server-thread1] DEBUG raftlog.RaftLog (SegmentedRaftLog.java:appendImpl(447)) - truncateIndex=-1, arrayIndex=0
2022-05-19 09:23:54,385 [s1-server-thread1] DEBUG raftlog.RaftLog (SegmentedRaftLog.java:appendImpl(447)) - truncateIndex=-1, arrayIndex=0
2022-05-19 09:23:54,388 [s1-server-thread1] DEBUG raftlog.RaftLog (SegmentedRaftLog.java:appendImpl(447)) - truncateIndex=-1, arrayIndex=0
2022-05-19 09:23:54,388 [s0-server-thread1] DEBUG raftlog.RaftLog (SegmentedRaftLog.java:appendImpl(447)) - truncateIndex=-1, arrayIndex=0
2022-05-19 09:23:54,389 [s0@group-79A51F445787-StateMachineUpdater] INFO  statemachine.SimpleStateMachine4Testing (SimpleStateMachine4Testing.java:put(204)) - s0: put 63, m31 -> (t:1, i:63), STATEMACHINELOGENTRY, 288@client-F7203670E756
2022-05-19 09:23:54,395 [s1@group-79A51F445787-StateMachineUpdater] INFO  statemachine.SimpleStateMachine4Testing (SimpleStateMachine4Testing.java:put(204)) - s1: put 63, m31 -> (t:1, i:63), STATEMACHINELOGENTRY, 288@client-F7203670E756
2022-05-19 09:23:54,398 [s1-server-thread1] DEBUG raftlog.RaftLog (SegmentedRaftLog.java:appendImpl(447)) - truncateIndex=-1, arrayIndex=0
2022-05-19 09:23:54,398 [s0-server-thread1] DEBUG raftlog.RaftLog (SegmentedRaftLog.java:appendImpl(447)) - truncateIndex=-1, arrayIndex=0
2022-05-19 09:23:54,414 [s2@group-79A51F445787-StateMachineUpdater] INFO  impl.StateMachineUpdater (StateMachineUpdater.java:takeSnapshot(287)) - s2@group-79A51F445787-StateMachineUpdater: Took a snapshot at index 63
2022-05-19 09:23:54,414 [s2@group-79A51F445787-StateMachineUpdater] INFO  impl.StateMachineUpdater (StateMachineUpdater.java:lambda$new$0(92)) - s2@group-79A51F445787-StateMachineUpdater: snapshotIndex: updateIncreasingly -1 -> 63
2022-05-19 09:23:54,414 [s2@group-79A51F445787-StateMachineUpdater] INFO  raftlog.RaftLog (RaftLogBase.java:purge(308)) - s2@group-79A51F445787-SegmentedRaftLog: purge 63
2022-05-19 09:23:54,414 [s2@group-79A51F445787-StateMachineUpdater] INFO  raftlog.RaftLog (RaftLogBase.java:lambda$new$0(53)) - s2@group-79A51F445787-SegmentedRaftLog: snapshotIndex: updateIncreasingly -1 -> 63
2022-05-19 09:23:54,414 [s2@group-79A51F445787-StateMachineUpdater] DEBUG raftlog.RaftLog (SegmentedRaftLog.java:purgeImpl(365)) - purging segments:toTruncate: null
  toDelete: [(0, 22) isOpen? false, length=0, newEndIndex=0, (23, 50) isOpen? false, length=0, newEndIndex=0]
2022-05-19 09:23:54,414 [s2@group-79A51F445787-StateMachineUpdater] INFO  statemachine.SimpleStateMachine4Testing (SimpleStateMachine4Testing.java:put(204)) - s2: put 65, m32 -> (t:1, i:65), STATEMACHINELOGENTRY, 289@client-F7203670E756
2022-05-19 09:23:54,415 [s2@group-79A51F445787-SegmentedRaftLogWorker] TRACE util.FileUtils (LogUtils.java:runAndLog(49)) - Successfully ran Files.delete /home/runner/work/ratis/ratis/ratis-test/target/test/data/fbdca40e/MiniRaftClusterWithGrpc639795fb/s2/18f0c0db-b28e-477a-a7a1-79a51f445787/current/log_0-22
2022-05-19 09:23:54,415 [s2@group-79A51F445787-SegmentedRaftLogWorker] TRACE util.FileUtils (LogUtils.java:runAndLog(49)) - Successfully ran Files.delete /home/runner/work/ratis/ratis/ratis-test/target/test/data/fbdca40e/MiniRaftClusterWithGrpc639795fb/s2/18f0c0db-b28e-477a-a7a1-79a51f445787/current/log_23-50
2022-05-19 09:23:54,415 [s2@group-79A51F445787-SegmentedRaftLogWorker] INFO  raftlog.RaftLog (RaftLogBase.java:lambda$new$0(53)) - s2@group-79A51F445787-SegmentedRaftLog: purgeIndex: updateToMax old=-1, new=50, updated? true
2022-05-19 09:23:54,416 [s0@group-79A51F445787-StateMachineUpdater] INFO  impl.StateMachineUpdater (StateMachineUpdater.java:takeSnapshot(287)) - s0@group-79A51F445787-StateMachineUpdater: Took a snapshot at index 63
2022-05-19 09:23:54,416 [s0@group-79A51F445787-StateMachineUpdater] INFO  impl.StateMachineUpdater (StateMachineUpdater.java:lambda$new$0(92)) - s0@group-79A51F445787-StateMachineUpdater: snapshotIndex: updateIncreasingly -1 -> 63
2022-05-19 09:23:54,416 [s0@group-79A51F445787-StateMachineUpdater] INFO  raftlog.RaftLog (RaftLogBase.java:purge(308)) - s0@group-79A51F445787-SegmentedRaftLog: purge 63
2022-05-19 09:23:54,416 [s0@group-79A51F445787-StateMachineUpdater] INFO  raftlog.RaftLog (RaftLogBase.java:lambda$new$0(53)) - s0@group-79A51F445787-SegmentedRaftLog: snapshotIndex: updateIncreasingly -1 -> 63
2022-05-19 09:23:54,416 [s0@group-79A51F445787-StateMachineUpdater] DEBUG raftlog.RaftLog (SegmentedRaftLog.java:purgeImpl(365)) - purging segments:toTruncate: null
  toDelete: [(0, 22) isOpen? false, length=0, newEndIndex=0, (23, 50) isOpen? false, length=0, newEndIndex=0]
2022-05-19 09:23:54,416 [s0@group-79A51F445787-StateMachineUpdater] INFO  statemachine.SimpleStateMachine4Testing (SimpleStateMachine4Testing.java:put(204)) - s0: put 65, m32 -> (t:1, i:65), STATEMACHINELOGENTRY, 289@client-F7203670E756
2022-05-19 09:23:54,417 [s0@group-79A51F445787-SegmentedRaftLogWorker] TRACE util.FileUtils (LogUtils.java:runAndLog(49)) - Successfully ran Files.delete /home/runner/work/ratis/ratis/ratis-test/target/test/data/fbdca40e/MiniRaftClusterWithGrpc639795fb/s0/18f0c0db-b28e-477a-a7a1-79a51f445787/current/log_0-22
2022-05-19 09:23:54,417 [s0@group-79A51F445787-SegmentedRaftLogWorker] TRACE util.FileUtils (LogUtils.java:runAndLog(49)) - Successfully ran Files.delete /home/runner/work/ratis/ratis/ratis-test/target/test/data/fbdca40e/MiniRaftClusterWithGrpc639795fb/s0/18f0c0db-b28e-477a-a7a1-79a51f445787/current/log_23-50
2022-05-19 09:23:54,417 [s0@group-79A51F445787-SegmentedRaftLogWorker] INFO  raftlog.RaftLog (RaftLogBase.java:lambda$new$0(53)) - s0@group-79A51F445787-SegmentedRaftLog: purgeIndex: updateToMax old=-1, new=50, updated? true
2022-05-19 09:23:54,423 [s0-server-thread1] DEBUG raftlog.RaftLog (SegmentedRaftLog.java:appendImpl(447)) - truncateIndex=-1, arrayIndex=0
2022-05-19 09:23:54,424 [s1@group-79A51F445787-StateMachineUpdater] INFO  impl.StateMachineUpdater (StateMachineUpdater.java:takeSnapshot(287)) - s1@group-79A51F445787-StateMachineUpdater: Took a snapshot at index 63
2022-05-19 09:23:54,424 [s1@group-79A51F445787-StateMachineUpdater] INFO  impl.StateMachineUpdater (StateMachineUpdater.java:lambda$new$0(92)) - s1@group-79A51F445787-StateMachineUpdater: snapshotIndex: updateIncreasingly -1 -> 63
2022-05-19 09:23:54,424 [s1@group-79A51F445787-StateMachineUpdater] INFO  raftlog.RaftLog (RaftLogBase.java:purge(308)) - s1@group-79A51F445787-SegmentedRaftLog: purge 63
2022-05-19 09:23:54,424 [s1@group-79A51F445787-StateMachineUpdater] INFO  raftlog.RaftLog (RaftLogBase.java:lambda$new$0(53)) - s1@group-79A51F445787-SegmentedRaftLog: snapshotIndex: updateIncreasingly -1 -> 63
2022-05-19 09:23:54,424 [s1@group-79A51F445787-StateMachineUpdater] DEBUG raftlog.RaftLog (SegmentedRaftLog.java:purgeImpl(365)) - purging segments:toTruncate: null
  toDelete: [(0, 22) isOpen? false, length=0, newEndIndex=0, (23, 50) isOpen? false, length=0, newEndIndex=0]
2022-05-19 09:23:54,424 [s1@group-79A51F445787-StateMachineUpdater] INFO  statemachine.SimpleStateMachine4Testing (SimpleStateMachine4Testing.java:put(204)) - s1: put 65, m32 -> (t:1, i:65), STATEMACHINELOGENTRY, 289@client-F7203670E756
2022-05-19 09:23:54,424 [s1-server-thread1] DEBUG raftlog.RaftLog (SegmentedRaftLog.java:appendImpl(447)) - truncateIndex=-1, arrayIndex=0
2022-05-19 09:23:54,424 [s1@group-79A51F445787-SegmentedRaftLogWorker] TRACE util.FileUtils (LogUtils.java:runAndLog(49)) - Successfully ran Files.delete /home/runner/work/ratis/ratis/ratis-test/target/test/data/fbdca40e/MiniRaftClusterWithGrpc639795fb/s1/18f0c0db-b28e-477a-a7a1-79a51f445787/current/log_0-22
2022-05-19 09:23:54,424 [s1@group-79A51F445787-SegmentedRaftLogWorker] TRACE util.FileUtils (LogUtils.java:runAndLog(49)) - Successfully ran Files.delete /home/runner/work/ratis/ratis/ratis-test/target/test/data/fbdca40e/MiniRaftClusterWithGrpc639795fb/s1/18f0c0db-b28e-477a-a7a1-79a51f445787/current/log_23-50
2022-05-19 09:23:54,425 [s1@group-79A51F445787-SegmentedRaftLogWorker] INFO  raftlog.RaftLog (RaftLogBase.java:lambda$new$0(53)) - s1@group-79A51F445787-SegmentedRaftLog: purgeIndex: updateToMax old=-1, new=50, updated? true
2022-05-19 09:23:54,425 [s2@group-79A51F445787-StateMachineUpdater] INFO  statemachine.SimpleStateMachine4Testing (SimpleStateMachine4Testing.java:put(204)) - s2: put 67, m33 -> (t:1, i:67), STATEMACHINELOGENTRY, 290@client-F7203670E756
2022-05-19 09:23:54,427 [s1-server-thread1] DEBUG raftlog.RaftLog (SegmentedRaftLog.java:appendImpl(447)) - truncateIndex=-1, arrayIndex=0
2022-05-19 09:23:54,427 [s0-server-thread1] DEBUG raftlog.RaftLog (SegmentedRaftLog.java:appendImpl(447)) - truncateIndex=-1, arrayIndex=0
2022-05-19 09:23:54,428 [s1-server-thread1] DEBUG raftlog.RaftLog (SegmentedRaftLog.java:appendImpl(447)) - truncateIndex=-1, arrayIndex=0
2022-05-19 09:23:54,428 [s0-server-thread1] DEBUG raftlog.RaftLog (SegmentedRaftLog.java:appendImpl(447)) - truncateIndex=-1, arrayIndex=0
2022-05-19 09:23:54,429 [s1@group-79A51F445787-StateMachineUpdater] INFO  statemachine.SimpleStateMachine4Testing (SimpleStateMachine4Testing.java:put(204)) - s1: put 67, m33 -> (t:1, i:67), STATEMACHINELOGENTRY, 290@client-F7203670E756
2022-05-19 09:23:54,430 [s0@group-79A51F445787-StateMachineUpdater] INFO  statemachine.SimpleStateMachine4Testing (SimpleStateMachine4Testing.java:put(204)) - s0: put 67, m33 -> (t:1, i:67), STATEMACHINELOGENTRY, 290@client-F7203670E756
2022-05-19 09:23:54,432 [s2@group-79A51F445787-StateMachineUpdater] INFO  statemachine.SimpleStateMachine4Testing (SimpleStateMachine4Testing.java:put(204)) - s2: put 69, m34 -> (t:1, i:69), STATEMACHINELOGENTRY, 291@client-F7203670E756
2022-05-19 09:23:54,432 [s0-server-thread1] DEBUG raftlog.RaftLog (SegmentedRaftLog.java:appendImpl(447)) - truncateIndex=-1, arrayIndex=0
2022-05-19 09:23:54,432 [s1-server-thread1] DEBUG raftlog.RaftLog (SegmentedRaftLog.java:appendImpl(447)) - truncateIndex=-1, arrayIndex=0
2022-05-19 09:23:54,434 [s1-server-thread1] DEBUG raftlog.RaftLog (SegmentedRaftLog.java:appendImpl(447)) - truncateIndex=-1, arrayIndex=0
2022-05-19 09:23:54,434 [s0-server-thread1] DEBUG raftlog.RaftLog (SegmentedRaftLog.java:appendImpl(447)) - truncateIndex=-1, arrayIndex=0
2022-05-19 09:23:54,435 [s1@group-79A51F445787-StateMachineUpdater] INFO  statemachine.SimpleStateMachine4Testing (SimpleStateMachine4Testing.java:put(204)) - s1: put 69, m34 -> (t:1, i:69), STATEMACHINELOGENTRY, 291@client-F7203670E756
2022-05-19 09:23:54,436 [s0@group-79A51F445787-StateMachineUpdater] INFO  statemachine.SimpleStateMachine4Testing (SimpleStateMachine4Testing.java:put(204)) - s0: put 69, m34 -> (t:1, i:69), STATEMACHINELOGENTRY, 291@client-F7203670E756
2022-05-19 09:23:54,438 [s2@group-79A51F445787-StateMachineUpdater] INFO  statemachine.SimpleStateMachine4Testing (SimpleStateMachine4Testing.java:put(204)) - s2: put 71, m35 -> (t:1, i:71), STATEMACHINELOGENTRY, 292@client-F7203670E756
2022-05-19 09:23:54,439 [s1-server-thread1] DEBUG raftlog.RaftLog (SegmentedRaftLog.java:appendImpl(447)) - truncateIndex=-1, arrayIndex=0
2022-05-19 09:23:54,439 [s0-server-thread1] DEBUG raftlog.RaftLog (SegmentedRaftLog.java:appendImpl(447)) - truncateIndex=-1, arrayIndex=0
2022-05-19 09:23:54,440 [s0-server-thread1] DEBUG raftlog.RaftLog (SegmentedRaftLog.java:appendImpl(447)) - truncateIndex=-1, arrayIndex=0
2022-05-19 09:23:54,441 [s1-server-thread1] DEBUG raftlog.RaftLog (SegmentedRaftLog.java:appendImpl(447)) - truncateIndex=-1, arrayIndex=0
2022-05-19 09:23:54,442 [s1@group-79A51F445787-StateMachineUpdater] INFO  statemachine.SimpleStateMachine4Testing (SimpleStateMachine4Testing.java:put(204)) - s1: put 71, m35 -> (t:1, i:71), STATEMACHINELOGENTRY, 292@client-F7203670E756
2022-05-19 09:23:54,444 [s0@group-79A51F445787-StateMachineUpdater] INFO  statemachine.SimpleStateMachine4Testing (SimpleStateMachine4Testing.java:put(204)) - s0: put 71, m35 -> (t:1, i:71), STATEMACHINELOGENTRY, 292@client-F7203670E756
2022-05-19 09:23:54,445 [s2@group-79A51F445787-StateMachineUpdater] INFO  statemachine.SimpleStateMachine4Testing (SimpleStateMachine4Testing.java:put(204)) - s2: put 73, m36 -> (t:1, i:73), STATEMACHINELOGENTRY, 293@client-F7203670E756
2022-05-19 09:23:54,446 [s1-server-thread1] DEBUG raftlog.RaftLog (SegmentedRaftLog.java:appendImpl(447)) - truncateIndex=-1, arrayIndex=0
2022-05-19 09:23:54,446 [s0-server-thread1] DEBUG raftlog.RaftLog (SegmentedRaftLog.java:appendImpl(447)) - truncateIndex=-1, arrayIndex=0
2022-05-19 09:23:54,448 [s0-server-thread1] DEBUG raftlog.RaftLog (SegmentedRaftLog.java:appendImpl(447)) - truncateIndex=-1, arrayIndex=0
2022-05-19 09:23:54,448 [s1-server-thread1] DEBUG raftlog.RaftLog (SegmentedRaftLog.java:appendImpl(447)) - truncateIndex=-1, arrayIndex=0
2022-05-19 09:23:54,450 [s1@group-79A51F445787-StateMachineUpdater] INFO  statemachine.SimpleStateMachine4Testing (SimpleStateMachine4Testing.java:put(204)) - s1: put 73, m36 -> (t:1, i:73), STATEMACHINELOGENTRY, 293@client-F7203670E756
2022-05-19 09:23:54,451 [s0@group-79A51F445787-StateMachineUpdater] INFO  statemachine.SimpleStateMachine4Testing (SimpleStateMachine4Testing.java:put(204)) - s0: put 73, m36 -> (t:1, i:73), STATEMACHINELOGENTRY, 293@client-F7203670E756
2022-05-19 09:23:54,453 [s2@group-79A51F445787-StateMachineUpdater] INFO  statemachine.SimpleStateMachine4Testing (SimpleStateMachine4Testing.java:put(204)) - s2: put 75, m37 -> (t:1, i:75), STATEMACHINELOGENTRY, 294@client-F7203670E756
2022-05-19 09:23:54,454 [s1-server-thread1] DEBUG raftlog.RaftLog (SegmentedRaftLog.java:appendImpl(447)) - truncateIndex=-1, arrayIndex=0
2022-05-19 09:23:54,454 [s0-server-thread1] DEBUG raftlog.RaftLog (SegmentedRaftLog.java:appendImpl(447)) - truncateIndex=-1, arrayIndex=0
2022-05-19 09:23:54,455 [s1-server-thread1] DEBUG raftlog.RaftLog (SegmentedRaftLog.java:appendImpl(447)) - truncateIndex=-1, arrayIndex=0
2022-05-19 09:23:54,455 [s0-server-thread1] DEBUG raftlog.RaftLog (SegmentedRaftLog.java:appendImpl(447)) - truncateIndex=-1, arrayIndex=0
2022-05-19 09:23:54,456 [s1@group-79A51F445787-StateMachineUpdater] INFO  statemachine.SimpleStateMachine4Testing (SimpleStateMachine4Testing.java:put(204)) - s1: put 75, m37 -> (t:1, i:75), STATEMACHINELOGENTRY, 294@client-F7203670E756
2022-05-19 09:23:54,457 [s0@group-79A51F445787-StateMachineUpdater] INFO  statemachine.SimpleStateMachine4Testing (SimpleStateMachine4Testing.java:put(204)) - s0: put 75, m37 -> (t:1, i:75), STATEMACHINELOGENTRY, 294@client-F7203670E756
2022-05-19 09:23:54,459 [s2@group-79A51F445787-StateMachineUpdater] INFO  statemachine.SimpleStateMachine4Testing (SimpleStateMachine4Testing.java:put(204)) - s2: put 77, m38 -> (t:1, i:77), STATEMACHINELOGENTRY, 295@client-F7203670E756
2022-05-19 09:23:54,460 [s0-server-thread1] DEBUG raftlog.RaftLog (SegmentedRaftLog.java:appendImpl(447)) - truncateIndex=-1, arrayIndex=0
2022-05-19 09:23:54,460 [s1-server-thread1] DEBUG raftlog.RaftLog (SegmentedRaftLog.java:appendImpl(447)) - truncateIndex=-1, arrayIndex=0
2022-05-19 09:23:54,461 [s2-client-thread1] INFO  segmented.SegmentedRaftLogWorker (SegmentedRaftLogWorker.java:rollLogSegment(430)) - s2@group-79A51F445787-SegmentedRaftLogWorker: Rolling segment log-51_78 to index:78
2022-05-19 09:23:54,462 [s2@group-79A51F445787-SegmentedRaftLogWorker] TRACE util.FileUtils (LogUtils.java:runAndLog(49)) - Successfully ran Files.move /home/runner/work/ratis/ratis/ratis-test/target/test/data/fbdca40e/MiniRaftClusterWithGrpc639795fb/s2/18f0c0db-b28e-477a-a7a1-79a51f445787/current/log_inprogress_51 to /home/runner/work/ratis/ratis/ratis-test/target/test/data/fbdca40e/MiniRaftClusterWithGrpc639795fb/s2/18f0c0db-b28e-477a-a7a1-79a51f445787/current/log_51-78
2022-05-19 09:23:54,462 [s2@group-79A51F445787-SegmentedRaftLogWorker] INFO  segmented.SegmentedRaftLogWorker (SegmentedRaftLogWorker.java:execute(586)) - s2@group-79A51F445787-SegmentedRaftLogWorker: Rolled log segment from /home/runner/work/ratis/ratis/ratis-test/target/test/data/fbdca40e/MiniRaftClusterWithGrpc639795fb/s2/18f0c0db-b28e-477a-a7a1-79a51f445787/current/log_inprogress_51 to /home/runner/work/ratis/ratis/ratis-test/target/test/data/fbdca40e/MiniRaftClusterWithGrpc639795fb/s2/18f0c0db-b28e-477a-a7a1-79a51f445787/current/log_51-78
2022-05-19 09:23:54,463 [s0-server-thread1] DEBUG raftlog.RaftLog (SegmentedRaftLog.java:appendImpl(447)) - truncateIndex=-1, arrayIndex=0
2022-05-19 09:23:54,463 [s1-server-thread1] DEBUG raftlog.RaftLog (SegmentedRaftLog.java:appendImpl(447)) - truncateIndex=-1, arrayIndex=0
2022-05-19 09:23:54,463 [s0-server-thread1] INFO  segmented.SegmentedRaftLogWorker (SegmentedRaftLogWorker.java:rollLogSegment(430)) - s0@group-79A51F445787-SegmentedRaftLogWorker: Rolling segment log-51_78 to index:78
2022-05-19 09:23:54,463 [s1-server-thread1] INFO  segmented.SegmentedRaftLogWorker (SegmentedRaftLogWorker.java:rollLogSegment(430)) - s1@group-79A51F445787-SegmentedRaftLogWorker: Rolling segment log-51_78 to index:78
2022-05-19 09:23:54,464 [s2@group-79A51F445787-SegmentedRaftLogWorker] INFO  segmented.SegmentedRaftLogWorker (SegmentedRaftLogWorker.java:execute(629)) - s2@group-79A51F445787-SegmentedRaftLogWorker: created new log segment /home/runner/work/ratis/ratis/ratis-test/target/test/data/fbdca40e/MiniRaftClusterWithGrpc639795fb/s2/18f0c0db-b28e-477a-a7a1-79a51f445787/current/log_inprogress_79
2022-05-19 09:23:54,464 [s1@group-79A51F445787-SegmentedRaftLogWorker] TRACE util.FileUtils (LogUtils.java:runAndLog(49)) - Successfully ran Files.move /home/runner/work/ratis/ratis/ratis-test/target/test/data/fbdca40e/MiniRaftClusterWithGrpc639795fb/s1/18f0c0db-b28e-477a-a7a1-79a51f445787/current/log_inprogress_51 to /home/runner/work/ratis/ratis/ratis-test/target/test/data/fbdca40e/MiniRaftClusterWithGrpc639795fb/s1/18f0c0db-b28e-477a-a7a1-79a51f445787/current/log_51-78
2022-05-19 09:23:54,464 [s1@group-79A51F445787-SegmentedRaftLogWorker] INFO  segmented.SegmentedRaftLogWorker (SegmentedRaftLogWorker.java:execute(586)) - s1@group-79A51F445787-SegmentedRaftLogWorker: Rolled log segment from /home/runner/work/ratis/ratis/ratis-test/target/test/data/fbdca40e/MiniRaftClusterWithGrpc639795fb/s1/18f0c0db-b28e-477a-a7a1-79a51f445787/current/log_inprogress_51 to /home/runner/work/ratis/ratis/ratis-test/target/test/data/fbdca40e/MiniRaftClusterWithGrpc639795fb/s1/18f0c0db-b28e-477a-a7a1-79a51f445787/current/log_51-78
2022-05-19 09:23:54,466 [s1@group-79A51F445787-StateMachineUpdater] INFO  statemachine.SimpleStateMachine4Testing (SimpleStateMachine4Testing.java:put(204)) - s1: put 77, m38 -> (t:1, i:77), STATEMACHINELOGENTRY, 295@client-F7203670E756
2022-05-19 09:23:54,467 [s1@group-79A51F445787-SegmentedRaftLogWorker] INFO  segmented.SegmentedRaftLogWorker (SegmentedRaftLogWorker.java:execute(629)) - s1@group-79A51F445787-SegmentedRaftLogWorker: created new log segment /home/runner/work/ratis/ratis/ratis-test/target/test/data/fbdca40e/MiniRaftClusterWithGrpc639795fb/s1/18f0c0db-b28e-477a-a7a1-79a51f445787/current/log_inprogress_79
2022-05-19 09:23:54,467 [s0@group-79A51F445787-SegmentedRaftLogWorker] TRACE util.FileUtils (LogUtils.java:runAndLog(49)) - Successfully ran Files.move /home/runner/work/ratis/ratis/ratis-test/target/test/data/fbdca40e/MiniRaftClusterWithGrpc639795fb/s0/18f0c0db-b28e-477a-a7a1-79a51f445787/current/log_inprogress_51 to /home/runner/work/ratis/ratis/ratis-test/target/test/data/fbdca40e/MiniRaftClusterWithGrpc639795fb/s0/18f0c0db-b28e-477a-a7a1-79a51f445787/current/log_51-78
2022-05-19 09:23:54,467 [s0@group-79A51F445787-SegmentedRaftLogWorker] INFO  segmented.SegmentedRaftLogWorker (SegmentedRaftLogWorker.java:execute(586)) - s0@group-79A51F445787-SegmentedRaftLogWorker: Rolled log segment from /home/runner/work/ratis/ratis/ratis-test/target/test/data/fbdca40e/MiniRaftClusterWithGrpc639795fb/s0/18f0c0db-b28e-477a-a7a1-79a51f445787/current/log_inprogress_51 to /home/runner/work/ratis/ratis/ratis-test/target/test/data/fbdca40e/MiniRaftClusterWithGrpc639795fb/s0/18f0c0db-b28e-477a-a7a1-79a51f445787/current/log_51-78
2022-05-19 09:23:54,469 [s0@group-79A51F445787-SegmentedRaftLogWorker] INFO  segmented.SegmentedRaftLogWorker (SegmentedRaftLogWorker.java:execute(629)) - s0@group-79A51F445787-SegmentedRaftLogWorker: created new log segment /home/runner/work/ratis/ratis/ratis-test/target/test/data/fbdca40e/MiniRaftClusterWithGrpc639795fb/s0/18f0c0db-b28e-477a-a7a1-79a51f445787/current/log_inprogress_79
2022-05-19 09:23:54,470 [s0@group-79A51F445787-StateMachineUpdater] INFO  statemachine.SimpleStateMachine4Testing (SimpleStateMachine4Testing.java:put(204)) - s0: put 77, m38 -> (t:1, i:77), STATEMACHINELOGENTRY, 295@client-F7203670E756
2022-05-19 09:23:54,471 [s2@group-79A51F445787-StateMachineUpdater] INFO  statemachine.SimpleStateMachine4Testing (SimpleStateMachine4Testing.java:put(204)) - s2: put 79, m39 -> (t:1, i:79), STATEMACHINELOGENTRY, 296@client-F7203670E756
2022-05-19 09:23:54,472 [s1-server-thread1] DEBUG raftlog.RaftLog (SegmentedRaftLog.java:appendImpl(447)) - truncateIndex=-1, arrayIndex=0
2022-05-19 09:23:54,473 [s0-server-thread1] DEBUG raftlog.RaftLog (SegmentedRaftLog.java:appendImpl(447)) - truncateIndex=-1, arrayIndex=0
2022-05-19 09:23:54,475 [s0-server-thread1] DEBUG raftlog.RaftLog (SegmentedRaftLog.java:appendImpl(447)) - truncateIndex=-1, arrayIndex=0
2022-05-19 09:23:54,475 [s0@group-79A51F445787-StateMachineUpdater] INFO  statemachine.SimpleStateMachine4Testing (SimpleStateMachine4Testing.java:put(204)) - s0: put 79, m39 -> (t:1, i:79), STATEMACHINELOGENTRY, 296@client-F7203670E756
2022-05-19 09:23:54,476 [s1-server-thread1] DEBUG raftlog.RaftLog (SegmentedRaftLog.java:appendImpl(447)) - truncateIndex=-1, arrayIndex=0
2022-05-19 09:23:54,477 [s1@group-79A51F445787-StateMachineUpdater] INFO  statemachine.SimpleStateMachine4Testing (SimpleStateMachine4Testing.java:put(204)) - s1: put 79, m39 -> (t:1, i:79), STATEMACHINELOGENTRY, 296@client-F7203670E756
2022-05-19 09:23:54,481 [s2@group-79A51F445787-StateMachineUpdater] INFO  statemachine.SimpleStateMachine4Testing (SimpleStateMachine4Testing.java:put(204)) - s2: put 81, m40 -> (t:1, i:81), STATEMACHINELOGENTRY, 297@client-F7203670E756
2022-05-19 09:23:54,481 [s1-server-thread1] DEBUG raftlog.RaftLog (SegmentedRaftLog.java:appendImpl(447)) - truncateIndex=-1, arrayIndex=0
2022-05-19 09:23:54,481 [s0-server-thread1] DEBUG raftlog.RaftLog (SegmentedRaftLog.java:appendImpl(447)) - truncateIndex=-1, arrayIndex=0
2022-05-19 09:23:54,483 [s0-server-thread1] DEBUG raftlog.RaftLog (SegmentedRaftLog.java:appendImpl(447)) - truncateIndex=-1, arrayIndex=0
2022-05-19 09:23:54,483 [s1-server-thread1] DEBUG raftlog.RaftLog (SegmentedRaftLog.java:appendImpl(447)) - truncateIndex=-1, arrayIndex=0
2022-05-19 09:23:54,486 [s0@group-79A51F445787-StateMachineUpdater] INFO  statemachine.SimpleStateMachine4Testing (SimpleStateMachine4Testing.java:put(204)) - s0: put 81, m40 -> (t:1, i:81), STATEMACHINELOGENTRY, 297@client-F7203670E756
2022-05-19 09:23:54,487 [s2@group-79A51F445787-StateMachineUpdater] INFO  statemachine.SimpleStateMachine4Testing (SimpleStateMachine4Testing.java:put(204)) - s2: put 83, m41 -> (t:1, i:83), STATEMACHINELOGENTRY, 298@client-F7203670E756
2022-05-19 09:23:54,487 [s0-server-thread1] DEBUG raftlog.RaftLog (SegmentedRaftLog.java:appendImpl(447)) - truncateIndex=-1, arrayIndex=0
2022-05-19 09:23:54,488 [s1-server-thread1] DEBUG raftlog.RaftLog (SegmentedRaftLog.java:appendImpl(447)) - truncateIndex=-1, arrayIndex=0
2022-05-19 09:23:54,488 [s1@group-79A51F445787-StateMachineUpdater] INFO  statemachine.SimpleStateMachine4Testing (SimpleStateMachine4Testing.java:put(204)) - s1: put 81, m40 -> (t:1, i:81), STATEMACHINELOGENTRY, 297@client-F7203670E756
2022-05-19 09:23:54,490 [s0-server-thread1] DEBUG raftlog.RaftLog (SegmentedRaftLog.java:appendImpl(447)) - truncateIndex=-1, arrayIndex=0
2022-05-19 09:23:54,490 [s1-server-thread1] DEBUG raftlog.RaftLog (SegmentedRaftLog.java:appendImpl(447)) - truncateIndex=-1, arrayIndex=0
2022-05-19 09:23:54,492 [s0@group-79A51F445787-StateMachineUpdater] INFO  statemachine.SimpleStateMachine4Testing (SimpleStateMachine4Testing.java:put(204)) - s0: put 83, m41 -> (t:1, i:83), STATEMACHINELOGENTRY, 298@client-F7203670E756
2022-05-19 09:23:54,497 [s1@group-79A51F445787-StateMachineUpdater] INFO  statemachine.SimpleStateMachine4Testing (SimpleStateMachine4Testing.java:put(204)) - s1: put 83, m41 -> (t:1, i:83), STATEMACHINELOGENTRY, 298@client-F7203670E756
2022-05-19 09:23:54,498 [s2@group-79A51F445787-StateMachineUpdater] INFO  statemachine.SimpleStateMachine4Testing (SimpleStateMachine4Testing.java:put(204)) - s2: put 85, m42 -> (t:1, i:85), STATEMACHINELOGENTRY, 299@client-F7203670E756
2022-05-19 09:23:54,499 [s0-server-thread1] DEBUG raftlog.RaftLog (SegmentedRaftLog.java:appendImpl(447)) - truncateIndex=-1, arrayIndex=0
2022-05-19 09:23:54,499 [s1-server-thread1] DEBUG raftlog.RaftLog (SegmentedRaftLog.java:appendImpl(447)) - truncateIndex=-1, arrayIndex=0
2022-05-19 09:23:54,501 [s0-server-thread1] DEBUG raftlog.RaftLog (SegmentedRaftLog.java:appendImpl(447)) - truncateIndex=-1, arrayIndex=0
2022-05-19 09:23:54,501 [s1-server-thread1] DEBUG raftlog.RaftLog (SegmentedRaftLog.java:appendImpl(447)) - truncateIndex=-1, arrayIndex=0
2022-05-19 09:23:54,503 [s0@group-79A51F445787-StateMachineUpdater] INFO  statemachine.SimpleStateMachine4Testing (SimpleStateMachine4Testing.java:put(204)) - s0: put 85, m42 -> (t:1, i:85), STATEMACHINELOGENTRY, 299@client-F7203670E756
2022-05-19 09:23:54,505 [s2@group-79A51F445787-StateMachineUpdater] INFO  statemachine.SimpleStateMachine4Testing (SimpleStateMachine4Testing.java:put(204)) - s2: put 87, m43 -> (t:1, i:87), STATEMACHINELOGENTRY, 300@client-F7203670E756
2022-05-19 09:23:54,506 [s1-server-thread1] DEBUG raftlog.RaftLog (SegmentedRaftLog.java:appendImpl(447)) - truncateIndex=-1, arrayIndex=0
2022-05-19 09:23:54,507 [s0-server-thread1] DEBUG raftlog.RaftLog (SegmentedRaftLog.java:appendImpl(447)) - truncateIndex=-1, arrayIndex=0
2022-05-19 09:23:54,509 [s0-server-thread1] DEBUG raftlog.RaftLog (SegmentedRaftLog.java:appendImpl(447)) - truncateIndex=-1, arrayIndex=0
2022-05-19 09:23:54,510 [s1-server-thread1] DEBUG raftlog.RaftLog (SegmentedRaftLog.java:appendImpl(447)) - truncateIndex=-1, arrayIndex=0
2022-05-19 09:23:54,511 [s0@group-79A51F445787-StateMachineUpdater] INFO  statemachine.SimpleStateMachine4Testing (SimpleStateMachine4Testing.java:put(204)) - s0: put 87, m43 -> (t:1, i:87), STATEMACHINELOGENTRY, 300@client-F7203670E756
2022-05-19 09:23:54,512 [s1@group-79A51F445787-StateMachineUpdater] INFO  statemachine.SimpleStateMachine4Testing (SimpleStateMachine4Testing.java:put(204)) - s1: put 85, m42 -> (t:1, i:85), STATEMACHINELOGENTRY, 299@client-F7203670E756
2022-05-19 09:23:54,513 [s2@group-79A51F445787-StateMachineUpdater] INFO  statemachine.SimpleStateMachine4Testing (SimpleStateMachine4Testing.java:put(204)) - s2: put 89, m44 -> (t:1, i:89), STATEMACHINELOGENTRY, 301@client-F7203670E756
2022-05-19 09:23:54,514 [s0-server-thread1] DEBUG raftlog.RaftLog (SegmentedRaftLog.java:appendImpl(447)) - truncateIndex=-1, arrayIndex=0
2022-05-19 09:23:54,515 [s1-server-thread1] DEBUG raftlog.RaftLog (SegmentedRaftLog.java:appendImpl(447)) - truncateIndex=-1, arrayIndex=0
2022-05-19 09:23:54,517 [s1-server-thread1] DEBUG raftlog.RaftLog (SegmentedRaftLog.java:appendImpl(447)) - truncateIndex=-1, arrayIndex=0
2022-05-19 09:23:54,517 [s0-server-thread1] DEBUG raftlog.RaftLog (SegmentedRaftLog.java:appendImpl(447)) - truncateIndex=-1, arrayIndex=0
2022-05-19 09:23:54,518 [s1@group-79A51F445787-StateMachineUpdater] INFO  statemachine.SimpleStateMachine4Testing (SimpleStateMachine4Testing.java:put(204)) - s1: put 87, m43 -> (t:1, i:87), STATEMACHINELOGENTRY, 300@client-F7203670E756
2022-05-19 09:23:54,520 [s0@group-79A51F445787-StateMachineUpdater] INFO  statemachine.SimpleStateMachine4Testing (SimpleStateMachine4Testing.java:put(204)) - s0: put 89, m44 -> (t:1, i:89), STATEMACHINELOGENTRY, 301@client-F7203670E756
2022-05-19 09:23:54,521 [s1@group-79A51F445787-StateMachineUpdater] INFO  statemachine.SimpleStateMachine4Testing (SimpleStateMachine4Testing.java:put(204)) - s1: put 89, m44 -> (t:1, i:89), STATEMACHINELOGENTRY, 301@client-F7203670E756
2022-05-19 09:23:54,523 [s2@group-79A51F445787-StateMachineUpdater] INFO  statemachine.SimpleStateMachine4Testing (SimpleStateMachine4Testing.java:put(204)) - s2: put 91, m45 -> (t:1, i:91), STATEMACHINELOGENTRY, 302@client-F7203670E756
2022-05-19 09:23:54,524 [s0-server-thread1] DEBUG raftlog.RaftLog (SegmentedRaftLog.java:appendImpl(447)) - truncateIndex=-1, arrayIndex=0
2022-05-19 09:23:54,524 [s1-server-thread1] DEBUG raftlog.RaftLog (SegmentedRaftLog.java:appendImpl(447)) - truncateIndex=-1, arrayIndex=0
2022-05-19 09:23:54,526 [s1-server-thread1] DEBUG raftlog.RaftLog (SegmentedRaftLog.java:appendImpl(447)) - truncateIndex=-1, arrayIndex=0
2022-05-19 09:23:54,526 [s0-server-thread1] DEBUG raftlog.RaftLog (SegmentedRaftLog.java:appendImpl(447)) - truncateIndex=-1, arrayIndex=0
2022-05-19 09:23:54,527 [s0@group-79A51F445787-StateMachineUpdater] INFO  statemachine.SimpleStateMachine4Testing (SimpleStateMachine4Testing.java:put(204)) - s0: put 91, m45 -> (t:1, i:91), STATEMACHINELOGENTRY, 302@client-F7203670E756
2022-05-19 09:23:54,527 [s1@group-79A51F445787-StateMachineUpdater] INFO  statemachine.SimpleStateMachine4Testing (SimpleStateMachine4Testing.java:put(204)) - s1: put 91, m45 -> (t:1, i:91), STATEMACHINELOGENTRY, 302@client-F7203670E756
2022-05-19 09:23:54,529 [s2@group-79A51F445787-StateMachineUpdater] INFO  statemachine.SimpleStateMachine4Testing (SimpleStateMachine4Testing.java:put(204)) - s2: put 93, m46 -> (t:1, i:93), STATEMACHINELOGENTRY, 303@client-F7203670E756
2022-05-19 09:23:54,530 [s1-server-thread1] DEBUG raftlog.RaftLog (SegmentedRaftLog.java:appendImpl(447)) - truncateIndex=-1, arrayIndex=0
2022-05-19 09:23:54,530 [s0-server-thread1] DEBUG raftlog.RaftLog (SegmentedRaftLog.java:appendImpl(447)) - truncateIndex=-1, arrayIndex=0
2022-05-19 09:23:54,531 [s0-server-thread1] DEBUG raftlog.RaftLog (SegmentedRaftLog.java:appendImpl(447)) - truncateIndex=-1, arrayIndex=0
2022-05-19 09:23:54,532 [s1-server-thread1] DEBUG raftlog.RaftLog (SegmentedRaftLog.java:appendImpl(447)) - truncateIndex=-1, arrayIndex=0
2022-05-19 09:23:54,533 [s1@group-79A51F445787-StateMachineUpdater] INFO  statemachine.SimpleStateMachine4Testing (SimpleStateMachine4Testing.java:put(204)) - s1: put 93, m46 -> (t:1, i:93), STATEMACHINELOGENTRY, 303@client-F7203670E756
2022-05-19 09:23:54,534 [s0@group-79A51F445787-StateMachineUpdater] INFO  statemachine.SimpleStateMachine4Testing (SimpleStateMachine4Testing.java:put(204)) - s0: put 93, m46 -> (t:1, i:93), STATEMACHINELOGENTRY, 303@client-F7203670E756
2022-05-19 09:23:54,537 [s2@group-79A51F445787-StateMachineUpdater] INFO  statemachine.SimpleStateMachine4Testing (SimpleStateMachine4Testing.java:put(204)) - s2: put 95, m47 -> (t:1, i:95), STATEMACHINELOGENTRY, 304@client-F7203670E756
2022-05-19 09:23:54,539 [s1-server-thread1] DEBUG raftlog.RaftLog (SegmentedRaftLog.java:appendImpl(447)) - truncateIndex=-1, arrayIndex=0
2022-05-19 09:23:54,540 [s1-server-thread1] DEBUG raftlog.RaftLog (SegmentedRaftLog.java:appendImpl(447)) - truncateIndex=-1, arrayIndex=0
2022-05-19 09:23:54,541 [s0-server-thread1] DEBUG raftlog.RaftLog (SegmentedRaftLog.java:appendImpl(447)) - truncateIndex=-1, arrayIndex=0
2022-05-19 09:23:54,542 [s0-server-thread1] DEBUG raftlog.RaftLog (SegmentedRaftLog.java:appendImpl(447)) - truncateIndex=-1, arrayIndex=0
2022-05-19 09:23:54,545 [s1@group-79A51F445787-StateMachineUpdater] INFO  statemachine.SimpleStateMachine4Testing (SimpleStateMachine4Testing.java:put(204)) - s1: put 95, m47 -> (t:1, i:95), STATEMACHINELOGENTRY, 304@client-F7203670E756
2022-05-19 09:23:54,546 [s0@group-79A51F445787-StateMachineUpdater] INFO  statemachine.SimpleStateMachine4Testing (SimpleStateMachine4Testing.java:put(204)) - s0: put 95, m47 -> (t:1, i:95), STATEMACHINELOGENTRY, 304@client-F7203670E756
2022-05-19 09:23:54,548 [s2@group-79A51F445787-StateMachineUpdater] INFO  statemachine.SimpleStateMachine4Testing (SimpleStateMachine4Testing.java:put(204)) - s2: put 97, m48 -> (t:1, i:97), STATEMACHINELOGENTRY, 305@client-F7203670E756
2022-05-19 09:23:54,549 [s1-server-thread1] DEBUG raftlog.RaftLog (SegmentedRaftLog.java:appendImpl(447)) - truncateIndex=-1, arrayIndex=0
2022-05-19 09:23:54,550 [s0-server-thread1] DEBUG raftlog.RaftLog (SegmentedRaftLog.java:appendImpl(447)) - truncateIndex=-1, arrayIndex=0
2022-05-19 09:23:54,551 [s1-server-thread1] DEBUG raftlog.RaftLog (SegmentedRaftLog.java:appendImpl(447)) - truncateIndex=-1, arrayIndex=0
2022-05-19 09:23:54,551 [s0-server-thread1] DEBUG raftlog.RaftLog (SegmentedRaftLog.java:appendImpl(447)) - truncateIndex=-1, arrayIndex=0
2022-05-19 09:23:54,555 [s1@group-79A51F445787-StateMachineUpdater] INFO  statemachine.SimpleStateMachine4Testing (SimpleStateMachine4Testing.java:put(204)) - s1: put 97, m48 -> (t:1, i:97), STATEMACHINELOGENTRY, 305@client-F7203670E756
2022-05-19 09:23:54,556 [s0@group-79A51F445787-StateMachineUpdater] INFO  statemachine.SimpleStateMachine4Testing (SimpleStateMachine4Testing.java:put(204)) - s0: put 97, m48 -> (t:1, i:97), STATEMACHINELOGENTRY, 305@client-F7203670E756
2022-05-19 09:23:54,557 [s2@group-79A51F445787-StateMachineUpdater] INFO  statemachine.SimpleStateMachine4Testing (SimpleStateMachine4Testing.java:put(204)) - s2: put 99, m49 -> (t:1, i:99), STATEMACHINELOGENTRY, 306@client-F7203670E756
2022-05-19 09:23:54,559 [s1-server-thread1] DEBUG raftlog.RaftLog (SegmentedRaftLog.java:appendImpl(447)) - truncateIndex=-1, arrayIndex=0
2022-05-19 09:23:54,559 [s0-server-thread1] DEBUG raftlog.RaftLog (SegmentedRaftLog.java:appendImpl(447)) - truncateIndex=-1, arrayIndex=0
2022-05-19 09:23:54,566 [s1@group-79A51F445787-StateMachineUpdater] INFO  statemachine.SimpleStateMachine4Testing (SimpleStateMachine4Testing.java:put(204)) - s1: put 99, m49 -> (t:1, i:99), STATEMACHINELOGENTRY, 306@client-F7203670E756
2022-05-19 09:23:54,567 [s0-server-thread1] DEBUG raftlog.RaftLog (SegmentedRaftLog.java:appendImpl(447)) - truncateIndex=-1, arrayIndex=0
2022-05-19 09:23:54,567 [s1-server-thread1] DEBUG raftlog.RaftLog (SegmentedRaftLog.java:appendImpl(447)) - truncateIndex=-1, arrayIndex=0
2022-05-19 09:23:54,568 [s0@group-79A51F445787-StateMachineUpdater] INFO  statemachine.SimpleStateMachine4Testing (SimpleStateMachine4Testing.java:put(204)) - s0: put 99, m49 -> (t:1, i:99), STATEMACHINELOGENTRY, 306@client-F7203670E756
2022-05-19 09:23:54,570 [s2@group-79A51F445787-StateMachineUpdater] INFO  statemachine.SimpleStateMachine4Testing (SimpleStateMachine4Testing.java:put(204)) - s2: put 101, m50 -> (t:1, i:101), STATEMACHINELOGENTRY, 307@client-F7203670E756
2022-05-19 09:23:54,570 [s1-server-thread1] DEBUG raftlog.RaftLog (SegmentedRaftLog.java:appendImpl(447)) - truncateIndex=-1, arrayIndex=0
2022-05-19 09:23:54,571 [s0-server-thread1] DEBUG raftlog.RaftLog (SegmentedRaftLog.java:appendImpl(447)) - truncateIndex=-1, arrayIndex=0
2022-05-19 09:23:54,576 [s1@group-79A51F445787-StateMachineUpdater] INFO  statemachine.SimpleStateMachine4Testing (SimpleStateMachine4Testing.java:put(204)) - s1: put 101, m50 -> (t:1, i:101), STATEMACHINELOGENTRY, 307@client-F7203670E756
2022-05-19 09:23:54,577 [s0-server-thread1] DEBUG raftlog.RaftLog (SegmentedRaftLog.java:appendImpl(447)) - truncateIndex=-1, arrayIndex=0
2022-05-19 09:23:54,578 [s1-server-thread1] DEBUG raftlog.RaftLog (SegmentedRaftLog.java:appendImpl(447)) - truncateIndex=-1, arrayIndex=0
2022-05-19 09:23:54,582 [s0@group-79A51F445787-StateMachineUpdater] INFO  statemachine.SimpleStateMachine4Testing (SimpleStateMachine4Testing.java:put(204)) - s0: put 101, m50 -> (t:1, i:101), STATEMACHINELOGENTRY, 307@client-F7203670E756
2022-05-19 09:23:54,585 [s2@group-79A51F445787-StateMachineUpdater] INFO  statemachine.SimpleStateMachine4Testing (SimpleStateMachine4Testing.java:put(204)) - s2: put 103, m51 -> (t:1, i:103), STATEMACHINELOGENTRY, 308@client-F7203670E756
2022-05-19 09:23:54,586 [s1-server-thread1] DEBUG raftlog.RaftLog (SegmentedRaftLog.java:appendImpl(447)) - truncateIndex=-1, arrayIndex=0
2022-05-19 09:23:54,586 [s0-server-thread1] DEBUG raftlog.RaftLog (SegmentedRaftLog.java:appendImpl(447)) - truncateIndex=-1, arrayIndex=0
2022-05-19 09:23:54,588 [s0-server-thread1] DEBUG raftlog.RaftLog (SegmentedRaftLog.java:appendImpl(447)) - truncateIndex=-1, arrayIndex=0
2022-05-19 09:23:54,588 [s1-server-thread1] DEBUG raftlog.RaftLog (SegmentedRaftLog.java:appendImpl(447)) - truncateIndex=-1, arrayIndex=0
2022-05-19 09:23:54,590 [s1@group-79A51F445787-StateMachineUpdater] INFO  statemachine.SimpleStateMachine4Testing (SimpleStateMachine4Testing.java:put(204)) - s1: put 103, m51 -> (t:1, i:103), STATEMACHINELOGENTRY, 308@client-F7203670E756
2022-05-19 09:23:54,591 [s0@group-79A51F445787-StateMachineUpdater] INFO  statemachine.SimpleStateMachine4Testing (SimpleStateMachine4Testing.java:put(204)) - s0: put 103, m51 -> (t:1, i:103), STATEMACHINELOGENTRY, 308@client-F7203670E756
2022-05-19 09:23:54,592 [s2@group-79A51F445787-StateMachineUpdater] INFO  statemachine.SimpleStateMachine4Testing (SimpleStateMachine4Testing.java:put(204)) - s2: put 105, m52 -> (t:1, i:105), STATEMACHINELOGENTRY, 309@client-F7203670E756
2022-05-19 09:23:54,593 [s1-server-thread1] DEBUG raftlog.RaftLog (SegmentedRaftLog.java:appendImpl(447)) - truncateIndex=-1, arrayIndex=0
2022-05-19 09:23:54,594 [s0-server-thread1] DEBUG raftlog.RaftLog (SegmentedRaftLog.java:appendImpl(447)) - truncateIndex=-1, arrayIndex=0
2022-05-19 09:23:54,595 [s2-client-thread1] INFO  segmented.SegmentedRaftLogWorker (SegmentedRaftLogWorker.java:rollLogSegment(430)) - s2@group-79A51F445787-SegmentedRaftLogWorker: Rolling segment log-79_106 to index:106
2022-05-19 09:23:54,595 [s2@group-79A51F445787-SegmentedRaftLogWorker] TRACE util.FileUtils (LogUtils.java:runAndLog(49)) - Successfully ran Files.move /home/runner/work/ratis/ratis/ratis-test/target/test/data/fbdca40e/MiniRaftClusterWithGrpc639795fb/s2/18f0c0db-b28e-477a-a7a1-79a51f445787/current/log_inprogress_79 to /home/runner/work/ratis/ratis/ratis-test/target/test/data/fbdca40e/MiniRaftClusterWithGrpc639795fb/s2/18f0c0db-b28e-477a-a7a1-79a51f445787/current/log_79-106
2022-05-19 09:23:54,595 [s2@group-79A51F445787-SegmentedRaftLogWorker] INFO  segmented.SegmentedRaftLogWorker (SegmentedRaftLogWorker.java:execute(586)) - s2@group-79A51F445787-SegmentedRaftLogWorker: Rolled log segment from /home/runner/work/ratis/ratis/ratis-test/target/test/data/fbdca40e/MiniRaftClusterWithGrpc639795fb/s2/18f0c0db-b28e-477a-a7a1-79a51f445787/current/log_inprogress_79 to /home/runner/work/ratis/ratis/ratis-test/target/test/data/fbdca40e/MiniRaftClusterWithGrpc639795fb/s2/18f0c0db-b28e-477a-a7a1-79a51f445787/current/log_79-106
2022-05-19 09:23:54,596 [s1-server-thread1] DEBUG raftlog.RaftLog (SegmentedRaftLog.java:appendImpl(447)) - truncateIndex=-1, arrayIndex=0
2022-05-19 09:23:54,596 [s1-server-thread1] INFO  segmented.SegmentedRaftLogWorker (SegmentedRaftLogWorker.java:rollLogSegment(430)) - s1@group-79A51F445787-SegmentedRaftLogWorker: Rolling segment log-79_106 to index:106
2022-05-19 09:23:54,596 [s2@group-79A51F445787-SegmentedRaftLogWorker] INFO  segmented.SegmentedRaftLogWorker (SegmentedRaftLogWorker.java:execute(629)) - s2@group-79A51F445787-SegmentedRaftLogWorker: created new log segment /home/runner/work/ratis/ratis/ratis-test/target/test/data/fbdca40e/MiniRaftClusterWithGrpc639795fb/s2/18f0c0db-b28e-477a-a7a1-79a51f445787/current/log_inprogress_107
2022-05-19 09:23:54,596 [s0-server-thread1] DEBUG raftlog.RaftLog (SegmentedRaftLog.java:appendImpl(447)) - truncateIndex=-1, arrayIndex=0
2022-05-19 09:23:54,596 [s0-server-thread1] INFO  segmented.SegmentedRaftLogWorker (SegmentedRaftLogWorker.java:rollLogSegment(430)) - s0@group-79A51F445787-SegmentedRaftLogWorker: Rolling segment log-79_106 to index:106
2022-05-19 09:23:54,598 [s1@group-79A51F445787-SegmentedRaftLogWorker] TRACE util.FileUtils (LogUtils.java:runAndLog(49)) - Successfully ran Files.move /home/runner/work/ratis/ratis/ratis-test/target/test/data/fbdca40e/MiniRaftClusterWithGrpc639795fb/s1/18f0c0db-b28e-477a-a7a1-79a51f445787/current/log_inprogress_79 to /home/runner/work/ratis/ratis/ratis-test/target/test/data/fbdca40e/MiniRaftClusterWithGrpc639795fb/s1/18f0c0db-b28e-477a-a7a1-79a51f445787/current/log_79-106
2022-05-19 09:23:54,598 [s1@group-79A51F445787-SegmentedRaftLogWorker] INFO  segmented.SegmentedRaftLogWorker (SegmentedRaftLogWorker.java:execute(586)) - s1@group-79A51F445787-SegmentedRaftLogWorker: Rolled log segment from /home/runner/work/ratis/ratis/ratis-test/target/test/data/fbdca40e/MiniRaftClusterWithGrpc639795fb/s1/18f0c0db-b28e-477a-a7a1-79a51f445787/current/log_inprogress_79 to /home/runner/work/ratis/ratis/ratis-test/target/test/data/fbdca40e/MiniRaftClusterWithGrpc639795fb/s1/18f0c0db-b28e-477a-a7a1-79a51f445787/current/log_79-106
2022-05-19 09:23:54,599 [s1@group-79A51F445787-StateMachineUpdater] INFO  statemachine.SimpleStateMachine4Testing (SimpleStateMachine4Testing.java:put(204)) - s1: put 105, m52 -> (t:1, i:105), STATEMACHINELOGENTRY, 309@client-F7203670E756
2022-05-19 09:23:54,599 [s0@group-79A51F445787-SegmentedRaftLogWorker] TRACE util.FileUtils (LogUtils.java:runAndLog(49)) - Successfully ran Files.move /home/runner/work/ratis/ratis/ratis-test/target/test/data/fbdca40e/MiniRaftClusterWithGrpc639795fb/s0/18f0c0db-b28e-477a-a7a1-79a51f445787/current/log_inprogress_79 to /home/runner/work/ratis/ratis/ratis-test/target/test/data/fbdca40e/MiniRaftClusterWithGrpc639795fb/s0/18f0c0db-b28e-477a-a7a1-79a51f445787/current/log_79-106
2022-05-19 09:23:54,599 [s0@group-79A51F445787-SegmentedRaftLogWorker] INFO  segmented.SegmentedRaftLogWorker (SegmentedRaftLogWorker.java:execute(586)) - s0@group-79A51F445787-SegmentedRaftLogWorker: Rolled log segment from /home/runner/work/ratis/ratis/ratis-test/target/test/data/fbdca40e/MiniRaftClusterWithGrpc639795fb/s0/18f0c0db-b28e-477a-a7a1-79a51f445787/current/log_inprogress_79 to /home/runner/work/ratis/ratis/ratis-test/target/test/data/fbdca40e/MiniRaftClusterWithGrpc639795fb/s0/18f0c0db-b28e-477a-a7a1-79a51f445787/current/log_79-106
2022-05-19 09:23:54,599 [s0@group-79A51F445787-StateMachineUpdater] INFO  statemachine.SimpleStateMachine4Testing (SimpleStateMachine4Testing.java:put(204)) - s0: put 105, m52 -> (t:1, i:105), STATEMACHINELOGENTRY, 309@client-F7203670E756
2022-05-19 09:23:54,600 [s1@group-79A51F445787-SegmentedRaftLogWorker] INFO  segmented.SegmentedRaftLogWorker (SegmentedRaftLogWorker.java:execute(629)) - s1@group-79A51F445787-SegmentedRaftLogWorker: created new log segment /home/runner/work/ratis/ratis/ratis-test/target/test/data/fbdca40e/MiniRaftClusterWithGrpc639795fb/s1/18f0c0db-b28e-477a-a7a1-79a51f445787/current/log_inprogress_107
2022-05-19 09:23:54,600 [s0@group-79A51F445787-SegmentedRaftLogWorker] INFO  segmented.SegmentedRaftLogWorker (SegmentedRaftLogWorker.java:execute(629)) - s0@group-79A51F445787-SegmentedRaftLogWorker: created new log segment /home/runner/work/ratis/ratis/ratis-test/target/test/data/fbdca40e/MiniRaftClusterWithGrpc639795fb/s0/18f0c0db-b28e-477a-a7a1-79a51f445787/current/log_inprogress_107
2022-05-19 09:23:54,601 [s2@group-79A51F445787-StateMachineUpdater] INFO  statemachine.SimpleStateMachine4Testing (SimpleStateMachine4Testing.java:put(204)) - s2: put 107, m53 -> (t:1, i:107), STATEMACHINELOGENTRY, 310@client-F7203670E756
2022-05-19 09:23:54,602 [s1-server-thread1] DEBUG raftlog.RaftLog (SegmentedRaftLog.java:appendImpl(447)) - truncateIndex=-1, arrayIndex=0
2022-05-19 09:23:54,602 [s0-server-thread1] DEBUG raftlog.RaftLog (SegmentedRaftLog.java:appendImpl(447)) - truncateIndex=-1, arrayIndex=0
2022-05-19 09:23:54,606 [s0-server-thread1] DEBUG raftlog.RaftLog (SegmentedRaftLog.java:appendImpl(447)) - truncateIndex=-1, arrayIndex=0
2022-05-19 09:23:54,606 [s1-server-thread1] DEBUG raftlog.RaftLog (SegmentedRaftLog.java:appendImpl(447)) - truncateIndex=-1, arrayIndex=0
2022-05-19 09:23:54,607 [s1@group-79A51F445787-StateMachineUpdater] INFO  statemachine.SimpleStateMachine4Testing (SimpleStateMachine4Testing.java:put(204)) - s1: put 107, m53 -> (t:1, i:107), STATEMACHINELOGENTRY, 310@client-F7203670E756
2022-05-19 09:23:54,607 [s0@group-79A51F445787-StateMachineUpdater] INFO  statemachine.SimpleStateMachine4Testing (SimpleStateMachine4Testing.java:put(204)) - s0: put 107, m53 -> (t:1, i:107), STATEMACHINELOGENTRY, 310@client-F7203670E756
2022-05-19 09:23:54,613 [s2@group-79A51F445787-StateMachineUpdater] INFO  statemachine.SimpleStateMachine4Testing (SimpleStateMachine4Testing.java:put(204)) - s2: put 109, m54 -> (t:1, i:109), STATEMACHINELOGENTRY, 311@client-F7203670E756
2022-05-19 09:23:54,614 [s0-server-thread1] DEBUG raftlog.RaftLog (SegmentedRaftLog.java:appendImpl(447)) - truncateIndex=-1, arrayIndex=0
2022-05-19 09:23:54,614 [s1-server-thread1] DEBUG raftlog.RaftLog (SegmentedRaftLog.java:appendImpl(447)) - truncateIndex=-1, arrayIndex=0
2022-05-19 09:23:54,615 [s1-server-thread1] DEBUG raftlog.RaftLog (SegmentedRaftLog.java:appendImpl(447)) - truncateIndex=-1, arrayIndex=0
2022-05-19 09:23:54,615 [s0-server-thread1] DEBUG raftlog.RaftLog (SegmentedRaftLog.java:appendImpl(447)) - truncateIndex=-1, arrayIndex=0
2022-05-19 09:23:54,620 [s0@group-79A51F445787-StateMachineUpdater] INFO  statemachine.SimpleStateMachine4Testing (SimpleStateMachine4Testing.java:put(204)) - s0: put 109, m54 -> (t:1, i:109), STATEMACHINELOGENTRY, 311@client-F7203670E756
2022-05-19 09:23:54,621 [s2@group-79A51F445787-StateMachineUpdater] INFO  statemachine.SimpleStateMachine4Testing (SimpleStateMachine4Testing.java:put(204)) - s2: put 111, m55 -> (t:1, i:111), STATEMACHINELOGENTRY, 312@client-F7203670E756
2022-05-19 09:23:54,622 [s0-server-thread1] DEBUG raftlog.RaftLog (SegmentedRaftLog.java:appendImpl(447)) - truncateIndex=-1, arrayIndex=0
2022-05-19 09:23:54,623 [s1@group-79A51F445787-StateMachineUpdater] INFO  statemachine.SimpleStateMachine4Testing (SimpleStateMachine4Testing.java:put(204)) - s1: put 109, m54 -> (t:1, i:109), STATEMACHINELOGENTRY, 311@client-F7203670E756
2022-05-19 09:23:54,623 [s1-server-thread1] DEBUG raftlog.RaftLog (SegmentedRaftLog.java:appendImpl(447)) - truncateIndex=-1, arrayIndex=0
2022-05-19 09:23:54,624 [s0-server-thread1] DEBUG raftlog.RaftLog (SegmentedRaftLog.java:appendImpl(447)) - truncateIndex=-1, arrayIndex=0
2022-05-19 09:23:54,624 [s1-server-thread1] DEBUG raftlog.RaftLog (SegmentedRaftLog.java:appendImpl(447)) - truncateIndex=-1, arrayIndex=0
2022-05-19 09:23:54,627 [s0@group-79A51F445787-StateMachineUpdater] INFO  statemachine.SimpleStateMachine4Testing (SimpleStateMachine4Testing.java:put(204)) - s0: put 111, m55 -> (t:1, i:111), STATEMACHINELOGENTRY, 312@client-F7203670E756
2022-05-19 09:23:54,627 [s1@group-79A51F445787-StateMachineUpdater] INFO  statemachine.SimpleStateMachine4Testing (SimpleStateMachine4Testing.java:put(204)) - s1: put 111, m55 -> (t:1, i:111), STATEMACHINELOGENTRY, 312@client-F7203670E756
2022-05-19 09:23:54,628 [s2@group-79A51F445787-StateMachineUpdater] INFO  statemachine.SimpleStateMachine4Testing (SimpleStateMachine4Testing.java:put(204)) - s2: put 113, m56 -> (t:1, i:113), STATEMACHINELOGENTRY, 313@client-F7203670E756
2022-05-19 09:23:54,630 [s1-server-thread1] DEBUG raftlog.RaftLog (SegmentedRaftLog.java:appendImpl(447)) - truncateIndex=-1, arrayIndex=0
2022-05-19 09:23:54,631 [s1@group-79A51F445787-StateMachineUpdater] INFO  statemachine.SimpleStateMachine4Testing (SimpleStateMachine4Testing.java:put(204)) - s1: put 113, m56 -> (t:1, i:113), STATEMACHINELOGENTRY, 313@client-F7203670E756
2022-05-19 09:23:54,632 [s1-server-thread1] DEBUG raftlog.RaftLog (SegmentedRaftLog.java:appendImpl(447)) - truncateIndex=-1, arrayIndex=0
2022-05-19 09:23:54,632 [s0-server-thread1] DEBUG raftlog.RaftLog (SegmentedRaftLog.java:appendImpl(447)) - truncateIndex=-1, arrayIndex=0
2022-05-19 09:23:54,632 [s0-server-thread1] DEBUG raftlog.RaftLog (SegmentedRaftLog.java:appendImpl(447)) - truncateIndex=-1, arrayIndex=0
2022-05-19 09:23:54,635 [s0@group-79A51F445787-StateMachineUpdater] INFO  statemachine.SimpleStateMachine4Testing (SimpleStateMachine4Testing.java:put(204)) - s0: put 113, m56 -> (t:1, i:113), STATEMACHINELOGENTRY, 313@client-F7203670E756
2022-05-19 09:23:54,637 [s2@group-79A51F445787-StateMachineUpdater] INFO  statemachine.SimpleStateMachine4Testing (SimpleStateMachine4Testing.java:put(204)) - s2: put 115, m57 -> (t:1, i:115), STATEMACHINELOGENTRY, 314@client-F7203670E756
2022-05-19 09:23:54,638 [s0-server-thread1] DEBUG raftlog.RaftLog (SegmentedRaftLog.java:appendImpl(447)) - truncateIndex=-1, arrayIndex=0
2022-05-19 09:23:54,638 [s1-server-thread1] DEBUG raftlog.RaftLog (SegmentedRaftLog.java:appendImpl(447)) - truncateIndex=-1, arrayIndex=0
2022-05-19 09:23:54,639 [s1-server-thread1] DEBUG raftlog.RaftLog (SegmentedRaftLog.java:appendImpl(447)) - truncateIndex=-1, arrayIndex=0
2022-05-19 09:23:54,640 [s0-server-thread1] DEBUG raftlog.RaftLog (SegmentedRaftLog.java:appendImpl(447)) - truncateIndex=-1, arrayIndex=0
2022-05-19 09:23:54,645 [s1@group-79A51F445787-StateMachineUpdater] INFO  statemachine.SimpleStateMachine4Testing (SimpleStateMachine4Testing.java:put(204)) - s1: put 115, m57 -> (t:1, i:115), STATEMACHINELOGENTRY, 314@client-F7203670E756
2022-05-19 09:23:54,645 [s0@group-79A51F445787-StateMachineUpdater] INFO  statemachine.SimpleStateMachine4Testing (SimpleStateMachine4Testing.java:put(204)) - s0: put 115, m57 -> (t:1, i:115), STATEMACHINELOGENTRY, 314@client-F7203670E756
2022-05-19 09:23:54,646 [s2@group-79A51F445787-StateMachineUpdater] INFO  statemachine.SimpleStateMachine4Testing (SimpleStateMachine4Testing.java:put(204)) - s2: put 117, m58 -> (t:1, i:117), STATEMACHINELOGENTRY, 315@client-F7203670E756
2022-05-19 09:23:54,647 [s0-server-thread1] DEBUG raftlog.RaftLog (SegmentedRaftLog.java:appendImpl(447)) - truncateIndex=-1, arrayIndex=0
2022-05-19 09:23:54,647 [s1-server-thread1] DEBUG raftlog.RaftLog (SegmentedRaftLog.java:appendImpl(447)) - truncateIndex=-1, arrayIndex=0
2022-05-19 09:23:54,650 [s0-server-thread1] DEBUG raftlog.RaftLog (SegmentedRaftLog.java:appendImpl(447)) - truncateIndex=-1, arrayIndex=0
2022-05-19 09:23:54,650 [s1-server-thread1] DEBUG raftlog.RaftLog (SegmentedRaftLog.java:appendImpl(447)) - truncateIndex=-1, arrayIndex=0
2022-05-19 09:23:54,656 [s1@group-79A51F445787-StateMachineUpdater] INFO  statemachine.SimpleStateMachine4Testing (SimpleStateMachine4Testing.java:put(204)) - s1: put 117, m58 -> (t:1, i:117), STATEMACHINELOGENTRY, 315@client-F7203670E756
2022-05-19 09:23:54,656 [s0@group-79A51F445787-StateMachineUpdater] INFO  statemachine.SimpleStateMachine4Testing (SimpleStateMachine4Testing.java:put(204)) - s0: put 117, m58 -> (t:1, i:117), STATEMACHINELOGENTRY, 315@client-F7203670E756
2022-05-19 09:23:54,661 [s2@group-79A51F445787-StateMachineUpdater] INFO  statemachine.SimpleStateMachine4Testing (SimpleStateMachine4Testing.java:put(204)) - s2: put 119, m59 -> (t:1, i:119), STATEMACHINELOGENTRY, 316@client-F7203670E756
2022-05-19 09:23:54,662 [s0-server-thread1] DEBUG raftlog.RaftLog (SegmentedRaftLog.java:appendImpl(447)) - truncateIndex=-1, arrayIndex=0
2022-05-19 09:23:54,663 [s1-server-thread1] DEBUG raftlog.RaftLog (SegmentedRaftLog.java:appendImpl(447)) - truncateIndex=-1, arrayIndex=0
2022-05-19 09:23:54,664 [s0-server-thread1] DEBUG raftlog.RaftLog (SegmentedRaftLog.java:appendImpl(447)) - truncateIndex=-1, arrayIndex=0
2022-05-19 09:23:54,664 [s1-server-thread1] DEBUG raftlog.RaftLog (SegmentedRaftLog.java:appendImpl(447)) - truncateIndex=-1, arrayIndex=0
2022-05-19 09:23:54,665 [s0@group-79A51F445787-StateMachineUpdater] INFO  statemachine.SimpleStateMachine4Testing (SimpleStateMachine4Testing.java:put(204)) - s0: put 119, m59 -> (t:1, i:119), STATEMACHINELOGENTRY, 316@client-F7203670E756
2022-05-19 09:23:54,665 [s1@group-79A51F445787-StateMachineUpdater] INFO  statemachine.SimpleStateMachine4Testing (SimpleStateMachine4Testing.java:put(204)) - s1: put 119, m59 -> (t:1, i:119), STATEMACHINELOGENTRY, 316@client-F7203670E756
2022-05-19 09:23:54,667 [s2@group-79A51F445787-StateMachineUpdater] INFO  statemachine.SimpleStateMachine4Testing (SimpleStateMachine4Testing.java:put(204)) - s2: put 121, m60 -> (t:1, i:121), STATEMACHINELOGENTRY, 317@client-F7203670E756
2022-05-19 09:23:54,668 [s1-server-thread1] DEBUG raftlog.RaftLog (SegmentedRaftLog.java:appendImpl(447)) - truncateIndex=-1, arrayIndex=0
2022-05-19 09:23:54,668 [s0-server-thread1] DEBUG raftlog.RaftLog (SegmentedRaftLog.java:appendImpl(447)) - truncateIndex=-1, arrayIndex=0
2022-05-19 09:23:54,670 [s0-server-thread1] DEBUG raftlog.RaftLog (SegmentedRaftLog.java:appendImpl(447)) - truncateIndex=-1, arrayIndex=0
2022-05-19 09:23:54,670 [s1-server-thread1] DEBUG raftlog.RaftLog (SegmentedRaftLog.java:appendImpl(447)) - truncateIndex=-1, arrayIndex=0
2022-05-19 09:23:54,670 [s0@group-79A51F445787-StateMachineUpdater] INFO  statemachine.SimpleStateMachine4Testing (SimpleStateMachine4Testing.java:put(204)) - s0: put 121, m60 -> (t:1, i:121), STATEMACHINELOGENTRY, 317@client-F7203670E756
2022-05-19 09:23:54,673 [s1@group-79A51F445787-StateMachineUpdater] INFO  statemachine.SimpleStateMachine4Testing (SimpleStateMachine4Testing.java:put(204)) - s1: put 121, m60 -> (t:1, i:121), STATEMACHINELOGENTRY, 317@client-F7203670E756
2022-05-19 09:23:54,677 [s2@group-79A51F445787-StateMachineUpdater] INFO  statemachine.SimpleStateMachine4Testing (SimpleStateMachine4Testing.java:put(204)) - s2: put 123, m61 -> (t:1, i:123), STATEMACHINELOGENTRY, 318@client-F7203670E756
2022-05-19 09:23:54,678 [s0-server-thread1] DEBUG raftlog.RaftLog (SegmentedRaftLog.java:appendImpl(447)) - truncateIndex=-1, arrayIndex=0
2022-05-19 09:23:54,679 [s1-server-thread1] DEBUG raftlog.RaftLog (SegmentedRaftLog.java:appendImpl(447)) - truncateIndex=-1, arrayIndex=0
2022-05-19 09:23:54,681 [s1-server-thread1] DEBUG raftlog.RaftLog (SegmentedRaftLog.java:appendImpl(447)) - truncateIndex=-1, arrayIndex=0
2022-05-19 09:23:54,681 [s0-server-thread1] DEBUG raftlog.RaftLog (SegmentedRaftLog.java:appendImpl(447)) - truncateIndex=-1, arrayIndex=0
2022-05-19 09:23:54,684 [s0@group-79A51F445787-StateMachineUpdater] INFO  statemachine.SimpleStateMachine4Testing (SimpleStateMachine4Testing.java:put(204)) - s0: put 123, m61 -> (t:1, i:123), STATEMACHINELOGENTRY, 318@client-F7203670E756
2022-05-19 09:23:54,685 [s1@group-79A51F445787-StateMachineUpdater] INFO  statemachine.SimpleStateMachine4Testing (SimpleStateMachine4Testing.java:put(204)) - s1: put 123, m61 -> (t:1, i:123), STATEMACHINELOGENTRY, 318@client-F7203670E756
2022-05-19 09:23:54,686 [s2@group-79A51F445787-StateMachineUpdater] INFO  statemachine.SimpleStateMachine4Testing (SimpleStateMachine4Testing.java:put(204)) - s2: put 125, m62 -> (t:1, i:125), STATEMACHINELOGENTRY, 319@client-F7203670E756
2022-05-19 09:23:54,687 [s0-server-thread1] DEBUG raftlog.RaftLog (SegmentedRaftLog.java:appendImpl(447)) - truncateIndex=-1, arrayIndex=0
2022-05-19 09:23:54,688 [s1-server-thread1] DEBUG raftlog.RaftLog (SegmentedRaftLog.java:appendImpl(447)) - truncateIndex=-1, arrayIndex=0
2022-05-19 09:23:54,689 [s1-server-thread1] DEBUG raftlog.RaftLog (SegmentedRaftLog.java:appendImpl(447)) - truncateIndex=-1, arrayIndex=0
2022-05-19 09:23:54,689 [s0-server-thread1] DEBUG raftlog.RaftLog (SegmentedRaftLog.java:appendImpl(447)) - truncateIndex=-1, arrayIndex=0
2022-05-19 09:23:54,690 [s0@group-79A51F445787-StateMachineUpdater] INFO  statemachine.SimpleStateMachine4Testing (SimpleStateMachine4Testing.java:put(204)) - s0: put 125, m62 -> (t:1, i:125), STATEMACHINELOGENTRY, 319@client-F7203670E756
2022-05-19 09:23:54,691 [s2@group-79A51F445787-StateMachineUpdater] INFO  statemachine.SimpleStateMachine4Testing (SimpleStateMachine4Testing.java:put(204)) - s2: put 127, m63 -> (t:1, i:127), STATEMACHINELOGENTRY, 320@client-F7203670E756
2022-05-19 09:23:54,696 [s0-server-thread1] DEBUG raftlog.RaftLog (SegmentedRaftLog.java:appendImpl(447)) - truncateIndex=-1, arrayIndex=0
2022-05-19 09:23:54,696 [s1@group-79A51F445787-StateMachineUpdater] INFO  statemachine.SimpleStateMachine4Testing (SimpleStateMachine4Testing.java:put(204)) - s1: put 125, m62 -> (t:1, i:125), STATEMACHINELOGENTRY, 319@client-F7203670E756
2022-05-19 09:23:54,697 [s1-server-thread1] DEBUG raftlog.RaftLog (SegmentedRaftLog.java:appendImpl(447)) - truncateIndex=-1, arrayIndex=0
2022-05-19 09:23:54,699 [s1-server-thread1] DEBUG raftlog.RaftLog (SegmentedRaftLog.java:appendImpl(447)) - truncateIndex=-1, arrayIndex=0
2022-05-19 09:23:54,699 [s0-server-thread1] DEBUG raftlog.RaftLog (SegmentedRaftLog.java:appendImpl(447)) - truncateIndex=-1, arrayIndex=0
2022-05-19 09:23:54,706 [s2@group-79A51F445787-StateMachineUpdater] INFO  impl.StateMachineUpdater (StateMachineUpdater.java:takeSnapshot(287)) - s2@group-79A51F445787-StateMachineUpdater: Took a snapshot at index 127
2022-05-19 09:23:54,706 [s2@group-79A51F445787-StateMachineUpdater] INFO  impl.StateMachineUpdater (StateMachineUpdater.java:lambda$new$0(92)) - s2@group-79A51F445787-StateMachineUpdater: snapshotIndex: updateIncreasingly 63 -> 127
2022-05-19 09:23:54,706 [s2@group-79A51F445787-StateMachineUpdater] INFO  raftlog.RaftLog (RaftLogBase.java:purge(308)) - s2@group-79A51F445787-SegmentedRaftLog: purge 125
2022-05-19 09:23:54,706 [s2@group-79A51F445787-StateMachineUpdater] INFO  raftlog.RaftLog (RaftLogBase.java:lambda$new$0(53)) - s2@group-79A51F445787-SegmentedRaftLog: snapshotIndex: updateIncreasingly 63 -> 127
2022-05-19 09:23:54,706 [s2@group-79A51F445787-StateMachineUpdater] DEBUG raftlog.RaftLog (SegmentedRaftLog.java:purgeImpl(365)) - purging segments:toTruncate: null
  toDelete: [(51, 78) isOpen? false, length=0, newEndIndex=0, (79, 106) isOpen? false, length=0, newEndIndex=0]
2022-05-19 09:23:54,706 [s2@group-79A51F445787-SegmentedRaftLogWorker] TRACE util.FileUtils (LogUtils.java:runAndLog(49)) - Successfully ran Files.delete /home/runner/work/ratis/ratis/ratis-test/target/test/data/fbdca40e/MiniRaftClusterWithGrpc639795fb/s2/18f0c0db-b28e-477a-a7a1-79a51f445787/current/log_51-78
2022-05-19 09:23:54,706 [s2@group-79A51F445787-SegmentedRaftLogWorker] TRACE util.FileUtils (LogUtils.java:runAndLog(49)) - Successfully ran Files.delete /home/runner/work/ratis/ratis/ratis-test/target/test/data/fbdca40e/MiniRaftClusterWithGrpc639795fb/s2/18f0c0db-b28e-477a-a7a1-79a51f445787/current/log_79-106
2022-05-19 09:23:54,706 [s2@group-79A51F445787-SegmentedRaftLogWorker] INFO  raftlog.RaftLog (RaftLogBase.java:lambda$new$0(53)) - s2@group-79A51F445787-SegmentedRaftLog: purgeIndex: updateToMax old=50, new=106, updated? true
2022-05-19 09:23:54,713 [s0@group-79A51F445787-StateMachineUpdater] INFO  statemachine.SimpleStateMachine4Testing (SimpleStateMachine4Testing.java:put(204)) - s0: put 127, m63 -> (t:1, i:127), STATEMACHINELOGENTRY, 320@client-F7203670E756
2022-05-19 09:23:54,718 [s1-server-thread1] DEBUG raftlog.RaftLog (SegmentedRaftLog.java:appendImpl(447)) - truncateIndex=-1, arrayIndex=0
2022-05-19 09:23:54,719 [s0-server-thread1] DEBUG raftlog.RaftLog (SegmentedRaftLog.java:appendImpl(447)) - truncateIndex=-1, arrayIndex=0
2022-05-19 09:23:54,719 [s2@group-79A51F445787-StateMachineUpdater] INFO  statemachine.SimpleStateMachine4Testing (SimpleStateMachine4Testing.java:put(204)) - s2: put 129, m64 -> (t:1, i:129), STATEMACHINELOGENTRY, 321@client-F7203670E756
2022-05-19 09:23:54,722 [s0-server-thread1] DEBUG raftlog.RaftLog (SegmentedRaftLog.java:appendImpl(447)) - truncateIndex=-1, arrayIndex=0
2022-05-19 09:23:54,722 [s1-server-thread1] DEBUG raftlog.RaftLog (SegmentedRaftLog.java:appendImpl(447)) - truncateIndex=-1, arrayIndex=0
2022-05-19 09:23:54,723 [s1@group-79A51F445787-StateMachineUpdater] INFO  statemachine.SimpleStateMachine4Testing (SimpleStateMachine4Testing.java:put(204)) - s1: put 127, m63 -> (t:1, i:127), STATEMACHINELOGENTRY, 320@client-F7203670E756
2022-05-19 09:23:54,738 [s0@group-79A51F445787-StateMachineUpdater] INFO  impl.StateMachineUpdater (StateMachineUpdater.java:takeSnapshot(287)) - s0@group-79A51F445787-StateMachineUpdater: Took a snapshot at index 127
2022-05-19 09:23:54,739 [s0@group-79A51F445787-StateMachineUpdater] INFO  impl.StateMachineUpdater (StateMachineUpdater.java:lambda$new$0(92)) - s0@group-79A51F445787-StateMachineUpdater: snapshotIndex: updateIncreasingly 63 -> 127
2022-05-19 09:23:54,739 [s0@group-79A51F445787-StateMachineUpdater] INFO  raftlog.RaftLog (RaftLogBase.java:purge(308)) - s0@group-79A51F445787-SegmentedRaftLog: purge 125
2022-05-19 09:23:54,739 [s0@group-79A51F445787-StateMachineUpdater] INFO  raftlog.RaftLog (RaftLogBase.java:lambda$new$0(53)) - s0@group-79A51F445787-SegmentedRaftLog: snapshotIndex: updateIncreasingly 63 -> 127
2022-05-19 09:23:54,739 [s0@group-79A51F445787-StateMachineUpdater] DEBUG raftlog.RaftLog (SegmentedRaftLog.java:purgeImpl(365)) - purging segments:toTruncate: null
  toDelete: [(51, 78) isOpen? false, length=0, newEndIndex=0, (79, 106) isOpen? false, length=0, newEndIndex=0]
2022-05-19 09:23:54,739 [s0@group-79A51F445787-StateMachineUpdater] INFO  statemachine.SimpleStateMachine4Testing (SimpleStateMachine4Testing.java:put(204)) - s0: put 129, m64 -> (t:1, i:129), STATEMACHINELOGENTRY, 321@client-F7203670E756
2022-05-19 09:23:54,740 [s1@group-79A51F445787-StateMachineUpdater] INFO  impl.StateMachineUpdater (StateMachineUpdater.java:takeSnapshot(287)) - s1@group-79A51F445787-StateMachineUpdater: Took a snapshot at index 127
2022-05-19 09:23:54,740 [s1@group-79A51F445787-StateMachineUpdater] INFO  impl.StateMachineUpdater (StateMachineUpdater.java:lambda$new$0(92)) - s1@group-79A51F445787-StateMachineUpdater: snapshotIndex: updateIncreasingly 63 -> 127
2022-05-19 09:23:54,740 [s1@group-79A51F445787-StateMachineUpdater] INFO  raftlog.RaftLog (RaftLogBase.java:purge(308)) - s1@group-79A51F445787-SegmentedRaftLog: purge 127
2022-05-19 09:23:54,740 [s1@group-79A51F445787-StateMachineUpdater] INFO  raftlog.RaftLog (RaftLogBase.java:lambda$new$0(53)) - s1@group-79A51F445787-SegmentedRaftLog: snapshotIndex: updateIncreasingly 63 -> 127
2022-05-19 09:23:54,740 [s1@group-79A51F445787-StateMachineUpdater] DEBUG raftlog.RaftLog (SegmentedRaftLog.java:purgeImpl(365)) - purging segments:toTruncate: null
  toDelete: [(51, 78) isOpen? false, length=0, newEndIndex=0, (79, 106) isOpen? false, length=0, newEndIndex=0]
2022-05-19 09:23:54,744 [s0@group-79A51F445787-SegmentedRaftLogWorker] TRACE util.FileUtils (LogUtils.java:runAndLog(49)) - Successfully ran Files.delete /home/runner/work/ratis/ratis/ratis-test/target/test/data/fbdca40e/MiniRaftClusterWithGrpc639795fb/s0/18f0c0db-b28e-477a-a7a1-79a51f445787/current/log_51-78
2022-05-19 09:23:54,745 [s0@group-79A51F445787-SegmentedRaftLogWorker] TRACE util.FileUtils (LogUtils.java:runAndLog(49)) - Successfully ran Files.delete /home/runner/work/ratis/ratis/ratis-test/target/test/data/fbdca40e/MiniRaftClusterWithGrpc639795fb/s0/18f0c0db-b28e-477a-a7a1-79a51f445787/current/log_79-106
2022-05-19 09:23:54,745 [s0@group-79A51F445787-SegmentedRaftLogWorker] INFO  raftlog.RaftLog (RaftLogBase.java:lambda$new$0(53)) - s0@group-79A51F445787-SegmentedRaftLog: purgeIndex: updateToMax old=50, new=106, updated? true
2022-05-19 09:23:54,746 [s2@group-79A51F445787-StateMachineUpdater] INFO  statemachine.SimpleStateMachine4Testing (SimpleStateMachine4Testing.java:put(204)) - s2: put 131, m65 -> (t:1, i:131), STATEMACHINELOGENTRY, 322@client-F7203670E756
2022-05-19 09:23:54,747 [s1-server-thread1] DEBUG raftlog.RaftLog (SegmentedRaftLog.java:appendImpl(447)) - truncateIndex=-1, arrayIndex=0
2022-05-19 09:23:54,747 [s0-server-thread1] DEBUG raftlog.RaftLog (SegmentedRaftLog.java:appendImpl(447)) - truncateIndex=-1, arrayIndex=0
2022-05-19 09:23:54,749 [s0-server-thread1] DEBUG raftlog.RaftLog (SegmentedRaftLog.java:appendImpl(447)) - truncateIndex=-1, arrayIndex=0
2022-05-19 09:23:54,749 [s1-server-thread1] DEBUG raftlog.RaftLog (SegmentedRaftLog.java:appendImpl(447)) - truncateIndex=-1, arrayIndex=0
2022-05-19 09:23:54,753 [s1@group-79A51F445787-StateMachineUpdater] INFO  statemachine.SimpleStateMachine4Testing (SimpleStateMachine4Testing.java:put(204)) - s1: put 129, m64 -> (t:1, i:129), STATEMACHINELOGENTRY, 321@client-F7203670E756
2022-05-19 09:23:54,753 [s1@group-79A51F445787-SegmentedRaftLogWorker] TRACE util.FileUtils (LogUtils.java:runAndLog(49)) - Successfully ran Files.delete /home/runner/work/ratis/ratis/ratis-test/target/test/data/fbdca40e/MiniRaftClusterWithGrpc639795fb/s1/18f0c0db-b28e-477a-a7a1-79a51f445787/current/log_51-78
2022-05-19 09:23:54,753 [s1@group-79A51F445787-SegmentedRaftLogWorker] TRACE util.FileUtils (LogUtils.java:runAndLog(49)) - Successfully ran Files.delete /home/runner/work/ratis/ratis/ratis-test/target/test/data/fbdca40e/MiniRaftClusterWithGrpc639795fb/s1/18f0c0db-b28e-477a-a7a1-79a51f445787/current/log_79-106
2022-05-19 09:23:54,753 [s1@group-79A51F445787-SegmentedRaftLogWorker] INFO  raftlog.RaftLog (RaftLogBase.java:lambda$new$0(53)) - s1@group-79A51F445787-SegmentedRaftLog: purgeIndex: updateToMax old=50, new=106, updated? true
2022-05-19 09:23:54,755 [s0@group-79A51F445787-StateMachineUpdater] INFO  statemachine.SimpleStateMachine4Testing (SimpleStateMachine4Testing.java:put(204)) - s0: put 131, m65 -> (t:1, i:131), STATEMACHINELOGENTRY, 322@client-F7203670E756
2022-05-19 09:23:54,756 [s1@group-79A51F445787-StateMachineUpdater] INFO  statemachine.SimpleStateMachine4Testing (SimpleStateMachine4Testing.java:put(204)) - s1: put 131, m65 -> (t:1, i:131), STATEMACHINELOGENTRY, 322@client-F7203670E756
2022-05-19 09:23:54,757 [s2@group-79A51F445787-StateMachineUpdater] INFO  statemachine.SimpleStateMachine4Testing (SimpleStateMachine4Testing.java:put(204)) - s2: put 133, m66 -> (t:1, i:133), STATEMACHINELOGENTRY, 323@client-F7203670E756
2022-05-19 09:23:54,758 [s0-server-thread1] DEBUG raftlog.RaftLog (SegmentedRaftLog.java:appendImpl(447)) - truncateIndex=-1, arrayIndex=0
2022-05-19 09:23:54,758 [s1-server-thread1] DEBUG raftlog.RaftLog (SegmentedRaftLog.java:appendImpl(447)) - truncateIndex=-1, arrayIndex=0
2022-05-19 09:23:54,760 [s2-client-thread1] INFO  segmented.SegmentedRaftLogWorker (SegmentedRaftLogWorker.java:rollLogSegment(430)) - s2@group-79A51F445787-SegmentedRaftLogWorker: Rolling segment log-107_134 to index:134
2022-05-19 09:23:54,760 [s2@group-79A51F445787-SegmentedRaftLogWorker] TRACE util.FileUtils (LogUtils.java:runAndLog(49)) - Successfully ran Files.move /home/runner/work/ratis/ratis/ratis-test/target/test/data/fbdca40e/MiniRaftClusterWithGrpc639795fb/s2/18f0c0db-b28e-477a-a7a1-79a51f445787/current/log_inprogress_107 to /home/runner/work/ratis/ratis/ratis-test/target/test/data/fbdca40e/MiniRaftClusterWithGrpc639795fb/s2/18f0c0db-b28e-477a-a7a1-79a51f445787/current/log_107-134
2022-05-19 09:23:54,760 [s2@group-79A51F445787-SegmentedRaftLogWorker] INFO  segmented.SegmentedRaftLogWorker (SegmentedRaftLogWorker.java:execute(586)) - s2@group-79A51F445787-SegmentedRaftLogWorker: Rolled log segment from /home/runner/work/ratis/ratis/ratis-test/target/test/data/fbdca40e/MiniRaftClusterWithGrpc639795fb/s2/18f0c0db-b28e-477a-a7a1-79a51f445787/current/log_inprogress_107 to /home/runner/work/ratis/ratis/ratis-test/target/test/data/fbdca40e/MiniRaftClusterWithGrpc639795fb/s2/18f0c0db-b28e-477a-a7a1-79a51f445787/current/log_107-134
2022-05-19 09:23:54,761 [s0-server-thread1] DEBUG raftlog.RaftLog (SegmentedRaftLog.java:appendImpl(447)) - truncateIndex=-1, arrayIndex=0
2022-05-19 09:23:54,761 [s0-server-thread1] INFO  segmented.SegmentedRaftLogWorker (SegmentedRaftLogWorker.java:rollLogSegment(430)) - s0@group-79A51F445787-SegmentedRaftLogWorker: Rolling segment log-107_134 to index:134
2022-05-19 09:23:54,761 [s1-server-thread1] DEBUG raftlog.RaftLog (SegmentedRaftLog.java:appendImpl(447)) - truncateIndex=-1, arrayIndex=0
2022-05-19 09:23:54,761 [s1-server-thread1] INFO  segmented.SegmentedRaftLogWorker (SegmentedRaftLogWorker.java:rollLogSegment(430)) - s1@group-79A51F445787-SegmentedRaftLogWorker: Rolling segment log-107_134 to index:134
2022-05-19 09:23:54,762 [s2@group-79A51F445787-SegmentedRaftLogWorker] INFO  segmented.SegmentedRaftLogWorker (SegmentedRaftLogWorker.java:execute(629)) - s2@group-79A51F445787-SegmentedRaftLogWorker: created new log segment /home/runner/work/ratis/ratis/ratis-test/target/test/data/fbdca40e/MiniRaftClusterWithGrpc639795fb/s2/18f0c0db-b28e-477a-a7a1-79a51f445787/current/log_inprogress_135
2022-05-19 09:23:54,762 [s0@group-79A51F445787-SegmentedRaftLogWorker] TRACE util.FileUtils (LogUtils.java:runAndLog(49)) - Successfully ran Files.move /home/runner/work/ratis/ratis/ratis-test/target/test/data/fbdca40e/MiniRaftClusterWithGrpc639795fb/s0/18f0c0db-b28e-477a-a7a1-79a51f445787/current/log_inprogress_107 to /home/runner/work/ratis/ratis/ratis-test/target/test/data/fbdca40e/MiniRaftClusterWithGrpc639795fb/s0/18f0c0db-b28e-477a-a7a1-79a51f445787/current/log_107-134
2022-05-19 09:23:54,762 [s0@group-79A51F445787-SegmentedRaftLogWorker] INFO  segmented.SegmentedRaftLogWorker (SegmentedRaftLogWorker.java:execute(586)) - s0@group-79A51F445787-SegmentedRaftLogWorker: Rolled log segment from /home/runner/work/ratis/ratis/ratis-test/target/test/data/fbdca40e/MiniRaftClusterWithGrpc639795fb/s0/18f0c0db-b28e-477a-a7a1-79a51f445787/current/log_inprogress_107 to /home/runner/work/ratis/ratis/ratis-test/target/test/data/fbdca40e/MiniRaftClusterWithGrpc639795fb/s0/18f0c0db-b28e-477a-a7a1-79a51f445787/current/log_107-134
2022-05-19 09:23:54,763 [s1@group-79A51F445787-SegmentedRaftLogWorker] TRACE util.FileUtils (LogUtils.java:runAndLog(49)) - Successfully ran Files.move /home/runner/work/ratis/ratis/ratis-test/target/test/data/fbdca40e/MiniRaftClusterWithGrpc639795fb/s1/18f0c0db-b28e-477a-a7a1-79a51f445787/current/log_inprogress_107 to /home/runner/work/ratis/ratis/ratis-test/target/test/data/fbdca40e/MiniRaftClusterWithGrpc639795fb/s1/18f0c0db-b28e-477a-a7a1-79a51f445787/current/log_107-134
2022-05-19 09:23:54,763 [s1@group-79A51F445787-SegmentedRaftLogWorker] INFO  segmented.SegmentedRaftLogWorker (SegmentedRaftLogWorker.java:execute(586)) - s1@group-79A51F445787-SegmentedRaftLogWorker: Rolled log segment from /home/runner/work/ratis/ratis/ratis-test/target/test/data/fbdca40e/MiniRaftClusterWithGrpc639795fb/s1/18f0c0db-b28e-477a-a7a1-79a51f445787/current/log_inprogress_107 to /home/runner/work/ratis/ratis/ratis-test/target/test/data/fbdca40e/MiniRaftClusterWithGrpc639795fb/s1/18f0c0db-b28e-477a-a7a1-79a51f445787/current/log_107-134
2022-05-19 09:23:54,763 [s1@group-79A51F445787-StateMachineUpdater] INFO  statemachine.SimpleStateMachine4Testing (SimpleStateMachine4Testing.java:put(204)) - s1: put 133, m66 -> (t:1, i:133), STATEMACHINELOGENTRY, 323@client-F7203670E756
2022-05-19 09:23:54,764 [s1@group-79A51F445787-SegmentedRaftLogWorker] INFO  segmented.SegmentedRaftLogWorker (SegmentedRaftLogWorker.java:execute(629)) - s1@group-79A51F445787-SegmentedRaftLogWorker: created new log segment /home/runner/work/ratis/ratis/ratis-test/target/test/data/fbdca40e/MiniRaftClusterWithGrpc639795fb/s1/18f0c0db-b28e-477a-a7a1-79a51f445787/current/log_inprogress_135
2022-05-19 09:23:54,765 [s0@group-79A51F445787-StateMachineUpdater] INFO  statemachine.SimpleStateMachine4Testing (SimpleStateMachine4Testing.java:put(204)) - s0: put 133, m66 -> (t:1, i:133), STATEMACHINELOGENTRY, 323@client-F7203670E756
2022-05-19 09:23:54,765 [s0@group-79A51F445787-SegmentedRaftLogWorker] INFO  segmented.SegmentedRaftLogWorker (SegmentedRaftLogWorker.java:execute(629)) - s0@group-79A51F445787-SegmentedRaftLogWorker: created new log segment /home/runner/work/ratis/ratis/ratis-test/target/test/data/fbdca40e/MiniRaftClusterWithGrpc639795fb/s0/18f0c0db-b28e-477a-a7a1-79a51f445787/current/log_inprogress_135
2022-05-19 09:23:54,767 [s2@group-79A51F445787-StateMachineUpdater] INFO  statemachine.SimpleStateMachine4Testing (SimpleStateMachine4Testing.java:put(204)) - s2: put 135, m67 -> (t:1, i:135), STATEMACHINELOGENTRY, 324@client-F7203670E756
2022-05-19 09:23:54,768 [s0-server-thread1] DEBUG raftlog.RaftLog (SegmentedRaftLog.java:appendImpl(447)) - truncateIndex=-1, arrayIndex=0
2022-05-19 09:23:54,768 [s1-server-thread1] DEBUG raftlog.RaftLog (SegmentedRaftLog.java:appendImpl(447)) - truncateIndex=-1, arrayIndex=0
2022-05-19 09:23:54,770 [s0-server-thread1] DEBUG raftlog.RaftLog (SegmentedRaftLog.java:appendImpl(447)) - truncateIndex=-1, arrayIndex=0
2022-05-19 09:23:54,770 [s1-server-thread1] DEBUG raftlog.RaftLog (SegmentedRaftLog.java:appendImpl(447)) - truncateIndex=-1, arrayIndex=0
2022-05-19 09:23:54,772 [s1@group-79A51F445787-StateMachineUpdater] INFO  statemachine.SimpleStateMachine4Testing (SimpleStateMachine4Testing.java:put(204)) - s1: put 135, m67 -> (t:1, i:135), STATEMACHINELOGENTRY, 324@client-F7203670E756
2022-05-19 09:23:54,772 [s0@group-79A51F445787-StateMachineUpdater] INFO  statemachine.SimpleStateMachine4Testing (SimpleStateMachine4Testing.java:put(204)) - s0: put 135, m67 -> (t:1, i:135), STATEMACHINELOGENTRY, 324@client-F7203670E756
2022-05-19 09:23:54,774 [s2@group-79A51F445787-StateMachineUpdater] INFO  statemachine.SimpleStateMachine4Testing (SimpleStateMachine4Testing.java:put(204)) - s2: put 137, m68 -> (t:1, i:137), STATEMACHINELOGENTRY, 325@client-F7203670E756
2022-05-19 09:23:54,775 [s1-server-thread1] DEBUG raftlog.RaftLog (SegmentedRaftLog.java:appendImpl(447)) - truncateIndex=-1, arrayIndex=0
2022-05-19 09:23:54,775 [s0-server-thread1] DEBUG raftlog.RaftLog (SegmentedRaftLog.java:appendImpl(447)) - truncateIndex=-1, arrayIndex=0
2022-05-19 09:23:54,777 [s0-server-thread1] DEBUG raftlog.RaftLog (SegmentedRaftLog.java:appendImpl(447)) - truncateIndex=-1, arrayIndex=0
2022-05-19 09:23:54,777 [s1-server-thread1] DEBUG raftlog.RaftLog (SegmentedRaftLog.java:appendImpl(447)) - truncateIndex=-1, arrayIndex=0
2022-05-19 09:23:54,779 [s0@group-79A51F445787-StateMachineUpdater] INFO  statemachine.SimpleStateMachine4Testing (SimpleStateMachine4Testing.java:put(204)) - s0: put 137, m68 -> (t:1, i:137), STATEMACHINELOGENTRY, 325@client-F7203670E756
2022-05-19 09:23:54,779 [s1@group-79A51F445787-StateMachineUpdater] INFO  statemachine.SimpleStateMachine4Testing (SimpleStateMachine4Testing.java:put(204)) - s1: put 137, m68 -> (t:1, i:137), STATEMACHINELOGENTRY, 325@client-F7203670E756
2022-05-19 09:23:54,781 [s2@group-79A51F445787-StateMachineUpdater] INFO  statemachine.SimpleStateMachine4Testing (SimpleStateMachine4Testing.java:put(204)) - s2: put 139, m69 -> (t:1, i:139), STATEMACHINELOGENTRY, 326@client-F7203670E756
2022-05-19 09:23:54,783 [s0-server-thread1] DEBUG raftlog.RaftLog (SegmentedRaftLog.java:appendImpl(447)) - truncateIndex=-1, arrayIndex=0
2022-05-19 09:23:54,783 [s1-server-thread1] DEBUG raftlog.RaftLog (SegmentedRaftLog.java:appendImpl(447)) - truncateIndex=-1, arrayIndex=0
2022-05-19 09:23:54,785 [s0-server-thread1] DEBUG raftlog.RaftLog (SegmentedRaftLog.java:appendImpl(447)) - truncateIndex=-1, arrayIndex=0
2022-05-19 09:23:54,785 [s1-server-thread1] DEBUG raftlog.RaftLog (SegmentedRaftLog.java:appendImpl(447)) - truncateIndex=-1, arrayIndex=0
2022-05-19 09:23:54,786 [s0@group-79A51F445787-StateMachineUpdater] INFO  statemachine.SimpleStateMachine4Testing (SimpleStateMachine4Testing.java:put(204)) - s0: put 139, m69 -> (t:1, i:139), STATEMACHINELOGENTRY, 326@client-F7203670E756
2022-05-19 09:23:54,790 [s2@group-79A51F445787-StateMachineUpdater] INFO  statemachine.SimpleStateMachine4Testing (SimpleStateMachine4Testing.java:put(204)) - s2: put 141, m70 -> (t:1, i:141), STATEMACHINELOGENTRY, 327@client-F7203670E756
2022-05-19 09:23:54,791 [s1-server-thread1] DEBUG raftlog.RaftLog (SegmentedRaftLog.java:appendImpl(447)) - truncateIndex=-1, arrayIndex=0
2022-05-19 09:23:54,791 [s0-server-thread1] DEBUG raftlog.RaftLog (SegmentedRaftLog.java:appendImpl(447)) - truncateIndex=-1, arrayIndex=0
2022-05-19 09:23:54,793 [s0-server-thread1] DEBUG raftlog.RaftLog (SegmentedRaftLog.java:appendImpl(447)) - truncateIndex=-1, arrayIndex=0
2022-05-19 09:23:54,793 [s1-server-thread1] DEBUG raftlog.RaftLog (SegmentedRaftLog.java:appendImpl(447)) - truncateIndex=-1, arrayIndex=0
2022-05-19 09:23:54,793 [s1@group-79A51F445787-StateMachineUpdater] INFO  statemachine.SimpleStateMachine4Testing (SimpleStateMachine4Testing.java:put(204)) - s1: put 139, m69 -> (t:1, i:139), STATEMACHINELOGENTRY, 326@client-F7203670E756
2022-05-19 09:23:54,795 [s0@group-79A51F445787-StateMachineUpdater] INFO  statemachine.SimpleStateMachine4Testing (SimpleStateMachine4Testing.java:put(204)) - s0: put 141, m70 -> (t:1, i:141), STATEMACHINELOGENTRY, 327@client-F7203670E756
2022-05-19 09:23:54,796 [s1@group-79A51F445787-StateMachineUpdater] INFO  statemachine.SimpleStateMachine4Testing (SimpleStateMachine4Testing.java:put(204)) - s1: put 141, m70 -> (t:1, i:141), STATEMACHINELOGENTRY, 327@client-F7203670E756
2022-05-19 09:23:54,797 [s2@group-79A51F445787-StateMachineUpdater] INFO  statemachine.SimpleStateMachine4Testing (SimpleStateMachine4Testing.java:put(204)) - s2: put 143, m71 -> (t:1, i:143), STATEMACHINELOGENTRY, 328@client-F7203670E756
2022-05-19 09:23:54,799 [s1-server-thread1] DEBUG raftlog.RaftLog (SegmentedRaftLog.java:appendImpl(447)) - truncateIndex=-1, arrayIndex=0
2022-05-19 09:23:54,799 [s0-server-thread1] DEBUG raftlog.RaftLog (SegmentedRaftLog.java:appendImpl(447)) - truncateIndex=-1, arrayIndex=0
2022-05-19 09:23:54,801 [s0-server-thread1] DEBUG raftlog.RaftLog (SegmentedRaftLog.java:appendImpl(447)) - truncateIndex=-1, arrayIndex=0
2022-05-19 09:23:54,803 [s1-server-thread1] DEBUG raftlog.RaftLog (SegmentedRaftLog.java:appendImpl(447)) - truncateIndex=-1, arrayIndex=0
2022-05-19 09:23:54,804 [s0@group-79A51F445787-StateMachineUpdater] INFO  statemachine.SimpleStateMachine4Testing (SimpleStateMachine4Testing.java:put(204)) - s0: put 143, m71 -> (t:1, i:143), STATEMACHINELOGENTRY, 328@client-F7203670E756
2022-05-19 09:23:54,805 [s1@group-79A51F445787-StateMachineUpdater] INFO  statemachine.SimpleStateMachine4Testing (SimpleStateMachine4Testing.java:put(204)) - s1: put 143, m71 -> (t:1, i:143), STATEMACHINELOGENTRY, 328@client-F7203670E756
2022-05-19 09:23:54,808 [s2@group-79A51F445787-StateMachineUpdater] INFO  statemachine.SimpleStateMachine4Testing (SimpleStateMachine4Testing.java:put(204)) - s2: put 145, m72 -> (t:1, i:145), STATEMACHINELOGENTRY, 329@client-F7203670E756
2022-05-19 09:23:54,809 [s1-server-thread1] DEBUG raftlog.RaftLog (SegmentedRaftLog.java:appendImpl(447)) - truncateIndex=-1, arrayIndex=0
2022-05-19 09:23:54,809 [s0-server-thread1] DEBUG raftlog.RaftLog (SegmentedRaftLog.java:appendImpl(447)) - truncateIndex=-1, arrayIndex=0
2022-05-19 09:23:54,811 [s0-server-thread1] DEBUG raftlog.RaftLog (SegmentedRaftLog.java:appendImpl(447)) - truncateIndex=-1, arrayIndex=0
2022-05-19 09:23:54,812 [s1-server-thread1] DEBUG raftlog.RaftLog (SegmentedRaftLog.java:appendImpl(447)) - truncateIndex=-1, arrayIndex=0
2022-05-19 09:23:54,814 [s0@group-79A51F445787-StateMachineUpdater] INFO  statemachine.SimpleStateMachine4Testing (SimpleStateMachine4Testing.java:put(204)) - s0: put 145, m72 -> (t:1, i:145), STATEMACHINELOGENTRY, 329@client-F7203670E756
2022-05-19 09:23:54,815 [s1@group-79A51F445787-StateMachineUpdater] INFO  statemachine.SimpleStateMachine4Testing (SimpleStateMachine4Testing.java:put(204)) - s1: put 145, m72 -> (t:1, i:145), STATEMACHINELOGENTRY, 329@client-F7203670E756
2022-05-19 09:23:54,816 [s2@group-79A51F445787-StateMachineUpdater] INFO  statemachine.SimpleStateMachine4Testing (SimpleStateMachine4Testing.java:put(204)) - s2: put 147, m73 -> (t:1, i:147), STATEMACHINELOGENTRY, 330@client-F7203670E756
2022-05-19 09:23:54,817 [s1-server-thread1] DEBUG raftlog.RaftLog (SegmentedRaftLog.java:appendImpl(447)) - truncateIndex=-1, arrayIndex=0
2022-05-19 09:23:54,818 [s0-server-thread1] DEBUG raftlog.RaftLog (SegmentedRaftLog.java:appendImpl(447)) - truncateIndex=-1, arrayIndex=0
2022-05-19 09:23:54,819 [s1-server-thread1] DEBUG raftlog.RaftLog (SegmentedRaftLog.java:appendImpl(447)) - truncateIndex=-1, arrayIndex=0
2022-05-19 09:23:54,820 [s0-server-thread1] DEBUG raftlog.RaftLog (SegmentedRaftLog.java:appendImpl(447)) - truncateIndex=-1, arrayIndex=0
2022-05-19 09:23:54,821 [s0@group-79A51F445787-StateMachineUpdater] INFO  statemachine.SimpleStateMachine4Testing (SimpleStateMachine4Testing.java:put(204)) - s0: put 147, m73 -> (t:1, i:147), STATEMACHINELOGENTRY, 330@client-F7203670E756
2022-05-19 09:23:54,822 [s1@group-79A51F445787-StateMachineUpdater] INFO  statemachine.SimpleStateMachine4Testing (SimpleStateMachine4Testing.java:put(204)) - s1: put 147, m73 -> (t:1, i:147), STATEMACHINELOGENTRY, 330@client-F7203670E756
2022-05-19 09:23:54,823 [s2@group-79A51F445787-StateMachineUpdater] INFO  statemachine.SimpleStateMachine4Testing (SimpleStateMachine4Testing.java:put(204)) - s2: put 149, m74 -> (t:1, i:149), STATEMACHINELOGENTRY, 331@client-F7203670E756
2022-05-19 09:23:54,826 [s1-server-thread1] DEBUG raftlog.RaftLog (SegmentedRaftLog.java:appendImpl(447)) - truncateIndex=-1, arrayIndex=0
2022-05-19 09:23:54,826 [s0-server-thread1] DEBUG raftlog.RaftLog (SegmentedRaftLog.java:appendImpl(447)) - truncateIndex=-1, arrayIndex=0
2022-05-19 09:23:54,828 [s1-server-thread1] DEBUG raftlog.RaftLog (SegmentedRaftLog.java:appendImpl(447)) - truncateIndex=-1, arrayIndex=0
2022-05-19 09:23:54,828 [s0-server-thread1] DEBUG raftlog.RaftLog (SegmentedRaftLog.java:appendImpl(447)) - truncateIndex=-1, arrayIndex=0
2022-05-19 09:23:54,829 [s0@group-79A51F445787-StateMachineUpdater] INFO  statemachine.SimpleStateMachine4Testing (SimpleStateMachine4Testing.java:put(204)) - s0: put 149, m74 -> (t:1, i:149), STATEMACHINELOGENTRY, 331@client-F7203670E756
2022-05-19 09:23:54,830 [s2@group-79A51F445787-StateMachineUpdater] INFO  statemachine.SimpleStateMachine4Testing (SimpleStateMachine4Testing.java:put(204)) - s2: put 151, m75 -> (t:1, i:151), STATEMACHINELOGENTRY, 332@client-F7203670E756
2022-05-19 09:23:54,832 [s0-server-thread1] DEBUG raftlog.RaftLog (SegmentedRaftLog.java:appendImpl(447)) - truncateIndex=-1, arrayIndex=0
2022-05-19 09:23:54,832 [s1-server-thread1] DEBUG raftlog.RaftLog (SegmentedRaftLog.java:appendImpl(447)) - truncateIndex=-1, arrayIndex=0
2022-05-19 09:23:54,834 [s0-server-thread1] DEBUG raftlog.RaftLog (SegmentedRaftLog.java:appendImpl(447)) - truncateIndex=-1, arrayIndex=0
2022-05-19 09:23:54,834 [s1-server-thread1] DEBUG raftlog.RaftLog (SegmentedRaftLog.java:appendImpl(447)) - truncateIndex=-1, arrayIndex=0
2022-05-19 09:23:54,835 [s1@group-79A51F445787-StateMachineUpdater] INFO  statemachine.SimpleStateMachine4Testing (SimpleStateMachine4Testing.java:put(204)) - s1: put 149, m74 -> (t:1, i:149), STATEMACHINELOGENTRY, 331@client-F7203670E756
2022-05-19 09:23:54,836 [s0@group-79A51F445787-StateMachineUpdater] INFO  statemachine.SimpleStateMachine4Testing (SimpleStateMachine4Testing.java:put(204)) - s0: put 151, m75 -> (t:1, i:151), STATEMACHINELOGENTRY, 332@client-F7203670E756
2022-05-19 09:23:54,837 [s2@group-79A51F445787-StateMachineUpdater] INFO  statemachine.SimpleStateMachine4Testing (SimpleStateMachine4Testing.java:put(204)) - s2: put 153, m76 -> (t:1, i:153), STATEMACHINELOGENTRY, 333@client-F7203670E756
2022-05-19 09:23:54,838 [s0-server-thread1] DEBUG raftlog.RaftLog (SegmentedRaftLog.java:appendImpl(447)) - truncateIndex=-1, arrayIndex=0
2022-05-19 09:23:54,839 [s1-server-thread1] DEBUG raftlog.RaftLog (SegmentedRaftLog.java:appendImpl(447)) - truncateIndex=-1, arrayIndex=0
2022-05-19 09:23:54,841 [s0-server-thread1] DEBUG raftlog.RaftLog (SegmentedRaftLog.java:appendImpl(447)) - truncateIndex=-1, arrayIndex=0
2022-05-19 09:23:54,841 [s1-server-thread1] DEBUG raftlog.RaftLog (SegmentedRaftLog.java:appendImpl(447)) - truncateIndex=-1, arrayIndex=0
2022-05-19 09:23:54,842 [s1@group-79A51F445787-StateMachineUpdater] INFO  statemachine.SimpleStateMachine4Testing (SimpleStateMachine4Testing.java:put(204)) - s1: put 151, m75 -> (t:1, i:151), STATEMACHINELOGENTRY, 332@client-F7203670E756
2022-05-19 09:23:54,844 [s0@group-79A51F445787-StateMachineUpdater] INFO  statemachine.SimpleStateMachine4Testing (SimpleStateMachine4Testing.java:put(204)) - s0: put 153, m76 -> (t:1, i:153), STATEMACHINELOGENTRY, 333@client-F7203670E756
2022-05-19 09:23:54,845 [s1@group-79A51F445787-StateMachineUpdater] INFO  statemachine.SimpleStateMachine4Testing (SimpleStateMachine4Testing.java:put(204)) - s1: put 153, m76 -> (t:1, i:153), STATEMACHINELOGENTRY, 333@client-F7203670E756
2022-05-19 09:23:54,847 [s2@group-79A51F445787-StateMachineUpdater] INFO  statemachine.SimpleStateMachine4Testing (SimpleStateMachine4Testing.java:put(204)) - s2: put 155, m77 -> (t:1, i:155), STATEMACHINELOGENTRY, 334@client-F7203670E756
2022-05-19 09:23:54,848 [s0-server-thread1] DEBUG raftlog.RaftLog (SegmentedRaftLog.java:appendImpl(447)) - truncateIndex=-1, arrayIndex=0
2022-05-19 09:23:54,848 [s1-server-thread1] DEBUG raftlog.RaftLog (SegmentedRaftLog.java:appendImpl(447)) - truncateIndex=-1, arrayIndex=0
2022-05-19 09:23:54,850 [s0-server-thread1] DEBUG raftlog.RaftLog (SegmentedRaftLog.java:appendImpl(447)) - truncateIndex=-1, arrayIndex=0
2022-05-19 09:23:54,850 [s1-server-thread1] DEBUG raftlog.RaftLog (SegmentedRaftLog.java:appendImpl(447)) - truncateIndex=-1, arrayIndex=0
2022-05-19 09:23:54,851 [s1@group-79A51F445787-StateMachineUpdater] INFO  statemachine.SimpleStateMachine4Testing (SimpleStateMachine4Testing.java:put(204)) - s1: put 155, m77 -> (t:1, i:155), STATEMACHINELOGENTRY, 334@client-F7203670E756
2022-05-19 09:23:54,852 [s0@group-79A51F445787-StateMachineUpdater] INFO  statemachine.SimpleStateMachine4Testing (SimpleStateMachine4Testing.java:put(204)) - s0: put 155, m77 -> (t:1, i:155), STATEMACHINELOGENTRY, 334@client-F7203670E756
2022-05-19 09:23:54,854 [s2@group-79A51F445787-StateMachineUpdater] INFO  statemachine.SimpleStateMachine4Testing (SimpleStateMachine4Testing.java:put(204)) - s2: put 157, m78 -> (t:1, i:157), STATEMACHINELOGENTRY, 335@client-F7203670E756
2022-05-19 09:23:54,855 [s0-server-thread1] DEBUG raftlog.RaftLog (SegmentedRaftLog.java:appendImpl(447)) - truncateIndex=-1, arrayIndex=0
2022-05-19 09:23:54,856 [s1-server-thread1] DEBUG raftlog.RaftLog (SegmentedRaftLog.java:appendImpl(447)) - truncateIndex=-1, arrayIndex=0
2022-05-19 09:23:54,858 [s1-server-thread1] DEBUG raftlog.RaftLog (SegmentedRaftLog.java:appendImpl(447)) - truncateIndex=-1, arrayIndex=0
2022-05-19 09:23:54,858 [s0-server-thread1] DEBUG raftlog.RaftLog (SegmentedRaftLog.java:appendImpl(447)) - truncateIndex=-1, arrayIndex=0
2022-05-19 09:23:54,859 [s1@group-79A51F445787-StateMachineUpdater] INFO  statemachine.SimpleStateMachine4Testing (SimpleStateMachine4Testing.java:put(204)) - s1: put 157, m78 -> (t:1, i:157), STATEMACHINELOGENTRY, 335@client-F7203670E756
2022-05-19 09:23:54,861 [s2@group-79A51F445787-StateMachineUpdater] INFO  statemachine.SimpleStateMachine4Testing (SimpleStateMachine4Testing.java:put(204)) - s2: put 159, m79 -> (t:1, i:159), STATEMACHINELOGENTRY, 336@client-F7203670E756
2022-05-19 09:23:54,862 [s0-server-thread1] DEBUG raftlog.RaftLog (SegmentedRaftLog.java:appendImpl(447)) - truncateIndex=-1, arrayIndex=0
2022-05-19 09:23:54,862 [s1-server-thread1] DEBUG raftlog.RaftLog (SegmentedRaftLog.java:appendImpl(447)) - truncateIndex=-1, arrayIndex=0
2022-05-19 09:23:54,865 [s0-server-thread1] DEBUG raftlog.RaftLog (SegmentedRaftLog.java:appendImpl(447)) - truncateIndex=-1, arrayIndex=0
2022-05-19 09:23:54,865 [s1-server-thread1] DEBUG raftlog.RaftLog (SegmentedRaftLog.java:appendImpl(447)) - truncateIndex=-1, arrayIndex=0
2022-05-19 09:23:54,866 [s0@group-79A51F445787-StateMachineUpdater] INFO  statemachine.SimpleStateMachine4Testing (SimpleStateMachine4Testing.java:put(204)) - s0: put 157, m78 -> (t:1, i:157), STATEMACHINELOGENTRY, 335@client-F7203670E756
2022-05-19 09:23:54,867 [s1@group-79A51F445787-StateMachineUpdater] INFO  statemachine.SimpleStateMachine4Testing (SimpleStateMachine4Testing.java:put(204)) - s1: put 159, m79 -> (t:1, i:159), STATEMACHINELOGENTRY, 336@client-F7203670E756
2022-05-19 09:23:54,868 [s0@group-79A51F445787-StateMachineUpdater] INFO  statemachine.SimpleStateMachine4Testing (SimpleStateMachine4Testing.java:put(204)) - s0: put 159, m79 -> (t:1, i:159), STATEMACHINELOGENTRY, 336@client-F7203670E756
2022-05-19 09:23:54,869 [s2@group-79A51F445787-LeaderStateImpl] INFO  segmented.SegmentedRaftLogWorker (SegmentedRaftLogWorker.java:rollLogSegment(430)) - s2@group-79A51F445787-SegmentedRaftLogWorker: Rolling segment log-135_161 to index:161
2022-05-19 09:23:54,869 [s2@group-79A51F445787-StateMachineUpdater] INFO  statemachine.SimpleStateMachine4Testing (SimpleStateMachine4Testing.java:put(204)) - s2: put 161, m80 -> (t:1, i:161), STATEMACHINELOGENTRY, 337@client-F7203670E756
2022-05-19 09:23:54,870 [s2@group-79A51F445787-SegmentedRaftLogWorker] TRACE util.FileUtils (LogUtils.java:runAndLog(49)) - Successfully ran Files.move /home/runner/work/ratis/ratis/ratis-test/target/test/data/fbdca40e/MiniRaftClusterWithGrpc639795fb/s2/18f0c0db-b28e-477a-a7a1-79a51f445787/current/log_inprogress_135 to /home/runner/work/ratis/ratis/ratis-test/target/test/data/fbdca40e/MiniRaftClusterWithGrpc639795fb/s2/18f0c0db-b28e-477a-a7a1-79a51f445787/current/log_135-161
2022-05-19 09:23:54,870 [s2@group-79A51F445787-SegmentedRaftLogWorker] INFO  segmented.SegmentedRaftLogWorker (SegmentedRaftLogWorker.java:execute(586)) - s2@group-79A51F445787-SegmentedRaftLogWorker: Rolled log segment from /home/runner/work/ratis/ratis/ratis-test/target/test/data/fbdca40e/MiniRaftClusterWithGrpc639795fb/s2/18f0c0db-b28e-477a-a7a1-79a51f445787/current/log_inprogress_135 to /home/runner/work/ratis/ratis/ratis-test/target/test/data/fbdca40e/MiniRaftClusterWithGrpc639795fb/s2/18f0c0db-b28e-477a-a7a1-79a51f445787/current/log_135-161
2022-05-19 09:23:54,871 [s1-server-thread1] DEBUG raftlog.RaftLog (SegmentedRaftLog.java:appendImpl(447)) - truncateIndex=-1, arrayIndex=0
2022-05-19 09:23:54,871 [s1-server-thread1] INFO  segmented.SegmentedRaftLogWorker (SegmentedRaftLogWorker.java:rollLogSegment(430)) - s1@group-79A51F445787-SegmentedRaftLogWorker: Rolling segment log-135_161 to index:161
2022-05-19 09:23:54,871 [s0-server-thread1] DEBUG raftlog.RaftLog (SegmentedRaftLog.java:appendImpl(447)) - truncateIndex=-1, arrayIndex=0
2022-05-19 09:23:54,872 [s0-server-thread1] INFO  segmented.SegmentedRaftLogWorker (SegmentedRaftLogWorker.java:rollLogSegment(430)) - s0@group-79A51F445787-SegmentedRaftLogWorker: Rolling segment log-135_161 to index:161
2022-05-19 09:23:54,872 [s0@group-79A51F445787-SegmentedRaftLogWorker] TRACE util.FileUtils (LogUtils.java:runAndLog(49)) - Successfully ran Files.move /home/runner/work/ratis/ratis/ratis-test/target/test/data/fbdca40e/MiniRaftClusterWithGrpc639795fb/s0/18f0c0db-b28e-477a-a7a1-79a51f445787/current/log_inprogress_135 to /home/runner/work/ratis/ratis/ratis-test/target/test/data/fbdca40e/MiniRaftClusterWithGrpc639795fb/s0/18f0c0db-b28e-477a-a7a1-79a51f445787/current/log_135-161
2022-05-19 09:23:54,872 [s0@group-79A51F445787-SegmentedRaftLogWorker] INFO  segmented.SegmentedRaftLogWorker (SegmentedRaftLogWorker.java:execute(586)) - s0@group-79A51F445787-SegmentedRaftLogWorker: Rolled log segment from /home/runner/work/ratis/ratis/ratis-test/target/test/data/fbdca40e/MiniRaftClusterWithGrpc639795fb/s0/18f0c0db-b28e-477a-a7a1-79a51f445787/current/log_inprogress_135 to /home/runner/work/ratis/ratis/ratis-test/target/test/data/fbdca40e/MiniRaftClusterWithGrpc639795fb/s0/18f0c0db-b28e-477a-a7a1-79a51f445787/current/log_135-161
2022-05-19 09:23:54,872 [s1@group-79A51F445787-SegmentedRaftLogWorker] TRACE util.FileUtils (LogUtils.java:runAndLog(49)) - Successfully ran Files.move /home/runner/work/ratis/ratis/ratis-test/target/test/data/fbdca40e/MiniRaftClusterWithGrpc639795fb/s1/18f0c0db-b28e-477a-a7a1-79a51f445787/current/log_inprogress_135 to /home/runner/work/ratis/ratis/ratis-test/target/test/data/fbdca40e/MiniRaftClusterWithGrpc639795fb/s1/18f0c0db-b28e-477a-a7a1-79a51f445787/current/log_135-161
2022-05-19 09:23:54,873 [s1@group-79A51F445787-SegmentedRaftLogWorker] INFO  segmented.SegmentedRaftLogWorker (SegmentedRaftLogWorker.java:execute(586)) - s1@group-79A51F445787-SegmentedRaftLogWorker: Rolled log segment from /home/runner/work/ratis/ratis/ratis-test/target/test/data/fbdca40e/MiniRaftClusterWithGrpc639795fb/s1/18f0c0db-b28e-477a-a7a1-79a51f445787/current/log_inprogress_135 to /home/runner/work/ratis/ratis/ratis-test/target/test/data/fbdca40e/MiniRaftClusterWithGrpc639795fb/s1/18f0c0db-b28e-477a-a7a1-79a51f445787/current/log_135-161
2022-05-19 09:23:54,874 [s0-server-thread1] DEBUG raftlog.RaftLog (SegmentedRaftLog.java:appendImpl(447)) - truncateIndex=-1, arrayIndex=0
2022-05-19 09:23:54,874 [s2@group-79A51F445787-SegmentedRaftLogWorker] INFO  segmented.SegmentedRaftLogWorker (SegmentedRaftLogWorker.java:execute(629)) - s2@group-79A51F445787-SegmentedRaftLogWorker: created new log segment /home/runner/work/ratis/ratis/ratis-test/target/test/data/fbdca40e/MiniRaftClusterWithGrpc639795fb/s2/18f0c0db-b28e-477a-a7a1-79a51f445787/current/log_inprogress_162
2022-05-19 09:23:54,875 [s1-server-thread1] DEBUG raftlog.RaftLog (SegmentedRaftLog.java:appendImpl(447)) - truncateIndex=-1, arrayIndex=0
2022-05-19 09:23:54,875 [s0@group-79A51F445787-SegmentedRaftLogWorker] INFO  segmented.SegmentedRaftLogWorker (SegmentedRaftLogWorker.java:execute(629)) - s0@group-79A51F445787-SegmentedRaftLogWorker: created new log segment /home/runner/work/ratis/ratis/ratis-test/target/test/data/fbdca40e/MiniRaftClusterWithGrpc639795fb/s0/18f0c0db-b28e-477a-a7a1-79a51f445787/current/log_inprogress_162
2022-05-19 09:23:54,876 [s1@group-79A51F445787-SegmentedRaftLogWorker] INFO  segmented.SegmentedRaftLogWorker (SegmentedRaftLogWorker.java:execute(629)) - s1@group-79A51F445787-SegmentedRaftLogWorker: created new log segment /home/runner/work/ratis/ratis/ratis-test/target/test/data/fbdca40e/MiniRaftClusterWithGrpc639795fb/s1/18f0c0db-b28e-477a-a7a1-79a51f445787/current/log_inprogress_162
2022-05-19 09:23:54,876 [s0@group-79A51F445787-StateMachineUpdater] INFO  statemachine.SimpleStateMachine4Testing (SimpleStateMachine4Testing.java:put(204)) - s0: put 161, m80 -> (t:1, i:161), STATEMACHINELOGENTRY, 337@client-F7203670E756
2022-05-19 09:23:54,879 [s1@group-79A51F445787-StateMachineUpdater] INFO  statemachine.SimpleStateMachine4Testing (SimpleStateMachine4Testing.java:put(204)) - s1: put 161, m80 -> (t:1, i:161), STATEMACHINELOGENTRY, 337@client-F7203670E756
2022-05-19 09:23:54,879 [s2@group-79A51F445787-StateMachineUpdater] INFO  statemachine.SimpleStateMachine4Testing (SimpleStateMachine4Testing.java:put(204)) - s2: put 163, m81 -> (t:1, i:163), STATEMACHINELOGENTRY, 338@client-F7203670E756
2022-05-19 09:23:54,883 [s1-server-thread1] DEBUG raftlog.RaftLog (SegmentedRaftLog.java:appendImpl(447)) - truncateIndex=-1, arrayIndex=0
2022-05-19 09:23:54,884 [s0-server-thread1] DEBUG raftlog.RaftLog (SegmentedRaftLog.java:appendImpl(447)) - truncateIndex=-1, arrayIndex=0
2022-05-19 09:23:54,884 [s1@group-79A51F445787-StateMachineUpdater] INFO  statemachine.SimpleStateMachine4Testing (SimpleStateMachine4Testing.java:put(204)) - s1: put 163, m81 -> (t:1, i:163), STATEMACHINELOGENTRY, 338@client-F7203670E756
2022-05-19 09:23:54,885 [s0@group-79A51F445787-StateMachineUpdater] INFO  statemachine.SimpleStateMachine4Testing (SimpleStateMachine4Testing.java:put(204)) - s0: put 163, m81 -> (t:1, i:163), STATEMACHINELOGENTRY, 338@client-F7203670E756
2022-05-19 09:23:54,886 [s0-server-thread1] DEBUG raftlog.RaftLog (SegmentedRaftLog.java:appendImpl(447)) - truncateIndex=-1, arrayIndex=0
2022-05-19 09:23:54,886 [s1-server-thread1] DEBUG raftlog.RaftLog (SegmentedRaftLog.java:appendImpl(447)) - truncateIndex=-1, arrayIndex=0
2022-05-19 09:23:54,889 [s2@group-79A51F445787-StateMachineUpdater] INFO  statemachine.SimpleStateMachine4Testing (SimpleStateMachine4Testing.java:put(204)) - s2: put 165, m82 -> (t:1, i:165), STATEMACHINELOGENTRY, 339@client-F7203670E756
2022-05-19 09:23:54,890 [s0-server-thread1] DEBUG raftlog.RaftLog (SegmentedRaftLog.java:appendImpl(447)) - truncateIndex=-1, arrayIndex=0
2022-05-19 09:23:54,890 [s1-server-thread1] DEBUG raftlog.RaftLog (SegmentedRaftLog.java:appendImpl(447)) - truncateIndex=-1, arrayIndex=0
2022-05-19 09:23:54,892 [s0-server-thread1] DEBUG raftlog.RaftLog (SegmentedRaftLog.java:appendImpl(447)) - truncateIndex=-1, arrayIndex=0
2022-05-19 09:23:54,892 [s1-server-thread1] DEBUG raftlog.RaftLog (SegmentedRaftLog.java:appendImpl(447)) - truncateIndex=-1, arrayIndex=0
2022-05-19 09:23:54,894 [s0@group-79A51F445787-StateMachineUpdater] INFO  statemachine.SimpleStateMachine4Testing (SimpleStateMachine4Testing.java:put(204)) - s0: put 165, m82 -> (t:1, i:165), STATEMACHINELOGENTRY, 339@client-F7203670E756
2022-05-19 09:23:54,895 [s1@group-79A51F445787-StateMachineUpdater] INFO  statemachine.SimpleStateMachine4Testing (SimpleStateMachine4Testing.java:put(204)) - s1: put 165, m82 -> (t:1, i:165), STATEMACHINELOGENTRY, 339@client-F7203670E756
2022-05-19 09:23:54,896 [s2@group-79A51F445787-StateMachineUpdater] INFO  statemachine.SimpleStateMachine4Testing (SimpleStateMachine4Testing.java:put(204)) - s2: put 167, m83 -> (t:1, i:167), STATEMACHINELOGENTRY, 340@client-F7203670E756
2022-05-19 09:23:54,897 [s1-server-thread1] DEBUG raftlog.RaftLog (SegmentedRaftLog.java:appendImpl(447)) - truncateIndex=-1, arrayIndex=0
2022-05-19 09:23:54,897 [s0-server-thread1] DEBUG raftlog.RaftLog (SegmentedRaftLog.java:appendImpl(447)) - truncateIndex=-1, arrayIndex=0
2022-05-19 09:23:54,899 [s0-server-thread1] DEBUG raftlog.RaftLog (SegmentedRaftLog.java:appendImpl(447)) - truncateIndex=-1, arrayIndex=0
2022-05-19 09:23:54,899 [s1-server-thread1] DEBUG raftlog.RaftLog (SegmentedRaftLog.java:appendImpl(447)) - truncateIndex=-1, arrayIndex=0
2022-05-19 09:23:54,900 [s0@group-79A51F445787-StateMachineUpdater] INFO  statemachine.SimpleStateMachine4Testing (SimpleStateMachine4Testing.java:put(204)) - s0: put 167, m83 -> (t:1, i:167), STATEMACHINELOGENTRY, 340@client-F7203670E756
2022-05-19 09:23:54,901 [s2@group-79A51F445787-StateMachineUpdater] INFO  statemachine.SimpleStateMachine4Testing (SimpleStateMachine4Testing.java:put(204)) - s2: put 169, m84 -> (t:1, i:169), STATEMACHINELOGENTRY, 341@client-F7203670E756
2022-05-19 09:23:54,902 [s0-server-thread1] DEBUG raftlog.RaftLog (SegmentedRaftLog.java:appendImpl(447)) - truncateIndex=-1, arrayIndex=0
2022-05-19 09:23:54,902 [s1-server-thread1] DEBUG raftlog.RaftLog (SegmentedRaftLog.java:appendImpl(447)) - truncateIndex=-1, arrayIndex=0
2022-05-19 09:23:54,904 [s0-server-thread1] DEBUG raftlog.RaftLog (SegmentedRaftLog.java:appendImpl(447)) - truncateIndex=-1, arrayIndex=0
2022-05-19 09:23:54,904 [s1-server-thread1] DEBUG raftlog.RaftLog (SegmentedRaftLog.java:appendImpl(447)) - truncateIndex=-1, arrayIndex=0
2022-05-19 09:23:54,905 [s1@group-79A51F445787-StateMachineUpdater] INFO  statemachine.SimpleStateMachine4Testing (SimpleStateMachine4Testing.java:put(204)) - s1: put 167, m83 -> (t:1, i:167), STATEMACHINELOGENTRY, 340@client-F7203670E756
2022-05-19 09:23:54,907 [s0@group-79A51F445787-StateMachineUpdater] INFO  statemachine.SimpleStateMachine4Testing (SimpleStateMachine4Testing.java:put(204)) - s0: put 169, m84 -> (t:1, i:169), STATEMACHINELOGENTRY, 341@client-F7203670E756
2022-05-19 09:23:54,909 [s1@group-79A51F445787-StateMachineUpdater] INFO  statemachine.SimpleStateMachine4Testing (SimpleStateMachine4Testing.java:put(204)) - s1: put 169, m84 -> (t:1, i:169), STATEMACHINELOGENTRY, 341@client-F7203670E756
2022-05-19 09:23:54,910 [s2@group-79A51F445787-StateMachineUpdater] INFO  statemachine.SimpleStateMachine4Testing (SimpleStateMachine4Testing.java:put(204)) - s2: put 171, m85 -> (t:1, i:171), STATEMACHINELOGENTRY, 342@client-F7203670E756
2022-05-19 09:23:54,911 [s0-server-thread1] DEBUG raftlog.RaftLog (SegmentedRaftLog.java:appendImpl(447)) - truncateIndex=-1, arrayIndex=0
2022-05-19 09:23:54,911 [s1-server-thread1] DEBUG raftlog.RaftLog (SegmentedRaftLog.java:appendImpl(447)) - truncateIndex=-1, arrayIndex=0
2022-05-19 09:23:54,913 [s1-server-thread1] DEBUG raftlog.RaftLog (SegmentedRaftLog.java:appendImpl(447)) - truncateIndex=-1, arrayIndex=0
2022-05-19 09:23:54,913 [s0-server-thread1] DEBUG raftlog.RaftLog (SegmentedRaftLog.java:appendImpl(447)) - truncateIndex=-1, arrayIndex=0
2022-05-19 09:23:54,914 [s0@group-79A51F445787-StateMachineUpdater] INFO  statemachine.SimpleStateMachine4Testing (SimpleStateMachine4Testing.java:put(204)) - s0: put 171, m85 -> (t:1, i:171), STATEMACHINELOGENTRY, 342@client-F7203670E756
2022-05-19 09:23:54,915 [s1@group-79A51F445787-StateMachineUpdater] INFO  statemachine.SimpleStateMachine4Testing (SimpleStateMachine4Testing.java:put(204)) - s1: put 171, m85 -> (t:1, i:171), STATEMACHINELOGENTRY, 342@client-F7203670E756
2022-05-19 09:23:54,915 [s2@group-79A51F445787-StateMachineUpdater] INFO  statemachine.SimpleStateMachine4Testing (SimpleStateMachine4Testing.java:put(204)) - s2: put 173, m86 -> (t:1, i:173), STATEMACHINELOGENTRY, 343@client-F7203670E756
2022-05-19 09:23:54,916 [s1-server-thread1] DEBUG raftlog.RaftLog (SegmentedRaftLog.java:appendImpl(447)) - truncateIndex=-1, arrayIndex=0
2022-05-19 09:23:54,916 [s0-server-thread1] DEBUG raftlog.RaftLog (SegmentedRaftLog.java:appendImpl(447)) - truncateIndex=-1, arrayIndex=0
2022-05-19 09:23:54,918 [s0@group-79A51F445787-StateMachineUpdater] INFO  statemachine.SimpleStateMachine4Testing (SimpleStateMachine4Testing.java:put(204)) - s0: put 173, m86 -> (t:1, i:173), STATEMACHINELOGENTRY, 343@client-F7203670E756
2022-05-19 09:23:54,918 [s0-server-thread1] DEBUG raftlog.RaftLog (SegmentedRaftLog.java:appendImpl(447)) - truncateIndex=-1, arrayIndex=0
2022-05-19 09:23:54,918 [s1-server-thread1] DEBUG raftlog.RaftLog (SegmentedRaftLog.java:appendImpl(447)) - truncateIndex=-1, arrayIndex=0
2022-05-19 09:23:54,919 [s1@group-79A51F445787-StateMachineUpdater] INFO  statemachine.SimpleStateMachine4Testing (SimpleStateMachine4Testing.java:put(204)) - s1: put 173, m86 -> (t:1, i:173), STATEMACHINELOGENTRY, 343@client-F7203670E756
2022-05-19 09:23:54,921 [s2@group-79A51F445787-StateMachineUpdater] INFO  statemachine.SimpleStateMachine4Testing (SimpleStateMachine4Testing.java:put(204)) - s2: put 175, m87 -> (t:1, i:175), STATEMACHINELOGENTRY, 344@client-F7203670E756
2022-05-19 09:23:54,922 [s1-server-thread1] DEBUG raftlog.RaftLog (SegmentedRaftLog.java:appendImpl(447)) - truncateIndex=-1, arrayIndex=0
2022-05-19 09:23:54,922 [s0-server-thread1] DEBUG raftlog.RaftLog (SegmentedRaftLog.java:appendImpl(447)) - truncateIndex=-1, arrayIndex=0
2022-05-19 09:23:54,924 [s1-server-thread1] DEBUG raftlog.RaftLog (SegmentedRaftLog.java:appendImpl(447)) - truncateIndex=-1, arrayIndex=0
2022-05-19 09:23:54,924 [s0-server-thread1] DEBUG raftlog.RaftLog (SegmentedRaftLog.java:appendImpl(447)) - truncateIndex=-1, arrayIndex=0
2022-05-19 09:23:54,925 [s1@group-79A51F445787-StateMachineUpdater] INFO  statemachine.SimpleStateMachine4Testing (SimpleStateMachine4Testing.java:put(204)) - s1: put 175, m87 -> (t:1, i:175), STATEMACHINELOGENTRY, 344@client-F7203670E756
2022-05-19 09:23:54,925 [s0@group-79A51F445787-StateMachineUpdater] INFO  statemachine.SimpleStateMachine4Testing (SimpleStateMachine4Testing.java:put(204)) - s0: put 175, m87 -> (t:1, i:175), STATEMACHINELOGENTRY, 344@client-F7203670E756
2022-05-19 09:23:54,929 [s2@group-79A51F445787-StateMachineUpdater] INFO  statemachine.SimpleStateMachine4Testing (SimpleStateMachine4Testing.java:put(204)) - s2: put 177, m88 -> (t:1, i:177), STATEMACHINELOGENTRY, 345@client-F7203670E756
2022-05-19 09:23:54,930 [s1-server-thread1] DEBUG raftlog.RaftLog (SegmentedRaftLog.java:appendImpl(447)) - truncateIndex=-1, arrayIndex=0
2022-05-19 09:23:54,930 [s0-server-thread1] DEBUG raftlog.RaftLog (SegmentedRaftLog.java:appendImpl(447)) - truncateIndex=-1, arrayIndex=0
2022-05-19 09:23:54,933 [s1-server-thread1] DEBUG raftlog.RaftLog (SegmentedRaftLog.java:appendImpl(447)) - truncateIndex=-1, arrayIndex=0
2022-05-19 09:23:54,933 [s0-server-thread1] DEBUG raftlog.RaftLog (SegmentedRaftLog.java:appendImpl(447)) - truncateIndex=-1, arrayIndex=0
2022-05-19 09:23:54,934 [s1@group-79A51F445787-StateMachineUpdater] INFO  statemachine.SimpleStateMachine4Testing (SimpleStateMachine4Testing.java:put(204)) - s1: put 177, m88 -> (t:1, i:177), STATEMACHINELOGENTRY, 345@client-F7203670E756
2022-05-19 09:23:54,935 [s0@group-79A51F445787-StateMachineUpdater] INFO  statemachine.SimpleStateMachine4Testing (SimpleStateMachine4Testing.java:put(204)) - s0: put 177, m88 -> (t:1, i:177), STATEMACHINELOGENTRY, 345@client-F7203670E756
2022-05-19 09:23:54,937 [s2@group-79A51F445787-StateMachineUpdater] INFO  statemachine.SimpleStateMachine4Testing (SimpleStateMachine4Testing.java:put(204)) - s2: put 179, m89 -> (t:1, i:179), STATEMACHINELOGENTRY, 346@client-F7203670E756
2022-05-19 09:23:54,938 [s1-server-thread1] DEBUG raftlog.RaftLog (SegmentedRaftLog.java:appendImpl(447)) - truncateIndex=-1, arrayIndex=0
2022-05-19 09:23:54,938 [s0-server-thread1] DEBUG raftlog.RaftLog (SegmentedRaftLog.java:appendImpl(447)) - truncateIndex=-1, arrayIndex=0
2022-05-19 09:23:54,940 [s1-server-thread1] DEBUG raftlog.RaftLog (SegmentedRaftLog.java:appendImpl(447)) - truncateIndex=-1, arrayIndex=0
2022-05-19 09:23:54,940 [s0-server-thread1] DEBUG raftlog.RaftLog (SegmentedRaftLog.java:appendImpl(447)) - truncateIndex=-1, arrayIndex=0
2022-05-19 09:23:54,945 [s1@group-79A51F445787-StateMachineUpdater] INFO  statemachine.SimpleStateMachine4Testing (SimpleStateMachine4Testing.java:put(204)) - s1: put 179, m89 -> (t:1, i:179), STATEMACHINELOGENTRY, 346@client-F7203670E756
2022-05-19 09:23:54,946 [s0@group-79A51F445787-StateMachineUpdater] INFO  statemachine.SimpleStateMachine4Testing (SimpleStateMachine4Testing.java:put(204)) - s0: put 179, m89 -> (t:1, i:179), STATEMACHINELOGENTRY, 346@client-F7203670E756
2022-05-19 09:23:54,947 [s2@group-79A51F445787-StateMachineUpdater] INFO  statemachine.SimpleStateMachine4Testing (SimpleStateMachine4Testing.java:put(204)) - s2: put 181, m90 -> (t:1, i:181), STATEMACHINELOGENTRY, 347@client-F7203670E756
2022-05-19 09:23:54,948 [s1-server-thread1] DEBUG raftlog.RaftLog (SegmentedRaftLog.java:appendImpl(447)) - truncateIndex=-1, arrayIndex=0
2022-05-19 09:23:54,949 [s0-server-thread1] DEBUG raftlog.RaftLog (SegmentedRaftLog.java:appendImpl(447)) - truncateIndex=-1, arrayIndex=0
2022-05-19 09:23:54,950 [s0-server-thread1] DEBUG raftlog.RaftLog (SegmentedRaftLog.java:appendImpl(447)) - truncateIndex=-1, arrayIndex=0
2022-05-19 09:23:54,951 [s1-server-thread1] DEBUG raftlog.RaftLog (SegmentedRaftLog.java:appendImpl(447)) - truncateIndex=-1, arrayIndex=0
2022-05-19 09:23:54,952 [s1@group-79A51F445787-StateMachineUpdater] INFO  statemachine.SimpleStateMachine4Testing (SimpleStateMachine4Testing.java:put(204)) - s1: put 181, m90 -> (t:1, i:181), STATEMACHINELOGENTRY, 347@client-F7203670E756
2022-05-19 09:23:54,952 [s0@group-79A51F445787-StateMachineUpdater] INFO  statemachine.SimpleStateMachine4Testing (SimpleStateMachine4Testing.java:put(204)) - s0: put 181, m90 -> (t:1, i:181), STATEMACHINELOGENTRY, 347@client-F7203670E756
2022-05-19 09:23:54,953 [s2@group-79A51F445787-StateMachineUpdater] INFO  statemachine.SimpleStateMachine4Testing (SimpleStateMachine4Testing.java:put(204)) - s2: put 183, m91 -> (t:1, i:183), STATEMACHINELOGENTRY, 348@client-F7203670E756
2022-05-19 09:23:54,954 [s1-server-thread1] DEBUG raftlog.RaftLog (SegmentedRaftLog.java:appendImpl(447)) - truncateIndex=-1, arrayIndex=0
2022-05-19 09:23:54,955 [s0-server-thread1] DEBUG raftlog.RaftLog (SegmentedRaftLog.java:appendImpl(447)) - truncateIndex=-1, arrayIndex=0
2022-05-19 09:23:54,956 [s0-server-thread1] DEBUG raftlog.RaftLog (SegmentedRaftLog.java:appendImpl(447)) - truncateIndex=-1, arrayIndex=0
2022-05-19 09:23:54,956 [s1-server-thread1] DEBUG raftlog.RaftLog (SegmentedRaftLog.java:appendImpl(447)) - truncateIndex=-1, arrayIndex=0
2022-05-19 09:23:54,958 [s0@group-79A51F445787-StateMachineUpdater] INFO  statemachine.SimpleStateMachine4Testing (SimpleStateMachine4Testing.java:put(204)) - s0: put 183, m91 -> (t:1, i:183), STATEMACHINELOGENTRY, 348@client-F7203670E756
2022-05-19 09:23:54,958 [s1@group-79A51F445787-StateMachineUpdater] INFO  statemachine.SimpleStateMachine4Testing (SimpleStateMachine4Testing.java:put(204)) - s1: put 183, m91 -> (t:1, i:183), STATEMACHINELOGENTRY, 348@client-F7203670E756
2022-05-19 09:23:54,959 [s2@group-79A51F445787-StateMachineUpdater] INFO  statemachine.SimpleStateMachine4Testing (SimpleStateMachine4Testing.java:put(204)) - s2: put 185, m92 -> (t:1, i:185), STATEMACHINELOGENTRY, 349@client-F7203670E756
2022-05-19 09:23:54,960 [s1-server-thread1] DEBUG raftlog.RaftLog (SegmentedRaftLog.java:appendImpl(447)) - truncateIndex=-1, arrayIndex=0
2022-05-19 09:23:54,960 [s0-server-thread1] DEBUG raftlog.RaftLog (SegmentedRaftLog.java:appendImpl(447)) - truncateIndex=-1, arrayIndex=0
2022-05-19 09:23:54,962 [s1-server-thread1] DEBUG raftlog.RaftLog (SegmentedRaftLog.java:appendImpl(447)) - truncateIndex=-1, arrayIndex=0
2022-05-19 09:23:54,962 [s0-server-thread1] DEBUG raftlog.RaftLog (SegmentedRaftLog.java:appendImpl(447)) - truncateIndex=-1, arrayIndex=0
2022-05-19 09:23:54,963 [s1@group-79A51F445787-StateMachineUpdater] INFO  statemachine.SimpleStateMachine4Testing (SimpleStateMachine4Testing.java:put(204)) - s1: put 185, m92 -> (t:1, i:185), STATEMACHINELOGENTRY, 349@client-F7203670E756
2022-05-19 09:23:54,964 [s0@group-79A51F445787-StateMachineUpdater] INFO  statemachine.SimpleStateMachine4Testing (SimpleStateMachine4Testing.java:put(204)) - s0: put 185, m92 -> (t:1, i:185), STATEMACHINELOGENTRY, 349@client-F7203670E756
2022-05-19 09:23:54,969 [s2@group-79A51F445787-StateMachineUpdater] INFO  statemachine.SimpleStateMachine4Testing (SimpleStateMachine4Testing.java:put(204)) - s2: put 187, m93 -> (t:1, i:187), STATEMACHINELOGENTRY, 350@client-F7203670E756
2022-05-19 09:23:54,970 [s1-server-thread1] DEBUG raftlog.RaftLog (SegmentedRaftLog.java:appendImpl(447)) - truncateIndex=-1, arrayIndex=0
2022-05-19 09:23:54,970 [s0-server-thread1] DEBUG raftlog.RaftLog (SegmentedRaftLog.java:appendImpl(447)) - truncateIndex=-1, arrayIndex=0
2022-05-19 09:23:54,971 [s2-client-thread1] INFO  segmented.SegmentedRaftLogWorker (SegmentedRaftLogWorker.java:rollLogSegment(430)) - s2@group-79A51F445787-SegmentedRaftLogWorker: Rolling segment log-162_188 to index:188
2022-05-19 09:23:54,971 [s2@group-79A51F445787-SegmentedRaftLogWorker] TRACE util.FileUtils (LogUtils.java:runAndLog(49)) - Successfully ran Files.move /home/runner/work/ratis/ratis/ratis-test/target/test/data/fbdca40e/MiniRaftClusterWithGrpc639795fb/s2/18f0c0db-b28e-477a-a7a1-79a51f445787/current/log_inprogress_162 to /home/runner/work/ratis/ratis/ratis-test/target/test/data/fbdca40e/MiniRaftClusterWithGrpc639795fb/s2/18f0c0db-b28e-477a-a7a1-79a51f445787/current/log_162-188
2022-05-19 09:23:54,972 [s2@group-79A51F445787-SegmentedRaftLogWorker] INFO  segmented.SegmentedRaftLogWorker (SegmentedRaftLogWorker.java:execute(586)) - s2@group-79A51F445787-SegmentedRaftLogWorker: Rolled log segment from /home/runner/work/ratis/ratis/ratis-test/target/test/data/fbdca40e/MiniRaftClusterWithGrpc639795fb/s2/18f0c0db-b28e-477a-a7a1-79a51f445787/current/log_inprogress_162 to /home/runner/work/ratis/ratis/ratis-test/target/test/data/fbdca40e/MiniRaftClusterWithGrpc639795fb/s2/18f0c0db-b28e-477a-a7a1-79a51f445787/current/log_162-188
2022-05-19 09:23:54,972 [s1-server-thread1] DEBUG raftlog.RaftLog (SegmentedRaftLog.java:appendImpl(447)) - truncateIndex=-1, arrayIndex=0
2022-05-19 09:23:54,972 [s1-server-thread1] INFO  segmented.SegmentedRaftLogWorker (SegmentedRaftLogWorker.java:rollLogSegment(430)) - s1@group-79A51F445787-SegmentedRaftLogWorker: Rolling segment log-162_188 to index:188
2022-05-19 09:23:54,972 [s0-server-thread1] DEBUG raftlog.RaftLog (SegmentedRaftLog.java:appendImpl(447)) - truncateIndex=-1, arrayIndex=0
2022-05-19 09:23:54,972 [s0-server-thread1] INFO  segmented.SegmentedRaftLogWorker (SegmentedRaftLogWorker.java:rollLogSegment(430)) - s0@group-79A51F445787-SegmentedRaftLogWorker: Rolling segment log-162_188 to index:188
2022-05-19 09:23:54,973 [s2@group-79A51F445787-SegmentedRaftLogWorker] INFO  segmented.SegmentedRaftLogWorker (SegmentedRaftLogWorker.java:execute(629)) - s2@group-79A51F445787-SegmentedRaftLogWorker: created new log segment /home/runner/work/ratis/ratis/ratis-test/target/test/data/fbdca40e/MiniRaftClusterWithGrpc639795fb/s2/18f0c0db-b28e-477a-a7a1-79a51f445787/current/log_inprogress_189
2022-05-19 09:23:54,973 [s1@group-79A51F445787-SegmentedRaftLogWorker] TRACE util.FileUtils (LogUtils.java:runAndLog(49)) - Successfully ran Files.move /home/runner/work/ratis/ratis/ratis-test/target/test/data/fbdca40e/MiniRaftClusterWithGrpc639795fb/s1/18f0c0db-b28e-477a-a7a1-79a51f445787/current/log_inprogress_162 to /home/runner/work/ratis/ratis/ratis-test/target/test/data/fbdca40e/MiniRaftClusterWithGrpc639795fb/s1/18f0c0db-b28e-477a-a7a1-79a51f445787/current/log_162-188
2022-05-19 09:23:54,974 [s1@group-79A51F445787-SegmentedRaftLogWorker] INFO  segmented.SegmentedRaftLogWorker (SegmentedRaftLogWorker.java:execute(586)) - s1@group-79A51F445787-SegmentedRaftLogWorker: Rolled log segment from /home/runner/work/ratis/ratis/ratis-test/target/test/data/fbdca40e/MiniRaftClusterWithGrpc639795fb/s1/18f0c0db-b28e-477a-a7a1-79a51f445787/current/log_inprogress_162 to /home/runner/work/ratis/ratis/ratis-test/target/test/data/fbdca40e/MiniRaftClusterWithGrpc639795fb/s1/18f0c0db-b28e-477a-a7a1-79a51f445787/current/log_162-188
2022-05-19 09:23:54,974 [s0@group-79A51F445787-SegmentedRaftLogWorker] TRACE util.FileUtils (LogUtils.java:runAndLog(49)) - Successfully ran Files.move /home/runner/work/ratis/ratis/ratis-test/target/test/data/fbdca40e/MiniRaftClusterWithGrpc639795fb/s0/18f0c0db-b28e-477a-a7a1-79a51f445787/current/log_inprogress_162 to /home/runner/work/ratis/ratis/ratis-test/target/test/data/fbdca40e/MiniRaftClusterWithGrpc639795fb/s0/18f0c0db-b28e-477a-a7a1-79a51f445787/current/log_162-188
2022-05-19 09:23:54,974 [s0@group-79A51F445787-SegmentedRaftLogWorker] INFO  segmented.SegmentedRaftLogWorker (SegmentedRaftLogWorker.java:execute(586)) - s0@group-79A51F445787-SegmentedRaftLogWorker: Rolled log segment from /home/runner/work/ratis/ratis/ratis-test/target/test/data/fbdca40e/MiniRaftClusterWithGrpc639795fb/s0/18f0c0db-b28e-477a-a7a1-79a51f445787/current/log_inprogress_162 to /home/runner/work/ratis/ratis/ratis-test/target/test/data/fbdca40e/MiniRaftClusterWithGrpc639795fb/s0/18f0c0db-b28e-477a-a7a1-79a51f445787/current/log_162-188
2022-05-19 09:23:54,975 [s0@group-79A51F445787-StateMachineUpdater] INFO  statemachine.SimpleStateMachine4Testing (SimpleStateMachine4Testing.java:put(204)) - s0: put 187, m93 -> (t:1, i:187), STATEMACHINELOGENTRY, 350@client-F7203670E756
2022-05-19 09:23:54,975 [s0@group-79A51F445787-SegmentedRaftLogWorker] INFO  segmented.SegmentedRaftLogWorker (SegmentedRaftLogWorker.java:execute(629)) - s0@group-79A51F445787-SegmentedRaftLogWorker: created new log segment /home/runner/work/ratis/ratis/ratis-test/target/test/data/fbdca40e/MiniRaftClusterWithGrpc639795fb/s0/18f0c0db-b28e-477a-a7a1-79a51f445787/current/log_inprogress_189
2022-05-19 09:23:54,976 [s1@group-79A51F445787-StateMachineUpdater] INFO  statemachine.SimpleStateMachine4Testing (SimpleStateMachine4Testing.java:put(204)) - s1: put 187, m93 -> (t:1, i:187), STATEMACHINELOGENTRY, 350@client-F7203670E756
2022-05-19 09:23:54,977 [s1@group-79A51F445787-SegmentedRaftLogWorker] INFO  segmented.SegmentedRaftLogWorker (SegmentedRaftLogWorker.java:execute(629)) - s1@group-79A51F445787-SegmentedRaftLogWorker: created new log segment /home/runner/work/ratis/ratis/ratis-test/target/test/data/fbdca40e/MiniRaftClusterWithGrpc639795fb/s1/18f0c0db-b28e-477a-a7a1-79a51f445787/current/log_inprogress_189
2022-05-19 09:23:54,978 [s2@group-79A51F445787-StateMachineUpdater] INFO  statemachine.SimpleStateMachine4Testing (SimpleStateMachine4Testing.java:put(204)) - s2: put 189, m94 -> (t:1, i:189), STATEMACHINELOGENTRY, 351@client-F7203670E756
2022-05-19 09:23:54,979 [s1-server-thread1] DEBUG raftlog.RaftLog (SegmentedRaftLog.java:appendImpl(447)) - truncateIndex=-1, arrayIndex=0
2022-05-19 09:23:54,979 [s0-server-thread1] DEBUG raftlog.RaftLog (SegmentedRaftLog.java:appendImpl(447)) - truncateIndex=-1, arrayIndex=0
2022-05-19 09:23:54,980 [s0-server-thread1] DEBUG raftlog.RaftLog (SegmentedRaftLog.java:appendImpl(447)) - truncateIndex=-1, arrayIndex=0
2022-05-19 09:23:54,981 [s1-server-thread1] DEBUG raftlog.RaftLog (SegmentedRaftLog.java:appendImpl(447)) - truncateIndex=-1, arrayIndex=0
2022-05-19 09:23:54,982 [s0@group-79A51F445787-StateMachineUpdater] INFO  statemachine.SimpleStateMachine4Testing (SimpleStateMachine4Testing.java:put(204)) - s0: put 189, m94 -> (t:1, i:189), STATEMACHINELOGENTRY, 351@client-F7203670E756
2022-05-19 09:23:54,983 [s1@group-79A51F445787-StateMachineUpdater] INFO  statemachine.SimpleStateMachine4Testing (SimpleStateMachine4Testing.java:put(204)) - s1: put 189, m94 -> (t:1, i:189), STATEMACHINELOGENTRY, 351@client-F7203670E756
2022-05-19 09:23:54,984 [s2@group-79A51F445787-StateMachineUpdater] INFO  statemachine.SimpleStateMachine4Testing (SimpleStateMachine4Testing.java:put(204)) - s2: put 191, m95 -> (t:1, i:191), STATEMACHINELOGENTRY, 352@client-F7203670E756
2022-05-19 09:23:54,989 [s0-server-thread1] DEBUG raftlog.RaftLog (SegmentedRaftLog.java:appendImpl(447)) - truncateIndex=-1, arrayIndex=0
2022-05-19 09:23:54,989 [s1-server-thread1] DEBUG raftlog.RaftLog (SegmentedRaftLog.java:appendImpl(447)) - truncateIndex=-1, arrayIndex=0
2022-05-19 09:23:54,991 [s1-server-thread1] DEBUG raftlog.RaftLog (SegmentedRaftLog.java:appendImpl(447)) - truncateIndex=-1, arrayIndex=0
2022-05-19 09:23:54,991 [s0-server-thread1] DEBUG raftlog.RaftLog (SegmentedRaftLog.java:appendImpl(447)) - truncateIndex=-1, arrayIndex=0
2022-05-19 09:23:54,992 [s0@group-79A51F445787-StateMachineUpdater] INFO  statemachine.SimpleStateMachine4Testing (SimpleStateMachine4Testing.java:put(204)) - s0: put 191, m95 -> (t:1, i:191), STATEMACHINELOGENTRY, 352@client-F7203670E756
2022-05-19 09:23:54,998 [s1@group-79A51F445787-StateMachineUpdater] INFO  statemachine.SimpleStateMachine4Testing (SimpleStateMachine4Testing.java:put(204)) - s1: put 191, m95 -> (t:1, i:191), STATEMACHINELOGENTRY, 352@client-F7203670E756
2022-05-19 09:23:55,000 [s1-server-thread1] DEBUG raftlog.RaftLog (SegmentedRaftLog.java:appendImpl(447)) - truncateIndex=-1, arrayIndex=0
2022-05-19 09:23:55,001 [s0-server-thread1] DEBUG raftlog.RaftLog (SegmentedRaftLog.java:appendImpl(447)) - truncateIndex=-1, arrayIndex=0
2022-05-19 09:23:55,010 [s2@group-79A51F445787-StateMachineUpdater] INFO  impl.StateMachineUpdater (StateMachineUpdater.java:takeSnapshot(287)) - s2@group-79A51F445787-StateMachineUpdater: Took a snapshot at index 191
2022-05-19 09:23:55,010 [s2@group-79A51F445787-StateMachineUpdater] INFO  impl.StateMachineUpdater (StateMachineUpdater.java:lambda$new$0(92)) - s2@group-79A51F445787-StateMachineUpdater: snapshotIndex: updateIncreasingly 127 -> 191
2022-05-19 09:23:55,010 [s2@group-79A51F445787-StateMachineUpdater] INFO  raftlog.RaftLog (RaftLogBase.java:purge(308)) - s2@group-79A51F445787-SegmentedRaftLog: purge 191
2022-05-19 09:23:55,010 [s2@group-79A51F445787-StateMachineUpdater] INFO  raftlog.RaftLog (RaftLogBase.java:lambda$new$0(53)) - s2@group-79A51F445787-SegmentedRaftLog: snapshotIndex: updateIncreasingly 127 -> 191
2022-05-19 09:23:55,010 [s2@group-79A51F445787-StateMachineUpdater] DEBUG raftlog.RaftLog (SegmentedRaftLog.java:purgeImpl(365)) - purging segments:toTruncate: null
  toDelete: [(107, 134) isOpen? false, length=0, newEndIndex=0, (135, 161) isOpen? false, length=0, newEndIndex=0, (162, 188) isOpen? false, length=0, newEndIndex=0]
2022-05-19 09:23:55,010 [s2@group-79A51F445787-StateMachineUpdater] INFO  statemachine.SimpleStateMachine4Testing (SimpleStateMachine4Testing.java:put(204)) - s2: put 193, m96 -> (t:1, i:193), STATEMACHINELOGENTRY, 353@client-F7203670E756
2022-05-19 09:23:55,011 [s2@group-79A51F445787-SegmentedRaftLogWorker] TRACE util.FileUtils (LogUtils.java:runAndLog(49)) - Successfully ran Files.delete /home/runner/work/ratis/ratis/ratis-test/target/test/data/fbdca40e/MiniRaftClusterWithGrpc639795fb/s2/18f0c0db-b28e-477a-a7a1-79a51f445787/current/log_107-134
2022-05-19 09:23:55,011 [s2@group-79A51F445787-SegmentedRaftLogWorker] TRACE util.FileUtils (LogUtils.java:runAndLog(49)) - Successfully ran Files.delete /home/runner/work/ratis/ratis/ratis-test/target/test/data/fbdca40e/MiniRaftClusterWithGrpc639795fb/s2/18f0c0db-b28e-477a-a7a1-79a51f445787/current/log_135-161
2022-05-19 09:23:55,011 [s2@group-79A51F445787-SegmentedRaftLogWorker] TRACE util.FileUtils (LogUtils.java:runAndLog(49)) - Successfully ran Files.delete /home/runner/work/ratis/ratis/ratis-test/target/test/data/fbdca40e/MiniRaftClusterWithGrpc639795fb/s2/18f0c0db-b28e-477a-a7a1-79a51f445787/current/log_162-188
2022-05-19 09:23:55,011 [s2@group-79A51F445787-SegmentedRaftLogWorker] INFO  raftlog.RaftLog (RaftLogBase.java:lambda$new$0(53)) - s2@group-79A51F445787-SegmentedRaftLog: purgeIndex: updateToMax old=106, new=188, updated? true
2022-05-19 09:23:55,014 [s1-server-thread1] DEBUG raftlog.RaftLog (SegmentedRaftLog.java:appendImpl(447)) - truncateIndex=-1, arrayIndex=0
2022-05-19 09:23:55,014 [s0-server-thread1] DEBUG raftlog.RaftLog (SegmentedRaftLog.java:appendImpl(447)) - truncateIndex=-1, arrayIndex=0
2022-05-19 09:23:55,018 [s0@group-79A51F445787-StateMachineUpdater] INFO  impl.StateMachineUpdater (StateMachineUpdater.java:takeSnapshot(287)) - s0@group-79A51F445787-StateMachineUpdater: Took a snapshot at index 191
2022-05-19 09:23:55,018 [s0@group-79A51F445787-StateMachineUpdater] INFO  impl.StateMachineUpdater (StateMachineUpdater.java:lambda$new$0(92)) - s0@group-79A51F445787-StateMachineUpdater: snapshotIndex: updateIncreasingly 127 -> 191
2022-05-19 09:23:55,018 [s0@group-79A51F445787-StateMachineUpdater] INFO  raftlog.RaftLog (RaftLogBase.java:purge(308)) - s0@group-79A51F445787-SegmentedRaftLog: purge 191
2022-05-19 09:23:55,018 [s0@group-79A51F445787-StateMachineUpdater] INFO  raftlog.RaftLog (RaftLogBase.java:lambda$new$0(53)) - s0@group-79A51F445787-SegmentedRaftLog: snapshotIndex: updateIncreasingly 127 -> 191
2022-05-19 09:23:55,018 [s0@group-79A51F445787-StateMachineUpdater] DEBUG raftlog.RaftLog (SegmentedRaftLog.java:purgeImpl(365)) - purging segments:toTruncate: null
  toDelete: [(107, 134) isOpen? false, length=0, newEndIndex=0, (135, 161) isOpen? false, length=0, newEndIndex=0, (162, 188) isOpen? false, length=0, newEndIndex=0]
2022-05-19 09:23:55,020 [s1@group-79A51F445787-StateMachineUpdater] INFO  impl.StateMachineUpdater (StateMachineUpdater.java:takeSnapshot(287)) - s1@group-79A51F445787-StateMachineUpdater: Took a snapshot at index 191
2022-05-19 09:23:55,020 [s1@group-79A51F445787-StateMachineUpdater] INFO  impl.StateMachineUpdater (StateMachineUpdater.java:lambda$new$0(92)) - s1@group-79A51F445787-StateMachineUpdater: snapshotIndex: updateIncreasingly 127 -> 191
2022-05-19 09:23:55,020 [s1@group-79A51F445787-StateMachineUpdater] INFO  raftlog.RaftLog (RaftLogBase.java:purge(308)) - s1@group-79A51F445787-SegmentedRaftLog: purge 191
2022-05-19 09:23:55,020 [s1@group-79A51F445787-StateMachineUpdater] INFO  raftlog.RaftLog (RaftLogBase.java:lambda$new$0(53)) - s1@group-79A51F445787-SegmentedRaftLog: snapshotIndex: updateIncreasingly 127 -> 191
2022-05-19 09:23:55,021 [s1@group-79A51F445787-StateMachineUpdater] DEBUG raftlog.RaftLog (SegmentedRaftLog.java:purgeImpl(365)) - purging segments:toTruncate: null
  toDelete: [(107, 134) isOpen? false, length=0, newEndIndex=0, (135, 161) isOpen? false, length=0, newEndIndex=0, (162, 188) isOpen? false, length=0, newEndIndex=0]
2022-05-19 09:23:55,021 [s0@group-79A51F445787-StateMachineUpdater] INFO  statemachine.SimpleStateMachine4Testing (SimpleStateMachine4Testing.java:put(204)) - s0: put 193, m96 -> (t:1, i:193), STATEMACHINELOGENTRY, 353@client-F7203670E756
2022-05-19 09:23:55,021 [s0@group-79A51F445787-SegmentedRaftLogWorker] TRACE util.FileUtils (LogUtils.java:runAndLog(49)) - Successfully ran Files.delete /home/runner/work/ratis/ratis/ratis-test/target/test/data/fbdca40e/MiniRaftClusterWithGrpc639795fb/s0/18f0c0db-b28e-477a-a7a1-79a51f445787/current/log_107-134
2022-05-19 09:23:55,022 [s0@group-79A51F445787-SegmentedRaftLogWorker] TRACE util.FileUtils (LogUtils.java:runAndLog(49)) - Successfully ran Files.delete /home/runner/work/ratis/ratis/ratis-test/target/test/data/fbdca40e/MiniRaftClusterWithGrpc639795fb/s0/18f0c0db-b28e-477a-a7a1-79a51f445787/current/log_135-161
2022-05-19 09:23:55,022 [s0@group-79A51F445787-SegmentedRaftLogWorker] TRACE util.FileUtils (LogUtils.java:runAndLog(49)) - Successfully ran Files.delete /home/runner/work/ratis/ratis/ratis-test/target/test/data/fbdca40e/MiniRaftClusterWithGrpc639795fb/s0/18f0c0db-b28e-477a-a7a1-79a51f445787/current/log_162-188
2022-05-19 09:23:55,022 [s0@group-79A51F445787-SegmentedRaftLogWorker] INFO  raftlog.RaftLog (RaftLogBase.java:lambda$new$0(53)) - s0@group-79A51F445787-SegmentedRaftLog: purgeIndex: updateToMax old=106, new=188, updated? true
2022-05-19 09:23:55,024 [s1@group-79A51F445787-SegmentedRaftLogWorker] TRACE util.FileUtils (LogUtils.java:runAndLog(49)) - Successfully ran Files.delete /home/runner/work/ratis/ratis/ratis-test/target/test/data/fbdca40e/MiniRaftClusterWithGrpc639795fb/s1/18f0c0db-b28e-477a-a7a1-79a51f445787/current/log_107-134
2022-05-19 09:23:55,025 [s1@group-79A51F445787-SegmentedRaftLogWorker] TRACE util.FileUtils (LogUtils.java:runAndLog(49)) - Successfully ran Files.delete /home/runner/work/ratis/ratis/ratis-test/target/test/data/fbdca40e/MiniRaftClusterWithGrpc639795fb/s1/18f0c0db-b28e-477a-a7a1-79a51f445787/current/log_135-161
2022-05-19 09:23:55,025 [s1@group-79A51F445787-SegmentedRaftLogWorker] TRACE util.FileUtils (LogUtils.java:runAndLog(49)) - Successfully ran Files.delete /home/runner/work/ratis/ratis/ratis-test/target/test/data/fbdca40e/MiniRaftClusterWithGrpc639795fb/s1/18f0c0db-b28e-477a-a7a1-79a51f445787/current/log_162-188
2022-05-19 09:23:55,025 [s1@group-79A51F445787-SegmentedRaftLogWorker] INFO  raftlog.RaftLog (RaftLogBase.java:lambda$new$0(53)) - s1@group-79A51F445787-SegmentedRaftLog: purgeIndex: updateToMax old=106, new=188, updated? true
2022-05-19 09:23:55,025 [s1@group-79A51F445787-StateMachineUpdater] INFO  statemachine.SimpleStateMachine4Testing (SimpleStateMachine4Testing.java:put(204)) - s1: put 193, m96 -> (t:1, i:193), STATEMACHINELOGENTRY, 353@client-F7203670E756
2022-05-19 09:23:58,014 [java.util.concurrent.ThreadPoolExecutor$Worker@264bfa54[State = -1, empty queue]] WARN  server.GrpcLogAppender (GrpcLogAppender.java:timeoutAppendRequest(239)) - s2@group-79A51F445787->s0-GrpcLogAppender:  appendEntries Timeout, request=AppendEntriesRequest:cid=491,entriesCount=1,lastEntry=(t:1, i:195)
2022-05-19 09:23:58,015 [java.util.concurrent.ThreadPoolExecutor$Worker@264bfa54[State = -1, empty queue]] WARN  server.GrpcLogAppender (GrpcLogAppender.java:timeoutAppendRequest(239)) - s2@group-79A51F445787->s1-GrpcLogAppender:  appendEntries Timeout, request=AppendEntriesRequest:cid=504,entriesCount=1,lastEntry=(t:1, i:195)
2022-05-19 09:23:58,129 [null-request--thread1] INFO  server.GrpcClientProtocolService (GrpcClientProtocolService.java:lambda$processClientRequest$0(284)) - Failed RaftClientRequest:client-F7203670E756->s1@group-79A51F445787, cid=354, seq=0, RW, Message:6d3937, reply=RaftClientReply:client-F7203670E756->s1@group-79A51F445787, cid=354, FAILED org.apache.ratis.protocol.exceptions.NotLeaderException: Server s1@group-79A51F445787 is not the leader s2|rpc:localhost:37783|admin:localhost:39335|client:localhost:36947|dataStream:localhost:40251|priority:0, logIndex=0, commits[s1:c194, s0:c194, s2:c194]
2022-05-19 09:23:59,697 [org.apache.ratis.util.JvmPauseMonitor$$Lambda$262/1487809571@397108ac] WARN  util.JvmPauseMonitor (JvmPauseMonitor.java:detectPause(124)) - JvmPauseMonitor-s1: Detected pause in JVM or host machine (eg GC): pause of approximately 101530081ns.
GC pool 'PS MarkSweep' had collection(s): count=1 time=89ms
GC pool 'PS Scavenge' had collection(s): count=1 time=60ms
2022-05-19 09:23:59,697 [org.apache.ratis.util.JvmPauseMonitor$$Lambda$262/1487809571@21c8b0a6] WARN  util.JvmPauseMonitor (JvmPauseMonitor.java:detectPause(124)) - JvmPauseMonitor-s0: Detected pause in JVM or host machine (eg GC): pause of approximately 111897198ns.
GC pool 'PS MarkSweep' had collection(s): count=1 time=89ms
GC pool 'PS Scavenge' had collection(s): count=1 time=60ms
2022-05-19 09:24:01,351 [null-request--thread1] INFO  server.GrpcClientProtocolService (GrpcClientProtocolService.java:lambda$processClientRequest$0(284)) - Failed RaftClientRequest:client-F7203670E756->s1@group-79A51F445787, cid=354, seq=0, RW, Message:6d3937, reply=RaftClientReply:client-F7203670E756->s1@group-79A51F445787, cid=354, FAILED org.apache.ratis.protocol.exceptions.NotLeaderException: Server s1@group-79A51F445787 is not the leader s2|rpc:localhost:37783|admin:localhost:39335|client:localhost:36947|dataStream:localhost:40251|priority:0, logIndex=0, commits[s1:c194, s0:c194, s2:c194]
2022-05-19 09:24:03,606 [Timer-2] INFO  impl.MiniRaftCluster (MiniRaftCluster.java:lambda$null$6(325)) - TIMED-PRINT: printing ALL groups
  s0:  RUNNING  FOLLOWER s0@group-79A51F445787:t1, leader=s2, voted=s2, raftlog=s0@group-79A51F445787-SegmentedRaftLog:OPENED:c194, conf=0: [s0|rpc:localhost:40211|admin:localhost:46233|client:localhost:33945|dataStream:localhost:35105|priority:0, s1|rpc:localhost:44147|admin:localhost:36427|client:localhost:44877|dataStream:localhost:40429|priority:0, s2|rpc:localhost:37783|admin:localhost:39335|client:localhost:36947|dataStream:localhost:40251|priority:0], old=null RUNNING
  s1:  RUNNING  FOLLOWER s1@group-79A51F445787:t1, leader=s2, voted=s2, raftlog=s1@group-79A51F445787-SegmentedRaftLog:OPENED:c194, conf=0: [s0|rpc:localhost:40211|admin:localhost:46233|client:localhost:33945|dataStream:localhost:35105|priority:0, s1|rpc:localhost:44147|admin:localhost:36427|client:localhost:44877|dataStream:localhost:40429|priority:0, s2|rpc:localhost:37783|admin:localhost:39335|client:localhost:36947|dataStream:localhost:40251|priority:0], old=null RUNNING
  s2:  RUNNING    LEADER s2@group-79A51F445787:t1, leader=s2, voted=s2, raftlog=s2@group-79A51F445787-SegmentedRaftLog:OPENED:c194, conf=0: [s0|rpc:localhost:40211|admin:localhost:46233|client:localhost:33945|dataStream:localhost:35105|priority:0, s1|rpc:localhost:44147|admin:localhost:36427|client:localhost:44877|dataStream:localhost:40429|priority:0, s2|rpc:localhost:37783|admin:localhost:39335|client:localhost:36947|dataStream:localhost:40251|priority:0], old=null RUNNING
2022-05-19 09:24:04,563 [null-request--thread1] INFO  server.GrpcClientProtocolService (GrpcClientProtocolService.java:lambda$processClientRequest$0(284)) - Failed RaftClientRequest:client-F7203670E756->s0@group-79A51F445787, cid=354, seq=0, RW, Message:6d3937, reply=RaftClientReply:client-F7203670E756->s0@group-79A51F445787, cid=354, FAILED org.apache.ratis.protocol.exceptions.NotLeaderException: Server s0@group-79A51F445787 is not the leader s2|rpc:localhost:37783|admin:localhost:39335|client:localhost:36947|dataStream:localhost:40251|priority:0, logIndex=0, commits[s0:c194, s1:c194, s2:c194]
2022-05-19 09:24:07,775 [null-request--thread1] INFO  server.GrpcClientProtocolService (GrpcClientProtocolService.java:lambda$processClientRequest$0(284)) - Failed RaftClientRequest:client-F7203670E756->s0@group-79A51F445787, cid=354, seq=0, RW, Message:6d3937, reply=RaftClientReply:client-F7203670E756->s0@group-79A51F445787, cid=354, FAILED org.apache.ratis.protocol.exceptions.NotLeaderException: Server s0@group-79A51F445787 is not the leader s2|rpc:localhost:37783|admin:localhost:39335|client:localhost:36947|dataStream:localhost:40251|priority:0, logIndex=0, commits[s0:c194, s1:c194, s2:c194]
2022-05-19 09:24:10,988 [null-request--thread1] INFO  server.GrpcClientProtocolService (GrpcClientProtocolService.java:lambda$processClientRequest$0(284)) - Failed RaftClientRequest:client-F7203670E756->s1@group-79A51F445787, cid=354, seq=0, RW, Message:6d3937, reply=RaftClientReply:client-F7203670E756->s1@group-79A51F445787, cid=354, FAILED org.apache.ratis.protocol.exceptions.NotLeaderException: Server s1@group-79A51F445787 is not the leader s2|rpc:localhost:37783|admin:localhost:39335|client:localhost:36947|dataStream:localhost:40251|priority:0, logIndex=0, commits[s1:c194, s0:c194, s2:c194]
2022-05-19 09:24:13,605 [Timer-2] INFO  impl.MiniRaftCluster (MiniRaftCluster.java:lambda$null$6(325)) - TIMED-PRINT: printing ALL groups
  s0:  RUNNING  FOLLOWER s0@group-79A51F445787:t1, leader=s2, voted=s2, raftlog=s0@group-79A51F445787-SegmentedRaftLog:OPENED:c194, conf=0: [s0|rpc:localhost:40211|admin:localhost:46233|client:localhost:33945|dataStream:localhost:35105|priority:0, s1|rpc:localhost:44147|admin:localhost:36427|client:localhost:44877|dataStream:localhost:40429|priority:0, s2|rpc:localhost:37783|admin:localhost:39335|client:localhost:36947|dataStream:localhost:40251|priority:0], old=null RUNNING
  s1:  RUNNING  FOLLOWER s1@group-79A51F445787:t1, leader=s2, voted=s2, raftlog=s1@group-79A51F445787-SegmentedRaftLog:OPENED:c194, conf=0: [s0|rpc:localhost:40211|admin:localhost:46233|client:localhost:33945|dataStream:localhost:35105|priority:0, s1|rpc:localhost:44147|admin:localhost:36427|client:localhost:44877|dataStream:localhost:40429|priority:0, s2|rpc:localhost:37783|admin:localhost:39335|client:localhost:36947|dataStream:localhost:40251|priority:0], old=null RUNNING
  s2:  RUNNING    LEADER s2@group-79A51F445787:t1, leader=s2, voted=s2, raftlog=s2@group-79A51F445787-SegmentedRaftLog:OPENED:c194, conf=0: [s0|rpc:localhost:40211|admin:localhost:46233|client:localhost:33945|dataStream:localhost:35105|priority:0, s1|rpc:localhost:44147|admin:localhost:36427|client:localhost:44877|dataStream:localhost:40429|priority:0, s2|rpc:localhost:37783|admin:localhost:39335|client:localhost:36947|dataStream:localhost:40251|priority:0], old=null RUNNING
2022-05-19 09:24:14,200 [null-request--thread1] INFO  server.GrpcClientProtocolService (GrpcClientProtocolService.java:lambda$processClientRequest$0(284)) - Failed RaftClientRequest:client-F7203670E756->s1@group-79A51F445787, cid=354, seq=0, RW, Message:6d3937, reply=RaftClientReply:client-F7203670E756->s1@group-79A51F445787, cid=354, FAILED org.apache.ratis.protocol.exceptions.NotLeaderException: Server s1@group-79A51F445787 is not the leader s2|rpc:localhost:37783|admin:localhost:39335|client:localhost:36947|dataStream:localhost:40251|priority:0, logIndex=0, commits[s1:c194, s0:c194, s2:c194]
2022-05-19 09:24:17,416 [null-request--thread1] INFO  server.GrpcClientProtocolService (GrpcClientProtocolService.java:lambda$processClientRequest$0(284)) - Failed RaftClientRequest:client-F7203670E756->s1@group-79A51F445787, cid=354, seq=0, RW, Message:6d3937, reply=RaftClientReply:client-F7203670E756->s1@group-79A51F445787, cid=354, FAILED org.apache.ratis.protocol.exceptions.NotLeaderException: Server s1@group-79A51F445787 is not the leader s2|rpc:localhost:37783|admin:localhost:39335|client:localhost:36947|dataStream:localhost:40251|priority:0, logIndex=0, commits[s1:c194, s0:c194, s2:c194]
2022-05-19 09:24:20,627 [null-request--thread1] INFO  server.GrpcClientProtocolService (GrpcClientProtocolService.java:lambda$processClientRequest$0(284)) - Failed RaftClientRequest:client-F7203670E756->s1@group-79A51F445787, cid=354, seq=0, RW, Message:6d3937, reply=RaftClientReply:client-F7203670E756->s1@group-79A51F445787, cid=354, FAILED org.apache.ratis.protocol.exceptions.NotLeaderException: Server s1@group-79A51F445787 is not the leader s2|rpc:localhost:37783|admin:localhost:39335|client:localhost:36947|dataStream:localhost:40251|priority:0, logIndex=0, commits[s1:c194, s0:c194, s2:c194]
2022-05-19 09:24:23,606 [Timer-2] INFO  impl.MiniRaftCluster (MiniRaftCluster.java:lambda$null$6(325)) - TIMED-PRINT: printing ALL groups
  s0:  RUNNING  FOLLOWER s0@group-79A51F445787:t1, leader=s2, voted=s2, raftlog=s0@group-79A51F445787-SegmentedRaftLog:OPENED:c194, conf=0: [s0|rpc:localhost:40211|admin:localhost:46233|client:localhost:33945|dataStream:localhost:35105|priority:0, s1|rpc:localhost:44147|admin:localhost:36427|client:localhost:44877|dataStream:localhost:40429|priority:0, s2|rpc:localhost:37783|admin:localhost:39335|client:localhost:36947|dataStream:localhost:40251|priority:0], old=null RUNNING
  s1:  RUNNING  FOLLOWER s1@group-79A51F445787:t1, leader=s2, voted=s2, raftlog=s1@group-79A51F445787-SegmentedRaftLog:OPENED:c194, conf=0: [s0|rpc:localhost:40211|admin:localhost:46233|client:localhost:33945|dataStream:localhost:35105|priority:0, s1|rpc:localhost:44147|admin:localhost:36427|client:localhost:44877|dataStream:localhost:40429|priority:0, s2|rpc:localhost:37783|admin:localhost:39335|client:localhost:36947|dataStream:localhost:40251|priority:0], old=null RUNNING
  s2:  RUNNING    LEADER s2@group-79A51F445787:t1, leader=s2, voted=s2, raftlog=s2@group-79A51F445787-SegmentedRaftLog:OPENED:c194, conf=0: [s0|rpc:localhost:40211|admin:localhost:46233|client:localhost:33945|dataStream:localhost:35105|priority:0, s1|rpc:localhost:44147|admin:localhost:36427|client:localhost:44877|dataStream:localhost:40429|priority:0, s2|rpc:localhost:37783|admin:localhost:39335|client:localhost:36947|dataStream:localhost:40251|priority:0], old=null RUNNING
2022-05-19 09:24:23,837 [null-request--thread1] INFO  server.GrpcClientProtocolService (GrpcClientProtocolService.java:lambda$processClientRequest$0(284)) - Failed RaftClientRequest:client-F7203670E756->s0@group-79A51F445787, cid=354, seq=0, RW, Message:6d3937, reply=RaftClientReply:client-F7203670E756->s0@group-79A51F445787, cid=354, FAILED org.apache.ratis.protocol.exceptions.NotLeaderException: Server s0@group-79A51F445787 is not the leader s2|rpc:localhost:37783|admin:localhost:39335|client:localhost:36947|dataStream:localhost:40251|priority:0, logIndex=0, commits[s0:c194, s1:c194, s2:c194]
2022-05-19 09:24:27,049 [null-request--thread1] INFO  server.GrpcClientProtocolService (GrpcClientProtocolService.java:lambda$processClientRequest$0(284)) - Failed RaftClientRequest:client-F7203670E756->s1@group-79A51F445787, cid=354, seq=0, RW, Message:6d3937, reply=RaftClientReply:client-F7203670E756->s1@group-79A51F445787, cid=354, FAILED org.apache.ratis.protocol.exceptions.NotLeaderException: Server s1@group-79A51F445787 is not the leader s2|rpc:localhost:37783|admin:localhost:39335|client:localhost:36947|dataStream:localhost:40251|priority:0, logIndex=0, commits[s1:c194, s0:c194, s2:c194]
2022-05-19 09:24:30,262 [null-request--thread1] INFO  server.GrpcClientProtocolService (GrpcClientProtocolService.java:lambda$processClientRequest$0(284)) - Failed RaftClientRequest:client-F7203670E756->s1@group-79A51F445787, cid=354, seq=0, RW, Message:6d3937, reply=RaftClientReply:client-F7203670E756->s1@group-79A51F445787, cid=354, FAILED org.apache.ratis.protocol.exceptions.NotLeaderException: Server s1@group-79A51F445787 is not the leader s2|rpc:localhost:37783|admin:localhost:39335|client:localhost:36947|dataStream:localhost:40251|priority:0, logIndex=0, commits[s1:c194, s0:c194, s2:c194]
2022-05-19 09:24:33,471 [null-request--thread1] INFO  server.GrpcClientProtocolService (GrpcClientProtocolService.java:lambda$processClientRequest$0(284)) - Failed RaftClientRequest:client-F7203670E756->s0@group-79A51F445787, cid=354, seq=0, RW, Message:6d3937, reply=RaftClientReply:client-F7203670E756->s0@group-79A51F445787, cid=354, FAILED org.apache.ratis.protocol.exceptions.NotLeaderException: Server s0@group-79A51F445787 is not the leader s2|rpc:localhost:37783|admin:localhost:39335|client:localhost:36947|dataStream:localhost:40251|priority:0, logIndex=0, commits[s0:c194, s1:c194, s2:c194]
2022-05-19 09:24:33,605 [Timer-2] INFO  impl.MiniRaftCluster (MiniRaftCluster.java:lambda$null$6(325)) - TIMED-PRINT: printing ALL groups
  s0:  RUNNING  FOLLOWER s0@group-79A51F445787:t1, leader=s2, voted=s2, raftlog=s0@group-79A51F445787-SegmentedRaftLog:OPENED:c194, conf=0: [s0|rpc:localhost:40211|admin:localhost:46233|client:localhost:33945|dataStream:localhost:35105|priority:0, s1|rpc:localhost:44147|admin:localhost:36427|client:localhost:44877|dataStream:localhost:40429|priority:0, s2|rpc:localhost:37783|admin:localhost:39335|client:localhost:36947|dataStream:localhost:40251|priority:0], old=null RUNNING
  s1:  RUNNING  FOLLOWER s1@group-79A51F445787:t1, leader=s2, voted=s2, raftlog=s1@group-79A51F445787-SegmentedRaftLog:OPENED:c194, conf=0: [s0|rpc:localhost:40211|admin:localhost:46233|client:localhost:33945|dataStream:localhost:35105|priority:0, s1|rpc:localhost:44147|admin:localhost:36427|client:localhost:44877|dataStream:localhost:40429|priority:0, s2|rpc:localhost:37783|admin:localhost:39335|client:localhost:36947|dataStream:localhost:40251|priority:0], old=null RUNNING
  s2:  RUNNING    LEADER s2@group-79A51F445787:t1, leader=s2, voted=s2, raftlog=s2@group-79A51F445787-SegmentedRaftLog:OPENED:c194, conf=0: [s0|rpc:localhost:40211|admin:localhost:46233|client:localhost:33945|dataStream:localhost:35105|priority:0, s1|rpc:localhost:44147|admin:localhost:36427|client:localhost:44877|dataStream:localhost:40429|priority:0, s2|rpc:localhost:37783|admin:localhost:39335|client:localhost:36947|dataStream:localhost:40251|priority:0], old=null RUNNING
2022-05-19 09:24:36,681 [null-request--thread1] INFO  server.GrpcClientProtocolService (GrpcClientProtocolService.java:lambda$processClientRequest$0(284)) - Failed RaftClientRequest:client-F7203670E756->s1@group-79A51F445787, cid=354, seq=0, RW, Message:6d3937, reply=RaftClientReply:client-F7203670E756->s1@group-79A51F445787, cid=354, FAILED org.apache.ratis.protocol.exceptions.NotLeaderException: Server s1@group-79A51F445787 is not the leader s2|rpc:localhost:37783|admin:localhost:39335|client:localhost:36947|dataStream:localhost:40251|priority:0, logIndex=0, commits[s1:c194, s0:c194, s2:c194]
2022-05-19 09:24:39,893 [null-request--thread1] INFO  server.GrpcClientProtocolService (GrpcClientProtocolService.java:lambda$processClientRequest$0(284)) - Failed RaftClientRequest:client-F7203670E756->s1@group-79A51F445787, cid=354, seq=0, RW, Message:6d3937, reply=RaftClientReply:client-F7203670E756->s1@group-79A51F445787, cid=354, FAILED org.apache.ratis.protocol.exceptions.NotLeaderException: Server s1@group-79A51F445787 is not the leader s2|rpc:localhost:37783|admin:localhost:39335|client:localhost:36947|dataStream:localhost:40251|priority:0, logIndex=0, commits[s1:c194, s0:c194, s2:c194]
2022-05-19 09:24:43,103 [null-request--thread1] INFO  server.GrpcClientProtocolService (GrpcClientProtocolService.java:lambda$processClientRequest$0(284)) - Failed RaftClientRequest:client-F7203670E756->s0@group-79A51F445787, cid=354, seq=0, RW, Message:6d3937, reply=RaftClientReply:client-F7203670E756->s0@group-79A51F445787, cid=354, FAILED org.apache.ratis.protocol.exceptions.NotLeaderException: Server s0@group-79A51F445787 is not the leader s2|rpc:localhost:37783|admin:localhost:39335|client:localhost:36947|dataStream:localhost:40251|priority:0, logIndex=0, commits[s0:c194, s1:c194, s2:c194]
2022-05-19 09:24:43,606 [Timer-2] INFO  impl.MiniRaftCluster (MiniRaftCluster.java:lambda$null$6(325)) - TIMED-PRINT: printing ALL groups
  s0:  RUNNING  FOLLOWER s0@group-79A51F445787:t1, leader=s2, voted=s2, raftlog=s0@group-79A51F445787-SegmentedRaftLog:OPENED:c194, conf=0: [s0|rpc:localhost:40211|admin:localhost:46233|client:localhost:33945|dataStream:localhost:35105|priority:0, s1|rpc:localhost:44147|admin:localhost:36427|client:localhost:44877|dataStream:localhost:40429|priority:0, s2|rpc:localhost:37783|admin:localhost:39335|client:localhost:36947|dataStream:localhost:40251|priority:0], old=null RUNNING
  s1:  RUNNING  FOLLOWER s1@group-79A51F445787:t1, leader=s2, voted=s2, raftlog=s1@group-79A51F445787-SegmentedRaftLog:OPENED:c194, conf=0: [s0|rpc:localhost:40211|admin:localhost:46233|client:localhost:33945|dataStream:localhost:35105|priority:0, s1|rpc:localhost:44147|admin:localhost:36427|client:localhost:44877|dataStream:localhost:40429|priority:0, s2|rpc:localhost:37783|admin:localhost:39335|client:localhost:36947|dataStream:localhost:40251|priority:0], old=null RUNNING
  s2:  RUNNING    LEADER s2@group-79A51F445787:t1, leader=s2, voted=s2, raftlog=s2@group-79A51F445787-SegmentedRaftLog:OPENED:c194, conf=0: [s0|rpc:localhost:40211|admin:localhost:46233|client:localhost:33945|dataStream:localhost:35105|priority:0, s1|rpc:localhost:44147|admin:localhost:36427|client:localhost:44877|dataStream:localhost:40429|priority:0, s2|rpc:localhost:37783|admin:localhost:39335|client:localhost:36947|dataStream:localhost:40251|priority:0], old=null RUNNING
2022-05-19 09:24:46,316 [null-request--thread1] INFO  server.GrpcClientProtocolService (GrpcClientProtocolService.java:lambda$processClientRequest$0(284)) - Failed RaftClientRequest:client-F7203670E756->s1@group-79A51F445787, cid=354, seq=0, RW, Message:6d3937, reply=RaftClientReply:client-F7203670E756->s1@group-79A51F445787, cid=354, FAILED org.apache.ratis.protocol.exceptions.NotLeaderException: Server s1@group-79A51F445787 is not the leader s2|rpc:localhost:37783|admin:localhost:39335|client:localhost:36947|dataStream:localhost:40251|priority:0, logIndex=0, commits[s1:c194, s0:c194, s2:c194]
2022-05-19 09:24:49,525 [null-request--thread1] INFO  server.GrpcClientProtocolService (GrpcClientProtocolService.java:lambda$processClientRequest$0(284)) - Failed RaftClientRequest:client-F7203670E756->s1@group-79A51F445787, cid=354, seq=0, RW, Message:6d3937, reply=RaftClientReply:client-F7203670E756->s1@group-79A51F445787, cid=354, FAILED org.apache.ratis.protocol.exceptions.NotLeaderException: Server s1@group-79A51F445787 is not the leader s2|rpc:localhost:37783|admin:localhost:39335|client:localhost:36947|dataStream:localhost:40251|priority:0, logIndex=0, commits[s1:c194, s0:c194, s2:c194]
2022-05-19 09:24:52,738 [null-request--thread1] INFO  server.GrpcClientProtocolService (GrpcClientProtocolService.java:lambda$processClientRequest$0(284)) - Failed RaftClientRequest:client-F7203670E756->s1@group-79A51F445787, cid=354, seq=0, RW, Message:6d3937, reply=RaftClientReply:client-F7203670E756->s1@group-79A51F445787, cid=354, FAILED org.apache.ratis.protocol.exceptions.NotLeaderException: Server s1@group-79A51F445787 is not the leader s2|rpc:localhost:37783|admin:localhost:39335|client:localhost:36947|dataStream:localhost:40251|priority:0, logIndex=0, commits[s1:c194, s0:c194, s2:c194]
2022-05-19 09:24:53,605 [Timer-2] INFO  impl.MiniRaftCluster (MiniRaftCluster.java:lambda$null$6(325)) - TIMED-PRINT: printing ALL groups
  s0:  RUNNING  FOLLOWER s0@group-79A51F445787:t1, leader=s2, voted=s2, raftlog=s0@group-79A51F445787-SegmentedRaftLog:OPENED:c194, conf=0: [s0|rpc:localhost:40211|admin:localhost:46233|client:localhost:33945|dataStream:localhost:35105|priority:0, s1|rpc:localhost:44147|admin:localhost:36427|client:localhost:44877|dataStream:localhost:40429|priority:0, s2|rpc:localhost:37783|admin:localhost:39335|client:localhost:36947|dataStream:localhost:40251|priority:0], old=null RUNNING
  s1:  RUNNING  FOLLOWER s1@group-79A51F445787:t1, leader=s2, voted=s2, raftlog=s1@group-79A51F445787-SegmentedRaftLog:OPENED:c194, conf=0: [s0|rpc:localhost:40211|admin:localhost:46233|client:localhost:33945|dataStream:localhost:35105|priority:0, s1|rpc:localhost:44147|admin:localhost:36427|client:localhost:44877|dataStream:localhost:40429|priority:0, s2|rpc:localhost:37783|admin:localhost:39335|client:localhost:36947|dataStream:localhost:40251|priority:0], old=null RUNNING
  s2:  RUNNING    LEADER s2@group-79A51F445787:t1, leader=s2, voted=s2, raftlog=s2@group-79A51F445787-SegmentedRaftLog:OPENED:c194, conf=0: [s0|rpc:localhost:40211|admin:localhost:46233|client:localhost:33945|dataStream:localhost:35105|priority:0, s1|rpc:localhost:44147|admin:localhost:36427|client:localhost:44877|dataStream:localhost:40429|priority:0, s2|rpc:localhost:37783|admin:localhost:39335|client:localhost:36947|dataStream:localhost:40251|priority:0], old=null RUNNING
2022-05-19 09:24:55,948 [null-request--thread1] INFO  server.GrpcClientProtocolService (GrpcClientProtocolService.java:lambda$processClientRequest$0(284)) - Failed RaftClientRequest:client-F7203670E756->s1@group-79A51F445787, cid=354, seq=0, RW, Message:6d3937, reply=RaftClientReply:client-F7203670E756->s1@group-79A51F445787, cid=354, FAILED org.apache.ratis.protocol.exceptions.NotLeaderException: Server s1@group-79A51F445787 is not the leader s2|rpc:localhost:37783|admin:localhost:39335|client:localhost:36947|dataStream:localhost:40251|priority:0, logIndex=0, commits[s1:c194, s0:c194, s2:c194]
2022-05-19 09:24:56,059 [s0-server-thread1] DEBUG raftlog.RaftLog (SegmentedRaftLog.java:appendImpl(447)) - truncateIndex=-1, arrayIndex=0
2022-05-19 09:24:56,060 [s1-server-thread1] DEBUG raftlog.RaftLog (SegmentedRaftLog.java:appendImpl(447)) - truncateIndex=-1, arrayIndex=0
2022-05-19 09:24:56,062 [s1-server-thread1] DEBUG raftlog.RaftLog (SegmentedRaftLog.java:appendImpl(447)) - truncateIndex=-1, arrayIndex=0
2022-05-19 09:24:56,062 [s2@group-79A51F445787-StateMachineUpdater] INFO  statemachine.SimpleStateMachine4Testing (SimpleStateMachine4Testing.java:put(204)) - s2: put 195, m97 -> (t:1, i:195), STATEMACHINELOGENTRY, 354@client-F7203670E756
2022-05-19 09:24:56,062 [s0-server-thread1] DEBUG raftlog.RaftLog (SegmentedRaftLog.java:appendImpl(447)) - truncateIndex=-1, arrayIndex=0
2022-05-19 09:24:56,063 [s1-server-thread1] DEBUG raftlog.RaftLog (SegmentedRaftLog.java:appendImpl(447)) - truncateIndex=-1, arrayIndex=0
2022-05-19 09:24:56,063 [s0-server-thread1] DEBUG raftlog.RaftLog (SegmentedRaftLog.java:appendImpl(447)) - truncateIndex=-1, arrayIndex=0
2022-05-19 09:24:56,063 [s0@group-79A51F445787-StateMachineUpdater] INFO  statemachine.SimpleStateMachine4Testing (SimpleStateMachine4Testing.java:put(204)) - s0: put 195, m97 -> (t:1, i:195), STATEMACHINELOGENTRY, 354@client-F7203670E756
2022-05-19 09:24:56,064 [s0@group-79A51F445787-StateMachineUpdater] INFO  statemachine.SimpleStateMachine4Testing (SimpleStateMachine4Testing.java:put(204)) - s0: put 196, m97 -> (t:1, i:196), STATEMACHINELOGENTRY, 354@client-F7203670E756
2022-05-19 09:24:56,064 [s2@group-79A51F445787-StateMachineUpdater] INFO  statemachine.SimpleStateMachine4Testing (SimpleStateMachine4Testing.java:put(204)) - s2: put 196, m97 -> (t:1, i:196), STATEMACHINELOGENTRY, 354@client-F7203670E756
2022-05-19 09:24:56,064 [s2@group-79A51F445787-StateMachineUpdater] ERROR impl.StateMachineUpdater (StateMachineUpdater.java:run(194)) - s2@group-79A51F445787-StateMachineUpdater caught a Throwable.
org.apache.ratis.server.raftlog.RaftLogIOException: java.lang.IllegalStateException: retry cache entry should be pending: 354@client-F7203670E756:done
	at org.apache.ratis.server.impl.RaftServerImpl.applyLogToStateMachine(RaftServerImpl.java:1591)
	at org.apache.ratis.server.impl.StateMachineUpdater.applyLog(StateMachineUpdater.java:239)
	at org.apache.ratis.server.impl.StateMachineUpdater.run(StateMachineUpdater.java:182)
	at java.lang.Thread.run(Thread.java:750)
Caused by: java.lang.IllegalStateException: retry cache entry should be pending: 354@client-F7203670E756:done
	at org.apache.ratis.util.Preconditions.assertTrue(Preconditions.java:60)
	at org.apache.ratis.server.impl.RaftServerImpl.replyPendingRequest(RaftServerImpl.java:1538)
	at org.apache.ratis.server.impl.RaftServerImpl.applyLogToStateMachine(RaftServerImpl.java:1589)
	... 3 more
2022-05-19 09:24:56,064 [s2@group-79A51F445787-StateMachineUpdater] INFO  server.RaftServer$Division (RaftServerImpl.java:lambda$close$4(434)) - s2@group-79A51F445787: shutdown
2022-05-19 09:24:56,064 [s2@group-79A51F445787-StateMachineUpdater] INFO  util.JmxRegister (JmxRegister.java:unregister(73)) - Successfully un-registered JMX Bean with object name Ratis:service=RaftServer,group=group-79A51F445787,id=s2
2022-05-19 09:24:56,065 [s2@group-79A51F445787-StateMachineUpdater] INFO  impl.RoleInfo (RoleInfo.java:shutdownLeaderState(93)) - s2: shutdown s2@group-79A51F445787-LeaderStateImpl
2022-05-19 09:24:56,069 [s2@group-79A51F445787-StateMachineUpdater] INFO  impl.PendingRequests (PendingRequests.java:sendNotLeaderResponses(282)) - s2@group-79A51F445787-PendingRequests: sendNotLeaderResponses
2022-05-19 09:24:56,069 [s2@group-79A51F445787->s0-GrpcLogAppender-LogAppenderDaemon] WARN  server.GrpcLogAppender (GrpcLogAppender.java:mayWait(171)) - s2@group-79A51F445787->s0-GrpcLogAppender: Wait interrupted by java.lang.InterruptedException
2022-05-19 09:24:56,069 [s2@group-79A51F445787->s1-GrpcLogAppender-LogAppenderDaemon] WARN  server.GrpcLogAppender (GrpcLogAppender.java:mayWait(171)) - s2@group-79A51F445787->s1-GrpcLogAppender: Wait interrupted by java.lang.InterruptedException
2022-05-19 09:24:56,074 [s2@group-79A51F445787-StateMachineUpdater] INFO  server.RaftServer$Division (ServerState.java:close(429)) - s2@group-79A51F445787: closes. applyIndex: 196
2022-05-19 09:24:56,077 [s2@group-79A51F445787-SegmentedRaftLogWorker] INFO  segmented.SegmentedRaftLogWorker (SegmentedRaftLogWorker.java:run(336)) - s2@group-79A51F445787-SegmentedRaftLogWorker was interrupted, exiting. There are 0 tasks remaining in the queue.
2022-05-19 09:24:56,077 [grpc-default-executor-3] INFO  server.GrpcServerProtocolService (GrpcServerProtocolService.java:onCompleted(140)) - s0: Completed APPEND_ENTRIES, lastRequest: s2->s0#1299-t1,previous=(t:1, i:197),leaderCommit=196,initializing? true,entries: size=1, first=(t:1, i:198), METADATAENTRY(c:196)
2022-05-19 09:24:56,077 [grpc-default-executor-1] INFO  server.GrpcServerProtocolService (GrpcServerProtocolService.java:onCompleted(140)) - s1: Completed APPEND_ENTRIES, lastRequest: s2->s1#1313-t1,previous=(t:1, i:197),leaderCommit=196,initializing? true,entries: size=1, first=(t:1, i:198), METADATAENTRY(c:196)
2022-05-19 09:24:56,080 [s1@group-79A51F445787-StateMachineUpdater] INFO  statemachine.SimpleStateMachine4Testing (SimpleStateMachine4Testing.java:put(204)) - s1: put 195, m97 -> (t:1, i:195), STATEMACHINELOGENTRY, 354@client-F7203670E756
2022-05-19 09:24:56,080 [s1@group-79A51F445787-StateMachineUpdater] INFO  statemachine.SimpleStateMachine4Testing (SimpleStateMachine4Testing.java:put(204)) - s1: put 196, m97 -> (t:1, i:196), STATEMACHINELOGENTRY, 354@client-F7203670E756
2022-05-19 09:24:56,080 [grpc-default-executor-6] INFO  server.GrpcLogAppender (GrpcLogAppender.java:onCompleted(339)) - s2@group-79A51F445787->s0-AppendLogResponseHandler: follower responses appendEntries COMPLETED
2022-05-19 09:24:56,080 [grpc-default-executor-4] INFO  server.GrpcLogAppender (GrpcLogAppender.java:onCompleted(339)) - s2@group-79A51F445787->s1-AppendLogResponseHandler: follower responses appendEntries COMPLETED
2022-05-19 09:24:56,080 [grpc-default-executor-6] INFO  leader.FollowerInfo (FollowerInfoImpl.java:lambda$new$0(48)) - s2@group-79A51F445787->s0: nextIndex: updateUnconditionally 199 -> 198
2022-05-19 09:24:56,080 [grpc-default-executor-4] INFO  leader.FollowerInfo (FollowerInfoImpl.java:lambda$new$0(48)) - s2@group-79A51F445787->s1: nextIndex: updateUnconditionally 199 -> 196
2022-05-19 09:24:56,083 [s2@group-79A51F445787-StateMachineUpdater] INFO  segmented.SegmentedRaftLogWorker (SegmentedRaftLogWorker.java:close(246)) - s2@group-79A51F445787-SegmentedRaftLogWorker close()
2022-05-19 09:24:56,085 [null-request--thread2] INFO  server.GrpcClientProtocolService (GrpcClientProtocolService.java:lambda$processClientRequest$0(284)) - Failed RaftClientRequest:client-F7203670E756->s2@group-79A51F445787, cid=354, seq=0, RW, Message:6d3937, reply=RaftClientReply:client-F7203670E756->s2@group-79A51F445787, cid=354, FAILED org.apache.ratis.protocol.exceptions.NotLeaderException: Server s2@group-79A51F445787 is not the leader, logIndex=0, commits[s2:c197]
2022-05-19 09:24:56,194 [null-request--thread1] INFO  server.GrpcClientProtocolService (GrpcClientProtocolService.java:lambda$processClientRequest$0(284)) - Failed RaftClientRequest:client-F7203670E756->s0@group-79A51F445787, cid=354, seq=0, RW, Message:6d3937, reply=RaftClientReply:client-F7203670E756->s0@group-79A51F445787, cid=354, FAILED org.apache.ratis.protocol.exceptions.NotLeaderException: Server s0@group-79A51F445787 is not the leader s2|rpc:localhost:37783|admin:localhost:39335|client:localhost:36947|dataStream:localhost:40251|priority:0, logIndex=0, commits[s0:c196, s1:c194, s2:c196]
2022-05-19 09:24:56,423 [null-request--thread1] INFO  server.GrpcClientProtocolService (GrpcClientProtocolService.java:lambda$processClientRequest$0(284)) - Failed RaftClientRequest:client-F7203670E756->s1@group-79A51F445787, cid=354, seq=0, RW, Message:6d3937, reply=RaftClientReply:client-F7203670E756->s1@group-79A51F445787, cid=354, FAILED org.apache.ratis.protocol.exceptions.NotLeaderException: Server s1@group-79A51F445787 is not the leader s2|rpc:localhost:37783|admin:localhost:39335|client:localhost:36947|dataStream:localhost:40251|priority:0, logIndex=0, commits[s1:c196, s0:c194, s2:c196]
2022-05-19 09:24:56,501 [s0@group-79A51F445787-FollowerState] INFO  impl.FollowerState (FollowerState.java:run(143)) - s0@group-79A51F445787-FollowerState: change to CANDIDATE, lastRpcElapsedTime:437432807ns, electionTimeout:179ms
2022-05-19 09:24:56,501 [s0@group-79A51F445787-FollowerState] INFO  impl.RoleInfo (RoleInfo.java:shutdownFollowerState(110)) - s0: shutdown s0@group-79A51F445787-FollowerState
2022-05-19 09:24:56,501 [s0@group-79A51F445787-FollowerState] INFO  server.RaftServer$Division (RaftServerImpl.java:setRole(299)) - s0@group-79A51F445787: changes role from  FOLLOWER to CANDIDATE at term 1 for changeToCandidate
2022-05-19 09:24:56,501 [s0@group-79A51F445787-FollowerState] INFO  server.RaftServerConfigKeys (ConfUtils.java:logGet(46)) - raft.server.leaderelection.pre-vote = true (default)
2022-05-19 09:24:56,501 [s0@group-79A51F445787-FollowerState] INFO  impl.RoleInfo (RoleInfo.java:updateAndGet(139)) - s0: start s0@group-79A51F445787-LeaderElection7
2022-05-19 09:24:56,502 [s0@group-79A51F445787-LeaderElection7] INFO  server.RaftServer$Division (ServerState.java:setLeader(287)) - s0@group-79A51F445787: change Leader from s2 to null at term 1 for PRE_VOTE
2022-05-19 09:24:56,502 [s0@group-79A51F445787-LeaderElection7] INFO  impl.LeaderElection (LeaderElection.java:askForVotes(310)) - s0@group-79A51F445787-LeaderElection7 PRE_VOTE round 0: submit vote requests at term 1 for 0: [s0|rpc:localhost:40211|admin:localhost:46233|client:localhost:33945|dataStream:localhost:35105|priority:0, s1|rpc:localhost:44147|admin:localhost:36427|client:localhost:44877|dataStream:localhost:40429|priority:0, s2|rpc:localhost:37783|admin:localhost:39335|client:localhost:36947|dataStream:localhost:40251|priority:0], old=null
2022-05-19 09:24:56,508 [grpc-default-executor-4] INFO  server.RaftServer$Division (RaftServerImpl.java:requestVote(1152)) - s1@group-79A51F445787: receive requestVote(PRE_VOTE, s0, group-79A51F445787, 1, (t:1, i:198))
2022-05-19 09:24:56,508 [grpc-default-executor-4] INFO  impl.VoteContext (VoteContext.java:log(48)) - s1@group-79A51F445787-FOLLOWER: accept PRE_VOTE from s0: our priority 0 <= candidate's priority 0
2022-05-19 09:24:56,508 [grpc-default-executor-1] INFO  server.RaftServer$Division (RaftServerImpl.java:requestVote(1152)) - s2@group-79A51F445787: receive requestVote(PRE_VOTE, s0, group-79A51F445787, 1, (t:1, i:198))
2022-05-19 09:24:56,508 [grpc-default-executor-4] INFO  server.RaftServer$Division (RaftServerImpl.java:requestVote(1184)) - s1@group-79A51F445787 replies to PRE_VOTE vote request: s0<-s1#0:OK-t1. Peer's state: s1@group-79A51F445787:t1, leader=s2, voted=s2, raftlog=s1@group-79A51F445787-SegmentedRaftLog:OPENED:c196, conf=0: [s0|rpc:localhost:40211|admin:localhost:46233|client:localhost:33945|dataStream:localhost:35105|priority:0, s1|rpc:localhost:44147|admin:localhost:36427|client:localhost:44877|dataStream:localhost:40429|priority:0, s2|rpc:localhost:37783|admin:localhost:39335|client:localhost:36947|dataStream:localhost:40251|priority:0], old=null
2022-05-19 09:24:56,508 [grpc-default-executor-1] WARN  server.GrpcServerProtocolService (LogUtils.java:warn(122)) - s2: Failed requestVote s0->s2#0: org.apache.ratis.protocol.exceptions.ServerNotReadyException: s2@group-79A51F445787 is not in [RUNNING]: current state is CLOSED
2022-05-19 09:24:56,515 [s0@group-79A51F445787-LeaderElection7] INFO  impl.LeaderElection (LogUtils.java:infoOrTrace(137)) - s0@group-79A51F445787-LeaderElection7 got exception when requesting votes: java.util.concurrent.ExecutionException: org.apache.ratis.thirdparty.io.grpc.StatusRuntimeException: INTERNAL: s2@group-79A51F445787 is not in [RUNNING]: current state is CLOSED
2022-05-19 09:24:56,516 [s0@group-79A51F445787-LeaderElection7] INFO  impl.LeaderElection (LeaderElection.java:logAndReturn(90)) - s0@group-79A51F445787-LeaderElection7: PRE_VOTE PASSED received 1 response(s) and 1 exception(s):
2022-05-19 09:24:56,517 [s0@group-79A51F445787-LeaderElection7] INFO  impl.LeaderElection (LeaderElection.java:logAndReturn(94)) -   Response 0: s0<-s1#0:OK-t1
2022-05-19 09:24:56,517 [s0@group-79A51F445787-LeaderElection7] INFO  impl.LeaderElection (LogUtils.java:infoOrTrace(137)) -   Exception 1: java.util.concurrent.ExecutionException: org.apache.ratis.thirdparty.io.grpc.StatusRuntimeException: INTERNAL: s2@group-79A51F445787 is not in [RUNNING]: current state is CLOSED
2022-05-19 09:24:56,517 [s0@group-79A51F445787-LeaderElection7] INFO  impl.LeaderElection (LeaderElection.java:askForVotes(312)) - s0@group-79A51F445787-LeaderElection7 PRE_VOTE round 0: result PASSED
2022-05-19 09:24:56,519 [s0@group-79A51F445787-LeaderElection7] INFO  impl.LeaderElection (LeaderElection.java:askForVotes(310)) - s0@group-79A51F445787-LeaderElection7 ELECTION round 0: submit vote requests at term 2 for 0: [s0|rpc:localhost:40211|admin:localhost:46233|client:localhost:33945|dataStream:localhost:35105|priority:0, s1|rpc:localhost:44147|admin:localhost:36427|client:localhost:44877|dataStream:localhost:40429|priority:0, s2|rpc:localhost:37783|admin:localhost:39335|client:localhost:36947|dataStream:localhost:40251|priority:0], old=null
2022-05-19 09:24:56,520 [grpc-default-executor-1] INFO  server.RaftServer$Division (RaftServerImpl.java:requestVote(1152)) - s1@group-79A51F445787: receive requestVote(ELECTION, s0, group-79A51F445787, 2, (t:1, i:198))
2022-05-19 09:24:56,520 [grpc-default-executor-1] INFO  impl.VoteContext (VoteContext.java:log(48)) - s1@group-79A51F445787-FOLLOWER: accept ELECTION from s0: our priority 0 <= candidate's priority 0
2022-05-19 09:24:56,520 [grpc-default-executor-1] INFO  server.RaftServer$Division (ServerState.java:setLeader(287)) - s1@group-79A51F445787: change Leader from s2 to null at term 2 for updateCurrentTerm
2022-05-19 09:24:56,520 [grpc-default-executor-1] INFO  server.RaftServer$Division (RaftServerImpl.java:setRole(299)) - s1@group-79A51F445787: changes role from  FOLLOWER to FOLLOWER at term 2 for candidate:s0
2022-05-19 09:24:56,520 [grpc-default-executor-1] INFO  impl.RoleInfo (RoleInfo.java:shutdownFollowerState(110)) - s1: shutdown s1@group-79A51F445787-FollowerState
2022-05-19 09:24:56,520 [grpc-default-executor-1] INFO  impl.RoleInfo (RoleInfo.java:updateAndGet(139)) - s1: start s1@group-79A51F445787-FollowerState
2022-05-19 09:24:56,520 [s1@group-79A51F445787-FollowerState] INFO  impl.FollowerState (FollowerState.java:run(152)) - s1@group-79A51F445787-FollowerState was interrupted
2022-05-19 09:24:56,520 [grpc-default-executor-4] INFO  server.RaftServer$Division (RaftServerImpl.java:requestVote(1152)) - s2@group-79A51F445787: receive requestVote(ELECTION, s0, group-79A51F445787, 2, (t:1, i:198))
2022-05-19 09:24:56,520 [grpc-default-executor-4] WARN  server.GrpcServerProtocolService (LogUtils.java:warn(122)) - s2: Failed requestVote s0->s2#0: org.apache.ratis.protocol.exceptions.ServerNotReadyException: s2@group-79A51F445787 is not in [RUNNING]: current state is CLOSED
2022-05-19 09:24:56,523 [grpc-default-executor-1] INFO  server.RaftServer$Division (RaftServerImpl.java:requestVote(1184)) - s1@group-79A51F445787 replies to ELECTION vote request: s0<-s1#0:OK-t2. Peer's state: s1@group-79A51F445787:t2, leader=null, voted=s0, raftlog=s1@group-79A51F445787-SegmentedRaftLog:OPENED:c196, conf=0: [s0|rpc:localhost:40211|admin:localhost:46233|client:localhost:33945|dataStream:localhost:35105|priority:0, s1|rpc:localhost:44147|admin:localhost:36427|client:localhost:44877|dataStream:localhost:40429|priority:0, s2|rpc:localhost:37783|admin:localhost:39335|client:localhost:36947|dataStream:localhost:40251|priority:0], old=null
2022-05-19 09:24:56,526 [s0@group-79A51F445787-LeaderElection7] INFO  impl.LeaderElection (LogUtils.java:infoOrTrace(137)) - s0@group-79A51F445787-LeaderElection7 got exception when requesting votes: java.util.concurrent.ExecutionException: org.apache.ratis.thirdparty.io.grpc.StatusRuntimeException: INTERNAL: s2@group-79A51F445787 is not in [RUNNING]: current state is CLOSED
2022-05-19 09:24:56,527 [s0@group-79A51F445787-LeaderElection7] INFO  impl.LeaderElection (LeaderElection.java:logAndReturn(90)) - s0@group-79A51F445787-LeaderElection7: ELECTION PASSED received 1 response(s) and 1 exception(s):
2022-05-19 09:24:56,527 [s0@group-79A51F445787-LeaderElection7] INFO  impl.LeaderElection (LeaderElection.java:logAndReturn(94)) -   Response 0: s0<-s1#0:OK-t2
2022-05-19 09:24:56,527 [s0@group-79A51F445787-LeaderElection7] INFO  impl.LeaderElection (LogUtils.java:infoOrTrace(137)) -   Exception 1: java.util.concurrent.ExecutionException: org.apache.ratis.thirdparty.io.grpc.StatusRuntimeException: INTERNAL: s2@group-79A51F445787 is not in [RUNNING]: current state is CLOSED
2022-05-19 09:24:56,527 [s0@group-79A51F445787-LeaderElection7] INFO  impl.LeaderElection (LeaderElection.java:askForVotes(312)) - s0@group-79A51F445787-LeaderElection7 ELECTION round 0: result PASSED
2022-05-19 09:24:56,527 [s0@group-79A51F445787-LeaderElection7] INFO  impl.RoleInfo (RoleInfo.java:shutdownLeaderElection(130)) - s0: shutdown s0@group-79A51F445787-LeaderElection7
2022-05-19 09:24:56,527 [s0@group-79A51F445787-LeaderElection7] INFO  server.RaftServer$Division (RaftServerImpl.java:setRole(299)) - s0@group-79A51F445787: changes role from CANDIDATE to LEADER at term 2 for changeToLeader
2022-05-19 09:24:56,528 [s0@group-79A51F445787-LeaderElection7] INFO  server.RaftServer$Division (ServerState.java:setLeader(287)) - s0@group-79A51F445787: change Leader from null to s0 at term 2 for becomeLeader, leader elected after 25ms
2022-05-19 09:24:56,528 [s0@group-79A51F445787-LeaderElection7] INFO  server.RaftServerConfigKeys (ConfUtils.java:logGet(46)) - raft.server.staging.catchup.gap = 1000 (default)
2022-05-19 09:24:56,528 [s0@group-79A51F445787-LeaderElection7] INFO  server.RaftServerConfigKeys (ConfUtils.java:logGet(46)) - raft.server.write.element-limit = 4096 (default)
2022-05-19 09:24:56,528 [s0@group-79A51F445787-LeaderElection7] INFO  server.RaftServerConfigKeys (ConfUtils.java:logGet(46)) - raft.server.write.byte-limit = 64MB (=67108864) (default)
2022-05-19 09:24:56,528 [s0@group-79A51F445787-LeaderElection7] INFO  server.RaftServerConfigKeys (ConfUtils.java:logGet(46)) - raft.server.watch.timeout = 10s (default)
2022-05-19 09:24:56,528 [s0@group-79A51F445787-LeaderElection7] INFO  server.RaftServerConfigKeys (ConfUtils.java:logGet(46)) - raft.server.watch.timeout.denomination = 1s (default)
2022-05-19 09:24:56,528 [s0@group-79A51F445787-LeaderElection7] INFO  server.RaftServerConfigKeys (ConfUtils.java:logGet(46)) - raft.server.watch.element-limit = 65536 (default)
2022-05-19 09:24:56,528 [s0@group-79A51F445787-LeaderElection7] INFO  server.RaftServerConfigKeys (ConfUtils.java:logGet(46)) - raft.server.write.element-limit = 4096 (default)
2022-05-19 09:24:56,528 [s0@group-79A51F445787-LeaderElection7] INFO  server.RaftServerConfigKeys (ConfUtils.java:logGet(46)) - raft.server.write.follower.gap.ratio.max = -1.0 (default)
2022-05-19 09:24:56,528 [s0@group-79A51F445787-LeaderElection7] INFO  server.RaftServerConfigKeys (ConfUtils.java:logGet(46)) - raft.server.log.appender.snapshot.chunk.size.max = 16MB (=16777216) (default)
2022-05-19 09:24:56,528 [s0@group-79A51F445787-LeaderElection7] INFO  server.RaftServerConfigKeys (ConfUtils.java:logGet(46)) - raft.server.log.appender.buffer.byte-limit = 4MB (=4194304) (default)
2022-05-19 09:24:56,528 [s0@group-79A51F445787-LeaderElection7] INFO  server.RaftServerConfigKeys (ConfUtils.java:logGet(46)) - raft.server.log.appender.buffer.element-limit = 0 (default)
2022-05-19 09:24:56,528 [s0@group-79A51F445787-LeaderElection7] INFO  grpc.GrpcConfigKeys (ConfUtils.java:logGet(46)) - raft.grpc.server.leader.outstanding.appends.max = 128 (default)
2022-05-19 09:24:56,529 [s0@group-79A51F445787-LeaderElection7] INFO  server.RaftServerConfigKeys (ConfUtils.java:logGet(46)) - raft.server.rpc.request.timeout = 3000ms (default)
2022-05-19 09:24:56,529 [s0@group-79A51F445787-LeaderElection7] INFO  server.RaftServerConfigKeys (ConfUtils.java:logGet(46)) - raft.server.log.appender.install.snapshot.enabled = false (custom)
2022-05-19 09:24:56,529 [s0@group-79A51F445787-LeaderElection7] INFO  server.RaftServerConfigKeys (ConfUtils.java:logGet(46)) - raft.server.log.appender.snapshot.chunk.size.max = 16MB (=16777216) (default)
2022-05-19 09:24:56,529 [s0@group-79A51F445787-LeaderElection7] INFO  server.RaftServerConfigKeys (ConfUtils.java:logGet(46)) - raft.server.log.appender.buffer.byte-limit = 4MB (=4194304) (default)
2022-05-19 09:24:56,529 [s0@group-79A51F445787-LeaderElection7] INFO  server.RaftServerConfigKeys (ConfUtils.java:logGet(46)) - raft.server.log.appender.buffer.element-limit = 0 (default)
2022-05-19 09:24:56,529 [s0@group-79A51F445787-LeaderElection7] INFO  grpc.GrpcConfigKeys (ConfUtils.java:logGet(46)) - raft.grpc.server.leader.outstanding.appends.max = 128 (default)
2022-05-19 09:24:56,529 [s0@group-79A51F445787-LeaderElection7] INFO  server.RaftServerConfigKeys (ConfUtils.java:logGet(46)) - raft.server.rpc.request.timeout = 3000ms (default)
2022-05-19 09:24:56,529 [s0@group-79A51F445787-LeaderElection7] INFO  server.RaftServerConfigKeys (ConfUtils.java:logGet(46)) - raft.server.log.appender.install.snapshot.enabled = false (custom)
2022-05-19 09:24:56,529 [s0@group-79A51F445787-LeaderElection7] INFO  impl.RoleInfo (RoleInfo.java:updateAndGet(139)) - s0: start s0@group-79A51F445787-LeaderStateImpl
2022-05-19 09:24:56,529 [s0@group-79A51F445787-LeaderElection7] DEBUG raftlog.RaftLog (SegmentedRaftLog.java:appendImpl(447)) - truncateIndex=-1, arrayIndex=0
2022-05-19 09:24:56,529 [s0@group-79A51F445787-LeaderElection7] INFO  segmented.SegmentedRaftLogWorker (SegmentedRaftLogWorker.java:rollLogSegment(430)) - s0@group-79A51F445787-SegmentedRaftLogWorker: Rolling segment log-189_198 to index:198
2022-05-19 09:24:56,530 [s0@group-79A51F445787-SegmentedRaftLogWorker] TRACE util.FileUtils (LogUtils.java:runAndLog(49)) - Successfully ran Files.move /home/runner/work/ratis/ratis/ratis-test/target/test/data/fbdca40e/MiniRaftClusterWithGrpc639795fb/s0/18f0c0db-b28e-477a-a7a1-79a51f445787/current/log_inprogress_189 to /home/runner/work/ratis/ratis/ratis-test/target/test/data/fbdca40e/MiniRaftClusterWithGrpc639795fb/s0/18f0c0db-b28e-477a-a7a1-79a51f445787/current/log_189-198
2022-05-19 09:24:56,530 [s0@group-79A51F445787-SegmentedRaftLogWorker] INFO  segmented.SegmentedRaftLogWorker (SegmentedRaftLogWorker.java:execute(586)) - s0@group-79A51F445787-SegmentedRaftLogWorker: Rolled log segment from /home/runner/work/ratis/ratis/ratis-test/target/test/data/fbdca40e/MiniRaftClusterWithGrpc639795fb/s0/18f0c0db-b28e-477a-a7a1-79a51f445787/current/log_inprogress_189 to /home/runner/work/ratis/ratis/ratis-test/target/test/data/fbdca40e/MiniRaftClusterWithGrpc639795fb/s0/18f0c0db-b28e-477a-a7a1-79a51f445787/current/log_189-198
2022-05-19 09:24:56,531 [s0@group-79A51F445787-SegmentedRaftLogWorker] INFO  segmented.SegmentedRaftLogWorker (SegmentedRaftLogWorker.java:execute(629)) - s0@group-79A51F445787-SegmentedRaftLogWorker: created new log segment /home/runner/work/ratis/ratis/ratis-test/target/test/data/fbdca40e/MiniRaftClusterWithGrpc639795fb/s0/18f0c0db-b28e-477a-a7a1-79a51f445787/current/log_inprogress_199
2022-05-19 09:24:56,537 [s0@group-79A51F445787-LeaderElection7] INFO  server.RaftServer$Division (ServerState.java:setRaftConf(393)) - s0@group-79A51F445787: set configuration 199: [s0|rpc:localhost:40211|admin:localhost:46233|client:localhost:33945|dataStream:localhost:35105|priority:0, s1|rpc:localhost:44147|admin:localhost:36427|client:localhost:44877|dataStream:localhost:40429|priority:0, s2|rpc:localhost:37783|admin:localhost:39335|client:localhost:36947|dataStream:localhost:40251|priority:0], old=null
2022-05-19 09:24:56,542 [s1-server-thread1] INFO  server.RaftServer$Division (ServerState.java:setLeader(287)) - s1@group-79A51F445787: change Leader from null to s0 at term 2 for appendEntries, leader elected after 22ms
2022-05-19 09:24:56,543 [s1-server-thread1] INFO  server.RaftServer$Division (ServerState.java:setRaftConf(393)) - s1@group-79A51F445787: set configuration 199: [s0|rpc:localhost:40211|admin:localhost:46233|client:localhost:33945|dataStream:localhost:35105|priority:0, s1|rpc:localhost:44147|admin:localhost:36427|client:localhost:44877|dataStream:localhost:40429|priority:0, s2|rpc:localhost:37783|admin:localhost:39335|client:localhost:36947|dataStream:localhost:40251|priority:0], old=null
2022-05-19 09:24:56,543 [s1-server-thread1] DEBUG raftlog.RaftLog (SegmentedRaftLog.java:appendImpl(447)) - truncateIndex=-1, arrayIndex=0
2022-05-19 09:24:56,548 [s1-server-thread1] INFO  segmented.SegmentedRaftLogWorker (SegmentedRaftLogWorker.java:rollLogSegment(430)) - s1@group-79A51F445787-SegmentedRaftLogWorker: Rolling segment log-189_198 to index:198
2022-05-19 09:24:56,548 [s1@group-79A51F445787-SegmentedRaftLogWorker] TRACE util.FileUtils (LogUtils.java:runAndLog(49)) - Successfully ran Files.move /home/runner/work/ratis/ratis/ratis-test/target/test/data/fbdca40e/MiniRaftClusterWithGrpc639795fb/s1/18f0c0db-b28e-477a-a7a1-79a51f445787/current/log_inprogress_189 to /home/runner/work/ratis/ratis/ratis-test/target/test/data/fbdca40e/MiniRaftClusterWithGrpc639795fb/s1/18f0c0db-b28e-477a-a7a1-79a51f445787/current/log_189-198
2022-05-19 09:24:56,548 [s1@group-79A51F445787-SegmentedRaftLogWorker] INFO  segmented.SegmentedRaftLogWorker (SegmentedRaftLogWorker.java:execute(586)) - s1@group-79A51F445787-SegmentedRaftLogWorker: Rolled log segment from /home/runner/work/ratis/ratis/ratis-test/target/test/data/fbdca40e/MiniRaftClusterWithGrpc639795fb/s1/18f0c0db-b28e-477a-a7a1-79a51f445787/current/log_inprogress_189 to /home/runner/work/ratis/ratis/ratis-test/target/test/data/fbdca40e/MiniRaftClusterWithGrpc639795fb/s1/18f0c0db-b28e-477a-a7a1-79a51f445787/current/log_189-198
2022-05-19 09:24:56,549 [s1@group-79A51F445787-SegmentedRaftLogWorker] INFO  segmented.SegmentedRaftLogWorker (SegmentedRaftLogWorker.java:execute(629)) - s1@group-79A51F445787-SegmentedRaftLogWorker: created new log segment /home/runner/work/ratis/ratis/ratis-test/target/test/data/fbdca40e/MiniRaftClusterWithGrpc639795fb/s1/18f0c0db-b28e-477a-a7a1-79a51f445787/current/log_inprogress_199
2022-05-19 09:24:56,556 [s1-server-thread1] DEBUG raftlog.RaftLog (SegmentedRaftLog.java:appendImpl(447)) - truncateIndex=-1, arrayIndex=0
2022-05-19 09:24:56,654 [null-request--thread1] INFO  server.GrpcClientProtocolService (GrpcClientProtocolService.java:lambda$processClientRequest$0(284)) - Failed RaftClientRequest:client-F7203670E756->s1@group-79A51F445787, cid=354, seq=0, RW, Message:6d3937, reply=RaftClientReply:client-F7203670E756->s1@group-79A51F445787, cid=354, FAILED org.apache.ratis.protocol.exceptions.NotLeaderException: Server s1@group-79A51F445787 is not the leader s0|rpc:localhost:40211|admin:localhost:46233|client:localhost:33945|dataStream:localhost:35105|priority:0, logIndex=0, commits[s1:c200, s0:c200, s2:c196]
2022-05-19 09:24:56,769 [s1-server-thread1] DEBUG raftlog.RaftLog (SegmentedRaftLog.java:appendImpl(447)) - truncateIndex=-1, arrayIndex=0
2022-05-19 09:24:56,770 [s0@group-79A51F445787-StateMachineUpdater] INFO  statemachine.SimpleStateMachine4Testing (SimpleStateMachine4Testing.java:put(204)) - s0: put 201, m98 -> (t:2, i:201), STATEMACHINELOGENTRY, 355@client-F7203670E756
2022-05-19 09:24:56,771 [s1-server-thread1] DEBUG raftlog.RaftLog (SegmentedRaftLog.java:appendImpl(447)) - truncateIndex=-1, arrayIndex=0
2022-05-19 09:24:56,772 [s1-server-thread1] DEBUG raftlog.RaftLog (SegmentedRaftLog.java:appendImpl(447)) - truncateIndex=-1, arrayIndex=0
2022-05-19 09:24:56,773 [s1@group-79A51F445787-StateMachineUpdater] INFO  statemachine.SimpleStateMachine4Testing (SimpleStateMachine4Testing.java:put(204)) - s1: put 201, m98 -> (t:2, i:201), STATEMACHINELOGENTRY, 355@client-F7203670E756
2022-05-19 09:24:56,779 [s0@group-79A51F445787-StateMachineUpdater] INFO  statemachine.SimpleStateMachine4Testing (SimpleStateMachine4Testing.java:put(204)) - s0: put 203, m99 -> (t:2, i:203), STATEMACHINELOGENTRY, 356@client-F7203670E756
2022-05-19 09:24:56,780 [s1-server-thread1] DEBUG raftlog.RaftLog (SegmentedRaftLog.java:appendImpl(447)) - truncateIndex=-1, arrayIndex=0
2022-05-19 09:24:56,783 [s1-server-thread1] DEBUG raftlog.RaftLog (SegmentedRaftLog.java:appendImpl(447)) - truncateIndex=-1, arrayIndex=0
2022-05-19 09:24:56,783 [s1@group-79A51F445787-StateMachineUpdater] INFO  statemachine.SimpleStateMachine4Testing (SimpleStateMachine4Testing.java:put(204)) - s1: put 203, m99 -> (t:2, i:203), STATEMACHINELOGENTRY, 356@client-F7203670E756
2022-05-19 09:24:56,793 [s0@group-79A51F445787-StateMachineUpdater] INFO  statemachine.SimpleStateMachine4Testing (SimpleStateMachine4Testing.java:put(204)) - s0: put 205, m100 -> (t:2, i:205), STATEMACHINELOGENTRY, 357@client-F7203670E756
2022-05-19 09:24:56,794 [s1-server-thread1] DEBUG raftlog.RaftLog (SegmentedRaftLog.java:appendImpl(447)) - truncateIndex=-1, arrayIndex=0
2022-05-19 09:24:56,797 [s1-server-thread1] DEBUG raftlog.RaftLog (SegmentedRaftLog.java:appendImpl(447)) - truncateIndex=-1, arrayIndex=0
2022-05-19 09:24:56,797 [s1@group-79A51F445787-StateMachineUpdater] INFO  statemachine.SimpleStateMachine4Testing (SimpleStateMachine4Testing.java:put(204)) - s1: put 205, m100 -> (t:2, i:205), STATEMACHINELOGENTRY, 357@client-F7203670E756
2022-05-19 09:24:56,799 [s0@group-79A51F445787-StateMachineUpdater] INFO  statemachine.SimpleStateMachine4Testing (SimpleStateMachine4Testing.java:put(204)) - s0: put 207, m101 -> (t:2, i:207), STATEMACHINELOGENTRY, 358@client-F7203670E756
2022-05-19 09:24:56,800 [s1-server-thread1] DEBUG raftlog.RaftLog (SegmentedRaftLog.java:appendImpl(447)) - truncateIndex=-1, arrayIndex=0
2022-05-19 09:24:56,802 [s1-server-thread1] DEBUG raftlog.RaftLog (SegmentedRaftLog.java:appendImpl(447)) - truncateIndex=-1, arrayIndex=0
2022-05-19 09:24:56,802 [s1@group-79A51F445787-StateMachineUpdater] INFO  statemachine.SimpleStateMachine4Testing (SimpleStateMachine4Testing.java:put(204)) - s1: put 207, m101 -> (t:2, i:207), STATEMACHINELOGENTRY, 358@client-F7203670E756
2022-05-19 09:24:56,804 [s0@group-79A51F445787-StateMachineUpdater] INFO  statemachine.SimpleStateMachine4Testing (SimpleStateMachine4Testing.java:put(204)) - s0: put 209, m102 -> (t:2, i:209), STATEMACHINELOGENTRY, 359@client-F7203670E756
2022-05-19 09:24:56,805 [s1-server-thread1] DEBUG raftlog.RaftLog (SegmentedRaftLog.java:appendImpl(447)) - truncateIndex=-1, arrayIndex=0
2022-05-19 09:24:56,807 [s1-server-thread1] DEBUG raftlog.RaftLog (SegmentedRaftLog.java:appendImpl(447)) - truncateIndex=-1, arrayIndex=0
2022-05-19 09:24:56,817 [s1@group-79A51F445787-StateMachineUpdater] INFO  statemachine.SimpleStateMachine4Testing (SimpleStateMachine4Testing.java:put(204)) - s1: put 209, m102 -> (t:2, i:209), STATEMACHINELOGENTRY, 359@client-F7203670E756
2022-05-19 09:24:56,818 [s0@group-79A51F445787-StateMachineUpdater] INFO  statemachine.SimpleStateMachine4Testing (SimpleStateMachine4Testing.java:put(204)) - s0: put 211, m103 -> (t:2, i:211), STATEMACHINELOGENTRY, 360@client-F7203670E756
2022-05-19 09:24:56,819 [s1-server-thread1] DEBUG raftlog.RaftLog (SegmentedRaftLog.java:appendImpl(447)) - truncateIndex=-1, arrayIndex=0
2022-05-19 09:24:56,822 [s1-server-thread1] DEBUG raftlog.RaftLog (SegmentedRaftLog.java:appendImpl(447)) - truncateIndex=-1, arrayIndex=0
2022-05-19 09:24:56,822 [s1@group-79A51F445787-StateMachineUpdater] INFO  statemachine.SimpleStateMachine4Testing (SimpleStateMachine4Testing.java:put(204)) - s1: put 211, m103 -> (t:2, i:211), STATEMACHINELOGENTRY, 360@client-F7203670E756
2022-05-19 09:24:56,824 [s0@group-79A51F445787-StateMachineUpdater] INFO  statemachine.SimpleStateMachine4Testing (SimpleStateMachine4Testing.java:put(204)) - s0: put 213, m104 -> (t:2, i:213), STATEMACHINELOGENTRY, 361@client-F7203670E756
2022-05-19 09:24:56,825 [s1-server-thread1] DEBUG raftlog.RaftLog (SegmentedRaftLog.java:appendImpl(447)) - truncateIndex=-1, arrayIndex=0
2022-05-19 09:24:56,827 [s1-server-thread1] DEBUG raftlog.RaftLog (SegmentedRaftLog.java:appendImpl(447)) - truncateIndex=-1, arrayIndex=0
2022-05-19 09:24:56,829 [s1@group-79A51F445787-StateMachineUpdater] INFO  statemachine.SimpleStateMachine4Testing (SimpleStateMachine4Testing.java:put(204)) - s1: put 213, m104 -> (t:2, i:213), STATEMACHINELOGENTRY, 361@client-F7203670E756
2022-05-19 09:24:56,831 [s0@group-79A51F445787-StateMachineUpdater] INFO  statemachine.SimpleStateMachine4Testing (SimpleStateMachine4Testing.java:put(204)) - s0: put 215, m105 -> (t:2, i:215), STATEMACHINELOGENTRY, 362@client-F7203670E756
2022-05-19 09:24:56,831 [s1-server-thread1] DEBUG raftlog.RaftLog (SegmentedRaftLog.java:appendImpl(447)) - truncateIndex=-1, arrayIndex=0
2022-05-19 09:24:56,833 [s1-server-thread1] DEBUG raftlog.RaftLog (SegmentedRaftLog.java:appendImpl(447)) - truncateIndex=-1, arrayIndex=0
2022-05-19 09:24:56,836 [s1@group-79A51F445787-StateMachineUpdater] INFO  statemachine.SimpleStateMachine4Testing (SimpleStateMachine4Testing.java:put(204)) - s1: put 215, m105 -> (t:2, i:215), STATEMACHINELOGENTRY, 362@client-F7203670E756
2022-05-19 09:24:56,838 [s0@group-79A51F445787-StateMachineUpdater] INFO  statemachine.SimpleStateMachine4Testing (SimpleStateMachine4Testing.java:put(204)) - s0: put 217, m106 -> (t:2, i:217), STATEMACHINELOGENTRY, 363@client-F7203670E756
2022-05-19 09:24:56,839 [s1-server-thread1] DEBUG raftlog.RaftLog (SegmentedRaftLog.java:appendImpl(447)) - truncateIndex=-1, arrayIndex=0
2022-05-19 09:24:56,841 [s1-server-thread1] DEBUG raftlog.RaftLog (SegmentedRaftLog.java:appendImpl(447)) - truncateIndex=-1, arrayIndex=0
2022-05-19 09:24:56,844 [s1@group-79A51F445787-StateMachineUpdater] INFO  statemachine.SimpleStateMachine4Testing (SimpleStateMachine4Testing.java:put(204)) - s1: put 217, m106 -> (t:2, i:217), STATEMACHINELOGENTRY, 363@client-F7203670E756
2022-05-19 09:24:56,846 [s0@group-79A51F445787-StateMachineUpdater] INFO  statemachine.SimpleStateMachine4Testing (SimpleStateMachine4Testing.java:put(204)) - s0: put 219, m107 -> (t:2, i:219), STATEMACHINELOGENTRY, 364@client-F7203670E756
2022-05-19 09:24:56,847 [s1-server-thread1] DEBUG raftlog.RaftLog (SegmentedRaftLog.java:appendImpl(447)) - truncateIndex=-1, arrayIndex=0
2022-05-19 09:24:56,848 [s0-client-thread1] INFO  segmented.SegmentedRaftLogWorker (SegmentedRaftLogWorker.java:rollLogSegment(430)) - s0@group-79A51F445787-SegmentedRaftLogWorker: Rolling segment log-199_220 to index:220
2022-05-19 09:24:56,849 [s0@group-79A51F445787-SegmentedRaftLogWorker] TRACE util.FileUtils (LogUtils.java:runAndLog(49)) - Successfully ran Files.move /home/runner/work/ratis/ratis/ratis-test/target/test/data/fbdca40e/MiniRaftClusterWithGrpc639795fb/s0/18f0c0db-b28e-477a-a7a1-79a51f445787/current/log_inprogress_199 to /home/runner/work/ratis/ratis/ratis-test/target/test/data/fbdca40e/MiniRaftClusterWithGrpc639795fb/s0/18f0c0db-b28e-477a-a7a1-79a51f445787/current/log_199-220
2022-05-19 09:24:56,849 [s0@group-79A51F445787-SegmentedRaftLogWorker] INFO  segmented.SegmentedRaftLogWorker (SegmentedRaftLogWorker.java:execute(586)) - s0@group-79A51F445787-SegmentedRaftLogWorker: Rolled log segment from /home/runner/work/ratis/ratis/ratis-test/target/test/data/fbdca40e/MiniRaftClusterWithGrpc639795fb/s0/18f0c0db-b28e-477a-a7a1-79a51f445787/current/log_inprogress_199 to /home/runner/work/ratis/ratis/ratis-test/target/test/data/fbdca40e/MiniRaftClusterWithGrpc639795fb/s0/18f0c0db-b28e-477a-a7a1-79a51f445787/current/log_199-220
2022-05-19 09:24:56,850 [s1-server-thread1] DEBUG raftlog.RaftLog (SegmentedRaftLog.java:appendImpl(447)) - truncateIndex=-1, arrayIndex=0
2022-05-19 09:24:56,850 [s1-server-thread1] INFO  segmented.SegmentedRaftLogWorker (SegmentedRaftLogWorker.java:rollLogSegment(430)) - s1@group-79A51F445787-SegmentedRaftLogWorker: Rolling segment log-199_220 to index:220
2022-05-19 09:24:56,852 [s0@group-79A51F445787-SegmentedRaftLogWorker] INFO  segmented.SegmentedRaftLogWorker (SegmentedRaftLogWorker.java:execute(629)) - s0@group-79A51F445787-SegmentedRaftLogWorker: created new log segment /home/runner/work/ratis/ratis/ratis-test/target/test/data/fbdca40e/MiniRaftClusterWithGrpc639795fb/s0/18f0c0db-b28e-477a-a7a1-79a51f445787/current/log_inprogress_221
2022-05-19 09:24:56,852 [s1@group-79A51F445787-SegmentedRaftLogWorker] TRACE util.FileUtils (LogUtils.java:runAndLog(49)) - Successfully ran Files.move /home/runner/work/ratis/ratis/ratis-test/target/test/data/fbdca40e/MiniRaftClusterWithGrpc639795fb/s1/18f0c0db-b28e-477a-a7a1-79a51f445787/current/log_inprogress_199 to /home/runner/work/ratis/ratis/ratis-test/target/test/data/fbdca40e/MiniRaftClusterWithGrpc639795fb/s1/18f0c0db-b28e-477a-a7a1-79a51f445787/current/log_199-220
2022-05-19 09:24:56,852 [s1@group-79A51F445787-SegmentedRaftLogWorker] INFO  segmented.SegmentedRaftLogWorker (SegmentedRaftLogWorker.java:execute(586)) - s1@group-79A51F445787-SegmentedRaftLogWorker: Rolled log segment from /home/runner/work/ratis/ratis/ratis-test/target/test/data/fbdca40e/MiniRaftClusterWithGrpc639795fb/s1/18f0c0db-b28e-477a-a7a1-79a51f445787/current/log_inprogress_199 to /home/runner/work/ratis/ratis/ratis-test/target/test/data/fbdca40e/MiniRaftClusterWithGrpc639795fb/s1/18f0c0db-b28e-477a-a7a1-79a51f445787/current/log_199-220
2022-05-19 09:24:56,852 [s1@group-79A51F445787-StateMachineUpdater] INFO  statemachine.SimpleStateMachine4Testing (SimpleStateMachine4Testing.java:put(204)) - s1: put 219, m107 -> (t:2, i:219), STATEMACHINELOGENTRY, 364@client-F7203670E756
2022-05-19 09:24:56,853 [s1@group-79A51F445787-SegmentedRaftLogWorker] INFO  segmented.SegmentedRaftLogWorker (SegmentedRaftLogWorker.java:execute(629)) - s1@group-79A51F445787-SegmentedRaftLogWorker: created new log segment /home/runner/work/ratis/ratis/ratis-test/target/test/data/fbdca40e/MiniRaftClusterWithGrpc639795fb/s1/18f0c0db-b28e-477a-a7a1-79a51f445787/current/log_inprogress_221
2022-05-19 09:24:56,855 [s0@group-79A51F445787-StateMachineUpdater] INFO  statemachine.SimpleStateMachine4Testing (SimpleStateMachine4Testing.java:put(204)) - s0: put 221, m108 -> (t:2, i:221), STATEMACHINELOGENTRY, 365@client-F7203670E756
2022-05-19 09:24:56,856 [s1-server-thread1] DEBUG raftlog.RaftLog (SegmentedRaftLog.java:appendImpl(447)) - truncateIndex=-1, arrayIndex=0
2022-05-19 09:24:56,858 [s1-server-thread1] DEBUG raftlog.RaftLog (SegmentedRaftLog.java:appendImpl(447)) - truncateIndex=-1, arrayIndex=0
2022-05-19 09:24:56,860 [s1@group-79A51F445787-StateMachineUpdater] INFO  statemachine.SimpleStateMachine4Testing (SimpleStateMachine4Testing.java:put(204)) - s1: put 221, m108 -> (t:2, i:221), STATEMACHINELOGENTRY, 365@client-F7203670E756
2022-05-19 09:24:56,861 [s0@group-79A51F445787-StateMachineUpdater] INFO  statemachine.SimpleStateMachine4Testing (SimpleStateMachine4Testing.java:put(204)) - s0: put 223, m109 -> (t:2, i:223), STATEMACHINELOGENTRY, 366@client-F7203670E756
2022-05-19 09:24:56,862 [s1-server-thread1] DEBUG raftlog.RaftLog (SegmentedRaftLog.java:appendImpl(447)) - truncateIndex=-1, arrayIndex=0
2022-05-19 09:24:56,864 [s1-server-thread1] DEBUG raftlog.RaftLog (SegmentedRaftLog.java:appendImpl(447)) - truncateIndex=-1, arrayIndex=0
2022-05-19 09:24:56,867 [s1@group-79A51F445787-StateMachineUpdater] INFO  statemachine.SimpleStateMachine4Testing (SimpleStateMachine4Testing.java:put(204)) - s1: put 223, m109 -> (t:2, i:223), STATEMACHINELOGENTRY, 366@client-F7203670E756
2022-05-19 09:24:56,869 [s0@group-79A51F445787-StateMachineUpdater] INFO  statemachine.SimpleStateMachine4Testing (SimpleStateMachine4Testing.java:put(204)) - s0: put 225, m110 -> (t:2, i:225), STATEMACHINELOGENTRY, 367@client-F7203670E756
2022-05-19 09:24:56,870 [s1-server-thread1] DEBUG raftlog.RaftLog (SegmentedRaftLog.java:appendImpl(447)) - truncateIndex=-1, arrayIndex=0
2022-05-19 09:24:56,872 [s1-server-thread1] DEBUG raftlog.RaftLog (SegmentedRaftLog.java:appendImpl(447)) - truncateIndex=-1, arrayIndex=0
2022-05-19 09:24:56,878 [s1@group-79A51F445787-StateMachineUpdater] INFO  statemachine.SimpleStateMachine4Testing (SimpleStateMachine4Testing.java:put(204)) - s1: put 225, m110 -> (t:2, i:225), STATEMACHINELOGENTRY, 367@client-F7203670E756
2022-05-19 09:24:56,880 [s0@group-79A51F445787-StateMachineUpdater] INFO  statemachine.SimpleStateMachine4Testing (SimpleStateMachine4Testing.java:put(204)) - s0: put 227, m111 -> (t:2, i:227), STATEMACHINELOGENTRY, 368@client-F7203670E756
2022-05-19 09:24:56,881 [s1-server-thread1] DEBUG raftlog.RaftLog (SegmentedRaftLog.java:appendImpl(447)) - truncateIndex=-1, arrayIndex=0
2022-05-19 09:24:56,884 [s1-server-thread1] DEBUG raftlog.RaftLog (SegmentedRaftLog.java:appendImpl(447)) - truncateIndex=-1, arrayIndex=0
2022-05-19 09:24:56,884 [s1@group-79A51F445787-StateMachineUpdater] INFO  statemachine.SimpleStateMachine4Testing (SimpleStateMachine4Testing.java:put(204)) - s1: put 227, m111 -> (t:2, i:227), STATEMACHINELOGENTRY, 368@client-F7203670E756
2022-05-19 09:24:56,886 [s0@group-79A51F445787-StateMachineUpdater] INFO  statemachine.SimpleStateMachine4Testing (SimpleStateMachine4Testing.java:put(204)) - s0: put 229, m112 -> (t:2, i:229), STATEMACHINELOGENTRY, 369@client-F7203670E756
2022-05-19 09:24:56,887 [s1-server-thread1] DEBUG raftlog.RaftLog (SegmentedRaftLog.java:appendImpl(447)) - truncateIndex=-1, arrayIndex=0
2022-05-19 09:24:56,890 [s1-server-thread1] DEBUG raftlog.RaftLog (SegmentedRaftLog.java:appendImpl(447)) - truncateIndex=-1, arrayIndex=0
2022-05-19 09:24:56,891 [s1@group-79A51F445787-StateMachineUpdater] INFO  statemachine.SimpleStateMachine4Testing (SimpleStateMachine4Testing.java:put(204)) - s1: put 229, m112 -> (t:2, i:229), STATEMACHINELOGENTRY, 369@client-F7203670E756
2022-05-19 09:24:56,892 [s0@group-79A51F445787-StateMachineUpdater] INFO  statemachine.SimpleStateMachine4Testing (SimpleStateMachine4Testing.java:put(204)) - s0: put 231, m113 -> (t:2, i:231), STATEMACHINELOGENTRY, 370@client-F7203670E756
2022-05-19 09:24:56,893 [s1-server-thread1] DEBUG raftlog.RaftLog (SegmentedRaftLog.java:appendImpl(447)) - truncateIndex=-1, arrayIndex=0
2022-05-19 09:24:56,894 [s1-server-thread1] DEBUG raftlog.RaftLog (SegmentedRaftLog.java:appendImpl(447)) - truncateIndex=-1, arrayIndex=0
2022-05-19 09:24:56,894 [s1@group-79A51F445787-StateMachineUpdater] INFO  statemachine.SimpleStateMachine4Testing (SimpleStateMachine4Testing.java:put(204)) - s1: put 231, m113 -> (t:2, i:231), STATEMACHINELOGENTRY, 370@client-F7203670E756
2022-05-19 09:24:56,896 [s0@group-79A51F445787-StateMachineUpdater] INFO  statemachine.SimpleStateMachine4Testing (SimpleStateMachine4Testing.java:put(204)) - s0: put 233, m114 -> (t:2, i:233), STATEMACHINELOGENTRY, 371@client-F7203670E756
2022-05-19 09:24:56,896 [s1-server-thread1] DEBUG raftlog.RaftLog (SegmentedRaftLog.java:appendImpl(447)) - truncateIndex=-1, arrayIndex=0
2022-05-19 09:24:56,898 [s1-server-thread1] DEBUG raftlog.RaftLog (SegmentedRaftLog.java:appendImpl(447)) - truncateIndex=-1, arrayIndex=0
2022-05-19 09:24:56,899 [s1@group-79A51F445787-StateMachineUpdater] INFO  statemachine.SimpleStateMachine4Testing (SimpleStateMachine4Testing.java:put(204)) - s1: put 233, m114 -> (t:2, i:233), STATEMACHINELOGENTRY, 371@client-F7203670E756
2022-05-19 09:24:56,900 [s0@group-79A51F445787-StateMachineUpdater] INFO  statemachine.SimpleStateMachine4Testing (SimpleStateMachine4Testing.java:put(204)) - s0: put 235, m115 -> (t:2, i:235), STATEMACHINELOGENTRY, 372@client-F7203670E756
2022-05-19 09:24:56,901 [s1-server-thread1] DEBUG raftlog.RaftLog (SegmentedRaftLog.java:appendImpl(447)) - truncateIndex=-1, arrayIndex=0
2022-05-19 09:24:56,903 [s1-server-thread1] DEBUG raftlog.RaftLog (SegmentedRaftLog.java:appendImpl(447)) - truncateIndex=-1, arrayIndex=0
2022-05-19 09:24:56,905 [s1@group-79A51F445787-StateMachineUpdater] INFO  statemachine.SimpleStateMachine4Testing (SimpleStateMachine4Testing.java:put(204)) - s1: put 235, m115 -> (t:2, i:235), STATEMACHINELOGENTRY, 372@client-F7203670E756
2022-05-19 09:24:56,913 [s0@group-79A51F445787-StateMachineUpdater] INFO  statemachine.SimpleStateMachine4Testing (SimpleStateMachine4Testing.java:put(204)) - s0: put 237, m116 -> (t:2, i:237), STATEMACHINELOGENTRY, 373@client-F7203670E756
2022-05-19 09:24:56,914 [s1-server-thread1] DEBUG raftlog.RaftLog (SegmentedRaftLog.java:appendImpl(447)) - truncateIndex=-1, arrayIndex=0
2022-05-19 09:24:56,915 [s1-server-thread1] DEBUG raftlog.RaftLog (SegmentedRaftLog.java:appendImpl(447)) - truncateIndex=-1, arrayIndex=0
2022-05-19 09:24:56,916 [s1@group-79A51F445787-StateMachineUpdater] INFO  statemachine.SimpleStateMachine4Testing (SimpleStateMachine4Testing.java:put(204)) - s1: put 237, m116 -> (t:2, i:237), STATEMACHINELOGENTRY, 373@client-F7203670E756
2022-05-19 09:24:56,918 [s0@group-79A51F445787-StateMachineUpdater] INFO  statemachine.SimpleStateMachine4Testing (SimpleStateMachine4Testing.java:put(204)) - s0: put 239, m117 -> (t:2, i:239), STATEMACHINELOGENTRY, 374@client-F7203670E756
2022-05-19 09:24:56,918 [s1-server-thread1] DEBUG raftlog.RaftLog (SegmentedRaftLog.java:appendImpl(447)) - truncateIndex=-1, arrayIndex=0
2022-05-19 09:24:56,920 [s1-server-thread1] DEBUG raftlog.RaftLog (SegmentedRaftLog.java:appendImpl(447)) - truncateIndex=-1, arrayIndex=0
2022-05-19 09:24:56,920 [s1@group-79A51F445787-StateMachineUpdater] INFO  statemachine.SimpleStateMachine4Testing (SimpleStateMachine4Testing.java:put(204)) - s1: put 239, m117 -> (t:2, i:239), STATEMACHINELOGENTRY, 374@client-F7203670E756
2022-05-19 09:24:56,922 [s0@group-79A51F445787-StateMachineUpdater] INFO  statemachine.SimpleStateMachine4Testing (SimpleStateMachine4Testing.java:put(204)) - s0: put 241, m118 -> (t:2, i:241), STATEMACHINELOGENTRY, 375@client-F7203670E756
2022-05-19 09:24:56,923 [s1-server-thread1] DEBUG raftlog.RaftLog (SegmentedRaftLog.java:appendImpl(447)) - truncateIndex=-1, arrayIndex=0
2022-05-19 09:24:56,924 [s1-server-thread1] DEBUG raftlog.RaftLog (SegmentedRaftLog.java:appendImpl(447)) - truncateIndex=-1, arrayIndex=0
2022-05-19 09:24:56,925 [s1@group-79A51F445787-StateMachineUpdater] INFO  statemachine.SimpleStateMachine4Testing (SimpleStateMachine4Testing.java:put(204)) - s1: put 241, m118 -> (t:2, i:241), STATEMACHINELOGENTRY, 375@client-F7203670E756
2022-05-19 09:24:56,926 [s0@group-79A51F445787-StateMachineUpdater] INFO  statemachine.SimpleStateMachine4Testing (SimpleStateMachine4Testing.java:put(204)) - s0: put 243, m119 -> (t:2, i:243), STATEMACHINELOGENTRY, 376@client-F7203670E756
2022-05-19 09:24:56,927 [s1-server-thread1] DEBUG raftlog.RaftLog (SegmentedRaftLog.java:appendImpl(447)) - truncateIndex=-1, arrayIndex=0
2022-05-19 09:24:56,929 [s1-server-thread1] DEBUG raftlog.RaftLog (SegmentedRaftLog.java:appendImpl(447)) - truncateIndex=-1, arrayIndex=0
2022-05-19 09:24:56,930 [s1@group-79A51F445787-StateMachineUpdater] INFO  statemachine.SimpleStateMachine4Testing (SimpleStateMachine4Testing.java:put(204)) - s1: put 243, m119 -> (t:2, i:243), STATEMACHINELOGENTRY, 376@client-F7203670E756
2022-05-19 09:24:56,932 [s0@group-79A51F445787-StateMachineUpdater] INFO  statemachine.SimpleStateMachine4Testing (SimpleStateMachine4Testing.java:put(204)) - s0: put 245, m120 -> (t:2, i:245), STATEMACHINELOGENTRY, 377@client-F7203670E756
2022-05-19 09:24:56,933 [s1-server-thread1] DEBUG raftlog.RaftLog (SegmentedRaftLog.java:appendImpl(447)) - truncateIndex=-1, arrayIndex=0
2022-05-19 09:24:56,934 [s0-client-thread1] INFO  segmented.SegmentedRaftLogWorker (SegmentedRaftLogWorker.java:rollLogSegment(430)) - s0@group-79A51F445787-SegmentedRaftLogWorker: Rolling segment log-221_246 to index:246
2022-05-19 09:24:56,934 [s0@group-79A51F445787-SegmentedRaftLogWorker] TRACE util.FileUtils (LogUtils.java:runAndLog(49)) - Successfully ran Files.move /home/runner/work/ratis/ratis/ratis-test/target/test/data/fbdca40e/MiniRaftClusterWithGrpc639795fb/s0/18f0c0db-b28e-477a-a7a1-79a51f445787/current/log_inprogress_221 to /home/runner/work/ratis/ratis/ratis-test/target/test/data/fbdca40e/MiniRaftClusterWithGrpc639795fb/s0/18f0c0db-b28e-477a-a7a1-79a51f445787/current/log_221-246
2022-05-19 09:24:56,934 [s0@group-79A51F445787-SegmentedRaftLogWorker] INFO  segmented.SegmentedRaftLogWorker (SegmentedRaftLogWorker.java:execute(586)) - s0@group-79A51F445787-SegmentedRaftLogWorker: Rolled log segment from /home/runner/work/ratis/ratis/ratis-test/target/test/data/fbdca40e/MiniRaftClusterWithGrpc639795fb/s0/18f0c0db-b28e-477a-a7a1-79a51f445787/current/log_inprogress_221 to /home/runner/work/ratis/ratis/ratis-test/target/test/data/fbdca40e/MiniRaftClusterWithGrpc639795fb/s0/18f0c0db-b28e-477a-a7a1-79a51f445787/current/log_221-246
2022-05-19 09:24:56,935 [s1-server-thread1] DEBUG raftlog.RaftLog (SegmentedRaftLog.java:appendImpl(447)) - truncateIndex=-1, arrayIndex=0
2022-05-19 09:24:56,935 [s0@group-79A51F445787-SegmentedRaftLogWorker] INFO  segmented.SegmentedRaftLogWorker (SegmentedRaftLogWorker.java:execute(629)) - s0@group-79A51F445787-SegmentedRaftLogWorker: created new log segment /home/runner/work/ratis/ratis/ratis-test/target/test/data/fbdca40e/MiniRaftClusterWithGrpc639795fb/s0/18f0c0db-b28e-477a-a7a1-79a51f445787/current/log_inprogress_247
2022-05-19 09:24:56,935 [s1-server-thread1] INFO  segmented.SegmentedRaftLogWorker (SegmentedRaftLogWorker.java:rollLogSegment(430)) - s1@group-79A51F445787-SegmentedRaftLogWorker: Rolling segment log-221_246 to index:246
2022-05-19 09:24:56,936 [s1@group-79A51F445787-SegmentedRaftLogWorker] TRACE util.FileUtils (LogUtils.java:runAndLog(49)) - Successfully ran Files.move /home/runner/work/ratis/ratis/ratis-test/target/test/data/fbdca40e/MiniRaftClusterWithGrpc639795fb/s1/18f0c0db-b28e-477a-a7a1-79a51f445787/current/log_inprogress_221 to /home/runner/work/ratis/ratis/ratis-test/target/test/data/fbdca40e/MiniRaftClusterWithGrpc639795fb/s1/18f0c0db-b28e-477a-a7a1-79a51f445787/current/log_221-246
2022-05-19 09:24:56,936 [s1@group-79A51F445787-SegmentedRaftLogWorker] INFO  segmented.SegmentedRaftLogWorker (SegmentedRaftLogWorker.java:execute(586)) - s1@group-79A51F445787-SegmentedRaftLogWorker: Rolled log segment from /home/runner/work/ratis/ratis/ratis-test/target/test/data/fbdca40e/MiniRaftClusterWithGrpc639795fb/s1/18f0c0db-b28e-477a-a7a1-79a51f445787/current/log_inprogress_221 to /home/runner/work/ratis/ratis/ratis-test/target/test/data/fbdca40e/MiniRaftClusterWithGrpc639795fb/s1/18f0c0db-b28e-477a-a7a1-79a51f445787/current/log_221-246
2022-05-19 09:24:56,936 [s1@group-79A51F445787-StateMachineUpdater] INFO  statemachine.SimpleStateMachine4Testing (SimpleStateMachine4Testing.java:put(204)) - s1: put 245, m120 -> (t:2, i:245), STATEMACHINELOGENTRY, 377@client-F7203670E756
2022-05-19 09:24:56,937 [s1@group-79A51F445787-SegmentedRaftLogWorker] INFO  segmented.SegmentedRaftLogWorker (SegmentedRaftLogWorker.java:execute(629)) - s1@group-79A51F445787-SegmentedRaftLogWorker: created new log segment /home/runner/work/ratis/ratis/ratis-test/target/test/data/fbdca40e/MiniRaftClusterWithGrpc639795fb/s1/18f0c0db-b28e-477a-a7a1-79a51f445787/current/log_inprogress_247
2022-05-19 09:24:56,939 [s0@group-79A51F445787-StateMachineUpdater] INFO  statemachine.SimpleStateMachine4Testing (SimpleStateMachine4Testing.java:put(204)) - s0: put 247, m121 -> (t:2, i:247), STATEMACHINELOGENTRY, 378@client-F7203670E756
2022-05-19 09:24:56,940 [s1-server-thread1] DEBUG raftlog.RaftLog (SegmentedRaftLog.java:appendImpl(447)) - truncateIndex=-1, arrayIndex=0
2022-05-19 09:24:56,941 [s1-server-thread1] DEBUG raftlog.RaftLog (SegmentedRaftLog.java:appendImpl(447)) - truncateIndex=-1, arrayIndex=0
2022-05-19 09:24:56,942 [s1@group-79A51F445787-StateMachineUpdater] INFO  statemachine.SimpleStateMachine4Testing (SimpleStateMachine4Testing.java:put(204)) - s1: put 247, m121 -> (t:2, i:247), STATEMACHINELOGENTRY, 378@client-F7203670E756
2022-05-19 09:24:56,943 [s0@group-79A51F445787-StateMachineUpdater] INFO  statemachine.SimpleStateMachine4Testing (SimpleStateMachine4Testing.java:put(204)) - s0: put 249, m122 -> (t:2, i:249), STATEMACHINELOGENTRY, 379@client-F7203670E756
2022-05-19 09:24:56,944 [s1-server-thread1] DEBUG raftlog.RaftLog (SegmentedRaftLog.java:appendImpl(447)) - truncateIndex=-1, arrayIndex=0
2022-05-19 09:24:56,946 [s1-server-thread1] DEBUG raftlog.RaftLog (SegmentedRaftLog.java:appendImpl(447)) - truncateIndex=-1, arrayIndex=0
2022-05-19 09:24:56,946 [s1@group-79A51F445787-StateMachineUpdater] INFO  statemachine.SimpleStateMachine4Testing (SimpleStateMachine4Testing.java:put(204)) - s1: put 249, m122 -> (t:2, i:249), STATEMACHINELOGENTRY, 379@client-F7203670E756
2022-05-19 09:24:56,948 [s0@group-79A51F445787-StateMachineUpdater] INFO  statemachine.SimpleStateMachine4Testing (SimpleStateMachine4Testing.java:put(204)) - s0: put 251, m123 -> (t:2, i:251), STATEMACHINELOGENTRY, 380@client-F7203670E756
2022-05-19 09:24:56,949 [s1-server-thread1] DEBUG raftlog.RaftLog (SegmentedRaftLog.java:appendImpl(447)) - truncateIndex=-1, arrayIndex=0
2022-05-19 09:24:56,950 [s1-server-thread1] DEBUG raftlog.RaftLog (SegmentedRaftLog.java:appendImpl(447)) - truncateIndex=-1, arrayIndex=0
2022-05-19 09:24:56,951 [s1@group-79A51F445787-StateMachineUpdater] INFO  statemachine.SimpleStateMachine4Testing (SimpleStateMachine4Testing.java:put(204)) - s1: put 251, m123 -> (t:2, i:251), STATEMACHINELOGENTRY, 380@client-F7203670E756
2022-05-19 09:24:56,952 [s0@group-79A51F445787-StateMachineUpdater] INFO  statemachine.SimpleStateMachine4Testing (SimpleStateMachine4Testing.java:put(204)) - s0: put 253, m124 -> (t:2, i:253), STATEMACHINELOGENTRY, 381@client-F7203670E756
2022-05-19 09:24:56,953 [s1-server-thread1] DEBUG raftlog.RaftLog (SegmentedRaftLog.java:appendImpl(447)) - truncateIndex=-1, arrayIndex=0
2022-05-19 09:24:56,955 [s1@group-79A51F445787-StateMachineUpdater] INFO  statemachine.SimpleStateMachine4Testing (SimpleStateMachine4Testing.java:put(204)) - s1: put 253, m124 -> (t:2, i:253), STATEMACHINELOGENTRY, 381@client-F7203670E756
2022-05-19 09:24:56,956 [s1-server-thread1] DEBUG raftlog.RaftLog (SegmentedRaftLog.java:appendImpl(447)) - truncateIndex=-1, arrayIndex=0
2022-05-19 09:24:56,957 [s0@group-79A51F445787-StateMachineUpdater] INFO  statemachine.SimpleStateMachine4Testing (SimpleStateMachine4Testing.java:put(204)) - s0: put 255, m125 -> (t:2, i:255), STATEMACHINELOGENTRY, 382@client-F7203670E756
2022-05-19 09:24:56,958 [s1-server-thread1] DEBUG raftlog.RaftLog (SegmentedRaftLog.java:appendImpl(447)) - truncateIndex=-1, arrayIndex=0
2022-05-19 09:24:56,962 [s1-server-thread1] DEBUG raftlog.RaftLog (SegmentedRaftLog.java:appendImpl(447)) - truncateIndex=-1, arrayIndex=0
2022-05-19 09:24:56,964 [s1@group-79A51F445787-StateMachineUpdater] INFO  statemachine.SimpleStateMachine4Testing (SimpleStateMachine4Testing.java:put(204)) - s1: put 255, m125 -> (t:2, i:255), STATEMACHINELOGENTRY, 382@client-F7203670E756
2022-05-19 09:24:56,973 [s1-server-thread1] DEBUG raftlog.RaftLog (SegmentedRaftLog.java:appendImpl(447)) - truncateIndex=-1, arrayIndex=0
2022-05-19 09:24:56,983 [s1@group-79A51F445787-StateMachineUpdater] INFO  impl.StateMachineUpdater (StateMachineUpdater.java:takeSnapshot(287)) - s1@group-79A51F445787-StateMachineUpdater: Took a snapshot at index 255
2022-05-19 09:24:56,984 [s1@group-79A51F445787-StateMachineUpdater] INFO  impl.StateMachineUpdater (StateMachineUpdater.java:lambda$new$0(92)) - s1@group-79A51F445787-StateMachineUpdater: snapshotIndex: updateIncreasingly 191 -> 255
2022-05-19 09:24:56,984 [s1@group-79A51F445787-StateMachineUpdater] INFO  raftlog.RaftLog (RaftLogBase.java:purge(308)) - s1@group-79A51F445787-SegmentedRaftLog: purge 196
2022-05-19 09:24:56,984 [s1@group-79A51F445787-StateMachineUpdater] INFO  raftlog.RaftLog (RaftLogBase.java:lambda$new$0(53)) - s1@group-79A51F445787-SegmentedRaftLog: snapshotIndex: updateIncreasingly 191 -> 255
2022-05-19 09:24:56,984 [s1@group-79A51F445787-StateMachineUpdater] DEBUG raftlog.RaftLog (SegmentedRaftLog.java:purgeImpl(365)) - purging segments:null
2022-05-19 09:24:56,984 [s1@group-79A51F445787-StateMachineUpdater] INFO  raftlog.RaftLog (RaftLogBase.java:lambda$new$0(53)) - s1@group-79A51F445787-SegmentedRaftLog: purgeIndex: updateToMax old=188, new=196, updated? true
2022-05-19 09:24:56,984 [s1@group-79A51F445787-StateMachineUpdater] INFO  statemachine.SimpleStateMachine4Testing (SimpleStateMachine4Testing.java:put(204)) - s1: put 257, m126 -> (t:2, i:257), STATEMACHINELOGENTRY, 383@client-F7203670E756
2022-05-19 09:24:56,984 [s0@group-79A51F445787-StateMachineUpdater] INFO  impl.StateMachineUpdater (StateMachineUpdater.java:takeSnapshot(287)) - s0@group-79A51F445787-StateMachineUpdater: Took a snapshot at index 255
2022-05-19 09:24:56,984 [s0@group-79A51F445787-StateMachineUpdater] INFO  impl.StateMachineUpdater (StateMachineUpdater.java:lambda$new$0(92)) - s0@group-79A51F445787-StateMachineUpdater: snapshotIndex: updateIncreasingly 191 -> 255
2022-05-19 09:24:56,984 [s0@group-79A51F445787-StateMachineUpdater] INFO  raftlog.RaftLog (RaftLogBase.java:purge(308)) - s0@group-79A51F445787-SegmentedRaftLog: purge 196
2022-05-19 09:24:56,985 [s0@group-79A51F445787-StateMachineUpdater] INFO  raftlog.RaftLog (RaftLogBase.java:lambda$new$0(53)) - s0@group-79A51F445787-SegmentedRaftLog: snapshotIndex: updateIncreasingly 191 -> 255
2022-05-19 09:24:56,985 [s0@group-79A51F445787-StateMachineUpdater] DEBUG raftlog.RaftLog (SegmentedRaftLog.java:purgeImpl(365)) - purging segments:null
2022-05-19 09:24:56,985 [s0@group-79A51F445787-StateMachineUpdater] INFO  raftlog.RaftLog (RaftLogBase.java:lambda$new$0(53)) - s0@group-79A51F445787-SegmentedRaftLog: purgeIndex: updateToMax old=188, new=196, updated? true
2022-05-19 09:24:56,985 [s0@group-79A51F445787-StateMachineUpdater] INFO  statemachine.SimpleStateMachine4Testing (SimpleStateMachine4Testing.java:put(204)) - s0: put 257, m126 -> (t:2, i:257), STATEMACHINELOGENTRY, 383@client-F7203670E756
2022-05-19 09:24:56,991 [Time-limited test] INFO  impl.MiniRaftCluster (MiniRaftCluster.java:runWithNewCluster(127)) - printing ALL groups
  s0:  RUNNING    LEADER s0@group-79A51F445787:t2, leader=s0, voted=s0, raftlog=s0@group-79A51F445787-SegmentedRaftLog:OPENED:c258, conf=199: [s0|rpc:localhost:40211|admin:localhost:46233|client:localhost:33945|dataStream:localhost:35105|priority:0, s1|rpc:localhost:44147|admin:localhost:36427|client:localhost:44877|dataStream:localhost:40429|priority:0, s2|rpc:localhost:37783|admin:localhost:39335|client:localhost:36947|dataStream:localhost:40251|priority:0], old=null RUNNING
  s1:  RUNNING  FOLLOWER s1@group-79A51F445787:t2, leader=s0, voted=s0, raftlog=s1@group-79A51F445787-SegmentedRaftLog:OPENED:c257, conf=199: [s0|rpc:localhost:40211|admin:localhost:46233|client:localhost:33945|dataStream:localhost:35105|priority:0, s1|rpc:localhost:44147|admin:localhost:36427|client:localhost:44877|dataStream:localhost:40429|priority:0, s2|rpc:localhost:37783|admin:localhost:39335|client:localhost:36947|dataStream:localhost:40251|priority:0], old=null RUNNING
  s2:  RUNNING    LEADER s2@group-79A51F445787:t1, leader=s2, voted=s2, raftlog=s2@group-79A51F445787-SegmentedRaftLog:CLOSED:c197, conf=0: [s0|rpc:localhost:40211|admin:localhost:46233|client:localhost:33945|dataStream:localhost:35105|priority:0, s1|rpc:localhost:44147|admin:localhost:36427|client:localhost:44877|dataStream:localhost:40429|priority:0, s2|rpc:localhost:37783|admin:localhost:39335|client:localhost:36947|dataStream:localhost:40251|priority:0], old=null CLOSED
2022-05-19 09:24:56,991 [Time-limited test] ERROR impl.MiniRaftCluster (MiniRaftCluster.java:runWithNewCluster(128)) - Failed org.apache.ratis.server.impl.MiniRaftCluster$Factory$Get.runWithNewCluster(MiniRaftCluster.java:113)
java.lang.IllegalArgumentException: s2@group-79A51F445787-SegmentedRaftLog is expected to be opened but it is CLOSED
	at org.apache.ratis.util.OpenCloseState.assertOpen(OpenCloseState.java:63)
	at org.apache.ratis.server.raftlog.RaftLogBase.checkLogState(RaftLogBase.java:109)
	at org.apache.ratis.server.raftlog.segmented.SegmentedRaftLog.getLastEntryTermIndex(SegmentedRaftLog.java:340)
	at org.apache.ratis.server.raftlog.RaftLog.getNextIndex(RaftLog.java:83)
	at org.apache.ratis.InstallSnapshotNotificationTests.testRestartFollower(InstallSnapshotNotificationTests.java:231)
	at org.apache.ratis.server.impl.MiniRaftCluster$Factory$Get.runWithNewCluster(MiniRaftCluster.java:125)
	at org.apache.ratis.server.impl.MiniRaftCluster$Factory$Get.runWithNewCluster(MiniRaftCluster.java:113)
	at org.apache.ratis.InstallSnapshotNotificationTests.testRestartFollower(InstallSnapshotNotificationTests.java:214)
	at sun.reflect.NativeMethodAccessorImpl.invoke0(Native Method)
	at sun.reflect.NativeMethodAccessorImpl.invoke(NativeMethodAccessorImpl.java:62)
	at sun.reflect.DelegatingMethodAccessorImpl.invoke(DelegatingMethodAccessorImpl.java:43)
	at java.lang.reflect.Method.invoke(Method.java:498)
	at org.junit.runners.model.FrameworkMethod$1.runReflectiveCall(FrameworkMethod.java:59)
	at org.junit.internal.runners.model.ReflectiveCallable.run(ReflectiveCallable.java:12)
	at org.junit.runners.model.FrameworkMethod.invokeExplosively(FrameworkMethod.java:56)
	at org.junit.internal.runners.statements.InvokeMethod.evaluate(InvokeMethod.java:17)
	at org.junit.internal.runners.statements.RunAfters.evaluate(RunAfters.java:27)
	at org.junit.internal.runners.statements.FailOnTimeout$CallableStatement.call(FailOnTimeout.java:299)
	at org.junit.internal.runners.statements.FailOnTimeout$CallableStatement.call(FailOnTimeout.java:293)
	at java.util.concurrent.FutureTask.run(FutureTask.java:266)
	at java.lang.Thread.run(Thread.java:750)
Caused by: org.apache.ratis.util.OpenCloseState$CloseTrace: Close s2@group-79A51F445787-SegmentedRaftLog
	at org.apache.ratis.util.OpenCloseState.lambda$close$1(OpenCloseState.java:109)
	at java.util.concurrent.atomic.AtomicReference.getAndUpdate(AtomicReference.java:160)
	at org.apache.ratis.util.OpenCloseState.close(OpenCloseState.java:109)
	at org.apache.ratis.server.raftlog.RaftLogBase.close(RaftLogBase.java:358)
	at org.apache.ratis.server.raftlog.segmented.SegmentedRaftLog.close(SegmentedRaftLog.java:506)
	at org.apache.ratis.server.impl.ServerState.close(ServerState.java:431)
	at org.apache.ratis.server.impl.RaftServerImpl.lambda$close$4(RaftServerImpl.java:456)
	at org.apache.ratis.util.LifeCycle.lambda$checkStateAndClose$4(LifeCycle.java:299)
	at org.apache.ratis.util.LifeCycle.checkStateAndClose(LifeCycle.java:319)
	at org.apache.ratis.util.LifeCycle.checkStateAndClose(LifeCycle.java:297)
	at org.apache.ratis.server.impl.RaftServerImpl.close(RaftServerImpl.java:433)
	at org.apache.ratis.server.impl.StateMachineUpdater.run(StateMachineUpdater.java:195)
	... 1 more
2022-05-19 09:24:56,991 [Time-limited test] INFO  impl.MiniRaftCluster (MiniRaftCluster.java:shutdown(760)) - ************************************************************** 
2022-05-19 09:24:56,991 [Time-limited test] INFO  impl.MiniRaftCluster (MiniRaftCluster.java:shutdown(761)) - *** 
2022-05-19 09:24:56,991 [Time-limited test] INFO  impl.MiniRaftCluster (MiniRaftCluster.java:shutdown(762)) - ***     Stopping MiniRaftClusterWithGrpc
2022-05-19 09:24:56,991 [Time-limited test] INFO  impl.MiniRaftCluster (MiniRaftCluster.java:shutdown(763)) - *** 
2022-05-19 09:24:56,991 [Time-limited test] INFO  impl.MiniRaftCluster (MiniRaftCluster.java:shutdown(764)) - ************************************************************** 
2022-05-19 09:24:56,992 [Time-limited test] INFO  impl.MiniRaftCluster (MiniRaftCluster.java:shutdown(765)) - printing ALL groups
  s0:  RUNNING    LEADER s0@group-79A51F445787:t2, leader=s0, voted=s0, raftlog=s0@group-79A51F445787-SegmentedRaftLog:OPENED:c258, conf=199: [s0|rpc:localhost:40211|admin:localhost:46233|client:localhost:33945|dataStream:localhost:35105|priority:0, s1|rpc:localhost:44147|admin:localhost:36427|client:localhost:44877|dataStream:localhost:40429|priority:0, s2|rpc:localhost:37783|admin:localhost:39335|client:localhost:36947|dataStream:localhost:40251|priority:0], old=null RUNNING
  s1:  RUNNING  FOLLOWER s1@group-79A51F445787:t2, leader=s0, voted=s0, raftlog=s1@group-79A51F445787-SegmentedRaftLog:OPENED:c257, conf=199: [s0|rpc:localhost:40211|admin:localhost:46233|client:localhost:33945|dataStream:localhost:35105|priority:0, s1|rpc:localhost:44147|admin:localhost:36427|client:localhost:44877|dataStream:localhost:40429|priority:0, s2|rpc:localhost:37783|admin:localhost:39335|client:localhost:36947|dataStream:localhost:40251|priority:0], old=null RUNNING
  s2:  RUNNING    LEADER s2@group-79A51F445787:t1, leader=s2, voted=s2, raftlog=s2@group-79A51F445787-SegmentedRaftLog:CLOSED:c197, conf=0: [s0|rpc:localhost:40211|admin:localhost:46233|client:localhost:33945|dataStream:localhost:35105|priority:0, s1|rpc:localhost:44147|admin:localhost:36427|client:localhost:44877|dataStream:localhost:40429|priority:0, s2|rpc:localhost:37783|admin:localhost:39335|client:localhost:36947|dataStream:localhost:40251|priority:0], old=null CLOSED
2022-05-19 09:24:56,997 [java.util.concurrent.ThreadPoolExecutor$Worker@567edd[State = -1, empty queue]] INFO  server.RaftServer (RaftServerProxy.java:lambda$close$7(398)) - s0: close
2022-05-19 09:24:56,997 [java.util.concurrent.ThreadPoolExecutor$Worker@567edd[State = -1, empty queue]] INFO  server.RaftServer$Division (RaftServerImpl.java:lambda$close$4(434)) - s0@group-79A51F445787: shutdown
2022-05-19 09:24:56,997 [java.util.concurrent.ThreadPoolExecutor$Worker@567edd[State = -1, empty queue]] INFO  util.JmxRegister (JmxRegister.java:unregister(73)) - Successfully un-registered JMX Bean with object name Ratis:service=RaftServer,group=group-79A51F445787,id=s0
2022-05-19 09:24:56,997 [java.util.concurrent.ThreadPoolExecutor$Worker@567edd[State = -1, empty queue]] INFO  impl.RoleInfo (RoleInfo.java:shutdownLeaderState(93)) - s0: shutdown s0@group-79A51F445787-LeaderStateImpl
2022-05-19 09:24:56,997 [java.util.concurrent.ThreadPoolExecutor$Worker@567edd[State = -1, empty queue]] INFO  impl.PendingRequests (PendingRequests.java:sendNotLeaderResponses(282)) - s0@group-79A51F445787-PendingRequests: sendNotLeaderResponses
2022-05-19 09:24:57,002 [java.util.concurrent.ThreadPoolExecutor$Worker@567edd[State = -1, empty queue]] INFO  impl.StateMachineUpdater (StateMachineUpdater.java:stopAndJoin(153)) - s0@group-79A51F445787-StateMachineUpdater: set stopIndex = 258
2022-05-19 09:24:57,006 [java.util.concurrent.ThreadPoolExecutor$Worker@292c3195[State = -1, empty queue]] INFO  server.RaftServer (RaftServerProxy.java:lambda$close$7(398)) - s1: close
2022-05-19 09:24:57,006 [java.util.concurrent.ThreadPoolExecutor$Worker@292c3195[State = -1, empty queue]] INFO  server.RaftServer$Division (RaftServerImpl.java:lambda$close$4(434)) - s1@group-79A51F445787: shutdown
2022-05-19 09:24:57,006 [java.util.concurrent.ThreadPoolExecutor$Worker@292c3195[State = -1, empty queue]] INFO  util.JmxRegister (JmxRegister.java:unregister(73)) - Successfully un-registered JMX Bean with object name Ratis:service=RaftServer,group=group-79A51F445787,id=s1
2022-05-19 09:24:57,006 [java.util.concurrent.ThreadPoolExecutor$Worker@292c3195[State = -1, empty queue]] INFO  impl.RoleInfo (RoleInfo.java:shutdownFollowerState(110)) - s1: shutdown s1@group-79A51F445787-FollowerState
2022-05-19 09:24:57,006 [s1@group-79A51F445787-FollowerState] INFO  impl.FollowerState (FollowerState.java:run(152)) - s1@group-79A51F445787-FollowerState was interrupted
2022-05-19 09:24:57,010 [java.util.concurrent.ThreadPoolExecutor$Worker@292c3195[State = -1, empty queue]] INFO  impl.StateMachineUpdater (StateMachineUpdater.java:stopAndJoin(153)) - s1@group-79A51F445787-StateMachineUpdater: set stopIndex = 257
2022-05-19 09:24:57,011 [s0@group-79A51F445787->s1-GrpcLogAppender-LogAppenderDaemon] WARN  server.GrpcLogAppender (GrpcLogAppender.java:mayWait(171)) - s0@group-79A51F445787->s1-GrpcLogAppender: Wait interrupted by java.lang.InterruptedException
2022-05-19 09:24:57,011 [s0@group-79A51F445787->s2-GrpcLogAppender-LogAppenderDaemon] WARN  server.GrpcLogAppender (GrpcLogAppender.java:mayWait(171)) - s0@group-79A51F445787->s2-GrpcLogAppender: Wait interrupted by java.lang.InterruptedException
2022-05-19 09:24:57,011 [grpc-default-executor-1] INFO  server.GrpcServerProtocolService (GrpcServerProtocolService.java:onCompleted(140)) - s1: Completed APPEND_ENTRIES, lastRequest: s0->s1#104-t2,previous=(t:2, i:257),leaderCommit=257,initializing? true,entries: size=1, first=(t:2, i:258), METADATAENTRY(c:257)
2022-05-19 09:24:57,011 [grpc-default-executor-4] INFO  server.GrpcServerProtocolService (GrpcServerProtocolService.java:onCompleted(140)) - s2: Completed APPEND_ENTRIES, lastRequest: s0->s2#1-t2,previous=(t:1, i:198),leaderCommit=196,initializing? true,entries: size=1, first=(t:2, i:199), CONFIGURATIONENTRY
2022-05-19 09:24:57,012 [grpc-default-executor-4] INFO  server.GrpcLogAppender (GrpcLogAppender.java:onCompleted(339)) - s0@group-79A51F445787->s1-AppendLogResponseHandler: follower responses appendEntries COMPLETED
2022-05-19 09:24:57,012 [grpc-default-executor-4] INFO  leader.FollowerInfo (FollowerInfoImpl.java:lambda$new$0(48)) - s0@group-79A51F445787->s1: nextIndex: updateUnconditionally 259 -> 258
2022-05-19 09:24:57,012 [java.util.concurrent.ThreadPoolExecutor$Worker@3b01eac2[State = -1, empty queue]] INFO  server.RaftServer (RaftServerProxy.java:lambda$close$7(398)) - s2: close
2022-05-19 09:24:57,012 [grpc-default-executor-1] INFO  server.GrpcLogAppender (GrpcLogAppender.java:onCompleted(339)) - s0@group-79A51F445787->s2-AppendLogResponseHandler: follower responses appendEntries COMPLETED
2022-05-19 09:24:57,012 [grpc-default-executor-1] INFO  leader.FollowerInfo (FollowerInfoImpl.java:lambda$new$0(48)) - s0@group-79A51F445787->s2: nextIndex: updateUnconditionally 200 -> 1
2022-05-19 09:24:57,012 [java.util.concurrent.ThreadPoolExecutor$Worker@3b01eac2[State = -1, empty queue]] INFO  server.GrpcService (GrpcService.java:closeImpl(269)) - s2: shutdown server with port 37783 now
2022-05-19 09:24:57,018 [java.util.concurrent.ThreadPoolExecutor$Worker@3b01eac2[State = -1, empty queue]] INFO  server.GrpcService (GrpcService.java:closeImpl(278)) - s2: shutdown server with port 37783 successfully
2022-05-19 09:24:57,018 [java.util.concurrent.ThreadPoolExecutor$Worker@3b01eac2[State = -1, empty queue]] INFO  server.GrpcService (GrpcService.java:closeImpl(269)) - s2: shutdown server with port 39335 now
2022-05-19 09:24:57,019 [java.util.concurrent.ThreadPoolExecutor$Worker@3b01eac2[State = -1, empty queue]] INFO  server.GrpcService (GrpcService.java:closeImpl(278)) - s2: shutdown server with port 39335 successfully
2022-05-19 09:24:57,019 [java.util.concurrent.ThreadPoolExecutor$Worker@3b01eac2[State = -1, empty queue]] INFO  server.GrpcService (GrpcService.java:closeImpl(269)) - s2: shutdown server with port 36947 now
2022-05-19 09:24:57,020 [java.util.concurrent.ThreadPoolExecutor$Worker@3b01eac2[State = -1, empty queue]] INFO  server.GrpcService (GrpcService.java:closeImpl(278)) - s2: shutdown server with port 36947 successfully
2022-05-19 09:24:57,020 [org.apache.ratis.util.JvmPauseMonitor$$Lambda$262/1487809571@915b1da] INFO  util.JvmPauseMonitor (JvmPauseMonitor.java:run(109)) - JvmPauseMonitor-s2: Stopped
2022-05-19 09:24:57,025 [s1@group-79A51F445787-StateMachineUpdater] INFO  impl.StateMachineUpdater (StateMachineUpdater.java:takeSnapshot(287)) - s1@group-79A51F445787-StateMachineUpdater: Took a snapshot at index 257
2022-05-19 09:24:57,025 [s1@group-79A51F445787-StateMachineUpdater] INFO  impl.StateMachineUpdater (StateMachineUpdater.java:lambda$new$0(92)) - s1@group-79A51F445787-StateMachineUpdater: snapshotIndex: updateIncreasingly 255 -> 257
2022-05-19 09:24:57,026 [java.util.concurrent.ThreadPoolExecutor$Worker@292c3195[State = -1, empty queue]] INFO  server.RaftServer$Division (ServerState.java:close(429)) - s1@group-79A51F445787: closes. applyIndex: 257
2022-05-19 09:24:57,026 [s1@group-79A51F445787-SegmentedRaftLogWorker] INFO  segmented.SegmentedRaftLogWorker (SegmentedRaftLogWorker.java:run(336)) - s1@group-79A51F445787-SegmentedRaftLogWorker was interrupted, exiting. There are 0 tasks remaining in the queue.
2022-05-19 09:24:57,026 [java.util.concurrent.ThreadPoolExecutor$Worker@292c3195[State = -1, empty queue]] INFO  segmented.SegmentedRaftLogWorker (SegmentedRaftLogWorker.java:close(246)) - s1@group-79A51F445787-SegmentedRaftLogWorker close()
2022-05-19 09:24:57,027 [s0@group-79A51F445787-StateMachineUpdater] INFO  impl.StateMachineUpdater (StateMachineUpdater.java:takeSnapshot(287)) - s0@group-79A51F445787-StateMachineUpdater: Took a snapshot at index 258
2022-05-19 09:24:57,027 [s0@group-79A51F445787-StateMachineUpdater] INFO  impl.StateMachineUpdater (StateMachineUpdater.java:lambda$new$0(92)) - s0@group-79A51F445787-StateMachineUpdater: snapshotIndex: updateIncreasingly 255 -> 258
2022-05-19 09:24:57,027 [s0@group-79A51F445787-StateMachineUpdater] INFO  raftlog.RaftLog (RaftLogBase.java:purge(308)) - s0@group-79A51F445787-SegmentedRaftLog: purge 258
2022-05-19 09:24:57,027 [s0@group-79A51F445787-StateMachineUpdater] INFO  raftlog.RaftLog (RaftLogBase.java:lambda$new$0(53)) - s0@group-79A51F445787-SegmentedRaftLog: snapshotIndex: updateIncreasingly 255 -> 258
2022-05-19 09:24:57,027 [s0@group-79A51F445787-StateMachineUpdater] DEBUG raftlog.RaftLog (SegmentedRaftLog.java:purgeImpl(365)) - purging segments:toTruncate: null
  toDelete: [(189, 198) isOpen? false, length=0, newEndIndex=0, (199, 220) isOpen? false, length=0, newEndIndex=0, (221, 246) isOpen? false, length=0, newEndIndex=0]
2022-05-19 09:24:57,027 [java.util.concurrent.ThreadPoolExecutor$Worker@292c3195[State = -1, empty queue]] INFO  server.GrpcService (GrpcService.java:closeImpl(269)) - s1: shutdown server with port 44147 now
2022-05-19 09:24:57,027 [s0@group-79A51F445787-SegmentedRaftLogWorker] TRACE util.FileUtils (LogUtils.java:runAndLog(49)) - Successfully ran Files.delete /home/runner/work/ratis/ratis/ratis-test/target/test/data/fbdca40e/MiniRaftClusterWithGrpc639795fb/s0/18f0c0db-b28e-477a-a7a1-79a51f445787/current/log_189-198
2022-05-19 09:24:57,028 [s0@group-79A51F445787-SegmentedRaftLogWorker] TRACE util.FileUtils (LogUtils.java:runAndLog(49)) - Successfully ran Files.delete /home/runner/work/ratis/ratis/ratis-test/target/test/data/fbdca40e/MiniRaftClusterWithGrpc639795fb/s0/18f0c0db-b28e-477a-a7a1-79a51f445787/current/log_199-220
2022-05-19 09:24:57,028 [s0@group-79A51F445787-SegmentedRaftLogWorker] TRACE util.FileUtils (LogUtils.java:runAndLog(49)) - Successfully ran Files.delete /home/runner/work/ratis/ratis/ratis-test/target/test/data/fbdca40e/MiniRaftClusterWithGrpc639795fb/s0/18f0c0db-b28e-477a-a7a1-79a51f445787/current/log_221-246
2022-05-19 09:24:57,031 [s0@group-79A51F445787-StateMachineUpdater] INFO  raftlog.RaftLog (RaftLogBase.java:lambda$new$0(53)) - s0@group-79A51F445787-SegmentedRaftLog: purgeIndex: updateToMax old=196, new=246, updated? true
2022-05-19 09:24:57,032 [java.util.concurrent.ThreadPoolExecutor$Worker@567edd[State = -1, empty queue]] INFO  server.RaftServer$Division (ServerState.java:close(429)) - s0@group-79A51F445787: closes. applyIndex: 258
2022-05-19 09:24:57,033 [java.util.concurrent.ThreadPoolExecutor$Worker@292c3195[State = -1, empty queue]] INFO  server.GrpcService (GrpcService.java:closeImpl(278)) - s1: shutdown server with port 44147 successfully
2022-05-19 09:24:57,033 [java.util.concurrent.ThreadPoolExecutor$Worker@292c3195[State = -1, empty queue]] INFO  server.GrpcService (GrpcService.java:closeImpl(269)) - s1: shutdown server with port 36427 now
2022-05-19 09:24:57,033 [s0@group-79A51F445787-SegmentedRaftLogWorker] INFO  segmented.SegmentedRaftLogWorker (SegmentedRaftLogWorker.java:run(336)) - s0@group-79A51F445787-SegmentedRaftLogWorker was interrupted, exiting. There are 0 tasks remaining in the queue.
2022-05-19 09:24:57,033 [java.util.concurrent.ThreadPoolExecutor$Worker@292c3195[State = -1, empty queue]] INFO  server.GrpcService (GrpcService.java:closeImpl(278)) - s1: shutdown server with port 36427 successfully
2022-05-19 09:24:57,033 [java.util.concurrent.ThreadPoolExecutor$Worker@292c3195[State = -1, empty queue]] INFO  server.GrpcService (GrpcService.java:closeImpl(269)) - s1: shutdown server with port 44877 now
2022-05-19 09:24:57,034 [java.util.concurrent.ThreadPoolExecutor$Worker@567edd[State = -1, empty queue]] INFO  segmented.SegmentedRaftLogWorker (SegmentedRaftLogWorker.java:close(246)) - s0@group-79A51F445787-SegmentedRaftLogWorker close()
2022-05-19 09:24:57,034 [java.util.concurrent.ThreadPoolExecutor$Worker@292c3195[State = -1, empty queue]] INFO  server.GrpcService (GrpcService.java:closeImpl(278)) - s1: shutdown server with port 44877 successfully
2022-05-19 09:24:57,034 [org.apache.ratis.util.JvmPauseMonitor$$Lambda$262/1487809571@397108ac] INFO  util.JvmPauseMonitor (JvmPauseMonitor.java:run(109)) - JvmPauseMonitor-s1: Stopped
2022-05-19 09:24:57,035 [java.util.concurrent.ThreadPoolExecutor$Worker@567edd[State = -1, empty queue]] INFO  server.GrpcService (GrpcService.java:closeImpl(269)) - s0: shutdown server with port 40211 now
2022-05-19 09:24:57,035 [java.util.concurrent.ThreadPoolExecutor$Worker@567edd[State = -1, empty queue]] INFO  server.GrpcService (GrpcService.java:closeImpl(278)) - s0: shutdown server with port 40211 successfully
2022-05-19 09:24:57,036 [java.util.concurrent.ThreadPoolExecutor$Worker@567edd[State = -1, empty queue]] INFO  server.GrpcService (GrpcService.java:closeImpl(269)) - s0: shutdown server with port 46233 now
2022-05-19 09:24:57,036 [java.util.concurrent.ThreadPoolExecutor$Worker@567edd[State = -1, empty queue]] INFO  server.GrpcService (GrpcService.java:closeImpl(278)) - s0: shutdown server with port 46233 successfully
2022-05-19 09:24:57,036 [java.util.concurrent.ThreadPoolExecutor$Worker@567edd[State = -1, empty queue]] INFO  server.GrpcService (GrpcService.java:closeImpl(269)) - s0: shutdown server with port 33945 now
2022-05-19 09:24:57,036 [java.util.concurrent.ThreadPoolExecutor$Worker@567edd[State = -1, empty queue]] INFO  server.GrpcService (GrpcService.java:closeImpl(278)) - s0: shutdown server with port 33945 successfully
2022-05-19 09:24:57,036 [org.apache.ratis.util.JvmPauseMonitor$$Lambda$262/1487809571@21c8b0a6] INFO  util.JvmPauseMonitor (JvmPauseMonitor.java:run(109)) - JvmPauseMonitor-s0: Stopped
2022-05-19 09:24:57,037 [Time-limited test] INFO  impl.MiniRaftCluster (MiniRaftCluster.java:shutdown(783)) - MiniRaftClusterWithGrpc shutdown completed
]]></system-out>
  </testcase>
  <testcase name="testInstallSnapshotNotificationCount" classname="org.apache.ratis.grpc.TestInstallSnapshotNotificationWithGrpc" time="4.248"/>
</testsuite>