<?xml version="1.0" encoding="UTF-8"?>
<testsuite xmlns:xsi="http://www.w3.org/2001/XMLSchema-instance" xsi:noNamespaceSchemaLocation="https://maven.apache.org/surefire/maven-surefire-plugin/xsd/surefire-test-report.xsd" name="org.apache.ratis.grpc.TestLeaderInstallSnapshot" time="15.706" tests="4" errors="0" skipped="0" failures="1">
  <properties>
    <property name="awt.toolkit" value="sun.awt.X11.XToolkit"/>
    <property name="java.specification.version" value="11"/>
    <property name="sun.cpu.isalist" value=""/>
    <property name="sun.jnu.encoding" value="UTF-8"/>
    <property name="java.class.path" value="/home/runner/work/ratis/ratis/ratis-test/target/test-classes:/home/runner/work/ratis/ratis/ratis-test/target/classes:/home/runner/work/ratis/ratis/ratis-common/target/classes:/home/runner/.m2/repository/org/apache/ratis/ratis-thirdparty-misc/1.0.3/ratis-thirdparty-misc-1.0.3.jar:/home/runner/work/ratis/ratis/ratis-proto/target/ratis-proto-3.0.0-SNAPSHOT.jar:/home/runner/work/ratis/ratis/ratis-common/target/test-classes:/home/runner/work/ratis/ratis/ratis-client/target/classes:/home/runner/work/ratis/ratis/ratis-server/target/classes:/home/runner/work/ratis/ratis/ratis-server-api/target/classes:/home/runner/work/ratis/ratis/ratis-metrics-api/target/classes:/home/runner/work/ratis/ratis/ratis-server/target/test-classes:/home/runner/work/ratis/ratis/ratis-metrics-default/target/classes:/home/runner/work/ratis/ratis/ratis-netty/target/classes:/home/runner/work/ratis/ratis/ratis-netty/target/test-classes:/home/runner/work/ratis/ratis/ratis-grpc/target/classes:/home/runner/work/ratis/ratis/ratis-grpc/target/test-classes:/home/runner/work/ratis/ratis/ratis-shell/target/classes:/home/runner/.m2/repository/commons-cli/commons-cli/1.5.0/commons-cli-1.5.0.jar:/home/runner/.m2/repository/org/reflections/reflections/0.10.2/reflections-0.10.2.jar:/home/runner/.m2/repository/org/javassist/javassist/3.28.0-GA/javassist-3.28.0-GA.jar:/home/runner/.m2/repository/com/google/code/findbugs/jsr305/3.0.2/jsr305-3.0.2.jar:/home/runner/.m2/repository/org/bouncycastle/bcprov-jdk15on/1.70/bcprov-jdk15on-1.70.jar:/home/runner/.m2/repository/org/bouncycastle/bcpkix-jdk15on/1.70/bcpkix-jdk15on-1.70.jar:/home/runner/.m2/repository/org/bouncycastle/bcutil-jdk15on/1.70/bcutil-jdk15on-1.70.jar:/home/runner/.m2/repository/org/slf4j/slf4j-api/1.7.36/slf4j-api-1.7.36.jar:/home/runner/.m2/repository/org/slf4j/slf4j-reload4j/1.7.36/slf4j-reload4j-1.7.36.jar:/home/runner/.m2/repository/ch/qos/reload4j/reload4j/1.2.19/reload4j-1.2.19.jar:/home/runner/.m2/repository/junit/junit/4.13.2/junit-4.13.2.jar:/home/runner/.m2/repository/org/hamcrest/hamcrest-core/1.3/hamcrest-core-1.3.jar:/home/runner/.m2/repository/org/mockito/mockito-core/4.3.1/mockito-core-4.3.1.jar:/home/runner/.m2/repository/net/bytebuddy/byte-buddy/1.12.7/byte-buddy-1.12.7.jar:/home/runner/.m2/repository/net/bytebuddy/byte-buddy-agent/1.12.7/byte-buddy-agent-1.12.7.jar:/home/runner/.m2/repository/org/objenesis/objenesis/3.2/objenesis-3.2.jar:"/>
    <property name="java.vm.vendor" value="Eclipse Adoptium"/>
    <property name="sun.arch.data.model" value="64"/>
    <property name="java.vendor.url" value="https://adoptium.net/"/>
    <property name="user.timezone" value=""/>
    <property name="java.vm.specification.version" value="11"/>
    <property name="os.name" value="Linux"/>
    <property name="sun.java.launcher" value="SUN_STANDARD"/>
    <property name="sun.boot.library.path" value="/usr/lib/jvm/temurin-11-jdk-amd64/lib"/>
    <property name="sun.java.command" value="/home/runner/work/ratis/ratis/ratis-test/target/surefire/surefirebooter8565513586581743438.jar /home/runner/work/ratis/ratis/ratis-test/target/surefire 2023-03-19T06-34-57_031-jvmRun1 surefire4326910510881583848tmp surefire_211255839755515883800tmp"/>
    <property name="jdk.debug" value="release"/>
    <property name="surefire.test.class.path" value="/home/runner/work/ratis/ratis/ratis-test/target/test-classes:/home/runner/work/ratis/ratis/ratis-test/target/classes:/home/runner/work/ratis/ratis/ratis-common/target/classes:/home/runner/.m2/repository/org/apache/ratis/ratis-thirdparty-misc/1.0.3/ratis-thirdparty-misc-1.0.3.jar:/home/runner/work/ratis/ratis/ratis-proto/target/ratis-proto-3.0.0-SNAPSHOT.jar:/home/runner/work/ratis/ratis/ratis-common/target/test-classes:/home/runner/work/ratis/ratis/ratis-client/target/classes:/home/runner/work/ratis/ratis/ratis-server/target/classes:/home/runner/work/ratis/ratis/ratis-server-api/target/classes:/home/runner/work/ratis/ratis/ratis-metrics-api/target/classes:/home/runner/work/ratis/ratis/ratis-server/target/test-classes:/home/runner/work/ratis/ratis/ratis-metrics-default/target/classes:/home/runner/work/ratis/ratis/ratis-netty/target/classes:/home/runner/work/ratis/ratis/ratis-netty/target/test-classes:/home/runner/work/ratis/ratis/ratis-grpc/target/classes:/home/runner/work/ratis/ratis/ratis-grpc/target/test-classes:/home/runner/work/ratis/ratis/ratis-shell/target/classes:/home/runner/.m2/repository/commons-cli/commons-cli/1.5.0/commons-cli-1.5.0.jar:/home/runner/.m2/repository/org/reflections/reflections/0.10.2/reflections-0.10.2.jar:/home/runner/.m2/repository/org/javassist/javassist/3.28.0-GA/javassist-3.28.0-GA.jar:/home/runner/.m2/repository/com/google/code/findbugs/jsr305/3.0.2/jsr305-3.0.2.jar:/home/runner/.m2/repository/org/bouncycastle/bcprov-jdk15on/1.70/bcprov-jdk15on-1.70.jar:/home/runner/.m2/repository/org/bouncycastle/bcpkix-jdk15on/1.70/bcpkix-jdk15on-1.70.jar:/home/runner/.m2/repository/org/bouncycastle/bcutil-jdk15on/1.70/bcutil-jdk15on-1.70.jar:/home/runner/.m2/repository/org/slf4j/slf4j-api/1.7.36/slf4j-api-1.7.36.jar:/home/runner/.m2/repository/org/slf4j/slf4j-reload4j/1.7.36/slf4j-reload4j-1.7.36.jar:/home/runner/.m2/repository/ch/qos/reload4j/reload4j/1.2.19/reload4j-1.2.19.jar:/home/runner/.m2/repository/junit/junit/4.13.2/junit-4.13.2.jar:/home/runner/.m2/repository/org/hamcrest/hamcrest-core/1.3/hamcrest-core-1.3.jar:/home/runner/.m2/repository/org/mockito/mockito-core/4.3.1/mockito-core-4.3.1.jar:/home/runner/.m2/repository/net/bytebuddy/byte-buddy/1.12.7/byte-buddy-1.12.7.jar:/home/runner/.m2/repository/net/bytebuddy/byte-buddy-agent/1.12.7/byte-buddy-agent-1.12.7.jar:/home/runner/.m2/repository/org/objenesis/objenesis/3.2/objenesis-3.2.jar:"/>
    <property name="sun.cpu.endian" value="little"/>
    <property name="user.home" value="/home/runner"/>
    <property name="user.language" value="en"/>
    <property name="java.specification.vendor" value="Oracle Corporation"/>
    <property name="java.version.date" value="2023-01-17"/>
    <property name="java.home" value="/usr/lib/jvm/temurin-11-jdk-amd64"/>
    <property name="file.separator" value="/"/>
    <property name="basedir" value="/home/runner/work/ratis/ratis/ratis-test"/>
    <property name="java.vm.compressedOopsMode" value="32-bit"/>
    <property name="line.separator" value="&#10;"/>
    <property name="java.specification.name" value="Java Platform API Specification"/>
    <property name="java.vm.specification.vendor" value="Oracle Corporation"/>
    <property name="java.awt.graphicsenv" value="sun.awt.X11GraphicsEnvironment"/>
    <property name="surefire.real.class.path" value="/home/runner/work/ratis/ratis/ratis-test/target/surefire/surefirebooter8565513586581743438.jar"/>
    <property name="sun.management.compiler" value="HotSpot 64-Bit Tiered Compilers"/>
    <property name="java.runtime.version" value="11.0.18+10"/>
    <property name="user.name" value="runner"/>
    <property name="java.net.preferIPv4Stack" value="true"/>
    <property name="path.separator" value=":"/>
    <property name="os.version" value="5.15.0-1034-azure"/>
    <property name="java.runtime.name" value="OpenJDK Runtime Environment"/>
    <property name="file.encoding" value="UTF-8"/>
    <property name="java.vm.name" value="OpenJDK 64-Bit Server VM"/>
    <property name="java.vendor.version" value="Temurin-11.0.18+10"/>
    <property name="localRepository" value="/home/runner/.m2/repository"/>
    <property name="java.vendor.url.bug" value="https://github.com/adoptium/adoptium-support/issues"/>
    <property name="java.io.tmpdir" value="/tmp"/>
    <property name="java.version" value="11.0.18"/>
    <property name="user.dir" value="/home/runner/work/ratis/ratis/ratis-test"/>
    <property name="os.arch" value="amd64"/>
    <property name="ratis.tmp.dir" value="/home/runner/work/ratis/ratis/ratis-test/target/tmp"/>
    <property name="java.vm.specification.name" value="Java Virtual Machine Specification"/>
    <property name="java.awt.printerjob" value="sun.print.PSPrinterJob"/>
    <property name="ratis.log.dir" value="/home/runner/work/ratis/ratis/ratis-test/target/log"/>
    <property name="sun.os.patch.level" value="unknown"/>
    <property name="java.library.path" value="/usr/java/packages/lib:/usr/lib64:/lib64:/lib:/usr/lib"/>
    <property name="java.vm.info" value="mixed mode"/>
    <property name="java.vendor" value="Eclipse Adoptium"/>
    <property name="java.vm.version" value="11.0.18+10"/>
    <property name="sun.io.unicode.encoding" value="UnicodeLittle"/>
    <property name="java.class.version" value="55.0"/>
  </properties>
  <testcase name="testMultiFileInstallSnapshot[0]" classname="org.apache.ratis.grpc.TestLeaderInstallSnapshot" time="4.359"/>
  <testcase name="testSeparateSnapshotInstallPath[0]" classname="org.apache.ratis.grpc.TestLeaderInstallSnapshot" time="2.348"/>
  <testcase name="testMultiFileInstallSnapshot[1]" classname="org.apache.ratis.grpc.TestLeaderInstallSnapshot" time="2.445"/>
  <testcase name="testSeparateSnapshotInstallPath[1]" classname="org.apache.ratis.grpc.TestLeaderInstallSnapshot" time="6.289">
    <failure type="java.lang.AssertionError">java.lang.AssertionError
	at org.junit.Assert.fail(Assert.java:87)
	at org.junit.Assert.assertTrue(Assert.java:42)
	at org.junit.Assert.assertNotNull(Assert.java:713)
	at org.junit.Assert.assertNotNull(Assert.java:723)
	at org.apache.ratis.InstallSnapshotFromLeaderTests.testMultiFileInstallSnapshot(InstallSnapshotFromLeaderTests.java:121)
	at org.apache.ratis.server.impl.MiniRaftCluster$Factory$Get.runWithNewCluster(MiniRaftCluster.java:141)
	at org.apache.ratis.server.impl.MiniRaftCluster$Factory$Get.runWithNewCluster(MiniRaftCluster.java:121)
	at org.apache.ratis.InstallSnapshotFromLeaderTests.testSeparateSnapshotInstallPath(InstallSnapshotFromLeaderTests.java:86)
	at java.base/jdk.internal.reflect.NativeMethodAccessorImpl.invoke0(Native Method)
	at java.base/jdk.internal.reflect.NativeMethodAccessorImpl.invoke(NativeMethodAccessorImpl.java:62)
	at java.base/jdk.internal.reflect.DelegatingMethodAccessorImpl.invoke(DelegatingMethodAccessorImpl.java:43)
	at java.base/java.lang.reflect.Method.invoke(Method.java:566)
	at org.junit.runners.model.FrameworkMethod$1.runReflectiveCall(FrameworkMethod.java:59)
	at org.junit.internal.runners.model.ReflectiveCallable.run(ReflectiveCallable.java:12)
	at org.junit.runners.model.FrameworkMethod.invokeExplosively(FrameworkMethod.java:56)
	at org.junit.internal.runners.statements.InvokeMethod.evaluate(InvokeMethod.java:17)
	at org.junit.internal.runners.statements.RunAfters.evaluate(RunAfters.java:27)
	at org.junit.internal.runners.statements.FailOnTimeout$CallableStatement.call(FailOnTimeout.java:299)
	at org.junit.internal.runners.statements.FailOnTimeout$CallableStatement.call(FailOnTimeout.java:293)
	at java.base/java.util.concurrent.FutureTask.run(FutureTask.java:264)
	at java.base/java.lang.Thread.run(Thread.java:829)
</failure>
    <system-out><![CDATA[2023-03-19 06:36:16,573 [main] INFO  util.LogUtils (Slf4jUtils.java:setLogLevel(38)) - Successfully set org.apache.ratis.conf.ConfUtils log level to WARN
2023-03-19 06:36:16,574 [main] INFO  util.LogUtils (Slf4jUtils.java:setLogLevel(38)) - Successfully set org.apache.ratis.util.FileUtils log level to TRACE
2023-03-19 06:36:16,575 [Time-limited test] INFO  impl.MiniRaftCluster (MiniRaftCluster.java:runWithNewCluster(135)) - Running runWithNewCluster
2023-03-19 06:36:16,576 [Time-limited test] INFO  impl.MiniRaftCluster (MiniRaftCluster.java:<init>(306)) - new MiniRaftClusterWithGrpc with group-2AD7074A39E5:[s0|rpc:localhost:35127|admin:localhost:41817|client:localhost:45363|dataStream:localhost:44295|priority:0|startupRole:FOLLOWER]
2023-03-19 06:36:16,576 [Time-limited test] INFO  impl.MiniRaftCluster (MiniRaftCluster.java:start(339)) - .............................................................. 
2023-03-19 06:36:16,576 [Time-limited test] INFO  impl.MiniRaftCluster (MiniRaftCluster.java:start(340)) - ... 
2023-03-19 06:36:16,576 [Time-limited test] INFO  impl.MiniRaftCluster (MiniRaftCluster.java:start(341)) - ...     Starting MiniRaftClusterWithGrpc
2023-03-19 06:36:16,576 [Time-limited test] INFO  impl.MiniRaftCluster (MiniRaftCluster.java:start(342)) - ... 
2023-03-19 06:36:16,576 [Time-limited test] INFO  impl.MiniRaftCluster (MiniRaftCluster.java:start(343)) - .............................................................. 
2023-03-19 06:36:16,576 [Time-limited test] INFO  impl.MiniRaftCluster (MiniRaftCluster.java:initServers(318)) - servers = {}
2023-03-19 06:36:16,576 [Time-limited test] INFO  impl.MiniRaftCluster (MiniRaftCluster.java:newRaftServer(382)) - newRaftServer: s0, group-2AD7074A39E5:[s0|rpc:localhost:35127|admin:localhost:41817|client:localhost:45363|dataStream:localhost:44295|priority:0|startupRole:FOLLOWER], format? true
2023-03-19 06:36:16,576 [Time-limited test] TRACE util.FileUtils (FileUtils.java:deleteFully(201)) - deleteFully target/test/data/c32c3602/MiniRaftClusterWithGrpc44095df7/s0
2023-03-19 06:36:16,576 [Time-limited test] TRACE util.FileUtils (FileUtils.java:deleteFully(217)) - deleteFully: target/test/data/c32c3602/MiniRaftClusterWithGrpc44095df7/s0 does not exist.
2023-03-19 06:36:16,576 [Time-limited test] INFO  impl.MiniRaftCluster (MiniRaftCluster.java:newRaftServer(387)) - Formatted directory target/test/data/c32c3602/MiniRaftClusterWithGrpc44095df7/s0
2023-03-19 06:36:16,576 [Time-limited test] INFO  server.RaftServer (ConfUtils.java:logGet(46)) - raft.rpc.type = GRPC (default)
2023-03-19 06:36:16,577 [Time-limited test] INFO  grpc.GrpcConfigKeys (ConfUtils.java:logFallback(53)) - raft.grpc.admin.host = null (fallback to raft.grpc.server.host)
2023-03-19 06:36:16,577 [Time-limited test] INFO  grpc.GrpcConfigKeys (ConfUtils.java:logGet(46)) - raft.grpc.admin.port = 41817 (custom)
2023-03-19 06:36:16,577 [Time-limited test] INFO  grpc.GrpcConfigKeys (ConfUtils.java:logFallback(53)) - raft.grpc.client.host = null (fallback to raft.grpc.server.host)
2023-03-19 06:36:16,577 [Time-limited test] INFO  grpc.GrpcConfigKeys (ConfUtils.java:logGet(46)) - raft.grpc.client.port = 45363 (custom)
2023-03-19 06:36:16,577 [Time-limited test] INFO  grpc.GrpcConfigKeys (ConfUtils.java:logGet(46)) - raft.grpc.server.host = null (default)
2023-03-19 06:36:16,577 [Time-limited test] INFO  grpc.GrpcConfigKeys (ConfUtils.java:logGet(46)) - raft.grpc.server.port = 35127 (custom)
2023-03-19 06:36:16,578 [Time-limited test] INFO  server.GrpcService (ConfUtils.java:logGet(46)) - raft.grpc.message.size.max = 64MB (=67108864) (default)
2023-03-19 06:36:16,578 [Time-limited test] INFO  server.RaftServerConfigKeys (ConfUtils.java:logGet(46)) - raft.server.log.appender.buffer.byte-limit = 4MB (=4194304) (default)
2023-03-19 06:36:16,578 [Time-limited test] INFO  server.GrpcService (ConfUtils.java:logGet(46)) - raft.grpc.flow.control.window = 1MB (=1048576) (default)
2023-03-19 06:36:16,578 [Time-limited test] INFO  server.RaftServerConfigKeys (ConfUtils.java:logGet(46)) - raft.server.rpc.request.timeout = 3000ms (default)
2023-03-19 06:36:16,578 [Time-limited test] INFO  grpc.GrpcConfigKeys (ConfUtils.java:logGet(46)) - raft.grpc.server.heartbeat.channel = true (default)
2023-03-19 06:36:16,578 [Time-limited test] INFO  grpc.GrpcConfigKeys (ConfUtils.java:logGet(46)) - raft.grpc.server.async.request.thread.pool.cached = true (default)
2023-03-19 06:36:16,578 [Time-limited test] INFO  grpc.GrpcConfigKeys (ConfUtils.java:logGet(46)) - raft.grpc.server.async.request.thread.pool.size = 32 (default)
2023-03-19 06:36:16,580 [Time-limited test] INFO  impl.DataStreamServerImpl (ConfUtils.java:logGet(46)) - raft.datastream.type = DISABLED (default)
2023-03-19 06:36:16,580 [Time-limited test] INFO  server.RaftServerConfigKeys (ConfUtils.java:logGet(46)) - raft.server.threadpool.proxy.cached = true (default)
2023-03-19 06:36:16,580 [Time-limited test] INFO  server.RaftServerConfigKeys (ConfUtils.java:logGet(46)) - raft.server.threadpool.proxy.size = 0 (default)
2023-03-19 06:36:16,580 [Time-limited test] INFO  server.RaftServerConfigKeys (ConfUtils.java:logGet(46)) - raft.server.rpc.slowness.timeout = 60s (default)
2023-03-19 06:36:16,580 [Time-limited test] INFO  server.RaftServerConfigKeys (ConfUtils.java:logGet(46)) - raft.server.leaderelection.leader.step-down.wait-time = 10s (default)
2023-03-19 06:36:16,580 [Time-limited test] INFO  server.RaftServerConfigKeys (ConfUtils.java:logGet(46)) - raft.server.storage.dir = [/home/runner/work/ratis/ratis/ratis-test/target/test/data/c32c3602/MiniRaftClusterWithGrpc44095df7/s0] (custom)
2023-03-19 06:36:16,581 [Time-limited test] INFO  server.RaftServer (RaftServerProxy.java:addNew(99)) - s0: addNew group-2AD7074A39E5:[s0|rpc:localhost:35127|admin:localhost:41817|client:localhost:45363|dataStream:localhost:44295|priority:0|startupRole:FOLLOWER] returns group-2AD7074A39E5:java.util.concurrent.CompletableFuture@5132076e[Not completed]
2023-03-19 06:36:16,581 [s0-groupManagement] INFO  server.RaftServerConfigKeys (ConfUtils.java:logGet(46)) - raft.server.log.segment.size.max = 8MB (=8388608) (default)
2023-03-19 06:36:16,581 [s0-groupManagement] INFO  server.RaftServerConfigKeys (ConfUtils.java:logGet(46)) - raft.server.log.preallocated.size = 4MB (=4194304) (default)
2023-03-19 06:36:16,581 [s0-groupManagement] INFO  server.RaftServerConfigKeys (ConfUtils.java:logGet(46)) - raft.server.log.write.buffer.size = 64KB (=65536) (default)
2023-03-19 06:36:16,581 [s0-groupManagement] INFO  server.RaftServer$Division (RaftServerImpl.java:<init>(198)) - s0: new RaftServerImpl for group-2AD7074A39E5:[s0|rpc:localhost:35127|admin:localhost:41817|client:localhost:45363|dataStream:localhost:44295|priority:0|startupRole:FOLLOWER] with StateMachineWithSeparatedSnapshotPath:uninitialized
2023-03-19 06:36:16,581 [s0-groupManagement] INFO  server.RaftServerConfigKeys (ConfUtils.java:logGet(46)) - raft.server.rpc.timeout.min = 150ms (default)
2023-03-19 06:36:16,581 [s0-groupManagement] INFO  server.RaftServerConfigKeys (ConfUtils.java:logGet(46)) - raft.server.rpc.timeout.max = 300ms (default)
2023-03-19 06:36:16,582 [s0-groupManagement] INFO  server.RaftServerConfigKeys (ConfUtils.java:logGet(46)) - raft.server.rpc.sleep.time = 25ms (default)
2023-03-19 06:36:16,582 [s0-groupManagement] INFO  server.RaftServerConfigKeys (ConfUtils.java:logGet(46)) - raft.server.rpc.slowness.timeout = 60s (default)
2023-03-19 06:36:16,582 [s0-groupManagement] INFO  server.RaftServerConfigKeys (ConfUtils.java:logGet(46)) - raft.server.leaderelection.leader.step-down.wait-time = 10s (default)
2023-03-19 06:36:16,582 [s0-groupManagement] INFO  server.RaftServerConfigKeys (ConfUtils.java:logGet(46)) - raft.server.sleep.deviation.threshold = 300ms (default)
2023-03-19 06:36:16,582 [s0-groupManagement] INFO  server.RaftServer$Division (ServerState.java:<init>(113)) - s0@group-2AD7074A39E5: ConfigurationManager, init=-1: peers:[s0|rpc:localhost:35127|admin:localhost:41817|client:localhost:45363|dataStream:localhost:44295|priority:0|startupRole:FOLLOWER]|listeners:[], old=null, confs=<EMPTY_MAP>
2023-03-19 06:36:16,582 [s0-groupManagement] INFO  server.RaftServerConfigKeys (ConfUtils.java:logGet(46)) - raft.server.notification.no-leader.timeout = 60s (default)
2023-03-19 06:36:16,582 [s0-groupManagement] INFO  server.RaftServerConfigKeys (ConfUtils.java:logGet(46)) - raft.server.read.timeout = 10s (default)
2023-03-19 06:36:16,582 [s0-groupManagement] INFO  server.RaftServerConfigKeys (ConfUtils.java:logGet(46)) - raft.server.retrycache.expirytime = 60s (default)
2023-03-19 06:36:16,582 [s0-groupManagement] INFO  server.RaftServerConfigKeys (ConfUtils.java:logGet(46)) - raft.server.retrycache.statistics.expirytime = 100μs (default)
2023-03-19 06:36:16,582 [s0-groupManagement] INFO  server.RaftServerConfigKeys (ConfUtils.java:logGet(46)) - raft.server.read.option = DEFAULT (default)
2023-03-19 06:36:16,583 [s0-groupManagement] INFO  server.RaftServerConfigKeys (ConfUtils.java:logGet(46)) - raft.server.rpc.request.timeout = 3000ms (default)
2023-03-19 06:36:16,584 [s0-groupManagement] INFO  server.RaftServerConfigKeys (ConfUtils.java:logGet(46)) - raft.server.log.appender.install.snapshot.enabled = true (default)
2023-03-19 06:36:16,584 [s0-groupManagement] INFO  server.RaftServerConfigKeys (ConfUtils.java:logGet(46)) - raft.server.threadpool.server.cached = true (default)
2023-03-19 06:36:16,584 [s0-groupManagement] INFO  server.RaftServerConfigKeys (ConfUtils.java:logGet(46)) - raft.server.threadpool.server.size = 0 (default)
2023-03-19 06:36:16,584 [s0-groupManagement] INFO  server.RaftServerConfigKeys (ConfUtils.java:logGet(46)) - raft.server.threadpool.client.cached = true (default)
2023-03-19 06:36:16,584 [s0-groupManagement] INFO  server.RaftServerConfigKeys (ConfUtils.java:logGet(46)) - raft.server.threadpool.client.size = 0 (default)
2023-03-19 06:36:16,584 [s0-impl-thread1] INFO  server.RaftServerConfigKeys (ConfUtils.java:logGet(46)) - raft.server.storage.free-space.min = 0MB (=0) (default)
2023-03-19 06:36:16,584 [s0-impl-thread1] INFO  server.RaftServerConfigKeys (ConfUtils.java:logGet(46)) - raft.server.log.corruption.policy = EXCEPTION (default)
2023-03-19 06:36:16,584 [s0-impl-thread1] INFO  server.RaftServerConfigKeys (ConfUtils.java:logGet(46)) - raft.server.storage.dir = [/home/runner/work/ratis/ratis/ratis-test/target/test/data/c32c3602/MiniRaftClusterWithGrpc44095df7/s0] (custom)
2023-03-19 06:36:16,584 [s0-impl-thread1] INFO  storage.RaftStorageDirectory (RaftStorageDirectoryImpl.java:analyzeStorage(138)) - The storage directory /home/runner/work/ratis/ratis/ratis-test/target/test/data/c32c3602/MiniRaftClusterWithGrpc44095df7/s0/5d6b88c2-97dd-4192-a7f2-2ad7074a39e5 does not exist. Creating ...
2023-03-19 06:36:16,585 [s0-impl-thread1] TRACE util.FileUtils (LogUtils.java:runAndLog(49)) - Successfully ran Files.createDirectories /home/runner/work/ratis/ratis/ratis-test/target/test/data/c32c3602/MiniRaftClusterWithGrpc44095df7/s0/5d6b88c2-97dd-4192-a7f2-2ad7074a39e5
2023-03-19 06:36:16,587 [s0-impl-thread1] INFO  storage.RaftStorageDirectory (RaftStorageDirectoryImpl.java:tryLock(232)) - Lock on /home/runner/work/ratis/ratis/ratis-test/target/test/data/c32c3602/MiniRaftClusterWithGrpc44095df7/s0/5d6b88c2-97dd-4192-a7f2-2ad7074a39e5/in_use.lock acquired by nodename 2736@fv-az264-909
2023-03-19 06:36:16,587 [s0-impl-thread1] TRACE util.FileUtils (LogUtils.java:runAndLog(49)) - Successfully ran Files.createDirectories /home/runner/work/ratis/ratis/ratis-test/target/test/data/c32c3602/MiniRaftClusterWithGrpc44095df7/s0/5d6b88c2-97dd-4192-a7f2-2ad7074a39e5/current
2023-03-19 06:36:16,587 [s0-impl-thread1] TRACE util.FileUtils (LogUtils.java:runAndLog(49)) - Successfully ran Files.createDirectories /home/runner/work/ratis/ratis/ratis-test/target/test/data/c32c3602/MiniRaftClusterWithGrpc44095df7/s0/5d6b88c2-97dd-4192-a7f2-2ad7074a39e5/sm
2023-03-19 06:36:16,589 [s0-impl-thread1] INFO  storage.RaftStorage (RaftStorageImpl.java:format(96)) - Storage directory /home/runner/work/ratis/ratis/ratis-test/target/test/data/c32c3602/MiniRaftClusterWithGrpc44095df7/s0/5d6b88c2-97dd-4192-a7f2-2ad7074a39e5 has been successfully formatted.
2023-03-19 06:36:16,589 [s0-impl-thread1] INFO  impl.SimpleStateMachine4Testing (SimpleStateMachine4Testing.java:initialize(213)) - Initializing StateMachineWithSeparatedSnapshotPath:uninitialized
2023-03-19 06:36:16,589 [s0-impl-thread1] INFO  impl.SimpleStateMachine4Testing (SimpleStateMachine4Testing.java:loadSnapshot(293)) - Loading snapshot null
2023-03-19 06:36:16,589 [s0-impl-thread1] TRACE util.FileUtils (FileUtils.java:deleteFully(201)) - deleteFully /tmp/ratis-tests/statemachine/s0
2023-03-19 06:36:16,590 [s0-impl-thread1] TRACE util.FileUtils (LogUtils.java:runAndLog(49)) - Successfully ran Files.delete /tmp/ratis-tests/statemachine/s0/tmp
2023-03-19 06:36:16,590 [s0-impl-thread1] TRACE util.FileUtils (LogUtils.java:runAndLog(49)) - Successfully ran Files.delete /tmp/ratis-tests/statemachine/s0/snapshot/1_255/vegetable
2023-03-19 06:36:16,590 [s0-impl-thread1] TRACE util.FileUtils (LogUtils.java:runAndLog(49)) - Successfully ran Files.delete /tmp/ratis-tests/statemachine/s0/snapshot/1_255/deer
2023-03-19 06:36:16,591 [s0-impl-thread1] TRACE util.FileUtils (LogUtils.java:runAndLog(49)) - Successfully ran Files.delete /tmp/ratis-tests/statemachine/s0/snapshot/1_255/loves
2023-03-19 06:36:16,591 [s0-impl-thread1] TRACE util.FileUtils (LogUtils.java:runAndLog(49)) - Successfully ran Files.delete /tmp/ratis-tests/statemachine/s0/snapshot/1_255
2023-03-19 06:36:16,592 [s0-impl-thread1] TRACE util.FileUtils (LogUtils.java:runAndLog(49)) - Successfully ran Files.delete /tmp/ratis-tests/statemachine/s0/snapshot/1_258/vegetable
2023-03-19 06:36:16,593 [s0-impl-thread1] TRACE util.FileUtils (LogUtils.java:runAndLog(49)) - Successfully ran Files.delete /tmp/ratis-tests/statemachine/s0/snapshot/1_258/deer
2023-03-19 06:36:16,593 [s0-impl-thread1] TRACE util.FileUtils (LogUtils.java:runAndLog(49)) - Successfully ran Files.delete /tmp/ratis-tests/statemachine/s0/snapshot/1_258/loves
2023-03-19 06:36:16,593 [s0-impl-thread1] TRACE util.FileUtils (LogUtils.java:runAndLog(49)) - Successfully ran Files.delete /tmp/ratis-tests/statemachine/s0/snapshot/1_258
2023-03-19 06:36:16,593 [s0-impl-thread1] TRACE util.FileUtils (LogUtils.java:runAndLog(49)) - Successfully ran Files.delete /tmp/ratis-tests/statemachine/s0/snapshot/1_191/vegetable
2023-03-19 06:36:16,593 [s0-impl-thread1] TRACE util.FileUtils (LogUtils.java:runAndLog(49)) - Successfully ran Files.delete /tmp/ratis-tests/statemachine/s0/snapshot/1_191/deer
2023-03-19 06:36:16,593 [s0-impl-thread1] TRACE util.FileUtils (LogUtils.java:runAndLog(49)) - Successfully ran Files.delete /tmp/ratis-tests/statemachine/s0/snapshot/1_191/loves
2023-03-19 06:36:16,594 [s0-impl-thread1] TRACE util.FileUtils (LogUtils.java:runAndLog(49)) - Successfully ran Files.delete /tmp/ratis-tests/statemachine/s0/snapshot/1_191
2023-03-19 06:36:16,594 [s0-impl-thread1] TRACE util.FileUtils (LogUtils.java:runAndLog(49)) - Successfully ran Files.delete /tmp/ratis-tests/statemachine/s0/snapshot/1_63/vegetable
2023-03-19 06:36:16,594 [s0-impl-thread1] TRACE util.FileUtils (LogUtils.java:runAndLog(49)) - Successfully ran Files.delete /tmp/ratis-tests/statemachine/s0/snapshot/1_63/deer
2023-03-19 06:36:16,594 [s0-impl-thread1] TRACE util.FileUtils (LogUtils.java:runAndLog(49)) - Successfully ran Files.delete /tmp/ratis-tests/statemachine/s0/snapshot/1_63/loves
2023-03-19 06:36:16,594 [s0-impl-thread1] TRACE util.FileUtils (LogUtils.java:runAndLog(49)) - Successfully ran Files.delete /tmp/ratis-tests/statemachine/s0/snapshot/1_63
2023-03-19 06:36:16,594 [s0-impl-thread1] TRACE util.FileUtils (LogUtils.java:runAndLog(49)) - Successfully ran Files.delete /tmp/ratis-tests/statemachine/s0/snapshot/1_127/vegetable
2023-03-19 06:36:16,594 [s0-impl-thread1] TRACE util.FileUtils (LogUtils.java:runAndLog(49)) - Successfully ran Files.delete /tmp/ratis-tests/statemachine/s0/snapshot/1_127/deer
2023-03-19 06:36:16,595 [s0-impl-thread1] TRACE util.FileUtils (LogUtils.java:runAndLog(49)) - Successfully ran Files.delete /tmp/ratis-tests/statemachine/s0/snapshot/1_127/loves
2023-03-19 06:36:16,595 [s0-impl-thread1] TRACE util.FileUtils (LogUtils.java:runAndLog(49)) - Successfully ran Files.delete /tmp/ratis-tests/statemachine/s0/snapshot/1_127
2023-03-19 06:36:16,595 [s0-impl-thread1] TRACE util.FileUtils (LogUtils.java:runAndLog(49)) - Successfully ran Files.delete /tmp/ratis-tests/statemachine/s0/snapshot
2023-03-19 06:36:16,595 [s0-impl-thread1] TRACE util.FileUtils (LogUtils.java:runAndLog(49)) - Successfully ran Files.delete /tmp/ratis-tests/statemachine/s0
2023-03-19 06:36:16,595 [s0-impl-thread1] INFO  server.RaftServerConfigKeys (ConfUtils.java:logGet(46)) - raft.server.log.use.memory = false (default)
2023-03-19 06:36:16,596 [s0-impl-thread1] INFO  server.RaftServerConfigKeys (ConfUtils.java:logGet(46)) - raft.server.log.purge.gap = 8 (custom)
2023-03-19 06:36:16,596 [s0-impl-thread1] INFO  server.RaftServerConfigKeys (ConfUtils.java:logGet(46)) - raft.server.log.appender.buffer.byte-limit = 4MB (=4194304) (default)
2023-03-19 06:36:16,596 [s0-impl-thread1] INFO  server.RaftServerConfigKeys (ConfUtils.java:logGet(46)) - raft.server.log.statemachine.data.read.timeout = 1000ms (default)
2023-03-19 06:36:16,596 [s0-impl-thread1] INFO  server.RaftServerConfigKeys (ConfUtils.java:logGet(46)) - raft.server.log.purge.preservation.log.num = 0 (default)
2023-03-19 06:36:16,598 [s0-impl-thread1] INFO  server.RaftServerConfigKeys (ConfUtils.java:logGet(46)) - raft.server.log.segment.size.max = 8MB (=8388608) (default)
2023-03-19 06:36:16,599 [s0-impl-thread1] INFO  server.RaftServerConfigKeys (ConfUtils.java:logGet(46)) - raft.server.log.segment.cache.num.max = 6 (default)
2023-03-19 06:36:16,599 [s0-impl-thread1] INFO  server.RaftServerConfigKeys (ConfUtils.java:logGet(46)) - raft.server.log.segment.cache.size.max = 200MB (=209715200) (default)
2023-03-19 06:36:16,599 [s0-impl-thread1] INFO  server.RaftServerConfigKeys (ConfUtils.java:logGet(46)) - raft.server.log.appender.buffer.byte-limit = 4MB (=4194304) (default)
2023-03-19 06:36:16,599 [s0-impl-thread1] INFO  segmented.SegmentedRaftLogWorker (SegmentedRaftLogWorker.java:<init>(183)) - new s0@group-2AD7074A39E5-SegmentedRaftLogWorker for RaftStorageImpl:Storage Directory /home/runner/work/ratis/ratis/ratis-test/target/test/data/c32c3602/MiniRaftClusterWithGrpc44095df7/s0/5d6b88c2-97dd-4192-a7f2-2ad7074a39e5
2023-03-19 06:36:16,599 [s0-impl-thread1] INFO  server.RaftServerConfigKeys (ConfUtils.java:logGet(46)) - raft.server.log.queue.byte-limit = 64MB (=67108864) (default)
2023-03-19 06:36:16,599 [s0-impl-thread1] INFO  server.RaftServerConfigKeys (ConfUtils.java:logGet(46)) - raft.server.log.queue.element-limit = 4096 (default)
2023-03-19 06:36:16,599 [s0-impl-thread1] INFO  server.RaftServerConfigKeys (ConfUtils.java:logGet(46)) - raft.server.log.segment.size.max = 8MB (=8388608) (default)
2023-03-19 06:36:16,599 [s0-impl-thread1] INFO  server.RaftServerConfigKeys (ConfUtils.java:logGet(46)) - raft.server.log.preallocated.size = 4MB (=4194304) (default)
2023-03-19 06:36:16,599 [s0-impl-thread1] INFO  server.RaftServerConfigKeys (ConfUtils.java:logGet(46)) - raft.server.log.force.sync.num = 128 (default)
2023-03-19 06:36:16,599 [s0-impl-thread1] INFO  server.RaftServerConfigKeys (ConfUtils.java:logGet(46)) - raft.server.log.statemachine.data.sync = true (default)
2023-03-19 06:36:16,599 [s0-impl-thread1] INFO  server.RaftServerConfigKeys (ConfUtils.java:logGet(46)) - raft.server.log.statemachine.data.sync.timeout = 10s (default)
2023-03-19 06:36:16,599 [s0-impl-thread1] INFO  server.RaftServerConfigKeys (ConfUtils.java:logGet(46)) - raft.server.log.statemachine.data.sync.timeout.retry = -1 (default)
2023-03-19 06:36:16,600 [s0-impl-thread1] INFO  server.RaftServerConfigKeys (ConfUtils.java:logGet(46)) - raft.server.log.write.buffer.size = 64KB (=65536) (default)
2023-03-19 06:36:16,600 [s0-impl-thread1] INFO  server.RaftServerConfigKeys (ConfUtils.java:logGet(46)) - raft.server.log.appender.buffer.byte-limit = 4MB (=4194304) (default)
2023-03-19 06:36:16,600 [s0-impl-thread1] INFO  server.RaftServerConfigKeys (ConfUtils.java:logGet(46)) - raft.server.log.unsafe-flush.enabled = false (default)
2023-03-19 06:36:16,600 [s0-impl-thread1] INFO  server.RaftServerConfigKeys (ConfUtils.java:logGet(46)) - raft.server.log.async-flush.enabled = false (default)
2023-03-19 06:36:16,601 [s0-impl-thread1] INFO  server.RaftServerConfigKeys (ConfUtils.java:logGet(46)) - raft.server.log.statemachine.data.caching.enabled = false (default)
2023-03-19 06:36:16,601 [s0-impl-thread1] INFO  segmented.SegmentedRaftLogWorker (SegmentedRaftLogWorker.java:lambda$new$0(134)) - s0@group-2AD7074A39E5-SegmentedRaftLogWorker: flushIndex: setUnconditionally 0 -> -1
2023-03-19 06:36:16,601 [s0-impl-thread1] INFO  segmented.SegmentedRaftLogWorker (SegmentedRaftLogWorker.java:lambda$new$0(134)) - s0@group-2AD7074A39E5-SegmentedRaftLogWorker: safeCacheEvictIndex: setUnconditionally 0 -> -1
2023-03-19 06:36:16,610 [s0-impl-thread1] INFO  server.RaftServer$Division (RaftServerImpl.java:start(342)) - s0@group-2AD7074A39E5: start as a follower, conf=-1: peers:[s0|rpc:localhost:35127|admin:localhost:41817|client:localhost:45363|dataStream:localhost:44295|priority:0|startupRole:FOLLOWER]|listeners:[], old=null
2023-03-19 06:36:16,610 [s0-impl-thread1] INFO  server.RaftServer$Division (RaftServerImpl.java:setRole(329)) - s0@group-2AD7074A39E5: changes role from      null to FOLLOWER at term 0 for startAsFollower
2023-03-19 06:36:16,611 [s0-impl-thread1] INFO  impl.RoleInfo (RoleInfo.java:updateAndGet(139)) - s0: start s0@group-2AD7074A39E5-FollowerState
2023-03-19 06:36:16,611 [s0-impl-thread1] INFO  util.JmxRegister (JmxRegister.java:tryRegister(44)) - Successfully registered JMX Bean with object name Ratis:service=RaftServer,group=group-2AD7074A39E5,id=s0
2023-03-19 06:36:16,611 [s0-impl-thread1] INFO  server.RaftServerConfigKeys (ConfUtils.java:logGet(46)) - raft.server.snapshot.auto.trigger.enabled = true (custom)
2023-03-19 06:36:16,611 [s0-impl-thread1] INFO  server.RaftServerConfigKeys (ConfUtils.java:logGet(46)) - raft.server.snapshot.auto.trigger.threshold = 64 (custom)
2023-03-19 06:36:16,611 [s0-impl-thread1] INFO  server.RaftServerConfigKeys (ConfUtils.java:logGet(46)) - raft.server.snapshot.retention.file.num = -1 (default)
2023-03-19 06:36:16,611 [s0-impl-thread1] INFO  server.RaftServerConfigKeys (ConfUtils.java:logGet(46)) - raft.server.log.purge.upto.snapshot.index = false (default)
2023-03-19 06:36:16,612 [s0@group-2AD7074A39E5-FollowerState] INFO  server.RaftServerConfigKeys (ConfUtils.java:logFallback(53)) - raft.server.rpc.first-election.timeout.min = 150ms (fallback to raft.server.rpc.timeout.min)
2023-03-19 06:36:16,612 [s0@group-2AD7074A39E5-FollowerState] INFO  server.RaftServerConfigKeys (ConfUtils.java:logFallback(53)) - raft.server.rpc.first-election.timeout.max = 300ms (fallback to raft.server.rpc.timeout.max)
2023-03-19 06:36:16,612 [Time-limited test] INFO  server.RaftServer (RaftServerProxy.java:startImpl(401)) - s0: start RPC server
2023-03-19 06:36:16,618 [Time-limited test] INFO  server.GrpcService (GrpcService.java:startImpl(302)) - s0: GrpcService started, listening on 45363
2023-03-19 06:36:16,619 [Time-limited test] INFO  server.GrpcService (GrpcService.java:startImpl(302)) - s0: GrpcService started, listening on 35127
2023-03-19 06:36:16,623 [Time-limited test] INFO  server.GrpcService (GrpcService.java:startImpl(302)) - s0: GrpcService started, listening on 41817
2023-03-19 06:36:16,624 [JvmPauseMonitor9] INFO  util.JvmPauseMonitor (JvmPauseMonitor.java:run(103)) - JvmPauseMonitor-s0: Started
2023-03-19 06:36:16,624 [Time-limited test] INFO  server.RaftServerConfigKeys (ConfUtils.java:logGet(46)) - raft.server.rpc.timeout.max = 300ms (default)
2023-03-19 06:36:16,624 [Time-limited test] INFO  ratis.RaftTestUtil (RaftTestUtil.java:waitForLeader(100)) - printing ALL groups
  s0:  RUNNING  FOLLOWER s0@group-2AD7074A39E5:t0, leader=null, voted=, raftlog=Memoized:s0@group-2AD7074A39E5-SegmentedRaftLog:OPENED:c-1, conf=-1: peers:[s0|rpc:localhost:35127|admin:localhost:41817|client:localhost:45363|dataStream:localhost:44295|priority:0|startupRole:FOLLOWER]|listeners:[], old=null RUNNING
2023-03-19 06:36:16,625 [Time-limited test] WARN  ratis.RaftTestUtil (JavaUtils.java:attempt(217)) - FAILED "waitForLeader-null-(expectLeader? true)", attempt #1/100: java.lang.IllegalStateException: No leader yet : printing ALL groups
  s0:  RUNNING  FOLLOWER s0@group-2AD7074A39E5:t0, leader=null, voted=, raftlog=Memoized:s0@group-2AD7074A39E5-SegmentedRaftLog:OPENED:c-1, conf=-1: peers:[s0|rpc:localhost:35127|admin:localhost:41817|client:localhost:45363|dataStream:localhost:44295|priority:0|startupRole:FOLLOWER]|listeners:[], old=null RUNNING, sleep 450ms and then retry.
java.lang.IllegalStateException: No leader yet : printing ALL groups
  s0:  RUNNING  FOLLOWER s0@group-2AD7074A39E5:t0, leader=null, voted=, raftlog=Memoized:s0@group-2AD7074A39E5-SegmentedRaftLog:OPENED:c-1, conf=-1: peers:[s0|rpc:localhost:35127|admin:localhost:41817|client:localhost:45363|dataStream:localhost:44295|priority:0|startupRole:FOLLOWER]|listeners:[], old=null RUNNING
	at org.apache.ratis.server.impl.MiniRaftCluster.newIllegalStateExceptionForNoLeaders(MiniRaftCluster.java:581)
	at org.apache.ratis.RaftTestUtil.lambda$waitForLeader$1(RaftTestUtil.java:104)
	at org.apache.ratis.server.impl.MiniRaftCluster.getLeader(MiniRaftCluster.java:615)
	at org.apache.ratis.server.impl.MiniRaftCluster.getLeader(MiniRaftCluster.java:608)
	at org.apache.ratis.RaftTestUtil.lambda$waitForLeader$3(RaftTestUtil.java:112)
	at org.apache.ratis.util.JavaUtils.attempt(JavaUtils.java:211)
	at org.apache.ratis.util.JavaUtils.attemptRepeatedly(JavaUtils.java:197)
	at org.apache.ratis.RaftTestUtil.waitForLeader(RaftTestUtil.java:111)
	at org.apache.ratis.RaftTestUtil.waitForLeader(RaftTestUtil.java:92)
	at org.apache.ratis.RaftTestUtil.waitForLeader(RaftTestUtil.java:87)
	at org.apache.ratis.InstallSnapshotFromLeaderTests.testMultiFileInstallSnapshot(InstallSnapshotFromLeaderTests.java:92)
	at org.apache.ratis.server.impl.MiniRaftCluster$Factory$Get.runWithNewCluster(MiniRaftCluster.java:141)
	at org.apache.ratis.server.impl.MiniRaftCluster$Factory$Get.runWithNewCluster(MiniRaftCluster.java:121)
	at org.apache.ratis.InstallSnapshotFromLeaderTests.testSeparateSnapshotInstallPath(InstallSnapshotFromLeaderTests.java:86)
	at java.base/jdk.internal.reflect.NativeMethodAccessorImpl.invoke0(Native Method)
	at java.base/jdk.internal.reflect.NativeMethodAccessorImpl.invoke(NativeMethodAccessorImpl.java:62)
	at java.base/jdk.internal.reflect.DelegatingMethodAccessorImpl.invoke(DelegatingMethodAccessorImpl.java:43)
	at java.base/java.lang.reflect.Method.invoke(Method.java:566)
	at org.junit.runners.model.FrameworkMethod$1.runReflectiveCall(FrameworkMethod.java:59)
	at org.junit.internal.runners.model.ReflectiveCallable.run(ReflectiveCallable.java:12)
	at org.junit.runners.model.FrameworkMethod.invokeExplosively(FrameworkMethod.java:56)
	at org.junit.internal.runners.statements.InvokeMethod.evaluate(InvokeMethod.java:17)
	at org.junit.internal.runners.statements.RunAfters.evaluate(RunAfters.java:27)
	at org.junit.internal.runners.statements.FailOnTimeout$CallableStatement.call(FailOnTimeout.java:299)
	at org.junit.internal.runners.statements.FailOnTimeout$CallableStatement.call(FailOnTimeout.java:293)
	at java.base/java.util.concurrent.FutureTask.run(FutureTask.java:264)
	at java.base/java.lang.Thread.run(Thread.java:829)
2023-03-19 06:36:16,830 [s0@group-2AD7074A39E5-FollowerState] INFO  impl.FollowerState (FollowerState.java:run(143)) - s0@group-2AD7074A39E5-FollowerState: change to CANDIDATE, lastRpcElapsedTime:219469003ns, electionTimeout:218ms
2023-03-19 06:36:16,830 [s0@group-2AD7074A39E5-FollowerState] INFO  impl.RoleInfo (RoleInfo.java:shutdownFollowerState(110)) - s0: shutdown s0@group-2AD7074A39E5-FollowerState
2023-03-19 06:36:16,830 [s0@group-2AD7074A39E5-FollowerState] INFO  server.RaftServer$Division (RaftServerImpl.java:setRole(329)) - s0@group-2AD7074A39E5: changes role from  FOLLOWER to CANDIDATE at term 0 for changeToCandidate
2023-03-19 06:36:16,831 [s0@group-2AD7074A39E5-FollowerState] INFO  server.RaftServerConfigKeys (ConfUtils.java:logGet(46)) - raft.server.leaderelection.pre-vote = true (default)
2023-03-19 06:36:16,831 [s0@group-2AD7074A39E5-FollowerState] INFO  impl.RoleInfo (RoleInfo.java:updateAndGet(139)) - s0: start s0@group-2AD7074A39E5-LeaderElection4
2023-03-19 06:36:16,834 [s0@group-2AD7074A39E5-LeaderElection4] INFO  impl.LeaderElection (LeaderElection.java:askForVotes(320)) - s0@group-2AD7074A39E5-LeaderElection4 PRE_VOTE round 0: submit vote requests at term 0 for -1: peers:[s0|rpc:localhost:35127|admin:localhost:41817|client:localhost:45363|dataStream:localhost:44295|priority:0|startupRole:FOLLOWER]|listeners:[], old=null
2023-03-19 06:36:16,835 [s0@group-2AD7074A39E5-LeaderElection4] INFO  impl.LeaderElection (LeaderElection.java:askForVotes(322)) - s0@group-2AD7074A39E5-LeaderElection4 PRE_VOTE round 0: result PASSED (term=0)
2023-03-19 06:36:16,837 [s0@group-2AD7074A39E5-LeaderElection4] INFO  impl.LeaderElection (LeaderElection.java:askForVotes(320)) - s0@group-2AD7074A39E5-LeaderElection4 ELECTION round 0: submit vote requests at term 1 for -1: peers:[s0|rpc:localhost:35127|admin:localhost:41817|client:localhost:45363|dataStream:localhost:44295|priority:0|startupRole:FOLLOWER]|listeners:[], old=null
2023-03-19 06:36:16,837 [s0@group-2AD7074A39E5-LeaderElection4] INFO  impl.LeaderElection (LeaderElection.java:askForVotes(322)) - s0@group-2AD7074A39E5-LeaderElection4 ELECTION round 0: result PASSED (term=1)
2023-03-19 06:36:16,837 [s0@group-2AD7074A39E5-LeaderElection4] INFO  impl.RoleInfo (RoleInfo.java:shutdownLeaderElection(130)) - s0: shutdown s0@group-2AD7074A39E5-LeaderElection4
2023-03-19 06:36:16,837 [s0@group-2AD7074A39E5-LeaderElection4] INFO  server.RaftServer$Division (RaftServerImpl.java:setRole(329)) - s0@group-2AD7074A39E5: changes role from CANDIDATE to LEADER at term 1 for changeToLeader
2023-03-19 06:36:16,837 [s0@group-2AD7074A39E5-LeaderElection4] INFO  server.RaftServer$Division (ServerState.java:setLeader(260)) - s0@group-2AD7074A39E5: change Leader from null to s0 at term 1 for becomeLeader, leader elected after 255ms
2023-03-19 06:36:16,837 [s0@group-2AD7074A39E5-LeaderElection4] INFO  server.RaftServerConfigKeys (ConfUtils.java:logGet(46)) - raft.server.staging.catchup.gap = 1000 (default)
2023-03-19 06:36:16,837 [s0@group-2AD7074A39E5-LeaderElection4] INFO  server.RaftServerConfigKeys (ConfUtils.java:logGet(46)) - raft.server.write.element-limit = 4096 (default)
2023-03-19 06:36:16,837 [s0@group-2AD7074A39E5-LeaderElection4] INFO  server.RaftServerConfigKeys (ConfUtils.java:logGet(46)) - raft.server.write.byte-limit = 64MB (=67108864) (default)
2023-03-19 06:36:16,838 [s0@group-2AD7074A39E5-LeaderElection4] INFO  server.RaftServerConfigKeys (ConfUtils.java:logGet(46)) - raft.server.watch.timeout = 10s (default)
2023-03-19 06:36:16,838 [s0@group-2AD7074A39E5-LeaderElection4] INFO  server.RaftServerConfigKeys (ConfUtils.java:logGet(46)) - raft.server.watch.timeout.denomination = 1s (default)
2023-03-19 06:36:16,838 [s0@group-2AD7074A39E5-LeaderElection4] INFO  server.RaftServerConfigKeys (ConfUtils.java:logGet(46)) - raft.server.watch.element-limit = 65536 (default)
2023-03-19 06:36:16,838 [s0@group-2AD7074A39E5-LeaderElection4] INFO  server.RaftServerConfigKeys (ConfUtils.java:logGet(46)) - raft.server.write.element-limit = 4096 (default)
2023-03-19 06:36:16,838 [s0@group-2AD7074A39E5-LeaderElection4] INFO  server.RaftServerConfigKeys (ConfUtils.java:logGet(46)) - raft.server.write.follower.gap.ratio.max = -1.0 (default)
2023-03-19 06:36:16,838 [s0@group-2AD7074A39E5-LeaderElection4] INFO  impl.RoleInfo (RoleInfo.java:updateAndGet(139)) - s0: start s0@group-2AD7074A39E5-LeaderStateImpl
2023-03-19 06:36:16,838 [s0@group-2AD7074A39E5-LeaderElection4] INFO  segmented.SegmentedRaftLogWorker (SegmentedRaftLogWorker.java:startLogSegment(426)) - s0@group-2AD7074A39E5-SegmentedRaftLogWorker: Starting segment from index:0
2023-03-19 06:36:16,850 [s0@group-2AD7074A39E5-LeaderElection4] INFO  server.RaftServer$Division (ServerState.java:setRaftConf(377)) - s0@group-2AD7074A39E5: set configuration 0: peers:[s0|rpc:localhost:35127|admin:localhost:41817|client:localhost:45363|dataStream:localhost:44295|priority:0|startupRole:FOLLOWER]|listeners:[], old=null
2023-03-19 06:36:16,850 [s0@group-2AD7074A39E5-SegmentedRaftLogWorker] INFO  segmented.SegmentedRaftLogWorker (SegmentedRaftLogWorker.java:execute(630)) - s0@group-2AD7074A39E5-SegmentedRaftLogWorker: created new log segment /home/runner/work/ratis/ratis/ratis-test/target/test/data/c32c3602/MiniRaftClusterWithGrpc44095df7/s0/5d6b88c2-97dd-4192-a7f2-2ad7074a39e5/current/log_inprogress_0
2023-03-19 06:36:17,075 [Time-limited test] INFO  ratis.RaftTestUtil (RaftTestUtil.java:waitForLeader(119)) - printing ALL groups
  s0:  RUNNING    LEADER s0@group-2AD7074A39E5:t1, leader=s0, voted=s0, raftlog=Memoized:s0@group-2AD7074A39E5-SegmentedRaftLog:OPENED:c0, conf=0: peers:[s0|rpc:localhost:35127|admin:localhost:41817|client:localhost:45363|dataStream:localhost:44295|priority:0|startupRole:FOLLOWER]|listeners:[], old=null RUNNING
2023-03-19 06:36:17,088 [s0@group-2AD7074A39E5-StateMachineUpdater] INFO  impl.SimpleStateMachine4Testing (SimpleStateMachine4Testing.java:put(205)) - s0: put 1, m0 -> (t:1, i:1), STATEMACHINELOGENTRY, 387@client-8E9097D621C9
2023-03-19 06:36:17,094 [s0@group-2AD7074A39E5-StateMachineUpdater] INFO  impl.SimpleStateMachine4Testing (SimpleStateMachine4Testing.java:put(205)) - s0: put 3, m1 -> (t:1, i:3), STATEMACHINELOGENTRY, 388@client-8E9097D621C9
2023-03-19 06:36:17,097 [s0@group-2AD7074A39E5-StateMachineUpdater] INFO  impl.SimpleStateMachine4Testing (SimpleStateMachine4Testing.java:put(205)) - s0: put 5, m2 -> (t:1, i:5), STATEMACHINELOGENTRY, 389@client-8E9097D621C9
2023-03-19 06:36:17,112 [s0@group-2AD7074A39E5-StateMachineUpdater] INFO  impl.SimpleStateMachine4Testing (SimpleStateMachine4Testing.java:put(205)) - s0: put 7, m3 -> (t:1, i:7), STATEMACHINELOGENTRY, 390@client-8E9097D621C9
2023-03-19 06:36:17,115 [s0@group-2AD7074A39E5-StateMachineUpdater] INFO  impl.SimpleStateMachine4Testing (SimpleStateMachine4Testing.java:put(205)) - s0: put 9, m4 -> (t:1, i:9), STATEMACHINELOGENTRY, 391@client-8E9097D621C9
2023-03-19 06:36:17,127 [s0@group-2AD7074A39E5-StateMachineUpdater] INFO  impl.SimpleStateMachine4Testing (SimpleStateMachine4Testing.java:put(205)) - s0: put 11, m5 -> (t:1, i:11), STATEMACHINELOGENTRY, 392@client-8E9097D621C9
2023-03-19 06:36:17,129 [s0@group-2AD7074A39E5-StateMachineUpdater] INFO  impl.SimpleStateMachine4Testing (SimpleStateMachine4Testing.java:put(205)) - s0: put 13, m6 -> (t:1, i:13), STATEMACHINELOGENTRY, 393@client-8E9097D621C9
2023-03-19 06:36:17,136 [s0@group-2AD7074A39E5-StateMachineUpdater] INFO  impl.SimpleStateMachine4Testing (SimpleStateMachine4Testing.java:put(205)) - s0: put 15, m7 -> (t:1, i:15), STATEMACHINELOGENTRY, 394@client-8E9097D621C9
2023-03-19 06:36:17,140 [s0@group-2AD7074A39E5-StateMachineUpdater] INFO  impl.SimpleStateMachine4Testing (SimpleStateMachine4Testing.java:put(205)) - s0: put 17, m8 -> (t:1, i:17), STATEMACHINELOGENTRY, 395@client-8E9097D621C9
2023-03-19 06:36:17,142 [s0@group-2AD7074A39E5-StateMachineUpdater] INFO  impl.SimpleStateMachine4Testing (SimpleStateMachine4Testing.java:put(205)) - s0: put 19, m9 -> (t:1, i:19), STATEMACHINELOGENTRY, 396@client-8E9097D621C9
2023-03-19 06:36:17,148 [s0@group-2AD7074A39E5-StateMachineUpdater] INFO  impl.SimpleStateMachine4Testing (SimpleStateMachine4Testing.java:put(205)) - s0: put 21, m10 -> (t:1, i:21), STATEMACHINELOGENTRY, 397@client-8E9097D621C9
2023-03-19 06:36:17,152 [s0@group-2AD7074A39E5-StateMachineUpdater] INFO  impl.SimpleStateMachine4Testing (SimpleStateMachine4Testing.java:put(205)) - s0: put 23, m11 -> (t:1, i:23), STATEMACHINELOGENTRY, 398@client-8E9097D621C9
2023-03-19 06:36:17,158 [s0@group-2AD7074A39E5-StateMachineUpdater] INFO  impl.SimpleStateMachine4Testing (SimpleStateMachine4Testing.java:put(205)) - s0: put 25, m12 -> (t:1, i:25), STATEMACHINELOGENTRY, 399@client-8E9097D621C9
2023-03-19 06:36:17,163 [s0@group-2AD7074A39E5-StateMachineUpdater] INFO  impl.SimpleStateMachine4Testing (SimpleStateMachine4Testing.java:put(205)) - s0: put 27, m13 -> (t:1, i:27), STATEMACHINELOGENTRY, 400@client-8E9097D621C9
2023-03-19 06:36:17,166 [s0@group-2AD7074A39E5-StateMachineUpdater] INFO  impl.SimpleStateMachine4Testing (SimpleStateMachine4Testing.java:put(205)) - s0: put 29, m14 -> (t:1, i:29), STATEMACHINELOGENTRY, 401@client-8E9097D621C9
2023-03-19 06:36:17,168 [s0@group-2AD7074A39E5-StateMachineUpdater] INFO  impl.SimpleStateMachine4Testing (SimpleStateMachine4Testing.java:put(205)) - s0: put 31, m15 -> (t:1, i:31), STATEMACHINELOGENTRY, 402@client-8E9097D621C9
2023-03-19 06:36:17,175 [s0@group-2AD7074A39E5-StateMachineUpdater] INFO  impl.SimpleStateMachine4Testing (SimpleStateMachine4Testing.java:put(205)) - s0: put 33, m16 -> (t:1, i:33), STATEMACHINELOGENTRY, 403@client-8E9097D621C9
2023-03-19 06:36:17,178 [s0@group-2AD7074A39E5-StateMachineUpdater] INFO  impl.SimpleStateMachine4Testing (SimpleStateMachine4Testing.java:put(205)) - s0: put 35, m17 -> (t:1, i:35), STATEMACHINELOGENTRY, 404@client-8E9097D621C9
2023-03-19 06:36:17,181 [s0@group-2AD7074A39E5-StateMachineUpdater] INFO  impl.SimpleStateMachine4Testing (SimpleStateMachine4Testing.java:put(205)) - s0: put 37, m18 -> (t:1, i:37), STATEMACHINELOGENTRY, 405@client-8E9097D621C9
2023-03-19 06:36:17,184 [s0@group-2AD7074A39E5-StateMachineUpdater] INFO  impl.SimpleStateMachine4Testing (SimpleStateMachine4Testing.java:put(205)) - s0: put 39, m19 -> (t:1, i:39), STATEMACHINELOGENTRY, 406@client-8E9097D621C9
2023-03-19 06:36:17,187 [s0@group-2AD7074A39E5-StateMachineUpdater] INFO  impl.SimpleStateMachine4Testing (SimpleStateMachine4Testing.java:put(205)) - s0: put 41, m20 -> (t:1, i:41), STATEMACHINELOGENTRY, 407@client-8E9097D621C9
2023-03-19 06:36:17,190 [s0@group-2AD7074A39E5-StateMachineUpdater] INFO  impl.SimpleStateMachine4Testing (SimpleStateMachine4Testing.java:put(205)) - s0: put 43, m21 -> (t:1, i:43), STATEMACHINELOGENTRY, 408@client-8E9097D621C9
2023-03-19 06:36:17,193 [s0@group-2AD7074A39E5-StateMachineUpdater] INFO  impl.SimpleStateMachine4Testing (SimpleStateMachine4Testing.java:put(205)) - s0: put 45, m22 -> (t:1, i:45), STATEMACHINELOGENTRY, 409@client-8E9097D621C9
2023-03-19 06:36:17,196 [s0@group-2AD7074A39E5-StateMachineUpdater] INFO  impl.SimpleStateMachine4Testing (SimpleStateMachine4Testing.java:put(205)) - s0: put 47, m23 -> (t:1, i:47), STATEMACHINELOGENTRY, 410@client-8E9097D621C9
2023-03-19 06:36:17,199 [s0@group-2AD7074A39E5-StateMachineUpdater] INFO  impl.SimpleStateMachine4Testing (SimpleStateMachine4Testing.java:put(205)) - s0: put 49, m24 -> (t:1, i:49), STATEMACHINELOGENTRY, 411@client-8E9097D621C9
2023-03-19 06:36:17,202 [s0@group-2AD7074A39E5-StateMachineUpdater] INFO  impl.SimpleStateMachine4Testing (SimpleStateMachine4Testing.java:put(205)) - s0: put 51, m25 -> (t:1, i:51), STATEMACHINELOGENTRY, 412@client-8E9097D621C9
2023-03-19 06:36:17,205 [s0@group-2AD7074A39E5-StateMachineUpdater] INFO  impl.SimpleStateMachine4Testing (SimpleStateMachine4Testing.java:put(205)) - s0: put 53, m26 -> (t:1, i:53), STATEMACHINELOGENTRY, 413@client-8E9097D621C9
2023-03-19 06:36:17,208 [s0@group-2AD7074A39E5-StateMachineUpdater] INFO  impl.SimpleStateMachine4Testing (SimpleStateMachine4Testing.java:put(205)) - s0: put 55, m27 -> (t:1, i:55), STATEMACHINELOGENTRY, 414@client-8E9097D621C9
2023-03-19 06:36:17,211 [s0@group-2AD7074A39E5-StateMachineUpdater] INFO  impl.SimpleStateMachine4Testing (SimpleStateMachine4Testing.java:put(205)) - s0: put 57, m28 -> (t:1, i:57), STATEMACHINELOGENTRY, 415@client-8E9097D621C9
2023-03-19 06:36:17,213 [s0@group-2AD7074A39E5-StateMachineUpdater] INFO  impl.SimpleStateMachine4Testing (SimpleStateMachine4Testing.java:put(205)) - s0: put 59, m29 -> (t:1, i:59), STATEMACHINELOGENTRY, 416@client-8E9097D621C9
2023-03-19 06:36:17,216 [s0@group-2AD7074A39E5-StateMachineUpdater] INFO  impl.SimpleStateMachine4Testing (SimpleStateMachine4Testing.java:put(205)) - s0: put 61, m30 -> (t:1, i:61), STATEMACHINELOGENTRY, 417@client-8E9097D621C9
2023-03-19 06:36:17,219 [s0@group-2AD7074A39E5-StateMachineUpdater] INFO  impl.SimpleStateMachine4Testing (SimpleStateMachine4Testing.java:put(205)) - s0: put 63, m31 -> (t:1, i:63), STATEMACHINELOGENTRY, 418@client-8E9097D621C9
2023-03-19 06:36:17,220 [s0@group-2AD7074A39E5-StateMachineUpdater] TRACE util.FileUtils (FileUtils.java:deleteFully(201)) - deleteFully /tmp/ratis-tests/statemachine/s0/snapshot/1_63
2023-03-19 06:36:17,220 [s0@group-2AD7074A39E5-StateMachineUpdater] TRACE util.FileUtils (FileUtils.java:deleteFully(217)) - deleteFully: /tmp/ratis-tests/statemachine/s0/snapshot/1_63 does not exist.
2023-03-19 06:36:17,220 [s0@group-2AD7074A39E5-StateMachineUpdater] TRACE util.FileUtils (FileUtils.java:deleteFully(201)) - deleteFully /tmp/ratis-tests/statemachine/s0/tmp/dff77338-3e5b-4d34-86b2-a21cda8cbd9f
2023-03-19 06:36:17,220 [s0@group-2AD7074A39E5-StateMachineUpdater] TRACE util.FileUtils (FileUtils.java:deleteFully(217)) - deleteFully: /tmp/ratis-tests/statemachine/s0/tmp/dff77338-3e5b-4d34-86b2-a21cda8cbd9f does not exist.
2023-03-19 06:36:17,220 [s0@group-2AD7074A39E5-StateMachineUpdater] TRACE util.FileUtils (LogUtils.java:runAndLog(49)) - Successfully ran Atomic Files.move /tmp/ratis-tests/statemachine/s0/tmp/dff77338-3e5b-4d34-86b2-a21cda8cbd9f to /tmp/ratis-tests/statemachine/s0/snapshot/1_63
2023-03-19 06:36:17,220 [s0@group-2AD7074A39E5-StateMachineUpdater] INFO  impl.StateMachineUpdater (StateMachineUpdater.java:takeSnapshot(290)) - s0@group-2AD7074A39E5-StateMachineUpdater: Took a snapshot at index 63
2023-03-19 06:36:17,220 [s0@group-2AD7074A39E5-StateMachineUpdater] INFO  impl.StateMachineUpdater (StateMachineUpdater.java:lambda$new$0(96)) - s0@group-2AD7074A39E5-StateMachineUpdater: snapshotIndex: updateIncreasingly -1 -> 63
2023-03-19 06:36:17,220 [s0@group-2AD7074A39E5-StateMachineUpdater] INFO  raftlog.RaftLog (RaftLogBase.java:purge(314)) - s0@group-2AD7074A39E5-SegmentedRaftLog: purge 63
2023-03-19 06:36:17,221 [s0@group-2AD7074A39E5-StateMachineUpdater] INFO  raftlog.RaftLog (RaftLogBase.java:lambda$new$0(53)) - s0@group-2AD7074A39E5-SegmentedRaftLog: snapshotIndex: updateIncreasingly -1 -> 63
2023-03-19 06:36:17,221 [s0@group-2AD7074A39E5-StateMachineUpdater] INFO  raftlog.RaftLog (RaftLogBase.java:lambda$new$0(53)) - s0@group-2AD7074A39E5-SegmentedRaftLog: purgeIndex: updateToMax old=-1, new=63, updated? true
2023-03-19 06:36:17,224 [s0@group-2AD7074A39E5-StateMachineUpdater] INFO  impl.SimpleStateMachine4Testing (SimpleStateMachine4Testing.java:put(205)) - s0: put 65, m32 -> (t:1, i:65), STATEMACHINELOGENTRY, 419@client-8E9097D621C9
2023-03-19 06:36:17,227 [s0@group-2AD7074A39E5-StateMachineUpdater] INFO  impl.SimpleStateMachine4Testing (SimpleStateMachine4Testing.java:put(205)) - s0: put 67, m33 -> (t:1, i:67), STATEMACHINELOGENTRY, 420@client-8E9097D621C9
2023-03-19 06:36:17,230 [s0@group-2AD7074A39E5-StateMachineUpdater] INFO  impl.SimpleStateMachine4Testing (SimpleStateMachine4Testing.java:put(205)) - s0: put 69, m34 -> (t:1, i:69), STATEMACHINELOGENTRY, 421@client-8E9097D621C9
2023-03-19 06:36:17,234 [s0@group-2AD7074A39E5-StateMachineUpdater] INFO  impl.SimpleStateMachine4Testing (SimpleStateMachine4Testing.java:put(205)) - s0: put 71, m35 -> (t:1, i:71), STATEMACHINELOGENTRY, 422@client-8E9097D621C9
2023-03-19 06:36:17,240 [s0@group-2AD7074A39E5-StateMachineUpdater] INFO  impl.SimpleStateMachine4Testing (SimpleStateMachine4Testing.java:put(205)) - s0: put 73, m36 -> (t:1, i:73), STATEMACHINELOGENTRY, 423@client-8E9097D621C9
2023-03-19 06:36:17,244 [s0@group-2AD7074A39E5-StateMachineUpdater] INFO  impl.SimpleStateMachine4Testing (SimpleStateMachine4Testing.java:put(205)) - s0: put 75, m37 -> (t:1, i:75), STATEMACHINELOGENTRY, 424@client-8E9097D621C9
2023-03-19 06:36:17,247 [s0@group-2AD7074A39E5-StateMachineUpdater] INFO  impl.SimpleStateMachine4Testing (SimpleStateMachine4Testing.java:put(205)) - s0: put 77, m38 -> (t:1, i:77), STATEMACHINELOGENTRY, 425@client-8E9097D621C9
2023-03-19 06:36:17,251 [s0@group-2AD7074A39E5-StateMachineUpdater] INFO  impl.SimpleStateMachine4Testing (SimpleStateMachine4Testing.java:put(205)) - s0: put 79, m39 -> (t:1, i:79), STATEMACHINELOGENTRY, 426@client-8E9097D621C9
2023-03-19 06:36:17,262 [s0@group-2AD7074A39E5-StateMachineUpdater] INFO  impl.SimpleStateMachine4Testing (SimpleStateMachine4Testing.java:put(205)) - s0: put 81, m40 -> (t:1, i:81), STATEMACHINELOGENTRY, 427@client-8E9097D621C9
2023-03-19 06:36:17,265 [s0@group-2AD7074A39E5-StateMachineUpdater] INFO  impl.SimpleStateMachine4Testing (SimpleStateMachine4Testing.java:put(205)) - s0: put 83, m41 -> (t:1, i:83), STATEMACHINELOGENTRY, 428@client-8E9097D621C9
2023-03-19 06:36:17,269 [s0@group-2AD7074A39E5-StateMachineUpdater] INFO  impl.SimpleStateMachine4Testing (SimpleStateMachine4Testing.java:put(205)) - s0: put 85, m42 -> (t:1, i:85), STATEMACHINELOGENTRY, 429@client-8E9097D621C9
2023-03-19 06:36:17,272 [s0@group-2AD7074A39E5-StateMachineUpdater] INFO  impl.SimpleStateMachine4Testing (SimpleStateMachine4Testing.java:put(205)) - s0: put 87, m43 -> (t:1, i:87), STATEMACHINELOGENTRY, 430@client-8E9097D621C9
2023-03-19 06:36:17,275 [s0@group-2AD7074A39E5-StateMachineUpdater] INFO  impl.SimpleStateMachine4Testing (SimpleStateMachine4Testing.java:put(205)) - s0: put 89, m44 -> (t:1, i:89), STATEMACHINELOGENTRY, 431@client-8E9097D621C9
2023-03-19 06:36:17,287 [s0@group-2AD7074A39E5-StateMachineUpdater] INFO  impl.SimpleStateMachine4Testing (SimpleStateMachine4Testing.java:put(205)) - s0: put 91, m45 -> (t:1, i:91), STATEMACHINELOGENTRY, 432@client-8E9097D621C9
2023-03-19 06:36:17,296 [s0@group-2AD7074A39E5-StateMachineUpdater] INFO  impl.SimpleStateMachine4Testing (SimpleStateMachine4Testing.java:put(205)) - s0: put 93, m46 -> (t:1, i:93), STATEMACHINELOGENTRY, 433@client-8E9097D621C9
2023-03-19 06:36:17,300 [s0@group-2AD7074A39E5-StateMachineUpdater] INFO  impl.SimpleStateMachine4Testing (SimpleStateMachine4Testing.java:put(205)) - s0: put 95, m47 -> (t:1, i:95), STATEMACHINELOGENTRY, 434@client-8E9097D621C9
2023-03-19 06:36:17,303 [s0@group-2AD7074A39E5-StateMachineUpdater] INFO  impl.SimpleStateMachine4Testing (SimpleStateMachine4Testing.java:put(205)) - s0: put 97, m48 -> (t:1, i:97), STATEMACHINELOGENTRY, 435@client-8E9097D621C9
2023-03-19 06:36:17,305 [s0@group-2AD7074A39E5-StateMachineUpdater] INFO  impl.SimpleStateMachine4Testing (SimpleStateMachine4Testing.java:put(205)) - s0: put 99, m49 -> (t:1, i:99), STATEMACHINELOGENTRY, 436@client-8E9097D621C9
2023-03-19 06:36:17,308 [s0@group-2AD7074A39E5-StateMachineUpdater] INFO  impl.SimpleStateMachine4Testing (SimpleStateMachine4Testing.java:put(205)) - s0: put 101, m50 -> (t:1, i:101), STATEMACHINELOGENTRY, 437@client-8E9097D621C9
2023-03-19 06:36:17,310 [s0@group-2AD7074A39E5-StateMachineUpdater] INFO  impl.SimpleStateMachine4Testing (SimpleStateMachine4Testing.java:put(205)) - s0: put 103, m51 -> (t:1, i:103), STATEMACHINELOGENTRY, 438@client-8E9097D621C9
2023-03-19 06:36:17,312 [s0@group-2AD7074A39E5-StateMachineUpdater] INFO  impl.SimpleStateMachine4Testing (SimpleStateMachine4Testing.java:put(205)) - s0: put 105, m52 -> (t:1, i:105), STATEMACHINELOGENTRY, 439@client-8E9097D621C9
2023-03-19 06:36:17,315 [s0@group-2AD7074A39E5-StateMachineUpdater] INFO  impl.SimpleStateMachine4Testing (SimpleStateMachine4Testing.java:put(205)) - s0: put 107, m53 -> (t:1, i:107), STATEMACHINELOGENTRY, 440@client-8E9097D621C9
2023-03-19 06:36:17,317 [s0@group-2AD7074A39E5-StateMachineUpdater] INFO  impl.SimpleStateMachine4Testing (SimpleStateMachine4Testing.java:put(205)) - s0: put 109, m54 -> (t:1, i:109), STATEMACHINELOGENTRY, 441@client-8E9097D621C9
2023-03-19 06:36:17,319 [s0@group-2AD7074A39E5-StateMachineUpdater] INFO  impl.SimpleStateMachine4Testing (SimpleStateMachine4Testing.java:put(205)) - s0: put 111, m55 -> (t:1, i:111), STATEMACHINELOGENTRY, 442@client-8E9097D621C9
2023-03-19 06:36:17,321 [s0@group-2AD7074A39E5-StateMachineUpdater] INFO  impl.SimpleStateMachine4Testing (SimpleStateMachine4Testing.java:put(205)) - s0: put 113, m56 -> (t:1, i:113), STATEMACHINELOGENTRY, 443@client-8E9097D621C9
2023-03-19 06:36:17,324 [s0@group-2AD7074A39E5-StateMachineUpdater] INFO  impl.SimpleStateMachine4Testing (SimpleStateMachine4Testing.java:put(205)) - s0: put 115, m57 -> (t:1, i:115), STATEMACHINELOGENTRY, 444@client-8E9097D621C9
2023-03-19 06:36:17,332 [s0@group-2AD7074A39E5-StateMachineUpdater] INFO  impl.SimpleStateMachine4Testing (SimpleStateMachine4Testing.java:put(205)) - s0: put 117, m58 -> (t:1, i:117), STATEMACHINELOGENTRY, 445@client-8E9097D621C9
2023-03-19 06:36:17,342 [s0@group-2AD7074A39E5-StateMachineUpdater] INFO  impl.SimpleStateMachine4Testing (SimpleStateMachine4Testing.java:put(205)) - s0: put 119, m59 -> (t:1, i:119), STATEMACHINELOGENTRY, 446@client-8E9097D621C9
2023-03-19 06:36:17,344 [s0@group-2AD7074A39E5-StateMachineUpdater] INFO  impl.SimpleStateMachine4Testing (SimpleStateMachine4Testing.java:put(205)) - s0: put 121, m60 -> (t:1, i:121), STATEMACHINELOGENTRY, 447@client-8E9097D621C9
2023-03-19 06:36:17,346 [s0@group-2AD7074A39E5-StateMachineUpdater] INFO  impl.SimpleStateMachine4Testing (SimpleStateMachine4Testing.java:put(205)) - s0: put 123, m61 -> (t:1, i:123), STATEMACHINELOGENTRY, 448@client-8E9097D621C9
2023-03-19 06:36:17,349 [s0@group-2AD7074A39E5-StateMachineUpdater] INFO  impl.SimpleStateMachine4Testing (SimpleStateMachine4Testing.java:put(205)) - s0: put 125, m62 -> (t:1, i:125), STATEMACHINELOGENTRY, 449@client-8E9097D621C9
2023-03-19 06:36:17,351 [s0@group-2AD7074A39E5-StateMachineUpdater] INFO  impl.SimpleStateMachine4Testing (SimpleStateMachine4Testing.java:put(205)) - s0: put 127, m63 -> (t:1, i:127), STATEMACHINELOGENTRY, 450@client-8E9097D621C9
2023-03-19 06:36:17,351 [s0@group-2AD7074A39E5-StateMachineUpdater] TRACE util.FileUtils (FileUtils.java:deleteFully(201)) - deleteFully /tmp/ratis-tests/statemachine/s0/snapshot/1_127
2023-03-19 06:36:17,351 [s0@group-2AD7074A39E5-StateMachineUpdater] TRACE util.FileUtils (FileUtils.java:deleteFully(217)) - deleteFully: /tmp/ratis-tests/statemachine/s0/snapshot/1_127 does not exist.
2023-03-19 06:36:17,351 [s0@group-2AD7074A39E5-StateMachineUpdater] TRACE util.FileUtils (FileUtils.java:deleteFully(201)) - deleteFully /tmp/ratis-tests/statemachine/s0/tmp/2fea395a-78f7-4289-b526-1346106bd259
2023-03-19 06:36:17,351 [s0@group-2AD7074A39E5-StateMachineUpdater] TRACE util.FileUtils (FileUtils.java:deleteFully(217)) - deleteFully: /tmp/ratis-tests/statemachine/s0/tmp/2fea395a-78f7-4289-b526-1346106bd259 does not exist.
2023-03-19 06:36:17,352 [s0@group-2AD7074A39E5-StateMachineUpdater] TRACE util.FileUtils (LogUtils.java:runAndLog(49)) - Successfully ran Atomic Files.move /tmp/ratis-tests/statemachine/s0/tmp/2fea395a-78f7-4289-b526-1346106bd259 to /tmp/ratis-tests/statemachine/s0/snapshot/1_127
2023-03-19 06:36:17,352 [s0@group-2AD7074A39E5-StateMachineUpdater] INFO  impl.StateMachineUpdater (StateMachineUpdater.java:takeSnapshot(290)) - s0@group-2AD7074A39E5-StateMachineUpdater: Took a snapshot at index 127
2023-03-19 06:36:17,352 [s0@group-2AD7074A39E5-StateMachineUpdater] INFO  impl.StateMachineUpdater (StateMachineUpdater.java:lambda$new$0(96)) - s0@group-2AD7074A39E5-StateMachineUpdater: snapshotIndex: updateIncreasingly 63 -> 127
2023-03-19 06:36:17,352 [s0@group-2AD7074A39E5-StateMachineUpdater] INFO  raftlog.RaftLog (RaftLogBase.java:purge(314)) - s0@group-2AD7074A39E5-SegmentedRaftLog: purge 127
2023-03-19 06:36:17,352 [s0@group-2AD7074A39E5-StateMachineUpdater] INFO  raftlog.RaftLog (RaftLogBase.java:lambda$new$0(53)) - s0@group-2AD7074A39E5-SegmentedRaftLog: snapshotIndex: updateIncreasingly 63 -> 127
2023-03-19 06:36:17,352 [s0@group-2AD7074A39E5-StateMachineUpdater] INFO  raftlog.RaftLog (RaftLogBase.java:lambda$new$0(53)) - s0@group-2AD7074A39E5-SegmentedRaftLog: purgeIndex: updateToMax old=63, new=127, updated? true
2023-03-19 06:36:17,354 [s0@group-2AD7074A39E5-StateMachineUpdater] INFO  impl.SimpleStateMachine4Testing (SimpleStateMachine4Testing.java:put(205)) - s0: put 129, m64 -> (t:1, i:129), STATEMACHINELOGENTRY, 451@client-8E9097D621C9
2023-03-19 06:36:17,356 [s0@group-2AD7074A39E5-StateMachineUpdater] INFO  impl.SimpleStateMachine4Testing (SimpleStateMachine4Testing.java:put(205)) - s0: put 131, m65 -> (t:1, i:131), STATEMACHINELOGENTRY, 452@client-8E9097D621C9
2023-03-19 06:36:17,359 [s0@group-2AD7074A39E5-StateMachineUpdater] INFO  impl.SimpleStateMachine4Testing (SimpleStateMachine4Testing.java:put(205)) - s0: put 133, m66 -> (t:1, i:133), STATEMACHINELOGENTRY, 453@client-8E9097D621C9
2023-03-19 06:36:17,361 [s0@group-2AD7074A39E5-StateMachineUpdater] INFO  impl.SimpleStateMachine4Testing (SimpleStateMachine4Testing.java:put(205)) - s0: put 135, m67 -> (t:1, i:135), STATEMACHINELOGENTRY, 454@client-8E9097D621C9
2023-03-19 06:36:17,364 [s0@group-2AD7074A39E5-StateMachineUpdater] INFO  impl.SimpleStateMachine4Testing (SimpleStateMachine4Testing.java:put(205)) - s0: put 137, m68 -> (t:1, i:137), STATEMACHINELOGENTRY, 455@client-8E9097D621C9
2023-03-19 06:36:17,367 [s0@group-2AD7074A39E5-StateMachineUpdater] INFO  impl.SimpleStateMachine4Testing (SimpleStateMachine4Testing.java:put(205)) - s0: put 139, m69 -> (t:1, i:139), STATEMACHINELOGENTRY, 456@client-8E9097D621C9
2023-03-19 06:36:17,369 [s0@group-2AD7074A39E5-StateMachineUpdater] INFO  impl.SimpleStateMachine4Testing (SimpleStateMachine4Testing.java:put(205)) - s0: put 141, m70 -> (t:1, i:141), STATEMACHINELOGENTRY, 457@client-8E9097D621C9
2023-03-19 06:36:17,371 [s0@group-2AD7074A39E5-StateMachineUpdater] INFO  impl.SimpleStateMachine4Testing (SimpleStateMachine4Testing.java:put(205)) - s0: put 143, m71 -> (t:1, i:143), STATEMACHINELOGENTRY, 458@client-8E9097D621C9
2023-03-19 06:36:17,373 [s0@group-2AD7074A39E5-StateMachineUpdater] INFO  impl.SimpleStateMachine4Testing (SimpleStateMachine4Testing.java:put(205)) - s0: put 145, m72 -> (t:1, i:145), STATEMACHINELOGENTRY, 459@client-8E9097D621C9
2023-03-19 06:36:17,376 [s0@group-2AD7074A39E5-StateMachineUpdater] INFO  impl.SimpleStateMachine4Testing (SimpleStateMachine4Testing.java:put(205)) - s0: put 147, m73 -> (t:1, i:147), STATEMACHINELOGENTRY, 460@client-8E9097D621C9
2023-03-19 06:36:17,378 [s0@group-2AD7074A39E5-StateMachineUpdater] INFO  impl.SimpleStateMachine4Testing (SimpleStateMachine4Testing.java:put(205)) - s0: put 149, m74 -> (t:1, i:149), STATEMACHINELOGENTRY, 461@client-8E9097D621C9
2023-03-19 06:36:17,380 [s0@group-2AD7074A39E5-StateMachineUpdater] INFO  impl.SimpleStateMachine4Testing (SimpleStateMachine4Testing.java:put(205)) - s0: put 151, m75 -> (t:1, i:151), STATEMACHINELOGENTRY, 462@client-8E9097D621C9
2023-03-19 06:36:17,382 [s0@group-2AD7074A39E5-StateMachineUpdater] INFO  impl.SimpleStateMachine4Testing (SimpleStateMachine4Testing.java:put(205)) - s0: put 153, m76 -> (t:1, i:153), STATEMACHINELOGENTRY, 463@client-8E9097D621C9
2023-03-19 06:36:17,384 [s0@group-2AD7074A39E5-StateMachineUpdater] INFO  impl.SimpleStateMachine4Testing (SimpleStateMachine4Testing.java:put(205)) - s0: put 155, m77 -> (t:1, i:155), STATEMACHINELOGENTRY, 464@client-8E9097D621C9
2023-03-19 06:36:17,387 [s0@group-2AD7074A39E5-StateMachineUpdater] INFO  impl.SimpleStateMachine4Testing (SimpleStateMachine4Testing.java:put(205)) - s0: put 157, m78 -> (t:1, i:157), STATEMACHINELOGENTRY, 465@client-8E9097D621C9
2023-03-19 06:36:17,392 [s0@group-2AD7074A39E5-StateMachineUpdater] INFO  impl.SimpleStateMachine4Testing (SimpleStateMachine4Testing.java:put(205)) - s0: put 159, m79 -> (t:1, i:159), STATEMACHINELOGENTRY, 466@client-8E9097D621C9
2023-03-19 06:36:17,394 [s0@group-2AD7074A39E5-StateMachineUpdater] INFO  impl.SimpleStateMachine4Testing (SimpleStateMachine4Testing.java:put(205)) - s0: put 161, m80 -> (t:1, i:161), STATEMACHINELOGENTRY, 467@client-8E9097D621C9
2023-03-19 06:36:17,397 [s0@group-2AD7074A39E5-StateMachineUpdater] INFO  impl.SimpleStateMachine4Testing (SimpleStateMachine4Testing.java:put(205)) - s0: put 163, m81 -> (t:1, i:163), STATEMACHINELOGENTRY, 468@client-8E9097D621C9
2023-03-19 06:36:17,399 [s0@group-2AD7074A39E5-StateMachineUpdater] INFO  impl.SimpleStateMachine4Testing (SimpleStateMachine4Testing.java:put(205)) - s0: put 165, m82 -> (t:1, i:165), STATEMACHINELOGENTRY, 469@client-8E9097D621C9
2023-03-19 06:36:17,401 [s0@group-2AD7074A39E5-StateMachineUpdater] INFO  impl.SimpleStateMachine4Testing (SimpleStateMachine4Testing.java:put(205)) - s0: put 167, m83 -> (t:1, i:167), STATEMACHINELOGENTRY, 470@client-8E9097D621C9
2023-03-19 06:36:17,406 [s0@group-2AD7074A39E5-StateMachineUpdater] INFO  impl.SimpleStateMachine4Testing (SimpleStateMachine4Testing.java:put(205)) - s0: put 169, m84 -> (t:1, i:169), STATEMACHINELOGENTRY, 471@client-8E9097D621C9
2023-03-19 06:36:17,411 [s0@group-2AD7074A39E5-StateMachineUpdater] INFO  impl.SimpleStateMachine4Testing (SimpleStateMachine4Testing.java:put(205)) - s0: put 171, m85 -> (t:1, i:171), STATEMACHINELOGENTRY, 472@client-8E9097D621C9
2023-03-19 06:36:17,414 [s0@group-2AD7074A39E5-StateMachineUpdater] INFO  impl.SimpleStateMachine4Testing (SimpleStateMachine4Testing.java:put(205)) - s0: put 173, m86 -> (t:1, i:173), STATEMACHINELOGENTRY, 473@client-8E9097D621C9
2023-03-19 06:36:17,418 [s0@group-2AD7074A39E5-StateMachineUpdater] INFO  impl.SimpleStateMachine4Testing (SimpleStateMachine4Testing.java:put(205)) - s0: put 175, m87 -> (t:1, i:175), STATEMACHINELOGENTRY, 474@client-8E9097D621C9
2023-03-19 06:36:17,421 [s0@group-2AD7074A39E5-StateMachineUpdater] INFO  impl.SimpleStateMachine4Testing (SimpleStateMachine4Testing.java:put(205)) - s0: put 177, m88 -> (t:1, i:177), STATEMACHINELOGENTRY, 475@client-8E9097D621C9
2023-03-19 06:36:17,424 [s0@group-2AD7074A39E5-StateMachineUpdater] INFO  impl.SimpleStateMachine4Testing (SimpleStateMachine4Testing.java:put(205)) - s0: put 179, m89 -> (t:1, i:179), STATEMACHINELOGENTRY, 476@client-8E9097D621C9
2023-03-19 06:36:17,427 [s0@group-2AD7074A39E5-StateMachineUpdater] INFO  impl.SimpleStateMachine4Testing (SimpleStateMachine4Testing.java:put(205)) - s0: put 181, m90 -> (t:1, i:181), STATEMACHINELOGENTRY, 477@client-8E9097D621C9
2023-03-19 06:36:17,430 [s0@group-2AD7074A39E5-StateMachineUpdater] INFO  impl.SimpleStateMachine4Testing (SimpleStateMachine4Testing.java:put(205)) - s0: put 183, m91 -> (t:1, i:183), STATEMACHINELOGENTRY, 478@client-8E9097D621C9
2023-03-19 06:36:17,432 [s0@group-2AD7074A39E5-StateMachineUpdater] INFO  impl.SimpleStateMachine4Testing (SimpleStateMachine4Testing.java:put(205)) - s0: put 185, m92 -> (t:1, i:185), STATEMACHINELOGENTRY, 479@client-8E9097D621C9
2023-03-19 06:36:17,436 [s0@group-2AD7074A39E5-StateMachineUpdater] INFO  impl.SimpleStateMachine4Testing (SimpleStateMachine4Testing.java:put(205)) - s0: put 187, m93 -> (t:1, i:187), STATEMACHINELOGENTRY, 480@client-8E9097D621C9
2023-03-19 06:36:17,438 [s0@group-2AD7074A39E5-StateMachineUpdater] INFO  impl.SimpleStateMachine4Testing (SimpleStateMachine4Testing.java:put(205)) - s0: put 189, m94 -> (t:1, i:189), STATEMACHINELOGENTRY, 481@client-8E9097D621C9
2023-03-19 06:36:17,443 [s0@group-2AD7074A39E5-StateMachineUpdater] INFO  impl.SimpleStateMachine4Testing (SimpleStateMachine4Testing.java:put(205)) - s0: put 191, m95 -> (t:1, i:191), STATEMACHINELOGENTRY, 482@client-8E9097D621C9
2023-03-19 06:36:17,443 [s0@group-2AD7074A39E5-StateMachineUpdater] TRACE util.FileUtils (FileUtils.java:deleteFully(201)) - deleteFully /tmp/ratis-tests/statemachine/s0/snapshot/1_191
2023-03-19 06:36:17,443 [s0@group-2AD7074A39E5-StateMachineUpdater] TRACE util.FileUtils (FileUtils.java:deleteFully(217)) - deleteFully: /tmp/ratis-tests/statemachine/s0/snapshot/1_191 does not exist.
2023-03-19 06:36:17,443 [s0@group-2AD7074A39E5-StateMachineUpdater] TRACE util.FileUtils (FileUtils.java:deleteFully(201)) - deleteFully /tmp/ratis-tests/statemachine/s0/tmp/c04ab7d7-1389-4ae7-be29-640bc2cbf4dc
2023-03-19 06:36:17,443 [s0@group-2AD7074A39E5-StateMachineUpdater] TRACE util.FileUtils (FileUtils.java:deleteFully(217)) - deleteFully: /tmp/ratis-tests/statemachine/s0/tmp/c04ab7d7-1389-4ae7-be29-640bc2cbf4dc does not exist.
2023-03-19 06:36:17,443 [s0@group-2AD7074A39E5-StateMachineUpdater] TRACE util.FileUtils (LogUtils.java:runAndLog(49)) - Successfully ran Atomic Files.move /tmp/ratis-tests/statemachine/s0/tmp/c04ab7d7-1389-4ae7-be29-640bc2cbf4dc to /tmp/ratis-tests/statemachine/s0/snapshot/1_191
2023-03-19 06:36:17,443 [s0@group-2AD7074A39E5-StateMachineUpdater] INFO  impl.StateMachineUpdater (StateMachineUpdater.java:takeSnapshot(290)) - s0@group-2AD7074A39E5-StateMachineUpdater: Took a snapshot at index 191
2023-03-19 06:36:17,443 [s0@group-2AD7074A39E5-StateMachineUpdater] INFO  impl.StateMachineUpdater (StateMachineUpdater.java:lambda$new$0(96)) - s0@group-2AD7074A39E5-StateMachineUpdater: snapshotIndex: updateIncreasingly 127 -> 191
2023-03-19 06:36:17,443 [s0@group-2AD7074A39E5-StateMachineUpdater] INFO  raftlog.RaftLog (RaftLogBase.java:purge(314)) - s0@group-2AD7074A39E5-SegmentedRaftLog: purge 191
2023-03-19 06:36:17,444 [s0@group-2AD7074A39E5-StateMachineUpdater] INFO  raftlog.RaftLog (RaftLogBase.java:lambda$new$0(53)) - s0@group-2AD7074A39E5-SegmentedRaftLog: snapshotIndex: updateIncreasingly 127 -> 191
2023-03-19 06:36:17,444 [s0@group-2AD7074A39E5-StateMachineUpdater] INFO  raftlog.RaftLog (RaftLogBase.java:lambda$new$0(53)) - s0@group-2AD7074A39E5-SegmentedRaftLog: purgeIndex: updateToMax old=127, new=191, updated? true
2023-03-19 06:36:17,446 [s0@group-2AD7074A39E5-StateMachineUpdater] INFO  impl.SimpleStateMachine4Testing (SimpleStateMachine4Testing.java:put(205)) - s0: put 193, m96 -> (t:1, i:193), STATEMACHINELOGENTRY, 483@client-8E9097D621C9
2023-03-19 06:36:17,448 [s0@group-2AD7074A39E5-StateMachineUpdater] INFO  impl.SimpleStateMachine4Testing (SimpleStateMachine4Testing.java:put(205)) - s0: put 195, m97 -> (t:1, i:195), STATEMACHINELOGENTRY, 484@client-8E9097D621C9
2023-03-19 06:36:17,451 [s0@group-2AD7074A39E5-StateMachineUpdater] INFO  impl.SimpleStateMachine4Testing (SimpleStateMachine4Testing.java:put(205)) - s0: put 197, m98 -> (t:1, i:197), STATEMACHINELOGENTRY, 485@client-8E9097D621C9
2023-03-19 06:36:17,454 [s0@group-2AD7074A39E5-StateMachineUpdater] INFO  impl.SimpleStateMachine4Testing (SimpleStateMachine4Testing.java:put(205)) - s0: put 199, m99 -> (t:1, i:199), STATEMACHINELOGENTRY, 486@client-8E9097D621C9
2023-03-19 06:36:17,457 [s0@group-2AD7074A39E5-StateMachineUpdater] INFO  impl.SimpleStateMachine4Testing (SimpleStateMachine4Testing.java:put(205)) - s0: put 201, m100 -> (t:1, i:201), STATEMACHINELOGENTRY, 487@client-8E9097D621C9
2023-03-19 06:36:17,463 [s0@group-2AD7074A39E5-StateMachineUpdater] INFO  impl.SimpleStateMachine4Testing (SimpleStateMachine4Testing.java:put(205)) - s0: put 203, m101 -> (t:1, i:203), STATEMACHINELOGENTRY, 488@client-8E9097D621C9
2023-03-19 06:36:17,466 [s0@group-2AD7074A39E5-StateMachineUpdater] INFO  impl.SimpleStateMachine4Testing (SimpleStateMachine4Testing.java:put(205)) - s0: put 205, m102 -> (t:1, i:205), STATEMACHINELOGENTRY, 489@client-8E9097D621C9
2023-03-19 06:36:17,469 [s0@group-2AD7074A39E5-StateMachineUpdater] INFO  impl.SimpleStateMachine4Testing (SimpleStateMachine4Testing.java:put(205)) - s0: put 207, m103 -> (t:1, i:207), STATEMACHINELOGENTRY, 490@client-8E9097D621C9
2023-03-19 06:36:17,472 [s0@group-2AD7074A39E5-StateMachineUpdater] INFO  impl.SimpleStateMachine4Testing (SimpleStateMachine4Testing.java:put(205)) - s0: put 209, m104 -> (t:1, i:209), STATEMACHINELOGENTRY, 491@client-8E9097D621C9
2023-03-19 06:36:17,477 [s0@group-2AD7074A39E5-StateMachineUpdater] INFO  impl.SimpleStateMachine4Testing (SimpleStateMachine4Testing.java:put(205)) - s0: put 211, m105 -> (t:1, i:211), STATEMACHINELOGENTRY, 492@client-8E9097D621C9
2023-03-19 06:36:17,479 [s0@group-2AD7074A39E5-StateMachineUpdater] INFO  impl.SimpleStateMachine4Testing (SimpleStateMachine4Testing.java:put(205)) - s0: put 213, m106 -> (t:1, i:213), STATEMACHINELOGENTRY, 493@client-8E9097D621C9
2023-03-19 06:36:17,481 [s0@group-2AD7074A39E5-StateMachineUpdater] INFO  impl.SimpleStateMachine4Testing (SimpleStateMachine4Testing.java:put(205)) - s0: put 215, m107 -> (t:1, i:215), STATEMACHINELOGENTRY, 494@client-8E9097D621C9
2023-03-19 06:36:17,486 [s0@group-2AD7074A39E5-StateMachineUpdater] INFO  impl.SimpleStateMachine4Testing (SimpleStateMachine4Testing.java:put(205)) - s0: put 217, m108 -> (t:1, i:217), STATEMACHINELOGENTRY, 495@client-8E9097D621C9
2023-03-19 06:36:17,491 [s0@group-2AD7074A39E5-StateMachineUpdater] INFO  impl.SimpleStateMachine4Testing (SimpleStateMachine4Testing.java:put(205)) - s0: put 219, m109 -> (t:1, i:219), STATEMACHINELOGENTRY, 496@client-8E9097D621C9
2023-03-19 06:36:17,503 [s0@group-2AD7074A39E5-StateMachineUpdater] INFO  impl.SimpleStateMachine4Testing (SimpleStateMachine4Testing.java:put(205)) - s0: put 221, m110 -> (t:1, i:221), STATEMACHINELOGENTRY, 497@client-8E9097D621C9
2023-03-19 06:36:17,507 [s0@group-2AD7074A39E5-StateMachineUpdater] INFO  impl.SimpleStateMachine4Testing (SimpleStateMachine4Testing.java:put(205)) - s0: put 223, m111 -> (t:1, i:223), STATEMACHINELOGENTRY, 498@client-8E9097D621C9
2023-03-19 06:36:17,511 [s0@group-2AD7074A39E5-StateMachineUpdater] INFO  impl.SimpleStateMachine4Testing (SimpleStateMachine4Testing.java:put(205)) - s0: put 225, m112 -> (t:1, i:225), STATEMACHINELOGENTRY, 499@client-8E9097D621C9
2023-03-19 06:36:17,514 [s0@group-2AD7074A39E5-StateMachineUpdater] INFO  impl.SimpleStateMachine4Testing (SimpleStateMachine4Testing.java:put(205)) - s0: put 227, m113 -> (t:1, i:227), STATEMACHINELOGENTRY, 500@client-8E9097D621C9
2023-03-19 06:36:17,516 [s0@group-2AD7074A39E5-StateMachineUpdater] INFO  impl.SimpleStateMachine4Testing (SimpleStateMachine4Testing.java:put(205)) - s0: put 229, m114 -> (t:1, i:229), STATEMACHINELOGENTRY, 501@client-8E9097D621C9
2023-03-19 06:36:17,519 [s0@group-2AD7074A39E5-StateMachineUpdater] INFO  impl.SimpleStateMachine4Testing (SimpleStateMachine4Testing.java:put(205)) - s0: put 231, m115 -> (t:1, i:231), STATEMACHINELOGENTRY, 502@client-8E9097D621C9
2023-03-19 06:36:17,522 [s0@group-2AD7074A39E5-StateMachineUpdater] INFO  impl.SimpleStateMachine4Testing (SimpleStateMachine4Testing.java:put(205)) - s0: put 233, m116 -> (t:1, i:233), STATEMACHINELOGENTRY, 503@client-8E9097D621C9
2023-03-19 06:36:17,524 [s0@group-2AD7074A39E5-StateMachineUpdater] INFO  impl.SimpleStateMachine4Testing (SimpleStateMachine4Testing.java:put(205)) - s0: put 235, m117 -> (t:1, i:235), STATEMACHINELOGENTRY, 504@client-8E9097D621C9
2023-03-19 06:36:17,526 [s0@group-2AD7074A39E5-StateMachineUpdater] INFO  impl.SimpleStateMachine4Testing (SimpleStateMachine4Testing.java:put(205)) - s0: put 237, m118 -> (t:1, i:237), STATEMACHINELOGENTRY, 505@client-8E9097D621C9
2023-03-19 06:36:17,529 [s0@group-2AD7074A39E5-StateMachineUpdater] INFO  impl.SimpleStateMachine4Testing (SimpleStateMachine4Testing.java:put(205)) - s0: put 239, m119 -> (t:1, i:239), STATEMACHINELOGENTRY, 506@client-8E9097D621C9
2023-03-19 06:36:17,531 [s0@group-2AD7074A39E5-StateMachineUpdater] INFO  impl.SimpleStateMachine4Testing (SimpleStateMachine4Testing.java:put(205)) - s0: put 241, m120 -> (t:1, i:241), STATEMACHINELOGENTRY, 507@client-8E9097D621C9
2023-03-19 06:36:17,534 [s0@group-2AD7074A39E5-StateMachineUpdater] INFO  impl.SimpleStateMachine4Testing (SimpleStateMachine4Testing.java:put(205)) - s0: put 243, m121 -> (t:1, i:243), STATEMACHINELOGENTRY, 508@client-8E9097D621C9
2023-03-19 06:36:17,536 [s0@group-2AD7074A39E5-StateMachineUpdater] INFO  impl.SimpleStateMachine4Testing (SimpleStateMachine4Testing.java:put(205)) - s0: put 245, m122 -> (t:1, i:245), STATEMACHINELOGENTRY, 509@client-8E9097D621C9
2023-03-19 06:36:17,540 [s0@group-2AD7074A39E5-StateMachineUpdater] INFO  impl.SimpleStateMachine4Testing (SimpleStateMachine4Testing.java:put(205)) - s0: put 247, m123 -> (t:1, i:247), STATEMACHINELOGENTRY, 510@client-8E9097D621C9
2023-03-19 06:36:17,543 [s0@group-2AD7074A39E5-StateMachineUpdater] INFO  impl.SimpleStateMachine4Testing (SimpleStateMachine4Testing.java:put(205)) - s0: put 249, m124 -> (t:1, i:249), STATEMACHINELOGENTRY, 511@client-8E9097D621C9
2023-03-19 06:36:17,545 [s0@group-2AD7074A39E5-StateMachineUpdater] INFO  impl.SimpleStateMachine4Testing (SimpleStateMachine4Testing.java:put(205)) - s0: put 251, m125 -> (t:1, i:251), STATEMACHINELOGENTRY, 512@client-8E9097D621C9
2023-03-19 06:36:17,547 [s0@group-2AD7074A39E5-StateMachineUpdater] INFO  impl.SimpleStateMachine4Testing (SimpleStateMachine4Testing.java:put(205)) - s0: put 253, m126 -> (t:1, i:253), STATEMACHINELOGENTRY, 513@client-8E9097D621C9
2023-03-19 06:36:17,556 [s0-server-thread1] INFO  server.RaftServer$Division (RaftServerImpl.java:takeSnapshotAsync(1125)) - s0@group-2AD7074A39E5: takeSnapshotAsync SnapshotManagementRequest:client-8E9097D621C9->s0@group-2AD7074A39E5, cid=514, seq=0, RO, null, Create:
2023-03-19 06:36:17,556 [s0-server-thread1] INFO  server.RaftServerConfigKeys (ConfUtils.java:logGet(46)) - raft.server.snapshot.creation.gap = 1024 (default)
2023-03-19 06:36:17,570 [Time-limited test] INFO  impl.MiniRaftCluster (MiniRaftCluster.java:addNewPeers(464)) - Add new peers [s1, s2]
2023-03-19 06:36:17,570 [Time-limited test] INFO  impl.MiniRaftCluster (MiniRaftCluster.java:newRaftServer(382)) - newRaftServer: s1, group-2AD7074A39E5:[], format? true
2023-03-19 06:36:17,570 [Time-limited test] TRACE util.FileUtils (FileUtils.java:deleteFully(201)) - deleteFully target/test/data/c32c3602/MiniRaftClusterWithGrpc44095df7/s1
2023-03-19 06:36:17,570 [Time-limited test] TRACE util.FileUtils (FileUtils.java:deleteFully(217)) - deleteFully: target/test/data/c32c3602/MiniRaftClusterWithGrpc44095df7/s1 does not exist.
2023-03-19 06:36:17,570 [Time-limited test] INFO  impl.MiniRaftCluster (MiniRaftCluster.java:newRaftServer(387)) - Formatted directory target/test/data/c32c3602/MiniRaftClusterWithGrpc44095df7/s1
2023-03-19 06:36:17,571 [Time-limited test] INFO  server.RaftServer (ConfUtils.java:logGet(46)) - raft.rpc.type = GRPC (default)
2023-03-19 06:36:17,571 [Time-limited test] INFO  grpc.GrpcConfigKeys (ConfUtils.java:logFallback(53)) - raft.grpc.admin.host = null (fallback to raft.grpc.server.host)
2023-03-19 06:36:17,571 [Time-limited test] INFO  grpc.GrpcConfigKeys (ConfUtils.java:logFallback(53)) - raft.grpc.admin.port = 42963 (fallback to raft.grpc.server.port)
2023-03-19 06:36:17,571 [Time-limited test] INFO  grpc.GrpcConfigKeys (ConfUtils.java:logFallback(53)) - raft.grpc.client.host = null (fallback to raft.grpc.server.host)
2023-03-19 06:36:17,571 [Time-limited test] INFO  grpc.GrpcConfigKeys (ConfUtils.java:logFallback(53)) - raft.grpc.client.port = 42963 (fallback to raft.grpc.server.port)
2023-03-19 06:36:17,571 [Time-limited test] INFO  grpc.GrpcConfigKeys (ConfUtils.java:logGet(46)) - raft.grpc.server.host = null (default)
2023-03-19 06:36:17,571 [Time-limited test] INFO  grpc.GrpcConfigKeys (ConfUtils.java:logGet(46)) - raft.grpc.server.port = 42963 (custom)
2023-03-19 06:36:17,571 [Time-limited test] INFO  server.GrpcService (ConfUtils.java:logGet(46)) - raft.grpc.message.size.max = 64MB (=67108864) (default)
2023-03-19 06:36:17,571 [Time-limited test] INFO  server.RaftServerConfigKeys (ConfUtils.java:logGet(46)) - raft.server.log.appender.buffer.byte-limit = 4MB (=4194304) (default)
2023-03-19 06:36:17,571 [Time-limited test] INFO  server.GrpcService (ConfUtils.java:logGet(46)) - raft.grpc.flow.control.window = 1MB (=1048576) (default)
2023-03-19 06:36:17,571 [Time-limited test] INFO  server.RaftServerConfigKeys (ConfUtils.java:logGet(46)) - raft.server.rpc.request.timeout = 3000ms (default)
2023-03-19 06:36:17,571 [Time-limited test] INFO  grpc.GrpcConfigKeys (ConfUtils.java:logGet(46)) - raft.grpc.server.heartbeat.channel = true (default)
2023-03-19 06:36:17,572 [Time-limited test] INFO  grpc.GrpcConfigKeys (ConfUtils.java:logGet(46)) - raft.grpc.server.async.request.thread.pool.cached = true (default)
2023-03-19 06:36:17,572 [Time-limited test] INFO  grpc.GrpcConfigKeys (ConfUtils.java:logGet(46)) - raft.grpc.server.async.request.thread.pool.size = 32 (default)
2023-03-19 06:36:17,572 [Time-limited test] INFO  impl.DataStreamServerImpl (ConfUtils.java:logGet(46)) - raft.datastream.type = DISABLED (default)
2023-03-19 06:36:17,572 [Time-limited test] INFO  server.RaftServerConfigKeys (ConfUtils.java:logGet(46)) - raft.server.threadpool.proxy.cached = true (default)
2023-03-19 06:36:17,573 [Time-limited test] INFO  server.RaftServerConfigKeys (ConfUtils.java:logGet(46)) - raft.server.threadpool.proxy.size = 0 (default)
2023-03-19 06:36:17,573 [Time-limited test] INFO  server.RaftServerConfigKeys (ConfUtils.java:logGet(46)) - raft.server.rpc.slowness.timeout = 60s (default)
2023-03-19 06:36:17,573 [Time-limited test] INFO  server.RaftServerConfigKeys (ConfUtils.java:logGet(46)) - raft.server.leaderelection.leader.step-down.wait-time = 10s (default)
2023-03-19 06:36:17,573 [Time-limited test] INFO  server.RaftServerConfigKeys (ConfUtils.java:logGet(46)) - raft.server.storage.dir = [/home/runner/work/ratis/ratis/ratis-test/target/test/data/c32c3602/MiniRaftClusterWithGrpc44095df7/s1] (custom)
2023-03-19 06:36:17,574 [Time-limited test] INFO  server.RaftServer (RaftServerProxy.java:addNew(99)) - s1: addNew group-2AD7074A39E5:[] returns group-2AD7074A39E5:java.util.concurrent.CompletableFuture@687c2337[Not completed]
2023-03-19 06:36:17,574 [Time-limited test] INFO  impl.MiniRaftCluster (MiniRaftCluster.java:newRaftServer(382)) - newRaftServer: s2, group-2AD7074A39E5:[], format? true
2023-03-19 06:36:17,574 [Time-limited test] TRACE util.FileUtils (FileUtils.java:deleteFully(201)) - deleteFully target/test/data/c32c3602/MiniRaftClusterWithGrpc44095df7/s2
2023-03-19 06:36:17,574 [Time-limited test] TRACE util.FileUtils (FileUtils.java:deleteFully(217)) - deleteFully: target/test/data/c32c3602/MiniRaftClusterWithGrpc44095df7/s2 does not exist.
2023-03-19 06:36:17,574 [Time-limited test] INFO  impl.MiniRaftCluster (MiniRaftCluster.java:newRaftServer(387)) - Formatted directory target/test/data/c32c3602/MiniRaftClusterWithGrpc44095df7/s2
2023-03-19 06:36:17,574 [Time-limited test] INFO  server.RaftServer (ConfUtils.java:logGet(46)) - raft.rpc.type = GRPC (default)
2023-03-19 06:36:17,575 [Time-limited test] INFO  grpc.GrpcConfigKeys (ConfUtils.java:logFallback(53)) - raft.grpc.admin.host = null (fallback to raft.grpc.server.host)
2023-03-19 06:36:17,575 [Time-limited test] INFO  grpc.GrpcConfigKeys (ConfUtils.java:logFallback(53)) - raft.grpc.admin.port = 43881 (fallback to raft.grpc.server.port)
2023-03-19 06:36:17,575 [Time-limited test] INFO  grpc.GrpcConfigKeys (ConfUtils.java:logFallback(53)) - raft.grpc.client.host = null (fallback to raft.grpc.server.host)
2023-03-19 06:36:17,575 [Time-limited test] INFO  grpc.GrpcConfigKeys (ConfUtils.java:logFallback(53)) - raft.grpc.client.port = 43881 (fallback to raft.grpc.server.port)
2023-03-19 06:36:17,575 [Time-limited test] INFO  grpc.GrpcConfigKeys (ConfUtils.java:logGet(46)) - raft.grpc.server.host = null (default)
2023-03-19 06:36:17,575 [Time-limited test] INFO  grpc.GrpcConfigKeys (ConfUtils.java:logGet(46)) - raft.grpc.server.port = 43881 (custom)
2023-03-19 06:36:17,575 [Time-limited test] INFO  server.GrpcService (ConfUtils.java:logGet(46)) - raft.grpc.message.size.max = 64MB (=67108864) (default)
2023-03-19 06:36:17,575 [Time-limited test] INFO  server.RaftServerConfigKeys (ConfUtils.java:logGet(46)) - raft.server.log.appender.buffer.byte-limit = 4MB (=4194304) (default)
2023-03-19 06:36:17,575 [Time-limited test] INFO  server.GrpcService (ConfUtils.java:logGet(46)) - raft.grpc.flow.control.window = 1MB (=1048576) (default)
2023-03-19 06:36:17,575 [Time-limited test] INFO  server.RaftServerConfigKeys (ConfUtils.java:logGet(46)) - raft.server.rpc.request.timeout = 3000ms (default)
2023-03-19 06:36:17,575 [Time-limited test] INFO  grpc.GrpcConfigKeys (ConfUtils.java:logGet(46)) - raft.grpc.server.heartbeat.channel = true (default)
2023-03-19 06:36:17,575 [Time-limited test] INFO  grpc.GrpcConfigKeys (ConfUtils.java:logGet(46)) - raft.grpc.server.async.request.thread.pool.cached = true (default)
2023-03-19 06:36:17,575 [Time-limited test] INFO  grpc.GrpcConfigKeys (ConfUtils.java:logGet(46)) - raft.grpc.server.async.request.thread.pool.size = 32 (default)
2023-03-19 06:36:17,576 [Time-limited test] INFO  impl.DataStreamServerImpl (ConfUtils.java:logGet(46)) - raft.datastream.type = DISABLED (default)
2023-03-19 06:36:17,576 [Time-limited test] INFO  server.RaftServerConfigKeys (ConfUtils.java:logGet(46)) - raft.server.threadpool.proxy.cached = true (default)
2023-03-19 06:36:17,576 [Time-limited test] INFO  server.RaftServerConfigKeys (ConfUtils.java:logGet(46)) - raft.server.threadpool.proxy.size = 0 (default)
2023-03-19 06:36:17,576 [Time-limited test] INFO  server.RaftServerConfigKeys (ConfUtils.java:logGet(46)) - raft.server.rpc.slowness.timeout = 60s (default)
2023-03-19 06:36:17,576 [Time-limited test] INFO  server.RaftServerConfigKeys (ConfUtils.java:logGet(46)) - raft.server.leaderelection.leader.step-down.wait-time = 10s (default)
2023-03-19 06:36:17,576 [Time-limited test] INFO  server.RaftServerConfigKeys (ConfUtils.java:logGet(46)) - raft.server.storage.dir = [/home/runner/work/ratis/ratis/ratis-test/target/test/data/c32c3602/MiniRaftClusterWithGrpc44095df7/s2] (custom)
2023-03-19 06:36:17,577 [s1-groupManagement] INFO  server.RaftServerConfigKeys (ConfUtils.java:logGet(46)) - raft.server.log.segment.size.max = 8MB (=8388608) (default)
2023-03-19 06:36:17,577 [s1-groupManagement] INFO  server.RaftServerConfigKeys (ConfUtils.java:logGet(46)) - raft.server.log.preallocated.size = 4MB (=4194304) (default)
2023-03-19 06:36:17,577 [s1-groupManagement] INFO  server.RaftServerConfigKeys (ConfUtils.java:logGet(46)) - raft.server.log.write.buffer.size = 64KB (=65536) (default)
2023-03-19 06:36:17,578 [s1-groupManagement] INFO  server.RaftServer$Division (RaftServerImpl.java:<init>(198)) - s1: new RaftServerImpl for group-2AD7074A39E5:[] with StateMachineWithSeparatedSnapshotPath:uninitialized
2023-03-19 06:36:17,578 [s1-groupManagement] INFO  server.RaftServerConfigKeys (ConfUtils.java:logGet(46)) - raft.server.rpc.timeout.min = 150ms (default)
2023-03-19 06:36:17,578 [s1-groupManagement] INFO  server.RaftServerConfigKeys (ConfUtils.java:logGet(46)) - raft.server.rpc.timeout.max = 300ms (default)
2023-03-19 06:36:17,578 [s1-groupManagement] INFO  server.RaftServerConfigKeys (ConfUtils.java:logGet(46)) - raft.server.rpc.sleep.time = 25ms (default)
2023-03-19 06:36:17,578 [s1-groupManagement] INFO  server.RaftServerConfigKeys (ConfUtils.java:logGet(46)) - raft.server.rpc.slowness.timeout = 60s (default)
2023-03-19 06:36:17,578 [s1-groupManagement] INFO  server.RaftServerConfigKeys (ConfUtils.java:logGet(46)) - raft.server.leaderelection.leader.step-down.wait-time = 10s (default)
2023-03-19 06:36:17,579 [s1-groupManagement] INFO  server.RaftServerConfigKeys (ConfUtils.java:logGet(46)) - raft.server.sleep.deviation.threshold = 300ms (default)
2023-03-19 06:36:17,579 [s1-groupManagement] INFO  server.RaftServer$Division (ServerState.java:<init>(113)) - s1@group-2AD7074A39E5: ConfigurationManager, init=-1: peers:[]|listeners:[], old=null, confs=<EMPTY_MAP>
2023-03-19 06:36:17,579 [s1-groupManagement] INFO  server.RaftServerConfigKeys (ConfUtils.java:logGet(46)) - raft.server.notification.no-leader.timeout = 60s (default)
2023-03-19 06:36:17,579 [s1-groupManagement] INFO  server.RaftServerConfigKeys (ConfUtils.java:logGet(46)) - raft.server.read.timeout = 10s (default)
2023-03-19 06:36:17,579 [s1-groupManagement] INFO  server.RaftServerConfigKeys (ConfUtils.java:logGet(46)) - raft.server.retrycache.expirytime = 60s (default)
2023-03-19 06:36:17,579 [s1-groupManagement] INFO  server.RaftServerConfigKeys (ConfUtils.java:logGet(46)) - raft.server.retrycache.statistics.expirytime = 100μs (default)
2023-03-19 06:36:17,579 [s1-groupManagement] INFO  server.RaftServerConfigKeys (ConfUtils.java:logGet(46)) - raft.server.read.option = DEFAULT (default)
2023-03-19 06:36:17,580 [s1-groupManagement] INFO  server.RaftServerConfigKeys (ConfUtils.java:logGet(46)) - raft.server.rpc.request.timeout = 3000ms (default)
2023-03-19 06:36:17,581 [s1-groupManagement] INFO  server.RaftServerConfigKeys (ConfUtils.java:logGet(46)) - raft.server.log.appender.install.snapshot.enabled = true (default)
2023-03-19 06:36:17,581 [s1-groupManagement] INFO  server.RaftServerConfigKeys (ConfUtils.java:logGet(46)) - raft.server.threadpool.server.cached = true (default)
2023-03-19 06:36:17,581 [s1-groupManagement] INFO  server.RaftServerConfigKeys (ConfUtils.java:logGet(46)) - raft.server.threadpool.server.size = 0 (default)
2023-03-19 06:36:17,581 [s1-groupManagement] INFO  server.RaftServerConfigKeys (ConfUtils.java:logGet(46)) - raft.server.threadpool.client.cached = true (default)
2023-03-19 06:36:17,581 [s1-groupManagement] INFO  server.RaftServerConfigKeys (ConfUtils.java:logGet(46)) - raft.server.threadpool.client.size = 0 (default)
2023-03-19 06:36:17,581 [Time-limited test] INFO  server.RaftServer (RaftServerProxy.java:addNew(99)) - s2: addNew group-2AD7074A39E5:[] returns group-2AD7074A39E5:java.util.concurrent.CompletableFuture@6900ce0f[Not completed]
2023-03-19 06:36:17,582 [s1-impl-thread1] INFO  server.RaftServerConfigKeys (ConfUtils.java:logGet(46)) - raft.server.storage.free-space.min = 0MB (=0) (default)
2023-03-19 06:36:17,582 [s1-impl-thread1] INFO  server.RaftServerConfigKeys (ConfUtils.java:logGet(46)) - raft.server.log.corruption.policy = EXCEPTION (default)
2023-03-19 06:36:17,582 [s1-impl-thread1] INFO  server.RaftServerConfigKeys (ConfUtils.java:logGet(46)) - raft.server.storage.dir = [/home/runner/work/ratis/ratis/ratis-test/target/test/data/c32c3602/MiniRaftClusterWithGrpc44095df7/s1] (custom)
2023-03-19 06:36:17,582 [s1-impl-thread1] INFO  storage.RaftStorageDirectory (RaftStorageDirectoryImpl.java:analyzeStorage(138)) - The storage directory /home/runner/work/ratis/ratis/ratis-test/target/test/data/c32c3602/MiniRaftClusterWithGrpc44095df7/s1/5d6b88c2-97dd-4192-a7f2-2ad7074a39e5 does not exist. Creating ...
2023-03-19 06:36:17,582 [s1-impl-thread1] TRACE util.FileUtils (LogUtils.java:runAndLog(49)) - Successfully ran Files.createDirectories /home/runner/work/ratis/ratis/ratis-test/target/test/data/c32c3602/MiniRaftClusterWithGrpc44095df7/s1/5d6b88c2-97dd-4192-a7f2-2ad7074a39e5
2023-03-19 06:36:17,583 [s2-groupManagement] INFO  server.RaftServerConfigKeys (ConfUtils.java:logGet(46)) - raft.server.log.segment.size.max = 8MB (=8388608) (default)
2023-03-19 06:36:17,583 [s2-groupManagement] INFO  server.RaftServerConfigKeys (ConfUtils.java:logGet(46)) - raft.server.log.preallocated.size = 4MB (=4194304) (default)
2023-03-19 06:36:17,583 [s2-groupManagement] INFO  server.RaftServerConfigKeys (ConfUtils.java:logGet(46)) - raft.server.log.write.buffer.size = 64KB (=65536) (default)
2023-03-19 06:36:17,583 [s2-groupManagement] INFO  server.RaftServer$Division (RaftServerImpl.java:<init>(198)) - s2: new RaftServerImpl for group-2AD7074A39E5:[] with StateMachineWithSeparatedSnapshotPath:uninitialized
2023-03-19 06:36:17,583 [s2-groupManagement] INFO  server.RaftServerConfigKeys (ConfUtils.java:logGet(46)) - raft.server.rpc.timeout.min = 150ms (default)
2023-03-19 06:36:17,583 [s2-groupManagement] INFO  server.RaftServerConfigKeys (ConfUtils.java:logGet(46)) - raft.server.rpc.timeout.max = 300ms (default)
2023-03-19 06:36:17,583 [s2-groupManagement] INFO  server.RaftServerConfigKeys (ConfUtils.java:logGet(46)) - raft.server.rpc.sleep.time = 25ms (default)
2023-03-19 06:36:17,583 [s2-groupManagement] INFO  server.RaftServerConfigKeys (ConfUtils.java:logGet(46)) - raft.server.rpc.slowness.timeout = 60s (default)
2023-03-19 06:36:17,584 [s2-groupManagement] INFO  server.RaftServerConfigKeys (ConfUtils.java:logGet(46)) - raft.server.leaderelection.leader.step-down.wait-time = 10s (default)
2023-03-19 06:36:17,584 [s2-groupManagement] INFO  server.RaftServerConfigKeys (ConfUtils.java:logGet(46)) - raft.server.sleep.deviation.threshold = 300ms (default)
2023-03-19 06:36:17,584 [s1-impl-thread1] INFO  storage.RaftStorageDirectory (RaftStorageDirectoryImpl.java:tryLock(232)) - Lock on /home/runner/work/ratis/ratis/ratis-test/target/test/data/c32c3602/MiniRaftClusterWithGrpc44095df7/s1/5d6b88c2-97dd-4192-a7f2-2ad7074a39e5/in_use.lock acquired by nodename 2736@fv-az264-909
2023-03-19 06:36:17,584 [s2-groupManagement] INFO  server.RaftServer$Division (ServerState.java:<init>(113)) - s2@group-2AD7074A39E5: ConfigurationManager, init=-1: peers:[]|listeners:[], old=null, confs=<EMPTY_MAP>
2023-03-19 06:36:17,584 [s1-impl-thread1] TRACE util.FileUtils (LogUtils.java:runAndLog(49)) - Successfully ran Files.createDirectories /home/runner/work/ratis/ratis/ratis-test/target/test/data/c32c3602/MiniRaftClusterWithGrpc44095df7/s1/5d6b88c2-97dd-4192-a7f2-2ad7074a39e5/current
2023-03-19 06:36:17,584 [s2-groupManagement] INFO  server.RaftServerConfigKeys (ConfUtils.java:logGet(46)) - raft.server.notification.no-leader.timeout = 60s (default)
2023-03-19 06:36:17,584 [s1-impl-thread1] TRACE util.FileUtils (LogUtils.java:runAndLog(49)) - Successfully ran Files.createDirectories /home/runner/work/ratis/ratis/ratis-test/target/test/data/c32c3602/MiniRaftClusterWithGrpc44095df7/s1/5d6b88c2-97dd-4192-a7f2-2ad7074a39e5/sm
2023-03-19 06:36:17,584 [s2-groupManagement] INFO  server.RaftServerConfigKeys (ConfUtils.java:logGet(46)) - raft.server.read.timeout = 10s (default)
2023-03-19 06:36:17,585 [s2-groupManagement] INFO  server.RaftServerConfigKeys (ConfUtils.java:logGet(46)) - raft.server.retrycache.expirytime = 60s (default)
2023-03-19 06:36:17,585 [s2-groupManagement] INFO  server.RaftServerConfigKeys (ConfUtils.java:logGet(46)) - raft.server.retrycache.statistics.expirytime = 100μs (default)
2023-03-19 06:36:17,585 [s2-groupManagement] INFO  server.RaftServerConfigKeys (ConfUtils.java:logGet(46)) - raft.server.read.option = DEFAULT (default)
2023-03-19 06:36:17,586 [s1-impl-thread1] INFO  storage.RaftStorage (RaftStorageImpl.java:format(96)) - Storage directory /home/runner/work/ratis/ratis/ratis-test/target/test/data/c32c3602/MiniRaftClusterWithGrpc44095df7/s1/5d6b88c2-97dd-4192-a7f2-2ad7074a39e5 has been successfully formatted.
2023-03-19 06:36:17,586 [s1-impl-thread1] INFO  impl.SimpleStateMachine4Testing (SimpleStateMachine4Testing.java:initialize(213)) - Initializing StateMachineWithSeparatedSnapshotPath:uninitialized
2023-03-19 06:36:17,587 [s2-groupManagement] INFO  server.RaftServerConfigKeys (ConfUtils.java:logGet(46)) - raft.server.rpc.request.timeout = 3000ms (default)
2023-03-19 06:36:17,587 [s2-groupManagement] INFO  server.RaftServerConfigKeys (ConfUtils.java:logGet(46)) - raft.server.log.appender.install.snapshot.enabled = true (default)
2023-03-19 06:36:17,587 [s2-groupManagement] INFO  server.RaftServerConfigKeys (ConfUtils.java:logGet(46)) - raft.server.threadpool.server.cached = true (default)
2023-03-19 06:36:17,587 [s2-groupManagement] INFO  server.RaftServerConfigKeys (ConfUtils.java:logGet(46)) - raft.server.threadpool.server.size = 0 (default)
2023-03-19 06:36:17,587 [s2-groupManagement] INFO  server.RaftServerConfigKeys (ConfUtils.java:logGet(46)) - raft.server.threadpool.client.cached = true (default)
2023-03-19 06:36:17,587 [s2-groupManagement] INFO  server.RaftServerConfigKeys (ConfUtils.java:logGet(46)) - raft.server.threadpool.client.size = 0 (default)
2023-03-19 06:36:17,587 [s1-impl-thread1] INFO  impl.SimpleStateMachine4Testing (SimpleStateMachine4Testing.java:loadSnapshot(293)) - Loading snapshot null
2023-03-19 06:36:17,587 [s1-impl-thread1] TRACE util.FileUtils (FileUtils.java:deleteFully(201)) - deleteFully /tmp/ratis-tests/statemachine/s1
2023-03-19 06:36:17,588 [s1-impl-thread1] TRACE util.FileUtils (LogUtils.java:runAndLog(49)) - Successfully ran Files.delete /tmp/ratis-tests/statemachine/s1/tmp
2023-03-19 06:36:17,588 [s1-impl-thread1] TRACE util.FileUtils (LogUtils.java:runAndLog(49)) - Successfully ran Files.delete /tmp/ratis-tests/statemachine/s1/snapshot/1_191/vegetable.md5
2023-03-19 06:36:17,588 [s1-impl-thread1] TRACE util.FileUtils (LogUtils.java:runAndLog(49)) - Successfully ran Files.delete /tmp/ratis-tests/statemachine/s1/snapshot/1_191/loves.md5
2023-03-19 06:36:17,588 [s1-impl-thread1] TRACE util.FileUtils (LogUtils.java:runAndLog(49)) - Successfully ran Files.delete /tmp/ratis-tests/statemachine/s1/snapshot/1_191/deer.md5
2023-03-19 06:36:17,588 [s1-impl-thread1] TRACE util.FileUtils (LogUtils.java:runAndLog(49)) - Successfully ran Files.delete /tmp/ratis-tests/statemachine/s1/snapshot/1_191/vegetable
2023-03-19 06:36:17,588 [s1-impl-thread1] TRACE util.FileUtils (LogUtils.java:runAndLog(49)) - Successfully ran Files.delete /tmp/ratis-tests/statemachine/s1/snapshot/1_191/deer
2023-03-19 06:36:17,588 [s1-impl-thread1] TRACE util.FileUtils (LogUtils.java:runAndLog(49)) - Successfully ran Files.delete /tmp/ratis-tests/statemachine/s1/snapshot/1_191/loves
2023-03-19 06:36:17,588 [s1-impl-thread1] TRACE util.FileUtils (LogUtils.java:runAndLog(49)) - Successfully ran Files.delete /tmp/ratis-tests/statemachine/s1/snapshot/1_191
2023-03-19 06:36:17,589 [s1-impl-thread1] TRACE util.FileUtils (LogUtils.java:runAndLog(49)) - Successfully ran Files.delete /tmp/ratis-tests/statemachine/s1/snapshot/1_257/vegetable
2023-03-19 06:36:17,589 [s1-impl-thread1] TRACE util.FileUtils (LogUtils.java:runAndLog(49)) - Successfully ran Files.delete /tmp/ratis-tests/statemachine/s1/snapshot/1_257/deer
2023-03-19 06:36:17,589 [s1-impl-thread1] TRACE util.FileUtils (LogUtils.java:runAndLog(49)) - Successfully ran Files.delete /tmp/ratis-tests/statemachine/s1/snapshot/1_257/loves
2023-03-19 06:36:17,589 [s1-impl-thread1] TRACE util.FileUtils (LogUtils.java:runAndLog(49)) - Successfully ran Files.delete /tmp/ratis-tests/statemachine/s1/snapshot/1_257
2023-03-19 06:36:17,589 [s1-impl-thread1] TRACE util.FileUtils (LogUtils.java:runAndLog(49)) - Successfully ran Files.delete /tmp/ratis-tests/statemachine/s1/snapshot
2023-03-19 06:36:17,589 [s1-impl-thread1] TRACE util.FileUtils (LogUtils.java:runAndLog(49)) - Successfully ran Files.delete /tmp/ratis-tests/statemachine/s1
2023-03-19 06:36:17,589 [s1-impl-thread1] INFO  server.RaftServerConfigKeys (ConfUtils.java:logGet(46)) - raft.server.log.use.memory = false (default)
2023-03-19 06:36:17,589 [s1-impl-thread1] INFO  server.RaftServerConfigKeys (ConfUtils.java:logGet(46)) - raft.server.log.purge.gap = 8 (custom)
2023-03-19 06:36:17,589 [s1-impl-thread1] INFO  server.RaftServerConfigKeys (ConfUtils.java:logGet(46)) - raft.server.log.appender.buffer.byte-limit = 4MB (=4194304) (default)
2023-03-19 06:36:17,590 [s1-impl-thread1] INFO  server.RaftServerConfigKeys (ConfUtils.java:logGet(46)) - raft.server.log.statemachine.data.read.timeout = 1000ms (default)
2023-03-19 06:36:17,590 [s1-impl-thread1] INFO  server.RaftServerConfigKeys (ConfUtils.java:logGet(46)) - raft.server.log.purge.preservation.log.num = 0 (default)
2023-03-19 06:36:17,591 [s1-impl-thread1] INFO  server.RaftServerConfigKeys (ConfUtils.java:logGet(46)) - raft.server.log.segment.size.max = 8MB (=8388608) (default)
2023-03-19 06:36:17,591 [s1-impl-thread1] INFO  server.RaftServerConfigKeys (ConfUtils.java:logGet(46)) - raft.server.log.segment.cache.num.max = 6 (default)
2023-03-19 06:36:17,591 [s1-impl-thread1] INFO  server.RaftServerConfigKeys (ConfUtils.java:logGet(46)) - raft.server.log.segment.cache.size.max = 200MB (=209715200) (default)
2023-03-19 06:36:17,592 [s1-impl-thread1] INFO  server.RaftServerConfigKeys (ConfUtils.java:logGet(46)) - raft.server.log.appender.buffer.byte-limit = 4MB (=4194304) (default)
2023-03-19 06:36:17,592 [s1-impl-thread1] INFO  segmented.SegmentedRaftLogWorker (SegmentedRaftLogWorker.java:<init>(183)) - new s1@group-2AD7074A39E5-SegmentedRaftLogWorker for RaftStorageImpl:Storage Directory /home/runner/work/ratis/ratis/ratis-test/target/test/data/c32c3602/MiniRaftClusterWithGrpc44095df7/s1/5d6b88c2-97dd-4192-a7f2-2ad7074a39e5
2023-03-19 06:36:17,592 [s1-impl-thread1] INFO  server.RaftServerConfigKeys (ConfUtils.java:logGet(46)) - raft.server.log.queue.byte-limit = 64MB (=67108864) (default)
2023-03-19 06:36:17,592 [s1-impl-thread1] INFO  server.RaftServerConfigKeys (ConfUtils.java:logGet(46)) - raft.server.log.queue.element-limit = 4096 (default)
2023-03-19 06:36:17,592 [s1-impl-thread1] INFO  server.RaftServerConfigKeys (ConfUtils.java:logGet(46)) - raft.server.log.segment.size.max = 8MB (=8388608) (default)
2023-03-19 06:36:17,592 [s1-impl-thread1] INFO  server.RaftServerConfigKeys (ConfUtils.java:logGet(46)) - raft.server.log.preallocated.size = 4MB (=4194304) (default)
2023-03-19 06:36:17,592 [s1-impl-thread1] INFO  server.RaftServerConfigKeys (ConfUtils.java:logGet(46)) - raft.server.log.force.sync.num = 128 (default)
2023-03-19 06:36:17,592 [s1-impl-thread1] INFO  server.RaftServerConfigKeys (ConfUtils.java:logGet(46)) - raft.server.log.statemachine.data.sync = true (default)
2023-03-19 06:36:17,592 [s1-impl-thread1] INFO  server.RaftServerConfigKeys (ConfUtils.java:logGet(46)) - raft.server.log.statemachine.data.sync.timeout = 10s (default)
2023-03-19 06:36:17,592 [s1-impl-thread1] INFO  server.RaftServerConfigKeys (ConfUtils.java:logGet(46)) - raft.server.log.statemachine.data.sync.timeout.retry = -1 (default)
2023-03-19 06:36:17,592 [s1-impl-thread1] INFO  server.RaftServerConfigKeys (ConfUtils.java:logGet(46)) - raft.server.log.write.buffer.size = 64KB (=65536) (default)
2023-03-19 06:36:17,592 [s1-impl-thread1] INFO  server.RaftServerConfigKeys (ConfUtils.java:logGet(46)) - raft.server.log.appender.buffer.byte-limit = 4MB (=4194304) (default)
2023-03-19 06:36:17,593 [s1-impl-thread1] INFO  server.RaftServerConfigKeys (ConfUtils.java:logGet(46)) - raft.server.log.unsafe-flush.enabled = false (default)
2023-03-19 06:36:17,593 [s1-impl-thread1] INFO  server.RaftServerConfigKeys (ConfUtils.java:logGet(46)) - raft.server.log.async-flush.enabled = false (default)
2023-03-19 06:36:17,593 [s1-impl-thread1] INFO  server.RaftServerConfigKeys (ConfUtils.java:logGet(46)) - raft.server.log.statemachine.data.caching.enabled = false (default)
2023-03-19 06:36:17,593 [s1-impl-thread1] INFO  segmented.SegmentedRaftLogWorker (SegmentedRaftLogWorker.java:lambda$new$0(134)) - s1@group-2AD7074A39E5-SegmentedRaftLogWorker: flushIndex: setUnconditionally 0 -> -1
2023-03-19 06:36:17,593 [s1-impl-thread1] INFO  segmented.SegmentedRaftLogWorker (SegmentedRaftLogWorker.java:lambda$new$0(134)) - s1@group-2AD7074A39E5-SegmentedRaftLogWorker: safeCacheEvictIndex: setUnconditionally 0 -> -1
2023-03-19 06:36:17,594 [s1-impl-thread1] INFO  server.RaftServer$Division (RaftServerImpl.java:start(348)) - s1@group-2AD7074A39E5: start with initializing state, conf=-1: peers:[]|listeners:[], old=null
2023-03-19 06:36:17,594 [s1-impl-thread1] INFO  server.RaftServer$Division (RaftServerImpl.java:setRole(329)) - s1@group-2AD7074A39E5: changes role from      null to FOLLOWER at term 0 for startInitializing
2023-03-19 06:36:17,594 [s1-impl-thread1] INFO  util.JmxRegister (JmxRegister.java:tryRegister(44)) - Successfully registered JMX Bean with object name Ratis:service=RaftServer,group=group-2AD7074A39E5,id=s1
2023-03-19 06:36:17,595 [s1-impl-thread1] INFO  server.RaftServerConfigKeys (ConfUtils.java:logGet(46)) - raft.server.snapshot.auto.trigger.enabled = true (custom)
2023-03-19 06:36:17,595 [s1-impl-thread1] INFO  server.RaftServerConfigKeys (ConfUtils.java:logGet(46)) - raft.server.snapshot.auto.trigger.threshold = 64 (custom)
2023-03-19 06:36:17,595 [s1-impl-thread1] INFO  server.RaftServerConfigKeys (ConfUtils.java:logGet(46)) - raft.server.snapshot.retention.file.num = -1 (default)
2023-03-19 06:36:17,595 [s1-impl-thread1] INFO  server.RaftServerConfigKeys (ConfUtils.java:logGet(46)) - raft.server.log.purge.upto.snapshot.index = false (default)
2023-03-19 06:36:17,598 [Time-limited test] INFO  server.RaftServer (RaftServerProxy.java:startImpl(401)) - s1: start RPC server
2023-03-19 06:36:17,599 [Time-limited test] INFO  server.GrpcService (GrpcService.java:startImpl(302)) - s1: GrpcService started, listening on 42963
2023-03-19 06:36:17,599 [s2-impl-thread1] INFO  server.RaftServerConfigKeys (ConfUtils.java:logGet(46)) - raft.server.storage.free-space.min = 0MB (=0) (default)
2023-03-19 06:36:17,599 [JvmPauseMonitor10] INFO  util.JvmPauseMonitor (JvmPauseMonitor.java:run(103)) - JvmPauseMonitor-s1: Started
2023-03-19 06:36:17,600 [s2-impl-thread1] INFO  server.RaftServerConfigKeys (ConfUtils.java:logGet(46)) - raft.server.log.corruption.policy = EXCEPTION (default)
2023-03-19 06:36:17,600 [s2-impl-thread1] INFO  server.RaftServerConfigKeys (ConfUtils.java:logGet(46)) - raft.server.storage.dir = [/home/runner/work/ratis/ratis/ratis-test/target/test/data/c32c3602/MiniRaftClusterWithGrpc44095df7/s2] (custom)
2023-03-19 06:36:17,600 [s2-impl-thread1] INFO  storage.RaftStorageDirectory (RaftStorageDirectoryImpl.java:analyzeStorage(138)) - The storage directory /home/runner/work/ratis/ratis/ratis-test/target/test/data/c32c3602/MiniRaftClusterWithGrpc44095df7/s2/5d6b88c2-97dd-4192-a7f2-2ad7074a39e5 does not exist. Creating ...
2023-03-19 06:36:17,600 [s2-impl-thread1] TRACE util.FileUtils (LogUtils.java:runAndLog(49)) - Successfully ran Files.createDirectories /home/runner/work/ratis/ratis/ratis-test/target/test/data/c32c3602/MiniRaftClusterWithGrpc44095df7/s2/5d6b88c2-97dd-4192-a7f2-2ad7074a39e5
2023-03-19 06:36:17,602 [s2-impl-thread1] INFO  storage.RaftStorageDirectory (RaftStorageDirectoryImpl.java:tryLock(232)) - Lock on /home/runner/work/ratis/ratis/ratis-test/target/test/data/c32c3602/MiniRaftClusterWithGrpc44095df7/s2/5d6b88c2-97dd-4192-a7f2-2ad7074a39e5/in_use.lock acquired by nodename 2736@fv-az264-909
2023-03-19 06:36:17,602 [s2-impl-thread1] TRACE util.FileUtils (LogUtils.java:runAndLog(49)) - Successfully ran Files.createDirectories /home/runner/work/ratis/ratis/ratis-test/target/test/data/c32c3602/MiniRaftClusterWithGrpc44095df7/s2/5d6b88c2-97dd-4192-a7f2-2ad7074a39e5/current
2023-03-19 06:36:17,602 [s2-impl-thread1] TRACE util.FileUtils (LogUtils.java:runAndLog(49)) - Successfully ran Files.createDirectories /home/runner/work/ratis/ratis/ratis-test/target/test/data/c32c3602/MiniRaftClusterWithGrpc44095df7/s2/5d6b88c2-97dd-4192-a7f2-2ad7074a39e5/sm
2023-03-19 06:36:17,604 [s2-impl-thread1] INFO  storage.RaftStorage (RaftStorageImpl.java:format(96)) - Storage directory /home/runner/work/ratis/ratis/ratis-test/target/test/data/c32c3602/MiniRaftClusterWithGrpc44095df7/s2/5d6b88c2-97dd-4192-a7f2-2ad7074a39e5 has been successfully formatted.
2023-03-19 06:36:17,604 [s2-impl-thread1] INFO  impl.SimpleStateMachine4Testing (SimpleStateMachine4Testing.java:initialize(213)) - Initializing StateMachineWithSeparatedSnapshotPath:uninitialized
2023-03-19 06:36:17,604 [s2-impl-thread1] INFO  impl.SimpleStateMachine4Testing (SimpleStateMachine4Testing.java:loadSnapshot(293)) - Loading snapshot null
2023-03-19 06:36:17,604 [s2-impl-thread1] TRACE util.FileUtils (FileUtils.java:deleteFully(201)) - deleteFully /tmp/ratis-tests/statemachine/s2
2023-03-19 06:36:17,604 [s2-impl-thread1] TRACE util.FileUtils (LogUtils.java:runAndLog(49)) - Successfully ran Files.delete /tmp/ratis-tests/statemachine/s2/tmp
2023-03-19 06:36:17,604 [s2-impl-thread1] TRACE util.FileUtils (LogUtils.java:runAndLog(49)) - Successfully ran Files.delete /tmp/ratis-tests/statemachine/s2/snapshot/1_258/vegetable
2023-03-19 06:36:17,605 [s2-impl-thread1] TRACE util.FileUtils (LogUtils.java:runAndLog(49)) - Successfully ran Files.delete /tmp/ratis-tests/statemachine/s2/snapshot/1_258/deer
2023-03-19 06:36:17,605 [s2-impl-thread1] TRACE util.FileUtils (LogUtils.java:runAndLog(49)) - Successfully ran Files.delete /tmp/ratis-tests/statemachine/s2/snapshot/1_258/loves
2023-03-19 06:36:17,605 [s2-impl-thread1] TRACE util.FileUtils (LogUtils.java:runAndLog(49)) - Successfully ran Files.delete /tmp/ratis-tests/statemachine/s2/snapshot/1_258
2023-03-19 06:36:17,605 [s2-impl-thread1] TRACE util.FileUtils (LogUtils.java:runAndLog(49)) - Successfully ran Files.delete /tmp/ratis-tests/statemachine/s2/snapshot/1_191/vegetable.md5
2023-03-19 06:36:17,605 [s2-impl-thread1] TRACE util.FileUtils (LogUtils.java:runAndLog(49)) - Successfully ran Files.delete /tmp/ratis-tests/statemachine/s2/snapshot/1_191/loves.md5
2023-03-19 06:36:17,605 [s2-impl-thread1] TRACE util.FileUtils (LogUtils.java:runAndLog(49)) - Successfully ran Files.delete /tmp/ratis-tests/statemachine/s2/snapshot/1_191/deer.md5
2023-03-19 06:36:17,605 [s2-impl-thread1] TRACE util.FileUtils (LogUtils.java:runAndLog(49)) - Successfully ran Files.delete /tmp/ratis-tests/statemachine/s2/snapshot/1_191/vegetable
2023-03-19 06:36:17,605 [s2-impl-thread1] TRACE util.FileUtils (LogUtils.java:runAndLog(49)) - Successfully ran Files.delete /tmp/ratis-tests/statemachine/s2/snapshot/1_191/deer
2023-03-19 06:36:17,605 [s2-impl-thread1] TRACE util.FileUtils (LogUtils.java:runAndLog(49)) - Successfully ran Files.delete /tmp/ratis-tests/statemachine/s2/snapshot/1_191/loves
2023-03-19 06:36:17,605 [s2-impl-thread1] TRACE util.FileUtils (LogUtils.java:runAndLog(49)) - Successfully ran Files.delete /tmp/ratis-tests/statemachine/s2/snapshot/1_191
2023-03-19 06:36:17,606 [s2-impl-thread1] TRACE util.FileUtils (LogUtils.java:runAndLog(49)) - Successfully ran Files.delete /tmp/ratis-tests/statemachine/s2/snapshot/1_257/vegetable
2023-03-19 06:36:17,606 [s2-impl-thread1] TRACE util.FileUtils (LogUtils.java:runAndLog(49)) - Successfully ran Files.delete /tmp/ratis-tests/statemachine/s2/snapshot/1_257/deer
2023-03-19 06:36:17,606 [s2-impl-thread1] TRACE util.FileUtils (LogUtils.java:runAndLog(49)) - Successfully ran Files.delete /tmp/ratis-tests/statemachine/s2/snapshot/1_257/loves
2023-03-19 06:36:17,606 [s2-impl-thread1] TRACE util.FileUtils (LogUtils.java:runAndLog(49)) - Successfully ran Files.delete /tmp/ratis-tests/statemachine/s2/snapshot/1_257
2023-03-19 06:36:17,606 [s2-impl-thread1] TRACE util.FileUtils (LogUtils.java:runAndLog(49)) - Successfully ran Files.delete /tmp/ratis-tests/statemachine/s2/snapshot
2023-03-19 06:36:17,606 [s2-impl-thread1] TRACE util.FileUtils (LogUtils.java:runAndLog(49)) - Successfully ran Files.delete /tmp/ratis-tests/statemachine/s2
2023-03-19 06:36:17,606 [s2-impl-thread1] INFO  server.RaftServerConfigKeys (ConfUtils.java:logGet(46)) - raft.server.log.use.memory = false (default)
2023-03-19 06:36:17,606 [s2-impl-thread1] INFO  server.RaftServerConfigKeys (ConfUtils.java:logGet(46)) - raft.server.log.purge.gap = 8 (custom)
2023-03-19 06:36:17,606 [s2-impl-thread1] INFO  server.RaftServerConfigKeys (ConfUtils.java:logGet(46)) - raft.server.log.appender.buffer.byte-limit = 4MB (=4194304) (default)
2023-03-19 06:36:17,606 [s2-impl-thread1] INFO  server.RaftServerConfigKeys (ConfUtils.java:logGet(46)) - raft.server.log.statemachine.data.read.timeout = 1000ms (default)
2023-03-19 06:36:17,607 [s2-impl-thread1] INFO  server.RaftServerConfigKeys (ConfUtils.java:logGet(46)) - raft.server.log.purge.preservation.log.num = 0 (default)
2023-03-19 06:36:17,607 [s2-impl-thread1] INFO  server.RaftServerConfigKeys (ConfUtils.java:logGet(46)) - raft.server.log.segment.size.max = 8MB (=8388608) (default)
2023-03-19 06:36:17,607 [s2-impl-thread1] INFO  server.RaftServerConfigKeys (ConfUtils.java:logGet(46)) - raft.server.log.segment.cache.num.max = 6 (default)
2023-03-19 06:36:17,607 [s2-impl-thread1] INFO  server.RaftServerConfigKeys (ConfUtils.java:logGet(46)) - raft.server.log.segment.cache.size.max = 200MB (=209715200) (default)
2023-03-19 06:36:17,607 [s2-impl-thread1] INFO  server.RaftServerConfigKeys (ConfUtils.java:logGet(46)) - raft.server.log.appender.buffer.byte-limit = 4MB (=4194304) (default)
2023-03-19 06:36:17,607 [s2-impl-thread1] INFO  segmented.SegmentedRaftLogWorker (SegmentedRaftLogWorker.java:<init>(183)) - new s2@group-2AD7074A39E5-SegmentedRaftLogWorker for RaftStorageImpl:Storage Directory /home/runner/work/ratis/ratis/ratis-test/target/test/data/c32c3602/MiniRaftClusterWithGrpc44095df7/s2/5d6b88c2-97dd-4192-a7f2-2ad7074a39e5
2023-03-19 06:36:17,607 [s2-impl-thread1] INFO  server.RaftServerConfigKeys (ConfUtils.java:logGet(46)) - raft.server.log.queue.byte-limit = 64MB (=67108864) (default)
2023-03-19 06:36:17,607 [s2-impl-thread1] INFO  server.RaftServerConfigKeys (ConfUtils.java:logGet(46)) - raft.server.log.queue.element-limit = 4096 (default)
2023-03-19 06:36:17,608 [s2-impl-thread1] INFO  server.RaftServerConfigKeys (ConfUtils.java:logGet(46)) - raft.server.log.segment.size.max = 8MB (=8388608) (default)
2023-03-19 06:36:17,608 [s2-impl-thread1] INFO  server.RaftServerConfigKeys (ConfUtils.java:logGet(46)) - raft.server.log.preallocated.size = 4MB (=4194304) (default)
2023-03-19 06:36:17,608 [s2-impl-thread1] INFO  server.RaftServerConfigKeys (ConfUtils.java:logGet(46)) - raft.server.log.force.sync.num = 128 (default)
2023-03-19 06:36:17,608 [s2-impl-thread1] INFO  server.RaftServerConfigKeys (ConfUtils.java:logGet(46)) - raft.server.log.statemachine.data.sync = true (default)
2023-03-19 06:36:17,608 [s2-impl-thread1] INFO  server.RaftServerConfigKeys (ConfUtils.java:logGet(46)) - raft.server.log.statemachine.data.sync.timeout = 10s (default)
2023-03-19 06:36:17,608 [s2-impl-thread1] INFO  server.RaftServerConfigKeys (ConfUtils.java:logGet(46)) - raft.server.log.statemachine.data.sync.timeout.retry = -1 (default)
2023-03-19 06:36:17,608 [s2-impl-thread1] INFO  server.RaftServerConfigKeys (ConfUtils.java:logGet(46)) - raft.server.log.write.buffer.size = 64KB (=65536) (default)
2023-03-19 06:36:17,608 [s2-impl-thread1] INFO  server.RaftServerConfigKeys (ConfUtils.java:logGet(46)) - raft.server.log.appender.buffer.byte-limit = 4MB (=4194304) (default)
2023-03-19 06:36:17,609 [s2-impl-thread1] INFO  server.RaftServerConfigKeys (ConfUtils.java:logGet(46)) - raft.server.log.unsafe-flush.enabled = false (default)
2023-03-19 06:36:17,609 [s2-impl-thread1] INFO  server.RaftServerConfigKeys (ConfUtils.java:logGet(46)) - raft.server.log.async-flush.enabled = false (default)
2023-03-19 06:36:17,609 [s2-impl-thread1] INFO  server.RaftServerConfigKeys (ConfUtils.java:logGet(46)) - raft.server.log.statemachine.data.caching.enabled = false (default)
2023-03-19 06:36:17,609 [s2-impl-thread1] INFO  segmented.SegmentedRaftLogWorker (SegmentedRaftLogWorker.java:lambda$new$0(134)) - s2@group-2AD7074A39E5-SegmentedRaftLogWorker: flushIndex: setUnconditionally 0 -> -1
2023-03-19 06:36:17,609 [s2-impl-thread1] INFO  segmented.SegmentedRaftLogWorker (SegmentedRaftLogWorker.java:lambda$new$0(134)) - s2@group-2AD7074A39E5-SegmentedRaftLogWorker: safeCacheEvictIndex: setUnconditionally 0 -> -1
2023-03-19 06:36:17,610 [s2-impl-thread1] INFO  server.RaftServer$Division (RaftServerImpl.java:start(348)) - s2@group-2AD7074A39E5: start with initializing state, conf=-1: peers:[]|listeners:[], old=null
2023-03-19 06:36:17,610 [s2-impl-thread1] INFO  server.RaftServer$Division (RaftServerImpl.java:setRole(329)) - s2@group-2AD7074A39E5: changes role from      null to FOLLOWER at term 0 for startInitializing
2023-03-19 06:36:17,611 [s2-impl-thread1] INFO  util.JmxRegister (JmxRegister.java:tryRegister(44)) - Successfully registered JMX Bean with object name Ratis:service=RaftServer,group=group-2AD7074A39E5,id=s2
2023-03-19 06:36:17,611 [s2-impl-thread1] INFO  server.RaftServerConfigKeys (ConfUtils.java:logGet(46)) - raft.server.snapshot.auto.trigger.enabled = true (custom)
2023-03-19 06:36:17,611 [s2-impl-thread1] INFO  server.RaftServerConfigKeys (ConfUtils.java:logGet(46)) - raft.server.snapshot.auto.trigger.threshold = 64 (custom)
2023-03-19 06:36:17,611 [s2-impl-thread1] INFO  server.RaftServerConfigKeys (ConfUtils.java:logGet(46)) - raft.server.snapshot.retention.file.num = -1 (default)
2023-03-19 06:36:17,611 [s2-impl-thread1] INFO  server.RaftServerConfigKeys (ConfUtils.java:logGet(46)) - raft.server.log.purge.upto.snapshot.index = false (default)
2023-03-19 06:36:17,612 [Time-limited test] INFO  server.RaftServer (RaftServerProxy.java:startImpl(401)) - s2: start RPC server
2023-03-19 06:36:17,614 [Time-limited test] INFO  server.GrpcService (GrpcService.java:startImpl(302)) - s2: GrpcService started, listening on 43881
2023-03-19 06:36:17,619 [Time-limited test] INFO  impl.MiniRaftCluster (MiniRaftCluster.java:setConfiguration(819)) - Start changing the configuration: [s1|rpc:0.0.0.0:42963|priority:0|startupRole:FOLLOWER, s2|rpc:0.0.0.0:43881|priority:0|startupRole:FOLLOWER, s0|rpc:localhost:35127|admin:localhost:41817|client:localhost:45363|dataStream:localhost:44295|priority:0|startupRole:FOLLOWER]
2023-03-19 06:36:17,623 [JvmPauseMonitor11] INFO  util.JvmPauseMonitor (JvmPauseMonitor.java:run(103)) - JvmPauseMonitor-s2: Started
2023-03-19 06:36:17,625 [s0-server-thread1] INFO  server.RaftServer$Division (RaftServerImpl.java:setConfigurationAsync(1193)) - s0@group-2AD7074A39E5: receive setConfiguration SetConfigurationRequest:client-2D153305F9D1->s0@group-2AD7074A39E5, cid=515, seq=0, RW, null, SET_UNCONDITIONALLY, servers:[s1|rpc:0.0.0.0:42963|dataStream:|priority:0|startupRole:FOLLOWER, s2|rpc:0.0.0.0:43881|dataStream:|priority:0|startupRole:FOLLOWER, s0|rpc:localhost:35127|admin:localhost:41817|client:localhost:45363|dataStream:localhost:44295|priority:0|startupRole:FOLLOWER], listeners:[]
2023-03-19 06:36:17,625 [s0-server-thread1] INFO  server.RaftServer$Division (LeaderStateImpl.java:startSetConfiguration(443)) - s0@group-2AD7074A39E5-LeaderStateImpl: startSetConfiguration SetConfigurationRequest:client-2D153305F9D1->s0@group-2AD7074A39E5, cid=515, seq=0, RW, null, SET_UNCONDITIONALLY, servers:[s1|rpc:0.0.0.0:42963|dataStream:|priority:0|startupRole:FOLLOWER, s2|rpc:0.0.0.0:43881|dataStream:|priority:0|startupRole:FOLLOWER, s0|rpc:localhost:35127|admin:localhost:41817|client:localhost:45363|dataStream:localhost:44295|priority:0|startupRole:FOLLOWER], listeners:[]
2023-03-19 06:36:17,626 [s0-server-thread1] INFO  server.RaftServerConfigKeys (ConfUtils.java:logGet(46)) - raft.server.log.appender.snapshot.chunk.size.max = 1k (=1024) (custom)
2023-03-19 06:36:17,626 [s0-server-thread1] INFO  server.RaftServerConfigKeys (ConfUtils.java:logGet(46)) - raft.server.log.appender.buffer.byte-limit = 4MB (=4194304) (default)
2023-03-19 06:36:17,626 [s0-server-thread1] INFO  server.RaftServerConfigKeys (ConfUtils.java:logGet(46)) - raft.server.log.appender.buffer.element-limit = 0 (default)
2023-03-19 06:36:17,626 [s0-server-thread1] INFO  server.RaftServerConfigKeys (ConfUtils.java:logGet(46)) - raft.server.log.appender.wait-time.min = 10ms (default)
2023-03-19 06:36:17,626 [s0-server-thread1] INFO  grpc.GrpcConfigKeys (ConfUtils.java:logGet(46)) - raft.grpc.server.leader.outstanding.appends.max = 128 (default)
2023-03-19 06:36:17,626 [s0-server-thread1] INFO  server.RaftServerConfigKeys (ConfUtils.java:logGet(46)) - raft.server.rpc.request.timeout = 3000ms (default)
2023-03-19 06:36:17,626 [s0-server-thread1] INFO  grpc.GrpcConfigKeys (ConfUtils.java:logGet(46)) - raft.grpc.server.install_snapshot.request.element-limit = 8 (default)
2023-03-19 06:36:17,626 [s0-server-thread1] INFO  grpc.GrpcConfigKeys (ConfUtils.java:logGet(46)) - raft.grpc.server.install_snapshot.request.timeout = 3000ms (default)
2023-03-19 06:36:17,626 [s0-server-thread1] INFO  server.RaftServerConfigKeys (ConfUtils.java:logGet(46)) - raft.server.log.appender.install.snapshot.enabled = true (default)
2023-03-19 06:36:17,626 [s0-server-thread1] INFO  grpc.GrpcConfigKeys (ConfUtils.java:logGet(46)) - raft.grpc.server.heartbeat.channel = true (default)
2023-03-19 06:36:17,627 [s0-server-thread1] INFO  server.RaftServerConfigKeys (ConfUtils.java:logGet(46)) - raft.server.log.appender.snapshot.chunk.size.max = 1k (=1024) (custom)
2023-03-19 06:36:17,627 [s0-server-thread1] INFO  server.RaftServerConfigKeys (ConfUtils.java:logGet(46)) - raft.server.log.appender.buffer.byte-limit = 4MB (=4194304) (default)
2023-03-19 06:36:17,627 [s0-server-thread1] INFO  server.RaftServerConfigKeys (ConfUtils.java:logGet(46)) - raft.server.log.appender.buffer.element-limit = 0 (default)
2023-03-19 06:36:17,627 [s0-server-thread1] INFO  server.RaftServerConfigKeys (ConfUtils.java:logGet(46)) - raft.server.log.appender.wait-time.min = 10ms (default)
2023-03-19 06:36:17,627 [s0-server-thread1] INFO  grpc.GrpcConfigKeys (ConfUtils.java:logGet(46)) - raft.grpc.server.leader.outstanding.appends.max = 128 (default)
2023-03-19 06:36:17,627 [s0-server-thread1] INFO  server.RaftServerConfigKeys (ConfUtils.java:logGet(46)) - raft.server.rpc.request.timeout = 3000ms (default)
2023-03-19 06:36:17,627 [s0-server-thread1] INFO  grpc.GrpcConfigKeys (ConfUtils.java:logGet(46)) - raft.grpc.server.install_snapshot.request.element-limit = 8 (default)
2023-03-19 06:36:17,627 [s0-server-thread1] INFO  grpc.GrpcConfigKeys (ConfUtils.java:logGet(46)) - raft.grpc.server.install_snapshot.request.timeout = 3000ms (default)
2023-03-19 06:36:17,627 [s0-server-thread1] INFO  server.RaftServerConfigKeys (ConfUtils.java:logGet(46)) - raft.server.log.appender.install.snapshot.enabled = true (default)
2023-03-19 06:36:17,627 [s0-server-thread1] INFO  grpc.GrpcConfigKeys (ConfUtils.java:logGet(46)) - raft.grpc.server.heartbeat.channel = true (default)
2023-03-19 06:36:17,628 [s0@group-2AD7074A39E5->s1-GrpcLogAppender-LogAppenderDaemon] INFO  server.GrpcLogAppender (GrpcLogAppender.java:installSnapshot(595)) - s0@group-2AD7074A39E5->s1-GrpcLogAppender: followerNextIndex = 0 but logStartIndex = 0, send snapshot FileListSnapshotInfo(t:1, i:191):[/tmp/ratis-tests/statemachine/s0/snapshot/1_191/vegetable, /tmp/ratis-tests/statemachine/s0/snapshot/1_191/deer, /tmp/ratis-tests/statemachine/s0/snapshot/1_191/loves] to follower
2023-03-19 06:36:17,632 [s0@group-2AD7074A39E5->s1-GrpcLogAppender-LogAppenderDaemon] INFO  server.GrpcServerProtocolClient (GrpcServerProtocolClient.java:<init>(64)) - Build channel for s1
2023-03-19 06:36:17,637 [grpc-default-executor-1] INFO  impl.SnapshotInstallationHandler (SnapshotInstallationHandler.java:installSnapshot(89)) - s1@group-2AD7074A39E5: receive installSnapshot: s0->s1#0-t1,chunk:81d7891a-a29d-4667-a6b0-4d8dd391cacd,0
2023-03-19 06:36:17,639 [s0@group-2AD7074A39E5->s2-GrpcLogAppender-LogAppenderDaemon] INFO  server.GrpcLogAppender (GrpcLogAppender.java:installSnapshot(595)) - s0@group-2AD7074A39E5->s2-GrpcLogAppender: followerNextIndex = 0 but logStartIndex = 0, send snapshot FileListSnapshotInfo(t:1, i:191):[/tmp/ratis-tests/statemachine/s0/snapshot/1_191/vegetable, /tmp/ratis-tests/statemachine/s0/snapshot/1_191/deer, /tmp/ratis-tests/statemachine/s0/snapshot/1_191/loves] to follower
2023-03-19 06:36:17,639 [s0@group-2AD7074A39E5->s2-GrpcLogAppender-LogAppenderDaemon] INFO  server.GrpcServerProtocolClient (GrpcServerProtocolClient.java:<init>(64)) - Build channel for s2
2023-03-19 06:36:17,640 [grpc-default-executor-1] INFO  server.RaftServer$Division (ServerState.java:setLeader(260)) - s1@group-2AD7074A39E5: change Leader from null to s0 at term 1 for installSnapshot, leader elected after 61ms
2023-03-19 06:36:17,644 [grpc-default-executor-1] TRACE util.FileUtils (LogUtils.java:runAndLog(49)) - Successfully ran Files.createDirectories /tmp/ratis-tests/statemachine/s1/tmp/snapshot-81d7891a-a29d-4667-a6b0-4d8dd391cacd
2023-03-19 06:36:17,644 [grpc-default-executor-1] INFO  storage.SnapshotManager (SnapshotManager.java:installSnapshot(89)) - Installing snapshot:s0->s1#0-t1,chunk:81d7891a-a29d-4667-a6b0-4d8dd391cacd,0, to tmp dir:/tmp/ratis-tests/statemachine/s1/tmp/snapshot-81d7891a-a29d-4667-a6b0-4d8dd391cacd
2023-03-19 06:36:17,644 [grpc-default-executor-1] TRACE util.FileUtils (LogUtils.java:runAndLog(49)) - Successfully ran Files.createDirectories /tmp/ratis-tests/statemachine/s1/tmp/snapshot-81d7891a-a29d-4667-a6b0-4d8dd391cacd/1_191
2023-03-19 06:36:17,647 [grpc-default-executor-1] INFO  segmented.SegmentedRaftLogWorker (SegmentedRaftLogWorker.java:lambda$new$0(134)) - s1@group-2AD7074A39E5-SegmentedRaftLogWorker: flushIndex: setUnconditionally -1 -> 191
2023-03-19 06:36:17,647 [grpc-default-executor-1] INFO  segmented.SegmentedRaftLogWorker (SegmentedRaftLogWorker.java:lambda$new$0(134)) - s1@group-2AD7074A39E5-SegmentedRaftLogWorker: safeCacheEvictIndex: setUnconditionally -1 -> 191
2023-03-19 06:36:17,648 [grpc-default-executor-1] INFO  impl.SnapshotInstallationHandler (SnapshotInstallationHandler.java:installSnapshotImpl(134)) - s1@group-2AD7074A39E5: set new configuration configurationEntry {
  peers {
    id: "s0"
    address: "localhost:35127"
    dataStreamAddress: "localhost:44295"
    clientAddress: "localhost:45363"
    adminAddress: "localhost:41817"
    startupRole: FOLLOWER
  }
}
 from snapshot
2023-03-19 06:36:17,650 [grpc-default-executor-1] INFO  server.RaftServer$Division (ServerState.java:setRaftConf(377)) - s1@group-2AD7074A39E5: set configuration 0: peers:[s0|rpc:localhost:35127|admin:localhost:41817|client:localhost:45363|dataStream:localhost:44295|priority:0|startupRole:FOLLOWER]|listeners:[], old=null
2023-03-19 06:36:17,650 [grpc-default-executor-1] INFO  impl.SnapshotInstallationHandler (SnapshotInstallationHandler.java:installSnapshot(100)) - s1@group-2AD7074A39E5: reply installSnapshot: s0<-s1#0:OK-t0,SUCCESS,requestIndex=0
2023-03-19 06:36:17,651 [grpc-default-executor-3] INFO  server.GrpcLogAppender (GrpcLogAppender.java:onNext(501)) - s0@group-2AD7074A39E5->s1-InstallSnapshotResponseHandler: received the first reply s0<-s1#0:OK-t0,SUCCESS,requestIndex=0
2023-03-19 06:36:17,651 [grpc-default-executor-3] INFO  server.GrpcLogAppender (GrpcLogAppender.java:onNext(514)) - s0@group-2AD7074A39E5->s1-InstallSnapshotResponseHandler: Completed InstallSnapshot. Reply: serverReply {
  requestorId: "s0"
  replyId: "s1"
  raftGroupId {
    id: "]k\210\302\227\335A\222\247\362*\327\aJ9\345"
  }
  success: true
}
requestIndex: 0

2023-03-19 06:36:17,651 [grpc-default-executor-3] INFO  leader.FollowerInfo (FollowerInfoImpl.java:setAttemptedToInstallSnapshot(126)) - Follower s0@group-2AD7074A39E5->s1 acknowledged installing snapshot
2023-03-19 06:36:17,652 [grpc-default-executor-1] INFO  impl.SnapshotInstallationHandler (SnapshotInstallationHandler.java:installSnapshot(89)) - s1@group-2AD7074A39E5: receive installSnapshot: s0->s1#0-t1,chunk:81d7891a-a29d-4667-a6b0-4d8dd391cacd,1
2023-03-19 06:36:17,652 [grpc-default-executor-1] TRACE util.FileUtils (LogUtils.java:runAndLog(49)) - Successfully ran Files.createDirectories /tmp/ratis-tests/statemachine/s1/tmp/snapshot-81d7891a-a29d-4667-a6b0-4d8dd391cacd
2023-03-19 06:36:17,652 [grpc-default-executor-1] INFO  storage.SnapshotManager (SnapshotManager.java:installSnapshot(89)) - Installing snapshot:s0->s1#0-t1,chunk:81d7891a-a29d-4667-a6b0-4d8dd391cacd,1, to tmp dir:/tmp/ratis-tests/statemachine/s1/tmp/snapshot-81d7891a-a29d-4667-a6b0-4d8dd391cacd
2023-03-19 06:36:17,652 [grpc-default-executor-1] TRACE util.FileUtils (LogUtils.java:runAndLog(49)) - Successfully ran Files.createDirectories /tmp/ratis-tests/statemachine/s1/tmp/snapshot-81d7891a-a29d-4667-a6b0-4d8dd391cacd/1_191
2023-03-19 06:36:17,654 [grpc-default-executor-3] INFO  impl.SnapshotInstallationHandler (SnapshotInstallationHandler.java:installSnapshot(89)) - s2@group-2AD7074A39E5: receive installSnapshot: s0->s2#0-t1,chunk:2bfc2fff-c2a2-46bc-b496-b9ccd8a51207,0
2023-03-19 06:36:17,655 [grpc-default-executor-1] INFO  impl.SnapshotInstallationHandler (SnapshotInstallationHandler.java:installSnapshot(100)) - s1@group-2AD7074A39E5: reply installSnapshot: s0<-s1#0:OK-t1,SUCCESS,requestIndex=1
2023-03-19 06:36:17,655 [grpc-default-executor-4] INFO  server.GrpcLogAppender (GrpcLogAppender.java:onNext(501)) - s0@group-2AD7074A39E5->s1-InstallSnapshotResponseHandler: received a reply s0<-s1#0:OK-t1,SUCCESS,requestIndex=1
2023-03-19 06:36:17,655 [grpc-default-executor-4] INFO  server.GrpcLogAppender (GrpcLogAppender.java:onNext(514)) - s0@group-2AD7074A39E5->s1-InstallSnapshotResponseHandler: Completed InstallSnapshot. Reply: serverReply {
  requestorId: "s0"
  replyId: "s1"
  raftGroupId {
    id: "]k\210\302\227\335A\222\247\362*\327\aJ9\345"
  }
  success: true
}
term: 1
requestIndex: 1

2023-03-19 06:36:17,655 [grpc-default-executor-4] INFO  leader.FollowerInfo (FollowerInfoImpl.java:setAttemptedToInstallSnapshot(126)) - Follower s0@group-2AD7074A39E5->s1 acknowledged installing snapshot
2023-03-19 06:36:17,656 [grpc-default-executor-3] INFO  server.RaftServer$Division (ServerState.java:setLeader(260)) - s2@group-2AD7074A39E5: change Leader from null to s0 at term 1 for installSnapshot, leader elected after 71ms
2023-03-19 06:36:17,656 [grpc-default-executor-3] TRACE util.FileUtils (LogUtils.java:runAndLog(49)) - Successfully ran Files.createDirectories /tmp/ratis-tests/statemachine/s2/tmp/snapshot-2bfc2fff-c2a2-46bc-b496-b9ccd8a51207
2023-03-19 06:36:17,656 [grpc-default-executor-3] INFO  storage.SnapshotManager (SnapshotManager.java:installSnapshot(89)) - Installing snapshot:s0->s2#0-t1,chunk:2bfc2fff-c2a2-46bc-b496-b9ccd8a51207,0, to tmp dir:/tmp/ratis-tests/statemachine/s2/tmp/snapshot-2bfc2fff-c2a2-46bc-b496-b9ccd8a51207
2023-03-19 06:36:17,657 [grpc-default-executor-3] TRACE util.FileUtils (LogUtils.java:runAndLog(49)) - Successfully ran Files.createDirectories /tmp/ratis-tests/statemachine/s2/tmp/snapshot-2bfc2fff-c2a2-46bc-b496-b9ccd8a51207/1_191
2023-03-19 06:36:17,657 [grpc-default-executor-1] INFO  impl.SnapshotInstallationHandler (SnapshotInstallationHandler.java:installSnapshot(89)) - s1@group-2AD7074A39E5: receive installSnapshot: s0->s1#0-t1,chunk:81d7891a-a29d-4667-a6b0-4d8dd391cacd,2
2023-03-19 06:36:17,657 [grpc-default-executor-1] TRACE util.FileUtils (LogUtils.java:runAndLog(49)) - Successfully ran Files.createDirectories /tmp/ratis-tests/statemachine/s1/tmp/snapshot-81d7891a-a29d-4667-a6b0-4d8dd391cacd
2023-03-19 06:36:17,657 [grpc-default-executor-1] INFO  storage.SnapshotManager (SnapshotManager.java:installSnapshot(89)) - Installing snapshot:s0->s1#0-t1,chunk:81d7891a-a29d-4667-a6b0-4d8dd391cacd,2, to tmp dir:/tmp/ratis-tests/statemachine/s1/tmp/snapshot-81d7891a-a29d-4667-a6b0-4d8dd391cacd
2023-03-19 06:36:17,658 [grpc-default-executor-1] TRACE util.FileUtils (LogUtils.java:runAndLog(49)) - Successfully ran Files.createDirectories /tmp/ratis-tests/statemachine/s1/tmp/snapshot-81d7891a-a29d-4667-a6b0-4d8dd391cacd/1_191
2023-03-19 06:36:17,658 [grpc-default-executor-3] INFO  segmented.SegmentedRaftLogWorker (SegmentedRaftLogWorker.java:lambda$new$0(134)) - s2@group-2AD7074A39E5-SegmentedRaftLogWorker: flushIndex: setUnconditionally -1 -> 191
2023-03-19 06:36:17,659 [grpc-default-executor-3] INFO  segmented.SegmentedRaftLogWorker (SegmentedRaftLogWorker.java:lambda$new$0(134)) - s2@group-2AD7074A39E5-SegmentedRaftLogWorker: safeCacheEvictIndex: setUnconditionally -1 -> 191
2023-03-19 06:36:17,660 [grpc-default-executor-3] INFO  impl.SnapshotInstallationHandler (SnapshotInstallationHandler.java:installSnapshotImpl(134)) - s2@group-2AD7074A39E5: set new configuration configurationEntry {
  peers {
    id: "s0"
    address: "localhost:35127"
    dataStreamAddress: "localhost:44295"
    clientAddress: "localhost:45363"
    adminAddress: "localhost:41817"
    startupRole: FOLLOWER
  }
}
 from snapshot
2023-03-19 06:36:17,662 [grpc-default-executor-3] INFO  server.RaftServer$Division (ServerState.java:setRaftConf(377)) - s2@group-2AD7074A39E5: set configuration 0: peers:[s0|rpc:localhost:35127|admin:localhost:41817|client:localhost:45363|dataStream:localhost:44295|priority:0|startupRole:FOLLOWER]|listeners:[], old=null
2023-03-19 06:36:17,662 [grpc-default-executor-1] INFO  storage.SnapshotManager (SnapshotManager.java:rename(168)) - Installed snapshot, renaming temporary dir /tmp/ratis-tests/statemachine/s1/tmp/snapshot-81d7891a-a29d-4667-a6b0-4d8dd391cacd to /tmp/ratis-tests/statemachine/s1/snapshot
2023-03-19 06:36:17,663 [grpc-default-executor-1] TRACE util.FileUtils (LogUtils.java:runAndLog(49)) - Successfully ran Atomic Files.move /tmp/ratis-tests/statemachine/s1/snapshot to /tmp/ratis-tests/statemachine/s1/snapshot.tmp20230319-063617_662
2023-03-19 06:36:17,663 [grpc-default-executor-1] TRACE util.FileUtils (LogUtils.java:runAndLog(49)) - Successfully ran Atomic Files.move /tmp/ratis-tests/statemachine/s1/tmp/snapshot-81d7891a-a29d-4667-a6b0-4d8dd391cacd to /tmp/ratis-tests/statemachine/s1/snapshot
2023-03-19 06:36:17,663 [grpc-default-executor-1] TRACE util.FileUtils (FileUtils.java:deleteFully(201)) - deleteFully /tmp/ratis-tests/statemachine/s1/snapshot.tmp20230319-063617_662
2023-03-19 06:36:17,663 [grpc-default-executor-1] TRACE util.FileUtils (LogUtils.java:runAndLog(49)) - Successfully ran Files.delete /tmp/ratis-tests/statemachine/s1/snapshot.tmp20230319-063617_662
2023-03-19 06:36:17,663 [grpc-default-executor-1] INFO  raftlog.RaftLog (RaftLogBase.java:lambda$new$0(53)) - s1@group-2AD7074A39E5-SegmentedRaftLog: snapshotIndex: updateIncreasingly -1 -> 191
2023-03-19 06:36:17,663 [grpc-default-executor-1] INFO  impl.SnapshotInstallationHandler (SnapshotInstallationHandler.java:checkAndInstallSnapshot(193)) - s1@group-2AD7074A39E5: successfully install the entire snapshot-191
2023-03-19 06:36:17,663 [s1@group-2AD7074A39E5-StateMachineUpdater] INFO  impl.SimpleStateMachine4Testing (SimpleStateMachine4Testing.java:reinitialize(236)) - Reinitializing StateMachineWithSeparatedSnapshotPath:s1:group-2AD7074A39E5
2023-03-19 06:36:17,664 [grpc-default-executor-1] INFO  impl.SnapshotInstallationHandler (SnapshotInstallationHandler.java:installSnapshot(100)) - s1@group-2AD7074A39E5: reply installSnapshot: s0<-s1#0:OK-t1,SUCCESS,requestIndex=2
2023-03-19 06:36:17,664 [s1@group-2AD7074A39E5-StateMachineUpdater] INFO  impl.SimpleStateMachine4Testing (SimpleStateMachine4Testing.java:loadSnapshot(293)) - Loading snapshot null
2023-03-19 06:36:17,664 [s1@group-2AD7074A39E5-StateMachineUpdater] INFO  impl.StateMachineUpdater (StateMachineUpdater.java:lambda$new$0(96)) - s1@group-2AD7074A39E5-StateMachineUpdater: snapshotIndex: setUnconditionally -1 -> 191
2023-03-19 06:36:17,664 [s1@group-2AD7074A39E5-StateMachineUpdater] INFO  impl.StateMachineUpdater (StateMachineUpdater.java:lambda$new$0(96)) - s1@group-2AD7074A39E5-StateMachineUpdater: appliedIndex: setUnconditionally -1 -> 191
2023-03-19 06:36:17,664 [grpc-default-executor-4] INFO  server.GrpcLogAppender (GrpcLogAppender.java:onNext(501)) - s0@group-2AD7074A39E5->s1-InstallSnapshotResponseHandler: received a reply s0<-s1#0:OK-t1,SUCCESS,requestIndex=2
2023-03-19 06:36:17,664 [grpc-default-executor-4] INFO  server.GrpcLogAppender (GrpcLogAppender.java:onNext(514)) - s0@group-2AD7074A39E5->s1-InstallSnapshotResponseHandler: Completed InstallSnapshot. Reply: serverReply {
  requestorId: "s0"
  replyId: "s1"
  raftGroupId {
    id: "]k\210\302\227\335A\222\247\362*\327\aJ9\345"
  }
  success: true
}
term: 1
requestIndex: 2

2023-03-19 06:36:17,664 [grpc-default-executor-4] INFO  leader.FollowerInfo (FollowerInfoImpl.java:setAttemptedToInstallSnapshot(126)) - Follower s0@group-2AD7074A39E5->s1 acknowledged installing snapshot
2023-03-19 06:36:17,664 [grpc-default-executor-3] INFO  impl.SnapshotInstallationHandler (SnapshotInstallationHandler.java:installSnapshot(100)) - s2@group-2AD7074A39E5: reply installSnapshot: s0<-s2#0:OK-t0,SUCCESS,requestIndex=0
2023-03-19 06:36:17,665 [grpc-default-executor-4] INFO  server.GrpcLogAppender (GrpcLogAppender.java:onNext(501)) - s0@group-2AD7074A39E5->s2-InstallSnapshotResponseHandler: received the first reply s0<-s2#0:OK-t0,SUCCESS,requestIndex=0
2023-03-19 06:36:17,665 [grpc-default-executor-4] INFO  server.GrpcLogAppender (GrpcLogAppender.java:onNext(514)) - s0@group-2AD7074A39E5->s2-InstallSnapshotResponseHandler: Completed InstallSnapshot. Reply: serverReply {
  requestorId: "s0"
  replyId: "s2"
  raftGroupId {
    id: "]k\210\302\227\335A\222\247\362*\327\aJ9\345"
  }
  success: true
}
requestIndex: 0

2023-03-19 06:36:17,665 [grpc-default-executor-4] INFO  leader.FollowerInfo (FollowerInfoImpl.java:setAttemptedToInstallSnapshot(126)) - Follower s0@group-2AD7074A39E5->s2 acknowledged installing snapshot
2023-03-19 06:36:17,666 [grpc-default-executor-4] WARN  server.GrpcLogAppender (LogUtils.java:warn(122)) - s0@group-2AD7074A39E5->s2-InstallSnapshotResponseHandler: Failed InstallSnapshot: org.apache.ratis.thirdparty.io.grpc.StatusRuntimeException: CANCELLED: Failed to read message.
2023-03-19 06:36:17,667 [grpc-default-executor-3] WARN  server.GrpcServerProtocolService (LogUtils.java:warn(122)) - s2: INSTALL_SNAPSHOT onError, lastRequest: s0->s2#0-t1,chunk:2bfc2fff-c2a2-46bc-b496-b9ccd8a51207,0: org.apache.ratis.thirdparty.io.grpc.StatusRuntimeException: CANCELLED: client cancelled
2023-03-19 06:36:17,667 [grpc-default-executor-1] INFO  server.GrpcServerProtocolService (GrpcServerProtocolService.java:onCompleted(145)) - s1: Completed INSTALL_SNAPSHOT, lastRequest: s0->s1#0-t1,chunk:81d7891a-a29d-4667-a6b0-4d8dd391cacd,2
2023-03-19 06:36:17,668 [grpc-default-executor-3] INFO  server.GrpcLogAppender (GrpcLogAppender.java:onCompleted(579)) - s0@group-2AD7074A39E5->s1-InstallSnapshotResponseHandler: follower responded installSnapshot COMPLETED
2023-03-19 06:36:17,668 [s0@group-2AD7074A39E5->s1-GrpcLogAppender-LogAppenderDaemon] INFO  leader.FollowerInfo (FollowerInfoImpl.java:lambda$new$0(52)) - s0@group-2AD7074A39E5->s1: snapshotIndex: setUnconditionally 0 -> 191
2023-03-19 06:36:17,668 [s0@group-2AD7074A39E5->s1-GrpcLogAppender-LogAppenderDaemon] INFO  leader.FollowerInfo (FollowerInfoImpl.java:lambda$new$0(52)) - s0@group-2AD7074A39E5->s1: matchIndex: setUnconditionally -1 -> 191
2023-03-19 06:36:17,668 [s0@group-2AD7074A39E5->s1-GrpcLogAppender-LogAppenderDaemon] INFO  leader.FollowerInfo (FollowerInfoImpl.java:lambda$new$0(52)) - s0@group-2AD7074A39E5->s1: nextIndex: setUnconditionally 0 -> 192
2023-03-19 06:36:17,668 [s0@group-2AD7074A39E5->s1-GrpcLogAppender-LogAppenderDaemon] INFO  server.GrpcLogAppender (GrpcLogAppender.java:installSnapshot(634)) - s0@group-2AD7074A39E5->s1-GrpcLogAppender: installed snapshot FileListSnapshotInfo(t:1, i:191):[/tmp/ratis-tests/statemachine/s0/snapshot/1_191/vegetable, /tmp/ratis-tests/statemachine/s0/snapshot/1_191/deer, /tmp/ratis-tests/statemachine/s0/snapshot/1_191/loves] successfully
2023-03-19 06:36:17,683 [s1-server-thread1] INFO  impl.RoleInfo (RoleInfo.java:updateAndGet(139)) - s1: start s1@group-2AD7074A39E5-FollowerState
2023-03-19 06:36:17,687 [s1-server-thread2] INFO  segmented.SegmentedRaftLogWorker (SegmentedRaftLogWorker.java:startLogSegment(426)) - s1@group-2AD7074A39E5-SegmentedRaftLogWorker: Starting segment from index:192
2023-03-19 06:36:17,701 [s1@group-2AD7074A39E5-SegmentedRaftLogWorker] INFO  segmented.SegmentedRaftLogWorker (SegmentedRaftLogWorker.java:execute(630)) - s1@group-2AD7074A39E5-SegmentedRaftLogWorker: created new log segment /home/runner/work/ratis/ratis/ratis-test/target/test/data/c32c3602/MiniRaftClusterWithGrpc44095df7/s1/5d6b88c2-97dd-4192-a7f2-2ad7074a39e5/current/log_inprogress_192
2023-03-19 06:36:17,709 [s1@group-2AD7074A39E5-StateMachineUpdater] INFO  impl.SimpleStateMachine4Testing (SimpleStateMachine4Testing.java:put(205)) - s1: put 193, m96 -> (t:1, i:193), STATEMACHINELOGENTRY, 483@client-8E9097D621C9
2023-03-19 06:36:17,709 [s1@group-2AD7074A39E5-StateMachineUpdater] INFO  impl.SimpleStateMachine4Testing (SimpleStateMachine4Testing.java:put(205)) - s1: put 195, m97 -> (t:1, i:195), STATEMACHINELOGENTRY, 484@client-8E9097D621C9
2023-03-19 06:36:17,709 [s1@group-2AD7074A39E5-StateMachineUpdater] INFO  impl.SimpleStateMachine4Testing (SimpleStateMachine4Testing.java:put(205)) - s1: put 197, m98 -> (t:1, i:197), STATEMACHINELOGENTRY, 485@client-8E9097D621C9
2023-03-19 06:36:17,710 [s1@group-2AD7074A39E5-StateMachineUpdater] INFO  impl.SimpleStateMachine4Testing (SimpleStateMachine4Testing.java:put(205)) - s1: put 199, m99 -> (t:1, i:199), STATEMACHINELOGENTRY, 486@client-8E9097D621C9
2023-03-19 06:36:17,710 [s1@group-2AD7074A39E5-StateMachineUpdater] INFO  impl.SimpleStateMachine4Testing (SimpleStateMachine4Testing.java:put(205)) - s1: put 201, m100 -> (t:1, i:201), STATEMACHINELOGENTRY, 487@client-8E9097D621C9
2023-03-19 06:36:17,710 [s1@group-2AD7074A39E5-StateMachineUpdater] INFO  impl.SimpleStateMachine4Testing (SimpleStateMachine4Testing.java:put(205)) - s1: put 203, m101 -> (t:1, i:203), STATEMACHINELOGENTRY, 488@client-8E9097D621C9
2023-03-19 06:36:17,710 [s1@group-2AD7074A39E5-StateMachineUpdater] INFO  impl.SimpleStateMachine4Testing (SimpleStateMachine4Testing.java:put(205)) - s1: put 205, m102 -> (t:1, i:205), STATEMACHINELOGENTRY, 489@client-8E9097D621C9
2023-03-19 06:36:17,710 [s1@group-2AD7074A39E5-StateMachineUpdater] INFO  impl.SimpleStateMachine4Testing (SimpleStateMachine4Testing.java:put(205)) - s1: put 207, m103 -> (t:1, i:207), STATEMACHINELOGENTRY, 490@client-8E9097D621C9
2023-03-19 06:36:17,710 [s1@group-2AD7074A39E5-StateMachineUpdater] INFO  impl.SimpleStateMachine4Testing (SimpleStateMachine4Testing.java:put(205)) - s1: put 209, m104 -> (t:1, i:209), STATEMACHINELOGENTRY, 491@client-8E9097D621C9
2023-03-19 06:36:17,710 [s1@group-2AD7074A39E5-StateMachineUpdater] INFO  impl.SimpleStateMachine4Testing (SimpleStateMachine4Testing.java:put(205)) - s1: put 211, m105 -> (t:1, i:211), STATEMACHINELOGENTRY, 492@client-8E9097D621C9
2023-03-19 06:36:17,711 [s1@group-2AD7074A39E5-StateMachineUpdater] INFO  impl.SimpleStateMachine4Testing (SimpleStateMachine4Testing.java:put(205)) - s1: put 213, m106 -> (t:1, i:213), STATEMACHINELOGENTRY, 493@client-8E9097D621C9
2023-03-19 06:36:17,711 [s1@group-2AD7074A39E5-StateMachineUpdater] INFO  impl.SimpleStateMachine4Testing (SimpleStateMachine4Testing.java:put(205)) - s1: put 215, m107 -> (t:1, i:215), STATEMACHINELOGENTRY, 494@client-8E9097D621C9
2023-03-19 06:36:17,711 [s1@group-2AD7074A39E5-StateMachineUpdater] INFO  impl.SimpleStateMachine4Testing (SimpleStateMachine4Testing.java:put(205)) - s1: put 217, m108 -> (t:1, i:217), STATEMACHINELOGENTRY, 495@client-8E9097D621C9
2023-03-19 06:36:17,711 [s1@group-2AD7074A39E5-StateMachineUpdater] INFO  impl.SimpleStateMachine4Testing (SimpleStateMachine4Testing.java:put(205)) - s1: put 219, m109 -> (t:1, i:219), STATEMACHINELOGENTRY, 496@client-8E9097D621C9
2023-03-19 06:36:17,711 [s1@group-2AD7074A39E5-StateMachineUpdater] INFO  impl.SimpleStateMachine4Testing (SimpleStateMachine4Testing.java:put(205)) - s1: put 221, m110 -> (t:1, i:221), STATEMACHINELOGENTRY, 497@client-8E9097D621C9
2023-03-19 06:36:17,711 [s1@group-2AD7074A39E5-StateMachineUpdater] INFO  impl.SimpleStateMachine4Testing (SimpleStateMachine4Testing.java:put(205)) - s1: put 223, m111 -> (t:1, i:223), STATEMACHINELOGENTRY, 498@client-8E9097D621C9
2023-03-19 06:36:17,712 [s1@group-2AD7074A39E5-StateMachineUpdater] INFO  impl.SimpleStateMachine4Testing (SimpleStateMachine4Testing.java:put(205)) - s1: put 225, m112 -> (t:1, i:225), STATEMACHINELOGENTRY, 499@client-8E9097D621C9
2023-03-19 06:36:17,712 [s1@group-2AD7074A39E5-StateMachineUpdater] INFO  impl.SimpleStateMachine4Testing (SimpleStateMachine4Testing.java:put(205)) - s1: put 227, m113 -> (t:1, i:227), STATEMACHINELOGENTRY, 500@client-8E9097D621C9
2023-03-19 06:36:17,712 [s1@group-2AD7074A39E5-StateMachineUpdater] INFO  impl.SimpleStateMachine4Testing (SimpleStateMachine4Testing.java:put(205)) - s1: put 229, m114 -> (t:1, i:229), STATEMACHINELOGENTRY, 501@client-8E9097D621C9
2023-03-19 06:36:17,712 [s1@group-2AD7074A39E5-StateMachineUpdater] INFO  impl.SimpleStateMachine4Testing (SimpleStateMachine4Testing.java:put(205)) - s1: put 231, m115 -> (t:1, i:231), STATEMACHINELOGENTRY, 502@client-8E9097D621C9
2023-03-19 06:36:17,712 [s1@group-2AD7074A39E5-StateMachineUpdater] INFO  impl.SimpleStateMachine4Testing (SimpleStateMachine4Testing.java:put(205)) - s1: put 233, m116 -> (t:1, i:233), STATEMACHINELOGENTRY, 503@client-8E9097D621C9
2023-03-19 06:36:17,712 [s1@group-2AD7074A39E5-StateMachineUpdater] INFO  impl.SimpleStateMachine4Testing (SimpleStateMachine4Testing.java:put(205)) - s1: put 235, m117 -> (t:1, i:235), STATEMACHINELOGENTRY, 504@client-8E9097D621C9
2023-03-19 06:36:17,713 [s1@group-2AD7074A39E5-StateMachineUpdater] INFO  impl.SimpleStateMachine4Testing (SimpleStateMachine4Testing.java:put(205)) - s1: put 237, m118 -> (t:1, i:237), STATEMACHINELOGENTRY, 505@client-8E9097D621C9
2023-03-19 06:36:17,713 [s1@group-2AD7074A39E5-StateMachineUpdater] INFO  impl.SimpleStateMachine4Testing (SimpleStateMachine4Testing.java:put(205)) - s1: put 239, m119 -> (t:1, i:239), STATEMACHINELOGENTRY, 506@client-8E9097D621C9
2023-03-19 06:36:17,713 [s1@group-2AD7074A39E5-StateMachineUpdater] INFO  impl.SimpleStateMachine4Testing (SimpleStateMachine4Testing.java:put(205)) - s1: put 241, m120 -> (t:1, i:241), STATEMACHINELOGENTRY, 507@client-8E9097D621C9
2023-03-19 06:36:17,713 [s1@group-2AD7074A39E5-StateMachineUpdater] INFO  impl.SimpleStateMachine4Testing (SimpleStateMachine4Testing.java:put(205)) - s1: put 243, m121 -> (t:1, i:243), STATEMACHINELOGENTRY, 508@client-8E9097D621C9
2023-03-19 06:36:17,718 [s1@group-2AD7074A39E5-StateMachineUpdater] INFO  impl.SimpleStateMachine4Testing (SimpleStateMachine4Testing.java:put(205)) - s1: put 245, m122 -> (t:1, i:245), STATEMACHINELOGENTRY, 509@client-8E9097D621C9
2023-03-19 06:36:17,718 [s1@group-2AD7074A39E5-StateMachineUpdater] INFO  impl.SimpleStateMachine4Testing (SimpleStateMachine4Testing.java:put(205)) - s1: put 247, m123 -> (t:1, i:247), STATEMACHINELOGENTRY, 510@client-8E9097D621C9
2023-03-19 06:36:17,718 [s1@group-2AD7074A39E5-StateMachineUpdater] INFO  impl.SimpleStateMachine4Testing (SimpleStateMachine4Testing.java:put(205)) - s1: put 249, m124 -> (t:1, i:249), STATEMACHINELOGENTRY, 511@client-8E9097D621C9
2023-03-19 06:36:17,719 [s1@group-2AD7074A39E5-StateMachineUpdater] INFO  impl.SimpleStateMachine4Testing (SimpleStateMachine4Testing.java:put(205)) - s1: put 251, m125 -> (t:1, i:251), STATEMACHINELOGENTRY, 512@client-8E9097D621C9
2023-03-19 06:36:17,719 [s1@group-2AD7074A39E5-StateMachineUpdater] INFO  impl.SimpleStateMachine4Testing (SimpleStateMachine4Testing.java:put(205)) - s1: put 253, m126 -> (t:1, i:253), STATEMACHINELOGENTRY, 513@client-8E9097D621C9
2023-03-19 06:36:17,738 [s2-server-thread1] INFO  impl.RoleInfo (RoleInfo.java:updateAndGet(139)) - s2: start s2@group-2AD7074A39E5-FollowerState
2023-03-19 06:36:17,739 [s0@group-2AD7074A39E5-LeaderStateImpl] INFO  server.RaftServer$Division (ServerState.java:setRaftConf(377)) - s0@group-2AD7074A39E5: set configuration 255: peers:[s0|rpc:localhost:35127|admin:localhost:41817|client:localhost:45363|dataStream:localhost:44295|priority:0|startupRole:FOLLOWER, s1|rpc:0.0.0.0:42963|dataStream:|priority:0|startupRole:FOLLOWER, s2|rpc:0.0.0.0:43881|dataStream:|priority:0|startupRole:FOLLOWER]|listeners:[], old=peers:[s0|rpc:localhost:35127|admin:localhost:41817|client:localhost:45363|dataStream:localhost:44295|priority:0|startupRole:FOLLOWER]|listeners:[]
2023-03-19 06:36:17,741 [s1-server-thread2] INFO  server.RaftServer$Division (ServerState.java:setRaftConf(377)) - s1@group-2AD7074A39E5: set configuration 255: peers:[s0|rpc:localhost:35127|admin:localhost:41817|client:localhost:45363|dataStream:localhost:44295|priority:0|startupRole:FOLLOWER, s1|rpc:0.0.0.0:42963|dataStream:|priority:0|startupRole:FOLLOWER, s2|rpc:0.0.0.0:43881|dataStream:|priority:0|startupRole:FOLLOWER]|listeners:[], old=peers:[s0|rpc:localhost:35127|admin:localhost:41817|client:localhost:45363|dataStream:localhost:44295|priority:0|startupRole:FOLLOWER]|listeners:[]
2023-03-19 06:36:17,742 [s2-server-thread2] INFO  server.RaftServer$Division (RaftServerImpl.java:checkInconsistentAppendEntries(1600)) - s2@group-2AD7074A39E5: Failed appendEntries as the first entry (index 0) already exists (snapshotIndex: 191, commitIndex: -1)
2023-03-19 06:36:17,747 [s2-server-thread2] INFO  server.RaftServer$Division (RaftServerImpl.java:checkInconsistentAppendEntries(1580)) - s2@group-2AD7074A39E5: inconsistency entries. Reply:s0<-s2#1:FAIL-t1,INCONSISTENCY,nextIndex=192,followerCommit=-1,matchIndex=-1
2023-03-19 06:36:17,749 [grpc-default-executor-4] WARN  server.GrpcLogAppender (GrpcLogAppender.java:onNextImpl(395)) - s0@group-2AD7074A39E5->s2-AppendLogResponseHandler: received INCONSISTENCY reply with nextIndex 192
2023-03-19 06:36:17,750 [grpc-default-executor-4] INFO  leader.FollowerInfo (FollowerInfoImpl.java:lambda$new$0(52)) - s0@group-2AD7074A39E5->s2: setNextIndex nextIndex: updateUnconditionally 255 -> 192
2023-03-19 06:36:17,754 [s0@group-2AD7074A39E5-StateMachineUpdater] TRACE util.FileUtils (FileUtils.java:deleteFully(201)) - deleteFully /tmp/ratis-tests/statemachine/s0/snapshot/1_255
2023-03-19 06:36:17,754 [s0@group-2AD7074A39E5-StateMachineUpdater] TRACE util.FileUtils (FileUtils.java:deleteFully(217)) - deleteFully: /tmp/ratis-tests/statemachine/s0/snapshot/1_255 does not exist.
2023-03-19 06:36:17,754 [s0@group-2AD7074A39E5-StateMachineUpdater] TRACE util.FileUtils (FileUtils.java:deleteFully(201)) - deleteFully /tmp/ratis-tests/statemachine/s0/tmp/42b1723f-5039-4137-8d98-316b6e36a319
2023-03-19 06:36:17,755 [s0@group-2AD7074A39E5-StateMachineUpdater] TRACE util.FileUtils (FileUtils.java:deleteFully(217)) - deleteFully: /tmp/ratis-tests/statemachine/s0/tmp/42b1723f-5039-4137-8d98-316b6e36a319 does not exist.
2023-03-19 06:36:17,755 [s0@group-2AD7074A39E5-StateMachineUpdater] TRACE util.FileUtils (LogUtils.java:runAndLog(49)) - Successfully ran Atomic Files.move /tmp/ratis-tests/statemachine/s0/tmp/42b1723f-5039-4137-8d98-316b6e36a319 to /tmp/ratis-tests/statemachine/s0/snapshot/1_255
2023-03-19 06:36:17,755 [s0@group-2AD7074A39E5-StateMachineUpdater] INFO  impl.StateMachineUpdater (StateMachineUpdater.java:takeSnapshot(290)) - s0@group-2AD7074A39E5-StateMachineUpdater: Took a snapshot at index 255
2023-03-19 06:36:17,755 [s0@group-2AD7074A39E5-StateMachineUpdater] INFO  impl.StateMachineUpdater (StateMachineUpdater.java:lambda$new$0(96)) - s0@group-2AD7074A39E5-StateMachineUpdater: snapshotIndex: updateIncreasingly 191 -> 255
2023-03-19 06:36:17,755 [s0@group-2AD7074A39E5-LeaderStateImpl] INFO  server.RaftServer$Division (ServerState.java:setRaftConf(377)) - s0@group-2AD7074A39E5: set configuration 257: peers:[s0|rpc:localhost:35127|admin:localhost:41817|client:localhost:45363|dataStream:localhost:44295|priority:0|startupRole:FOLLOWER, s1|rpc:0.0.0.0:42963|dataStream:|priority:0|startupRole:FOLLOWER, s2|rpc:0.0.0.0:43881|dataStream:|priority:0|startupRole:FOLLOWER]|listeners:[], old=null
2023-03-19 06:36:17,757 [s1-server-thread2] INFO  server.RaftServer$Division (ServerState.java:setRaftConf(377)) - s1@group-2AD7074A39E5: set configuration 257: peers:[s0|rpc:localhost:35127|admin:localhost:41817|client:localhost:45363|dataStream:localhost:44295|priority:0|startupRole:FOLLOWER, s1|rpc:0.0.0.0:42963|dataStream:|priority:0|startupRole:FOLLOWER, s2|rpc:0.0.0.0:43881|dataStream:|priority:0|startupRole:FOLLOWER]|listeners:[], old=null
2023-03-19 06:36:17,758 [s2-server-thread3] INFO  server.RaftServer$Division (ServerState.java:setRaftConf(377)) - s2@group-2AD7074A39E5: set configuration 255: peers:[s0|rpc:localhost:35127|admin:localhost:41817|client:localhost:45363|dataStream:localhost:44295|priority:0|startupRole:FOLLOWER, s1|rpc:0.0.0.0:42963|dataStream:|priority:0|startupRole:FOLLOWER, s2|rpc:0.0.0.0:43881|dataStream:|priority:0|startupRole:FOLLOWER]|listeners:[], old=peers:[s0|rpc:localhost:35127|admin:localhost:41817|client:localhost:45363|dataStream:localhost:44295|priority:0|startupRole:FOLLOWER]|listeners:[]
2023-03-19 06:36:17,758 [s2-server-thread3] INFO  segmented.SegmentedRaftLogWorker (SegmentedRaftLogWorker.java:startLogSegment(426)) - s2@group-2AD7074A39E5-SegmentedRaftLogWorker: Starting segment from index:192
2023-03-19 06:36:17,758 [s1@group-2AD7074A39E5-StateMachineUpdater] TRACE util.FileUtils (FileUtils.java:deleteFully(201)) - deleteFully /tmp/ratis-tests/statemachine/s1/snapshot/1_255
2023-03-19 06:36:17,759 [s1@group-2AD7074A39E5-StateMachineUpdater] TRACE util.FileUtils (FileUtils.java:deleteFully(217)) - deleteFully: /tmp/ratis-tests/statemachine/s1/snapshot/1_255 does not exist.
2023-03-19 06:36:17,759 [s1@group-2AD7074A39E5-StateMachineUpdater] TRACE util.FileUtils (FileUtils.java:deleteFully(201)) - deleteFully /tmp/ratis-tests/statemachine/s1/tmp/75264b27-85fe-4d4b-b921-27001cd630b1
2023-03-19 06:36:17,759 [s1@group-2AD7074A39E5-StateMachineUpdater] TRACE util.FileUtils (FileUtils.java:deleteFully(217)) - deleteFully: /tmp/ratis-tests/statemachine/s1/tmp/75264b27-85fe-4d4b-b921-27001cd630b1 does not exist.
2023-03-19 06:36:17,759 [s1@group-2AD7074A39E5-StateMachineUpdater] TRACE util.FileUtils (LogUtils.java:runAndLog(49)) - Successfully ran Atomic Files.move /tmp/ratis-tests/statemachine/s1/tmp/75264b27-85fe-4d4b-b921-27001cd630b1 to /tmp/ratis-tests/statemachine/s1/snapshot/1_255
2023-03-19 06:36:17,759 [s1@group-2AD7074A39E5-StateMachineUpdater] INFO  impl.StateMachineUpdater (StateMachineUpdater.java:takeSnapshot(290)) - s1@group-2AD7074A39E5-StateMachineUpdater: Took a snapshot at index 255
2023-03-19 06:36:17,759 [s1@group-2AD7074A39E5-StateMachineUpdater] INFO  impl.StateMachineUpdater (StateMachineUpdater.java:lambda$new$0(96)) - s1@group-2AD7074A39E5-StateMachineUpdater: snapshotIndex: updateIncreasingly 191 -> 255
2023-03-19 06:36:17,777 [s2@group-2AD7074A39E5-SegmentedRaftLogWorker] INFO  segmented.SegmentedRaftLogWorker (SegmentedRaftLogWorker.java:execute(630)) - s2@group-2AD7074A39E5-SegmentedRaftLogWorker: created new log segment /home/runner/work/ratis/ratis/ratis-test/target/test/data/c32c3602/MiniRaftClusterWithGrpc44095df7/s2/5d6b88c2-97dd-4192-a7f2-2ad7074a39e5/current/log_inprogress_192
2023-03-19 06:36:17,778 [s2-server-thread3] INFO  server.RaftServer$Division (ServerState.java:setRaftConf(377)) - s2@group-2AD7074A39E5: set configuration 257: peers:[s0|rpc:localhost:35127|admin:localhost:41817|client:localhost:45363|dataStream:localhost:44295|priority:0|startupRole:FOLLOWER, s1|rpc:0.0.0.0:42963|dataStream:|priority:0|startupRole:FOLLOWER, s2|rpc:0.0.0.0:43881|dataStream:|priority:0|startupRole:FOLLOWER]|listeners:[], old=null
2023-03-19 06:36:17,815 [Time-limited test] INFO  server.RaftServerConfigKeys (ConfUtils.java:logGet(46)) - raft.server.rpc.timeout.max = 300ms (default)
2023-03-19 06:36:17,815 [Time-limited test] INFO  impl.RaftServerTestUtil (RaftServerTestUtil.java:waitAndCheckNewConf(87)) - waitAndCheckNewConf: peers=[s1|rpc:0.0.0.0:42963|priority:0|startupRole:FOLLOWER, s2|rpc:0.0.0.0:43881|priority:0|startupRole:FOLLOWER, s0|rpc:localhost:35127|admin:localhost:41817|client:localhost:45363|dataStream:localhost:44295|priority:0|startupRole:FOLLOWER], deadPeers=null, printing ALL groups
  s0:  RUNNING    LEADER s0@group-2AD7074A39E5:t1, leader=s0, voted=s0, raftlog=Memoized:s0@group-2AD7074A39E5-SegmentedRaftLog:OPENED:c258, conf=257: peers:[s0|rpc:localhost:35127|admin:localhost:41817|client:localhost:45363|dataStream:localhost:44295|priority:0|startupRole:FOLLOWER, s1|rpc:0.0.0.0:42963|dataStream:|priority:0|startupRole:FOLLOWER, s2|rpc:0.0.0.0:43881|dataStream:|priority:0|startupRole:FOLLOWER]|listeners:[], old=null RUNNING
  s1:  RUNNING  FOLLOWER s1@group-2AD7074A39E5:t1, leader=s0, voted=null, raftlog=Memoized:s1@group-2AD7074A39E5-SegmentedRaftLog:OPENED:c257, conf=257: peers:[s0|rpc:localhost:35127|admin:localhost:41817|client:localhost:45363|dataStream:localhost:44295|priority:0|startupRole:FOLLOWER, s1|rpc:0.0.0.0:42963|dataStream:|priority:0|startupRole:FOLLOWER, s2|rpc:0.0.0.0:43881|dataStream:|priority:0|startupRole:FOLLOWER]|listeners:[], old=null RUNNING
  s2:  RUNNING  FOLLOWER s2@group-2AD7074A39E5:t1, leader=s0, voted=null, raftlog=Memoized:s2@group-2AD7074A39E5-SegmentedRaftLog:OPENED:c255, conf=257: peers:[s0|rpc:localhost:35127|admin:localhost:41817|client:localhost:45363|dataStream:localhost:44295|priority:0|startupRole:FOLLOWER, s1|rpc:0.0.0.0:42963|dataStream:|priority:0|startupRole:FOLLOWER, s2|rpc:0.0.0.0:43881|dataStream:|priority:0|startupRole:FOLLOWER]|listeners:[], old=null RUNNING
2023-03-19 06:36:17,815 [Time-limited test] INFO  impl.RaftServerTestUtil (RaftServerTestUtil.java:waitAndCheckNewConf(96)) - checking    LEADER s0@group-2AD7074A39E5:t1, leader=s0, voted=s0, raftlog=Memoized:s0@group-2AD7074A39E5-SegmentedRaftLog:OPENED:c258, conf=257: peers:[s0|rpc:localhost:35127|admin:localhost:41817|client:localhost:45363|dataStream:localhost:44295|priority:0|startupRole:FOLLOWER, s1|rpc:0.0.0.0:42963|dataStream:|priority:0|startupRole:FOLLOWER, s2|rpc:0.0.0.0:43881|dataStream:|priority:0|startupRole:FOLLOWER]|listeners:[], old=null RUNNING
2023-03-19 06:36:17,815 [Time-limited test] INFO  impl.RaftServerTestUtil (RaftServerTestUtil.java:waitAndCheckNewConf(96)) - checking  FOLLOWER s1@group-2AD7074A39E5:t1, leader=s0, voted=null, raftlog=Memoized:s1@group-2AD7074A39E5-SegmentedRaftLog:OPENED:c257, conf=257: peers:[s0|rpc:localhost:35127|admin:localhost:41817|client:localhost:45363|dataStream:localhost:44295|priority:0|startupRole:FOLLOWER, s1|rpc:0.0.0.0:42963|dataStream:|priority:0|startupRole:FOLLOWER, s2|rpc:0.0.0.0:43881|dataStream:|priority:0|startupRole:FOLLOWER]|listeners:[], old=null RUNNING
2023-03-19 06:36:17,815 [Time-limited test] INFO  impl.RaftServerTestUtil (RaftServerTestUtil.java:waitAndCheckNewConf(96)) - checking  FOLLOWER s2@group-2AD7074A39E5:t1, leader=s0, voted=null, raftlog=Memoized:s2@group-2AD7074A39E5-SegmentedRaftLog:OPENED:c255, conf=257: peers:[s0|rpc:localhost:35127|admin:localhost:41817|client:localhost:45363|dataStream:localhost:44295|priority:0|startupRole:FOLLOWER, s1|rpc:0.0.0.0:42963|dataStream:|priority:0|startupRole:FOLLOWER, s2|rpc:0.0.0.0:43881|dataStream:|priority:0|startupRole:FOLLOWER]|listeners:[], old=null RUNNING
2023-03-19 06:36:17,816 [Time-limited test] INFO  impl.MiniRaftCluster (MiniRaftCluster.java:shutdown(831)) - ************************************************************** 
2023-03-19 06:36:17,816 [Time-limited test] INFO  impl.MiniRaftCluster (MiniRaftCluster.java:shutdown(832)) - *** 
2023-03-19 06:36:17,816 [Time-limited test] INFO  impl.MiniRaftCluster (MiniRaftCluster.java:shutdown(833)) - ***     Stopping MiniRaftClusterWithGrpc
2023-03-19 06:36:17,816 [Time-limited test] INFO  impl.MiniRaftCluster (MiniRaftCluster.java:shutdown(834)) - *** 
2023-03-19 06:36:17,816 [Time-limited test] INFO  impl.MiniRaftCluster (MiniRaftCluster.java:shutdown(835)) - ************************************************************** 
2023-03-19 06:36:17,816 [Time-limited test] INFO  impl.MiniRaftCluster (MiniRaftCluster.java:shutdown(836)) - printing ALL groups
  s0:  RUNNING    LEADER s0@group-2AD7074A39E5:t1, leader=s0, voted=s0, raftlog=Memoized:s0@group-2AD7074A39E5-SegmentedRaftLog:OPENED:c258, conf=257: peers:[s0|rpc:localhost:35127|admin:localhost:41817|client:localhost:45363|dataStream:localhost:44295|priority:0|startupRole:FOLLOWER, s1|rpc:0.0.0.0:42963|dataStream:|priority:0|startupRole:FOLLOWER, s2|rpc:0.0.0.0:43881|dataStream:|priority:0|startupRole:FOLLOWER]|listeners:[], old=null RUNNING
  s1:  RUNNING  FOLLOWER s1@group-2AD7074A39E5:t1, leader=s0, voted=null, raftlog=Memoized:s1@group-2AD7074A39E5-SegmentedRaftLog:OPENED:c257, conf=257: peers:[s0|rpc:localhost:35127|admin:localhost:41817|client:localhost:45363|dataStream:localhost:44295|priority:0|startupRole:FOLLOWER, s1|rpc:0.0.0.0:42963|dataStream:|priority:0|startupRole:FOLLOWER, s2|rpc:0.0.0.0:43881|dataStream:|priority:0|startupRole:FOLLOWER]|listeners:[], old=null RUNNING
  s2:  RUNNING  FOLLOWER s2@group-2AD7074A39E5:t1, leader=s0, voted=null, raftlog=Memoized:s2@group-2AD7074A39E5-SegmentedRaftLog:OPENED:c255, conf=257: peers:[s0|rpc:localhost:35127|admin:localhost:41817|client:localhost:45363|dataStream:localhost:44295|priority:0|startupRole:FOLLOWER, s1|rpc:0.0.0.0:42963|dataStream:|priority:0|startupRole:FOLLOWER, s2|rpc:0.0.0.0:43881|dataStream:|priority:0|startupRole:FOLLOWER]|listeners:[], old=null RUNNING
2023-03-19 06:36:17,818 [MiniRaftCluster-19] INFO  server.RaftServer (RaftServerProxy.java:lambda$close$7(417)) - s0: close
2023-03-19 06:36:17,831 [MiniRaftCluster-19] INFO  server.GrpcService (GrpcService.java:closeImpl(311)) - s0: shutdown server org.apache.ratis.grpc.server.GrpcClientProtocolService now
2023-03-19 06:36:17,831 [s0-impl-thread1] INFO  server.RaftServer$Division (RaftServerImpl.java:lambda$close$4(466)) - s0@group-2AD7074A39E5: shutdown
2023-03-19 06:36:17,831 [s0-impl-thread1] INFO  util.JmxRegister (JmxRegister.java:unregister(73)) - Successfully un-registered JMX Bean with object name Ratis:service=RaftServer,group=group-2AD7074A39E5,id=s0
2023-03-19 06:36:17,831 [s0-impl-thread1] INFO  impl.RoleInfo (RoleInfo.java:shutdownLeaderState(93)) - s0: shutdown s0@group-2AD7074A39E5-LeaderStateImpl
2023-03-19 06:36:17,831 [s0-impl-thread1] INFO  impl.PendingRequests (PendingRequests.java:sendNotLeaderResponses(289)) - s0@group-2AD7074A39E5-PendingRequests: sendNotLeaderResponses
2023-03-19 06:36:17,832 [s0-impl-thread1] INFO  impl.StateMachineUpdater (StateMachineUpdater.java:stopAndJoin(154)) - s0@group-2AD7074A39E5-StateMachineUpdater: set stopIndex = 258
2023-03-19 06:36:17,832 [s0@group-2AD7074A39E5-StateMachineUpdater] TRACE util.FileUtils (FileUtils.java:deleteFully(201)) - deleteFully /tmp/ratis-tests/statemachine/s0/snapshot/1_258
2023-03-19 06:36:17,832 [s0@group-2AD7074A39E5-StateMachineUpdater] TRACE util.FileUtils (FileUtils.java:deleteFully(217)) - deleteFully: /tmp/ratis-tests/statemachine/s0/snapshot/1_258 does not exist.
2023-03-19 06:36:17,832 [s0@group-2AD7074A39E5-StateMachineUpdater] TRACE util.FileUtils (FileUtils.java:deleteFully(201)) - deleteFully /tmp/ratis-tests/statemachine/s0/tmp/a16a3f42-b1fb-4abd-9045-1f32bdfdd965
2023-03-19 06:36:17,833 [s0@group-2AD7074A39E5-StateMachineUpdater] TRACE util.FileUtils (FileUtils.java:deleteFully(217)) - deleteFully: /tmp/ratis-tests/statemachine/s0/tmp/a16a3f42-b1fb-4abd-9045-1f32bdfdd965 does not exist.
2023-03-19 06:36:17,833 [s0@group-2AD7074A39E5-StateMachineUpdater] TRACE util.FileUtils (LogUtils.java:runAndLog(49)) - Successfully ran Atomic Files.move /tmp/ratis-tests/statemachine/s0/tmp/a16a3f42-b1fb-4abd-9045-1f32bdfdd965 to /tmp/ratis-tests/statemachine/s0/snapshot/1_258
2023-03-19 06:36:17,833 [s0@group-2AD7074A39E5-StateMachineUpdater] INFO  impl.StateMachineUpdater (StateMachineUpdater.java:takeSnapshot(290)) - s0@group-2AD7074A39E5-StateMachineUpdater: Took a snapshot at index 258
2023-03-19 06:36:17,833 [s0@group-2AD7074A39E5-StateMachineUpdater] INFO  impl.StateMachineUpdater (StateMachineUpdater.java:lambda$new$0(96)) - s0@group-2AD7074A39E5-StateMachineUpdater: snapshotIndex: updateIncreasingly 255 -> 258
2023-03-19 06:36:17,833 [s0@group-2AD7074A39E5-StateMachineUpdater] INFO  raftlog.RaftLog (RaftLogBase.java:purge(314)) - s0@group-2AD7074A39E5-SegmentedRaftLog: purge 258
2023-03-19 06:36:17,833 [s0@group-2AD7074A39E5-StateMachineUpdater] INFO  raftlog.RaftLog (RaftLogBase.java:lambda$new$0(53)) - s0@group-2AD7074A39E5-SegmentedRaftLog: snapshotIndex: updateIncreasingly 191 -> 258
2023-03-19 06:36:17,833 [s0@group-2AD7074A39E5-StateMachineUpdater] INFO  raftlog.RaftLog (RaftLogBase.java:lambda$new$0(53)) - s0@group-2AD7074A39E5-SegmentedRaftLog: purgeIndex: updateToMax old=191, new=258, updated? true
2023-03-19 06:36:17,833 [s0-impl-thread1] INFO  server.RaftServer$Division (ServerState.java:close(413)) - s0@group-2AD7074A39E5: applyIndex: 258
2023-03-19 06:36:17,834 [grpc-default-executor-1] INFO  server.GrpcServerProtocolService (GrpcServerProtocolService.java:onCompleted(145)) - s1: Completed APPEND_ENTRIES, lastRequest: s0->s1#239-t1,previous=(t:1, i:257),leaderCommit=257,initializing? true,entries: size=1, first=(t:1, i:258), METADATAENTRY(c:257)
2023-03-19 06:36:17,835 [MiniRaftCluster-20] INFO  server.RaftServer (RaftServerProxy.java:lambda$close$7(417)) - s1: close
2023-03-19 06:36:17,835 [MiniRaftCluster-20] INFO  server.GrpcService (GrpcService.java:closeImpl(311)) - s1: shutdown server GrpcServerProtocolService now
2023-03-19 06:36:17,835 [s1-impl-thread1] INFO  server.RaftServer$Division (RaftServerImpl.java:lambda$close$4(466)) - s1@group-2AD7074A39E5: shutdown
2023-03-19 06:36:17,835 [s1-impl-thread1] INFO  util.JmxRegister (JmxRegister.java:unregister(73)) - Successfully un-registered JMX Bean with object name Ratis:service=RaftServer,group=group-2AD7074A39E5,id=s1
2023-03-19 06:36:17,835 [s1-impl-thread1] INFO  impl.RoleInfo (RoleInfo.java:shutdownFollowerState(110)) - s1: shutdown s1@group-2AD7074A39E5-FollowerState
2023-03-19 06:36:17,835 [s1-impl-thread1] INFO  impl.StateMachineUpdater (StateMachineUpdater.java:stopAndJoin(154)) - s1@group-2AD7074A39E5-StateMachineUpdater: set stopIndex = 257
2023-03-19 06:36:17,835 [s1@group-2AD7074A39E5-FollowerState] INFO  impl.FollowerState (FollowerState.java:run(152)) - s1@group-2AD7074A39E5-FollowerState was interrupted
2023-03-19 06:36:17,836 [s1@group-2AD7074A39E5-StateMachineUpdater] TRACE util.FileUtils (FileUtils.java:deleteFully(201)) - deleteFully /tmp/ratis-tests/statemachine/s1/snapshot/1_257
2023-03-19 06:36:17,836 [s1@group-2AD7074A39E5-StateMachineUpdater] TRACE util.FileUtils (FileUtils.java:deleteFully(217)) - deleteFully: /tmp/ratis-tests/statemachine/s1/snapshot/1_257 does not exist.
2023-03-19 06:36:17,836 [s1@group-2AD7074A39E5-StateMachineUpdater] TRACE util.FileUtils (FileUtils.java:deleteFully(201)) - deleteFully /tmp/ratis-tests/statemachine/s1/tmp/5412f930-9733-4fbb-b739-a05a9cff56c6
2023-03-19 06:36:17,836 [s1@group-2AD7074A39E5-StateMachineUpdater] TRACE util.FileUtils (FileUtils.java:deleteFully(217)) - deleteFully: /tmp/ratis-tests/statemachine/s1/tmp/5412f930-9733-4fbb-b739-a05a9cff56c6 does not exist.
2023-03-19 06:36:17,836 [s1@group-2AD7074A39E5-StateMachineUpdater] TRACE util.FileUtils (LogUtils.java:runAndLog(49)) - Successfully ran Atomic Files.move /tmp/ratis-tests/statemachine/s1/tmp/5412f930-9733-4fbb-b739-a05a9cff56c6 to /tmp/ratis-tests/statemachine/s1/snapshot/1_257
2023-03-19 06:36:17,836 [s1@group-2AD7074A39E5-StateMachineUpdater] INFO  impl.StateMachineUpdater (StateMachineUpdater.java:takeSnapshot(290)) - s1@group-2AD7074A39E5-StateMachineUpdater: Took a snapshot at index 257
2023-03-19 06:36:17,836 [s1@group-2AD7074A39E5-StateMachineUpdater] INFO  impl.StateMachineUpdater (StateMachineUpdater.java:lambda$new$0(96)) - s1@group-2AD7074A39E5-StateMachineUpdater: snapshotIndex: updateIncreasingly 255 -> 257
2023-03-19 06:36:17,836 [s1-impl-thread1] INFO  server.RaftServer$Division (ServerState.java:close(413)) - s1@group-2AD7074A39E5: applyIndex: 257
2023-03-19 06:36:17,840 [s0@group-2AD7074A39E5->s2-GrpcLogAppender-LogAppenderDaemon] ERROR leader.LogAppenderDaemon (LogAppenderDaemon.java:run(87)) - s0@group-2AD7074A39E5->s2-GrpcLogAppender-LogAppenderDaemon failed
java.lang.IllegalStateException: s0@group-2AD7074A39E5-SegmentedRaftLog is expected to be opened but it is CLOSED
	at org.apache.ratis.util.OpenCloseState.assertOpen(OpenCloseState.java:63)
	at org.apache.ratis.server.raftlog.RaftLogBase.checkLogState(RaftLogBase.java:111)
	at org.apache.ratis.server.raftlog.segmented.SegmentedRaftLog.getLastEntryTermIndex(SegmentedRaftLog.java:341)
	at org.apache.ratis.server.raftlog.RaftLog.getNextIndex(RaftLog.java:83)
	at org.apache.ratis.server.leader.LogAppender.shouldInstallSnapshot(LogAppender.java:134)
	at org.apache.ratis.grpc.server.GrpcLogAppender.run(GrpcLogAppender.java:151)
	at org.apache.ratis.server.leader.LogAppenderDaemon.run(LogAppenderDaemon.java:78)
	at java.base/java.lang.Thread.run(Thread.java:829)
Caused by: org.apache.ratis.util.OpenCloseState$CloseTrace: Close s0@group-2AD7074A39E5-SegmentedRaftLog
	at org.apache.ratis.util.OpenCloseState.lambda$close$1(OpenCloseState.java:109)
	at java.base/java.util.concurrent.atomic.AtomicReference.getAndUpdate(AtomicReference.java:187)
	at org.apache.ratis.util.OpenCloseState.close(OpenCloseState.java:109)
	at org.apache.ratis.server.raftlog.RaftLogBase.close(RaftLogBase.java:365)
	at org.apache.ratis.server.raftlog.segmented.SegmentedRaftLog.close(SegmentedRaftLog.java:506)
	at org.apache.ratis.server.impl.ServerState.close(ServerState.java:417)
	at org.apache.ratis.server.impl.RaftServerImpl.lambda$close$4(RaftServerImpl.java:488)
	at org.apache.ratis.util.LifeCycle.lambda$checkStateAndClose$4(LifeCycle.java:299)
	at org.apache.ratis.util.LifeCycle.checkStateAndClose(LifeCycle.java:319)
	at org.apache.ratis.util.LifeCycle.checkStateAndClose(LifeCycle.java:297)
	at org.apache.ratis.server.impl.RaftServerImpl.close(RaftServerImpl.java:465)
	at org.apache.ratis.server.impl.RaftServerProxy$ImplMap.close(RaftServerProxy.java:135)
	at org.apache.ratis.server.impl.RaftServerProxy$ImplMap.lambda$close$0(RaftServerProxy.java:122)
	at org.apache.ratis.util.ConcurrentUtils.accept(ConcurrentUtils.java:188)
	at org.apache.ratis.util.ConcurrentUtils.lambda$parallelForEachAsync$4(ConcurrentUtils.java:180)
	at java.base/java.util.concurrent.ThreadPoolExecutor.runWorker(ThreadPoolExecutor.java:1128)
	at java.base/java.util.concurrent.ThreadPoolExecutor$Worker.run(ThreadPoolExecutor.java:628)
	... 1 more
2023-03-19 06:36:17,844 [grpc-default-executor-1] INFO  server.GrpcLogAppender (GrpcLogAppender.java:onCompleted(422)) - s0@group-2AD7074A39E5->s1-AppendLogResponseHandler: follower responses appendEntries COMPLETED
2023-03-19 06:36:17,844 [grpc-default-executor-1] INFO  leader.FollowerInfo (FollowerInfoImpl.java:lambda$new$0(52)) - s0@group-2AD7074A39E5->s1: decreaseNextIndex nextIndex: updateUnconditionally 259 -> 258
2023-03-19 06:36:17,844 [grpc-default-executor-1] INFO  server.GrpcServerProtocolService (GrpcServerProtocolService.java:onCompleted(145)) - s1: Completed APPEND_ENTRIES, lastRequest: null
2023-03-19 06:36:17,846 [Thread-239] INFO  server.GrpcServerProtocolClient (GrpcServerProtocolClient.java:close(102)) - s2 Close channels
2023-03-19 06:36:17,850 [MiniRaftCluster-21] INFO  server.RaftServer (RaftServerProxy.java:lambda$close$7(417)) - s2: close
2023-03-19 06:36:17,856 [MiniRaftCluster-21] INFO  server.GrpcService (GrpcService.java:closeImpl(311)) - s2: shutdown server GrpcServerProtocolService now
2023-03-19 06:36:17,856 [Thread-238] INFO  server.GrpcServerProtocolClient (GrpcServerProtocolClient.java:close(102)) - s1 Close channels
2023-03-19 06:36:17,856 [s2-impl-thread1] INFO  server.RaftServer$Division (RaftServerImpl.java:lambda$close$4(466)) - s2@group-2AD7074A39E5: shutdown
2023-03-19 06:36:17,856 [s2-impl-thread1] INFO  util.JmxRegister (JmxRegister.java:unregister(73)) - Successfully un-registered JMX Bean with object name Ratis:service=RaftServer,group=group-2AD7074A39E5,id=s2
2023-03-19 06:36:17,856 [s2-impl-thread1] INFO  impl.RoleInfo (RoleInfo.java:shutdownFollowerState(110)) - s2: shutdown s2@group-2AD7074A39E5-FollowerState
2023-03-19 06:36:17,856 [s2-impl-thread1] INFO  impl.StateMachineUpdater (StateMachineUpdater.java:stopAndJoin(154)) - s2@group-2AD7074A39E5-StateMachineUpdater: set stopIndex = 257
2023-03-19 06:36:17,857 [grpc-default-executor-3] INFO  server.GrpcLogAppender (GrpcLogAppender.java:onCompleted(422)) - s0@group-2AD7074A39E5->s1-AppendLogResponseHandler: follower responses appendEntries COMPLETED
2023-03-19 06:36:17,857 [MiniRaftCluster-20] INFO  server.GrpcService (GrpcService.java:closeImpl(320)) - s1: shutdown server GrpcServerProtocolService successfully
2023-03-19 06:36:17,857 [grpc-default-executor-3] WARN  server.GrpcLogAppender (GrpcLogAppender.java:resetClient(133)) - s0@group-2AD7074A39E5->s1-GrpcLogAppender: Failed to getClient for s1
org.apache.ratis.protocol.exceptions.AlreadyClosedException: s0 is already CLOSED
	at org.apache.ratis.util.PeerProxyMap$PeerAndProxy.getProxy(PeerProxyMap.java:61)
	at org.apache.ratis.util.PeerProxyMap.getProxy(PeerProxyMap.java:115)
	at org.apache.ratis.grpc.server.GrpcLogAppender.getClient(GrpcLogAppender.java:111)
	at org.apache.ratis.grpc.server.GrpcLogAppender.resetClient(GrpcLogAppender.java:116)
	at org.apache.ratis.grpc.server.GrpcLogAppender.access$500(GrpcLogAppender.java:55)
	at org.apache.ratis.grpc.server.GrpcLogAppender$AppendLogResponseHandler.onCompleted(GrpcLogAppender.java:423)
	at org.apache.ratis.thirdparty.io.grpc.stub.ClientCalls$StreamObserverToCallListenerAdapter.onClose(ClientCalls.java:485)
	at org.apache.ratis.thirdparty.io.grpc.internal.DelayedClientCall$DelayedListener$3.run(DelayedClientCall.java:468)
	at org.apache.ratis.thirdparty.io.grpc.internal.DelayedClientCall$DelayedListener.delayOrExecute(DelayedClientCall.java:432)
	at org.apache.ratis.thirdparty.io.grpc.internal.DelayedClientCall$DelayedListener.onClose(DelayedClientCall.java:465)
	at org.apache.ratis.thirdparty.io.grpc.internal.ClientCallImpl.closeObserver(ClientCallImpl.java:562)
	at org.apache.ratis.thirdparty.io.grpc.internal.ClientCallImpl.access$300(ClientCallImpl.java:70)
	at org.apache.ratis.thirdparty.io.grpc.internal.ClientCallImpl$ClientStreamListenerImpl$1StreamClosed.runInternal(ClientCallImpl.java:743)
	at org.apache.ratis.thirdparty.io.grpc.internal.ClientCallImpl$ClientStreamListenerImpl$1StreamClosed.runInContext(ClientCallImpl.java:722)
	at org.apache.ratis.thirdparty.io.grpc.internal.ContextRunnable.run(ContextRunnable.java:37)
	at org.apache.ratis.thirdparty.io.grpc.internal.SerializingExecutor.run(SerializingExecutor.java:133)
	at java.base/java.util.concurrent.ThreadPoolExecutor.runWorker(ThreadPoolExecutor.java:1128)
	at java.base/java.util.concurrent.ThreadPoolExecutor$Worker.run(ThreadPoolExecutor.java:628)
	at java.base/java.lang.Thread.run(Thread.java:829)
2023-03-19 06:36:17,857 [s2@group-2AD7074A39E5-FollowerState] INFO  impl.FollowerState (FollowerState.java:run(152)) - s2@group-2AD7074A39E5-FollowerState was interrupted
2023-03-19 06:36:17,864 [grpc-default-executor-1] WARN  server.GrpcServerProtocolService (LogUtils.java:warn(122)) - s2: APPEND_ENTRIES onError, lastRequest: null: org.apache.ratis.thirdparty.io.grpc.StatusRuntimeException: CANCELLED: client cancelled
2023-03-19 06:36:17,864 [grpc-default-executor-6] WARN  server.GrpcServerProtocolService (LogUtils.java:warn(122)) - s2: APPEND_ENTRIES onError, lastRequest: s0->s2#4-t1,previous=(t:1, i:255),leaderCommit=257,initializing? true,entries: size=3, first=(t:1, i:256), METADATAENTRY(c:255): org.apache.ratis.thirdparty.io.grpc.StatusRuntimeException: CANCELLED: client cancelled
2023-03-19 06:36:17,866 [grpc-default-executor-5] INFO  server.GrpcLogAppender (GrpcLogAppender.java:onError(411)) - s0@group-2AD7074A39E5->s2-GrpcLogAppender is already stopped
2023-03-19 06:36:17,866 [grpc-default-executor-2] INFO  server.GrpcLogAppender (GrpcLogAppender.java:onError(411)) - s0@group-2AD7074A39E5->s2-GrpcLogAppender is already stopped
2023-03-19 06:36:17,866 [MiniRaftCluster-19] INFO  server.GrpcService (GrpcService.java:closeImpl(320)) - s0: shutdown server org.apache.ratis.grpc.server.GrpcClientProtocolService successfully
2023-03-19 06:36:17,866 [MiniRaftCluster-19] INFO  server.GrpcService (GrpcService.java:closeImpl(311)) - s0: shutdown server GrpcServerProtocolService now
2023-03-19 06:36:17,866 [MiniRaftCluster-21] INFO  server.GrpcService (GrpcService.java:closeImpl(320)) - s2: shutdown server GrpcServerProtocolService successfully
2023-03-19 06:36:17,868 [MiniRaftCluster-19] INFO  server.GrpcService (GrpcService.java:closeImpl(320)) - s0: shutdown server GrpcServerProtocolService successfully
2023-03-19 06:36:17,868 [MiniRaftCluster-19] INFO  server.GrpcService (GrpcService.java:closeImpl(311)) - s0: shutdown server org.apache.ratis.grpc.server.GrpcAdminProtocolService now
2023-03-19 06:36:17,872 [MiniRaftCluster-19] INFO  server.GrpcService (GrpcService.java:closeImpl(320)) - s0: shutdown server org.apache.ratis.grpc.server.GrpcAdminProtocolService successfully
2023-03-19 06:36:18,777 [s0-impl-thread1] INFO  segmented.SegmentedRaftLogWorker (SegmentedRaftLogWorker.java:close(242)) - s0@group-2AD7074A39E5-SegmentedRaftLogWorker close()
2023-03-19 06:36:18,784 [JvmPauseMonitor9] INFO  util.JvmPauseMonitor (JvmPauseMonitor.java:run(109)) - JvmPauseMonitor-s0: Stopped
2023-03-19 06:36:18,786 [s1-impl-thread1] INFO  segmented.SegmentedRaftLogWorker (SegmentedRaftLogWorker.java:close(242)) - s1@group-2AD7074A39E5-SegmentedRaftLogWorker close()
2023-03-19 06:36:18,787 [JvmPauseMonitor10] INFO  util.JvmPauseMonitor (JvmPauseMonitor.java:run(109)) - JvmPauseMonitor-s1: Stopped
2023-03-19 06:36:22,847 [Time-limited test] INFO  impl.MiniRaftCluster (MiniRaftCluster.java:shutdown(855)) - MiniRaftClusterWithGrpc shutdown completed
2023-03-19 06:36:22,847 [Time-limited test] INFO  impl.MiniRaftCluster (MiniRaftCluster.java:shutdown(831)) - ************************************************************** 
2023-03-19 06:36:22,847 [Time-limited test] INFO  impl.MiniRaftCluster (MiniRaftCluster.java:shutdown(832)) - *** 
2023-03-19 06:36:22,847 [Time-limited test] INFO  impl.MiniRaftCluster (MiniRaftCluster.java:shutdown(833)) - ***     Stopping MiniRaftClusterWithGrpc
2023-03-19 06:36:22,847 [Time-limited test] INFO  impl.MiniRaftCluster (MiniRaftCluster.java:shutdown(834)) - *** 
2023-03-19 06:36:22,847 [Time-limited test] INFO  impl.MiniRaftCluster (MiniRaftCluster.java:shutdown(835)) - ************************************************************** 
2023-03-19 06:36:22,848 [Time-limited test] INFO  impl.MiniRaftCluster (MiniRaftCluster.java:shutdown(836)) - printing ALL groups
  s0:   CLOSED    LEADER s0@group-2AD7074A39E5:t1, leader=s0, voted=s0, raftlog=Memoized:s0@group-2AD7074A39E5-SegmentedRaftLog:CLOSED:c258, conf=257: peers:[s0|rpc:localhost:35127|admin:localhost:41817|client:localhost:45363|dataStream:localhost:44295|priority:0|startupRole:FOLLOWER, s1|rpc:0.0.0.0:42963|dataStream:|priority:0|startupRole:FOLLOWER, s2|rpc:0.0.0.0:43881|dataStream:|priority:0|startupRole:FOLLOWER]|listeners:[], old=null CLOSED
  s1:   CLOSED  FOLLOWER s1@group-2AD7074A39E5:t1, leader=s0, voted=null, raftlog=Memoized:s1@group-2AD7074A39E5-SegmentedRaftLog:CLOSED:c257, conf=257: peers:[s0|rpc:localhost:35127|admin:localhost:41817|client:localhost:45363|dataStream:localhost:44295|priority:0|startupRole:FOLLOWER, s1|rpc:0.0.0.0:42963|dataStream:|priority:0|startupRole:FOLLOWER, s2|rpc:0.0.0.0:43881|dataStream:|priority:0|startupRole:FOLLOWER]|listeners:[], old=null CLOSED
  s2:  CLOSING  FOLLOWER s2@group-2AD7074A39E5:t1, leader=s0, voted=null, raftlog=Memoized:s2@group-2AD7074A39E5-SegmentedRaftLog:OPENED:c257, conf=257: peers:[s0|rpc:localhost:35127|admin:localhost:41817|client:localhost:45363|dataStream:localhost:44295|priority:0|startupRole:FOLLOWER, s1|rpc:0.0.0.0:42963|dataStream:|priority:0|startupRole:FOLLOWER, s2|rpc:0.0.0.0:43881|dataStream:|priority:0|startupRole:FOLLOWER]|listeners:[], old=null CLOSING
2023-03-19 06:36:22,855 [JvmPauseMonitor11] INFO  util.JvmPauseMonitor (JvmPauseMonitor.java:run(109)) - JvmPauseMonitor-s2: Stopped
2023-03-19 06:36:22,855 [Time-limited test] INFO  impl.MiniRaftCluster (MiniRaftCluster.java:shutdown(855)) - MiniRaftClusterWithGrpc shutdown completed
]]></system-out>
  </testcase>
</testsuite>