<?xml version="1.0" encoding="UTF-8"?>
<testsuite xmlns:xsi="http://www.w3.org/2001/XMLSchema-instance" xsi:noNamespaceSchemaLocation="https://maven.apache.org/surefire/maven-surefire-plugin/xsd/surefire-test-report-3.0.xsd" version="3.0" name="org.apache.ratis.grpc.TestLeaderInstallSnapshotWithGrpc" time="118.299" tests="6" errors="1" skipped="0" failures="0">
  <properties>
    <property name="awt.toolkit" value="sun.awt.X11.XToolkit"/>
    <property name="file.encoding.pkg" value="sun.io"/>
    <property name="java.specification.version" value="1.8"/>
    <property name="sun.cpu.isalist" value=""/>
    <property name="sun.jnu.encoding" value="UTF-8"/>
    <property name="java.class.path" value="/home/runner/work/ratis/ratis/ratis-test/target/test-classes:/home/runner/work/ratis/ratis/ratis-test/target/classes:/home/runner/work/ratis/ratis/ratis-common/target/classes:/home/runner/.m2/repository/org/apache/ratis/ratis-thirdparty-misc/1.0.6/ratis-thirdparty-misc-1.0.6.jar:/home/runner/work/ratis/ratis/ratis-proto/target/classes:/home/runner/work/ratis/ratis/ratis-common/target/test-classes:/home/runner/work/ratis/ratis/ratis-client/target/classes:/home/runner/work/ratis/ratis/ratis-server/target/classes:/home/runner/work/ratis/ratis/ratis-server-api/target/classes:/home/runner/work/ratis/ratis/ratis-metrics-api/target/classes:/home/runner/work/ratis/ratis/ratis-server/target/test-classes:/home/runner/work/ratis/ratis/ratis-metrics-default/target/classes:/home/runner/work/ratis/ratis/ratis-netty/target/classes:/home/runner/work/ratis/ratis/ratis-netty/target/test-classes:/home/runner/work/ratis/ratis/ratis-grpc/target/classes:/home/runner/work/ratis/ratis/ratis-grpc/target/test-classes:/home/runner/work/ratis/ratis/ratis-shell/target/classes:/home/runner/.m2/repository/commons-cli/commons-cli/1.5.0/commons-cli-1.5.0.jar:/home/runner/.m2/repository/org/reflections/reflections/0.10.2/reflections-0.10.2.jar:/home/runner/.m2/repository/org/javassist/javassist/3.28.0-GA/javassist-3.28.0-GA.jar:/home/runner/.m2/repository/com/google/code/findbugs/jsr305/3.0.2/jsr305-3.0.2.jar:/home/runner/.m2/repository/org/bouncycastle/bcprov-jdk18on/1.78.1/bcprov-jdk18on-1.78.1.jar:/home/runner/.m2/repository/org/bouncycastle/bcpkix-jdk18on/1.78.1/bcpkix-jdk18on-1.78.1.jar:/home/runner/.m2/repository/org/bouncycastle/bcutil-jdk18on/1.78.1/bcutil-jdk18on-1.78.1.jar:/home/runner/.m2/repository/org/slf4j/slf4j-api/2.0.7/slf4j-api-2.0.7.jar:/home/runner/.m2/repository/org/slf4j/slf4j-reload4j/2.0.7/slf4j-reload4j-2.0.7.jar:/home/runner/.m2/repository/ch/qos/reload4j/reload4j/1.2.22/reload4j-1.2.22.jar:/home/runner/.m2/repository/junit/junit/4.13.2/junit-4.13.2.jar:/home/runner/.m2/repository/org/hamcrest/hamcrest-core/1.3/hamcrest-core-1.3.jar:/home/runner/.m2/repository/org/junit/jupiter/junit-jupiter-engine/5.10.1/junit-jupiter-engine-5.10.1.jar:/home/runner/.m2/repository/org/junit/platform/junit-platform-engine/1.10.1/junit-platform-engine-1.10.1.jar:/home/runner/.m2/repository/org/apiguardian/apiguardian-api/1.1.2/apiguardian-api-1.1.2.jar:/home/runner/.m2/repository/org/junit/jupiter/junit-jupiter-api/5.10.1/junit-jupiter-api-5.10.1.jar:/home/runner/.m2/repository/org/opentest4j/opentest4j/1.3.0/opentest4j-1.3.0.jar:/home/runner/.m2/repository/org/junit/platform/junit-platform-commons/1.10.1/junit-platform-commons-1.10.1.jar:/home/runner/.m2/repository/org/junit/jupiter/junit-jupiter-params/5.10.1/junit-jupiter-params-5.10.1.jar:/home/runner/.m2/repository/org/mockito/mockito-core/4.3.1/mockito-core-4.3.1.jar:/home/runner/.m2/repository/net/bytebuddy/byte-buddy/1.12.7/byte-buddy-1.12.7.jar:/home/runner/.m2/repository/net/bytebuddy/byte-buddy-agent/1.12.7/byte-buddy-agent-1.12.7.jar:/home/runner/.m2/repository/org/objenesis/objenesis/3.2/objenesis-3.2.jar:"/>
    <property name="java.vm.vendor" value="Temurin"/>
    <property name="sun.arch.data.model" value="64"/>
    <property name="java.vendor.url" value="https://adoptium.net/"/>
    <property name="user.timezone" value="Etc/UTC"/>
    <property name="java.vm.specification.version" value="1.8"/>
    <property name="os.name" value="Linux"/>
    <property name="sun.java.launcher" value="SUN_STANDARD"/>
    <property name="sun.boot.library.path" value="/usr/lib/jvm/temurin-8-jdk-amd64/jre/lib/amd64"/>
    <property name="sun.java.command" value="/home/runner/work/ratis/ratis/ratis-test/target/surefire/surefirebooter4336792625248595396.jar /home/runner/work/ratis/ratis/ratis-test/target/surefire 2024-09-15T02-31-41_958-jvmRun1 surefire2298716514621430331tmp surefire_06770933202313609605tmp"/>
    <property name="surefire.test.class.path" value="/home/runner/work/ratis/ratis/ratis-test/target/test-classes:/home/runner/work/ratis/ratis/ratis-test/target/classes:/home/runner/work/ratis/ratis/ratis-common/target/classes:/home/runner/.m2/repository/org/apache/ratis/ratis-thirdparty-misc/1.0.6/ratis-thirdparty-misc-1.0.6.jar:/home/runner/work/ratis/ratis/ratis-proto/target/classes:/home/runner/work/ratis/ratis/ratis-common/target/test-classes:/home/runner/work/ratis/ratis/ratis-client/target/classes:/home/runner/work/ratis/ratis/ratis-server/target/classes:/home/runner/work/ratis/ratis/ratis-server-api/target/classes:/home/runner/work/ratis/ratis/ratis-metrics-api/target/classes:/home/runner/work/ratis/ratis/ratis-server/target/test-classes:/home/runner/work/ratis/ratis/ratis-metrics-default/target/classes:/home/runner/work/ratis/ratis/ratis-netty/target/classes:/home/runner/work/ratis/ratis/ratis-netty/target/test-classes:/home/runner/work/ratis/ratis/ratis-grpc/target/classes:/home/runner/work/ratis/ratis/ratis-grpc/target/test-classes:/home/runner/work/ratis/ratis/ratis-shell/target/classes:/home/runner/.m2/repository/commons-cli/commons-cli/1.5.0/commons-cli-1.5.0.jar:/home/runner/.m2/repository/org/reflections/reflections/0.10.2/reflections-0.10.2.jar:/home/runner/.m2/repository/org/javassist/javassist/3.28.0-GA/javassist-3.28.0-GA.jar:/home/runner/.m2/repository/com/google/code/findbugs/jsr305/3.0.2/jsr305-3.0.2.jar:/home/runner/.m2/repository/org/bouncycastle/bcprov-jdk18on/1.78.1/bcprov-jdk18on-1.78.1.jar:/home/runner/.m2/repository/org/bouncycastle/bcpkix-jdk18on/1.78.1/bcpkix-jdk18on-1.78.1.jar:/home/runner/.m2/repository/org/bouncycastle/bcutil-jdk18on/1.78.1/bcutil-jdk18on-1.78.1.jar:/home/runner/.m2/repository/org/slf4j/slf4j-api/2.0.7/slf4j-api-2.0.7.jar:/home/runner/.m2/repository/org/slf4j/slf4j-reload4j/2.0.7/slf4j-reload4j-2.0.7.jar:/home/runner/.m2/repository/ch/qos/reload4j/reload4j/1.2.22/reload4j-1.2.22.jar:/home/runner/.m2/repository/junit/junit/4.13.2/junit-4.13.2.jar:/home/runner/.m2/repository/org/hamcrest/hamcrest-core/1.3/hamcrest-core-1.3.jar:/home/runner/.m2/repository/org/junit/jupiter/junit-jupiter-engine/5.10.1/junit-jupiter-engine-5.10.1.jar:/home/runner/.m2/repository/org/junit/platform/junit-platform-engine/1.10.1/junit-platform-engine-1.10.1.jar:/home/runner/.m2/repository/org/apiguardian/apiguardian-api/1.1.2/apiguardian-api-1.1.2.jar:/home/runner/.m2/repository/org/junit/jupiter/junit-jupiter-api/5.10.1/junit-jupiter-api-5.10.1.jar:/home/runner/.m2/repository/org/opentest4j/opentest4j/1.3.0/opentest4j-1.3.0.jar:/home/runner/.m2/repository/org/junit/platform/junit-platform-commons/1.10.1/junit-platform-commons-1.10.1.jar:/home/runner/.m2/repository/org/junit/jupiter/junit-jupiter-params/5.10.1/junit-jupiter-params-5.10.1.jar:/home/runner/.m2/repository/org/mockito/mockito-core/4.3.1/mockito-core-4.3.1.jar:/home/runner/.m2/repository/net/bytebuddy/byte-buddy/1.12.7/byte-buddy-1.12.7.jar:/home/runner/.m2/repository/net/bytebuddy/byte-buddy-agent/1.12.7/byte-buddy-agent-1.12.7.jar:/home/runner/.m2/repository/org/objenesis/objenesis/3.2/objenesis-3.2.jar:"/>
    <property name="sun.cpu.endian" value="little"/>
    <property name="user.home" value="/home/runner"/>
    <property name="user.language" value="en"/>
    <property name="java.specification.vendor" value="Oracle Corporation"/>
    <property name="java.home" value="/usr/lib/jvm/temurin-8-jdk-amd64/jre"/>
    <property name="basedir" value="/home/runner/work/ratis/ratis/ratis-test"/>
    <property name="file.separator" value="/"/>
    <property name="line.separator" value="&#10;"/>
    <property name="java.vm.specification.vendor" value="Oracle Corporation"/>
    <property name="java.specification.name" value="Java Platform API Specification"/>
    <property name="java.awt.graphicsenv" value="sun.awt.X11GraphicsEnvironment"/>
    <property name="surefire.real.class.path" value="/home/runner/work/ratis/ratis/ratis-test/target/surefire/surefirebooter4336792625248595396.jar:/home/runner/.m2/repository/org/jacoco/org.jacoco.agent/0.8.11/org.jacoco.agent-0.8.11-runtime.jar"/>
    <property name="sun.boot.class.path" value="/usr/lib/jvm/temurin-8-jdk-amd64/jre/lib/resources.jar:/usr/lib/jvm/temurin-8-jdk-amd64/jre/lib/rt.jar:/usr/lib/jvm/temurin-8-jdk-amd64/jre/lib/sunrsasign.jar:/usr/lib/jvm/temurin-8-jdk-amd64/jre/lib/jsse.jar:/usr/lib/jvm/temurin-8-jdk-amd64/jre/lib/jce.jar:/usr/lib/jvm/temurin-8-jdk-amd64/jre/lib/charsets.jar:/usr/lib/jvm/temurin-8-jdk-amd64/jre/lib/jfr.jar:/usr/lib/jvm/temurin-8-jdk-amd64/jre/classes"/>
    <property name="sun.management.compiler" value="HotSpot 64-Bit Tiered Compilers"/>
    <property name="java.runtime.version" value="1.8.0_422-b05"/>
    <property name="java.net.preferIPv4Stack" value="true"/>
    <property name="user.name" value="runner"/>
    <property name="path.separator" value=":"/>
    <property name="os.version" value="5.15.0-1071-azure"/>
    <property name="java.endorsed.dirs" value="/usr/lib/jvm/temurin-8-jdk-amd64/jre/lib/endorsed"/>
    <property name="java.runtime.name" value="OpenJDK Runtime Environment"/>
    <property name="file.encoding" value="UTF-8"/>
    <property name="java.vm.name" value="OpenJDK 64-Bit Server VM"/>
    <property name="localRepository" value="/home/runner/.m2/repository"/>
    <property name="java.vendor.url.bug" value="https://github.com/adoptium/adoptium-support/issues"/>
    <property name="java.io.tmpdir" value="/tmp"/>
    <property name="java.version" value="1.8.0_422"/>
    <property name="user.dir" value="/home/runner/work/ratis/ratis/ratis-test"/>
    <property name="os.arch" value="amd64"/>
    <property name="ratis.tmp.dir" value="/home/runner/work/ratis/ratis/ratis-test/target/tmp"/>
    <property name="java.vm.specification.name" value="Java Virtual Machine Specification"/>
    <property name="java.awt.printerjob" value="sun.print.PSPrinterJob"/>
    <property name="ratis.log.dir" value="/home/runner/work/ratis/ratis/ratis-test/target/log"/>
    <property name="sun.os.patch.level" value="unknown"/>
    <property name="org.apache.ratis.thirdparty.io.netty.allocator.useCacheForAllThreads" value="false"/>
    <property name="java.library.path" value="/usr/java/packages/lib/amd64:/usr/lib64:/lib64:/lib:/usr/lib"/>
    <property name="java.vm.info" value="mixed mode"/>
    <property name="java.vendor" value="Temurin"/>
    <property name="java.vm.version" value="25.422-b05"/>
    <property name="java.specification.maintenance.version" value="5"/>
    <property name="java.ext.dirs" value="/usr/lib/jvm/temurin-8-jdk-amd64/jre/lib/ext:/usr/java/packages/lib/ext"/>
    <property name="sun.io.unicode.encoding" value="UnicodeLittle"/>
    <property name="java.class.version" value="52.0"/>
  </properties>
  <testcase name="testMultiFileInstallSnapshot(Boolean)[1]" classname="org.apache.ratis.grpc.TestLeaderInstallSnapshotWithGrpc" time="5.198"/>
  <testcase name="testMultiFileInstallSnapshot(Boolean)[2]" classname="org.apache.ratis.grpc.TestLeaderInstallSnapshotWithGrpc" time="2.38"/>
  <testcase name="testInstallSnapshotLeaderSwitch(Boolean)[1]" classname="org.apache.ratis.grpc.TestLeaderInstallSnapshotWithGrpc" time="100.188">
    <error type="java.util.concurrent.TimeoutException"><![CDATA[java.util.concurrent.TimeoutException: testInstallSnapshotLeaderSwitch(java.lang.Boolean) timed out after 100 seconds
	at java.util.stream.ForEachOps$ForEachOp$OfRef.accept(ForEachOps.java:183)
	at java.util.stream.ReferencePipeline$3$1.accept(ReferencePipeline.java:193)
	at java.util.stream.ReferencePipeline$2$1.accept(ReferencePipeline.java:175)
	at java.util.stream.ReferencePipeline$3$1.accept(ReferencePipeline.java:193)
	at java.util.stream.ForEachOps$ForEachOp$OfRef.accept(ForEachOps.java:183)
	at java.util.stream.ReferencePipeline$3$1.accept(ReferencePipeline.java:193)
	at java.util.stream.ReferencePipeline$3$1.accept(ReferencePipeline.java:193)
	at java.util.stream.ReferencePipeline$3$1.accept(ReferencePipeline.java:193)
	at java.util.stream.ForEachOps$ForEachOp$OfRef.accept(ForEachOps.java:183)
	at java.util.stream.ReferencePipeline$3$1.accept(ReferencePipeline.java:193)
	at java.util.Spliterators$ArraySpliterator.forEachRemaining(Spliterators.java:948)
	at java.util.stream.ReferencePipeline$Head.forEach(ReferencePipeline.java:647)
	at java.util.stream.ReferencePipeline$7$1.accept(ReferencePipeline.java:272)
	at java.util.stream.ReferencePipeline$3$1.accept(ReferencePipeline.java:193)
	at java.util.stream.ReferencePipeline$3$1.accept(ReferencePipeline.java:193)
	at java.util.stream.ReferencePipeline$3$1.accept(ReferencePipeline.java:193)
	at java.util.Spliterators$ArraySpliterator.forEachRemaining(Spliterators.java:948)
	at java.util.stream.AbstractPipeline.copyInto(AbstractPipeline.java:482)
	at java.util.stream.AbstractPipeline.wrapAndCopyInto(AbstractPipeline.java:472)
	at java.util.stream.ForEachOps$ForEachOp.evaluateSequential(ForEachOps.java:150)
	at java.util.stream.ForEachOps$ForEachOp$OfRef.evaluateSequential(ForEachOps.java:173)
	at java.util.stream.AbstractPipeline.evaluate(AbstractPipeline.java:234)
	at java.util.stream.ReferencePipeline.forEach(ReferencePipeline.java:485)
	at java.util.stream.ReferencePipeline$7$1.accept(ReferencePipeline.java:272)
	at java.util.stream.ReferencePipeline$3$1.accept(ReferencePipeline.java:193)
	at java.util.stream.ReferencePipeline$3$1.accept(ReferencePipeline.java:193)
	at java.util.stream.ReferencePipeline$3$1.accept(ReferencePipeline.java:193)
	at java.util.ArrayList$ArrayListSpliterator.forEachRemaining(ArrayList.java:1384)
	at java.util.stream.AbstractPipeline.copyInto(AbstractPipeline.java:482)
	at java.util.stream.AbstractPipeline.wrapAndCopyInto(AbstractPipeline.java:472)
	at java.util.stream.ForEachOps$ForEachOp.evaluateSequential(ForEachOps.java:150)
	at java.util.stream.ForEachOps$ForEachOp$OfRef.evaluateSequential(ForEachOps.java:173)
	at java.util.stream.AbstractPipeline.evaluate(AbstractPipeline.java:234)
	at java.util.stream.ReferencePipeline.forEach(ReferencePipeline.java:485)
	at java.util.stream.ReferencePipeline$7$1.accept(ReferencePipeline.java:272)
	at java.util.ArrayList$ArrayListSpliterator.forEachRemaining(ArrayList.java:1384)
	at java.util.stream.AbstractPipeline.copyInto(AbstractPipeline.java:482)
	at java.util.stream.AbstractPipeline.wrapAndCopyInto(AbstractPipeline.java:472)
	at java.util.stream.ForEachOps$ForEachOp.evaluateSequential(ForEachOps.java:150)
	at java.util.stream.ForEachOps$ForEachOp$OfRef.evaluateSequential(ForEachOps.java:173)
	at java.util.stream.AbstractPipeline.evaluate(AbstractPipeline.java:234)
	at java.util.stream.ReferencePipeline.forEach(ReferencePipeline.java:485)
	at java.util.ArrayList.forEach(ArrayList.java:1259)
	at java.util.ArrayList.forEach(ArrayList.java:1259)
	Suppressed: java.lang.IllegalStateException: allLeaks.size = 258
		at org.apache.ratis.util.Preconditions.assertTrue(Preconditions.java:77)
		at org.apache.ratis.util.LeakDetector.assertNoLeaks(LeakDetector.java:107)
		at org.apache.ratis.server.impl.MiniRaftCluster.shutdown(MiniRaftCluster.java:869)
		at org.apache.ratis.grpc.MiniRaftClusterWithGrpc.shutdown(MiniRaftClusterWithGrpc.java:93)
		at org.apache.ratis.server.impl.MiniRaftCluster$Factory$Get.runWithNewCluster(MiniRaftCluster.java:149)
		at org.apache.ratis.server.impl.MiniRaftCluster$Factory$Get.runWithNewCluster(MiniRaftCluster.java:121)
		at org.apache.ratis.InstallSnapshotFromLeaderTests.testInstallSnapshotLeaderSwitch(InstallSnapshotFromLeaderTests.java:96)
		at org.apache.ratis.grpc.TestLeaderInstallSnapshotWithGrpc.testInstallSnapshotLeaderSwitch(TestLeaderInstallSnapshotWithGrpc.java:53)
		at java.lang.reflect.Method.invoke(Method.java:498)
		... 44 more
]]></error>
    <system-out><![CDATA[2024-09-15 02:32:24,964 [main] INFO  util.LogUtils (Slf4jUtils.java:setLogLevel(38)) - Successfully set org.apache.ratis.conf.ConfUtils log level to WARN
2024-09-15 02:32:24,964 [main] INFO  util.LogUtils (Slf4jUtils.java:setLogLevel(38)) - Successfully set org.apache.ratis.util.FileUtils log level to TRACE
2024-09-15 02:32:24,965 [main] INFO  impl.MiniRaftCluster (MiniRaftCluster.java:runWithNewCluster(137)) - Running runWithNewCluster
2024-09-15 02:32:24,966 [main] INFO  impl.MiniRaftCluster (MiniRaftCluster.java:<init>(309)) - new MiniRaftClusterWithGrpc with group-39FE727B82F7:[s0|localhost:15012, s1|localhost:15016, s2|localhost:15020]
2024-09-15 02:32:24,966 [main] INFO  impl.MiniRaftCluster (MiniRaftCluster.java:start(342)) - .............................................................. 
2024-09-15 02:32:24,966 [main] INFO  impl.MiniRaftCluster (MiniRaftCluster.java:start(343)) - ... 
2024-09-15 02:32:24,966 [main] INFO  impl.MiniRaftCluster (MiniRaftCluster.java:start(344)) - ...     Starting MiniRaftClusterWithGrpc
2024-09-15 02:32:24,966 [main] INFO  impl.MiniRaftCluster (MiniRaftCluster.java:start(345)) - ... 
2024-09-15 02:32:24,967 [main] INFO  impl.MiniRaftCluster (MiniRaftCluster.java:start(346)) - .............................................................. 
2024-09-15 02:32:24,967 [main] INFO  impl.MiniRaftCluster (MiniRaftCluster.java:initServers(321)) - servers = {}
2024-09-15 02:32:24,967 [main] INFO  impl.MiniRaftCluster (MiniRaftCluster.java:newRaftServer(386)) - newRaftServer: s0, group-39FE727B82F7:[s0|localhost:15012, s1|localhost:15016, s2|localhost:15020], format? true
2024-09-15 02:32:24,967 [main] TRACE util.FileUtils (FileUtils.java:deleteFully(305)) - deleteFully target/test/data/bb653c4b/MiniRaftClusterWithGrpcb514da3f/s0
2024-09-15 02:32:24,967 [main] TRACE util.FileUtils (FileUtils.java:deleteFully(318)) - deleteFully: target/test/data/bb653c4b/MiniRaftClusterWithGrpcb514da3f/s0 does not exist.
2024-09-15 02:32:24,967 [main] INFO  impl.MiniRaftCluster (MiniRaftCluster.java:newRaftServer(391)) - Formatted directory target/test/data/bb653c4b/MiniRaftClusterWithGrpcb514da3f/s0
2024-09-15 02:32:24,968 [main] INFO  server.RaftServer (ConfUtils.java:logGet(46)) - raft.rpc.type = GRPC (default)
2024-09-15 02:32:24,969 [main] INFO  grpc.GrpcConfigKeys (ConfUtils.java:logFallback(53)) - raft.grpc.admin.host = null (fallback to raft.grpc.server.host)
2024-09-15 02:32:24,969 [main] INFO  grpc.GrpcConfigKeys (ConfUtils.java:logGet(46)) - raft.grpc.admin.port = 15013 (custom)
2024-09-15 02:32:24,969 [main] INFO  grpc.GrpcConfigKeys (ConfUtils.java:logFallback(53)) - raft.grpc.client.host = null (fallback to raft.grpc.server.host)
2024-09-15 02:32:24,969 [main] INFO  grpc.GrpcConfigKeys (ConfUtils.java:logGet(46)) - raft.grpc.client.port = 15014 (custom)
2024-09-15 02:32:24,969 [main] INFO  grpc.GrpcConfigKeys (ConfUtils.java:logGet(46)) - raft.grpc.server.host = null (default)
2024-09-15 02:32:24,969 [main] INFO  grpc.GrpcConfigKeys (ConfUtils.java:logGet(46)) - raft.grpc.server.port = 15012 (custom)
2024-09-15 02:32:24,970 [main] INFO  server.GrpcService (ConfUtils.java:logGet(46)) - raft.grpc.message.size.max = 64MB (=67108864) (default)
2024-09-15 02:32:24,970 [main] INFO  server.GrpcService (ConfUtils.java:logGet(46)) - raft.grpc.flow.control.window = 1MB (=1048576) (default)
2024-09-15 02:32:24,970 [main] INFO  server.RaftServerConfigKeys (ConfUtils.java:logGet(46)) - raft.server.rpc.request.timeout = 3000ms (default)
2024-09-15 02:32:24,970 [main] INFO  grpc.GrpcConfigKeys (ConfUtils.java:logGet(46)) - raft.grpc.server.heartbeat.channel = false (custom)
2024-09-15 02:32:24,970 [main] INFO  grpc.GrpcConfigKeys (ConfUtils.java:logGet(46)) - raft.grpc.server.zerocopy.enabled = true (custom)
2024-09-15 02:32:24,970 [main] INFO  server.RaftServerConfigKeys (ConfUtils.java:logGet(46)) - raft.server.log.appender.buffer.byte-limit = 4MB (=4194304) (default)
2024-09-15 02:32:24,971 [main] INFO  grpc.GrpcConfigKeys (ConfUtils.java:logGet(46)) - raft.grpc.server.async.request.thread.pool.cached = true (default)
2024-09-15 02:32:24,971 [main] INFO  grpc.GrpcConfigKeys (ConfUtils.java:logGet(46)) - raft.grpc.server.async.request.thread.pool.size = 32 (default)
2024-09-15 02:32:24,973 [main] INFO  impl.DataStreamServerImpl (ConfUtils.java:logGet(46)) - raft.datastream.type = DISABLED (default)
2024-09-15 02:32:24,973 [main] INFO  server.RaftServerConfigKeys (ConfUtils.java:logGet(46)) - raft.server.sleep.deviation.threshold = 300ms (default)
2024-09-15 02:32:24,973 [main] INFO  server.RaftServerConfigKeys (ConfUtils.java:logGet(46)) - raft.server.close.threshold = 60s (default)
2024-09-15 02:32:24,973 [main] INFO  server.RaftServerConfigKeys (ConfUtils.java:logGet(46)) - raft.server.leaderelection.leader.step-down.wait-time = 10s (default)
2024-09-15 02:32:24,974 [main] INFO  server.RaftServerConfigKeys (ConfUtils.java:logGet(46)) - raft.server.storage.dir = [/home/runner/work/ratis/ratis/ratis-test/target/test/data/bb653c4b/MiniRaftClusterWithGrpcb514da3f/s0] (custom)
2024-09-15 02:32:24,974 [main] INFO  server.RaftServerConfigKeys (ConfUtils.java:logGet(46)) - raft.server.threadpool.proxy.cached = true (default)
2024-09-15 02:32:24,974 [main] INFO  server.RaftServerConfigKeys (ConfUtils.java:logGet(46)) - raft.server.threadpool.proxy.size = 0 (default)
2024-09-15 02:32:24,975 [main] INFO  server.RaftServer (RaftServerProxy.java:addNew(101)) - s0: addNew group-39FE727B82F7:[s0|localhost:15012, s1|localhost:15016, s2|localhost:15020] returns group-39FE727B82F7:java.util.concurrent.CompletableFuture@51806858[Not completed]
2024-09-15 02:32:24,975 [s0-groupManagement] INFO  server.RaftServerConfigKeys (ConfUtils.java:logGet(46)) - raft.server.log.segment.size.max = 32MB (=33554432) (default)
2024-09-15 02:32:24,975 [main] INFO  impl.MiniRaftCluster (MiniRaftCluster.java:newRaftServer(386)) - newRaftServer: s1, group-39FE727B82F7:[s0|localhost:15012, s1|localhost:15016, s2|localhost:15020], format? true
2024-09-15 02:32:24,975 [main] TRACE util.FileUtils (FileUtils.java:deleteFully(305)) - deleteFully target/test/data/bb653c4b/MiniRaftClusterWithGrpcb514da3f/s1
2024-09-15 02:32:24,975 [s0-groupManagement] INFO  server.RaftServerConfigKeys (ConfUtils.java:logGet(46)) - raft.server.log.preallocated.size = 4MB (=4194304) (default)
2024-09-15 02:32:24,975 [main] TRACE util.FileUtils (FileUtils.java:deleteFully(318)) - deleteFully: target/test/data/bb653c4b/MiniRaftClusterWithGrpcb514da3f/s1 does not exist.
2024-09-15 02:32:24,975 [main] INFO  impl.MiniRaftCluster (MiniRaftCluster.java:newRaftServer(391)) - Formatted directory target/test/data/bb653c4b/MiniRaftClusterWithGrpcb514da3f/s1
2024-09-15 02:32:24,975 [s0-groupManagement] INFO  server.RaftServerConfigKeys (ConfUtils.java:logGet(46)) - raft.server.log.write.buffer.size = 8MB (=8388608) (default)
2024-09-15 02:32:24,976 [s0-groupManagement] INFO  server.RaftServer$Division (RaftServerImpl.java:<init>(255)) - s0: new RaftServerImpl for group-39FE727B82F7:[s0|localhost:15012, s1|localhost:15016, s2|localhost:15020] with StateMachineWithSeparatedSnapshotPath:uninitialized
2024-09-15 02:32:24,976 [s0-groupManagement] INFO  server.RaftServerConfigKeys (ConfUtils.java:logGet(46)) - raft.server.rpc.timeout.min = 150ms (default)
2024-09-15 02:32:24,976 [main] INFO  server.RaftServer (ConfUtils.java:logGet(46)) - raft.rpc.type = GRPC (default)
2024-09-15 02:32:24,976 [s0-groupManagement] INFO  server.RaftServerConfigKeys (ConfUtils.java:logGet(46)) - raft.server.rpc.timeout.max = 300ms (default)
2024-09-15 02:32:24,976 [main] INFO  grpc.GrpcConfigKeys (ConfUtils.java:logFallback(53)) - raft.grpc.admin.host = null (fallback to raft.grpc.server.host)
2024-09-15 02:32:24,976 [s0-groupManagement] INFO  server.RaftServerConfigKeys (ConfUtils.java:logGet(46)) - raft.server.rpc.sleep.time = 25ms (default)
2024-09-15 02:32:24,976 [main] INFO  grpc.GrpcConfigKeys (ConfUtils.java:logGet(46)) - raft.grpc.admin.port = 15017 (custom)
2024-09-15 02:32:24,976 [s0-groupManagement] INFO  server.RaftServerConfigKeys (ConfUtils.java:logGet(46)) - raft.server.rpc.slowness.timeout = 60s (default)
2024-09-15 02:32:24,976 [main] INFO  grpc.GrpcConfigKeys (ConfUtils.java:logFallback(53)) - raft.grpc.client.host = null (fallback to raft.grpc.server.host)
2024-09-15 02:32:24,976 [s0-groupManagement] INFO  server.RaftServerConfigKeys (ConfUtils.java:logGet(46)) - raft.server.leaderelection.leader.step-down.wait-time = 10s (default)
2024-09-15 02:32:24,977 [main] INFO  grpc.GrpcConfigKeys (ConfUtils.java:logGet(46)) - raft.grpc.client.port = 15018 (custom)
2024-09-15 02:32:24,977 [s0-groupManagement] INFO  server.RaftServerConfigKeys (ConfUtils.java:logGet(46)) - raft.server.leaderelection.member.majority-add = true (custom)
2024-09-15 02:32:24,977 [main] INFO  grpc.GrpcConfigKeys (ConfUtils.java:logGet(46)) - raft.grpc.server.host = null (default)
2024-09-15 02:32:24,977 [s0-groupManagement] INFO  server.RaftServerConfigKeys (ConfUtils.java:logGet(46)) - raft.server.sleep.deviation.threshold = 300ms (default)
2024-09-15 02:32:24,977 [main] INFO  grpc.GrpcConfigKeys (ConfUtils.java:logGet(46)) - raft.grpc.server.port = 15016 (custom)
2024-09-15 02:32:24,977 [s0-groupManagement] INFO  server.RaftServer$Division (ServerState.java:<init>(114)) - s0@group-39FE727B82F7: ConfigurationManager, init=conf: {index: -1, cur=peers:[s0|localhost:15012, s1|localhost:15016, s2|localhost:15020]|listeners:[], old=null}, confs=<EMPTY_MAP>
2024-09-15 02:32:24,977 [main] INFO  server.GrpcService (ConfUtils.java:logGet(46)) - raft.grpc.message.size.max = 64MB (=67108864) (default)
2024-09-15 02:32:24,977 [s0-groupManagement] INFO  server.RaftServerConfigKeys (ConfUtils.java:logGet(46)) - raft.server.notification.no-leader.timeout = 60s (default)
2024-09-15 02:32:24,978 [main] INFO  server.GrpcService (ConfUtils.java:logGet(46)) - raft.grpc.flow.control.window = 1MB (=1048576) (default)
2024-09-15 02:32:24,978 [s0-groupManagement] INFO  server.RaftServerConfigKeys (ConfUtils.java:logGet(46)) - raft.server.read.timeout = 10s (default)
2024-09-15 02:32:24,978 [main] INFO  server.RaftServerConfigKeys (ConfUtils.java:logGet(46)) - raft.server.rpc.request.timeout = 3000ms (default)
2024-09-15 02:32:24,978 [s0-groupManagement] INFO  server.RaftServerConfigKeys (ConfUtils.java:logGet(46)) - raft.server.retrycache.expirytime = 60s (default)
2024-09-15 02:32:24,978 [main] INFO  grpc.GrpcConfigKeys (ConfUtils.java:logGet(46)) - raft.grpc.server.heartbeat.channel = false (custom)
2024-09-15 02:32:24,978 [s0-groupManagement] INFO  server.RaftServerConfigKeys (ConfUtils.java:logGet(46)) - raft.server.retrycache.statistics.expirytime = 100ms (default)
2024-09-15 02:32:24,978 [main] INFO  grpc.GrpcConfigKeys (ConfUtils.java:logGet(46)) - raft.grpc.server.zerocopy.enabled = true (custom)
2024-09-15 02:32:24,978 [s0-groupManagement] INFO  server.RaftServerConfigKeys (ConfUtils.java:logGet(46)) - raft.server.read.option = DEFAULT (default)
2024-09-15 02:32:24,978 [main] INFO  server.RaftServerConfigKeys (ConfUtils.java:logGet(46)) - raft.server.log.appender.buffer.byte-limit = 4MB (=4194304) (default)
2024-09-15 02:32:24,978 [s0-groupManagement] INFO  server.RaftServerConfigKeys (ConfUtils.java:logGet(46)) - raft.server.read.read-after-write-consistent.write-index-cache.expiry-time = 60s (default)
2024-09-15 02:32:24,979 [main] INFO  grpc.GrpcConfigKeys (ConfUtils.java:logGet(46)) - raft.grpc.server.async.request.thread.pool.cached = true (default)
2024-09-15 02:32:24,979 [main] INFO  grpc.GrpcConfigKeys (ConfUtils.java:logGet(46)) - raft.grpc.server.async.request.thread.pool.size = 32 (default)
2024-09-15 02:32:24,980 [s0-groupManagement] INFO  server.RaftServerConfigKeys (ConfUtils.java:logGet(46)) - raft.server.rpc.request.timeout = 3000ms (default)
2024-09-15 02:32:24,980 [s0-groupManagement] INFO  server.RaftServerConfigKeys (ConfUtils.java:logGet(46)) - raft.server.log.appender.install.snapshot.enabled = true (default)
2024-09-15 02:32:24,980 [s0-groupManagement] INFO  server.RaftServerConfigKeys (ConfUtils.java:logGet(46)) - raft.server.threadpool.server.cached = true (default)
2024-09-15 02:32:24,980 [s0-groupManagement] INFO  server.RaftServerConfigKeys (ConfUtils.java:logGet(46)) - raft.server.threadpool.server.size = 0 (default)
2024-09-15 02:32:24,980 [s0-groupManagement] INFO  server.RaftServerConfigKeys (ConfUtils.java:logGet(46)) - raft.server.threadpool.client.cached = true (default)
2024-09-15 02:32:24,980 [s0-groupManagement] INFO  server.RaftServerConfigKeys (ConfUtils.java:logGet(46)) - raft.server.threadpool.client.size = 0 (default)
2024-09-15 02:32:24,981 [main] INFO  impl.DataStreamServerImpl (ConfUtils.java:logGet(46)) - raft.datastream.type = DISABLED (default)
2024-09-15 02:32:24,981 [main] INFO  server.RaftServerConfigKeys (ConfUtils.java:logGet(46)) - raft.server.sleep.deviation.threshold = 300ms (default)
2024-09-15 02:32:24,981 [main] INFO  server.RaftServerConfigKeys (ConfUtils.java:logGet(46)) - raft.server.close.threshold = 60s (default)
2024-09-15 02:32:24,981 [main] INFO  server.RaftServerConfigKeys (ConfUtils.java:logGet(46)) - raft.server.leaderelection.leader.step-down.wait-time = 10s (default)
2024-09-15 02:32:24,981 [main] INFO  server.RaftServerConfigKeys (ConfUtils.java:logGet(46)) - raft.server.storage.dir = [/home/runner/work/ratis/ratis/ratis-test/target/test/data/bb653c4b/MiniRaftClusterWithGrpcb514da3f/s1] (custom)
2024-09-15 02:32:24,982 [main] INFO  server.RaftServerConfigKeys (ConfUtils.java:logGet(46)) - raft.server.threadpool.proxy.cached = true (default)
2024-09-15 02:32:24,982 [main] INFO  server.RaftServerConfigKeys (ConfUtils.java:logGet(46)) - raft.server.threadpool.proxy.size = 0 (default)
2024-09-15 02:32:24,982 [main] INFO  server.RaftServer (RaftServerProxy.java:addNew(101)) - s1: addNew group-39FE727B82F7:[s0|localhost:15012, s1|localhost:15016, s2|localhost:15020] returns group-39FE727B82F7:java.util.concurrent.CompletableFuture@53850535[Not completed]
2024-09-15 02:32:24,982 [s1-groupManagement] INFO  server.RaftServerConfigKeys (ConfUtils.java:logGet(46)) - raft.server.log.segment.size.max = 32MB (=33554432) (default)
2024-09-15 02:32:24,983 [main] INFO  impl.MiniRaftCluster (MiniRaftCluster.java:newRaftServer(386)) - newRaftServer: s2, group-39FE727B82F7:[s0|localhost:15012, s1|localhost:15016, s2|localhost:15020], format? true
2024-09-15 02:32:24,983 [main] TRACE util.FileUtils (FileUtils.java:deleteFully(305)) - deleteFully target/test/data/bb653c4b/MiniRaftClusterWithGrpcb514da3f/s2
2024-09-15 02:32:24,983 [s1-groupManagement] INFO  server.RaftServerConfigKeys (ConfUtils.java:logGet(46)) - raft.server.log.preallocated.size = 4MB (=4194304) (default)
2024-09-15 02:32:24,983 [main] TRACE util.FileUtils (FileUtils.java:deleteFully(318)) - deleteFully: target/test/data/bb653c4b/MiniRaftClusterWithGrpcb514da3f/s2 does not exist.
2024-09-15 02:32:24,983 [main] INFO  impl.MiniRaftCluster (MiniRaftCluster.java:newRaftServer(391)) - Formatted directory target/test/data/bb653c4b/MiniRaftClusterWithGrpcb514da3f/s2
2024-09-15 02:32:24,983 [s1-groupManagement] INFO  server.RaftServerConfigKeys (ConfUtils.java:logGet(46)) - raft.server.log.write.buffer.size = 8MB (=8388608) (default)
2024-09-15 02:32:24,983 [s1-groupManagement] INFO  server.RaftServer$Division (RaftServerImpl.java:<init>(255)) - s1: new RaftServerImpl for group-39FE727B82F7:[s0|localhost:15012, s1|localhost:15016, s2|localhost:15020] with StateMachineWithSeparatedSnapshotPath:uninitialized
2024-09-15 02:32:24,984 [s1-groupManagement] INFO  server.RaftServerConfigKeys (ConfUtils.java:logGet(46)) - raft.server.rpc.timeout.min = 150ms (default)
2024-09-15 02:32:24,984 [s1-groupManagement] INFO  server.RaftServerConfigKeys (ConfUtils.java:logGet(46)) - raft.server.rpc.timeout.max = 300ms (default)
2024-09-15 02:32:24,984 [main] INFO  server.RaftServer (ConfUtils.java:logGet(46)) - raft.rpc.type = GRPC (default)
2024-09-15 02:32:24,984 [s1-groupManagement] INFO  server.RaftServerConfigKeys (ConfUtils.java:logGet(46)) - raft.server.rpc.sleep.time = 25ms (default)
2024-09-15 02:32:24,984 [main] INFO  grpc.GrpcConfigKeys (ConfUtils.java:logFallback(53)) - raft.grpc.admin.host = null (fallback to raft.grpc.server.host)
2024-09-15 02:32:24,984 [s1-groupManagement] INFO  server.RaftServerConfigKeys (ConfUtils.java:logGet(46)) - raft.server.rpc.slowness.timeout = 60s (default)
2024-09-15 02:32:24,984 [main] INFO  grpc.GrpcConfigKeys (ConfUtils.java:logGet(46)) - raft.grpc.admin.port = 15021 (custom)
2024-09-15 02:32:24,984 [s1-groupManagement] INFO  server.RaftServerConfigKeys (ConfUtils.java:logGet(46)) - raft.server.leaderelection.leader.step-down.wait-time = 10s (default)
2024-09-15 02:32:24,984 [main] INFO  grpc.GrpcConfigKeys (ConfUtils.java:logFallback(53)) - raft.grpc.client.host = null (fallback to raft.grpc.server.host)
2024-09-15 02:32:24,984 [s1-groupManagement] INFO  server.RaftServerConfigKeys (ConfUtils.java:logGet(46)) - raft.server.leaderelection.member.majority-add = true (custom)
2024-09-15 02:32:24,985 [main] INFO  grpc.GrpcConfigKeys (ConfUtils.java:logGet(46)) - raft.grpc.client.port = 15022 (custom)
2024-09-15 02:32:24,985 [s1-groupManagement] INFO  server.RaftServerConfigKeys (ConfUtils.java:logGet(46)) - raft.server.sleep.deviation.threshold = 300ms (default)
2024-09-15 02:32:24,985 [main] INFO  grpc.GrpcConfigKeys (ConfUtils.java:logGet(46)) - raft.grpc.server.host = null (default)
2024-09-15 02:32:24,985 [s1-groupManagement] INFO  server.RaftServer$Division (ServerState.java:<init>(114)) - s1@group-39FE727B82F7: ConfigurationManager, init=conf: {index: -1, cur=peers:[s0|localhost:15012, s1|localhost:15016, s2|localhost:15020]|listeners:[], old=null}, confs=<EMPTY_MAP>
2024-09-15 02:32:24,985 [main] INFO  grpc.GrpcConfigKeys (ConfUtils.java:logGet(46)) - raft.grpc.server.port = 15020 (custom)
2024-09-15 02:32:24,986 [main] INFO  server.GrpcService (ConfUtils.java:logGet(46)) - raft.grpc.message.size.max = 64MB (=67108864) (default)
2024-09-15 02:32:24,985 [s1-groupManagement] INFO  server.RaftServerConfigKeys (ConfUtils.java:logGet(46)) - raft.server.notification.no-leader.timeout = 60s (default)
2024-09-15 02:32:24,986 [main] INFO  server.GrpcService (ConfUtils.java:logGet(46)) - raft.grpc.flow.control.window = 1MB (=1048576) (default)
2024-09-15 02:32:24,986 [s1-groupManagement] INFO  server.RaftServerConfigKeys (ConfUtils.java:logGet(46)) - raft.server.read.timeout = 10s (default)
2024-09-15 02:32:24,986 [main] INFO  server.RaftServerConfigKeys (ConfUtils.java:logGet(46)) - raft.server.rpc.request.timeout = 3000ms (default)
2024-09-15 02:32:24,986 [s1-groupManagement] INFO  server.RaftServerConfigKeys (ConfUtils.java:logGet(46)) - raft.server.retrycache.expirytime = 60s (default)
2024-09-15 02:32:24,986 [main] INFO  grpc.GrpcConfigKeys (ConfUtils.java:logGet(46)) - raft.grpc.server.heartbeat.channel = false (custom)
2024-09-15 02:32:24,986 [s1-groupManagement] INFO  server.RaftServerConfigKeys (ConfUtils.java:logGet(46)) - raft.server.retrycache.statistics.expirytime = 100ms (default)
2024-09-15 02:32:24,987 [main] INFO  grpc.GrpcConfigKeys (ConfUtils.java:logGet(46)) - raft.grpc.server.zerocopy.enabled = true (custom)
2024-09-15 02:32:24,987 [s1-groupManagement] INFO  server.RaftServerConfigKeys (ConfUtils.java:logGet(46)) - raft.server.read.option = DEFAULT (default)
2024-09-15 02:32:24,987 [main] INFO  server.RaftServerConfigKeys (ConfUtils.java:logGet(46)) - raft.server.log.appender.buffer.byte-limit = 4MB (=4194304) (default)
2024-09-15 02:32:24,987 [s1-groupManagement] INFO  server.RaftServerConfigKeys (ConfUtils.java:logGet(46)) - raft.server.read.read-after-write-consistent.write-index-cache.expiry-time = 60s (default)
2024-09-15 02:32:24,987 [main] INFO  grpc.GrpcConfigKeys (ConfUtils.java:logGet(46)) - raft.grpc.server.async.request.thread.pool.cached = true (default)
2024-09-15 02:32:24,987 [main] INFO  grpc.GrpcConfigKeys (ConfUtils.java:logGet(46)) - raft.grpc.server.async.request.thread.pool.size = 32 (default)
2024-09-15 02:32:24,989 [s1-groupManagement] INFO  server.RaftServerConfigKeys (ConfUtils.java:logGet(46)) - raft.server.rpc.request.timeout = 3000ms (default)
2024-09-15 02:32:24,989 [s1-groupManagement] INFO  server.RaftServerConfigKeys (ConfUtils.java:logGet(46)) - raft.server.log.appender.install.snapshot.enabled = true (default)
2024-09-15 02:32:24,989 [s1-groupManagement] INFO  server.RaftServerConfigKeys (ConfUtils.java:logGet(46)) - raft.server.threadpool.server.cached = true (default)
2024-09-15 02:32:24,989 [s1-groupManagement] INFO  server.RaftServerConfigKeys (ConfUtils.java:logGet(46)) - raft.server.threadpool.server.size = 0 (default)
2024-09-15 02:32:24,989 [s1-groupManagement] INFO  server.RaftServerConfigKeys (ConfUtils.java:logGet(46)) - raft.server.threadpool.client.cached = true (default)
2024-09-15 02:32:24,989 [s1-groupManagement] INFO  server.RaftServerConfigKeys (ConfUtils.java:logGet(46)) - raft.server.threadpool.client.size = 0 (default)
2024-09-15 02:32:24,989 [main] INFO  impl.DataStreamServerImpl (ConfUtils.java:logGet(46)) - raft.datastream.type = DISABLED (default)
2024-09-15 02:32:24,990 [main] INFO  server.RaftServerConfigKeys (ConfUtils.java:logGet(46)) - raft.server.sleep.deviation.threshold = 300ms (default)
2024-09-15 02:32:24,990 [main] INFO  server.RaftServerConfigKeys (ConfUtils.java:logGet(46)) - raft.server.close.threshold = 60s (default)
2024-09-15 02:32:24,990 [main] INFO  server.RaftServerConfigKeys (ConfUtils.java:logGet(46)) - raft.server.leaderelection.leader.step-down.wait-time = 10s (default)
2024-09-15 02:32:24,990 [main] INFO  server.RaftServerConfigKeys (ConfUtils.java:logGet(46)) - raft.server.storage.dir = [/home/runner/work/ratis/ratis/ratis-test/target/test/data/bb653c4b/MiniRaftClusterWithGrpcb514da3f/s2] (custom)
2024-09-15 02:32:24,990 [main] INFO  server.RaftServerConfigKeys (ConfUtils.java:logGet(46)) - raft.server.threadpool.proxy.cached = true (default)
2024-09-15 02:32:24,990 [main] INFO  server.RaftServerConfigKeys (ConfUtils.java:logGet(46)) - raft.server.threadpool.proxy.size = 0 (default)
2024-09-15 02:32:24,991 [main] INFO  server.RaftServer (RaftServerProxy.java:addNew(101)) - s2: addNew group-39FE727B82F7:[s0|localhost:15012, s1|localhost:15016, s2|localhost:15020] returns group-39FE727B82F7:java.util.concurrent.CompletableFuture@407ff25f[Not completed]
2024-09-15 02:32:24,991 [s2-groupManagement] INFO  server.RaftServerConfigKeys (ConfUtils.java:logGet(46)) - raft.server.log.segment.size.max = 32MB (=33554432) (default)
2024-09-15 02:32:24,991 [s2-groupManagement] INFO  server.RaftServerConfigKeys (ConfUtils.java:logGet(46)) - raft.server.log.preallocated.size = 4MB (=4194304) (default)
2024-09-15 02:32:24,991 [s0-impl-thread1] INFO  server.RaftServerConfigKeys (ConfUtils.java:logGet(46)) - raft.server.storage.free-space.min = 0MB (=0) (default)
2024-09-15 02:32:24,991 [s2-groupManagement] INFO  server.RaftServerConfigKeys (ConfUtils.java:logGet(46)) - raft.server.log.write.buffer.size = 8MB (=8388608) (default)
2024-09-15 02:32:24,991 [s0-impl-thread1] INFO  server.RaftServerConfigKeys (ConfUtils.java:logGet(46)) - raft.server.log.corruption.policy = EXCEPTION (default)
2024-09-15 02:32:24,991 [s2-groupManagement] INFO  server.RaftServer$Division (RaftServerImpl.java:<init>(255)) - s2: new RaftServerImpl for group-39FE727B82F7:[s0|localhost:15012, s1|localhost:15016, s2|localhost:15020] with StateMachineWithSeparatedSnapshotPath:uninitialized
2024-09-15 02:32:24,991 [s0-impl-thread1] INFO  server.RaftServerConfigKeys (ConfUtils.java:logGet(46)) - raft.server.storage.dir = [/home/runner/work/ratis/ratis/ratis-test/target/test/data/bb653c4b/MiniRaftClusterWithGrpcb514da3f/s0] (custom)
2024-09-15 02:32:24,991 [s2-groupManagement] INFO  server.RaftServerConfigKeys (ConfUtils.java:logGet(46)) - raft.server.rpc.timeout.min = 150ms (default)
2024-09-15 02:32:24,992 [s2-groupManagement] INFO  server.RaftServerConfigKeys (ConfUtils.java:logGet(46)) - raft.server.rpc.timeout.max = 300ms (default)
2024-09-15 02:32:24,992 [s2-groupManagement] INFO  server.RaftServerConfigKeys (ConfUtils.java:logGet(46)) - raft.server.rpc.sleep.time = 25ms (default)
2024-09-15 02:32:24,992 [s0-impl-thread1] INFO  storage.RaftStorageDirectory (RaftStorageDirectoryImpl.java:analyzeStorage(138)) - The storage directory /home/runner/work/ratis/ratis/ratis-test/target/test/data/bb653c4b/MiniRaftClusterWithGrpcb514da3f/s0/101a0d2d-f21a-48ca-842f-39fe727b82f7 does not exist. Creating ...
2024-09-15 02:32:24,992 [s2-groupManagement] INFO  server.RaftServerConfigKeys (ConfUtils.java:logGet(46)) - raft.server.rpc.slowness.timeout = 60s (default)
2024-09-15 02:32:24,992 [s2-groupManagement] INFO  server.RaftServerConfigKeys (ConfUtils.java:logGet(46)) - raft.server.leaderelection.leader.step-down.wait-time = 10s (default)
2024-09-15 02:32:24,992 [s2-groupManagement] INFO  server.RaftServerConfigKeys (ConfUtils.java:logGet(46)) - raft.server.leaderelection.member.majority-add = true (custom)
2024-09-15 02:32:24,992 [s2-groupManagement] INFO  server.RaftServerConfigKeys (ConfUtils.java:logGet(46)) - raft.server.sleep.deviation.threshold = 300ms (default)
2024-09-15 02:32:24,992 [s2-groupManagement] INFO  server.RaftServer$Division (ServerState.java:<init>(114)) - s2@group-39FE727B82F7: ConfigurationManager, init=conf: {index: -1, cur=peers:[s0|localhost:15012, s1|localhost:15016, s2|localhost:15020]|listeners:[], old=null}, confs=<EMPTY_MAP>
2024-09-15 02:32:24,992 [s0-impl-thread1] TRACE util.FileUtils (LogUtils.java:runAndLog(49)) - Successfully ran Files.createDirectories /home/runner/work/ratis/ratis/ratis-test/target/test/data/bb653c4b/MiniRaftClusterWithGrpcb514da3f/s0/101a0d2d-f21a-48ca-842f-39fe727b82f7
2024-09-15 02:32:24,992 [s2-groupManagement] INFO  server.RaftServerConfigKeys (ConfUtils.java:logGet(46)) - raft.server.notification.no-leader.timeout = 60s (default)
2024-09-15 02:32:24,992 [s2-groupManagement] INFO  server.RaftServerConfigKeys (ConfUtils.java:logGet(46)) - raft.server.read.timeout = 10s (default)
2024-09-15 02:32:24,992 [s2-groupManagement] INFO  server.RaftServerConfigKeys (ConfUtils.java:logGet(46)) - raft.server.retrycache.expirytime = 60s (default)
2024-09-15 02:32:24,992 [s2-groupManagement] INFO  server.RaftServerConfigKeys (ConfUtils.java:logGet(46)) - raft.server.retrycache.statistics.expirytime = 100ms (default)
2024-09-15 02:32:24,992 [s2-groupManagement] INFO  server.RaftServerConfigKeys (ConfUtils.java:logGet(46)) - raft.server.read.option = DEFAULT (default)
2024-09-15 02:32:24,993 [s2-groupManagement] INFO  server.RaftServerConfigKeys (ConfUtils.java:logGet(46)) - raft.server.read.read-after-write-consistent.write-index-cache.expiry-time = 60s (default)
2024-09-15 02:32:24,993 [s0-impl-thread1] INFO  storage.RaftStorageDirectory (RaftStorageDirectoryImpl.java:tryLock(229)) - Lock on /home/runner/work/ratis/ratis/ratis-test/target/test/data/bb653c4b/MiniRaftClusterWithGrpcb514da3f/s0/101a0d2d-f21a-48ca-842f-39fe727b82f7/in_use.lock acquired by nodename 2468@fv-az739-209
2024-09-15 02:32:24,994 [s0-impl-thread1] TRACE util.FileUtils (LogUtils.java:runAndLog(49)) - Successfully ran Files.createDirectories /home/runner/work/ratis/ratis/ratis-test/target/test/data/bb653c4b/MiniRaftClusterWithGrpcb514da3f/s0/101a0d2d-f21a-48ca-842f-39fe727b82f7/current
2024-09-15 02:32:24,994 [s0-impl-thread1] TRACE util.FileUtils (LogUtils.java:runAndLog(49)) - Successfully ran Files.createDirectories /home/runner/work/ratis/ratis/ratis-test/target/test/data/bb653c4b/MiniRaftClusterWithGrpcb514da3f/s0/101a0d2d-f21a-48ca-842f-39fe727b82f7/sm
2024-09-15 02:32:24,994 [s0-impl-thread1] TRACE util.FileUtils (LogUtils.java:supplyAndLog(69)) - Successfully supplied FileChannel.open /home/runner/work/ratis/ratis/ratis-test/target/test/data/bb653c4b/MiniRaftClusterWithGrpcb514da3f/s0/101a0d2d-f21a-48ca-842f-39fe727b82f7/current/raft-meta.tmp with options [CREATE, WRITE]: sun.nio.ch.FileChannelImpl@6a16ad31
2024-09-15 02:32:24,994 [s2-groupManagement] INFO  server.RaftServerConfigKeys (ConfUtils.java:logGet(46)) - raft.server.rpc.request.timeout = 3000ms (default)
2024-09-15 02:32:24,994 [s2-groupManagement] INFO  server.RaftServerConfigKeys (ConfUtils.java:logGet(46)) - raft.server.log.appender.install.snapshot.enabled = true (default)
2024-09-15 02:32:24,994 [s2-groupManagement] INFO  server.RaftServerConfigKeys (ConfUtils.java:logGet(46)) - raft.server.threadpool.server.cached = true (default)
2024-09-15 02:32:24,994 [s2-groupManagement] INFO  server.RaftServerConfigKeys (ConfUtils.java:logGet(46)) - raft.server.threadpool.server.size = 0 (default)
2024-09-15 02:32:24,994 [s2-groupManagement] INFO  server.RaftServerConfigKeys (ConfUtils.java:logGet(46)) - raft.server.threadpool.client.cached = true (default)
2024-09-15 02:32:24,994 [s2-groupManagement] INFO  server.RaftServerConfigKeys (ConfUtils.java:logGet(46)) - raft.server.threadpool.client.size = 0 (default)
2024-09-15 02:32:24,995 [s0-impl-thread1] TRACE util.FileUtils (LogUtils.java:runAndLog(49)) - Successfully ran Atomic Files.move /home/runner/work/ratis/ratis/ratis-test/target/test/data/bb653c4b/MiniRaftClusterWithGrpcb514da3f/s0/101a0d2d-f21a-48ca-842f-39fe727b82f7/current/raft-meta.tmp to /home/runner/work/ratis/ratis/ratis-test/target/test/data/bb653c4b/MiniRaftClusterWithGrpcb514da3f/s0/101a0d2d-f21a-48ca-842f-39fe727b82f7/current/raft-meta with options [REPLACE_EXISTING]
2024-09-15 02:32:24,995 [s0-impl-thread1] INFO  storage.RaftStorage (RaftStorageImpl.java:format(98)) - Storage directory /home/runner/work/ratis/ratis/ratis-test/target/test/data/bb653c4b/MiniRaftClusterWithGrpcb514da3f/s0/101a0d2d-f21a-48ca-842f-39fe727b82f7 has been successfully formatted.
2024-09-15 02:32:24,996 [s0-impl-thread1] INFO  impl.SimpleStateMachine4Testing (SimpleStateMachine4Testing.java:initialize(215)) - Initializing StateMachineWithSeparatedSnapshotPath:uninitialized
2024-09-15 02:32:24,996 [s0-impl-thread1] INFO  impl.SimpleStateMachine4Testing (SimpleStateMachine4Testing.java:loadSnapshot(300)) - Loading snapshot null
2024-09-15 02:32:24,996 [s0-impl-thread1] TRACE util.FileUtils (FileUtils.java:deleteFully(305)) - deleteFully /tmp/ratis-tests/statemachine/s0
2024-09-15 02:32:24,996 [s0-impl-thread1] TRACE util.FileUtils (FileUtils.java:deleteFully(318)) - deleteFully: /tmp/ratis-tests/statemachine/s0 does not exist.
2024-09-15 02:32:24,996 [s0-impl-thread1] INFO  server.RaftServerConfigKeys (ConfUtils.java:logGet(46)) - raft.server.log.use.memory = false (default)
2024-09-15 02:32:24,997 [s0-impl-thread1] INFO  server.RaftServerConfigKeys (ConfUtils.java:logGet(46)) - raft.server.log.purge.gap = 8 (custom)
2024-09-15 02:32:24,997 [s0-impl-thread1] INFO  server.RaftServerConfigKeys (ConfUtils.java:logGet(46)) - raft.server.log.appender.buffer.byte-limit = 4MB (=4194304) (default)
2024-09-15 02:32:24,997 [s0-impl-thread1] INFO  server.RaftServerConfigKeys (ConfUtils.java:logGet(46)) - raft.server.log.statemachine.data.read.timeout = 1000ms (default)
2024-09-15 02:32:24,997 [s0-impl-thread1] INFO  server.RaftServerConfigKeys (ConfUtils.java:logGet(46)) - raft.server.log.purge.preservation.log.num = 0 (default)
2024-09-15 02:32:24,998 [s0-impl-thread1] INFO  server.RaftServerConfigKeys (ConfUtils.java:logGet(46)) - raft.server.log.segment.size.max = 32MB (=33554432) (default)
2024-09-15 02:32:24,998 [s0-impl-thread1] INFO  server.RaftServerConfigKeys (ConfUtils.java:logGet(46)) - raft.server.log.segment.cache.num.max = 6 (default)
2024-09-15 02:32:24,998 [s0-impl-thread1] INFO  server.RaftServerConfigKeys (ConfUtils.java:logGet(46)) - raft.server.log.segment.cache.size.max = 200MB (=209715200) (default)
2024-09-15 02:32:24,998 [s0-impl-thread1] INFO  server.RaftServerConfigKeys (ConfUtils.java:logGet(46)) - raft.server.log.appender.buffer.byte-limit = 4MB (=4194304) (default)
2024-09-15 02:32:24,999 [s0-impl-thread1] INFO  util.AwaitToRun (AwaitToRun.java:start(81)) - Thread[s0@group-39FE727B82F7-cacheEviction-AwaitToRun,5,main] started
2024-09-15 02:32:24,999 [s0-impl-thread1] INFO  segmented.SegmentedRaftLogWorker (SegmentedRaftLogWorker.java:<init>(187)) - new s0@group-39FE727B82F7-SegmentedRaftLogWorker for RaftStorageImpl:Storage Directory /home/runner/work/ratis/ratis/ratis-test/target/test/data/bb653c4b/MiniRaftClusterWithGrpcb514da3f/s0/101a0d2d-f21a-48ca-842f-39fe727b82f7
2024-09-15 02:32:24,999 [s0-impl-thread1] INFO  server.RaftServerConfigKeys (ConfUtils.java:logGet(46)) - raft.server.log.queue.byte-limit = 64MB (=67108864) (default)
2024-09-15 02:32:24,999 [s0-impl-thread1] INFO  server.RaftServerConfigKeys (ConfUtils.java:logGet(46)) - raft.server.log.queue.element-limit = 4096 (default)
2024-09-15 02:32:24,999 [s0-impl-thread1] INFO  server.RaftServerConfigKeys (ConfUtils.java:logGet(46)) - raft.server.log.segment.size.max = 32MB (=33554432) (default)
2024-09-15 02:32:24,999 [s0-impl-thread1] INFO  server.RaftServerConfigKeys (ConfUtils.java:logGet(46)) - raft.server.log.preallocated.size = 4MB (=4194304) (default)
2024-09-15 02:32:24,999 [s0-impl-thread1] INFO  server.RaftServerConfigKeys (ConfUtils.java:logGet(46)) - raft.server.log.force.sync.num = 128 (default)
2024-09-15 02:32:24,999 [s0-impl-thread1] INFO  server.RaftServerConfigKeys (ConfUtils.java:logGet(46)) - raft.server.log.statemachine.data.sync = true (default)
2024-09-15 02:32:24,999 [s0-impl-thread1] INFO  server.RaftServerConfigKeys (ConfUtils.java:logGet(46)) - raft.server.log.statemachine.data.sync.timeout = 10s (default)
2024-09-15 02:32:24,999 [s0-impl-thread1] INFO  server.RaftServerConfigKeys (ConfUtils.java:logGet(46)) - raft.server.log.statemachine.data.sync.timeout.retry = -1 (default)
2024-09-15 02:32:24,999 [s0-impl-thread1] INFO  server.RaftServerConfigKeys (ConfUtils.java:logGet(46)) - raft.server.log.write.buffer.size = 8MB (=8388608) (default)
2024-09-15 02:32:25,001 [s0-impl-thread1] INFO  server.RaftServerConfigKeys (ConfUtils.java:logGet(46)) - raft.server.log.appender.buffer.byte-limit = 4MB (=4194304) (default)
2024-09-15 02:32:25,001 [s0-impl-thread1] INFO  server.RaftServerConfigKeys (ConfUtils.java:logGet(46)) - raft.server.log.unsafe-flush.enabled = false (default)
2024-09-15 02:32:25,001 [s0-impl-thread1] INFO  server.RaftServerConfigKeys (ConfUtils.java:logGet(46)) - raft.server.log.async-flush.enabled = false (default)
2024-09-15 02:32:25,002 [s0-impl-thread1] INFO  server.RaftServerConfigKeys (ConfUtils.java:logGet(46)) - raft.server.log.statemachine.data.caching.enabled = false (default)
2024-09-15 02:32:25,002 [s0-impl-thread1] INFO  segmented.SegmentedRaftLogWorker (SegmentedRaftLogWorker.java:lambda$new$0(138)) - s0@group-39FE727B82F7-SegmentedRaftLogWorker: flushIndex: setUnconditionally 0 -> -1
2024-09-15 02:32:25,002 [s0-impl-thread1] INFO  segmented.SegmentedRaftLogWorker (SegmentedRaftLogWorker.java:lambda$new$0(138)) - s0@group-39FE727B82F7-SegmentedRaftLogWorker: safeCacheEvictIndex: setUnconditionally 0 -> -1
2024-09-15 02:32:25,002 [s0-impl-thread1] INFO  server.RaftServer$Division (RaftServerImpl.java:start(391)) - s0@group-39FE727B82F7: start as a follower, conf=conf: {index: -1, cur=peers:[s0|localhost:15012, s1|localhost:15016, s2|localhost:15020]|listeners:[], old=null}
2024-09-15 02:32:25,002 [s0-impl-thread1] INFO  server.RaftServer$Division (RaftServerImpl.java:setRole(378)) - s0@group-39FE727B82F7: changes role from      null to FOLLOWER at term 0 for startAsFollower
2024-09-15 02:32:25,002 [s0-impl-thread1] INFO  impl.RoleInfo (RoleInfo.java:updateAndGet(148)) - s0: start s0@group-39FE727B82F7-FollowerState
2024-09-15 02:32:25,004 [s0@group-39FE727B82F7-FollowerState] INFO  server.RaftServerConfigKeys (ConfUtils.java:logFallback(53)) - raft.server.rpc.first-election.timeout.min = 150ms (fallback to raft.server.rpc.timeout.min)
2024-09-15 02:32:25,004 [s0@group-39FE727B82F7-FollowerState] INFO  server.RaftServerConfigKeys (ConfUtils.java:logFallback(53)) - raft.server.rpc.first-election.timeout.max = 300ms (fallback to raft.server.rpc.timeout.max)
2024-09-15 02:32:25,004 [s0-impl-thread1] INFO  util.JmxRegister (JmxRegister.java:tryRegister(44)) - Successfully registered JMX Bean with object name Ratis:service=RaftServer,group=group-39FE727B82F7,id=s0
2024-09-15 02:32:25,004 [s0-impl-thread1] INFO  util.JmxRegister (JmxRegister.java:register(58)) - register mxBean class org.apache.ratis.server.impl.RaftServerJmxAdapter as Ratis:service=RaftServer,group=group-39FE727B82F7,id=s0
2024-09-15 02:32:25,004 [s0-impl-thread1] INFO  server.RaftServerConfigKeys (ConfUtils.java:logGet(46)) - raft.server.snapshot.trigger-when-stop.enabled = true (default)
2024-09-15 02:32:25,004 [s0-impl-thread1] INFO  server.RaftServerConfigKeys (ConfUtils.java:logGet(46)) - raft.server.snapshot.trigger-when-remove.enabled = true (default)
2024-09-15 02:32:25,004 [s0-impl-thread1] INFO  server.RaftServerConfigKeys (ConfUtils.java:logGet(46)) - raft.server.snapshot.auto.trigger.enabled = true (custom)
2024-09-15 02:32:25,005 [s0-impl-thread1] INFO  server.RaftServerConfigKeys (ConfUtils.java:logGet(46)) - raft.server.snapshot.auto.trigger.threshold = 64 (custom)
2024-09-15 02:32:25,005 [s0-impl-thread1] INFO  server.RaftServerConfigKeys (ConfUtils.java:logGet(46)) - raft.server.snapshot.retention.file.num = -1 (default)
2024-09-15 02:32:25,005 [s0-impl-thread1] INFO  server.RaftServerConfigKeys (ConfUtils.java:logGet(46)) - raft.server.log.purge.upto.snapshot.index = false (default)
2024-09-15 02:32:25,005 [main] INFO  server.RaftServer (RaftServerProxy.java:startImpl(408)) - s0: start RPC server
2024-09-15 02:32:25,008 [main] INFO  server.GrpcService (GrpcService.java:startImpl(340)) - s0: GrpcService started, listening on 15014
2024-09-15 02:32:25,009 [main] INFO  server.GrpcService (GrpcService.java:startImpl(340)) - s0: GrpcService started, listening on 15012
2024-09-15 02:32:25,010 [main] INFO  server.GrpcService (GrpcService.java:startImpl(340)) - s0: GrpcService started, listening on 15013
2024-09-15 02:32:25,011 [JvmPauseMonitor6] INFO  util.JvmPauseMonitor (JvmPauseMonitor.java:run(146)) - JvmPauseMonitor-s0: Started
2024-09-15 02:32:25,011 [s1-impl-thread1] INFO  server.RaftServerConfigKeys (ConfUtils.java:logGet(46)) - raft.server.storage.free-space.min = 0MB (=0) (default)
2024-09-15 02:32:25,011 [s1-impl-thread1] INFO  server.RaftServerConfigKeys (ConfUtils.java:logGet(46)) - raft.server.log.corruption.policy = EXCEPTION (default)
2024-09-15 02:32:25,011 [s1-impl-thread1] INFO  server.RaftServerConfigKeys (ConfUtils.java:logGet(46)) - raft.server.storage.dir = [/home/runner/work/ratis/ratis/ratis-test/target/test/data/bb653c4b/MiniRaftClusterWithGrpcb514da3f/s1] (custom)
2024-09-15 02:32:25,011 [s1-impl-thread1] INFO  storage.RaftStorageDirectory (RaftStorageDirectoryImpl.java:analyzeStorage(138)) - The storage directory /home/runner/work/ratis/ratis/ratis-test/target/test/data/bb653c4b/MiniRaftClusterWithGrpcb514da3f/s1/101a0d2d-f21a-48ca-842f-39fe727b82f7 does not exist. Creating ...
2024-09-15 02:32:25,012 [s1-impl-thread1] TRACE util.FileUtils (LogUtils.java:runAndLog(49)) - Successfully ran Files.createDirectories /home/runner/work/ratis/ratis/ratis-test/target/test/data/bb653c4b/MiniRaftClusterWithGrpcb514da3f/s1/101a0d2d-f21a-48ca-842f-39fe727b82f7
2024-09-15 02:32:25,013 [s1-impl-thread1] INFO  storage.RaftStorageDirectory (RaftStorageDirectoryImpl.java:tryLock(229)) - Lock on /home/runner/work/ratis/ratis/ratis-test/target/test/data/bb653c4b/MiniRaftClusterWithGrpcb514da3f/s1/101a0d2d-f21a-48ca-842f-39fe727b82f7/in_use.lock acquired by nodename 2468@fv-az739-209
2024-09-15 02:32:25,013 [s1-impl-thread1] TRACE util.FileUtils (LogUtils.java:runAndLog(49)) - Successfully ran Files.createDirectories /home/runner/work/ratis/ratis/ratis-test/target/test/data/bb653c4b/MiniRaftClusterWithGrpcb514da3f/s1/101a0d2d-f21a-48ca-842f-39fe727b82f7/current
2024-09-15 02:32:25,013 [s1-impl-thread1] TRACE util.FileUtils (LogUtils.java:runAndLog(49)) - Successfully ran Files.createDirectories /home/runner/work/ratis/ratis/ratis-test/target/test/data/bb653c4b/MiniRaftClusterWithGrpcb514da3f/s1/101a0d2d-f21a-48ca-842f-39fe727b82f7/sm
2024-09-15 02:32:25,013 [s1-impl-thread1] TRACE util.FileUtils (LogUtils.java:supplyAndLog(69)) - Successfully supplied FileChannel.open /home/runner/work/ratis/ratis/ratis-test/target/test/data/bb653c4b/MiniRaftClusterWithGrpcb514da3f/s1/101a0d2d-f21a-48ca-842f-39fe727b82f7/current/raft-meta.tmp with options [CREATE, WRITE]: sun.nio.ch.FileChannelImpl@20281c2e
2024-09-15 02:32:25,014 [s1-impl-thread1] TRACE util.FileUtils (LogUtils.java:runAndLog(49)) - Successfully ran Atomic Files.move /home/runner/work/ratis/ratis/ratis-test/target/test/data/bb653c4b/MiniRaftClusterWithGrpcb514da3f/s1/101a0d2d-f21a-48ca-842f-39fe727b82f7/current/raft-meta.tmp to /home/runner/work/ratis/ratis/ratis-test/target/test/data/bb653c4b/MiniRaftClusterWithGrpcb514da3f/s1/101a0d2d-f21a-48ca-842f-39fe727b82f7/current/raft-meta with options [REPLACE_EXISTING]
2024-09-15 02:32:25,014 [s1-impl-thread1] INFO  storage.RaftStorage (RaftStorageImpl.java:format(98)) - Storage directory /home/runner/work/ratis/ratis/ratis-test/target/test/data/bb653c4b/MiniRaftClusterWithGrpcb514da3f/s1/101a0d2d-f21a-48ca-842f-39fe727b82f7 has been successfully formatted.
2024-09-15 02:32:25,014 [s1-impl-thread1] INFO  impl.SimpleStateMachine4Testing (SimpleStateMachine4Testing.java:initialize(215)) - Initializing StateMachineWithSeparatedSnapshotPath:uninitialized
2024-09-15 02:32:25,014 [s1-impl-thread1] INFO  impl.SimpleStateMachine4Testing (SimpleStateMachine4Testing.java:loadSnapshot(300)) - Loading snapshot null
2024-09-15 02:32:25,014 [s1-impl-thread1] TRACE util.FileUtils (FileUtils.java:deleteFully(305)) - deleteFully /tmp/ratis-tests/statemachine/s1
2024-09-15 02:32:25,014 [s1-impl-thread1] TRACE util.FileUtils (FileUtils.java:deleteFully(318)) - deleteFully: /tmp/ratis-tests/statemachine/s1 does not exist.
2024-09-15 02:32:25,015 [s1-impl-thread1] INFO  server.RaftServerConfigKeys (ConfUtils.java:logGet(46)) - raft.server.log.use.memory = false (default)
2024-09-15 02:32:25,015 [s1-impl-thread1] INFO  server.RaftServerConfigKeys (ConfUtils.java:logGet(46)) - raft.server.log.purge.gap = 8 (custom)
2024-09-15 02:32:25,015 [s1-impl-thread1] INFO  server.RaftServerConfigKeys (ConfUtils.java:logGet(46)) - raft.server.log.appender.buffer.byte-limit = 4MB (=4194304) (default)
2024-09-15 02:32:25,015 [s1-impl-thread1] INFO  server.RaftServerConfigKeys (ConfUtils.java:logGet(46)) - raft.server.log.statemachine.data.read.timeout = 1000ms (default)
2024-09-15 02:32:25,015 [s1-impl-thread1] INFO  server.RaftServerConfigKeys (ConfUtils.java:logGet(46)) - raft.server.log.purge.preservation.log.num = 0 (default)
2024-09-15 02:32:25,015 [s1-impl-thread1] INFO  server.RaftServerConfigKeys (ConfUtils.java:logGet(46)) - raft.server.log.segment.size.max = 32MB (=33554432) (default)
2024-09-15 02:32:25,016 [s1-impl-thread1] INFO  server.RaftServerConfigKeys (ConfUtils.java:logGet(46)) - raft.server.log.segment.cache.num.max = 6 (default)
2024-09-15 02:32:25,016 [s1-impl-thread1] INFO  server.RaftServerConfigKeys (ConfUtils.java:logGet(46)) - raft.server.log.segment.cache.size.max = 200MB (=209715200) (default)
2024-09-15 02:32:25,016 [s1-impl-thread1] INFO  server.RaftServerConfigKeys (ConfUtils.java:logGet(46)) - raft.server.log.appender.buffer.byte-limit = 4MB (=4194304) (default)
2024-09-15 02:32:25,016 [s1-impl-thread1] INFO  util.AwaitToRun (AwaitToRun.java:start(81)) - Thread[s1@group-39FE727B82F7-cacheEviction-AwaitToRun,5,main] started
2024-09-15 02:32:25,016 [s1-impl-thread1] INFO  segmented.SegmentedRaftLogWorker (SegmentedRaftLogWorker.java:<init>(187)) - new s1@group-39FE727B82F7-SegmentedRaftLogWorker for RaftStorageImpl:Storage Directory /home/runner/work/ratis/ratis/ratis-test/target/test/data/bb653c4b/MiniRaftClusterWithGrpcb514da3f/s1/101a0d2d-f21a-48ca-842f-39fe727b82f7
2024-09-15 02:32:25,016 [s1-impl-thread1] INFO  server.RaftServerConfigKeys (ConfUtils.java:logGet(46)) - raft.server.log.queue.byte-limit = 64MB (=67108864) (default)
2024-09-15 02:32:25,016 [s1-impl-thread1] INFO  server.RaftServerConfigKeys (ConfUtils.java:logGet(46)) - raft.server.log.queue.element-limit = 4096 (default)
2024-09-15 02:32:25,016 [s1-impl-thread1] INFO  server.RaftServerConfigKeys (ConfUtils.java:logGet(46)) - raft.server.log.segment.size.max = 32MB (=33554432) (default)
2024-09-15 02:32:25,016 [s1-impl-thread1] INFO  server.RaftServerConfigKeys (ConfUtils.java:logGet(46)) - raft.server.log.preallocated.size = 4MB (=4194304) (default)
2024-09-15 02:32:25,016 [s1-impl-thread1] INFO  server.RaftServerConfigKeys (ConfUtils.java:logGet(46)) - raft.server.log.force.sync.num = 128 (default)
2024-09-15 02:32:25,016 [s1-impl-thread1] INFO  server.RaftServerConfigKeys (ConfUtils.java:logGet(46)) - raft.server.log.statemachine.data.sync = true (default)
2024-09-15 02:32:25,016 [s1-impl-thread1] INFO  server.RaftServerConfigKeys (ConfUtils.java:logGet(46)) - raft.server.log.statemachine.data.sync.timeout = 10s (default)
2024-09-15 02:32:25,016 [s1-impl-thread1] INFO  server.RaftServerConfigKeys (ConfUtils.java:logGet(46)) - raft.server.log.statemachine.data.sync.timeout.retry = -1 (default)
2024-09-15 02:32:25,016 [s1-impl-thread1] INFO  server.RaftServerConfigKeys (ConfUtils.java:logGet(46)) - raft.server.log.write.buffer.size = 8MB (=8388608) (default)
2024-09-15 02:32:25,018 [s1-impl-thread1] INFO  server.RaftServerConfigKeys (ConfUtils.java:logGet(46)) - raft.server.log.appender.buffer.byte-limit = 4MB (=4194304) (default)
2024-09-15 02:32:25,018 [s1-impl-thread1] INFO  server.RaftServerConfigKeys (ConfUtils.java:logGet(46)) - raft.server.log.unsafe-flush.enabled = false (default)
2024-09-15 02:32:25,018 [s1-impl-thread1] INFO  server.RaftServerConfigKeys (ConfUtils.java:logGet(46)) - raft.server.log.async-flush.enabled = false (default)
2024-09-15 02:32:25,018 [s1-impl-thread1] INFO  server.RaftServerConfigKeys (ConfUtils.java:logGet(46)) - raft.server.log.statemachine.data.caching.enabled = false (default)
2024-09-15 02:32:25,018 [s1-impl-thread1] INFO  segmented.SegmentedRaftLogWorker (SegmentedRaftLogWorker.java:lambda$new$0(138)) - s1@group-39FE727B82F7-SegmentedRaftLogWorker: flushIndex: setUnconditionally 0 -> -1
2024-09-15 02:32:25,018 [s1-impl-thread1] INFO  segmented.SegmentedRaftLogWorker (SegmentedRaftLogWorker.java:lambda$new$0(138)) - s1@group-39FE727B82F7-SegmentedRaftLogWorker: safeCacheEvictIndex: setUnconditionally 0 -> -1
2024-09-15 02:32:25,018 [s1-impl-thread1] INFO  server.RaftServer$Division (RaftServerImpl.java:start(391)) - s1@group-39FE727B82F7: start as a follower, conf=conf: {index: -1, cur=peers:[s0|localhost:15012, s1|localhost:15016, s2|localhost:15020]|listeners:[], old=null}
2024-09-15 02:32:25,018 [s1-impl-thread1] INFO  server.RaftServer$Division (RaftServerImpl.java:setRole(378)) - s1@group-39FE727B82F7: changes role from      null to FOLLOWER at term 0 for startAsFollower
2024-09-15 02:32:25,018 [s1-impl-thread1] INFO  impl.RoleInfo (RoleInfo.java:updateAndGet(148)) - s1: start s1@group-39FE727B82F7-FollowerState
2024-09-15 02:32:25,019 [s1-impl-thread1] INFO  util.JmxRegister (JmxRegister.java:tryRegister(44)) - Successfully registered JMX Bean with object name Ratis:service=RaftServer,group=group-39FE727B82F7,id=s1
2024-09-15 02:32:25,019 [s1@group-39FE727B82F7-FollowerState] INFO  server.RaftServerConfigKeys (ConfUtils.java:logFallback(53)) - raft.server.rpc.first-election.timeout.min = 150ms (fallback to raft.server.rpc.timeout.min)
2024-09-15 02:32:25,019 [s1-impl-thread1] INFO  util.JmxRegister (JmxRegister.java:register(58)) - register mxBean class org.apache.ratis.server.impl.RaftServerJmxAdapter as Ratis:service=RaftServer,group=group-39FE727B82F7,id=s1
2024-09-15 02:32:25,019 [s1@group-39FE727B82F7-FollowerState] INFO  server.RaftServerConfigKeys (ConfUtils.java:logFallback(53)) - raft.server.rpc.first-election.timeout.max = 300ms (fallback to raft.server.rpc.timeout.max)
2024-09-15 02:32:25,019 [s1-impl-thread1] INFO  server.RaftServerConfigKeys (ConfUtils.java:logGet(46)) - raft.server.snapshot.trigger-when-stop.enabled = true (default)
2024-09-15 02:32:25,019 [s1-impl-thread1] INFO  server.RaftServerConfigKeys (ConfUtils.java:logGet(46)) - raft.server.snapshot.trigger-when-remove.enabled = true (default)
2024-09-15 02:32:25,019 [s1-impl-thread1] INFO  server.RaftServerConfigKeys (ConfUtils.java:logGet(46)) - raft.server.snapshot.auto.trigger.enabled = true (custom)
2024-09-15 02:32:25,019 [s1-impl-thread1] INFO  server.RaftServerConfigKeys (ConfUtils.java:logGet(46)) - raft.server.snapshot.auto.trigger.threshold = 64 (custom)
2024-09-15 02:32:25,019 [s1-impl-thread1] INFO  server.RaftServerConfigKeys (ConfUtils.java:logGet(46)) - raft.server.snapshot.retention.file.num = -1 (default)
2024-09-15 02:32:25,019 [s1-impl-thread1] INFO  server.RaftServerConfigKeys (ConfUtils.java:logGet(46)) - raft.server.log.purge.upto.snapshot.index = false (default)
2024-09-15 02:32:25,022 [main] INFO  server.RaftServer (RaftServerProxy.java:startImpl(408)) - s1: start RPC server
2024-09-15 02:32:25,023 [main] INFO  server.GrpcService (GrpcService.java:startImpl(340)) - s1: GrpcService started, listening on 15018
2024-09-15 02:32:25,025 [main] INFO  server.GrpcService (GrpcService.java:startImpl(340)) - s1: GrpcService started, listening on 15016
2024-09-15 02:32:25,027 [main] INFO  server.GrpcService (GrpcService.java:startImpl(340)) - s1: GrpcService started, listening on 15017
2024-09-15 02:32:25,027 [s2-impl-thread1] INFO  server.RaftServerConfigKeys (ConfUtils.java:logGet(46)) - raft.server.storage.free-space.min = 0MB (=0) (default)
2024-09-15 02:32:25,027 [JvmPauseMonitor7] INFO  util.JvmPauseMonitor (JvmPauseMonitor.java:run(146)) - JvmPauseMonitor-s1: Started
2024-09-15 02:32:25,027 [s2-impl-thread1] INFO  server.RaftServerConfigKeys (ConfUtils.java:logGet(46)) - raft.server.log.corruption.policy = EXCEPTION (default)
2024-09-15 02:32:25,027 [s2-impl-thread1] INFO  server.RaftServerConfigKeys (ConfUtils.java:logGet(46)) - raft.server.storage.dir = [/home/runner/work/ratis/ratis/ratis-test/target/test/data/bb653c4b/MiniRaftClusterWithGrpcb514da3f/s2] (custom)
2024-09-15 02:32:25,028 [s2-impl-thread1] INFO  storage.RaftStorageDirectory (RaftStorageDirectoryImpl.java:analyzeStorage(138)) - The storage directory /home/runner/work/ratis/ratis/ratis-test/target/test/data/bb653c4b/MiniRaftClusterWithGrpcb514da3f/s2/101a0d2d-f21a-48ca-842f-39fe727b82f7 does not exist. Creating ...
2024-09-15 02:32:25,028 [s2-impl-thread1] TRACE util.FileUtils (LogUtils.java:runAndLog(49)) - Successfully ran Files.createDirectories /home/runner/work/ratis/ratis/ratis-test/target/test/data/bb653c4b/MiniRaftClusterWithGrpcb514da3f/s2/101a0d2d-f21a-48ca-842f-39fe727b82f7
2024-09-15 02:32:25,029 [s2-impl-thread1] INFO  storage.RaftStorageDirectory (RaftStorageDirectoryImpl.java:tryLock(229)) - Lock on /home/runner/work/ratis/ratis/ratis-test/target/test/data/bb653c4b/MiniRaftClusterWithGrpcb514da3f/s2/101a0d2d-f21a-48ca-842f-39fe727b82f7/in_use.lock acquired by nodename 2468@fv-az739-209
2024-09-15 02:32:25,029 [s2-impl-thread1] TRACE util.FileUtils (LogUtils.java:runAndLog(49)) - Successfully ran Files.createDirectories /home/runner/work/ratis/ratis/ratis-test/target/test/data/bb653c4b/MiniRaftClusterWithGrpcb514da3f/s2/101a0d2d-f21a-48ca-842f-39fe727b82f7/current
2024-09-15 02:32:25,029 [s2-impl-thread1] TRACE util.FileUtils (LogUtils.java:runAndLog(49)) - Successfully ran Files.createDirectories /home/runner/work/ratis/ratis/ratis-test/target/test/data/bb653c4b/MiniRaftClusterWithGrpcb514da3f/s2/101a0d2d-f21a-48ca-842f-39fe727b82f7/sm
2024-09-15 02:32:25,029 [s2-impl-thread1] TRACE util.FileUtils (LogUtils.java:supplyAndLog(69)) - Successfully supplied FileChannel.open /home/runner/work/ratis/ratis/ratis-test/target/test/data/bb653c4b/MiniRaftClusterWithGrpcb514da3f/s2/101a0d2d-f21a-48ca-842f-39fe727b82f7/current/raft-meta.tmp with options [CREATE, WRITE]: sun.nio.ch.FileChannelImpl@5a6647cc
2024-09-15 02:32:25,030 [s2-impl-thread1] TRACE util.FileUtils (LogUtils.java:runAndLog(49)) - Successfully ran Atomic Files.move /home/runner/work/ratis/ratis/ratis-test/target/test/data/bb653c4b/MiniRaftClusterWithGrpcb514da3f/s2/101a0d2d-f21a-48ca-842f-39fe727b82f7/current/raft-meta.tmp to /home/runner/work/ratis/ratis/ratis-test/target/test/data/bb653c4b/MiniRaftClusterWithGrpcb514da3f/s2/101a0d2d-f21a-48ca-842f-39fe727b82f7/current/raft-meta with options [REPLACE_EXISTING]
2024-09-15 02:32:25,030 [s2-impl-thread1] INFO  storage.RaftStorage (RaftStorageImpl.java:format(98)) - Storage directory /home/runner/work/ratis/ratis/ratis-test/target/test/data/bb653c4b/MiniRaftClusterWithGrpcb514da3f/s2/101a0d2d-f21a-48ca-842f-39fe727b82f7 has been successfully formatted.
2024-09-15 02:32:25,030 [s2-impl-thread1] INFO  impl.SimpleStateMachine4Testing (SimpleStateMachine4Testing.java:initialize(215)) - Initializing StateMachineWithSeparatedSnapshotPath:uninitialized
2024-09-15 02:32:25,030 [s2-impl-thread1] INFO  impl.SimpleStateMachine4Testing (SimpleStateMachine4Testing.java:loadSnapshot(300)) - Loading snapshot null
2024-09-15 02:32:25,030 [s2-impl-thread1] TRACE util.FileUtils (FileUtils.java:deleteFully(305)) - deleteFully /tmp/ratis-tests/statemachine/s2
2024-09-15 02:32:25,030 [s2-impl-thread1] TRACE util.FileUtils (FileUtils.java:deleteFully(318)) - deleteFully: /tmp/ratis-tests/statemachine/s2 does not exist.
2024-09-15 02:32:25,031 [s2-impl-thread1] INFO  server.RaftServerConfigKeys (ConfUtils.java:logGet(46)) - raft.server.log.use.memory = false (default)
2024-09-15 02:32:25,031 [s2-impl-thread1] INFO  server.RaftServerConfigKeys (ConfUtils.java:logGet(46)) - raft.server.log.purge.gap = 8 (custom)
2024-09-15 02:32:25,031 [s2-impl-thread1] INFO  server.RaftServerConfigKeys (ConfUtils.java:logGet(46)) - raft.server.log.appender.buffer.byte-limit = 4MB (=4194304) (default)
2024-09-15 02:32:25,031 [s2-impl-thread1] INFO  server.RaftServerConfigKeys (ConfUtils.java:logGet(46)) - raft.server.log.statemachine.data.read.timeout = 1000ms (default)
2024-09-15 02:32:25,031 [s2-impl-thread1] INFO  server.RaftServerConfigKeys (ConfUtils.java:logGet(46)) - raft.server.log.purge.preservation.log.num = 0 (default)
2024-09-15 02:32:25,032 [s2-impl-thread1] INFO  server.RaftServerConfigKeys (ConfUtils.java:logGet(46)) - raft.server.log.segment.size.max = 32MB (=33554432) (default)
2024-09-15 02:32:25,032 [s2-impl-thread1] INFO  server.RaftServerConfigKeys (ConfUtils.java:logGet(46)) - raft.server.log.segment.cache.num.max = 6 (default)
2024-09-15 02:32:25,032 [s2-impl-thread1] INFO  server.RaftServerConfigKeys (ConfUtils.java:logGet(46)) - raft.server.log.segment.cache.size.max = 200MB (=209715200) (default)
2024-09-15 02:32:25,032 [s2-impl-thread1] INFO  server.RaftServerConfigKeys (ConfUtils.java:logGet(46)) - raft.server.log.appender.buffer.byte-limit = 4MB (=4194304) (default)
2024-09-15 02:32:25,032 [s2-impl-thread1] INFO  util.AwaitToRun (AwaitToRun.java:start(81)) - Thread[s2@group-39FE727B82F7-cacheEviction-AwaitToRun,5,main] started
2024-09-15 02:32:25,032 [s2-impl-thread1] INFO  segmented.SegmentedRaftLogWorker (SegmentedRaftLogWorker.java:<init>(187)) - new s2@group-39FE727B82F7-SegmentedRaftLogWorker for RaftStorageImpl:Storage Directory /home/runner/work/ratis/ratis/ratis-test/target/test/data/bb653c4b/MiniRaftClusterWithGrpcb514da3f/s2/101a0d2d-f21a-48ca-842f-39fe727b82f7
2024-09-15 02:32:25,032 [s2-impl-thread1] INFO  server.RaftServerConfigKeys (ConfUtils.java:logGet(46)) - raft.server.log.queue.byte-limit = 64MB (=67108864) (default)
2024-09-15 02:32:25,032 [s2-impl-thread1] INFO  server.RaftServerConfigKeys (ConfUtils.java:logGet(46)) - raft.server.log.queue.element-limit = 4096 (default)
2024-09-15 02:32:25,032 [s2-impl-thread1] INFO  server.RaftServerConfigKeys (ConfUtils.java:logGet(46)) - raft.server.log.segment.size.max = 32MB (=33554432) (default)
2024-09-15 02:32:25,033 [s2-impl-thread1] INFO  server.RaftServerConfigKeys (ConfUtils.java:logGet(46)) - raft.server.log.preallocated.size = 4MB (=4194304) (default)
2024-09-15 02:32:25,033 [s2-impl-thread1] INFO  server.RaftServerConfigKeys (ConfUtils.java:logGet(46)) - raft.server.log.force.sync.num = 128 (default)
2024-09-15 02:32:25,033 [s2-impl-thread1] INFO  server.RaftServerConfigKeys (ConfUtils.java:logGet(46)) - raft.server.log.statemachine.data.sync = true (default)
2024-09-15 02:32:25,033 [s2-impl-thread1] INFO  server.RaftServerConfigKeys (ConfUtils.java:logGet(46)) - raft.server.log.statemachine.data.sync.timeout = 10s (default)
2024-09-15 02:32:25,033 [s2-impl-thread1] INFO  server.RaftServerConfigKeys (ConfUtils.java:logGet(46)) - raft.server.log.statemachine.data.sync.timeout.retry = -1 (default)
2024-09-15 02:32:25,033 [s2-impl-thread1] INFO  server.RaftServerConfigKeys (ConfUtils.java:logGet(46)) - raft.server.log.write.buffer.size = 8MB (=8388608) (default)
2024-09-15 02:32:25,035 [s2-impl-thread1] INFO  server.RaftServerConfigKeys (ConfUtils.java:logGet(46)) - raft.server.log.appender.buffer.byte-limit = 4MB (=4194304) (default)
2024-09-15 02:32:25,035 [s2-impl-thread1] INFO  server.RaftServerConfigKeys (ConfUtils.java:logGet(46)) - raft.server.log.unsafe-flush.enabled = false (default)
2024-09-15 02:32:25,035 [s2-impl-thread1] INFO  server.RaftServerConfigKeys (ConfUtils.java:logGet(46)) - raft.server.log.async-flush.enabled = false (default)
2024-09-15 02:32:25,035 [s2-impl-thread1] INFO  server.RaftServerConfigKeys (ConfUtils.java:logGet(46)) - raft.server.log.statemachine.data.caching.enabled = false (default)
2024-09-15 02:32:25,035 [s2-impl-thread1] INFO  segmented.SegmentedRaftLogWorker (SegmentedRaftLogWorker.java:lambda$new$0(138)) - s2@group-39FE727B82F7-SegmentedRaftLogWorker: flushIndex: setUnconditionally 0 -> -1
2024-09-15 02:32:25,035 [s2-impl-thread1] INFO  segmented.SegmentedRaftLogWorker (SegmentedRaftLogWorker.java:lambda$new$0(138)) - s2@group-39FE727B82F7-SegmentedRaftLogWorker: safeCacheEvictIndex: setUnconditionally 0 -> -1
2024-09-15 02:32:25,036 [s2-impl-thread1] INFO  server.RaftServer$Division (RaftServerImpl.java:start(391)) - s2@group-39FE727B82F7: start as a follower, conf=conf: {index: -1, cur=peers:[s0|localhost:15012, s1|localhost:15016, s2|localhost:15020]|listeners:[], old=null}
2024-09-15 02:32:25,036 [s2-impl-thread1] INFO  server.RaftServer$Division (RaftServerImpl.java:setRole(378)) - s2@group-39FE727B82F7: changes role from      null to FOLLOWER at term 0 for startAsFollower
2024-09-15 02:32:25,036 [s2-impl-thread1] INFO  impl.RoleInfo (RoleInfo.java:updateAndGet(148)) - s2: start s2@group-39FE727B82F7-FollowerState
2024-09-15 02:32:25,036 [s2@group-39FE727B82F7-FollowerState] INFO  server.RaftServerConfigKeys (ConfUtils.java:logFallback(53)) - raft.server.rpc.first-election.timeout.min = 150ms (fallback to raft.server.rpc.timeout.min)
2024-09-15 02:32:25,036 [s2-impl-thread1] INFO  util.JmxRegister (JmxRegister.java:tryRegister(44)) - Successfully registered JMX Bean with object name Ratis:service=RaftServer,group=group-39FE727B82F7,id=s2
2024-09-15 02:32:25,036 [s2-impl-thread1] INFO  util.JmxRegister (JmxRegister.java:register(58)) - register mxBean class org.apache.ratis.server.impl.RaftServerJmxAdapter as Ratis:service=RaftServer,group=group-39FE727B82F7,id=s2
2024-09-15 02:32:25,036 [s2@group-39FE727B82F7-FollowerState] INFO  server.RaftServerConfigKeys (ConfUtils.java:logFallback(53)) - raft.server.rpc.first-election.timeout.max = 300ms (fallback to raft.server.rpc.timeout.max)
2024-09-15 02:32:25,036 [s2-impl-thread1] INFO  server.RaftServerConfigKeys (ConfUtils.java:logGet(46)) - raft.server.snapshot.trigger-when-stop.enabled = true (default)
2024-09-15 02:32:25,036 [s2-impl-thread1] INFO  server.RaftServerConfigKeys (ConfUtils.java:logGet(46)) - raft.server.snapshot.trigger-when-remove.enabled = true (default)
2024-09-15 02:32:25,036 [s2-impl-thread1] INFO  server.RaftServerConfigKeys (ConfUtils.java:logGet(46)) - raft.server.snapshot.auto.trigger.enabled = true (custom)
2024-09-15 02:32:25,036 [s2-impl-thread1] INFO  server.RaftServerConfigKeys (ConfUtils.java:logGet(46)) - raft.server.snapshot.auto.trigger.threshold = 64 (custom)
2024-09-15 02:32:25,037 [s2-impl-thread1] INFO  server.RaftServerConfigKeys (ConfUtils.java:logGet(46)) - raft.server.snapshot.retention.file.num = -1 (default)
2024-09-15 02:32:25,037 [s2-impl-thread1] INFO  server.RaftServerConfigKeys (ConfUtils.java:logGet(46)) - raft.server.log.purge.upto.snapshot.index = false (default)
2024-09-15 02:32:25,037 [main] INFO  server.RaftServer (RaftServerProxy.java:startImpl(408)) - s2: start RPC server
2024-09-15 02:32:25,038 [main] INFO  server.GrpcService (GrpcService.java:startImpl(340)) - s2: GrpcService started, listening on 15022
2024-09-15 02:32:25,039 [main] INFO  server.GrpcService (GrpcService.java:startImpl(340)) - s2: GrpcService started, listening on 15020
2024-09-15 02:32:25,040 [main] INFO  server.GrpcService (GrpcService.java:startImpl(340)) - s2: GrpcService started, listening on 15021
2024-09-15 02:32:25,040 [JvmPauseMonitor8] INFO  util.JvmPauseMonitor (JvmPauseMonitor.java:run(146)) - JvmPauseMonitor-s2: Started
2024-09-15 02:32:25,040 [main] INFO  server.RaftServerConfigKeys (ConfUtils.java:logGet(46)) - raft.server.rpc.timeout.max = 300ms (default)
2024-09-15 02:32:25,040 [main] INFO  ratis.RaftTestUtil (RaftTestUtil.java:waitForLeader(107)) - printing ALL groups
  s0:  RUNNING  FOLLOWER s0@group-39FE727B82F7:t0, leader=null, voted=, raftlog=Memoized:s0@group-39FE727B82F7-SegmentedRaftLog:OPENED:c-1:lastnull, conf=conf: {index: -1, cur=peers:[s0|localhost:15012, s1|localhost:15016, s2|localhost:15020]|listeners:[], old=null} RUNNING
  s1:  RUNNING  FOLLOWER s1@group-39FE727B82F7:t0, leader=null, voted=, raftlog=Memoized:s1@group-39FE727B82F7-SegmentedRaftLog:OPENED:c-1:lastnull, conf=conf: {index: -1, cur=peers:[s0|localhost:15012, s1|localhost:15016, s2|localhost:15020]|listeners:[], old=null} RUNNING
  s2:  RUNNING  FOLLOWER s2@group-39FE727B82F7:t0, leader=null, voted=, raftlog=Memoized:s2@group-39FE727B82F7-SegmentedRaftLog:OPENED:c-1:lastnull, conf=conf: {index: -1, cur=peers:[s0|localhost:15012, s1|localhost:15016, s2|localhost:15020]|listeners:[], old=null} RUNNING
2024-09-15 02:32:25,041 [main] WARN  ratis.RaftTestUtil (RaftTestUtil.java:lambda$waitForLeader$3(126)) - Attempt #1 failed: java.lang.IllegalStateException: No leader yet : printing ALL groups
  s0:  RUNNING  FOLLOWER s0@group-39FE727B82F7:t0, leader=null, voted=, raftlog=Memoized:s0@group-39FE727B82F7-SegmentedRaftLog:OPENED:c-1:lastnull, conf=conf: {index: -1, cur=peers:[s0|localhost:15012, s1|localhost:15016, s2|localhost:15020]|listeners:[], old=null} RUNNING
  s1:  RUNNING  FOLLOWER s1@group-39FE727B82F7:t0, leader=null, voted=, raftlog=Memoized:s1@group-39FE727B82F7-SegmentedRaftLog:OPENED:c-1:lastnull, conf=conf: {index: -1, cur=peers:[s0|localhost:15012, s1|localhost:15016, s2|localhost:15020]|listeners:[], old=null} RUNNING
  s2:  RUNNING  FOLLOWER s2@group-39FE727B82F7:t0, leader=null, voted=, raftlog=Memoized:s2@group-39FE727B82F7-SegmentedRaftLog:OPENED:c-1:lastnull, conf=conf: {index: -1, cur=peers:[s0|localhost:15012, s1|localhost:15016, s2|localhost:15020]|listeners:[], old=null} RUNNING
2024-09-15 02:32:25,207 [s0@group-39FE727B82F7-FollowerState] INFO  impl.FollowerState (FollowerState.java:run(144)) - s0@group-39FE727B82F7-FollowerState: change to CANDIDATE, lastRpcElapsedTime:204767695ns, electionTimeout:203ms
2024-09-15 02:32:25,207 [s0@group-39FE727B82F7-FollowerState] INFO  impl.RoleInfo (RoleInfo.java:shutdownFollowerState(119)) - s0: shutdown s0@group-39FE727B82F7-FollowerState
2024-09-15 02:32:25,207 [s0@group-39FE727B82F7-FollowerState] INFO  server.RaftServer$Division (RaftServerImpl.java:setRole(378)) - s0@group-39FE727B82F7: changes role from  FOLLOWER to CANDIDATE at term 0 for changeToCandidate
2024-09-15 02:32:25,207 [s0@group-39FE727B82F7-FollowerState] INFO  server.RaftServerConfigKeys (ConfUtils.java:logGet(46)) - raft.server.leaderelection.pre-vote = true (default)
2024-09-15 02:32:25,208 [s0@group-39FE727B82F7-FollowerState] INFO  impl.RoleInfo (RoleInfo.java:updateAndGet(148)) - s0: start s0@group-39FE727B82F7-LeaderElection3
2024-09-15 02:32:25,208 [s0@group-39FE727B82F7-LeaderElection3] INFO  impl.LeaderElection (LeaderElection.java:askForVotes(325)) - s0@group-39FE727B82F7-LeaderElection3 PRE_VOTE round 0: submit vote requests at term 0 for conf: {index: -1, cur=peers:[s0|localhost:15012, s1|localhost:15016, s2|localhost:15020]|listeners:[], old=null}
2024-09-15 02:32:25,212 [s0@group-39FE727B82F7-LeaderElection3-1] INFO  server.GrpcServerProtocolClient (GrpcServerProtocolClient.java:<init>(65)) - Build channel for s1|localhost:15016
2024-09-15 02:32:25,212 [s0@group-39FE727B82F7-LeaderElection3-2] INFO  server.GrpcServerProtocolClient (GrpcServerProtocolClient.java:<init>(65)) - Build channel for s2|localhost:15020
2024-09-15 02:32:25,212 [s0@group-39FE727B82F7-LeaderElection3] INFO  server.RaftServerConfigKeys (ConfUtils.java:logFallback(53)) - raft.server.rpc.first-election.timeout.min = 150ms (fallback to raft.server.rpc.timeout.min)
2024-09-15 02:32:25,212 [s0@group-39FE727B82F7-LeaderElection3] INFO  server.RaftServerConfigKeys (ConfUtils.java:logFallback(53)) - raft.server.rpc.first-election.timeout.max = 300ms (fallback to raft.server.rpc.timeout.max)
2024-09-15 02:32:25,220 [grpc-default-executor-1] INFO  server.RaftServer$Division (RaftServerImpl.java:requestVote(1439)) - s2@group-39FE727B82F7: receive requestVote(PRE_VOTE, s0, group-39FE727B82F7, 0, (t:0, i:0))
2024-09-15 02:32:25,221 [grpc-default-executor-0] INFO  server.RaftServer$Division (RaftServerImpl.java:requestVote(1439)) - s1@group-39FE727B82F7: receive requestVote(PRE_VOTE, s0, group-39FE727B82F7, 0, (t:0, i:0))
2024-09-15 02:32:25,222 [grpc-default-executor-0] INFO  impl.VoteContext (VoteContext.java:log(49)) - s1@group-39FE727B82F7-FOLLOWER: accept PRE_VOTE from s0: our priority 0 <= candidate's priority 0
2024-09-15 02:32:25,222 [grpc-default-executor-1] INFO  impl.VoteContext (VoteContext.java:log(49)) - s2@group-39FE727B82F7-FOLLOWER: accept PRE_VOTE from s0: our priority 0 <= candidate's priority 0
2024-09-15 02:32:25,224 [grpc-default-executor-0] INFO  server.RaftServer$Division (RaftServerImpl.java:requestVote(1472)) - s1@group-39FE727B82F7 replies to PRE_VOTE vote request: s0<-s1#0:OK-t0. Peer's state: s1@group-39FE727B82F7:t0, leader=null, voted=, raftlog=Memoized:s1@group-39FE727B82F7-SegmentedRaftLog:OPENED:c-1:lastnull, conf=conf: {index: -1, cur=peers:[s0|localhost:15012, s1|localhost:15016, s2|localhost:15020]|listeners:[], old=null}
2024-09-15 02:32:25,224 [grpc-default-executor-1] INFO  server.RaftServer$Division (RaftServerImpl.java:requestVote(1472)) - s2@group-39FE727B82F7 replies to PRE_VOTE vote request: s0<-s2#0:OK-t0. Peer's state: s2@group-39FE727B82F7:t0, leader=null, voted=, raftlog=Memoized:s2@group-39FE727B82F7-SegmentedRaftLog:OPENED:c-1:lastnull, conf=conf: {index: -1, cur=peers:[s0|localhost:15012, s1|localhost:15016, s2|localhost:15020]|listeners:[], old=null}
2024-09-15 02:32:25,226 [s0@group-39FE727B82F7-LeaderElection3] INFO  impl.LeaderElection (LeaderElection.java:logAndReturn(89)) - s0@group-39FE727B82F7-LeaderElection3: PRE_VOTE PASSED received 1 response(s) and 0 exception(s):
2024-09-15 02:32:25,226 [s0@group-39FE727B82F7-LeaderElection3] INFO  impl.LeaderElection (LeaderElection.java:logAndReturn(93)) -   Response 0: s0<-s2#0:OK-t0
2024-09-15 02:32:25,227 [s0@group-39FE727B82F7-LeaderElection3] INFO  impl.LeaderElection (LeaderElection.java:askForVotes(327)) - s0@group-39FE727B82F7-LeaderElection3 PRE_VOTE round 0: result PASSED
2024-09-15 02:32:25,227 [s0@group-39FE727B82F7-LeaderElection3] TRACE util.FileUtils (LogUtils.java:supplyAndLog(69)) - Successfully supplied FileChannel.open /home/runner/work/ratis/ratis/ratis-test/target/test/data/bb653c4b/MiniRaftClusterWithGrpcb514da3f/s0/101a0d2d-f21a-48ca-842f-39fe727b82f7/current/raft-meta.tmp with options [CREATE, WRITE]: sun.nio.ch.FileChannelImpl@17495a4e
2024-09-15 02:32:25,228 [s0@group-39FE727B82F7-LeaderElection3] TRACE util.FileUtils (LogUtils.java:runAndLog(49)) - Successfully ran Atomic Files.move /home/runner/work/ratis/ratis/ratis-test/target/test/data/bb653c4b/MiniRaftClusterWithGrpcb514da3f/s0/101a0d2d-f21a-48ca-842f-39fe727b82f7/current/raft-meta.tmp to /home/runner/work/ratis/ratis/ratis-test/target/test/data/bb653c4b/MiniRaftClusterWithGrpcb514da3f/s0/101a0d2d-f21a-48ca-842f-39fe727b82f7/current/raft-meta with options [REPLACE_EXISTING]
2024-09-15 02:32:25,228 [s0@group-39FE727B82F7-LeaderElection3] INFO  impl.LeaderElection (LeaderElection.java:askForVotes(325)) - s0@group-39FE727B82F7-LeaderElection3 ELECTION round 0: submit vote requests at term 1 for conf: {index: -1, cur=peers:[s0|localhost:15012, s1|localhost:15016, s2|localhost:15020]|listeners:[], old=null}
2024-09-15 02:32:25,229 [s0@group-39FE727B82F7-LeaderElection3] INFO  server.RaftServerConfigKeys (ConfUtils.java:logFallback(53)) - raft.server.rpc.first-election.timeout.min = 150ms (fallback to raft.server.rpc.timeout.min)
2024-09-15 02:32:25,229 [s0@group-39FE727B82F7-LeaderElection3] INFO  server.RaftServerConfigKeys (ConfUtils.java:logFallback(53)) - raft.server.rpc.first-election.timeout.max = 300ms (fallback to raft.server.rpc.timeout.max)
2024-09-15 02:32:25,233 [grpc-default-executor-0] INFO  server.RaftServer$Division (RaftServerImpl.java:requestVote(1439)) - s1@group-39FE727B82F7: receive requestVote(ELECTION, s0, group-39FE727B82F7, 1, (t:0, i:0))
2024-09-15 02:32:25,235 [grpc-default-executor-1] INFO  server.RaftServer$Division (RaftServerImpl.java:requestVote(1439)) - s2@group-39FE727B82F7: receive requestVote(ELECTION, s0, group-39FE727B82F7, 1, (t:0, i:0))
2024-09-15 02:32:25,235 [grpc-default-executor-1] INFO  impl.VoteContext (VoteContext.java:log(49)) - s2@group-39FE727B82F7-FOLLOWER: accept ELECTION from s0: our priority 0 <= candidate's priority 0
2024-09-15 02:32:25,235 [grpc-default-executor-1] INFO  server.RaftServer$Division (RaftServerImpl.java:setRole(378)) - s2@group-39FE727B82F7: changes role from  FOLLOWER to FOLLOWER at term 0 for candidate:s0
2024-09-15 02:32:25,235 [grpc-default-executor-1] INFO  impl.RoleInfo (RoleInfo.java:shutdownFollowerState(119)) - s2: shutdown s2@group-39FE727B82F7-FollowerState
2024-09-15 02:32:25,235 [s2@group-39FE727B82F7-FollowerState] INFO  impl.FollowerState (FollowerState.java:run(153)) - s2@group-39FE727B82F7-FollowerState was interrupted
2024-09-15 02:32:25,233 [grpc-default-executor-0] INFO  impl.VoteContext (VoteContext.java:log(49)) - s1@group-39FE727B82F7-FOLLOWER: accept ELECTION from s0: our priority 0 <= candidate's priority 0
2024-09-15 02:32:25,240 [grpc-default-executor-1] INFO  impl.RoleInfo (RoleInfo.java:updateAndGet(148)) - s2: start s2@group-39FE727B82F7-FollowerState
2024-09-15 02:32:25,240 [grpc-default-executor-0] INFO  server.RaftServer$Division (RaftServerImpl.java:setRole(378)) - s1@group-39FE727B82F7: changes role from  FOLLOWER to FOLLOWER at term 0 for candidate:s0
2024-09-15 02:32:25,241 [grpc-default-executor-0] INFO  impl.RoleInfo (RoleInfo.java:shutdownFollowerState(119)) - s1: shutdown s1@group-39FE727B82F7-FollowerState
2024-09-15 02:32:25,244 [grpc-default-executor-1] INFO  server.RaftServer$Division (RaftServerImpl.java:setFirstElection(559)) - s2@group-39FE727B82F7: set firstElectionSinceStartup to false for candidate:s0
2024-09-15 02:32:25,244 [grpc-default-executor-0] INFO  impl.RoleInfo (RoleInfo.java:updateAndGet(148)) - s1: start s1@group-39FE727B82F7-FollowerState
2024-09-15 02:32:25,245 [grpc-default-executor-1] TRACE util.FileUtils (LogUtils.java:supplyAndLog(69)) - Successfully supplied FileChannel.open /home/runner/work/ratis/ratis/ratis-test/target/test/data/bb653c4b/MiniRaftClusterWithGrpcb514da3f/s2/101a0d2d-f21a-48ca-842f-39fe727b82f7/current/raft-meta.tmp with options [CREATE, WRITE]: sun.nio.ch.FileChannelImpl@64d76c4
2024-09-15 02:32:25,245 [s1@group-39FE727B82F7-FollowerState] INFO  impl.FollowerState (FollowerState.java:run(153)) - s1@group-39FE727B82F7-FollowerState was interrupted
2024-09-15 02:32:25,245 [grpc-default-executor-0] INFO  server.RaftServer$Division (RaftServerImpl.java:setFirstElection(559)) - s1@group-39FE727B82F7: set firstElectionSinceStartup to false for candidate:s0
2024-09-15 02:32:25,245 [grpc-default-executor-0] TRACE util.FileUtils (LogUtils.java:supplyAndLog(69)) - Successfully supplied FileChannel.open /home/runner/work/ratis/ratis/ratis-test/target/test/data/bb653c4b/MiniRaftClusterWithGrpcb514da3f/s1/101a0d2d-f21a-48ca-842f-39fe727b82f7/current/raft-meta.tmp with options [CREATE, WRITE]: sun.nio.ch.FileChannelImpl@2f888c11
2024-09-15 02:32:25,246 [grpc-default-executor-0] TRACE util.FileUtils (LogUtils.java:runAndLog(49)) - Successfully ran Atomic Files.move /home/runner/work/ratis/ratis/ratis-test/target/test/data/bb653c4b/MiniRaftClusterWithGrpcb514da3f/s1/101a0d2d-f21a-48ca-842f-39fe727b82f7/current/raft-meta.tmp to /home/runner/work/ratis/ratis/ratis-test/target/test/data/bb653c4b/MiniRaftClusterWithGrpcb514da3f/s1/101a0d2d-f21a-48ca-842f-39fe727b82f7/current/raft-meta with options [REPLACE_EXISTING]
2024-09-15 02:32:25,246 [grpc-default-executor-0] INFO  server.RaftServer$Division (RaftServerImpl.java:requestVote(1472)) - s1@group-39FE727B82F7 replies to ELECTION vote request: s0<-s1#0:OK-t1. Peer's state: s1@group-39FE727B82F7:t1, leader=null, voted=s0, raftlog=Memoized:s1@group-39FE727B82F7-SegmentedRaftLog:OPENED:c-1:lastnull, conf=conf: {index: -1, cur=peers:[s0|localhost:15012, s1|localhost:15016, s2|localhost:15020]|listeners:[], old=null}
2024-09-15 02:32:25,247 [grpc-default-executor-1] TRACE util.FileUtils (LogUtils.java:runAndLog(49)) - Successfully ran Atomic Files.move /home/runner/work/ratis/ratis/ratis-test/target/test/data/bb653c4b/MiniRaftClusterWithGrpcb514da3f/s2/101a0d2d-f21a-48ca-842f-39fe727b82f7/current/raft-meta.tmp to /home/runner/work/ratis/ratis/ratis-test/target/test/data/bb653c4b/MiniRaftClusterWithGrpcb514da3f/s2/101a0d2d-f21a-48ca-842f-39fe727b82f7/current/raft-meta with options [REPLACE_EXISTING]
2024-09-15 02:32:25,247 [grpc-default-executor-1] INFO  server.RaftServer$Division (RaftServerImpl.java:requestVote(1472)) - s2@group-39FE727B82F7 replies to ELECTION vote request: s0<-s2#0:OK-t1. Peer's state: s2@group-39FE727B82F7:t1, leader=null, voted=s0, raftlog=Memoized:s2@group-39FE727B82F7-SegmentedRaftLog:OPENED:c-1:lastnull, conf=conf: {index: -1, cur=peers:[s0|localhost:15012, s1|localhost:15016, s2|localhost:15020]|listeners:[], old=null}
2024-09-15 02:32:25,248 [s0@group-39FE727B82F7-LeaderElection3] INFO  impl.LeaderElection (LeaderElection.java:logAndReturn(89)) - s0@group-39FE727B82F7-LeaderElection3: ELECTION PASSED received 1 response(s) and 0 exception(s):
2024-09-15 02:32:25,248 [s0@group-39FE727B82F7-LeaderElection3] INFO  impl.LeaderElection (LeaderElection.java:logAndReturn(93)) -   Response 0: s0<-s1#0:OK-t1
2024-09-15 02:32:25,248 [s0@group-39FE727B82F7-LeaderElection3] INFO  impl.LeaderElection (LeaderElection.java:askForVotes(327)) - s0@group-39FE727B82F7-LeaderElection3 ELECTION round 0: result PASSED
2024-09-15 02:32:25,248 [s0@group-39FE727B82F7-LeaderElection3] INFO  impl.RoleInfo (RoleInfo.java:shutdownLeaderElection(139)) - s0: shutdown s0@group-39FE727B82F7-LeaderElection3
2024-09-15 02:32:25,248 [s0@group-39FE727B82F7-LeaderElection3] INFO  server.RaftServer$Division (RaftServerImpl.java:setRole(378)) - s0@group-39FE727B82F7: changes role from CANDIDATE to LEADER at term 1 for changeToLeader
2024-09-15 02:32:25,248 [s0@group-39FE727B82F7-LeaderElection3] INFO  server.RaftServerConfigKeys (ConfUtils.java:logGet(46)) - raft.server.staging.catchup.gap = 1000 (default)
2024-09-15 02:32:25,248 [s0@group-39FE727B82F7-LeaderElection3] INFO  server.RaftServerConfigKeys (ConfUtils.java:logGet(46)) - raft.server.write.element-limit = 4096 (default)
2024-09-15 02:32:25,248 [s0@group-39FE727B82F7-LeaderElection3] INFO  server.RaftServerConfigKeys (ConfUtils.java:logGet(46)) - raft.server.write.byte-limit = 64MB (=67108864) (default)
2024-09-15 02:32:25,249 [s0@group-39FE727B82F7-LeaderElection3] INFO  server.RaftServerConfigKeys (ConfUtils.java:logGet(46)) - raft.server.watch.timeout = 10s (default)
2024-09-15 02:32:25,249 [s0@group-39FE727B82F7-LeaderElection3] INFO  server.RaftServerConfigKeys (ConfUtils.java:logGet(46)) - raft.server.watch.timeout.denomination = 1s (default)
2024-09-15 02:32:25,249 [s0@group-39FE727B82F7-LeaderElection3] INFO  server.RaftServerConfigKeys (ConfUtils.java:logGet(46)) - raft.server.watch.element-limit = 65536 (default)
2024-09-15 02:32:25,249 [s0@group-39FE727B82F7-LeaderElection3] INFO  server.RaftServerConfigKeys (ConfUtils.java:logGet(46)) - raft.server.read.leader.lease.enabled = false (default)
2024-09-15 02:32:25,249 [s0@group-39FE727B82F7-LeaderElection3] INFO  server.RaftServerConfigKeys (ConfUtils.java:logGet(46)) - raft.server.read.leader.lease.timeout.ratio = 0.9 (default)
2024-09-15 02:32:25,249 [s0@group-39FE727B82F7-LeaderElection3] INFO  server.RaftServerConfigKeys (ConfUtils.java:logGet(46)) - raft.server.rpc.timeout.min = 150ms (default)
2024-09-15 02:32:25,249 [s0@group-39FE727B82F7-LeaderElection3] INFO  server.RaftServerConfigKeys (ConfUtils.java:logGet(46)) - raft.server.log.log-metadata.enabled = true (default)
2024-09-15 02:32:25,249 [s0@group-39FE727B82F7-LeaderElection3] INFO  server.RaftServerConfigKeys (ConfUtils.java:logGet(46)) - raft.server.write.element-limit = 4096 (default)
2024-09-15 02:32:25,249 [s0@group-39FE727B82F7-LeaderElection3] INFO  server.RaftServerConfigKeys (ConfUtils.java:logGet(46)) - raft.server.write.follower.gap.ratio.max = -1.0 (default)
2024-09-15 02:32:25,250 [s0@group-39FE727B82F7-LeaderElection3] INFO  server.RaftServerConfigKeys (ConfUtils.java:logGet(46)) - raft.server.log.appender.snapshot.chunk.size.max = 1k (=1024) (custom)
2024-09-15 02:32:25,250 [s0@group-39FE727B82F7-LeaderElection3] INFO  server.RaftServerConfigKeys (ConfUtils.java:logGet(46)) - raft.server.log.appender.buffer.byte-limit = 4MB (=4194304) (default)
2024-09-15 02:32:25,250 [s0@group-39FE727B82F7-LeaderElection3] INFO  server.RaftServerConfigKeys (ConfUtils.java:logGet(46)) - raft.server.log.appender.buffer.element-limit = 0 (default)
2024-09-15 02:32:25,250 [s0@group-39FE727B82F7-LeaderElection3] INFO  server.RaftServerConfigKeys (ConfUtils.java:logGet(46)) - raft.server.log.appender.wait-time.min = 1ms (default)
2024-09-15 02:32:25,250 [s0@group-39FE727B82F7-LeaderElection3] INFO  grpc.GrpcConfigKeys (ConfUtils.java:logGet(46)) - raft.grpc.server.leader.outstanding.appends.max = 8 (default)
2024-09-15 02:32:25,250 [s0@group-39FE727B82F7-LeaderElection3] INFO  server.RaftServerConfigKeys (ConfUtils.java:logGet(46)) - raft.server.rpc.request.timeout = 3000ms (default)
2024-09-15 02:32:25,250 [s0@group-39FE727B82F7-LeaderElection3] INFO  grpc.GrpcConfigKeys (ConfUtils.java:logGet(46)) - raft.grpc.server.install_snapshot.request.element-limit = 8 (default)
2024-09-15 02:32:25,250 [s0@group-39FE727B82F7-LeaderElection3] INFO  grpc.GrpcConfigKeys (ConfUtils.java:logGet(46)) - raft.grpc.server.install_snapshot.request.timeout = 3000ms (default)
2024-09-15 02:32:25,250 [s0@group-39FE727B82F7-LeaderElection3] INFO  grpc.GrpcConfigKeys (ConfUtils.java:logGet(46)) - raft.grpc.server.log-message.batch.duration = 5s (default)
2024-09-15 02:32:25,250 [s0@group-39FE727B82F7-LeaderElection3] INFO  server.RaftServerConfigKeys (ConfUtils.java:logGet(46)) - raft.server.log.appender.install.snapshot.enabled = true (default)
2024-09-15 02:32:25,250 [s0@group-39FE727B82F7-LeaderElection3] INFO  grpc.GrpcConfigKeys (ConfUtils.java:logGet(46)) - raft.grpc.server.heartbeat.channel = false (custom)
2024-09-15 02:32:25,251 [s0@group-39FE727B82F7-LeaderElection3] INFO  server.RaftServerConfigKeys (ConfUtils.java:logGet(46)) - raft.server.log.appender.snapshot.chunk.size.max = 1k (=1024) (custom)
2024-09-15 02:32:25,251 [s0@group-39FE727B82F7-LeaderElection3] INFO  server.RaftServerConfigKeys (ConfUtils.java:logGet(46)) - raft.server.log.appender.buffer.byte-limit = 4MB (=4194304) (default)
2024-09-15 02:32:25,251 [s0@group-39FE727B82F7-LeaderElection3] INFO  server.RaftServerConfigKeys (ConfUtils.java:logGet(46)) - raft.server.log.appender.buffer.element-limit = 0 (default)
2024-09-15 02:32:25,251 [s0@group-39FE727B82F7-LeaderElection3] INFO  server.RaftServerConfigKeys (ConfUtils.java:logGet(46)) - raft.server.log.appender.wait-time.min = 1ms (default)
2024-09-15 02:32:25,251 [s0@group-39FE727B82F7-LeaderElection3] INFO  grpc.GrpcConfigKeys (ConfUtils.java:logGet(46)) - raft.grpc.server.leader.outstanding.appends.max = 8 (default)
2024-09-15 02:32:25,251 [s0@group-39FE727B82F7-LeaderElection3] INFO  server.RaftServerConfigKeys (ConfUtils.java:logGet(46)) - raft.server.rpc.request.timeout = 3000ms (default)
2024-09-15 02:32:25,251 [s0@group-39FE727B82F7-LeaderElection3] INFO  grpc.GrpcConfigKeys (ConfUtils.java:logGet(46)) - raft.grpc.server.install_snapshot.request.element-limit = 8 (default)
2024-09-15 02:32:25,251 [s0@group-39FE727B82F7-LeaderElection3] INFO  grpc.GrpcConfigKeys (ConfUtils.java:logGet(46)) - raft.grpc.server.install_snapshot.request.timeout = 3000ms (default)
2024-09-15 02:32:25,252 [s0@group-39FE727B82F7-LeaderElection3] INFO  grpc.GrpcConfigKeys (ConfUtils.java:logGet(46)) - raft.grpc.server.log-message.batch.duration = 5s (default)
2024-09-15 02:32:25,252 [s0@group-39FE727B82F7-LeaderElection3] INFO  server.RaftServerConfigKeys (ConfUtils.java:logGet(46)) - raft.server.log.appender.install.snapshot.enabled = true (default)
2024-09-15 02:32:25,252 [s0@group-39FE727B82F7-LeaderElection3] INFO  grpc.GrpcConfigKeys (ConfUtils.java:logGet(46)) - raft.grpc.server.heartbeat.channel = false (custom)
2024-09-15 02:32:25,252 [s0@group-39FE727B82F7-LeaderElection3] INFO  impl.RoleInfo (RoleInfo.java:updateAndGet(148)) - s0: start s0@group-39FE727B82F7-LeaderStateImpl
2024-09-15 02:32:25,252 [s0@group-39FE727B82F7-LeaderElection3] INFO  server.RaftServer$Division (RaftServerImpl.java:setFirstElection(559)) - s0@group-39FE727B82F7: set firstElectionSinceStartup to false for becomeLeader
2024-09-15 02:32:25,252 [s0@group-39FE727B82F7-LeaderElection3] INFO  server.RaftServer$Division (ServerState.java:setLeader(272)) - s0@group-39FE727B82F7: change Leader from null to s0 at term 1 for becomeLeader, leader elected after 274ms
2024-09-15 02:32:25,252 [s0@group-39FE727B82F7-LeaderElection3] INFO  segmented.SegmentedRaftLogWorker (SegmentedRaftLogWorker.java:startLogSegment(438)) - s0@group-39FE727B82F7-SegmentedRaftLogWorker: Starting segment from index:0
2024-09-15 02:32:25,253 [s0@group-39FE727B82F7-SegmentedRaftLogWorker] INFO  segmented.BufferedWriteChannel (BufferedWriteChannel.java:open(61)) - open log_inprogress_0 at position 0
2024-09-15 02:32:25,256 [s0@group-39FE727B82F7-LeaderElection3] INFO  server.RaftServer$Division (ServerState.java:setRaftConf(386)) - s0@group-39FE727B82F7: set configuration conf: {index: 0, cur=peers:[s0|localhost:15012, s1|localhost:15016, s2|localhost:15020]|listeners:[], old=null}
2024-09-15 02:32:25,259 [s1-server-thread1] INFO  server.RaftServer$Division (ServerState.java:setLeader(272)) - s1@group-39FE727B82F7: change Leader from null to s0 at term 1 for appendEntries, leader elected after 274ms
2024-09-15 02:32:25,261 [s2-server-thread1] INFO  server.RaftServer$Division (ServerState.java:setLeader(272)) - s2@group-39FE727B82F7: change Leader from null to s0 at term 1 for appendEntries, leader elected after 268ms
2024-09-15 02:32:25,263 [s1-server-thread1] INFO  server.RaftServer$Division (ServerState.java:setRaftConf(386)) - s1@group-39FE727B82F7: set configuration conf: {index: 0, cur=peers:[s0|localhost:15012, s1|localhost:15016, s2|localhost:15020]|listeners:[], old=null}
2024-09-15 02:32:25,263 [s2-server-thread2] INFO  server.RaftServer$Division (ServerState.java:setRaftConf(386)) - s2@group-39FE727B82F7: set configuration conf: {index: 0, cur=peers:[s0|localhost:15012, s1|localhost:15016, s2|localhost:15020]|listeners:[], old=null}
2024-09-15 02:32:25,263 [s1-server-thread1] INFO  segmented.SegmentedRaftLogWorker (SegmentedRaftLogWorker.java:startLogSegment(438)) - s1@group-39FE727B82F7-SegmentedRaftLogWorker: Starting segment from index:0
2024-09-15 02:32:25,263 [s2-server-thread2] INFO  segmented.SegmentedRaftLogWorker (SegmentedRaftLogWorker.java:startLogSegment(438)) - s2@group-39FE727B82F7-SegmentedRaftLogWorker: Starting segment from index:0
2024-09-15 02:32:25,263 [s1@group-39FE727B82F7-SegmentedRaftLogWorker] INFO  segmented.BufferedWriteChannel (BufferedWriteChannel.java:open(61)) - open log_inprogress_0 at position 0
2024-09-15 02:32:25,264 [s2@group-39FE727B82F7-SegmentedRaftLogWorker] INFO  segmented.BufferedWriteChannel (BufferedWriteChannel.java:open(61)) - open log_inprogress_0 at position 0
2024-09-15 02:32:25,268 [s0@group-39FE727B82F7-SegmentedRaftLogWorker] INFO  segmented.SegmentedRaftLogWorker (SegmentedRaftLogWorker.java:execute(660)) - s0@group-39FE727B82F7-SegmentedRaftLogWorker: created new log segment /home/runner/work/ratis/ratis/ratis-test/target/test/data/bb653c4b/MiniRaftClusterWithGrpcb514da3f/s0/101a0d2d-f21a-48ca-842f-39fe727b82f7/current/log_inprogress_0
2024-09-15 02:32:25,275 [s1@group-39FE727B82F7-SegmentedRaftLogWorker] INFO  segmented.SegmentedRaftLogWorker (SegmentedRaftLogWorker.java:execute(660)) - s1@group-39FE727B82F7-SegmentedRaftLogWorker: created new log segment /home/runner/work/ratis/ratis/ratis-test/target/test/data/bb653c4b/MiniRaftClusterWithGrpcb514da3f/s1/101a0d2d-f21a-48ca-842f-39fe727b82f7/current/log_inprogress_0
2024-09-15 02:32:25,276 [s2@group-39FE727B82F7-SegmentedRaftLogWorker] INFO  segmented.SegmentedRaftLogWorker (SegmentedRaftLogWorker.java:execute(660)) - s2@group-39FE727B82F7-SegmentedRaftLogWorker: created new log segment /home/runner/work/ratis/ratis/ratis-test/target/test/data/bb653c4b/MiniRaftClusterWithGrpcb514da3f/s2/101a0d2d-f21a-48ca-842f-39fe727b82f7/current/log_inprogress_0
2024-09-15 02:32:25,277 [s0@group-39FE727B82F7-StateMachineUpdater] TRACE util.FileUtils (LogUtils.java:supplyAndLog(69)) - Successfully supplied FileChannel.open /home/runner/work/ratis/ratis/ratis-test/target/test/data/bb653c4b/MiniRaftClusterWithGrpcb514da3f/s0/101a0d2d-f21a-48ca-842f-39fe727b82f7/current/raft-meta.conf.tmp with options [CREATE, WRITE]: sun.nio.ch.FileChannelImpl@6c7a80ef
2024-09-15 02:32:25,278 [s0@group-39FE727B82F7-StateMachineUpdater] TRACE util.FileUtils (LogUtils.java:runAndLog(49)) - Successfully ran Atomic Files.move /home/runner/work/ratis/ratis/ratis-test/target/test/data/bb653c4b/MiniRaftClusterWithGrpcb514da3f/s0/101a0d2d-f21a-48ca-842f-39fe727b82f7/current/raft-meta.conf.tmp to /home/runner/work/ratis/ratis/ratis-test/target/test/data/bb653c4b/MiniRaftClusterWithGrpcb514da3f/s0/101a0d2d-f21a-48ca-842f-39fe727b82f7/current/raft-meta.conf with options [REPLACE_EXISTING]
2024-09-15 02:32:25,278 [s0@group-39FE727B82F7-StateMachineUpdater] INFO  server.RaftServer$Division (LeaderStateImpl.java:checkStartIndex(317)) - Leader s0@group-39FE727B82F7-LeaderStateImpl is ready since appliedIndex == startIndex == 0
2024-09-15 02:32:25,355 [s1@group-39FE727B82F7-StateMachineUpdater] TRACE util.FileUtils (LogUtils.java:supplyAndLog(69)) - Successfully supplied FileChannel.open /home/runner/work/ratis/ratis/ratis-test/target/test/data/bb653c4b/MiniRaftClusterWithGrpcb514da3f/s1/101a0d2d-f21a-48ca-842f-39fe727b82f7/current/raft-meta.conf.tmp with options [CREATE, WRITE]: sun.nio.ch.FileChannelImpl@ea4a1ff
2024-09-15 02:32:25,355 [s2@group-39FE727B82F7-StateMachineUpdater] TRACE util.FileUtils (LogUtils.java:supplyAndLog(69)) - Successfully supplied FileChannel.open /home/runner/work/ratis/ratis/ratis-test/target/test/data/bb653c4b/MiniRaftClusterWithGrpcb514da3f/s2/101a0d2d-f21a-48ca-842f-39fe727b82f7/current/raft-meta.conf.tmp with options [CREATE, WRITE]: sun.nio.ch.FileChannelImpl@2d0de2d7
2024-09-15 02:32:25,356 [s2@group-39FE727B82F7-StateMachineUpdater] TRACE util.FileUtils (LogUtils.java:runAndLog(49)) - Successfully ran Atomic Files.move /home/runner/work/ratis/ratis/ratis-test/target/test/data/bb653c4b/MiniRaftClusterWithGrpcb514da3f/s2/101a0d2d-f21a-48ca-842f-39fe727b82f7/current/raft-meta.conf.tmp to /home/runner/work/ratis/ratis/ratis-test/target/test/data/bb653c4b/MiniRaftClusterWithGrpcb514da3f/s2/101a0d2d-f21a-48ca-842f-39fe727b82f7/current/raft-meta.conf with options [REPLACE_EXISTING]
2024-09-15 02:32:25,357 [s1@group-39FE727B82F7-StateMachineUpdater] TRACE util.FileUtils (LogUtils.java:runAndLog(49)) - Successfully ran Atomic Files.move /home/runner/work/ratis/ratis/ratis-test/target/test/data/bb653c4b/MiniRaftClusterWithGrpcb514da3f/s1/101a0d2d-f21a-48ca-842f-39fe727b82f7/current/raft-meta.conf.tmp to /home/runner/work/ratis/ratis/ratis-test/target/test/data/bb653c4b/MiniRaftClusterWithGrpcb514da3f/s1/101a0d2d-f21a-48ca-842f-39fe727b82f7/current/raft-meta.conf with options [REPLACE_EXISTING]
2024-09-15 02:32:25,491 [main] INFO  ratis.RaftTestUtil (RaftTestUtil.java:waitForLeader(131)) - printing ALL groups
  s0:  RUNNING    LEADER s0@group-39FE727B82F7:t1, leader=s0, voted=s0, raftlog=Memoized:s0@group-39FE727B82F7-SegmentedRaftLog:OPENED:c0:last(t:1, i:0), conf=conf: {index: 0, cur=peers:[s0|localhost:15012, s1|localhost:15016, s2|localhost:15020]|listeners:[], old=null} RUNNING
  s1:  RUNNING  FOLLOWER s1@group-39FE727B82F7:t1, leader=s0, voted=s0, raftlog=Memoized:s1@group-39FE727B82F7-SegmentedRaftLog:OPENED:c0:last(t:1, i:0), conf=conf: {index: 0, cur=peers:[s0|localhost:15012, s1|localhost:15016, s2|localhost:15020]|listeners:[], old=null} RUNNING
  s2:  RUNNING  FOLLOWER s2@group-39FE727B82F7:t1, leader=s0, voted=s0, raftlog=Memoized:s2@group-39FE727B82F7-SegmentedRaftLog:OPENED:c0:last(t:1, i:0), conf=conf: {index: 0, cur=peers:[s0|localhost:15012, s1|localhost:15016, s2|localhost:15020]|listeners:[], old=null} RUNNING
2024-09-15 02:32:25,500 [s0@group-39FE727B82F7-StateMachineUpdater] INFO  impl.SimpleStateMachine4Testing (SimpleStateMachine4Testing.java:applyTransaction(251)) - applyTransaction for log index 1
2024-09-15 02:32:25,500 [s0@group-39FE727B82F7-StateMachineUpdater] INFO  impl.SimpleStateMachine4Testing (SimpleStateMachine4Testing.java:put(207)) - s0: put 1, m0 -> (t:1, i:1), STATEMACHINELOGENTRY, WRITE: logData.size=2, stateMachineData.size=17, logEntryProtoSerializedSize=0
2024-09-15 02:32:25,503 [s2@group-39FE727B82F7-StateMachineUpdater] INFO  impl.SimpleStateMachine4Testing (SimpleStateMachine4Testing.java:applyTransaction(251)) - applyTransaction for log index 1
2024-09-15 02:32:25,503 [s1@group-39FE727B82F7-StateMachineUpdater] INFO  impl.SimpleStateMachine4Testing (SimpleStateMachine4Testing.java:applyTransaction(251)) - applyTransaction for log index 1
2024-09-15 02:32:25,503 [s1@group-39FE727B82F7-StateMachineUpdater] INFO  impl.SimpleStateMachine4Testing (SimpleStateMachine4Testing.java:put(207)) - s1: put 1, m0 -> (t:1, i:1), STATEMACHINELOGENTRY, WRITE: logData.size=2, stateMachineData.size=17, logEntryProtoSerializedSize=0
2024-09-15 02:32:25,503 [s2@group-39FE727B82F7-StateMachineUpdater] INFO  impl.SimpleStateMachine4Testing (SimpleStateMachine4Testing.java:put(207)) - s2: put 1, m0 -> (t:1, i:1), STATEMACHINELOGENTRY, WRITE: logData.size=2, stateMachineData.size=17, logEntryProtoSerializedSize=0
2024-09-15 02:32:25,507 [s0@group-39FE727B82F7-StateMachineUpdater] INFO  impl.SimpleStateMachine4Testing (SimpleStateMachine4Testing.java:applyTransaction(251)) - applyTransaction for log index 3
2024-09-15 02:32:25,507 [s0@group-39FE727B82F7-StateMachineUpdater] INFO  impl.SimpleStateMachine4Testing (SimpleStateMachine4Testing.java:put(207)) - s0: put 3, m1 -> (t:1, i:3), STATEMACHINELOGENTRY, WRITE: logData.size=2, stateMachineData.size=17, logEntryProtoSerializedSize=0
2024-09-15 02:32:25,509 [s1@group-39FE727B82F7-StateMachineUpdater] INFO  impl.SimpleStateMachine4Testing (SimpleStateMachine4Testing.java:applyTransaction(251)) - applyTransaction for log index 3
2024-09-15 02:32:25,509 [s1@group-39FE727B82F7-StateMachineUpdater] INFO  impl.SimpleStateMachine4Testing (SimpleStateMachine4Testing.java:put(207)) - s1: put 3, m1 -> (t:1, i:3), STATEMACHINELOGENTRY, WRITE: logData.size=2, stateMachineData.size=17, logEntryProtoSerializedSize=0
2024-09-15 02:32:25,511 [s2@group-39FE727B82F7-StateMachineUpdater] INFO  impl.SimpleStateMachine4Testing (SimpleStateMachine4Testing.java:applyTransaction(251)) - applyTransaction for log index 3
2024-09-15 02:32:25,511 [s2@group-39FE727B82F7-StateMachineUpdater] INFO  impl.SimpleStateMachine4Testing (SimpleStateMachine4Testing.java:put(207)) - s2: put 3, m1 -> (t:1, i:3), STATEMACHINELOGENTRY, WRITE: logData.size=2, stateMachineData.size=17, logEntryProtoSerializedSize=0
2024-09-15 02:32:25,514 [s0@group-39FE727B82F7-StateMachineUpdater] INFO  impl.SimpleStateMachine4Testing (SimpleStateMachine4Testing.java:applyTransaction(251)) - applyTransaction for log index 5
2024-09-15 02:32:25,514 [s0@group-39FE727B82F7-StateMachineUpdater] INFO  impl.SimpleStateMachine4Testing (SimpleStateMachine4Testing.java:put(207)) - s0: put 5, m2 -> (t:1, i:5), STATEMACHINELOGENTRY, WRITE: logData.size=2, stateMachineData.size=17, logEntryProtoSerializedSize=0
2024-09-15 02:32:25,517 [s1@group-39FE727B82F7-StateMachineUpdater] INFO  impl.SimpleStateMachine4Testing (SimpleStateMachine4Testing.java:applyTransaction(251)) - applyTransaction for log index 5
2024-09-15 02:32:25,517 [s1@group-39FE727B82F7-StateMachineUpdater] INFO  impl.SimpleStateMachine4Testing (SimpleStateMachine4Testing.java:put(207)) - s1: put 5, m2 -> (t:1, i:5), STATEMACHINELOGENTRY, WRITE: logData.size=2, stateMachineData.size=17, logEntryProtoSerializedSize=0
2024-09-15 02:32:25,519 [s2@group-39FE727B82F7-StateMachineUpdater] INFO  impl.SimpleStateMachine4Testing (SimpleStateMachine4Testing.java:applyTransaction(251)) - applyTransaction for log index 5
2024-09-15 02:32:25,520 [s0@group-39FE727B82F7-StateMachineUpdater] INFO  impl.SimpleStateMachine4Testing (SimpleStateMachine4Testing.java:applyTransaction(251)) - applyTransaction for log index 7
2024-09-15 02:32:25,520 [s0@group-39FE727B82F7-StateMachineUpdater] INFO  impl.SimpleStateMachine4Testing (SimpleStateMachine4Testing.java:put(207)) - s0: put 7, m3 -> (t:1, i:7), STATEMACHINELOGENTRY, WRITE: logData.size=2, stateMachineData.size=17, logEntryProtoSerializedSize=0
2024-09-15 02:32:25,520 [s2@group-39FE727B82F7-StateMachineUpdater] INFO  impl.SimpleStateMachine4Testing (SimpleStateMachine4Testing.java:put(207)) - s2: put 5, m2 -> (t:1, i:5), STATEMACHINELOGENTRY, WRITE: logData.size=2, stateMachineData.size=17, logEntryProtoSerializedSize=0
2024-09-15 02:32:25,522 [s2@group-39FE727B82F7-StateMachineUpdater] INFO  impl.SimpleStateMachine4Testing (SimpleStateMachine4Testing.java:applyTransaction(251)) - applyTransaction for log index 7
2024-09-15 02:32:25,523 [s2@group-39FE727B82F7-StateMachineUpdater] INFO  impl.SimpleStateMachine4Testing (SimpleStateMachine4Testing.java:put(207)) - s2: put 7, m3 -> (t:1, i:7), STATEMACHINELOGENTRY, WRITE: logData.size=2, stateMachineData.size=17, logEntryProtoSerializedSize=0
2024-09-15 02:32:25,523 [s1@group-39FE727B82F7-StateMachineUpdater] INFO  impl.SimpleStateMachine4Testing (SimpleStateMachine4Testing.java:applyTransaction(251)) - applyTransaction for log index 7
2024-09-15 02:32:25,523 [s1@group-39FE727B82F7-StateMachineUpdater] INFO  impl.SimpleStateMachine4Testing (SimpleStateMachine4Testing.java:put(207)) - s1: put 7, m3 -> (t:1, i:7), STATEMACHINELOGENTRY, WRITE: logData.size=2, stateMachineData.size=17, logEntryProtoSerializedSize=0
2024-09-15 02:32:25,525 [s0@group-39FE727B82F7-StateMachineUpdater] INFO  impl.SimpleStateMachine4Testing (SimpleStateMachine4Testing.java:applyTransaction(251)) - applyTransaction for log index 9
2024-09-15 02:32:25,525 [s0@group-39FE727B82F7-StateMachineUpdater] INFO  impl.SimpleStateMachine4Testing (SimpleStateMachine4Testing.java:put(207)) - s0: put 9, m4 -> (t:1, i:9), STATEMACHINELOGENTRY, WRITE: logData.size=2, stateMachineData.size=17, logEntryProtoSerializedSize=0
2024-09-15 02:32:25,526 [s1@group-39FE727B82F7-StateMachineUpdater] INFO  impl.SimpleStateMachine4Testing (SimpleStateMachine4Testing.java:applyTransaction(251)) - applyTransaction for log index 9
2024-09-15 02:32:25,526 [s1@group-39FE727B82F7-StateMachineUpdater] INFO  impl.SimpleStateMachine4Testing (SimpleStateMachine4Testing.java:put(207)) - s1: put 9, m4 -> (t:1, i:9), STATEMACHINELOGENTRY, WRITE: logData.size=2, stateMachineData.size=17, logEntryProtoSerializedSize=0
2024-09-15 02:32:25,526 [s2@group-39FE727B82F7-StateMachineUpdater] INFO  impl.SimpleStateMachine4Testing (SimpleStateMachine4Testing.java:applyTransaction(251)) - applyTransaction for log index 9
2024-09-15 02:32:25,526 [s2@group-39FE727B82F7-StateMachineUpdater] INFO  impl.SimpleStateMachine4Testing (SimpleStateMachine4Testing.java:put(207)) - s2: put 9, m4 -> (t:1, i:9), STATEMACHINELOGENTRY, WRITE: logData.size=2, stateMachineData.size=17, logEntryProtoSerializedSize=0
2024-09-15 02:32:25,530 [s0@group-39FE727B82F7-StateMachineUpdater] INFO  impl.SimpleStateMachine4Testing (SimpleStateMachine4Testing.java:applyTransaction(251)) - applyTransaction for log index 11
2024-09-15 02:32:25,530 [s0@group-39FE727B82F7-StateMachineUpdater] INFO  impl.SimpleStateMachine4Testing (SimpleStateMachine4Testing.java:put(207)) - s0: put 11, m5 -> (t:1, i:11), STATEMACHINELOGENTRY, WRITE: logData.size=2, stateMachineData.size=17, logEntryProtoSerializedSize=0
2024-09-15 02:32:25,531 [s2@group-39FE727B82F7-StateMachineUpdater] INFO  impl.SimpleStateMachine4Testing (SimpleStateMachine4Testing.java:applyTransaction(251)) - applyTransaction for log index 11
2024-09-15 02:32:25,531 [s2@group-39FE727B82F7-StateMachineUpdater] INFO  impl.SimpleStateMachine4Testing (SimpleStateMachine4Testing.java:put(207)) - s2: put 11, m5 -> (t:1, i:11), STATEMACHINELOGENTRY, WRITE: logData.size=2, stateMachineData.size=17, logEntryProtoSerializedSize=0
2024-09-15 02:32:25,533 [s1@group-39FE727B82F7-StateMachineUpdater] INFO  impl.SimpleStateMachine4Testing (SimpleStateMachine4Testing.java:applyTransaction(251)) - applyTransaction for log index 11
2024-09-15 02:32:25,533 [s1@group-39FE727B82F7-StateMachineUpdater] INFO  impl.SimpleStateMachine4Testing (SimpleStateMachine4Testing.java:put(207)) - s1: put 11, m5 -> (t:1, i:11), STATEMACHINELOGENTRY, WRITE: logData.size=2, stateMachineData.size=17, logEntryProtoSerializedSize=0
2024-09-15 02:32:25,535 [s0@group-39FE727B82F7-StateMachineUpdater] INFO  impl.SimpleStateMachine4Testing (SimpleStateMachine4Testing.java:applyTransaction(251)) - applyTransaction for log index 13
2024-09-15 02:32:25,535 [s0@group-39FE727B82F7-StateMachineUpdater] INFO  impl.SimpleStateMachine4Testing (SimpleStateMachine4Testing.java:put(207)) - s0: put 13, m6 -> (t:1, i:13), STATEMACHINELOGENTRY, WRITE: logData.size=2, stateMachineData.size=17, logEntryProtoSerializedSize=0
2024-09-15 02:32:25,536 [s1@group-39FE727B82F7-StateMachineUpdater] INFO  impl.SimpleStateMachine4Testing (SimpleStateMachine4Testing.java:applyTransaction(251)) - applyTransaction for log index 13
2024-09-15 02:32:25,536 [s1@group-39FE727B82F7-StateMachineUpdater] INFO  impl.SimpleStateMachine4Testing (SimpleStateMachine4Testing.java:put(207)) - s1: put 13, m6 -> (t:1, i:13), STATEMACHINELOGENTRY, WRITE: logData.size=2, stateMachineData.size=17, logEntryProtoSerializedSize=0
2024-09-15 02:32:25,539 [s2@group-39FE727B82F7-StateMachineUpdater] INFO  impl.SimpleStateMachine4Testing (SimpleStateMachine4Testing.java:applyTransaction(251)) - applyTransaction for log index 13
2024-09-15 02:32:25,539 [s2@group-39FE727B82F7-StateMachineUpdater] INFO  impl.SimpleStateMachine4Testing (SimpleStateMachine4Testing.java:put(207)) - s2: put 13, m6 -> (t:1, i:13), STATEMACHINELOGENTRY, WRITE: logData.size=2, stateMachineData.size=17, logEntryProtoSerializedSize=0
2024-09-15 02:32:25,540 [s0@group-39FE727B82F7-StateMachineUpdater] INFO  impl.SimpleStateMachine4Testing (SimpleStateMachine4Testing.java:applyTransaction(251)) - applyTransaction for log index 15
2024-09-15 02:32:25,540 [s0@group-39FE727B82F7-StateMachineUpdater] INFO  impl.SimpleStateMachine4Testing (SimpleStateMachine4Testing.java:put(207)) - s0: put 15, m7 -> (t:1, i:15), STATEMACHINELOGENTRY, WRITE: logData.size=2, stateMachineData.size=17, logEntryProtoSerializedSize=0
2024-09-15 02:32:25,542 [s1@group-39FE727B82F7-StateMachineUpdater] INFO  impl.SimpleStateMachine4Testing (SimpleStateMachine4Testing.java:applyTransaction(251)) - applyTransaction for log index 15
2024-09-15 02:32:25,542 [s1@group-39FE727B82F7-StateMachineUpdater] INFO  impl.SimpleStateMachine4Testing (SimpleStateMachine4Testing.java:put(207)) - s1: put 15, m7 -> (t:1, i:15), STATEMACHINELOGENTRY, WRITE: logData.size=2, stateMachineData.size=17, logEntryProtoSerializedSize=0
2024-09-15 02:32:25,543 [s2@group-39FE727B82F7-StateMachineUpdater] INFO  impl.SimpleStateMachine4Testing (SimpleStateMachine4Testing.java:applyTransaction(251)) - applyTransaction for log index 15
2024-09-15 02:32:25,543 [s2@group-39FE727B82F7-StateMachineUpdater] INFO  impl.SimpleStateMachine4Testing (SimpleStateMachine4Testing.java:put(207)) - s2: put 15, m7 -> (t:1, i:15), STATEMACHINELOGENTRY, WRITE: logData.size=2, stateMachineData.size=17, logEntryProtoSerializedSize=0
2024-09-15 02:32:25,546 [s0@group-39FE727B82F7-StateMachineUpdater] INFO  impl.SimpleStateMachine4Testing (SimpleStateMachine4Testing.java:applyTransaction(251)) - applyTransaction for log index 17
2024-09-15 02:32:25,546 [s0@group-39FE727B82F7-StateMachineUpdater] INFO  impl.SimpleStateMachine4Testing (SimpleStateMachine4Testing.java:put(207)) - s0: put 17, m8 -> (t:1, i:17), STATEMACHINELOGENTRY, WRITE: logData.size=2, stateMachineData.size=17, logEntryProtoSerializedSize=0
2024-09-15 02:32:25,547 [s1@group-39FE727B82F7-StateMachineUpdater] INFO  impl.SimpleStateMachine4Testing (SimpleStateMachine4Testing.java:applyTransaction(251)) - applyTransaction for log index 17
2024-09-15 02:32:25,547 [s1@group-39FE727B82F7-StateMachineUpdater] INFO  impl.SimpleStateMachine4Testing (SimpleStateMachine4Testing.java:put(207)) - s1: put 17, m8 -> (t:1, i:17), STATEMACHINELOGENTRY, WRITE: logData.size=2, stateMachineData.size=17, logEntryProtoSerializedSize=0
2024-09-15 02:32:25,548 [s2@group-39FE727B82F7-StateMachineUpdater] INFO  impl.SimpleStateMachine4Testing (SimpleStateMachine4Testing.java:applyTransaction(251)) - applyTransaction for log index 17
2024-09-15 02:32:25,548 [s2@group-39FE727B82F7-StateMachineUpdater] INFO  impl.SimpleStateMachine4Testing (SimpleStateMachine4Testing.java:put(207)) - s2: put 17, m8 -> (t:1, i:17), STATEMACHINELOGENTRY, WRITE: logData.size=2, stateMachineData.size=17, logEntryProtoSerializedSize=0
2024-09-15 02:32:25,550 [s0@group-39FE727B82F7-StateMachineUpdater] INFO  impl.SimpleStateMachine4Testing (SimpleStateMachine4Testing.java:applyTransaction(251)) - applyTransaction for log index 19
2024-09-15 02:32:25,550 [s0@group-39FE727B82F7-StateMachineUpdater] INFO  impl.SimpleStateMachine4Testing (SimpleStateMachine4Testing.java:put(207)) - s0: put 19, m9 -> (t:1, i:19), STATEMACHINELOGENTRY, WRITE: logData.size=2, stateMachineData.size=17, logEntryProtoSerializedSize=0
2024-09-15 02:32:25,552 [s1@group-39FE727B82F7-StateMachineUpdater] INFO  impl.SimpleStateMachine4Testing (SimpleStateMachine4Testing.java:applyTransaction(251)) - applyTransaction for log index 19
2024-09-15 02:32:25,552 [s1@group-39FE727B82F7-StateMachineUpdater] INFO  impl.SimpleStateMachine4Testing (SimpleStateMachine4Testing.java:put(207)) - s1: put 19, m9 -> (t:1, i:19), STATEMACHINELOGENTRY, WRITE: logData.size=2, stateMachineData.size=17, logEntryProtoSerializedSize=0
2024-09-15 02:32:25,554 [s2@group-39FE727B82F7-StateMachineUpdater] INFO  impl.SimpleStateMachine4Testing (SimpleStateMachine4Testing.java:applyTransaction(251)) - applyTransaction for log index 19
2024-09-15 02:32:25,555 [s2@group-39FE727B82F7-StateMachineUpdater] INFO  impl.SimpleStateMachine4Testing (SimpleStateMachine4Testing.java:put(207)) - s2: put 19, m9 -> (t:1, i:19), STATEMACHINELOGENTRY, WRITE: logData.size=2, stateMachineData.size=17, logEntryProtoSerializedSize=0
2024-09-15 02:32:25,555 [s0@group-39FE727B82F7-StateMachineUpdater] INFO  impl.SimpleStateMachine4Testing (SimpleStateMachine4Testing.java:applyTransaction(251)) - applyTransaction for log index 21
2024-09-15 02:32:25,556 [s0@group-39FE727B82F7-StateMachineUpdater] INFO  impl.SimpleStateMachine4Testing (SimpleStateMachine4Testing.java:put(207)) - s0: put 21, m10 -> (t:1, i:21), STATEMACHINELOGENTRY, WRITE: logData.size=3, stateMachineData.size=17, logEntryProtoSerializedSize=0
2024-09-15 02:32:25,558 [s1@group-39FE727B82F7-StateMachineUpdater] INFO  impl.SimpleStateMachine4Testing (SimpleStateMachine4Testing.java:applyTransaction(251)) - applyTransaction for log index 21
2024-09-15 02:32:25,558 [s1@group-39FE727B82F7-StateMachineUpdater] INFO  impl.SimpleStateMachine4Testing (SimpleStateMachine4Testing.java:put(207)) - s1: put 21, m10 -> (t:1, i:21), STATEMACHINELOGENTRY, WRITE: logData.size=3, stateMachineData.size=17, logEntryProtoSerializedSize=0
2024-09-15 02:32:25,561 [s2@group-39FE727B82F7-StateMachineUpdater] INFO  impl.SimpleStateMachine4Testing (SimpleStateMachine4Testing.java:applyTransaction(251)) - applyTransaction for log index 21
2024-09-15 02:32:25,561 [s2@group-39FE727B82F7-StateMachineUpdater] INFO  impl.SimpleStateMachine4Testing (SimpleStateMachine4Testing.java:put(207)) - s2: put 21, m10 -> (t:1, i:21), STATEMACHINELOGENTRY, WRITE: logData.size=3, stateMachineData.size=17, logEntryProtoSerializedSize=0
2024-09-15 02:32:25,562 [s0@group-39FE727B82F7-StateMachineUpdater] INFO  impl.SimpleStateMachine4Testing (SimpleStateMachine4Testing.java:applyTransaction(251)) - applyTransaction for log index 23
2024-09-15 02:32:25,562 [s0@group-39FE727B82F7-StateMachineUpdater] INFO  impl.SimpleStateMachine4Testing (SimpleStateMachine4Testing.java:put(207)) - s0: put 23, m11 -> (t:1, i:23), STATEMACHINELOGENTRY, WRITE: logData.size=3, stateMachineData.size=17, logEntryProtoSerializedSize=0
2024-09-15 02:32:25,563 [s1@group-39FE727B82F7-StateMachineUpdater] INFO  impl.SimpleStateMachine4Testing (SimpleStateMachine4Testing.java:applyTransaction(251)) - applyTransaction for log index 23
2024-09-15 02:32:25,563 [s1@group-39FE727B82F7-StateMachineUpdater] INFO  impl.SimpleStateMachine4Testing (SimpleStateMachine4Testing.java:put(207)) - s1: put 23, m11 -> (t:1, i:23), STATEMACHINELOGENTRY, WRITE: logData.size=3, stateMachineData.size=17, logEntryProtoSerializedSize=0
2024-09-15 02:32:25,565 [s2@group-39FE727B82F7-StateMachineUpdater] INFO  impl.SimpleStateMachine4Testing (SimpleStateMachine4Testing.java:applyTransaction(251)) - applyTransaction for log index 23
2024-09-15 02:32:25,565 [s2@group-39FE727B82F7-StateMachineUpdater] INFO  impl.SimpleStateMachine4Testing (SimpleStateMachine4Testing.java:put(207)) - s2: put 23, m11 -> (t:1, i:23), STATEMACHINELOGENTRY, WRITE: logData.size=3, stateMachineData.size=17, logEntryProtoSerializedSize=0
2024-09-15 02:32:25,569 [s0@group-39FE727B82F7-StateMachineUpdater] INFO  impl.SimpleStateMachine4Testing (SimpleStateMachine4Testing.java:applyTransaction(251)) - applyTransaction for log index 25
2024-09-15 02:32:25,569 [s0@group-39FE727B82F7-StateMachineUpdater] INFO  impl.SimpleStateMachine4Testing (SimpleStateMachine4Testing.java:put(207)) - s0: put 25, m12 -> (t:1, i:25), STATEMACHINELOGENTRY, WRITE: logData.size=3, stateMachineData.size=17, logEntryProtoSerializedSize=0
2024-09-15 02:32:25,570 [s2@group-39FE727B82F7-StateMachineUpdater] INFO  impl.SimpleStateMachine4Testing (SimpleStateMachine4Testing.java:applyTransaction(251)) - applyTransaction for log index 25
2024-09-15 02:32:25,570 [s2@group-39FE727B82F7-StateMachineUpdater] INFO  impl.SimpleStateMachine4Testing (SimpleStateMachine4Testing.java:put(207)) - s2: put 25, m12 -> (t:1, i:25), STATEMACHINELOGENTRY, WRITE: logData.size=3, stateMachineData.size=17, logEntryProtoSerializedSize=0
2024-09-15 02:32:25,571 [s1@group-39FE727B82F7-StateMachineUpdater] INFO  impl.SimpleStateMachine4Testing (SimpleStateMachine4Testing.java:applyTransaction(251)) - applyTransaction for log index 25
2024-09-15 02:32:25,571 [s1@group-39FE727B82F7-StateMachineUpdater] INFO  impl.SimpleStateMachine4Testing (SimpleStateMachine4Testing.java:put(207)) - s1: put 25, m12 -> (t:1, i:25), STATEMACHINELOGENTRY, WRITE: logData.size=3, stateMachineData.size=17, logEntryProtoSerializedSize=0
2024-09-15 02:32:25,577 [s0@group-39FE727B82F7-StateMachineUpdater] INFO  impl.SimpleStateMachine4Testing (SimpleStateMachine4Testing.java:applyTransaction(251)) - applyTransaction for log index 27
2024-09-15 02:32:25,577 [s0@group-39FE727B82F7-StateMachineUpdater] INFO  impl.SimpleStateMachine4Testing (SimpleStateMachine4Testing.java:put(207)) - s0: put 27, m13 -> (t:1, i:27), STATEMACHINELOGENTRY, WRITE: logData.size=3, stateMachineData.size=17, logEntryProtoSerializedSize=0
2024-09-15 02:32:25,578 [s2@group-39FE727B82F7-StateMachineUpdater] INFO  impl.SimpleStateMachine4Testing (SimpleStateMachine4Testing.java:applyTransaction(251)) - applyTransaction for log index 27
2024-09-15 02:32:25,578 [s2@group-39FE727B82F7-StateMachineUpdater] INFO  impl.SimpleStateMachine4Testing (SimpleStateMachine4Testing.java:put(207)) - s2: put 27, m13 -> (t:1, i:27), STATEMACHINELOGENTRY, WRITE: logData.size=3, stateMachineData.size=17, logEntryProtoSerializedSize=0
2024-09-15 02:32:25,579 [s1@group-39FE727B82F7-StateMachineUpdater] INFO  impl.SimpleStateMachine4Testing (SimpleStateMachine4Testing.java:applyTransaction(251)) - applyTransaction for log index 27
2024-09-15 02:32:25,579 [s1@group-39FE727B82F7-StateMachineUpdater] INFO  impl.SimpleStateMachine4Testing (SimpleStateMachine4Testing.java:put(207)) - s1: put 27, m13 -> (t:1, i:27), STATEMACHINELOGENTRY, WRITE: logData.size=3, stateMachineData.size=17, logEntryProtoSerializedSize=0
2024-09-15 02:32:25,583 [s0@group-39FE727B82F7-StateMachineUpdater] INFO  impl.SimpleStateMachine4Testing (SimpleStateMachine4Testing.java:applyTransaction(251)) - applyTransaction for log index 29
2024-09-15 02:32:25,583 [s0@group-39FE727B82F7-StateMachineUpdater] INFO  impl.SimpleStateMachine4Testing (SimpleStateMachine4Testing.java:put(207)) - s0: put 29, m14 -> (t:1, i:29), STATEMACHINELOGENTRY, WRITE: logData.size=3, stateMachineData.size=17, logEntryProtoSerializedSize=0
2024-09-15 02:32:25,584 [s2@group-39FE727B82F7-StateMachineUpdater] INFO  impl.SimpleStateMachine4Testing (SimpleStateMachine4Testing.java:applyTransaction(251)) - applyTransaction for log index 29
2024-09-15 02:32:25,585 [s2@group-39FE727B82F7-StateMachineUpdater] INFO  impl.SimpleStateMachine4Testing (SimpleStateMachine4Testing.java:put(207)) - s2: put 29, m14 -> (t:1, i:29), STATEMACHINELOGENTRY, WRITE: logData.size=3, stateMachineData.size=17, logEntryProtoSerializedSize=0
2024-09-15 02:32:25,586 [s1@group-39FE727B82F7-StateMachineUpdater] INFO  impl.SimpleStateMachine4Testing (SimpleStateMachine4Testing.java:applyTransaction(251)) - applyTransaction for log index 29
2024-09-15 02:32:25,586 [s1@group-39FE727B82F7-StateMachineUpdater] INFO  impl.SimpleStateMachine4Testing (SimpleStateMachine4Testing.java:put(207)) - s1: put 29, m14 -> (t:1, i:29), STATEMACHINELOGENTRY, WRITE: logData.size=3, stateMachineData.size=17, logEntryProtoSerializedSize=0
2024-09-15 02:32:25,589 [s0@group-39FE727B82F7-StateMachineUpdater] INFO  impl.SimpleStateMachine4Testing (SimpleStateMachine4Testing.java:applyTransaction(251)) - applyTransaction for log index 31
2024-09-15 02:32:25,589 [s0@group-39FE727B82F7-StateMachineUpdater] INFO  impl.SimpleStateMachine4Testing (SimpleStateMachine4Testing.java:put(207)) - s0: put 31, m15 -> (t:1, i:31), STATEMACHINELOGENTRY, WRITE: logData.size=3, stateMachineData.size=17, logEntryProtoSerializedSize=0
2024-09-15 02:32:25,591 [s1@group-39FE727B82F7-StateMachineUpdater] INFO  impl.SimpleStateMachine4Testing (SimpleStateMachine4Testing.java:applyTransaction(251)) - applyTransaction for log index 31
2024-09-15 02:32:25,591 [s2@group-39FE727B82F7-StateMachineUpdater] INFO  impl.SimpleStateMachine4Testing (SimpleStateMachine4Testing.java:applyTransaction(251)) - applyTransaction for log index 31
2024-09-15 02:32:25,591 [s1@group-39FE727B82F7-StateMachineUpdater] INFO  impl.SimpleStateMachine4Testing (SimpleStateMachine4Testing.java:put(207)) - s1: put 31, m15 -> (t:1, i:31), STATEMACHINELOGENTRY, WRITE: logData.size=3, stateMachineData.size=17, logEntryProtoSerializedSize=0
2024-09-15 02:32:25,591 [s2@group-39FE727B82F7-StateMachineUpdater] INFO  impl.SimpleStateMachine4Testing (SimpleStateMachine4Testing.java:put(207)) - s2: put 31, m15 -> (t:1, i:31), STATEMACHINELOGENTRY, WRITE: logData.size=3, stateMachineData.size=17, logEntryProtoSerializedSize=0
2024-09-15 02:32:25,593 [s0@group-39FE727B82F7-StateMachineUpdater] INFO  impl.SimpleStateMachine4Testing (SimpleStateMachine4Testing.java:applyTransaction(251)) - applyTransaction for log index 33
2024-09-15 02:32:25,593 [s0@group-39FE727B82F7-StateMachineUpdater] INFO  impl.SimpleStateMachine4Testing (SimpleStateMachine4Testing.java:put(207)) - s0: put 33, m16 -> (t:1, i:33), STATEMACHINELOGENTRY, WRITE: logData.size=3, stateMachineData.size=17, logEntryProtoSerializedSize=0
2024-09-15 02:32:25,595 [s1@group-39FE727B82F7-StateMachineUpdater] INFO  impl.SimpleStateMachine4Testing (SimpleStateMachine4Testing.java:applyTransaction(251)) - applyTransaction for log index 33
2024-09-15 02:32:25,595 [s1@group-39FE727B82F7-StateMachineUpdater] INFO  impl.SimpleStateMachine4Testing (SimpleStateMachine4Testing.java:put(207)) - s1: put 33, m16 -> (t:1, i:33), STATEMACHINELOGENTRY, WRITE: logData.size=3, stateMachineData.size=17, logEntryProtoSerializedSize=0
2024-09-15 02:32:25,595 [s2@group-39FE727B82F7-StateMachineUpdater] INFO  impl.SimpleStateMachine4Testing (SimpleStateMachine4Testing.java:applyTransaction(251)) - applyTransaction for log index 33
2024-09-15 02:32:25,595 [s2@group-39FE727B82F7-StateMachineUpdater] INFO  impl.SimpleStateMachine4Testing (SimpleStateMachine4Testing.java:put(207)) - s2: put 33, m16 -> (t:1, i:33), STATEMACHINELOGENTRY, WRITE: logData.size=3, stateMachineData.size=17, logEntryProtoSerializedSize=0
2024-09-15 02:32:25,605 [s0@group-39FE727B82F7-StateMachineUpdater] INFO  impl.SimpleStateMachine4Testing (SimpleStateMachine4Testing.java:applyTransaction(251)) - applyTransaction for log index 35
2024-09-15 02:32:25,605 [s0@group-39FE727B82F7-StateMachineUpdater] INFO  impl.SimpleStateMachine4Testing (SimpleStateMachine4Testing.java:put(207)) - s0: put 35, m17 -> (t:1, i:35), STATEMACHINELOGENTRY, WRITE: logData.size=3, stateMachineData.size=17, logEntryProtoSerializedSize=0
2024-09-15 02:32:25,606 [s1@group-39FE727B82F7-StateMachineUpdater] INFO  impl.SimpleStateMachine4Testing (SimpleStateMachine4Testing.java:applyTransaction(251)) - applyTransaction for log index 35
2024-09-15 02:32:25,607 [s1@group-39FE727B82F7-StateMachineUpdater] INFO  impl.SimpleStateMachine4Testing (SimpleStateMachine4Testing.java:put(207)) - s1: put 35, m17 -> (t:1, i:35), STATEMACHINELOGENTRY, WRITE: logData.size=3, stateMachineData.size=17, logEntryProtoSerializedSize=0
2024-09-15 02:32:25,607 [s2@group-39FE727B82F7-StateMachineUpdater] INFO  impl.SimpleStateMachine4Testing (SimpleStateMachine4Testing.java:applyTransaction(251)) - applyTransaction for log index 35
2024-09-15 02:32:25,608 [s2@group-39FE727B82F7-StateMachineUpdater] INFO  impl.SimpleStateMachine4Testing (SimpleStateMachine4Testing.java:put(207)) - s2: put 35, m17 -> (t:1, i:35), STATEMACHINELOGENTRY, WRITE: logData.size=3, stateMachineData.size=17, logEntryProtoSerializedSize=0
2024-09-15 02:32:25,610 [s0@group-39FE727B82F7-StateMachineUpdater] INFO  impl.SimpleStateMachine4Testing (SimpleStateMachine4Testing.java:applyTransaction(251)) - applyTransaction for log index 37
2024-09-15 02:32:25,610 [s0@group-39FE727B82F7-StateMachineUpdater] INFO  impl.SimpleStateMachine4Testing (SimpleStateMachine4Testing.java:put(207)) - s0: put 37, m18 -> (t:1, i:37), STATEMACHINELOGENTRY, WRITE: logData.size=3, stateMachineData.size=17, logEntryProtoSerializedSize=0
2024-09-15 02:32:25,611 [s2@group-39FE727B82F7-StateMachineUpdater] INFO  impl.SimpleStateMachine4Testing (SimpleStateMachine4Testing.java:applyTransaction(251)) - applyTransaction for log index 37
2024-09-15 02:32:25,611 [s2@group-39FE727B82F7-StateMachineUpdater] INFO  impl.SimpleStateMachine4Testing (SimpleStateMachine4Testing.java:put(207)) - s2: put 37, m18 -> (t:1, i:37), STATEMACHINELOGENTRY, WRITE: logData.size=3, stateMachineData.size=17, logEntryProtoSerializedSize=0
2024-09-15 02:32:25,612 [s1@group-39FE727B82F7-StateMachineUpdater] INFO  impl.SimpleStateMachine4Testing (SimpleStateMachine4Testing.java:applyTransaction(251)) - applyTransaction for log index 37
2024-09-15 02:32:25,612 [s1@group-39FE727B82F7-StateMachineUpdater] INFO  impl.SimpleStateMachine4Testing (SimpleStateMachine4Testing.java:put(207)) - s1: put 37, m18 -> (t:1, i:37), STATEMACHINELOGENTRY, WRITE: logData.size=3, stateMachineData.size=17, logEntryProtoSerializedSize=0
2024-09-15 02:32:25,615 [s0@group-39FE727B82F7-StateMachineUpdater] INFO  impl.SimpleStateMachine4Testing (SimpleStateMachine4Testing.java:applyTransaction(251)) - applyTransaction for log index 39
2024-09-15 02:32:25,615 [s0@group-39FE727B82F7-StateMachineUpdater] INFO  impl.SimpleStateMachine4Testing (SimpleStateMachine4Testing.java:put(207)) - s0: put 39, m19 -> (t:1, i:39), STATEMACHINELOGENTRY, WRITE: logData.size=3, stateMachineData.size=17, logEntryProtoSerializedSize=0
2024-09-15 02:32:25,616 [s1@group-39FE727B82F7-StateMachineUpdater] INFO  impl.SimpleStateMachine4Testing (SimpleStateMachine4Testing.java:applyTransaction(251)) - applyTransaction for log index 39
2024-09-15 02:32:25,616 [s1@group-39FE727B82F7-StateMachineUpdater] INFO  impl.SimpleStateMachine4Testing (SimpleStateMachine4Testing.java:put(207)) - s1: put 39, m19 -> (t:1, i:39), STATEMACHINELOGENTRY, WRITE: logData.size=3, stateMachineData.size=17, logEntryProtoSerializedSize=0
2024-09-15 02:32:25,618 [s2@group-39FE727B82F7-StateMachineUpdater] INFO  impl.SimpleStateMachine4Testing (SimpleStateMachine4Testing.java:applyTransaction(251)) - applyTransaction for log index 39
2024-09-15 02:32:25,618 [s2@group-39FE727B82F7-StateMachineUpdater] INFO  impl.SimpleStateMachine4Testing (SimpleStateMachine4Testing.java:put(207)) - s2: put 39, m19 -> (t:1, i:39), STATEMACHINELOGENTRY, WRITE: logData.size=3, stateMachineData.size=17, logEntryProtoSerializedSize=0
2024-09-15 02:32:25,623 [s0@group-39FE727B82F7-StateMachineUpdater] INFO  impl.SimpleStateMachine4Testing (SimpleStateMachine4Testing.java:applyTransaction(251)) - applyTransaction for log index 41
2024-09-15 02:32:25,623 [s0@group-39FE727B82F7-StateMachineUpdater] INFO  impl.SimpleStateMachine4Testing (SimpleStateMachine4Testing.java:put(207)) - s0: put 41, m20 -> (t:1, i:41), STATEMACHINELOGENTRY, WRITE: logData.size=3, stateMachineData.size=17, logEntryProtoSerializedSize=0
2024-09-15 02:32:25,625 [s2@group-39FE727B82F7-StateMachineUpdater] INFO  impl.SimpleStateMachine4Testing (SimpleStateMachine4Testing.java:applyTransaction(251)) - applyTransaction for log index 41
2024-09-15 02:32:25,625 [s2@group-39FE727B82F7-StateMachineUpdater] INFO  impl.SimpleStateMachine4Testing (SimpleStateMachine4Testing.java:put(207)) - s2: put 41, m20 -> (t:1, i:41), STATEMACHINELOGENTRY, WRITE: logData.size=3, stateMachineData.size=17, logEntryProtoSerializedSize=0
2024-09-15 02:32:25,625 [s1@group-39FE727B82F7-StateMachineUpdater] INFO  impl.SimpleStateMachine4Testing (SimpleStateMachine4Testing.java:applyTransaction(251)) - applyTransaction for log index 41
2024-09-15 02:32:25,625 [s1@group-39FE727B82F7-StateMachineUpdater] INFO  impl.SimpleStateMachine4Testing (SimpleStateMachine4Testing.java:put(207)) - s1: put 41, m20 -> (t:1, i:41), STATEMACHINELOGENTRY, WRITE: logData.size=3, stateMachineData.size=17, logEntryProtoSerializedSize=0
2024-09-15 02:32:25,628 [s0@group-39FE727B82F7-StateMachineUpdater] INFO  impl.SimpleStateMachine4Testing (SimpleStateMachine4Testing.java:applyTransaction(251)) - applyTransaction for log index 43
2024-09-15 02:32:25,628 [s0@group-39FE727B82F7-StateMachineUpdater] INFO  impl.SimpleStateMachine4Testing (SimpleStateMachine4Testing.java:put(207)) - s0: put 43, m21 -> (t:1, i:43), STATEMACHINELOGENTRY, WRITE: logData.size=3, stateMachineData.size=17, logEntryProtoSerializedSize=0
2024-09-15 02:32:25,629 [s1@group-39FE727B82F7-StateMachineUpdater] INFO  impl.SimpleStateMachine4Testing (SimpleStateMachine4Testing.java:applyTransaction(251)) - applyTransaction for log index 43
2024-09-15 02:32:25,629 [s1@group-39FE727B82F7-StateMachineUpdater] INFO  impl.SimpleStateMachine4Testing (SimpleStateMachine4Testing.java:put(207)) - s1: put 43, m21 -> (t:1, i:43), STATEMACHINELOGENTRY, WRITE: logData.size=3, stateMachineData.size=17, logEntryProtoSerializedSize=0
2024-09-15 02:32:25,630 [s2@group-39FE727B82F7-StateMachineUpdater] INFO  impl.SimpleStateMachine4Testing (SimpleStateMachine4Testing.java:applyTransaction(251)) - applyTransaction for log index 43
2024-09-15 02:32:25,630 [s2@group-39FE727B82F7-StateMachineUpdater] INFO  impl.SimpleStateMachine4Testing (SimpleStateMachine4Testing.java:put(207)) - s2: put 43, m21 -> (t:1, i:43), STATEMACHINELOGENTRY, WRITE: logData.size=3, stateMachineData.size=17, logEntryProtoSerializedSize=0
2024-09-15 02:32:25,633 [s0@group-39FE727B82F7-StateMachineUpdater] INFO  impl.SimpleStateMachine4Testing (SimpleStateMachine4Testing.java:applyTransaction(251)) - applyTransaction for log index 45
2024-09-15 02:32:25,633 [s0@group-39FE727B82F7-StateMachineUpdater] INFO  impl.SimpleStateMachine4Testing (SimpleStateMachine4Testing.java:put(207)) - s0: put 45, m22 -> (t:1, i:45), STATEMACHINELOGENTRY, WRITE: logData.size=3, stateMachineData.size=17, logEntryProtoSerializedSize=0
2024-09-15 02:32:25,634 [s1@group-39FE727B82F7-StateMachineUpdater] INFO  impl.SimpleStateMachine4Testing (SimpleStateMachine4Testing.java:applyTransaction(251)) - applyTransaction for log index 45
2024-09-15 02:32:25,634 [s1@group-39FE727B82F7-StateMachineUpdater] INFO  impl.SimpleStateMachine4Testing (SimpleStateMachine4Testing.java:put(207)) - s1: put 45, m22 -> (t:1, i:45), STATEMACHINELOGENTRY, WRITE: logData.size=3, stateMachineData.size=17, logEntryProtoSerializedSize=0
2024-09-15 02:32:25,636 [s2@group-39FE727B82F7-StateMachineUpdater] INFO  impl.SimpleStateMachine4Testing (SimpleStateMachine4Testing.java:applyTransaction(251)) - applyTransaction for log index 45
2024-09-15 02:32:25,636 [s2@group-39FE727B82F7-StateMachineUpdater] INFO  impl.SimpleStateMachine4Testing (SimpleStateMachine4Testing.java:put(207)) - s2: put 45, m22 -> (t:1, i:45), STATEMACHINELOGENTRY, WRITE: logData.size=3, stateMachineData.size=17, logEntryProtoSerializedSize=0
2024-09-15 02:32:25,637 [s0@group-39FE727B82F7-StateMachineUpdater] INFO  impl.SimpleStateMachine4Testing (SimpleStateMachine4Testing.java:applyTransaction(251)) - applyTransaction for log index 47
2024-09-15 02:32:25,638 [s0@group-39FE727B82F7-StateMachineUpdater] INFO  impl.SimpleStateMachine4Testing (SimpleStateMachine4Testing.java:put(207)) - s0: put 47, m23 -> (t:1, i:47), STATEMACHINELOGENTRY, WRITE: logData.size=3, stateMachineData.size=17, logEntryProtoSerializedSize=0
2024-09-15 02:32:25,639 [s2@group-39FE727B82F7-StateMachineUpdater] INFO  impl.SimpleStateMachine4Testing (SimpleStateMachine4Testing.java:applyTransaction(251)) - applyTransaction for log index 47
2024-09-15 02:32:25,639 [s2@group-39FE727B82F7-StateMachineUpdater] INFO  impl.SimpleStateMachine4Testing (SimpleStateMachine4Testing.java:put(207)) - s2: put 47, m23 -> (t:1, i:47), STATEMACHINELOGENTRY, WRITE: logData.size=3, stateMachineData.size=17, logEntryProtoSerializedSize=0
2024-09-15 02:32:25,640 [s1@group-39FE727B82F7-StateMachineUpdater] INFO  impl.SimpleStateMachine4Testing (SimpleStateMachine4Testing.java:applyTransaction(251)) - applyTransaction for log index 47
2024-09-15 02:32:25,640 [s1@group-39FE727B82F7-StateMachineUpdater] INFO  impl.SimpleStateMachine4Testing (SimpleStateMachine4Testing.java:put(207)) - s1: put 47, m23 -> (t:1, i:47), STATEMACHINELOGENTRY, WRITE: logData.size=3, stateMachineData.size=17, logEntryProtoSerializedSize=0
2024-09-15 02:32:25,644 [s0@group-39FE727B82F7-StateMachineUpdater] INFO  impl.SimpleStateMachine4Testing (SimpleStateMachine4Testing.java:applyTransaction(251)) - applyTransaction for log index 49
2024-09-15 02:32:25,644 [s0@group-39FE727B82F7-StateMachineUpdater] INFO  impl.SimpleStateMachine4Testing (SimpleStateMachine4Testing.java:put(207)) - s0: put 49, m24 -> (t:1, i:49), STATEMACHINELOGENTRY, WRITE: logData.size=3, stateMachineData.size=17, logEntryProtoSerializedSize=0
2024-09-15 02:32:25,645 [s2@group-39FE727B82F7-StateMachineUpdater] INFO  impl.SimpleStateMachine4Testing (SimpleStateMachine4Testing.java:applyTransaction(251)) - applyTransaction for log index 49
2024-09-15 02:32:25,645 [s2@group-39FE727B82F7-StateMachineUpdater] INFO  impl.SimpleStateMachine4Testing (SimpleStateMachine4Testing.java:put(207)) - s2: put 49, m24 -> (t:1, i:49), STATEMACHINELOGENTRY, WRITE: logData.size=3, stateMachineData.size=17, logEntryProtoSerializedSize=0
2024-09-15 02:32:25,647 [s1@group-39FE727B82F7-StateMachineUpdater] INFO  impl.SimpleStateMachine4Testing (SimpleStateMachine4Testing.java:applyTransaction(251)) - applyTransaction for log index 49
2024-09-15 02:32:25,647 [s1@group-39FE727B82F7-StateMachineUpdater] INFO  impl.SimpleStateMachine4Testing (SimpleStateMachine4Testing.java:put(207)) - s1: put 49, m24 -> (t:1, i:49), STATEMACHINELOGENTRY, WRITE: logData.size=3, stateMachineData.size=17, logEntryProtoSerializedSize=0
2024-09-15 02:32:25,649 [s0@group-39FE727B82F7-StateMachineUpdater] INFO  impl.SimpleStateMachine4Testing (SimpleStateMachine4Testing.java:applyTransaction(251)) - applyTransaction for log index 51
2024-09-15 02:32:25,649 [s0@group-39FE727B82F7-StateMachineUpdater] INFO  impl.SimpleStateMachine4Testing (SimpleStateMachine4Testing.java:put(207)) - s0: put 51, m25 -> (t:1, i:51), STATEMACHINELOGENTRY, WRITE: logData.size=3, stateMachineData.size=17, logEntryProtoSerializedSize=0
2024-09-15 02:32:25,651 [s2@group-39FE727B82F7-StateMachineUpdater] INFO  impl.SimpleStateMachine4Testing (SimpleStateMachine4Testing.java:applyTransaction(251)) - applyTransaction for log index 51
2024-09-15 02:32:25,651 [s2@group-39FE727B82F7-StateMachineUpdater] INFO  impl.SimpleStateMachine4Testing (SimpleStateMachine4Testing.java:put(207)) - s2: put 51, m25 -> (t:1, i:51), STATEMACHINELOGENTRY, WRITE: logData.size=3, stateMachineData.size=17, logEntryProtoSerializedSize=0
2024-09-15 02:32:25,652 [s1@group-39FE727B82F7-StateMachineUpdater] INFO  impl.SimpleStateMachine4Testing (SimpleStateMachine4Testing.java:applyTransaction(251)) - applyTransaction for log index 51
2024-09-15 02:32:25,652 [s1@group-39FE727B82F7-StateMachineUpdater] INFO  impl.SimpleStateMachine4Testing (SimpleStateMachine4Testing.java:put(207)) - s1: put 51, m25 -> (t:1, i:51), STATEMACHINELOGENTRY, WRITE: logData.size=3, stateMachineData.size=17, logEntryProtoSerializedSize=0
2024-09-15 02:32:25,653 [s0@group-39FE727B82F7-StateMachineUpdater] INFO  impl.SimpleStateMachine4Testing (SimpleStateMachine4Testing.java:applyTransaction(251)) - applyTransaction for log index 53
2024-09-15 02:32:25,654 [s0@group-39FE727B82F7-StateMachineUpdater] INFO  impl.SimpleStateMachine4Testing (SimpleStateMachine4Testing.java:put(207)) - s0: put 53, m26 -> (t:1, i:53), STATEMACHINELOGENTRY, WRITE: logData.size=3, stateMachineData.size=17, logEntryProtoSerializedSize=0
2024-09-15 02:32:25,655 [s2@group-39FE727B82F7-StateMachineUpdater] INFO  impl.SimpleStateMachine4Testing (SimpleStateMachine4Testing.java:applyTransaction(251)) - applyTransaction for log index 53
2024-09-15 02:32:25,655 [s2@group-39FE727B82F7-StateMachineUpdater] INFO  impl.SimpleStateMachine4Testing (SimpleStateMachine4Testing.java:put(207)) - s2: put 53, m26 -> (t:1, i:53), STATEMACHINELOGENTRY, WRITE: logData.size=3, stateMachineData.size=17, logEntryProtoSerializedSize=0
2024-09-15 02:32:25,656 [s1@group-39FE727B82F7-StateMachineUpdater] INFO  impl.SimpleStateMachine4Testing (SimpleStateMachine4Testing.java:applyTransaction(251)) - applyTransaction for log index 53
2024-09-15 02:32:25,657 [s1@group-39FE727B82F7-StateMachineUpdater] INFO  impl.SimpleStateMachine4Testing (SimpleStateMachine4Testing.java:put(207)) - s1: put 53, m26 -> (t:1, i:53), STATEMACHINELOGENTRY, WRITE: logData.size=3, stateMachineData.size=17, logEntryProtoSerializedSize=0
2024-09-15 02:32:25,659 [s0@group-39FE727B82F7-StateMachineUpdater] INFO  impl.SimpleStateMachine4Testing (SimpleStateMachine4Testing.java:applyTransaction(251)) - applyTransaction for log index 55
2024-09-15 02:32:25,659 [s0@group-39FE727B82F7-StateMachineUpdater] INFO  impl.SimpleStateMachine4Testing (SimpleStateMachine4Testing.java:put(207)) - s0: put 55, m27 -> (t:1, i:55), STATEMACHINELOGENTRY, WRITE: logData.size=3, stateMachineData.size=17, logEntryProtoSerializedSize=0
2024-09-15 02:32:25,660 [s2@group-39FE727B82F7-StateMachineUpdater] INFO  impl.SimpleStateMachine4Testing (SimpleStateMachine4Testing.java:applyTransaction(251)) - applyTransaction for log index 55
2024-09-15 02:32:25,660 [s2@group-39FE727B82F7-StateMachineUpdater] INFO  impl.SimpleStateMachine4Testing (SimpleStateMachine4Testing.java:put(207)) - s2: put 55, m27 -> (t:1, i:55), STATEMACHINELOGENTRY, WRITE: logData.size=3, stateMachineData.size=17, logEntryProtoSerializedSize=0
2024-09-15 02:32:25,661 [s1@group-39FE727B82F7-StateMachineUpdater] INFO  impl.SimpleStateMachine4Testing (SimpleStateMachine4Testing.java:applyTransaction(251)) - applyTransaction for log index 55
2024-09-15 02:32:25,661 [s1@group-39FE727B82F7-StateMachineUpdater] INFO  impl.SimpleStateMachine4Testing (SimpleStateMachine4Testing.java:put(207)) - s1: put 55, m27 -> (t:1, i:55), STATEMACHINELOGENTRY, WRITE: logData.size=3, stateMachineData.size=17, logEntryProtoSerializedSize=0
2024-09-15 02:32:25,663 [s0@group-39FE727B82F7-StateMachineUpdater] INFO  impl.SimpleStateMachine4Testing (SimpleStateMachine4Testing.java:applyTransaction(251)) - applyTransaction for log index 57
2024-09-15 02:32:25,663 [s0@group-39FE727B82F7-StateMachineUpdater] INFO  impl.SimpleStateMachine4Testing (SimpleStateMachine4Testing.java:put(207)) - s0: put 57, m28 -> (t:1, i:57), STATEMACHINELOGENTRY, WRITE: logData.size=3, stateMachineData.size=17, logEntryProtoSerializedSize=0
2024-09-15 02:32:25,665 [s2@group-39FE727B82F7-StateMachineUpdater] INFO  impl.SimpleStateMachine4Testing (SimpleStateMachine4Testing.java:applyTransaction(251)) - applyTransaction for log index 57
2024-09-15 02:32:25,665 [s2@group-39FE727B82F7-StateMachineUpdater] INFO  impl.SimpleStateMachine4Testing (SimpleStateMachine4Testing.java:put(207)) - s2: put 57, m28 -> (t:1, i:57), STATEMACHINELOGENTRY, WRITE: logData.size=3, stateMachineData.size=17, logEntryProtoSerializedSize=0
2024-09-15 02:32:25,666 [s1@group-39FE727B82F7-StateMachineUpdater] INFO  impl.SimpleStateMachine4Testing (SimpleStateMachine4Testing.java:applyTransaction(251)) - applyTransaction for log index 57
2024-09-15 02:32:25,666 [s1@group-39FE727B82F7-StateMachineUpdater] INFO  impl.SimpleStateMachine4Testing (SimpleStateMachine4Testing.java:put(207)) - s1: put 57, m28 -> (t:1, i:57), STATEMACHINELOGENTRY, WRITE: logData.size=3, stateMachineData.size=17, logEntryProtoSerializedSize=0
2024-09-15 02:32:25,673 [s0@group-39FE727B82F7-StateMachineUpdater] INFO  impl.SimpleStateMachine4Testing (SimpleStateMachine4Testing.java:applyTransaction(251)) - applyTransaction for log index 59
2024-09-15 02:32:25,673 [s0@group-39FE727B82F7-StateMachineUpdater] INFO  impl.SimpleStateMachine4Testing (SimpleStateMachine4Testing.java:put(207)) - s0: put 59, m29 -> (t:1, i:59), STATEMACHINELOGENTRY, WRITE: logData.size=3, stateMachineData.size=17, logEntryProtoSerializedSize=0
2024-09-15 02:32:25,675 [s2@group-39FE727B82F7-StateMachineUpdater] INFO  impl.SimpleStateMachine4Testing (SimpleStateMachine4Testing.java:applyTransaction(251)) - applyTransaction for log index 59
2024-09-15 02:32:25,675 [s2@group-39FE727B82F7-StateMachineUpdater] INFO  impl.SimpleStateMachine4Testing (SimpleStateMachine4Testing.java:put(207)) - s2: put 59, m29 -> (t:1, i:59), STATEMACHINELOGENTRY, WRITE: logData.size=3, stateMachineData.size=17, logEntryProtoSerializedSize=0
2024-09-15 02:32:25,676 [s1@group-39FE727B82F7-StateMachineUpdater] INFO  impl.SimpleStateMachine4Testing (SimpleStateMachine4Testing.java:applyTransaction(251)) - applyTransaction for log index 59
2024-09-15 02:32:25,676 [s1@group-39FE727B82F7-StateMachineUpdater] INFO  impl.SimpleStateMachine4Testing (SimpleStateMachine4Testing.java:put(207)) - s1: put 59, m29 -> (t:1, i:59), STATEMACHINELOGENTRY, WRITE: logData.size=3, stateMachineData.size=17, logEntryProtoSerializedSize=0
2024-09-15 02:32:25,679 [s0@group-39FE727B82F7-StateMachineUpdater] INFO  impl.SimpleStateMachine4Testing (SimpleStateMachine4Testing.java:applyTransaction(251)) - applyTransaction for log index 61
2024-09-15 02:32:25,679 [s0@group-39FE727B82F7-StateMachineUpdater] INFO  impl.SimpleStateMachine4Testing (SimpleStateMachine4Testing.java:put(207)) - s0: put 61, m30 -> (t:1, i:61), STATEMACHINELOGENTRY, WRITE: logData.size=3, stateMachineData.size=17, logEntryProtoSerializedSize=0
2024-09-15 02:32:25,682 [s2@group-39FE727B82F7-StateMachineUpdater] INFO  impl.SimpleStateMachine4Testing (SimpleStateMachine4Testing.java:applyTransaction(251)) - applyTransaction for log index 61
2024-09-15 02:32:25,682 [s2@group-39FE727B82F7-StateMachineUpdater] INFO  impl.SimpleStateMachine4Testing (SimpleStateMachine4Testing.java:put(207)) - s2: put 61, m30 -> (t:1, i:61), STATEMACHINELOGENTRY, WRITE: logData.size=3, stateMachineData.size=17, logEntryProtoSerializedSize=0
2024-09-15 02:32:25,683 [s1@group-39FE727B82F7-StateMachineUpdater] INFO  impl.SimpleStateMachine4Testing (SimpleStateMachine4Testing.java:applyTransaction(251)) - applyTransaction for log index 61
2024-09-15 02:32:25,683 [s1@group-39FE727B82F7-StateMachineUpdater] INFO  impl.SimpleStateMachine4Testing (SimpleStateMachine4Testing.java:put(207)) - s1: put 61, m30 -> (t:1, i:61), STATEMACHINELOGENTRY, WRITE: logData.size=3, stateMachineData.size=17, logEntryProtoSerializedSize=0
2024-09-15 02:32:25,684 [s0@group-39FE727B82F7-StateMachineUpdater] INFO  impl.SimpleStateMachine4Testing (SimpleStateMachine4Testing.java:applyTransaction(251)) - applyTransaction for log index 63
2024-09-15 02:32:25,684 [s0@group-39FE727B82F7-StateMachineUpdater] INFO  impl.SimpleStateMachine4Testing (SimpleStateMachine4Testing.java:put(207)) - s0: put 63, m31 -> (t:1, i:63), STATEMACHINELOGENTRY, WRITE: logData.size=3, stateMachineData.size=17, logEntryProtoSerializedSize=0
2024-09-15 02:32:25,685 [s0@group-39FE727B82F7-StateMachineUpdater] TRACE util.FileUtils (FileUtils.java:deleteFully(305)) - deleteFully /tmp/ratis-tests/statemachine/s0/snapshot/1_63
2024-09-15 02:32:25,685 [s0@group-39FE727B82F7-StateMachineUpdater] TRACE util.FileUtils (FileUtils.java:deleteFully(318)) - deleteFully: /tmp/ratis-tests/statemachine/s0/snapshot/1_63 does not exist.
2024-09-15 02:32:25,685 [s0@group-39FE727B82F7-StateMachineUpdater] TRACE util.FileUtils (FileUtils.java:deleteFully(305)) - deleteFully /tmp/ratis-tests/statemachine/s0/tmp/7bed6960-ae1d-41db-9f8f-c9887f44a4ca
2024-09-15 02:32:25,685 [s0@group-39FE727B82F7-StateMachineUpdater] TRACE util.FileUtils (FileUtils.java:deleteFully(318)) - deleteFully: /tmp/ratis-tests/statemachine/s0/tmp/7bed6960-ae1d-41db-9f8f-c9887f44a4ca does not exist.
2024-09-15 02:32:25,685 [s0@group-39FE727B82F7-StateMachineUpdater] TRACE util.FileUtils (LogUtils.java:runAndLog(49)) - Successfully ran Atomic Files.move /tmp/ratis-tests/statemachine/s0/tmp/7bed6960-ae1d-41db-9f8f-c9887f44a4ca to /tmp/ratis-tests/statemachine/s0/snapshot/1_63
2024-09-15 02:32:25,685 [s0@group-39FE727B82F7-StateMachineUpdater] INFO  impl.StateMachineUpdater (StateMachineUpdater.java:takeSnapshot(308)) - s0@group-39FE727B82F7-StateMachineUpdater: Took a snapshot at index 63
2024-09-15 02:32:25,685 [s0@group-39FE727B82F7-StateMachineUpdater] INFO  impl.StateMachineUpdater (StateMachineUpdater.java:lambda$new$0(102)) - s0@group-39FE727B82F7-StateMachineUpdater: snapshotIndex: updateIncreasingly -1 -> 63
2024-09-15 02:32:25,685 [s0@group-39FE727B82F7-StateMachineUpdater] INFO  raftlog.RaftLog (RaftLogBase.java:purge(329)) - s0@group-39FE727B82F7-SegmentedRaftLog: purge 61
2024-09-15 02:32:25,686 [s0@group-39FE727B82F7-StateMachineUpdater] INFO  raftlog.RaftLog (RaftLogBase.java:lambda$new$0(57)) - s0@group-39FE727B82F7-SegmentedRaftLog: snapshotIndex: updateIncreasingly -1 -> 63
2024-09-15 02:32:25,686 [s0@group-39FE727B82F7-StateMachineUpdater] INFO  raftlog.RaftLog (RaftLogBase.java:lambda$new$0(57)) - s0@group-39FE727B82F7-SegmentedRaftLog: purgeIndex: updateToMax old=-1, new=61, updated? true
2024-09-15 02:32:25,688 [s2@group-39FE727B82F7-StateMachineUpdater] INFO  impl.SimpleStateMachine4Testing (SimpleStateMachine4Testing.java:applyTransaction(251)) - applyTransaction for log index 63
2024-09-15 02:32:25,688 [s2@group-39FE727B82F7-StateMachineUpdater] INFO  impl.SimpleStateMachine4Testing (SimpleStateMachine4Testing.java:put(207)) - s2: put 63, m31 -> (t:1, i:63), STATEMACHINELOGENTRY, WRITE: logData.size=3, stateMachineData.size=17, logEntryProtoSerializedSize=0
2024-09-15 02:32:25,689 [s2@group-39FE727B82F7-StateMachineUpdater] TRACE util.FileUtils (FileUtils.java:deleteFully(305)) - deleteFully /tmp/ratis-tests/statemachine/s2/snapshot/1_63
2024-09-15 02:32:25,689 [s2@group-39FE727B82F7-StateMachineUpdater] TRACE util.FileUtils (FileUtils.java:deleteFully(318)) - deleteFully: /tmp/ratis-tests/statemachine/s2/snapshot/1_63 does not exist.
2024-09-15 02:32:25,689 [s2@group-39FE727B82F7-StateMachineUpdater] TRACE util.FileUtils (FileUtils.java:deleteFully(305)) - deleteFully /tmp/ratis-tests/statemachine/s2/tmp/9f6a6f9d-7e7f-4407-950c-541395cddab9
2024-09-15 02:32:25,689 [s2@group-39FE727B82F7-StateMachineUpdater] TRACE util.FileUtils (FileUtils.java:deleteFully(318)) - deleteFully: /tmp/ratis-tests/statemachine/s2/tmp/9f6a6f9d-7e7f-4407-950c-541395cddab9 does not exist.
2024-09-15 02:32:25,689 [s2@group-39FE727B82F7-StateMachineUpdater] TRACE util.FileUtils (LogUtils.java:runAndLog(49)) - Successfully ran Atomic Files.move /tmp/ratis-tests/statemachine/s2/tmp/9f6a6f9d-7e7f-4407-950c-541395cddab9 to /tmp/ratis-tests/statemachine/s2/snapshot/1_63
2024-09-15 02:32:25,689 [s2@group-39FE727B82F7-StateMachineUpdater] INFO  impl.StateMachineUpdater (StateMachineUpdater.java:takeSnapshot(308)) - s2@group-39FE727B82F7-StateMachineUpdater: Took a snapshot at index 63
2024-09-15 02:32:25,689 [s2@group-39FE727B82F7-StateMachineUpdater] INFO  impl.StateMachineUpdater (StateMachineUpdater.java:lambda$new$0(102)) - s2@group-39FE727B82F7-StateMachineUpdater: snapshotIndex: updateIncreasingly -1 -> 63
2024-09-15 02:32:25,689 [s2@group-39FE727B82F7-StateMachineUpdater] INFO  raftlog.RaftLog (RaftLogBase.java:purge(329)) - s2@group-39FE727B82F7-SegmentedRaftLog: purge 61
2024-09-15 02:32:25,690 [s2@group-39FE727B82F7-StateMachineUpdater] INFO  raftlog.RaftLog (RaftLogBase.java:lambda$new$0(57)) - s2@group-39FE727B82F7-SegmentedRaftLog: snapshotIndex: updateIncreasingly -1 -> 63
2024-09-15 02:32:25,690 [s2@group-39FE727B82F7-StateMachineUpdater] INFO  raftlog.RaftLog (RaftLogBase.java:lambda$new$0(57)) - s2@group-39FE727B82F7-SegmentedRaftLog: purgeIndex: updateToMax old=-1, new=61, updated? true
2024-09-15 02:32:25,691 [s0@group-39FE727B82F7-StateMachineUpdater] INFO  impl.SimpleStateMachine4Testing (SimpleStateMachine4Testing.java:applyTransaction(251)) - applyTransaction for log index 65
2024-09-15 02:32:25,691 [s0@group-39FE727B82F7-StateMachineUpdater] INFO  impl.SimpleStateMachine4Testing (SimpleStateMachine4Testing.java:put(207)) - s0: put 65, m32 -> (t:1, i:65), STATEMACHINELOGENTRY, WRITE: logData.size=3, stateMachineData.size=17, logEntryProtoSerializedSize=0
2024-09-15 02:32:25,693 [s1@group-39FE727B82F7-StateMachineUpdater] INFO  impl.SimpleStateMachine4Testing (SimpleStateMachine4Testing.java:applyTransaction(251)) - applyTransaction for log index 63
2024-09-15 02:32:25,693 [s1@group-39FE727B82F7-StateMachineUpdater] INFO  impl.SimpleStateMachine4Testing (SimpleStateMachine4Testing.java:put(207)) - s1: put 63, m31 -> (t:1, i:63), STATEMACHINELOGENTRY, WRITE: logData.size=3, stateMachineData.size=17, logEntryProtoSerializedSize=0
2024-09-15 02:32:25,693 [s1@group-39FE727B82F7-StateMachineUpdater] INFO  impl.SimpleStateMachine4Testing (SimpleStateMachine4Testing.java:applyTransaction(251)) - applyTransaction for log index 65
2024-09-15 02:32:25,693 [s1@group-39FE727B82F7-StateMachineUpdater] INFO  impl.SimpleStateMachine4Testing (SimpleStateMachine4Testing.java:put(207)) - s1: put 65, m32 -> (t:1, i:65), STATEMACHINELOGENTRY, WRITE: logData.size=3, stateMachineData.size=17, logEntryProtoSerializedSize=0
2024-09-15 02:32:25,693 [s1@group-39FE727B82F7-StateMachineUpdater] TRACE util.FileUtils (FileUtils.java:deleteFully(305)) - deleteFully /tmp/ratis-tests/statemachine/s1/snapshot/1_65
2024-09-15 02:32:25,693 [s1@group-39FE727B82F7-StateMachineUpdater] TRACE util.FileUtils (FileUtils.java:deleteFully(318)) - deleteFully: /tmp/ratis-tests/statemachine/s1/snapshot/1_65 does not exist.
2024-09-15 02:32:25,693 [s1@group-39FE727B82F7-StateMachineUpdater] TRACE util.FileUtils (FileUtils.java:deleteFully(305)) - deleteFully /tmp/ratis-tests/statemachine/s1/tmp/0671d82e-1ac6-47dc-90b7-9d414ddcdd67
2024-09-15 02:32:25,693 [s1@group-39FE727B82F7-StateMachineUpdater] TRACE util.FileUtils (FileUtils.java:deleteFully(318)) - deleteFully: /tmp/ratis-tests/statemachine/s1/tmp/0671d82e-1ac6-47dc-90b7-9d414ddcdd67 does not exist.
2024-09-15 02:32:25,694 [s1@group-39FE727B82F7-StateMachineUpdater] TRACE util.FileUtils (LogUtils.java:runAndLog(49)) - Successfully ran Atomic Files.move /tmp/ratis-tests/statemachine/s1/tmp/0671d82e-1ac6-47dc-90b7-9d414ddcdd67 to /tmp/ratis-tests/statemachine/s1/snapshot/1_65
2024-09-15 02:32:25,694 [s1@group-39FE727B82F7-StateMachineUpdater] INFO  impl.StateMachineUpdater (StateMachineUpdater.java:takeSnapshot(308)) - s1@group-39FE727B82F7-StateMachineUpdater: Took a snapshot at index 65
2024-09-15 02:32:25,694 [s1@group-39FE727B82F7-StateMachineUpdater] INFO  impl.StateMachineUpdater (StateMachineUpdater.java:lambda$new$0(102)) - s1@group-39FE727B82F7-StateMachineUpdater: snapshotIndex: updateIncreasingly -1 -> 65
2024-09-15 02:32:25,694 [s1@group-39FE727B82F7-StateMachineUpdater] INFO  raftlog.RaftLog (RaftLogBase.java:purge(329)) - s1@group-39FE727B82F7-SegmentedRaftLog: purge 64
2024-09-15 02:32:25,694 [s1@group-39FE727B82F7-StateMachineUpdater] INFO  raftlog.RaftLog (RaftLogBase.java:lambda$new$0(57)) - s1@group-39FE727B82F7-SegmentedRaftLog: snapshotIndex: updateIncreasingly -1 -> 65
2024-09-15 02:32:25,694 [s1@group-39FE727B82F7-StateMachineUpdater] INFO  raftlog.RaftLog (RaftLogBase.java:lambda$new$0(57)) - s1@group-39FE727B82F7-SegmentedRaftLog: purgeIndex: updateToMax old=-1, new=64, updated? true
2024-09-15 02:32:25,695 [s2@group-39FE727B82F7-StateMachineUpdater] INFO  impl.SimpleStateMachine4Testing (SimpleStateMachine4Testing.java:applyTransaction(251)) - applyTransaction for log index 65
2024-09-15 02:32:25,695 [s2@group-39FE727B82F7-StateMachineUpdater] INFO  impl.SimpleStateMachine4Testing (SimpleStateMachine4Testing.java:put(207)) - s2: put 65, m32 -> (t:1, i:65), STATEMACHINELOGENTRY, WRITE: logData.size=3, stateMachineData.size=17, logEntryProtoSerializedSize=0
2024-09-15 02:32:25,697 [s0@group-39FE727B82F7-StateMachineUpdater] INFO  impl.SimpleStateMachine4Testing (SimpleStateMachine4Testing.java:applyTransaction(251)) - applyTransaction for log index 67
2024-09-15 02:32:25,697 [s0@group-39FE727B82F7-StateMachineUpdater] INFO  impl.SimpleStateMachine4Testing (SimpleStateMachine4Testing.java:put(207)) - s0: put 67, m33 -> (t:1, i:67), STATEMACHINELOGENTRY, WRITE: logData.size=3, stateMachineData.size=17, logEntryProtoSerializedSize=0
2024-09-15 02:32:25,699 [s2@group-39FE727B82F7-StateMachineUpdater] INFO  impl.SimpleStateMachine4Testing (SimpleStateMachine4Testing.java:applyTransaction(251)) - applyTransaction for log index 67
2024-09-15 02:32:25,699 [s2@group-39FE727B82F7-StateMachineUpdater] INFO  impl.SimpleStateMachine4Testing (SimpleStateMachine4Testing.java:put(207)) - s2: put 67, m33 -> (t:1, i:67), STATEMACHINELOGENTRY, WRITE: logData.size=3, stateMachineData.size=17, logEntryProtoSerializedSize=0
2024-09-15 02:32:25,702 [s1@group-39FE727B82F7-StateMachineUpdater] INFO  impl.SimpleStateMachine4Testing (SimpleStateMachine4Testing.java:applyTransaction(251)) - applyTransaction for log index 67
2024-09-15 02:32:25,702 [s1@group-39FE727B82F7-StateMachineUpdater] INFO  impl.SimpleStateMachine4Testing (SimpleStateMachine4Testing.java:put(207)) - s1: put 67, m33 -> (t:1, i:67), STATEMACHINELOGENTRY, WRITE: logData.size=3, stateMachineData.size=17, logEntryProtoSerializedSize=0
2024-09-15 02:32:25,702 [s0@group-39FE727B82F7-StateMachineUpdater] INFO  impl.SimpleStateMachine4Testing (SimpleStateMachine4Testing.java:applyTransaction(251)) - applyTransaction for log index 69
2024-09-15 02:32:25,702 [s0@group-39FE727B82F7-StateMachineUpdater] INFO  impl.SimpleStateMachine4Testing (SimpleStateMachine4Testing.java:put(207)) - s0: put 69, m34 -> (t:1, i:69), STATEMACHINELOGENTRY, WRITE: logData.size=3, stateMachineData.size=17, logEntryProtoSerializedSize=0
2024-09-15 02:32:25,704 [s2@group-39FE727B82F7-StateMachineUpdater] INFO  impl.SimpleStateMachine4Testing (SimpleStateMachine4Testing.java:applyTransaction(251)) - applyTransaction for log index 69
2024-09-15 02:32:25,705 [s2@group-39FE727B82F7-StateMachineUpdater] INFO  impl.SimpleStateMachine4Testing (SimpleStateMachine4Testing.java:put(207)) - s2: put 69, m34 -> (t:1, i:69), STATEMACHINELOGENTRY, WRITE: logData.size=3, stateMachineData.size=17, logEntryProtoSerializedSize=0
2024-09-15 02:32:25,706 [s1@group-39FE727B82F7-StateMachineUpdater] INFO  impl.SimpleStateMachine4Testing (SimpleStateMachine4Testing.java:applyTransaction(251)) - applyTransaction for log index 69
2024-09-15 02:32:25,706 [s1@group-39FE727B82F7-StateMachineUpdater] INFO  impl.SimpleStateMachine4Testing (SimpleStateMachine4Testing.java:put(207)) - s1: put 69, m34 -> (t:1, i:69), STATEMACHINELOGENTRY, WRITE: logData.size=3, stateMachineData.size=17, logEntryProtoSerializedSize=0
2024-09-15 02:32:25,708 [s0@group-39FE727B82F7-StateMachineUpdater] INFO  impl.SimpleStateMachine4Testing (SimpleStateMachine4Testing.java:applyTransaction(251)) - applyTransaction for log index 71
2024-09-15 02:32:25,708 [s0@group-39FE727B82F7-StateMachineUpdater] INFO  impl.SimpleStateMachine4Testing (SimpleStateMachine4Testing.java:put(207)) - s0: put 71, m35 -> (t:1, i:71), STATEMACHINELOGENTRY, WRITE: logData.size=3, stateMachineData.size=17, logEntryProtoSerializedSize=0
2024-09-15 02:32:25,710 [s2@group-39FE727B82F7-StateMachineUpdater] INFO  impl.SimpleStateMachine4Testing (SimpleStateMachine4Testing.java:applyTransaction(251)) - applyTransaction for log index 71
2024-09-15 02:32:25,710 [s1@group-39FE727B82F7-StateMachineUpdater] INFO  impl.SimpleStateMachine4Testing (SimpleStateMachine4Testing.java:applyTransaction(251)) - applyTransaction for log index 71
2024-09-15 02:32:25,711 [s1@group-39FE727B82F7-StateMachineUpdater] INFO  impl.SimpleStateMachine4Testing (SimpleStateMachine4Testing.java:put(207)) - s1: put 71, m35 -> (t:1, i:71), STATEMACHINELOGENTRY, WRITE: logData.size=3, stateMachineData.size=17, logEntryProtoSerializedSize=0
2024-09-15 02:32:25,710 [s2@group-39FE727B82F7-StateMachineUpdater] INFO  impl.SimpleStateMachine4Testing (SimpleStateMachine4Testing.java:put(207)) - s2: put 71, m35 -> (t:1, i:71), STATEMACHINELOGENTRY, WRITE: logData.size=3, stateMachineData.size=17, logEntryProtoSerializedSize=0
2024-09-15 02:32:25,714 [s0@group-39FE727B82F7-StateMachineUpdater] INFO  impl.SimpleStateMachine4Testing (SimpleStateMachine4Testing.java:applyTransaction(251)) - applyTransaction for log index 73
2024-09-15 02:32:25,714 [s0@group-39FE727B82F7-StateMachineUpdater] INFO  impl.SimpleStateMachine4Testing (SimpleStateMachine4Testing.java:put(207)) - s0: put 73, m36 -> (t:1, i:73), STATEMACHINELOGENTRY, WRITE: logData.size=3, stateMachineData.size=17, logEntryProtoSerializedSize=0
2024-09-15 02:32:25,716 [s2@group-39FE727B82F7-StateMachineUpdater] INFO  impl.SimpleStateMachine4Testing (SimpleStateMachine4Testing.java:applyTransaction(251)) - applyTransaction for log index 73
2024-09-15 02:32:25,717 [s2@group-39FE727B82F7-StateMachineUpdater] INFO  impl.SimpleStateMachine4Testing (SimpleStateMachine4Testing.java:put(207)) - s2: put 73, m36 -> (t:1, i:73), STATEMACHINELOGENTRY, WRITE: logData.size=3, stateMachineData.size=17, logEntryProtoSerializedSize=0
2024-09-15 02:32:25,720 [s1@group-39FE727B82F7-StateMachineUpdater] INFO  impl.SimpleStateMachine4Testing (SimpleStateMachine4Testing.java:applyTransaction(251)) - applyTransaction for log index 73
2024-09-15 02:32:25,720 [s1@group-39FE727B82F7-StateMachineUpdater] INFO  impl.SimpleStateMachine4Testing (SimpleStateMachine4Testing.java:put(207)) - s1: put 73, m36 -> (t:1, i:73), STATEMACHINELOGENTRY, WRITE: logData.size=3, stateMachineData.size=17, logEntryProtoSerializedSize=0
2024-09-15 02:32:25,721 [s0@group-39FE727B82F7-StateMachineUpdater] INFO  impl.SimpleStateMachine4Testing (SimpleStateMachine4Testing.java:applyTransaction(251)) - applyTransaction for log index 75
2024-09-15 02:32:25,721 [s0@group-39FE727B82F7-StateMachineUpdater] INFO  impl.SimpleStateMachine4Testing (SimpleStateMachine4Testing.java:put(207)) - s0: put 75, m37 -> (t:1, i:75), STATEMACHINELOGENTRY, WRITE: logData.size=3, stateMachineData.size=17, logEntryProtoSerializedSize=0
2024-09-15 02:32:25,722 [s2@group-39FE727B82F7-StateMachineUpdater] INFO  impl.SimpleStateMachine4Testing (SimpleStateMachine4Testing.java:applyTransaction(251)) - applyTransaction for log index 75
2024-09-15 02:32:25,722 [s2@group-39FE727B82F7-StateMachineUpdater] INFO  impl.SimpleStateMachine4Testing (SimpleStateMachine4Testing.java:put(207)) - s2: put 75, m37 -> (t:1, i:75), STATEMACHINELOGENTRY, WRITE: logData.size=3, stateMachineData.size=17, logEntryProtoSerializedSize=0
2024-09-15 02:32:25,724 [s1@group-39FE727B82F7-StateMachineUpdater] INFO  impl.SimpleStateMachine4Testing (SimpleStateMachine4Testing.java:applyTransaction(251)) - applyTransaction for log index 75
2024-09-15 02:32:25,724 [s1@group-39FE727B82F7-StateMachineUpdater] INFO  impl.SimpleStateMachine4Testing (SimpleStateMachine4Testing.java:put(207)) - s1: put 75, m37 -> (t:1, i:75), STATEMACHINELOGENTRY, WRITE: logData.size=3, stateMachineData.size=17, logEntryProtoSerializedSize=0
2024-09-15 02:32:25,728 [s0@group-39FE727B82F7-StateMachineUpdater] INFO  impl.SimpleStateMachine4Testing (SimpleStateMachine4Testing.java:applyTransaction(251)) - applyTransaction for log index 77
2024-09-15 02:32:25,729 [s0@group-39FE727B82F7-StateMachineUpdater] INFO  impl.SimpleStateMachine4Testing (SimpleStateMachine4Testing.java:put(207)) - s0: put 77, m38 -> (t:1, i:77), STATEMACHINELOGENTRY, WRITE: logData.size=3, stateMachineData.size=17, logEntryProtoSerializedSize=0
2024-09-15 02:32:25,730 [s2@group-39FE727B82F7-StateMachineUpdater] INFO  impl.SimpleStateMachine4Testing (SimpleStateMachine4Testing.java:applyTransaction(251)) - applyTransaction for log index 77
2024-09-15 02:32:25,730 [s2@group-39FE727B82F7-StateMachineUpdater] INFO  impl.SimpleStateMachine4Testing (SimpleStateMachine4Testing.java:put(207)) - s2: put 77, m38 -> (t:1, i:77), STATEMACHINELOGENTRY, WRITE: logData.size=3, stateMachineData.size=17, logEntryProtoSerializedSize=0
2024-09-15 02:32:25,732 [s1@group-39FE727B82F7-StateMachineUpdater] INFO  impl.SimpleStateMachine4Testing (SimpleStateMachine4Testing.java:applyTransaction(251)) - applyTransaction for log index 77
2024-09-15 02:32:25,732 [s1@group-39FE727B82F7-StateMachineUpdater] INFO  impl.SimpleStateMachine4Testing (SimpleStateMachine4Testing.java:put(207)) - s1: put 77, m38 -> (t:1, i:77), STATEMACHINELOGENTRY, WRITE: logData.size=3, stateMachineData.size=17, logEntryProtoSerializedSize=0
2024-09-15 02:32:25,735 [s0@group-39FE727B82F7-StateMachineUpdater] INFO  impl.SimpleStateMachine4Testing (SimpleStateMachine4Testing.java:applyTransaction(251)) - applyTransaction for log index 79
2024-09-15 02:32:25,736 [s0@group-39FE727B82F7-StateMachineUpdater] INFO  impl.SimpleStateMachine4Testing (SimpleStateMachine4Testing.java:put(207)) - s0: put 79, m39 -> (t:1, i:79), STATEMACHINELOGENTRY, WRITE: logData.size=3, stateMachineData.size=17, logEntryProtoSerializedSize=0
2024-09-15 02:32:25,737 [s2@group-39FE727B82F7-StateMachineUpdater] INFO  impl.SimpleStateMachine4Testing (SimpleStateMachine4Testing.java:applyTransaction(251)) - applyTransaction for log index 79
2024-09-15 02:32:25,737 [s2@group-39FE727B82F7-StateMachineUpdater] INFO  impl.SimpleStateMachine4Testing (SimpleStateMachine4Testing.java:put(207)) - s2: put 79, m39 -> (t:1, i:79), STATEMACHINELOGENTRY, WRITE: logData.size=3, stateMachineData.size=17, logEntryProtoSerializedSize=0
2024-09-15 02:32:25,739 [s1@group-39FE727B82F7-StateMachineUpdater] INFO  impl.SimpleStateMachine4Testing (SimpleStateMachine4Testing.java:applyTransaction(251)) - applyTransaction for log index 79
2024-09-15 02:32:25,739 [s1@group-39FE727B82F7-StateMachineUpdater] INFO  impl.SimpleStateMachine4Testing (SimpleStateMachine4Testing.java:put(207)) - s1: put 79, m39 -> (t:1, i:79), STATEMACHINELOGENTRY, WRITE: logData.size=3, stateMachineData.size=17, logEntryProtoSerializedSize=0
2024-09-15 02:32:25,743 [s0@group-39FE727B82F7-StateMachineUpdater] INFO  impl.SimpleStateMachine4Testing (SimpleStateMachine4Testing.java:applyTransaction(251)) - applyTransaction for log index 81
2024-09-15 02:32:25,743 [s0@group-39FE727B82F7-StateMachineUpdater] INFO  impl.SimpleStateMachine4Testing (SimpleStateMachine4Testing.java:put(207)) - s0: put 81, m40 -> (t:1, i:81), STATEMACHINELOGENTRY, WRITE: logData.size=3, stateMachineData.size=17, logEntryProtoSerializedSize=0
2024-09-15 02:32:25,745 [s2@group-39FE727B82F7-StateMachineUpdater] INFO  impl.SimpleStateMachine4Testing (SimpleStateMachine4Testing.java:applyTransaction(251)) - applyTransaction for log index 81
2024-09-15 02:32:25,745 [s2@group-39FE727B82F7-StateMachineUpdater] INFO  impl.SimpleStateMachine4Testing (SimpleStateMachine4Testing.java:put(207)) - s2: put 81, m40 -> (t:1, i:81), STATEMACHINELOGENTRY, WRITE: logData.size=3, stateMachineData.size=17, logEntryProtoSerializedSize=0
2024-09-15 02:32:25,745 [s1@group-39FE727B82F7-StateMachineUpdater] INFO  impl.SimpleStateMachine4Testing (SimpleStateMachine4Testing.java:applyTransaction(251)) - applyTransaction for log index 81
2024-09-15 02:32:25,745 [s1@group-39FE727B82F7-StateMachineUpdater] INFO  impl.SimpleStateMachine4Testing (SimpleStateMachine4Testing.java:put(207)) - s1: put 81, m40 -> (t:1, i:81), STATEMACHINELOGENTRY, WRITE: logData.size=3, stateMachineData.size=17, logEntryProtoSerializedSize=0
2024-09-15 02:32:25,746 [s0@group-39FE727B82F7-StateMachineUpdater] ERROR impl.StateMachineUpdater (StateMachineUpdater.java:run(206)) - s0@group-39FE727B82F7-StateMachineUpdater caught a Throwable.
java.lang.IllegalStateException: Failed to retain: object has already been completely released.
	at org.apache.ratis.util.ReferenceCountedLeakDetector$Impl.retain(ReferenceCountedLeakDetector.java:116)
	at org.apache.ratis.server.raftlog.segmented.SegmentedRaftLog.retainLog(SegmentedRaftLog.java:310)
	at org.apache.ratis.server.impl.StateMachineUpdater.applyLog(StateMachineUpdater.java:244)
	at org.apache.ratis.server.impl.StateMachineUpdater.run(StateMachineUpdater.java:193)
	at java.lang.Thread.run(Thread.java:750)
2024-09-15 02:32:25,746 [s0@group-39FE727B82F7-StateMachineUpdater] INFO  server.RaftServer$Division (RaftServerImpl.java:lambda$close$1(510)) - s0@group-39FE727B82F7: shutdown
2024-09-15 02:32:25,746 [s0@group-39FE727B82F7-StateMachineUpdater] INFO  util.JmxRegister (JmxRegister.java:unregister(74)) - Successfully un-registered JMX Bean with object name Ratis:service=RaftServer,group=group-39FE727B82F7,id=s0
2024-09-15 02:32:25,746 [s0@group-39FE727B82F7-StateMachineUpdater] INFO  impl.RoleInfo (RoleInfo.java:shutdownLeaderState(103)) - s0: shutdown s0@group-39FE727B82F7-LeaderStateImpl
2024-09-15 02:32:25,746 [s0@group-39FE727B82F7->s1-GrpcLogAppender-LogAppenderDaemon] WARN  server.GrpcLogAppender (GrpcLogAppender.java:mayWait(293)) - s0@group-39FE727B82F7->s1-GrpcLogAppender: Wait interrupted by java.lang.InterruptedException
2024-09-15 02:32:25,747 [s0@group-39FE727B82F7->s2-GrpcLogAppender-LogAppenderDaemon] WARN  server.GrpcLogAppender (GrpcLogAppender.java:mayWait(293)) - s0@group-39FE727B82F7->s2-GrpcLogAppender: Wait interrupted by java.lang.InterruptedException
2024-09-15 02:32:25,746 [s0@group-39FE727B82F7-StateMachineUpdater] INFO  impl.PendingRequests (PendingRequests.java:sendNotLeaderResponses(287)) - s0@group-39FE727B82F7-PendingRequests: sendNotLeaderResponses
2024-09-15 02:32:25,748 [grpc-default-executor-1] INFO  server.GrpcServerProtocolService (GrpcServerProtocolService.java:onCompleted(200)) - s2: Completed APPEND_ENTRIES, lastRequest: s0->s2#150-t1,previous=(t:1, i:81),leaderCommit=81,initializing? false,entries: size=1, first=(t:1, i:82), METADATAENTRY(c:81)
2024-09-15 02:32:25,749 [grpc-default-executor-1] INFO  server.GrpcServerProtocolService (GrpcServerProtocolService.java:lambda$onCompleted$7(202)) - s2: Completed APPEND_ENTRIES, lastReply: null
2024-09-15 02:32:25,749 [s0@group-39FE727B82F7-StateMachineUpdater] INFO  impl.StateMachineUpdater (StateMachineUpdater.java:stop(141)) - s0@group-39FE727B82F7-StateMachineUpdater: closing StateMachineWithSeparatedSnapshotPath, lastApplied=(t:1, i:81)
2024-09-15 02:32:25,749 [s0@group-39FE727B82F7-cacheEviction-AwaitToRun] INFO  util.AwaitToRun (AwaitToRun.java:run(49)) - s0@group-39FE727B82F7-cacheEviction-AwaitToRun-AwaitForSignal is interrupted
2024-09-15 02:32:25,749 [grpc-default-executor-1] INFO  server.GrpcLogAppender (GrpcLogAppender.java:onCompleted(559)) - s0@group-39FE727B82F7->s2-AppendLogResponseHandler: follower responses appendEntries COMPLETED
2024-09-15 02:32:25,753 [s0@group-39FE727B82F7-StateMachineUpdater] WARN  server.RaftServer$Division (ServerState.java:close(437)) - s0@group-39FE727B82F7: Failed to close raft log s0@group-39FE727B82F7-SegmentedRaftLog:CLOSED:c82
java.lang.IllegalStateException: Failed to release: object has already been completely released.
	at org.apache.ratis.util.ReferenceCountedLeakDetector$Impl.release(ReferenceCountedLeakDetector.java:130)
	at org.apache.ratis.util.ReferenceCountedLeakDetector$SimpleTracing.release(ReferenceCountedLeakDetector.java:152)
	at java.util.concurrent.ConcurrentHashMap$ValuesView.forEach(ConcurrentHashMap.java:4705)
	at org.apache.ratis.server.raftlog.segmented.LogSegment$EntryCache.clear(LogSegment.java:309)
	at org.apache.ratis.server.raftlog.segmented.LogSegment.evictCache(LogSegment.java:517)
	at org.apache.ratis.server.raftlog.segmented.LogSegment.clear(LogSegment.java:508)
	at org.apache.ratis.server.raftlog.segmented.SegmentedRaftLogCache.close(SegmentedRaftLogCache.java:742)
	at org.apache.ratis.server.raftlog.segmented.SegmentedRaftLog.close(SegmentedRaftLog.java:563)
	at org.apache.ratis.server.impl.ServerState.close(ServerState.java:434)
	at org.apache.ratis.server.impl.RaftServerImpl.lambda$close$1(RaftServerImpl.java:532)
	at org.apache.ratis.util.LifeCycle.lambda$checkStateAndClose$7(LifeCycle.java:306)
	at org.apache.ratis.util.LifeCycle.checkStateAndClose(LifeCycle.java:326)
	at org.apache.ratis.util.LifeCycle.checkStateAndClose(LifeCycle.java:304)
	at org.apache.ratis.server.impl.RaftServerImpl.close(RaftServerImpl.java:509)
	at org.apache.ratis.server.impl.StateMachineUpdater.run(StateMachineUpdater.java:207)
	at java.lang.Thread.run(Thread.java:750)
2024-09-15 02:32:25,754 [grpc-default-executor-1] INFO  server.GrpcServerProtocolService (GrpcServerProtocolService.java:onCompleted(200)) - s1: Completed APPEND_ENTRIES, lastRequest: s0->s1#165-t1,previous=(t:1, i:81),leaderCommit=81,initializing? false,entries: size=1, first=(t:1, i:82), METADATAENTRY(c:81)
2024-09-15 02:32:25,754 [grpc-default-executor-1] INFO  server.GrpcServerProtocolService (GrpcServerProtocolService.java:lambda$onCompleted$7(202)) - s1: Completed APPEND_ENTRIES, lastReply: null
2024-09-15 02:32:25,756 [grpc-default-executor-1] INFO  server.GrpcLogAppender (GrpcLogAppender.java:onCompleted(559)) - s0@group-39FE727B82F7->s1-AppendLogResponseHandler: follower responses appendEntries COMPLETED
2024-09-15 02:32:25,882 [null-request--thread1] INFO  server.GrpcClientProtocolService (GrpcClientProtocolService.java:lambda$processClientRequest$0(331)) - Failed request cid=300, null, reply=RaftClientReply:client-83E414DE8F94->s1@group-39FE727B82F7, cid=300, FAILED org.apache.ratis.protocol.exceptions.NotLeaderException: Server s1@group-39FE727B82F7 is not the leader, suggested leader is: s0|localhost:15012, logIndex=0, commits[s1:c81, s0:c81, s2:c80]
2024-09-15 02:32:26,078 [s2@group-39FE727B82F7-FollowerState] INFO  impl.FollowerState (FollowerState.java:run(144)) - s2@group-39FE727B82F7-FollowerState: change to CANDIDATE, lastRpcElapsedTime:333537863ns, electionTimeout:167ms
2024-09-15 02:32:26,078 [s2@group-39FE727B82F7-FollowerState] INFO  impl.RoleInfo (RoleInfo.java:shutdownFollowerState(119)) - s2: shutdown s2@group-39FE727B82F7-FollowerState
2024-09-15 02:32:26,078 [s2@group-39FE727B82F7-FollowerState] INFO  server.RaftServer$Division (RaftServerImpl.java:setRole(378)) - s2@group-39FE727B82F7: changes role from  FOLLOWER to CANDIDATE at term 1 for changeToCandidate
2024-09-15 02:32:26,079 [s2@group-39FE727B82F7-FollowerState] INFO  server.RaftServerConfigKeys (ConfUtils.java:logGet(46)) - raft.server.leaderelection.pre-vote = true (default)
2024-09-15 02:32:26,079 [s2@group-39FE727B82F7-FollowerState] INFO  impl.RoleInfo (RoleInfo.java:updateAndGet(148)) - s2: start s2@group-39FE727B82F7-LeaderElection4
2024-09-15 02:32:26,079 [s2@group-39FE727B82F7-LeaderElection4] INFO  server.RaftServer$Division (ServerState.java:setLeader(272)) - s2@group-39FE727B82F7: change Leader from s0 to null at term 1 for PRE_VOTE
2024-09-15 02:32:26,079 [s2@group-39FE727B82F7-LeaderElection4] INFO  impl.LeaderElection (LeaderElection.java:askForVotes(325)) - s2@group-39FE727B82F7-LeaderElection4 PRE_VOTE round 0: submit vote requests at term 1 for conf: {index: 0, cur=peers:[s0|localhost:15012, s1|localhost:15016, s2|localhost:15020]|listeners:[], old=null}
2024-09-15 02:32:26,080 [s2@group-39FE727B82F7-LeaderElection4-1] INFO  server.GrpcServerProtocolClient (GrpcServerProtocolClient.java:<init>(65)) - Build channel for s0|localhost:15012
2024-09-15 02:32:26,080 [s2@group-39FE727B82F7-LeaderElection4-2] INFO  server.GrpcServerProtocolClient (GrpcServerProtocolClient.java:<init>(65)) - Build channel for s1|localhost:15016
2024-09-15 02:32:26,087 [grpc-default-executor-3] INFO  server.RaftServer$Division (RaftServerImpl.java:requestVote(1439)) - s1@group-39FE727B82F7: receive requestVote(PRE_VOTE, s2, group-39FE727B82F7, 1, (t:1, i:82))
2024-09-15 02:32:26,087 [grpc-default-executor-3] INFO  impl.VoteContext (VoteContext.java:log(49)) - s1@group-39FE727B82F7-FOLLOWER: accept PRE_VOTE from s2: our priority 0 <= candidate's priority 0
2024-09-15 02:32:26,087 [grpc-default-executor-3] INFO  server.RaftServer$Division (RaftServerImpl.java:requestVote(1472)) - s1@group-39FE727B82F7 replies to PRE_VOTE vote request: s2<-s1#0:OK-t1. Peer's state: s1@group-39FE727B82F7:t1, leader=s0, voted=s0, raftlog=Memoized:s1@group-39FE727B82F7-SegmentedRaftLog:OPENED:c81:last(t:1, i:82), conf=conf: {index: 0, cur=peers:[s0|localhost:15012, s1|localhost:15016, s2|localhost:15020]|listeners:[], old=null}
2024-09-15 02:32:26,088 [grpc-default-executor-2] INFO  server.RaftServer$Division (RaftServerImpl.java:requestVote(1439)) - s0@group-39FE727B82F7: receive requestVote(PRE_VOTE, s2, group-39FE727B82F7, 1, (t:1, i:82))
2024-09-15 02:32:26,089 [s2@group-39FE727B82F7-LeaderElection4] INFO  impl.LeaderElection (LeaderElection.java:logAndReturn(89)) - s2@group-39FE727B82F7-LeaderElection4: PRE_VOTE PASSED received 1 response(s) and 0 exception(s):
2024-09-15 02:32:26,089 [s2@group-39FE727B82F7-LeaderElection4] INFO  impl.LeaderElection (LeaderElection.java:logAndReturn(93)) -   Response 0: s2<-s1#0:OK-t1
2024-09-15 02:32:26,089 [s2@group-39FE727B82F7-LeaderElection4] INFO  impl.LeaderElection (LeaderElection.java:askForVotes(327)) - s2@group-39FE727B82F7-LeaderElection4 PRE_VOTE round 0: result PASSED
2024-09-15 02:32:26,089 [grpc-default-executor-2] WARN  server.GrpcServerProtocolService (LogUtils.java:warn(121)) - s0: Failed requestVote s2->s0#0: org.apache.ratis.protocol.exceptions.ServerNotReadyException: s0@group-39FE727B82F7 is not in [RUNNING]: current state is CLOSED
2024-09-15 02:32:26,089 [s2@group-39FE727B82F7-LeaderElection4] TRACE util.FileUtils (LogUtils.java:supplyAndLog(69)) - Successfully supplied FileChannel.open /home/runner/work/ratis/ratis/ratis-test/target/test/data/bb653c4b/MiniRaftClusterWithGrpcb514da3f/s2/101a0d2d-f21a-48ca-842f-39fe727b82f7/current/raft-meta.tmp with options [CREATE, WRITE]: sun.nio.ch.FileChannelImpl@6ac0d12b
2024-09-15 02:32:26,091 [s2@group-39FE727B82F7-LeaderElection4] TRACE util.FileUtils (LogUtils.java:runAndLog(49)) - Successfully ran Atomic Files.move /home/runner/work/ratis/ratis/ratis-test/target/test/data/bb653c4b/MiniRaftClusterWithGrpcb514da3f/s2/101a0d2d-f21a-48ca-842f-39fe727b82f7/current/raft-meta.tmp to /home/runner/work/ratis/ratis/ratis-test/target/test/data/bb653c4b/MiniRaftClusterWithGrpcb514da3f/s2/101a0d2d-f21a-48ca-842f-39fe727b82f7/current/raft-meta with options [REPLACE_EXISTING]
2024-09-15 02:32:26,091 [s2@group-39FE727B82F7-LeaderElection4] INFO  impl.LeaderElection (LeaderElection.java:askForVotes(325)) - s2@group-39FE727B82F7-LeaderElection4 ELECTION round 0: submit vote requests at term 2 for conf: {index: 0, cur=peers:[s0|localhost:15012, s1|localhost:15016, s2|localhost:15020]|listeners:[], old=null}
2024-09-15 02:32:26,099 [grpc-default-executor-2] INFO  server.RaftServer$Division (RaftServerImpl.java:requestVote(1439)) - s0@group-39FE727B82F7: receive requestVote(ELECTION, s2, group-39FE727B82F7, 2, (t:1, i:82))
2024-09-15 02:32:26,099 [grpc-default-executor-3] INFO  server.RaftServer$Division (RaftServerImpl.java:requestVote(1439)) - s1@group-39FE727B82F7: receive requestVote(ELECTION, s2, group-39FE727B82F7, 2, (t:1, i:82))
2024-09-15 02:32:26,099 [grpc-default-executor-2] WARN  server.GrpcServerProtocolService (LogUtils.java:warn(121)) - s0: Failed requestVote s2->s0#0: org.apache.ratis.protocol.exceptions.ServerNotReadyException: s0@group-39FE727B82F7 is not in [RUNNING]: current state is CLOSED
2024-09-15 02:32:26,099 [grpc-default-executor-3] INFO  impl.VoteContext (VoteContext.java:log(49)) - s1@group-39FE727B82F7-FOLLOWER: accept ELECTION from s2: our priority 0 <= candidate's priority 0
2024-09-15 02:32:26,099 [grpc-default-executor-3] INFO  server.RaftServer$Division (RaftServerImpl.java:setRole(378)) - s1@group-39FE727B82F7: changes role from  FOLLOWER to FOLLOWER at term 1 for candidate:s2
2024-09-15 02:32:26,099 [grpc-default-executor-3] INFO  impl.RoleInfo (RoleInfo.java:shutdownFollowerState(119)) - s1: shutdown s1@group-39FE727B82F7-FollowerState
2024-09-15 02:32:26,099 [grpc-default-executor-3] INFO  server.RaftServer$Division (ServerState.java:setLeader(272)) - s1@group-39FE727B82F7: change Leader from s0 to null at term 2 for updateCurrentTerm
2024-09-15 02:32:26,099 [grpc-default-executor-3] INFO  impl.RoleInfo (RoleInfo.java:updateAndGet(148)) - s1: start s1@group-39FE727B82F7-FollowerState
2024-09-15 02:32:26,099 [s1@group-39FE727B82F7-FollowerState] INFO  impl.FollowerState (FollowerState.java:run(153)) - s1@group-39FE727B82F7-FollowerState was interrupted
2024-09-15 02:32:26,100 [grpc-default-executor-3] TRACE util.FileUtils (LogUtils.java:supplyAndLog(69)) - Successfully supplied FileChannel.open /home/runner/work/ratis/ratis/ratis-test/target/test/data/bb653c4b/MiniRaftClusterWithGrpcb514da3f/s1/101a0d2d-f21a-48ca-842f-39fe727b82f7/current/raft-meta.tmp with options [CREATE, WRITE]: sun.nio.ch.FileChannelImpl@13fd95c7
2024-09-15 02:32:26,101 [grpc-default-executor-3] TRACE util.FileUtils (LogUtils.java:runAndLog(49)) - Successfully ran Atomic Files.move /home/runner/work/ratis/ratis/ratis-test/target/test/data/bb653c4b/MiniRaftClusterWithGrpcb514da3f/s1/101a0d2d-f21a-48ca-842f-39fe727b82f7/current/raft-meta.tmp to /home/runner/work/ratis/ratis/ratis-test/target/test/data/bb653c4b/MiniRaftClusterWithGrpcb514da3f/s1/101a0d2d-f21a-48ca-842f-39fe727b82f7/current/raft-meta with options [REPLACE_EXISTING]
2024-09-15 02:32:26,101 [grpc-default-executor-3] INFO  server.RaftServer$Division (RaftServerImpl.java:requestVote(1472)) - s1@group-39FE727B82F7 replies to ELECTION vote request: s2<-s1#0:OK-t2. Peer's state: s1@group-39FE727B82F7:t2, leader=null, voted=s2, raftlog=Memoized:s1@group-39FE727B82F7-SegmentedRaftLog:OPENED:c81:last(t:1, i:82), conf=conf: {index: 0, cur=peers:[s0|localhost:15012, s1|localhost:15016, s2|localhost:15020]|listeners:[], old=null}
2024-09-15 02:32:26,101 [s2@group-39FE727B82F7-LeaderElection4] INFO  impl.LeaderElection (LogUtils.java:infoOrTrace(136)) - s2@group-39FE727B82F7-LeaderElection4 got exception when requesting votes: java.util.concurrent.ExecutionException: org.apache.ratis.thirdparty.io.grpc.StatusRuntimeException: INTERNAL: s0@group-39FE727B82F7 is not in [RUNNING]: current state is CLOSED
2024-09-15 02:32:26,105 [s2@group-39FE727B82F7-LeaderElection4] INFO  impl.LeaderElection (LeaderElection.java:logAndReturn(89)) - s2@group-39FE727B82F7-LeaderElection4: ELECTION PASSED received 1 response(s) and 1 exception(s):
2024-09-15 02:32:26,105 [s2@group-39FE727B82F7-LeaderElection4] INFO  impl.LeaderElection (LeaderElection.java:logAndReturn(93)) -   Response 0: s2<-s1#0:OK-t2
2024-09-15 02:32:26,105 [s2@group-39FE727B82F7-LeaderElection4] INFO  impl.LeaderElection (LogUtils.java:infoOrTrace(136)) -   Exception 1: java.util.concurrent.ExecutionException: org.apache.ratis.thirdparty.io.grpc.StatusRuntimeException: INTERNAL: s0@group-39FE727B82F7 is not in [RUNNING]: current state is CLOSED
2024-09-15 02:32:26,105 [s2@group-39FE727B82F7-LeaderElection4] INFO  impl.LeaderElection (LeaderElection.java:askForVotes(327)) - s2@group-39FE727B82F7-LeaderElection4 ELECTION round 0: result PASSED
2024-09-15 02:32:26,105 [s2@group-39FE727B82F7-LeaderElection4] INFO  impl.RoleInfo (RoleInfo.java:shutdownLeaderElection(139)) - s2: shutdown s2@group-39FE727B82F7-LeaderElection4
2024-09-15 02:32:26,105 [s2@group-39FE727B82F7-LeaderElection4] INFO  server.RaftServer$Division (RaftServerImpl.java:setRole(378)) - s2@group-39FE727B82F7: changes role from CANDIDATE to LEADER at term 2 for changeToLeader
2024-09-15 02:32:26,105 [s2@group-39FE727B82F7-LeaderElection4] INFO  server.RaftServerConfigKeys (ConfUtils.java:logGet(46)) - raft.server.staging.catchup.gap = 1000 (default)
2024-09-15 02:32:26,105 [s2@group-39FE727B82F7-LeaderElection4] INFO  server.RaftServerConfigKeys (ConfUtils.java:logGet(46)) - raft.server.write.element-limit = 4096 (default)
2024-09-15 02:32:26,105 [s2@group-39FE727B82F7-LeaderElection4] INFO  server.RaftServerConfigKeys (ConfUtils.java:logGet(46)) - raft.server.write.byte-limit = 64MB (=67108864) (default)
2024-09-15 02:32:26,106 [s2@group-39FE727B82F7-LeaderElection4] INFO  server.RaftServerConfigKeys (ConfUtils.java:logGet(46)) - raft.server.watch.timeout = 10s (default)
2024-09-15 02:32:26,106 [s2@group-39FE727B82F7-LeaderElection4] INFO  server.RaftServerConfigKeys (ConfUtils.java:logGet(46)) - raft.server.watch.timeout.denomination = 1s (default)
2024-09-15 02:32:26,106 [s2@group-39FE727B82F7-LeaderElection4] INFO  server.RaftServerConfigKeys (ConfUtils.java:logGet(46)) - raft.server.watch.element-limit = 65536 (default)
2024-09-15 02:32:26,106 [s2@group-39FE727B82F7-LeaderElection4] INFO  server.RaftServerConfigKeys (ConfUtils.java:logGet(46)) - raft.server.read.leader.lease.enabled = false (default)
2024-09-15 02:32:26,106 [s2@group-39FE727B82F7-LeaderElection4] INFO  server.RaftServerConfigKeys (ConfUtils.java:logGet(46)) - raft.server.read.leader.lease.timeout.ratio = 0.9 (default)
2024-09-15 02:32:26,106 [s2@group-39FE727B82F7-LeaderElection4] INFO  server.RaftServerConfigKeys (ConfUtils.java:logGet(46)) - raft.server.rpc.timeout.min = 150ms (default)
2024-09-15 02:32:26,106 [s2@group-39FE727B82F7-LeaderElection4] INFO  server.RaftServerConfigKeys (ConfUtils.java:logGet(46)) - raft.server.log.log-metadata.enabled = true (default)
2024-09-15 02:32:26,106 [s2@group-39FE727B82F7-LeaderElection4] INFO  server.RaftServerConfigKeys (ConfUtils.java:logGet(46)) - raft.server.write.element-limit = 4096 (default)
2024-09-15 02:32:26,106 [s2@group-39FE727B82F7-LeaderElection4] INFO  server.RaftServerConfigKeys (ConfUtils.java:logGet(46)) - raft.server.write.follower.gap.ratio.max = -1.0 (default)
2024-09-15 02:32:26,107 [s2@group-39FE727B82F7-LeaderElection4] INFO  server.RaftServerConfigKeys (ConfUtils.java:logGet(46)) - raft.server.log.appender.snapshot.chunk.size.max = 1k (=1024) (custom)
2024-09-15 02:32:26,107 [s2@group-39FE727B82F7-LeaderElection4] INFO  server.RaftServerConfigKeys (ConfUtils.java:logGet(46)) - raft.server.log.appender.buffer.byte-limit = 4MB (=4194304) (default)
2024-09-15 02:32:26,107 [s2@group-39FE727B82F7-LeaderElection4] INFO  server.RaftServerConfigKeys (ConfUtils.java:logGet(46)) - raft.server.log.appender.buffer.element-limit = 0 (default)
2024-09-15 02:32:26,107 [s2@group-39FE727B82F7-LeaderElection4] INFO  server.RaftServerConfigKeys (ConfUtils.java:logGet(46)) - raft.server.log.appender.wait-time.min = 1ms (default)
2024-09-15 02:32:26,107 [s2@group-39FE727B82F7-LeaderElection4] INFO  grpc.GrpcConfigKeys (ConfUtils.java:logGet(46)) - raft.grpc.server.leader.outstanding.appends.max = 8 (default)
2024-09-15 02:32:26,107 [s2@group-39FE727B82F7-LeaderElection4] INFO  server.RaftServerConfigKeys (ConfUtils.java:logGet(46)) - raft.server.rpc.request.timeout = 3000ms (default)
2024-09-15 02:32:26,107 [s2@group-39FE727B82F7-LeaderElection4] INFO  grpc.GrpcConfigKeys (ConfUtils.java:logGet(46)) - raft.grpc.server.install_snapshot.request.element-limit = 8 (default)
2024-09-15 02:32:26,108 [s2@group-39FE727B82F7-LeaderElection4] INFO  grpc.GrpcConfigKeys (ConfUtils.java:logGet(46)) - raft.grpc.server.install_snapshot.request.timeout = 3000ms (default)
2024-09-15 02:32:26,108 [s2@group-39FE727B82F7-LeaderElection4] INFO  grpc.GrpcConfigKeys (ConfUtils.java:logGet(46)) - raft.grpc.server.log-message.batch.duration = 5s (default)
2024-09-15 02:32:26,108 [s2@group-39FE727B82F7-LeaderElection4] INFO  server.RaftServerConfigKeys (ConfUtils.java:logGet(46)) - raft.server.log.appender.install.snapshot.enabled = true (default)
2024-09-15 02:32:26,108 [s2@group-39FE727B82F7-LeaderElection4] INFO  grpc.GrpcConfigKeys (ConfUtils.java:logGet(46)) - raft.grpc.server.heartbeat.channel = false (custom)
2024-09-15 02:32:26,111 [null-request--thread1] INFO  server.GrpcClientProtocolService (GrpcClientProtocolService.java:lambda$processClientRequest$0(331)) - Failed request cid=300, null, reply=RaftClientReply:client-83E414DE8F94->s2@group-39FE727B82F7, cid=300, FAILED org.apache.ratis.protocol.exceptions.LeaderNotReadyException: s2@group-39FE727B82F7 is in LEADER state but not ready yet., logIndex=0, commits[s2:c81]
2024-09-15 02:32:26,112 [s2@group-39FE727B82F7-LeaderElection4] INFO  server.RaftServerConfigKeys (ConfUtils.java:logGet(46)) - raft.server.log.appender.snapshot.chunk.size.max = 1k (=1024) (custom)
2024-09-15 02:32:26,112 [s2@group-39FE727B82F7-LeaderElection4] INFO  server.RaftServerConfigKeys (ConfUtils.java:logGet(46)) - raft.server.log.appender.buffer.byte-limit = 4MB (=4194304) (default)
2024-09-15 02:32:26,113 [s2@group-39FE727B82F7-LeaderElection4] INFO  server.RaftServerConfigKeys (ConfUtils.java:logGet(46)) - raft.server.log.appender.buffer.element-limit = 0 (default)
2024-09-15 02:32:26,113 [s2@group-39FE727B82F7-LeaderElection4] INFO  server.RaftServerConfigKeys (ConfUtils.java:logGet(46)) - raft.server.log.appender.wait-time.min = 1ms (default)
2024-09-15 02:32:26,113 [s2@group-39FE727B82F7-LeaderElection4] INFO  grpc.GrpcConfigKeys (ConfUtils.java:logGet(46)) - raft.grpc.server.leader.outstanding.appends.max = 8 (default)
2024-09-15 02:32:26,113 [s2@group-39FE727B82F7-LeaderElection4] INFO  server.RaftServerConfigKeys (ConfUtils.java:logGet(46)) - raft.server.rpc.request.timeout = 3000ms (default)
2024-09-15 02:32:26,113 [s2@group-39FE727B82F7-LeaderElection4] INFO  grpc.GrpcConfigKeys (ConfUtils.java:logGet(46)) - raft.grpc.server.install_snapshot.request.element-limit = 8 (default)
2024-09-15 02:32:26,113 [s2@group-39FE727B82F7-LeaderElection4] INFO  grpc.GrpcConfigKeys (ConfUtils.java:logGet(46)) - raft.grpc.server.install_snapshot.request.timeout = 3000ms (default)
2024-09-15 02:32:26,113 [s2@group-39FE727B82F7-LeaderElection4] INFO  grpc.GrpcConfigKeys (ConfUtils.java:logGet(46)) - raft.grpc.server.log-message.batch.duration = 5s (default)
2024-09-15 02:32:26,113 [s2@group-39FE727B82F7-LeaderElection4] INFO  server.RaftServerConfigKeys (ConfUtils.java:logGet(46)) - raft.server.log.appender.install.snapshot.enabled = true (default)
2024-09-15 02:32:26,113 [s2@group-39FE727B82F7-LeaderElection4] INFO  grpc.GrpcConfigKeys (ConfUtils.java:logGet(46)) - raft.grpc.server.heartbeat.channel = false (custom)
2024-09-15 02:32:26,113 [s2@group-39FE727B82F7-LeaderElection4] INFO  impl.RoleInfo (RoleInfo.java:updateAndGet(148)) - s2: start s2@group-39FE727B82F7-LeaderStateImpl
2024-09-15 02:32:26,114 [s2@group-39FE727B82F7-LeaderElection4] INFO  server.RaftServer$Division (ServerState.java:setLeader(272)) - s2@group-39FE727B82F7: change Leader from null to s2 at term 2 for becomeLeader, leader elected after 34ms
2024-09-15 02:32:26,114 [s2@group-39FE727B82F7-LeaderElection4] INFO  segmented.SegmentedRaftLogWorker (SegmentedRaftLogWorker.java:rollLogSegment(443)) - s2@group-39FE727B82F7-SegmentedRaftLogWorker: Rolling segment log-0_82 to index:82
2024-09-15 02:32:26,114 [s2@group-39FE727B82F7-LeaderElection4] INFO  server.RaftServer$Division (ServerState.java:setRaftConf(386)) - s2@group-39FE727B82F7: set configuration conf: {index: 83, cur=peers:[s0|localhost:15012, s1|localhost:15016, s2|localhost:15020]|listeners:[], old=null}
2024-09-15 02:32:26,116 [s2@group-39FE727B82F7-SegmentedRaftLogWorker] TRACE util.FileUtils (LogUtils.java:runAndLog(49)) - Successfully ran Atomic Files.move /home/runner/work/ratis/ratis/ratis-test/target/test/data/bb653c4b/MiniRaftClusterWithGrpcb514da3f/s2/101a0d2d-f21a-48ca-842f-39fe727b82f7/current/log_inprogress_0 to /home/runner/work/ratis/ratis/ratis-test/target/test/data/bb653c4b/MiniRaftClusterWithGrpcb514da3f/s2/101a0d2d-f21a-48ca-842f-39fe727b82f7/current/log_0-82
2024-09-15 02:32:26,116 [s2@group-39FE727B82F7-SegmentedRaftLogWorker] INFO  segmented.SegmentedRaftLogWorker (SegmentedRaftLogWorker.java:execute(617)) - s2@group-39FE727B82F7-SegmentedRaftLogWorker: Rolled log segment from /home/runner/work/ratis/ratis/ratis-test/target/test/data/bb653c4b/MiniRaftClusterWithGrpcb514da3f/s2/101a0d2d-f21a-48ca-842f-39fe727b82f7/current/log_inprogress_0 to /home/runner/work/ratis/ratis/ratis-test/target/test/data/bb653c4b/MiniRaftClusterWithGrpcb514da3f/s2/101a0d2d-f21a-48ca-842f-39fe727b82f7/current/log_0-82
2024-09-15 02:32:26,116 [s2@group-39FE727B82F7-SegmentedRaftLogWorker] INFO  segmented.BufferedWriteChannel (BufferedWriteChannel.java:open(61)) - open log_inprogress_83 at position 0
2024-09-15 02:32:26,127 [s1-server-thread2] INFO  server.RaftServer$Division (ServerState.java:setLeader(272)) - s1@group-39FE727B82F7: change Leader from null to s2 at term 2 for appendEntries, leader elected after 27ms
2024-09-15 02:32:26,127 [s2@group-39FE727B82F7-SegmentedRaftLogWorker] INFO  segmented.SegmentedRaftLogWorker (SegmentedRaftLogWorker.java:execute(660)) - s2@group-39FE727B82F7-SegmentedRaftLogWorker: created new log segment /home/runner/work/ratis/ratis/ratis-test/target/test/data/bb653c4b/MiniRaftClusterWithGrpcb514da3f/s2/101a0d2d-f21a-48ca-842f-39fe727b82f7/current/log_inprogress_83
2024-09-15 02:32:26,130 [s1-server-thread1] INFO  server.RaftServer$Division (ServerState.java:setRaftConf(386)) - s1@group-39FE727B82F7: set configuration conf: {index: 83, cur=peers:[s0|localhost:15012, s1|localhost:15016, s2|localhost:15020]|listeners:[], old=null}
2024-09-15 02:32:26,130 [s1-server-thread1] INFO  segmented.SegmentedRaftLogWorker (SegmentedRaftLogWorker.java:rollLogSegment(443)) - s1@group-39FE727B82F7-SegmentedRaftLogWorker: Rolling segment log-0_82 to index:82
2024-09-15 02:32:26,131 [s1@group-39FE727B82F7-SegmentedRaftLogWorker] TRACE util.FileUtils (LogUtils.java:runAndLog(49)) - Successfully ran Atomic Files.move /home/runner/work/ratis/ratis/ratis-test/target/test/data/bb653c4b/MiniRaftClusterWithGrpcb514da3f/s1/101a0d2d-f21a-48ca-842f-39fe727b82f7/current/log_inprogress_0 to /home/runner/work/ratis/ratis/ratis-test/target/test/data/bb653c4b/MiniRaftClusterWithGrpcb514da3f/s1/101a0d2d-f21a-48ca-842f-39fe727b82f7/current/log_0-82
2024-09-15 02:32:26,131 [s1@group-39FE727B82F7-SegmentedRaftLogWorker] INFO  segmented.SegmentedRaftLogWorker (SegmentedRaftLogWorker.java:execute(617)) - s1@group-39FE727B82F7-SegmentedRaftLogWorker: Rolled log segment from /home/runner/work/ratis/ratis/ratis-test/target/test/data/bb653c4b/MiniRaftClusterWithGrpcb514da3f/s1/101a0d2d-f21a-48ca-842f-39fe727b82f7/current/log_inprogress_0 to /home/runner/work/ratis/ratis/ratis-test/target/test/data/bb653c4b/MiniRaftClusterWithGrpcb514da3f/s1/101a0d2d-f21a-48ca-842f-39fe727b82f7/current/log_0-82
2024-09-15 02:32:26,131 [s1@group-39FE727B82F7-SegmentedRaftLogWorker] INFO  segmented.BufferedWriteChannel (BufferedWriteChannel.java:open(61)) - open log_inprogress_83 at position 0
2024-09-15 02:32:26,137 [grpc-default-executor-2] WARN  server.GrpcServerProtocolService (LogUtils.java:warn(123)) - s0: Failed APPEND_ENTRIES request cid=1, isHeartbeat? false
java.util.concurrent.CompletionException: java.util.concurrent.RejectedExecutionException: Task java.util.concurrent.CompletableFuture$AsyncSupply@3bec790e rejected from java.util.concurrent.ThreadPoolExecutor@107aea74[Terminated, pool size = 0, active threads = 0, queued tasks = 0, completed tasks = 0]
	at java.util.concurrent.CompletableFuture.encodeThrowable(CompletableFuture.java:273)
	at java.util.concurrent.CompletableFuture.uniComposeStage(CompletableFuture.java:1005)
	at java.util.concurrent.CompletableFuture.thenCompose(CompletableFuture.java:2137)
	at org.apache.ratis.server.impl.RaftServerProxy.appendEntriesAsync(RaftServerProxy.java:655)
	at org.apache.ratis.grpc.server.GrpcServerProtocolService$1.process(GrpcServerProtocolService.java:307)
	at org.apache.ratis.grpc.server.GrpcServerProtocolService$ServerRequestStreamObserver.onNext(GrpcServerProtocolService.java:174)
	at org.apache.ratis.thirdparty.io.grpc.stub.ServerCalls$StreamingServerCallHandler$StreamingServerCallListener.onMessage(ServerCalls.java:262)
	at org.apache.ratis.thirdparty.io.grpc.internal.ServerCallImpl$ServerStreamListenerImpl.messagesAvailableInternal(ServerCallImpl.java:329)
	at org.apache.ratis.thirdparty.io.grpc.internal.ServerCallImpl$ServerStreamListenerImpl.messagesAvailable(ServerCallImpl.java:314)
	at org.apache.ratis.thirdparty.io.grpc.internal.ServerImpl$JumpToApplicationThreadServerStreamListener$1MessagesAvailable.runInContext(ServerImpl.java:833)
	at org.apache.ratis.thirdparty.io.grpc.internal.ContextRunnable.run(ContextRunnable.java:37)
	at org.apache.ratis.thirdparty.io.grpc.internal.SerializingExecutor.run(SerializingExecutor.java:133)
	at java.util.concurrent.ThreadPoolExecutor.runWorker(ThreadPoolExecutor.java:1149)
	at java.util.concurrent.ThreadPoolExecutor$Worker.run(ThreadPoolExecutor.java:624)
	at java.lang.Thread.run(Thread.java:750)
Caused by: java.util.concurrent.RejectedExecutionException: Task java.util.concurrent.CompletableFuture$AsyncSupply@3bec790e rejected from java.util.concurrent.ThreadPoolExecutor@107aea74[Terminated, pool size = 0, active threads = 0, queued tasks = 0, completed tasks = 0]
	at java.util.concurrent.ThreadPoolExecutor$AbortPolicy.rejectedExecution(ThreadPoolExecutor.java:2063)
	at java.util.concurrent.ThreadPoolExecutor.reject(ThreadPoolExecutor.java:830)
	at java.util.concurrent.ThreadPoolExecutor.execute(ThreadPoolExecutor.java:1379)
	at java.util.concurrent.CompletableFuture.asyncSupplyStage(CompletableFuture.java:1618)
	at java.util.concurrent.CompletableFuture.supplyAsync(CompletableFuture.java:1843)
	at org.apache.ratis.server.impl.RaftServerImpl.executeSubmitServerRequestAsync(RaftServerImpl.java:898)
	at org.apache.ratis.server.impl.RaftServerProxy.lambda$appendEntriesAsync$29(RaftServerProxy.java:655)
	at java.util.concurrent.CompletableFuture.uniComposeStage(CompletableFuture.java:995)
	... 13 more
2024-09-15 02:32:26,140 [s1@group-39FE727B82F7-SegmentedRaftLogWorker] INFO  segmented.SegmentedRaftLogWorker (SegmentedRaftLogWorker.java:execute(660)) - s1@group-39FE727B82F7-SegmentedRaftLogWorker: created new log segment /home/runner/work/ratis/ratis/ratis-test/target/test/data/bb653c4b/MiniRaftClusterWithGrpcb514da3f/s1/101a0d2d-f21a-48ca-842f-39fe727b82f7/current/log_inprogress_83
2024-09-15 02:32:26,144 [s2@group-39FE727B82F7-StateMachineUpdater] TRACE util.FileUtils (LogUtils.java:supplyAndLog(69)) - Successfully supplied FileChannel.open /home/runner/work/ratis/ratis/ratis-test/target/test/data/bb653c4b/MiniRaftClusterWithGrpcb514da3f/s2/101a0d2d-f21a-48ca-842f-39fe727b82f7/current/raft-meta.conf.tmp with options [CREATE, WRITE]: sun.nio.ch.FileChannelImpl@23ca1906
2024-09-15 02:32:26,144 [grpc-default-executor-3] WARN  server.GrpcLogAppender (LogUtils.java:warn(123)) - s2@group-39FE727B82F7->s0-AppendLogResponseHandler: Failed appendEntries
java.util.concurrent.RejectedExecutionException: Task java.util.concurrent.CompletableFuture$AsyncSupply@3bec790e rejected from java.util.concurrent.ThreadPoolExecutor@107aea74[Terminated, pool size = 0, active threads = 0, queued tasks = 0, completed tasks = 0]
	at java.util.concurrent.ThreadPoolExecutor$AbortPolicy.rejectedExecution(ThreadPoolExecutor.java:2063)
	at java.util.concurrent.ThreadPoolExecutor.reject(ThreadPoolExecutor.java:830)
	at java.util.concurrent.ThreadPoolExecutor.execute(ThreadPoolExecutor.java:1379)
	at java.util.concurrent.CompletableFuture.asyncSupplyStage(CompletableFuture.java:1618)
	at java.util.concurrent.CompletableFuture.supplyAsync(CompletableFuture.java:1843)
	at org.apache.ratis.server.impl.RaftServerImpl.executeSubmitServerRequestAsync(RaftServerImpl.java:898)
	at org.apache.ratis.server.impl.RaftServerProxy.lambda$appendEntriesAsync$29(RaftServerProxy.java:655)
	at java.util.concurrent.CompletableFuture.uniComposeStage(CompletableFuture.java:995)
	at java.util.concurrent.CompletableFuture.thenCompose(CompletableFuture.java:2137)
	at org.apache.ratis.server.impl.RaftServerProxy.appendEntriesAsync(RaftServerProxy.java:655)
	at org.apache.ratis.grpc.server.GrpcServerProtocolService$1.process(GrpcServerProtocolService.java:307)
	at org.apache.ratis.grpc.server.GrpcServerProtocolService$ServerRequestStreamObserver.onNext(GrpcServerProtocolService.java:174)
	at org.apache.ratis.thirdparty.io.grpc.stub.ServerCalls$StreamingServerCallHandler$StreamingServerCallListener.onMessage(ServerCalls.java:262)
	at org.apache.ratis.thirdparty.io.grpc.internal.ServerCallImpl$ServerStreamListenerImpl.messagesAvailableInternal(ServerCallImpl.java:329)
	at org.apache.ratis.thirdparty.io.grpc.internal.ServerCallImpl$ServerStreamListenerImpl.messagesAvailable(ServerCallImpl.java:314)
	at org.apache.ratis.thirdparty.io.grpc.internal.ServerImpl$JumpToApplicationThreadServerStreamListener$1MessagesAvailable.runInContext(ServerImpl.java:833)
	at org.apache.ratis.thirdparty.io.grpc.internal.ContextRunnable.run(ContextRunnable.java:37)
	at org.apache.ratis.thirdparty.io.grpc.internal.SerializingExecutor.run(SerializingExecutor.java:133)
	at java.util.concurrent.ThreadPoolExecutor.runWorker(ThreadPoolExecutor.java:1149)
	at java.util.concurrent.ThreadPoolExecutor$Worker.run(ThreadPoolExecutor.java:624)
	at java.lang.Thread.run(Thread.java:750)
2024-09-15 02:32:26,150 [grpc-default-executor-3] INFO  leader.LogAppender (LogAppenderBase.java:lambda$getNextIndexForError$0(219)) - Decrease nextIndex to 83
2024-09-15 02:32:26,151 [s2@group-39FE727B82F7-StateMachineUpdater] TRACE util.FileUtils (LogUtils.java:runAndLog(49)) - Successfully ran Atomic Files.move /home/runner/work/ratis/ratis/ratis-test/target/test/data/bb653c4b/MiniRaftClusterWithGrpcb514da3f/s2/101a0d2d-f21a-48ca-842f-39fe727b82f7/current/raft-meta.conf.tmp to /home/runner/work/ratis/ratis/ratis-test/target/test/data/bb653c4b/MiniRaftClusterWithGrpcb514da3f/s2/101a0d2d-f21a-48ca-842f-39fe727b82f7/current/raft-meta.conf with options [REPLACE_EXISTING]
2024-09-15 02:32:26,151 [grpc-default-executor-3] INFO  leader.LogAppender (LogAppenderBase.java:lambda$getNextIndexForError$0(219)) - Decrease nextIndex to 83
2024-09-15 02:32:26,151 [s2@group-39FE727B82F7-StateMachineUpdater] INFO  server.RaftServer$Division (LeaderStateImpl.java:checkStartIndex(317)) - Leader s2@group-39FE727B82F7-LeaderStateImpl is ready since appliedIndex == startIndex == 83
2024-09-15 02:32:26,151 [grpc-default-executor-3] INFO  leader.FollowerInfo (FollowerInfoImpl.java:info(70)) - s2@group-39FE727B82F7->s0: computeNextIndex nextIndex: updateUnconditionally 84 -> 83
2024-09-15 02:32:26,151 [s1@group-39FE727B82F7-StateMachineUpdater] TRACE util.FileUtils (LogUtils.java:supplyAndLog(69)) - Successfully supplied FileChannel.open /home/runner/work/ratis/ratis/ratis-test/target/test/data/bb653c4b/MiniRaftClusterWithGrpcb514da3f/s1/101a0d2d-f21a-48ca-842f-39fe727b82f7/current/raft-meta.conf.tmp with options [CREATE, WRITE]: sun.nio.ch.FileChannelImpl@635e5b
2024-09-15 02:32:26,153 [s1@group-39FE727B82F7-StateMachineUpdater] TRACE util.FileUtils (LogUtils.java:runAndLog(49)) - Successfully ran Atomic Files.move /home/runner/work/ratis/ratis/ratis-test/target/test/data/bb653c4b/MiniRaftClusterWithGrpcb514da3f/s1/101a0d2d-f21a-48ca-842f-39fe727b82f7/current/raft-meta.conf.tmp to /home/runner/work/ratis/ratis/ratis-test/target/test/data/bb653c4b/MiniRaftClusterWithGrpcb514da3f/s1/101a0d2d-f21a-48ca-842f-39fe727b82f7/current/raft-meta.conf with options [REPLACE_EXISTING]
2024-09-15 02:32:26,153 [grpc-default-executor-3] WARN  server.GrpcServerProtocolService (LogUtils.java:warn(123)) - s0: Failed APPEND_ENTRIES request cid=2, isHeartbeat? false
java.util.concurrent.CompletionException: java.util.concurrent.RejectedExecutionException: Task java.util.concurrent.CompletableFuture$AsyncSupply@74c1365c rejected from java.util.concurrent.ThreadPoolExecutor@107aea74[Terminated, pool size = 0, active threads = 0, queued tasks = 0, completed tasks = 0]
	at java.util.concurrent.CompletableFuture.encodeThrowable(CompletableFuture.java:273)
	at java.util.concurrent.CompletableFuture.uniComposeStage(CompletableFuture.java:1005)
	at java.util.concurrent.CompletableFuture.thenCompose(CompletableFuture.java:2137)
	at org.apache.ratis.server.impl.RaftServerProxy.appendEntriesAsync(RaftServerProxy.java:655)
	at org.apache.ratis.grpc.server.GrpcServerProtocolService$1.process(GrpcServerProtocolService.java:307)
	at org.apache.ratis.grpc.server.GrpcServerProtocolService$ServerRequestStreamObserver.onNext(GrpcServerProtocolService.java:174)
	at org.apache.ratis.thirdparty.io.grpc.stub.ServerCalls$StreamingServerCallHandler$StreamingServerCallListener.onMessage(ServerCalls.java:262)
	at org.apache.ratis.thirdparty.io.grpc.internal.ServerCallImpl$ServerStreamListenerImpl.messagesAvailableInternal(ServerCallImpl.java:329)
	at org.apache.ratis.thirdparty.io.grpc.internal.ServerCallImpl$ServerStreamListenerImpl.messagesAvailable(ServerCallImpl.java:314)
	at org.apache.ratis.thirdparty.io.grpc.internal.ServerImpl$JumpToApplicationThreadServerStreamListener$1MessagesAvailable.runInContext(ServerImpl.java:833)
	at org.apache.ratis.thirdparty.io.grpc.internal.ContextRunnable.run(ContextRunnable.java:37)
	at org.apache.ratis.thirdparty.io.grpc.internal.SerializingExecutor.run(SerializingExecutor.java:133)
	at java.util.concurrent.ThreadPoolExecutor.runWorker(ThreadPoolExecutor.java:1149)
	at java.util.concurrent.ThreadPoolExecutor$Worker.run(ThreadPoolExecutor.java:624)
	at java.lang.Thread.run(Thread.java:750)
Caused by: java.util.concurrent.RejectedExecutionException: Task java.util.concurrent.CompletableFuture$AsyncSupply@74c1365c rejected from java.util.concurrent.ThreadPoolExecutor@107aea74[Terminated, pool size = 0, active threads = 0, queued tasks = 0, completed tasks = 0]
	at java.util.concurrent.ThreadPoolExecutor$AbortPolicy.rejectedExecution(ThreadPoolExecutor.java:2063)
	at java.util.concurrent.ThreadPoolExecutor.reject(ThreadPoolExecutor.java:830)
	at java.util.concurrent.ThreadPoolExecutor.execute(ThreadPoolExecutor.java:1379)
	at java.util.concurrent.CompletableFuture.asyncSupplyStage(CompletableFuture.java:1618)
	at java.util.concurrent.CompletableFuture.supplyAsync(CompletableFuture.java:1843)
	at org.apache.ratis.server.impl.RaftServerImpl.executeSubmitServerRequestAsync(RaftServerImpl.java:898)
	at org.apache.ratis.server.impl.RaftServerProxy.lambda$appendEntriesAsync$29(RaftServerProxy.java:655)
	at java.util.concurrent.CompletableFuture.uniComposeStage(CompletableFuture.java:995)
	... 13 more
2024-09-15 02:32:26,157 [grpc-default-executor-3] INFO  leader.LogAppender (LogAppenderBase.java:lambda$getNextIndexForError$0(219)) - Decrease nextIndex to 83
2024-09-15 02:32:26,157 [grpc-default-executor-3] INFO  leader.LogAppender (LogAppenderBase.java:lambda$getNextIndexForError$0(219)) - Decrease nextIndex to 83
2024-09-15 02:32:26,157 [grpc-default-executor-3] INFO  leader.FollowerInfo (FollowerInfoImpl.java:info(70)) - s2@group-39FE727B82F7->s0: computeNextIndex nextIndex: updateUnconditionally 85 -> 83
2024-09-15 02:32:26,168 [grpc-default-executor-3] WARN  server.GrpcServerProtocolService (LogUtils.java:warn(123)) - s0: Failed APPEND_ENTRIES request cid=4, isHeartbeat? false
java.util.concurrent.CompletionException: java.util.concurrent.RejectedExecutionException: Task java.util.concurrent.CompletableFuture$AsyncSupply@159d4645 rejected from java.util.concurrent.ThreadPoolExecutor@107aea74[Terminated, pool size = 0, active threads = 0, queued tasks = 0, completed tasks = 0]
	at java.util.concurrent.CompletableFuture.encodeThrowable(CompletableFuture.java:273)
	at java.util.concurrent.CompletableFuture.uniComposeStage(CompletableFuture.java:1005)
	at java.util.concurrent.CompletableFuture.thenCompose(CompletableFuture.java:2137)
	at org.apache.ratis.server.impl.RaftServerProxy.appendEntriesAsync(RaftServerProxy.java:655)
	at org.apache.ratis.grpc.server.GrpcServerProtocolService$1.process(GrpcServerProtocolService.java:307)
	at org.apache.ratis.grpc.server.GrpcServerProtocolService$ServerRequestStreamObserver.onNext(GrpcServerProtocolService.java:174)
	at org.apache.ratis.thirdparty.io.grpc.stub.ServerCalls$StreamingServerCallHandler$StreamingServerCallListener.onMessage(ServerCalls.java:262)
	at org.apache.ratis.thirdparty.io.grpc.internal.ServerCallImpl$ServerStreamListenerImpl.messagesAvailableInternal(ServerCallImpl.java:329)
	at org.apache.ratis.thirdparty.io.grpc.internal.ServerCallImpl$ServerStreamListenerImpl.messagesAvailable(ServerCallImpl.java:314)
	at org.apache.ratis.thirdparty.io.grpc.internal.ServerImpl$JumpToApplicationThreadServerStreamListener$1MessagesAvailable.runInContext(ServerImpl.java:833)
	at org.apache.ratis.thirdparty.io.grpc.internal.ContextRunnable.run(ContextRunnable.java:37)
	at org.apache.ratis.thirdparty.io.grpc.internal.SerializingExecutor.run(SerializingExecutor.java:133)
	at java.util.concurrent.ThreadPoolExecutor.runWorker(ThreadPoolExecutor.java:1149)
	at java.util.concurrent.ThreadPoolExecutor$Worker.run(ThreadPoolExecutor.java:624)
	at java.lang.Thread.run(Thread.java:750)
Caused by: java.util.concurrent.RejectedExecutionException: Task java.util.concurrent.CompletableFuture$AsyncSupply@159d4645 rejected from java.util.concurrent.ThreadPoolExecutor@107aea74[Terminated, pool size = 0, active threads = 0, queued tasks = 0, completed tasks = 0]
	at java.util.concurrent.ThreadPoolExecutor$AbortPolicy.rejectedExecution(ThreadPoolExecutor.java:2063)
	at java.util.concurrent.ThreadPoolExecutor.reject(ThreadPoolExecutor.java:830)
	at java.util.concurrent.ThreadPoolExecutor.execute(ThreadPoolExecutor.java:1379)
	at java.util.concurrent.CompletableFuture.asyncSupplyStage(CompletableFuture.java:1618)
	at java.util.concurrent.CompletableFuture.supplyAsync(CompletableFuture.java:1843)
	at org.apache.ratis.server.impl.RaftServerImpl.executeSubmitServerRequestAsync(RaftServerImpl.java:898)
	at org.apache.ratis.server.impl.RaftServerProxy.lambda$appendEntriesAsync$29(RaftServerProxy.java:655)
	at java.util.concurrent.CompletableFuture.uniComposeStage(CompletableFuture.java:995)
	... 13 more
2024-09-15 02:32:26,172 [grpc-default-executor-3] INFO  leader.LogAppender (LogAppenderBase.java:lambda$getNextIndexForError$0(219)) - Decrease nextIndex to 83
2024-09-15 02:32:26,172 [grpc-default-executor-3] INFO  leader.LogAppender (LogAppenderBase.java:lambda$getNextIndexForError$0(219)) - Decrease nextIndex to 83
2024-09-15 02:32:26,172 [grpc-default-executor-3] INFO  leader.FollowerInfo (FollowerInfoImpl.java:info(70)) - s2@group-39FE727B82F7->s0: computeNextIndex nextIndex: updateUnconditionally 85 -> 83
2024-09-15 02:32:26,207 [grpc-default-executor-3] WARN  server.GrpcServerProtocolService (LogUtils.java:warn(123)) - s0: Failed APPEND_ENTRIES request cid=6, isHeartbeat? false
java.util.concurrent.CompletionException: java.util.concurrent.RejectedExecutionException: Task java.util.concurrent.CompletableFuture$AsyncSupply@5f97d5b3 rejected from java.util.concurrent.ThreadPoolExecutor@107aea74[Terminated, pool size = 0, active threads = 0, queued tasks = 0, completed tasks = 0]
	at java.util.concurrent.CompletableFuture.encodeThrowable(CompletableFuture.java:273)
	at java.util.concurrent.CompletableFuture.uniComposeStage(CompletableFuture.java:1005)
	at java.util.concurrent.CompletableFuture.thenCompose(CompletableFuture.java:2137)
	at org.apache.ratis.server.impl.RaftServerProxy.appendEntriesAsync(RaftServerProxy.java:655)
	at org.apache.ratis.grpc.server.GrpcServerProtocolService$1.process(GrpcServerProtocolService.java:307)
	at org.apache.ratis.grpc.server.GrpcServerProtocolService$ServerRequestStreamObserver.onNext(GrpcServerProtocolService.java:174)
	at org.apache.ratis.thirdparty.io.grpc.stub.ServerCalls$StreamingServerCallHandler$StreamingServerCallListener.onMessage(ServerCalls.java:262)
	at org.apache.ratis.thirdparty.io.grpc.internal.ServerCallImpl$ServerStreamListenerImpl.messagesAvailableInternal(ServerCallImpl.java:329)
	at org.apache.ratis.thirdparty.io.grpc.internal.ServerCallImpl$ServerStreamListenerImpl.messagesAvailable(ServerCallImpl.java:314)
	at org.apache.ratis.thirdparty.io.grpc.internal.ServerImpl$JumpToApplicationThreadServerStreamListener$1MessagesAvailable.runInContext(ServerImpl.java:833)
	at org.apache.ratis.thirdparty.io.grpc.internal.ContextRunnable.run(ContextRunnable.java:37)
	at org.apache.ratis.thirdparty.io.grpc.internal.SerializingExecutor.run(SerializingExecutor.java:133)
	at java.util.concurrent.ThreadPoolExecutor.runWorker(ThreadPoolExecutor.java:1149)
	at java.util.concurrent.ThreadPoolExecutor$Worker.run(ThreadPoolExecutor.java:624)
	at java.lang.Thread.run(Thread.java:750)
Caused by: java.util.concurrent.RejectedExecutionException: Task java.util.concurrent.CompletableFuture$AsyncSupply@5f97d5b3 rejected from java.util.concurrent.ThreadPoolExecutor@107aea74[Terminated, pool size = 0, active threads = 0, queued tasks = 0, completed tasks = 0]
	at java.util.concurrent.ThreadPoolExecutor$AbortPolicy.rejectedExecution(ThreadPoolExecutor.java:2063)
	at java.util.concurrent.ThreadPoolExecutor.reject(ThreadPoolExecutor.java:830)
	at java.util.concurrent.ThreadPoolExecutor.execute(ThreadPoolExecutor.java:1379)
	at java.util.concurrent.CompletableFuture.asyncSupplyStage(CompletableFuture.java:1618)
	at java.util.concurrent.CompletableFuture.supplyAsync(CompletableFuture.java:1843)
	at org.apache.ratis.server.impl.RaftServerImpl.executeSubmitServerRequestAsync(RaftServerImpl.java:898)
	at org.apache.ratis.server.impl.RaftServerProxy.lambda$appendEntriesAsync$29(RaftServerProxy.java:655)
	at java.util.concurrent.CompletableFuture.uniComposeStage(CompletableFuture.java:995)
	... 13 more
2024-09-15 02:32:26,210 [grpc-default-executor-3] INFO  leader.LogAppender (LogAppenderBase.java:lambda$getNextIndexForError$0(219)) - Decrease nextIndex to 83
2024-09-15 02:32:26,210 [grpc-default-executor-3] INFO  leader.LogAppender (LogAppenderBase.java:lambda$getNextIndexForError$0(219)) - Decrease nextIndex to 83
2024-09-15 02:32:26,210 [grpc-default-executor-3] INFO  leader.FollowerInfo (FollowerInfoImpl.java:info(70)) - s2@group-39FE727B82F7->s0: computeNextIndex nextIndex: updateUnconditionally 85 -> 83
2024-09-15 02:32:26,228 [s2@group-39FE727B82F7-StateMachineUpdater] INFO  impl.SimpleStateMachine4Testing (SimpleStateMachine4Testing.java:applyTransaction(251)) - applyTransaction for log index 85
2024-09-15 02:32:26,228 [s2@group-39FE727B82F7-StateMachineUpdater] INFO  impl.SimpleStateMachine4Testing (SimpleStateMachine4Testing.java:put(207)) - s2: put 85, m41 -> (t:2, i:85), STATEMACHINELOGENTRY, WRITE: logData.size=3, stateMachineData.size=17, logEntryProtoSerializedSize=0
2024-09-15 02:32:26,229 [grpc-default-executor-1] WARN  server.GrpcServerProtocolService (LogUtils.java:warn(123)) - s0: Failed APPEND_ENTRIES request cid=7, isHeartbeat? false
java.util.concurrent.CompletionException: java.util.concurrent.RejectedExecutionException: Task java.util.concurrent.CompletableFuture$AsyncSupply@2b7a4fad rejected from java.util.concurrent.ThreadPoolExecutor@107aea74[Terminated, pool size = 0, active threads = 0, queued tasks = 0, completed tasks = 0]
	at java.util.concurrent.CompletableFuture.encodeThrowable(CompletableFuture.java:273)
	at java.util.concurrent.CompletableFuture.uniComposeStage(CompletableFuture.java:1005)
	at java.util.concurrent.CompletableFuture.thenCompose(CompletableFuture.java:2137)
	at org.apache.ratis.server.impl.RaftServerProxy.appendEntriesAsync(RaftServerProxy.java:655)
	at org.apache.ratis.grpc.server.GrpcServerProtocolService$1.process(GrpcServerProtocolService.java:307)
	at org.apache.ratis.grpc.server.GrpcServerProtocolService$ServerRequestStreamObserver.onNext(GrpcServerProtocolService.java:174)
	at org.apache.ratis.thirdparty.io.grpc.stub.ServerCalls$StreamingServerCallHandler$StreamingServerCallListener.onMessage(ServerCalls.java:262)
	at org.apache.ratis.thirdparty.io.grpc.internal.ServerCallImpl$ServerStreamListenerImpl.messagesAvailableInternal(ServerCallImpl.java:329)
	at org.apache.ratis.thirdparty.io.grpc.internal.ServerCallImpl$ServerStreamListenerImpl.messagesAvailable(ServerCallImpl.java:314)
	at org.apache.ratis.thirdparty.io.grpc.internal.ServerImpl$JumpToApplicationThreadServerStreamListener$1MessagesAvailable.runInContext(ServerImpl.java:833)
	at org.apache.ratis.thirdparty.io.grpc.internal.ContextRunnable.run(ContextRunnable.java:37)
	at org.apache.ratis.thirdparty.io.grpc.internal.SerializingExecutor.run(SerializingExecutor.java:133)
	at java.util.concurrent.ThreadPoolExecutor.runWorker(ThreadPoolExecutor.java:1149)
	at java.util.concurrent.ThreadPoolExecutor$Worker.run(ThreadPoolExecutor.java:624)
	at java.lang.Thread.run(Thread.java:750)
Caused by: java.util.concurrent.RejectedExecutionException: Task java.util.concurrent.CompletableFuture$AsyncSupply@2b7a4fad rejected from java.util.concurrent.ThreadPoolExecutor@107aea74[Terminated, pool size = 0, active threads = 0, queued tasks = 0, completed tasks = 0]
	at java.util.concurrent.ThreadPoolExecutor$AbortPolicy.rejectedExecution(ThreadPoolExecutor.java:2063)
	at java.util.concurrent.ThreadPoolExecutor.reject(ThreadPoolExecutor.java:830)
	at java.util.concurrent.ThreadPoolExecutor.execute(ThreadPoolExecutor.java:1379)
	at java.util.concurrent.CompletableFuture.asyncSupplyStage(CompletableFuture.java:1618)
	at java.util.concurrent.CompletableFuture.supplyAsync(CompletableFuture.java:1843)
	at org.apache.ratis.server.impl.RaftServerImpl.executeSubmitServerRequestAsync(RaftServerImpl.java:898)
	at org.apache.ratis.server.impl.RaftServerProxy.lambda$appendEntriesAsync$29(RaftServerProxy.java:655)
	at java.util.concurrent.CompletableFuture.uniComposeStage(CompletableFuture.java:995)
	... 13 more
2024-09-15 02:32:26,231 [s1@group-39FE727B82F7-StateMachineUpdater] INFO  impl.SimpleStateMachine4Testing (SimpleStateMachine4Testing.java:applyTransaction(251)) - applyTransaction for log index 85
2024-09-15 02:32:26,231 [s1@group-39FE727B82F7-StateMachineUpdater] INFO  impl.SimpleStateMachine4Testing (SimpleStateMachine4Testing.java:put(207)) - s1: put 85, m41 -> (t:2, i:85), STATEMACHINELOGENTRY, WRITE: logData.size=3, stateMachineData.size=17, logEntryProtoSerializedSize=0
2024-09-15 02:32:26,233 [grpc-default-executor-3] INFO  leader.LogAppender (LogAppenderBase.java:lambda$getNextIndexForError$0(219)) - Decrease nextIndex to 83
2024-09-15 02:32:26,233 [grpc-default-executor-3] INFO  leader.LogAppender (LogAppenderBase.java:lambda$getNextIndexForError$0(219)) - Decrease nextIndex to 83
2024-09-15 02:32:26,233 [grpc-default-executor-3] INFO  leader.FollowerInfo (FollowerInfoImpl.java:info(70)) - s2@group-39FE727B82F7->s0: computeNextIndex nextIndex: updateUnconditionally 86 -> 83
2024-09-15 02:32:26,236 [s2@group-39FE727B82F7-StateMachineUpdater] INFO  impl.SimpleStateMachine4Testing (SimpleStateMachine4Testing.java:applyTransaction(251)) - applyTransaction for log index 87
2024-09-15 02:32:26,236 [s2@group-39FE727B82F7-StateMachineUpdater] INFO  impl.SimpleStateMachine4Testing (SimpleStateMachine4Testing.java:put(207)) - s2: put 87, m42 -> (t:2, i:87), STATEMACHINELOGENTRY, WRITE: logData.size=3, stateMachineData.size=17, logEntryProtoSerializedSize=0
2024-09-15 02:32:26,237 [grpc-default-executor-4] WARN  server.GrpcServerProtocolService (LogUtils.java:warn(123)) - s0: Failed APPEND_ENTRIES request cid=10, isHeartbeat? false
java.util.concurrent.CompletionException: java.util.concurrent.RejectedExecutionException: Task java.util.concurrent.CompletableFuture$AsyncSupply@1a11223a rejected from java.util.concurrent.ThreadPoolExecutor@107aea74[Terminated, pool size = 0, active threads = 0, queued tasks = 0, completed tasks = 0]
	at java.util.concurrent.CompletableFuture.encodeThrowable(CompletableFuture.java:273)
	at java.util.concurrent.CompletableFuture.uniComposeStage(CompletableFuture.java:1005)
	at java.util.concurrent.CompletableFuture.thenCompose(CompletableFuture.java:2137)
	at org.apache.ratis.server.impl.RaftServerProxy.appendEntriesAsync(RaftServerProxy.java:655)
	at org.apache.ratis.grpc.server.GrpcServerProtocolService$1.process(GrpcServerProtocolService.java:307)
	at org.apache.ratis.grpc.server.GrpcServerProtocolService$ServerRequestStreamObserver.onNext(GrpcServerProtocolService.java:174)
	at org.apache.ratis.thirdparty.io.grpc.stub.ServerCalls$StreamingServerCallHandler$StreamingServerCallListener.onMessage(ServerCalls.java:262)
	at org.apache.ratis.thirdparty.io.grpc.internal.ServerCallImpl$ServerStreamListenerImpl.messagesAvailableInternal(ServerCallImpl.java:329)
	at org.apache.ratis.thirdparty.io.grpc.internal.ServerCallImpl$ServerStreamListenerImpl.messagesAvailable(ServerCallImpl.java:314)
	at org.apache.ratis.thirdparty.io.grpc.internal.ServerImpl$JumpToApplicationThreadServerStreamListener$1MessagesAvailable.runInContext(ServerImpl.java:833)
	at org.apache.ratis.thirdparty.io.grpc.internal.ContextRunnable.run(ContextRunnable.java:37)
	at org.apache.ratis.thirdparty.io.grpc.internal.SerializingExecutor.run(SerializingExecutor.java:133)
	at java.util.concurrent.ThreadPoolExecutor.runWorker(ThreadPoolExecutor.java:1149)
	at java.util.concurrent.ThreadPoolExecutor$Worker.run(ThreadPoolExecutor.java:624)
	at java.lang.Thread.run(Thread.java:750)
Caused by: java.util.concurrent.RejectedExecutionException: Task java.util.concurrent.CompletableFuture$AsyncSupply@1a11223a rejected from java.util.concurrent.ThreadPoolExecutor@107aea74[Terminated, pool size = 0, active threads = 0, queued tasks = 0, completed tasks = 0]
	at java.util.concurrent.ThreadPoolExecutor$AbortPolicy.rejectedExecution(ThreadPoolExecutor.java:2063)
	at java.util.concurrent.ThreadPoolExecutor.reject(ThreadPoolExecutor.java:830)
	at java.util.concurrent.ThreadPoolExecutor.execute(ThreadPoolExecutor.java:1379)
	at java.util.concurrent.CompletableFuture.asyncSupplyStage(CompletableFuture.java:1618)
	at java.util.concurrent.CompletableFuture.supplyAsync(CompletableFuture.java:1843)
	at org.apache.ratis.server.impl.RaftServerImpl.executeSubmitServerRequestAsync(RaftServerImpl.java:898)
	at org.apache.ratis.server.impl.RaftServerProxy.lambda$appendEntriesAsync$29(RaftServerProxy.java:655)
	at java.util.concurrent.CompletableFuture.uniComposeStage(CompletableFuture.java:995)
	... 13 more
2024-09-15 02:32:26,238 [s1@group-39FE727B82F7-StateMachineUpdater] INFO  impl.SimpleStateMachine4Testing (SimpleStateMachine4Testing.java:applyTransaction(251)) - applyTransaction for log index 87
2024-09-15 02:32:26,238 [s1@group-39FE727B82F7-StateMachineUpdater] INFO  impl.SimpleStateMachine4Testing (SimpleStateMachine4Testing.java:put(207)) - s1: put 87, m42 -> (t:2, i:87), STATEMACHINELOGENTRY, WRITE: logData.size=3, stateMachineData.size=17, logEntryProtoSerializedSize=0
2024-09-15 02:32:26,241 [grpc-default-executor-3] INFO  leader.LogAppender (LogAppenderBase.java:lambda$getNextIndexForError$0(219)) - Decrease nextIndex to 83
2024-09-15 02:32:26,241 [grpc-default-executor-3] INFO  leader.LogAppender (LogAppenderBase.java:lambda$getNextIndexForError$0(219)) - Decrease nextIndex to 83
2024-09-15 02:32:26,241 [grpc-default-executor-3] INFO  leader.FollowerInfo (FollowerInfoImpl.java:info(70)) - s2@group-39FE727B82F7->s0: computeNextIndex nextIndex: updateUnconditionally 88 -> 83
2024-09-15 02:32:26,243 [grpc-default-executor-4] WARN  server.GrpcServerProtocolService (LogUtils.java:warn(123)) - s0: Failed APPEND_ENTRIES request cid=14, isHeartbeat? false
java.util.concurrent.CompletionException: java.util.concurrent.RejectedExecutionException: Task java.util.concurrent.CompletableFuture$AsyncSupply@3bb8785f rejected from java.util.concurrent.ThreadPoolExecutor@107aea74[Terminated, pool size = 0, active threads = 0, queued tasks = 0, completed tasks = 0]
	at java.util.concurrent.CompletableFuture.encodeThrowable(CompletableFuture.java:273)
	at java.util.concurrent.CompletableFuture.uniComposeStage(CompletableFuture.java:1005)
	at java.util.concurrent.CompletableFuture.thenCompose(CompletableFuture.java:2137)
	at org.apache.ratis.server.impl.RaftServerProxy.appendEntriesAsync(RaftServerProxy.java:655)
	at org.apache.ratis.grpc.server.GrpcServerProtocolService$1.process(GrpcServerProtocolService.java:307)
	at org.apache.ratis.grpc.server.GrpcServerProtocolService$ServerRequestStreamObserver.onNext(GrpcServerProtocolService.java:174)
	at org.apache.ratis.thirdparty.io.grpc.stub.ServerCalls$StreamingServerCallHandler$StreamingServerCallListener.onMessage(ServerCalls.java:262)
	at org.apache.ratis.thirdparty.io.grpc.internal.ServerCallImpl$ServerStreamListenerImpl.messagesAvailableInternal(ServerCallImpl.java:329)
	at org.apache.ratis.thirdparty.io.grpc.internal.ServerCallImpl$ServerStreamListenerImpl.messagesAvailable(ServerCallImpl.java:314)
	at org.apache.ratis.thirdparty.io.grpc.internal.ServerImpl$JumpToApplicationThreadServerStreamListener$1MessagesAvailable.runInContext(ServerImpl.java:833)
	at org.apache.ratis.thirdparty.io.grpc.internal.ContextRunnable.run(ContextRunnable.java:37)
	at org.apache.ratis.thirdparty.io.grpc.internal.SerializingExecutor.run(SerializingExecutor.java:133)
	at java.util.concurrent.ThreadPoolExecutor.runWorker(ThreadPoolExecutor.java:1149)
	at java.util.concurrent.ThreadPoolExecutor$Worker.run(ThreadPoolExecutor.java:624)
	at java.lang.Thread.run(Thread.java:750)
Caused by: java.util.concurrent.RejectedExecutionException: Task java.util.concurrent.CompletableFuture$AsyncSupply@3bb8785f rejected from java.util.concurrent.ThreadPoolExecutor@107aea74[Terminated, pool size = 0, active threads = 0, queued tasks = 0, completed tasks = 0]
	at java.util.concurrent.ThreadPoolExecutor$AbortPolicy.rejectedExecution(ThreadPoolExecutor.java:2063)
	at java.util.concurrent.ThreadPoolExecutor.reject(ThreadPoolExecutor.java:830)
	at java.util.concurrent.ThreadPoolExecutor.execute(ThreadPoolExecutor.java:1379)
	at java.util.concurrent.CompletableFuture.asyncSupplyStage(CompletableFuture.java:1618)
	at java.util.concurrent.CompletableFuture.supplyAsync(CompletableFuture.java:1843)
	at org.apache.ratis.server.impl.RaftServerImpl.executeSubmitServerRequestAsync(RaftServerImpl.java:898)
	at org.apache.ratis.server.impl.RaftServerProxy.lambda$appendEntriesAsync$29(RaftServerProxy.java:655)
	at java.util.concurrent.CompletableFuture.uniComposeStage(CompletableFuture.java:995)
	... 13 more
2024-09-15 02:32:26,244 [s2@group-39FE727B82F7-StateMachineUpdater] INFO  impl.SimpleStateMachine4Testing (SimpleStateMachine4Testing.java:applyTransaction(251)) - applyTransaction for log index 89
2024-09-15 02:32:26,244 [s2@group-39FE727B82F7-StateMachineUpdater] INFO  impl.SimpleStateMachine4Testing (SimpleStateMachine4Testing.java:put(207)) - s2: put 89, m43 -> (t:2, i:89), STATEMACHINELOGENTRY, WRITE: logData.size=3, stateMachineData.size=17, logEntryProtoSerializedSize=0
2024-09-15 02:32:26,245 [s1@group-39FE727B82F7-StateMachineUpdater] INFO  impl.SimpleStateMachine4Testing (SimpleStateMachine4Testing.java:applyTransaction(251)) - applyTransaction for log index 89
2024-09-15 02:32:26,245 [s1@group-39FE727B82F7-StateMachineUpdater] INFO  impl.SimpleStateMachine4Testing (SimpleStateMachine4Testing.java:put(207)) - s1: put 89, m43 -> (t:2, i:89), STATEMACHINELOGENTRY, WRITE: logData.size=3, stateMachineData.size=17, logEntryProtoSerializedSize=0
2024-09-15 02:32:26,246 [grpc-default-executor-4] INFO  leader.LogAppender (LogAppenderBase.java:lambda$getNextIndexForError$0(219)) - Decrease nextIndex to 83
2024-09-15 02:32:26,247 [grpc-default-executor-4] INFO  leader.LogAppender (LogAppenderBase.java:lambda$getNextIndexForError$0(219)) - Decrease nextIndex to 83
2024-09-15 02:32:26,247 [grpc-default-executor-4] INFO  leader.FollowerInfo (FollowerInfoImpl.java:info(70)) - s2@group-39FE727B82F7->s0: computeNextIndex nextIndex: updateUnconditionally 89 -> 83
2024-09-15 02:32:26,249 [grpc-default-executor-1] WARN  server.GrpcServerProtocolService (LogUtils.java:warn(123)) - s0: Failed APPEND_ENTRIES request cid=16, isHeartbeat? false
java.util.concurrent.CompletionException: java.util.concurrent.RejectedExecutionException: Task java.util.concurrent.CompletableFuture$AsyncSupply@b63e261 rejected from java.util.concurrent.ThreadPoolExecutor@107aea74[Terminated, pool size = 0, active threads = 0, queued tasks = 0, completed tasks = 0]
	at java.util.concurrent.CompletableFuture.encodeThrowable(CompletableFuture.java:273)
	at java.util.concurrent.CompletableFuture.uniComposeStage(CompletableFuture.java:1005)
	at java.util.concurrent.CompletableFuture.thenCompose(CompletableFuture.java:2137)
	at org.apache.ratis.server.impl.RaftServerProxy.appendEntriesAsync(RaftServerProxy.java:655)
	at org.apache.ratis.grpc.server.GrpcServerProtocolService$1.process(GrpcServerProtocolService.java:307)
	at org.apache.ratis.grpc.server.GrpcServerProtocolService$ServerRequestStreamObserver.onNext(GrpcServerProtocolService.java:174)
	at org.apache.ratis.thirdparty.io.grpc.stub.ServerCalls$StreamingServerCallHandler$StreamingServerCallListener.onMessage(ServerCalls.java:262)
	at org.apache.ratis.thirdparty.io.grpc.internal.ServerCallImpl$ServerStreamListenerImpl.messagesAvailableInternal(ServerCallImpl.java:329)
	at org.apache.ratis.thirdparty.io.grpc.internal.ServerCallImpl$ServerStreamListenerImpl.messagesAvailable(ServerCallImpl.java:314)
	at org.apache.ratis.thirdparty.io.grpc.internal.ServerImpl$JumpToApplicationThreadServerStreamListener$1MessagesAvailable.runInContext(ServerImpl.java:833)
	at org.apache.ratis.thirdparty.io.grpc.internal.ContextRunnable.run(ContextRunnable.java:37)
	at org.apache.ratis.thirdparty.io.grpc.internal.SerializingExecutor.run(SerializingExecutor.java:133)
	at java.util.concurrent.ThreadPoolExecutor.runWorker(ThreadPoolExecutor.java:1149)
	at java.util.concurrent.ThreadPoolExecutor$Worker.run(ThreadPoolExecutor.java:624)
	at java.lang.Thread.run(Thread.java:750)
Caused by: java.util.concurrent.RejectedExecutionException: Task java.util.concurrent.CompletableFuture$AsyncSupply@b63e261 rejected from java.util.concurrent.ThreadPoolExecutor@107aea74[Terminated, pool size = 0, active threads = 0, queued tasks = 0, completed tasks = 0]
	at java.util.concurrent.ThreadPoolExecutor$AbortPolicy.rejectedExecution(ThreadPoolExecutor.java:2063)
	at java.util.concurrent.ThreadPoolExecutor.reject(ThreadPoolExecutor.java:830)
	at java.util.concurrent.ThreadPoolExecutor.execute(ThreadPoolExecutor.java:1379)
	at java.util.concurrent.CompletableFuture.asyncSupplyStage(CompletableFuture.java:1618)
	at java.util.concurrent.CompletableFuture.supplyAsync(CompletableFuture.java:1843)
	at org.apache.ratis.server.impl.RaftServerImpl.executeSubmitServerRequestAsync(RaftServerImpl.java:898)
	at org.apache.ratis.server.impl.RaftServerProxy.lambda$appendEntriesAsync$29(RaftServerProxy.java:655)
	at java.util.concurrent.CompletableFuture.uniComposeStage(CompletableFuture.java:995)
	... 13 more
2024-09-15 02:32:26,249 [s2@group-39FE727B82F7-StateMachineUpdater] INFO  impl.SimpleStateMachine4Testing (SimpleStateMachine4Testing.java:applyTransaction(251)) - applyTransaction for log index 91
2024-09-15 02:32:26,250 [s2@group-39FE727B82F7-StateMachineUpdater] INFO  impl.SimpleStateMachine4Testing (SimpleStateMachine4Testing.java:put(207)) - s2: put 91, m44 -> (t:2, i:91), STATEMACHINELOGENTRY, WRITE: logData.size=3, stateMachineData.size=17, logEntryProtoSerializedSize=0
2024-09-15 02:32:26,251 [s1@group-39FE727B82F7-StateMachineUpdater] INFO  impl.SimpleStateMachine4Testing (SimpleStateMachine4Testing.java:applyTransaction(251)) - applyTransaction for log index 91
2024-09-15 02:32:26,251 [s1@group-39FE727B82F7-StateMachineUpdater] INFO  impl.SimpleStateMachine4Testing (SimpleStateMachine4Testing.java:put(207)) - s1: put 91, m44 -> (t:2, i:91), STATEMACHINELOGENTRY, WRITE: logData.size=3, stateMachineData.size=17, logEntryProtoSerializedSize=0
2024-09-15 02:32:26,254 [grpc-default-executor-3] INFO  leader.LogAppender (LogAppenderBase.java:lambda$getNextIndexForError$0(219)) - Decrease nextIndex to 83
2024-09-15 02:32:26,254 [grpc-default-executor-3] INFO  leader.LogAppender (LogAppenderBase.java:lambda$getNextIndexForError$0(219)) - Decrease nextIndex to 83
2024-09-15 02:32:26,254 [grpc-default-executor-3] INFO  leader.FollowerInfo (FollowerInfoImpl.java:info(70)) - s2@group-39FE727B82F7->s0: computeNextIndex nextIndex: updateUnconditionally 91 -> 83
2024-09-15 02:32:26,257 [s2@group-39FE727B82F7-StateMachineUpdater] INFO  impl.SimpleStateMachine4Testing (SimpleStateMachine4Testing.java:applyTransaction(251)) - applyTransaction for log index 93
2024-09-15 02:32:26,257 [s2@group-39FE727B82F7-StateMachineUpdater] INFO  impl.SimpleStateMachine4Testing (SimpleStateMachine4Testing.java:put(207)) - s2: put 93, m45 -> (t:2, i:93), STATEMACHINELOGENTRY, WRITE: logData.size=3, stateMachineData.size=17, logEntryProtoSerializedSize=0
2024-09-15 02:32:26,258 [s1@group-39FE727B82F7-StateMachineUpdater] INFO  impl.SimpleStateMachine4Testing (SimpleStateMachine4Testing.java:applyTransaction(251)) - applyTransaction for log index 93
2024-09-15 02:32:26,258 [s1@group-39FE727B82F7-StateMachineUpdater] INFO  impl.SimpleStateMachine4Testing (SimpleStateMachine4Testing.java:put(207)) - s1: put 93, m45 -> (t:2, i:93), STATEMACHINELOGENTRY, WRITE: logData.size=3, stateMachineData.size=17, logEntryProtoSerializedSize=0
2024-09-15 02:32:26,259 [grpc-default-executor-3] WARN  server.GrpcServerProtocolService (LogUtils.java:warn(123)) - s0: Failed APPEND_ENTRIES request cid=19, isHeartbeat? false
java.util.concurrent.CompletionException: java.util.concurrent.RejectedExecutionException: Task java.util.concurrent.CompletableFuture$AsyncSupply@f6a05c2 rejected from java.util.concurrent.ThreadPoolExecutor@107aea74[Terminated, pool size = 0, active threads = 0, queued tasks = 0, completed tasks = 0]
	at java.util.concurrent.CompletableFuture.encodeThrowable(CompletableFuture.java:273)
	at java.util.concurrent.CompletableFuture.uniComposeStage(CompletableFuture.java:1005)
	at java.util.concurrent.CompletableFuture.thenCompose(CompletableFuture.java:2137)
	at org.apache.ratis.server.impl.RaftServerProxy.appendEntriesAsync(RaftServerProxy.java:655)
	at org.apache.ratis.grpc.server.GrpcServerProtocolService$1.process(GrpcServerProtocolService.java:307)
	at org.apache.ratis.grpc.server.GrpcServerProtocolService$ServerRequestStreamObserver.onNext(GrpcServerProtocolService.java:174)
	at org.apache.ratis.thirdparty.io.grpc.stub.ServerCalls$StreamingServerCallHandler$StreamingServerCallListener.onMessage(ServerCalls.java:262)
	at org.apache.ratis.thirdparty.io.grpc.internal.ServerCallImpl$ServerStreamListenerImpl.messagesAvailableInternal(ServerCallImpl.java:329)
	at org.apache.ratis.thirdparty.io.grpc.internal.ServerCallImpl$ServerStreamListenerImpl.messagesAvailable(ServerCallImpl.java:314)
	at org.apache.ratis.thirdparty.io.grpc.internal.ServerImpl$JumpToApplicationThreadServerStreamListener$1MessagesAvailable.runInContext(ServerImpl.java:833)
	at org.apache.ratis.thirdparty.io.grpc.internal.ContextRunnable.run(ContextRunnable.java:37)
	at org.apache.ratis.thirdparty.io.grpc.internal.SerializingExecutor.run(SerializingExecutor.java:133)
	at java.util.concurrent.ThreadPoolExecutor.runWorker(ThreadPoolExecutor.java:1149)
	at java.util.concurrent.ThreadPoolExecutor$Worker.run(ThreadPoolExecutor.java:624)
	at java.lang.Thread.run(Thread.java:750)
Caused by: java.util.concurrent.RejectedExecutionException: Task java.util.concurrent.CompletableFuture$AsyncSupply@f6a05c2 rejected from java.util.concurrent.ThreadPoolExecutor@107aea74[Terminated, pool size = 0, active threads = 0, queued tasks = 0, completed tasks = 0]
	at java.util.concurrent.ThreadPoolExecutor$AbortPolicy.rejectedExecution(ThreadPoolExecutor.java:2063)
	at java.util.concurrent.ThreadPoolExecutor.reject(ThreadPoolExecutor.java:830)
	at java.util.concurrent.ThreadPoolExecutor.execute(ThreadPoolExecutor.java:1379)
	at java.util.concurrent.CompletableFuture.asyncSupplyStage(CompletableFuture.java:1618)
	at java.util.concurrent.CompletableFuture.supplyAsync(CompletableFuture.java:1843)
	at org.apache.ratis.server.impl.RaftServerImpl.executeSubmitServerRequestAsync(RaftServerImpl.java:898)
	at org.apache.ratis.server.impl.RaftServerProxy.lambda$appendEntriesAsync$29(RaftServerProxy.java:655)
	at java.util.concurrent.CompletableFuture.uniComposeStage(CompletableFuture.java:995)
	... 13 more
2024-09-15 02:32:26,262 [grpc-default-executor-4] INFO  leader.LogAppender (LogAppenderBase.java:lambda$getNextIndexForError$0(219)) - Decrease nextIndex to 83
2024-09-15 02:32:26,262 [grpc-default-executor-4] INFO  leader.LogAppender (LogAppenderBase.java:lambda$getNextIndexForError$0(219)) - Decrease nextIndex to 83
2024-09-15 02:32:26,262 [grpc-default-executor-4] INFO  leader.FollowerInfo (FollowerInfoImpl.java:info(70)) - s2@group-39FE727B82F7->s0: computeNextIndex nextIndex: updateUnconditionally 94 -> 83
2024-09-15 02:32:26,264 [grpc-default-executor-3] WARN  server.GrpcServerProtocolService (LogUtils.java:warn(123)) - s0: Failed APPEND_ENTRIES request cid=21, isHeartbeat? false
java.util.concurrent.CompletionException: java.util.concurrent.RejectedExecutionException: Task java.util.concurrent.CompletableFuture$AsyncSupply@5b60ebac rejected from java.util.concurrent.ThreadPoolExecutor@107aea74[Terminated, pool size = 0, active threads = 0, queued tasks = 0, completed tasks = 0]
	at java.util.concurrent.CompletableFuture.encodeThrowable(CompletableFuture.java:273)
	at java.util.concurrent.CompletableFuture.uniComposeStage(CompletableFuture.java:1005)
	at java.util.concurrent.CompletableFuture.thenCompose(CompletableFuture.java:2137)
	at org.apache.ratis.server.impl.RaftServerProxy.appendEntriesAsync(RaftServerProxy.java:655)
	at org.apache.ratis.grpc.server.GrpcServerProtocolService$1.process(GrpcServerProtocolService.java:307)
	at org.apache.ratis.grpc.server.GrpcServerProtocolService$ServerRequestStreamObserver.onNext(GrpcServerProtocolService.java:174)
	at org.apache.ratis.thirdparty.io.grpc.stub.ServerCalls$StreamingServerCallHandler$StreamingServerCallListener.onMessage(ServerCalls.java:262)
	at org.apache.ratis.thirdparty.io.grpc.internal.ServerCallImpl$ServerStreamListenerImpl.messagesAvailableInternal(ServerCallImpl.java:329)
	at org.apache.ratis.thirdparty.io.grpc.internal.ServerCallImpl$ServerStreamListenerImpl.messagesAvailable(ServerCallImpl.java:314)
	at org.apache.ratis.thirdparty.io.grpc.internal.ServerImpl$JumpToApplicationThreadServerStreamListener$1MessagesAvailable.runInContext(ServerImpl.java:833)
	at org.apache.ratis.thirdparty.io.grpc.internal.ContextRunnable.run(ContextRunnable.java:37)
	at org.apache.ratis.thirdparty.io.grpc.internal.SerializingExecutor.run(SerializingExecutor.java:133)
	at java.util.concurrent.ThreadPoolExecutor.runWorker(ThreadPoolExecutor.java:1149)
	at java.util.concurrent.ThreadPoolExecutor$Worker.run(ThreadPoolExecutor.java:624)
	at java.lang.Thread.run(Thread.java:750)
Caused by: java.util.concurrent.RejectedExecutionException: Task java.util.concurrent.CompletableFuture$AsyncSupply@5b60ebac rejected from java.util.concurrent.ThreadPoolExecutor@107aea74[Terminated, pool size = 0, active threads = 0, queued tasks = 0, completed tasks = 0]
	at java.util.concurrent.ThreadPoolExecutor$AbortPolicy.rejectedExecution(ThreadPoolExecutor.java:2063)
	at java.util.concurrent.ThreadPoolExecutor.reject(ThreadPoolExecutor.java:830)
	at java.util.concurrent.ThreadPoolExecutor.execute(ThreadPoolExecutor.java:1379)
	at java.util.concurrent.CompletableFuture.asyncSupplyStage(CompletableFuture.java:1618)
	at java.util.concurrent.CompletableFuture.supplyAsync(CompletableFuture.java:1843)
	at org.apache.ratis.server.impl.RaftServerImpl.executeSubmitServerRequestAsync(RaftServerImpl.java:898)
	at org.apache.ratis.server.impl.RaftServerProxy.lambda$appendEntriesAsync$29(RaftServerProxy.java:655)
	at java.util.concurrent.CompletableFuture.uniComposeStage(CompletableFuture.java:995)
	... 13 more
2024-09-15 02:32:26,265 [s2@group-39FE727B82F7-StateMachineUpdater] INFO  impl.SimpleStateMachine4Testing (SimpleStateMachine4Testing.java:applyTransaction(251)) - applyTransaction for log index 95
2024-09-15 02:32:26,265 [s2@group-39FE727B82F7-StateMachineUpdater] INFO  impl.SimpleStateMachine4Testing (SimpleStateMachine4Testing.java:put(207)) - s2: put 95, m46 -> (t:2, i:95), STATEMACHINELOGENTRY, WRITE: logData.size=3, stateMachineData.size=17, logEntryProtoSerializedSize=0
2024-09-15 02:32:26,266 [s1@group-39FE727B82F7-StateMachineUpdater] INFO  impl.SimpleStateMachine4Testing (SimpleStateMachine4Testing.java:applyTransaction(251)) - applyTransaction for log index 95
2024-09-15 02:32:26,266 [s1@group-39FE727B82F7-StateMachineUpdater] INFO  impl.SimpleStateMachine4Testing (SimpleStateMachine4Testing.java:put(207)) - s1: put 95, m46 -> (t:2, i:95), STATEMACHINELOGENTRY, WRITE: logData.size=3, stateMachineData.size=17, logEntryProtoSerializedSize=0
2024-09-15 02:32:26,269 [grpc-default-executor-1] INFO  leader.LogAppender (LogAppenderBase.java:lambda$getNextIndexForError$0(219)) - Decrease nextIndex to 83
2024-09-15 02:32:26,269 [grpc-default-executor-1] INFO  leader.LogAppender (LogAppenderBase.java:lambda$getNextIndexForError$0(219)) - Decrease nextIndex to 83
2024-09-15 02:32:26,269 [grpc-default-executor-1] INFO  leader.FollowerInfo (FollowerInfoImpl.java:info(70)) - s2@group-39FE727B82F7->s0: computeNextIndex nextIndex: updateUnconditionally 96 -> 83
2024-09-15 02:32:26,272 [s2@group-39FE727B82F7-StateMachineUpdater] INFO  impl.SimpleStateMachine4Testing (SimpleStateMachine4Testing.java:applyTransaction(251)) - applyTransaction for log index 97
2024-09-15 02:32:26,273 [s2@group-39FE727B82F7-StateMachineUpdater] INFO  impl.SimpleStateMachine4Testing (SimpleStateMachine4Testing.java:put(207)) - s2: put 97, m47 -> (t:2, i:97), STATEMACHINELOGENTRY, WRITE: logData.size=3, stateMachineData.size=17, logEntryProtoSerializedSize=0
2024-09-15 02:32:26,274 [s1@group-39FE727B82F7-StateMachineUpdater] INFO  impl.SimpleStateMachine4Testing (SimpleStateMachine4Testing.java:applyTransaction(251)) - applyTransaction for log index 97
2024-09-15 02:32:26,274 [s1@group-39FE727B82F7-StateMachineUpdater] INFO  impl.SimpleStateMachine4Testing (SimpleStateMachine4Testing.java:put(207)) - s1: put 97, m47 -> (t:2, i:97), STATEMACHINELOGENTRY, WRITE: logData.size=3, stateMachineData.size=17, logEntryProtoSerializedSize=0
2024-09-15 02:32:26,275 [grpc-default-executor-3] WARN  server.GrpcServerProtocolService (LogUtils.java:warn(123)) - s0: Failed APPEND_ENTRIES request cid=24, isHeartbeat? false
java.util.concurrent.CompletionException: java.util.concurrent.RejectedExecutionException: Task java.util.concurrent.CompletableFuture$AsyncSupply@785441ed rejected from java.util.concurrent.ThreadPoolExecutor@107aea74[Terminated, pool size = 0, active threads = 0, queued tasks = 0, completed tasks = 0]
	at java.util.concurrent.CompletableFuture.encodeThrowable(CompletableFuture.java:273)
	at java.util.concurrent.CompletableFuture.uniComposeStage(CompletableFuture.java:1005)
	at java.util.concurrent.CompletableFuture.thenCompose(CompletableFuture.java:2137)
	at org.apache.ratis.server.impl.RaftServerProxy.appendEntriesAsync(RaftServerProxy.java:655)
	at org.apache.ratis.grpc.server.GrpcServerProtocolService$1.process(GrpcServerProtocolService.java:307)
	at org.apache.ratis.grpc.server.GrpcServerProtocolService$ServerRequestStreamObserver.onNext(GrpcServerProtocolService.java:174)
	at org.apache.ratis.thirdparty.io.grpc.stub.ServerCalls$StreamingServerCallHandler$StreamingServerCallListener.onMessage(ServerCalls.java:262)
	at org.apache.ratis.thirdparty.io.grpc.internal.ServerCallImpl$ServerStreamListenerImpl.messagesAvailableInternal(ServerCallImpl.java:329)
	at org.apache.ratis.thirdparty.io.grpc.internal.ServerCallImpl$ServerStreamListenerImpl.messagesAvailable(ServerCallImpl.java:314)
	at org.apache.ratis.thirdparty.io.grpc.internal.ServerImpl$JumpToApplicationThreadServerStreamListener$1MessagesAvailable.runInContext(ServerImpl.java:833)
	at org.apache.ratis.thirdparty.io.grpc.internal.ContextRunnable.run(ContextRunnable.java:37)
	at org.apache.ratis.thirdparty.io.grpc.internal.SerializingExecutor.run(SerializingExecutor.java:133)
	at java.util.concurrent.ThreadPoolExecutor.runWorker(ThreadPoolExecutor.java:1149)
	at java.util.concurrent.ThreadPoolExecutor$Worker.run(ThreadPoolExecutor.java:624)
	at java.lang.Thread.run(Thread.java:750)
Caused by: java.util.concurrent.RejectedExecutionException: Task java.util.concurrent.CompletableFuture$AsyncSupply@785441ed rejected from java.util.concurrent.ThreadPoolExecutor@107aea74[Terminated, pool size = 0, active threads = 0, queued tasks = 0, completed tasks = 0]
	at java.util.concurrent.ThreadPoolExecutor$AbortPolicy.rejectedExecution(ThreadPoolExecutor.java:2063)
	at java.util.concurrent.ThreadPoolExecutor.reject(ThreadPoolExecutor.java:830)
	at java.util.concurrent.ThreadPoolExecutor.execute(ThreadPoolExecutor.java:1379)
	at java.util.concurrent.CompletableFuture.asyncSupplyStage(CompletableFuture.java:1618)
	at java.util.concurrent.CompletableFuture.supplyAsync(CompletableFuture.java:1843)
	at org.apache.ratis.server.impl.RaftServerImpl.executeSubmitServerRequestAsync(RaftServerImpl.java:898)
	at org.apache.ratis.server.impl.RaftServerProxy.lambda$appendEntriesAsync$29(RaftServerProxy.java:655)
	at java.util.concurrent.CompletableFuture.uniComposeStage(CompletableFuture.java:995)
	... 13 more
2024-09-15 02:32:26,277 [s2@group-39FE727B82F7-StateMachineUpdater] INFO  impl.SimpleStateMachine4Testing (SimpleStateMachine4Testing.java:applyTransaction(251)) - applyTransaction for log index 99
2024-09-15 02:32:26,277 [s2@group-39FE727B82F7-StateMachineUpdater] INFO  impl.SimpleStateMachine4Testing (SimpleStateMachine4Testing.java:put(207)) - s2: put 99, m48 -> (t:2, i:99), STATEMACHINELOGENTRY, WRITE: logData.size=3, stateMachineData.size=17, logEntryProtoSerializedSize=0
2024-09-15 02:32:26,279 [s1@group-39FE727B82F7-StateMachineUpdater] INFO  impl.SimpleStateMachine4Testing (SimpleStateMachine4Testing.java:applyTransaction(251)) - applyTransaction for log index 99
2024-09-15 02:32:26,279 [s1@group-39FE727B82F7-StateMachineUpdater] INFO  impl.SimpleStateMachine4Testing (SimpleStateMachine4Testing.java:put(207)) - s1: put 99, m48 -> (t:2, i:99), STATEMACHINELOGENTRY, WRITE: logData.size=3, stateMachineData.size=17, logEntryProtoSerializedSize=0
2024-09-15 02:32:26,281 [grpc-default-executor-3] INFO  leader.LogAppender (LogAppenderBase.java:lambda$getNextIndexForError$0(219)) - Decrease nextIndex to 83
2024-09-15 02:32:26,281 [grpc-default-executor-3] INFO  leader.LogAppender (LogAppenderBase.java:lambda$getNextIndexForError$0(219)) - Decrease nextIndex to 83
2024-09-15 02:32:26,281 [grpc-default-executor-3] INFO  leader.FollowerInfo (FollowerInfoImpl.java:info(70)) - s2@group-39FE727B82F7->s0: computeNextIndex nextIndex: updateUnconditionally 98 -> 83
2024-09-15 02:32:26,282 [s2@group-39FE727B82F7-StateMachineUpdater] INFO  impl.SimpleStateMachine4Testing (SimpleStateMachine4Testing.java:applyTransaction(251)) - applyTransaction for log index 101
2024-09-15 02:32:26,282 [s2@group-39FE727B82F7-StateMachineUpdater] INFO  impl.SimpleStateMachine4Testing (SimpleStateMachine4Testing.java:put(207)) - s2: put 101, m49 -> (t:2, i:101), STATEMACHINELOGENTRY, WRITE: logData.size=3, stateMachineData.size=17, logEntryProtoSerializedSize=0
2024-09-15 02:32:26,284 [s1@group-39FE727B82F7-StateMachineUpdater] INFO  impl.SimpleStateMachine4Testing (SimpleStateMachine4Testing.java:applyTransaction(251)) - applyTransaction for log index 101
2024-09-15 02:32:26,284 [s1@group-39FE727B82F7-StateMachineUpdater] INFO  impl.SimpleStateMachine4Testing (SimpleStateMachine4Testing.java:put(207)) - s1: put 101, m49 -> (t:2, i:101), STATEMACHINELOGENTRY, WRITE: logData.size=3, stateMachineData.size=17, logEntryProtoSerializedSize=0
2024-09-15 02:32:26,286 [grpc-default-executor-2] WARN  server.GrpcServerProtocolService (LogUtils.java:warn(123)) - s0: Failed APPEND_ENTRIES request cid=29, isHeartbeat? false
java.util.concurrent.CompletionException: java.util.concurrent.RejectedExecutionException: Task java.util.concurrent.CompletableFuture$AsyncSupply@1383b901 rejected from java.util.concurrent.ThreadPoolExecutor@107aea74[Terminated, pool size = 0, active threads = 0, queued tasks = 0, completed tasks = 0]
	at java.util.concurrent.CompletableFuture.encodeThrowable(CompletableFuture.java:273)
	at java.util.concurrent.CompletableFuture.uniComposeStage(CompletableFuture.java:1005)
	at java.util.concurrent.CompletableFuture.thenCompose(CompletableFuture.java:2137)
	at org.apache.ratis.server.impl.RaftServerProxy.appendEntriesAsync(RaftServerProxy.java:655)
	at org.apache.ratis.grpc.server.GrpcServerProtocolService$1.process(GrpcServerProtocolService.java:307)
	at org.apache.ratis.grpc.server.GrpcServerProtocolService$ServerRequestStreamObserver.onNext(GrpcServerProtocolService.java:174)
	at org.apache.ratis.thirdparty.io.grpc.stub.ServerCalls$StreamingServerCallHandler$StreamingServerCallListener.onMessage(ServerCalls.java:262)
	at org.apache.ratis.thirdparty.io.grpc.internal.ServerCallImpl$ServerStreamListenerImpl.messagesAvailableInternal(ServerCallImpl.java:329)
	at org.apache.ratis.thirdparty.io.grpc.internal.ServerCallImpl$ServerStreamListenerImpl.messagesAvailable(ServerCallImpl.java:314)
	at org.apache.ratis.thirdparty.io.grpc.internal.ServerImpl$JumpToApplicationThreadServerStreamListener$1MessagesAvailable.runInContext(ServerImpl.java:833)
	at org.apache.ratis.thirdparty.io.grpc.internal.ContextRunnable.run(ContextRunnable.java:37)
	at org.apache.ratis.thirdparty.io.grpc.internal.SerializingExecutor.run(SerializingExecutor.java:133)
	at java.util.concurrent.ThreadPoolExecutor.runWorker(ThreadPoolExecutor.java:1149)
	at java.util.concurrent.ThreadPoolExecutor$Worker.run(ThreadPoolExecutor.java:624)
	at java.lang.Thread.run(Thread.java:750)
Caused by: java.util.concurrent.RejectedExecutionException: Task java.util.concurrent.CompletableFuture$AsyncSupply@1383b901 rejected from java.util.concurrent.ThreadPoolExecutor@107aea74[Terminated, pool size = 0, active threads = 0, queued tasks = 0, completed tasks = 0]
	at java.util.concurrent.ThreadPoolExecutor$AbortPolicy.rejectedExecution(ThreadPoolExecutor.java:2063)
	at java.util.concurrent.ThreadPoolExecutor.reject(ThreadPoolExecutor.java:830)
	at java.util.concurrent.ThreadPoolExecutor.execute(ThreadPoolExecutor.java:1379)
	at java.util.concurrent.CompletableFuture.asyncSupplyStage(CompletableFuture.java:1618)
	at java.util.concurrent.CompletableFuture.supplyAsync(CompletableFuture.java:1843)
	at org.apache.ratis.server.impl.RaftServerImpl.executeSubmitServerRequestAsync(RaftServerImpl.java:898)
	at org.apache.ratis.server.impl.RaftServerProxy.lambda$appendEntriesAsync$29(RaftServerProxy.java:655)
	at java.util.concurrent.CompletableFuture.uniComposeStage(CompletableFuture.java:995)
	... 13 more
2024-09-15 02:32:26,288 [s2@group-39FE727B82F7-StateMachineUpdater] INFO  impl.SimpleStateMachine4Testing (SimpleStateMachine4Testing.java:applyTransaction(251)) - applyTransaction for log index 103
2024-09-15 02:32:26,288 [s2@group-39FE727B82F7-StateMachineUpdater] INFO  impl.SimpleStateMachine4Testing (SimpleStateMachine4Testing.java:put(207)) - s2: put 103, m50 -> (t:2, i:103), STATEMACHINELOGENTRY, WRITE: logData.size=3, stateMachineData.size=17, logEntryProtoSerializedSize=0
2024-09-15 02:32:26,290 [s1@group-39FE727B82F7-StateMachineUpdater] INFO  impl.SimpleStateMachine4Testing (SimpleStateMachine4Testing.java:applyTransaction(251)) - applyTransaction for log index 103
2024-09-15 02:32:26,290 [s1@group-39FE727B82F7-StateMachineUpdater] INFO  impl.SimpleStateMachine4Testing (SimpleStateMachine4Testing.java:put(207)) - s1: put 103, m50 -> (t:2, i:103), STATEMACHINELOGENTRY, WRITE: logData.size=3, stateMachineData.size=17, logEntryProtoSerializedSize=0
2024-09-15 02:32:26,290 [grpc-default-executor-2] INFO  leader.LogAppender (LogAppenderBase.java:lambda$getNextIndexForError$0(219)) - Decrease nextIndex to 83
2024-09-15 02:32:26,290 [grpc-default-executor-2] INFO  leader.LogAppender (LogAppenderBase.java:lambda$getNextIndexForError$0(219)) - Decrease nextIndex to 83
2024-09-15 02:32:26,290 [grpc-default-executor-2] INFO  leader.FollowerInfo (FollowerInfoImpl.java:info(70)) - s2@group-39FE727B82F7->s0: computeNextIndex nextIndex: updateUnconditionally 103 -> 83
2024-09-15 02:32:26,294 [grpc-default-executor-2] WARN  server.GrpcServerProtocolService (LogUtils.java:warn(123)) - s0: Failed APPEND_ENTRIES request cid=32, isHeartbeat? false
java.util.concurrent.CompletionException: java.util.concurrent.RejectedExecutionException: Task java.util.concurrent.CompletableFuture$AsyncSupply@781f8410 rejected from java.util.concurrent.ThreadPoolExecutor@107aea74[Terminated, pool size = 0, active threads = 0, queued tasks = 0, completed tasks = 0]
	at java.util.concurrent.CompletableFuture.encodeThrowable(CompletableFuture.java:273)
	at java.util.concurrent.CompletableFuture.uniComposeStage(CompletableFuture.java:1005)
	at java.util.concurrent.CompletableFuture.thenCompose(CompletableFuture.java:2137)
	at org.apache.ratis.server.impl.RaftServerProxy.appendEntriesAsync(RaftServerProxy.java:655)
	at org.apache.ratis.grpc.server.GrpcServerProtocolService$1.process(GrpcServerProtocolService.java:307)
	at org.apache.ratis.grpc.server.GrpcServerProtocolService$ServerRequestStreamObserver.onNext(GrpcServerProtocolService.java:174)
	at org.apache.ratis.thirdparty.io.grpc.stub.ServerCalls$StreamingServerCallHandler$StreamingServerCallListener.onMessage(ServerCalls.java:262)
	at org.apache.ratis.thirdparty.io.grpc.internal.ServerCallImpl$ServerStreamListenerImpl.messagesAvailableInternal(ServerCallImpl.java:329)
	at org.apache.ratis.thirdparty.io.grpc.internal.ServerCallImpl$ServerStreamListenerImpl.messagesAvailable(ServerCallImpl.java:314)
	at org.apache.ratis.thirdparty.io.grpc.internal.ServerImpl$JumpToApplicationThreadServerStreamListener$1MessagesAvailable.runInContext(ServerImpl.java:833)
	at org.apache.ratis.thirdparty.io.grpc.internal.ContextRunnable.run(ContextRunnable.java:37)
	at org.apache.ratis.thirdparty.io.grpc.internal.SerializingExecutor.run(SerializingExecutor.java:133)
	at java.util.concurrent.ThreadPoolExecutor.runWorker(ThreadPoolExecutor.java:1149)
	at java.util.concurrent.ThreadPoolExecutor$Worker.run(ThreadPoolExecutor.java:624)
	at java.lang.Thread.run(Thread.java:750)
Caused by: java.util.concurrent.RejectedExecutionException: Task java.util.concurrent.CompletableFuture$AsyncSupply@781f8410 rejected from java.util.concurrent.ThreadPoolExecutor@107aea74[Terminated, pool size = 0, active threads = 0, queued tasks = 0, completed tasks = 0]
	at java.util.concurrent.ThreadPoolExecutor$AbortPolicy.rejectedExecution(ThreadPoolExecutor.java:2063)
	at java.util.concurrent.ThreadPoolExecutor.reject(ThreadPoolExecutor.java:830)
	at java.util.concurrent.ThreadPoolExecutor.execute(ThreadPoolExecutor.java:1379)
	at java.util.concurrent.CompletableFuture.asyncSupplyStage(CompletableFuture.java:1618)
	at java.util.concurrent.CompletableFuture.supplyAsync(CompletableFuture.java:1843)
	at org.apache.ratis.server.impl.RaftServerImpl.executeSubmitServerRequestAsync(RaftServerImpl.java:898)
	at org.apache.ratis.server.impl.RaftServerProxy.lambda$appendEntriesAsync$29(RaftServerProxy.java:655)
	at java.util.concurrent.CompletableFuture.uniComposeStage(CompletableFuture.java:995)
	... 13 more
2024-09-15 02:32:26,294 [s2@group-39FE727B82F7-StateMachineUpdater] INFO  impl.SimpleStateMachine4Testing (SimpleStateMachine4Testing.java:applyTransaction(251)) - applyTransaction for log index 105
2024-09-15 02:32:26,295 [s2@group-39FE727B82F7-StateMachineUpdater] INFO  impl.SimpleStateMachine4Testing (SimpleStateMachine4Testing.java:put(207)) - s2: put 105, m51 -> (t:2, i:105), STATEMACHINELOGENTRY, WRITE: logData.size=3, stateMachineData.size=17, logEntryProtoSerializedSize=0
2024-09-15 02:32:26,296 [s1@group-39FE727B82F7-StateMachineUpdater] INFO  impl.SimpleStateMachine4Testing (SimpleStateMachine4Testing.java:applyTransaction(251)) - applyTransaction for log index 105
2024-09-15 02:32:26,296 [s1@group-39FE727B82F7-StateMachineUpdater] INFO  impl.SimpleStateMachine4Testing (SimpleStateMachine4Testing.java:put(207)) - s1: put 105, m51 -> (t:2, i:105), STATEMACHINELOGENTRY, WRITE: logData.size=3, stateMachineData.size=17, logEntryProtoSerializedSize=0
2024-09-15 02:32:26,298 [grpc-default-executor-4] INFO  leader.LogAppender (LogAppenderBase.java:lambda$getNextIndexForError$0(219)) - Decrease nextIndex to 83
2024-09-15 02:32:26,298 [grpc-default-executor-4] INFO  leader.LogAppender (LogAppenderBase.java:lambda$getNextIndexForError$0(219)) - Decrease nextIndex to 83
2024-09-15 02:32:26,298 [grpc-default-executor-4] INFO  leader.FollowerInfo (FollowerInfoImpl.java:info(70)) - s2@group-39FE727B82F7->s0: computeNextIndex nextIndex: updateUnconditionally 105 -> 83
2024-09-15 02:32:26,302 [s2@group-39FE727B82F7-StateMachineUpdater] INFO  impl.SimpleStateMachine4Testing (SimpleStateMachine4Testing.java:applyTransaction(251)) - applyTransaction for log index 107
2024-09-15 02:32:26,302 [s2@group-39FE727B82F7-StateMachineUpdater] INFO  impl.SimpleStateMachine4Testing (SimpleStateMachine4Testing.java:put(207)) - s2: put 107, m52 -> (t:2, i:107), STATEMACHINELOGENTRY, WRITE: logData.size=3, stateMachineData.size=17, logEntryProtoSerializedSize=0
2024-09-15 02:32:26,302 [grpc-default-executor-3] WARN  server.GrpcServerProtocolService (LogUtils.java:warn(123)) - s0: Failed APPEND_ENTRIES request cid=36, isHeartbeat? false
java.util.concurrent.CompletionException: java.util.concurrent.RejectedExecutionException: Task java.util.concurrent.CompletableFuture$AsyncSupply@655067eb rejected from java.util.concurrent.ThreadPoolExecutor@107aea74[Terminated, pool size = 0, active threads = 0, queued tasks = 0, completed tasks = 0]
	at java.util.concurrent.CompletableFuture.encodeThrowable(CompletableFuture.java:273)
	at java.util.concurrent.CompletableFuture.uniComposeStage(CompletableFuture.java:1005)
	at java.util.concurrent.CompletableFuture.thenCompose(CompletableFuture.java:2137)
	at org.apache.ratis.server.impl.RaftServerProxy.appendEntriesAsync(RaftServerProxy.java:655)
	at org.apache.ratis.grpc.server.GrpcServerProtocolService$1.process(GrpcServerProtocolService.java:307)
	at org.apache.ratis.grpc.server.GrpcServerProtocolService$ServerRequestStreamObserver.onNext(GrpcServerProtocolService.java:174)
	at org.apache.ratis.thirdparty.io.grpc.stub.ServerCalls$StreamingServerCallHandler$StreamingServerCallListener.onMessage(ServerCalls.java:262)
	at org.apache.ratis.thirdparty.io.grpc.internal.ServerCallImpl$ServerStreamListenerImpl.messagesAvailableInternal(ServerCallImpl.java:329)
	at org.apache.ratis.thirdparty.io.grpc.internal.ServerCallImpl$ServerStreamListenerImpl.messagesAvailable(ServerCallImpl.java:314)
	at org.apache.ratis.thirdparty.io.grpc.internal.ServerImpl$JumpToApplicationThreadServerStreamListener$1MessagesAvailable.runInContext(ServerImpl.java:833)
	at org.apache.ratis.thirdparty.io.grpc.internal.ContextRunnable.run(ContextRunnable.java:37)
	at org.apache.ratis.thirdparty.io.grpc.internal.SerializingExecutor.run(SerializingExecutor.java:133)
	at java.util.concurrent.ThreadPoolExecutor.runWorker(ThreadPoolExecutor.java:1149)
	at java.util.concurrent.ThreadPoolExecutor$Worker.run(ThreadPoolExecutor.java:624)
	at java.lang.Thread.run(Thread.java:750)
Caused by: java.util.concurrent.RejectedExecutionException: Task java.util.concurrent.CompletableFuture$AsyncSupply@655067eb rejected from java.util.concurrent.ThreadPoolExecutor@107aea74[Terminated, pool size = 0, active threads = 0, queued tasks = 0, completed tasks = 0]
	at java.util.concurrent.ThreadPoolExecutor$AbortPolicy.rejectedExecution(ThreadPoolExecutor.java:2063)
	at java.util.concurrent.ThreadPoolExecutor.reject(ThreadPoolExecutor.java:830)
	at java.util.concurrent.ThreadPoolExecutor.execute(ThreadPoolExecutor.java:1379)
	at java.util.concurrent.CompletableFuture.asyncSupplyStage(CompletableFuture.java:1618)
	at java.util.concurrent.CompletableFuture.supplyAsync(CompletableFuture.java:1843)
	at org.apache.ratis.server.impl.RaftServerImpl.executeSubmitServerRequestAsync(RaftServerImpl.java:898)
	at org.apache.ratis.server.impl.RaftServerProxy.lambda$appendEntriesAsync$29(RaftServerProxy.java:655)
	at java.util.concurrent.CompletableFuture.uniComposeStage(CompletableFuture.java:995)
	... 13 more
2024-09-15 02:32:26,305 [s1@group-39FE727B82F7-StateMachineUpdater] INFO  impl.SimpleStateMachine4Testing (SimpleStateMachine4Testing.java:applyTransaction(251)) - applyTransaction for log index 107
2024-09-15 02:32:26,305 [s1@group-39FE727B82F7-StateMachineUpdater] INFO  impl.SimpleStateMachine4Testing (SimpleStateMachine4Testing.java:put(207)) - s1: put 107, m52 -> (t:2, i:107), STATEMACHINELOGENTRY, WRITE: logData.size=3, stateMachineData.size=17, logEntryProtoSerializedSize=0
2024-09-15 02:32:26,311 [grpc-default-executor-2] INFO  leader.LogAppender (LogAppenderBase.java:lambda$getNextIndexForError$0(219)) - Decrease nextIndex to 83
2024-09-15 02:32:26,311 [grpc-default-executor-2] INFO  leader.LogAppender (LogAppenderBase.java:lambda$getNextIndexForError$0(219)) - Decrease nextIndex to 83
2024-09-15 02:32:26,311 [grpc-default-executor-2] INFO  leader.FollowerInfo (FollowerInfoImpl.java:info(70)) - s2@group-39FE727B82F7->s0: computeNextIndex nextIndex: updateUnconditionally 108 -> 83
2024-09-15 02:32:26,313 [s2@group-39FE727B82F7-StateMachineUpdater] INFO  impl.SimpleStateMachine4Testing (SimpleStateMachine4Testing.java:applyTransaction(251)) - applyTransaction for log index 109
2024-09-15 02:32:26,313 [s2@group-39FE727B82F7-StateMachineUpdater] INFO  impl.SimpleStateMachine4Testing (SimpleStateMachine4Testing.java:put(207)) - s2: put 109, m53 -> (t:2, i:109), STATEMACHINELOGENTRY, WRITE: logData.size=3, stateMachineData.size=17, logEntryProtoSerializedSize=0
2024-09-15 02:32:26,314 [s1@group-39FE727B82F7-StateMachineUpdater] INFO  impl.SimpleStateMachine4Testing (SimpleStateMachine4Testing.java:applyTransaction(251)) - applyTransaction for log index 109
2024-09-15 02:32:26,314 [s1@group-39FE727B82F7-StateMachineUpdater] INFO  impl.SimpleStateMachine4Testing (SimpleStateMachine4Testing.java:put(207)) - s1: put 109, m53 -> (t:2, i:109), STATEMACHINELOGENTRY, WRITE: logData.size=3, stateMachineData.size=17, logEntryProtoSerializedSize=0
2024-09-15 02:32:26,316 [grpc-default-executor-3] WARN  server.GrpcServerProtocolService (LogUtils.java:warn(123)) - s0: Failed APPEND_ENTRIES request cid=40, isHeartbeat? false
java.util.concurrent.CompletionException: java.util.concurrent.RejectedExecutionException: Task java.util.concurrent.CompletableFuture$AsyncSupply@469bafea rejected from java.util.concurrent.ThreadPoolExecutor@107aea74[Terminated, pool size = 0, active threads = 0, queued tasks = 0, completed tasks = 0]
	at java.util.concurrent.CompletableFuture.encodeThrowable(CompletableFuture.java:273)
	at java.util.concurrent.CompletableFuture.uniComposeStage(CompletableFuture.java:1005)
	at java.util.concurrent.CompletableFuture.thenCompose(CompletableFuture.java:2137)
	at org.apache.ratis.server.impl.RaftServerProxy.appendEntriesAsync(RaftServerProxy.java:655)
	at org.apache.ratis.grpc.server.GrpcServerProtocolService$1.process(GrpcServerProtocolService.java:307)
	at org.apache.ratis.grpc.server.GrpcServerProtocolService$ServerRequestStreamObserver.onNext(GrpcServerProtocolService.java:174)
	at org.apache.ratis.thirdparty.io.grpc.stub.ServerCalls$StreamingServerCallHandler$StreamingServerCallListener.onMessage(ServerCalls.java:262)
	at org.apache.ratis.thirdparty.io.grpc.internal.ServerCallImpl$ServerStreamListenerImpl.messagesAvailableInternal(ServerCallImpl.java:329)
	at org.apache.ratis.thirdparty.io.grpc.internal.ServerCallImpl$ServerStreamListenerImpl.messagesAvailable(ServerCallImpl.java:314)
	at org.apache.ratis.thirdparty.io.grpc.internal.ServerImpl$JumpToApplicationThreadServerStreamListener$1MessagesAvailable.runInContext(ServerImpl.java:833)
	at org.apache.ratis.thirdparty.io.grpc.internal.ContextRunnable.run(ContextRunnable.java:37)
	at org.apache.ratis.thirdparty.io.grpc.internal.SerializingExecutor.run(SerializingExecutor.java:133)
	at java.util.concurrent.ThreadPoolExecutor.runWorker(ThreadPoolExecutor.java:1149)
	at java.util.concurrent.ThreadPoolExecutor$Worker.run(ThreadPoolExecutor.java:624)
	at java.lang.Thread.run(Thread.java:750)
Caused by: java.util.concurrent.RejectedExecutionException: Task java.util.concurrent.CompletableFuture$AsyncSupply@469bafea rejected from java.util.concurrent.ThreadPoolExecutor@107aea74[Terminated, pool size = 0, active threads = 0, queued tasks = 0, completed tasks = 0]
	at java.util.concurrent.ThreadPoolExecutor$AbortPolicy.rejectedExecution(ThreadPoolExecutor.java:2063)
	at java.util.concurrent.ThreadPoolExecutor.reject(ThreadPoolExecutor.java:830)
	at java.util.concurrent.ThreadPoolExecutor.execute(ThreadPoolExecutor.java:1379)
	at java.util.concurrent.CompletableFuture.asyncSupplyStage(CompletableFuture.java:1618)
	at java.util.concurrent.CompletableFuture.supplyAsync(CompletableFuture.java:1843)
	at org.apache.ratis.server.impl.RaftServerImpl.executeSubmitServerRequestAsync(RaftServerImpl.java:898)
	at org.apache.ratis.server.impl.RaftServerProxy.lambda$appendEntriesAsync$29(RaftServerProxy.java:655)
	at java.util.concurrent.CompletableFuture.uniComposeStage(CompletableFuture.java:995)
	... 13 more
2024-09-15 02:32:26,319 [grpc-default-executor-2] INFO  leader.LogAppender (LogAppenderBase.java:lambda$getNextIndexForError$0(219)) - Decrease nextIndex to 83
2024-09-15 02:32:26,319 [grpc-default-executor-2] INFO  leader.LogAppender (LogAppenderBase.java:lambda$getNextIndexForError$0(219)) - Decrease nextIndex to 83
2024-09-15 02:32:26,320 [grpc-default-executor-2] INFO  leader.FollowerInfo (FollowerInfoImpl.java:info(70)) - s2@group-39FE727B82F7->s0: computeNextIndex nextIndex: updateUnconditionally 111 -> 83
2024-09-15 02:32:26,320 [s2@group-39FE727B82F7-StateMachineUpdater] INFO  impl.SimpleStateMachine4Testing (SimpleStateMachine4Testing.java:applyTransaction(251)) - applyTransaction for log index 111
2024-09-15 02:32:26,321 [s2@group-39FE727B82F7-StateMachineUpdater] INFO  impl.SimpleStateMachine4Testing (SimpleStateMachine4Testing.java:put(207)) - s2: put 111, m54 -> (t:2, i:111), STATEMACHINELOGENTRY, WRITE: logData.size=3, stateMachineData.size=17, logEntryProtoSerializedSize=0
2024-09-15 02:32:26,323 [s1@group-39FE727B82F7-StateMachineUpdater] INFO  impl.SimpleStateMachine4Testing (SimpleStateMachine4Testing.java:applyTransaction(251)) - applyTransaction for log index 111
2024-09-15 02:32:26,323 [s1@group-39FE727B82F7-StateMachineUpdater] INFO  impl.SimpleStateMachine4Testing (SimpleStateMachine4Testing.java:put(207)) - s1: put 111, m54 -> (t:2, i:111), STATEMACHINELOGENTRY, WRITE: logData.size=3, stateMachineData.size=17, logEntryProtoSerializedSize=0
2024-09-15 02:32:26,324 [grpc-default-executor-3] WARN  server.GrpcServerProtocolService (LogUtils.java:warn(123)) - s0: Failed APPEND_ENTRIES request cid=42, isHeartbeat? false
java.util.concurrent.CompletionException: java.util.concurrent.RejectedExecutionException: Task java.util.concurrent.CompletableFuture$AsyncSupply@1fa3fbeb rejected from java.util.concurrent.ThreadPoolExecutor@107aea74[Terminated, pool size = 0, active threads = 0, queued tasks = 0, completed tasks = 0]
	at java.util.concurrent.CompletableFuture.encodeThrowable(CompletableFuture.java:273)
	at java.util.concurrent.CompletableFuture.uniComposeStage(CompletableFuture.java:1005)
	at java.util.concurrent.CompletableFuture.thenCompose(CompletableFuture.java:2137)
	at org.apache.ratis.server.impl.RaftServerProxy.appendEntriesAsync(RaftServerProxy.java:655)
	at org.apache.ratis.grpc.server.GrpcServerProtocolService$1.process(GrpcServerProtocolService.java:307)
	at org.apache.ratis.grpc.server.GrpcServerProtocolService$ServerRequestStreamObserver.onNext(GrpcServerProtocolService.java:174)
	at org.apache.ratis.thirdparty.io.grpc.stub.ServerCalls$StreamingServerCallHandler$StreamingServerCallListener.onMessage(ServerCalls.java:262)
	at org.apache.ratis.thirdparty.io.grpc.internal.ServerCallImpl$ServerStreamListenerImpl.messagesAvailableInternal(ServerCallImpl.java:329)
	at org.apache.ratis.thirdparty.io.grpc.internal.ServerCallImpl$ServerStreamListenerImpl.messagesAvailable(ServerCallImpl.java:314)
	at org.apache.ratis.thirdparty.io.grpc.internal.ServerImpl$JumpToApplicationThreadServerStreamListener$1MessagesAvailable.runInContext(ServerImpl.java:833)
	at org.apache.ratis.thirdparty.io.grpc.internal.ContextRunnable.run(ContextRunnable.java:37)
	at org.apache.ratis.thirdparty.io.grpc.internal.SerializingExecutor.run(SerializingExecutor.java:133)
	at java.util.concurrent.ThreadPoolExecutor.runWorker(ThreadPoolExecutor.java:1149)
	at java.util.concurrent.ThreadPoolExecutor$Worker.run(ThreadPoolExecutor.java:624)
	at java.lang.Thread.run(Thread.java:750)
Caused by: java.util.concurrent.RejectedExecutionException: Task java.util.concurrent.CompletableFuture$AsyncSupply@1fa3fbeb rejected from java.util.concurrent.ThreadPoolExecutor@107aea74[Terminated, pool size = 0, active threads = 0, queued tasks = 0, completed tasks = 0]
	at java.util.concurrent.ThreadPoolExecutor$AbortPolicy.rejectedExecution(ThreadPoolExecutor.java:2063)
	at java.util.concurrent.ThreadPoolExecutor.reject(ThreadPoolExecutor.java:830)
	at java.util.concurrent.ThreadPoolExecutor.execute(ThreadPoolExecutor.java:1379)
	at java.util.concurrent.CompletableFuture.asyncSupplyStage(CompletableFuture.java:1618)
	at java.util.concurrent.CompletableFuture.supplyAsync(CompletableFuture.java:1843)
	at org.apache.ratis.server.impl.RaftServerImpl.executeSubmitServerRequestAsync(RaftServerImpl.java:898)
	at org.apache.ratis.server.impl.RaftServerProxy.lambda$appendEntriesAsync$29(RaftServerProxy.java:655)
	at java.util.concurrent.CompletableFuture.uniComposeStage(CompletableFuture.java:995)
	... 13 more
2024-09-15 02:32:26,328 [grpc-default-executor-2] INFO  leader.LogAppender (LogAppenderBase.java:lambda$getNextIndexForError$0(219)) - Decrease nextIndex to 83
2024-09-15 02:32:26,328 [grpc-default-executor-2] INFO  leader.LogAppender (LogAppenderBase.java:lambda$getNextIndexForError$0(219)) - Decrease nextIndex to 83
2024-09-15 02:32:26,328 [grpc-default-executor-2] INFO  leader.FollowerInfo (FollowerInfoImpl.java:info(70)) - s2@group-39FE727B82F7->s0: computeNextIndex nextIndex: updateUnconditionally 113 -> 83
2024-09-15 02:32:26,329 [s2@group-39FE727B82F7-StateMachineUpdater] INFO  impl.SimpleStateMachine4Testing (SimpleStateMachine4Testing.java:applyTransaction(251)) - applyTransaction for log index 113
2024-09-15 02:32:26,329 [s2@group-39FE727B82F7-StateMachineUpdater] INFO  impl.SimpleStateMachine4Testing (SimpleStateMachine4Testing.java:put(207)) - s2: put 113, m55 -> (t:2, i:113), STATEMACHINELOGENTRY, WRITE: logData.size=3, stateMachineData.size=17, logEntryProtoSerializedSize=0
2024-09-15 02:32:26,332 [s1@group-39FE727B82F7-StateMachineUpdater] INFO  impl.SimpleStateMachine4Testing (SimpleStateMachine4Testing.java:applyTransaction(251)) - applyTransaction for log index 113
2024-09-15 02:32:26,332 [s1@group-39FE727B82F7-StateMachineUpdater] INFO  impl.SimpleStateMachine4Testing (SimpleStateMachine4Testing.java:put(207)) - s1: put 113, m55 -> (t:2, i:113), STATEMACHINELOGENTRY, WRITE: logData.size=3, stateMachineData.size=17, logEntryProtoSerializedSize=0
2024-09-15 02:32:26,333 [grpc-default-executor-3] WARN  server.GrpcServerProtocolService (LogUtils.java:warn(123)) - s0: Failed APPEND_ENTRIES request cid=44, isHeartbeat? false
java.util.concurrent.CompletionException: java.util.concurrent.RejectedExecutionException: Task java.util.concurrent.CompletableFuture$AsyncSupply@4d6d7043 rejected from java.util.concurrent.ThreadPoolExecutor@107aea74[Terminated, pool size = 0, active threads = 0, queued tasks = 0, completed tasks = 0]
	at java.util.concurrent.CompletableFuture.encodeThrowable(CompletableFuture.java:273)
	at java.util.concurrent.CompletableFuture.uniComposeStage(CompletableFuture.java:1005)
	at java.util.concurrent.CompletableFuture.thenCompose(CompletableFuture.java:2137)
	at org.apache.ratis.server.impl.RaftServerProxy.appendEntriesAsync(RaftServerProxy.java:655)
	at org.apache.ratis.grpc.server.GrpcServerProtocolService$1.process(GrpcServerProtocolService.java:307)
	at org.apache.ratis.grpc.server.GrpcServerProtocolService$ServerRequestStreamObserver.onNext(GrpcServerProtocolService.java:174)
	at org.apache.ratis.thirdparty.io.grpc.stub.ServerCalls$StreamingServerCallHandler$StreamingServerCallListener.onMessage(ServerCalls.java:262)
	at org.apache.ratis.thirdparty.io.grpc.internal.ServerCallImpl$ServerStreamListenerImpl.messagesAvailableInternal(ServerCallImpl.java:329)
	at org.apache.ratis.thirdparty.io.grpc.internal.ServerCallImpl$ServerStreamListenerImpl.messagesAvailable(ServerCallImpl.java:314)
	at org.apache.ratis.thirdparty.io.grpc.internal.ServerImpl$JumpToApplicationThreadServerStreamListener$1MessagesAvailable.runInContext(ServerImpl.java:833)
	at org.apache.ratis.thirdparty.io.grpc.internal.ContextRunnable.run(ContextRunnable.java:37)
	at org.apache.ratis.thirdparty.io.grpc.internal.SerializingExecutor.run(SerializingExecutor.java:133)
	at java.util.concurrent.ThreadPoolExecutor.runWorker(ThreadPoolExecutor.java:1149)
	at java.util.concurrent.ThreadPoolExecutor$Worker.run(ThreadPoolExecutor.java:624)
	at java.lang.Thread.run(Thread.java:750)
Caused by: java.util.concurrent.RejectedExecutionException: Task java.util.concurrent.CompletableFuture$AsyncSupply@4d6d7043 rejected from java.util.concurrent.ThreadPoolExecutor@107aea74[Terminated, pool size = 0, active threads = 0, queued tasks = 0, completed tasks = 0]
	at java.util.concurrent.ThreadPoolExecutor$AbortPolicy.rejectedExecution(ThreadPoolExecutor.java:2063)
	at java.util.concurrent.ThreadPoolExecutor.reject(ThreadPoolExecutor.java:830)
	at java.util.concurrent.ThreadPoolExecutor.execute(ThreadPoolExecutor.java:1379)
	at java.util.concurrent.CompletableFuture.asyncSupplyStage(CompletableFuture.java:1618)
	at java.util.concurrent.CompletableFuture.supplyAsync(CompletableFuture.java:1843)
	at org.apache.ratis.server.impl.RaftServerImpl.executeSubmitServerRequestAsync(RaftServerImpl.java:898)
	at org.apache.ratis.server.impl.RaftServerProxy.lambda$appendEntriesAsync$29(RaftServerProxy.java:655)
	at java.util.concurrent.CompletableFuture.uniComposeStage(CompletableFuture.java:995)
	... 13 more
2024-09-15 02:32:26,335 [s2@group-39FE727B82F7-StateMachineUpdater] INFO  impl.SimpleStateMachine4Testing (SimpleStateMachine4Testing.java:applyTransaction(251)) - applyTransaction for log index 115
2024-09-15 02:32:26,335 [s2@group-39FE727B82F7-StateMachineUpdater] INFO  impl.SimpleStateMachine4Testing (SimpleStateMachine4Testing.java:put(207)) - s2: put 115, m56 -> (t:2, i:115), STATEMACHINELOGENTRY, WRITE: logData.size=3, stateMachineData.size=17, logEntryProtoSerializedSize=0
2024-09-15 02:32:26,336 [s1@group-39FE727B82F7-StateMachineUpdater] INFO  impl.SimpleStateMachine4Testing (SimpleStateMachine4Testing.java:applyTransaction(251)) - applyTransaction for log index 115
2024-09-15 02:32:26,336 [s1@group-39FE727B82F7-StateMachineUpdater] INFO  impl.SimpleStateMachine4Testing (SimpleStateMachine4Testing.java:put(207)) - s1: put 115, m56 -> (t:2, i:115), STATEMACHINELOGENTRY, WRITE: logData.size=3, stateMachineData.size=17, logEntryProtoSerializedSize=0
2024-09-15 02:32:26,338 [grpc-default-executor-2] INFO  leader.LogAppender (LogAppenderBase.java:lambda$getNextIndexForError$0(219)) - Decrease nextIndex to 83
2024-09-15 02:32:26,338 [grpc-default-executor-2] INFO  leader.LogAppender (LogAppenderBase.java:lambda$getNextIndexForError$0(219)) - Decrease nextIndex to 83
2024-09-15 02:32:26,338 [grpc-default-executor-2] INFO  leader.FollowerInfo (FollowerInfoImpl.java:info(70)) - s2@group-39FE727B82F7->s0: computeNextIndex nextIndex: updateUnconditionally 115 -> 83
2024-09-15 02:32:26,340 [s2@group-39FE727B82F7-StateMachineUpdater] INFO  impl.SimpleStateMachine4Testing (SimpleStateMachine4Testing.java:applyTransaction(251)) - applyTransaction for log index 117
2024-09-15 02:32:26,340 [s2@group-39FE727B82F7-StateMachineUpdater] INFO  impl.SimpleStateMachine4Testing (SimpleStateMachine4Testing.java:put(207)) - s2: put 117, m57 -> (t:2, i:117), STATEMACHINELOGENTRY, WRITE: logData.size=3, stateMachineData.size=17, logEntryProtoSerializedSize=0
2024-09-15 02:32:26,341 [grpc-default-executor-1] WARN  server.GrpcServerProtocolService (LogUtils.java:warn(123)) - s0: Failed APPEND_ENTRIES request cid=48, isHeartbeat? false
java.util.concurrent.CompletionException: java.util.concurrent.RejectedExecutionException: Task java.util.concurrent.CompletableFuture$AsyncSupply@bcacf98 rejected from java.util.concurrent.ThreadPoolExecutor@107aea74[Terminated, pool size = 0, active threads = 0, queued tasks = 0, completed tasks = 0]
	at java.util.concurrent.CompletableFuture.encodeThrowable(CompletableFuture.java:273)
	at java.util.concurrent.CompletableFuture.uniComposeStage(CompletableFuture.java:1005)
	at java.util.concurrent.CompletableFuture.thenCompose(CompletableFuture.java:2137)
	at org.apache.ratis.server.impl.RaftServerProxy.appendEntriesAsync(RaftServerProxy.java:655)
	at org.apache.ratis.grpc.server.GrpcServerProtocolService$1.process(GrpcServerProtocolService.java:307)
	at org.apache.ratis.grpc.server.GrpcServerProtocolService$ServerRequestStreamObserver.onNext(GrpcServerProtocolService.java:174)
	at org.apache.ratis.thirdparty.io.grpc.stub.ServerCalls$StreamingServerCallHandler$StreamingServerCallListener.onMessage(ServerCalls.java:262)
	at org.apache.ratis.thirdparty.io.grpc.internal.ServerCallImpl$ServerStreamListenerImpl.messagesAvailableInternal(ServerCallImpl.java:329)
	at org.apache.ratis.thirdparty.io.grpc.internal.ServerCallImpl$ServerStreamListenerImpl.messagesAvailable(ServerCallImpl.java:314)
	at org.apache.ratis.thirdparty.io.grpc.internal.ServerImpl$JumpToApplicationThreadServerStreamListener$1MessagesAvailable.runInContext(ServerImpl.java:833)
	at org.apache.ratis.thirdparty.io.grpc.internal.ContextRunnable.run(ContextRunnable.java:37)
	at org.apache.ratis.thirdparty.io.grpc.internal.SerializingExecutor.run(SerializingExecutor.java:133)
	at java.util.concurrent.ThreadPoolExecutor.runWorker(ThreadPoolExecutor.java:1149)
	at java.util.concurrent.ThreadPoolExecutor$Worker.run(ThreadPoolExecutor.java:624)
	at java.lang.Thread.run(Thread.java:750)
Caused by: java.util.concurrent.RejectedExecutionException: Task java.util.concurrent.CompletableFuture$AsyncSupply@bcacf98 rejected from java.util.concurrent.ThreadPoolExecutor@107aea74[Terminated, pool size = 0, active threads = 0, queued tasks = 0, completed tasks = 0]
	at java.util.concurrent.ThreadPoolExecutor$AbortPolicy.rejectedExecution(ThreadPoolExecutor.java:2063)
	at java.util.concurrent.ThreadPoolExecutor.reject(ThreadPoolExecutor.java:830)
	at java.util.concurrent.ThreadPoolExecutor.execute(ThreadPoolExecutor.java:1379)
	at java.util.concurrent.CompletableFuture.asyncSupplyStage(CompletableFuture.java:1618)
	at java.util.concurrent.CompletableFuture.supplyAsync(CompletableFuture.java:1843)
	at org.apache.ratis.server.impl.RaftServerImpl.executeSubmitServerRequestAsync(RaftServerImpl.java:898)
	at org.apache.ratis.server.impl.RaftServerProxy.lambda$appendEntriesAsync$29(RaftServerProxy.java:655)
	at java.util.concurrent.CompletableFuture.uniComposeStage(CompletableFuture.java:995)
	... 13 more
2024-09-15 02:32:26,343 [s1@group-39FE727B82F7-StateMachineUpdater] INFO  impl.SimpleStateMachine4Testing (SimpleStateMachine4Testing.java:applyTransaction(251)) - applyTransaction for log index 117
2024-09-15 02:32:26,343 [s1@group-39FE727B82F7-StateMachineUpdater] INFO  impl.SimpleStateMachine4Testing (SimpleStateMachine4Testing.java:put(207)) - s1: put 117, m57 -> (t:2, i:117), STATEMACHINELOGENTRY, WRITE: logData.size=3, stateMachineData.size=17, logEntryProtoSerializedSize=0
2024-09-15 02:32:26,345 [grpc-default-executor-3] INFO  leader.LogAppender (LogAppenderBase.java:lambda$getNextIndexForError$0(219)) - Decrease nextIndex to 83
2024-09-15 02:32:26,345 [grpc-default-executor-3] INFO  leader.LogAppender (LogAppenderBase.java:lambda$getNextIndexForError$0(219)) - Decrease nextIndex to 83
2024-09-15 02:32:26,345 [grpc-default-executor-3] INFO  leader.FollowerInfo (FollowerInfoImpl.java:info(70)) - s2@group-39FE727B82F7->s0: computeNextIndex nextIndex: updateUnconditionally 118 -> 83
2024-09-15 02:32:26,347 [s2@group-39FE727B82F7-StateMachineUpdater] INFO  impl.SimpleStateMachine4Testing (SimpleStateMachine4Testing.java:applyTransaction(251)) - applyTransaction for log index 119
2024-09-15 02:32:26,347 [s2@group-39FE727B82F7-StateMachineUpdater] INFO  impl.SimpleStateMachine4Testing (SimpleStateMachine4Testing.java:put(207)) - s2: put 119, m58 -> (t:2, i:119), STATEMACHINELOGENTRY, WRITE: logData.size=3, stateMachineData.size=17, logEntryProtoSerializedSize=0
2024-09-15 02:32:26,347 [grpc-default-executor-2] WARN  server.GrpcServerProtocolService (LogUtils.java:warn(123)) - s0: Failed APPEND_ENTRIES request cid=50, isHeartbeat? false
java.util.concurrent.CompletionException: java.util.concurrent.RejectedExecutionException: Task java.util.concurrent.CompletableFuture$AsyncSupply@602020c7 rejected from java.util.concurrent.ThreadPoolExecutor@107aea74[Terminated, pool size = 0, active threads = 0, queued tasks = 0, completed tasks = 0]
	at java.util.concurrent.CompletableFuture.encodeThrowable(CompletableFuture.java:273)
	at java.util.concurrent.CompletableFuture.uniComposeStage(CompletableFuture.java:1005)
	at java.util.concurrent.CompletableFuture.thenCompose(CompletableFuture.java:2137)
	at org.apache.ratis.server.impl.RaftServerProxy.appendEntriesAsync(RaftServerProxy.java:655)
	at org.apache.ratis.grpc.server.GrpcServerProtocolService$1.process(GrpcServerProtocolService.java:307)
	at org.apache.ratis.grpc.server.GrpcServerProtocolService$ServerRequestStreamObserver.onNext(GrpcServerProtocolService.java:174)
	at org.apache.ratis.thirdparty.io.grpc.stub.ServerCalls$StreamingServerCallHandler$StreamingServerCallListener.onMessage(ServerCalls.java:262)
	at org.apache.ratis.thirdparty.io.grpc.internal.ServerCallImpl$ServerStreamListenerImpl.messagesAvailableInternal(ServerCallImpl.java:329)
	at org.apache.ratis.thirdparty.io.grpc.internal.ServerCallImpl$ServerStreamListenerImpl.messagesAvailable(ServerCallImpl.java:314)
	at org.apache.ratis.thirdparty.io.grpc.internal.ServerImpl$JumpToApplicationThreadServerStreamListener$1MessagesAvailable.runInContext(ServerImpl.java:833)
	at org.apache.ratis.thirdparty.io.grpc.internal.ContextRunnable.run(ContextRunnable.java:37)
	at org.apache.ratis.thirdparty.io.grpc.internal.SerializingExecutor.run(SerializingExecutor.java:133)
	at java.util.concurrent.ThreadPoolExecutor.runWorker(ThreadPoolExecutor.java:1149)
	at java.util.concurrent.ThreadPoolExecutor$Worker.run(ThreadPoolExecutor.java:624)
	at java.lang.Thread.run(Thread.java:750)
Caused by: java.util.concurrent.RejectedExecutionException: Task java.util.concurrent.CompletableFuture$AsyncSupply@602020c7 rejected from java.util.concurrent.ThreadPoolExecutor@107aea74[Terminated, pool size = 0, active threads = 0, queued tasks = 0, completed tasks = 0]
	at java.util.concurrent.ThreadPoolExecutor$AbortPolicy.rejectedExecution(ThreadPoolExecutor.java:2063)
	at java.util.concurrent.ThreadPoolExecutor.reject(ThreadPoolExecutor.java:830)
	at java.util.concurrent.ThreadPoolExecutor.execute(ThreadPoolExecutor.java:1379)
	at java.util.concurrent.CompletableFuture.asyncSupplyStage(CompletableFuture.java:1618)
	at java.util.concurrent.CompletableFuture.supplyAsync(CompletableFuture.java:1843)
	at org.apache.ratis.server.impl.RaftServerImpl.executeSubmitServerRequestAsync(RaftServerImpl.java:898)
	at org.apache.ratis.server.impl.RaftServerProxy.lambda$appendEntriesAsync$29(RaftServerProxy.java:655)
	at java.util.concurrent.CompletableFuture.uniComposeStage(CompletableFuture.java:995)
	... 13 more
2024-09-15 02:32:26,350 [grpc-default-executor-4] INFO  leader.LogAppender (LogAppenderBase.java:lambda$getNextIndexForError$0(219)) - Decrease nextIndex to 83
2024-09-15 02:32:26,350 [grpc-default-executor-4] INFO  leader.LogAppender (LogAppenderBase.java:lambda$getNextIndexForError$0(219)) - Decrease nextIndex to 83
2024-09-15 02:32:26,350 [grpc-default-executor-4] INFO  leader.FollowerInfo (FollowerInfoImpl.java:info(70)) - s2@group-39FE727B82F7->s0: computeNextIndex nextIndex: updateUnconditionally 120 -> 83
2024-09-15 02:32:26,350 [s1@group-39FE727B82F7-StateMachineUpdater] INFO  impl.SimpleStateMachine4Testing (SimpleStateMachine4Testing.java:applyTransaction(251)) - applyTransaction for log index 119
2024-09-15 02:32:26,350 [s1@group-39FE727B82F7-StateMachineUpdater] INFO  impl.SimpleStateMachine4Testing (SimpleStateMachine4Testing.java:put(207)) - s1: put 119, m58 -> (t:2, i:119), STATEMACHINELOGENTRY, WRITE: logData.size=3, stateMachineData.size=17, logEntryProtoSerializedSize=0
2024-09-15 02:32:26,353 [s2@group-39FE727B82F7-StateMachineUpdater] INFO  impl.SimpleStateMachine4Testing (SimpleStateMachine4Testing.java:applyTransaction(251)) - applyTransaction for log index 121
2024-09-15 02:32:26,353 [s2@group-39FE727B82F7-StateMachineUpdater] INFO  impl.SimpleStateMachine4Testing (SimpleStateMachine4Testing.java:put(207)) - s2: put 121, m59 -> (t:2, i:121), STATEMACHINELOGENTRY, WRITE: logData.size=3, stateMachineData.size=17, logEntryProtoSerializedSize=0
2024-09-15 02:32:26,354 [s1@group-39FE727B82F7-StateMachineUpdater] INFO  impl.SimpleStateMachine4Testing (SimpleStateMachine4Testing.java:applyTransaction(251)) - applyTransaction for log index 121
2024-09-15 02:32:26,354 [grpc-default-executor-1] WARN  server.GrpcServerProtocolService (LogUtils.java:warn(123)) - s0: Failed APPEND_ENTRIES request cid=51, isHeartbeat? false
java.util.concurrent.CompletionException: java.util.concurrent.RejectedExecutionException: Task java.util.concurrent.CompletableFuture$AsyncSupply@7b1ed1c2 rejected from java.util.concurrent.ThreadPoolExecutor@107aea74[Terminated, pool size = 0, active threads = 0, queued tasks = 0, completed tasks = 0]
	at java.util.concurrent.CompletableFuture.encodeThrowable(CompletableFuture.java:273)
	at java.util.concurrent.CompletableFuture.uniComposeStage(CompletableFuture.java:1005)
	at java.util.concurrent.CompletableFuture.thenCompose(CompletableFuture.java:2137)
	at org.apache.ratis.server.impl.RaftServerProxy.appendEntriesAsync(RaftServerProxy.java:655)
	at org.apache.ratis.grpc.server.GrpcServerProtocolService$1.process(GrpcServerProtocolService.java:307)
	at org.apache.ratis.grpc.server.GrpcServerProtocolService$ServerRequestStreamObserver.onNext(GrpcServerProtocolService.java:174)
	at org.apache.ratis.thirdparty.io.grpc.stub.ServerCalls$StreamingServerCallHandler$StreamingServerCallListener.onMessage(ServerCalls.java:262)
	at org.apache.ratis.thirdparty.io.grpc.internal.ServerCallImpl$ServerStreamListenerImpl.messagesAvailableInternal(ServerCallImpl.java:329)
	at org.apache.ratis.thirdparty.io.grpc.internal.ServerCallImpl$ServerStreamListenerImpl.messagesAvailable(ServerCallImpl.java:314)
	at org.apache.ratis.thirdparty.io.grpc.internal.ServerImpl$JumpToApplicationThreadServerStreamListener$1MessagesAvailable.runInContext(ServerImpl.java:833)
	at org.apache.ratis.thirdparty.io.grpc.internal.ContextRunnable.run(ContextRunnable.java:37)
	at org.apache.ratis.thirdparty.io.grpc.internal.SerializingExecutor.run(SerializingExecutor.java:133)
	at java.util.concurrent.ThreadPoolExecutor.runWorker(ThreadPoolExecutor.java:1149)
	at java.util.concurrent.ThreadPoolExecutor$Worker.run(ThreadPoolExecutor.java:624)
	at java.lang.Thread.run(Thread.java:750)
Caused by: java.util.concurrent.RejectedExecutionException: Task java.util.concurrent.CompletableFuture$AsyncSupply@7b1ed1c2 rejected from java.util.concurrent.ThreadPoolExecutor@107aea74[Terminated, pool size = 0, active threads = 0, queued tasks = 0, completed tasks = 0]
	at java.util.concurrent.ThreadPoolExecutor$AbortPolicy.rejectedExecution(ThreadPoolExecutor.java:2063)
	at java.util.concurrent.ThreadPoolExecutor.reject(ThreadPoolExecutor.java:830)
	at java.util.concurrent.ThreadPoolExecutor.execute(ThreadPoolExecutor.java:1379)
	at java.util.concurrent.CompletableFuture.asyncSupplyStage(CompletableFuture.java:1618)
	at java.util.concurrent.CompletableFuture.supplyAsync(CompletableFuture.java:1843)
	at org.apache.ratis.server.impl.RaftServerImpl.executeSubmitServerRequestAsync(RaftServerImpl.java:898)
	at org.apache.ratis.server.impl.RaftServerProxy.lambda$appendEntriesAsync$29(RaftServerProxy.java:655)
	at java.util.concurrent.CompletableFuture.uniComposeStage(CompletableFuture.java:995)
	... 13 more
2024-09-15 02:32:26,354 [s1@group-39FE727B82F7-StateMachineUpdater] INFO  impl.SimpleStateMachine4Testing (SimpleStateMachine4Testing.java:put(207)) - s1: put 121, m59 -> (t:2, i:121), STATEMACHINELOGENTRY, WRITE: logData.size=3, stateMachineData.size=17, logEntryProtoSerializedSize=0
2024-09-15 02:32:26,357 [grpc-default-executor-4] INFO  leader.LogAppender (LogAppenderBase.java:lambda$getNextIndexForError$0(219)) - Decrease nextIndex to 83
2024-09-15 02:32:26,357 [grpc-default-executor-4] INFO  leader.LogAppender (LogAppenderBase.java:lambda$getNextIndexForError$0(219)) - Decrease nextIndex to 83
2024-09-15 02:32:26,357 [grpc-default-executor-4] INFO  leader.FollowerInfo (FollowerInfoImpl.java:info(70)) - s2@group-39FE727B82F7->s0: computeNextIndex nextIndex: updateUnconditionally 122 -> 83
2024-09-15 02:32:26,360 [s2@group-39FE727B82F7-StateMachineUpdater] INFO  impl.SimpleStateMachine4Testing (SimpleStateMachine4Testing.java:applyTransaction(251)) - applyTransaction for log index 123
2024-09-15 02:32:26,360 [s2@group-39FE727B82F7-StateMachineUpdater] INFO  impl.SimpleStateMachine4Testing (SimpleStateMachine4Testing.java:put(207)) - s2: put 123, m60 -> (t:2, i:123), STATEMACHINELOGENTRY, WRITE: logData.size=3, stateMachineData.size=17, logEntryProtoSerializedSize=0
2024-09-15 02:32:26,362 [s1@group-39FE727B82F7-StateMachineUpdater] INFO  impl.SimpleStateMachine4Testing (SimpleStateMachine4Testing.java:applyTransaction(251)) - applyTransaction for log index 123
2024-09-15 02:32:26,362 [s1@group-39FE727B82F7-StateMachineUpdater] INFO  impl.SimpleStateMachine4Testing (SimpleStateMachine4Testing.java:put(207)) - s1: put 123, m60 -> (t:2, i:123), STATEMACHINELOGENTRY, WRITE: logData.size=3, stateMachineData.size=17, logEntryProtoSerializedSize=0
2024-09-15 02:32:26,363 [grpc-default-executor-2] WARN  server.GrpcServerProtocolService (LogUtils.java:warn(123)) - s0: Failed APPEND_ENTRIES request cid=54, isHeartbeat? false
java.util.concurrent.CompletionException: java.util.concurrent.RejectedExecutionException: Task java.util.concurrent.CompletableFuture$AsyncSupply@93c52ac rejected from java.util.concurrent.ThreadPoolExecutor@107aea74[Terminated, pool size = 0, active threads = 0, queued tasks = 0, completed tasks = 0]
	at java.util.concurrent.CompletableFuture.encodeThrowable(CompletableFuture.java:273)
	at java.util.concurrent.CompletableFuture.uniComposeStage(CompletableFuture.java:1005)
	at java.util.concurrent.CompletableFuture.thenCompose(CompletableFuture.java:2137)
	at org.apache.ratis.server.impl.RaftServerProxy.appendEntriesAsync(RaftServerProxy.java:655)
	at org.apache.ratis.grpc.server.GrpcServerProtocolService$1.process(GrpcServerProtocolService.java:307)
	at org.apache.ratis.grpc.server.GrpcServerProtocolService$ServerRequestStreamObserver.onNext(GrpcServerProtocolService.java:174)
	at org.apache.ratis.thirdparty.io.grpc.stub.ServerCalls$StreamingServerCallHandler$StreamingServerCallListener.onMessage(ServerCalls.java:262)
	at org.apache.ratis.thirdparty.io.grpc.internal.ServerCallImpl$ServerStreamListenerImpl.messagesAvailableInternal(ServerCallImpl.java:329)
	at org.apache.ratis.thirdparty.io.grpc.internal.ServerCallImpl$ServerStreamListenerImpl.messagesAvailable(ServerCallImpl.java:314)
	at org.apache.ratis.thirdparty.io.grpc.internal.ServerImpl$JumpToApplicationThreadServerStreamListener$1MessagesAvailable.runInContext(ServerImpl.java:833)
	at org.apache.ratis.thirdparty.io.grpc.internal.ContextRunnable.run(ContextRunnable.java:37)
	at org.apache.ratis.thirdparty.io.grpc.internal.SerializingExecutor.run(SerializingExecutor.java:133)
	at java.util.concurrent.ThreadPoolExecutor.runWorker(ThreadPoolExecutor.java:1149)
	at java.util.concurrent.ThreadPoolExecutor$Worker.run(ThreadPoolExecutor.java:624)
	at java.lang.Thread.run(Thread.java:750)
Caused by: java.util.concurrent.RejectedExecutionException: Task java.util.concurrent.CompletableFuture$AsyncSupply@93c52ac rejected from java.util.concurrent.ThreadPoolExecutor@107aea74[Terminated, pool size = 0, active threads = 0, queued tasks = 0, completed tasks = 0]
	at java.util.concurrent.ThreadPoolExecutor$AbortPolicy.rejectedExecution(ThreadPoolExecutor.java:2063)
	at java.util.concurrent.ThreadPoolExecutor.reject(ThreadPoolExecutor.java:830)
	at java.util.concurrent.ThreadPoolExecutor.execute(ThreadPoolExecutor.java:1379)
	at java.util.concurrent.CompletableFuture.asyncSupplyStage(CompletableFuture.java:1618)
	at java.util.concurrent.CompletableFuture.supplyAsync(CompletableFuture.java:1843)
	at org.apache.ratis.server.impl.RaftServerImpl.executeSubmitServerRequestAsync(RaftServerImpl.java:898)
	at org.apache.ratis.server.impl.RaftServerProxy.lambda$appendEntriesAsync$29(RaftServerProxy.java:655)
	at java.util.concurrent.CompletableFuture.uniComposeStage(CompletableFuture.java:995)
	... 13 more
2024-09-15 02:32:26,365 [grpc-default-executor-4] INFO  leader.LogAppender (LogAppenderBase.java:lambda$getNextIndexForError$0(219)) - Decrease nextIndex to 83
2024-09-15 02:32:26,366 [grpc-default-executor-4] INFO  leader.LogAppender (LogAppenderBase.java:lambda$getNextIndexForError$0(219)) - Decrease nextIndex to 83
2024-09-15 02:32:26,366 [grpc-default-executor-4] INFO  leader.FollowerInfo (FollowerInfoImpl.java:info(70)) - s2@group-39FE727B82F7->s0: computeNextIndex nextIndex: updateUnconditionally 124 -> 83
2024-09-15 02:32:26,368 [s2@group-39FE727B82F7-StateMachineUpdater] INFO  impl.SimpleStateMachine4Testing (SimpleStateMachine4Testing.java:applyTransaction(251)) - applyTransaction for log index 125
2024-09-15 02:32:26,368 [s2@group-39FE727B82F7-StateMachineUpdater] INFO  impl.SimpleStateMachine4Testing (SimpleStateMachine4Testing.java:put(207)) - s2: put 125, m61 -> (t:2, i:125), STATEMACHINELOGENTRY, WRITE: logData.size=3, stateMachineData.size=17, logEntryProtoSerializedSize=0
2024-09-15 02:32:26,370 [s1@group-39FE727B82F7-StateMachineUpdater] INFO  impl.SimpleStateMachine4Testing (SimpleStateMachine4Testing.java:applyTransaction(251)) - applyTransaction for log index 125
2024-09-15 02:32:26,370 [s1@group-39FE727B82F7-StateMachineUpdater] INFO  impl.SimpleStateMachine4Testing (SimpleStateMachine4Testing.java:put(207)) - s1: put 125, m61 -> (t:2, i:125), STATEMACHINELOGENTRY, WRITE: logData.size=3, stateMachineData.size=17, logEntryProtoSerializedSize=0
2024-09-15 02:32:26,371 [grpc-default-executor-3] WARN  server.GrpcServerProtocolService (LogUtils.java:warn(123)) - s0: Failed APPEND_ENTRIES request cid=56, isHeartbeat? false
java.util.concurrent.CompletionException: java.util.concurrent.RejectedExecutionException: Task java.util.concurrent.CompletableFuture$AsyncSupply@7e060f7b rejected from java.util.concurrent.ThreadPoolExecutor@107aea74[Terminated, pool size = 0, active threads = 0, queued tasks = 0, completed tasks = 0]
	at java.util.concurrent.CompletableFuture.encodeThrowable(CompletableFuture.java:273)
	at java.util.concurrent.CompletableFuture.uniComposeStage(CompletableFuture.java:1005)
	at java.util.concurrent.CompletableFuture.thenCompose(CompletableFuture.java:2137)
	at org.apache.ratis.server.impl.RaftServerProxy.appendEntriesAsync(RaftServerProxy.java:655)
	at org.apache.ratis.grpc.server.GrpcServerProtocolService$1.process(GrpcServerProtocolService.java:307)
	at org.apache.ratis.grpc.server.GrpcServerProtocolService$ServerRequestStreamObserver.onNext(GrpcServerProtocolService.java:174)
	at org.apache.ratis.thirdparty.io.grpc.stub.ServerCalls$StreamingServerCallHandler$StreamingServerCallListener.onMessage(ServerCalls.java:262)
	at org.apache.ratis.thirdparty.io.grpc.internal.ServerCallImpl$ServerStreamListenerImpl.messagesAvailableInternal(ServerCallImpl.java:329)
	at org.apache.ratis.thirdparty.io.grpc.internal.ServerCallImpl$ServerStreamListenerImpl.messagesAvailable(ServerCallImpl.java:314)
	at org.apache.ratis.thirdparty.io.grpc.internal.ServerImpl$JumpToApplicationThreadServerStreamListener$1MessagesAvailable.runInContext(ServerImpl.java:833)
	at org.apache.ratis.thirdparty.io.grpc.internal.ContextRunnable.run(ContextRunnable.java:37)
	at org.apache.ratis.thirdparty.io.grpc.internal.SerializingExecutor.run(SerializingExecutor.java:133)
	at java.util.concurrent.ThreadPoolExecutor.runWorker(ThreadPoolExecutor.java:1149)
	at java.util.concurrent.ThreadPoolExecutor$Worker.run(ThreadPoolExecutor.java:624)
	at java.lang.Thread.run(Thread.java:750)
Caused by: java.util.concurrent.RejectedExecutionException: Task java.util.concurrent.CompletableFuture$AsyncSupply@7e060f7b rejected from java.util.concurrent.ThreadPoolExecutor@107aea74[Terminated, pool size = 0, active threads = 0, queued tasks = 0, completed tasks = 0]
	at java.util.concurrent.ThreadPoolExecutor$AbortPolicy.rejectedExecution(ThreadPoolExecutor.java:2063)
	at java.util.concurrent.ThreadPoolExecutor.reject(ThreadPoolExecutor.java:830)
	at java.util.concurrent.ThreadPoolExecutor.execute(ThreadPoolExecutor.java:1379)
	at java.util.concurrent.CompletableFuture.asyncSupplyStage(CompletableFuture.java:1618)
	at java.util.concurrent.CompletableFuture.supplyAsync(CompletableFuture.java:1843)
	at org.apache.ratis.server.impl.RaftServerImpl.executeSubmitServerRequestAsync(RaftServerImpl.java:898)
	at org.apache.ratis.server.impl.RaftServerProxy.lambda$appendEntriesAsync$29(RaftServerProxy.java:655)
	at java.util.concurrent.CompletableFuture.uniComposeStage(CompletableFuture.java:995)
	... 13 more
2024-09-15 02:32:26,374 [grpc-default-executor-2] INFO  leader.LogAppender (LogAppenderBase.java:lambda$getNextIndexForError$0(219)) - Decrease nextIndex to 83
2024-09-15 02:32:26,374 [grpc-default-executor-2] INFO  leader.LogAppender (LogAppenderBase.java:lambda$getNextIndexForError$0(219)) - Decrease nextIndex to 83
2024-09-15 02:32:26,374 [grpc-default-executor-2] INFO  leader.FollowerInfo (FollowerInfoImpl.java:info(70)) - s2@group-39FE727B82F7->s0: computeNextIndex nextIndex: updateUnconditionally 126 -> 83
2024-09-15 02:32:26,374 [s2@group-39FE727B82F7-StateMachineUpdater] INFO  impl.SimpleStateMachine4Testing (SimpleStateMachine4Testing.java:applyTransaction(251)) - applyTransaction for log index 127
2024-09-15 02:32:26,374 [s2@group-39FE727B82F7-StateMachineUpdater] INFO  impl.SimpleStateMachine4Testing (SimpleStateMachine4Testing.java:put(207)) - s2: put 127, m62 -> (t:2, i:127), STATEMACHINELOGENTRY, WRITE: logData.size=3, stateMachineData.size=17, logEntryProtoSerializedSize=0
2024-09-15 02:32:26,375 [s2@group-39FE727B82F7-StateMachineUpdater] TRACE util.FileUtils (FileUtils.java:deleteFully(305)) - deleteFully /tmp/ratis-tests/statemachine/s2/snapshot/2_127
2024-09-15 02:32:26,375 [s2@group-39FE727B82F7-StateMachineUpdater] TRACE util.FileUtils (FileUtils.java:deleteFully(318)) - deleteFully: /tmp/ratis-tests/statemachine/s2/snapshot/2_127 does not exist.
2024-09-15 02:32:26,375 [s2@group-39FE727B82F7-StateMachineUpdater] TRACE util.FileUtils (FileUtils.java:deleteFully(305)) - deleteFully /tmp/ratis-tests/statemachine/s2/tmp/b828e608-03c4-4044-a715-fcf4d82640f7
2024-09-15 02:32:26,375 [s2@group-39FE727B82F7-StateMachineUpdater] TRACE util.FileUtils (FileUtils.java:deleteFully(318)) - deleteFully: /tmp/ratis-tests/statemachine/s2/tmp/b828e608-03c4-4044-a715-fcf4d82640f7 does not exist.
2024-09-15 02:32:26,375 [s2@group-39FE727B82F7-StateMachineUpdater] TRACE util.FileUtils (LogUtils.java:runAndLog(49)) - Successfully ran Atomic Files.move /tmp/ratis-tests/statemachine/s2/tmp/b828e608-03c4-4044-a715-fcf4d82640f7 to /tmp/ratis-tests/statemachine/s2/snapshot/2_127
2024-09-15 02:32:26,375 [s2@group-39FE727B82F7-StateMachineUpdater] INFO  impl.StateMachineUpdater (StateMachineUpdater.java:takeSnapshot(308)) - s2@group-39FE727B82F7-StateMachineUpdater: Took a snapshot at index 127
2024-09-15 02:32:26,375 [s2@group-39FE727B82F7-StateMachineUpdater] INFO  impl.StateMachineUpdater (StateMachineUpdater.java:lambda$new$0(102)) - s2@group-39FE727B82F7-StateMachineUpdater: snapshotIndex: updateIncreasingly 63 -> 127
2024-09-15 02:32:26,376 [s2@group-39FE727B82F7-StateMachineUpdater] INFO  raftlog.RaftLog (RaftLogBase.java:purge(329)) - s2@group-39FE727B82F7-SegmentedRaftLog: purge 81
2024-09-15 02:32:26,376 [s2@group-39FE727B82F7-StateMachineUpdater] INFO  raftlog.RaftLog (RaftLogBase.java:lambda$new$0(57)) - s2@group-39FE727B82F7-SegmentedRaftLog: snapshotIndex: updateIncreasingly 63 -> 127
2024-09-15 02:32:26,376 [s2@group-39FE727B82F7-StateMachineUpdater] INFO  raftlog.RaftLog (RaftLogBase.java:lambda$new$0(57)) - s2@group-39FE727B82F7-SegmentedRaftLog: purgeIndex: updateToMax old=61, new=81, updated? true
2024-09-15 02:32:26,377 [s1@group-39FE727B82F7-StateMachineUpdater] INFO  impl.SimpleStateMachine4Testing (SimpleStateMachine4Testing.java:applyTransaction(251)) - applyTransaction for log index 127
2024-09-15 02:32:26,377 [s1@group-39FE727B82F7-StateMachineUpdater] INFO  impl.SimpleStateMachine4Testing (SimpleStateMachine4Testing.java:put(207)) - s1: put 127, m62 -> (t:2, i:127), STATEMACHINELOGENTRY, WRITE: logData.size=3, stateMachineData.size=17, logEntryProtoSerializedSize=0
2024-09-15 02:32:26,379 [grpc-default-executor-2] WARN  server.GrpcServerProtocolService (LogUtils.java:warn(123)) - s0: Failed APPEND_ENTRIES request cid=59, isHeartbeat? false
java.util.concurrent.CompletionException: java.util.concurrent.RejectedExecutionException: Task java.util.concurrent.CompletableFuture$AsyncSupply@50d4ddc8 rejected from java.util.concurrent.ThreadPoolExecutor@107aea74[Terminated, pool size = 0, active threads = 0, queued tasks = 0, completed tasks = 0]
	at java.util.concurrent.CompletableFuture.encodeThrowable(CompletableFuture.java:273)
	at java.util.concurrent.CompletableFuture.uniComposeStage(CompletableFuture.java:1005)
	at java.util.concurrent.CompletableFuture.thenCompose(CompletableFuture.java:2137)
	at org.apache.ratis.server.impl.RaftServerProxy.appendEntriesAsync(RaftServerProxy.java:655)
	at org.apache.ratis.grpc.server.GrpcServerProtocolService$1.process(GrpcServerProtocolService.java:307)
	at org.apache.ratis.grpc.server.GrpcServerProtocolService$ServerRequestStreamObserver.onNext(GrpcServerProtocolService.java:174)
	at org.apache.ratis.thirdparty.io.grpc.stub.ServerCalls$StreamingServerCallHandler$StreamingServerCallListener.onMessage(ServerCalls.java:262)
	at org.apache.ratis.thirdparty.io.grpc.internal.ServerCallImpl$ServerStreamListenerImpl.messagesAvailableInternal(ServerCallImpl.java:329)
	at org.apache.ratis.thirdparty.io.grpc.internal.ServerCallImpl$ServerStreamListenerImpl.messagesAvailable(ServerCallImpl.java:314)
	at org.apache.ratis.thirdparty.io.grpc.internal.ServerImpl$JumpToApplicationThreadServerStreamListener$1MessagesAvailable.runInContext(ServerImpl.java:833)
	at org.apache.ratis.thirdparty.io.grpc.internal.ContextRunnable.run(ContextRunnable.java:37)
	at org.apache.ratis.thirdparty.io.grpc.internal.SerializingExecutor.run(SerializingExecutor.java:133)
	at java.util.concurrent.ThreadPoolExecutor.runWorker(ThreadPoolExecutor.java:1149)
	at java.util.concurrent.ThreadPoolExecutor$Worker.run(ThreadPoolExecutor.java:624)
	at java.lang.Thread.run(Thread.java:750)
Caused by: java.util.concurrent.RejectedExecutionException: Task java.util.concurrent.CompletableFuture$AsyncSupply@50d4ddc8 rejected from java.util.concurrent.ThreadPoolExecutor@107aea74[Terminated, pool size = 0, active threads = 0, queued tasks = 0, completed tasks = 0]
	at java.util.concurrent.ThreadPoolExecutor$AbortPolicy.rejectedExecution(ThreadPoolExecutor.java:2063)
	at java.util.concurrent.ThreadPoolExecutor.reject(ThreadPoolExecutor.java:830)
	at java.util.concurrent.ThreadPoolExecutor.execute(ThreadPoolExecutor.java:1379)
	at java.util.concurrent.CompletableFuture.asyncSupplyStage(CompletableFuture.java:1618)
	at java.util.concurrent.CompletableFuture.supplyAsync(CompletableFuture.java:1843)
	at org.apache.ratis.server.impl.RaftServerImpl.executeSubmitServerRequestAsync(RaftServerImpl.java:898)
	at org.apache.ratis.server.impl.RaftServerProxy.lambda$appendEntriesAsync$29(RaftServerProxy.java:655)
	at java.util.concurrent.CompletableFuture.uniComposeStage(CompletableFuture.java:995)
	... 13 more
2024-09-15 02:32:26,381 [grpc-default-executor-2] INFO  leader.LogAppender (LogAppenderBase.java:lambda$getNextIndexForError$0(219)) - Decrease nextIndex to 83
2024-09-15 02:32:26,382 [grpc-default-executor-2] INFO  leader.LogAppender (LogAppenderBase.java:lambda$getNextIndexForError$0(219)) - Decrease nextIndex to 83
2024-09-15 02:32:26,382 [grpc-default-executor-2] INFO  leader.FollowerInfo (FollowerInfoImpl.java:info(70)) - s2@group-39FE727B82F7->s0: computeNextIndex nextIndex: updateUnconditionally 129 -> 83
2024-09-15 02:32:26,384 [s2@group-39FE727B82F7-StateMachineUpdater] INFO  impl.SimpleStateMachine4Testing (SimpleStateMachine4Testing.java:applyTransaction(251)) - applyTransaction for log index 129
2024-09-15 02:32:26,384 [s2@group-39FE727B82F7-StateMachineUpdater] INFO  impl.SimpleStateMachine4Testing (SimpleStateMachine4Testing.java:put(207)) - s2: put 129, m63 -> (t:2, i:129), STATEMACHINELOGENTRY, WRITE: logData.size=3, stateMachineData.size=17, logEntryProtoSerializedSize=0
2024-09-15 02:32:26,385 [s1@group-39FE727B82F7-StateMachineUpdater] INFO  impl.SimpleStateMachine4Testing (SimpleStateMachine4Testing.java:applyTransaction(251)) - applyTransaction for log index 129
2024-09-15 02:32:26,385 [s1@group-39FE727B82F7-StateMachineUpdater] INFO  impl.SimpleStateMachine4Testing (SimpleStateMachine4Testing.java:put(207)) - s1: put 129, m63 -> (t:2, i:129), STATEMACHINELOGENTRY, WRITE: logData.size=3, stateMachineData.size=17, logEntryProtoSerializedSize=0
2024-09-15 02:32:26,385 [s1@group-39FE727B82F7-StateMachineUpdater] TRACE util.FileUtils (FileUtils.java:deleteFully(305)) - deleteFully /tmp/ratis-tests/statemachine/s1/snapshot/2_129
2024-09-15 02:32:26,385 [s1@group-39FE727B82F7-StateMachineUpdater] TRACE util.FileUtils (FileUtils.java:deleteFully(318)) - deleteFully: /tmp/ratis-tests/statemachine/s1/snapshot/2_129 does not exist.
2024-09-15 02:32:26,385 [s1@group-39FE727B82F7-StateMachineUpdater] TRACE util.FileUtils (FileUtils.java:deleteFully(305)) - deleteFully /tmp/ratis-tests/statemachine/s1/tmp/bf1ea9a1-e7d1-4c60-8bfb-684591f7a22b
2024-09-15 02:32:26,385 [grpc-default-executor-2] WARN  server.GrpcServerProtocolService (LogUtils.java:warn(123)) - s0: Failed APPEND_ENTRIES request cid=60, isHeartbeat? false
java.util.concurrent.CompletionException: java.util.concurrent.RejectedExecutionException: Task java.util.concurrent.CompletableFuture$AsyncSupply@3a7b8c66 rejected from java.util.concurrent.ThreadPoolExecutor@107aea74[Terminated, pool size = 0, active threads = 0, queued tasks = 0, completed tasks = 0]
	at java.util.concurrent.CompletableFuture.encodeThrowable(CompletableFuture.java:273)
	at java.util.concurrent.CompletableFuture.uniComposeStage(CompletableFuture.java:1005)
	at java.util.concurrent.CompletableFuture.thenCompose(CompletableFuture.java:2137)
	at org.apache.ratis.server.impl.RaftServerProxy.appendEntriesAsync(RaftServerProxy.java:655)
	at org.apache.ratis.grpc.server.GrpcServerProtocolService$1.process(GrpcServerProtocolService.java:307)
	at org.apache.ratis.grpc.server.GrpcServerProtocolService$ServerRequestStreamObserver.onNext(GrpcServerProtocolService.java:174)
	at org.apache.ratis.thirdparty.io.grpc.stub.ServerCalls$StreamingServerCallHandler$StreamingServerCallListener.onMessage(ServerCalls.java:262)
	at org.apache.ratis.thirdparty.io.grpc.internal.ServerCallImpl$ServerStreamListenerImpl.messagesAvailableInternal(ServerCallImpl.java:329)
	at org.apache.ratis.thirdparty.io.grpc.internal.ServerCallImpl$ServerStreamListenerImpl.messagesAvailable(ServerCallImpl.java:314)
	at org.apache.ratis.thirdparty.io.grpc.internal.ServerImpl$JumpToApplicationThreadServerStreamListener$1MessagesAvailable.runInContext(ServerImpl.java:833)
	at org.apache.ratis.thirdparty.io.grpc.internal.ContextRunnable.run(ContextRunnable.java:37)
	at org.apache.ratis.thirdparty.io.grpc.internal.SerializingExecutor.run(SerializingExecutor.java:133)
	at java.util.concurrent.ThreadPoolExecutor.runWorker(ThreadPoolExecutor.java:1149)
	at java.util.concurrent.ThreadPoolExecutor$Worker.run(ThreadPoolExecutor.java:624)
	at java.lang.Thread.run(Thread.java:750)
Caused by: java.util.concurrent.RejectedExecutionException: Task java.util.concurrent.CompletableFuture$AsyncSupply@3a7b8c66 rejected from java.util.concurrent.ThreadPoolExecutor@107aea74[Terminated, pool size = 0, active threads = 0, queued tasks = 0, completed tasks = 0]
	at java.util.concurrent.ThreadPoolExecutor$AbortPolicy.rejectedExecution(ThreadPoolExecutor.java:2063)
	at java.util.concurrent.ThreadPoolExecutor.reject(ThreadPoolExecutor.java:830)
	at java.util.concurrent.ThreadPoolExecutor.execute(ThreadPoolExecutor.java:1379)
	at java.util.concurrent.CompletableFuture.asyncSupplyStage(CompletableFuture.java:1618)
	at java.util.concurrent.CompletableFuture.supplyAsync(CompletableFuture.java:1843)
	at org.apache.ratis.server.impl.RaftServerImpl.executeSubmitServerRequestAsync(RaftServerImpl.java:898)
	at org.apache.ratis.server.impl.RaftServerProxy.lambda$appendEntriesAsync$29(RaftServerProxy.java:655)
	at java.util.concurrent.CompletableFuture.uniComposeStage(CompletableFuture.java:995)
	... 13 more
2024-09-15 02:32:26,385 [s1@group-39FE727B82F7-StateMachineUpdater] TRACE util.FileUtils (FileUtils.java:deleteFully(318)) - deleteFully: /tmp/ratis-tests/statemachine/s1/tmp/bf1ea9a1-e7d1-4c60-8bfb-684591f7a22b does not exist.
2024-09-15 02:32:26,386 [s1@group-39FE727B82F7-StateMachineUpdater] TRACE util.FileUtils (LogUtils.java:runAndLog(49)) - Successfully ran Atomic Files.move /tmp/ratis-tests/statemachine/s1/tmp/bf1ea9a1-e7d1-4c60-8bfb-684591f7a22b to /tmp/ratis-tests/statemachine/s1/snapshot/2_129
2024-09-15 02:32:26,386 [s1@group-39FE727B82F7-StateMachineUpdater] INFO  impl.StateMachineUpdater (StateMachineUpdater.java:takeSnapshot(308)) - s1@group-39FE727B82F7-StateMachineUpdater: Took a snapshot at index 129
2024-09-15 02:32:26,386 [s1@group-39FE727B82F7-StateMachineUpdater] INFO  impl.StateMachineUpdater (StateMachineUpdater.java:lambda$new$0(102)) - s1@group-39FE727B82F7-StateMachineUpdater: snapshotIndex: updateIncreasingly 65 -> 129
2024-09-15 02:32:26,386 [s1@group-39FE727B82F7-StateMachineUpdater] INFO  raftlog.RaftLog (RaftLogBase.java:purge(329)) - s1@group-39FE727B82F7-SegmentedRaftLog: purge 81
2024-09-15 02:32:26,387 [s1@group-39FE727B82F7-StateMachineUpdater] INFO  raftlog.RaftLog (RaftLogBase.java:lambda$new$0(57)) - s1@group-39FE727B82F7-SegmentedRaftLog: snapshotIndex: updateIncreasingly 65 -> 129
2024-09-15 02:32:26,387 [s1@group-39FE727B82F7-StateMachineUpdater] INFO  raftlog.RaftLog (RaftLogBase.java:lambda$new$0(57)) - s1@group-39FE727B82F7-SegmentedRaftLog: purgeIndex: updateToMax old=64, new=81, updated? true
2024-09-15 02:32:26,389 [grpc-default-executor-4] INFO  leader.LogAppender (LogAppenderBase.java:lambda$getNextIndexForError$0(219)) - Decrease nextIndex to 83
2024-09-15 02:32:26,389 [grpc-default-executor-4] INFO  leader.LogAppender (LogAppenderBase.java:lambda$getNextIndexForError$0(219)) - Decrease nextIndex to 83
2024-09-15 02:32:26,389 [grpc-default-executor-4] INFO  leader.FollowerInfo (FollowerInfoImpl.java:info(70)) - s2@group-39FE727B82F7->s0: computeNextIndex nextIndex: updateUnconditionally 130 -> 83
2024-09-15 02:32:26,392 [s2@group-39FE727B82F7-StateMachineUpdater] INFO  impl.SimpleStateMachine4Testing (SimpleStateMachine4Testing.java:applyTransaction(251)) - applyTransaction for log index 131
2024-09-15 02:32:26,392 [s2@group-39FE727B82F7-StateMachineUpdater] INFO  impl.SimpleStateMachine4Testing (SimpleStateMachine4Testing.java:put(207)) - s2: put 131, m64 -> (t:2, i:131), STATEMACHINELOGENTRY, WRITE: logData.size=3, stateMachineData.size=17, logEntryProtoSerializedSize=0
2024-09-15 02:32:26,393 [s1@group-39FE727B82F7-StateMachineUpdater] INFO  impl.SimpleStateMachine4Testing (SimpleStateMachine4Testing.java:applyTransaction(251)) - applyTransaction for log index 131
2024-09-15 02:32:26,393 [grpc-default-executor-2] WARN  server.GrpcServerProtocolService (LogUtils.java:warn(123)) - s0: Failed APPEND_ENTRIES request cid=62, isHeartbeat? false
java.util.concurrent.CompletionException: java.util.concurrent.RejectedExecutionException: Task java.util.concurrent.CompletableFuture$AsyncSupply@16924052 rejected from java.util.concurrent.ThreadPoolExecutor@107aea74[Terminated, pool size = 0, active threads = 0, queued tasks = 0, completed tasks = 0]
	at java.util.concurrent.CompletableFuture.encodeThrowable(CompletableFuture.java:273)
	at java.util.concurrent.CompletableFuture.uniComposeStage(CompletableFuture.java:1005)
	at java.util.concurrent.CompletableFuture.thenCompose(CompletableFuture.java:2137)
	at org.apache.ratis.server.impl.RaftServerProxy.appendEntriesAsync(RaftServerProxy.java:655)
	at org.apache.ratis.grpc.server.GrpcServerProtocolService$1.process(GrpcServerProtocolService.java:307)
	at org.apache.ratis.grpc.server.GrpcServerProtocolService$ServerRequestStreamObserver.onNext(GrpcServerProtocolService.java:174)
	at org.apache.ratis.thirdparty.io.grpc.stub.ServerCalls$StreamingServerCallHandler$StreamingServerCallListener.onMessage(ServerCalls.java:262)
	at org.apache.ratis.thirdparty.io.grpc.internal.ServerCallImpl$ServerStreamListenerImpl.messagesAvailableInternal(ServerCallImpl.java:329)
	at org.apache.ratis.thirdparty.io.grpc.internal.ServerCallImpl$ServerStreamListenerImpl.messagesAvailable(ServerCallImpl.java:314)
	at org.apache.ratis.thirdparty.io.grpc.internal.ServerImpl$JumpToApplicationThreadServerStreamListener$1MessagesAvailable.runInContext(ServerImpl.java:833)
	at org.apache.ratis.thirdparty.io.grpc.internal.ContextRunnable.run(ContextRunnable.java:37)
	at org.apache.ratis.thirdparty.io.grpc.internal.SerializingExecutor.run(SerializingExecutor.java:133)
	at java.util.concurrent.ThreadPoolExecutor.runWorker(ThreadPoolExecutor.java:1149)
	at java.util.concurrent.ThreadPoolExecutor$Worker.run(ThreadPoolExecutor.java:624)
	at java.lang.Thread.run(Thread.java:750)
Caused by: java.util.concurrent.RejectedExecutionException: Task java.util.concurrent.CompletableFuture$AsyncSupply@16924052 rejected from java.util.concurrent.ThreadPoolExecutor@107aea74[Terminated, pool size = 0, active threads = 0, queued tasks = 0, completed tasks = 0]
	at java.util.concurrent.ThreadPoolExecutor$AbortPolicy.rejectedExecution(ThreadPoolExecutor.java:2063)
	at java.util.concurrent.ThreadPoolExecutor.reject(ThreadPoolExecutor.java:830)
	at java.util.concurrent.ThreadPoolExecutor.execute(ThreadPoolExecutor.java:1379)
	at java.util.concurrent.CompletableFuture.asyncSupplyStage(CompletableFuture.java:1618)
	at java.util.concurrent.CompletableFuture.supplyAsync(CompletableFuture.java:1843)
	at org.apache.ratis.server.impl.RaftServerImpl.executeSubmitServerRequestAsync(RaftServerImpl.java:898)
	at org.apache.ratis.server.impl.RaftServerProxy.lambda$appendEntriesAsync$29(RaftServerProxy.java:655)
	at java.util.concurrent.CompletableFuture.uniComposeStage(CompletableFuture.java:995)
	... 13 more
2024-09-15 02:32:26,393 [s1@group-39FE727B82F7-StateMachineUpdater] INFO  impl.SimpleStateMachine4Testing (SimpleStateMachine4Testing.java:put(207)) - s1: put 131, m64 -> (t:2, i:131), STATEMACHINELOGENTRY, WRITE: logData.size=3, stateMachineData.size=17, logEntryProtoSerializedSize=0
2024-09-15 02:32:26,397 [grpc-default-executor-2] INFO  leader.LogAppender (LogAppenderBase.java:lambda$getNextIndexForError$0(219)) - Decrease nextIndex to 83
2024-09-15 02:32:26,398 [grpc-default-executor-2] INFO  leader.LogAppender (LogAppenderBase.java:lambda$getNextIndexForError$0(219)) - Decrease nextIndex to 83
2024-09-15 02:32:26,398 [grpc-default-executor-2] INFO  leader.FollowerInfo (FollowerInfoImpl.java:info(70)) - s2@group-39FE727B82F7->s0: computeNextIndex nextIndex: updateUnconditionally 132 -> 83
2024-09-15 02:32:26,401 [s2@group-39FE727B82F7-StateMachineUpdater] INFO  impl.SimpleStateMachine4Testing (SimpleStateMachine4Testing.java:applyTransaction(251)) - applyTransaction for log index 133
2024-09-15 02:32:26,401 [s2@group-39FE727B82F7-StateMachineUpdater] INFO  impl.SimpleStateMachine4Testing (SimpleStateMachine4Testing.java:put(207)) - s2: put 133, m65 -> (t:2, i:133), STATEMACHINELOGENTRY, WRITE: logData.size=3, stateMachineData.size=17, logEntryProtoSerializedSize=0
2024-09-15 02:32:26,401 [grpc-default-executor-4] WARN  server.GrpcServerProtocolService (LogUtils.java:warn(123)) - s0: Failed APPEND_ENTRIES request cid=65, isHeartbeat? false
java.util.concurrent.CompletionException: java.util.concurrent.RejectedExecutionException: Task java.util.concurrent.CompletableFuture$AsyncSupply@bb3bd40 rejected from java.util.concurrent.ThreadPoolExecutor@107aea74[Terminated, pool size = 0, active threads = 0, queued tasks = 0, completed tasks = 0]
	at java.util.concurrent.CompletableFuture.encodeThrowable(CompletableFuture.java:273)
	at java.util.concurrent.CompletableFuture.uniComposeStage(CompletableFuture.java:1005)
	at java.util.concurrent.CompletableFuture.thenCompose(CompletableFuture.java:2137)
	at org.apache.ratis.server.impl.RaftServerProxy.appendEntriesAsync(RaftServerProxy.java:655)
	at org.apache.ratis.grpc.server.GrpcServerProtocolService$1.process(GrpcServerProtocolService.java:307)
	at org.apache.ratis.grpc.server.GrpcServerProtocolService$ServerRequestStreamObserver.onNext(GrpcServerProtocolService.java:174)
	at org.apache.ratis.thirdparty.io.grpc.stub.ServerCalls$StreamingServerCallHandler$StreamingServerCallListener.onMessage(ServerCalls.java:262)
	at org.apache.ratis.thirdparty.io.grpc.internal.ServerCallImpl$ServerStreamListenerImpl.messagesAvailableInternal(ServerCallImpl.java:329)
	at org.apache.ratis.thirdparty.io.grpc.internal.ServerCallImpl$ServerStreamListenerImpl.messagesAvailable(ServerCallImpl.java:314)
	at org.apache.ratis.thirdparty.io.grpc.internal.ServerImpl$JumpToApplicationThreadServerStreamListener$1MessagesAvailable.runInContext(ServerImpl.java:833)
	at org.apache.ratis.thirdparty.io.grpc.internal.ContextRunnable.run(ContextRunnable.java:37)
	at org.apache.ratis.thirdparty.io.grpc.internal.SerializingExecutor.run(SerializingExecutor.java:133)
	at java.util.concurrent.ThreadPoolExecutor.runWorker(ThreadPoolExecutor.java:1149)
	at java.util.concurrent.ThreadPoolExecutor$Worker.run(ThreadPoolExecutor.java:624)
	at java.lang.Thread.run(Thread.java:750)
Caused by: java.util.concurrent.RejectedExecutionException: Task java.util.concurrent.CompletableFuture$AsyncSupply@bb3bd40 rejected from java.util.concurrent.ThreadPoolExecutor@107aea74[Terminated, pool size = 0, active threads = 0, queued tasks = 0, completed tasks = 0]
	at java.util.concurrent.ThreadPoolExecutor$AbortPolicy.rejectedExecution(ThreadPoolExecutor.java:2063)
	at java.util.concurrent.ThreadPoolExecutor.reject(ThreadPoolExecutor.java:830)
	at java.util.concurrent.ThreadPoolExecutor.execute(ThreadPoolExecutor.java:1379)
	at java.util.concurrent.CompletableFuture.asyncSupplyStage(CompletableFuture.java:1618)
	at java.util.concurrent.CompletableFuture.supplyAsync(CompletableFuture.java:1843)
	at org.apache.ratis.server.impl.RaftServerImpl.executeSubmitServerRequestAsync(RaftServerImpl.java:898)
	at org.apache.ratis.server.impl.RaftServerProxy.lambda$appendEntriesAsync$29(RaftServerProxy.java:655)
	at java.util.concurrent.CompletableFuture.uniComposeStage(CompletableFuture.java:995)
	... 13 more
2024-09-15 02:32:26,404 [s1@group-39FE727B82F7-StateMachineUpdater] INFO  impl.SimpleStateMachine4Testing (SimpleStateMachine4Testing.java:applyTransaction(251)) - applyTransaction for log index 133
2024-09-15 02:32:26,404 [s1@group-39FE727B82F7-StateMachineUpdater] INFO  impl.SimpleStateMachine4Testing (SimpleStateMachine4Testing.java:put(207)) - s1: put 133, m65 -> (t:2, i:133), STATEMACHINELOGENTRY, WRITE: logData.size=3, stateMachineData.size=17, logEntryProtoSerializedSize=0
2024-09-15 02:32:26,405 [grpc-default-executor-4] INFO  leader.LogAppender (LogAppenderBase.java:lambda$getNextIndexForError$0(219)) - Decrease nextIndex to 83
2024-09-15 02:32:26,405 [grpc-default-executor-4] INFO  leader.LogAppender (LogAppenderBase.java:lambda$getNextIndexForError$0(219)) - Decrease nextIndex to 83
2024-09-15 02:32:26,405 [grpc-default-executor-4] INFO  leader.FollowerInfo (FollowerInfoImpl.java:info(70)) - s2@group-39FE727B82F7->s0: computeNextIndex nextIndex: updateUnconditionally 134 -> 83
2024-09-15 02:32:26,408 [grpc-default-executor-2] WARN  server.GrpcServerProtocolService (LogUtils.java:warn(123)) - s0: Failed APPEND_ENTRIES request cid=67, isHeartbeat? false
java.util.concurrent.CompletionException: java.util.concurrent.RejectedExecutionException: Task java.util.concurrent.CompletableFuture$AsyncSupply@3d9d8713 rejected from java.util.concurrent.ThreadPoolExecutor@107aea74[Terminated, pool size = 0, active threads = 0, queued tasks = 0, completed tasks = 0]
	at java.util.concurrent.CompletableFuture.encodeThrowable(CompletableFuture.java:273)
	at java.util.concurrent.CompletableFuture.uniComposeStage(CompletableFuture.java:1005)
	at java.util.concurrent.CompletableFuture.thenCompose(CompletableFuture.java:2137)
	at org.apache.ratis.server.impl.RaftServerProxy.appendEntriesAsync(RaftServerProxy.java:655)
	at org.apache.ratis.grpc.server.GrpcServerProtocolService$1.process(GrpcServerProtocolService.java:307)
	at org.apache.ratis.grpc.server.GrpcServerProtocolService$ServerRequestStreamObserver.onNext(GrpcServerProtocolService.java:174)
	at org.apache.ratis.thirdparty.io.grpc.stub.ServerCalls$StreamingServerCallHandler$StreamingServerCallListener.onMessage(ServerCalls.java:262)
	at org.apache.ratis.thirdparty.io.grpc.internal.ServerCallImpl$ServerStreamListenerImpl.messagesAvailableInternal(ServerCallImpl.java:329)
	at org.apache.ratis.thirdparty.io.grpc.internal.ServerCallImpl$ServerStreamListenerImpl.messagesAvailable(ServerCallImpl.java:314)
	at org.apache.ratis.thirdparty.io.grpc.internal.ServerImpl$JumpToApplicationThreadServerStreamListener$1MessagesAvailable.runInContext(ServerImpl.java:833)
	at org.apache.ratis.thirdparty.io.grpc.internal.ContextRunnable.run(ContextRunnable.java:37)
	at org.apache.ratis.thirdparty.io.grpc.internal.SerializingExecutor.run(SerializingExecutor.java:133)
	at java.util.concurrent.ThreadPoolExecutor.runWorker(ThreadPoolExecutor.java:1149)
	at java.util.concurrent.ThreadPoolExecutor$Worker.run(ThreadPoolExecutor.java:624)
	at java.lang.Thread.run(Thread.java:750)
Caused by: java.util.concurrent.RejectedExecutionException: Task java.util.concurrent.CompletableFuture$AsyncSupply@3d9d8713 rejected from java.util.concurrent.ThreadPoolExecutor@107aea74[Terminated, pool size = 0, active threads = 0, queued tasks = 0, completed tasks = 0]
	at java.util.concurrent.ThreadPoolExecutor$AbortPolicy.rejectedExecution(ThreadPoolExecutor.java:2063)
	at java.util.concurrent.ThreadPoolExecutor.reject(ThreadPoolExecutor.java:830)
	at java.util.concurrent.ThreadPoolExecutor.execute(ThreadPoolExecutor.java:1379)
	at java.util.concurrent.CompletableFuture.asyncSupplyStage(CompletableFuture.java:1618)
	at java.util.concurrent.CompletableFuture.supplyAsync(CompletableFuture.java:1843)
	at org.apache.ratis.server.impl.RaftServerImpl.executeSubmitServerRequestAsync(RaftServerImpl.java:898)
	at org.apache.ratis.server.impl.RaftServerProxy.lambda$appendEntriesAsync$29(RaftServerProxy.java:655)
	at java.util.concurrent.CompletableFuture.uniComposeStage(CompletableFuture.java:995)
	... 13 more
2024-09-15 02:32:26,410 [s2@group-39FE727B82F7-StateMachineUpdater] INFO  impl.SimpleStateMachine4Testing (SimpleStateMachine4Testing.java:applyTransaction(251)) - applyTransaction for log index 135
2024-09-15 02:32:26,410 [s2@group-39FE727B82F7-StateMachineUpdater] INFO  impl.SimpleStateMachine4Testing (SimpleStateMachine4Testing.java:put(207)) - s2: put 135, m66 -> (t:2, i:135), STATEMACHINELOGENTRY, WRITE: logData.size=3, stateMachineData.size=17, logEntryProtoSerializedSize=0
2024-09-15 02:32:26,411 [s1@group-39FE727B82F7-StateMachineUpdater] INFO  impl.SimpleStateMachine4Testing (SimpleStateMachine4Testing.java:applyTransaction(251)) - applyTransaction for log index 135
2024-09-15 02:32:26,411 [s1@group-39FE727B82F7-StateMachineUpdater] INFO  impl.SimpleStateMachine4Testing (SimpleStateMachine4Testing.java:put(207)) - s1: put 135, m66 -> (t:2, i:135), STATEMACHINELOGENTRY, WRITE: logData.size=3, stateMachineData.size=17, logEntryProtoSerializedSize=0
2024-09-15 02:32:26,412 [grpc-default-executor-3] INFO  leader.LogAppender (LogAppenderBase.java:lambda$getNextIndexForError$0(219)) - Decrease nextIndex to 83
2024-09-15 02:32:26,412 [grpc-default-executor-3] INFO  leader.LogAppender (LogAppenderBase.java:lambda$getNextIndexForError$0(219)) - Decrease nextIndex to 83
2024-09-15 02:32:26,412 [grpc-default-executor-3] INFO  leader.FollowerInfo (FollowerInfoImpl.java:info(70)) - s2@group-39FE727B82F7->s0: computeNextIndex nextIndex: updateUnconditionally 135 -> 83
2024-09-15 02:32:26,416 [grpc-default-executor-4] WARN  server.GrpcServerProtocolService (LogUtils.java:warn(123)) - s0: Failed APPEND_ENTRIES request cid=71, isHeartbeat? false
java.util.concurrent.CompletionException: java.util.concurrent.RejectedExecutionException: Task java.util.concurrent.CompletableFuture$AsyncSupply@31416d83 rejected from java.util.concurrent.ThreadPoolExecutor@107aea74[Terminated, pool size = 0, active threads = 0, queued tasks = 0, completed tasks = 0]
	at java.util.concurrent.CompletableFuture.encodeThrowable(CompletableFuture.java:273)
	at java.util.concurrent.CompletableFuture.uniComposeStage(CompletableFuture.java:1005)
	at java.util.concurrent.CompletableFuture.thenCompose(CompletableFuture.java:2137)
	at org.apache.ratis.server.impl.RaftServerProxy.appendEntriesAsync(RaftServerProxy.java:655)
	at org.apache.ratis.grpc.server.GrpcServerProtocolService$1.process(GrpcServerProtocolService.java:307)
	at org.apache.ratis.grpc.server.GrpcServerProtocolService$ServerRequestStreamObserver.onNext(GrpcServerProtocolService.java:174)
	at org.apache.ratis.thirdparty.io.grpc.stub.ServerCalls$StreamingServerCallHandler$StreamingServerCallListener.onMessage(ServerCalls.java:262)
	at org.apache.ratis.thirdparty.io.grpc.internal.ServerCallImpl$ServerStreamListenerImpl.messagesAvailableInternal(ServerCallImpl.java:329)
	at org.apache.ratis.thirdparty.io.grpc.internal.ServerCallImpl$ServerStreamListenerImpl.messagesAvailable(ServerCallImpl.java:314)
	at org.apache.ratis.thirdparty.io.grpc.internal.ServerImpl$JumpToApplicationThreadServerStreamListener$1MessagesAvailable.runInContext(ServerImpl.java:833)
	at org.apache.ratis.thirdparty.io.grpc.internal.ContextRunnable.run(ContextRunnable.java:37)
	at org.apache.ratis.thirdparty.io.grpc.internal.SerializingExecutor.run(SerializingExecutor.java:133)
	at java.util.concurrent.ThreadPoolExecutor.runWorker(ThreadPoolExecutor.java:1149)
	at java.util.concurrent.ThreadPoolExecutor$Worker.run(ThreadPoolExecutor.java:624)
	at java.lang.Thread.run(Thread.java:750)
Caused by: java.util.concurrent.RejectedExecutionException: Task java.util.concurrent.CompletableFuture$AsyncSupply@31416d83 rejected from java.util.concurrent.ThreadPoolExecutor@107aea74[Terminated, pool size = 0, active threads = 0, queued tasks = 0, completed tasks = 0]
	at java.util.concurrent.ThreadPoolExecutor$AbortPolicy.rejectedExecution(ThreadPoolExecutor.java:2063)
	at java.util.concurrent.ThreadPoolExecutor.reject(ThreadPoolExecutor.java:830)
	at java.util.concurrent.ThreadPoolExecutor.execute(ThreadPoolExecutor.java:1379)
	at java.util.concurrent.CompletableFuture.asyncSupplyStage(CompletableFuture.java:1618)
	at java.util.concurrent.CompletableFuture.supplyAsync(CompletableFuture.java:1843)
	at org.apache.ratis.server.impl.RaftServerImpl.executeSubmitServerRequestAsync(RaftServerImpl.java:898)
	at org.apache.ratis.server.impl.RaftServerProxy.lambda$appendEntriesAsync$29(RaftServerProxy.java:655)
	at java.util.concurrent.CompletableFuture.uniComposeStage(CompletableFuture.java:995)
	... 13 more
2024-09-15 02:32:26,416 [s2@group-39FE727B82F7-StateMachineUpdater] INFO  impl.SimpleStateMachine4Testing (SimpleStateMachine4Testing.java:applyTransaction(251)) - applyTransaction for log index 137
2024-09-15 02:32:26,416 [s2@group-39FE727B82F7-StateMachineUpdater] INFO  impl.SimpleStateMachine4Testing (SimpleStateMachine4Testing.java:put(207)) - s2: put 137, m67 -> (t:2, i:137), STATEMACHINELOGENTRY, WRITE: logData.size=3, stateMachineData.size=17, logEntryProtoSerializedSize=0
2024-09-15 02:32:26,418 [s1@group-39FE727B82F7-StateMachineUpdater] INFO  impl.SimpleStateMachine4Testing (SimpleStateMachine4Testing.java:applyTransaction(251)) - applyTransaction for log index 137
2024-09-15 02:32:26,418 [s1@group-39FE727B82F7-StateMachineUpdater] INFO  impl.SimpleStateMachine4Testing (SimpleStateMachine4Testing.java:put(207)) - s1: put 137, m67 -> (t:2, i:137), STATEMACHINELOGENTRY, WRITE: logData.size=3, stateMachineData.size=17, logEntryProtoSerializedSize=0
2024-09-15 02:32:26,418 [grpc-default-executor-3] INFO  leader.LogAppender (LogAppenderBase.java:lambda$getNextIndexForError$0(219)) - Decrease nextIndex to 83
2024-09-15 02:32:26,418 [grpc-default-executor-3] INFO  leader.LogAppender (LogAppenderBase.java:lambda$getNextIndexForError$0(219)) - Decrease nextIndex to 83
2024-09-15 02:32:26,419 [grpc-default-executor-3] INFO  leader.FollowerInfo (FollowerInfoImpl.java:info(70)) - s2@group-39FE727B82F7->s0: computeNextIndex nextIndex: updateUnconditionally 137 -> 83
2024-09-15 02:32:26,422 [grpc-default-executor-3] WARN  server.GrpcServerProtocolService (LogUtils.java:warn(123)) - s0: Failed APPEND_ENTRIES request cid=74, isHeartbeat? false
java.util.concurrent.CompletionException: java.util.concurrent.RejectedExecutionException: Task java.util.concurrent.CompletableFuture$AsyncSupply@73a00ec6 rejected from java.util.concurrent.ThreadPoolExecutor@107aea74[Terminated, pool size = 0, active threads = 0, queued tasks = 0, completed tasks = 0]
	at java.util.concurrent.CompletableFuture.encodeThrowable(CompletableFuture.java:273)
	at java.util.concurrent.CompletableFuture.uniComposeStage(CompletableFuture.java:1005)
	at java.util.concurrent.CompletableFuture.thenCompose(CompletableFuture.java:2137)
	at org.apache.ratis.server.impl.RaftServerProxy.appendEntriesAsync(RaftServerProxy.java:655)
	at org.apache.ratis.grpc.server.GrpcServerProtocolService$1.process(GrpcServerProtocolService.java:307)
	at org.apache.ratis.grpc.server.GrpcServerProtocolService$ServerRequestStreamObserver.onNext(GrpcServerProtocolService.java:174)
	at org.apache.ratis.thirdparty.io.grpc.stub.ServerCalls$StreamingServerCallHandler$StreamingServerCallListener.onMessage(ServerCalls.java:262)
	at org.apache.ratis.thirdparty.io.grpc.internal.ServerCallImpl$ServerStreamListenerImpl.messagesAvailableInternal(ServerCallImpl.java:329)
	at org.apache.ratis.thirdparty.io.grpc.internal.ServerCallImpl$ServerStreamListenerImpl.messagesAvailable(ServerCallImpl.java:314)
	at org.apache.ratis.thirdparty.io.grpc.internal.ServerImpl$JumpToApplicationThreadServerStreamListener$1MessagesAvailable.runInContext(ServerImpl.java:833)
	at org.apache.ratis.thirdparty.io.grpc.internal.ContextRunnable.run(ContextRunnable.java:37)
	at org.apache.ratis.thirdparty.io.grpc.internal.SerializingExecutor.run(SerializingExecutor.java:133)
	at java.util.concurrent.ThreadPoolExecutor.runWorker(ThreadPoolExecutor.java:1149)
	at java.util.concurrent.ThreadPoolExecutor$Worker.run(ThreadPoolExecutor.java:624)
	at java.lang.Thread.run(Thread.java:750)
Caused by: java.util.concurrent.RejectedExecutionException: Task java.util.concurrent.CompletableFuture$AsyncSupply@73a00ec6 rejected from java.util.concurrent.ThreadPoolExecutor@107aea74[Terminated, pool size = 0, active threads = 0, queued tasks = 0, completed tasks = 0]
	at java.util.concurrent.ThreadPoolExecutor$AbortPolicy.rejectedExecution(ThreadPoolExecutor.java:2063)
	at java.util.concurrent.ThreadPoolExecutor.reject(ThreadPoolExecutor.java:830)
	at java.util.concurrent.ThreadPoolExecutor.execute(ThreadPoolExecutor.java:1379)
	at java.util.concurrent.CompletableFuture.asyncSupplyStage(CompletableFuture.java:1618)
	at java.util.concurrent.CompletableFuture.supplyAsync(CompletableFuture.java:1843)
	at org.apache.ratis.server.impl.RaftServerImpl.executeSubmitServerRequestAsync(RaftServerImpl.java:898)
	at org.apache.ratis.server.impl.RaftServerProxy.lambda$appendEntriesAsync$29(RaftServerProxy.java:655)
	at java.util.concurrent.CompletableFuture.uniComposeStage(CompletableFuture.java:995)
	... 13 more
2024-09-15 02:32:26,423 [s2@group-39FE727B82F7-StateMachineUpdater] INFO  impl.SimpleStateMachine4Testing (SimpleStateMachine4Testing.java:applyTransaction(251)) - applyTransaction for log index 139
2024-09-15 02:32:26,423 [s2@group-39FE727B82F7-StateMachineUpdater] INFO  impl.SimpleStateMachine4Testing (SimpleStateMachine4Testing.java:put(207)) - s2: put 139, m68 -> (t:2, i:139), STATEMACHINELOGENTRY, WRITE: logData.size=3, stateMachineData.size=17, logEntryProtoSerializedSize=0
2024-09-15 02:32:26,425 [s1@group-39FE727B82F7-StateMachineUpdater] INFO  impl.SimpleStateMachine4Testing (SimpleStateMachine4Testing.java:applyTransaction(251)) - applyTransaction for log index 139
2024-09-15 02:32:26,425 [s1@group-39FE727B82F7-StateMachineUpdater] INFO  impl.SimpleStateMachine4Testing (SimpleStateMachine4Testing.java:put(207)) - s1: put 139, m68 -> (t:2, i:139), STATEMACHINELOGENTRY, WRITE: logData.size=3, stateMachineData.size=17, logEntryProtoSerializedSize=0
2024-09-15 02:32:26,425 [grpc-default-executor-2] INFO  leader.LogAppender (LogAppenderBase.java:lambda$getNextIndexForError$0(219)) - Decrease nextIndex to 83
2024-09-15 02:32:26,425 [grpc-default-executor-2] INFO  leader.LogAppender (LogAppenderBase.java:lambda$getNextIndexForError$0(219)) - Decrease nextIndex to 83
2024-09-15 02:32:26,425 [grpc-default-executor-2] INFO  leader.FollowerInfo (FollowerInfoImpl.java:info(70)) - s2@group-39FE727B82F7->s0: computeNextIndex nextIndex: updateUnconditionally 139 -> 83
2024-09-15 02:32:26,429 [grpc-default-executor-2] WARN  server.GrpcServerProtocolService (LogUtils.java:warn(123)) - s0: Failed APPEND_ENTRIES request cid=77, isHeartbeat? false
java.util.concurrent.CompletionException: java.util.concurrent.RejectedExecutionException: Task java.util.concurrent.CompletableFuture$AsyncSupply@309a3462 rejected from java.util.concurrent.ThreadPoolExecutor@107aea74[Terminated, pool size = 0, active threads = 0, queued tasks = 0, completed tasks = 0]
	at java.util.concurrent.CompletableFuture.encodeThrowable(CompletableFuture.java:273)
	at java.util.concurrent.CompletableFuture.uniComposeStage(CompletableFuture.java:1005)
	at java.util.concurrent.CompletableFuture.thenCompose(CompletableFuture.java:2137)
	at org.apache.ratis.server.impl.RaftServerProxy.appendEntriesAsync(RaftServerProxy.java:655)
	at org.apache.ratis.grpc.server.GrpcServerProtocolService$1.process(GrpcServerProtocolService.java:307)
	at org.apache.ratis.grpc.server.GrpcServerProtocolService$ServerRequestStreamObserver.onNext(GrpcServerProtocolService.java:174)
	at org.apache.ratis.thirdparty.io.grpc.stub.ServerCalls$StreamingServerCallHandler$StreamingServerCallListener.onMessage(ServerCalls.java:262)
	at org.apache.ratis.thirdparty.io.grpc.internal.ServerCallImpl$ServerStreamListenerImpl.messagesAvailableInternal(ServerCallImpl.java:329)
	at org.apache.ratis.thirdparty.io.grpc.internal.ServerCallImpl$ServerStreamListenerImpl.messagesAvailable(ServerCallImpl.java:314)
	at org.apache.ratis.thirdparty.io.grpc.internal.ServerImpl$JumpToApplicationThreadServerStreamListener$1MessagesAvailable.runInContext(ServerImpl.java:833)
	at org.apache.ratis.thirdparty.io.grpc.internal.ContextRunnable.run(ContextRunnable.java:37)
	at org.apache.ratis.thirdparty.io.grpc.internal.SerializingExecutor.run(SerializingExecutor.java:133)
	at java.util.concurrent.ThreadPoolExecutor.runWorker(ThreadPoolExecutor.java:1149)
	at java.util.concurrent.ThreadPoolExecutor$Worker.run(ThreadPoolExecutor.java:624)
	at java.lang.Thread.run(Thread.java:750)
Caused by: java.util.concurrent.RejectedExecutionException: Task java.util.concurrent.CompletableFuture$AsyncSupply@309a3462 rejected from java.util.concurrent.ThreadPoolExecutor@107aea74[Terminated, pool size = 0, active threads = 0, queued tasks = 0, completed tasks = 0]
	at java.util.concurrent.ThreadPoolExecutor$AbortPolicy.rejectedExecution(ThreadPoolExecutor.java:2063)
	at java.util.concurrent.ThreadPoolExecutor.reject(ThreadPoolExecutor.java:830)
	at java.util.concurrent.ThreadPoolExecutor.execute(ThreadPoolExecutor.java:1379)
	at java.util.concurrent.CompletableFuture.asyncSupplyStage(CompletableFuture.java:1618)
	at java.util.concurrent.CompletableFuture.supplyAsync(CompletableFuture.java:1843)
	at org.apache.ratis.server.impl.RaftServerImpl.executeSubmitServerRequestAsync(RaftServerImpl.java:898)
	at org.apache.ratis.server.impl.RaftServerProxy.lambda$appendEntriesAsync$29(RaftServerProxy.java:655)
	at java.util.concurrent.CompletableFuture.uniComposeStage(CompletableFuture.java:995)
	... 13 more
2024-09-15 02:32:26,430 [s2@group-39FE727B82F7-StateMachineUpdater] INFO  impl.SimpleStateMachine4Testing (SimpleStateMachine4Testing.java:applyTransaction(251)) - applyTransaction for log index 141
2024-09-15 02:32:26,430 [s2@group-39FE727B82F7-StateMachineUpdater] INFO  impl.SimpleStateMachine4Testing (SimpleStateMachine4Testing.java:put(207)) - s2: put 141, m69 -> (t:2, i:141), STATEMACHINELOGENTRY, WRITE: logData.size=3, stateMachineData.size=17, logEntryProtoSerializedSize=0
2024-09-15 02:32:26,431 [s1@group-39FE727B82F7-StateMachineUpdater] INFO  impl.SimpleStateMachine4Testing (SimpleStateMachine4Testing.java:applyTransaction(251)) - applyTransaction for log index 141
2024-09-15 02:32:26,431 [s1@group-39FE727B82F7-StateMachineUpdater] INFO  impl.SimpleStateMachine4Testing (SimpleStateMachine4Testing.java:put(207)) - s1: put 141, m69 -> (t:2, i:141), STATEMACHINELOGENTRY, WRITE: logData.size=3, stateMachineData.size=17, logEntryProtoSerializedSize=0
2024-09-15 02:32:26,433 [grpc-default-executor-2] INFO  leader.LogAppender (LogAppenderBase.java:lambda$getNextIndexForError$0(219)) - Decrease nextIndex to 83
2024-09-15 02:32:26,434 [grpc-default-executor-2] INFO  leader.LogAppender (LogAppenderBase.java:lambda$getNextIndexForError$0(219)) - Decrease nextIndex to 83
2024-09-15 02:32:26,434 [grpc-default-executor-2] INFO  leader.FollowerInfo (FollowerInfoImpl.java:info(70)) - s2@group-39FE727B82F7->s0: computeNextIndex nextIndex: updateUnconditionally 141 -> 83
2024-09-15 02:32:26,437 [s2@group-39FE727B82F7-StateMachineUpdater] INFO  impl.SimpleStateMachine4Testing (SimpleStateMachine4Testing.java:applyTransaction(251)) - applyTransaction for log index 143
2024-09-15 02:32:26,437 [s2@group-39FE727B82F7-StateMachineUpdater] INFO  impl.SimpleStateMachine4Testing (SimpleStateMachine4Testing.java:put(207)) - s2: put 143, m70 -> (t:2, i:143), STATEMACHINELOGENTRY, WRITE: logData.size=3, stateMachineData.size=17, logEntryProtoSerializedSize=0
2024-09-15 02:32:26,439 [s1@group-39FE727B82F7-StateMachineUpdater] INFO  impl.SimpleStateMachine4Testing (SimpleStateMachine4Testing.java:applyTransaction(251)) - applyTransaction for log index 143
2024-09-15 02:32:26,439 [s1@group-39FE727B82F7-StateMachineUpdater] INFO  impl.SimpleStateMachine4Testing (SimpleStateMachine4Testing.java:put(207)) - s1: put 143, m70 -> (t:2, i:143), STATEMACHINELOGENTRY, WRITE: logData.size=3, stateMachineData.size=17, logEntryProtoSerializedSize=0
2024-09-15 02:32:26,440 [grpc-default-executor-2] WARN  server.GrpcServerProtocolService (LogUtils.java:warn(123)) - s0: Failed APPEND_ENTRIES request cid=81, isHeartbeat? false
java.util.concurrent.CompletionException: java.util.concurrent.RejectedExecutionException: Task java.util.concurrent.CompletableFuture$AsyncSupply@ae0bfe5 rejected from java.util.concurrent.ThreadPoolExecutor@107aea74[Terminated, pool size = 0, active threads = 0, queued tasks = 0, completed tasks = 0]
	at java.util.concurrent.CompletableFuture.encodeThrowable(CompletableFuture.java:273)
	at java.util.concurrent.CompletableFuture.uniComposeStage(CompletableFuture.java:1005)
	at java.util.concurrent.CompletableFuture.thenCompose(CompletableFuture.java:2137)
	at org.apache.ratis.server.impl.RaftServerProxy.appendEntriesAsync(RaftServerProxy.java:655)
	at org.apache.ratis.grpc.server.GrpcServerProtocolService$1.process(GrpcServerProtocolService.java:307)
	at org.apache.ratis.grpc.server.GrpcServerProtocolService$ServerRequestStreamObserver.onNext(GrpcServerProtocolService.java:174)
	at org.apache.ratis.thirdparty.io.grpc.stub.ServerCalls$StreamingServerCallHandler$StreamingServerCallListener.onMessage(ServerCalls.java:262)
	at org.apache.ratis.thirdparty.io.grpc.internal.ServerCallImpl$ServerStreamListenerImpl.messagesAvailableInternal(ServerCallImpl.java:329)
	at org.apache.ratis.thirdparty.io.grpc.internal.ServerCallImpl$ServerStreamListenerImpl.messagesAvailable(ServerCallImpl.java:314)
	at org.apache.ratis.thirdparty.io.grpc.internal.ServerImpl$JumpToApplicationThreadServerStreamListener$1MessagesAvailable.runInContext(ServerImpl.java:833)
	at org.apache.ratis.thirdparty.io.grpc.internal.ContextRunnable.run(ContextRunnable.java:37)
	at org.apache.ratis.thirdparty.io.grpc.internal.SerializingExecutor.run(SerializingExecutor.java:133)
	at java.util.concurrent.ThreadPoolExecutor.runWorker(ThreadPoolExecutor.java:1149)
	at java.util.concurrent.ThreadPoolExecutor$Worker.run(ThreadPoolExecutor.java:624)
	at java.lang.Thread.run(Thread.java:750)
Caused by: java.util.concurrent.RejectedExecutionException: Task java.util.concurrent.CompletableFuture$AsyncSupply@ae0bfe5 rejected from java.util.concurrent.ThreadPoolExecutor@107aea74[Terminated, pool size = 0, active threads = 0, queued tasks = 0, completed tasks = 0]
	at java.util.concurrent.ThreadPoolExecutor$AbortPolicy.rejectedExecution(ThreadPoolExecutor.java:2063)
	at java.util.concurrent.ThreadPoolExecutor.reject(ThreadPoolExecutor.java:830)
	at java.util.concurrent.ThreadPoolExecutor.execute(ThreadPoolExecutor.java:1379)
	at java.util.concurrent.CompletableFuture.asyncSupplyStage(CompletableFuture.java:1618)
	at java.util.concurrent.CompletableFuture.supplyAsync(CompletableFuture.java:1843)
	at org.apache.ratis.server.impl.RaftServerImpl.executeSubmitServerRequestAsync(RaftServerImpl.java:898)
	at org.apache.ratis.server.impl.RaftServerProxy.lambda$appendEntriesAsync$29(RaftServerProxy.java:655)
	at java.util.concurrent.CompletableFuture.uniComposeStage(CompletableFuture.java:995)
	... 13 more
2024-09-15 02:32:26,443 [grpc-default-executor-4] INFO  leader.LogAppender (LogAppenderBase.java:lambda$getNextIndexForError$0(219)) - Decrease nextIndex to 83
2024-09-15 02:32:26,443 [grpc-default-executor-4] INFO  leader.LogAppender (LogAppenderBase.java:lambda$getNextIndexForError$0(219)) - Decrease nextIndex to 83
2024-09-15 02:32:26,443 [grpc-default-executor-4] INFO  leader.FollowerInfo (FollowerInfoImpl.java:info(70)) - s2@group-39FE727B82F7->s0: computeNextIndex nextIndex: updateUnconditionally 144 -> 83
2024-09-15 02:32:26,444 [s2@group-39FE727B82F7-StateMachineUpdater] INFO  impl.SimpleStateMachine4Testing (SimpleStateMachine4Testing.java:applyTransaction(251)) - applyTransaction for log index 145
2024-09-15 02:32:26,444 [s2@group-39FE727B82F7-StateMachineUpdater] INFO  impl.SimpleStateMachine4Testing (SimpleStateMachine4Testing.java:put(207)) - s2: put 145, m71 -> (t:2, i:145), STATEMACHINELOGENTRY, WRITE: logData.size=3, stateMachineData.size=17, logEntryProtoSerializedSize=0
2024-09-15 02:32:26,445 [s1@group-39FE727B82F7-StateMachineUpdater] INFO  impl.SimpleStateMachine4Testing (SimpleStateMachine4Testing.java:applyTransaction(251)) - applyTransaction for log index 145
2024-09-15 02:32:26,445 [s1@group-39FE727B82F7-StateMachineUpdater] INFO  impl.SimpleStateMachine4Testing (SimpleStateMachine4Testing.java:put(207)) - s1: put 145, m71 -> (t:2, i:145), STATEMACHINELOGENTRY, WRITE: logData.size=3, stateMachineData.size=17, logEntryProtoSerializedSize=0
2024-09-15 02:32:26,447 [grpc-default-executor-4] WARN  server.GrpcServerProtocolService (LogUtils.java:warn(123)) - s0: Failed APPEND_ENTRIES request cid=84, isHeartbeat? false
java.util.concurrent.CompletionException: java.util.concurrent.RejectedExecutionException: Task java.util.concurrent.CompletableFuture$AsyncSupply@349aa81e rejected from java.util.concurrent.ThreadPoolExecutor@107aea74[Terminated, pool size = 0, active threads = 0, queued tasks = 0, completed tasks = 0]
	at java.util.concurrent.CompletableFuture.encodeThrowable(CompletableFuture.java:273)
	at java.util.concurrent.CompletableFuture.uniComposeStage(CompletableFuture.java:1005)
	at java.util.concurrent.CompletableFuture.thenCompose(CompletableFuture.java:2137)
	at org.apache.ratis.server.impl.RaftServerProxy.appendEntriesAsync(RaftServerProxy.java:655)
	at org.apache.ratis.grpc.server.GrpcServerProtocolService$1.process(GrpcServerProtocolService.java:307)
	at org.apache.ratis.grpc.server.GrpcServerProtocolService$ServerRequestStreamObserver.onNext(GrpcServerProtocolService.java:174)
	at org.apache.ratis.thirdparty.io.grpc.stub.ServerCalls$StreamingServerCallHandler$StreamingServerCallListener.onMessage(ServerCalls.java:262)
	at org.apache.ratis.thirdparty.io.grpc.internal.ServerCallImpl$ServerStreamListenerImpl.messagesAvailableInternal(ServerCallImpl.java:329)
	at org.apache.ratis.thirdparty.io.grpc.internal.ServerCallImpl$ServerStreamListenerImpl.messagesAvailable(ServerCallImpl.java:314)
	at org.apache.ratis.thirdparty.io.grpc.internal.ServerImpl$JumpToApplicationThreadServerStreamListener$1MessagesAvailable.runInContext(ServerImpl.java:833)
	at org.apache.ratis.thirdparty.io.grpc.internal.ContextRunnable.run(ContextRunnable.java:37)
	at org.apache.ratis.thirdparty.io.grpc.internal.SerializingExecutor.run(SerializingExecutor.java:133)
	at java.util.concurrent.ThreadPoolExecutor.runWorker(ThreadPoolExecutor.java:1149)
	at java.util.concurrent.ThreadPoolExecutor$Worker.run(ThreadPoolExecutor.java:624)
	at java.lang.Thread.run(Thread.java:750)
Caused by: java.util.concurrent.RejectedExecutionException: Task java.util.concurrent.CompletableFuture$AsyncSupply@349aa81e rejected from java.util.concurrent.ThreadPoolExecutor@107aea74[Terminated, pool size = 0, active threads = 0, queued tasks = 0, completed tasks = 0]
	at java.util.concurrent.ThreadPoolExecutor$AbortPolicy.rejectedExecution(ThreadPoolExecutor.java:2063)
	at java.util.concurrent.ThreadPoolExecutor.reject(ThreadPoolExecutor.java:830)
	at java.util.concurrent.ThreadPoolExecutor.execute(ThreadPoolExecutor.java:1379)
	at java.util.concurrent.CompletableFuture.asyncSupplyStage(CompletableFuture.java:1618)
	at java.util.concurrent.CompletableFuture.supplyAsync(CompletableFuture.java:1843)
	at org.apache.ratis.server.impl.RaftServerImpl.executeSubmitServerRequestAsync(RaftServerImpl.java:898)
	at org.apache.ratis.server.impl.RaftServerProxy.lambda$appendEntriesAsync$29(RaftServerProxy.java:655)
	at java.util.concurrent.CompletableFuture.uniComposeStage(CompletableFuture.java:995)
	... 13 more
2024-09-15 02:32:26,450 [s2@group-39FE727B82F7-StateMachineUpdater] INFO  impl.SimpleStateMachine4Testing (SimpleStateMachine4Testing.java:applyTransaction(251)) - applyTransaction for log index 147
2024-09-15 02:32:26,450 [s2@group-39FE727B82F7-StateMachineUpdater] INFO  impl.SimpleStateMachine4Testing (SimpleStateMachine4Testing.java:put(207)) - s2: put 147, m72 -> (t:2, i:147), STATEMACHINELOGENTRY, WRITE: logData.size=3, stateMachineData.size=17, logEntryProtoSerializedSize=0
2024-09-15 02:32:26,450 [grpc-default-executor-4] INFO  leader.LogAppender (LogAppenderBase.java:lambda$getNextIndexForError$0(219)) - Decrease nextIndex to 83
2024-09-15 02:32:26,450 [grpc-default-executor-4] INFO  leader.LogAppender (LogAppenderBase.java:lambda$getNextIndexForError$0(219)) - Decrease nextIndex to 83
2024-09-15 02:32:26,450 [grpc-default-executor-4] INFO  leader.FollowerInfo (FollowerInfoImpl.java:info(70)) - s2@group-39FE727B82F7->s0: computeNextIndex nextIndex: updateUnconditionally 147 -> 83
2024-09-15 02:32:26,451 [s1@group-39FE727B82F7-StateMachineUpdater] INFO  impl.SimpleStateMachine4Testing (SimpleStateMachine4Testing.java:applyTransaction(251)) - applyTransaction for log index 147
2024-09-15 02:32:26,451 [s1@group-39FE727B82F7-StateMachineUpdater] INFO  impl.SimpleStateMachine4Testing (SimpleStateMachine4Testing.java:put(207)) - s1: put 147, m72 -> (t:2, i:147), STATEMACHINELOGENTRY, WRITE: logData.size=3, stateMachineData.size=17, logEntryProtoSerializedSize=0
2024-09-15 02:32:26,454 [grpc-default-executor-2] WARN  server.GrpcServerProtocolService (LogUtils.java:warn(123)) - s0: Failed APPEND_ENTRIES request cid=88, isHeartbeat? false
java.util.concurrent.CompletionException: java.util.concurrent.RejectedExecutionException: Task java.util.concurrent.CompletableFuture$AsyncSupply@5e36ce1e rejected from java.util.concurrent.ThreadPoolExecutor@107aea74[Terminated, pool size = 0, active threads = 0, queued tasks = 0, completed tasks = 0]
	at java.util.concurrent.CompletableFuture.encodeThrowable(CompletableFuture.java:273)
	at java.util.concurrent.CompletableFuture.uniComposeStage(CompletableFuture.java:1005)
	at java.util.concurrent.CompletableFuture.thenCompose(CompletableFuture.java:2137)
	at org.apache.ratis.server.impl.RaftServerProxy.appendEntriesAsync(RaftServerProxy.java:655)
	at org.apache.ratis.grpc.server.GrpcServerProtocolService$1.process(GrpcServerProtocolService.java:307)
	at org.apache.ratis.grpc.server.GrpcServerProtocolService$ServerRequestStreamObserver.onNext(GrpcServerProtocolService.java:174)
	at org.apache.ratis.thirdparty.io.grpc.stub.ServerCalls$StreamingServerCallHandler$StreamingServerCallListener.onMessage(ServerCalls.java:262)
	at org.apache.ratis.thirdparty.io.grpc.internal.ServerCallImpl$ServerStreamListenerImpl.messagesAvailableInternal(ServerCallImpl.java:329)
	at org.apache.ratis.thirdparty.io.grpc.internal.ServerCallImpl$ServerStreamListenerImpl.messagesAvailable(ServerCallImpl.java:314)
	at org.apache.ratis.thirdparty.io.grpc.internal.ServerImpl$JumpToApplicationThreadServerStreamListener$1MessagesAvailable.runInContext(ServerImpl.java:833)
	at org.apache.ratis.thirdparty.io.grpc.internal.ContextRunnable.run(ContextRunnable.java:37)
	at org.apache.ratis.thirdparty.io.grpc.internal.SerializingExecutor.run(SerializingExecutor.java:133)
	at java.util.concurrent.ThreadPoolExecutor.runWorker(ThreadPoolExecutor.java:1149)
	at java.util.concurrent.ThreadPoolExecutor$Worker.run(ThreadPoolExecutor.java:624)
	at java.lang.Thread.run(Thread.java:750)
Caused by: java.util.concurrent.RejectedExecutionException: Task java.util.concurrent.CompletableFuture$AsyncSupply@5e36ce1e rejected from java.util.concurrent.ThreadPoolExecutor@107aea74[Terminated, pool size = 0, active threads = 0, queued tasks = 0, completed tasks = 0]
	at java.util.concurrent.ThreadPoolExecutor$AbortPolicy.rejectedExecution(ThreadPoolExecutor.java:2063)
	at java.util.concurrent.ThreadPoolExecutor.reject(ThreadPoolExecutor.java:830)
	at java.util.concurrent.ThreadPoolExecutor.execute(ThreadPoolExecutor.java:1379)
	at java.util.concurrent.CompletableFuture.asyncSupplyStage(CompletableFuture.java:1618)
	at java.util.concurrent.CompletableFuture.supplyAsync(CompletableFuture.java:1843)
	at org.apache.ratis.server.impl.RaftServerImpl.executeSubmitServerRequestAsync(RaftServerImpl.java:898)
	at org.apache.ratis.server.impl.RaftServerProxy.lambda$appendEntriesAsync$29(RaftServerProxy.java:655)
	at java.util.concurrent.CompletableFuture.uniComposeStage(CompletableFuture.java:995)
	... 13 more
2024-09-15 02:32:26,456 [s2@group-39FE727B82F7-StateMachineUpdater] INFO  impl.SimpleStateMachine4Testing (SimpleStateMachine4Testing.java:applyTransaction(251)) - applyTransaction for log index 149
2024-09-15 02:32:26,456 [s2@group-39FE727B82F7-StateMachineUpdater] INFO  impl.SimpleStateMachine4Testing (SimpleStateMachine4Testing.java:put(207)) - s2: put 149, m73 -> (t:2, i:149), STATEMACHINELOGENTRY, WRITE: logData.size=3, stateMachineData.size=17, logEntryProtoSerializedSize=0
2024-09-15 02:32:26,457 [s1@group-39FE727B82F7-StateMachineUpdater] INFO  impl.SimpleStateMachine4Testing (SimpleStateMachine4Testing.java:applyTransaction(251)) - applyTransaction for log index 149
2024-09-15 02:32:26,457 [s1@group-39FE727B82F7-StateMachineUpdater] INFO  impl.SimpleStateMachine4Testing (SimpleStateMachine4Testing.java:put(207)) - s1: put 149, m73 -> (t:2, i:149), STATEMACHINELOGENTRY, WRITE: logData.size=3, stateMachineData.size=17, logEntryProtoSerializedSize=0
2024-09-15 02:32:26,459 [grpc-default-executor-2] INFO  leader.LogAppender (LogAppenderBase.java:lambda$getNextIndexForError$0(219)) - Decrease nextIndex to 83
2024-09-15 02:32:26,459 [grpc-default-executor-2] INFO  leader.LogAppender (LogAppenderBase.java:lambda$getNextIndexForError$0(219)) - Decrease nextIndex to 83
2024-09-15 02:32:26,459 [grpc-default-executor-2] INFO  leader.FollowerInfo (FollowerInfoImpl.java:info(70)) - s2@group-39FE727B82F7->s0: computeNextIndex nextIndex: updateUnconditionally 149 -> 83
2024-09-15 02:32:26,461 [s2@group-39FE727B82F7-StateMachineUpdater] INFO  impl.SimpleStateMachine4Testing (SimpleStateMachine4Testing.java:applyTransaction(251)) - applyTransaction for log index 151
2024-09-15 02:32:26,461 [s2@group-39FE727B82F7-StateMachineUpdater] INFO  impl.SimpleStateMachine4Testing (SimpleStateMachine4Testing.java:put(207)) - s2: put 151, m74 -> (t:2, i:151), STATEMACHINELOGENTRY, WRITE: logData.size=3, stateMachineData.size=17, logEntryProtoSerializedSize=0
2024-09-15 02:32:26,463 [s1@group-39FE727B82F7-StateMachineUpdater] INFO  impl.SimpleStateMachine4Testing (SimpleStateMachine4Testing.java:applyTransaction(251)) - applyTransaction for log index 151
2024-09-15 02:32:26,463 [s1@group-39FE727B82F7-StateMachineUpdater] INFO  impl.SimpleStateMachine4Testing (SimpleStateMachine4Testing.java:put(207)) - s1: put 151, m74 -> (t:2, i:151), STATEMACHINELOGENTRY, WRITE: logData.size=3, stateMachineData.size=17, logEntryProtoSerializedSize=0
2024-09-15 02:32:26,463 [grpc-default-executor-1] WARN  server.GrpcServerProtocolService (LogUtils.java:warn(123)) - s0: Failed APPEND_ENTRIES request cid=92, isHeartbeat? false
java.util.concurrent.CompletionException: java.util.concurrent.RejectedExecutionException: Task java.util.concurrent.CompletableFuture$AsyncSupply@6dc371bd rejected from java.util.concurrent.ThreadPoolExecutor@107aea74[Terminated, pool size = 0, active threads = 0, queued tasks = 0, completed tasks = 0]
	at java.util.concurrent.CompletableFuture.encodeThrowable(CompletableFuture.java:273)
	at java.util.concurrent.CompletableFuture.uniComposeStage(CompletableFuture.java:1005)
	at java.util.concurrent.CompletableFuture.thenCompose(CompletableFuture.java:2137)
	at org.apache.ratis.server.impl.RaftServerProxy.appendEntriesAsync(RaftServerProxy.java:655)
	at org.apache.ratis.grpc.server.GrpcServerProtocolService$1.process(GrpcServerProtocolService.java:307)
	at org.apache.ratis.grpc.server.GrpcServerProtocolService$ServerRequestStreamObserver.onNext(GrpcServerProtocolService.java:174)
	at org.apache.ratis.thirdparty.io.grpc.stub.ServerCalls$StreamingServerCallHandler$StreamingServerCallListener.onMessage(ServerCalls.java:262)
	at org.apache.ratis.thirdparty.io.grpc.internal.ServerCallImpl$ServerStreamListenerImpl.messagesAvailableInternal(ServerCallImpl.java:329)
	at org.apache.ratis.thirdparty.io.grpc.internal.ServerCallImpl$ServerStreamListenerImpl.messagesAvailable(ServerCallImpl.java:314)
	at org.apache.ratis.thirdparty.io.grpc.internal.ServerImpl$JumpToApplicationThreadServerStreamListener$1MessagesAvailable.runInContext(ServerImpl.java:833)
	at org.apache.ratis.thirdparty.io.grpc.internal.ContextRunnable.run(ContextRunnable.java:37)
	at org.apache.ratis.thirdparty.io.grpc.internal.SerializingExecutor.run(SerializingExecutor.java:133)
	at java.util.concurrent.ThreadPoolExecutor.runWorker(ThreadPoolExecutor.java:1149)
	at java.util.concurrent.ThreadPoolExecutor$Worker.run(ThreadPoolExecutor.java:624)
	at java.lang.Thread.run(Thread.java:750)
Caused by: java.util.concurrent.RejectedExecutionException: Task java.util.concurrent.CompletableFuture$AsyncSupply@6dc371bd rejected from java.util.concurrent.ThreadPoolExecutor@107aea74[Terminated, pool size = 0, active threads = 0, queued tasks = 0, completed tasks = 0]
	at java.util.concurrent.ThreadPoolExecutor$AbortPolicy.rejectedExecution(ThreadPoolExecutor.java:2063)
	at java.util.concurrent.ThreadPoolExecutor.reject(ThreadPoolExecutor.java:830)
	at java.util.concurrent.ThreadPoolExecutor.execute(ThreadPoolExecutor.java:1379)
	at java.util.concurrent.CompletableFuture.asyncSupplyStage(CompletableFuture.java:1618)
	at java.util.concurrent.CompletableFuture.supplyAsync(CompletableFuture.java:1843)
	at org.apache.ratis.server.impl.RaftServerImpl.executeSubmitServerRequestAsync(RaftServerImpl.java:898)
	at org.apache.ratis.server.impl.RaftServerProxy.lambda$appendEntriesAsync$29(RaftServerProxy.java:655)
	at java.util.concurrent.CompletableFuture.uniComposeStage(CompletableFuture.java:995)
	... 13 more
2024-09-15 02:32:26,465 [grpc-default-executor-1] INFO  leader.LogAppender (LogAppenderBase.java:lambda$getNextIndexForError$0(219)) - Decrease nextIndex to 83
2024-09-15 02:32:26,465 [grpc-default-executor-1] INFO  leader.LogAppender (LogAppenderBase.java:lambda$getNextIndexForError$0(219)) - Decrease nextIndex to 83
2024-09-15 02:32:26,465 [grpc-default-executor-1] INFO  leader.FollowerInfo (FollowerInfoImpl.java:info(70)) - s2@group-39FE727B82F7->s0: computeNextIndex nextIndex: updateUnconditionally 152 -> 83
2024-09-15 02:32:26,466 [s2@group-39FE727B82F7-StateMachineUpdater] INFO  impl.SimpleStateMachine4Testing (SimpleStateMachine4Testing.java:applyTransaction(251)) - applyTransaction for log index 153
2024-09-15 02:32:26,466 [s2@group-39FE727B82F7-StateMachineUpdater] INFO  impl.SimpleStateMachine4Testing (SimpleStateMachine4Testing.java:put(207)) - s2: put 153, m75 -> (t:2, i:153), STATEMACHINELOGENTRY, WRITE: logData.size=3, stateMachineData.size=17, logEntryProtoSerializedSize=0
2024-09-15 02:32:26,467 [s1@group-39FE727B82F7-StateMachineUpdater] INFO  impl.SimpleStateMachine4Testing (SimpleStateMachine4Testing.java:applyTransaction(251)) - applyTransaction for log index 153
2024-09-15 02:32:26,467 [s1@group-39FE727B82F7-StateMachineUpdater] INFO  impl.SimpleStateMachine4Testing (SimpleStateMachine4Testing.java:put(207)) - s1: put 153, m75 -> (t:2, i:153), STATEMACHINELOGENTRY, WRITE: logData.size=3, stateMachineData.size=17, logEntryProtoSerializedSize=0
2024-09-15 02:32:26,469 [grpc-default-executor-2] WARN  server.GrpcServerProtocolService (LogUtils.java:warn(123)) - s0: Failed APPEND_ENTRIES request cid=95, isHeartbeat? false
java.util.concurrent.CompletionException: java.util.concurrent.RejectedExecutionException: Task java.util.concurrent.CompletableFuture$AsyncSupply@24342f62 rejected from java.util.concurrent.ThreadPoolExecutor@107aea74[Terminated, pool size = 0, active threads = 0, queued tasks = 0, completed tasks = 0]
	at java.util.concurrent.CompletableFuture.encodeThrowable(CompletableFuture.java:273)
	at java.util.concurrent.CompletableFuture.uniComposeStage(CompletableFuture.java:1005)
	at java.util.concurrent.CompletableFuture.thenCompose(CompletableFuture.java:2137)
	at org.apache.ratis.server.impl.RaftServerProxy.appendEntriesAsync(RaftServerProxy.java:655)
	at org.apache.ratis.grpc.server.GrpcServerProtocolService$1.process(GrpcServerProtocolService.java:307)
	at org.apache.ratis.grpc.server.GrpcServerProtocolService$ServerRequestStreamObserver.onNext(GrpcServerProtocolService.java:174)
	at org.apache.ratis.thirdparty.io.grpc.stub.ServerCalls$StreamingServerCallHandler$StreamingServerCallListener.onMessage(ServerCalls.java:262)
	at org.apache.ratis.thirdparty.io.grpc.internal.ServerCallImpl$ServerStreamListenerImpl.messagesAvailableInternal(ServerCallImpl.java:329)
	at org.apache.ratis.thirdparty.io.grpc.internal.ServerCallImpl$ServerStreamListenerImpl.messagesAvailable(ServerCallImpl.java:314)
	at org.apache.ratis.thirdparty.io.grpc.internal.ServerImpl$JumpToApplicationThreadServerStreamListener$1MessagesAvailable.runInContext(ServerImpl.java:833)
	at org.apache.ratis.thirdparty.io.grpc.internal.ContextRunnable.run(ContextRunnable.java:37)
	at org.apache.ratis.thirdparty.io.grpc.internal.SerializingExecutor.run(SerializingExecutor.java:133)
	at java.util.concurrent.ThreadPoolExecutor.runWorker(ThreadPoolExecutor.java:1149)
	at java.util.concurrent.ThreadPoolExecutor$Worker.run(ThreadPoolExecutor.java:624)
	at java.lang.Thread.run(Thread.java:750)
Caused by: java.util.concurrent.RejectedExecutionException: Task java.util.concurrent.CompletableFuture$AsyncSupply@24342f62 rejected from java.util.concurrent.ThreadPoolExecutor@107aea74[Terminated, pool size = 0, active threads = 0, queued tasks = 0, completed tasks = 0]
	at java.util.concurrent.ThreadPoolExecutor$AbortPolicy.rejectedExecution(ThreadPoolExecutor.java:2063)
	at java.util.concurrent.ThreadPoolExecutor.reject(ThreadPoolExecutor.java:830)
	at java.util.concurrent.ThreadPoolExecutor.execute(ThreadPoolExecutor.java:1379)
	at java.util.concurrent.CompletableFuture.asyncSupplyStage(CompletableFuture.java:1618)
	at java.util.concurrent.CompletableFuture.supplyAsync(CompletableFuture.java:1843)
	at org.apache.ratis.server.impl.RaftServerImpl.executeSubmitServerRequestAsync(RaftServerImpl.java:898)
	at org.apache.ratis.server.impl.RaftServerProxy.lambda$appendEntriesAsync$29(RaftServerProxy.java:655)
	at java.util.concurrent.CompletableFuture.uniComposeStage(CompletableFuture.java:995)
	... 13 more
2024-09-15 02:32:26,471 [grpc-default-executor-4] INFO  leader.LogAppender (LogAppenderBase.java:lambda$getNextIndexForError$0(219)) - Decrease nextIndex to 83
2024-09-15 02:32:26,471 [grpc-default-executor-4] INFO  leader.LogAppender (LogAppenderBase.java:lambda$getNextIndexForError$0(219)) - Decrease nextIndex to 83
2024-09-15 02:32:26,471 [grpc-default-executor-4] INFO  leader.FollowerInfo (FollowerInfoImpl.java:info(70)) - s2@group-39FE727B82F7->s0: computeNextIndex nextIndex: updateUnconditionally 154 -> 83
2024-09-15 02:32:26,474 [s2@group-39FE727B82F7-StateMachineUpdater] INFO  impl.SimpleStateMachine4Testing (SimpleStateMachine4Testing.java:applyTransaction(251)) - applyTransaction for log index 155
2024-09-15 02:32:26,474 [s2@group-39FE727B82F7-StateMachineUpdater] INFO  impl.SimpleStateMachine4Testing (SimpleStateMachine4Testing.java:put(207)) - s2: put 155, m76 -> (t:2, i:155), STATEMACHINELOGENTRY, WRITE: logData.size=3, stateMachineData.size=17, logEntryProtoSerializedSize=0
2024-09-15 02:32:26,475 [grpc-default-executor-2] WARN  server.GrpcServerProtocolService (LogUtils.java:warn(123)) - s0: Failed APPEND_ENTRIES request cid=97, isHeartbeat? false
java.util.concurrent.CompletionException: java.util.concurrent.RejectedExecutionException: Task java.util.concurrent.CompletableFuture$AsyncSupply@31f85847 rejected from java.util.concurrent.ThreadPoolExecutor@107aea74[Terminated, pool size = 0, active threads = 0, queued tasks = 0, completed tasks = 0]
	at java.util.concurrent.CompletableFuture.encodeThrowable(CompletableFuture.java:273)
	at java.util.concurrent.CompletableFuture.uniComposeStage(CompletableFuture.java:1005)
	at java.util.concurrent.CompletableFuture.thenCompose(CompletableFuture.java:2137)
	at org.apache.ratis.server.impl.RaftServerProxy.appendEntriesAsync(RaftServerProxy.java:655)
	at org.apache.ratis.grpc.server.GrpcServerProtocolService$1.process(GrpcServerProtocolService.java:307)
	at org.apache.ratis.grpc.server.GrpcServerProtocolService$ServerRequestStreamObserver.onNext(GrpcServerProtocolService.java:174)
	at org.apache.ratis.thirdparty.io.grpc.stub.ServerCalls$StreamingServerCallHandler$StreamingServerCallListener.onMessage(ServerCalls.java:262)
	at org.apache.ratis.thirdparty.io.grpc.internal.ServerCallImpl$ServerStreamListenerImpl.messagesAvailableInternal(ServerCallImpl.java:329)
	at org.apache.ratis.thirdparty.io.grpc.internal.ServerCallImpl$ServerStreamListenerImpl.messagesAvailable(ServerCallImpl.java:314)
	at org.apache.ratis.thirdparty.io.grpc.internal.ServerImpl$JumpToApplicationThreadServerStreamListener$1MessagesAvailable.runInContext(ServerImpl.java:833)
	at org.apache.ratis.thirdparty.io.grpc.internal.ContextRunnable.run(ContextRunnable.java:37)
	at org.apache.ratis.thirdparty.io.grpc.internal.SerializingExecutor.run(SerializingExecutor.java:133)
	at java.util.concurrent.ThreadPoolExecutor.runWorker(ThreadPoolExecutor.java:1149)
	at java.util.concurrent.ThreadPoolExecutor$Worker.run(ThreadPoolExecutor.java:624)
	at java.lang.Thread.run(Thread.java:750)
Caused by: java.util.concurrent.RejectedExecutionException: Task java.util.concurrent.CompletableFuture$AsyncSupply@31f85847 rejected from java.util.concurrent.ThreadPoolExecutor@107aea74[Terminated, pool size = 0, active threads = 0, queued tasks = 0, completed tasks = 0]
	at java.util.concurrent.ThreadPoolExecutor$AbortPolicy.rejectedExecution(ThreadPoolExecutor.java:2063)
	at java.util.concurrent.ThreadPoolExecutor.reject(ThreadPoolExecutor.java:830)
	at java.util.concurrent.ThreadPoolExecutor.execute(ThreadPoolExecutor.java:1379)
	at java.util.concurrent.CompletableFuture.asyncSupplyStage(CompletableFuture.java:1618)
	at java.util.concurrent.CompletableFuture.supplyAsync(CompletableFuture.java:1843)
	at org.apache.ratis.server.impl.RaftServerImpl.executeSubmitServerRequestAsync(RaftServerImpl.java:898)
	at org.apache.ratis.server.impl.RaftServerProxy.lambda$appendEntriesAsync$29(RaftServerProxy.java:655)
	at java.util.concurrent.CompletableFuture.uniComposeStage(CompletableFuture.java:995)
	... 13 more
2024-09-15 02:32:26,475 [s1@group-39FE727B82F7-StateMachineUpdater] INFO  impl.SimpleStateMachine4Testing (SimpleStateMachine4Testing.java:applyTransaction(251)) - applyTransaction for log index 155
2024-09-15 02:32:26,476 [s1@group-39FE727B82F7-StateMachineUpdater] INFO  impl.SimpleStateMachine4Testing (SimpleStateMachine4Testing.java:put(207)) - s1: put 155, m76 -> (t:2, i:155), STATEMACHINELOGENTRY, WRITE: logData.size=3, stateMachineData.size=17, logEntryProtoSerializedSize=0
2024-09-15 02:32:26,479 [grpc-default-executor-4] INFO  leader.LogAppender (LogAppenderBase.java:lambda$getNextIndexForError$0(219)) - Decrease nextIndex to 83
2024-09-15 02:32:26,479 [grpc-default-executor-4] INFO  leader.LogAppender (LogAppenderBase.java:lambda$getNextIndexForError$0(219)) - Decrease nextIndex to 83
2024-09-15 02:32:26,479 [grpc-default-executor-4] INFO  leader.FollowerInfo (FollowerInfoImpl.java:info(70)) - s2@group-39FE727B82F7->s0: computeNextIndex nextIndex: updateUnconditionally 156 -> 83
2024-09-15 02:32:26,482 [s2@group-39FE727B82F7-StateMachineUpdater] INFO  impl.SimpleStateMachine4Testing (SimpleStateMachine4Testing.java:applyTransaction(251)) - applyTransaction for log index 157
2024-09-15 02:32:26,482 [s2@group-39FE727B82F7-StateMachineUpdater] INFO  impl.SimpleStateMachine4Testing (SimpleStateMachine4Testing.java:put(207)) - s2: put 157, m77 -> (t:2, i:157), STATEMACHINELOGENTRY, WRITE: logData.size=3, stateMachineData.size=17, logEntryProtoSerializedSize=0
2024-09-15 02:32:26,483 [grpc-default-executor-4] WARN  server.GrpcServerProtocolService (LogUtils.java:warn(123)) - s0: Failed APPEND_ENTRIES request cid=100, isHeartbeat? false
java.util.concurrent.CompletionException: java.util.concurrent.RejectedExecutionException: Task java.util.concurrent.CompletableFuture$AsyncSupply@1fa95619 rejected from java.util.concurrent.ThreadPoolExecutor@107aea74[Terminated, pool size = 0, active threads = 0, queued tasks = 0, completed tasks = 0]
	at java.util.concurrent.CompletableFuture.encodeThrowable(CompletableFuture.java:273)
	at java.util.concurrent.CompletableFuture.uniComposeStage(CompletableFuture.java:1005)
	at java.util.concurrent.CompletableFuture.thenCompose(CompletableFuture.java:2137)
	at org.apache.ratis.server.impl.RaftServerProxy.appendEntriesAsync(RaftServerProxy.java:655)
	at org.apache.ratis.grpc.server.GrpcServerProtocolService$1.process(GrpcServerProtocolService.java:307)
	at org.apache.ratis.grpc.server.GrpcServerProtocolService$ServerRequestStreamObserver.onNext(GrpcServerProtocolService.java:174)
	at org.apache.ratis.thirdparty.io.grpc.stub.ServerCalls$StreamingServerCallHandler$StreamingServerCallListener.onMessage(ServerCalls.java:262)
	at org.apache.ratis.thirdparty.io.grpc.internal.ServerCallImpl$ServerStreamListenerImpl.messagesAvailableInternal(ServerCallImpl.java:329)
	at org.apache.ratis.thirdparty.io.grpc.internal.ServerCallImpl$ServerStreamListenerImpl.messagesAvailable(ServerCallImpl.java:314)
	at org.apache.ratis.thirdparty.io.grpc.internal.ServerImpl$JumpToApplicationThreadServerStreamListener$1MessagesAvailable.runInContext(ServerImpl.java:833)
	at org.apache.ratis.thirdparty.io.grpc.internal.ContextRunnable.run(ContextRunnable.java:37)
	at org.apache.ratis.thirdparty.io.grpc.internal.SerializingExecutor.run(SerializingExecutor.java:133)
	at java.util.concurrent.ThreadPoolExecutor.runWorker(ThreadPoolExecutor.java:1149)
	at java.util.concurrent.ThreadPoolExecutor$Worker.run(ThreadPoolExecutor.java:624)
	at java.lang.Thread.run(Thread.java:750)
Caused by: java.util.concurrent.RejectedExecutionException: Task java.util.concurrent.CompletableFuture$AsyncSupply@1fa95619 rejected from java.util.concurrent.ThreadPoolExecutor@107aea74[Terminated, pool size = 0, active threads = 0, queued tasks = 0, completed tasks = 0]
	at java.util.concurrent.ThreadPoolExecutor$AbortPolicy.rejectedExecution(ThreadPoolExecutor.java:2063)
	at java.util.concurrent.ThreadPoolExecutor.reject(ThreadPoolExecutor.java:830)
	at java.util.concurrent.ThreadPoolExecutor.execute(ThreadPoolExecutor.java:1379)
	at java.util.concurrent.CompletableFuture.asyncSupplyStage(CompletableFuture.java:1618)
	at java.util.concurrent.CompletableFuture.supplyAsync(CompletableFuture.java:1843)
	at org.apache.ratis.server.impl.RaftServerImpl.executeSubmitServerRequestAsync(RaftServerImpl.java:898)
	at org.apache.ratis.server.impl.RaftServerProxy.lambda$appendEntriesAsync$29(RaftServerProxy.java:655)
	at java.util.concurrent.CompletableFuture.uniComposeStage(CompletableFuture.java:995)
	... 13 more
2024-09-15 02:32:26,485 [s1@group-39FE727B82F7-StateMachineUpdater] INFO  impl.SimpleStateMachine4Testing (SimpleStateMachine4Testing.java:applyTransaction(251)) - applyTransaction for log index 157
2024-09-15 02:32:26,485 [s1@group-39FE727B82F7-StateMachineUpdater] INFO  impl.SimpleStateMachine4Testing (SimpleStateMachine4Testing.java:put(207)) - s1: put 157, m77 -> (t:2, i:157), STATEMACHINELOGENTRY, WRITE: logData.size=3, stateMachineData.size=17, logEntryProtoSerializedSize=0
2024-09-15 02:32:26,485 [grpc-default-executor-4] INFO  leader.LogAppender (LogAppenderBase.java:lambda$getNextIndexForError$0(219)) - Decrease nextIndex to 83
2024-09-15 02:32:26,485 [grpc-default-executor-4] INFO  leader.LogAppender (LogAppenderBase.java:lambda$getNextIndexForError$0(219)) - Decrease nextIndex to 83
2024-09-15 02:32:26,485 [grpc-default-executor-4] INFO  leader.FollowerInfo (FollowerInfoImpl.java:info(70)) - s2@group-39FE727B82F7->s0: computeNextIndex nextIndex: updateUnconditionally 158 -> 83
2024-09-15 02:32:26,489 [grpc-default-executor-2] WARN  server.GrpcServerProtocolService (LogUtils.java:warn(123)) - s0: Failed APPEND_ENTRIES request cid=101, isHeartbeat? false
java.util.concurrent.CompletionException: java.util.concurrent.RejectedExecutionException: Task java.util.concurrent.CompletableFuture$AsyncSupply@39ecfea8 rejected from java.util.concurrent.ThreadPoolExecutor@107aea74[Terminated, pool size = 0, active threads = 0, queued tasks = 0, completed tasks = 0]
	at java.util.concurrent.CompletableFuture.encodeThrowable(CompletableFuture.java:273)
	at java.util.concurrent.CompletableFuture.uniComposeStage(CompletableFuture.java:1005)
	at java.util.concurrent.CompletableFuture.thenCompose(CompletableFuture.java:2137)
	at org.apache.ratis.server.impl.RaftServerProxy.appendEntriesAsync(RaftServerProxy.java:655)
	at org.apache.ratis.grpc.server.GrpcServerProtocolService$1.process(GrpcServerProtocolService.java:307)
	at org.apache.ratis.grpc.server.GrpcServerProtocolService$ServerRequestStreamObserver.onNext(GrpcServerProtocolService.java:174)
	at org.apache.ratis.thirdparty.io.grpc.stub.ServerCalls$StreamingServerCallHandler$StreamingServerCallListener.onMessage(ServerCalls.java:262)
	at org.apache.ratis.thirdparty.io.grpc.internal.ServerCallImpl$ServerStreamListenerImpl.messagesAvailableInternal(ServerCallImpl.java:329)
	at org.apache.ratis.thirdparty.io.grpc.internal.ServerCallImpl$ServerStreamListenerImpl.messagesAvailable(ServerCallImpl.java:314)
	at org.apache.ratis.thirdparty.io.grpc.internal.ServerImpl$JumpToApplicationThreadServerStreamListener$1MessagesAvailable.runInContext(ServerImpl.java:833)
	at org.apache.ratis.thirdparty.io.grpc.internal.ContextRunnable.run(ContextRunnable.java:37)
	at org.apache.ratis.thirdparty.io.grpc.internal.SerializingExecutor.run(SerializingExecutor.java:133)
	at java.util.concurrent.ThreadPoolExecutor.runWorker(ThreadPoolExecutor.java:1149)
	at java.util.concurrent.ThreadPoolExecutor$Worker.run(ThreadPoolExecutor.java:624)
	at java.lang.Thread.run(Thread.java:750)
Caused by: java.util.concurrent.RejectedExecutionException: Task java.util.concurrent.CompletableFuture$AsyncSupply@39ecfea8 rejected from java.util.concurrent.ThreadPoolExecutor@107aea74[Terminated, pool size = 0, active threads = 0, queued tasks = 0, completed tasks = 0]
	at java.util.concurrent.ThreadPoolExecutor$AbortPolicy.rejectedExecution(ThreadPoolExecutor.java:2063)
	at java.util.concurrent.ThreadPoolExecutor.reject(ThreadPoolExecutor.java:830)
	at java.util.concurrent.ThreadPoolExecutor.execute(ThreadPoolExecutor.java:1379)
	at java.util.concurrent.CompletableFuture.asyncSupplyStage(CompletableFuture.java:1618)
	at java.util.concurrent.CompletableFuture.supplyAsync(CompletableFuture.java:1843)
	at org.apache.ratis.server.impl.RaftServerImpl.executeSubmitServerRequestAsync(RaftServerImpl.java:898)
	at org.apache.ratis.server.impl.RaftServerProxy.lambda$appendEntriesAsync$29(RaftServerProxy.java:655)
	at java.util.concurrent.CompletableFuture.uniComposeStage(CompletableFuture.java:995)
	... 13 more
2024-09-15 02:32:26,490 [s2@group-39FE727B82F7-StateMachineUpdater] INFO  impl.SimpleStateMachine4Testing (SimpleStateMachine4Testing.java:applyTransaction(251)) - applyTransaction for log index 159
2024-09-15 02:32:26,490 [s2@group-39FE727B82F7-StateMachineUpdater] INFO  impl.SimpleStateMachine4Testing (SimpleStateMachine4Testing.java:put(207)) - s2: put 159, m78 -> (t:2, i:159), STATEMACHINELOGENTRY, WRITE: logData.size=3, stateMachineData.size=17, logEntryProtoSerializedSize=0
2024-09-15 02:32:26,492 [s1@group-39FE727B82F7-StateMachineUpdater] INFO  impl.SimpleStateMachine4Testing (SimpleStateMachine4Testing.java:applyTransaction(251)) - applyTransaction for log index 159
2024-09-15 02:32:26,492 [s1@group-39FE727B82F7-StateMachineUpdater] INFO  impl.SimpleStateMachine4Testing (SimpleStateMachine4Testing.java:put(207)) - s1: put 159, m78 -> (t:2, i:159), STATEMACHINELOGENTRY, WRITE: logData.size=3, stateMachineData.size=17, logEntryProtoSerializedSize=0
2024-09-15 02:32:26,494 [grpc-default-executor-3] INFO  leader.LogAppender (LogAppenderBase.java:lambda$getNextIndexForError$0(219)) - Decrease nextIndex to 83
2024-09-15 02:32:26,494 [grpc-default-executor-3] INFO  leader.LogAppender (LogAppenderBase.java:lambda$getNextIndexForError$0(219)) - Decrease nextIndex to 83
2024-09-15 02:32:26,494 [grpc-default-executor-3] INFO  leader.FollowerInfo (FollowerInfoImpl.java:info(70)) - s2@group-39FE727B82F7->s0: computeNextIndex nextIndex: updateUnconditionally 159 -> 83
2024-09-15 02:32:26,497 [s2@group-39FE727B82F7-StateMachineUpdater] INFO  impl.SimpleStateMachine4Testing (SimpleStateMachine4Testing.java:applyTransaction(251)) - applyTransaction for log index 161
2024-09-15 02:32:26,497 [s2@group-39FE727B82F7-StateMachineUpdater] INFO  impl.SimpleStateMachine4Testing (SimpleStateMachine4Testing.java:put(207)) - s2: put 161, m79 -> (t:2, i:161), STATEMACHINELOGENTRY, WRITE: logData.size=3, stateMachineData.size=17, logEntryProtoSerializedSize=0
2024-09-15 02:32:26,498 [s1@group-39FE727B82F7-StateMachineUpdater] INFO  impl.SimpleStateMachine4Testing (SimpleStateMachine4Testing.java:applyTransaction(251)) - applyTransaction for log index 161
2024-09-15 02:32:26,498 [s1@group-39FE727B82F7-StateMachineUpdater] INFO  impl.SimpleStateMachine4Testing (SimpleStateMachine4Testing.java:put(207)) - s1: put 161, m79 -> (t:2, i:161), STATEMACHINELOGENTRY, WRITE: logData.size=3, stateMachineData.size=17, logEntryProtoSerializedSize=0
2024-09-15 02:32:26,499 [grpc-default-executor-2] WARN  server.GrpcServerProtocolService (LogUtils.java:warn(123)) - s0: Failed APPEND_ENTRIES request cid=104, isHeartbeat? false
java.util.concurrent.CompletionException: java.util.concurrent.RejectedExecutionException: Task java.util.concurrent.CompletableFuture$AsyncSupply@43abab84 rejected from java.util.concurrent.ThreadPoolExecutor@107aea74[Terminated, pool size = 0, active threads = 0, queued tasks = 0, completed tasks = 0]
	at java.util.concurrent.CompletableFuture.encodeThrowable(CompletableFuture.java:273)
	at java.util.concurrent.CompletableFuture.uniComposeStage(CompletableFuture.java:1005)
	at java.util.concurrent.CompletableFuture.thenCompose(CompletableFuture.java:2137)
	at org.apache.ratis.server.impl.RaftServerProxy.appendEntriesAsync(RaftServerProxy.java:655)
	at org.apache.ratis.grpc.server.GrpcServerProtocolService$1.process(GrpcServerProtocolService.java:307)
	at org.apache.ratis.grpc.server.GrpcServerProtocolService$ServerRequestStreamObserver.onNext(GrpcServerProtocolService.java:174)
	at org.apache.ratis.thirdparty.io.grpc.stub.ServerCalls$StreamingServerCallHandler$StreamingServerCallListener.onMessage(ServerCalls.java:262)
	at org.apache.ratis.thirdparty.io.grpc.internal.ServerCallImpl$ServerStreamListenerImpl.messagesAvailableInternal(ServerCallImpl.java:329)
	at org.apache.ratis.thirdparty.io.grpc.internal.ServerCallImpl$ServerStreamListenerImpl.messagesAvailable(ServerCallImpl.java:314)
	at org.apache.ratis.thirdparty.io.grpc.internal.ServerImpl$JumpToApplicationThreadServerStreamListener$1MessagesAvailable.runInContext(ServerImpl.java:833)
	at org.apache.ratis.thirdparty.io.grpc.internal.ContextRunnable.run(ContextRunnable.java:37)
	at org.apache.ratis.thirdparty.io.grpc.internal.SerializingExecutor.run(SerializingExecutor.java:133)
	at java.util.concurrent.ThreadPoolExecutor.runWorker(ThreadPoolExecutor.java:1149)
	at java.util.concurrent.ThreadPoolExecutor$Worker.run(ThreadPoolExecutor.java:624)
	at java.lang.Thread.run(Thread.java:750)
Caused by: java.util.concurrent.RejectedExecutionException: Task java.util.concurrent.CompletableFuture$AsyncSupply@43abab84 rejected from java.util.concurrent.ThreadPoolExecutor@107aea74[Terminated, pool size = 0, active threads = 0, queued tasks = 0, completed tasks = 0]
	at java.util.concurrent.ThreadPoolExecutor$AbortPolicy.rejectedExecution(ThreadPoolExecutor.java:2063)
	at java.util.concurrent.ThreadPoolExecutor.reject(ThreadPoolExecutor.java:830)
	at java.util.concurrent.ThreadPoolExecutor.execute(ThreadPoolExecutor.java:1379)
	at java.util.concurrent.CompletableFuture.asyncSupplyStage(CompletableFuture.java:1618)
	at java.util.concurrent.CompletableFuture.supplyAsync(CompletableFuture.java:1843)
	at org.apache.ratis.server.impl.RaftServerImpl.executeSubmitServerRequestAsync(RaftServerImpl.java:898)
	at org.apache.ratis.server.impl.RaftServerProxy.lambda$appendEntriesAsync$29(RaftServerProxy.java:655)
	at java.util.concurrent.CompletableFuture.uniComposeStage(CompletableFuture.java:995)
	... 13 more
2024-09-15 02:32:26,501 [grpc-default-executor-1] INFO  leader.LogAppender (LogAppenderBase.java:lambda$getNextIndexForError$0(219)) - Decrease nextIndex to 83
2024-09-15 02:32:26,501 [grpc-default-executor-1] INFO  leader.LogAppender (LogAppenderBase.java:lambda$getNextIndexForError$0(219)) - Decrease nextIndex to 83
2024-09-15 02:32:26,501 [grpc-default-executor-1] INFO  leader.FollowerInfo (FollowerInfoImpl.java:info(70)) - s2@group-39FE727B82F7->s0: computeNextIndex nextIndex: updateUnconditionally 162 -> 83
2024-09-15 02:32:26,504 [s2@group-39FE727B82F7-StateMachineUpdater] INFO  impl.SimpleStateMachine4Testing (SimpleStateMachine4Testing.java:applyTransaction(251)) - applyTransaction for log index 163
2024-09-15 02:32:26,504 [s2@group-39FE727B82F7-StateMachineUpdater] INFO  impl.SimpleStateMachine4Testing (SimpleStateMachine4Testing.java:put(207)) - s2: put 163, m80 -> (t:2, i:163), STATEMACHINELOGENTRY, WRITE: logData.size=3, stateMachineData.size=17, logEntryProtoSerializedSize=0
2024-09-15 02:32:26,505 [s1@group-39FE727B82F7-StateMachineUpdater] INFO  impl.SimpleStateMachine4Testing (SimpleStateMachine4Testing.java:applyTransaction(251)) - applyTransaction for log index 163
2024-09-15 02:32:26,505 [s1@group-39FE727B82F7-StateMachineUpdater] INFO  impl.SimpleStateMachine4Testing (SimpleStateMachine4Testing.java:put(207)) - s1: put 163, m80 -> (t:2, i:163), STATEMACHINELOGENTRY, WRITE: logData.size=3, stateMachineData.size=17, logEntryProtoSerializedSize=0
2024-09-15 02:32:26,506 [grpc-default-executor-2] WARN  server.GrpcServerProtocolService (LogUtils.java:warn(123)) - s0: Failed APPEND_ENTRIES request cid=106, isHeartbeat? false
java.util.concurrent.CompletionException: java.util.concurrent.RejectedExecutionException: Task java.util.concurrent.CompletableFuture$AsyncSupply@3be00a24 rejected from java.util.concurrent.ThreadPoolExecutor@107aea74[Terminated, pool size = 0, active threads = 0, queued tasks = 0, completed tasks = 0]
	at java.util.concurrent.CompletableFuture.encodeThrowable(CompletableFuture.java:273)
	at java.util.concurrent.CompletableFuture.uniComposeStage(CompletableFuture.java:1005)
	at java.util.concurrent.CompletableFuture.thenCompose(CompletableFuture.java:2137)
	at org.apache.ratis.server.impl.RaftServerProxy.appendEntriesAsync(RaftServerProxy.java:655)
	at org.apache.ratis.grpc.server.GrpcServerProtocolService$1.process(GrpcServerProtocolService.java:307)
	at org.apache.ratis.grpc.server.GrpcServerProtocolService$ServerRequestStreamObserver.onNext(GrpcServerProtocolService.java:174)
	at org.apache.ratis.thirdparty.io.grpc.stub.ServerCalls$StreamingServerCallHandler$StreamingServerCallListener.onMessage(ServerCalls.java:262)
	at org.apache.ratis.thirdparty.io.grpc.internal.ServerCallImpl$ServerStreamListenerImpl.messagesAvailableInternal(ServerCallImpl.java:329)
	at org.apache.ratis.thirdparty.io.grpc.internal.ServerCallImpl$ServerStreamListenerImpl.messagesAvailable(ServerCallImpl.java:314)
	at org.apache.ratis.thirdparty.io.grpc.internal.ServerImpl$JumpToApplicationThreadServerStreamListener$1MessagesAvailable.runInContext(ServerImpl.java:833)
	at org.apache.ratis.thirdparty.io.grpc.internal.ContextRunnable.run(ContextRunnable.java:37)
	at org.apache.ratis.thirdparty.io.grpc.internal.SerializingExecutor.run(SerializingExecutor.java:133)
	at java.util.concurrent.ThreadPoolExecutor.runWorker(ThreadPoolExecutor.java:1149)
	at java.util.concurrent.ThreadPoolExecutor$Worker.run(ThreadPoolExecutor.java:624)
	at java.lang.Thread.run(Thread.java:750)
Caused by: java.util.concurrent.RejectedExecutionException: Task java.util.concurrent.CompletableFuture$AsyncSupply@3be00a24 rejected from java.util.concurrent.ThreadPoolExecutor@107aea74[Terminated, pool size = 0, active threads = 0, queued tasks = 0, completed tasks = 0]
	at java.util.concurrent.ThreadPoolExecutor$AbortPolicy.rejectedExecution(ThreadPoolExecutor.java:2063)
	at java.util.concurrent.ThreadPoolExecutor.reject(ThreadPoolExecutor.java:830)
	at java.util.concurrent.ThreadPoolExecutor.execute(ThreadPoolExecutor.java:1379)
	at java.util.concurrent.CompletableFuture.asyncSupplyStage(CompletableFuture.java:1618)
	at java.util.concurrent.CompletableFuture.supplyAsync(CompletableFuture.java:1843)
	at org.apache.ratis.server.impl.RaftServerImpl.executeSubmitServerRequestAsync(RaftServerImpl.java:898)
	at org.apache.ratis.server.impl.RaftServerProxy.lambda$appendEntriesAsync$29(RaftServerProxy.java:655)
	at java.util.concurrent.CompletableFuture.uniComposeStage(CompletableFuture.java:995)
	... 13 more
2024-09-15 02:32:26,508 [grpc-default-executor-0] INFO  leader.LogAppender (LogAppenderBase.java:lambda$getNextIndexForError$0(219)) - Decrease nextIndex to 83
2024-09-15 02:32:26,508 [grpc-default-executor-0] INFO  leader.LogAppender (LogAppenderBase.java:lambda$getNextIndexForError$0(219)) - Decrease nextIndex to 83
2024-09-15 02:32:26,508 [grpc-default-executor-0] INFO  leader.FollowerInfo (FollowerInfoImpl.java:info(70)) - s2@group-39FE727B82F7->s0: computeNextIndex nextIndex: updateUnconditionally 164 -> 83
2024-09-15 02:32:26,511 [s2@group-39FE727B82F7-StateMachineUpdater] INFO  impl.SimpleStateMachine4Testing (SimpleStateMachine4Testing.java:applyTransaction(251)) - applyTransaction for log index 165
2024-09-15 02:32:26,511 [s2@group-39FE727B82F7-StateMachineUpdater] INFO  impl.SimpleStateMachine4Testing (SimpleStateMachine4Testing.java:put(207)) - s2: put 165, m81 -> (t:2, i:165), STATEMACHINELOGENTRY, WRITE: logData.size=3, stateMachineData.size=17, logEntryProtoSerializedSize=0
2024-09-15 02:32:26,512 [grpc-default-executor-0] WARN  server.GrpcServerProtocolService (LogUtils.java:warn(123)) - s0: Failed APPEND_ENTRIES request cid=109, isHeartbeat? false
java.util.concurrent.CompletionException: java.util.concurrent.RejectedExecutionException: Task java.util.concurrent.CompletableFuture$AsyncSupply@6c2f9893 rejected from java.util.concurrent.ThreadPoolExecutor@107aea74[Terminated, pool size = 0, active threads = 0, queued tasks = 0, completed tasks = 0]
	at java.util.concurrent.CompletableFuture.encodeThrowable(CompletableFuture.java:273)
	at java.util.concurrent.CompletableFuture.uniComposeStage(CompletableFuture.java:1005)
	at java.util.concurrent.CompletableFuture.thenCompose(CompletableFuture.java:2137)
	at org.apache.ratis.server.impl.RaftServerProxy.appendEntriesAsync(RaftServerProxy.java:655)
	at org.apache.ratis.grpc.server.GrpcServerProtocolService$1.process(GrpcServerProtocolService.java:307)
	at org.apache.ratis.grpc.server.GrpcServerProtocolService$ServerRequestStreamObserver.onNext(GrpcServerProtocolService.java:174)
	at org.apache.ratis.thirdparty.io.grpc.stub.ServerCalls$StreamingServerCallHandler$StreamingServerCallListener.onMessage(ServerCalls.java:262)
	at org.apache.ratis.thirdparty.io.grpc.internal.ServerCallImpl$ServerStreamListenerImpl.messagesAvailableInternal(ServerCallImpl.java:329)
	at org.apache.ratis.thirdparty.io.grpc.internal.ServerCallImpl$ServerStreamListenerImpl.messagesAvailable(ServerCallImpl.java:314)
	at org.apache.ratis.thirdparty.io.grpc.internal.ServerImpl$JumpToApplicationThreadServerStreamListener$1MessagesAvailable.runInContext(ServerImpl.java:833)
	at org.apache.ratis.thirdparty.io.grpc.internal.ContextRunnable.run(ContextRunnable.java:37)
	at org.apache.ratis.thirdparty.io.grpc.internal.SerializingExecutor.run(SerializingExecutor.java:133)
	at java.util.concurrent.ThreadPoolExecutor.runWorker(ThreadPoolExecutor.java:1149)
	at java.util.concurrent.ThreadPoolExecutor$Worker.run(ThreadPoolExecutor.java:624)
	at java.lang.Thread.run(Thread.java:750)
Caused by: java.util.concurrent.RejectedExecutionException: Task java.util.concurrent.CompletableFuture$AsyncSupply@6c2f9893 rejected from java.util.concurrent.ThreadPoolExecutor@107aea74[Terminated, pool size = 0, active threads = 0, queued tasks = 0, completed tasks = 0]
	at java.util.concurrent.ThreadPoolExecutor$AbortPolicy.rejectedExecution(ThreadPoolExecutor.java:2063)
	at java.util.concurrent.ThreadPoolExecutor.reject(ThreadPoolExecutor.java:830)
	at java.util.concurrent.ThreadPoolExecutor.execute(ThreadPoolExecutor.java:1379)
	at java.util.concurrent.CompletableFuture.asyncSupplyStage(CompletableFuture.java:1618)
	at java.util.concurrent.CompletableFuture.supplyAsync(CompletableFuture.java:1843)
	at org.apache.ratis.server.impl.RaftServerImpl.executeSubmitServerRequestAsync(RaftServerImpl.java:898)
	at org.apache.ratis.server.impl.RaftServerProxy.lambda$appendEntriesAsync$29(RaftServerProxy.java:655)
	at java.util.concurrent.CompletableFuture.uniComposeStage(CompletableFuture.java:995)
	... 13 more
2024-09-15 02:32:26,512 [s1@group-39FE727B82F7-StateMachineUpdater] INFO  impl.SimpleStateMachine4Testing (SimpleStateMachine4Testing.java:applyTransaction(251)) - applyTransaction for log index 165
2024-09-15 02:32:26,512 [s1@group-39FE727B82F7-StateMachineUpdater] INFO  impl.SimpleStateMachine4Testing (SimpleStateMachine4Testing.java:put(207)) - s1: put 165, m81 -> (t:2, i:165), STATEMACHINELOGENTRY, WRITE: logData.size=3, stateMachineData.size=17, logEntryProtoSerializedSize=0
2024-09-15 02:32:26,514 [grpc-default-executor-0] INFO  leader.LogAppender (LogAppenderBase.java:lambda$getNextIndexForError$0(219)) - Decrease nextIndex to 83
2024-09-15 02:32:26,514 [grpc-default-executor-0] INFO  leader.LogAppender (LogAppenderBase.java:lambda$getNextIndexForError$0(219)) - Decrease nextIndex to 83
2024-09-15 02:32:26,514 [grpc-default-executor-0] INFO  leader.FollowerInfo (FollowerInfoImpl.java:info(70)) - s2@group-39FE727B82F7->s0: computeNextIndex nextIndex: updateUnconditionally 166 -> 83
2024-09-15 02:32:26,517 [s2@group-39FE727B82F7-StateMachineUpdater] INFO  impl.SimpleStateMachine4Testing (SimpleStateMachine4Testing.java:applyTransaction(251)) - applyTransaction for log index 167
2024-09-15 02:32:26,517 [s2@group-39FE727B82F7-StateMachineUpdater] INFO  impl.SimpleStateMachine4Testing (SimpleStateMachine4Testing.java:put(207)) - s2: put 167, m82 -> (t:2, i:167), STATEMACHINELOGENTRY, WRITE: logData.size=3, stateMachineData.size=17, logEntryProtoSerializedSize=0
2024-09-15 02:32:26,517 [grpc-default-executor-1] WARN  server.GrpcServerProtocolService (LogUtils.java:warn(123)) - s0: Failed APPEND_ENTRIES request cid=112, isHeartbeat? false
java.util.concurrent.CompletionException: java.util.concurrent.RejectedExecutionException: Task java.util.concurrent.CompletableFuture$AsyncSupply@554f3bf9 rejected from java.util.concurrent.ThreadPoolExecutor@107aea74[Terminated, pool size = 0, active threads = 0, queued tasks = 0, completed tasks = 0]
	at java.util.concurrent.CompletableFuture.encodeThrowable(CompletableFuture.java:273)
	at java.util.concurrent.CompletableFuture.uniComposeStage(CompletableFuture.java:1005)
	at java.util.concurrent.CompletableFuture.thenCompose(CompletableFuture.java:2137)
	at org.apache.ratis.server.impl.RaftServerProxy.appendEntriesAsync(RaftServerProxy.java:655)
	at org.apache.ratis.grpc.server.GrpcServerProtocolService$1.process(GrpcServerProtocolService.java:307)
	at org.apache.ratis.grpc.server.GrpcServerProtocolService$ServerRequestStreamObserver.onNext(GrpcServerProtocolService.java:174)
	at org.apache.ratis.thirdparty.io.grpc.stub.ServerCalls$StreamingServerCallHandler$StreamingServerCallListener.onMessage(ServerCalls.java:262)
	at org.apache.ratis.thirdparty.io.grpc.internal.ServerCallImpl$ServerStreamListenerImpl.messagesAvailableInternal(ServerCallImpl.java:329)
	at org.apache.ratis.thirdparty.io.grpc.internal.ServerCallImpl$ServerStreamListenerImpl.messagesAvailable(ServerCallImpl.java:314)
	at org.apache.ratis.thirdparty.io.grpc.internal.ServerImpl$JumpToApplicationThreadServerStreamListener$1MessagesAvailable.runInContext(ServerImpl.java:833)
	at org.apache.ratis.thirdparty.io.grpc.internal.ContextRunnable.run(ContextRunnable.java:37)
	at org.apache.ratis.thirdparty.io.grpc.internal.SerializingExecutor.run(SerializingExecutor.java:133)
	at java.util.concurrent.ThreadPoolExecutor.runWorker(ThreadPoolExecutor.java:1149)
	at java.util.concurrent.ThreadPoolExecutor$Worker.run(ThreadPoolExecutor.java:624)
	at java.lang.Thread.run(Thread.java:750)
Caused by: java.util.concurrent.RejectedExecutionException: Task java.util.concurrent.CompletableFuture$AsyncSupply@554f3bf9 rejected from java.util.concurrent.ThreadPoolExecutor@107aea74[Terminated, pool size = 0, active threads = 0, queued tasks = 0, completed tasks = 0]
	at java.util.concurrent.ThreadPoolExecutor$AbortPolicy.rejectedExecution(ThreadPoolExecutor.java:2063)
	at java.util.concurrent.ThreadPoolExecutor.reject(ThreadPoolExecutor.java:830)
	at java.util.concurrent.ThreadPoolExecutor.execute(ThreadPoolExecutor.java:1379)
	at java.util.concurrent.CompletableFuture.asyncSupplyStage(CompletableFuture.java:1618)
	at java.util.concurrent.CompletableFuture.supplyAsync(CompletableFuture.java:1843)
	at org.apache.ratis.server.impl.RaftServerImpl.executeSubmitServerRequestAsync(RaftServerImpl.java:898)
	at org.apache.ratis.server.impl.RaftServerProxy.lambda$appendEntriesAsync$29(RaftServerProxy.java:655)
	at java.util.concurrent.CompletableFuture.uniComposeStage(CompletableFuture.java:995)
	... 13 more
2024-09-15 02:32:26,518 [s1@group-39FE727B82F7-StateMachineUpdater] INFO  impl.SimpleStateMachine4Testing (SimpleStateMachine4Testing.java:applyTransaction(251)) - applyTransaction for log index 167
2024-09-15 02:32:26,518 [s1@group-39FE727B82F7-StateMachineUpdater] INFO  impl.SimpleStateMachine4Testing (SimpleStateMachine4Testing.java:put(207)) - s1: put 167, m82 -> (t:2, i:167), STATEMACHINELOGENTRY, WRITE: logData.size=3, stateMachineData.size=17, logEntryProtoSerializedSize=0
2024-09-15 02:32:26,521 [grpc-default-executor-0] INFO  leader.LogAppender (LogAppenderBase.java:lambda$getNextIndexForError$0(219)) - Decrease nextIndex to 83
2024-09-15 02:32:26,521 [grpc-default-executor-0] INFO  leader.LogAppender (LogAppenderBase.java:lambda$getNextIndexForError$0(219)) - Decrease nextIndex to 83
2024-09-15 02:32:26,521 [grpc-default-executor-0] INFO  leader.FollowerInfo (FollowerInfoImpl.java:info(70)) - s2@group-39FE727B82F7->s0: computeNextIndex nextIndex: updateUnconditionally 168 -> 83
2024-09-15 02:32:26,523 [s2@group-39FE727B82F7-StateMachineUpdater] INFO  impl.SimpleStateMachine4Testing (SimpleStateMachine4Testing.java:applyTransaction(251)) - applyTransaction for log index 169
2024-09-15 02:32:26,523 [s2@group-39FE727B82F7-StateMachineUpdater] INFO  impl.SimpleStateMachine4Testing (SimpleStateMachine4Testing.java:put(207)) - s2: put 169, m83 -> (t:2, i:169), STATEMACHINELOGENTRY, WRITE: logData.size=3, stateMachineData.size=17, logEntryProtoSerializedSize=0
2024-09-15 02:32:26,524 [grpc-default-executor-1] WARN  server.GrpcServerProtocolService (LogUtils.java:warn(123)) - s0: Failed APPEND_ENTRIES request cid=114, isHeartbeat? false
java.util.concurrent.CompletionException: java.util.concurrent.RejectedExecutionException: Task java.util.concurrent.CompletableFuture$AsyncSupply@798dc09d rejected from java.util.concurrent.ThreadPoolExecutor@107aea74[Terminated, pool size = 0, active threads = 0, queued tasks = 0, completed tasks = 0]
	at java.util.concurrent.CompletableFuture.encodeThrowable(CompletableFuture.java:273)
	at java.util.concurrent.CompletableFuture.uniComposeStage(CompletableFuture.java:1005)
	at java.util.concurrent.CompletableFuture.thenCompose(CompletableFuture.java:2137)
	at org.apache.ratis.server.impl.RaftServerProxy.appendEntriesAsync(RaftServerProxy.java:655)
	at org.apache.ratis.grpc.server.GrpcServerProtocolService$1.process(GrpcServerProtocolService.java:307)
	at org.apache.ratis.grpc.server.GrpcServerProtocolService$ServerRequestStreamObserver.onNext(GrpcServerProtocolService.java:174)
	at org.apache.ratis.thirdparty.io.grpc.stub.ServerCalls$StreamingServerCallHandler$StreamingServerCallListener.onMessage(ServerCalls.java:262)
	at org.apache.ratis.thirdparty.io.grpc.internal.ServerCallImpl$ServerStreamListenerImpl.messagesAvailableInternal(ServerCallImpl.java:329)
	at org.apache.ratis.thirdparty.io.grpc.internal.ServerCallImpl$ServerStreamListenerImpl.messagesAvailable(ServerCallImpl.java:314)
	at org.apache.ratis.thirdparty.io.grpc.internal.ServerImpl$JumpToApplicationThreadServerStreamListener$1MessagesAvailable.runInContext(ServerImpl.java:833)
	at org.apache.ratis.thirdparty.io.grpc.internal.ContextRunnable.run(ContextRunnable.java:37)
	at org.apache.ratis.thirdparty.io.grpc.internal.SerializingExecutor.run(SerializingExecutor.java:133)
	at java.util.concurrent.ThreadPoolExecutor.runWorker(ThreadPoolExecutor.java:1149)
	at java.util.concurrent.ThreadPoolExecutor$Worker.run(ThreadPoolExecutor.java:624)
	at java.lang.Thread.run(Thread.java:750)
Caused by: java.util.concurrent.RejectedExecutionException: Task java.util.concurrent.CompletableFuture$AsyncSupply@798dc09d rejected from java.util.concurrent.ThreadPoolExecutor@107aea74[Terminated, pool size = 0, active threads = 0, queued tasks = 0, completed tasks = 0]
	at java.util.concurrent.ThreadPoolExecutor$AbortPolicy.rejectedExecution(ThreadPoolExecutor.java:2063)
	at java.util.concurrent.ThreadPoolExecutor.reject(ThreadPoolExecutor.java:830)
	at java.util.concurrent.ThreadPoolExecutor.execute(ThreadPoolExecutor.java:1379)
	at java.util.concurrent.CompletableFuture.asyncSupplyStage(CompletableFuture.java:1618)
	at java.util.concurrent.CompletableFuture.supplyAsync(CompletableFuture.java:1843)
	at org.apache.ratis.server.impl.RaftServerImpl.executeSubmitServerRequestAsync(RaftServerImpl.java:898)
	at org.apache.ratis.server.impl.RaftServerProxy.lambda$appendEntriesAsync$29(RaftServerProxy.java:655)
	at java.util.concurrent.CompletableFuture.uniComposeStage(CompletableFuture.java:995)
	... 13 more
2024-09-15 02:32:26,524 [s1@group-39FE727B82F7-StateMachineUpdater] INFO  impl.SimpleStateMachine4Testing (SimpleStateMachine4Testing.java:applyTransaction(251)) - applyTransaction for log index 169
2024-09-15 02:32:26,525 [s1@group-39FE727B82F7-StateMachineUpdater] INFO  impl.SimpleStateMachine4Testing (SimpleStateMachine4Testing.java:put(207)) - s1: put 169, m83 -> (t:2, i:169), STATEMACHINELOGENTRY, WRITE: logData.size=3, stateMachineData.size=17, logEntryProtoSerializedSize=0
2024-09-15 02:32:26,527 [grpc-default-executor-1] INFO  leader.LogAppender (LogAppenderBase.java:lambda$getNextIndexForError$0(219)) - Decrease nextIndex to 83
2024-09-15 02:32:26,527 [grpc-default-executor-1] INFO  leader.LogAppender (LogAppenderBase.java:lambda$getNextIndexForError$0(219)) - Decrease nextIndex to 83
2024-09-15 02:32:26,527 [grpc-default-executor-1] INFO  leader.FollowerInfo (FollowerInfoImpl.java:info(70)) - s2@group-39FE727B82F7->s0: computeNextIndex nextIndex: updateUnconditionally 170 -> 83
2024-09-15 02:32:26,530 [s2@group-39FE727B82F7-StateMachineUpdater] INFO  impl.SimpleStateMachine4Testing (SimpleStateMachine4Testing.java:applyTransaction(251)) - applyTransaction for log index 171
2024-09-15 02:32:26,530 [s2@group-39FE727B82F7-StateMachineUpdater] INFO  impl.SimpleStateMachine4Testing (SimpleStateMachine4Testing.java:put(207)) - s2: put 171, m84 -> (t:2, i:171), STATEMACHINELOGENTRY, WRITE: logData.size=3, stateMachineData.size=17, logEntryProtoSerializedSize=0
2024-09-15 02:32:26,531 [grpc-default-executor-0] WARN  server.GrpcServerProtocolService (LogUtils.java:warn(123)) - s0: Failed APPEND_ENTRIES request cid=116, isHeartbeat? false
java.util.concurrent.CompletionException: java.util.concurrent.RejectedExecutionException: Task java.util.concurrent.CompletableFuture$AsyncSupply@5f90415b rejected from java.util.concurrent.ThreadPoolExecutor@107aea74[Terminated, pool size = 0, active threads = 0, queued tasks = 0, completed tasks = 0]
	at java.util.concurrent.CompletableFuture.encodeThrowable(CompletableFuture.java:273)
	at java.util.concurrent.CompletableFuture.uniComposeStage(CompletableFuture.java:1005)
	at java.util.concurrent.CompletableFuture.thenCompose(CompletableFuture.java:2137)
	at org.apache.ratis.server.impl.RaftServerProxy.appendEntriesAsync(RaftServerProxy.java:655)
	at org.apache.ratis.grpc.server.GrpcServerProtocolService$1.process(GrpcServerProtocolService.java:307)
	at org.apache.ratis.grpc.server.GrpcServerProtocolService$ServerRequestStreamObserver.onNext(GrpcServerProtocolService.java:174)
	at org.apache.ratis.thirdparty.io.grpc.stub.ServerCalls$StreamingServerCallHandler$StreamingServerCallListener.onMessage(ServerCalls.java:262)
	at org.apache.ratis.thirdparty.io.grpc.internal.ServerCallImpl$ServerStreamListenerImpl.messagesAvailableInternal(ServerCallImpl.java:329)
	at org.apache.ratis.thirdparty.io.grpc.internal.ServerCallImpl$ServerStreamListenerImpl.messagesAvailable(ServerCallImpl.java:314)
	at org.apache.ratis.thirdparty.io.grpc.internal.ServerImpl$JumpToApplicationThreadServerStreamListener$1MessagesAvailable.runInContext(ServerImpl.java:833)
	at org.apache.ratis.thirdparty.io.grpc.internal.ContextRunnable.run(ContextRunnable.java:37)
	at org.apache.ratis.thirdparty.io.grpc.internal.SerializingExecutor.run(SerializingExecutor.java:133)
	at java.util.concurrent.ThreadPoolExecutor.runWorker(ThreadPoolExecutor.java:1149)
	at java.util.concurrent.ThreadPoolExecutor$Worker.run(ThreadPoolExecutor.java:624)
	at java.lang.Thread.run(Thread.java:750)
Caused by: java.util.concurrent.RejectedExecutionException: Task java.util.concurrent.CompletableFuture$AsyncSupply@5f90415b rejected from java.util.concurrent.ThreadPoolExecutor@107aea74[Terminated, pool size = 0, active threads = 0, queued tasks = 0, completed tasks = 0]
	at java.util.concurrent.ThreadPoolExecutor$AbortPolicy.rejectedExecution(ThreadPoolExecutor.java:2063)
	at java.util.concurrent.ThreadPoolExecutor.reject(ThreadPoolExecutor.java:830)
	at java.util.concurrent.ThreadPoolExecutor.execute(ThreadPoolExecutor.java:1379)
	at java.util.concurrent.CompletableFuture.asyncSupplyStage(CompletableFuture.java:1618)
	at java.util.concurrent.CompletableFuture.supplyAsync(CompletableFuture.java:1843)
	at org.apache.ratis.server.impl.RaftServerImpl.executeSubmitServerRequestAsync(RaftServerImpl.java:898)
	at org.apache.ratis.server.impl.RaftServerProxy.lambda$appendEntriesAsync$29(RaftServerProxy.java:655)
	at java.util.concurrent.CompletableFuture.uniComposeStage(CompletableFuture.java:995)
	... 13 more
2024-09-15 02:32:26,531 [s1@group-39FE727B82F7-StateMachineUpdater] INFO  impl.SimpleStateMachine4Testing (SimpleStateMachine4Testing.java:applyTransaction(251)) - applyTransaction for log index 171
2024-09-15 02:32:26,531 [s1@group-39FE727B82F7-StateMachineUpdater] INFO  impl.SimpleStateMachine4Testing (SimpleStateMachine4Testing.java:put(207)) - s1: put 171, m84 -> (t:2, i:171), STATEMACHINELOGENTRY, WRITE: logData.size=3, stateMachineData.size=17, logEntryProtoSerializedSize=0
2024-09-15 02:32:26,533 [grpc-default-executor-1] INFO  leader.LogAppender (LogAppenderBase.java:lambda$getNextIndexForError$0(219)) - Decrease nextIndex to 83
2024-09-15 02:32:26,533 [grpc-default-executor-1] INFO  leader.LogAppender (LogAppenderBase.java:lambda$getNextIndexForError$0(219)) - Decrease nextIndex to 83
2024-09-15 02:32:26,534 [grpc-default-executor-1] INFO  leader.FollowerInfo (FollowerInfoImpl.java:info(70)) - s2@group-39FE727B82F7->s0: computeNextIndex nextIndex: updateUnconditionally 172 -> 83
2024-09-15 02:32:26,536 [s2@group-39FE727B82F7-StateMachineUpdater] INFO  impl.SimpleStateMachine4Testing (SimpleStateMachine4Testing.java:applyTransaction(251)) - applyTransaction for log index 173
2024-09-15 02:32:26,536 [s2@group-39FE727B82F7-StateMachineUpdater] INFO  impl.SimpleStateMachine4Testing (SimpleStateMachine4Testing.java:put(207)) - s2: put 173, m85 -> (t:2, i:173), STATEMACHINELOGENTRY, WRITE: logData.size=3, stateMachineData.size=17, logEntryProtoSerializedSize=0
2024-09-15 02:32:26,538 [s1@group-39FE727B82F7-StateMachineUpdater] INFO  impl.SimpleStateMachine4Testing (SimpleStateMachine4Testing.java:applyTransaction(251)) - applyTransaction for log index 173
2024-09-15 02:32:26,538 [s1@group-39FE727B82F7-StateMachineUpdater] INFO  impl.SimpleStateMachine4Testing (SimpleStateMachine4Testing.java:put(207)) - s1: put 173, m85 -> (t:2, i:173), STATEMACHINELOGENTRY, WRITE: logData.size=3, stateMachineData.size=17, logEntryProtoSerializedSize=0
2024-09-15 02:32:26,539 [grpc-default-executor-2] WARN  server.GrpcServerProtocolService (LogUtils.java:warn(123)) - s0: Failed APPEND_ENTRIES request cid=118, isHeartbeat? false
java.util.concurrent.CompletionException: java.util.concurrent.RejectedExecutionException: Task java.util.concurrent.CompletableFuture$AsyncSupply@1b9a2ba9 rejected from java.util.concurrent.ThreadPoolExecutor@107aea74[Terminated, pool size = 0, active threads = 0, queued tasks = 0, completed tasks = 0]
	at java.util.concurrent.CompletableFuture.encodeThrowable(CompletableFuture.java:273)
	at java.util.concurrent.CompletableFuture.uniComposeStage(CompletableFuture.java:1005)
	at java.util.concurrent.CompletableFuture.thenCompose(CompletableFuture.java:2137)
	at org.apache.ratis.server.impl.RaftServerProxy.appendEntriesAsync(RaftServerProxy.java:655)
	at org.apache.ratis.grpc.server.GrpcServerProtocolService$1.process(GrpcServerProtocolService.java:307)
	at org.apache.ratis.grpc.server.GrpcServerProtocolService$ServerRequestStreamObserver.onNext(GrpcServerProtocolService.java:174)
	at org.apache.ratis.thirdparty.io.grpc.stub.ServerCalls$StreamingServerCallHandler$StreamingServerCallListener.onMessage(ServerCalls.java:262)
	at org.apache.ratis.thirdparty.io.grpc.internal.ServerCallImpl$ServerStreamListenerImpl.messagesAvailableInternal(ServerCallImpl.java:329)
	at org.apache.ratis.thirdparty.io.grpc.internal.ServerCallImpl$ServerStreamListenerImpl.messagesAvailable(ServerCallImpl.java:314)
	at org.apache.ratis.thirdparty.io.grpc.internal.ServerImpl$JumpToApplicationThreadServerStreamListener$1MessagesAvailable.runInContext(ServerImpl.java:833)
	at org.apache.ratis.thirdparty.io.grpc.internal.ContextRunnable.run(ContextRunnable.java:37)
	at org.apache.ratis.thirdparty.io.grpc.internal.SerializingExecutor.run(SerializingExecutor.java:133)
	at java.util.concurrent.ThreadPoolExecutor.runWorker(ThreadPoolExecutor.java:1149)
	at java.util.concurrent.ThreadPoolExecutor$Worker.run(ThreadPoolExecutor.java:624)
	at java.lang.Thread.run(Thread.java:750)
Caused by: java.util.concurrent.RejectedExecutionException: Task java.util.concurrent.CompletableFuture$AsyncSupply@1b9a2ba9 rejected from java.util.concurrent.ThreadPoolExecutor@107aea74[Terminated, pool size = 0, active threads = 0, queued tasks = 0, completed tasks = 0]
	at java.util.concurrent.ThreadPoolExecutor$AbortPolicy.rejectedExecution(ThreadPoolExecutor.java:2063)
	at java.util.concurrent.ThreadPoolExecutor.reject(ThreadPoolExecutor.java:830)
	at java.util.concurrent.ThreadPoolExecutor.execute(ThreadPoolExecutor.java:1379)
	at java.util.concurrent.CompletableFuture.asyncSupplyStage(CompletableFuture.java:1618)
	at java.util.concurrent.CompletableFuture.supplyAsync(CompletableFuture.java:1843)
	at org.apache.ratis.server.impl.RaftServerImpl.executeSubmitServerRequestAsync(RaftServerImpl.java:898)
	at org.apache.ratis.server.impl.RaftServerProxy.lambda$appendEntriesAsync$29(RaftServerProxy.java:655)
	at java.util.concurrent.CompletableFuture.uniComposeStage(CompletableFuture.java:995)
	... 13 more
2024-09-15 02:32:26,542 [grpc-default-executor-1] INFO  leader.LogAppender (LogAppenderBase.java:lambda$getNextIndexForError$0(219)) - Decrease nextIndex to 83
2024-09-15 02:32:26,542 [grpc-default-executor-1] INFO  leader.LogAppender (LogAppenderBase.java:lambda$getNextIndexForError$0(219)) - Decrease nextIndex to 83
2024-09-15 02:32:26,542 [grpc-default-executor-1] INFO  leader.FollowerInfo (FollowerInfoImpl.java:info(70)) - s2@group-39FE727B82F7->s0: computeNextIndex nextIndex: updateUnconditionally 174 -> 83
2024-09-15 02:32:26,543 [s2@group-39FE727B82F7-StateMachineUpdater] INFO  impl.SimpleStateMachine4Testing (SimpleStateMachine4Testing.java:applyTransaction(251)) - applyTransaction for log index 175
2024-09-15 02:32:26,544 [s2@group-39FE727B82F7-StateMachineUpdater] INFO  impl.SimpleStateMachine4Testing (SimpleStateMachine4Testing.java:put(207)) - s2: put 175, m86 -> (t:2, i:175), STATEMACHINELOGENTRY, WRITE: logData.size=3, stateMachineData.size=17, logEntryProtoSerializedSize=0
2024-09-15 02:32:26,545 [s1@group-39FE727B82F7-StateMachineUpdater] INFO  impl.SimpleStateMachine4Testing (SimpleStateMachine4Testing.java:applyTransaction(251)) - applyTransaction for log index 175
2024-09-15 02:32:26,545 [s1@group-39FE727B82F7-StateMachineUpdater] INFO  impl.SimpleStateMachine4Testing (SimpleStateMachine4Testing.java:put(207)) - s1: put 175, m86 -> (t:2, i:175), STATEMACHINELOGENTRY, WRITE: logData.size=3, stateMachineData.size=17, logEntryProtoSerializedSize=0
2024-09-15 02:32:26,547 [grpc-default-executor-2] WARN  server.GrpcServerProtocolService (LogUtils.java:warn(123)) - s0: Failed APPEND_ENTRIES request cid=121, isHeartbeat? false
java.util.concurrent.CompletionException: java.util.concurrent.RejectedExecutionException: Task java.util.concurrent.CompletableFuture$AsyncSupply@1371ef2d rejected from java.util.concurrent.ThreadPoolExecutor@107aea74[Terminated, pool size = 0, active threads = 0, queued tasks = 0, completed tasks = 0]
	at java.util.concurrent.CompletableFuture.encodeThrowable(CompletableFuture.java:273)
	at java.util.concurrent.CompletableFuture.uniComposeStage(CompletableFuture.java:1005)
	at java.util.concurrent.CompletableFuture.thenCompose(CompletableFuture.java:2137)
	at org.apache.ratis.server.impl.RaftServerProxy.appendEntriesAsync(RaftServerProxy.java:655)
	at org.apache.ratis.grpc.server.GrpcServerProtocolService$1.process(GrpcServerProtocolService.java:307)
	at org.apache.ratis.grpc.server.GrpcServerProtocolService$ServerRequestStreamObserver.onNext(GrpcServerProtocolService.java:174)
	at org.apache.ratis.thirdparty.io.grpc.stub.ServerCalls$StreamingServerCallHandler$StreamingServerCallListener.onMessage(ServerCalls.java:262)
	at org.apache.ratis.thirdparty.io.grpc.internal.ServerCallImpl$ServerStreamListenerImpl.messagesAvailableInternal(ServerCallImpl.java:329)
	at org.apache.ratis.thirdparty.io.grpc.internal.ServerCallImpl$ServerStreamListenerImpl.messagesAvailable(ServerCallImpl.java:314)
	at org.apache.ratis.thirdparty.io.grpc.internal.ServerImpl$JumpToApplicationThreadServerStreamListener$1MessagesAvailable.runInContext(ServerImpl.java:833)
	at org.apache.ratis.thirdparty.io.grpc.internal.ContextRunnable.run(ContextRunnable.java:37)
	at org.apache.ratis.thirdparty.io.grpc.internal.SerializingExecutor.run(SerializingExecutor.java:133)
	at java.util.concurrent.ThreadPoolExecutor.runWorker(ThreadPoolExecutor.java:1149)
	at java.util.concurrent.ThreadPoolExecutor$Worker.run(ThreadPoolExecutor.java:624)
	at java.lang.Thread.run(Thread.java:750)
Caused by: java.util.concurrent.RejectedExecutionException: Task java.util.concurrent.CompletableFuture$AsyncSupply@1371ef2d rejected from java.util.concurrent.ThreadPoolExecutor@107aea74[Terminated, pool size = 0, active threads = 0, queued tasks = 0, completed tasks = 0]
	at java.util.concurrent.ThreadPoolExecutor$AbortPolicy.rejectedExecution(ThreadPoolExecutor.java:2063)
	at java.util.concurrent.ThreadPoolExecutor.reject(ThreadPoolExecutor.java:830)
	at java.util.concurrent.ThreadPoolExecutor.execute(ThreadPoolExecutor.java:1379)
	at java.util.concurrent.CompletableFuture.asyncSupplyStage(CompletableFuture.java:1618)
	at java.util.concurrent.CompletableFuture.supplyAsync(CompletableFuture.java:1843)
	at org.apache.ratis.server.impl.RaftServerImpl.executeSubmitServerRequestAsync(RaftServerImpl.java:898)
	at org.apache.ratis.server.impl.RaftServerProxy.lambda$appendEntriesAsync$29(RaftServerProxy.java:655)
	at java.util.concurrent.CompletableFuture.uniComposeStage(CompletableFuture.java:995)
	... 13 more
2024-09-15 02:32:26,550 [grpc-default-executor-0] INFO  leader.LogAppender (LogAppenderBase.java:lambda$getNextIndexForError$0(219)) - Decrease nextIndex to 83
2024-09-15 02:32:26,550 [grpc-default-executor-0] INFO  leader.LogAppender (LogAppenderBase.java:lambda$getNextIndexForError$0(219)) - Decrease nextIndex to 83
2024-09-15 02:32:26,550 [grpc-default-executor-0] INFO  leader.FollowerInfo (FollowerInfoImpl.java:info(70)) - s2@group-39FE727B82F7->s0: computeNextIndex nextIndex: updateUnconditionally 177 -> 83
2024-09-15 02:32:26,551 [s2@group-39FE727B82F7-StateMachineUpdater] INFO  impl.SimpleStateMachine4Testing (SimpleStateMachine4Testing.java:applyTransaction(251)) - applyTransaction for log index 177
2024-09-15 02:32:26,551 [s2@group-39FE727B82F7-StateMachineUpdater] INFO  impl.SimpleStateMachine4Testing (SimpleStateMachine4Testing.java:put(207)) - s2: put 177, m87 -> (t:2, i:177), STATEMACHINELOGENTRY, WRITE: logData.size=3, stateMachineData.size=17, logEntryProtoSerializedSize=0
2024-09-15 02:32:26,553 [s1@group-39FE727B82F7-StateMachineUpdater] INFO  impl.SimpleStateMachine4Testing (SimpleStateMachine4Testing.java:applyTransaction(251)) - applyTransaction for log index 177
2024-09-15 02:32:26,553 [s1@group-39FE727B82F7-StateMachineUpdater] INFO  impl.SimpleStateMachine4Testing (SimpleStateMachine4Testing.java:put(207)) - s1: put 177, m87 -> (t:2, i:177), STATEMACHINELOGENTRY, WRITE: logData.size=3, stateMachineData.size=17, logEntryProtoSerializedSize=0
2024-09-15 02:32:26,553 [grpc-default-executor-2] WARN  server.GrpcServerProtocolService (LogUtils.java:warn(123)) - s0: Failed APPEND_ENTRIES request cid=123, isHeartbeat? false
java.util.concurrent.CompletionException: java.util.concurrent.RejectedExecutionException: Task java.util.concurrent.CompletableFuture$AsyncSupply@318bbdb0 rejected from java.util.concurrent.ThreadPoolExecutor@107aea74[Terminated, pool size = 0, active threads = 0, queued tasks = 0, completed tasks = 0]
	at java.util.concurrent.CompletableFuture.encodeThrowable(CompletableFuture.java:273)
	at java.util.concurrent.CompletableFuture.uniComposeStage(CompletableFuture.java:1005)
	at java.util.concurrent.CompletableFuture.thenCompose(CompletableFuture.java:2137)
	at org.apache.ratis.server.impl.RaftServerProxy.appendEntriesAsync(RaftServerProxy.java:655)
	at org.apache.ratis.grpc.server.GrpcServerProtocolService$1.process(GrpcServerProtocolService.java:307)
	at org.apache.ratis.grpc.server.GrpcServerProtocolService$ServerRequestStreamObserver.onNext(GrpcServerProtocolService.java:174)
	at org.apache.ratis.thirdparty.io.grpc.stub.ServerCalls$StreamingServerCallHandler$StreamingServerCallListener.onMessage(ServerCalls.java:262)
	at org.apache.ratis.thirdparty.io.grpc.internal.ServerCallImpl$ServerStreamListenerImpl.messagesAvailableInternal(ServerCallImpl.java:329)
	at org.apache.ratis.thirdparty.io.grpc.internal.ServerCallImpl$ServerStreamListenerImpl.messagesAvailable(ServerCallImpl.java:314)
	at org.apache.ratis.thirdparty.io.grpc.internal.ServerImpl$JumpToApplicationThreadServerStreamListener$1MessagesAvailable.runInContext(ServerImpl.java:833)
	at org.apache.ratis.thirdparty.io.grpc.internal.ContextRunnable.run(ContextRunnable.java:37)
	at org.apache.ratis.thirdparty.io.grpc.internal.SerializingExecutor.run(SerializingExecutor.java:133)
	at java.util.concurrent.ThreadPoolExecutor.runWorker(ThreadPoolExecutor.java:1149)
	at java.util.concurrent.ThreadPoolExecutor$Worker.run(ThreadPoolExecutor.java:624)
	at java.lang.Thread.run(Thread.java:750)
Caused by: java.util.concurrent.RejectedExecutionException: Task java.util.concurrent.CompletableFuture$AsyncSupply@318bbdb0 rejected from java.util.concurrent.ThreadPoolExecutor@107aea74[Terminated, pool size = 0, active threads = 0, queued tasks = 0, completed tasks = 0]
	at java.util.concurrent.ThreadPoolExecutor$AbortPolicy.rejectedExecution(ThreadPoolExecutor.java:2063)
	at java.util.concurrent.ThreadPoolExecutor.reject(ThreadPoolExecutor.java:830)
	at java.util.concurrent.ThreadPoolExecutor.execute(ThreadPoolExecutor.java:1379)
	at java.util.concurrent.CompletableFuture.asyncSupplyStage(CompletableFuture.java:1618)
	at java.util.concurrent.CompletableFuture.supplyAsync(CompletableFuture.java:1843)
	at org.apache.ratis.server.impl.RaftServerImpl.executeSubmitServerRequestAsync(RaftServerImpl.java:898)
	at org.apache.ratis.server.impl.RaftServerProxy.lambda$appendEntriesAsync$29(RaftServerProxy.java:655)
	at java.util.concurrent.CompletableFuture.uniComposeStage(CompletableFuture.java:995)
	... 13 more
2024-09-15 02:32:26,557 [grpc-default-executor-2] INFO  leader.LogAppender (LogAppenderBase.java:lambda$getNextIndexForError$0(219)) - Decrease nextIndex to 83
2024-09-15 02:32:26,557 [grpc-default-executor-2] INFO  leader.LogAppender (LogAppenderBase.java:lambda$getNextIndexForError$0(219)) - Decrease nextIndex to 83
2024-09-15 02:32:26,557 [grpc-default-executor-2] INFO  leader.FollowerInfo (FollowerInfoImpl.java:info(70)) - s2@group-39FE727B82F7->s0: computeNextIndex nextIndex: updateUnconditionally 178 -> 83
2024-09-15 02:32:26,558 [s2@group-39FE727B82F7-StateMachineUpdater] INFO  impl.SimpleStateMachine4Testing (SimpleStateMachine4Testing.java:applyTransaction(251)) - applyTransaction for log index 179
2024-09-15 02:32:26,559 [s2@group-39FE727B82F7-StateMachineUpdater] INFO  impl.SimpleStateMachine4Testing (SimpleStateMachine4Testing.java:put(207)) - s2: put 179, m88 -> (t:2, i:179), STATEMACHINELOGENTRY, WRITE: logData.size=3, stateMachineData.size=17, logEntryProtoSerializedSize=0
2024-09-15 02:32:26,560 [s1@group-39FE727B82F7-StateMachineUpdater] INFO  impl.SimpleStateMachine4Testing (SimpleStateMachine4Testing.java:applyTransaction(251)) - applyTransaction for log index 179
2024-09-15 02:32:26,560 [s1@group-39FE727B82F7-StateMachineUpdater] INFO  impl.SimpleStateMachine4Testing (SimpleStateMachine4Testing.java:put(207)) - s1: put 179, m88 -> (t:2, i:179), STATEMACHINELOGENTRY, WRITE: logData.size=3, stateMachineData.size=17, logEntryProtoSerializedSize=0
2024-09-15 02:32:26,565 [grpc-default-executor-2] WARN  server.GrpcServerProtocolService (LogUtils.java:warn(123)) - s0: Failed APPEND_ENTRIES request cid=126, isHeartbeat? false
java.util.concurrent.CompletionException: java.util.concurrent.RejectedExecutionException: Task java.util.concurrent.CompletableFuture$AsyncSupply@4895ab74 rejected from java.util.concurrent.ThreadPoolExecutor@107aea74[Terminated, pool size = 0, active threads = 0, queued tasks = 0, completed tasks = 0]
	at java.util.concurrent.CompletableFuture.encodeThrowable(CompletableFuture.java:273)
	at java.util.concurrent.CompletableFuture.uniComposeStage(CompletableFuture.java:1005)
	at java.util.concurrent.CompletableFuture.thenCompose(CompletableFuture.java:2137)
	at org.apache.ratis.server.impl.RaftServerProxy.appendEntriesAsync(RaftServerProxy.java:655)
	at org.apache.ratis.grpc.server.GrpcServerProtocolService$1.process(GrpcServerProtocolService.java:307)
	at org.apache.ratis.grpc.server.GrpcServerProtocolService$ServerRequestStreamObserver.onNext(GrpcServerProtocolService.java:174)
	at org.apache.ratis.thirdparty.io.grpc.stub.ServerCalls$StreamingServerCallHandler$StreamingServerCallListener.onMessage(ServerCalls.java:262)
	at org.apache.ratis.thirdparty.io.grpc.internal.ServerCallImpl$ServerStreamListenerImpl.messagesAvailableInternal(ServerCallImpl.java:329)
	at org.apache.ratis.thirdparty.io.grpc.internal.ServerCallImpl$ServerStreamListenerImpl.messagesAvailable(ServerCallImpl.java:314)
	at org.apache.ratis.thirdparty.io.grpc.internal.ServerImpl$JumpToApplicationThreadServerStreamListener$1MessagesAvailable.runInContext(ServerImpl.java:833)
	at org.apache.ratis.thirdparty.io.grpc.internal.ContextRunnable.run(ContextRunnable.java:37)
	at org.apache.ratis.thirdparty.io.grpc.internal.SerializingExecutor.run(SerializingExecutor.java:133)
	at java.util.concurrent.ThreadPoolExecutor.runWorker(ThreadPoolExecutor.java:1149)
	at java.util.concurrent.ThreadPoolExecutor$Worker.run(ThreadPoolExecutor.java:624)
	at java.lang.Thread.run(Thread.java:750)
Caused by: java.util.concurrent.RejectedExecutionException: Task java.util.concurrent.CompletableFuture$AsyncSupply@4895ab74 rejected from java.util.concurrent.ThreadPoolExecutor@107aea74[Terminated, pool size = 0, active threads = 0, queued tasks = 0, completed tasks = 0]
	at java.util.concurrent.ThreadPoolExecutor$AbortPolicy.rejectedExecution(ThreadPoolExecutor.java:2063)
	at java.util.concurrent.ThreadPoolExecutor.reject(ThreadPoolExecutor.java:830)
	at java.util.concurrent.ThreadPoolExecutor.execute(ThreadPoolExecutor.java:1379)
	at java.util.concurrent.CompletableFuture.asyncSupplyStage(CompletableFuture.java:1618)
	at java.util.concurrent.CompletableFuture.supplyAsync(CompletableFuture.java:1843)
	at org.apache.ratis.server.impl.RaftServerImpl.executeSubmitServerRequestAsync(RaftServerImpl.java:898)
	at org.apache.ratis.server.impl.RaftServerProxy.lambda$appendEntriesAsync$29(RaftServerProxy.java:655)
	at java.util.concurrent.CompletableFuture.uniComposeStage(CompletableFuture.java:995)
	... 13 more
2024-09-15 02:32:26,568 [s2@group-39FE727B82F7-StateMachineUpdater] INFO  impl.SimpleStateMachine4Testing (SimpleStateMachine4Testing.java:applyTransaction(251)) - applyTransaction for log index 181
2024-09-15 02:32:26,569 [s2@group-39FE727B82F7-StateMachineUpdater] INFO  impl.SimpleStateMachine4Testing (SimpleStateMachine4Testing.java:put(207)) - s2: put 181, m89 -> (t:2, i:181), STATEMACHINELOGENTRY, WRITE: logData.size=3, stateMachineData.size=17, logEntryProtoSerializedSize=0
2024-09-15 02:32:26,570 [grpc-default-executor-2] INFO  leader.LogAppender (LogAppenderBase.java:lambda$getNextIndexForError$0(219)) - Decrease nextIndex to 83
2024-09-15 02:32:26,570 [grpc-default-executor-2] INFO  leader.LogAppender (LogAppenderBase.java:lambda$getNextIndexForError$0(219)) - Decrease nextIndex to 83
2024-09-15 02:32:26,570 [grpc-default-executor-2] INFO  leader.FollowerInfo (FollowerInfoImpl.java:info(70)) - s2@group-39FE727B82F7->s0: computeNextIndex nextIndex: updateUnconditionally 181 -> 83
2024-09-15 02:32:26,570 [s1@group-39FE727B82F7-StateMachineUpdater] INFO  impl.SimpleStateMachine4Testing (SimpleStateMachine4Testing.java:applyTransaction(251)) - applyTransaction for log index 181
2024-09-15 02:32:26,570 [s1@group-39FE727B82F7-StateMachineUpdater] INFO  impl.SimpleStateMachine4Testing (SimpleStateMachine4Testing.java:put(207)) - s1: put 181, m89 -> (t:2, i:181), STATEMACHINELOGENTRY, WRITE: logData.size=3, stateMachineData.size=17, logEntryProtoSerializedSize=0
2024-09-15 02:32:26,574 [grpc-default-executor-0] WARN  server.GrpcServerProtocolService (LogUtils.java:warn(123)) - s0: Failed APPEND_ENTRIES request cid=130, isHeartbeat? false
java.util.concurrent.CompletionException: java.util.concurrent.RejectedExecutionException: Task java.util.concurrent.CompletableFuture$AsyncSupply@16e130f6 rejected from java.util.concurrent.ThreadPoolExecutor@107aea74[Terminated, pool size = 0, active threads = 0, queued tasks = 0, completed tasks = 0]
	at java.util.concurrent.CompletableFuture.encodeThrowable(CompletableFuture.java:273)
	at java.util.concurrent.CompletableFuture.uniComposeStage(CompletableFuture.java:1005)
	at java.util.concurrent.CompletableFuture.thenCompose(CompletableFuture.java:2137)
	at org.apache.ratis.server.impl.RaftServerProxy.appendEntriesAsync(RaftServerProxy.java:655)
	at org.apache.ratis.grpc.server.GrpcServerProtocolService$1.process(GrpcServerProtocolService.java:307)
	at org.apache.ratis.grpc.server.GrpcServerProtocolService$ServerRequestStreamObserver.onNext(GrpcServerProtocolService.java:174)
	at org.apache.ratis.thirdparty.io.grpc.stub.ServerCalls$StreamingServerCallHandler$StreamingServerCallListener.onMessage(ServerCalls.java:262)
	at org.apache.ratis.thirdparty.io.grpc.internal.ServerCallImpl$ServerStreamListenerImpl.messagesAvailableInternal(ServerCallImpl.java:329)
	at org.apache.ratis.thirdparty.io.grpc.internal.ServerCallImpl$ServerStreamListenerImpl.messagesAvailable(ServerCallImpl.java:314)
	at org.apache.ratis.thirdparty.io.grpc.internal.ServerImpl$JumpToApplicationThreadServerStreamListener$1MessagesAvailable.runInContext(ServerImpl.java:833)
	at org.apache.ratis.thirdparty.io.grpc.internal.ContextRunnable.run(ContextRunnable.java:37)
	at org.apache.ratis.thirdparty.io.grpc.internal.SerializingExecutor.run(SerializingExecutor.java:133)
	at java.util.concurrent.ThreadPoolExecutor.runWorker(ThreadPoolExecutor.java:1149)
	at java.util.concurrent.ThreadPoolExecutor$Worker.run(ThreadPoolExecutor.java:624)
	at java.lang.Thread.run(Thread.java:750)
Caused by: java.util.concurrent.RejectedExecutionException: Task java.util.concurrent.CompletableFuture$AsyncSupply@16e130f6 rejected from java.util.concurrent.ThreadPoolExecutor@107aea74[Terminated, pool size = 0, active threads = 0, queued tasks = 0, completed tasks = 0]
	at java.util.concurrent.ThreadPoolExecutor$AbortPolicy.rejectedExecution(ThreadPoolExecutor.java:2063)
	at java.util.concurrent.ThreadPoolExecutor.reject(ThreadPoolExecutor.java:830)
	at java.util.concurrent.ThreadPoolExecutor.execute(ThreadPoolExecutor.java:1379)
	at java.util.concurrent.CompletableFuture.asyncSupplyStage(CompletableFuture.java:1618)
	at java.util.concurrent.CompletableFuture.supplyAsync(CompletableFuture.java:1843)
	at org.apache.ratis.server.impl.RaftServerImpl.executeSubmitServerRequestAsync(RaftServerImpl.java:898)
	at org.apache.ratis.server.impl.RaftServerProxy.lambda$appendEntriesAsync$29(RaftServerProxy.java:655)
	at java.util.concurrent.CompletableFuture.uniComposeStage(CompletableFuture.java:995)
	... 13 more
2024-09-15 02:32:26,575 [s2@group-39FE727B82F7-StateMachineUpdater] INFO  impl.SimpleStateMachine4Testing (SimpleStateMachine4Testing.java:applyTransaction(251)) - applyTransaction for log index 183
2024-09-15 02:32:26,575 [s2@group-39FE727B82F7-StateMachineUpdater] INFO  impl.SimpleStateMachine4Testing (SimpleStateMachine4Testing.java:put(207)) - s2: put 183, m90 -> (t:2, i:183), STATEMACHINELOGENTRY, WRITE: logData.size=3, stateMachineData.size=17, logEntryProtoSerializedSize=0
2024-09-15 02:32:26,577 [s1@group-39FE727B82F7-StateMachineUpdater] INFO  impl.SimpleStateMachine4Testing (SimpleStateMachine4Testing.java:applyTransaction(251)) - applyTransaction for log index 183
2024-09-15 02:32:26,577 [s1@group-39FE727B82F7-StateMachineUpdater] INFO  impl.SimpleStateMachine4Testing (SimpleStateMachine4Testing.java:put(207)) - s1: put 183, m90 -> (t:2, i:183), STATEMACHINELOGENTRY, WRITE: logData.size=3, stateMachineData.size=17, logEntryProtoSerializedSize=0
2024-09-15 02:32:26,578 [grpc-default-executor-3] INFO  leader.LogAppender (LogAppenderBase.java:lambda$getNextIndexForError$0(219)) - Decrease nextIndex to 83
2024-09-15 02:32:26,578 [grpc-default-executor-3] INFO  leader.LogAppender (LogAppenderBase.java:lambda$getNextIndexForError$0(219)) - Decrease nextIndex to 83
2024-09-15 02:32:26,578 [grpc-default-executor-3] INFO  leader.FollowerInfo (FollowerInfoImpl.java:info(70)) - s2@group-39FE727B82F7->s0: computeNextIndex nextIndex: updateUnconditionally 183 -> 83
2024-09-15 02:32:26,581 [s2@group-39FE727B82F7-StateMachineUpdater] INFO  impl.SimpleStateMachine4Testing (SimpleStateMachine4Testing.java:applyTransaction(251)) - applyTransaction for log index 185
2024-09-15 02:32:26,582 [s2@group-39FE727B82F7-StateMachineUpdater] INFO  impl.SimpleStateMachine4Testing (SimpleStateMachine4Testing.java:put(207)) - s2: put 185, m91 -> (t:2, i:185), STATEMACHINELOGENTRY, WRITE: logData.size=3, stateMachineData.size=17, logEntryProtoSerializedSize=0
2024-09-15 02:32:26,582 [grpc-default-executor-0] WARN  server.GrpcServerProtocolService (LogUtils.java:warn(123)) - s0: Failed APPEND_ENTRIES request cid=133, isHeartbeat? false
java.util.concurrent.CompletionException: java.util.concurrent.RejectedExecutionException: Task java.util.concurrent.CompletableFuture$AsyncSupply@427ee3ad rejected from java.util.concurrent.ThreadPoolExecutor@107aea74[Terminated, pool size = 0, active threads = 0, queued tasks = 0, completed tasks = 0]
	at java.util.concurrent.CompletableFuture.encodeThrowable(CompletableFuture.java:273)
	at java.util.concurrent.CompletableFuture.uniComposeStage(CompletableFuture.java:1005)
	at java.util.concurrent.CompletableFuture.thenCompose(CompletableFuture.java:2137)
	at org.apache.ratis.server.impl.RaftServerProxy.appendEntriesAsync(RaftServerProxy.java:655)
	at org.apache.ratis.grpc.server.GrpcServerProtocolService$1.process(GrpcServerProtocolService.java:307)
	at org.apache.ratis.grpc.server.GrpcServerProtocolService$ServerRequestStreamObserver.onNext(GrpcServerProtocolService.java:174)
	at org.apache.ratis.thirdparty.io.grpc.stub.ServerCalls$StreamingServerCallHandler$StreamingServerCallListener.onMessage(ServerCalls.java:262)
	at org.apache.ratis.thirdparty.io.grpc.internal.ServerCallImpl$ServerStreamListenerImpl.messagesAvailableInternal(ServerCallImpl.java:329)
	at org.apache.ratis.thirdparty.io.grpc.internal.ServerCallImpl$ServerStreamListenerImpl.messagesAvailable(ServerCallImpl.java:314)
	at org.apache.ratis.thirdparty.io.grpc.internal.ServerImpl$JumpToApplicationThreadServerStreamListener$1MessagesAvailable.runInContext(ServerImpl.java:833)
	at org.apache.ratis.thirdparty.io.grpc.internal.ContextRunnable.run(ContextRunnable.java:37)
	at org.apache.ratis.thirdparty.io.grpc.internal.SerializingExecutor.run(SerializingExecutor.java:133)
	at java.util.concurrent.ThreadPoolExecutor.runWorker(ThreadPoolExecutor.java:1149)
	at java.util.concurrent.ThreadPoolExecutor$Worker.run(ThreadPoolExecutor.java:624)
	at java.lang.Thread.run(Thread.java:750)
Caused by: java.util.concurrent.RejectedExecutionException: Task java.util.concurrent.CompletableFuture$AsyncSupply@427ee3ad rejected from java.util.concurrent.ThreadPoolExecutor@107aea74[Terminated, pool size = 0, active threads = 0, queued tasks = 0, completed tasks = 0]
	at java.util.concurrent.ThreadPoolExecutor$AbortPolicy.rejectedExecution(ThreadPoolExecutor.java:2063)
	at java.util.concurrent.ThreadPoolExecutor.reject(ThreadPoolExecutor.java:830)
	at java.util.concurrent.ThreadPoolExecutor.execute(ThreadPoolExecutor.java:1379)
	at java.util.concurrent.CompletableFuture.asyncSupplyStage(CompletableFuture.java:1618)
	at java.util.concurrent.CompletableFuture.supplyAsync(CompletableFuture.java:1843)
	at org.apache.ratis.server.impl.RaftServerImpl.executeSubmitServerRequestAsync(RaftServerImpl.java:898)
	at org.apache.ratis.server.impl.RaftServerProxy.lambda$appendEntriesAsync$29(RaftServerProxy.java:655)
	at java.util.concurrent.CompletableFuture.uniComposeStage(CompletableFuture.java:995)
	... 13 more
2024-09-15 02:32:26,584 [s1@group-39FE727B82F7-StateMachineUpdater] INFO  impl.SimpleStateMachine4Testing (SimpleStateMachine4Testing.java:applyTransaction(251)) - applyTransaction for log index 185
2024-09-15 02:32:26,584 [s1@group-39FE727B82F7-StateMachineUpdater] INFO  impl.SimpleStateMachine4Testing (SimpleStateMachine4Testing.java:put(207)) - s1: put 185, m91 -> (t:2, i:185), STATEMACHINELOGENTRY, WRITE: logData.size=3, stateMachineData.size=17, logEntryProtoSerializedSize=0
2024-09-15 02:32:26,585 [grpc-default-executor-0] INFO  leader.LogAppender (LogAppenderBase.java:lambda$getNextIndexForError$0(219)) - Decrease nextIndex to 83
2024-09-15 02:32:26,585 [grpc-default-executor-0] INFO  leader.LogAppender (LogAppenderBase.java:lambda$getNextIndexForError$0(219)) - Decrease nextIndex to 83
2024-09-15 02:32:26,585 [grpc-default-executor-0] INFO  leader.FollowerInfo (FollowerInfoImpl.java:info(70)) - s2@group-39FE727B82F7->s0: computeNextIndex nextIndex: updateUnconditionally 186 -> 83
2024-09-15 02:32:26,589 [grpc-default-executor-3] WARN  server.GrpcServerProtocolService (LogUtils.java:warn(123)) - s0: Failed APPEND_ENTRIES request cid=135, isHeartbeat? false
java.util.concurrent.CompletionException: java.util.concurrent.RejectedExecutionException: Task java.util.concurrent.CompletableFuture$AsyncSupply@602221c0 rejected from java.util.concurrent.ThreadPoolExecutor@107aea74[Terminated, pool size = 0, active threads = 0, queued tasks = 0, completed tasks = 0]
	at java.util.concurrent.CompletableFuture.encodeThrowable(CompletableFuture.java:273)
	at java.util.concurrent.CompletableFuture.uniComposeStage(CompletableFuture.java:1005)
	at java.util.concurrent.CompletableFuture.thenCompose(CompletableFuture.java:2137)
	at org.apache.ratis.server.impl.RaftServerProxy.appendEntriesAsync(RaftServerProxy.java:655)
	at org.apache.ratis.grpc.server.GrpcServerProtocolService$1.process(GrpcServerProtocolService.java:307)
	at org.apache.ratis.grpc.server.GrpcServerProtocolService$ServerRequestStreamObserver.onNext(GrpcServerProtocolService.java:174)
	at org.apache.ratis.thirdparty.io.grpc.stub.ServerCalls$StreamingServerCallHandler$StreamingServerCallListener.onMessage(ServerCalls.java:262)
	at org.apache.ratis.thirdparty.io.grpc.internal.ServerCallImpl$ServerStreamListenerImpl.messagesAvailableInternal(ServerCallImpl.java:329)
	at org.apache.ratis.thirdparty.io.grpc.internal.ServerCallImpl$ServerStreamListenerImpl.messagesAvailable(ServerCallImpl.java:314)
	at org.apache.ratis.thirdparty.io.grpc.internal.ServerImpl$JumpToApplicationThreadServerStreamListener$1MessagesAvailable.runInContext(ServerImpl.java:833)
	at org.apache.ratis.thirdparty.io.grpc.internal.ContextRunnable.run(ContextRunnable.java:37)
	at org.apache.ratis.thirdparty.io.grpc.internal.SerializingExecutor.run(SerializingExecutor.java:133)
	at java.util.concurrent.ThreadPoolExecutor.runWorker(ThreadPoolExecutor.java:1149)
	at java.util.concurrent.ThreadPoolExecutor$Worker.run(ThreadPoolExecutor.java:624)
	at java.lang.Thread.run(Thread.java:750)
Caused by: java.util.concurrent.RejectedExecutionException: Task java.util.concurrent.CompletableFuture$AsyncSupply@602221c0 rejected from java.util.concurrent.ThreadPoolExecutor@107aea74[Terminated, pool size = 0, active threads = 0, queued tasks = 0, completed tasks = 0]
	at java.util.concurrent.ThreadPoolExecutor$AbortPolicy.rejectedExecution(ThreadPoolExecutor.java:2063)
	at java.util.concurrent.ThreadPoolExecutor.reject(ThreadPoolExecutor.java:830)
	at java.util.concurrent.ThreadPoolExecutor.execute(ThreadPoolExecutor.java:1379)
	at java.util.concurrent.CompletableFuture.asyncSupplyStage(CompletableFuture.java:1618)
	at java.util.concurrent.CompletableFuture.supplyAsync(CompletableFuture.java:1843)
	at org.apache.ratis.server.impl.RaftServerImpl.executeSubmitServerRequestAsync(RaftServerImpl.java:898)
	at org.apache.ratis.server.impl.RaftServerProxy.lambda$appendEntriesAsync$29(RaftServerProxy.java:655)
	at java.util.concurrent.CompletableFuture.uniComposeStage(CompletableFuture.java:995)
	... 13 more
2024-09-15 02:32:26,590 [s2@group-39FE727B82F7-StateMachineUpdater] INFO  impl.SimpleStateMachine4Testing (SimpleStateMachine4Testing.java:applyTransaction(251)) - applyTransaction for log index 187
2024-09-15 02:32:26,590 [s2@group-39FE727B82F7-StateMachineUpdater] INFO  impl.SimpleStateMachine4Testing (SimpleStateMachine4Testing.java:put(207)) - s2: put 187, m92 -> (t:2, i:187), STATEMACHINELOGENTRY, WRITE: logData.size=3, stateMachineData.size=17, logEntryProtoSerializedSize=0
2024-09-15 02:32:26,592 [grpc-default-executor-3] INFO  leader.LogAppender (LogAppenderBase.java:lambda$getNextIndexForError$0(219)) - Decrease nextIndex to 83
2024-09-15 02:32:26,592 [grpc-default-executor-3] INFO  leader.LogAppender (LogAppenderBase.java:lambda$getNextIndexForError$0(219)) - Decrease nextIndex to 83
2024-09-15 02:32:26,592 [grpc-default-executor-3] INFO  leader.FollowerInfo (FollowerInfoImpl.java:info(70)) - s2@group-39FE727B82F7->s0: computeNextIndex nextIndex: updateUnconditionally 187 -> 83
2024-09-15 02:32:26,593 [s1@group-39FE727B82F7-StateMachineUpdater] INFO  impl.SimpleStateMachine4Testing (SimpleStateMachine4Testing.java:applyTransaction(251)) - applyTransaction for log index 187
2024-09-15 02:32:26,593 [s1@group-39FE727B82F7-StateMachineUpdater] INFO  impl.SimpleStateMachine4Testing (SimpleStateMachine4Testing.java:put(207)) - s1: put 187, m92 -> (t:2, i:187), STATEMACHINELOGENTRY, WRITE: logData.size=3, stateMachineData.size=17, logEntryProtoSerializedSize=0
2024-09-15 02:32:26,595 [s2@group-39FE727B82F7-StateMachineUpdater] INFO  impl.SimpleStateMachine4Testing (SimpleStateMachine4Testing.java:applyTransaction(251)) - applyTransaction for log index 189
2024-09-15 02:32:26,595 [s2@group-39FE727B82F7-StateMachineUpdater] INFO  impl.SimpleStateMachine4Testing (SimpleStateMachine4Testing.java:put(207)) - s2: put 189, m93 -> (t:2, i:189), STATEMACHINELOGENTRY, WRITE: logData.size=3, stateMachineData.size=17, logEntryProtoSerializedSize=0
2024-09-15 02:32:26,596 [s1@group-39FE727B82F7-StateMachineUpdater] INFO  impl.SimpleStateMachine4Testing (SimpleStateMachine4Testing.java:applyTransaction(251)) - applyTransaction for log index 189
2024-09-15 02:32:26,596 [s1@group-39FE727B82F7-StateMachineUpdater] INFO  impl.SimpleStateMachine4Testing (SimpleStateMachine4Testing.java:put(207)) - s1: put 189, m93 -> (t:2, i:189), STATEMACHINELOGENTRY, WRITE: logData.size=3, stateMachineData.size=17, logEntryProtoSerializedSize=0
2024-09-15 02:32:26,598 [grpc-default-executor-2] WARN  server.GrpcServerProtocolService (LogUtils.java:warn(123)) - s0: Failed APPEND_ENTRIES request cid=137, isHeartbeat? false
java.util.concurrent.CompletionException: java.util.concurrent.RejectedExecutionException: Task java.util.concurrent.CompletableFuture$AsyncSupply@3ef7279 rejected from java.util.concurrent.ThreadPoolExecutor@107aea74[Terminated, pool size = 0, active threads = 0, queued tasks = 0, completed tasks = 0]
	at java.util.concurrent.CompletableFuture.encodeThrowable(CompletableFuture.java:273)
	at java.util.concurrent.CompletableFuture.uniComposeStage(CompletableFuture.java:1005)
	at java.util.concurrent.CompletableFuture.thenCompose(CompletableFuture.java:2137)
	at org.apache.ratis.server.impl.RaftServerProxy.appendEntriesAsync(RaftServerProxy.java:655)
	at org.apache.ratis.grpc.server.GrpcServerProtocolService$1.process(GrpcServerProtocolService.java:307)
	at org.apache.ratis.grpc.server.GrpcServerProtocolService$ServerRequestStreamObserver.onNext(GrpcServerProtocolService.java:174)
	at org.apache.ratis.thirdparty.io.grpc.stub.ServerCalls$StreamingServerCallHandler$StreamingServerCallListener.onMessage(ServerCalls.java:262)
	at org.apache.ratis.thirdparty.io.grpc.internal.ServerCallImpl$ServerStreamListenerImpl.messagesAvailableInternal(ServerCallImpl.java:329)
	at org.apache.ratis.thirdparty.io.grpc.internal.ServerCallImpl$ServerStreamListenerImpl.messagesAvailable(ServerCallImpl.java:314)
	at org.apache.ratis.thirdparty.io.grpc.internal.ServerImpl$JumpToApplicationThreadServerStreamListener$1MessagesAvailable.runInContext(ServerImpl.java:833)
	at org.apache.ratis.thirdparty.io.grpc.internal.ContextRunnable.run(ContextRunnable.java:37)
	at org.apache.ratis.thirdparty.io.grpc.internal.SerializingExecutor.run(SerializingExecutor.java:133)
	at java.util.concurrent.ThreadPoolExecutor.runWorker(ThreadPoolExecutor.java:1149)
	at java.util.concurrent.ThreadPoolExecutor$Worker.run(ThreadPoolExecutor.java:624)
	at java.lang.Thread.run(Thread.java:750)
Caused by: java.util.concurrent.RejectedExecutionException: Task java.util.concurrent.CompletableFuture$AsyncSupply@3ef7279 rejected from java.util.concurrent.ThreadPoolExecutor@107aea74[Terminated, pool size = 0, active threads = 0, queued tasks = 0, completed tasks = 0]
	at java.util.concurrent.ThreadPoolExecutor$AbortPolicy.rejectedExecution(ThreadPoolExecutor.java:2063)
	at java.util.concurrent.ThreadPoolExecutor.reject(ThreadPoolExecutor.java:830)
	at java.util.concurrent.ThreadPoolExecutor.execute(ThreadPoolExecutor.java:1379)
	at java.util.concurrent.CompletableFuture.asyncSupplyStage(CompletableFuture.java:1618)
	at java.util.concurrent.CompletableFuture.supplyAsync(CompletableFuture.java:1843)
	at org.apache.ratis.server.impl.RaftServerImpl.executeSubmitServerRequestAsync(RaftServerImpl.java:898)
	at org.apache.ratis.server.impl.RaftServerProxy.lambda$appendEntriesAsync$29(RaftServerProxy.java:655)
	at java.util.concurrent.CompletableFuture.uniComposeStage(CompletableFuture.java:995)
	... 13 more
2024-09-15 02:32:26,601 [grpc-default-executor-2] INFO  leader.LogAppender (LogAppenderBase.java:lambda$getNextIndexForError$0(219)) - Decrease nextIndex to 83
2024-09-15 02:32:26,601 [grpc-default-executor-2] INFO  leader.LogAppender (LogAppenderBase.java:lambda$getNextIndexForError$0(219)) - Decrease nextIndex to 83
2024-09-15 02:32:26,601 [grpc-default-executor-2] INFO  leader.FollowerInfo (FollowerInfoImpl.java:info(70)) - s2@group-39FE727B82F7->s0: computeNextIndex nextIndex: updateUnconditionally 190 -> 83
2024-09-15 02:32:26,603 [s2@group-39FE727B82F7-StateMachineUpdater] INFO  impl.SimpleStateMachine4Testing (SimpleStateMachine4Testing.java:applyTransaction(251)) - applyTransaction for log index 191
2024-09-15 02:32:26,604 [s2@group-39FE727B82F7-StateMachineUpdater] INFO  impl.SimpleStateMachine4Testing (SimpleStateMachine4Testing.java:put(207)) - s2: put 191, m94 -> (t:2, i:191), STATEMACHINELOGENTRY, WRITE: logData.size=3, stateMachineData.size=17, logEntryProtoSerializedSize=0
2024-09-15 02:32:26,604 [s2@group-39FE727B82F7-StateMachineUpdater] TRACE util.FileUtils (FileUtils.java:deleteFully(305)) - deleteFully /tmp/ratis-tests/statemachine/s2/snapshot/2_191
2024-09-15 02:32:26,604 [s2@group-39FE727B82F7-StateMachineUpdater] TRACE util.FileUtils (FileUtils.java:deleteFully(318)) - deleteFully: /tmp/ratis-tests/statemachine/s2/snapshot/2_191 does not exist.
2024-09-15 02:32:26,604 [s2@group-39FE727B82F7-StateMachineUpdater] TRACE util.FileUtils (FileUtils.java:deleteFully(305)) - deleteFully /tmp/ratis-tests/statemachine/s2/tmp/972494b3-1d53-4812-8006-05ac25289556
2024-09-15 02:32:26,604 [s2@group-39FE727B82F7-StateMachineUpdater] TRACE util.FileUtils (FileUtils.java:deleteFully(318)) - deleteFully: /tmp/ratis-tests/statemachine/s2/tmp/972494b3-1d53-4812-8006-05ac25289556 does not exist.
2024-09-15 02:32:26,604 [s2@group-39FE727B82F7-StateMachineUpdater] TRACE util.FileUtils (LogUtils.java:runAndLog(49)) - Successfully ran Atomic Files.move /tmp/ratis-tests/statemachine/s2/tmp/972494b3-1d53-4812-8006-05ac25289556 to /tmp/ratis-tests/statemachine/s2/snapshot/2_191
2024-09-15 02:32:26,604 [s2@group-39FE727B82F7-StateMachineUpdater] INFO  impl.StateMachineUpdater (StateMachineUpdater.java:takeSnapshot(308)) - s2@group-39FE727B82F7-StateMachineUpdater: Took a snapshot at index 191
2024-09-15 02:32:26,604 [s2@group-39FE727B82F7-StateMachineUpdater] INFO  impl.StateMachineUpdater (StateMachineUpdater.java:lambda$new$0(102)) - s2@group-39FE727B82F7-StateMachineUpdater: snapshotIndex: updateIncreasingly 127 -> 191
2024-09-15 02:32:26,605 [grpc-default-executor-3] WARN  server.GrpcServerProtocolService (LogUtils.java:warn(123)) - s0: Failed APPEND_ENTRIES request cid=139, isHeartbeat? false
java.util.concurrent.CompletionException: java.util.concurrent.RejectedExecutionException: Task java.util.concurrent.CompletableFuture$AsyncSupply@545ece39 rejected from java.util.concurrent.ThreadPoolExecutor@107aea74[Terminated, pool size = 0, active threads = 0, queued tasks = 0, completed tasks = 0]
	at java.util.concurrent.CompletableFuture.encodeThrowable(CompletableFuture.java:273)
	at java.util.concurrent.CompletableFuture.uniComposeStage(CompletableFuture.java:1005)
	at java.util.concurrent.CompletableFuture.thenCompose(CompletableFuture.java:2137)
	at org.apache.ratis.server.impl.RaftServerProxy.appendEntriesAsync(RaftServerProxy.java:655)
	at org.apache.ratis.grpc.server.GrpcServerProtocolService$1.process(GrpcServerProtocolService.java:307)
	at org.apache.ratis.grpc.server.GrpcServerProtocolService$ServerRequestStreamObserver.onNext(GrpcServerProtocolService.java:174)
	at org.apache.ratis.thirdparty.io.grpc.stub.ServerCalls$StreamingServerCallHandler$StreamingServerCallListener.onMessage(ServerCalls.java:262)
	at org.apache.ratis.thirdparty.io.grpc.internal.ServerCallImpl$ServerStreamListenerImpl.messagesAvailableInternal(ServerCallImpl.java:329)
	at org.apache.ratis.thirdparty.io.grpc.internal.ServerCallImpl$ServerStreamListenerImpl.messagesAvailable(ServerCallImpl.java:314)
	at org.apache.ratis.thirdparty.io.grpc.internal.ServerImpl$JumpToApplicationThreadServerStreamListener$1MessagesAvailable.runInContext(ServerImpl.java:833)
	at org.apache.ratis.thirdparty.io.grpc.internal.ContextRunnable.run(ContextRunnable.java:37)
	at org.apache.ratis.thirdparty.io.grpc.internal.SerializingExecutor.run(SerializingExecutor.java:133)
	at java.util.concurrent.ThreadPoolExecutor.runWorker(ThreadPoolExecutor.java:1149)
	at java.util.concurrent.ThreadPoolExecutor$Worker.run(ThreadPoolExecutor.java:624)
	at java.lang.Thread.run(Thread.java:750)
Caused by: java.util.concurrent.RejectedExecutionException: Task java.util.concurrent.CompletableFuture$AsyncSupply@545ece39 rejected from java.util.concurrent.ThreadPoolExecutor@107aea74[Terminated, pool size = 0, active threads = 0, queued tasks = 0, completed tasks = 0]
	at java.util.concurrent.ThreadPoolExecutor$AbortPolicy.rejectedExecution(ThreadPoolExecutor.java:2063)
	at java.util.concurrent.ThreadPoolExecutor.reject(ThreadPoolExecutor.java:830)
	at java.util.concurrent.ThreadPoolExecutor.execute(ThreadPoolExecutor.java:1379)
	at java.util.concurrent.CompletableFuture.asyncSupplyStage(CompletableFuture.java:1618)
	at java.util.concurrent.CompletableFuture.supplyAsync(CompletableFuture.java:1843)
	at org.apache.ratis.server.impl.RaftServerImpl.executeSubmitServerRequestAsync(RaftServerImpl.java:898)
	at org.apache.ratis.server.impl.RaftServerProxy.lambda$appendEntriesAsync$29(RaftServerProxy.java:655)
	at java.util.concurrent.CompletableFuture.uniComposeStage(CompletableFuture.java:995)
	... 13 more
2024-09-15 02:32:26,605 [s1@group-39FE727B82F7-StateMachineUpdater] INFO  impl.SimpleStateMachine4Testing (SimpleStateMachine4Testing.java:applyTransaction(251)) - applyTransaction for log index 191
2024-09-15 02:32:26,605 [s1@group-39FE727B82F7-StateMachineUpdater] INFO  impl.SimpleStateMachine4Testing (SimpleStateMachine4Testing.java:put(207)) - s1: put 191, m94 -> (t:2, i:191), STATEMACHINELOGENTRY, WRITE: logData.size=3, stateMachineData.size=17, logEntryProtoSerializedSize=0
2024-09-15 02:32:26,608 [grpc-default-executor-2] INFO  leader.LogAppender (LogAppenderBase.java:lambda$getNextIndexForError$0(219)) - Decrease nextIndex to 83
2024-09-15 02:32:26,608 [grpc-default-executor-2] INFO  leader.LogAppender (LogAppenderBase.java:lambda$getNextIndexForError$0(219)) - Decrease nextIndex to 83
2024-09-15 02:32:26,609 [grpc-default-executor-2] INFO  leader.FollowerInfo (FollowerInfoImpl.java:info(70)) - s2@group-39FE727B82F7->s0: computeNextIndex nextIndex: updateUnconditionally 192 -> 83
2024-09-15 02:32:26,612 [grpc-default-executor-3] WARN  server.GrpcServerProtocolService (LogUtils.java:warn(123)) - s0: Failed APPEND_ENTRIES request cid=141, isHeartbeat? false
java.util.concurrent.CompletionException: java.util.concurrent.RejectedExecutionException: Task java.util.concurrent.CompletableFuture$AsyncSupply@43450e17 rejected from java.util.concurrent.ThreadPoolExecutor@107aea74[Terminated, pool size = 0, active threads = 0, queued tasks = 0, completed tasks = 0]
	at java.util.concurrent.CompletableFuture.encodeThrowable(CompletableFuture.java:273)
	at java.util.concurrent.CompletableFuture.uniComposeStage(CompletableFuture.java:1005)
	at java.util.concurrent.CompletableFuture.thenCompose(CompletableFuture.java:2137)
	at org.apache.ratis.server.impl.RaftServerProxy.appendEntriesAsync(RaftServerProxy.java:655)
	at org.apache.ratis.grpc.server.GrpcServerProtocolService$1.process(GrpcServerProtocolService.java:307)
	at org.apache.ratis.grpc.server.GrpcServerProtocolService$ServerRequestStreamObserver.onNext(GrpcServerProtocolService.java:174)
	at org.apache.ratis.thirdparty.io.grpc.stub.ServerCalls$StreamingServerCallHandler$StreamingServerCallListener.onMessage(ServerCalls.java:262)
	at org.apache.ratis.thirdparty.io.grpc.internal.ServerCallImpl$ServerStreamListenerImpl.messagesAvailableInternal(ServerCallImpl.java:329)
	at org.apache.ratis.thirdparty.io.grpc.internal.ServerCallImpl$ServerStreamListenerImpl.messagesAvailable(ServerCallImpl.java:314)
	at org.apache.ratis.thirdparty.io.grpc.internal.ServerImpl$JumpToApplicationThreadServerStreamListener$1MessagesAvailable.runInContext(ServerImpl.java:833)
	at org.apache.ratis.thirdparty.io.grpc.internal.ContextRunnable.run(ContextRunnable.java:37)
	at org.apache.ratis.thirdparty.io.grpc.internal.SerializingExecutor.run(SerializingExecutor.java:133)
	at java.util.concurrent.ThreadPoolExecutor.runWorker(ThreadPoolExecutor.java:1149)
	at java.util.concurrent.ThreadPoolExecutor$Worker.run(ThreadPoolExecutor.java:624)
	at java.lang.Thread.run(Thread.java:750)
Caused by: java.util.concurrent.RejectedExecutionException: Task java.util.concurrent.CompletableFuture$AsyncSupply@43450e17 rejected from java.util.concurrent.ThreadPoolExecutor@107aea74[Terminated, pool size = 0, active threads = 0, queued tasks = 0, completed tasks = 0]
	at java.util.concurrent.ThreadPoolExecutor$AbortPolicy.rejectedExecution(ThreadPoolExecutor.java:2063)
	at java.util.concurrent.ThreadPoolExecutor.reject(ThreadPoolExecutor.java:830)
	at java.util.concurrent.ThreadPoolExecutor.execute(ThreadPoolExecutor.java:1379)
	at java.util.concurrent.CompletableFuture.asyncSupplyStage(CompletableFuture.java:1618)
	at java.util.concurrent.CompletableFuture.supplyAsync(CompletableFuture.java:1843)
	at org.apache.ratis.server.impl.RaftServerImpl.executeSubmitServerRequestAsync(RaftServerImpl.java:898)
	at org.apache.ratis.server.impl.RaftServerProxy.lambda$appendEntriesAsync$29(RaftServerProxy.java:655)
	at java.util.concurrent.CompletableFuture.uniComposeStage(CompletableFuture.java:995)
	... 13 more
2024-09-15 02:32:26,612 [s2@group-39FE727B82F7-StateMachineUpdater] INFO  impl.SimpleStateMachine4Testing (SimpleStateMachine4Testing.java:applyTransaction(251)) - applyTransaction for log index 193
2024-09-15 02:32:26,612 [s2@group-39FE727B82F7-StateMachineUpdater] INFO  impl.SimpleStateMachine4Testing (SimpleStateMachine4Testing.java:put(207)) - s2: put 193, m95 -> (t:2, i:193), STATEMACHINELOGENTRY, WRITE: logData.size=3, stateMachineData.size=17, logEntryProtoSerializedSize=0
2024-09-15 02:32:26,615 [s1@group-39FE727B82F7-StateMachineUpdater] INFO  impl.SimpleStateMachine4Testing (SimpleStateMachine4Testing.java:applyTransaction(251)) - applyTransaction for log index 193
2024-09-15 02:32:26,615 [s1@group-39FE727B82F7-StateMachineUpdater] INFO  impl.SimpleStateMachine4Testing (SimpleStateMachine4Testing.java:put(207)) - s1: put 193, m95 -> (t:2, i:193), STATEMACHINELOGENTRY, WRITE: logData.size=3, stateMachineData.size=17, logEntryProtoSerializedSize=0
2024-09-15 02:32:26,615 [s1@group-39FE727B82F7-StateMachineUpdater] TRACE util.FileUtils (FileUtils.java:deleteFully(305)) - deleteFully /tmp/ratis-tests/statemachine/s1/snapshot/2_193
2024-09-15 02:32:26,615 [s1@group-39FE727B82F7-StateMachineUpdater] TRACE util.FileUtils (FileUtils.java:deleteFully(318)) - deleteFully: /tmp/ratis-tests/statemachine/s1/snapshot/2_193 does not exist.
2024-09-15 02:32:26,615 [s1@group-39FE727B82F7-StateMachineUpdater] TRACE util.FileUtils (FileUtils.java:deleteFully(305)) - deleteFully /tmp/ratis-tests/statemachine/s1/tmp/bde066fb-c4bc-4de9-8870-0114c90bf700
2024-09-15 02:32:26,616 [s1@group-39FE727B82F7-StateMachineUpdater] TRACE util.FileUtils (FileUtils.java:deleteFully(318)) - deleteFully: /tmp/ratis-tests/statemachine/s1/tmp/bde066fb-c4bc-4de9-8870-0114c90bf700 does not exist.
2024-09-15 02:32:26,616 [s1@group-39FE727B82F7-StateMachineUpdater] TRACE util.FileUtils (LogUtils.java:runAndLog(49)) - Successfully ran Atomic Files.move /tmp/ratis-tests/statemachine/s1/tmp/bde066fb-c4bc-4de9-8870-0114c90bf700 to /tmp/ratis-tests/statemachine/s1/snapshot/2_193
2024-09-15 02:32:26,616 [s1@group-39FE727B82F7-StateMachineUpdater] INFO  impl.StateMachineUpdater (StateMachineUpdater.java:takeSnapshot(308)) - s1@group-39FE727B82F7-StateMachineUpdater: Took a snapshot at index 193
2024-09-15 02:32:26,616 [s1@group-39FE727B82F7-StateMachineUpdater] INFO  impl.StateMachineUpdater (StateMachineUpdater.java:lambda$new$0(102)) - s1@group-39FE727B82F7-StateMachineUpdater: snapshotIndex: updateIncreasingly 129 -> 193
2024-09-15 02:32:26,618 [grpc-default-executor-3] INFO  leader.LogAppender (LogAppenderBase.java:lambda$getNextIndexForError$0(219)) - Decrease nextIndex to 83
2024-09-15 02:32:26,618 [grpc-default-executor-3] INFO  leader.LogAppender (LogAppenderBase.java:lambda$getNextIndexForError$0(219)) - Decrease nextIndex to 83
2024-09-15 02:32:26,618 [grpc-default-executor-3] INFO  leader.FollowerInfo (FollowerInfoImpl.java:info(70)) - s2@group-39FE727B82F7->s0: computeNextIndex nextIndex: updateUnconditionally 194 -> 83
2024-09-15 02:32:26,620 [s2@group-39FE727B82F7-StateMachineUpdater] INFO  impl.SimpleStateMachine4Testing (SimpleStateMachine4Testing.java:applyTransaction(251)) - applyTransaction for log index 195
2024-09-15 02:32:26,620 [s2@group-39FE727B82F7-StateMachineUpdater] INFO  impl.SimpleStateMachine4Testing (SimpleStateMachine4Testing.java:put(207)) - s2: put 195, m96 -> (t:2, i:195), STATEMACHINELOGENTRY, WRITE: logData.size=3, stateMachineData.size=17, logEntryProtoSerializedSize=0
2024-09-15 02:32:26,622 [grpc-default-executor-2] WARN  server.GrpcServerProtocolService (LogUtils.java:warn(123)) - s0: Failed APPEND_ENTRIES request cid=144, isHeartbeat? false
java.util.concurrent.CompletionException: java.util.concurrent.RejectedExecutionException: Task java.util.concurrent.CompletableFuture$AsyncSupply@446dac7 rejected from java.util.concurrent.ThreadPoolExecutor@107aea74[Terminated, pool size = 0, active threads = 0, queued tasks = 0, completed tasks = 0]
	at java.util.concurrent.CompletableFuture.encodeThrowable(CompletableFuture.java:273)
	at java.util.concurrent.CompletableFuture.uniComposeStage(CompletableFuture.java:1005)
	at java.util.concurrent.CompletableFuture.thenCompose(CompletableFuture.java:2137)
	at org.apache.ratis.server.impl.RaftServerProxy.appendEntriesAsync(RaftServerProxy.java:655)
	at org.apache.ratis.grpc.server.GrpcServerProtocolService$1.process(GrpcServerProtocolService.java:307)
	at org.apache.ratis.grpc.server.GrpcServerProtocolService$ServerRequestStreamObserver.onNext(GrpcServerProtocolService.java:174)
	at org.apache.ratis.thirdparty.io.grpc.stub.ServerCalls$StreamingServerCallHandler$StreamingServerCallListener.onMessage(ServerCalls.java:262)
	at org.apache.ratis.thirdparty.io.grpc.internal.ServerCallImpl$ServerStreamListenerImpl.messagesAvailableInternal(ServerCallImpl.java:329)
	at org.apache.ratis.thirdparty.io.grpc.internal.ServerCallImpl$ServerStreamListenerImpl.messagesAvailable(ServerCallImpl.java:314)
	at org.apache.ratis.thirdparty.io.grpc.internal.ServerImpl$JumpToApplicationThreadServerStreamListener$1MessagesAvailable.runInContext(ServerImpl.java:833)
	at org.apache.ratis.thirdparty.io.grpc.internal.ContextRunnable.run(ContextRunnable.java:37)
	at org.apache.ratis.thirdparty.io.grpc.internal.SerializingExecutor.run(SerializingExecutor.java:133)
	at java.util.concurrent.ThreadPoolExecutor.runWorker(ThreadPoolExecutor.java:1149)
	at java.util.concurrent.ThreadPoolExecutor$Worker.run(ThreadPoolExecutor.java:624)
	at java.lang.Thread.run(Thread.java:750)
Caused by: java.util.concurrent.RejectedExecutionException: Task java.util.concurrent.CompletableFuture$AsyncSupply@446dac7 rejected from java.util.concurrent.ThreadPoolExecutor@107aea74[Terminated, pool size = 0, active threads = 0, queued tasks = 0, completed tasks = 0]
	at java.util.concurrent.ThreadPoolExecutor$AbortPolicy.rejectedExecution(ThreadPoolExecutor.java:2063)
	at java.util.concurrent.ThreadPoolExecutor.reject(ThreadPoolExecutor.java:830)
	at java.util.concurrent.ThreadPoolExecutor.execute(ThreadPoolExecutor.java:1379)
	at java.util.concurrent.CompletableFuture.asyncSupplyStage(CompletableFuture.java:1618)
	at java.util.concurrent.CompletableFuture.supplyAsync(CompletableFuture.java:1843)
	at org.apache.ratis.server.impl.RaftServerImpl.executeSubmitServerRequestAsync(RaftServerImpl.java:898)
	at org.apache.ratis.server.impl.RaftServerProxy.lambda$appendEntriesAsync$29(RaftServerProxy.java:655)
	at java.util.concurrent.CompletableFuture.uniComposeStage(CompletableFuture.java:995)
	... 13 more
2024-09-15 02:32:26,622 [s1@group-39FE727B82F7-StateMachineUpdater] INFO  impl.SimpleStateMachine4Testing (SimpleStateMachine4Testing.java:applyTransaction(251)) - applyTransaction for log index 195
2024-09-15 02:32:26,623 [s1@group-39FE727B82F7-StateMachineUpdater] INFO  impl.SimpleStateMachine4Testing (SimpleStateMachine4Testing.java:put(207)) - s1: put 195, m96 -> (t:2, i:195), STATEMACHINELOGENTRY, WRITE: logData.size=3, stateMachineData.size=17, logEntryProtoSerializedSize=0
2024-09-15 02:32:26,625 [grpc-default-executor-1] INFO  leader.LogAppender (LogAppenderBase.java:lambda$getNextIndexForError$0(219)) - Decrease nextIndex to 83
2024-09-15 02:32:26,625 [grpc-default-executor-1] INFO  leader.LogAppender (LogAppenderBase.java:lambda$getNextIndexForError$0(219)) - Decrease nextIndex to 83
2024-09-15 02:32:26,625 [grpc-default-executor-1] INFO  leader.FollowerInfo (FollowerInfoImpl.java:info(70)) - s2@group-39FE727B82F7->s0: computeNextIndex nextIndex: updateUnconditionally 196 -> 83
2024-09-15 02:32:26,628 [s2@group-39FE727B82F7-StateMachineUpdater] INFO  impl.SimpleStateMachine4Testing (SimpleStateMachine4Testing.java:applyTransaction(251)) - applyTransaction for log index 197
2024-09-15 02:32:26,628 [s2@group-39FE727B82F7-StateMachineUpdater] INFO  impl.SimpleStateMachine4Testing (SimpleStateMachine4Testing.java:put(207)) - s2: put 197, m97 -> (t:2, i:197), STATEMACHINELOGENTRY, WRITE: logData.size=3, stateMachineData.size=17, logEntryProtoSerializedSize=0
2024-09-15 02:32:26,629 [grpc-default-executor-2] WARN  server.GrpcServerProtocolService (LogUtils.java:warn(123)) - s0: Failed APPEND_ENTRIES request cid=147, isHeartbeat? false
java.util.concurrent.CompletionException: java.util.concurrent.RejectedExecutionException: Task java.util.concurrent.CompletableFuture$AsyncSupply@6ee4adcb rejected from java.util.concurrent.ThreadPoolExecutor@107aea74[Terminated, pool size = 0, active threads = 0, queued tasks = 0, completed tasks = 0]
	at java.util.concurrent.CompletableFuture.encodeThrowable(CompletableFuture.java:273)
	at java.util.concurrent.CompletableFuture.uniComposeStage(CompletableFuture.java:1005)
	at java.util.concurrent.CompletableFuture.thenCompose(CompletableFuture.java:2137)
	at org.apache.ratis.server.impl.RaftServerProxy.appendEntriesAsync(RaftServerProxy.java:655)
	at org.apache.ratis.grpc.server.GrpcServerProtocolService$1.process(GrpcServerProtocolService.java:307)
	at org.apache.ratis.grpc.server.GrpcServerProtocolService$ServerRequestStreamObserver.onNext(GrpcServerProtocolService.java:174)
	at org.apache.ratis.thirdparty.io.grpc.stub.ServerCalls$StreamingServerCallHandler$StreamingServerCallListener.onMessage(ServerCalls.java:262)
	at org.apache.ratis.thirdparty.io.grpc.internal.ServerCallImpl$ServerStreamListenerImpl.messagesAvailableInternal(ServerCallImpl.java:329)
	at org.apache.ratis.thirdparty.io.grpc.internal.ServerCallImpl$ServerStreamListenerImpl.messagesAvailable(ServerCallImpl.java:314)
	at org.apache.ratis.thirdparty.io.grpc.internal.ServerImpl$JumpToApplicationThreadServerStreamListener$1MessagesAvailable.runInContext(ServerImpl.java:833)
	at org.apache.ratis.thirdparty.io.grpc.internal.ContextRunnable.run(ContextRunnable.java:37)
	at org.apache.ratis.thirdparty.io.grpc.internal.SerializingExecutor.run(SerializingExecutor.java:133)
	at java.util.concurrent.ThreadPoolExecutor.runWorker(ThreadPoolExecutor.java:1149)
	at java.util.concurrent.ThreadPoolExecutor$Worker.run(ThreadPoolExecutor.java:624)
	at java.lang.Thread.run(Thread.java:750)
Caused by: java.util.concurrent.RejectedExecutionException: Task java.util.concurrent.CompletableFuture$AsyncSupply@6ee4adcb rejected from java.util.concurrent.ThreadPoolExecutor@107aea74[Terminated, pool size = 0, active threads = 0, queued tasks = 0, completed tasks = 0]
	at java.util.concurrent.ThreadPoolExecutor$AbortPolicy.rejectedExecution(ThreadPoolExecutor.java:2063)
	at java.util.concurrent.ThreadPoolExecutor.reject(ThreadPoolExecutor.java:830)
	at java.util.concurrent.ThreadPoolExecutor.execute(ThreadPoolExecutor.java:1379)
	at java.util.concurrent.CompletableFuture.asyncSupplyStage(CompletableFuture.java:1618)
	at java.util.concurrent.CompletableFuture.supplyAsync(CompletableFuture.java:1843)
	at org.apache.ratis.server.impl.RaftServerImpl.executeSubmitServerRequestAsync(RaftServerImpl.java:898)
	at org.apache.ratis.server.impl.RaftServerProxy.lambda$appendEntriesAsync$29(RaftServerProxy.java:655)
	at java.util.concurrent.CompletableFuture.uniComposeStage(CompletableFuture.java:995)
	... 13 more
2024-09-15 02:32:26,629 [s1@group-39FE727B82F7-StateMachineUpdater] INFO  impl.SimpleStateMachine4Testing (SimpleStateMachine4Testing.java:applyTransaction(251)) - applyTransaction for log index 197
2024-09-15 02:32:26,629 [s1@group-39FE727B82F7-StateMachineUpdater] INFO  impl.SimpleStateMachine4Testing (SimpleStateMachine4Testing.java:put(207)) - s1: put 197, m97 -> (t:2, i:197), STATEMACHINELOGENTRY, WRITE: logData.size=3, stateMachineData.size=17, logEntryProtoSerializedSize=0
2024-09-15 02:32:26,631 [grpc-default-executor-1] INFO  leader.LogAppender (LogAppenderBase.java:lambda$getNextIndexForError$0(219)) - Decrease nextIndex to 83
2024-09-15 02:32:26,631 [grpc-default-executor-1] INFO  leader.LogAppender (LogAppenderBase.java:lambda$getNextIndexForError$0(219)) - Decrease nextIndex to 83
2024-09-15 02:32:26,631 [grpc-default-executor-1] INFO  leader.FollowerInfo (FollowerInfoImpl.java:info(70)) - s2@group-39FE727B82F7->s0: computeNextIndex nextIndex: updateUnconditionally 198 -> 83
2024-09-15 02:32:26,634 [s2@group-39FE727B82F7-StateMachineUpdater] INFO  impl.SimpleStateMachine4Testing (SimpleStateMachine4Testing.java:applyTransaction(251)) - applyTransaction for log index 199
2024-09-15 02:32:26,635 [s2@group-39FE727B82F7-StateMachineUpdater] INFO  impl.SimpleStateMachine4Testing (SimpleStateMachine4Testing.java:put(207)) - s2: put 199, m98 -> (t:2, i:199), STATEMACHINELOGENTRY, WRITE: logData.size=3, stateMachineData.size=17, logEntryProtoSerializedSize=0
2024-09-15 02:32:26,635 [s1@group-39FE727B82F7-StateMachineUpdater] INFO  impl.SimpleStateMachine4Testing (SimpleStateMachine4Testing.java:applyTransaction(251)) - applyTransaction for log index 199
2024-09-15 02:32:26,636 [s1@group-39FE727B82F7-StateMachineUpdater] INFO  impl.SimpleStateMachine4Testing (SimpleStateMachine4Testing.java:put(207)) - s1: put 199, m98 -> (t:2, i:199), STATEMACHINELOGENTRY, WRITE: logData.size=3, stateMachineData.size=17, logEntryProtoSerializedSize=0
2024-09-15 02:32:26,636 [grpc-default-executor-2] WARN  server.GrpcServerProtocolService (LogUtils.java:warn(123)) - s0: Failed APPEND_ENTRIES request cid=150, isHeartbeat? false
java.util.concurrent.CompletionException: java.util.concurrent.RejectedExecutionException: Task java.util.concurrent.CompletableFuture$AsyncSupply@41c86a19 rejected from java.util.concurrent.ThreadPoolExecutor@107aea74[Terminated, pool size = 0, active threads = 0, queued tasks = 0, completed tasks = 0]
	at java.util.concurrent.CompletableFuture.encodeThrowable(CompletableFuture.java:273)
	at java.util.concurrent.CompletableFuture.uniComposeStage(CompletableFuture.java:1005)
	at java.util.concurrent.CompletableFuture.thenCompose(CompletableFuture.java:2137)
	at org.apache.ratis.server.impl.RaftServerProxy.appendEntriesAsync(RaftServerProxy.java:655)
	at org.apache.ratis.grpc.server.GrpcServerProtocolService$1.process(GrpcServerProtocolService.java:307)
	at org.apache.ratis.grpc.server.GrpcServerProtocolService$ServerRequestStreamObserver.onNext(GrpcServerProtocolService.java:174)
	at org.apache.ratis.thirdparty.io.grpc.stub.ServerCalls$StreamingServerCallHandler$StreamingServerCallListener.onMessage(ServerCalls.java:262)
	at org.apache.ratis.thirdparty.io.grpc.internal.ServerCallImpl$ServerStreamListenerImpl.messagesAvailableInternal(ServerCallImpl.java:329)
	at org.apache.ratis.thirdparty.io.grpc.internal.ServerCallImpl$ServerStreamListenerImpl.messagesAvailable(ServerCallImpl.java:314)
	at org.apache.ratis.thirdparty.io.grpc.internal.ServerImpl$JumpToApplicationThreadServerStreamListener$1MessagesAvailable.runInContext(ServerImpl.java:833)
	at org.apache.ratis.thirdparty.io.grpc.internal.ContextRunnable.run(ContextRunnable.java:37)
	at org.apache.ratis.thirdparty.io.grpc.internal.SerializingExecutor.run(SerializingExecutor.java:133)
	at java.util.concurrent.ThreadPoolExecutor.runWorker(ThreadPoolExecutor.java:1149)
	at java.util.concurrent.ThreadPoolExecutor$Worker.run(ThreadPoolExecutor.java:624)
	at java.lang.Thread.run(Thread.java:750)
Caused by: java.util.concurrent.RejectedExecutionException: Task java.util.concurrent.CompletableFuture$AsyncSupply@41c86a19 rejected from java.util.concurrent.ThreadPoolExecutor@107aea74[Terminated, pool size = 0, active threads = 0, queued tasks = 0, completed tasks = 0]
	at java.util.concurrent.ThreadPoolExecutor$AbortPolicy.rejectedExecution(ThreadPoolExecutor.java:2063)
	at java.util.concurrent.ThreadPoolExecutor.reject(ThreadPoolExecutor.java:830)
	at java.util.concurrent.ThreadPoolExecutor.execute(ThreadPoolExecutor.java:1379)
	at java.util.concurrent.CompletableFuture.asyncSupplyStage(CompletableFuture.java:1618)
	at java.util.concurrent.CompletableFuture.supplyAsync(CompletableFuture.java:1843)
	at org.apache.ratis.server.impl.RaftServerImpl.executeSubmitServerRequestAsync(RaftServerImpl.java:898)
	at org.apache.ratis.server.impl.RaftServerProxy.lambda$appendEntriesAsync$29(RaftServerProxy.java:655)
	at java.util.concurrent.CompletableFuture.uniComposeStage(CompletableFuture.java:995)
	... 13 more
2024-09-15 02:32:26,639 [grpc-default-executor-2] INFO  leader.LogAppender (LogAppenderBase.java:lambda$getNextIndexForError$0(219)) - Decrease nextIndex to 83
2024-09-15 02:32:26,639 [grpc-default-executor-2] INFO  leader.LogAppender (LogAppenderBase.java:lambda$getNextIndexForError$0(219)) - Decrease nextIndex to 83
2024-09-15 02:32:26,639 [grpc-default-executor-2] INFO  leader.FollowerInfo (FollowerInfoImpl.java:info(70)) - s2@group-39FE727B82F7->s0: computeNextIndex nextIndex: updateUnconditionally 200 -> 83
2024-09-15 02:32:26,641 [s2@group-39FE727B82F7-StateMachineUpdater] INFO  impl.SimpleStateMachine4Testing (SimpleStateMachine4Testing.java:applyTransaction(251)) - applyTransaction for log index 201
2024-09-15 02:32:26,641 [s2@group-39FE727B82F7-StateMachineUpdater] INFO  impl.SimpleStateMachine4Testing (SimpleStateMachine4Testing.java:put(207)) - s2: put 201, m99 -> (t:2, i:201), STATEMACHINELOGENTRY, WRITE: logData.size=3, stateMachineData.size=17, logEntryProtoSerializedSize=0
2024-09-15 02:32:26,643 [s1@group-39FE727B82F7-StateMachineUpdater] INFO  impl.SimpleStateMachine4Testing (SimpleStateMachine4Testing.java:applyTransaction(251)) - applyTransaction for log index 201
2024-09-15 02:32:26,643 [s1@group-39FE727B82F7-StateMachineUpdater] INFO  impl.SimpleStateMachine4Testing (SimpleStateMachine4Testing.java:put(207)) - s1: put 201, m99 -> (t:2, i:201), STATEMACHINELOGENTRY, WRITE: logData.size=3, stateMachineData.size=17, logEntryProtoSerializedSize=0
2024-09-15 02:32:26,643 [grpc-default-executor-2] WARN  server.GrpcServerProtocolService (LogUtils.java:warn(123)) - s0: Failed APPEND_ENTRIES request cid=153, isHeartbeat? false
java.util.concurrent.CompletionException: java.util.concurrent.RejectedExecutionException: Task java.util.concurrent.CompletableFuture$AsyncSupply@5923d87d rejected from java.util.concurrent.ThreadPoolExecutor@107aea74[Terminated, pool size = 0, active threads = 0, queued tasks = 0, completed tasks = 0]
	at java.util.concurrent.CompletableFuture.encodeThrowable(CompletableFuture.java:273)
	at java.util.concurrent.CompletableFuture.uniComposeStage(CompletableFuture.java:1005)
	at java.util.concurrent.CompletableFuture.thenCompose(CompletableFuture.java:2137)
	at org.apache.ratis.server.impl.RaftServerProxy.appendEntriesAsync(RaftServerProxy.java:655)
	at org.apache.ratis.grpc.server.GrpcServerProtocolService$1.process(GrpcServerProtocolService.java:307)
	at org.apache.ratis.grpc.server.GrpcServerProtocolService$ServerRequestStreamObserver.onNext(GrpcServerProtocolService.java:174)
	at org.apache.ratis.thirdparty.io.grpc.stub.ServerCalls$StreamingServerCallHandler$StreamingServerCallListener.onMessage(ServerCalls.java:262)
	at org.apache.ratis.thirdparty.io.grpc.internal.ServerCallImpl$ServerStreamListenerImpl.messagesAvailableInternal(ServerCallImpl.java:329)
	at org.apache.ratis.thirdparty.io.grpc.internal.ServerCallImpl$ServerStreamListenerImpl.messagesAvailable(ServerCallImpl.java:314)
	at org.apache.ratis.thirdparty.io.grpc.internal.ServerImpl$JumpToApplicationThreadServerStreamListener$1MessagesAvailable.runInContext(ServerImpl.java:833)
	at org.apache.ratis.thirdparty.io.grpc.internal.ContextRunnable.run(ContextRunnable.java:37)
	at org.apache.ratis.thirdparty.io.grpc.internal.SerializingExecutor.run(SerializingExecutor.java:133)
	at java.util.concurrent.ThreadPoolExecutor.runWorker(ThreadPoolExecutor.java:1149)
	at java.util.concurrent.ThreadPoolExecutor$Worker.run(ThreadPoolExecutor.java:624)
	at java.lang.Thread.run(Thread.java:750)
Caused by: java.util.concurrent.RejectedExecutionException: Task java.util.concurrent.CompletableFuture$AsyncSupply@5923d87d rejected from java.util.concurrent.ThreadPoolExecutor@107aea74[Terminated, pool size = 0, active threads = 0, queued tasks = 0, completed tasks = 0]
	at java.util.concurrent.ThreadPoolExecutor$AbortPolicy.rejectedExecution(ThreadPoolExecutor.java:2063)
	at java.util.concurrent.ThreadPoolExecutor.reject(ThreadPoolExecutor.java:830)
	at java.util.concurrent.ThreadPoolExecutor.execute(ThreadPoolExecutor.java:1379)
	at java.util.concurrent.CompletableFuture.asyncSupplyStage(CompletableFuture.java:1618)
	at java.util.concurrent.CompletableFuture.supplyAsync(CompletableFuture.java:1843)
	at org.apache.ratis.server.impl.RaftServerImpl.executeSubmitServerRequestAsync(RaftServerImpl.java:898)
	at org.apache.ratis.server.impl.RaftServerProxy.lambda$appendEntriesAsync$29(RaftServerProxy.java:655)
	at java.util.concurrent.CompletableFuture.uniComposeStage(CompletableFuture.java:995)
	... 13 more
2024-09-15 02:32:26,645 [grpc-default-executor-2] INFO  leader.LogAppender (LogAppenderBase.java:lambda$getNextIndexForError$0(219)) - Decrease nextIndex to 83
2024-09-15 02:32:26,646 [grpc-default-executor-2] INFO  leader.LogAppender (LogAppenderBase.java:lambda$getNextIndexForError$0(219)) - Decrease nextIndex to 83
2024-09-15 02:32:26,646 [grpc-default-executor-2] INFO  leader.FollowerInfo (FollowerInfoImpl.java:info(70)) - s2@group-39FE727B82F7->s0: computeNextIndex nextIndex: updateUnconditionally 202 -> 83
2024-09-15 02:32:26,647 [s2@group-39FE727B82F7-StateMachineUpdater] INFO  impl.SimpleStateMachine4Testing (SimpleStateMachine4Testing.java:applyTransaction(251)) - applyTransaction for log index 203
2024-09-15 02:32:26,647 [s2@group-39FE727B82F7-StateMachineUpdater] INFO  impl.SimpleStateMachine4Testing (SimpleStateMachine4Testing.java:put(207)) - s2: put 203, m100 -> (t:2, i:203), STATEMACHINELOGENTRY, WRITE: logData.size=4, stateMachineData.size=17, logEntryProtoSerializedSize=0
2024-09-15 02:32:26,648 [s1@group-39FE727B82F7-StateMachineUpdater] INFO  impl.SimpleStateMachine4Testing (SimpleStateMachine4Testing.java:applyTransaction(251)) - applyTransaction for log index 203
2024-09-15 02:32:26,648 [s1@group-39FE727B82F7-StateMachineUpdater] INFO  impl.SimpleStateMachine4Testing (SimpleStateMachine4Testing.java:put(207)) - s1: put 203, m100 -> (t:2, i:203), STATEMACHINELOGENTRY, WRITE: logData.size=4, stateMachineData.size=17, logEntryProtoSerializedSize=0
2024-09-15 02:32:26,649 [grpc-default-executor-0] WARN  server.GrpcServerProtocolService (LogUtils.java:warn(123)) - s0: Failed APPEND_ENTRIES request cid=155, isHeartbeat? false
java.util.concurrent.CompletionException: java.util.concurrent.RejectedExecutionException: Task java.util.concurrent.CompletableFuture$AsyncSupply@318d9c5f rejected from java.util.concurrent.ThreadPoolExecutor@107aea74[Terminated, pool size = 0, active threads = 0, queued tasks = 0, completed tasks = 0]
	at java.util.concurrent.CompletableFuture.encodeThrowable(CompletableFuture.java:273)
	at java.util.concurrent.CompletableFuture.uniComposeStage(CompletableFuture.java:1005)
	at java.util.concurrent.CompletableFuture.thenCompose(CompletableFuture.java:2137)
	at org.apache.ratis.server.impl.RaftServerProxy.appendEntriesAsync(RaftServerProxy.java:655)
	at org.apache.ratis.grpc.server.GrpcServerProtocolService$1.process(GrpcServerProtocolService.java:307)
	at org.apache.ratis.grpc.server.GrpcServerProtocolService$ServerRequestStreamObserver.onNext(GrpcServerProtocolService.java:174)
	at org.apache.ratis.thirdparty.io.grpc.stub.ServerCalls$StreamingServerCallHandler$StreamingServerCallListener.onMessage(ServerCalls.java:262)
	at org.apache.ratis.thirdparty.io.grpc.internal.ServerCallImpl$ServerStreamListenerImpl.messagesAvailableInternal(ServerCallImpl.java:329)
	at org.apache.ratis.thirdparty.io.grpc.internal.ServerCallImpl$ServerStreamListenerImpl.messagesAvailable(ServerCallImpl.java:314)
	at org.apache.ratis.thirdparty.io.grpc.internal.ServerImpl$JumpToApplicationThreadServerStreamListener$1MessagesAvailable.runInContext(ServerImpl.java:833)
	at org.apache.ratis.thirdparty.io.grpc.internal.ContextRunnable.run(ContextRunnable.java:37)
	at org.apache.ratis.thirdparty.io.grpc.internal.SerializingExecutor.run(SerializingExecutor.java:133)
	at java.util.concurrent.ThreadPoolExecutor.runWorker(ThreadPoolExecutor.java:1149)
	at java.util.concurrent.ThreadPoolExecutor$Worker.run(ThreadPoolExecutor.java:624)
	at java.lang.Thread.run(Thread.java:750)
Caused by: java.util.concurrent.RejectedExecutionException: Task java.util.concurrent.CompletableFuture$AsyncSupply@318d9c5f rejected from java.util.concurrent.ThreadPoolExecutor@107aea74[Terminated, pool size = 0, active threads = 0, queued tasks = 0, completed tasks = 0]
	at java.util.concurrent.ThreadPoolExecutor$AbortPolicy.rejectedExecution(ThreadPoolExecutor.java:2063)
	at java.util.concurrent.ThreadPoolExecutor.reject(ThreadPoolExecutor.java:830)
	at java.util.concurrent.ThreadPoolExecutor.execute(ThreadPoolExecutor.java:1379)
	at java.util.concurrent.CompletableFuture.asyncSupplyStage(CompletableFuture.java:1618)
	at java.util.concurrent.CompletableFuture.supplyAsync(CompletableFuture.java:1843)
	at org.apache.ratis.server.impl.RaftServerImpl.executeSubmitServerRequestAsync(RaftServerImpl.java:898)
	at org.apache.ratis.server.impl.RaftServerProxy.lambda$appendEntriesAsync$29(RaftServerProxy.java:655)
	at java.util.concurrent.CompletableFuture.uniComposeStage(CompletableFuture.java:995)
	... 13 more
2024-09-15 02:32:26,651 [grpc-default-executor-3] INFO  leader.LogAppender (LogAppenderBase.java:lambda$getNextIndexForError$0(219)) - Decrease nextIndex to 83
2024-09-15 02:32:26,651 [grpc-default-executor-3] INFO  leader.LogAppender (LogAppenderBase.java:lambda$getNextIndexForError$0(219)) - Decrease nextIndex to 83
2024-09-15 02:32:26,651 [grpc-default-executor-3] INFO  leader.FollowerInfo (FollowerInfoImpl.java:info(70)) - s2@group-39FE727B82F7->s0: computeNextIndex nextIndex: updateUnconditionally 204 -> 83
2024-09-15 02:32:26,653 [s2@group-39FE727B82F7-StateMachineUpdater] INFO  impl.SimpleStateMachine4Testing (SimpleStateMachine4Testing.java:applyTransaction(251)) - applyTransaction for log index 205
2024-09-15 02:32:26,653 [s2@group-39FE727B82F7-StateMachineUpdater] INFO  impl.SimpleStateMachine4Testing (SimpleStateMachine4Testing.java:put(207)) - s2: put 205, m101 -> (t:2, i:205), STATEMACHINELOGENTRY, WRITE: logData.size=4, stateMachineData.size=17, logEntryProtoSerializedSize=0
2024-09-15 02:32:26,654 [s1@group-39FE727B82F7-StateMachineUpdater] INFO  impl.SimpleStateMachine4Testing (SimpleStateMachine4Testing.java:applyTransaction(251)) - applyTransaction for log index 205
2024-09-15 02:32:26,654 [s1@group-39FE727B82F7-StateMachineUpdater] INFO  impl.SimpleStateMachine4Testing (SimpleStateMachine4Testing.java:put(207)) - s1: put 205, m101 -> (t:2, i:205), STATEMACHINELOGENTRY, WRITE: logData.size=4, stateMachineData.size=17, logEntryProtoSerializedSize=0
2024-09-15 02:32:26,655 [grpc-default-executor-0] WARN  server.GrpcServerProtocolService (LogUtils.java:warn(123)) - s0: Failed APPEND_ENTRIES request cid=158, isHeartbeat? false
java.util.concurrent.CompletionException: java.util.concurrent.RejectedExecutionException: Task java.util.concurrent.CompletableFuture$AsyncSupply@71b92eb0 rejected from java.util.concurrent.ThreadPoolExecutor@107aea74[Terminated, pool size = 0, active threads = 0, queued tasks = 0, completed tasks = 0]
	at java.util.concurrent.CompletableFuture.encodeThrowable(CompletableFuture.java:273)
	at java.util.concurrent.CompletableFuture.uniComposeStage(CompletableFuture.java:1005)
	at java.util.concurrent.CompletableFuture.thenCompose(CompletableFuture.java:2137)
	at org.apache.ratis.server.impl.RaftServerProxy.appendEntriesAsync(RaftServerProxy.java:655)
	at org.apache.ratis.grpc.server.GrpcServerProtocolService$1.process(GrpcServerProtocolService.java:307)
	at org.apache.ratis.grpc.server.GrpcServerProtocolService$ServerRequestStreamObserver.onNext(GrpcServerProtocolService.java:174)
	at org.apache.ratis.thirdparty.io.grpc.stub.ServerCalls$StreamingServerCallHandler$StreamingServerCallListener.onMessage(ServerCalls.java:262)
	at org.apache.ratis.thirdparty.io.grpc.internal.ServerCallImpl$ServerStreamListenerImpl.messagesAvailableInternal(ServerCallImpl.java:329)
	at org.apache.ratis.thirdparty.io.grpc.internal.ServerCallImpl$ServerStreamListenerImpl.messagesAvailable(ServerCallImpl.java:314)
	at org.apache.ratis.thirdparty.io.grpc.internal.ServerImpl$JumpToApplicationThreadServerStreamListener$1MessagesAvailable.runInContext(ServerImpl.java:833)
	at org.apache.ratis.thirdparty.io.grpc.internal.ContextRunnable.run(ContextRunnable.java:37)
	at org.apache.ratis.thirdparty.io.grpc.internal.SerializingExecutor.run(SerializingExecutor.java:133)
	at java.util.concurrent.ThreadPoolExecutor.runWorker(ThreadPoolExecutor.java:1149)
	at java.util.concurrent.ThreadPoolExecutor$Worker.run(ThreadPoolExecutor.java:624)
	at java.lang.Thread.run(Thread.java:750)
Caused by: java.util.concurrent.RejectedExecutionException: Task java.util.concurrent.CompletableFuture$AsyncSupply@71b92eb0 rejected from java.util.concurrent.ThreadPoolExecutor@107aea74[Terminated, pool size = 0, active threads = 0, queued tasks = 0, completed tasks = 0]
	at java.util.concurrent.ThreadPoolExecutor$AbortPolicy.rejectedExecution(ThreadPoolExecutor.java:2063)
	at java.util.concurrent.ThreadPoolExecutor.reject(ThreadPoolExecutor.java:830)
	at java.util.concurrent.ThreadPoolExecutor.execute(ThreadPoolExecutor.java:1379)
	at java.util.concurrent.CompletableFuture.asyncSupplyStage(CompletableFuture.java:1618)
	at java.util.concurrent.CompletableFuture.supplyAsync(CompletableFuture.java:1843)
	at org.apache.ratis.server.impl.RaftServerImpl.executeSubmitServerRequestAsync(RaftServerImpl.java:898)
	at org.apache.ratis.server.impl.RaftServerProxy.lambda$appendEntriesAsync$29(RaftServerProxy.java:655)
	at java.util.concurrent.CompletableFuture.uniComposeStage(CompletableFuture.java:995)
	... 13 more
2024-09-15 02:32:26,657 [grpc-default-executor-0] INFO  leader.LogAppender (LogAppenderBase.java:lambda$getNextIndexForError$0(219)) - Decrease nextIndex to 83
2024-09-15 02:32:26,657 [grpc-default-executor-0] INFO  leader.LogAppender (LogAppenderBase.java:lambda$getNextIndexForError$0(219)) - Decrease nextIndex to 83
2024-09-15 02:32:26,657 [grpc-default-executor-0] INFO  leader.FollowerInfo (FollowerInfoImpl.java:info(70)) - s2@group-39FE727B82F7->s0: computeNextIndex nextIndex: updateUnconditionally 207 -> 83
2024-09-15 02:32:26,659 [s2@group-39FE727B82F7-StateMachineUpdater] INFO  impl.SimpleStateMachine4Testing (SimpleStateMachine4Testing.java:applyTransaction(251)) - applyTransaction for log index 207
2024-09-15 02:32:26,660 [s2@group-39FE727B82F7-StateMachineUpdater] INFO  impl.SimpleStateMachine4Testing (SimpleStateMachine4Testing.java:put(207)) - s2: put 207, m102 -> (t:2, i:207), STATEMACHINELOGENTRY, WRITE: logData.size=4, stateMachineData.size=17, logEntryProtoSerializedSize=0
2024-09-15 02:32:26,661 [s1@group-39FE727B82F7-StateMachineUpdater] INFO  impl.SimpleStateMachine4Testing (SimpleStateMachine4Testing.java:applyTransaction(251)) - applyTransaction for log index 207
2024-09-15 02:32:26,661 [s1@group-39FE727B82F7-StateMachineUpdater] INFO  impl.SimpleStateMachine4Testing (SimpleStateMachine4Testing.java:put(207)) - s1: put 207, m102 -> (t:2, i:207), STATEMACHINELOGENTRY, WRITE: logData.size=4, stateMachineData.size=17, logEntryProtoSerializedSize=0
2024-09-15 02:32:26,661 [grpc-default-executor-2] WARN  server.GrpcServerProtocolService (LogUtils.java:warn(123)) - s0: Failed APPEND_ENTRIES request cid=159, isHeartbeat? false
java.util.concurrent.CompletionException: java.util.concurrent.RejectedExecutionException: Task java.util.concurrent.CompletableFuture$AsyncSupply@357ecb50 rejected from java.util.concurrent.ThreadPoolExecutor@107aea74[Terminated, pool size = 0, active threads = 0, queued tasks = 0, completed tasks = 0]
	at java.util.concurrent.CompletableFuture.encodeThrowable(CompletableFuture.java:273)
	at java.util.concurrent.CompletableFuture.uniComposeStage(CompletableFuture.java:1005)
	at java.util.concurrent.CompletableFuture.thenCompose(CompletableFuture.java:2137)
	at org.apache.ratis.server.impl.RaftServerProxy.appendEntriesAsync(RaftServerProxy.java:655)
	at org.apache.ratis.grpc.server.GrpcServerProtocolService$1.process(GrpcServerProtocolService.java:307)
	at org.apache.ratis.grpc.server.GrpcServerProtocolService$ServerRequestStreamObserver.onNext(GrpcServerProtocolService.java:174)
	at org.apache.ratis.thirdparty.io.grpc.stub.ServerCalls$StreamingServerCallHandler$StreamingServerCallListener.onMessage(ServerCalls.java:262)
	at org.apache.ratis.thirdparty.io.grpc.internal.ServerCallImpl$ServerStreamListenerImpl.messagesAvailableInternal(ServerCallImpl.java:329)
	at org.apache.ratis.thirdparty.io.grpc.internal.ServerCallImpl$ServerStreamListenerImpl.messagesAvailable(ServerCallImpl.java:314)
	at org.apache.ratis.thirdparty.io.grpc.internal.ServerImpl$JumpToApplicationThreadServerStreamListener$1MessagesAvailable.runInContext(ServerImpl.java:833)
	at org.apache.ratis.thirdparty.io.grpc.internal.ContextRunnable.run(ContextRunnable.java:37)
	at org.apache.ratis.thirdparty.io.grpc.internal.SerializingExecutor.run(SerializingExecutor.java:133)
	at java.util.concurrent.ThreadPoolExecutor.runWorker(ThreadPoolExecutor.java:1149)
	at java.util.concurrent.ThreadPoolExecutor$Worker.run(ThreadPoolExecutor.java:624)
	at java.lang.Thread.run(Thread.java:750)
Caused by: java.util.concurrent.RejectedExecutionException: Task java.util.concurrent.CompletableFuture$AsyncSupply@357ecb50 rejected from java.util.concurrent.ThreadPoolExecutor@107aea74[Terminated, pool size = 0, active threads = 0, queued tasks = 0, completed tasks = 0]
	at java.util.concurrent.ThreadPoolExecutor$AbortPolicy.rejectedExecution(ThreadPoolExecutor.java:2063)
	at java.util.concurrent.ThreadPoolExecutor.reject(ThreadPoolExecutor.java:830)
	at java.util.concurrent.ThreadPoolExecutor.execute(ThreadPoolExecutor.java:1379)
	at java.util.concurrent.CompletableFuture.asyncSupplyStage(CompletableFuture.java:1618)
	at java.util.concurrent.CompletableFuture.supplyAsync(CompletableFuture.java:1843)
	at org.apache.ratis.server.impl.RaftServerImpl.executeSubmitServerRequestAsync(RaftServerImpl.java:898)
	at org.apache.ratis.server.impl.RaftServerProxy.lambda$appendEntriesAsync$29(RaftServerProxy.java:655)
	at java.util.concurrent.CompletableFuture.uniComposeStage(CompletableFuture.java:995)
	... 13 more
2024-09-15 02:32:26,664 [grpc-default-executor-0] INFO  leader.LogAppender (LogAppenderBase.java:lambda$getNextIndexForError$0(219)) - Decrease nextIndex to 83
2024-09-15 02:32:26,664 [grpc-default-executor-0] INFO  leader.LogAppender (LogAppenderBase.java:lambda$getNextIndexForError$0(219)) - Decrease nextIndex to 83
2024-09-15 02:32:26,664 [grpc-default-executor-0] INFO  leader.FollowerInfo (FollowerInfoImpl.java:info(70)) - s2@group-39FE727B82F7->s0: computeNextIndex nextIndex: updateUnconditionally 208 -> 83
2024-09-15 02:32:26,667 [s2@group-39FE727B82F7-StateMachineUpdater] INFO  impl.SimpleStateMachine4Testing (SimpleStateMachine4Testing.java:applyTransaction(251)) - applyTransaction for log index 209
2024-09-15 02:32:26,667 [s2@group-39FE727B82F7-StateMachineUpdater] INFO  impl.SimpleStateMachine4Testing (SimpleStateMachine4Testing.java:put(207)) - s2: put 209, m103 -> (t:2, i:209), STATEMACHINELOGENTRY, WRITE: logData.size=4, stateMachineData.size=17, logEntryProtoSerializedSize=0
2024-09-15 02:32:26,668 [grpc-default-executor-2] WARN  server.GrpcServerProtocolService (LogUtils.java:warn(123)) - s0: Failed APPEND_ENTRIES request cid=161, isHeartbeat? false
java.util.concurrent.CompletionException: java.util.concurrent.RejectedExecutionException: Task java.util.concurrent.CompletableFuture$AsyncSupply@7828790c rejected from java.util.concurrent.ThreadPoolExecutor@107aea74[Terminated, pool size = 0, active threads = 0, queued tasks = 0, completed tasks = 0]
	at java.util.concurrent.CompletableFuture.encodeThrowable(CompletableFuture.java:273)
	at java.util.concurrent.CompletableFuture.uniComposeStage(CompletableFuture.java:1005)
	at java.util.concurrent.CompletableFuture.thenCompose(CompletableFuture.java:2137)
	at org.apache.ratis.server.impl.RaftServerProxy.appendEntriesAsync(RaftServerProxy.java:655)
	at org.apache.ratis.grpc.server.GrpcServerProtocolService$1.process(GrpcServerProtocolService.java:307)
	at org.apache.ratis.grpc.server.GrpcServerProtocolService$ServerRequestStreamObserver.onNext(GrpcServerProtocolService.java:174)
	at org.apache.ratis.thirdparty.io.grpc.stub.ServerCalls$StreamingServerCallHandler$StreamingServerCallListener.onMessage(ServerCalls.java:262)
	at org.apache.ratis.thirdparty.io.grpc.internal.ServerCallImpl$ServerStreamListenerImpl.messagesAvailableInternal(ServerCallImpl.java:329)
	at org.apache.ratis.thirdparty.io.grpc.internal.ServerCallImpl$ServerStreamListenerImpl.messagesAvailable(ServerCallImpl.java:314)
	at org.apache.ratis.thirdparty.io.grpc.internal.ServerImpl$JumpToApplicationThreadServerStreamListener$1MessagesAvailable.runInContext(ServerImpl.java:833)
	at org.apache.ratis.thirdparty.io.grpc.internal.ContextRunnable.run(ContextRunnable.java:37)
	at org.apache.ratis.thirdparty.io.grpc.internal.SerializingExecutor.run(SerializingExecutor.java:133)
	at java.util.concurrent.ThreadPoolExecutor.runWorker(ThreadPoolExecutor.java:1149)
	at java.util.concurrent.ThreadPoolExecutor$Worker.run(ThreadPoolExecutor.java:624)
	at java.lang.Thread.run(Thread.java:750)
Caused by: java.util.concurrent.RejectedExecutionException: Task java.util.concurrent.CompletableFuture$AsyncSupply@7828790c rejected from java.util.concurrent.ThreadPoolExecutor@107aea74[Terminated, pool size = 0, active threads = 0, queued tasks = 0, completed tasks = 0]
	at java.util.concurrent.ThreadPoolExecutor$AbortPolicy.rejectedExecution(ThreadPoolExecutor.java:2063)
	at java.util.concurrent.ThreadPoolExecutor.reject(ThreadPoolExecutor.java:830)
	at java.util.concurrent.ThreadPoolExecutor.execute(ThreadPoolExecutor.java:1379)
	at java.util.concurrent.CompletableFuture.asyncSupplyStage(CompletableFuture.java:1618)
	at java.util.concurrent.CompletableFuture.supplyAsync(CompletableFuture.java:1843)
	at org.apache.ratis.server.impl.RaftServerImpl.executeSubmitServerRequestAsync(RaftServerImpl.java:898)
	at org.apache.ratis.server.impl.RaftServerProxy.lambda$appendEntriesAsync$29(RaftServerProxy.java:655)
	at java.util.concurrent.CompletableFuture.uniComposeStage(CompletableFuture.java:995)
	... 13 more
2024-09-15 02:32:26,668 [s1@group-39FE727B82F7-StateMachineUpdater] INFO  impl.SimpleStateMachine4Testing (SimpleStateMachine4Testing.java:applyTransaction(251)) - applyTransaction for log index 209
2024-09-15 02:32:26,669 [s1@group-39FE727B82F7-StateMachineUpdater] INFO  impl.SimpleStateMachine4Testing (SimpleStateMachine4Testing.java:put(207)) - s1: put 209, m103 -> (t:2, i:209), STATEMACHINELOGENTRY, WRITE: logData.size=4, stateMachineData.size=17, logEntryProtoSerializedSize=0
2024-09-15 02:32:26,671 [grpc-default-executor-2] INFO  leader.LogAppender (LogAppenderBase.java:lambda$getNextIndexForError$0(219)) - Decrease nextIndex to 83
2024-09-15 02:32:26,671 [grpc-default-executor-2] INFO  leader.LogAppender (LogAppenderBase.java:lambda$getNextIndexForError$0(219)) - Decrease nextIndex to 83
2024-09-15 02:32:26,671 [grpc-default-executor-2] INFO  leader.FollowerInfo (FollowerInfoImpl.java:info(70)) - s2@group-39FE727B82F7->s0: computeNextIndex nextIndex: updateUnconditionally 210 -> 83
2024-09-15 02:32:26,677 [s2@group-39FE727B82F7-StateMachineUpdater] INFO  impl.SimpleStateMachine4Testing (SimpleStateMachine4Testing.java:applyTransaction(251)) - applyTransaction for log index 211
2024-09-15 02:32:26,677 [s2@group-39FE727B82F7-StateMachineUpdater] INFO  impl.SimpleStateMachine4Testing (SimpleStateMachine4Testing.java:put(207)) - s2: put 211, m104 -> (t:2, i:211), STATEMACHINELOGENTRY, WRITE: logData.size=4, stateMachineData.size=17, logEntryProtoSerializedSize=0
2024-09-15 02:32:26,679 [s1@group-39FE727B82F7-StateMachineUpdater] INFO  impl.SimpleStateMachine4Testing (SimpleStateMachine4Testing.java:applyTransaction(251)) - applyTransaction for log index 211
2024-09-15 02:32:26,679 [s1@group-39FE727B82F7-StateMachineUpdater] INFO  impl.SimpleStateMachine4Testing (SimpleStateMachine4Testing.java:put(207)) - s1: put 211, m104 -> (t:2, i:211), STATEMACHINELOGENTRY, WRITE: logData.size=4, stateMachineData.size=17, logEntryProtoSerializedSize=0
2024-09-15 02:32:26,680 [grpc-default-executor-0] WARN  server.GrpcServerProtocolService (LogUtils.java:warn(123)) - s0: Failed APPEND_ENTRIES request cid=164, isHeartbeat? false
java.util.concurrent.CompletionException: java.util.concurrent.RejectedExecutionException: Task java.util.concurrent.CompletableFuture$AsyncSupply@28d001a8 rejected from java.util.concurrent.ThreadPoolExecutor@107aea74[Terminated, pool size = 0, active threads = 0, queued tasks = 0, completed tasks = 0]
	at java.util.concurrent.CompletableFuture.encodeThrowable(CompletableFuture.java:273)
	at java.util.concurrent.CompletableFuture.uniComposeStage(CompletableFuture.java:1005)
	at java.util.concurrent.CompletableFuture.thenCompose(CompletableFuture.java:2137)
	at org.apache.ratis.server.impl.RaftServerProxy.appendEntriesAsync(RaftServerProxy.java:655)
	at org.apache.ratis.grpc.server.GrpcServerProtocolService$1.process(GrpcServerProtocolService.java:307)
	at org.apache.ratis.grpc.server.GrpcServerProtocolService$ServerRequestStreamObserver.onNext(GrpcServerProtocolService.java:174)
	at org.apache.ratis.thirdparty.io.grpc.stub.ServerCalls$StreamingServerCallHandler$StreamingServerCallListener.onMessage(ServerCalls.java:262)
	at org.apache.ratis.thirdparty.io.grpc.internal.ServerCallImpl$ServerStreamListenerImpl.messagesAvailableInternal(ServerCallImpl.java:329)
	at org.apache.ratis.thirdparty.io.grpc.internal.ServerCallImpl$ServerStreamListenerImpl.messagesAvailable(ServerCallImpl.java:314)
	at org.apache.ratis.thirdparty.io.grpc.internal.ServerImpl$JumpToApplicationThreadServerStreamListener$1MessagesAvailable.runInContext(ServerImpl.java:833)
	at org.apache.ratis.thirdparty.io.grpc.internal.ContextRunnable.run(ContextRunnable.java:37)
	at org.apache.ratis.thirdparty.io.grpc.internal.SerializingExecutor.run(SerializingExecutor.java:133)
	at java.util.concurrent.ThreadPoolExecutor.runWorker(ThreadPoolExecutor.java:1149)
	at java.util.concurrent.ThreadPoolExecutor$Worker.run(ThreadPoolExecutor.java:624)
	at java.lang.Thread.run(Thread.java:750)
Caused by: java.util.concurrent.RejectedExecutionException: Task java.util.concurrent.CompletableFuture$AsyncSupply@28d001a8 rejected from java.util.concurrent.ThreadPoolExecutor@107aea74[Terminated, pool size = 0, active threads = 0, queued tasks = 0, completed tasks = 0]
	at java.util.concurrent.ThreadPoolExecutor$AbortPolicy.rejectedExecution(ThreadPoolExecutor.java:2063)
	at java.util.concurrent.ThreadPoolExecutor.reject(ThreadPoolExecutor.java:830)
	at java.util.concurrent.ThreadPoolExecutor.execute(ThreadPoolExecutor.java:1379)
	at java.util.concurrent.CompletableFuture.asyncSupplyStage(CompletableFuture.java:1618)
	at java.util.concurrent.CompletableFuture.supplyAsync(CompletableFuture.java:1843)
	at org.apache.ratis.server.impl.RaftServerImpl.executeSubmitServerRequestAsync(RaftServerImpl.java:898)
	at org.apache.ratis.server.impl.RaftServerProxy.lambda$appendEntriesAsync$29(RaftServerProxy.java:655)
	at java.util.concurrent.CompletableFuture.uniComposeStage(CompletableFuture.java:995)
	... 13 more
2024-09-15 02:32:26,683 [grpc-default-executor-2] INFO  leader.LogAppender (LogAppenderBase.java:lambda$getNextIndexForError$0(219)) - Decrease nextIndex to 83
2024-09-15 02:32:26,683 [grpc-default-executor-2] INFO  leader.LogAppender (LogAppenderBase.java:lambda$getNextIndexForError$0(219)) - Decrease nextIndex to 83
2024-09-15 02:32:26,683 [grpc-default-executor-2] INFO  leader.FollowerInfo (FollowerInfoImpl.java:info(70)) - s2@group-39FE727B82F7->s0: computeNextIndex nextIndex: updateUnconditionally 212 -> 83
2024-09-15 02:32:26,685 [s2@group-39FE727B82F7-StateMachineUpdater] INFO  impl.SimpleStateMachine4Testing (SimpleStateMachine4Testing.java:applyTransaction(251)) - applyTransaction for log index 213
2024-09-15 02:32:26,685 [s2@group-39FE727B82F7-StateMachineUpdater] INFO  impl.SimpleStateMachine4Testing (SimpleStateMachine4Testing.java:put(207)) - s2: put 213, m105 -> (t:2, i:213), STATEMACHINELOGENTRY, WRITE: logData.size=4, stateMachineData.size=17, logEntryProtoSerializedSize=0
2024-09-15 02:32:26,687 [s1@group-39FE727B82F7-StateMachineUpdater] INFO  impl.SimpleStateMachine4Testing (SimpleStateMachine4Testing.java:applyTransaction(251)) - applyTransaction for log index 213
2024-09-15 02:32:26,687 [s1@group-39FE727B82F7-StateMachineUpdater] INFO  impl.SimpleStateMachine4Testing (SimpleStateMachine4Testing.java:put(207)) - s1: put 213, m105 -> (t:2, i:213), STATEMACHINELOGENTRY, WRITE: logData.size=4, stateMachineData.size=17, logEntryProtoSerializedSize=0
2024-09-15 02:32:26,688 [grpc-default-executor-2] WARN  server.GrpcServerProtocolService (LogUtils.java:warn(123)) - s0: Failed APPEND_ENTRIES request cid=166, isHeartbeat? false
java.util.concurrent.CompletionException: java.util.concurrent.RejectedExecutionException: Task java.util.concurrent.CompletableFuture$AsyncSupply@205ea59f rejected from java.util.concurrent.ThreadPoolExecutor@107aea74[Terminated, pool size = 0, active threads = 0, queued tasks = 0, completed tasks = 0]
	at java.util.concurrent.CompletableFuture.encodeThrowable(CompletableFuture.java:273)
	at java.util.concurrent.CompletableFuture.uniComposeStage(CompletableFuture.java:1005)
	at java.util.concurrent.CompletableFuture.thenCompose(CompletableFuture.java:2137)
	at org.apache.ratis.server.impl.RaftServerProxy.appendEntriesAsync(RaftServerProxy.java:655)
	at org.apache.ratis.grpc.server.GrpcServerProtocolService$1.process(GrpcServerProtocolService.java:307)
	at org.apache.ratis.grpc.server.GrpcServerProtocolService$ServerRequestStreamObserver.onNext(GrpcServerProtocolService.java:174)
	at org.apache.ratis.thirdparty.io.grpc.stub.ServerCalls$StreamingServerCallHandler$StreamingServerCallListener.onMessage(ServerCalls.java:262)
	at org.apache.ratis.thirdparty.io.grpc.internal.ServerCallImpl$ServerStreamListenerImpl.messagesAvailableInternal(ServerCallImpl.java:329)
	at org.apache.ratis.thirdparty.io.grpc.internal.ServerCallImpl$ServerStreamListenerImpl.messagesAvailable(ServerCallImpl.java:314)
	at org.apache.ratis.thirdparty.io.grpc.internal.ServerImpl$JumpToApplicationThreadServerStreamListener$1MessagesAvailable.runInContext(ServerImpl.java:833)
	at org.apache.ratis.thirdparty.io.grpc.internal.ContextRunnable.run(ContextRunnable.java:37)
	at org.apache.ratis.thirdparty.io.grpc.internal.SerializingExecutor.run(SerializingExecutor.java:133)
	at java.util.concurrent.ThreadPoolExecutor.runWorker(ThreadPoolExecutor.java:1149)
	at java.util.concurrent.ThreadPoolExecutor$Worker.run(ThreadPoolExecutor.java:624)
	at java.lang.Thread.run(Thread.java:750)
Caused by: java.util.concurrent.RejectedExecutionException: Task java.util.concurrent.CompletableFuture$AsyncSupply@205ea59f rejected from java.util.concurrent.ThreadPoolExecutor@107aea74[Terminated, pool size = 0, active threads = 0, queued tasks = 0, completed tasks = 0]
	at java.util.concurrent.ThreadPoolExecutor$AbortPolicy.rejectedExecution(ThreadPoolExecutor.java:2063)
	at java.util.concurrent.ThreadPoolExecutor.reject(ThreadPoolExecutor.java:830)
	at java.util.concurrent.ThreadPoolExecutor.execute(ThreadPoolExecutor.java:1379)
	at java.util.concurrent.CompletableFuture.asyncSupplyStage(CompletableFuture.java:1618)
	at java.util.concurrent.CompletableFuture.supplyAsync(CompletableFuture.java:1843)
	at org.apache.ratis.server.impl.RaftServerImpl.executeSubmitServerRequestAsync(RaftServerImpl.java:898)
	at org.apache.ratis.server.impl.RaftServerProxy.lambda$appendEntriesAsync$29(RaftServerProxy.java:655)
	at java.util.concurrent.CompletableFuture.uniComposeStage(CompletableFuture.java:995)
	... 13 more
2024-09-15 02:32:26,690 [grpc-default-executor-2] INFO  leader.LogAppender (LogAppenderBase.java:lambda$getNextIndexForError$0(219)) - Decrease nextIndex to 83
2024-09-15 02:32:26,690 [grpc-default-executor-2] INFO  leader.LogAppender (LogAppenderBase.java:lambda$getNextIndexForError$0(219)) - Decrease nextIndex to 83
2024-09-15 02:32:26,690 [grpc-default-executor-2] INFO  leader.FollowerInfo (FollowerInfoImpl.java:info(70)) - s2@group-39FE727B82F7->s0: computeNextIndex nextIndex: updateUnconditionally 214 -> 83
2024-09-15 02:32:26,692 [s2@group-39FE727B82F7-StateMachineUpdater] INFO  impl.SimpleStateMachine4Testing (SimpleStateMachine4Testing.java:applyTransaction(251)) - applyTransaction for log index 215
2024-09-15 02:32:26,692 [s2@group-39FE727B82F7-StateMachineUpdater] INFO  impl.SimpleStateMachine4Testing (SimpleStateMachine4Testing.java:put(207)) - s2: put 215, m106 -> (t:2, i:215), STATEMACHINELOGENTRY, WRITE: logData.size=4, stateMachineData.size=17, logEntryProtoSerializedSize=0
2024-09-15 02:32:26,694 [grpc-default-executor-0] WARN  server.GrpcServerProtocolService (LogUtils.java:warn(123)) - s0: Failed APPEND_ENTRIES request cid=169, isHeartbeat? false
java.util.concurrent.CompletionException: java.util.concurrent.RejectedExecutionException: Task java.util.concurrent.CompletableFuture$AsyncSupply@547fbfe rejected from java.util.concurrent.ThreadPoolExecutor@107aea74[Terminated, pool size = 0, active threads = 0, queued tasks = 0, completed tasks = 0]
	at java.util.concurrent.CompletableFuture.encodeThrowable(CompletableFuture.java:273)
	at java.util.concurrent.CompletableFuture.uniComposeStage(CompletableFuture.java:1005)
	at java.util.concurrent.CompletableFuture.thenCompose(CompletableFuture.java:2137)
	at org.apache.ratis.server.impl.RaftServerProxy.appendEntriesAsync(RaftServerProxy.java:655)
	at org.apache.ratis.grpc.server.GrpcServerProtocolService$1.process(GrpcServerProtocolService.java:307)
	at org.apache.ratis.grpc.server.GrpcServerProtocolService$ServerRequestStreamObserver.onNext(GrpcServerProtocolService.java:174)
	at org.apache.ratis.thirdparty.io.grpc.stub.ServerCalls$StreamingServerCallHandler$StreamingServerCallListener.onMessage(ServerCalls.java:262)
	at org.apache.ratis.thirdparty.io.grpc.internal.ServerCallImpl$ServerStreamListenerImpl.messagesAvailableInternal(ServerCallImpl.java:329)
	at org.apache.ratis.thirdparty.io.grpc.internal.ServerCallImpl$ServerStreamListenerImpl.messagesAvailable(ServerCallImpl.java:314)
	at org.apache.ratis.thirdparty.io.grpc.internal.ServerImpl$JumpToApplicationThreadServerStreamListener$1MessagesAvailable.runInContext(ServerImpl.java:833)
	at org.apache.ratis.thirdparty.io.grpc.internal.ContextRunnable.run(ContextRunnable.java:37)
	at org.apache.ratis.thirdparty.io.grpc.internal.SerializingExecutor.run(SerializingExecutor.java:133)
	at java.util.concurrent.ThreadPoolExecutor.runWorker(ThreadPoolExecutor.java:1149)
	at java.util.concurrent.ThreadPoolExecutor$Worker.run(ThreadPoolExecutor.java:624)
	at java.lang.Thread.run(Thread.java:750)
Caused by: java.util.concurrent.RejectedExecutionException: Task java.util.concurrent.CompletableFuture$AsyncSupply@547fbfe rejected from java.util.concurrent.ThreadPoolExecutor@107aea74[Terminated, pool size = 0, active threads = 0, queued tasks = 0, completed tasks = 0]
	at java.util.concurrent.ThreadPoolExecutor$AbortPolicy.rejectedExecution(ThreadPoolExecutor.java:2063)
	at java.util.concurrent.ThreadPoolExecutor.reject(ThreadPoolExecutor.java:830)
	at java.util.concurrent.ThreadPoolExecutor.execute(ThreadPoolExecutor.java:1379)
	at java.util.concurrent.CompletableFuture.asyncSupplyStage(CompletableFuture.java:1618)
	at java.util.concurrent.CompletableFuture.supplyAsync(CompletableFuture.java:1843)
	at org.apache.ratis.server.impl.RaftServerImpl.executeSubmitServerRequestAsync(RaftServerImpl.java:898)
	at org.apache.ratis.server.impl.RaftServerProxy.lambda$appendEntriesAsync$29(RaftServerProxy.java:655)
	at java.util.concurrent.CompletableFuture.uniComposeStage(CompletableFuture.java:995)
	... 13 more
2024-09-15 02:32:26,694 [s1@group-39FE727B82F7-StateMachineUpdater] INFO  impl.SimpleStateMachine4Testing (SimpleStateMachine4Testing.java:applyTransaction(251)) - applyTransaction for log index 215
2024-09-15 02:32:26,695 [s1@group-39FE727B82F7-StateMachineUpdater] INFO  impl.SimpleStateMachine4Testing (SimpleStateMachine4Testing.java:put(207)) - s1: put 215, m106 -> (t:2, i:215), STATEMACHINELOGENTRY, WRITE: logData.size=4, stateMachineData.size=17, logEntryProtoSerializedSize=0
2024-09-15 02:32:26,697 [s2@group-39FE727B82F7-StateMachineUpdater] INFO  impl.SimpleStateMachine4Testing (SimpleStateMachine4Testing.java:applyTransaction(251)) - applyTransaction for log index 217
2024-09-15 02:32:26,697 [s2@group-39FE727B82F7-StateMachineUpdater] INFO  impl.SimpleStateMachine4Testing (SimpleStateMachine4Testing.java:put(207)) - s2: put 217, m107 -> (t:2, i:217), STATEMACHINELOGENTRY, WRITE: logData.size=4, stateMachineData.size=17, logEntryProtoSerializedSize=0
2024-09-15 02:32:26,698 [grpc-default-executor-2] INFO  leader.LogAppender (LogAppenderBase.java:lambda$getNextIndexForError$0(219)) - Decrease nextIndex to 83
2024-09-15 02:32:26,698 [grpc-default-executor-2] INFO  leader.LogAppender (LogAppenderBase.java:lambda$getNextIndexForError$0(219)) - Decrease nextIndex to 83
2024-09-15 02:32:26,698 [grpc-default-executor-2] INFO  leader.FollowerInfo (FollowerInfoImpl.java:info(70)) - s2@group-39FE727B82F7->s0: computeNextIndex nextIndex: updateUnconditionally 216 -> 83
2024-09-15 02:32:26,699 [s1@group-39FE727B82F7-StateMachineUpdater] INFO  impl.SimpleStateMachine4Testing (SimpleStateMachine4Testing.java:applyTransaction(251)) - applyTransaction for log index 217
2024-09-15 02:32:26,699 [s1@group-39FE727B82F7-StateMachineUpdater] INFO  impl.SimpleStateMachine4Testing (SimpleStateMachine4Testing.java:put(207)) - s1: put 217, m107 -> (t:2, i:217), STATEMACHINELOGENTRY, WRITE: logData.size=4, stateMachineData.size=17, logEntryProtoSerializedSize=0
2024-09-15 02:32:26,702 [s2@group-39FE727B82F7-StateMachineUpdater] INFO  impl.SimpleStateMachine4Testing (SimpleStateMachine4Testing.java:applyTransaction(251)) - applyTransaction for log index 219
2024-09-15 02:32:26,702 [s2@group-39FE727B82F7-StateMachineUpdater] INFO  impl.SimpleStateMachine4Testing (SimpleStateMachine4Testing.java:put(207)) - s2: put 219, m108 -> (t:2, i:219), STATEMACHINELOGENTRY, WRITE: logData.size=4, stateMachineData.size=17, logEntryProtoSerializedSize=0
2024-09-15 02:32:26,703 [s1@group-39FE727B82F7-StateMachineUpdater] INFO  impl.SimpleStateMachine4Testing (SimpleStateMachine4Testing.java:applyTransaction(251)) - applyTransaction for log index 219
2024-09-15 02:32:26,703 [s1@group-39FE727B82F7-StateMachineUpdater] INFO  impl.SimpleStateMachine4Testing (SimpleStateMachine4Testing.java:put(207)) - s1: put 219, m108 -> (t:2, i:219), STATEMACHINELOGENTRY, WRITE: logData.size=4, stateMachineData.size=17, logEntryProtoSerializedSize=0
2024-09-15 02:32:26,704 [grpc-default-executor-2] WARN  server.GrpcServerProtocolService (LogUtils.java:warn(123)) - s0: Failed APPEND_ENTRIES request cid=173, isHeartbeat? false
java.util.concurrent.CompletionException: java.util.concurrent.RejectedExecutionException: Task java.util.concurrent.CompletableFuture$AsyncSupply@5a32ad94 rejected from java.util.concurrent.ThreadPoolExecutor@107aea74[Terminated, pool size = 0, active threads = 0, queued tasks = 0, completed tasks = 0]
	at java.util.concurrent.CompletableFuture.encodeThrowable(CompletableFuture.java:273)
	at java.util.concurrent.CompletableFuture.uniComposeStage(CompletableFuture.java:1005)
	at java.util.concurrent.CompletableFuture.thenCompose(CompletableFuture.java:2137)
	at org.apache.ratis.server.impl.RaftServerProxy.appendEntriesAsync(RaftServerProxy.java:655)
	at org.apache.ratis.grpc.server.GrpcServerProtocolService$1.process(GrpcServerProtocolService.java:307)
	at org.apache.ratis.grpc.server.GrpcServerProtocolService$ServerRequestStreamObserver.onNext(GrpcServerProtocolService.java:174)
	at org.apache.ratis.thirdparty.io.grpc.stub.ServerCalls$StreamingServerCallHandler$StreamingServerCallListener.onMessage(ServerCalls.java:262)
	at org.apache.ratis.thirdparty.io.grpc.internal.ServerCallImpl$ServerStreamListenerImpl.messagesAvailableInternal(ServerCallImpl.java:329)
	at org.apache.ratis.thirdparty.io.grpc.internal.ServerCallImpl$ServerStreamListenerImpl.messagesAvailable(ServerCallImpl.java:314)
	at org.apache.ratis.thirdparty.io.grpc.internal.ServerImpl$JumpToApplicationThreadServerStreamListener$1MessagesAvailable.runInContext(ServerImpl.java:833)
	at org.apache.ratis.thirdparty.io.grpc.internal.ContextRunnable.run(ContextRunnable.java:37)
	at org.apache.ratis.thirdparty.io.grpc.internal.SerializingExecutor.run(SerializingExecutor.java:133)
	at java.util.concurrent.ThreadPoolExecutor.runWorker(ThreadPoolExecutor.java:1149)
	at java.util.concurrent.ThreadPoolExecutor$Worker.run(ThreadPoolExecutor.java:624)
	at java.lang.Thread.run(Thread.java:750)
Caused by: java.util.concurrent.RejectedExecutionException: Task java.util.concurrent.CompletableFuture$AsyncSupply@5a32ad94 rejected from java.util.concurrent.ThreadPoolExecutor@107aea74[Terminated, pool size = 0, active threads = 0, queued tasks = 0, completed tasks = 0]
	at java.util.concurrent.ThreadPoolExecutor$AbortPolicy.rejectedExecution(ThreadPoolExecutor.java:2063)
	at java.util.concurrent.ThreadPoolExecutor.reject(ThreadPoolExecutor.java:830)
	at java.util.concurrent.ThreadPoolExecutor.execute(ThreadPoolExecutor.java:1379)
	at java.util.concurrent.CompletableFuture.asyncSupplyStage(CompletableFuture.java:1618)
	at java.util.concurrent.CompletableFuture.supplyAsync(CompletableFuture.java:1843)
	at org.apache.ratis.server.impl.RaftServerImpl.executeSubmitServerRequestAsync(RaftServerImpl.java:898)
	at org.apache.ratis.server.impl.RaftServerProxy.lambda$appendEntriesAsync$29(RaftServerProxy.java:655)
	at java.util.concurrent.CompletableFuture.uniComposeStage(CompletableFuture.java:995)
	... 13 more
2024-09-15 02:32:26,707 [grpc-default-executor-2] INFO  leader.LogAppender (LogAppenderBase.java:lambda$getNextIndexForError$0(219)) - Decrease nextIndex to 83
2024-09-15 02:32:26,707 [grpc-default-executor-2] INFO  leader.LogAppender (LogAppenderBase.java:lambda$getNextIndexForError$0(219)) - Decrease nextIndex to 83
2024-09-15 02:32:26,707 [grpc-default-executor-2] INFO  leader.FollowerInfo (FollowerInfoImpl.java:info(70)) - s2@group-39FE727B82F7->s0: computeNextIndex nextIndex: updateUnconditionally 220 -> 83
2024-09-15 02:32:26,708 [s2@group-39FE727B82F7-StateMachineUpdater] INFO  impl.SimpleStateMachine4Testing (SimpleStateMachine4Testing.java:applyTransaction(251)) - applyTransaction for log index 221
2024-09-15 02:32:26,708 [s2@group-39FE727B82F7-StateMachineUpdater] INFO  impl.SimpleStateMachine4Testing (SimpleStateMachine4Testing.java:put(207)) - s2: put 221, m109 -> (t:2, i:221), STATEMACHINELOGENTRY, WRITE: logData.size=4, stateMachineData.size=17, logEntryProtoSerializedSize=0
2024-09-15 02:32:26,710 [s1@group-39FE727B82F7-StateMachineUpdater] INFO  impl.SimpleStateMachine4Testing (SimpleStateMachine4Testing.java:applyTransaction(251)) - applyTransaction for log index 221
2024-09-15 02:32:26,710 [s1@group-39FE727B82F7-StateMachineUpdater] INFO  impl.SimpleStateMachine4Testing (SimpleStateMachine4Testing.java:put(207)) - s1: put 221, m109 -> (t:2, i:221), STATEMACHINELOGENTRY, WRITE: logData.size=4, stateMachineData.size=17, logEntryProtoSerializedSize=0
2024-09-15 02:32:26,712 [grpc-default-executor-2] WARN  server.GrpcServerProtocolService (LogUtils.java:warn(123)) - s0: Failed APPEND_ENTRIES request cid=176, isHeartbeat? false
java.util.concurrent.CompletionException: java.util.concurrent.RejectedExecutionException: Task java.util.concurrent.CompletableFuture$AsyncSupply@5046ae1a rejected from java.util.concurrent.ThreadPoolExecutor@107aea74[Terminated, pool size = 0, active threads = 0, queued tasks = 0, completed tasks = 0]
	at java.util.concurrent.CompletableFuture.encodeThrowable(CompletableFuture.java:273)
	at java.util.concurrent.CompletableFuture.uniComposeStage(CompletableFuture.java:1005)
	at java.util.concurrent.CompletableFuture.thenCompose(CompletableFuture.java:2137)
	at org.apache.ratis.server.impl.RaftServerProxy.appendEntriesAsync(RaftServerProxy.java:655)
	at org.apache.ratis.grpc.server.GrpcServerProtocolService$1.process(GrpcServerProtocolService.java:307)
	at org.apache.ratis.grpc.server.GrpcServerProtocolService$ServerRequestStreamObserver.onNext(GrpcServerProtocolService.java:174)
	at org.apache.ratis.thirdparty.io.grpc.stub.ServerCalls$StreamingServerCallHandler$StreamingServerCallListener.onMessage(ServerCalls.java:262)
	at org.apache.ratis.thirdparty.io.grpc.internal.ServerCallImpl$ServerStreamListenerImpl.messagesAvailableInternal(ServerCallImpl.java:329)
	at org.apache.ratis.thirdparty.io.grpc.internal.ServerCallImpl$ServerStreamListenerImpl.messagesAvailable(ServerCallImpl.java:314)
	at org.apache.ratis.thirdparty.io.grpc.internal.ServerImpl$JumpToApplicationThreadServerStreamListener$1MessagesAvailable.runInContext(ServerImpl.java:833)
	at org.apache.ratis.thirdparty.io.grpc.internal.ContextRunnable.run(ContextRunnable.java:37)
	at org.apache.ratis.thirdparty.io.grpc.internal.SerializingExecutor.run(SerializingExecutor.java:133)
	at java.util.concurrent.ThreadPoolExecutor.runWorker(ThreadPoolExecutor.java:1149)
	at java.util.concurrent.ThreadPoolExecutor$Worker.run(ThreadPoolExecutor.java:624)
	at java.lang.Thread.run(Thread.java:750)
Caused by: java.util.concurrent.RejectedExecutionException: Task java.util.concurrent.CompletableFuture$AsyncSupply@5046ae1a rejected from java.util.concurrent.ThreadPoolExecutor@107aea74[Terminated, pool size = 0, active threads = 0, queued tasks = 0, completed tasks = 0]
	at java.util.concurrent.ThreadPoolExecutor$AbortPolicy.rejectedExecution(ThreadPoolExecutor.java:2063)
	at java.util.concurrent.ThreadPoolExecutor.reject(ThreadPoolExecutor.java:830)
	at java.util.concurrent.ThreadPoolExecutor.execute(ThreadPoolExecutor.java:1379)
	at java.util.concurrent.CompletableFuture.asyncSupplyStage(CompletableFuture.java:1618)
	at java.util.concurrent.CompletableFuture.supplyAsync(CompletableFuture.java:1843)
	at org.apache.ratis.server.impl.RaftServerImpl.executeSubmitServerRequestAsync(RaftServerImpl.java:898)
	at org.apache.ratis.server.impl.RaftServerProxy.lambda$appendEntriesAsync$29(RaftServerProxy.java:655)
	at java.util.concurrent.CompletableFuture.uniComposeStage(CompletableFuture.java:995)
	... 13 more
2024-09-15 02:32:26,715 [grpc-default-executor-0] INFO  leader.LogAppender (LogAppenderBase.java:lambda$getNextIndexForError$0(219)) - Decrease nextIndex to 83
2024-09-15 02:32:26,715 [grpc-default-executor-0] INFO  leader.LogAppender (LogAppenderBase.java:lambda$getNextIndexForError$0(219)) - Decrease nextIndex to 83
2024-09-15 02:32:26,715 [grpc-default-executor-0] INFO  leader.FollowerInfo (FollowerInfoImpl.java:info(70)) - s2@group-39FE727B82F7->s0: computeNextIndex nextIndex: updateUnconditionally 223 -> 83
2024-09-15 02:32:26,716 [s2@group-39FE727B82F7-StateMachineUpdater] INFO  impl.SimpleStateMachine4Testing (SimpleStateMachine4Testing.java:applyTransaction(251)) - applyTransaction for log index 223
2024-09-15 02:32:26,716 [s2@group-39FE727B82F7-StateMachineUpdater] INFO  impl.SimpleStateMachine4Testing (SimpleStateMachine4Testing.java:put(207)) - s2: put 223, m110 -> (t:2, i:223), STATEMACHINELOGENTRY, WRITE: logData.size=4, stateMachineData.size=17, logEntryProtoSerializedSize=0
2024-09-15 02:32:26,718 [s1@group-39FE727B82F7-StateMachineUpdater] INFO  impl.SimpleStateMachine4Testing (SimpleStateMachine4Testing.java:applyTransaction(251)) - applyTransaction for log index 223
2024-09-15 02:32:26,718 [s1@group-39FE727B82F7-StateMachineUpdater] INFO  impl.SimpleStateMachine4Testing (SimpleStateMachine4Testing.java:put(207)) - s1: put 223, m110 -> (t:2, i:223), STATEMACHINELOGENTRY, WRITE: logData.size=4, stateMachineData.size=17, logEntryProtoSerializedSize=0
2024-09-15 02:32:26,721 [s2@group-39FE727B82F7-StateMachineUpdater] INFO  impl.SimpleStateMachine4Testing (SimpleStateMachine4Testing.java:applyTransaction(251)) - applyTransaction for log index 225
2024-09-15 02:32:26,721 [s2@group-39FE727B82F7-StateMachineUpdater] INFO  impl.SimpleStateMachine4Testing (SimpleStateMachine4Testing.java:put(207)) - s2: put 225, m111 -> (t:2, i:225), STATEMACHINELOGENTRY, WRITE: logData.size=4, stateMachineData.size=17, logEntryProtoSerializedSize=0
2024-09-15 02:32:26,722 [s1@group-39FE727B82F7-StateMachineUpdater] INFO  impl.SimpleStateMachine4Testing (SimpleStateMachine4Testing.java:applyTransaction(251)) - applyTransaction for log index 225
2024-09-15 02:32:26,722 [s1@group-39FE727B82F7-StateMachineUpdater] INFO  impl.SimpleStateMachine4Testing (SimpleStateMachine4Testing.java:put(207)) - s1: put 225, m111 -> (t:2, i:225), STATEMACHINELOGENTRY, WRITE: logData.size=4, stateMachineData.size=17, logEntryProtoSerializedSize=0
2024-09-15 02:32:26,724 [grpc-default-executor-3] WARN  server.GrpcServerProtocolService (LogUtils.java:warn(123)) - s0: Failed APPEND_ENTRIES request cid=178, isHeartbeat? false
java.util.concurrent.CompletionException: java.util.concurrent.RejectedExecutionException: Task java.util.concurrent.CompletableFuture$AsyncSupply@2c58f348 rejected from java.util.concurrent.ThreadPoolExecutor@107aea74[Terminated, pool size = 0, active threads = 0, queued tasks = 0, completed tasks = 0]
	at java.util.concurrent.CompletableFuture.encodeThrowable(CompletableFuture.java:273)
	at java.util.concurrent.CompletableFuture.uniComposeStage(CompletableFuture.java:1005)
	at java.util.concurrent.CompletableFuture.thenCompose(CompletableFuture.java:2137)
	at org.apache.ratis.server.impl.RaftServerProxy.appendEntriesAsync(RaftServerProxy.java:655)
	at org.apache.ratis.grpc.server.GrpcServerProtocolService$1.process(GrpcServerProtocolService.java:307)
	at org.apache.ratis.grpc.server.GrpcServerProtocolService$ServerRequestStreamObserver.onNext(GrpcServerProtocolService.java:174)
	at org.apache.ratis.thirdparty.io.grpc.stub.ServerCalls$StreamingServerCallHandler$StreamingServerCallListener.onMessage(ServerCalls.java:262)
	at org.apache.ratis.thirdparty.io.grpc.internal.ServerCallImpl$ServerStreamListenerImpl.messagesAvailableInternal(ServerCallImpl.java:329)
	at org.apache.ratis.thirdparty.io.grpc.internal.ServerCallImpl$ServerStreamListenerImpl.messagesAvailable(ServerCallImpl.java:314)
	at org.apache.ratis.thirdparty.io.grpc.internal.ServerImpl$JumpToApplicationThreadServerStreamListener$1MessagesAvailable.runInContext(ServerImpl.java:833)
	at org.apache.ratis.thirdparty.io.grpc.internal.ContextRunnable.run(ContextRunnable.java:37)
	at org.apache.ratis.thirdparty.io.grpc.internal.SerializingExecutor.run(SerializingExecutor.java:133)
	at java.util.concurrent.ThreadPoolExecutor.runWorker(ThreadPoolExecutor.java:1149)
	at java.util.concurrent.ThreadPoolExecutor$Worker.run(ThreadPoolExecutor.java:624)
	at java.lang.Thread.run(Thread.java:750)
Caused by: java.util.concurrent.RejectedExecutionException: Task java.util.concurrent.CompletableFuture$AsyncSupply@2c58f348 rejected from java.util.concurrent.ThreadPoolExecutor@107aea74[Terminated, pool size = 0, active threads = 0, queued tasks = 0, completed tasks = 0]
	at java.util.concurrent.ThreadPoolExecutor$AbortPolicy.rejectedExecution(ThreadPoolExecutor.java:2063)
	at java.util.concurrent.ThreadPoolExecutor.reject(ThreadPoolExecutor.java:830)
	at java.util.concurrent.ThreadPoolExecutor.execute(ThreadPoolExecutor.java:1379)
	at java.util.concurrent.CompletableFuture.asyncSupplyStage(CompletableFuture.java:1618)
	at java.util.concurrent.CompletableFuture.supplyAsync(CompletableFuture.java:1843)
	at org.apache.ratis.server.impl.RaftServerImpl.executeSubmitServerRequestAsync(RaftServerImpl.java:898)
	at org.apache.ratis.server.impl.RaftServerProxy.lambda$appendEntriesAsync$29(RaftServerProxy.java:655)
	at java.util.concurrent.CompletableFuture.uniComposeStage(CompletableFuture.java:995)
	... 13 more
2024-09-15 02:32:26,726 [grpc-default-executor-0] INFO  leader.LogAppender (LogAppenderBase.java:lambda$getNextIndexForError$0(219)) - Decrease nextIndex to 83
2024-09-15 02:32:26,726 [grpc-default-executor-0] INFO  leader.LogAppender (LogAppenderBase.java:lambda$getNextIndexForError$0(219)) - Decrease nextIndex to 83
2024-09-15 02:32:26,726 [grpc-default-executor-0] INFO  leader.FollowerInfo (FollowerInfoImpl.java:info(70)) - s2@group-39FE727B82F7->s0: computeNextIndex nextIndex: updateUnconditionally 225 -> 83
2024-09-15 02:32:26,727 [s2@group-39FE727B82F7-StateMachineUpdater] INFO  impl.SimpleStateMachine4Testing (SimpleStateMachine4Testing.java:applyTransaction(251)) - applyTransaction for log index 227
2024-09-15 02:32:26,727 [s2@group-39FE727B82F7-StateMachineUpdater] INFO  impl.SimpleStateMachine4Testing (SimpleStateMachine4Testing.java:put(207)) - s2: put 227, m112 -> (t:2, i:227), STATEMACHINELOGENTRY, WRITE: logData.size=4, stateMachineData.size=17, logEntryProtoSerializedSize=0
2024-09-15 02:32:26,729 [s1@group-39FE727B82F7-StateMachineUpdater] INFO  impl.SimpleStateMachine4Testing (SimpleStateMachine4Testing.java:applyTransaction(251)) - applyTransaction for log index 227
2024-09-15 02:32:26,729 [s1@group-39FE727B82F7-StateMachineUpdater] INFO  impl.SimpleStateMachine4Testing (SimpleStateMachine4Testing.java:put(207)) - s1: put 227, m112 -> (t:2, i:227), STATEMACHINELOGENTRY, WRITE: logData.size=4, stateMachineData.size=17, logEntryProtoSerializedSize=0
2024-09-15 02:32:26,731 [s2@group-39FE727B82F7-StateMachineUpdater] INFO  impl.SimpleStateMachine4Testing (SimpleStateMachine4Testing.java:applyTransaction(251)) - applyTransaction for log index 229
2024-09-15 02:32:26,732 [s2@group-39FE727B82F7-StateMachineUpdater] INFO  impl.SimpleStateMachine4Testing (SimpleStateMachine4Testing.java:put(207)) - s2: put 229, m113 -> (t:2, i:229), STATEMACHINELOGENTRY, WRITE: logData.size=4, stateMachineData.size=17, logEntryProtoSerializedSize=0
2024-09-15 02:32:26,733 [s1@group-39FE727B82F7-StateMachineUpdater] INFO  impl.SimpleStateMachine4Testing (SimpleStateMachine4Testing.java:applyTransaction(251)) - applyTransaction for log index 229
2024-09-15 02:32:26,733 [s1@group-39FE727B82F7-StateMachineUpdater] INFO  impl.SimpleStateMachine4Testing (SimpleStateMachine4Testing.java:put(207)) - s1: put 229, m113 -> (t:2, i:229), STATEMACHINELOGENTRY, WRITE: logData.size=4, stateMachineData.size=17, logEntryProtoSerializedSize=0
2024-09-15 02:32:26,734 [grpc-default-executor-0] WARN  server.GrpcServerProtocolService (LogUtils.java:warn(123)) - s0: Failed APPEND_ENTRIES request cid=180, isHeartbeat? false
java.util.concurrent.CompletionException: java.util.concurrent.RejectedExecutionException: Task java.util.concurrent.CompletableFuture$AsyncSupply@1c0b1d45 rejected from java.util.concurrent.ThreadPoolExecutor@107aea74[Terminated, pool size = 0, active threads = 0, queued tasks = 0, completed tasks = 0]
	at java.util.concurrent.CompletableFuture.encodeThrowable(CompletableFuture.java:273)
	at java.util.concurrent.CompletableFuture.uniComposeStage(CompletableFuture.java:1005)
	at java.util.concurrent.CompletableFuture.thenCompose(CompletableFuture.java:2137)
	at org.apache.ratis.server.impl.RaftServerProxy.appendEntriesAsync(RaftServerProxy.java:655)
	at org.apache.ratis.grpc.server.GrpcServerProtocolService$1.process(GrpcServerProtocolService.java:307)
	at org.apache.ratis.grpc.server.GrpcServerProtocolService$ServerRequestStreamObserver.onNext(GrpcServerProtocolService.java:174)
	at org.apache.ratis.thirdparty.io.grpc.stub.ServerCalls$StreamingServerCallHandler$StreamingServerCallListener.onMessage(ServerCalls.java:262)
	at org.apache.ratis.thirdparty.io.grpc.internal.ServerCallImpl$ServerStreamListenerImpl.messagesAvailableInternal(ServerCallImpl.java:329)
	at org.apache.ratis.thirdparty.io.grpc.internal.ServerCallImpl$ServerStreamListenerImpl.messagesAvailable(ServerCallImpl.java:314)
	at org.apache.ratis.thirdparty.io.grpc.internal.ServerImpl$JumpToApplicationThreadServerStreamListener$1MessagesAvailable.runInContext(ServerImpl.java:833)
	at org.apache.ratis.thirdparty.io.grpc.internal.ContextRunnable.run(ContextRunnable.java:37)
	at org.apache.ratis.thirdparty.io.grpc.internal.SerializingExecutor.run(SerializingExecutor.java:133)
	at java.util.concurrent.ThreadPoolExecutor.runWorker(ThreadPoolExecutor.java:1149)
	at java.util.concurrent.ThreadPoolExecutor$Worker.run(ThreadPoolExecutor.java:624)
	at java.lang.Thread.run(Thread.java:750)
Caused by: java.util.concurrent.RejectedExecutionException: Task java.util.concurrent.CompletableFuture$AsyncSupply@1c0b1d45 rejected from java.util.concurrent.ThreadPoolExecutor@107aea74[Terminated, pool size = 0, active threads = 0, queued tasks = 0, completed tasks = 0]
	at java.util.concurrent.ThreadPoolExecutor$AbortPolicy.rejectedExecution(ThreadPoolExecutor.java:2063)
	at java.util.concurrent.ThreadPoolExecutor.reject(ThreadPoolExecutor.java:830)
	at java.util.concurrent.ThreadPoolExecutor.execute(ThreadPoolExecutor.java:1379)
	at java.util.concurrent.CompletableFuture.asyncSupplyStage(CompletableFuture.java:1618)
	at java.util.concurrent.CompletableFuture.supplyAsync(CompletableFuture.java:1843)
	at org.apache.ratis.server.impl.RaftServerImpl.executeSubmitServerRequestAsync(RaftServerImpl.java:898)
	at org.apache.ratis.server.impl.RaftServerProxy.lambda$appendEntriesAsync$29(RaftServerProxy.java:655)
	at java.util.concurrent.CompletableFuture.uniComposeStage(CompletableFuture.java:995)
	... 13 more
2024-09-15 02:32:26,736 [grpc-default-executor-0] INFO  leader.LogAppender (LogAppenderBase.java:lambda$getNextIndexForError$0(219)) - Decrease nextIndex to 83
2024-09-15 02:32:26,736 [grpc-default-executor-0] INFO  leader.LogAppender (LogAppenderBase.java:lambda$getNextIndexForError$0(219)) - Decrease nextIndex to 83
2024-09-15 02:32:26,736 [grpc-default-executor-0] INFO  leader.FollowerInfo (FollowerInfoImpl.java:info(70)) - s2@group-39FE727B82F7->s0: computeNextIndex nextIndex: updateUnconditionally 229 -> 83
2024-09-15 02:32:26,740 [s2@group-39FE727B82F7-StateMachineUpdater] INFO  impl.SimpleStateMachine4Testing (SimpleStateMachine4Testing.java:applyTransaction(251)) - applyTransaction for log index 231
2024-09-15 02:32:26,740 [s2@group-39FE727B82F7-StateMachineUpdater] INFO  impl.SimpleStateMachine4Testing (SimpleStateMachine4Testing.java:put(207)) - s2: put 231, m114 -> (t:2, i:231), STATEMACHINELOGENTRY, WRITE: logData.size=4, stateMachineData.size=17, logEntryProtoSerializedSize=0
2024-09-15 02:32:26,742 [s1@group-39FE727B82F7-StateMachineUpdater] INFO  impl.SimpleStateMachine4Testing (SimpleStateMachine4Testing.java:applyTransaction(251)) - applyTransaction for log index 231
2024-09-15 02:32:26,742 [s1@group-39FE727B82F7-StateMachineUpdater] INFO  impl.SimpleStateMachine4Testing (SimpleStateMachine4Testing.java:put(207)) - s1: put 231, m114 -> (t:2, i:231), STATEMACHINELOGENTRY, WRITE: logData.size=4, stateMachineData.size=17, logEntryProtoSerializedSize=0
2024-09-15 02:32:26,743 [grpc-default-executor-3] WARN  server.GrpcServerProtocolService (LogUtils.java:warn(123)) - s0: Failed APPEND_ENTRIES request cid=183, isHeartbeat? false
java.util.concurrent.CompletionException: java.util.concurrent.RejectedExecutionException: Task java.util.concurrent.CompletableFuture$AsyncSupply@46db7703 rejected from java.util.concurrent.ThreadPoolExecutor@107aea74[Terminated, pool size = 0, active threads = 0, queued tasks = 0, completed tasks = 0]
	at java.util.concurrent.CompletableFuture.encodeThrowable(CompletableFuture.java:273)
	at java.util.concurrent.CompletableFuture.uniComposeStage(CompletableFuture.java:1005)
	at java.util.concurrent.CompletableFuture.thenCompose(CompletableFuture.java:2137)
	at org.apache.ratis.server.impl.RaftServerProxy.appendEntriesAsync(RaftServerProxy.java:655)
	at org.apache.ratis.grpc.server.GrpcServerProtocolService$1.process(GrpcServerProtocolService.java:307)
	at org.apache.ratis.grpc.server.GrpcServerProtocolService$ServerRequestStreamObserver.onNext(GrpcServerProtocolService.java:174)
	at org.apache.ratis.thirdparty.io.grpc.stub.ServerCalls$StreamingServerCallHandler$StreamingServerCallListener.onMessage(ServerCalls.java:262)
	at org.apache.ratis.thirdparty.io.grpc.internal.ServerCallImpl$ServerStreamListenerImpl.messagesAvailableInternal(ServerCallImpl.java:329)
	at org.apache.ratis.thirdparty.io.grpc.internal.ServerCallImpl$ServerStreamListenerImpl.messagesAvailable(ServerCallImpl.java:314)
	at org.apache.ratis.thirdparty.io.grpc.internal.ServerImpl$JumpToApplicationThreadServerStreamListener$1MessagesAvailable.runInContext(ServerImpl.java:833)
	at org.apache.ratis.thirdparty.io.grpc.internal.ContextRunnable.run(ContextRunnable.java:37)
	at org.apache.ratis.thirdparty.io.grpc.internal.SerializingExecutor.run(SerializingExecutor.java:133)
	at java.util.concurrent.ThreadPoolExecutor.runWorker(ThreadPoolExecutor.java:1149)
	at java.util.concurrent.ThreadPoolExecutor$Worker.run(ThreadPoolExecutor.java:624)
	at java.lang.Thread.run(Thread.java:750)
Caused by: java.util.concurrent.RejectedExecutionException: Task java.util.concurrent.CompletableFuture$AsyncSupply@46db7703 rejected from java.util.concurrent.ThreadPoolExecutor@107aea74[Terminated, pool size = 0, active threads = 0, queued tasks = 0, completed tasks = 0]
	at java.util.concurrent.ThreadPoolExecutor$AbortPolicy.rejectedExecution(ThreadPoolExecutor.java:2063)
	at java.util.concurrent.ThreadPoolExecutor.reject(ThreadPoolExecutor.java:830)
	at java.util.concurrent.ThreadPoolExecutor.execute(ThreadPoolExecutor.java:1379)
	at java.util.concurrent.CompletableFuture.asyncSupplyStage(CompletableFuture.java:1618)
	at java.util.concurrent.CompletableFuture.supplyAsync(CompletableFuture.java:1843)
	at org.apache.ratis.server.impl.RaftServerImpl.executeSubmitServerRequestAsync(RaftServerImpl.java:898)
	at org.apache.ratis.server.impl.RaftServerProxy.lambda$appendEntriesAsync$29(RaftServerProxy.java:655)
	at java.util.concurrent.CompletableFuture.uniComposeStage(CompletableFuture.java:995)
	... 13 more
2024-09-15 02:32:26,746 [grpc-default-executor-0] INFO  leader.LogAppender (LogAppenderBase.java:lambda$getNextIndexForError$0(219)) - Decrease nextIndex to 83
2024-09-15 02:32:26,747 [grpc-default-executor-0] INFO  leader.LogAppender (LogAppenderBase.java:lambda$getNextIndexForError$0(219)) - Decrease nextIndex to 83
2024-09-15 02:32:26,747 [grpc-default-executor-0] INFO  leader.FollowerInfo (FollowerInfoImpl.java:info(70)) - s2@group-39FE727B82F7->s0: computeNextIndex nextIndex: updateUnconditionally 232 -> 83
2024-09-15 02:32:26,748 [s2@group-39FE727B82F7-StateMachineUpdater] INFO  impl.SimpleStateMachine4Testing (SimpleStateMachine4Testing.java:applyTransaction(251)) - applyTransaction for log index 233
2024-09-15 02:32:26,748 [s2@group-39FE727B82F7-StateMachineUpdater] INFO  impl.SimpleStateMachine4Testing (SimpleStateMachine4Testing.java:put(207)) - s2: put 233, m115 -> (t:2, i:233), STATEMACHINELOGENTRY, WRITE: logData.size=4, stateMachineData.size=17, logEntryProtoSerializedSize=0
2024-09-15 02:32:26,750 [s1@group-39FE727B82F7-StateMachineUpdater] INFO  impl.SimpleStateMachine4Testing (SimpleStateMachine4Testing.java:applyTransaction(251)) - applyTransaction for log index 233
2024-09-15 02:32:26,750 [s1@group-39FE727B82F7-StateMachineUpdater] INFO  impl.SimpleStateMachine4Testing (SimpleStateMachine4Testing.java:put(207)) - s1: put 233, m115 -> (t:2, i:233), STATEMACHINELOGENTRY, WRITE: logData.size=4, stateMachineData.size=17, logEntryProtoSerializedSize=0
2024-09-15 02:32:26,753 [grpc-default-executor-3] WARN  server.GrpcServerProtocolService (LogUtils.java:warn(123)) - s0: Failed APPEND_ENTRIES request cid=185, isHeartbeat? false
java.util.concurrent.CompletionException: java.util.concurrent.RejectedExecutionException: Task java.util.concurrent.CompletableFuture$AsyncSupply@700455eb rejected from java.util.concurrent.ThreadPoolExecutor@107aea74[Terminated, pool size = 0, active threads = 0, queued tasks = 0, completed tasks = 0]
	at java.util.concurrent.CompletableFuture.encodeThrowable(CompletableFuture.java:273)
	at java.util.concurrent.CompletableFuture.uniComposeStage(CompletableFuture.java:1005)
	at java.util.concurrent.CompletableFuture.thenCompose(CompletableFuture.java:2137)
	at org.apache.ratis.server.impl.RaftServerProxy.appendEntriesAsync(RaftServerProxy.java:655)
	at org.apache.ratis.grpc.server.GrpcServerProtocolService$1.process(GrpcServerProtocolService.java:307)
	at org.apache.ratis.grpc.server.GrpcServerProtocolService$ServerRequestStreamObserver.onNext(GrpcServerProtocolService.java:174)
	at org.apache.ratis.thirdparty.io.grpc.stub.ServerCalls$StreamingServerCallHandler$StreamingServerCallListener.onMessage(ServerCalls.java:262)
	at org.apache.ratis.thirdparty.io.grpc.internal.ServerCallImpl$ServerStreamListenerImpl.messagesAvailableInternal(ServerCallImpl.java:329)
	at org.apache.ratis.thirdparty.io.grpc.internal.ServerCallImpl$ServerStreamListenerImpl.messagesAvailable(ServerCallImpl.java:314)
	at org.apache.ratis.thirdparty.io.grpc.internal.ServerImpl$JumpToApplicationThreadServerStreamListener$1MessagesAvailable.runInContext(ServerImpl.java:833)
	at org.apache.ratis.thirdparty.io.grpc.internal.ContextRunnable.run(ContextRunnable.java:37)
	at org.apache.ratis.thirdparty.io.grpc.internal.SerializingExecutor.run(SerializingExecutor.java:133)
	at java.util.concurrent.ThreadPoolExecutor.runWorker(ThreadPoolExecutor.java:1149)
	at java.util.concurrent.ThreadPoolExecutor$Worker.run(ThreadPoolExecutor.java:624)
	at java.lang.Thread.run(Thread.java:750)
Caused by: java.util.concurrent.RejectedExecutionException: Task java.util.concurrent.CompletableFuture$AsyncSupply@700455eb rejected from java.util.concurrent.ThreadPoolExecutor@107aea74[Terminated, pool size = 0, active threads = 0, queued tasks = 0, completed tasks = 0]
	at java.util.concurrent.ThreadPoolExecutor$AbortPolicy.rejectedExecution(ThreadPoolExecutor.java:2063)
	at java.util.concurrent.ThreadPoolExecutor.reject(ThreadPoolExecutor.java:830)
	at java.util.concurrent.ThreadPoolExecutor.execute(ThreadPoolExecutor.java:1379)
	at java.util.concurrent.CompletableFuture.asyncSupplyStage(CompletableFuture.java:1618)
	at java.util.concurrent.CompletableFuture.supplyAsync(CompletableFuture.java:1843)
	at org.apache.ratis.server.impl.RaftServerImpl.executeSubmitServerRequestAsync(RaftServerImpl.java:898)
	at org.apache.ratis.server.impl.RaftServerProxy.lambda$appendEntriesAsync$29(RaftServerProxy.java:655)
	at java.util.concurrent.CompletableFuture.uniComposeStage(CompletableFuture.java:995)
	... 13 more
2024-09-15 02:32:26,754 [s2@group-39FE727B82F7-StateMachineUpdater] INFO  impl.SimpleStateMachine4Testing (SimpleStateMachine4Testing.java:applyTransaction(251)) - applyTransaction for log index 235
2024-09-15 02:32:26,754 [s2@group-39FE727B82F7-StateMachineUpdater] INFO  impl.SimpleStateMachine4Testing (SimpleStateMachine4Testing.java:put(207)) - s2: put 235, m116 -> (t:2, i:235), STATEMACHINELOGENTRY, WRITE: logData.size=4, stateMachineData.size=17, logEntryProtoSerializedSize=0
2024-09-15 02:32:26,756 [grpc-default-executor-0] INFO  leader.LogAppender (LogAppenderBase.java:lambda$getNextIndexForError$0(219)) - Decrease nextIndex to 83
2024-09-15 02:32:26,756 [grpc-default-executor-0] INFO  leader.LogAppender (LogAppenderBase.java:lambda$getNextIndexForError$0(219)) - Decrease nextIndex to 83
2024-09-15 02:32:26,756 [grpc-default-executor-0] INFO  leader.FollowerInfo (FollowerInfoImpl.java:info(70)) - s2@group-39FE727B82F7->s0: computeNextIndex nextIndex: updateUnconditionally 234 -> 83
2024-09-15 02:32:26,758 [s1@group-39FE727B82F7-StateMachineUpdater] INFO  impl.SimpleStateMachine4Testing (SimpleStateMachine4Testing.java:applyTransaction(251)) - applyTransaction for log index 235
2024-09-15 02:32:26,758 [s1@group-39FE727B82F7-StateMachineUpdater] INFO  impl.SimpleStateMachine4Testing (SimpleStateMachine4Testing.java:put(207)) - s1: put 235, m116 -> (t:2, i:235), STATEMACHINELOGENTRY, WRITE: logData.size=4, stateMachineData.size=17, logEntryProtoSerializedSize=0
2024-09-15 02:32:26,759 [grpc-default-executor-3] WARN  server.GrpcServerProtocolService (LogUtils.java:warn(123)) - s0: Failed APPEND_ENTRIES request cid=187, isHeartbeat? false
java.util.concurrent.CompletionException: java.util.concurrent.RejectedExecutionException: Task java.util.concurrent.CompletableFuture$AsyncSupply@5e9cdcbb rejected from java.util.concurrent.ThreadPoolExecutor@107aea74[Terminated, pool size = 0, active threads = 0, queued tasks = 0, completed tasks = 0]
	at java.util.concurrent.CompletableFuture.encodeThrowable(CompletableFuture.java:273)
	at java.util.concurrent.CompletableFuture.uniComposeStage(CompletableFuture.java:1005)
	at java.util.concurrent.CompletableFuture.thenCompose(CompletableFuture.java:2137)
	at org.apache.ratis.server.impl.RaftServerProxy.appendEntriesAsync(RaftServerProxy.java:655)
	at org.apache.ratis.grpc.server.GrpcServerProtocolService$1.process(GrpcServerProtocolService.java:307)
	at org.apache.ratis.grpc.server.GrpcServerProtocolService$ServerRequestStreamObserver.onNext(GrpcServerProtocolService.java:174)
	at org.apache.ratis.thirdparty.io.grpc.stub.ServerCalls$StreamingServerCallHandler$StreamingServerCallListener.onMessage(ServerCalls.java:262)
	at org.apache.ratis.thirdparty.io.grpc.internal.ServerCallImpl$ServerStreamListenerImpl.messagesAvailableInternal(ServerCallImpl.java:329)
	at org.apache.ratis.thirdparty.io.grpc.internal.ServerCallImpl$ServerStreamListenerImpl.messagesAvailable(ServerCallImpl.java:314)
	at org.apache.ratis.thirdparty.io.grpc.internal.ServerImpl$JumpToApplicationThreadServerStreamListener$1MessagesAvailable.runInContext(ServerImpl.java:833)
	at org.apache.ratis.thirdparty.io.grpc.internal.ContextRunnable.run(ContextRunnable.java:37)
	at org.apache.ratis.thirdparty.io.grpc.internal.SerializingExecutor.run(SerializingExecutor.java:133)
	at java.util.concurrent.ThreadPoolExecutor.runWorker(ThreadPoolExecutor.java:1149)
	at java.util.concurrent.ThreadPoolExecutor$Worker.run(ThreadPoolExecutor.java:624)
	at java.lang.Thread.run(Thread.java:750)
Caused by: java.util.concurrent.RejectedExecutionException: Task java.util.concurrent.CompletableFuture$AsyncSupply@5e9cdcbb rejected from java.util.concurrent.ThreadPoolExecutor@107aea74[Terminated, pool size = 0, active threads = 0, queued tasks = 0, completed tasks = 0]
	at java.util.concurrent.ThreadPoolExecutor$AbortPolicy.rejectedExecution(ThreadPoolExecutor.java:2063)
	at java.util.concurrent.ThreadPoolExecutor.reject(ThreadPoolExecutor.java:830)
	at java.util.concurrent.ThreadPoolExecutor.execute(ThreadPoolExecutor.java:1379)
	at java.util.concurrent.CompletableFuture.asyncSupplyStage(CompletableFuture.java:1618)
	at java.util.concurrent.CompletableFuture.supplyAsync(CompletableFuture.java:1843)
	at org.apache.ratis.server.impl.RaftServerImpl.executeSubmitServerRequestAsync(RaftServerImpl.java:898)
	at org.apache.ratis.server.impl.RaftServerProxy.lambda$appendEntriesAsync$29(RaftServerProxy.java:655)
	at java.util.concurrent.CompletableFuture.uniComposeStage(CompletableFuture.java:995)
	... 13 more
2024-09-15 02:32:26,763 [s2@group-39FE727B82F7-StateMachineUpdater] INFO  impl.SimpleStateMachine4Testing (SimpleStateMachine4Testing.java:applyTransaction(251)) - applyTransaction for log index 237
2024-09-15 02:32:26,763 [s2@group-39FE727B82F7-StateMachineUpdater] INFO  impl.SimpleStateMachine4Testing (SimpleStateMachine4Testing.java:put(207)) - s2: put 237, m117 -> (t:2, i:237), STATEMACHINELOGENTRY, WRITE: logData.size=4, stateMachineData.size=17, logEntryProtoSerializedSize=0
2024-09-15 02:32:26,764 [grpc-default-executor-3] INFO  leader.LogAppender (LogAppenderBase.java:lambda$getNextIndexForError$0(219)) - Decrease nextIndex to 83
2024-09-15 02:32:26,764 [grpc-default-executor-3] INFO  leader.LogAppender (LogAppenderBase.java:lambda$getNextIndexForError$0(219)) - Decrease nextIndex to 83
2024-09-15 02:32:26,764 [grpc-default-executor-3] INFO  leader.FollowerInfo (FollowerInfoImpl.java:info(70)) - s2@group-39FE727B82F7->s0: computeNextIndex nextIndex: updateUnconditionally 238 -> 83
2024-09-15 02:32:26,765 [s1@group-39FE727B82F7-StateMachineUpdater] INFO  impl.SimpleStateMachine4Testing (SimpleStateMachine4Testing.java:applyTransaction(251)) - applyTransaction for log index 237
2024-09-15 02:32:26,765 [s1@group-39FE727B82F7-StateMachineUpdater] INFO  impl.SimpleStateMachine4Testing (SimpleStateMachine4Testing.java:put(207)) - s1: put 237, m117 -> (t:2, i:237), STATEMACHINELOGENTRY, WRITE: logData.size=4, stateMachineData.size=17, logEntryProtoSerializedSize=0
2024-09-15 02:32:26,768 [s2@group-39FE727B82F7-StateMachineUpdater] INFO  impl.SimpleStateMachine4Testing (SimpleStateMachine4Testing.java:applyTransaction(251)) - applyTransaction for log index 239
2024-09-15 02:32:26,768 [s2@group-39FE727B82F7-StateMachineUpdater] INFO  impl.SimpleStateMachine4Testing (SimpleStateMachine4Testing.java:put(207)) - s2: put 239, m118 -> (t:2, i:239), STATEMACHINELOGENTRY, WRITE: logData.size=4, stateMachineData.size=17, logEntryProtoSerializedSize=0
2024-09-15 02:32:26,768 [grpc-default-executor-4] WARN  server.GrpcServerProtocolService (LogUtils.java:warn(123)) - s0: Failed APPEND_ENTRIES request cid=189, isHeartbeat? false
java.util.concurrent.CompletionException: java.util.concurrent.RejectedExecutionException: Task java.util.concurrent.CompletableFuture$AsyncSupply@3441d0f6 rejected from java.util.concurrent.ThreadPoolExecutor@107aea74[Terminated, pool size = 0, active threads = 0, queued tasks = 0, completed tasks = 0]
	at java.util.concurrent.CompletableFuture.encodeThrowable(CompletableFuture.java:273)
	at java.util.concurrent.CompletableFuture.uniComposeStage(CompletableFuture.java:1005)
	at java.util.concurrent.CompletableFuture.thenCompose(CompletableFuture.java:2137)
	at org.apache.ratis.server.impl.RaftServerProxy.appendEntriesAsync(RaftServerProxy.java:655)
	at org.apache.ratis.grpc.server.GrpcServerProtocolService$1.process(GrpcServerProtocolService.java:307)
	at org.apache.ratis.grpc.server.GrpcServerProtocolService$ServerRequestStreamObserver.onNext(GrpcServerProtocolService.java:174)
	at org.apache.ratis.thirdparty.io.grpc.stub.ServerCalls$StreamingServerCallHandler$StreamingServerCallListener.onMessage(ServerCalls.java:262)
	at org.apache.ratis.thirdparty.io.grpc.internal.ServerCallImpl$ServerStreamListenerImpl.messagesAvailableInternal(ServerCallImpl.java:329)
	at org.apache.ratis.thirdparty.io.grpc.internal.ServerCallImpl$ServerStreamListenerImpl.messagesAvailable(ServerCallImpl.java:314)
	at org.apache.ratis.thirdparty.io.grpc.internal.ServerImpl$JumpToApplicationThreadServerStreamListener$1MessagesAvailable.runInContext(ServerImpl.java:833)
	at org.apache.ratis.thirdparty.io.grpc.internal.ContextRunnable.run(ContextRunnable.java:37)
	at org.apache.ratis.thirdparty.io.grpc.internal.SerializingExecutor.run(SerializingExecutor.java:133)
	at java.util.concurrent.ThreadPoolExecutor.runWorker(ThreadPoolExecutor.java:1149)
	at java.util.concurrent.ThreadPoolExecutor$Worker.run(ThreadPoolExecutor.java:624)
	at java.lang.Thread.run(Thread.java:750)
Caused by: java.util.concurrent.RejectedExecutionException: Task java.util.concurrent.CompletableFuture$AsyncSupply@3441d0f6 rejected from java.util.concurrent.ThreadPoolExecutor@107aea74[Terminated, pool size = 0, active threads = 0, queued tasks = 0, completed tasks = 0]
	at java.util.concurrent.ThreadPoolExecutor$AbortPolicy.rejectedExecution(ThreadPoolExecutor.java:2063)
	at java.util.concurrent.ThreadPoolExecutor.reject(ThreadPoolExecutor.java:830)
	at java.util.concurrent.ThreadPoolExecutor.execute(ThreadPoolExecutor.java:1379)
	at java.util.concurrent.CompletableFuture.asyncSupplyStage(CompletableFuture.java:1618)
	at java.util.concurrent.CompletableFuture.supplyAsync(CompletableFuture.java:1843)
	at org.apache.ratis.server.impl.RaftServerImpl.executeSubmitServerRequestAsync(RaftServerImpl.java:898)
	at org.apache.ratis.server.impl.RaftServerProxy.lambda$appendEntriesAsync$29(RaftServerProxy.java:655)
	at java.util.concurrent.CompletableFuture.uniComposeStage(CompletableFuture.java:995)
	... 13 more
2024-09-15 02:32:26,770 [grpc-default-executor-0] INFO  leader.LogAppender (LogAppenderBase.java:lambda$getNextIndexForError$0(219)) - Decrease nextIndex to 83
2024-09-15 02:32:26,770 [grpc-default-executor-0] INFO  leader.LogAppender (LogAppenderBase.java:lambda$getNextIndexForError$0(219)) - Decrease nextIndex to 83
2024-09-15 02:32:26,770 [grpc-default-executor-0] INFO  leader.FollowerInfo (FollowerInfoImpl.java:info(70)) - s2@group-39FE727B82F7->s0: computeNextIndex nextIndex: updateUnconditionally 240 -> 83
2024-09-15 02:32:26,772 [s1@group-39FE727B82F7-StateMachineUpdater] INFO  impl.SimpleStateMachine4Testing (SimpleStateMachine4Testing.java:applyTransaction(251)) - applyTransaction for log index 239
2024-09-15 02:32:26,772 [s1@group-39FE727B82F7-StateMachineUpdater] INFO  impl.SimpleStateMachine4Testing (SimpleStateMachine4Testing.java:put(207)) - s1: put 239, m118 -> (t:2, i:239), STATEMACHINELOGENTRY, WRITE: logData.size=4, stateMachineData.size=17, logEntryProtoSerializedSize=0
2024-09-15 02:32:26,774 [s2@group-39FE727B82F7-StateMachineUpdater] INFO  impl.SimpleStateMachine4Testing (SimpleStateMachine4Testing.java:applyTransaction(251)) - applyTransaction for log index 241
2024-09-15 02:32:26,774 [s2@group-39FE727B82F7-StateMachineUpdater] INFO  impl.SimpleStateMachine4Testing (SimpleStateMachine4Testing.java:put(207)) - s2: put 241, m119 -> (t:2, i:241), STATEMACHINELOGENTRY, WRITE: logData.size=4, stateMachineData.size=17, logEntryProtoSerializedSize=0
2024-09-15 02:32:26,776 [grpc-default-executor-0] WARN  server.GrpcServerProtocolService (LogUtils.java:warn(123)) - s0: Failed APPEND_ENTRIES request cid=191, isHeartbeat? false
java.util.concurrent.CompletionException: java.util.concurrent.RejectedExecutionException: Task java.util.concurrent.CompletableFuture$AsyncSupply@2ffb00b4 rejected from java.util.concurrent.ThreadPoolExecutor@107aea74[Terminated, pool size = 0, active threads = 0, queued tasks = 0, completed tasks = 0]
	at java.util.concurrent.CompletableFuture.encodeThrowable(CompletableFuture.java:273)
	at java.util.concurrent.CompletableFuture.uniComposeStage(CompletableFuture.java:1005)
	at java.util.concurrent.CompletableFuture.thenCompose(CompletableFuture.java:2137)
	at org.apache.ratis.server.impl.RaftServerProxy.appendEntriesAsync(RaftServerProxy.java:655)
	at org.apache.ratis.grpc.server.GrpcServerProtocolService$1.process(GrpcServerProtocolService.java:307)
	at org.apache.ratis.grpc.server.GrpcServerProtocolService$ServerRequestStreamObserver.onNext(GrpcServerProtocolService.java:174)
	at org.apache.ratis.thirdparty.io.grpc.stub.ServerCalls$StreamingServerCallHandler$StreamingServerCallListener.onMessage(ServerCalls.java:262)
	at org.apache.ratis.thirdparty.io.grpc.internal.ServerCallImpl$ServerStreamListenerImpl.messagesAvailableInternal(ServerCallImpl.java:329)
	at org.apache.ratis.thirdparty.io.grpc.internal.ServerCallImpl$ServerStreamListenerImpl.messagesAvailable(ServerCallImpl.java:314)
	at org.apache.ratis.thirdparty.io.grpc.internal.ServerImpl$JumpToApplicationThreadServerStreamListener$1MessagesAvailable.runInContext(ServerImpl.java:833)
	at org.apache.ratis.thirdparty.io.grpc.internal.ContextRunnable.run(ContextRunnable.java:37)
	at org.apache.ratis.thirdparty.io.grpc.internal.SerializingExecutor.run(SerializingExecutor.java:133)
	at java.util.concurrent.ThreadPoolExecutor.runWorker(ThreadPoolExecutor.java:1149)
	at java.util.concurrent.ThreadPoolExecutor$Worker.run(ThreadPoolExecutor.java:624)
	at java.lang.Thread.run(Thread.java:750)
Caused by: java.util.concurrent.RejectedExecutionException: Task java.util.concurrent.CompletableFuture$AsyncSupply@2ffb00b4 rejected from java.util.concurrent.ThreadPoolExecutor@107aea74[Terminated, pool size = 0, active threads = 0, queued tasks = 0, completed tasks = 0]
	at java.util.concurrent.ThreadPoolExecutor$AbortPolicy.rejectedExecution(ThreadPoolExecutor.java:2063)
	at java.util.concurrent.ThreadPoolExecutor.reject(ThreadPoolExecutor.java:830)
	at java.util.concurrent.ThreadPoolExecutor.execute(ThreadPoolExecutor.java:1379)
	at java.util.concurrent.CompletableFuture.asyncSupplyStage(CompletableFuture.java:1618)
	at java.util.concurrent.CompletableFuture.supplyAsync(CompletableFuture.java:1843)
	at org.apache.ratis.server.impl.RaftServerImpl.executeSubmitServerRequestAsync(RaftServerImpl.java:898)
	at org.apache.ratis.server.impl.RaftServerProxy.lambda$appendEntriesAsync$29(RaftServerProxy.java:655)
	at java.util.concurrent.CompletableFuture.uniComposeStage(CompletableFuture.java:995)
	... 13 more
2024-09-15 02:32:26,778 [grpc-default-executor-3] INFO  leader.LogAppender (LogAppenderBase.java:lambda$getNextIndexForError$0(219)) - Decrease nextIndex to 83
2024-09-15 02:32:26,778 [grpc-default-executor-3] INFO  leader.LogAppender (LogAppenderBase.java:lambda$getNextIndexForError$0(219)) - Decrease nextIndex to 83
2024-09-15 02:32:26,778 [grpc-default-executor-3] INFO  leader.FollowerInfo (FollowerInfoImpl.java:info(70)) - s2@group-39FE727B82F7->s0: computeNextIndex nextIndex: updateUnconditionally 242 -> 83
2024-09-15 02:32:26,795 [s1@group-39FE727B82F7-StateMachineUpdater] INFO  impl.SimpleStateMachine4Testing (SimpleStateMachine4Testing.java:applyTransaction(251)) - applyTransaction for log index 241
2024-09-15 02:32:26,795 [s1@group-39FE727B82F7-StateMachineUpdater] INFO  impl.SimpleStateMachine4Testing (SimpleStateMachine4Testing.java:put(207)) - s1: put 241, m119 -> (t:2, i:241), STATEMACHINELOGENTRY, WRITE: logData.size=4, stateMachineData.size=17, logEntryProtoSerializedSize=0
2024-09-15 02:32:26,796 [s2@group-39FE727B82F7-StateMachineUpdater] INFO  impl.SimpleStateMachine4Testing (SimpleStateMachine4Testing.java:applyTransaction(251)) - applyTransaction for log index 243
2024-09-15 02:32:26,796 [s2@group-39FE727B82F7-StateMachineUpdater] INFO  impl.SimpleStateMachine4Testing (SimpleStateMachine4Testing.java:put(207)) - s2: put 243, m120 -> (t:2, i:243), STATEMACHINELOGENTRY, WRITE: logData.size=4, stateMachineData.size=17, logEntryProtoSerializedSize=0
2024-09-15 02:32:26,801 [grpc-default-executor-0] WARN  server.GrpcServerProtocolService (LogUtils.java:warn(123)) - s0: Failed APPEND_ENTRIES request cid=193, isHeartbeat? false
java.util.concurrent.CompletionException: java.util.concurrent.RejectedExecutionException: Task java.util.concurrent.CompletableFuture$AsyncSupply@68c5847 rejected from java.util.concurrent.ThreadPoolExecutor@107aea74[Terminated, pool size = 0, active threads = 0, queued tasks = 0, completed tasks = 0]
	at java.util.concurrent.CompletableFuture.encodeThrowable(CompletableFuture.java:273)
	at java.util.concurrent.CompletableFuture.uniComposeStage(CompletableFuture.java:1005)
	at java.util.concurrent.CompletableFuture.thenCompose(CompletableFuture.java:2137)
	at org.apache.ratis.server.impl.RaftServerProxy.appendEntriesAsync(RaftServerProxy.java:655)
	at org.apache.ratis.grpc.server.GrpcServerProtocolService$1.process(GrpcServerProtocolService.java:307)
	at org.apache.ratis.grpc.server.GrpcServerProtocolService$ServerRequestStreamObserver.onNext(GrpcServerProtocolService.java:174)
	at org.apache.ratis.thirdparty.io.grpc.stub.ServerCalls$StreamingServerCallHandler$StreamingServerCallListener.onMessage(ServerCalls.java:262)
	at org.apache.ratis.thirdparty.io.grpc.internal.ServerCallImpl$ServerStreamListenerImpl.messagesAvailableInternal(ServerCallImpl.java:329)
	at org.apache.ratis.thirdparty.io.grpc.internal.ServerCallImpl$ServerStreamListenerImpl.messagesAvailable(ServerCallImpl.java:314)
	at org.apache.ratis.thirdparty.io.grpc.internal.ServerImpl$JumpToApplicationThreadServerStreamListener$1MessagesAvailable.runInContext(ServerImpl.java:833)
	at org.apache.ratis.thirdparty.io.grpc.internal.ContextRunnable.run(ContextRunnable.java:37)
	at org.apache.ratis.thirdparty.io.grpc.internal.SerializingExecutor.run(SerializingExecutor.java:133)
	at java.util.concurrent.ThreadPoolExecutor.runWorker(ThreadPoolExecutor.java:1149)
	at java.util.concurrent.ThreadPoolExecutor$Worker.run(ThreadPoolExecutor.java:624)
	at java.lang.Thread.run(Thread.java:750)
Caused by: java.util.concurrent.RejectedExecutionException: Task java.util.concurrent.CompletableFuture$AsyncSupply@68c5847 rejected from java.util.concurrent.ThreadPoolExecutor@107aea74[Terminated, pool size = 0, active threads = 0, queued tasks = 0, completed tasks = 0]
	at java.util.concurrent.ThreadPoolExecutor$AbortPolicy.rejectedExecution(ThreadPoolExecutor.java:2063)
	at java.util.concurrent.ThreadPoolExecutor.reject(ThreadPoolExecutor.java:830)
	at java.util.concurrent.ThreadPoolExecutor.execute(ThreadPoolExecutor.java:1379)
	at java.util.concurrent.CompletableFuture.asyncSupplyStage(CompletableFuture.java:1618)
	at java.util.concurrent.CompletableFuture.supplyAsync(CompletableFuture.java:1843)
	at org.apache.ratis.server.impl.RaftServerImpl.executeSubmitServerRequestAsync(RaftServerImpl.java:898)
	at org.apache.ratis.server.impl.RaftServerProxy.lambda$appendEntriesAsync$29(RaftServerProxy.java:655)
	at java.util.concurrent.CompletableFuture.uniComposeStage(CompletableFuture.java:995)
	... 13 more
2024-09-15 02:32:26,802 [s1@group-39FE727B82F7-StateMachineUpdater] INFO  impl.SimpleStateMachine4Testing (SimpleStateMachine4Testing.java:applyTransaction(251)) - applyTransaction for log index 243
2024-09-15 02:32:26,802 [s1@group-39FE727B82F7-StateMachineUpdater] INFO  impl.SimpleStateMachine4Testing (SimpleStateMachine4Testing.java:put(207)) - s1: put 243, m120 -> (t:2, i:243), STATEMACHINELOGENTRY, WRITE: logData.size=4, stateMachineData.size=17, logEntryProtoSerializedSize=0
2024-09-15 02:32:26,803 [s2@group-39FE727B82F7-StateMachineUpdater] INFO  impl.SimpleStateMachine4Testing (SimpleStateMachine4Testing.java:applyTransaction(251)) - applyTransaction for log index 245
2024-09-15 02:32:26,803 [s2@group-39FE727B82F7-StateMachineUpdater] INFO  impl.SimpleStateMachine4Testing (SimpleStateMachine4Testing.java:put(207)) - s2: put 245, m121 -> (t:2, i:245), STATEMACHINELOGENTRY, WRITE: logData.size=4, stateMachineData.size=17, logEntryProtoSerializedSize=0
2024-09-15 02:32:26,805 [grpc-default-executor-3] INFO  leader.LogAppender (LogAppenderBase.java:lambda$getNextIndexForError$0(219)) - Decrease nextIndex to 83
2024-09-15 02:32:26,805 [grpc-default-executor-3] INFO  leader.LogAppender (LogAppenderBase.java:lambda$getNextIndexForError$0(219)) - Decrease nextIndex to 83
2024-09-15 02:32:26,805 [grpc-default-executor-3] INFO  leader.FollowerInfo (FollowerInfoImpl.java:info(70)) - s2@group-39FE727B82F7->s0: computeNextIndex nextIndex: updateUnconditionally 244 -> 83
2024-09-15 02:32:26,806 [s1@group-39FE727B82F7-StateMachineUpdater] INFO  impl.SimpleStateMachine4Testing (SimpleStateMachine4Testing.java:applyTransaction(251)) - applyTransaction for log index 245
2024-09-15 02:32:26,807 [s1@group-39FE727B82F7-StateMachineUpdater] INFO  impl.SimpleStateMachine4Testing (SimpleStateMachine4Testing.java:put(207)) - s1: put 245, m121 -> (t:2, i:245), STATEMACHINELOGENTRY, WRITE: logData.size=4, stateMachineData.size=17, logEntryProtoSerializedSize=0
2024-09-15 02:32:26,808 [grpc-default-executor-3] WARN  server.GrpcServerProtocolService (LogUtils.java:warn(123)) - s0: Failed APPEND_ENTRIES request cid=196, isHeartbeat? false
java.util.concurrent.CompletionException: java.util.concurrent.RejectedExecutionException: Task java.util.concurrent.CompletableFuture$AsyncSupply@7053d55f rejected from java.util.concurrent.ThreadPoolExecutor@107aea74[Terminated, pool size = 0, active threads = 0, queued tasks = 0, completed tasks = 0]
	at java.util.concurrent.CompletableFuture.encodeThrowable(CompletableFuture.java:273)
	at java.util.concurrent.CompletableFuture.uniComposeStage(CompletableFuture.java:1005)
	at java.util.concurrent.CompletableFuture.thenCompose(CompletableFuture.java:2137)
	at org.apache.ratis.server.impl.RaftServerProxy.appendEntriesAsync(RaftServerProxy.java:655)
	at org.apache.ratis.grpc.server.GrpcServerProtocolService$1.process(GrpcServerProtocolService.java:307)
	at org.apache.ratis.grpc.server.GrpcServerProtocolService$ServerRequestStreamObserver.onNext(GrpcServerProtocolService.java:174)
	at org.apache.ratis.thirdparty.io.grpc.stub.ServerCalls$StreamingServerCallHandler$StreamingServerCallListener.onMessage(ServerCalls.java:262)
	at org.apache.ratis.thirdparty.io.grpc.internal.ServerCallImpl$ServerStreamListenerImpl.messagesAvailableInternal(ServerCallImpl.java:329)
	at org.apache.ratis.thirdparty.io.grpc.internal.ServerCallImpl$ServerStreamListenerImpl.messagesAvailable(ServerCallImpl.java:314)
	at org.apache.ratis.thirdparty.io.grpc.internal.ServerImpl$JumpToApplicationThreadServerStreamListener$1MessagesAvailable.runInContext(ServerImpl.java:833)
	at org.apache.ratis.thirdparty.io.grpc.internal.ContextRunnable.run(ContextRunnable.java:37)
	at org.apache.ratis.thirdparty.io.grpc.internal.SerializingExecutor.run(SerializingExecutor.java:133)
	at java.util.concurrent.ThreadPoolExecutor.runWorker(ThreadPoolExecutor.java:1149)
	at java.util.concurrent.ThreadPoolExecutor$Worker.run(ThreadPoolExecutor.java:624)
	at java.lang.Thread.run(Thread.java:750)
Caused by: java.util.concurrent.RejectedExecutionException: Task java.util.concurrent.CompletableFuture$AsyncSupply@7053d55f rejected from java.util.concurrent.ThreadPoolExecutor@107aea74[Terminated, pool size = 0, active threads = 0, queued tasks = 0, completed tasks = 0]
	at java.util.concurrent.ThreadPoolExecutor$AbortPolicy.rejectedExecution(ThreadPoolExecutor.java:2063)
	at java.util.concurrent.ThreadPoolExecutor.reject(ThreadPoolExecutor.java:830)
	at java.util.concurrent.ThreadPoolExecutor.execute(ThreadPoolExecutor.java:1379)
	at java.util.concurrent.CompletableFuture.asyncSupplyStage(CompletableFuture.java:1618)
	at java.util.concurrent.CompletableFuture.supplyAsync(CompletableFuture.java:1843)
	at org.apache.ratis.server.impl.RaftServerImpl.executeSubmitServerRequestAsync(RaftServerImpl.java:898)
	at org.apache.ratis.server.impl.RaftServerProxy.lambda$appendEntriesAsync$29(RaftServerProxy.java:655)
	at java.util.concurrent.CompletableFuture.uniComposeStage(CompletableFuture.java:995)
	... 13 more
2024-09-15 02:32:26,809 [s2@group-39FE727B82F7-StateMachineUpdater] INFO  impl.SimpleStateMachine4Testing (SimpleStateMachine4Testing.java:applyTransaction(251)) - applyTransaction for log index 247
2024-09-15 02:32:26,809 [s2@group-39FE727B82F7-StateMachineUpdater] INFO  impl.SimpleStateMachine4Testing (SimpleStateMachine4Testing.java:put(207)) - s2: put 247, m122 -> (t:2, i:247), STATEMACHINELOGENTRY, WRITE: logData.size=4, stateMachineData.size=17, logEntryProtoSerializedSize=0
2024-09-15 02:32:26,812 [s1@group-39FE727B82F7-StateMachineUpdater] INFO  impl.SimpleStateMachine4Testing (SimpleStateMachine4Testing.java:applyTransaction(251)) - applyTransaction for log index 247
2024-09-15 02:32:26,812 [s1@group-39FE727B82F7-StateMachineUpdater] INFO  impl.SimpleStateMachine4Testing (SimpleStateMachine4Testing.java:put(207)) - s1: put 247, m122 -> (t:2, i:247), STATEMACHINELOGENTRY, WRITE: logData.size=4, stateMachineData.size=17, logEntryProtoSerializedSize=0
2024-09-15 02:32:26,812 [grpc-default-executor-0] INFO  leader.LogAppender (LogAppenderBase.java:lambda$getNextIndexForError$0(219)) - Decrease nextIndex to 83
2024-09-15 02:32:26,812 [grpc-default-executor-0] INFO  leader.LogAppender (LogAppenderBase.java:lambda$getNextIndexForError$0(219)) - Decrease nextIndex to 83
2024-09-15 02:32:26,813 [grpc-default-executor-0] INFO  leader.FollowerInfo (FollowerInfoImpl.java:info(70)) - s2@group-39FE727B82F7->s0: computeNextIndex nextIndex: updateUnconditionally 248 -> 83
2024-09-15 02:32:26,815 [s2@group-39FE727B82F7-StateMachineUpdater] INFO  impl.SimpleStateMachine4Testing (SimpleStateMachine4Testing.java:applyTransaction(251)) - applyTransaction for log index 249
2024-09-15 02:32:26,816 [s2@group-39FE727B82F7-StateMachineUpdater] INFO  impl.SimpleStateMachine4Testing (SimpleStateMachine4Testing.java:put(207)) - s2: put 249, m123 -> (t:2, i:249), STATEMACHINELOGENTRY, WRITE: logData.size=4, stateMachineData.size=17, logEntryProtoSerializedSize=0
2024-09-15 02:32:26,818 [grpc-default-executor-0] WARN  server.GrpcServerProtocolService (LogUtils.java:warn(123)) - s0: Failed APPEND_ENTRIES request cid=200, isHeartbeat? false
java.util.concurrent.CompletionException: java.util.concurrent.RejectedExecutionException: Task java.util.concurrent.CompletableFuture$AsyncSupply@38087e58 rejected from java.util.concurrent.ThreadPoolExecutor@107aea74[Terminated, pool size = 0, active threads = 0, queued tasks = 0, completed tasks = 0]
	at java.util.concurrent.CompletableFuture.encodeThrowable(CompletableFuture.java:273)
	at java.util.concurrent.CompletableFuture.uniComposeStage(CompletableFuture.java:1005)
	at java.util.concurrent.CompletableFuture.thenCompose(CompletableFuture.java:2137)
	at org.apache.ratis.server.impl.RaftServerProxy.appendEntriesAsync(RaftServerProxy.java:655)
	at org.apache.ratis.grpc.server.GrpcServerProtocolService$1.process(GrpcServerProtocolService.java:307)
	at org.apache.ratis.grpc.server.GrpcServerProtocolService$ServerRequestStreamObserver.onNext(GrpcServerProtocolService.java:174)
	at org.apache.ratis.thirdparty.io.grpc.stub.ServerCalls$StreamingServerCallHandler$StreamingServerCallListener.onMessage(ServerCalls.java:262)
	at org.apache.ratis.thirdparty.io.grpc.internal.ServerCallImpl$ServerStreamListenerImpl.messagesAvailableInternal(ServerCallImpl.java:329)
	at org.apache.ratis.thirdparty.io.grpc.internal.ServerCallImpl$ServerStreamListenerImpl.messagesAvailable(ServerCallImpl.java:314)
	at org.apache.ratis.thirdparty.io.grpc.internal.ServerImpl$JumpToApplicationThreadServerStreamListener$1MessagesAvailable.runInContext(ServerImpl.java:833)
	at org.apache.ratis.thirdparty.io.grpc.internal.ContextRunnable.run(ContextRunnable.java:37)
	at org.apache.ratis.thirdparty.io.grpc.internal.SerializingExecutor.run(SerializingExecutor.java:133)
	at java.util.concurrent.ThreadPoolExecutor.runWorker(ThreadPoolExecutor.java:1149)
	at java.util.concurrent.ThreadPoolExecutor$Worker.run(ThreadPoolExecutor.java:624)
	at java.lang.Thread.run(Thread.java:750)
Caused by: java.util.concurrent.RejectedExecutionException: Task java.util.concurrent.CompletableFuture$AsyncSupply@38087e58 rejected from java.util.concurrent.ThreadPoolExecutor@107aea74[Terminated, pool size = 0, active threads = 0, queued tasks = 0, completed tasks = 0]
	at java.util.concurrent.ThreadPoolExecutor$AbortPolicy.rejectedExecution(ThreadPoolExecutor.java:2063)
	at java.util.concurrent.ThreadPoolExecutor.reject(ThreadPoolExecutor.java:830)
	at java.util.concurrent.ThreadPoolExecutor.execute(ThreadPoolExecutor.java:1379)
	at java.util.concurrent.CompletableFuture.asyncSupplyStage(CompletableFuture.java:1618)
	at java.util.concurrent.CompletableFuture.supplyAsync(CompletableFuture.java:1843)
	at org.apache.ratis.server.impl.RaftServerImpl.executeSubmitServerRequestAsync(RaftServerImpl.java:898)
	at org.apache.ratis.server.impl.RaftServerProxy.lambda$appendEntriesAsync$29(RaftServerProxy.java:655)
	at java.util.concurrent.CompletableFuture.uniComposeStage(CompletableFuture.java:995)
	... 13 more
2024-09-15 02:32:26,820 [s1@group-39FE727B82F7-StateMachineUpdater] INFO  impl.SimpleStateMachine4Testing (SimpleStateMachine4Testing.java:applyTransaction(251)) - applyTransaction for log index 249
2024-09-15 02:32:26,820 [s1@group-39FE727B82F7-StateMachineUpdater] INFO  impl.SimpleStateMachine4Testing (SimpleStateMachine4Testing.java:put(207)) - s1: put 249, m123 -> (t:2, i:249), STATEMACHINELOGENTRY, WRITE: logData.size=4, stateMachineData.size=17, logEntryProtoSerializedSize=0
2024-09-15 02:32:26,820 [grpc-default-executor-0] INFO  leader.LogAppender (LogAppenderBase.java:lambda$getNextIndexForError$0(219)) - Decrease nextIndex to 83
2024-09-15 02:32:26,820 [grpc-default-executor-0] INFO  leader.LogAppender (LogAppenderBase.java:lambda$getNextIndexForError$0(219)) - Decrease nextIndex to 83
2024-09-15 02:32:26,821 [grpc-default-executor-0] INFO  leader.FollowerInfo (FollowerInfoImpl.java:info(70)) - s2@group-39FE727B82F7->s0: computeNextIndex nextIndex: updateUnconditionally 250 -> 83
2024-09-15 02:32:26,823 [s2@group-39FE727B82F7-StateMachineUpdater] INFO  impl.SimpleStateMachine4Testing (SimpleStateMachine4Testing.java:applyTransaction(251)) - applyTransaction for log index 251
2024-09-15 02:32:26,823 [s2@group-39FE727B82F7-StateMachineUpdater] INFO  impl.SimpleStateMachine4Testing (SimpleStateMachine4Testing.java:put(207)) - s2: put 251, m124 -> (t:2, i:251), STATEMACHINELOGENTRY, WRITE: logData.size=4, stateMachineData.size=17, logEntryProtoSerializedSize=0
2024-09-15 02:32:26,824 [grpc-default-executor-2] WARN  server.GrpcServerProtocolService (LogUtils.java:warn(123)) - s0: Failed APPEND_ENTRIES request cid=202, isHeartbeat? false
java.util.concurrent.CompletionException: java.util.concurrent.RejectedExecutionException: Task java.util.concurrent.CompletableFuture$AsyncSupply@2cc07523 rejected from java.util.concurrent.ThreadPoolExecutor@107aea74[Terminated, pool size = 0, active threads = 0, queued tasks = 0, completed tasks = 0]
	at java.util.concurrent.CompletableFuture.encodeThrowable(CompletableFuture.java:273)
	at java.util.concurrent.CompletableFuture.uniComposeStage(CompletableFuture.java:1005)
	at java.util.concurrent.CompletableFuture.thenCompose(CompletableFuture.java:2137)
	at org.apache.ratis.server.impl.RaftServerProxy.appendEntriesAsync(RaftServerProxy.java:655)
	at org.apache.ratis.grpc.server.GrpcServerProtocolService$1.process(GrpcServerProtocolService.java:307)
	at org.apache.ratis.grpc.server.GrpcServerProtocolService$ServerRequestStreamObserver.onNext(GrpcServerProtocolService.java:174)
	at org.apache.ratis.thirdparty.io.grpc.stub.ServerCalls$StreamingServerCallHandler$StreamingServerCallListener.onMessage(ServerCalls.java:262)
	at org.apache.ratis.thirdparty.io.grpc.internal.ServerCallImpl$ServerStreamListenerImpl.messagesAvailableInternal(ServerCallImpl.java:329)
	at org.apache.ratis.thirdparty.io.grpc.internal.ServerCallImpl$ServerStreamListenerImpl.messagesAvailable(ServerCallImpl.java:314)
	at org.apache.ratis.thirdparty.io.grpc.internal.ServerImpl$JumpToApplicationThreadServerStreamListener$1MessagesAvailable.runInContext(ServerImpl.java:833)
	at org.apache.ratis.thirdparty.io.grpc.internal.ContextRunnable.run(ContextRunnable.java:37)
	at org.apache.ratis.thirdparty.io.grpc.internal.SerializingExecutor.run(SerializingExecutor.java:133)
	at java.util.concurrent.ThreadPoolExecutor.runWorker(ThreadPoolExecutor.java:1149)
	at java.util.concurrent.ThreadPoolExecutor$Worker.run(ThreadPoolExecutor.java:624)
	at java.lang.Thread.run(Thread.java:750)
Caused by: java.util.concurrent.RejectedExecutionException: Task java.util.concurrent.CompletableFuture$AsyncSupply@2cc07523 rejected from java.util.concurrent.ThreadPoolExecutor@107aea74[Terminated, pool size = 0, active threads = 0, queued tasks = 0, completed tasks = 0]
	at java.util.concurrent.ThreadPoolExecutor$AbortPolicy.rejectedExecution(ThreadPoolExecutor.java:2063)
	at java.util.concurrent.ThreadPoolExecutor.reject(ThreadPoolExecutor.java:830)
	at java.util.concurrent.ThreadPoolExecutor.execute(ThreadPoolExecutor.java:1379)
	at java.util.concurrent.CompletableFuture.asyncSupplyStage(CompletableFuture.java:1618)
	at java.util.concurrent.CompletableFuture.supplyAsync(CompletableFuture.java:1843)
	at org.apache.ratis.server.impl.RaftServerImpl.executeSubmitServerRequestAsync(RaftServerImpl.java:898)
	at org.apache.ratis.server.impl.RaftServerProxy.lambda$appendEntriesAsync$29(RaftServerProxy.java:655)
	at java.util.concurrent.CompletableFuture.uniComposeStage(CompletableFuture.java:995)
	... 13 more
2024-09-15 02:32:26,826 [s1@group-39FE727B82F7-StateMachineUpdater] INFO  impl.SimpleStateMachine4Testing (SimpleStateMachine4Testing.java:applyTransaction(251)) - applyTransaction for log index 251
2024-09-15 02:32:26,826 [s1@group-39FE727B82F7-StateMachineUpdater] INFO  impl.SimpleStateMachine4Testing (SimpleStateMachine4Testing.java:put(207)) - s1: put 251, m124 -> (t:2, i:251), STATEMACHINELOGENTRY, WRITE: logData.size=4, stateMachineData.size=17, logEntryProtoSerializedSize=0
2024-09-15 02:32:26,827 [grpc-default-executor-0] INFO  leader.LogAppender (LogAppenderBase.java:lambda$getNextIndexForError$0(219)) - Decrease nextIndex to 83
2024-09-15 02:32:26,827 [grpc-default-executor-0] INFO  leader.LogAppender (LogAppenderBase.java:lambda$getNextIndexForError$0(219)) - Decrease nextIndex to 83
2024-09-15 02:32:26,827 [grpc-default-executor-0] INFO  leader.FollowerInfo (FollowerInfoImpl.java:info(70)) - s2@group-39FE727B82F7->s0: computeNextIndex nextIndex: updateUnconditionally 252 -> 83
2024-09-15 02:32:26,828 [s2@group-39FE727B82F7-StateMachineUpdater] INFO  impl.SimpleStateMachine4Testing (SimpleStateMachine4Testing.java:applyTransaction(251)) - applyTransaction for log index 253
2024-09-15 02:32:26,829 [s2@group-39FE727B82F7-StateMachineUpdater] INFO  impl.SimpleStateMachine4Testing (SimpleStateMachine4Testing.java:put(207)) - s2: put 253, m125 -> (t:2, i:253), STATEMACHINELOGENTRY, WRITE: logData.size=4, stateMachineData.size=17, logEntryProtoSerializedSize=0
2024-09-15 02:32:26,832 [grpc-default-executor-3] WARN  server.GrpcServerProtocolService (LogUtils.java:warn(123)) - s0: Failed APPEND_ENTRIES request cid=204, isHeartbeat? false
java.util.concurrent.CompletionException: java.util.concurrent.RejectedExecutionException: Task java.util.concurrent.CompletableFuture$AsyncSupply@313d1ec9 rejected from java.util.concurrent.ThreadPoolExecutor@107aea74[Terminated, pool size = 0, active threads = 0, queued tasks = 0, completed tasks = 0]
	at java.util.concurrent.CompletableFuture.encodeThrowable(CompletableFuture.java:273)
	at java.util.concurrent.CompletableFuture.uniComposeStage(CompletableFuture.java:1005)
	at java.util.concurrent.CompletableFuture.thenCompose(CompletableFuture.java:2137)
	at org.apache.ratis.server.impl.RaftServerProxy.appendEntriesAsync(RaftServerProxy.java:655)
	at org.apache.ratis.grpc.server.GrpcServerProtocolService$1.process(GrpcServerProtocolService.java:307)
	at org.apache.ratis.grpc.server.GrpcServerProtocolService$ServerRequestStreamObserver.onNext(GrpcServerProtocolService.java:174)
	at org.apache.ratis.thirdparty.io.grpc.stub.ServerCalls$StreamingServerCallHandler$StreamingServerCallListener.onMessage(ServerCalls.java:262)
	at org.apache.ratis.thirdparty.io.grpc.internal.ServerCallImpl$ServerStreamListenerImpl.messagesAvailableInternal(ServerCallImpl.java:329)
	at org.apache.ratis.thirdparty.io.grpc.internal.ServerCallImpl$ServerStreamListenerImpl.messagesAvailable(ServerCallImpl.java:314)
	at org.apache.ratis.thirdparty.io.grpc.internal.ServerImpl$JumpToApplicationThreadServerStreamListener$1MessagesAvailable.runInContext(ServerImpl.java:833)
	at org.apache.ratis.thirdparty.io.grpc.internal.ContextRunnable.run(ContextRunnable.java:37)
	at org.apache.ratis.thirdparty.io.grpc.internal.SerializingExecutor.run(SerializingExecutor.java:133)
	at java.util.concurrent.ThreadPoolExecutor.runWorker(ThreadPoolExecutor.java:1149)
	at java.util.concurrent.ThreadPoolExecutor$Worker.run(ThreadPoolExecutor.java:624)
	at java.lang.Thread.run(Thread.java:750)
Caused by: java.util.concurrent.RejectedExecutionException: Task java.util.concurrent.CompletableFuture$AsyncSupply@313d1ec9 rejected from java.util.concurrent.ThreadPoolExecutor@107aea74[Terminated, pool size = 0, active threads = 0, queued tasks = 0, completed tasks = 0]
	at java.util.concurrent.ThreadPoolExecutor$AbortPolicy.rejectedExecution(ThreadPoolExecutor.java:2063)
	at java.util.concurrent.ThreadPoolExecutor.reject(ThreadPoolExecutor.java:830)
	at java.util.concurrent.ThreadPoolExecutor.execute(ThreadPoolExecutor.java:1379)
	at java.util.concurrent.CompletableFuture.asyncSupplyStage(CompletableFuture.java:1618)
	at java.util.concurrent.CompletableFuture.supplyAsync(CompletableFuture.java:1843)
	at org.apache.ratis.server.impl.RaftServerImpl.executeSubmitServerRequestAsync(RaftServerImpl.java:898)
	at org.apache.ratis.server.impl.RaftServerProxy.lambda$appendEntriesAsync$29(RaftServerProxy.java:655)
	at java.util.concurrent.CompletableFuture.uniComposeStage(CompletableFuture.java:995)
	... 13 more
2024-09-15 02:32:26,833 [s1@group-39FE727B82F7-StateMachineUpdater] INFO  impl.SimpleStateMachine4Testing (SimpleStateMachine4Testing.java:applyTransaction(251)) - applyTransaction for log index 253
2024-09-15 02:32:26,833 [s1@group-39FE727B82F7-StateMachineUpdater] INFO  impl.SimpleStateMachine4Testing (SimpleStateMachine4Testing.java:put(207)) - s1: put 253, m125 -> (t:2, i:253), STATEMACHINELOGENTRY, WRITE: logData.size=4, stateMachineData.size=17, logEntryProtoSerializedSize=0
2024-09-15 02:32:26,834 [grpc-default-executor-3] INFO  leader.LogAppender (LogAppenderBase.java:lambda$getNextIndexForError$0(219)) - Decrease nextIndex to 83
2024-09-15 02:32:26,834 [grpc-default-executor-3] INFO  leader.LogAppender (LogAppenderBase.java:lambda$getNextIndexForError$0(219)) - Decrease nextIndex to 83
2024-09-15 02:32:26,834 [grpc-default-executor-3] INFO  leader.FollowerInfo (FollowerInfoImpl.java:info(70)) - s2@group-39FE727B82F7->s0: computeNextIndex nextIndex: updateUnconditionally 254 -> 83
2024-09-15 02:32:26,836 [s2@group-39FE727B82F7-StateMachineUpdater] INFO  impl.SimpleStateMachine4Testing (SimpleStateMachine4Testing.java:applyTransaction(251)) - applyTransaction for log index 255
2024-09-15 02:32:26,836 [s2@group-39FE727B82F7-StateMachineUpdater] INFO  impl.SimpleStateMachine4Testing (SimpleStateMachine4Testing.java:put(207)) - s2: put 255, m126 -> (t:2, i:255), STATEMACHINELOGENTRY, WRITE: logData.size=4, stateMachineData.size=17, logEntryProtoSerializedSize=0
2024-09-15 02:32:26,836 [s2@group-39FE727B82F7-StateMachineUpdater] TRACE util.FileUtils (FileUtils.java:deleteFully(305)) - deleteFully /tmp/ratis-tests/statemachine/s2/snapshot/2_255
2024-09-15 02:32:26,837 [s2@group-39FE727B82F7-StateMachineUpdater] TRACE util.FileUtils (FileUtils.java:deleteFully(318)) - deleteFully: /tmp/ratis-tests/statemachine/s2/snapshot/2_255 does not exist.
2024-09-15 02:32:26,837 [s2@group-39FE727B82F7-StateMachineUpdater] TRACE util.FileUtils (FileUtils.java:deleteFully(305)) - deleteFully /tmp/ratis-tests/statemachine/s2/tmp/f3938eac-d77b-4822-903c-fb52d6bba296
2024-09-15 02:32:26,837 [s2@group-39FE727B82F7-StateMachineUpdater] TRACE util.FileUtils (FileUtils.java:deleteFully(318)) - deleteFully: /tmp/ratis-tests/statemachine/s2/tmp/f3938eac-d77b-4822-903c-fb52d6bba296 does not exist.
2024-09-15 02:32:26,837 [s2@group-39FE727B82F7-StateMachineUpdater] TRACE util.FileUtils (LogUtils.java:runAndLog(49)) - Successfully ran Atomic Files.move /tmp/ratis-tests/statemachine/s2/tmp/f3938eac-d77b-4822-903c-fb52d6bba296 to /tmp/ratis-tests/statemachine/s2/snapshot/2_255
2024-09-15 02:32:26,837 [s2@group-39FE727B82F7-StateMachineUpdater] INFO  impl.StateMachineUpdater (StateMachineUpdater.java:takeSnapshot(308)) - s2@group-39FE727B82F7-StateMachineUpdater: Took a snapshot at index 255
2024-09-15 02:32:26,837 [s2@group-39FE727B82F7-StateMachineUpdater] INFO  impl.StateMachineUpdater (StateMachineUpdater.java:lambda$new$0(102)) - s2@group-39FE727B82F7-StateMachineUpdater: snapshotIndex: updateIncreasingly 191 -> 255
2024-09-15 02:32:26,839 [s1@group-39FE727B82F7-StateMachineUpdater] INFO  impl.SimpleStateMachine4Testing (SimpleStateMachine4Testing.java:applyTransaction(251)) - applyTransaction for log index 255
2024-09-15 02:32:26,840 [s1@group-39FE727B82F7-StateMachineUpdater] INFO  impl.SimpleStateMachine4Testing (SimpleStateMachine4Testing.java:put(207)) - s1: put 255, m126 -> (t:2, i:255), STATEMACHINELOGENTRY, WRITE: logData.size=4, stateMachineData.size=17, logEntryProtoSerializedSize=0
2024-09-15 02:32:26,841 [grpc-default-executor-4] WARN  server.GrpcServerProtocolService (LogUtils.java:warn(123)) - s0: Failed APPEND_ENTRIES request cid=206, isHeartbeat? false
java.util.concurrent.CompletionException: java.util.concurrent.RejectedExecutionException: Task java.util.concurrent.CompletableFuture$AsyncSupply@41b3bea6 rejected from java.util.concurrent.ThreadPoolExecutor@107aea74[Terminated, pool size = 0, active threads = 0, queued tasks = 0, completed tasks = 0]
	at java.util.concurrent.CompletableFuture.encodeThrowable(CompletableFuture.java:273)
	at java.util.concurrent.CompletableFuture.uniComposeStage(CompletableFuture.java:1005)
	at java.util.concurrent.CompletableFuture.thenCompose(CompletableFuture.java:2137)
	at org.apache.ratis.server.impl.RaftServerProxy.appendEntriesAsync(RaftServerProxy.java:655)
	at org.apache.ratis.grpc.server.GrpcServerProtocolService$1.process(GrpcServerProtocolService.java:307)
	at org.apache.ratis.grpc.server.GrpcServerProtocolService$ServerRequestStreamObserver.onNext(GrpcServerProtocolService.java:174)
	at org.apache.ratis.thirdparty.io.grpc.stub.ServerCalls$StreamingServerCallHandler$StreamingServerCallListener.onMessage(ServerCalls.java:262)
	at org.apache.ratis.thirdparty.io.grpc.internal.ServerCallImpl$ServerStreamListenerImpl.messagesAvailableInternal(ServerCallImpl.java:329)
	at org.apache.ratis.thirdparty.io.grpc.internal.ServerCallImpl$ServerStreamListenerImpl.messagesAvailable(ServerCallImpl.java:314)
	at org.apache.ratis.thirdparty.io.grpc.internal.ServerImpl$JumpToApplicationThreadServerStreamListener$1MessagesAvailable.runInContext(ServerImpl.java:833)
	at org.apache.ratis.thirdparty.io.grpc.internal.ContextRunnable.run(ContextRunnable.java:37)
	at org.apache.ratis.thirdparty.io.grpc.internal.SerializingExecutor.run(SerializingExecutor.java:133)
	at java.util.concurrent.ThreadPoolExecutor.runWorker(ThreadPoolExecutor.java:1149)
	at java.util.concurrent.ThreadPoolExecutor$Worker.run(ThreadPoolExecutor.java:624)
	at java.lang.Thread.run(Thread.java:750)
Caused by: java.util.concurrent.RejectedExecutionException: Task java.util.concurrent.CompletableFuture$AsyncSupply@41b3bea6 rejected from java.util.concurrent.ThreadPoolExecutor@107aea74[Terminated, pool size = 0, active threads = 0, queued tasks = 0, completed tasks = 0]
	at java.util.concurrent.ThreadPoolExecutor$AbortPolicy.rejectedExecution(ThreadPoolExecutor.java:2063)
	at java.util.concurrent.ThreadPoolExecutor.reject(ThreadPoolExecutor.java:830)
	at java.util.concurrent.ThreadPoolExecutor.execute(ThreadPoolExecutor.java:1379)
	at java.util.concurrent.CompletableFuture.asyncSupplyStage(CompletableFuture.java:1618)
	at java.util.concurrent.CompletableFuture.supplyAsync(CompletableFuture.java:1843)
	at org.apache.ratis.server.impl.RaftServerImpl.executeSubmitServerRequestAsync(RaftServerImpl.java:898)
	at org.apache.ratis.server.impl.RaftServerProxy.lambda$appendEntriesAsync$29(RaftServerProxy.java:655)
	at java.util.concurrent.CompletableFuture.uniComposeStage(CompletableFuture.java:995)
	... 13 more
2024-09-15 02:32:26,842 [s2@group-39FE727B82F7-StateMachineUpdater] INFO  impl.SimpleStateMachine4Testing (SimpleStateMachine4Testing.java:applyTransaction(251)) - applyTransaction for log index 257
2024-09-15 02:32:26,842 [s2@group-39FE727B82F7-StateMachineUpdater] INFO  impl.SimpleStateMachine4Testing (SimpleStateMachine4Testing.java:put(207)) - s2: put 257, m127 -> (t:2, i:257), STATEMACHINELOGENTRY, WRITE: logData.size=4, stateMachineData.size=17, logEntryProtoSerializedSize=0
2024-09-15 02:32:26,843 [grpc-default-executor-0] INFO  leader.LogAppender (LogAppenderBase.java:lambda$getNextIndexForError$0(219)) - Decrease nextIndex to 83
2024-09-15 02:32:26,843 [grpc-default-executor-0] INFO  leader.LogAppender (LogAppenderBase.java:lambda$getNextIndexForError$0(219)) - Decrease nextIndex to 83
2024-09-15 02:32:26,844 [grpc-default-executor-0] INFO  leader.FollowerInfo (FollowerInfoImpl.java:info(70)) - s2@group-39FE727B82F7->s0: computeNextIndex nextIndex: updateUnconditionally 256 -> 83
2024-09-15 02:32:26,848 [s1@group-39FE727B82F7-StateMachineUpdater] INFO  impl.SimpleStateMachine4Testing (SimpleStateMachine4Testing.java:applyTransaction(251)) - applyTransaction for log index 257
2024-09-15 02:32:26,848 [s1@group-39FE727B82F7-StateMachineUpdater] INFO  impl.SimpleStateMachine4Testing (SimpleStateMachine4Testing.java:put(207)) - s1: put 257, m127 -> (t:2, i:257), STATEMACHINELOGENTRY, WRITE: logData.size=4, stateMachineData.size=17, logEntryProtoSerializedSize=0
2024-09-15 02:32:26,848 [s1@group-39FE727B82F7-StateMachineUpdater] TRACE util.FileUtils (FileUtils.java:deleteFully(305)) - deleteFully /tmp/ratis-tests/statemachine/s1/snapshot/2_257
2024-09-15 02:32:26,848 [s1@group-39FE727B82F7-StateMachineUpdater] TRACE util.FileUtils (FileUtils.java:deleteFully(318)) - deleteFully: /tmp/ratis-tests/statemachine/s1/snapshot/2_257 does not exist.
2024-09-15 02:32:26,848 [s1@group-39FE727B82F7-StateMachineUpdater] TRACE util.FileUtils (FileUtils.java:deleteFully(305)) - deleteFully /tmp/ratis-tests/statemachine/s1/tmp/be839b37-ec73-42d0-bd72-a35dfd951d6f
2024-09-15 02:32:26,848 [s1@group-39FE727B82F7-StateMachineUpdater] TRACE util.FileUtils (FileUtils.java:deleteFully(318)) - deleteFully: /tmp/ratis-tests/statemachine/s1/tmp/be839b37-ec73-42d0-bd72-a35dfd951d6f does not exist.
2024-09-15 02:32:26,849 [s1@group-39FE727B82F7-StateMachineUpdater] TRACE util.FileUtils (LogUtils.java:runAndLog(49)) - Successfully ran Atomic Files.move /tmp/ratis-tests/statemachine/s1/tmp/be839b37-ec73-42d0-bd72-a35dfd951d6f to /tmp/ratis-tests/statemachine/s1/snapshot/2_257
2024-09-15 02:32:26,849 [s1@group-39FE727B82F7-StateMachineUpdater] INFO  impl.StateMachineUpdater (StateMachineUpdater.java:takeSnapshot(308)) - s1@group-39FE727B82F7-StateMachineUpdater: Took a snapshot at index 257
2024-09-15 02:32:26,849 [s1@group-39FE727B82F7-StateMachineUpdater] INFO  impl.StateMachineUpdater (StateMachineUpdater.java:lambda$new$0(102)) - s1@group-39FE727B82F7-StateMachineUpdater: snapshotIndex: updateIncreasingly 193 -> 257
2024-09-15 02:32:26,855 [grpc-default-executor-0] WARN  server.GrpcServerProtocolService (LogUtils.java:warn(123)) - s0: Failed APPEND_ENTRIES request cid=208, isHeartbeat? false
java.util.concurrent.CompletionException: java.util.concurrent.RejectedExecutionException: Task java.util.concurrent.CompletableFuture$AsyncSupply@730cfddf rejected from java.util.concurrent.ThreadPoolExecutor@107aea74[Terminated, pool size = 0, active threads = 0, queued tasks = 0, completed tasks = 0]
	at java.util.concurrent.CompletableFuture.encodeThrowable(CompletableFuture.java:273)
	at java.util.concurrent.CompletableFuture.uniComposeStage(CompletableFuture.java:1005)
	at java.util.concurrent.CompletableFuture.thenCompose(CompletableFuture.java:2137)
	at org.apache.ratis.server.impl.RaftServerProxy.appendEntriesAsync(RaftServerProxy.java:655)
	at org.apache.ratis.grpc.server.GrpcServerProtocolService$1.process(GrpcServerProtocolService.java:307)
	at org.apache.ratis.grpc.server.GrpcServerProtocolService$ServerRequestStreamObserver.onNext(GrpcServerProtocolService.java:174)
	at org.apache.ratis.thirdparty.io.grpc.stub.ServerCalls$StreamingServerCallHandler$StreamingServerCallListener.onMessage(ServerCalls.java:262)
	at org.apache.ratis.thirdparty.io.grpc.internal.ServerCallImpl$ServerStreamListenerImpl.messagesAvailableInternal(ServerCallImpl.java:329)
	at org.apache.ratis.thirdparty.io.grpc.internal.ServerCallImpl$ServerStreamListenerImpl.messagesAvailable(ServerCallImpl.java:314)
	at org.apache.ratis.thirdparty.io.grpc.internal.ServerImpl$JumpToApplicationThreadServerStreamListener$1MessagesAvailable.runInContext(ServerImpl.java:833)
	at org.apache.ratis.thirdparty.io.grpc.internal.ContextRunnable.run(ContextRunnable.java:37)
	at org.apache.ratis.thirdparty.io.grpc.internal.SerializingExecutor.run(SerializingExecutor.java:133)
	at java.util.concurrent.ThreadPoolExecutor.runWorker(ThreadPoolExecutor.java:1149)
	at java.util.concurrent.ThreadPoolExecutor$Worker.run(ThreadPoolExecutor.java:624)
	at java.lang.Thread.run(Thread.java:750)
Caused by: java.util.concurrent.RejectedExecutionException: Task java.util.concurrent.CompletableFuture$AsyncSupply@730cfddf rejected from java.util.concurrent.ThreadPoolExecutor@107aea74[Terminated, pool size = 0, active threads = 0, queued tasks = 0, completed tasks = 0]
	at java.util.concurrent.ThreadPoolExecutor$AbortPolicy.rejectedExecution(ThreadPoolExecutor.java:2063)
	at java.util.concurrent.ThreadPoolExecutor.reject(ThreadPoolExecutor.java:830)
	at java.util.concurrent.ThreadPoolExecutor.execute(ThreadPoolExecutor.java:1379)
	at java.util.concurrent.CompletableFuture.asyncSupplyStage(CompletableFuture.java:1618)
	at java.util.concurrent.CompletableFuture.supplyAsync(CompletableFuture.java:1843)
	at org.apache.ratis.server.impl.RaftServerImpl.executeSubmitServerRequestAsync(RaftServerImpl.java:898)
	at org.apache.ratis.server.impl.RaftServerProxy.lambda$appendEntriesAsync$29(RaftServerProxy.java:655)
	at java.util.concurrent.CompletableFuture.uniComposeStage(CompletableFuture.java:995)
	... 13 more
2024-09-15 02:32:26,856 [grpc-default-executor-0] INFO  leader.LogAppender (LogAppenderBase.java:lambda$getNextIndexForError$0(219)) - Decrease nextIndex to 83
2024-09-15 02:32:26,856 [grpc-default-executor-0] INFO  leader.LogAppender (LogAppenderBase.java:lambda$getNextIndexForError$0(219)) - Decrease nextIndex to 83
2024-09-15 02:32:26,856 [grpc-default-executor-0] INFO  leader.FollowerInfo (FollowerInfoImpl.java:info(70)) - s2@group-39FE727B82F7->s0: computeNextIndex nextIndex: updateUnconditionally 259 -> 83
2024-09-15 02:32:29,930 [timer4] WARN  server.GrpcLogAppender (GrpcLogAppender.java:timeoutAppendRequest(450)) - s2@group-39FE727B82F7->s0-GrpcLogAppender: Timed out HEARTBEAT appendEntries, errorCount=82, request=AppendEntriesRequest:cid=209,entriesCount=0
2024-09-15 02:32:31,147 [timer3] WARN  server.GrpcLogAppender (LogUtils.java:warn(123)) - s2@group-39FE727B82F7->s0-AppendLogResponseHandler: Failed appendEntries (Repeated 81 times in the last 5.003s)
java.util.concurrent.RejectedExecutionException: Task java.util.concurrent.CompletableFuture$AsyncSupply@730cfddf rejected from java.util.concurrent.ThreadPoolExecutor@107aea74[Terminated, pool size = 0, active threads = 0, queued tasks = 0, completed tasks = 0]
	at java.util.concurrent.ThreadPoolExecutor$AbortPolicy.rejectedExecution(ThreadPoolExecutor.java:2063)
	at java.util.concurrent.ThreadPoolExecutor.reject(ThreadPoolExecutor.java:830)
	at java.util.concurrent.ThreadPoolExecutor.execute(ThreadPoolExecutor.java:1379)
	at java.util.concurrent.CompletableFuture.asyncSupplyStage(CompletableFuture.java:1618)
	at java.util.concurrent.CompletableFuture.supplyAsync(CompletableFuture.java:1843)
	at org.apache.ratis.server.impl.RaftServerImpl.executeSubmitServerRequestAsync(RaftServerImpl.java:898)
	at org.apache.ratis.server.impl.RaftServerProxy.lambda$appendEntriesAsync$29(RaftServerProxy.java:655)
	at java.util.concurrent.CompletableFuture.uniComposeStage(CompletableFuture.java:995)
	at java.util.concurrent.CompletableFuture.thenCompose(CompletableFuture.java:2137)
	at org.apache.ratis.server.impl.RaftServerProxy.appendEntriesAsync(RaftServerProxy.java:655)
	at org.apache.ratis.grpc.server.GrpcServerProtocolService$1.process(GrpcServerProtocolService.java:307)
	at org.apache.ratis.grpc.server.GrpcServerProtocolService$ServerRequestStreamObserver.onNext(GrpcServerProtocolService.java:174)
	at org.apache.ratis.thirdparty.io.grpc.stub.ServerCalls$StreamingServerCallHandler$StreamingServerCallListener.onMessage(ServerCalls.java:262)
	at org.apache.ratis.thirdparty.io.grpc.internal.ServerCallImpl$ServerStreamListenerImpl.messagesAvailableInternal(ServerCallImpl.java:329)
	at org.apache.ratis.thirdparty.io.grpc.internal.ServerCallImpl$ServerStreamListenerImpl.messagesAvailable(ServerCallImpl.java:314)
	at org.apache.ratis.thirdparty.io.grpc.internal.ServerImpl$JumpToApplicationThreadServerStreamListener$1MessagesAvailable.runInContext(ServerImpl.java:833)
	at org.apache.ratis.thirdparty.io.grpc.internal.ContextRunnable.run(ContextRunnable.java:37)
	at org.apache.ratis.thirdparty.io.grpc.internal.SerializingExecutor.run(SerializingExecutor.java:133)
	at java.util.concurrent.ThreadPoolExecutor.runWorker(ThreadPoolExecutor.java:1149)
	at java.util.concurrent.ThreadPoolExecutor$Worker.run(ThreadPoolExecutor.java:624)
	at java.lang.Thread.run(Thread.java:750)
2024-09-15 02:32:35,041 [Timer-2] INFO  impl.MiniRaftCluster (MiniRaftCluster.java:lambda$null$7(352)) - TIMED-PRINT: printing ALL groups
  s0:  RUNNING    LEADER s0@group-39FE727B82F7:t1, leader=s0, voted=s0, raftlog=Memoized:s0@group-39FE727B82F7-SegmentedRaftLog:CLOSED:c82, conf=conf: {index: 0, cur=peers:[s0|localhost:15012, s1|localhost:15016, s2|localhost:15020]|listeners:[], old=null} CLOSED
  s1:  RUNNING  FOLLOWER s1@group-39FE727B82F7:t2, leader=s2, voted=s2, raftlog=Memoized:s1@group-39FE727B82F7-SegmentedRaftLog:OPENED:c258:last(t:2, i:258), conf=conf: {index: 83, cur=peers:[s0|localhost:15012, s1|localhost:15016, s2|localhost:15020]|listeners:[], old=null} RUNNING
  s2:  RUNNING    LEADER s2@group-39FE727B82F7:t2, leader=s2, voted=s2, raftlog=Memoized:s2@group-39FE727B82F7-SegmentedRaftLog:OPENED:c258:last(t:2, i:258), conf=conf: {index: 83, cur=peers:[s0|localhost:15012, s1|localhost:15016, s2|localhost:15020]|listeners:[], old=null} RUNNING
2024-09-15 02:32:36,469 [timer5] WARN  server.GrpcLogAppender (GrpcLogAppender.java:timeoutAppendRequest(450)) - s2@group-39FE727B82F7->s0-GrpcLogAppender: Timed out HEARTBEAT appendEntries, errorCount=83, request=AppendEntriesRequest:cid=210,entriesCount=0
2024-09-15 02:32:42,680 [timer5] WARN  server.GrpcLogAppender (GrpcLogAppender.java:timeoutAppendRequest(450)) - s2@group-39FE727B82F7->s0-GrpcLogAppender: Timed out HEARTBEAT appendEntries, errorCount=84, request=AppendEntriesRequest:cid=211,entriesCount=0
2024-09-15 02:32:45,041 [Timer-2] INFO  impl.MiniRaftCluster (MiniRaftCluster.java:lambda$null$7(352)) - TIMED-PRINT: printing ALL groups
  s0:  RUNNING    LEADER s0@group-39FE727B82F7:t1, leader=s0, voted=s0, raftlog=Memoized:s0@group-39FE727B82F7-SegmentedRaftLog:CLOSED:c82, conf=conf: {index: 0, cur=peers:[s0|localhost:15012, s1|localhost:15016, s2|localhost:15020]|listeners:[], old=null} CLOSED
  s1:  RUNNING  FOLLOWER s1@group-39FE727B82F7:t2, leader=s2, voted=s2, raftlog=Memoized:s1@group-39FE727B82F7-SegmentedRaftLog:OPENED:c258:last(t:2, i:258), conf=conf: {index: 83, cur=peers:[s0|localhost:15012, s1|localhost:15016, s2|localhost:15020]|listeners:[], old=null} RUNNING
  s2:  RUNNING    LEADER s2@group-39FE727B82F7:t2, leader=s2, voted=s2, raftlog=Memoized:s2@group-39FE727B82F7-SegmentedRaftLog:OPENED:c258:last(t:2, i:258), conf=conf: {index: 83, cur=peers:[s0|localhost:15012, s1|localhost:15016, s2|localhost:15020]|listeners:[], old=null} RUNNING
2024-09-15 02:32:47,376 [timer4] WARN  server.GrpcLogAppender (GrpcLogAppender.java:timeoutAppendRequest(450)) - s2@group-39FE727B82F7->s0-GrpcLogAppender: Timed out HEARTBEAT appendEntries, errorCount=85, request=AppendEntriesRequest:cid=212,entriesCount=0
2024-09-15 02:32:54,007 [timer1] WARN  server.GrpcLogAppender (GrpcLogAppender.java:timeoutAppendRequest(450)) - s2@group-39FE727B82F7->s0-GrpcLogAppender: Timed out HEARTBEAT appendEntries, errorCount=86, request=AppendEntriesRequest:cid=213,entriesCount=0
2024-09-15 02:32:55,040 [Timer-2] INFO  impl.MiniRaftCluster (MiniRaftCluster.java:lambda$null$7(352)) - TIMED-PRINT: printing ALL groups
  s0:  RUNNING    LEADER s0@group-39FE727B82F7:t1, leader=s0, voted=s0, raftlog=Memoized:s0@group-39FE727B82F7-SegmentedRaftLog:CLOSED:c82, conf=conf: {index: 0, cur=peers:[s0|localhost:15012, s1|localhost:15016, s2|localhost:15020]|listeners:[], old=null} CLOSED
  s1:  RUNNING  FOLLOWER s1@group-39FE727B82F7:t2, leader=s2, voted=s2, raftlog=Memoized:s1@group-39FE727B82F7-SegmentedRaftLog:OPENED:c258:last(t:2, i:258), conf=conf: {index: 83, cur=peers:[s0|localhost:15012, s1|localhost:15016, s2|localhost:15020]|listeners:[], old=null} RUNNING
  s2:  RUNNING    LEADER s2@group-39FE727B82F7:t2, leader=s2, voted=s2, raftlog=Memoized:s2@group-39FE727B82F7-SegmentedRaftLog:OPENED:c258:last(t:2, i:258), conf=conf: {index: 83, cur=peers:[s0|localhost:15012, s1|localhost:15016, s2|localhost:15020]|listeners:[], old=null} RUNNING
2024-09-15 02:32:57,462 [timer0] WARN  server.GrpcLogAppender (GrpcLogAppender.java:timeoutAppendRequest(450)) - s2@group-39FE727B82F7->s0-GrpcLogAppender: Timed out HEARTBEAT appendEntries, errorCount=87, request=AppendEntriesRequest:cid=214,entriesCount=0
2024-09-15 02:33:04,875 [timer1] WARN  server.GrpcLogAppender (GrpcLogAppender.java:timeoutAppendRequest(450)) - s2@group-39FE727B82F7->s0-GrpcLogAppender: Timed out HEARTBEAT appendEntries, errorCount=88, request=AppendEntriesRequest:cid=215,entriesCount=0
2024-09-15 02:33:05,040 [Timer-2] INFO  impl.MiniRaftCluster (MiniRaftCluster.java:lambda$null$7(352)) - TIMED-PRINT: printing ALL groups
  s0:  RUNNING    LEADER s0@group-39FE727B82F7:t1, leader=s0, voted=s0, raftlog=Memoized:s0@group-39FE727B82F7-SegmentedRaftLog:CLOSED:c82, conf=conf: {index: 0, cur=peers:[s0|localhost:15012, s1|localhost:15016, s2|localhost:15020]|listeners:[], old=null} CLOSED
  s1:  RUNNING  FOLLOWER s1@group-39FE727B82F7:t2, leader=s2, voted=s2, raftlog=Memoized:s1@group-39FE727B82F7-SegmentedRaftLog:OPENED:c258:last(t:2, i:258), conf=conf: {index: 83, cur=peers:[s0|localhost:15012, s1|localhost:15016, s2|localhost:15020]|listeners:[], old=null} RUNNING
  s2:  RUNNING    LEADER s2@group-39FE727B82F7:t2, leader=s2, voted=s2, raftlog=Memoized:s2@group-39FE727B82F7-SegmentedRaftLog:OPENED:c258:last(t:2, i:258), conf=conf: {index: 83, cur=peers:[s0|localhost:15012, s1|localhost:15016, s2|localhost:15020]|listeners:[], old=null} RUNNING
2024-09-15 02:33:09,508 [timer0] WARN  server.GrpcLogAppender (GrpcLogAppender.java:timeoutAppendRequest(450)) - s2@group-39FE727B82F7->s0-GrpcLogAppender: Timed out HEARTBEAT appendEntries, errorCount=89, request=AppendEntriesRequest:cid=216,entriesCount=0
2024-09-15 02:33:14,080 [timer0] WARN  server.GrpcLogAppender (GrpcLogAppender.java:timeoutAppendRequest(450)) - s2@group-39FE727B82F7->s0-GrpcLogAppender: Timed out HEARTBEAT appendEntries, errorCount=90, request=AppendEntriesRequest:cid=217,entriesCount=0
2024-09-15 02:33:15,040 [Timer-2] INFO  impl.MiniRaftCluster (MiniRaftCluster.java:lambda$null$7(352)) - TIMED-PRINT: printing ALL groups
  s0:  RUNNING    LEADER s0@group-39FE727B82F7:t1, leader=s0, voted=s0, raftlog=Memoized:s0@group-39FE727B82F7-SegmentedRaftLog:CLOSED:c82, conf=conf: {index: 0, cur=peers:[s0|localhost:15012, s1|localhost:15016, s2|localhost:15020]|listeners:[], old=null} CLOSED
  s1:  RUNNING  FOLLOWER s1@group-39FE727B82F7:t2, leader=s2, voted=s2, raftlog=Memoized:s1@group-39FE727B82F7-SegmentedRaftLog:OPENED:c258:last(t:2, i:258), conf=conf: {index: 83, cur=peers:[s0|localhost:15012, s1|localhost:15016, s2|localhost:15020]|listeners:[], old=null} RUNNING
  s2:  RUNNING    LEADER s2@group-39FE727B82F7:t2, leader=s2, voted=s2, raftlog=Memoized:s2@group-39FE727B82F7-SegmentedRaftLog:OPENED:c258:last(t:2, i:258), conf=conf: {index: 83, cur=peers:[s0|localhost:15012, s1|localhost:15016, s2|localhost:15020]|listeners:[], old=null} RUNNING
2024-09-15 02:33:18,993 [timer0] WARN  server.GrpcLogAppender (GrpcLogAppender.java:timeoutAppendRequest(450)) - s2@group-39FE727B82F7->s0-GrpcLogAppender: Timed out HEARTBEAT appendEntries, errorCount=91, request=AppendEntriesRequest:cid=218,entriesCount=0
2024-09-15 02:33:25,040 [Timer-2] INFO  impl.MiniRaftCluster (MiniRaftCluster.java:lambda$null$7(352)) - TIMED-PRINT: printing ALL groups
  s0:  RUNNING    LEADER s0@group-39FE727B82F7:t1, leader=s0, voted=s0, raftlog=Memoized:s0@group-39FE727B82F7-SegmentedRaftLog:CLOSED:c82, conf=conf: {index: 0, cur=peers:[s0|localhost:15012, s1|localhost:15016, s2|localhost:15020]|listeners:[], old=null} CLOSED
  s1:  RUNNING  FOLLOWER s1@group-39FE727B82F7:t2, leader=s2, voted=s2, raftlog=Memoized:s1@group-39FE727B82F7-SegmentedRaftLog:OPENED:c258:last(t:2, i:258), conf=conf: {index: 83, cur=peers:[s0|localhost:15012, s1|localhost:15016, s2|localhost:15020]|listeners:[], old=null} RUNNING
  s2:  RUNNING    LEADER s2@group-39FE727B82F7:t2, leader=s2, voted=s2, raftlog=Memoized:s2@group-39FE727B82F7-SegmentedRaftLog:OPENED:c258:last(t:2, i:258), conf=conf: {index: 83, cur=peers:[s0|localhost:15012, s1|localhost:15016, s2|localhost:15020]|listeners:[], old=null} RUNNING
2024-09-15 02:33:26,111 [timer0] WARN  server.GrpcLogAppender (GrpcLogAppender.java:timeoutAppendRequest(450)) - s2@group-39FE727B82F7->s0-GrpcLogAppender: Timed out HEARTBEAT appendEntries, errorCount=92, request=AppendEntriesRequest:cid=219,entriesCount=0
2024-09-15 02:33:29,025 [s2@group-39FE727B82F7->s0-GrpcLogAppender-LogAppenderDaemon] INFO  impl.SimpleStateMachine4Testing (SimpleStateMachine4Testing.java:notifyFollowerSlowness(421)) - StateMachineWithSeparatedSnapshotPath:s2:group-39FE727B82F7: notifySlowness group-39FE727B82F7, self {
  id: "s2"
  address: "localhost:15020"
  dataStreamAddress: "localhost:15023"
  clientAddress: "localhost:15022"
  adminAddress: "localhost:15021"
  startupRole: FOLLOWER
}
roleElapsedTimeMs: 62914
leaderInfo {
  followerInfo {
    id {
      id: "s0"
      address: "localhost:15012"
      dataStreamAddress: "localhost:15015"
      clientAddress: "localhost:15014"
      adminAddress: "localhost:15013"
      startupRole: FOLLOWER
    }
    lastRpcElapsedTimeMs: 63216
  }
  followerInfo {
    id {
      id: "s1"
      address: "localhost:15016"
      dataStreamAddress: "localhost:15019"
      clientAddress: "localhost:15018"
      adminAddress: "localhost:15017"
      startupRole: FOLLOWER
    }
    lastRpcElapsedTimeMs: 59
  }
  term: 2
}
, s0|localhost:15012
2024-09-15 02:33:32,020 [timer0] WARN  server.GrpcLogAppender (GrpcLogAppender.java:timeoutAppendRequest(450)) - s2@group-39FE727B82F7->s0-GrpcLogAppender: Timed out HEARTBEAT appendEntries, errorCount=93, request=AppendEntriesRequest:cid=220,entriesCount=0
2024-09-15 02:33:35,041 [Timer-2] INFO  impl.MiniRaftCluster (MiniRaftCluster.java:lambda$null$7(352)) - TIMED-PRINT: printing ALL groups
  s0:  RUNNING    LEADER s0@group-39FE727B82F7:t1, leader=s0, voted=s0, raftlog=Memoized:s0@group-39FE727B82F7-SegmentedRaftLog:CLOSED:c82, conf=conf: {index: 0, cur=peers:[s0|localhost:15012, s1|localhost:15016, s2|localhost:15020]|listeners:[], old=null} CLOSED
  s1:  RUNNING  FOLLOWER s1@group-39FE727B82F7:t2, leader=s2, voted=s2, raftlog=Memoized:s1@group-39FE727B82F7-SegmentedRaftLog:OPENED:c258:last(t:2, i:258), conf=conf: {index: 83, cur=peers:[s0|localhost:15012, s1|localhost:15016, s2|localhost:15020]|listeners:[], old=null} RUNNING
  s2:  RUNNING    LEADER s2@group-39FE727B82F7:t2, leader=s2, voted=s2, raftlog=Memoized:s2@group-39FE727B82F7-SegmentedRaftLog:OPENED:c258:last(t:2, i:258), conf=conf: {index: 83, cur=peers:[s0|localhost:15012, s1|localhost:15016, s2|localhost:15020]|listeners:[], old=null} RUNNING
2024-09-15 02:33:35,048 [s2@group-39FE727B82F7->s0-GrpcLogAppender-LogAppenderDaemon] INFO  impl.SimpleStateMachine4Testing (SimpleStateMachine4Testing.java:notifyFollowerSlowness(421)) - StateMachineWithSeparatedSnapshotPath:s2:group-39FE727B82F7: notifySlowness group-39FE727B82F7, self {
  id: "s2"
  address: "localhost:15020"
  dataStreamAddress: "localhost:15023"
  clientAddress: "localhost:15022"
  adminAddress: "localhost:15021"
  startupRole: FOLLOWER
}
roleElapsedTimeMs: 68942
leaderInfo {
  followerInfo {
    id {
      id: "s0"
      address: "localhost:15012"
      dataStreamAddress: "localhost:15015"
      clientAddress: "localhost:15014"
      adminAddress: "localhost:15013"
      startupRole: FOLLOWER
    }
    lastRpcElapsedTimeMs: 69241
  }
  followerInfo {
    id {
      id: "s1"
      address: "localhost:15016"
      dataStreamAddress: "localhost:15019"
      clientAddress: "localhost:15018"
      adminAddress: "localhost:15017"
      startupRole: FOLLOWER
    }
    lastRpcElapsedTimeMs: 27
  }
  term: 2
}
, s0|localhost:15012
2024-09-15 02:33:38,047 [timer0] WARN  server.GrpcLogAppender (GrpcLogAppender.java:timeoutAppendRequest(450)) - s2@group-39FE727B82F7->s0-GrpcLogAppender: Timed out HEARTBEAT appendEntries, errorCount=94, request=AppendEntriesRequest:cid=221,entriesCount=0
2024-09-15 02:33:38,520 [s2@group-39FE727B82F7->s0-GrpcLogAppender-LogAppenderDaemon] INFO  impl.SimpleStateMachine4Testing (SimpleStateMachine4Testing.java:notifyFollowerSlowness(421)) - StateMachineWithSeparatedSnapshotPath:s2:group-39FE727B82F7: notifySlowness group-39FE727B82F7, self {
  id: "s2"
  address: "localhost:15020"
  dataStreamAddress: "localhost:15023"
  clientAddress: "localhost:15022"
  adminAddress: "localhost:15021"
  startupRole: FOLLOWER
}
roleElapsedTimeMs: 72414
leaderInfo {
  followerInfo {
    id {
      id: "s0"
      address: "localhost:15012"
      dataStreamAddress: "localhost:15015"
      clientAddress: "localhost:15014"
      adminAddress: "localhost:15013"
      startupRole: FOLLOWER
    }
    lastRpcElapsedTimeMs: 72712
  }
  followerInfo {
    id {
      id: "s1"
      address: "localhost:15016"
      dataStreamAddress: "localhost:15019"
      clientAddress: "localhost:15018"
      adminAddress: "localhost:15017"
      startupRole: FOLLOWER
    }
    lastRpcElapsedTimeMs: 58
  }
  term: 2
}
, s0|localhost:15012
2024-09-15 02:33:41,293 [s2@group-39FE727B82F7->s0-GrpcLogAppender-LogAppenderDaemon] INFO  impl.SimpleStateMachine4Testing (SimpleStateMachine4Testing.java:notifyFollowerSlowness(421)) - StateMachineWithSeparatedSnapshotPath:s2:group-39FE727B82F7: notifySlowness group-39FE727B82F7, self {
  id: "s2"
  address: "localhost:15020"
  dataStreamAddress: "localhost:15023"
  clientAddress: "localhost:15022"
  adminAddress: "localhost:15021"
  startupRole: FOLLOWER
}
roleElapsedTimeMs: 75187
leaderInfo {
  followerInfo {
    id {
      id: "s0"
      address: "localhost:15012"
      dataStreamAddress: "localhost:15015"
      clientAddress: "localhost:15014"
      adminAddress: "localhost:15013"
      startupRole: FOLLOWER
    }
    lastRpcElapsedTimeMs: 75486
  }
  followerInfo {
    id {
      id: "s1"
      address: "localhost:15016"
      dataStreamAddress: "localhost:15019"
      clientAddress: "localhost:15018"
      adminAddress: "localhost:15017"
      startupRole: FOLLOWER
    }
    lastRpcElapsedTimeMs: 69
  }
  term: 2
}
, s0|localhost:15012
2024-09-15 02:33:41,519 [timer0] WARN  server.GrpcLogAppender (GrpcLogAppender.java:timeoutAppendRequest(450)) - s2@group-39FE727B82F7->s0-GrpcLogAppender: Timed out HEARTBEAT appendEntries, errorCount=95, request=AppendEntriesRequest:cid=222,entriesCount=0
2024-09-15 02:33:44,292 [timer1] WARN  server.GrpcLogAppender (GrpcLogAppender.java:timeoutAppendRequest(450)) - s2@group-39FE727B82F7->s0-GrpcLogAppender: Timed out HEARTBEAT appendEntries, errorCount=96, request=AppendEntriesRequest:cid=223,entriesCount=0
2024-09-15 02:33:44,806 [s2@group-39FE727B82F7->s0-GrpcLogAppender-LogAppenderDaemon] INFO  impl.SimpleStateMachine4Testing (SimpleStateMachine4Testing.java:notifyFollowerSlowness(421)) - StateMachineWithSeparatedSnapshotPath:s2:group-39FE727B82F7: notifySlowness group-39FE727B82F7, self {
  id: "s2"
  address: "localhost:15020"
  dataStreamAddress: "localhost:15023"
  clientAddress: "localhost:15022"
  adminAddress: "localhost:15021"
  startupRole: FOLLOWER
}
roleElapsedTimeMs: 78700
leaderInfo {
  followerInfo {
    id {
      id: "s0"
      address: "localhost:15012"
      dataStreamAddress: "localhost:15015"
      clientAddress: "localhost:15014"
      adminAddress: "localhost:15013"
      startupRole: FOLLOWER
    }
    lastRpcElapsedTimeMs: 78999
  }
  followerInfo {
    id {
      id: "s1"
      address: "localhost:15016"
      dataStreamAddress: "localhost:15019"
      clientAddress: "localhost:15018"
      adminAddress: "localhost:15017"
      startupRole: FOLLOWER
    }
    lastRpcElapsedTimeMs: 60
  }
  term: 2
}
, s0|localhost:15012
2024-09-15 02:33:45,041 [Timer-2] INFO  impl.MiniRaftCluster (MiniRaftCluster.java:lambda$null$7(352)) - TIMED-PRINT: printing ALL groups
  s0:  RUNNING    LEADER s0@group-39FE727B82F7:t1, leader=s0, voted=s0, raftlog=Memoized:s0@group-39FE727B82F7-SegmentedRaftLog:CLOSED:c82, conf=conf: {index: 0, cur=peers:[s0|localhost:15012, s1|localhost:15016, s2|localhost:15020]|listeners:[], old=null} CLOSED
  s1:  RUNNING  FOLLOWER s1@group-39FE727B82F7:t2, leader=s2, voted=s2, raftlog=Memoized:s1@group-39FE727B82F7-SegmentedRaftLog:OPENED:c258:last(t:2, i:258), conf=conf: {index: 83, cur=peers:[s0|localhost:15012, s1|localhost:15016, s2|localhost:15020]|listeners:[], old=null} RUNNING
  s2:  RUNNING    LEADER s2@group-39FE727B82F7:t2, leader=s2, voted=s2, raftlog=Memoized:s2@group-39FE727B82F7-SegmentedRaftLog:OPENED:c258:last(t:2, i:258), conf=conf: {index: 83, cur=peers:[s0|localhost:15012, s1|localhost:15016, s2|localhost:15020]|listeners:[], old=null} RUNNING
2024-09-15 02:33:47,807 [timer0] WARN  server.GrpcLogAppender (GrpcLogAppender.java:timeoutAppendRequest(450)) - s2@group-39FE727B82F7->s0-GrpcLogAppender: Timed out HEARTBEAT appendEntries, errorCount=97, request=AppendEntriesRequest:cid=224,entriesCount=0
2024-09-15 02:33:49,762 [s2@group-39FE727B82F7->s0-GrpcLogAppender-LogAppenderDaemon] INFO  impl.SimpleStateMachine4Testing (SimpleStateMachine4Testing.java:notifyFollowerSlowness(421)) - StateMachineWithSeparatedSnapshotPath:s2:group-39FE727B82F7: notifySlowness group-39FE727B82F7, self {
  id: "s2"
  address: "localhost:15020"
  dataStreamAddress: "localhost:15023"
  clientAddress: "localhost:15022"
  adminAddress: "localhost:15021"
  startupRole: FOLLOWER
}
roleElapsedTimeMs: 83656
leaderInfo {
  followerInfo {
    id {
      id: "s0"
      address: "localhost:15012"
      dataStreamAddress: "localhost:15015"
      clientAddress: "localhost:15014"
      adminAddress: "localhost:15013"
      startupRole: FOLLOWER
    }
    lastRpcElapsedTimeMs: 83955
  }
  followerInfo {
    id {
      id: "s1"
      address: "localhost:15016"
      dataStreamAddress: "localhost:15019"
      clientAddress: "localhost:15018"
      adminAddress: "localhost:15017"
      startupRole: FOLLOWER
    }
    lastRpcElapsedTimeMs: 37
  }
  term: 2
}
, s0|localhost:15012
2024-09-15 02:33:52,762 [timer0] WARN  server.GrpcLogAppender (GrpcLogAppender.java:timeoutAppendRequest(450)) - s2@group-39FE727B82F7->s0-GrpcLogAppender: Timed out HEARTBEAT appendEntries, errorCount=98, request=AppendEntriesRequest:cid=225,entriesCount=0
2024-09-15 02:33:52,970 [s2@group-39FE727B82F7->s0-GrpcLogAppender-LogAppenderDaemon] INFO  impl.SimpleStateMachine4Testing (SimpleStateMachine4Testing.java:notifyFollowerSlowness(421)) - StateMachineWithSeparatedSnapshotPath:s2:group-39FE727B82F7: notifySlowness group-39FE727B82F7, self {
  id: "s2"
  address: "localhost:15020"
  dataStreamAddress: "localhost:15023"
  clientAddress: "localhost:15022"
  adminAddress: "localhost:15021"
  startupRole: FOLLOWER
}
roleElapsedTimeMs: 86864
leaderInfo {
  followerInfo {
    id {
      id: "s0"
      address: "localhost:15012"
      dataStreamAddress: "localhost:15015"
      clientAddress: "localhost:15014"
      adminAddress: "localhost:15013"
      startupRole: FOLLOWER
    }
    lastRpcElapsedTimeMs: 87163
  }
  followerInfo {
    id {
      id: "s1"
      address: "localhost:15016"
      dataStreamAddress: "localhost:15019"
      clientAddress: "localhost:15018"
      adminAddress: "localhost:15017"
      startupRole: FOLLOWER
    }
    lastRpcElapsedTimeMs: 30
  }
  term: 2
}
, s0|localhost:15012
2024-09-15 02:33:55,042 [Timer-2] INFO  impl.MiniRaftCluster (MiniRaftCluster.java:lambda$null$7(352)) - TIMED-PRINT: printing ALL groups
  s0:  RUNNING    LEADER s0@group-39FE727B82F7:t1, leader=s0, voted=s0, raftlog=Memoized:s0@group-39FE727B82F7-SegmentedRaftLog:CLOSED:c82, conf=conf: {index: 0, cur=peers:[s0|localhost:15012, s1|localhost:15016, s2|localhost:15020]|listeners:[], old=null} CLOSED
  s1:  RUNNING  FOLLOWER s1@group-39FE727B82F7:t2, leader=s2, voted=s2, raftlog=Memoized:s1@group-39FE727B82F7-SegmentedRaftLog:OPENED:c258:last(t:2, i:258), conf=conf: {index: 83, cur=peers:[s0|localhost:15012, s1|localhost:15016, s2|localhost:15020]|listeners:[], old=null} RUNNING
  s2:  RUNNING    LEADER s2@group-39FE727B82F7:t2, leader=s2, voted=s2, raftlog=Memoized:s2@group-39FE727B82F7-SegmentedRaftLog:OPENED:c258:last(t:2, i:258), conf=conf: {index: 83, cur=peers:[s0|localhost:15012, s1|localhost:15016, s2|localhost:15020]|listeners:[], old=null} RUNNING
2024-09-15 02:33:55,970 [timer0] WARN  server.GrpcLogAppender (GrpcLogAppender.java:timeoutAppendRequest(450)) - s2@group-39FE727B82F7->s0-GrpcLogAppender: Timed out HEARTBEAT appendEntries, errorCount=99, request=AppendEntriesRequest:cid=226,entriesCount=0
2024-09-15 02:33:58,284 [s2@group-39FE727B82F7->s0-GrpcLogAppender-LogAppenderDaemon] INFO  impl.SimpleStateMachine4Testing (SimpleStateMachine4Testing.java:notifyFollowerSlowness(421)) - StateMachineWithSeparatedSnapshotPath:s2:group-39FE727B82F7: notifySlowness group-39FE727B82F7, self {
  id: "s2"
  address: "localhost:15020"
  dataStreamAddress: "localhost:15023"
  clientAddress: "localhost:15022"
  adminAddress: "localhost:15021"
  startupRole: FOLLOWER
}
roleElapsedTimeMs: 92177
leaderInfo {
  followerInfo {
    id {
      id: "s0"
      address: "localhost:15012"
      dataStreamAddress: "localhost:15015"
      clientAddress: "localhost:15014"
      adminAddress: "localhost:15013"
      startupRole: FOLLOWER
    }
    lastRpcElapsedTimeMs: 92476
  }
  followerInfo {
    id {
      id: "s1"
      address: "localhost:15016"
      dataStreamAddress: "localhost:15019"
      clientAddress: "localhost:15018"
      adminAddress: "localhost:15017"
      startupRole: FOLLOWER
    }
    lastRpcElapsedTimeMs: 58
  }
  term: 2
}
, s0|localhost:15012
2024-09-15 02:34:01,283 [timer0] WARN  server.GrpcLogAppender (GrpcLogAppender.java:timeoutAppendRequest(450)) - s2@group-39FE727B82F7->s0-GrpcLogAppender: Timed out HEARTBEAT appendEntries, errorCount=100, request=AppendEntriesRequest:cid=227,entriesCount=0
2024-09-15 02:34:03,167 [s2@group-39FE727B82F7->s0-GrpcLogAppender-LogAppenderDaemon] INFO  impl.SimpleStateMachine4Testing (SimpleStateMachine4Testing.java:notifyFollowerSlowness(421)) - StateMachineWithSeparatedSnapshotPath:s2:group-39FE727B82F7: notifySlowness group-39FE727B82F7, self {
  id: "s2"
  address: "localhost:15020"
  dataStreamAddress: "localhost:15023"
  clientAddress: "localhost:15022"
  adminAddress: "localhost:15021"
  startupRole: FOLLOWER
}
roleElapsedTimeMs: 97061
leaderInfo {
  followerInfo {
    id {
      id: "s0"
      address: "localhost:15012"
      dataStreamAddress: "localhost:15015"
      clientAddress: "localhost:15014"
      adminAddress: "localhost:15013"
      startupRole: FOLLOWER
    }
    lastRpcElapsedTimeMs: 97360
  }
  followerInfo {
    id {
      id: "s1"
      address: "localhost:15016"
      dataStreamAddress: "localhost:15019"
      clientAddress: "localhost:15018"
      adminAddress: "localhost:15017"
      startupRole: FOLLOWER
    }
    lastRpcElapsedTimeMs: 51
  }
  term: 2
}
, s0|localhost:15012
2024-09-15 02:34:04,969 [main] INFO  impl.MiniRaftCluster (MiniRaftCluster.java:runWithNewCluster(145)) - printing ALL groups
  s0:  RUNNING    LEADER s0@group-39FE727B82F7:t1, leader=s0, voted=s0, raftlog=Memoized:s0@group-39FE727B82F7-SegmentedRaftLog:CLOSED:c82, conf=conf: {index: 0, cur=peers:[s0|localhost:15012, s1|localhost:15016, s2|localhost:15020]|listeners:[], old=null} CLOSED
  s1:  RUNNING  FOLLOWER s1@group-39FE727B82F7:t2, leader=s2, voted=s2, raftlog=Memoized:s1@group-39FE727B82F7-SegmentedRaftLog:OPENED:c258:last(t:2, i:258), conf=conf: {index: 83, cur=peers:[s0|localhost:15012, s1|localhost:15016, s2|localhost:15020]|listeners:[], old=null} RUNNING
  s2:  RUNNING    LEADER s2@group-39FE727B82F7:t2, leader=s2, voted=s2, raftlog=Memoized:s2@group-39FE727B82F7-SegmentedRaftLog:OPENED:c258:last(t:2, i:258), conf=conf: {index: 83, cur=peers:[s0|localhost:15012, s1|localhost:15016, s2|localhost:15020]|listeners:[], old=null} RUNNING
2024-09-15 02:34:04,969 [main] ERROR impl.MiniRaftCluster (MiniRaftCluster.java:runWithNewCluster(146)) - Failed org.apache.ratis.server.impl.MiniRaftCluster$Factory$Get.runWithNewCluster(MiniRaftCluster.java:121)
java.io.InterruptedIOException: retry policy=RetryForeverWithSleep(sleepTime = 100ms)
	at org.apache.ratis.client.impl.BlockingImpl.sendRequestWithRetry(BlockingImpl.java:138)
	at org.apache.ratis.client.impl.SnapshotManagementImpl.create(SnapshotManagementImpl.java:42)
	at org.apache.ratis.client.api.SnapshotManagementApi.create(SnapshotManagementApi.java:32)
	at org.apache.ratis.InstallSnapshotFromLeaderTests.testInstallSnapshotDuringLeaderSwitch(InstallSnapshotFromLeaderTests.java:150)
	at org.apache.ratis.server.impl.MiniRaftCluster$Factory$Get.runWithNewCluster(MiniRaftCluster.java:143)
	at org.apache.ratis.server.impl.MiniRaftCluster$Factory$Get.runWithNewCluster(MiniRaftCluster.java:121)
	at org.apache.ratis.InstallSnapshotFromLeaderTests.testInstallSnapshotLeaderSwitch(InstallSnapshotFromLeaderTests.java:96)
	at org.apache.ratis.grpc.TestLeaderInstallSnapshotWithGrpc.testInstallSnapshotLeaderSwitch(TestLeaderInstallSnapshotWithGrpc.java:53)
	at sun.reflect.NativeMethodAccessorImpl.invoke0(Native Method)
	at sun.reflect.NativeMethodAccessorImpl.invoke(NativeMethodAccessorImpl.java:62)
	at sun.reflect.DelegatingMethodAccessorImpl.invoke(DelegatingMethodAccessorImpl.java:43)
	at java.lang.reflect.Method.invoke(Method.java:498)
	at org.junit.platform.commons.util.ReflectionUtils.invokeMethod(ReflectionUtils.java:728)
	at org.junit.jupiter.engine.execution.MethodInvocation.proceed(MethodInvocation.java:60)
	at org.junit.jupiter.engine.execution.InvocationInterceptorChain$ValidatingInvocation.proceed(InvocationInterceptorChain.java:131)
	at org.junit.jupiter.engine.extension.SameThreadTimeoutInvocation.proceed(SameThreadTimeoutInvocation.java:45)
	at org.junit.jupiter.engine.extension.TimeoutExtension.intercept(TimeoutExtension.java:156)
	at org.junit.jupiter.engine.extension.TimeoutExtension.interceptTestableMethod(TimeoutExtension.java:147)
	at org.junit.jupiter.engine.extension.TimeoutExtension.interceptTestTemplateMethod(TimeoutExtension.java:94)
	at org.junit.jupiter.engine.execution.InterceptingExecutableInvoker$ReflectiveInterceptorCall.lambda$ofVoidMethod$0(InterceptingExecutableInvoker.java:103)
	at org.junit.jupiter.engine.execution.InterceptingExecutableInvoker.lambda$invoke$0(InterceptingExecutableInvoker.java:93)
	at org.junit.jupiter.engine.execution.InvocationInterceptorChain$InterceptedInvocation.proceed(InvocationInterceptorChain.java:106)
	at org.junit.jupiter.engine.execution.InvocationInterceptorChain.proceed(InvocationInterceptorChain.java:64)
	at org.junit.jupiter.engine.execution.InvocationInterceptorChain.chainAndInvoke(InvocationInterceptorChain.java:45)
	at org.junit.jupiter.engine.execution.InvocationInterceptorChain.invoke(InvocationInterceptorChain.java:37)
	at org.junit.jupiter.engine.execution.InterceptingExecutableInvoker.invoke(InterceptingExecutableInvoker.java:92)
	at org.junit.jupiter.engine.execution.InterceptingExecutableInvoker.invoke(InterceptingExecutableInvoker.java:86)
	at org.junit.jupiter.engine.descriptor.TestMethodTestDescriptor.lambda$invokeTestMethod$7(TestMethodTestDescriptor.java:218)
	at org.junit.platform.engine.support.hierarchical.ThrowableCollector.execute(ThrowableCollector.java:73)
	at org.junit.jupiter.engine.descriptor.TestMethodTestDescriptor.invokeTestMethod(TestMethodTestDescriptor.java:214)
	at org.junit.jupiter.engine.descriptor.TestMethodTestDescriptor.execute(TestMethodTestDescriptor.java:139)
	at org.junit.jupiter.engine.descriptor.TestMethodTestDescriptor.execute(TestMethodTestDescriptor.java:69)
	at org.junit.platform.engine.support.hierarchical.NodeTestTask.lambda$executeRecursively$6(NodeTestTask.java:151)
	at org.junit.platform.engine.support.hierarchical.ThrowableCollector.execute(ThrowableCollector.java:73)
	at org.junit.platform.engine.support.hierarchical.NodeTestTask.lambda$executeRecursively$8(NodeTestTask.java:141)
	at org.junit.platform.engine.support.hierarchical.Node.around(Node.java:137)
	at org.junit.platform.engine.support.hierarchical.NodeTestTask.lambda$executeRecursively$9(NodeTestTask.java:139)
	at org.junit.platform.engine.support.hierarchical.ThrowableCollector.execute(ThrowableCollector.java:73)
	at org.junit.platform.engine.support.hierarchical.NodeTestTask.executeRecursively(NodeTestTask.java:138)
	at org.junit.platform.engine.support.hierarchical.NodeTestTask.execute(NodeTestTask.java:95)
	at org.junit.platform.engine.support.hierarchical.SameThreadHierarchicalTestExecutorService.submit(SameThreadHierarchicalTestExecutorService.java:35)
	at org.junit.platform.engine.support.hierarchical.NodeTestTask$DefaultDynamicTestExecutor.execute(NodeTestTask.java:226)
	at org.junit.platform.engine.support.hierarchical.NodeTestTask$DefaultDynamicTestExecutor.execute(NodeTestTask.java:204)
	at org.junit.jupiter.engine.descriptor.TestTemplateTestDescriptor.execute(TestTemplateTestDescriptor.java:142)
	at org.junit.jupiter.engine.descriptor.TestTemplateTestDescriptor.lambda$execute$2(TestTemplateTestDescriptor.java:110)
	at java.util.stream.ForEachOps$ForEachOp$OfRef.accept(ForEachOps.java:183)
	at java.util.stream.ReferencePipeline$3$1.accept(ReferencePipeline.java:193)
	at java.util.stream.ReferencePipeline$2$1.accept(ReferencePipeline.java:175)
	at java.util.stream.ReferencePipeline$3$1.accept(ReferencePipeline.java:193)
	at java.util.stream.ForEachOps$ForEachOp$OfRef.accept(ForEachOps.java:183)
	at java.util.stream.ReferencePipeline$3$1.accept(ReferencePipeline.java:193)
	at java.util.stream.ReferencePipeline$3$1.accept(ReferencePipeline.java:193)
	at java.util.stream.ReferencePipeline$3$1.accept(ReferencePipeline.java:193)
	at java.util.stream.ForEachOps$ForEachOp$OfRef.accept(ForEachOps.java:183)
	at java.util.stream.ReferencePipeline$3$1.accept(ReferencePipeline.java:193)
	at java.util.Spliterators$ArraySpliterator.forEachRemaining(Spliterators.java:948)
	at java.util.stream.ReferencePipeline$Head.forEach(ReferencePipeline.java:647)
	at java.util.stream.ReferencePipeline$7$1.accept(ReferencePipeline.java:272)
	at java.util.stream.ReferencePipeline$3$1.accept(ReferencePipeline.java:193)
	at java.util.stream.ReferencePipeline$3$1.accept(ReferencePipeline.java:193)
	at java.util.stream.ReferencePipeline$3$1.accept(ReferencePipeline.java:193)
	at java.util.Spliterators$ArraySpliterator.forEachRemaining(Spliterators.java:948)
	at java.util.stream.AbstractPipeline.copyInto(AbstractPipeline.java:482)
	at java.util.stream.AbstractPipeline.wrapAndCopyInto(AbstractPipeline.java:472)
	at java.util.stream.ForEachOps$ForEachOp.evaluateSequential(ForEachOps.java:150)
	at java.util.stream.ForEachOps$ForEachOp$OfRef.evaluateSequential(ForEachOps.java:173)
	at java.util.stream.AbstractPipeline.evaluate(AbstractPipeline.java:234)
	at java.util.stream.ReferencePipeline.forEach(ReferencePipeline.java:485)
	at java.util.stream.ReferencePipeline$7$1.accept(ReferencePipeline.java:272)
	at java.util.stream.ReferencePipeline$3$1.accept(ReferencePipeline.java:193)
	at java.util.stream.ReferencePipeline$3$1.accept(ReferencePipeline.java:193)
	at java.util.stream.ReferencePipeline$3$1.accept(ReferencePipeline.java:193)
	at java.util.ArrayList$ArrayListSpliterator.forEachRemaining(ArrayList.java:1384)
	at java.util.stream.AbstractPipeline.copyInto(AbstractPipeline.java:482)
	at java.util.stream.AbstractPipeline.wrapAndCopyInto(AbstractPipeline.java:472)
	at java.util.stream.ForEachOps$ForEachOp.evaluateSequential(ForEachOps.java:150)
	at java.util.stream.ForEachOps$ForEachOp$OfRef.evaluateSequential(ForEachOps.java:173)
	at java.util.stream.AbstractPipeline.evaluate(AbstractPipeline.java:234)
	at java.util.stream.ReferencePipeline.forEach(ReferencePipeline.java:485)
	at java.util.stream.ReferencePipeline$7$1.accept(ReferencePipeline.java:272)
	at java.util.ArrayList$ArrayListSpliterator.forEachRemaining(ArrayList.java:1384)
	at java.util.stream.AbstractPipeline.copyInto(AbstractPipeline.java:482)
	at java.util.stream.AbstractPipeline.wrapAndCopyInto(AbstractPipeline.java:472)
	at java.util.stream.ForEachOps$ForEachOp.evaluateSequential(ForEachOps.java:150)
	at java.util.stream.ForEachOps$ForEachOp$OfRef.evaluateSequential(ForEachOps.java:173)
	at java.util.stream.AbstractPipeline.evaluate(AbstractPipeline.java:234)
	at java.util.stream.ReferencePipeline.forEach(ReferencePipeline.java:485)
	at org.junit.jupiter.engine.descriptor.TestTemplateTestDescriptor.execute(TestTemplateTestDescriptor.java:110)
	at org.junit.jupiter.engine.descriptor.TestTemplateTestDescriptor.execute(TestTemplateTestDescriptor.java:44)
	at org.junit.platform.engine.support.hierarchical.NodeTestTask.lambda$executeRecursively$6(NodeTestTask.java:151)
	at org.junit.platform.engine.support.hierarchical.ThrowableCollector.execute(ThrowableCollector.java:73)
	at org.junit.platform.engine.support.hierarchical.NodeTestTask.lambda$executeRecursively$8(NodeTestTask.java:141)
	at org.junit.platform.engine.support.hierarchical.Node.around(Node.java:137)
	at org.junit.platform.engine.support.hierarchical.NodeTestTask.lambda$executeRecursively$9(NodeTestTask.java:139)
	at org.junit.platform.engine.support.hierarchical.ThrowableCollector.execute(ThrowableCollector.java:73)
	at org.junit.platform.engine.support.hierarchical.NodeTestTask.executeRecursively(NodeTestTask.java:138)
	at org.junit.platform.engine.support.hierarchical.NodeTestTask.execute(NodeTestTask.java:95)
	at java.util.ArrayList.forEach(ArrayList.java:1259)
	at org.junit.platform.engine.support.hierarchical.SameThreadHierarchicalTestExecutorService.invokeAll(SameThreadHierarchicalTestExecutorService.java:41)
	at org.junit.platform.engine.support.hierarchical.NodeTestTask.lambda$executeRecursively$6(NodeTestTask.java:155)
	at org.junit.platform.engine.support.hierarchical.ThrowableCollector.execute(ThrowableCollector.java:73)
	at org.junit.platform.engine.support.hierarchical.NodeTestTask.lambda$executeRecursively$8(NodeTestTask.java:141)
	at org.junit.platform.engine.support.hierarchical.Node.around(Node.java:137)
	at org.junit.platform.engine.support.hierarchical.NodeTestTask.lambda$executeRecursively$9(NodeTestTask.java:139)
	at org.junit.platform.engine.support.hierarchical.ThrowableCollector.execute(ThrowableCollector.java:73)
	at org.junit.platform.engine.support.hierarchical.NodeTestTask.executeRecursively(NodeTestTask.java:138)
	at org.junit.platform.engine.support.hierarchical.NodeTestTask.execute(NodeTestTask.java:95)
	at java.util.ArrayList.forEach(ArrayList.java:1259)
	at org.junit.platform.engine.support.hierarchical.SameThreadHierarchicalTestExecutorService.invokeAll(SameThreadHierarchicalTestExecutorService.java:41)
	at org.junit.platform.engine.support.hierarchical.NodeTestTask.lambda$executeRecursively$6(NodeTestTask.java:155)
	at org.junit.platform.engine.support.hierarchical.ThrowableCollector.execute(ThrowableCollector.java:73)
	at org.junit.platform.engine.support.hierarchical.NodeTestTask.lambda$executeRecursively$8(NodeTestTask.java:141)
	at org.junit.platform.engine.support.hierarchical.Node.around(Node.java:137)
	at org.junit.platform.engine.support.hierarchical.NodeTestTask.lambda$executeRecursively$9(NodeTestTask.java:139)
	at org.junit.platform.engine.support.hierarchical.ThrowableCollector.execute(ThrowableCollector.java:73)
	at org.junit.platform.engine.support.hierarchical.NodeTestTask.executeRecursively(NodeTestTask.java:138)
	at org.junit.platform.engine.support.hierarchical.NodeTestTask.execute(NodeTestTask.java:95)
	at org.junit.platform.engine.support.hierarchical.SameThreadHierarchicalTestExecutorService.submit(SameThreadHierarchicalTestExecutorService.java:35)
	at org.junit.platform.engine.support.hierarchical.HierarchicalTestExecutor.execute(HierarchicalTestExecutor.java:57)
	at org.junit.platform.engine.support.hierarchical.HierarchicalTestEngine.execute(HierarchicalTestEngine.java:54)
	at org.junit.platform.launcher.core.EngineExecutionOrchestrator.execute(EngineExecutionOrchestrator.java:198)
	at org.junit.platform.launcher.core.EngineExecutionOrchestrator.execute(EngineExecutionOrchestrator.java:169)
	at org.junit.platform.launcher.core.EngineExecutionOrchestrator.execute(EngineExecutionOrchestrator.java:93)
	at org.junit.platform.launcher.core.EngineExecutionOrchestrator.lambda$execute$0(EngineExecutionOrchestrator.java:58)
	at org.junit.platform.launcher.core.EngineExecutionOrchestrator.withInterceptedStreams(EngineExecutionOrchestrator.java:141)
	at org.junit.platform.launcher.core.EngineExecutionOrchestrator.execute(EngineExecutionOrchestrator.java:57)
	at org.junit.platform.launcher.core.DefaultLauncher.execute(DefaultLauncher.java:103)
	at org.junit.platform.launcher.core.DefaultLauncher.execute(DefaultLauncher.java:85)
	at org.junit.platform.launcher.core.DelegatingLauncher.execute(DelegatingLauncher.java:47)
	at org.junit.platform.launcher.core.SessionPerRequestLauncher.execute(SessionPerRequestLauncher.java:63)
	at org.apache.maven.surefire.junitplatform.JUnitPlatformProvider.invokeAllTests(JUnitPlatformProvider.java:154)
	at org.apache.maven.surefire.junitplatform.JUnitPlatformProvider.invoke(JUnitPlatformProvider.java:123)
	at org.apache.maven.surefire.booter.ForkedBooter.runSuitesInProcess(ForkedBooter.java:377)
	at org.apache.maven.surefire.booter.ForkedBooter.execute(ForkedBooter.java:138)
	at org.apache.maven.surefire.booter.ForkedBooter.run(ForkedBooter.java:465)
	at org.apache.maven.surefire.booter.ForkedBooter.main(ForkedBooter.java:451)
2024-09-15 02:34:04,971 [main] INFO  impl.MiniRaftCluster (MiniRaftCluster.java:shutdown(837)) - ************************************************************** 
2024-09-15 02:34:04,971 [main] INFO  impl.MiniRaftCluster (MiniRaftCluster.java:shutdown(838)) - *** 
2024-09-15 02:34:04,972 [main] INFO  impl.MiniRaftCluster (MiniRaftCluster.java:shutdown(839)) - ***     Stopping MiniRaftClusterWithGrpc
2024-09-15 02:34:04,972 [main] INFO  impl.MiniRaftCluster (MiniRaftCluster.java:shutdown(840)) - *** 
2024-09-15 02:34:04,972 [main] INFO  impl.MiniRaftCluster (MiniRaftCluster.java:shutdown(841)) - ************************************************************** 
2024-09-15 02:34:04,972 [main] INFO  impl.MiniRaftCluster (MiniRaftCluster.java:shutdown(842)) - printing ALL groups
  s0:  RUNNING    LEADER s0@group-39FE727B82F7:t1, leader=s0, voted=s0, raftlog=Memoized:s0@group-39FE727B82F7-SegmentedRaftLog:CLOSED:c82, conf=conf: {index: 0, cur=peers:[s0|localhost:15012, s1|localhost:15016, s2|localhost:15020]|listeners:[], old=null} CLOSED
  s1:  RUNNING  FOLLOWER s1@group-39FE727B82F7:t2, leader=s2, voted=s2, raftlog=Memoized:s1@group-39FE727B82F7-SegmentedRaftLog:OPENED:c258:last(t:2, i:258), conf=conf: {index: 83, cur=peers:[s0|localhost:15012, s1|localhost:15016, s2|localhost:15020]|listeners:[], old=null} RUNNING
  s2:  RUNNING    LEADER s2@group-39FE727B82F7:t2, leader=s2, voted=s2, raftlog=Memoized:s2@group-39FE727B82F7-SegmentedRaftLog:OPENED:c258:last(t:2, i:258), conf=conf: {index: 83, cur=peers:[s0|localhost:15012, s1|localhost:15016, s2|localhost:15020]|listeners:[], old=null} RUNNING
2024-09-15 02:34:04,973 [MiniRaftCluster-7] INFO  server.RaftServer (RaftServerProxy.java:lambda$close$9(418)) - s0: close
2024-09-15 02:34:04,973 [MiniRaftCluster-8] INFO  server.RaftServer (RaftServerProxy.java:lambda$close$9(418)) - s1: close
2024-09-15 02:34:04,973 [main] WARN  impl.MiniRaftCluster (MiniRaftCluster.java:shutdown(855)) - shutdown interrupted
java.lang.InterruptedException
	at java.util.concurrent.locks.AbstractQueuedSynchronizer$ConditionObject.awaitNanos(AbstractQueuedSynchronizer.java:2067)
	at java.util.concurrent.ThreadPoolExecutor.awaitTermination(ThreadPoolExecutor.java:1475)
	at org.apache.ratis.server.impl.MiniRaftCluster.shutdown(MiniRaftCluster.java:853)
	at org.apache.ratis.grpc.MiniRaftClusterWithGrpc.shutdown(MiniRaftClusterWithGrpc.java:93)
	at org.apache.ratis.server.impl.MiniRaftCluster$Factory$Get.runWithNewCluster(MiniRaftCluster.java:149)
	at org.apache.ratis.server.impl.MiniRaftCluster$Factory$Get.runWithNewCluster(MiniRaftCluster.java:121)
	at org.apache.ratis.InstallSnapshotFromLeaderTests.testInstallSnapshotLeaderSwitch(InstallSnapshotFromLeaderTests.java:96)
	at org.apache.ratis.grpc.TestLeaderInstallSnapshotWithGrpc.testInstallSnapshotLeaderSwitch(TestLeaderInstallSnapshotWithGrpc.java:53)
	at sun.reflect.NativeMethodAccessorImpl.invoke0(Native Method)
	at sun.reflect.NativeMethodAccessorImpl.invoke(NativeMethodAccessorImpl.java:62)
	at sun.reflect.DelegatingMethodAccessorImpl.invoke(DelegatingMethodAccessorImpl.java:43)
	at java.lang.reflect.Method.invoke(Method.java:498)
	at org.junit.platform.commons.util.ReflectionUtils.invokeMethod(ReflectionUtils.java:728)
	at org.junit.jupiter.engine.execution.MethodInvocation.proceed(MethodInvocation.java:60)
	at org.junit.jupiter.engine.execution.InvocationInterceptorChain$ValidatingInvocation.proceed(InvocationInterceptorChain.java:131)
	at org.junit.jupiter.engine.extension.SameThreadTimeoutInvocation.proceed(SameThreadTimeoutInvocation.java:45)
	at org.junit.jupiter.engine.extension.TimeoutExtension.intercept(TimeoutExtension.java:156)
	at org.junit.jupiter.engine.extension.TimeoutExtension.interceptTestableMethod(TimeoutExtension.java:147)
	at org.junit.jupiter.engine.extension.TimeoutExtension.interceptTestTemplateMethod(TimeoutExtension.java:94)
	at org.junit.jupiter.engine.execution.InterceptingExecutableInvoker$ReflectiveInterceptorCall.lambda$ofVoidMethod$0(InterceptingExecutableInvoker.java:103)
	at org.junit.jupiter.engine.execution.InterceptingExecutableInvoker.lambda$invoke$0(InterceptingExecutableInvoker.java:93)
	at org.junit.jupiter.engine.execution.InvocationInterceptorChain$InterceptedInvocation.proceed(InvocationInterceptorChain.java:106)
	at org.junit.jupiter.engine.execution.InvocationInterceptorChain.proceed(InvocationInterceptorChain.java:64)
	at org.junit.jupiter.engine.execution.InvocationInterceptorChain.chainAndInvoke(InvocationInterceptorChain.java:45)
	at org.junit.jupiter.engine.execution.InvocationInterceptorChain.invoke(InvocationInterceptorChain.java:37)
	at org.junit.jupiter.engine.execution.InterceptingExecutableInvoker.invoke(InterceptingExecutableInvoker.java:92)
	at org.junit.jupiter.engine.execution.InterceptingExecutableInvoker.invoke(InterceptingExecutableInvoker.java:86)
	at org.junit.jupiter.engine.descriptor.TestMethodTestDescriptor.lambda$invokeTestMethod$7(TestMethodTestDescriptor.java:218)
	at org.junit.platform.engine.support.hierarchical.ThrowableCollector.execute(ThrowableCollector.java:73)
	at org.junit.jupiter.engine.descriptor.TestMethodTestDescriptor.invokeTestMethod(TestMethodTestDescriptor.java:214)
	at org.junit.jupiter.engine.descriptor.TestMethodTestDescriptor.execute(TestMethodTestDescriptor.java:139)
	at org.junit.jupiter.engine.descriptor.TestMethodTestDescriptor.execute(TestMethodTestDescriptor.java:69)
	at org.junit.platform.engine.support.hierarchical.NodeTestTask.lambda$executeRecursively$6(NodeTestTask.java:151)
	at org.junit.platform.engine.support.hierarchical.ThrowableCollector.execute(ThrowableCollector.java:73)
	at org.junit.platform.engine.support.hierarchical.NodeTestTask.lambda$executeRecursively$8(NodeTestTask.java:141)
	at org.junit.platform.engine.support.hierarchical.Node.around(Node.java:137)
	at org.junit.platform.engine.support.hierarchical.NodeTestTask.lambda$executeRecursively$9(NodeTestTask.java:139)
	at org.junit.platform.engine.support.hierarchical.ThrowableCollector.execute(ThrowableCollector.java:73)
	at org.junit.platform.engine.support.hierarchical.NodeTestTask.executeRecursively(NodeTestTask.java:138)
	at org.junit.platform.engine.support.hierarchical.NodeTestTask.execute(NodeTestTask.java:95)
	at org.junit.platform.engine.support.hierarchical.SameThreadHierarchicalTestExecutorService.submit(SameThreadHierarchicalTestExecutorService.java:35)
	at org.junit.platform.engine.support.hierarchical.NodeTestTask$DefaultDynamicTestExecutor.execute(NodeTestTask.java:226)
	at org.junit.platform.engine.support.hierarchical.NodeTestTask$DefaultDynamicTestExecutor.execute(NodeTestTask.java:204)
	at org.junit.jupiter.engine.descriptor.TestTemplateTestDescriptor.execute(TestTemplateTestDescriptor.java:142)
	at org.junit.jupiter.engine.descriptor.TestTemplateTestDescriptor.lambda$execute$2(TestTemplateTestDescriptor.java:110)
	at java.util.stream.ForEachOps$ForEachOp$OfRef.accept(ForEachOps.java:183)
	at java.util.stream.ReferencePipeline$3$1.accept(ReferencePipeline.java:193)
	at java.util.stream.ReferencePipeline$2$1.accept(ReferencePipeline.java:175)
	at java.util.stream.ReferencePipeline$3$1.accept(ReferencePipeline.java:193)
	at java.util.stream.ForEachOps$ForEachOp$OfRef.accept(ForEachOps.java:183)
	at java.util.stream.ReferencePipeline$3$1.accept(ReferencePipeline.java:193)
	at java.util.stream.ReferencePipeline$3$1.accept(ReferencePipeline.java:193)
	at java.util.stream.ReferencePipeline$3$1.accept(ReferencePipeline.java:193)
	at java.util.stream.ForEachOps$ForEachOp$OfRef.accept(ForEachOps.java:183)
	at java.util.stream.ReferencePipeline$3$1.accept(ReferencePipeline.java:193)
	at java.util.Spliterators$ArraySpliterator.forEachRemaining(Spliterators.java:948)
	at java.util.stream.ReferencePipeline$Head.forEach(ReferencePipeline.java:647)
	at java.util.stream.ReferencePipeline$7$1.accept(ReferencePipeline.java:272)
	at java.util.stream.ReferencePipeline$3$1.accept(ReferencePipeline.java:193)
	at java.util.stream.ReferencePipeline$3$1.accept(ReferencePipeline.java:193)
	at java.util.stream.ReferencePipeline$3$1.accept(ReferencePipeline.java:193)
	at java.util.Spliterators$ArraySpliterator.forEachRemaining(Spliterators.java:948)
	at java.util.stream.AbstractPipeline.copyInto(AbstractPipeline.java:482)
	at java.util.stream.AbstractPipeline.wrapAndCopyInto(AbstractPipeline.java:472)
	at java.util.stream.ForEachOps$ForEachOp.evaluateSequential(ForEachOps.java:150)
	at java.util.stream.ForEachOps$ForEachOp$OfRef.evaluateSequential(ForEachOps.java:173)
	at java.util.stream.AbstractPipeline.evaluate(AbstractPipeline.java:234)
	at java.util.stream.ReferencePipeline.forEach(ReferencePipeline.java:485)
	at java.util.stream.ReferencePipeline$7$1.accept(ReferencePipeline.java:272)
	at java.util.stream.ReferencePipeline$3$1.accept(ReferencePipeline.java:193)
	at java.util.stream.ReferencePipeline$3$1.accept(ReferencePipeline.java:193)
	at java.util.stream.ReferencePipeline$3$1.accept(ReferencePipeline.java:193)
	at java.util.ArrayList$ArrayListSpliterator.forEachRemaining(ArrayList.java:1384)
	at java.util.stream.AbstractPipeline.copyInto(AbstractPipeline.java:482)
	at java.util.stream.AbstractPipeline.wrapAndCopyInto(AbstractPipeline.java:472)
	at java.util.stream.ForEachOps$ForEachOp.evaluateSequential(ForEachOps.java:150)
	at java.util.stream.ForEachOps$ForEachOp$OfRef.evaluateSequential(ForEachOps.java:173)
	at java.util.stream.AbstractPipeline.evaluate(AbstractPipeline.java:234)
	at java.util.stream.ReferencePipeline.forEach(ReferencePipeline.java:485)
	at java.util.stream.ReferencePipeline$7$1.accept(ReferencePipeline.java:272)
	at java.util.ArrayList$ArrayListSpliterator.forEachRemaining(ArrayList.java:1384)
	at java.util.stream.AbstractPipeline.copyInto(AbstractPipeline.java:482)
	at java.util.stream.AbstractPipeline.wrapAndCopyInto(AbstractPipeline.java:472)
	at java.util.stream.ForEachOps$ForEachOp.evaluateSequential(ForEachOps.java:150)
	at java.util.stream.ForEachOps$ForEachOp$OfRef.evaluateSequential(ForEachOps.java:173)
	at java.util.stream.AbstractPipeline.evaluate(AbstractPipeline.java:234)
	at java.util.stream.ReferencePipeline.forEach(ReferencePipeline.java:485)
	at org.junit.jupiter.engine.descriptor.TestTemplateTestDescriptor.execute(TestTemplateTestDescriptor.java:110)
	at org.junit.jupiter.engine.descriptor.TestTemplateTestDescriptor.execute(TestTemplateTestDescriptor.java:44)
	at org.junit.platform.engine.support.hierarchical.NodeTestTask.lambda$executeRecursively$6(NodeTestTask.java:151)
	at org.junit.platform.engine.support.hierarchical.ThrowableCollector.execute(ThrowableCollector.java:73)
	at org.junit.platform.engine.support.hierarchical.NodeTestTask.lambda$executeRecursively$8(NodeTestTask.java:141)
	at org.junit.platform.engine.support.hierarchical.Node.around(Node.java:137)
	at org.junit.platform.engine.support.hierarchical.NodeTestTask.lambda$executeRecursively$9(NodeTestTask.java:139)
	at org.junit.platform.engine.support.hierarchical.ThrowableCollector.execute(ThrowableCollector.java:73)
	at org.junit.platform.engine.support.hierarchical.NodeTestTask.executeRecursively(NodeTestTask.java:138)
	at org.junit.platform.engine.support.hierarchical.NodeTestTask.execute(NodeTestTask.java:95)
	at java.util.ArrayList.forEach(ArrayList.java:1259)
	at org.junit.platform.engine.support.hierarchical.SameThreadHierarchicalTestExecutorService.invokeAll(SameThreadHierarchicalTestExecutorService.java:41)
	at org.junit.platform.engine.support.hierarchical.NodeTestTask.lambda$executeRecursively$6(NodeTestTask.java:155)
	at org.junit.platform.engine.support.hierarchical.ThrowableCollector.execute(ThrowableCollector.java:73)
	at org.junit.platform.engine.support.hierarchical.NodeTestTask.lambda$executeRecursively$8(NodeTestTask.java:141)
	at org.junit.platform.engine.support.hierarchical.Node.around(Node.java:137)
	at org.junit.platform.engine.support.hierarchical.NodeTestTask.lambda$executeRecursively$9(NodeTestTask.java:139)
	at org.junit.platform.engine.support.hierarchical.ThrowableCollector.execute(ThrowableCollector.java:73)
	at org.junit.platform.engine.support.hierarchical.NodeTestTask.executeRecursively(NodeTestTask.java:138)
	at org.junit.platform.engine.support.hierarchical.NodeTestTask.execute(NodeTestTask.java:95)
	at java.util.ArrayList.forEach(ArrayList.java:1259)
	at org.junit.platform.engine.support.hierarchical.SameThreadHierarchicalTestExecutorService.invokeAll(SameThreadHierarchicalTestExecutorService.java:41)
	at org.junit.platform.engine.support.hierarchical.NodeTestTask.lambda$executeRecursively$6(NodeTestTask.java:155)
	at org.junit.platform.engine.support.hierarchical.ThrowableCollector.execute(ThrowableCollector.java:73)
	at org.junit.platform.engine.support.hierarchical.NodeTestTask.lambda$executeRecursively$8(NodeTestTask.java:141)
	at org.junit.platform.engine.support.hierarchical.Node.around(Node.java:137)
	at org.junit.platform.engine.support.hierarchical.NodeTestTask.lambda$executeRecursively$9(NodeTestTask.java:139)
	at org.junit.platform.engine.support.hierarchical.ThrowableCollector.execute(ThrowableCollector.java:73)
	at org.junit.platform.engine.support.hierarchical.NodeTestTask.executeRecursively(NodeTestTask.java:138)
	at org.junit.platform.engine.support.hierarchical.NodeTestTask.execute(NodeTestTask.java:95)
	at org.junit.platform.engine.support.hierarchical.SameThreadHierarchicalTestExecutorService.submit(SameThreadHierarchicalTestExecutorService.java:35)
	at org.junit.platform.engine.support.hierarchical.HierarchicalTestExecutor.execute(HierarchicalTestExecutor.java:57)
	at org.junit.platform.engine.support.hierarchical.HierarchicalTestEngine.execute(HierarchicalTestEngine.java:54)
	at org.junit.platform.launcher.core.EngineExecutionOrchestrator.execute(EngineExecutionOrchestrator.java:198)
	at org.junit.platform.launcher.core.EngineExecutionOrchestrator.execute(EngineExecutionOrchestrator.java:169)
	at org.junit.platform.launcher.core.EngineExecutionOrchestrator.execute(EngineExecutionOrchestrator.java:93)
	at org.junit.platform.launcher.core.EngineExecutionOrchestrator.lambda$execute$0(EngineExecutionOrchestrator.java:58)
	at org.junit.platform.launcher.core.EngineExecutionOrchestrator.withInterceptedStreams(EngineExecutionOrchestrator.java:141)
	at org.junit.platform.launcher.core.EngineExecutionOrchestrator.execute(EngineExecutionOrchestrator.java:57)
	at org.junit.platform.launcher.core.DefaultLauncher.execute(DefaultLauncher.java:103)
	at org.junit.platform.launcher.core.DefaultLauncher.execute(DefaultLauncher.java:85)
	at org.junit.platform.launcher.core.DelegatingLauncher.execute(DelegatingLauncher.java:47)
	at org.junit.platform.launcher.core.SessionPerRequestLauncher.execute(SessionPerRequestLauncher.java:63)
	at org.apache.maven.surefire.junitplatform.JUnitPlatformProvider.invokeAllTests(JUnitPlatformProvider.java:154)
	at org.apache.maven.surefire.junitplatform.JUnitPlatformProvider.invoke(JUnitPlatformProvider.java:123)
	at org.apache.maven.surefire.booter.ForkedBooter.runSuitesInProcess(ForkedBooter.java:377)
	at org.apache.maven.surefire.booter.ForkedBooter.execute(ForkedBooter.java:138)
	at org.apache.maven.surefire.booter.ForkedBooter.run(ForkedBooter.java:465)
	at org.apache.maven.surefire.booter.ForkedBooter.main(ForkedBooter.java:451)
2024-09-15 02:34:04,978 [main] INFO  impl.MiniRaftCluster (MiniRaftCluster.java:shutdown(861)) - MiniRaftClusterWithGrpc shutdown completed
2024-09-15 02:34:04,979 [main] INFO  ratis.RaftTestUtil (RaftTestUtil.java:gc(593)) - gc 0
2024-09-15 02:34:04,974 [MiniRaftCluster-7] INFO  server.GrpcService (GrpcService.java:closeImpl(349)) - s0: shutdown server org.apache.ratis.grpc.server.GrpcClientProtocolService now
2024-09-15 02:34:04,974 [s1-impl-thread2] INFO  server.RaftServer$Division (RaftServerImpl.java:lambda$close$1(510)) - s1@group-39FE727B82F7: shutdown
2024-09-15 02:34:04,974 [MiniRaftCluster-8] INFO  server.GrpcService (GrpcService.java:closeImpl(349)) - s1: shutdown server org.apache.ratis.grpc.server.GrpcClientProtocolService now
2024-09-15 02:34:04,973 [MiniRaftCluster-9] INFO  server.RaftServer (RaftServerProxy.java:lambda$close$9(418)) - s2: close
2024-09-15 02:34:05,061 [s1-server-thread1] ERROR server.RaftServer$Division (RaftServerImpl.java:appendEntriesAsync(1510)) - s1@group-39FE727B82F7: Failed appendEntries* s2->s1#1562-t2,previous=(t:2, i:258),leaderCommit=258,initializing? false,HEARTBEAT
org.apache.ratis.protocol.exceptions.ServerNotReadyException: s1@group-39FE727B82F7 is not in [STARTING, RUNNING]: current state is CLOSING
	at org.apache.ratis.server.impl.RaftServerImpl.lambda$assertLifeCycleState$7(RaftServerImpl.java:783)
	at org.apache.ratis.util.LifeCycle.assertCurrentState(LifeCycle.java:260)
	at org.apache.ratis.server.impl.RaftServerImpl.assertLifeCycleState(RaftServerImpl.java:782)
	at org.apache.ratis.server.impl.RaftServerImpl.appendEntriesAsync(RaftServerImpl.java:1501)
	at org.apache.ratis.server.impl.RaftServerProxy.lambda$null$28(RaftServerProxy.java:655)
	at org.apache.ratis.util.JavaUtils.callAsUnchecked(JavaUtils.java:118)
	at org.apache.ratis.server.impl.RaftServerImpl.lambda$executeSubmitServerRequestAsync$10(RaftServerImpl.java:899)
	at java.util.concurrent.CompletableFuture$AsyncSupply.run(CompletableFuture.java:1604)
	at java.util.concurrent.ThreadPoolExecutor.runWorker(ThreadPoolExecutor.java:1149)
	at java.util.concurrent.ThreadPoolExecutor$Worker.run(ThreadPoolExecutor.java:624)
	at java.lang.Thread.run(Thread.java:750)
2024-09-15 02:34:05,062 [s1-impl-thread2] INFO  util.JmxRegister (JmxRegister.java:unregister(74)) - Successfully un-registered JMX Bean with object name Ratis:service=RaftServer,group=group-39FE727B82F7,id=s1
2024-09-15 02:34:05,062 [s1-impl-thread2] INFO  impl.RoleInfo (RoleInfo.java:shutdownFollowerState(119)) - s1: shutdown s1@group-39FE727B82F7-FollowerState
2024-09-15 02:34:05,059 [main] INFO  impl.MiniRaftCluster (MiniRaftCluster.java:shutdown(867)) - gc interrupted.
2024-09-15 02:34:05,062 [main] WARN  util.ReferenceCountedLeakDetector (ReferenceCountedLeakDetector.java:lambda$new$0(147)) - LEAK: A org.apache.ratis.proto.RaftProtos$AppendEntriesRequestProto is not released properly
2024-09-15 02:34:05,063 [main] WARN  util.ReferenceCountedLeakDetector (ReferenceCountedLeakDetector.java:lambda$new$0(147)) - LEAK: A org.apache.ratis.protocol.RaftClientRequest is not released properly
2024-09-15 02:34:05,063 [main] WARN  util.ReferenceCountedLeakDetector (ReferenceCountedLeakDetector.java:lambda$new$0(147)) - LEAK: A org.apache.ratis.protocol.RaftClientRequest is not released properly
2024-09-15 02:34:05,063 [main] WARN  util.ReferenceCountedLeakDetector (ReferenceCountedLeakDetector.java:lambda$new$0(147)) - LEAK: A org.apache.ratis.proto.RaftProtos$AppendEntriesRequestProto is not released properly
2024-09-15 02:34:05,063 [main] WARN  util.ReferenceCountedLeakDetector (ReferenceCountedLeakDetector.java:lambda$new$0(147)) - LEAK: A org.apache.ratis.protocol.RaftClientRequest is not released properly
2024-09-15 02:34:05,063 [main] WARN  util.ReferenceCountedLeakDetector (ReferenceCountedLeakDetector.java:lambda$new$0(147)) - LEAK: A org.apache.ratis.protocol.RaftClientRequest is not released properly
2024-09-15 02:34:05,063 [main] WARN  util.ReferenceCountedLeakDetector (ReferenceCountedLeakDetector.java:lambda$new$0(147)) - LEAK: A org.apache.ratis.proto.RaftProtos$AppendEntriesRequestProto is not released properly
2024-09-15 02:34:05,063 [main] WARN  util.ReferenceCountedLeakDetector (ReferenceCountedLeakDetector.java:lambda$new$0(147)) - LEAK: A org.apache.ratis.proto.RaftProtos$LogEntryProto is not released properly
2024-09-15 02:34:05,064 [main] WARN  util.ReferenceCountedLeakDetector (ReferenceCountedLeakDetector.java:lambda$new$0(147)) - LEAK: A org.apache.ratis.proto.RaftProtos$LogEntryProto is not released properly
2024-09-15 02:34:05,064 [main] WARN  util.ReferenceCountedLeakDetector (ReferenceCountedLeakDetector.java:lambda$new$0(147)) - LEAK: A org.apache.ratis.proto.RaftProtos$AppendEntriesRequestProto is not released properly
2024-09-15 02:34:05,064 [main] WARN  util.ReferenceCountedLeakDetector (ReferenceCountedLeakDetector.java:lambda$new$0(147)) - LEAK: A org.apache.ratis.proto.RaftProtos$AppendEntriesRequestProto is not released properly
2024-09-15 02:34:05,064 [main] WARN  util.ReferenceCountedLeakDetector (ReferenceCountedLeakDetector.java:lambda$new$0(147)) - LEAK: A org.apache.ratis.proto.RaftProtos$AppendEntriesRequestProto is not released properly
2024-09-15 02:34:05,064 [main] WARN  util.ReferenceCountedLeakDetector (ReferenceCountedLeakDetector.java:lambda$new$0(147)) - LEAK: A org.apache.ratis.proto.RaftProtos$AppendEntriesRequestProto is not released properly
2024-09-15 02:34:05,064 [main] WARN  util.ReferenceCountedLeakDetector (ReferenceCountedLeakDetector.java:lambda$new$0(147)) - LEAK: A org.apache.ratis.proto.RaftProtos$AppendEntriesRequestProto is not released properly
2024-09-15 02:34:05,064 [main] WARN  util.ReferenceCountedLeakDetector (ReferenceCountedLeakDetector.java:lambda$new$0(147)) - LEAK: A org.apache.ratis.proto.RaftProtos$AppendEntriesRequestProto is not released properly
2024-09-15 02:34:05,064 [main] WARN  util.ReferenceCountedLeakDetector (ReferenceCountedLeakDetector.java:lambda$new$0(147)) - LEAK: A org.apache.ratis.proto.RaftProtos$AppendEntriesRequestProto is not released properly
2024-09-15 02:34:05,065 [main] WARN  util.ReferenceCountedLeakDetector (ReferenceCountedLeakDetector.java:lambda$new$0(147)) - LEAK: A org.apache.ratis.proto.RaftProtos$AppendEntriesRequestProto is not released properly
2024-09-15 02:34:05,065 [main] WARN  util.ReferenceCountedLeakDetector (ReferenceCountedLeakDetector.java:lambda$new$0(147)) - LEAK: A org.apache.ratis.protocol.RaftClientRequest is not released properly
2024-09-15 02:34:05,065 [main] WARN  util.ReferenceCountedLeakDetector (ReferenceCountedLeakDetector.java:lambda$new$0(147)) - LEAK: A org.apache.ratis.proto.RaftProtos$LogEntryProto is not released properly
2024-09-15 02:34:05,065 [main] WARN  util.ReferenceCountedLeakDetector (ReferenceCountedLeakDetector.java:lambda$new$0(147)) - LEAK: A org.apache.ratis.proto.RaftProtos$AppendEntriesRequestProto is not released properly
2024-09-15 02:34:05,065 [main] WARN  util.ReferenceCountedLeakDetector (ReferenceCountedLeakDetector.java:lambda$new$0(147)) - LEAK: A org.apache.ratis.proto.RaftProtos$AppendEntriesRequestProto is not released properly
2024-09-15 02:34:05,065 [main] WARN  util.ReferenceCountedLeakDetector (ReferenceCountedLeakDetector.java:lambda$new$0(147)) - LEAK: A org.apache.ratis.proto.RaftProtos$AppendEntriesRequestProto is not released properly
2024-09-15 02:34:05,065 [main] WARN  util.ReferenceCountedLeakDetector (ReferenceCountedLeakDetector.java:lambda$new$0(147)) - LEAK: A org.apache.ratis.protocol.RaftClientRequest is not released properly
2024-09-15 02:34:05,065 [main] WARN  util.ReferenceCountedLeakDetector (ReferenceCountedLeakDetector.java:lambda$new$0(147)) - LEAK: A org.apache.ratis.protocol.RaftClientRequest is not released properly
2024-09-15 02:34:05,065 [main] WARN  util.ReferenceCountedLeakDetector (ReferenceCountedLeakDetector.java:lambda$new$0(147)) - LEAK: A org.apache.ratis.proto.RaftProtos$AppendEntriesRequestProto is not released properly
2024-09-15 02:34:05,066 [main] WARN  util.ReferenceCountedLeakDetector (ReferenceCountedLeakDetector.java:lambda$new$0(147)) - LEAK: A org.apache.ratis.proto.RaftProtos$AppendEntriesRequestProto is not released properly
2024-09-15 02:34:05,066 [main] WARN  util.ReferenceCountedLeakDetector (ReferenceCountedLeakDetector.java:lambda$new$0(147)) - LEAK: A org.apache.ratis.proto.RaftProtos$AppendEntriesRequestProto is not released properly
2024-09-15 02:34:05,066 [main] WARN  util.ReferenceCountedLeakDetector (ReferenceCountedLeakDetector.java:lambda$new$0(147)) - LEAK: A org.apache.ratis.protocol.RaftClientRequest is not released properly
2024-09-15 02:34:05,066 [main] WARN  util.ReferenceCountedLeakDetector (ReferenceCountedLeakDetector.java:lambda$new$0(147)) - LEAK: A org.apache.ratis.proto.RaftProtos$AppendEntriesRequestProto is not released properly
2024-09-15 02:34:05,066 [main] WARN  util.ReferenceCountedLeakDetector (ReferenceCountedLeakDetector.java:lambda$new$0(147)) - LEAK: A org.apache.ratis.proto.RaftProtos$AppendEntriesRequestProto is not released properly
2024-09-15 02:34:05,066 [main] WARN  util.ReferenceCountedLeakDetector (ReferenceCountedLeakDetector.java:lambda$new$0(147)) - LEAK: A org.apache.ratis.protocol.RaftClientRequest is not released properly
2024-09-15 02:34:05,066 [main] WARN  util.ReferenceCountedLeakDetector (ReferenceCountedLeakDetector.java:lambda$new$0(147)) - LEAK: A org.apache.ratis.proto.RaftProtos$AppendEntriesRequestProto is not released properly
2024-09-15 02:34:05,066 [main] WARN  util.ReferenceCountedLeakDetector (ReferenceCountedLeakDetector.java:lambda$new$0(147)) - LEAK: A org.apache.ratis.proto.RaftProtos$AppendEntriesRequestProto is not released properly
2024-09-15 02:34:05,066 [main] WARN  util.ReferenceCountedLeakDetector (ReferenceCountedLeakDetector.java:lambda$new$0(147)) - LEAK: A org.apache.ratis.proto.RaftProtos$AppendEntriesRequestProto is not released properly
2024-09-15 02:34:05,067 [main] WARN  util.ReferenceCountedLeakDetector (ReferenceCountedLeakDetector.java:lambda$new$0(147)) - LEAK: A org.apache.ratis.protocol.RaftClientRequest is not released properly
2024-09-15 02:34:05,067 [main] WARN  util.ReferenceCountedLeakDetector (ReferenceCountedLeakDetector.java:lambda$new$0(147)) - LEAK: A org.apache.ratis.proto.RaftProtos$AppendEntriesRequestProto is not released properly
2024-09-15 02:34:05,067 [main] WARN  util.ReferenceCountedLeakDetector (ReferenceCountedLeakDetector.java:lambda$new$0(147)) - LEAK: A org.apache.ratis.proto.RaftProtos$LogEntryProto is not released properly
2024-09-15 02:34:05,067 [main] WARN  util.ReferenceCountedLeakDetector (ReferenceCountedLeakDetector.java:lambda$new$0(147)) - LEAK: A org.apache.ratis.proto.RaftProtos$AppendEntriesRequestProto is not released properly
2024-09-15 02:34:05,067 [main] WARN  util.ReferenceCountedLeakDetector (ReferenceCountedLeakDetector.java:lambda$new$0(147)) - LEAK: A org.apache.ratis.protocol.RaftClientRequest is not released properly
2024-09-15 02:34:05,067 [main] WARN  util.ReferenceCountedLeakDetector (ReferenceCountedLeakDetector.java:lambda$new$0(147)) - LEAK: A org.apache.ratis.proto.RaftProtos$AppendEntriesRequestProto is not released properly
2024-09-15 02:34:05,067 [main] WARN  util.ReferenceCountedLeakDetector (ReferenceCountedLeakDetector.java:lambda$new$0(147)) - LEAK: A org.apache.ratis.proto.RaftProtos$LogEntryProto is not released properly
2024-09-15 02:34:05,067 [main] WARN  util.ReferenceCountedLeakDetector (ReferenceCountedLeakDetector.java:lambda$new$0(147)) - LEAK: A org.apache.ratis.proto.RaftProtos$AppendEntriesRequestProto is not released properly
2024-09-15 02:34:05,067 [main] WARN  util.ReferenceCountedLeakDetector (ReferenceCountedLeakDetector.java:lambda$new$0(147)) - LEAK: A org.apache.ratis.proto.RaftProtos$AppendEntriesRequestProto is not released properly
2024-09-15 02:34:05,068 [main] WARN  util.ReferenceCountedLeakDetector (ReferenceCountedLeakDetector.java:lambda$new$0(147)) - LEAK: A org.apache.ratis.proto.RaftProtos$AppendEntriesRequestProto is not released properly
2024-09-15 02:34:05,068 [main] WARN  util.ReferenceCountedLeakDetector (ReferenceCountedLeakDetector.java:lambda$new$0(147)) - LEAK: A org.apache.ratis.proto.RaftProtos$AppendEntriesRequestProto is not released properly
2024-09-15 02:34:05,068 [main] WARN  util.ReferenceCountedLeakDetector (ReferenceCountedLeakDetector.java:lambda$new$0(147)) - LEAK: A org.apache.ratis.proto.RaftProtos$AppendEntriesRequestProto is not released properly
2024-09-15 02:34:05,068 [main] WARN  util.ReferenceCountedLeakDetector (ReferenceCountedLeakDetector.java:lambda$new$0(147)) - LEAK: A org.apache.ratis.proto.RaftProtos$AppendEntriesRequestProto is not released properly
2024-09-15 02:34:05,068 [main] WARN  util.ReferenceCountedLeakDetector (ReferenceCountedLeakDetector.java:lambda$new$0(147)) - LEAK: A org.apache.ratis.proto.RaftProtos$AppendEntriesRequestProto is not released properly
2024-09-15 02:34:05,069 [main] WARN  util.ReferenceCountedLeakDetector (ReferenceCountedLeakDetector.java:lambda$new$0(147)) - LEAK: A org.apache.ratis.protocol.RaftClientRequest is not released properly
2024-09-15 02:34:05,069 [main] WARN  util.ReferenceCountedLeakDetector (ReferenceCountedLeakDetector.java:lambda$new$0(147)) - LEAK: A org.apache.ratis.proto.RaftProtos$AppendEntriesRequestProto is not released properly
2024-09-15 02:34:05,069 [main] WARN  util.ReferenceCountedLeakDetector (ReferenceCountedLeakDetector.java:lambda$new$0(147)) - LEAK: A org.apache.ratis.proto.RaftProtos$AppendEntriesRequestProto is not released properly
2024-09-15 02:34:05,069 [s2-impl-thread2] INFO  server.RaftServer$Division (RaftServerImpl.java:lambda$close$1(510)) - s2@group-39FE727B82F7: shutdown
2024-09-15 02:34:05,069 [MiniRaftCluster-9] INFO  server.GrpcService (GrpcService.java:closeImpl(349)) - s2: shutdown server org.apache.ratis.grpc.server.GrpcClientProtocolService now
2024-09-15 02:34:05,072 [s2-impl-thread2] INFO  util.JmxRegister (JmxRegister.java:unregister(74)) - Successfully un-registered JMX Bean with object name Ratis:service=RaftServer,group=group-39FE727B82F7,id=s2
2024-09-15 02:34:05,073 [s2-impl-thread2] INFO  impl.RoleInfo (RoleInfo.java:shutdownLeaderState(103)) - s2: shutdown s2@group-39FE727B82F7-LeaderStateImpl
2024-09-15 02:34:05,070 [main] WARN  util.ReferenceCountedLeakDetector (ReferenceCountedLeakDetector.java:lambda$new$0(147)) - LEAK: A org.apache.ratis.proto.RaftProtos$LogEntryProto is not released properly
2024-09-15 02:34:05,070 [MiniRaftCluster-8] INFO  server.GrpcService (GrpcService.java:closeImpl(358)) - s1: shutdown server org.apache.ratis.grpc.server.GrpcClientProtocolService successfully
2024-09-15 02:34:05,073 [MiniRaftCluster-8] INFO  server.GrpcService (GrpcService.java:closeImpl(349)) - s1: shutdown server GrpcServerProtocolService now
2024-09-15 02:34:05,070 [s1@group-39FE727B82F7-StateMachineUpdater] TRACE util.FileUtils (FileUtils.java:deleteFully(305)) - deleteFully /tmp/ratis-tests/statemachine/s1/snapshot/2_258
2024-09-15 02:34:05,073 [s1@group-39FE727B82F7-StateMachineUpdater] TRACE util.FileUtils (FileUtils.java:deleteFully(318)) - deleteFully: /tmp/ratis-tests/statemachine/s1/snapshot/2_258 does not exist.
2024-09-15 02:34:05,074 [s1@group-39FE727B82F7-StateMachineUpdater] TRACE util.FileUtils (FileUtils.java:deleteFully(305)) - deleteFully /tmp/ratis-tests/statemachine/s1/tmp/48e3602b-4a75-4cac-9be2-6c5c3c7fa6c6
2024-09-15 02:34:05,074 [s1@group-39FE727B82F7-StateMachineUpdater] TRACE util.FileUtils (FileUtils.java:deleteFully(318)) - deleteFully: /tmp/ratis-tests/statemachine/s1/tmp/48e3602b-4a75-4cac-9be2-6c5c3c7fa6c6 does not exist.
2024-09-15 02:34:05,074 [s1@group-39FE727B82F7-StateMachineUpdater] TRACE util.FileUtils (LogUtils.java:runAndLog(49)) - Successfully ran Atomic Files.move /tmp/ratis-tests/statemachine/s1/tmp/48e3602b-4a75-4cac-9be2-6c5c3c7fa6c6 to /tmp/ratis-tests/statemachine/s1/snapshot/2_258
2024-09-15 02:34:05,074 [s1@group-39FE727B82F7-StateMachineUpdater] INFO  impl.StateMachineUpdater (StateMachineUpdater.java:takeSnapshot(308)) - s1@group-39FE727B82F7-StateMachineUpdater: Took a snapshot at index 258
2024-09-15 02:34:05,074 [s1@group-39FE727B82F7-StateMachineUpdater] INFO  impl.StateMachineUpdater (StateMachineUpdater.java:lambda$new$0(102)) - s1@group-39FE727B82F7-StateMachineUpdater: snapshotIndex: updateIncreasingly 257 -> 258
2024-09-15 02:34:05,074 [s1@group-39FE727B82F7-StateMachineUpdater] INFO  impl.StateMachineUpdater (StateMachineUpdater.java:stop(141)) - s1@group-39FE727B82F7-StateMachineUpdater: closing StateMachineWithSeparatedSnapshotPath, lastApplied=(t:2, i:258)
2024-09-15 02:34:05,070 [Thread-181] INFO  server.GrpcServerProtocolClient (GrpcServerProtocolClient.java:close(105)) - s1 Close channels
2024-09-15 02:34:05,070 [s1@group-39FE727B82F7-FollowerState] INFO  impl.FollowerState (FollowerState.java:run(153)) - s1@group-39FE727B82F7-FollowerState was interrupted
2024-09-15 02:34:05,070 [s1-impl-thread2] INFO  impl.StateMachineUpdater (StateMachineUpdater.java:stopAndJoin(164)) - s1@group-39FE727B82F7-StateMachineUpdater: set stopIndex = 258
2024-09-15 02:34:05,076 [Thread-185] INFO  server.GrpcServerProtocolClient (GrpcServerProtocolClient.java:close(105)) - s0 Close channels
2024-09-15 02:34:05,076 [s2@group-39FE727B82F7->s1-GrpcLogAppender-LogAppenderDaemon] WARN  server.GrpcLogAppender (GrpcLogAppender.java:mayWait(293)) - s2@group-39FE727B82F7->s1-GrpcLogAppender: Wait interrupted by java.lang.InterruptedException
2024-09-15 02:34:05,077 [Thread-186] INFO  server.GrpcServerProtocolClient (GrpcServerProtocolClient.java:close(105)) - s1 Close channels
2024-09-15 02:34:05,080 [s1@group-39FE727B82F7-cacheEviction-AwaitToRun] INFO  util.AwaitToRun (AwaitToRun.java:run(49)) - s1@group-39FE727B82F7-cacheEviction-AwaitToRun-AwaitForSignal is interrupted
2024-09-15 02:34:05,073 [main] WARN  util.ReferenceCountedLeakDetector (ReferenceCountedLeakDetector.java:lambda$new$0(147)) - LEAK: A org.apache.ratis.proto.RaftProtos$AppendEntriesRequestProto is not released properly
2024-09-15 02:34:05,080 [main] WARN  util.ReferenceCountedLeakDetector (ReferenceCountedLeakDetector.java:lambda$new$0(147)) - LEAK: A org.apache.ratis.protocol.RaftClientRequest is not released properly
2024-09-15 02:34:05,081 [main] WARN  util.ReferenceCountedLeakDetector (ReferenceCountedLeakDetector.java:lambda$new$0(147)) - LEAK: A org.apache.ratis.protocol.RaftClientRequest is not released properly
2024-09-15 02:34:05,081 [main] WARN  util.ReferenceCountedLeakDetector (ReferenceCountedLeakDetector.java:lambda$new$0(147)) - LEAK: A org.apache.ratis.protocol.RaftClientRequest is not released properly
2024-09-15 02:34:05,081 [main] WARN  util.ReferenceCountedLeakDetector (ReferenceCountedLeakDetector.java:lambda$new$0(147)) - LEAK: A org.apache.ratis.proto.RaftProtos$LogEntryProto is not released properly
2024-09-15 02:34:05,084 [main] WARN  util.ReferenceCountedLeakDetector (ReferenceCountedLeakDetector.java:lambda$new$0(147)) - LEAK: A org.apache.ratis.proto.RaftProtos$AppendEntriesRequestProto is not released properly
2024-09-15 02:34:05,084 [main] WARN  util.ReferenceCountedLeakDetector (ReferenceCountedLeakDetector.java:lambda$new$0(147)) - LEAK: A org.apache.ratis.protocol.RaftClientRequest is not released properly
2024-09-15 02:34:05,085 [main] WARN  util.ReferenceCountedLeakDetector (ReferenceCountedLeakDetector.java:lambda$new$0(147)) - LEAK: A org.apache.ratis.proto.RaftProtos$AppendEntriesRequestProto is not released properly
2024-09-15 02:34:05,085 [main] WARN  util.ReferenceCountedLeakDetector (ReferenceCountedLeakDetector.java:lambda$new$0(147)) - LEAK: A org.apache.ratis.proto.RaftProtos$LogEntryProto is not released properly
2024-09-15 02:34:05,085 [main] WARN  util.ReferenceCountedLeakDetector (ReferenceCountedLeakDetector.java:lambda$new$0(147)) - LEAK: A org.apache.ratis.proto.RaftProtos$LogEntryProto is not released properly
2024-09-15 02:34:05,085 [main] WARN  util.ReferenceCountedLeakDetector (ReferenceCountedLeakDetector.java:lambda$new$0(147)) - LEAK: A org.apache.ratis.proto.RaftProtos$LogEntryProto is not released properly
2024-09-15 02:34:05,086 [main] WARN  util.ReferenceCountedLeakDetector (ReferenceCountedLeakDetector.java:lambda$new$0(147)) - LEAK: A org.apache.ratis.proto.RaftProtos$AppendEntriesRequestProto is not released properly
2024-09-15 02:34:05,086 [main] WARN  util.ReferenceCountedLeakDetector (ReferenceCountedLeakDetector.java:lambda$new$0(147)) - LEAK: A org.apache.ratis.protocol.RaftClientRequest is not released properly
2024-09-15 02:34:05,086 [main] WARN  util.ReferenceCountedLeakDetector (ReferenceCountedLeakDetector.java:lambda$new$0(147)) - LEAK: A org.apache.ratis.proto.RaftProtos$LogEntryProto is not released properly
2024-09-15 02:34:05,086 [main] WARN  util.ReferenceCountedLeakDetector (ReferenceCountedLeakDetector.java:lambda$new$0(147)) - LEAK: A org.apache.ratis.proto.RaftProtos$LogEntryProto is not released properly
2024-09-15 02:34:05,086 [main] WARN  util.ReferenceCountedLeakDetector (ReferenceCountedLeakDetector.java:lambda$new$0(147)) - LEAK: A org.apache.ratis.protocol.RaftClientRequest is not released properly
2024-09-15 02:34:05,087 [main] WARN  util.ReferenceCountedLeakDetector (ReferenceCountedLeakDetector.java:lambda$new$0(147)) - LEAK: A org.apache.ratis.proto.RaftProtos$LogEntryProto is not released properly
2024-09-15 02:34:05,087 [main] WARN  util.ReferenceCountedLeakDetector (ReferenceCountedLeakDetector.java:lambda$new$0(147)) - LEAK: A org.apache.ratis.proto.RaftProtos$LogEntryProto is not released properly
2024-09-15 02:34:05,087 [main] WARN  util.ReferenceCountedLeakDetector (ReferenceCountedLeakDetector.java:lambda$new$0(147)) - LEAK: A org.apache.ratis.proto.RaftProtos$AppendEntriesRequestProto is not released properly
2024-09-15 02:34:05,087 [main] WARN  util.ReferenceCountedLeakDetector (ReferenceCountedLeakDetector.java:lambda$new$0(147)) - LEAK: A org.apache.ratis.proto.RaftProtos$LogEntryProto is not released properly
2024-09-15 02:34:05,088 [main] WARN  util.ReferenceCountedLeakDetector (ReferenceCountedLeakDetector.java:lambda$new$0(147)) - LEAK: A org.apache.ratis.protocol.RaftClientRequest is not released properly
2024-09-15 02:34:05,088 [main] WARN  util.ReferenceCountedLeakDetector (ReferenceCountedLeakDetector.java:lambda$new$0(147)) - LEAK: A org.apache.ratis.proto.RaftProtos$LogEntryProto is not released properly
2024-09-15 02:34:05,088 [main] WARN  util.ReferenceCountedLeakDetector (ReferenceCountedLeakDetector.java:lambda$new$0(147)) - LEAK: A org.apache.ratis.protocol.RaftClientRequest is not released properly
2024-09-15 02:34:05,088 [main] WARN  util.ReferenceCountedLeakDetector (ReferenceCountedLeakDetector.java:lambda$new$0(147)) - LEAK: A org.apache.ratis.proto.RaftProtos$LogEntryProto is not released properly
2024-09-15 02:34:05,088 [main] WARN  util.ReferenceCountedLeakDetector (ReferenceCountedLeakDetector.java:lambda$new$0(147)) - LEAK: A org.apache.ratis.proto.RaftProtos$LogEntryProto is not released properly
2024-09-15 02:34:05,089 [main] WARN  util.ReferenceCountedLeakDetector (ReferenceCountedLeakDetector.java:lambda$new$0(147)) - LEAK: A org.apache.ratis.protocol.RaftClientRequest is not released properly
2024-09-15 02:34:05,089 [main] WARN  util.ReferenceCountedLeakDetector (ReferenceCountedLeakDetector.java:lambda$new$0(147)) - LEAK: A org.apache.ratis.proto.RaftProtos$AppendEntriesRequestProto is not released properly
2024-09-15 02:34:05,089 [main] WARN  util.ReferenceCountedLeakDetector (ReferenceCountedLeakDetector.java:lambda$new$0(147)) - LEAK: A org.apache.ratis.proto.RaftProtos$LogEntryProto is not released properly
2024-09-15 02:34:05,089 [main] WARN  util.ReferenceCountedLeakDetector (ReferenceCountedLeakDetector.java:lambda$new$0(147)) - LEAK: A org.apache.ratis.protocol.RaftClientRequest is not released properly
2024-09-15 02:34:05,090 [main] WARN  util.ReferenceCountedLeakDetector (ReferenceCountedLeakDetector.java:lambda$new$0(147)) - LEAK: A org.apache.ratis.proto.RaftProtos$AppendEntriesRequestProto is not released properly
2024-09-15 02:34:05,090 [main] WARN  util.ReferenceCountedLeakDetector (ReferenceCountedLeakDetector.java:lambda$new$0(147)) - LEAK: A org.apache.ratis.protocol.RaftClientRequest is not released properly
2024-09-15 02:34:05,090 [main] WARN  util.ReferenceCountedLeakDetector (ReferenceCountedLeakDetector.java:lambda$new$0(147)) - LEAK: A org.apache.ratis.proto.RaftProtos$LogEntryProto is not released properly
2024-09-15 02:34:05,090 [main] WARN  util.ReferenceCountedLeakDetector (ReferenceCountedLeakDetector.java:lambda$new$0(147)) - LEAK: A org.apache.ratis.proto.RaftProtos$LogEntryProto is not released properly
2024-09-15 02:34:05,091 [main] WARN  util.ReferenceCountedLeakDetector (ReferenceCountedLeakDetector.java:lambda$new$0(147)) - LEAK: A org.apache.ratis.proto.RaftProtos$LogEntryProto is not released properly
2024-09-15 02:34:05,091 [main] WARN  util.ReferenceCountedLeakDetector (ReferenceCountedLeakDetector.java:lambda$new$0(147)) - LEAK: A org.apache.ratis.proto.RaftProtos$LogEntryProto is not released properly
2024-09-15 02:34:05,091 [main] WARN  util.ReferenceCountedLeakDetector (ReferenceCountedLeakDetector.java:lambda$new$0(147)) - LEAK: A org.apache.ratis.proto.RaftProtos$LogEntryProto is not released properly
2024-09-15 02:34:05,091 [main] WARN  util.ReferenceCountedLeakDetector (ReferenceCountedLeakDetector.java:lambda$new$0(147)) - LEAK: A org.apache.ratis.proto.RaftProtos$LogEntryProto is not released properly
2024-09-15 02:34:05,091 [main] WARN  util.ReferenceCountedLeakDetector (ReferenceCountedLeakDetector.java:lambda$new$0(147)) - LEAK: A org.apache.ratis.proto.RaftProtos$AppendEntriesRequestProto is not released properly
2024-09-15 02:34:05,092 [main] WARN  util.ReferenceCountedLeakDetector (ReferenceCountedLeakDetector.java:lambda$new$0(147)) - LEAK: A org.apache.ratis.protocol.RaftClientRequest is not released properly
2024-09-15 02:34:05,092 [main] WARN  util.ReferenceCountedLeakDetector (ReferenceCountedLeakDetector.java:lambda$new$0(147)) - LEAK: A org.apache.ratis.protocol.RaftClientRequest is not released properly
2024-09-15 02:34:05,092 [main] WARN  util.ReferenceCountedLeakDetector (ReferenceCountedLeakDetector.java:lambda$new$0(147)) - LEAK: A org.apache.ratis.protocol.RaftClientRequest is not released properly
2024-09-15 02:34:05,092 [main] WARN  util.ReferenceCountedLeakDetector (ReferenceCountedLeakDetector.java:lambda$new$0(147)) - LEAK: A org.apache.ratis.proto.RaftProtos$AppendEntriesRequestProto is not released properly
2024-09-15 02:34:05,093 [main] WARN  util.ReferenceCountedLeakDetector (ReferenceCountedLeakDetector.java:lambda$new$0(147)) - LEAK: A org.apache.ratis.proto.RaftProtos$AppendEntriesRequestProto is not released properly
2024-09-15 02:34:05,093 [main] WARN  util.ReferenceCountedLeakDetector (ReferenceCountedLeakDetector.java:lambda$new$0(147)) - LEAK: A org.apache.ratis.protocol.RaftClientRequest is not released properly
2024-09-15 02:34:05,093 [main] WARN  util.ReferenceCountedLeakDetector (ReferenceCountedLeakDetector.java:lambda$new$0(147)) - LEAK: A org.apache.ratis.protocol.RaftClientRequest is not released properly
2024-09-15 02:34:05,093 [main] WARN  util.ReferenceCountedLeakDetector (ReferenceCountedLeakDetector.java:lambda$new$0(147)) - LEAK: A org.apache.ratis.proto.RaftProtos$AppendEntriesRequestProto is not released properly
2024-09-15 02:34:05,094 [main] WARN  util.ReferenceCountedLeakDetector (ReferenceCountedLeakDetector.java:lambda$new$0(147)) - LEAK: A org.apache.ratis.protocol.RaftClientRequest is not released properly
2024-09-15 02:34:05,094 [main] WARN  util.ReferenceCountedLeakDetector (ReferenceCountedLeakDetector.java:lambda$new$0(147)) - LEAK: A org.apache.ratis.proto.RaftProtos$AppendEntriesRequestProto is not released properly
2024-09-15 02:34:05,094 [main] WARN  util.ReferenceCountedLeakDetector (ReferenceCountedLeakDetector.java:lambda$new$0(147)) - LEAK: A org.apache.ratis.proto.RaftProtos$AppendEntriesRequestProto is not released properly
2024-09-15 02:34:05,094 [main] WARN  util.ReferenceCountedLeakDetector (ReferenceCountedLeakDetector.java:lambda$new$0(147)) - LEAK: A org.apache.ratis.proto.RaftProtos$LogEntryProto is not released properly
2024-09-15 02:34:05,095 [main] WARN  util.ReferenceCountedLeakDetector (ReferenceCountedLeakDetector.java:lambda$new$0(147)) - LEAK: A org.apache.ratis.proto.RaftProtos$AppendEntriesRequestProto is not released properly
2024-09-15 02:34:05,095 [main] WARN  util.ReferenceCountedLeakDetector (ReferenceCountedLeakDetector.java:lambda$new$0(147)) - LEAK: A org.apache.ratis.proto.RaftProtos$LogEntryProto is not released properly
2024-09-15 02:34:05,095 [main] WARN  util.ReferenceCountedLeakDetector (ReferenceCountedLeakDetector.java:lambda$new$0(147)) - LEAK: A org.apache.ratis.proto.RaftProtos$LogEntryProto is not released properly
2024-09-15 02:34:05,095 [main] WARN  util.ReferenceCountedLeakDetector (ReferenceCountedLeakDetector.java:lambda$new$0(147)) - LEAK: A org.apache.ratis.protocol.RaftClientRequest is not released properly
2024-09-15 02:34:05,096 [main] WARN  util.ReferenceCountedLeakDetector (ReferenceCountedLeakDetector.java:lambda$new$0(147)) - LEAK: A org.apache.ratis.proto.RaftProtos$AppendEntriesRequestProto is not released properly
2024-09-15 02:34:05,096 [main] WARN  util.ReferenceCountedLeakDetector (ReferenceCountedLeakDetector.java:lambda$new$0(147)) - LEAK: A org.apache.ratis.proto.RaftProtos$LogEntryProto is not released properly
2024-09-15 02:34:05,096 [main] WARN  util.ReferenceCountedLeakDetector (ReferenceCountedLeakDetector.java:lambda$new$0(147)) - LEAK: A org.apache.ratis.proto.RaftProtos$AppendEntriesRequestProto is not released properly
2024-09-15 02:34:05,096 [main] WARN  util.ReferenceCountedLeakDetector (ReferenceCountedLeakDetector.java:lambda$new$0(147)) - LEAK: A org.apache.ratis.proto.RaftProtos$AppendEntriesRequestProto is not released properly
2024-09-15 02:34:05,096 [main] WARN  util.ReferenceCountedLeakDetector (ReferenceCountedLeakDetector.java:lambda$new$0(147)) - LEAK: A org.apache.ratis.proto.RaftProtos$LogEntryProto is not released properly
2024-09-15 02:34:05,097 [main] WARN  util.ReferenceCountedLeakDetector (ReferenceCountedLeakDetector.java:lambda$new$0(147)) - LEAK: A org.apache.ratis.protocol.RaftClientRequest is not released properly
2024-09-15 02:34:05,097 [main] WARN  util.ReferenceCountedLeakDetector (ReferenceCountedLeakDetector.java:lambda$new$0(147)) - LEAK: A org.apache.ratis.proto.RaftProtos$LogEntryProto is not released properly
2024-09-15 02:34:05,097 [main] WARN  util.ReferenceCountedLeakDetector (ReferenceCountedLeakDetector.java:lambda$new$0(147)) - LEAK: A org.apache.ratis.proto.RaftProtos$LogEntryProto is not released properly
2024-09-15 02:34:05,097 [main] WARN  util.ReferenceCountedLeakDetector (ReferenceCountedLeakDetector.java:lambda$new$0(147)) - LEAK: A org.apache.ratis.proto.RaftProtos$LogEntryProto is not released properly
2024-09-15 02:34:05,098 [main] WARN  util.ReferenceCountedLeakDetector (ReferenceCountedLeakDetector.java:lambda$new$0(147)) - LEAK: A org.apache.ratis.proto.RaftProtos$AppendEntriesRequestProto is not released properly
2024-09-15 02:34:05,098 [main] WARN  util.ReferenceCountedLeakDetector (ReferenceCountedLeakDetector.java:lambda$new$0(147)) - LEAK: A org.apache.ratis.proto.RaftProtos$LogEntryProto is not released properly
2024-09-15 02:34:05,098 [main] WARN  util.ReferenceCountedLeakDetector (ReferenceCountedLeakDetector.java:lambda$new$0(147)) - LEAK: A org.apache.ratis.protocol.RaftClientRequest is not released properly
2024-09-15 02:34:05,098 [main] WARN  util.ReferenceCountedLeakDetector (ReferenceCountedLeakDetector.java:lambda$new$0(147)) - LEAK: A org.apache.ratis.protocol.RaftClientRequest is not released properly
2024-09-15 02:34:05,098 [main] WARN  util.ReferenceCountedLeakDetector (ReferenceCountedLeakDetector.java:lambda$new$0(147)) - LEAK: A org.apache.ratis.protocol.RaftClientRequest is not released properly
2024-09-15 02:34:05,099 [main] WARN  util.ReferenceCountedLeakDetector (ReferenceCountedLeakDetector.java:lambda$new$0(147)) - LEAK: A org.apache.ratis.proto.RaftProtos$AppendEntriesRequestProto is not released properly
2024-09-15 02:34:05,099 [main] WARN  util.ReferenceCountedLeakDetector (ReferenceCountedLeakDetector.java:lambda$new$0(147)) - LEAK: A org.apache.ratis.proto.RaftProtos$AppendEntriesRequestProto is not released properly
2024-09-15 02:34:05,099 [main] WARN  util.ReferenceCountedLeakDetector (ReferenceCountedLeakDetector.java:lambda$new$0(147)) - LEAK: A org.apache.ratis.proto.RaftProtos$LogEntryProto is not released properly
2024-09-15 02:34:05,099 [main] WARN  util.ReferenceCountedLeakDetector (ReferenceCountedLeakDetector.java:lambda$new$0(147)) - LEAK: A org.apache.ratis.proto.RaftProtos$LogEntryProto is not released properly
2024-09-15 02:34:05,100 [main] WARN  util.ReferenceCountedLeakDetector (ReferenceCountedLeakDetector.java:lambda$new$0(147)) - LEAK: A org.apache.ratis.proto.RaftProtos$LogEntryProto is not released properly
2024-09-15 02:34:05,100 [main] WARN  util.ReferenceCountedLeakDetector (ReferenceCountedLeakDetector.java:lambda$new$0(147)) - LEAK: A org.apache.ratis.proto.RaftProtos$LogEntryProto is not released properly
2024-09-15 02:34:05,100 [main] WARN  util.ReferenceCountedLeakDetector (ReferenceCountedLeakDetector.java:lambda$new$0(147)) - LEAK: A org.apache.ratis.protocol.RaftClientRequest is not released properly
2024-09-15 02:34:05,100 [main] WARN  util.ReferenceCountedLeakDetector (ReferenceCountedLeakDetector.java:lambda$new$0(147)) - LEAK: A org.apache.ratis.proto.RaftProtos$LogEntryProto is not released properly
2024-09-15 02:34:05,100 [main] WARN  util.ReferenceCountedLeakDetector (ReferenceCountedLeakDetector.java:lambda$new$0(147)) - LEAK: A org.apache.ratis.proto.RaftProtos$LogEntryProto is not released properly
2024-09-15 02:34:05,101 [main] WARN  util.ReferenceCountedLeakDetector (ReferenceCountedLeakDetector.java:lambda$new$0(147)) - LEAK: A org.apache.ratis.protocol.RaftClientRequest is not released properly
2024-09-15 02:34:05,101 [main] WARN  util.ReferenceCountedLeakDetector (ReferenceCountedLeakDetector.java:lambda$new$0(147)) - LEAK: A org.apache.ratis.proto.RaftProtos$AppendEntriesRequestProto is not released properly
2024-09-15 02:34:05,101 [main] WARN  util.ReferenceCountedLeakDetector (ReferenceCountedLeakDetector.java:lambda$new$0(147)) - LEAK: A org.apache.ratis.proto.RaftProtos$AppendEntriesRequestProto is not released properly
2024-09-15 02:34:05,101 [main] WARN  util.ReferenceCountedLeakDetector (ReferenceCountedLeakDetector.java:lambda$new$0(147)) - LEAK: A org.apache.ratis.protocol.RaftClientRequest is not released properly
2024-09-15 02:34:05,102 [main] WARN  util.ReferenceCountedLeakDetector (ReferenceCountedLeakDetector.java:lambda$new$0(147)) - LEAK: A org.apache.ratis.proto.RaftProtos$AppendEntriesRequestProto is not released properly
2024-09-15 02:34:05,102 [main] WARN  util.ReferenceCountedLeakDetector (ReferenceCountedLeakDetector.java:lambda$new$0(147)) - LEAK: A org.apache.ratis.proto.RaftProtos$AppendEntriesRequestProto is not released properly
2024-09-15 02:34:05,102 [main] WARN  util.ReferenceCountedLeakDetector (ReferenceCountedLeakDetector.java:lambda$new$0(147)) - LEAK: A org.apache.ratis.protocol.RaftClientRequest is not released properly
2024-09-15 02:34:05,102 [main] WARN  util.ReferenceCountedLeakDetector (ReferenceCountedLeakDetector.java:lambda$new$0(147)) - LEAK: A org.apache.ratis.proto.RaftProtos$AppendEntriesRequestProto is not released properly
2024-09-15 02:34:05,102 [main] WARN  util.ReferenceCountedLeakDetector (ReferenceCountedLeakDetector.java:lambda$new$0(147)) - LEAK: A org.apache.ratis.protocol.RaftClientRequest is not released properly
2024-09-15 02:34:05,103 [main] WARN  util.ReferenceCountedLeakDetector (ReferenceCountedLeakDetector.java:lambda$new$0(147)) - LEAK: A org.apache.ratis.proto.RaftProtos$LogEntryProto is not released properly
2024-09-15 02:34:05,103 [main] WARN  util.ReferenceCountedLeakDetector (ReferenceCountedLeakDetector.java:lambda$new$0(147)) - LEAK: A org.apache.ratis.protocol.RaftClientRequest is not released properly
2024-09-15 02:34:05,103 [main] WARN  util.ReferenceCountedLeakDetector (ReferenceCountedLeakDetector.java:lambda$new$0(147)) - LEAK: A org.apache.ratis.proto.RaftProtos$AppendEntriesRequestProto is not released properly
2024-09-15 02:34:05,103 [main] WARN  util.ReferenceCountedLeakDetector (ReferenceCountedLeakDetector.java:lambda$new$0(147)) - LEAK: A org.apache.ratis.proto.RaftProtos$LogEntryProto is not released properly
2024-09-15 02:34:05,104 [main] WARN  util.ReferenceCountedLeakDetector (ReferenceCountedLeakDetector.java:lambda$new$0(147)) - LEAK: A org.apache.ratis.protocol.RaftClientRequest is not released properly
2024-09-15 02:34:05,104 [main] WARN  util.ReferenceCountedLeakDetector (ReferenceCountedLeakDetector.java:lambda$new$0(147)) - LEAK: A org.apache.ratis.proto.RaftProtos$AppendEntriesRequestProto is not released properly
2024-09-15 02:34:05,104 [main] WARN  util.ReferenceCountedLeakDetector (ReferenceCountedLeakDetector.java:lambda$new$0(147)) - LEAK: A org.apache.ratis.protocol.RaftClientRequest is not released properly
2024-09-15 02:34:05,104 [main] WARN  util.ReferenceCountedLeakDetector (ReferenceCountedLeakDetector.java:lambda$new$0(147)) - LEAK: A org.apache.ratis.proto.RaftProtos$LogEntryProto is not released properly
2024-09-15 02:34:05,105 [main] WARN  util.ReferenceCountedLeakDetector (ReferenceCountedLeakDetector.java:lambda$new$0(147)) - LEAK: A org.apache.ratis.protocol.RaftClientRequest is not released properly
2024-09-15 02:34:05,105 [main] WARN  util.ReferenceCountedLeakDetector (ReferenceCountedLeakDetector.java:lambda$new$0(147)) - LEAK: A org.apache.ratis.protocol.RaftClientRequest is not released properly
2024-09-15 02:34:05,105 [main] WARN  util.ReferenceCountedLeakDetector (ReferenceCountedLeakDetector.java:lambda$new$0(147)) - LEAK: A org.apache.ratis.proto.RaftProtos$LogEntryProto is not released properly
2024-09-15 02:34:05,105 [main] WARN  util.ReferenceCountedLeakDetector (ReferenceCountedLeakDetector.java:lambda$new$0(147)) - LEAK: A org.apache.ratis.proto.RaftProtos$AppendEntriesRequestProto is not released properly
2024-09-15 02:34:05,105 [main] WARN  util.ReferenceCountedLeakDetector (ReferenceCountedLeakDetector.java:lambda$new$0(147)) - LEAK: A org.apache.ratis.proto.RaftProtos$AppendEntriesRequestProto is not released properly
2024-09-15 02:34:05,106 [main] WARN  util.ReferenceCountedLeakDetector (ReferenceCountedLeakDetector.java:lambda$new$0(147)) - LEAK: A org.apache.ratis.protocol.RaftClientRequest is not released properly
2024-09-15 02:34:05,106 [main] WARN  util.ReferenceCountedLeakDetector (ReferenceCountedLeakDetector.java:lambda$new$0(147)) - LEAK: A org.apache.ratis.proto.RaftProtos$LogEntryProto is not released properly
2024-09-15 02:34:05,106 [main] WARN  util.ReferenceCountedLeakDetector (ReferenceCountedLeakDetector.java:lambda$new$0(147)) - LEAK: A org.apache.ratis.proto.RaftProtos$LogEntryProto is not released properly
2024-09-15 02:34:05,106 [main] WARN  util.ReferenceCountedLeakDetector (ReferenceCountedLeakDetector.java:lambda$new$0(147)) - LEAK: A org.apache.ratis.proto.RaftProtos$AppendEntriesRequestProto is not released properly
2024-09-15 02:34:05,107 [main] WARN  util.ReferenceCountedLeakDetector (ReferenceCountedLeakDetector.java:lambda$new$0(147)) - LEAK: A org.apache.ratis.proto.RaftProtos$LogEntryProto is not released properly
2024-09-15 02:34:05,107 [main] WARN  util.ReferenceCountedLeakDetector (ReferenceCountedLeakDetector.java:lambda$new$0(147)) - LEAK: A org.apache.ratis.protocol.RaftClientRequest is not released properly
2024-09-15 02:34:05,107 [main] WARN  util.ReferenceCountedLeakDetector (ReferenceCountedLeakDetector.java:lambda$new$0(147)) - LEAK: A org.apache.ratis.protocol.RaftClientRequest is not released properly
2024-09-15 02:34:05,107 [main] WARN  util.ReferenceCountedLeakDetector (ReferenceCountedLeakDetector.java:lambda$new$0(147)) - LEAK: A org.apache.ratis.proto.RaftProtos$AppendEntriesRequestProto is not released properly
2024-09-15 02:34:05,108 [main] WARN  util.ReferenceCountedLeakDetector (ReferenceCountedLeakDetector.java:lambda$new$0(147)) - LEAK: A org.apache.ratis.proto.RaftProtos$LogEntryProto is not released properly
2024-09-15 02:34:05,108 [main] WARN  util.ReferenceCountedLeakDetector (ReferenceCountedLeakDetector.java:lambda$new$0(147)) - LEAK: A org.apache.ratis.protocol.RaftClientRequest is not released properly
2024-09-15 02:34:05,108 [main] WARN  util.ReferenceCountedLeakDetector (ReferenceCountedLeakDetector.java:lambda$new$0(147)) - LEAK: A org.apache.ratis.proto.RaftProtos$AppendEntriesRequestProto is not released properly
2024-09-15 02:34:05,108 [main] WARN  util.ReferenceCountedLeakDetector (ReferenceCountedLeakDetector.java:lambda$new$0(147)) - LEAK: A org.apache.ratis.proto.RaftProtos$LogEntryProto is not released properly
2024-09-15 02:34:05,108 [main] WARN  util.ReferenceCountedLeakDetector (ReferenceCountedLeakDetector.java:lambda$new$0(147)) - LEAK: A org.apache.ratis.proto.RaftProtos$AppendEntriesRequestProto is not released properly
2024-09-15 02:34:05,109 [main] WARN  util.ReferenceCountedLeakDetector (ReferenceCountedLeakDetector.java:lambda$new$0(147)) - LEAK: A org.apache.ratis.protocol.RaftClientRequest is not released properly
2024-09-15 02:34:05,109 [main] WARN  util.ReferenceCountedLeakDetector (ReferenceCountedLeakDetector.java:lambda$new$0(147)) - LEAK: A org.apache.ratis.proto.RaftProtos$AppendEntriesRequestProto is not released properly
2024-09-15 02:34:05,109 [main] WARN  util.ReferenceCountedLeakDetector (ReferenceCountedLeakDetector.java:lambda$new$0(147)) - LEAK: A org.apache.ratis.proto.RaftProtos$LogEntryProto is not released properly
2024-09-15 02:34:05,109 [main] WARN  util.ReferenceCountedLeakDetector (ReferenceCountedLeakDetector.java:lambda$new$0(147)) - LEAK: A org.apache.ratis.protocol.RaftClientRequest is not released properly
2024-09-15 02:34:05,110 [main] WARN  util.ReferenceCountedLeakDetector (ReferenceCountedLeakDetector.java:lambda$new$0(147)) - LEAK: A org.apache.ratis.proto.RaftProtos$AppendEntriesRequestProto is not released properly
2024-09-15 02:34:05,110 [main] WARN  util.ReferenceCountedLeakDetector (ReferenceCountedLeakDetector.java:lambda$new$0(147)) - LEAK: A org.apache.ratis.protocol.RaftClientRequest is not released properly
2024-09-15 02:34:05,110 [main] WARN  util.ReferenceCountedLeakDetector (ReferenceCountedLeakDetector.java:lambda$new$0(147)) - LEAK: A org.apache.ratis.proto.RaftProtos$AppendEntriesRequestProto is not released properly
2024-09-15 02:34:05,110 [main] WARN  util.ReferenceCountedLeakDetector (ReferenceCountedLeakDetector.java:lambda$new$0(147)) - LEAK: A org.apache.ratis.proto.RaftProtos$AppendEntriesRequestProto is not released properly
2024-09-15 02:34:05,111 [main] WARN  util.ReferenceCountedLeakDetector (ReferenceCountedLeakDetector.java:lambda$new$0(147)) - LEAK: A org.apache.ratis.proto.RaftProtos$AppendEntriesRequestProto is not released properly
2024-09-15 02:34:05,111 [main] WARN  util.ReferenceCountedLeakDetector (ReferenceCountedLeakDetector.java:lambda$new$0(147)) - LEAK: A org.apache.ratis.proto.RaftProtos$AppendEntriesRequestProto is not released properly
2024-09-15 02:34:05,111 [main] WARN  util.ReferenceCountedLeakDetector (ReferenceCountedLeakDetector.java:lambda$new$0(147)) - LEAK: A org.apache.ratis.proto.RaftProtos$AppendEntriesRequestProto is not released properly
2024-09-15 02:34:05,111 [main] WARN  util.ReferenceCountedLeakDetector (ReferenceCountedLeakDetector.java:lambda$new$0(147)) - LEAK: A org.apache.ratis.protocol.RaftClientRequest is not released properly
2024-09-15 02:34:05,111 [main] WARN  util.ReferenceCountedLeakDetector (ReferenceCountedLeakDetector.java:lambda$new$0(147)) - LEAK: A org.apache.ratis.protocol.RaftClientRequest is not released properly
2024-09-15 02:34:05,112 [main] WARN  util.ReferenceCountedLeakDetector (ReferenceCountedLeakDetector.java:lambda$new$0(147)) - LEAK: A org.apache.ratis.proto.RaftProtos$LogEntryProto is not released properly
2024-09-15 02:34:05,112 [main] WARN  util.ReferenceCountedLeakDetector (ReferenceCountedLeakDetector.java:lambda$new$0(147)) - LEAK: A org.apache.ratis.proto.RaftProtos$LogEntryProto is not released properly
2024-09-15 02:34:05,112 [main] WARN  util.ReferenceCountedLeakDetector (ReferenceCountedLeakDetector.java:lambda$new$0(147)) - LEAK: A org.apache.ratis.protocol.RaftClientRequest is not released properly
2024-09-15 02:34:05,112 [main] WARN  util.ReferenceCountedLeakDetector (ReferenceCountedLeakDetector.java:lambda$new$0(147)) - LEAK: A org.apache.ratis.proto.RaftProtos$LogEntryProto is not released properly
2024-09-15 02:34:05,112 [main] WARN  util.ReferenceCountedLeakDetector (ReferenceCountedLeakDetector.java:lambda$new$0(147)) - LEAK: A org.apache.ratis.proto.RaftProtos$LogEntryProto is not released properly
2024-09-15 02:34:05,113 [main] WARN  util.ReferenceCountedLeakDetector (ReferenceCountedLeakDetector.java:lambda$new$0(147)) - LEAK: A org.apache.ratis.proto.RaftProtos$AppendEntriesRequestProto is not released properly
2024-09-15 02:34:05,113 [main] WARN  util.ReferenceCountedLeakDetector (ReferenceCountedLeakDetector.java:lambda$new$0(147)) - LEAK: A org.apache.ratis.protocol.RaftClientRequest is not released properly
2024-09-15 02:34:05,113 [main] WARN  util.ReferenceCountedLeakDetector (ReferenceCountedLeakDetector.java:lambda$new$0(147)) - LEAK: A org.apache.ratis.protocol.RaftClientRequest is not released properly
2024-09-15 02:34:05,113 [main] WARN  util.ReferenceCountedLeakDetector (ReferenceCountedLeakDetector.java:lambda$new$0(147)) - LEAK: A org.apache.ratis.proto.RaftProtos$LogEntryProto is not released properly
2024-09-15 02:34:05,114 [main] WARN  util.ReferenceCountedLeakDetector (ReferenceCountedLeakDetector.java:lambda$new$0(147)) - LEAK: A org.apache.ratis.proto.RaftProtos$AppendEntriesRequestProto is not released properly
2024-09-15 02:34:05,114 [main] WARN  util.ReferenceCountedLeakDetector (ReferenceCountedLeakDetector.java:lambda$new$0(147)) - LEAK: A org.apache.ratis.proto.RaftProtos$LogEntryProto is not released properly
2024-09-15 02:34:05,114 [main] WARN  util.ReferenceCountedLeakDetector (ReferenceCountedLeakDetector.java:lambda$new$0(147)) - LEAK: A org.apache.ratis.proto.RaftProtos$AppendEntriesRequestProto is not released properly
2024-09-15 02:34:05,114 [main] WARN  util.ReferenceCountedLeakDetector (ReferenceCountedLeakDetector.java:lambda$new$0(147)) - LEAK: A org.apache.ratis.protocol.RaftClientRequest is not released properly
2024-09-15 02:34:05,114 [main] WARN  util.ReferenceCountedLeakDetector (ReferenceCountedLeakDetector.java:lambda$new$0(147)) - LEAK: A org.apache.ratis.proto.RaftProtos$LogEntryProto is not released properly
2024-09-15 02:34:05,115 [main] WARN  util.ReferenceCountedLeakDetector (ReferenceCountedLeakDetector.java:lambda$new$0(147)) - LEAK: A org.apache.ratis.proto.RaftProtos$LogEntryProto is not released properly
2024-09-15 02:34:05,115 [main] WARN  util.ReferenceCountedLeakDetector (ReferenceCountedLeakDetector.java:lambda$new$0(147)) - LEAK: A org.apache.ratis.protocol.RaftClientRequest is not released properly
2024-09-15 02:34:05,115 [main] WARN  util.ReferenceCountedLeakDetector (ReferenceCountedLeakDetector.java:lambda$new$0(147)) - LEAK: A org.apache.ratis.proto.RaftProtos$LogEntryProto is not released properly
2024-09-15 02:34:05,115 [main] WARN  util.ReferenceCountedLeakDetector (ReferenceCountedLeakDetector.java:lambda$new$0(147)) - LEAK: A org.apache.ratis.protocol.RaftClientRequest is not released properly
2024-09-15 02:34:05,116 [main] WARN  util.ReferenceCountedLeakDetector (ReferenceCountedLeakDetector.java:lambda$new$0(147)) - LEAK: A org.apache.ratis.proto.RaftProtos$AppendEntriesRequestProto is not released properly
2024-09-15 02:34:05,116 [main] WARN  util.ReferenceCountedLeakDetector (ReferenceCountedLeakDetector.java:lambda$new$0(147)) - LEAK: A org.apache.ratis.proto.RaftProtos$LogEntryProto is not released properly
2024-09-15 02:34:05,116 [main] WARN  util.ReferenceCountedLeakDetector (ReferenceCountedLeakDetector.java:lambda$new$0(147)) - LEAK: A org.apache.ratis.proto.RaftProtos$LogEntryProto is not released properly
2024-09-15 02:34:05,116 [main] WARN  util.ReferenceCountedLeakDetector (ReferenceCountedLeakDetector.java:lambda$new$0(147)) - LEAK: A org.apache.ratis.proto.RaftProtos$AppendEntriesRequestProto is not released properly
2024-09-15 02:34:05,116 [main] WARN  util.ReferenceCountedLeakDetector (ReferenceCountedLeakDetector.java:lambda$new$0(147)) - LEAK: A org.apache.ratis.proto.RaftProtos$LogEntryProto is not released properly
2024-09-15 02:34:05,117 [main] WARN  util.ReferenceCountedLeakDetector (ReferenceCountedLeakDetector.java:lambda$new$0(147)) - LEAK: A org.apache.ratis.proto.RaftProtos$LogEntryProto is not released properly
2024-09-15 02:34:05,117 [main] WARN  util.ReferenceCountedLeakDetector (ReferenceCountedLeakDetector.java:lambda$new$0(147)) - LEAK: A org.apache.ratis.protocol.RaftClientRequest is not released properly
2024-09-15 02:34:05,117 [main] WARN  util.ReferenceCountedLeakDetector (ReferenceCountedLeakDetector.java:lambda$new$0(147)) - LEAK: A org.apache.ratis.proto.RaftProtos$AppendEntriesRequestProto is not released properly
2024-09-15 02:34:05,117 [main] WARN  util.ReferenceCountedLeakDetector (ReferenceCountedLeakDetector.java:lambda$new$0(147)) - LEAK: A org.apache.ratis.proto.RaftProtos$AppendEntriesRequestProto is not released properly
2024-09-15 02:34:05,118 [main] WARN  util.ReferenceCountedLeakDetector (ReferenceCountedLeakDetector.java:lambda$new$0(147)) - LEAK: A org.apache.ratis.proto.RaftProtos$AppendEntriesRequestProto is not released properly
2024-09-15 02:34:05,118 [main] WARN  util.ReferenceCountedLeakDetector (ReferenceCountedLeakDetector.java:lambda$new$0(147)) - LEAK: A org.apache.ratis.proto.RaftProtos$LogEntryProto is not released properly
2024-09-15 02:34:05,118 [main] WARN  util.ReferenceCountedLeakDetector (ReferenceCountedLeakDetector.java:lambda$new$0(147)) - LEAK: A org.apache.ratis.proto.RaftProtos$AppendEntriesRequestProto is not released properly
2024-09-15 02:34:05,118 [main] WARN  util.ReferenceCountedLeakDetector (ReferenceCountedLeakDetector.java:lambda$new$0(147)) - LEAK: A org.apache.ratis.protocol.RaftClientRequest is not released properly
2024-09-15 02:34:05,118 [main] WARN  util.ReferenceCountedLeakDetector (ReferenceCountedLeakDetector.java:lambda$new$0(147)) - LEAK: A org.apache.ratis.proto.RaftProtos$LogEntryProto is not released properly
2024-09-15 02:34:05,119 [main] WARN  util.ReferenceCountedLeakDetector (ReferenceCountedLeakDetector.java:lambda$new$0(147)) - LEAK: A org.apache.ratis.proto.RaftProtos$LogEntryProto is not released properly
2024-09-15 02:34:05,119 [main] WARN  util.ReferenceCountedLeakDetector (ReferenceCountedLeakDetector.java:lambda$new$0(147)) - LEAK: A org.apache.ratis.proto.RaftProtos$AppendEntriesRequestProto is not released properly
2024-09-15 02:34:05,119 [main] WARN  util.ReferenceCountedLeakDetector (ReferenceCountedLeakDetector.java:lambda$new$0(147)) - LEAK: A org.apache.ratis.proto.RaftProtos$AppendEntriesRequestProto is not released properly
2024-09-15 02:34:05,119 [main] WARN  util.ReferenceCountedLeakDetector (ReferenceCountedLeakDetector.java:lambda$new$0(147)) - LEAK: A org.apache.ratis.proto.RaftProtos$LogEntryProto is not released properly
2024-09-15 02:34:05,120 [main] WARN  util.ReferenceCountedLeakDetector (ReferenceCountedLeakDetector.java:lambda$new$0(147)) - LEAK: A org.apache.ratis.protocol.RaftClientRequest is not released properly
2024-09-15 02:34:05,120 [main] WARN  util.ReferenceCountedLeakDetector (ReferenceCountedLeakDetector.java:lambda$new$0(147)) - LEAK: A org.apache.ratis.protocol.RaftClientRequest is not released properly
2024-09-15 02:34:05,120 [main] WARN  util.ReferenceCountedLeakDetector (ReferenceCountedLeakDetector.java:lambda$new$0(147)) - LEAK: A org.apache.ratis.proto.RaftProtos$AppendEntriesRequestProto is not released properly
2024-09-15 02:34:05,120 [main] WARN  util.ReferenceCountedLeakDetector (ReferenceCountedLeakDetector.java:lambda$new$0(147)) - LEAK: A org.apache.ratis.protocol.RaftClientRequest is not released properly
2024-09-15 02:34:05,121 [main] WARN  util.ReferenceCountedLeakDetector (ReferenceCountedLeakDetector.java:lambda$new$0(147)) - LEAK: A org.apache.ratis.proto.RaftProtos$AppendEntriesRequestProto is not released properly
2024-09-15 02:34:05,121 [main] WARN  util.ReferenceCountedLeakDetector (ReferenceCountedLeakDetector.java:lambda$new$0(147)) - LEAK: A org.apache.ratis.proto.RaftProtos$LogEntryProto is not released properly
2024-09-15 02:34:05,121 [main] WARN  util.ReferenceCountedLeakDetector (ReferenceCountedLeakDetector.java:lambda$new$0(147)) - LEAK: A org.apache.ratis.proto.RaftProtos$LogEntryProto is not released properly
2024-09-15 02:34:05,121 [main] WARN  util.ReferenceCountedLeakDetector (ReferenceCountedLeakDetector.java:lambda$new$0(147)) - LEAK: A org.apache.ratis.proto.RaftProtos$AppendEntriesRequestProto is not released properly
2024-09-15 02:34:05,122 [main] WARN  util.ReferenceCountedLeakDetector (ReferenceCountedLeakDetector.java:lambda$new$0(147)) - LEAK: A org.apache.ratis.proto.RaftProtos$AppendEntriesRequestProto is not released properly
2024-09-15 02:34:05,122 [main] WARN  util.ReferenceCountedLeakDetector (ReferenceCountedLeakDetector.java:lambda$new$0(147)) - LEAK: A org.apache.ratis.proto.RaftProtos$LogEntryProto is not released properly
2024-09-15 02:34:05,122 [main] WARN  util.ReferenceCountedLeakDetector (ReferenceCountedLeakDetector.java:lambda$new$0(147)) - LEAK: A org.apache.ratis.proto.RaftProtos$AppendEntriesRequestProto is not released properly
2024-09-15 02:34:05,122 [main] WARN  util.ReferenceCountedLeakDetector (ReferenceCountedLeakDetector.java:lambda$new$0(147)) - LEAK: A org.apache.ratis.proto.RaftProtos$AppendEntriesRequestProto is not released properly
2024-09-15 02:34:05,122 [main] WARN  util.ReferenceCountedLeakDetector (ReferenceCountedLeakDetector.java:lambda$new$0(147)) - LEAK: A org.apache.ratis.protocol.RaftClientRequest is not released properly
2024-09-15 02:34:05,123 [main] WARN  util.ReferenceCountedLeakDetector (ReferenceCountedLeakDetector.java:lambda$new$0(147)) - LEAK: A org.apache.ratis.proto.RaftProtos$AppendEntriesRequestProto is not released properly
2024-09-15 02:34:05,123 [main] WARN  util.ReferenceCountedLeakDetector (ReferenceCountedLeakDetector.java:lambda$new$0(147)) - LEAK: A org.apache.ratis.protocol.RaftClientRequest is not released properly
2024-09-15 02:34:05,123 [main] WARN  util.ReferenceCountedLeakDetector (ReferenceCountedLeakDetector.java:lambda$new$0(147)) - LEAK: A org.apache.ratis.proto.RaftProtos$AppendEntriesRequestProto is not released properly
2024-09-15 02:34:05,123 [main] WARN  util.ReferenceCountedLeakDetector (ReferenceCountedLeakDetector.java:lambda$new$0(147)) - LEAK: A org.apache.ratis.proto.RaftProtos$AppendEntriesRequestProto is not released properly
2024-09-15 02:34:05,124 [main] WARN  util.ReferenceCountedLeakDetector (ReferenceCountedLeakDetector.java:lambda$new$0(147)) - LEAK: A org.apache.ratis.protocol.RaftClientRequest is not released properly
2024-09-15 02:34:05,124 [main] WARN  util.ReferenceCountedLeakDetector (ReferenceCountedLeakDetector.java:lambda$new$0(147)) - LEAK: A org.apache.ratis.protocol.RaftClientRequest is not released properly
2024-09-15 02:34:05,124 [main] WARN  util.ReferenceCountedLeakDetector (ReferenceCountedLeakDetector.java:lambda$new$0(147)) - LEAK: A org.apache.ratis.proto.RaftProtos$AppendEntriesRequestProto is not released properly
2024-09-15 02:34:05,124 [main] WARN  util.ReferenceCountedLeakDetector (ReferenceCountedLeakDetector.java:lambda$new$0(147)) - LEAK: A org.apache.ratis.proto.RaftProtos$AppendEntriesRequestProto is not released properly
2024-09-15 02:34:05,124 [main] WARN  util.ReferenceCountedLeakDetector (ReferenceCountedLeakDetector.java:lambda$new$0(147)) - LEAK: A org.apache.ratis.proto.RaftProtos$AppendEntriesRequestProto is not released properly
2024-09-15 02:34:05,125 [main] WARN  util.ReferenceCountedLeakDetector (ReferenceCountedLeakDetector.java:lambda$new$0(147)) - LEAK: A org.apache.ratis.proto.RaftProtos$LogEntryProto is not released properly
2024-09-15 02:34:05,125 [main] WARN  util.ReferenceCountedLeakDetector (ReferenceCountedLeakDetector.java:lambda$new$0(147)) - LEAK: A org.apache.ratis.proto.RaftProtos$LogEntryProto is not released properly
2024-09-15 02:34:05,125 [main] WARN  util.ReferenceCountedLeakDetector (ReferenceCountedLeakDetector.java:lambda$new$0(147)) - LEAK: A org.apache.ratis.protocol.RaftClientRequest is not released properly
2024-09-15 02:34:05,125 [main] WARN  util.ReferenceCountedLeakDetector (ReferenceCountedLeakDetector.java:lambda$new$0(147)) - LEAK: A org.apache.ratis.protocol.RaftClientRequest is not released properly
2024-09-15 02:34:05,126 [main] WARN  util.ReferenceCountedLeakDetector (ReferenceCountedLeakDetector.java:lambda$new$0(147)) - LEAK: A org.apache.ratis.proto.RaftProtos$LogEntryProto is not released properly
2024-09-15 02:34:05,126 [main] WARN  util.ReferenceCountedLeakDetector (ReferenceCountedLeakDetector.java:lambda$new$0(147)) - LEAK: A org.apache.ratis.proto.RaftProtos$LogEntryProto is not released properly
2024-09-15 02:34:05,126 [main] WARN  util.ReferenceCountedLeakDetector (ReferenceCountedLeakDetector.java:lambda$new$0(147)) - LEAK: A org.apache.ratis.proto.RaftProtos$AppendEntriesRequestProto is not released properly
2024-09-15 02:34:05,126 [main] WARN  util.ReferenceCountedLeakDetector (ReferenceCountedLeakDetector.java:lambda$new$0(147)) - LEAK: A org.apache.ratis.protocol.RaftClientRequest is not released properly
2024-09-15 02:34:05,127 [main] WARN  util.ReferenceCountedLeakDetector (ReferenceCountedLeakDetector.java:lambda$new$0(147)) - LEAK: A org.apache.ratis.proto.RaftProtos$LogEntryProto is not released properly
2024-09-15 02:34:05,127 [main] WARN  util.ReferenceCountedLeakDetector (ReferenceCountedLeakDetector.java:lambda$new$0(147)) - LEAK: A org.apache.ratis.proto.RaftProtos$LogEntryProto is not released properly
2024-09-15 02:34:05,127 [main] WARN  util.ReferenceCountedLeakDetector (ReferenceCountedLeakDetector.java:lambda$new$0(147)) - LEAK: A org.apache.ratis.proto.RaftProtos$AppendEntriesRequestProto is not released properly
2024-09-15 02:34:05,127 [main] WARN  util.ReferenceCountedLeakDetector (ReferenceCountedLeakDetector.java:lambda$new$0(147)) - LEAK: A org.apache.ratis.proto.RaftProtos$LogEntryProto is not released properly
2024-09-15 02:34:05,127 [main] WARN  util.ReferenceCountedLeakDetector (ReferenceCountedLeakDetector.java:lambda$new$0(147)) - LEAK: A org.apache.ratis.protocol.RaftClientRequest is not released properly
2024-09-15 02:34:05,128 [main] WARN  util.ReferenceCountedLeakDetector (ReferenceCountedLeakDetector.java:lambda$new$0(147)) - LEAK: A org.apache.ratis.protocol.RaftClientRequest is not released properly
2024-09-15 02:34:05,128 [main] WARN  util.ReferenceCountedLeakDetector (ReferenceCountedLeakDetector.java:lambda$new$0(147)) - LEAK: A org.apache.ratis.proto.RaftProtos$AppendEntriesRequestProto is not released properly
2024-09-15 02:34:05,128 [main] WARN  util.ReferenceCountedLeakDetector (ReferenceCountedLeakDetector.java:lambda$new$0(147)) - LEAK: A org.apache.ratis.proto.RaftProtos$AppendEntriesRequestProto is not released properly
2024-09-15 02:34:05,128 [main] WARN  util.ReferenceCountedLeakDetector (ReferenceCountedLeakDetector.java:lambda$new$0(147)) - LEAK: A org.apache.ratis.proto.RaftProtos$LogEntryProto is not released properly
2024-09-15 02:34:05,129 [main] WARN  util.ReferenceCountedLeakDetector (ReferenceCountedLeakDetector.java:lambda$new$0(147)) - LEAK: A org.apache.ratis.protocol.RaftClientRequest is not released properly
2024-09-15 02:34:05,129 [main] WARN  util.ReferenceCountedLeakDetector (ReferenceCountedLeakDetector.java:lambda$new$0(147)) - LEAK: A org.apache.ratis.proto.RaftProtos$AppendEntriesRequestProto is not released properly
2024-09-15 02:34:05,129 [main] WARN  util.ReferenceCountedLeakDetector (ReferenceCountedLeakDetector.java:lambda$new$0(147)) - LEAK: A org.apache.ratis.protocol.RaftClientRequest is not released properly
2024-09-15 02:34:05,129 [main] WARN  util.ReferenceCountedLeakDetector (ReferenceCountedLeakDetector.java:lambda$new$0(147)) - LEAK: A org.apache.ratis.proto.RaftProtos$LogEntryProto is not released properly
2024-09-15 02:34:05,129 [main] WARN  util.ReferenceCountedLeakDetector (ReferenceCountedLeakDetector.java:lambda$new$0(147)) - LEAK: A org.apache.ratis.proto.RaftProtos$LogEntryProto is not released properly
2024-09-15 02:34:05,130 [main] WARN  util.ReferenceCountedLeakDetector (ReferenceCountedLeakDetector.java:lambda$new$0(147)) - LEAK: A org.apache.ratis.protocol.RaftClientRequest is not released properly
2024-09-15 02:34:05,130 [main] WARN  util.ReferenceCountedLeakDetector (ReferenceCountedLeakDetector.java:lambda$new$0(147)) - LEAK: A org.apache.ratis.proto.RaftProtos$AppendEntriesRequestProto is not released properly
2024-09-15 02:34:05,130 [main] WARN  util.ReferenceCountedLeakDetector (ReferenceCountedLeakDetector.java:lambda$new$0(147)) - LEAK: A org.apache.ratis.protocol.RaftClientRequest is not released properly
2024-09-15 02:34:05,130 [main] WARN  util.ReferenceCountedLeakDetector (ReferenceCountedLeakDetector.java:lambda$new$0(147)) - LEAK: A org.apache.ratis.proto.RaftProtos$LogEntryProto is not released properly
2024-09-15 02:34:05,131 [main] WARN  util.ReferenceCountedLeakDetector (ReferenceCountedLeakDetector.java:lambda$new$0(147)) - LEAK: A org.apache.ratis.protocol.RaftClientRequest is not released properly
2024-09-15 02:34:05,131 [main] WARN  util.ReferenceCountedLeakDetector (ReferenceCountedLeakDetector.java:lambda$new$0(147)) - LEAK: A org.apache.ratis.protocol.RaftClientRequest is not released properly
2024-09-15 02:34:05,131 [main] WARN  util.ReferenceCountedLeakDetector (ReferenceCountedLeakDetector.java:lambda$new$0(147)) - LEAK: A org.apache.ratis.protocol.RaftClientRequest is not released properly
2024-09-15 02:34:05,131 [main] WARN  util.ReferenceCountedLeakDetector (ReferenceCountedLeakDetector.java:lambda$new$0(147)) - LEAK: A org.apache.ratis.protocol.RaftClientRequest is not released properly
2024-09-15 02:34:05,132 [main] WARN  util.ReferenceCountedLeakDetector (ReferenceCountedLeakDetector.java:lambda$new$0(147)) - LEAK: A org.apache.ratis.proto.RaftProtos$LogEntryProto is not released properly
2024-09-15 02:34:05,132 [main] WARN  util.ReferenceCountedLeakDetector (ReferenceCountedLeakDetector.java:lambda$new$0(147)) - LEAK: A org.apache.ratis.proto.RaftProtos$LogEntryProto is not released properly
2024-09-15 02:34:05,132 [main] WARN  util.ReferenceCountedLeakDetector (ReferenceCountedLeakDetector.java:lambda$new$0(147)) - LEAK: A org.apache.ratis.proto.RaftProtos$LogEntryProto is not released properly
2024-09-15 02:34:05,132 [main] WARN  util.ReferenceCountedLeakDetector (ReferenceCountedLeakDetector.java:lambda$new$0(147)) - LEAK: A org.apache.ratis.proto.RaftProtos$AppendEntriesRequestProto is not released properly
2024-09-15 02:34:05,132 [main] WARN  util.ReferenceCountedLeakDetector (ReferenceCountedLeakDetector.java:lambda$new$0(147)) - LEAK: A org.apache.ratis.protocol.RaftClientRequest is not released properly
2024-09-15 02:34:05,133 [main] WARN  util.ReferenceCountedLeakDetector (ReferenceCountedLeakDetector.java:lambda$new$0(147)) - LEAK: A org.apache.ratis.protocol.RaftClientRequest is not released properly
2024-09-15 02:34:05,133 [main] WARN  util.ReferenceCountedLeakDetector (ReferenceCountedLeakDetector.java:lambda$new$0(147)) - LEAK: A org.apache.ratis.proto.RaftProtos$AppendEntriesRequestProto is not released properly
2024-09-15 02:34:05,133 [main] WARN  util.ReferenceCountedLeakDetector (ReferenceCountedLeakDetector.java:lambda$new$0(147)) - LEAK: A org.apache.ratis.proto.RaftProtos$AppendEntriesRequestProto is not released properly
2024-09-15 02:34:05,133 [main] WARN  util.ReferenceCountedLeakDetector (ReferenceCountedLeakDetector.java:lambda$new$0(147)) - LEAK: A org.apache.ratis.protocol.RaftClientRequest is not released properly
2024-09-15 02:34:05,134 [main] WARN  util.ReferenceCountedLeakDetector (ReferenceCountedLeakDetector.java:lambda$new$0(147)) - LEAK: A org.apache.ratis.proto.RaftProtos$AppendEntriesRequestProto is not released properly
2024-09-15 02:34:05,134 [main] WARN  util.ReferenceCountedLeakDetector (ReferenceCountedLeakDetector.java:lambda$new$0(147)) - LEAK: A org.apache.ratis.proto.RaftProtos$LogEntryProto is not released properly
2024-09-15 02:34:05,134 [main] WARN  util.ReferenceCountedLeakDetector (ReferenceCountedLeakDetector.java:lambda$new$0(147)) - LEAK: A org.apache.ratis.proto.RaftProtos$LogEntryProto is not released properly
2024-09-15 02:34:05,134 [main] WARN  util.ReferenceCountedLeakDetector (ReferenceCountedLeakDetector.java:lambda$new$0(147)) - LEAK: A org.apache.ratis.proto.RaftProtos$LogEntryProto is not released properly
2024-09-15 02:34:05,134 [main] WARN  util.ReferenceCountedLeakDetector (ReferenceCountedLeakDetector.java:lambda$new$0(147)) - LEAK: A org.apache.ratis.proto.RaftProtos$LogEntryProto is not released properly
2024-09-15 02:34:05,135 [main] WARN  util.ReferenceCountedLeakDetector (ReferenceCountedLeakDetector.java:lambda$new$0(147)) - LEAK: A org.apache.ratis.proto.RaftProtos$AppendEntriesRequestProto is not released properly
2024-09-15 02:34:05,135 [main] WARN  util.ReferenceCountedLeakDetector (ReferenceCountedLeakDetector.java:lambda$new$0(147)) - LEAK: A org.apache.ratis.protocol.RaftClientRequest is not released properly
2024-09-15 02:34:05,135 [main] WARN  util.ReferenceCountedLeakDetector (ReferenceCountedLeakDetector.java:lambda$new$0(147)) - LEAK: A org.apache.ratis.proto.RaftProtos$AppendEntriesRequestProto is not released properly
2024-09-15 02:34:05,135 [main] WARN  util.ReferenceCountedLeakDetector (ReferenceCountedLeakDetector.java:lambda$new$0(147)) - LEAK: A org.apache.ratis.proto.RaftProtos$AppendEntriesRequestProto is not released properly
2024-09-15 02:34:05,136 [main] WARN  util.ReferenceCountedLeakDetector (ReferenceCountedLeakDetector.java:lambda$new$0(147)) - LEAK: A org.apache.ratis.proto.RaftProtos$AppendEntriesRequestProto is not released properly
2024-09-15 02:34:05,136 [main] WARN  util.ReferenceCountedLeakDetector (ReferenceCountedLeakDetector.java:lambda$new$0(147)) - LEAK: A org.apache.ratis.proto.RaftProtos$LogEntryProto is not released properly
2024-09-15 02:34:05,073 [Thread-182] INFO  server.GrpcServerProtocolClient (GrpcServerProtocolClient.java:close(105)) - s2 Close channels
2024-09-15 02:34:05,136 [main] WARN  util.ReferenceCountedLeakDetector (ReferenceCountedLeakDetector.java:lambda$new$0(147)) - LEAK: A org.apache.ratis.proto.RaftProtos$AppendEntriesRequestProto is not released properly
2024-09-15 02:34:05,138 [main] WARN  util.ReferenceCountedLeakDetector (ReferenceCountedLeakDetector.java:lambda$new$0(147)) - LEAK: A org.apache.ratis.protocol.RaftClientRequest is not released properly
2024-09-15 02:34:05,082 [grpc-default-executor-3] INFO  server.GrpcLogAppender (GrpcLogAppender.java:onError(546)) - s2@group-39FE727B82F7->s1-GrpcLogAppender is already stopped
2024-09-15 02:34:05,081 [MiniRaftCluster-8] INFO  server.GrpcService (GrpcService.java:closeImpl(358)) - s1: shutdown server GrpcServerProtocolService successfully
2024-09-15 02:34:05,080 [grpc-default-executor-4] WARN  server.GrpcServerProtocolService (LogUtils.java:warn(121)) - s1: APPEND_ENTRIES onError, lastRequest: s2->s1#279-t2,previous=(t:2, i:257),leaderCommit=257,initializing? false,entries: size=1, first=(t:2, i:258), METADATAENTRY(c:257): org.apache.ratis.thirdparty.io.grpc.StatusRuntimeException: CANCELLED: client cancelled
2024-09-15 02:34:05,076 [s2@group-39FE727B82F7->s0-GrpcLogAppender-LogAppenderDaemon] WARN  server.GrpcLogAppender (GrpcLogAppender.java:mayWait(293)) - s2@group-39FE727B82F7->s0-GrpcLogAppender: Wait interrupted by java.lang.InterruptedException
2024-09-15 02:34:05,076 [s2-impl-thread2] INFO  impl.PendingRequests (PendingRequests.java:sendNotLeaderResponses(287)) - s2@group-39FE727B82F7-PendingRequests: sendNotLeaderResponses
2024-09-15 02:34:05,138 [MiniRaftCluster-8] INFO  server.GrpcService (GrpcService.java:closeImpl(349)) - s1: shutdown server org.apache.ratis.grpc.server.GrpcAdminProtocolService now
2024-09-15 02:34:05,138 [main] WARN  util.ReferenceCountedLeakDetector (ReferenceCountedLeakDetector.java:lambda$new$0(147)) - LEAK: A org.apache.ratis.protocol.RaftClientRequest is not released properly
2024-09-15 02:34:05,139 [grpc-default-executor-4] INFO  server.GrpcServerProtocolService (GrpcServerProtocolService.java:onCompleted(200)) - s0: Completed APPEND_ENTRIES, lastRequest: null
2024-09-15 02:34:05,139 [s2-impl-thread2] INFO  impl.StateMachineUpdater (StateMachineUpdater.java:stopAndJoin(164)) - s2@group-39FE727B82F7-StateMachineUpdater: set stopIndex = 258
2024-09-15 02:34:05,138 [MiniRaftCluster-7] INFO  server.GrpcService (GrpcService.java:closeImpl(358)) - s0: shutdown server org.apache.ratis.grpc.server.GrpcClientProtocolService successfully
2024-09-15 02:34:05,139 [MiniRaftCluster-7] INFO  server.GrpcService (GrpcService.java:closeImpl(349)) - s0: shutdown server GrpcServerProtocolService now
2024-09-15 02:34:05,139 [s2@group-39FE727B82F7-StateMachineUpdater] TRACE util.FileUtils (FileUtils.java:deleteFully(305)) - deleteFully /tmp/ratis-tests/statemachine/s2/snapshot/2_258
2024-09-15 02:34:05,139 [s2@group-39FE727B82F7-StateMachineUpdater] TRACE util.FileUtils (FileUtils.java:deleteFully(318)) - deleteFully: /tmp/ratis-tests/statemachine/s2/snapshot/2_258 does not exist.
2024-09-15 02:34:05,140 [s2@group-39FE727B82F7-StateMachineUpdater] TRACE util.FileUtils (FileUtils.java:deleteFully(305)) - deleteFully /tmp/ratis-tests/statemachine/s2/tmp/1cc1820b-8058-4ed9-8e45-685e77beacb6
2024-09-15 02:34:05,140 [s2@group-39FE727B82F7-StateMachineUpdater] TRACE util.FileUtils (FileUtils.java:deleteFully(318)) - deleteFully: /tmp/ratis-tests/statemachine/s2/tmp/1cc1820b-8058-4ed9-8e45-685e77beacb6 does not exist.
2024-09-15 02:34:05,140 [s2@group-39FE727B82F7-StateMachineUpdater] TRACE util.FileUtils (LogUtils.java:runAndLog(49)) - Successfully ran Atomic Files.move /tmp/ratis-tests/statemachine/s2/tmp/1cc1820b-8058-4ed9-8e45-685e77beacb6 to /tmp/ratis-tests/statemachine/s2/snapshot/2_258
2024-09-15 02:34:05,140 [s2@group-39FE727B82F7-StateMachineUpdater] INFO  impl.StateMachineUpdater (StateMachineUpdater.java:takeSnapshot(308)) - s2@group-39FE727B82F7-StateMachineUpdater: Took a snapshot at index 258
2024-09-15 02:34:05,140 [s2@group-39FE727B82F7-StateMachineUpdater] INFO  impl.StateMachineUpdater (StateMachineUpdater.java:lambda$new$0(102)) - s2@group-39FE727B82F7-StateMachineUpdater: snapshotIndex: updateIncreasingly 255 -> 258
2024-09-15 02:34:05,140 [s2@group-39FE727B82F7-StateMachineUpdater] INFO  raftlog.RaftLog (RaftLogBase.java:purge(329)) - s2@group-39FE727B82F7-SegmentedRaftLog: purge 258
2024-09-15 02:34:05,141 [grpc-default-executor-0] INFO  server.GrpcLogAppender (GrpcLogAppender.java:onError(546)) - s2@group-39FE727B82F7->s0-GrpcLogAppender is already stopped
2024-09-15 02:34:05,141 [MiniRaftCluster-7] INFO  server.GrpcService (GrpcService.java:closeImpl(358)) - s0: shutdown server GrpcServerProtocolService successfully
2024-09-15 02:34:05,141 [MiniRaftCluster-9] INFO  server.GrpcService (GrpcService.java:closeImpl(358)) - s2: shutdown server org.apache.ratis.grpc.server.GrpcClientProtocolService successfully
2024-09-15 02:34:05,141 [MiniRaftCluster-9] INFO  server.GrpcService (GrpcService.java:closeImpl(349)) - s2: shutdown server GrpcServerProtocolService now
2024-09-15 02:34:05,139 [MiniRaftCluster-8] INFO  server.GrpcService (GrpcService.java:closeImpl(358)) - s1: shutdown server org.apache.ratis.grpc.server.GrpcAdminProtocolService successfully
2024-09-15 02:34:05,141 [MiniRaftCluster-7] INFO  server.GrpcService (GrpcService.java:closeImpl(349)) - s0: shutdown server org.apache.ratis.grpc.server.GrpcAdminProtocolService now
2024-09-15 02:34:05,144 [MiniRaftCluster-9] INFO  server.GrpcService (GrpcService.java:closeImpl(358)) - s2: shutdown server GrpcServerProtocolService successfully
2024-09-15 02:34:05,144 [MiniRaftCluster-9] INFO  server.GrpcService (GrpcService.java:closeImpl(349)) - s2: shutdown server org.apache.ratis.grpc.server.GrpcAdminProtocolService now
2024-09-15 02:34:05,146 [s2@group-39FE727B82F7-StateMachineUpdater] INFO  raftlog.RaftLog (RaftLogBase.java:lambda$new$0(57)) - s2@group-39FE727B82F7-SegmentedRaftLog: snapshotIndex: updateIncreasingly 127 -> 258
2024-09-15 02:34:05,146 [s2@group-39FE727B82F7-StateMachineUpdater] INFO  impl.StateMachineUpdater (StateMachineUpdater.java:stop(141)) - s2@group-39FE727B82F7-StateMachineUpdater: closing StateMachineWithSeparatedSnapshotPath, lastApplied=(t:2, i:258)
2024-09-15 02:34:05,147 [s2@group-39FE727B82F7-SegmentedRaftLogWorker] TRACE util.FileUtils (LogUtils.java:runAndLog(49)) - Successfully ran Files.delete /home/runner/work/ratis/ratis/ratis-test/target/test/data/bb653c4b/MiniRaftClusterWithGrpcb514da3f/s2/101a0d2d-f21a-48ca-842f-39fe727b82f7/current/log_0-82
2024-09-15 02:34:05,147 [s2@group-39FE727B82F7-SegmentedRaftLogWorker] INFO  raftlog.RaftLog (RaftLogBase.java:lambda$new$0(57)) - s2@group-39FE727B82F7-SegmentedRaftLog: purgeIndex: updateToMax old=81, new=82, updated? true
2024-09-15 02:34:05,147 [MiniRaftCluster-7] INFO  server.GrpcService (GrpcService.java:closeImpl(358)) - s0: shutdown server org.apache.ratis.grpc.server.GrpcAdminProtocolService successfully
2024-09-15 02:34:05,148 [MiniRaftCluster-9] INFO  server.GrpcService (GrpcService.java:closeImpl(358)) - s2: shutdown server org.apache.ratis.grpc.server.GrpcAdminProtocolService successfully
2024-09-15 02:34:05,148 [JvmPauseMonitor6] INFO  util.JvmPauseMonitor (JvmPauseMonitor.java:run(152)) - JvmPauseMonitor-s0: Stopped
2024-09-15 02:34:05,149 [s2@group-39FE727B82F7-cacheEviction-AwaitToRun] INFO  util.AwaitToRun (AwaitToRun.java:run(49)) - s2@group-39FE727B82F7-cacheEviction-AwaitToRun-AwaitForSignal is interrupted
]]></system-out>
  </testcase>
  <testcase name="testInstallSnapshotLeaderSwitch(Boolean)[2]" classname="org.apache.ratis.grpc.TestLeaderInstallSnapshotWithGrpc" time="5.384"/>
  <testcase name="testSeparateSnapshotInstallPath(Boolean)[1]" classname="org.apache.ratis.grpc.TestLeaderInstallSnapshotWithGrpc" time="2.003"/>
  <testcase name="testSeparateSnapshotInstallPath(Boolean)[2]" classname="org.apache.ratis.grpc.TestLeaderInstallSnapshotWithGrpc" time="2.004"/>
</testsuite>