<?xml version="1.0" encoding="UTF-8"?>
<testsuite xmlns:xsi="http://www.w3.org/2001/XMLSchema-instance" xsi:noNamespaceSchemaLocation="https://maven.apache.org/surefire/maven-surefire-plugin/xsd/surefire-test-report.xsd" name="org.apache.ratis.grpc.TestStateMachineShutdownWithGrpc" time="4.162" tests="1" errors="0" skipped="0" failures="1">
  <properties>
    <property name="awt.toolkit" value="sun.awt.X11.XToolkit"/>
    <property name="java.specification.version" value="11"/>
    <property name="sun.cpu.isalist" value=""/>
    <property name="sun.jnu.encoding" value="UTF-8"/>
    <property name="java.class.path" value="/home/runner/work/ratis/ratis/ratis-test/target/test-classes:/home/runner/work/ratis/ratis/ratis-test/target/classes:/home/runner/work/ratis/ratis/ratis-common/target/classes:/home/runner/.m2/repository/org/apache/ratis/ratis-thirdparty-misc/1.0.3/ratis-thirdparty-misc-1.0.3.jar:/home/runner/work/ratis/ratis/ratis-proto/target/ratis-proto-3.0.0-SNAPSHOT.jar:/home/runner/work/ratis/ratis/ratis-common/target/test-classes:/home/runner/work/ratis/ratis/ratis-client/target/classes:/home/runner/work/ratis/ratis/ratis-server/target/classes:/home/runner/work/ratis/ratis/ratis-server-api/target/classes:/home/runner/work/ratis/ratis/ratis-metrics-api/target/classes:/home/runner/work/ratis/ratis/ratis-server/target/test-classes:/home/runner/work/ratis/ratis/ratis-metrics-default/target/classes:/home/runner/work/ratis/ratis/ratis-netty/target/classes:/home/runner/work/ratis/ratis/ratis-netty/target/test-classes:/home/runner/work/ratis/ratis/ratis-grpc/target/classes:/home/runner/work/ratis/ratis/ratis-grpc/target/test-classes:/home/runner/work/ratis/ratis/ratis-shell/target/classes:/home/runner/.m2/repository/commons-cli/commons-cli/1.5.0/commons-cli-1.5.0.jar:/home/runner/.m2/repository/org/reflections/reflections/0.10.2/reflections-0.10.2.jar:/home/runner/.m2/repository/org/javassist/javassist/3.28.0-GA/javassist-3.28.0-GA.jar:/home/runner/.m2/repository/com/google/code/findbugs/jsr305/3.0.2/jsr305-3.0.2.jar:/home/runner/.m2/repository/org/bouncycastle/bcprov-jdk15on/1.70/bcprov-jdk15on-1.70.jar:/home/runner/.m2/repository/org/bouncycastle/bcpkix-jdk15on/1.70/bcpkix-jdk15on-1.70.jar:/home/runner/.m2/repository/org/bouncycastle/bcutil-jdk15on/1.70/bcutil-jdk15on-1.70.jar:/home/runner/.m2/repository/org/slf4j/slf4j-api/1.7.36/slf4j-api-1.7.36.jar:/home/runner/.m2/repository/org/slf4j/slf4j-reload4j/1.7.36/slf4j-reload4j-1.7.36.jar:/home/runner/.m2/repository/ch/qos/reload4j/reload4j/1.2.19/reload4j-1.2.19.jar:/home/runner/.m2/repository/junit/junit/4.13.2/junit-4.13.2.jar:/home/runner/.m2/repository/org/hamcrest/hamcrest-core/1.3/hamcrest-core-1.3.jar:/home/runner/.m2/repository/org/mockito/mockito-core/4.3.1/mockito-core-4.3.1.jar:/home/runner/.m2/repository/net/bytebuddy/byte-buddy/1.12.7/byte-buddy-1.12.7.jar:/home/runner/.m2/repository/net/bytebuddy/byte-buddy-agent/1.12.7/byte-buddy-agent-1.12.7.jar:/home/runner/.m2/repository/org/objenesis/objenesis/3.2/objenesis-3.2.jar:"/>
    <property name="java.vm.vendor" value="Eclipse Adoptium"/>
    <property name="sun.arch.data.model" value="64"/>
    <property name="java.vendor.url" value="https://adoptium.net/"/>
    <property name="user.timezone" value=""/>
    <property name="java.vm.specification.version" value="11"/>
    <property name="os.name" value="Linux"/>
    <property name="sun.java.launcher" value="SUN_STANDARD"/>
    <property name="sun.boot.library.path" value="/usr/lib/jvm/temurin-11-jdk-amd64/lib"/>
    <property name="sun.java.command" value="/home/runner/work/ratis/ratis/ratis-test/target/surefire/surefirebooter5035840831669077945.jar /home/runner/work/ratis/ratis/ratis-test/target/surefire 2023-03-07T04-33-27_815-jvmRun1 surefire14763132401066294929tmp surefire_285450410398116436644tmp"/>
    <property name="jdk.debug" value="release"/>
    <property name="surefire.test.class.path" value="/home/runner/work/ratis/ratis/ratis-test/target/test-classes:/home/runner/work/ratis/ratis/ratis-test/target/classes:/home/runner/work/ratis/ratis/ratis-common/target/classes:/home/runner/.m2/repository/org/apache/ratis/ratis-thirdparty-misc/1.0.3/ratis-thirdparty-misc-1.0.3.jar:/home/runner/work/ratis/ratis/ratis-proto/target/ratis-proto-3.0.0-SNAPSHOT.jar:/home/runner/work/ratis/ratis/ratis-common/target/test-classes:/home/runner/work/ratis/ratis/ratis-client/target/classes:/home/runner/work/ratis/ratis/ratis-server/target/classes:/home/runner/work/ratis/ratis/ratis-server-api/target/classes:/home/runner/work/ratis/ratis/ratis-metrics-api/target/classes:/home/runner/work/ratis/ratis/ratis-server/target/test-classes:/home/runner/work/ratis/ratis/ratis-metrics-default/target/classes:/home/runner/work/ratis/ratis/ratis-netty/target/classes:/home/runner/work/ratis/ratis/ratis-netty/target/test-classes:/home/runner/work/ratis/ratis/ratis-grpc/target/classes:/home/runner/work/ratis/ratis/ratis-grpc/target/test-classes:/home/runner/work/ratis/ratis/ratis-shell/target/classes:/home/runner/.m2/repository/commons-cli/commons-cli/1.5.0/commons-cli-1.5.0.jar:/home/runner/.m2/repository/org/reflections/reflections/0.10.2/reflections-0.10.2.jar:/home/runner/.m2/repository/org/javassist/javassist/3.28.0-GA/javassist-3.28.0-GA.jar:/home/runner/.m2/repository/com/google/code/findbugs/jsr305/3.0.2/jsr305-3.0.2.jar:/home/runner/.m2/repository/org/bouncycastle/bcprov-jdk15on/1.70/bcprov-jdk15on-1.70.jar:/home/runner/.m2/repository/org/bouncycastle/bcpkix-jdk15on/1.70/bcpkix-jdk15on-1.70.jar:/home/runner/.m2/repository/org/bouncycastle/bcutil-jdk15on/1.70/bcutil-jdk15on-1.70.jar:/home/runner/.m2/repository/org/slf4j/slf4j-api/1.7.36/slf4j-api-1.7.36.jar:/home/runner/.m2/repository/org/slf4j/slf4j-reload4j/1.7.36/slf4j-reload4j-1.7.36.jar:/home/runner/.m2/repository/ch/qos/reload4j/reload4j/1.2.19/reload4j-1.2.19.jar:/home/runner/.m2/repository/junit/junit/4.13.2/junit-4.13.2.jar:/home/runner/.m2/repository/org/hamcrest/hamcrest-core/1.3/hamcrest-core-1.3.jar:/home/runner/.m2/repository/org/mockito/mockito-core/4.3.1/mockito-core-4.3.1.jar:/home/runner/.m2/repository/net/bytebuddy/byte-buddy/1.12.7/byte-buddy-1.12.7.jar:/home/runner/.m2/repository/net/bytebuddy/byte-buddy-agent/1.12.7/byte-buddy-agent-1.12.7.jar:/home/runner/.m2/repository/org/objenesis/objenesis/3.2/objenesis-3.2.jar:"/>
    <property name="sun.cpu.endian" value="little"/>
    <property name="user.home" value="/home/runner"/>
    <property name="user.language" value="en"/>
    <property name="java.specification.vendor" value="Oracle Corporation"/>
    <property name="java.version.date" value="2023-01-17"/>
    <property name="java.home" value="/usr/lib/jvm/temurin-11-jdk-amd64"/>
    <property name="file.separator" value="/"/>
    <property name="basedir" value="/home/runner/work/ratis/ratis/ratis-test"/>
    <property name="java.vm.compressedOopsMode" value="32-bit"/>
    <property name="line.separator" value="&#10;"/>
    <property name="java.specification.name" value="Java Platform API Specification"/>
    <property name="java.vm.specification.vendor" value="Oracle Corporation"/>
    <property name="java.awt.graphicsenv" value="sun.awt.X11GraphicsEnvironment"/>
    <property name="surefire.real.class.path" value="/home/runner/work/ratis/ratis/ratis-test/target/surefire/surefirebooter5035840831669077945.jar"/>
    <property name="sun.management.compiler" value="HotSpot 64-Bit Tiered Compilers"/>
    <property name="java.runtime.version" value="11.0.18+10"/>
    <property name="user.name" value="runner"/>
    <property name="java.net.preferIPv4Stack" value="true"/>
    <property name="path.separator" value=":"/>
    <property name="os.version" value="5.15.0-1033-azure"/>
    <property name="java.runtime.name" value="OpenJDK Runtime Environment"/>
    <property name="file.encoding" value="UTF-8"/>
    <property name="java.vm.name" value="OpenJDK 64-Bit Server VM"/>
    <property name="java.vendor.version" value="Temurin-11.0.18+10"/>
    <property name="localRepository" value="/home/runner/.m2/repository"/>
    <property name="java.vendor.url.bug" value="https://github.com/adoptium/adoptium-support/issues"/>
    <property name="java.io.tmpdir" value="/tmp"/>
    <property name="java.version" value="11.0.18"/>
    <property name="user.dir" value="/home/runner/work/ratis/ratis/ratis-test"/>
    <property name="os.arch" value="amd64"/>
    <property name="ratis.tmp.dir" value="/home/runner/work/ratis/ratis/ratis-test/target/tmp"/>
    <property name="java.vm.specification.name" value="Java Virtual Machine Specification"/>
    <property name="java.awt.printerjob" value="sun.print.PSPrinterJob"/>
    <property name="ratis.log.dir" value="/home/runner/work/ratis/ratis/ratis-test/target/log"/>
    <property name="sun.os.patch.level" value="unknown"/>
    <property name="java.library.path" value="/usr/java/packages/lib:/usr/lib64:/lib64:/lib:/usr/lib"/>
    <property name="java.vm.info" value="mixed mode"/>
    <property name="java.vendor" value="Eclipse Adoptium"/>
    <property name="java.vm.version" value="11.0.18+10"/>
    <property name="sun.io.unicode.encoding" value="UnicodeLittle"/>
    <property name="java.class.version" value="55.0"/>
  </properties>
  <testcase name="testStateMachineShutdownWaitsForApplyTxn" classname="org.apache.ratis.grpc.TestStateMachineShutdownWithGrpc" time="4.087">
    <failure message="expected:&lt;5&gt; but was:&lt;6&gt;" type="java.lang.AssertionError"><![CDATA[java.lang.AssertionError: expected:<5> but was:<6>
	at org.junit.Assert.fail(Assert.java:89)
	at org.junit.Assert.failNotEquals(Assert.java:835)
	at org.junit.Assert.assertEquals(Assert.java:647)
	at org.junit.Assert.assertEquals(Assert.java:633)
	at org.apache.ratis.server.impl.StateMachineShutdownTests.testStateMachineShutdownWaitsForApplyTxn(StateMachineShutdownTests.java:119)
	at java.base/jdk.internal.reflect.NativeMethodAccessorImpl.invoke0(Native Method)
	at java.base/jdk.internal.reflect.NativeMethodAccessorImpl.invoke(NativeMethodAccessorImpl.java:62)
	at java.base/jdk.internal.reflect.DelegatingMethodAccessorImpl.invoke(DelegatingMethodAccessorImpl.java:43)
	at java.base/java.lang.reflect.Method.invoke(Method.java:566)
	at org.junit.runners.model.FrameworkMethod$1.runReflectiveCall(FrameworkMethod.java:59)
	at org.junit.internal.runners.model.ReflectiveCallable.run(ReflectiveCallable.java:12)
	at org.junit.runners.model.FrameworkMethod.invokeExplosively(FrameworkMethod.java:56)
	at org.junit.internal.runners.statements.InvokeMethod.evaluate(InvokeMethod.java:17)
	at org.junit.internal.runners.statements.RunAfters.evaluate(RunAfters.java:27)
	at org.junit.internal.runners.statements.FailOnTimeout$CallableStatement.call(FailOnTimeout.java:299)
	at org.junit.internal.runners.statements.FailOnTimeout$CallableStatement.call(FailOnTimeout.java:293)
	at java.base/java.util.concurrent.FutureTask.run(FutureTask.java:264)
	at java.base/java.lang.Thread.run(Thread.java:829)
]]></failure>
    <system-out><![CDATA[2023-03-07 04:46:01,400 [main] INFO  util.LogUtils (Slf4jUtils.java:setLogLevel(38)) - Successfully set org.apache.ratis.conf.ConfUtils log level to WARN
2023-03-07 04:46:01,402 [main] INFO  util.LogUtils (Slf4jUtils.java:setLogLevel(38)) - Successfully set org.apache.ratis.util.FileUtils log level to TRACE
2023-03-07 04:46:01,452 [Time-limited test] INFO  impl.MiniRaftCluster (MiniRaftCluster.java:<init>(306)) - new MiniRaftClusterWithGrpc with group-930EDD749F09:[s0|rpc:localhost:38811|admin:localhost:45513|client:localhost:45905|dataStream:localhost:43231|priority:0|startupRole:FOLLOWER, s1|rpc:localhost:40897|admin:localhost:44611|client:localhost:41631|dataStream:localhost:37259|priority:0|startupRole:FOLLOWER, s2|rpc:localhost:38221|admin:localhost:35175|client:localhost:41405|dataStream:localhost:39599|priority:0|startupRole:FOLLOWER]
2023-03-07 04:46:01,453 [Time-limited test] INFO  impl.MiniRaftCluster (MiniRaftCluster.java:start(339)) - .............................................................. 
2023-03-07 04:46:01,453 [Time-limited test] INFO  impl.MiniRaftCluster (MiniRaftCluster.java:start(340)) - ... 
2023-03-07 04:46:01,453 [Time-limited test] INFO  impl.MiniRaftCluster (MiniRaftCluster.java:start(341)) - ...     Starting MiniRaftClusterWithGrpc
2023-03-07 04:46:01,453 [Time-limited test] INFO  impl.MiniRaftCluster (MiniRaftCluster.java:start(342)) - ... 
2023-03-07 04:46:01,453 [Time-limited test] INFO  impl.MiniRaftCluster (MiniRaftCluster.java:start(343)) - .............................................................. 
2023-03-07 04:46:01,453 [Time-limited test] INFO  impl.MiniRaftCluster (MiniRaftCluster.java:initServers(318)) - servers = {}
2023-03-07 04:46:01,456 [Time-limited test] INFO  impl.MiniRaftCluster (MiniRaftCluster.java:newRaftServer(382)) - newRaftServer: s0, group-930EDD749F09:[s0|rpc:localhost:38811|admin:localhost:45513|client:localhost:45905|dataStream:localhost:43231|priority:0|startupRole:FOLLOWER, s1|rpc:localhost:40897|admin:localhost:44611|client:localhost:41631|dataStream:localhost:37259|priority:0|startupRole:FOLLOWER, s2|rpc:localhost:38221|admin:localhost:35175|client:localhost:41405|dataStream:localhost:39599|priority:0|startupRole:FOLLOWER], format? true
2023-03-07 04:46:01,458 [Time-limited test] TRACE util.FileUtils (FileUtils.java:deleteFully(201)) - deleteFully target/test/data/5829c95/MiniRaftClusterWithGrpc36c52e3b/s0
2023-03-07 04:46:01,458 [Time-limited test] TRACE util.FileUtils (FileUtils.java:deleteFully(217)) - deleteFully: target/test/data/5829c95/MiniRaftClusterWithGrpc36c52e3b/s0 does not exist.
2023-03-07 04:46:01,458 [Time-limited test] INFO  impl.MiniRaftCluster (MiniRaftCluster.java:newRaftServer(387)) - Formatted directory target/test/data/5829c95/MiniRaftClusterWithGrpc36c52e3b/s0
2023-03-07 04:46:01,475 [Time-limited test] INFO  server.RaftServer (ConfUtils.java:logGet(46)) - raft.rpc.type = GRPC (default)
2023-03-07 04:46:01,528 [Time-limited test] INFO  grpc.GrpcConfigKeys (ConfUtils.java:logFallback(53)) - raft.grpc.admin.host = null (fallback to raft.grpc.server.host)
2023-03-07 04:46:01,529 [Time-limited test] INFO  grpc.GrpcConfigKeys (ConfUtils.java:logGet(46)) - raft.grpc.admin.port = 45513 (custom)
2023-03-07 04:46:01,530 [Time-limited test] INFO  grpc.GrpcConfigKeys (ConfUtils.java:logFallback(53)) - raft.grpc.client.host = null (fallback to raft.grpc.server.host)
2023-03-07 04:46:01,530 [Time-limited test] INFO  grpc.GrpcConfigKeys (ConfUtils.java:logGet(46)) - raft.grpc.client.port = 45905 (custom)
2023-03-07 04:46:01,531 [Time-limited test] INFO  grpc.GrpcConfigKeys (ConfUtils.java:logGet(46)) - raft.grpc.server.host = null (default)
2023-03-07 04:46:01,531 [Time-limited test] INFO  grpc.GrpcConfigKeys (ConfUtils.java:logGet(46)) - raft.grpc.server.port = 38811 (custom)
2023-03-07 04:46:01,532 [Time-limited test] INFO  server.GrpcService (ConfUtils.java:logGet(46)) - raft.grpc.message.size.max = 64MB (=67108864) (default)
2023-03-07 04:46:01,534 [Time-limited test] INFO  server.RaftServerConfigKeys (ConfUtils.java:logGet(46)) - raft.server.log.appender.buffer.byte-limit = 4MB (=4194304) (default)
2023-03-07 04:46:01,534 [Time-limited test] INFO  server.GrpcService (ConfUtils.java:logGet(46)) - raft.grpc.flow.control.window = 1MB (=1048576) (default)
2023-03-07 04:46:01,538 [Time-limited test] INFO  server.RaftServerConfigKeys (ConfUtils.java:logGet(46)) - raft.server.rpc.request.timeout = 3000ms (default)
2023-03-07 04:46:01,551 [Time-limited test] INFO  grpc.GrpcConfigKeys (ConfUtils.java:logGet(46)) - raft.grpc.server.heartbeat.channel = true (default)
2023-03-07 04:46:01,555 [Time-limited test] INFO  grpc.GrpcConfigKeys (ConfUtils.java:logGet(46)) - raft.grpc.server.async.request.thread.pool.cached = true (default)
2023-03-07 04:46:01,555 [Time-limited test] INFO  grpc.GrpcConfigKeys (ConfUtils.java:logGet(46)) - raft.grpc.server.async.request.thread.pool.size = 32 (default)
2023-03-07 04:46:01,749 [Time-limited test] INFO  impl.DataStreamServerImpl (ConfUtils.java:logGet(46)) - raft.datastream.type = DISABLED (default)
2023-03-07 04:46:01,752 [Time-limited test] INFO  server.RaftServerConfigKeys (ConfUtils.java:logGet(46)) - raft.server.threadpool.proxy.cached = true (default)
2023-03-07 04:46:01,752 [Time-limited test] INFO  server.RaftServerConfigKeys (ConfUtils.java:logGet(46)) - raft.server.threadpool.proxy.size = 0 (default)
2023-03-07 04:46:01,753 [Time-limited test] INFO  server.RaftServerConfigKeys (ConfUtils.java:logGet(46)) - raft.server.rpc.slowness.timeout = 60s (default)
2023-03-07 04:46:01,753 [Time-limited test] INFO  server.RaftServerConfigKeys (ConfUtils.java:logGet(46)) - raft.server.leaderelection.leader.step-down.wait-time = 10s (default)
2023-03-07 04:46:01,759 [Time-limited test] INFO  server.RaftServerConfigKeys (ConfUtils.java:logGet(46)) - raft.server.storage.dir = [/home/runner/work/ratis/ratis/ratis-test/target/test/data/5829c95/MiniRaftClusterWithGrpc36c52e3b/s0] (custom)
2023-03-07 04:46:01,773 [Time-limited test] INFO  server.RaftServer (RaftServerProxy.java:addNew(99)) - s0: addNew group-930EDD749F09:[s0|rpc:localhost:38811|admin:localhost:45513|client:localhost:45905|dataStream:localhost:43231|priority:0|startupRole:FOLLOWER, s1|rpc:localhost:40897|admin:localhost:44611|client:localhost:41631|dataStream:localhost:37259|priority:0|startupRole:FOLLOWER, s2|rpc:localhost:38221|admin:localhost:35175|client:localhost:41405|dataStream:localhost:39599|priority:0|startupRole:FOLLOWER] returns group-930EDD749F09:java.util.concurrent.CompletableFuture@77369780[Not completed]
2023-03-07 04:46:01,773 [Time-limited test] INFO  impl.MiniRaftCluster (MiniRaftCluster.java:newRaftServer(382)) - newRaftServer: s1, group-930EDD749F09:[s0|rpc:localhost:38811|admin:localhost:45513|client:localhost:45905|dataStream:localhost:43231|priority:0|startupRole:FOLLOWER, s1|rpc:localhost:40897|admin:localhost:44611|client:localhost:41631|dataStream:localhost:37259|priority:0|startupRole:FOLLOWER, s2|rpc:localhost:38221|admin:localhost:35175|client:localhost:41405|dataStream:localhost:39599|priority:0|startupRole:FOLLOWER], format? true
2023-03-07 04:46:01,773 [Time-limited test] TRACE util.FileUtils (FileUtils.java:deleteFully(201)) - deleteFully target/test/data/5829c95/MiniRaftClusterWithGrpc36c52e3b/s1
2023-03-07 04:46:01,774 [Time-limited test] TRACE util.FileUtils (FileUtils.java:deleteFully(217)) - deleteFully: target/test/data/5829c95/MiniRaftClusterWithGrpc36c52e3b/s1 does not exist.
2023-03-07 04:46:01,774 [Time-limited test] INFO  impl.MiniRaftCluster (MiniRaftCluster.java:newRaftServer(387)) - Formatted directory target/test/data/5829c95/MiniRaftClusterWithGrpc36c52e3b/s1
2023-03-07 04:46:01,774 [Time-limited test] INFO  server.RaftServer (ConfUtils.java:logGet(46)) - raft.rpc.type = GRPC (default)
2023-03-07 04:46:01,775 [Time-limited test] INFO  grpc.GrpcConfigKeys (ConfUtils.java:logFallback(53)) - raft.grpc.admin.host = null (fallback to raft.grpc.server.host)
2023-03-07 04:46:01,776 [Time-limited test] INFO  grpc.GrpcConfigKeys (ConfUtils.java:logGet(46)) - raft.grpc.admin.port = 44611 (custom)
2023-03-07 04:46:01,776 [Time-limited test] INFO  grpc.GrpcConfigKeys (ConfUtils.java:logFallback(53)) - raft.grpc.client.host = null (fallback to raft.grpc.server.host)
2023-03-07 04:46:01,776 [Time-limited test] INFO  grpc.GrpcConfigKeys (ConfUtils.java:logGet(46)) - raft.grpc.client.port = 41631 (custom)
2023-03-07 04:46:01,776 [Time-limited test] INFO  grpc.GrpcConfigKeys (ConfUtils.java:logGet(46)) - raft.grpc.server.host = null (default)
2023-03-07 04:46:01,776 [Time-limited test] INFO  grpc.GrpcConfigKeys (ConfUtils.java:logGet(46)) - raft.grpc.server.port = 40897 (custom)
2023-03-07 04:46:01,777 [Time-limited test] INFO  server.GrpcService (ConfUtils.java:logGet(46)) - raft.grpc.message.size.max = 64MB (=67108864) (default)
2023-03-07 04:46:01,777 [Time-limited test] INFO  server.RaftServerConfigKeys (ConfUtils.java:logGet(46)) - raft.server.log.appender.buffer.byte-limit = 4MB (=4194304) (default)
2023-03-07 04:46:01,777 [Time-limited test] INFO  server.GrpcService (ConfUtils.java:logGet(46)) - raft.grpc.flow.control.window = 1MB (=1048576) (default)
2023-03-07 04:46:01,777 [Time-limited test] INFO  server.RaftServerConfigKeys (ConfUtils.java:logGet(46)) - raft.server.rpc.request.timeout = 3000ms (default)
2023-03-07 04:46:01,777 [Time-limited test] INFO  grpc.GrpcConfigKeys (ConfUtils.java:logGet(46)) - raft.grpc.server.heartbeat.channel = true (default)
2023-03-07 04:46:01,777 [Time-limited test] INFO  grpc.GrpcConfigKeys (ConfUtils.java:logGet(46)) - raft.grpc.server.async.request.thread.pool.cached = true (default)
2023-03-07 04:46:01,778 [Time-limited test] INFO  grpc.GrpcConfigKeys (ConfUtils.java:logGet(46)) - raft.grpc.server.async.request.thread.pool.size = 32 (default)
2023-03-07 04:46:01,788 [Time-limited test] INFO  impl.DataStreamServerImpl (ConfUtils.java:logGet(46)) - raft.datastream.type = DISABLED (default)
2023-03-07 04:46:01,788 [Time-limited test] INFO  server.RaftServerConfigKeys (ConfUtils.java:logGet(46)) - raft.server.threadpool.proxy.cached = true (default)
2023-03-07 04:46:01,789 [Time-limited test] INFO  server.RaftServerConfigKeys (ConfUtils.java:logGet(46)) - raft.server.threadpool.proxy.size = 0 (default)
2023-03-07 04:46:01,789 [Time-limited test] INFO  server.RaftServerConfigKeys (ConfUtils.java:logGet(46)) - raft.server.rpc.slowness.timeout = 60s (default)
2023-03-07 04:46:01,789 [Time-limited test] INFO  server.RaftServerConfigKeys (ConfUtils.java:logGet(46)) - raft.server.leaderelection.leader.step-down.wait-time = 10s (default)
2023-03-07 04:46:01,789 [Time-limited test] INFO  server.RaftServerConfigKeys (ConfUtils.java:logGet(46)) - raft.server.storage.dir = [/home/runner/work/ratis/ratis/ratis-test/target/test/data/5829c95/MiniRaftClusterWithGrpc36c52e3b/s1] (custom)
2023-03-07 04:46:01,795 [Time-limited test] INFO  server.RaftServer (RaftServerProxy.java:addNew(99)) - s1: addNew group-930EDD749F09:[s0|rpc:localhost:38811|admin:localhost:45513|client:localhost:45905|dataStream:localhost:43231|priority:0|startupRole:FOLLOWER, s1|rpc:localhost:40897|admin:localhost:44611|client:localhost:41631|dataStream:localhost:37259|priority:0|startupRole:FOLLOWER, s2|rpc:localhost:38221|admin:localhost:35175|client:localhost:41405|dataStream:localhost:39599|priority:0|startupRole:FOLLOWER] returns group-930EDD749F09:java.util.concurrent.CompletableFuture@5a54a4c4[Not completed]
2023-03-07 04:46:01,795 [Time-limited test] INFO  impl.MiniRaftCluster (MiniRaftCluster.java:newRaftServer(382)) - newRaftServer: s2, group-930EDD749F09:[s0|rpc:localhost:38811|admin:localhost:45513|client:localhost:45905|dataStream:localhost:43231|priority:0|startupRole:FOLLOWER, s1|rpc:localhost:40897|admin:localhost:44611|client:localhost:41631|dataStream:localhost:37259|priority:0|startupRole:FOLLOWER, s2|rpc:localhost:38221|admin:localhost:35175|client:localhost:41405|dataStream:localhost:39599|priority:0|startupRole:FOLLOWER], format? true
2023-03-07 04:46:01,795 [Time-limited test] TRACE util.FileUtils (FileUtils.java:deleteFully(201)) - deleteFully target/test/data/5829c95/MiniRaftClusterWithGrpc36c52e3b/s2
2023-03-07 04:46:01,795 [Time-limited test] TRACE util.FileUtils (FileUtils.java:deleteFully(217)) - deleteFully: target/test/data/5829c95/MiniRaftClusterWithGrpc36c52e3b/s2 does not exist.
2023-03-07 04:46:01,795 [Time-limited test] INFO  impl.MiniRaftCluster (MiniRaftCluster.java:newRaftServer(387)) - Formatted directory target/test/data/5829c95/MiniRaftClusterWithGrpc36c52e3b/s2
2023-03-07 04:46:01,796 [Time-limited test] INFO  server.RaftServer (ConfUtils.java:logGet(46)) - raft.rpc.type = GRPC (default)
2023-03-07 04:46:01,796 [Time-limited test] INFO  grpc.GrpcConfigKeys (ConfUtils.java:logFallback(53)) - raft.grpc.admin.host = null (fallback to raft.grpc.server.host)
2023-03-07 04:46:01,796 [Time-limited test] INFO  grpc.GrpcConfigKeys (ConfUtils.java:logGet(46)) - raft.grpc.admin.port = 35175 (custom)
2023-03-07 04:46:01,796 [Time-limited test] INFO  grpc.GrpcConfigKeys (ConfUtils.java:logFallback(53)) - raft.grpc.client.host = null (fallback to raft.grpc.server.host)
2023-03-07 04:46:01,796 [Time-limited test] INFO  grpc.GrpcConfigKeys (ConfUtils.java:logGet(46)) - raft.grpc.client.port = 41405 (custom)
2023-03-07 04:46:01,797 [Time-limited test] INFO  grpc.GrpcConfigKeys (ConfUtils.java:logGet(46)) - raft.grpc.server.host = null (default)
2023-03-07 04:46:01,797 [Time-limited test] INFO  grpc.GrpcConfigKeys (ConfUtils.java:logGet(46)) - raft.grpc.server.port = 38221 (custom)
2023-03-07 04:46:01,797 [Time-limited test] INFO  server.GrpcService (ConfUtils.java:logGet(46)) - raft.grpc.message.size.max = 64MB (=67108864) (default)
2023-03-07 04:46:01,797 [Time-limited test] INFO  server.RaftServerConfigKeys (ConfUtils.java:logGet(46)) - raft.server.log.appender.buffer.byte-limit = 4MB (=4194304) (default)
2023-03-07 04:46:01,797 [Time-limited test] INFO  server.GrpcService (ConfUtils.java:logGet(46)) - raft.grpc.flow.control.window = 1MB (=1048576) (default)
2023-03-07 04:46:01,797 [Time-limited test] INFO  server.RaftServerConfigKeys (ConfUtils.java:logGet(46)) - raft.server.rpc.request.timeout = 3000ms (default)
2023-03-07 04:46:01,797 [Time-limited test] INFO  grpc.GrpcConfigKeys (ConfUtils.java:logGet(46)) - raft.grpc.server.heartbeat.channel = true (default)
2023-03-07 04:46:01,798 [Time-limited test] INFO  grpc.GrpcConfigKeys (ConfUtils.java:logGet(46)) - raft.grpc.server.async.request.thread.pool.cached = true (default)
2023-03-07 04:46:01,798 [Time-limited test] INFO  grpc.GrpcConfigKeys (ConfUtils.java:logGet(46)) - raft.grpc.server.async.request.thread.pool.size = 32 (default)
2023-03-07 04:46:01,799 [Time-limited test] INFO  impl.DataStreamServerImpl (ConfUtils.java:logGet(46)) - raft.datastream.type = DISABLED (default)
2023-03-07 04:46:01,799 [Time-limited test] INFO  server.RaftServerConfigKeys (ConfUtils.java:logGet(46)) - raft.server.threadpool.proxy.cached = true (default)
2023-03-07 04:46:01,799 [Time-limited test] INFO  server.RaftServerConfigKeys (ConfUtils.java:logGet(46)) - raft.server.threadpool.proxy.size = 0 (default)
2023-03-07 04:46:01,800 [Time-limited test] INFO  server.RaftServerConfigKeys (ConfUtils.java:logGet(46)) - raft.server.rpc.slowness.timeout = 60s (default)
2023-03-07 04:46:01,800 [Time-limited test] INFO  server.RaftServerConfigKeys (ConfUtils.java:logGet(46)) - raft.server.leaderelection.leader.step-down.wait-time = 10s (default)
2023-03-07 04:46:01,800 [Time-limited test] INFO  server.RaftServerConfigKeys (ConfUtils.java:logGet(46)) - raft.server.storage.dir = [/home/runner/work/ratis/ratis/ratis-test/target/test/data/5829c95/MiniRaftClusterWithGrpc36c52e3b/s2] (custom)
2023-03-07 04:46:01,802 [s0-groupManagement] INFO  server.RaftServerConfigKeys (ConfUtils.java:logGet(46)) - raft.server.log.segment.size.max = 8MB (=8388608) (default)
2023-03-07 04:46:01,809 [Time-limited test] INFO  server.RaftServer (RaftServerProxy.java:addNew(99)) - s2: addNew group-930EDD749F09:[s0|rpc:localhost:38811|admin:localhost:45513|client:localhost:45905|dataStream:localhost:43231|priority:0|startupRole:FOLLOWER, s1|rpc:localhost:40897|admin:localhost:44611|client:localhost:41631|dataStream:localhost:37259|priority:0|startupRole:FOLLOWER, s2|rpc:localhost:38221|admin:localhost:35175|client:localhost:41405|dataStream:localhost:39599|priority:0|startupRole:FOLLOWER] returns group-930EDD749F09:java.util.concurrent.CompletableFuture@4f564821[Not completed]
2023-03-07 04:46:01,809 [s0-groupManagement] INFO  server.RaftServerConfigKeys (ConfUtils.java:logGet(46)) - raft.server.log.preallocated.size = 4MB (=4194304) (default)
2023-03-07 04:46:01,811 [s0-groupManagement] INFO  server.RaftServerConfigKeys (ConfUtils.java:logGet(46)) - raft.server.log.write.buffer.size = 64KB (=65536) (default)
2023-03-07 04:46:01,813 [s1-groupManagement] INFO  server.RaftServerConfigKeys (ConfUtils.java:logGet(46)) - raft.server.log.segment.size.max = 8MB (=8388608) (default)
2023-03-07 04:46:01,813 [s1-groupManagement] INFO  server.RaftServerConfigKeys (ConfUtils.java:logGet(46)) - raft.server.log.preallocated.size = 4MB (=4194304) (default)
2023-03-07 04:46:01,813 [s1-groupManagement] INFO  server.RaftServerConfigKeys (ConfUtils.java:logGet(46)) - raft.server.log.write.buffer.size = 64KB (=65536) (default)
2023-03-07 04:46:01,813 [s2-groupManagement] INFO  server.RaftServerConfigKeys (ConfUtils.java:logGet(46)) - raft.server.log.segment.size.max = 8MB (=8388608) (default)
2023-03-07 04:46:01,813 [s0-groupManagement] INFO  server.RaftServer$Division (RaftServerImpl.java:<init>(198)) - s0: new RaftServerImpl for group-930EDD749F09:[s0|rpc:localhost:38811|admin:localhost:45513|client:localhost:45905|dataStream:localhost:43231|priority:0|startupRole:FOLLOWER, s1|rpc:localhost:40897|admin:localhost:44611|client:localhost:41631|dataStream:localhost:37259|priority:0|startupRole:FOLLOWER, s2|rpc:localhost:38221|admin:localhost:35175|client:localhost:41405|dataStream:localhost:39599|priority:0|startupRole:FOLLOWER] with StateMachineWithConditionalWait:uninitialized
2023-03-07 04:46:01,814 [s1-groupManagement] INFO  server.RaftServer$Division (RaftServerImpl.java:<init>(198)) - s1: new RaftServerImpl for group-930EDD749F09:[s0|rpc:localhost:38811|admin:localhost:45513|client:localhost:45905|dataStream:localhost:43231|priority:0|startupRole:FOLLOWER, s1|rpc:localhost:40897|admin:localhost:44611|client:localhost:41631|dataStream:localhost:37259|priority:0|startupRole:FOLLOWER, s2|rpc:localhost:38221|admin:localhost:35175|client:localhost:41405|dataStream:localhost:39599|priority:0|startupRole:FOLLOWER] with StateMachineWithConditionalWait:uninitialized
2023-03-07 04:46:01,814 [s2-groupManagement] INFO  server.RaftServerConfigKeys (ConfUtils.java:logGet(46)) - raft.server.log.preallocated.size = 4MB (=4194304) (default)
2023-03-07 04:46:01,821 [s2-groupManagement] INFO  server.RaftServerConfigKeys (ConfUtils.java:logGet(46)) - raft.server.log.write.buffer.size = 64KB (=65536) (default)
2023-03-07 04:46:01,821 [s2-groupManagement] INFO  server.RaftServer$Division (RaftServerImpl.java:<init>(198)) - s2: new RaftServerImpl for group-930EDD749F09:[s0|rpc:localhost:38811|admin:localhost:45513|client:localhost:45905|dataStream:localhost:43231|priority:0|startupRole:FOLLOWER, s1|rpc:localhost:40897|admin:localhost:44611|client:localhost:41631|dataStream:localhost:37259|priority:0|startupRole:FOLLOWER, s2|rpc:localhost:38221|admin:localhost:35175|client:localhost:41405|dataStream:localhost:39599|priority:0|startupRole:FOLLOWER] with StateMachineWithConditionalWait:uninitialized
2023-03-07 04:46:01,822 [s0-groupManagement] INFO  server.RaftServerConfigKeys (ConfUtils.java:logGet(46)) - raft.server.rpc.timeout.min = 150ms (default)
2023-03-07 04:46:01,822 [s0-groupManagement] INFO  server.RaftServerConfigKeys (ConfUtils.java:logGet(46)) - raft.server.rpc.timeout.max = 300ms (default)
2023-03-07 04:46:01,822 [s0-groupManagement] INFO  server.RaftServerConfigKeys (ConfUtils.java:logGet(46)) - raft.server.rpc.sleep.time = 25ms (default)
2023-03-07 04:46:01,822 [s0-groupManagement] INFO  server.RaftServerConfigKeys (ConfUtils.java:logGet(46)) - raft.server.rpc.slowness.timeout = 60s (default)
2023-03-07 04:46:01,823 [s0-groupManagement] INFO  server.RaftServerConfigKeys (ConfUtils.java:logGet(46)) - raft.server.leaderelection.leader.step-down.wait-time = 10s (default)
2023-03-07 04:46:01,823 [s0-groupManagement] INFO  server.RaftServerConfigKeys (ConfUtils.java:logGet(46)) - raft.server.sleep.deviation.threshold = 300ms (default)
2023-03-07 04:46:01,822 [s1-groupManagement] INFO  server.RaftServerConfigKeys (ConfUtils.java:logGet(46)) - raft.server.rpc.timeout.min = 150ms (default)
2023-03-07 04:46:01,824 [s1-groupManagement] INFO  server.RaftServerConfigKeys (ConfUtils.java:logGet(46)) - raft.server.rpc.timeout.max = 300ms (default)
2023-03-07 04:46:01,824 [s1-groupManagement] INFO  server.RaftServerConfigKeys (ConfUtils.java:logGet(46)) - raft.server.rpc.sleep.time = 25ms (default)
2023-03-07 04:46:01,824 [s1-groupManagement] INFO  server.RaftServerConfigKeys (ConfUtils.java:logGet(46)) - raft.server.rpc.slowness.timeout = 60s (default)
2023-03-07 04:46:01,824 [s1-groupManagement] INFO  server.RaftServerConfigKeys (ConfUtils.java:logGet(46)) - raft.server.leaderelection.leader.step-down.wait-time = 10s (default)
2023-03-07 04:46:01,824 [s1-groupManagement] INFO  server.RaftServerConfigKeys (ConfUtils.java:logGet(46)) - raft.server.sleep.deviation.threshold = 300ms (default)
2023-03-07 04:46:01,828 [s1-groupManagement] INFO  server.RaftServer$Division (ServerState.java:<init>(113)) - s1@group-930EDD749F09: ConfigurationManager, init=-1: peers:[s0|rpc:localhost:38811|admin:localhost:45513|client:localhost:45905|dataStream:localhost:43231|priority:0|startupRole:FOLLOWER, s1|rpc:localhost:40897|admin:localhost:44611|client:localhost:41631|dataStream:localhost:37259|priority:0|startupRole:FOLLOWER, s2|rpc:localhost:38221|admin:localhost:35175|client:localhost:41405|dataStream:localhost:39599|priority:0|startupRole:FOLLOWER]|listeners:[], old=null, confs=<EMPTY_MAP>
2023-03-07 04:46:01,822 [s2-groupManagement] INFO  server.RaftServerConfigKeys (ConfUtils.java:logGet(46)) - raft.server.rpc.timeout.min = 150ms (default)
2023-03-07 04:46:01,831 [s2-groupManagement] INFO  server.RaftServerConfigKeys (ConfUtils.java:logGet(46)) - raft.server.rpc.timeout.max = 300ms (default)
2023-03-07 04:46:01,831 [s2-groupManagement] INFO  server.RaftServerConfigKeys (ConfUtils.java:logGet(46)) - raft.server.rpc.sleep.time = 25ms (default)
2023-03-07 04:46:01,831 [s2-groupManagement] INFO  server.RaftServerConfigKeys (ConfUtils.java:logGet(46)) - raft.server.rpc.slowness.timeout = 60s (default)
2023-03-07 04:46:01,831 [s2-groupManagement] INFO  server.RaftServerConfigKeys (ConfUtils.java:logGet(46)) - raft.server.leaderelection.leader.step-down.wait-time = 10s (default)
2023-03-07 04:46:01,831 [s2-groupManagement] INFO  server.RaftServerConfigKeys (ConfUtils.java:logGet(46)) - raft.server.sleep.deviation.threshold = 300ms (default)
2023-03-07 04:46:01,832 [s2-groupManagement] INFO  server.RaftServer$Division (ServerState.java:<init>(113)) - s2@group-930EDD749F09: ConfigurationManager, init=-1: peers:[s0|rpc:localhost:38811|admin:localhost:45513|client:localhost:45905|dataStream:localhost:43231|priority:0|startupRole:FOLLOWER, s1|rpc:localhost:40897|admin:localhost:44611|client:localhost:41631|dataStream:localhost:37259|priority:0|startupRole:FOLLOWER, s2|rpc:localhost:38221|admin:localhost:35175|client:localhost:41405|dataStream:localhost:39599|priority:0|startupRole:FOLLOWER]|listeners:[], old=null, confs=<EMPTY_MAP>
2023-03-07 04:46:01,831 [s0-groupManagement] INFO  server.RaftServer$Division (ServerState.java:<init>(113)) - s0@group-930EDD749F09: ConfigurationManager, init=-1: peers:[s0|rpc:localhost:38811|admin:localhost:45513|client:localhost:45905|dataStream:localhost:43231|priority:0|startupRole:FOLLOWER, s1|rpc:localhost:40897|admin:localhost:44611|client:localhost:41631|dataStream:localhost:37259|priority:0|startupRole:FOLLOWER, s2|rpc:localhost:38221|admin:localhost:35175|client:localhost:41405|dataStream:localhost:39599|priority:0|startupRole:FOLLOWER]|listeners:[], old=null, confs=<EMPTY_MAP>
2023-03-07 04:46:01,833 [s0-groupManagement] INFO  server.RaftServerConfigKeys (ConfUtils.java:logGet(46)) - raft.server.notification.no-leader.timeout = 60s (default)
2023-03-07 04:46:01,843 [s0-groupManagement] INFO  server.RaftServerConfigKeys (ConfUtils.java:logGet(46)) - raft.server.read.timeout = 10s (default)
2023-03-07 04:46:01,844 [s2-groupManagement] INFO  server.RaftServerConfigKeys (ConfUtils.java:logGet(46)) - raft.server.notification.no-leader.timeout = 60s (default)
2023-03-07 04:46:01,845 [s2-groupManagement] INFO  server.RaftServerConfigKeys (ConfUtils.java:logGet(46)) - raft.server.read.timeout = 10s (default)
2023-03-07 04:46:01,853 [s1-groupManagement] INFO  server.RaftServerConfigKeys (ConfUtils.java:logGet(46)) - raft.server.notification.no-leader.timeout = 60s (default)
2023-03-07 04:46:01,853 [s1-groupManagement] INFO  server.RaftServerConfigKeys (ConfUtils.java:logGet(46)) - raft.server.read.timeout = 10s (default)
2023-03-07 04:46:01,854 [s2-groupManagement] INFO  server.RaftServerConfigKeys (ConfUtils.java:logGet(46)) - raft.server.retrycache.expirytime = 60s (default)
2023-03-07 04:46:01,854 [s2-groupManagement] INFO  server.RaftServerConfigKeys (ConfUtils.java:logGet(46)) - raft.server.retrycache.statistics.expirytime = 100μs (default)
2023-03-07 04:46:01,856 [s1-groupManagement] INFO  server.RaftServerConfigKeys (ConfUtils.java:logGet(46)) - raft.server.retrycache.expirytime = 60s (default)
2023-03-07 04:46:01,857 [s1-groupManagement] INFO  server.RaftServerConfigKeys (ConfUtils.java:logGet(46)) - raft.server.retrycache.statistics.expirytime = 100μs (default)
2023-03-07 04:46:01,861 [s0-groupManagement] INFO  server.RaftServerConfigKeys (ConfUtils.java:logGet(46)) - raft.server.retrycache.expirytime = 60s (default)
2023-03-07 04:46:01,861 [s0-groupManagement] INFO  server.RaftServerConfigKeys (ConfUtils.java:logGet(46)) - raft.server.retrycache.statistics.expirytime = 100μs (default)
2023-03-07 04:46:01,872 [s1-groupManagement] INFO  server.RaftServerConfigKeys (ConfUtils.java:logGet(46)) - raft.server.read.option = DEFAULT (default)
2023-03-07 04:46:01,873 [s0-groupManagement] INFO  server.RaftServerConfigKeys (ConfUtils.java:logGet(46)) - raft.server.read.option = DEFAULT (default)
2023-03-07 04:46:01,877 [s2-groupManagement] INFO  server.RaftServerConfigKeys (ConfUtils.java:logGet(46)) - raft.server.read.option = DEFAULT (default)
2023-03-07 04:46:01,882 [s0-groupManagement] INFO  metrics.MetricRegistries (MetricRegistriesLoader.java:load(64)) - Loaded MetricRegistries class org.apache.ratis.metrics.impl.MetricRegistriesImpl
2023-03-07 04:46:01,999 [s0-groupManagement] INFO  server.RaftServerConfigKeys (ConfUtils.java:logGet(46)) - raft.server.log.appender.install.snapshot.enabled = true (default)
2023-03-07 04:46:02,000 [s0-groupManagement] INFO  server.RaftServerConfigKeys (ConfUtils.java:logGet(46)) - raft.server.threadpool.server.cached = true (default)
2023-03-07 04:46:02,001 [s0-groupManagement] INFO  server.RaftServerConfigKeys (ConfUtils.java:logGet(46)) - raft.server.threadpool.server.size = 0 (default)
2023-03-07 04:46:02,001 [s0-groupManagement] INFO  server.RaftServerConfigKeys (ConfUtils.java:logGet(46)) - raft.server.threadpool.client.cached = true (default)
2023-03-07 04:46:02,001 [s0-groupManagement] INFO  server.RaftServerConfigKeys (ConfUtils.java:logGet(46)) - raft.server.threadpool.client.size = 0 (default)
2023-03-07 04:46:01,999 [s2-groupManagement] INFO  server.RaftServerConfigKeys (ConfUtils.java:logGet(46)) - raft.server.log.appender.install.snapshot.enabled = true (default)
2023-03-07 04:46:02,002 [s2-groupManagement] INFO  server.RaftServerConfigKeys (ConfUtils.java:logGet(46)) - raft.server.threadpool.server.cached = true (default)
2023-03-07 04:46:02,002 [s2-groupManagement] INFO  server.RaftServerConfigKeys (ConfUtils.java:logGet(46)) - raft.server.threadpool.server.size = 0 (default)
2023-03-07 04:46:02,002 [s2-groupManagement] INFO  server.RaftServerConfigKeys (ConfUtils.java:logGet(46)) - raft.server.threadpool.client.cached = true (default)
2023-03-07 04:46:02,002 [s2-groupManagement] INFO  server.RaftServerConfigKeys (ConfUtils.java:logGet(46)) - raft.server.threadpool.client.size = 0 (default)
2023-03-07 04:46:02,002 [s0-impl-thread1] INFO  server.RaftServerConfigKeys (ConfUtils.java:logGet(46)) - raft.server.storage.free-space.min = 0MB (=0) (default)
2023-03-07 04:46:02,000 [s1-groupManagement] INFO  server.RaftServerConfigKeys (ConfUtils.java:logGet(46)) - raft.server.log.appender.install.snapshot.enabled = true (default)
2023-03-07 04:46:02,003 [s1-groupManagement] INFO  server.RaftServerConfigKeys (ConfUtils.java:logGet(46)) - raft.server.threadpool.server.cached = true (default)
2023-03-07 04:46:02,003 [s0-impl-thread1] INFO  server.RaftServerConfigKeys (ConfUtils.java:logGet(46)) - raft.server.log.corruption.policy = EXCEPTION (default)
2023-03-07 04:46:02,003 [s1-groupManagement] INFO  server.RaftServerConfigKeys (ConfUtils.java:logGet(46)) - raft.server.threadpool.server.size = 0 (default)
2023-03-07 04:46:02,003 [s0-impl-thread1] INFO  server.RaftServerConfigKeys (ConfUtils.java:logGet(46)) - raft.server.storage.dir = [/home/runner/work/ratis/ratis/ratis-test/target/test/data/5829c95/MiniRaftClusterWithGrpc36c52e3b/s0] (custom)
2023-03-07 04:46:02,003 [s1-groupManagement] INFO  server.RaftServerConfigKeys (ConfUtils.java:logGet(46)) - raft.server.threadpool.client.cached = true (default)
2023-03-07 04:46:02,003 [s1-groupManagement] INFO  server.RaftServerConfigKeys (ConfUtils.java:logGet(46)) - raft.server.threadpool.client.size = 0 (default)
2023-03-07 04:46:02,010 [s0-impl-thread1] INFO  storage.RaftStorageDirectory (RaftStorageDirectoryImpl.java:analyzeStorage(138)) - The storage directory /home/runner/work/ratis/ratis/ratis-test/target/test/data/5829c95/MiniRaftClusterWithGrpc36c52e3b/s0/4a51f51a-3db0-4d96-b2c8-930edd749f09 does not exist. Creating ...
2023-03-07 04:46:02,011 [s0-impl-thread1] TRACE util.FileUtils (LogUtils.java:runAndLog(49)) - Successfully ran Files.createDirectories /home/runner/work/ratis/ratis/ratis-test/target/test/data/5829c95/MiniRaftClusterWithGrpc36c52e3b/s0/4a51f51a-3db0-4d96-b2c8-930edd749f09
2023-03-07 04:46:02,014 [s0-impl-thread1] INFO  storage.RaftStorageDirectory (RaftStorageDirectoryImpl.java:tryLock(232)) - Lock on /home/runner/work/ratis/ratis/ratis-test/target/test/data/5829c95/MiniRaftClusterWithGrpc36c52e3b/s0/4a51f51a-3db0-4d96-b2c8-930edd749f09/in_use.lock acquired by nodename 20514@fv-az443-797
2023-03-07 04:46:02,015 [s0-impl-thread1] TRACE util.FileUtils (LogUtils.java:runAndLog(49)) - Successfully ran Files.createDirectories /home/runner/work/ratis/ratis/ratis-test/target/test/data/5829c95/MiniRaftClusterWithGrpc36c52e3b/s0/4a51f51a-3db0-4d96-b2c8-930edd749f09/current
2023-03-07 04:46:02,015 [s0-impl-thread1] TRACE util.FileUtils (LogUtils.java:runAndLog(49)) - Successfully ran Files.createDirectories /home/runner/work/ratis/ratis/ratis-test/target/test/data/5829c95/MiniRaftClusterWithGrpc36c52e3b/s0/4a51f51a-3db0-4d96-b2c8-930edd749f09/sm
2023-03-07 04:46:02,027 [s0-impl-thread1] INFO  storage.RaftStorage (RaftStorageImpl.java:format(96)) - Storage directory /home/runner/work/ratis/ratis/ratis-test/target/test/data/5829c95/MiniRaftClusterWithGrpc36c52e3b/s0/4a51f51a-3db0-4d96-b2c8-930edd749f09 has been successfully formatted.
2023-03-07 04:46:02,027 [s0-impl-thread1] INFO  impl.SimpleStateMachine4Testing (SimpleStateMachine4Testing.java:initialize(213)) - Initializing StateMachineWithConditionalWait:uninitialized
2023-03-07 04:46:02,029 [s0-impl-thread1] INFO  impl.SimpleStateMachine4Testing (SimpleStateMachine4Testing.java:loadSnapshot(293)) - Loading snapshot null
2023-03-07 04:46:02,030 [s0-impl-thread1] INFO  server.RaftServerConfigKeys (ConfUtils.java:logGet(46)) - raft.server.log.use.memory = false (default)
2023-03-07 04:46:02,035 [s0-impl-thread1] INFO  server.RaftServerConfigKeys (ConfUtils.java:logGet(46)) - raft.server.log.purge.gap = 1024 (default)
2023-03-07 04:46:02,035 [s0-impl-thread1] INFO  server.RaftServerConfigKeys (ConfUtils.java:logGet(46)) - raft.server.log.appender.buffer.byte-limit = 4MB (=4194304) (default)
2023-03-07 04:46:02,036 [s0-impl-thread1] INFO  server.RaftServerConfigKeys (ConfUtils.java:logGet(46)) - raft.server.log.statemachine.data.read.timeout = 1000ms (default)
2023-03-07 04:46:02,037 [s0-impl-thread1] INFO  server.RaftServerConfigKeys (ConfUtils.java:logGet(46)) - raft.server.log.purge.preservation.log.num = 0 (default)
2023-03-07 04:46:02,040 [s0-impl-thread1] INFO  server.RaftServerConfigKeys (ConfUtils.java:logGet(46)) - raft.server.log.segment.size.max = 8MB (=8388608) (default)
2023-03-07 04:46:02,043 [s0-impl-thread1] INFO  server.RaftServerConfigKeys (ConfUtils.java:logGet(46)) - raft.server.log.segment.cache.num.max = 6 (default)
2023-03-07 04:46:02,043 [s0-impl-thread1] INFO  server.RaftServerConfigKeys (ConfUtils.java:logGet(46)) - raft.server.log.segment.cache.size.max = 200MB (=209715200) (default)
2023-03-07 04:46:02,044 [s0-impl-thread1] INFO  server.RaftServerConfigKeys (ConfUtils.java:logGet(46)) - raft.server.log.appender.buffer.byte-limit = 4MB (=4194304) (default)
2023-03-07 04:46:02,046 [s0-impl-thread1] INFO  segmented.SegmentedRaftLogWorker (SegmentedRaftLogWorker.java:<init>(183)) - new s0@group-930EDD749F09-SegmentedRaftLogWorker for RaftStorageImpl:Storage Directory /home/runner/work/ratis/ratis/ratis-test/target/test/data/5829c95/MiniRaftClusterWithGrpc36c52e3b/s0/4a51f51a-3db0-4d96-b2c8-930edd749f09
2023-03-07 04:46:02,047 [s0-impl-thread1] INFO  server.RaftServerConfigKeys (ConfUtils.java:logGet(46)) - raft.server.log.queue.byte-limit = 64MB (=67108864) (default)
2023-03-07 04:46:02,047 [s0-impl-thread1] INFO  server.RaftServerConfigKeys (ConfUtils.java:logGet(46)) - raft.server.log.queue.element-limit = 4096 (default)
2023-03-07 04:46:02,048 [s0-impl-thread1] INFO  server.RaftServerConfigKeys (ConfUtils.java:logGet(46)) - raft.server.log.segment.size.max = 8MB (=8388608) (default)
2023-03-07 04:46:02,048 [s0-impl-thread1] INFO  server.RaftServerConfigKeys (ConfUtils.java:logGet(46)) - raft.server.log.preallocated.size = 4MB (=4194304) (default)
2023-03-07 04:46:02,049 [s0-impl-thread1] INFO  server.RaftServerConfigKeys (ConfUtils.java:logGet(46)) - raft.server.log.force.sync.num = 128 (default)
2023-03-07 04:46:02,049 [s0-impl-thread1] INFO  server.RaftServerConfigKeys (ConfUtils.java:logGet(46)) - raft.server.log.statemachine.data.sync = true (default)
2023-03-07 04:46:02,050 [s0-impl-thread1] INFO  server.RaftServerConfigKeys (ConfUtils.java:logGet(46)) - raft.server.log.statemachine.data.sync.timeout = 10s (default)
2023-03-07 04:46:02,050 [s0-impl-thread1] INFO  server.RaftServerConfigKeys (ConfUtils.java:logGet(46)) - raft.server.log.statemachine.data.sync.timeout.retry = -1 (default)
2023-03-07 04:46:02,051 [s0-impl-thread1] INFO  server.RaftServerConfigKeys (ConfUtils.java:logGet(46)) - raft.server.log.write.buffer.size = 64KB (=65536) (default)
2023-03-07 04:46:02,051 [s0-impl-thread1] INFO  server.RaftServerConfigKeys (ConfUtils.java:logGet(46)) - raft.server.log.appender.buffer.byte-limit = 4MB (=4194304) (default)
2023-03-07 04:46:02,054 [s0-impl-thread1] INFO  server.RaftServerConfigKeys (ConfUtils.java:logGet(46)) - raft.server.log.unsafe-flush.enabled = false (default)
2023-03-07 04:46:02,054 [s0-impl-thread1] INFO  server.RaftServerConfigKeys (ConfUtils.java:logGet(46)) - raft.server.log.async-flush.enabled = false (default)
2023-03-07 04:46:02,054 [s0-impl-thread1] INFO  server.RaftServerConfigKeys (ConfUtils.java:logGet(46)) - raft.server.log.statemachine.data.caching.enabled = false (default)
2023-03-07 04:46:02,059 [s0-impl-thread1] INFO  segmented.SegmentedRaftLogWorker (SegmentedRaftLogWorker.java:lambda$new$0(134)) - s0@group-930EDD749F09-SegmentedRaftLogWorker: flushIndex: setUnconditionally 0 -> -1
2023-03-07 04:46:02,059 [s0-impl-thread1] INFO  segmented.SegmentedRaftLogWorker (SegmentedRaftLogWorker.java:lambda$new$0(134)) - s0@group-930EDD749F09-SegmentedRaftLogWorker: safeCacheEvictIndex: setUnconditionally 0 -> -1
2023-03-07 04:46:02,060 [s0-impl-thread1] INFO  server.RaftServer$Division (RaftServerImpl.java:start(342)) - s0@group-930EDD749F09: start as a follower, conf=-1: peers:[s0|rpc:localhost:38811|admin:localhost:45513|client:localhost:45905|dataStream:localhost:43231|priority:0|startupRole:FOLLOWER, s1|rpc:localhost:40897|admin:localhost:44611|client:localhost:41631|dataStream:localhost:37259|priority:0|startupRole:FOLLOWER, s2|rpc:localhost:38221|admin:localhost:35175|client:localhost:41405|dataStream:localhost:39599|priority:0|startupRole:FOLLOWER]|listeners:[], old=null
2023-03-07 04:46:02,060 [s0-impl-thread1] INFO  server.RaftServer$Division (RaftServerImpl.java:setRole(329)) - s0@group-930EDD749F09: changes role from      null to FOLLOWER at term 0 for startAsFollower
2023-03-07 04:46:02,061 [s0-impl-thread1] INFO  impl.RoleInfo (RoleInfo.java:updateAndGet(139)) - s0: start s0@group-930EDD749F09-FollowerState
2023-03-07 04:46:02,069 [s0-impl-thread1] INFO  util.JmxRegister (JmxRegister.java:tryRegister(44)) - Successfully registered JMX Bean with object name Ratis:service=RaftServer,group=group-930EDD749F09,id=s0
2023-03-07 04:46:02,070 [s0-impl-thread1] INFO  server.RaftServerConfigKeys (ConfUtils.java:logGet(46)) - raft.server.snapshot.auto.trigger.enabled = false (default)
2023-03-07 04:46:02,071 [s0-impl-thread1] INFO  server.RaftServerConfigKeys (ConfUtils.java:logGet(46)) - raft.server.snapshot.retention.file.num = -1 (default)
2023-03-07 04:46:02,071 [s0-impl-thread1] INFO  server.RaftServerConfigKeys (ConfUtils.java:logGet(46)) - raft.server.log.purge.upto.snapshot.index = false (default)
2023-03-07 04:46:02,076 [Time-limited test] INFO  server.RaftServer (RaftServerProxy.java:startImpl(401)) - s0: start RPC server
2023-03-07 04:46:02,077 [s0@group-930EDD749F09-FollowerState] INFO  server.RaftServerConfigKeys (ConfUtils.java:logFallback(53)) - raft.server.rpc.first-election.timeout.min = 150ms (fallback to raft.server.rpc.timeout.min)
2023-03-07 04:46:02,078 [s0@group-930EDD749F09-FollowerState] INFO  server.RaftServerConfigKeys (ConfUtils.java:logFallback(53)) - raft.server.rpc.first-election.timeout.max = 300ms (fallback to raft.server.rpc.timeout.max)
2023-03-07 04:46:02,113 [Time-limited test] INFO  server.GrpcService (GrpcService.java:startImpl(302)) - s0: GrpcService started, listening on 45905
2023-03-07 04:46:02,115 [Time-limited test] INFO  server.GrpcService (GrpcService.java:startImpl(302)) - s0: GrpcService started, listening on 38811
2023-03-07 04:46:02,116 [Time-limited test] INFO  server.GrpcService (GrpcService.java:startImpl(302)) - s0: GrpcService started, listening on 45513
2023-03-07 04:46:02,118 [s1-impl-thread1] INFO  server.RaftServerConfigKeys (ConfUtils.java:logGet(46)) - raft.server.storage.free-space.min = 0MB (=0) (default)
2023-03-07 04:46:02,118 [JvmPauseMonitor0] INFO  util.JvmPauseMonitor (JvmPauseMonitor.java:run(103)) - JvmPauseMonitor-s0: Started
2023-03-07 04:46:02,118 [s1-impl-thread1] INFO  server.RaftServerConfigKeys (ConfUtils.java:logGet(46)) - raft.server.log.corruption.policy = EXCEPTION (default)
2023-03-07 04:46:02,118 [s1-impl-thread1] INFO  server.RaftServerConfigKeys (ConfUtils.java:logGet(46)) - raft.server.storage.dir = [/home/runner/work/ratis/ratis/ratis-test/target/test/data/5829c95/MiniRaftClusterWithGrpc36c52e3b/s1] (custom)
2023-03-07 04:46:02,119 [s1-impl-thread1] INFO  storage.RaftStorageDirectory (RaftStorageDirectoryImpl.java:analyzeStorage(138)) - The storage directory /home/runner/work/ratis/ratis/ratis-test/target/test/data/5829c95/MiniRaftClusterWithGrpc36c52e3b/s1/4a51f51a-3db0-4d96-b2c8-930edd749f09 does not exist. Creating ...
2023-03-07 04:46:02,119 [s1-impl-thread1] TRACE util.FileUtils (LogUtils.java:runAndLog(49)) - Successfully ran Files.createDirectories /home/runner/work/ratis/ratis/ratis-test/target/test/data/5829c95/MiniRaftClusterWithGrpc36c52e3b/s1/4a51f51a-3db0-4d96-b2c8-930edd749f09
2023-03-07 04:46:02,121 [s1-impl-thread1] INFO  storage.RaftStorageDirectory (RaftStorageDirectoryImpl.java:tryLock(232)) - Lock on /home/runner/work/ratis/ratis/ratis-test/target/test/data/5829c95/MiniRaftClusterWithGrpc36c52e3b/s1/4a51f51a-3db0-4d96-b2c8-930edd749f09/in_use.lock acquired by nodename 20514@fv-az443-797
2023-03-07 04:46:02,121 [s1-impl-thread1] TRACE util.FileUtils (LogUtils.java:runAndLog(49)) - Successfully ran Files.createDirectories /home/runner/work/ratis/ratis/ratis-test/target/test/data/5829c95/MiniRaftClusterWithGrpc36c52e3b/s1/4a51f51a-3db0-4d96-b2c8-930edd749f09/current
2023-03-07 04:46:02,121 [s1-impl-thread1] TRACE util.FileUtils (LogUtils.java:runAndLog(49)) - Successfully ran Files.createDirectories /home/runner/work/ratis/ratis/ratis-test/target/test/data/5829c95/MiniRaftClusterWithGrpc36c52e3b/s1/4a51f51a-3db0-4d96-b2c8-930edd749f09/sm
2023-03-07 04:46:02,169 [s1-impl-thread1] INFO  storage.RaftStorage (RaftStorageImpl.java:format(96)) - Storage directory /home/runner/work/ratis/ratis/ratis-test/target/test/data/5829c95/MiniRaftClusterWithGrpc36c52e3b/s1/4a51f51a-3db0-4d96-b2c8-930edd749f09 has been successfully formatted.
2023-03-07 04:46:02,169 [s1-impl-thread1] INFO  impl.SimpleStateMachine4Testing (SimpleStateMachine4Testing.java:initialize(213)) - Initializing StateMachineWithConditionalWait:uninitialized
2023-03-07 04:46:02,170 [s1-impl-thread1] INFO  impl.SimpleStateMachine4Testing (SimpleStateMachine4Testing.java:loadSnapshot(293)) - Loading snapshot null
2023-03-07 04:46:02,170 [s1-impl-thread1] INFO  server.RaftServerConfigKeys (ConfUtils.java:logGet(46)) - raft.server.log.use.memory = false (default)
2023-03-07 04:46:02,170 [s1-impl-thread1] INFO  server.RaftServerConfigKeys (ConfUtils.java:logGet(46)) - raft.server.log.purge.gap = 1024 (default)
2023-03-07 04:46:02,170 [s1-impl-thread1] INFO  server.RaftServerConfigKeys (ConfUtils.java:logGet(46)) - raft.server.log.appender.buffer.byte-limit = 4MB (=4194304) (default)
2023-03-07 04:46:02,170 [s1-impl-thread1] INFO  server.RaftServerConfigKeys (ConfUtils.java:logGet(46)) - raft.server.log.statemachine.data.read.timeout = 1000ms (default)
2023-03-07 04:46:02,170 [s1-impl-thread1] INFO  server.RaftServerConfigKeys (ConfUtils.java:logGet(46)) - raft.server.log.purge.preservation.log.num = 0 (default)
2023-03-07 04:46:02,172 [s1-impl-thread1] INFO  server.RaftServerConfigKeys (ConfUtils.java:logGet(46)) - raft.server.log.segment.size.max = 8MB (=8388608) (default)
2023-03-07 04:46:02,173 [s1-impl-thread1] INFO  server.RaftServerConfigKeys (ConfUtils.java:logGet(46)) - raft.server.log.segment.cache.num.max = 6 (default)
2023-03-07 04:46:02,173 [s1-impl-thread1] INFO  server.RaftServerConfigKeys (ConfUtils.java:logGet(46)) - raft.server.log.segment.cache.size.max = 200MB (=209715200) (default)
2023-03-07 04:46:02,173 [s1-impl-thread1] INFO  server.RaftServerConfigKeys (ConfUtils.java:logGet(46)) - raft.server.log.appender.buffer.byte-limit = 4MB (=4194304) (default)
2023-03-07 04:46:02,173 [s1-impl-thread1] INFO  segmented.SegmentedRaftLogWorker (SegmentedRaftLogWorker.java:<init>(183)) - new s1@group-930EDD749F09-SegmentedRaftLogWorker for RaftStorageImpl:Storage Directory /home/runner/work/ratis/ratis/ratis-test/target/test/data/5829c95/MiniRaftClusterWithGrpc36c52e3b/s1/4a51f51a-3db0-4d96-b2c8-930edd749f09
2023-03-07 04:46:02,173 [s1-impl-thread1] INFO  server.RaftServerConfigKeys (ConfUtils.java:logGet(46)) - raft.server.log.queue.byte-limit = 64MB (=67108864) (default)
2023-03-07 04:46:02,173 [s1-impl-thread1] INFO  server.RaftServerConfigKeys (ConfUtils.java:logGet(46)) - raft.server.log.queue.element-limit = 4096 (default)
2023-03-07 04:46:02,175 [s1-impl-thread1] INFO  server.RaftServerConfigKeys (ConfUtils.java:logGet(46)) - raft.server.log.segment.size.max = 8MB (=8388608) (default)
2023-03-07 04:46:02,175 [s1-impl-thread1] INFO  server.RaftServerConfigKeys (ConfUtils.java:logGet(46)) - raft.server.log.preallocated.size = 4MB (=4194304) (default)
2023-03-07 04:46:02,175 [s1-impl-thread1] INFO  server.RaftServerConfigKeys (ConfUtils.java:logGet(46)) - raft.server.log.force.sync.num = 128 (default)
2023-03-07 04:46:02,176 [s1-impl-thread1] INFO  server.RaftServerConfigKeys (ConfUtils.java:logGet(46)) - raft.server.log.statemachine.data.sync = true (default)
2023-03-07 04:46:02,176 [s1-impl-thread1] INFO  server.RaftServerConfigKeys (ConfUtils.java:logGet(46)) - raft.server.log.statemachine.data.sync.timeout = 10s (default)
2023-03-07 04:46:02,177 [s1-impl-thread1] INFO  server.RaftServerConfigKeys (ConfUtils.java:logGet(46)) - raft.server.log.statemachine.data.sync.timeout.retry = -1 (default)
2023-03-07 04:46:02,177 [s1-impl-thread1] INFO  server.RaftServerConfigKeys (ConfUtils.java:logGet(46)) - raft.server.log.write.buffer.size = 64KB (=65536) (default)
2023-03-07 04:46:02,177 [s1-impl-thread1] INFO  server.RaftServerConfigKeys (ConfUtils.java:logGet(46)) - raft.server.log.appender.buffer.byte-limit = 4MB (=4194304) (default)
2023-03-07 04:46:02,179 [s1-impl-thread1] INFO  server.RaftServerConfigKeys (ConfUtils.java:logGet(46)) - raft.server.log.unsafe-flush.enabled = false (default)
2023-03-07 04:46:02,179 [s1-impl-thread1] INFO  server.RaftServerConfigKeys (ConfUtils.java:logGet(46)) - raft.server.log.async-flush.enabled = false (default)
2023-03-07 04:46:02,179 [s1-impl-thread1] INFO  server.RaftServerConfigKeys (ConfUtils.java:logGet(46)) - raft.server.log.statemachine.data.caching.enabled = false (default)
2023-03-07 04:46:02,179 [s1-impl-thread1] INFO  segmented.SegmentedRaftLogWorker (SegmentedRaftLogWorker.java:lambda$new$0(134)) - s1@group-930EDD749F09-SegmentedRaftLogWorker: flushIndex: setUnconditionally 0 -> -1
2023-03-07 04:46:02,179 [s1-impl-thread1] INFO  segmented.SegmentedRaftLogWorker (SegmentedRaftLogWorker.java:lambda$new$0(134)) - s1@group-930EDD749F09-SegmentedRaftLogWorker: safeCacheEvictIndex: setUnconditionally 0 -> -1
2023-03-07 04:46:02,180 [s1-impl-thread1] INFO  server.RaftServer$Division (RaftServerImpl.java:start(342)) - s1@group-930EDD749F09: start as a follower, conf=-1: peers:[s0|rpc:localhost:38811|admin:localhost:45513|client:localhost:45905|dataStream:localhost:43231|priority:0|startupRole:FOLLOWER, s1|rpc:localhost:40897|admin:localhost:44611|client:localhost:41631|dataStream:localhost:37259|priority:0|startupRole:FOLLOWER, s2|rpc:localhost:38221|admin:localhost:35175|client:localhost:41405|dataStream:localhost:39599|priority:0|startupRole:FOLLOWER]|listeners:[], old=null
2023-03-07 04:46:02,180 [s1-impl-thread1] INFO  server.RaftServer$Division (RaftServerImpl.java:setRole(329)) - s1@group-930EDD749F09: changes role from      null to FOLLOWER at term 0 for startAsFollower
2023-03-07 04:46:02,180 [s1-impl-thread1] INFO  impl.RoleInfo (RoleInfo.java:updateAndGet(139)) - s1: start s1@group-930EDD749F09-FollowerState
2023-03-07 04:46:02,183 [s1-impl-thread1] INFO  util.JmxRegister (JmxRegister.java:tryRegister(44)) - Successfully registered JMX Bean with object name Ratis:service=RaftServer,group=group-930EDD749F09,id=s1
2023-03-07 04:46:02,184 [s1-impl-thread1] INFO  server.RaftServerConfigKeys (ConfUtils.java:logGet(46)) - raft.server.snapshot.auto.trigger.enabled = false (default)
2023-03-07 04:46:02,184 [s1-impl-thread1] INFO  server.RaftServerConfigKeys (ConfUtils.java:logGet(46)) - raft.server.snapshot.retention.file.num = -1 (default)
2023-03-07 04:46:02,184 [s1-impl-thread1] INFO  server.RaftServerConfigKeys (ConfUtils.java:logGet(46)) - raft.server.log.purge.upto.snapshot.index = false (default)
2023-03-07 04:46:02,184 [s1@group-930EDD749F09-FollowerState] INFO  server.RaftServerConfigKeys (ConfUtils.java:logFallback(53)) - raft.server.rpc.first-election.timeout.min = 150ms (fallback to raft.server.rpc.timeout.min)
2023-03-07 04:46:02,189 [s1@group-930EDD749F09-FollowerState] INFO  server.RaftServerConfigKeys (ConfUtils.java:logFallback(53)) - raft.server.rpc.first-election.timeout.max = 300ms (fallback to raft.server.rpc.timeout.max)
2023-03-07 04:46:02,189 [Time-limited test] INFO  server.RaftServer (RaftServerProxy.java:startImpl(401)) - s1: start RPC server
2023-03-07 04:46:02,190 [Time-limited test] INFO  server.GrpcService (GrpcService.java:startImpl(302)) - s1: GrpcService started, listening on 41631
2023-03-07 04:46:02,191 [Time-limited test] INFO  server.GrpcService (GrpcService.java:startImpl(302)) - s1: GrpcService started, listening on 40897
2023-03-07 04:46:02,192 [Time-limited test] INFO  server.GrpcService (GrpcService.java:startImpl(302)) - s1: GrpcService started, listening on 44611
2023-03-07 04:46:02,193 [s2-impl-thread1] INFO  server.RaftServerConfigKeys (ConfUtils.java:logGet(46)) - raft.server.storage.free-space.min = 0MB (=0) (default)
2023-03-07 04:46:02,193 [s2-impl-thread1] INFO  server.RaftServerConfigKeys (ConfUtils.java:logGet(46)) - raft.server.log.corruption.policy = EXCEPTION (default)
2023-03-07 04:46:02,193 [s2-impl-thread1] INFO  server.RaftServerConfigKeys (ConfUtils.java:logGet(46)) - raft.server.storage.dir = [/home/runner/work/ratis/ratis/ratis-test/target/test/data/5829c95/MiniRaftClusterWithGrpc36c52e3b/s2] (custom)
2023-03-07 04:46:02,193 [s2-impl-thread1] INFO  storage.RaftStorageDirectory (RaftStorageDirectoryImpl.java:analyzeStorage(138)) - The storage directory /home/runner/work/ratis/ratis/ratis-test/target/test/data/5829c95/MiniRaftClusterWithGrpc36c52e3b/s2/4a51f51a-3db0-4d96-b2c8-930edd749f09 does not exist. Creating ...
2023-03-07 04:46:02,194 [s2-impl-thread1] TRACE util.FileUtils (LogUtils.java:runAndLog(49)) - Successfully ran Files.createDirectories /home/runner/work/ratis/ratis/ratis-test/target/test/data/5829c95/MiniRaftClusterWithGrpc36c52e3b/s2/4a51f51a-3db0-4d96-b2c8-930edd749f09
2023-03-07 04:46:02,195 [JvmPauseMonitor1] INFO  util.JvmPauseMonitor (JvmPauseMonitor.java:run(103)) - JvmPauseMonitor-s1: Started
2023-03-07 04:46:02,195 [s2-impl-thread1] INFO  storage.RaftStorageDirectory (RaftStorageDirectoryImpl.java:tryLock(232)) - Lock on /home/runner/work/ratis/ratis/ratis-test/target/test/data/5829c95/MiniRaftClusterWithGrpc36c52e3b/s2/4a51f51a-3db0-4d96-b2c8-930edd749f09/in_use.lock acquired by nodename 20514@fv-az443-797
2023-03-07 04:46:02,195 [s2-impl-thread1] TRACE util.FileUtils (LogUtils.java:runAndLog(49)) - Successfully ran Files.createDirectories /home/runner/work/ratis/ratis/ratis-test/target/test/data/5829c95/MiniRaftClusterWithGrpc36c52e3b/s2/4a51f51a-3db0-4d96-b2c8-930edd749f09/current
2023-03-07 04:46:02,196 [s2-impl-thread1] TRACE util.FileUtils (LogUtils.java:runAndLog(49)) - Successfully ran Files.createDirectories /home/runner/work/ratis/ratis/ratis-test/target/test/data/5829c95/MiniRaftClusterWithGrpc36c52e3b/s2/4a51f51a-3db0-4d96-b2c8-930edd749f09/sm
2023-03-07 04:46:02,207 [s2-impl-thread1] INFO  storage.RaftStorage (RaftStorageImpl.java:format(96)) - Storage directory /home/runner/work/ratis/ratis/ratis-test/target/test/data/5829c95/MiniRaftClusterWithGrpc36c52e3b/s2/4a51f51a-3db0-4d96-b2c8-930edd749f09 has been successfully formatted.
2023-03-07 04:46:02,208 [s2-impl-thread1] INFO  impl.SimpleStateMachine4Testing (SimpleStateMachine4Testing.java:initialize(213)) - Initializing StateMachineWithConditionalWait:uninitialized
2023-03-07 04:46:02,208 [s2-impl-thread1] INFO  impl.SimpleStateMachine4Testing (SimpleStateMachine4Testing.java:loadSnapshot(293)) - Loading snapshot null
2023-03-07 04:46:02,208 [s2-impl-thread1] INFO  server.RaftServerConfigKeys (ConfUtils.java:logGet(46)) - raft.server.log.use.memory = false (default)
2023-03-07 04:46:02,209 [s2-impl-thread1] INFO  server.RaftServerConfigKeys (ConfUtils.java:logGet(46)) - raft.server.log.purge.gap = 1024 (default)
2023-03-07 04:46:02,209 [s2-impl-thread1] INFO  server.RaftServerConfigKeys (ConfUtils.java:logGet(46)) - raft.server.log.appender.buffer.byte-limit = 4MB (=4194304) (default)
2023-03-07 04:46:02,209 [s2-impl-thread1] INFO  server.RaftServerConfigKeys (ConfUtils.java:logGet(46)) - raft.server.log.statemachine.data.read.timeout = 1000ms (default)
2023-03-07 04:46:02,209 [s2-impl-thread1] INFO  server.RaftServerConfigKeys (ConfUtils.java:logGet(46)) - raft.server.log.purge.preservation.log.num = 0 (default)
2023-03-07 04:46:02,210 [s2-impl-thread1] INFO  server.RaftServerConfigKeys (ConfUtils.java:logGet(46)) - raft.server.log.segment.size.max = 8MB (=8388608) (default)
2023-03-07 04:46:02,211 [s2-impl-thread1] INFO  server.RaftServerConfigKeys (ConfUtils.java:logGet(46)) - raft.server.log.segment.cache.num.max = 6 (default)
2023-03-07 04:46:02,211 [s2-impl-thread1] INFO  server.RaftServerConfigKeys (ConfUtils.java:logGet(46)) - raft.server.log.segment.cache.size.max = 200MB (=209715200) (default)
2023-03-07 04:46:02,211 [s2-impl-thread1] INFO  server.RaftServerConfigKeys (ConfUtils.java:logGet(46)) - raft.server.log.appender.buffer.byte-limit = 4MB (=4194304) (default)
2023-03-07 04:46:02,211 [s2-impl-thread1] INFO  segmented.SegmentedRaftLogWorker (SegmentedRaftLogWorker.java:<init>(183)) - new s2@group-930EDD749F09-SegmentedRaftLogWorker for RaftStorageImpl:Storage Directory /home/runner/work/ratis/ratis/ratis-test/target/test/data/5829c95/MiniRaftClusterWithGrpc36c52e3b/s2/4a51f51a-3db0-4d96-b2c8-930edd749f09
2023-03-07 04:46:02,211 [s2-impl-thread1] INFO  server.RaftServerConfigKeys (ConfUtils.java:logGet(46)) - raft.server.log.queue.byte-limit = 64MB (=67108864) (default)
2023-03-07 04:46:02,211 [s2-impl-thread1] INFO  server.RaftServerConfigKeys (ConfUtils.java:logGet(46)) - raft.server.log.queue.element-limit = 4096 (default)
2023-03-07 04:46:02,211 [s2-impl-thread1] INFO  server.RaftServerConfigKeys (ConfUtils.java:logGet(46)) - raft.server.log.segment.size.max = 8MB (=8388608) (default)
2023-03-07 04:46:02,211 [s2-impl-thread1] INFO  server.RaftServerConfigKeys (ConfUtils.java:logGet(46)) - raft.server.log.preallocated.size = 4MB (=4194304) (default)
2023-03-07 04:46:02,211 [s2-impl-thread1] INFO  server.RaftServerConfigKeys (ConfUtils.java:logGet(46)) - raft.server.log.force.sync.num = 128 (default)
2023-03-07 04:46:02,212 [s2-impl-thread1] INFO  server.RaftServerConfigKeys (ConfUtils.java:logGet(46)) - raft.server.log.statemachine.data.sync = true (default)
2023-03-07 04:46:02,212 [s2-impl-thread1] INFO  server.RaftServerConfigKeys (ConfUtils.java:logGet(46)) - raft.server.log.statemachine.data.sync.timeout = 10s (default)
2023-03-07 04:46:02,212 [s2-impl-thread1] INFO  server.RaftServerConfigKeys (ConfUtils.java:logGet(46)) - raft.server.log.statemachine.data.sync.timeout.retry = -1 (default)
2023-03-07 04:46:02,212 [s2-impl-thread1] INFO  server.RaftServerConfigKeys (ConfUtils.java:logGet(46)) - raft.server.log.write.buffer.size = 64KB (=65536) (default)
2023-03-07 04:46:02,212 [s2-impl-thread1] INFO  server.RaftServerConfigKeys (ConfUtils.java:logGet(46)) - raft.server.log.appender.buffer.byte-limit = 4MB (=4194304) (default)
2023-03-07 04:46:02,214 [s2-impl-thread1] INFO  server.RaftServerConfigKeys (ConfUtils.java:logGet(46)) - raft.server.log.unsafe-flush.enabled = false (default)
2023-03-07 04:46:02,214 [s2-impl-thread1] INFO  server.RaftServerConfigKeys (ConfUtils.java:logGet(46)) - raft.server.log.async-flush.enabled = false (default)
2023-03-07 04:46:02,214 [s2-impl-thread1] INFO  server.RaftServerConfigKeys (ConfUtils.java:logGet(46)) - raft.server.log.statemachine.data.caching.enabled = false (default)
2023-03-07 04:46:02,215 [s2-impl-thread1] INFO  segmented.SegmentedRaftLogWorker (SegmentedRaftLogWorker.java:lambda$new$0(134)) - s2@group-930EDD749F09-SegmentedRaftLogWorker: flushIndex: setUnconditionally 0 -> -1
2023-03-07 04:46:02,215 [s2-impl-thread1] INFO  segmented.SegmentedRaftLogWorker (SegmentedRaftLogWorker.java:lambda$new$0(134)) - s2@group-930EDD749F09-SegmentedRaftLogWorker: safeCacheEvictIndex: setUnconditionally 0 -> -1
2023-03-07 04:46:02,215 [s2-impl-thread1] INFO  server.RaftServer$Division (RaftServerImpl.java:start(342)) - s2@group-930EDD749F09: start as a follower, conf=-1: peers:[s0|rpc:localhost:38811|admin:localhost:45513|client:localhost:45905|dataStream:localhost:43231|priority:0|startupRole:FOLLOWER, s1|rpc:localhost:40897|admin:localhost:44611|client:localhost:41631|dataStream:localhost:37259|priority:0|startupRole:FOLLOWER, s2|rpc:localhost:38221|admin:localhost:35175|client:localhost:41405|dataStream:localhost:39599|priority:0|startupRole:FOLLOWER]|listeners:[], old=null
2023-03-07 04:46:02,215 [s2-impl-thread1] INFO  server.RaftServer$Division (RaftServerImpl.java:setRole(329)) - s2@group-930EDD749F09: changes role from      null to FOLLOWER at term 0 for startAsFollower
2023-03-07 04:46:02,215 [s2-impl-thread1] INFO  impl.RoleInfo (RoleInfo.java:updateAndGet(139)) - s2: start s2@group-930EDD749F09-FollowerState
2023-03-07 04:46:02,216 [s2-impl-thread1] INFO  util.JmxRegister (JmxRegister.java:tryRegister(44)) - Successfully registered JMX Bean with object name Ratis:service=RaftServer,group=group-930EDD749F09,id=s2
2023-03-07 04:46:02,216 [s2-impl-thread1] INFO  server.RaftServerConfigKeys (ConfUtils.java:logGet(46)) - raft.server.snapshot.auto.trigger.enabled = false (default)
2023-03-07 04:46:02,216 [s2-impl-thread1] INFO  server.RaftServerConfigKeys (ConfUtils.java:logGet(46)) - raft.server.snapshot.retention.file.num = -1 (default)
2023-03-07 04:46:02,216 [s2-impl-thread1] INFO  server.RaftServerConfigKeys (ConfUtils.java:logGet(46)) - raft.server.log.purge.upto.snapshot.index = false (default)
2023-03-07 04:46:02,217 [s2@group-930EDD749F09-FollowerState] INFO  server.RaftServerConfigKeys (ConfUtils.java:logFallback(53)) - raft.server.rpc.first-election.timeout.min = 150ms (fallback to raft.server.rpc.timeout.min)
2023-03-07 04:46:02,217 [Time-limited test] INFO  server.RaftServer (RaftServerProxy.java:startImpl(401)) - s2: start RPC server
2023-03-07 04:46:02,217 [s2@group-930EDD749F09-FollowerState] INFO  server.RaftServerConfigKeys (ConfUtils.java:logFallback(53)) - raft.server.rpc.first-election.timeout.max = 300ms (fallback to raft.server.rpc.timeout.max)
2023-03-07 04:46:02,218 [Time-limited test] INFO  server.GrpcService (GrpcService.java:startImpl(302)) - s2: GrpcService started, listening on 41405
2023-03-07 04:46:02,220 [Time-limited test] INFO  server.GrpcService (GrpcService.java:startImpl(302)) - s2: GrpcService started, listening on 38221
2023-03-07 04:46:02,220 [Time-limited test] INFO  server.GrpcService (GrpcService.java:startImpl(302)) - s2: GrpcService started, listening on 35175
2023-03-07 04:46:02,225 [JvmPauseMonitor2] INFO  util.JvmPauseMonitor (JvmPauseMonitor.java:run(103)) - JvmPauseMonitor-s2: Started
2023-03-07 04:46:02,227 [Time-limited test] INFO  server.RaftServerConfigKeys (ConfUtils.java:logGet(46)) - raft.server.rpc.timeout.max = 300ms (default)
2023-03-07 04:46:02,230 [Time-limited test] INFO  ratis.RaftTestUtil (RaftTestUtil.java:waitForLeader(100)) - printing ALL groups
  s0:  RUNNING  FOLLOWER s0@group-930EDD749F09:t0, leader=null, voted=, raftlog=Memoized:s0@group-930EDD749F09-SegmentedRaftLog:OPENED:c-1, conf=-1: peers:[s0|rpc:localhost:38811|admin:localhost:45513|client:localhost:45905|dataStream:localhost:43231|priority:0|startupRole:FOLLOWER, s1|rpc:localhost:40897|admin:localhost:44611|client:localhost:41631|dataStream:localhost:37259|priority:0|startupRole:FOLLOWER, s2|rpc:localhost:38221|admin:localhost:35175|client:localhost:41405|dataStream:localhost:39599|priority:0|startupRole:FOLLOWER]|listeners:[], old=null RUNNING
  s1:  RUNNING  FOLLOWER s1@group-930EDD749F09:t0, leader=null, voted=, raftlog=Memoized:s1@group-930EDD749F09-SegmentedRaftLog:OPENED:c-1, conf=-1: peers:[s0|rpc:localhost:38811|admin:localhost:45513|client:localhost:45905|dataStream:localhost:43231|priority:0|startupRole:FOLLOWER, s1|rpc:localhost:40897|admin:localhost:44611|client:localhost:41631|dataStream:localhost:37259|priority:0|startupRole:FOLLOWER, s2|rpc:localhost:38221|admin:localhost:35175|client:localhost:41405|dataStream:localhost:39599|priority:0|startupRole:FOLLOWER]|listeners:[], old=null RUNNING
  s2:  RUNNING  FOLLOWER s2@group-930EDD749F09:t0, leader=null, voted=, raftlog=Memoized:s2@group-930EDD749F09-SegmentedRaftLog:OPENED:c-1, conf=-1: peers:[s0|rpc:localhost:38811|admin:localhost:45513|client:localhost:45905|dataStream:localhost:43231|priority:0|startupRole:FOLLOWER, s1|rpc:localhost:40897|admin:localhost:44611|client:localhost:41631|dataStream:localhost:37259|priority:0|startupRole:FOLLOWER, s2|rpc:localhost:38221|admin:localhost:35175|client:localhost:41405|dataStream:localhost:39599|priority:0|startupRole:FOLLOWER]|listeners:[], old=null RUNNING
2023-03-07 04:46:02,241 [Time-limited test] WARN  ratis.RaftTestUtil (JavaUtils.java:attempt(217)) - FAILED "waitForLeader-null-(expectLeader? true)", attempt #1/100: java.lang.IllegalStateException: No leader yet : printing ALL groups
  s0:  RUNNING  FOLLOWER s0@group-930EDD749F09:t0, leader=null, voted=, raftlog=Memoized:s0@group-930EDD749F09-SegmentedRaftLog:OPENED:c-1, conf=-1: peers:[s0|rpc:localhost:38811|admin:localhost:45513|client:localhost:45905|dataStream:localhost:43231|priority:0|startupRole:FOLLOWER, s1|rpc:localhost:40897|admin:localhost:44611|client:localhost:41631|dataStream:localhost:37259|priority:0|startupRole:FOLLOWER, s2|rpc:localhost:38221|admin:localhost:35175|client:localhost:41405|dataStream:localhost:39599|priority:0|startupRole:FOLLOWER]|listeners:[], old=null RUNNING
  s1:  RUNNING  FOLLOWER s1@group-930EDD749F09:t0, leader=null, voted=, raftlog=Memoized:s1@group-930EDD749F09-SegmentedRaftLog:OPENED:c-1, conf=-1: peers:[s0|rpc:localhost:38811|admin:localhost:45513|client:localhost:45905|dataStream:localhost:43231|priority:0|startupRole:FOLLOWER, s1|rpc:localhost:40897|admin:localhost:44611|client:localhost:41631|dataStream:localhost:37259|priority:0|startupRole:FOLLOWER, s2|rpc:localhost:38221|admin:localhost:35175|client:localhost:41405|dataStream:localhost:39599|priority:0|startupRole:FOLLOWER]|listeners:[], old=null RUNNING
  s2:  RUNNING  FOLLOWER s2@group-930EDD749F09:t0, leader=null, voted=, raftlog=Memoized:s2@group-930EDD749F09-SegmentedRaftLog:OPENED:c-1, conf=-1: peers:[s0|rpc:localhost:38811|admin:localhost:45513|client:localhost:45905|dataStream:localhost:43231|priority:0|startupRole:FOLLOWER, s1|rpc:localhost:40897|admin:localhost:44611|client:localhost:41631|dataStream:localhost:37259|priority:0|startupRole:FOLLOWER, s2|rpc:localhost:38221|admin:localhost:35175|client:localhost:41405|dataStream:localhost:39599|priority:0|startupRole:FOLLOWER]|listeners:[], old=null RUNNING, sleep 450ms and then retry.
java.lang.IllegalStateException: No leader yet : printing ALL groups
  s0:  RUNNING  FOLLOWER s0@group-930EDD749F09:t0, leader=null, voted=, raftlog=Memoized:s0@group-930EDD749F09-SegmentedRaftLog:OPENED:c-1, conf=-1: peers:[s0|rpc:localhost:38811|admin:localhost:45513|client:localhost:45905|dataStream:localhost:43231|priority:0|startupRole:FOLLOWER, s1|rpc:localhost:40897|admin:localhost:44611|client:localhost:41631|dataStream:localhost:37259|priority:0|startupRole:FOLLOWER, s2|rpc:localhost:38221|admin:localhost:35175|client:localhost:41405|dataStream:localhost:39599|priority:0|startupRole:FOLLOWER]|listeners:[], old=null RUNNING
  s1:  RUNNING  FOLLOWER s1@group-930EDD749F09:t0, leader=null, voted=, raftlog=Memoized:s1@group-930EDD749F09-SegmentedRaftLog:OPENED:c-1, conf=-1: peers:[s0|rpc:localhost:38811|admin:localhost:45513|client:localhost:45905|dataStream:localhost:43231|priority:0|startupRole:FOLLOWER, s1|rpc:localhost:40897|admin:localhost:44611|client:localhost:41631|dataStream:localhost:37259|priority:0|startupRole:FOLLOWER, s2|rpc:localhost:38221|admin:localhost:35175|client:localhost:41405|dataStream:localhost:39599|priority:0|startupRole:FOLLOWER]|listeners:[], old=null RUNNING
  s2:  RUNNING  FOLLOWER s2@group-930EDD749F09:t0, leader=null, voted=, raftlog=Memoized:s2@group-930EDD749F09-SegmentedRaftLog:OPENED:c-1, conf=-1: peers:[s0|rpc:localhost:38811|admin:localhost:45513|client:localhost:45905|dataStream:localhost:43231|priority:0|startupRole:FOLLOWER, s1|rpc:localhost:40897|admin:localhost:44611|client:localhost:41631|dataStream:localhost:37259|priority:0|startupRole:FOLLOWER, s2|rpc:localhost:38221|admin:localhost:35175|client:localhost:41405|dataStream:localhost:39599|priority:0|startupRole:FOLLOWER]|listeners:[], old=null RUNNING
	at org.apache.ratis.server.impl.MiniRaftCluster.newIllegalStateExceptionForNoLeaders(MiniRaftCluster.java:581)
	at org.apache.ratis.RaftTestUtil.lambda$waitForLeader$1(RaftTestUtil.java:104)
	at org.apache.ratis.server.impl.MiniRaftCluster.getLeader(MiniRaftCluster.java:615)
	at org.apache.ratis.server.impl.MiniRaftCluster.getLeader(MiniRaftCluster.java:608)
	at org.apache.ratis.RaftTestUtil.lambda$waitForLeader$3(RaftTestUtil.java:112)
	at org.apache.ratis.util.JavaUtils.attempt(JavaUtils.java:211)
	at org.apache.ratis.util.JavaUtils.attemptRepeatedly(JavaUtils.java:197)
	at org.apache.ratis.RaftTestUtil.waitForLeader(RaftTestUtil.java:111)
	at org.apache.ratis.RaftTestUtil.waitForLeader(RaftTestUtil.java:92)
	at org.apache.ratis.RaftTestUtil.waitForLeader(RaftTestUtil.java:87)
	at org.apache.ratis.server.impl.StateMachineShutdownTests.testStateMachineShutdownWaitsForApplyTxn(StateMachineShutdownTests.java:79)
	at java.base/jdk.internal.reflect.NativeMethodAccessorImpl.invoke0(Native Method)
	at java.base/jdk.internal.reflect.NativeMethodAccessorImpl.invoke(NativeMethodAccessorImpl.java:62)
	at java.base/jdk.internal.reflect.DelegatingMethodAccessorImpl.invoke(DelegatingMethodAccessorImpl.java:43)
	at java.base/java.lang.reflect.Method.invoke(Method.java:566)
	at org.junit.runners.model.FrameworkMethod$1.runReflectiveCall(FrameworkMethod.java:59)
	at org.junit.internal.runners.model.ReflectiveCallable.run(ReflectiveCallable.java:12)
	at org.junit.runners.model.FrameworkMethod.invokeExplosively(FrameworkMethod.java:56)
	at org.junit.internal.runners.statements.InvokeMethod.evaluate(InvokeMethod.java:17)
	at org.junit.internal.runners.statements.RunAfters.evaluate(RunAfters.java:27)
	at org.junit.internal.runners.statements.FailOnTimeout$CallableStatement.call(FailOnTimeout.java:299)
	at org.junit.internal.runners.statements.FailOnTimeout$CallableStatement.call(FailOnTimeout.java:293)
	at java.base/java.util.concurrent.FutureTask.run(FutureTask.java:264)
	at java.base/java.lang.Thread.run(Thread.java:829)
2023-03-07 04:46:02,337 [s0@group-930EDD749F09-FollowerState] INFO  impl.FollowerState (FollowerState.java:run(143)) - s0@group-930EDD749F09-FollowerState: change to CANDIDATE, lastRpcElapsedTime:275570523ns, electionTimeout:258ms
2023-03-07 04:46:02,337 [s0@group-930EDD749F09-FollowerState] INFO  impl.RoleInfo (RoleInfo.java:shutdownFollowerState(110)) - s0: shutdown s0@group-930EDD749F09-FollowerState
2023-03-07 04:46:02,337 [s0@group-930EDD749F09-FollowerState] INFO  server.RaftServer$Division (RaftServerImpl.java:setRole(329)) - s0@group-930EDD749F09: changes role from  FOLLOWER to CANDIDATE at term 0 for changeToCandidate
2023-03-07 04:46:02,340 [s0@group-930EDD749F09-FollowerState] INFO  server.RaftServerConfigKeys (ConfUtils.java:logGet(46)) - raft.server.leaderelection.pre-vote = true (default)
2023-03-07 04:46:02,340 [s0@group-930EDD749F09-FollowerState] INFO  impl.RoleInfo (RoleInfo.java:updateAndGet(139)) - s0: start s0@group-930EDD749F09-LeaderElection1
2023-03-07 04:46:02,340 [s1@group-930EDD749F09-FollowerState] INFO  impl.FollowerState (FollowerState.java:run(143)) - s1@group-930EDD749F09-FollowerState: change to CANDIDATE, lastRpcElapsedTime:159861314ns, electionTimeout:151ms
2023-03-07 04:46:02,340 [s1@group-930EDD749F09-FollowerState] INFO  impl.RoleInfo (RoleInfo.java:shutdownFollowerState(110)) - s1: shutdown s1@group-930EDD749F09-FollowerState
2023-03-07 04:46:02,340 [s1@group-930EDD749F09-FollowerState] INFO  server.RaftServer$Division (RaftServerImpl.java:setRole(329)) - s1@group-930EDD749F09: changes role from  FOLLOWER to CANDIDATE at term 0 for changeToCandidate
2023-03-07 04:46:02,340 [s1@group-930EDD749F09-FollowerState] INFO  server.RaftServerConfigKeys (ConfUtils.java:logGet(46)) - raft.server.leaderelection.pre-vote = true (default)
2023-03-07 04:46:02,341 [s1@group-930EDD749F09-FollowerState] INFO  impl.RoleInfo (RoleInfo.java:updateAndGet(139)) - s1: start s1@group-930EDD749F09-LeaderElection2
2023-03-07 04:46:02,359 [s1@group-930EDD749F09-LeaderElection2] INFO  impl.LeaderElection (LeaderElection.java:askForVotes(309)) - s1@group-930EDD749F09-LeaderElection2 PRE_VOTE round 0: submit vote requests at term 0 for -1: peers:[s0|rpc:localhost:38811|admin:localhost:45513|client:localhost:45905|dataStream:localhost:43231|priority:0|startupRole:FOLLOWER, s1|rpc:localhost:40897|admin:localhost:44611|client:localhost:41631|dataStream:localhost:37259|priority:0|startupRole:FOLLOWER, s2|rpc:localhost:38221|admin:localhost:35175|client:localhost:41405|dataStream:localhost:39599|priority:0|startupRole:FOLLOWER]|listeners:[], old=null
2023-03-07 04:46:02,360 [s0@group-930EDD749F09-LeaderElection1] INFO  impl.LeaderElection (LeaderElection.java:askForVotes(309)) - s0@group-930EDD749F09-LeaderElection1 PRE_VOTE round 0: submit vote requests at term 0 for -1: peers:[s0|rpc:localhost:38811|admin:localhost:45513|client:localhost:45905|dataStream:localhost:43231|priority:0|startupRole:FOLLOWER, s1|rpc:localhost:40897|admin:localhost:44611|client:localhost:41631|dataStream:localhost:37259|priority:0|startupRole:FOLLOWER, s2|rpc:localhost:38221|admin:localhost:35175|client:localhost:41405|dataStream:localhost:39599|priority:0|startupRole:FOLLOWER]|listeners:[], old=null
2023-03-07 04:46:02,378 [s0@group-930EDD749F09-LeaderElection1] INFO  server.RaftServerConfigKeys (ConfUtils.java:logFallback(53)) - raft.server.rpc.first-election.timeout.min = 150ms (fallback to raft.server.rpc.timeout.min)
2023-03-07 04:46:02,379 [s0@group-930EDD749F09-LeaderElection1] INFO  server.RaftServerConfigKeys (ConfUtils.java:logFallback(53)) - raft.server.rpc.first-election.timeout.max = 300ms (fallback to raft.server.rpc.timeout.max)
2023-03-07 04:46:02,383 [s0@group-930EDD749F09-LeaderElection1-1] INFO  server.GrpcServerProtocolClient (GrpcServerProtocolClient.java:<init>(64)) - Build channel for s1
2023-03-07 04:46:02,384 [s0@group-930EDD749F09-LeaderElection1-2] INFO  server.GrpcServerProtocolClient (GrpcServerProtocolClient.java:<init>(64)) - Build channel for s2
2023-03-07 04:46:02,400 [s1@group-930EDD749F09-LeaderElection2-1] INFO  server.GrpcServerProtocolClient (GrpcServerProtocolClient.java:<init>(64)) - Build channel for s0
2023-03-07 04:46:02,400 [s1@group-930EDD749F09-LeaderElection2] INFO  server.RaftServerConfigKeys (ConfUtils.java:logFallback(53)) - raft.server.rpc.first-election.timeout.min = 150ms (fallback to raft.server.rpc.timeout.min)
2023-03-07 04:46:02,400 [s1@group-930EDD749F09-LeaderElection2] INFO  server.RaftServerConfigKeys (ConfUtils.java:logFallback(53)) - raft.server.rpc.first-election.timeout.max = 300ms (fallback to raft.server.rpc.timeout.max)
2023-03-07 04:46:02,401 [s1@group-930EDD749F09-LeaderElection2-2] INFO  server.GrpcServerProtocolClient (GrpcServerProtocolClient.java:<init>(64)) - Build channel for s2
2023-03-07 04:46:02,453 [s2@group-930EDD749F09-FollowerState] INFO  impl.FollowerState (FollowerState.java:run(143)) - s2@group-930EDD749F09-FollowerState: change to CANDIDATE, lastRpcElapsedTime:237875535ns, electionTimeout:224ms
2023-03-07 04:46:02,453 [s2@group-930EDD749F09-FollowerState] INFO  impl.RoleInfo (RoleInfo.java:shutdownFollowerState(110)) - s2: shutdown s2@group-930EDD749F09-FollowerState
2023-03-07 04:46:02,453 [s2@group-930EDD749F09-FollowerState] INFO  server.RaftServer$Division (RaftServerImpl.java:setRole(329)) - s2@group-930EDD749F09: changes role from  FOLLOWER to CANDIDATE at term 0 for changeToCandidate
2023-03-07 04:46:02,461 [s2@group-930EDD749F09-FollowerState] INFO  server.RaftServerConfigKeys (ConfUtils.java:logGet(46)) - raft.server.leaderelection.pre-vote = true (default)
2023-03-07 04:46:02,461 [s2@group-930EDD749F09-FollowerState] INFO  impl.RoleInfo (RoleInfo.java:updateAndGet(139)) - s2: start s2@group-930EDD749F09-LeaderElection3
2023-03-07 04:46:02,472 [s2@group-930EDD749F09-LeaderElection3] INFO  impl.LeaderElection (LeaderElection.java:askForVotes(309)) - s2@group-930EDD749F09-LeaderElection3 PRE_VOTE round 0: submit vote requests at term 0 for -1: peers:[s0|rpc:localhost:38811|admin:localhost:45513|client:localhost:45905|dataStream:localhost:43231|priority:0|startupRole:FOLLOWER, s1|rpc:localhost:40897|admin:localhost:44611|client:localhost:41631|dataStream:localhost:37259|priority:0|startupRole:FOLLOWER, s2|rpc:localhost:38221|admin:localhost:35175|client:localhost:41405|dataStream:localhost:39599|priority:0|startupRole:FOLLOWER]|listeners:[], old=null
2023-03-07 04:46:02,474 [s2@group-930EDD749F09-LeaderElection3] INFO  server.RaftServerConfigKeys (ConfUtils.java:logFallback(53)) - raft.server.rpc.first-election.timeout.min = 150ms (fallback to raft.server.rpc.timeout.min)
2023-03-07 04:46:02,474 [s2@group-930EDD749F09-LeaderElection3] INFO  server.RaftServerConfigKeys (ConfUtils.java:logFallback(53)) - raft.server.rpc.first-election.timeout.max = 300ms (fallback to raft.server.rpc.timeout.max)
2023-03-07 04:46:02,474 [s2@group-930EDD749F09-LeaderElection3-1] INFO  server.GrpcServerProtocolClient (GrpcServerProtocolClient.java:<init>(64)) - Build channel for s0
2023-03-07 04:46:02,481 [s2@group-930EDD749F09-LeaderElection3-2] INFO  server.GrpcServerProtocolClient (GrpcServerProtocolClient.java:<init>(64)) - Build channel for s1
2023-03-07 04:46:02,644 [s0@group-930EDD749F09-LeaderElection1] INFO  impl.LeaderElection (LeaderElection.java:logAndReturn(89)) - s0@group-930EDD749F09-LeaderElection1: PRE_VOTE TIMEOUT received 0 response(s) and 0 exception(s):
2023-03-07 04:46:02,644 [s0@group-930EDD749F09-LeaderElection1] INFO  impl.LeaderElection (LeaderElection.java:askForVotes(311)) - s0@group-930EDD749F09-LeaderElection1 PRE_VOTE round 0: result TIMEOUT
2023-03-07 04:46:02,645 [s0@group-930EDD749F09-LeaderElection1] INFO  impl.LeaderElection (LeaderElection.java:askForVotes(309)) - s0@group-930EDD749F09-LeaderElection1 PRE_VOTE round 1: submit vote requests at term 0 for -1: peers:[s0|rpc:localhost:38811|admin:localhost:45513|client:localhost:45905|dataStream:localhost:43231|priority:0|startupRole:FOLLOWER, s1|rpc:localhost:40897|admin:localhost:44611|client:localhost:41631|dataStream:localhost:37259|priority:0|startupRole:FOLLOWER, s2|rpc:localhost:38221|admin:localhost:35175|client:localhost:41405|dataStream:localhost:39599|priority:0|startupRole:FOLLOWER]|listeners:[], old=null
2023-03-07 04:46:02,651 [s1@group-930EDD749F09-LeaderElection2] INFO  impl.LeaderElection (LeaderElection.java:logAndReturn(89)) - s1@group-930EDD749F09-LeaderElection2: PRE_VOTE TIMEOUT received 0 response(s) and 0 exception(s):
2023-03-07 04:46:02,651 [s1@group-930EDD749F09-LeaderElection2] INFO  impl.LeaderElection (LeaderElection.java:askForVotes(311)) - s1@group-930EDD749F09-LeaderElection2 PRE_VOTE round 0: result TIMEOUT
2023-03-07 04:46:02,651 [s1@group-930EDD749F09-LeaderElection2] INFO  impl.LeaderElection (LeaderElection.java:askForVotes(309)) - s1@group-930EDD749F09-LeaderElection2 PRE_VOTE round 1: submit vote requests at term 0 for -1: peers:[s0|rpc:localhost:38811|admin:localhost:45513|client:localhost:45905|dataStream:localhost:43231|priority:0|startupRole:FOLLOWER, s1|rpc:localhost:40897|admin:localhost:44611|client:localhost:41631|dataStream:localhost:37259|priority:0|startupRole:FOLLOWER, s2|rpc:localhost:38221|admin:localhost:35175|client:localhost:41405|dataStream:localhost:39599|priority:0|startupRole:FOLLOWER]|listeners:[], old=null
2023-03-07 04:46:02,656 [s0@group-930EDD749F09-LeaderElection1] INFO  server.RaftServerConfigKeys (ConfUtils.java:logFallback(53)) - raft.server.rpc.first-election.timeout.min = 150ms (fallback to raft.server.rpc.timeout.min)
2023-03-07 04:46:02,673 [s0@group-930EDD749F09-LeaderElection1] INFO  server.RaftServerConfigKeys (ConfUtils.java:logFallback(53)) - raft.server.rpc.first-election.timeout.max = 300ms (fallback to raft.server.rpc.timeout.max)
2023-03-07 04:46:02,668 [s1@group-930EDD749F09-LeaderElection2] INFO  server.RaftServerConfigKeys (ConfUtils.java:logFallback(53)) - raft.server.rpc.first-election.timeout.min = 150ms (fallback to raft.server.rpc.timeout.min)
2023-03-07 04:46:02,677 [s1@group-930EDD749F09-LeaderElection2] INFO  server.RaftServerConfigKeys (ConfUtils.java:logFallback(53)) - raft.server.rpc.first-election.timeout.max = 300ms (fallback to raft.server.rpc.timeout.max)
2023-03-07 04:46:02,693 [Time-limited test] WARN  ratis.RaftTestUtil (JavaUtils.java:attempt(217)) - FAILED "waitForLeader-null-(expectLeader? true)", attempt #2/100: java.lang.IllegalStateException: No leader yet : printing ALL groups
  s0:  RUNNING CANDIDATE s0@group-930EDD749F09:t0, leader=null, voted=, raftlog=Memoized:s0@group-930EDD749F09-SegmentedRaftLog:OPENED:c-1, conf=-1: peers:[s0|rpc:localhost:38811|admin:localhost:45513|client:localhost:45905|dataStream:localhost:43231|priority:0|startupRole:FOLLOWER, s1|rpc:localhost:40897|admin:localhost:44611|client:localhost:41631|dataStream:localhost:37259|priority:0|startupRole:FOLLOWER, s2|rpc:localhost:38221|admin:localhost:35175|client:localhost:41405|dataStream:localhost:39599|priority:0|startupRole:FOLLOWER]|listeners:[], old=null RUNNING
  s1:  RUNNING CANDIDATE s1@group-930EDD749F09:t0, leader=null, voted=, raftlog=Memoized:s1@group-930EDD749F09-SegmentedRaftLog:OPENED:c-1, conf=-1: peers:[s0|rpc:localhost:38811|admin:localhost:45513|client:localhost:45905|dataStream:localhost:43231|priority:0|startupRole:FOLLOWER, s1|rpc:localhost:40897|admin:localhost:44611|client:localhost:41631|dataStream:localhost:37259|priority:0|startupRole:FOLLOWER, s2|rpc:localhost:38221|admin:localhost:35175|client:localhost:41405|dataStream:localhost:39599|priority:0|startupRole:FOLLOWER]|listeners:[], old=null RUNNING
  s2:  RUNNING CANDIDATE s2@group-930EDD749F09:t0, leader=null, voted=, raftlog=Memoized:s2@group-930EDD749F09-SegmentedRaftLog:OPENED:c-1, conf=-1: peers:[s0|rpc:localhost:38811|admin:localhost:45513|client:localhost:45905|dataStream:localhost:43231|priority:0|startupRole:FOLLOWER, s1|rpc:localhost:40897|admin:localhost:44611|client:localhost:41631|dataStream:localhost:37259|priority:0|startupRole:FOLLOWER, s2|rpc:localhost:38221|admin:localhost:35175|client:localhost:41405|dataStream:localhost:39599|priority:0|startupRole:FOLLOWER]|listeners:[], old=null RUNNING, sleep 450ms and then retry.
java.lang.IllegalStateException: No leader yet : printing ALL groups
  s0:  RUNNING CANDIDATE s0@group-930EDD749F09:t0, leader=null, voted=, raftlog=Memoized:s0@group-930EDD749F09-SegmentedRaftLog:OPENED:c-1, conf=-1: peers:[s0|rpc:localhost:38811|admin:localhost:45513|client:localhost:45905|dataStream:localhost:43231|priority:0|startupRole:FOLLOWER, s1|rpc:localhost:40897|admin:localhost:44611|client:localhost:41631|dataStream:localhost:37259|priority:0|startupRole:FOLLOWER, s2|rpc:localhost:38221|admin:localhost:35175|client:localhost:41405|dataStream:localhost:39599|priority:0|startupRole:FOLLOWER]|listeners:[], old=null RUNNING
  s1:  RUNNING CANDIDATE s1@group-930EDD749F09:t0, leader=null, voted=, raftlog=Memoized:s1@group-930EDD749F09-SegmentedRaftLog:OPENED:c-1, conf=-1: peers:[s0|rpc:localhost:38811|admin:localhost:45513|client:localhost:45905|dataStream:localhost:43231|priority:0|startupRole:FOLLOWER, s1|rpc:localhost:40897|admin:localhost:44611|client:localhost:41631|dataStream:localhost:37259|priority:0|startupRole:FOLLOWER, s2|rpc:localhost:38221|admin:localhost:35175|client:localhost:41405|dataStream:localhost:39599|priority:0|startupRole:FOLLOWER]|listeners:[], old=null RUNNING
  s2:  RUNNING CANDIDATE s2@group-930EDD749F09:t0, leader=null, voted=, raftlog=Memoized:s2@group-930EDD749F09-SegmentedRaftLog:OPENED:c-1, conf=-1: peers:[s0|rpc:localhost:38811|admin:localhost:45513|client:localhost:45905|dataStream:localhost:43231|priority:0|startupRole:FOLLOWER, s1|rpc:localhost:40897|admin:localhost:44611|client:localhost:41631|dataStream:localhost:37259|priority:0|startupRole:FOLLOWER, s2|rpc:localhost:38221|admin:localhost:35175|client:localhost:41405|dataStream:localhost:39599|priority:0|startupRole:FOLLOWER]|listeners:[], old=null RUNNING
	at org.apache.ratis.server.impl.MiniRaftCluster.newIllegalStateExceptionForNoLeaders(MiniRaftCluster.java:581)
	at org.apache.ratis.RaftTestUtil.lambda$waitForLeader$1(RaftTestUtil.java:104)
	at org.apache.ratis.server.impl.MiniRaftCluster.getLeader(MiniRaftCluster.java:615)
	at org.apache.ratis.server.impl.MiniRaftCluster.getLeader(MiniRaftCluster.java:608)
	at org.apache.ratis.RaftTestUtil.lambda$waitForLeader$3(RaftTestUtil.java:112)
	at org.apache.ratis.util.JavaUtils.attempt(JavaUtils.java:211)
	at org.apache.ratis.util.JavaUtils.attemptRepeatedly(JavaUtils.java:197)
	at org.apache.ratis.RaftTestUtil.waitForLeader(RaftTestUtil.java:111)
	at org.apache.ratis.RaftTestUtil.waitForLeader(RaftTestUtil.java:92)
	at org.apache.ratis.RaftTestUtil.waitForLeader(RaftTestUtil.java:87)
	at org.apache.ratis.server.impl.StateMachineShutdownTests.testStateMachineShutdownWaitsForApplyTxn(StateMachineShutdownTests.java:79)
	at java.base/jdk.internal.reflect.NativeMethodAccessorImpl.invoke0(Native Method)
	at java.base/jdk.internal.reflect.NativeMethodAccessorImpl.invoke(NativeMethodAccessorImpl.java:62)
	at java.base/jdk.internal.reflect.DelegatingMethodAccessorImpl.invoke(DelegatingMethodAccessorImpl.java:43)
	at java.base/java.lang.reflect.Method.invoke(Method.java:566)
	at org.junit.runners.model.FrameworkMethod$1.runReflectiveCall(FrameworkMethod.java:59)
	at org.junit.internal.runners.model.ReflectiveCallable.run(ReflectiveCallable.java:12)
	at org.junit.runners.model.FrameworkMethod.invokeExplosively(FrameworkMethod.java:56)
	at org.junit.internal.runners.statements.InvokeMethod.evaluate(InvokeMethod.java:17)
	at org.junit.internal.runners.statements.RunAfters.evaluate(RunAfters.java:27)
	at org.junit.internal.runners.statements.FailOnTimeout$CallableStatement.call(FailOnTimeout.java:299)
	at org.junit.internal.runners.statements.FailOnTimeout$CallableStatement.call(FailOnTimeout.java:293)
	at java.base/java.util.concurrent.FutureTask.run(FutureTask.java:264)
	at java.base/java.lang.Thread.run(Thread.java:829)
2023-03-07 04:46:02,699 [grpc-default-executor-5] INFO  server.RaftServer$Division (RaftServerImpl.java:requestVote(1302)) - s0@group-930EDD749F09: receive requestVote(PRE_VOTE, s1, group-930EDD749F09, 0, (t:0, i:0))
2023-03-07 04:46:02,701 [grpc-default-executor-5] INFO  impl.VoteContext (VoteContext.java:log(49)) - s0@group-930EDD749F09-CANDIDATE: accept PRE_VOTE from s1: our priority 0 <= candidate's priority 0
2023-03-07 04:46:02,704 [grpc-default-executor-5] INFO  server.RaftServer$Division (RaftServerImpl.java:requestVote(1335)) - s0@group-930EDD749F09 replies to PRE_VOTE vote request: s1<-s0#0:OK-t0. Peer's state: s0@group-930EDD749F09:t0, leader=null, voted=, raftlog=Memoized:s0@group-930EDD749F09-SegmentedRaftLog:OPENED:c-1, conf=-1: peers:[s0|rpc:localhost:38811|admin:localhost:45513|client:localhost:45905|dataStream:localhost:43231|priority:0|startupRole:FOLLOWER, s1|rpc:localhost:40897|admin:localhost:44611|client:localhost:41631|dataStream:localhost:37259|priority:0|startupRole:FOLLOWER, s2|rpc:localhost:38221|admin:localhost:35175|client:localhost:41405|dataStream:localhost:39599|priority:0|startupRole:FOLLOWER]|listeners:[], old=null
2023-03-07 04:46:02,704 [grpc-default-executor-4] INFO  server.RaftServer$Division (RaftServerImpl.java:requestVote(1302)) - s0@group-930EDD749F09: receive requestVote(PRE_VOTE, s2, group-930EDD749F09, 0, (t:0, i:0))
2023-03-07 04:46:02,705 [grpc-default-executor-4] INFO  impl.VoteContext (VoteContext.java:log(49)) - s0@group-930EDD749F09-CANDIDATE: accept PRE_VOTE from s2: our priority 0 <= candidate's priority 0
2023-03-07 04:46:02,705 [grpc-default-executor-4] INFO  server.RaftServer$Division (RaftServerImpl.java:requestVote(1335)) - s0@group-930EDD749F09 replies to PRE_VOTE vote request: s2<-s0#0:OK-t0. Peer's state: s0@group-930EDD749F09:t0, leader=null, voted=, raftlog=Memoized:s0@group-930EDD749F09-SegmentedRaftLog:OPENED:c-1, conf=-1: peers:[s0|rpc:localhost:38811|admin:localhost:45513|client:localhost:45905|dataStream:localhost:43231|priority:0|startupRole:FOLLOWER, s1|rpc:localhost:40897|admin:localhost:44611|client:localhost:41631|dataStream:localhost:37259|priority:0|startupRole:FOLLOWER, s2|rpc:localhost:38221|admin:localhost:35175|client:localhost:41405|dataStream:localhost:39599|priority:0|startupRole:FOLLOWER]|listeners:[], old=null
2023-03-07 04:46:02,706 [grpc-default-executor-1] INFO  server.RaftServer$Division (RaftServerImpl.java:requestVote(1302)) - s0@group-930EDD749F09: receive requestVote(PRE_VOTE, s1, group-930EDD749F09, 0, (t:0, i:0))
2023-03-07 04:46:02,707 [grpc-default-executor-1] INFO  impl.VoteContext (VoteContext.java:log(49)) - s0@group-930EDD749F09-CANDIDATE: accept PRE_VOTE from s1: our priority 0 <= candidate's priority 0
2023-03-07 04:46:02,707 [grpc-default-executor-1] INFO  server.RaftServer$Division (RaftServerImpl.java:requestVote(1335)) - s0@group-930EDD749F09 replies to PRE_VOTE vote request: s1<-s0#0:OK-t0. Peer's state: s0@group-930EDD749F09:t0, leader=null, voted=, raftlog=Memoized:s0@group-930EDD749F09-SegmentedRaftLog:OPENED:c-1, conf=-1: peers:[s0|rpc:localhost:38811|admin:localhost:45513|client:localhost:45905|dataStream:localhost:43231|priority:0|startupRole:FOLLOWER, s1|rpc:localhost:40897|admin:localhost:44611|client:localhost:41631|dataStream:localhost:37259|priority:0|startupRole:FOLLOWER, s2|rpc:localhost:38221|admin:localhost:35175|client:localhost:41405|dataStream:localhost:39599|priority:0|startupRole:FOLLOWER]|listeners:[], old=null
2023-03-07 04:46:02,707 [grpc-default-executor-3] INFO  server.RaftServer$Division (RaftServerImpl.java:requestVote(1302)) - s2@group-930EDD749F09: receive requestVote(PRE_VOTE, s1, group-930EDD749F09, 0, (t:0, i:0))
2023-03-07 04:46:02,708 [grpc-default-executor-3] INFO  impl.VoteContext (VoteContext.java:log(49)) - s2@group-930EDD749F09-CANDIDATE: accept PRE_VOTE from s1: our priority 0 <= candidate's priority 0
2023-03-07 04:46:02,708 [grpc-default-executor-3] INFO  server.RaftServer$Division (RaftServerImpl.java:requestVote(1335)) - s2@group-930EDD749F09 replies to PRE_VOTE vote request: s1<-s2#0:OK-t0. Peer's state: s2@group-930EDD749F09:t0, leader=null, voted=, raftlog=Memoized:s2@group-930EDD749F09-SegmentedRaftLog:OPENED:c-1, conf=-1: peers:[s0|rpc:localhost:38811|admin:localhost:45513|client:localhost:45905|dataStream:localhost:43231|priority:0|startupRole:FOLLOWER, s1|rpc:localhost:40897|admin:localhost:44611|client:localhost:41631|dataStream:localhost:37259|priority:0|startupRole:FOLLOWER, s2|rpc:localhost:38221|admin:localhost:35175|client:localhost:41405|dataStream:localhost:39599|priority:0|startupRole:FOLLOWER]|listeners:[], old=null
2023-03-07 04:46:02,710 [grpc-default-executor-0] INFO  server.RaftServer$Division (RaftServerImpl.java:requestVote(1302)) - s2@group-930EDD749F09: receive requestVote(PRE_VOTE, s1, group-930EDD749F09, 0, (t:0, i:0))
2023-03-07 04:46:02,710 [grpc-default-executor-2] INFO  server.RaftServer$Division (RaftServerImpl.java:requestVote(1302)) - s2@group-930EDD749F09: receive requestVote(PRE_VOTE, s0, group-930EDD749F09, 0, (t:0, i:0))
2023-03-07 04:46:02,710 [grpc-default-executor-0] INFO  impl.VoteContext (VoteContext.java:log(49)) - s2@group-930EDD749F09-CANDIDATE: accept PRE_VOTE from s1: our priority 0 <= candidate's priority 0
2023-03-07 04:46:02,711 [grpc-default-executor-0] INFO  server.RaftServer$Division (RaftServerImpl.java:requestVote(1335)) - s2@group-930EDD749F09 replies to PRE_VOTE vote request: s1<-s2#0:OK-t0. Peer's state: s2@group-930EDD749F09:t0, leader=null, voted=, raftlog=Memoized:s2@group-930EDD749F09-SegmentedRaftLog:OPENED:c-1, conf=-1: peers:[s0|rpc:localhost:38811|admin:localhost:45513|client:localhost:45905|dataStream:localhost:43231|priority:0|startupRole:FOLLOWER, s1|rpc:localhost:40897|admin:localhost:44611|client:localhost:41631|dataStream:localhost:37259|priority:0|startupRole:FOLLOWER, s2|rpc:localhost:38221|admin:localhost:35175|client:localhost:41405|dataStream:localhost:39599|priority:0|startupRole:FOLLOWER]|listeners:[], old=null
2023-03-07 04:46:02,711 [grpc-default-executor-2] INFO  impl.VoteContext (VoteContext.java:log(49)) - s2@group-930EDD749F09-CANDIDATE: accept PRE_VOTE from s0: our priority 0 <= candidate's priority 0
2023-03-07 04:46:02,711 [grpc-default-executor-2] INFO  server.RaftServer$Division (RaftServerImpl.java:requestVote(1335)) - s2@group-930EDD749F09 replies to PRE_VOTE vote request: s0<-s2#0:OK-t0. Peer's state: s2@group-930EDD749F09:t0, leader=null, voted=, raftlog=Memoized:s2@group-930EDD749F09-SegmentedRaftLog:OPENED:c-1, conf=-1: peers:[s0|rpc:localhost:38811|admin:localhost:45513|client:localhost:45905|dataStream:localhost:43231|priority:0|startupRole:FOLLOWER, s1|rpc:localhost:40897|admin:localhost:44611|client:localhost:41631|dataStream:localhost:37259|priority:0|startupRole:FOLLOWER, s2|rpc:localhost:38221|admin:localhost:35175|client:localhost:41405|dataStream:localhost:39599|priority:0|startupRole:FOLLOWER]|listeners:[], old=null
2023-03-07 04:46:02,717 [grpc-default-executor-6] INFO  server.RaftServer$Division (RaftServerImpl.java:requestVote(1302)) - s2@group-930EDD749F09: receive requestVote(PRE_VOTE, s0, group-930EDD749F09, 0, (t:0, i:0))
2023-03-07 04:46:02,726 [grpc-default-executor-6] INFO  impl.VoteContext (VoteContext.java:log(49)) - s2@group-930EDD749F09-CANDIDATE: accept PRE_VOTE from s0: our priority 0 <= candidate's priority 0
2023-03-07 04:46:02,726 [grpc-default-executor-6] INFO  server.RaftServer$Division (RaftServerImpl.java:requestVote(1335)) - s2@group-930EDD749F09 replies to PRE_VOTE vote request: s0<-s2#0:OK-t0. Peer's state: s2@group-930EDD749F09:t0, leader=null, voted=, raftlog=Memoized:s2@group-930EDD749F09-SegmentedRaftLog:OPENED:c-1, conf=-1: peers:[s0|rpc:localhost:38811|admin:localhost:45513|client:localhost:45905|dataStream:localhost:43231|priority:0|startupRole:FOLLOWER, s1|rpc:localhost:40897|admin:localhost:44611|client:localhost:41631|dataStream:localhost:37259|priority:0|startupRole:FOLLOWER, s2|rpc:localhost:38221|admin:localhost:35175|client:localhost:41405|dataStream:localhost:39599|priority:0|startupRole:FOLLOWER]|listeners:[], old=null
2023-03-07 04:46:02,731 [grpc-default-executor-3] INFO  server.RaftServer$Division (RaftServerImpl.java:requestVote(1302)) - s1@group-930EDD749F09: receive requestVote(PRE_VOTE, s2, group-930EDD749F09, 0, (t:0, i:0))
2023-03-07 04:46:02,734 [grpc-default-executor-3] INFO  impl.VoteContext (VoteContext.java:log(49)) - s1@group-930EDD749F09-CANDIDATE: accept PRE_VOTE from s2: our priority 0 <= candidate's priority 0
2023-03-07 04:46:02,734 [grpc-default-executor-3] INFO  server.RaftServer$Division (RaftServerImpl.java:requestVote(1335)) - s1@group-930EDD749F09 replies to PRE_VOTE vote request: s2<-s1#0:OK-t0. Peer's state: s1@group-930EDD749F09:t0, leader=null, voted=, raftlog=Memoized:s1@group-930EDD749F09-SegmentedRaftLog:OPENED:c-1, conf=-1: peers:[s0|rpc:localhost:38811|admin:localhost:45513|client:localhost:45905|dataStream:localhost:43231|priority:0|startupRole:FOLLOWER, s1|rpc:localhost:40897|admin:localhost:44611|client:localhost:41631|dataStream:localhost:37259|priority:0|startupRole:FOLLOWER, s2|rpc:localhost:38221|admin:localhost:35175|client:localhost:41405|dataStream:localhost:39599|priority:0|startupRole:FOLLOWER]|listeners:[], old=null
2023-03-07 04:46:02,743 [s0@group-930EDD749F09-LeaderElection1] INFO  impl.LeaderElection (LeaderElection.java:logAndReturn(89)) - s0@group-930EDD749F09-LeaderElection1: PRE_VOTE PASSED received 1 response(s) and 0 exception(s):
2023-03-07 04:46:02,743 [s0@group-930EDD749F09-LeaderElection1] INFO  impl.LeaderElection (LeaderElection.java:logAndReturn(93)) -   Response 0: s0<-s2#0:OK-t0
2023-03-07 04:46:02,743 [s0@group-930EDD749F09-LeaderElection1] INFO  impl.LeaderElection (LeaderElection.java:askForVotes(311)) - s0@group-930EDD749F09-LeaderElection1 PRE_VOTE round 1: result PASSED
2023-03-07 04:46:02,744 [s1@group-930EDD749F09-LeaderElection2] INFO  impl.LeaderElection (LeaderElection.java:logAndReturn(89)) - s1@group-930EDD749F09-LeaderElection2: PRE_VOTE PASSED received 1 response(s) and 0 exception(s):
2023-03-07 04:46:02,747 [s1@group-930EDD749F09-LeaderElection2] INFO  impl.LeaderElection (LeaderElection.java:logAndReturn(93)) -   Response 0: s1<-s2#0:OK-t0
2023-03-07 04:46:02,747 [s1@group-930EDD749F09-LeaderElection2] INFO  impl.LeaderElection (LeaderElection.java:askForVotes(311)) - s1@group-930EDD749F09-LeaderElection2 PRE_VOTE round 1: result PASSED
2023-03-07 04:46:02,748 [grpc-default-executor-4] INFO  server.RaftServer$Division (RaftServerImpl.java:requestVote(1302)) - s1@group-930EDD749F09: receive requestVote(PRE_VOTE, s0, group-930EDD749F09, 0, (t:0, i:0))
2023-03-07 04:46:02,749 [grpc-default-executor-6] INFO  server.RaftServer$Division (RaftServerImpl.java:requestVote(1302)) - s1@group-930EDD749F09: receive requestVote(PRE_VOTE, s0, group-930EDD749F09, 0, (t:0, i:0))
2023-03-07 04:46:02,750 [s2@group-930EDD749F09-LeaderElection3] INFO  impl.LeaderElection (LeaderElection.java:logAndReturn(89)) - s2@group-930EDD749F09-LeaderElection3: PRE_VOTE PASSED received 1 response(s) and 0 exception(s):
2023-03-07 04:46:02,750 [s2@group-930EDD749F09-LeaderElection3] INFO  impl.LeaderElection (LeaderElection.java:logAndReturn(93)) -   Response 0: s2<-s0#0:OK-t0
2023-03-07 04:46:02,750 [s2@group-930EDD749F09-LeaderElection3] INFO  impl.LeaderElection (LeaderElection.java:askForVotes(311)) - s2@group-930EDD749F09-LeaderElection3 PRE_VOTE round 0: result PASSED
2023-03-07 04:46:02,771 [s0@group-930EDD749F09-LeaderElection1] INFO  impl.LeaderElection (LeaderElection.java:askForVotes(309)) - s0@group-930EDD749F09-LeaderElection1 ELECTION round 0: submit vote requests at term 1 for -1: peers:[s0|rpc:localhost:38811|admin:localhost:45513|client:localhost:45905|dataStream:localhost:43231|priority:0|startupRole:FOLLOWER, s1|rpc:localhost:40897|admin:localhost:44611|client:localhost:41631|dataStream:localhost:37259|priority:0|startupRole:FOLLOWER, s2|rpc:localhost:38221|admin:localhost:35175|client:localhost:41405|dataStream:localhost:39599|priority:0|startupRole:FOLLOWER]|listeners:[], old=null
2023-03-07 04:46:02,775 [s0@group-930EDD749F09-LeaderElection1] INFO  server.RaftServerConfigKeys (ConfUtils.java:logFallback(53)) - raft.server.rpc.first-election.timeout.min = 150ms (fallback to raft.server.rpc.timeout.min)
2023-03-07 04:46:02,775 [s0@group-930EDD749F09-LeaderElection1] INFO  server.RaftServerConfigKeys (ConfUtils.java:logFallback(53)) - raft.server.rpc.first-election.timeout.max = 300ms (fallback to raft.server.rpc.timeout.max)
2023-03-07 04:46:02,779 [grpc-default-executor-3] INFO  server.RaftServer$Division (RaftServerImpl.java:requestVote(1302)) - s1@group-930EDD749F09: receive requestVote(ELECTION, s0, group-930EDD749F09, 1, (t:0, i:0))
2023-03-07 04:46:02,782 [grpc-default-executor-5] INFO  server.RaftServer$Division (RaftServerImpl.java:requestVote(1302)) - s2@group-930EDD749F09: receive requestVote(ELECTION, s0, group-930EDD749F09, 1, (t:0, i:0))
2023-03-07 04:46:02,932 [s2@group-930EDD749F09-LeaderElection3] INFO  impl.LeaderElection (LeaderElection.java:askForVotes(309)) - s2@group-930EDD749F09-LeaderElection3 ELECTION round 0: submit vote requests at term 1 for -1: peers:[s0|rpc:localhost:38811|admin:localhost:45513|client:localhost:45905|dataStream:localhost:43231|priority:0|startupRole:FOLLOWER, s1|rpc:localhost:40897|admin:localhost:44611|client:localhost:41631|dataStream:localhost:37259|priority:0|startupRole:FOLLOWER, s2|rpc:localhost:38221|admin:localhost:35175|client:localhost:41405|dataStream:localhost:39599|priority:0|startupRole:FOLLOWER]|listeners:[], old=null
2023-03-07 04:46:02,932 [s1@group-930EDD749F09-LeaderElection2] INFO  impl.LeaderElection (LeaderElection.java:askForVotes(309)) - s1@group-930EDD749F09-LeaderElection2 ELECTION round 0: submit vote requests at term 1 for -1: peers:[s0|rpc:localhost:38811|admin:localhost:45513|client:localhost:45905|dataStream:localhost:43231|priority:0|startupRole:FOLLOWER, s1|rpc:localhost:40897|admin:localhost:44611|client:localhost:41631|dataStream:localhost:37259|priority:0|startupRole:FOLLOWER, s2|rpc:localhost:38221|admin:localhost:35175|client:localhost:41405|dataStream:localhost:39599|priority:0|startupRole:FOLLOWER]|listeners:[], old=null
2023-03-07 04:46:02,932 [grpc-default-executor-3] INFO  impl.VoteContext (VoteContext.java:log(49)) - s1@group-930EDD749F09-CANDIDATE: reject ELECTION from s0: already has voted for s1 at current term 1
2023-03-07 04:46:02,937 [grpc-default-executor-3] INFO  server.RaftServer$Division (RaftServerImpl.java:requestVote(1335)) - s1@group-930EDD749F09 replies to ELECTION vote request: s0<-s1#0:FAIL-t1. Peer's state: s1@group-930EDD749F09:t1, leader=null, voted=s1, raftlog=Memoized:s1@group-930EDD749F09-SegmentedRaftLog:OPENED:c-1, conf=-1: peers:[s0|rpc:localhost:38811|admin:localhost:45513|client:localhost:45905|dataStream:localhost:43231|priority:0|startupRole:FOLLOWER, s1|rpc:localhost:40897|admin:localhost:44611|client:localhost:41631|dataStream:localhost:37259|priority:0|startupRole:FOLLOWER, s2|rpc:localhost:38221|admin:localhost:35175|client:localhost:41405|dataStream:localhost:39599|priority:0|startupRole:FOLLOWER]|listeners:[], old=null
2023-03-07 04:46:02,932 [grpc-default-executor-5] INFO  impl.VoteContext (VoteContext.java:log(49)) - s2@group-930EDD749F09-CANDIDATE: reject ELECTION from s0: already has voted for s2 at current term 1
2023-03-07 04:46:02,942 [grpc-default-executor-5] INFO  server.RaftServer$Division (RaftServerImpl.java:requestVote(1335)) - s2@group-930EDD749F09 replies to ELECTION vote request: s0<-s2#0:FAIL-t1. Peer's state: s2@group-930EDD749F09:t1, leader=null, voted=s2, raftlog=Memoized:s2@group-930EDD749F09-SegmentedRaftLog:OPENED:c-1, conf=-1: peers:[s0|rpc:localhost:38811|admin:localhost:45513|client:localhost:45905|dataStream:localhost:43231|priority:0|startupRole:FOLLOWER, s1|rpc:localhost:40897|admin:localhost:44611|client:localhost:41631|dataStream:localhost:37259|priority:0|startupRole:FOLLOWER, s2|rpc:localhost:38221|admin:localhost:35175|client:localhost:41405|dataStream:localhost:39599|priority:0|startupRole:FOLLOWER]|listeners:[], old=null
2023-03-07 04:46:02,939 [s2@group-930EDD749F09-LeaderElection3] INFO  server.RaftServerConfigKeys (ConfUtils.java:logFallback(53)) - raft.server.rpc.first-election.timeout.min = 150ms (fallback to raft.server.rpc.timeout.min)
2023-03-07 04:46:02,945 [s2@group-930EDD749F09-LeaderElection3] INFO  server.RaftServerConfigKeys (ConfUtils.java:logFallback(53)) - raft.server.rpc.first-election.timeout.max = 300ms (fallback to raft.server.rpc.timeout.max)
2023-03-07 04:46:02,938 [s1@group-930EDD749F09-LeaderElection2] INFO  server.RaftServerConfigKeys (ConfUtils.java:logFallback(53)) - raft.server.rpc.first-election.timeout.min = 150ms (fallback to raft.server.rpc.timeout.min)
2023-03-07 04:46:02,946 [s1@group-930EDD749F09-LeaderElection2] INFO  server.RaftServerConfigKeys (ConfUtils.java:logFallback(53)) - raft.server.rpc.first-election.timeout.max = 300ms (fallback to raft.server.rpc.timeout.max)
2023-03-07 04:46:02,938 [grpc-default-executor-1] INFO  server.RaftServer$Division (RaftServerImpl.java:requestVote(1302)) - s0@group-930EDD749F09: receive requestVote(ELECTION, s2, group-930EDD749F09, 1, (t:0, i:0))
2023-03-07 04:46:02,946 [grpc-default-executor-1] INFO  impl.VoteContext (VoteContext.java:log(49)) - s0@group-930EDD749F09-CANDIDATE: reject ELECTION from s2: already has voted for s0 at current term 1
2023-03-07 04:46:02,946 [grpc-default-executor-1] INFO  server.RaftServer$Division (RaftServerImpl.java:requestVote(1335)) - s0@group-930EDD749F09 replies to ELECTION vote request: s2<-s0#0:FAIL-t1. Peer's state: s0@group-930EDD749F09:t1, leader=null, voted=s0, raftlog=Memoized:s0@group-930EDD749F09-SegmentedRaftLog:OPENED:c-1, conf=-1: peers:[s0|rpc:localhost:38811|admin:localhost:45513|client:localhost:45905|dataStream:localhost:43231|priority:0|startupRole:FOLLOWER, s1|rpc:localhost:40897|admin:localhost:44611|client:localhost:41631|dataStream:localhost:37259|priority:0|startupRole:FOLLOWER, s2|rpc:localhost:38221|admin:localhost:35175|client:localhost:41405|dataStream:localhost:39599|priority:0|startupRole:FOLLOWER]|listeners:[], old=null
2023-03-07 04:46:02,937 [grpc-default-executor-6] INFO  impl.VoteContext (VoteContext.java:log(49)) - s1@group-930EDD749F09-CANDIDATE: accept PRE_VOTE from s0: our priority 0 <= candidate's priority 0
2023-03-07 04:46:02,946 [grpc-default-executor-6] INFO  server.RaftServer$Division (RaftServerImpl.java:requestVote(1335)) - s1@group-930EDD749F09 replies to PRE_VOTE vote request: s0<-s1#0:OK-t1. Peer's state: s1@group-930EDD749F09:t1, leader=null, voted=s1, raftlog=Memoized:s1@group-930EDD749F09-SegmentedRaftLog:OPENED:c-1, conf=-1: peers:[s0|rpc:localhost:38811|admin:localhost:45513|client:localhost:45905|dataStream:localhost:43231|priority:0|startupRole:FOLLOWER, s1|rpc:localhost:40897|admin:localhost:44611|client:localhost:41631|dataStream:localhost:37259|priority:0|startupRole:FOLLOWER, s2|rpc:localhost:38221|admin:localhost:35175|client:localhost:41405|dataStream:localhost:39599|priority:0|startupRole:FOLLOWER]|listeners:[], old=null
2023-03-07 04:46:02,947 [grpc-default-executor-4] INFO  impl.VoteContext (VoteContext.java:log(49)) - s1@group-930EDD749F09-CANDIDATE: accept PRE_VOTE from s0: our priority 0 <= candidate's priority 0
2023-03-07 04:46:02,951 [grpc-default-executor-4] INFO  server.RaftServer$Division (RaftServerImpl.java:requestVote(1335)) - s1@group-930EDD749F09 replies to PRE_VOTE vote request: s0<-s1#0:OK-t1. Peer's state: s1@group-930EDD749F09:t1, leader=null, voted=s1, raftlog=Memoized:s1@group-930EDD749F09-SegmentedRaftLog:OPENED:c-1, conf=-1: peers:[s0|rpc:localhost:38811|admin:localhost:45513|client:localhost:45905|dataStream:localhost:43231|priority:0|startupRole:FOLLOWER, s1|rpc:localhost:40897|admin:localhost:44611|client:localhost:41631|dataStream:localhost:37259|priority:0|startupRole:FOLLOWER, s2|rpc:localhost:38221|admin:localhost:35175|client:localhost:41405|dataStream:localhost:39599|priority:0|startupRole:FOLLOWER]|listeners:[], old=null
2023-03-07 04:46:02,953 [s0@group-930EDD749F09-LeaderElection1] INFO  impl.LeaderElection (LeaderElection.java:logAndReturn(89)) - s0@group-930EDD749F09-LeaderElection1: ELECTION REJECTED received 2 response(s) and 0 exception(s):
2023-03-07 04:46:02,955 [s0@group-930EDD749F09-LeaderElection1] INFO  impl.LeaderElection (LeaderElection.java:logAndReturn(93)) -   Response 0: s0<-s1#0:FAIL-t1
2023-03-07 04:46:02,955 [s0@group-930EDD749F09-LeaderElection1] INFO  impl.LeaderElection (LeaderElection.java:logAndReturn(93)) -   Response 1: s0<-s2#0:FAIL-t1
2023-03-07 04:46:02,955 [s0@group-930EDD749F09-LeaderElection1] INFO  impl.LeaderElection (LeaderElection.java:askForVotes(311)) - s0@group-930EDD749F09-LeaderElection1 ELECTION round 0: result REJECTED
2023-03-07 04:46:02,955 [s0@group-930EDD749F09-LeaderElection1] INFO  server.RaftServer$Division (RaftServerImpl.java:setRole(329)) - s0@group-930EDD749F09: changes role from CANDIDATE to FOLLOWER at term 1 for REJECTED
2023-03-07 04:46:02,956 [s0@group-930EDD749F09-LeaderElection1] INFO  impl.RoleInfo (RoleInfo.java:shutdownLeaderElection(130)) - s0: shutdown s0@group-930EDD749F09-LeaderElection1
2023-03-07 04:46:02,956 [s0@group-930EDD749F09-LeaderElection1] INFO  impl.RoleInfo (RoleInfo.java:updateAndGet(139)) - s0: start s0@group-930EDD749F09-FollowerState
2023-03-07 04:46:02,958 [grpc-default-executor-5] INFO  server.RaftServer$Division (RaftServerImpl.java:requestVote(1302)) - s0@group-930EDD749F09: receive requestVote(ELECTION, s1, group-930EDD749F09, 1, (t:0, i:0))
2023-03-07 04:46:02,962 [grpc-default-executor-5] INFO  impl.VoteContext (VoteContext.java:log(49)) - s0@group-930EDD749F09-FOLLOWER: reject ELECTION from s1: already has voted for s0 at current term 1
2023-03-07 04:46:02,962 [grpc-default-executor-5] INFO  server.RaftServer$Division (RaftServerImpl.java:requestVote(1335)) - s0@group-930EDD749F09 replies to ELECTION vote request: s1<-s0#0:FAIL-t1. Peer's state: s0@group-930EDD749F09:t1, leader=null, voted=s0, raftlog=Memoized:s0@group-930EDD749F09-SegmentedRaftLog:OPENED:c-1, conf=-1: peers:[s0|rpc:localhost:38811|admin:localhost:45513|client:localhost:45905|dataStream:localhost:43231|priority:0|startupRole:FOLLOWER, s1|rpc:localhost:40897|admin:localhost:44611|client:localhost:41631|dataStream:localhost:37259|priority:0|startupRole:FOLLOWER, s2|rpc:localhost:38221|admin:localhost:35175|client:localhost:41405|dataStream:localhost:39599|priority:0|startupRole:FOLLOWER]|listeners:[], old=null
2023-03-07 04:46:02,958 [grpc-default-executor-1] INFO  server.RaftServer$Division (RaftServerImpl.java:requestVote(1302)) - s2@group-930EDD749F09: receive requestVote(ELECTION, s1, group-930EDD749F09, 1, (t:0, i:0))
2023-03-07 04:46:02,962 [grpc-default-executor-1] INFO  impl.VoteContext (VoteContext.java:log(49)) - s2@group-930EDD749F09-CANDIDATE: reject ELECTION from s1: already has voted for s2 at current term 1
2023-03-07 04:46:02,962 [grpc-default-executor-1] INFO  server.RaftServer$Division (RaftServerImpl.java:requestVote(1335)) - s2@group-930EDD749F09 replies to ELECTION vote request: s1<-s2#0:FAIL-t1. Peer's state: s2@group-930EDD749F09:t1, leader=null, voted=s2, raftlog=Memoized:s2@group-930EDD749F09-SegmentedRaftLog:OPENED:c-1, conf=-1: peers:[s0|rpc:localhost:38811|admin:localhost:45513|client:localhost:45905|dataStream:localhost:43231|priority:0|startupRole:FOLLOWER, s1|rpc:localhost:40897|admin:localhost:44611|client:localhost:41631|dataStream:localhost:37259|priority:0|startupRole:FOLLOWER, s2|rpc:localhost:38221|admin:localhost:35175|client:localhost:41405|dataStream:localhost:39599|priority:0|startupRole:FOLLOWER]|listeners:[], old=null
2023-03-07 04:46:02,965 [s1@group-930EDD749F09-LeaderElection2] INFO  impl.LeaderElection (LeaderElection.java:logAndReturn(89)) - s1@group-930EDD749F09-LeaderElection2: ELECTION REJECTED received 2 response(s) and 0 exception(s):
2023-03-07 04:46:02,967 [s1@group-930EDD749F09-LeaderElection2] INFO  impl.LeaderElection (LeaderElection.java:logAndReturn(93)) -   Response 0: s1<-s0#0:FAIL-t1
2023-03-07 04:46:02,967 [s1@group-930EDD749F09-LeaderElection2] INFO  impl.LeaderElection (LeaderElection.java:logAndReturn(93)) -   Response 1: s1<-s2#0:FAIL-t1
2023-03-07 04:46:02,967 [s1@group-930EDD749F09-LeaderElection2] INFO  impl.LeaderElection (LeaderElection.java:askForVotes(311)) - s1@group-930EDD749F09-LeaderElection2 ELECTION round 0: result REJECTED
2023-03-07 04:46:02,967 [s1@group-930EDD749F09-LeaderElection2] INFO  server.RaftServer$Division (RaftServerImpl.java:setRole(329)) - s1@group-930EDD749F09: changes role from CANDIDATE to FOLLOWER at term 1 for REJECTED
2023-03-07 04:46:02,967 [s1@group-930EDD749F09-LeaderElection2] INFO  impl.RoleInfo (RoleInfo.java:shutdownLeaderElection(130)) - s1: shutdown s1@group-930EDD749F09-LeaderElection2
2023-03-07 04:46:02,967 [s1@group-930EDD749F09-LeaderElection2] INFO  impl.RoleInfo (RoleInfo.java:updateAndGet(139)) - s1: start s1@group-930EDD749F09-FollowerState
2023-03-07 04:46:02,968 [grpc-default-executor-5] INFO  server.RaftServer$Division (RaftServerImpl.java:requestVote(1302)) - s1@group-930EDD749F09: receive requestVote(ELECTION, s2, group-930EDD749F09, 1, (t:0, i:0))
2023-03-07 04:46:02,968 [grpc-default-executor-5] INFO  impl.VoteContext (VoteContext.java:log(49)) - s1@group-930EDD749F09-FOLLOWER: reject ELECTION from s2: already has voted for s1 at current term 1
2023-03-07 04:46:02,968 [grpc-default-executor-5] INFO  server.RaftServer$Division (RaftServerImpl.java:requestVote(1335)) - s1@group-930EDD749F09 replies to ELECTION vote request: s2<-s1#0:FAIL-t1. Peer's state: s1@group-930EDD749F09:t1, leader=null, voted=s1, raftlog=Memoized:s1@group-930EDD749F09-SegmentedRaftLog:OPENED:c-1, conf=-1: peers:[s0|rpc:localhost:38811|admin:localhost:45513|client:localhost:45905|dataStream:localhost:43231|priority:0|startupRole:FOLLOWER, s1|rpc:localhost:40897|admin:localhost:44611|client:localhost:41631|dataStream:localhost:37259|priority:0|startupRole:FOLLOWER, s2|rpc:localhost:38221|admin:localhost:35175|client:localhost:41405|dataStream:localhost:39599|priority:0|startupRole:FOLLOWER]|listeners:[], old=null
2023-03-07 04:46:02,970 [s2@group-930EDD749F09-LeaderElection3] INFO  impl.LeaderElection (LeaderElection.java:logAndReturn(89)) - s2@group-930EDD749F09-LeaderElection3: ELECTION REJECTED received 2 response(s) and 0 exception(s):
2023-03-07 04:46:02,970 [s2@group-930EDD749F09-LeaderElection3] INFO  impl.LeaderElection (LeaderElection.java:logAndReturn(93)) -   Response 0: s2<-s0#0:FAIL-t1
2023-03-07 04:46:02,970 [s2@group-930EDD749F09-LeaderElection3] INFO  impl.LeaderElection (LeaderElection.java:logAndReturn(93)) -   Response 1: s2<-s1#0:FAIL-t1
2023-03-07 04:46:02,970 [s2@group-930EDD749F09-LeaderElection3] INFO  impl.LeaderElection (LeaderElection.java:askForVotes(311)) - s2@group-930EDD749F09-LeaderElection3 ELECTION round 0: result REJECTED
2023-03-07 04:46:02,967 [s0@group-930EDD749F09-FollowerState] INFO  server.RaftServerConfigKeys (ConfUtils.java:logFallback(53)) - raft.server.rpc.first-election.timeout.min = 150ms (fallback to raft.server.rpc.timeout.min)
2023-03-07 04:46:02,971 [s2@group-930EDD749F09-LeaderElection3] INFO  server.RaftServer$Division (RaftServerImpl.java:setRole(329)) - s2@group-930EDD749F09: changes role from CANDIDATE to FOLLOWER at term 1 for REJECTED
2023-03-07 04:46:02,971 [s2@group-930EDD749F09-LeaderElection3] INFO  impl.RoleInfo (RoleInfo.java:shutdownLeaderElection(130)) - s2: shutdown s2@group-930EDD749F09-LeaderElection3
2023-03-07 04:46:02,971 [s2@group-930EDD749F09-LeaderElection3] INFO  impl.RoleInfo (RoleInfo.java:updateAndGet(139)) - s2: start s2@group-930EDD749F09-FollowerState
2023-03-07 04:46:02,971 [s0@group-930EDD749F09-FollowerState] INFO  server.RaftServerConfigKeys (ConfUtils.java:logFallback(53)) - raft.server.rpc.first-election.timeout.max = 300ms (fallback to raft.server.rpc.timeout.max)
2023-03-07 04:46:02,968 [s1@group-930EDD749F09-FollowerState] INFO  server.RaftServerConfigKeys (ConfUtils.java:logFallback(53)) - raft.server.rpc.first-election.timeout.min = 150ms (fallback to raft.server.rpc.timeout.min)
2023-03-07 04:46:02,971 [s1@group-930EDD749F09-FollowerState] INFO  server.RaftServerConfigKeys (ConfUtils.java:logFallback(53)) - raft.server.rpc.first-election.timeout.max = 300ms (fallback to raft.server.rpc.timeout.max)
2023-03-07 04:46:02,972 [s2@group-930EDD749F09-FollowerState] INFO  server.RaftServerConfigKeys (ConfUtils.java:logFallback(53)) - raft.server.rpc.first-election.timeout.min = 150ms (fallback to raft.server.rpc.timeout.min)
2023-03-07 04:46:02,972 [s2@group-930EDD749F09-FollowerState] INFO  server.RaftServerConfigKeys (ConfUtils.java:logFallback(53)) - raft.server.rpc.first-election.timeout.max = 300ms (fallback to raft.server.rpc.timeout.max)
2023-03-07 04:46:03,135 [s0@group-930EDD749F09-FollowerState] INFO  impl.FollowerState (FollowerState.java:run(143)) - s0@group-930EDD749F09-FollowerState: change to CANDIDATE, lastRpcElapsedTime:179307268ns, electionTimeout:164ms
2023-03-07 04:46:03,136 [s0@group-930EDD749F09-FollowerState] INFO  impl.RoleInfo (RoleInfo.java:shutdownFollowerState(110)) - s0: shutdown s0@group-930EDD749F09-FollowerState
2023-03-07 04:46:03,136 [s0@group-930EDD749F09-FollowerState] INFO  server.RaftServer$Division (RaftServerImpl.java:setRole(329)) - s0@group-930EDD749F09: changes role from  FOLLOWER to CANDIDATE at term 1 for changeToCandidate
2023-03-07 04:46:03,136 [s0@group-930EDD749F09-FollowerState] INFO  server.RaftServerConfigKeys (ConfUtils.java:logGet(46)) - raft.server.leaderelection.pre-vote = true (default)
2023-03-07 04:46:03,136 [s0@group-930EDD749F09-FollowerState] INFO  impl.RoleInfo (RoleInfo.java:updateAndGet(139)) - s0: start s0@group-930EDD749F09-LeaderElection4
2023-03-07 04:46:03,137 [s0@group-930EDD749F09-LeaderElection4] INFO  impl.LeaderElection (LeaderElection.java:askForVotes(309)) - s0@group-930EDD749F09-LeaderElection4 PRE_VOTE round 0: submit vote requests at term 1 for -1: peers:[s0|rpc:localhost:38811|admin:localhost:45513|client:localhost:45905|dataStream:localhost:43231|priority:0|startupRole:FOLLOWER, s1|rpc:localhost:40897|admin:localhost:44611|client:localhost:41631|dataStream:localhost:37259|priority:0|startupRole:FOLLOWER, s2|rpc:localhost:38221|admin:localhost:35175|client:localhost:41405|dataStream:localhost:39599|priority:0|startupRole:FOLLOWER]|listeners:[], old=null
2023-03-07 04:46:03,137 [s0@group-930EDD749F09-LeaderElection4] INFO  server.RaftServerConfigKeys (ConfUtils.java:logFallback(53)) - raft.server.rpc.first-election.timeout.min = 150ms (fallback to raft.server.rpc.timeout.min)
2023-03-07 04:46:03,137 [s0@group-930EDD749F09-LeaderElection4] INFO  server.RaftServerConfigKeys (ConfUtils.java:logFallback(53)) - raft.server.rpc.first-election.timeout.max = 300ms (fallback to raft.server.rpc.timeout.max)
2023-03-07 04:46:03,142 [grpc-default-executor-5] INFO  server.RaftServer$Division (RaftServerImpl.java:requestVote(1302)) - s2@group-930EDD749F09: receive requestVote(PRE_VOTE, s0, group-930EDD749F09, 1, (t:0, i:0))
2023-03-07 04:46:03,142 [grpc-default-executor-5] INFO  impl.VoteContext (VoteContext.java:log(49)) - s2@group-930EDD749F09-FOLLOWER: accept PRE_VOTE from s0: our priority 0 <= candidate's priority 0
2023-03-07 04:46:03,144 [grpc-default-executor-5] INFO  server.RaftServer$Division (RaftServerImpl.java:requestVote(1335)) - s2@group-930EDD749F09 replies to PRE_VOTE vote request: s0<-s2#0:OK-t1. Peer's state: s2@group-930EDD749F09:t1, leader=null, voted=s2, raftlog=Memoized:s2@group-930EDD749F09-SegmentedRaftLog:OPENED:c-1, conf=-1: peers:[s0|rpc:localhost:38811|admin:localhost:45513|client:localhost:45905|dataStream:localhost:43231|priority:0|startupRole:FOLLOWER, s1|rpc:localhost:40897|admin:localhost:44611|client:localhost:41631|dataStream:localhost:37259|priority:0|startupRole:FOLLOWER, s2|rpc:localhost:38221|admin:localhost:35175|client:localhost:41405|dataStream:localhost:39599|priority:0|startupRole:FOLLOWER]|listeners:[], old=null
2023-03-07 04:46:03,144 [Time-limited test] WARN  ratis.RaftTestUtil (JavaUtils.java:attempt(217)) - FAILED "waitForLeader-null-(expectLeader? true)", attempt #3/100: java.lang.IllegalStateException: No leader yet : printing ALL groups
  s0:  RUNNING CANDIDATE s0@group-930EDD749F09:t1, leader=null, voted=s0, raftlog=Memoized:s0@group-930EDD749F09-SegmentedRaftLog:OPENED:c-1, conf=-1: peers:[s0|rpc:localhost:38811|admin:localhost:45513|client:localhost:45905|dataStream:localhost:43231|priority:0|startupRole:FOLLOWER, s1|rpc:localhost:40897|admin:localhost:44611|client:localhost:41631|dataStream:localhost:37259|priority:0|startupRole:FOLLOWER, s2|rpc:localhost:38221|admin:localhost:35175|client:localhost:41405|dataStream:localhost:39599|priority:0|startupRole:FOLLOWER]|listeners:[], old=null RUNNING
  s1:  RUNNING  FOLLOWER s1@group-930EDD749F09:t1, leader=null, voted=s1, raftlog=Memoized:s1@group-930EDD749F09-SegmentedRaftLog:OPENED:c-1, conf=-1: peers:[s0|rpc:localhost:38811|admin:localhost:45513|client:localhost:45905|dataStream:localhost:43231|priority:0|startupRole:FOLLOWER, s1|rpc:localhost:40897|admin:localhost:44611|client:localhost:41631|dataStream:localhost:37259|priority:0|startupRole:FOLLOWER, s2|rpc:localhost:38221|admin:localhost:35175|client:localhost:41405|dataStream:localhost:39599|priority:0|startupRole:FOLLOWER]|listeners:[], old=null RUNNING
  s2:  RUNNING  FOLLOWER s2@group-930EDD749F09:t1, leader=null, voted=s2, raftlog=Memoized:s2@group-930EDD749F09-SegmentedRaftLog:OPENED:c-1, conf=-1: peers:[s0|rpc:localhost:38811|admin:localhost:45513|client:localhost:45905|dataStream:localhost:43231|priority:0|startupRole:FOLLOWER, s1|rpc:localhost:40897|admin:localhost:44611|client:localhost:41631|dataStream:localhost:37259|priority:0|startupRole:FOLLOWER, s2|rpc:localhost:38221|admin:localhost:35175|client:localhost:41405|dataStream:localhost:39599|priority:0|startupRole:FOLLOWER]|listeners:[], old=null RUNNING, sleep 450ms and then retry.
java.lang.IllegalStateException: No leader yet : printing ALL groups
  s0:  RUNNING CANDIDATE s0@group-930EDD749F09:t1, leader=null, voted=s0, raftlog=Memoized:s0@group-930EDD749F09-SegmentedRaftLog:OPENED:c-1, conf=-1: peers:[s0|rpc:localhost:38811|admin:localhost:45513|client:localhost:45905|dataStream:localhost:43231|priority:0|startupRole:FOLLOWER, s1|rpc:localhost:40897|admin:localhost:44611|client:localhost:41631|dataStream:localhost:37259|priority:0|startupRole:FOLLOWER, s2|rpc:localhost:38221|admin:localhost:35175|client:localhost:41405|dataStream:localhost:39599|priority:0|startupRole:FOLLOWER]|listeners:[], old=null RUNNING
  s1:  RUNNING  FOLLOWER s1@group-930EDD749F09:t1, leader=null, voted=s1, raftlog=Memoized:s1@group-930EDD749F09-SegmentedRaftLog:OPENED:c-1, conf=-1: peers:[s0|rpc:localhost:38811|admin:localhost:45513|client:localhost:45905|dataStream:localhost:43231|priority:0|startupRole:FOLLOWER, s1|rpc:localhost:40897|admin:localhost:44611|client:localhost:41631|dataStream:localhost:37259|priority:0|startupRole:FOLLOWER, s2|rpc:localhost:38221|admin:localhost:35175|client:localhost:41405|dataStream:localhost:39599|priority:0|startupRole:FOLLOWER]|listeners:[], old=null RUNNING
  s2:  RUNNING  FOLLOWER s2@group-930EDD749F09:t1, leader=null, voted=s2, raftlog=Memoized:s2@group-930EDD749F09-SegmentedRaftLog:OPENED:c-1, conf=-1: peers:[s0|rpc:localhost:38811|admin:localhost:45513|client:localhost:45905|dataStream:localhost:43231|priority:0|startupRole:FOLLOWER, s1|rpc:localhost:40897|admin:localhost:44611|client:localhost:41631|dataStream:localhost:37259|priority:0|startupRole:FOLLOWER, s2|rpc:localhost:38221|admin:localhost:35175|client:localhost:41405|dataStream:localhost:39599|priority:0|startupRole:FOLLOWER]|listeners:[], old=null RUNNING
	at org.apache.ratis.server.impl.MiniRaftCluster.newIllegalStateExceptionForNoLeaders(MiniRaftCluster.java:581)
	at org.apache.ratis.RaftTestUtil.lambda$waitForLeader$1(RaftTestUtil.java:104)
	at org.apache.ratis.server.impl.MiniRaftCluster.getLeader(MiniRaftCluster.java:615)
	at org.apache.ratis.server.impl.MiniRaftCluster.getLeader(MiniRaftCluster.java:608)
	at org.apache.ratis.RaftTestUtil.lambda$waitForLeader$3(RaftTestUtil.java:112)
	at org.apache.ratis.util.JavaUtils.attempt(JavaUtils.java:211)
	at org.apache.ratis.util.JavaUtils.attemptRepeatedly(JavaUtils.java:197)
	at org.apache.ratis.RaftTestUtil.waitForLeader(RaftTestUtil.java:111)
	at org.apache.ratis.RaftTestUtil.waitForLeader(RaftTestUtil.java:92)
	at org.apache.ratis.RaftTestUtil.waitForLeader(RaftTestUtil.java:87)
	at org.apache.ratis.server.impl.StateMachineShutdownTests.testStateMachineShutdownWaitsForApplyTxn(StateMachineShutdownTests.java:79)
	at java.base/jdk.internal.reflect.NativeMethodAccessorImpl.invoke0(Native Method)
	at java.base/jdk.internal.reflect.NativeMethodAccessorImpl.invoke(NativeMethodAccessorImpl.java:62)
	at java.base/jdk.internal.reflect.DelegatingMethodAccessorImpl.invoke(DelegatingMethodAccessorImpl.java:43)
	at java.base/java.lang.reflect.Method.invoke(Method.java:566)
	at org.junit.runners.model.FrameworkMethod$1.runReflectiveCall(FrameworkMethod.java:59)
	at org.junit.internal.runners.model.ReflectiveCallable.run(ReflectiveCallable.java:12)
	at org.junit.runners.model.FrameworkMethod.invokeExplosively(FrameworkMethod.java:56)
	at org.junit.internal.runners.statements.InvokeMethod.evaluate(InvokeMethod.java:17)
	at org.junit.internal.runners.statements.RunAfters.evaluate(RunAfters.java:27)
	at org.junit.internal.runners.statements.FailOnTimeout$CallableStatement.call(FailOnTimeout.java:299)
	at org.junit.internal.runners.statements.FailOnTimeout$CallableStatement.call(FailOnTimeout.java:293)
	at java.base/java.util.concurrent.FutureTask.run(FutureTask.java:264)
	at java.base/java.lang.Thread.run(Thread.java:829)
2023-03-07 04:46:03,146 [grpc-default-executor-1] INFO  server.RaftServer$Division (RaftServerImpl.java:requestVote(1302)) - s1@group-930EDD749F09: receive requestVote(PRE_VOTE, s0, group-930EDD749F09, 1, (t:0, i:0))
2023-03-07 04:46:03,146 [grpc-default-executor-1] INFO  impl.VoteContext (VoteContext.java:log(49)) - s1@group-930EDD749F09-FOLLOWER: accept PRE_VOTE from s0: our priority 0 <= candidate's priority 0
2023-03-07 04:46:03,146 [grpc-default-executor-1] INFO  server.RaftServer$Division (RaftServerImpl.java:requestVote(1335)) - s1@group-930EDD749F09 replies to PRE_VOTE vote request: s0<-s1#0:OK-t1. Peer's state: s1@group-930EDD749F09:t1, leader=null, voted=s1, raftlog=Memoized:s1@group-930EDD749F09-SegmentedRaftLog:OPENED:c-1, conf=-1: peers:[s0|rpc:localhost:38811|admin:localhost:45513|client:localhost:45905|dataStream:localhost:43231|priority:0|startupRole:FOLLOWER, s1|rpc:localhost:40897|admin:localhost:44611|client:localhost:41631|dataStream:localhost:37259|priority:0|startupRole:FOLLOWER, s2|rpc:localhost:38221|admin:localhost:35175|client:localhost:41405|dataStream:localhost:39599|priority:0|startupRole:FOLLOWER]|listeners:[], old=null
2023-03-07 04:46:03,151 [s0@group-930EDD749F09-LeaderElection4] INFO  impl.LeaderElection (LeaderElection.java:logAndReturn(89)) - s0@group-930EDD749F09-LeaderElection4: PRE_VOTE PASSED received 1 response(s) and 0 exception(s):
2023-03-07 04:46:03,152 [s0@group-930EDD749F09-LeaderElection4] INFO  impl.LeaderElection (LeaderElection.java:logAndReturn(93)) -   Response 0: s0<-s2#0:OK-t1
2023-03-07 04:46:03,152 [s0@group-930EDD749F09-LeaderElection4] INFO  impl.LeaderElection (LeaderElection.java:askForVotes(311)) - s0@group-930EDD749F09-LeaderElection4 PRE_VOTE round 0: result PASSED
2023-03-07 04:46:03,163 [s1@group-930EDD749F09-FollowerState] INFO  server.RaftServerConfigKeys (ConfUtils.java:logFallback(53)) - raft.server.rpc.first-election.timeout.min = 150ms (fallback to raft.server.rpc.timeout.min)
2023-03-07 04:46:03,163 [s1@group-930EDD749F09-FollowerState] INFO  server.RaftServerConfigKeys (ConfUtils.java:logFallback(53)) - raft.server.rpc.first-election.timeout.max = 300ms (fallback to raft.server.rpc.timeout.max)
2023-03-07 04:46:03,212 [s2@group-930EDD749F09-FollowerState] INFO  server.RaftServerConfigKeys (ConfUtils.java:logFallback(53)) - raft.server.rpc.first-election.timeout.min = 150ms (fallback to raft.server.rpc.timeout.min)
2023-03-07 04:46:03,212 [s2@group-930EDD749F09-FollowerState] INFO  server.RaftServerConfigKeys (ConfUtils.java:logFallback(53)) - raft.server.rpc.first-election.timeout.max = 300ms (fallback to raft.server.rpc.timeout.max)
2023-03-07 04:46:03,214 [s0@group-930EDD749F09-LeaderElection4] INFO  impl.LeaderElection (LeaderElection.java:askForVotes(309)) - s0@group-930EDD749F09-LeaderElection4 ELECTION round 0: submit vote requests at term 2 for -1: peers:[s0|rpc:localhost:38811|admin:localhost:45513|client:localhost:45905|dataStream:localhost:43231|priority:0|startupRole:FOLLOWER, s1|rpc:localhost:40897|admin:localhost:44611|client:localhost:41631|dataStream:localhost:37259|priority:0|startupRole:FOLLOWER, s2|rpc:localhost:38221|admin:localhost:35175|client:localhost:41405|dataStream:localhost:39599|priority:0|startupRole:FOLLOWER]|listeners:[], old=null
2023-03-07 04:46:03,215 [s0@group-930EDD749F09-LeaderElection4] INFO  server.RaftServerConfigKeys (ConfUtils.java:logFallback(53)) - raft.server.rpc.first-election.timeout.min = 150ms (fallback to raft.server.rpc.timeout.min)
2023-03-07 04:46:03,215 [s0@group-930EDD749F09-LeaderElection4] INFO  server.RaftServerConfigKeys (ConfUtils.java:logFallback(53)) - raft.server.rpc.first-election.timeout.max = 300ms (fallback to raft.server.rpc.timeout.max)
2023-03-07 04:46:03,217 [grpc-default-executor-5] INFO  server.RaftServer$Division (RaftServerImpl.java:requestVote(1302)) - s1@group-930EDD749F09: receive requestVote(ELECTION, s0, group-930EDD749F09, 2, (t:0, i:0))
2023-03-07 04:46:03,217 [grpc-default-executor-5] INFO  impl.VoteContext (VoteContext.java:log(49)) - s1@group-930EDD749F09-FOLLOWER: accept ELECTION from s0: our priority 0 <= candidate's priority 0
2023-03-07 04:46:03,217 [grpc-default-executor-5] INFO  server.RaftServer$Division (RaftServerImpl.java:setRole(329)) - s1@group-930EDD749F09: changes role from  FOLLOWER to FOLLOWER at term 2 for candidate:s0
2023-03-07 04:46:03,217 [grpc-default-executor-5] INFO  impl.RoleInfo (RoleInfo.java:shutdownFollowerState(110)) - s1: shutdown s1@group-930EDD749F09-FollowerState
2023-03-07 04:46:03,217 [grpc-default-executor-5] INFO  impl.RoleInfo (RoleInfo.java:updateAndGet(139)) - s1: start s1@group-930EDD749F09-FollowerState
2023-03-07 04:46:03,217 [s1@group-930EDD749F09-FollowerState] INFO  impl.FollowerState (FollowerState.java:run(152)) - s1@group-930EDD749F09-FollowerState was interrupted
2023-03-07 04:46:03,221 [grpc-default-executor-5] INFO  server.RaftServer$Division (RaftServerImpl.java:requestVote(1335)) - s1@group-930EDD749F09 replies to ELECTION vote request: s0<-s1#0:OK-t2. Peer's state: s1@group-930EDD749F09:t2, leader=null, voted=s0, raftlog=Memoized:s1@group-930EDD749F09-SegmentedRaftLog:OPENED:c-1, conf=-1: peers:[s0|rpc:localhost:38811|admin:localhost:45513|client:localhost:45905|dataStream:localhost:43231|priority:0|startupRole:FOLLOWER, s1|rpc:localhost:40897|admin:localhost:44611|client:localhost:41631|dataStream:localhost:37259|priority:0|startupRole:FOLLOWER, s2|rpc:localhost:38221|admin:localhost:35175|client:localhost:41405|dataStream:localhost:39599|priority:0|startupRole:FOLLOWER]|listeners:[], old=null
2023-03-07 04:46:03,226 [grpc-default-executor-1] INFO  server.RaftServer$Division (RaftServerImpl.java:requestVote(1302)) - s2@group-930EDD749F09: receive requestVote(ELECTION, s0, group-930EDD749F09, 2, (t:0, i:0))
2023-03-07 04:46:03,227 [grpc-default-executor-1] INFO  impl.VoteContext (VoteContext.java:log(49)) - s2@group-930EDD749F09-FOLLOWER: accept ELECTION from s0: our priority 0 <= candidate's priority 0
2023-03-07 04:46:03,227 [grpc-default-executor-1] INFO  server.RaftServer$Division (RaftServerImpl.java:setRole(329)) - s2@group-930EDD749F09: changes role from  FOLLOWER to FOLLOWER at term 2 for candidate:s0
2023-03-07 04:46:03,227 [grpc-default-executor-1] INFO  impl.RoleInfo (RoleInfo.java:shutdownFollowerState(110)) - s2: shutdown s2@group-930EDD749F09-FollowerState
2023-03-07 04:46:03,227 [grpc-default-executor-1] INFO  impl.RoleInfo (RoleInfo.java:updateAndGet(139)) - s2: start s2@group-930EDD749F09-FollowerState
2023-03-07 04:46:03,227 [s2@group-930EDD749F09-FollowerState] INFO  impl.FollowerState (FollowerState.java:run(152)) - s2@group-930EDD749F09-FollowerState was interrupted
2023-03-07 04:46:03,232 [s0@group-930EDD749F09-LeaderElection4] INFO  impl.LeaderElection (LeaderElection.java:logAndReturn(89)) - s0@group-930EDD749F09-LeaderElection4: ELECTION PASSED received 1 response(s) and 0 exception(s):
2023-03-07 04:46:03,232 [s0@group-930EDD749F09-LeaderElection4] INFO  impl.LeaderElection (LeaderElection.java:logAndReturn(93)) -   Response 0: s0<-s1#0:OK-t2
2023-03-07 04:46:03,233 [s0@group-930EDD749F09-LeaderElection4] INFO  impl.LeaderElection (LeaderElection.java:askForVotes(311)) - s0@group-930EDD749F09-LeaderElection4 ELECTION round 0: result PASSED
2023-03-07 04:46:03,233 [s0@group-930EDD749F09-LeaderElection4] INFO  impl.RoleInfo (RoleInfo.java:shutdownLeaderElection(130)) - s0: shutdown s0@group-930EDD749F09-LeaderElection4
2023-03-07 04:46:03,233 [s1@group-930EDD749F09-FollowerState] INFO  server.RaftServerConfigKeys (ConfUtils.java:logFallback(53)) - raft.server.rpc.first-election.timeout.min = 150ms (fallback to raft.server.rpc.timeout.min)
2023-03-07 04:46:03,233 [s0@group-930EDD749F09-LeaderElection4] INFO  server.RaftServer$Division (RaftServerImpl.java:setRole(329)) - s0@group-930EDD749F09: changes role from CANDIDATE to LEADER at term 2 for changeToLeader
2023-03-07 04:46:03,233 [s0@group-930EDD749F09-LeaderElection4] INFO  server.RaftServer$Division (ServerState.java:setLeader(260)) - s0@group-930EDD749F09: change Leader from null to s0 at term 2 for becomeLeader, leader elected after 1400ms
2023-03-07 04:46:03,233 [s1@group-930EDD749F09-FollowerState] INFO  server.RaftServerConfigKeys (ConfUtils.java:logFallback(53)) - raft.server.rpc.first-election.timeout.max = 300ms (fallback to raft.server.rpc.timeout.max)
2023-03-07 04:46:03,234 [s2@group-930EDD749F09-FollowerState] INFO  server.RaftServerConfigKeys (ConfUtils.java:logFallback(53)) - raft.server.rpc.first-election.timeout.min = 150ms (fallback to raft.server.rpc.timeout.min)
2023-03-07 04:46:03,234 [s2@group-930EDD749F09-FollowerState] INFO  server.RaftServerConfigKeys (ConfUtils.java:logFallback(53)) - raft.server.rpc.first-election.timeout.max = 300ms (fallback to raft.server.rpc.timeout.max)
2023-03-07 04:46:03,236 [grpc-default-executor-1] INFO  server.RaftServer$Division (RaftServerImpl.java:requestVote(1335)) - s2@group-930EDD749F09 replies to ELECTION vote request: s0<-s2#0:OK-t2. Peer's state: s2@group-930EDD749F09:t2, leader=null, voted=s0, raftlog=Memoized:s2@group-930EDD749F09-SegmentedRaftLog:OPENED:c-1, conf=-1: peers:[s0|rpc:localhost:38811|admin:localhost:45513|client:localhost:45905|dataStream:localhost:43231|priority:0|startupRole:FOLLOWER, s1|rpc:localhost:40897|admin:localhost:44611|client:localhost:41631|dataStream:localhost:37259|priority:0|startupRole:FOLLOWER, s2|rpc:localhost:38221|admin:localhost:35175|client:localhost:41405|dataStream:localhost:39599|priority:0|startupRole:FOLLOWER]|listeners:[], old=null
2023-03-07 04:46:03,238 [s0@group-930EDD749F09-LeaderElection4] INFO  server.RaftServerConfigKeys (ConfUtils.java:logGet(46)) - raft.server.staging.catchup.gap = 1000 (default)
2023-03-07 04:46:03,241 [s0@group-930EDD749F09-LeaderElection4] INFO  server.RaftServerConfigKeys (ConfUtils.java:logGet(46)) - raft.server.write.element-limit = 4096 (default)
2023-03-07 04:46:03,242 [s0@group-930EDD749F09-LeaderElection4] INFO  server.RaftServerConfigKeys (ConfUtils.java:logGet(46)) - raft.server.write.byte-limit = 64MB (=67108864) (default)
2023-03-07 04:46:03,244 [s0@group-930EDD749F09-LeaderElection4] INFO  server.RaftServerConfigKeys (ConfUtils.java:logGet(46)) - raft.server.watch.timeout = 10s (default)
2023-03-07 04:46:03,244 [s0@group-930EDD749F09-LeaderElection4] INFO  server.RaftServerConfigKeys (ConfUtils.java:logGet(46)) - raft.server.watch.timeout.denomination = 1s (default)
2023-03-07 04:46:03,245 [s0@group-930EDD749F09-LeaderElection4] INFO  server.RaftServerConfigKeys (ConfUtils.java:logGet(46)) - raft.server.watch.element-limit = 65536 (default)
2023-03-07 04:46:03,249 [s0@group-930EDD749F09-LeaderElection4] INFO  server.RaftServerConfigKeys (ConfUtils.java:logGet(46)) - raft.server.write.element-limit = 4096 (default)
2023-03-07 04:46:03,250 [s0@group-930EDD749F09-LeaderElection4] INFO  server.RaftServerConfigKeys (ConfUtils.java:logGet(46)) - raft.server.write.follower.gap.ratio.max = -1.0 (default)
2023-03-07 04:46:03,257 [s0@group-930EDD749F09-LeaderElection4] INFO  server.RaftServerConfigKeys (ConfUtils.java:logGet(46)) - raft.server.log.appender.snapshot.chunk.size.max = 16MB (=16777216) (default)
2023-03-07 04:46:03,257 [s0@group-930EDD749F09-LeaderElection4] INFO  server.RaftServerConfigKeys (ConfUtils.java:logGet(46)) - raft.server.log.appender.buffer.byte-limit = 4MB (=4194304) (default)
2023-03-07 04:46:03,257 [s0@group-930EDD749F09-LeaderElection4] INFO  server.RaftServerConfigKeys (ConfUtils.java:logGet(46)) - raft.server.log.appender.buffer.element-limit = 0 (default)
2023-03-07 04:46:03,259 [s0@group-930EDD749F09-LeaderElection4] INFO  server.RaftServerConfigKeys (ConfUtils.java:logGet(46)) - raft.server.log.appender.wait-time.min = 10ms (default)
2023-03-07 04:46:03,261 [s0@group-930EDD749F09-LeaderElection4] INFO  grpc.GrpcConfigKeys (ConfUtils.java:logGet(46)) - raft.grpc.server.leader.outstanding.appends.max = 128 (default)
2023-03-07 04:46:03,262 [s0@group-930EDD749F09-LeaderElection4] INFO  server.RaftServerConfigKeys (ConfUtils.java:logGet(46)) - raft.server.rpc.request.timeout = 3000ms (default)
2023-03-07 04:46:03,262 [s0@group-930EDD749F09-LeaderElection4] INFO  server.RaftServerConfigKeys (ConfUtils.java:logGet(46)) - raft.server.log.appender.install.snapshot.enabled = true (default)
2023-03-07 04:46:03,262 [s0@group-930EDD749F09-LeaderElection4] INFO  grpc.GrpcConfigKeys (ConfUtils.java:logGet(46)) - raft.grpc.server.heartbeat.channel = true (default)
2023-03-07 04:46:03,264 [s0@group-930EDD749F09-LeaderElection4] INFO  server.RaftServerConfigKeys (ConfUtils.java:logGet(46)) - raft.server.log.appender.snapshot.chunk.size.max = 16MB (=16777216) (default)
2023-03-07 04:46:03,264 [s0@group-930EDD749F09-LeaderElection4] INFO  server.RaftServerConfigKeys (ConfUtils.java:logGet(46)) - raft.server.log.appender.buffer.byte-limit = 4MB (=4194304) (default)
2023-03-07 04:46:03,264 [s0@group-930EDD749F09-LeaderElection4] INFO  server.RaftServerConfigKeys (ConfUtils.java:logGet(46)) - raft.server.log.appender.buffer.element-limit = 0 (default)
2023-03-07 04:46:03,264 [s0@group-930EDD749F09-LeaderElection4] INFO  server.RaftServerConfigKeys (ConfUtils.java:logGet(46)) - raft.server.log.appender.wait-time.min = 10ms (default)
2023-03-07 04:46:03,264 [s0@group-930EDD749F09-LeaderElection4] INFO  grpc.GrpcConfigKeys (ConfUtils.java:logGet(46)) - raft.grpc.server.leader.outstanding.appends.max = 128 (default)
2023-03-07 04:46:03,264 [s0@group-930EDD749F09-LeaderElection4] INFO  server.RaftServerConfigKeys (ConfUtils.java:logGet(46)) - raft.server.rpc.request.timeout = 3000ms (default)
2023-03-07 04:46:03,264 [s0@group-930EDD749F09-LeaderElection4] INFO  server.RaftServerConfigKeys (ConfUtils.java:logGet(46)) - raft.server.log.appender.install.snapshot.enabled = true (default)
2023-03-07 04:46:03,264 [s0@group-930EDD749F09-LeaderElection4] INFO  grpc.GrpcConfigKeys (ConfUtils.java:logGet(46)) - raft.grpc.server.heartbeat.channel = true (default)
2023-03-07 04:46:03,265 [s0@group-930EDD749F09-LeaderElection4] INFO  impl.RoleInfo (RoleInfo.java:updateAndGet(139)) - s0: start s0@group-930EDD749F09-LeaderStateImpl
2023-03-07 04:46:03,284 [s0@group-930EDD749F09-LeaderElection4] INFO  segmented.SegmentedRaftLogWorker (SegmentedRaftLogWorker.java:startLogSegment(426)) - s0@group-930EDD749F09-SegmentedRaftLogWorker: Starting segment from index:0
2023-03-07 04:46:03,334 [s0@group-930EDD749F09-LeaderElection4] INFO  server.RaftServer$Division (ServerState.java:setRaftConf(378)) - s0@group-930EDD749F09: set configuration 0: peers:[s0|rpc:localhost:38811|admin:localhost:45513|client:localhost:45905|dataStream:localhost:43231|priority:0|startupRole:FOLLOWER, s1|rpc:localhost:40897|admin:localhost:44611|client:localhost:41631|dataStream:localhost:37259|priority:0|startupRole:FOLLOWER, s2|rpc:localhost:38221|admin:localhost:35175|client:localhost:41405|dataStream:localhost:39599|priority:0|startupRole:FOLLOWER]|listeners:[], old=null
2023-03-07 04:46:03,366 [s2-server-thread1] INFO  server.RaftServer$Division (ServerState.java:setLeader(260)) - s2@group-930EDD749F09: change Leader from null to s0 at term 2 for appendEntries, leader elected after 1522ms
2023-03-07 04:46:03,383 [s2-server-thread2] INFO  server.RaftServer$Division (ServerState.java:setRaftConf(378)) - s2@group-930EDD749F09: set configuration 0: peers:[s0|rpc:localhost:38811|admin:localhost:45513|client:localhost:45905|dataStream:localhost:43231|priority:0|startupRole:FOLLOWER, s1|rpc:localhost:40897|admin:localhost:44611|client:localhost:41631|dataStream:localhost:37259|priority:0|startupRole:FOLLOWER, s2|rpc:localhost:38221|admin:localhost:35175|client:localhost:41405|dataStream:localhost:39599|priority:0|startupRole:FOLLOWER]|listeners:[], old=null
2023-03-07 04:46:03,384 [s2-server-thread2] INFO  segmented.SegmentedRaftLogWorker (SegmentedRaftLogWorker.java:startLogSegment(426)) - s2@group-930EDD749F09-SegmentedRaftLogWorker: Starting segment from index:0
2023-03-07 04:46:03,385 [s1@group-930EDD749F09-FollowerState] INFO  impl.FollowerState (FollowerState.java:run(143)) - s1@group-930EDD749F09-FollowerState: change to CANDIDATE, lastRpcElapsedTime:164543198ns, electionTimeout:151ms
2023-03-07 04:46:03,386 [s1@group-930EDD749F09-FollowerState] INFO  impl.RoleInfo (RoleInfo.java:shutdownFollowerState(110)) - s1: shutdown s1@group-930EDD749F09-FollowerState
2023-03-07 04:46:03,386 [s1@group-930EDD749F09-FollowerState] INFO  server.RaftServer$Division (RaftServerImpl.java:setRole(329)) - s1@group-930EDD749F09: changes role from  FOLLOWER to CANDIDATE at term 2 for changeToCandidate
2023-03-07 04:46:03,386 [s1@group-930EDD749F09-FollowerState] INFO  server.RaftServerConfigKeys (ConfUtils.java:logGet(46)) - raft.server.leaderelection.pre-vote = true (default)
2023-03-07 04:46:03,386 [s1@group-930EDD749F09-FollowerState] INFO  impl.RoleInfo (RoleInfo.java:updateAndGet(139)) - s1: start s1@group-930EDD749F09-LeaderElection5
2023-03-07 04:46:03,397 [s1@group-930EDD749F09-LeaderElection5] INFO  impl.LeaderElection (LeaderElection.java:askForVotes(309)) - s1@group-930EDD749F09-LeaderElection5 PRE_VOTE round 0: submit vote requests at term 2 for -1: peers:[s0|rpc:localhost:38811|admin:localhost:45513|client:localhost:45905|dataStream:localhost:43231|priority:0|startupRole:FOLLOWER, s1|rpc:localhost:40897|admin:localhost:44611|client:localhost:41631|dataStream:localhost:37259|priority:0|startupRole:FOLLOWER, s2|rpc:localhost:38221|admin:localhost:35175|client:localhost:41405|dataStream:localhost:39599|priority:0|startupRole:FOLLOWER]|listeners:[], old=null
2023-03-07 04:46:03,415 [s1@group-930EDD749F09-LeaderElection5] INFO  server.RaftServerConfigKeys (ConfUtils.java:logFallback(53)) - raft.server.rpc.first-election.timeout.min = 150ms (fallback to raft.server.rpc.timeout.min)
2023-03-07 04:46:03,415 [s1@group-930EDD749F09-LeaderElection5] INFO  server.RaftServerConfigKeys (ConfUtils.java:logFallback(53)) - raft.server.rpc.first-election.timeout.max = 300ms (fallback to raft.server.rpc.timeout.max)
2023-03-07 04:46:03,422 [grpc-default-executor-4] INFO  server.RaftServer$Division (RaftServerImpl.java:requestVote(1302)) - s0@group-930EDD749F09: receive requestVote(PRE_VOTE, s1, group-930EDD749F09, 2, (t:0, i:0))
2023-03-07 04:46:03,423 [grpc-default-executor-4] INFO  impl.VoteContext (VoteContext.java:log(49)) - s0@group-930EDD749F09-LEADER: reject PRE_VOTE from s1: this server is the leader and still has leadership
2023-03-07 04:46:03,423 [grpc-default-executor-4] INFO  server.RaftServer$Division (RaftServerImpl.java:requestVote(1335)) - s0@group-930EDD749F09 replies to PRE_VOTE vote request: s1<-s0#0:FAIL-t2. Peer's state: s0@group-930EDD749F09:t2, leader=s0, voted=s0, raftlog=Memoized:s0@group-930EDD749F09-SegmentedRaftLog:OPENED:c-1, conf=0: peers:[s0|rpc:localhost:38811|admin:localhost:45513|client:localhost:45905|dataStream:localhost:43231|priority:0|startupRole:FOLLOWER, s1|rpc:localhost:40897|admin:localhost:44611|client:localhost:41631|dataStream:localhost:37259|priority:0|startupRole:FOLLOWER, s2|rpc:localhost:38221|admin:localhost:35175|client:localhost:41405|dataStream:localhost:39599|priority:0|startupRole:FOLLOWER]|listeners:[], old=null
2023-03-07 04:46:03,426 [grpc-default-executor-2] INFO  server.RaftServer$Division (RaftServerImpl.java:requestVote(1302)) - s2@group-930EDD749F09: receive requestVote(PRE_VOTE, s1, group-930EDD749F09, 2, (t:0, i:0))
2023-03-07 04:46:03,426 [grpc-default-executor-2] INFO  impl.VoteContext (VoteContext.java:log(49)) - s2@group-930EDD749F09-FOLLOWER: reject PRE_VOTE from s1: this server is a follower and still has a valid leader s0
2023-03-07 04:46:03,426 [grpc-default-executor-2] INFO  server.RaftServer$Division (RaftServerImpl.java:requestVote(1335)) - s2@group-930EDD749F09 replies to PRE_VOTE vote request: s1<-s2#0:FAIL-t2. Peer's state: s2@group-930EDD749F09:t2, leader=s0, voted=s0, raftlog=Memoized:s2@group-930EDD749F09-SegmentedRaftLog:OPENED:c-1, conf=0: peers:[s0|rpc:localhost:38811|admin:localhost:45513|client:localhost:45905|dataStream:localhost:43231|priority:0|startupRole:FOLLOWER, s1|rpc:localhost:40897|admin:localhost:44611|client:localhost:41631|dataStream:localhost:37259|priority:0|startupRole:FOLLOWER, s2|rpc:localhost:38221|admin:localhost:35175|client:localhost:41405|dataStream:localhost:39599|priority:0|startupRole:FOLLOWER]|listeners:[], old=null
2023-03-07 04:46:03,431 [s1@group-930EDD749F09-LeaderElection5] INFO  impl.LeaderElection (LeaderElection.java:logAndReturn(89)) - s1@group-930EDD749F09-LeaderElection5: PRE_VOTE REJECTED received 2 response(s) and 0 exception(s):
2023-03-07 04:46:03,431 [s1@group-930EDD749F09-LeaderElection5] INFO  impl.LeaderElection (LeaderElection.java:logAndReturn(93)) -   Response 0: s1<-s0#0:FAIL-t2
2023-03-07 04:46:03,431 [s1@group-930EDD749F09-LeaderElection5] INFO  impl.LeaderElection (LeaderElection.java:logAndReturn(93)) -   Response 1: s1<-s2#0:FAIL-t2
2023-03-07 04:46:03,431 [s1@group-930EDD749F09-LeaderElection5] INFO  impl.LeaderElection (LeaderElection.java:askForVotes(311)) - s1@group-930EDD749F09-LeaderElection5 PRE_VOTE round 0: result REJECTED
2023-03-07 04:46:03,431 [s1@group-930EDD749F09-LeaderElection5] INFO  server.RaftServer$Division (RaftServerImpl.java:setRole(329)) - s1@group-930EDD749F09: changes role from CANDIDATE to FOLLOWER at term 2 for REJECTED
2023-03-07 04:46:03,431 [s1@group-930EDD749F09-LeaderElection5] INFO  impl.RoleInfo (RoleInfo.java:shutdownLeaderElection(130)) - s1: shutdown s1@group-930EDD749F09-LeaderElection5
2023-03-07 04:46:03,431 [s1@group-930EDD749F09-LeaderElection5] INFO  impl.RoleInfo (RoleInfo.java:updateAndGet(139)) - s1: start s1@group-930EDD749F09-FollowerState
2023-03-07 04:46:03,440 [s1-server-thread2] INFO  server.RaftServer$Division (ServerState.java:setLeader(260)) - s1@group-930EDD749F09: change Leader from null to s0 at term 2 for appendEntries, leader elected after 1589ms
2023-03-07 04:46:03,469 [s1-server-thread1] INFO  server.RaftServer$Division (ServerState.java:setRaftConf(378)) - s1@group-930EDD749F09: set configuration 0: peers:[s0|rpc:localhost:38811|admin:localhost:45513|client:localhost:45905|dataStream:localhost:43231|priority:0|startupRole:FOLLOWER, s1|rpc:localhost:40897|admin:localhost:44611|client:localhost:41631|dataStream:localhost:37259|priority:0|startupRole:FOLLOWER, s2|rpc:localhost:38221|admin:localhost:35175|client:localhost:41405|dataStream:localhost:39599|priority:0|startupRole:FOLLOWER]|listeners:[], old=null
2023-03-07 04:46:03,469 [s1-server-thread1] INFO  segmented.SegmentedRaftLogWorker (SegmentedRaftLogWorker.java:startLogSegment(426)) - s1@group-930EDD749F09-SegmentedRaftLogWorker: Starting segment from index:0
2023-03-07 04:46:03,581 [s0@group-930EDD749F09-SegmentedRaftLogWorker] INFO  segmented.SegmentedRaftLogWorker (SegmentedRaftLogWorker.java:execute(630)) - s0@group-930EDD749F09-SegmentedRaftLogWorker: created new log segment /home/runner/work/ratis/ratis/ratis-test/target/test/data/5829c95/MiniRaftClusterWithGrpc36c52e3b/s0/4a51f51a-3db0-4d96-b2c8-930edd749f09/current/log_inprogress_0
2023-03-07 04:46:03,596 [Time-limited test] WARN  ratis.RaftTestUtil (JavaUtils.java:attempt(217)) - FAILED "waitForLeader-null-(expectLeader? true)", attempt #4/100: java.lang.IllegalStateException: Leader: s0@group-930EDD749F09 not ready, sleep 450ms and then retry.
java.lang.IllegalStateException: Leader: s0@group-930EDD749F09 not ready
	at org.apache.ratis.RaftTestUtil.lambda$waitForLeader$3(RaftTestUtil.java:114)
	at org.apache.ratis.util.JavaUtils.attempt(JavaUtils.java:211)
	at org.apache.ratis.util.JavaUtils.attemptRepeatedly(JavaUtils.java:197)
	at org.apache.ratis.RaftTestUtil.waitForLeader(RaftTestUtil.java:111)
	at org.apache.ratis.RaftTestUtil.waitForLeader(RaftTestUtil.java:92)
	at org.apache.ratis.RaftTestUtil.waitForLeader(RaftTestUtil.java:87)
	at org.apache.ratis.server.impl.StateMachineShutdownTests.testStateMachineShutdownWaitsForApplyTxn(StateMachineShutdownTests.java:79)
	at java.base/jdk.internal.reflect.NativeMethodAccessorImpl.invoke0(Native Method)
	at java.base/jdk.internal.reflect.NativeMethodAccessorImpl.invoke(NativeMethodAccessorImpl.java:62)
	at java.base/jdk.internal.reflect.DelegatingMethodAccessorImpl.invoke(DelegatingMethodAccessorImpl.java:43)
	at java.base/java.lang.reflect.Method.invoke(Method.java:566)
	at org.junit.runners.model.FrameworkMethod$1.runReflectiveCall(FrameworkMethod.java:59)
	at org.junit.internal.runners.model.ReflectiveCallable.run(ReflectiveCallable.java:12)
	at org.junit.runners.model.FrameworkMethod.invokeExplosively(FrameworkMethod.java:56)
	at org.junit.internal.runners.statements.InvokeMethod.evaluate(InvokeMethod.java:17)
	at org.junit.internal.runners.statements.RunAfters.evaluate(RunAfters.java:27)
	at org.junit.internal.runners.statements.FailOnTimeout$CallableStatement.call(FailOnTimeout.java:299)
	at org.junit.internal.runners.statements.FailOnTimeout$CallableStatement.call(FailOnTimeout.java:293)
	at java.base/java.util.concurrent.FutureTask.run(FutureTask.java:264)
	at java.base/java.lang.Thread.run(Thread.java:829)
2023-03-07 04:46:03,740 [s2@group-930EDD749F09-SegmentedRaftLogWorker] INFO  segmented.SegmentedRaftLogWorker (SegmentedRaftLogWorker.java:execute(630)) - s2@group-930EDD749F09-SegmentedRaftLogWorker: created new log segment /home/runner/work/ratis/ratis/ratis-test/target/test/data/5829c95/MiniRaftClusterWithGrpc36c52e3b/s2/4a51f51a-3db0-4d96-b2c8-930edd749f09/current/log_inprogress_0
2023-03-07 04:46:03,741 [s1@group-930EDD749F09-SegmentedRaftLogWorker] INFO  segmented.SegmentedRaftLogWorker (SegmentedRaftLogWorker.java:execute(630)) - s1@group-930EDD749F09-SegmentedRaftLogWorker: created new log segment /home/runner/work/ratis/ratis/ratis-test/target/test/data/5829c95/MiniRaftClusterWithGrpc36c52e3b/s1/4a51f51a-3db0-4d96-b2c8-930edd749f09/current/log_inprogress_0
2023-03-07 04:46:04,047 [Time-limited test] INFO  ratis.RaftTestUtil (RaftTestUtil.java:waitForLeader(119)) - printing ALL groups
  s0:  RUNNING    LEADER s0@group-930EDD749F09:t2, leader=s0, voted=s0, raftlog=Memoized:s0@group-930EDD749F09-SegmentedRaftLog:OPENED:c0, conf=0: peers:[s0|rpc:localhost:38811|admin:localhost:45513|client:localhost:45905|dataStream:localhost:43231|priority:0|startupRole:FOLLOWER, s1|rpc:localhost:40897|admin:localhost:44611|client:localhost:41631|dataStream:localhost:37259|priority:0|startupRole:FOLLOWER, s2|rpc:localhost:38221|admin:localhost:35175|client:localhost:41405|dataStream:localhost:39599|priority:0|startupRole:FOLLOWER]|listeners:[], old=null RUNNING
  s1:  RUNNING  FOLLOWER s1@group-930EDD749F09:t2, leader=s0, voted=s0, raftlog=Memoized:s1@group-930EDD749F09-SegmentedRaftLog:OPENED:c0, conf=0: peers:[s0|rpc:localhost:38811|admin:localhost:45513|client:localhost:45905|dataStream:localhost:43231|priority:0|startupRole:FOLLOWER, s1|rpc:localhost:40897|admin:localhost:44611|client:localhost:41631|dataStream:localhost:37259|priority:0|startupRole:FOLLOWER, s2|rpc:localhost:38221|admin:localhost:35175|client:localhost:41405|dataStream:localhost:39599|priority:0|startupRole:FOLLOWER]|listeners:[], old=null RUNNING
  s2:  RUNNING  FOLLOWER s2@group-930EDD749F09:t2, leader=s0, voted=s0, raftlog=Memoized:s2@group-930EDD749F09-SegmentedRaftLog:OPENED:c0, conf=0: peers:[s0|rpc:localhost:38811|admin:localhost:45513|client:localhost:45905|dataStream:localhost:43231|priority:0|startupRole:FOLLOWER, s1|rpc:localhost:40897|admin:localhost:44611|client:localhost:41631|dataStream:localhost:37259|priority:0|startupRole:FOLLOWER, s2|rpc:localhost:38221|admin:localhost:35175|client:localhost:41405|dataStream:localhost:39599|priority:0|startupRole:FOLLOWER]|listeners:[], old=null RUNNING
2023-03-07 04:46:04,621 [Thread-78] INFO  server.RaftServer$Division (RaftServerImpl.java:lambda$close$4(466)) - s2@group-930EDD749F09: shutdown
2023-03-07 04:46:04,622 [Thread-78] INFO  util.JmxRegister (JmxRegister.java:unregister(73)) - Successfully un-registered JMX Bean with object name Ratis:service=RaftServer,group=group-930EDD749F09,id=s2
2023-03-07 04:46:04,622 [Thread-78] INFO  impl.RoleInfo (RoleInfo.java:shutdownFollowerState(110)) - s2: shutdown s2@group-930EDD749F09-FollowerState
2023-03-07 04:46:04,622 [s2@group-930EDD749F09-FollowerState] INFO  impl.FollowerState (FollowerState.java:run(152)) - s2@group-930EDD749F09-FollowerState was interrupted
2023-03-07 04:46:04,625 [Thread-78] INFO  impl.StateMachineUpdater (StateMachineUpdater.java:stopAndJoin(154)) - s2@group-930EDD749F09-StateMachineUpdater: set stopIndex = 6
2023-03-07 04:46:04,626 [Thread-78] INFO  server.RaftServer$Division (ServerState.java:close(414)) - s2@group-930EDD749F09: applyIndex: 6
2023-03-07 04:46:05,341 [Thread-78] INFO  segmented.SegmentedRaftLogWorker (SegmentedRaftLogWorker.java:close(242)) - s2@group-930EDD749F09-SegmentedRaftLogWorker close()
]]></system-out>
  </testcase>
</testsuite>