<?xml version="1.0" encoding="UTF-8"?>
<testsuite xmlns:xsi="http://www.w3.org/2001/XMLSchema-instance" xsi:noNamespaceSchemaLocation="https://maven.apache.org/surefire/maven-surefire-plugin/xsd/surefire-test-report.xsd" name="org.apache.ratis.grpc.TestRaftServerWithGrpc" time="51.686" tests="12" errors="1" skipped="0" failures="0">
  <properties>
    <property name="awt.toolkit" value="sun.awt.X11.XToolkit"/>
    <property name="java.specification.version" value="11"/>
    <property name="sun.cpu.isalist" value=""/>
    <property name="sun.jnu.encoding" value="UTF-8"/>
    <property name="java.class.path" value="/home/runner/work/ratis/ratis/ratis-test/target/test-classes:/home/runner/work/ratis/ratis/ratis-test/target/classes:/home/runner/work/ratis/ratis/ratis-common/target/classes:/home/runner/.m2/repository/org/apache/ratis/ratis-thirdparty-misc/1.0.3/ratis-thirdparty-misc-1.0.3.jar:/home/runner/work/ratis/ratis/ratis-proto/target/ratis-proto-3.0.0-SNAPSHOT.jar:/home/runner/work/ratis/ratis/ratis-common/target/test-classes:/home/runner/work/ratis/ratis/ratis-client/target/classes:/home/runner/work/ratis/ratis/ratis-server/target/classes:/home/runner/work/ratis/ratis/ratis-server-api/target/classes:/home/runner/work/ratis/ratis/ratis-metrics-api/target/classes:/home/runner/work/ratis/ratis/ratis-server/target/test-classes:/home/runner/work/ratis/ratis/ratis-metrics-default/target/classes:/home/runner/work/ratis/ratis/ratis-netty/target/classes:/home/runner/work/ratis/ratis/ratis-netty/target/test-classes:/home/runner/work/ratis/ratis/ratis-grpc/target/classes:/home/runner/work/ratis/ratis/ratis-grpc/target/test-classes:/home/runner/work/ratis/ratis/ratis-shell/target/classes:/home/runner/.m2/repository/commons-cli/commons-cli/1.5.0/commons-cli-1.5.0.jar:/home/runner/.m2/repository/org/reflections/reflections/0.10.2/reflections-0.10.2.jar:/home/runner/.m2/repository/org/javassist/javassist/3.28.0-GA/javassist-3.28.0-GA.jar:/home/runner/.m2/repository/com/google/code/findbugs/jsr305/3.0.2/jsr305-3.0.2.jar:/home/runner/.m2/repository/org/bouncycastle/bcprov-jdk15on/1.70/bcprov-jdk15on-1.70.jar:/home/runner/.m2/repository/org/bouncycastle/bcpkix-jdk15on/1.70/bcpkix-jdk15on-1.70.jar:/home/runner/.m2/repository/org/bouncycastle/bcutil-jdk15on/1.70/bcutil-jdk15on-1.70.jar:/home/runner/.m2/repository/org/slf4j/slf4j-api/1.7.36/slf4j-api-1.7.36.jar:/home/runner/.m2/repository/org/slf4j/slf4j-reload4j/1.7.36/slf4j-reload4j-1.7.36.jar:/home/runner/.m2/repository/ch/qos/reload4j/reload4j/1.2.19/reload4j-1.2.19.jar:/home/runner/.m2/repository/junit/junit/4.13.2/junit-4.13.2.jar:/home/runner/.m2/repository/org/hamcrest/hamcrest-core/1.3/hamcrest-core-1.3.jar:/home/runner/.m2/repository/org/mockito/mockito-core/4.3.1/mockito-core-4.3.1.jar:/home/runner/.m2/repository/net/bytebuddy/byte-buddy/1.12.7/byte-buddy-1.12.7.jar:/home/runner/.m2/repository/net/bytebuddy/byte-buddy-agent/1.12.7/byte-buddy-agent-1.12.7.jar:/home/runner/.m2/repository/org/objenesis/objenesis/3.2/objenesis-3.2.jar:"/>
    <property name="java.vm.vendor" value="Eclipse Adoptium"/>
    <property name="sun.arch.data.model" value="64"/>
    <property name="java.vendor.url" value="https://adoptium.net/"/>
    <property name="user.timezone" value=""/>
    <property name="java.vm.specification.version" value="11"/>
    <property name="os.name" value="Linux"/>
    <property name="sun.java.launcher" value="SUN_STANDARD"/>
    <property name="sun.boot.library.path" value="/usr/lib/jvm/temurin-11-jdk-amd64/lib"/>
    <property name="sun.java.command" value="/home/runner/work/ratis/ratis/ratis-test/target/surefire/surefirebooter4796601022656581100.jar /home/runner/work/ratis/ratis/ratis-test/target/surefire 2023-03-07T04-33-27_815-jvmRun1 surefire13072751665197555689tmp surefire_233754760901021507399tmp"/>
    <property name="jdk.debug" value="release"/>
    <property name="surefire.test.class.path" value="/home/runner/work/ratis/ratis/ratis-test/target/test-classes:/home/runner/work/ratis/ratis/ratis-test/target/classes:/home/runner/work/ratis/ratis/ratis-common/target/classes:/home/runner/.m2/repository/org/apache/ratis/ratis-thirdparty-misc/1.0.3/ratis-thirdparty-misc-1.0.3.jar:/home/runner/work/ratis/ratis/ratis-proto/target/ratis-proto-3.0.0-SNAPSHOT.jar:/home/runner/work/ratis/ratis/ratis-common/target/test-classes:/home/runner/work/ratis/ratis/ratis-client/target/classes:/home/runner/work/ratis/ratis/ratis-server/target/classes:/home/runner/work/ratis/ratis/ratis-server-api/target/classes:/home/runner/work/ratis/ratis/ratis-metrics-api/target/classes:/home/runner/work/ratis/ratis/ratis-server/target/test-classes:/home/runner/work/ratis/ratis/ratis-metrics-default/target/classes:/home/runner/work/ratis/ratis/ratis-netty/target/classes:/home/runner/work/ratis/ratis/ratis-netty/target/test-classes:/home/runner/work/ratis/ratis/ratis-grpc/target/classes:/home/runner/work/ratis/ratis/ratis-grpc/target/test-classes:/home/runner/work/ratis/ratis/ratis-shell/target/classes:/home/runner/.m2/repository/commons-cli/commons-cli/1.5.0/commons-cli-1.5.0.jar:/home/runner/.m2/repository/org/reflections/reflections/0.10.2/reflections-0.10.2.jar:/home/runner/.m2/repository/org/javassist/javassist/3.28.0-GA/javassist-3.28.0-GA.jar:/home/runner/.m2/repository/com/google/code/findbugs/jsr305/3.0.2/jsr305-3.0.2.jar:/home/runner/.m2/repository/org/bouncycastle/bcprov-jdk15on/1.70/bcprov-jdk15on-1.70.jar:/home/runner/.m2/repository/org/bouncycastle/bcpkix-jdk15on/1.70/bcpkix-jdk15on-1.70.jar:/home/runner/.m2/repository/org/bouncycastle/bcutil-jdk15on/1.70/bcutil-jdk15on-1.70.jar:/home/runner/.m2/repository/org/slf4j/slf4j-api/1.7.36/slf4j-api-1.7.36.jar:/home/runner/.m2/repository/org/slf4j/slf4j-reload4j/1.7.36/slf4j-reload4j-1.7.36.jar:/home/runner/.m2/repository/ch/qos/reload4j/reload4j/1.2.19/reload4j-1.2.19.jar:/home/runner/.m2/repository/junit/junit/4.13.2/junit-4.13.2.jar:/home/runner/.m2/repository/org/hamcrest/hamcrest-core/1.3/hamcrest-core-1.3.jar:/home/runner/.m2/repository/org/mockito/mockito-core/4.3.1/mockito-core-4.3.1.jar:/home/runner/.m2/repository/net/bytebuddy/byte-buddy/1.12.7/byte-buddy-1.12.7.jar:/home/runner/.m2/repository/net/bytebuddy/byte-buddy-agent/1.12.7/byte-buddy-agent-1.12.7.jar:/home/runner/.m2/repository/org/objenesis/objenesis/3.2/objenesis-3.2.jar:"/>
    <property name="sun.cpu.endian" value="little"/>
    <property name="user.home" value="/home/runner"/>
    <property name="user.language" value="en"/>
    <property name="java.specification.vendor" value="Oracle Corporation"/>
    <property name="java.version.date" value="2023-01-17"/>
    <property name="java.home" value="/usr/lib/jvm/temurin-11-jdk-amd64"/>
    <property name="file.separator" value="/"/>
    <property name="basedir" value="/home/runner/work/ratis/ratis/ratis-test"/>
    <property name="java.vm.compressedOopsMode" value="32-bit"/>
    <property name="line.separator" value="&#10;"/>
    <property name="java.specification.name" value="Java Platform API Specification"/>
    <property name="java.vm.specification.vendor" value="Oracle Corporation"/>
    <property name="java.awt.graphicsenv" value="sun.awt.X11GraphicsEnvironment"/>
    <property name="surefire.real.class.path" value="/home/runner/work/ratis/ratis/ratis-test/target/surefire/surefirebooter4796601022656581100.jar"/>
    <property name="sun.management.compiler" value="HotSpot 64-Bit Tiered Compilers"/>
    <property name="java.runtime.version" value="11.0.18+10"/>
    <property name="user.name" value="runner"/>
    <property name="java.net.preferIPv4Stack" value="true"/>
    <property name="path.separator" value=":"/>
    <property name="os.version" value="5.15.0-1033-azure"/>
    <property name="java.runtime.name" value="OpenJDK Runtime Environment"/>
    <property name="file.encoding" value="UTF-8"/>
    <property name="java.vm.name" value="OpenJDK 64-Bit Server VM"/>
    <property name="java.vendor.version" value="Temurin-11.0.18+10"/>
    <property name="localRepository" value="/home/runner/.m2/repository"/>
    <property name="java.vendor.url.bug" value="https://github.com/adoptium/adoptium-support/issues"/>
    <property name="java.io.tmpdir" value="/tmp"/>
    <property name="java.version" value="11.0.18"/>
    <property name="user.dir" value="/home/runner/work/ratis/ratis/ratis-test"/>
    <property name="os.arch" value="amd64"/>
    <property name="ratis.tmp.dir" value="/home/runner/work/ratis/ratis/ratis-test/target/tmp"/>
    <property name="java.vm.specification.name" value="Java Virtual Machine Specification"/>
    <property name="java.awt.printerjob" value="sun.print.PSPrinterJob"/>
    <property name="ratis.log.dir" value="/home/runner/work/ratis/ratis/ratis-test/target/log"/>
    <property name="sun.os.patch.level" value="unknown"/>
    <property name="java.library.path" value="/usr/java/packages/lib:/usr/lib64:/lib64:/lib:/usr/lib"/>
    <property name="java.vm.info" value="mixed mode"/>
    <property name="java.vendor" value="Eclipse Adoptium"/>
    <property name="java.vm.version" value="11.0.18+10"/>
    <property name="sun.io.unicode.encoding" value="UnicodeLittle"/>
    <property name="java.class.version" value="55.0"/>
  </properties>
  <testcase name="testRaftClientMetrics[0]" classname="org.apache.ratis.grpc.TestRaftServerWithGrpc" time="7.057"/>
  <testcase name="testTlsWithKeyAndTrustManager[0]" classname="org.apache.ratis.grpc.TestRaftServerWithGrpc" time="3.136"/>
  <testcase name="testRaftServerMetrics[0]" classname="org.apache.ratis.grpc.TestRaftServerWithGrpc" time="1.846"/>
  <testcase name="testUnsupportedMethods[0]" classname="org.apache.ratis.grpc.TestRaftServerWithGrpc" time="1.618"/>
  <testcase name="testServerRestartOnException[0]" classname="org.apache.ratis.grpc.TestRaftServerWithGrpc" time="5.277"/>
  <testcase name="testLeaderRestart[0]" classname="org.apache.ratis.grpc.TestRaftServerWithGrpc" time="6.057"/>
  <testcase name="testRaftClientMetrics[1]" classname="org.apache.ratis.grpc.TestRaftServerWithGrpc" time="5.63"/>
  <testcase name="testTlsWithKeyAndTrustManager[1]" classname="org.apache.ratis.grpc.TestRaftServerWithGrpc" time="2.07"/>
  <testcase name="testRaftServerMetrics[1]" classname="org.apache.ratis.grpc.TestRaftServerWithGrpc" time="6.021">
    <error message="Timed out waiting for condition." type="java.util.concurrent.TimeoutException">java.util.concurrent.TimeoutException: Timed out waiting for condition.
	at org.apache.ratis.RaftTestUtil.waitFor(RaftTestUtil.java:154)
	at org.apache.ratis.grpc.TestRaftServerWithGrpc.testRequestMetrics(TestRaftServerWithGrpc.java:277)
	at org.apache.ratis.server.impl.MiniRaftCluster$Factory$Get.runWithNewCluster(MiniRaftCluster.java:141)
	at org.apache.ratis.server.impl.MiniRaftCluster$Factory$Get.runWithNewCluster(MiniRaftCluster.java:121)
	at org.apache.ratis.grpc.TestRaftServerWithGrpc.testRaftServerMetrics(TestRaftServerWithGrpc.java:228)
	at java.base/jdk.internal.reflect.NativeMethodAccessorImpl.invoke0(Native Method)
	at java.base/jdk.internal.reflect.NativeMethodAccessorImpl.invoke(NativeMethodAccessorImpl.java:62)
	at java.base/jdk.internal.reflect.DelegatingMethodAccessorImpl.invoke(DelegatingMethodAccessorImpl.java:43)
	at java.base/java.lang.reflect.Method.invoke(Method.java:566)
	at org.junit.runners.model.FrameworkMethod$1.runReflectiveCall(FrameworkMethod.java:59)
	at org.junit.internal.runners.model.ReflectiveCallable.run(ReflectiveCallable.java:12)
	at org.junit.runners.model.FrameworkMethod.invokeExplosively(FrameworkMethod.java:56)
	at org.junit.internal.runners.statements.InvokeMethod.evaluate(InvokeMethod.java:17)
	at org.junit.internal.runners.statements.RunBefores.evaluate(RunBefores.java:26)
	at org.junit.internal.runners.statements.RunAfters.evaluate(RunAfters.java:27)
	at org.junit.internal.runners.statements.FailOnTimeout$CallableStatement.call(FailOnTimeout.java:299)
	at org.junit.internal.runners.statements.FailOnTimeout$CallableStatement.call(FailOnTimeout.java:293)
	at java.base/java.util.concurrent.FutureTask.run(FutureTask.java:264)
	at java.base/java.lang.Thread.run(Thread.java:829)
</error>
    <system-out><![CDATA[2023-03-07 04:44:16,200 [main] INFO  util.LogUtils (Slf4jUtils.java:setLogLevel(38)) - Successfully set org.apache.ratis.conf.ConfUtils log level to WARN
2023-03-07 04:44:16,200 [main] INFO  util.LogUtils (Slf4jUtils.java:setLogLevel(38)) - Successfully set org.apache.ratis.util.FileUtils log level to TRACE
2023-03-07 04:44:16,200 [main] INFO  util.LogUtils (Slf4jUtils.java:setLogLevel(38)) - Successfully set org.apache.ratis.grpc.client.GrpcClientProtocolClient log level to TRACE
2023-03-07 04:44:16,200 [Time-limited test] INFO  impl.MiniRaftCluster (MiniRaftCluster.java:runWithNewCluster(135)) - Running runWithNewCluster
2023-03-07 04:44:16,201 [Time-limited test] INFO  impl.MiniRaftCluster (MiniRaftCluster.java:<init>(306)) - new MiniRaftClusterWithGrpc with group-7D030BC7DACF:[s0|rpc:localhost:42535|admin:localhost:35405|client:localhost:39303|dataStream:localhost:42483|priority:0|startupRole:FOLLOWER, s1|rpc:localhost:43683|admin:localhost:36249|client:localhost:42541|dataStream:localhost:40463|priority:0|startupRole:FOLLOWER, s2|rpc:localhost:36781|admin:localhost:42223|client:localhost:43275|dataStream:localhost:39661|priority:0|startupRole:FOLLOWER]
2023-03-07 04:44:16,201 [Time-limited test] INFO  impl.MiniRaftCluster (MiniRaftCluster.java:start(339)) - .............................................................. 
2023-03-07 04:44:16,201 [Time-limited test] INFO  impl.MiniRaftCluster (MiniRaftCluster.java:start(340)) - ... 
2023-03-07 04:44:16,201 [Time-limited test] INFO  impl.MiniRaftCluster (MiniRaftCluster.java:start(341)) - ...     Starting MiniRaftClusterWithGrpc
2023-03-07 04:44:16,201 [Time-limited test] INFO  impl.MiniRaftCluster (MiniRaftCluster.java:start(342)) - ... 
2023-03-07 04:44:16,201 [Time-limited test] INFO  impl.MiniRaftCluster (MiniRaftCluster.java:start(343)) - .............................................................. 
2023-03-07 04:44:16,201 [Time-limited test] INFO  impl.MiniRaftCluster (MiniRaftCluster.java:initServers(318)) - servers = {}
2023-03-07 04:44:16,201 [Time-limited test] INFO  impl.MiniRaftCluster (MiniRaftCluster.java:newRaftServer(382)) - newRaftServer: s0, group-7D030BC7DACF:[s0|rpc:localhost:42535|admin:localhost:35405|client:localhost:39303|dataStream:localhost:42483|priority:0|startupRole:FOLLOWER, s1|rpc:localhost:43683|admin:localhost:36249|client:localhost:42541|dataStream:localhost:40463|priority:0|startupRole:FOLLOWER, s2|rpc:localhost:36781|admin:localhost:42223|client:localhost:43275|dataStream:localhost:39661|priority:0|startupRole:FOLLOWER], format? true
2023-03-07 04:44:16,201 [Time-limited test] TRACE util.FileUtils (FileUtils.java:deleteFully(201)) - deleteFully target/test/data/ac5303ae/MiniRaftClusterWithGrpc8fdb07e4/s0
2023-03-07 04:44:16,201 [Time-limited test] TRACE util.FileUtils (FileUtils.java:deleteFully(217)) - deleteFully: target/test/data/ac5303ae/MiniRaftClusterWithGrpc8fdb07e4/s0 does not exist.
2023-03-07 04:44:16,201 [Time-limited test] INFO  impl.MiniRaftCluster (MiniRaftCluster.java:newRaftServer(387)) - Formatted directory target/test/data/ac5303ae/MiniRaftClusterWithGrpc8fdb07e4/s0
2023-03-07 04:44:16,202 [Time-limited test] INFO  server.RaftServer (ConfUtils.java:logGet(46)) - raft.rpc.type = GRPC (default)
2023-03-07 04:44:16,202 [Time-limited test] INFO  grpc.GrpcConfigKeys (ConfUtils.java:logFallback(53)) - raft.grpc.admin.host = null (fallback to raft.grpc.server.host)
2023-03-07 04:44:16,202 [Time-limited test] INFO  grpc.GrpcConfigKeys (ConfUtils.java:logGet(46)) - raft.grpc.admin.port = 35405 (custom)
2023-03-07 04:44:16,202 [Time-limited test] INFO  grpc.GrpcConfigKeys (ConfUtils.java:logFallback(53)) - raft.grpc.client.host = null (fallback to raft.grpc.server.host)
2023-03-07 04:44:16,202 [Time-limited test] INFO  grpc.GrpcConfigKeys (ConfUtils.java:logGet(46)) - raft.grpc.client.port = 39303 (custom)
2023-03-07 04:44:16,202 [Time-limited test] INFO  grpc.GrpcConfigKeys (ConfUtils.java:logGet(46)) - raft.grpc.server.host = null (default)
2023-03-07 04:44:16,202 [Time-limited test] INFO  grpc.GrpcConfigKeys (ConfUtils.java:logGet(46)) - raft.grpc.server.port = 42535 (custom)
2023-03-07 04:44:16,202 [Time-limited test] INFO  server.GrpcService (ConfUtils.java:logGet(46)) - raft.grpc.message.size.max = 64MB (=67108864) (default)
2023-03-07 04:44:16,202 [Time-limited test] INFO  server.RaftServerConfigKeys (ConfUtils.java:logGet(46)) - raft.server.log.appender.buffer.byte-limit = 4MB (=4194304) (default)
2023-03-07 04:44:16,202 [Time-limited test] INFO  server.GrpcService (ConfUtils.java:logGet(46)) - raft.grpc.flow.control.window = 1MB (=1048576) (default)
2023-03-07 04:44:16,202 [Time-limited test] INFO  server.RaftServerConfigKeys (ConfUtils.java:logGet(46)) - raft.server.rpc.request.timeout = 3000ms (default)
2023-03-07 04:44:16,202 [Time-limited test] INFO  grpc.GrpcConfigKeys (ConfUtils.java:logGet(46)) - raft.grpc.server.heartbeat.channel = true (default)
2023-03-07 04:44:16,202 [Time-limited test] INFO  grpc.GrpcConfigKeys (ConfUtils.java:logGet(46)) - raft.grpc.server.async.request.thread.pool.cached = true (default)
2023-03-07 04:44:16,202 [Time-limited test] INFO  grpc.GrpcConfigKeys (ConfUtils.java:logGet(46)) - raft.grpc.server.async.request.thread.pool.size = 32 (default)
2023-03-07 04:44:16,203 [Time-limited test] INFO  impl.DataStreamServerImpl (ConfUtils.java:logGet(46)) - raft.datastream.type = DISABLED (default)
2023-03-07 04:44:16,203 [Time-limited test] INFO  server.RaftServerConfigKeys (ConfUtils.java:logGet(46)) - raft.server.threadpool.proxy.cached = true (default)
2023-03-07 04:44:16,203 [Time-limited test] INFO  server.RaftServerConfigKeys (ConfUtils.java:logGet(46)) - raft.server.threadpool.proxy.size = 0 (default)
2023-03-07 04:44:16,203 [Time-limited test] INFO  server.RaftServerConfigKeys (ConfUtils.java:logGet(46)) - raft.server.rpc.slowness.timeout = 60s (default)
2023-03-07 04:44:16,203 [Time-limited test] INFO  server.RaftServerConfigKeys (ConfUtils.java:logGet(46)) - raft.server.leaderelection.leader.step-down.wait-time = 10s (default)
2023-03-07 04:44:16,204 [Time-limited test] INFO  server.RaftServerConfigKeys (ConfUtils.java:logGet(46)) - raft.server.storage.dir = [/home/runner/work/ratis/ratis/ratis-test/target/test/data/ac5303ae/MiniRaftClusterWithGrpc8fdb07e4/s0] (custom)
2023-03-07 04:44:16,204 [Time-limited test] INFO  server.RaftServer (RaftServerProxy.java:addNew(99)) - s0: addNew group-7D030BC7DACF:[s0|rpc:localhost:42535|admin:localhost:35405|client:localhost:39303|dataStream:localhost:42483|priority:0|startupRole:FOLLOWER, s1|rpc:localhost:43683|admin:localhost:36249|client:localhost:42541|dataStream:localhost:40463|priority:0|startupRole:FOLLOWER, s2|rpc:localhost:36781|admin:localhost:42223|client:localhost:43275|dataStream:localhost:39661|priority:0|startupRole:FOLLOWER] returns group-7D030BC7DACF:java.util.concurrent.CompletableFuture@235b04df[Not completed]
2023-03-07 04:44:16,204 [s0-groupManagement] INFO  server.RaftServerConfigKeys (ConfUtils.java:logGet(46)) - raft.server.log.segment.size.max = 8MB (=8388608) (default)
2023-03-07 04:44:16,204 [s0-groupManagement] INFO  server.RaftServerConfigKeys (ConfUtils.java:logGet(46)) - raft.server.log.preallocated.size = 4MB (=4194304) (default)
2023-03-07 04:44:16,204 [s0-groupManagement] INFO  server.RaftServerConfigKeys (ConfUtils.java:logGet(46)) - raft.server.log.write.buffer.size = 64KB (=65536) (default)
2023-03-07 04:44:16,204 [Time-limited test] INFO  impl.MiniRaftCluster (MiniRaftCluster.java:newRaftServer(382)) - newRaftServer: s1, group-7D030BC7DACF:[s0|rpc:localhost:42535|admin:localhost:35405|client:localhost:39303|dataStream:localhost:42483|priority:0|startupRole:FOLLOWER, s1|rpc:localhost:43683|admin:localhost:36249|client:localhost:42541|dataStream:localhost:40463|priority:0|startupRole:FOLLOWER, s2|rpc:localhost:36781|admin:localhost:42223|client:localhost:43275|dataStream:localhost:39661|priority:0|startupRole:FOLLOWER], format? true
2023-03-07 04:44:16,204 [Time-limited test] TRACE util.FileUtils (FileUtils.java:deleteFully(201)) - deleteFully target/test/data/ac5303ae/MiniRaftClusterWithGrpc8fdb07e4/s1
2023-03-07 04:44:16,204 [s0-groupManagement] INFO  server.RaftServer$Division (RaftServerImpl.java:<init>(198)) - s0: new RaftServerImpl for group-7D030BC7DACF:[s0|rpc:localhost:42535|admin:localhost:35405|client:localhost:39303|dataStream:localhost:42483|priority:0|startupRole:FOLLOWER, s1|rpc:localhost:43683|admin:localhost:36249|client:localhost:42541|dataStream:localhost:40463|priority:0|startupRole:FOLLOWER, s2|rpc:localhost:36781|admin:localhost:42223|client:localhost:43275|dataStream:localhost:39661|priority:0|startupRole:FOLLOWER] with SimpleStateMachine4Testing:uninitialized
2023-03-07 04:44:16,205 [s0-groupManagement] INFO  server.RaftServerConfigKeys (ConfUtils.java:logGet(46)) - raft.server.rpc.timeout.min = 150ms (default)
2023-03-07 04:44:16,205 [Time-limited test] TRACE util.FileUtils (FileUtils.java:deleteFully(217)) - deleteFully: target/test/data/ac5303ae/MiniRaftClusterWithGrpc8fdb07e4/s1 does not exist.
2023-03-07 04:44:16,205 [Time-limited test] INFO  impl.MiniRaftCluster (MiniRaftCluster.java:newRaftServer(387)) - Formatted directory target/test/data/ac5303ae/MiniRaftClusterWithGrpc8fdb07e4/s1
2023-03-07 04:44:16,205 [s0-groupManagement] INFO  server.RaftServerConfigKeys (ConfUtils.java:logGet(46)) - raft.server.rpc.timeout.max = 300ms (default)
2023-03-07 04:44:16,205 [s0-groupManagement] INFO  server.RaftServerConfigKeys (ConfUtils.java:logGet(46)) - raft.server.rpc.sleep.time = 25ms (default)
2023-03-07 04:44:16,205 [s0-groupManagement] INFO  server.RaftServerConfigKeys (ConfUtils.java:logGet(46)) - raft.server.rpc.slowness.timeout = 60s (default)
2023-03-07 04:44:16,205 [s0-groupManagement] INFO  server.RaftServerConfigKeys (ConfUtils.java:logGet(46)) - raft.server.leaderelection.leader.step-down.wait-time = 10s (default)
2023-03-07 04:44:16,205 [s0-groupManagement] INFO  server.RaftServerConfigKeys (ConfUtils.java:logGet(46)) - raft.server.sleep.deviation.threshold = 300ms (default)
2023-03-07 04:44:16,205 [Time-limited test] INFO  server.RaftServer (ConfUtils.java:logGet(46)) - raft.rpc.type = GRPC (default)
2023-03-07 04:44:16,205 [s0-groupManagement] INFO  server.RaftServer$Division (ServerState.java:<init>(113)) - s0@group-7D030BC7DACF: ConfigurationManager, init=-1: peers:[s0|rpc:localhost:42535|admin:localhost:35405|client:localhost:39303|dataStream:localhost:42483|priority:0|startupRole:FOLLOWER, s1|rpc:localhost:43683|admin:localhost:36249|client:localhost:42541|dataStream:localhost:40463|priority:0|startupRole:FOLLOWER, s2|rpc:localhost:36781|admin:localhost:42223|client:localhost:43275|dataStream:localhost:39661|priority:0|startupRole:FOLLOWER]|listeners:[], old=null, confs=<EMPTY_MAP>
2023-03-07 04:44:16,205 [Time-limited test] INFO  grpc.GrpcConfigKeys (ConfUtils.java:logFallback(53)) - raft.grpc.admin.host = null (fallback to raft.grpc.server.host)
2023-03-07 04:44:16,205 [s0-groupManagement] INFO  server.RaftServerConfigKeys (ConfUtils.java:logGet(46)) - raft.server.notification.no-leader.timeout = 60s (default)
2023-03-07 04:44:16,205 [s0-groupManagement] INFO  server.RaftServerConfigKeys (ConfUtils.java:logGet(46)) - raft.server.read.timeout = 10s (default)
2023-03-07 04:44:16,205 [s0-groupManagement] INFO  server.RaftServerConfigKeys (ConfUtils.java:logGet(46)) - raft.server.retrycache.expirytime = 60s (default)
2023-03-07 04:44:16,205 [s0-groupManagement] INFO  server.RaftServerConfigKeys (ConfUtils.java:logGet(46)) - raft.server.retrycache.statistics.expirytime = 100μs (default)
2023-03-07 04:44:16,205 [s0-groupManagement] INFO  server.RaftServerConfigKeys (ConfUtils.java:logGet(46)) - raft.server.read.option = DEFAULT (default)
2023-03-07 04:44:16,206 [s0-groupManagement] INFO  server.RaftServerConfigKeys (ConfUtils.java:logGet(46)) - raft.server.log.appender.install.snapshot.enabled = true (default)
2023-03-07 04:44:16,206 [s0-groupManagement] INFO  server.RaftServerConfigKeys (ConfUtils.java:logGet(46)) - raft.server.threadpool.server.cached = true (default)
2023-03-07 04:44:16,206 [s0-groupManagement] INFO  server.RaftServerConfigKeys (ConfUtils.java:logGet(46)) - raft.server.threadpool.server.size = 0 (default)
2023-03-07 04:44:16,206 [s0-groupManagement] INFO  server.RaftServerConfigKeys (ConfUtils.java:logGet(46)) - raft.server.threadpool.client.cached = true (default)
2023-03-07 04:44:16,206 [s0-groupManagement] INFO  server.RaftServerConfigKeys (ConfUtils.java:logGet(46)) - raft.server.threadpool.client.size = 0 (default)
2023-03-07 04:44:16,205 [Time-limited test] INFO  grpc.GrpcConfigKeys (ConfUtils.java:logGet(46)) - raft.grpc.admin.port = 36249 (custom)
2023-03-07 04:44:16,208 [Time-limited test] INFO  grpc.GrpcConfigKeys (ConfUtils.java:logFallback(53)) - raft.grpc.client.host = null (fallback to raft.grpc.server.host)
2023-03-07 04:44:16,208 [Time-limited test] INFO  grpc.GrpcConfigKeys (ConfUtils.java:logGet(46)) - raft.grpc.client.port = 42541 (custom)
2023-03-07 04:44:16,209 [Time-limited test] INFO  grpc.GrpcConfigKeys (ConfUtils.java:logGet(46)) - raft.grpc.server.host = null (default)
2023-03-07 04:44:16,209 [Time-limited test] INFO  grpc.GrpcConfigKeys (ConfUtils.java:logGet(46)) - raft.grpc.server.port = 43683 (custom)
2023-03-07 04:44:16,209 [Time-limited test] INFO  server.GrpcService (ConfUtils.java:logGet(46)) - raft.grpc.message.size.max = 64MB (=67108864) (default)
2023-03-07 04:44:16,209 [Time-limited test] INFO  server.RaftServerConfigKeys (ConfUtils.java:logGet(46)) - raft.server.log.appender.buffer.byte-limit = 4MB (=4194304) (default)
2023-03-07 04:44:16,209 [Time-limited test] INFO  server.GrpcService (ConfUtils.java:logGet(46)) - raft.grpc.flow.control.window = 1MB (=1048576) (default)
2023-03-07 04:44:16,209 [Time-limited test] INFO  server.RaftServerConfigKeys (ConfUtils.java:logGet(46)) - raft.server.rpc.request.timeout = 3000ms (default)
2023-03-07 04:44:16,209 [Time-limited test] INFO  grpc.GrpcConfigKeys (ConfUtils.java:logGet(46)) - raft.grpc.server.heartbeat.channel = true (default)
2023-03-07 04:44:16,209 [Time-limited test] INFO  grpc.GrpcConfigKeys (ConfUtils.java:logGet(46)) - raft.grpc.server.async.request.thread.pool.cached = true (default)
2023-03-07 04:44:16,209 [Time-limited test] INFO  grpc.GrpcConfigKeys (ConfUtils.java:logGet(46)) - raft.grpc.server.async.request.thread.pool.size = 32 (default)
2023-03-07 04:44:16,210 [Time-limited test] INFO  impl.DataStreamServerImpl (ConfUtils.java:logGet(46)) - raft.datastream.type = DISABLED (default)
2023-03-07 04:44:16,210 [Time-limited test] INFO  server.RaftServerConfigKeys (ConfUtils.java:logGet(46)) - raft.server.threadpool.proxy.cached = true (default)
2023-03-07 04:44:16,210 [Time-limited test] INFO  server.RaftServerConfigKeys (ConfUtils.java:logGet(46)) - raft.server.threadpool.proxy.size = 0 (default)
2023-03-07 04:44:16,210 [Time-limited test] INFO  server.RaftServerConfigKeys (ConfUtils.java:logGet(46)) - raft.server.rpc.slowness.timeout = 60s (default)
2023-03-07 04:44:16,210 [Time-limited test] INFO  server.RaftServerConfigKeys (ConfUtils.java:logGet(46)) - raft.server.leaderelection.leader.step-down.wait-time = 10s (default)
2023-03-07 04:44:16,210 [Time-limited test] INFO  server.RaftServerConfigKeys (ConfUtils.java:logGet(46)) - raft.server.storage.dir = [/home/runner/work/ratis/ratis/ratis-test/target/test/data/ac5303ae/MiniRaftClusterWithGrpc8fdb07e4/s1] (custom)
2023-03-07 04:44:16,213 [Time-limited test] INFO  server.RaftServer (RaftServerProxy.java:addNew(99)) - s1: addNew group-7D030BC7DACF:[s0|rpc:localhost:42535|admin:localhost:35405|client:localhost:39303|dataStream:localhost:42483|priority:0|startupRole:FOLLOWER, s1|rpc:localhost:43683|admin:localhost:36249|client:localhost:42541|dataStream:localhost:40463|priority:0|startupRole:FOLLOWER, s2|rpc:localhost:36781|admin:localhost:42223|client:localhost:43275|dataStream:localhost:39661|priority:0|startupRole:FOLLOWER] returns group-7D030BC7DACF:java.util.concurrent.CompletableFuture@5775ce12[Not completed]
2023-03-07 04:44:16,213 [Time-limited test] INFO  impl.MiniRaftCluster (MiniRaftCluster.java:newRaftServer(382)) - newRaftServer: s2, group-7D030BC7DACF:[s0|rpc:localhost:42535|admin:localhost:35405|client:localhost:39303|dataStream:localhost:42483|priority:0|startupRole:FOLLOWER, s1|rpc:localhost:43683|admin:localhost:36249|client:localhost:42541|dataStream:localhost:40463|priority:0|startupRole:FOLLOWER, s2|rpc:localhost:36781|admin:localhost:42223|client:localhost:43275|dataStream:localhost:39661|priority:0|startupRole:FOLLOWER], format? true
2023-03-07 04:44:16,213 [s1-groupManagement] INFO  server.RaftServerConfigKeys (ConfUtils.java:logGet(46)) - raft.server.log.segment.size.max = 8MB (=8388608) (default)
2023-03-07 04:44:16,213 [Time-limited test] TRACE util.FileUtils (FileUtils.java:deleteFully(201)) - deleteFully target/test/data/ac5303ae/MiniRaftClusterWithGrpc8fdb07e4/s2
2023-03-07 04:44:16,213 [s1-groupManagement] INFO  server.RaftServerConfigKeys (ConfUtils.java:logGet(46)) - raft.server.log.preallocated.size = 4MB (=4194304) (default)
2023-03-07 04:44:16,213 [s1-groupManagement] INFO  server.RaftServerConfigKeys (ConfUtils.java:logGet(46)) - raft.server.log.write.buffer.size = 64KB (=65536) (default)
2023-03-07 04:44:16,213 [Time-limited test] TRACE util.FileUtils (FileUtils.java:deleteFully(217)) - deleteFully: target/test/data/ac5303ae/MiniRaftClusterWithGrpc8fdb07e4/s2 does not exist.
2023-03-07 04:44:16,213 [Time-limited test] INFO  impl.MiniRaftCluster (MiniRaftCluster.java:newRaftServer(387)) - Formatted directory target/test/data/ac5303ae/MiniRaftClusterWithGrpc8fdb07e4/s2
2023-03-07 04:44:16,213 [s1-groupManagement] INFO  server.RaftServer$Division (RaftServerImpl.java:<init>(198)) - s1: new RaftServerImpl for group-7D030BC7DACF:[s0|rpc:localhost:42535|admin:localhost:35405|client:localhost:39303|dataStream:localhost:42483|priority:0|startupRole:FOLLOWER, s1|rpc:localhost:43683|admin:localhost:36249|client:localhost:42541|dataStream:localhost:40463|priority:0|startupRole:FOLLOWER, s2|rpc:localhost:36781|admin:localhost:42223|client:localhost:43275|dataStream:localhost:39661|priority:0|startupRole:FOLLOWER] with SimpleStateMachine4Testing:uninitialized
2023-03-07 04:44:16,213 [s1-groupManagement] INFO  server.RaftServerConfigKeys (ConfUtils.java:logGet(46)) - raft.server.rpc.timeout.min = 150ms (default)
2023-03-07 04:44:16,213 [s1-groupManagement] INFO  server.RaftServerConfigKeys (ConfUtils.java:logGet(46)) - raft.server.rpc.timeout.max = 300ms (default)
2023-03-07 04:44:16,213 [s1-groupManagement] INFO  server.RaftServerConfigKeys (ConfUtils.java:logGet(46)) - raft.server.rpc.sleep.time = 25ms (default)
2023-03-07 04:44:16,213 [s1-groupManagement] INFO  server.RaftServerConfigKeys (ConfUtils.java:logGet(46)) - raft.server.rpc.slowness.timeout = 60s (default)
2023-03-07 04:44:16,213 [s1-groupManagement] INFO  server.RaftServerConfigKeys (ConfUtils.java:logGet(46)) - raft.server.leaderelection.leader.step-down.wait-time = 10s (default)
2023-03-07 04:44:16,213 [Time-limited test] INFO  server.RaftServer (ConfUtils.java:logGet(46)) - raft.rpc.type = GRPC (default)
2023-03-07 04:44:16,213 [s1-groupManagement] INFO  server.RaftServerConfigKeys (ConfUtils.java:logGet(46)) - raft.server.sleep.deviation.threshold = 300ms (default)
2023-03-07 04:44:16,213 [Time-limited test] INFO  grpc.GrpcConfigKeys (ConfUtils.java:logFallback(53)) - raft.grpc.admin.host = null (fallback to raft.grpc.server.host)
2023-03-07 04:44:16,213 [s1-groupManagement] INFO  server.RaftServer$Division (ServerState.java:<init>(113)) - s1@group-7D030BC7DACF: ConfigurationManager, init=-1: peers:[s0|rpc:localhost:42535|admin:localhost:35405|client:localhost:39303|dataStream:localhost:42483|priority:0|startupRole:FOLLOWER, s1|rpc:localhost:43683|admin:localhost:36249|client:localhost:42541|dataStream:localhost:40463|priority:0|startupRole:FOLLOWER, s2|rpc:localhost:36781|admin:localhost:42223|client:localhost:43275|dataStream:localhost:39661|priority:0|startupRole:FOLLOWER]|listeners:[], old=null, confs=<EMPTY_MAP>
2023-03-07 04:44:16,213 [Time-limited test] INFO  grpc.GrpcConfigKeys (ConfUtils.java:logGet(46)) - raft.grpc.admin.port = 42223 (custom)
2023-03-07 04:44:16,213 [s1-groupManagement] INFO  server.RaftServerConfigKeys (ConfUtils.java:logGet(46)) - raft.server.notification.no-leader.timeout = 60s (default)
2023-03-07 04:44:16,213 [s1-groupManagement] INFO  server.RaftServerConfigKeys (ConfUtils.java:logGet(46)) - raft.server.read.timeout = 10s (default)
2023-03-07 04:44:16,213 [s1-groupManagement] INFO  server.RaftServerConfigKeys (ConfUtils.java:logGet(46)) - raft.server.retrycache.expirytime = 60s (default)
2023-03-07 04:44:16,214 [s1-groupManagement] INFO  server.RaftServerConfigKeys (ConfUtils.java:logGet(46)) - raft.server.retrycache.statistics.expirytime = 100μs (default)
2023-03-07 04:44:16,214 [s1-groupManagement] INFO  server.RaftServerConfigKeys (ConfUtils.java:logGet(46)) - raft.server.read.option = DEFAULT (default)
2023-03-07 04:44:16,214 [s1-groupManagement] INFO  server.RaftServerConfigKeys (ConfUtils.java:logGet(46)) - raft.server.log.appender.install.snapshot.enabled = true (default)
2023-03-07 04:44:16,214 [s1-groupManagement] INFO  server.RaftServerConfigKeys (ConfUtils.java:logGet(46)) - raft.server.threadpool.server.cached = true (default)
2023-03-07 04:44:16,213 [Time-limited test] INFO  grpc.GrpcConfigKeys (ConfUtils.java:logFallback(53)) - raft.grpc.client.host = null (fallback to raft.grpc.server.host)
2023-03-07 04:44:16,214 [s1-groupManagement] INFO  server.RaftServerConfigKeys (ConfUtils.java:logGet(46)) - raft.server.threadpool.server.size = 0 (default)
2023-03-07 04:44:16,214 [Time-limited test] INFO  grpc.GrpcConfigKeys (ConfUtils.java:logGet(46)) - raft.grpc.client.port = 43275 (custom)
2023-03-07 04:44:16,214 [s1-groupManagement] INFO  server.RaftServerConfigKeys (ConfUtils.java:logGet(46)) - raft.server.threadpool.client.cached = true (default)
2023-03-07 04:44:16,214 [Time-limited test] INFO  grpc.GrpcConfigKeys (ConfUtils.java:logGet(46)) - raft.grpc.server.host = null (default)
2023-03-07 04:44:16,214 [s1-groupManagement] INFO  server.RaftServerConfigKeys (ConfUtils.java:logGet(46)) - raft.server.threadpool.client.size = 0 (default)
2023-03-07 04:44:16,214 [Time-limited test] INFO  grpc.GrpcConfigKeys (ConfUtils.java:logGet(46)) - raft.grpc.server.port = 36781 (custom)
2023-03-07 04:44:16,215 [Time-limited test] INFO  server.GrpcService (ConfUtils.java:logGet(46)) - raft.grpc.message.size.max = 64MB (=67108864) (default)
2023-03-07 04:44:16,215 [Time-limited test] INFO  server.RaftServerConfigKeys (ConfUtils.java:logGet(46)) - raft.server.log.appender.buffer.byte-limit = 4MB (=4194304) (default)
2023-03-07 04:44:16,215 [Time-limited test] INFO  server.GrpcService (ConfUtils.java:logGet(46)) - raft.grpc.flow.control.window = 1MB (=1048576) (default)
2023-03-07 04:44:16,215 [Time-limited test] INFO  server.RaftServerConfigKeys (ConfUtils.java:logGet(46)) - raft.server.rpc.request.timeout = 3000ms (default)
2023-03-07 04:44:16,215 [Time-limited test] INFO  grpc.GrpcConfigKeys (ConfUtils.java:logGet(46)) - raft.grpc.server.heartbeat.channel = true (default)
2023-03-07 04:44:16,215 [Time-limited test] INFO  grpc.GrpcConfigKeys (ConfUtils.java:logGet(46)) - raft.grpc.server.async.request.thread.pool.cached = true (default)
2023-03-07 04:44:16,215 [Time-limited test] INFO  grpc.GrpcConfigKeys (ConfUtils.java:logGet(46)) - raft.grpc.server.async.request.thread.pool.size = 32 (default)
2023-03-07 04:44:16,216 [Time-limited test] INFO  impl.DataStreamServerImpl (ConfUtils.java:logGet(46)) - raft.datastream.type = DISABLED (default)
2023-03-07 04:44:16,216 [Time-limited test] INFO  server.RaftServerConfigKeys (ConfUtils.java:logGet(46)) - raft.server.threadpool.proxy.cached = true (default)
2023-03-07 04:44:16,216 [Time-limited test] INFO  server.RaftServerConfigKeys (ConfUtils.java:logGet(46)) - raft.server.threadpool.proxy.size = 0 (default)
2023-03-07 04:44:16,216 [Time-limited test] INFO  server.RaftServerConfigKeys (ConfUtils.java:logGet(46)) - raft.server.rpc.slowness.timeout = 60s (default)
2023-03-07 04:44:16,216 [Time-limited test] INFO  server.RaftServerConfigKeys (ConfUtils.java:logGet(46)) - raft.server.leaderelection.leader.step-down.wait-time = 10s (default)
2023-03-07 04:44:16,216 [Time-limited test] INFO  server.RaftServerConfigKeys (ConfUtils.java:logGet(46)) - raft.server.storage.dir = [/home/runner/work/ratis/ratis/ratis-test/target/test/data/ac5303ae/MiniRaftClusterWithGrpc8fdb07e4/s2] (custom)
2023-03-07 04:44:16,221 [Time-limited test] INFO  server.RaftServer (RaftServerProxy.java:addNew(99)) - s2: addNew group-7D030BC7DACF:[s0|rpc:localhost:42535|admin:localhost:35405|client:localhost:39303|dataStream:localhost:42483|priority:0|startupRole:FOLLOWER, s1|rpc:localhost:43683|admin:localhost:36249|client:localhost:42541|dataStream:localhost:40463|priority:0|startupRole:FOLLOWER, s2|rpc:localhost:36781|admin:localhost:42223|client:localhost:43275|dataStream:localhost:39661|priority:0|startupRole:FOLLOWER] returns group-7D030BC7DACF:java.util.concurrent.CompletableFuture@78605aa1[Not completed]
2023-03-07 04:44:16,221 [s0-impl-thread1] INFO  server.RaftServerConfigKeys (ConfUtils.java:logGet(46)) - raft.server.storage.free-space.min = 0MB (=0) (default)
2023-03-07 04:44:16,221 [s0-impl-thread1] INFO  server.RaftServerConfigKeys (ConfUtils.java:logGet(46)) - raft.server.log.corruption.policy = EXCEPTION (default)
2023-03-07 04:44:16,221 [s0-impl-thread1] INFO  server.RaftServerConfigKeys (ConfUtils.java:logGet(46)) - raft.server.storage.dir = [/home/runner/work/ratis/ratis/ratis-test/target/test/data/ac5303ae/MiniRaftClusterWithGrpc8fdb07e4/s0] (custom)
2023-03-07 04:44:16,221 [s0-impl-thread1] INFO  storage.RaftStorageDirectory (RaftStorageDirectoryImpl.java:analyzeStorage(138)) - The storage directory /home/runner/work/ratis/ratis/ratis-test/target/test/data/ac5303ae/MiniRaftClusterWithGrpc8fdb07e4/s0/ae757874-cc36-4eb3-81ad-7d030bc7dacf does not exist. Creating ...
2023-03-07 04:44:16,221 [s0-impl-thread1] TRACE util.FileUtils (LogUtils.java:runAndLog(49)) - Successfully ran Files.createDirectories /home/runner/work/ratis/ratis/ratis-test/target/test/data/ac5303ae/MiniRaftClusterWithGrpc8fdb07e4/s0/ae757874-cc36-4eb3-81ad-7d030bc7dacf
2023-03-07 04:44:16,222 [s2-groupManagement] INFO  server.RaftServerConfigKeys (ConfUtils.java:logGet(46)) - raft.server.log.segment.size.max = 8MB (=8388608) (default)
2023-03-07 04:44:16,222 [s2-groupManagement] INFO  server.RaftServerConfigKeys (ConfUtils.java:logGet(46)) - raft.server.log.preallocated.size = 4MB (=4194304) (default)
2023-03-07 04:44:16,222 [s2-groupManagement] INFO  server.RaftServerConfigKeys (ConfUtils.java:logGet(46)) - raft.server.log.write.buffer.size = 64KB (=65536) (default)
2023-03-07 04:44:16,222 [s2-groupManagement] INFO  server.RaftServer$Division (RaftServerImpl.java:<init>(198)) - s2: new RaftServerImpl for group-7D030BC7DACF:[s0|rpc:localhost:42535|admin:localhost:35405|client:localhost:39303|dataStream:localhost:42483|priority:0|startupRole:FOLLOWER, s1|rpc:localhost:43683|admin:localhost:36249|client:localhost:42541|dataStream:localhost:40463|priority:0|startupRole:FOLLOWER, s2|rpc:localhost:36781|admin:localhost:42223|client:localhost:43275|dataStream:localhost:39661|priority:0|startupRole:FOLLOWER] with SimpleStateMachine4Testing:uninitialized
2023-03-07 04:44:16,222 [s2-groupManagement] INFO  server.RaftServerConfigKeys (ConfUtils.java:logGet(46)) - raft.server.rpc.timeout.min = 150ms (default)
2023-03-07 04:44:16,222 [s2-groupManagement] INFO  server.RaftServerConfigKeys (ConfUtils.java:logGet(46)) - raft.server.rpc.timeout.max = 300ms (default)
2023-03-07 04:44:16,222 [s2-groupManagement] INFO  server.RaftServerConfigKeys (ConfUtils.java:logGet(46)) - raft.server.rpc.sleep.time = 25ms (default)
2023-03-07 04:44:16,222 [s2-groupManagement] INFO  server.RaftServerConfigKeys (ConfUtils.java:logGet(46)) - raft.server.rpc.slowness.timeout = 60s (default)
2023-03-07 04:44:16,222 [s2-groupManagement] INFO  server.RaftServerConfigKeys (ConfUtils.java:logGet(46)) - raft.server.leaderelection.leader.step-down.wait-time = 10s (default)
2023-03-07 04:44:16,222 [s2-groupManagement] INFO  server.RaftServerConfigKeys (ConfUtils.java:logGet(46)) - raft.server.sleep.deviation.threshold = 300ms (default)
2023-03-07 04:44:16,222 [s2-groupManagement] INFO  server.RaftServer$Division (ServerState.java:<init>(113)) - s2@group-7D030BC7DACF: ConfigurationManager, init=-1: peers:[s0|rpc:localhost:42535|admin:localhost:35405|client:localhost:39303|dataStream:localhost:42483|priority:0|startupRole:FOLLOWER, s1|rpc:localhost:43683|admin:localhost:36249|client:localhost:42541|dataStream:localhost:40463|priority:0|startupRole:FOLLOWER, s2|rpc:localhost:36781|admin:localhost:42223|client:localhost:43275|dataStream:localhost:39661|priority:0|startupRole:FOLLOWER]|listeners:[], old=null, confs=<EMPTY_MAP>
2023-03-07 04:44:16,222 [s2-groupManagement] INFO  server.RaftServerConfigKeys (ConfUtils.java:logGet(46)) - raft.server.notification.no-leader.timeout = 60s (default)
2023-03-07 04:44:16,222 [s2-groupManagement] INFO  server.RaftServerConfigKeys (ConfUtils.java:logGet(46)) - raft.server.read.timeout = 10s (default)
2023-03-07 04:44:16,222 [s2-groupManagement] INFO  server.RaftServerConfigKeys (ConfUtils.java:logGet(46)) - raft.server.retrycache.expirytime = 60s (default)
2023-03-07 04:44:16,222 [s2-groupManagement] INFO  server.RaftServerConfigKeys (ConfUtils.java:logGet(46)) - raft.server.retrycache.statistics.expirytime = 100μs (default)
2023-03-07 04:44:16,223 [s2-groupManagement] INFO  server.RaftServerConfigKeys (ConfUtils.java:logGet(46)) - raft.server.read.option = DEFAULT (default)
2023-03-07 04:44:16,223 [s0-impl-thread1] INFO  storage.RaftStorageDirectory (RaftStorageDirectoryImpl.java:tryLock(232)) - Lock on /home/runner/work/ratis/ratis/ratis-test/target/test/data/ac5303ae/MiniRaftClusterWithGrpc8fdb07e4/s0/ae757874-cc36-4eb3-81ad-7d030bc7dacf/in_use.lock acquired by nodename 17652@fv-az443-797
2023-03-07 04:44:16,223 [s0-impl-thread1] TRACE util.FileUtils (LogUtils.java:runAndLog(49)) - Successfully ran Files.createDirectories /home/runner/work/ratis/ratis/ratis-test/target/test/data/ac5303ae/MiniRaftClusterWithGrpc8fdb07e4/s0/ae757874-cc36-4eb3-81ad-7d030bc7dacf/current
2023-03-07 04:44:16,223 [s2-groupManagement] INFO  server.RaftServerConfigKeys (ConfUtils.java:logGet(46)) - raft.server.log.appender.install.snapshot.enabled = true (default)
2023-03-07 04:44:16,223 [s0-impl-thread1] TRACE util.FileUtils (LogUtils.java:runAndLog(49)) - Successfully ran Files.createDirectories /home/runner/work/ratis/ratis/ratis-test/target/test/data/ac5303ae/MiniRaftClusterWithGrpc8fdb07e4/s0/ae757874-cc36-4eb3-81ad-7d030bc7dacf/sm
2023-03-07 04:44:16,223 [s2-groupManagement] INFO  server.RaftServerConfigKeys (ConfUtils.java:logGet(46)) - raft.server.threadpool.server.cached = true (default)
2023-03-07 04:44:16,224 [s2-groupManagement] INFO  server.RaftServerConfigKeys (ConfUtils.java:logGet(46)) - raft.server.threadpool.server.size = 0 (default)
2023-03-07 04:44:16,224 [s2-groupManagement] INFO  server.RaftServerConfigKeys (ConfUtils.java:logGet(46)) - raft.server.threadpool.client.cached = true (default)
2023-03-07 04:44:16,224 [s2-groupManagement] INFO  server.RaftServerConfigKeys (ConfUtils.java:logGet(46)) - raft.server.threadpool.client.size = 0 (default)
2023-03-07 04:44:16,225 [s0-impl-thread1] INFO  storage.RaftStorage (RaftStorageImpl.java:format(96)) - Storage directory /home/runner/work/ratis/ratis/ratis-test/target/test/data/ac5303ae/MiniRaftClusterWithGrpc8fdb07e4/s0/ae757874-cc36-4eb3-81ad-7d030bc7dacf has been successfully formatted.
2023-03-07 04:44:16,225 [s0-impl-thread1] INFO  impl.SimpleStateMachine4Testing (SimpleStateMachine4Testing.java:initialize(213)) - Initializing SimpleStateMachine4Testing:uninitialized
2023-03-07 04:44:16,225 [s0-impl-thread1] INFO  impl.SimpleStateMachine4Testing (SimpleStateMachine4Testing.java:loadSnapshot(293)) - Loading snapshot null
2023-03-07 04:44:16,225 [s0-impl-thread1] INFO  server.RaftServerConfigKeys (ConfUtils.java:logGet(46)) - raft.server.log.use.memory = false (default)
2023-03-07 04:44:16,225 [s0-impl-thread1] INFO  server.RaftServerConfigKeys (ConfUtils.java:logGet(46)) - raft.server.log.purge.gap = 1024 (default)
2023-03-07 04:44:16,225 [s0-impl-thread1] INFO  server.RaftServerConfigKeys (ConfUtils.java:logGet(46)) - raft.server.log.appender.buffer.byte-limit = 4MB (=4194304) (default)
2023-03-07 04:44:16,225 [s0-impl-thread1] INFO  server.RaftServerConfigKeys (ConfUtils.java:logGet(46)) - raft.server.log.statemachine.data.read.timeout = 1000ms (default)
2023-03-07 04:44:16,225 [s0-impl-thread1] INFO  server.RaftServerConfigKeys (ConfUtils.java:logGet(46)) - raft.server.log.purge.preservation.log.num = 0 (default)
2023-03-07 04:44:16,225 [s0-impl-thread1] INFO  server.RaftServerConfigKeys (ConfUtils.java:logGet(46)) - raft.server.log.segment.size.max = 8MB (=8388608) (default)
2023-03-07 04:44:16,225 [s0-impl-thread1] INFO  server.RaftServerConfigKeys (ConfUtils.java:logGet(46)) - raft.server.log.segment.cache.num.max = 6 (default)
2023-03-07 04:44:16,225 [s0-impl-thread1] INFO  server.RaftServerConfigKeys (ConfUtils.java:logGet(46)) - raft.server.log.segment.cache.size.max = 200MB (=209715200) (default)
2023-03-07 04:44:16,225 [s0-impl-thread1] INFO  server.RaftServerConfigKeys (ConfUtils.java:logGet(46)) - raft.server.log.appender.buffer.byte-limit = 4MB (=4194304) (default)
2023-03-07 04:44:16,226 [s0-impl-thread1] INFO  segmented.SegmentedRaftLogWorker (SegmentedRaftLogWorker.java:<init>(183)) - new s0@group-7D030BC7DACF-SegmentedRaftLogWorker for RaftStorageImpl:Storage Directory /home/runner/work/ratis/ratis/ratis-test/target/test/data/ac5303ae/MiniRaftClusterWithGrpc8fdb07e4/s0/ae757874-cc36-4eb3-81ad-7d030bc7dacf
2023-03-07 04:44:16,226 [s0-impl-thread1] INFO  server.RaftServerConfigKeys (ConfUtils.java:logGet(46)) - raft.server.log.queue.byte-limit = 64MB (=67108864) (default)
2023-03-07 04:44:16,226 [s0-impl-thread1] INFO  server.RaftServerConfigKeys (ConfUtils.java:logGet(46)) - raft.server.log.queue.element-limit = 4096 (default)
2023-03-07 04:44:16,226 [s0-impl-thread1] INFO  server.RaftServerConfigKeys (ConfUtils.java:logGet(46)) - raft.server.log.segment.size.max = 8MB (=8388608) (default)
2023-03-07 04:44:16,226 [s0-impl-thread1] INFO  server.RaftServerConfigKeys (ConfUtils.java:logGet(46)) - raft.server.log.preallocated.size = 4MB (=4194304) (default)
2023-03-07 04:44:16,226 [s0-impl-thread1] INFO  server.RaftServerConfigKeys (ConfUtils.java:logGet(46)) - raft.server.log.force.sync.num = 128 (default)
2023-03-07 04:44:16,226 [s0-impl-thread1] INFO  server.RaftServerConfigKeys (ConfUtils.java:logGet(46)) - raft.server.log.statemachine.data.sync = true (default)
2023-03-07 04:44:16,226 [s0-impl-thread1] INFO  server.RaftServerConfigKeys (ConfUtils.java:logGet(46)) - raft.server.log.statemachine.data.sync.timeout = 10s (default)
2023-03-07 04:44:16,226 [s0-impl-thread1] INFO  server.RaftServerConfigKeys (ConfUtils.java:logGet(46)) - raft.server.log.statemachine.data.sync.timeout.retry = -1 (default)
2023-03-07 04:44:16,226 [s0-impl-thread1] INFO  server.RaftServerConfigKeys (ConfUtils.java:logGet(46)) - raft.server.log.write.buffer.size = 64KB (=65536) (default)
2023-03-07 04:44:16,226 [s0-impl-thread1] INFO  server.RaftServerConfigKeys (ConfUtils.java:logGet(46)) - raft.server.log.appender.buffer.byte-limit = 4MB (=4194304) (default)
2023-03-07 04:44:16,227 [s0-impl-thread1] INFO  server.RaftServerConfigKeys (ConfUtils.java:logGet(46)) - raft.server.log.unsafe-flush.enabled = false (default)
2023-03-07 04:44:16,227 [s0-impl-thread1] INFO  server.RaftServerConfigKeys (ConfUtils.java:logGet(46)) - raft.server.log.async-flush.enabled = false (default)
2023-03-07 04:44:16,227 [s0-impl-thread1] INFO  server.RaftServerConfigKeys (ConfUtils.java:logGet(46)) - raft.server.log.statemachine.data.caching.enabled = false (default)
2023-03-07 04:44:16,228 [s0-impl-thread1] INFO  segmented.SegmentedRaftLogWorker (SegmentedRaftLogWorker.java:lambda$new$0(134)) - s0@group-7D030BC7DACF-SegmentedRaftLogWorker: flushIndex: setUnconditionally 0 -> -1
2023-03-07 04:44:16,228 [s0-impl-thread1] INFO  segmented.SegmentedRaftLogWorker (SegmentedRaftLogWorker.java:lambda$new$0(134)) - s0@group-7D030BC7DACF-SegmentedRaftLogWorker: safeCacheEvictIndex: setUnconditionally 0 -> -1
2023-03-07 04:44:16,228 [s0-impl-thread1] INFO  server.RaftServer$Division (RaftServerImpl.java:start(342)) - s0@group-7D030BC7DACF: start as a follower, conf=-1: peers:[s0|rpc:localhost:42535|admin:localhost:35405|client:localhost:39303|dataStream:localhost:42483|priority:0|startupRole:FOLLOWER, s1|rpc:localhost:43683|admin:localhost:36249|client:localhost:42541|dataStream:localhost:40463|priority:0|startupRole:FOLLOWER, s2|rpc:localhost:36781|admin:localhost:42223|client:localhost:43275|dataStream:localhost:39661|priority:0|startupRole:FOLLOWER]|listeners:[], old=null
2023-03-07 04:44:16,228 [s0-impl-thread1] INFO  server.RaftServer$Division (RaftServerImpl.java:setRole(329)) - s0@group-7D030BC7DACF: changes role from      null to FOLLOWER at term 0 for startAsFollower
2023-03-07 04:44:16,228 [s0-impl-thread1] INFO  impl.RoleInfo (RoleInfo.java:updateAndGet(139)) - s0: start s0@group-7D030BC7DACF-FollowerState
2023-03-07 04:44:16,231 [s0-impl-thread1] INFO  util.JmxRegister (JmxRegister.java:tryRegister(44)) - Successfully registered JMX Bean with object name Ratis:service=RaftServer,group=group-7D030BC7DACF,id=s0
2023-03-07 04:44:16,231 [s0-impl-thread1] INFO  server.RaftServerConfigKeys (ConfUtils.java:logGet(46)) - raft.server.snapshot.auto.trigger.enabled = false (default)
2023-03-07 04:44:16,231 [s0-impl-thread1] INFO  server.RaftServerConfigKeys (ConfUtils.java:logGet(46)) - raft.server.snapshot.retention.file.num = -1 (default)
2023-03-07 04:44:16,231 [s0-impl-thread1] INFO  server.RaftServerConfigKeys (ConfUtils.java:logGet(46)) - raft.server.log.purge.upto.snapshot.index = false (default)
2023-03-07 04:44:16,231 [s0@group-7D030BC7DACF-FollowerState] INFO  server.RaftServerConfigKeys (ConfUtils.java:logFallback(53)) - raft.server.rpc.first-election.timeout.min = 150ms (fallback to raft.server.rpc.timeout.min)
2023-03-07 04:44:16,231 [s0@group-7D030BC7DACF-FollowerState] INFO  server.RaftServerConfigKeys (ConfUtils.java:logFallback(53)) - raft.server.rpc.first-election.timeout.max = 300ms (fallback to raft.server.rpc.timeout.max)
2023-03-07 04:44:16,232 [Time-limited test] INFO  server.RaftServer (RaftServerProxy.java:startImpl(401)) - s0: start RPC server
2023-03-07 04:44:16,232 [Time-limited test] INFO  server.GrpcService (GrpcService.java:startImpl(302)) - s0: GrpcService started, listening on 39303
2023-03-07 04:44:16,233 [Time-limited test] INFO  server.GrpcService (GrpcService.java:startImpl(302)) - s0: GrpcService started, listening on 42535
2023-03-07 04:44:16,233 [Time-limited test] INFO  server.GrpcService (GrpcService.java:startImpl(302)) - s0: GrpcService started, listening on 35405
2023-03-07 04:44:16,234 [s1-impl-thread1] INFO  server.RaftServerConfigKeys (ConfUtils.java:logGet(46)) - raft.server.storage.free-space.min = 0MB (=0) (default)
2023-03-07 04:44:16,234 [JvmPauseMonitor20] INFO  util.JvmPauseMonitor (JvmPauseMonitor.java:run(103)) - JvmPauseMonitor-s0: Started
2023-03-07 04:44:16,234 [s1-impl-thread1] INFO  server.RaftServerConfigKeys (ConfUtils.java:logGet(46)) - raft.server.log.corruption.policy = EXCEPTION (default)
2023-03-07 04:44:16,234 [s1-impl-thread1] INFO  server.RaftServerConfigKeys (ConfUtils.java:logGet(46)) - raft.server.storage.dir = [/home/runner/work/ratis/ratis/ratis-test/target/test/data/ac5303ae/MiniRaftClusterWithGrpc8fdb07e4/s1] (custom)
2023-03-07 04:44:16,234 [s1-impl-thread1] INFO  storage.RaftStorageDirectory (RaftStorageDirectoryImpl.java:analyzeStorage(138)) - The storage directory /home/runner/work/ratis/ratis/ratis-test/target/test/data/ac5303ae/MiniRaftClusterWithGrpc8fdb07e4/s1/ae757874-cc36-4eb3-81ad-7d030bc7dacf does not exist. Creating ...
2023-03-07 04:44:16,234 [s1-impl-thread1] TRACE util.FileUtils (LogUtils.java:runAndLog(49)) - Successfully ran Files.createDirectories /home/runner/work/ratis/ratis/ratis-test/target/test/data/ac5303ae/MiniRaftClusterWithGrpc8fdb07e4/s1/ae757874-cc36-4eb3-81ad-7d030bc7dacf
2023-03-07 04:44:16,235 [s1-impl-thread1] INFO  storage.RaftStorageDirectory (RaftStorageDirectoryImpl.java:tryLock(232)) - Lock on /home/runner/work/ratis/ratis/ratis-test/target/test/data/ac5303ae/MiniRaftClusterWithGrpc8fdb07e4/s1/ae757874-cc36-4eb3-81ad-7d030bc7dacf/in_use.lock acquired by nodename 17652@fv-az443-797
2023-03-07 04:44:16,235 [s1-impl-thread1] TRACE util.FileUtils (LogUtils.java:runAndLog(49)) - Successfully ran Files.createDirectories /home/runner/work/ratis/ratis/ratis-test/target/test/data/ac5303ae/MiniRaftClusterWithGrpc8fdb07e4/s1/ae757874-cc36-4eb3-81ad-7d030bc7dacf/current
2023-03-07 04:44:16,235 [s1-impl-thread1] TRACE util.FileUtils (LogUtils.java:runAndLog(49)) - Successfully ran Files.createDirectories /home/runner/work/ratis/ratis/ratis-test/target/test/data/ac5303ae/MiniRaftClusterWithGrpc8fdb07e4/s1/ae757874-cc36-4eb3-81ad-7d030bc7dacf/sm
2023-03-07 04:44:16,236 [s1-impl-thread1] INFO  storage.RaftStorage (RaftStorageImpl.java:format(96)) - Storage directory /home/runner/work/ratis/ratis/ratis-test/target/test/data/ac5303ae/MiniRaftClusterWithGrpc8fdb07e4/s1/ae757874-cc36-4eb3-81ad-7d030bc7dacf has been successfully formatted.
2023-03-07 04:44:16,237 [s1-impl-thread1] INFO  impl.SimpleStateMachine4Testing (SimpleStateMachine4Testing.java:initialize(213)) - Initializing SimpleStateMachine4Testing:uninitialized
2023-03-07 04:44:16,237 [s1-impl-thread1] INFO  impl.SimpleStateMachine4Testing (SimpleStateMachine4Testing.java:loadSnapshot(293)) - Loading snapshot null
2023-03-07 04:44:16,237 [s1-impl-thread1] INFO  server.RaftServerConfigKeys (ConfUtils.java:logGet(46)) - raft.server.log.use.memory = false (default)
2023-03-07 04:44:16,237 [s1-impl-thread1] INFO  server.RaftServerConfigKeys (ConfUtils.java:logGet(46)) - raft.server.log.purge.gap = 1024 (default)
2023-03-07 04:44:16,237 [s1-impl-thread1] INFO  server.RaftServerConfigKeys (ConfUtils.java:logGet(46)) - raft.server.log.appender.buffer.byte-limit = 4MB (=4194304) (default)
2023-03-07 04:44:16,237 [s1-impl-thread1] INFO  server.RaftServerConfigKeys (ConfUtils.java:logGet(46)) - raft.server.log.statemachine.data.read.timeout = 1000ms (default)
2023-03-07 04:44:16,237 [s1-impl-thread1] INFO  server.RaftServerConfigKeys (ConfUtils.java:logGet(46)) - raft.server.log.purge.preservation.log.num = 0 (default)
2023-03-07 04:44:16,237 [s1-impl-thread1] INFO  server.RaftServerConfigKeys (ConfUtils.java:logGet(46)) - raft.server.log.segment.size.max = 8MB (=8388608) (default)
2023-03-07 04:44:16,237 [s1-impl-thread1] INFO  server.RaftServerConfigKeys (ConfUtils.java:logGet(46)) - raft.server.log.segment.cache.num.max = 6 (default)
2023-03-07 04:44:16,237 [s1-impl-thread1] INFO  server.RaftServerConfigKeys (ConfUtils.java:logGet(46)) - raft.server.log.segment.cache.size.max = 200MB (=209715200) (default)
2023-03-07 04:44:16,237 [s1-impl-thread1] INFO  server.RaftServerConfigKeys (ConfUtils.java:logGet(46)) - raft.server.log.appender.buffer.byte-limit = 4MB (=4194304) (default)
2023-03-07 04:44:16,237 [s1-impl-thread1] INFO  segmented.SegmentedRaftLogWorker (SegmentedRaftLogWorker.java:<init>(183)) - new s1@group-7D030BC7DACF-SegmentedRaftLogWorker for RaftStorageImpl:Storage Directory /home/runner/work/ratis/ratis/ratis-test/target/test/data/ac5303ae/MiniRaftClusterWithGrpc8fdb07e4/s1/ae757874-cc36-4eb3-81ad-7d030bc7dacf
2023-03-07 04:44:16,237 [s1-impl-thread1] INFO  server.RaftServerConfigKeys (ConfUtils.java:logGet(46)) - raft.server.log.queue.byte-limit = 64MB (=67108864) (default)
2023-03-07 04:44:16,237 [s1-impl-thread1] INFO  server.RaftServerConfigKeys (ConfUtils.java:logGet(46)) - raft.server.log.queue.element-limit = 4096 (default)
2023-03-07 04:44:16,237 [s1-impl-thread1] INFO  server.RaftServerConfigKeys (ConfUtils.java:logGet(46)) - raft.server.log.segment.size.max = 8MB (=8388608) (default)
2023-03-07 04:44:16,237 [s1-impl-thread1] INFO  server.RaftServerConfigKeys (ConfUtils.java:logGet(46)) - raft.server.log.preallocated.size = 4MB (=4194304) (default)
2023-03-07 04:44:16,237 [s1-impl-thread1] INFO  server.RaftServerConfigKeys (ConfUtils.java:logGet(46)) - raft.server.log.force.sync.num = 128 (default)
2023-03-07 04:44:16,237 [s1-impl-thread1] INFO  server.RaftServerConfigKeys (ConfUtils.java:logGet(46)) - raft.server.log.statemachine.data.sync = true (default)
2023-03-07 04:44:16,238 [s1-impl-thread1] INFO  server.RaftServerConfigKeys (ConfUtils.java:logGet(46)) - raft.server.log.statemachine.data.sync.timeout = 10s (default)
2023-03-07 04:44:16,238 [s1-impl-thread1] INFO  server.RaftServerConfigKeys (ConfUtils.java:logGet(46)) - raft.server.log.statemachine.data.sync.timeout.retry = -1 (default)
2023-03-07 04:44:16,238 [s1-impl-thread1] INFO  server.RaftServerConfigKeys (ConfUtils.java:logGet(46)) - raft.server.log.write.buffer.size = 64KB (=65536) (default)
2023-03-07 04:44:16,238 [s1-impl-thread1] INFO  server.RaftServerConfigKeys (ConfUtils.java:logGet(46)) - raft.server.log.appender.buffer.byte-limit = 4MB (=4194304) (default)
2023-03-07 04:44:16,238 [s1-impl-thread1] INFO  server.RaftServerConfigKeys (ConfUtils.java:logGet(46)) - raft.server.log.unsafe-flush.enabled = false (default)
2023-03-07 04:44:16,238 [s1-impl-thread1] INFO  server.RaftServerConfigKeys (ConfUtils.java:logGet(46)) - raft.server.log.async-flush.enabled = false (default)
2023-03-07 04:44:16,238 [s1-impl-thread1] INFO  server.RaftServerConfigKeys (ConfUtils.java:logGet(46)) - raft.server.log.statemachine.data.caching.enabled = false (default)
2023-03-07 04:44:16,239 [s1-impl-thread1] INFO  segmented.SegmentedRaftLogWorker (SegmentedRaftLogWorker.java:lambda$new$0(134)) - s1@group-7D030BC7DACF-SegmentedRaftLogWorker: flushIndex: setUnconditionally 0 -> -1
2023-03-07 04:44:16,239 [s1-impl-thread1] INFO  segmented.SegmentedRaftLogWorker (SegmentedRaftLogWorker.java:lambda$new$0(134)) - s1@group-7D030BC7DACF-SegmentedRaftLogWorker: safeCacheEvictIndex: setUnconditionally 0 -> -1
2023-03-07 04:44:16,240 [s1-impl-thread1] INFO  server.RaftServer$Division (RaftServerImpl.java:start(342)) - s1@group-7D030BC7DACF: start as a follower, conf=-1: peers:[s0|rpc:localhost:42535|admin:localhost:35405|client:localhost:39303|dataStream:localhost:42483|priority:0|startupRole:FOLLOWER, s1|rpc:localhost:43683|admin:localhost:36249|client:localhost:42541|dataStream:localhost:40463|priority:0|startupRole:FOLLOWER, s2|rpc:localhost:36781|admin:localhost:42223|client:localhost:43275|dataStream:localhost:39661|priority:0|startupRole:FOLLOWER]|listeners:[], old=null
2023-03-07 04:44:16,240 [s1-impl-thread1] INFO  server.RaftServer$Division (RaftServerImpl.java:setRole(329)) - s1@group-7D030BC7DACF: changes role from      null to FOLLOWER at term 0 for startAsFollower
2023-03-07 04:44:16,240 [s1-impl-thread1] INFO  impl.RoleInfo (RoleInfo.java:updateAndGet(139)) - s1: start s1@group-7D030BC7DACF-FollowerState
2023-03-07 04:44:16,241 [s1-impl-thread1] INFO  util.JmxRegister (JmxRegister.java:tryRegister(44)) - Successfully registered JMX Bean with object name Ratis:service=RaftServer,group=group-7D030BC7DACF,id=s1
2023-03-07 04:44:16,241 [s1-impl-thread1] INFO  server.RaftServerConfigKeys (ConfUtils.java:logGet(46)) - raft.server.snapshot.auto.trigger.enabled = false (default)
2023-03-07 04:44:16,241 [s1-impl-thread1] INFO  server.RaftServerConfigKeys (ConfUtils.java:logGet(46)) - raft.server.snapshot.retention.file.num = -1 (default)
2023-03-07 04:44:16,241 [s1-impl-thread1] INFO  server.RaftServerConfigKeys (ConfUtils.java:logGet(46)) - raft.server.log.purge.upto.snapshot.index = false (default)
2023-03-07 04:44:16,242 [s1@group-7D030BC7DACF-FollowerState] INFO  server.RaftServerConfigKeys (ConfUtils.java:logFallback(53)) - raft.server.rpc.first-election.timeout.min = 150ms (fallback to raft.server.rpc.timeout.min)
2023-03-07 04:44:16,242 [s1@group-7D030BC7DACF-FollowerState] INFO  server.RaftServerConfigKeys (ConfUtils.java:logFallback(53)) - raft.server.rpc.first-election.timeout.max = 300ms (fallback to raft.server.rpc.timeout.max)
2023-03-07 04:44:16,242 [Time-limited test] INFO  server.RaftServer (RaftServerProxy.java:startImpl(401)) - s1: start RPC server
2023-03-07 04:44:16,243 [Time-limited test] INFO  server.GrpcService (GrpcService.java:startImpl(302)) - s1: GrpcService started, listening on 42541
2023-03-07 04:44:16,243 [Time-limited test] INFO  server.GrpcService (GrpcService.java:startImpl(302)) - s1: GrpcService started, listening on 43683
2023-03-07 04:44:16,244 [Time-limited test] INFO  server.GrpcService (GrpcService.java:startImpl(302)) - s1: GrpcService started, listening on 36249
2023-03-07 04:44:16,244 [s2-impl-thread1] INFO  server.RaftServerConfigKeys (ConfUtils.java:logGet(46)) - raft.server.storage.free-space.min = 0MB (=0) (default)
2023-03-07 04:44:16,244 [s2-impl-thread1] INFO  server.RaftServerConfigKeys (ConfUtils.java:logGet(46)) - raft.server.log.corruption.policy = EXCEPTION (default)
2023-03-07 04:44:16,245 [s2-impl-thread1] INFO  server.RaftServerConfigKeys (ConfUtils.java:logGet(46)) - raft.server.storage.dir = [/home/runner/work/ratis/ratis/ratis-test/target/test/data/ac5303ae/MiniRaftClusterWithGrpc8fdb07e4/s2] (custom)
2023-03-07 04:44:16,245 [s2-impl-thread1] INFO  storage.RaftStorageDirectory (RaftStorageDirectoryImpl.java:analyzeStorage(138)) - The storage directory /home/runner/work/ratis/ratis/ratis-test/target/test/data/ac5303ae/MiniRaftClusterWithGrpc8fdb07e4/s2/ae757874-cc36-4eb3-81ad-7d030bc7dacf does not exist. Creating ...
2023-03-07 04:44:16,245 [s2-impl-thread1] TRACE util.FileUtils (LogUtils.java:runAndLog(49)) - Successfully ran Files.createDirectories /home/runner/work/ratis/ratis/ratis-test/target/test/data/ac5303ae/MiniRaftClusterWithGrpc8fdb07e4/s2/ae757874-cc36-4eb3-81ad-7d030bc7dacf
2023-03-07 04:44:16,246 [JvmPauseMonitor21] INFO  util.JvmPauseMonitor (JvmPauseMonitor.java:run(103)) - JvmPauseMonitor-s1: Started
2023-03-07 04:44:16,246 [s2-impl-thread1] INFO  storage.RaftStorageDirectory (RaftStorageDirectoryImpl.java:tryLock(232)) - Lock on /home/runner/work/ratis/ratis/ratis-test/target/test/data/ac5303ae/MiniRaftClusterWithGrpc8fdb07e4/s2/ae757874-cc36-4eb3-81ad-7d030bc7dacf/in_use.lock acquired by nodename 17652@fv-az443-797
2023-03-07 04:44:16,246 [s2-impl-thread1] TRACE util.FileUtils (LogUtils.java:runAndLog(49)) - Successfully ran Files.createDirectories /home/runner/work/ratis/ratis/ratis-test/target/test/data/ac5303ae/MiniRaftClusterWithGrpc8fdb07e4/s2/ae757874-cc36-4eb3-81ad-7d030bc7dacf/current
2023-03-07 04:44:16,246 [s2-impl-thread1] TRACE util.FileUtils (LogUtils.java:runAndLog(49)) - Successfully ran Files.createDirectories /home/runner/work/ratis/ratis/ratis-test/target/test/data/ac5303ae/MiniRaftClusterWithGrpc8fdb07e4/s2/ae757874-cc36-4eb3-81ad-7d030bc7dacf/sm
2023-03-07 04:44:16,247 [s2-impl-thread1] INFO  storage.RaftStorage (RaftStorageImpl.java:format(96)) - Storage directory /home/runner/work/ratis/ratis/ratis-test/target/test/data/ac5303ae/MiniRaftClusterWithGrpc8fdb07e4/s2/ae757874-cc36-4eb3-81ad-7d030bc7dacf has been successfully formatted.
2023-03-07 04:44:16,247 [s2-impl-thread1] INFO  impl.SimpleStateMachine4Testing (SimpleStateMachine4Testing.java:initialize(213)) - Initializing SimpleStateMachine4Testing:uninitialized
2023-03-07 04:44:16,247 [s2-impl-thread1] INFO  impl.SimpleStateMachine4Testing (SimpleStateMachine4Testing.java:loadSnapshot(293)) - Loading snapshot null
2023-03-07 04:44:16,247 [s2-impl-thread1] INFO  server.RaftServerConfigKeys (ConfUtils.java:logGet(46)) - raft.server.log.use.memory = false (default)
2023-03-07 04:44:16,247 [s2-impl-thread1] INFO  server.RaftServerConfigKeys (ConfUtils.java:logGet(46)) - raft.server.log.purge.gap = 1024 (default)
2023-03-07 04:44:16,247 [s2-impl-thread1] INFO  server.RaftServerConfigKeys (ConfUtils.java:logGet(46)) - raft.server.log.appender.buffer.byte-limit = 4MB (=4194304) (default)
2023-03-07 04:44:16,247 [s2-impl-thread1] INFO  server.RaftServerConfigKeys (ConfUtils.java:logGet(46)) - raft.server.log.statemachine.data.read.timeout = 1000ms (default)
2023-03-07 04:44:16,248 [s2-impl-thread1] INFO  server.RaftServerConfigKeys (ConfUtils.java:logGet(46)) - raft.server.log.purge.preservation.log.num = 0 (default)
2023-03-07 04:44:16,248 [s2-impl-thread1] INFO  server.RaftServerConfigKeys (ConfUtils.java:logGet(46)) - raft.server.log.segment.size.max = 8MB (=8388608) (default)
2023-03-07 04:44:16,248 [s2-impl-thread1] INFO  server.RaftServerConfigKeys (ConfUtils.java:logGet(46)) - raft.server.log.segment.cache.num.max = 6 (default)
2023-03-07 04:44:16,248 [s2-impl-thread1] INFO  server.RaftServerConfigKeys (ConfUtils.java:logGet(46)) - raft.server.log.segment.cache.size.max = 200MB (=209715200) (default)
2023-03-07 04:44:16,248 [s2-impl-thread1] INFO  server.RaftServerConfigKeys (ConfUtils.java:logGet(46)) - raft.server.log.appender.buffer.byte-limit = 4MB (=4194304) (default)
2023-03-07 04:44:16,248 [s2-impl-thread1] INFO  segmented.SegmentedRaftLogWorker (SegmentedRaftLogWorker.java:<init>(183)) - new s2@group-7D030BC7DACF-SegmentedRaftLogWorker for RaftStorageImpl:Storage Directory /home/runner/work/ratis/ratis/ratis-test/target/test/data/ac5303ae/MiniRaftClusterWithGrpc8fdb07e4/s2/ae757874-cc36-4eb3-81ad-7d030bc7dacf
2023-03-07 04:44:16,248 [s2-impl-thread1] INFO  server.RaftServerConfigKeys (ConfUtils.java:logGet(46)) - raft.server.log.queue.byte-limit = 64MB (=67108864) (default)
2023-03-07 04:44:16,248 [s2-impl-thread1] INFO  server.RaftServerConfigKeys (ConfUtils.java:logGet(46)) - raft.server.log.queue.element-limit = 4096 (default)
2023-03-07 04:44:16,248 [s2-impl-thread1] INFO  server.RaftServerConfigKeys (ConfUtils.java:logGet(46)) - raft.server.log.segment.size.max = 8MB (=8388608) (default)
2023-03-07 04:44:16,248 [s2-impl-thread1] INFO  server.RaftServerConfigKeys (ConfUtils.java:logGet(46)) - raft.server.log.preallocated.size = 4MB (=4194304) (default)
2023-03-07 04:44:16,248 [s2-impl-thread1] INFO  server.RaftServerConfigKeys (ConfUtils.java:logGet(46)) - raft.server.log.force.sync.num = 128 (default)
2023-03-07 04:44:16,248 [s2-impl-thread1] INFO  server.RaftServerConfigKeys (ConfUtils.java:logGet(46)) - raft.server.log.statemachine.data.sync = true (default)
2023-03-07 04:44:16,248 [s2-impl-thread1] INFO  server.RaftServerConfigKeys (ConfUtils.java:logGet(46)) - raft.server.log.statemachine.data.sync.timeout = 10s (default)
2023-03-07 04:44:16,248 [s2-impl-thread1] INFO  server.RaftServerConfigKeys (ConfUtils.java:logGet(46)) - raft.server.log.statemachine.data.sync.timeout.retry = -1 (default)
2023-03-07 04:44:16,248 [s2-impl-thread1] INFO  server.RaftServerConfigKeys (ConfUtils.java:logGet(46)) - raft.server.log.write.buffer.size = 64KB (=65536) (default)
2023-03-07 04:44:16,248 [s2-impl-thread1] INFO  server.RaftServerConfigKeys (ConfUtils.java:logGet(46)) - raft.server.log.appender.buffer.byte-limit = 4MB (=4194304) (default)
2023-03-07 04:44:16,249 [s2-impl-thread1] INFO  server.RaftServerConfigKeys (ConfUtils.java:logGet(46)) - raft.server.log.unsafe-flush.enabled = false (default)
2023-03-07 04:44:16,249 [s2-impl-thread1] INFO  server.RaftServerConfigKeys (ConfUtils.java:logGet(46)) - raft.server.log.async-flush.enabled = false (default)
2023-03-07 04:44:16,249 [s2-impl-thread1] INFO  server.RaftServerConfigKeys (ConfUtils.java:logGet(46)) - raft.server.log.statemachine.data.caching.enabled = false (default)
2023-03-07 04:44:16,249 [s2-impl-thread1] INFO  segmented.SegmentedRaftLogWorker (SegmentedRaftLogWorker.java:lambda$new$0(134)) - s2@group-7D030BC7DACF-SegmentedRaftLogWorker: flushIndex: setUnconditionally 0 -> -1
2023-03-07 04:44:16,249 [s2-impl-thread1] INFO  segmented.SegmentedRaftLogWorker (SegmentedRaftLogWorker.java:lambda$new$0(134)) - s2@group-7D030BC7DACF-SegmentedRaftLogWorker: safeCacheEvictIndex: setUnconditionally 0 -> -1
2023-03-07 04:44:16,249 [s2-impl-thread1] INFO  server.RaftServer$Division (RaftServerImpl.java:start(342)) - s2@group-7D030BC7DACF: start as a follower, conf=-1: peers:[s0|rpc:localhost:42535|admin:localhost:35405|client:localhost:39303|dataStream:localhost:42483|priority:0|startupRole:FOLLOWER, s1|rpc:localhost:43683|admin:localhost:36249|client:localhost:42541|dataStream:localhost:40463|priority:0|startupRole:FOLLOWER, s2|rpc:localhost:36781|admin:localhost:42223|client:localhost:43275|dataStream:localhost:39661|priority:0|startupRole:FOLLOWER]|listeners:[], old=null
2023-03-07 04:44:16,249 [s2-impl-thread1] INFO  server.RaftServer$Division (RaftServerImpl.java:setRole(329)) - s2@group-7D030BC7DACF: changes role from      null to FOLLOWER at term 0 for startAsFollower
2023-03-07 04:44:16,249 [s2-impl-thread1] INFO  impl.RoleInfo (RoleInfo.java:updateAndGet(139)) - s2: start s2@group-7D030BC7DACF-FollowerState
2023-03-07 04:44:16,252 [s2-impl-thread1] INFO  util.JmxRegister (JmxRegister.java:tryRegister(44)) - Successfully registered JMX Bean with object name Ratis:service=RaftServer,group=group-7D030BC7DACF,id=s2
2023-03-07 04:44:16,252 [s2-impl-thread1] INFO  server.RaftServerConfigKeys (ConfUtils.java:logGet(46)) - raft.server.snapshot.auto.trigger.enabled = false (default)
2023-03-07 04:44:16,253 [s2-impl-thread1] INFO  server.RaftServerConfigKeys (ConfUtils.java:logGet(46)) - raft.server.snapshot.retention.file.num = -1 (default)
2023-03-07 04:44:16,253 [s2-impl-thread1] INFO  server.RaftServerConfigKeys (ConfUtils.java:logGet(46)) - raft.server.log.purge.upto.snapshot.index = false (default)
2023-03-07 04:44:16,253 [s2@group-7D030BC7DACF-FollowerState] INFO  server.RaftServerConfigKeys (ConfUtils.java:logFallback(53)) - raft.server.rpc.first-election.timeout.min = 150ms (fallback to raft.server.rpc.timeout.min)
2023-03-07 04:44:16,253 [s2@group-7D030BC7DACF-FollowerState] INFO  server.RaftServerConfigKeys (ConfUtils.java:logFallback(53)) - raft.server.rpc.first-election.timeout.max = 300ms (fallback to raft.server.rpc.timeout.max)
2023-03-07 04:44:16,256 [Time-limited test] INFO  server.RaftServer (RaftServerProxy.java:startImpl(401)) - s2: start RPC server
2023-03-07 04:44:16,257 [Time-limited test] INFO  server.GrpcService (GrpcService.java:startImpl(302)) - s2: GrpcService started, listening on 43275
2023-03-07 04:44:16,257 [Time-limited test] INFO  server.GrpcService (GrpcService.java:startImpl(302)) - s2: GrpcService started, listening on 36781
2023-03-07 04:44:16,258 [Time-limited test] INFO  server.GrpcService (GrpcService.java:startImpl(302)) - s2: GrpcService started, listening on 42223
2023-03-07 04:44:16,258 [JvmPauseMonitor22] INFO  util.JvmPauseMonitor (JvmPauseMonitor.java:run(103)) - JvmPauseMonitor-s2: Started
2023-03-07 04:44:16,258 [Time-limited test] DEBUG client.GrpcClientProtocolClient (ConfUtils.java:logGet(46)) - raft.grpc.flow.control.window = 1MB (=1048576) (default)
2023-03-07 04:44:16,259 [Time-limited test] DEBUG client.GrpcClientProtocolClient (ConfUtils.java:logGet(46)) - raft.grpc.message.size.max = 64MB (=67108864) (default)
2023-03-07 04:44:16,269 [grpc-default-executor-11] TRACE client.GrpcClientProtocolClient (GrpcClientProtocolClient.java:onNext(311)) - client-FA996A3334B6->s0: receive RaftClientReply:client-FA996A3334B6->s0@group-7D030BC7DACF, cid=92, FAILED org.apache.ratis.protocol.exceptions.NotLeaderException: Server s0@group-7D030BC7DACF is not the leader, logIndex=0, commits[s0:c-1]
2023-03-07 04:44:16,371 [timer2] DEBUG client.GrpcClientProtocolClient (ConfUtils.java:logGet(46)) - raft.grpc.flow.control.window = 1MB (=1048576) (default)
2023-03-07 04:44:16,372 [timer2] DEBUG client.GrpcClientProtocolClient (ConfUtils.java:logGet(46)) - raft.grpc.message.size.max = 64MB (=67108864) (default)
2023-03-07 04:44:16,379 [grpc-default-executor-11] TRACE client.GrpcClientProtocolClient (GrpcClientProtocolClient.java:onNext(311)) - client-FA996A3334B6->s2: receive RaftClientReply:client-FA996A3334B6->s2@group-7D030BC7DACF, cid=92, FAILED org.apache.ratis.protocol.exceptions.NotLeaderException: Server s2@group-7D030BC7DACF is not the leader, logIndex=0, commits[s2:c-1]
2023-03-07 04:44:16,437 [s0@group-7D030BC7DACF-FollowerState] INFO  impl.FollowerState (FollowerState.java:run(143)) - s0@group-7D030BC7DACF-FollowerState: change to CANDIDATE, lastRpcElapsedTime:208068097ns, electionTimeout:205ms
2023-03-07 04:44:16,437 [s0@group-7D030BC7DACF-FollowerState] INFO  impl.RoleInfo (RoleInfo.java:shutdownFollowerState(110)) - s0: shutdown s0@group-7D030BC7DACF-FollowerState
2023-03-07 04:44:16,437 [s0@group-7D030BC7DACF-FollowerState] INFO  server.RaftServer$Division (RaftServerImpl.java:setRole(329)) - s0@group-7D030BC7DACF: changes role from  FOLLOWER to CANDIDATE at term 0 for changeToCandidate
2023-03-07 04:44:16,437 [s0@group-7D030BC7DACF-FollowerState] INFO  server.RaftServerConfigKeys (ConfUtils.java:logGet(46)) - raft.server.leaderelection.pre-vote = true (default)
2023-03-07 04:44:16,437 [s0@group-7D030BC7DACF-FollowerState] INFO  impl.RoleInfo (RoleInfo.java:updateAndGet(139)) - s0: start s0@group-7D030BC7DACF-LeaderElection17
2023-03-07 04:44:16,441 [s0@group-7D030BC7DACF-LeaderElection17] INFO  impl.LeaderElection (LeaderElection.java:askForVotes(309)) - s0@group-7D030BC7DACF-LeaderElection17 PRE_VOTE round 0: submit vote requests at term 0 for -1: peers:[s0|rpc:localhost:42535|admin:localhost:35405|client:localhost:39303|dataStream:localhost:42483|priority:0|startupRole:FOLLOWER, s1|rpc:localhost:43683|admin:localhost:36249|client:localhost:42541|dataStream:localhost:40463|priority:0|startupRole:FOLLOWER, s2|rpc:localhost:36781|admin:localhost:42223|client:localhost:43275|dataStream:localhost:39661|priority:0|startupRole:FOLLOWER]|listeners:[], old=null
2023-03-07 04:44:16,442 [s0@group-7D030BC7DACF-LeaderElection17-1] INFO  server.GrpcServerProtocolClient (GrpcServerProtocolClient.java:<init>(64)) - Build channel for s1
2023-03-07 04:44:16,442 [s0@group-7D030BC7DACF-LeaderElection17] INFO  server.RaftServerConfigKeys (ConfUtils.java:logFallback(53)) - raft.server.rpc.first-election.timeout.min = 150ms (fallback to raft.server.rpc.timeout.min)
2023-03-07 04:44:16,442 [s0@group-7D030BC7DACF-LeaderElection17] INFO  server.RaftServerConfigKeys (ConfUtils.java:logFallback(53)) - raft.server.rpc.first-election.timeout.max = 300ms (fallback to raft.server.rpc.timeout.max)
2023-03-07 04:44:16,442 [s0@group-7D030BC7DACF-LeaderElection17-2] INFO  server.GrpcServerProtocolClient (GrpcServerProtocolClient.java:<init>(64)) - Build channel for s2
2023-03-07 04:44:16,447 [grpc-default-executor-11] INFO  server.RaftServer$Division (RaftServerImpl.java:requestVote(1302)) - s1@group-7D030BC7DACF: receive requestVote(PRE_VOTE, s0, group-7D030BC7DACF, 0, (t:0, i:0))
2023-03-07 04:44:16,447 [grpc-default-executor-11] INFO  impl.VoteContext (VoteContext.java:log(49)) - s1@group-7D030BC7DACF-FOLLOWER: accept PRE_VOTE from s0: our priority 0 <= candidate's priority 0
2023-03-07 04:44:16,447 [grpc-default-executor-11] INFO  server.RaftServer$Division (RaftServerImpl.java:requestVote(1335)) - s1@group-7D030BC7DACF replies to PRE_VOTE vote request: s0<-s1#0:OK-t0. Peer's state: s1@group-7D030BC7DACF:t0, leader=null, voted=, raftlog=Memoized:s1@group-7D030BC7DACF-SegmentedRaftLog:OPENED:c-1, conf=-1: peers:[s0|rpc:localhost:42535|admin:localhost:35405|client:localhost:39303|dataStream:localhost:42483|priority:0|startupRole:FOLLOWER, s1|rpc:localhost:43683|admin:localhost:36249|client:localhost:42541|dataStream:localhost:40463|priority:0|startupRole:FOLLOWER, s2|rpc:localhost:36781|admin:localhost:42223|client:localhost:43275|dataStream:localhost:39661|priority:0|startupRole:FOLLOWER]|listeners:[], old=null
2023-03-07 04:44:16,448 [s0@group-7D030BC7DACF-LeaderElection17] INFO  impl.LeaderElection (LeaderElection.java:logAndReturn(89)) - s0@group-7D030BC7DACF-LeaderElection17: PRE_VOTE PASSED received 1 response(s) and 0 exception(s):
2023-03-07 04:44:16,448 [s0@group-7D030BC7DACF-LeaderElection17] INFO  impl.LeaderElection (LeaderElection.java:logAndReturn(93)) -   Response 0: s0<-s1#0:OK-t0
2023-03-07 04:44:16,448 [s0@group-7D030BC7DACF-LeaderElection17] INFO  impl.LeaderElection (LeaderElection.java:askForVotes(311)) - s0@group-7D030BC7DACF-LeaderElection17 PRE_VOTE round 0: result PASSED
2023-03-07 04:44:16,450 [s0@group-7D030BC7DACF-LeaderElection17] INFO  impl.LeaderElection (LeaderElection.java:askForVotes(309)) - s0@group-7D030BC7DACF-LeaderElection17 ELECTION round 0: submit vote requests at term 1 for -1: peers:[s0|rpc:localhost:42535|admin:localhost:35405|client:localhost:39303|dataStream:localhost:42483|priority:0|startupRole:FOLLOWER, s1|rpc:localhost:43683|admin:localhost:36249|client:localhost:42541|dataStream:localhost:40463|priority:0|startupRole:FOLLOWER, s2|rpc:localhost:36781|admin:localhost:42223|client:localhost:43275|dataStream:localhost:39661|priority:0|startupRole:FOLLOWER]|listeners:[], old=null
2023-03-07 04:44:16,453 [grpc-default-executor-11] INFO  server.RaftServer$Division (RaftServerImpl.java:requestVote(1302)) - s2@group-7D030BC7DACF: receive requestVote(PRE_VOTE, s0, group-7D030BC7DACF, 0, (t:0, i:0))
2023-03-07 04:44:16,453 [grpc-default-executor-11] INFO  impl.VoteContext (VoteContext.java:log(49)) - s2@group-7D030BC7DACF-FOLLOWER: accept PRE_VOTE from s0: our priority 0 <= candidate's priority 0
2023-03-07 04:44:16,453 [grpc-default-executor-11] INFO  server.RaftServer$Division (RaftServerImpl.java:requestVote(1335)) - s2@group-7D030BC7DACF replies to PRE_VOTE vote request: s0<-s2#0:OK-t0. Peer's state: s2@group-7D030BC7DACF:t0, leader=null, voted=, raftlog=Memoized:s2@group-7D030BC7DACF-SegmentedRaftLog:OPENED:c-1, conf=-1: peers:[s0|rpc:localhost:42535|admin:localhost:35405|client:localhost:39303|dataStream:localhost:42483|priority:0|startupRole:FOLLOWER, s1|rpc:localhost:43683|admin:localhost:36249|client:localhost:42541|dataStream:localhost:40463|priority:0|startupRole:FOLLOWER, s2|rpc:localhost:36781|admin:localhost:42223|client:localhost:43275|dataStream:localhost:39661|priority:0|startupRole:FOLLOWER]|listeners:[], old=null
2023-03-07 04:44:16,455 [grpc-default-executor-11] INFO  server.RaftServer$Division (RaftServerImpl.java:requestVote(1302)) - s1@group-7D030BC7DACF: receive requestVote(ELECTION, s0, group-7D030BC7DACF, 1, (t:0, i:0))
2023-03-07 04:44:16,455 [grpc-default-executor-11] INFO  impl.VoteContext (VoteContext.java:log(49)) - s1@group-7D030BC7DACF-FOLLOWER: accept ELECTION from s0: our priority 0 <= candidate's priority 0
2023-03-07 04:44:16,455 [grpc-default-executor-11] INFO  server.RaftServer$Division (RaftServerImpl.java:setRole(329)) - s1@group-7D030BC7DACF: changes role from  FOLLOWER to FOLLOWER at term 1 for candidate:s0
2023-03-07 04:44:16,455 [grpc-default-executor-11] INFO  impl.RoleInfo (RoleInfo.java:shutdownFollowerState(110)) - s1: shutdown s1@group-7D030BC7DACF-FollowerState
2023-03-07 04:44:16,455 [s0@group-7D030BC7DACF-LeaderElection17] INFO  server.RaftServerConfigKeys (ConfUtils.java:logFallback(53)) - raft.server.rpc.first-election.timeout.min = 150ms (fallback to raft.server.rpc.timeout.min)
2023-03-07 04:44:16,455 [s0@group-7D030BC7DACF-LeaderElection17] INFO  server.RaftServerConfigKeys (ConfUtils.java:logFallback(53)) - raft.server.rpc.first-election.timeout.max = 300ms (fallback to raft.server.rpc.timeout.max)
2023-03-07 04:44:16,457 [grpc-default-executor-11] INFO  impl.RoleInfo (RoleInfo.java:updateAndGet(139)) - s1: start s1@group-7D030BC7DACF-FollowerState
2023-03-07 04:44:16,457 [s1@group-7D030BC7DACF-FollowerState] INFO  server.RaftServerConfigKeys (ConfUtils.java:logFallback(53)) - raft.server.rpc.first-election.timeout.min = 150ms (fallback to raft.server.rpc.timeout.min)
2023-03-07 04:44:16,457 [s1@group-7D030BC7DACF-FollowerState] INFO  server.RaftServerConfigKeys (ConfUtils.java:logFallback(53)) - raft.server.rpc.first-election.timeout.max = 300ms (fallback to raft.server.rpc.timeout.max)
2023-03-07 04:44:16,458 [grpc-default-executor-8] INFO  server.RaftServer$Division (RaftServerImpl.java:requestVote(1302)) - s2@group-7D030BC7DACF: receive requestVote(ELECTION, s0, group-7D030BC7DACF, 1, (t:0, i:0))
2023-03-07 04:44:16,458 [grpc-default-executor-8] INFO  impl.VoteContext (VoteContext.java:log(49)) - s2@group-7D030BC7DACF-FOLLOWER: accept ELECTION from s0: our priority 0 <= candidate's priority 0
2023-03-07 04:44:16,458 [grpc-default-executor-8] INFO  server.RaftServer$Division (RaftServerImpl.java:setRole(329)) - s2@group-7D030BC7DACF: changes role from  FOLLOWER to FOLLOWER at term 1 for candidate:s0
2023-03-07 04:44:16,458 [grpc-default-executor-8] INFO  impl.RoleInfo (RoleInfo.java:shutdownFollowerState(110)) - s2: shutdown s2@group-7D030BC7DACF-FollowerState
2023-03-07 04:44:16,459 [grpc-default-executor-8] INFO  impl.RoleInfo (RoleInfo.java:updateAndGet(139)) - s2: start s2@group-7D030BC7DACF-FollowerState
2023-03-07 04:44:16,459 [s2@group-7D030BC7DACF-FollowerState] INFO  impl.FollowerState (FollowerState.java:run(152)) - s2@group-7D030BC7DACF-FollowerState was interrupted
2023-03-07 04:44:16,461 [s2@group-7D030BC7DACF-FollowerState] INFO  server.RaftServerConfigKeys (ConfUtils.java:logFallback(53)) - raft.server.rpc.first-election.timeout.min = 150ms (fallback to raft.server.rpc.timeout.min)
2023-03-07 04:44:16,461 [grpc-default-executor-8] INFO  server.RaftServer$Division (RaftServerImpl.java:requestVote(1335)) - s2@group-7D030BC7DACF replies to ELECTION vote request: s0<-s2#0:OK-t1. Peer's state: s2@group-7D030BC7DACF:t1, leader=null, voted=s0, raftlog=Memoized:s2@group-7D030BC7DACF-SegmentedRaftLog:OPENED:c-1, conf=-1: peers:[s0|rpc:localhost:42535|admin:localhost:35405|client:localhost:39303|dataStream:localhost:42483|priority:0|startupRole:FOLLOWER, s1|rpc:localhost:43683|admin:localhost:36249|client:localhost:42541|dataStream:localhost:40463|priority:0|startupRole:FOLLOWER, s2|rpc:localhost:36781|admin:localhost:42223|client:localhost:43275|dataStream:localhost:39661|priority:0|startupRole:FOLLOWER]|listeners:[], old=null
2023-03-07 04:44:16,461 [s2@group-7D030BC7DACF-FollowerState] INFO  server.RaftServerConfigKeys (ConfUtils.java:logFallback(53)) - raft.server.rpc.first-election.timeout.max = 300ms (fallback to raft.server.rpc.timeout.max)
2023-03-07 04:44:16,461 [s0@group-7D030BC7DACF-LeaderElection17] INFO  impl.LeaderElection (LeaderElection.java:logAndReturn(89)) - s0@group-7D030BC7DACF-LeaderElection17: ELECTION PASSED received 1 response(s) and 0 exception(s):
2023-03-07 04:44:16,461 [s0@group-7D030BC7DACF-LeaderElection17] INFO  impl.LeaderElection (LeaderElection.java:logAndReturn(93)) -   Response 0: s0<-s2#0:OK-t1
2023-03-07 04:44:16,461 [s0@group-7D030BC7DACF-LeaderElection17] INFO  impl.LeaderElection (LeaderElection.java:askForVotes(311)) - s0@group-7D030BC7DACF-LeaderElection17 ELECTION round 0: result PASSED
2023-03-07 04:44:16,461 [s0@group-7D030BC7DACF-LeaderElection17] INFO  impl.RoleInfo (RoleInfo.java:shutdownLeaderElection(130)) - s0: shutdown s0@group-7D030BC7DACF-LeaderElection17
2023-03-07 04:44:16,461 [s0@group-7D030BC7DACF-LeaderElection17] INFO  server.RaftServer$Division (RaftServerImpl.java:setRole(329)) - s0@group-7D030BC7DACF: changes role from CANDIDATE to LEADER at term 1 for changeToLeader
2023-03-07 04:44:16,461 [s0@group-7D030BC7DACF-LeaderElection17] INFO  server.RaftServer$Division (ServerState.java:setLeader(260)) - s0@group-7D030BC7DACF: change Leader from null to s0 at term 1 for becomeLeader, leader elected after 256ms
2023-03-07 04:44:16,461 [s0@group-7D030BC7DACF-LeaderElection17] INFO  server.RaftServerConfigKeys (ConfUtils.java:logGet(46)) - raft.server.staging.catchup.gap = 1000 (default)
2023-03-07 04:44:16,462 [s0@group-7D030BC7DACF-LeaderElection17] INFO  server.RaftServerConfigKeys (ConfUtils.java:logGet(46)) - raft.server.write.element-limit = 10 (custom)
2023-03-07 04:44:16,462 [s0@group-7D030BC7DACF-LeaderElection17] INFO  server.RaftServerConfigKeys (ConfUtils.java:logGet(46)) - raft.server.write.byte-limit = 1MB (=1048576) (custom)
2023-03-07 04:44:16,462 [s0@group-7D030BC7DACF-LeaderElection17] INFO  server.RaftServerConfigKeys (ConfUtils.java:logGet(46)) - raft.server.watch.timeout = 10s (default)
2023-03-07 04:44:16,462 [s0@group-7D030BC7DACF-LeaderElection17] INFO  server.RaftServerConfigKeys (ConfUtils.java:logGet(46)) - raft.server.watch.timeout.denomination = 1s (default)
2023-03-07 04:44:16,462 [s0@group-7D030BC7DACF-LeaderElection17] INFO  server.RaftServerConfigKeys (ConfUtils.java:logGet(46)) - raft.server.watch.element-limit = 65536 (default)
2023-03-07 04:44:16,462 [s0@group-7D030BC7DACF-LeaderElection17] INFO  server.RaftServerConfigKeys (ConfUtils.java:logGet(46)) - raft.server.write.element-limit = 10 (custom)
2023-03-07 04:44:16,462 [s0@group-7D030BC7DACF-LeaderElection17] INFO  server.RaftServerConfigKeys (ConfUtils.java:logGet(46)) - raft.server.write.follower.gap.ratio.max = -1.0 (default)
2023-03-07 04:44:16,462 [s0@group-7D030BC7DACF-LeaderElection17] INFO  server.RaftServerConfigKeys (ConfUtils.java:logGet(46)) - raft.server.log.appender.snapshot.chunk.size.max = 16MB (=16777216) (default)
2023-03-07 04:44:16,462 [s0@group-7D030BC7DACF-LeaderElection17] INFO  server.RaftServerConfigKeys (ConfUtils.java:logGet(46)) - raft.server.log.appender.buffer.byte-limit = 4MB (=4194304) (default)
2023-03-07 04:44:16,462 [s0@group-7D030BC7DACF-LeaderElection17] INFO  server.RaftServerConfigKeys (ConfUtils.java:logGet(46)) - raft.server.log.appender.buffer.element-limit = 0 (default)
2023-03-07 04:44:16,462 [s0@group-7D030BC7DACF-LeaderElection17] INFO  server.RaftServerConfigKeys (ConfUtils.java:logGet(46)) - raft.server.log.appender.wait-time.min = 10ms (default)
2023-03-07 04:44:16,462 [s0@group-7D030BC7DACF-LeaderElection17] INFO  grpc.GrpcConfigKeys (ConfUtils.java:logGet(46)) - raft.grpc.server.leader.outstanding.appends.max = 128 (default)
2023-03-07 04:44:16,462 [s0@group-7D030BC7DACF-LeaderElection17] INFO  server.RaftServerConfigKeys (ConfUtils.java:logGet(46)) - raft.server.rpc.request.timeout = 3000ms (default)
2023-03-07 04:44:16,462 [s0@group-7D030BC7DACF-LeaderElection17] INFO  server.RaftServerConfigKeys (ConfUtils.java:logGet(46)) - raft.server.log.appender.install.snapshot.enabled = true (default)
2023-03-07 04:44:16,462 [s0@group-7D030BC7DACF-LeaderElection17] INFO  grpc.GrpcConfigKeys (ConfUtils.java:logGet(46)) - raft.grpc.server.heartbeat.channel = true (default)
2023-03-07 04:44:16,463 [s0@group-7D030BC7DACF-LeaderElection17] INFO  server.RaftServerConfigKeys (ConfUtils.java:logGet(46)) - raft.server.log.appender.snapshot.chunk.size.max = 16MB (=16777216) (default)
2023-03-07 04:44:16,463 [s0@group-7D030BC7DACF-LeaderElection17] INFO  server.RaftServerConfigKeys (ConfUtils.java:logGet(46)) - raft.server.log.appender.buffer.byte-limit = 4MB (=4194304) (default)
2023-03-07 04:44:16,463 [s0@group-7D030BC7DACF-LeaderElection17] INFO  server.RaftServerConfigKeys (ConfUtils.java:logGet(46)) - raft.server.log.appender.buffer.element-limit = 0 (default)
2023-03-07 04:44:16,463 [s0@group-7D030BC7DACF-LeaderElection17] INFO  server.RaftServerConfigKeys (ConfUtils.java:logGet(46)) - raft.server.log.appender.wait-time.min = 10ms (default)
2023-03-07 04:44:16,463 [s0@group-7D030BC7DACF-LeaderElection17] INFO  grpc.GrpcConfigKeys (ConfUtils.java:logGet(46)) - raft.grpc.server.leader.outstanding.appends.max = 128 (default)
2023-03-07 04:44:16,463 [s0@group-7D030BC7DACF-LeaderElection17] INFO  server.RaftServerConfigKeys (ConfUtils.java:logGet(46)) - raft.server.rpc.request.timeout = 3000ms (default)
2023-03-07 04:44:16,463 [s0@group-7D030BC7DACF-LeaderElection17] INFO  server.RaftServerConfigKeys (ConfUtils.java:logGet(46)) - raft.server.log.appender.install.snapshot.enabled = true (default)
2023-03-07 04:44:16,463 [s0@group-7D030BC7DACF-LeaderElection17] INFO  grpc.GrpcConfigKeys (ConfUtils.java:logGet(46)) - raft.grpc.server.heartbeat.channel = true (default)
2023-03-07 04:44:16,463 [s0@group-7D030BC7DACF-LeaderElection17] INFO  impl.RoleInfo (RoleInfo.java:updateAndGet(139)) - s0: start s0@group-7D030BC7DACF-LeaderStateImpl
2023-03-07 04:44:16,463 [s0@group-7D030BC7DACF-LeaderElection17] INFO  segmented.SegmentedRaftLogWorker (SegmentedRaftLogWorker.java:startLogSegment(426)) - s0@group-7D030BC7DACF-SegmentedRaftLogWorker: Starting segment from index:0
2023-03-07 04:44:16,467 [grpc-default-executor-11] INFO  server.RaftServer$Division (RaftServerImpl.java:requestVote(1335)) - s1@group-7D030BC7DACF replies to ELECTION vote request: s0<-s1#0:OK-t1. Peer's state: s1@group-7D030BC7DACF:t1, leader=null, voted=s0, raftlog=Memoized:s1@group-7D030BC7DACF-SegmentedRaftLog:OPENED:c-1, conf=-1: peers:[s0|rpc:localhost:42535|admin:localhost:35405|client:localhost:39303|dataStream:localhost:42483|priority:0|startupRole:FOLLOWER, s1|rpc:localhost:43683|admin:localhost:36249|client:localhost:42541|dataStream:localhost:40463|priority:0|startupRole:FOLLOWER, s2|rpc:localhost:36781|admin:localhost:42223|client:localhost:43275|dataStream:localhost:39661|priority:0|startupRole:FOLLOWER]|listeners:[], old=null
2023-03-07 04:44:16,468 [s1@group-7D030BC7DACF-FollowerState] INFO  impl.FollowerState (FollowerState.java:shouldRun(117)) - s1@group-7D030BC7DACF-FollowerState: Stopping now (isRunning? false, role = FOLLOWER)
2023-03-07 04:44:16,472 [s1-server-thread1] INFO  server.RaftServer$Division (ServerState.java:setLeader(260)) - s1@group-7D030BC7DACF: change Leader from null to s0 at term 1 for appendEntries, leader elected after 258ms
2023-03-07 04:44:16,473 [s0@group-7D030BC7DACF-SegmentedRaftLogWorker] INFO  segmented.SegmentedRaftLogWorker (SegmentedRaftLogWorker.java:execute(630)) - s0@group-7D030BC7DACF-SegmentedRaftLogWorker: created new log segment /home/runner/work/ratis/ratis/ratis-test/target/test/data/ac5303ae/MiniRaftClusterWithGrpc8fdb07e4/s0/ae757874-cc36-4eb3-81ad-7d030bc7dacf/current/log_inprogress_0
2023-03-07 04:44:16,474 [s0@group-7D030BC7DACF-LeaderElection17] INFO  server.RaftServer$Division (ServerState.java:setRaftConf(378)) - s0@group-7D030BC7DACF: set configuration 0: peers:[s0|rpc:localhost:42535|admin:localhost:35405|client:localhost:39303|dataStream:localhost:42483|priority:0|startupRole:FOLLOWER, s1|rpc:localhost:43683|admin:localhost:36249|client:localhost:42541|dataStream:localhost:40463|priority:0|startupRole:FOLLOWER, s2|rpc:localhost:36781|admin:localhost:42223|client:localhost:43275|dataStream:localhost:39661|priority:0|startupRole:FOLLOWER]|listeners:[], old=null
2023-03-07 04:44:16,476 [s2-server-thread1] INFO  server.RaftServer$Division (ServerState.java:setLeader(260)) - s2@group-7D030BC7DACF: change Leader from null to s0 at term 1 for appendEntries, leader elected after 253ms
2023-03-07 04:44:16,481 [s1-server-thread2] INFO  server.RaftServer$Division (ServerState.java:setRaftConf(378)) - s1@group-7D030BC7DACF: set configuration 0: peers:[s0|rpc:localhost:42535|admin:localhost:35405|client:localhost:39303|dataStream:localhost:42483|priority:0|startupRole:FOLLOWER, s1|rpc:localhost:43683|admin:localhost:36249|client:localhost:42541|dataStream:localhost:40463|priority:0|startupRole:FOLLOWER, s2|rpc:localhost:36781|admin:localhost:42223|client:localhost:43275|dataStream:localhost:39661|priority:0|startupRole:FOLLOWER]|listeners:[], old=null
2023-03-07 04:44:16,481 [s1-server-thread2] INFO  segmented.SegmentedRaftLogWorker (SegmentedRaftLogWorker.java:startLogSegment(426)) - s1@group-7D030BC7DACF-SegmentedRaftLogWorker: Starting segment from index:0
2023-03-07 04:44:16,484 [timer3] DEBUG client.GrpcClientProtocolClient (ConfUtils.java:logGet(46)) - raft.grpc.flow.control.window = 1MB (=1048576) (default)
2023-03-07 04:44:16,485 [timer3] DEBUG client.GrpcClientProtocolClient (ConfUtils.java:logGet(46)) - raft.grpc.message.size.max = 64MB (=67108864) (default)
2023-03-07 04:44:16,486 [s2-server-thread2] INFO  server.RaftServer$Division (ServerState.java:setRaftConf(378)) - s2@group-7D030BC7DACF: set configuration 0: peers:[s0|rpc:localhost:42535|admin:localhost:35405|client:localhost:39303|dataStream:localhost:42483|priority:0|startupRole:FOLLOWER, s1|rpc:localhost:43683|admin:localhost:36249|client:localhost:42541|dataStream:localhost:40463|priority:0|startupRole:FOLLOWER, s2|rpc:localhost:36781|admin:localhost:42223|client:localhost:43275|dataStream:localhost:39661|priority:0|startupRole:FOLLOWER]|listeners:[], old=null
2023-03-07 04:44:16,486 [s2-server-thread2] INFO  segmented.SegmentedRaftLogWorker (SegmentedRaftLogWorker.java:startLogSegment(426)) - s2@group-7D030BC7DACF-SegmentedRaftLogWorker: Starting segment from index:0
2023-03-07 04:44:16,497 [grpc-default-executor-8] TRACE client.GrpcClientProtocolClient (GrpcClientProtocolClient.java:onNext(311)) - client-FA996A3334B6->s0: receive RaftClientReply:client-FA996A3334B6->s0@group-7D030BC7DACF, cid=92, FAILED org.apache.ratis.protocol.exceptions.LeaderNotReadyException: s0@group-7D030BC7DACF is in LEADER state but not ready yet., logIndex=0, commits[s0:c-1, s1:c-1, s2:c-1]
2023-03-07 04:44:16,522 [s1@group-7D030BC7DACF-SegmentedRaftLogWorker] INFO  segmented.SegmentedRaftLogWorker (SegmentedRaftLogWorker.java:execute(630)) - s1@group-7D030BC7DACF-SegmentedRaftLogWorker: created new log segment /home/runner/work/ratis/ratis/ratis-test/target/test/data/ac5303ae/MiniRaftClusterWithGrpc8fdb07e4/s1/ae757874-cc36-4eb3-81ad-7d030bc7dacf/current/log_inprogress_0
2023-03-07 04:44:16,663 [s2@group-7D030BC7DACF-SegmentedRaftLogWorker] INFO  segmented.SegmentedRaftLogWorker (SegmentedRaftLogWorker.java:execute(630)) - s2@group-7D030BC7DACF-SegmentedRaftLogWorker: created new log segment /home/runner/work/ratis/ratis/ratis-test/target/test/data/ac5303ae/MiniRaftClusterWithGrpc8fdb07e4/s2/ae757874-cc36-4eb3-81ad-7d030bc7dacf/current/log_inprogress_0
2023-03-07 04:44:16,700 [timer3] DEBUG client.GrpcClientProtocolClient (ConfUtils.java:logGet(46)) - raft.grpc.flow.control.window = 1MB (=1048576) (default)
2023-03-07 04:44:16,700 [timer3] DEBUG client.GrpcClientProtocolClient (ConfUtils.java:logGet(46)) - raft.grpc.message.size.max = 64MB (=67108864) (default)
2023-03-07 04:44:16,725 [grpc-default-executor-8] TRACE client.GrpcClientProtocolClient (GrpcClientProtocolClient.java:onNext(311)) - client-FA996A3334B6->s1: receive RaftClientReply:client-FA996A3334B6->s1@group-7D030BC7DACF, cid=92, FAILED org.apache.ratis.protocol.exceptions.NotLeaderException: Server s1@group-7D030BC7DACF is not the leader s0|rpc:localhost:42535|admin:localhost:35405|client:localhost:39303|dataStream:localhost:42483|priority:0|startupRole:FOLLOWER, logIndex=0, commits[s1:c0, s0:c0, s2:c-1]
2023-03-07 04:44:16,727 [timer5] DEBUG client.GrpcClientProtocolClient (ConfUtils.java:logGet(46)) - raft.grpc.flow.control.window = 1MB (=1048576) (default)
2023-03-07 04:44:16,727 [timer5] DEBUG client.GrpcClientProtocolClient (ConfUtils.java:logGet(46)) - raft.grpc.message.size.max = 64MB (=67108864) (default)
2023-03-07 04:44:16,735 [grpc-default-executor-8] TRACE client.GrpcClientProtocolClient (GrpcClientProtocolClient.java:onNext(311)) - client-FA996A3334B6->s0: receive RaftClientReply:client-FA996A3334B6->s0@group-7D030BC7DACF, cid=92, SUCCESS, logIndex=0, commits[s0:c0, s1:c0, s2:c-1]
2023-03-07 04:44:16,816 [s0@group-7D030BC7DACF-StateMachineUpdater] INFO  impl.SimpleStateMachine4Testing (SimpleStateMachine4Testing.java:put(205)) - s0: put 1, testing -> (t:1, i:1), STATEMACHINELOGENTRY, 93@client-FA996A3334B6
2023-03-07 04:44:16,817 [grpc-default-executor-1] TRACE client.GrpcClientProtocolClient (GrpcClientProtocolClient.java:onNext(311)) - client-FA996A3334B6->s0: receive RaftClientReply:client-FA996A3334B6->s0@group-7D030BC7DACF, cid=93, SUCCESS, logIndex=1, commits[s0:c1, s1:c0, s2:c0]
2023-03-07 04:44:16,819 [Time-limited test] INFO  impl.SimpleStateMachine4Testing (SimpleStateMachine4Testing.java:block(135)) - block FLUSH_STATE_MACHINE_DATA
2023-03-07 04:44:16,819 [Time-limited test] DEBUG client.GrpcClientProtocolClient (ConfUtils.java:logGet(46)) - raft.grpc.flow.control.window = 1MB (=1048576) (default)
2023-03-07 04:44:16,819 [Time-limited test] DEBUG client.GrpcClientProtocolClient (ConfUtils.java:logGet(46)) - raft.grpc.message.size.max = 64MB (=67108864) (default)
2023-03-07 04:44:16,821 [Time-limited test] DEBUG client.GrpcClientProtocolClient (ConfUtils.java:logGet(46)) - raft.grpc.flow.control.window = 1MB (=1048576) (default)
2023-03-07 04:44:16,821 [Time-limited test] DEBUG client.GrpcClientProtocolClient (ConfUtils.java:logGet(46)) - raft.grpc.message.size.max = 64MB (=67108864) (default)
2023-03-07 04:44:16,824 [Time-limited test] DEBUG client.GrpcClientProtocolClient (ConfUtils.java:logGet(46)) - raft.grpc.flow.control.window = 1MB (=1048576) (default)
2023-03-07 04:44:16,824 [Time-limited test] DEBUG client.GrpcClientProtocolClient (ConfUtils.java:logGet(46)) - raft.grpc.message.size.max = 64MB (=67108864) (default)
2023-03-07 04:44:16,826 [Time-limited test] DEBUG client.GrpcClientProtocolClient (ConfUtils.java:logGet(46)) - raft.grpc.flow.control.window = 1MB (=1048576) (default)
2023-03-07 04:44:16,826 [Time-limited test] DEBUG client.GrpcClientProtocolClient (ConfUtils.java:logGet(46)) - raft.grpc.message.size.max = 64MB (=67108864) (default)
2023-03-07 04:44:16,829 [grpc-default-executor-11] TRACE client.GrpcClientProtocolClient (GrpcClientProtocolClient.java:onNext(311)) - client-013D188F6399->s0: receive RaftClientReply:client-013D188F6399->s0@group-7D030BC7DACF, cid=94, SUCCESS, logIndex=1, commits[s0:c1, s1:c0, s2:c0]
2023-03-07 04:44:16,829 [grpc-default-executor-0] TRACE client.GrpcClientProtocolClient (GrpcClientProtocolClient.java:onNext(311)) - client-36C29B9CF6CD->s0: receive RaftClientReply:client-36C29B9CF6CD->s0@group-7D030BC7DACF, cid=96, SUCCESS, logIndex=1, commits[s0:c1, s1:c0, s2:c0]
2023-03-07 04:44:16,834 [grpc-default-executor-0] TRACE client.GrpcClientProtocolClient (GrpcClientProtocolClient.java:onNext(311)) - client-CB9FC8ABD1BF->s0: receive RaftClientReply:client-CB9FC8ABD1BF->s0@group-7D030BC7DACF, cid=98, SUCCESS, logIndex=1, commits[s0:c1, s1:c0, s2:c0]
2023-03-07 04:44:16,837 [Time-limited test] DEBUG client.GrpcClientProtocolClient (ConfUtils.java:logGet(46)) - raft.grpc.flow.control.window = 1MB (=1048576) (default)
2023-03-07 04:44:16,837 [Time-limited test] DEBUG client.GrpcClientProtocolClient (ConfUtils.java:logGet(46)) - raft.grpc.message.size.max = 64MB (=67108864) (default)
2023-03-07 04:44:16,839 [Time-limited test] DEBUG client.GrpcClientProtocolClient (ConfUtils.java:logGet(46)) - raft.grpc.flow.control.window = 1MB (=1048576) (default)
2023-03-07 04:44:16,839 [Time-limited test] DEBUG client.GrpcClientProtocolClient (ConfUtils.java:logGet(46)) - raft.grpc.message.size.max = 64MB (=67108864) (default)
2023-03-07 04:44:16,840 [Time-limited test] DEBUG client.GrpcClientProtocolClient (ConfUtils.java:logGet(46)) - raft.grpc.flow.control.window = 1MB (=1048576) (default)
2023-03-07 04:44:16,840 [Time-limited test] DEBUG client.GrpcClientProtocolClient (ConfUtils.java:logGet(46)) - raft.grpc.message.size.max = 64MB (=67108864) (default)
2023-03-07 04:44:16,841 [Time-limited test] DEBUG client.GrpcClientProtocolClient (ConfUtils.java:logGet(46)) - raft.grpc.flow.control.window = 1MB (=1048576) (default)
2023-03-07 04:44:16,841 [Time-limited test] DEBUG client.GrpcClientProtocolClient (ConfUtils.java:logGet(46)) - raft.grpc.message.size.max = 64MB (=67108864) (default)
2023-03-07 04:44:16,842 [Time-limited test] DEBUG client.GrpcClientProtocolClient (ConfUtils.java:logGet(46)) - raft.grpc.flow.control.window = 1MB (=1048576) (default)
2023-03-07 04:44:16,842 [Time-limited test] DEBUG client.GrpcClientProtocolClient (ConfUtils.java:logGet(46)) - raft.grpc.message.size.max = 64MB (=67108864) (default)
2023-03-07 04:44:16,847 [s2@group-7D030BC7DACF-StateMachineUpdater] INFO  impl.SimpleStateMachine4Testing (SimpleStateMachine4Testing.java:put(205)) - s2: put 1, testing -> (t:1, i:1), STATEMACHINELOGENTRY, 93@client-FA996A3334B6
2023-03-07 04:44:16,848 [grpc-default-executor-8] TRACE client.GrpcClientProtocolClient (GrpcClientProtocolClient.java:onNext(311)) - client-D9935477E559->s0: receive RaftClientReply:client-D9935477E559->s0@group-7D030BC7DACF, cid=102, SUCCESS, logIndex=1, commits[s0:c1, s1:c0, s2:c0]
2023-03-07 04:44:16,849 [grpc-default-executor-1] TRACE client.GrpcClientProtocolClient (GrpcClientProtocolClient.java:onNext(311)) - client-A228B8C7A919->s0: receive RaftClientReply:client-A228B8C7A919->s0@group-7D030BC7DACF, cid=108, SUCCESS, logIndex=1, commits[s0:c1, s1:c0, s2:c0]
2023-03-07 04:44:16,849 [grpc-default-executor-1] TRACE client.GrpcClientProtocolClient (GrpcClientProtocolClient.java:onNext(311)) - client-BF9131D0BC41->s0: receive RaftClientReply:client-BF9131D0BC41->s0@group-7D030BC7DACF, cid=106, SUCCESS, logIndex=1, commits[s0:c1, s1:c0, s2:c0]
2023-03-07 04:44:16,853 [Time-limited test] DEBUG client.GrpcClientProtocolClient (ConfUtils.java:logGet(46)) - raft.grpc.flow.control.window = 1MB (=1048576) (default)
2023-03-07 04:44:16,853 [Time-limited test] DEBUG client.GrpcClientProtocolClient (ConfUtils.java:logGet(46)) - raft.grpc.message.size.max = 64MB (=67108864) (default)
2023-03-07 04:44:16,853 [grpc-default-executor-0] TRACE client.GrpcClientProtocolClient (GrpcClientProtocolClient.java:onNext(311)) - client-5A383ED59E3D->s0: receive RaftClientReply:client-5A383ED59E3D->s0@group-7D030BC7DACF, cid=104, SUCCESS, logIndex=2, commits[s0:c2, s1:c0, s2:c1]
2023-03-07 04:44:16,854 [grpc-default-executor-1] TRACE client.GrpcClientProtocolClient (GrpcClientProtocolClient.java:onNext(311)) - client-E1FEB23EF7B9->s0: receive RaftClientReply:client-E1FEB23EF7B9->s0@group-7D030BC7DACF, cid=100, SUCCESS, logIndex=2, commits[s0:c2, s1:c0, s2:c1]
2023-03-07 04:44:16,861 [Time-limited test] DEBUG client.GrpcClientProtocolClient (ConfUtils.java:logGet(46)) - raft.grpc.flow.control.window = 1MB (=1048576) (default)
2023-03-07 04:44:16,861 [Time-limited test] DEBUG client.GrpcClientProtocolClient (ConfUtils.java:logGet(46)) - raft.grpc.message.size.max = 64MB (=67108864) (default)
2023-03-07 04:44:16,863 [grpc-default-executor-0] TRACE client.GrpcClientProtocolClient (GrpcClientProtocolClient.java:onNext(311)) - client-97DD64AD1C55->s0: receive RaftClientReply:client-97DD64AD1C55->s0@group-7D030BC7DACF, cid=110, SUCCESS, logIndex=2, commits[s0:c2, s1:c0, s2:c1]
2023-03-07 04:44:16,864 [grpc-default-executor-1] TRACE client.GrpcClientProtocolClient (GrpcClientProtocolClient.java:onNext(311)) - client-DD913B142668->s0: receive RaftClientReply:client-DD913B142668->s0@group-7D030BC7DACF, cid=112, SUCCESS, logIndex=2, commits[s0:c2, s1:c0, s2:c1]
2023-03-07 04:44:16,865 [s1@group-7D030BC7DACF-StateMachineUpdater] INFO  impl.SimpleStateMachine4Testing (SimpleStateMachine4Testing.java:put(205)) - s1: put 1, testing -> (t:1, i:1), STATEMACHINELOGENTRY, 93@client-FA996A3334B6
2023-03-07 04:44:16,870 [grpc-default-executor-0] TRACE client.GrpcClientProtocolClient (GrpcClientProtocolClient.java:onNext(311)) - client-1E4B2CCC2A60->s0: receive RaftClientReply:client-1E4B2CCC2A60->s0@group-7D030BC7DACF, cid=114, SUCCESS, logIndex=2, commits[s0:c2, s1:c1, s2:c1]
2023-03-07 04:44:16,873 [Time-limited test] INFO  impl.SimpleStateMachine4Testing (SimpleStateMachine4Testing.java:unblock(142)) - unblock FLUSH_STATE_MACHINE_DATA
2023-03-07 04:44:16,873 [grpc-default-executor-0] ERROR impl.OrderedAsync (OrderedAsync.java:lambda$send$4(175)) - Failed to send request, message=message 9
java.util.concurrent.CompletionException: org.apache.ratis.protocol.exceptions.ResourceUnavailableException: s0@group-7D030BC7DACF: Failed to acquire a pending write request for RaftClientRequest:client-1E4B2CCC2A60->s0@group-7D030BC7DACF, cid=115, seq=2, RW, Message:6d6573736167652039
	at java.base/java.util.concurrent.CompletableFuture.encodeThrowable(CompletableFuture.java:331)
	at java.base/java.util.concurrent.CompletableFuture.completeThrowable(CompletableFuture.java:346)
	at java.base/java.util.concurrent.CompletableFuture$UniApply.tryFire(CompletableFuture.java:632)
	at java.base/java.util.concurrent.CompletableFuture.postComplete(CompletableFuture.java:506)
	at java.base/java.util.concurrent.CompletableFuture.completeExceptionally(CompletableFuture.java:2088)
	at org.apache.ratis.client.impl.OrderedAsync$PendingOrderedRequest.fail(OrderedAsync.java:104)
	at org.apache.ratis.util.SlidingWindow$Client.fail(SlidingWindow.java:392)
	at org.apache.ratis.client.impl.OrderedAsync.failAllAsyncRequests(OrderedAsync.java:148)
	at org.apache.ratis.client.impl.OrderedAsync.handleAsyncRetryFailure(OrderedAsync.java:152)
	at org.apache.ratis.client.impl.OrderedAsync.lambda$sendRequest$10(OrderedAsync.java:262)
	at java.base/java.util.concurrent.CompletableFuture.uniExceptionally(CompletableFuture.java:986)
	at java.base/java.util.concurrent.CompletableFuture$UniExceptionally.tryFire(CompletableFuture.java:970)
	at java.base/java.util.concurrent.CompletableFuture.postComplete(CompletableFuture.java:506)
	at java.base/java.util.concurrent.CompletableFuture.completeExceptionally(CompletableFuture.java:2088)
	at org.apache.ratis.grpc.client.GrpcClientProtocolClient$AsyncStreamObservers.completeReplyExceptionally(GrpcClientProtocolClient.java:394)
	at org.apache.ratis.grpc.client.GrpcClientProtocolClient$AsyncStreamObservers.access$000(GrpcClientProtocolClient.java:300)
	at org.apache.ratis.grpc.client.GrpcClientProtocolClient$AsyncStreamObservers$1.onError(GrpcClientProtocolClient.java:331)
	at org.apache.ratis.thirdparty.io.grpc.stub.ClientCalls$StreamObserverToCallListenerAdapter.onClose(ClientCalls.java:487)
	at org.apache.ratis.thirdparty.io.grpc.PartialForwardingClientCallListener.onClose(PartialForwardingClientCallListener.java:39)
	at org.apache.ratis.thirdparty.io.grpc.ForwardingClientCallListener.onClose(ForwardingClientCallListener.java:23)
	at org.apache.ratis.grpc.metrics.intercept.client.MetricClientCallListener.onClose(MetricClientCallListener.java:47)
	at org.apache.ratis.thirdparty.io.grpc.internal.ClientCallImpl.closeObserver(ClientCallImpl.java:562)
	at org.apache.ratis.thirdparty.io.grpc.internal.ClientCallImpl.access$300(ClientCallImpl.java:70)
	at org.apache.ratis.thirdparty.io.grpc.internal.ClientCallImpl$ClientStreamListenerImpl$1StreamClosed.runInternal(ClientCallImpl.java:743)
	at org.apache.ratis.thirdparty.io.grpc.internal.ClientCallImpl$ClientStreamListenerImpl$1StreamClosed.runInContext(ClientCallImpl.java:722)
	at org.apache.ratis.thirdparty.io.grpc.internal.ContextRunnable.run(ContextRunnable.java:37)
	at org.apache.ratis.thirdparty.io.grpc.internal.SerializingExecutor.run(SerializingExecutor.java:133)
	at java.base/java.util.concurrent.ThreadPoolExecutor.runWorker(ThreadPoolExecutor.java:1128)
	at java.base/java.util.concurrent.ThreadPoolExecutor$Worker.run(ThreadPoolExecutor.java:628)
	at java.base/java.lang.Thread.run(Thread.java:829)
Caused by: org.apache.ratis.protocol.exceptions.ResourceUnavailableException: s0@group-7D030BC7DACF: Failed to acquire a pending write request for RaftClientRequest:client-1E4B2CCC2A60->s0@group-7D030BC7DACF, cid=115, seq=2, RW, Message:6d6573736167652039
	at org.apache.ratis.server.impl.RaftServerImpl.appendTransaction(RaftServerImpl.java:775)
	at org.apache.ratis.server.impl.RaftServerImpl.submitClientRequestAsync(RaftServerImpl.java:886)
	at org.apache.ratis.server.impl.RaftServerImpl.lambda$executeSubmitClientRequestAsync$12(RaftServerImpl.java:824)
	at org.apache.ratis.util.JavaUtils.callAsUnchecked(JavaUtils.java:117)
	at org.apache.ratis.server.impl.RaftServerImpl.lambda$executeSubmitClientRequestAsync$13(RaftServerImpl.java:824)
	at java.base/java.util.concurrent.CompletableFuture$AsyncSupply.run(CompletableFuture.java:1700)
	... 3 more
	Suppressed: java.lang.NullPointerException
		at org.apache.ratis.server.impl.RaftServerImpl.lambda$submitClientRequestAsync$15(RaftServerImpl.java:894)
		at java.base/java.util.concurrent.CompletableFuture.uniWhenComplete(CompletableFuture.java:859)
		at java.base/java.util.concurrent.CompletableFuture.uniWhenCompleteStage(CompletableFuture.java:883)
		at java.base/java.util.concurrent.CompletableFuture.whenComplete(CompletableFuture.java:2251)
		at org.apache.ratis.server.impl.RaftServerImpl.submitClientRequestAsync(RaftServerImpl.java:893)
		... 7 more
2023-03-07 04:44:16,877 [Time-limited test] DEBUG client.GrpcClientProtocolClient (ConfUtils.java:logGet(46)) - raft.grpc.flow.control.window = 1MB (=1048576) (default)
2023-03-07 04:44:16,877 [Time-limited test] DEBUG client.GrpcClientProtocolClient (ConfUtils.java:logGet(46)) - raft.grpc.message.size.max = 64MB (=67108864) (default)
2023-03-07 04:44:16,881 [grpc-default-executor-0] TRACE client.GrpcClientProtocolClient (GrpcClientProtocolClient.java:onNext(311)) - client-BB6255DEDD39->s0: receive RaftClientReply:client-BB6255DEDD39->s0@group-7D030BC7DACF, cid=116, SUCCESS, logIndex=2, commits[s0:c2, s1:c1, s2:c1]
2023-03-07 04:44:16,900 [grpc-default-executor-8] ERROR impl.OrderedAsync (OrderedAsync.java:lambda$send$4(175)) - Failed to send request, message=1025kb (=1049600)-message
java.util.concurrent.CompletionException: org.apache.ratis.protocol.exceptions.ResourceUnavailableException: s0@group-7D030BC7DACF: Failed to acquire a pending write request for RaftClientRequest:client-BB6255DEDD39->s0@group-7D030BC7DACF, cid=117, seq=2, RW, Message:9f806e9d0bb66a6f19b1...(size=1049600)
	at java.base/java.util.concurrent.CompletableFuture.encodeThrowable(CompletableFuture.java:331)
	at java.base/java.util.concurrent.CompletableFuture.completeThrowable(CompletableFuture.java:346)
	at java.base/java.util.concurrent.CompletableFuture$UniApply.tryFire(CompletableFuture.java:632)
	at java.base/java.util.concurrent.CompletableFuture.postComplete(CompletableFuture.java:506)
	at java.base/java.util.concurrent.CompletableFuture.completeExceptionally(CompletableFuture.java:2088)
	at org.apache.ratis.client.impl.OrderedAsync$PendingOrderedRequest.fail(OrderedAsync.java:104)
	at org.apache.ratis.util.SlidingWindow$Client.fail(SlidingWindow.java:392)
	at org.apache.ratis.client.impl.OrderedAsync.failAllAsyncRequests(OrderedAsync.java:148)
	at org.apache.ratis.client.impl.OrderedAsync.handleAsyncRetryFailure(OrderedAsync.java:152)
	at org.apache.ratis.client.impl.OrderedAsync.lambda$sendRequest$10(OrderedAsync.java:262)
	at java.base/java.util.concurrent.CompletableFuture.uniExceptionally(CompletableFuture.java:986)
	at java.base/java.util.concurrent.CompletableFuture$UniExceptionally.tryFire(CompletableFuture.java:970)
	at java.base/java.util.concurrent.CompletableFuture.postComplete(CompletableFuture.java:506)
	at java.base/java.util.concurrent.CompletableFuture.completeExceptionally(CompletableFuture.java:2088)
	at org.apache.ratis.grpc.client.GrpcClientProtocolClient$AsyncStreamObservers.completeReplyExceptionally(GrpcClientProtocolClient.java:394)
	at org.apache.ratis.grpc.client.GrpcClientProtocolClient$AsyncStreamObservers.access$000(GrpcClientProtocolClient.java:300)
	at org.apache.ratis.grpc.client.GrpcClientProtocolClient$AsyncStreamObservers$1.onError(GrpcClientProtocolClient.java:331)
	at org.apache.ratis.thirdparty.io.grpc.stub.ClientCalls$StreamObserverToCallListenerAdapter.onClose(ClientCalls.java:487)
	at org.apache.ratis.thirdparty.io.grpc.PartialForwardingClientCallListener.onClose(PartialForwardingClientCallListener.java:39)
	at org.apache.ratis.thirdparty.io.grpc.ForwardingClientCallListener.onClose(ForwardingClientCallListener.java:23)
	at org.apache.ratis.grpc.metrics.intercept.client.MetricClientCallListener.onClose(MetricClientCallListener.java:47)
	at org.apache.ratis.thirdparty.io.grpc.internal.DelayedClientCall$DelayedListener$3.run(DelayedClientCall.java:468)
	at org.apache.ratis.thirdparty.io.grpc.internal.DelayedClientCall$DelayedListener.delayOrExecute(DelayedClientCall.java:432)
	at org.apache.ratis.thirdparty.io.grpc.internal.DelayedClientCall$DelayedListener.onClose(DelayedClientCall.java:465)
	at org.apache.ratis.thirdparty.io.grpc.internal.ClientCallImpl.closeObserver(ClientCallImpl.java:562)
	at org.apache.ratis.thirdparty.io.grpc.internal.ClientCallImpl.access$300(ClientCallImpl.java:70)
	at org.apache.ratis.thirdparty.io.grpc.internal.ClientCallImpl$ClientStreamListenerImpl$1StreamClosed.runInternal(ClientCallImpl.java:743)
	at org.apache.ratis.thirdparty.io.grpc.internal.ClientCallImpl$ClientStreamListenerImpl$1StreamClosed.runInContext(ClientCallImpl.java:722)
	at org.apache.ratis.thirdparty.io.grpc.internal.ContextRunnable.run(ContextRunnable.java:37)
	at org.apache.ratis.thirdparty.io.grpc.internal.SerializingExecutor.run(SerializingExecutor.java:133)
	at java.base/java.util.concurrent.ThreadPoolExecutor.runWorker(ThreadPoolExecutor.java:1128)
	at java.base/java.util.concurrent.ThreadPoolExecutor$Worker.run(ThreadPoolExecutor.java:628)
	at java.base/java.lang.Thread.run(Thread.java:829)
Caused by: org.apache.ratis.protocol.exceptions.ResourceUnavailableException: s0@group-7D030BC7DACF: Failed to acquire a pending write request for RaftClientRequest:client-BB6255DEDD39->s0@group-7D030BC7DACF, cid=117, seq=2, RW, Message:9f806e9d0bb66a6f19b1...(size=1049600)
	at org.apache.ratis.server.impl.RaftServerImpl.appendTransaction(RaftServerImpl.java:775)
	at org.apache.ratis.server.impl.RaftServerImpl.submitClientRequestAsync(RaftServerImpl.java:886)
	at org.apache.ratis.server.impl.RaftServerImpl.lambda$executeSubmitClientRequestAsync$12(RaftServerImpl.java:824)
	at org.apache.ratis.util.JavaUtils.callAsUnchecked(JavaUtils.java:117)
	at org.apache.ratis.server.impl.RaftServerImpl.lambda$executeSubmitClientRequestAsync$13(RaftServerImpl.java:824)
	at java.base/java.util.concurrent.CompletableFuture$AsyncSupply.run(CompletableFuture.java:1700)
	... 3 more
	Suppressed: java.lang.NullPointerException
		at org.apache.ratis.server.impl.RaftServerImpl.lambda$submitClientRequestAsync$15(RaftServerImpl.java:894)
		at java.base/java.util.concurrent.CompletableFuture.uniWhenComplete(CompletableFuture.java:859)
		at java.base/java.util.concurrent.CompletableFuture.uniWhenCompleteStage(CompletableFuture.java:883)
		at java.base/java.util.concurrent.CompletableFuture.whenComplete(CompletableFuture.java:2251)
		at org.apache.ratis.server.impl.RaftServerImpl.submitClientRequestAsync(RaftServerImpl.java:893)
		... 7 more
2023-03-07 04:44:16,927 [s0@group-7D030BC7DACF-StateMachineUpdater] INFO  impl.SimpleStateMachine4Testing (SimpleStateMachine4Testing.java:put(205)) - s0: put 3, 2nd Messag... -> (t:1, i:3), STATEMACHINELOGENTRY, 95@client-013D188F6399
2023-03-07 04:44:16,927 [grpc-default-executor-0] TRACE client.GrpcClientProtocolClient (GrpcClientProtocolClient.java:onNext(311)) - client-013D188F6399->s0: receive RaftClientReply:client-013D188F6399->s0@group-7D030BC7DACF, cid=95, SUCCESS, logIndex=3, commits[s0:c3, s1:c1, s2:c2]
2023-03-07 04:44:17,150 [s0@group-7D030BC7DACF-StateMachineUpdater] INFO  impl.SimpleStateMachine4Testing (SimpleStateMachine4Testing.java:put(205)) - s0: put 4, message 0 -> (t:1, i:4), STATEMACHINELOGENTRY, 97@client-36C29B9CF6CD
2023-03-07 04:44:17,151 [grpc-default-executor-8] TRACE client.GrpcClientProtocolClient (GrpcClientProtocolClient.java:onNext(311)) - client-36C29B9CF6CD->s0: receive RaftClientReply:client-36C29B9CF6CD->s0@group-7D030BC7DACF, cid=97, SUCCESS, logIndex=4, commits[s0:c5, s1:c2, s2:c2]
2023-03-07 04:44:17,151 [s0@group-7D030BC7DACF-StateMachineUpdater] INFO  impl.SimpleStateMachine4Testing (SimpleStateMachine4Testing.java:put(205)) - s0: put 5, message 1 -> (t:1, i:5), STATEMACHINELOGENTRY, 99@client-CB9FC8ABD1BF
2023-03-07 04:44:17,152 [grpc-default-executor-8] TRACE client.GrpcClientProtocolClient (GrpcClientProtocolClient.java:onNext(311)) - client-CB9FC8ABD1BF->s0: receive RaftClientReply:client-CB9FC8ABD1BF->s0@group-7D030BC7DACF, cid=99, SUCCESS, logIndex=5, commits[s0:c5, s1:c2, s2:c2]
2023-03-07 04:44:17,181 [s2@group-7D030BC7DACF-StateMachineUpdater] INFO  impl.SimpleStateMachine4Testing (SimpleStateMachine4Testing.java:put(205)) - s2: put 3, 2nd Messag... -> (t:1, i:3), STATEMACHINELOGENTRY, 95@client-013D188F6399
2023-03-07 04:44:17,181 [s2@group-7D030BC7DACF-StateMachineUpdater] INFO  impl.SimpleStateMachine4Testing (SimpleStateMachine4Testing.java:put(205)) - s2: put 4, message 0 -> (t:1, i:4), STATEMACHINELOGENTRY, 97@client-36C29B9CF6CD
2023-03-07 04:44:17,181 [s2@group-7D030BC7DACF-StateMachineUpdater] INFO  impl.SimpleStateMachine4Testing (SimpleStateMachine4Testing.java:put(205)) - s2: put 5, message 1 -> (t:1, i:5), STATEMACHINELOGENTRY, 99@client-CB9FC8ABD1BF
2023-03-07 04:44:17,183 [s0@group-7D030BC7DACF-StateMachineUpdater] INFO  impl.SimpleStateMachine4Testing (SimpleStateMachine4Testing.java:put(205)) - s0: put 6, message 3 -> (t:1, i:6), STATEMACHINELOGENTRY, 103@client-D9935477E559
2023-03-07 04:44:17,184 [grpc-default-executor-1] TRACE client.GrpcClientProtocolClient (GrpcClientProtocolClient.java:onNext(311)) - client-D9935477E559->s0: receive RaftClientReply:client-D9935477E559->s0@group-7D030BC7DACF, cid=103, SUCCESS, logIndex=6, commits[s0:c7, s1:c2, s2:c5]
2023-03-07 04:44:17,185 [s0@group-7D030BC7DACF-StateMachineUpdater] INFO  impl.SimpleStateMachine4Testing (SimpleStateMachine4Testing.java:put(205)) - s0: put 7, message 5 -> (t:1, i:7), STATEMACHINELOGENTRY, 107@client-BF9131D0BC41
2023-03-07 04:44:17,185 [s0@group-7D030BC7DACF-StateMachineUpdater] INFO  impl.SimpleStateMachine4Testing (SimpleStateMachine4Testing.java:put(205)) - s0: put 8, message 2 -> (t:1, i:8), STATEMACHINELOGENTRY, 101@client-E1FEB23EF7B9
2023-03-07 04:44:17,185 [s0@group-7D030BC7DACF-StateMachineUpdater] INFO  impl.SimpleStateMachine4Testing (SimpleStateMachine4Testing.java:put(205)) - s0: put 9, message 6 -> (t:1, i:9), STATEMACHINELOGENTRY, 109@client-A228B8C7A919
2023-03-07 04:44:17,185 [s0@group-7D030BC7DACF-StateMachineUpdater] INFO  impl.SimpleStateMachine4Testing (SimpleStateMachine4Testing.java:put(205)) - s0: put 10, message 4 -> (t:1, i:10), STATEMACHINELOGENTRY, 105@client-5A383ED59E3D
2023-03-07 04:44:17,185 [s0@group-7D030BC7DACF-StateMachineUpdater] INFO  impl.SimpleStateMachine4Testing (SimpleStateMachine4Testing.java:put(205)) - s0: put 11, message 7 -> (t:1, i:11), STATEMACHINELOGENTRY, 111@client-97DD64AD1C55
2023-03-07 04:44:17,185 [s0@group-7D030BC7DACF-StateMachineUpdater] INFO  impl.SimpleStateMachine4Testing (SimpleStateMachine4Testing.java:put(205)) - s0: put 12, message 8 -> (t:1, i:12), STATEMACHINELOGENTRY, 113@client-DD913B142668
2023-03-07 04:44:17,186 [grpc-default-executor-1] TRACE client.GrpcClientProtocolClient (GrpcClientProtocolClient.java:onNext(311)) - client-E1FEB23EF7B9->s0: receive RaftClientReply:client-E1FEB23EF7B9->s0@group-7D030BC7DACF, cid=101, SUCCESS, logIndex=8, commits[s0:c14, s1:c2, s2:c5]
2023-03-07 04:44:17,186 [grpc-default-executor-1] TRACE client.GrpcClientProtocolClient (GrpcClientProtocolClient.java:onNext(311)) - client-A228B8C7A919->s0: receive RaftClientReply:client-A228B8C7A919->s0@group-7D030BC7DACF, cid=109, SUCCESS, logIndex=9, commits[s0:c14, s1:c2, s2:c5]
2023-03-07 04:44:17,186 [grpc-default-executor-0] TRACE client.GrpcClientProtocolClient (GrpcClientProtocolClient.java:onNext(311)) - client-DD913B142668->s0: receive RaftClientReply:client-DD913B142668->s0@group-7D030BC7DACF, cid=113, SUCCESS, logIndex=12, commits[s0:c14, s1:c2, s2:c5]
2023-03-07 04:44:17,186 [grpc-default-executor-8] TRACE client.GrpcClientProtocolClient (GrpcClientProtocolClient.java:onNext(311)) - client-5A383ED59E3D->s0: receive RaftClientReply:client-5A383ED59E3D->s0@group-7D030BC7DACF, cid=105, SUCCESS, logIndex=10, commits[s0:c14, s1:c2, s2:c5]
2023-03-07 04:44:17,187 [grpc-default-executor-11] TRACE client.GrpcClientProtocolClient (GrpcClientProtocolClient.java:onNext(311)) - client-97DD64AD1C55->s0: receive RaftClientReply:client-97DD64AD1C55->s0@group-7D030BC7DACF, cid=111, SUCCESS, logIndex=11, commits[s0:c14, s1:c2, s2:c5]
2023-03-07 04:44:17,187 [grpc-default-executor-0] TRACE client.GrpcClientProtocolClient (GrpcClientProtocolClient.java:onNext(311)) - client-BF9131D0BC41->s0: receive RaftClientReply:client-BF9131D0BC41->s0@group-7D030BC7DACF, cid=107, SUCCESS, logIndex=7, commits[s0:c14, s1:c2, s2:c5]
2023-03-07 04:44:17,199 [s1@group-7D030BC7DACF-StateMachineUpdater] INFO  impl.SimpleStateMachine4Testing (SimpleStateMachine4Testing.java:put(205)) - s1: put 3, 2nd Messag... -> (t:1, i:3), STATEMACHINELOGENTRY, 95@client-013D188F6399
2023-03-07 04:44:17,199 [s1@group-7D030BC7DACF-StateMachineUpdater] INFO  impl.SimpleStateMachine4Testing (SimpleStateMachine4Testing.java:put(205)) - s1: put 4, message 0 -> (t:1, i:4), STATEMACHINELOGENTRY, 97@client-36C29B9CF6CD
2023-03-07 04:44:17,199 [s1@group-7D030BC7DACF-StateMachineUpdater] INFO  impl.SimpleStateMachine4Testing (SimpleStateMachine4Testing.java:put(205)) - s1: put 5, message 1 -> (t:1, i:5), STATEMACHINELOGENTRY, 99@client-CB9FC8ABD1BF
2023-03-07 04:44:17,200 [s1@group-7D030BC7DACF-StateMachineUpdater] INFO  impl.SimpleStateMachine4Testing (SimpleStateMachine4Testing.java:put(205)) - s1: put 6, message 3 -> (t:1, i:6), STATEMACHINELOGENTRY, 103@client-D9935477E559
2023-03-07 04:44:17,200 [s1@group-7D030BC7DACF-StateMachineUpdater] INFO  impl.SimpleStateMachine4Testing (SimpleStateMachine4Testing.java:put(205)) - s1: put 7, message 5 -> (t:1, i:7), STATEMACHINELOGENTRY, 107@client-BF9131D0BC41
2023-03-07 04:44:17,200 [s1@group-7D030BC7DACF-StateMachineUpdater] INFO  impl.SimpleStateMachine4Testing (SimpleStateMachine4Testing.java:put(205)) - s1: put 8, message 2 -> (t:1, i:8), STATEMACHINELOGENTRY, 101@client-E1FEB23EF7B9
2023-03-07 04:44:17,200 [s1@group-7D030BC7DACF-StateMachineUpdater] INFO  impl.SimpleStateMachine4Testing (SimpleStateMachine4Testing.java:put(205)) - s1: put 9, message 6 -> (t:1, i:9), STATEMACHINELOGENTRY, 109@client-A228B8C7A919
2023-03-07 04:44:17,200 [s1@group-7D030BC7DACF-StateMachineUpdater] INFO  impl.SimpleStateMachine4Testing (SimpleStateMachine4Testing.java:put(205)) - s1: put 10, message 4 -> (t:1, i:10), STATEMACHINELOGENTRY, 105@client-5A383ED59E3D
2023-03-07 04:44:17,200 [s1@group-7D030BC7DACF-StateMachineUpdater] INFO  impl.SimpleStateMachine4Testing (SimpleStateMachine4Testing.java:put(205)) - s1: put 11, message 7 -> (t:1, i:11), STATEMACHINELOGENTRY, 111@client-97DD64AD1C55
2023-03-07 04:44:17,200 [s1@group-7D030BC7DACF-StateMachineUpdater] INFO  impl.SimpleStateMachine4Testing (SimpleStateMachine4Testing.java:put(205)) - s1: put 12, message 8 -> (t:1, i:12), STATEMACHINELOGENTRY, 113@client-DD913B142668
2023-03-07 04:44:17,214 [s2@group-7D030BC7DACF-StateMachineUpdater] INFO  impl.SimpleStateMachine4Testing (SimpleStateMachine4Testing.java:put(205)) - s2: put 6, message 3 -> (t:1, i:6), STATEMACHINELOGENTRY, 103@client-D9935477E559
2023-03-07 04:44:17,214 [s2@group-7D030BC7DACF-StateMachineUpdater] INFO  impl.SimpleStateMachine4Testing (SimpleStateMachine4Testing.java:put(205)) - s2: put 7, message 5 -> (t:1, i:7), STATEMACHINELOGENTRY, 107@client-BF9131D0BC41
2023-03-07 04:44:17,214 [s2@group-7D030BC7DACF-StateMachineUpdater] INFO  impl.SimpleStateMachine4Testing (SimpleStateMachine4Testing.java:put(205)) - s2: put 8, message 2 -> (t:1, i:8), STATEMACHINELOGENTRY, 101@client-E1FEB23EF7B9
2023-03-07 04:44:17,215 [s2@group-7D030BC7DACF-StateMachineUpdater] INFO  impl.SimpleStateMachine4Testing (SimpleStateMachine4Testing.java:put(205)) - s2: put 9, message 6 -> (t:1, i:9), STATEMACHINELOGENTRY, 109@client-A228B8C7A919
2023-03-07 04:44:17,215 [s2@group-7D030BC7DACF-StateMachineUpdater] INFO  impl.SimpleStateMachine4Testing (SimpleStateMachine4Testing.java:put(205)) - s2: put 10, message 4 -> (t:1, i:10), STATEMACHINELOGENTRY, 105@client-5A383ED59E3D
2023-03-07 04:44:17,215 [s2@group-7D030BC7DACF-StateMachineUpdater] INFO  impl.SimpleStateMachine4Testing (SimpleStateMachine4Testing.java:put(205)) - s2: put 11, message 7 -> (t:1, i:11), STATEMACHINELOGENTRY, 111@client-97DD64AD1C55
2023-03-07 04:44:17,215 [s2@group-7D030BC7DACF-StateMachineUpdater] INFO  impl.SimpleStateMachine4Testing (SimpleStateMachine4Testing.java:put(205)) - s2: put 12, message 8 -> (t:1, i:12), STATEMACHINELOGENTRY, 113@client-DD913B142668
2023-03-07 04:44:22,089 [Time-limited test] INFO  impl.MiniRaftCluster (MiniRaftCluster.java:runWithNewCluster(143)) - printing ALL groups
  s0:  RUNNING    LEADER s0@group-7D030BC7DACF:t1, leader=s0, voted=s0, raftlog=Memoized:s0@group-7D030BC7DACF-SegmentedRaftLog:OPENED:c15, conf=0: peers:[s0|rpc:localhost:42535|admin:localhost:35405|client:localhost:39303|dataStream:localhost:42483|priority:0|startupRole:FOLLOWER, s1|rpc:localhost:43683|admin:localhost:36249|client:localhost:42541|dataStream:localhost:40463|priority:0|startupRole:FOLLOWER, s2|rpc:localhost:36781|admin:localhost:42223|client:localhost:43275|dataStream:localhost:39661|priority:0|startupRole:FOLLOWER]|listeners:[], old=null RUNNING
  s1:  RUNNING  FOLLOWER s1@group-7D030BC7DACF:t1, leader=s0, voted=s0, raftlog=Memoized:s1@group-7D030BC7DACF-SegmentedRaftLog:OPENED:c15, conf=0: peers:[s0|rpc:localhost:42535|admin:localhost:35405|client:localhost:39303|dataStream:localhost:42483|priority:0|startupRole:FOLLOWER, s1|rpc:localhost:43683|admin:localhost:36249|client:localhost:42541|dataStream:localhost:40463|priority:0|startupRole:FOLLOWER, s2|rpc:localhost:36781|admin:localhost:42223|client:localhost:43275|dataStream:localhost:39661|priority:0|startupRole:FOLLOWER]|listeners:[], old=null RUNNING
  s2:  RUNNING  FOLLOWER s2@group-7D030BC7DACF:t1, leader=s0, voted=s0, raftlog=Memoized:s2@group-7D030BC7DACF-SegmentedRaftLog:OPENED:c15, conf=0: peers:[s0|rpc:localhost:42535|admin:localhost:35405|client:localhost:39303|dataStream:localhost:42483|priority:0|startupRole:FOLLOWER, s1|rpc:localhost:43683|admin:localhost:36249|client:localhost:42541|dataStream:localhost:40463|priority:0|startupRole:FOLLOWER, s2|rpc:localhost:36781|admin:localhost:42223|client:localhost:43275|dataStream:localhost:39661|priority:0|startupRole:FOLLOWER]|listeners:[], old=null RUNNING
2023-03-07 04:44:22,089 [Time-limited test] ERROR impl.MiniRaftCluster (MiniRaftCluster.java:runWithNewCluster(144)) - Failed org.apache.ratis.server.impl.MiniRaftCluster$Factory$Get.runWithNewCluster(MiniRaftCluster.java:121)
java.util.concurrent.TimeoutException: Timed out waiting for condition.
	at org.apache.ratis.RaftTestUtil.waitFor(RaftTestUtil.java:154)
	at org.apache.ratis.grpc.TestRaftServerWithGrpc.testRequestMetrics(TestRaftServerWithGrpc.java:277)
	at org.apache.ratis.server.impl.MiniRaftCluster$Factory$Get.runWithNewCluster(MiniRaftCluster.java:141)
	at org.apache.ratis.server.impl.MiniRaftCluster$Factory$Get.runWithNewCluster(MiniRaftCluster.java:121)
	at org.apache.ratis.grpc.TestRaftServerWithGrpc.testRaftServerMetrics(TestRaftServerWithGrpc.java:228)
	at java.base/jdk.internal.reflect.NativeMethodAccessorImpl.invoke0(Native Method)
	at java.base/jdk.internal.reflect.NativeMethodAccessorImpl.invoke(NativeMethodAccessorImpl.java:62)
	at java.base/jdk.internal.reflect.DelegatingMethodAccessorImpl.invoke(DelegatingMethodAccessorImpl.java:43)
	at java.base/java.lang.reflect.Method.invoke(Method.java:566)
	at org.junit.runners.model.FrameworkMethod$1.runReflectiveCall(FrameworkMethod.java:59)
	at org.junit.internal.runners.model.ReflectiveCallable.run(ReflectiveCallable.java:12)
	at org.junit.runners.model.FrameworkMethod.invokeExplosively(FrameworkMethod.java:56)
	at org.junit.internal.runners.statements.InvokeMethod.evaluate(InvokeMethod.java:17)
	at org.junit.internal.runners.statements.RunBefores.evaluate(RunBefores.java:26)
	at org.junit.internal.runners.statements.RunAfters.evaluate(RunAfters.java:27)
	at org.junit.internal.runners.statements.FailOnTimeout$CallableStatement.call(FailOnTimeout.java:299)
	at org.junit.internal.runners.statements.FailOnTimeout$CallableStatement.call(FailOnTimeout.java:293)
	at java.base/java.util.concurrent.FutureTask.run(FutureTask.java:264)
	at java.base/java.lang.Thread.run(Thread.java:829)
2023-03-07 04:44:22,089 [Time-limited test] INFO  impl.MiniRaftCluster (MiniRaftCluster.java:shutdown(831)) - ************************************************************** 
2023-03-07 04:44:22,089 [Time-limited test] INFO  impl.MiniRaftCluster (MiniRaftCluster.java:shutdown(832)) - *** 
2023-03-07 04:44:22,089 [Time-limited test] INFO  impl.MiniRaftCluster (MiniRaftCluster.java:shutdown(833)) - ***     Stopping MiniRaftClusterWithGrpc
2023-03-07 04:44:22,089 [Time-limited test] INFO  impl.MiniRaftCluster (MiniRaftCluster.java:shutdown(834)) - *** 
2023-03-07 04:44:22,089 [Time-limited test] INFO  impl.MiniRaftCluster (MiniRaftCluster.java:shutdown(835)) - ************************************************************** 
2023-03-07 04:44:22,089 [Time-limited test] INFO  impl.MiniRaftCluster (MiniRaftCluster.java:shutdown(836)) - printing ALL groups
  s0:  RUNNING    LEADER s0@group-7D030BC7DACF:t1, leader=s0, voted=s0, raftlog=Memoized:s0@group-7D030BC7DACF-SegmentedRaftLog:OPENED:c15, conf=0: peers:[s0|rpc:localhost:42535|admin:localhost:35405|client:localhost:39303|dataStream:localhost:42483|priority:0|startupRole:FOLLOWER, s1|rpc:localhost:43683|admin:localhost:36249|client:localhost:42541|dataStream:localhost:40463|priority:0|startupRole:FOLLOWER, s2|rpc:localhost:36781|admin:localhost:42223|client:localhost:43275|dataStream:localhost:39661|priority:0|startupRole:FOLLOWER]|listeners:[], old=null RUNNING
  s1:  RUNNING  FOLLOWER s1@group-7D030BC7DACF:t1, leader=s0, voted=s0, raftlog=Memoized:s1@group-7D030BC7DACF-SegmentedRaftLog:OPENED:c15, conf=0: peers:[s0|rpc:localhost:42535|admin:localhost:35405|client:localhost:39303|dataStream:localhost:42483|priority:0|startupRole:FOLLOWER, s1|rpc:localhost:43683|admin:localhost:36249|client:localhost:42541|dataStream:localhost:40463|priority:0|startupRole:FOLLOWER, s2|rpc:localhost:36781|admin:localhost:42223|client:localhost:43275|dataStream:localhost:39661|priority:0|startupRole:FOLLOWER]|listeners:[], old=null RUNNING
  s2:  RUNNING  FOLLOWER s2@group-7D030BC7DACF:t1, leader=s0, voted=s0, raftlog=Memoized:s2@group-7D030BC7DACF-SegmentedRaftLog:OPENED:c15, conf=0: peers:[s0|rpc:localhost:42535|admin:localhost:35405|client:localhost:39303|dataStream:localhost:42483|priority:0|startupRole:FOLLOWER, s1|rpc:localhost:43683|admin:localhost:36249|client:localhost:42541|dataStream:localhost:40463|priority:0|startupRole:FOLLOWER, s2|rpc:localhost:36781|admin:localhost:42223|client:localhost:43275|dataStream:localhost:39661|priority:0|startupRole:FOLLOWER]|listeners:[], old=null RUNNING
2023-03-07 04:44:22,094 [MiniRaftCluster-22] INFO  server.RaftServer (RaftServerProxy.java:lambda$close$7(417)) - s1: close
2023-03-07 04:44:22,097 [s1-impl-thread1] INFO  server.RaftServer$Division (RaftServerImpl.java:lambda$close$4(466)) - s1@group-7D030BC7DACF: shutdown
2023-03-07 04:44:22,097 [s1-impl-thread1] INFO  util.JmxRegister (JmxRegister.java:unregister(73)) - Successfully un-registered JMX Bean with object name Ratis:service=RaftServer,group=group-7D030BC7DACF,id=s1
2023-03-07 04:44:22,097 [s1-impl-thread1] INFO  impl.RoleInfo (RoleInfo.java:shutdownFollowerState(110)) - s1: shutdown s1@group-7D030BC7DACF-FollowerState
2023-03-07 04:44:22,097 [s1-impl-thread1] INFO  impl.StateMachineUpdater (StateMachineUpdater.java:stopAndJoin(154)) - s1@group-7D030BC7DACF-StateMachineUpdater: set stopIndex = 15
2023-03-07 04:44:22,097 [s1@group-7D030BC7DACF-FollowerState] INFO  impl.FollowerState (FollowerState.java:run(152)) - s1@group-7D030BC7DACF-FollowerState was interrupted
2023-03-07 04:44:22,097 [s1-impl-thread1] INFO  server.RaftServer$Division (ServerState.java:close(414)) - s1@group-7D030BC7DACF: applyIndex: 15
2023-03-07 04:44:22,097 [MiniRaftCluster-22] INFO  server.GrpcService (GrpcService.java:closeImpl(311)) - s1: shutdown server org.apache.ratis.grpc.server.GrpcClientProtocolService now
2023-03-07 04:44:22,098 [MiniRaftCluster-23] INFO  server.RaftServer (RaftServerProxy.java:lambda$close$7(417)) - s2: close
2023-03-07 04:44:22,098 [MiniRaftCluster-21] INFO  server.RaftServer (RaftServerProxy.java:lambda$close$7(417)) - s0: close
2023-03-07 04:44:22,099 [MiniRaftCluster-21] INFO  server.GrpcService (GrpcService.java:closeImpl(311)) - s0: shutdown server org.apache.ratis.grpc.server.GrpcClientProtocolService now
2023-03-07 04:44:22,099 [s0-impl-thread1] INFO  server.RaftServer$Division (RaftServerImpl.java:lambda$close$4(466)) - s0@group-7D030BC7DACF: shutdown
2023-03-07 04:44:22,099 [s0-impl-thread1] INFO  util.JmxRegister (JmxRegister.java:unregister(73)) - Successfully un-registered JMX Bean with object name Ratis:service=RaftServer,group=group-7D030BC7DACF,id=s0
2023-03-07 04:44:22,099 [s0-impl-thread1] INFO  impl.RoleInfo (RoleInfo.java:shutdownLeaderState(93)) - s0: shutdown s0@group-7D030BC7DACF-LeaderStateImpl
2023-03-07 04:44:22,099 [s0-impl-thread1] INFO  impl.PendingRequests (PendingRequests.java:sendNotLeaderResponses(282)) - s0@group-7D030BC7DACF-PendingRequests: sendNotLeaderResponses
2023-03-07 04:44:22,099 [s0@group-7D030BC7DACF->s2-GrpcLogAppender-LogAppenderDaemon] WARN  server.GrpcLogAppender (GrpcLogAppender.java:mayWait(190)) - s0@group-7D030BC7DACF->s2-GrpcLogAppender: Wait interrupted by java.lang.InterruptedException
2023-03-07 04:44:22,099 [s0@group-7D030BC7DACF->s1-GrpcLogAppender-LogAppenderDaemon] WARN  server.GrpcLogAppender (GrpcLogAppender.java:mayWait(190)) - s0@group-7D030BC7DACF->s1-GrpcLogAppender: Wait interrupted by java.lang.InterruptedException
2023-03-07 04:44:22,101 [grpc-default-executor-8] INFO  server.GrpcServerProtocolService (GrpcServerProtocolService.java:onCompleted(145)) - s1: Completed APPEND_ENTRIES, lastRequest: null
2023-03-07 04:44:22,101 [grpc-default-executor-0] INFO  server.GrpcServerProtocolService (GrpcServerProtocolService.java:onCompleted(145)) - s2: Completed APPEND_ENTRIES, lastRequest: s0->s2#29203-t1,previous=(t:1, i:14),leaderCommit=14,initializing? true,entries: size=1, first=(t:1, i:15), METADATAENTRY(c:7)
2023-03-07 04:44:22,101 [grpc-default-executor-1] INFO  server.GrpcServerProtocolService (GrpcServerProtocolService.java:onCompleted(145)) - s1: Completed APPEND_ENTRIES, lastRequest: s0->s1#23475-t1,previous=(t:1, i:14),leaderCommit=14,initializing? true,entries: size=1, first=(t:1, i:15), METADATAENTRY(c:7)
2023-03-07 04:44:22,101 [grpc-default-executor-0] INFO  server.GrpcServerProtocolService (GrpcServerProtocolService.java:onCompleted(145)) - s2: Completed APPEND_ENTRIES, lastRequest: null
2023-03-07 04:44:22,102 [grpc-default-executor-3] INFO  server.GrpcLogAppender (GrpcLogAppender.java:onCompleted(417)) - s0@group-7D030BC7DACF->s2-AppendLogResponseHandler: follower responses appendEntries COMPLETED
2023-03-07 04:44:22,102 [grpc-default-executor-3] INFO  leader.FollowerInfo (FollowerInfoImpl.java:lambda$new$0(52)) - s0@group-7D030BC7DACF->s2: decreaseNextIndex nextIndex: updateUnconditionally 16 -> 15
2023-03-07 04:44:22,102 [grpc-default-executor-2] INFO  server.GrpcLogAppender (GrpcLogAppender.java:onCompleted(417)) - s0@group-7D030BC7DACF->s1-AppendLogResponseHandler: follower responses appendEntries COMPLETED
2023-03-07 04:44:22,102 [grpc-default-executor-2] INFO  leader.FollowerInfo (FollowerInfoImpl.java:lambda$new$0(52)) - s0@group-7D030BC7DACF->s1: decreaseNextIndex nextIndex: updateUnconditionally 16 -> 15
2023-03-07 04:44:22,100 [s0-impl-thread1] INFO  impl.StateMachineUpdater (StateMachineUpdater.java:stopAndJoin(154)) - s0@group-7D030BC7DACF-StateMachineUpdater: set stopIndex = 15
2023-03-07 04:44:22,102 [s0-impl-thread1] INFO  server.RaftServer$Division (ServerState.java:close(414)) - s0@group-7D030BC7DACF: applyIndex: 15
2023-03-07 04:44:22,102 [MiniRaftCluster-23] INFO  server.GrpcService (GrpcService.java:closeImpl(311)) - s2: shutdown server org.apache.ratis.grpc.server.GrpcClientProtocolService now
2023-03-07 04:44:22,102 [grpc-default-executor-4] INFO  server.GrpcLogAppender (GrpcLogAppender.java:onCompleted(417)) - s0@group-7D030BC7DACF->s1-AppendLogResponseHandler: follower responses appendEntries COMPLETED
2023-03-07 04:44:22,102 [MiniRaftCluster-22] INFO  server.GrpcService (GrpcService.java:closeImpl(320)) - s1: shutdown server org.apache.ratis.grpc.server.GrpcClientProtocolService successfully
2023-03-07 04:44:22,102 [MiniRaftCluster-22] INFO  server.GrpcService (GrpcService.java:closeImpl(311)) - s1: shutdown server GrpcServerProtocolService now
2023-03-07 04:44:22,102 [grpc-default-executor-4] INFO  leader.FollowerInfo (FollowerInfoImpl.java:lambda$new$0(52)) - s0@group-7D030BC7DACF->s1: decreaseNextIndex nextIndex: updateUnconditionally 15 -> 14
2023-03-07 04:44:22,102 [s2-impl-thread1] INFO  server.RaftServer$Division (RaftServerImpl.java:lambda$close$4(466)) - s2@group-7D030BC7DACF: shutdown
2023-03-07 04:44:22,102 [s2-impl-thread1] INFO  util.JmxRegister (JmxRegister.java:unregister(73)) - Successfully un-registered JMX Bean with object name Ratis:service=RaftServer,group=group-7D030BC7DACF,id=s2
2023-03-07 04:44:22,102 [s2-impl-thread1] INFO  impl.RoleInfo (RoleInfo.java:shutdownFollowerState(110)) - s2: shutdown s2@group-7D030BC7DACF-FollowerState
2023-03-07 04:44:22,102 [s2-impl-thread1] INFO  impl.StateMachineUpdater (StateMachineUpdater.java:stopAndJoin(154)) - s2@group-7D030BC7DACF-StateMachineUpdater: set stopIndex = 15
2023-03-07 04:44:22,102 [s2@group-7D030BC7DACF-FollowerState] INFO  impl.FollowerState (FollowerState.java:run(152)) - s2@group-7D030BC7DACF-FollowerState was interrupted
2023-03-07 04:44:22,102 [Thread-751] INFO  server.GrpcServerProtocolClient (GrpcServerProtocolClient.java:close(102)) - s1 Close channels
2023-03-07 04:44:22,103 [s2-impl-thread1] INFO  server.RaftServer$Division (ServerState.java:close(414)) - s2@group-7D030BC7DACF: applyIndex: 15
2023-03-07 04:44:22,103 [Thread-752] INFO  server.GrpcServerProtocolClient (GrpcServerProtocolClient.java:close(102)) - s2 Close channels
2023-03-07 04:44:22,104 [grpc-default-executor-6] INFO  server.GrpcLogAppender (GrpcLogAppender.java:onCompleted(417)) - s0@group-7D030BC7DACF->s2-AppendLogResponseHandler: follower responses appendEntries COMPLETED
2023-03-07 04:44:22,105 [grpc-default-executor-6] WARN  server.GrpcLogAppender (GrpcLogAppender.java:resetClient(128)) - s0@group-7D030BC7DACF->s2-GrpcLogAppender: Failed to getClient for s2
org.apache.ratis.protocol.exceptions.AlreadyClosedException: s0 is already CLOSED
	at org.apache.ratis.util.PeerProxyMap$PeerAndProxy.getProxy(PeerProxyMap.java:61)
	at org.apache.ratis.util.PeerProxyMap.getProxy(PeerProxyMap.java:115)
	at org.apache.ratis.grpc.server.GrpcLogAppender.getClient(GrpcLogAppender.java:106)
	at org.apache.ratis.grpc.server.GrpcLogAppender.resetClient(GrpcLogAppender.java:111)
	at org.apache.ratis.grpc.server.GrpcLogAppender.access$500(GrpcLogAppender.java:55)
	at org.apache.ratis.grpc.server.GrpcLogAppender$AppendLogResponseHandler.onCompleted(GrpcLogAppender.java:418)
	at org.apache.ratis.thirdparty.io.grpc.stub.ClientCalls$StreamObserverToCallListenerAdapter.onClose(ClientCalls.java:485)
	at org.apache.ratis.thirdparty.io.grpc.internal.DelayedClientCall$DelayedListener$3.run(DelayedClientCall.java:468)
	at org.apache.ratis.thirdparty.io.grpc.internal.DelayedClientCall$DelayedListener.delayOrExecute(DelayedClientCall.java:432)
	at org.apache.ratis.thirdparty.io.grpc.internal.DelayedClientCall$DelayedListener.onClose(DelayedClientCall.java:465)
	at org.apache.ratis.thirdparty.io.grpc.internal.ClientCallImpl.closeObserver(ClientCallImpl.java:562)
	at org.apache.ratis.thirdparty.io.grpc.internal.ClientCallImpl.access$300(ClientCallImpl.java:70)
	at org.apache.ratis.thirdparty.io.grpc.internal.ClientCallImpl$ClientStreamListenerImpl$1StreamClosed.runInternal(ClientCallImpl.java:743)
	at org.apache.ratis.thirdparty.io.grpc.internal.ClientCallImpl$ClientStreamListenerImpl$1StreamClosed.runInContext(ClientCallImpl.java:722)
	at org.apache.ratis.thirdparty.io.grpc.internal.ContextRunnable.run(ContextRunnable.java:37)
	at org.apache.ratis.thirdparty.io.grpc.internal.SerializingExecutor.run(SerializingExecutor.java:133)
	at java.base/java.util.concurrent.ThreadPoolExecutor.runWorker(ThreadPoolExecutor.java:1128)
	at java.base/java.util.concurrent.ThreadPoolExecutor$Worker.run(ThreadPoolExecutor.java:628)
	at java.base/java.lang.Thread.run(Thread.java:829)
2023-03-07 04:44:22,105 [MiniRaftCluster-23] INFO  server.GrpcService (GrpcService.java:closeImpl(320)) - s2: shutdown server org.apache.ratis.grpc.server.GrpcClientProtocolService successfully
2023-03-07 04:44:22,105 [MiniRaftCluster-23] INFO  server.GrpcService (GrpcService.java:closeImpl(311)) - s2: shutdown server GrpcServerProtocolService now
2023-03-07 04:44:22,105 [MiniRaftCluster-21] INFO  server.GrpcService (GrpcService.java:closeImpl(320)) - s0: shutdown server org.apache.ratis.grpc.server.GrpcClientProtocolService successfully
2023-03-07 04:44:22,105 [MiniRaftCluster-21] INFO  server.GrpcService (GrpcService.java:closeImpl(311)) - s0: shutdown server GrpcServerProtocolService now
2023-03-07 04:44:22,110 [MiniRaftCluster-22] INFO  server.GrpcService (GrpcService.java:closeImpl(320)) - s1: shutdown server GrpcServerProtocolService successfully
2023-03-07 04:44:22,111 [MiniRaftCluster-22] INFO  server.GrpcService (GrpcService.java:closeImpl(311)) - s1: shutdown server org.apache.ratis.grpc.server.GrpcAdminProtocolService now
2023-03-07 04:44:22,111 [MiniRaftCluster-21] INFO  server.GrpcService (GrpcService.java:closeImpl(320)) - s0: shutdown server GrpcServerProtocolService successfully
2023-03-07 04:44:22,111 [MiniRaftCluster-21] INFO  server.GrpcService (GrpcService.java:closeImpl(311)) - s0: shutdown server org.apache.ratis.grpc.server.GrpcAdminProtocolService now
2023-03-07 04:44:22,112 [MiniRaftCluster-22] INFO  server.GrpcService (GrpcService.java:closeImpl(320)) - s1: shutdown server org.apache.ratis.grpc.server.GrpcAdminProtocolService successfully
2023-03-07 04:44:22,112 [MiniRaftCluster-21] INFO  server.GrpcService (GrpcService.java:closeImpl(320)) - s0: shutdown server org.apache.ratis.grpc.server.GrpcAdminProtocolService successfully
2023-03-07 04:44:22,113 [MiniRaftCluster-23] INFO  server.GrpcService (GrpcService.java:closeImpl(320)) - s2: shutdown server GrpcServerProtocolService successfully
2023-03-07 04:44:22,113 [MiniRaftCluster-23] INFO  server.GrpcService (GrpcService.java:closeImpl(311)) - s2: shutdown server org.apache.ratis.grpc.server.GrpcAdminProtocolService now
2023-03-07 04:44:22,113 [MiniRaftCluster-23] INFO  server.GrpcService (GrpcService.java:closeImpl(320)) - s2: shutdown server org.apache.ratis.grpc.server.GrpcAdminProtocolService successfully
2023-03-07 04:44:22,191 [s0-impl-thread1] INFO  segmented.SegmentedRaftLogWorker (SegmentedRaftLogWorker.java:close(242)) - s0@group-7D030BC7DACF-SegmentedRaftLogWorker close()
2023-03-07 04:44:22,191 [JvmPauseMonitor20] INFO  util.JvmPauseMonitor (JvmPauseMonitor.java:run(109)) - JvmPauseMonitor-s0: Stopped
2023-03-07 04:44:22,200 [s1-impl-thread1] INFO  segmented.SegmentedRaftLogWorker (SegmentedRaftLogWorker.java:close(242)) - s1@group-7D030BC7DACF-SegmentedRaftLogWorker close()
2023-03-07 04:44:22,201 [JvmPauseMonitor21] INFO  util.JvmPauseMonitor (JvmPauseMonitor.java:run(109)) - JvmPauseMonitor-s1: Stopped
2023-03-07 04:44:22,215 [s2-impl-thread1] INFO  segmented.SegmentedRaftLogWorker (SegmentedRaftLogWorker.java:close(242)) - s2@group-7D030BC7DACF-SegmentedRaftLogWorker close()
2023-03-07 04:44:22,216 [JvmPauseMonitor22] INFO  util.JvmPauseMonitor (JvmPauseMonitor.java:run(109)) - JvmPauseMonitor-s2: Stopped
2023-03-07 04:44:22,216 [Time-limited test] INFO  impl.MiniRaftCluster (MiniRaftCluster.java:shutdown(855)) - MiniRaftClusterWithGrpc shutdown completed
]]></system-out>
  </testcase>
  <testcase name="testUnsupportedMethods[1]" classname="org.apache.ratis.grpc.TestRaftServerWithGrpc" time="1.423"/>
  <testcase name="testServerRestartOnException[1]" classname="org.apache.ratis.grpc.TestRaftServerWithGrpc" time="5.264"/>
  <testcase name="testLeaderRestart[1]" classname="org.apache.ratis.grpc.TestRaftServerWithGrpc" time="6.076"/>
</testsuite>