<?xml version="1.0" encoding="UTF-8"?>
<testsuite xmlns:xsi="http://www.w3.org/2001/XMLSchema-instance" xsi:noNamespaceSchemaLocation="https://maven.apache.org/surefire/maven-surefire-plugin/xsd/surefire-test-report.xsd" name="org.apache.ratis.grpc.TestReadOnlyRequestWithGrpc" time="14.227" tests="6" errors="0" skipped="0" failures="1">
  <properties>
    <property name="awt.toolkit" value="sun.awt.X11.XToolkit"/>
    <property name="java.specification.version" value="11"/>
    <property name="sun.cpu.isalist" value=""/>
    <property name="sun.jnu.encoding" value="UTF-8"/>
    <property name="java.class.path" value="/home/runner/work/ratis/ratis/ratis-test/target/test-classes:/home/runner/work/ratis/ratis/ratis-test/target/classes:/home/runner/work/ratis/ratis/ratis-common/target/classes:/home/runner/.m2/repository/org/apache/ratis/ratis-thirdparty-misc/1.0.3/ratis-thirdparty-misc-1.0.3.jar:/home/runner/work/ratis/ratis/ratis-proto/target/ratis-proto-3.0.0-SNAPSHOT.jar:/home/runner/work/ratis/ratis/ratis-common/target/test-classes:/home/runner/work/ratis/ratis/ratis-client/target/classes:/home/runner/work/ratis/ratis/ratis-server/target/classes:/home/runner/work/ratis/ratis/ratis-server-api/target/classes:/home/runner/work/ratis/ratis/ratis-metrics-api/target/classes:/home/runner/work/ratis/ratis/ratis-server/target/test-classes:/home/runner/work/ratis/ratis/ratis-metrics-default/target/classes:/home/runner/work/ratis/ratis/ratis-netty/target/classes:/home/runner/work/ratis/ratis/ratis-netty/target/test-classes:/home/runner/work/ratis/ratis/ratis-grpc/target/classes:/home/runner/work/ratis/ratis/ratis-grpc/target/test-classes:/home/runner/work/ratis/ratis/ratis-shell/target/classes:/home/runner/.m2/repository/commons-cli/commons-cli/1.5.0/commons-cli-1.5.0.jar:/home/runner/.m2/repository/org/reflections/reflections/0.10.2/reflections-0.10.2.jar:/home/runner/.m2/repository/org/javassist/javassist/3.28.0-GA/javassist-3.28.0-GA.jar:/home/runner/.m2/repository/com/google/code/findbugs/jsr305/3.0.2/jsr305-3.0.2.jar:/home/runner/.m2/repository/org/bouncycastle/bcprov-jdk15on/1.70/bcprov-jdk15on-1.70.jar:/home/runner/.m2/repository/org/bouncycastle/bcpkix-jdk15on/1.70/bcpkix-jdk15on-1.70.jar:/home/runner/.m2/repository/org/bouncycastle/bcutil-jdk15on/1.70/bcutil-jdk15on-1.70.jar:/home/runner/.m2/repository/org/slf4j/slf4j-api/1.7.36/slf4j-api-1.7.36.jar:/home/runner/.m2/repository/org/slf4j/slf4j-reload4j/1.7.36/slf4j-reload4j-1.7.36.jar:/home/runner/.m2/repository/ch/qos/reload4j/reload4j/1.2.19/reload4j-1.2.19.jar:/home/runner/.m2/repository/junit/junit/4.13.2/junit-4.13.2.jar:/home/runner/.m2/repository/org/hamcrest/hamcrest-core/1.3/hamcrest-core-1.3.jar:/home/runner/.m2/repository/org/mockito/mockito-core/4.3.1/mockito-core-4.3.1.jar:/home/runner/.m2/repository/net/bytebuddy/byte-buddy/1.12.7/byte-buddy-1.12.7.jar:/home/runner/.m2/repository/net/bytebuddy/byte-buddy-agent/1.12.7/byte-buddy-agent-1.12.7.jar:/home/runner/.m2/repository/org/objenesis/objenesis/3.2/objenesis-3.2.jar:"/>
    <property name="java.vm.vendor" value="Eclipse Adoptium"/>
    <property name="sun.arch.data.model" value="64"/>
    <property name="java.vendor.url" value="https://adoptium.net/"/>
    <property name="user.timezone" value=""/>
    <property name="java.vm.specification.version" value="11"/>
    <property name="os.name" value="Linux"/>
    <property name="sun.java.launcher" value="SUN_STANDARD"/>
    <property name="sun.boot.library.path" value="/usr/lib/jvm/temurin-11-jdk-amd64/lib"/>
    <property name="sun.java.command" value="/home/runner/work/ratis/ratis/ratis-test/target/surefire/surefirebooter6582780247918484516.jar /home/runner/work/ratis/ratis/ratis-test/target/surefire 2023-03-07T04-33-27_815-jvmRun1 surefire4495132005903959270tmp surefire_225102993433661781020tmp"/>
    <property name="jdk.debug" value="release"/>
    <property name="surefire.test.class.path" value="/home/runner/work/ratis/ratis/ratis-test/target/test-classes:/home/runner/work/ratis/ratis/ratis-test/target/classes:/home/runner/work/ratis/ratis/ratis-common/target/classes:/home/runner/.m2/repository/org/apache/ratis/ratis-thirdparty-misc/1.0.3/ratis-thirdparty-misc-1.0.3.jar:/home/runner/work/ratis/ratis/ratis-proto/target/ratis-proto-3.0.0-SNAPSHOT.jar:/home/runner/work/ratis/ratis/ratis-common/target/test-classes:/home/runner/work/ratis/ratis/ratis-client/target/classes:/home/runner/work/ratis/ratis/ratis-server/target/classes:/home/runner/work/ratis/ratis/ratis-server-api/target/classes:/home/runner/work/ratis/ratis/ratis-metrics-api/target/classes:/home/runner/work/ratis/ratis/ratis-server/target/test-classes:/home/runner/work/ratis/ratis/ratis-metrics-default/target/classes:/home/runner/work/ratis/ratis/ratis-netty/target/classes:/home/runner/work/ratis/ratis/ratis-netty/target/test-classes:/home/runner/work/ratis/ratis/ratis-grpc/target/classes:/home/runner/work/ratis/ratis/ratis-grpc/target/test-classes:/home/runner/work/ratis/ratis/ratis-shell/target/classes:/home/runner/.m2/repository/commons-cli/commons-cli/1.5.0/commons-cli-1.5.0.jar:/home/runner/.m2/repository/org/reflections/reflections/0.10.2/reflections-0.10.2.jar:/home/runner/.m2/repository/org/javassist/javassist/3.28.0-GA/javassist-3.28.0-GA.jar:/home/runner/.m2/repository/com/google/code/findbugs/jsr305/3.0.2/jsr305-3.0.2.jar:/home/runner/.m2/repository/org/bouncycastle/bcprov-jdk15on/1.70/bcprov-jdk15on-1.70.jar:/home/runner/.m2/repository/org/bouncycastle/bcpkix-jdk15on/1.70/bcpkix-jdk15on-1.70.jar:/home/runner/.m2/repository/org/bouncycastle/bcutil-jdk15on/1.70/bcutil-jdk15on-1.70.jar:/home/runner/.m2/repository/org/slf4j/slf4j-api/1.7.36/slf4j-api-1.7.36.jar:/home/runner/.m2/repository/org/slf4j/slf4j-reload4j/1.7.36/slf4j-reload4j-1.7.36.jar:/home/runner/.m2/repository/ch/qos/reload4j/reload4j/1.2.19/reload4j-1.2.19.jar:/home/runner/.m2/repository/junit/junit/4.13.2/junit-4.13.2.jar:/home/runner/.m2/repository/org/hamcrest/hamcrest-core/1.3/hamcrest-core-1.3.jar:/home/runner/.m2/repository/org/mockito/mockito-core/4.3.1/mockito-core-4.3.1.jar:/home/runner/.m2/repository/net/bytebuddy/byte-buddy/1.12.7/byte-buddy-1.12.7.jar:/home/runner/.m2/repository/net/bytebuddy/byte-buddy-agent/1.12.7/byte-buddy-agent-1.12.7.jar:/home/runner/.m2/repository/org/objenesis/objenesis/3.2/objenesis-3.2.jar:"/>
    <property name="sun.cpu.endian" value="little"/>
    <property name="user.home" value="/home/runner"/>
    <property name="user.language" value="en"/>
    <property name="java.specification.vendor" value="Oracle Corporation"/>
    <property name="java.version.date" value="2023-01-17"/>
    <property name="java.home" value="/usr/lib/jvm/temurin-11-jdk-amd64"/>
    <property name="file.separator" value="/"/>
    <property name="basedir" value="/home/runner/work/ratis/ratis/ratis-test"/>
    <property name="java.vm.compressedOopsMode" value="32-bit"/>
    <property name="line.separator" value="&#10;"/>
    <property name="java.specification.name" value="Java Platform API Specification"/>
    <property name="java.vm.specification.vendor" value="Oracle Corporation"/>
    <property name="java.awt.graphicsenv" value="sun.awt.X11GraphicsEnvironment"/>
    <property name="surefire.real.class.path" value="/home/runner/work/ratis/ratis/ratis-test/target/surefire/surefirebooter6582780247918484516.jar"/>
    <property name="sun.management.compiler" value="HotSpot 64-Bit Tiered Compilers"/>
    <property name="java.runtime.version" value="11.0.18+10"/>
    <property name="user.name" value="runner"/>
    <property name="java.net.preferIPv4Stack" value="true"/>
    <property name="path.separator" value=":"/>
    <property name="os.version" value="5.15.0-1033-azure"/>
    <property name="java.runtime.name" value="OpenJDK Runtime Environment"/>
    <property name="file.encoding" value="UTF-8"/>
    <property name="java.vm.name" value="OpenJDK 64-Bit Server VM"/>
    <property name="java.vendor.version" value="Temurin-11.0.18+10"/>
    <property name="localRepository" value="/home/runner/.m2/repository"/>
    <property name="java.vendor.url.bug" value="https://github.com/adoptium/adoptium-support/issues"/>
    <property name="java.io.tmpdir" value="/tmp"/>
    <property name="java.version" value="11.0.18"/>
    <property name="user.dir" value="/home/runner/work/ratis/ratis/ratis-test"/>
    <property name="os.arch" value="amd64"/>
    <property name="ratis.tmp.dir" value="/home/runner/work/ratis/ratis/ratis-test/target/tmp"/>
    <property name="java.vm.specification.name" value="Java Virtual Machine Specification"/>
    <property name="java.awt.printerjob" value="sun.print.PSPrinterJob"/>
    <property name="ratis.log.dir" value="/home/runner/work/ratis/ratis/ratis-test/target/log"/>
    <property name="sun.os.patch.level" value="unknown"/>
    <property name="java.library.path" value="/usr/java/packages/lib:/usr/lib64:/lib64:/lib:/usr/lib"/>
    <property name="java.vm.info" value="mixed mode"/>
    <property name="java.vendor" value="Eclipse Adoptium"/>
    <property name="java.vm.version" value="11.0.18+10"/>
    <property name="sun.io.unicode.encoding" value="UnicodeLittle"/>
    <property name="java.class.version" value="55.0"/>
  </properties>
  <testcase name="testFollowerLinearizableReadFailWhenLeaderDown" classname="org.apache.ratis.grpc.TestReadOnlyRequestWithGrpc" time="3.062"/>
  <testcase name="testFollowerLinearizableRead" classname="org.apache.ratis.grpc.TestReadOnlyRequestWithGrpc" time="3.393"/>
  <testcase name="testFollowerLinearizableReadParallel" classname="org.apache.ratis.grpc.TestReadOnlyRequestWithGrpc" time="1.893">
    <failure message="expected:&lt;2&gt; but was:&lt;1&gt;" type="java.lang.AssertionError"><![CDATA[java.lang.AssertionError: expected:<2> but was:<1>
	at org.junit.Assert.fail(Assert.java:89)
	at org.junit.Assert.failNotEquals(Assert.java:835)
	at org.junit.Assert.assertEquals(Assert.java:647)
	at org.junit.Assert.assertEquals(Assert.java:633)
	at org.apache.ratis.ReadOnlyRequestTests.testFollowerLinearizableReadParallelImpl(ReadOnlyRequestTests.java:175)
	at org.apache.ratis.server.impl.MiniRaftCluster$Factory$Get.runWithNewCluster(MiniRaftCluster.java:141)
	at org.apache.ratis.server.impl.MiniRaftCluster$Factory$Get.runWithNewCluster(MiniRaftCluster.java:121)
	at org.apache.ratis.ReadOnlyRequestTests.testFollowerLinearizableReadParallel(ReadOnlyRequestTests.java:157)
	at java.base/jdk.internal.reflect.NativeMethodAccessorImpl.invoke0(Native Method)
	at java.base/jdk.internal.reflect.NativeMethodAccessorImpl.invoke(NativeMethodAccessorImpl.java:62)
	at java.base/jdk.internal.reflect.DelegatingMethodAccessorImpl.invoke(DelegatingMethodAccessorImpl.java:43)
	at java.base/java.lang.reflect.Method.invoke(Method.java:566)
	at org.junit.runners.model.FrameworkMethod$1.runReflectiveCall(FrameworkMethod.java:59)
	at org.junit.internal.runners.model.ReflectiveCallable.run(ReflectiveCallable.java:12)
	at org.junit.runners.model.FrameworkMethod.invokeExplosively(FrameworkMethod.java:56)
	at org.junit.internal.runners.statements.InvokeMethod.evaluate(InvokeMethod.java:17)
	at org.junit.internal.runners.statements.RunBefores.evaluate(RunBefores.java:26)
	at org.junit.internal.runners.statements.RunAfters.evaluate(RunAfters.java:27)
	at org.junit.internal.runners.statements.FailOnTimeout$CallableStatement.call(FailOnTimeout.java:299)
	at org.junit.internal.runners.statements.FailOnTimeout$CallableStatement.call(FailOnTimeout.java:293)
	at java.base/java.util.concurrent.FutureTask.run(FutureTask.java:264)
	at java.base/java.lang.Thread.run(Thread.java:829)
]]></failure>
    <system-out><![CDATA[2023-03-07 04:43:34,920 [main] INFO  util.LogUtils (Slf4jUtils.java:setLogLevel(38)) - Successfully set org.apache.ratis.conf.ConfUtils log level to WARN
2023-03-07 04:43:34,920 [main] INFO  util.LogUtils (Slf4jUtils.java:setLogLevel(38)) - Successfully set org.apache.ratis.util.FileUtils log level to TRACE
2023-03-07 04:43:34,920 [main] INFO  util.LogUtils (Slf4jUtils.java:setLogLevel(38)) - Successfully set org.apache.ratis.server.RaftServer$Division log level to DEBUG
2023-03-07 04:43:34,925 [Time-limited test] INFO  impl.MiniRaftCluster (MiniRaftCluster.java:runWithNewCluster(135)) - Running runWithNewCluster
2023-03-07 04:43:34,926 [Time-limited test] INFO  impl.MiniRaftCluster (MiniRaftCluster.java:<init>(306)) - new MiniRaftClusterWithGrpc with group-7FEB495C69A8:[s0|rpc:localhost:39563|admin:localhost:39441|client:localhost:44279|dataStream:localhost:40923|priority:0|startupRole:FOLLOWER, s1|rpc:localhost:43315|admin:localhost:36815|client:localhost:36091|dataStream:localhost:45791|priority:0|startupRole:FOLLOWER, s2|rpc:localhost:37455|admin:localhost:41821|client:localhost:35369|dataStream:localhost:38619|priority:0|startupRole:FOLLOWER]
2023-03-07 04:43:34,926 [Time-limited test] INFO  impl.MiniRaftCluster (MiniRaftCluster.java:start(339)) - .............................................................. 
2023-03-07 04:43:34,926 [Time-limited test] INFO  impl.MiniRaftCluster (MiniRaftCluster.java:start(340)) - ... 
2023-03-07 04:43:34,926 [Time-limited test] INFO  impl.MiniRaftCluster (MiniRaftCluster.java:start(341)) - ...     Starting MiniRaftClusterWithGrpc
2023-03-07 04:43:34,926 [Time-limited test] INFO  impl.MiniRaftCluster (MiniRaftCluster.java:start(342)) - ... 
2023-03-07 04:43:34,926 [Time-limited test] INFO  impl.MiniRaftCluster (MiniRaftCluster.java:start(343)) - .............................................................. 
2023-03-07 04:43:34,926 [Time-limited test] INFO  impl.MiniRaftCluster (MiniRaftCluster.java:initServers(318)) - servers = {}
2023-03-07 04:43:34,926 [Time-limited test] INFO  impl.MiniRaftCluster (MiniRaftCluster.java:newRaftServer(382)) - newRaftServer: s0, group-7FEB495C69A8:[s0|rpc:localhost:39563|admin:localhost:39441|client:localhost:44279|dataStream:localhost:40923|priority:0|startupRole:FOLLOWER, s1|rpc:localhost:43315|admin:localhost:36815|client:localhost:36091|dataStream:localhost:45791|priority:0|startupRole:FOLLOWER, s2|rpc:localhost:37455|admin:localhost:41821|client:localhost:35369|dataStream:localhost:38619|priority:0|startupRole:FOLLOWER], format? true
2023-03-07 04:43:34,927 [Time-limited test] TRACE util.FileUtils (FileUtils.java:deleteFully(201)) - deleteFully target/test/data/2f933947/MiniRaftClusterWithGrpc73588ad8/s0
2023-03-07 04:43:34,927 [Time-limited test] TRACE util.FileUtils (FileUtils.java:deleteFully(217)) - deleteFully: target/test/data/2f933947/MiniRaftClusterWithGrpc73588ad8/s0 does not exist.
2023-03-07 04:43:34,927 [Time-limited test] INFO  impl.MiniRaftCluster (MiniRaftCluster.java:newRaftServer(387)) - Formatted directory target/test/data/2f933947/MiniRaftClusterWithGrpc73588ad8/s0
2023-03-07 04:43:34,927 [Time-limited test] INFO  server.RaftServer (ConfUtils.java:logGet(46)) - raft.rpc.type = GRPC (default)
2023-03-07 04:43:34,927 [Time-limited test] INFO  grpc.GrpcConfigKeys (ConfUtils.java:logFallback(53)) - raft.grpc.admin.host = null (fallback to raft.grpc.server.host)
2023-03-07 04:43:34,927 [Time-limited test] INFO  grpc.GrpcConfigKeys (ConfUtils.java:logGet(46)) - raft.grpc.admin.port = 39441 (custom)
2023-03-07 04:43:34,927 [Time-limited test] INFO  grpc.GrpcConfigKeys (ConfUtils.java:logFallback(53)) - raft.grpc.client.host = null (fallback to raft.grpc.server.host)
2023-03-07 04:43:34,928 [Time-limited test] INFO  grpc.GrpcConfigKeys (ConfUtils.java:logGet(46)) - raft.grpc.client.port = 44279 (custom)
2023-03-07 04:43:34,928 [Time-limited test] INFO  grpc.GrpcConfigKeys (ConfUtils.java:logGet(46)) - raft.grpc.server.host = null (default)
2023-03-07 04:43:34,928 [Time-limited test] INFO  grpc.GrpcConfigKeys (ConfUtils.java:logGet(46)) - raft.grpc.server.port = 39563 (custom)
2023-03-07 04:43:34,928 [Time-limited test] INFO  server.GrpcService (ConfUtils.java:logGet(46)) - raft.grpc.message.size.max = 64MB (=67108864) (default)
2023-03-07 04:43:34,928 [Time-limited test] INFO  server.RaftServerConfigKeys (ConfUtils.java:logGet(46)) - raft.server.log.appender.buffer.byte-limit = 4MB (=4194304) (default)
2023-03-07 04:43:34,928 [Time-limited test] INFO  server.GrpcService (ConfUtils.java:logGet(46)) - raft.grpc.flow.control.window = 1MB (=1048576) (default)
2023-03-07 04:43:34,928 [Time-limited test] INFO  server.RaftServerConfigKeys (ConfUtils.java:logGet(46)) - raft.server.rpc.request.timeout = 3000ms (default)
2023-03-07 04:43:34,928 [Time-limited test] INFO  grpc.GrpcConfigKeys (ConfUtils.java:logGet(46)) - raft.grpc.server.heartbeat.channel = true (default)
2023-03-07 04:43:34,928 [Time-limited test] INFO  grpc.GrpcConfigKeys (ConfUtils.java:logGet(46)) - raft.grpc.server.async.request.thread.pool.cached = true (default)
2023-03-07 04:43:34,928 [Time-limited test] INFO  grpc.GrpcConfigKeys (ConfUtils.java:logGet(46)) - raft.grpc.server.async.request.thread.pool.size = 32 (default)
2023-03-07 04:43:34,930 [Time-limited test] INFO  impl.DataStreamServerImpl (ConfUtils.java:logGet(46)) - raft.datastream.type = DISABLED (default)
2023-03-07 04:43:34,931 [Time-limited test] INFO  server.RaftServerConfigKeys (ConfUtils.java:logGet(46)) - raft.server.threadpool.proxy.cached = true (default)
2023-03-07 04:43:34,931 [Time-limited test] INFO  server.RaftServerConfigKeys (ConfUtils.java:logGet(46)) - raft.server.threadpool.proxy.size = 0 (default)
2023-03-07 04:43:34,931 [Time-limited test] INFO  server.RaftServerConfigKeys (ConfUtils.java:logGet(46)) - raft.server.rpc.slowness.timeout = 60s (default)
2023-03-07 04:43:34,931 [Time-limited test] INFO  server.RaftServerConfigKeys (ConfUtils.java:logGet(46)) - raft.server.leaderelection.leader.step-down.wait-time = 10s (default)
2023-03-07 04:43:34,931 [Time-limited test] INFO  server.RaftServerConfigKeys (ConfUtils.java:logGet(46)) - raft.server.storage.dir = [/home/runner/work/ratis/ratis/ratis-test/target/test/data/2f933947/MiniRaftClusterWithGrpc73588ad8/s0] (custom)
2023-03-07 04:43:34,932 [Time-limited test] INFO  server.RaftServer (RaftServerProxy.java:addNew(99)) - s0: addNew group-7FEB495C69A8:[s0|rpc:localhost:39563|admin:localhost:39441|client:localhost:44279|dataStream:localhost:40923|priority:0|startupRole:FOLLOWER, s1|rpc:localhost:43315|admin:localhost:36815|client:localhost:36091|dataStream:localhost:45791|priority:0|startupRole:FOLLOWER, s2|rpc:localhost:37455|admin:localhost:41821|client:localhost:35369|dataStream:localhost:38619|priority:0|startupRole:FOLLOWER] returns group-7FEB495C69A8:java.util.concurrent.CompletableFuture@6c1e611b[Not completed]
2023-03-07 04:43:34,932 [Time-limited test] INFO  impl.MiniRaftCluster (MiniRaftCluster.java:newRaftServer(382)) - newRaftServer: s1, group-7FEB495C69A8:[s0|rpc:localhost:39563|admin:localhost:39441|client:localhost:44279|dataStream:localhost:40923|priority:0|startupRole:FOLLOWER, s1|rpc:localhost:43315|admin:localhost:36815|client:localhost:36091|dataStream:localhost:45791|priority:0|startupRole:FOLLOWER, s2|rpc:localhost:37455|admin:localhost:41821|client:localhost:35369|dataStream:localhost:38619|priority:0|startupRole:FOLLOWER], format? true
2023-03-07 04:43:34,932 [Time-limited test] TRACE util.FileUtils (FileUtils.java:deleteFully(201)) - deleteFully target/test/data/2f933947/MiniRaftClusterWithGrpc73588ad8/s1
2023-03-07 04:43:34,932 [Time-limited test] TRACE util.FileUtils (FileUtils.java:deleteFully(217)) - deleteFully: target/test/data/2f933947/MiniRaftClusterWithGrpc73588ad8/s1 does not exist.
2023-03-07 04:43:34,932 [Time-limited test] INFO  impl.MiniRaftCluster (MiniRaftCluster.java:newRaftServer(387)) - Formatted directory target/test/data/2f933947/MiniRaftClusterWithGrpc73588ad8/s1
2023-03-07 04:43:34,932 [Time-limited test] INFO  server.RaftServer (ConfUtils.java:logGet(46)) - raft.rpc.type = GRPC (default)
2023-03-07 04:43:34,933 [Time-limited test] INFO  grpc.GrpcConfigKeys (ConfUtils.java:logFallback(53)) - raft.grpc.admin.host = null (fallback to raft.grpc.server.host)
2023-03-07 04:43:34,933 [Time-limited test] INFO  grpc.GrpcConfigKeys (ConfUtils.java:logGet(46)) - raft.grpc.admin.port = 36815 (custom)
2023-03-07 04:43:34,933 [Time-limited test] INFO  grpc.GrpcConfigKeys (ConfUtils.java:logFallback(53)) - raft.grpc.client.host = null (fallback to raft.grpc.server.host)
2023-03-07 04:43:34,933 [Time-limited test] INFO  grpc.GrpcConfigKeys (ConfUtils.java:logGet(46)) - raft.grpc.client.port = 36091 (custom)
2023-03-07 04:43:34,933 [Time-limited test] INFO  grpc.GrpcConfigKeys (ConfUtils.java:logGet(46)) - raft.grpc.server.host = null (default)
2023-03-07 04:43:34,933 [Time-limited test] INFO  grpc.GrpcConfigKeys (ConfUtils.java:logGet(46)) - raft.grpc.server.port = 43315 (custom)
2023-03-07 04:43:34,933 [Time-limited test] INFO  server.GrpcService (ConfUtils.java:logGet(46)) - raft.grpc.message.size.max = 64MB (=67108864) (default)
2023-03-07 04:43:34,933 [Time-limited test] INFO  server.RaftServerConfigKeys (ConfUtils.java:logGet(46)) - raft.server.log.appender.buffer.byte-limit = 4MB (=4194304) (default)
2023-03-07 04:43:34,933 [Time-limited test] INFO  server.GrpcService (ConfUtils.java:logGet(46)) - raft.grpc.flow.control.window = 1MB (=1048576) (default)
2023-03-07 04:43:34,933 [Time-limited test] INFO  server.RaftServerConfigKeys (ConfUtils.java:logGet(46)) - raft.server.rpc.request.timeout = 3000ms (default)
2023-03-07 04:43:34,933 [Time-limited test] INFO  grpc.GrpcConfigKeys (ConfUtils.java:logGet(46)) - raft.grpc.server.heartbeat.channel = true (default)
2023-03-07 04:43:34,933 [Time-limited test] INFO  grpc.GrpcConfigKeys (ConfUtils.java:logGet(46)) - raft.grpc.server.async.request.thread.pool.cached = true (default)
2023-03-07 04:43:34,933 [Time-limited test] INFO  grpc.GrpcConfigKeys (ConfUtils.java:logGet(46)) - raft.grpc.server.async.request.thread.pool.size = 32 (default)
2023-03-07 04:43:34,934 [Time-limited test] INFO  impl.DataStreamServerImpl (ConfUtils.java:logGet(46)) - raft.datastream.type = DISABLED (default)
2023-03-07 04:43:34,934 [Time-limited test] INFO  server.RaftServerConfigKeys (ConfUtils.java:logGet(46)) - raft.server.threadpool.proxy.cached = true (default)
2023-03-07 04:43:34,934 [Time-limited test] INFO  server.RaftServerConfigKeys (ConfUtils.java:logGet(46)) - raft.server.threadpool.proxy.size = 0 (default)
2023-03-07 04:43:34,934 [Time-limited test] INFO  server.RaftServerConfigKeys (ConfUtils.java:logGet(46)) - raft.server.rpc.slowness.timeout = 60s (default)
2023-03-07 04:43:34,934 [Time-limited test] INFO  server.RaftServerConfigKeys (ConfUtils.java:logGet(46)) - raft.server.leaderelection.leader.step-down.wait-time = 10s (default)
2023-03-07 04:43:34,934 [Time-limited test] INFO  server.RaftServerConfigKeys (ConfUtils.java:logGet(46)) - raft.server.storage.dir = [/home/runner/work/ratis/ratis/ratis-test/target/test/data/2f933947/MiniRaftClusterWithGrpc73588ad8/s1] (custom)
2023-03-07 04:43:34,937 [s0-groupManagement] INFO  server.RaftServer$Division (RaftServerImpl.java:<init>(198)) - s0: new RaftServerImpl for group-7FEB495C69A8:[s0|rpc:localhost:39563|admin:localhost:39441|client:localhost:44279|dataStream:localhost:40923|priority:0|startupRole:FOLLOWER, s1|rpc:localhost:43315|admin:localhost:36815|client:localhost:36091|dataStream:localhost:45791|priority:0|startupRole:FOLLOWER, s2|rpc:localhost:37455|admin:localhost:41821|client:localhost:35369|dataStream:localhost:38619|priority:0|startupRole:FOLLOWER] with CounterStateMachine:uninitialized
2023-03-07 04:43:34,937 [s0-groupManagement] INFO  server.RaftServerConfigKeys (ConfUtils.java:logGet(46)) - raft.server.rpc.timeout.min = 150ms (default)
2023-03-07 04:43:34,937 [s0-groupManagement] INFO  server.RaftServerConfigKeys (ConfUtils.java:logGet(46)) - raft.server.rpc.timeout.max = 300ms (default)
2023-03-07 04:43:34,937 [s0-groupManagement] INFO  server.RaftServerConfigKeys (ConfUtils.java:logGet(46)) - raft.server.rpc.sleep.time = 25ms (default)
2023-03-07 04:43:34,937 [s0-groupManagement] INFO  server.RaftServerConfigKeys (ConfUtils.java:logGet(46)) - raft.server.rpc.slowness.timeout = 60s (default)
2023-03-07 04:43:34,937 [s0-groupManagement] INFO  server.RaftServerConfigKeys (ConfUtils.java:logGet(46)) - raft.server.leaderelection.leader.step-down.wait-time = 10s (default)
2023-03-07 04:43:34,938 [s0-groupManagement] INFO  server.RaftServerConfigKeys (ConfUtils.java:logGet(46)) - raft.server.sleep.deviation.threshold = 300ms (default)
2023-03-07 04:43:34,938 [s0-groupManagement] INFO  server.RaftServer$Division (ServerState.java:<init>(113)) - s0@group-7FEB495C69A8: ConfigurationManager, init=-1: peers:[s0|rpc:localhost:39563|admin:localhost:39441|client:localhost:44279|dataStream:localhost:40923|priority:0|startupRole:FOLLOWER, s1|rpc:localhost:43315|admin:localhost:36815|client:localhost:36091|dataStream:localhost:45791|priority:0|startupRole:FOLLOWER, s2|rpc:localhost:37455|admin:localhost:41821|client:localhost:35369|dataStream:localhost:38619|priority:0|startupRole:FOLLOWER]|listeners:[], old=null, confs=<EMPTY_MAP>
2023-03-07 04:43:34,938 [s0-groupManagement] INFO  server.RaftServerConfigKeys (ConfUtils.java:logGet(46)) - raft.server.notification.no-leader.timeout = 60s (default)
2023-03-07 04:43:34,938 [s0-groupManagement] INFO  server.RaftServerConfigKeys (ConfUtils.java:logGet(46)) - raft.server.read.timeout = 10s (default)
2023-03-07 04:43:34,938 [s0-groupManagement] INFO  server.RaftServerConfigKeys (ConfUtils.java:logGet(46)) - raft.server.retrycache.expirytime = 60s (default)
2023-03-07 04:43:34,938 [s0-groupManagement] INFO  server.RaftServerConfigKeys (ConfUtils.java:logGet(46)) - raft.server.retrycache.statistics.expirytime = 100μs (default)
2023-03-07 04:43:34,938 [s0-groupManagement] INFO  server.RaftServerConfigKeys (ConfUtils.java:logGet(46)) - raft.server.read.option = LINEARIZABLE (custom)
2023-03-07 04:43:34,942 [s0-groupManagement] INFO  server.RaftServerConfigKeys (ConfUtils.java:logGet(46)) - raft.server.log.appender.install.snapshot.enabled = true (default)
2023-03-07 04:43:34,942 [s0-groupManagement] INFO  server.RaftServerConfigKeys (ConfUtils.java:logGet(46)) - raft.server.threadpool.server.cached = true (default)
2023-03-07 04:43:34,942 [s0-groupManagement] INFO  server.RaftServerConfigKeys (ConfUtils.java:logGet(46)) - raft.server.threadpool.server.size = 0 (default)
2023-03-07 04:43:34,943 [s0-groupManagement] INFO  server.RaftServerConfigKeys (ConfUtils.java:logGet(46)) - raft.server.threadpool.client.cached = true (default)
2023-03-07 04:43:34,943 [s0-groupManagement] INFO  server.RaftServerConfigKeys (ConfUtils.java:logGet(46)) - raft.server.threadpool.client.size = 0 (default)
2023-03-07 04:43:34,944 [Time-limited test] INFO  server.RaftServer (RaftServerProxy.java:addNew(99)) - s1: addNew group-7FEB495C69A8:[s0|rpc:localhost:39563|admin:localhost:39441|client:localhost:44279|dataStream:localhost:40923|priority:0|startupRole:FOLLOWER, s1|rpc:localhost:43315|admin:localhost:36815|client:localhost:36091|dataStream:localhost:45791|priority:0|startupRole:FOLLOWER, s2|rpc:localhost:37455|admin:localhost:41821|client:localhost:35369|dataStream:localhost:38619|priority:0|startupRole:FOLLOWER] returns group-7FEB495C69A8:java.util.concurrent.CompletableFuture@13383391[Not completed]
2023-03-07 04:43:34,945 [Time-limited test] INFO  impl.MiniRaftCluster (MiniRaftCluster.java:newRaftServer(382)) - newRaftServer: s2, group-7FEB495C69A8:[s0|rpc:localhost:39563|admin:localhost:39441|client:localhost:44279|dataStream:localhost:40923|priority:0|startupRole:FOLLOWER, s1|rpc:localhost:43315|admin:localhost:36815|client:localhost:36091|dataStream:localhost:45791|priority:0|startupRole:FOLLOWER, s2|rpc:localhost:37455|admin:localhost:41821|client:localhost:35369|dataStream:localhost:38619|priority:0|startupRole:FOLLOWER], format? true
2023-03-07 04:43:34,945 [Time-limited test] TRACE util.FileUtils (FileUtils.java:deleteFully(201)) - deleteFully target/test/data/2f933947/MiniRaftClusterWithGrpc73588ad8/s2
2023-03-07 04:43:34,945 [Time-limited test] TRACE util.FileUtils (FileUtils.java:deleteFully(217)) - deleteFully: target/test/data/2f933947/MiniRaftClusterWithGrpc73588ad8/s2 does not exist.
2023-03-07 04:43:34,945 [Time-limited test] INFO  impl.MiniRaftCluster (MiniRaftCluster.java:newRaftServer(387)) - Formatted directory target/test/data/2f933947/MiniRaftClusterWithGrpc73588ad8/s2
2023-03-07 04:43:34,945 [Time-limited test] INFO  server.RaftServer (ConfUtils.java:logGet(46)) - raft.rpc.type = GRPC (default)
2023-03-07 04:43:34,945 [Time-limited test] INFO  grpc.GrpcConfigKeys (ConfUtils.java:logFallback(53)) - raft.grpc.admin.host = null (fallback to raft.grpc.server.host)
2023-03-07 04:43:34,945 [Time-limited test] INFO  grpc.GrpcConfigKeys (ConfUtils.java:logGet(46)) - raft.grpc.admin.port = 41821 (custom)
2023-03-07 04:43:34,945 [Time-limited test] INFO  grpc.GrpcConfigKeys (ConfUtils.java:logFallback(53)) - raft.grpc.client.host = null (fallback to raft.grpc.server.host)
2023-03-07 04:43:34,945 [Time-limited test] INFO  grpc.GrpcConfigKeys (ConfUtils.java:logGet(46)) - raft.grpc.client.port = 35369 (custom)
2023-03-07 04:43:34,945 [Time-limited test] INFO  grpc.GrpcConfigKeys (ConfUtils.java:logGet(46)) - raft.grpc.server.host = null (default)
2023-03-07 04:43:34,945 [Time-limited test] INFO  grpc.GrpcConfigKeys (ConfUtils.java:logGet(46)) - raft.grpc.server.port = 37455 (custom)
2023-03-07 04:43:34,945 [Time-limited test] INFO  server.GrpcService (ConfUtils.java:logGet(46)) - raft.grpc.message.size.max = 64MB (=67108864) (default)
2023-03-07 04:43:34,945 [Time-limited test] INFO  server.RaftServerConfigKeys (ConfUtils.java:logGet(46)) - raft.server.log.appender.buffer.byte-limit = 4MB (=4194304) (default)
2023-03-07 04:43:34,945 [Time-limited test] INFO  server.GrpcService (ConfUtils.java:logGet(46)) - raft.grpc.flow.control.window = 1MB (=1048576) (default)
2023-03-07 04:43:34,945 [Time-limited test] INFO  server.RaftServerConfigKeys (ConfUtils.java:logGet(46)) - raft.server.rpc.request.timeout = 3000ms (default)
2023-03-07 04:43:34,945 [Time-limited test] INFO  grpc.GrpcConfigKeys (ConfUtils.java:logGet(46)) - raft.grpc.server.heartbeat.channel = true (default)
2023-03-07 04:43:34,946 [Time-limited test] INFO  grpc.GrpcConfigKeys (ConfUtils.java:logGet(46)) - raft.grpc.server.async.request.thread.pool.cached = true (default)
2023-03-07 04:43:34,946 [Time-limited test] INFO  grpc.GrpcConfigKeys (ConfUtils.java:logGet(46)) - raft.grpc.server.async.request.thread.pool.size = 32 (default)
2023-03-07 04:43:34,946 [Time-limited test] INFO  impl.DataStreamServerImpl (ConfUtils.java:logGet(46)) - raft.datastream.type = DISABLED (default)
2023-03-07 04:43:34,947 [Time-limited test] INFO  server.RaftServerConfigKeys (ConfUtils.java:logGet(46)) - raft.server.threadpool.proxy.cached = true (default)
2023-03-07 04:43:34,947 [Time-limited test] INFO  server.RaftServerConfigKeys (ConfUtils.java:logGet(46)) - raft.server.threadpool.proxy.size = 0 (default)
2023-03-07 04:43:34,947 [Time-limited test] INFO  server.RaftServerConfigKeys (ConfUtils.java:logGet(46)) - raft.server.rpc.slowness.timeout = 60s (default)
2023-03-07 04:43:34,947 [Time-limited test] INFO  server.RaftServerConfigKeys (ConfUtils.java:logGet(46)) - raft.server.leaderelection.leader.step-down.wait-time = 10s (default)
2023-03-07 04:43:34,947 [Time-limited test] INFO  server.RaftServerConfigKeys (ConfUtils.java:logGet(46)) - raft.server.storage.dir = [/home/runner/work/ratis/ratis/ratis-test/target/test/data/2f933947/MiniRaftClusterWithGrpc73588ad8/s2] (custom)
2023-03-07 04:43:34,949 [s1-groupManagement] INFO  server.RaftServer$Division (RaftServerImpl.java:<init>(198)) - s1: new RaftServerImpl for group-7FEB495C69A8:[s0|rpc:localhost:39563|admin:localhost:39441|client:localhost:44279|dataStream:localhost:40923|priority:0|startupRole:FOLLOWER, s1|rpc:localhost:43315|admin:localhost:36815|client:localhost:36091|dataStream:localhost:45791|priority:0|startupRole:FOLLOWER, s2|rpc:localhost:37455|admin:localhost:41821|client:localhost:35369|dataStream:localhost:38619|priority:0|startupRole:FOLLOWER] with CounterStateMachine:uninitialized
2023-03-07 04:43:34,949 [s1-groupManagement] INFO  server.RaftServerConfigKeys (ConfUtils.java:logGet(46)) - raft.server.rpc.timeout.min = 150ms (default)
2023-03-07 04:43:34,949 [s1-groupManagement] INFO  server.RaftServerConfigKeys (ConfUtils.java:logGet(46)) - raft.server.rpc.timeout.max = 300ms (default)
2023-03-07 04:43:34,950 [s1-groupManagement] INFO  server.RaftServerConfigKeys (ConfUtils.java:logGet(46)) - raft.server.rpc.sleep.time = 25ms (default)
2023-03-07 04:43:34,950 [s1-groupManagement] INFO  server.RaftServerConfigKeys (ConfUtils.java:logGet(46)) - raft.server.rpc.slowness.timeout = 60s (default)
2023-03-07 04:43:34,950 [s1-groupManagement] INFO  server.RaftServerConfigKeys (ConfUtils.java:logGet(46)) - raft.server.leaderelection.leader.step-down.wait-time = 10s (default)
2023-03-07 04:43:34,950 [s1-groupManagement] INFO  server.RaftServerConfigKeys (ConfUtils.java:logGet(46)) - raft.server.sleep.deviation.threshold = 300ms (default)
2023-03-07 04:43:34,950 [s1-groupManagement] INFO  server.RaftServer$Division (ServerState.java:<init>(113)) - s1@group-7FEB495C69A8: ConfigurationManager, init=-1: peers:[s0|rpc:localhost:39563|admin:localhost:39441|client:localhost:44279|dataStream:localhost:40923|priority:0|startupRole:FOLLOWER, s1|rpc:localhost:43315|admin:localhost:36815|client:localhost:36091|dataStream:localhost:45791|priority:0|startupRole:FOLLOWER, s2|rpc:localhost:37455|admin:localhost:41821|client:localhost:35369|dataStream:localhost:38619|priority:0|startupRole:FOLLOWER]|listeners:[], old=null, confs=<EMPTY_MAP>
2023-03-07 04:43:34,950 [s1-groupManagement] INFO  server.RaftServerConfigKeys (ConfUtils.java:logGet(46)) - raft.server.notification.no-leader.timeout = 60s (default)
2023-03-07 04:43:34,950 [s1-groupManagement] INFO  server.RaftServerConfigKeys (ConfUtils.java:logGet(46)) - raft.server.read.timeout = 10s (default)
2023-03-07 04:43:34,950 [s1-groupManagement] INFO  server.RaftServerConfigKeys (ConfUtils.java:logGet(46)) - raft.server.retrycache.expirytime = 60s (default)
2023-03-07 04:43:34,950 [s1-groupManagement] INFO  server.RaftServerConfigKeys (ConfUtils.java:logGet(46)) - raft.server.retrycache.statistics.expirytime = 100μs (default)
2023-03-07 04:43:34,950 [s1-groupManagement] INFO  server.RaftServerConfigKeys (ConfUtils.java:logGet(46)) - raft.server.read.option = LINEARIZABLE (custom)
2023-03-07 04:43:34,953 [s1-groupManagement] INFO  server.RaftServerConfigKeys (ConfUtils.java:logGet(46)) - raft.server.log.appender.install.snapshot.enabled = true (default)
2023-03-07 04:43:34,954 [s1-groupManagement] INFO  server.RaftServerConfigKeys (ConfUtils.java:logGet(46)) - raft.server.threadpool.server.cached = true (default)
2023-03-07 04:43:34,954 [s1-groupManagement] INFO  server.RaftServerConfigKeys (ConfUtils.java:logGet(46)) - raft.server.threadpool.server.size = 0 (default)
2023-03-07 04:43:34,954 [s1-groupManagement] INFO  server.RaftServerConfigKeys (ConfUtils.java:logGet(46)) - raft.server.threadpool.client.cached = true (default)
2023-03-07 04:43:34,954 [s1-groupManagement] INFO  server.RaftServerConfigKeys (ConfUtils.java:logGet(46)) - raft.server.threadpool.client.size = 0 (default)
2023-03-07 04:43:34,954 [Time-limited test] INFO  server.RaftServer (RaftServerProxy.java:addNew(99)) - s2: addNew group-7FEB495C69A8:[s0|rpc:localhost:39563|admin:localhost:39441|client:localhost:44279|dataStream:localhost:40923|priority:0|startupRole:FOLLOWER, s1|rpc:localhost:43315|admin:localhost:36815|client:localhost:36091|dataStream:localhost:45791|priority:0|startupRole:FOLLOWER, s2|rpc:localhost:37455|admin:localhost:41821|client:localhost:35369|dataStream:localhost:38619|priority:0|startupRole:FOLLOWER] returns group-7FEB495C69A8:java.util.concurrent.CompletableFuture@5a4a1ed2[Not completed]
2023-03-07 04:43:34,954 [s0-impl-thread1] INFO  server.RaftServerConfigKeys (ConfUtils.java:logGet(46)) - raft.server.storage.free-space.min = 0MB (=0) (default)
2023-03-07 04:43:34,954 [s0-impl-thread1] INFO  server.RaftServerConfigKeys (ConfUtils.java:logGet(46)) - raft.server.log.corruption.policy = EXCEPTION (default)
2023-03-07 04:43:34,954 [s0-impl-thread1] INFO  server.RaftServerConfigKeys (ConfUtils.java:logGet(46)) - raft.server.storage.dir = [/home/runner/work/ratis/ratis/ratis-test/target/test/data/2f933947/MiniRaftClusterWithGrpc73588ad8/s0] (custom)
2023-03-07 04:43:34,954 [s0-impl-thread1] INFO  storage.RaftStorageDirectory (RaftStorageDirectoryImpl.java:analyzeStorage(138)) - The storage directory /home/runner/work/ratis/ratis/ratis-test/target/test/data/2f933947/MiniRaftClusterWithGrpc73588ad8/s0/9a6e09e3-83cb-420f-b4a9-7feb495c69a8 does not exist. Creating ...
2023-03-07 04:43:34,955 [s0-impl-thread1] TRACE util.FileUtils (LogUtils.java:runAndLog(49)) - Successfully ran Files.createDirectories /home/runner/work/ratis/ratis/ratis-test/target/test/data/2f933947/MiniRaftClusterWithGrpc73588ad8/s0/9a6e09e3-83cb-420f-b4a9-7feb495c69a8
2023-03-07 04:43:34,956 [s2-groupManagement] INFO  server.RaftServer$Division (RaftServerImpl.java:<init>(198)) - s2: new RaftServerImpl for group-7FEB495C69A8:[s0|rpc:localhost:39563|admin:localhost:39441|client:localhost:44279|dataStream:localhost:40923|priority:0|startupRole:FOLLOWER, s1|rpc:localhost:43315|admin:localhost:36815|client:localhost:36091|dataStream:localhost:45791|priority:0|startupRole:FOLLOWER, s2|rpc:localhost:37455|admin:localhost:41821|client:localhost:35369|dataStream:localhost:38619|priority:0|startupRole:FOLLOWER] with CounterStateMachine:uninitialized
2023-03-07 04:43:34,956 [s2-groupManagement] INFO  server.RaftServerConfigKeys (ConfUtils.java:logGet(46)) - raft.server.rpc.timeout.min = 150ms (default)
2023-03-07 04:43:34,956 [s2-groupManagement] INFO  server.RaftServerConfigKeys (ConfUtils.java:logGet(46)) - raft.server.rpc.timeout.max = 300ms (default)
2023-03-07 04:43:34,957 [s2-groupManagement] INFO  server.RaftServerConfigKeys (ConfUtils.java:logGet(46)) - raft.server.rpc.sleep.time = 25ms (default)
2023-03-07 04:43:34,957 [s2-groupManagement] INFO  server.RaftServerConfigKeys (ConfUtils.java:logGet(46)) - raft.server.rpc.slowness.timeout = 60s (default)
2023-03-07 04:43:34,957 [s2-groupManagement] INFO  server.RaftServerConfigKeys (ConfUtils.java:logGet(46)) - raft.server.leaderelection.leader.step-down.wait-time = 10s (default)
2023-03-07 04:43:34,957 [s2-groupManagement] INFO  server.RaftServerConfigKeys (ConfUtils.java:logGet(46)) - raft.server.sleep.deviation.threshold = 300ms (default)
2023-03-07 04:43:34,957 [s2-groupManagement] INFO  server.RaftServer$Division (ServerState.java:<init>(113)) - s2@group-7FEB495C69A8: ConfigurationManager, init=-1: peers:[s0|rpc:localhost:39563|admin:localhost:39441|client:localhost:44279|dataStream:localhost:40923|priority:0|startupRole:FOLLOWER, s1|rpc:localhost:43315|admin:localhost:36815|client:localhost:36091|dataStream:localhost:45791|priority:0|startupRole:FOLLOWER, s2|rpc:localhost:37455|admin:localhost:41821|client:localhost:35369|dataStream:localhost:38619|priority:0|startupRole:FOLLOWER]|listeners:[], old=null, confs=<EMPTY_MAP>
2023-03-07 04:43:34,957 [s2-groupManagement] INFO  server.RaftServerConfigKeys (ConfUtils.java:logGet(46)) - raft.server.notification.no-leader.timeout = 60s (default)
2023-03-07 04:43:34,957 [s2-groupManagement] INFO  server.RaftServerConfigKeys (ConfUtils.java:logGet(46)) - raft.server.read.timeout = 10s (default)
2023-03-07 04:43:34,957 [s2-groupManagement] INFO  server.RaftServerConfigKeys (ConfUtils.java:logGet(46)) - raft.server.retrycache.expirytime = 60s (default)
2023-03-07 04:43:34,957 [s2-groupManagement] INFO  server.RaftServerConfigKeys (ConfUtils.java:logGet(46)) - raft.server.retrycache.statistics.expirytime = 100μs (default)
2023-03-07 04:43:34,958 [s2-groupManagement] INFO  server.RaftServerConfigKeys (ConfUtils.java:logGet(46)) - raft.server.read.option = LINEARIZABLE (custom)
2023-03-07 04:43:34,959 [s2-groupManagement] INFO  server.RaftServerConfigKeys (ConfUtils.java:logGet(46)) - raft.server.log.appender.install.snapshot.enabled = true (default)
2023-03-07 04:43:34,959 [s2-groupManagement] INFO  server.RaftServerConfigKeys (ConfUtils.java:logGet(46)) - raft.server.threadpool.server.cached = true (default)
2023-03-07 04:43:34,959 [s2-groupManagement] INFO  server.RaftServerConfigKeys (ConfUtils.java:logGet(46)) - raft.server.threadpool.server.size = 0 (default)
2023-03-07 04:43:34,959 [s2-groupManagement] INFO  server.RaftServerConfigKeys (ConfUtils.java:logGet(46)) - raft.server.threadpool.client.cached = true (default)
2023-03-07 04:43:34,959 [s2-groupManagement] INFO  server.RaftServerConfigKeys (ConfUtils.java:logGet(46)) - raft.server.threadpool.client.size = 0 (default)
2023-03-07 04:43:35,026 [s0-impl-thread1] INFO  storage.RaftStorageDirectory (RaftStorageDirectoryImpl.java:tryLock(232)) - Lock on /home/runner/work/ratis/ratis/ratis-test/target/test/data/2f933947/MiniRaftClusterWithGrpc73588ad8/s0/9a6e09e3-83cb-420f-b4a9-7feb495c69a8/in_use.lock acquired by nodename 17060@fv-az443-797
2023-03-07 04:43:35,027 [s0-impl-thread1] TRACE util.FileUtils (LogUtils.java:runAndLog(49)) - Successfully ran Files.createDirectories /home/runner/work/ratis/ratis/ratis-test/target/test/data/2f933947/MiniRaftClusterWithGrpc73588ad8/s0/9a6e09e3-83cb-420f-b4a9-7feb495c69a8/current
2023-03-07 04:43:35,027 [s0-impl-thread1] TRACE util.FileUtils (LogUtils.java:runAndLog(49)) - Successfully ran Files.createDirectories /home/runner/work/ratis/ratis/ratis-test/target/test/data/2f933947/MiniRaftClusterWithGrpc73588ad8/s0/9a6e09e3-83cb-420f-b4a9-7feb495c69a8/sm
2023-03-07 04:43:35,038 [s0-impl-thread1] INFO  storage.RaftStorage (RaftStorageImpl.java:format(96)) - Storage directory /home/runner/work/ratis/ratis/ratis-test/target/test/data/2f933947/MiniRaftClusterWithGrpc73588ad8/s0/9a6e09e3-83cb-420f-b4a9-7feb495c69a8 has been successfully formatted.
2023-03-07 04:43:35,038 [s0-impl-thread1] INFO  server.RaftServerConfigKeys (ConfUtils.java:logGet(46)) - raft.server.log.use.memory = false (default)
2023-03-07 04:43:35,038 [s0-impl-thread1] INFO  server.RaftServerConfigKeys (ConfUtils.java:logGet(46)) - raft.server.log.purge.gap = 1024 (default)
2023-03-07 04:43:35,038 [s0-impl-thread1] INFO  server.RaftServerConfigKeys (ConfUtils.java:logGet(46)) - raft.server.log.appender.buffer.byte-limit = 4MB (=4194304) (default)
2023-03-07 04:43:35,038 [s0-impl-thread1] INFO  server.RaftServerConfigKeys (ConfUtils.java:logGet(46)) - raft.server.log.statemachine.data.read.timeout = 1000ms (default)
2023-03-07 04:43:35,038 [s0-impl-thread1] INFO  server.RaftServerConfigKeys (ConfUtils.java:logGet(46)) - raft.server.log.purge.preservation.log.num = 0 (default)
2023-03-07 04:43:35,039 [s0-impl-thread1] INFO  server.RaftServerConfigKeys (ConfUtils.java:logGet(46)) - raft.server.log.segment.size.max = 8MB (=8388608) (default)
2023-03-07 04:43:35,039 [s0-impl-thread1] INFO  server.RaftServerConfigKeys (ConfUtils.java:logGet(46)) - raft.server.log.segment.cache.num.max = 6 (default)
2023-03-07 04:43:35,039 [s0-impl-thread1] INFO  server.RaftServerConfigKeys (ConfUtils.java:logGet(46)) - raft.server.log.segment.cache.size.max = 200MB (=209715200) (default)
2023-03-07 04:43:35,039 [s0-impl-thread1] INFO  server.RaftServerConfigKeys (ConfUtils.java:logGet(46)) - raft.server.log.appender.buffer.byte-limit = 4MB (=4194304) (default)
2023-03-07 04:43:35,039 [s0-impl-thread1] INFO  segmented.SegmentedRaftLogWorker (SegmentedRaftLogWorker.java:<init>(183)) - new s0@group-7FEB495C69A8-SegmentedRaftLogWorker for RaftStorageImpl:Storage Directory /home/runner/work/ratis/ratis/ratis-test/target/test/data/2f933947/MiniRaftClusterWithGrpc73588ad8/s0/9a6e09e3-83cb-420f-b4a9-7feb495c69a8
2023-03-07 04:43:35,039 [s0-impl-thread1] INFO  server.RaftServerConfigKeys (ConfUtils.java:logGet(46)) - raft.server.log.queue.byte-limit = 64MB (=67108864) (default)
2023-03-07 04:43:35,039 [s0-impl-thread1] INFO  server.RaftServerConfigKeys (ConfUtils.java:logGet(46)) - raft.server.log.queue.element-limit = 4096 (default)
2023-03-07 04:43:35,039 [s0-impl-thread1] INFO  server.RaftServerConfigKeys (ConfUtils.java:logGet(46)) - raft.server.log.segment.size.max = 8MB (=8388608) (default)
2023-03-07 04:43:35,039 [s0-impl-thread1] INFO  server.RaftServerConfigKeys (ConfUtils.java:logGet(46)) - raft.server.log.preallocated.size = 4MB (=4194304) (default)
2023-03-07 04:43:35,039 [s0-impl-thread1] INFO  server.RaftServerConfigKeys (ConfUtils.java:logGet(46)) - raft.server.log.force.sync.num = 128 (default)
2023-03-07 04:43:35,039 [s0-impl-thread1] INFO  server.RaftServerConfigKeys (ConfUtils.java:logGet(46)) - raft.server.log.statemachine.data.sync = true (default)
2023-03-07 04:43:35,039 [s0-impl-thread1] INFO  server.RaftServerConfigKeys (ConfUtils.java:logGet(46)) - raft.server.log.statemachine.data.sync.timeout = 10s (default)
2023-03-07 04:43:35,039 [s0-impl-thread1] INFO  server.RaftServerConfigKeys (ConfUtils.java:logGet(46)) - raft.server.log.statemachine.data.sync.timeout.retry = -1 (default)
2023-03-07 04:43:35,040 [s0-impl-thread1] INFO  server.RaftServerConfigKeys (ConfUtils.java:logGet(46)) - raft.server.log.write.buffer.size = 64KB (=65536) (default)
2023-03-07 04:43:35,040 [s0-impl-thread1] INFO  server.RaftServerConfigKeys (ConfUtils.java:logGet(46)) - raft.server.log.appender.buffer.byte-limit = 4MB (=4194304) (default)
2023-03-07 04:43:35,040 [s0-impl-thread1] INFO  server.RaftServerConfigKeys (ConfUtils.java:logGet(46)) - raft.server.log.unsafe-flush.enabled = false (default)
2023-03-07 04:43:35,041 [s0-impl-thread1] INFO  server.RaftServerConfigKeys (ConfUtils.java:logGet(46)) - raft.server.log.async-flush.enabled = false (default)
2023-03-07 04:43:35,041 [s0-impl-thread1] INFO  server.RaftServerConfigKeys (ConfUtils.java:logGet(46)) - raft.server.log.statemachine.data.caching.enabled = false (default)
2023-03-07 04:43:35,041 [s0-impl-thread1] INFO  segmented.SegmentedRaftLogWorker (SegmentedRaftLogWorker.java:lambda$new$0(134)) - s0@group-7FEB495C69A8-SegmentedRaftLogWorker: flushIndex: setUnconditionally 0 -> -1
2023-03-07 04:43:35,041 [s0-impl-thread1] INFO  segmented.SegmentedRaftLogWorker (SegmentedRaftLogWorker.java:lambda$new$0(134)) - s0@group-7FEB495C69A8-SegmentedRaftLogWorker: safeCacheEvictIndex: setUnconditionally 0 -> -1
2023-03-07 04:43:35,042 [s0-impl-thread1] INFO  server.RaftServer$Division (RaftServerImpl.java:start(342)) - s0@group-7FEB495C69A8: start as a follower, conf=-1: peers:[s0|rpc:localhost:39563|admin:localhost:39441|client:localhost:44279|dataStream:localhost:40923|priority:0|startupRole:FOLLOWER, s1|rpc:localhost:43315|admin:localhost:36815|client:localhost:36091|dataStream:localhost:45791|priority:0|startupRole:FOLLOWER, s2|rpc:localhost:37455|admin:localhost:41821|client:localhost:35369|dataStream:localhost:38619|priority:0|startupRole:FOLLOWER]|listeners:[], old=null
2023-03-07 04:43:35,042 [s0-impl-thread1] INFO  server.RaftServer$Division (RaftServerImpl.java:setRole(329)) - s0@group-7FEB495C69A8: changes role from      null to FOLLOWER at term 0 for startAsFollower
2023-03-07 04:43:35,042 [s0-impl-thread1] INFO  impl.RoleInfo (RoleInfo.java:updateAndGet(139)) - s0: start s0@group-7FEB495C69A8-FollowerState
2023-03-07 04:43:35,042 [s0-impl-thread1] INFO  util.JmxRegister (JmxRegister.java:tryRegister(44)) - Successfully registered JMX Bean with object name Ratis:service=RaftServer,group=group-7FEB495C69A8,id=s0
2023-03-07 04:43:35,042 [s0-impl-thread1] INFO  server.RaftServerConfigKeys (ConfUtils.java:logGet(46)) - raft.server.snapshot.auto.trigger.enabled = false (default)
2023-03-07 04:43:35,042 [s0-impl-thread1] INFO  server.RaftServerConfigKeys (ConfUtils.java:logGet(46)) - raft.server.snapshot.retention.file.num = -1 (default)
2023-03-07 04:43:35,042 [s0-impl-thread1] INFO  server.RaftServerConfigKeys (ConfUtils.java:logGet(46)) - raft.server.log.purge.upto.snapshot.index = false (default)
2023-03-07 04:43:35,043 [s0@group-7FEB495C69A8-FollowerState] INFO  server.RaftServerConfigKeys (ConfUtils.java:logFallback(53)) - raft.server.rpc.first-election.timeout.min = 150ms (fallback to raft.server.rpc.timeout.min)
2023-03-07 04:43:35,044 [s0@group-7FEB495C69A8-FollowerState] INFO  server.RaftServerConfigKeys (ConfUtils.java:logFallback(53)) - raft.server.rpc.first-election.timeout.max = 300ms (fallback to raft.server.rpc.timeout.max)
2023-03-07 04:43:35,044 [Time-limited test] INFO  server.RaftServer (RaftServerProxy.java:startImpl(401)) - s0: start RPC server
2023-03-07 04:43:35,045 [Time-limited test] INFO  server.GrpcService (GrpcService.java:startImpl(302)) - s0: GrpcService started, listening on 44279
2023-03-07 04:43:35,047 [Time-limited test] INFO  server.GrpcService (GrpcService.java:startImpl(302)) - s0: GrpcService started, listening on 39563
2023-03-07 04:43:35,047 [Time-limited test] INFO  server.GrpcService (GrpcService.java:startImpl(302)) - s0: GrpcService started, listening on 39441
2023-03-07 04:43:35,048 [s1-impl-thread1] INFO  server.RaftServerConfigKeys (ConfUtils.java:logGet(46)) - raft.server.storage.free-space.min = 0MB (=0) (default)
2023-03-07 04:43:35,048 [s1-impl-thread1] INFO  server.RaftServerConfigKeys (ConfUtils.java:logGet(46)) - raft.server.log.corruption.policy = EXCEPTION (default)
2023-03-07 04:43:35,048 [s1-impl-thread1] INFO  server.RaftServerConfigKeys (ConfUtils.java:logGet(46)) - raft.server.storage.dir = [/home/runner/work/ratis/ratis/ratis-test/target/test/data/2f933947/MiniRaftClusterWithGrpc73588ad8/s1] (custom)
2023-03-07 04:43:35,048 [s1-impl-thread1] INFO  storage.RaftStorageDirectory (RaftStorageDirectoryImpl.java:analyzeStorage(138)) - The storage directory /home/runner/work/ratis/ratis/ratis-test/target/test/data/2f933947/MiniRaftClusterWithGrpc73588ad8/s1/9a6e09e3-83cb-420f-b4a9-7feb495c69a8 does not exist. Creating ...
2023-03-07 04:43:35,049 [s1-impl-thread1] TRACE util.FileUtils (LogUtils.java:runAndLog(49)) - Successfully ran Files.createDirectories /home/runner/work/ratis/ratis/ratis-test/target/test/data/2f933947/MiniRaftClusterWithGrpc73588ad8/s1/9a6e09e3-83cb-420f-b4a9-7feb495c69a8
2023-03-07 04:43:35,049 [JvmPauseMonitor6] INFO  util.JvmPauseMonitor (JvmPauseMonitor.java:run(103)) - JvmPauseMonitor-s0: Started
2023-03-07 04:43:35,049 [s1-impl-thread1] INFO  storage.RaftStorageDirectory (RaftStorageDirectoryImpl.java:tryLock(232)) - Lock on /home/runner/work/ratis/ratis/ratis-test/target/test/data/2f933947/MiniRaftClusterWithGrpc73588ad8/s1/9a6e09e3-83cb-420f-b4a9-7feb495c69a8/in_use.lock acquired by nodename 17060@fv-az443-797
2023-03-07 04:43:35,050 [s1-impl-thread1] TRACE util.FileUtils (LogUtils.java:runAndLog(49)) - Successfully ran Files.createDirectories /home/runner/work/ratis/ratis/ratis-test/target/test/data/2f933947/MiniRaftClusterWithGrpc73588ad8/s1/9a6e09e3-83cb-420f-b4a9-7feb495c69a8/current
2023-03-07 04:43:35,050 [s1-impl-thread1] TRACE util.FileUtils (LogUtils.java:runAndLog(49)) - Successfully ran Files.createDirectories /home/runner/work/ratis/ratis/ratis-test/target/test/data/2f933947/MiniRaftClusterWithGrpc73588ad8/s1/9a6e09e3-83cb-420f-b4a9-7feb495c69a8/sm
2023-03-07 04:43:35,051 [s1-impl-thread1] INFO  storage.RaftStorage (RaftStorageImpl.java:format(96)) - Storage directory /home/runner/work/ratis/ratis/ratis-test/target/test/data/2f933947/MiniRaftClusterWithGrpc73588ad8/s1/9a6e09e3-83cb-420f-b4a9-7feb495c69a8 has been successfully formatted.
2023-03-07 04:43:35,051 [s1-impl-thread1] INFO  server.RaftServerConfigKeys (ConfUtils.java:logGet(46)) - raft.server.log.use.memory = false (default)
2023-03-07 04:43:35,051 [s1-impl-thread1] INFO  server.RaftServerConfigKeys (ConfUtils.java:logGet(46)) - raft.server.log.purge.gap = 1024 (default)
2023-03-07 04:43:35,051 [s1-impl-thread1] INFO  server.RaftServerConfigKeys (ConfUtils.java:logGet(46)) - raft.server.log.appender.buffer.byte-limit = 4MB (=4194304) (default)
2023-03-07 04:43:35,051 [s1-impl-thread1] INFO  server.RaftServerConfigKeys (ConfUtils.java:logGet(46)) - raft.server.log.statemachine.data.read.timeout = 1000ms (default)
2023-03-07 04:43:35,051 [s1-impl-thread1] INFO  server.RaftServerConfigKeys (ConfUtils.java:logGet(46)) - raft.server.log.purge.preservation.log.num = 0 (default)
2023-03-07 04:43:35,052 [s1-impl-thread1] INFO  server.RaftServerConfigKeys (ConfUtils.java:logGet(46)) - raft.server.log.segment.size.max = 8MB (=8388608) (default)
2023-03-07 04:43:35,052 [s1-impl-thread1] INFO  server.RaftServerConfigKeys (ConfUtils.java:logGet(46)) - raft.server.log.segment.cache.num.max = 6 (default)
2023-03-07 04:43:35,052 [s1-impl-thread1] INFO  server.RaftServerConfigKeys (ConfUtils.java:logGet(46)) - raft.server.log.segment.cache.size.max = 200MB (=209715200) (default)
2023-03-07 04:43:35,052 [s1-impl-thread1] INFO  server.RaftServerConfigKeys (ConfUtils.java:logGet(46)) - raft.server.log.appender.buffer.byte-limit = 4MB (=4194304) (default)
2023-03-07 04:43:35,052 [s1-impl-thread1] INFO  segmented.SegmentedRaftLogWorker (SegmentedRaftLogWorker.java:<init>(183)) - new s1@group-7FEB495C69A8-SegmentedRaftLogWorker for RaftStorageImpl:Storage Directory /home/runner/work/ratis/ratis/ratis-test/target/test/data/2f933947/MiniRaftClusterWithGrpc73588ad8/s1/9a6e09e3-83cb-420f-b4a9-7feb495c69a8
2023-03-07 04:43:35,052 [s1-impl-thread1] INFO  server.RaftServerConfigKeys (ConfUtils.java:logGet(46)) - raft.server.log.queue.byte-limit = 64MB (=67108864) (default)
2023-03-07 04:43:35,052 [s1-impl-thread1] INFO  server.RaftServerConfigKeys (ConfUtils.java:logGet(46)) - raft.server.log.queue.element-limit = 4096 (default)
2023-03-07 04:43:35,052 [s1-impl-thread1] INFO  server.RaftServerConfigKeys (ConfUtils.java:logGet(46)) - raft.server.log.segment.size.max = 8MB (=8388608) (default)
2023-03-07 04:43:35,053 [s1-impl-thread1] INFO  server.RaftServerConfigKeys (ConfUtils.java:logGet(46)) - raft.server.log.preallocated.size = 4MB (=4194304) (default)
2023-03-07 04:43:35,053 [s1-impl-thread1] INFO  server.RaftServerConfigKeys (ConfUtils.java:logGet(46)) - raft.server.log.force.sync.num = 128 (default)
2023-03-07 04:43:35,053 [s1-impl-thread1] INFO  server.RaftServerConfigKeys (ConfUtils.java:logGet(46)) - raft.server.log.statemachine.data.sync = true (default)
2023-03-07 04:43:35,053 [s1-impl-thread1] INFO  server.RaftServerConfigKeys (ConfUtils.java:logGet(46)) - raft.server.log.statemachine.data.sync.timeout = 10s (default)
2023-03-07 04:43:35,053 [s1-impl-thread1] INFO  server.RaftServerConfigKeys (ConfUtils.java:logGet(46)) - raft.server.log.statemachine.data.sync.timeout.retry = -1 (default)
2023-03-07 04:43:35,053 [s1-impl-thread1] INFO  server.RaftServerConfigKeys (ConfUtils.java:logGet(46)) - raft.server.log.write.buffer.size = 64KB (=65536) (default)
2023-03-07 04:43:35,053 [s1-impl-thread1] INFO  server.RaftServerConfigKeys (ConfUtils.java:logGet(46)) - raft.server.log.appender.buffer.byte-limit = 4MB (=4194304) (default)
2023-03-07 04:43:35,054 [s1-impl-thread1] INFO  server.RaftServerConfigKeys (ConfUtils.java:logGet(46)) - raft.server.log.unsafe-flush.enabled = false (default)
2023-03-07 04:43:35,054 [s1-impl-thread1] INFO  server.RaftServerConfigKeys (ConfUtils.java:logGet(46)) - raft.server.log.async-flush.enabled = false (default)
2023-03-07 04:43:35,054 [s1-impl-thread1] INFO  server.RaftServerConfigKeys (ConfUtils.java:logGet(46)) - raft.server.log.statemachine.data.caching.enabled = false (default)
2023-03-07 04:43:35,054 [s1-impl-thread1] INFO  segmented.SegmentedRaftLogWorker (SegmentedRaftLogWorker.java:lambda$new$0(134)) - s1@group-7FEB495C69A8-SegmentedRaftLogWorker: flushIndex: setUnconditionally 0 -> -1
2023-03-07 04:43:35,054 [s1-impl-thread1] INFO  segmented.SegmentedRaftLogWorker (SegmentedRaftLogWorker.java:lambda$new$0(134)) - s1@group-7FEB495C69A8-SegmentedRaftLogWorker: safeCacheEvictIndex: setUnconditionally 0 -> -1
2023-03-07 04:43:35,054 [s1-impl-thread1] INFO  server.RaftServer$Division (RaftServerImpl.java:start(342)) - s1@group-7FEB495C69A8: start as a follower, conf=-1: peers:[s0|rpc:localhost:39563|admin:localhost:39441|client:localhost:44279|dataStream:localhost:40923|priority:0|startupRole:FOLLOWER, s1|rpc:localhost:43315|admin:localhost:36815|client:localhost:36091|dataStream:localhost:45791|priority:0|startupRole:FOLLOWER, s2|rpc:localhost:37455|admin:localhost:41821|client:localhost:35369|dataStream:localhost:38619|priority:0|startupRole:FOLLOWER]|listeners:[], old=null
2023-03-07 04:43:35,054 [s1-impl-thread1] INFO  server.RaftServer$Division (RaftServerImpl.java:setRole(329)) - s1@group-7FEB495C69A8: changes role from      null to FOLLOWER at term 0 for startAsFollower
2023-03-07 04:43:35,054 [s1-impl-thread1] INFO  impl.RoleInfo (RoleInfo.java:updateAndGet(139)) - s1: start s1@group-7FEB495C69A8-FollowerState
2023-03-07 04:43:35,056 [s1-impl-thread1] INFO  util.JmxRegister (JmxRegister.java:tryRegister(44)) - Successfully registered JMX Bean with object name Ratis:service=RaftServer,group=group-7FEB495C69A8,id=s1
2023-03-07 04:43:35,057 [s1-impl-thread1] INFO  server.RaftServerConfigKeys (ConfUtils.java:logGet(46)) - raft.server.snapshot.auto.trigger.enabled = false (default)
2023-03-07 04:43:35,057 [s1-impl-thread1] INFO  server.RaftServerConfigKeys (ConfUtils.java:logGet(46)) - raft.server.snapshot.retention.file.num = -1 (default)
2023-03-07 04:43:35,057 [s1-impl-thread1] INFO  server.RaftServerConfigKeys (ConfUtils.java:logGet(46)) - raft.server.log.purge.upto.snapshot.index = false (default)
2023-03-07 04:43:35,060 [s1@group-7FEB495C69A8-FollowerState] INFO  server.RaftServerConfigKeys (ConfUtils.java:logFallback(53)) - raft.server.rpc.first-election.timeout.min = 150ms (fallback to raft.server.rpc.timeout.min)
2023-03-07 04:43:35,060 [Time-limited test] INFO  server.RaftServer (RaftServerProxy.java:startImpl(401)) - s1: start RPC server
2023-03-07 04:43:35,064 [Time-limited test] INFO  server.GrpcService (GrpcService.java:startImpl(302)) - s1: GrpcService started, listening on 36091
2023-03-07 04:43:35,064 [Time-limited test] INFO  server.GrpcService (GrpcService.java:startImpl(302)) - s1: GrpcService started, listening on 43315
2023-03-07 04:43:35,065 [Time-limited test] INFO  server.GrpcService (GrpcService.java:startImpl(302)) - s1: GrpcService started, listening on 36815
2023-03-07 04:43:35,065 [JvmPauseMonitor7] INFO  util.JvmPauseMonitor (JvmPauseMonitor.java:run(103)) - JvmPauseMonitor-s1: Started
2023-03-07 04:43:35,066 [s1@group-7FEB495C69A8-FollowerState] INFO  server.RaftServerConfigKeys (ConfUtils.java:logFallback(53)) - raft.server.rpc.first-election.timeout.max = 300ms (fallback to raft.server.rpc.timeout.max)
2023-03-07 04:43:35,065 [s2-impl-thread1] INFO  server.RaftServerConfigKeys (ConfUtils.java:logGet(46)) - raft.server.storage.free-space.min = 0MB (=0) (default)
2023-03-07 04:43:35,069 [s2-impl-thread1] INFO  server.RaftServerConfigKeys (ConfUtils.java:logGet(46)) - raft.server.log.corruption.policy = EXCEPTION (default)
2023-03-07 04:43:35,069 [s2-impl-thread1] INFO  server.RaftServerConfigKeys (ConfUtils.java:logGet(46)) - raft.server.storage.dir = [/home/runner/work/ratis/ratis/ratis-test/target/test/data/2f933947/MiniRaftClusterWithGrpc73588ad8/s2] (custom)
2023-03-07 04:43:35,069 [s2-impl-thread1] INFO  storage.RaftStorageDirectory (RaftStorageDirectoryImpl.java:analyzeStorage(138)) - The storage directory /home/runner/work/ratis/ratis/ratis-test/target/test/data/2f933947/MiniRaftClusterWithGrpc73588ad8/s2/9a6e09e3-83cb-420f-b4a9-7feb495c69a8 does not exist. Creating ...
2023-03-07 04:43:35,069 [s2-impl-thread1] TRACE util.FileUtils (LogUtils.java:runAndLog(49)) - Successfully ran Files.createDirectories /home/runner/work/ratis/ratis/ratis-test/target/test/data/2f933947/MiniRaftClusterWithGrpc73588ad8/s2/9a6e09e3-83cb-420f-b4a9-7feb495c69a8
2023-03-07 04:43:35,081 [s2-impl-thread1] INFO  storage.RaftStorageDirectory (RaftStorageDirectoryImpl.java:tryLock(232)) - Lock on /home/runner/work/ratis/ratis/ratis-test/target/test/data/2f933947/MiniRaftClusterWithGrpc73588ad8/s2/9a6e09e3-83cb-420f-b4a9-7feb495c69a8/in_use.lock acquired by nodename 17060@fv-az443-797
2023-03-07 04:43:35,082 [s2-impl-thread1] TRACE util.FileUtils (LogUtils.java:runAndLog(49)) - Successfully ran Files.createDirectories /home/runner/work/ratis/ratis/ratis-test/target/test/data/2f933947/MiniRaftClusterWithGrpc73588ad8/s2/9a6e09e3-83cb-420f-b4a9-7feb495c69a8/current
2023-03-07 04:43:35,082 [s2-impl-thread1] TRACE util.FileUtils (LogUtils.java:runAndLog(49)) - Successfully ran Files.createDirectories /home/runner/work/ratis/ratis/ratis-test/target/test/data/2f933947/MiniRaftClusterWithGrpc73588ad8/s2/9a6e09e3-83cb-420f-b4a9-7feb495c69a8/sm
2023-03-07 04:43:35,112 [s2-impl-thread1] INFO  storage.RaftStorage (RaftStorageImpl.java:format(96)) - Storage directory /home/runner/work/ratis/ratis/ratis-test/target/test/data/2f933947/MiniRaftClusterWithGrpc73588ad8/s2/9a6e09e3-83cb-420f-b4a9-7feb495c69a8 has been successfully formatted.
2023-03-07 04:43:35,113 [s2-impl-thread1] INFO  server.RaftServerConfigKeys (ConfUtils.java:logGet(46)) - raft.server.log.use.memory = false (default)
2023-03-07 04:43:35,113 [s2-impl-thread1] INFO  server.RaftServerConfigKeys (ConfUtils.java:logGet(46)) - raft.server.log.purge.gap = 1024 (default)
2023-03-07 04:43:35,113 [s2-impl-thread1] INFO  server.RaftServerConfigKeys (ConfUtils.java:logGet(46)) - raft.server.log.appender.buffer.byte-limit = 4MB (=4194304) (default)
2023-03-07 04:43:35,113 [s2-impl-thread1] INFO  server.RaftServerConfigKeys (ConfUtils.java:logGet(46)) - raft.server.log.statemachine.data.read.timeout = 1000ms (default)
2023-03-07 04:43:35,113 [s2-impl-thread1] INFO  server.RaftServerConfigKeys (ConfUtils.java:logGet(46)) - raft.server.log.purge.preservation.log.num = 0 (default)
2023-03-07 04:43:35,113 [s2-impl-thread1] INFO  server.RaftServerConfigKeys (ConfUtils.java:logGet(46)) - raft.server.log.segment.size.max = 8MB (=8388608) (default)
2023-03-07 04:43:35,114 [s2-impl-thread1] INFO  server.RaftServerConfigKeys (ConfUtils.java:logGet(46)) - raft.server.log.segment.cache.num.max = 6 (default)
2023-03-07 04:43:35,114 [s2-impl-thread1] INFO  server.RaftServerConfigKeys (ConfUtils.java:logGet(46)) - raft.server.log.segment.cache.size.max = 200MB (=209715200) (default)
2023-03-07 04:43:35,114 [s2-impl-thread1] INFO  server.RaftServerConfigKeys (ConfUtils.java:logGet(46)) - raft.server.log.appender.buffer.byte-limit = 4MB (=4194304) (default)
2023-03-07 04:43:35,114 [s2-impl-thread1] INFO  segmented.SegmentedRaftLogWorker (SegmentedRaftLogWorker.java:<init>(183)) - new s2@group-7FEB495C69A8-SegmentedRaftLogWorker for RaftStorageImpl:Storage Directory /home/runner/work/ratis/ratis/ratis-test/target/test/data/2f933947/MiniRaftClusterWithGrpc73588ad8/s2/9a6e09e3-83cb-420f-b4a9-7feb495c69a8
2023-03-07 04:43:35,114 [s2-impl-thread1] INFO  server.RaftServerConfigKeys (ConfUtils.java:logGet(46)) - raft.server.log.queue.byte-limit = 64MB (=67108864) (default)
2023-03-07 04:43:35,114 [s2-impl-thread1] INFO  server.RaftServerConfigKeys (ConfUtils.java:logGet(46)) - raft.server.log.queue.element-limit = 4096 (default)
2023-03-07 04:43:35,114 [s2-impl-thread1] INFO  server.RaftServerConfigKeys (ConfUtils.java:logGet(46)) - raft.server.log.segment.size.max = 8MB (=8388608) (default)
2023-03-07 04:43:35,114 [s2-impl-thread1] INFO  server.RaftServerConfigKeys (ConfUtils.java:logGet(46)) - raft.server.log.preallocated.size = 4MB (=4194304) (default)
2023-03-07 04:43:35,114 [s2-impl-thread1] INFO  server.RaftServerConfigKeys (ConfUtils.java:logGet(46)) - raft.server.log.force.sync.num = 128 (default)
2023-03-07 04:43:35,114 [s2-impl-thread1] INFO  server.RaftServerConfigKeys (ConfUtils.java:logGet(46)) - raft.server.log.statemachine.data.sync = true (default)
2023-03-07 04:43:35,114 [s2-impl-thread1] INFO  server.RaftServerConfigKeys (ConfUtils.java:logGet(46)) - raft.server.log.statemachine.data.sync.timeout = 10s (default)
2023-03-07 04:43:35,114 [s2-impl-thread1] INFO  server.RaftServerConfigKeys (ConfUtils.java:logGet(46)) - raft.server.log.statemachine.data.sync.timeout.retry = -1 (default)
2023-03-07 04:43:35,114 [s2-impl-thread1] INFO  server.RaftServerConfigKeys (ConfUtils.java:logGet(46)) - raft.server.log.write.buffer.size = 64KB (=65536) (default)
2023-03-07 04:43:35,114 [s2-impl-thread1] INFO  server.RaftServerConfigKeys (ConfUtils.java:logGet(46)) - raft.server.log.appender.buffer.byte-limit = 4MB (=4194304) (default)
2023-03-07 04:43:35,115 [s2-impl-thread1] INFO  server.RaftServerConfigKeys (ConfUtils.java:logGet(46)) - raft.server.log.unsafe-flush.enabled = false (default)
2023-03-07 04:43:35,115 [s2-impl-thread1] INFO  server.RaftServerConfigKeys (ConfUtils.java:logGet(46)) - raft.server.log.async-flush.enabled = false (default)
2023-03-07 04:43:35,115 [s2-impl-thread1] INFO  server.RaftServerConfigKeys (ConfUtils.java:logGet(46)) - raft.server.log.statemachine.data.caching.enabled = false (default)
2023-03-07 04:43:35,115 [s2-impl-thread1] INFO  segmented.SegmentedRaftLogWorker (SegmentedRaftLogWorker.java:lambda$new$0(134)) - s2@group-7FEB495C69A8-SegmentedRaftLogWorker: flushIndex: setUnconditionally 0 -> -1
2023-03-07 04:43:35,115 [s2-impl-thread1] INFO  segmented.SegmentedRaftLogWorker (SegmentedRaftLogWorker.java:lambda$new$0(134)) - s2@group-7FEB495C69A8-SegmentedRaftLogWorker: safeCacheEvictIndex: setUnconditionally 0 -> -1
2023-03-07 04:43:35,118 [s2-impl-thread1] INFO  server.RaftServer$Division (RaftServerImpl.java:start(342)) - s2@group-7FEB495C69A8: start as a follower, conf=-1: peers:[s0|rpc:localhost:39563|admin:localhost:39441|client:localhost:44279|dataStream:localhost:40923|priority:0|startupRole:FOLLOWER, s1|rpc:localhost:43315|admin:localhost:36815|client:localhost:36091|dataStream:localhost:45791|priority:0|startupRole:FOLLOWER, s2|rpc:localhost:37455|admin:localhost:41821|client:localhost:35369|dataStream:localhost:38619|priority:0|startupRole:FOLLOWER]|listeners:[], old=null
2023-03-07 04:43:35,118 [s2-impl-thread1] INFO  server.RaftServer$Division (RaftServerImpl.java:setRole(329)) - s2@group-7FEB495C69A8: changes role from      null to FOLLOWER at term 0 for startAsFollower
2023-03-07 04:43:35,118 [s2-impl-thread1] INFO  impl.RoleInfo (RoleInfo.java:updateAndGet(139)) - s2: start s2@group-7FEB495C69A8-FollowerState
2023-03-07 04:43:35,118 [s2@group-7FEB495C69A8-FollowerState] INFO  server.RaftServerConfigKeys (ConfUtils.java:logFallback(53)) - raft.server.rpc.first-election.timeout.min = 150ms (fallback to raft.server.rpc.timeout.min)
2023-03-07 04:43:35,118 [s2-impl-thread1] INFO  util.JmxRegister (JmxRegister.java:tryRegister(44)) - Successfully registered JMX Bean with object name Ratis:service=RaftServer,group=group-7FEB495C69A8,id=s2
2023-03-07 04:43:35,119 [s2@group-7FEB495C69A8-FollowerState] INFO  server.RaftServerConfigKeys (ConfUtils.java:logFallback(53)) - raft.server.rpc.first-election.timeout.max = 300ms (fallback to raft.server.rpc.timeout.max)
2023-03-07 04:43:35,119 [s2-impl-thread1] INFO  server.RaftServerConfigKeys (ConfUtils.java:logGet(46)) - raft.server.snapshot.auto.trigger.enabled = false (default)
2023-03-07 04:43:35,119 [s2-impl-thread1] INFO  server.RaftServerConfigKeys (ConfUtils.java:logGet(46)) - raft.server.snapshot.retention.file.num = -1 (default)
2023-03-07 04:43:35,119 [s2-impl-thread1] INFO  server.RaftServerConfigKeys (ConfUtils.java:logGet(46)) - raft.server.log.purge.upto.snapshot.index = false (default)
2023-03-07 04:43:35,119 [Time-limited test] INFO  server.RaftServer (RaftServerProxy.java:startImpl(401)) - s2: start RPC server
2023-03-07 04:43:35,120 [Time-limited test] INFO  server.GrpcService (GrpcService.java:startImpl(302)) - s2: GrpcService started, listening on 35369
2023-03-07 04:43:35,121 [Time-limited test] INFO  server.GrpcService (GrpcService.java:startImpl(302)) - s2: GrpcService started, listening on 37455
2023-03-07 04:43:35,121 [Time-limited test] INFO  server.GrpcService (GrpcService.java:startImpl(302)) - s2: GrpcService started, listening on 41821
2023-03-07 04:43:35,122 [Time-limited test] INFO  server.RaftServerConfigKeys (ConfUtils.java:logGet(46)) - raft.server.rpc.timeout.max = 300ms (default)
2023-03-07 04:43:35,133 [JvmPauseMonitor8] INFO  util.JvmPauseMonitor (JvmPauseMonitor.java:run(103)) - JvmPauseMonitor-s2: Started
2023-03-07 04:43:35,133 [Time-limited test] INFO  ratis.RaftTestUtil (RaftTestUtil.java:waitForLeader(100)) - printing ALL groups
  s0:  RUNNING  FOLLOWER s0@group-7FEB495C69A8:t0, leader=null, voted=, raftlog=Memoized:s0@group-7FEB495C69A8-SegmentedRaftLog:OPENED:c-1, conf=-1: peers:[s0|rpc:localhost:39563|admin:localhost:39441|client:localhost:44279|dataStream:localhost:40923|priority:0|startupRole:FOLLOWER, s1|rpc:localhost:43315|admin:localhost:36815|client:localhost:36091|dataStream:localhost:45791|priority:0|startupRole:FOLLOWER, s2|rpc:localhost:37455|admin:localhost:41821|client:localhost:35369|dataStream:localhost:38619|priority:0|startupRole:FOLLOWER]|listeners:[], old=null RUNNING
  s1:  RUNNING  FOLLOWER s1@group-7FEB495C69A8:t0, leader=null, voted=, raftlog=Memoized:s1@group-7FEB495C69A8-SegmentedRaftLog:OPENED:c-1, conf=-1: peers:[s0|rpc:localhost:39563|admin:localhost:39441|client:localhost:44279|dataStream:localhost:40923|priority:0|startupRole:FOLLOWER, s1|rpc:localhost:43315|admin:localhost:36815|client:localhost:36091|dataStream:localhost:45791|priority:0|startupRole:FOLLOWER, s2|rpc:localhost:37455|admin:localhost:41821|client:localhost:35369|dataStream:localhost:38619|priority:0|startupRole:FOLLOWER]|listeners:[], old=null RUNNING
  s2:  RUNNING  FOLLOWER s2@group-7FEB495C69A8:t0, leader=null, voted=, raftlog=Memoized:s2@group-7FEB495C69A8-SegmentedRaftLog:OPENED:c-1, conf=-1: peers:[s0|rpc:localhost:39563|admin:localhost:39441|client:localhost:44279|dataStream:localhost:40923|priority:0|startupRole:FOLLOWER, s1|rpc:localhost:43315|admin:localhost:36815|client:localhost:36091|dataStream:localhost:45791|priority:0|startupRole:FOLLOWER, s2|rpc:localhost:37455|admin:localhost:41821|client:localhost:35369|dataStream:localhost:38619|priority:0|startupRole:FOLLOWER]|listeners:[], old=null RUNNING
2023-03-07 04:43:35,134 [Time-limited test] WARN  ratis.RaftTestUtil (JavaUtils.java:attempt(217)) - FAILED "waitForLeader-null-(expectLeader? true)", attempt #1/100: java.lang.IllegalStateException: No leader yet : printing ALL groups
  s0:  RUNNING  FOLLOWER s0@group-7FEB495C69A8:t0, leader=null, voted=, raftlog=Memoized:s0@group-7FEB495C69A8-SegmentedRaftLog:OPENED:c-1, conf=-1: peers:[s0|rpc:localhost:39563|admin:localhost:39441|client:localhost:44279|dataStream:localhost:40923|priority:0|startupRole:FOLLOWER, s1|rpc:localhost:43315|admin:localhost:36815|client:localhost:36091|dataStream:localhost:45791|priority:0|startupRole:FOLLOWER, s2|rpc:localhost:37455|admin:localhost:41821|client:localhost:35369|dataStream:localhost:38619|priority:0|startupRole:FOLLOWER]|listeners:[], old=null RUNNING
  s1:  RUNNING  FOLLOWER s1@group-7FEB495C69A8:t0, leader=null, voted=, raftlog=Memoized:s1@group-7FEB495C69A8-SegmentedRaftLog:OPENED:c-1, conf=-1: peers:[s0|rpc:localhost:39563|admin:localhost:39441|client:localhost:44279|dataStream:localhost:40923|priority:0|startupRole:FOLLOWER, s1|rpc:localhost:43315|admin:localhost:36815|client:localhost:36091|dataStream:localhost:45791|priority:0|startupRole:FOLLOWER, s2|rpc:localhost:37455|admin:localhost:41821|client:localhost:35369|dataStream:localhost:38619|priority:0|startupRole:FOLLOWER]|listeners:[], old=null RUNNING
  s2:  RUNNING  FOLLOWER s2@group-7FEB495C69A8:t0, leader=null, voted=, raftlog=Memoized:s2@group-7FEB495C69A8-SegmentedRaftLog:OPENED:c-1, conf=-1: peers:[s0|rpc:localhost:39563|admin:localhost:39441|client:localhost:44279|dataStream:localhost:40923|priority:0|startupRole:FOLLOWER, s1|rpc:localhost:43315|admin:localhost:36815|client:localhost:36091|dataStream:localhost:45791|priority:0|startupRole:FOLLOWER, s2|rpc:localhost:37455|admin:localhost:41821|client:localhost:35369|dataStream:localhost:38619|priority:0|startupRole:FOLLOWER]|listeners:[], old=null RUNNING, sleep 450ms and then retry.
java.lang.IllegalStateException: No leader yet : printing ALL groups
  s0:  RUNNING  FOLLOWER s0@group-7FEB495C69A8:t0, leader=null, voted=, raftlog=Memoized:s0@group-7FEB495C69A8-SegmentedRaftLog:OPENED:c-1, conf=-1: peers:[s0|rpc:localhost:39563|admin:localhost:39441|client:localhost:44279|dataStream:localhost:40923|priority:0|startupRole:FOLLOWER, s1|rpc:localhost:43315|admin:localhost:36815|client:localhost:36091|dataStream:localhost:45791|priority:0|startupRole:FOLLOWER, s2|rpc:localhost:37455|admin:localhost:41821|client:localhost:35369|dataStream:localhost:38619|priority:0|startupRole:FOLLOWER]|listeners:[], old=null RUNNING
  s1:  RUNNING  FOLLOWER s1@group-7FEB495C69A8:t0, leader=null, voted=, raftlog=Memoized:s1@group-7FEB495C69A8-SegmentedRaftLog:OPENED:c-1, conf=-1: peers:[s0|rpc:localhost:39563|admin:localhost:39441|client:localhost:44279|dataStream:localhost:40923|priority:0|startupRole:FOLLOWER, s1|rpc:localhost:43315|admin:localhost:36815|client:localhost:36091|dataStream:localhost:45791|priority:0|startupRole:FOLLOWER, s2|rpc:localhost:37455|admin:localhost:41821|client:localhost:35369|dataStream:localhost:38619|priority:0|startupRole:FOLLOWER]|listeners:[], old=null RUNNING
  s2:  RUNNING  FOLLOWER s2@group-7FEB495C69A8:t0, leader=null, voted=, raftlog=Memoized:s2@group-7FEB495C69A8-SegmentedRaftLog:OPENED:c-1, conf=-1: peers:[s0|rpc:localhost:39563|admin:localhost:39441|client:localhost:44279|dataStream:localhost:40923|priority:0|startupRole:FOLLOWER, s1|rpc:localhost:43315|admin:localhost:36815|client:localhost:36091|dataStream:localhost:45791|priority:0|startupRole:FOLLOWER, s2|rpc:localhost:37455|admin:localhost:41821|client:localhost:35369|dataStream:localhost:38619|priority:0|startupRole:FOLLOWER]|listeners:[], old=null RUNNING
	at org.apache.ratis.server.impl.MiniRaftCluster.newIllegalStateExceptionForNoLeaders(MiniRaftCluster.java:581)
	at org.apache.ratis.RaftTestUtil.lambda$waitForLeader$1(RaftTestUtil.java:104)
	at org.apache.ratis.server.impl.MiniRaftCluster.getLeader(MiniRaftCluster.java:615)
	at org.apache.ratis.server.impl.MiniRaftCluster.getLeader(MiniRaftCluster.java:608)
	at org.apache.ratis.RaftTestUtil.lambda$waitForLeader$3(RaftTestUtil.java:112)
	at org.apache.ratis.util.JavaUtils.attempt(JavaUtils.java:211)
	at org.apache.ratis.util.JavaUtils.attemptRepeatedly(JavaUtils.java:197)
	at org.apache.ratis.RaftTestUtil.waitForLeader(RaftTestUtil.java:111)
	at org.apache.ratis.RaftTestUtil.waitForLeader(RaftTestUtil.java:92)
	at org.apache.ratis.RaftTestUtil.waitForLeader(RaftTestUtil.java:87)
	at org.apache.ratis.ReadOnlyRequestTests.testFollowerLinearizableReadParallelImpl(ReadOnlyRequestTests.java:162)
	at org.apache.ratis.server.impl.MiniRaftCluster$Factory$Get.runWithNewCluster(MiniRaftCluster.java:141)
	at org.apache.ratis.server.impl.MiniRaftCluster$Factory$Get.runWithNewCluster(MiniRaftCluster.java:121)
	at org.apache.ratis.ReadOnlyRequestTests.testFollowerLinearizableReadParallel(ReadOnlyRequestTests.java:157)
	at java.base/jdk.internal.reflect.NativeMethodAccessorImpl.invoke0(Native Method)
	at java.base/jdk.internal.reflect.NativeMethodAccessorImpl.invoke(NativeMethodAccessorImpl.java:62)
	at java.base/jdk.internal.reflect.DelegatingMethodAccessorImpl.invoke(DelegatingMethodAccessorImpl.java:43)
	at java.base/java.lang.reflect.Method.invoke(Method.java:566)
	at org.junit.runners.model.FrameworkMethod$1.runReflectiveCall(FrameworkMethod.java:59)
	at org.junit.internal.runners.model.ReflectiveCallable.run(ReflectiveCallable.java:12)
	at org.junit.runners.model.FrameworkMethod.invokeExplosively(FrameworkMethod.java:56)
	at org.junit.internal.runners.statements.InvokeMethod.evaluate(InvokeMethod.java:17)
	at org.junit.internal.runners.statements.RunBefores.evaluate(RunBefores.java:26)
	at org.junit.internal.runners.statements.RunAfters.evaluate(RunAfters.java:27)
	at org.junit.internal.runners.statements.FailOnTimeout$CallableStatement.call(FailOnTimeout.java:299)
	at org.junit.internal.runners.statements.FailOnTimeout$CallableStatement.call(FailOnTimeout.java:293)
	at java.base/java.util.concurrent.FutureTask.run(FutureTask.java:264)
	at java.base/java.lang.Thread.run(Thread.java:829)
2023-03-07 04:43:35,285 [s2@group-7FEB495C69A8-FollowerState] INFO  impl.FollowerState (FollowerState.java:run(143)) - s2@group-7FEB495C69A8-FollowerState: change to CANDIDATE, lastRpcElapsedTime:166646234ns, electionTimeout:166ms
2023-03-07 04:43:35,285 [s2@group-7FEB495C69A8-FollowerState] INFO  impl.RoleInfo (RoleInfo.java:shutdownFollowerState(110)) - s2: shutdown s2@group-7FEB495C69A8-FollowerState
2023-03-07 04:43:35,285 [s2@group-7FEB495C69A8-FollowerState] INFO  server.RaftServer$Division (RaftServerImpl.java:setRole(329)) - s2@group-7FEB495C69A8: changes role from  FOLLOWER to CANDIDATE at term 0 for changeToCandidate
2023-03-07 04:43:35,285 [s2@group-7FEB495C69A8-FollowerState] INFO  server.RaftServerConfigKeys (ConfUtils.java:logGet(46)) - raft.server.leaderelection.pre-vote = true (default)
2023-03-07 04:43:35,286 [s2@group-7FEB495C69A8-FollowerState] INFO  impl.RoleInfo (RoleInfo.java:updateAndGet(139)) - s2: start s2@group-7FEB495C69A8-LeaderElection5
2023-03-07 04:43:35,286 [s2@group-7FEB495C69A8-LeaderElection5] INFO  impl.LeaderElection (LeaderElection.java:askForVotes(309)) - s2@group-7FEB495C69A8-LeaderElection5 PRE_VOTE round 0: submit vote requests at term 0 for -1: peers:[s0|rpc:localhost:39563|admin:localhost:39441|client:localhost:44279|dataStream:localhost:40923|priority:0|startupRole:FOLLOWER, s1|rpc:localhost:43315|admin:localhost:36815|client:localhost:36091|dataStream:localhost:45791|priority:0|startupRole:FOLLOWER, s2|rpc:localhost:37455|admin:localhost:41821|client:localhost:35369|dataStream:localhost:38619|priority:0|startupRole:FOLLOWER]|listeners:[], old=null
2023-03-07 04:43:35,287 [s2@group-7FEB495C69A8-LeaderElection5-1] INFO  server.GrpcServerProtocolClient (GrpcServerProtocolClient.java:<init>(64)) - Build channel for s0
2023-03-07 04:43:35,287 [s1@group-7FEB495C69A8-FollowerState] INFO  impl.FollowerState (FollowerState.java:run(143)) - s1@group-7FEB495C69A8-FollowerState: change to CANDIDATE, lastRpcElapsedTime:232393130ns, electionTimeout:217ms
2023-03-07 04:43:35,287 [s2@group-7FEB495C69A8-LeaderElection5] INFO  server.RaftServerConfigKeys (ConfUtils.java:logFallback(53)) - raft.server.rpc.first-election.timeout.min = 150ms (fallback to raft.server.rpc.timeout.min)
2023-03-07 04:43:35,287 [s1@group-7FEB495C69A8-FollowerState] INFO  impl.RoleInfo (RoleInfo.java:shutdownFollowerState(110)) - s1: shutdown s1@group-7FEB495C69A8-FollowerState
2023-03-07 04:43:35,287 [s2@group-7FEB495C69A8-LeaderElection5] INFO  server.RaftServerConfigKeys (ConfUtils.java:logFallback(53)) - raft.server.rpc.first-election.timeout.max = 300ms (fallback to raft.server.rpc.timeout.max)
2023-03-07 04:43:35,287 [s1@group-7FEB495C69A8-FollowerState] INFO  server.RaftServer$Division (RaftServerImpl.java:setRole(329)) - s1@group-7FEB495C69A8: changes role from  FOLLOWER to CANDIDATE at term 0 for changeToCandidate
2023-03-07 04:43:35,288 [s1@group-7FEB495C69A8-FollowerState] INFO  server.RaftServerConfigKeys (ConfUtils.java:logGet(46)) - raft.server.leaderelection.pre-vote = true (default)
2023-03-07 04:43:35,289 [s1@group-7FEB495C69A8-FollowerState] INFO  impl.RoleInfo (RoleInfo.java:updateAndGet(139)) - s1: start s1@group-7FEB495C69A8-LeaderElection6
2023-03-07 04:43:35,289 [s2@group-7FEB495C69A8-LeaderElection5-2] INFO  server.GrpcServerProtocolClient (GrpcServerProtocolClient.java:<init>(64)) - Build channel for s1
2023-03-07 04:43:35,295 [s0@group-7FEB495C69A8-FollowerState] INFO  impl.FollowerState (FollowerState.java:run(143)) - s0@group-7FEB495C69A8-FollowerState: change to CANDIDATE, lastRpcElapsedTime:252996205ns, electionTimeout:248ms
2023-03-07 04:43:35,295 [s0@group-7FEB495C69A8-FollowerState] INFO  impl.RoleInfo (RoleInfo.java:shutdownFollowerState(110)) - s0: shutdown s0@group-7FEB495C69A8-FollowerState
2023-03-07 04:43:35,295 [s0@group-7FEB495C69A8-FollowerState] INFO  server.RaftServer$Division (RaftServerImpl.java:setRole(329)) - s0@group-7FEB495C69A8: changes role from  FOLLOWER to CANDIDATE at term 0 for changeToCandidate
2023-03-07 04:43:35,296 [s0@group-7FEB495C69A8-FollowerState] INFO  server.RaftServerConfigKeys (ConfUtils.java:logGet(46)) - raft.server.leaderelection.pre-vote = true (default)
2023-03-07 04:43:35,296 [s0@group-7FEB495C69A8-FollowerState] INFO  impl.RoleInfo (RoleInfo.java:updateAndGet(139)) - s0: start s0@group-7FEB495C69A8-LeaderElection7
2023-03-07 04:43:35,301 [s1@group-7FEB495C69A8-LeaderElection6] INFO  impl.LeaderElection (LeaderElection.java:askForVotes(309)) - s1@group-7FEB495C69A8-LeaderElection6 PRE_VOTE round 0: submit vote requests at term 0 for -1: peers:[s0|rpc:localhost:39563|admin:localhost:39441|client:localhost:44279|dataStream:localhost:40923|priority:0|startupRole:FOLLOWER, s1|rpc:localhost:43315|admin:localhost:36815|client:localhost:36091|dataStream:localhost:45791|priority:0|startupRole:FOLLOWER, s2|rpc:localhost:37455|admin:localhost:41821|client:localhost:35369|dataStream:localhost:38619|priority:0|startupRole:FOLLOWER]|listeners:[], old=null
2023-03-07 04:43:35,303 [s0@group-7FEB495C69A8-LeaderElection7] INFO  impl.LeaderElection (LeaderElection.java:askForVotes(309)) - s0@group-7FEB495C69A8-LeaderElection7 PRE_VOTE round 0: submit vote requests at term 0 for -1: peers:[s0|rpc:localhost:39563|admin:localhost:39441|client:localhost:44279|dataStream:localhost:40923|priority:0|startupRole:FOLLOWER, s1|rpc:localhost:43315|admin:localhost:36815|client:localhost:36091|dataStream:localhost:45791|priority:0|startupRole:FOLLOWER, s2|rpc:localhost:37455|admin:localhost:41821|client:localhost:35369|dataStream:localhost:38619|priority:0|startupRole:FOLLOWER]|listeners:[], old=null
2023-03-07 04:43:35,306 [grpc-default-executor-3] INFO  server.RaftServer$Division (RaftServerImpl.java:requestVote(1302)) - s1@group-7FEB495C69A8: receive requestVote(PRE_VOTE, s2, group-7FEB495C69A8, 0, (t:0, i:0))
2023-03-07 04:43:35,307 [grpc-default-executor-3] INFO  impl.VoteContext (VoteContext.java:log(49)) - s1@group-7FEB495C69A8-CANDIDATE: accept PRE_VOTE from s2: our priority 0 <= candidate's priority 0
2023-03-07 04:43:35,307 [grpc-default-executor-3] INFO  server.RaftServer$Division (RaftServerImpl.java:requestVote(1335)) - s1@group-7FEB495C69A8 replies to PRE_VOTE vote request: s2<-s1#0:OK-t0. Peer's state: s1@group-7FEB495C69A8:t0, leader=null, voted=, raftlog=Memoized:s1@group-7FEB495C69A8-SegmentedRaftLog:OPENED:c-1, conf=-1: peers:[s0|rpc:localhost:39563|admin:localhost:39441|client:localhost:44279|dataStream:localhost:40923|priority:0|startupRole:FOLLOWER, s1|rpc:localhost:43315|admin:localhost:36815|client:localhost:36091|dataStream:localhost:45791|priority:0|startupRole:FOLLOWER, s2|rpc:localhost:37455|admin:localhost:41821|client:localhost:35369|dataStream:localhost:38619|priority:0|startupRole:FOLLOWER]|listeners:[], old=null
2023-03-07 04:43:35,307 [s1@group-7FEB495C69A8-LeaderElection6] INFO  server.RaftServerConfigKeys (ConfUtils.java:logFallback(53)) - raft.server.rpc.first-election.timeout.min = 150ms (fallback to raft.server.rpc.timeout.min)
2023-03-07 04:43:35,307 [s1@group-7FEB495C69A8-LeaderElection6] INFO  server.RaftServerConfigKeys (ConfUtils.java:logFallback(53)) - raft.server.rpc.first-election.timeout.max = 300ms (fallback to raft.server.rpc.timeout.max)
2023-03-07 04:43:35,308 [s1@group-7FEB495C69A8-LeaderElection6-2] INFO  server.GrpcServerProtocolClient (GrpcServerProtocolClient.java:<init>(64)) - Build channel for s2
2023-03-07 04:43:35,309 [grpc-default-executor-3] INFO  server.RaftServer$Division (RaftServerImpl.java:requestVote(1302)) - s0@group-7FEB495C69A8: receive requestVote(PRE_VOTE, s2, group-7FEB495C69A8, 0, (t:0, i:0))
2023-03-07 04:43:35,309 [grpc-default-executor-3] INFO  impl.VoteContext (VoteContext.java:log(49)) - s0@group-7FEB495C69A8-CANDIDATE: accept PRE_VOTE from s2: our priority 0 <= candidate's priority 0
2023-03-07 04:43:35,309 [grpc-default-executor-3] INFO  server.RaftServer$Division (RaftServerImpl.java:requestVote(1335)) - s0@group-7FEB495C69A8 replies to PRE_VOTE vote request: s2<-s0#0:OK-t0. Peer's state: s0@group-7FEB495C69A8:t0, leader=null, voted=, raftlog=Memoized:s0@group-7FEB495C69A8-SegmentedRaftLog:OPENED:c-1, conf=-1: peers:[s0|rpc:localhost:39563|admin:localhost:39441|client:localhost:44279|dataStream:localhost:40923|priority:0|startupRole:FOLLOWER, s1|rpc:localhost:43315|admin:localhost:36815|client:localhost:36091|dataStream:localhost:45791|priority:0|startupRole:FOLLOWER, s2|rpc:localhost:37455|admin:localhost:41821|client:localhost:35369|dataStream:localhost:38619|priority:0|startupRole:FOLLOWER]|listeners:[], old=null
2023-03-07 04:43:35,309 [s0@group-7FEB495C69A8-LeaderElection7-1] INFO  server.GrpcServerProtocolClient (GrpcServerProtocolClient.java:<init>(64)) - Build channel for s1
2023-03-07 04:43:35,313 [s1@group-7FEB495C69A8-LeaderElection6-1] INFO  server.GrpcServerProtocolClient (GrpcServerProtocolClient.java:<init>(64)) - Build channel for s0
2023-03-07 04:43:35,316 [s0@group-7FEB495C69A8-LeaderElection7] INFO  server.RaftServerConfigKeys (ConfUtils.java:logFallback(53)) - raft.server.rpc.first-election.timeout.min = 150ms (fallback to raft.server.rpc.timeout.min)
2023-03-07 04:43:35,316 [s0@group-7FEB495C69A8-LeaderElection7] INFO  server.RaftServerConfigKeys (ConfUtils.java:logFallback(53)) - raft.server.rpc.first-election.timeout.max = 300ms (fallback to raft.server.rpc.timeout.max)
2023-03-07 04:43:35,320 [grpc-default-executor-3] INFO  server.RaftServer$Division (RaftServerImpl.java:requestVote(1302)) - s2@group-7FEB495C69A8: receive requestVote(PRE_VOTE, s1, group-7FEB495C69A8, 0, (t:0, i:0))
2023-03-07 04:43:35,320 [grpc-default-executor-3] INFO  impl.VoteContext (VoteContext.java:log(49)) - s2@group-7FEB495C69A8-CANDIDATE: accept PRE_VOTE from s1: our priority 0 <= candidate's priority 0
2023-03-07 04:43:35,320 [grpc-default-executor-3] INFO  server.RaftServer$Division (RaftServerImpl.java:requestVote(1335)) - s2@group-7FEB495C69A8 replies to PRE_VOTE vote request: s1<-s2#0:OK-t0. Peer's state: s2@group-7FEB495C69A8:t0, leader=null, voted=, raftlog=Memoized:s2@group-7FEB495C69A8-SegmentedRaftLog:OPENED:c-1, conf=-1: peers:[s0|rpc:localhost:39563|admin:localhost:39441|client:localhost:44279|dataStream:localhost:40923|priority:0|startupRole:FOLLOWER, s1|rpc:localhost:43315|admin:localhost:36815|client:localhost:36091|dataStream:localhost:45791|priority:0|startupRole:FOLLOWER, s2|rpc:localhost:37455|admin:localhost:41821|client:localhost:35369|dataStream:localhost:38619|priority:0|startupRole:FOLLOWER]|listeners:[], old=null
2023-03-07 04:43:35,321 [s2@group-7FEB495C69A8-LeaderElection5] INFO  impl.LeaderElection (LeaderElection.java:logAndReturn(89)) - s2@group-7FEB495C69A8-LeaderElection5: PRE_VOTE PASSED received 1 response(s) and 0 exception(s):
2023-03-07 04:43:35,321 [s2@group-7FEB495C69A8-LeaderElection5] INFO  impl.LeaderElection (LeaderElection.java:logAndReturn(93)) -   Response 0: s2<-s0#0:OK-t0
2023-03-07 04:43:35,321 [s2@group-7FEB495C69A8-LeaderElection5] INFO  impl.LeaderElection (LeaderElection.java:askForVotes(311)) - s2@group-7FEB495C69A8-LeaderElection5 PRE_VOTE round 0: result PASSED
2023-03-07 04:43:35,323 [s1@group-7FEB495C69A8-LeaderElection6] INFO  impl.LeaderElection (LeaderElection.java:logAndReturn(89)) - s1@group-7FEB495C69A8-LeaderElection6: PRE_VOTE PASSED received 1 response(s) and 0 exception(s):
2023-03-07 04:43:35,323 [s1@group-7FEB495C69A8-LeaderElection6] INFO  impl.LeaderElection (LeaderElection.java:logAndReturn(93)) -   Response 0: s1<-s2#0:OK-t0
2023-03-07 04:43:35,323 [s1@group-7FEB495C69A8-LeaderElection6] INFO  impl.LeaderElection (LeaderElection.java:askForVotes(311)) - s1@group-7FEB495C69A8-LeaderElection6 PRE_VOTE round 0: result PASSED
2023-03-07 04:43:35,323 [s0@group-7FEB495C69A8-LeaderElection7-2] INFO  server.GrpcServerProtocolClient (GrpcServerProtocolClient.java:<init>(64)) - Build channel for s2
2023-03-07 04:43:35,329 [grpc-default-executor-3] INFO  server.RaftServer$Division (RaftServerImpl.java:requestVote(1302)) - s1@group-7FEB495C69A8: receive requestVote(PRE_VOTE, s0, group-7FEB495C69A8, 0, (t:0, i:0))
2023-03-07 04:43:35,336 [grpc-default-executor-8] INFO  server.RaftServer$Division (RaftServerImpl.java:requestVote(1302)) - s0@group-7FEB495C69A8: receive requestVote(PRE_VOTE, s1, group-7FEB495C69A8, 0, (t:0, i:0))
2023-03-07 04:43:35,336 [grpc-default-executor-8] INFO  impl.VoteContext (VoteContext.java:log(49)) - s0@group-7FEB495C69A8-CANDIDATE: accept PRE_VOTE from s1: our priority 0 <= candidate's priority 0
2023-03-07 04:43:35,336 [grpc-default-executor-8] INFO  server.RaftServer$Division (RaftServerImpl.java:requestVote(1335)) - s0@group-7FEB495C69A8 replies to PRE_VOTE vote request: s1<-s0#0:OK-t0. Peer's state: s0@group-7FEB495C69A8:t0, leader=null, voted=, raftlog=Memoized:s0@group-7FEB495C69A8-SegmentedRaftLog:OPENED:c-1, conf=-1: peers:[s0|rpc:localhost:39563|admin:localhost:39441|client:localhost:44279|dataStream:localhost:40923|priority:0|startupRole:FOLLOWER, s1|rpc:localhost:43315|admin:localhost:36815|client:localhost:36091|dataStream:localhost:45791|priority:0|startupRole:FOLLOWER, s2|rpc:localhost:37455|admin:localhost:41821|client:localhost:35369|dataStream:localhost:38619|priority:0|startupRole:FOLLOWER]|listeners:[], old=null
2023-03-07 04:43:35,339 [grpc-default-executor-8] INFO  server.RaftServer$Division (RaftServerImpl.java:requestVote(1302)) - s2@group-7FEB495C69A8: receive requestVote(PRE_VOTE, s0, group-7FEB495C69A8, 0, (t:0, i:0))
2023-03-07 04:43:35,350 [s1@group-7FEB495C69A8-LeaderElection6] INFO  impl.LeaderElection (LeaderElection.java:askForVotes(309)) - s1@group-7FEB495C69A8-LeaderElection6 ELECTION round 0: submit vote requests at term 1 for -1: peers:[s0|rpc:localhost:39563|admin:localhost:39441|client:localhost:44279|dataStream:localhost:40923|priority:0|startupRole:FOLLOWER, s1|rpc:localhost:43315|admin:localhost:36815|client:localhost:36091|dataStream:localhost:45791|priority:0|startupRole:FOLLOWER, s2|rpc:localhost:37455|admin:localhost:41821|client:localhost:35369|dataStream:localhost:38619|priority:0|startupRole:FOLLOWER]|listeners:[], old=null
2023-03-07 04:43:35,350 [grpc-default-executor-8] INFO  impl.VoteContext (VoteContext.java:log(49)) - s2@group-7FEB495C69A8-CANDIDATE: accept PRE_VOTE from s0: our priority 0 <= candidate's priority 0
2023-03-07 04:43:35,350 [grpc-default-executor-8] INFO  server.RaftServer$Division (RaftServerImpl.java:requestVote(1335)) - s2@group-7FEB495C69A8 replies to PRE_VOTE vote request: s0<-s2#0:OK-t1. Peer's state: s2@group-7FEB495C69A8:t1, leader=null, voted=s2, raftlog=Memoized:s2@group-7FEB495C69A8-SegmentedRaftLog:OPENED:c-1, conf=-1: peers:[s0|rpc:localhost:39563|admin:localhost:39441|client:localhost:44279|dataStream:localhost:40923|priority:0|startupRole:FOLLOWER, s1|rpc:localhost:43315|admin:localhost:36815|client:localhost:36091|dataStream:localhost:45791|priority:0|startupRole:FOLLOWER, s2|rpc:localhost:37455|admin:localhost:41821|client:localhost:35369|dataStream:localhost:38619|priority:0|startupRole:FOLLOWER]|listeners:[], old=null
2023-03-07 04:43:35,350 [grpc-default-executor-3] INFO  impl.VoteContext (VoteContext.java:log(49)) - s1@group-7FEB495C69A8-CANDIDATE: accept PRE_VOTE from s0: our priority 0 <= candidate's priority 0
2023-03-07 04:43:35,350 [grpc-default-executor-3] INFO  server.RaftServer$Division (RaftServerImpl.java:requestVote(1335)) - s1@group-7FEB495C69A8 replies to PRE_VOTE vote request: s0<-s1#0:OK-t1. Peer's state: s1@group-7FEB495C69A8:t1, leader=null, voted=s1, raftlog=Memoized:s1@group-7FEB495C69A8-SegmentedRaftLog:OPENED:c-1, conf=-1: peers:[s0|rpc:localhost:39563|admin:localhost:39441|client:localhost:44279|dataStream:localhost:40923|priority:0|startupRole:FOLLOWER, s1|rpc:localhost:43315|admin:localhost:36815|client:localhost:36091|dataStream:localhost:45791|priority:0|startupRole:FOLLOWER, s2|rpc:localhost:37455|admin:localhost:41821|client:localhost:35369|dataStream:localhost:38619|priority:0|startupRole:FOLLOWER]|listeners:[], old=null
2023-03-07 04:43:35,350 [s2@group-7FEB495C69A8-LeaderElection5] INFO  impl.LeaderElection (LeaderElection.java:askForVotes(309)) - s2@group-7FEB495C69A8-LeaderElection5 ELECTION round 0: submit vote requests at term 1 for -1: peers:[s0|rpc:localhost:39563|admin:localhost:39441|client:localhost:44279|dataStream:localhost:40923|priority:0|startupRole:FOLLOWER, s1|rpc:localhost:43315|admin:localhost:36815|client:localhost:36091|dataStream:localhost:45791|priority:0|startupRole:FOLLOWER, s2|rpc:localhost:37455|admin:localhost:41821|client:localhost:35369|dataStream:localhost:38619|priority:0|startupRole:FOLLOWER]|listeners:[], old=null
2023-03-07 04:43:35,351 [s1@group-7FEB495C69A8-LeaderElection6] INFO  server.RaftServerConfigKeys (ConfUtils.java:logFallback(53)) - raft.server.rpc.first-election.timeout.min = 150ms (fallback to raft.server.rpc.timeout.min)
2023-03-07 04:43:35,351 [s1@group-7FEB495C69A8-LeaderElection6] INFO  server.RaftServerConfigKeys (ConfUtils.java:logFallback(53)) - raft.server.rpc.first-election.timeout.max = 300ms (fallback to raft.server.rpc.timeout.max)
2023-03-07 04:43:35,352 [s2@group-7FEB495C69A8-LeaderElection5] INFO  server.RaftServerConfigKeys (ConfUtils.java:logFallback(53)) - raft.server.rpc.first-election.timeout.min = 150ms (fallback to raft.server.rpc.timeout.min)
2023-03-07 04:43:35,352 [s2@group-7FEB495C69A8-LeaderElection5] INFO  server.RaftServerConfigKeys (ConfUtils.java:logFallback(53)) - raft.server.rpc.first-election.timeout.max = 300ms (fallback to raft.server.rpc.timeout.max)
2023-03-07 04:43:35,356 [s0@group-7FEB495C69A8-LeaderElection7] INFO  impl.LeaderElection (LeaderElection.java:logAndReturn(89)) - s0@group-7FEB495C69A8-LeaderElection7: PRE_VOTE DISCOVERED_A_NEW_TERM (term=1) received 1 response(s) and 0 exception(s):
2023-03-07 04:43:35,356 [s0@group-7FEB495C69A8-LeaderElection7] INFO  impl.LeaderElection (LeaderElection.java:logAndReturn(93)) -   Response 0: s0<-s2#0:OK-t1
2023-03-07 04:43:35,356 [s0@group-7FEB495C69A8-LeaderElection7] INFO  impl.LeaderElection (LeaderElection.java:askForVotes(311)) - s0@group-7FEB495C69A8-LeaderElection7 PRE_VOTE round 0: result DISCOVERED_A_NEW_TERM (term=1)
2023-03-07 04:43:35,356 [s0@group-7FEB495C69A8-LeaderElection7] INFO  server.RaftServer$Division (RaftServerImpl.java:setRole(329)) - s0@group-7FEB495C69A8: changes role from CANDIDATE to FOLLOWER at term 1 for DISCOVERED_A_NEW_TERM (term=1)
2023-03-07 04:43:35,356 [s0@group-7FEB495C69A8-LeaderElection7] INFO  impl.RoleInfo (RoleInfo.java:shutdownLeaderElection(130)) - s0: shutdown s0@group-7FEB495C69A8-LeaderElection7
2023-03-07 04:43:35,356 [s0@group-7FEB495C69A8-LeaderElection7] INFO  impl.RoleInfo (RoleInfo.java:updateAndGet(139)) - s0: start s0@group-7FEB495C69A8-FollowerState
2023-03-07 04:43:35,356 [grpc-default-executor-3] INFO  server.RaftServer$Division (RaftServerImpl.java:requestVote(1302)) - s2@group-7FEB495C69A8: receive requestVote(ELECTION, s1, group-7FEB495C69A8, 1, (t:0, i:0))
2023-03-07 04:43:35,356 [grpc-default-executor-3] INFO  impl.VoteContext (VoteContext.java:log(49)) - s2@group-7FEB495C69A8-CANDIDATE: reject ELECTION from s1: already has voted for s2 at current term 1
2023-03-07 04:43:35,356 [grpc-default-executor-3] INFO  server.RaftServer$Division (RaftServerImpl.java:requestVote(1335)) - s2@group-7FEB495C69A8 replies to ELECTION vote request: s1<-s2#0:FAIL-t1. Peer's state: s2@group-7FEB495C69A8:t1, leader=null, voted=s2, raftlog=Memoized:s2@group-7FEB495C69A8-SegmentedRaftLog:OPENED:c-1, conf=-1: peers:[s0|rpc:localhost:39563|admin:localhost:39441|client:localhost:44279|dataStream:localhost:40923|priority:0|startupRole:FOLLOWER, s1|rpc:localhost:43315|admin:localhost:36815|client:localhost:36091|dataStream:localhost:45791|priority:0|startupRole:FOLLOWER, s2|rpc:localhost:37455|admin:localhost:41821|client:localhost:35369|dataStream:localhost:38619|priority:0|startupRole:FOLLOWER]|listeners:[], old=null
2023-03-07 04:43:35,357 [grpc-default-executor-3] INFO  server.RaftServer$Division (RaftServerImpl.java:requestVote(1302)) - s0@group-7FEB495C69A8: receive requestVote(ELECTION, s1, group-7FEB495C69A8, 1, (t:0, i:0))
2023-03-07 04:43:35,358 [grpc-default-executor-4] INFO  server.RaftServer$Division (RaftServerImpl.java:requestVote(1302)) - s0@group-7FEB495C69A8: receive requestVote(ELECTION, s2, group-7FEB495C69A8, 1, (t:0, i:0))
2023-03-07 04:43:35,358 [grpc-default-executor-8] INFO  server.RaftServer$Division (RaftServerImpl.java:requestVote(1302)) - s1@group-7FEB495C69A8: receive requestVote(ELECTION, s2, group-7FEB495C69A8, 1, (t:0, i:0))
2023-03-07 04:43:35,358 [grpc-default-executor-8] INFO  impl.VoteContext (VoteContext.java:log(49)) - s1@group-7FEB495C69A8-CANDIDATE: reject ELECTION from s2: already has voted for s1 at current term 1
2023-03-07 04:43:35,358 [grpc-default-executor-8] INFO  server.RaftServer$Division (RaftServerImpl.java:requestVote(1335)) - s1@group-7FEB495C69A8 replies to ELECTION vote request: s2<-s1#0:FAIL-t1. Peer's state: s1@group-7FEB495C69A8:t1, leader=null, voted=s1, raftlog=Memoized:s1@group-7FEB495C69A8-SegmentedRaftLog:OPENED:c-1, conf=-1: peers:[s0|rpc:localhost:39563|admin:localhost:39441|client:localhost:44279|dataStream:localhost:40923|priority:0|startupRole:FOLLOWER, s1|rpc:localhost:43315|admin:localhost:36815|client:localhost:36091|dataStream:localhost:45791|priority:0|startupRole:FOLLOWER, s2|rpc:localhost:37455|admin:localhost:41821|client:localhost:35369|dataStream:localhost:38619|priority:0|startupRole:FOLLOWER]|listeners:[], old=null
2023-03-07 04:43:35,359 [grpc-default-executor-4] INFO  impl.VoteContext (VoteContext.java:log(49)) - s0@group-7FEB495C69A8-FOLLOWER: accept ELECTION from s2: our priority 0 <= candidate's priority 0
2023-03-07 04:43:35,359 [grpc-default-executor-4] INFO  server.RaftServer$Division (RaftServerImpl.java:setRole(329)) - s0@group-7FEB495C69A8: changes role from  FOLLOWER to FOLLOWER at term 1 for candidate:s2
2023-03-07 04:43:35,359 [grpc-default-executor-4] INFO  impl.RoleInfo (RoleInfo.java:shutdownFollowerState(110)) - s0: shutdown s0@group-7FEB495C69A8-FollowerState
2023-03-07 04:43:35,359 [grpc-default-executor-4] INFO  impl.RoleInfo (RoleInfo.java:updateAndGet(139)) - s0: start s0@group-7FEB495C69A8-FollowerState
2023-03-07 04:43:35,359 [s0@group-7FEB495C69A8-FollowerState] INFO  impl.FollowerState (FollowerState.java:shouldRun(117)) - s0@group-7FEB495C69A8-FollowerState: Stopping now (isRunning? false, role = FOLLOWER)
2023-03-07 04:43:35,361 [s0@group-7FEB495C69A8-FollowerState] INFO  server.RaftServerConfigKeys (ConfUtils.java:logFallback(53)) - raft.server.rpc.first-election.timeout.min = 150ms (fallback to raft.server.rpc.timeout.min)
2023-03-07 04:43:35,361 [s0@group-7FEB495C69A8-FollowerState] INFO  server.RaftServerConfigKeys (ConfUtils.java:logFallback(53)) - raft.server.rpc.first-election.timeout.max = 300ms (fallback to raft.server.rpc.timeout.max)
2023-03-07 04:43:35,361 [grpc-default-executor-4] INFO  server.RaftServer$Division (RaftServerImpl.java:requestVote(1335)) - s0@group-7FEB495C69A8 replies to ELECTION vote request: s2<-s0#0:OK-t1. Peer's state: s0@group-7FEB495C69A8:t1, leader=null, voted=s2, raftlog=Memoized:s0@group-7FEB495C69A8-SegmentedRaftLog:OPENED:c-1, conf=-1: peers:[s0|rpc:localhost:39563|admin:localhost:39441|client:localhost:44279|dataStream:localhost:40923|priority:0|startupRole:FOLLOWER, s1|rpc:localhost:43315|admin:localhost:36815|client:localhost:36091|dataStream:localhost:45791|priority:0|startupRole:FOLLOWER, s2|rpc:localhost:37455|admin:localhost:41821|client:localhost:35369|dataStream:localhost:38619|priority:0|startupRole:FOLLOWER]|listeners:[], old=null
2023-03-07 04:43:35,361 [grpc-default-executor-3] INFO  impl.VoteContext (VoteContext.java:log(49)) - s0@group-7FEB495C69A8-FOLLOWER: reject ELECTION from s1: already has voted for s2 at current term 1
2023-03-07 04:43:35,361 [grpc-default-executor-3] INFO  server.RaftServer$Division (RaftServerImpl.java:requestVote(1335)) - s0@group-7FEB495C69A8 replies to ELECTION vote request: s1<-s0#0:FAIL-t1. Peer's state: s0@group-7FEB495C69A8:t1, leader=null, voted=s2, raftlog=Memoized:s0@group-7FEB495C69A8-SegmentedRaftLog:OPENED:c-1, conf=-1: peers:[s0|rpc:localhost:39563|admin:localhost:39441|client:localhost:44279|dataStream:localhost:40923|priority:0|startupRole:FOLLOWER, s1|rpc:localhost:43315|admin:localhost:36815|client:localhost:36091|dataStream:localhost:45791|priority:0|startupRole:FOLLOWER, s2|rpc:localhost:37455|admin:localhost:41821|client:localhost:35369|dataStream:localhost:38619|priority:0|startupRole:FOLLOWER]|listeners:[], old=null
2023-03-07 04:43:35,362 [s1@group-7FEB495C69A8-LeaderElection6] INFO  impl.LeaderElection (LeaderElection.java:logAndReturn(89)) - s1@group-7FEB495C69A8-LeaderElection6: ELECTION REJECTED received 2 response(s) and 0 exception(s):
2023-03-07 04:43:35,362 [s1@group-7FEB495C69A8-LeaderElection6] INFO  impl.LeaderElection (LeaderElection.java:logAndReturn(93)) -   Response 0: s1<-s0#0:FAIL-t1
2023-03-07 04:43:35,362 [s1@group-7FEB495C69A8-LeaderElection6] INFO  impl.LeaderElection (LeaderElection.java:logAndReturn(93)) -   Response 1: s1<-s2#0:FAIL-t1
2023-03-07 04:43:35,362 [s1@group-7FEB495C69A8-LeaderElection6] INFO  impl.LeaderElection (LeaderElection.java:askForVotes(311)) - s1@group-7FEB495C69A8-LeaderElection6 ELECTION round 0: result REJECTED
2023-03-07 04:43:35,362 [s1@group-7FEB495C69A8-LeaderElection6] INFO  server.RaftServer$Division (RaftServerImpl.java:setRole(329)) - s1@group-7FEB495C69A8: changes role from CANDIDATE to FOLLOWER at term 1 for REJECTED
2023-03-07 04:43:35,362 [s1@group-7FEB495C69A8-LeaderElection6] INFO  impl.RoleInfo (RoleInfo.java:shutdownLeaderElection(130)) - s1: shutdown s1@group-7FEB495C69A8-LeaderElection6
2023-03-07 04:43:35,362 [s1@group-7FEB495C69A8-LeaderElection6] INFO  impl.RoleInfo (RoleInfo.java:updateAndGet(139)) - s1: start s1@group-7FEB495C69A8-FollowerState
2023-03-07 04:43:35,363 [s2@group-7FEB495C69A8-LeaderElection5] INFO  impl.LeaderElection (LeaderElection.java:logAndReturn(89)) - s2@group-7FEB495C69A8-LeaderElection5: ELECTION PASSED received 2 response(s) and 0 exception(s):
2023-03-07 04:43:35,363 [s2@group-7FEB495C69A8-LeaderElection5] INFO  impl.LeaderElection (LeaderElection.java:logAndReturn(93)) -   Response 0: s2<-s0#0:OK-t1
2023-03-07 04:43:35,363 [s2@group-7FEB495C69A8-LeaderElection5] INFO  impl.LeaderElection (LeaderElection.java:logAndReturn(93)) -   Response 1: s2<-s1#0:FAIL-t1
2023-03-07 04:43:35,363 [s2@group-7FEB495C69A8-LeaderElection5] INFO  impl.LeaderElection (LeaderElection.java:askForVotes(311)) - s2@group-7FEB495C69A8-LeaderElection5 ELECTION round 0: result PASSED
2023-03-07 04:43:35,363 [s2@group-7FEB495C69A8-LeaderElection5] INFO  impl.RoleInfo (RoleInfo.java:shutdownLeaderElection(130)) - s2: shutdown s2@group-7FEB495C69A8-LeaderElection5
2023-03-07 04:43:35,363 [s2@group-7FEB495C69A8-LeaderElection5] INFO  server.RaftServer$Division (RaftServerImpl.java:setRole(329)) - s2@group-7FEB495C69A8: changes role from CANDIDATE to LEADER at term 1 for changeToLeader
2023-03-07 04:43:35,363 [s2@group-7FEB495C69A8-LeaderElection5] INFO  server.RaftServer$Division (ServerState.java:setLeader(260)) - s2@group-7FEB495C69A8: change Leader from null to s2 at term 1 for becomeLeader, leader elected after 405ms
2023-03-07 04:43:35,363 [s2@group-7FEB495C69A8-LeaderElection5] INFO  server.RaftServerConfigKeys (ConfUtils.java:logGet(46)) - raft.server.staging.catchup.gap = 1000 (default)
2023-03-07 04:43:35,363 [s2@group-7FEB495C69A8-LeaderElection5] INFO  server.RaftServerConfigKeys (ConfUtils.java:logGet(46)) - raft.server.write.element-limit = 4096 (default)
2023-03-07 04:43:35,363 [s2@group-7FEB495C69A8-LeaderElection5] INFO  server.RaftServerConfigKeys (ConfUtils.java:logGet(46)) - raft.server.write.byte-limit = 64MB (=67108864) (default)
2023-03-07 04:43:35,363 [s2@group-7FEB495C69A8-LeaderElection5] INFO  server.RaftServerConfigKeys (ConfUtils.java:logGet(46)) - raft.server.watch.timeout = 10s (default)
2023-03-07 04:43:35,364 [s2@group-7FEB495C69A8-LeaderElection5] INFO  server.RaftServerConfigKeys (ConfUtils.java:logGet(46)) - raft.server.watch.timeout.denomination = 1s (default)
2023-03-07 04:43:35,364 [s2@group-7FEB495C69A8-LeaderElection5] INFO  server.RaftServerConfigKeys (ConfUtils.java:logGet(46)) - raft.server.watch.element-limit = 65536 (default)
2023-03-07 04:43:35,364 [s2@group-7FEB495C69A8-LeaderElection5] INFO  server.RaftServerConfigKeys (ConfUtils.java:logGet(46)) - raft.server.write.element-limit = 4096 (default)
2023-03-07 04:43:35,364 [s2@group-7FEB495C69A8-LeaderElection5] INFO  server.RaftServerConfigKeys (ConfUtils.java:logGet(46)) - raft.server.write.follower.gap.ratio.max = -1.0 (default)
2023-03-07 04:43:35,364 [s2@group-7FEB495C69A8-LeaderElection5] INFO  server.RaftServerConfigKeys (ConfUtils.java:logGet(46)) - raft.server.log.appender.snapshot.chunk.size.max = 16MB (=16777216) (default)
2023-03-07 04:43:35,364 [s2@group-7FEB495C69A8-LeaderElection5] INFO  server.RaftServerConfigKeys (ConfUtils.java:logGet(46)) - raft.server.log.appender.buffer.byte-limit = 4MB (=4194304) (default)
2023-03-07 04:43:35,364 [s2@group-7FEB495C69A8-LeaderElection5] INFO  server.RaftServerConfigKeys (ConfUtils.java:logGet(46)) - raft.server.log.appender.buffer.element-limit = 0 (default)
2023-03-07 04:43:35,364 [s2@group-7FEB495C69A8-LeaderElection5] INFO  server.RaftServerConfigKeys (ConfUtils.java:logGet(46)) - raft.server.log.appender.wait-time.min = 10ms (default)
2023-03-07 04:43:35,364 [s2@group-7FEB495C69A8-LeaderElection5] INFO  grpc.GrpcConfigKeys (ConfUtils.java:logGet(46)) - raft.grpc.server.leader.outstanding.appends.max = 128 (default)
2023-03-07 04:43:35,364 [s2@group-7FEB495C69A8-LeaderElection5] INFO  server.RaftServerConfigKeys (ConfUtils.java:logGet(46)) - raft.server.rpc.request.timeout = 3000ms (default)
2023-03-07 04:43:35,364 [s2@group-7FEB495C69A8-LeaderElection5] INFO  server.RaftServerConfigKeys (ConfUtils.java:logGet(46)) - raft.server.log.appender.install.snapshot.enabled = true (default)
2023-03-07 04:43:35,364 [s2@group-7FEB495C69A8-LeaderElection5] INFO  grpc.GrpcConfigKeys (ConfUtils.java:logGet(46)) - raft.grpc.server.heartbeat.channel = true (default)
2023-03-07 04:43:35,365 [s2@group-7FEB495C69A8-LeaderElection5] INFO  server.RaftServerConfigKeys (ConfUtils.java:logGet(46)) - raft.server.log.appender.snapshot.chunk.size.max = 16MB (=16777216) (default)
2023-03-07 04:43:35,366 [s2@group-7FEB495C69A8-LeaderElection5] INFO  server.RaftServerConfigKeys (ConfUtils.java:logGet(46)) - raft.server.log.appender.buffer.byte-limit = 4MB (=4194304) (default)
2023-03-07 04:43:35,366 [s2@group-7FEB495C69A8-LeaderElection5] INFO  server.RaftServerConfigKeys (ConfUtils.java:logGet(46)) - raft.server.log.appender.buffer.element-limit = 0 (default)
2023-03-07 04:43:35,366 [s2@group-7FEB495C69A8-LeaderElection5] INFO  server.RaftServerConfigKeys (ConfUtils.java:logGet(46)) - raft.server.log.appender.wait-time.min = 10ms (default)
2023-03-07 04:43:35,366 [s2@group-7FEB495C69A8-LeaderElection5] INFO  grpc.GrpcConfigKeys (ConfUtils.java:logGet(46)) - raft.grpc.server.leader.outstanding.appends.max = 128 (default)
2023-03-07 04:43:35,366 [s2@group-7FEB495C69A8-LeaderElection5] INFO  server.RaftServerConfigKeys (ConfUtils.java:logGet(46)) - raft.server.rpc.request.timeout = 3000ms (default)
2023-03-07 04:43:35,366 [s2@group-7FEB495C69A8-LeaderElection5] INFO  server.RaftServerConfigKeys (ConfUtils.java:logGet(46)) - raft.server.log.appender.install.snapshot.enabled = true (default)
2023-03-07 04:43:35,366 [s2@group-7FEB495C69A8-LeaderElection5] INFO  grpc.GrpcConfigKeys (ConfUtils.java:logGet(46)) - raft.grpc.server.heartbeat.channel = true (default)
2023-03-07 04:43:35,366 [s2@group-7FEB495C69A8-LeaderElection5] INFO  impl.RoleInfo (RoleInfo.java:updateAndGet(139)) - s2: start s2@group-7FEB495C69A8-LeaderStateImpl
2023-03-07 04:43:35,366 [s2@group-7FEB495C69A8-LeaderElection5] INFO  segmented.SegmentedRaftLogWorker (SegmentedRaftLogWorker.java:startLogSegment(426)) - s2@group-7FEB495C69A8-SegmentedRaftLogWorker: Starting segment from index:0
2023-03-07 04:43:35,363 [s1@group-7FEB495C69A8-FollowerState] INFO  server.RaftServerConfigKeys (ConfUtils.java:logFallback(53)) - raft.server.rpc.first-election.timeout.min = 150ms (fallback to raft.server.rpc.timeout.min)
2023-03-07 04:43:35,367 [s1@group-7FEB495C69A8-FollowerState] INFO  server.RaftServerConfigKeys (ConfUtils.java:logFallback(53)) - raft.server.rpc.first-election.timeout.max = 300ms (fallback to raft.server.rpc.timeout.max)
2023-03-07 04:43:35,369 [s2@group-7FEB495C69A8-LeaderElection5] INFO  server.RaftServer$Division (ServerState.java:setRaftConf(378)) - s2@group-7FEB495C69A8: set configuration 0: peers:[s0|rpc:localhost:39563|admin:localhost:39441|client:localhost:44279|dataStream:localhost:40923|priority:0|startupRole:FOLLOWER, s1|rpc:localhost:43315|admin:localhost:36815|client:localhost:36091|dataStream:localhost:45791|priority:0|startupRole:FOLLOWER, s2|rpc:localhost:37455|admin:localhost:41821|client:localhost:35369|dataStream:localhost:38619|priority:0|startupRole:FOLLOWER]|listeners:[], old=null
2023-03-07 04:43:35,382 [s0-server-thread1] INFO  server.RaftServer$Division (ServerState.java:setLeader(260)) - s0@group-7FEB495C69A8: change Leader from null to s2 at term 1 for appendEntries, leader elected after 444ms
2023-03-07 04:43:35,386 [s0-server-thread2] DEBUG server.RaftServer$Division (RaftServerImpl.java:logAppendEntries(1429)) - s0@group-7FEB495C69A8: receive appendEntries(s2, 1, null, -1, true, commits:[s2:c-1, s0:c-1, s1:c-1], cId:1, entries: [(t:1, i:0), CONFIGURATIONENTRY(current:id: "s0"
address: "localhost:39563"
dataStreamAddress: "localhost:40923"
clientAddress: "localhost:44279"
adminAddress: "localhost:39441"
startupRole: FOLLOWER
,id: "s1"
address: "localhost:43315"
dataStreamAddress: "localhost:45791"
clientAddress: "localhost:36091"
adminAddress: "localhost:36815"
startupRole: FOLLOWER
,id: "s2"
address: "localhost:37455"
dataStreamAddress: "localhost:38619"
clientAddress: "localhost:35369"
adminAddress: "localhost:41821"
startupRole: FOLLOWER
, old:)]
2023-03-07 04:43:35,389 [s0-server-thread2] INFO  server.RaftServer$Division (ServerState.java:setRaftConf(378)) - s0@group-7FEB495C69A8: set configuration 0: peers:[s0|rpc:localhost:39563|admin:localhost:39441|client:localhost:44279|dataStream:localhost:40923|priority:0|startupRole:FOLLOWER, s1|rpc:localhost:43315|admin:localhost:36815|client:localhost:36091|dataStream:localhost:45791|priority:0|startupRole:FOLLOWER, s2|rpc:localhost:37455|admin:localhost:41821|client:localhost:35369|dataStream:localhost:38619|priority:0|startupRole:FOLLOWER]|listeners:[], old=null
2023-03-07 04:43:35,390 [s1-server-thread1] INFO  server.RaftServer$Division (ServerState.java:setLeader(260)) - s1@group-7FEB495C69A8: change Leader from null to s2 at term 1 for appendEntries, leader elected after 439ms
2023-03-07 04:43:35,390 [s0-server-thread2] INFO  segmented.SegmentedRaftLogWorker (SegmentedRaftLogWorker.java:startLogSegment(426)) - s0@group-7FEB495C69A8-SegmentedRaftLogWorker: Starting segment from index:0
2023-03-07 04:43:35,394 [s1-server-thread2] DEBUG server.RaftServer$Division (RaftServerImpl.java:logAppendEntries(1429)) - s1@group-7FEB495C69A8: receive appendEntries(s2, 1, null, -1, true, commits:[s2:c-1, s0:c-1, s1:c-1], cId:1, entries: [(t:1, i:0), CONFIGURATIONENTRY(current:id: "s0"
address: "localhost:39563"
dataStreamAddress: "localhost:40923"
clientAddress: "localhost:44279"
adminAddress: "localhost:39441"
startupRole: FOLLOWER
,id: "s1"
address: "localhost:43315"
dataStreamAddress: "localhost:45791"
clientAddress: "localhost:36091"
adminAddress: "localhost:36815"
startupRole: FOLLOWER
,id: "s2"
address: "localhost:37455"
dataStreamAddress: "localhost:38619"
clientAddress: "localhost:35369"
adminAddress: "localhost:41821"
startupRole: FOLLOWER
, old:)]
2023-03-07 04:43:35,394 [s2@group-7FEB495C69A8-SegmentedRaftLogWorker] INFO  segmented.SegmentedRaftLogWorker (SegmentedRaftLogWorker.java:execute(630)) - s2@group-7FEB495C69A8-SegmentedRaftLogWorker: created new log segment /home/runner/work/ratis/ratis/ratis-test/target/test/data/2f933947/MiniRaftClusterWithGrpc73588ad8/s2/9a6e09e3-83cb-420f-b4a9-7feb495c69a8/current/log_inprogress_0
2023-03-07 04:43:35,397 [s1-server-thread2] INFO  server.RaftServer$Division (ServerState.java:setRaftConf(378)) - s1@group-7FEB495C69A8: set configuration 0: peers:[s0|rpc:localhost:39563|admin:localhost:39441|client:localhost:44279|dataStream:localhost:40923|priority:0|startupRole:FOLLOWER, s1|rpc:localhost:43315|admin:localhost:36815|client:localhost:36091|dataStream:localhost:45791|priority:0|startupRole:FOLLOWER, s2|rpc:localhost:37455|admin:localhost:41821|client:localhost:35369|dataStream:localhost:38619|priority:0|startupRole:FOLLOWER]|listeners:[], old=null
2023-03-07 04:43:35,397 [s1-server-thread2] INFO  segmented.SegmentedRaftLogWorker (SegmentedRaftLogWorker.java:startLogSegment(426)) - s1@group-7FEB495C69A8-SegmentedRaftLogWorker: Starting segment from index:0
2023-03-07 04:43:35,412 [s1@group-7FEB495C69A8-SegmentedRaftLogWorker] INFO  segmented.SegmentedRaftLogWorker (SegmentedRaftLogWorker.java:execute(630)) - s1@group-7FEB495C69A8-SegmentedRaftLogWorker: created new log segment /home/runner/work/ratis/ratis/ratis-test/target/test/data/2f933947/MiniRaftClusterWithGrpc73588ad8/s1/9a6e09e3-83cb-420f-b4a9-7feb495c69a8/current/log_inprogress_0
2023-03-07 04:43:35,413 [s1-server-thread2] DEBUG server.RaftServer$Division (RaftServerImpl.java:logAppendEntries(1429)) - s1@group-7FEB495C69A8: succeeded to handle AppendEntries. Reply: s2<-s1#1:OK-t1,SUCCESS,nextIndex=1,followerCommit=-1,matchIndex=0
2023-03-07 04:43:35,480 [s0@group-7FEB495C69A8-SegmentedRaftLogWorker] INFO  segmented.SegmentedRaftLogWorker (SegmentedRaftLogWorker.java:execute(630)) - s0@group-7FEB495C69A8-SegmentedRaftLogWorker: created new log segment /home/runner/work/ratis/ratis/ratis-test/target/test/data/2f933947/MiniRaftClusterWithGrpc73588ad8/s0/9a6e09e3-83cb-420f-b4a9-7feb495c69a8/current/log_inprogress_0
2023-03-07 04:43:35,481 [s0-server-thread2] DEBUG server.RaftServer$Division (RaftServerImpl.java:logAppendEntries(1429)) - s0@group-7FEB495C69A8: succeeded to handle AppendEntries. Reply: s2<-s0#1:OK-t1,SUCCESS,nextIndex=1,followerCommit=-1,matchIndex=0
2023-03-07 04:43:35,584 [Time-limited test] INFO  ratis.RaftTestUtil (RaftTestUtil.java:waitForLeader(119)) - printing ALL groups
  s0:  RUNNING  FOLLOWER s0@group-7FEB495C69A8:t1, leader=s2, voted=s2, raftlog=Memoized:s0@group-7FEB495C69A8-SegmentedRaftLog:OPENED:c0, conf=0: peers:[s0|rpc:localhost:39563|admin:localhost:39441|client:localhost:44279|dataStream:localhost:40923|priority:0|startupRole:FOLLOWER, s1|rpc:localhost:43315|admin:localhost:36815|client:localhost:36091|dataStream:localhost:45791|priority:0|startupRole:FOLLOWER, s2|rpc:localhost:37455|admin:localhost:41821|client:localhost:35369|dataStream:localhost:38619|priority:0|startupRole:FOLLOWER]|listeners:[], old=null RUNNING
  s1:  RUNNING  FOLLOWER s1@group-7FEB495C69A8:t1, leader=s2, voted=s1, raftlog=Memoized:s1@group-7FEB495C69A8-SegmentedRaftLog:OPENED:c0, conf=0: peers:[s0|rpc:localhost:39563|admin:localhost:39441|client:localhost:44279|dataStream:localhost:40923|priority:0|startupRole:FOLLOWER, s1|rpc:localhost:43315|admin:localhost:36815|client:localhost:36091|dataStream:localhost:45791|priority:0|startupRole:FOLLOWER, s2|rpc:localhost:37455|admin:localhost:41821|client:localhost:35369|dataStream:localhost:38619|priority:0|startupRole:FOLLOWER]|listeners:[], old=null RUNNING
  s2:  RUNNING    LEADER s2@group-7FEB495C69A8:t1, leader=s2, voted=s2, raftlog=Memoized:s2@group-7FEB495C69A8-SegmentedRaftLog:OPENED:c0, conf=0: peers:[s0|rpc:localhost:39563|admin:localhost:39441|client:localhost:44279|dataStream:localhost:40923|priority:0|startupRole:FOLLOWER, s1|rpc:localhost:43315|admin:localhost:36815|client:localhost:36091|dataStream:localhost:45791|priority:0|startupRole:FOLLOWER, s2|rpc:localhost:37455|admin:localhost:41821|client:localhost:35369|dataStream:localhost:38619|priority:0|startupRole:FOLLOWER]|listeners:[], old=null RUNNING
2023-03-07 04:43:35,593 [s2-client-thread1] DEBUG server.RaftServer$Division (RaftServerImpl.java:submitClientRequestAsync(832)) - s2@group-7FEB495C69A8: receive client request(RaftClientRequest:client-EFEEDB1A2565->s2@group-7FEB495C69A8, cid=35, seq=0, RW, Message:494e4352454d454e54)
2023-03-07 04:43:35,593 [s2-client-thread1] DEBUG server.RaftServer$Division (LeaderStateImpl.java:addPendingRequest(474)) - s2@group-7FEB495C69A8-LeaderStateImpl: addPendingRequest at RaftClientRequest:client-EFEEDB1A2565->s2@group-7FEB495C69A8, cid=35, seq=0, RW, Message:494e4352454d454e54, entry=(t:1, i:1), STATEMACHINELOGENTRY, 35@client-EFEEDB1A2565
2023-03-07 04:43:35,595 [s1-server-thread3] DEBUG server.RaftServer$Division (RaftServerImpl.java:logAppendEntries(1429)) - s1@group-7FEB495C69A8: receive appendEntries(s2, 1, (t:1, i:0), 0, true, commits:[s2:c0, s0:c0, s1:c0], cId:10328, entries: [(t:1, i:1), STATEMACHINELOGENTRY, 35@client-EFEEDB1A2565]
2023-03-07 04:43:35,595 [s0-server-thread3] DEBUG server.RaftServer$Division (RaftServerImpl.java:logAppendEntries(1429)) - s0@group-7FEB495C69A8: receive appendEntries(s2, 1, (t:1, i:0), 0, true, commits:[s2:c0, s0:c0, s1:c0], cId:31671, entries: [(t:1, i:1), STATEMACHINELOGENTRY, 35@client-EFEEDB1A2565]
2023-03-07 04:43:35,596 [s1-server-thread3] DEBUG server.RaftServer$Division (RaftServerImpl.java:logAppendEntries(1429)) - s1@group-7FEB495C69A8: succeeded to handle AppendEntries. Reply: s2<-s1#10328:OK-t1,SUCCESS,nextIndex=2,followerCommit=0,matchIndex=1
2023-03-07 04:43:35,597 [s2@group-7FEB495C69A8-StateMachineUpdater] INFO  statemachine.StateMachine (ReadOnlyRequestTests.java:applyTransaction(304)) - receive command: INCREMENT
2023-03-07 04:43:35,603 [s0-server-thread3] DEBUG server.RaftServer$Division (RaftServerImpl.java:logAppendEntries(1429)) - s0@group-7FEB495C69A8: succeeded to handle AppendEntries. Reply: s2<-s0#31671:OK-t1,SUCCESS,nextIndex=2,followerCommit=0,matchIndex=1
2023-03-07 04:43:35,604 [s2-client-thread1] DEBUG server.RaftServer$Division (RaftServerImpl.java:submitClientRequestAsync(832)) - s2@group-7FEB495C69A8: receive client request(RaftClientRequest:client-EFEEDB1A2565->s2@group-7FEB495C69A8, cid=36, seq=1*, Watch(0), Message:<EMPTY>)
2023-03-07 04:43:35,604 [s2-client-thread1] DEBUG server.RaftServer$Division (LeaderStateImpl.java:addWatchReqeust(492)) - s2@group-7FEB495C69A8-LeaderStateImpl: addWatchRequest RaftClientRequest:client-EFEEDB1A2565->s2@group-7FEB495C69A8, cid=36, seq=1*, Watch(0), Message:<EMPTY>
2023-03-07 04:43:35,604 [s0-server-thread3] DEBUG server.RaftServer$Division (RaftServerImpl.java:logAppendEntries(1429)) - s0@group-7FEB495C69A8: receive appendEntries(s2, 1, (t:1, i:1), 1, true, commits:[s2:c1, s0:c0, s1:c0], cId:31672, entries: [(t:1, i:2), METADATAENTRY(c:1)]
2023-03-07 04:43:35,605 [s1-server-thread3] DEBUG server.RaftServer$Division (RaftServerImpl.java:logAppendEntries(1429)) - s1@group-7FEB495C69A8: receive appendEntries(s2, 1, (t:1, i:1), 1, true, commits:[s2:c1, s0:c0, s1:c0], cId:10329, entries: [(t:1, i:2), METADATAENTRY(c:1)]
2023-03-07 04:43:35,609 [s2-client-thread1] DEBUG server.RaftServer$Division (RaftServerImpl.java:submitClientRequestAsync(832)) - s2@group-7FEB495C69A8: receive client request(RaftClientRequest:client-EFEEDB1A2565->s2@group-7FEB495C69A8, cid=37, seq=2, RW, Message:574149545f414e445f49...(size=18))
2023-03-07 04:43:35,609 [s2-client-thread1] DEBUG server.RaftServer$Division (LeaderStateImpl.java:addPendingRequest(474)) - s2@group-7FEB495C69A8-LeaderStateImpl: addPendingRequest at RaftClientRequest:client-EFEEDB1A2565->s2@group-7FEB495C69A8, cid=37, seq=2, RW, Message:574149545f414e445f49...(size=18), entry=(t:1, i:3), STATEMACHINELOGENTRY, 37@client-EFEEDB1A2565
2023-03-07 04:43:35,616 [s1-server-thread3] DEBUG server.RaftServer$Division (RaftServerImpl.java:logAppendEntries(1429)) - s1@group-7FEB495C69A8: receive appendEntries(s2, 1, (t:1, i:2), 1, true, commits:[s2:c1, s0:c0, s1:c0], cId:10330, entries: [(t:1, i:3), STATEMACHINELOGENTRY, 37@client-EFEEDB1A2565]
2023-03-07 04:43:35,619 [s0-server-thread3] DEBUG server.RaftServer$Division (RaftServerImpl.java:logAppendEntries(1429)) - s0@group-7FEB495C69A8: receive appendEntries(s2, 1, (t:1, i:2), 1, true, commits:[s2:c1, s0:c0, s1:c0], cId:31673, entries: [(t:1, i:3), STATEMACHINELOGENTRY, 37@client-EFEEDB1A2565]
2023-03-07 04:43:35,629 [s0-server-thread3] DEBUG server.RaftServer$Division (RaftServerImpl.java:logAppendEntries(1429)) - s0@group-7FEB495C69A8: succeeded to handle AppendEntries. Reply: s2<-s0#31672:OK-t1,SUCCESS,nextIndex=3,followerCommit=1,matchIndex=2
2023-03-07 04:43:35,629 [s0@group-7FEB495C69A8-StateMachineUpdater] INFO  statemachine.StateMachine (ReadOnlyRequestTests.java:applyTransaction(304)) - receive command: INCREMENT
2023-03-07 04:43:35,629 [s1-server-thread3] DEBUG server.RaftServer$Division (RaftServerImpl.java:logAppendEntries(1429)) - s1@group-7FEB495C69A8: succeeded to handle AppendEntries. Reply: s2<-s1#10329:OK-t1,SUCCESS,nextIndex=3,followerCommit=1,matchIndex=2
2023-03-07 04:43:35,630 [s1@group-7FEB495C69A8-StateMachineUpdater] INFO  statemachine.StateMachine (ReadOnlyRequestTests.java:applyTransaction(304)) - receive command: INCREMENT
2023-03-07 04:43:35,711 [s0-client-thread1] DEBUG server.RaftServer$Division (RaftServerImpl.java:submitClientRequestAsync(832)) - s0@group-7FEB495C69A8: receive client request(RaftClientRequest:client-38F753348479->s0@group-7FEB495C69A8, cid=38, seq=0, RO, Message:5155455259)
2023-03-07 04:43:35,739 [s0-server-thread3] DEBUG server.RaftServer$Division (RaftServerImpl.java:logAppendEntries(1429)) - s0@group-7FEB495C69A8: succeeded to handle AppendEntries. Reply: s2<-s0#31673:OK-t1,SUCCESS,nextIndex=4,followerCommit=1,matchIndex=3
2023-03-07 04:43:35,741 [s2@group-7FEB495C69A8-StateMachineUpdater] INFO  statemachine.StateMachine (ReadOnlyRequestTests.java:applyTransaction(304)) - receive command: WAIT_AND_INCREMENT
2023-03-07 04:43:35,742 [s1-server-thread3] DEBUG server.RaftServer$Division (RaftServerImpl.java:logAppendEntries(1429)) - s1@group-7FEB495C69A8: receive appendEntries(s2, 1, (t:1, i:3), 3, true, commits:[s2:c3, s0:c1, s1:c1], cId:31298, entries: [(t:1, i:4), METADATAENTRY(c:3)]
2023-03-07 04:43:35,743 [s0-server-thread3] DEBUG server.RaftServer$Division (RaftServerImpl.java:logAppendEntries(1429)) - s0@group-7FEB495C69A8: receive appendEntries(s2, 1, (t:1, i:3), 3, true, commits:[s2:c3, s0:c1, s1:c1], cId:48514, entries: [(t:1, i:4), METADATAENTRY(c:3)]
2023-03-07 04:43:35,758 [s1-server-thread3] DEBUG server.RaftServer$Division (RaftServerImpl.java:logAppendEntries(1429)) - s1@group-7FEB495C69A8: succeeded to handle AppendEntries. Reply: s2<-s1#10330:OK-t1,SUCCESS,nextIndex=4,followerCommit=1,matchIndex=3
2023-03-07 04:43:35,804 [s0-server-thread3] DEBUG server.RaftServer$Division (RaftServerImpl.java:logAppendEntries(1429)) - s0@group-7FEB495C69A8: succeeded to handle AppendEntries. Reply: s2<-s0#48514:OK-t1,SUCCESS,nextIndex=5,followerCommit=3,matchIndex=4
2023-03-07 04:43:35,804 [s0@group-7FEB495C69A8-StateMachineUpdater] INFO  statemachine.StateMachine (ReadOnlyRequestTests.java:applyTransaction(304)) - receive command: WAIT_AND_INCREMENT
2023-03-07 04:43:35,805 [s1-server-thread3] DEBUG server.RaftServer$Division (RaftServerImpl.java:logAppendEntries(1429)) - s1@group-7FEB495C69A8: succeeded to handle AppendEntries. Reply: s2<-s1#31298:OK-t1,SUCCESS,nextIndex=5,followerCommit=3,matchIndex=4
2023-03-07 04:43:35,805 [s1@group-7FEB495C69A8-StateMachineUpdater] INFO  statemachine.StateMachine (ReadOnlyRequestTests.java:applyTransaction(304)) - receive command: WAIT_AND_INCREMENT
2023-03-07 04:43:36,217 [s0-client-thread1] DEBUG server.RaftServer$Division (RaftServerImpl.java:submitClientRequestAsync(832)) - s0@group-7FEB495C69A8: receive client request(RaftClientRequest:client-EFEEDB1A2565->s0@group-7FEB495C69A8, cid=37, seq=2*, RW, Message:574149545f414e445f49...(size=18))
2023-03-07 04:43:36,230 [s2-client-thread1] DEBUG server.RaftServer$Division (RaftServerImpl.java:submitClientRequestAsync(832)) - s2@group-7FEB495C69A8: receive client request(RaftClientRequest:client-EFEEDB1A2565->s2@group-7FEB495C69A8, cid=37, seq=2*, RW, Message:574149545f414e445f49...(size=18))
2023-03-07 04:43:36,255 [Time-limited test] INFO  impl.MiniRaftCluster (MiniRaftCluster.java:shutdown(831)) - ************************************************************** 
2023-03-07 04:43:36,255 [Time-limited test] INFO  impl.MiniRaftCluster (MiniRaftCluster.java:shutdown(832)) - *** 
2023-03-07 04:43:36,255 [Time-limited test] INFO  impl.MiniRaftCluster (MiniRaftCluster.java:shutdown(833)) - ***     Stopping MiniRaftClusterWithGrpc
2023-03-07 04:43:36,255 [Time-limited test] INFO  impl.MiniRaftCluster (MiniRaftCluster.java:shutdown(834)) - *** 
2023-03-07 04:43:36,255 [Time-limited test] INFO  impl.MiniRaftCluster (MiniRaftCluster.java:shutdown(835)) - ************************************************************** 
2023-03-07 04:43:36,255 [Time-limited test] INFO  impl.MiniRaftCluster (MiniRaftCluster.java:shutdown(836)) - printing ALL groups
  s0:  RUNNING  FOLLOWER s0@group-7FEB495C69A8:t1, leader=s2, voted=s2, raftlog=Memoized:s0@group-7FEB495C69A8-SegmentedRaftLog:OPENED:c4, conf=0: peers:[s0|rpc:localhost:39563|admin:localhost:39441|client:localhost:44279|dataStream:localhost:40923|priority:0|startupRole:FOLLOWER, s1|rpc:localhost:43315|admin:localhost:36815|client:localhost:36091|dataStream:localhost:45791|priority:0|startupRole:FOLLOWER, s2|rpc:localhost:37455|admin:localhost:41821|client:localhost:35369|dataStream:localhost:38619|priority:0|startupRole:FOLLOWER]|listeners:[], old=null RUNNING
  s1:  RUNNING  FOLLOWER s1@group-7FEB495C69A8:t1, leader=s2, voted=s1, raftlog=Memoized:s1@group-7FEB495C69A8-SegmentedRaftLog:OPENED:c4, conf=0: peers:[s0|rpc:localhost:39563|admin:localhost:39441|client:localhost:44279|dataStream:localhost:40923|priority:0|startupRole:FOLLOWER, s1|rpc:localhost:43315|admin:localhost:36815|client:localhost:36091|dataStream:localhost:45791|priority:0|startupRole:FOLLOWER, s2|rpc:localhost:37455|admin:localhost:41821|client:localhost:35369|dataStream:localhost:38619|priority:0|startupRole:FOLLOWER]|listeners:[], old=null RUNNING
  s2:  RUNNING    LEADER s2@group-7FEB495C69A8:t1, leader=s2, voted=s2, raftlog=Memoized:s2@group-7FEB495C69A8-SegmentedRaftLog:OPENED:c4, conf=0: peers:[s0|rpc:localhost:39563|admin:localhost:39441|client:localhost:44279|dataStream:localhost:40923|priority:0|startupRole:FOLLOWER, s1|rpc:localhost:43315|admin:localhost:36815|client:localhost:36091|dataStream:localhost:45791|priority:0|startupRole:FOLLOWER, s2|rpc:localhost:37455|admin:localhost:41821|client:localhost:35369|dataStream:localhost:38619|priority:0|startupRole:FOLLOWER]|listeners:[], old=null RUNNING
2023-03-07 04:43:36,256 [MiniRaftCluster-13] INFO  server.RaftServer (RaftServerProxy.java:lambda$close$7(417)) - s0: close
2023-03-07 04:43:36,258 [MiniRaftCluster-13] INFO  server.GrpcService (GrpcService.java:closeImpl(311)) - s0: shutdown server org.apache.ratis.grpc.server.GrpcClientProtocolService now
2023-03-07 04:43:36,259 [s0-impl-thread1] INFO  server.RaftServer$Division (RaftServerImpl.java:lambda$close$4(466)) - s0@group-7FEB495C69A8: shutdown
2023-03-07 04:43:36,259 [s0-impl-thread1] INFO  util.JmxRegister (JmxRegister.java:unregister(73)) - Successfully un-registered JMX Bean with object name Ratis:service=RaftServer,group=group-7FEB495C69A8,id=s0
2023-03-07 04:43:36,259 [s0-impl-thread1] INFO  impl.RoleInfo (RoleInfo.java:shutdownFollowerState(110)) - s0: shutdown s0@group-7FEB495C69A8-FollowerState
2023-03-07 04:43:36,259 [s0-impl-thread1] INFO  impl.StateMachineUpdater (StateMachineUpdater.java:stopAndJoin(154)) - s0@group-7FEB495C69A8-StateMachineUpdater: set stopIndex = 4
2023-03-07 04:43:36,259 [s0@group-7FEB495C69A8-FollowerState] INFO  impl.FollowerState (FollowerState.java:shouldRun(117)) - s0@group-7FEB495C69A8-FollowerState: Stopping now (isRunning? false, role = FOLLOWER)
2023-03-07 04:43:36,264 [Thread-243] INFO  server.GrpcServerProtocolClient (GrpcServerProtocolClient.java:close(102)) - s1 Close channels
2023-03-07 04:43:36,264 [MiniRaftCluster-15] INFO  server.RaftServer (RaftServerProxy.java:lambda$close$7(417)) - s2: close
2023-03-07 04:43:36,266 [MiniRaftCluster-14] INFO  server.RaftServer (RaftServerProxy.java:lambda$close$7(417)) - s1: close
2023-03-07 04:43:36,274 [MiniRaftCluster-15] INFO  server.GrpcService (GrpcService.java:closeImpl(311)) - s2: shutdown server org.apache.ratis.grpc.server.GrpcClientProtocolService now
2023-03-07 04:43:36,274 [MiniRaftCluster-14] INFO  server.GrpcService (GrpcService.java:closeImpl(311)) - s1: shutdown server org.apache.ratis.grpc.server.GrpcClientProtocolService now
2023-03-07 04:43:36,274 [s2-impl-thread1] INFO  server.RaftServer$Division (RaftServerImpl.java:lambda$close$4(466)) - s2@group-7FEB495C69A8: shutdown
2023-03-07 04:43:36,274 [s1-impl-thread1] INFO  server.RaftServer$Division (RaftServerImpl.java:lambda$close$4(466)) - s1@group-7FEB495C69A8: shutdown
2023-03-07 04:43:36,274 [s2-impl-thread1] INFO  util.JmxRegister (JmxRegister.java:unregister(73)) - Successfully un-registered JMX Bean with object name Ratis:service=RaftServer,group=group-7FEB495C69A8,id=s2
2023-03-07 04:43:36,275 [s2-impl-thread1] INFO  impl.RoleInfo (RoleInfo.java:shutdownLeaderState(93)) - s2: shutdown s2@group-7FEB495C69A8-LeaderStateImpl
2023-03-07 04:43:36,275 [s1-impl-thread1] INFO  util.JmxRegister (JmxRegister.java:unregister(73)) - Successfully un-registered JMX Bean with object name Ratis:service=RaftServer,group=group-7FEB495C69A8,id=s1
2023-03-07 04:43:36,275 [s1-impl-thread1] INFO  impl.RoleInfo (RoleInfo.java:shutdownFollowerState(110)) - s1: shutdown s1@group-7FEB495C69A8-FollowerState
2023-03-07 04:43:36,275 [s1-impl-thread1] INFO  impl.StateMachineUpdater (StateMachineUpdater.java:stopAndJoin(154)) - s1@group-7FEB495C69A8-StateMachineUpdater: set stopIndex = 4
2023-03-07 04:43:36,275 [s1@group-7FEB495C69A8-FollowerState] INFO  impl.FollowerState (FollowerState.java:run(152)) - s1@group-7FEB495C69A8-FollowerState was interrupted
2023-03-07 04:43:36,275 [Thread-244] INFO  server.GrpcServerProtocolClient (GrpcServerProtocolClient.java:close(102)) - s2 Close channels
2023-03-07 04:43:36,276 [s2@group-7FEB495C69A8->s0-GrpcLogAppender-LogAppenderDaemon] WARN  server.GrpcLogAppender (GrpcLogAppender.java:mayWait(190)) - s2@group-7FEB495C69A8->s0-GrpcLogAppender: Wait interrupted by java.lang.InterruptedException
2023-03-07 04:43:36,276 [s2@group-7FEB495C69A8->s1-GrpcLogAppender-LogAppenderDaemon] WARN  server.GrpcLogAppender (GrpcLogAppender.java:mayWait(190)) - s2@group-7FEB495C69A8->s1-GrpcLogAppender: Wait interrupted by java.lang.InterruptedException
2023-03-07 04:43:36,275 [s2-impl-thread1] INFO  impl.PendingRequests (PendingRequests.java:sendNotLeaderResponses(282)) - s2@group-7FEB495C69A8-PendingRequests: sendNotLeaderResponses
2023-03-07 04:43:36,280 [Thread-245] INFO  server.GrpcServerProtocolClient (GrpcServerProtocolClient.java:close(102)) - s0 Close channels
2023-03-07 04:43:36,280 [Thread-248] INFO  server.GrpcServerProtocolClient (GrpcServerProtocolClient.java:close(102)) - s0 Close channels
2023-03-07 04:43:36,281 [grpc-default-executor-8] INFO  server.GrpcServerProtocolService (GrpcServerProtocolService.java:onCompleted(145)) - s0: Completed APPEND_ENTRIES, lastRequest: null
2023-03-07 04:43:36,279 [grpc-default-executor-4] WARN  server.GrpcClientProtocolService (LogUtils.java:warn(122)) - 2-OrderedRequestStreamObserver2: onError: org.apache.ratis.thirdparty.io.grpc.StatusRuntimeException: CANCELLED: client cancelled
2023-03-07 04:43:36,282 [grpc-default-executor-3] INFO  server.GrpcServerProtocolService (GrpcServerProtocolService.java:onCompleted(145)) - s0: Completed APPEND_ENTRIES, lastRequest: s2->s0#48514-t1,previous=(t:1, i:3),leaderCommit=3,initializing? true,entries: size=1, first=(t:1, i:4), METADATAENTRY(c:3)
2023-03-07 04:43:36,284 [MiniRaftCluster-13] INFO  server.GrpcService (GrpcService.java:closeImpl(320)) - s0: shutdown server org.apache.ratis.grpc.server.GrpcClientProtocolService successfully
2023-03-07 04:43:36,284 [MiniRaftCluster-13] INFO  server.GrpcService (GrpcService.java:closeImpl(311)) - s0: shutdown server GrpcServerProtocolService now
2023-03-07 04:43:36,286 [Thread-247] INFO  server.GrpcServerProtocolClient (GrpcServerProtocolClient.java:close(102)) - s2 Close channels
2023-03-07 04:43:36,287 [Thread-249] INFO  server.GrpcServerProtocolClient (GrpcServerProtocolClient.java:close(102)) - s1 Close channels
2023-03-07 04:43:36,296 [s2-impl-thread1] INFO  impl.StateMachineUpdater (StateMachineUpdater.java:stopAndJoin(154)) - s2@group-7FEB495C69A8-StateMachineUpdater: set stopIndex = 4
2023-03-07 04:43:36,296 [s2-impl-thread1] INFO  server.RaftServer$Division (ServerState.java:close(414)) - s2@group-7FEB495C69A8: applyIndex: 4
2023-03-07 04:43:36,296 [MiniRaftCluster-13] INFO  server.GrpcService (GrpcService.java:closeImpl(320)) - s0: shutdown server GrpcServerProtocolService successfully
2023-03-07 04:43:36,296 [MiniRaftCluster-13] INFO  server.GrpcService (GrpcService.java:closeImpl(311)) - s0: shutdown server org.apache.ratis.grpc.server.GrpcAdminProtocolService now
2023-03-07 04:43:36,297 [grpc-default-executor-8] INFO  server.GrpcLogAppender (GrpcLogAppender.java:onCompleted(417)) - s2@group-7FEB495C69A8->s0-AppendLogResponseHandler: follower responses appendEntries COMPLETED
2023-03-07 04:43:36,297 [grpc-default-executor-8] WARN  server.GrpcLogAppender (GrpcLogAppender.java:resetClient(128)) - s2@group-7FEB495C69A8->s0-GrpcLogAppender: Failed to getClient for s0
org.apache.ratis.protocol.exceptions.AlreadyClosedException: s2 is already CLOSED
	at org.apache.ratis.util.PeerProxyMap$PeerAndProxy.getProxy(PeerProxyMap.java:61)
	at org.apache.ratis.util.PeerProxyMap.getProxy(PeerProxyMap.java:115)
	at org.apache.ratis.grpc.server.GrpcLogAppender.getClient(GrpcLogAppender.java:106)
	at org.apache.ratis.grpc.server.GrpcLogAppender.resetClient(GrpcLogAppender.java:111)
	at org.apache.ratis.grpc.server.GrpcLogAppender.access$500(GrpcLogAppender.java:55)
	at org.apache.ratis.grpc.server.GrpcLogAppender$AppendLogResponseHandler.onCompleted(GrpcLogAppender.java:418)
	at org.apache.ratis.thirdparty.io.grpc.stub.ClientCalls$StreamObserverToCallListenerAdapter.onClose(ClientCalls.java:485)
	at org.apache.ratis.thirdparty.io.grpc.internal.ClientCallImpl.closeObserver(ClientCallImpl.java:562)
	at org.apache.ratis.thirdparty.io.grpc.internal.ClientCallImpl.access$300(ClientCallImpl.java:70)
	at org.apache.ratis.thirdparty.io.grpc.internal.ClientCallImpl$ClientStreamListenerImpl$1StreamClosed.runInternal(ClientCallImpl.java:743)
	at org.apache.ratis.thirdparty.io.grpc.internal.ClientCallImpl$ClientStreamListenerImpl$1StreamClosed.runInContext(ClientCallImpl.java:722)
	at org.apache.ratis.thirdparty.io.grpc.internal.ContextRunnable.run(ContextRunnable.java:37)
	at org.apache.ratis.thirdparty.io.grpc.internal.SerializingExecutor.run(SerializingExecutor.java:133)
	at java.base/java.util.concurrent.ThreadPoolExecutor.runWorker(ThreadPoolExecutor.java:1128)
	at java.base/java.util.concurrent.ThreadPoolExecutor$Worker.run(ThreadPoolExecutor.java:628)
	at java.base/java.lang.Thread.run(Thread.java:829)
2023-03-07 04:43:36,297 [MiniRaftCluster-14] INFO  server.GrpcService (GrpcService.java:closeImpl(320)) - s1: shutdown server org.apache.ratis.grpc.server.GrpcClientProtocolService successfully
2023-03-07 04:43:36,297 [MiniRaftCluster-14] INFO  server.GrpcService (GrpcService.java:closeImpl(311)) - s1: shutdown server GrpcServerProtocolService now
2023-03-07 04:43:36,298 [grpc-default-executor-2] INFO  server.GrpcLogAppender (GrpcLogAppender.java:onError(406)) - s2@group-7FEB495C69A8->s1-GrpcLogAppender is already stopped
2023-03-07 04:43:36,299 [grpc-default-executor-3] INFO  server.GrpcServerProtocolService (GrpcServerProtocolService.java:onCompleted(145)) - s1: Completed APPEND_ENTRIES, lastRequest: s2->s1#31298-t1,previous=(t:1, i:3),leaderCommit=3,initializing? true,entries: size=1, first=(t:1, i:4), METADATAENTRY(c:3)
2023-03-07 04:43:36,302 [grpc-default-executor-7] INFO  server.GrpcServerProtocolService (GrpcServerProtocolService.java:onCompleted(145)) - s1: Completed APPEND_ENTRIES, lastRequest: null
2023-03-07 04:43:36,303 [grpc-default-executor-2] INFO  server.GrpcLogAppender (GrpcLogAppender.java:onError(406)) - s2@group-7FEB495C69A8->s1-GrpcLogAppender is already stopped
2023-03-07 04:43:36,303 [grpc-default-executor-4] INFO  server.GrpcLogAppender (GrpcLogAppender.java:onCompleted(417)) - s2@group-7FEB495C69A8->s0-AppendLogResponseHandler: follower responses appendEntries COMPLETED
2023-03-07 04:43:36,303 [grpc-default-executor-4] WARN  server.GrpcLogAppender (GrpcLogAppender.java:resetClient(128)) - s2@group-7FEB495C69A8->s0-GrpcLogAppender: Failed to getClient for s0
org.apache.ratis.protocol.exceptions.AlreadyClosedException: s2 is already CLOSED
	at org.apache.ratis.util.PeerProxyMap$PeerAndProxy.getProxy(PeerProxyMap.java:61)
	at org.apache.ratis.util.PeerProxyMap.getProxy(PeerProxyMap.java:115)
	at org.apache.ratis.grpc.server.GrpcLogAppender.getClient(GrpcLogAppender.java:106)
	at org.apache.ratis.grpc.server.GrpcLogAppender.resetClient(GrpcLogAppender.java:111)
	at org.apache.ratis.grpc.server.GrpcLogAppender.access$500(GrpcLogAppender.java:55)
	at org.apache.ratis.grpc.server.GrpcLogAppender$AppendLogResponseHandler.onCompleted(GrpcLogAppender.java:418)
	at org.apache.ratis.thirdparty.io.grpc.stub.ClientCalls$StreamObserverToCallListenerAdapter.onClose(ClientCalls.java:485)
	at org.apache.ratis.thirdparty.io.grpc.internal.DelayedClientCall$DelayedListener$3.run(DelayedClientCall.java:468)
	at org.apache.ratis.thirdparty.io.grpc.internal.DelayedClientCall$DelayedListener.delayOrExecute(DelayedClientCall.java:432)
	at org.apache.ratis.thirdparty.io.grpc.internal.DelayedClientCall$DelayedListener.onClose(DelayedClientCall.java:465)
	at org.apache.ratis.thirdparty.io.grpc.internal.ClientCallImpl.closeObserver(ClientCallImpl.java:562)
	at org.apache.ratis.thirdparty.io.grpc.internal.ClientCallImpl.access$300(ClientCallImpl.java:70)
	at org.apache.ratis.thirdparty.io.grpc.internal.ClientCallImpl$ClientStreamListenerImpl$1StreamClosed.runInternal(ClientCallImpl.java:743)
	at org.apache.ratis.thirdparty.io.grpc.internal.ClientCallImpl$ClientStreamListenerImpl$1StreamClosed.runInContext(ClientCallImpl.java:722)
	at org.apache.ratis.thirdparty.io.grpc.internal.ContextRunnable.run(ContextRunnable.java:37)
	at org.apache.ratis.thirdparty.io.grpc.internal.SerializingExecutor.run(SerializingExecutor.java:133)
	at java.base/java.util.concurrent.ThreadPoolExecutor.runWorker(ThreadPoolExecutor.java:1128)
	at java.base/java.util.concurrent.ThreadPoolExecutor$Worker.run(ThreadPoolExecutor.java:628)
	at java.base/java.lang.Thread.run(Thread.java:829)
2023-03-07 04:43:36,304 [MiniRaftCluster-13] INFO  server.GrpcService (GrpcService.java:closeImpl(320)) - s0: shutdown server org.apache.ratis.grpc.server.GrpcAdminProtocolService successfully
2023-03-07 04:43:36,305 [MiniRaftCluster-15] INFO  server.GrpcService (GrpcService.java:closeImpl(320)) - s2: shutdown server org.apache.ratis.grpc.server.GrpcClientProtocolService successfully
2023-03-07 04:43:36,305 [MiniRaftCluster-15] INFO  server.GrpcService (GrpcService.java:closeImpl(311)) - s2: shutdown server GrpcServerProtocolService now
2023-03-07 04:43:36,305 [s0-impl-thread1] INFO  server.RaftServer$Division (ServerState.java:close(414)) - s0@group-7FEB495C69A8: applyIndex: 4
2023-03-07 04:43:36,306 [s1-impl-thread1] INFO  server.RaftServer$Division (ServerState.java:close(414)) - s1@group-7FEB495C69A8: applyIndex: 4
2023-03-07 04:43:36,306 [MiniRaftCluster-14] INFO  server.GrpcService (GrpcService.java:closeImpl(320)) - s1: shutdown server GrpcServerProtocolService successfully
2023-03-07 04:43:36,306 [MiniRaftCluster-14] INFO  server.GrpcService (GrpcService.java:closeImpl(311)) - s1: shutdown server org.apache.ratis.grpc.server.GrpcAdminProtocolService now
2023-03-07 04:43:36,308 [MiniRaftCluster-15] INFO  server.GrpcService (GrpcService.java:closeImpl(320)) - s2: shutdown server GrpcServerProtocolService successfully
2023-03-07 04:43:36,308 [MiniRaftCluster-15] INFO  server.GrpcService (GrpcService.java:closeImpl(311)) - s2: shutdown server org.apache.ratis.grpc.server.GrpcAdminProtocolService now
2023-03-07 04:43:36,312 [MiniRaftCluster-14] INFO  server.GrpcService (GrpcService.java:closeImpl(320)) - s1: shutdown server org.apache.ratis.grpc.server.GrpcAdminProtocolService successfully
2023-03-07 04:43:36,313 [MiniRaftCluster-15] INFO  server.GrpcService (GrpcService.java:closeImpl(320)) - s2: shutdown server org.apache.ratis.grpc.server.GrpcAdminProtocolService successfully
2023-03-07 04:43:36,805 [s2-impl-thread1] INFO  segmented.SegmentedRaftLogWorker (SegmentedRaftLogWorker.java:close(242)) - s2@group-7FEB495C69A8-SegmentedRaftLogWorker close()
2023-03-07 04:43:36,807 [s0-impl-thread1] INFO  segmented.SegmentedRaftLogWorker (SegmentedRaftLogWorker.java:close(242)) - s0@group-7FEB495C69A8-SegmentedRaftLogWorker close()
2023-03-07 04:43:36,807 [s1-impl-thread1] INFO  segmented.SegmentedRaftLogWorker (SegmentedRaftLogWorker.java:close(242)) - s1@group-7FEB495C69A8-SegmentedRaftLogWorker close()
2023-03-07 04:43:36,808 [JvmPauseMonitor7] INFO  util.JvmPauseMonitor (JvmPauseMonitor.java:run(109)) - JvmPauseMonitor-s1: Stopped
2023-03-07 04:43:36,808 [JvmPauseMonitor8] INFO  util.JvmPauseMonitor (JvmPauseMonitor.java:run(109)) - JvmPauseMonitor-s2: Stopped
2023-03-07 04:43:36,808 [JvmPauseMonitor6] INFO  util.JvmPauseMonitor (JvmPauseMonitor.java:run(109)) - JvmPauseMonitor-s0: Stopped
2023-03-07 04:43:36,809 [Time-limited test] INFO  impl.MiniRaftCluster (MiniRaftCluster.java:shutdown(855)) - MiniRaftClusterWithGrpc shutdown completed
2023-03-07 04:43:36,809 [Time-limited test] INFO  impl.MiniRaftCluster (MiniRaftCluster.java:shutdown(831)) - ************************************************************** 
2023-03-07 04:43:36,809 [Time-limited test] INFO  impl.MiniRaftCluster (MiniRaftCluster.java:shutdown(832)) - *** 
2023-03-07 04:43:36,809 [Time-limited test] INFO  impl.MiniRaftCluster (MiniRaftCluster.java:shutdown(833)) - ***     Stopping MiniRaftClusterWithGrpc
2023-03-07 04:43:36,809 [Time-limited test] INFO  impl.MiniRaftCluster (MiniRaftCluster.java:shutdown(834)) - *** 
2023-03-07 04:43:36,809 [Time-limited test] INFO  impl.MiniRaftCluster (MiniRaftCluster.java:shutdown(835)) - ************************************************************** 
2023-03-07 04:43:36,809 [Time-limited test] INFO  impl.MiniRaftCluster (MiniRaftCluster.java:shutdown(836)) - printing ALL groups
  s0:   CLOSED  FOLLOWER s0@group-7FEB495C69A8:t1, leader=s2, voted=s2, raftlog=Memoized:s0@group-7FEB495C69A8-SegmentedRaftLog:CLOSED:c4, conf=0: peers:[s0|rpc:localhost:39563|admin:localhost:39441|client:localhost:44279|dataStream:localhost:40923|priority:0|startupRole:FOLLOWER, s1|rpc:localhost:43315|admin:localhost:36815|client:localhost:36091|dataStream:localhost:45791|priority:0|startupRole:FOLLOWER, s2|rpc:localhost:37455|admin:localhost:41821|client:localhost:35369|dataStream:localhost:38619|priority:0|startupRole:FOLLOWER]|listeners:[], old=null CLOSED
  s1:   CLOSED  FOLLOWER s1@group-7FEB495C69A8:t1, leader=s2, voted=s1, raftlog=Memoized:s1@group-7FEB495C69A8-SegmentedRaftLog:CLOSED:c4, conf=0: peers:[s0|rpc:localhost:39563|admin:localhost:39441|client:localhost:44279|dataStream:localhost:40923|priority:0|startupRole:FOLLOWER, s1|rpc:localhost:43315|admin:localhost:36815|client:localhost:36091|dataStream:localhost:45791|priority:0|startupRole:FOLLOWER, s2|rpc:localhost:37455|admin:localhost:41821|client:localhost:35369|dataStream:localhost:38619|priority:0|startupRole:FOLLOWER]|listeners:[], old=null CLOSED
  s2:   CLOSED    LEADER s2@group-7FEB495C69A8:t1, leader=s2, voted=s2, raftlog=Memoized:s2@group-7FEB495C69A8-SegmentedRaftLog:CLOSED:c4, conf=0: peers:[s0|rpc:localhost:39563|admin:localhost:39441|client:localhost:44279|dataStream:localhost:40923|priority:0|startupRole:FOLLOWER, s1|rpc:localhost:43315|admin:localhost:36815|client:localhost:36091|dataStream:localhost:45791|priority:0|startupRole:FOLLOWER, s2|rpc:localhost:37455|admin:localhost:41821|client:localhost:35369|dataStream:localhost:38619|priority:0|startupRole:FOLLOWER]|listeners:[], old=null CLOSED
2023-03-07 04:43:36,810 [Time-limited test] INFO  impl.MiniRaftCluster (MiniRaftCluster.java:shutdown(855)) - MiniRaftClusterWithGrpc shutdown completed
]]></system-out>
  </testcase>
  <testcase name="testLinearizableRead" classname="org.apache.ratis.grpc.TestReadOnlyRequestWithGrpc" time="2.461"/>
  <testcase name="testLinearizableReadTimeout" classname="org.apache.ratis.grpc.TestReadOnlyRequestWithGrpc" time="1.452"/>
  <testcase name="testFollowerLinearizableReadRetryWhenLeaderDown" classname="org.apache.ratis.grpc.TestReadOnlyRequestWithGrpc" time="1.908"/>
</testsuite>