<?xml version="1.0" encoding="UTF-8"?>
<testsuite xmlns:xsi="http://www.w3.org/2001/XMLSchema-instance" xsi:noNamespaceSchemaLocation="https://maven.apache.org/surefire/maven-surefire-plugin/xsd/surefire-test-report.xsd" name="org.apache.ratis.grpc.TestRaftServerWithGrpc" time="13.336" tests="5" errors="0" skipped="0" failures="1">
  <properties>
    <property name="awt.toolkit" value="sun.awt.X11.XToolkit"/>
    <property name="file.encoding.pkg" value="sun.io"/>
    <property name="java.specification.version" value="1.8"/>
    <property name="sun.cpu.isalist" value=""/>
    <property name="sun.jnu.encoding" value="UTF-8"/>
    <property name="java.class.path" value="/home/runner/work/ratis/ratis/ratis-test/target/test-classes:/home/runner/work/ratis/ratis/ratis-test/target/classes:/home/runner/work/ratis/ratis/ratis-common/target/classes:/home/runner/.m2/repository/org/apache/ratis/ratis-thirdparty-misc/1.0.0/ratis-thirdparty-misc-1.0.0.jar:/home/runner/work/ratis/ratis/ratis-proto/target/ratis-proto-3.0.0-SNAPSHOT.jar:/home/runner/work/ratis/ratis/ratis-common/target/test-classes:/home/runner/work/ratis/ratis/ratis-client/target/classes:/home/runner/work/ratis/ratis/ratis-server/target/classes:/home/runner/work/ratis/ratis/ratis-server-api/target/classes:/home/runner/work/ratis/ratis/ratis-metrics/target/classes:/home/runner/work/ratis/ratis/ratis-server/target/test-classes:/home/runner/work/ratis/ratis/ratis-netty/target/classes:/home/runner/work/ratis/ratis/ratis-netty/target/test-classes:/home/runner/work/ratis/ratis/ratis-grpc/target/classes:/home/runner/work/ratis/ratis/ratis-grpc/target/test-classes:/home/runner/.m2/repository/org/slf4j/slf4j-api/1.7.29/slf4j-api-1.7.29.jar:/home/runner/.m2/repository/org/slf4j/slf4j-log4j12/1.7.29/slf4j-log4j12-1.7.29.jar:/home/runner/.m2/repository/log4j/log4j/1.2.17/log4j-1.2.17.jar:/home/runner/.m2/repository/junit/junit/4.13.2/junit-4.13.2.jar:/home/runner/.m2/repository/org/hamcrest/hamcrest-core/1.3/hamcrest-core-1.3.jar:/home/runner/.m2/repository/org/mockito/mockito-core/4.3.1/mockito-core-4.3.1.jar:/home/runner/.m2/repository/net/bytebuddy/byte-buddy/1.12.7/byte-buddy-1.12.7.jar:/home/runner/.m2/repository/net/bytebuddy/byte-buddy-agent/1.12.7/byte-buddy-agent-1.12.7.jar:/home/runner/.m2/repository/org/objenesis/objenesis/3.2/objenesis-3.2.jar:/home/runner/.m2/repository/io/dropwizard/metrics/metrics-jvm/3.2.5/metrics-jvm-3.2.5.jar:/home/runner/.m2/repository/io/dropwizard/metrics/metrics-core/3.2.5/metrics-core-3.2.5.jar:/home/runner/work/ratis/ratis/ratis-shell/target/classes:/home/runner/.m2/repository/commons-cli/commons-cli/1.5.0/commons-cli-1.5.0.jar:/home/runner/.m2/repository/org/reflections/reflections/0.10.2/reflections-0.10.2.jar:/home/runner/.m2/repository/org/javassist/javassist/3.28.0-GA/javassist-3.28.0-GA.jar:/home/runner/.m2/repository/com/google/code/findbugs/jsr305/3.0.2/jsr305-3.0.2.jar:"/>
    <property name="java.vm.vendor" value="Temurin"/>
    <property name="sun.arch.data.model" value="64"/>
    <property name="java.vendor.url" value="https://adoptium.net/"/>
    <property name="user.timezone" value=""/>
    <property name="java.vm.specification.version" value="1.8"/>
    <property name="os.name" value="Linux"/>
    <property name="sun.java.launcher" value="SUN_STANDARD"/>
    <property name="sun.boot.library.path" value="/usr/lib/jvm/temurin-8-jdk-amd64/jre/lib/amd64"/>
    <property name="sun.java.command" value="/home/runner/work/ratis/ratis/ratis-test/target/surefire/surefirebooter5003268272075230974.jar /home/runner/work/ratis/ratis/ratis-test/target/surefire 2022-06-06T19-46-12_042-jvmRun1 surefire5715783126889591697tmp surefire_28966403526715334341tmp"/>
    <property name="surefire.test.class.path" value="/home/runner/work/ratis/ratis/ratis-test/target/test-classes:/home/runner/work/ratis/ratis/ratis-test/target/classes:/home/runner/work/ratis/ratis/ratis-common/target/classes:/home/runner/.m2/repository/org/apache/ratis/ratis-thirdparty-misc/1.0.0/ratis-thirdparty-misc-1.0.0.jar:/home/runner/work/ratis/ratis/ratis-proto/target/ratis-proto-3.0.0-SNAPSHOT.jar:/home/runner/work/ratis/ratis/ratis-common/target/test-classes:/home/runner/work/ratis/ratis/ratis-client/target/classes:/home/runner/work/ratis/ratis/ratis-server/target/classes:/home/runner/work/ratis/ratis/ratis-server-api/target/classes:/home/runner/work/ratis/ratis/ratis-metrics/target/classes:/home/runner/work/ratis/ratis/ratis-server/target/test-classes:/home/runner/work/ratis/ratis/ratis-netty/target/classes:/home/runner/work/ratis/ratis/ratis-netty/target/test-classes:/home/runner/work/ratis/ratis/ratis-grpc/target/classes:/home/runner/work/ratis/ratis/ratis-grpc/target/test-classes:/home/runner/.m2/repository/org/slf4j/slf4j-api/1.7.29/slf4j-api-1.7.29.jar:/home/runner/.m2/repository/org/slf4j/slf4j-log4j12/1.7.29/slf4j-log4j12-1.7.29.jar:/home/runner/.m2/repository/log4j/log4j/1.2.17/log4j-1.2.17.jar:/home/runner/.m2/repository/junit/junit/4.13.2/junit-4.13.2.jar:/home/runner/.m2/repository/org/hamcrest/hamcrest-core/1.3/hamcrest-core-1.3.jar:/home/runner/.m2/repository/org/mockito/mockito-core/4.3.1/mockito-core-4.3.1.jar:/home/runner/.m2/repository/net/bytebuddy/byte-buddy/1.12.7/byte-buddy-1.12.7.jar:/home/runner/.m2/repository/net/bytebuddy/byte-buddy-agent/1.12.7/byte-buddy-agent-1.12.7.jar:/home/runner/.m2/repository/org/objenesis/objenesis/3.2/objenesis-3.2.jar:/home/runner/.m2/repository/io/dropwizard/metrics/metrics-jvm/3.2.5/metrics-jvm-3.2.5.jar:/home/runner/.m2/repository/io/dropwizard/metrics/metrics-core/3.2.5/metrics-core-3.2.5.jar:/home/runner/work/ratis/ratis/ratis-shell/target/classes:/home/runner/.m2/repository/commons-cli/commons-cli/1.5.0/commons-cli-1.5.0.jar:/home/runner/.m2/repository/org/reflections/reflections/0.10.2/reflections-0.10.2.jar:/home/runner/.m2/repository/org/javassist/javassist/3.28.0-GA/javassist-3.28.0-GA.jar:/home/runner/.m2/repository/com/google/code/findbugs/jsr305/3.0.2/jsr305-3.0.2.jar:"/>
    <property name="sun.cpu.endian" value="little"/>
    <property name="user.home" value="/home/runner"/>
    <property name="user.language" value="en"/>
    <property name="java.specification.vendor" value="Oracle Corporation"/>
    <property name="java.home" value="/usr/lib/jvm/temurin-8-jdk-amd64/jre"/>
    <property name="basedir" value="/home/runner/work/ratis/ratis/ratis-test"/>
    <property name="file.separator" value="/"/>
    <property name="line.separator" value="&#10;"/>
    <property name="java.vm.specification.vendor" value="Oracle Corporation"/>
    <property name="java.specification.name" value="Java Platform API Specification"/>
    <property name="java.awt.graphicsenv" value="sun.awt.X11GraphicsEnvironment"/>
    <property name="surefire.real.class.path" value="/home/runner/work/ratis/ratis/ratis-test/target/surefire/surefirebooter5003268272075230974.jar"/>
    <property name="sun.boot.class.path" value="/usr/lib/jvm/temurin-8-jdk-amd64/jre/lib/resources.jar:/usr/lib/jvm/temurin-8-jdk-amd64/jre/lib/rt.jar:/usr/lib/jvm/temurin-8-jdk-amd64/jre/lib/sunrsasign.jar:/usr/lib/jvm/temurin-8-jdk-amd64/jre/lib/jsse.jar:/usr/lib/jvm/temurin-8-jdk-amd64/jre/lib/jce.jar:/usr/lib/jvm/temurin-8-jdk-amd64/jre/lib/charsets.jar:/usr/lib/jvm/temurin-8-jdk-amd64/jre/lib/jfr.jar:/usr/lib/jvm/temurin-8-jdk-amd64/jre/classes"/>
    <property name="sun.management.compiler" value="HotSpot 64-Bit Tiered Compilers"/>
    <property name="java.runtime.version" value="1.8.0_332-b09"/>
    <property name="java.net.preferIPv4Stack" value="true"/>
    <property name="user.name" value="runner"/>
    <property name="path.separator" value=":"/>
    <property name="os.version" value="5.4.0-1080-azure"/>
    <property name="java.endorsed.dirs" value="/usr/lib/jvm/temurin-8-jdk-amd64/jre/lib/endorsed"/>
    <property name="java.runtime.name" value="OpenJDK Runtime Environment"/>
    <property name="file.encoding" value="UTF-8"/>
    <property name="java.vm.name" value="OpenJDK 64-Bit Server VM"/>
    <property name="localRepository" value="/home/runner/.m2/repository"/>
    <property name="java.vendor.url.bug" value="https://github.com/adoptium/adoptium-support/issues"/>
    <property name="java.io.tmpdir" value="/tmp"/>
    <property name="java.version" value="1.8.0_332"/>
    <property name="user.dir" value="/home/runner/work/ratis/ratis/ratis-test"/>
    <property name="os.arch" value="amd64"/>
    <property name="ratis.tmp.dir" value="/home/runner/work/ratis/ratis/ratis-test/target/tmp"/>
    <property name="java.vm.specification.name" value="Java Virtual Machine Specification"/>
    <property name="java.awt.printerjob" value="sun.print.PSPrinterJob"/>
    <property name="ratis.log.dir" value="/home/runner/work/ratis/ratis/ratis-test/target/log"/>
    <property name="sun.os.patch.level" value="unknown"/>
    <property name="java.library.path" value="/usr/java/packages/lib/amd64:/usr/lib64:/lib64:/lib:/usr/lib"/>
    <property name="java.vm.info" value="mixed mode"/>
    <property name="java.vendor" value="Temurin"/>
    <property name="java.vm.version" value="25.332-b09"/>
    <property name="java.ext.dirs" value="/usr/lib/jvm/temurin-8-jdk-amd64/jre/lib/ext:/usr/java/packages/lib/ext"/>
    <property name="sun.io.unicode.encoding" value="UnicodeLittle"/>
    <property name="java.class.version" value="52.0"/>
  </properties>
  <testcase name="testRaftClientMetrics" classname="org.apache.ratis.grpc.TestRaftServerWithGrpc" time="1.799">
    <failure type="java.lang.AssertionError">java.lang.AssertionError
	at org.junit.Assert.fail(Assert.java:87)
	at org.junit.Assert.assertTrue(Assert.java:42)
	at org.junit.Assert.assertTrue(Assert.java:53)
	at org.apache.ratis.grpc.TestRaftServerWithGrpc.testRaftClientRequestMetrics(TestRaftServerWithGrpc.java:306)
	at org.apache.ratis.server.impl.MiniRaftCluster$Factory$Get.runWithNewCluster(MiniRaftCluster.java:125)
	at org.apache.ratis.server.impl.MiniRaftCluster$Factory$Get.runWithNewCluster(MiniRaftCluster.java:113)
	at org.apache.ratis.grpc.TestRaftServerWithGrpc.testRaftClientMetrics(TestRaftServerWithGrpc.java:205)
	at sun.reflect.NativeMethodAccessorImpl.invoke0(Native Method)
	at sun.reflect.NativeMethodAccessorImpl.invoke(NativeMethodAccessorImpl.java:62)
	at sun.reflect.DelegatingMethodAccessorImpl.invoke(DelegatingMethodAccessorImpl.java:43)
	at java.lang.reflect.Method.invoke(Method.java:498)
	at org.junit.runners.model.FrameworkMethod$1.runReflectiveCall(FrameworkMethod.java:59)
	at org.junit.internal.runners.model.ReflectiveCallable.run(ReflectiveCallable.java:12)
	at org.junit.runners.model.FrameworkMethod.invokeExplosively(FrameworkMethod.java:56)
	at org.junit.internal.runners.statements.InvokeMethod.evaluate(InvokeMethod.java:17)
	at org.junit.internal.runners.statements.RunBefores.evaluate(RunBefores.java:26)
	at org.junit.internal.runners.statements.RunAfters.evaluate(RunAfters.java:27)
	at org.junit.internal.runners.statements.FailOnTimeout$CallableStatement.call(FailOnTimeout.java:299)
	at org.junit.internal.runners.statements.FailOnTimeout$CallableStatement.call(FailOnTimeout.java:293)
	at java.util.concurrent.FutureTask.run(FutureTask.java:266)
	at java.lang.Thread.run(Thread.java:750)
</failure>
    <system-out><![CDATA[2022-06-06 19:54:12,629 [main] INFO  util.LogUtils (Log4jUtils.java:setLogLevel(32)) - Set org.apache.ratis.conf.ConfUtils log level to WARN
2022-06-06 19:54:12,632 [main] INFO  util.LogUtils (Log4jUtils.java:setLogLevel(32)) - Set org.apache.ratis.util.FileUtils log level to TRACE
2022-06-06 19:54:12,636 [main] INFO  util.LogUtils (Log4jUtils.java:setLogLevel(32)) - Set org.apache.ratis.grpc.client.GrpcClientProtocolClient log level to ALL
2022-06-06 19:54:12,647 [Time-limited test] INFO  impl.MiniRaftCluster (MiniRaftCluster.java:runWithNewCluster(119)) - Running runWithNewCluster
2022-06-06 19:54:12,698 [Time-limited test] INFO  impl.MiniRaftCluster (MiniRaftCluster.java:<init>(272)) - new MiniRaftClusterWithGrpc with group-15F04F754428:[s0|rpc:localhost:34429|admin:localhost:39091|client:localhost:45841|dataStream:localhost:42425|priority:0, s1|rpc:localhost:43311|admin:localhost:42935|client:localhost:45423|dataStream:localhost:45327|priority:0, s2|rpc:localhost:36669|admin:localhost:34421|client:localhost:32999|dataStream:localhost:44651|priority:0]
2022-06-06 19:54:12,698 [Time-limited test] INFO  impl.MiniRaftCluster (MiniRaftCluster.java:start(315)) - .............................................................. 
2022-06-06 19:54:12,698 [Time-limited test] INFO  impl.MiniRaftCluster (MiniRaftCluster.java:start(316)) - ... 
2022-06-06 19:54:12,699 [Time-limited test] INFO  impl.MiniRaftCluster (MiniRaftCluster.java:start(317)) - ...     Starting MiniRaftClusterWithGrpc
2022-06-06 19:54:12,699 [Time-limited test] INFO  impl.MiniRaftCluster (MiniRaftCluster.java:start(318)) - ... 
2022-06-06 19:54:12,699 [Time-limited test] INFO  impl.MiniRaftCluster (MiniRaftCluster.java:start(319)) - .............................................................. 
2022-06-06 19:54:12,700 [Time-limited test] INFO  impl.MiniRaftCluster (MiniRaftCluster.java:initServers(284)) - servers = {}
2022-06-06 19:54:12,711 [Time-limited test] INFO  impl.MiniRaftCluster (MiniRaftCluster.java:newRaftServer(358)) - newRaftServer: s0, group-15F04F754428:[s0|rpc:localhost:34429|admin:localhost:39091|client:localhost:45841|dataStream:localhost:42425|priority:0, s1|rpc:localhost:43311|admin:localhost:42935|client:localhost:45423|dataStream:localhost:45327|priority:0, s2|rpc:localhost:36669|admin:localhost:34421|client:localhost:32999|dataStream:localhost:44651|priority:0], format? true
2022-06-06 19:54:12,714 [Time-limited test] TRACE util.FileUtils (FileUtils.java:deleteFully(162)) - deleteFully target/test/data/6188d371/MiniRaftClusterWithGrpca181d7c0/s0
2022-06-06 19:54:12,717 [Time-limited test] TRACE util.FileUtils (FileUtils.java:deleteFully(178)) - deleteFully: target/test/data/6188d371/MiniRaftClusterWithGrpca181d7c0/s0 does not exist.
2022-06-06 19:54:12,717 [Time-limited test] INFO  impl.MiniRaftCluster (MiniRaftCluster.java:newRaftServer(363)) - Formatted directory target/test/data/6188d371/MiniRaftClusterWithGrpca181d7c0/s0
2022-06-06 19:54:12,743 [Time-limited test] INFO  server.RaftServer (ConfUtils.java:logGet(46)) - raft.rpc.type = GRPC (default)
2022-06-06 19:54:12,793 [Time-limited test] INFO  grpc.GrpcFactory (GrpcFactory.java:checkPooledByteBufAllocatorUseCacheForAllThreads(48)) - PERFORMANCE WARNING: useCacheForAllThreads is true that may cause Netty to create a lot garbage objects and, as a result, trigger GC.
	It is recommended to disable useCacheForAllThreads by setting -Dorg.apache.ratis.thirdparty.io.netty.allocator.useCacheForAllThreads=false in command line.
2022-06-06 19:54:12,796 [Time-limited test] INFO  grpc.GrpcConfigKeys (ConfUtils.java:logGet(46)) - raft.grpc.admin.port = 39091 (custom)
2022-06-06 19:54:12,796 [Time-limited test] INFO  grpc.GrpcConfigKeys (ConfUtils.java:logGet(46)) - raft.grpc.client.port = 45841 (custom)
2022-06-06 19:54:12,797 [Time-limited test] INFO  grpc.GrpcConfigKeys (ConfUtils.java:logGet(46)) - raft.grpc.server.port = 34429 (custom)
2022-06-06 19:54:12,797 [Time-limited test] INFO  server.GrpcService (ConfUtils.java:logGet(46)) - raft.grpc.message.size.max = 64MB (=67108864) (default)
2022-06-06 19:54:12,799 [Time-limited test] INFO  server.RaftServerConfigKeys (ConfUtils.java:logGet(46)) - raft.server.log.appender.buffer.byte-limit = 4MB (=4194304) (default)
2022-06-06 19:54:12,800 [Time-limited test] INFO  server.GrpcService (ConfUtils.java:logGet(46)) - raft.grpc.flow.control.window = 1MB (=1048576) (default)
2022-06-06 19:54:12,801 [Time-limited test] INFO  server.RaftServerConfigKeys (ConfUtils.java:logGet(46)) - raft.server.rpc.request.timeout = 3000ms (default)
2022-06-06 19:54:12,821 [Time-limited test] INFO  grpc.GrpcConfigKeys (ConfUtils.java:logGet(46)) - raft.grpc.server.async.request.thread.pool.cached = true (default)
2022-06-06 19:54:12,821 [Time-limited test] INFO  grpc.GrpcConfigKeys (ConfUtils.java:logGet(46)) - raft.grpc.server.async.request.thread.pool.size = 32 (default)
2022-06-06 19:54:12,988 [Time-limited test] INFO  impl.DataStreamServerImpl (ConfUtils.java:logGet(46)) - raft.datastream.type = DISABLED (default)
2022-06-06 19:54:12,990 [Time-limited test] INFO  server.RaftServerConfigKeys (ConfUtils.java:logGet(46)) - raft.server.threadpool.proxy.cached = true (default)
2022-06-06 19:54:12,991 [Time-limited test] INFO  server.RaftServerConfigKeys (ConfUtils.java:logGet(46)) - raft.server.threadpool.proxy.size = 0 (default)
2022-06-06 19:54:12,991 [Time-limited test] INFO  server.RaftServerConfigKeys (ConfUtils.java:logGet(46)) - raft.server.rpc.slowness.timeout = 60s (default)
2022-06-06 19:54:12,991 [Time-limited test] INFO  server.RaftServerConfigKeys (ConfUtils.java:logGet(46)) - raft.server.leaderelection.leader.step-down.wait-time = 10s (default)
2022-06-06 19:54:12,994 [Time-limited test] INFO  server.RaftServerConfigKeys (ConfUtils.java:logGet(46)) - raft.server.storage.dir = [/home/runner/work/ratis/ratis/ratis-test/target/test/data/6188d371/MiniRaftClusterWithGrpca181d7c0/s0] (custom)
2022-06-06 19:54:13,006 [Time-limited test] INFO  server.RaftServer (RaftServerProxy.java:addNew(96)) - s0: addNew group-15F04F754428:[s0|rpc:localhost:34429|admin:localhost:39091|client:localhost:45841|dataStream:localhost:42425|priority:0, s1|rpc:localhost:43311|admin:localhost:42935|client:localhost:45423|dataStream:localhost:45327|priority:0, s2|rpc:localhost:36669|admin:localhost:34421|client:localhost:32999|dataStream:localhost:44651|priority:0] returns group-15F04F754428:java.util.concurrent.CompletableFuture@3df066a[Not completed]
2022-06-06 19:54:13,007 [Time-limited test] INFO  impl.MiniRaftCluster (MiniRaftCluster.java:newRaftServer(358)) - newRaftServer: s1, group-15F04F754428:[s0|rpc:localhost:34429|admin:localhost:39091|client:localhost:45841|dataStream:localhost:42425|priority:0, s1|rpc:localhost:43311|admin:localhost:42935|client:localhost:45423|dataStream:localhost:45327|priority:0, s2|rpc:localhost:36669|admin:localhost:34421|client:localhost:32999|dataStream:localhost:44651|priority:0], format? true
2022-06-06 19:54:13,007 [Time-limited test] TRACE util.FileUtils (FileUtils.java:deleteFully(162)) - deleteFully target/test/data/6188d371/MiniRaftClusterWithGrpca181d7c0/s1
2022-06-06 19:54:13,007 [Time-limited test] TRACE util.FileUtils (FileUtils.java:deleteFully(178)) - deleteFully: target/test/data/6188d371/MiniRaftClusterWithGrpca181d7c0/s1 does not exist.
2022-06-06 19:54:13,008 [Time-limited test] INFO  impl.MiniRaftCluster (MiniRaftCluster.java:newRaftServer(363)) - Formatted directory target/test/data/6188d371/MiniRaftClusterWithGrpca181d7c0/s1
2022-06-06 19:54:13,008 [Time-limited test] INFO  server.RaftServer (ConfUtils.java:logGet(46)) - raft.rpc.type = GRPC (default)
2022-06-06 19:54:13,008 [Time-limited test] INFO  grpc.GrpcFactory (GrpcFactory.java:checkPooledByteBufAllocatorUseCacheForAllThreads(48)) - PERFORMANCE WARNING: useCacheForAllThreads is true that may cause Netty to create a lot garbage objects and, as a result, trigger GC.
	It is recommended to disable useCacheForAllThreads by setting -Dorg.apache.ratis.thirdparty.io.netty.allocator.useCacheForAllThreads=false in command line.
2022-06-06 19:54:13,008 [Time-limited test] INFO  grpc.GrpcConfigKeys (ConfUtils.java:logGet(46)) - raft.grpc.admin.port = 42935 (custom)
2022-06-06 19:54:13,008 [Time-limited test] INFO  grpc.GrpcConfigKeys (ConfUtils.java:logGet(46)) - raft.grpc.client.port = 45423 (custom)
2022-06-06 19:54:13,009 [Time-limited test] INFO  grpc.GrpcConfigKeys (ConfUtils.java:logGet(46)) - raft.grpc.server.port = 43311 (custom)
2022-06-06 19:54:13,009 [Time-limited test] INFO  server.GrpcService (ConfUtils.java:logGet(46)) - raft.grpc.message.size.max = 64MB (=67108864) (default)
2022-06-06 19:54:13,009 [Time-limited test] INFO  server.RaftServerConfigKeys (ConfUtils.java:logGet(46)) - raft.server.log.appender.buffer.byte-limit = 4MB (=4194304) (default)
2022-06-06 19:54:13,009 [Time-limited test] INFO  server.GrpcService (ConfUtils.java:logGet(46)) - raft.grpc.flow.control.window = 1MB (=1048576) (default)
2022-06-06 19:54:13,009 [Time-limited test] INFO  server.RaftServerConfigKeys (ConfUtils.java:logGet(46)) - raft.server.rpc.request.timeout = 3000ms (default)
2022-06-06 19:54:13,009 [Time-limited test] INFO  grpc.GrpcConfigKeys (ConfUtils.java:logGet(46)) - raft.grpc.server.async.request.thread.pool.cached = true (default)
2022-06-06 19:54:13,010 [Time-limited test] INFO  grpc.GrpcConfigKeys (ConfUtils.java:logGet(46)) - raft.grpc.server.async.request.thread.pool.size = 32 (default)
2022-06-06 19:54:13,016 [Time-limited test] INFO  impl.DataStreamServerImpl (ConfUtils.java:logGet(46)) - raft.datastream.type = DISABLED (default)
2022-06-06 19:54:13,016 [Time-limited test] INFO  server.RaftServerConfigKeys (ConfUtils.java:logGet(46)) - raft.server.threadpool.proxy.cached = true (default)
2022-06-06 19:54:13,016 [Time-limited test] INFO  server.RaftServerConfigKeys (ConfUtils.java:logGet(46)) - raft.server.threadpool.proxy.size = 0 (default)
2022-06-06 19:54:13,017 [Time-limited test] INFO  server.RaftServerConfigKeys (ConfUtils.java:logGet(46)) - raft.server.rpc.slowness.timeout = 60s (default)
2022-06-06 19:54:13,017 [Time-limited test] INFO  server.RaftServerConfigKeys (ConfUtils.java:logGet(46)) - raft.server.leaderelection.leader.step-down.wait-time = 10s (default)
2022-06-06 19:54:13,017 [Time-limited test] INFO  server.RaftServerConfigKeys (ConfUtils.java:logGet(46)) - raft.server.storage.dir = [/home/runner/work/ratis/ratis/ratis-test/target/test/data/6188d371/MiniRaftClusterWithGrpca181d7c0/s1] (custom)
2022-06-06 19:54:13,022 [pool-1-thread-1] INFO  server.RaftServerConfigKeys (ConfUtils.java:logGet(46)) - raft.server.log.segment.size.max = 8MB (=8388608) (default)
2022-06-06 19:54:13,022 [pool-1-thread-1] INFO  server.RaftServerConfigKeys (ConfUtils.java:logGet(46)) - raft.server.log.preallocated.size = 4MB (=4194304) (default)
2022-06-06 19:54:13,023 [pool-1-thread-1] INFO  server.RaftServerConfigKeys (ConfUtils.java:logGet(46)) - raft.server.log.write.buffer.size = 64KB (=65536) (default)
2022-06-06 19:54:13,024 [Time-limited test] INFO  server.RaftServer (RaftServerProxy.java:addNew(96)) - s1: addNew group-15F04F754428:[s0|rpc:localhost:34429|admin:localhost:39091|client:localhost:45841|dataStream:localhost:42425|priority:0, s1|rpc:localhost:43311|admin:localhost:42935|client:localhost:45423|dataStream:localhost:45327|priority:0, s2|rpc:localhost:36669|admin:localhost:34421|client:localhost:32999|dataStream:localhost:44651|priority:0] returns group-15F04F754428:java.util.concurrent.CompletableFuture@28407a6f[Not completed]
2022-06-06 19:54:13,024 [Time-limited test] INFO  impl.MiniRaftCluster (MiniRaftCluster.java:newRaftServer(358)) - newRaftServer: s2, group-15F04F754428:[s0|rpc:localhost:34429|admin:localhost:39091|client:localhost:45841|dataStream:localhost:42425|priority:0, s1|rpc:localhost:43311|admin:localhost:42935|client:localhost:45423|dataStream:localhost:45327|priority:0, s2|rpc:localhost:36669|admin:localhost:34421|client:localhost:32999|dataStream:localhost:44651|priority:0], format? true
2022-06-06 19:54:13,024 [Time-limited test] TRACE util.FileUtils (FileUtils.java:deleteFully(162)) - deleteFully target/test/data/6188d371/MiniRaftClusterWithGrpca181d7c0/s2
2022-06-06 19:54:13,025 [Time-limited test] TRACE util.FileUtils (FileUtils.java:deleteFully(178)) - deleteFully: target/test/data/6188d371/MiniRaftClusterWithGrpca181d7c0/s2 does not exist.
2022-06-06 19:54:13,025 [Time-limited test] INFO  impl.MiniRaftCluster (MiniRaftCluster.java:newRaftServer(363)) - Formatted directory target/test/data/6188d371/MiniRaftClusterWithGrpca181d7c0/s2
2022-06-06 19:54:13,025 [Time-limited test] INFO  server.RaftServer (ConfUtils.java:logGet(46)) - raft.rpc.type = GRPC (default)
2022-06-06 19:54:13,025 [Time-limited test] INFO  grpc.GrpcFactory (GrpcFactory.java:checkPooledByteBufAllocatorUseCacheForAllThreads(48)) - PERFORMANCE WARNING: useCacheForAllThreads is true that may cause Netty to create a lot garbage objects and, as a result, trigger GC.
	It is recommended to disable useCacheForAllThreads by setting -Dorg.apache.ratis.thirdparty.io.netty.allocator.useCacheForAllThreads=false in command line.
2022-06-06 19:54:13,025 [Time-limited test] INFO  grpc.GrpcConfigKeys (ConfUtils.java:logGet(46)) - raft.grpc.admin.port = 34421 (custom)
2022-06-06 19:54:13,026 [Time-limited test] INFO  grpc.GrpcConfigKeys (ConfUtils.java:logGet(46)) - raft.grpc.client.port = 32999 (custom)
2022-06-06 19:54:13,026 [Time-limited test] INFO  grpc.GrpcConfigKeys (ConfUtils.java:logGet(46)) - raft.grpc.server.port = 36669 (custom)
2022-06-06 19:54:13,026 [Time-limited test] INFO  server.GrpcService (ConfUtils.java:logGet(46)) - raft.grpc.message.size.max = 64MB (=67108864) (default)
2022-06-06 19:54:13,026 [Time-limited test] INFO  server.RaftServerConfigKeys (ConfUtils.java:logGet(46)) - raft.server.log.appender.buffer.byte-limit = 4MB (=4194304) (default)
2022-06-06 19:54:13,026 [Time-limited test] INFO  server.GrpcService (ConfUtils.java:logGet(46)) - raft.grpc.flow.control.window = 1MB (=1048576) (default)
2022-06-06 19:54:13,026 [Time-limited test] INFO  server.RaftServerConfigKeys (ConfUtils.java:logGet(46)) - raft.server.rpc.request.timeout = 3000ms (default)
2022-06-06 19:54:13,026 [Time-limited test] INFO  grpc.GrpcConfigKeys (ConfUtils.java:logGet(46)) - raft.grpc.server.async.request.thread.pool.cached = true (default)
2022-06-06 19:54:13,027 [Time-limited test] INFO  grpc.GrpcConfigKeys (ConfUtils.java:logGet(46)) - raft.grpc.server.async.request.thread.pool.size = 32 (default)
2022-06-06 19:54:13,028 [Time-limited test] INFO  impl.DataStreamServerImpl (ConfUtils.java:logGet(46)) - raft.datastream.type = DISABLED (default)
2022-06-06 19:54:13,028 [Time-limited test] INFO  server.RaftServerConfigKeys (ConfUtils.java:logGet(46)) - raft.server.threadpool.proxy.cached = true (default)
2022-06-06 19:54:13,028 [Time-limited test] INFO  server.RaftServerConfigKeys (ConfUtils.java:logGet(46)) - raft.server.threadpool.proxy.size = 0 (default)
2022-06-06 19:54:13,028 [Time-limited test] INFO  server.RaftServerConfigKeys (ConfUtils.java:logGet(46)) - raft.server.rpc.slowness.timeout = 60s (default)
2022-06-06 19:54:13,029 [pool-1-thread-1] INFO  server.RaftServer$Division (RaftServerImpl.java:<init>(190)) - s0: new RaftServerImpl for group-15F04F754428:[s0|rpc:localhost:34429|admin:localhost:39091|client:localhost:45841|dataStream:localhost:42425|priority:0, s1|rpc:localhost:43311|admin:localhost:42935|client:localhost:45423|dataStream:localhost:45327|priority:0, s2|rpc:localhost:36669|admin:localhost:34421|client:localhost:32999|dataStream:localhost:44651|priority:0] with SimpleStateMachine4Testing:uninitialized
2022-06-06 19:54:13,031 [pool-1-thread-1] INFO  server.RaftServerConfigKeys (ConfUtils.java:logGet(46)) - raft.server.rpc.timeout.min = 150ms (default)
2022-06-06 19:54:13,031 [pool-1-thread-1] INFO  server.RaftServerConfigKeys (ConfUtils.java:logGet(46)) - raft.server.rpc.timeout.max = 300ms (default)
2022-06-06 19:54:13,031 [pool-1-thread-1] INFO  server.RaftServerConfigKeys (ConfUtils.java:logGet(46)) - raft.server.rpc.sleep.time = 25ms (default)
2022-06-06 19:54:13,031 [pool-1-thread-1] INFO  server.RaftServerConfigKeys (ConfUtils.java:logGet(46)) - raft.server.rpc.slowness.timeout = 60s (default)
2022-06-06 19:54:13,031 [pool-1-thread-1] INFO  server.RaftServerConfigKeys (ConfUtils.java:logGet(46)) - raft.server.leaderelection.leader.step-down.wait-time = 10s (default)
2022-06-06 19:54:13,031 [pool-1-thread-1] INFO  server.RaftServerConfigKeys (ConfUtils.java:logGet(46)) - raft.server.sleep.deviation.threshold = 300ms (default)
2022-06-06 19:54:13,034 [Time-limited test] INFO  server.RaftServerConfigKeys (ConfUtils.java:logGet(46)) - raft.server.leaderelection.leader.step-down.wait-time = 10s (default)
2022-06-06 19:54:13,034 [Time-limited test] INFO  server.RaftServerConfigKeys (ConfUtils.java:logGet(46)) - raft.server.storage.dir = [/home/runner/work/ratis/ratis/ratis-test/target/test/data/6188d371/MiniRaftClusterWithGrpca181d7c0/s2] (custom)
2022-06-06 19:54:13,035 [pool-2-thread-1] INFO  server.RaftServerConfigKeys (ConfUtils.java:logGet(46)) - raft.server.log.segment.size.max = 8MB (=8388608) (default)
2022-06-06 19:54:13,035 [pool-2-thread-1] INFO  server.RaftServerConfigKeys (ConfUtils.java:logGet(46)) - raft.server.log.preallocated.size = 4MB (=4194304) (default)
2022-06-06 19:54:13,035 [pool-2-thread-1] INFO  server.RaftServerConfigKeys (ConfUtils.java:logGet(46)) - raft.server.log.write.buffer.size = 64KB (=65536) (default)
2022-06-06 19:54:13,038 [pool-1-thread-1] INFO  server.RaftServer$Division (ServerState.java:<init>(107)) - s0@group-15F04F754428: ConfigurationManager, init=-1: [s0|rpc:localhost:34429|admin:localhost:39091|client:localhost:45841|dataStream:localhost:42425|priority:0, s1|rpc:localhost:43311|admin:localhost:42935|client:localhost:45423|dataStream:localhost:45327|priority:0, s2|rpc:localhost:36669|admin:localhost:34421|client:localhost:32999|dataStream:localhost:44651|priority:0], old=null, confs=<EMPTY_MAP>
2022-06-06 19:54:13,038 [pool-1-thread-1] INFO  server.RaftServerConfigKeys (ConfUtils.java:logGet(46)) - raft.server.storage.dir = [/home/runner/work/ratis/ratis/ratis-test/target/test/data/6188d371/MiniRaftClusterWithGrpca181d7c0/s0] (custom)
2022-06-06 19:54:13,039 [pool-2-thread-1] INFO  server.RaftServer$Division (RaftServerImpl.java:<init>(190)) - s1: new RaftServerImpl for group-15F04F754428:[s0|rpc:localhost:34429|admin:localhost:39091|client:localhost:45841|dataStream:localhost:42425|priority:0, s1|rpc:localhost:43311|admin:localhost:42935|client:localhost:45423|dataStream:localhost:45327|priority:0, s2|rpc:localhost:36669|admin:localhost:34421|client:localhost:32999|dataStream:localhost:44651|priority:0] with SimpleStateMachine4Testing:uninitialized
2022-06-06 19:54:13,039 [pool-2-thread-1] INFO  server.RaftServerConfigKeys (ConfUtils.java:logGet(46)) - raft.server.rpc.timeout.min = 150ms (default)
2022-06-06 19:54:13,039 [pool-2-thread-1] INFO  server.RaftServerConfigKeys (ConfUtils.java:logGet(46)) - raft.server.rpc.timeout.max = 300ms (default)
2022-06-06 19:54:13,039 [pool-2-thread-1] INFO  server.RaftServerConfigKeys (ConfUtils.java:logGet(46)) - raft.server.rpc.sleep.time = 25ms (default)
2022-06-06 19:54:13,039 [pool-2-thread-1] INFO  server.RaftServerConfigKeys (ConfUtils.java:logGet(46)) - raft.server.rpc.slowness.timeout = 60s (default)
2022-06-06 19:54:13,039 [pool-2-thread-1] INFO  server.RaftServerConfigKeys (ConfUtils.java:logGet(46)) - raft.server.leaderelection.leader.step-down.wait-time = 10s (default)
2022-06-06 19:54:13,039 [pool-2-thread-1] INFO  server.RaftServerConfigKeys (ConfUtils.java:logGet(46)) - raft.server.sleep.deviation.threshold = 300ms (default)
2022-06-06 19:54:13,039 [pool-2-thread-1] INFO  server.RaftServer$Division (ServerState.java:<init>(107)) - s1@group-15F04F754428: ConfigurationManager, init=-1: [s0|rpc:localhost:34429|admin:localhost:39091|client:localhost:45841|dataStream:localhost:42425|priority:0, s1|rpc:localhost:43311|admin:localhost:42935|client:localhost:45423|dataStream:localhost:45327|priority:0, s2|rpc:localhost:36669|admin:localhost:34421|client:localhost:32999|dataStream:localhost:44651|priority:0], old=null, confs=<EMPTY_MAP>
2022-06-06 19:54:13,040 [pool-2-thread-1] INFO  server.RaftServerConfigKeys (ConfUtils.java:logGet(46)) - raft.server.storage.dir = [/home/runner/work/ratis/ratis/ratis-test/target/test/data/6188d371/MiniRaftClusterWithGrpca181d7c0/s1] (custom)
2022-06-06 19:54:13,043 [pool-2-thread-1] INFO  server.RaftServerConfigKeys (ConfUtils.java:logGet(46)) - raft.server.log.corruption.policy = EXCEPTION (default)
2022-06-06 19:54:13,043 [pool-2-thread-1] INFO  server.RaftServerConfigKeys (ConfUtils.java:logGet(46)) - raft.server.storage.free-space.min = 0MB (=0) (default)
2022-06-06 19:54:13,044 [pool-1-thread-1] INFO  server.RaftServerConfigKeys (ConfUtils.java:logGet(46)) - raft.server.log.corruption.policy = EXCEPTION (default)
2022-06-06 19:54:13,044 [pool-1-thread-1] INFO  server.RaftServerConfigKeys (ConfUtils.java:logGet(46)) - raft.server.storage.free-space.min = 0MB (=0) (default)
2022-06-06 19:54:13,045 [pool-2-thread-1] INFO  storage.RaftStorageDirectory (RaftStorageDirectoryImpl.java:analyzeStorage(135)) - The storage directory /home/runner/work/ratis/ratis/ratis-test/target/test/data/6188d371/MiniRaftClusterWithGrpca181d7c0/s1/88edd597-e827-4a64-9f9e-15f04f754428 does not exist. Creating ...
2022-06-06 19:54:13,046 [pool-2-thread-1] TRACE util.FileUtils (LogUtils.java:runAndLog(49)) - Successfully ran Files.createDirectories /home/runner/work/ratis/ratis/ratis-test/target/test/data/6188d371/MiniRaftClusterWithGrpca181d7c0/s1/88edd597-e827-4a64-9f9e-15f04f754428
2022-06-06 19:54:13,048 [pool-1-thread-1] INFO  storage.RaftStorageDirectory (RaftStorageDirectoryImpl.java:analyzeStorage(135)) - The storage directory /home/runner/work/ratis/ratis/ratis-test/target/test/data/6188d371/MiniRaftClusterWithGrpca181d7c0/s0/88edd597-e827-4a64-9f9e-15f04f754428 does not exist. Creating ...
2022-06-06 19:54:13,049 [pool-1-thread-1] TRACE util.FileUtils (LogUtils.java:runAndLog(49)) - Successfully ran Files.createDirectories /home/runner/work/ratis/ratis/ratis-test/target/test/data/6188d371/MiniRaftClusterWithGrpca181d7c0/s0/88edd597-e827-4a64-9f9e-15f04f754428
2022-06-06 19:54:13,049 [Time-limited test] INFO  server.RaftServer (RaftServerProxy.java:addNew(96)) - s2: addNew group-15F04F754428:[s0|rpc:localhost:34429|admin:localhost:39091|client:localhost:45841|dataStream:localhost:42425|priority:0, s1|rpc:localhost:43311|admin:localhost:42935|client:localhost:45423|dataStream:localhost:45327|priority:0, s2|rpc:localhost:36669|admin:localhost:34421|client:localhost:32999|dataStream:localhost:44651|priority:0] returns group-15F04F754428:java.util.concurrent.CompletableFuture@3ab35e60[Not completed]
2022-06-06 19:54:13,050 [pool-3-thread-1] INFO  server.RaftServerConfigKeys (ConfUtils.java:logGet(46)) - raft.server.log.segment.size.max = 8MB (=8388608) (default)
2022-06-06 19:54:13,050 [pool-3-thread-1] INFO  server.RaftServerConfigKeys (ConfUtils.java:logGet(46)) - raft.server.log.preallocated.size = 4MB (=4194304) (default)
2022-06-06 19:54:13,050 [pool-3-thread-1] INFO  server.RaftServerConfigKeys (ConfUtils.java:logGet(46)) - raft.server.log.write.buffer.size = 64KB (=65536) (default)
2022-06-06 19:54:13,050 [pool-3-thread-1] INFO  server.RaftServer$Division (RaftServerImpl.java:<init>(190)) - s2: new RaftServerImpl for group-15F04F754428:[s0|rpc:localhost:34429|admin:localhost:39091|client:localhost:45841|dataStream:localhost:42425|priority:0, s1|rpc:localhost:43311|admin:localhost:42935|client:localhost:45423|dataStream:localhost:45327|priority:0, s2|rpc:localhost:36669|admin:localhost:34421|client:localhost:32999|dataStream:localhost:44651|priority:0] with SimpleStateMachine4Testing:uninitialized
2022-06-06 19:54:13,050 [pool-1-thread-1] INFO  storage.RaftStorageDirectory (RaftStorageDirectoryImpl.java:tryLock(230)) - Lock on /home/runner/work/ratis/ratis/ratis-test/target/test/data/6188d371/MiniRaftClusterWithGrpca181d7c0/s0/88edd597-e827-4a64-9f9e-15f04f754428/in_use.lock acquired by nodename 32344@fv-az122-296.tfv5tqwfhtlefmpcb2bgpdovrf.phxx.internal.cloudapp.net
2022-06-06 19:54:13,051 [pool-1-thread-1] TRACE util.FileUtils (LogUtils.java:runAndLog(49)) - Successfully ran Files.createDirectories /home/runner/work/ratis/ratis/ratis-test/target/test/data/6188d371/MiniRaftClusterWithGrpca181d7c0/s0/88edd597-e827-4a64-9f9e-15f04f754428/current
2022-06-06 19:54:13,051 [pool-1-thread-1] TRACE util.FileUtils (LogUtils.java:runAndLog(49)) - Successfully ran Files.createDirectories /home/runner/work/ratis/ratis/ratis-test/target/test/data/6188d371/MiniRaftClusterWithGrpca181d7c0/s0/88edd597-e827-4a64-9f9e-15f04f754428/sm
2022-06-06 19:54:13,056 [pool-3-thread-1] INFO  server.RaftServerConfigKeys (ConfUtils.java:logGet(46)) - raft.server.rpc.timeout.min = 150ms (default)
2022-06-06 19:54:13,056 [pool-3-thread-1] INFO  server.RaftServerConfigKeys (ConfUtils.java:logGet(46)) - raft.server.rpc.timeout.max = 300ms (default)
2022-06-06 19:54:13,056 [pool-3-thread-1] INFO  server.RaftServerConfigKeys (ConfUtils.java:logGet(46)) - raft.server.rpc.sleep.time = 25ms (default)
2022-06-06 19:54:13,057 [pool-3-thread-1] INFO  server.RaftServerConfigKeys (ConfUtils.java:logGet(46)) - raft.server.rpc.slowness.timeout = 60s (default)
2022-06-06 19:54:13,057 [pool-3-thread-1] INFO  server.RaftServerConfigKeys (ConfUtils.java:logGet(46)) - raft.server.leaderelection.leader.step-down.wait-time = 10s (default)
2022-06-06 19:54:13,057 [pool-3-thread-1] INFO  server.RaftServerConfigKeys (ConfUtils.java:logGet(46)) - raft.server.sleep.deviation.threshold = 300ms (default)
2022-06-06 19:54:13,057 [pool-3-thread-1] INFO  server.RaftServer$Division (ServerState.java:<init>(107)) - s2@group-15F04F754428: ConfigurationManager, init=-1: [s0|rpc:localhost:34429|admin:localhost:39091|client:localhost:45841|dataStream:localhost:42425|priority:0, s1|rpc:localhost:43311|admin:localhost:42935|client:localhost:45423|dataStream:localhost:45327|priority:0, s2|rpc:localhost:36669|admin:localhost:34421|client:localhost:32999|dataStream:localhost:44651|priority:0], old=null, confs=<EMPTY_MAP>
2022-06-06 19:54:13,057 [pool-3-thread-1] INFO  server.RaftServerConfigKeys (ConfUtils.java:logGet(46)) - raft.server.storage.dir = [/home/runner/work/ratis/ratis/ratis-test/target/test/data/6188d371/MiniRaftClusterWithGrpca181d7c0/s2] (custom)
2022-06-06 19:54:13,057 [pool-3-thread-1] INFO  server.RaftServerConfigKeys (ConfUtils.java:logGet(46)) - raft.server.log.corruption.policy = EXCEPTION (default)
2022-06-06 19:54:13,057 [pool-3-thread-1] INFO  server.RaftServerConfigKeys (ConfUtils.java:logGet(46)) - raft.server.storage.free-space.min = 0MB (=0) (default)
2022-06-06 19:54:13,058 [pool-3-thread-1] INFO  storage.RaftStorageDirectory (RaftStorageDirectoryImpl.java:analyzeStorage(135)) - The storage directory /home/runner/work/ratis/ratis/ratis-test/target/test/data/6188d371/MiniRaftClusterWithGrpca181d7c0/s2/88edd597-e827-4a64-9f9e-15f04f754428 does not exist. Creating ...
2022-06-06 19:54:13,058 [pool-2-thread-1] INFO  storage.RaftStorageDirectory (RaftStorageDirectoryImpl.java:tryLock(230)) - Lock on /home/runner/work/ratis/ratis/ratis-test/target/test/data/6188d371/MiniRaftClusterWithGrpca181d7c0/s1/88edd597-e827-4a64-9f9e-15f04f754428/in_use.lock acquired by nodename 32344@fv-az122-296.tfv5tqwfhtlefmpcb2bgpdovrf.phxx.internal.cloudapp.net
2022-06-06 19:54:13,058 [pool-2-thread-1] TRACE util.FileUtils (LogUtils.java:runAndLog(49)) - Successfully ran Files.createDirectories /home/runner/work/ratis/ratis/ratis-test/target/test/data/6188d371/MiniRaftClusterWithGrpca181d7c0/s1/88edd597-e827-4a64-9f9e-15f04f754428/current
2022-06-06 19:54:13,058 [pool-2-thread-1] TRACE util.FileUtils (LogUtils.java:runAndLog(49)) - Successfully ran Files.createDirectories /home/runner/work/ratis/ratis/ratis-test/target/test/data/6188d371/MiniRaftClusterWithGrpca181d7c0/s1/88edd597-e827-4a64-9f9e-15f04f754428/sm
2022-06-06 19:54:13,059 [pool-3-thread-1] TRACE util.FileUtils (LogUtils.java:runAndLog(49)) - Successfully ran Files.createDirectories /home/runner/work/ratis/ratis/ratis-test/target/test/data/6188d371/MiniRaftClusterWithGrpca181d7c0/s2/88edd597-e827-4a64-9f9e-15f04f754428
2022-06-06 19:54:13,059 [pool-3-thread-1] INFO  storage.RaftStorageDirectory (RaftStorageDirectoryImpl.java:tryLock(230)) - Lock on /home/runner/work/ratis/ratis/ratis-test/target/test/data/6188d371/MiniRaftClusterWithGrpca181d7c0/s2/88edd597-e827-4a64-9f9e-15f04f754428/in_use.lock acquired by nodename 32344@fv-az122-296.tfv5tqwfhtlefmpcb2bgpdovrf.phxx.internal.cloudapp.net
2022-06-06 19:54:13,060 [pool-1-thread-1] INFO  storage.RaftStorage (RaftStorageImpl.java:format(89)) - Storage directory /home/runner/work/ratis/ratis/ratis-test/target/test/data/6188d371/MiniRaftClusterWithGrpca181d7c0/s0/88edd597-e827-4a64-9f9e-15f04f754428 has been successfully formatted.
2022-06-06 19:54:13,060 [pool-2-thread-1] INFO  storage.RaftStorage (RaftStorageImpl.java:format(89)) - Storage directory /home/runner/work/ratis/ratis/ratis-test/target/test/data/6188d371/MiniRaftClusterWithGrpca181d7c0/s1/88edd597-e827-4a64-9f9e-15f04f754428 has been successfully formatted.
2022-06-06 19:54:13,060 [pool-3-thread-1] TRACE util.FileUtils (LogUtils.java:runAndLog(49)) - Successfully ran Files.createDirectories /home/runner/work/ratis/ratis/ratis-test/target/test/data/6188d371/MiniRaftClusterWithGrpca181d7c0/s2/88edd597-e827-4a64-9f9e-15f04f754428/current
2022-06-06 19:54:13,061 [pool-3-thread-1] TRACE util.FileUtils (LogUtils.java:runAndLog(49)) - Successfully ran Files.createDirectories /home/runner/work/ratis/ratis/ratis-test/target/test/data/6188d371/MiniRaftClusterWithGrpca181d7c0/s2/88edd597-e827-4a64-9f9e-15f04f754428/sm
2022-06-06 19:54:13,061 [pool-2-thread-1] INFO  statemachine.SimpleStateMachine4Testing (SimpleStateMachine4Testing.java:initialize(212)) - Initializing SimpleStateMachine4Testing:uninitialized
2022-06-06 19:54:13,061 [pool-1-thread-1] INFO  statemachine.SimpleStateMachine4Testing (SimpleStateMachine4Testing.java:initialize(212)) - Initializing SimpleStateMachine4Testing:uninitialized
2022-06-06 19:54:13,063 [pool-2-thread-1] INFO  statemachine.SimpleStateMachine4Testing (SimpleStateMachine4Testing.java:loadSnapshot(306)) - The snapshot file null does not exist
2022-06-06 19:54:13,063 [pool-1-thread-1] INFO  statemachine.SimpleStateMachine4Testing (SimpleStateMachine4Testing.java:loadSnapshot(306)) - The snapshot file null does not exist
2022-06-06 19:54:13,064 [pool-2-thread-1] INFO  server.RaftServerConfigKeys (ConfUtils.java:logGet(46)) - raft.server.notification.no-leader.timeout = 60s (default)
2022-06-06 19:54:13,064 [pool-1-thread-1] INFO  server.RaftServerConfigKeys (ConfUtils.java:logGet(46)) - raft.server.notification.no-leader.timeout = 60s (default)
2022-06-06 19:54:13,065 [pool-2-thread-1] INFO  server.RaftServerConfigKeys (ConfUtils.java:logGet(46)) - raft.server.log.use.memory = false (default)
2022-06-06 19:54:13,066 [pool-3-thread-1] INFO  storage.RaftStorage (RaftStorageImpl.java:format(89)) - Storage directory /home/runner/work/ratis/ratis/ratis-test/target/test/data/6188d371/MiniRaftClusterWithGrpca181d7c0/s2/88edd597-e827-4a64-9f9e-15f04f754428 has been successfully formatted.
2022-06-06 19:54:13,066 [pool-3-thread-1] INFO  statemachine.SimpleStateMachine4Testing (SimpleStateMachine4Testing.java:initialize(212)) - Initializing SimpleStateMachine4Testing:uninitialized
2022-06-06 19:54:13,066 [pool-3-thread-1] INFO  statemachine.SimpleStateMachine4Testing (SimpleStateMachine4Testing.java:loadSnapshot(306)) - The snapshot file null does not exist
2022-06-06 19:54:13,067 [pool-3-thread-1] INFO  server.RaftServerConfigKeys (ConfUtils.java:logGet(46)) - raft.server.notification.no-leader.timeout = 60s (default)
2022-06-06 19:54:13,067 [pool-3-thread-1] INFO  server.RaftServerConfigKeys (ConfUtils.java:logGet(46)) - raft.server.log.use.memory = false (default)
2022-06-06 19:54:13,066 [pool-1-thread-1] INFO  server.RaftServerConfigKeys (ConfUtils.java:logGet(46)) - raft.server.log.use.memory = false (default)
2022-06-06 19:54:13,072 [pool-3-thread-1] INFO  server.RaftServerConfigKeys (ConfUtils.java:logGet(46)) - raft.server.log.purge.gap = 1024 (default)
2022-06-06 19:54:13,074 [pool-3-thread-1] INFO  server.RaftServerConfigKeys (ConfUtils.java:logGet(46)) - raft.server.log.appender.buffer.byte-limit = 4MB (=4194304) (default)
2022-06-06 19:54:13,074 [pool-1-thread-1] INFO  server.RaftServerConfigKeys (ConfUtils.java:logGet(46)) - raft.server.log.purge.gap = 1024 (default)
2022-06-06 19:54:13,074 [pool-2-thread-1] INFO  server.RaftServerConfigKeys (ConfUtils.java:logGet(46)) - raft.server.log.purge.gap = 1024 (default)
2022-06-06 19:54:13,074 [pool-1-thread-1] INFO  server.RaftServerConfigKeys (ConfUtils.java:logGet(46)) - raft.server.log.appender.buffer.byte-limit = 4MB (=4194304) (default)
2022-06-06 19:54:13,074 [pool-2-thread-1] INFO  server.RaftServerConfigKeys (ConfUtils.java:logGet(46)) - raft.server.log.appender.buffer.byte-limit = 4MB (=4194304) (default)
2022-06-06 19:54:13,075 [pool-2-thread-1] INFO  server.RaftServerConfigKeys (ConfUtils.java:logGet(46)) - raft.server.log.statemachine.data.read.timeout = 1000ms (default)
2022-06-06 19:54:13,075 [pool-1-thread-1] INFO  server.RaftServerConfigKeys (ConfUtils.java:logGet(46)) - raft.server.log.statemachine.data.read.timeout = 1000ms (default)
2022-06-06 19:54:13,076 [pool-3-thread-1] INFO  server.RaftServerConfigKeys (ConfUtils.java:logGet(46)) - raft.server.log.statemachine.data.read.timeout = 1000ms (default)
2022-06-06 19:54:13,080 [pool-1-thread-1] INFO  metrics.MetricRegistries (MetricRegistriesLoader.java:load(64)) - Loaded MetricRegistries class org.apache.ratis.metrics.impl.MetricRegistriesImpl
2022-06-06 19:54:13,127 [pool-2-thread-1] INFO  server.RaftServerConfigKeys (ConfUtils.java:logGet(46)) - raft.server.log.segment.size.max = 8MB (=8388608) (default)
2022-06-06 19:54:13,130 [pool-1-thread-1] INFO  server.RaftServerConfigKeys (ConfUtils.java:logGet(46)) - raft.server.log.segment.size.max = 8MB (=8388608) (default)
2022-06-06 19:54:13,133 [pool-1-thread-1] INFO  server.RaftServerConfigKeys (ConfUtils.java:logGet(46)) - raft.server.log.segment.cache.num.max = 6 (default)
2022-06-06 19:54:13,134 [pool-1-thread-1] INFO  server.RaftServerConfigKeys (ConfUtils.java:logGet(46)) - raft.server.log.segment.cache.size.max = 200MB (=209715200) (default)
2022-06-06 19:54:13,137 [pool-1-thread-1] INFO  segmented.SegmentedRaftLogWorker (SegmentedRaftLogWorker.java:<init>(187)) - new s0@group-15F04F754428-SegmentedRaftLogWorker for RaftStorageImpl:Storage Directory /home/runner/work/ratis/ratis/ratis-test/target/test/data/6188d371/MiniRaftClusterWithGrpca181d7c0/s0/88edd597-e827-4a64-9f9e-15f04f754428
2022-06-06 19:54:13,137 [pool-1-thread-1] INFO  server.RaftServerConfigKeys (ConfUtils.java:logGet(46)) - raft.server.log.queue.byte-limit = 64MB (=67108864) (default)
2022-06-06 19:54:13,138 [pool-1-thread-1] INFO  server.RaftServerConfigKeys (ConfUtils.java:logGet(46)) - raft.server.log.queue.element-limit = 4096 (default)
2022-06-06 19:54:13,138 [pool-2-thread-1] INFO  server.RaftServerConfigKeys (ConfUtils.java:logGet(46)) - raft.server.log.segment.cache.num.max = 6 (default)
2022-06-06 19:54:13,138 [pool-2-thread-1] INFO  server.RaftServerConfigKeys (ConfUtils.java:logGet(46)) - raft.server.log.segment.cache.size.max = 200MB (=209715200) (default)
2022-06-06 19:54:13,138 [pool-2-thread-1] INFO  segmented.SegmentedRaftLogWorker (SegmentedRaftLogWorker.java:<init>(187)) - new s1@group-15F04F754428-SegmentedRaftLogWorker for RaftStorageImpl:Storage Directory /home/runner/work/ratis/ratis/ratis-test/target/test/data/6188d371/MiniRaftClusterWithGrpca181d7c0/s1/88edd597-e827-4a64-9f9e-15f04f754428
2022-06-06 19:54:13,139 [pool-2-thread-1] INFO  server.RaftServerConfigKeys (ConfUtils.java:logGet(46)) - raft.server.log.queue.byte-limit = 64MB (=67108864) (default)
2022-06-06 19:54:13,139 [pool-2-thread-1] INFO  server.RaftServerConfigKeys (ConfUtils.java:logGet(46)) - raft.server.log.queue.element-limit = 4096 (default)
2022-06-06 19:54:13,139 [pool-3-thread-1] INFO  server.RaftServerConfigKeys (ConfUtils.java:logGet(46)) - raft.server.log.segment.size.max = 8MB (=8388608) (default)
2022-06-06 19:54:13,139 [pool-3-thread-1] INFO  server.RaftServerConfigKeys (ConfUtils.java:logGet(46)) - raft.server.log.segment.cache.num.max = 6 (default)
2022-06-06 19:54:13,139 [pool-3-thread-1] INFO  server.RaftServerConfigKeys (ConfUtils.java:logGet(46)) - raft.server.log.segment.cache.size.max = 200MB (=209715200) (default)
2022-06-06 19:54:13,139 [pool-3-thread-1] INFO  segmented.SegmentedRaftLogWorker (SegmentedRaftLogWorker.java:<init>(187)) - new s2@group-15F04F754428-SegmentedRaftLogWorker for RaftStorageImpl:Storage Directory /home/runner/work/ratis/ratis/ratis-test/target/test/data/6188d371/MiniRaftClusterWithGrpca181d7c0/s2/88edd597-e827-4a64-9f9e-15f04f754428
2022-06-06 19:54:13,139 [pool-3-thread-1] INFO  server.RaftServerConfigKeys (ConfUtils.java:logGet(46)) - raft.server.log.queue.byte-limit = 64MB (=67108864) (default)
2022-06-06 19:54:13,139 [pool-3-thread-1] INFO  server.RaftServerConfigKeys (ConfUtils.java:logGet(46)) - raft.server.log.queue.element-limit = 4096 (default)
2022-06-06 19:54:13,140 [pool-3-thread-1] INFO  server.RaftServerConfigKeys (ConfUtils.java:logGet(46)) - raft.server.log.segment.size.max = 8MB (=8388608) (default)
2022-06-06 19:54:13,140 [pool-3-thread-1] INFO  server.RaftServerConfigKeys (ConfUtils.java:logGet(46)) - raft.server.log.preallocated.size = 4MB (=4194304) (default)
2022-06-06 19:54:13,141 [pool-1-thread-1] INFO  server.RaftServerConfigKeys (ConfUtils.java:logGet(46)) - raft.server.log.segment.size.max = 8MB (=8388608) (default)
2022-06-06 19:54:13,141 [pool-1-thread-1] INFO  server.RaftServerConfigKeys (ConfUtils.java:logGet(46)) - raft.server.log.preallocated.size = 4MB (=4194304) (default)
2022-06-06 19:54:13,141 [pool-1-thread-1] INFO  server.RaftServerConfigKeys (ConfUtils.java:logGet(46)) - raft.server.log.force.sync.num = 128 (default)
2022-06-06 19:54:13,142 [pool-1-thread-1] INFO  server.RaftServerConfigKeys (ConfUtils.java:logGet(46)) - raft.server.log.statemachine.data.sync = true (default)
2022-06-06 19:54:13,142 [pool-1-thread-1] INFO  server.RaftServerConfigKeys (ConfUtils.java:logGet(46)) - raft.server.log.statemachine.data.sync.timeout = 10s (default)
2022-06-06 19:54:13,142 [pool-1-thread-1] INFO  server.RaftServerConfigKeys (ConfUtils.java:logGet(46)) - raft.server.log.statemachine.data.sync.timeout.retry = -1 (default)
2022-06-06 19:54:13,146 [pool-2-thread-1] INFO  server.RaftServerConfigKeys (ConfUtils.java:logGet(46)) - raft.server.log.segment.size.max = 8MB (=8388608) (default)
2022-06-06 19:54:13,146 [pool-2-thread-1] INFO  server.RaftServerConfigKeys (ConfUtils.java:logGet(46)) - raft.server.log.preallocated.size = 4MB (=4194304) (default)
2022-06-06 19:54:13,146 [pool-2-thread-1] INFO  server.RaftServerConfigKeys (ConfUtils.java:logGet(46)) - raft.server.log.force.sync.num = 128 (default)
2022-06-06 19:54:13,146 [pool-2-thread-1] INFO  server.RaftServerConfigKeys (ConfUtils.java:logGet(46)) - raft.server.log.statemachine.data.sync = true (default)
2022-06-06 19:54:13,146 [pool-2-thread-1] INFO  server.RaftServerConfigKeys (ConfUtils.java:logGet(46)) - raft.server.log.statemachine.data.sync.timeout = 10s (default)
2022-06-06 19:54:13,147 [pool-2-thread-1] INFO  server.RaftServerConfigKeys (ConfUtils.java:logGet(46)) - raft.server.log.statemachine.data.sync.timeout.retry = -1 (default)
2022-06-06 19:54:13,147 [pool-3-thread-1] INFO  server.RaftServerConfigKeys (ConfUtils.java:logGet(46)) - raft.server.log.force.sync.num = 128 (default)
2022-06-06 19:54:13,147 [pool-3-thread-1] INFO  server.RaftServerConfigKeys (ConfUtils.java:logGet(46)) - raft.server.log.statemachine.data.sync = true (default)
2022-06-06 19:54:13,147 [pool-3-thread-1] INFO  server.RaftServerConfigKeys (ConfUtils.java:logGet(46)) - raft.server.log.statemachine.data.sync.timeout = 10s (default)
2022-06-06 19:54:13,147 [pool-3-thread-1] INFO  server.RaftServerConfigKeys (ConfUtils.java:logGet(46)) - raft.server.log.statemachine.data.sync.timeout.retry = -1 (default)
2022-06-06 19:54:13,151 [pool-3-thread-1] INFO  server.RaftServerConfigKeys (ConfUtils.java:logGet(46)) - raft.server.log.write.buffer.size = 64KB (=65536) (default)
2022-06-06 19:54:13,152 [pool-3-thread-1] INFO  server.RaftServerConfigKeys (ConfUtils.java:logGet(46)) - raft.server.log.unsafe-flush.enabled = false (default)
2022-06-06 19:54:13,154 [pool-2-thread-1] INFO  server.RaftServerConfigKeys (ConfUtils.java:logGet(46)) - raft.server.log.write.buffer.size = 64KB (=65536) (default)
2022-06-06 19:54:13,154 [pool-2-thread-1] INFO  server.RaftServerConfigKeys (ConfUtils.java:logGet(46)) - raft.server.log.unsafe-flush.enabled = false (default)
2022-06-06 19:54:13,155 [pool-2-thread-1] INFO  server.RaftServerConfigKeys (ConfUtils.java:logGet(46)) - raft.server.log.statemachine.data.caching.enabled = false (default)
2022-06-06 19:54:13,155 [pool-1-thread-1] INFO  server.RaftServerConfigKeys (ConfUtils.java:logGet(46)) - raft.server.log.write.buffer.size = 64KB (=65536) (default)
2022-06-06 19:54:13,155 [pool-1-thread-1] INFO  server.RaftServerConfigKeys (ConfUtils.java:logGet(46)) - raft.server.log.unsafe-flush.enabled = false (default)
2022-06-06 19:54:13,155 [pool-1-thread-1] INFO  server.RaftServerConfigKeys (ConfUtils.java:logGet(46)) - raft.server.log.statemachine.data.caching.enabled = false (default)
2022-06-06 19:54:13,157 [pool-3-thread-1] INFO  server.RaftServerConfigKeys (ConfUtils.java:logGet(46)) - raft.server.log.statemachine.data.caching.enabled = false (default)
2022-06-06 19:54:13,161 [pool-2-thread-1] INFO  segmented.SegmentedRaftLogWorker (SegmentedRaftLogWorker.java:lambda$new$0(135)) - s1@group-15F04F754428-SegmentedRaftLogWorker: flushIndex: setUnconditionally 0 -> -1
2022-06-06 19:54:13,161 [pool-2-thread-1] INFO  segmented.SegmentedRaftLogWorker (SegmentedRaftLogWorker.java:lambda$new$0(135)) - s1@group-15F04F754428-SegmentedRaftLogWorker: safeCacheEvictIndex: setUnconditionally 0 -> -1
2022-06-06 19:54:13,162 [pool-1-thread-1] INFO  segmented.SegmentedRaftLogWorker (SegmentedRaftLogWorker.java:lambda$new$0(135)) - s0@group-15F04F754428-SegmentedRaftLogWorker: flushIndex: setUnconditionally 0 -> -1
2022-06-06 19:54:13,162 [pool-1-thread-1] INFO  segmented.SegmentedRaftLogWorker (SegmentedRaftLogWorker.java:lambda$new$0(135)) - s0@group-15F04F754428-SegmentedRaftLogWorker: safeCacheEvictIndex: setUnconditionally 0 -> -1
2022-06-06 19:54:13,162 [pool-3-thread-1] INFO  segmented.SegmentedRaftLogWorker (SegmentedRaftLogWorker.java:lambda$new$0(135)) - s2@group-15F04F754428-SegmentedRaftLogWorker: flushIndex: setUnconditionally 0 -> -1
2022-06-06 19:54:13,162 [pool-3-thread-1] INFO  segmented.SegmentedRaftLogWorker (SegmentedRaftLogWorker.java:lambda$new$0(135)) - s2@group-15F04F754428-SegmentedRaftLogWorker: safeCacheEvictIndex: setUnconditionally 0 -> -1
2022-06-06 19:54:13,170 [pool-2-thread-1] INFO  server.RaftServerConfigKeys (ConfUtils.java:logGet(46)) - raft.server.snapshot.auto.trigger.enabled = false (default)
2022-06-06 19:54:13,170 [pool-2-thread-1] INFO  server.RaftServerConfigKeys (ConfUtils.java:logGet(46)) - raft.server.snapshot.retention.file.num = -1 (default)
2022-06-06 19:54:13,171 [pool-2-thread-1] INFO  server.RaftServerConfigKeys (ConfUtils.java:logGet(46)) - raft.server.log.purge.upto.snapshot.index = false (default)
2022-06-06 19:54:13,172 [pool-2-thread-1] INFO  server.RaftServerConfigKeys (ConfUtils.java:logGet(46)) - raft.server.retrycache.expirytime = 60s (default)
2022-06-06 19:54:13,172 [pool-2-thread-1] INFO  server.RaftServerConfigKeys (ConfUtils.java:logGet(46)) - raft.server.retrycache.statistics.expirytime = 100μs (default)
2022-06-06 19:54:13,180 [pool-3-thread-1] INFO  server.RaftServerConfigKeys (ConfUtils.java:logGet(46)) - raft.server.snapshot.auto.trigger.enabled = false (default)
2022-06-06 19:54:13,180 [pool-3-thread-1] INFO  server.RaftServerConfigKeys (ConfUtils.java:logGet(46)) - raft.server.snapshot.retention.file.num = -1 (default)
2022-06-06 19:54:13,180 [pool-1-thread-1] INFO  server.RaftServerConfigKeys (ConfUtils.java:logGet(46)) - raft.server.snapshot.auto.trigger.enabled = false (default)
2022-06-06 19:54:13,180 [pool-3-thread-1] INFO  server.RaftServerConfigKeys (ConfUtils.java:logGet(46)) - raft.server.log.purge.upto.snapshot.index = false (default)
2022-06-06 19:54:13,180 [pool-1-thread-1] INFO  server.RaftServerConfigKeys (ConfUtils.java:logGet(46)) - raft.server.snapshot.retention.file.num = -1 (default)
2022-06-06 19:54:13,180 [pool-3-thread-1] INFO  server.RaftServerConfigKeys (ConfUtils.java:logGet(46)) - raft.server.retrycache.expirytime = 60s (default)
2022-06-06 19:54:13,180 [pool-1-thread-1] INFO  server.RaftServerConfigKeys (ConfUtils.java:logGet(46)) - raft.server.log.purge.upto.snapshot.index = false (default)
2022-06-06 19:54:13,180 [pool-3-thread-1] INFO  server.RaftServerConfigKeys (ConfUtils.java:logGet(46)) - raft.server.retrycache.statistics.expirytime = 100μs (default)
2022-06-06 19:54:13,181 [pool-1-thread-1] INFO  server.RaftServerConfigKeys (ConfUtils.java:logGet(46)) - raft.server.retrycache.expirytime = 60s (default)
2022-06-06 19:54:13,181 [pool-1-thread-1] INFO  server.RaftServerConfigKeys (ConfUtils.java:logGet(46)) - raft.server.retrycache.statistics.expirytime = 100μs (default)
2022-06-06 19:54:13,203 [pool-3-thread-1] INFO  server.RaftServerConfigKeys (ConfUtils.java:logGet(46)) - raft.server.log.appender.install.snapshot.enabled = true (default)
2022-06-06 19:54:13,204 [pool-3-thread-1] INFO  server.RaftServerConfigKeys (ConfUtils.java:logGet(46)) - raft.server.threadpool.server.cached = true (default)
2022-06-06 19:54:13,204 [pool-3-thread-1] INFO  server.RaftServerConfigKeys (ConfUtils.java:logGet(46)) - raft.server.threadpool.server.size = 0 (default)
2022-06-06 19:54:13,203 [pool-2-thread-1] INFO  server.RaftServerConfigKeys (ConfUtils.java:logGet(46)) - raft.server.log.appender.install.snapshot.enabled = true (default)
2022-06-06 19:54:13,205 [pool-2-thread-1] INFO  server.RaftServerConfigKeys (ConfUtils.java:logGet(46)) - raft.server.threadpool.server.cached = true (default)
2022-06-06 19:54:13,205 [pool-2-thread-1] INFO  server.RaftServerConfigKeys (ConfUtils.java:logGet(46)) - raft.server.threadpool.server.size = 0 (default)
2022-06-06 19:54:13,205 [pool-2-thread-1] INFO  server.RaftServerConfigKeys (ConfUtils.java:logGet(46)) - raft.server.threadpool.client.cached = true (default)
2022-06-06 19:54:13,205 [pool-2-thread-1] INFO  server.RaftServerConfigKeys (ConfUtils.java:logGet(46)) - raft.server.threadpool.client.size = 0 (default)
2022-06-06 19:54:13,204 [pool-1-thread-1] INFO  server.RaftServerConfigKeys (ConfUtils.java:logGet(46)) - raft.server.log.appender.install.snapshot.enabled = true (default)
2022-06-06 19:54:13,206 [pool-1-thread-1] INFO  server.RaftServerConfigKeys (ConfUtils.java:logGet(46)) - raft.server.threadpool.server.cached = true (default)
2022-06-06 19:54:13,206 [pool-1-thread-1] INFO  server.RaftServerConfigKeys (ConfUtils.java:logGet(46)) - raft.server.threadpool.server.size = 0 (default)
2022-06-06 19:54:13,206 [pool-1-thread-1] INFO  server.RaftServerConfigKeys (ConfUtils.java:logGet(46)) - raft.server.threadpool.client.cached = true (default)
2022-06-06 19:54:13,206 [pool-1-thread-1] INFO  server.RaftServerConfigKeys (ConfUtils.java:logGet(46)) - raft.server.threadpool.client.size = 0 (default)
2022-06-06 19:54:13,206 [pool-3-thread-1] INFO  server.RaftServerConfigKeys (ConfUtils.java:logGet(46)) - raft.server.threadpool.client.cached = true (default)
2022-06-06 19:54:13,206 [pool-3-thread-1] INFO  server.RaftServerConfigKeys (ConfUtils.java:logGet(46)) - raft.server.threadpool.client.size = 0 (default)
2022-06-06 19:54:13,207 [s0-impl-thread1] INFO  server.RaftServer$Division (RaftServerImpl.java:start(310)) - s0@group-15F04F754428: start as a follower, conf=-1: [s0|rpc:localhost:34429|admin:localhost:39091|client:localhost:45841|dataStream:localhost:42425|priority:0, s1|rpc:localhost:43311|admin:localhost:42935|client:localhost:45423|dataStream:localhost:45327|priority:0, s2|rpc:localhost:36669|admin:localhost:34421|client:localhost:32999|dataStream:localhost:44651|priority:0], old=null
2022-06-06 19:54:13,207 [s0-impl-thread1] INFO  server.RaftServer$Division (RaftServerImpl.java:setRole(299)) - s0@group-15F04F754428: changes role from      null to FOLLOWER at term 0 for startAsFollower
2022-06-06 19:54:13,208 [s0-impl-thread1] INFO  impl.RoleInfo (RoleInfo.java:updateAndGet(139)) - s0: start s0@group-15F04F754428-FollowerState
2022-06-06 19:54:13,209 [s0-impl-thread1] INFO  util.JmxRegister (JmxRegister.java:tryRegister(44)) - Successfully registered JMX Bean with object name Ratis:service=RaftServer,group=group-15F04F754428,id=s0
2022-06-06 19:54:13,212 [Time-limited test] INFO  server.RaftServer (RaftServerProxy.java:lambda$start$6(382)) - s0: start RPC server
2022-06-06 19:54:13,247 [Time-limited test] INFO  server.GrpcService (GrpcService.java:startImpl(260)) - s0: GrpcService started, listening on 34429
2022-06-06 19:54:13,247 [Time-limited test] INFO  server.GrpcService (GrpcService.java:startImpl(260)) - s0: GrpcService started, listening on 39091
2022-06-06 19:54:13,248 [Time-limited test] INFO  server.GrpcService (GrpcService.java:startImpl(260)) - s0: GrpcService started, listening on 45841
2022-06-06 19:54:13,249 [s1-impl-thread1] INFO  server.RaftServer$Division (RaftServerImpl.java:start(310)) - s1@group-15F04F754428: start as a follower, conf=-1: [s0|rpc:localhost:34429|admin:localhost:39091|client:localhost:45841|dataStream:localhost:42425|priority:0, s1|rpc:localhost:43311|admin:localhost:42935|client:localhost:45423|dataStream:localhost:45327|priority:0, s2|rpc:localhost:36669|admin:localhost:34421|client:localhost:32999|dataStream:localhost:44651|priority:0], old=null
2022-06-06 19:54:13,249 [s1-impl-thread1] INFO  server.RaftServer$Division (RaftServerImpl.java:setRole(299)) - s1@group-15F04F754428: changes role from      null to FOLLOWER at term 0 for startAsFollower
2022-06-06 19:54:13,249 [s1-impl-thread1] INFO  impl.RoleInfo (RoleInfo.java:updateAndGet(139)) - s1: start s1@group-15F04F754428-FollowerState
2022-06-06 19:54:13,250 [org.apache.ratis.util.JvmPauseMonitor$$Lambda$282/943865316@78d2332b] INFO  util.JvmPauseMonitor (JvmPauseMonitor.java:run(103)) - JvmPauseMonitor-s0: Started
2022-06-06 19:54:13,252 [s1-impl-thread1] INFO  util.JmxRegister (JmxRegister.java:tryRegister(44)) - Successfully registered JMX Bean with object name Ratis:service=RaftServer,group=group-15F04F754428,id=s1
2022-06-06 19:54:13,254 [Time-limited test] INFO  server.RaftServer (RaftServerProxy.java:lambda$start$6(382)) - s1: start RPC server
2022-06-06 19:54:13,255 [Time-limited test] INFO  server.GrpcService (GrpcService.java:startImpl(260)) - s1: GrpcService started, listening on 43311
2022-06-06 19:54:13,256 [Time-limited test] INFO  server.GrpcService (GrpcService.java:startImpl(260)) - s1: GrpcService started, listening on 42935
2022-06-06 19:54:13,257 [Time-limited test] INFO  server.GrpcService (GrpcService.java:startImpl(260)) - s1: GrpcService started, listening on 45423
2022-06-06 19:54:13,262 [s2-impl-thread1] INFO  server.RaftServer$Division (RaftServerImpl.java:start(310)) - s2@group-15F04F754428: start as a follower, conf=-1: [s0|rpc:localhost:34429|admin:localhost:39091|client:localhost:45841|dataStream:localhost:42425|priority:0, s1|rpc:localhost:43311|admin:localhost:42935|client:localhost:45423|dataStream:localhost:45327|priority:0, s2|rpc:localhost:36669|admin:localhost:34421|client:localhost:32999|dataStream:localhost:44651|priority:0], old=null
2022-06-06 19:54:13,262 [s2-impl-thread1] INFO  server.RaftServer$Division (RaftServerImpl.java:setRole(299)) - s2@group-15F04F754428: changes role from      null to FOLLOWER at term 0 for startAsFollower
2022-06-06 19:54:13,262 [s2-impl-thread1] INFO  impl.RoleInfo (RoleInfo.java:updateAndGet(139)) - s2: start s2@group-15F04F754428-FollowerState
2022-06-06 19:54:13,264 [org.apache.ratis.util.JvmPauseMonitor$$Lambda$282/943865316@571973d4] INFO  util.JvmPauseMonitor (JvmPauseMonitor.java:run(103)) - JvmPauseMonitor-s1: Started
2022-06-06 19:54:13,264 [s2-impl-thread1] INFO  util.JmxRegister (JmxRegister.java:tryRegister(44)) - Successfully registered JMX Bean with object name Ratis:service=RaftServer,group=group-15F04F754428,id=s2
2022-06-06 19:54:13,265 [Time-limited test] INFO  server.RaftServer (RaftServerProxy.java:lambda$start$6(382)) - s2: start RPC server
2022-06-06 19:54:13,265 [Time-limited test] INFO  server.GrpcService (GrpcService.java:startImpl(260)) - s2: GrpcService started, listening on 36669
2022-06-06 19:54:13,266 [Time-limited test] INFO  server.GrpcService (GrpcService.java:startImpl(260)) - s2: GrpcService started, listening on 34421
2022-06-06 19:54:13,266 [Time-limited test] INFO  server.GrpcService (GrpcService.java:startImpl(260)) - s2: GrpcService started, listening on 32999
2022-06-06 19:54:13,267 [org.apache.ratis.util.JvmPauseMonitor$$Lambda$282/943865316@3ebb5977] INFO  util.JvmPauseMonitor (JvmPauseMonitor.java:run(103)) - JvmPauseMonitor-s2: Started
2022-06-06 19:54:13,269 [Time-limited test] INFO  server.RaftServerConfigKeys (ConfUtils.java:logGet(46)) - raft.server.rpc.timeout.max = 300ms (default)
2022-06-06 19:54:13,271 [Time-limited test] INFO  ratis.RaftTestUtil (RaftTestUtil.java:waitForLeader(100)) - printing ALL groups
  s0:  RUNNING  FOLLOWER s0@group-15F04F754428:t0, leader=null, voted=, raftlog=s0@group-15F04F754428-SegmentedRaftLog:OPENED:c-1, conf=-1: [s0|rpc:localhost:34429|admin:localhost:39091|client:localhost:45841|dataStream:localhost:42425|priority:0, s1|rpc:localhost:43311|admin:localhost:42935|client:localhost:45423|dataStream:localhost:45327|priority:0, s2|rpc:localhost:36669|admin:localhost:34421|client:localhost:32999|dataStream:localhost:44651|priority:0], old=null RUNNING
  s1:  RUNNING  FOLLOWER s1@group-15F04F754428:t0, leader=null, voted=, raftlog=s1@group-15F04F754428-SegmentedRaftLog:OPENED:c-1, conf=-1: [s0|rpc:localhost:34429|admin:localhost:39091|client:localhost:45841|dataStream:localhost:42425|priority:0, s1|rpc:localhost:43311|admin:localhost:42935|client:localhost:45423|dataStream:localhost:45327|priority:0, s2|rpc:localhost:36669|admin:localhost:34421|client:localhost:32999|dataStream:localhost:44651|priority:0], old=null RUNNING
  s2:  RUNNING  FOLLOWER s2@group-15F04F754428:t0, leader=null, voted=, raftlog=s2@group-15F04F754428-SegmentedRaftLog:OPENED:c-1, conf=-1: [s0|rpc:localhost:34429|admin:localhost:39091|client:localhost:45841|dataStream:localhost:42425|priority:0, s1|rpc:localhost:43311|admin:localhost:42935|client:localhost:45423|dataStream:localhost:45327|priority:0, s2|rpc:localhost:36669|admin:localhost:34421|client:localhost:32999|dataStream:localhost:44651|priority:0], old=null RUNNING
2022-06-06 19:54:13,280 [Time-limited test] WARN  ratis.RaftTestUtil (JavaUtils.java:attempt(172)) - FAILED "waitForLeader-null-(expectLeader? true)", attempt #1/100: java.lang.IllegalStateException: No leader yet : printing ALL groups
  s0:  RUNNING  FOLLOWER s0@group-15F04F754428:t0, leader=null, voted=, raftlog=s0@group-15F04F754428-SegmentedRaftLog:OPENED:c-1, conf=-1: [s0|rpc:localhost:34429|admin:localhost:39091|client:localhost:45841|dataStream:localhost:42425|priority:0, s1|rpc:localhost:43311|admin:localhost:42935|client:localhost:45423|dataStream:localhost:45327|priority:0, s2|rpc:localhost:36669|admin:localhost:34421|client:localhost:32999|dataStream:localhost:44651|priority:0], old=null RUNNING
  s1:  RUNNING  FOLLOWER s1@group-15F04F754428:t0, leader=null, voted=, raftlog=s1@group-15F04F754428-SegmentedRaftLog:OPENED:c-1, conf=-1: [s0|rpc:localhost:34429|admin:localhost:39091|client:localhost:45841|dataStream:localhost:42425|priority:0, s1|rpc:localhost:43311|admin:localhost:42935|client:localhost:45423|dataStream:localhost:45327|priority:0, s2|rpc:localhost:36669|admin:localhost:34421|client:localhost:32999|dataStream:localhost:44651|priority:0], old=null RUNNING
  s2:  RUNNING  FOLLOWER s2@group-15F04F754428:t0, leader=null, voted=, raftlog=s2@group-15F04F754428-SegmentedRaftLog:OPENED:c-1, conf=-1: [s0|rpc:localhost:34429|admin:localhost:39091|client:localhost:45841|dataStream:localhost:42425|priority:0, s1|rpc:localhost:43311|admin:localhost:42935|client:localhost:45423|dataStream:localhost:45327|priority:0, s2|rpc:localhost:36669|admin:localhost:34421|client:localhost:32999|dataStream:localhost:44651|priority:0], old=null RUNNING, sleep 450ms and then retry.
java.lang.IllegalStateException: No leader yet : printing ALL groups
  s0:  RUNNING  FOLLOWER s0@group-15F04F754428:t0, leader=null, voted=, raftlog=s0@group-15F04F754428-SegmentedRaftLog:OPENED:c-1, conf=-1: [s0|rpc:localhost:34429|admin:localhost:39091|client:localhost:45841|dataStream:localhost:42425|priority:0, s1|rpc:localhost:43311|admin:localhost:42935|client:localhost:45423|dataStream:localhost:45327|priority:0, s2|rpc:localhost:36669|admin:localhost:34421|client:localhost:32999|dataStream:localhost:44651|priority:0], old=null RUNNING
  s1:  RUNNING  FOLLOWER s1@group-15F04F754428:t0, leader=null, voted=, raftlog=s1@group-15F04F754428-SegmentedRaftLog:OPENED:c-1, conf=-1: [s0|rpc:localhost:34429|admin:localhost:39091|client:localhost:45841|dataStream:localhost:42425|priority:0, s1|rpc:localhost:43311|admin:localhost:42935|client:localhost:45423|dataStream:localhost:45327|priority:0, s2|rpc:localhost:36669|admin:localhost:34421|client:localhost:32999|dataStream:localhost:44651|priority:0], old=null RUNNING
  s2:  RUNNING  FOLLOWER s2@group-15F04F754428:t0, leader=null, voted=, raftlog=s2@group-15F04F754428-SegmentedRaftLog:OPENED:c-1, conf=-1: [s0|rpc:localhost:34429|admin:localhost:39091|client:localhost:45841|dataStream:localhost:42425|priority:0, s1|rpc:localhost:43311|admin:localhost:42935|client:localhost:45423|dataStream:localhost:45327|priority:0, s2|rpc:localhost:36669|admin:localhost:34421|client:localhost:32999|dataStream:localhost:44651|priority:0], old=null RUNNING
	at org.apache.ratis.server.impl.MiniRaftCluster.newIllegalStateExceptionForNoLeaders(MiniRaftCluster.java:533)
	at org.apache.ratis.RaftTestUtil.lambda$waitForLeader$1(RaftTestUtil.java:104)
	at org.apache.ratis.server.impl.MiniRaftCluster.getLeader(MiniRaftCluster.java:567)
	at org.apache.ratis.server.impl.MiniRaftCluster.getLeader(MiniRaftCluster.java:560)
	at org.apache.ratis.RaftTestUtil.lambda$waitForLeader$3(RaftTestUtil.java:112)
	at org.apache.ratis.util.JavaUtils.attempt(JavaUtils.java:166)
	at org.apache.ratis.util.JavaUtils.attemptRepeatedly(JavaUtils.java:152)
	at org.apache.ratis.RaftTestUtil.waitForLeader(RaftTestUtil.java:111)
	at org.apache.ratis.RaftTestUtil.waitForLeader(RaftTestUtil.java:92)
	at org.apache.ratis.RaftTestUtil.waitForLeader(RaftTestUtil.java:87)
	at org.apache.ratis.grpc.TestRaftServerWithGrpc.testRaftClientRequestMetrics(TestRaftServerWithGrpc.java:300)
	at org.apache.ratis.server.impl.MiniRaftCluster$Factory$Get.runWithNewCluster(MiniRaftCluster.java:125)
	at org.apache.ratis.server.impl.MiniRaftCluster$Factory$Get.runWithNewCluster(MiniRaftCluster.java:113)
	at org.apache.ratis.grpc.TestRaftServerWithGrpc.testRaftClientMetrics(TestRaftServerWithGrpc.java:205)
	at sun.reflect.NativeMethodAccessorImpl.invoke0(Native Method)
	at sun.reflect.NativeMethodAccessorImpl.invoke(NativeMethodAccessorImpl.java:62)
	at sun.reflect.DelegatingMethodAccessorImpl.invoke(DelegatingMethodAccessorImpl.java:43)
	at java.lang.reflect.Method.invoke(Method.java:498)
	at org.junit.runners.model.FrameworkMethod$1.runReflectiveCall(FrameworkMethod.java:59)
	at org.junit.internal.runners.model.ReflectiveCallable.run(ReflectiveCallable.java:12)
	at org.junit.runners.model.FrameworkMethod.invokeExplosively(FrameworkMethod.java:56)
	at org.junit.internal.runners.statements.InvokeMethod.evaluate(InvokeMethod.java:17)
	at org.junit.internal.runners.statements.RunBefores.evaluate(RunBefores.java:26)
	at org.junit.internal.runners.statements.RunAfters.evaluate(RunAfters.java:27)
	at org.junit.internal.runners.statements.FailOnTimeout$CallableStatement.call(FailOnTimeout.java:299)
	at org.junit.internal.runners.statements.FailOnTimeout$CallableStatement.call(FailOnTimeout.java:293)
	at java.util.concurrent.FutureTask.run(FutureTask.java:266)
	at java.lang.Thread.run(Thread.java:750)
2022-06-06 19:54:13,368 [s0@group-15F04F754428-FollowerState] INFO  impl.FollowerState (FollowerState.java:run(143)) - s0@group-15F04F754428-FollowerState: change to CANDIDATE, lastRpcElapsedTime:159980260ns, electionTimeout:156ms
2022-06-06 19:54:13,369 [s0@group-15F04F754428-FollowerState] INFO  impl.RoleInfo (RoleInfo.java:shutdownFollowerState(110)) - s0: shutdown s0@group-15F04F754428-FollowerState
2022-06-06 19:54:13,369 [s0@group-15F04F754428-FollowerState] INFO  server.RaftServer$Division (RaftServerImpl.java:setRole(299)) - s0@group-15F04F754428: changes role from  FOLLOWER to CANDIDATE at term 0 for changeToCandidate
2022-06-06 19:54:13,371 [s0@group-15F04F754428-FollowerState] INFO  server.RaftServerConfigKeys (ConfUtils.java:logGet(46)) - raft.server.leaderelection.pre-vote = true (default)
2022-06-06 19:54:13,371 [s0@group-15F04F754428-FollowerState] INFO  impl.RoleInfo (RoleInfo.java:updateAndGet(139)) - s0: start s0@group-15F04F754428-LeaderElection1
2022-06-06 19:54:13,372 [s0@group-15F04F754428-LeaderElection1] INFO  impl.LeaderElection (LeaderElection.java:askForVotes(310)) - s0@group-15F04F754428-LeaderElection1 PRE_VOTE round 0: submit vote requests at term 0 for -1: [s0|rpc:localhost:34429|admin:localhost:39091|client:localhost:45841|dataStream:localhost:42425|priority:0, s1|rpc:localhost:43311|admin:localhost:42935|client:localhost:45423|dataStream:localhost:45327|priority:0, s2|rpc:localhost:36669|admin:localhost:34421|client:localhost:32999|dataStream:localhost:44651|priority:0], old=null
2022-06-06 19:54:13,462 [s1@group-15F04F754428-FollowerState] INFO  impl.FollowerState (FollowerState.java:run(143)) - s1@group-15F04F754428-FollowerState: change to CANDIDATE, lastRpcElapsedTime:212623359ns, electionTimeout:208ms
2022-06-06 19:54:13,462 [s1@group-15F04F754428-FollowerState] INFO  impl.RoleInfo (RoleInfo.java:shutdownFollowerState(110)) - s1: shutdown s1@group-15F04F754428-FollowerState
2022-06-06 19:54:13,463 [s1@group-15F04F754428-FollowerState] INFO  server.RaftServer$Division (RaftServerImpl.java:setRole(299)) - s1@group-15F04F754428: changes role from  FOLLOWER to CANDIDATE at term 0 for changeToCandidate
2022-06-06 19:54:13,463 [s1@group-15F04F754428-FollowerState] INFO  server.RaftServerConfigKeys (ConfUtils.java:logGet(46)) - raft.server.leaderelection.pre-vote = true (default)
2022-06-06 19:54:13,463 [s1@group-15F04F754428-FollowerState] INFO  impl.RoleInfo (RoleInfo.java:updateAndGet(139)) - s1: start s1@group-15F04F754428-LeaderElection2
2022-06-06 19:54:13,463 [s1@group-15F04F754428-LeaderElection2] INFO  impl.LeaderElection (LeaderElection.java:askForVotes(310)) - s1@group-15F04F754428-LeaderElection2 PRE_VOTE round 0: submit vote requests at term 0 for -1: [s0|rpc:localhost:34429|admin:localhost:39091|client:localhost:45841|dataStream:localhost:42425|priority:0, s1|rpc:localhost:43311|admin:localhost:42935|client:localhost:45423|dataStream:localhost:45327|priority:0, s2|rpc:localhost:36669|admin:localhost:34421|client:localhost:32999|dataStream:localhost:44651|priority:0], old=null
2022-06-06 19:54:13,552 [s2@group-15F04F754428-FollowerState] INFO  impl.FollowerState (FollowerState.java:run(143)) - s2@group-15F04F754428-FollowerState: change to CANDIDATE, lastRpcElapsedTime:289390735ns, electionTimeout:287ms
2022-06-06 19:54:13,552 [s2@group-15F04F754428-FollowerState] INFO  impl.RoleInfo (RoleInfo.java:shutdownFollowerState(110)) - s2: shutdown s2@group-15F04F754428-FollowerState
2022-06-06 19:54:13,552 [s2@group-15F04F754428-FollowerState] INFO  server.RaftServer$Division (RaftServerImpl.java:setRole(299)) - s2@group-15F04F754428: changes role from  FOLLOWER to CANDIDATE at term 0 for changeToCandidate
2022-06-06 19:54:13,552 [s2@group-15F04F754428-FollowerState] INFO  server.RaftServerConfigKeys (ConfUtils.java:logGet(46)) - raft.server.leaderelection.pre-vote = true (default)
2022-06-06 19:54:13,552 [s2@group-15F04F754428-FollowerState] INFO  impl.RoleInfo (RoleInfo.java:updateAndGet(139)) - s2: start s2@group-15F04F754428-LeaderElection3
2022-06-06 19:54:13,555 [s2@group-15F04F754428-LeaderElection3] INFO  impl.LeaderElection (LeaderElection.java:askForVotes(310)) - s2@group-15F04F754428-LeaderElection3 PRE_VOTE round 0: submit vote requests at term 0 for -1: [s0|rpc:localhost:34429|admin:localhost:39091|client:localhost:45841|dataStream:localhost:42425|priority:0, s1|rpc:localhost:43311|admin:localhost:42935|client:localhost:45423|dataStream:localhost:45327|priority:0, s2|rpc:localhost:36669|admin:localhost:34421|client:localhost:32999|dataStream:localhost:44651|priority:0], old=null
2022-06-06 19:54:13,612 [s0@group-15F04F754428-LeaderElection1] INFO  impl.LeaderElection (LeaderElection.java:logAndReturn(90)) - s0@group-15F04F754428-LeaderElection1: PRE_VOTE TIMEOUT received 0 response(s) and 0 exception(s):
2022-06-06 19:54:13,612 [s0@group-15F04F754428-LeaderElection1] INFO  impl.LeaderElection (LeaderElection.java:askForVotes(312)) - s0@group-15F04F754428-LeaderElection1 PRE_VOTE round 0: result TIMEOUT
2022-06-06 19:54:13,613 [s0@group-15F04F754428-LeaderElection1] INFO  impl.LeaderElection (LeaderElection.java:askForVotes(310)) - s0@group-15F04F754428-LeaderElection1 PRE_VOTE round 1: submit vote requests at term 0 for -1: [s0|rpc:localhost:34429|admin:localhost:39091|client:localhost:45841|dataStream:localhost:42425|priority:0, s1|rpc:localhost:43311|admin:localhost:42935|client:localhost:45423|dataStream:localhost:45327|priority:0, s2|rpc:localhost:36669|admin:localhost:34421|client:localhost:32999|dataStream:localhost:44651|priority:0], old=null
2022-06-06 19:54:13,681 [grpc-default-executor-3] INFO  server.RaftServer$Division (RaftServerImpl.java:requestVote(1152)) - s2@group-15F04F754428: receive requestVote(PRE_VOTE, s0, group-15F04F754428, 0, (t:0, i:0))
2022-06-06 19:54:13,681 [grpc-default-executor-4] INFO  server.RaftServer$Division (RaftServerImpl.java:requestVote(1152)) - s1@group-15F04F754428: receive requestVote(PRE_VOTE, s2, group-15F04F754428, 0, (t:0, i:0))
2022-06-06 19:54:13,683 [grpc-default-executor-3] INFO  impl.VoteContext (VoteContext.java:log(48)) - s2@group-15F04F754428-CANDIDATE: accept PRE_VOTE from s0: our priority 0 <= candidate's priority 0
2022-06-06 19:54:13,683 [grpc-default-executor-4] INFO  impl.VoteContext (VoteContext.java:log(48)) - s1@group-15F04F754428-CANDIDATE: accept PRE_VOTE from s2: our priority 0 <= candidate's priority 0
2022-06-06 19:54:13,683 [grpc-default-executor-1] INFO  server.RaftServer$Division (RaftServerImpl.java:requestVote(1152)) - s0@group-15F04F754428: receive requestVote(PRE_VOTE, s1, group-15F04F754428, 0, (t:0, i:0))
2022-06-06 19:54:13,683 [grpc-default-executor-1] INFO  impl.VoteContext (VoteContext.java:log(48)) - s0@group-15F04F754428-CANDIDATE: accept PRE_VOTE from s1: our priority 0 <= candidate's priority 0
2022-06-06 19:54:13,684 [grpc-default-executor-5] INFO  server.RaftServer$Division (RaftServerImpl.java:requestVote(1152)) - s1@group-15F04F754428: receive requestVote(PRE_VOTE, s0, group-15F04F754428, 0, (t:0, i:0))
2022-06-06 19:54:13,685 [grpc-default-executor-0] INFO  server.RaftServer$Division (RaftServerImpl.java:requestVote(1152)) - s1@group-15F04F754428: receive requestVote(PRE_VOTE, s0, group-15F04F754428, 0, (t:0, i:0))
2022-06-06 19:54:13,685 [grpc-default-executor-2] INFO  server.RaftServer$Division (RaftServerImpl.java:requestVote(1152)) - s2@group-15F04F754428: receive requestVote(PRE_VOTE, s0, group-15F04F754428, 0, (t:0, i:0))
2022-06-06 19:54:13,687 [grpc-default-executor-1] INFO  server.RaftServer$Division (RaftServerImpl.java:requestVote(1184)) - s0@group-15F04F754428 replies to PRE_VOTE vote request: s1<-s0#0:OK-t0. Peer's state: s0@group-15F04F754428:t0, leader=null, voted=, raftlog=s0@group-15F04F754428-SegmentedRaftLog:OPENED:c-1, conf=-1: [s0|rpc:localhost:34429|admin:localhost:39091|client:localhost:45841|dataStream:localhost:42425|priority:0, s1|rpc:localhost:43311|admin:localhost:42935|client:localhost:45423|dataStream:localhost:45327|priority:0, s2|rpc:localhost:36669|admin:localhost:34421|client:localhost:32999|dataStream:localhost:44651|priority:0], old=null
2022-06-06 19:54:13,688 [grpc-default-executor-3] INFO  server.RaftServer$Division (RaftServerImpl.java:requestVote(1184)) - s2@group-15F04F754428 replies to PRE_VOTE vote request: s0<-s2#0:OK-t0. Peer's state: s2@group-15F04F754428:t0, leader=null, voted=, raftlog=s2@group-15F04F754428-SegmentedRaftLog:OPENED:c-1, conf=-1: [s0|rpc:localhost:34429|admin:localhost:39091|client:localhost:45841|dataStream:localhost:42425|priority:0, s1|rpc:localhost:43311|admin:localhost:42935|client:localhost:45423|dataStream:localhost:45327|priority:0, s2|rpc:localhost:36669|admin:localhost:34421|client:localhost:32999|dataStream:localhost:44651|priority:0], old=null
2022-06-06 19:54:13,687 [grpc-default-executor-4] INFO  server.RaftServer$Division (RaftServerImpl.java:requestVote(1184)) - s1@group-15F04F754428 replies to PRE_VOTE vote request: s2<-s1#0:OK-t0. Peer's state: s1@group-15F04F754428:t0, leader=null, voted=, raftlog=s1@group-15F04F754428-SegmentedRaftLog:OPENED:c-1, conf=-1: [s0|rpc:localhost:34429|admin:localhost:39091|client:localhost:45841|dataStream:localhost:42425|priority:0, s1|rpc:localhost:43311|admin:localhost:42935|client:localhost:45423|dataStream:localhost:45327|priority:0, s2|rpc:localhost:36669|admin:localhost:34421|client:localhost:32999|dataStream:localhost:44651|priority:0], old=null
2022-06-06 19:54:13,688 [grpc-default-executor-0] INFO  impl.VoteContext (VoteContext.java:log(48)) - s1@group-15F04F754428-CANDIDATE: accept PRE_VOTE from s0: our priority 0 <= candidate's priority 0
2022-06-06 19:54:13,688 [grpc-default-executor-0] INFO  server.RaftServer$Division (RaftServerImpl.java:requestVote(1184)) - s1@group-15F04F754428 replies to PRE_VOTE vote request: s0<-s1#0:OK-t0. Peer's state: s1@group-15F04F754428:t0, leader=null, voted=, raftlog=s1@group-15F04F754428-SegmentedRaftLog:OPENED:c-1, conf=-1: [s0|rpc:localhost:34429|admin:localhost:39091|client:localhost:45841|dataStream:localhost:42425|priority:0, s1|rpc:localhost:43311|admin:localhost:42935|client:localhost:45423|dataStream:localhost:45327|priority:0, s2|rpc:localhost:36669|admin:localhost:34421|client:localhost:32999|dataStream:localhost:44651|priority:0], old=null
2022-06-06 19:54:13,688 [grpc-default-executor-5] INFO  impl.VoteContext (VoteContext.java:log(48)) - s1@group-15F04F754428-CANDIDATE: accept PRE_VOTE from s0: our priority 0 <= candidate's priority 0
2022-06-06 19:54:13,689 [grpc-default-executor-5] INFO  server.RaftServer$Division (RaftServerImpl.java:requestVote(1184)) - s1@group-15F04F754428 replies to PRE_VOTE vote request: s0<-s1#0:OK-t0. Peer's state: s1@group-15F04F754428:t0, leader=null, voted=, raftlog=s1@group-15F04F754428-SegmentedRaftLog:OPENED:c-1, conf=-1: [s0|rpc:localhost:34429|admin:localhost:39091|client:localhost:45841|dataStream:localhost:42425|priority:0, s1|rpc:localhost:43311|admin:localhost:42935|client:localhost:45423|dataStream:localhost:45327|priority:0, s2|rpc:localhost:36669|admin:localhost:34421|client:localhost:32999|dataStream:localhost:44651|priority:0], old=null
2022-06-06 19:54:13,689 [grpc-default-executor-2] INFO  impl.VoteContext (VoteContext.java:log(48)) - s2@group-15F04F754428-CANDIDATE: accept PRE_VOTE from s0: our priority 0 <= candidate's priority 0
2022-06-06 19:54:13,689 [grpc-default-executor-2] INFO  server.RaftServer$Division (RaftServerImpl.java:requestVote(1184)) - s2@group-15F04F754428 replies to PRE_VOTE vote request: s0<-s2#0:OK-t0. Peer's state: s2@group-15F04F754428:t0, leader=null, voted=, raftlog=s2@group-15F04F754428-SegmentedRaftLog:OPENED:c-1, conf=-1: [s0|rpc:localhost:34429|admin:localhost:39091|client:localhost:45841|dataStream:localhost:42425|priority:0, s1|rpc:localhost:43311|admin:localhost:42935|client:localhost:45423|dataStream:localhost:45327|priority:0, s2|rpc:localhost:36669|admin:localhost:34421|client:localhost:32999|dataStream:localhost:44651|priority:0], old=null
2022-06-06 19:54:13,696 [grpc-default-executor-2] INFO  server.RaftServer$Division (RaftServerImpl.java:requestVote(1152)) - s0@group-15F04F754428: receive requestVote(PRE_VOTE, s2, group-15F04F754428, 0, (t:0, i:0))
2022-06-06 19:54:13,696 [grpc-default-executor-2] INFO  impl.VoteContext (VoteContext.java:log(48)) - s0@group-15F04F754428-CANDIDATE: accept PRE_VOTE from s2: our priority 0 <= candidate's priority 0
2022-06-06 19:54:13,696 [grpc-default-executor-2] INFO  server.RaftServer$Division (RaftServerImpl.java:requestVote(1184)) - s0@group-15F04F754428 replies to PRE_VOTE vote request: s2<-s0#0:OK-t0. Peer's state: s0@group-15F04F754428:t0, leader=null, voted=, raftlog=s0@group-15F04F754428-SegmentedRaftLog:OPENED:c-1, conf=-1: [s0|rpc:localhost:34429|admin:localhost:39091|client:localhost:45841|dataStream:localhost:42425|priority:0, s1|rpc:localhost:43311|admin:localhost:42935|client:localhost:45423|dataStream:localhost:45327|priority:0, s2|rpc:localhost:36669|admin:localhost:34421|client:localhost:32999|dataStream:localhost:44651|priority:0], old=null
2022-06-06 19:54:13,698 [grpc-default-executor-4] INFO  server.RaftServer$Division (RaftServerImpl.java:requestVote(1152)) - s2@group-15F04F754428: receive requestVote(PRE_VOTE, s1, group-15F04F754428, 0, (t:0, i:0))
2022-06-06 19:54:13,698 [grpc-default-executor-4] INFO  impl.VoteContext (VoteContext.java:log(48)) - s2@group-15F04F754428-CANDIDATE: accept PRE_VOTE from s1: our priority 0 <= candidate's priority 0
2022-06-06 19:54:13,698 [grpc-default-executor-4] INFO  server.RaftServer$Division (RaftServerImpl.java:requestVote(1184)) - s2@group-15F04F754428 replies to PRE_VOTE vote request: s1<-s2#0:OK-t0. Peer's state: s2@group-15F04F754428:t0, leader=null, voted=, raftlog=s2@group-15F04F754428-SegmentedRaftLog:OPENED:c-1, conf=-1: [s0|rpc:localhost:34429|admin:localhost:39091|client:localhost:45841|dataStream:localhost:42425|priority:0, s1|rpc:localhost:43311|admin:localhost:42935|client:localhost:45423|dataStream:localhost:45327|priority:0, s2|rpc:localhost:36669|admin:localhost:34421|client:localhost:32999|dataStream:localhost:44651|priority:0], old=null
2022-06-06 19:54:13,702 [s1@group-15F04F754428-LeaderElection2] INFO  impl.LeaderElection (LeaderElection.java:logAndReturn(90)) - s1@group-15F04F754428-LeaderElection2: PRE_VOTE PASSED received 1 response(s) and 0 exception(s):
2022-06-06 19:54:13,702 [s1@group-15F04F754428-LeaderElection2] INFO  impl.LeaderElection (LeaderElection.java:logAndReturn(94)) -   Response 0: s1<-s0#0:OK-t0
2022-06-06 19:54:13,702 [s1@group-15F04F754428-LeaderElection2] INFO  impl.LeaderElection (LeaderElection.java:askForVotes(312)) - s1@group-15F04F754428-LeaderElection2 PRE_VOTE round 0: result PASSED
2022-06-06 19:54:13,703 [s1@group-15F04F754428-LeaderElection2] INFO  impl.LeaderElection (LeaderElection.java:askForVotes(310)) - s1@group-15F04F754428-LeaderElection2 ELECTION round 0: submit vote requests at term 1 for -1: [s0|rpc:localhost:34429|admin:localhost:39091|client:localhost:45841|dataStream:localhost:42425|priority:0, s1|rpc:localhost:43311|admin:localhost:42935|client:localhost:45423|dataStream:localhost:45327|priority:0, s2|rpc:localhost:36669|admin:localhost:34421|client:localhost:32999|dataStream:localhost:44651|priority:0], old=null
2022-06-06 19:54:13,710 [s0@group-15F04F754428-LeaderElection1] INFO  impl.LeaderElection (LeaderElection.java:logAndReturn(90)) - s0@group-15F04F754428-LeaderElection1: PRE_VOTE PASSED received 1 response(s) and 0 exception(s):
2022-06-06 19:54:13,711 [s0@group-15F04F754428-LeaderElection1] INFO  impl.LeaderElection (LeaderElection.java:logAndReturn(94)) -   Response 0: s0<-s1#0:OK-t0
2022-06-06 19:54:13,711 [s0@group-15F04F754428-LeaderElection1] INFO  impl.LeaderElection (LeaderElection.java:askForVotes(312)) - s0@group-15F04F754428-LeaderElection1 PRE_VOTE round 1: result PASSED
2022-06-06 19:54:13,712 [s0@group-15F04F754428-LeaderElection1] INFO  impl.LeaderElection (LeaderElection.java:askForVotes(310)) - s0@group-15F04F754428-LeaderElection1 ELECTION round 0: submit vote requests at term 1 for -1: [s0|rpc:localhost:34429|admin:localhost:39091|client:localhost:45841|dataStream:localhost:42425|priority:0, s1|rpc:localhost:43311|admin:localhost:42935|client:localhost:45423|dataStream:localhost:45327|priority:0, s2|rpc:localhost:36669|admin:localhost:34421|client:localhost:32999|dataStream:localhost:44651|priority:0], old=null
2022-06-06 19:54:13,716 [grpc-default-executor-4] INFO  server.RaftServer$Division (RaftServerImpl.java:requestVote(1152)) - s0@group-15F04F754428: receive requestVote(ELECTION, s1, group-15F04F754428, 1, (t:0, i:0))
2022-06-06 19:54:13,716 [grpc-default-executor-4] INFO  impl.VoteContext (VoteContext.java:log(48)) - s0@group-15F04F754428-CANDIDATE: reject ELECTION from s1: already has voted for s0 at current term 1
2022-06-06 19:54:13,716 [grpc-default-executor-4] INFO  server.RaftServer$Division (RaftServerImpl.java:requestVote(1184)) - s0@group-15F04F754428 replies to ELECTION vote request: s1<-s0#0:FAIL-t1. Peer's state: s0@group-15F04F754428:t1, leader=null, voted=s0, raftlog=s0@group-15F04F754428-SegmentedRaftLog:OPENED:c-1, conf=-1: [s0|rpc:localhost:34429|admin:localhost:39091|client:localhost:45841|dataStream:localhost:42425|priority:0, s1|rpc:localhost:43311|admin:localhost:42935|client:localhost:45423|dataStream:localhost:45327|priority:0, s2|rpc:localhost:36669|admin:localhost:34421|client:localhost:32999|dataStream:localhost:44651|priority:0], old=null
2022-06-06 19:54:13,719 [s2@group-15F04F754428-LeaderElection3] INFO  impl.LeaderElection (LeaderElection.java:logAndReturn(90)) - s2@group-15F04F754428-LeaderElection3: PRE_VOTE PASSED received 1 response(s) and 0 exception(s):
2022-06-06 19:54:13,719 [s2@group-15F04F754428-LeaderElection3] INFO  impl.LeaderElection (LeaderElection.java:logAndReturn(94)) -   Response 0: s2<-s1#0:OK-t0
2022-06-06 19:54:13,719 [s2@group-15F04F754428-LeaderElection3] INFO  impl.LeaderElection (LeaderElection.java:askForVotes(312)) - s2@group-15F04F754428-LeaderElection3 PRE_VOTE round 0: result PASSED
2022-06-06 19:54:13,721 [s2@group-15F04F754428-LeaderElection3] INFO  impl.LeaderElection (LeaderElection.java:askForVotes(310)) - s2@group-15F04F754428-LeaderElection3 ELECTION round 0: submit vote requests at term 1 for -1: [s0|rpc:localhost:34429|admin:localhost:39091|client:localhost:45841|dataStream:localhost:42425|priority:0, s1|rpc:localhost:43311|admin:localhost:42935|client:localhost:45423|dataStream:localhost:45327|priority:0, s2|rpc:localhost:36669|admin:localhost:34421|client:localhost:32999|dataStream:localhost:44651|priority:0], old=null
2022-06-06 19:54:13,723 [grpc-default-executor-4] INFO  server.RaftServer$Division (RaftServerImpl.java:requestVote(1152)) - s2@group-15F04F754428: receive requestVote(ELECTION, s0, group-15F04F754428, 1, (t:0, i:0))
2022-06-06 19:54:13,723 [grpc-default-executor-4] INFO  impl.VoteContext (VoteContext.java:log(48)) - s2@group-15F04F754428-CANDIDATE: reject ELECTION from s0: already has voted for s2 at current term 1
2022-06-06 19:54:13,723 [grpc-default-executor-4] INFO  server.RaftServer$Division (RaftServerImpl.java:requestVote(1184)) - s2@group-15F04F754428 replies to ELECTION vote request: s0<-s2#0:FAIL-t1. Peer's state: s2@group-15F04F754428:t1, leader=null, voted=s2, raftlog=s2@group-15F04F754428-SegmentedRaftLog:OPENED:c-1, conf=-1: [s0|rpc:localhost:34429|admin:localhost:39091|client:localhost:45841|dataStream:localhost:42425|priority:0, s1|rpc:localhost:43311|admin:localhost:42935|client:localhost:45423|dataStream:localhost:45327|priority:0, s2|rpc:localhost:36669|admin:localhost:34421|client:localhost:32999|dataStream:localhost:44651|priority:0], old=null
2022-06-06 19:54:13,727 [grpc-default-executor-3] INFO  server.RaftServer$Division (RaftServerImpl.java:requestVote(1152)) - s1@group-15F04F754428: receive requestVote(ELECTION, s2, group-15F04F754428, 1, (t:0, i:0))
2022-06-06 19:54:13,727 [grpc-default-executor-3] INFO  impl.VoteContext (VoteContext.java:log(48)) - s1@group-15F04F754428-CANDIDATE: reject ELECTION from s2: already has voted for s1 at current term 1
2022-06-06 19:54:13,727 [grpc-default-executor-7] INFO  server.RaftServer$Division (RaftServerImpl.java:requestVote(1152)) - s2@group-15F04F754428: receive requestVote(ELECTION, s1, group-15F04F754428, 1, (t:0, i:0))
2022-06-06 19:54:13,728 [grpc-default-executor-3] INFO  server.RaftServer$Division (RaftServerImpl.java:requestVote(1184)) - s1@group-15F04F754428 replies to ELECTION vote request: s2<-s1#0:FAIL-t1. Peer's state: s1@group-15F04F754428:t1, leader=null, voted=s1, raftlog=s1@group-15F04F754428-SegmentedRaftLog:OPENED:c-1, conf=-1: [s0|rpc:localhost:34429|admin:localhost:39091|client:localhost:45841|dataStream:localhost:42425|priority:0, s1|rpc:localhost:43311|admin:localhost:42935|client:localhost:45423|dataStream:localhost:45327|priority:0, s2|rpc:localhost:36669|admin:localhost:34421|client:localhost:32999|dataStream:localhost:44651|priority:0], old=null
2022-06-06 19:54:13,728 [grpc-default-executor-6] INFO  server.RaftServer$Division (RaftServerImpl.java:requestVote(1152)) - s1@group-15F04F754428: receive requestVote(ELECTION, s0, group-15F04F754428, 1, (t:0, i:0))
2022-06-06 19:54:13,728 [grpc-default-executor-6] INFO  impl.VoteContext (VoteContext.java:log(48)) - s1@group-15F04F754428-CANDIDATE: reject ELECTION from s0: already has voted for s1 at current term 1
2022-06-06 19:54:13,728 [grpc-default-executor-6] INFO  server.RaftServer$Division (RaftServerImpl.java:requestVote(1184)) - s1@group-15F04F754428 replies to ELECTION vote request: s0<-s1#0:FAIL-t1. Peer's state: s1@group-15F04F754428:t1, leader=null, voted=s1, raftlog=s1@group-15F04F754428-SegmentedRaftLog:OPENED:c-1, conf=-1: [s0|rpc:localhost:34429|admin:localhost:39091|client:localhost:45841|dataStream:localhost:42425|priority:0, s1|rpc:localhost:43311|admin:localhost:42935|client:localhost:45423|dataStream:localhost:45327|priority:0, s2|rpc:localhost:36669|admin:localhost:34421|client:localhost:32999|dataStream:localhost:44651|priority:0], old=null
2022-06-06 19:54:13,728 [grpc-default-executor-7] INFO  impl.VoteContext (VoteContext.java:log(48)) - s2@group-15F04F754428-CANDIDATE: reject ELECTION from s1: already has voted for s2 at current term 1
2022-06-06 19:54:13,729 [grpc-default-executor-7] INFO  server.RaftServer$Division (RaftServerImpl.java:requestVote(1184)) - s2@group-15F04F754428 replies to ELECTION vote request: s1<-s2#0:FAIL-t1. Peer's state: s2@group-15F04F754428:t1, leader=null, voted=s2, raftlog=s2@group-15F04F754428-SegmentedRaftLog:OPENED:c-1, conf=-1: [s0|rpc:localhost:34429|admin:localhost:39091|client:localhost:45841|dataStream:localhost:42425|priority:0, s1|rpc:localhost:43311|admin:localhost:42935|client:localhost:45423|dataStream:localhost:45327|priority:0, s2|rpc:localhost:36669|admin:localhost:34421|client:localhost:32999|dataStream:localhost:44651|priority:0], old=null
2022-06-06 19:54:13,731 [s1@group-15F04F754428-LeaderElection2] INFO  impl.LeaderElection (LeaderElection.java:logAndReturn(90)) - s1@group-15F04F754428-LeaderElection2: ELECTION REJECTED received 2 response(s) and 0 exception(s):
2022-06-06 19:54:13,731 [s1@group-15F04F754428-LeaderElection2] INFO  impl.LeaderElection (LeaderElection.java:logAndReturn(94)) -   Response 0: s1<-s0#0:FAIL-t1
2022-06-06 19:54:13,731 [s1@group-15F04F754428-LeaderElection2] INFO  impl.LeaderElection (LeaderElection.java:logAndReturn(94)) -   Response 1: s1<-s2#0:FAIL-t1
2022-06-06 19:54:13,731 [s1@group-15F04F754428-LeaderElection2] INFO  impl.LeaderElection (LeaderElection.java:askForVotes(312)) - s1@group-15F04F754428-LeaderElection2 ELECTION round 0: result REJECTED
2022-06-06 19:54:13,731 [s1@group-15F04F754428-LeaderElection2] INFO  server.RaftServer$Division (RaftServerImpl.java:setRole(299)) - s1@group-15F04F754428: changes role from CANDIDATE to FOLLOWER at term 1 for REJECTED
2022-06-06 19:54:13,732 [s1@group-15F04F754428-LeaderElection2] INFO  impl.RoleInfo (RoleInfo.java:shutdownLeaderElection(130)) - s1: shutdown s1@group-15F04F754428-LeaderElection2
2022-06-06 19:54:13,732 [s1@group-15F04F754428-LeaderElection2] INFO  impl.RoleInfo (RoleInfo.java:updateAndGet(139)) - s1: start s1@group-15F04F754428-FollowerState
2022-06-06 19:54:13,732 [Time-limited test] WARN  ratis.RaftTestUtil (JavaUtils.java:attempt(172)) - FAILED "waitForLeader-null-(expectLeader? true)", attempt #2/100: java.lang.IllegalStateException: No leader yet : printing ALL groups
  s0:  RUNNING CANDIDATE s0@group-15F04F754428:t1, leader=null, voted=s0, raftlog=s0@group-15F04F754428-SegmentedRaftLog:OPENED:c-1, conf=-1: [s0|rpc:localhost:34429|admin:localhost:39091|client:localhost:45841|dataStream:localhost:42425|priority:0, s1|rpc:localhost:43311|admin:localhost:42935|client:localhost:45423|dataStream:localhost:45327|priority:0, s2|rpc:localhost:36669|admin:localhost:34421|client:localhost:32999|dataStream:localhost:44651|priority:0], old=null RUNNING
  s1:  RUNNING  FOLLOWER s1@group-15F04F754428:t1, leader=null, voted=s1, raftlog=s1@group-15F04F754428-SegmentedRaftLog:OPENED:c-1, conf=-1: [s0|rpc:localhost:34429|admin:localhost:39091|client:localhost:45841|dataStream:localhost:42425|priority:0, s1|rpc:localhost:43311|admin:localhost:42935|client:localhost:45423|dataStream:localhost:45327|priority:0, s2|rpc:localhost:36669|admin:localhost:34421|client:localhost:32999|dataStream:localhost:44651|priority:0], old=null RUNNING
  s2:  RUNNING CANDIDATE s2@group-15F04F754428:t1, leader=null, voted=s2, raftlog=s2@group-15F04F754428-SegmentedRaftLog:OPENED:c-1, conf=-1: [s0|rpc:localhost:34429|admin:localhost:39091|client:localhost:45841|dataStream:localhost:42425|priority:0, s1|rpc:localhost:43311|admin:localhost:42935|client:localhost:45423|dataStream:localhost:45327|priority:0, s2|rpc:localhost:36669|admin:localhost:34421|client:localhost:32999|dataStream:localhost:44651|priority:0], old=null RUNNING, sleep 450ms and then retry.
java.lang.IllegalStateException: No leader yet : printing ALL groups
  s0:  RUNNING CANDIDATE s0@group-15F04F754428:t1, leader=null, voted=s0, raftlog=s0@group-15F04F754428-SegmentedRaftLog:OPENED:c-1, conf=-1: [s0|rpc:localhost:34429|admin:localhost:39091|client:localhost:45841|dataStream:localhost:42425|priority:0, s1|rpc:localhost:43311|admin:localhost:42935|client:localhost:45423|dataStream:localhost:45327|priority:0, s2|rpc:localhost:36669|admin:localhost:34421|client:localhost:32999|dataStream:localhost:44651|priority:0], old=null RUNNING
  s1:  RUNNING  FOLLOWER s1@group-15F04F754428:t1, leader=null, voted=s1, raftlog=s1@group-15F04F754428-SegmentedRaftLog:OPENED:c-1, conf=-1: [s0|rpc:localhost:34429|admin:localhost:39091|client:localhost:45841|dataStream:localhost:42425|priority:0, s1|rpc:localhost:43311|admin:localhost:42935|client:localhost:45423|dataStream:localhost:45327|priority:0, s2|rpc:localhost:36669|admin:localhost:34421|client:localhost:32999|dataStream:localhost:44651|priority:0], old=null RUNNING
  s2:  RUNNING CANDIDATE s2@group-15F04F754428:t1, leader=null, voted=s2, raftlog=s2@group-15F04F754428-SegmentedRaftLog:OPENED:c-1, conf=-1: [s0|rpc:localhost:34429|admin:localhost:39091|client:localhost:45841|dataStream:localhost:42425|priority:0, s1|rpc:localhost:43311|admin:localhost:42935|client:localhost:45423|dataStream:localhost:45327|priority:0, s2|rpc:localhost:36669|admin:localhost:34421|client:localhost:32999|dataStream:localhost:44651|priority:0], old=null RUNNING
	at org.apache.ratis.server.impl.MiniRaftCluster.newIllegalStateExceptionForNoLeaders(MiniRaftCluster.java:533)
	at org.apache.ratis.RaftTestUtil.lambda$waitForLeader$1(RaftTestUtil.java:104)
	at org.apache.ratis.server.impl.MiniRaftCluster.getLeader(MiniRaftCluster.java:567)
	at org.apache.ratis.server.impl.MiniRaftCluster.getLeader(MiniRaftCluster.java:560)
	at org.apache.ratis.RaftTestUtil.lambda$waitForLeader$3(RaftTestUtil.java:112)
	at org.apache.ratis.util.JavaUtils.attempt(JavaUtils.java:166)
	at org.apache.ratis.util.JavaUtils.attemptRepeatedly(JavaUtils.java:152)
	at org.apache.ratis.RaftTestUtil.waitForLeader(RaftTestUtil.java:111)
	at org.apache.ratis.RaftTestUtil.waitForLeader(RaftTestUtil.java:92)
	at org.apache.ratis.RaftTestUtil.waitForLeader(RaftTestUtil.java:87)
	at org.apache.ratis.grpc.TestRaftServerWithGrpc.testRaftClientRequestMetrics(TestRaftServerWithGrpc.java:300)
	at org.apache.ratis.server.impl.MiniRaftCluster$Factory$Get.runWithNewCluster(MiniRaftCluster.java:125)
	at org.apache.ratis.server.impl.MiniRaftCluster$Factory$Get.runWithNewCluster(MiniRaftCluster.java:113)
	at org.apache.ratis.grpc.TestRaftServerWithGrpc.testRaftClientMetrics(TestRaftServerWithGrpc.java:205)
	at sun.reflect.NativeMethodAccessorImpl.invoke0(Native Method)
	at sun.reflect.NativeMethodAccessorImpl.invoke(NativeMethodAccessorImpl.java:62)
	at sun.reflect.DelegatingMethodAccessorImpl.invoke(DelegatingMethodAccessorImpl.java:43)
	at java.lang.reflect.Method.invoke(Method.java:498)
	at org.junit.runners.model.FrameworkMethod$1.runReflectiveCall(FrameworkMethod.java:59)
	at org.junit.internal.runners.model.ReflectiveCallable.run(ReflectiveCallable.java:12)
	at org.junit.runners.model.FrameworkMethod.invokeExplosively(FrameworkMethod.java:56)
	at org.junit.internal.runners.statements.InvokeMethod.evaluate(InvokeMethod.java:17)
	at org.junit.internal.runners.statements.RunBefores.evaluate(RunBefores.java:26)
	at org.junit.internal.runners.statements.RunAfters.evaluate(RunAfters.java:27)
	at org.junit.internal.runners.statements.FailOnTimeout$CallableStatement.call(FailOnTimeout.java:299)
	at org.junit.internal.runners.statements.FailOnTimeout$CallableStatement.call(FailOnTimeout.java:293)
	at java.util.concurrent.FutureTask.run(FutureTask.java:266)
	at java.lang.Thread.run(Thread.java:750)
2022-06-06 19:54:13,733 [grpc-default-executor-3] INFO  server.RaftServer$Division (RaftServerImpl.java:requestVote(1152)) - s0@group-15F04F754428: receive requestVote(ELECTION, s2, group-15F04F754428, 1, (t:0, i:0))
2022-06-06 19:54:13,733 [grpc-default-executor-3] INFO  impl.VoteContext (VoteContext.java:log(48)) - s0@group-15F04F754428-CANDIDATE: reject ELECTION from s2: already has voted for s0 at current term 1
2022-06-06 19:54:13,734 [grpc-default-executor-3] INFO  server.RaftServer$Division (RaftServerImpl.java:requestVote(1184)) - s0@group-15F04F754428 replies to ELECTION vote request: s2<-s0#0:FAIL-t1. Peer's state: s0@group-15F04F754428:t1, leader=null, voted=s0, raftlog=s0@group-15F04F754428-SegmentedRaftLog:OPENED:c-1, conf=-1: [s0|rpc:localhost:34429|admin:localhost:39091|client:localhost:45841|dataStream:localhost:42425|priority:0, s1|rpc:localhost:43311|admin:localhost:42935|client:localhost:45423|dataStream:localhost:45327|priority:0, s2|rpc:localhost:36669|admin:localhost:34421|client:localhost:32999|dataStream:localhost:44651|priority:0], old=null
2022-06-06 19:54:13,739 [s2@group-15F04F754428-LeaderElection3] INFO  impl.LeaderElection (LeaderElection.java:logAndReturn(90)) - s2@group-15F04F754428-LeaderElection3: ELECTION REJECTED received 2 response(s) and 0 exception(s):
2022-06-06 19:54:13,739 [s2@group-15F04F754428-LeaderElection3] INFO  impl.LeaderElection (LeaderElection.java:logAndReturn(94)) -   Response 0: s2<-s0#0:FAIL-t1
2022-06-06 19:54:13,739 [s2@group-15F04F754428-LeaderElection3] INFO  impl.LeaderElection (LeaderElection.java:logAndReturn(94)) -   Response 1: s2<-s1#0:FAIL-t1
2022-06-06 19:54:13,739 [s2@group-15F04F754428-LeaderElection3] INFO  impl.LeaderElection (LeaderElection.java:askForVotes(312)) - s2@group-15F04F754428-LeaderElection3 ELECTION round 0: result REJECTED
2022-06-06 19:54:13,739 [s2@group-15F04F754428-LeaderElection3] INFO  server.RaftServer$Division (RaftServerImpl.java:setRole(299)) - s2@group-15F04F754428: changes role from CANDIDATE to FOLLOWER at term 1 for REJECTED
2022-06-06 19:54:13,739 [s2@group-15F04F754428-LeaderElection3] INFO  impl.RoleInfo (RoleInfo.java:shutdownLeaderElection(130)) - s2: shutdown s2@group-15F04F754428-LeaderElection3
2022-06-06 19:54:13,739 [s2@group-15F04F754428-LeaderElection3] INFO  impl.RoleInfo (RoleInfo.java:updateAndGet(139)) - s2: start s2@group-15F04F754428-FollowerState
2022-06-06 19:54:13,740 [s0@group-15F04F754428-LeaderElection1] INFO  impl.LeaderElection (LeaderElection.java:logAndReturn(90)) - s0@group-15F04F754428-LeaderElection1: ELECTION REJECTED received 2 response(s) and 0 exception(s):
2022-06-06 19:54:13,740 [s0@group-15F04F754428-LeaderElection1] INFO  impl.LeaderElection (LeaderElection.java:logAndReturn(94)) -   Response 0: s0<-s1#0:FAIL-t1
2022-06-06 19:54:13,740 [s0@group-15F04F754428-LeaderElection1] INFO  impl.LeaderElection (LeaderElection.java:logAndReturn(94)) -   Response 1: s0<-s2#0:FAIL-t1
2022-06-06 19:54:13,742 [s0@group-15F04F754428-LeaderElection1] INFO  impl.LeaderElection (LeaderElection.java:askForVotes(312)) - s0@group-15F04F754428-LeaderElection1 ELECTION round 0: result REJECTED
2022-06-06 19:54:13,742 [s0@group-15F04F754428-LeaderElection1] INFO  server.RaftServer$Division (RaftServerImpl.java:setRole(299)) - s0@group-15F04F754428: changes role from CANDIDATE to FOLLOWER at term 1 for REJECTED
2022-06-06 19:54:13,742 [s0@group-15F04F754428-LeaderElection1] INFO  impl.RoleInfo (RoleInfo.java:shutdownLeaderElection(130)) - s0: shutdown s0@group-15F04F754428-LeaderElection1
2022-06-06 19:54:13,742 [s0@group-15F04F754428-LeaderElection1] INFO  impl.RoleInfo (RoleInfo.java:updateAndGet(139)) - s0: start s0@group-15F04F754428-FollowerState
2022-06-06 19:54:13,895 [s2@group-15F04F754428-FollowerState] INFO  impl.FollowerState (FollowerState.java:run(143)) - s2@group-15F04F754428-FollowerState: change to CANDIDATE, lastRpcElapsedTime:155769924ns, electionTimeout:153ms
2022-06-06 19:54:13,895 [s2@group-15F04F754428-FollowerState] INFO  impl.RoleInfo (RoleInfo.java:shutdownFollowerState(110)) - s2: shutdown s2@group-15F04F754428-FollowerState
2022-06-06 19:54:13,895 [s2@group-15F04F754428-FollowerState] INFO  server.RaftServer$Division (RaftServerImpl.java:setRole(299)) - s2@group-15F04F754428: changes role from  FOLLOWER to CANDIDATE at term 1 for changeToCandidate
2022-06-06 19:54:13,896 [s2@group-15F04F754428-FollowerState] INFO  server.RaftServerConfigKeys (ConfUtils.java:logGet(46)) - raft.server.leaderelection.pre-vote = true (default)
2022-06-06 19:54:13,896 [s2@group-15F04F754428-FollowerState] INFO  impl.RoleInfo (RoleInfo.java:updateAndGet(139)) - s2: start s2@group-15F04F754428-LeaderElection4
2022-06-06 19:54:13,896 [s2@group-15F04F754428-LeaderElection4] INFO  impl.LeaderElection (LeaderElection.java:askForVotes(310)) - s2@group-15F04F754428-LeaderElection4 PRE_VOTE round 0: submit vote requests at term 1 for -1: [s0|rpc:localhost:34429|admin:localhost:39091|client:localhost:45841|dataStream:localhost:42425|priority:0, s1|rpc:localhost:43311|admin:localhost:42935|client:localhost:45423|dataStream:localhost:45327|priority:0, s2|rpc:localhost:36669|admin:localhost:34421|client:localhost:32999|dataStream:localhost:44651|priority:0], old=null
2022-06-06 19:54:13,898 [grpc-default-executor-3] INFO  server.RaftServer$Division (RaftServerImpl.java:requestVote(1152)) - s0@group-15F04F754428: receive requestVote(PRE_VOTE, s2, group-15F04F754428, 1, (t:0, i:0))
2022-06-06 19:54:13,899 [grpc-default-executor-3] INFO  impl.VoteContext (VoteContext.java:log(48)) - s0@group-15F04F754428-FOLLOWER: accept PRE_VOTE from s2: our priority 0 <= candidate's priority 0
2022-06-06 19:54:13,900 [grpc-default-executor-3] INFO  server.RaftServer$Division (RaftServerImpl.java:requestVote(1184)) - s0@group-15F04F754428 replies to PRE_VOTE vote request: s2<-s0#0:OK-t1. Peer's state: s0@group-15F04F754428:t1, leader=null, voted=s0, raftlog=s0@group-15F04F754428-SegmentedRaftLog:OPENED:c-1, conf=-1: [s0|rpc:localhost:34429|admin:localhost:39091|client:localhost:45841|dataStream:localhost:42425|priority:0, s1|rpc:localhost:43311|admin:localhost:42935|client:localhost:45423|dataStream:localhost:45327|priority:0, s2|rpc:localhost:36669|admin:localhost:34421|client:localhost:32999|dataStream:localhost:44651|priority:0], old=null
2022-06-06 19:54:13,902 [s2@group-15F04F754428-LeaderElection4] INFO  impl.LeaderElection (LeaderElection.java:logAndReturn(90)) - s2@group-15F04F754428-LeaderElection4: PRE_VOTE PASSED received 1 response(s) and 0 exception(s):
2022-06-06 19:54:13,902 [s2@group-15F04F754428-LeaderElection4] INFO  impl.LeaderElection (LeaderElection.java:logAndReturn(94)) -   Response 0: s2<-s0#0:OK-t1
2022-06-06 19:54:13,902 [s2@group-15F04F754428-LeaderElection4] INFO  impl.LeaderElection (LeaderElection.java:askForVotes(312)) - s2@group-15F04F754428-LeaderElection4 PRE_VOTE round 0: result PASSED
2022-06-06 19:54:13,903 [s2@group-15F04F754428-LeaderElection4] INFO  impl.LeaderElection (LeaderElection.java:askForVotes(310)) - s2@group-15F04F754428-LeaderElection4 ELECTION round 0: submit vote requests at term 2 for -1: [s0|rpc:localhost:34429|admin:localhost:39091|client:localhost:45841|dataStream:localhost:42425|priority:0, s1|rpc:localhost:43311|admin:localhost:42935|client:localhost:45423|dataStream:localhost:45327|priority:0, s2|rpc:localhost:36669|admin:localhost:34421|client:localhost:32999|dataStream:localhost:44651|priority:0], old=null
2022-06-06 19:54:13,903 [grpc-default-executor-3] INFO  server.RaftServer$Division (RaftServerImpl.java:requestVote(1152)) - s1@group-15F04F754428: receive requestVote(PRE_VOTE, s2, group-15F04F754428, 1, (t:0, i:0))
2022-06-06 19:54:13,904 [grpc-default-executor-3] INFO  impl.VoteContext (VoteContext.java:log(48)) - s1@group-15F04F754428-FOLLOWER: accept PRE_VOTE from s2: our priority 0 <= candidate's priority 0
2022-06-06 19:54:13,904 [grpc-default-executor-3] INFO  server.RaftServer$Division (RaftServerImpl.java:requestVote(1184)) - s1@group-15F04F754428 replies to PRE_VOTE vote request: s2<-s1#0:OK-t1. Peer's state: s1@group-15F04F754428:t1, leader=null, voted=s1, raftlog=s1@group-15F04F754428-SegmentedRaftLog:OPENED:c-1, conf=-1: [s0|rpc:localhost:34429|admin:localhost:39091|client:localhost:45841|dataStream:localhost:42425|priority:0, s1|rpc:localhost:43311|admin:localhost:42935|client:localhost:45423|dataStream:localhost:45327|priority:0, s2|rpc:localhost:36669|admin:localhost:34421|client:localhost:32999|dataStream:localhost:44651|priority:0], old=null
2022-06-06 19:54:13,908 [grpc-default-executor-3] INFO  server.RaftServer$Division (RaftServerImpl.java:requestVote(1152)) - s0@group-15F04F754428: receive requestVote(ELECTION, s2, group-15F04F754428, 2, (t:0, i:0))
2022-06-06 19:54:13,908 [grpc-default-executor-3] INFO  impl.VoteContext (VoteContext.java:log(48)) - s0@group-15F04F754428-FOLLOWER: accept ELECTION from s2: our priority 0 <= candidate's priority 0
2022-06-06 19:54:13,908 [grpc-default-executor-3] INFO  server.RaftServer$Division (RaftServerImpl.java:setRole(299)) - s0@group-15F04F754428: changes role from  FOLLOWER to FOLLOWER at term 2 for candidate:s2
2022-06-06 19:54:13,908 [grpc-default-executor-3] INFO  impl.RoleInfo (RoleInfo.java:shutdownFollowerState(110)) - s0: shutdown s0@group-15F04F754428-FollowerState
2022-06-06 19:54:13,908 [grpc-default-executor-3] INFO  impl.RoleInfo (RoleInfo.java:updateAndGet(139)) - s0: start s0@group-15F04F754428-FollowerState
2022-06-06 19:54:13,908 [s0@group-15F04F754428-FollowerState] INFO  impl.FollowerState (FollowerState.java:run(152)) - s0@group-15F04F754428-FollowerState was interrupted
2022-06-06 19:54:13,911 [grpc-default-executor-4] INFO  server.RaftServer$Division (RaftServerImpl.java:requestVote(1152)) - s1@group-15F04F754428: receive requestVote(ELECTION, s2, group-15F04F754428, 2, (t:0, i:0))
2022-06-06 19:54:13,911 [grpc-default-executor-4] INFO  impl.VoteContext (VoteContext.java:log(48)) - s1@group-15F04F754428-FOLLOWER: accept ELECTION from s2: our priority 0 <= candidate's priority 0
2022-06-06 19:54:13,911 [grpc-default-executor-4] INFO  server.RaftServer$Division (RaftServerImpl.java:setRole(299)) - s1@group-15F04F754428: changes role from  FOLLOWER to FOLLOWER at term 2 for candidate:s2
2022-06-06 19:54:13,911 [grpc-default-executor-4] INFO  impl.RoleInfo (RoleInfo.java:shutdownFollowerState(110)) - s1: shutdown s1@group-15F04F754428-FollowerState
2022-06-06 19:54:13,911 [grpc-default-executor-4] INFO  impl.RoleInfo (RoleInfo.java:updateAndGet(139)) - s1: start s1@group-15F04F754428-FollowerState
2022-06-06 19:54:13,911 [s1@group-15F04F754428-FollowerState] INFO  impl.FollowerState (FollowerState.java:run(152)) - s1@group-15F04F754428-FollowerState was interrupted
2022-06-06 19:54:13,912 [grpc-default-executor-3] INFO  server.RaftServer$Division (RaftServerImpl.java:requestVote(1184)) - s0@group-15F04F754428 replies to ELECTION vote request: s2<-s0#0:OK-t2. Peer's state: s0@group-15F04F754428:t2, leader=null, voted=s2, raftlog=s0@group-15F04F754428-SegmentedRaftLog:OPENED:c-1, conf=-1: [s0|rpc:localhost:34429|admin:localhost:39091|client:localhost:45841|dataStream:localhost:42425|priority:0, s1|rpc:localhost:43311|admin:localhost:42935|client:localhost:45423|dataStream:localhost:45327|priority:0, s2|rpc:localhost:36669|admin:localhost:34421|client:localhost:32999|dataStream:localhost:44651|priority:0], old=null
2022-06-06 19:54:13,913 [grpc-default-executor-4] INFO  server.RaftServer$Division (RaftServerImpl.java:requestVote(1184)) - s1@group-15F04F754428 replies to ELECTION vote request: s2<-s1#0:OK-t2. Peer's state: s1@group-15F04F754428:t2, leader=null, voted=s2, raftlog=s1@group-15F04F754428-SegmentedRaftLog:OPENED:c-1, conf=-1: [s0|rpc:localhost:34429|admin:localhost:39091|client:localhost:45841|dataStream:localhost:42425|priority:0, s1|rpc:localhost:43311|admin:localhost:42935|client:localhost:45423|dataStream:localhost:45327|priority:0, s2|rpc:localhost:36669|admin:localhost:34421|client:localhost:32999|dataStream:localhost:44651|priority:0], old=null
2022-06-06 19:54:13,913 [s2@group-15F04F754428-LeaderElection4] INFO  impl.LeaderElection (LeaderElection.java:logAndReturn(90)) - s2@group-15F04F754428-LeaderElection4: ELECTION PASSED received 1 response(s) and 0 exception(s):
2022-06-06 19:54:13,913 [s2@group-15F04F754428-LeaderElection4] INFO  impl.LeaderElection (LeaderElection.java:logAndReturn(94)) -   Response 0: s2<-s0#0:OK-t2
2022-06-06 19:54:13,913 [s2@group-15F04F754428-LeaderElection4] INFO  impl.LeaderElection (LeaderElection.java:askForVotes(312)) - s2@group-15F04F754428-LeaderElection4 ELECTION round 0: result PASSED
2022-06-06 19:54:13,913 [s2@group-15F04F754428-LeaderElection4] INFO  impl.RoleInfo (RoleInfo.java:shutdownLeaderElection(130)) - s2: shutdown s2@group-15F04F754428-LeaderElection4
2022-06-06 19:54:13,913 [s2@group-15F04F754428-LeaderElection4] INFO  server.RaftServer$Division (RaftServerImpl.java:setRole(299)) - s2@group-15F04F754428: changes role from CANDIDATE to LEADER at term 2 for changeToLeader
2022-06-06 19:54:13,913 [s2@group-15F04F754428-LeaderElection4] INFO  server.RaftServer$Division (ServerState.java:setLeader(287)) - s2@group-15F04F754428: change Leader from null to s2 at term 2 for becomeLeader, leader elected after 846ms
2022-06-06 19:54:13,917 [s2@group-15F04F754428-LeaderElection4] INFO  server.RaftServerConfigKeys (ConfUtils.java:logGet(46)) - raft.server.staging.catchup.gap = 1000 (default)
2022-06-06 19:54:13,920 [s2@group-15F04F754428-LeaderElection4] INFO  server.RaftServerConfigKeys (ConfUtils.java:logGet(46)) - raft.server.write.element-limit = 4096 (default)
2022-06-06 19:54:13,921 [s2@group-15F04F754428-LeaderElection4] INFO  server.RaftServerConfigKeys (ConfUtils.java:logGet(46)) - raft.server.write.byte-limit = 64MB (=67108864) (default)
2022-06-06 19:54:13,925 [s2@group-15F04F754428-LeaderElection4] INFO  server.RaftServerConfigKeys (ConfUtils.java:logGet(46)) - raft.server.watch.timeout = 10s (default)
2022-06-06 19:54:13,925 [s2@group-15F04F754428-LeaderElection4] INFO  server.RaftServerConfigKeys (ConfUtils.java:logGet(46)) - raft.server.watch.timeout.denomination = 1s (default)
2022-06-06 19:54:13,926 [s2@group-15F04F754428-LeaderElection4] INFO  server.RaftServerConfigKeys (ConfUtils.java:logGet(46)) - raft.server.watch.element-limit = 65536 (default)
2022-06-06 19:54:13,930 [s2@group-15F04F754428-LeaderElection4] INFO  server.RaftServerConfigKeys (ConfUtils.java:logGet(46)) - raft.server.write.element-limit = 4096 (default)
2022-06-06 19:54:13,931 [s2@group-15F04F754428-LeaderElection4] INFO  server.RaftServerConfigKeys (ConfUtils.java:logGet(46)) - raft.server.write.follower.gap.ratio.max = -1.0 (default)
2022-06-06 19:54:13,938 [s2@group-15F04F754428-LeaderElection4] INFO  server.RaftServerConfigKeys (ConfUtils.java:logGet(46)) - raft.server.log.appender.snapshot.chunk.size.max = 16MB (=16777216) (default)
2022-06-06 19:54:13,938 [s2@group-15F04F754428-LeaderElection4] INFO  server.RaftServerConfigKeys (ConfUtils.java:logGet(46)) - raft.server.log.appender.buffer.byte-limit = 4MB (=4194304) (default)
2022-06-06 19:54:13,938 [s2@group-15F04F754428-LeaderElection4] INFO  server.RaftServerConfigKeys (ConfUtils.java:logGet(46)) - raft.server.log.appender.buffer.element-limit = 0 (default)
2022-06-06 19:54:13,941 [s2@group-15F04F754428-LeaderElection4] INFO  grpc.GrpcConfigKeys (ConfUtils.java:logGet(46)) - raft.grpc.server.leader.outstanding.appends.max = 128 (default)
2022-06-06 19:54:13,941 [s2@group-15F04F754428-LeaderElection4] INFO  server.RaftServerConfigKeys (ConfUtils.java:logGet(46)) - raft.server.rpc.request.timeout = 3000ms (default)
2022-06-06 19:54:13,941 [s2@group-15F04F754428-LeaderElection4] INFO  server.RaftServerConfigKeys (ConfUtils.java:logGet(46)) - raft.server.log.appender.install.snapshot.enabled = true (default)
2022-06-06 19:54:13,942 [s2@group-15F04F754428-LeaderElection4] INFO  server.RaftServerConfigKeys (ConfUtils.java:logGet(46)) - raft.server.log.appender.snapshot.chunk.size.max = 16MB (=16777216) (default)
2022-06-06 19:54:13,942 [s2@group-15F04F754428-LeaderElection4] INFO  server.RaftServerConfigKeys (ConfUtils.java:logGet(46)) - raft.server.log.appender.buffer.byte-limit = 4MB (=4194304) (default)
2022-06-06 19:54:13,942 [s2@group-15F04F754428-LeaderElection4] INFO  server.RaftServerConfigKeys (ConfUtils.java:logGet(46)) - raft.server.log.appender.buffer.element-limit = 0 (default)
2022-06-06 19:54:13,942 [s2@group-15F04F754428-LeaderElection4] INFO  grpc.GrpcConfigKeys (ConfUtils.java:logGet(46)) - raft.grpc.server.leader.outstanding.appends.max = 128 (default)
2022-06-06 19:54:13,943 [s2@group-15F04F754428-LeaderElection4] INFO  server.RaftServerConfigKeys (ConfUtils.java:logGet(46)) - raft.server.rpc.request.timeout = 3000ms (default)
2022-06-06 19:54:13,943 [s2@group-15F04F754428-LeaderElection4] INFO  server.RaftServerConfigKeys (ConfUtils.java:logGet(46)) - raft.server.log.appender.install.snapshot.enabled = true (default)
2022-06-06 19:54:13,944 [s2@group-15F04F754428-LeaderElection4] INFO  impl.RoleInfo (RoleInfo.java:updateAndGet(139)) - s2: start s2@group-15F04F754428-LeaderStateImpl
2022-06-06 19:54:13,957 [s2@group-15F04F754428-LeaderElection4] INFO  segmented.SegmentedRaftLogWorker (SegmentedRaftLogWorker.java:startLogSegment(425)) - s2@group-15F04F754428-SegmentedRaftLogWorker: Starting segment from index:0
2022-06-06 19:54:13,983 [s2@group-15F04F754428-LeaderElection4] INFO  server.RaftServer$Division (ServerState.java:setRaftConf(393)) - s2@group-15F04F754428: set configuration 0: [s0|rpc:localhost:34429|admin:localhost:39091|client:localhost:45841|dataStream:localhost:42425|priority:0, s1|rpc:localhost:43311|admin:localhost:42935|client:localhost:45423|dataStream:localhost:45327|priority:0, s2|rpc:localhost:36669|admin:localhost:34421|client:localhost:32999|dataStream:localhost:44651|priority:0], old=null
2022-06-06 19:54:14,004 [s0-server-thread1] INFO  server.RaftServer$Division (ServerState.java:setLeader(287)) - s0@group-15F04F754428: change Leader from null to s2 at term 2 for appendEntries, leader elected after 940ms
2022-06-06 19:54:14,005 [s1-server-thread1] INFO  server.RaftServer$Division (ServerState.java:setLeader(287)) - s1@group-15F04F754428: change Leader from null to s2 at term 2 for appendEntries, leader elected after 941ms
2022-06-06 19:54:14,023 [s1-server-thread1] INFO  server.RaftServer$Division (ServerState.java:setRaftConf(393)) - s1@group-15F04F754428: set configuration 0: [s0|rpc:localhost:34429|admin:localhost:39091|client:localhost:45841|dataStream:localhost:42425|priority:0, s1|rpc:localhost:43311|admin:localhost:42935|client:localhost:45423|dataStream:localhost:45327|priority:0, s2|rpc:localhost:36669|admin:localhost:34421|client:localhost:32999|dataStream:localhost:44651|priority:0], old=null
2022-06-06 19:54:14,023 [s1-server-thread1] INFO  segmented.SegmentedRaftLogWorker (SegmentedRaftLogWorker.java:startLogSegment(425)) - s1@group-15F04F754428-SegmentedRaftLogWorker: Starting segment from index:0
2022-06-06 19:54:14,024 [s0-server-thread1] INFO  server.RaftServer$Division (ServerState.java:setRaftConf(393)) - s0@group-15F04F754428: set configuration 0: [s0|rpc:localhost:34429|admin:localhost:39091|client:localhost:45841|dataStream:localhost:42425|priority:0, s1|rpc:localhost:43311|admin:localhost:42935|client:localhost:45423|dataStream:localhost:45327|priority:0, s2|rpc:localhost:36669|admin:localhost:34421|client:localhost:32999|dataStream:localhost:44651|priority:0], old=null
2022-06-06 19:54:14,024 [s0-server-thread1] INFO  segmented.SegmentedRaftLogWorker (SegmentedRaftLogWorker.java:startLogSegment(425)) - s0@group-15F04F754428-SegmentedRaftLogWorker: Starting segment from index:0
2022-06-06 19:54:14,061 [s1@group-15F04F754428-SegmentedRaftLogWorker] INFO  segmented.SegmentedRaftLogWorker (SegmentedRaftLogWorker.java:execute(629)) - s1@group-15F04F754428-SegmentedRaftLogWorker: created new log segment /home/runner/work/ratis/ratis/ratis-test/target/test/data/6188d371/MiniRaftClusterWithGrpca181d7c0/s1/88edd597-e827-4a64-9f9e-15f04f754428/current/log_inprogress_0
2022-06-06 19:54:14,062 [s2@group-15F04F754428-SegmentedRaftLogWorker] INFO  segmented.SegmentedRaftLogWorker (SegmentedRaftLogWorker.java:execute(629)) - s2@group-15F04F754428-SegmentedRaftLogWorker: created new log segment /home/runner/work/ratis/ratis/ratis-test/target/test/data/6188d371/MiniRaftClusterWithGrpca181d7c0/s2/88edd597-e827-4a64-9f9e-15f04f754428/current/log_inprogress_0
2022-06-06 19:54:14,061 [s0@group-15F04F754428-SegmentedRaftLogWorker] INFO  segmented.SegmentedRaftLogWorker (SegmentedRaftLogWorker.java:execute(629)) - s0@group-15F04F754428-SegmentedRaftLogWorker: created new log segment /home/runner/work/ratis/ratis/ratis-test/target/test/data/6188d371/MiniRaftClusterWithGrpca181d7c0/s0/88edd597-e827-4a64-9f9e-15f04f754428/current/log_inprogress_0
2022-06-06 19:54:14,184 [Time-limited test] INFO  ratis.RaftTestUtil (RaftTestUtil.java:waitForLeader(119)) - printing ALL groups
  s0:  RUNNING  FOLLOWER s0@group-15F04F754428:t2, leader=s2, voted=s2, raftlog=s0@group-15F04F754428-SegmentedRaftLog:OPENED:c0, conf=0: [s0|rpc:localhost:34429|admin:localhost:39091|client:localhost:45841|dataStream:localhost:42425|priority:0, s1|rpc:localhost:43311|admin:localhost:42935|client:localhost:45423|dataStream:localhost:45327|priority:0, s2|rpc:localhost:36669|admin:localhost:34421|client:localhost:32999|dataStream:localhost:44651|priority:0], old=null RUNNING
  s1:  RUNNING  FOLLOWER s1@group-15F04F754428:t2, leader=s2, voted=s2, raftlog=s1@group-15F04F754428-SegmentedRaftLog:OPENED:c0, conf=0: [s0|rpc:localhost:34429|admin:localhost:39091|client:localhost:45841|dataStream:localhost:42425|priority:0, s1|rpc:localhost:43311|admin:localhost:42935|client:localhost:45423|dataStream:localhost:45327|priority:0, s2|rpc:localhost:36669|admin:localhost:34421|client:localhost:32999|dataStream:localhost:44651|priority:0], old=null RUNNING
  s2:  RUNNING    LEADER s2@group-15F04F754428:t2, leader=s2, voted=s2, raftlog=s2@group-15F04F754428-SegmentedRaftLog:OPENED:c0, conf=0: [s0|rpc:localhost:34429|admin:localhost:39091|client:localhost:45841|dataStream:localhost:42425|priority:0, s1|rpc:localhost:43311|admin:localhost:42935|client:localhost:45423|dataStream:localhost:45327|priority:0, s2|rpc:localhost:36669|admin:localhost:34421|client:localhost:32999|dataStream:localhost:44651|priority:0], old=null RUNNING
2022-06-06 19:54:14,230 [Time-limited test] DEBUG client.GrpcClientProtocolClient (ConfUtils.java:logGet(46)) - raft.grpc.flow.control.window = 1MB (=1048576) (default)
2022-06-06 19:54:14,231 [Time-limited test] DEBUG client.GrpcClientProtocolClient (ConfUtils.java:logGet(46)) - raft.grpc.message.size.max = 64MB (=67108864) (default)
2022-06-06 19:54:14,274 [grpc-default-executor-3] TRACE client.GrpcClientProtocolClient (GrpcClientProtocolClient.java:onNext(322)) - client-8026E1179E5E->s0: receive RaftClientReply:client-8026E1179E5E->s0@group-15F04F754428, cid=0, FAILED org.apache.ratis.protocol.exceptions.NotLeaderException: Server s0@group-15F04F754428 is not the leader s2|rpc:localhost:36669|admin:localhost:34421|client:localhost:32999|dataStream:localhost:44651|priority:0, logIndex=0, commits[s0:c0, s1:c0, s2:c0]
2022-06-06 19:54:14,284 [java.util.concurrent.ThreadPoolExecutor$Worker@51ccd589[State = -1, empty queue]] DEBUG client.GrpcClientProtocolClient (ConfUtils.java:logGet(46)) - raft.grpc.flow.control.window = 1MB (=1048576) (default)
2022-06-06 19:54:14,285 [java.util.concurrent.ThreadPoolExecutor$Worker@51ccd589[State = -1, empty queue]] DEBUG client.GrpcClientProtocolClient (ConfUtils.java:logGet(46)) - raft.grpc.message.size.max = 64MB (=67108864) (default)
2022-06-06 19:54:14,294 [grpc-default-executor-3] TRACE client.GrpcClientProtocolClient (GrpcClientProtocolClient.java:onNext(322)) - client-8026E1179E5E->s2: receive RaftClientReply:client-8026E1179E5E->s2@group-15F04F754428, cid=0, SUCCESS, logIndex=0, commits[s2:c0, s0:c0, s1:c0]
2022-06-06 19:54:14,324 [s2@group-15F04F754428-StateMachineUpdater] INFO  statemachine.SimpleStateMachine4Testing (SimpleStateMachine4Testing.java:put(204)) - s2: put 1, testing -> (t:2, i:1), STATEMACHINELOGENTRY, 1@client-8026E1179E5E
2022-06-06 19:54:14,329 [grpc-default-executor-6] TRACE client.GrpcClientProtocolClient (GrpcClientProtocolClient.java:onNext(322)) - client-8026E1179E5E->s2: receive RaftClientReply:client-8026E1179E5E->s2@group-15F04F754428, cid=1, SUCCESS, logIndex=1, commits[s2:c1, s0:c0, s1:c0]
2022-06-06 19:54:14,331 [s1@group-15F04F754428-StateMachineUpdater] INFO  statemachine.SimpleStateMachine4Testing (SimpleStateMachine4Testing.java:put(204)) - s1: put 1, testing -> (t:2, i:1), STATEMACHINELOGENTRY, 1@client-8026E1179E5E
2022-06-06 19:54:14,332 [s0@group-15F04F754428-StateMachineUpdater] INFO  statemachine.SimpleStateMachine4Testing (SimpleStateMachine4Testing.java:put(204)) - s0: put 1, testing -> (t:2, i:1), STATEMACHINELOGENTRY, 1@client-8026E1179E5E
2022-06-06 19:54:14,335 [Time-limited test] INFO  impl.MiniRaftCluster (MiniRaftCluster.java:shutdown(760)) - ************************************************************** 
2022-06-06 19:54:14,335 [Time-limited test] INFO  impl.MiniRaftCluster (MiniRaftCluster.java:shutdown(761)) - *** 
2022-06-06 19:54:14,335 [Time-limited test] INFO  impl.MiniRaftCluster (MiniRaftCluster.java:shutdown(762)) - ***     Stopping MiniRaftClusterWithGrpc
2022-06-06 19:54:14,335 [Time-limited test] INFO  impl.MiniRaftCluster (MiniRaftCluster.java:shutdown(763)) - *** 
2022-06-06 19:54:14,335 [Time-limited test] INFO  impl.MiniRaftCluster (MiniRaftCluster.java:shutdown(764)) - ************************************************************** 
2022-06-06 19:54:14,336 [Time-limited test] INFO  impl.MiniRaftCluster (MiniRaftCluster.java:shutdown(765)) - printing ALL groups
  s0:  RUNNING  FOLLOWER s0@group-15F04F754428:t2, leader=s2, voted=s2, raftlog=s0@group-15F04F754428-SegmentedRaftLog:OPENED:c1, conf=0: [s0|rpc:localhost:34429|admin:localhost:39091|client:localhost:45841|dataStream:localhost:42425|priority:0, s1|rpc:localhost:43311|admin:localhost:42935|client:localhost:45423|dataStream:localhost:45327|priority:0, s2|rpc:localhost:36669|admin:localhost:34421|client:localhost:32999|dataStream:localhost:44651|priority:0], old=null RUNNING
  s1:  RUNNING  FOLLOWER s1@group-15F04F754428:t2, leader=s2, voted=s2, raftlog=s1@group-15F04F754428-SegmentedRaftLog:OPENED:c1, conf=0: [s0|rpc:localhost:34429|admin:localhost:39091|client:localhost:45841|dataStream:localhost:42425|priority:0, s1|rpc:localhost:43311|admin:localhost:42935|client:localhost:45423|dataStream:localhost:45327|priority:0, s2|rpc:localhost:36669|admin:localhost:34421|client:localhost:32999|dataStream:localhost:44651|priority:0], old=null RUNNING
  s2:  RUNNING    LEADER s2@group-15F04F754428:t2, leader=s2, voted=s2, raftlog=s2@group-15F04F754428-SegmentedRaftLog:OPENED:c2, conf=0: [s0|rpc:localhost:34429|admin:localhost:39091|client:localhost:45841|dataStream:localhost:42425|priority:0, s1|rpc:localhost:43311|admin:localhost:42935|client:localhost:45423|dataStream:localhost:45327|priority:0, s2|rpc:localhost:36669|admin:localhost:34421|client:localhost:32999|dataStream:localhost:44651|priority:0], old=null RUNNING
2022-06-06 19:54:14,338 [java.util.concurrent.ThreadPoolExecutor$Worker@3e0d0dda[State = -1, empty queue]] INFO  server.RaftServer (RaftServerProxy.java:lambda$close$7(398)) - s0: close
2022-06-06 19:54:14,338 [java.util.concurrent.ThreadPoolExecutor$Worker@3e0d0dda[State = -1, empty queue]] INFO  server.RaftServer$Division (RaftServerImpl.java:lambda$close$4(434)) - s0@group-15F04F754428: shutdown
2022-06-06 19:54:14,338 [java.util.concurrent.ThreadPoolExecutor$Worker@3e0d0dda[State = -1, empty queue]] INFO  util.JmxRegister (JmxRegister.java:unregister(73)) - Successfully un-registered JMX Bean with object name Ratis:service=RaftServer,group=group-15F04F754428,id=s0
2022-06-06 19:54:14,339 [java.util.concurrent.ThreadPoolExecutor$Worker@3e0d0dda[State = -1, empty queue]] INFO  impl.RoleInfo (RoleInfo.java:shutdownFollowerState(110)) - s0: shutdown s0@group-15F04F754428-FollowerState
2022-06-06 19:54:14,339 [s0@group-15F04F754428-FollowerState] INFO  impl.FollowerState (FollowerState.java:run(152)) - s0@group-15F04F754428-FollowerState was interrupted
2022-06-06 19:54:14,339 [java.util.concurrent.ThreadPoolExecutor$Worker@3e0d0dda[State = -1, empty queue]] INFO  impl.StateMachineUpdater (StateMachineUpdater.java:stopAndJoin(153)) - s0@group-15F04F754428-StateMachineUpdater: set stopIndex = 1
2022-06-06 19:54:14,339 [java.util.concurrent.ThreadPoolExecutor$Worker@3e0d0dda[State = -1, empty queue]] INFO  server.RaftServer$Division (ServerState.java:close(429)) - s0@group-15F04F754428: closes. applyIndex: 1
2022-06-06 19:54:14,340 [s0@group-15F04F754428-SegmentedRaftLogWorker] INFO  segmented.SegmentedRaftLogWorker (SegmentedRaftLogWorker.java:run(336)) - s0@group-15F04F754428-SegmentedRaftLogWorker was interrupted, exiting. There are 0 tasks remaining in the queue.
2022-06-06 19:54:14,341 [java.util.concurrent.ThreadPoolExecutor$Worker@3e0d0dda[State = -1, empty queue]] INFO  segmented.SegmentedRaftLogWorker (SegmentedRaftLogWorker.java:close(246)) - s0@group-15F04F754428-SegmentedRaftLogWorker close()
2022-06-06 19:54:14,342 [java.util.concurrent.ThreadPoolExecutor$Worker@3e0d0dda[State = -1, empty queue]] INFO  server.GrpcService (GrpcService.java:closeImpl(269)) - s0: shutdown server with port 34429 now
2022-06-06 19:54:14,343 [java.util.concurrent.ThreadPoolExecutor$Worker@365fee89[State = -1, empty queue]] INFO  server.RaftServer (RaftServerProxy.java:lambda$close$7(398)) - s2: close
2022-06-06 19:54:14,343 [java.util.concurrent.ThreadPoolExecutor$Worker@365fee89[State = -1, empty queue]] INFO  server.RaftServer$Division (RaftServerImpl.java:lambda$close$4(434)) - s2@group-15F04F754428: shutdown
2022-06-06 19:54:14,343 [java.util.concurrent.ThreadPoolExecutor$Worker@365fee89[State = -1, empty queue]] INFO  util.JmxRegister (JmxRegister.java:unregister(73)) - Successfully un-registered JMX Bean with object name Ratis:service=RaftServer,group=group-15F04F754428,id=s2
2022-06-06 19:54:14,343 [java.util.concurrent.ThreadPoolExecutor$Worker@365fee89[State = -1, empty queue]] INFO  impl.RoleInfo (RoleInfo.java:shutdownLeaderState(93)) - s2: shutdown s2@group-15F04F754428-LeaderStateImpl
2022-06-06 19:54:14,344 [java.util.concurrent.ThreadPoolExecutor$Worker@416ee61a[State = -1, empty queue]] INFO  server.RaftServer (RaftServerProxy.java:lambda$close$7(398)) - s1: close
2022-06-06 19:54:14,344 [java.util.concurrent.ThreadPoolExecutor$Worker@416ee61a[State = -1, empty queue]] INFO  server.RaftServer$Division (RaftServerImpl.java:lambda$close$4(434)) - s1@group-15F04F754428: shutdown
2022-06-06 19:54:14,350 [java.util.concurrent.ThreadPoolExecutor$Worker@416ee61a[State = -1, empty queue]] INFO  util.JmxRegister (JmxRegister.java:unregister(73)) - Successfully un-registered JMX Bean with object name Ratis:service=RaftServer,group=group-15F04F754428,id=s1
2022-06-06 19:54:14,351 [java.util.concurrent.ThreadPoolExecutor$Worker@416ee61a[State = -1, empty queue]] INFO  impl.RoleInfo (RoleInfo.java:shutdownFollowerState(110)) - s1: shutdown s1@group-15F04F754428-FollowerState
2022-06-06 19:54:14,351 [s1@group-15F04F754428-FollowerState] INFO  impl.FollowerState (FollowerState.java:run(152)) - s1@group-15F04F754428-FollowerState was interrupted
2022-06-06 19:54:14,351 [java.util.concurrent.ThreadPoolExecutor$Worker@416ee61a[State = -1, empty queue]] INFO  impl.StateMachineUpdater (StateMachineUpdater.java:stopAndJoin(153)) - s1@group-15F04F754428-StateMachineUpdater: set stopIndex = 1
2022-06-06 19:54:14,351 [java.util.concurrent.ThreadPoolExecutor$Worker@416ee61a[State = -1, empty queue]] INFO  server.RaftServer$Division (ServerState.java:close(429)) - s1@group-15F04F754428: closes. applyIndex: 1
2022-06-06 19:54:14,351 [s1@group-15F04F754428-SegmentedRaftLogWorker] INFO  segmented.SegmentedRaftLogWorker (SegmentedRaftLogWorker.java:run(336)) - s1@group-15F04F754428-SegmentedRaftLogWorker was interrupted, exiting. There are 0 tasks remaining in the queue.
2022-06-06 19:54:14,345 [java.util.concurrent.ThreadPoolExecutor$Worker@365fee89[State = -1, empty queue]] INFO  impl.PendingRequests (PendingRequests.java:sendNotLeaderResponses(282)) - s2@group-15F04F754428-PendingRequests: sendNotLeaderResponses
2022-06-06 19:54:14,345 [s2@group-15F04F754428->s1-GrpcLogAppender-LogAppenderDaemon] WARN  server.GrpcLogAppender (GrpcLogAppender.java:mayWait(171)) - s2@group-15F04F754428->s1-GrpcLogAppender: Wait interrupted by java.lang.InterruptedException
2022-06-06 19:54:14,352 [java.util.concurrent.ThreadPoolExecutor$Worker@416ee61a[State = -1, empty queue]] INFO  segmented.SegmentedRaftLogWorker (SegmentedRaftLogWorker.java:close(246)) - s1@group-15F04F754428-SegmentedRaftLogWorker close()
2022-06-06 19:54:14,345 [s2@group-15F04F754428->s0-GrpcLogAppender-LogAppenderDaemon] WARN  server.GrpcLogAppender (GrpcLogAppender.java:mayWait(171)) - s2@group-15F04F754428->s0-GrpcLogAppender: Wait interrupted by java.lang.InterruptedException
2022-06-06 19:54:14,353 [grpc-default-executor-6] INFO  server.GrpcServerProtocolService (GrpcServerProtocolService.java:onCompleted(140)) - s1: Completed APPEND_ENTRIES, lastRequest: s2->s1#13-t2,previous=(t:2, i:1),leaderCommit=1,initializing? true,entries: size=1, first=(t:2, i:2), METADATAENTRY(c:1)
2022-06-06 19:54:14,354 [grpc-default-executor-4] INFO  server.GrpcLogAppender (GrpcLogAppender.java:onCompleted(339)) - s2@group-15F04F754428->s1-AppendLogResponseHandler: follower responses appendEntries COMPLETED
2022-06-06 19:54:14,355 [grpc-default-executor-6] INFO  server.GrpcServerProtocolService (GrpcServerProtocolService.java:onCompleted(140)) - s0: Completed APPEND_ENTRIES, lastRequest: s2->s0#16-t2,previous=(t:2, i:1),leaderCommit=1,initializing? true,entries: size=1, first=(t:2, i:2), METADATAENTRY(c:1)
2022-06-06 19:54:14,356 [grpc-default-executor-3] INFO  server.GrpcLogAppender (GrpcLogAppender.java:onCompleted(339)) - s2@group-15F04F754428->s0-AppendLogResponseHandler: follower responses appendEntries COMPLETED
2022-06-06 19:54:14,356 [grpc-default-executor-4] INFO  leader.FollowerInfo (FollowerInfoImpl.java:lambda$new$0(48)) - s2@group-15F04F754428->s1: nextIndex: updateUnconditionally 3 -> 2
2022-06-06 19:54:14,356 [grpc-default-executor-3] INFO  leader.FollowerInfo (FollowerInfoImpl.java:lambda$new$0(48)) - s2@group-15F04F754428->s0: nextIndex: updateUnconditionally 3 -> 2
2022-06-06 19:54:14,357 [java.util.concurrent.ThreadPoolExecutor$Worker@416ee61a[State = -1, empty queue]] INFO  server.GrpcService (GrpcService.java:closeImpl(269)) - s1: shutdown server with port 43311 now
2022-06-06 19:54:14,359 [java.util.concurrent.ThreadPoolExecutor$Worker@365fee89[State = -1, empty queue]] INFO  impl.StateMachineUpdater (StateMachineUpdater.java:stopAndJoin(153)) - s2@group-15F04F754428-StateMachineUpdater: set stopIndex = 2
2022-06-06 19:54:14,359 [java.util.concurrent.ThreadPoolExecutor$Worker@365fee89[State = -1, empty queue]] INFO  server.RaftServer$Division (ServerState.java:close(429)) - s2@group-15F04F754428: closes. applyIndex: 2
2022-06-06 19:54:14,359 [s2@group-15F04F754428-SegmentedRaftLogWorker] INFO  segmented.SegmentedRaftLogWorker (SegmentedRaftLogWorker.java:run(336)) - s2@group-15F04F754428-SegmentedRaftLogWorker was interrupted, exiting. There are 0 tasks remaining in the queue.
2022-06-06 19:54:14,360 [java.util.concurrent.ThreadPoolExecutor$Worker@365fee89[State = -1, empty queue]] INFO  segmented.SegmentedRaftLogWorker (SegmentedRaftLogWorker.java:close(246)) - s2@group-15F04F754428-SegmentedRaftLogWorker close()
2022-06-06 19:54:14,360 [java.util.concurrent.ThreadPoolExecutor$Worker@416ee61a[State = -1, empty queue]] INFO  server.GrpcService (GrpcService.java:closeImpl(278)) - s1: shutdown server with port 43311 successfully
2022-06-06 19:54:14,360 [java.util.concurrent.ThreadPoolExecutor$Worker@416ee61a[State = -1, empty queue]] INFO  server.GrpcService (GrpcService.java:closeImpl(269)) - s1: shutdown server with port 42935 now
2022-06-06 19:54:14,360 [java.util.concurrent.ThreadPoolExecutor$Worker@416ee61a[State = -1, empty queue]] INFO  server.GrpcService (GrpcService.java:closeImpl(278)) - s1: shutdown server with port 42935 successfully
2022-06-06 19:54:14,361 [java.util.concurrent.ThreadPoolExecutor$Worker@416ee61a[State = -1, empty queue]] INFO  server.GrpcService (GrpcService.java:closeImpl(269)) - s1: shutdown server with port 45423 now
2022-06-06 19:54:14,361 [java.util.concurrent.ThreadPoolExecutor$Worker@3e0d0dda[State = -1, empty queue]] INFO  server.GrpcService (GrpcService.java:closeImpl(278)) - s0: shutdown server with port 34429 successfully
2022-06-06 19:54:14,361 [java.util.concurrent.ThreadPoolExecutor$Worker@3e0d0dda[State = -1, empty queue]] INFO  server.GrpcService (GrpcService.java:closeImpl(269)) - s0: shutdown server with port 39091 now
2022-06-06 19:54:14,362 [java.util.concurrent.ThreadPoolExecutor$Worker@416ee61a[State = -1, empty queue]] INFO  server.GrpcService (GrpcService.java:closeImpl(278)) - s1: shutdown server with port 45423 successfully
2022-06-06 19:54:14,361 [java.util.concurrent.ThreadPoolExecutor$Worker@365fee89[State = -1, empty queue]] INFO  server.GrpcService (GrpcService.java:closeImpl(269)) - s2: shutdown server with port 36669 now
2022-06-06 19:54:14,363 [org.apache.ratis.util.JvmPauseMonitor$$Lambda$282/943865316@571973d4] INFO  util.JvmPauseMonitor (JvmPauseMonitor.java:run(109)) - JvmPauseMonitor-s1: Stopped
2022-06-06 19:54:14,363 [java.util.concurrent.ThreadPoolExecutor$Worker@365fee89[State = -1, empty queue]] INFO  server.GrpcService (GrpcService.java:closeImpl(278)) - s2: shutdown server with port 36669 successfully
2022-06-06 19:54:14,363 [java.util.concurrent.ThreadPoolExecutor$Worker@365fee89[State = -1, empty queue]] INFO  server.GrpcService (GrpcService.java:closeImpl(269)) - s2: shutdown server with port 34421 now
2022-06-06 19:54:14,363 [java.util.concurrent.ThreadPoolExecutor$Worker@365fee89[State = -1, empty queue]] INFO  server.GrpcService (GrpcService.java:closeImpl(278)) - s2: shutdown server with port 34421 successfully
2022-06-06 19:54:14,363 [java.util.concurrent.ThreadPoolExecutor$Worker@365fee89[State = -1, empty queue]] INFO  server.GrpcService (GrpcService.java:closeImpl(269)) - s2: shutdown server with port 32999 now
2022-06-06 19:54:14,363 [java.util.concurrent.ThreadPoolExecutor$Worker@3e0d0dda[State = -1, empty queue]] INFO  server.GrpcService (GrpcService.java:closeImpl(278)) - s0: shutdown server with port 39091 successfully
2022-06-06 19:54:14,363 [java.util.concurrent.ThreadPoolExecutor$Worker@3e0d0dda[State = -1, empty queue]] INFO  server.GrpcService (GrpcService.java:closeImpl(269)) - s0: shutdown server with port 45841 now
2022-06-06 19:54:14,364 [java.util.concurrent.ThreadPoolExecutor$Worker@365fee89[State = -1, empty queue]] INFO  server.GrpcService (GrpcService.java:closeImpl(278)) - s2: shutdown server with port 32999 successfully
2022-06-06 19:54:14,370 [java.util.concurrent.ThreadPoolExecutor$Worker@3e0d0dda[State = -1, empty queue]] INFO  server.GrpcService (GrpcService.java:closeImpl(278)) - s0: shutdown server with port 45841 successfully
2022-06-06 19:54:14,370 [org.apache.ratis.util.JvmPauseMonitor$$Lambda$282/943865316@3ebb5977] INFO  util.JvmPauseMonitor (JvmPauseMonitor.java:run(109)) - JvmPauseMonitor-s2: Stopped
2022-06-06 19:54:14,371 [org.apache.ratis.util.JvmPauseMonitor$$Lambda$282/943865316@78d2332b] INFO  util.JvmPauseMonitor (JvmPauseMonitor.java:run(109)) - JvmPauseMonitor-s0: Stopped
2022-06-06 19:54:14,371 [Time-limited test] INFO  impl.MiniRaftCluster (MiniRaftCluster.java:shutdown(783)) - MiniRaftClusterWithGrpc shutdown completed
]]></system-out>
  </testcase>
  <testcase name="testRaftServerMetrics" classname="org.apache.ratis.grpc.TestRaftServerWithGrpc" time="1.083"/>
  <testcase name="testUnsupportedMethods" classname="org.apache.ratis.grpc.TestRaftServerWithGrpc" time="0.485"/>
  <testcase name="testServerRestartOnException" classname="org.apache.ratis.grpc.TestRaftServerWithGrpc" time="4.533"/>
  <testcase name="testLeaderRestart" classname="org.apache.ratis.grpc.TestRaftServerWithGrpc" time="5.377"/>
</testsuite>