<?xml version="1.0" encoding="UTF-8"?>
<testsuite xmlns:xsi="http://www.w3.org/2001/XMLSchema-instance" xsi:noNamespaceSchemaLocation="https://maven.apache.org/surefire/maven-surefire-plugin/xsd/surefire-test-report.xsd" name="org.apache.ratis.datastream.TestNettyDataStreamChainTopologyWithGrpcCluster" time="421.181" tests="4" errors="1" skipped="0" failures="0">
  <properties>
    <property name="awt.toolkit" value="sun.awt.X11.XToolkit"/>
    <property name="file.encoding.pkg" value="sun.io"/>
    <property name="java.specification.version" value="1.8"/>
    <property name="sun.cpu.isalist" value=""/>
    <property name="sun.jnu.encoding" value="UTF-8"/>
    <property name="java.class.path" value="/home/runner/work/ratis/ratis/ratis-test/target/test-classes:/home/runner/work/ratis/ratis/ratis-test/target/classes:/home/runner/work/ratis/ratis/ratis-common/target/classes:/home/runner/.m2/repository/org/apache/ratis/ratis-thirdparty-misc/1.0.0/ratis-thirdparty-misc-1.0.0.jar:/home/runner/work/ratis/ratis/ratis-proto/target/ratis-proto-3.0.0-SNAPSHOT.jar:/home/runner/work/ratis/ratis/ratis-common/target/test-classes:/home/runner/work/ratis/ratis/ratis-client/target/classes:/home/runner/work/ratis/ratis/ratis-server/target/classes:/home/runner/work/ratis/ratis/ratis-server-api/target/classes:/home/runner/work/ratis/ratis/ratis-metrics/target/classes:/home/runner/.m2/repository/io/dropwizard/metrics/metrics-jmx/4.2.9/metrics-jmx-4.2.9.jar:/home/runner/work/ratis/ratis/ratis-server/target/test-classes:/home/runner/work/ratis/ratis/ratis-netty/target/classes:/home/runner/work/ratis/ratis/ratis-netty/target/test-classes:/home/runner/work/ratis/ratis/ratis-grpc/target/classes:/home/runner/work/ratis/ratis/ratis-grpc/target/test-classes:/home/runner/.m2/repository/org/slf4j/slf4j-api/1.7.29/slf4j-api-1.7.29.jar:/home/runner/.m2/repository/org/slf4j/slf4j-log4j12/1.7.29/slf4j-log4j12-1.7.29.jar:/home/runner/.m2/repository/log4j/log4j/1.2.17/log4j-1.2.17.jar:/home/runner/.m2/repository/junit/junit/4.13.2/junit-4.13.2.jar:/home/runner/.m2/repository/org/hamcrest/hamcrest-core/1.3/hamcrest-core-1.3.jar:/home/runner/.m2/repository/org/mockito/mockito-core/4.3.1/mockito-core-4.3.1.jar:/home/runner/.m2/repository/net/bytebuddy/byte-buddy/1.12.7/byte-buddy-1.12.7.jar:/home/runner/.m2/repository/net/bytebuddy/byte-buddy-agent/1.12.7/byte-buddy-agent-1.12.7.jar:/home/runner/.m2/repository/org/objenesis/objenesis/3.2/objenesis-3.2.jar:/home/runner/.m2/repository/io/dropwizard/metrics/metrics-jvm/4.2.9/metrics-jvm-4.2.9.jar:/home/runner/.m2/repository/io/dropwizard/metrics/metrics-core/4.2.9/metrics-core-4.2.9.jar:/home/runner/work/ratis/ratis/ratis-shell/target/classes:/home/runner/.m2/repository/commons-cli/commons-cli/1.5.0/commons-cli-1.5.0.jar:/home/runner/.m2/repository/org/reflections/reflections/0.10.2/reflections-0.10.2.jar:/home/runner/.m2/repository/org/javassist/javassist/3.28.0-GA/javassist-3.28.0-GA.jar:/home/runner/.m2/repository/com/google/code/findbugs/jsr305/3.0.2/jsr305-3.0.2.jar:"/>
    <property name="java.vm.vendor" value="Temurin"/>
    <property name="sun.arch.data.model" value="64"/>
    <property name="java.vendor.url" value="https://adoptium.net/"/>
    <property name="user.timezone" value=""/>
    <property name="java.vm.specification.version" value="1.8"/>
    <property name="os.name" value="Linux"/>
    <property name="sun.java.launcher" value="SUN_STANDARD"/>
    <property name="sun.boot.library.path" value="/usr/lib/jvm/temurin-8-jdk-amd64/jre/lib/amd64"/>
    <property name="sun.java.command" value="/home/runner/work/ratis/ratis/ratis-test/target/surefire/surefirebooter4793422574985256652.jar /home/runner/work/ratis/ratis/ratis-test/target/surefire 2022-06-30T08-56-37_650-jvmRun1 surefire5200151948507848107tmp surefire_376461277082107826936tmp"/>
    <property name="surefire.test.class.path" value="/home/runner/work/ratis/ratis/ratis-test/target/test-classes:/home/runner/work/ratis/ratis/ratis-test/target/classes:/home/runner/work/ratis/ratis/ratis-common/target/classes:/home/runner/.m2/repository/org/apache/ratis/ratis-thirdparty-misc/1.0.0/ratis-thirdparty-misc-1.0.0.jar:/home/runner/work/ratis/ratis/ratis-proto/target/ratis-proto-3.0.0-SNAPSHOT.jar:/home/runner/work/ratis/ratis/ratis-common/target/test-classes:/home/runner/work/ratis/ratis/ratis-client/target/classes:/home/runner/work/ratis/ratis/ratis-server/target/classes:/home/runner/work/ratis/ratis/ratis-server-api/target/classes:/home/runner/work/ratis/ratis/ratis-metrics/target/classes:/home/runner/.m2/repository/io/dropwizard/metrics/metrics-jmx/4.2.9/metrics-jmx-4.2.9.jar:/home/runner/work/ratis/ratis/ratis-server/target/test-classes:/home/runner/work/ratis/ratis/ratis-netty/target/classes:/home/runner/work/ratis/ratis/ratis-netty/target/test-classes:/home/runner/work/ratis/ratis/ratis-grpc/target/classes:/home/runner/work/ratis/ratis/ratis-grpc/target/test-classes:/home/runner/.m2/repository/org/slf4j/slf4j-api/1.7.29/slf4j-api-1.7.29.jar:/home/runner/.m2/repository/org/slf4j/slf4j-log4j12/1.7.29/slf4j-log4j12-1.7.29.jar:/home/runner/.m2/repository/log4j/log4j/1.2.17/log4j-1.2.17.jar:/home/runner/.m2/repository/junit/junit/4.13.2/junit-4.13.2.jar:/home/runner/.m2/repository/org/hamcrest/hamcrest-core/1.3/hamcrest-core-1.3.jar:/home/runner/.m2/repository/org/mockito/mockito-core/4.3.1/mockito-core-4.3.1.jar:/home/runner/.m2/repository/net/bytebuddy/byte-buddy/1.12.7/byte-buddy-1.12.7.jar:/home/runner/.m2/repository/net/bytebuddy/byte-buddy-agent/1.12.7/byte-buddy-agent-1.12.7.jar:/home/runner/.m2/repository/org/objenesis/objenesis/3.2/objenesis-3.2.jar:/home/runner/.m2/repository/io/dropwizard/metrics/metrics-jvm/4.2.9/metrics-jvm-4.2.9.jar:/home/runner/.m2/repository/io/dropwizard/metrics/metrics-core/4.2.9/metrics-core-4.2.9.jar:/home/runner/work/ratis/ratis/ratis-shell/target/classes:/home/runner/.m2/repository/commons-cli/commons-cli/1.5.0/commons-cli-1.5.0.jar:/home/runner/.m2/repository/org/reflections/reflections/0.10.2/reflections-0.10.2.jar:/home/runner/.m2/repository/org/javassist/javassist/3.28.0-GA/javassist-3.28.0-GA.jar:/home/runner/.m2/repository/com/google/code/findbugs/jsr305/3.0.2/jsr305-3.0.2.jar:"/>
    <property name="sun.cpu.endian" value="little"/>
    <property name="user.home" value="/home/runner"/>
    <property name="user.language" value="en"/>
    <property name="java.specification.vendor" value="Oracle Corporation"/>
    <property name="java.home" value="/usr/lib/jvm/temurin-8-jdk-amd64/jre"/>
    <property name="basedir" value="/home/runner/work/ratis/ratis/ratis-test"/>
    <property name="file.separator" value="/"/>
    <property name="line.separator" value="&#10;"/>
    <property name="java.vm.specification.vendor" value="Oracle Corporation"/>
    <property name="java.specification.name" value="Java Platform API Specification"/>
    <property name="java.awt.graphicsenv" value="sun.awt.X11GraphicsEnvironment"/>
    <property name="surefire.real.class.path" value="/home/runner/work/ratis/ratis/ratis-test/target/surefire/surefirebooter4793422574985256652.jar"/>
    <property name="sun.boot.class.path" value="/usr/lib/jvm/temurin-8-jdk-amd64/jre/lib/resources.jar:/usr/lib/jvm/temurin-8-jdk-amd64/jre/lib/rt.jar:/usr/lib/jvm/temurin-8-jdk-amd64/jre/lib/sunrsasign.jar:/usr/lib/jvm/temurin-8-jdk-amd64/jre/lib/jsse.jar:/usr/lib/jvm/temurin-8-jdk-amd64/jre/lib/jce.jar:/usr/lib/jvm/temurin-8-jdk-amd64/jre/lib/charsets.jar:/usr/lib/jvm/temurin-8-jdk-amd64/jre/lib/jfr.jar:/usr/lib/jvm/temurin-8-jdk-amd64/jre/classes"/>
    <property name="sun.management.compiler" value="HotSpot 64-Bit Tiered Compilers"/>
    <property name="java.runtime.version" value="1.8.0_332-b09"/>
    <property name="java.net.preferIPv4Stack" value="true"/>
    <property name="user.name" value="runner"/>
    <property name="path.separator" value=":"/>
    <property name="os.version" value="5.4.0-1085-azure"/>
    <property name="java.endorsed.dirs" value="/usr/lib/jvm/temurin-8-jdk-amd64/jre/lib/endorsed"/>
    <property name="java.runtime.name" value="OpenJDK Runtime Environment"/>
    <property name="file.encoding" value="UTF-8"/>
    <property name="java.vm.name" value="OpenJDK 64-Bit Server VM"/>
    <property name="localRepository" value="/home/runner/.m2/repository"/>
    <property name="java.vendor.url.bug" value="https://github.com/adoptium/adoptium-support/issues"/>
    <property name="java.io.tmpdir" value="/tmp"/>
    <property name="java.version" value="1.8.0_332"/>
    <property name="user.dir" value="/home/runner/work/ratis/ratis/ratis-test"/>
    <property name="os.arch" value="amd64"/>
    <property name="ratis.tmp.dir" value="/home/runner/work/ratis/ratis/ratis-test/target/tmp"/>
    <property name="java.vm.specification.name" value="Java Virtual Machine Specification"/>
    <property name="java.awt.printerjob" value="sun.print.PSPrinterJob"/>
    <property name="ratis.log.dir" value="/home/runner/work/ratis/ratis/ratis-test/target/log"/>
    <property name="sun.os.patch.level" value="unknown"/>
    <property name="java.library.path" value="/usr/java/packages/lib/amd64:/usr/lib64:/lib64:/lib:/usr/lib"/>
    <property name="java.vm.info" value="mixed mode"/>
    <property name="java.vendor" value="Temurin"/>
    <property name="java.vm.version" value="25.332-b09"/>
    <property name="java.ext.dirs" value="/usr/lib/jvm/temurin-8-jdk-amd64/jre/lib/ext:/usr/java/packages/lib/ext"/>
    <property name="sun.io.unicode.encoding" value="UnicodeLittle"/>
    <property name="java.class.version" value="52.0"/>
  </properties>
  <testcase name="testMultipleStreamsSingleServer" classname="org.apache.ratis.datastream.TestNettyDataStreamChainTopologyWithGrpcCluster" time="27.464"/>
  <testcase name="testMultipleStreamsMultipleServers" classname="org.apache.ratis.datastream.TestNettyDataStreamChainTopologyWithGrpcCluster" time="87.723"/>
  <testcase name="testMultipleStreamsMultipleServersStepDownLeader" classname="org.apache.ratis.datastream.TestNettyDataStreamChainTopologyWithGrpcCluster" time="300.016">
    <error message="test timed out after 300 seconds" type="org.junit.runners.model.TestTimedOutException">org.junit.runners.model.TestTimedOutException: test timed out after 300 seconds
	at sun.misc.Unsafe.park(Native Method)
	at java.util.concurrent.locks.LockSupport.park(LockSupport.java:175)
	at java.util.concurrent.CompletableFuture$Signaller.block(CompletableFuture.java:1707)
	at java.util.concurrent.ForkJoinPool.managedBlock(ForkJoinPool.java:3323)
	at java.util.concurrent.CompletableFuture.waitingGet(CompletableFuture.java:1742)
	at java.util.concurrent.CompletableFuture.join(CompletableFuture.java:1947)
	at org.apache.ratis.datastream.DataStreamAsyncClusterTests$$Lambda$395/2112900135.apply(Unknown Source)
	at java.util.stream.ReferencePipeline$3$1.accept(ReferencePipeline.java:193)
	at java.util.ArrayList$ArrayListSpliterator.forEachRemaining(ArrayList.java:1384)
	at java.util.stream.AbstractPipeline.copyInto(AbstractPipeline.java:482)
	at java.util.stream.AbstractPipeline.wrapAndCopyInto(AbstractPipeline.java:472)
	at java.util.stream.ReduceOps$ReduceOp.evaluateSequential(ReduceOps.java:708)
	at java.util.stream.AbstractPipeline.evaluate(AbstractPipeline.java:234)
	at java.util.stream.ReferencePipeline.reduce(ReferencePipeline.java:546)
	at java.util.stream.ReferencePipeline.max(ReferencePipeline.java:582)
	at org.apache.ratis.datastream.DataStreamAsyncClusterTests.runTestDataStream(DataStreamAsyncClusterTests.java:97)
	at org.apache.ratis.datastream.DataStreamAsyncClusterTests.runTestDataStreamStepDownLeader(DataStreamAsyncClusterTests.java:82)
	at org.apache.ratis.datastream.DataStreamAsyncClusterTests$$Lambda$814/1109877592.accept(Unknown Source)
	at org.apache.ratis.server.impl.MiniRaftCluster$Factory$Get.runWithNewCluster(MiniRaftCluster.java:125)
	at org.apache.ratis.server.impl.MiniRaftCluster$Factory$Get.runWithNewCluster(MiniRaftCluster.java:113)
	at org.apache.ratis.datastream.DataStreamAsyncClusterTests.testMultipleStreamsMultipleServersStepDownLeader(DataStreamAsyncClusterTests.java:78)
	at sun.reflect.NativeMethodAccessorImpl.invoke0(Native Method)
	at sun.reflect.NativeMethodAccessorImpl.invoke(NativeMethodAccessorImpl.java:62)
	at sun.reflect.DelegatingMethodAccessorImpl.invoke(DelegatingMethodAccessorImpl.java:43)
	at java.lang.reflect.Method.invoke(Method.java:498)
	at org.junit.runners.model.FrameworkMethod$1.runReflectiveCall(FrameworkMethod.java:59)
	at org.junit.internal.runners.model.ReflectiveCallable.run(ReflectiveCallable.java:12)
	at org.junit.runners.model.FrameworkMethod.invokeExplosively(FrameworkMethod.java:56)
	at org.junit.internal.runners.statements.InvokeMethod.evaluate(InvokeMethod.java:17)
	at org.junit.internal.runners.statements.RunAfters.evaluate(RunAfters.java:27)
	at org.junit.internal.runners.statements.FailOnTimeout$CallableStatement.call(FailOnTimeout.java:299)
	at org.junit.internal.runners.statements.FailOnTimeout$CallableStatement.call(FailOnTimeout.java:293)
	at java.util.concurrent.FutureTask.run(FutureTask.java:266)
	at java.lang.Thread.run(Thread.java:750)
</error>
    <system-out><![CDATA[2022-06-30 09:07:44,923 [main] INFO  util.LogUtils (Log4jUtils.java:setLogLevel(32)) - Set org.apache.ratis.conf.ConfUtils log level to WARN
2022-06-30 09:07:44,924 [main] INFO  util.LogUtils (Log4jUtils.java:setLogLevel(32)) - Set org.apache.ratis.util.FileUtils log level to TRACE
2022-06-30 09:07:44,932 [Time-limited test] INFO  impl.MiniRaftCluster (MiniRaftCluster.java:runWithNewCluster(119)) - Running runWithNewCluster
2022-06-30 09:07:44,932 [Time-limited test] INFO  impl.MiniRaftCluster (MiniRaftCluster.java:<init>(272)) - new MiniRaftClusterWithRpcTypeGrpcAndDataStreamTypeNetty with group-1EAC51517DF7:[s0|rpc:localhost:41403|admin:localhost:45983|client:localhost:35061|dataStream:localhost:41947|priority:0, s1|rpc:localhost:37825|admin:localhost:33367|client:localhost:37897|dataStream:localhost:41415|priority:0, s2|rpc:localhost:38995|admin:localhost:46591|client:localhost:33971|dataStream:localhost:36363|priority:0]
2022-06-30 09:07:44,932 [Time-limited test] INFO  impl.MiniRaftCluster (MiniRaftCluster.java:start(315)) - .............................................................. 
2022-06-30 09:07:44,932 [Time-limited test] INFO  impl.MiniRaftCluster (MiniRaftCluster.java:start(316)) - ... 
2022-06-30 09:07:44,932 [Time-limited test] INFO  impl.MiniRaftCluster (MiniRaftCluster.java:start(317)) - ...     Starting MiniRaftClusterWithRpcTypeGrpcAndDataStreamTypeNetty
2022-06-30 09:07:44,933 [Time-limited test] INFO  impl.MiniRaftCluster (MiniRaftCluster.java:start(318)) - ... 
2022-06-30 09:07:44,933 [Time-limited test] INFO  impl.MiniRaftCluster (MiniRaftCluster.java:start(319)) - .............................................................. 
2022-06-30 09:07:44,933 [Time-limited test] INFO  impl.MiniRaftCluster (MiniRaftCluster.java:initServers(284)) - servers = {}
2022-06-30 09:07:44,933 [Time-limited test] INFO  impl.MiniRaftCluster (MiniRaftCluster.java:newRaftServer(358)) - newRaftServer: s0, group-1EAC51517DF7:[s0|rpc:localhost:41403|admin:localhost:45983|client:localhost:35061|dataStream:localhost:41947|priority:0, s1|rpc:localhost:37825|admin:localhost:33367|client:localhost:37897|dataStream:localhost:41415|priority:0, s2|rpc:localhost:38995|admin:localhost:46591|client:localhost:33971|dataStream:localhost:36363|priority:0], format? true
2022-06-30 09:07:44,933 [Time-limited test] TRACE util.FileUtils (FileUtils.java:deleteFully(162)) - deleteFully target/test/data/f7b94510/MiniRaftClusterWithRpcTypeGrpcAndDataStreamTypeNetty634c793e/s0
2022-06-30 09:07:44,933 [Time-limited test] TRACE util.FileUtils (FileUtils.java:deleteFully(178)) - deleteFully: target/test/data/f7b94510/MiniRaftClusterWithRpcTypeGrpcAndDataStreamTypeNetty634c793e/s0 does not exist.
2022-06-30 09:07:44,933 [Time-limited test] INFO  impl.MiniRaftCluster (MiniRaftCluster.java:newRaftServer(363)) - Formatted directory target/test/data/f7b94510/MiniRaftClusterWithRpcTypeGrpcAndDataStreamTypeNetty634c793e/s0
2022-06-30 09:07:44,934 [Time-limited test] INFO  server.RaftServer (ConfUtils.java:logGet(46)) - raft.rpc.type = GRPC (default)
2022-06-30 09:07:44,934 [Time-limited test] INFO  grpc.GrpcFactory (GrpcFactory.java:checkPooledByteBufAllocatorUseCacheForAllThreads(48)) - PERFORMANCE WARNING: useCacheForAllThreads is true that may cause Netty to create a lot garbage objects and, as a result, trigger GC.
	It is recommended to disable useCacheForAllThreads by setting -Dorg.apache.ratis.thirdparty.io.netty.allocator.useCacheForAllThreads=false in command line.
2022-06-30 09:07:44,934 [Time-limited test] INFO  grpc.GrpcConfigKeys (ConfUtils.java:logGet(46)) - raft.grpc.admin.port = 45983 (custom)
2022-06-30 09:07:44,934 [Time-limited test] INFO  grpc.GrpcConfigKeys (ConfUtils.java:logGet(46)) - raft.grpc.client.port = 35061 (custom)
2022-06-30 09:07:44,934 [Time-limited test] INFO  grpc.GrpcConfigKeys (ConfUtils.java:logGet(46)) - raft.grpc.server.port = 41403 (custom)
2022-06-30 09:07:44,938 [Time-limited test] INFO  server.GrpcService (ConfUtils.java:logGet(46)) - raft.grpc.message.size.max = 64MB (=67108864) (default)
2022-06-30 09:07:44,944 [Time-limited test] INFO  server.RaftServerConfigKeys (ConfUtils.java:logGet(46)) - raft.server.log.appender.buffer.byte-limit = 4MB (=4194304) (default)
2022-06-30 09:07:44,944 [Time-limited test] INFO  server.GrpcService (ConfUtils.java:logGet(46)) - raft.grpc.flow.control.window = 1MB (=1048576) (default)
2022-06-30 09:07:44,944 [Time-limited test] INFO  server.RaftServerConfigKeys (ConfUtils.java:logGet(46)) - raft.server.rpc.request.timeout = 3000ms (default)
2022-06-30 09:07:44,944 [Time-limited test] INFO  grpc.GrpcConfigKeys (ConfUtils.java:logGet(46)) - raft.grpc.server.async.request.thread.pool.cached = true (default)
2022-06-30 09:07:44,944 [Time-limited test] INFO  grpc.GrpcConfigKeys (ConfUtils.java:logGet(46)) - raft.grpc.server.async.request.thread.pool.size = 32 (default)
2022-06-30 09:07:44,948 [Time-limited test] INFO  impl.DataStreamServerImpl (ConfUtils.java:logGet(46)) - raft.datastream.type = NETTY (custom)
2022-06-30 09:07:44,948 [Time-limited test] INFO  netty.NettyConfigKeys$DataStream (ConfUtils.java:logGet(46)) - raft.netty.dataStream.server.tls.conf = null (default)
2022-06-30 09:07:44,948 [Time-limited test] INFO  server.RaftServerConfigKeys (ConfUtils.java:logGet(46)) - raft.server.data-stream.async.request.thread.pool.cached = false (default)
2022-06-30 09:07:44,949 [Time-limited test] INFO  server.RaftServerConfigKeys (ConfUtils.java:logGet(46)) - raft.server.data-stream.async.request.thread.pool.size = 32 (default)
2022-06-30 09:07:44,949 [Time-limited test] INFO  server.RaftServerConfigKeys (ConfUtils.java:logGet(46)) - raft.server.data-stream.async.write.thread.pool.size = 16 (default)
2022-06-30 09:07:44,949 [Time-limited test] INFO  server.RaftServerConfigKeys (ConfUtils.java:logGet(46)) - raft.server.data-stream.client.pool.size = 10 (default)
2022-06-30 09:07:44,949 [Time-limited test] INFO  netty.NettyConfigKeys$DataStream (ConfUtils.java:logGet(46)) - raft.netty.dataStream.server.use-epoll = false (default)
2022-06-30 09:07:44,949 [Time-limited test] INFO  netty.NettyConfigKeys$DataStream (ConfUtils.java:logGet(46)) - raft.netty.dataStream.server.boss-group.size = 0 (default)
2022-06-30 09:07:44,950 [Time-limited test] INFO  netty.NettyConfigKeys$DataStream (ConfUtils.java:logGet(46)) - raft.netty.dataStream.server.worker-group.size = 0 (default)
2022-06-30 09:07:44,950 [Time-limited test] INFO  netty.NettyConfigKeys$DataStream (ConfUtils.java:logGet(46)) - raft.netty.dataStream.port = 41947 (custom)
2022-06-30 09:07:44,950 [Time-limited test] INFO  server.RaftServerConfigKeys (ConfUtils.java:logGet(46)) - raft.server.threadpool.proxy.cached = true (default)
2022-06-30 09:07:44,951 [Time-limited test] INFO  server.RaftServerConfigKeys (ConfUtils.java:logGet(46)) - raft.server.threadpool.proxy.size = 0 (default)
2022-06-30 09:07:44,951 [Time-limited test] INFO  server.RaftServerConfigKeys (ConfUtils.java:logGet(46)) - raft.server.rpc.slowness.timeout = 60s (default)
2022-06-30 09:07:44,951 [Time-limited test] INFO  server.RaftServerConfigKeys (ConfUtils.java:logGet(46)) - raft.server.leaderelection.leader.step-down.wait-time = 10s (default)
2022-06-30 09:07:44,951 [Time-limited test] INFO  server.RaftServerConfigKeys (ConfUtils.java:logGet(46)) - raft.server.storage.dir = [/home/runner/work/ratis/ratis/ratis-test/target/test/data/f7b94510/MiniRaftClusterWithRpcTypeGrpcAndDataStreamTypeNetty634c793e/s0] (custom)
2022-06-30 09:07:44,952 [s0-NettyServerStreamRpc-bossGroup--thread1] INFO  logging.LoggingHandler (AbstractInternalLogger.java:log(148)) - [id: 0xa2817bf1] REGISTERED
2022-06-30 09:07:44,952 [s0-NettyServerStreamRpc-bossGroup--thread1] INFO  logging.LoggingHandler (AbstractInternalLogger.java:log(148)) - [id: 0xa2817bf1] BIND: 0.0.0.0/0.0.0.0:41947
2022-06-30 09:07:44,952 [s0-NettyServerStreamRpc-bossGroup--thread1] INFO  logging.LoggingHandler (AbstractInternalLogger.java:log(148)) - [id: 0xa2817bf1, L:/0.0.0.0:41947] ACTIVE
2022-06-30 09:07:44,952 [Time-limited test] INFO  server.RaftServer (RaftServerProxy.java:addNew(96)) - s0: addNew group-1EAC51517DF7:[s0|rpc:localhost:41403|admin:localhost:45983|client:localhost:35061|dataStream:localhost:41947|priority:0, s1|rpc:localhost:37825|admin:localhost:33367|client:localhost:37897|dataStream:localhost:41415|priority:0, s2|rpc:localhost:38995|admin:localhost:46591|client:localhost:33971|dataStream:localhost:36363|priority:0] returns group-1EAC51517DF7:java.util.concurrent.CompletableFuture@69bc7953[Not completed]
2022-06-30 09:07:44,953 [pool-10-thread-1] INFO  server.RaftServer$Division (RaftServerImpl.java:<init>(190)) - s0: new RaftServerImpl for group-1EAC51517DF7:[s0|rpc:localhost:41403|admin:localhost:45983|client:localhost:35061|dataStream:localhost:41947|priority:0, s1|rpc:localhost:37825|admin:localhost:33367|client:localhost:37897|dataStream:localhost:41415|priority:0, s2|rpc:localhost:38995|admin:localhost:46591|client:localhost:33971|dataStream:localhost:36363|priority:0] with MultiDataStreamStateMachine:uninitialized
2022-06-30 09:07:44,953 [pool-10-thread-1] INFO  server.RaftServerConfigKeys (ConfUtils.java:logGet(46)) - raft.server.rpc.timeout.min = 150ms (default)
2022-06-30 09:07:44,953 [pool-10-thread-1] INFO  server.RaftServerConfigKeys (ConfUtils.java:logGet(46)) - raft.server.rpc.timeout.max = 300ms (default)
2022-06-30 09:07:44,953 [pool-10-thread-1] INFO  server.RaftServerConfigKeys (ConfUtils.java:logGet(46)) - raft.server.rpc.sleep.time = 25ms (default)
2022-06-30 09:07:44,953 [pool-10-thread-1] INFO  server.RaftServerConfigKeys (ConfUtils.java:logGet(46)) - raft.server.rpc.slowness.timeout = 60s (default)
2022-06-30 09:07:44,953 [pool-10-thread-1] INFO  server.RaftServerConfigKeys (ConfUtils.java:logGet(46)) - raft.server.leaderelection.leader.step-down.wait-time = 10s (default)
2022-06-30 09:07:44,953 [pool-10-thread-1] INFO  server.RaftServerConfigKeys (ConfUtils.java:logGet(46)) - raft.server.sleep.deviation.threshold = 300ms (default)
2022-06-30 09:07:44,953 [pool-10-thread-1] INFO  server.RaftServer$Division (ServerState.java:<init>(107)) - s0@group-1EAC51517DF7: ConfigurationManager, init=-1: [s0|rpc:localhost:41403|admin:localhost:45983|client:localhost:35061|dataStream:localhost:41947|priority:0, s1|rpc:localhost:37825|admin:localhost:33367|client:localhost:37897|dataStream:localhost:41415|priority:0, s2|rpc:localhost:38995|admin:localhost:46591|client:localhost:33971|dataStream:localhost:36363|priority:0], old=null, confs=<EMPTY_MAP>
2022-06-30 09:07:44,953 [pool-10-thread-1] INFO  server.RaftServerConfigKeys (ConfUtils.java:logGet(46)) - raft.server.storage.dir = [/home/runner/work/ratis/ratis/ratis-test/target/test/data/f7b94510/MiniRaftClusterWithRpcTypeGrpcAndDataStreamTypeNetty634c793e/s0] (custom)
2022-06-30 09:07:44,953 [Time-limited test] INFO  impl.MiniRaftCluster (MiniRaftCluster.java:newRaftServer(358)) - newRaftServer: s1, group-1EAC51517DF7:[s0|rpc:localhost:41403|admin:localhost:45983|client:localhost:35061|dataStream:localhost:41947|priority:0, s1|rpc:localhost:37825|admin:localhost:33367|client:localhost:37897|dataStream:localhost:41415|priority:0, s2|rpc:localhost:38995|admin:localhost:46591|client:localhost:33971|dataStream:localhost:36363|priority:0], format? true
2022-06-30 09:07:44,954 [pool-10-thread-1] INFO  server.RaftServerConfigKeys (ConfUtils.java:logGet(46)) - raft.server.log.corruption.policy = EXCEPTION (default)
2022-06-30 09:07:44,954 [pool-10-thread-1] INFO  server.RaftServerConfigKeys (ConfUtils.java:logGet(46)) - raft.server.storage.free-space.min = 0MB (=0) (default)
2022-06-30 09:07:44,954 [Time-limited test] TRACE util.FileUtils (FileUtils.java:deleteFully(162)) - deleteFully target/test/data/f7b94510/MiniRaftClusterWithRpcTypeGrpcAndDataStreamTypeNetty634c793e/s1
2022-06-30 09:07:44,955 [pool-10-thread-1] INFO  storage.RaftStorageDirectory (RaftStorageDirectoryImpl.java:analyzeStorage(136)) - The storage directory /home/runner/work/ratis/ratis/ratis-test/target/test/data/f7b94510/MiniRaftClusterWithRpcTypeGrpcAndDataStreamTypeNetty634c793e/s0/1f28c030-7783-4a7f-8749-1eac51517df7 does not exist. Creating ...
2022-06-30 09:07:44,955 [Time-limited test] TRACE util.FileUtils (FileUtils.java:deleteFully(178)) - deleteFully: target/test/data/f7b94510/MiniRaftClusterWithRpcTypeGrpcAndDataStreamTypeNetty634c793e/s1 does not exist.
2022-06-30 09:07:44,955 [Time-limited test] INFO  impl.MiniRaftCluster (MiniRaftCluster.java:newRaftServer(363)) - Formatted directory target/test/data/f7b94510/MiniRaftClusterWithRpcTypeGrpcAndDataStreamTypeNetty634c793e/s1
2022-06-30 09:07:44,955 [pool-10-thread-1] TRACE util.FileUtils (LogUtils.java:runAndLog(49)) - Successfully ran Files.createDirectories /home/runner/work/ratis/ratis/ratis-test/target/test/data/f7b94510/MiniRaftClusterWithRpcTypeGrpcAndDataStreamTypeNetty634c793e/s0/1f28c030-7783-4a7f-8749-1eac51517df7
2022-06-30 09:07:44,955 [Time-limited test] INFO  server.RaftServer (ConfUtils.java:logGet(46)) - raft.rpc.type = GRPC (default)
2022-06-30 09:07:44,955 [Time-limited test] INFO  grpc.GrpcFactory (GrpcFactory.java:checkPooledByteBufAllocatorUseCacheForAllThreads(48)) - PERFORMANCE WARNING: useCacheForAllThreads is true that may cause Netty to create a lot garbage objects and, as a result, trigger GC.
	It is recommended to disable useCacheForAllThreads by setting -Dorg.apache.ratis.thirdparty.io.netty.allocator.useCacheForAllThreads=false in command line.
2022-06-30 09:07:44,955 [Time-limited test] INFO  grpc.GrpcConfigKeys (ConfUtils.java:logGet(46)) - raft.grpc.admin.port = 33367 (custom)
2022-06-30 09:07:44,955 [Time-limited test] INFO  grpc.GrpcConfigKeys (ConfUtils.java:logGet(46)) - raft.grpc.client.port = 37897 (custom)
2022-06-30 09:07:44,955 [Time-limited test] INFO  grpc.GrpcConfigKeys (ConfUtils.java:logGet(46)) - raft.grpc.server.port = 37825 (custom)
2022-06-30 09:07:44,956 [Time-limited test] INFO  server.GrpcService (ConfUtils.java:logGet(46)) - raft.grpc.message.size.max = 64MB (=67108864) (default)
2022-06-30 09:07:44,956 [Time-limited test] INFO  server.RaftServerConfigKeys (ConfUtils.java:logGet(46)) - raft.server.log.appender.buffer.byte-limit = 4MB (=4194304) (default)
2022-06-30 09:07:44,956 [Time-limited test] INFO  server.GrpcService (ConfUtils.java:logGet(46)) - raft.grpc.flow.control.window = 1MB (=1048576) (default)
2022-06-30 09:07:44,956 [Time-limited test] INFO  server.RaftServerConfigKeys (ConfUtils.java:logGet(46)) - raft.server.rpc.request.timeout = 3000ms (default)
2022-06-30 09:07:44,956 [Time-limited test] INFO  grpc.GrpcConfigKeys (ConfUtils.java:logGet(46)) - raft.grpc.server.async.request.thread.pool.cached = true (default)
2022-06-30 09:07:44,956 [Time-limited test] INFO  grpc.GrpcConfigKeys (ConfUtils.java:logGet(46)) - raft.grpc.server.async.request.thread.pool.size = 32 (default)
2022-06-30 09:07:44,957 [pool-10-thread-1] INFO  storage.RaftStorageDirectory (RaftStorageDirectoryImpl.java:tryLock(230)) - Lock on /home/runner/work/ratis/ratis/ratis-test/target/test/data/f7b94510/MiniRaftClusterWithRpcTypeGrpcAndDataStreamTypeNetty634c793e/s0/1f28c030-7783-4a7f-8749-1eac51517df7/in_use.lock acquired by nodename 22874@fv-az458-852.cxtooap3h1lune4eycoub4ghla.dx.internal.cloudapp.net
2022-06-30 09:07:44,957 [pool-10-thread-1] TRACE util.FileUtils (LogUtils.java:runAndLog(49)) - Successfully ran Files.createDirectories /home/runner/work/ratis/ratis/ratis-test/target/test/data/f7b94510/MiniRaftClusterWithRpcTypeGrpcAndDataStreamTypeNetty634c793e/s0/1f28c030-7783-4a7f-8749-1eac51517df7/current
2022-06-30 09:07:44,957 [pool-10-thread-1] TRACE util.FileUtils (LogUtils.java:runAndLog(49)) - Successfully ran Files.createDirectories /home/runner/work/ratis/ratis/ratis-test/target/test/data/f7b94510/MiniRaftClusterWithRpcTypeGrpcAndDataStreamTypeNetty634c793e/s0/1f28c030-7783-4a7f-8749-1eac51517df7/sm
2022-06-30 09:07:44,958 [Time-limited test] INFO  impl.DataStreamServerImpl (ConfUtils.java:logGet(46)) - raft.datastream.type = NETTY (custom)
2022-06-30 09:07:44,958 [Time-limited test] INFO  netty.NettyConfigKeys$DataStream (ConfUtils.java:logGet(46)) - raft.netty.dataStream.server.tls.conf = null (default)
2022-06-30 09:07:44,958 [Time-limited test] INFO  server.RaftServerConfigKeys (ConfUtils.java:logGet(46)) - raft.server.data-stream.async.request.thread.pool.cached = false (default)
2022-06-30 09:07:44,958 [Time-limited test] INFO  server.RaftServerConfigKeys (ConfUtils.java:logGet(46)) - raft.server.data-stream.async.request.thread.pool.size = 32 (default)
2022-06-30 09:07:44,958 [Time-limited test] INFO  server.RaftServerConfigKeys (ConfUtils.java:logGet(46)) - raft.server.data-stream.async.write.thread.pool.size = 16 (default)
2022-06-30 09:07:44,958 [Time-limited test] INFO  server.RaftServerConfigKeys (ConfUtils.java:logGet(46)) - raft.server.data-stream.client.pool.size = 10 (default)
2022-06-30 09:07:44,958 [Time-limited test] INFO  netty.NettyConfigKeys$DataStream (ConfUtils.java:logGet(46)) - raft.netty.dataStream.server.use-epoll = false (default)
2022-06-30 09:07:44,958 [Time-limited test] INFO  netty.NettyConfigKeys$DataStream (ConfUtils.java:logGet(46)) - raft.netty.dataStream.server.boss-group.size = 0 (default)
2022-06-30 09:07:44,959 [Time-limited test] INFO  netty.NettyConfigKeys$DataStream (ConfUtils.java:logGet(46)) - raft.netty.dataStream.server.worker-group.size = 0 (default)
2022-06-30 09:07:44,959 [pool-10-thread-1] INFO  storage.RaftStorage (RaftStorageImpl.java:format(79)) - Storage directory /home/runner/work/ratis/ratis/ratis-test/target/test/data/f7b94510/MiniRaftClusterWithRpcTypeGrpcAndDataStreamTypeNetty634c793e/s0/1f28c030-7783-4a7f-8749-1eac51517df7 has been successfully formatted.
2022-06-30 09:07:44,959 [Time-limited test] INFO  netty.NettyConfigKeys$DataStream (ConfUtils.java:logGet(46)) - raft.netty.dataStream.port = 41415 (custom)
2022-06-30 09:07:44,959 [pool-10-thread-1] INFO  server.RaftServerConfigKeys (ConfUtils.java:logGet(46)) - raft.server.notification.no-leader.timeout = 60s (default)
2022-06-30 09:07:44,960 [pool-10-thread-1] INFO  server.RaftServerConfigKeys (ConfUtils.java:logGet(46)) - raft.server.log.use.memory = false (default)
2022-06-30 09:07:44,960 [pool-10-thread-1] INFO  server.RaftServerConfigKeys (ConfUtils.java:logGet(46)) - raft.server.log.purge.gap = 1024 (default)
2022-06-30 09:07:44,961 [pool-10-thread-1] INFO  server.RaftServerConfigKeys (ConfUtils.java:logGet(46)) - raft.server.log.appender.buffer.byte-limit = 4MB (=4194304) (default)
2022-06-30 09:07:44,961 [pool-10-thread-1] INFO  server.RaftServerConfigKeys (ConfUtils.java:logGet(46)) - raft.server.log.statemachine.data.read.timeout = 1000ms (default)
2022-06-30 09:07:44,961 [pool-10-thread-1] INFO  server.RaftServerConfigKeys (ConfUtils.java:logGet(46)) - raft.server.log.segment.size.max = 8MB (=8388608) (default)
2022-06-30 09:07:44,962 [pool-10-thread-1] INFO  server.RaftServerConfigKeys (ConfUtils.java:logGet(46)) - raft.server.log.segment.cache.num.max = 6 (default)
2022-06-30 09:07:44,962 [pool-10-thread-1] INFO  server.RaftServerConfigKeys (ConfUtils.java:logGet(46)) - raft.server.log.segment.cache.size.max = 200MB (=209715200) (default)
2022-06-30 09:07:44,962 [pool-10-thread-1] INFO  segmented.SegmentedRaftLogWorker (SegmentedRaftLogWorker.java:<init>(187)) - new s0@group-1EAC51517DF7-SegmentedRaftLogWorker for RaftStorageImpl:Storage Directory /home/runner/work/ratis/ratis/ratis-test/target/test/data/f7b94510/MiniRaftClusterWithRpcTypeGrpcAndDataStreamTypeNetty634c793e/s0/1f28c030-7783-4a7f-8749-1eac51517df7
2022-06-30 09:07:44,962 [pool-10-thread-1] INFO  server.RaftServerConfigKeys (ConfUtils.java:logGet(46)) - raft.server.log.queue.byte-limit = 64MB (=67108864) (default)
2022-06-30 09:07:44,962 [pool-10-thread-1] INFO  server.RaftServerConfigKeys (ConfUtils.java:logGet(46)) - raft.server.log.queue.element-limit = 4096 (default)
2022-06-30 09:07:44,962 [pool-10-thread-1] INFO  server.RaftServerConfigKeys (ConfUtils.java:logGet(46)) - raft.server.log.segment.size.max = 8MB (=8388608) (default)
2022-06-30 09:07:44,963 [pool-10-thread-1] INFO  server.RaftServerConfigKeys (ConfUtils.java:logGet(46)) - raft.server.log.preallocated.size = 4MB (=4194304) (default)
2022-06-30 09:07:44,963 [pool-10-thread-1] INFO  server.RaftServerConfigKeys (ConfUtils.java:logGet(46)) - raft.server.log.force.sync.num = 128 (default)
2022-06-30 09:07:44,963 [pool-10-thread-1] INFO  server.RaftServerConfigKeys (ConfUtils.java:logGet(46)) - raft.server.log.statemachine.data.sync = true (default)
2022-06-30 09:07:44,963 [pool-10-thread-1] INFO  server.RaftServerConfigKeys (ConfUtils.java:logGet(46)) - raft.server.log.statemachine.data.sync.timeout = 10s (default)
2022-06-30 09:07:44,963 [pool-10-thread-1] INFO  server.RaftServerConfigKeys (ConfUtils.java:logGet(46)) - raft.server.log.statemachine.data.sync.timeout.retry = -1 (default)
2022-06-30 09:07:44,964 [Time-limited test] INFO  server.RaftServerConfigKeys (ConfUtils.java:logGet(46)) - raft.server.threadpool.proxy.cached = true (default)
2022-06-30 09:07:44,964 [Time-limited test] INFO  server.RaftServerConfigKeys (ConfUtils.java:logGet(46)) - raft.server.threadpool.proxy.size = 0 (default)
2022-06-30 09:07:44,964 [Time-limited test] INFO  server.RaftServerConfigKeys (ConfUtils.java:logGet(46)) - raft.server.rpc.slowness.timeout = 60s (default)
2022-06-30 09:07:44,964 [Time-limited test] INFO  server.RaftServerConfigKeys (ConfUtils.java:logGet(46)) - raft.server.leaderelection.leader.step-down.wait-time = 10s (default)
2022-06-30 09:07:44,964 [Time-limited test] INFO  server.RaftServerConfigKeys (ConfUtils.java:logGet(46)) - raft.server.storage.dir = [/home/runner/work/ratis/ratis/ratis-test/target/test/data/f7b94510/MiniRaftClusterWithRpcTypeGrpcAndDataStreamTypeNetty634c793e/s1] (custom)
2022-06-30 09:07:44,964 [pool-10-thread-1] INFO  server.RaftServerConfigKeys (ConfUtils.java:logGet(46)) - raft.server.log.write.buffer.size = 64KB (=65536) (default)
2022-06-30 09:07:44,965 [pool-10-thread-1] INFO  server.RaftServerConfigKeys (ConfUtils.java:logGet(46)) - raft.server.log.unsafe-flush.enabled = false (default)
2022-06-30 09:07:44,965 [pool-10-thread-1] INFO  server.RaftServerConfigKeys (ConfUtils.java:logGet(46)) - raft.server.log.statemachine.data.caching.enabled = false (default)
2022-06-30 09:07:44,965 [pool-10-thread-1] INFO  segmented.SegmentedRaftLogWorker (SegmentedRaftLogWorker.java:lambda$new$0(135)) - s0@group-1EAC51517DF7-SegmentedRaftLogWorker: flushIndex: setUnconditionally 0 -> -1
2022-06-30 09:07:44,965 [pool-10-thread-1] INFO  segmented.SegmentedRaftLogWorker (SegmentedRaftLogWorker.java:lambda$new$0(135)) - s0@group-1EAC51517DF7-SegmentedRaftLogWorker: safeCacheEvictIndex: setUnconditionally 0 -> -1
2022-06-30 09:07:44,966 [s1-NettyServerStreamRpc-bossGroup--thread1] INFO  logging.LoggingHandler (AbstractInternalLogger.java:log(148)) - [id: 0xb95077ef] REGISTERED
2022-06-30 09:07:44,967 [s1-NettyServerStreamRpc-bossGroup--thread1] INFO  logging.LoggingHandler (AbstractInternalLogger.java:log(148)) - [id: 0xb95077ef] BIND: 0.0.0.0/0.0.0.0:41415
2022-06-30 09:07:44,967 [s1-NettyServerStreamRpc-bossGroup--thread1] INFO  logging.LoggingHandler (AbstractInternalLogger.java:log(148)) - [id: 0xb95077ef, L:/0.0.0.0:41415] ACTIVE
2022-06-30 09:07:44,970 [pool-10-thread-1] INFO  server.RaftServerConfigKeys (ConfUtils.java:logGet(46)) - raft.server.snapshot.auto.trigger.enabled = false (default)
2022-06-30 09:07:44,971 [pool-10-thread-1] INFO  server.RaftServerConfigKeys (ConfUtils.java:logGet(46)) - raft.server.snapshot.retention.file.num = -1 (default)
2022-06-30 09:07:44,971 [pool-10-thread-1] INFO  server.RaftServerConfigKeys (ConfUtils.java:logGet(46)) - raft.server.log.purge.upto.snapshot.index = false (default)
2022-06-30 09:07:44,971 [pool-10-thread-1] INFO  server.RaftServerConfigKeys (ConfUtils.java:logGet(46)) - raft.server.retrycache.expirytime = 60s (default)
2022-06-30 09:07:44,971 [pool-10-thread-1] INFO  server.RaftServerConfigKeys (ConfUtils.java:logGet(46)) - raft.server.retrycache.statistics.expirytime = 100μs (default)
2022-06-30 09:07:44,971 [Time-limited test] INFO  server.RaftServer (RaftServerProxy.java:addNew(96)) - s1: addNew group-1EAC51517DF7:[s0|rpc:localhost:41403|admin:localhost:45983|client:localhost:35061|dataStream:localhost:41947|priority:0, s1|rpc:localhost:37825|admin:localhost:33367|client:localhost:37897|dataStream:localhost:41415|priority:0, s2|rpc:localhost:38995|admin:localhost:46591|client:localhost:33971|dataStream:localhost:36363|priority:0] returns group-1EAC51517DF7:java.util.concurrent.CompletableFuture@19ae6f9b[Not completed]
2022-06-30 09:07:44,972 [pool-10-thread-1] INFO  server.RaftServerConfigKeys (ConfUtils.java:logGet(46)) - raft.server.log.appender.install.snapshot.enabled = true (default)
2022-06-30 09:07:44,972 [pool-10-thread-1] INFO  server.RaftServerConfigKeys (ConfUtils.java:logGet(46)) - raft.server.threadpool.server.cached = true (default)
2022-06-30 09:07:44,972 [pool-10-thread-1] INFO  server.RaftServerConfigKeys (ConfUtils.java:logGet(46)) - raft.server.threadpool.server.size = 0 (default)
2022-06-30 09:07:44,972 [pool-10-thread-1] INFO  server.RaftServerConfigKeys (ConfUtils.java:logGet(46)) - raft.server.threadpool.client.cached = true (default)
2022-06-30 09:07:44,972 [pool-10-thread-1] INFO  server.RaftServerConfigKeys (ConfUtils.java:logGet(46)) - raft.server.threadpool.client.size = 0 (default)
2022-06-30 09:07:44,972 [Time-limited test] INFO  impl.MiniRaftCluster (MiniRaftCluster.java:newRaftServer(358)) - newRaftServer: s2, group-1EAC51517DF7:[s0|rpc:localhost:41403|admin:localhost:45983|client:localhost:35061|dataStream:localhost:41947|priority:0, s1|rpc:localhost:37825|admin:localhost:33367|client:localhost:37897|dataStream:localhost:41415|priority:0, s2|rpc:localhost:38995|admin:localhost:46591|client:localhost:33971|dataStream:localhost:36363|priority:0], format? true
2022-06-30 09:07:44,974 [Time-limited test] TRACE util.FileUtils (FileUtils.java:deleteFully(162)) - deleteFully target/test/data/f7b94510/MiniRaftClusterWithRpcTypeGrpcAndDataStreamTypeNetty634c793e/s2
2022-06-30 09:07:44,973 [pool-11-thread-1] INFO  server.RaftServer$Division (RaftServerImpl.java:<init>(190)) - s1: new RaftServerImpl for group-1EAC51517DF7:[s0|rpc:localhost:41403|admin:localhost:45983|client:localhost:35061|dataStream:localhost:41947|priority:0, s1|rpc:localhost:37825|admin:localhost:33367|client:localhost:37897|dataStream:localhost:41415|priority:0, s2|rpc:localhost:38995|admin:localhost:46591|client:localhost:33971|dataStream:localhost:36363|priority:0] with MultiDataStreamStateMachine:uninitialized
2022-06-30 09:07:44,974 [Time-limited test] TRACE util.FileUtils (FileUtils.java:deleteFully(178)) - deleteFully: target/test/data/f7b94510/MiniRaftClusterWithRpcTypeGrpcAndDataStreamTypeNetty634c793e/s2 does not exist.
2022-06-30 09:07:44,974 [Time-limited test] INFO  impl.MiniRaftCluster (MiniRaftCluster.java:newRaftServer(363)) - Formatted directory target/test/data/f7b94510/MiniRaftClusterWithRpcTypeGrpcAndDataStreamTypeNetty634c793e/s2
2022-06-30 09:07:44,975 [Time-limited test] INFO  server.RaftServer (ConfUtils.java:logGet(46)) - raft.rpc.type = GRPC (default)
2022-06-30 09:07:44,975 [pool-11-thread-1] INFO  server.RaftServerConfigKeys (ConfUtils.java:logGet(46)) - raft.server.rpc.timeout.min = 150ms (default)
2022-06-30 09:07:44,976 [pool-11-thread-1] INFO  server.RaftServerConfigKeys (ConfUtils.java:logGet(46)) - raft.server.rpc.timeout.max = 300ms (default)
2022-06-30 09:07:44,976 [pool-11-thread-1] INFO  server.RaftServerConfigKeys (ConfUtils.java:logGet(46)) - raft.server.rpc.sleep.time = 25ms (default)
2022-06-30 09:07:44,976 [pool-11-thread-1] INFO  server.RaftServerConfigKeys (ConfUtils.java:logGet(46)) - raft.server.rpc.slowness.timeout = 60s (default)
2022-06-30 09:07:44,976 [pool-11-thread-1] INFO  server.RaftServerConfigKeys (ConfUtils.java:logGet(46)) - raft.server.leaderelection.leader.step-down.wait-time = 10s (default)
2022-06-30 09:07:44,975 [Time-limited test] INFO  grpc.GrpcFactory (GrpcFactory.java:checkPooledByteBufAllocatorUseCacheForAllThreads(48)) - PERFORMANCE WARNING: useCacheForAllThreads is true that may cause Netty to create a lot garbage objects and, as a result, trigger GC.
	It is recommended to disable useCacheForAllThreads by setting -Dorg.apache.ratis.thirdparty.io.netty.allocator.useCacheForAllThreads=false in command line.
2022-06-30 09:07:44,976 [Time-limited test] INFO  grpc.GrpcConfigKeys (ConfUtils.java:logGet(46)) - raft.grpc.admin.port = 46591 (custom)
2022-06-30 09:07:44,977 [Time-limited test] INFO  grpc.GrpcConfigKeys (ConfUtils.java:logGet(46)) - raft.grpc.client.port = 33971 (custom)
2022-06-30 09:07:44,977 [Time-limited test] INFO  grpc.GrpcConfigKeys (ConfUtils.java:logGet(46)) - raft.grpc.server.port = 38995 (custom)
2022-06-30 09:07:44,977 [Time-limited test] INFO  server.GrpcService (ConfUtils.java:logGet(46)) - raft.grpc.message.size.max = 64MB (=67108864) (default)
2022-06-30 09:07:44,977 [Time-limited test] INFO  server.RaftServerConfigKeys (ConfUtils.java:logGet(46)) - raft.server.log.appender.buffer.byte-limit = 4MB (=4194304) (default)
2022-06-30 09:07:44,977 [Time-limited test] INFO  server.GrpcService (ConfUtils.java:logGet(46)) - raft.grpc.flow.control.window = 1MB (=1048576) (default)
2022-06-30 09:07:44,977 [Time-limited test] INFO  server.RaftServerConfigKeys (ConfUtils.java:logGet(46)) - raft.server.rpc.request.timeout = 3000ms (default)
2022-06-30 09:07:44,977 [Time-limited test] INFO  grpc.GrpcConfigKeys (ConfUtils.java:logGet(46)) - raft.grpc.server.async.request.thread.pool.cached = true (default)
2022-06-30 09:07:44,978 [Time-limited test] INFO  grpc.GrpcConfigKeys (ConfUtils.java:logGet(46)) - raft.grpc.server.async.request.thread.pool.size = 32 (default)
2022-06-30 09:07:44,978 [pool-11-thread-1] INFO  server.RaftServerConfigKeys (ConfUtils.java:logGet(46)) - raft.server.sleep.deviation.threshold = 300ms (default)
2022-06-30 09:07:44,978 [pool-11-thread-1] INFO  server.RaftServer$Division (ServerState.java:<init>(107)) - s1@group-1EAC51517DF7: ConfigurationManager, init=-1: [s0|rpc:localhost:41403|admin:localhost:45983|client:localhost:35061|dataStream:localhost:41947|priority:0, s1|rpc:localhost:37825|admin:localhost:33367|client:localhost:37897|dataStream:localhost:41415|priority:0, s2|rpc:localhost:38995|admin:localhost:46591|client:localhost:33971|dataStream:localhost:36363|priority:0], old=null, confs=<EMPTY_MAP>
2022-06-30 09:07:44,979 [Time-limited test] INFO  impl.DataStreamServerImpl (ConfUtils.java:logGet(46)) - raft.datastream.type = NETTY (custom)
2022-06-30 09:07:44,980 [Time-limited test] INFO  netty.NettyConfigKeys$DataStream (ConfUtils.java:logGet(46)) - raft.netty.dataStream.server.tls.conf = null (default)
2022-06-30 09:07:44,980 [Time-limited test] INFO  server.RaftServerConfigKeys (ConfUtils.java:logGet(46)) - raft.server.data-stream.async.request.thread.pool.cached = false (default)
2022-06-30 09:07:44,980 [Time-limited test] INFO  server.RaftServerConfigKeys (ConfUtils.java:logGet(46)) - raft.server.data-stream.async.request.thread.pool.size = 32 (default)
2022-06-30 09:07:44,980 [Time-limited test] INFO  server.RaftServerConfigKeys (ConfUtils.java:logGet(46)) - raft.server.data-stream.async.write.thread.pool.size = 16 (default)
2022-06-30 09:07:44,980 [Time-limited test] INFO  server.RaftServerConfigKeys (ConfUtils.java:logGet(46)) - raft.server.data-stream.client.pool.size = 10 (default)
2022-06-30 09:07:44,980 [Time-limited test] INFO  netty.NettyConfigKeys$DataStream (ConfUtils.java:logGet(46)) - raft.netty.dataStream.server.use-epoll = false (default)
2022-06-30 09:07:44,980 [Time-limited test] INFO  netty.NettyConfigKeys$DataStream (ConfUtils.java:logGet(46)) - raft.netty.dataStream.server.boss-group.size = 0 (default)
2022-06-30 09:07:44,981 [Time-limited test] INFO  netty.NettyConfigKeys$DataStream (ConfUtils.java:logGet(46)) - raft.netty.dataStream.server.worker-group.size = 0 (default)
2022-06-30 09:07:44,981 [Time-limited test] INFO  netty.NettyConfigKeys$DataStream (ConfUtils.java:logGet(46)) - raft.netty.dataStream.port = 36363 (custom)
2022-06-30 09:07:44,982 [pool-11-thread-1] INFO  server.RaftServerConfigKeys (ConfUtils.java:logGet(46)) - raft.server.storage.dir = [/home/runner/work/ratis/ratis/ratis-test/target/test/data/f7b94510/MiniRaftClusterWithRpcTypeGrpcAndDataStreamTypeNetty634c793e/s1] (custom)
2022-06-30 09:07:44,982 [pool-11-thread-1] INFO  server.RaftServerConfigKeys (ConfUtils.java:logGet(46)) - raft.server.log.corruption.policy = EXCEPTION (default)
2022-06-30 09:07:44,982 [pool-11-thread-1] INFO  server.RaftServerConfigKeys (ConfUtils.java:logGet(46)) - raft.server.storage.free-space.min = 0MB (=0) (default)
2022-06-30 09:07:44,982 [pool-11-thread-1] INFO  storage.RaftStorageDirectory (RaftStorageDirectoryImpl.java:analyzeStorage(136)) - The storage directory /home/runner/work/ratis/ratis/ratis-test/target/test/data/f7b94510/MiniRaftClusterWithRpcTypeGrpcAndDataStreamTypeNetty634c793e/s1/1f28c030-7783-4a7f-8749-1eac51517df7 does not exist. Creating ...
2022-06-30 09:07:44,983 [pool-11-thread-1] TRACE util.FileUtils (LogUtils.java:runAndLog(49)) - Successfully ran Files.createDirectories /home/runner/work/ratis/ratis/ratis-test/target/test/data/f7b94510/MiniRaftClusterWithRpcTypeGrpcAndDataStreamTypeNetty634c793e/s1/1f28c030-7783-4a7f-8749-1eac51517df7
2022-06-30 09:07:44,984 [pool-11-thread-1] INFO  storage.RaftStorageDirectory (RaftStorageDirectoryImpl.java:tryLock(230)) - Lock on /home/runner/work/ratis/ratis/ratis-test/target/test/data/f7b94510/MiniRaftClusterWithRpcTypeGrpcAndDataStreamTypeNetty634c793e/s1/1f28c030-7783-4a7f-8749-1eac51517df7/in_use.lock acquired by nodename 22874@fv-az458-852.cxtooap3h1lune4eycoub4ghla.dx.internal.cloudapp.net
2022-06-30 09:07:44,984 [pool-11-thread-1] TRACE util.FileUtils (LogUtils.java:runAndLog(49)) - Successfully ran Files.createDirectories /home/runner/work/ratis/ratis/ratis-test/target/test/data/f7b94510/MiniRaftClusterWithRpcTypeGrpcAndDataStreamTypeNetty634c793e/s1/1f28c030-7783-4a7f-8749-1eac51517df7/current
2022-06-30 09:07:44,984 [pool-11-thread-1] TRACE util.FileUtils (LogUtils.java:runAndLog(49)) - Successfully ran Files.createDirectories /home/runner/work/ratis/ratis/ratis-test/target/test/data/f7b94510/MiniRaftClusterWithRpcTypeGrpcAndDataStreamTypeNetty634c793e/s1/1f28c030-7783-4a7f-8749-1eac51517df7/sm
2022-06-30 09:07:44,985 [Time-limited test] INFO  server.RaftServerConfigKeys (ConfUtils.java:logGet(46)) - raft.server.threadpool.proxy.cached = true (default)
2022-06-30 09:07:44,985 [Time-limited test] INFO  server.RaftServerConfigKeys (ConfUtils.java:logGet(46)) - raft.server.threadpool.proxy.size = 0 (default)
2022-06-30 09:07:44,985 [Time-limited test] INFO  server.RaftServerConfigKeys (ConfUtils.java:logGet(46)) - raft.server.rpc.slowness.timeout = 60s (default)
2022-06-30 09:07:44,985 [Time-limited test] INFO  server.RaftServerConfigKeys (ConfUtils.java:logGet(46)) - raft.server.leaderelection.leader.step-down.wait-time = 10s (default)
2022-06-30 09:07:44,985 [Time-limited test] INFO  server.RaftServerConfigKeys (ConfUtils.java:logGet(46)) - raft.server.storage.dir = [/home/runner/work/ratis/ratis/ratis-test/target/test/data/f7b94510/MiniRaftClusterWithRpcTypeGrpcAndDataStreamTypeNetty634c793e/s2] (custom)
2022-06-30 09:07:44,986 [s2-NettyServerStreamRpc-bossGroup--thread1] INFO  logging.LoggingHandler (AbstractInternalLogger.java:log(148)) - [id: 0x1fc6f367] REGISTERED
2022-06-30 09:07:44,986 [pool-11-thread-1] INFO  storage.RaftStorage (RaftStorageImpl.java:format(79)) - Storage directory /home/runner/work/ratis/ratis/ratis-test/target/test/data/f7b94510/MiniRaftClusterWithRpcTypeGrpcAndDataStreamTypeNetty634c793e/s1/1f28c030-7783-4a7f-8749-1eac51517df7 has been successfully formatted.
2022-06-30 09:07:44,986 [s2-NettyServerStreamRpc-bossGroup--thread1] INFO  logging.LoggingHandler (AbstractInternalLogger.java:log(148)) - [id: 0x1fc6f367] BIND: 0.0.0.0/0.0.0.0:36363
2022-06-30 09:07:44,986 [pool-11-thread-1] INFO  server.RaftServerConfigKeys (ConfUtils.java:logGet(46)) - raft.server.notification.no-leader.timeout = 60s (default)
2022-06-30 09:07:44,987 [pool-11-thread-1] INFO  server.RaftServerConfigKeys (ConfUtils.java:logGet(46)) - raft.server.log.use.memory = false (default)
2022-06-30 09:07:44,987 [s2-NettyServerStreamRpc-bossGroup--thread1] INFO  logging.LoggingHandler (AbstractInternalLogger.java:log(148)) - [id: 0x1fc6f367, L:/0.0.0.0:36363] ACTIVE
2022-06-30 09:07:44,987 [pool-11-thread-1] INFO  server.RaftServerConfigKeys (ConfUtils.java:logGet(46)) - raft.server.log.purge.gap = 1024 (default)
2022-06-30 09:07:44,987 [pool-11-thread-1] INFO  server.RaftServerConfigKeys (ConfUtils.java:logGet(46)) - raft.server.log.appender.buffer.byte-limit = 4MB (=4194304) (default)
2022-06-30 09:07:44,987 [pool-11-thread-1] INFO  server.RaftServerConfigKeys (ConfUtils.java:logGet(46)) - raft.server.log.statemachine.data.read.timeout = 1000ms (default)
2022-06-30 09:07:44,987 [pool-11-thread-1] INFO  server.RaftServerConfigKeys (ConfUtils.java:logGet(46)) - raft.server.log.segment.size.max = 8MB (=8388608) (default)
2022-06-30 09:07:44,987 [pool-11-thread-1] INFO  server.RaftServerConfigKeys (ConfUtils.java:logGet(46)) - raft.server.log.segment.cache.num.max = 6 (default)
2022-06-30 09:07:44,987 [pool-11-thread-1] INFO  server.RaftServerConfigKeys (ConfUtils.java:logGet(46)) - raft.server.log.segment.cache.size.max = 200MB (=209715200) (default)
2022-06-30 09:07:44,987 [pool-11-thread-1] INFO  segmented.SegmentedRaftLogWorker (SegmentedRaftLogWorker.java:<init>(187)) - new s1@group-1EAC51517DF7-SegmentedRaftLogWorker for RaftStorageImpl:Storage Directory /home/runner/work/ratis/ratis/ratis-test/target/test/data/f7b94510/MiniRaftClusterWithRpcTypeGrpcAndDataStreamTypeNetty634c793e/s1/1f28c030-7783-4a7f-8749-1eac51517df7
2022-06-30 09:07:44,988 [pool-11-thread-1] INFO  server.RaftServerConfigKeys (ConfUtils.java:logGet(46)) - raft.server.log.queue.byte-limit = 64MB (=67108864) (default)
2022-06-30 09:07:44,988 [pool-11-thread-1] INFO  server.RaftServerConfigKeys (ConfUtils.java:logGet(46)) - raft.server.log.queue.element-limit = 4096 (default)
2022-06-30 09:07:44,988 [pool-11-thread-1] INFO  server.RaftServerConfigKeys (ConfUtils.java:logGet(46)) - raft.server.log.segment.size.max = 8MB (=8388608) (default)
2022-06-30 09:07:44,988 [pool-11-thread-1] INFO  server.RaftServerConfigKeys (ConfUtils.java:logGet(46)) - raft.server.log.preallocated.size = 4MB (=4194304) (default)
2022-06-30 09:07:44,988 [pool-11-thread-1] INFO  server.RaftServerConfigKeys (ConfUtils.java:logGet(46)) - raft.server.log.force.sync.num = 128 (default)
2022-06-30 09:07:44,988 [pool-11-thread-1] INFO  server.RaftServerConfigKeys (ConfUtils.java:logGet(46)) - raft.server.log.statemachine.data.sync = true (default)
2022-06-30 09:07:44,988 [pool-11-thread-1] INFO  server.RaftServerConfigKeys (ConfUtils.java:logGet(46)) - raft.server.log.statemachine.data.sync.timeout = 10s (default)
2022-06-30 09:07:44,988 [pool-11-thread-1] INFO  server.RaftServerConfigKeys (ConfUtils.java:logGet(46)) - raft.server.log.statemachine.data.sync.timeout.retry = -1 (default)
2022-06-30 09:07:44,988 [pool-11-thread-1] INFO  server.RaftServerConfigKeys (ConfUtils.java:logGet(46)) - raft.server.log.write.buffer.size = 64KB (=65536) (default)
2022-06-30 09:07:44,988 [pool-11-thread-1] INFO  server.RaftServerConfigKeys (ConfUtils.java:logGet(46)) - raft.server.log.unsafe-flush.enabled = false (default)
2022-06-30 09:07:44,989 [pool-11-thread-1] INFO  server.RaftServerConfigKeys (ConfUtils.java:logGet(46)) - raft.server.log.statemachine.data.caching.enabled = false (default)
2022-06-30 09:07:44,989 [pool-11-thread-1] INFO  segmented.SegmentedRaftLogWorker (SegmentedRaftLogWorker.java:lambda$new$0(135)) - s1@group-1EAC51517DF7-SegmentedRaftLogWorker: flushIndex: setUnconditionally 0 -> -1
2022-06-30 09:07:44,989 [pool-11-thread-1] INFO  segmented.SegmentedRaftLogWorker (SegmentedRaftLogWorker.java:lambda$new$0(135)) - s1@group-1EAC51517DF7-SegmentedRaftLogWorker: safeCacheEvictIndex: setUnconditionally 0 -> -1
2022-06-30 09:07:44,989 [pool-11-thread-1] INFO  server.RaftServerConfigKeys (ConfUtils.java:logGet(46)) - raft.server.snapshot.auto.trigger.enabled = false (default)
2022-06-30 09:07:44,989 [pool-11-thread-1] INFO  server.RaftServerConfigKeys (ConfUtils.java:logGet(46)) - raft.server.snapshot.retention.file.num = -1 (default)
2022-06-30 09:07:44,989 [pool-11-thread-1] INFO  server.RaftServerConfigKeys (ConfUtils.java:logGet(46)) - raft.server.log.purge.upto.snapshot.index = false (default)
2022-06-30 09:07:44,989 [pool-11-thread-1] INFO  server.RaftServerConfigKeys (ConfUtils.java:logGet(46)) - raft.server.retrycache.expirytime = 60s (default)
2022-06-30 09:07:44,989 [pool-11-thread-1] INFO  server.RaftServerConfigKeys (ConfUtils.java:logGet(46)) - raft.server.retrycache.statistics.expirytime = 100μs (default)
2022-06-30 09:07:44,990 [pool-11-thread-1] INFO  server.RaftServerConfigKeys (ConfUtils.java:logGet(46)) - raft.server.log.appender.install.snapshot.enabled = true (default)
2022-06-30 09:07:44,990 [pool-11-thread-1] INFO  server.RaftServerConfigKeys (ConfUtils.java:logGet(46)) - raft.server.threadpool.server.cached = true (default)
2022-06-30 09:07:44,990 [pool-11-thread-1] INFO  server.RaftServerConfigKeys (ConfUtils.java:logGet(46)) - raft.server.threadpool.server.size = 0 (default)
2022-06-30 09:07:44,990 [pool-11-thread-1] INFO  server.RaftServerConfigKeys (ConfUtils.java:logGet(46)) - raft.server.threadpool.client.cached = true (default)
2022-06-30 09:07:44,990 [pool-11-thread-1] INFO  server.RaftServerConfigKeys (ConfUtils.java:logGet(46)) - raft.server.threadpool.client.size = 0 (default)
2022-06-30 09:07:44,990 [Time-limited test] INFO  server.RaftServer (RaftServerProxy.java:addNew(96)) - s2: addNew group-1EAC51517DF7:[s0|rpc:localhost:41403|admin:localhost:45983|client:localhost:35061|dataStream:localhost:41947|priority:0, s1|rpc:localhost:37825|admin:localhost:33367|client:localhost:37897|dataStream:localhost:41415|priority:0, s2|rpc:localhost:38995|admin:localhost:46591|client:localhost:33971|dataStream:localhost:36363|priority:0] returns group-1EAC51517DF7:java.util.concurrent.CompletableFuture@5cbc2625[Not completed]
2022-06-30 09:07:44,991 [pool-12-thread-1] INFO  server.RaftServer$Division (RaftServerImpl.java:<init>(190)) - s2: new RaftServerImpl for group-1EAC51517DF7:[s0|rpc:localhost:41403|admin:localhost:45983|client:localhost:35061|dataStream:localhost:41947|priority:0, s1|rpc:localhost:37825|admin:localhost:33367|client:localhost:37897|dataStream:localhost:41415|priority:0, s2|rpc:localhost:38995|admin:localhost:46591|client:localhost:33971|dataStream:localhost:36363|priority:0] with MultiDataStreamStateMachine:uninitialized
2022-06-30 09:07:44,991 [s0-impl-thread1] INFO  server.RaftServer$Division (RaftServerImpl.java:start(310)) - s0@group-1EAC51517DF7: start as a follower, conf=-1: [s0|rpc:localhost:41403|admin:localhost:45983|client:localhost:35061|dataStream:localhost:41947|priority:0, s1|rpc:localhost:37825|admin:localhost:33367|client:localhost:37897|dataStream:localhost:41415|priority:0, s2|rpc:localhost:38995|admin:localhost:46591|client:localhost:33971|dataStream:localhost:36363|priority:0], old=null
2022-06-30 09:07:44,998 [s0-impl-thread1] INFO  server.RaftServer$Division (RaftServerImpl.java:setRole(299)) - s0@group-1EAC51517DF7: changes role from      null to FOLLOWER at term 0 for startAsFollower
2022-06-30 09:07:44,998 [s0-impl-thread1] INFO  impl.RoleInfo (RoleInfo.java:updateAndGet(139)) - s0: start s0@group-1EAC51517DF7-FollowerState
2022-06-30 09:07:44,999 [s0-impl-thread1] INFO  util.JmxRegister (JmxRegister.java:tryRegister(44)) - Successfully registered JMX Bean with object name Ratis:service=RaftServer,group=group-1EAC51517DF7,id=s0
2022-06-30 09:07:45,005 [Time-limited test] INFO  server.RaftServer (RaftServerProxy.java:lambda$start$6(382)) - s0: start RPC server
2022-06-30 09:07:45,011 [Time-limited test] INFO  server.GrpcService (GrpcService.java:startImpl(260)) - s0: GrpcService started, listening on 41403
2022-06-30 09:07:45,012 [pool-12-thread-1] INFO  server.RaftServerConfigKeys (ConfUtils.java:logGet(46)) - raft.server.rpc.timeout.min = 150ms (default)
2022-06-30 09:07:45,013 [pool-12-thread-1] INFO  server.RaftServerConfigKeys (ConfUtils.java:logGet(46)) - raft.server.rpc.timeout.max = 300ms (default)
2022-06-30 09:07:45,013 [pool-12-thread-1] INFO  server.RaftServerConfigKeys (ConfUtils.java:logGet(46)) - raft.server.rpc.sleep.time = 25ms (default)
2022-06-30 09:07:45,013 [pool-12-thread-1] INFO  server.RaftServerConfigKeys (ConfUtils.java:logGet(46)) - raft.server.rpc.slowness.timeout = 60s (default)
2022-06-30 09:07:45,013 [pool-12-thread-1] INFO  server.RaftServerConfigKeys (ConfUtils.java:logGet(46)) - raft.server.leaderelection.leader.step-down.wait-time = 10s (default)
2022-06-30 09:07:45,014 [pool-12-thread-1] INFO  server.RaftServerConfigKeys (ConfUtils.java:logGet(46)) - raft.server.sleep.deviation.threshold = 300ms (default)
2022-06-30 09:07:45,019 [Time-limited test] INFO  server.GrpcService (GrpcService.java:startImpl(260)) - s0: GrpcService started, listening on 45983
2022-06-30 09:07:45,019 [pool-12-thread-1] INFO  server.RaftServer$Division (ServerState.java:<init>(107)) - s2@group-1EAC51517DF7: ConfigurationManager, init=-1: [s0|rpc:localhost:41403|admin:localhost:45983|client:localhost:35061|dataStream:localhost:41947|priority:0, s1|rpc:localhost:37825|admin:localhost:33367|client:localhost:37897|dataStream:localhost:41415|priority:0, s2|rpc:localhost:38995|admin:localhost:46591|client:localhost:33971|dataStream:localhost:36363|priority:0], old=null, confs=<EMPTY_MAP>
2022-06-30 09:07:45,024 [pool-12-thread-1] INFO  server.RaftServerConfigKeys (ConfUtils.java:logGet(46)) - raft.server.storage.dir = [/home/runner/work/ratis/ratis/ratis-test/target/test/data/f7b94510/MiniRaftClusterWithRpcTypeGrpcAndDataStreamTypeNetty634c793e/s2] (custom)
2022-06-30 09:07:45,024 [pool-12-thread-1] INFO  server.RaftServerConfigKeys (ConfUtils.java:logGet(46)) - raft.server.log.corruption.policy = EXCEPTION (default)
2022-06-30 09:07:45,024 [pool-12-thread-1] INFO  server.RaftServerConfigKeys (ConfUtils.java:logGet(46)) - raft.server.storage.free-space.min = 0MB (=0) (default)
2022-06-30 09:07:45,025 [pool-12-thread-1] INFO  storage.RaftStorageDirectory (RaftStorageDirectoryImpl.java:analyzeStorage(136)) - The storage directory /home/runner/work/ratis/ratis/ratis-test/target/test/data/f7b94510/MiniRaftClusterWithRpcTypeGrpcAndDataStreamTypeNetty634c793e/s2/1f28c030-7783-4a7f-8749-1eac51517df7 does not exist. Creating ...
2022-06-30 09:07:45,026 [pool-12-thread-1] TRACE util.FileUtils (LogUtils.java:runAndLog(49)) - Successfully ran Files.createDirectories /home/runner/work/ratis/ratis/ratis-test/target/test/data/f7b94510/MiniRaftClusterWithRpcTypeGrpcAndDataStreamTypeNetty634c793e/s2/1f28c030-7783-4a7f-8749-1eac51517df7
2022-06-30 09:07:45,027 [pool-12-thread-1] INFO  storage.RaftStorageDirectory (RaftStorageDirectoryImpl.java:tryLock(230)) - Lock on /home/runner/work/ratis/ratis/ratis-test/target/test/data/f7b94510/MiniRaftClusterWithRpcTypeGrpcAndDataStreamTypeNetty634c793e/s2/1f28c030-7783-4a7f-8749-1eac51517df7/in_use.lock acquired by nodename 22874@fv-az458-852.cxtooap3h1lune4eycoub4ghla.dx.internal.cloudapp.net
2022-06-30 09:07:45,027 [pool-12-thread-1] TRACE util.FileUtils (LogUtils.java:runAndLog(49)) - Successfully ran Files.createDirectories /home/runner/work/ratis/ratis/ratis-test/target/test/data/f7b94510/MiniRaftClusterWithRpcTypeGrpcAndDataStreamTypeNetty634c793e/s2/1f28c030-7783-4a7f-8749-1eac51517df7/current
2022-06-30 09:07:45,028 [pool-12-thread-1] TRACE util.FileUtils (LogUtils.java:runAndLog(49)) - Successfully ran Files.createDirectories /home/runner/work/ratis/ratis/ratis-test/target/test/data/f7b94510/MiniRaftClusterWithRpcTypeGrpcAndDataStreamTypeNetty634c793e/s2/1f28c030-7783-4a7f-8749-1eac51517df7/sm
2022-06-30 09:07:45,029 [pool-12-thread-1] INFO  storage.RaftStorage (RaftStorageImpl.java:format(79)) - Storage directory /home/runner/work/ratis/ratis/ratis-test/target/test/data/f7b94510/MiniRaftClusterWithRpcTypeGrpcAndDataStreamTypeNetty634c793e/s2/1f28c030-7783-4a7f-8749-1eac51517df7 has been successfully formatted.
2022-06-30 09:07:45,030 [pool-12-thread-1] INFO  server.RaftServerConfigKeys (ConfUtils.java:logGet(46)) - raft.server.notification.no-leader.timeout = 60s (default)
2022-06-30 09:07:45,030 [pool-12-thread-1] INFO  server.RaftServerConfigKeys (ConfUtils.java:logGet(46)) - raft.server.log.use.memory = false (default)
2022-06-30 09:07:45,030 [pool-12-thread-1] INFO  server.RaftServerConfigKeys (ConfUtils.java:logGet(46)) - raft.server.log.purge.gap = 1024 (default)
2022-06-30 09:07:45,030 [pool-12-thread-1] INFO  server.RaftServerConfigKeys (ConfUtils.java:logGet(46)) - raft.server.log.appender.buffer.byte-limit = 4MB (=4194304) (default)
2022-06-30 09:07:45,030 [pool-12-thread-1] INFO  server.RaftServerConfigKeys (ConfUtils.java:logGet(46)) - raft.server.log.statemachine.data.read.timeout = 1000ms (default)
2022-06-30 09:07:45,030 [pool-12-thread-1] INFO  server.RaftServerConfigKeys (ConfUtils.java:logGet(46)) - raft.server.log.segment.size.max = 8MB (=8388608) (default)
2022-06-30 09:07:45,031 [pool-12-thread-1] INFO  server.RaftServerConfigKeys (ConfUtils.java:logGet(46)) - raft.server.log.segment.cache.num.max = 6 (default)
2022-06-30 09:07:45,031 [pool-12-thread-1] INFO  server.RaftServerConfigKeys (ConfUtils.java:logGet(46)) - raft.server.log.segment.cache.size.max = 200MB (=209715200) (default)
2022-06-30 09:07:45,033 [pool-12-thread-1] INFO  segmented.SegmentedRaftLogWorker (SegmentedRaftLogWorker.java:<init>(187)) - new s2@group-1EAC51517DF7-SegmentedRaftLogWorker for RaftStorageImpl:Storage Directory /home/runner/work/ratis/ratis/ratis-test/target/test/data/f7b94510/MiniRaftClusterWithRpcTypeGrpcAndDataStreamTypeNetty634c793e/s2/1f28c030-7783-4a7f-8749-1eac51517df7
2022-06-30 09:07:45,032 [Time-limited test] INFO  server.GrpcService (GrpcService.java:startImpl(260)) - s0: GrpcService started, listening on 35061
2022-06-30 09:07:45,034 [pool-12-thread-1] INFO  server.RaftServerConfigKeys (ConfUtils.java:logGet(46)) - raft.server.log.queue.byte-limit = 64MB (=67108864) (default)
2022-06-30 09:07:45,034 [pool-12-thread-1] INFO  server.RaftServerConfigKeys (ConfUtils.java:logGet(46)) - raft.server.log.queue.element-limit = 4096 (default)
2022-06-30 09:07:45,034 [pool-12-thread-1] INFO  server.RaftServerConfigKeys (ConfUtils.java:logGet(46)) - raft.server.log.segment.size.max = 8MB (=8388608) (default)
2022-06-30 09:07:45,034 [s1-impl-thread1] INFO  server.RaftServer$Division (RaftServerImpl.java:start(310)) - s1@group-1EAC51517DF7: start as a follower, conf=-1: [s0|rpc:localhost:41403|admin:localhost:45983|client:localhost:35061|dataStream:localhost:41947|priority:0, s1|rpc:localhost:37825|admin:localhost:33367|client:localhost:37897|dataStream:localhost:41415|priority:0, s2|rpc:localhost:38995|admin:localhost:46591|client:localhost:33971|dataStream:localhost:36363|priority:0], old=null
2022-06-30 09:07:45,034 [org.apache.ratis.util.JvmPauseMonitor$$Lambda$272/1646531804@7bc59190] INFO  util.JvmPauseMonitor (JvmPauseMonitor.java:run(103)) - JvmPauseMonitor-s0: Started
2022-06-30 09:07:45,034 [pool-12-thread-1] INFO  server.RaftServerConfigKeys (ConfUtils.java:logGet(46)) - raft.server.log.preallocated.size = 4MB (=4194304) (default)
2022-06-30 09:07:45,034 [s1-impl-thread1] INFO  server.RaftServer$Division (RaftServerImpl.java:setRole(299)) - s1@group-1EAC51517DF7: changes role from      null to FOLLOWER at term 0 for startAsFollower
2022-06-30 09:07:45,035 [s1-impl-thread1] INFO  impl.RoleInfo (RoleInfo.java:updateAndGet(139)) - s1: start s1@group-1EAC51517DF7-FollowerState
2022-06-30 09:07:45,035 [pool-12-thread-1] INFO  server.RaftServerConfigKeys (ConfUtils.java:logGet(46)) - raft.server.log.force.sync.num = 128 (default)
2022-06-30 09:07:45,035 [pool-12-thread-1] INFO  server.RaftServerConfigKeys (ConfUtils.java:logGet(46)) - raft.server.log.statemachine.data.sync = true (default)
2022-06-30 09:07:45,036 [pool-12-thread-1] INFO  server.RaftServerConfigKeys (ConfUtils.java:logGet(46)) - raft.server.log.statemachine.data.sync.timeout = 10s (default)
2022-06-30 09:07:45,036 [pool-12-thread-1] INFO  server.RaftServerConfigKeys (ConfUtils.java:logGet(46)) - raft.server.log.statemachine.data.sync.timeout.retry = -1 (default)
2022-06-30 09:07:45,036 [s1-impl-thread1] INFO  util.JmxRegister (JmxRegister.java:tryRegister(44)) - Successfully registered JMX Bean with object name Ratis:service=RaftServer,group=group-1EAC51517DF7,id=s1
2022-06-30 09:07:45,037 [pool-12-thread-1] INFO  server.RaftServerConfigKeys (ConfUtils.java:logGet(46)) - raft.server.log.write.buffer.size = 64KB (=65536) (default)
2022-06-30 09:07:45,037 [pool-12-thread-1] INFO  server.RaftServerConfigKeys (ConfUtils.java:logGet(46)) - raft.server.log.unsafe-flush.enabled = false (default)
2022-06-30 09:07:45,037 [pool-12-thread-1] INFO  server.RaftServerConfigKeys (ConfUtils.java:logGet(46)) - raft.server.log.statemachine.data.caching.enabled = false (default)
2022-06-30 09:07:45,038 [pool-12-thread-1] INFO  segmented.SegmentedRaftLogWorker (SegmentedRaftLogWorker.java:lambda$new$0(135)) - s2@group-1EAC51517DF7-SegmentedRaftLogWorker: flushIndex: setUnconditionally 0 -> -1
2022-06-30 09:07:45,038 [pool-12-thread-1] INFO  segmented.SegmentedRaftLogWorker (SegmentedRaftLogWorker.java:lambda$new$0(135)) - s2@group-1EAC51517DF7-SegmentedRaftLogWorker: safeCacheEvictIndex: setUnconditionally 0 -> -1
2022-06-30 09:07:45,047 [Time-limited test] INFO  server.RaftServer (RaftServerProxy.java:lambda$start$6(382)) - s1: start RPC server
2022-06-30 09:07:45,047 [pool-12-thread-1] INFO  server.RaftServerConfigKeys (ConfUtils.java:logGet(46)) - raft.server.snapshot.auto.trigger.enabled = false (default)
2022-06-30 09:07:45,047 [pool-12-thread-1] INFO  server.RaftServerConfigKeys (ConfUtils.java:logGet(46)) - raft.server.snapshot.retention.file.num = -1 (default)
2022-06-30 09:07:45,047 [pool-12-thread-1] INFO  server.RaftServerConfigKeys (ConfUtils.java:logGet(46)) - raft.server.log.purge.upto.snapshot.index = false (default)
2022-06-30 09:07:45,047 [pool-12-thread-1] INFO  server.RaftServerConfigKeys (ConfUtils.java:logGet(46)) - raft.server.retrycache.expirytime = 60s (default)
2022-06-30 09:07:45,048 [pool-12-thread-1] INFO  server.RaftServerConfigKeys (ConfUtils.java:logGet(46)) - raft.server.retrycache.statistics.expirytime = 100μs (default)
2022-06-30 09:07:45,048 [pool-12-thread-1] INFO  server.RaftServerConfigKeys (ConfUtils.java:logGet(46)) - raft.server.log.appender.install.snapshot.enabled = true (default)
2022-06-30 09:07:45,048 [pool-12-thread-1] INFO  server.RaftServerConfigKeys (ConfUtils.java:logGet(46)) - raft.server.threadpool.server.cached = true (default)
2022-06-30 09:07:45,048 [pool-12-thread-1] INFO  server.RaftServerConfigKeys (ConfUtils.java:logGet(46)) - raft.server.threadpool.server.size = 0 (default)
2022-06-30 09:07:45,048 [pool-12-thread-1] INFO  server.RaftServerConfigKeys (ConfUtils.java:logGet(46)) - raft.server.threadpool.client.cached = true (default)
2022-06-30 09:07:45,049 [pool-12-thread-1] INFO  server.RaftServerConfigKeys (ConfUtils.java:logGet(46)) - raft.server.threadpool.client.size = 0 (default)
2022-06-30 09:07:45,054 [Time-limited test] INFO  server.GrpcService (GrpcService.java:startImpl(260)) - s1: GrpcService started, listening on 37825
2022-06-30 09:07:45,057 [Time-limited test] INFO  server.GrpcService (GrpcService.java:startImpl(260)) - s1: GrpcService started, listening on 33367
2022-06-30 09:07:45,060 [Time-limited test] INFO  server.GrpcService (GrpcService.java:startImpl(260)) - s1: GrpcService started, listening on 37897
2022-06-30 09:07:45,060 [s2-impl-thread1] INFO  server.RaftServer$Division (RaftServerImpl.java:start(310)) - s2@group-1EAC51517DF7: start as a follower, conf=-1: [s0|rpc:localhost:41403|admin:localhost:45983|client:localhost:35061|dataStream:localhost:41947|priority:0, s1|rpc:localhost:37825|admin:localhost:33367|client:localhost:37897|dataStream:localhost:41415|priority:0, s2|rpc:localhost:38995|admin:localhost:46591|client:localhost:33971|dataStream:localhost:36363|priority:0], old=null
2022-06-30 09:07:45,061 [s2-impl-thread1] INFO  server.RaftServer$Division (RaftServerImpl.java:setRole(299)) - s2@group-1EAC51517DF7: changes role from      null to FOLLOWER at term 0 for startAsFollower
2022-06-30 09:07:45,061 [s2-impl-thread1] INFO  impl.RoleInfo (RoleInfo.java:updateAndGet(139)) - s2: start s2@group-1EAC51517DF7-FollowerState
2022-06-30 09:07:45,061 [org.apache.ratis.util.JvmPauseMonitor$$Lambda$272/1646531804@2f3bb4e1] INFO  util.JvmPauseMonitor (JvmPauseMonitor.java:run(103)) - JvmPauseMonitor-s1: Started
2022-06-30 09:07:45,061 [s2-impl-thread1] INFO  util.JmxRegister (JmxRegister.java:tryRegister(44)) - Successfully registered JMX Bean with object name Ratis:service=RaftServer,group=group-1EAC51517DF7,id=s2
2022-06-30 09:07:45,063 [Time-limited test] INFO  server.RaftServer (RaftServerProxy.java:lambda$start$6(382)) - s2: start RPC server
2022-06-30 09:07:45,066 [Time-limited test] INFO  server.GrpcService (GrpcService.java:startImpl(260)) - s2: GrpcService started, listening on 38995
2022-06-30 09:07:45,068 [Time-limited test] INFO  server.GrpcService (GrpcService.java:startImpl(260)) - s2: GrpcService started, listening on 46591
2022-06-30 09:07:45,072 [Time-limited test] INFO  server.GrpcService (GrpcService.java:startImpl(260)) - s2: GrpcService started, listening on 33971
2022-06-30 09:07:45,072 [org.apache.ratis.util.JvmPauseMonitor$$Lambda$272/1646531804@15f29892] INFO  util.JvmPauseMonitor (JvmPauseMonitor.java:run(103)) - JvmPauseMonitor-s2: Started
2022-06-30 09:07:45,073 [Time-limited test] INFO  server.RaftServerConfigKeys (ConfUtils.java:logGet(46)) - raft.server.rpc.timeout.max = 300ms (default)
2022-06-30 09:07:45,073 [Time-limited test] INFO  ratis.RaftTestUtil (RaftTestUtil.java:waitForLeader(100)) - printing ALL groups
  s0:  RUNNING  FOLLOWER s0@group-1EAC51517DF7:t0, leader=null, voted=, raftlog=s0@group-1EAC51517DF7-SegmentedRaftLog:OPENED:c-1, conf=-1: [s0|rpc:localhost:41403|admin:localhost:45983|client:localhost:35061|dataStream:localhost:41947|priority:0, s1|rpc:localhost:37825|admin:localhost:33367|client:localhost:37897|dataStream:localhost:41415|priority:0, s2|rpc:localhost:38995|admin:localhost:46591|client:localhost:33971|dataStream:localhost:36363|priority:0], old=null RUNNING
  s1:  RUNNING  FOLLOWER s1@group-1EAC51517DF7:t0, leader=null, voted=, raftlog=s1@group-1EAC51517DF7-SegmentedRaftLog:OPENED:c-1, conf=-1: [s0|rpc:localhost:41403|admin:localhost:45983|client:localhost:35061|dataStream:localhost:41947|priority:0, s1|rpc:localhost:37825|admin:localhost:33367|client:localhost:37897|dataStream:localhost:41415|priority:0, s2|rpc:localhost:38995|admin:localhost:46591|client:localhost:33971|dataStream:localhost:36363|priority:0], old=null RUNNING
  s2:  RUNNING  FOLLOWER s2@group-1EAC51517DF7:t0, leader=null, voted=, raftlog=s2@group-1EAC51517DF7-SegmentedRaftLog:OPENED:c-1, conf=-1: [s0|rpc:localhost:41403|admin:localhost:45983|client:localhost:35061|dataStream:localhost:41947|priority:0, s1|rpc:localhost:37825|admin:localhost:33367|client:localhost:37897|dataStream:localhost:41415|priority:0, s2|rpc:localhost:38995|admin:localhost:46591|client:localhost:33971|dataStream:localhost:36363|priority:0], old=null RUNNING
2022-06-30 09:07:45,073 [Time-limited test] WARN  ratis.RaftTestUtil (JavaUtils.java:attempt(172)) - FAILED "waitForLeader-null-(expectLeader? true)", attempt #1/100: java.lang.IllegalStateException: No leader yet : printing ALL groups
  s0:  RUNNING  FOLLOWER s0@group-1EAC51517DF7:t0, leader=null, voted=, raftlog=s0@group-1EAC51517DF7-SegmentedRaftLog:OPENED:c-1, conf=-1: [s0|rpc:localhost:41403|admin:localhost:45983|client:localhost:35061|dataStream:localhost:41947|priority:0, s1|rpc:localhost:37825|admin:localhost:33367|client:localhost:37897|dataStream:localhost:41415|priority:0, s2|rpc:localhost:38995|admin:localhost:46591|client:localhost:33971|dataStream:localhost:36363|priority:0], old=null RUNNING
  s1:  RUNNING  FOLLOWER s1@group-1EAC51517DF7:t0, leader=null, voted=, raftlog=s1@group-1EAC51517DF7-SegmentedRaftLog:OPENED:c-1, conf=-1: [s0|rpc:localhost:41403|admin:localhost:45983|client:localhost:35061|dataStream:localhost:41947|priority:0, s1|rpc:localhost:37825|admin:localhost:33367|client:localhost:37897|dataStream:localhost:41415|priority:0, s2|rpc:localhost:38995|admin:localhost:46591|client:localhost:33971|dataStream:localhost:36363|priority:0], old=null RUNNING
  s2:  RUNNING  FOLLOWER s2@group-1EAC51517DF7:t0, leader=null, voted=, raftlog=s2@group-1EAC51517DF7-SegmentedRaftLog:OPENED:c-1, conf=-1: [s0|rpc:localhost:41403|admin:localhost:45983|client:localhost:35061|dataStream:localhost:41947|priority:0, s1|rpc:localhost:37825|admin:localhost:33367|client:localhost:37897|dataStream:localhost:41415|priority:0, s2|rpc:localhost:38995|admin:localhost:46591|client:localhost:33971|dataStream:localhost:36363|priority:0], old=null RUNNING, sleep 450ms and then retry.
java.lang.IllegalStateException: No leader yet : printing ALL groups
  s0:  RUNNING  FOLLOWER s0@group-1EAC51517DF7:t0, leader=null, voted=, raftlog=s0@group-1EAC51517DF7-SegmentedRaftLog:OPENED:c-1, conf=-1: [s0|rpc:localhost:41403|admin:localhost:45983|client:localhost:35061|dataStream:localhost:41947|priority:0, s1|rpc:localhost:37825|admin:localhost:33367|client:localhost:37897|dataStream:localhost:41415|priority:0, s2|rpc:localhost:38995|admin:localhost:46591|client:localhost:33971|dataStream:localhost:36363|priority:0], old=null RUNNING
  s1:  RUNNING  FOLLOWER s1@group-1EAC51517DF7:t0, leader=null, voted=, raftlog=s1@group-1EAC51517DF7-SegmentedRaftLog:OPENED:c-1, conf=-1: [s0|rpc:localhost:41403|admin:localhost:45983|client:localhost:35061|dataStream:localhost:41947|priority:0, s1|rpc:localhost:37825|admin:localhost:33367|client:localhost:37897|dataStream:localhost:41415|priority:0, s2|rpc:localhost:38995|admin:localhost:46591|client:localhost:33971|dataStream:localhost:36363|priority:0], old=null RUNNING
  s2:  RUNNING  FOLLOWER s2@group-1EAC51517DF7:t0, leader=null, voted=, raftlog=s2@group-1EAC51517DF7-SegmentedRaftLog:OPENED:c-1, conf=-1: [s0|rpc:localhost:41403|admin:localhost:45983|client:localhost:35061|dataStream:localhost:41947|priority:0, s1|rpc:localhost:37825|admin:localhost:33367|client:localhost:37897|dataStream:localhost:41415|priority:0, s2|rpc:localhost:38995|admin:localhost:46591|client:localhost:33971|dataStream:localhost:36363|priority:0], old=null RUNNING
	at org.apache.ratis.server.impl.MiniRaftCluster.newIllegalStateExceptionForNoLeaders(MiniRaftCluster.java:533)
	at org.apache.ratis.RaftTestUtil.lambda$waitForLeader$1(RaftTestUtil.java:104)
	at org.apache.ratis.server.impl.MiniRaftCluster.getLeader(MiniRaftCluster.java:567)
	at org.apache.ratis.server.impl.MiniRaftCluster.getLeader(MiniRaftCluster.java:560)
	at org.apache.ratis.RaftTestUtil.lambda$waitForLeader$3(RaftTestUtil.java:112)
	at org.apache.ratis.util.JavaUtils.attempt(JavaUtils.java:166)
	at org.apache.ratis.util.JavaUtils.attemptRepeatedly(JavaUtils.java:152)
	at org.apache.ratis.RaftTestUtil.waitForLeader(RaftTestUtil.java:111)
	at org.apache.ratis.RaftTestUtil.waitForLeader(RaftTestUtil.java:92)
	at org.apache.ratis.RaftTestUtil.waitForLeader(RaftTestUtil.java:87)
	at org.apache.ratis.datastream.DataStreamAsyncClusterTests.runTestDataStream(DataStreamAsyncClusterTests.java:90)
	at org.apache.ratis.datastream.DataStreamAsyncClusterTests.runTestDataStreamStepDownLeader(DataStreamAsyncClusterTests.java:82)
	at org.apache.ratis.server.impl.MiniRaftCluster$Factory$Get.runWithNewCluster(MiniRaftCluster.java:125)
	at org.apache.ratis.server.impl.MiniRaftCluster$Factory$Get.runWithNewCluster(MiniRaftCluster.java:113)
	at org.apache.ratis.datastream.DataStreamAsyncClusterTests.testMultipleStreamsMultipleServersStepDownLeader(DataStreamAsyncClusterTests.java:78)
	at sun.reflect.NativeMethodAccessorImpl.invoke0(Native Method)
	at sun.reflect.NativeMethodAccessorImpl.invoke(NativeMethodAccessorImpl.java:62)
	at sun.reflect.DelegatingMethodAccessorImpl.invoke(DelegatingMethodAccessorImpl.java:43)
	at java.lang.reflect.Method.invoke(Method.java:498)
	at org.junit.runners.model.FrameworkMethod$1.runReflectiveCall(FrameworkMethod.java:59)
	at org.junit.internal.runners.model.ReflectiveCallable.run(ReflectiveCallable.java:12)
	at org.junit.runners.model.FrameworkMethod.invokeExplosively(FrameworkMethod.java:56)
	at org.junit.internal.runners.statements.InvokeMethod.evaluate(InvokeMethod.java:17)
	at org.junit.internal.runners.statements.RunAfters.evaluate(RunAfters.java:27)
	at org.junit.internal.runners.statements.FailOnTimeout$CallableStatement.call(FailOnTimeout.java:299)
	at org.junit.internal.runners.statements.FailOnTimeout$CallableStatement.call(FailOnTimeout.java:293)
	at java.util.concurrent.FutureTask.run(FutureTask.java:266)
	at java.lang.Thread.run(Thread.java:750)
2022-06-30 09:07:45,230 [s0@group-1EAC51517DF7-FollowerState] INFO  impl.FollowerState (FollowerState.java:run(143)) - s0@group-1EAC51517DF7-FollowerState: change to CANDIDATE, lastRpcElapsedTime:231350031ns, electionTimeout:206ms
2022-06-30 09:07:45,231 [s0@group-1EAC51517DF7-FollowerState] INFO  impl.RoleInfo (RoleInfo.java:shutdownFollowerState(110)) - s0: shutdown s0@group-1EAC51517DF7-FollowerState
2022-06-30 09:07:45,231 [s0@group-1EAC51517DF7-FollowerState] INFO  server.RaftServer$Division (RaftServerImpl.java:setRole(299)) - s0@group-1EAC51517DF7: changes role from  FOLLOWER to CANDIDATE at term 0 for changeToCandidate
2022-06-30 09:07:45,232 [s0@group-1EAC51517DF7-FollowerState] INFO  server.RaftServerConfigKeys (ConfUtils.java:logGet(46)) - raft.server.leaderelection.pre-vote = true (default)
2022-06-30 09:07:45,232 [s0@group-1EAC51517DF7-FollowerState] INFO  impl.RoleInfo (RoleInfo.java:updateAndGet(139)) - s0: start s0@group-1EAC51517DF7-LeaderElection3
2022-06-30 09:07:45,236 [s0@group-1EAC51517DF7-LeaderElection3] INFO  impl.LeaderElection (LeaderElection.java:askForVotes(310)) - s0@group-1EAC51517DF7-LeaderElection3 PRE_VOTE round 0: submit vote requests at term 0 for -1: [s0|rpc:localhost:41403|admin:localhost:45983|client:localhost:35061|dataStream:localhost:41947|priority:0, s1|rpc:localhost:37825|admin:localhost:33367|client:localhost:37897|dataStream:localhost:41415|priority:0, s2|rpc:localhost:38995|admin:localhost:46591|client:localhost:33971|dataStream:localhost:36363|priority:0], old=null
2022-06-30 09:07:45,253 [grpc-default-executor-1] INFO  server.RaftServer$Division (RaftServerImpl.java:requestVote(1152)) - s2@group-1EAC51517DF7: receive requestVote(PRE_VOTE, s0, group-1EAC51517DF7, 0, (t:0, i:0))
2022-06-30 09:07:45,253 [grpc-default-executor-1] INFO  impl.VoteContext (VoteContext.java:log(48)) - s2@group-1EAC51517DF7-FOLLOWER: accept PRE_VOTE from s0: our priority 0 <= candidate's priority 0
2022-06-30 09:07:45,253 [grpc-default-executor-1] INFO  server.RaftServer$Division (RaftServerImpl.java:requestVote(1184)) - s2@group-1EAC51517DF7 replies to PRE_VOTE vote request: s0<-s2#0:OK-t0. Peer's state: s2@group-1EAC51517DF7:t0, leader=null, voted=, raftlog=s2@group-1EAC51517DF7-SegmentedRaftLog:OPENED:c-1, conf=-1: [s0|rpc:localhost:41403|admin:localhost:45983|client:localhost:35061|dataStream:localhost:41947|priority:0, s1|rpc:localhost:37825|admin:localhost:33367|client:localhost:37897|dataStream:localhost:41415|priority:0, s2|rpc:localhost:38995|admin:localhost:46591|client:localhost:33971|dataStream:localhost:36363|priority:0], old=null
2022-06-30 09:07:45,255 [grpc-default-executor-1] INFO  server.RaftServer$Division (RaftServerImpl.java:requestVote(1152)) - s1@group-1EAC51517DF7: receive requestVote(PRE_VOTE, s0, group-1EAC51517DF7, 0, (t:0, i:0))
2022-06-30 09:07:45,255 [grpc-default-executor-1] INFO  impl.VoteContext (VoteContext.java:log(48)) - s1@group-1EAC51517DF7-FOLLOWER: accept PRE_VOTE from s0: our priority 0 <= candidate's priority 0
2022-06-30 09:07:45,255 [grpc-default-executor-1] INFO  server.RaftServer$Division (RaftServerImpl.java:requestVote(1184)) - s1@group-1EAC51517DF7 replies to PRE_VOTE vote request: s0<-s1#0:OK-t0. Peer's state: s1@group-1EAC51517DF7:t0, leader=null, voted=, raftlog=s1@group-1EAC51517DF7-SegmentedRaftLog:OPENED:c-1, conf=-1: [s0|rpc:localhost:41403|admin:localhost:45983|client:localhost:35061|dataStream:localhost:41947|priority:0, s1|rpc:localhost:37825|admin:localhost:33367|client:localhost:37897|dataStream:localhost:41415|priority:0, s2|rpc:localhost:38995|admin:localhost:46591|client:localhost:33971|dataStream:localhost:36363|priority:0], old=null
2022-06-30 09:07:45,256 [s0@group-1EAC51517DF7-LeaderElection3] INFO  impl.LeaderElection (LeaderElection.java:logAndReturn(90)) - s0@group-1EAC51517DF7-LeaderElection3: PRE_VOTE PASSED received 1 response(s) and 0 exception(s):
2022-06-30 09:07:45,257 [s0@group-1EAC51517DF7-LeaderElection3] INFO  impl.LeaderElection (LeaderElection.java:logAndReturn(94)) -   Response 0: s0<-s1#0:OK-t0
2022-06-30 09:07:45,257 [s0@group-1EAC51517DF7-LeaderElection3] INFO  impl.LeaderElection (LeaderElection.java:askForVotes(312)) - s0@group-1EAC51517DF7-LeaderElection3 PRE_VOTE round 0: result PASSED
2022-06-30 09:07:45,259 [s0@group-1EAC51517DF7-LeaderElection3] INFO  impl.LeaderElection (LeaderElection.java:askForVotes(310)) - s0@group-1EAC51517DF7-LeaderElection3 ELECTION round 0: submit vote requests at term 1 for -1: [s0|rpc:localhost:41403|admin:localhost:45983|client:localhost:35061|dataStream:localhost:41947|priority:0, s1|rpc:localhost:37825|admin:localhost:33367|client:localhost:37897|dataStream:localhost:41415|priority:0, s2|rpc:localhost:38995|admin:localhost:46591|client:localhost:33971|dataStream:localhost:36363|priority:0], old=null
2022-06-30 09:07:45,262 [grpc-default-executor-1] INFO  server.RaftServer$Division (RaftServerImpl.java:requestVote(1152)) - s1@group-1EAC51517DF7: receive requestVote(ELECTION, s0, group-1EAC51517DF7, 1, (t:0, i:0))
2022-06-30 09:07:45,263 [grpc-default-executor-1] INFO  impl.VoteContext (VoteContext.java:log(48)) - s1@group-1EAC51517DF7-FOLLOWER: accept ELECTION from s0: our priority 0 <= candidate's priority 0
2022-06-30 09:07:45,263 [grpc-default-executor-1] INFO  server.RaftServer$Division (RaftServerImpl.java:setRole(299)) - s1@group-1EAC51517DF7: changes role from  FOLLOWER to FOLLOWER at term 1 for candidate:s0
2022-06-30 09:07:45,263 [grpc-default-executor-1] INFO  impl.RoleInfo (RoleInfo.java:shutdownFollowerState(110)) - s1: shutdown s1@group-1EAC51517DF7-FollowerState
2022-06-30 09:07:45,263 [grpc-default-executor-1] INFO  impl.RoleInfo (RoleInfo.java:updateAndGet(139)) - s1: start s1@group-1EAC51517DF7-FollowerState
2022-06-30 09:07:45,263 [s1@group-1EAC51517DF7-FollowerState] INFO  impl.FollowerState (FollowerState.java:run(152)) - s1@group-1EAC51517DF7-FollowerState was interrupted
2022-06-30 09:07:45,272 [grpc-default-executor-1] INFO  server.RaftServer$Division (RaftServerImpl.java:requestVote(1184)) - s1@group-1EAC51517DF7 replies to ELECTION vote request: s0<-s1#0:OK-t1. Peer's state: s1@group-1EAC51517DF7:t1, leader=null, voted=s0, raftlog=s1@group-1EAC51517DF7-SegmentedRaftLog:OPENED:c-1, conf=-1: [s0|rpc:localhost:41403|admin:localhost:45983|client:localhost:35061|dataStream:localhost:41947|priority:0, s1|rpc:localhost:37825|admin:localhost:33367|client:localhost:37897|dataStream:localhost:41415|priority:0, s2|rpc:localhost:38995|admin:localhost:46591|client:localhost:33971|dataStream:localhost:36363|priority:0], old=null
2022-06-30 09:07:45,273 [s0@group-1EAC51517DF7-LeaderElection3] INFO  impl.LeaderElection (LeaderElection.java:logAndReturn(90)) - s0@group-1EAC51517DF7-LeaderElection3: ELECTION PASSED received 1 response(s) and 0 exception(s):
2022-06-30 09:07:45,273 [s0@group-1EAC51517DF7-LeaderElection3] INFO  impl.LeaderElection (LeaderElection.java:logAndReturn(94)) -   Response 0: s0<-s1#0:OK-t1
2022-06-30 09:07:45,273 [s0@group-1EAC51517DF7-LeaderElection3] INFO  impl.LeaderElection (LeaderElection.java:askForVotes(312)) - s0@group-1EAC51517DF7-LeaderElection3 ELECTION round 0: result PASSED
2022-06-30 09:07:45,273 [s0@group-1EAC51517DF7-LeaderElection3] INFO  impl.RoleInfo (RoleInfo.java:shutdownLeaderElection(130)) - s0: shutdown s0@group-1EAC51517DF7-LeaderElection3
2022-06-30 09:07:45,273 [s0@group-1EAC51517DF7-LeaderElection3] INFO  server.RaftServer$Division (RaftServerImpl.java:setRole(299)) - s0@group-1EAC51517DF7: changes role from CANDIDATE to LEADER at term 1 for changeToLeader
2022-06-30 09:07:45,273 [s0@group-1EAC51517DF7-LeaderElection3] INFO  server.RaftServer$Division (ServerState.java:setLeader(291)) - s0@group-1EAC51517DF7: change Leader from null to s0 at term 1 for becomeLeader, leader elected after 313ms
2022-06-30 09:07:45,273 [s0@group-1EAC51517DF7-LeaderElection3] INFO  server.RaftServerConfigKeys (ConfUtils.java:logGet(46)) - raft.server.staging.catchup.gap = 1000 (default)
2022-06-30 09:07:45,274 [s0@group-1EAC51517DF7-LeaderElection3] INFO  server.RaftServerConfigKeys (ConfUtils.java:logGet(46)) - raft.server.write.element-limit = 4096 (default)
2022-06-30 09:07:45,274 [s0@group-1EAC51517DF7-LeaderElection3] INFO  server.RaftServerConfigKeys (ConfUtils.java:logGet(46)) - raft.server.write.byte-limit = 64MB (=67108864) (default)
2022-06-30 09:07:45,274 [s0@group-1EAC51517DF7-LeaderElection3] INFO  server.RaftServerConfigKeys (ConfUtils.java:logGet(46)) - raft.server.watch.timeout = 10s (default)
2022-06-30 09:07:45,274 [s0@group-1EAC51517DF7-LeaderElection3] INFO  server.RaftServerConfigKeys (ConfUtils.java:logGet(46)) - raft.server.watch.timeout.denomination = 1s (default)
2022-06-30 09:07:45,274 [s0@group-1EAC51517DF7-LeaderElection3] INFO  server.RaftServerConfigKeys (ConfUtils.java:logGet(46)) - raft.server.watch.element-limit = 65536 (default)
2022-06-30 09:07:45,275 [grpc-default-executor-1] INFO  server.RaftServer$Division (RaftServerImpl.java:requestVote(1152)) - s2@group-1EAC51517DF7: receive requestVote(ELECTION, s0, group-1EAC51517DF7, 1, (t:0, i:0))
2022-06-30 09:07:45,276 [grpc-default-executor-1] INFO  impl.VoteContext (VoteContext.java:log(48)) - s2@group-1EAC51517DF7-FOLLOWER: accept ELECTION from s0: our priority 0 <= candidate's priority 0
2022-06-30 09:07:45,276 [grpc-default-executor-1] INFO  server.RaftServer$Division (RaftServerImpl.java:setRole(299)) - s2@group-1EAC51517DF7: changes role from  FOLLOWER to FOLLOWER at term 1 for candidate:s0
2022-06-30 09:07:45,276 [s0@group-1EAC51517DF7-LeaderElection3] INFO  server.RaftServerConfigKeys (ConfUtils.java:logGet(46)) - raft.server.write.element-limit = 4096 (default)
2022-06-30 09:07:45,276 [s0@group-1EAC51517DF7-LeaderElection3] INFO  server.RaftServerConfigKeys (ConfUtils.java:logGet(46)) - raft.server.write.follower.gap.ratio.max = -1.0 (default)
2022-06-30 09:07:45,276 [s0@group-1EAC51517DF7-LeaderElection3] INFO  server.RaftServerConfigKeys (ConfUtils.java:logGet(46)) - raft.server.log.appender.snapshot.chunk.size.max = 16MB (=16777216) (default)
2022-06-30 09:07:45,277 [s0@group-1EAC51517DF7-LeaderElection3] INFO  server.RaftServerConfigKeys (ConfUtils.java:logGet(46)) - raft.server.log.appender.buffer.byte-limit = 4MB (=4194304) (default)
2022-06-30 09:07:45,277 [s0@group-1EAC51517DF7-LeaderElection3] INFO  server.RaftServerConfigKeys (ConfUtils.java:logGet(46)) - raft.server.log.appender.buffer.element-limit = 0 (default)
2022-06-30 09:07:45,277 [s0@group-1EAC51517DF7-LeaderElection3] INFO  grpc.GrpcConfigKeys (ConfUtils.java:logGet(46)) - raft.grpc.server.leader.outstanding.appends.max = 128 (default)
2022-06-30 09:07:45,277 [s0@group-1EAC51517DF7-LeaderElection3] INFO  server.RaftServerConfigKeys (ConfUtils.java:logGet(46)) - raft.server.rpc.request.timeout = 3000ms (default)
2022-06-30 09:07:45,277 [s0@group-1EAC51517DF7-LeaderElection3] INFO  server.RaftServerConfigKeys (ConfUtils.java:logGet(46)) - raft.server.log.appender.install.snapshot.enabled = true (default)
2022-06-30 09:07:45,276 [grpc-default-executor-1] INFO  impl.RoleInfo (RoleInfo.java:shutdownFollowerState(110)) - s2: shutdown s2@group-1EAC51517DF7-FollowerState
2022-06-30 09:07:45,278 [grpc-default-executor-1] INFO  impl.RoleInfo (RoleInfo.java:updateAndGet(139)) - s2: start s2@group-1EAC51517DF7-FollowerState
2022-06-30 09:07:45,278 [s2@group-1EAC51517DF7-FollowerState] INFO  impl.FollowerState (FollowerState.java:run(152)) - s2@group-1EAC51517DF7-FollowerState was interrupted
2022-06-30 09:07:45,279 [s0@group-1EAC51517DF7-LeaderElection3] INFO  server.RaftServerConfigKeys (ConfUtils.java:logGet(46)) - raft.server.log.appender.snapshot.chunk.size.max = 16MB (=16777216) (default)
2022-06-30 09:07:45,279 [s0@group-1EAC51517DF7-LeaderElection3] INFO  server.RaftServerConfigKeys (ConfUtils.java:logGet(46)) - raft.server.log.appender.buffer.byte-limit = 4MB (=4194304) (default)
2022-06-30 09:07:45,279 [s0@group-1EAC51517DF7-LeaderElection3] INFO  server.RaftServerConfigKeys (ConfUtils.java:logGet(46)) - raft.server.log.appender.buffer.element-limit = 0 (default)
2022-06-30 09:07:45,279 [s0@group-1EAC51517DF7-LeaderElection3] INFO  grpc.GrpcConfigKeys (ConfUtils.java:logGet(46)) - raft.grpc.server.leader.outstanding.appends.max = 128 (default)
2022-06-30 09:07:45,280 [s0@group-1EAC51517DF7-LeaderElection3] INFO  server.RaftServerConfigKeys (ConfUtils.java:logGet(46)) - raft.server.rpc.request.timeout = 3000ms (default)
2022-06-30 09:07:45,280 [s0@group-1EAC51517DF7-LeaderElection3] INFO  server.RaftServerConfigKeys (ConfUtils.java:logGet(46)) - raft.server.log.appender.install.snapshot.enabled = true (default)
2022-06-30 09:07:45,280 [s0@group-1EAC51517DF7-LeaderElection3] INFO  impl.RoleInfo (RoleInfo.java:updateAndGet(139)) - s0: start s0@group-1EAC51517DF7-LeaderStateImpl
2022-06-30 09:07:45,280 [s0@group-1EAC51517DF7-LeaderElection3] INFO  segmented.SegmentedRaftLogWorker (SegmentedRaftLogWorker.java:startLogSegment(425)) - s0@group-1EAC51517DF7-SegmentedRaftLogWorker: Starting segment from index:0
2022-06-30 09:07:45,286 [grpc-default-executor-1] INFO  server.RaftServer$Division (RaftServerImpl.java:requestVote(1184)) - s2@group-1EAC51517DF7 replies to ELECTION vote request: s0<-s2#0:OK-t1. Peer's state: s2@group-1EAC51517DF7:t1, leader=null, voted=s0, raftlog=s2@group-1EAC51517DF7-SegmentedRaftLog:OPENED:c-1, conf=-1: [s0|rpc:localhost:41403|admin:localhost:45983|client:localhost:35061|dataStream:localhost:41947|priority:0, s1|rpc:localhost:37825|admin:localhost:33367|client:localhost:37897|dataStream:localhost:41415|priority:0, s2|rpc:localhost:38995|admin:localhost:46591|client:localhost:33971|dataStream:localhost:36363|priority:0], old=null
2022-06-30 09:07:45,299 [s0@group-1EAC51517DF7-SegmentedRaftLogWorker] INFO  segmented.SegmentedRaftLogWorker (SegmentedRaftLogWorker.java:execute(629)) - s0@group-1EAC51517DF7-SegmentedRaftLogWorker: created new log segment /home/runner/work/ratis/ratis/ratis-test/target/test/data/f7b94510/MiniRaftClusterWithRpcTypeGrpcAndDataStreamTypeNetty634c793e/s0/1f28c030-7783-4a7f-8749-1eac51517df7/current/log_inprogress_0
2022-06-30 09:07:45,313 [s0@group-1EAC51517DF7-LeaderElection3] INFO  server.RaftServer$Division (ServerState.java:setRaftConf(397)) - s0@group-1EAC51517DF7: set configuration 0: [s0|rpc:localhost:41403|admin:localhost:45983|client:localhost:35061|dataStream:localhost:41947|priority:0, s1|rpc:localhost:37825|admin:localhost:33367|client:localhost:37897|dataStream:localhost:41415|priority:0, s2|rpc:localhost:38995|admin:localhost:46591|client:localhost:33971|dataStream:localhost:36363|priority:0], old=null
2022-06-30 09:07:45,318 [s2-server-thread1] INFO  server.RaftServer$Division (ServerState.java:setLeader(291)) - s2@group-1EAC51517DF7: change Leader from null to s0 at term 1 for appendEntries, leader elected after 288ms
2022-06-30 09:07:45,327 [s1-server-thread1] INFO  server.RaftServer$Division (ServerState.java:setLeader(291)) - s1@group-1EAC51517DF7: change Leader from null to s0 at term 1 for appendEntries, leader elected after 340ms
2022-06-30 09:07:45,327 [s2-server-thread1] INFO  server.RaftServer$Division (ServerState.java:setRaftConf(397)) - s2@group-1EAC51517DF7: set configuration 0: [s0|rpc:localhost:41403|admin:localhost:45983|client:localhost:35061|dataStream:localhost:41947|priority:0, s1|rpc:localhost:37825|admin:localhost:33367|client:localhost:37897|dataStream:localhost:41415|priority:0, s2|rpc:localhost:38995|admin:localhost:46591|client:localhost:33971|dataStream:localhost:36363|priority:0], old=null
2022-06-30 09:07:45,330 [s2-server-thread1] INFO  segmented.SegmentedRaftLogWorker (SegmentedRaftLogWorker.java:startLogSegment(425)) - s2@group-1EAC51517DF7-SegmentedRaftLogWorker: Starting segment from index:0
2022-06-30 09:07:45,350 [s1-server-thread1] INFO  server.RaftServer$Division (ServerState.java:setRaftConf(397)) - s1@group-1EAC51517DF7: set configuration 0: [s0|rpc:localhost:41403|admin:localhost:45983|client:localhost:35061|dataStream:localhost:41947|priority:0, s1|rpc:localhost:37825|admin:localhost:33367|client:localhost:37897|dataStream:localhost:41415|priority:0, s2|rpc:localhost:38995|admin:localhost:46591|client:localhost:33971|dataStream:localhost:36363|priority:0], old=null
2022-06-30 09:07:45,350 [s1-server-thread1] INFO  segmented.SegmentedRaftLogWorker (SegmentedRaftLogWorker.java:startLogSegment(425)) - s1@group-1EAC51517DF7-SegmentedRaftLogWorker: Starting segment from index:0
2022-06-30 09:07:45,352 [s2@group-1EAC51517DF7-SegmentedRaftLogWorker] INFO  segmented.SegmentedRaftLogWorker (SegmentedRaftLogWorker.java:execute(629)) - s2@group-1EAC51517DF7-SegmentedRaftLogWorker: created new log segment /home/runner/work/ratis/ratis/ratis-test/target/test/data/f7b94510/MiniRaftClusterWithRpcTypeGrpcAndDataStreamTypeNetty634c793e/s2/1f28c030-7783-4a7f-8749-1eac51517df7/current/log_inprogress_0
2022-06-30 09:07:45,374 [s1@group-1EAC51517DF7-SegmentedRaftLogWorker] INFO  segmented.SegmentedRaftLogWorker (SegmentedRaftLogWorker.java:execute(629)) - s1@group-1EAC51517DF7-SegmentedRaftLogWorker: created new log segment /home/runner/work/ratis/ratis/ratis-test/target/test/data/f7b94510/MiniRaftClusterWithRpcTypeGrpcAndDataStreamTypeNetty634c793e/s1/1f28c030-7783-4a7f-8749-1eac51517df7/current/log_inprogress_0
2022-06-30 09:07:45,524 [Time-limited test] INFO  ratis.RaftTestUtil (RaftTestUtil.java:waitForLeader(119)) - printing ALL groups
  s0:  RUNNING    LEADER s0@group-1EAC51517DF7:t1, leader=s0, voted=s0, raftlog=s0@group-1EAC51517DF7-SegmentedRaftLog:OPENED:c0, conf=0: [s0|rpc:localhost:41403|admin:localhost:45983|client:localhost:35061|dataStream:localhost:41947|priority:0, s1|rpc:localhost:37825|admin:localhost:33367|client:localhost:37897|dataStream:localhost:41415|priority:0, s2|rpc:localhost:38995|admin:localhost:46591|client:localhost:33971|dataStream:localhost:36363|priority:0], old=null RUNNING
  s1:  RUNNING  FOLLOWER s1@group-1EAC51517DF7:t1, leader=s0, voted=s0, raftlog=s1@group-1EAC51517DF7-SegmentedRaftLog:OPENED:c0, conf=0: [s0|rpc:localhost:41403|admin:localhost:45983|client:localhost:35061|dataStream:localhost:41947|priority:0, s1|rpc:localhost:37825|admin:localhost:33367|client:localhost:37897|dataStream:localhost:41415|priority:0, s2|rpc:localhost:38995|admin:localhost:46591|client:localhost:33971|dataStream:localhost:36363|priority:0], old=null RUNNING
  s2:  RUNNING  FOLLOWER s2@group-1EAC51517DF7:t1, leader=s0, voted=s0, raftlog=s2@group-1EAC51517DF7-SegmentedRaftLog:OPENED:c0, conf=0: [s0|rpc:localhost:41403|admin:localhost:45983|client:localhost:35061|dataStream:localhost:41947|priority:0, s1|rpc:localhost:37825|admin:localhost:33367|client:localhost:37897|dataStream:localhost:41415|priority:0, s2|rpc:localhost:38995|admin:localhost:46591|client:localhost:33971|dataStream:localhost:36363|priority:0], old=null RUNNING
2022-06-30 09:07:45,541 [pool-9-thread-4] INFO  client.DataStreamClient (ConfUtils.java:logGet(46)) - raft.datastream.type = NETTY (custom)
2022-06-30 09:07:45,541 [pool-9-thread-4] INFO  netty.NettyConfigKeys$DataStream (ConfUtils.java:logGet(46)) - raft.netty.dataStream.client.tls.conf = null (default)
2022-06-30 09:07:45,541 [pool-9-thread-7] INFO  client.DataStreamClient (ConfUtils.java:logGet(46)) - raft.datastream.type = NETTY (custom)
2022-06-30 09:07:45,543 [pool-9-thread-7] INFO  netty.NettyConfigKeys$DataStream (ConfUtils.java:logGet(46)) - raft.netty.dataStream.client.tls.conf = null (default)
2022-06-30 09:07:45,543 [pool-9-thread-7] INFO  netty.NettyConfigKeys$DataStream (ConfUtils.java:logGet(46)) - raft.netty.dataStream.client.reply.queue.grace-period = 1s (default)
2022-06-30 09:07:45,541 [pool-9-thread-3] INFO  client.DataStreamClient (ConfUtils.java:logGet(46)) - raft.datastream.type = NETTY (custom)
2022-06-30 09:07:45,543 [pool-9-thread-7] INFO  netty.NettyConfigKeys$DataStream (ConfUtils.java:logGet(46)) - raft.netty.dataStream.client.worker-group.share = false (default)
2022-06-30 09:07:45,544 [pool-9-thread-3] INFO  netty.NettyConfigKeys$DataStream (ConfUtils.java:logGet(46)) - raft.netty.dataStream.client.tls.conf = null (default)
2022-06-30 09:07:45,544 [pool-9-thread-3] INFO  netty.NettyConfigKeys$DataStream (ConfUtils.java:logGet(46)) - raft.netty.dataStream.client.reply.queue.grace-period = 1s (default)
2022-06-30 09:07:45,544 [pool-9-thread-3] INFO  netty.NettyConfigKeys$DataStream (ConfUtils.java:logGet(46)) - raft.netty.dataStream.client.worker-group.share = false (default)
2022-06-30 09:07:45,544 [pool-9-thread-3] INFO  netty.NettyConfigKeys$DataStream (ConfUtils.java:logGet(46)) - raft.netty.dataStream.client.worker-group.size = 4 (default)
2022-06-30 09:07:45,543 [pool-9-thread-5] INFO  client.DataStreamClient (ConfUtils.java:logGet(46)) - raft.datastream.type = NETTY (custom)
2022-06-30 09:07:45,545 [pool-9-thread-5] INFO  netty.NettyConfigKeys$DataStream (ConfUtils.java:logGet(46)) - raft.netty.dataStream.client.tls.conf = null (default)
2022-06-30 09:07:45,545 [pool-9-thread-5] INFO  netty.NettyConfigKeys$DataStream (ConfUtils.java:logGet(46)) - raft.netty.dataStream.client.reply.queue.grace-period = 1s (default)
2022-06-30 09:07:45,545 [pool-9-thread-5] INFO  netty.NettyConfigKeys$DataStream (ConfUtils.java:logGet(46)) - raft.netty.dataStream.client.worker-group.share = false (default)
2022-06-30 09:07:45,545 [pool-9-thread-5] INFO  netty.NettyConfigKeys$DataStream (ConfUtils.java:logGet(46)) - raft.netty.dataStream.client.worker-group.size = 4 (default)
2022-06-30 09:07:45,541 [pool-9-thread-8] INFO  client.DataStreamClient (ConfUtils.java:logGet(46)) - raft.datastream.type = NETTY (custom)
2022-06-30 09:07:45,546 [pool-9-thread-8] INFO  netty.NettyConfigKeys$DataStream (ConfUtils.java:logGet(46)) - raft.netty.dataStream.client.tls.conf = null (default)
2022-06-30 09:07:45,546 [pool-9-thread-8] INFO  netty.NettyConfigKeys$DataStream (ConfUtils.java:logGet(46)) - raft.netty.dataStream.client.reply.queue.grace-period = 1s (default)
2022-06-30 09:07:45,546 [pool-9-thread-8] INFO  netty.NettyConfigKeys$DataStream (ConfUtils.java:logGet(46)) - raft.netty.dataStream.client.worker-group.share = false (default)
2022-06-30 09:07:45,546 [pool-9-thread-8] INFO  netty.NettyConfigKeys$DataStream (ConfUtils.java:logGet(46)) - raft.netty.dataStream.client.worker-group.size = 4 (default)
2022-06-30 09:07:45,541 [pool-9-thread-9] INFO  client.DataStreamClient (ConfUtils.java:logGet(46)) - raft.datastream.type = NETTY (custom)
2022-06-30 09:07:45,547 [pool-9-thread-9] INFO  netty.NettyConfigKeys$DataStream (ConfUtils.java:logGet(46)) - raft.netty.dataStream.client.tls.conf = null (default)
2022-06-30 09:07:45,547 [pool-9-thread-9] INFO  netty.NettyConfigKeys$DataStream (ConfUtils.java:logGet(46)) - raft.netty.dataStream.client.reply.queue.grace-period = 1s (default)
2022-06-30 09:07:45,547 [pool-9-thread-9] INFO  netty.NettyConfigKeys$DataStream (ConfUtils.java:logGet(46)) - raft.netty.dataStream.client.worker-group.share = false (default)
2022-06-30 09:07:45,548 [pool-9-thread-9] INFO  netty.NettyConfigKeys$DataStream (ConfUtils.java:logGet(46)) - raft.netty.dataStream.client.worker-group.size = 4 (default)
2022-06-30 09:07:45,541 [pool-9-thread-6] INFO  client.DataStreamClient (ConfUtils.java:logGet(46)) - raft.datastream.type = NETTY (custom)
2022-06-30 09:07:45,548 [pool-9-thread-6] INFO  netty.NettyConfigKeys$DataStream (ConfUtils.java:logGet(46)) - raft.netty.dataStream.client.tls.conf = null (default)
2022-06-30 09:07:45,548 [pool-9-thread-6] INFO  netty.NettyConfigKeys$DataStream (ConfUtils.java:logGet(46)) - raft.netty.dataStream.client.reply.queue.grace-period = 1s (default)
2022-06-30 09:07:45,548 [pool-9-thread-6] INFO  netty.NettyConfigKeys$DataStream (ConfUtils.java:logGet(46)) - raft.netty.dataStream.client.worker-group.share = false (default)
2022-06-30 09:07:45,548 [pool-9-thread-6] INFO  netty.NettyConfigKeys$DataStream (ConfUtils.java:logGet(46)) - raft.netty.dataStream.client.worker-group.size = 4 (default)
2022-06-30 09:07:45,541 [pool-9-thread-4] INFO  netty.NettyConfigKeys$DataStream (ConfUtils.java:logGet(46)) - raft.netty.dataStream.client.reply.queue.grace-period = 1s (default)
2022-06-30 09:07:45,549 [pool-9-thread-4] INFO  netty.NettyConfigKeys$DataStream (ConfUtils.java:logGet(46)) - raft.netty.dataStream.client.worker-group.share = false (default)
2022-06-30 09:07:45,549 [pool-9-thread-4] INFO  netty.NettyConfigKeys$DataStream (ConfUtils.java:logGet(46)) - raft.netty.dataStream.client.worker-group.size = 4 (default)
2022-06-30 09:07:45,544 [pool-9-thread-7] INFO  netty.NettyConfigKeys$DataStream (ConfUtils.java:logGet(46)) - raft.netty.dataStream.client.worker-group.size = 4 (default)
2022-06-30 09:07:45,552 [s2-NettyServerStreamRpc-bossGroup--thread1] INFO  logging.LoggingHandler (AbstractInternalLogger.java:log(148)) - [id: 0x1fc6f367, L:/0.0.0.0:36363] READ: [id: 0xbc35ebd2, L:/127.0.0.1:36363 - R:/127.0.0.1:38898]
2022-06-30 09:07:45,562 [pool-9-thread-10] INFO  datastream.DataStreamTestUtils (DataStreamTestUtils.java:writeAndCloseAndAssertReplies(311)) - start Stream376
2022-06-30 09:07:45,570 [pool-9-thread-11] INFO  datastream.DataStreamTestUtils (DataStreamTestUtils.java:writeAndCloseAndAssertReplies(311)) - start Stream377
2022-06-30 09:07:45,572 [pool-9-thread-12] INFO  datastream.DataStreamTestUtils (DataStreamTestUtils.java:writeAndCloseAndAssertReplies(311)) - start Stream378
2022-06-30 09:07:45,576 [pool-9-thread-13] INFO  datastream.DataStreamTestUtils (DataStreamTestUtils.java:writeAndCloseAndAssertReplies(311)) - start Stream379
2022-06-30 09:07:45,578 [s2-NettyServerStreamRpc-bossGroup--thread1] INFO  logging.LoggingHandler (AbstractInternalLogger.java:log(148)) - [id: 0x1fc6f367, L:/0.0.0.0:36363] READ COMPLETE
2022-06-30 09:07:45,579 [s2-NettyServerStreamRpc-workerGroup--thread1] INFO  client.DataStreamClient (ConfUtils.java:logGet(46)) - raft.datastream.type = NETTY (custom)
2022-06-30 09:07:45,580 [s2-NettyServerStreamRpc-workerGroup--thread1] INFO  netty.NettyConfigKeys$DataStream (ConfUtils.java:logGet(46)) - raft.netty.dataStream.client.tls.conf = null (default)
2022-06-30 09:07:45,580 [s2-NettyServerStreamRpc-workerGroup--thread1] INFO  netty.NettyConfigKeys$DataStream (ConfUtils.java:logGet(46)) - raft.netty.dataStream.client.reply.queue.grace-period = 1s (default)
2022-06-30 09:07:45,580 [s2-NettyServerStreamRpc-workerGroup--thread1] INFO  netty.NettyConfigKeys$DataStream (ConfUtils.java:logGet(46)) - raft.netty.dataStream.client.worker-group.share = false (default)
2022-06-30 09:07:45,580 [s2-NettyServerStreamRpc-workerGroup--thread1] INFO  netty.NettyConfigKeys$DataStream (ConfUtils.java:logGet(46)) - raft.netty.dataStream.client.worker-group.size = 4 (default)
2022-06-30 09:07:45,583 [s0-NettyServerStreamRpc-bossGroup--thread1] INFO  logging.LoggingHandler (AbstractInternalLogger.java:log(148)) - [id: 0xa2817bf1, L:/0.0.0.0:41947] READ: [id: 0x6dfc9674, L:/127.0.0.1:41947 - R:/127.0.0.1:51394]
2022-06-30 09:07:45,586 [s2-NettyServerStreamRpc-bossGroup--thread1] INFO  logging.LoggingHandler (AbstractInternalLogger.java:log(148)) - [id: 0x1fc6f367, L:/0.0.0.0:36363] READ: [id: 0x101a5e2a, L:/127.0.0.1:36363 - R:/127.0.0.1:38906]
2022-06-30 09:07:45,586 [s1-NettyServerStreamRpc-bossGroup--thread1] INFO  logging.LoggingHandler (AbstractInternalLogger.java:log(148)) - [id: 0xb95077ef, L:/0.0.0.0:41415] READ: [id: 0x848ada01, L:/127.0.0.1:41415 - R:/127.0.0.1:33966]
2022-06-30 09:07:45,591 [s2-NettyServerStreamRpc-workerGroup--thread1] INFO  client.DataStreamClient (ConfUtils.java:logGet(46)) - raft.datastream.type = NETTY (custom)
2022-06-30 09:07:45,591 [s2-NettyServerStreamRpc-workerGroup--thread1] INFO  netty.NettyConfigKeys$DataStream (ConfUtils.java:logGet(46)) - raft.netty.dataStream.client.tls.conf = null (default)
2022-06-30 09:07:45,591 [s2-NettyServerStreamRpc-workerGroup--thread1] INFO  netty.NettyConfigKeys$DataStream (ConfUtils.java:logGet(46)) - raft.netty.dataStream.client.reply.queue.grace-period = 1s (default)
2022-06-30 09:07:45,591 [s2-NettyServerStreamRpc-workerGroup--thread1] INFO  netty.NettyConfigKeys$DataStream (ConfUtils.java:logGet(46)) - raft.netty.dataStream.client.worker-group.share = false (default)
2022-06-30 09:07:45,592 [s2-NettyServerStreamRpc-workerGroup--thread1] INFO  netty.NettyConfigKeys$DataStream (ConfUtils.java:logGet(46)) - raft.netty.dataStream.client.worker-group.size = 4 (default)
2022-06-30 09:07:45,598 [s2-NettyServerStreamRpc-workerGroup--thread1] INFO  client.DataStreamClient (ConfUtils.java:logGet(46)) - raft.datastream.type = NETTY (custom)
2022-06-30 09:07:45,598 [s2-NettyServerStreamRpc-workerGroup--thread1] INFO  netty.NettyConfigKeys$DataStream (ConfUtils.java:logGet(46)) - raft.netty.dataStream.client.tls.conf = null (default)
2022-06-30 09:07:45,599 [s2-NettyServerStreamRpc-workerGroup--thread1] INFO  netty.NettyConfigKeys$DataStream (ConfUtils.java:logGet(46)) - raft.netty.dataStream.client.reply.queue.grace-period = 1s (default)
2022-06-30 09:07:45,599 [s2-NettyServerStreamRpc-workerGroup--thread1] INFO  netty.NettyConfigKeys$DataStream (ConfUtils.java:logGet(46)) - raft.netty.dataStream.client.worker-group.share = false (default)
2022-06-30 09:07:45,599 [s2-NettyServerStreamRpc-workerGroup--thread1] INFO  netty.NettyConfigKeys$DataStream (ConfUtils.java:logGet(46)) - raft.netty.dataStream.client.worker-group.size = 4 (default)
2022-06-30 09:07:45,601 [pool-9-thread-14] INFO  datastream.DataStreamTestUtils (DataStreamTestUtils.java:writeAndCloseAndAssertReplies(311)) - start Stream381
2022-06-30 09:07:45,601 [s0-NettyServerStreamRpc-bossGroup--thread1] INFO  logging.LoggingHandler (AbstractInternalLogger.java:log(148)) - [id: 0xa2817bf1, L:/0.0.0.0:41947] READ COMPLETE
2022-06-30 09:07:45,601 [s0-NettyServerStreamRpc-bossGroup--thread1] INFO  logging.LoggingHandler (AbstractInternalLogger.java:log(148)) - [id: 0xa2817bf1, L:/0.0.0.0:41947] READ: [id: 0x79aebf37, L:/127.0.0.1:41947 - R:/127.0.0.1:51396]
2022-06-30 09:07:45,602 [s0-NettyServerStreamRpc-workerGroup--thread1] INFO  client.DataStreamClient (ConfUtils.java:logGet(46)) - raft.datastream.type = NETTY (custom)
2022-06-30 09:07:45,602 [s0-NettyServerStreamRpc-workerGroup--thread1] INFO  netty.NettyConfigKeys$DataStream (ConfUtils.java:logGet(46)) - raft.netty.dataStream.client.tls.conf = null (default)
2022-06-30 09:07:45,602 [s0-NettyServerStreamRpc-workerGroup--thread1] INFO  netty.NettyConfigKeys$DataStream (ConfUtils.java:logGet(46)) - raft.netty.dataStream.client.reply.queue.grace-period = 1s (default)
2022-06-30 09:07:45,606 [s0-NettyServerStreamRpc-bossGroup--thread1] INFO  logging.LoggingHandler (AbstractInternalLogger.java:log(148)) - [id: 0xa2817bf1, L:/0.0.0.0:41947] READ: [id: 0x690337b3, L:/127.0.0.1:41947 - R:/127.0.0.1:51402]
2022-06-30 09:07:45,612 [s0-NettyServerStreamRpc-workerGroup--thread1] INFO  netty.NettyConfigKeys$DataStream (ConfUtils.java:logGet(46)) - raft.netty.dataStream.client.worker-group.share = false (default)
2022-06-30 09:07:45,612 [s0-NettyServerStreamRpc-workerGroup--thread1] INFO  netty.NettyConfigKeys$DataStream (ConfUtils.java:logGet(46)) - raft.netty.dataStream.client.worker-group.size = 4 (default)
2022-06-30 09:07:45,615 [s0-NettyServerStreamRpc-workerGroup--thread2] INFO  client.DataStreamClient (ConfUtils.java:logGet(46)) - raft.datastream.type = NETTY (custom)
2022-06-30 09:07:45,615 [s0-NettyServerStreamRpc-workerGroup--thread2] INFO  netty.NettyConfigKeys$DataStream (ConfUtils.java:logGet(46)) - raft.netty.dataStream.client.tls.conf = null (default)
2022-06-30 09:07:45,616 [s0-NettyServerStreamRpc-workerGroup--thread2] INFO  netty.NettyConfigKeys$DataStream (ConfUtils.java:logGet(46)) - raft.netty.dataStream.client.reply.queue.grace-period = 1s (default)
2022-06-30 09:07:45,616 [s0-NettyServerStreamRpc-workerGroup--thread2] INFO  netty.NettyConfigKeys$DataStream (ConfUtils.java:logGet(46)) - raft.netty.dataStream.client.worker-group.share = false (default)
2022-06-30 09:07:45,616 [s0-NettyServerStreamRpc-workerGroup--thread2] INFO  netty.NettyConfigKeys$DataStream (ConfUtils.java:logGet(46)) - raft.netty.dataStream.client.worker-group.size = 4 (default)
2022-06-30 09:07:45,628 [pool-9-thread-15] INFO  datastream.DataStreamTestUtils (DataStreamTestUtils.java:writeAndCloseAndAssertReplies(311)) - start Stream383
2022-06-30 09:07:45,630 [s1-NettyServerStreamRpc-bossGroup--thread1] INFO  logging.LoggingHandler (AbstractInternalLogger.java:log(148)) - [id: 0xb95077ef, L:/0.0.0.0:41415] READ COMPLETE
2022-06-30 09:07:45,631 [s1-NettyServerStreamRpc-workerGroup--thread1] INFO  client.DataStreamClient (ConfUtils.java:logGet(46)) - raft.datastream.type = NETTY (custom)
2022-06-30 09:07:45,631 [s1-NettyServerStreamRpc-workerGroup--thread1] INFO  netty.NettyConfigKeys$DataStream (ConfUtils.java:logGet(46)) - raft.netty.dataStream.client.tls.conf = null (default)
2022-06-30 09:07:45,631 [s1-NettyServerStreamRpc-workerGroup--thread1] INFO  netty.NettyConfigKeys$DataStream (ConfUtils.java:logGet(46)) - raft.netty.dataStream.client.reply.queue.grace-period = 1s (default)
2022-06-30 09:07:45,631 [s1-NettyServerStreamRpc-workerGroup--thread1] INFO  netty.NettyConfigKeys$DataStream (ConfUtils.java:logGet(46)) - raft.netty.dataStream.client.worker-group.share = false (default)
2022-06-30 09:07:45,631 [s1-NettyServerStreamRpc-workerGroup--thread1] INFO  netty.NettyConfigKeys$DataStream (ConfUtils.java:logGet(46)) - raft.netty.dataStream.client.worker-group.size = 4 (default)
2022-06-30 09:07:45,632 [s2-NettyServerStreamRpc-bossGroup--thread1] INFO  logging.LoggingHandler (AbstractInternalLogger.java:log(148)) - [id: 0x1fc6f367, L:/0.0.0.0:36363] READ COMPLETE
2022-06-30 09:07:45,633 [s2-NettyServerStreamRpc-workerGroup--thread2] INFO  client.DataStreamClient (ConfUtils.java:logGet(46)) - raft.datastream.type = NETTY (custom)
2022-06-30 09:07:45,633 [s2-NettyServerStreamRpc-workerGroup--thread2] INFO  netty.NettyConfigKeys$DataStream (ConfUtils.java:logGet(46)) - raft.netty.dataStream.client.tls.conf = null (default)
2022-06-30 09:07:45,633 [s2-NettyServerStreamRpc-workerGroup--thread2] INFO  netty.NettyConfigKeys$DataStream (ConfUtils.java:logGet(46)) - raft.netty.dataStream.client.reply.queue.grace-period = 1s (default)
2022-06-30 09:07:45,633 [s2-NettyServerStreamRpc-workerGroup--thread2] INFO  netty.NettyConfigKeys$DataStream (ConfUtils.java:logGet(46)) - raft.netty.dataStream.client.worker-group.share = false (default)
2022-06-30 09:07:45,633 [s2-NettyServerStreamRpc-workerGroup--thread2] INFO  netty.NettyConfigKeys$DataStream (ConfUtils.java:logGet(46)) - raft.netty.dataStream.client.worker-group.size = 4 (default)
2022-06-30 09:07:45,634 [s2-NettyServerStreamRpc-workerGroup--thread1] INFO  client.DataStreamClient (ConfUtils.java:logGet(46)) - raft.datastream.type = NETTY (custom)
2022-06-30 09:07:45,634 [s2-NettyServerStreamRpc-workerGroup--thread1] INFO  netty.NettyConfigKeys$DataStream (ConfUtils.java:logGet(46)) - raft.netty.dataStream.client.tls.conf = null (default)
2022-06-30 09:07:45,634 [s2-NettyServerStreamRpc-workerGroup--thread1] INFO  netty.NettyConfigKeys$DataStream (ConfUtils.java:logGet(46)) - raft.netty.dataStream.client.reply.queue.grace-period = 1s (default)
2022-06-30 09:07:45,634 [s2-NettyServerStreamRpc-workerGroup--thread1] INFO  netty.NettyConfigKeys$DataStream (ConfUtils.java:logGet(46)) - raft.netty.dataStream.client.worker-group.share = false (default)
2022-06-30 09:07:45,634 [pool-9-thread-16] INFO  datastream.DataStreamTestUtils (DataStreamTestUtils.java:writeAndCloseAndAssertReplies(311)) - start Stream382
2022-06-30 09:07:45,635 [s2-NettyServerStreamRpc-workerGroup--thread1] INFO  netty.NettyConfigKeys$DataStream (ConfUtils.java:logGet(46)) - raft.netty.dataStream.client.worker-group.size = 4 (default)
2022-06-30 09:07:45,637 [s1-NettyServerStreamRpc-bossGroup--thread1] INFO  logging.LoggingHandler (AbstractInternalLogger.java:log(148)) - [id: 0xb95077ef, L:/0.0.0.0:41415] READ: [id: 0x4fe90f8c, L:/127.0.0.1:41415 - R:/127.0.0.1:33980]
2022-06-30 09:07:45,638 [s0-NettyServerStreamRpc-bossGroup--thread1] INFO  logging.LoggingHandler (AbstractInternalLogger.java:log(148)) - [id: 0xa2817bf1, L:/0.0.0.0:41947] READ: [id: 0xd58187fb, L:/127.0.0.1:41947 - R:/127.0.0.1:51404]
2022-06-30 09:07:45,638 [s0-NettyServerStreamRpc-bossGroup--thread1] INFO  logging.LoggingHandler (AbstractInternalLogger.java:log(148)) - [id: 0xa2817bf1, L:/0.0.0.0:41947] READ COMPLETE
2022-06-30 09:07:45,639 [s0-NettyServerStreamRpc-bossGroup--thread1] INFO  logging.LoggingHandler (AbstractInternalLogger.java:log(148)) - [id: 0xa2817bf1, L:/0.0.0.0:41947] READ: [id: 0x5b9bbe4d, L:/127.0.0.1:41947 - R:/127.0.0.1:51406]
2022-06-30 09:07:45,639 [s0-NettyServerStreamRpc-bossGroup--thread1] INFO  logging.LoggingHandler (AbstractInternalLogger.java:log(148)) - [id: 0xa2817bf1, L:/0.0.0.0:41947] READ: [id: 0xf25ab22f, L:/127.0.0.1:41947 - R:/127.0.0.1:51408]
2022-06-30 09:07:45,639 [s0-NettyServerStreamRpc-bossGroup--thread1] INFO  logging.LoggingHandler (AbstractInternalLogger.java:log(148)) - [id: 0xa2817bf1, L:/0.0.0.0:41947] READ: [id: 0x858a4ec8, L:/127.0.0.1:41947 - R:/127.0.0.1:51410]
2022-06-30 09:07:45,639 [s0-NettyServerStreamRpc-bossGroup--thread1] INFO  logging.LoggingHandler (AbstractInternalLogger.java:log(148)) - [id: 0xa2817bf1, L:/0.0.0.0:41947] READ COMPLETE
2022-06-30 09:07:45,639 [s0-NettyServerStreamRpc-workerGroup--thread3] INFO  client.DataStreamClient (ConfUtils.java:logGet(46)) - raft.datastream.type = NETTY (custom)
2022-06-30 09:07:45,639 [s0-NettyServerStreamRpc-workerGroup--thread3] INFO  netty.NettyConfigKeys$DataStream (ConfUtils.java:logGet(46)) - raft.netty.dataStream.client.tls.conf = null (default)
2022-06-30 09:07:45,639 [s0-NettyServerStreamRpc-workerGroup--thread3] INFO  netty.NettyConfigKeys$DataStream (ConfUtils.java:logGet(46)) - raft.netty.dataStream.client.reply.queue.grace-period = 1s (default)
2022-06-30 09:07:45,640 [s0-NettyServerStreamRpc-workerGroup--thread3] INFO  netty.NettyConfigKeys$DataStream (ConfUtils.java:logGet(46)) - raft.netty.dataStream.client.worker-group.share = false (default)
2022-06-30 09:07:45,640 [s0-NettyServerStreamRpc-workerGroup--thread3] INFO  netty.NettyConfigKeys$DataStream (ConfUtils.java:logGet(46)) - raft.netty.dataStream.client.worker-group.size = 4 (default)
2022-06-30 09:07:45,640 [s0-NettyServerStreamRpc-workerGroup--thread4] INFO  client.DataStreamClient (ConfUtils.java:logGet(46)) - raft.datastream.type = NETTY (custom)
2022-06-30 09:07:45,640 [s0-NettyServerStreamRpc-workerGroup--thread2] INFO  client.DataStreamClient (ConfUtils.java:logGet(46)) - raft.datastream.type = NETTY (custom)
2022-06-30 09:07:45,640 [s0-NettyServerStreamRpc-workerGroup--thread4] INFO  netty.NettyConfigKeys$DataStream (ConfUtils.java:logGet(46)) - raft.netty.dataStream.client.tls.conf = null (default)
2022-06-30 09:07:45,641 [s1-NettyServerStreamRpc-bossGroup--thread1] INFO  logging.LoggingHandler (AbstractInternalLogger.java:log(148)) - [id: 0xb95077ef, L:/0.0.0.0:41415] READ COMPLETE
2022-06-30 09:07:45,641 [s0-NettyServerStreamRpc-workerGroup--thread2] INFO  netty.NettyConfigKeys$DataStream (ConfUtils.java:logGet(46)) - raft.netty.dataStream.client.tls.conf = null (default)
2022-06-30 09:07:45,641 [s0-NettyServerStreamRpc-workerGroup--thread2] INFO  netty.NettyConfigKeys$DataStream (ConfUtils.java:logGet(46)) - raft.netty.dataStream.client.reply.queue.grace-period = 1s (default)
2022-06-30 09:07:45,641 [s0-NettyServerStreamRpc-workerGroup--thread4] INFO  netty.NettyConfigKeys$DataStream (ConfUtils.java:logGet(46)) - raft.netty.dataStream.client.reply.queue.grace-period = 1s (default)
2022-06-30 09:07:45,641 [s0-NettyServerStreamRpc-workerGroup--thread2] INFO  netty.NettyConfigKeys$DataStream (ConfUtils.java:logGet(46)) - raft.netty.dataStream.client.worker-group.share = false (default)
2022-06-30 09:07:45,642 [s0-NettyServerStreamRpc-workerGroup--thread2] INFO  netty.NettyConfigKeys$DataStream (ConfUtils.java:logGet(46)) - raft.netty.dataStream.client.worker-group.size = 4 (default)
2022-06-30 09:07:45,642 [s0-NettyServerStreamRpc-workerGroup--thread4] INFO  netty.NettyConfigKeys$DataStream (ConfUtils.java:logGet(46)) - raft.netty.dataStream.client.worker-group.share = false (default)
2022-06-30 09:07:45,642 [s0-NettyServerStreamRpc-workerGroup--thread4] INFO  netty.NettyConfigKeys$DataStream (ConfUtils.java:logGet(46)) - raft.netty.dataStream.client.worker-group.size = 4 (default)
2022-06-30 09:07:45,651 [s1-NettyServerStreamRpc-bossGroup--thread1] INFO  logging.LoggingHandler (AbstractInternalLogger.java:log(148)) - [id: 0xb95077ef, L:/0.0.0.0:41415] READ: [id: 0x563bbfbb, L:/127.0.0.1:41415 - R:/127.0.0.1:33984]
2022-06-30 09:07:45,643 [s0-NettyServerStreamRpc-bossGroup--thread1] INFO  logging.LoggingHandler (AbstractInternalLogger.java:log(148)) - [id: 0xa2817bf1, L:/0.0.0.0:41947] READ: [id: 0x3daea027, L:/127.0.0.1:41947 - R:/127.0.0.1:51414]
2022-06-30 09:07:45,664 [s0-NettyServerStreamRpc-bossGroup--thread1] INFO  logging.LoggingHandler (AbstractInternalLogger.java:log(148)) - [id: 0xa2817bf1, L:/0.0.0.0:41947] READ COMPLETE
2022-06-30 09:07:45,664 [s0-NettyServerStreamRpc-bossGroup--thread1] INFO  logging.LoggingHandler (AbstractInternalLogger.java:log(148)) - [id: 0xa2817bf1, L:/0.0.0.0:41947] READ: [id: 0x3631c7b1, L:/127.0.0.1:41947 - R:/127.0.0.1:51418]
2022-06-30 09:07:45,664 [s0-NettyServerStreamRpc-bossGroup--thread1] INFO  logging.LoggingHandler (AbstractInternalLogger.java:log(148)) - [id: 0xa2817bf1, L:/0.0.0.0:41947] READ COMPLETE
2022-06-30 09:07:45,666 [s0-NettyServerStreamRpc-bossGroup--thread1] INFO  logging.LoggingHandler (AbstractInternalLogger.java:log(148)) - [id: 0xa2817bf1, L:/0.0.0.0:41947] READ: [id: 0x7d0d0880, L:/127.0.0.1:41947 - R:/127.0.0.1:51426]
2022-06-30 09:07:45,666 [s0-NettyServerStreamRpc-bossGroup--thread1] INFO  logging.LoggingHandler (AbstractInternalLogger.java:log(148)) - [id: 0xa2817bf1, L:/0.0.0.0:41947] READ COMPLETE
2022-06-30 09:07:45,666 [s1-NettyServerStreamRpc-workerGroup--thread1] INFO  client.DataStreamClient (ConfUtils.java:logGet(46)) - raft.datastream.type = NETTY (custom)
2022-06-30 09:07:45,666 [s1-NettyServerStreamRpc-workerGroup--thread1] INFO  netty.NettyConfigKeys$DataStream (ConfUtils.java:logGet(46)) - raft.netty.dataStream.client.tls.conf = null (default)
2022-06-30 09:07:45,666 [s1-NettyServerStreamRpc-workerGroup--thread1] INFO  netty.NettyConfigKeys$DataStream (ConfUtils.java:logGet(46)) - raft.netty.dataStream.client.reply.queue.grace-period = 1s (default)
2022-06-30 09:07:45,666 [s1-NettyServerStreamRpc-workerGroup--thread1] INFO  netty.NettyConfigKeys$DataStream (ConfUtils.java:logGet(46)) - raft.netty.dataStream.client.worker-group.share = false (default)
2022-06-30 09:07:45,667 [s1-NettyServerStreamRpc-workerGroup--thread1] INFO  netty.NettyConfigKeys$DataStream (ConfUtils.java:logGet(46)) - raft.netty.dataStream.client.worker-group.size = 4 (default)
2022-06-30 09:07:45,669 [s0-NettyServerStreamRpc-bossGroup--thread1] INFO  logging.LoggingHandler (AbstractInternalLogger.java:log(148)) - [id: 0xa2817bf1, L:/0.0.0.0:41947] READ: [id: 0x45bb7020, L:/127.0.0.1:41947 - R:/127.0.0.1:51428]
2022-06-30 09:07:45,669 [s0-NettyServerStreamRpc-bossGroup--thread1] INFO  logging.LoggingHandler (AbstractInternalLogger.java:log(148)) - [id: 0xa2817bf1, L:/0.0.0.0:41947] READ COMPLETE
2022-06-30 09:07:45,669 [s1-NettyServerStreamRpc-bossGroup--thread1] INFO  logging.LoggingHandler (AbstractInternalLogger.java:log(148)) - [id: 0xb95077ef, L:/0.0.0.0:41415] READ COMPLETE
2022-06-30 09:07:45,670 [s1-NettyServerStreamRpc-bossGroup--thread1] INFO  logging.LoggingHandler (AbstractInternalLogger.java:log(148)) - [id: 0xb95077ef, L:/0.0.0.0:41415] READ: [id: 0x3b17a882, L:/127.0.0.1:41415 - R:/127.0.0.1:33988]
2022-06-30 09:07:45,671 [s0-NettyServerStreamRpc-workerGroup--thread2] INFO  client.DataStreamClient (ConfUtils.java:logGet(46)) - raft.datastream.type = NETTY (custom)
2022-06-30 09:07:45,671 [s0-NettyServerStreamRpc-workerGroup--thread2] INFO  netty.NettyConfigKeys$DataStream (ConfUtils.java:logGet(46)) - raft.netty.dataStream.client.tls.conf = null (default)
2022-06-30 09:07:45,671 [s0-NettyServerStreamRpc-workerGroup--thread2] INFO  netty.NettyConfigKeys$DataStream (ConfUtils.java:logGet(46)) - raft.netty.dataStream.client.reply.queue.grace-period = 1s (default)
2022-06-30 09:07:45,671 [s0-NettyServerStreamRpc-workerGroup--thread2] INFO  netty.NettyConfigKeys$DataStream (ConfUtils.java:logGet(46)) - raft.netty.dataStream.client.worker-group.share = false (default)
2022-06-30 09:07:45,671 [s0-NettyServerStreamRpc-workerGroup--thread2] INFO  netty.NettyConfigKeys$DataStream (ConfUtils.java:logGet(46)) - raft.netty.dataStream.client.worker-group.size = 4 (default)
2022-06-30 09:07:45,675 [s1-NettyServerStreamRpc-workerGroup--thread3] INFO  client.DataStreamClient (ConfUtils.java:logGet(46)) - raft.datastream.type = NETTY (custom)
2022-06-30 09:07:45,675 [s1-NettyServerStreamRpc-workerGroup--thread3] INFO  netty.NettyConfigKeys$DataStream (ConfUtils.java:logGet(46)) - raft.netty.dataStream.client.tls.conf = null (default)
2022-06-30 09:07:45,675 [s1-NettyServerStreamRpc-workerGroup--thread3] INFO  netty.NettyConfigKeys$DataStream (ConfUtils.java:logGet(46)) - raft.netty.dataStream.client.reply.queue.grace-period = 1s (default)
2022-06-30 09:07:45,675 [s1-NettyServerStreamRpc-workerGroup--thread3] INFO  netty.NettyConfigKeys$DataStream (ConfUtils.java:logGet(46)) - raft.netty.dataStream.client.worker-group.share = false (default)
2022-06-30 09:07:45,676 [s1-NettyServerStreamRpc-workerGroup--thread3] INFO  netty.NettyConfigKeys$DataStream (ConfUtils.java:logGet(46)) - raft.netty.dataStream.client.worker-group.size = 4 (default)
2022-06-30 09:07:45,682 [s1-NettyServerStreamRpc-workerGroup--thread2] INFO  client.DataStreamClient (ConfUtils.java:logGet(46)) - raft.datastream.type = NETTY (custom)
2022-06-30 09:07:45,682 [s1-NettyServerStreamRpc-workerGroup--thread2] INFO  netty.NettyConfigKeys$DataStream (ConfUtils.java:logGet(46)) - raft.netty.dataStream.client.tls.conf = null (default)
2022-06-30 09:07:45,682 [s1-NettyServerStreamRpc-workerGroup--thread2] INFO  netty.NettyConfigKeys$DataStream (ConfUtils.java:logGet(46)) - raft.netty.dataStream.client.reply.queue.grace-period = 1s (default)
2022-06-30 09:07:45,682 [s1-NettyServerStreamRpc-workerGroup--thread2] INFO  netty.NettyConfigKeys$DataStream (ConfUtils.java:logGet(46)) - raft.netty.dataStream.client.worker-group.share = false (default)
2022-06-30 09:07:45,682 [s1-NettyServerStreamRpc-workerGroup--thread2] INFO  netty.NettyConfigKeys$DataStream (ConfUtils.java:logGet(46)) - raft.netty.dataStream.client.worker-group.size = 4 (default)
2022-06-30 09:07:45,686 [s0-NettyServerStreamRpc-workerGroup--thread1] INFO  client.DataStreamClient (ConfUtils.java:logGet(46)) - raft.datastream.type = NETTY (custom)
2022-06-30 09:07:45,686 [s0-NettyServerStreamRpc-workerGroup--thread1] INFO  netty.NettyConfigKeys$DataStream (ConfUtils.java:logGet(46)) - raft.netty.dataStream.client.tls.conf = null (default)
2022-06-30 09:07:45,686 [s0-NettyServerStreamRpc-workerGroup--thread1] INFO  netty.NettyConfigKeys$DataStream (ConfUtils.java:logGet(46)) - raft.netty.dataStream.client.reply.queue.grace-period = 1s (default)
2022-06-30 09:07:45,693 [s1-NettyServerStreamRpc-workerGroup--thread1] INFO  client.DataStreamClient (ConfUtils.java:logGet(46)) - raft.datastream.type = NETTY (custom)
2022-06-30 09:07:45,693 [s1-NettyServerStreamRpc-workerGroup--thread1] INFO  netty.NettyConfigKeys$DataStream (ConfUtils.java:logGet(46)) - raft.netty.dataStream.client.tls.conf = null (default)
2022-06-30 09:07:45,694 [s1-NettyServerStreamRpc-workerGroup--thread1] INFO  netty.NettyConfigKeys$DataStream (ConfUtils.java:logGet(46)) - raft.netty.dataStream.client.reply.queue.grace-period = 1s (default)
2022-06-30 09:07:45,694 [s2-NettyServerStreamRpc-workerGroup--thread2] INFO  client.DataStreamClient (ConfUtils.java:logGet(46)) - raft.datastream.type = NETTY (custom)
2022-06-30 09:07:45,695 [s2-NettyServerStreamRpc-workerGroup--thread2] INFO  netty.NettyConfigKeys$DataStream (ConfUtils.java:logGet(46)) - raft.netty.dataStream.client.tls.conf = null (default)
2022-06-30 09:07:45,695 [s2-NettyServerStreamRpc-workerGroup--thread2] INFO  netty.NettyConfigKeys$DataStream (ConfUtils.java:logGet(46)) - raft.netty.dataStream.client.reply.queue.grace-period = 1s (default)
2022-06-30 09:07:45,696 [s2-NettyServerStreamRpc-bossGroup--thread1] INFO  logging.LoggingHandler (AbstractInternalLogger.java:log(148)) - [id: 0x1fc6f367, L:/0.0.0.0:36363] READ: [id: 0xfc6571f3, L:/127.0.0.1:36363 - R:/127.0.0.1:38938]
2022-06-30 09:07:45,697 [s1-NettyServerStreamRpc-bossGroup--thread1] INFO  logging.LoggingHandler (AbstractInternalLogger.java:log(148)) - [id: 0xb95077ef, L:/0.0.0.0:41415] READ: [id: 0x4af50356, L:/127.0.0.1:41415 - R:/127.0.0.1:33990]
2022-06-30 09:07:45,697 [s1-NettyServerStreamRpc-bossGroup--thread1] INFO  logging.LoggingHandler (AbstractInternalLogger.java:log(148)) - [id: 0xb95077ef, L:/0.0.0.0:41415] READ: [id: 0x088f70fb, L:/127.0.0.1:41415 - R:/127.0.0.1:33992]
2022-06-30 09:07:45,697 [s1-NettyServerStreamRpc-bossGroup--thread1] INFO  logging.LoggingHandler (AbstractInternalLogger.java:log(148)) - [id: 0xb95077ef, L:/0.0.0.0:41415] READ COMPLETE
2022-06-30 09:07:45,697 [s1-NettyServerStreamRpc-bossGroup--thread1] INFO  logging.LoggingHandler (AbstractInternalLogger.java:log(148)) - [id: 0xb95077ef, L:/0.0.0.0:41415] READ: [id: 0x02c8b57c, L:/127.0.0.1:41415 - R:/127.0.0.1:33998]
2022-06-30 09:07:45,697 [s1-NettyServerStreamRpc-workerGroup--thread4] INFO  client.DataStreamClient (ConfUtils.java:logGet(46)) - raft.datastream.type = NETTY (custom)
2022-06-30 09:07:45,698 [s1-NettyServerStreamRpc-workerGroup--thread4] INFO  netty.NettyConfigKeys$DataStream (ConfUtils.java:logGet(46)) - raft.netty.dataStream.client.tls.conf = null (default)
2022-06-30 09:07:45,698 [s1-NettyServerStreamRpc-workerGroup--thread4] INFO  netty.NettyConfigKeys$DataStream (ConfUtils.java:logGet(46)) - raft.netty.dataStream.client.reply.queue.grace-period = 1s (default)
2022-06-30 09:07:45,698 [s1-NettyServerStreamRpc-workerGroup--thread4] INFO  netty.NettyConfigKeys$DataStream (ConfUtils.java:logGet(46)) - raft.netty.dataStream.client.worker-group.share = false (default)
2022-06-30 09:07:45,699 [s1-NettyServerStreamRpc-workerGroup--thread4] INFO  netty.NettyConfigKeys$DataStream (ConfUtils.java:logGet(46)) - raft.netty.dataStream.client.worker-group.size = 4 (default)
2022-06-30 09:07:45,699 [s2-NettyServerStreamRpc-workerGroup--thread2] INFO  netty.NettyConfigKeys$DataStream (ConfUtils.java:logGet(46)) - raft.netty.dataStream.client.worker-group.share = false (default)
2022-06-30 09:07:45,699 [s2-NettyServerStreamRpc-workerGroup--thread2] INFO  netty.NettyConfigKeys$DataStream (ConfUtils.java:logGet(46)) - raft.netty.dataStream.client.worker-group.size = 4 (default)
2022-06-30 09:07:45,697 [s1-NettyServerStreamRpc-bossGroup--thread1] INFO  logging.LoggingHandler (AbstractInternalLogger.java:log(148)) - [id: 0xb95077ef, L:/0.0.0.0:41415] READ COMPLETE
2022-06-30 09:07:45,700 [s1-NettyServerStreamRpc-workerGroup--thread1] INFO  netty.NettyConfigKeys$DataStream (ConfUtils.java:logGet(46)) - raft.netty.dataStream.client.worker-group.share = false (default)
2022-06-30 09:07:45,700 [s1-NettyServerStreamRpc-workerGroup--thread1] INFO  netty.NettyConfigKeys$DataStream (ConfUtils.java:logGet(46)) - raft.netty.dataStream.client.worker-group.size = 4 (default)
2022-06-30 09:07:45,702 [s0-NettyServerStreamRpc-workerGroup--thread1] INFO  netty.NettyConfigKeys$DataStream (ConfUtils.java:logGet(46)) - raft.netty.dataStream.client.worker-group.share = false (default)
2022-06-30 09:07:45,702 [s0-NettyServerStreamRpc-workerGroup--thread1] INFO  netty.NettyConfigKeys$DataStream (ConfUtils.java:logGet(46)) - raft.netty.dataStream.client.worker-group.size = 4 (default)
2022-06-30 09:07:45,708 [s0-NettyServerStreamRpc-bossGroup--thread1] INFO  logging.LoggingHandler (AbstractInternalLogger.java:log(148)) - [id: 0xa2817bf1, L:/0.0.0.0:41947] READ: [id: 0x1fb3ebb2, L:/127.0.0.1:41947 - R:/127.0.0.1:51436]
2022-06-30 09:07:45,708 [s0-NettyServerStreamRpc-bossGroup--thread1] INFO  logging.LoggingHandler (AbstractInternalLogger.java:log(148)) - [id: 0xa2817bf1, L:/0.0.0.0:41947] READ COMPLETE
2022-06-30 09:07:45,709 [s0-NettyServerStreamRpc-bossGroup--thread1] INFO  logging.LoggingHandler (AbstractInternalLogger.java:log(148)) - [id: 0xa2817bf1, L:/0.0.0.0:41947] READ: [id: 0xdab93eee, L:/127.0.0.1:41947 - R:/127.0.0.1:51438]
2022-06-30 09:07:45,709 [s0-NettyServerStreamRpc-bossGroup--thread1] INFO  logging.LoggingHandler (AbstractInternalLogger.java:log(148)) - [id: 0xa2817bf1, L:/0.0.0.0:41947] READ COMPLETE
2022-06-30 09:07:45,711 [s1-NettyServerStreamRpc-workerGroup--thread3] INFO  client.DataStreamClient (ConfUtils.java:logGet(46)) - raft.datastream.type = NETTY (custom)
2022-06-30 09:07:45,712 [s1-NettyServerStreamRpc-workerGroup--thread3] INFO  netty.NettyConfigKeys$DataStream (ConfUtils.java:logGet(46)) - raft.netty.dataStream.client.tls.conf = null (default)
2022-06-30 09:07:45,712 [s1-NettyServerStreamRpc-workerGroup--thread3] INFO  netty.NettyConfigKeys$DataStream (ConfUtils.java:logGet(46)) - raft.netty.dataStream.client.reply.queue.grace-period = 1s (default)
2022-06-30 09:07:45,712 [s1-NettyServerStreamRpc-workerGroup--thread3] INFO  netty.NettyConfigKeys$DataStream (ConfUtils.java:logGet(46)) - raft.netty.dataStream.client.worker-group.share = false (default)
2022-06-30 09:07:45,712 [s1-NettyServerStreamRpc-workerGroup--thread3] INFO  netty.NettyConfigKeys$DataStream (ConfUtils.java:logGet(46)) - raft.netty.dataStream.client.worker-group.size = 4 (default)
2022-06-30 09:07:45,714 [s2-NettyServerStreamRpc-bossGroup--thread1] INFO  logging.LoggingHandler (AbstractInternalLogger.java:log(148)) - [id: 0x1fc6f367, L:/0.0.0.0:36363] READ COMPLETE
2022-06-30 09:07:45,714 [s2-NettyServerStreamRpc-bossGroup--thread1] INFO  logging.LoggingHandler (AbstractInternalLogger.java:log(148)) - [id: 0x1fc6f367, L:/0.0.0.0:36363] READ: [id: 0x1b558b7e, L:/127.0.0.1:36363 - R:/127.0.0.1:38940]
2022-06-30 09:07:45,715 [s2-NettyServerStreamRpc-bossGroup--thread1] INFO  logging.LoggingHandler (AbstractInternalLogger.java:log(148)) - [id: 0x1fc6f367, L:/0.0.0.0:36363] READ: [id: 0xd297e7db, L:/127.0.0.1:36363 - R:/127.0.0.1:38946]
2022-06-30 09:07:45,715 [s2-NettyServerStreamRpc-bossGroup--thread1] INFO  logging.LoggingHandler (AbstractInternalLogger.java:log(148)) - [id: 0x1fc6f367, L:/0.0.0.0:36363] READ COMPLETE
2022-06-30 09:07:45,717 [s2-NettyServerStreamRpc-bossGroup--thread1] INFO  logging.LoggingHandler (AbstractInternalLogger.java:log(148)) - [id: 0x1fc6f367, L:/0.0.0.0:36363] READ: [id: 0x0e95acca, L:/127.0.0.1:36363 - R:/127.0.0.1:38948]
2022-06-30 09:07:45,717 [s2-NettyServerStreamRpc-bossGroup--thread1] INFO  logging.LoggingHandler (AbstractInternalLogger.java:log(148)) - [id: 0x1fc6f367, L:/0.0.0.0:36363] READ COMPLETE
2022-06-30 09:07:45,718 [s2-NettyServerStreamRpc-workerGroup--thread2] INFO  client.DataStreamClient (ConfUtils.java:logGet(46)) - raft.datastream.type = NETTY (custom)
2022-06-30 09:07:45,718 [s2-NettyServerStreamRpc-workerGroup--thread2] INFO  netty.NettyConfigKeys$DataStream (ConfUtils.java:logGet(46)) - raft.netty.dataStream.client.tls.conf = null (default)
2022-06-30 09:07:45,718 [s2-NettyServerStreamRpc-workerGroup--thread2] INFO  netty.NettyConfigKeys$DataStream (ConfUtils.java:logGet(46)) - raft.netty.dataStream.client.reply.queue.grace-period = 1s (default)
2022-06-30 09:07:45,718 [s2-NettyServerStreamRpc-workerGroup--thread2] INFO  netty.NettyConfigKeys$DataStream (ConfUtils.java:logGet(46)) - raft.netty.dataStream.client.worker-group.share = false (default)
2022-06-30 09:07:45,718 [s2-NettyServerStreamRpc-workerGroup--thread2] INFO  netty.NettyConfigKeys$DataStream (ConfUtils.java:logGet(46)) - raft.netty.dataStream.client.worker-group.size = 4 (default)
2022-06-30 09:07:45,720 [s0-NettyServerStreamRpc-bossGroup--thread1] INFO  logging.LoggingHandler (AbstractInternalLogger.java:log(148)) - [id: 0xa2817bf1, L:/0.0.0.0:41947] READ: [id: 0xc32e2b22, L:/127.0.0.1:41947 - R:/127.0.0.1:51444]
2022-06-30 09:07:45,720 [s0-NettyServerStreamRpc-bossGroup--thread1] INFO  logging.LoggingHandler (AbstractInternalLogger.java:log(148)) - [id: 0xa2817bf1, L:/0.0.0.0:41947] READ COMPLETE
2022-06-30 09:07:45,721 [s1-NettyServerStreamRpc-workerGroup--thread1] INFO  client.DataStreamClient (ConfUtils.java:logGet(46)) - raft.datastream.type = NETTY (custom)
2022-06-30 09:07:45,721 [s1-NettyServerStreamRpc-workerGroup--thread1] INFO  netty.NettyConfigKeys$DataStream (ConfUtils.java:logGet(46)) - raft.netty.dataStream.client.tls.conf = null (default)
2022-06-30 09:07:45,721 [s1-NettyServerStreamRpc-workerGroup--thread1] INFO  netty.NettyConfigKeys$DataStream (ConfUtils.java:logGet(46)) - raft.netty.dataStream.client.reply.queue.grace-period = 1s (default)
2022-06-30 09:07:45,721 [s1-NettyServerStreamRpc-workerGroup--thread1] INFO  netty.NettyConfigKeys$DataStream (ConfUtils.java:logGet(46)) - raft.netty.dataStream.client.worker-group.share = false (default)
2022-06-30 09:07:45,721 [s1-NettyServerStreamRpc-workerGroup--thread1] INFO  netty.NettyConfigKeys$DataStream (ConfUtils.java:logGet(46)) - raft.netty.dataStream.client.worker-group.size = 4 (default)
2022-06-30 09:07:45,722 [s0-NettyServerStreamRpc-bossGroup--thread1] INFO  logging.LoggingHandler (AbstractInternalLogger.java:log(148)) - [id: 0xa2817bf1, L:/0.0.0.0:41947] READ: [id: 0xda679908, L:/127.0.0.1:41947 - R:/127.0.0.1:51446]
2022-06-30 09:07:45,722 [s0-NettyServerStreamRpc-bossGroup--thread1] INFO  logging.LoggingHandler (AbstractInternalLogger.java:log(148)) - [id: 0xa2817bf1, L:/0.0.0.0:41947] READ COMPLETE
2022-06-30 09:07:45,731 [s1-NettyServerStreamRpc-bossGroup--thread1] INFO  logging.LoggingHandler (AbstractInternalLogger.java:log(148)) - [id: 0xb95077ef, L:/0.0.0.0:41415] READ: [id: 0xef0b731e, L:/127.0.0.1:41415 - R:/127.0.0.1:34016]
2022-06-30 09:07:45,731 [s1-NettyServerStreamRpc-bossGroup--thread1] INFO  logging.LoggingHandler (AbstractInternalLogger.java:log(148)) - [id: 0xb95077ef, L:/0.0.0.0:41415] READ COMPLETE
2022-06-30 09:07:45,731 [s0-NettyServerStreamRpc-workerGroup--thread2] INFO  client.DataStreamClient (ConfUtils.java:logGet(46)) - raft.datastream.type = NETTY (custom)
2022-06-30 09:07:45,731 [s0-NettyServerStreamRpc-workerGroup--thread2] INFO  netty.NettyConfigKeys$DataStream (ConfUtils.java:logGet(46)) - raft.netty.dataStream.client.tls.conf = null (default)
2022-06-30 09:07:45,731 [s0-NettyServerStreamRpc-workerGroup--thread2] INFO  netty.NettyConfigKeys$DataStream (ConfUtils.java:logGet(46)) - raft.netty.dataStream.client.reply.queue.grace-period = 1s (default)
2022-06-30 09:07:45,732 [s0-NettyServerStreamRpc-workerGroup--thread2] INFO  netty.NettyConfigKeys$DataStream (ConfUtils.java:logGet(46)) - raft.netty.dataStream.client.worker-group.share = false (default)
2022-06-30 09:07:45,732 [s0-NettyServerStreamRpc-workerGroup--thread2] INFO  netty.NettyConfigKeys$DataStream (ConfUtils.java:logGet(46)) - raft.netty.dataStream.client.worker-group.size = 4 (default)
2022-06-30 09:07:45,739 [s0-NettyServerStreamRpc-workerGroup--thread4] INFO  client.DataStreamClient (ConfUtils.java:logGet(46)) - raft.datastream.type = NETTY (custom)
2022-06-30 09:07:45,739 [s0-NettyServerStreamRpc-workerGroup--thread4] INFO  netty.NettyConfigKeys$DataStream (ConfUtils.java:logGet(46)) - raft.netty.dataStream.client.tls.conf = null (default)
2022-06-30 09:07:45,739 [s0-NettyServerStreamRpc-workerGroup--thread4] INFO  netty.NettyConfigKeys$DataStream (ConfUtils.java:logGet(46)) - raft.netty.dataStream.client.reply.queue.grace-period = 1s (default)
2022-06-30 09:07:45,739 [s0-NettyServerStreamRpc-workerGroup--thread4] INFO  netty.NettyConfigKeys$DataStream (ConfUtils.java:logGet(46)) - raft.netty.dataStream.client.worker-group.share = false (default)
2022-06-30 09:07:45,740 [s0-NettyServerStreamRpc-workerGroup--thread4] INFO  netty.NettyConfigKeys$DataStream (ConfUtils.java:logGet(46)) - raft.netty.dataStream.client.worker-group.size = 4 (default)
2022-06-30 09:07:45,741 [s1-NettyServerStreamRpc-workerGroup--thread1] INFO  client.DataStreamClient (ConfUtils.java:logGet(46)) - raft.datastream.type = NETTY (custom)
2022-06-30 09:07:45,741 [s1-NettyServerStreamRpc-workerGroup--thread1] INFO  netty.NettyConfigKeys$DataStream (ConfUtils.java:logGet(46)) - raft.netty.dataStream.client.tls.conf = null (default)
2022-06-30 09:07:45,741 [s1-NettyServerStreamRpc-workerGroup--thread1] INFO  netty.NettyConfigKeys$DataStream (ConfUtils.java:logGet(46)) - raft.netty.dataStream.client.reply.queue.grace-period = 1s (default)
2022-06-30 09:07:45,741 [s1-NettyServerStreamRpc-workerGroup--thread1] INFO  netty.NettyConfigKeys$DataStream (ConfUtils.java:logGet(46)) - raft.netty.dataStream.client.worker-group.share = false (default)
2022-06-30 09:07:45,741 [s1-NettyServerStreamRpc-workerGroup--thread1] INFO  netty.NettyConfigKeys$DataStream (ConfUtils.java:logGet(46)) - raft.netty.dataStream.client.worker-group.size = 4 (default)
2022-06-30 09:07:45,741 [s2-NettyServerStreamRpc-bossGroup--thread1] INFO  logging.LoggingHandler (AbstractInternalLogger.java:log(148)) - [id: 0x1fc6f367, L:/0.0.0.0:36363] READ: [id: 0x21473c05, L:/127.0.0.1:36363 - R:/127.0.0.1:38956]
2022-06-30 09:07:45,742 [s2-NettyServerStreamRpc-bossGroup--thread1] INFO  logging.LoggingHandler (AbstractInternalLogger.java:log(148)) - [id: 0x1fc6f367, L:/0.0.0.0:36363] READ COMPLETE
2022-06-30 09:07:45,743 [s0-NettyServerStreamRpc-bossGroup--thread1] INFO  logging.LoggingHandler (AbstractInternalLogger.java:log(148)) - [id: 0xa2817bf1, L:/0.0.0.0:41947] READ: [id: 0x13f9cc28, L:/127.0.0.1:41947 - R:/127.0.0.1:51452]
2022-06-30 09:07:45,743 [s0-NettyServerStreamRpc-bossGroup--thread1] INFO  logging.LoggingHandler (AbstractInternalLogger.java:log(148)) - [id: 0xa2817bf1, L:/0.0.0.0:41947] READ COMPLETE
2022-06-30 09:07:45,743 [s2-NettyServerStreamRpc-workerGroup--thread2] INFO  client.DataStreamClient (ConfUtils.java:logGet(46)) - raft.datastream.type = NETTY (custom)
2022-06-30 09:07:45,744 [s2-NettyServerStreamRpc-workerGroup--thread2] INFO  netty.NettyConfigKeys$DataStream (ConfUtils.java:logGet(46)) - raft.netty.dataStream.client.tls.conf = null (default)
2022-06-30 09:07:45,744 [s2-NettyServerStreamRpc-workerGroup--thread2] INFO  netty.NettyConfigKeys$DataStream (ConfUtils.java:logGet(46)) - raft.netty.dataStream.client.reply.queue.grace-period = 1s (default)
2022-06-30 09:07:45,744 [s2-NettyServerStreamRpc-workerGroup--thread2] INFO  netty.NettyConfigKeys$DataStream (ConfUtils.java:logGet(46)) - raft.netty.dataStream.client.worker-group.share = false (default)
2022-06-30 09:07:45,744 [s2-NettyServerStreamRpc-workerGroup--thread2] INFO  netty.NettyConfigKeys$DataStream (ConfUtils.java:logGet(46)) - raft.netty.dataStream.client.worker-group.size = 4 (default)
2022-06-30 09:07:45,745 [s0-NettyServerStreamRpc-bossGroup--thread1] INFO  logging.LoggingHandler (AbstractInternalLogger.java:log(148)) - [id: 0xa2817bf1, L:/0.0.0.0:41947] READ: [id: 0x65411ed6, L:/127.0.0.1:41947 - R:/127.0.0.1:51454]
2022-06-30 09:07:45,745 [s0-NettyServerStreamRpc-bossGroup--thread1] INFO  logging.LoggingHandler (AbstractInternalLogger.java:log(148)) - [id: 0xa2817bf1, L:/0.0.0.0:41947] READ COMPLETE
2022-06-30 09:07:45,746 [s1-NettyServerStreamRpc-workerGroup--thread2] INFO  client.DataStreamClient (ConfUtils.java:logGet(46)) - raft.datastream.type = NETTY (custom)
2022-06-30 09:07:45,747 [s1-NettyServerStreamRpc-workerGroup--thread2] INFO  netty.NettyConfigKeys$DataStream (ConfUtils.java:logGet(46)) - raft.netty.dataStream.client.tls.conf = null (default)
2022-06-30 09:07:45,747 [s1-NettyServerStreamRpc-workerGroup--thread2] INFO  netty.NettyConfigKeys$DataStream (ConfUtils.java:logGet(46)) - raft.netty.dataStream.client.reply.queue.grace-period = 1s (default)
2022-06-30 09:07:45,747 [s1-NettyServerStreamRpc-workerGroup--thread2] INFO  netty.NettyConfigKeys$DataStream (ConfUtils.java:logGet(46)) - raft.netty.dataStream.client.worker-group.share = false (default)
2022-06-30 09:07:45,747 [s1-NettyServerStreamRpc-workerGroup--thread2] INFO  netty.NettyConfigKeys$DataStream (ConfUtils.java:logGet(46)) - raft.netty.dataStream.client.worker-group.size = 4 (default)
2022-06-30 09:07:45,752 [s1-NettyServerStreamRpc-workerGroup--thread4] INFO  client.DataStreamClient (ConfUtils.java:logGet(46)) - raft.datastream.type = NETTY (custom)
2022-06-30 09:07:45,752 [s1-NettyServerStreamRpc-workerGroup--thread4] INFO  netty.NettyConfigKeys$DataStream (ConfUtils.java:logGet(46)) - raft.netty.dataStream.client.tls.conf = null (default)
2022-06-30 09:07:45,752 [s1-NettyServerStreamRpc-workerGroup--thread4] INFO  netty.NettyConfigKeys$DataStream (ConfUtils.java:logGet(46)) - raft.netty.dataStream.client.reply.queue.grace-period = 1s (default)
2022-06-30 09:07:45,752 [s1-NettyServerStreamRpc-workerGroup--thread4] INFO  netty.NettyConfigKeys$DataStream (ConfUtils.java:logGet(46)) - raft.netty.dataStream.client.worker-group.share = false (default)
2022-06-30 09:07:45,752 [s1-NettyServerStreamRpc-workerGroup--thread4] INFO  netty.NettyConfigKeys$DataStream (ConfUtils.java:logGet(46)) - raft.netty.dataStream.client.worker-group.size = 4 (default)
2022-06-30 09:07:45,752 [s2-NettyServerStreamRpc-bossGroup--thread1] INFO  logging.LoggingHandler (AbstractInternalLogger.java:log(148)) - [id: 0x1fc6f367, L:/0.0.0.0:36363] READ: [id: 0x85fb42d0, L:/127.0.0.1:36363 - R:/127.0.0.1:38962]
2022-06-30 09:07:45,753 [s2-NettyServerStreamRpc-bossGroup--thread1] INFO  logging.LoggingHandler (AbstractInternalLogger.java:log(148)) - [id: 0x1fc6f367, L:/0.0.0.0:36363] READ COMPLETE
2022-06-30 09:07:45,754 [s2-NettyServerStreamRpc-workerGroup--thread2] INFO  client.DataStreamClient (ConfUtils.java:logGet(46)) - raft.datastream.type = NETTY (custom)
2022-06-30 09:07:45,754 [s2-NettyServerStreamRpc-workerGroup--thread2] INFO  netty.NettyConfigKeys$DataStream (ConfUtils.java:logGet(46)) - raft.netty.dataStream.client.tls.conf = null (default)
2022-06-30 09:07:45,754 [s2-NettyServerStreamRpc-workerGroup--thread2] INFO  netty.NettyConfigKeys$DataStream (ConfUtils.java:logGet(46)) - raft.netty.dataStream.client.reply.queue.grace-period = 1s (default)
2022-06-30 09:07:45,754 [s2-NettyServerStreamRpc-workerGroup--thread2] INFO  netty.NettyConfigKeys$DataStream (ConfUtils.java:logGet(46)) - raft.netty.dataStream.client.worker-group.share = false (default)
2022-06-30 09:07:45,755 [s2-NettyServerStreamRpc-workerGroup--thread2] INFO  netty.NettyConfigKeys$DataStream (ConfUtils.java:logGet(46)) - raft.netty.dataStream.client.worker-group.size = 4 (default)
2022-06-30 09:07:45,756 [s1-NettyServerStreamRpc-workerGroup--thread1] INFO  client.DataStreamClient (ConfUtils.java:logGet(46)) - raft.datastream.type = NETTY (custom)
2022-06-30 09:07:45,756 [s1-NettyServerStreamRpc-workerGroup--thread1] INFO  netty.NettyConfigKeys$DataStream (ConfUtils.java:logGet(46)) - raft.netty.dataStream.client.tls.conf = null (default)
2022-06-30 09:07:45,756 [s1-NettyServerStreamRpc-workerGroup--thread1] INFO  netty.NettyConfigKeys$DataStream (ConfUtils.java:logGet(46)) - raft.netty.dataStream.client.reply.queue.grace-period = 1s (default)
2022-06-30 09:07:45,756 [s0-NettyServerStreamRpc-workerGroup--thread4] INFO  client.DataStreamClient (ConfUtils.java:logGet(46)) - raft.datastream.type = NETTY (custom)
2022-06-30 09:07:45,756 [s0-NettyServerStreamRpc-workerGroup--thread4] INFO  netty.NettyConfigKeys$DataStream (ConfUtils.java:logGet(46)) - raft.netty.dataStream.client.tls.conf = null (default)
2022-06-30 09:07:45,757 [s0-NettyServerStreamRpc-workerGroup--thread4] INFO  netty.NettyConfigKeys$DataStream (ConfUtils.java:logGet(46)) - raft.netty.dataStream.client.reply.queue.grace-period = 1s (default)
2022-06-30 09:07:45,757 [s0-NettyServerStreamRpc-workerGroup--thread4] INFO  netty.NettyConfigKeys$DataStream (ConfUtils.java:logGet(46)) - raft.netty.dataStream.client.worker-group.share = false (default)
2022-06-30 09:07:45,757 [s0-NettyServerStreamRpc-workerGroup--thread4] INFO  netty.NettyConfigKeys$DataStream (ConfUtils.java:logGet(46)) - raft.netty.dataStream.client.worker-group.size = 4 (default)
2022-06-30 09:07:45,756 [s1-NettyServerStreamRpc-workerGroup--thread1] INFO  netty.NettyConfigKeys$DataStream (ConfUtils.java:logGet(46)) - raft.netty.dataStream.client.worker-group.share = false (default)
2022-06-30 09:07:45,757 [s1-NettyServerStreamRpc-workerGroup--thread1] INFO  netty.NettyConfigKeys$DataStream (ConfUtils.java:logGet(46)) - raft.netty.dataStream.client.worker-group.size = 4 (default)
2022-06-30 09:07:45,762 [s1-NettyServerStreamRpc-bossGroup--thread1] INFO  logging.LoggingHandler (AbstractInternalLogger.java:log(148)) - [id: 0xb95077ef, L:/0.0.0.0:41415] READ: [id: 0x3d5d70b0, L:/127.0.0.1:41415 - R:/127.0.0.1:34026]
2022-06-30 09:07:45,762 [s1-NettyServerStreamRpc-bossGroup--thread1] INFO  logging.LoggingHandler (AbstractInternalLogger.java:log(148)) - [id: 0xb95077ef, L:/0.0.0.0:41415] READ COMPLETE
2022-06-30 09:07:45,764 [s0-NettyServerStreamRpc-workerGroup--thread1] INFO  client.DataStreamClient (ConfUtils.java:logGet(46)) - raft.datastream.type = NETTY (custom)
2022-06-30 09:07:45,764 [s0-NettyServerStreamRpc-workerGroup--thread1] INFO  netty.NettyConfigKeys$DataStream (ConfUtils.java:logGet(46)) - raft.netty.dataStream.client.tls.conf = null (default)
2022-06-30 09:07:45,764 [s0-NettyServerStreamRpc-workerGroup--thread1] INFO  netty.NettyConfigKeys$DataStream (ConfUtils.java:logGet(46)) - raft.netty.dataStream.client.reply.queue.grace-period = 1s (default)
2022-06-30 09:07:45,764 [s0-NettyServerStreamRpc-workerGroup--thread1] INFO  netty.NettyConfigKeys$DataStream (ConfUtils.java:logGet(46)) - raft.netty.dataStream.client.worker-group.share = false (default)
2022-06-30 09:07:45,764 [s0-NettyServerStreamRpc-workerGroup--thread1] INFO  netty.NettyConfigKeys$DataStream (ConfUtils.java:logGet(46)) - raft.netty.dataStream.client.worker-group.size = 4 (default)
2022-06-30 09:07:45,766 [s1-NettyServerStreamRpc-bossGroup--thread1] INFO  logging.LoggingHandler (AbstractInternalLogger.java:log(148)) - [id: 0xb95077ef, L:/0.0.0.0:41415] READ: [id: 0x950b0273, L:/127.0.0.1:41415 - R:/127.0.0.1:34028]
2022-06-30 09:07:45,767 [s1-NettyServerStreamRpc-bossGroup--thread1] INFO  logging.LoggingHandler (AbstractInternalLogger.java:log(148)) - [id: 0xb95077ef, L:/0.0.0.0:41415] READ COMPLETE
2022-06-30 09:07:45,768 [s0-NettyServerStreamRpc-workerGroup--thread1] INFO  client.DataStreamClient (ConfUtils.java:logGet(46)) - raft.datastream.type = NETTY (custom)
2022-06-30 09:07:45,768 [s0-NettyServerStreamRpc-workerGroup--thread1] INFO  netty.NettyConfigKeys$DataStream (ConfUtils.java:logGet(46)) - raft.netty.dataStream.client.tls.conf = null (default)
2022-06-30 09:07:45,768 [s0-NettyServerStreamRpc-workerGroup--thread1] INFO  netty.NettyConfigKeys$DataStream (ConfUtils.java:logGet(46)) - raft.netty.dataStream.client.reply.queue.grace-period = 1s (default)
2022-06-30 09:07:45,768 [s0-NettyServerStreamRpc-workerGroup--thread1] INFO  netty.NettyConfigKeys$DataStream (ConfUtils.java:logGet(46)) - raft.netty.dataStream.client.worker-group.share = false (default)
2022-06-30 09:07:45,768 [s0-NettyServerStreamRpc-workerGroup--thread1] INFO  netty.NettyConfigKeys$DataStream (ConfUtils.java:logGet(46)) - raft.netty.dataStream.client.worker-group.size = 4 (default)
2022-06-30 09:07:45,777 [s0-NettyServerStreamRpc-bossGroup--thread1] INFO  logging.LoggingHandler (AbstractInternalLogger.java:log(148)) - [id: 0xa2817bf1, L:/0.0.0.0:41947] READ: [id: 0xdb93b135, L:/127.0.0.1:41947 - R:/127.0.0.1:51462]
2022-06-30 09:07:45,777 [s0-NettyServerStreamRpc-bossGroup--thread1] INFO  logging.LoggingHandler (AbstractInternalLogger.java:log(148)) - [id: 0xa2817bf1, L:/0.0.0.0:41947] READ COMPLETE
2022-06-30 09:07:45,778 [s2-NettyServerStreamRpc-bossGroup--thread1] INFO  logging.LoggingHandler (AbstractInternalLogger.java:log(148)) - [id: 0x1fc6f367, L:/0.0.0.0:36363] READ: [id: 0x5824d423, L:/127.0.0.1:36363 - R:/127.0.0.1:38970]
2022-06-30 09:07:45,778 [s2-NettyServerStreamRpc-bossGroup--thread1] INFO  logging.LoggingHandler (AbstractInternalLogger.java:log(148)) - [id: 0x1fc6f367, L:/0.0.0.0:36363] READ COMPLETE
2022-06-30 09:07:45,782 [s0-NettyServerStreamRpc-bossGroup--thread1] INFO  logging.LoggingHandler (AbstractInternalLogger.java:log(148)) - [id: 0xa2817bf1, L:/0.0.0.0:41947] READ: [id: 0xbc7cde09, L:/127.0.0.1:41947 - R:/127.0.0.1:51466]
2022-06-30 09:07:45,783 [s0-NettyServerStreamRpc-bossGroup--thread1] INFO  logging.LoggingHandler (AbstractInternalLogger.java:log(148)) - [id: 0xa2817bf1, L:/0.0.0.0:41947] READ COMPLETE
2022-06-30 09:07:45,783 [s2-NettyServerStreamRpc-workerGroup--thread2] INFO  client.DataStreamClient (ConfUtils.java:logGet(46)) - raft.datastream.type = NETTY (custom)
2022-06-30 09:07:45,786 [s2-NettyServerStreamRpc-workerGroup--thread2] INFO  netty.NettyConfigKeys$DataStream (ConfUtils.java:logGet(46)) - raft.netty.dataStream.client.tls.conf = null (default)
2022-06-30 09:07:45,786 [s2-NettyServerStreamRpc-workerGroup--thread2] INFO  netty.NettyConfigKeys$DataStream (ConfUtils.java:logGet(46)) - raft.netty.dataStream.client.reply.queue.grace-period = 1s (default)
2022-06-30 09:07:45,787 [s2-NettyServerStreamRpc-workerGroup--thread2] INFO  netty.NettyConfigKeys$DataStream (ConfUtils.java:logGet(46)) - raft.netty.dataStream.client.worker-group.share = false (default)
2022-06-30 09:07:45,787 [s2-NettyServerStreamRpc-workerGroup--thread2] INFO  netty.NettyConfigKeys$DataStream (ConfUtils.java:logGet(46)) - raft.netty.dataStream.client.worker-group.size = 4 (default)
2022-06-30 09:07:45,789 [s1-NettyServerStreamRpc-workerGroup--thread2] INFO  client.DataStreamClient (ConfUtils.java:logGet(46)) - raft.datastream.type = NETTY (custom)
2022-06-30 09:07:45,790 [s1-NettyServerStreamRpc-workerGroup--thread2] INFO  netty.NettyConfigKeys$DataStream (ConfUtils.java:logGet(46)) - raft.netty.dataStream.client.tls.conf = null (default)
2022-06-30 09:07:45,790 [s2-NettyServerStreamRpc-bossGroup--thread1] INFO  logging.LoggingHandler (AbstractInternalLogger.java:log(148)) - [id: 0x1fc6f367, L:/0.0.0.0:36363] READ: [id: 0x9eada95b, L:/127.0.0.1:36363 - R:/127.0.0.1:38974]
2022-06-30 09:07:45,790 [s2-NettyServerStreamRpc-bossGroup--thread1] INFO  logging.LoggingHandler (AbstractInternalLogger.java:log(148)) - [id: 0x1fc6f367, L:/0.0.0.0:36363] READ COMPLETE
2022-06-30 09:07:45,790 [s1-NettyServerStreamRpc-workerGroup--thread2] INFO  netty.NettyConfigKeys$DataStream (ConfUtils.java:logGet(46)) - raft.netty.dataStream.client.reply.queue.grace-period = 1s (default)
2022-06-30 09:07:45,791 [s1-NettyServerStreamRpc-workerGroup--thread2] INFO  netty.NettyConfigKeys$DataStream (ConfUtils.java:logGet(46)) - raft.netty.dataStream.client.worker-group.share = false (default)
2022-06-30 09:07:45,791 [s1-NettyServerStreamRpc-workerGroup--thread2] INFO  netty.NettyConfigKeys$DataStream (ConfUtils.java:logGet(46)) - raft.netty.dataStream.client.worker-group.size = 4 (default)
2022-06-30 09:07:45,806 [s2-NettyServerStreamRpc-bossGroup--thread1] INFO  logging.LoggingHandler (AbstractInternalLogger.java:log(148)) - [id: 0x1fc6f367, L:/0.0.0.0:36363] READ: [id: 0xdaa4deff, L:/127.0.0.1:36363 - R:/127.0.0.1:38976]
2022-06-30 09:07:45,806 [s2-NettyServerStreamRpc-bossGroup--thread1] INFO  logging.LoggingHandler (AbstractInternalLogger.java:log(148)) - [id: 0x1fc6f367, L:/0.0.0.0:36363] READ COMPLETE
2022-06-30 09:07:45,806 [s1-NettyServerStreamRpc-workerGroup--thread1] INFO  client.DataStreamClient (ConfUtils.java:logGet(46)) - raft.datastream.type = NETTY (custom)
2022-06-30 09:07:45,806 [s1-NettyServerStreamRpc-workerGroup--thread1] INFO  netty.NettyConfigKeys$DataStream (ConfUtils.java:logGet(46)) - raft.netty.dataStream.client.tls.conf = null (default)
2022-06-30 09:07:45,806 [s1-NettyServerStreamRpc-workerGroup--thread1] INFO  netty.NettyConfigKeys$DataStream (ConfUtils.java:logGet(46)) - raft.netty.dataStream.client.reply.queue.grace-period = 1s (default)
2022-06-30 09:07:45,807 [s1-NettyServerStreamRpc-workerGroup--thread1] INFO  netty.NettyConfigKeys$DataStream (ConfUtils.java:logGet(46)) - raft.netty.dataStream.client.worker-group.share = false (default)
2022-06-30 09:07:45,807 [s1-NettyServerStreamRpc-workerGroup--thread1] INFO  netty.NettyConfigKeys$DataStream (ConfUtils.java:logGet(46)) - raft.netty.dataStream.client.worker-group.size = 4 (default)
2022-06-30 09:07:45,808 [s0-NettyServerStreamRpc-bossGroup--thread1] INFO  logging.LoggingHandler (AbstractInternalLogger.java:log(148)) - [id: 0xa2817bf1, L:/0.0.0.0:41947] READ: [id: 0x952efa4b, L:/127.0.0.1:41947 - R:/127.0.0.1:51472]
2022-06-30 09:07:45,808 [s0-NettyServerStreamRpc-bossGroup--thread1] INFO  logging.LoggingHandler (AbstractInternalLogger.java:log(148)) - [id: 0xa2817bf1, L:/0.0.0.0:41947] READ COMPLETE
2022-06-30 09:07:45,837 [s1-NettyServerStreamRpc-bossGroup--thread1] INFO  logging.LoggingHandler (AbstractInternalLogger.java:log(148)) - [id: 0xb95077ef, L:/0.0.0.0:41415] READ: [id: 0x1d55215a, L:/127.0.0.1:41415 - R:/127.0.0.1:34042]
2022-06-30 09:07:45,838 [s1-NettyServerStreamRpc-bossGroup--thread1] INFO  logging.LoggingHandler (AbstractInternalLogger.java:log(148)) - [id: 0xb95077ef, L:/0.0.0.0:41415] READ COMPLETE
2022-06-30 09:07:45,845 [s0-NettyServerStreamRpc-workerGroup--thread3] INFO  client.DataStreamClient (ConfUtils.java:logGet(46)) - raft.datastream.type = NETTY (custom)
2022-06-30 09:07:45,845 [s0-NettyServerStreamRpc-workerGroup--thread3] INFO  netty.NettyConfigKeys$DataStream (ConfUtils.java:logGet(46)) - raft.netty.dataStream.client.tls.conf = null (default)
2022-06-30 09:07:45,845 [s0-NettyServerStreamRpc-workerGroup--thread3] INFO  netty.NettyConfigKeys$DataStream (ConfUtils.java:logGet(46)) - raft.netty.dataStream.client.reply.queue.grace-period = 1s (default)
2022-06-30 09:07:45,846 [s0-NettyServerStreamRpc-workerGroup--thread3] INFO  netty.NettyConfigKeys$DataStream (ConfUtils.java:logGet(46)) - raft.netty.dataStream.client.worker-group.share = false (default)
2022-06-30 09:07:45,851 [s0-NettyServerStreamRpc-workerGroup--thread2] INFO  client.DataStreamClient (ConfUtils.java:logGet(46)) - raft.datastream.type = NETTY (custom)
2022-06-30 09:07:45,851 [s0-NettyServerStreamRpc-workerGroup--thread2] INFO  netty.NettyConfigKeys$DataStream (ConfUtils.java:logGet(46)) - raft.netty.dataStream.client.tls.conf = null (default)
2022-06-30 09:07:45,851 [s0-NettyServerStreamRpc-workerGroup--thread2] INFO  netty.NettyConfigKeys$DataStream (ConfUtils.java:logGet(46)) - raft.netty.dataStream.client.reply.queue.grace-period = 1s (default)
2022-06-30 09:07:45,851 [s0-NettyServerStreamRpc-workerGroup--thread2] INFO  netty.NettyConfigKeys$DataStream (ConfUtils.java:logGet(46)) - raft.netty.dataStream.client.worker-group.share = false (default)
2022-06-30 09:07:45,851 [s0-NettyServerStreamRpc-workerGroup--thread2] INFO  netty.NettyConfigKeys$DataStream (ConfUtils.java:logGet(46)) - raft.netty.dataStream.client.worker-group.size = 4 (default)
2022-06-30 09:07:45,852 [s0-NettyServerStreamRpc-workerGroup--thread3] INFO  netty.NettyConfigKeys$DataStream (ConfUtils.java:logGet(46)) - raft.netty.dataStream.client.worker-group.size = 4 (default)
2022-06-30 09:07:45,865 [s0-NettyServerStreamRpc-bossGroup--thread1] INFO  logging.LoggingHandler (AbstractInternalLogger.java:log(148)) - [id: 0xa2817bf1, L:/0.0.0.0:41947] READ: [id: 0xa1310c51, L:/127.0.0.1:41947 - R:/127.0.0.1:51476]
2022-06-30 09:07:45,865 [s0-NettyServerStreamRpc-bossGroup--thread1] INFO  logging.LoggingHandler (AbstractInternalLogger.java:log(148)) - [id: 0xa2817bf1, L:/0.0.0.0:41947] READ COMPLETE
2022-06-30 09:07:45,865 [s1-NettyServerStreamRpc-workerGroup--thread1] INFO  client.DataStreamClient (ConfUtils.java:logGet(46)) - raft.datastream.type = NETTY (custom)
2022-06-30 09:07:45,865 [s1-NettyServerStreamRpc-workerGroup--thread1] INFO  netty.NettyConfigKeys$DataStream (ConfUtils.java:logGet(46)) - raft.netty.dataStream.client.tls.conf = null (default)
2022-06-30 09:07:45,865 [s1-NettyServerStreamRpc-workerGroup--thread1] INFO  netty.NettyConfigKeys$DataStream (ConfUtils.java:logGet(46)) - raft.netty.dataStream.client.reply.queue.grace-period = 1s (default)
2022-06-30 09:07:45,866 [s1-NettyServerStreamRpc-workerGroup--thread1] INFO  netty.NettyConfigKeys$DataStream (ConfUtils.java:logGet(46)) - raft.netty.dataStream.client.worker-group.share = false (default)
2022-06-30 09:07:45,866 [s1-NettyServerStreamRpc-workerGroup--thread1] INFO  netty.NettyConfigKeys$DataStream (ConfUtils.java:logGet(46)) - raft.netty.dataStream.client.worker-group.size = 4 (default)
2022-06-30 09:07:45,871 [s2-NettyServerStreamRpc-bossGroup--thread1] INFO  logging.LoggingHandler (AbstractInternalLogger.java:log(148)) - [id: 0x1fc6f367, L:/0.0.0.0:36363] READ: [id: 0xe2a2c04e, L:/127.0.0.1:36363 - R:/127.0.0.1:38984]
2022-06-30 09:07:45,872 [s2-NettyServerStreamRpc-bossGroup--thread1] INFO  logging.LoggingHandler (AbstractInternalLogger.java:log(148)) - [id: 0x1fc6f367, L:/0.0.0.0:36363] READ COMPLETE
2022-06-30 09:07:45,872 [s0-NettyServerStreamRpc-workerGroup--thread2] INFO  client.DataStreamClient (ConfUtils.java:logGet(46)) - raft.datastream.type = NETTY (custom)
2022-06-30 09:07:45,872 [s0-NettyServerStreamRpc-workerGroup--thread2] INFO  netty.NettyConfigKeys$DataStream (ConfUtils.java:logGet(46)) - raft.netty.dataStream.client.tls.conf = null (default)
2022-06-30 09:07:45,872 [s0-NettyServerStreamRpc-workerGroup--thread2] INFO  netty.NettyConfigKeys$DataStream (ConfUtils.java:logGet(46)) - raft.netty.dataStream.client.reply.queue.grace-period = 1s (default)
2022-06-30 09:07:45,873 [s0-NettyServerStreamRpc-workerGroup--thread2] INFO  netty.NettyConfigKeys$DataStream (ConfUtils.java:logGet(46)) - raft.netty.dataStream.client.worker-group.share = false (default)
2022-06-30 09:07:45,873 [s0-NettyServerStreamRpc-workerGroup--thread2] INFO  netty.NettyConfigKeys$DataStream (ConfUtils.java:logGet(46)) - raft.netty.dataStream.client.worker-group.size = 4 (default)
2022-06-30 09:07:45,873 [s2-NettyServerStreamRpc-bossGroup--thread1] INFO  logging.LoggingHandler (AbstractInternalLogger.java:log(148)) - [id: 0x1fc6f367, L:/0.0.0.0:36363] READ: [id: 0xc8225ea8, L:/127.0.0.1:36363 - R:/127.0.0.1:38986]
2022-06-30 09:07:45,874 [s2-NettyServerStreamRpc-bossGroup--thread1] INFO  logging.LoggingHandler (AbstractInternalLogger.java:log(148)) - [id: 0x1fc6f367, L:/0.0.0.0:36363] READ COMPLETE
2022-06-30 09:07:45,874 [s0-NettyServerStreamRpc-workerGroup--thread3] INFO  client.DataStreamClient (ConfUtils.java:logGet(46)) - raft.datastream.type = NETTY (custom)
2022-06-30 09:07:45,874 [s0-NettyServerStreamRpc-workerGroup--thread3] INFO  netty.NettyConfigKeys$DataStream (ConfUtils.java:logGet(46)) - raft.netty.dataStream.client.tls.conf = null (default)
2022-06-30 09:07:45,874 [s0-NettyServerStreamRpc-workerGroup--thread3] INFO  netty.NettyConfigKeys$DataStream (ConfUtils.java:logGet(46)) - raft.netty.dataStream.client.reply.queue.grace-period = 1s (default)
2022-06-30 09:07:45,874 [s0-NettyServerStreamRpc-workerGroup--thread3] INFO  netty.NettyConfigKeys$DataStream (ConfUtils.java:logGet(46)) - raft.netty.dataStream.client.worker-group.share = false (default)
2022-06-30 09:07:45,875 [s0-NettyServerStreamRpc-workerGroup--thread3] INFO  netty.NettyConfigKeys$DataStream (ConfUtils.java:logGet(46)) - raft.netty.dataStream.client.worker-group.size = 4 (default)
2022-06-30 09:07:45,883 [s0-NettyServerStreamRpc-workerGroup--thread1] INFO  client.DataStreamClient (ConfUtils.java:logGet(46)) - raft.datastream.type = NETTY (custom)
2022-06-30 09:07:45,883 [s0-NettyServerStreamRpc-workerGroup--thread1] INFO  netty.NettyConfigKeys$DataStream (ConfUtils.java:logGet(46)) - raft.netty.dataStream.client.tls.conf = null (default)
2022-06-30 09:07:45,883 [s0-NettyServerStreamRpc-workerGroup--thread1] INFO  netty.NettyConfigKeys$DataStream (ConfUtils.java:logGet(46)) - raft.netty.dataStream.client.reply.queue.grace-period = 1s (default)
2022-06-30 09:07:45,884 [s0-NettyServerStreamRpc-workerGroup--thread1] INFO  netty.NettyConfigKeys$DataStream (ConfUtils.java:logGet(46)) - raft.netty.dataStream.client.worker-group.share = false (default)
2022-06-30 09:07:45,884 [s0-NettyServerStreamRpc-workerGroup--thread1] INFO  netty.NettyConfigKeys$DataStream (ConfUtils.java:logGet(46)) - raft.netty.dataStream.client.worker-group.size = 4 (default)
2022-06-30 09:07:45,895 [s0-NettyServerStreamRpc-bossGroup--thread1] INFO  logging.LoggingHandler (AbstractInternalLogger.java:log(148)) - [id: 0xa2817bf1, L:/0.0.0.0:41947] READ: [id: 0xa265d101, L:/127.0.0.1:41947 - R:/127.0.0.1:51482]
2022-06-30 09:07:45,895 [s0-NettyServerStreamRpc-bossGroup--thread1] INFO  logging.LoggingHandler (AbstractInternalLogger.java:log(148)) - [id: 0xa2817bf1, L:/0.0.0.0:41947] READ COMPLETE
2022-06-30 09:07:45,895 [s2-NettyServerStreamRpc-bossGroup--thread1] INFO  logging.LoggingHandler (AbstractInternalLogger.java:log(148)) - [id: 0x1fc6f367, L:/0.0.0.0:36363] READ: [id: 0xcb9afe02, L:/127.0.0.1:36363 - R:/127.0.0.1:38988]
2022-06-30 09:07:45,896 [s1-NettyServerStreamRpc-workerGroup--thread1] INFO  client.DataStreamClient (ConfUtils.java:logGet(46)) - raft.datastream.type = NETTY (custom)
2022-06-30 09:07:45,896 [s1-NettyServerStreamRpc-workerGroup--thread1] INFO  netty.NettyConfigKeys$DataStream (ConfUtils.java:logGet(46)) - raft.netty.dataStream.client.tls.conf = null (default)
2022-06-30 09:07:45,896 [s1-NettyServerStreamRpc-workerGroup--thread1] INFO  netty.NettyConfigKeys$DataStream (ConfUtils.java:logGet(46)) - raft.netty.dataStream.client.reply.queue.grace-period = 1s (default)
2022-06-30 09:07:45,896 [s1-NettyServerStreamRpc-workerGroup--thread1] INFO  netty.NettyConfigKeys$DataStream (ConfUtils.java:logGet(46)) - raft.netty.dataStream.client.worker-group.share = false (default)
2022-06-30 09:07:45,896 [s1-NettyServerStreamRpc-workerGroup--thread1] INFO  netty.NettyConfigKeys$DataStream (ConfUtils.java:logGet(46)) - raft.netty.dataStream.client.worker-group.size = 4 (default)
2022-06-30 09:07:45,896 [s2-NettyServerStreamRpc-bossGroup--thread1] INFO  logging.LoggingHandler (AbstractInternalLogger.java:log(148)) - [id: 0x1fc6f367, L:/0.0.0.0:36363] READ COMPLETE
2022-06-30 09:07:45,900 [s0-NettyServerStreamRpc-bossGroup--thread1] INFO  logging.LoggingHandler (AbstractInternalLogger.java:log(148)) - [id: 0xa2817bf1, L:/0.0.0.0:41947] READ: [id: 0x79fc9288, L:/127.0.0.1:41947 - R:/127.0.0.1:51486]
2022-06-30 09:07:45,900 [s0-NettyServerStreamRpc-bossGroup--thread1] INFO  logging.LoggingHandler (AbstractInternalLogger.java:log(148)) - [id: 0xa2817bf1, L:/0.0.0.0:41947] READ COMPLETE
2022-06-30 09:07:45,901 [s1-NettyServerStreamRpc-workerGroup--thread1] INFO  client.DataStreamClient (ConfUtils.java:logGet(46)) - raft.datastream.type = NETTY (custom)
2022-06-30 09:07:45,901 [s1-NettyServerStreamRpc-workerGroup--thread1] INFO  netty.NettyConfigKeys$DataStream (ConfUtils.java:logGet(46)) - raft.netty.dataStream.client.tls.conf = null (default)
2022-06-30 09:07:45,901 [s1-NettyServerStreamRpc-workerGroup--thread1] INFO  netty.NettyConfigKeys$DataStream (ConfUtils.java:logGet(46)) - raft.netty.dataStream.client.reply.queue.grace-period = 1s (default)
2022-06-30 09:07:45,901 [s1-NettyServerStreamRpc-workerGroup--thread1] INFO  netty.NettyConfigKeys$DataStream (ConfUtils.java:logGet(46)) - raft.netty.dataStream.client.worker-group.share = false (default)
2022-06-30 09:07:45,902 [s1-NettyServerStreamRpc-workerGroup--thread1] INFO  netty.NettyConfigKeys$DataStream (ConfUtils.java:logGet(46)) - raft.netty.dataStream.client.worker-group.size = 4 (default)
2022-06-30 09:07:45,904 [s2-NettyServerStreamRpc-bossGroup--thread1] INFO  logging.LoggingHandler (AbstractInternalLogger.java:log(148)) - [id: 0x1fc6f367, L:/0.0.0.0:36363] READ: [id: 0x76eb7862, L:/127.0.0.1:36363 - R:/127.0.0.1:38994]
2022-06-30 09:07:45,904 [s2-NettyServerStreamRpc-bossGroup--thread1] INFO  logging.LoggingHandler (AbstractInternalLogger.java:log(148)) - [id: 0x1fc6f367, L:/0.0.0.0:36363] READ COMPLETE
2022-06-30 09:07:45,905 [s0-NettyServerStreamRpc-workerGroup--thread3] INFO  client.DataStreamClient (ConfUtils.java:logGet(46)) - raft.datastream.type = NETTY (custom)
2022-06-30 09:07:45,905 [s0-NettyServerStreamRpc-workerGroup--thread3] INFO  netty.NettyConfigKeys$DataStream (ConfUtils.java:logGet(46)) - raft.netty.dataStream.client.tls.conf = null (default)
2022-06-30 09:07:45,905 [s0-NettyServerStreamRpc-workerGroup--thread3] INFO  netty.NettyConfigKeys$DataStream (ConfUtils.java:logGet(46)) - raft.netty.dataStream.client.reply.queue.grace-period = 1s (default)
2022-06-30 09:07:45,906 [s0-NettyServerStreamRpc-workerGroup--thread3] INFO  netty.NettyConfigKeys$DataStream (ConfUtils.java:logGet(46)) - raft.netty.dataStream.client.worker-group.share = false (default)
2022-06-30 09:07:45,906 [s0-NettyServerStreamRpc-workerGroup--thread3] INFO  netty.NettyConfigKeys$DataStream (ConfUtils.java:logGet(46)) - raft.netty.dataStream.client.worker-group.size = 4 (default)
2022-06-30 09:07:45,920 [s2-NettyServerStreamRpc-bossGroup--thread1] INFO  logging.LoggingHandler (AbstractInternalLogger.java:log(148)) - [id: 0x1fc6f367, L:/0.0.0.0:36363] READ: [id: 0xe2996b4a, L:/127.0.0.1:36363 - R:/127.0.0.1:38996]
2022-06-30 09:07:45,920 [s2-NettyServerStreamRpc-bossGroup--thread1] INFO  logging.LoggingHandler (AbstractInternalLogger.java:log(148)) - [id: 0x1fc6f367, L:/0.0.0.0:36363] READ COMPLETE
2022-06-30 09:07:45,930 [s2-NettyServerStreamRpc-bossGroup--thread1] INFO  logging.LoggingHandler (AbstractInternalLogger.java:log(148)) - [id: 0x1fc6f367, L:/0.0.0.0:36363] READ: [id: 0x6ed969ca, L:/127.0.0.1:36363 - R:/127.0.0.1:38998]
2022-06-30 09:07:45,930 [s2-NettyServerStreamRpc-bossGroup--thread1] INFO  logging.LoggingHandler (AbstractInternalLogger.java:log(148)) - [id: 0x1fc6f367, L:/0.0.0.0:36363] READ COMPLETE
2022-06-30 09:07:45,942 [s1-NettyServerStreamRpc-workerGroup--thread1] INFO  client.DataStreamClient (ConfUtils.java:logGet(46)) - raft.datastream.type = NETTY (custom)
2022-06-30 09:07:45,942 [s1-NettyServerStreamRpc-workerGroup--thread1] INFO  netty.NettyConfigKeys$DataStream (ConfUtils.java:logGet(46)) - raft.netty.dataStream.client.tls.conf = null (default)
2022-06-30 09:07:45,942 [s1-NettyServerStreamRpc-workerGroup--thread1] INFO  netty.NettyConfigKeys$DataStream (ConfUtils.java:logGet(46)) - raft.netty.dataStream.client.reply.queue.grace-period = 1s (default)
2022-06-30 09:07:45,942 [s1-NettyServerStreamRpc-workerGroup--thread1] INFO  netty.NettyConfigKeys$DataStream (ConfUtils.java:logGet(46)) - raft.netty.dataStream.client.worker-group.share = false (default)
2022-06-30 09:07:45,943 [s1-NettyServerStreamRpc-workerGroup--thread1] INFO  netty.NettyConfigKeys$DataStream (ConfUtils.java:logGet(46)) - raft.netty.dataStream.client.worker-group.size = 4 (default)
2022-06-30 09:07:45,950 [s2-NettyServerStreamRpc-bossGroup--thread1] INFO  logging.LoggingHandler (AbstractInternalLogger.java:log(148)) - [id: 0x1fc6f367, L:/0.0.0.0:36363] READ: [id: 0x62eb30b9, L:/127.0.0.1:36363 - R:/127.0.0.1:39000]
2022-06-30 09:07:45,950 [s2-NettyServerStreamRpc-bossGroup--thread1] INFO  logging.LoggingHandler (AbstractInternalLogger.java:log(148)) - [id: 0x1fc6f367, L:/0.0.0.0:36363] READ COMPLETE
2022-06-30 09:07:45,951 [s0-NettyServerStreamRpc-workerGroup--thread2] INFO  client.DataStreamClient (ConfUtils.java:logGet(46)) - raft.datastream.type = NETTY (custom)
2022-06-30 09:07:45,951 [s0-NettyServerStreamRpc-workerGroup--thread2] INFO  netty.NettyConfigKeys$DataStream (ConfUtils.java:logGet(46)) - raft.netty.dataStream.client.tls.conf = null (default)
2022-06-30 09:07:45,951 [s0-NettyServerStreamRpc-workerGroup--thread2] INFO  netty.NettyConfigKeys$DataStream (ConfUtils.java:logGet(46)) - raft.netty.dataStream.client.reply.queue.grace-period = 1s (default)
2022-06-30 09:07:45,952 [s0-NettyServerStreamRpc-workerGroup--thread2] INFO  netty.NettyConfigKeys$DataStream (ConfUtils.java:logGet(46)) - raft.netty.dataStream.client.worker-group.share = false (default)
2022-06-30 09:07:45,952 [s0-NettyServerStreamRpc-workerGroup--thread2] INFO  netty.NettyConfigKeys$DataStream (ConfUtils.java:logGet(46)) - raft.netty.dataStream.client.worker-group.size = 4 (default)
2022-06-30 09:07:45,953 [s2-NettyServerStreamRpc-bossGroup--thread1] INFO  logging.LoggingHandler (AbstractInternalLogger.java:log(148)) - [id: 0x1fc6f367, L:/0.0.0.0:36363] READ: [id: 0x88f10f6a, L:/127.0.0.1:36363 - R:/127.0.0.1:39002]
2022-06-30 09:07:45,953 [s2-NettyServerStreamRpc-bossGroup--thread1] INFO  logging.LoggingHandler (AbstractInternalLogger.java:log(148)) - [id: 0x1fc6f367, L:/0.0.0.0:36363] READ COMPLETE
2022-06-30 09:07:45,954 [s1-NettyServerStreamRpc-workerGroup--thread3] INFO  client.DataStreamClient (ConfUtils.java:logGet(46)) - raft.datastream.type = NETTY (custom)
2022-06-30 09:07:45,954 [s1-NettyServerStreamRpc-workerGroup--thread3] INFO  netty.NettyConfigKeys$DataStream (ConfUtils.java:logGet(46)) - raft.netty.dataStream.client.tls.conf = null (default)
2022-06-30 09:07:45,954 [s1-NettyServerStreamRpc-workerGroup--thread3] INFO  netty.NettyConfigKeys$DataStream (ConfUtils.java:logGet(46)) - raft.netty.dataStream.client.reply.queue.grace-period = 1s (default)
2022-06-30 09:07:45,954 [s1-NettyServerStreamRpc-workerGroup--thread3] INFO  netty.NettyConfigKeys$DataStream (ConfUtils.java:logGet(46)) - raft.netty.dataStream.client.worker-group.share = false (default)
2022-06-30 09:07:45,954 [s1-NettyServerStreamRpc-workerGroup--thread3] INFO  netty.NettyConfigKeys$DataStream (ConfUtils.java:logGet(46)) - raft.netty.dataStream.client.worker-group.size = 4 (default)
2022-06-30 09:07:45,956 [s2-NettyServerStreamRpc-bossGroup--thread1] INFO  logging.LoggingHandler (AbstractInternalLogger.java:log(148)) - [id: 0x1fc6f367, L:/0.0.0.0:36363] READ: [id: 0x420aef69, L:/127.0.0.1:36363 - R:/127.0.0.1:39004]
2022-06-30 09:07:45,957 [s2-NettyServerStreamRpc-bossGroup--thread1] INFO  logging.LoggingHandler (AbstractInternalLogger.java:log(148)) - [id: 0x1fc6f367, L:/0.0.0.0:36363] READ COMPLETE
2022-06-30 09:07:45,962 [s2-NettyServerStreamRpc-bossGroup--thread1] INFO  logging.LoggingHandler (AbstractInternalLogger.java:log(148)) - [id: 0x1fc6f367, L:/0.0.0.0:36363] READ: [id: 0x3434ecb4, L:/127.0.0.1:36363 - R:/127.0.0.1:39006]
2022-06-30 09:07:45,962 [s2-NettyServerStreamRpc-bossGroup--thread1] INFO  logging.LoggingHandler (AbstractInternalLogger.java:log(148)) - [id: 0x1fc6f367, L:/0.0.0.0:36363] READ COMPLETE
2022-06-30 09:07:46,463 [pool-9-thread-15] INFO  datastream.DataStreamTestUtils (DataStreamTestUtils.java:writeAndCloseAndAssertReplies(320)) - Stream383: bytesWritten=7329842
2022-06-30 09:07:46,474 [pool-9-thread-10] INFO  datastream.DataStreamTestUtils (DataStreamTestUtils.java:writeAndCloseAndAssertReplies(320)) - Stream376: bytesWritten=7590645
2022-06-30 09:07:46,492 [pool-9-thread-16] INFO  datastream.DataStreamTestUtils (DataStreamTestUtils.java:writeAndCloseAndAssertReplies(320)) - Stream382: bytesWritten=7010368
2022-06-30 09:07:46,514 [pool-9-thread-12] INFO  datastream.DataStreamTestUtils (DataStreamTestUtils.java:writeAndCloseAndAssertReplies(320)) - Stream378: bytesWritten=7705438
2022-06-30 09:07:46,532 [pool-9-thread-13] INFO  datastream.DataStreamTestUtils (DataStreamTestUtils.java:writeAndCloseAndAssertReplies(320)) - Stream379: bytesWritten=7498261
2022-06-30 09:07:46,546 [pool-9-thread-11] INFO  datastream.DataStreamTestUtils (DataStreamTestUtils.java:writeAndCloseAndAssertReplies(320)) - Stream377: bytesWritten=7058115
2022-06-30 09:07:46,561 [s0-client-thread2] INFO  statemachine.StateMachine (DataStreamTestUtils.java:link(157)) - link SingleDataStream: writeRequest=RaftClientRequest:client-DAA96E245983->s2@group-1EAC51517DF7, cid=383, seq=0, DataStream, Message:<EMPTY>, logEntry=null
2022-06-30 09:07:46,567 [s2-server-thread1] INFO  statemachine.StateMachine (DataStreamTestUtils.java:link(157)) - link SingleDataStream: writeRequest=RaftClientRequest:client-DAA96E245983->s2@group-1EAC51517DF7, cid=383, seq=0, DataStream, Message:<EMPTY>, logEntry=null
2022-06-30 09:07:46,567 [s1-server-thread1] INFO  statemachine.StateMachine (DataStreamTestUtils.java:link(157)) - link SingleDataStream: writeRequest=RaftClientRequest:client-DAA96E245983->s2@group-1EAC51517DF7, cid=383, seq=0, DataStream, Message:<EMPTY>, logEntry=null
2022-06-30 09:07:46,575 [s0-client-thread1] INFO  statemachine.StateMachine (DataStreamTestUtils.java:link(157)) - link SingleDataStream: writeRequest=RaftClientRequest:client-3725F90E83C2->s1@group-1EAC51517DF7, cid=382, seq=0, DataStream, Message:<EMPTY>, logEntry=null
2022-06-30 09:07:46,577 [s1-server-thread1] INFO  statemachine.StateMachine (DataStreamTestUtils.java:link(157)) - link SingleDataStream: writeRequest=RaftClientRequest:client-3725F90E83C2->s1@group-1EAC51517DF7, cid=382, seq=0, DataStream, Message:<EMPTY>, logEntry=null
2022-06-30 09:07:46,577 [s2-server-thread1] INFO  statemachine.StateMachine (DataStreamTestUtils.java:link(157)) - link SingleDataStream: writeRequest=RaftClientRequest:client-3725F90E83C2->s1@group-1EAC51517DF7, cid=382, seq=0, DataStream, Message:<EMPTY>, logEntry=null
2022-06-30 09:07:46,588 [pool-9-thread-15] INFO  datastream.DataStreamTestUtils (DataStreamTestUtils.java:writeAndCloseAndAssertReplies(311)) - start Stream384
2022-06-30 09:07:46,589 [s0-client-thread1] INFO  statemachine.StateMachine (DataStreamTestUtils.java:link(157)) - link SingleDataStream: writeRequest=RaftClientRequest:client-9D696E9A735E->s2@group-1EAC51517DF7, cid=376, seq=0, DataStream, Message:<EMPTY>, logEntry=null
2022-06-30 09:07:46,590 [pool-9-thread-16] INFO  datastream.DataStreamTestUtils (DataStreamTestUtils.java:writeAndCloseAndAssertReplies(311)) - start Stream385
2022-06-30 09:07:46,595 [s0-client-thread1] INFO  statemachine.StateMachine (DataStreamTestUtils.java:link(157)) - link SingleDataStream: writeRequest=RaftClientRequest:client-9D696E9A735E->s2@group-1EAC51517DF7, cid=378, seq=0, DataStream, Message:<EMPTY>, logEntry=null
2022-06-30 09:07:46,595 [s2-server-thread1] INFO  statemachine.StateMachine (DataStreamTestUtils.java:link(157)) - link SingleDataStream: writeRequest=RaftClientRequest:client-9D696E9A735E->s2@group-1EAC51517DF7, cid=376, seq=0, DataStream, Message:<EMPTY>, logEntry=null
2022-06-30 09:07:46,604 [s1-server-thread1] INFO  statemachine.StateMachine (DataStreamTestUtils.java:link(157)) - link SingleDataStream: writeRequest=RaftClientRequest:client-9D696E9A735E->s2@group-1EAC51517DF7, cid=376, seq=0, DataStream, Message:<EMPTY>, logEntry=null
2022-06-30 09:07:46,604 [s0-client-thread1] INFO  statemachine.StateMachine (DataStreamTestUtils.java:link(157)) - link SingleDataStream: writeRequest=RaftClientRequest:client-9D696E9A735E->s2@group-1EAC51517DF7, cid=379, seq=0, DataStream, Message:<EMPTY>, logEntry=null
2022-06-30 09:07:46,606 [s0-client-thread1] INFO  statemachine.StateMachine (DataStreamTestUtils.java:link(157)) - link SingleDataStream: writeRequest=RaftClientRequest:client-9D696E9A735E->s2@group-1EAC51517DF7, cid=377, seq=0, DataStream, Message:<EMPTY>, logEntry=null
2022-06-30 09:07:46,607 [s2-server-thread1] INFO  statemachine.StateMachine (DataStreamTestUtils.java:link(157)) - link SingleDataStream: writeRequest=RaftClientRequest:client-9D696E9A735E->s2@group-1EAC51517DF7, cid=378, seq=0, DataStream, Message:<EMPTY>, logEntry=null
2022-06-30 09:07:46,607 [s1-server-thread1] INFO  statemachine.StateMachine (DataStreamTestUtils.java:link(157)) - link SingleDataStream: writeRequest=RaftClientRequest:client-9D696E9A735E->s2@group-1EAC51517DF7, cid=378, seq=0, DataStream, Message:<EMPTY>, logEntry=null
2022-06-30 09:07:46,609 [s2-server-thread1] INFO  statemachine.StateMachine (DataStreamTestUtils.java:link(157)) - link SingleDataStream: writeRequest=RaftClientRequest:client-9D696E9A735E->s2@group-1EAC51517DF7, cid=379, seq=0, DataStream, Message:<EMPTY>, logEntry=null
2022-06-30 09:07:46,610 [s1-server-thread1] INFO  statemachine.StateMachine (DataStreamTestUtils.java:link(157)) - link SingleDataStream: writeRequest=RaftClientRequest:client-9D696E9A735E->s2@group-1EAC51517DF7, cid=379, seq=0, DataStream, Message:<EMPTY>, logEntry=null
2022-06-30 09:07:46,611 [s2-server-thread1] INFO  statemachine.StateMachine (DataStreamTestUtils.java:link(157)) - link SingleDataStream: writeRequest=RaftClientRequest:client-9D696E9A735E->s2@group-1EAC51517DF7, cid=377, seq=0, DataStream, Message:<EMPTY>, logEntry=null
2022-06-30 09:07:46,615 [s1-server-thread1] INFO  statemachine.StateMachine (DataStreamTestUtils.java:link(157)) - link SingleDataStream: writeRequest=RaftClientRequest:client-9D696E9A735E->s2@group-1EAC51517DF7, cid=377, seq=0, DataStream, Message:<EMPTY>, logEntry=null
2022-06-30 09:07:46,677 [pool-9-thread-10] INFO  datastream.DataStreamTestUtils (DataStreamTestUtils.java:writeAndCloseAndAssertReplies(311)) - start Stream386
2022-06-30 09:07:46,716 [pool-9-thread-12] INFO  datastream.DataStreamTestUtils (DataStreamTestUtils.java:writeAndCloseAndAssertReplies(311)) - start Stream387
2022-06-30 09:07:46,719 [pool-9-thread-11] INFO  datastream.DataStreamTestUtils (DataStreamTestUtils.java:writeAndCloseAndAssertReplies(311)) - start Stream388
2022-06-30 09:07:46,726 [pool-9-thread-13] INFO  datastream.DataStreamTestUtils (DataStreamTestUtils.java:writeAndCloseAndAssertReplies(311)) - start Stream389
2022-06-30 09:07:46,842 [pool-9-thread-15] INFO  datastream.DataStreamTestUtils (DataStreamTestUtils.java:writeAndCloseAndAssertReplies(320)) - Stream384: bytesWritten=7510778
2022-06-30 09:07:46,964 [pool-9-thread-16] INFO  datastream.DataStreamTestUtils (DataStreamTestUtils.java:writeAndCloseAndAssertReplies(320)) - Stream385: bytesWritten=7879869
2022-06-30 09:07:47,077 [s0-client-thread1] INFO  statemachine.StateMachine (DataStreamTestUtils.java:link(157)) - link SingleDataStream: writeRequest=RaftClientRequest:client-5EAF4E226286->s0@group-1EAC51517DF7, cid=384, seq=0, DataStream, Message:<EMPTY>, logEntry=null
2022-06-30 09:07:47,092 [s0-client-thread1] INFO  statemachine.StateMachine (DataStreamTestUtils.java:link(157)) - link SingleDataStream: writeRequest=RaftClientRequest:client-5EAF4E226286->s0@group-1EAC51517DF7, cid=385, seq=0, DataStream, Message:<EMPTY>, logEntry=null
2022-06-30 09:07:47,102 [s2-server-thread1] INFO  statemachine.StateMachine (DataStreamTestUtils.java:link(157)) - link SingleDataStream: writeRequest=RaftClientRequest:client-5EAF4E226286->s0@group-1EAC51517DF7, cid=384, seq=0, DataStream, Message:<EMPTY>, logEntry=null
2022-06-30 09:07:47,103 [s1-server-thread1] INFO  statemachine.StateMachine (DataStreamTestUtils.java:link(157)) - link SingleDataStream: writeRequest=RaftClientRequest:client-5EAF4E226286->s0@group-1EAC51517DF7, cid=384, seq=0, DataStream, Message:<EMPTY>, logEntry=null
2022-06-30 09:07:47,103 [s1-server-thread1] INFO  statemachine.StateMachine (DataStreamTestUtils.java:link(157)) - link SingleDataStream: writeRequest=RaftClientRequest:client-5EAF4E226286->s0@group-1EAC51517DF7, cid=385, seq=0, DataStream, Message:<EMPTY>, logEntry=null
2022-06-30 09:07:47,104 [s2-server-thread1] INFO  statemachine.StateMachine (DataStreamTestUtils.java:link(157)) - link SingleDataStream: writeRequest=RaftClientRequest:client-5EAF4E226286->s0@group-1EAC51517DF7, cid=385, seq=0, DataStream, Message:<EMPTY>, logEntry=null
2022-06-30 09:07:47,117 [pool-9-thread-16] INFO  datastream.DataStreamTestUtils (DataStreamTestUtils.java:writeAndCloseAndAssertReplies(311)) - start Stream390
2022-06-30 09:07:47,167 [pool-9-thread-15] INFO  datastream.DataStreamTestUtils (DataStreamTestUtils.java:writeAndCloseAndAssertReplies(311)) - start Stream391
2022-06-30 09:07:47,168 [pool-9-thread-11] INFO  datastream.DataStreamTestUtils (DataStreamTestUtils.java:writeAndCloseAndAssertReplies(320)) - Stream388: bytesWritten=7423477
2022-06-30 09:07:47,171 [pool-9-thread-13] INFO  datastream.DataStreamTestUtils (DataStreamTestUtils.java:writeAndCloseAndAssertReplies(320)) - Stream389: bytesWritten=8195924
2022-06-30 09:07:47,171 [pool-9-thread-12] INFO  datastream.DataStreamTestUtils (DataStreamTestUtils.java:writeAndCloseAndAssertReplies(320)) - Stream387: bytesWritten=7235753
2022-06-30 09:07:47,182 [s0-client-thread1] INFO  statemachine.StateMachine (DataStreamTestUtils.java:link(157)) - link SingleDataStream: writeRequest=RaftClientRequest:client-5EAF4E226286->s0@group-1EAC51517DF7, cid=388, seq=0, DataStream, Message:<EMPTY>, logEntry=null
2022-06-30 09:07:47,184 [s1-server-thread1] INFO  statemachine.StateMachine (DataStreamTestUtils.java:link(157)) - link SingleDataStream: writeRequest=RaftClientRequest:client-5EAF4E226286->s0@group-1EAC51517DF7, cid=388, seq=0, DataStream, Message:<EMPTY>, logEntry=null
2022-06-30 09:07:47,208 [s0-client-thread1] INFO  statemachine.StateMachine (DataStreamTestUtils.java:link(157)) - link SingleDataStream: writeRequest=RaftClientRequest:client-5EAF4E226286->s0@group-1EAC51517DF7, cid=389, seq=0, DataStream, Message:<EMPTY>, logEntry=null
2022-06-30 09:07:47,209 [s0-client-thread1] INFO  statemachine.StateMachine (DataStreamTestUtils.java:link(157)) - link SingleDataStream: writeRequest=RaftClientRequest:client-5EAF4E226286->s0@group-1EAC51517DF7, cid=387, seq=0, DataStream, Message:<EMPTY>, logEntry=null
2022-06-30 09:07:47,214 [s1-server-thread1] INFO  statemachine.StateMachine (DataStreamTestUtils.java:link(157)) - link SingleDataStream: writeRequest=RaftClientRequest:client-5EAF4E226286->s0@group-1EAC51517DF7, cid=389, seq=0, DataStream, Message:<EMPTY>, logEntry=null
2022-06-30 09:07:47,214 [s1-server-thread1] INFO  statemachine.StateMachine (DataStreamTestUtils.java:link(157)) - link SingleDataStream: writeRequest=RaftClientRequest:client-5EAF4E226286->s0@group-1EAC51517DF7, cid=387, seq=0, DataStream, Message:<EMPTY>, logEntry=null
2022-06-30 09:07:47,265 [pool-9-thread-10] INFO  datastream.DataStreamTestUtils (DataStreamTestUtils.java:writeAndCloseAndAssertReplies(320)) - Stream386: bytesWritten=7022769
2022-06-30 09:07:47,267 [s0-client-thread1] INFO  statemachine.StateMachine (DataStreamTestUtils.java:link(157)) - link SingleDataStream: writeRequest=RaftClientRequest:client-5EAF4E226286->s0@group-1EAC51517DF7, cid=386, seq=0, DataStream, Message:<EMPTY>, logEntry=null
2022-06-30 09:07:47,306 [pool-9-thread-16] INFO  datastream.DataStreamTestUtils (DataStreamTestUtils.java:writeAndCloseAndAssertReplies(320)) - Stream390: bytesWritten=7480240
2022-06-30 09:07:47,310 [s0-client-thread1] INFO  statemachine.StateMachine (DataStreamTestUtils.java:link(157)) - link SingleDataStream: writeRequest=RaftClientRequest:client-5EAF4E226286->s0@group-1EAC51517DF7, cid=390, seq=0, DataStream, Message:<EMPTY>, logEntry=null
2022-06-30 09:07:47,319 [pool-9-thread-15] INFO  datastream.DataStreamTestUtils (DataStreamTestUtils.java:writeAndCloseAndAssertReplies(320)) - Stream391: bytesWritten=6432697
2022-06-30 09:07:47,321 [s0-client-thread1] INFO  statemachine.StateMachine (DataStreamTestUtils.java:link(157)) - link SingleDataStream: writeRequest=RaftClientRequest:client-5EAF4E226286->s0@group-1EAC51517DF7, cid=391, seq=0, DataStream, Message:<EMPTY>, logEntry=null
2022-06-30 09:07:47,332 [pool-9-thread-11] INFO  datastream.DataStreamTestUtils (DataStreamTestUtils.java:writeAndCloseAndAssertReplies(311)) - start Stream392
2022-06-30 09:07:47,335 [pool-9-thread-13] INFO  datastream.DataStreamTestUtils (DataStreamTestUtils.java:writeAndCloseAndAssertReplies(311)) - start Stream393
2022-06-30 09:07:47,338 [pool-9-thread-12] INFO  datastream.DataStreamTestUtils (DataStreamTestUtils.java:writeAndCloseAndAssertReplies(311)) - start Stream394
2022-06-30 09:07:47,339 [s1-server-thread1] INFO  statemachine.StateMachine (DataStreamTestUtils.java:link(157)) - link SingleDataStream: writeRequest=RaftClientRequest:client-5EAF4E226286->s0@group-1EAC51517DF7, cid=386, seq=0, DataStream, Message:<EMPTY>, logEntry=null
2022-06-30 09:07:47,353 [pool-9-thread-10] INFO  datastream.DataStreamTestUtils (DataStreamTestUtils.java:writeAndCloseAndAssertReplies(311)) - start Stream395
2022-06-30 09:07:47,353 [s1-server-thread1] INFO  statemachine.StateMachine (DataStreamTestUtils.java:link(157)) - link SingleDataStream: writeRequest=RaftClientRequest:client-5EAF4E226286->s0@group-1EAC51517DF7, cid=390, seq=0, DataStream, Message:<EMPTY>, logEntry=null
2022-06-30 09:07:47,354 [s1-server-thread1] INFO  statemachine.StateMachine (DataStreamTestUtils.java:link(157)) - link SingleDataStream: writeRequest=RaftClientRequest:client-5EAF4E226286->s0@group-1EAC51517DF7, cid=391, seq=0, DataStream, Message:<EMPTY>, logEntry=null
2022-06-30 09:07:47,379 [s2-server-thread1] INFO  statemachine.StateMachine (DataStreamTestUtils.java:link(157)) - link SingleDataStream: writeRequest=RaftClientRequest:client-5EAF4E226286->s0@group-1EAC51517DF7, cid=388, seq=0, DataStream, Message:<EMPTY>, logEntry=null
2022-06-30 09:07:47,382 [s2-server-thread1] INFO  statemachine.StateMachine (DataStreamTestUtils.java:link(157)) - link SingleDataStream: writeRequest=RaftClientRequest:client-5EAF4E226286->s0@group-1EAC51517DF7, cid=389, seq=0, DataStream, Message:<EMPTY>, logEntry=null
2022-06-30 09:07:47,382 [s2-server-thread1] INFO  statemachine.StateMachine (DataStreamTestUtils.java:link(157)) - link SingleDataStream: writeRequest=RaftClientRequest:client-5EAF4E226286->s0@group-1EAC51517DF7, cid=387, seq=0, DataStream, Message:<EMPTY>, logEntry=null
2022-06-30 09:07:47,384 [s2-server-thread1] INFO  statemachine.StateMachine (DataStreamTestUtils.java:link(157)) - link SingleDataStream: writeRequest=RaftClientRequest:client-5EAF4E226286->s0@group-1EAC51517DF7, cid=386, seq=0, DataStream, Message:<EMPTY>, logEntry=null
2022-06-30 09:07:47,384 [s2-server-thread1] INFO  statemachine.StateMachine (DataStreamTestUtils.java:link(157)) - link SingleDataStream: writeRequest=RaftClientRequest:client-5EAF4E226286->s0@group-1EAC51517DF7, cid=390, seq=0, DataStream, Message:<EMPTY>, logEntry=null
2022-06-30 09:07:47,385 [s2-server-thread1] INFO  statemachine.StateMachine (DataStreamTestUtils.java:link(157)) - link SingleDataStream: writeRequest=RaftClientRequest:client-5EAF4E226286->s0@group-1EAC51517DF7, cid=391, seq=0, DataStream, Message:<EMPTY>, logEntry=null
2022-06-30 09:07:47,387 [pool-9-thread-16] INFO  datastream.DataStreamTestUtils (DataStreamTestUtils.java:writeAndCloseAndAssertReplies(311)) - start Stream396
2022-06-30 09:07:47,440 [pool-9-thread-15] INFO  datastream.DataStreamTestUtils (DataStreamTestUtils.java:writeAndCloseAndAssertReplies(311)) - start Stream397
2022-06-30 09:07:47,498 [pool-9-thread-13] INFO  datastream.DataStreamTestUtils (DataStreamTestUtils.java:writeAndCloseAndAssertReplies(320)) - Stream393: bytesWritten=6920487
2022-06-30 09:07:47,507 [s0-client-thread1] INFO  statemachine.StateMachine (DataStreamTestUtils.java:link(157)) - link SingleDataStream: writeRequest=RaftClientRequest:client-5EAF4E226286->s0@group-1EAC51517DF7, cid=393, seq=0, DataStream, Message:<EMPTY>, logEntry=null
2022-06-30 09:07:47,508 [s1-server-thread1] INFO  statemachine.StateMachine (DataStreamTestUtils.java:link(157)) - link SingleDataStream: writeRequest=RaftClientRequest:client-5EAF4E226286->s0@group-1EAC51517DF7, cid=393, seq=0, DataStream, Message:<EMPTY>, logEntry=null
2022-06-30 09:07:47,509 [s2-server-thread1] INFO  statemachine.StateMachine (DataStreamTestUtils.java:link(157)) - link SingleDataStream: writeRequest=RaftClientRequest:client-5EAF4E226286->s0@group-1EAC51517DF7, cid=393, seq=0, DataStream, Message:<EMPTY>, logEntry=null
2022-06-30 09:07:47,582 [pool-9-thread-11] INFO  datastream.DataStreamTestUtils (DataStreamTestUtils.java:writeAndCloseAndAssertReplies(320)) - Stream392: bytesWritten=7717703
2022-06-30 09:07:47,585 [s0-client-thread1] INFO  statemachine.StateMachine (DataStreamTestUtils.java:link(157)) - link SingleDataStream: writeRequest=RaftClientRequest:client-5EAF4E226286->s0@group-1EAC51517DF7, cid=392, seq=0, DataStream, Message:<EMPTY>, logEntry=null
2022-06-30 09:07:47,586 [s2-server-thread1] INFO  statemachine.StateMachine (DataStreamTestUtils.java:link(157)) - link SingleDataStream: writeRequest=RaftClientRequest:client-5EAF4E226286->s0@group-1EAC51517DF7, cid=392, seq=0, DataStream, Message:<EMPTY>, logEntry=null
2022-06-30 09:07:47,672 [s1-server-thread1] INFO  statemachine.StateMachine (DataStreamTestUtils.java:link(157)) - link SingleDataStream: writeRequest=RaftClientRequest:client-5EAF4E226286->s0@group-1EAC51517DF7, cid=392, seq=0, DataStream, Message:<EMPTY>, logEntry=null
2022-06-30 09:07:47,674 [pool-9-thread-13] INFO  datastream.DataStreamTestUtils (DataStreamTestUtils.java:writeAndCloseAndAssertReplies(311)) - start Stream398
2022-06-30 09:07:48,529 [org.apache.ratis.util.JvmPauseMonitor$$Lambda$272/1646531804@15f29892] WARN  util.JvmPauseMonitor (JvmPauseMonitor.java:detectPause(124)) - JvmPauseMonitor-s2: Detected pause in JVM or host machine (eg GC): pause of approximately 426949821ns.
GC pool 'PS MarkSweep' had collection(s): count=1 time=633ms
GC pool 'PS Scavenge' had collection(s): count=1 time=208ms
2022-06-30 09:07:48,529 [org.apache.ratis.util.JvmPauseMonitor$$Lambda$272/1646531804@2f3bb4e1] WARN  util.JvmPauseMonitor (JvmPauseMonitor.java:detectPause(124)) - JvmPauseMonitor-s1: Detected pause in JVM or host machine (eg GC): pause of approximately 467111104ns.
GC pool 'PS MarkSweep' had collection(s): count=1 time=633ms
GC pool 'PS Scavenge' had collection(s): count=1 time=208ms
2022-06-30 09:07:48,530 [org.apache.ratis.util.JvmPauseMonitor$$Lambda$272/1646531804@7bc59190] WARN  util.JvmPauseMonitor (JvmPauseMonitor.java:detectPause(124)) - JvmPauseMonitor-s0: Detected pause in JVM or host machine (eg GC): pause of approximately 488585556ns.
GC pool 'PS MarkSweep' had collection(s): count=1 time=633ms
GC pool 'PS Scavenge' had collection(s): count=1 time=208ms
2022-06-30 09:07:48,530 [s0@group-1EAC51517DF7-LeaderStateImpl] WARN  server.RaftServer$Division (LeaderStateImpl.java:checkLeadership(1018)) - s0@group-1EAC51517DF7-LeaderStateImpl: Lost leadership on term: 1. Election timeout: 300ms. In charge for: 3256ms. Conf: 0: [s0|rpc:localhost:41403|admin:localhost:45983|client:localhost:35061|dataStream:localhost:41947|priority:0, s1|rpc:localhost:37825|admin:localhost:33367|client:localhost:37897|dataStream:localhost:41415|priority:0, s2|rpc:localhost:38995|admin:localhost:46591|client:localhost:33971|dataStream:localhost:36363|priority:0], old=null
2022-06-30 09:07:48,530 [s1@group-1EAC51517DF7-FollowerState] WARN  impl.FollowerState (FollowerState.java:run(130)) - Unexpected long sleep: sleep 238ms but took extra 727988897ns (> threshold = 300ms)
2022-06-30 09:07:48,532 [s2@group-1EAC51517DF7-FollowerState] WARN  impl.FollowerState (FollowerState.java:run(130)) - Unexpected long sleep: sleep 223ms but took extra 845889020ns (> threshold = 300ms)
2022-06-30 09:07:48,547 [s0@group-1EAC51517DF7-LeaderStateImpl] WARN  server.RaftServer$Division (LeaderStateImpl.java:lambda$checkLeadership$17(1022)) - Follower s0@group-1EAC51517DF7->s1(c26,m30,n32, attendVote=true, lastRpcSendTime=14, lastRpcResponseTime=4)
2022-06-30 09:07:48,547 [s0@group-1EAC51517DF7-LeaderStateImpl] WARN  server.RaftServer$Division (LeaderStateImpl.java:lambda$checkLeadership$17(1022)) - Follower s0@group-1EAC51517DF7->s2(c29,m31,n32, attendVote=true, lastRpcSendTime=15, lastRpcResponseTime=3)
2022-06-30 09:07:48,547 [s0@group-1EAC51517DF7-LeaderStateImpl] INFO  server.RaftServer$Division (RaftServerImpl.java:setRole(299)) - s0@group-1EAC51517DF7: changes role from    LEADER to FOLLOWER at term 1 for StepDownReason:LOST_MAJORITY_HEARTBEATS
2022-06-30 09:07:48,547 [s0@group-1EAC51517DF7-LeaderStateImpl] INFO  impl.RoleInfo (RoleInfo.java:shutdownLeaderState(93)) - s0: shutdown s0@group-1EAC51517DF7-LeaderStateImpl
2022-06-30 09:07:48,548 [s0@group-1EAC51517DF7-LeaderStateImpl] INFO  impl.PendingRequests (PendingRequests.java:sendNotLeaderResponses(282)) - s0@group-1EAC51517DF7-PendingRequests: sendNotLeaderResponses
2022-06-30 09:07:48,549 [s0@group-1EAC51517DF7->s2-GrpcLogAppender-LogAppenderDaemon] WARN  server.GrpcLogAppender (GrpcLogAppender.java:mayWait(172)) - s0@group-1EAC51517DF7->s2-GrpcLogAppender: Wait interrupted by java.lang.InterruptedException
2022-06-30 09:07:48,549 [s0@group-1EAC51517DF7->s1-GrpcLogAppender-LogAppenderDaemon] WARN  server.GrpcLogAppender (GrpcLogAppender.java:mayWait(172)) - s0@group-1EAC51517DF7->s1-GrpcLogAppender: Wait interrupted by java.lang.InterruptedException
2022-06-30 09:07:48,553 [grpc-default-executor-2] INFO  server.GrpcServerProtocolService (GrpcServerProtocolService.java:onCompleted(140)) - s2: Completed APPEND_ENTRIES, lastRequest: s0->s2#156-t1,previous=(t:1, i:30),leaderCommit=29,initializing? true,entries: size=1, first=(t:1, i:31), METADATAENTRY(c:29)
2022-06-30 09:07:48,557 [grpc-default-executor-1] INFO  server.GrpcLogAppender (GrpcLogAppender.java:onCompleted(340)) - s0@group-1EAC51517DF7->s2-AppendLogResponseHandler: follower responses appendEntries COMPLETED
2022-06-30 09:07:48,557 [grpc-default-executor-1] INFO  leader.FollowerInfo (FollowerInfoImpl.java:lambda$new$0(48)) - s0@group-1EAC51517DF7->s2: nextIndex: updateUnconditionally 32 -> 31
2022-06-30 09:07:48,571 [grpc-default-executor-0] INFO  server.GrpcServerProtocolService (GrpcServerProtocolService.java:onCompleted(140)) - s1: Completed APPEND_ENTRIES, lastRequest: s0->s1#162-t1,previous=(t:1, i:30),leaderCommit=29,initializing? true,entries: size=1, first=(t:1, i:31), METADATAENTRY(c:29)
2022-06-30 09:07:48,574 [s0@group-1EAC51517DF7-LeaderStateImpl] INFO  impl.RoleInfo (RoleInfo.java:updateAndGet(139)) - s0: start s0@group-1EAC51517DF7-FollowerState
2022-06-30 09:07:48,582 [grpc-default-executor-4] INFO  server.GrpcLogAppender (GrpcLogAppender.java:onCompleted(340)) - s0@group-1EAC51517DF7->s1-AppendLogResponseHandler: follower responses appendEntries COMPLETED
2022-06-30 09:07:48,582 [grpc-default-executor-4] INFO  leader.FollowerInfo (FollowerInfoImpl.java:lambda$new$0(48)) - s0@group-1EAC51517DF7->s1: nextIndex: updateUnconditionally 32 -> 31
2022-06-30 09:07:48,839 [s0@group-1EAC51517DF7-FollowerState] INFO  impl.FollowerState (FollowerState.java:lostMajorityHeartbeatsRecently(108)) - s0@group-1EAC51517DF7-FollowerState: Skipping leader election since it stepped down recently (elapsed = 265ms < waitTime = 10s)
2022-06-30 09:07:49,040 [s2@group-1EAC51517DF7-FollowerState] INFO  impl.FollowerState (FollowerState.java:run(143)) - s2@group-1EAC51517DF7-FollowerState: change to CANDIDATE, lastRpcElapsedTime:493214068ns, electionTimeout:230ms
2022-06-30 09:07:49,040 [s2@group-1EAC51517DF7-FollowerState] INFO  impl.RoleInfo (RoleInfo.java:shutdownFollowerState(110)) - s2: shutdown s2@group-1EAC51517DF7-FollowerState
2022-06-30 09:07:49,040 [s2@group-1EAC51517DF7-FollowerState] INFO  server.RaftServer$Division (RaftServerImpl.java:setRole(299)) - s2@group-1EAC51517DF7: changes role from  FOLLOWER to CANDIDATE at term 1 for changeToCandidate
2022-06-30 09:07:49,041 [s2@group-1EAC51517DF7-FollowerState] INFO  server.RaftServerConfigKeys (ConfUtils.java:logGet(46)) - raft.server.leaderelection.pre-vote = true (default)
2022-06-30 09:07:49,041 [s2@group-1EAC51517DF7-FollowerState] INFO  impl.RoleInfo (RoleInfo.java:updateAndGet(139)) - s2: start s2@group-1EAC51517DF7-LeaderElection4
2022-06-30 09:07:49,055 [s0@group-1EAC51517DF7-FollowerState] INFO  impl.FollowerState (FollowerState.java:lostMajorityHeartbeatsRecently(108)) - s0@group-1EAC51517DF7-FollowerState: Skipping leader election since it stepped down recently (elapsed = 481ms < waitTime = 10s)
2022-06-30 09:07:49,069 [s2@group-1EAC51517DF7-LeaderElection4] INFO  server.RaftServer$Division (ServerState.java:setLeader(291)) - s2@group-1EAC51517DF7: change Leader from s0 to null at term 1 for PRE_VOTE
2022-06-30 09:07:49,069 [s2@group-1EAC51517DF7-LeaderElection4] INFO  impl.LeaderElection (LeaderElection.java:askForVotes(310)) - s2@group-1EAC51517DF7-LeaderElection4 PRE_VOTE round 0: submit vote requests at term 1 for 0: [s0|rpc:localhost:41403|admin:localhost:45983|client:localhost:35061|dataStream:localhost:41947|priority:0, s1|rpc:localhost:37825|admin:localhost:33367|client:localhost:37897|dataStream:localhost:41415|priority:0, s2|rpc:localhost:38995|admin:localhost:46591|client:localhost:33971|dataStream:localhost:36363|priority:0], old=null
2022-06-30 09:07:49,097 [s1@group-1EAC51517DF7-FollowerState] INFO  impl.FollowerState (FollowerState.java:run(143)) - s1@group-1EAC51517DF7-FollowerState: change to CANDIDATE, lastRpcElapsedTime:525291494ns, electionTimeout:285ms
2022-06-30 09:07:49,097 [s1@group-1EAC51517DF7-FollowerState] INFO  impl.RoleInfo (RoleInfo.java:shutdownFollowerState(110)) - s1: shutdown s1@group-1EAC51517DF7-FollowerState
2022-06-30 09:07:49,097 [s1@group-1EAC51517DF7-FollowerState] INFO  server.RaftServer$Division (RaftServerImpl.java:setRole(299)) - s1@group-1EAC51517DF7: changes role from  FOLLOWER to CANDIDATE at term 1 for changeToCandidate
2022-06-30 09:07:49,098 [s1@group-1EAC51517DF7-FollowerState] INFO  server.RaftServerConfigKeys (ConfUtils.java:logGet(46)) - raft.server.leaderelection.pre-vote = true (default)
2022-06-30 09:07:49,098 [s1@group-1EAC51517DF7-FollowerState] INFO  impl.RoleInfo (RoleInfo.java:updateAndGet(139)) - s1: start s1@group-1EAC51517DF7-LeaderElection5
2022-06-30 09:07:49,111 [grpc-default-executor-16] INFO  server.RaftServer$Division (RaftServerImpl.java:requestVote(1152)) - s1@group-1EAC51517DF7: receive requestVote(PRE_VOTE, s2, group-1EAC51517DF7, 1, (t:1, i:31))
2022-06-30 09:07:49,112 [grpc-default-executor-16] INFO  impl.VoteContext (VoteContext.java:log(48)) - s1@group-1EAC51517DF7-CANDIDATE: accept PRE_VOTE from s2: our priority 0 <= candidate's priority 0
2022-06-30 09:07:49,112 [grpc-default-executor-16] INFO  server.RaftServer$Division (RaftServerImpl.java:requestVote(1184)) - s1@group-1EAC51517DF7 replies to PRE_VOTE vote request: s2<-s1#0:OK-t1. Peer's state: s1@group-1EAC51517DF7:t1, leader=s0, voted=s0, raftlog=s1@group-1EAC51517DF7-SegmentedRaftLog:OPENED:c29, conf=0: [s0|rpc:localhost:41403|admin:localhost:45983|client:localhost:35061|dataStream:localhost:41947|priority:0, s1|rpc:localhost:37825|admin:localhost:33367|client:localhost:37897|dataStream:localhost:41415|priority:0, s2|rpc:localhost:38995|admin:localhost:46591|client:localhost:33971|dataStream:localhost:36363|priority:0], old=null
2022-06-30 09:07:49,115 [grpc-default-executor-16] INFO  server.RaftServer$Division (RaftServerImpl.java:requestVote(1152)) - s0@group-1EAC51517DF7: receive requestVote(PRE_VOTE, s2, group-1EAC51517DF7, 1, (t:1, i:31))
2022-06-30 09:07:49,115 [s1@group-1EAC51517DF7-LeaderElection5] INFO  server.RaftServer$Division (ServerState.java:setLeader(291)) - s1@group-1EAC51517DF7: change Leader from s0 to null at term 1 for PRE_VOTE
2022-06-30 09:07:49,116 [s2@group-1EAC51517DF7-LeaderElection4] INFO  impl.LeaderElection (LeaderElection.java:logAndReturn(90)) - s2@group-1EAC51517DF7-LeaderElection4: PRE_VOTE PASSED received 1 response(s) and 0 exception(s):
2022-06-30 09:07:49,117 [s2@group-1EAC51517DF7-LeaderElection4] INFO  impl.LeaderElection (LeaderElection.java:logAndReturn(94)) -   Response 0: s2<-s1#0:OK-t1
2022-06-30 09:07:49,117 [s2@group-1EAC51517DF7-LeaderElection4] INFO  impl.LeaderElection (LeaderElection.java:askForVotes(312)) - s2@group-1EAC51517DF7-LeaderElection4 PRE_VOTE round 0: result PASSED
2022-06-30 09:07:49,116 [grpc-default-executor-16] INFO  impl.VoteContext (VoteContext.java:log(48)) - s0@group-1EAC51517DF7-FOLLOWER: accept PRE_VOTE from s2: our priority 0 <= candidate's priority 0
2022-06-30 09:07:49,118 [grpc-default-executor-16] INFO  server.RaftServer$Division (RaftServerImpl.java:requestVote(1184)) - s0@group-1EAC51517DF7 replies to PRE_VOTE vote request: s2<-s0#0:OK-t1. Peer's state: s0@group-1EAC51517DF7:t1, leader=s0, voted=s0, raftlog=s0@group-1EAC51517DF7-SegmentedRaftLog:OPENED:c29, conf=0: [s0|rpc:localhost:41403|admin:localhost:45983|client:localhost:35061|dataStream:localhost:41947|priority:0, s1|rpc:localhost:37825|admin:localhost:33367|client:localhost:37897|dataStream:localhost:41415|priority:0, s2|rpc:localhost:38995|admin:localhost:46591|client:localhost:33971|dataStream:localhost:36363|priority:0], old=null
2022-06-30 09:07:49,117 [s1@group-1EAC51517DF7-LeaderElection5] INFO  impl.LeaderElection (LeaderElection.java:askForVotes(310)) - s1@group-1EAC51517DF7-LeaderElection5 PRE_VOTE round 0: submit vote requests at term 1 for 0: [s0|rpc:localhost:41403|admin:localhost:45983|client:localhost:35061|dataStream:localhost:41947|priority:0, s1|rpc:localhost:37825|admin:localhost:33367|client:localhost:37897|dataStream:localhost:41415|priority:0, s2|rpc:localhost:38995|admin:localhost:46591|client:localhost:33971|dataStream:localhost:36363|priority:0], old=null
2022-06-30 09:07:49,119 [s2@group-1EAC51517DF7-LeaderElection4] INFO  impl.LeaderElection (LeaderElection.java:askForVotes(310)) - s2@group-1EAC51517DF7-LeaderElection4 ELECTION round 0: submit vote requests at term 2 for 0: [s0|rpc:localhost:41403|admin:localhost:45983|client:localhost:35061|dataStream:localhost:41947|priority:0, s1|rpc:localhost:37825|admin:localhost:33367|client:localhost:37897|dataStream:localhost:41415|priority:0, s2|rpc:localhost:38995|admin:localhost:46591|client:localhost:33971|dataStream:localhost:36363|priority:0], old=null
2022-06-30 09:07:49,170 [grpc-default-executor-1] INFO  server.RaftServer$Division (RaftServerImpl.java:requestVote(1152)) - s0@group-1EAC51517DF7: receive requestVote(ELECTION, s2, group-1EAC51517DF7, 2, (t:1, i:31))
2022-06-30 09:07:49,171 [grpc-default-executor-1] INFO  impl.VoteContext (VoteContext.java:log(48)) - s0@group-1EAC51517DF7-FOLLOWER: accept ELECTION from s2: our priority 0 <= candidate's priority 0
2022-06-30 09:07:49,171 [grpc-default-executor-1] INFO  server.RaftServer$Division (ServerState.java:setLeader(291)) - s0@group-1EAC51517DF7: change Leader from s0 to null at term 2 for updateCurrentTerm
2022-06-30 09:07:49,171 [grpc-default-executor-1] INFO  server.RaftServer$Division (RaftServerImpl.java:setRole(299)) - s0@group-1EAC51517DF7: changes role from  FOLLOWER to FOLLOWER at term 2 for candidate:s2
2022-06-30 09:07:49,171 [grpc-default-executor-1] INFO  impl.RoleInfo (RoleInfo.java:shutdownFollowerState(110)) - s0: shutdown s0@group-1EAC51517DF7-FollowerState
2022-06-30 09:07:49,172 [grpc-default-executor-1] INFO  impl.RoleInfo (RoleInfo.java:updateAndGet(139)) - s0: start s0@group-1EAC51517DF7-FollowerState
2022-06-30 09:07:49,172 [s0@group-1EAC51517DF7-FollowerState] INFO  impl.FollowerState (FollowerState.java:run(152)) - s0@group-1EAC51517DF7-FollowerState was interrupted
2022-06-30 09:07:49,178 [grpc-default-executor-1] INFO  server.RaftServer$Division (RaftServerImpl.java:requestVote(1184)) - s0@group-1EAC51517DF7 replies to ELECTION vote request: s2<-s0#0:OK-t2. Peer's state: s0@group-1EAC51517DF7:t2, leader=null, voted=s2, raftlog=s0@group-1EAC51517DF7-SegmentedRaftLog:OPENED:c29, conf=0: [s0|rpc:localhost:41403|admin:localhost:45983|client:localhost:35061|dataStream:localhost:41947|priority:0, s1|rpc:localhost:37825|admin:localhost:33367|client:localhost:37897|dataStream:localhost:41415|priority:0, s2|rpc:localhost:38995|admin:localhost:46591|client:localhost:33971|dataStream:localhost:36363|priority:0], old=null
2022-06-30 09:07:49,172 [grpc-default-executor-16] INFO  server.RaftServer$Division (RaftServerImpl.java:requestVote(1152)) - s1@group-1EAC51517DF7: receive requestVote(ELECTION, s2, group-1EAC51517DF7, 2, (t:1, i:31))
2022-06-30 09:07:49,187 [grpc-default-executor-16] INFO  impl.VoteContext (VoteContext.java:log(48)) - s1@group-1EAC51517DF7-CANDIDATE: accept ELECTION from s2: our priority 0 <= candidate's priority 0
2022-06-30 09:07:49,187 [grpc-default-executor-16] INFO  server.RaftServer$Division (RaftServerImpl.java:setRole(299)) - s1@group-1EAC51517DF7: changes role from CANDIDATE to FOLLOWER at term 2 for candidate:s2
2022-06-30 09:07:49,187 [grpc-default-executor-16] INFO  impl.RoleInfo (RoleInfo.java:shutdownLeaderElection(130)) - s1: shutdown s1@group-1EAC51517DF7-LeaderElection5
2022-06-30 09:07:49,187 [grpc-default-executor-16] INFO  impl.RoleInfo (RoleInfo.java:updateAndGet(139)) - s1: start s1@group-1EAC51517DF7-FollowerState
2022-06-30 09:07:49,189 [grpc-default-executor-16] INFO  server.RaftServer$Division (RaftServerImpl.java:requestVote(1184)) - s1@group-1EAC51517DF7 replies to ELECTION vote request: s2<-s1#0:OK-t2. Peer's state: s1@group-1EAC51517DF7:t2, leader=null, voted=s2, raftlog=s1@group-1EAC51517DF7-SegmentedRaftLog:OPENED:c29, conf=0: [s0|rpc:localhost:41403|admin:localhost:45983|client:localhost:35061|dataStream:localhost:41947|priority:0, s1|rpc:localhost:37825|admin:localhost:33367|client:localhost:37897|dataStream:localhost:41415|priority:0, s2|rpc:localhost:38995|admin:localhost:46591|client:localhost:33971|dataStream:localhost:36363|priority:0], old=null
2022-06-30 09:07:49,190 [s2@group-1EAC51517DF7-LeaderElection4] INFO  impl.LeaderElection (LeaderElection.java:logAndReturn(90)) - s2@group-1EAC51517DF7-LeaderElection4: ELECTION PASSED received 1 response(s) and 0 exception(s):
2022-06-30 09:07:49,197 [s2@group-1EAC51517DF7-LeaderElection4] INFO  impl.LeaderElection (LeaderElection.java:logAndReturn(94)) -   Response 0: s2<-s0#0:OK-t2
2022-06-30 09:07:49,197 [s2@group-1EAC51517DF7-LeaderElection4] INFO  impl.LeaderElection (LeaderElection.java:askForVotes(312)) - s2@group-1EAC51517DF7-LeaderElection4 ELECTION round 0: result PASSED
2022-06-30 09:07:49,197 [s2@group-1EAC51517DF7-LeaderElection4] INFO  impl.RoleInfo (RoleInfo.java:shutdownLeaderElection(130)) - s2: shutdown s2@group-1EAC51517DF7-LeaderElection4
2022-06-30 09:07:49,197 [s2@group-1EAC51517DF7-LeaderElection4] INFO  server.RaftServer$Division (RaftServerImpl.java:setRole(299)) - s2@group-1EAC51517DF7: changes role from CANDIDATE to LEADER at term 2 for changeToLeader
2022-06-30 09:07:49,198 [s2@group-1EAC51517DF7-LeaderElection4] INFO  server.RaftServer$Division (ServerState.java:setLeader(291)) - s2@group-1EAC51517DF7: change Leader from null to s2 at term 2 for becomeLeader, leader elected after 128ms
2022-06-30 09:07:49,198 [s2@group-1EAC51517DF7-LeaderElection4] INFO  server.RaftServerConfigKeys (ConfUtils.java:logGet(46)) - raft.server.staging.catchup.gap = 1000 (default)
2022-06-30 09:07:49,198 [s2@group-1EAC51517DF7-LeaderElection4] INFO  server.RaftServerConfigKeys (ConfUtils.java:logGet(46)) - raft.server.write.element-limit = 4096 (default)
2022-06-30 09:07:49,198 [s2@group-1EAC51517DF7-LeaderElection4] INFO  server.RaftServerConfigKeys (ConfUtils.java:logGet(46)) - raft.server.write.byte-limit = 64MB (=67108864) (default)
2022-06-30 09:07:49,198 [s2@group-1EAC51517DF7-LeaderElection4] INFO  server.RaftServerConfigKeys (ConfUtils.java:logGet(46)) - raft.server.watch.timeout = 10s (default)
2022-06-30 09:07:49,195 [grpc-default-executor-2] INFO  server.RaftServer$Division (RaftServerImpl.java:requestVote(1152)) - s0@group-1EAC51517DF7: receive requestVote(PRE_VOTE, s1, group-1EAC51517DF7, 1, (t:1, i:31))
2022-06-30 09:07:49,202 [grpc-default-executor-2] INFO  impl.VoteContext (VoteContext.java:log(48)) - s0@group-1EAC51517DF7-FOLLOWER: accept PRE_VOTE from s1: our priority 0 <= candidate's priority 0
2022-06-30 09:07:49,202 [grpc-default-executor-2] INFO  server.RaftServer$Division (RaftServerImpl.java:requestVote(1184)) - s0@group-1EAC51517DF7 replies to PRE_VOTE vote request: s1<-s0#0:OK-t2. Peer's state: s0@group-1EAC51517DF7:t2, leader=null, voted=s2, raftlog=s0@group-1EAC51517DF7-SegmentedRaftLog:OPENED:c29, conf=0: [s0|rpc:localhost:41403|admin:localhost:45983|client:localhost:35061|dataStream:localhost:41947|priority:0, s1|rpc:localhost:37825|admin:localhost:33367|client:localhost:37897|dataStream:localhost:41415|priority:0, s2|rpc:localhost:38995|admin:localhost:46591|client:localhost:33971|dataStream:localhost:36363|priority:0], old=null
2022-06-30 09:07:49,199 [s2@group-1EAC51517DF7-LeaderElection4] INFO  server.RaftServerConfigKeys (ConfUtils.java:logGet(46)) - raft.server.watch.timeout.denomination = 1s (default)
2022-06-30 09:07:49,202 [s2@group-1EAC51517DF7-LeaderElection4] INFO  server.RaftServerConfigKeys (ConfUtils.java:logGet(46)) - raft.server.watch.element-limit = 65536 (default)
2022-06-30 09:07:49,199 [grpc-default-executor-16] INFO  server.RaftServer$Division (RaftServerImpl.java:requestVote(1152)) - s2@group-1EAC51517DF7: receive requestVote(PRE_VOTE, s1, group-1EAC51517DF7, 1, (t:1, i:31))
2022-06-30 09:07:49,203 [s2@group-1EAC51517DF7-LeaderElection4] INFO  server.RaftServerConfigKeys (ConfUtils.java:logGet(46)) - raft.server.write.element-limit = 4096 (default)
2022-06-30 09:07:49,210 [s2@group-1EAC51517DF7-LeaderElection4] INFO  server.RaftServerConfigKeys (ConfUtils.java:logGet(46)) - raft.server.write.follower.gap.ratio.max = -1.0 (default)
2022-06-30 09:07:49,210 [s2@group-1EAC51517DF7-LeaderElection4] INFO  server.RaftServerConfigKeys (ConfUtils.java:logGet(46)) - raft.server.log.appender.snapshot.chunk.size.max = 16MB (=16777216) (default)
2022-06-30 09:07:49,211 [s2@group-1EAC51517DF7-LeaderElection4] INFO  server.RaftServerConfigKeys (ConfUtils.java:logGet(46)) - raft.server.log.appender.buffer.byte-limit = 4MB (=4194304) (default)
2022-06-30 09:07:49,211 [s2@group-1EAC51517DF7-LeaderElection4] INFO  server.RaftServerConfigKeys (ConfUtils.java:logGet(46)) - raft.server.log.appender.buffer.element-limit = 0 (default)
2022-06-30 09:07:49,211 [s2@group-1EAC51517DF7-LeaderElection4] INFO  grpc.GrpcConfigKeys (ConfUtils.java:logGet(46)) - raft.grpc.server.leader.outstanding.appends.max = 128 (default)
2022-06-30 09:07:49,211 [s2@group-1EAC51517DF7-LeaderElection4] INFO  server.RaftServerConfigKeys (ConfUtils.java:logGet(46)) - raft.server.rpc.request.timeout = 3000ms (default)
2022-06-30 09:07:49,211 [s2@group-1EAC51517DF7-LeaderElection4] INFO  server.RaftServerConfigKeys (ConfUtils.java:logGet(46)) - raft.server.log.appender.install.snapshot.enabled = true (default)
2022-06-30 09:07:49,211 [s2@group-1EAC51517DF7-LeaderElection4] INFO  server.RaftServerConfigKeys (ConfUtils.java:logGet(46)) - raft.server.log.appender.snapshot.chunk.size.max = 16MB (=16777216) (default)
2022-06-30 09:07:49,211 [s2@group-1EAC51517DF7-LeaderElection4] INFO  server.RaftServerConfigKeys (ConfUtils.java:logGet(46)) - raft.server.log.appender.buffer.byte-limit = 4MB (=4194304) (default)
2022-06-30 09:07:49,211 [s2@group-1EAC51517DF7-LeaderElection4] INFO  server.RaftServerConfigKeys (ConfUtils.java:logGet(46)) - raft.server.log.appender.buffer.element-limit = 0 (default)
2022-06-30 09:07:49,212 [s2@group-1EAC51517DF7-LeaderElection4] INFO  grpc.GrpcConfigKeys (ConfUtils.java:logGet(46)) - raft.grpc.server.leader.outstanding.appends.max = 128 (default)
2022-06-30 09:07:49,212 [s2@group-1EAC51517DF7-LeaderElection4] INFO  server.RaftServerConfigKeys (ConfUtils.java:logGet(46)) - raft.server.rpc.request.timeout = 3000ms (default)
2022-06-30 09:07:49,212 [s2@group-1EAC51517DF7-LeaderElection4] INFO  server.RaftServerConfigKeys (ConfUtils.java:logGet(46)) - raft.server.log.appender.install.snapshot.enabled = true (default)
2022-06-30 09:07:49,212 [s2@group-1EAC51517DF7-LeaderElection4] INFO  impl.RoleInfo (RoleInfo.java:updateAndGet(139)) - s2: start s2@group-1EAC51517DF7-LeaderStateImpl
2022-06-30 09:07:49,214 [s1@group-1EAC51517DF7-LeaderElection5] INFO  impl.LeaderElection (LeaderElection.java:logAndReturn(90)) - s1@group-1EAC51517DF7-LeaderElection5: PRE_VOTE DISCOVERED_A_NEW_TERM (term=2) received 1 response(s) and 0 exception(s):
2022-06-30 09:07:49,214 [s1@group-1EAC51517DF7-LeaderElection5] INFO  impl.LeaderElection (LeaderElection.java:logAndReturn(94)) -   Response 0: s1<-s0#0:OK-t2
2022-06-30 09:07:49,214 [s1@group-1EAC51517DF7-LeaderElection5] INFO  impl.LeaderElection (LeaderElection.java:askForVotes(312)) - s1@group-1EAC51517DF7-LeaderElection5 PRE_VOTE round 0: result DISCOVERED_A_NEW_TERM (term=2)
2022-06-30 09:07:49,223 [s2@group-1EAC51517DF7-LeaderElection4] INFO  segmented.SegmentedRaftLogWorker (SegmentedRaftLogWorker.java:rollLogSegment(430)) - s2@group-1EAC51517DF7-SegmentedRaftLogWorker: Rolling segment log-0_31 to index:31
2022-06-30 09:07:49,229 [s2@group-1EAC51517DF7-SegmentedRaftLogWorker] TRACE util.FileUtils (LogUtils.java:runAndLog(49)) - Successfully ran Files.move /home/runner/work/ratis/ratis/ratis-test/target/test/data/f7b94510/MiniRaftClusterWithRpcTypeGrpcAndDataStreamTypeNetty634c793e/s2/1f28c030-7783-4a7f-8749-1eac51517df7/current/log_inprogress_0 to /home/runner/work/ratis/ratis/ratis-test/target/test/data/f7b94510/MiniRaftClusterWithRpcTypeGrpcAndDataStreamTypeNetty634c793e/s2/1f28c030-7783-4a7f-8749-1eac51517df7/current/log_0-31
2022-06-30 09:07:49,230 [s2@group-1EAC51517DF7-SegmentedRaftLogWorker] INFO  segmented.SegmentedRaftLogWorker (SegmentedRaftLogWorker.java:execute(586)) - s2@group-1EAC51517DF7-SegmentedRaftLogWorker: Rolled log segment from /home/runner/work/ratis/ratis/ratis-test/target/test/data/f7b94510/MiniRaftClusterWithRpcTypeGrpcAndDataStreamTypeNetty634c793e/s2/1f28c030-7783-4a7f-8749-1eac51517df7/current/log_inprogress_0 to /home/runner/work/ratis/ratis/ratis-test/target/test/data/f7b94510/MiniRaftClusterWithRpcTypeGrpcAndDataStreamTypeNetty634c793e/s2/1f28c030-7783-4a7f-8749-1eac51517df7/current/log_0-31
2022-06-30 09:07:49,266 [s2@group-1EAC51517DF7-SegmentedRaftLogWorker] INFO  segmented.SegmentedRaftLogWorker (SegmentedRaftLogWorker.java:execute(629)) - s2@group-1EAC51517DF7-SegmentedRaftLogWorker: created new log segment /home/runner/work/ratis/ratis/ratis-test/target/test/data/f7b94510/MiniRaftClusterWithRpcTypeGrpcAndDataStreamTypeNetty634c793e/s2/1f28c030-7783-4a7f-8749-1eac51517df7/current/log_inprogress_32
2022-06-30 09:07:49,271 [s2@group-1EAC51517DF7-LeaderElection4] INFO  server.RaftServer$Division (ServerState.java:setRaftConf(397)) - s2@group-1EAC51517DF7: set configuration 32: [s0|rpc:localhost:41403|admin:localhost:45983|client:localhost:35061|dataStream:localhost:41947|priority:0, s1|rpc:localhost:37825|admin:localhost:33367|client:localhost:37897|dataStream:localhost:41415|priority:0, s2|rpc:localhost:38995|admin:localhost:46591|client:localhost:33971|dataStream:localhost:36363|priority:0], old=null
2022-06-30 09:07:49,275 [s0-server-thread1] INFO  server.RaftServer$Division (ServerState.java:setLeader(291)) - s0@group-1EAC51517DF7: change Leader from null to s2 at term 2 for appendEntries, leader elected after 103ms
2022-06-30 09:07:49,276 [s0-server-thread1] INFO  server.RaftServer$Division (ServerState.java:setRaftConf(397)) - s0@group-1EAC51517DF7: set configuration 32: [s0|rpc:localhost:41403|admin:localhost:45983|client:localhost:35061|dataStream:localhost:41947|priority:0, s1|rpc:localhost:37825|admin:localhost:33367|client:localhost:37897|dataStream:localhost:41415|priority:0, s2|rpc:localhost:38995|admin:localhost:46591|client:localhost:33971|dataStream:localhost:36363|priority:0], old=null
2022-06-30 09:07:49,276 [s0-server-thread1] INFO  segmented.SegmentedRaftLogWorker (SegmentedRaftLogWorker.java:rollLogSegment(430)) - s0@group-1EAC51517DF7-SegmentedRaftLogWorker: Rolling segment log-0_31 to index:31
2022-06-30 09:07:49,277 [s0@group-1EAC51517DF7-SegmentedRaftLogWorker] TRACE util.FileUtils (LogUtils.java:runAndLog(49)) - Successfully ran Files.move /home/runner/work/ratis/ratis/ratis-test/target/test/data/f7b94510/MiniRaftClusterWithRpcTypeGrpcAndDataStreamTypeNetty634c793e/s0/1f28c030-7783-4a7f-8749-1eac51517df7/current/log_inprogress_0 to /home/runner/work/ratis/ratis/ratis-test/target/test/data/f7b94510/MiniRaftClusterWithRpcTypeGrpcAndDataStreamTypeNetty634c793e/s0/1f28c030-7783-4a7f-8749-1eac51517df7/current/log_0-31
2022-06-30 09:07:49,277 [s0@group-1EAC51517DF7-SegmentedRaftLogWorker] INFO  segmented.SegmentedRaftLogWorker (SegmentedRaftLogWorker.java:execute(586)) - s0@group-1EAC51517DF7-SegmentedRaftLogWorker: Rolled log segment from /home/runner/work/ratis/ratis/ratis-test/target/test/data/f7b94510/MiniRaftClusterWithRpcTypeGrpcAndDataStreamTypeNetty634c793e/s0/1f28c030-7783-4a7f-8749-1eac51517df7/current/log_inprogress_0 to /home/runner/work/ratis/ratis/ratis-test/target/test/data/f7b94510/MiniRaftClusterWithRpcTypeGrpcAndDataStreamTypeNetty634c793e/s0/1f28c030-7783-4a7f-8749-1eac51517df7/current/log_0-31
2022-06-30 09:07:49,296 [s0@group-1EAC51517DF7-SegmentedRaftLogWorker] INFO  segmented.SegmentedRaftLogWorker (SegmentedRaftLogWorker.java:execute(629)) - s0@group-1EAC51517DF7-SegmentedRaftLogWorker: created new log segment /home/runner/work/ratis/ratis/ratis-test/target/test/data/f7b94510/MiniRaftClusterWithRpcTypeGrpcAndDataStreamTypeNetty634c793e/s0/1f28c030-7783-4a7f-8749-1eac51517df7/current/log_inprogress_32
2022-06-30 09:07:49,306 [grpc-default-executor-16] INFO  impl.VoteContext (VoteContext.java:log(48)) - s2@group-1EAC51517DF7-LEADER: reject PRE_VOTE from s1: this server is the leader and still has leadership
2022-06-30 09:07:49,320 [grpc-default-executor-16] INFO  server.RaftServer$Division (RaftServerImpl.java:requestVote(1184)) - s2@group-1EAC51517DF7 replies to PRE_VOTE vote request: s1<-s2#0:FAIL-t2. Peer's state: s2@group-1EAC51517DF7:t2, leader=s2, voted=s2, raftlog=s2@group-1EAC51517DF7-SegmentedRaftLog:OPENED:c29, conf=32: [s0|rpc:localhost:41403|admin:localhost:45983|client:localhost:35061|dataStream:localhost:41947|priority:0, s1|rpc:localhost:37825|admin:localhost:33367|client:localhost:37897|dataStream:localhost:41415|priority:0, s2|rpc:localhost:38995|admin:localhost:46591|client:localhost:33971|dataStream:localhost:36363|priority:0], old=null
2022-06-30 09:07:49,321 [s1-server-thread1] INFO  server.RaftServer$Division (ServerState.java:setLeader(291)) - s1@group-1EAC51517DF7: change Leader from null to s2 at term 2 for appendEntries, leader elected after 205ms
2022-06-30 09:07:49,340 [s1-server-thread1] INFO  server.RaftServer$Division (ServerState.java:setRaftConf(397)) - s1@group-1EAC51517DF7: set configuration 32: [s0|rpc:localhost:41403|admin:localhost:45983|client:localhost:35061|dataStream:localhost:41947|priority:0, s1|rpc:localhost:37825|admin:localhost:33367|client:localhost:37897|dataStream:localhost:41415|priority:0, s2|rpc:localhost:38995|admin:localhost:46591|client:localhost:33971|dataStream:localhost:36363|priority:0], old=null
2022-06-30 09:07:49,340 [s1-server-thread1] INFO  segmented.SegmentedRaftLogWorker (SegmentedRaftLogWorker.java:rollLogSegment(430)) - s1@group-1EAC51517DF7-SegmentedRaftLogWorker: Rolling segment log-0_31 to index:31
2022-06-30 09:07:49,342 [s1@group-1EAC51517DF7-SegmentedRaftLogWorker] TRACE util.FileUtils (LogUtils.java:runAndLog(49)) - Successfully ran Files.move /home/runner/work/ratis/ratis/ratis-test/target/test/data/f7b94510/MiniRaftClusterWithRpcTypeGrpcAndDataStreamTypeNetty634c793e/s1/1f28c030-7783-4a7f-8749-1eac51517df7/current/log_inprogress_0 to /home/runner/work/ratis/ratis/ratis-test/target/test/data/f7b94510/MiniRaftClusterWithRpcTypeGrpcAndDataStreamTypeNetty634c793e/s1/1f28c030-7783-4a7f-8749-1eac51517df7/current/log_0-31
2022-06-30 09:07:49,344 [s1@group-1EAC51517DF7-SegmentedRaftLogWorker] INFO  segmented.SegmentedRaftLogWorker (SegmentedRaftLogWorker.java:execute(586)) - s1@group-1EAC51517DF7-SegmentedRaftLogWorker: Rolled log segment from /home/runner/work/ratis/ratis/ratis-test/target/test/data/f7b94510/MiniRaftClusterWithRpcTypeGrpcAndDataStreamTypeNetty634c793e/s1/1f28c030-7783-4a7f-8749-1eac51517df7/current/log_inprogress_0 to /home/runner/work/ratis/ratis/ratis-test/target/test/data/f7b94510/MiniRaftClusterWithRpcTypeGrpcAndDataStreamTypeNetty634c793e/s1/1f28c030-7783-4a7f-8749-1eac51517df7/current/log_0-31
2022-06-30 09:07:49,375 [s1@group-1EAC51517DF7-SegmentedRaftLogWorker] INFO  segmented.SegmentedRaftLogWorker (SegmentedRaftLogWorker.java:execute(629)) - s1@group-1EAC51517DF7-SegmentedRaftLogWorker: created new log segment /home/runner/work/ratis/ratis/ratis-test/target/test/data/f7b94510/MiniRaftClusterWithRpcTypeGrpcAndDataStreamTypeNetty634c793e/s1/1f28c030-7783-4a7f-8749-1eac51517df7/current/log_inprogress_32
2022-06-30 09:07:49,565 [s2-client-thread1] INFO  statemachine.StateMachine (DataStreamTestUtils.java:link(157)) - link null
2022-06-30 09:07:49,773 [s1@group-1EAC51517DF7-FollowerState] INFO  impl.FollowerState (FollowerState.java:run(143)) - s1@group-1EAC51517DF7-FollowerState: change to CANDIDATE, lastRpcElapsedTime:262855747ns, electionTimeout:186ms
2022-06-30 09:07:49,773 [s1@group-1EAC51517DF7-FollowerState] INFO  impl.RoleInfo (RoleInfo.java:shutdownFollowerState(110)) - s1: shutdown s1@group-1EAC51517DF7-FollowerState
2022-06-30 09:07:49,773 [s1@group-1EAC51517DF7-FollowerState] INFO  server.RaftServer$Division (RaftServerImpl.java:setRole(299)) - s1@group-1EAC51517DF7: changes role from  FOLLOWER to CANDIDATE at term 2 for changeToCandidate
2022-06-30 09:07:49,773 [s1@group-1EAC51517DF7-FollowerState] INFO  server.RaftServerConfigKeys (ConfUtils.java:logGet(46)) - raft.server.leaderelection.pre-vote = true (default)
2022-06-30 09:07:49,773 [s1@group-1EAC51517DF7-FollowerState] INFO  impl.RoleInfo (RoleInfo.java:updateAndGet(139)) - s1: start s1@group-1EAC51517DF7-LeaderElection6
2022-06-30 09:07:49,801 [s1@group-1EAC51517DF7-LeaderElection6] INFO  server.RaftServer$Division (ServerState.java:setLeader(291)) - s1@group-1EAC51517DF7: change Leader from s2 to null at term 2 for PRE_VOTE
2022-06-30 09:07:49,806 [s1@group-1EAC51517DF7-LeaderElection6] INFO  impl.LeaderElection (LeaderElection.java:askForVotes(310)) - s1@group-1EAC51517DF7-LeaderElection6 PRE_VOTE round 0: submit vote requests at term 2 for 32: [s0|rpc:localhost:41403|admin:localhost:45983|client:localhost:35061|dataStream:localhost:41947|priority:0, s1|rpc:localhost:37825|admin:localhost:33367|client:localhost:37897|dataStream:localhost:41415|priority:0, s2|rpc:localhost:38995|admin:localhost:46591|client:localhost:33971|dataStream:localhost:36363|priority:0], old=null
2022-06-30 09:07:49,898 [grpc-default-executor-2] INFO  server.RaftServer$Division (RaftServerImpl.java:requestVote(1152)) - s2@group-1EAC51517DF7: receive requestVote(PRE_VOTE, s1, group-1EAC51517DF7, 2, (t:2, i:33))
2022-06-30 09:07:49,899 [s1-server-thread1] INFO  server.RaftServer$Division (RaftServerImpl.java:setRole(299)) - s1@group-1EAC51517DF7: changes role from CANDIDATE to FOLLOWER at term 2 for appendEntries
2022-06-30 09:07:49,902 [s1-server-thread1] INFO  impl.RoleInfo (RoleInfo.java:shutdownLeaderElection(130)) - s1: shutdown s1@group-1EAC51517DF7-LeaderElection6
2022-06-30 09:07:49,902 [s1-server-thread1] INFO  impl.RoleInfo (RoleInfo.java:updateAndGet(139)) - s1: start s1@group-1EAC51517DF7-FollowerState
2022-06-30 09:07:49,900 [s0-server-thread1] INFO  statemachine.StateMachine (DataStreamTestUtils.java:link(157)) - link null
2022-06-30 09:07:49,902 [grpc-default-executor-2] WARN  server.RaftServer$Division (LeaderStateImpl.java:checkLeadership(1018)) - s2@group-1EAC51517DF7-LeaderStateImpl: Lost leadership on term: 2. Election timeout: 300ms. In charge for: 704ms. Conf: 32: [s0|rpc:localhost:41403|admin:localhost:45983|client:localhost:35061|dataStream:localhost:41947|priority:0, s1|rpc:localhost:37825|admin:localhost:33367|client:localhost:37897|dataStream:localhost:41415|priority:0, s2|rpc:localhost:38995|admin:localhost:46591|client:localhost:33971|dataStream:localhost:36363|priority:0], old=null
2022-06-30 09:07:49,902 [grpc-default-executor-2] WARN  server.RaftServer$Division (LeaderStateImpl.java:lambda$checkLeadership$17(1022)) - Follower s2@group-1EAC51517DF7->s0(c33,m33,n35, attendVote=true, lastRpcSendTime=3, lastRpcResponseTime=365)
2022-06-30 09:07:49,903 [grpc-default-executor-2] WARN  server.RaftServer$Division (LeaderStateImpl.java:lambda$checkLeadership$17(1022)) - Follower s2@group-1EAC51517DF7->s1(c33,m33,n35, attendVote=true, lastRpcSendTime=3, lastRpcResponseTime=392)
2022-06-30 09:07:49,903 [grpc-default-executor-2] INFO  server.RaftServer$Division (RaftServerImpl.java:setRole(299)) - s2@group-1EAC51517DF7: changes role from    LEADER to FOLLOWER at term 2 for StepDownReason:LOST_MAJORITY_HEARTBEATS
2022-06-30 09:07:49,903 [grpc-default-executor-2] INFO  impl.RoleInfo (RoleInfo.java:shutdownLeaderState(93)) - s2: shutdown s2@group-1EAC51517DF7-LeaderStateImpl
2022-06-30 09:07:49,903 [s2@group-1EAC51517DF7->s0-GrpcLogAppender-LogAppenderDaemon] WARN  server.GrpcLogAppender (GrpcLogAppender.java:mayWait(172)) - s2@group-1EAC51517DF7->s0-GrpcLogAppender: Wait interrupted by java.lang.InterruptedException
2022-06-30 09:07:49,902 [grpc-default-executor-16] INFO  server.RaftServer$Division (RaftServerImpl.java:requestVote(1152)) - s0@group-1EAC51517DF7: receive requestVote(PRE_VOTE, s1, group-1EAC51517DF7, 2, (t:2, i:33))
2022-06-30 09:07:49,902 [s1-server-thread1] INFO  server.RaftServer$Division (ServerState.java:setLeader(291)) - s1@group-1EAC51517DF7: change Leader from null to s2 at term 2 for appendEntries, leader elected after 101ms
2022-06-30 09:07:49,928 [s2@group-1EAC51517DF7->s1-GrpcLogAppender-LogAppenderDaemon] WARN  server.GrpcLogAppender (GrpcLogAppender.java:mayWait(172)) - s2@group-1EAC51517DF7->s1-GrpcLogAppender: Wait interrupted by java.lang.InterruptedException
2022-06-30 09:07:49,929 [grpc-default-executor-2] INFO  impl.PendingRequests (PendingRequests.java:sendNotLeaderResponses(282)) - s2@group-1EAC51517DF7-PendingRequests: sendNotLeaderResponses
2022-06-30 09:07:49,930 [s1-server-thread1] INFO  statemachine.StateMachine (DataStreamTestUtils.java:link(157)) - link null
2022-06-30 09:07:49,931 [grpc-default-executor-16] INFO  impl.VoteContext (VoteContext.java:log(48)) - s0@group-1EAC51517DF7-FOLLOWER: reject PRE_VOTE from s1: this server is a follower and still has a valid leader s2
2022-06-30 09:07:49,931 [grpc-default-executor-0] INFO  server.GrpcServerProtocolService (GrpcServerProtocolService.java:onCompleted(140)) - s1: Completed APPEND_ENTRIES, lastRequest: s2->s1#17-t2,previous=(t:2, i:33),leaderCommit=33,initializing? true,entries: size=1, first=(t:2, i:34), STATEMACHINELOGENTRY, 392@client-5EAF4E226286
2022-06-30 09:07:49,931 [grpc-default-executor-16] INFO  server.RaftServer$Division (RaftServerImpl.java:requestVote(1184)) - s0@group-1EAC51517DF7 replies to PRE_VOTE vote request: s1<-s0#0:FAIL-t2. Peer's state: s0@group-1EAC51517DF7:t2, leader=s2, voted=s2, raftlog=s0@group-1EAC51517DF7-SegmentedRaftLog:OPENED:c33, conf=32: [s0|rpc:localhost:41403|admin:localhost:45983|client:localhost:35061|dataStream:localhost:41947|priority:0, s1|rpc:localhost:37825|admin:localhost:33367|client:localhost:37897|dataStream:localhost:41415|priority:0, s2|rpc:localhost:38995|admin:localhost:46591|client:localhost:33971|dataStream:localhost:36363|priority:0], old=null
2022-06-30 09:07:49,932 [grpc-default-executor-16] INFO  server.GrpcLogAppender (GrpcLogAppender.java:onCompleted(340)) - s2@group-1EAC51517DF7->s1-AppendLogResponseHandler: follower responses appendEntries COMPLETED
2022-06-30 09:07:49,932 [grpc-default-executor-16] INFO  leader.FollowerInfo (FollowerInfoImpl.java:lambda$new$0(48)) - s2@group-1EAC51517DF7->s1: nextIndex: updateUnconditionally 35 -> 34
2022-06-30 09:07:49,946 [grpc-default-executor-15] INFO  server.GrpcServerProtocolService (GrpcServerProtocolService.java:onCompleted(140)) - s0: Completed APPEND_ENTRIES, lastRequest: s2->s0#18-t2,previous=(t:2, i:33),leaderCommit=33,initializing? true,entries: size=1, first=(t:2, i:34), STATEMACHINELOGENTRY, 392@client-5EAF4E226286
2022-06-30 09:07:49,950 [s1@group-1EAC51517DF7-LeaderElection6] INFO  impl.LeaderElection (LeaderElection.java:logAndReturn(90)) - s1@group-1EAC51517DF7-LeaderElection6: PRE_VOTE REJECTED received 1 response(s) and 0 exception(s):
2022-06-30 09:07:49,950 [s1@group-1EAC51517DF7-LeaderElection6] INFO  impl.LeaderElection (LeaderElection.java:logAndReturn(94)) -   Response 0: s1<-s0#0:FAIL-t2
2022-06-30 09:07:49,950 [s1@group-1EAC51517DF7-LeaderElection6] INFO  impl.LeaderElection (LeaderElection.java:askForVotes(312)) - s1@group-1EAC51517DF7-LeaderElection6 PRE_VOTE round 0: result REJECTED
2022-06-30 09:07:49,950 [grpc-default-executor-0] INFO  server.GrpcLogAppender (GrpcLogAppender.java:onCompleted(340)) - s2@group-1EAC51517DF7->s0-AppendLogResponseHandler: follower responses appendEntries COMPLETED
2022-06-30 09:07:49,950 [grpc-default-executor-0] INFO  leader.FollowerInfo (FollowerInfoImpl.java:lambda$new$0(48)) - s2@group-1EAC51517DF7->s0: nextIndex: updateUnconditionally 35 -> 34
2022-06-30 09:07:49,958 [grpc-default-executor-2] INFO  impl.RoleInfo (RoleInfo.java:updateAndGet(139)) - s2: start s2@group-1EAC51517DF7-FollowerState
2022-06-30 09:07:49,968 [grpc-default-executor-2] INFO  impl.VoteContext (VoteContext.java:log(48)) - s2@group-1EAC51517DF7-FOLLOWER: reject PRE_VOTE from s1: this server is a follower and still has a valid leader s2
2022-06-30 09:07:49,968 [grpc-default-executor-2] INFO  server.RaftServer$Division (RaftServerImpl.java:requestVote(1184)) - s2@group-1EAC51517DF7 replies to PRE_VOTE vote request: s1<-s2#0:FAIL-t2. Peer's state: s2@group-1EAC51517DF7:t2, leader=s2, voted=s2, raftlog=s2@group-1EAC51517DF7-SegmentedRaftLog:OPENED:c33, conf=32: [s0|rpc:localhost:41403|admin:localhost:45983|client:localhost:35061|dataStream:localhost:41947|priority:0, s1|rpc:localhost:37825|admin:localhost:33367|client:localhost:37897|dataStream:localhost:41415|priority:0, s2|rpc:localhost:38995|admin:localhost:46591|client:localhost:33971|dataStream:localhost:36363|priority:0], old=null
2022-06-30 09:07:50,132 [s2@group-1EAC51517DF7-FollowerState] INFO  impl.FollowerState (FollowerState.java:lostMajorityHeartbeatsRecently(108)) - s2@group-1EAC51517DF7-FollowerState: Skipping leader election since it stepped down recently (elapsed = 174ms < waitTime = 10s)
2022-06-30 09:07:50,226 [s1@group-1EAC51517DF7-FollowerState] INFO  impl.FollowerState (FollowerState.java:run(143)) - s1@group-1EAC51517DF7-FollowerState: change to CANDIDATE, lastRpcElapsedTime:263309449ns, electionTimeout:161ms
2022-06-30 09:07:50,227 [s1@group-1EAC51517DF7-FollowerState] INFO  impl.RoleInfo (RoleInfo.java:shutdownFollowerState(110)) - s1: shutdown s1@group-1EAC51517DF7-FollowerState
2022-06-30 09:07:50,227 [s1@group-1EAC51517DF7-FollowerState] INFO  server.RaftServer$Division (RaftServerImpl.java:setRole(299)) - s1@group-1EAC51517DF7: changes role from  FOLLOWER to CANDIDATE at term 2 for changeToCandidate
2022-06-30 09:07:50,227 [s1@group-1EAC51517DF7-FollowerState] INFO  server.RaftServerConfigKeys (ConfUtils.java:logGet(46)) - raft.server.leaderelection.pre-vote = true (default)
2022-06-30 09:07:50,227 [s1@group-1EAC51517DF7-FollowerState] INFO  impl.RoleInfo (RoleInfo.java:updateAndGet(139)) - s1: start s1@group-1EAC51517DF7-LeaderElection7
2022-06-30 09:07:50,241 [s1@group-1EAC51517DF7-LeaderElection7] INFO  server.RaftServer$Division (ServerState.java:setLeader(291)) - s1@group-1EAC51517DF7: change Leader from s2 to null at term 2 for PRE_VOTE
2022-06-30 09:07:50,251 [s1@group-1EAC51517DF7-LeaderElection7] INFO  impl.LeaderElection (LeaderElection.java:askForVotes(310)) - s1@group-1EAC51517DF7-LeaderElection7 PRE_VOTE round 0: submit vote requests at term 2 for 32: [s0|rpc:localhost:41403|admin:localhost:45983|client:localhost:35061|dataStream:localhost:41947|priority:0, s1|rpc:localhost:37825|admin:localhost:33367|client:localhost:37897|dataStream:localhost:41415|priority:0, s2|rpc:localhost:38995|admin:localhost:46591|client:localhost:33971|dataStream:localhost:36363|priority:0], old=null
2022-06-30 09:07:50,260 [grpc-default-executor-15] INFO  server.RaftServer$Division (RaftServerImpl.java:requestVote(1152)) - s2@group-1EAC51517DF7: receive requestVote(PRE_VOTE, s1, group-1EAC51517DF7, 2, (t:2, i:34))
2022-06-30 09:07:50,260 [grpc-default-executor-15] INFO  impl.VoteContext (VoteContext.java:log(48)) - s2@group-1EAC51517DF7-FOLLOWER: accept PRE_VOTE from s1: our priority 0 <= candidate's priority 0
2022-06-30 09:07:50,260 [grpc-default-executor-15] INFO  server.RaftServer$Division (RaftServerImpl.java:requestVote(1184)) - s2@group-1EAC51517DF7 replies to PRE_VOTE vote request: s1<-s2#0:OK-t2. Peer's state: s2@group-1EAC51517DF7:t2, leader=s2, voted=s2, raftlog=s2@group-1EAC51517DF7-SegmentedRaftLog:OPENED:c33, conf=32: [s0|rpc:localhost:41403|admin:localhost:45983|client:localhost:35061|dataStream:localhost:41947|priority:0, s1|rpc:localhost:37825|admin:localhost:33367|client:localhost:37897|dataStream:localhost:41415|priority:0, s2|rpc:localhost:38995|admin:localhost:46591|client:localhost:33971|dataStream:localhost:36363|priority:0], old=null
2022-06-30 09:07:50,261 [s1@group-1EAC51517DF7-LeaderElection7] INFO  impl.LeaderElection (LeaderElection.java:logAndReturn(90)) - s1@group-1EAC51517DF7-LeaderElection7: PRE_VOTE PASSED received 1 response(s) and 0 exception(s):
2022-06-30 09:07:50,262 [s1@group-1EAC51517DF7-LeaderElection7] INFO  impl.LeaderElection (LeaderElection.java:logAndReturn(94)) -   Response 0: s1<-s2#0:OK-t2
2022-06-30 09:07:50,262 [s1@group-1EAC51517DF7-LeaderElection7] INFO  impl.LeaderElection (LeaderElection.java:askForVotes(312)) - s1@group-1EAC51517DF7-LeaderElection7 PRE_VOTE round 0: result PASSED
2022-06-30 09:07:50,267 [grpc-default-executor-15] INFO  server.RaftServer$Division (RaftServerImpl.java:requestVote(1152)) - s0@group-1EAC51517DF7: receive requestVote(PRE_VOTE, s1, group-1EAC51517DF7, 2, (t:2, i:34))
2022-06-30 09:07:50,279 [grpc-default-executor-15] INFO  impl.VoteContext (VoteContext.java:log(48)) - s0@group-1EAC51517DF7-FOLLOWER: accept PRE_VOTE from s1: our priority 0 <= candidate's priority 0
2022-06-30 09:07:50,279 [grpc-default-executor-15] INFO  server.RaftServer$Division (RaftServerImpl.java:requestVote(1184)) - s0@group-1EAC51517DF7 replies to PRE_VOTE vote request: s1<-s0#0:OK-t2. Peer's state: s0@group-1EAC51517DF7:t2, leader=s2, voted=s2, raftlog=s0@group-1EAC51517DF7-SegmentedRaftLog:OPENED:c33, conf=32: [s0|rpc:localhost:41403|admin:localhost:45983|client:localhost:35061|dataStream:localhost:41947|priority:0, s1|rpc:localhost:37825|admin:localhost:33367|client:localhost:37897|dataStream:localhost:41415|priority:0, s2|rpc:localhost:38995|admin:localhost:46591|client:localhost:33971|dataStream:localhost:36363|priority:0], old=null
2022-06-30 09:07:50,275 [s1@group-1EAC51517DF7-LeaderElection7] INFO  impl.LeaderElection (LeaderElection.java:askForVotes(310)) - s1@group-1EAC51517DF7-LeaderElection7 ELECTION round 0: submit vote requests at term 3 for 32: [s0|rpc:localhost:41403|admin:localhost:45983|client:localhost:35061|dataStream:localhost:41947|priority:0, s1|rpc:localhost:37825|admin:localhost:33367|client:localhost:37897|dataStream:localhost:41415|priority:0, s2|rpc:localhost:38995|admin:localhost:46591|client:localhost:33971|dataStream:localhost:36363|priority:0], old=null
2022-06-30 09:07:50,294 [grpc-default-executor-15] INFO  server.RaftServer$Division (RaftServerImpl.java:requestVote(1152)) - s0@group-1EAC51517DF7: receive requestVote(ELECTION, s1, group-1EAC51517DF7, 3, (t:2, i:34))
2022-06-30 09:07:50,295 [grpc-default-executor-15] INFO  impl.VoteContext (VoteContext.java:log(48)) - s0@group-1EAC51517DF7-FOLLOWER: accept ELECTION from s1: our priority 0 <= candidate's priority 0
2022-06-30 09:07:50,295 [grpc-default-executor-15] INFO  server.RaftServer$Division (ServerState.java:setLeader(291)) - s0@group-1EAC51517DF7: change Leader from s2 to null at term 3 for updateCurrentTerm
2022-06-30 09:07:50,295 [grpc-default-executor-15] INFO  server.RaftServer$Division (RaftServerImpl.java:setRole(299)) - s0@group-1EAC51517DF7: changes role from  FOLLOWER to FOLLOWER at term 3 for candidate:s1
2022-06-30 09:07:50,295 [grpc-default-executor-15] INFO  impl.RoleInfo (RoleInfo.java:shutdownFollowerState(110)) - s0: shutdown s0@group-1EAC51517DF7-FollowerState
2022-06-30 09:07:50,295 [grpc-default-executor-15] INFO  impl.RoleInfo (RoleInfo.java:updateAndGet(139)) - s0: start s0@group-1EAC51517DF7-FollowerState
2022-06-30 09:07:50,295 [s0@group-1EAC51517DF7-FollowerState] INFO  impl.FollowerState (FollowerState.java:run(152)) - s0@group-1EAC51517DF7-FollowerState was interrupted
2022-06-30 09:07:50,308 [grpc-default-executor-15] INFO  server.RaftServer$Division (RaftServerImpl.java:requestVote(1184)) - s0@group-1EAC51517DF7 replies to ELECTION vote request: s1<-s0#0:OK-t3. Peer's state: s0@group-1EAC51517DF7:t3, leader=null, voted=s1, raftlog=s0@group-1EAC51517DF7-SegmentedRaftLog:OPENED:c33, conf=32: [s0|rpc:localhost:41403|admin:localhost:45983|client:localhost:35061|dataStream:localhost:41947|priority:0, s1|rpc:localhost:37825|admin:localhost:33367|client:localhost:37897|dataStream:localhost:41415|priority:0, s2|rpc:localhost:38995|admin:localhost:46591|client:localhost:33971|dataStream:localhost:36363|priority:0], old=null
2022-06-30 09:07:50,295 [grpc-default-executor-2] INFO  server.RaftServer$Division (RaftServerImpl.java:requestVote(1152)) - s2@group-1EAC51517DF7: receive requestVote(ELECTION, s1, group-1EAC51517DF7, 3, (t:2, i:34))
2022-06-30 09:07:50,320 [grpc-default-executor-2] INFO  impl.VoteContext (VoteContext.java:log(48)) - s2@group-1EAC51517DF7-FOLLOWER: accept ELECTION from s1: our priority 0 <= candidate's priority 0
2022-06-30 09:07:50,320 [grpc-default-executor-2] INFO  server.RaftServer$Division (ServerState.java:setLeader(291)) - s2@group-1EAC51517DF7: change Leader from s2 to null at term 3 for updateCurrentTerm
2022-06-30 09:07:50,320 [grpc-default-executor-2] INFO  server.RaftServer$Division (RaftServerImpl.java:setRole(299)) - s2@group-1EAC51517DF7: changes role from  FOLLOWER to FOLLOWER at term 3 for candidate:s1
2022-06-30 09:07:50,320 [grpc-default-executor-2] INFO  impl.RoleInfo (RoleInfo.java:shutdownFollowerState(110)) - s2: shutdown s2@group-1EAC51517DF7-FollowerState
2022-06-30 09:07:50,320 [grpc-default-executor-2] INFO  impl.RoleInfo (RoleInfo.java:updateAndGet(139)) - s2: start s2@group-1EAC51517DF7-FollowerState
2022-06-30 09:07:50,321 [s2@group-1EAC51517DF7-FollowerState] INFO  impl.FollowerState (FollowerState.java:run(152)) - s2@group-1EAC51517DF7-FollowerState was interrupted
2022-06-30 09:07:50,325 [s1@group-1EAC51517DF7-LeaderElection7] INFO  impl.LeaderElection (LeaderElection.java:logAndReturn(90)) - s1@group-1EAC51517DF7-LeaderElection7: ELECTION PASSED received 1 response(s) and 0 exception(s):
2022-06-30 09:07:50,325 [s1@group-1EAC51517DF7-LeaderElection7] INFO  impl.LeaderElection (LeaderElection.java:logAndReturn(94)) -   Response 0: s1<-s0#0:OK-t3
2022-06-30 09:07:50,325 [s1@group-1EAC51517DF7-LeaderElection7] INFO  impl.LeaderElection (LeaderElection.java:askForVotes(312)) - s1@group-1EAC51517DF7-LeaderElection7 ELECTION round 0: result PASSED
2022-06-30 09:07:50,325 [s1@group-1EAC51517DF7-LeaderElection7] INFO  impl.RoleInfo (RoleInfo.java:shutdownLeaderElection(130)) - s1: shutdown s1@group-1EAC51517DF7-LeaderElection7
2022-06-30 09:07:50,325 [s1@group-1EAC51517DF7-LeaderElection7] INFO  server.RaftServer$Division (RaftServerImpl.java:setRole(299)) - s1@group-1EAC51517DF7: changes role from CANDIDATE to LEADER at term 3 for changeToLeader
2022-06-30 09:07:50,326 [s1@group-1EAC51517DF7-LeaderElection7] INFO  server.RaftServer$Division (ServerState.java:setLeader(291)) - s1@group-1EAC51517DF7: change Leader from null to s1 at term 3 for becomeLeader, leader elected after 85ms
2022-06-30 09:07:50,326 [s1@group-1EAC51517DF7-LeaderElection7] INFO  server.RaftServerConfigKeys (ConfUtils.java:logGet(46)) - raft.server.staging.catchup.gap = 1000 (default)
2022-06-30 09:07:50,326 [s1@group-1EAC51517DF7-LeaderElection7] INFO  server.RaftServerConfigKeys (ConfUtils.java:logGet(46)) - raft.server.write.element-limit = 4096 (default)
2022-06-30 09:07:50,326 [s1@group-1EAC51517DF7-LeaderElection7] INFO  server.RaftServerConfigKeys (ConfUtils.java:logGet(46)) - raft.server.write.byte-limit = 64MB (=67108864) (default)
2022-06-30 09:07:50,326 [s1@group-1EAC51517DF7-LeaderElection7] INFO  server.RaftServerConfigKeys (ConfUtils.java:logGet(46)) - raft.server.watch.timeout = 10s (default)
2022-06-30 09:07:50,329 [s1@group-1EAC51517DF7-LeaderElection7] INFO  server.RaftServerConfigKeys (ConfUtils.java:logGet(46)) - raft.server.watch.timeout.denomination = 1s (default)
2022-06-30 09:07:50,329 [s1@group-1EAC51517DF7-LeaderElection7] INFO  server.RaftServerConfigKeys (ConfUtils.java:logGet(46)) - raft.server.watch.element-limit = 65536 (default)
2022-06-30 09:07:50,329 [s1@group-1EAC51517DF7-LeaderElection7] INFO  server.RaftServerConfigKeys (ConfUtils.java:logGet(46)) - raft.server.write.element-limit = 4096 (default)
2022-06-30 09:07:50,329 [s1@group-1EAC51517DF7-LeaderElection7] INFO  server.RaftServerConfigKeys (ConfUtils.java:logGet(46)) - raft.server.write.follower.gap.ratio.max = -1.0 (default)
2022-06-30 09:07:50,331 [grpc-default-executor-2] INFO  server.RaftServer$Division (RaftServerImpl.java:requestVote(1184)) - s2@group-1EAC51517DF7 replies to ELECTION vote request: s1<-s2#0:OK-t3. Peer's state: s2@group-1EAC51517DF7:t3, leader=null, voted=s1, raftlog=s2@group-1EAC51517DF7-SegmentedRaftLog:OPENED:c33, conf=32: [s0|rpc:localhost:41403|admin:localhost:45983|client:localhost:35061|dataStream:localhost:41947|priority:0, s1|rpc:localhost:37825|admin:localhost:33367|client:localhost:37897|dataStream:localhost:41415|priority:0, s2|rpc:localhost:38995|admin:localhost:46591|client:localhost:33971|dataStream:localhost:36363|priority:0], old=null
2022-06-30 09:07:50,332 [s1@group-1EAC51517DF7-LeaderElection7] INFO  server.RaftServerConfigKeys (ConfUtils.java:logGet(46)) - raft.server.log.appender.snapshot.chunk.size.max = 16MB (=16777216) (default)
2022-06-30 09:07:50,332 [s1@group-1EAC51517DF7-LeaderElection7] INFO  server.RaftServerConfigKeys (ConfUtils.java:logGet(46)) - raft.server.log.appender.buffer.byte-limit = 4MB (=4194304) (default)
2022-06-30 09:07:50,332 [s1@group-1EAC51517DF7-LeaderElection7] INFO  server.RaftServerConfigKeys (ConfUtils.java:logGet(46)) - raft.server.log.appender.buffer.element-limit = 0 (default)
2022-06-30 09:07:50,332 [s1@group-1EAC51517DF7-LeaderElection7] INFO  grpc.GrpcConfigKeys (ConfUtils.java:logGet(46)) - raft.grpc.server.leader.outstanding.appends.max = 128 (default)
2022-06-30 09:07:50,332 [s1@group-1EAC51517DF7-LeaderElection7] INFO  server.RaftServerConfigKeys (ConfUtils.java:logGet(46)) - raft.server.rpc.request.timeout = 3000ms (default)
2022-06-30 09:07:50,332 [s1@group-1EAC51517DF7-LeaderElection7] INFO  server.RaftServerConfigKeys (ConfUtils.java:logGet(46)) - raft.server.log.appender.install.snapshot.enabled = true (default)
2022-06-30 09:07:50,350 [s1@group-1EAC51517DF7-LeaderElection7] INFO  server.RaftServerConfigKeys (ConfUtils.java:logGet(46)) - raft.server.log.appender.snapshot.chunk.size.max = 16MB (=16777216) (default)
2022-06-30 09:07:50,351 [s1@group-1EAC51517DF7-LeaderElection7] INFO  server.RaftServerConfigKeys (ConfUtils.java:logGet(46)) - raft.server.log.appender.buffer.byte-limit = 4MB (=4194304) (default)
2022-06-30 09:07:50,353 [s1@group-1EAC51517DF7-LeaderElection7] INFO  server.RaftServerConfigKeys (ConfUtils.java:logGet(46)) - raft.server.log.appender.buffer.element-limit = 0 (default)
2022-06-30 09:07:50,358 [s1@group-1EAC51517DF7-LeaderElection7] INFO  grpc.GrpcConfigKeys (ConfUtils.java:logGet(46)) - raft.grpc.server.leader.outstanding.appends.max = 128 (default)
2022-06-30 09:07:50,358 [s1@group-1EAC51517DF7-LeaderElection7] INFO  server.RaftServerConfigKeys (ConfUtils.java:logGet(46)) - raft.server.rpc.request.timeout = 3000ms (default)
2022-06-30 09:07:50,358 [s1@group-1EAC51517DF7-LeaderElection7] INFO  server.RaftServerConfigKeys (ConfUtils.java:logGet(46)) - raft.server.log.appender.install.snapshot.enabled = true (default)
2022-06-30 09:07:50,358 [s1@group-1EAC51517DF7-LeaderElection7] INFO  impl.RoleInfo (RoleInfo.java:updateAndGet(139)) - s1: start s1@group-1EAC51517DF7-LeaderStateImpl
2022-06-30 09:07:50,359 [s1@group-1EAC51517DF7-LeaderElection7] INFO  segmented.SegmentedRaftLogWorker (SegmentedRaftLogWorker.java:rollLogSegment(430)) - s1@group-1EAC51517DF7-SegmentedRaftLogWorker: Rolling segment log-32_34 to index:34
2022-06-30 09:07:50,364 [s0-server-thread1] INFO  server.RaftServer$Division (ServerState.java:setLeader(291)) - s0@group-1EAC51517DF7: change Leader from null to s1 at term 3 for appendEntries, leader elected after 68ms
2022-06-30 09:07:50,377 [s1@group-1EAC51517DF7-LeaderElection7] INFO  server.RaftServer$Division (ServerState.java:setRaftConf(397)) - s1@group-1EAC51517DF7: set configuration 35: [s0|rpc:localhost:41403|admin:localhost:45983|client:localhost:35061|dataStream:localhost:41947|priority:0, s1|rpc:localhost:37825|admin:localhost:33367|client:localhost:37897|dataStream:localhost:41415|priority:0, s2|rpc:localhost:38995|admin:localhost:46591|client:localhost:33971|dataStream:localhost:36363|priority:0], old=null
2022-06-30 09:07:50,386 [s2-server-thread1] INFO  server.RaftServer$Division (ServerState.java:setLeader(291)) - s2@group-1EAC51517DF7: change Leader from null to s1 at term 3 for appendEntries, leader elected after 66ms
2022-06-30 09:07:50,387 [s0-server-thread1] INFO  server.RaftServer$Division (ServerState.java:setRaftConf(397)) - s0@group-1EAC51517DF7: set configuration 35: [s0|rpc:localhost:41403|admin:localhost:45983|client:localhost:35061|dataStream:localhost:41947|priority:0, s1|rpc:localhost:37825|admin:localhost:33367|client:localhost:37897|dataStream:localhost:41415|priority:0, s2|rpc:localhost:38995|admin:localhost:46591|client:localhost:33971|dataStream:localhost:36363|priority:0], old=null
2022-06-30 09:07:50,387 [s0-server-thread1] INFO  segmented.SegmentedRaftLogWorker (SegmentedRaftLogWorker.java:rollLogSegment(430)) - s0@group-1EAC51517DF7-SegmentedRaftLogWorker: Rolling segment log-32_34 to index:34
2022-06-30 09:07:50,391 [s2-server-thread1] INFO  server.RaftServer$Division (ServerState.java:setRaftConf(397)) - s2@group-1EAC51517DF7: set configuration 35: [s0|rpc:localhost:41403|admin:localhost:45983|client:localhost:35061|dataStream:localhost:41947|priority:0, s1|rpc:localhost:37825|admin:localhost:33367|client:localhost:37897|dataStream:localhost:41415|priority:0, s2|rpc:localhost:38995|admin:localhost:46591|client:localhost:33971|dataStream:localhost:36363|priority:0], old=null
2022-06-30 09:07:50,391 [s2-server-thread1] INFO  segmented.SegmentedRaftLogWorker (SegmentedRaftLogWorker.java:rollLogSegment(430)) - s2@group-1EAC51517DF7-SegmentedRaftLogWorker: Rolling segment log-32_34 to index:34
2022-06-30 09:07:53,377 [java.util.concurrent.ThreadPoolExecutor$Worker@da26062[State = -1, empty queue]] WARN  server.GrpcLogAppender (GrpcLogAppender.java:timeoutAppendRequest(240)) - s1@group-1EAC51517DF7->s0-GrpcLogAppender:  appendEntries Timeout, request=AppendEntriesRequest:cid=1,entriesCount=1,lastEntry=(t:3, i:35)
2022-06-30 09:07:53,386 [java.util.concurrent.ThreadPoolExecutor$Worker@da26062[State = -1, empty queue]] WARN  server.GrpcLogAppender (GrpcLogAppender.java:timeoutAppendRequest(240)) - s1@group-1EAC51517DF7->s2-GrpcLogAppender:  appendEntries Timeout, request=AppendEntriesRequest:cid=1,entriesCount=1,lastEntry=(t:3, i:35)
2022-06-30 09:07:55,073 [Timer-2] INFO  impl.MiniRaftCluster (MiniRaftCluster.java:lambda$null$6(325)) - TIMED-PRINT: printing ALL groups
  s0:  RUNNING  FOLLOWER s0@group-1EAC51517DF7:t3, leader=s1, voted=s1, raftlog=s0@group-1EAC51517DF7-SegmentedRaftLog:OPENED:c33, conf=35: [s0|rpc:localhost:41403|admin:localhost:45983|client:localhost:35061|dataStream:localhost:41947|priority:0, s1|rpc:localhost:37825|admin:localhost:33367|client:localhost:37897|dataStream:localhost:41415|priority:0, s2|rpc:localhost:38995|admin:localhost:46591|client:localhost:33971|dataStream:localhost:36363|priority:0], old=null RUNNING
  s1:  RUNNING    LEADER s1@group-1EAC51517DF7:t3, leader=s1, voted=s1, raftlog=s1@group-1EAC51517DF7-SegmentedRaftLog:OPENED:c33, conf=35: [s0|rpc:localhost:41403|admin:localhost:45983|client:localhost:35061|dataStream:localhost:41947|priority:0, s1|rpc:localhost:37825|admin:localhost:33367|client:localhost:37897|dataStream:localhost:41415|priority:0, s2|rpc:localhost:38995|admin:localhost:46591|client:localhost:33971|dataStream:localhost:36363|priority:0], old=null RUNNING
  s2:  RUNNING  FOLLOWER s2@group-1EAC51517DF7:t3, leader=s1, voted=s1, raftlog=s2@group-1EAC51517DF7-SegmentedRaftLog:OPENED:c33, conf=35: [s0|rpc:localhost:41403|admin:localhost:45983|client:localhost:35061|dataStream:localhost:41947|priority:0, s1|rpc:localhost:37825|admin:localhost:33367|client:localhost:37897|dataStream:localhost:41415|priority:0, s2|rpc:localhost:38995|admin:localhost:46591|client:localhost:33971|dataStream:localhost:36363|priority:0], old=null RUNNING
2022-06-30 09:08:01,208 [pool-9-thread-14] INFO  datastream.DataStreamTestUtils (DataStreamTestUtils.java:writeAndCloseAndAssertReplies(320)) - Stream381: bytesWritten=3751303
2022-06-30 09:08:01,565 [pool-9-thread-16] INFO  datastream.DataStreamTestUtils (DataStreamTestUtils.java:writeAndCloseAndAssertReplies(320)) - Stream396: bytesWritten=3755635
2022-06-30 09:08:01,587 [pool-9-thread-10] INFO  datastream.DataStreamTestUtils (DataStreamTestUtils.java:writeAndCloseAndAssertReplies(320)) - Stream395: bytesWritten=3732722
2022-06-30 09:08:01,687 [pool-9-thread-12] INFO  datastream.DataStreamTestUtils (DataStreamTestUtils.java:writeAndCloseAndAssertReplies(320)) - Stream394: bytesWritten=3746366
2022-06-30 09:08:01,771 [pool-9-thread-13] INFO  datastream.DataStreamTestUtils (DataStreamTestUtils.java:writeAndCloseAndAssertReplies(320)) - Stream398: bytesWritten=3743141
2022-06-30 09:08:01,787 [pool-9-thread-15] INFO  datastream.DataStreamTestUtils (DataStreamTestUtils.java:writeAndCloseAndAssertReplies(320)) - Stream397: bytesWritten=3759731
2022-06-30 09:08:05,074 [Timer-2] INFO  impl.MiniRaftCluster (MiniRaftCluster.java:lambda$null$6(325)) - TIMED-PRINT: printing ALL groups
  s0:  RUNNING  FOLLOWER s0@group-1EAC51517DF7:t3, leader=s1, voted=s1, raftlog=s0@group-1EAC51517DF7-SegmentedRaftLog:OPENED:c33, conf=35: [s0|rpc:localhost:41403|admin:localhost:45983|client:localhost:35061|dataStream:localhost:41947|priority:0, s1|rpc:localhost:37825|admin:localhost:33367|client:localhost:37897|dataStream:localhost:41415|priority:0, s2|rpc:localhost:38995|admin:localhost:46591|client:localhost:33971|dataStream:localhost:36363|priority:0], old=null RUNNING
  s1:  RUNNING    LEADER s1@group-1EAC51517DF7:t3, leader=s1, voted=s1, raftlog=s1@group-1EAC51517DF7-SegmentedRaftLog:OPENED:c33, conf=35: [s0|rpc:localhost:41403|admin:localhost:45983|client:localhost:35061|dataStream:localhost:41947|priority:0, s1|rpc:localhost:37825|admin:localhost:33367|client:localhost:37897|dataStream:localhost:41415|priority:0, s2|rpc:localhost:38995|admin:localhost:46591|client:localhost:33971|dataStream:localhost:36363|priority:0], old=null RUNNING
  s2:  RUNNING  FOLLOWER s2@group-1EAC51517DF7:t3, leader=s1, voted=s1, raftlog=s2@group-1EAC51517DF7-SegmentedRaftLog:OPENED:c33, conf=35: [s0|rpc:localhost:41403|admin:localhost:45983|client:localhost:35061|dataStream:localhost:41947|priority:0, s1|rpc:localhost:37825|admin:localhost:33367|client:localhost:37897|dataStream:localhost:41415|priority:0, s2|rpc:localhost:38995|admin:localhost:46591|client:localhost:33971|dataStream:localhost:36363|priority:0], old=null RUNNING
2022-06-30 09:08:15,073 [Timer-2] INFO  impl.MiniRaftCluster (MiniRaftCluster.java:lambda$null$6(325)) - TIMED-PRINT: printing ALL groups
  s0:  RUNNING  FOLLOWER s0@group-1EAC51517DF7:t3, leader=s1, voted=s1, raftlog=s0@group-1EAC51517DF7-SegmentedRaftLog:OPENED:c33, conf=35: [s0|rpc:localhost:41403|admin:localhost:45983|client:localhost:35061|dataStream:localhost:41947|priority:0, s1|rpc:localhost:37825|admin:localhost:33367|client:localhost:37897|dataStream:localhost:41415|priority:0, s2|rpc:localhost:38995|admin:localhost:46591|client:localhost:33971|dataStream:localhost:36363|priority:0], old=null RUNNING
  s1:  RUNNING    LEADER s1@group-1EAC51517DF7:t3, leader=s1, voted=s1, raftlog=s1@group-1EAC51517DF7-SegmentedRaftLog:OPENED:c33, conf=35: [s0|rpc:localhost:41403|admin:localhost:45983|client:localhost:35061|dataStream:localhost:41947|priority:0, s1|rpc:localhost:37825|admin:localhost:33367|client:localhost:37897|dataStream:localhost:41415|priority:0, s2|rpc:localhost:38995|admin:localhost:46591|client:localhost:33971|dataStream:localhost:36363|priority:0], old=null RUNNING
  s2:  RUNNING  FOLLOWER s2@group-1EAC51517DF7:t3, leader=s1, voted=s1, raftlog=s2@group-1EAC51517DF7-SegmentedRaftLog:OPENED:c33, conf=35: [s0|rpc:localhost:41403|admin:localhost:45983|client:localhost:35061|dataStream:localhost:41947|priority:0, s1|rpc:localhost:37825|admin:localhost:33367|client:localhost:37897|dataStream:localhost:41415|priority:0, s2|rpc:localhost:38995|admin:localhost:46591|client:localhost:33971|dataStream:localhost:36363|priority:0], old=null RUNNING
2022-06-30 09:08:25,074 [Timer-2] INFO  impl.MiniRaftCluster (MiniRaftCluster.java:lambda$null$6(325)) - TIMED-PRINT: printing ALL groups
  s0:  RUNNING  FOLLOWER s0@group-1EAC51517DF7:t3, leader=s1, voted=s1, raftlog=s0@group-1EAC51517DF7-SegmentedRaftLog:OPENED:c33, conf=35: [s0|rpc:localhost:41403|admin:localhost:45983|client:localhost:35061|dataStream:localhost:41947|priority:0, s1|rpc:localhost:37825|admin:localhost:33367|client:localhost:37897|dataStream:localhost:41415|priority:0, s2|rpc:localhost:38995|admin:localhost:46591|client:localhost:33971|dataStream:localhost:36363|priority:0], old=null RUNNING
  s1:  RUNNING    LEADER s1@group-1EAC51517DF7:t3, leader=s1, voted=s1, raftlog=s1@group-1EAC51517DF7-SegmentedRaftLog:OPENED:c33, conf=35: [s0|rpc:localhost:41403|admin:localhost:45983|client:localhost:35061|dataStream:localhost:41947|priority:0, s1|rpc:localhost:37825|admin:localhost:33367|client:localhost:37897|dataStream:localhost:41415|priority:0, s2|rpc:localhost:38995|admin:localhost:46591|client:localhost:33971|dataStream:localhost:36363|priority:0], old=null RUNNING
  s2:  RUNNING  FOLLOWER s2@group-1EAC51517DF7:t3, leader=s1, voted=s1, raftlog=s2@group-1EAC51517DF7-SegmentedRaftLog:OPENED:c33, conf=35: [s0|rpc:localhost:41403|admin:localhost:45983|client:localhost:35061|dataStream:localhost:41947|priority:0, s1|rpc:localhost:37825|admin:localhost:33367|client:localhost:37897|dataStream:localhost:41415|priority:0, s2|rpc:localhost:38995|admin:localhost:46591|client:localhost:33971|dataStream:localhost:36363|priority:0], old=null RUNNING
2022-06-30 09:08:35,073 [Timer-2] INFO  impl.MiniRaftCluster (MiniRaftCluster.java:lambda$null$6(325)) - TIMED-PRINT: printing ALL groups
  s0:  RUNNING  FOLLOWER s0@group-1EAC51517DF7:t3, leader=s1, voted=s1, raftlog=s0@group-1EAC51517DF7-SegmentedRaftLog:OPENED:c33, conf=35: [s0|rpc:localhost:41403|admin:localhost:45983|client:localhost:35061|dataStream:localhost:41947|priority:0, s1|rpc:localhost:37825|admin:localhost:33367|client:localhost:37897|dataStream:localhost:41415|priority:0, s2|rpc:localhost:38995|admin:localhost:46591|client:localhost:33971|dataStream:localhost:36363|priority:0], old=null RUNNING
  s1:  RUNNING    LEADER s1@group-1EAC51517DF7:t3, leader=s1, voted=s1, raftlog=s1@group-1EAC51517DF7-SegmentedRaftLog:OPENED:c33, conf=35: [s0|rpc:localhost:41403|admin:localhost:45983|client:localhost:35061|dataStream:localhost:41947|priority:0, s1|rpc:localhost:37825|admin:localhost:33367|client:localhost:37897|dataStream:localhost:41415|priority:0, s2|rpc:localhost:38995|admin:localhost:46591|client:localhost:33971|dataStream:localhost:36363|priority:0], old=null RUNNING
  s2:  RUNNING  FOLLOWER s2@group-1EAC51517DF7:t3, leader=s1, voted=s1, raftlog=s2@group-1EAC51517DF7-SegmentedRaftLog:OPENED:c33, conf=35: [s0|rpc:localhost:41403|admin:localhost:45983|client:localhost:35061|dataStream:localhost:41947|priority:0, s1|rpc:localhost:37825|admin:localhost:33367|client:localhost:37897|dataStream:localhost:41415|priority:0, s2|rpc:localhost:38995|admin:localhost:46591|client:localhost:33971|dataStream:localhost:36363|priority:0], old=null RUNNING
2022-06-30 09:08:45,074 [Timer-2] INFO  impl.MiniRaftCluster (MiniRaftCluster.java:lambda$null$6(325)) - TIMED-PRINT: printing ALL groups
  s0:  RUNNING  FOLLOWER s0@group-1EAC51517DF7:t3, leader=s1, voted=s1, raftlog=s0@group-1EAC51517DF7-SegmentedRaftLog:OPENED:c33, conf=35: [s0|rpc:localhost:41403|admin:localhost:45983|client:localhost:35061|dataStream:localhost:41947|priority:0, s1|rpc:localhost:37825|admin:localhost:33367|client:localhost:37897|dataStream:localhost:41415|priority:0, s2|rpc:localhost:38995|admin:localhost:46591|client:localhost:33971|dataStream:localhost:36363|priority:0], old=null RUNNING
  s1:  RUNNING    LEADER s1@group-1EAC51517DF7:t3, leader=s1, voted=s1, raftlog=s1@group-1EAC51517DF7-SegmentedRaftLog:OPENED:c33, conf=35: [s0|rpc:localhost:41403|admin:localhost:45983|client:localhost:35061|dataStream:localhost:41947|priority:0, s1|rpc:localhost:37825|admin:localhost:33367|client:localhost:37897|dataStream:localhost:41415|priority:0, s2|rpc:localhost:38995|admin:localhost:46591|client:localhost:33971|dataStream:localhost:36363|priority:0], old=null RUNNING
  s2:  RUNNING  FOLLOWER s2@group-1EAC51517DF7:t3, leader=s1, voted=s1, raftlog=s2@group-1EAC51517DF7-SegmentedRaftLog:OPENED:c33, conf=35: [s0|rpc:localhost:41403|admin:localhost:45983|client:localhost:35061|dataStream:localhost:41947|priority:0, s1|rpc:localhost:37825|admin:localhost:33367|client:localhost:37897|dataStream:localhost:41415|priority:0, s2|rpc:localhost:38995|admin:localhost:46591|client:localhost:33971|dataStream:localhost:36363|priority:0], old=null RUNNING
2022-06-30 09:08:55,073 [Timer-2] INFO  impl.MiniRaftCluster (MiniRaftCluster.java:lambda$null$6(325)) - TIMED-PRINT: printing ALL groups
  s0:  RUNNING  FOLLOWER s0@group-1EAC51517DF7:t3, leader=s1, voted=s1, raftlog=s0@group-1EAC51517DF7-SegmentedRaftLog:OPENED:c33, conf=35: [s0|rpc:localhost:41403|admin:localhost:45983|client:localhost:35061|dataStream:localhost:41947|priority:0, s1|rpc:localhost:37825|admin:localhost:33367|client:localhost:37897|dataStream:localhost:41415|priority:0, s2|rpc:localhost:38995|admin:localhost:46591|client:localhost:33971|dataStream:localhost:36363|priority:0], old=null RUNNING
  s1:  RUNNING    LEADER s1@group-1EAC51517DF7:t3, leader=s1, voted=s1, raftlog=s1@group-1EAC51517DF7-SegmentedRaftLog:OPENED:c33, conf=35: [s0|rpc:localhost:41403|admin:localhost:45983|client:localhost:35061|dataStream:localhost:41947|priority:0, s1|rpc:localhost:37825|admin:localhost:33367|client:localhost:37897|dataStream:localhost:41415|priority:0, s2|rpc:localhost:38995|admin:localhost:46591|client:localhost:33971|dataStream:localhost:36363|priority:0], old=null RUNNING
  s2:  RUNNING  FOLLOWER s2@group-1EAC51517DF7:t3, leader=s1, voted=s1, raftlog=s2@group-1EAC51517DF7-SegmentedRaftLog:OPENED:c33, conf=35: [s0|rpc:localhost:41403|admin:localhost:45983|client:localhost:35061|dataStream:localhost:41947|priority:0, s1|rpc:localhost:37825|admin:localhost:33367|client:localhost:37897|dataStream:localhost:41415|priority:0, s2|rpc:localhost:38995|admin:localhost:46591|client:localhost:33971|dataStream:localhost:36363|priority:0], old=null RUNNING
2022-06-30 09:09:05,074 [Timer-2] INFO  impl.MiniRaftCluster (MiniRaftCluster.java:lambda$null$6(325)) - TIMED-PRINT: printing ALL groups
  s0:  RUNNING  FOLLOWER s0@group-1EAC51517DF7:t3, leader=s1, voted=s1, raftlog=s0@group-1EAC51517DF7-SegmentedRaftLog:OPENED:c33, conf=35: [s0|rpc:localhost:41403|admin:localhost:45983|client:localhost:35061|dataStream:localhost:41947|priority:0, s1|rpc:localhost:37825|admin:localhost:33367|client:localhost:37897|dataStream:localhost:41415|priority:0, s2|rpc:localhost:38995|admin:localhost:46591|client:localhost:33971|dataStream:localhost:36363|priority:0], old=null RUNNING
  s1:  RUNNING    LEADER s1@group-1EAC51517DF7:t3, leader=s1, voted=s1, raftlog=s1@group-1EAC51517DF7-SegmentedRaftLog:OPENED:c33, conf=35: [s0|rpc:localhost:41403|admin:localhost:45983|client:localhost:35061|dataStream:localhost:41947|priority:0, s1|rpc:localhost:37825|admin:localhost:33367|client:localhost:37897|dataStream:localhost:41415|priority:0, s2|rpc:localhost:38995|admin:localhost:46591|client:localhost:33971|dataStream:localhost:36363|priority:0], old=null RUNNING
  s2:  RUNNING  FOLLOWER s2@group-1EAC51517DF7:t3, leader=s1, voted=s1, raftlog=s2@group-1EAC51517DF7-SegmentedRaftLog:OPENED:c33, conf=35: [s0|rpc:localhost:41403|admin:localhost:45983|client:localhost:35061|dataStream:localhost:41947|priority:0, s1|rpc:localhost:37825|admin:localhost:33367|client:localhost:37897|dataStream:localhost:41415|priority:0, s2|rpc:localhost:38995|admin:localhost:46591|client:localhost:33971|dataStream:localhost:36363|priority:0], old=null RUNNING
2022-06-30 09:09:15,074 [Timer-2] INFO  impl.MiniRaftCluster (MiniRaftCluster.java:lambda$null$6(325)) - TIMED-PRINT: printing ALL groups
  s0:  RUNNING  FOLLOWER s0@group-1EAC51517DF7:t3, leader=s1, voted=s1, raftlog=s0@group-1EAC51517DF7-SegmentedRaftLog:OPENED:c33, conf=35: [s0|rpc:localhost:41403|admin:localhost:45983|client:localhost:35061|dataStream:localhost:41947|priority:0, s1|rpc:localhost:37825|admin:localhost:33367|client:localhost:37897|dataStream:localhost:41415|priority:0, s2|rpc:localhost:38995|admin:localhost:46591|client:localhost:33971|dataStream:localhost:36363|priority:0], old=null RUNNING
  s1:  RUNNING    LEADER s1@group-1EAC51517DF7:t3, leader=s1, voted=s1, raftlog=s1@group-1EAC51517DF7-SegmentedRaftLog:OPENED:c33, conf=35: [s0|rpc:localhost:41403|admin:localhost:45983|client:localhost:35061|dataStream:localhost:41947|priority:0, s1|rpc:localhost:37825|admin:localhost:33367|client:localhost:37897|dataStream:localhost:41415|priority:0, s2|rpc:localhost:38995|admin:localhost:46591|client:localhost:33971|dataStream:localhost:36363|priority:0], old=null RUNNING
  s2:  RUNNING  FOLLOWER s2@group-1EAC51517DF7:t3, leader=s1, voted=s1, raftlog=s2@group-1EAC51517DF7-SegmentedRaftLog:OPENED:c33, conf=35: [s0|rpc:localhost:41403|admin:localhost:45983|client:localhost:35061|dataStream:localhost:41947|priority:0, s1|rpc:localhost:37825|admin:localhost:33367|client:localhost:37897|dataStream:localhost:41415|priority:0, s2|rpc:localhost:38995|admin:localhost:46591|client:localhost:33971|dataStream:localhost:36363|priority:0], old=null RUNNING
2022-06-30 09:09:25,075 [Timer-2] INFO  impl.MiniRaftCluster (MiniRaftCluster.java:lambda$null$6(325)) - TIMED-PRINT: printing ALL groups
  s0:  RUNNING  FOLLOWER s0@group-1EAC51517DF7:t3, leader=s1, voted=s1, raftlog=s0@group-1EAC51517DF7-SegmentedRaftLog:OPENED:c33, conf=35: [s0|rpc:localhost:41403|admin:localhost:45983|client:localhost:35061|dataStream:localhost:41947|priority:0, s1|rpc:localhost:37825|admin:localhost:33367|client:localhost:37897|dataStream:localhost:41415|priority:0, s2|rpc:localhost:38995|admin:localhost:46591|client:localhost:33971|dataStream:localhost:36363|priority:0], old=null RUNNING
  s1:  RUNNING    LEADER s1@group-1EAC51517DF7:t3, leader=s1, voted=s1, raftlog=s1@group-1EAC51517DF7-SegmentedRaftLog:OPENED:c33, conf=35: [s0|rpc:localhost:41403|admin:localhost:45983|client:localhost:35061|dataStream:localhost:41947|priority:0, s1|rpc:localhost:37825|admin:localhost:33367|client:localhost:37897|dataStream:localhost:41415|priority:0, s2|rpc:localhost:38995|admin:localhost:46591|client:localhost:33971|dataStream:localhost:36363|priority:0], old=null RUNNING
  s2:  RUNNING  FOLLOWER s2@group-1EAC51517DF7:t3, leader=s1, voted=s1, raftlog=s2@group-1EAC51517DF7-SegmentedRaftLog:OPENED:c33, conf=35: [s0|rpc:localhost:41403|admin:localhost:45983|client:localhost:35061|dataStream:localhost:41947|priority:0, s1|rpc:localhost:37825|admin:localhost:33367|client:localhost:37897|dataStream:localhost:41415|priority:0, s2|rpc:localhost:38995|admin:localhost:46591|client:localhost:33971|dataStream:localhost:36363|priority:0], old=null RUNNING
2022-06-30 09:09:35,075 [Timer-2] INFO  impl.MiniRaftCluster (MiniRaftCluster.java:lambda$null$6(325)) - TIMED-PRINT: printing ALL groups
  s0:  RUNNING  FOLLOWER s0@group-1EAC51517DF7:t3, leader=s1, voted=s1, raftlog=s0@group-1EAC51517DF7-SegmentedRaftLog:OPENED:c33, conf=35: [s0|rpc:localhost:41403|admin:localhost:45983|client:localhost:35061|dataStream:localhost:41947|priority:0, s1|rpc:localhost:37825|admin:localhost:33367|client:localhost:37897|dataStream:localhost:41415|priority:0, s2|rpc:localhost:38995|admin:localhost:46591|client:localhost:33971|dataStream:localhost:36363|priority:0], old=null RUNNING
  s1:  RUNNING    LEADER s1@group-1EAC51517DF7:t3, leader=s1, voted=s1, raftlog=s1@group-1EAC51517DF7-SegmentedRaftLog:OPENED:c33, conf=35: [s0|rpc:localhost:41403|admin:localhost:45983|client:localhost:35061|dataStream:localhost:41947|priority:0, s1|rpc:localhost:37825|admin:localhost:33367|client:localhost:37897|dataStream:localhost:41415|priority:0, s2|rpc:localhost:38995|admin:localhost:46591|client:localhost:33971|dataStream:localhost:36363|priority:0], old=null RUNNING
  s2:  RUNNING  FOLLOWER s2@group-1EAC51517DF7:t3, leader=s1, voted=s1, raftlog=s2@group-1EAC51517DF7-SegmentedRaftLog:OPENED:c33, conf=35: [s0|rpc:localhost:41403|admin:localhost:45983|client:localhost:35061|dataStream:localhost:41947|priority:0, s1|rpc:localhost:37825|admin:localhost:33367|client:localhost:37897|dataStream:localhost:41415|priority:0, s2|rpc:localhost:38995|admin:localhost:46591|client:localhost:33971|dataStream:localhost:36363|priority:0], old=null RUNNING
2022-06-30 09:09:45,076 [Timer-2] INFO  impl.MiniRaftCluster (MiniRaftCluster.java:lambda$null$6(325)) - TIMED-PRINT: printing ALL groups
  s0:  RUNNING  FOLLOWER s0@group-1EAC51517DF7:t3, leader=s1, voted=s1, raftlog=s0@group-1EAC51517DF7-SegmentedRaftLog:OPENED:c33, conf=35: [s0|rpc:localhost:41403|admin:localhost:45983|client:localhost:35061|dataStream:localhost:41947|priority:0, s1|rpc:localhost:37825|admin:localhost:33367|client:localhost:37897|dataStream:localhost:41415|priority:0, s2|rpc:localhost:38995|admin:localhost:46591|client:localhost:33971|dataStream:localhost:36363|priority:0], old=null RUNNING
  s1:  RUNNING    LEADER s1@group-1EAC51517DF7:t3, leader=s1, voted=s1, raftlog=s1@group-1EAC51517DF7-SegmentedRaftLog:OPENED:c33, conf=35: [s0|rpc:localhost:41403|admin:localhost:45983|client:localhost:35061|dataStream:localhost:41947|priority:0, s1|rpc:localhost:37825|admin:localhost:33367|client:localhost:37897|dataStream:localhost:41415|priority:0, s2|rpc:localhost:38995|admin:localhost:46591|client:localhost:33971|dataStream:localhost:36363|priority:0], old=null RUNNING
  s2:  RUNNING  FOLLOWER s2@group-1EAC51517DF7:t3, leader=s1, voted=s1, raftlog=s2@group-1EAC51517DF7-SegmentedRaftLog:OPENED:c33, conf=35: [s0|rpc:localhost:41403|admin:localhost:45983|client:localhost:35061|dataStream:localhost:41947|priority:0, s1|rpc:localhost:37825|admin:localhost:33367|client:localhost:37897|dataStream:localhost:41415|priority:0, s2|rpc:localhost:38995|admin:localhost:46591|client:localhost:33971|dataStream:localhost:36363|priority:0], old=null RUNNING
2022-06-30 09:09:55,076 [Timer-2] INFO  impl.MiniRaftCluster (MiniRaftCluster.java:lambda$null$6(325)) - TIMED-PRINT: printing ALL groups
  s0:  RUNNING  FOLLOWER s0@group-1EAC51517DF7:t3, leader=s1, voted=s1, raftlog=s0@group-1EAC51517DF7-SegmentedRaftLog:OPENED:c33, conf=35: [s0|rpc:localhost:41403|admin:localhost:45983|client:localhost:35061|dataStream:localhost:41947|priority:0, s1|rpc:localhost:37825|admin:localhost:33367|client:localhost:37897|dataStream:localhost:41415|priority:0, s2|rpc:localhost:38995|admin:localhost:46591|client:localhost:33971|dataStream:localhost:36363|priority:0], old=null RUNNING
  s1:  RUNNING    LEADER s1@group-1EAC51517DF7:t3, leader=s1, voted=s1, raftlog=s1@group-1EAC51517DF7-SegmentedRaftLog:OPENED:c33, conf=35: [s0|rpc:localhost:41403|admin:localhost:45983|client:localhost:35061|dataStream:localhost:41947|priority:0, s1|rpc:localhost:37825|admin:localhost:33367|client:localhost:37897|dataStream:localhost:41415|priority:0, s2|rpc:localhost:38995|admin:localhost:46591|client:localhost:33971|dataStream:localhost:36363|priority:0], old=null RUNNING
  s2:  RUNNING  FOLLOWER s2@group-1EAC51517DF7:t3, leader=s1, voted=s1, raftlog=s2@group-1EAC51517DF7-SegmentedRaftLog:OPENED:c33, conf=35: [s0|rpc:localhost:41403|admin:localhost:45983|client:localhost:35061|dataStream:localhost:41947|priority:0, s1|rpc:localhost:37825|admin:localhost:33367|client:localhost:37897|dataStream:localhost:41415|priority:0, s2|rpc:localhost:38995|admin:localhost:46591|client:localhost:33971|dataStream:localhost:36363|priority:0], old=null RUNNING
2022-06-30 09:10:05,077 [Timer-2] INFO  impl.MiniRaftCluster (MiniRaftCluster.java:lambda$null$6(325)) - TIMED-PRINT: printing ALL groups
  s0:  RUNNING  FOLLOWER s0@group-1EAC51517DF7:t3, leader=s1, voted=s1, raftlog=s0@group-1EAC51517DF7-SegmentedRaftLog:OPENED:c33, conf=35: [s0|rpc:localhost:41403|admin:localhost:45983|client:localhost:35061|dataStream:localhost:41947|priority:0, s1|rpc:localhost:37825|admin:localhost:33367|client:localhost:37897|dataStream:localhost:41415|priority:0, s2|rpc:localhost:38995|admin:localhost:46591|client:localhost:33971|dataStream:localhost:36363|priority:0], old=null RUNNING
  s1:  RUNNING    LEADER s1@group-1EAC51517DF7:t3, leader=s1, voted=s1, raftlog=s1@group-1EAC51517DF7-SegmentedRaftLog:OPENED:c33, conf=35: [s0|rpc:localhost:41403|admin:localhost:45983|client:localhost:35061|dataStream:localhost:41947|priority:0, s1|rpc:localhost:37825|admin:localhost:33367|client:localhost:37897|dataStream:localhost:41415|priority:0, s2|rpc:localhost:38995|admin:localhost:46591|client:localhost:33971|dataStream:localhost:36363|priority:0], old=null RUNNING
  s2:  RUNNING  FOLLOWER s2@group-1EAC51517DF7:t3, leader=s1, voted=s1, raftlog=s2@group-1EAC51517DF7-SegmentedRaftLog:OPENED:c33, conf=35: [s0|rpc:localhost:41403|admin:localhost:45983|client:localhost:35061|dataStream:localhost:41947|priority:0, s1|rpc:localhost:37825|admin:localhost:33367|client:localhost:37897|dataStream:localhost:41415|priority:0, s2|rpc:localhost:38995|admin:localhost:46591|client:localhost:33971|dataStream:localhost:36363|priority:0], old=null RUNNING
2022-06-30 09:10:15,077 [Timer-2] INFO  impl.MiniRaftCluster (MiniRaftCluster.java:lambda$null$6(325)) - TIMED-PRINT: printing ALL groups
  s0:  RUNNING  FOLLOWER s0@group-1EAC51517DF7:t3, leader=s1, voted=s1, raftlog=s0@group-1EAC51517DF7-SegmentedRaftLog:OPENED:c33, conf=35: [s0|rpc:localhost:41403|admin:localhost:45983|client:localhost:35061|dataStream:localhost:41947|priority:0, s1|rpc:localhost:37825|admin:localhost:33367|client:localhost:37897|dataStream:localhost:41415|priority:0, s2|rpc:localhost:38995|admin:localhost:46591|client:localhost:33971|dataStream:localhost:36363|priority:0], old=null RUNNING
  s1:  RUNNING    LEADER s1@group-1EAC51517DF7:t3, leader=s1, voted=s1, raftlog=s1@group-1EAC51517DF7-SegmentedRaftLog:OPENED:c33, conf=35: [s0|rpc:localhost:41403|admin:localhost:45983|client:localhost:35061|dataStream:localhost:41947|priority:0, s1|rpc:localhost:37825|admin:localhost:33367|client:localhost:37897|dataStream:localhost:41415|priority:0, s2|rpc:localhost:38995|admin:localhost:46591|client:localhost:33971|dataStream:localhost:36363|priority:0], old=null RUNNING
  s2:  RUNNING  FOLLOWER s2@group-1EAC51517DF7:t3, leader=s1, voted=s1, raftlog=s2@group-1EAC51517DF7-SegmentedRaftLog:OPENED:c33, conf=35: [s0|rpc:localhost:41403|admin:localhost:45983|client:localhost:35061|dataStream:localhost:41947|priority:0, s1|rpc:localhost:37825|admin:localhost:33367|client:localhost:37897|dataStream:localhost:41415|priority:0, s2|rpc:localhost:38995|admin:localhost:46591|client:localhost:33971|dataStream:localhost:36363|priority:0], old=null RUNNING
2022-06-30 09:10:25,078 [Timer-2] INFO  impl.MiniRaftCluster (MiniRaftCluster.java:lambda$null$6(325)) - TIMED-PRINT: printing ALL groups
  s0:  RUNNING  FOLLOWER s0@group-1EAC51517DF7:t3, leader=s1, voted=s1, raftlog=s0@group-1EAC51517DF7-SegmentedRaftLog:OPENED:c33, conf=35: [s0|rpc:localhost:41403|admin:localhost:45983|client:localhost:35061|dataStream:localhost:41947|priority:0, s1|rpc:localhost:37825|admin:localhost:33367|client:localhost:37897|dataStream:localhost:41415|priority:0, s2|rpc:localhost:38995|admin:localhost:46591|client:localhost:33971|dataStream:localhost:36363|priority:0], old=null RUNNING
  s1:  RUNNING    LEADER s1@group-1EAC51517DF7:t3, leader=s1, voted=s1, raftlog=s1@group-1EAC51517DF7-SegmentedRaftLog:OPENED:c33, conf=35: [s0|rpc:localhost:41403|admin:localhost:45983|client:localhost:35061|dataStream:localhost:41947|priority:0, s1|rpc:localhost:37825|admin:localhost:33367|client:localhost:37897|dataStream:localhost:41415|priority:0, s2|rpc:localhost:38995|admin:localhost:46591|client:localhost:33971|dataStream:localhost:36363|priority:0], old=null RUNNING
  s2:  RUNNING  FOLLOWER s2@group-1EAC51517DF7:t3, leader=s1, voted=s1, raftlog=s2@group-1EAC51517DF7-SegmentedRaftLog:OPENED:c33, conf=35: [s0|rpc:localhost:41403|admin:localhost:45983|client:localhost:35061|dataStream:localhost:41947|priority:0, s1|rpc:localhost:37825|admin:localhost:33367|client:localhost:37897|dataStream:localhost:41415|priority:0, s2|rpc:localhost:38995|admin:localhost:46591|client:localhost:33971|dataStream:localhost:36363|priority:0], old=null RUNNING
2022-06-30 09:10:35,077 [Timer-2] INFO  impl.MiniRaftCluster (MiniRaftCluster.java:lambda$null$6(325)) - TIMED-PRINT: printing ALL groups
  s0:  RUNNING  FOLLOWER s0@group-1EAC51517DF7:t3, leader=s1, voted=s1, raftlog=s0@group-1EAC51517DF7-SegmentedRaftLog:OPENED:c33, conf=35: [s0|rpc:localhost:41403|admin:localhost:45983|client:localhost:35061|dataStream:localhost:41947|priority:0, s1|rpc:localhost:37825|admin:localhost:33367|client:localhost:37897|dataStream:localhost:41415|priority:0, s2|rpc:localhost:38995|admin:localhost:46591|client:localhost:33971|dataStream:localhost:36363|priority:0], old=null RUNNING
  s1:  RUNNING    LEADER s1@group-1EAC51517DF7:t3, leader=s1, voted=s1, raftlog=s1@group-1EAC51517DF7-SegmentedRaftLog:OPENED:c33, conf=35: [s0|rpc:localhost:41403|admin:localhost:45983|client:localhost:35061|dataStream:localhost:41947|priority:0, s1|rpc:localhost:37825|admin:localhost:33367|client:localhost:37897|dataStream:localhost:41415|priority:0, s2|rpc:localhost:38995|admin:localhost:46591|client:localhost:33971|dataStream:localhost:36363|priority:0], old=null RUNNING
  s2:  RUNNING  FOLLOWER s2@group-1EAC51517DF7:t3, leader=s1, voted=s1, raftlog=s2@group-1EAC51517DF7-SegmentedRaftLog:OPENED:c33, conf=35: [s0|rpc:localhost:41403|admin:localhost:45983|client:localhost:35061|dataStream:localhost:41947|priority:0, s1|rpc:localhost:37825|admin:localhost:33367|client:localhost:37897|dataStream:localhost:41415|priority:0, s2|rpc:localhost:38995|admin:localhost:46591|client:localhost:33971|dataStream:localhost:36363|priority:0], old=null RUNNING
2022-06-30 09:10:45,077 [Timer-2] INFO  impl.MiniRaftCluster (MiniRaftCluster.java:lambda$null$6(325)) - TIMED-PRINT: printing ALL groups
  s0:  RUNNING  FOLLOWER s0@group-1EAC51517DF7:t3, leader=s1, voted=s1, raftlog=s0@group-1EAC51517DF7-SegmentedRaftLog:OPENED:c33, conf=35: [s0|rpc:localhost:41403|admin:localhost:45983|client:localhost:35061|dataStream:localhost:41947|priority:0, s1|rpc:localhost:37825|admin:localhost:33367|client:localhost:37897|dataStream:localhost:41415|priority:0, s2|rpc:localhost:38995|admin:localhost:46591|client:localhost:33971|dataStream:localhost:36363|priority:0], old=null RUNNING
  s1:  RUNNING    LEADER s1@group-1EAC51517DF7:t3, leader=s1, voted=s1, raftlog=s1@group-1EAC51517DF7-SegmentedRaftLog:OPENED:c33, conf=35: [s0|rpc:localhost:41403|admin:localhost:45983|client:localhost:35061|dataStream:localhost:41947|priority:0, s1|rpc:localhost:37825|admin:localhost:33367|client:localhost:37897|dataStream:localhost:41415|priority:0, s2|rpc:localhost:38995|admin:localhost:46591|client:localhost:33971|dataStream:localhost:36363|priority:0], old=null RUNNING
  s2:  RUNNING  FOLLOWER s2@group-1EAC51517DF7:t3, leader=s1, voted=s1, raftlog=s2@group-1EAC51517DF7-SegmentedRaftLog:OPENED:c33, conf=35: [s0|rpc:localhost:41403|admin:localhost:45983|client:localhost:35061|dataStream:localhost:41947|priority:0, s1|rpc:localhost:37825|admin:localhost:33367|client:localhost:37897|dataStream:localhost:41415|priority:0, s2|rpc:localhost:38995|admin:localhost:46591|client:localhost:33971|dataStream:localhost:36363|priority:0], old=null RUNNING
2022-06-30 09:10:55,077 [Timer-2] INFO  impl.MiniRaftCluster (MiniRaftCluster.java:lambda$null$6(325)) - TIMED-PRINT: printing ALL groups
  s0:  RUNNING  FOLLOWER s0@group-1EAC51517DF7:t3, leader=s1, voted=s1, raftlog=s0@group-1EAC51517DF7-SegmentedRaftLog:OPENED:c33, conf=35: [s0|rpc:localhost:41403|admin:localhost:45983|client:localhost:35061|dataStream:localhost:41947|priority:0, s1|rpc:localhost:37825|admin:localhost:33367|client:localhost:37897|dataStream:localhost:41415|priority:0, s2|rpc:localhost:38995|admin:localhost:46591|client:localhost:33971|dataStream:localhost:36363|priority:0], old=null RUNNING
  s1:  RUNNING    LEADER s1@group-1EAC51517DF7:t3, leader=s1, voted=s1, raftlog=s1@group-1EAC51517DF7-SegmentedRaftLog:OPENED:c33, conf=35: [s0|rpc:localhost:41403|admin:localhost:45983|client:localhost:35061|dataStream:localhost:41947|priority:0, s1|rpc:localhost:37825|admin:localhost:33367|client:localhost:37897|dataStream:localhost:41415|priority:0, s2|rpc:localhost:38995|admin:localhost:46591|client:localhost:33971|dataStream:localhost:36363|priority:0], old=null RUNNING
  s2:  RUNNING  FOLLOWER s2@group-1EAC51517DF7:t3, leader=s1, voted=s1, raftlog=s2@group-1EAC51517DF7-SegmentedRaftLog:OPENED:c33, conf=35: [s0|rpc:localhost:41403|admin:localhost:45983|client:localhost:35061|dataStream:localhost:41947|priority:0, s1|rpc:localhost:37825|admin:localhost:33367|client:localhost:37897|dataStream:localhost:41415|priority:0, s2|rpc:localhost:38995|admin:localhost:46591|client:localhost:33971|dataStream:localhost:36363|priority:0], old=null RUNNING
2022-06-30 09:11:05,077 [Timer-2] INFO  impl.MiniRaftCluster (MiniRaftCluster.java:lambda$null$6(325)) - TIMED-PRINT: printing ALL groups
  s0:  RUNNING  FOLLOWER s0@group-1EAC51517DF7:t3, leader=s1, voted=s1, raftlog=s0@group-1EAC51517DF7-SegmentedRaftLog:OPENED:c33, conf=35: [s0|rpc:localhost:41403|admin:localhost:45983|client:localhost:35061|dataStream:localhost:41947|priority:0, s1|rpc:localhost:37825|admin:localhost:33367|client:localhost:37897|dataStream:localhost:41415|priority:0, s2|rpc:localhost:38995|admin:localhost:46591|client:localhost:33971|dataStream:localhost:36363|priority:0], old=null RUNNING
  s1:  RUNNING    LEADER s1@group-1EAC51517DF7:t3, leader=s1, voted=s1, raftlog=s1@group-1EAC51517DF7-SegmentedRaftLog:OPENED:c33, conf=35: [s0|rpc:localhost:41403|admin:localhost:45983|client:localhost:35061|dataStream:localhost:41947|priority:0, s1|rpc:localhost:37825|admin:localhost:33367|client:localhost:37897|dataStream:localhost:41415|priority:0, s2|rpc:localhost:38995|admin:localhost:46591|client:localhost:33971|dataStream:localhost:36363|priority:0], old=null RUNNING
  s2:  RUNNING  FOLLOWER s2@group-1EAC51517DF7:t3, leader=s1, voted=s1, raftlog=s2@group-1EAC51517DF7-SegmentedRaftLog:OPENED:c33, conf=35: [s0|rpc:localhost:41403|admin:localhost:45983|client:localhost:35061|dataStream:localhost:41947|priority:0, s1|rpc:localhost:37825|admin:localhost:33367|client:localhost:37897|dataStream:localhost:41415|priority:0, s2|rpc:localhost:38995|admin:localhost:46591|client:localhost:33971|dataStream:localhost:36363|priority:0], old=null RUNNING
2022-06-30 09:11:15,077 [Timer-2] INFO  impl.MiniRaftCluster (MiniRaftCluster.java:lambda$null$6(325)) - TIMED-PRINT: printing ALL groups
  s0:  RUNNING  FOLLOWER s0@group-1EAC51517DF7:t3, leader=s1, voted=s1, raftlog=s0@group-1EAC51517DF7-SegmentedRaftLog:OPENED:c33, conf=35: [s0|rpc:localhost:41403|admin:localhost:45983|client:localhost:35061|dataStream:localhost:41947|priority:0, s1|rpc:localhost:37825|admin:localhost:33367|client:localhost:37897|dataStream:localhost:41415|priority:0, s2|rpc:localhost:38995|admin:localhost:46591|client:localhost:33971|dataStream:localhost:36363|priority:0], old=null RUNNING
  s1:  RUNNING    LEADER s1@group-1EAC51517DF7:t3, leader=s1, voted=s1, raftlog=s1@group-1EAC51517DF7-SegmentedRaftLog:OPENED:c33, conf=35: [s0|rpc:localhost:41403|admin:localhost:45983|client:localhost:35061|dataStream:localhost:41947|priority:0, s1|rpc:localhost:37825|admin:localhost:33367|client:localhost:37897|dataStream:localhost:41415|priority:0, s2|rpc:localhost:38995|admin:localhost:46591|client:localhost:33971|dataStream:localhost:36363|priority:0], old=null RUNNING
  s2:  RUNNING  FOLLOWER s2@group-1EAC51517DF7:t3, leader=s1, voted=s1, raftlog=s2@group-1EAC51517DF7-SegmentedRaftLog:OPENED:c33, conf=35: [s0|rpc:localhost:41403|admin:localhost:45983|client:localhost:35061|dataStream:localhost:41947|priority:0, s1|rpc:localhost:37825|admin:localhost:33367|client:localhost:37897|dataStream:localhost:41415|priority:0, s2|rpc:localhost:38995|admin:localhost:46591|client:localhost:33971|dataStream:localhost:36363|priority:0], old=null RUNNING
2022-06-30 09:11:25,077 [Timer-2] INFO  impl.MiniRaftCluster (MiniRaftCluster.java:lambda$null$6(325)) - TIMED-PRINT: printing ALL groups
  s0:  RUNNING  FOLLOWER s0@group-1EAC51517DF7:t3, leader=s1, voted=s1, raftlog=s0@group-1EAC51517DF7-SegmentedRaftLog:OPENED:c33, conf=35: [s0|rpc:localhost:41403|admin:localhost:45983|client:localhost:35061|dataStream:localhost:41947|priority:0, s1|rpc:localhost:37825|admin:localhost:33367|client:localhost:37897|dataStream:localhost:41415|priority:0, s2|rpc:localhost:38995|admin:localhost:46591|client:localhost:33971|dataStream:localhost:36363|priority:0], old=null RUNNING
  s1:  RUNNING    LEADER s1@group-1EAC51517DF7:t3, leader=s1, voted=s1, raftlog=s1@group-1EAC51517DF7-SegmentedRaftLog:OPENED:c33, conf=35: [s0|rpc:localhost:41403|admin:localhost:45983|client:localhost:35061|dataStream:localhost:41947|priority:0, s1|rpc:localhost:37825|admin:localhost:33367|client:localhost:37897|dataStream:localhost:41415|priority:0, s2|rpc:localhost:38995|admin:localhost:46591|client:localhost:33971|dataStream:localhost:36363|priority:0], old=null RUNNING
  s2:  RUNNING  FOLLOWER s2@group-1EAC51517DF7:t3, leader=s1, voted=s1, raftlog=s2@group-1EAC51517DF7-SegmentedRaftLog:OPENED:c33, conf=35: [s0|rpc:localhost:41403|admin:localhost:45983|client:localhost:35061|dataStream:localhost:41947|priority:0, s1|rpc:localhost:37825|admin:localhost:33367|client:localhost:37897|dataStream:localhost:41415|priority:0, s2|rpc:localhost:38995|admin:localhost:46591|client:localhost:33971|dataStream:localhost:36363|priority:0], old=null RUNNING
2022-06-30 09:11:35,077 [Timer-2] INFO  impl.MiniRaftCluster (MiniRaftCluster.java:lambda$null$6(325)) - TIMED-PRINT: printing ALL groups
  s0:  RUNNING  FOLLOWER s0@group-1EAC51517DF7:t3, leader=s1, voted=s1, raftlog=s0@group-1EAC51517DF7-SegmentedRaftLog:OPENED:c33, conf=35: [s0|rpc:localhost:41403|admin:localhost:45983|client:localhost:35061|dataStream:localhost:41947|priority:0, s1|rpc:localhost:37825|admin:localhost:33367|client:localhost:37897|dataStream:localhost:41415|priority:0, s2|rpc:localhost:38995|admin:localhost:46591|client:localhost:33971|dataStream:localhost:36363|priority:0], old=null RUNNING
  s1:  RUNNING    LEADER s1@group-1EAC51517DF7:t3, leader=s1, voted=s1, raftlog=s1@group-1EAC51517DF7-SegmentedRaftLog:OPENED:c33, conf=35: [s0|rpc:localhost:41403|admin:localhost:45983|client:localhost:35061|dataStream:localhost:41947|priority:0, s1|rpc:localhost:37825|admin:localhost:33367|client:localhost:37897|dataStream:localhost:41415|priority:0, s2|rpc:localhost:38995|admin:localhost:46591|client:localhost:33971|dataStream:localhost:36363|priority:0], old=null RUNNING
  s2:  RUNNING  FOLLOWER s2@group-1EAC51517DF7:t3, leader=s1, voted=s1, raftlog=s2@group-1EAC51517DF7-SegmentedRaftLog:OPENED:c33, conf=35: [s0|rpc:localhost:41403|admin:localhost:45983|client:localhost:35061|dataStream:localhost:41947|priority:0, s1|rpc:localhost:37825|admin:localhost:33367|client:localhost:37897|dataStream:localhost:41415|priority:0, s2|rpc:localhost:38995|admin:localhost:46591|client:localhost:33971|dataStream:localhost:36363|priority:0], old=null RUNNING
2022-06-30 09:11:45,077 [Timer-2] INFO  impl.MiniRaftCluster (MiniRaftCluster.java:lambda$null$6(325)) - TIMED-PRINT: printing ALL groups
  s0:  RUNNING  FOLLOWER s0@group-1EAC51517DF7:t3, leader=s1, voted=s1, raftlog=s0@group-1EAC51517DF7-SegmentedRaftLog:OPENED:c33, conf=35: [s0|rpc:localhost:41403|admin:localhost:45983|client:localhost:35061|dataStream:localhost:41947|priority:0, s1|rpc:localhost:37825|admin:localhost:33367|client:localhost:37897|dataStream:localhost:41415|priority:0, s2|rpc:localhost:38995|admin:localhost:46591|client:localhost:33971|dataStream:localhost:36363|priority:0], old=null RUNNING
  s1:  RUNNING    LEADER s1@group-1EAC51517DF7:t3, leader=s1, voted=s1, raftlog=s1@group-1EAC51517DF7-SegmentedRaftLog:OPENED:c33, conf=35: [s0|rpc:localhost:41403|admin:localhost:45983|client:localhost:35061|dataStream:localhost:41947|priority:0, s1|rpc:localhost:37825|admin:localhost:33367|client:localhost:37897|dataStream:localhost:41415|priority:0, s2|rpc:localhost:38995|admin:localhost:46591|client:localhost:33971|dataStream:localhost:36363|priority:0], old=null RUNNING
  s2:  RUNNING  FOLLOWER s2@group-1EAC51517DF7:t3, leader=s1, voted=s1, raftlog=s2@group-1EAC51517DF7-SegmentedRaftLog:OPENED:c33, conf=35: [s0|rpc:localhost:41403|admin:localhost:45983|client:localhost:35061|dataStream:localhost:41947|priority:0, s1|rpc:localhost:37825|admin:localhost:33367|client:localhost:37897|dataStream:localhost:41415|priority:0, s2|rpc:localhost:38995|admin:localhost:46591|client:localhost:33971|dataStream:localhost:36363|priority:0], old=null RUNNING
2022-06-30 09:11:55,077 [Timer-2] INFO  impl.MiniRaftCluster (MiniRaftCluster.java:lambda$null$6(325)) - TIMED-PRINT: printing ALL groups
  s0:  RUNNING  FOLLOWER s0@group-1EAC51517DF7:t3, leader=s1, voted=s1, raftlog=s0@group-1EAC51517DF7-SegmentedRaftLog:OPENED:c33, conf=35: [s0|rpc:localhost:41403|admin:localhost:45983|client:localhost:35061|dataStream:localhost:41947|priority:0, s1|rpc:localhost:37825|admin:localhost:33367|client:localhost:37897|dataStream:localhost:41415|priority:0, s2|rpc:localhost:38995|admin:localhost:46591|client:localhost:33971|dataStream:localhost:36363|priority:0], old=null RUNNING
  s1:  RUNNING    LEADER s1@group-1EAC51517DF7:t3, leader=s1, voted=s1, raftlog=s1@group-1EAC51517DF7-SegmentedRaftLog:OPENED:c33, conf=35: [s0|rpc:localhost:41403|admin:localhost:45983|client:localhost:35061|dataStream:localhost:41947|priority:0, s1|rpc:localhost:37825|admin:localhost:33367|client:localhost:37897|dataStream:localhost:41415|priority:0, s2|rpc:localhost:38995|admin:localhost:46591|client:localhost:33971|dataStream:localhost:36363|priority:0], old=null RUNNING
  s2:  RUNNING  FOLLOWER s2@group-1EAC51517DF7:t3, leader=s1, voted=s1, raftlog=s2@group-1EAC51517DF7-SegmentedRaftLog:OPENED:c33, conf=35: [s0|rpc:localhost:41403|admin:localhost:45983|client:localhost:35061|dataStream:localhost:41947|priority:0, s1|rpc:localhost:37825|admin:localhost:33367|client:localhost:37897|dataStream:localhost:41415|priority:0, s2|rpc:localhost:38995|admin:localhost:46591|client:localhost:33971|dataStream:localhost:36363|priority:0], old=null RUNNING
2022-06-30 09:12:05,078 [Timer-2] INFO  impl.MiniRaftCluster (MiniRaftCluster.java:lambda$null$6(325)) - TIMED-PRINT: printing ALL groups
  s0:  RUNNING  FOLLOWER s0@group-1EAC51517DF7:t3, leader=s1, voted=s1, raftlog=s0@group-1EAC51517DF7-SegmentedRaftLog:OPENED:c33, conf=35: [s0|rpc:localhost:41403|admin:localhost:45983|client:localhost:35061|dataStream:localhost:41947|priority:0, s1|rpc:localhost:37825|admin:localhost:33367|client:localhost:37897|dataStream:localhost:41415|priority:0, s2|rpc:localhost:38995|admin:localhost:46591|client:localhost:33971|dataStream:localhost:36363|priority:0], old=null RUNNING
  s1:  RUNNING    LEADER s1@group-1EAC51517DF7:t3, leader=s1, voted=s1, raftlog=s1@group-1EAC51517DF7-SegmentedRaftLog:OPENED:c33, conf=35: [s0|rpc:localhost:41403|admin:localhost:45983|client:localhost:35061|dataStream:localhost:41947|priority:0, s1|rpc:localhost:37825|admin:localhost:33367|client:localhost:37897|dataStream:localhost:41415|priority:0, s2|rpc:localhost:38995|admin:localhost:46591|client:localhost:33971|dataStream:localhost:36363|priority:0], old=null RUNNING
  s2:  RUNNING  FOLLOWER s2@group-1EAC51517DF7:t3, leader=s1, voted=s1, raftlog=s2@group-1EAC51517DF7-SegmentedRaftLog:OPENED:c33, conf=35: [s0|rpc:localhost:41403|admin:localhost:45983|client:localhost:35061|dataStream:localhost:41947|priority:0, s1|rpc:localhost:37825|admin:localhost:33367|client:localhost:37897|dataStream:localhost:41415|priority:0, s2|rpc:localhost:38995|admin:localhost:46591|client:localhost:33971|dataStream:localhost:36363|priority:0], old=null RUNNING
2022-06-30 09:12:15,078 [Timer-2] INFO  impl.MiniRaftCluster (MiniRaftCluster.java:lambda$null$6(325)) - TIMED-PRINT: printing ALL groups
  s0:  RUNNING  FOLLOWER s0@group-1EAC51517DF7:t3, leader=s1, voted=s1, raftlog=s0@group-1EAC51517DF7-SegmentedRaftLog:OPENED:c33, conf=35: [s0|rpc:localhost:41403|admin:localhost:45983|client:localhost:35061|dataStream:localhost:41947|priority:0, s1|rpc:localhost:37825|admin:localhost:33367|client:localhost:37897|dataStream:localhost:41415|priority:0, s2|rpc:localhost:38995|admin:localhost:46591|client:localhost:33971|dataStream:localhost:36363|priority:0], old=null RUNNING
  s1:  RUNNING    LEADER s1@group-1EAC51517DF7:t3, leader=s1, voted=s1, raftlog=s1@group-1EAC51517DF7-SegmentedRaftLog:OPENED:c33, conf=35: [s0|rpc:localhost:41403|admin:localhost:45983|client:localhost:35061|dataStream:localhost:41947|priority:0, s1|rpc:localhost:37825|admin:localhost:33367|client:localhost:37897|dataStream:localhost:41415|priority:0, s2|rpc:localhost:38995|admin:localhost:46591|client:localhost:33971|dataStream:localhost:36363|priority:0], old=null RUNNING
  s2:  RUNNING  FOLLOWER s2@group-1EAC51517DF7:t3, leader=s1, voted=s1, raftlog=s2@group-1EAC51517DF7-SegmentedRaftLog:OPENED:c33, conf=35: [s0|rpc:localhost:41403|admin:localhost:45983|client:localhost:35061|dataStream:localhost:41947|priority:0, s1|rpc:localhost:37825|admin:localhost:33367|client:localhost:37897|dataStream:localhost:41415|priority:0, s2|rpc:localhost:38995|admin:localhost:46591|client:localhost:33971|dataStream:localhost:36363|priority:0], old=null RUNNING
2022-06-30 09:12:25,079 [Timer-2] INFO  impl.MiniRaftCluster (MiniRaftCluster.java:lambda$null$6(325)) - TIMED-PRINT: printing ALL groups
  s0:  RUNNING  FOLLOWER s0@group-1EAC51517DF7:t3, leader=s1, voted=s1, raftlog=s0@group-1EAC51517DF7-SegmentedRaftLog:OPENED:c33, conf=35: [s0|rpc:localhost:41403|admin:localhost:45983|client:localhost:35061|dataStream:localhost:41947|priority:0, s1|rpc:localhost:37825|admin:localhost:33367|client:localhost:37897|dataStream:localhost:41415|priority:0, s2|rpc:localhost:38995|admin:localhost:46591|client:localhost:33971|dataStream:localhost:36363|priority:0], old=null RUNNING
  s1:  RUNNING    LEADER s1@group-1EAC51517DF7:t3, leader=s1, voted=s1, raftlog=s1@group-1EAC51517DF7-SegmentedRaftLog:OPENED:c33, conf=35: [s0|rpc:localhost:41403|admin:localhost:45983|client:localhost:35061|dataStream:localhost:41947|priority:0, s1|rpc:localhost:37825|admin:localhost:33367|client:localhost:37897|dataStream:localhost:41415|priority:0, s2|rpc:localhost:38995|admin:localhost:46591|client:localhost:33971|dataStream:localhost:36363|priority:0], old=null RUNNING
  s2:  RUNNING  FOLLOWER s2@group-1EAC51517DF7:t3, leader=s1, voted=s1, raftlog=s2@group-1EAC51517DF7-SegmentedRaftLog:OPENED:c33, conf=35: [s0|rpc:localhost:41403|admin:localhost:45983|client:localhost:35061|dataStream:localhost:41947|priority:0, s1|rpc:localhost:37825|admin:localhost:33367|client:localhost:37897|dataStream:localhost:41415|priority:0, s2|rpc:localhost:38995|admin:localhost:46591|client:localhost:33971|dataStream:localhost:36363|priority:0], old=null RUNNING
2022-06-30 09:12:35,079 [Timer-2] INFO  impl.MiniRaftCluster (MiniRaftCluster.java:lambda$null$6(325)) - TIMED-PRINT: printing ALL groups
  s0:  RUNNING  FOLLOWER s0@group-1EAC51517DF7:t3, leader=s1, voted=s1, raftlog=s0@group-1EAC51517DF7-SegmentedRaftLog:OPENED:c33, conf=35: [s0|rpc:localhost:41403|admin:localhost:45983|client:localhost:35061|dataStream:localhost:41947|priority:0, s1|rpc:localhost:37825|admin:localhost:33367|client:localhost:37897|dataStream:localhost:41415|priority:0, s2|rpc:localhost:38995|admin:localhost:46591|client:localhost:33971|dataStream:localhost:36363|priority:0], old=null RUNNING
  s1:  RUNNING    LEADER s1@group-1EAC51517DF7:t3, leader=s1, voted=s1, raftlog=s1@group-1EAC51517DF7-SegmentedRaftLog:OPENED:c33, conf=35: [s0|rpc:localhost:41403|admin:localhost:45983|client:localhost:35061|dataStream:localhost:41947|priority:0, s1|rpc:localhost:37825|admin:localhost:33367|client:localhost:37897|dataStream:localhost:41415|priority:0, s2|rpc:localhost:38995|admin:localhost:46591|client:localhost:33971|dataStream:localhost:36363|priority:0], old=null RUNNING
  s2:  RUNNING  FOLLOWER s2@group-1EAC51517DF7:t3, leader=s1, voted=s1, raftlog=s2@group-1EAC51517DF7-SegmentedRaftLog:OPENED:c33, conf=35: [s0|rpc:localhost:41403|admin:localhost:45983|client:localhost:35061|dataStream:localhost:41947|priority:0, s1|rpc:localhost:37825|admin:localhost:33367|client:localhost:37897|dataStream:localhost:41415|priority:0, s2|rpc:localhost:38995|admin:localhost:46591|client:localhost:33971|dataStream:localhost:36363|priority:0], old=null RUNNING
]]></system-out>
  </testcase>
  <testcase name="testStreamWrites" classname="org.apache.ratis.datastream.TestNettyDataStreamChainTopologyWithGrpcCluster" time="5.455"/>
</testsuite>