<?xml version="1.0" encoding="UTF-8"?>
<testsuite xmlns:xsi="http://www.w3.org/2001/XMLSchema-instance" xsi:noNamespaceSchemaLocation="https://maven.apache.org/surefire/maven-surefire-plugin/xsd/surefire-test-report.xsd" name="org.apache.ratis.grpc.TestRaftReconfigurationWithGrpc" time="71.987" tests="23" errors="0" skipped="0" failures="12">
  <properties>
    <property name="awt.toolkit" value="sun.awt.X11.XToolkit"/>
    <property name="java.specification.version" value="11"/>
    <property name="sun.cpu.isalist" value=""/>
    <property name="sun.jnu.encoding" value="UTF-8"/>
    <property name="java.class.path" value="/home/runner/work/ratis/ratis/ratis-test/target/test-classes:/home/runner/work/ratis/ratis/ratis-test/target/classes:/home/runner/work/ratis/ratis/ratis-common/target/classes:/home/runner/.m2/repository/org/apache/ratis/ratis-thirdparty-misc/1.0.3/ratis-thirdparty-misc-1.0.3.jar:/home/runner/work/ratis/ratis/ratis-proto/target/ratis-proto-3.0.0-SNAPSHOT.jar:/home/runner/work/ratis/ratis/ratis-common/target/test-classes:/home/runner/work/ratis/ratis/ratis-client/target/classes:/home/runner/work/ratis/ratis/ratis-server/target/classes:/home/runner/work/ratis/ratis/ratis-server-api/target/classes:/home/runner/work/ratis/ratis/ratis-metrics-api/target/classes:/home/runner/work/ratis/ratis/ratis-server/target/test-classes:/home/runner/work/ratis/ratis/ratis-metrics-default/target/classes:/home/runner/work/ratis/ratis/ratis-netty/target/classes:/home/runner/work/ratis/ratis/ratis-netty/target/test-classes:/home/runner/work/ratis/ratis/ratis-grpc/target/classes:/home/runner/work/ratis/ratis/ratis-grpc/target/test-classes:/home/runner/work/ratis/ratis/ratis-shell/target/classes:/home/runner/.m2/repository/commons-cli/commons-cli/1.5.0/commons-cli-1.5.0.jar:/home/runner/.m2/repository/org/reflections/reflections/0.10.2/reflections-0.10.2.jar:/home/runner/.m2/repository/org/javassist/javassist/3.28.0-GA/javassist-3.28.0-GA.jar:/home/runner/.m2/repository/com/google/code/findbugs/jsr305/3.0.2/jsr305-3.0.2.jar:/home/runner/.m2/repository/org/bouncycastle/bcprov-jdk15on/1.70/bcprov-jdk15on-1.70.jar:/home/runner/.m2/repository/org/bouncycastle/bcpkix-jdk15on/1.70/bcpkix-jdk15on-1.70.jar:/home/runner/.m2/repository/org/bouncycastle/bcutil-jdk15on/1.70/bcutil-jdk15on-1.70.jar:/home/runner/.m2/repository/org/slf4j/slf4j-api/1.7.36/slf4j-api-1.7.36.jar:/home/runner/.m2/repository/org/slf4j/slf4j-reload4j/1.7.36/slf4j-reload4j-1.7.36.jar:/home/runner/.m2/repository/ch/qos/reload4j/reload4j/1.2.19/reload4j-1.2.19.jar:/home/runner/.m2/repository/junit/junit/4.13.2/junit-4.13.2.jar:/home/runner/.m2/repository/org/hamcrest/hamcrest-core/1.3/hamcrest-core-1.3.jar:/home/runner/.m2/repository/org/mockito/mockito-core/4.3.1/mockito-core-4.3.1.jar:/home/runner/.m2/repository/net/bytebuddy/byte-buddy/1.12.7/byte-buddy-1.12.7.jar:/home/runner/.m2/repository/net/bytebuddy/byte-buddy-agent/1.12.7/byte-buddy-agent-1.12.7.jar:/home/runner/.m2/repository/org/objenesis/objenesis/3.2/objenesis-3.2.jar:"/>
    <property name="java.vm.vendor" value="Eclipse Adoptium"/>
    <property name="sun.arch.data.model" value="64"/>
    <property name="java.vendor.url" value="https://adoptium.net/"/>
    <property name="user.timezone" value=""/>
    <property name="java.vm.specification.version" value="11"/>
    <property name="os.name" value="Linux"/>
    <property name="sun.java.launcher" value="SUN_STANDARD"/>
    <property name="sun.boot.library.path" value="/usr/lib/jvm/temurin-11-jdk-amd64/lib"/>
    <property name="sun.java.command" value="/home/runner/work/ratis/ratis/ratis-test/target/surefire/surefirebooter6917158552437754539.jar /home/runner/work/ratis/ratis/ratis-test/target/surefire 2023-03-17T00-17-32_278-jvmRun1 surefire12698959639120631531tmp surefire_155115564040944218521tmp"/>
    <property name="jdk.debug" value="release"/>
    <property name="surefire.test.class.path" value="/home/runner/work/ratis/ratis/ratis-test/target/test-classes:/home/runner/work/ratis/ratis/ratis-test/target/classes:/home/runner/work/ratis/ratis/ratis-common/target/classes:/home/runner/.m2/repository/org/apache/ratis/ratis-thirdparty-misc/1.0.3/ratis-thirdparty-misc-1.0.3.jar:/home/runner/work/ratis/ratis/ratis-proto/target/ratis-proto-3.0.0-SNAPSHOT.jar:/home/runner/work/ratis/ratis/ratis-common/target/test-classes:/home/runner/work/ratis/ratis/ratis-client/target/classes:/home/runner/work/ratis/ratis/ratis-server/target/classes:/home/runner/work/ratis/ratis/ratis-server-api/target/classes:/home/runner/work/ratis/ratis/ratis-metrics-api/target/classes:/home/runner/work/ratis/ratis/ratis-server/target/test-classes:/home/runner/work/ratis/ratis/ratis-metrics-default/target/classes:/home/runner/work/ratis/ratis/ratis-netty/target/classes:/home/runner/work/ratis/ratis/ratis-netty/target/test-classes:/home/runner/work/ratis/ratis/ratis-grpc/target/classes:/home/runner/work/ratis/ratis/ratis-grpc/target/test-classes:/home/runner/work/ratis/ratis/ratis-shell/target/classes:/home/runner/.m2/repository/commons-cli/commons-cli/1.5.0/commons-cli-1.5.0.jar:/home/runner/.m2/repository/org/reflections/reflections/0.10.2/reflections-0.10.2.jar:/home/runner/.m2/repository/org/javassist/javassist/3.28.0-GA/javassist-3.28.0-GA.jar:/home/runner/.m2/repository/com/google/code/findbugs/jsr305/3.0.2/jsr305-3.0.2.jar:/home/runner/.m2/repository/org/bouncycastle/bcprov-jdk15on/1.70/bcprov-jdk15on-1.70.jar:/home/runner/.m2/repository/org/bouncycastle/bcpkix-jdk15on/1.70/bcpkix-jdk15on-1.70.jar:/home/runner/.m2/repository/org/bouncycastle/bcutil-jdk15on/1.70/bcutil-jdk15on-1.70.jar:/home/runner/.m2/repository/org/slf4j/slf4j-api/1.7.36/slf4j-api-1.7.36.jar:/home/runner/.m2/repository/org/slf4j/slf4j-reload4j/1.7.36/slf4j-reload4j-1.7.36.jar:/home/runner/.m2/repository/ch/qos/reload4j/reload4j/1.2.19/reload4j-1.2.19.jar:/home/runner/.m2/repository/junit/junit/4.13.2/junit-4.13.2.jar:/home/runner/.m2/repository/org/hamcrest/hamcrest-core/1.3/hamcrest-core-1.3.jar:/home/runner/.m2/repository/org/mockito/mockito-core/4.3.1/mockito-core-4.3.1.jar:/home/runner/.m2/repository/net/bytebuddy/byte-buddy/1.12.7/byte-buddy-1.12.7.jar:/home/runner/.m2/repository/net/bytebuddy/byte-buddy-agent/1.12.7/byte-buddy-agent-1.12.7.jar:/home/runner/.m2/repository/org/objenesis/objenesis/3.2/objenesis-3.2.jar:"/>
    <property name="sun.cpu.endian" value="little"/>
    <property name="user.home" value="/home/runner"/>
    <property name="user.language" value="en"/>
    <property name="java.specification.vendor" value="Oracle Corporation"/>
    <property name="java.version.date" value="2023-01-17"/>
    <property name="java.home" value="/usr/lib/jvm/temurin-11-jdk-amd64"/>
    <property name="file.separator" value="/"/>
    <property name="basedir" value="/home/runner/work/ratis/ratis/ratis-test"/>
    <property name="java.vm.compressedOopsMode" value="32-bit"/>
    <property name="line.separator" value="&#10;"/>
    <property name="java.specification.name" value="Java Platform API Specification"/>
    <property name="java.vm.specification.vendor" value="Oracle Corporation"/>
    <property name="java.awt.graphicsenv" value="sun.awt.X11GraphicsEnvironment"/>
    <property name="surefire.real.class.path" value="/home/runner/work/ratis/ratis/ratis-test/target/surefire/surefirebooter6917158552437754539.jar"/>
    <property name="sun.management.compiler" value="HotSpot 64-Bit Tiered Compilers"/>
    <property name="java.runtime.version" value="11.0.18+10"/>
    <property name="user.name" value="runner"/>
    <property name="java.net.preferIPv4Stack" value="true"/>
    <property name="path.separator" value=":"/>
    <property name="os.version" value="5.15.0-1034-azure"/>
    <property name="java.runtime.name" value="OpenJDK Runtime Environment"/>
    <property name="file.encoding" value="UTF-8"/>
    <property name="java.vm.name" value="OpenJDK 64-Bit Server VM"/>
    <property name="java.vendor.version" value="Temurin-11.0.18+10"/>
    <property name="localRepository" value="/home/runner/.m2/repository"/>
    <property name="java.vendor.url.bug" value="https://github.com/adoptium/adoptium-support/issues"/>
    <property name="java.io.tmpdir" value="/tmp"/>
    <property name="java.version" value="11.0.18"/>
    <property name="user.dir" value="/home/runner/work/ratis/ratis/ratis-test"/>
    <property name="os.arch" value="amd64"/>
    <property name="ratis.tmp.dir" value="/home/runner/work/ratis/ratis/ratis-test/target/tmp"/>
    <property name="java.vm.specification.name" value="Java Virtual Machine Specification"/>
    <property name="java.awt.printerjob" value="sun.print.PSPrinterJob"/>
    <property name="ratis.log.dir" value="/home/runner/work/ratis/ratis/ratis-test/target/log"/>
    <property name="sun.os.patch.level" value="unknown"/>
    <property name="java.library.path" value="/usr/java/packages/lib:/usr/lib64:/lib64:/lib:/usr/lib"/>
    <property name="java.vm.info" value="mixed mode"/>
    <property name="java.vendor" value="Eclipse Adoptium"/>
    <property name="java.vm.version" value="11.0.18+10"/>
    <property name="sun.io.unicode.encoding" value="UnicodeLittle"/>
    <property name="java.class.version" value="55.0"/>
  </properties>
  <testcase name="testNoChangeRequest" classname="org.apache.ratis.grpc.TestRaftReconfigurationWithGrpc" time="3.425"/>
  <testcase name="testRemovePeers" classname="org.apache.ratis.grpc.TestRaftReconfigurationWithGrpc" time="2.703"/>
  <testcase name="testAddRemovePeers" classname="org.apache.ratis.grpc.TestRaftReconfigurationWithGrpc" time="3.211"/>
  <testcase name="testRevertConfigurationChange" classname="org.apache.ratis.grpc.TestRaftReconfigurationWithGrpc" time="4.008"/>
  <testcase name="testBootstrapReconf" classname="org.apache.ratis.grpc.TestRaftReconfigurationWithGrpc" time="4.236"/>
  <testcase name="testAddPeers" classname="org.apache.ratis.grpc.TestRaftReconfigurationWithGrpc" time="1.958"/>
  <testcase name="testSetConfigurationInAddMode" classname="org.apache.ratis.grpc.TestRaftReconfigurationWithGrpc" time="1.804"/>
  <testcase name="testLeaderStepDown" classname="org.apache.ratis.grpc.TestRaftReconfigurationWithGrpc" time="2.434"/>
  <testcase name="testKillLeaderDuringReconf" classname="org.apache.ratis.grpc.TestRaftReconfigurationWithGrpc" time="12.845"/>
  <testcase name="testLeaderNotReadyException" classname="org.apache.ratis.grpc.TestRaftReconfigurationWithGrpc" time="3.467"/>
  <testcase name="testOverlappedSetConfRequests" classname="org.apache.ratis.grpc.TestRaftReconfigurationWithGrpc" time="11.261"/>
  <testcase name="testRestorePriority" classname="org.apache.ratis.grpc.TestRaftReconfigurationWithGrpc" time="6.645">
    <failure message="Unexpected exit." type="java.lang.AssertionError">java.lang.AssertionError: Unexpected exit.
	at org.apache.ratis.util.ExitUtils.assertNotTerminated(ExitUtils.java:109)
	at org.apache.ratis.server.impl.MiniRaftCluster.shutdown(MiniRaftCluster.java:854)
	at org.apache.ratis.server.impl.MiniRaftCluster$Factory$Get.runWithNewCluster(MiniRaftCluster.java:147)
	at org.apache.ratis.server.impl.MiniRaftCluster$Factory$Get.runWithNewCluster(MiniRaftCluster.java:121)
	at org.apache.ratis.server.impl.RaftReconfigurationBaseTest.testRestorePriority(RaftReconfigurationBaseTest.java:100)
	at java.base/jdk.internal.reflect.NativeMethodAccessorImpl.invoke0(Native Method)
	at java.base/jdk.internal.reflect.NativeMethodAccessorImpl.invoke(NativeMethodAccessorImpl.java:62)
	at java.base/jdk.internal.reflect.DelegatingMethodAccessorImpl.invoke(DelegatingMethodAccessorImpl.java:43)
	at java.base/java.lang.reflect.Method.invoke(Method.java:566)
	at org.junit.runners.model.FrameworkMethod$1.runReflectiveCall(FrameworkMethod.java:59)
	at org.junit.internal.runners.model.ReflectiveCallable.run(ReflectiveCallable.java:12)
	at org.junit.runners.model.FrameworkMethod.invokeExplosively(FrameworkMethod.java:56)
	at org.junit.internal.runners.statements.InvokeMethod.evaluate(InvokeMethod.java:17)
	at org.junit.internal.runners.statements.RunAfters.evaluate(RunAfters.java:27)
	at org.junit.internal.runners.statements.FailOnTimeout$CallableStatement.call(FailOnTimeout.java:299)
	at org.junit.internal.runners.statements.FailOnTimeout$CallableStatement.call(FailOnTimeout.java:293)
	at java.base/java.util.concurrent.FutureTask.run(FutureTask.java:264)
	at java.base/java.lang.Thread.run(Thread.java:829)
Caused by: org.apache.ratis.util.ExitUtils$ExitException: Failed to start Grpc server
	at org.apache.ratis.util.ExitUtils.terminate(ExitUtils.java:141)
	at org.apache.ratis.util.ExitUtils.terminate(ExitUtils.java:151)
	at org.apache.ratis.grpc.server.GrpcService.startImpl(GrpcService.java:300)
	at org.apache.ratis.util.LifeCycle.startAndTransition(LifeCycle.java:270)
	at org.apache.ratis.server.RaftServerRpcWithProxy.start(RaftServerRpcWithProxy.java:72)
	at org.apache.ratis.server.impl.RaftServerProxy.startImpl(RaftServerProxy.java:402)
	at org.apache.ratis.util.LifeCycle.startAndTransition(LifeCycle.java:270)
	at org.apache.ratis.server.impl.RaftServerProxy.start(RaftServerProxy.java:395)
	at org.apache.ratis.server.impl.MiniRaftCluster.startServers(MiniRaftCluster.java:499)
	at org.apache.ratis.server.impl.MiniRaftCluster.start(MiniRaftCluster.java:346)
	at org.apache.ratis.server.impl.MiniRaftCluster.restart(MiniRaftCluster.java:374)
	at org.apache.ratis.server.impl.RaftReconfigurationBaseTest.lambda$testRestorePriority$0(RaftReconfigurationBaseTest.java:123)
	at org.apache.ratis.server.impl.MiniRaftCluster$Factory$Get.runWithNewCluster(MiniRaftCluster.java:141)
	... 15 more
Caused by: java.io.IOException: Failed to bind to address 0.0.0.0/0.0.0.0:45261
	at org.apache.ratis.thirdparty.io.grpc.netty.NettyServer.start(NettyServer.java:328)
	at org.apache.ratis.thirdparty.io.grpc.internal.ServerImpl.start(ServerImpl.java:183)
	at org.apache.ratis.thirdparty.io.grpc.internal.ServerImpl.start(ServerImpl.java:92)
	at org.apache.ratis.grpc.server.GrpcService.startImpl(GrpcService.java:298)
	... 25 more
Caused by: org.apache.ratis.thirdparty.io.netty.channel.unix.Errors$NativeIoException: bind(..) failed: Address already in use
</failure>
    <system-out><![CDATA[2023-03-17 00:24:55,025 [main] INFO  util.LogUtils (Slf4jUtils.java:setLogLevel(38)) - Successfully set org.apache.ratis.conf.ConfUtils log level to WARN
2023-03-17 00:24:55,025 [main] INFO  util.LogUtils (Slf4jUtils.java:setLogLevel(38)) - Successfully set org.apache.ratis.util.FileUtils log level to TRACE
2023-03-17 00:24:55,030 [Time-limited test] INFO  impl.MiniRaftCluster (MiniRaftCluster.java:runWithNewCluster(135)) - Running runWithNewCluster
2023-03-17 00:24:55,030 [Time-limited test] INFO  impl.MiniRaftCluster (MiniRaftCluster.java:<init>(306)) - new MiniRaftClusterWithGrpc with group-7CD1EA773A0D:[s0|rpc:localhost:42303|admin:localhost:39619|client:localhost:33117|dataStream:localhost:43417|priority:0|startupRole:FOLLOWER, s1|rpc:localhost:45261|admin:localhost:35185|client:localhost:34351|dataStream:localhost:33675|priority:0|startupRole:FOLLOWER, s2|rpc:localhost:46431|admin:localhost:39719|client:localhost:40163|dataStream:localhost:45865|priority:0|startupRole:FOLLOWER]
2023-03-17 00:24:55,030 [Time-limited test] INFO  impl.MiniRaftCluster (MiniRaftCluster.java:start(339)) - .............................................................. 
2023-03-17 00:24:55,030 [Time-limited test] INFO  impl.MiniRaftCluster (MiniRaftCluster.java:start(340)) - ... 
2023-03-17 00:24:55,030 [Time-limited test] INFO  impl.MiniRaftCluster (MiniRaftCluster.java:start(341)) - ...     Starting MiniRaftClusterWithGrpc
2023-03-17 00:24:55,030 [Time-limited test] INFO  impl.MiniRaftCluster (MiniRaftCluster.java:start(342)) - ... 
2023-03-17 00:24:55,031 [Time-limited test] INFO  impl.MiniRaftCluster (MiniRaftCluster.java:start(343)) - .............................................................. 
2023-03-17 00:24:55,031 [Time-limited test] INFO  impl.MiniRaftCluster (MiniRaftCluster.java:initServers(318)) - servers = {}
2023-03-17 00:24:55,031 [Time-limited test] INFO  impl.MiniRaftCluster (MiniRaftCluster.java:newRaftServer(382)) - newRaftServer: s0, group-7CD1EA773A0D:[s0|rpc:localhost:42303|admin:localhost:39619|client:localhost:33117|dataStream:localhost:43417|priority:0|startupRole:FOLLOWER, s1|rpc:localhost:45261|admin:localhost:35185|client:localhost:34351|dataStream:localhost:33675|priority:0|startupRole:FOLLOWER, s2|rpc:localhost:46431|admin:localhost:39719|client:localhost:40163|dataStream:localhost:45865|priority:0|startupRole:FOLLOWER], format? true
2023-03-17 00:24:55,031 [Time-limited test] TRACE util.FileUtils (FileUtils.java:deleteFully(201)) - deleteFully target/test/data/ce6527c6/MiniRaftClusterWithGrpc5b4969e5/s0
2023-03-17 00:24:55,031 [Time-limited test] TRACE util.FileUtils (FileUtils.java:deleteFully(217)) - deleteFully: target/test/data/ce6527c6/MiniRaftClusterWithGrpc5b4969e5/s0 does not exist.
2023-03-17 00:24:55,031 [Time-limited test] INFO  impl.MiniRaftCluster (MiniRaftCluster.java:newRaftServer(387)) - Formatted directory target/test/data/ce6527c6/MiniRaftClusterWithGrpc5b4969e5/s0
2023-03-17 00:24:55,031 [Time-limited test] INFO  server.RaftServer (ConfUtils.java:logGet(46)) - raft.rpc.type = GRPC (default)
2023-03-17 00:24:55,031 [Time-limited test] INFO  grpc.GrpcConfigKeys (ConfUtils.java:logFallback(53)) - raft.grpc.admin.host = null (fallback to raft.grpc.server.host)
2023-03-17 00:24:55,031 [Time-limited test] INFO  grpc.GrpcConfigKeys (ConfUtils.java:logGet(46)) - raft.grpc.admin.port = 39619 (custom)
2023-03-17 00:24:55,031 [Time-limited test] INFO  grpc.GrpcConfigKeys (ConfUtils.java:logFallback(53)) - raft.grpc.client.host = null (fallback to raft.grpc.server.host)
2023-03-17 00:24:55,031 [Time-limited test] INFO  grpc.GrpcConfigKeys (ConfUtils.java:logGet(46)) - raft.grpc.client.port = 33117 (custom)
2023-03-17 00:24:55,031 [Time-limited test] INFO  grpc.GrpcConfigKeys (ConfUtils.java:logGet(46)) - raft.grpc.server.host = null (default)
2023-03-17 00:24:55,031 [Time-limited test] INFO  grpc.GrpcConfigKeys (ConfUtils.java:logGet(46)) - raft.grpc.server.port = 42303 (custom)
2023-03-17 00:24:55,032 [Time-limited test] INFO  server.GrpcService (ConfUtils.java:logGet(46)) - raft.grpc.message.size.max = 64MB (=67108864) (default)
2023-03-17 00:24:55,032 [Time-limited test] INFO  server.RaftServerConfigKeys (ConfUtils.java:logGet(46)) - raft.server.log.appender.buffer.byte-limit = 4MB (=4194304) (default)
2023-03-17 00:24:55,032 [Time-limited test] INFO  server.GrpcService (ConfUtils.java:logGet(46)) - raft.grpc.flow.control.window = 1MB (=1048576) (default)
2023-03-17 00:24:55,032 [Time-limited test] INFO  server.RaftServerConfigKeys (ConfUtils.java:logGet(46)) - raft.server.rpc.request.timeout = 3000ms (default)
2023-03-17 00:24:55,032 [Time-limited test] INFO  grpc.GrpcConfigKeys (ConfUtils.java:logGet(46)) - raft.grpc.server.heartbeat.channel = true (default)
2023-03-17 00:24:55,032 [Time-limited test] INFO  grpc.GrpcConfigKeys (ConfUtils.java:logGet(46)) - raft.grpc.server.async.request.thread.pool.cached = true (default)
2023-03-17 00:24:55,032 [Time-limited test] INFO  grpc.GrpcConfigKeys (ConfUtils.java:logGet(46)) - raft.grpc.server.async.request.thread.pool.size = 32 (default)
2023-03-17 00:24:55,033 [Time-limited test] INFO  impl.DataStreamServerImpl (ConfUtils.java:logGet(46)) - raft.datastream.type = DISABLED (default)
2023-03-17 00:24:55,033 [Time-limited test] INFO  server.RaftServerConfigKeys (ConfUtils.java:logGet(46)) - raft.server.threadpool.proxy.cached = true (default)
2023-03-17 00:24:55,033 [Time-limited test] INFO  server.RaftServerConfigKeys (ConfUtils.java:logGet(46)) - raft.server.threadpool.proxy.size = 0 (default)
2023-03-17 00:24:55,033 [Time-limited test] INFO  server.RaftServerConfigKeys (ConfUtils.java:logGet(46)) - raft.server.rpc.slowness.timeout = 60s (default)
2023-03-17 00:24:55,033 [Time-limited test] INFO  server.RaftServerConfigKeys (ConfUtils.java:logGet(46)) - raft.server.leaderelection.leader.step-down.wait-time = 10s (default)
2023-03-17 00:24:55,033 [Time-limited test] INFO  server.RaftServerConfigKeys (ConfUtils.java:logGet(46)) - raft.server.storage.dir = [/home/runner/work/ratis/ratis/ratis-test/target/test/data/ce6527c6/MiniRaftClusterWithGrpc5b4969e5/s0] (custom)
2023-03-17 00:24:55,034 [Time-limited test] INFO  server.RaftServer (RaftServerProxy.java:addNew(99)) - s0: addNew group-7CD1EA773A0D:[s0|rpc:localhost:42303|admin:localhost:39619|client:localhost:33117|dataStream:localhost:43417|priority:0|startupRole:FOLLOWER, s1|rpc:localhost:45261|admin:localhost:35185|client:localhost:34351|dataStream:localhost:33675|priority:0|startupRole:FOLLOWER, s2|rpc:localhost:46431|admin:localhost:39719|client:localhost:40163|dataStream:localhost:45865|priority:0|startupRole:FOLLOWER] returns group-7CD1EA773A0D:java.util.concurrent.CompletableFuture@5a165c4a[Not completed]
2023-03-17 00:24:55,034 [Time-limited test] INFO  impl.MiniRaftCluster (MiniRaftCluster.java:newRaftServer(382)) - newRaftServer: s1, group-7CD1EA773A0D:[s0|rpc:localhost:42303|admin:localhost:39619|client:localhost:33117|dataStream:localhost:43417|priority:0|startupRole:FOLLOWER, s1|rpc:localhost:45261|admin:localhost:35185|client:localhost:34351|dataStream:localhost:33675|priority:0|startupRole:FOLLOWER, s2|rpc:localhost:46431|admin:localhost:39719|client:localhost:40163|dataStream:localhost:45865|priority:0|startupRole:FOLLOWER], format? true
2023-03-17 00:24:55,034 [Time-limited test] TRACE util.FileUtils (FileUtils.java:deleteFully(201)) - deleteFully target/test/data/ce6527c6/MiniRaftClusterWithGrpc5b4969e5/s1
2023-03-17 00:24:55,034 [s0-groupManagement] INFO  server.RaftServer$Division (RaftServerImpl.java:<init>(198)) - s0: new RaftServerImpl for group-7CD1EA773A0D:[s0|rpc:localhost:42303|admin:localhost:39619|client:localhost:33117|dataStream:localhost:43417|priority:0|startupRole:FOLLOWER, s1|rpc:localhost:45261|admin:localhost:35185|client:localhost:34351|dataStream:localhost:33675|priority:0|startupRole:FOLLOWER, s2|rpc:localhost:46431|admin:localhost:39719|client:localhost:40163|dataStream:localhost:45865|priority:0|startupRole:FOLLOWER] with BaseStateMachine:uninitialized
2023-03-17 00:24:55,034 [Time-limited test] TRACE util.FileUtils (FileUtils.java:deleteFully(217)) - deleteFully: target/test/data/ce6527c6/MiniRaftClusterWithGrpc5b4969e5/s1 does not exist.
2023-03-17 00:24:55,035 [Time-limited test] INFO  impl.MiniRaftCluster (MiniRaftCluster.java:newRaftServer(387)) - Formatted directory target/test/data/ce6527c6/MiniRaftClusterWithGrpc5b4969e5/s1
2023-03-17 00:24:55,035 [Time-limited test] INFO  server.RaftServer (ConfUtils.java:logGet(46)) - raft.rpc.type = GRPC (default)
2023-03-17 00:24:55,036 [Time-limited test] INFO  grpc.GrpcConfigKeys (ConfUtils.java:logFallback(53)) - raft.grpc.admin.host = null (fallback to raft.grpc.server.host)
2023-03-17 00:24:55,036 [Time-limited test] INFO  grpc.GrpcConfigKeys (ConfUtils.java:logGet(46)) - raft.grpc.admin.port = 35185 (custom)
2023-03-17 00:24:55,036 [Time-limited test] INFO  grpc.GrpcConfigKeys (ConfUtils.java:logFallback(53)) - raft.grpc.client.host = null (fallback to raft.grpc.server.host)
2023-03-17 00:24:55,036 [Time-limited test] INFO  grpc.GrpcConfigKeys (ConfUtils.java:logGet(46)) - raft.grpc.client.port = 34351 (custom)
2023-03-17 00:24:55,036 [Time-limited test] INFO  grpc.GrpcConfigKeys (ConfUtils.java:logGet(46)) - raft.grpc.server.host = null (default)
2023-03-17 00:24:55,036 [Time-limited test] INFO  grpc.GrpcConfigKeys (ConfUtils.java:logGet(46)) - raft.grpc.server.port = 45261 (custom)
2023-03-17 00:24:55,036 [Time-limited test] INFO  server.GrpcService (ConfUtils.java:logGet(46)) - raft.grpc.message.size.max = 64MB (=67108864) (default)
2023-03-17 00:24:55,036 [Time-limited test] INFO  server.RaftServerConfigKeys (ConfUtils.java:logGet(46)) - raft.server.log.appender.buffer.byte-limit = 4MB (=4194304) (default)
2023-03-17 00:24:55,036 [Time-limited test] INFO  server.GrpcService (ConfUtils.java:logGet(46)) - raft.grpc.flow.control.window = 1MB (=1048576) (default)
2023-03-17 00:24:55,036 [Time-limited test] INFO  server.RaftServerConfigKeys (ConfUtils.java:logGet(46)) - raft.server.rpc.request.timeout = 3000ms (default)
2023-03-17 00:24:55,036 [Time-limited test] INFO  grpc.GrpcConfigKeys (ConfUtils.java:logGet(46)) - raft.grpc.server.heartbeat.channel = true (default)
2023-03-17 00:24:55,036 [Time-limited test] INFO  grpc.GrpcConfigKeys (ConfUtils.java:logGet(46)) - raft.grpc.server.async.request.thread.pool.cached = true (default)
2023-03-17 00:24:55,036 [Time-limited test] INFO  grpc.GrpcConfigKeys (ConfUtils.java:logGet(46)) - raft.grpc.server.async.request.thread.pool.size = 32 (default)
2023-03-17 00:24:55,037 [Time-limited test] INFO  impl.DataStreamServerImpl (ConfUtils.java:logGet(46)) - raft.datastream.type = DISABLED (default)
2023-03-17 00:24:55,037 [Time-limited test] INFO  server.RaftServerConfigKeys (ConfUtils.java:logGet(46)) - raft.server.threadpool.proxy.cached = true (default)
2023-03-17 00:24:55,037 [Time-limited test] INFO  server.RaftServerConfigKeys (ConfUtils.java:logGet(46)) - raft.server.threadpool.proxy.size = 0 (default)
2023-03-17 00:24:55,037 [Time-limited test] INFO  server.RaftServerConfigKeys (ConfUtils.java:logGet(46)) - raft.server.rpc.slowness.timeout = 60s (default)
2023-03-17 00:24:55,037 [Time-limited test] INFO  server.RaftServerConfigKeys (ConfUtils.java:logGet(46)) - raft.server.leaderelection.leader.step-down.wait-time = 10s (default)
2023-03-17 00:24:55,038 [Time-limited test] INFO  server.RaftServerConfigKeys (ConfUtils.java:logGet(46)) - raft.server.storage.dir = [/home/runner/work/ratis/ratis/ratis-test/target/test/data/ce6527c6/MiniRaftClusterWithGrpc5b4969e5/s1] (custom)
2023-03-17 00:24:55,034 [s0-groupManagement] INFO  server.RaftServerConfigKeys (ConfUtils.java:logGet(46)) - raft.server.rpc.timeout.min = 150ms (default)
2023-03-17 00:24:55,038 [s0-groupManagement] INFO  server.RaftServerConfigKeys (ConfUtils.java:logGet(46)) - raft.server.rpc.timeout.max = 300ms (default)
2023-03-17 00:24:55,038 [s0-groupManagement] INFO  server.RaftServerConfigKeys (ConfUtils.java:logGet(46)) - raft.server.rpc.sleep.time = 25ms (default)
2023-03-17 00:24:55,038 [s0-groupManagement] INFO  server.RaftServerConfigKeys (ConfUtils.java:logGet(46)) - raft.server.rpc.slowness.timeout = 60s (default)
2023-03-17 00:24:55,038 [s0-groupManagement] INFO  server.RaftServerConfigKeys (ConfUtils.java:logGet(46)) - raft.server.leaderelection.leader.step-down.wait-time = 10s (default)
2023-03-17 00:24:55,038 [s0-groupManagement] INFO  server.RaftServerConfigKeys (ConfUtils.java:logGet(46)) - raft.server.sleep.deviation.threshold = 300ms (default)
2023-03-17 00:24:55,038 [s0-groupManagement] INFO  server.RaftServer$Division (ServerState.java:<init>(113)) - s0@group-7CD1EA773A0D: ConfigurationManager, init=-1: peers:[s0|rpc:localhost:42303|admin:localhost:39619|client:localhost:33117|dataStream:localhost:43417|priority:0|startupRole:FOLLOWER, s1|rpc:localhost:45261|admin:localhost:35185|client:localhost:34351|dataStream:localhost:33675|priority:0|startupRole:FOLLOWER, s2|rpc:localhost:46431|admin:localhost:39719|client:localhost:40163|dataStream:localhost:45865|priority:0|startupRole:FOLLOWER]|listeners:[], old=null, confs=<EMPTY_MAP>
2023-03-17 00:24:55,038 [s0-groupManagement] INFO  server.RaftServerConfigKeys (ConfUtils.java:logGet(46)) - raft.server.notification.no-leader.timeout = 60s (default)
2023-03-17 00:24:55,038 [s0-groupManagement] INFO  server.RaftServerConfigKeys (ConfUtils.java:logGet(46)) - raft.server.read.timeout = 10s (default)
2023-03-17 00:24:55,038 [s0-groupManagement] INFO  server.RaftServerConfigKeys (ConfUtils.java:logGet(46)) - raft.server.retrycache.expirytime = 60s (default)
2023-03-17 00:24:55,038 [s0-groupManagement] INFO  server.RaftServerConfigKeys (ConfUtils.java:logGet(46)) - raft.server.retrycache.statistics.expirytime = 100μs (default)
2023-03-17 00:24:55,038 [s0-groupManagement] INFO  server.RaftServerConfigKeys (ConfUtils.java:logGet(46)) - raft.server.read.option = DEFAULT (default)
2023-03-17 00:24:55,039 [s0-groupManagement] INFO  server.RaftServerConfigKeys (ConfUtils.java:logGet(46)) - raft.server.log.appender.install.snapshot.enabled = true (default)
2023-03-17 00:24:55,039 [s0-groupManagement] INFO  server.RaftServerConfigKeys (ConfUtils.java:logGet(46)) - raft.server.threadpool.server.cached = true (default)
2023-03-17 00:24:55,039 [s0-groupManagement] INFO  server.RaftServerConfigKeys (ConfUtils.java:logGet(46)) - raft.server.threadpool.server.size = 0 (default)
2023-03-17 00:24:55,039 [s0-groupManagement] INFO  server.RaftServerConfigKeys (ConfUtils.java:logGet(46)) - raft.server.threadpool.client.cached = true (default)
2023-03-17 00:24:55,039 [s0-groupManagement] INFO  server.RaftServerConfigKeys (ConfUtils.java:logGet(46)) - raft.server.threadpool.client.size = 0 (default)
2023-03-17 00:24:55,043 [Time-limited test] INFO  server.RaftServer (RaftServerProxy.java:addNew(99)) - s1: addNew group-7CD1EA773A0D:[s0|rpc:localhost:42303|admin:localhost:39619|client:localhost:33117|dataStream:localhost:43417|priority:0|startupRole:FOLLOWER, s1|rpc:localhost:45261|admin:localhost:35185|client:localhost:34351|dataStream:localhost:33675|priority:0|startupRole:FOLLOWER, s2|rpc:localhost:46431|admin:localhost:39719|client:localhost:40163|dataStream:localhost:45865|priority:0|startupRole:FOLLOWER] returns group-7CD1EA773A0D:java.util.concurrent.CompletableFuture@52255107[Not completed]
2023-03-17 00:24:55,043 [s1-groupManagement] INFO  server.RaftServer$Division (RaftServerImpl.java:<init>(198)) - s1: new RaftServerImpl for group-7CD1EA773A0D:[s0|rpc:localhost:42303|admin:localhost:39619|client:localhost:33117|dataStream:localhost:43417|priority:0|startupRole:FOLLOWER, s1|rpc:localhost:45261|admin:localhost:35185|client:localhost:34351|dataStream:localhost:33675|priority:0|startupRole:FOLLOWER, s2|rpc:localhost:46431|admin:localhost:39719|client:localhost:40163|dataStream:localhost:45865|priority:0|startupRole:FOLLOWER] with BaseStateMachine:uninitialized
2023-03-17 00:24:55,043 [Time-limited test] INFO  impl.MiniRaftCluster (MiniRaftCluster.java:newRaftServer(382)) - newRaftServer: s2, group-7CD1EA773A0D:[s0|rpc:localhost:42303|admin:localhost:39619|client:localhost:33117|dataStream:localhost:43417|priority:0|startupRole:FOLLOWER, s1|rpc:localhost:45261|admin:localhost:35185|client:localhost:34351|dataStream:localhost:33675|priority:0|startupRole:FOLLOWER, s2|rpc:localhost:46431|admin:localhost:39719|client:localhost:40163|dataStream:localhost:45865|priority:0|startupRole:FOLLOWER], format? true
2023-03-17 00:24:55,044 [Time-limited test] TRACE util.FileUtils (FileUtils.java:deleteFully(201)) - deleteFully target/test/data/ce6527c6/MiniRaftClusterWithGrpc5b4969e5/s2
2023-03-17 00:24:55,044 [s1-groupManagement] INFO  server.RaftServerConfigKeys (ConfUtils.java:logGet(46)) - raft.server.rpc.timeout.min = 150ms (default)
2023-03-17 00:24:55,044 [Time-limited test] TRACE util.FileUtils (FileUtils.java:deleteFully(217)) - deleteFully: target/test/data/ce6527c6/MiniRaftClusterWithGrpc5b4969e5/s2 does not exist.
2023-03-17 00:24:55,044 [Time-limited test] INFO  impl.MiniRaftCluster (MiniRaftCluster.java:newRaftServer(387)) - Formatted directory target/test/data/ce6527c6/MiniRaftClusterWithGrpc5b4969e5/s2
2023-03-17 00:24:55,044 [s1-groupManagement] INFO  server.RaftServerConfigKeys (ConfUtils.java:logGet(46)) - raft.server.rpc.timeout.max = 300ms (default)
2023-03-17 00:24:55,044 [s1-groupManagement] INFO  server.RaftServerConfigKeys (ConfUtils.java:logGet(46)) - raft.server.rpc.sleep.time = 25ms (default)
2023-03-17 00:24:55,044 [s1-groupManagement] INFO  server.RaftServerConfigKeys (ConfUtils.java:logGet(46)) - raft.server.rpc.slowness.timeout = 60s (default)
2023-03-17 00:24:55,044 [s1-groupManagement] INFO  server.RaftServerConfigKeys (ConfUtils.java:logGet(46)) - raft.server.leaderelection.leader.step-down.wait-time = 10s (default)
2023-03-17 00:24:55,044 [s1-groupManagement] INFO  server.RaftServerConfigKeys (ConfUtils.java:logGet(46)) - raft.server.sleep.deviation.threshold = 300ms (default)
2023-03-17 00:24:55,044 [Time-limited test] INFO  server.RaftServer (ConfUtils.java:logGet(46)) - raft.rpc.type = GRPC (default)
2023-03-17 00:24:55,044 [s1-groupManagement] INFO  server.RaftServer$Division (ServerState.java:<init>(113)) - s1@group-7CD1EA773A0D: ConfigurationManager, init=-1: peers:[s0|rpc:localhost:42303|admin:localhost:39619|client:localhost:33117|dataStream:localhost:43417|priority:0|startupRole:FOLLOWER, s1|rpc:localhost:45261|admin:localhost:35185|client:localhost:34351|dataStream:localhost:33675|priority:0|startupRole:FOLLOWER, s2|rpc:localhost:46431|admin:localhost:39719|client:localhost:40163|dataStream:localhost:45865|priority:0|startupRole:FOLLOWER]|listeners:[], old=null, confs=<EMPTY_MAP>
2023-03-17 00:24:55,044 [Time-limited test] INFO  grpc.GrpcConfigKeys (ConfUtils.java:logFallback(53)) - raft.grpc.admin.host = null (fallback to raft.grpc.server.host)
2023-03-17 00:24:55,045 [s1-groupManagement] INFO  server.RaftServerConfigKeys (ConfUtils.java:logGet(46)) - raft.server.notification.no-leader.timeout = 60s (default)
2023-03-17 00:24:55,045 [Time-limited test] INFO  grpc.GrpcConfigKeys (ConfUtils.java:logGet(46)) - raft.grpc.admin.port = 39719 (custom)
2023-03-17 00:24:55,045 [s1-groupManagement] INFO  server.RaftServerConfigKeys (ConfUtils.java:logGet(46)) - raft.server.read.timeout = 10s (default)
2023-03-17 00:24:55,045 [Time-limited test] INFO  grpc.GrpcConfigKeys (ConfUtils.java:logFallback(53)) - raft.grpc.client.host = null (fallback to raft.grpc.server.host)
2023-03-17 00:24:55,045 [s1-groupManagement] INFO  server.RaftServerConfigKeys (ConfUtils.java:logGet(46)) - raft.server.retrycache.expirytime = 60s (default)
2023-03-17 00:24:55,045 [Time-limited test] INFO  grpc.GrpcConfigKeys (ConfUtils.java:logGet(46)) - raft.grpc.client.port = 40163 (custom)
2023-03-17 00:24:55,045 [Time-limited test] INFO  grpc.GrpcConfigKeys (ConfUtils.java:logGet(46)) - raft.grpc.server.host = null (default)
2023-03-17 00:24:55,045 [s1-groupManagement] INFO  server.RaftServerConfigKeys (ConfUtils.java:logGet(46)) - raft.server.retrycache.statistics.expirytime = 100μs (default)
2023-03-17 00:24:55,045 [Time-limited test] INFO  grpc.GrpcConfigKeys (ConfUtils.java:logGet(46)) - raft.grpc.server.port = 46431 (custom)
2023-03-17 00:24:55,045 [s1-groupManagement] INFO  server.RaftServerConfigKeys (ConfUtils.java:logGet(46)) - raft.server.read.option = DEFAULT (default)
2023-03-17 00:24:55,045 [Time-limited test] INFO  server.GrpcService (ConfUtils.java:logGet(46)) - raft.grpc.message.size.max = 64MB (=67108864) (default)
2023-03-17 00:24:55,045 [Time-limited test] INFO  server.RaftServerConfigKeys (ConfUtils.java:logGet(46)) - raft.server.log.appender.buffer.byte-limit = 4MB (=4194304) (default)
2023-03-17 00:24:55,045 [Time-limited test] INFO  server.GrpcService (ConfUtils.java:logGet(46)) - raft.grpc.flow.control.window = 1MB (=1048576) (default)
2023-03-17 00:24:55,045 [Time-limited test] INFO  server.RaftServerConfigKeys (ConfUtils.java:logGet(46)) - raft.server.rpc.request.timeout = 3000ms (default)
2023-03-17 00:24:55,045 [Time-limited test] INFO  grpc.GrpcConfigKeys (ConfUtils.java:logGet(46)) - raft.grpc.server.heartbeat.channel = true (default)
2023-03-17 00:24:55,045 [Time-limited test] INFO  grpc.GrpcConfigKeys (ConfUtils.java:logGet(46)) - raft.grpc.server.async.request.thread.pool.cached = true (default)
2023-03-17 00:24:55,046 [Time-limited test] INFO  grpc.GrpcConfigKeys (ConfUtils.java:logGet(46)) - raft.grpc.server.async.request.thread.pool.size = 32 (default)
2023-03-17 00:24:55,046 [s1-groupManagement] INFO  server.RaftServerConfigKeys (ConfUtils.java:logGet(46)) - raft.server.log.appender.install.snapshot.enabled = true (default)
2023-03-17 00:24:55,046 [s1-groupManagement] INFO  server.RaftServerConfigKeys (ConfUtils.java:logGet(46)) - raft.server.threadpool.server.cached = true (default)
2023-03-17 00:24:55,046 [s1-groupManagement] INFO  server.RaftServerConfigKeys (ConfUtils.java:logGet(46)) - raft.server.threadpool.server.size = 0 (default)
2023-03-17 00:24:55,046 [s1-groupManagement] INFO  server.RaftServerConfigKeys (ConfUtils.java:logGet(46)) - raft.server.threadpool.client.cached = true (default)
2023-03-17 00:24:55,046 [s1-groupManagement] INFO  server.RaftServerConfigKeys (ConfUtils.java:logGet(46)) - raft.server.threadpool.client.size = 0 (default)
2023-03-17 00:24:55,048 [Time-limited test] INFO  impl.DataStreamServerImpl (ConfUtils.java:logGet(46)) - raft.datastream.type = DISABLED (default)
2023-03-17 00:24:55,048 [Time-limited test] INFO  server.RaftServerConfigKeys (ConfUtils.java:logGet(46)) - raft.server.threadpool.proxy.cached = true (default)
2023-03-17 00:24:55,048 [Time-limited test] INFO  server.RaftServerConfigKeys (ConfUtils.java:logGet(46)) - raft.server.threadpool.proxy.size = 0 (default)
2023-03-17 00:24:55,048 [Time-limited test] INFO  server.RaftServerConfigKeys (ConfUtils.java:logGet(46)) - raft.server.rpc.slowness.timeout = 60s (default)
2023-03-17 00:24:55,048 [Time-limited test] INFO  server.RaftServerConfigKeys (ConfUtils.java:logGet(46)) - raft.server.leaderelection.leader.step-down.wait-time = 10s (default)
2023-03-17 00:24:55,048 [Time-limited test] INFO  server.RaftServerConfigKeys (ConfUtils.java:logGet(46)) - raft.server.storage.dir = [/home/runner/work/ratis/ratis/ratis-test/target/test/data/ce6527c6/MiniRaftClusterWithGrpc5b4969e5/s2] (custom)
2023-03-17 00:24:55,049 [Time-limited test] INFO  server.RaftServer (RaftServerProxy.java:addNew(99)) - s2: addNew group-7CD1EA773A0D:[s0|rpc:localhost:42303|admin:localhost:39619|client:localhost:33117|dataStream:localhost:43417|priority:0|startupRole:FOLLOWER, s1|rpc:localhost:45261|admin:localhost:35185|client:localhost:34351|dataStream:localhost:33675|priority:0|startupRole:FOLLOWER, s2|rpc:localhost:46431|admin:localhost:39719|client:localhost:40163|dataStream:localhost:45865|priority:0|startupRole:FOLLOWER] returns group-7CD1EA773A0D:java.util.concurrent.CompletableFuture@31f41c67[Not completed]
2023-03-17 00:24:55,050 [s0-impl-thread1] INFO  server.RaftServerConfigKeys (ConfUtils.java:logGet(46)) - raft.server.storage.free-space.min = 0MB (=0) (default)
2023-03-17 00:24:55,050 [s0-impl-thread1] INFO  server.RaftServerConfigKeys (ConfUtils.java:logGet(46)) - raft.server.log.corruption.policy = EXCEPTION (default)
2023-03-17 00:24:55,050 [s0-impl-thread1] INFO  server.RaftServerConfigKeys (ConfUtils.java:logGet(46)) - raft.server.storage.dir = [/home/runner/work/ratis/ratis/ratis-test/target/test/data/ce6527c6/MiniRaftClusterWithGrpc5b4969e5/s0] (custom)
2023-03-17 00:24:55,050 [s0-impl-thread1] INFO  storage.RaftStorageDirectory (RaftStorageDirectoryImpl.java:analyzeStorage(138)) - The storage directory /home/runner/work/ratis/ratis/ratis-test/target/test/data/ce6527c6/MiniRaftClusterWithGrpc5b4969e5/s0/44945002-fda8-4e9f-92ec-7cd1ea773a0d does not exist. Creating ...
2023-03-17 00:24:55,050 [s0-impl-thread1] TRACE util.FileUtils (LogUtils.java:runAndLog(49)) - Successfully ran Files.createDirectories /home/runner/work/ratis/ratis/ratis-test/target/test/data/ce6527c6/MiniRaftClusterWithGrpc5b4969e5/s0/44945002-fda8-4e9f-92ec-7cd1ea773a0d
2023-03-17 00:24:55,050 [s2-groupManagement] INFO  server.RaftServer$Division (RaftServerImpl.java:<init>(198)) - s2: new RaftServerImpl for group-7CD1EA773A0D:[s0|rpc:localhost:42303|admin:localhost:39619|client:localhost:33117|dataStream:localhost:43417|priority:0|startupRole:FOLLOWER, s1|rpc:localhost:45261|admin:localhost:35185|client:localhost:34351|dataStream:localhost:33675|priority:0|startupRole:FOLLOWER, s2|rpc:localhost:46431|admin:localhost:39719|client:localhost:40163|dataStream:localhost:45865|priority:0|startupRole:FOLLOWER] with BaseStateMachine:uninitialized
2023-03-17 00:24:55,051 [s2-groupManagement] INFO  server.RaftServerConfigKeys (ConfUtils.java:logGet(46)) - raft.server.rpc.timeout.min = 150ms (default)
2023-03-17 00:24:55,051 [s2-groupManagement] INFO  server.RaftServerConfigKeys (ConfUtils.java:logGet(46)) - raft.server.rpc.timeout.max = 300ms (default)
2023-03-17 00:24:55,051 [s2-groupManagement] INFO  server.RaftServerConfigKeys (ConfUtils.java:logGet(46)) - raft.server.rpc.sleep.time = 25ms (default)
2023-03-17 00:24:55,051 [s2-groupManagement] INFO  server.RaftServerConfigKeys (ConfUtils.java:logGet(46)) - raft.server.rpc.slowness.timeout = 60s (default)
2023-03-17 00:24:55,051 [s2-groupManagement] INFO  server.RaftServerConfigKeys (ConfUtils.java:logGet(46)) - raft.server.leaderelection.leader.step-down.wait-time = 10s (default)
2023-03-17 00:24:55,051 [s2-groupManagement] INFO  server.RaftServerConfigKeys (ConfUtils.java:logGet(46)) - raft.server.sleep.deviation.threshold = 300ms (default)
2023-03-17 00:24:55,051 [s2-groupManagement] INFO  server.RaftServer$Division (ServerState.java:<init>(113)) - s2@group-7CD1EA773A0D: ConfigurationManager, init=-1: peers:[s0|rpc:localhost:42303|admin:localhost:39619|client:localhost:33117|dataStream:localhost:43417|priority:0|startupRole:FOLLOWER, s1|rpc:localhost:45261|admin:localhost:35185|client:localhost:34351|dataStream:localhost:33675|priority:0|startupRole:FOLLOWER, s2|rpc:localhost:46431|admin:localhost:39719|client:localhost:40163|dataStream:localhost:45865|priority:0|startupRole:FOLLOWER]|listeners:[], old=null, confs=<EMPTY_MAP>
2023-03-17 00:24:55,051 [s2-groupManagement] INFO  server.RaftServerConfigKeys (ConfUtils.java:logGet(46)) - raft.server.notification.no-leader.timeout = 60s (default)
2023-03-17 00:24:55,051 [s2-groupManagement] INFO  server.RaftServerConfigKeys (ConfUtils.java:logGet(46)) - raft.server.read.timeout = 10s (default)
2023-03-17 00:24:55,051 [s2-groupManagement] INFO  server.RaftServerConfigKeys (ConfUtils.java:logGet(46)) - raft.server.retrycache.expirytime = 60s (default)
2023-03-17 00:24:55,051 [s2-groupManagement] INFO  server.RaftServerConfigKeys (ConfUtils.java:logGet(46)) - raft.server.retrycache.statistics.expirytime = 100μs (default)
2023-03-17 00:24:55,051 [s2-groupManagement] INFO  server.RaftServerConfigKeys (ConfUtils.java:logGet(46)) - raft.server.read.option = DEFAULT (default)
2023-03-17 00:24:55,051 [s0-impl-thread1] INFO  storage.RaftStorageDirectory (RaftStorageDirectoryImpl.java:tryLock(232)) - Lock on /home/runner/work/ratis/ratis/ratis-test/target/test/data/ce6527c6/MiniRaftClusterWithGrpc5b4969e5/s0/44945002-fda8-4e9f-92ec-7cd1ea773a0d/in_use.lock acquired by nodename 10276@fv-az426-358
2023-03-17 00:24:55,051 [s0-impl-thread1] TRACE util.FileUtils (LogUtils.java:runAndLog(49)) - Successfully ran Files.createDirectories /home/runner/work/ratis/ratis/ratis-test/target/test/data/ce6527c6/MiniRaftClusterWithGrpc5b4969e5/s0/44945002-fda8-4e9f-92ec-7cd1ea773a0d/current
2023-03-17 00:24:55,052 [s0-impl-thread1] TRACE util.FileUtils (LogUtils.java:runAndLog(49)) - Successfully ran Files.createDirectories /home/runner/work/ratis/ratis/ratis-test/target/test/data/ce6527c6/MiniRaftClusterWithGrpc5b4969e5/s0/44945002-fda8-4e9f-92ec-7cd1ea773a0d/sm
2023-03-17 00:24:55,052 [s2-groupManagement] INFO  server.RaftServerConfigKeys (ConfUtils.java:logGet(46)) - raft.server.log.appender.install.snapshot.enabled = true (default)
2023-03-17 00:24:55,052 [s2-groupManagement] INFO  server.RaftServerConfigKeys (ConfUtils.java:logGet(46)) - raft.server.threadpool.server.cached = true (default)
2023-03-17 00:24:55,052 [s2-groupManagement] INFO  server.RaftServerConfigKeys (ConfUtils.java:logGet(46)) - raft.server.threadpool.server.size = 0 (default)
2023-03-17 00:24:55,052 [s0-impl-thread1] INFO  storage.RaftStorage (RaftStorageImpl.java:format(96)) - Storage directory /home/runner/work/ratis/ratis/ratis-test/target/test/data/ce6527c6/MiniRaftClusterWithGrpc5b4969e5/s0/44945002-fda8-4e9f-92ec-7cd1ea773a0d has been successfully formatted.
2023-03-17 00:24:55,053 [s0-impl-thread1] INFO  server.RaftServerConfigKeys (ConfUtils.java:logGet(46)) - raft.server.log.use.memory = false (default)
2023-03-17 00:24:55,053 [s0-impl-thread1] INFO  server.RaftServerConfigKeys (ConfUtils.java:logGet(46)) - raft.server.log.purge.gap = 1024 (default)
2023-03-17 00:24:55,053 [s0-impl-thread1] INFO  server.RaftServerConfigKeys (ConfUtils.java:logGet(46)) - raft.server.log.appender.buffer.byte-limit = 4MB (=4194304) (default)
2023-03-17 00:24:55,053 [s0-impl-thread1] INFO  server.RaftServerConfigKeys (ConfUtils.java:logGet(46)) - raft.server.log.statemachine.data.read.timeout = 1000ms (default)
2023-03-17 00:24:55,053 [s0-impl-thread1] INFO  server.RaftServerConfigKeys (ConfUtils.java:logGet(46)) - raft.server.log.purge.preservation.log.num = 0 (default)
2023-03-17 00:24:55,053 [s0-impl-thread1] INFO  server.RaftServerConfigKeys (ConfUtils.java:logGet(46)) - raft.server.log.segment.size.max = 8MB (=8388608) (default)
2023-03-17 00:24:55,053 [s0-impl-thread1] INFO  server.RaftServerConfigKeys (ConfUtils.java:logGet(46)) - raft.server.log.segment.cache.num.max = 6 (default)
2023-03-17 00:24:55,053 [s0-impl-thread1] INFO  server.RaftServerConfigKeys (ConfUtils.java:logGet(46)) - raft.server.log.segment.cache.size.max = 200MB (=209715200) (default)
2023-03-17 00:24:55,053 [s0-impl-thread1] INFO  server.RaftServerConfigKeys (ConfUtils.java:logGet(46)) - raft.server.log.appender.buffer.byte-limit = 4MB (=4194304) (default)
2023-03-17 00:24:55,053 [s0-impl-thread1] INFO  segmented.SegmentedRaftLogWorker (SegmentedRaftLogWorker.java:<init>(183)) - new s0@group-7CD1EA773A0D-SegmentedRaftLogWorker for RaftStorageImpl:Storage Directory /home/runner/work/ratis/ratis/ratis-test/target/test/data/ce6527c6/MiniRaftClusterWithGrpc5b4969e5/s0/44945002-fda8-4e9f-92ec-7cd1ea773a0d
2023-03-17 00:24:55,053 [s0-impl-thread1] INFO  server.RaftServerConfigKeys (ConfUtils.java:logGet(46)) - raft.server.log.queue.byte-limit = 64MB (=67108864) (default)
2023-03-17 00:24:55,053 [s0-impl-thread1] INFO  server.RaftServerConfigKeys (ConfUtils.java:logGet(46)) - raft.server.log.queue.element-limit = 4096 (default)
2023-03-17 00:24:55,053 [s0-impl-thread1] INFO  server.RaftServerConfigKeys (ConfUtils.java:logGet(46)) - raft.server.log.segment.size.max = 8MB (=8388608) (default)
2023-03-17 00:24:55,053 [s0-impl-thread1] INFO  server.RaftServerConfigKeys (ConfUtils.java:logGet(46)) - raft.server.log.preallocated.size = 4MB (=4194304) (default)
2023-03-17 00:24:55,053 [s0-impl-thread1] INFO  server.RaftServerConfigKeys (ConfUtils.java:logGet(46)) - raft.server.log.force.sync.num = 128 (default)
2023-03-17 00:24:55,053 [s0-impl-thread1] INFO  server.RaftServerConfigKeys (ConfUtils.java:logGet(46)) - raft.server.log.statemachine.data.sync = true (default)
2023-03-17 00:24:55,053 [s0-impl-thread1] INFO  server.RaftServerConfigKeys (ConfUtils.java:logGet(46)) - raft.server.log.statemachine.data.sync.timeout = 10s (default)
2023-03-17 00:24:55,053 [s0-impl-thread1] INFO  server.RaftServerConfigKeys (ConfUtils.java:logGet(46)) - raft.server.log.statemachine.data.sync.timeout.retry = -1 (default)
2023-03-17 00:24:55,053 [s0-impl-thread1] INFO  server.RaftServerConfigKeys (ConfUtils.java:logGet(46)) - raft.server.log.write.buffer.size = 64KB (=65536) (default)
2023-03-17 00:24:55,053 [s0-impl-thread1] INFO  server.RaftServerConfigKeys (ConfUtils.java:logGet(46)) - raft.server.log.appender.buffer.byte-limit = 4MB (=4194304) (default)
2023-03-17 00:24:55,054 [s0-impl-thread1] INFO  server.RaftServerConfigKeys (ConfUtils.java:logGet(46)) - raft.server.log.unsafe-flush.enabled = false (default)
2023-03-17 00:24:55,054 [s0-impl-thread1] INFO  server.RaftServerConfigKeys (ConfUtils.java:logGet(46)) - raft.server.log.async-flush.enabled = false (default)
2023-03-17 00:24:55,054 [s0-impl-thread1] INFO  server.RaftServerConfigKeys (ConfUtils.java:logGet(46)) - raft.server.log.statemachine.data.caching.enabled = false (default)
2023-03-17 00:24:55,054 [s0-impl-thread1] INFO  segmented.SegmentedRaftLogWorker (SegmentedRaftLogWorker.java:lambda$new$0(134)) - s0@group-7CD1EA773A0D-SegmentedRaftLogWorker: flushIndex: setUnconditionally 0 -> -1
2023-03-17 00:24:55,054 [s0-impl-thread1] INFO  segmented.SegmentedRaftLogWorker (SegmentedRaftLogWorker.java:lambda$new$0(134)) - s0@group-7CD1EA773A0D-SegmentedRaftLogWorker: safeCacheEvictIndex: setUnconditionally 0 -> -1
2023-03-17 00:24:55,054 [s0-impl-thread1] INFO  server.RaftServer$Division (RaftServerImpl.java:start(342)) - s0@group-7CD1EA773A0D: start as a follower, conf=-1: peers:[s0|rpc:localhost:42303|admin:localhost:39619|client:localhost:33117|dataStream:localhost:43417|priority:0|startupRole:FOLLOWER, s1|rpc:localhost:45261|admin:localhost:35185|client:localhost:34351|dataStream:localhost:33675|priority:0|startupRole:FOLLOWER, s2|rpc:localhost:46431|admin:localhost:39719|client:localhost:40163|dataStream:localhost:45865|priority:0|startupRole:FOLLOWER]|listeners:[], old=null
2023-03-17 00:24:55,054 [s0-impl-thread1] INFO  server.RaftServer$Division (RaftServerImpl.java:setRole(329)) - s0@group-7CD1EA773A0D: changes role from      null to FOLLOWER at term 0 for startAsFollower
2023-03-17 00:24:55,054 [s0-impl-thread1] INFO  impl.RoleInfo (RoleInfo.java:updateAndGet(139)) - s0: start s0@group-7CD1EA773A0D-FollowerState
2023-03-17 00:24:55,055 [s0-impl-thread1] INFO  util.JmxRegister (JmxRegister.java:tryRegister(44)) - Successfully registered JMX Bean with object name Ratis:service=RaftServer,group=group-7CD1EA773A0D,id=s0
2023-03-17 00:24:55,055 [s0-impl-thread1] INFO  server.RaftServerConfigKeys (ConfUtils.java:logGet(46)) - raft.server.snapshot.auto.trigger.enabled = false (default)
2023-03-17 00:24:55,055 [s0-impl-thread1] INFO  server.RaftServerConfigKeys (ConfUtils.java:logGet(46)) - raft.server.snapshot.retention.file.num = -1 (default)
2023-03-17 00:24:55,055 [s0-impl-thread1] INFO  server.RaftServerConfigKeys (ConfUtils.java:logGet(46)) - raft.server.log.purge.upto.snapshot.index = false (default)
2023-03-17 00:24:55,055 [s2-groupManagement] INFO  server.RaftServerConfigKeys (ConfUtils.java:logGet(46)) - raft.server.threadpool.client.cached = true (default)
2023-03-17 00:24:55,055 [s2-groupManagement] INFO  server.RaftServerConfigKeys (ConfUtils.java:logGet(46)) - raft.server.threadpool.client.size = 0 (default)
2023-03-17 00:24:55,055 [Time-limited test] INFO  server.RaftServer (RaftServerProxy.java:startImpl(401)) - s0: start RPC server
2023-03-17 00:24:55,056 [Time-limited test] INFO  server.GrpcService (GrpcService.java:startImpl(302)) - s0: GrpcService started, listening on 33117
2023-03-17 00:24:55,056 [Time-limited test] INFO  server.GrpcService (GrpcService.java:startImpl(302)) - s0: GrpcService started, listening on 42303
2023-03-17 00:24:55,056 [Time-limited test] INFO  server.GrpcService (GrpcService.java:startImpl(302)) - s0: GrpcService started, listening on 39619
2023-03-17 00:24:55,056 [s0@group-7CD1EA773A0D-FollowerState] INFO  server.RaftServerConfigKeys (ConfUtils.java:logFallback(53)) - raft.server.rpc.first-election.timeout.min = 150ms (fallback to raft.server.rpc.timeout.min)
2023-03-17 00:24:55,056 [s0@group-7CD1EA773A0D-FollowerState] INFO  server.RaftServerConfigKeys (ConfUtils.java:logFallback(53)) - raft.server.rpc.first-election.timeout.max = 300ms (fallback to raft.server.rpc.timeout.max)
2023-03-17 00:24:55,056 [JvmPauseMonitor52] INFO  util.JvmPauseMonitor (JvmPauseMonitor.java:run(103)) - JvmPauseMonitor-s0: Started
2023-03-17 00:24:55,056 [s1-impl-thread1] INFO  server.RaftServerConfigKeys (ConfUtils.java:logGet(46)) - raft.server.storage.free-space.min = 0MB (=0) (default)
2023-03-17 00:24:55,056 [s1-impl-thread1] INFO  server.RaftServerConfigKeys (ConfUtils.java:logGet(46)) - raft.server.log.corruption.policy = EXCEPTION (default)
2023-03-17 00:24:55,057 [s1-impl-thread1] INFO  server.RaftServerConfigKeys (ConfUtils.java:logGet(46)) - raft.server.storage.dir = [/home/runner/work/ratis/ratis/ratis-test/target/test/data/ce6527c6/MiniRaftClusterWithGrpc5b4969e5/s1] (custom)
2023-03-17 00:24:55,057 [s1-impl-thread1] INFO  storage.RaftStorageDirectory (RaftStorageDirectoryImpl.java:analyzeStorage(138)) - The storage directory /home/runner/work/ratis/ratis/ratis-test/target/test/data/ce6527c6/MiniRaftClusterWithGrpc5b4969e5/s1/44945002-fda8-4e9f-92ec-7cd1ea773a0d does not exist. Creating ...
2023-03-17 00:24:55,057 [s1-impl-thread1] TRACE util.FileUtils (LogUtils.java:runAndLog(49)) - Successfully ran Files.createDirectories /home/runner/work/ratis/ratis/ratis-test/target/test/data/ce6527c6/MiniRaftClusterWithGrpc5b4969e5/s1/44945002-fda8-4e9f-92ec-7cd1ea773a0d
2023-03-17 00:24:55,058 [s1-impl-thread1] INFO  storage.RaftStorageDirectory (RaftStorageDirectoryImpl.java:tryLock(232)) - Lock on /home/runner/work/ratis/ratis/ratis-test/target/test/data/ce6527c6/MiniRaftClusterWithGrpc5b4969e5/s1/44945002-fda8-4e9f-92ec-7cd1ea773a0d/in_use.lock acquired by nodename 10276@fv-az426-358
2023-03-17 00:24:55,058 [s1-impl-thread1] TRACE util.FileUtils (LogUtils.java:runAndLog(49)) - Successfully ran Files.createDirectories /home/runner/work/ratis/ratis/ratis-test/target/test/data/ce6527c6/MiniRaftClusterWithGrpc5b4969e5/s1/44945002-fda8-4e9f-92ec-7cd1ea773a0d/current
2023-03-17 00:24:55,058 [s1-impl-thread1] TRACE util.FileUtils (LogUtils.java:runAndLog(49)) - Successfully ran Files.createDirectories /home/runner/work/ratis/ratis/ratis-test/target/test/data/ce6527c6/MiniRaftClusterWithGrpc5b4969e5/s1/44945002-fda8-4e9f-92ec-7cd1ea773a0d/sm
2023-03-17 00:24:55,059 [s1-impl-thread1] INFO  storage.RaftStorage (RaftStorageImpl.java:format(96)) - Storage directory /home/runner/work/ratis/ratis/ratis-test/target/test/data/ce6527c6/MiniRaftClusterWithGrpc5b4969e5/s1/44945002-fda8-4e9f-92ec-7cd1ea773a0d has been successfully formatted.
2023-03-17 00:24:55,059 [s1-impl-thread1] INFO  server.RaftServerConfigKeys (ConfUtils.java:logGet(46)) - raft.server.log.use.memory = false (default)
2023-03-17 00:24:55,059 [s1-impl-thread1] INFO  server.RaftServerConfigKeys (ConfUtils.java:logGet(46)) - raft.server.log.purge.gap = 1024 (default)
2023-03-17 00:24:55,059 [s1-impl-thread1] INFO  server.RaftServerConfigKeys (ConfUtils.java:logGet(46)) - raft.server.log.appender.buffer.byte-limit = 4MB (=4194304) (default)
2023-03-17 00:24:55,059 [s1-impl-thread1] INFO  server.RaftServerConfigKeys (ConfUtils.java:logGet(46)) - raft.server.log.statemachine.data.read.timeout = 1000ms (default)
2023-03-17 00:24:55,059 [s1-impl-thread1] INFO  server.RaftServerConfigKeys (ConfUtils.java:logGet(46)) - raft.server.log.purge.preservation.log.num = 0 (default)
2023-03-17 00:24:55,059 [s1-impl-thread1] INFO  server.RaftServerConfigKeys (ConfUtils.java:logGet(46)) - raft.server.log.segment.size.max = 8MB (=8388608) (default)
2023-03-17 00:24:55,059 [s1-impl-thread1] INFO  server.RaftServerConfigKeys (ConfUtils.java:logGet(46)) - raft.server.log.segment.cache.num.max = 6 (default)
2023-03-17 00:24:55,059 [s1-impl-thread1] INFO  server.RaftServerConfigKeys (ConfUtils.java:logGet(46)) - raft.server.log.segment.cache.size.max = 200MB (=209715200) (default)
2023-03-17 00:24:55,059 [s1-impl-thread1] INFO  server.RaftServerConfigKeys (ConfUtils.java:logGet(46)) - raft.server.log.appender.buffer.byte-limit = 4MB (=4194304) (default)
2023-03-17 00:24:55,059 [s1-impl-thread1] INFO  segmented.SegmentedRaftLogWorker (SegmentedRaftLogWorker.java:<init>(183)) - new s1@group-7CD1EA773A0D-SegmentedRaftLogWorker for RaftStorageImpl:Storage Directory /home/runner/work/ratis/ratis/ratis-test/target/test/data/ce6527c6/MiniRaftClusterWithGrpc5b4969e5/s1/44945002-fda8-4e9f-92ec-7cd1ea773a0d
2023-03-17 00:24:55,060 [s1-impl-thread1] INFO  server.RaftServerConfigKeys (ConfUtils.java:logGet(46)) - raft.server.log.queue.byte-limit = 64MB (=67108864) (default)
2023-03-17 00:24:55,060 [s1-impl-thread1] INFO  server.RaftServerConfigKeys (ConfUtils.java:logGet(46)) - raft.server.log.queue.element-limit = 4096 (default)
2023-03-17 00:24:55,060 [s1-impl-thread1] INFO  server.RaftServerConfigKeys (ConfUtils.java:logGet(46)) - raft.server.log.segment.size.max = 8MB (=8388608) (default)
2023-03-17 00:24:55,060 [s1-impl-thread1] INFO  server.RaftServerConfigKeys (ConfUtils.java:logGet(46)) - raft.server.log.preallocated.size = 4MB (=4194304) (default)
2023-03-17 00:24:55,060 [s1-impl-thread1] INFO  server.RaftServerConfigKeys (ConfUtils.java:logGet(46)) - raft.server.log.force.sync.num = 128 (default)
2023-03-17 00:24:55,060 [s1-impl-thread1] INFO  server.RaftServerConfigKeys (ConfUtils.java:logGet(46)) - raft.server.log.statemachine.data.sync = true (default)
2023-03-17 00:24:55,060 [s1-impl-thread1] INFO  server.RaftServerConfigKeys (ConfUtils.java:logGet(46)) - raft.server.log.statemachine.data.sync.timeout = 10s (default)
2023-03-17 00:24:55,060 [s1-impl-thread1] INFO  server.RaftServerConfigKeys (ConfUtils.java:logGet(46)) - raft.server.log.statemachine.data.sync.timeout.retry = -1 (default)
2023-03-17 00:24:55,060 [s1-impl-thread1] INFO  server.RaftServerConfigKeys (ConfUtils.java:logGet(46)) - raft.server.log.write.buffer.size = 64KB (=65536) (default)
2023-03-17 00:24:55,060 [s1-impl-thread1] INFO  server.RaftServerConfigKeys (ConfUtils.java:logGet(46)) - raft.server.log.appender.buffer.byte-limit = 4MB (=4194304) (default)
2023-03-17 00:24:55,060 [s1-impl-thread1] INFO  server.RaftServerConfigKeys (ConfUtils.java:logGet(46)) - raft.server.log.unsafe-flush.enabled = false (default)
2023-03-17 00:24:55,060 [s1-impl-thread1] INFO  server.RaftServerConfigKeys (ConfUtils.java:logGet(46)) - raft.server.log.async-flush.enabled = false (default)
2023-03-17 00:24:55,060 [s1-impl-thread1] INFO  server.RaftServerConfigKeys (ConfUtils.java:logGet(46)) - raft.server.log.statemachine.data.caching.enabled = false (default)
2023-03-17 00:24:55,061 [s1-impl-thread1] INFO  segmented.SegmentedRaftLogWorker (SegmentedRaftLogWorker.java:lambda$new$0(134)) - s1@group-7CD1EA773A0D-SegmentedRaftLogWorker: flushIndex: setUnconditionally 0 -> -1
2023-03-17 00:24:55,061 [s1-impl-thread1] INFO  segmented.SegmentedRaftLogWorker (SegmentedRaftLogWorker.java:lambda$new$0(134)) - s1@group-7CD1EA773A0D-SegmentedRaftLogWorker: safeCacheEvictIndex: setUnconditionally 0 -> -1
2023-03-17 00:24:55,061 [s1-impl-thread1] INFO  server.RaftServer$Division (RaftServerImpl.java:start(342)) - s1@group-7CD1EA773A0D: start as a follower, conf=-1: peers:[s0|rpc:localhost:42303|admin:localhost:39619|client:localhost:33117|dataStream:localhost:43417|priority:0|startupRole:FOLLOWER, s1|rpc:localhost:45261|admin:localhost:35185|client:localhost:34351|dataStream:localhost:33675|priority:0|startupRole:FOLLOWER, s2|rpc:localhost:46431|admin:localhost:39719|client:localhost:40163|dataStream:localhost:45865|priority:0|startupRole:FOLLOWER]|listeners:[], old=null
2023-03-17 00:24:55,061 [s1-impl-thread1] INFO  server.RaftServer$Division (RaftServerImpl.java:setRole(329)) - s1@group-7CD1EA773A0D: changes role from      null to FOLLOWER at term 0 for startAsFollower
2023-03-17 00:24:55,061 [s1-impl-thread1] INFO  impl.RoleInfo (RoleInfo.java:updateAndGet(139)) - s1: start s1@group-7CD1EA773A0D-FollowerState
2023-03-17 00:24:55,061 [s1-impl-thread1] INFO  util.JmxRegister (JmxRegister.java:tryRegister(44)) - Successfully registered JMX Bean with object name Ratis:service=RaftServer,group=group-7CD1EA773A0D,id=s1
2023-03-17 00:24:55,061 [s1-impl-thread1] INFO  server.RaftServerConfigKeys (ConfUtils.java:logGet(46)) - raft.server.snapshot.auto.trigger.enabled = false (default)
2023-03-17 00:24:55,061 [s1-impl-thread1] INFO  server.RaftServerConfigKeys (ConfUtils.java:logGet(46)) - raft.server.snapshot.retention.file.num = -1 (default)
2023-03-17 00:24:55,061 [s1-impl-thread1] INFO  server.RaftServerConfigKeys (ConfUtils.java:logGet(46)) - raft.server.log.purge.upto.snapshot.index = false (default)
2023-03-17 00:24:55,061 [s1@group-7CD1EA773A0D-FollowerState] INFO  server.RaftServerConfigKeys (ConfUtils.java:logFallback(53)) - raft.server.rpc.first-election.timeout.min = 150ms (fallback to raft.server.rpc.timeout.min)
2023-03-17 00:24:55,061 [s1@group-7CD1EA773A0D-FollowerState] INFO  server.RaftServerConfigKeys (ConfUtils.java:logFallback(53)) - raft.server.rpc.first-election.timeout.max = 300ms (fallback to raft.server.rpc.timeout.max)
2023-03-17 00:24:55,061 [Time-limited test] INFO  server.RaftServer (RaftServerProxy.java:startImpl(401)) - s1: start RPC server
2023-03-17 00:24:55,062 [Time-limited test] INFO  server.GrpcService (GrpcService.java:startImpl(302)) - s1: GrpcService started, listening on 34351
2023-03-17 00:24:55,062 [Time-limited test] INFO  server.GrpcService (GrpcService.java:startImpl(302)) - s1: GrpcService started, listening on 45261
2023-03-17 00:24:55,062 [Time-limited test] INFO  server.GrpcService (GrpcService.java:startImpl(302)) - s1: GrpcService started, listening on 35185
2023-03-17 00:24:55,062 [s2-impl-thread1] INFO  server.RaftServerConfigKeys (ConfUtils.java:logGet(46)) - raft.server.storage.free-space.min = 0MB (=0) (default)
2023-03-17 00:24:55,062 [s2-impl-thread1] INFO  server.RaftServerConfigKeys (ConfUtils.java:logGet(46)) - raft.server.log.corruption.policy = EXCEPTION (default)
2023-03-17 00:24:55,062 [JvmPauseMonitor53] INFO  util.JvmPauseMonitor (JvmPauseMonitor.java:run(103)) - JvmPauseMonitor-s1: Started
2023-03-17 00:24:55,062 [s2-impl-thread1] INFO  server.RaftServerConfigKeys (ConfUtils.java:logGet(46)) - raft.server.storage.dir = [/home/runner/work/ratis/ratis/ratis-test/target/test/data/ce6527c6/MiniRaftClusterWithGrpc5b4969e5/s2] (custom)
2023-03-17 00:24:55,062 [s2-impl-thread1] INFO  storage.RaftStorageDirectory (RaftStorageDirectoryImpl.java:analyzeStorage(138)) - The storage directory /home/runner/work/ratis/ratis/ratis-test/target/test/data/ce6527c6/MiniRaftClusterWithGrpc5b4969e5/s2/44945002-fda8-4e9f-92ec-7cd1ea773a0d does not exist. Creating ...
2023-03-17 00:24:55,063 [s2-impl-thread1] TRACE util.FileUtils (LogUtils.java:runAndLog(49)) - Successfully ran Files.createDirectories /home/runner/work/ratis/ratis/ratis-test/target/test/data/ce6527c6/MiniRaftClusterWithGrpc5b4969e5/s2/44945002-fda8-4e9f-92ec-7cd1ea773a0d
2023-03-17 00:24:55,065 [s2-impl-thread1] INFO  storage.RaftStorageDirectory (RaftStorageDirectoryImpl.java:tryLock(232)) - Lock on /home/runner/work/ratis/ratis/ratis-test/target/test/data/ce6527c6/MiniRaftClusterWithGrpc5b4969e5/s2/44945002-fda8-4e9f-92ec-7cd1ea773a0d/in_use.lock acquired by nodename 10276@fv-az426-358
2023-03-17 00:24:55,065 [s2-impl-thread1] TRACE util.FileUtils (LogUtils.java:runAndLog(49)) - Successfully ran Files.createDirectories /home/runner/work/ratis/ratis/ratis-test/target/test/data/ce6527c6/MiniRaftClusterWithGrpc5b4969e5/s2/44945002-fda8-4e9f-92ec-7cd1ea773a0d/current
2023-03-17 00:24:55,066 [s2-impl-thread1] TRACE util.FileUtils (LogUtils.java:runAndLog(49)) - Successfully ran Files.createDirectories /home/runner/work/ratis/ratis/ratis-test/target/test/data/ce6527c6/MiniRaftClusterWithGrpc5b4969e5/s2/44945002-fda8-4e9f-92ec-7cd1ea773a0d/sm
2023-03-17 00:24:55,067 [s2-impl-thread1] INFO  storage.RaftStorage (RaftStorageImpl.java:format(96)) - Storage directory /home/runner/work/ratis/ratis/ratis-test/target/test/data/ce6527c6/MiniRaftClusterWithGrpc5b4969e5/s2/44945002-fda8-4e9f-92ec-7cd1ea773a0d has been successfully formatted.
2023-03-17 00:24:55,067 [s2-impl-thread1] INFO  server.RaftServerConfigKeys (ConfUtils.java:logGet(46)) - raft.server.log.use.memory = false (default)
2023-03-17 00:24:55,067 [s2-impl-thread1] INFO  server.RaftServerConfigKeys (ConfUtils.java:logGet(46)) - raft.server.log.purge.gap = 1024 (default)
2023-03-17 00:24:55,067 [s2-impl-thread1] INFO  server.RaftServerConfigKeys (ConfUtils.java:logGet(46)) - raft.server.log.appender.buffer.byte-limit = 4MB (=4194304) (default)
2023-03-17 00:24:55,067 [s2-impl-thread1] INFO  server.RaftServerConfigKeys (ConfUtils.java:logGet(46)) - raft.server.log.statemachine.data.read.timeout = 1000ms (default)
2023-03-17 00:24:55,067 [s2-impl-thread1] INFO  server.RaftServerConfigKeys (ConfUtils.java:logGet(46)) - raft.server.log.purge.preservation.log.num = 0 (default)
2023-03-17 00:24:55,067 [s2-impl-thread1] INFO  server.RaftServerConfigKeys (ConfUtils.java:logGet(46)) - raft.server.log.segment.size.max = 8MB (=8388608) (default)
2023-03-17 00:24:55,067 [s2-impl-thread1] INFO  server.RaftServerConfigKeys (ConfUtils.java:logGet(46)) - raft.server.log.segment.cache.num.max = 6 (default)
2023-03-17 00:24:55,067 [s2-impl-thread1] INFO  server.RaftServerConfigKeys (ConfUtils.java:logGet(46)) - raft.server.log.segment.cache.size.max = 200MB (=209715200) (default)
2023-03-17 00:24:55,067 [s2-impl-thread1] INFO  server.RaftServerConfigKeys (ConfUtils.java:logGet(46)) - raft.server.log.appender.buffer.byte-limit = 4MB (=4194304) (default)
2023-03-17 00:24:55,067 [s2-impl-thread1] INFO  segmented.SegmentedRaftLogWorker (SegmentedRaftLogWorker.java:<init>(183)) - new s2@group-7CD1EA773A0D-SegmentedRaftLogWorker for RaftStorageImpl:Storage Directory /home/runner/work/ratis/ratis/ratis-test/target/test/data/ce6527c6/MiniRaftClusterWithGrpc5b4969e5/s2/44945002-fda8-4e9f-92ec-7cd1ea773a0d
2023-03-17 00:24:55,067 [s2-impl-thread1] INFO  server.RaftServerConfigKeys (ConfUtils.java:logGet(46)) - raft.server.log.queue.byte-limit = 64MB (=67108864) (default)
2023-03-17 00:24:55,067 [s2-impl-thread1] INFO  server.RaftServerConfigKeys (ConfUtils.java:logGet(46)) - raft.server.log.queue.element-limit = 4096 (default)
2023-03-17 00:24:55,067 [s2-impl-thread1] INFO  server.RaftServerConfigKeys (ConfUtils.java:logGet(46)) - raft.server.log.segment.size.max = 8MB (=8388608) (default)
2023-03-17 00:24:55,067 [s2-impl-thread1] INFO  server.RaftServerConfigKeys (ConfUtils.java:logGet(46)) - raft.server.log.preallocated.size = 4MB (=4194304) (default)
2023-03-17 00:24:55,067 [s2-impl-thread1] INFO  server.RaftServerConfigKeys (ConfUtils.java:logGet(46)) - raft.server.log.force.sync.num = 128 (default)
2023-03-17 00:24:55,067 [s2-impl-thread1] INFO  server.RaftServerConfigKeys (ConfUtils.java:logGet(46)) - raft.server.log.statemachine.data.sync = true (default)
2023-03-17 00:24:55,067 [s2-impl-thread1] INFO  server.RaftServerConfigKeys (ConfUtils.java:logGet(46)) - raft.server.log.statemachine.data.sync.timeout = 10s (default)
2023-03-17 00:24:55,067 [s2-impl-thread1] INFO  server.RaftServerConfigKeys (ConfUtils.java:logGet(46)) - raft.server.log.statemachine.data.sync.timeout.retry = -1 (default)
2023-03-17 00:24:55,067 [s2-impl-thread1] INFO  server.RaftServerConfigKeys (ConfUtils.java:logGet(46)) - raft.server.log.write.buffer.size = 64KB (=65536) (default)
2023-03-17 00:24:55,067 [s2-impl-thread1] INFO  server.RaftServerConfigKeys (ConfUtils.java:logGet(46)) - raft.server.log.appender.buffer.byte-limit = 4MB (=4194304) (default)
2023-03-17 00:24:55,068 [s2-impl-thread1] INFO  server.RaftServerConfigKeys (ConfUtils.java:logGet(46)) - raft.server.log.unsafe-flush.enabled = false (default)
2023-03-17 00:24:55,068 [s2-impl-thread1] INFO  server.RaftServerConfigKeys (ConfUtils.java:logGet(46)) - raft.server.log.async-flush.enabled = false (default)
2023-03-17 00:24:55,068 [s2-impl-thread1] INFO  server.RaftServerConfigKeys (ConfUtils.java:logGet(46)) - raft.server.log.statemachine.data.caching.enabled = false (default)
2023-03-17 00:24:55,068 [s2-impl-thread1] INFO  segmented.SegmentedRaftLogWorker (SegmentedRaftLogWorker.java:lambda$new$0(134)) - s2@group-7CD1EA773A0D-SegmentedRaftLogWorker: flushIndex: setUnconditionally 0 -> -1
2023-03-17 00:24:55,068 [s2-impl-thread1] INFO  segmented.SegmentedRaftLogWorker (SegmentedRaftLogWorker.java:lambda$new$0(134)) - s2@group-7CD1EA773A0D-SegmentedRaftLogWorker: safeCacheEvictIndex: setUnconditionally 0 -> -1
2023-03-17 00:24:55,074 [s2-impl-thread1] INFO  server.RaftServer$Division (RaftServerImpl.java:start(342)) - s2@group-7CD1EA773A0D: start as a follower, conf=-1: peers:[s0|rpc:localhost:42303|admin:localhost:39619|client:localhost:33117|dataStream:localhost:43417|priority:0|startupRole:FOLLOWER, s1|rpc:localhost:45261|admin:localhost:35185|client:localhost:34351|dataStream:localhost:33675|priority:0|startupRole:FOLLOWER, s2|rpc:localhost:46431|admin:localhost:39719|client:localhost:40163|dataStream:localhost:45865|priority:0|startupRole:FOLLOWER]|listeners:[], old=null
2023-03-17 00:24:55,074 [s2-impl-thread1] INFO  server.RaftServer$Division (RaftServerImpl.java:setRole(329)) - s2@group-7CD1EA773A0D: changes role from      null to FOLLOWER at term 0 for startAsFollower
2023-03-17 00:24:55,074 [s2-impl-thread1] INFO  impl.RoleInfo (RoleInfo.java:updateAndGet(139)) - s2: start s2@group-7CD1EA773A0D-FollowerState
2023-03-17 00:24:55,074 [s2-impl-thread1] INFO  util.JmxRegister (JmxRegister.java:tryRegister(44)) - Successfully registered JMX Bean with object name Ratis:service=RaftServer,group=group-7CD1EA773A0D,id=s2
2023-03-17 00:24:55,074 [s2-impl-thread1] INFO  server.RaftServerConfigKeys (ConfUtils.java:logGet(46)) - raft.server.snapshot.auto.trigger.enabled = false (default)
2023-03-17 00:24:55,074 [s2-impl-thread1] INFO  server.RaftServerConfigKeys (ConfUtils.java:logGet(46)) - raft.server.snapshot.retention.file.num = -1 (default)
2023-03-17 00:24:55,074 [s2-impl-thread1] INFO  server.RaftServerConfigKeys (ConfUtils.java:logGet(46)) - raft.server.log.purge.upto.snapshot.index = false (default)
2023-03-17 00:24:55,074 [s2@group-7CD1EA773A0D-FollowerState] INFO  server.RaftServerConfigKeys (ConfUtils.java:logFallback(53)) - raft.server.rpc.first-election.timeout.min = 150ms (fallback to raft.server.rpc.timeout.min)
2023-03-17 00:24:55,074 [s2@group-7CD1EA773A0D-FollowerState] INFO  server.RaftServerConfigKeys (ConfUtils.java:logFallback(53)) - raft.server.rpc.first-election.timeout.max = 300ms (fallback to raft.server.rpc.timeout.max)
2023-03-17 00:24:55,075 [Time-limited test] INFO  server.RaftServer (RaftServerProxy.java:startImpl(401)) - s2: start RPC server
2023-03-17 00:24:55,075 [Time-limited test] INFO  server.GrpcService (GrpcService.java:startImpl(302)) - s2: GrpcService started, listening on 40163
2023-03-17 00:24:55,075 [Time-limited test] INFO  server.GrpcService (GrpcService.java:startImpl(302)) - s2: GrpcService started, listening on 46431
2023-03-17 00:24:55,075 [Time-limited test] INFO  server.GrpcService (GrpcService.java:startImpl(302)) - s2: GrpcService started, listening on 39719
2023-03-17 00:24:55,078 [JvmPauseMonitor54] INFO  util.JvmPauseMonitor (JvmPauseMonitor.java:run(103)) - JvmPauseMonitor-s2: Started
2023-03-17 00:24:55,082 [Time-limited test] INFO  grpc.TestRaftReconfigurationWithGrpc (RaftReconfigurationBaseTest.java:lambda$testRestorePriority$0(112)) - add new group: group-61D7957BD671:[s0|rpc:0.0.0.0:42303|admin:0.0.0.0:39619|client:0.0.0.0:33117|priority:0|startupRole:FOLLOWER, s1|rpc:0.0.0.0:45261|admin:0.0.0.0:35185|client:0.0.0.0:34351|priority:1|startupRole:FOLLOWER, s2|rpc:0.0.0.0:46431|admin:0.0.0.0:39719|client:0.0.0.0:40163|priority:2|startupRole:FOLLOWER]
2023-03-17 00:24:55,093 [grpc-default-executor-0] INFO  server.RaftServer (RaftServerProxy.java:addNew(99)) - s0: addNew group-61D7957BD671:[s0|rpc:0.0.0.0:42303|admin:0.0.0.0:39619|client:0.0.0.0:33117|dataStream:|priority:0|startupRole:FOLLOWER, s1|rpc:0.0.0.0:45261|admin:0.0.0.0:35185|client:0.0.0.0:34351|dataStream:|priority:1|startupRole:FOLLOWER, s2|rpc:0.0.0.0:46431|admin:0.0.0.0:39719|client:0.0.0.0:40163|dataStream:|priority:2|startupRole:FOLLOWER] returns group-61D7957BD671:java.util.concurrent.CompletableFuture@3a3f80e8[Not completed]
2023-03-17 00:24:55,093 [s0-groupManagement] INFO  server.RaftServer$Division (RaftServerImpl.java:<init>(198)) - s0: new RaftServerImpl for group-61D7957BD671:[s0|rpc:0.0.0.0:42303|admin:0.0.0.0:39619|client:0.0.0.0:33117|dataStream:|priority:0|startupRole:FOLLOWER, s1|rpc:0.0.0.0:45261|admin:0.0.0.0:35185|client:0.0.0.0:34351|dataStream:|priority:1|startupRole:FOLLOWER, s2|rpc:0.0.0.0:46431|admin:0.0.0.0:39719|client:0.0.0.0:40163|dataStream:|priority:2|startupRole:FOLLOWER] with BaseStateMachine:uninitialized
2023-03-17 00:24:55,093 [s0-groupManagement] INFO  server.RaftServerConfigKeys (ConfUtils.java:logGet(46)) - raft.server.rpc.timeout.min = 150ms (default)
2023-03-17 00:24:55,093 [s0-groupManagement] INFO  server.RaftServerConfigKeys (ConfUtils.java:logGet(46)) - raft.server.rpc.timeout.max = 300ms (default)
2023-03-17 00:24:55,093 [s0-groupManagement] INFO  server.RaftServerConfigKeys (ConfUtils.java:logGet(46)) - raft.server.rpc.sleep.time = 25ms (default)
2023-03-17 00:24:55,093 [s0-groupManagement] INFO  server.RaftServerConfigKeys (ConfUtils.java:logGet(46)) - raft.server.rpc.slowness.timeout = 60s (default)
2023-03-17 00:24:55,093 [s0-groupManagement] INFO  server.RaftServerConfigKeys (ConfUtils.java:logGet(46)) - raft.server.leaderelection.leader.step-down.wait-time = 10s (default)
2023-03-17 00:24:55,093 [s0-groupManagement] INFO  server.RaftServerConfigKeys (ConfUtils.java:logGet(46)) - raft.server.sleep.deviation.threshold = 300ms (default)
2023-03-17 00:24:55,093 [s0-groupManagement] INFO  server.RaftServer$Division (ServerState.java:<init>(113)) - s0@group-61D7957BD671: ConfigurationManager, init=-1: peers:[s0|rpc:0.0.0.0:42303|admin:0.0.0.0:39619|client:0.0.0.0:33117|dataStream:|priority:0|startupRole:FOLLOWER, s1|rpc:0.0.0.0:45261|admin:0.0.0.0:35185|client:0.0.0.0:34351|dataStream:|priority:1|startupRole:FOLLOWER, s2|rpc:0.0.0.0:46431|admin:0.0.0.0:39719|client:0.0.0.0:40163|dataStream:|priority:2|startupRole:FOLLOWER]|listeners:[], old=null, confs=<EMPTY_MAP>
2023-03-17 00:24:55,093 [s0-groupManagement] INFO  server.RaftServerConfigKeys (ConfUtils.java:logGet(46)) - raft.server.notification.no-leader.timeout = 60s (default)
2023-03-17 00:24:55,093 [s0-groupManagement] INFO  server.RaftServerConfigKeys (ConfUtils.java:logGet(46)) - raft.server.read.timeout = 10s (default)
2023-03-17 00:24:55,093 [s0-groupManagement] INFO  server.RaftServerConfigKeys (ConfUtils.java:logGet(46)) - raft.server.retrycache.expirytime = 60s (default)
2023-03-17 00:24:55,093 [s0-groupManagement] INFO  server.RaftServerConfigKeys (ConfUtils.java:logGet(46)) - raft.server.retrycache.statistics.expirytime = 100μs (default)
2023-03-17 00:24:55,093 [s0-groupManagement] INFO  server.RaftServerConfigKeys (ConfUtils.java:logGet(46)) - raft.server.read.option = DEFAULT (default)
2023-03-17 00:24:55,094 [s0-groupManagement] INFO  server.RaftServerConfigKeys (ConfUtils.java:logGet(46)) - raft.server.log.appender.install.snapshot.enabled = true (default)
2023-03-17 00:24:55,094 [s0-groupManagement] INFO  server.RaftServerConfigKeys (ConfUtils.java:logGet(46)) - raft.server.threadpool.server.cached = true (default)
2023-03-17 00:24:55,094 [s0-groupManagement] INFO  server.RaftServerConfigKeys (ConfUtils.java:logGet(46)) - raft.server.threadpool.server.size = 0 (default)
2023-03-17 00:24:55,094 [s0-groupManagement] INFO  server.RaftServerConfigKeys (ConfUtils.java:logGet(46)) - raft.server.threadpool.client.cached = true (default)
2023-03-17 00:24:55,094 [s0-groupManagement] INFO  server.RaftServerConfigKeys (ConfUtils.java:logGet(46)) - raft.server.threadpool.client.size = 0 (default)
2023-03-17 00:24:55,094 [s0-groupManagement] INFO  server.RaftServerConfigKeys (ConfUtils.java:logGet(46)) - raft.server.storage.free-space.min = 0MB (=0) (default)
2023-03-17 00:24:55,094 [s0-groupManagement] INFO  server.RaftServerConfigKeys (ConfUtils.java:logGet(46)) - raft.server.log.corruption.policy = EXCEPTION (default)
2023-03-17 00:24:55,094 [s0-groupManagement] INFO  server.RaftServerConfigKeys (ConfUtils.java:logGet(46)) - raft.server.storage.dir = [/home/runner/work/ratis/ratis/ratis-test/target/test/data/ce6527c6/MiniRaftClusterWithGrpc5b4969e5/s0] (custom)
2023-03-17 00:24:55,094 [s0-groupManagement] INFO  storage.RaftStorageDirectory (RaftStorageDirectoryImpl.java:analyzeStorage(138)) - The storage directory /home/runner/work/ratis/ratis/ratis-test/target/test/data/ce6527c6/MiniRaftClusterWithGrpc5b4969e5/s0/e12a0c2b-094d-4df5-9b43-61d7957bd671 does not exist. Creating ...
2023-03-17 00:24:55,094 [s0-groupManagement] TRACE util.FileUtils (LogUtils.java:runAndLog(49)) - Successfully ran Files.createDirectories /home/runner/work/ratis/ratis/ratis-test/target/test/data/ce6527c6/MiniRaftClusterWithGrpc5b4969e5/s0/e12a0c2b-094d-4df5-9b43-61d7957bd671
2023-03-17 00:24:55,095 [s0-groupManagement] INFO  storage.RaftStorageDirectory (RaftStorageDirectoryImpl.java:tryLock(232)) - Lock on /home/runner/work/ratis/ratis/ratis-test/target/test/data/ce6527c6/MiniRaftClusterWithGrpc5b4969e5/s0/e12a0c2b-094d-4df5-9b43-61d7957bd671/in_use.lock acquired by nodename 10276@fv-az426-358
2023-03-17 00:24:55,095 [s0-groupManagement] TRACE util.FileUtils (LogUtils.java:runAndLog(49)) - Successfully ran Files.createDirectories /home/runner/work/ratis/ratis/ratis-test/target/test/data/ce6527c6/MiniRaftClusterWithGrpc5b4969e5/s0/e12a0c2b-094d-4df5-9b43-61d7957bd671/current
2023-03-17 00:24:55,095 [s0-groupManagement] TRACE util.FileUtils (LogUtils.java:runAndLog(49)) - Successfully ran Files.createDirectories /home/runner/work/ratis/ratis/ratis-test/target/test/data/ce6527c6/MiniRaftClusterWithGrpc5b4969e5/s0/e12a0c2b-094d-4df5-9b43-61d7957bd671/sm
2023-03-17 00:24:55,096 [s0-groupManagement] INFO  storage.RaftStorage (RaftStorageImpl.java:format(96)) - Storage directory /home/runner/work/ratis/ratis/ratis-test/target/test/data/ce6527c6/MiniRaftClusterWithGrpc5b4969e5/s0/e12a0c2b-094d-4df5-9b43-61d7957bd671 has been successfully formatted.
2023-03-17 00:24:55,097 [s0-groupManagement] INFO  server.RaftServerConfigKeys (ConfUtils.java:logGet(46)) - raft.server.log.use.memory = false (default)
2023-03-17 00:24:55,097 [s0-groupManagement] INFO  server.RaftServerConfigKeys (ConfUtils.java:logGet(46)) - raft.server.log.purge.gap = 1024 (default)
2023-03-17 00:24:55,097 [s0-groupManagement] INFO  server.RaftServerConfigKeys (ConfUtils.java:logGet(46)) - raft.server.log.appender.buffer.byte-limit = 4MB (=4194304) (default)
2023-03-17 00:24:55,097 [s0-groupManagement] INFO  server.RaftServerConfigKeys (ConfUtils.java:logGet(46)) - raft.server.log.statemachine.data.read.timeout = 1000ms (default)
2023-03-17 00:24:55,097 [s0-groupManagement] INFO  server.RaftServerConfigKeys (ConfUtils.java:logGet(46)) - raft.server.log.purge.preservation.log.num = 0 (default)
2023-03-17 00:24:55,097 [s0-groupManagement] INFO  server.RaftServerConfigKeys (ConfUtils.java:logGet(46)) - raft.server.log.segment.size.max = 8MB (=8388608) (default)
2023-03-17 00:24:55,097 [s0-groupManagement] INFO  server.RaftServerConfigKeys (ConfUtils.java:logGet(46)) - raft.server.log.segment.cache.num.max = 6 (default)
2023-03-17 00:24:55,097 [s0-groupManagement] INFO  server.RaftServerConfigKeys (ConfUtils.java:logGet(46)) - raft.server.log.segment.cache.size.max = 200MB (=209715200) (default)
2023-03-17 00:24:55,097 [s0-groupManagement] INFO  server.RaftServerConfigKeys (ConfUtils.java:logGet(46)) - raft.server.log.appender.buffer.byte-limit = 4MB (=4194304) (default)
2023-03-17 00:24:55,097 [s0-groupManagement] INFO  segmented.SegmentedRaftLogWorker (SegmentedRaftLogWorker.java:<init>(183)) - new s0@group-61D7957BD671-SegmentedRaftLogWorker for RaftStorageImpl:Storage Directory /home/runner/work/ratis/ratis/ratis-test/target/test/data/ce6527c6/MiniRaftClusterWithGrpc5b4969e5/s0/e12a0c2b-094d-4df5-9b43-61d7957bd671
2023-03-17 00:24:55,097 [s0-groupManagement] INFO  server.RaftServerConfigKeys (ConfUtils.java:logGet(46)) - raft.server.log.queue.byte-limit = 64MB (=67108864) (default)
2023-03-17 00:24:55,097 [s0-groupManagement] INFO  server.RaftServerConfigKeys (ConfUtils.java:logGet(46)) - raft.server.log.queue.element-limit = 4096 (default)
2023-03-17 00:24:55,097 [s0-groupManagement] INFO  server.RaftServerConfigKeys (ConfUtils.java:logGet(46)) - raft.server.log.segment.size.max = 8MB (=8388608) (default)
2023-03-17 00:24:55,097 [s0-groupManagement] INFO  server.RaftServerConfigKeys (ConfUtils.java:logGet(46)) - raft.server.log.preallocated.size = 4MB (=4194304) (default)
2023-03-17 00:24:55,097 [s0-groupManagement] INFO  server.RaftServerConfigKeys (ConfUtils.java:logGet(46)) - raft.server.log.force.sync.num = 128 (default)
2023-03-17 00:24:55,097 [s0-groupManagement] INFO  server.RaftServerConfigKeys (ConfUtils.java:logGet(46)) - raft.server.log.statemachine.data.sync = true (default)
2023-03-17 00:24:55,097 [s0-groupManagement] INFO  server.RaftServerConfigKeys (ConfUtils.java:logGet(46)) - raft.server.log.statemachine.data.sync.timeout = 10s (default)
2023-03-17 00:24:55,097 [s0-groupManagement] INFO  server.RaftServerConfigKeys (ConfUtils.java:logGet(46)) - raft.server.log.statemachine.data.sync.timeout.retry = -1 (default)
2023-03-17 00:24:55,097 [s0-groupManagement] INFO  server.RaftServerConfigKeys (ConfUtils.java:logGet(46)) - raft.server.log.write.buffer.size = 64KB (=65536) (default)
2023-03-17 00:24:55,097 [s0-groupManagement] INFO  server.RaftServerConfigKeys (ConfUtils.java:logGet(46)) - raft.server.log.appender.buffer.byte-limit = 4MB (=4194304) (default)
2023-03-17 00:24:55,098 [s0-groupManagement] INFO  server.RaftServerConfigKeys (ConfUtils.java:logGet(46)) - raft.server.log.unsafe-flush.enabled = false (default)
2023-03-17 00:24:55,098 [s0-groupManagement] INFO  server.RaftServerConfigKeys (ConfUtils.java:logGet(46)) - raft.server.log.async-flush.enabled = false (default)
2023-03-17 00:24:55,098 [s0-groupManagement] INFO  server.RaftServerConfigKeys (ConfUtils.java:logGet(46)) - raft.server.log.statemachine.data.caching.enabled = false (default)
2023-03-17 00:24:55,098 [s0-groupManagement] INFO  segmented.SegmentedRaftLogWorker (SegmentedRaftLogWorker.java:lambda$new$0(134)) - s0@group-61D7957BD671-SegmentedRaftLogWorker: flushIndex: setUnconditionally 0 -> -1
2023-03-17 00:24:55,098 [s0-groupManagement] INFO  segmented.SegmentedRaftLogWorker (SegmentedRaftLogWorker.java:lambda$new$0(134)) - s0@group-61D7957BD671-SegmentedRaftLogWorker: safeCacheEvictIndex: setUnconditionally 0 -> -1
2023-03-17 00:24:55,099 [s0-groupManagement] INFO  server.RaftServer$Division (RaftServerImpl.java:start(342)) - s0@group-61D7957BD671: start as a follower, conf=-1: peers:[s0|rpc:0.0.0.0:42303|admin:0.0.0.0:39619|client:0.0.0.0:33117|dataStream:|priority:0|startupRole:FOLLOWER, s1|rpc:0.0.0.0:45261|admin:0.0.0.0:35185|client:0.0.0.0:34351|dataStream:|priority:1|startupRole:FOLLOWER, s2|rpc:0.0.0.0:46431|admin:0.0.0.0:39719|client:0.0.0.0:40163|dataStream:|priority:2|startupRole:FOLLOWER]|listeners:[], old=null
2023-03-17 00:24:55,099 [s0-groupManagement] INFO  server.RaftServer$Division (RaftServerImpl.java:setRole(329)) - s0@group-61D7957BD671: changes role from      null to FOLLOWER at term 0 for startAsFollower
2023-03-17 00:24:55,099 [s0-groupManagement] INFO  impl.RoleInfo (RoleInfo.java:updateAndGet(139)) - s0: start s0@group-61D7957BD671-FollowerState
2023-03-17 00:24:55,101 [s0-groupManagement] INFO  util.JmxRegister (JmxRegister.java:tryRegister(44)) - Successfully registered JMX Bean with object name Ratis:service=RaftServer,group=group-61D7957BD671,id=s0
2023-03-17 00:24:55,101 [s0-groupManagement] INFO  server.RaftServerConfigKeys (ConfUtils.java:logGet(46)) - raft.server.snapshot.auto.trigger.enabled = false (default)
2023-03-17 00:24:55,101 [s0-groupManagement] INFO  server.RaftServerConfigKeys (ConfUtils.java:logGet(46)) - raft.server.snapshot.retention.file.num = -1 (default)
2023-03-17 00:24:55,101 [s0-groupManagement] INFO  server.RaftServerConfigKeys (ConfUtils.java:logGet(46)) - raft.server.log.purge.upto.snapshot.index = false (default)
2023-03-17 00:24:55,102 [s0@group-61D7957BD671-FollowerState] INFO  server.RaftServerConfigKeys (ConfUtils.java:logFallback(53)) - raft.server.rpc.first-election.timeout.min = 150ms (fallback to raft.server.rpc.timeout.min)
2023-03-17 00:24:55,102 [s0@group-61D7957BD671-FollowerState] INFO  server.RaftServerConfigKeys (ConfUtils.java:logFallback(53)) - raft.server.rpc.first-election.timeout.max = 300ms (fallback to raft.server.rpc.timeout.max)
2023-03-17 00:24:55,108 [grpc-default-executor-0] INFO  server.RaftServer (RaftServerProxy.java:addNew(99)) - s1: addNew group-61D7957BD671:[s0|rpc:0.0.0.0:42303|admin:0.0.0.0:39619|client:0.0.0.0:33117|dataStream:|priority:0|startupRole:FOLLOWER, s1|rpc:0.0.0.0:45261|admin:0.0.0.0:35185|client:0.0.0.0:34351|dataStream:|priority:1|startupRole:FOLLOWER, s2|rpc:0.0.0.0:46431|admin:0.0.0.0:39719|client:0.0.0.0:40163|dataStream:|priority:2|startupRole:FOLLOWER] returns group-61D7957BD671:java.util.concurrent.CompletableFuture@6b06f25b[Not completed]
2023-03-17 00:24:55,108 [s1-groupManagement] INFO  server.RaftServer$Division (RaftServerImpl.java:<init>(198)) - s1: new RaftServerImpl for group-61D7957BD671:[s0|rpc:0.0.0.0:42303|admin:0.0.0.0:39619|client:0.0.0.0:33117|dataStream:|priority:0|startupRole:FOLLOWER, s1|rpc:0.0.0.0:45261|admin:0.0.0.0:35185|client:0.0.0.0:34351|dataStream:|priority:1|startupRole:FOLLOWER, s2|rpc:0.0.0.0:46431|admin:0.0.0.0:39719|client:0.0.0.0:40163|dataStream:|priority:2|startupRole:FOLLOWER] with BaseStateMachine:uninitialized
2023-03-17 00:24:55,108 [s1-groupManagement] INFO  server.RaftServerConfigKeys (ConfUtils.java:logGet(46)) - raft.server.rpc.timeout.min = 150ms (default)
2023-03-17 00:24:55,108 [s1-groupManagement] INFO  server.RaftServerConfigKeys (ConfUtils.java:logGet(46)) - raft.server.rpc.timeout.max = 300ms (default)
2023-03-17 00:24:55,108 [s1-groupManagement] INFO  server.RaftServerConfigKeys (ConfUtils.java:logGet(46)) - raft.server.rpc.sleep.time = 25ms (default)
2023-03-17 00:24:55,108 [s1-groupManagement] INFO  server.RaftServerConfigKeys (ConfUtils.java:logGet(46)) - raft.server.rpc.slowness.timeout = 60s (default)
2023-03-17 00:24:55,108 [s1-groupManagement] INFO  server.RaftServerConfigKeys (ConfUtils.java:logGet(46)) - raft.server.leaderelection.leader.step-down.wait-time = 10s (default)
2023-03-17 00:24:55,109 [s1-groupManagement] INFO  server.RaftServerConfigKeys (ConfUtils.java:logGet(46)) - raft.server.sleep.deviation.threshold = 300ms (default)
2023-03-17 00:24:55,109 [s1-groupManagement] INFO  server.RaftServer$Division (ServerState.java:<init>(113)) - s1@group-61D7957BD671: ConfigurationManager, init=-1: peers:[s0|rpc:0.0.0.0:42303|admin:0.0.0.0:39619|client:0.0.0.0:33117|dataStream:|priority:0|startupRole:FOLLOWER, s1|rpc:0.0.0.0:45261|admin:0.0.0.0:35185|client:0.0.0.0:34351|dataStream:|priority:1|startupRole:FOLLOWER, s2|rpc:0.0.0.0:46431|admin:0.0.0.0:39719|client:0.0.0.0:40163|dataStream:|priority:2|startupRole:FOLLOWER]|listeners:[], old=null, confs=<EMPTY_MAP>
2023-03-17 00:24:55,109 [s1-groupManagement] INFO  server.RaftServerConfigKeys (ConfUtils.java:logGet(46)) - raft.server.notification.no-leader.timeout = 60s (default)
2023-03-17 00:24:55,109 [s1-groupManagement] INFO  server.RaftServerConfigKeys (ConfUtils.java:logGet(46)) - raft.server.read.timeout = 10s (default)
2023-03-17 00:24:55,109 [s1-groupManagement] INFO  server.RaftServerConfigKeys (ConfUtils.java:logGet(46)) - raft.server.retrycache.expirytime = 60s (default)
2023-03-17 00:24:55,109 [s1-groupManagement] INFO  server.RaftServerConfigKeys (ConfUtils.java:logGet(46)) - raft.server.retrycache.statistics.expirytime = 100μs (default)
2023-03-17 00:24:55,109 [s1-groupManagement] INFO  server.RaftServerConfigKeys (ConfUtils.java:logGet(46)) - raft.server.read.option = DEFAULT (default)
2023-03-17 00:24:55,109 [s1-groupManagement] INFO  server.RaftServerConfigKeys (ConfUtils.java:logGet(46)) - raft.server.log.appender.install.snapshot.enabled = true (default)
2023-03-17 00:24:55,109 [s1-groupManagement] INFO  server.RaftServerConfigKeys (ConfUtils.java:logGet(46)) - raft.server.threadpool.server.cached = true (default)
2023-03-17 00:24:55,109 [s1-groupManagement] INFO  server.RaftServerConfigKeys (ConfUtils.java:logGet(46)) - raft.server.threadpool.server.size = 0 (default)
2023-03-17 00:24:55,109 [s1-groupManagement] INFO  server.RaftServerConfigKeys (ConfUtils.java:logGet(46)) - raft.server.threadpool.client.cached = true (default)
2023-03-17 00:24:55,109 [s1-groupManagement] INFO  server.RaftServerConfigKeys (ConfUtils.java:logGet(46)) - raft.server.threadpool.client.size = 0 (default)
2023-03-17 00:24:55,109 [s1-groupManagement] INFO  server.RaftServerConfigKeys (ConfUtils.java:logGet(46)) - raft.server.storage.free-space.min = 0MB (=0) (default)
2023-03-17 00:24:55,109 [s1-groupManagement] INFO  server.RaftServerConfigKeys (ConfUtils.java:logGet(46)) - raft.server.log.corruption.policy = EXCEPTION (default)
2023-03-17 00:24:55,109 [s1-groupManagement] INFO  server.RaftServerConfigKeys (ConfUtils.java:logGet(46)) - raft.server.storage.dir = [/home/runner/work/ratis/ratis/ratis-test/target/test/data/ce6527c6/MiniRaftClusterWithGrpc5b4969e5/s1] (custom)
2023-03-17 00:24:55,110 [s1-groupManagement] INFO  storage.RaftStorageDirectory (RaftStorageDirectoryImpl.java:analyzeStorage(138)) - The storage directory /home/runner/work/ratis/ratis/ratis-test/target/test/data/ce6527c6/MiniRaftClusterWithGrpc5b4969e5/s1/e12a0c2b-094d-4df5-9b43-61d7957bd671 does not exist. Creating ...
2023-03-17 00:24:55,110 [s1-groupManagement] TRACE util.FileUtils (LogUtils.java:runAndLog(49)) - Successfully ran Files.createDirectories /home/runner/work/ratis/ratis/ratis-test/target/test/data/ce6527c6/MiniRaftClusterWithGrpc5b4969e5/s1/e12a0c2b-094d-4df5-9b43-61d7957bd671
2023-03-17 00:24:55,112 [s1-groupManagement] INFO  storage.RaftStorageDirectory (RaftStorageDirectoryImpl.java:tryLock(232)) - Lock on /home/runner/work/ratis/ratis/ratis-test/target/test/data/ce6527c6/MiniRaftClusterWithGrpc5b4969e5/s1/e12a0c2b-094d-4df5-9b43-61d7957bd671/in_use.lock acquired by nodename 10276@fv-az426-358
2023-03-17 00:24:55,112 [s1-groupManagement] TRACE util.FileUtils (LogUtils.java:runAndLog(49)) - Successfully ran Files.createDirectories /home/runner/work/ratis/ratis/ratis-test/target/test/data/ce6527c6/MiniRaftClusterWithGrpc5b4969e5/s1/e12a0c2b-094d-4df5-9b43-61d7957bd671/current
2023-03-17 00:24:55,112 [s1-groupManagement] TRACE util.FileUtils (LogUtils.java:runAndLog(49)) - Successfully ran Files.createDirectories /home/runner/work/ratis/ratis/ratis-test/target/test/data/ce6527c6/MiniRaftClusterWithGrpc5b4969e5/s1/e12a0c2b-094d-4df5-9b43-61d7957bd671/sm
2023-03-17 00:24:55,113 [s1-groupManagement] INFO  storage.RaftStorage (RaftStorageImpl.java:format(96)) - Storage directory /home/runner/work/ratis/ratis/ratis-test/target/test/data/ce6527c6/MiniRaftClusterWithGrpc5b4969e5/s1/e12a0c2b-094d-4df5-9b43-61d7957bd671 has been successfully formatted.
2023-03-17 00:24:55,113 [s1-groupManagement] INFO  server.RaftServerConfigKeys (ConfUtils.java:logGet(46)) - raft.server.log.use.memory = false (default)
2023-03-17 00:24:55,113 [s1-groupManagement] INFO  server.RaftServerConfigKeys (ConfUtils.java:logGet(46)) - raft.server.log.purge.gap = 1024 (default)
2023-03-17 00:24:55,113 [s1-groupManagement] INFO  server.RaftServerConfigKeys (ConfUtils.java:logGet(46)) - raft.server.log.appender.buffer.byte-limit = 4MB (=4194304) (default)
2023-03-17 00:24:55,113 [s1-groupManagement] INFO  server.RaftServerConfigKeys (ConfUtils.java:logGet(46)) - raft.server.log.statemachine.data.read.timeout = 1000ms (default)
2023-03-17 00:24:55,113 [s1-groupManagement] INFO  server.RaftServerConfigKeys (ConfUtils.java:logGet(46)) - raft.server.log.purge.preservation.log.num = 0 (default)
2023-03-17 00:24:55,113 [s1-groupManagement] INFO  server.RaftServerConfigKeys (ConfUtils.java:logGet(46)) - raft.server.log.segment.size.max = 8MB (=8388608) (default)
2023-03-17 00:24:55,113 [s1-groupManagement] INFO  server.RaftServerConfigKeys (ConfUtils.java:logGet(46)) - raft.server.log.segment.cache.num.max = 6 (default)
2023-03-17 00:24:55,113 [s1-groupManagement] INFO  server.RaftServerConfigKeys (ConfUtils.java:logGet(46)) - raft.server.log.segment.cache.size.max = 200MB (=209715200) (default)
2023-03-17 00:24:55,114 [s1-groupManagement] INFO  server.RaftServerConfigKeys (ConfUtils.java:logGet(46)) - raft.server.log.appender.buffer.byte-limit = 4MB (=4194304) (default)
2023-03-17 00:24:55,114 [s1-groupManagement] INFO  segmented.SegmentedRaftLogWorker (SegmentedRaftLogWorker.java:<init>(183)) - new s1@group-61D7957BD671-SegmentedRaftLogWorker for RaftStorageImpl:Storage Directory /home/runner/work/ratis/ratis/ratis-test/target/test/data/ce6527c6/MiniRaftClusterWithGrpc5b4969e5/s1/e12a0c2b-094d-4df5-9b43-61d7957bd671
2023-03-17 00:24:55,114 [s1-groupManagement] INFO  server.RaftServerConfigKeys (ConfUtils.java:logGet(46)) - raft.server.log.queue.byte-limit = 64MB (=67108864) (default)
2023-03-17 00:24:55,114 [s1-groupManagement] INFO  server.RaftServerConfigKeys (ConfUtils.java:logGet(46)) - raft.server.log.queue.element-limit = 4096 (default)
2023-03-17 00:24:55,114 [s1-groupManagement] INFO  server.RaftServerConfigKeys (ConfUtils.java:logGet(46)) - raft.server.log.segment.size.max = 8MB (=8388608) (default)
2023-03-17 00:24:55,114 [s1-groupManagement] INFO  server.RaftServerConfigKeys (ConfUtils.java:logGet(46)) - raft.server.log.preallocated.size = 4MB (=4194304) (default)
2023-03-17 00:24:55,114 [s1-groupManagement] INFO  server.RaftServerConfigKeys (ConfUtils.java:logGet(46)) - raft.server.log.force.sync.num = 128 (default)
2023-03-17 00:24:55,114 [s1-groupManagement] INFO  server.RaftServerConfigKeys (ConfUtils.java:logGet(46)) - raft.server.log.statemachine.data.sync = true (default)
2023-03-17 00:24:55,114 [s1-groupManagement] INFO  server.RaftServerConfigKeys (ConfUtils.java:logGet(46)) - raft.server.log.statemachine.data.sync.timeout = 10s (default)
2023-03-17 00:24:55,114 [s1-groupManagement] INFO  server.RaftServerConfigKeys (ConfUtils.java:logGet(46)) - raft.server.log.statemachine.data.sync.timeout.retry = -1 (default)
2023-03-17 00:24:55,114 [s1-groupManagement] INFO  server.RaftServerConfigKeys (ConfUtils.java:logGet(46)) - raft.server.log.write.buffer.size = 64KB (=65536) (default)
2023-03-17 00:24:55,114 [s1-groupManagement] INFO  server.RaftServerConfigKeys (ConfUtils.java:logGet(46)) - raft.server.log.appender.buffer.byte-limit = 4MB (=4194304) (default)
2023-03-17 00:24:55,114 [s1-groupManagement] INFO  server.RaftServerConfigKeys (ConfUtils.java:logGet(46)) - raft.server.log.unsafe-flush.enabled = false (default)
2023-03-17 00:24:55,114 [s1-groupManagement] INFO  server.RaftServerConfigKeys (ConfUtils.java:logGet(46)) - raft.server.log.async-flush.enabled = false (default)
2023-03-17 00:24:55,115 [s1-groupManagement] INFO  server.RaftServerConfigKeys (ConfUtils.java:logGet(46)) - raft.server.log.statemachine.data.caching.enabled = false (default)
2023-03-17 00:24:55,115 [s1-groupManagement] INFO  segmented.SegmentedRaftLogWorker (SegmentedRaftLogWorker.java:lambda$new$0(134)) - s1@group-61D7957BD671-SegmentedRaftLogWorker: flushIndex: setUnconditionally 0 -> -1
2023-03-17 00:24:55,115 [s1-groupManagement] INFO  segmented.SegmentedRaftLogWorker (SegmentedRaftLogWorker.java:lambda$new$0(134)) - s1@group-61D7957BD671-SegmentedRaftLogWorker: safeCacheEvictIndex: setUnconditionally 0 -> -1
2023-03-17 00:24:55,115 [s1-groupManagement] INFO  server.RaftServer$Division (RaftServerImpl.java:start(342)) - s1@group-61D7957BD671: start as a follower, conf=-1: peers:[s0|rpc:0.0.0.0:42303|admin:0.0.0.0:39619|client:0.0.0.0:33117|dataStream:|priority:0|startupRole:FOLLOWER, s1|rpc:0.0.0.0:45261|admin:0.0.0.0:35185|client:0.0.0.0:34351|dataStream:|priority:1|startupRole:FOLLOWER, s2|rpc:0.0.0.0:46431|admin:0.0.0.0:39719|client:0.0.0.0:40163|dataStream:|priority:2|startupRole:FOLLOWER]|listeners:[], old=null
2023-03-17 00:24:55,115 [s1-groupManagement] INFO  server.RaftServer$Division (RaftServerImpl.java:setRole(329)) - s1@group-61D7957BD671: changes role from      null to FOLLOWER at term 0 for startAsFollower
2023-03-17 00:24:55,115 [s1-groupManagement] INFO  impl.RoleInfo (RoleInfo.java:updateAndGet(139)) - s1: start s1@group-61D7957BD671-FollowerState
2023-03-17 00:24:55,115 [s1-groupManagement] INFO  util.JmxRegister (JmxRegister.java:tryRegister(44)) - Successfully registered JMX Bean with object name Ratis:service=RaftServer,group=group-61D7957BD671,id=s1
2023-03-17 00:24:55,115 [s1-groupManagement] INFO  server.RaftServerConfigKeys (ConfUtils.java:logGet(46)) - raft.server.snapshot.auto.trigger.enabled = false (default)
2023-03-17 00:24:55,115 [s1-groupManagement] INFO  server.RaftServerConfigKeys (ConfUtils.java:logGet(46)) - raft.server.snapshot.retention.file.num = -1 (default)
2023-03-17 00:24:55,115 [s1-groupManagement] INFO  server.RaftServerConfigKeys (ConfUtils.java:logGet(46)) - raft.server.log.purge.upto.snapshot.index = false (default)
2023-03-17 00:24:55,115 [s1@group-61D7957BD671-FollowerState] INFO  server.RaftServerConfigKeys (ConfUtils.java:logFallback(53)) - raft.server.rpc.first-election.timeout.min = 150ms (fallback to raft.server.rpc.timeout.min)
2023-03-17 00:24:55,116 [s1@group-61D7957BD671-FollowerState] INFO  server.RaftServerConfigKeys (ConfUtils.java:logFallback(53)) - raft.server.rpc.first-election.timeout.max = 300ms (fallback to raft.server.rpc.timeout.max)
2023-03-17 00:24:55,126 [grpc-default-executor-0] INFO  server.RaftServer (RaftServerProxy.java:addNew(99)) - s2: addNew group-61D7957BD671:[s0|rpc:0.0.0.0:42303|admin:0.0.0.0:39619|client:0.0.0.0:33117|dataStream:|priority:0|startupRole:FOLLOWER, s1|rpc:0.0.0.0:45261|admin:0.0.0.0:35185|client:0.0.0.0:34351|dataStream:|priority:1|startupRole:FOLLOWER, s2|rpc:0.0.0.0:46431|admin:0.0.0.0:39719|client:0.0.0.0:40163|dataStream:|priority:2|startupRole:FOLLOWER] returns group-61D7957BD671:java.util.concurrent.CompletableFuture@7c74ec0e[Not completed]
2023-03-17 00:24:55,126 [s2-groupManagement] INFO  server.RaftServer$Division (RaftServerImpl.java:<init>(198)) - s2: new RaftServerImpl for group-61D7957BD671:[s0|rpc:0.0.0.0:42303|admin:0.0.0.0:39619|client:0.0.0.0:33117|dataStream:|priority:0|startupRole:FOLLOWER, s1|rpc:0.0.0.0:45261|admin:0.0.0.0:35185|client:0.0.0.0:34351|dataStream:|priority:1|startupRole:FOLLOWER, s2|rpc:0.0.0.0:46431|admin:0.0.0.0:39719|client:0.0.0.0:40163|dataStream:|priority:2|startupRole:FOLLOWER] with BaseStateMachine:uninitialized
2023-03-17 00:24:55,126 [s2-groupManagement] INFO  server.RaftServerConfigKeys (ConfUtils.java:logGet(46)) - raft.server.rpc.timeout.min = 150ms (default)
2023-03-17 00:24:55,126 [s2-groupManagement] INFO  server.RaftServerConfigKeys (ConfUtils.java:logGet(46)) - raft.server.rpc.timeout.max = 300ms (default)
2023-03-17 00:24:55,126 [s2-groupManagement] INFO  server.RaftServerConfigKeys (ConfUtils.java:logGet(46)) - raft.server.rpc.sleep.time = 25ms (default)
2023-03-17 00:24:55,126 [s2-groupManagement] INFO  server.RaftServerConfigKeys (ConfUtils.java:logGet(46)) - raft.server.rpc.slowness.timeout = 60s (default)
2023-03-17 00:24:55,126 [s2-groupManagement] INFO  server.RaftServerConfigKeys (ConfUtils.java:logGet(46)) - raft.server.leaderelection.leader.step-down.wait-time = 10s (default)
2023-03-17 00:24:55,126 [s2-groupManagement] INFO  server.RaftServerConfigKeys (ConfUtils.java:logGet(46)) - raft.server.sleep.deviation.threshold = 300ms (default)
2023-03-17 00:24:55,126 [s2-groupManagement] INFO  server.RaftServer$Division (ServerState.java:<init>(113)) - s2@group-61D7957BD671: ConfigurationManager, init=-1: peers:[s0|rpc:0.0.0.0:42303|admin:0.0.0.0:39619|client:0.0.0.0:33117|dataStream:|priority:0|startupRole:FOLLOWER, s1|rpc:0.0.0.0:45261|admin:0.0.0.0:35185|client:0.0.0.0:34351|dataStream:|priority:1|startupRole:FOLLOWER, s2|rpc:0.0.0.0:46431|admin:0.0.0.0:39719|client:0.0.0.0:40163|dataStream:|priority:2|startupRole:FOLLOWER]|listeners:[], old=null, confs=<EMPTY_MAP>
2023-03-17 00:24:55,126 [s2-groupManagement] INFO  server.RaftServerConfigKeys (ConfUtils.java:logGet(46)) - raft.server.notification.no-leader.timeout = 60s (default)
2023-03-17 00:24:55,126 [s2-groupManagement] INFO  server.RaftServerConfigKeys (ConfUtils.java:logGet(46)) - raft.server.read.timeout = 10s (default)
2023-03-17 00:24:55,126 [s2-groupManagement] INFO  server.RaftServerConfigKeys (ConfUtils.java:logGet(46)) - raft.server.retrycache.expirytime = 60s (default)
2023-03-17 00:24:55,126 [s2-groupManagement] INFO  server.RaftServerConfigKeys (ConfUtils.java:logGet(46)) - raft.server.retrycache.statistics.expirytime = 100μs (default)
2023-03-17 00:24:55,126 [s2-groupManagement] INFO  server.RaftServerConfigKeys (ConfUtils.java:logGet(46)) - raft.server.read.option = DEFAULT (default)
2023-03-17 00:24:55,127 [s2-groupManagement] INFO  server.RaftServerConfigKeys (ConfUtils.java:logGet(46)) - raft.server.log.appender.install.snapshot.enabled = true (default)
2023-03-17 00:24:55,127 [s2-groupManagement] INFO  server.RaftServerConfigKeys (ConfUtils.java:logGet(46)) - raft.server.threadpool.server.cached = true (default)
2023-03-17 00:24:55,127 [s2-groupManagement] INFO  server.RaftServerConfigKeys (ConfUtils.java:logGet(46)) - raft.server.threadpool.server.size = 0 (default)
2023-03-17 00:24:55,127 [s2-groupManagement] INFO  server.RaftServerConfigKeys (ConfUtils.java:logGet(46)) - raft.server.threadpool.client.cached = true (default)
2023-03-17 00:24:55,127 [s2-groupManagement] INFO  server.RaftServerConfigKeys (ConfUtils.java:logGet(46)) - raft.server.threadpool.client.size = 0 (default)
2023-03-17 00:24:55,127 [s2-groupManagement] INFO  server.RaftServerConfigKeys (ConfUtils.java:logGet(46)) - raft.server.storage.free-space.min = 0MB (=0) (default)
2023-03-17 00:24:55,127 [s2-groupManagement] INFO  server.RaftServerConfigKeys (ConfUtils.java:logGet(46)) - raft.server.log.corruption.policy = EXCEPTION (default)
2023-03-17 00:24:55,127 [s2-groupManagement] INFO  server.RaftServerConfigKeys (ConfUtils.java:logGet(46)) - raft.server.storage.dir = [/home/runner/work/ratis/ratis/ratis-test/target/test/data/ce6527c6/MiniRaftClusterWithGrpc5b4969e5/s2] (custom)
2023-03-17 00:24:55,127 [s2-groupManagement] INFO  storage.RaftStorageDirectory (RaftStorageDirectoryImpl.java:analyzeStorage(138)) - The storage directory /home/runner/work/ratis/ratis/ratis-test/target/test/data/ce6527c6/MiniRaftClusterWithGrpc5b4969e5/s2/e12a0c2b-094d-4df5-9b43-61d7957bd671 does not exist. Creating ...
2023-03-17 00:24:55,127 [s2-groupManagement] TRACE util.FileUtils (LogUtils.java:runAndLog(49)) - Successfully ran Files.createDirectories /home/runner/work/ratis/ratis/ratis-test/target/test/data/ce6527c6/MiniRaftClusterWithGrpc5b4969e5/s2/e12a0c2b-094d-4df5-9b43-61d7957bd671
2023-03-17 00:24:55,128 [s2-groupManagement] INFO  storage.RaftStorageDirectory (RaftStorageDirectoryImpl.java:tryLock(232)) - Lock on /home/runner/work/ratis/ratis/ratis-test/target/test/data/ce6527c6/MiniRaftClusterWithGrpc5b4969e5/s2/e12a0c2b-094d-4df5-9b43-61d7957bd671/in_use.lock acquired by nodename 10276@fv-az426-358
2023-03-17 00:24:55,128 [s2-groupManagement] TRACE util.FileUtils (LogUtils.java:runAndLog(49)) - Successfully ran Files.createDirectories /home/runner/work/ratis/ratis/ratis-test/target/test/data/ce6527c6/MiniRaftClusterWithGrpc5b4969e5/s2/e12a0c2b-094d-4df5-9b43-61d7957bd671/current
2023-03-17 00:24:55,128 [s2-groupManagement] TRACE util.FileUtils (LogUtils.java:runAndLog(49)) - Successfully ran Files.createDirectories /home/runner/work/ratis/ratis/ratis-test/target/test/data/ce6527c6/MiniRaftClusterWithGrpc5b4969e5/s2/e12a0c2b-094d-4df5-9b43-61d7957bd671/sm
2023-03-17 00:24:55,129 [s2-groupManagement] INFO  storage.RaftStorage (RaftStorageImpl.java:format(96)) - Storage directory /home/runner/work/ratis/ratis/ratis-test/target/test/data/ce6527c6/MiniRaftClusterWithGrpc5b4969e5/s2/e12a0c2b-094d-4df5-9b43-61d7957bd671 has been successfully formatted.
2023-03-17 00:24:55,129 [s2-groupManagement] INFO  server.RaftServerConfigKeys (ConfUtils.java:logGet(46)) - raft.server.log.use.memory = false (default)
2023-03-17 00:24:55,130 [s2-groupManagement] INFO  server.RaftServerConfigKeys (ConfUtils.java:logGet(46)) - raft.server.log.purge.gap = 1024 (default)
2023-03-17 00:24:55,130 [s2-groupManagement] INFO  server.RaftServerConfigKeys (ConfUtils.java:logGet(46)) - raft.server.log.appender.buffer.byte-limit = 4MB (=4194304) (default)
2023-03-17 00:24:55,130 [s2-groupManagement] INFO  server.RaftServerConfigKeys (ConfUtils.java:logGet(46)) - raft.server.log.statemachine.data.read.timeout = 1000ms (default)
2023-03-17 00:24:55,130 [s2-groupManagement] INFO  server.RaftServerConfigKeys (ConfUtils.java:logGet(46)) - raft.server.log.purge.preservation.log.num = 0 (default)
2023-03-17 00:24:55,130 [s2-groupManagement] INFO  server.RaftServerConfigKeys (ConfUtils.java:logGet(46)) - raft.server.log.segment.size.max = 8MB (=8388608) (default)
2023-03-17 00:24:55,130 [s2-groupManagement] INFO  server.RaftServerConfigKeys (ConfUtils.java:logGet(46)) - raft.server.log.segment.cache.num.max = 6 (default)
2023-03-17 00:24:55,130 [s2-groupManagement] INFO  server.RaftServerConfigKeys (ConfUtils.java:logGet(46)) - raft.server.log.segment.cache.size.max = 200MB (=209715200) (default)
2023-03-17 00:24:55,130 [s2-groupManagement] INFO  server.RaftServerConfigKeys (ConfUtils.java:logGet(46)) - raft.server.log.appender.buffer.byte-limit = 4MB (=4194304) (default)
2023-03-17 00:24:55,130 [s2-groupManagement] INFO  segmented.SegmentedRaftLogWorker (SegmentedRaftLogWorker.java:<init>(183)) - new s2@group-61D7957BD671-SegmentedRaftLogWorker for RaftStorageImpl:Storage Directory /home/runner/work/ratis/ratis/ratis-test/target/test/data/ce6527c6/MiniRaftClusterWithGrpc5b4969e5/s2/e12a0c2b-094d-4df5-9b43-61d7957bd671
2023-03-17 00:24:55,130 [s2-groupManagement] INFO  server.RaftServerConfigKeys (ConfUtils.java:logGet(46)) - raft.server.log.queue.byte-limit = 64MB (=67108864) (default)
2023-03-17 00:24:55,130 [s2-groupManagement] INFO  server.RaftServerConfigKeys (ConfUtils.java:logGet(46)) - raft.server.log.queue.element-limit = 4096 (default)
2023-03-17 00:24:55,130 [s2-groupManagement] INFO  server.RaftServerConfigKeys (ConfUtils.java:logGet(46)) - raft.server.log.segment.size.max = 8MB (=8388608) (default)
2023-03-17 00:24:55,130 [s2-groupManagement] INFO  server.RaftServerConfigKeys (ConfUtils.java:logGet(46)) - raft.server.log.preallocated.size = 4MB (=4194304) (default)
2023-03-17 00:24:55,130 [s2-groupManagement] INFO  server.RaftServerConfigKeys (ConfUtils.java:logGet(46)) - raft.server.log.force.sync.num = 128 (default)
2023-03-17 00:24:55,130 [s2-groupManagement] INFO  server.RaftServerConfigKeys (ConfUtils.java:logGet(46)) - raft.server.log.statemachine.data.sync = true (default)
2023-03-17 00:24:55,130 [s2-groupManagement] INFO  server.RaftServerConfigKeys (ConfUtils.java:logGet(46)) - raft.server.log.statemachine.data.sync.timeout = 10s (default)
2023-03-17 00:24:55,130 [s2-groupManagement] INFO  server.RaftServerConfigKeys (ConfUtils.java:logGet(46)) - raft.server.log.statemachine.data.sync.timeout.retry = -1 (default)
2023-03-17 00:24:55,130 [s2-groupManagement] INFO  server.RaftServerConfigKeys (ConfUtils.java:logGet(46)) - raft.server.log.write.buffer.size = 64KB (=65536) (default)
2023-03-17 00:24:55,130 [s2-groupManagement] INFO  server.RaftServerConfigKeys (ConfUtils.java:logGet(46)) - raft.server.log.appender.buffer.byte-limit = 4MB (=4194304) (default)
2023-03-17 00:24:55,131 [s2-groupManagement] INFO  server.RaftServerConfigKeys (ConfUtils.java:logGet(46)) - raft.server.log.unsafe-flush.enabled = false (default)
2023-03-17 00:24:55,131 [s2-groupManagement] INFO  server.RaftServerConfigKeys (ConfUtils.java:logGet(46)) - raft.server.log.async-flush.enabled = false (default)
2023-03-17 00:24:55,131 [s2-groupManagement] INFO  server.RaftServerConfigKeys (ConfUtils.java:logGet(46)) - raft.server.log.statemachine.data.caching.enabled = false (default)
2023-03-17 00:24:55,131 [s2-groupManagement] INFO  segmented.SegmentedRaftLogWorker (SegmentedRaftLogWorker.java:lambda$new$0(134)) - s2@group-61D7957BD671-SegmentedRaftLogWorker: flushIndex: setUnconditionally 0 -> -1
2023-03-17 00:24:55,131 [s2-groupManagement] INFO  segmented.SegmentedRaftLogWorker (SegmentedRaftLogWorker.java:lambda$new$0(134)) - s2@group-61D7957BD671-SegmentedRaftLogWorker: safeCacheEvictIndex: setUnconditionally 0 -> -1
2023-03-17 00:24:55,131 [s2-groupManagement] INFO  server.RaftServer$Division (RaftServerImpl.java:start(342)) - s2@group-61D7957BD671: start as a follower, conf=-1: peers:[s0|rpc:0.0.0.0:42303|admin:0.0.0.0:39619|client:0.0.0.0:33117|dataStream:|priority:0|startupRole:FOLLOWER, s1|rpc:0.0.0.0:45261|admin:0.0.0.0:35185|client:0.0.0.0:34351|dataStream:|priority:1|startupRole:FOLLOWER, s2|rpc:0.0.0.0:46431|admin:0.0.0.0:39719|client:0.0.0.0:40163|dataStream:|priority:2|startupRole:FOLLOWER]|listeners:[], old=null
2023-03-17 00:24:55,131 [s2-groupManagement] INFO  server.RaftServer$Division (RaftServerImpl.java:setRole(329)) - s2@group-61D7957BD671: changes role from      null to FOLLOWER at term 0 for startAsFollower
2023-03-17 00:24:55,131 [s2-groupManagement] INFO  impl.RoleInfo (RoleInfo.java:updateAndGet(139)) - s2: start s2@group-61D7957BD671-FollowerState
2023-03-17 00:24:55,135 [s2-groupManagement] INFO  util.JmxRegister (JmxRegister.java:tryRegister(44)) - Successfully registered JMX Bean with object name Ratis:service=RaftServer,group=group-61D7957BD671,id=s2
2023-03-17 00:24:55,135 [s2-groupManagement] INFO  server.RaftServerConfigKeys (ConfUtils.java:logGet(46)) - raft.server.snapshot.auto.trigger.enabled = false (default)
2023-03-17 00:24:55,135 [s2-groupManagement] INFO  server.RaftServerConfigKeys (ConfUtils.java:logGet(46)) - raft.server.snapshot.retention.file.num = -1 (default)
2023-03-17 00:24:55,135 [s2-groupManagement] INFO  server.RaftServerConfigKeys (ConfUtils.java:logGet(46)) - raft.server.log.purge.upto.snapshot.index = false (default)
2023-03-17 00:24:55,136 [s2@group-61D7957BD671-FollowerState] INFO  server.RaftServerConfigKeys (ConfUtils.java:logFallback(53)) - raft.server.rpc.first-election.timeout.min = 150ms (fallback to raft.server.rpc.timeout.min)
2023-03-17 00:24:55,136 [s2@group-61D7957BD671-FollowerState] INFO  server.RaftServerConfigKeys (ConfUtils.java:logFallback(53)) - raft.server.rpc.first-election.timeout.max = 300ms (fallback to raft.server.rpc.timeout.max)
2023-03-17 00:24:55,146 [Time-limited test] INFO  server.RaftServerConfigKeys (ConfUtils.java:logGet(46)) - raft.server.rpc.timeout.max = 300ms (default)
2023-03-17 00:24:55,147 [Time-limited test] INFO  ratis.RaftTestUtil (RaftTestUtil.java:waitForLeader(100)) - printing group-61D7957BD671
  s0:  RUNNING [
   FOLLOWER s0@group-7CD1EA773A0D:t0, leader=null, voted=, raftlog=Memoized:s0@group-7CD1EA773A0D-SegmentedRaftLog:OPENED:c-1, conf=-1: peers:[s0|rpc:localhost:42303|admin:localhost:39619|client:localhost:33117|dataStream:localhost:43417|priority:0|startupRole:FOLLOWER, s1|rpc:localhost:45261|admin:localhost:35185|client:localhost:34351|dataStream:localhost:33675|priority:0|startupRole:FOLLOWER, s2|rpc:localhost:46431|admin:localhost:39719|client:localhost:40163|dataStream:localhost:45865|priority:0|startupRole:FOLLOWER]|listeners:[], old=null RUNNING
   FOLLOWER s0@group-61D7957BD671:t0, leader=null, voted=, raftlog=Memoized:s0@group-61D7957BD671-SegmentedRaftLog:OPENED:c-1, conf=-1: peers:[s0|rpc:0.0.0.0:42303|admin:0.0.0.0:39619|client:0.0.0.0:33117|dataStream:|priority:0|startupRole:FOLLOWER, s1|rpc:0.0.0.0:45261|admin:0.0.0.0:35185|client:0.0.0.0:34351|dataStream:|priority:1|startupRole:FOLLOWER, s2|rpc:0.0.0.0:46431|admin:0.0.0.0:39719|client:0.0.0.0:40163|dataStream:|priority:2|startupRole:FOLLOWER]|listeners:[], old=null RUNNING] size=2
  s1:  RUNNING [
   FOLLOWER s1@group-7CD1EA773A0D:t0, leader=null, voted=, raftlog=Memoized:s1@group-7CD1EA773A0D-SegmentedRaftLog:OPENED:c-1, conf=-1: peers:[s0|rpc:localhost:42303|admin:localhost:39619|client:localhost:33117|dataStream:localhost:43417|priority:0|startupRole:FOLLOWER, s1|rpc:localhost:45261|admin:localhost:35185|client:localhost:34351|dataStream:localhost:33675|priority:0|startupRole:FOLLOWER, s2|rpc:localhost:46431|admin:localhost:39719|client:localhost:40163|dataStream:localhost:45865|priority:0|startupRole:FOLLOWER]|listeners:[], old=null RUNNING
   FOLLOWER s1@group-61D7957BD671:t0, leader=null, voted=, raftlog=Memoized:s1@group-61D7957BD671-SegmentedRaftLog:OPENED:c-1, conf=-1: peers:[s0|rpc:0.0.0.0:42303|admin:0.0.0.0:39619|client:0.0.0.0:33117|dataStream:|priority:0|startupRole:FOLLOWER, s1|rpc:0.0.0.0:45261|admin:0.0.0.0:35185|client:0.0.0.0:34351|dataStream:|priority:1|startupRole:FOLLOWER, s2|rpc:0.0.0.0:46431|admin:0.0.0.0:39719|client:0.0.0.0:40163|dataStream:|priority:2|startupRole:FOLLOWER]|listeners:[], old=null RUNNING] size=2
  s2:  RUNNING [
   FOLLOWER s2@group-7CD1EA773A0D:t0, leader=null, voted=, raftlog=Memoized:s2@group-7CD1EA773A0D-SegmentedRaftLog:OPENED:c-1, conf=-1: peers:[s0|rpc:localhost:42303|admin:localhost:39619|client:localhost:33117|dataStream:localhost:43417|priority:0|startupRole:FOLLOWER, s1|rpc:localhost:45261|admin:localhost:35185|client:localhost:34351|dataStream:localhost:33675|priority:0|startupRole:FOLLOWER, s2|rpc:localhost:46431|admin:localhost:39719|client:localhost:40163|dataStream:localhost:45865|priority:0|startupRole:FOLLOWER]|listeners:[], old=null RUNNING
   FOLLOWER s2@group-61D7957BD671:t0, leader=null, voted=, raftlog=Memoized:s2@group-61D7957BD671-SegmentedRaftLog:OPENED:c-1, conf=-1: peers:[s0|rpc:0.0.0.0:42303|admin:0.0.0.0:39619|client:0.0.0.0:33117|dataStream:|priority:0|startupRole:FOLLOWER, s1|rpc:0.0.0.0:45261|admin:0.0.0.0:35185|client:0.0.0.0:34351|dataStream:|priority:1|startupRole:FOLLOWER, s2|rpc:0.0.0.0:46431|admin:0.0.0.0:39719|client:0.0.0.0:40163|dataStream:|priority:2|startupRole:FOLLOWER]|listeners:[], old=null RUNNING] size=2
2023-03-17 00:24:55,147 [Time-limited test] WARN  ratis.RaftTestUtil (JavaUtils.java:attempt(217)) - FAILED "waitForLeader-group-61D7957BD671-(expectLeader? true)", attempt #1/100: java.lang.IllegalStateException: No leader yet  for group-61D7957BD671: printing group-61D7957BD671
  s0:  RUNNING [
   FOLLOWER s0@group-7CD1EA773A0D:t0, leader=null, voted=, raftlog=Memoized:s0@group-7CD1EA773A0D-SegmentedRaftLog:OPENED:c-1, conf=-1: peers:[s0|rpc:localhost:42303|admin:localhost:39619|client:localhost:33117|dataStream:localhost:43417|priority:0|startupRole:FOLLOWER, s1|rpc:localhost:45261|admin:localhost:35185|client:localhost:34351|dataStream:localhost:33675|priority:0|startupRole:FOLLOWER, s2|rpc:localhost:46431|admin:localhost:39719|client:localhost:40163|dataStream:localhost:45865|priority:0|startupRole:FOLLOWER]|listeners:[], old=null RUNNING
   FOLLOWER s0@group-61D7957BD671:t0, leader=null, voted=, raftlog=Memoized:s0@group-61D7957BD671-SegmentedRaftLog:OPENED:c-1, conf=-1: peers:[s0|rpc:0.0.0.0:42303|admin:0.0.0.0:39619|client:0.0.0.0:33117|dataStream:|priority:0|startupRole:FOLLOWER, s1|rpc:0.0.0.0:45261|admin:0.0.0.0:35185|client:0.0.0.0:34351|dataStream:|priority:1|startupRole:FOLLOWER, s2|rpc:0.0.0.0:46431|admin:0.0.0.0:39719|client:0.0.0.0:40163|dataStream:|priority:2|startupRole:FOLLOWER]|listeners:[], old=null RUNNING] size=2
  s1:  RUNNING [
   FOLLOWER s1@group-7CD1EA773A0D:t0, leader=null, voted=, raftlog=Memoized:s1@group-7CD1EA773A0D-SegmentedRaftLog:OPENED:c-1, conf=-1: peers:[s0|rpc:localhost:42303|admin:localhost:39619|client:localhost:33117|dataStream:localhost:43417|priority:0|startupRole:FOLLOWER, s1|rpc:localhost:45261|admin:localhost:35185|client:localhost:34351|dataStream:localhost:33675|priority:0|startupRole:FOLLOWER, s2|rpc:localhost:46431|admin:localhost:39719|client:localhost:40163|dataStream:localhost:45865|priority:0|startupRole:FOLLOWER]|listeners:[], old=null RUNNING
   FOLLOWER s1@group-61D7957BD671:t0, leader=null, voted=, raftlog=Memoized:s1@group-61D7957BD671-SegmentedRaftLog:OPENED:c-1, conf=-1: peers:[s0|rpc:0.0.0.0:42303|admin:0.0.0.0:39619|client:0.0.0.0:33117|dataStream:|priority:0|startupRole:FOLLOWER, s1|rpc:0.0.0.0:45261|admin:0.0.0.0:35185|client:0.0.0.0:34351|dataStream:|priority:1|startupRole:FOLLOWER, s2|rpc:0.0.0.0:46431|admin:0.0.0.0:39719|client:0.0.0.0:40163|dataStream:|priority:2|startupRole:FOLLOWER]|listeners:[], old=null RUNNING] size=2
  s2:  RUNNING [
   FOLLOWER s2@group-7CD1EA773A0D:t0, leader=null, voted=, raftlog=Memoized:s2@group-7CD1EA773A0D-SegmentedRaftLog:OPENED:c-1, conf=-1: peers:[s0|rpc:localhost:42303|admin:localhost:39619|client:localhost:33117|dataStream:localhost:43417|priority:0|startupRole:FOLLOWER, s1|rpc:localhost:45261|admin:localhost:35185|client:localhost:34351|dataStream:localhost:33675|priority:0|startupRole:FOLLOWER, s2|rpc:localhost:46431|admin:localhost:39719|client:localhost:40163|dataStream:localhost:45865|priority:0|startupRole:FOLLOWER]|listeners:[], old=null RUNNING
   FOLLOWER s2@group-61D7957BD671:t0, leader=null, voted=, raftlog=Memoized:s2@group-61D7957BD671-SegmentedRaftLog:OPENED:c-1, conf=-1: peers:[s0|rpc:0.0.0.0:42303|admin:0.0.0.0:39619|client:0.0.0.0:33117|dataStream:|priority:0|startupRole:FOLLOWER, s1|rpc:0.0.0.0:45261|admin:0.0.0.0:35185|client:0.0.0.0:34351|dataStream:|priority:1|startupRole:FOLLOWER, s2|rpc:0.0.0.0:46431|admin:0.0.0.0:39719|client:0.0.0.0:40163|dataStream:|priority:2|startupRole:FOLLOWER]|listeners:[], old=null RUNNING] size=2, sleep 450ms and then retry.
java.lang.IllegalStateException: No leader yet  for group-61D7957BD671: printing group-61D7957BD671
  s0:  RUNNING [
   FOLLOWER s0@group-7CD1EA773A0D:t0, leader=null, voted=, raftlog=Memoized:s0@group-7CD1EA773A0D-SegmentedRaftLog:OPENED:c-1, conf=-1: peers:[s0|rpc:localhost:42303|admin:localhost:39619|client:localhost:33117|dataStream:localhost:43417|priority:0|startupRole:FOLLOWER, s1|rpc:localhost:45261|admin:localhost:35185|client:localhost:34351|dataStream:localhost:33675|priority:0|startupRole:FOLLOWER, s2|rpc:localhost:46431|admin:localhost:39719|client:localhost:40163|dataStream:localhost:45865|priority:0|startupRole:FOLLOWER]|listeners:[], old=null RUNNING
   FOLLOWER s0@group-61D7957BD671:t0, leader=null, voted=, raftlog=Memoized:s0@group-61D7957BD671-SegmentedRaftLog:OPENED:c-1, conf=-1: peers:[s0|rpc:0.0.0.0:42303|admin:0.0.0.0:39619|client:0.0.0.0:33117|dataStream:|priority:0|startupRole:FOLLOWER, s1|rpc:0.0.0.0:45261|admin:0.0.0.0:35185|client:0.0.0.0:34351|dataStream:|priority:1|startupRole:FOLLOWER, s2|rpc:0.0.0.0:46431|admin:0.0.0.0:39719|client:0.0.0.0:40163|dataStream:|priority:2|startupRole:FOLLOWER]|listeners:[], old=null RUNNING] size=2
  s1:  RUNNING [
   FOLLOWER s1@group-7CD1EA773A0D:t0, leader=null, voted=, raftlog=Memoized:s1@group-7CD1EA773A0D-SegmentedRaftLog:OPENED:c-1, conf=-1: peers:[s0|rpc:localhost:42303|admin:localhost:39619|client:localhost:33117|dataStream:localhost:43417|priority:0|startupRole:FOLLOWER, s1|rpc:localhost:45261|admin:localhost:35185|client:localhost:34351|dataStream:localhost:33675|priority:0|startupRole:FOLLOWER, s2|rpc:localhost:46431|admin:localhost:39719|client:localhost:40163|dataStream:localhost:45865|priority:0|startupRole:FOLLOWER]|listeners:[], old=null RUNNING
   FOLLOWER s1@group-61D7957BD671:t0, leader=null, voted=, raftlog=Memoized:s1@group-61D7957BD671-SegmentedRaftLog:OPENED:c-1, conf=-1: peers:[s0|rpc:0.0.0.0:42303|admin:0.0.0.0:39619|client:0.0.0.0:33117|dataStream:|priority:0|startupRole:FOLLOWER, s1|rpc:0.0.0.0:45261|admin:0.0.0.0:35185|client:0.0.0.0:34351|dataStream:|priority:1|startupRole:FOLLOWER, s2|rpc:0.0.0.0:46431|admin:0.0.0.0:39719|client:0.0.0.0:40163|dataStream:|priority:2|startupRole:FOLLOWER]|listeners:[], old=null RUNNING] size=2
  s2:  RUNNING [
   FOLLOWER s2@group-7CD1EA773A0D:t0, leader=null, voted=, raftlog=Memoized:s2@group-7CD1EA773A0D-SegmentedRaftLog:OPENED:c-1, conf=-1: peers:[s0|rpc:localhost:42303|admin:localhost:39619|client:localhost:33117|dataStream:localhost:43417|priority:0|startupRole:FOLLOWER, s1|rpc:localhost:45261|admin:localhost:35185|client:localhost:34351|dataStream:localhost:33675|priority:0|startupRole:FOLLOWER, s2|rpc:localhost:46431|admin:localhost:39719|client:localhost:40163|dataStream:localhost:45865|priority:0|startupRole:FOLLOWER]|listeners:[], old=null RUNNING
   FOLLOWER s2@group-61D7957BD671:t0, leader=null, voted=, raftlog=Memoized:s2@group-61D7957BD671-SegmentedRaftLog:OPENED:c-1, conf=-1: peers:[s0|rpc:0.0.0.0:42303|admin:0.0.0.0:39619|client:0.0.0.0:33117|dataStream:|priority:0|startupRole:FOLLOWER, s1|rpc:0.0.0.0:45261|admin:0.0.0.0:35185|client:0.0.0.0:34351|dataStream:|priority:1|startupRole:FOLLOWER, s2|rpc:0.0.0.0:46431|admin:0.0.0.0:39719|client:0.0.0.0:40163|dataStream:|priority:2|startupRole:FOLLOWER]|listeners:[], old=null RUNNING] size=2
	at org.apache.ratis.server.impl.MiniRaftCluster.newIllegalStateExceptionForNoLeaders(MiniRaftCluster.java:581)
	at org.apache.ratis.RaftTestUtil.lambda$waitForLeader$1(RaftTestUtil.java:104)
	at org.apache.ratis.server.impl.MiniRaftCluster.getLeader(MiniRaftCluster.java:615)
	at org.apache.ratis.server.impl.MiniRaftCluster.getLeader(MiniRaftCluster.java:608)
	at org.apache.ratis.RaftTestUtil.lambda$waitForLeader$3(RaftTestUtil.java:112)
	at org.apache.ratis.util.JavaUtils.attempt(JavaUtils.java:211)
	at org.apache.ratis.util.JavaUtils.attemptRepeatedly(JavaUtils.java:197)
	at org.apache.ratis.RaftTestUtil.waitForLeader(RaftTestUtil.java:111)
	at org.apache.ratis.RaftTestUtil.waitForLeader(RaftTestUtil.java:92)
	at org.apache.ratis.server.impl.RaftReconfigurationBaseTest.checkPriority(RaftReconfigurationBaseTest.java:84)
	at org.apache.ratis.server.impl.RaftReconfigurationBaseTest.lambda$testRestorePriority$0(RaftReconfigurationBaseTest.java:121)
	at org.apache.ratis.server.impl.MiniRaftCluster$Factory$Get.runWithNewCluster(MiniRaftCluster.java:141)
	at org.apache.ratis.server.impl.MiniRaftCluster$Factory$Get.runWithNewCluster(MiniRaftCluster.java:121)
	at org.apache.ratis.server.impl.RaftReconfigurationBaseTest.testRestorePriority(RaftReconfigurationBaseTest.java:100)
	at java.base/jdk.internal.reflect.NativeMethodAccessorImpl.invoke0(Native Method)
	at java.base/jdk.internal.reflect.NativeMethodAccessorImpl.invoke(NativeMethodAccessorImpl.java:62)
	at java.base/jdk.internal.reflect.DelegatingMethodAccessorImpl.invoke(DelegatingMethodAccessorImpl.java:43)
	at java.base/java.lang.reflect.Method.invoke(Method.java:566)
	at org.junit.runners.model.FrameworkMethod$1.runReflectiveCall(FrameworkMethod.java:59)
	at org.junit.internal.runners.model.ReflectiveCallable.run(ReflectiveCallable.java:12)
	at org.junit.runners.model.FrameworkMethod.invokeExplosively(FrameworkMethod.java:56)
	at org.junit.internal.runners.statements.InvokeMethod.evaluate(InvokeMethod.java:17)
	at org.junit.internal.runners.statements.RunAfters.evaluate(RunAfters.java:27)
	at org.junit.internal.runners.statements.FailOnTimeout$CallableStatement.call(FailOnTimeout.java:299)
	at org.junit.internal.runners.statements.FailOnTimeout$CallableStatement.call(FailOnTimeout.java:293)
	at java.base/java.util.concurrent.FutureTask.run(FutureTask.java:264)
	at java.base/java.lang.Thread.run(Thread.java:829)
2023-03-17 00:24:55,213 [s1@group-7CD1EA773A0D-FollowerState] INFO  impl.FollowerState (FollowerState.java:run(143)) - s1@group-7CD1EA773A0D-FollowerState: change to CANDIDATE, lastRpcElapsedTime:152680579ns, electionTimeout:152ms
2023-03-17 00:24:55,214 [s1@group-7CD1EA773A0D-FollowerState] INFO  impl.RoleInfo (RoleInfo.java:shutdownFollowerState(110)) - s1: shutdown s1@group-7CD1EA773A0D-FollowerState
2023-03-17 00:24:55,214 [s1@group-7CD1EA773A0D-FollowerState] INFO  server.RaftServer$Division (RaftServerImpl.java:setRole(329)) - s1@group-7CD1EA773A0D: changes role from  FOLLOWER to CANDIDATE at term 0 for changeToCandidate
2023-03-17 00:24:55,214 [s1@group-7CD1EA773A0D-FollowerState] INFO  server.RaftServerConfigKeys (ConfUtils.java:logGet(46)) - raft.server.leaderelection.pre-vote = true (default)
2023-03-17 00:24:55,214 [s1@group-7CD1EA773A0D-FollowerState] INFO  impl.RoleInfo (RoleInfo.java:updateAndGet(139)) - s1: start s1@group-7CD1EA773A0D-LeaderElection36
2023-03-17 00:24:55,214 [s1@group-7CD1EA773A0D-LeaderElection36] INFO  impl.LeaderElection (LeaderElection.java:askForVotes(320)) - s1@group-7CD1EA773A0D-LeaderElection36 PRE_VOTE round 0: submit vote requests at term 0 for -1: peers:[s0|rpc:localhost:42303|admin:localhost:39619|client:localhost:33117|dataStream:localhost:43417|priority:0|startupRole:FOLLOWER, s1|rpc:localhost:45261|admin:localhost:35185|client:localhost:34351|dataStream:localhost:33675|priority:0|startupRole:FOLLOWER, s2|rpc:localhost:46431|admin:localhost:39719|client:localhost:40163|dataStream:localhost:45865|priority:0|startupRole:FOLLOWER]|listeners:[], old=null
2023-03-17 00:24:55,215 [s1@group-7CD1EA773A0D-LeaderElection36] INFO  server.RaftServerConfigKeys (ConfUtils.java:logFallback(53)) - raft.server.rpc.first-election.timeout.min = 150ms (fallback to raft.server.rpc.timeout.min)
2023-03-17 00:24:55,215 [s1@group-7CD1EA773A0D-LeaderElection36] INFO  server.RaftServerConfigKeys (ConfUtils.java:logFallback(53)) - raft.server.rpc.first-election.timeout.max = 300ms (fallback to raft.server.rpc.timeout.max)
2023-03-17 00:24:55,215 [s1@group-7CD1EA773A0D-LeaderElection36-1] INFO  server.GrpcServerProtocolClient (GrpcServerProtocolClient.java:<init>(64)) - Build channel for s0
2023-03-17 00:24:55,215 [s1@group-7CD1EA773A0D-LeaderElection36-2] INFO  server.GrpcServerProtocolClient (GrpcServerProtocolClient.java:<init>(64)) - Build channel for s2
2023-03-17 00:24:55,219 [grpc-default-executor-0] INFO  server.RaftServer$Division (RaftServerImpl.java:requestVote(1303)) - s2@group-7CD1EA773A0D: receive requestVote(PRE_VOTE, s1, group-7CD1EA773A0D, 0, (t:0, i:0))
2023-03-17 00:24:55,219 [grpc-default-executor-6] INFO  server.RaftServer$Division (RaftServerImpl.java:requestVote(1303)) - s0@group-7CD1EA773A0D: receive requestVote(PRE_VOTE, s1, group-7CD1EA773A0D, 0, (t:0, i:0))
2023-03-17 00:24:55,219 [grpc-default-executor-6] INFO  impl.VoteContext (VoteContext.java:log(49)) - s0@group-7CD1EA773A0D-FOLLOWER: accept PRE_VOTE from s1: our priority 0 <= candidate's priority 0
2023-03-17 00:24:55,220 [grpc-default-executor-6] INFO  server.RaftServer$Division (RaftServerImpl.java:requestVote(1336)) - s0@group-7CD1EA773A0D replies to PRE_VOTE vote request: s1<-s0#0:OK-t0. Peer's state: s0@group-7CD1EA773A0D:t0, leader=null, voted=, raftlog=Memoized:s0@group-7CD1EA773A0D-SegmentedRaftLog:OPENED:c-1, conf=-1: peers:[s0|rpc:localhost:42303|admin:localhost:39619|client:localhost:33117|dataStream:localhost:43417|priority:0|startupRole:FOLLOWER, s1|rpc:localhost:45261|admin:localhost:35185|client:localhost:34351|dataStream:localhost:33675|priority:0|startupRole:FOLLOWER, s2|rpc:localhost:46431|admin:localhost:39719|client:localhost:40163|dataStream:localhost:45865|priority:0|startupRole:FOLLOWER]|listeners:[], old=null
2023-03-17 00:24:55,219 [grpc-default-executor-0] INFO  impl.VoteContext (VoteContext.java:log(49)) - s2@group-7CD1EA773A0D-FOLLOWER: accept PRE_VOTE from s1: our priority 0 <= candidate's priority 0
2023-03-17 00:24:55,223 [grpc-default-executor-0] INFO  server.RaftServer$Division (RaftServerImpl.java:requestVote(1336)) - s2@group-7CD1EA773A0D replies to PRE_VOTE vote request: s1<-s2#0:OK-t0. Peer's state: s2@group-7CD1EA773A0D:t0, leader=null, voted=, raftlog=Memoized:s2@group-7CD1EA773A0D-SegmentedRaftLog:OPENED:c-1, conf=-1: peers:[s0|rpc:localhost:42303|admin:localhost:39619|client:localhost:33117|dataStream:localhost:43417|priority:0|startupRole:FOLLOWER, s1|rpc:localhost:45261|admin:localhost:35185|client:localhost:34351|dataStream:localhost:33675|priority:0|startupRole:FOLLOWER, s2|rpc:localhost:46431|admin:localhost:39719|client:localhost:40163|dataStream:localhost:45865|priority:0|startupRole:FOLLOWER]|listeners:[], old=null
2023-03-17 00:24:55,223 [s1@group-7CD1EA773A0D-LeaderElection36] INFO  impl.LeaderElection (LeaderElection.java:logAndReturn(89)) - s1@group-7CD1EA773A0D-LeaderElection36: PRE_VOTE PASSED received 1 response(s) and 0 exception(s):
2023-03-17 00:24:55,223 [s1@group-7CD1EA773A0D-LeaderElection36] INFO  impl.LeaderElection (LeaderElection.java:logAndReturn(93)) -   Response 0: s1<-s0#0:OK-t0
2023-03-17 00:24:55,223 [s1@group-7CD1EA773A0D-LeaderElection36] INFO  impl.LeaderElection (LeaderElection.java:askForVotes(322)) - s1@group-7CD1EA773A0D-LeaderElection36 PRE_VOTE round 0: result PASSED
2023-03-17 00:24:55,224 [s1@group-7CD1EA773A0D-LeaderElection36] INFO  impl.LeaderElection (LeaderElection.java:askForVotes(320)) - s1@group-7CD1EA773A0D-LeaderElection36 ELECTION round 0: submit vote requests at term 1 for -1: peers:[s0|rpc:localhost:42303|admin:localhost:39619|client:localhost:33117|dataStream:localhost:43417|priority:0|startupRole:FOLLOWER, s1|rpc:localhost:45261|admin:localhost:35185|client:localhost:34351|dataStream:localhost:33675|priority:0|startupRole:FOLLOWER, s2|rpc:localhost:46431|admin:localhost:39719|client:localhost:40163|dataStream:localhost:45865|priority:0|startupRole:FOLLOWER]|listeners:[], old=null
2023-03-17 00:24:55,225 [s1@group-7CD1EA773A0D-LeaderElection36] INFO  server.RaftServerConfigKeys (ConfUtils.java:logFallback(53)) - raft.server.rpc.first-election.timeout.min = 150ms (fallback to raft.server.rpc.timeout.min)
2023-03-17 00:24:55,225 [s1@group-7CD1EA773A0D-LeaderElection36] INFO  server.RaftServerConfigKeys (ConfUtils.java:logFallback(53)) - raft.server.rpc.first-election.timeout.max = 300ms (fallback to raft.server.rpc.timeout.max)
2023-03-17 00:24:55,226 [grpc-default-executor-0] INFO  server.RaftServer$Division (RaftServerImpl.java:requestVote(1303)) - s2@group-7CD1EA773A0D: receive requestVote(ELECTION, s1, group-7CD1EA773A0D, 1, (t:0, i:0))
2023-03-17 00:24:55,226 [grpc-default-executor-0] INFO  impl.VoteContext (VoteContext.java:log(49)) - s2@group-7CD1EA773A0D-FOLLOWER: accept ELECTION from s1: our priority 0 <= candidate's priority 0
2023-03-17 00:24:55,226 [grpc-default-executor-0] INFO  server.RaftServer$Division (RaftServerImpl.java:setRole(329)) - s2@group-7CD1EA773A0D: changes role from  FOLLOWER to FOLLOWER at term 1 for candidate:s1
2023-03-17 00:24:55,226 [grpc-default-executor-0] INFO  impl.RoleInfo (RoleInfo.java:shutdownFollowerState(110)) - s2: shutdown s2@group-7CD1EA773A0D-FollowerState
2023-03-17 00:24:55,226 [grpc-default-executor-0] INFO  impl.RoleInfo (RoleInfo.java:updateAndGet(139)) - s2: start s2@group-7CD1EA773A0D-FollowerState
2023-03-17 00:24:55,226 [grpc-default-executor-6] INFO  server.RaftServer$Division (RaftServerImpl.java:requestVote(1303)) - s0@group-7CD1EA773A0D: receive requestVote(ELECTION, s1, group-7CD1EA773A0D, 1, (t:0, i:0))
2023-03-17 00:24:55,226 [grpc-default-executor-6] INFO  impl.VoteContext (VoteContext.java:log(49)) - s0@group-7CD1EA773A0D-FOLLOWER: accept ELECTION from s1: our priority 0 <= candidate's priority 0
2023-03-17 00:24:55,227 [grpc-default-executor-6] INFO  server.RaftServer$Division (RaftServerImpl.java:setRole(329)) - s0@group-7CD1EA773A0D: changes role from  FOLLOWER to FOLLOWER at term 1 for candidate:s1
2023-03-17 00:24:55,227 [grpc-default-executor-6] INFO  impl.RoleInfo (RoleInfo.java:shutdownFollowerState(110)) - s0: shutdown s0@group-7CD1EA773A0D-FollowerState
2023-03-17 00:24:55,227 [grpc-default-executor-6] INFO  impl.RoleInfo (RoleInfo.java:updateAndGet(139)) - s0: start s0@group-7CD1EA773A0D-FollowerState
2023-03-17 00:24:55,227 [s0@group-7CD1EA773A0D-FollowerState] INFO  impl.FollowerState (FollowerState.java:run(152)) - s0@group-7CD1EA773A0D-FollowerState was interrupted
2023-03-17 00:24:55,227 [s2@group-7CD1EA773A0D-FollowerState] INFO  impl.FollowerState (FollowerState.java:run(152)) - s2@group-7CD1EA773A0D-FollowerState was interrupted
2023-03-17 00:24:55,227 [s2@group-7CD1EA773A0D-FollowerState] INFO  server.RaftServerConfigKeys (ConfUtils.java:logFallback(53)) - raft.server.rpc.first-election.timeout.min = 150ms (fallback to raft.server.rpc.timeout.min)
2023-03-17 00:24:55,227 [s2@group-7CD1EA773A0D-FollowerState] INFO  server.RaftServerConfigKeys (ConfUtils.java:logFallback(53)) - raft.server.rpc.first-election.timeout.max = 300ms (fallback to raft.server.rpc.timeout.max)
2023-03-17 00:24:55,228 [s0@group-7CD1EA773A0D-FollowerState] INFO  server.RaftServerConfigKeys (ConfUtils.java:logFallback(53)) - raft.server.rpc.first-election.timeout.min = 150ms (fallback to raft.server.rpc.timeout.min)
2023-03-17 00:24:55,228 [s0@group-7CD1EA773A0D-FollowerState] INFO  server.RaftServerConfigKeys (ConfUtils.java:logFallback(53)) - raft.server.rpc.first-election.timeout.max = 300ms (fallback to raft.server.rpc.timeout.max)
2023-03-17 00:24:55,228 [grpc-default-executor-0] INFO  server.RaftServer$Division (RaftServerImpl.java:requestVote(1336)) - s2@group-7CD1EA773A0D replies to ELECTION vote request: s1<-s2#0:OK-t1. Peer's state: s2@group-7CD1EA773A0D:t1, leader=null, voted=s1, raftlog=Memoized:s2@group-7CD1EA773A0D-SegmentedRaftLog:OPENED:c-1, conf=-1: peers:[s0|rpc:localhost:42303|admin:localhost:39619|client:localhost:33117|dataStream:localhost:43417|priority:0|startupRole:FOLLOWER, s1|rpc:localhost:45261|admin:localhost:35185|client:localhost:34351|dataStream:localhost:33675|priority:0|startupRole:FOLLOWER, s2|rpc:localhost:46431|admin:localhost:39719|client:localhost:40163|dataStream:localhost:45865|priority:0|startupRole:FOLLOWER]|listeners:[], old=null
2023-03-17 00:24:55,228 [s1@group-7CD1EA773A0D-LeaderElection36] INFO  impl.LeaderElection (LeaderElection.java:logAndReturn(89)) - s1@group-7CD1EA773A0D-LeaderElection36: ELECTION PASSED received 1 response(s) and 0 exception(s):
2023-03-17 00:24:55,228 [s1@group-7CD1EA773A0D-LeaderElection36] INFO  impl.LeaderElection (LeaderElection.java:logAndReturn(93)) -   Response 0: s1<-s2#0:OK-t1
2023-03-17 00:24:55,229 [s1@group-7CD1EA773A0D-LeaderElection36] INFO  impl.LeaderElection (LeaderElection.java:askForVotes(322)) - s1@group-7CD1EA773A0D-LeaderElection36 ELECTION round 0: result PASSED
2023-03-17 00:24:55,229 [s1@group-7CD1EA773A0D-LeaderElection36] INFO  impl.RoleInfo (RoleInfo.java:shutdownLeaderElection(130)) - s1: shutdown s1@group-7CD1EA773A0D-LeaderElection36
2023-03-17 00:24:55,229 [grpc-default-executor-6] INFO  server.RaftServer$Division (RaftServerImpl.java:requestVote(1336)) - s0@group-7CD1EA773A0D replies to ELECTION vote request: s1<-s0#0:OK-t1. Peer's state: s0@group-7CD1EA773A0D:t1, leader=null, voted=s1, raftlog=Memoized:s0@group-7CD1EA773A0D-SegmentedRaftLog:OPENED:c-1, conf=-1: peers:[s0|rpc:localhost:42303|admin:localhost:39619|client:localhost:33117|dataStream:localhost:43417|priority:0|startupRole:FOLLOWER, s1|rpc:localhost:45261|admin:localhost:35185|client:localhost:34351|dataStream:localhost:33675|priority:0|startupRole:FOLLOWER, s2|rpc:localhost:46431|admin:localhost:39719|client:localhost:40163|dataStream:localhost:45865|priority:0|startupRole:FOLLOWER]|listeners:[], old=null
2023-03-17 00:24:55,229 [s1@group-7CD1EA773A0D-LeaderElection36] INFO  server.RaftServer$Division (RaftServerImpl.java:setRole(329)) - s1@group-7CD1EA773A0D: changes role from CANDIDATE to LEADER at term 1 for changeToLeader
2023-03-17 00:24:55,229 [s1@group-7CD1EA773A0D-LeaderElection36] INFO  server.RaftServer$Division (ServerState.java:setLeader(260)) - s1@group-7CD1EA773A0D: change Leader from null to s1 at term 1 for becomeLeader, leader elected after 184ms
2023-03-17 00:24:55,229 [s1@group-7CD1EA773A0D-LeaderElection36] INFO  server.RaftServerConfigKeys (ConfUtils.java:logGet(46)) - raft.server.staging.catchup.gap = 10 (custom)
2023-03-17 00:24:55,229 [s1@group-7CD1EA773A0D-LeaderElection36] INFO  server.RaftServerConfigKeys (ConfUtils.java:logGet(46)) - raft.server.write.element-limit = 4096 (default)
2023-03-17 00:24:55,229 [s1@group-7CD1EA773A0D-LeaderElection36] INFO  server.RaftServerConfigKeys (ConfUtils.java:logGet(46)) - raft.server.write.byte-limit = 64MB (=67108864) (default)
2023-03-17 00:24:55,229 [s1@group-7CD1EA773A0D-LeaderElection36] INFO  server.RaftServerConfigKeys (ConfUtils.java:logGet(46)) - raft.server.watch.timeout = 10s (default)
2023-03-17 00:24:55,229 [s1@group-7CD1EA773A0D-LeaderElection36] INFO  server.RaftServerConfigKeys (ConfUtils.java:logGet(46)) - raft.server.watch.timeout.denomination = 1s (default)
2023-03-17 00:24:55,229 [s1@group-7CD1EA773A0D-LeaderElection36] INFO  server.RaftServerConfigKeys (ConfUtils.java:logGet(46)) - raft.server.watch.element-limit = 65536 (default)
2023-03-17 00:24:55,229 [s1@group-7CD1EA773A0D-LeaderElection36] INFO  server.RaftServerConfigKeys (ConfUtils.java:logGet(46)) - raft.server.write.element-limit = 4096 (default)
2023-03-17 00:24:55,229 [s1@group-7CD1EA773A0D-LeaderElection36] INFO  server.RaftServerConfigKeys (ConfUtils.java:logGet(46)) - raft.server.write.follower.gap.ratio.max = -1.0 (default)
2023-03-17 00:24:55,229 [s1@group-7CD1EA773A0D-LeaderElection36] INFO  server.RaftServerConfigKeys (ConfUtils.java:logGet(46)) - raft.server.log.appender.snapshot.chunk.size.max = 16MB (=16777216) (default)
2023-03-17 00:24:55,229 [s1@group-7CD1EA773A0D-LeaderElection36] INFO  server.RaftServerConfigKeys (ConfUtils.java:logGet(46)) - raft.server.log.appender.buffer.byte-limit = 4MB (=4194304) (default)
2023-03-17 00:24:55,229 [s1@group-7CD1EA773A0D-LeaderElection36] INFO  server.RaftServerConfigKeys (ConfUtils.java:logGet(46)) - raft.server.log.appender.buffer.element-limit = 0 (default)
2023-03-17 00:24:55,229 [s1@group-7CD1EA773A0D-LeaderElection36] INFO  server.RaftServerConfigKeys (ConfUtils.java:logGet(46)) - raft.server.log.appender.wait-time.min = 10ms (default)
2023-03-17 00:24:55,229 [s1@group-7CD1EA773A0D-LeaderElection36] INFO  grpc.GrpcConfigKeys (ConfUtils.java:logGet(46)) - raft.grpc.server.leader.outstanding.appends.max = 128 (default)
2023-03-17 00:24:55,229 [s1@group-7CD1EA773A0D-LeaderElection36] INFO  server.RaftServerConfigKeys (ConfUtils.java:logGet(46)) - raft.server.rpc.request.timeout = 3000ms (default)
2023-03-17 00:24:55,229 [s1@group-7CD1EA773A0D-LeaderElection36] INFO  grpc.GrpcConfigKeys (ConfUtils.java:logGet(46)) - raft.grpc.server.install_snapshot.request.element-limit = 8 (default)
2023-03-17 00:24:55,229 [s1@group-7CD1EA773A0D-LeaderElection36] INFO  grpc.GrpcConfigKeys (ConfUtils.java:logGet(46)) - raft.grpc.server.install_snapshot.request.timeout = 3000ms (default)
2023-03-17 00:24:55,229 [s1@group-7CD1EA773A0D-LeaderElection36] INFO  server.RaftServerConfigKeys (ConfUtils.java:logGet(46)) - raft.server.log.appender.install.snapshot.enabled = true (default)
2023-03-17 00:24:55,229 [s1@group-7CD1EA773A0D-LeaderElection36] INFO  grpc.GrpcConfigKeys (ConfUtils.java:logGet(46)) - raft.grpc.server.heartbeat.channel = true (default)
2023-03-17 00:24:55,230 [s1@group-7CD1EA773A0D-LeaderElection36] INFO  server.RaftServerConfigKeys (ConfUtils.java:logGet(46)) - raft.server.log.appender.snapshot.chunk.size.max = 16MB (=16777216) (default)
2023-03-17 00:24:55,230 [s1@group-7CD1EA773A0D-LeaderElection36] INFO  server.RaftServerConfigKeys (ConfUtils.java:logGet(46)) - raft.server.log.appender.buffer.byte-limit = 4MB (=4194304) (default)
2023-03-17 00:24:55,230 [s1@group-7CD1EA773A0D-LeaderElection36] INFO  server.RaftServerConfigKeys (ConfUtils.java:logGet(46)) - raft.server.log.appender.buffer.element-limit = 0 (default)
2023-03-17 00:24:55,230 [s1@group-7CD1EA773A0D-LeaderElection36] INFO  server.RaftServerConfigKeys (ConfUtils.java:logGet(46)) - raft.server.log.appender.wait-time.min = 10ms (default)
2023-03-17 00:24:55,230 [s1@group-7CD1EA773A0D-LeaderElection36] INFO  grpc.GrpcConfigKeys (ConfUtils.java:logGet(46)) - raft.grpc.server.leader.outstanding.appends.max = 128 (default)
2023-03-17 00:24:55,230 [s1@group-7CD1EA773A0D-LeaderElection36] INFO  server.RaftServerConfigKeys (ConfUtils.java:logGet(46)) - raft.server.rpc.request.timeout = 3000ms (default)
2023-03-17 00:24:55,230 [s1@group-7CD1EA773A0D-LeaderElection36] INFO  grpc.GrpcConfigKeys (ConfUtils.java:logGet(46)) - raft.grpc.server.install_snapshot.request.element-limit = 8 (default)
2023-03-17 00:24:55,230 [s1@group-7CD1EA773A0D-LeaderElection36] INFO  grpc.GrpcConfigKeys (ConfUtils.java:logGet(46)) - raft.grpc.server.install_snapshot.request.timeout = 3000ms (default)
2023-03-17 00:24:55,230 [s1@group-7CD1EA773A0D-LeaderElection36] INFO  server.RaftServerConfigKeys (ConfUtils.java:logGet(46)) - raft.server.log.appender.install.snapshot.enabled = true (default)
2023-03-17 00:24:55,230 [s1@group-7CD1EA773A0D-LeaderElection36] INFO  grpc.GrpcConfigKeys (ConfUtils.java:logGet(46)) - raft.grpc.server.heartbeat.channel = true (default)
2023-03-17 00:24:55,230 [s1@group-7CD1EA773A0D-LeaderElection36] INFO  impl.RoleInfo (RoleInfo.java:updateAndGet(139)) - s1: start s1@group-7CD1EA773A0D-LeaderStateImpl
2023-03-17 00:24:55,230 [s1@group-7CD1EA773A0D-LeaderElection36] INFO  segmented.SegmentedRaftLogWorker (SegmentedRaftLogWorker.java:startLogSegment(426)) - s1@group-7CD1EA773A0D-SegmentedRaftLogWorker: Starting segment from index:0
2023-03-17 00:24:55,231 [s1@group-7CD1EA773A0D-LeaderElection36] INFO  server.RaftServer$Division (ServerState.java:setRaftConf(378)) - s1@group-7CD1EA773A0D: set configuration 0: peers:[s0|rpc:localhost:42303|admin:localhost:39619|client:localhost:33117|dataStream:localhost:43417|priority:0|startupRole:FOLLOWER, s1|rpc:localhost:45261|admin:localhost:35185|client:localhost:34351|dataStream:localhost:33675|priority:0|startupRole:FOLLOWER, s2|rpc:localhost:46431|admin:localhost:39719|client:localhost:40163|dataStream:localhost:45865|priority:0|startupRole:FOLLOWER]|listeners:[], old=null
2023-03-17 00:24:55,240 [s0-server-thread1] INFO  server.RaftServer$Division (ServerState.java:setLeader(260)) - s0@group-7CD1EA773A0D: change Leader from null to s1 at term 1 for appendEntries, leader elected after 201ms
2023-03-17 00:24:55,241 [s0-server-thread1] DEBUG server.RaftServer$Division (RaftServerImpl.java:logAppendEntries(1430)) - s0@group-7CD1EA773A0D: receive appendEntries(s1, 1, null, -1, true, commits:[s1:c-1, s0:c-1, s2:c-1], cId:1, entries: [(t:1, i:0), CONFIGURATIONENTRY(current:id: "s0"
address: "localhost:42303"
dataStreamAddress: "localhost:43417"
clientAddress: "localhost:33117"
adminAddress: "localhost:39619"
startupRole: FOLLOWER
,id: "s1"
address: "localhost:45261"
dataStreamAddress: "localhost:33675"
clientAddress: "localhost:34351"
adminAddress: "localhost:35185"
startupRole: FOLLOWER
,id: "s2"
address: "localhost:46431"
dataStreamAddress: "localhost:45865"
clientAddress: "localhost:40163"
adminAddress: "localhost:39719"
startupRole: FOLLOWER
, old:)]
2023-03-17 00:24:55,241 [s0-server-thread1] INFO  server.RaftServer$Division (ServerState.java:setRaftConf(378)) - s0@group-7CD1EA773A0D: set configuration 0: peers:[s0|rpc:localhost:42303|admin:localhost:39619|client:localhost:33117|dataStream:localhost:43417|priority:0|startupRole:FOLLOWER, s1|rpc:localhost:45261|admin:localhost:35185|client:localhost:34351|dataStream:localhost:33675|priority:0|startupRole:FOLLOWER, s2|rpc:localhost:46431|admin:localhost:39719|client:localhost:40163|dataStream:localhost:45865|priority:0|startupRole:FOLLOWER]|listeners:[], old=null
2023-03-17 00:24:55,242 [s0-server-thread1] INFO  segmented.SegmentedRaftLogWorker (SegmentedRaftLogWorker.java:startLogSegment(426)) - s0@group-7CD1EA773A0D-SegmentedRaftLogWorker: Starting segment from index:0
2023-03-17 00:24:55,243 [s2-server-thread1] INFO  server.RaftServer$Division (ServerState.java:setLeader(260)) - s2@group-7CD1EA773A0D: change Leader from null to s1 at term 1 for appendEntries, leader elected after 191ms
2023-03-17 00:24:55,245 [s2-server-thread2] DEBUG server.RaftServer$Division (RaftServerImpl.java:logAppendEntries(1430)) - s2@group-7CD1EA773A0D: receive appendEntries(s1, 1, null, -1, true, commits:[s1:c-1, s0:c-1, s2:c-1], cId:1, entries: [(t:1, i:0), CONFIGURATIONENTRY(current:id: "s0"
address: "localhost:42303"
dataStreamAddress: "localhost:43417"
clientAddress: "localhost:33117"
adminAddress: "localhost:39619"
startupRole: FOLLOWER
,id: "s1"
address: "localhost:45261"
dataStreamAddress: "localhost:33675"
clientAddress: "localhost:34351"
adminAddress: "localhost:35185"
startupRole: FOLLOWER
,id: "s2"
address: "localhost:46431"
dataStreamAddress: "localhost:45865"
clientAddress: "localhost:40163"
adminAddress: "localhost:39719"
startupRole: FOLLOWER
, old:)]
2023-03-17 00:24:55,246 [s2-server-thread2] INFO  server.RaftServer$Division (ServerState.java:setRaftConf(378)) - s2@group-7CD1EA773A0D: set configuration 0: peers:[s0|rpc:localhost:42303|admin:localhost:39619|client:localhost:33117|dataStream:localhost:43417|priority:0|startupRole:FOLLOWER, s1|rpc:localhost:45261|admin:localhost:35185|client:localhost:34351|dataStream:localhost:33675|priority:0|startupRole:FOLLOWER, s2|rpc:localhost:46431|admin:localhost:39719|client:localhost:40163|dataStream:localhost:45865|priority:0|startupRole:FOLLOWER]|listeners:[], old=null
2023-03-17 00:24:55,246 [s2-server-thread2] INFO  segmented.SegmentedRaftLogWorker (SegmentedRaftLogWorker.java:startLogSegment(426)) - s2@group-7CD1EA773A0D-SegmentedRaftLogWorker: Starting segment from index:0
2023-03-17 00:24:55,247 [s1@group-7CD1EA773A0D-SegmentedRaftLogWorker] INFO  segmented.SegmentedRaftLogWorker (SegmentedRaftLogWorker.java:execute(630)) - s1@group-7CD1EA773A0D-SegmentedRaftLogWorker: created new log segment /home/runner/work/ratis/ratis/ratis-test/target/test/data/ce6527c6/MiniRaftClusterWithGrpc5b4969e5/s1/44945002-fda8-4e9f-92ec-7cd1ea773a0d/current/log_inprogress_0
2023-03-17 00:24:55,255 [s0@group-7CD1EA773A0D-SegmentedRaftLogWorker] INFO  segmented.SegmentedRaftLogWorker (SegmentedRaftLogWorker.java:execute(630)) - s0@group-7CD1EA773A0D-SegmentedRaftLogWorker: created new log segment /home/runner/work/ratis/ratis/ratis-test/target/test/data/ce6527c6/MiniRaftClusterWithGrpc5b4969e5/s0/44945002-fda8-4e9f-92ec-7cd1ea773a0d/current/log_inprogress_0
2023-03-17 00:24:55,255 [s2@group-7CD1EA773A0D-SegmentedRaftLogWorker] INFO  segmented.SegmentedRaftLogWorker (SegmentedRaftLogWorker.java:execute(630)) - s2@group-7CD1EA773A0D-SegmentedRaftLogWorker: created new log segment /home/runner/work/ratis/ratis/ratis-test/target/test/data/ce6527c6/MiniRaftClusterWithGrpc5b4969e5/s2/44945002-fda8-4e9f-92ec-7cd1ea773a0d/current/log_inprogress_0
2023-03-17 00:24:55,255 [s0-server-thread2] DEBUG server.RaftServer$Division (RaftServerImpl.java:logAppendEntries(1430)) - s0@group-7CD1EA773A0D: succeeded to handle AppendEntries. Reply: s1<-s0#1:OK-t1,SUCCESS,nextIndex=1,followerCommit=-1,matchIndex=0
2023-03-17 00:24:55,263 [s2-server-thread3] DEBUG server.RaftServer$Division (RaftServerImpl.java:logAppendEntries(1430)) - s2@group-7CD1EA773A0D: succeeded to handle AppendEntries. Reply: s1<-s2#1:OK-t1,SUCCESS,nextIndex=1,followerCommit=-1,matchIndex=0
2023-03-17 00:24:55,380 [s0@group-61D7957BD671-FollowerState] INFO  impl.FollowerState (FollowerState.java:run(143)) - s0@group-61D7957BD671-FollowerState: change to CANDIDATE, lastRpcElapsedTime:280435347ns, electionTimeout:278ms
2023-03-17 00:24:55,380 [s0@group-61D7957BD671-FollowerState] INFO  impl.RoleInfo (RoleInfo.java:shutdownFollowerState(110)) - s0: shutdown s0@group-61D7957BD671-FollowerState
2023-03-17 00:24:55,380 [s0@group-61D7957BD671-FollowerState] INFO  server.RaftServer$Division (RaftServerImpl.java:setRole(329)) - s0@group-61D7957BD671: changes role from  FOLLOWER to CANDIDATE at term 0 for changeToCandidate
2023-03-17 00:24:55,380 [s0@group-61D7957BD671-FollowerState] INFO  server.RaftServerConfigKeys (ConfUtils.java:logGet(46)) - raft.server.leaderelection.pre-vote = true (default)
2023-03-17 00:24:55,380 [s0@group-61D7957BD671-FollowerState] INFO  impl.RoleInfo (RoleInfo.java:updateAndGet(139)) - s0: start s0@group-61D7957BD671-LeaderElection37
2023-03-17 00:24:55,387 [s0@group-61D7957BD671-LeaderElection37] INFO  impl.LeaderElection (LeaderElection.java:askForVotes(320)) - s0@group-61D7957BD671-LeaderElection37 PRE_VOTE round 0: submit vote requests at term 0 for -1: peers:[s0|rpc:0.0.0.0:42303|admin:0.0.0.0:39619|client:0.0.0.0:33117|dataStream:|priority:0|startupRole:FOLLOWER, s1|rpc:0.0.0.0:45261|admin:0.0.0.0:35185|client:0.0.0.0:34351|dataStream:|priority:1|startupRole:FOLLOWER, s2|rpc:0.0.0.0:46431|admin:0.0.0.0:39719|client:0.0.0.0:40163|dataStream:|priority:2|startupRole:FOLLOWER]|listeners:[], old=null
2023-03-17 00:24:55,395 [s0@group-61D7957BD671-LeaderElection37-1] INFO  server.GrpcServerProtocolClient (GrpcServerProtocolClient.java:<init>(64)) - Build channel for s1
2023-03-17 00:24:55,399 [grpc-default-executor-0] INFO  server.RaftServer$Division (RaftServerImpl.java:requestVote(1303)) - s1@group-61D7957BD671: receive requestVote(PRE_VOTE, s0, group-61D7957BD671, 0, (t:0, i:0))
2023-03-17 00:24:55,399 [grpc-default-executor-0] INFO  impl.VoteContext (VoteContext.java:log(49)) - s1@group-61D7957BD671-FOLLOWER: reject PRE_VOTE from s0: our priority 1 > candidate's priority 0
2023-03-17 00:24:55,399 [grpc-default-executor-0] INFO  server.RaftServer$Division (RaftServerImpl.java:requestVote(1336)) - s1@group-61D7957BD671 replies to PRE_VOTE vote request: s0<-s1#0:FAIL-t0. Peer's state: s1@group-61D7957BD671:t0, leader=null, voted=, raftlog=Memoized:s1@group-61D7957BD671-SegmentedRaftLog:OPENED:c-1, conf=-1: peers:[s0|rpc:0.0.0.0:42303|admin:0.0.0.0:39619|client:0.0.0.0:33117|dataStream:|priority:0|startupRole:FOLLOWER, s1|rpc:0.0.0.0:45261|admin:0.0.0.0:35185|client:0.0.0.0:34351|dataStream:|priority:1|startupRole:FOLLOWER, s2|rpc:0.0.0.0:46431|admin:0.0.0.0:39719|client:0.0.0.0:40163|dataStream:|priority:2|startupRole:FOLLOWER]|listeners:[], old=null
2023-03-17 00:24:55,402 [s0@group-61D7957BD671-LeaderElection37] INFO  server.RaftServerConfigKeys (ConfUtils.java:logFallback(53)) - raft.server.rpc.first-election.timeout.min = 150ms (fallback to raft.server.rpc.timeout.min)
2023-03-17 00:24:55,402 [s0@group-61D7957BD671-LeaderElection37] INFO  server.RaftServerConfigKeys (ConfUtils.java:logFallback(53)) - raft.server.rpc.first-election.timeout.max = 300ms (fallback to raft.server.rpc.timeout.max)
2023-03-17 00:24:55,402 [s0@group-61D7957BD671-LeaderElection37] INFO  impl.LeaderElection (LeaderElection.java:logAndReturn(89)) - s0@group-61D7957BD671-LeaderElection37: PRE_VOTE REJECTED received 1 response(s) and 0 exception(s):
2023-03-17 00:24:55,402 [s0@group-61D7957BD671-LeaderElection37] INFO  impl.LeaderElection (LeaderElection.java:logAndReturn(93)) -   Response 0: s0<-s1#0:FAIL-t0
2023-03-17 00:24:55,402 [s0@group-61D7957BD671-LeaderElection37] INFO  impl.LeaderElection (LeaderElection.java:askForVotes(322)) - s0@group-61D7957BD671-LeaderElection37 PRE_VOTE round 0: result REJECTED
2023-03-17 00:24:55,402 [s0@group-61D7957BD671-LeaderElection37] INFO  server.RaftServer$Division (RaftServerImpl.java:setRole(329)) - s0@group-61D7957BD671: changes role from CANDIDATE to FOLLOWER at term 0 for REJECTED
2023-03-17 00:24:55,402 [s0@group-61D7957BD671-LeaderElection37] INFO  impl.RoleInfo (RoleInfo.java:shutdownLeaderElection(130)) - s0: shutdown s0@group-61D7957BD671-LeaderElection37
2023-03-17 00:24:55,402 [s0@group-61D7957BD671-LeaderElection37] INFO  impl.RoleInfo (RoleInfo.java:updateAndGet(139)) - s0: start s0@group-61D7957BD671-FollowerState
2023-03-17 00:24:55,402 [s0@group-61D7957BD671-LeaderElection37-2] INFO  server.GrpcServerProtocolClient (GrpcServerProtocolClient.java:<init>(64)) - Build channel for s2
2023-03-17 00:24:55,408 [grpc-default-executor-0] INFO  server.RaftServer$Division (RaftServerImpl.java:requestVote(1303)) - s2@group-61D7957BD671: receive requestVote(PRE_VOTE, s0, group-61D7957BD671, 0, (t:0, i:0))
2023-03-17 00:24:55,408 [grpc-default-executor-0] INFO  impl.VoteContext (VoteContext.java:log(49)) - s2@group-61D7957BD671-FOLLOWER: reject PRE_VOTE from s0: our priority 2 > candidate's priority 0
2023-03-17 00:24:55,408 [grpc-default-executor-0] INFO  server.RaftServer$Division (RaftServerImpl.java:requestVote(1336)) - s2@group-61D7957BD671 replies to PRE_VOTE vote request: s0<-s2#0:FAIL-t0. Peer's state: s2@group-61D7957BD671:t0, leader=null, voted=, raftlog=Memoized:s2@group-61D7957BD671-SegmentedRaftLog:OPENED:c-1, conf=-1: peers:[s0|rpc:0.0.0.0:42303|admin:0.0.0.0:39619|client:0.0.0.0:33117|dataStream:|priority:0|startupRole:FOLLOWER, s1|rpc:0.0.0.0:45261|admin:0.0.0.0:35185|client:0.0.0.0:34351|dataStream:|priority:1|startupRole:FOLLOWER, s2|rpc:0.0.0.0:46431|admin:0.0.0.0:39719|client:0.0.0.0:40163|dataStream:|priority:2|startupRole:FOLLOWER]|listeners:[], old=null
2023-03-17 00:24:55,408 [s0@group-61D7957BD671-FollowerState] INFO  server.RaftServerConfigKeys (ConfUtils.java:logFallback(53)) - raft.server.rpc.first-election.timeout.min = 150ms (fallback to raft.server.rpc.timeout.min)
2023-03-17 00:24:55,409 [s0@group-61D7957BD671-FollowerState] INFO  server.RaftServerConfigKeys (ConfUtils.java:logFallback(53)) - raft.server.rpc.first-election.timeout.max = 300ms (fallback to raft.server.rpc.timeout.max)
2023-03-17 00:24:55,410 [s1@group-61D7957BD671-FollowerState] INFO  impl.FollowerState (FollowerState.java:run(143)) - s1@group-61D7957BD671-FollowerState: change to CANDIDATE, lastRpcElapsedTime:294731111ns, electionTimeout:294ms
2023-03-17 00:24:55,410 [s1@group-61D7957BD671-FollowerState] INFO  impl.RoleInfo (RoleInfo.java:shutdownFollowerState(110)) - s1: shutdown s1@group-61D7957BD671-FollowerState
2023-03-17 00:24:55,410 [s1@group-61D7957BD671-FollowerState] INFO  server.RaftServer$Division (RaftServerImpl.java:setRole(329)) - s1@group-61D7957BD671: changes role from  FOLLOWER to CANDIDATE at term 0 for changeToCandidate
2023-03-17 00:24:55,410 [s1@group-61D7957BD671-FollowerState] INFO  server.RaftServerConfigKeys (ConfUtils.java:logGet(46)) - raft.server.leaderelection.pre-vote = true (default)
2023-03-17 00:24:55,410 [s1@group-61D7957BD671-FollowerState] INFO  impl.RoleInfo (RoleInfo.java:updateAndGet(139)) - s1: start s1@group-61D7957BD671-LeaderElection38
2023-03-17 00:24:55,410 [s1@group-61D7957BD671-LeaderElection38] INFO  impl.LeaderElection (LeaderElection.java:askForVotes(320)) - s1@group-61D7957BD671-LeaderElection38 PRE_VOTE round 0: submit vote requests at term 0 for -1: peers:[s0|rpc:0.0.0.0:42303|admin:0.0.0.0:39619|client:0.0.0.0:33117|dataStream:|priority:0|startupRole:FOLLOWER, s1|rpc:0.0.0.0:45261|admin:0.0.0.0:35185|client:0.0.0.0:34351|dataStream:|priority:1|startupRole:FOLLOWER, s2|rpc:0.0.0.0:46431|admin:0.0.0.0:39719|client:0.0.0.0:40163|dataStream:|priority:2|startupRole:FOLLOWER]|listeners:[], old=null
2023-03-17 00:24:55,411 [grpc-default-executor-0] INFO  server.RaftServer$Division (RaftServerImpl.java:requestVote(1303)) - s0@group-61D7957BD671: receive requestVote(PRE_VOTE, s1, group-61D7957BD671, 0, (t:0, i:0))
2023-03-17 00:24:55,411 [grpc-default-executor-0] INFO  impl.VoteContext (VoteContext.java:log(49)) - s0@group-61D7957BD671-FOLLOWER: accept PRE_VOTE from s1: our priority 0 <= candidate's priority 1
2023-03-17 00:24:55,411 [grpc-default-executor-0] INFO  server.RaftServer$Division (RaftServerImpl.java:requestVote(1336)) - s0@group-61D7957BD671 replies to PRE_VOTE vote request: s1<-s0#0:OK-t0. Peer's state: s0@group-61D7957BD671:t0, leader=null, voted=, raftlog=Memoized:s0@group-61D7957BD671-SegmentedRaftLog:OPENED:c-1, conf=-1: peers:[s0|rpc:0.0.0.0:42303|admin:0.0.0.0:39619|client:0.0.0.0:33117|dataStream:|priority:0|startupRole:FOLLOWER, s1|rpc:0.0.0.0:45261|admin:0.0.0.0:35185|client:0.0.0.0:34351|dataStream:|priority:1|startupRole:FOLLOWER, s2|rpc:0.0.0.0:46431|admin:0.0.0.0:39719|client:0.0.0.0:40163|dataStream:|priority:2|startupRole:FOLLOWER]|listeners:[], old=null
2023-03-17 00:24:55,412 [s1@group-61D7957BD671-LeaderElection38] INFO  server.RaftServerConfigKeys (ConfUtils.java:logFallback(53)) - raft.server.rpc.first-election.timeout.min = 150ms (fallback to raft.server.rpc.timeout.min)
2023-03-17 00:24:55,412 [s1@group-61D7957BD671-LeaderElection38] INFO  server.RaftServerConfigKeys (ConfUtils.java:logFallback(53)) - raft.server.rpc.first-election.timeout.max = 300ms (fallback to raft.server.rpc.timeout.max)
2023-03-17 00:24:55,412 [grpc-default-executor-0] INFO  server.RaftServer$Division (RaftServerImpl.java:requestVote(1303)) - s2@group-61D7957BD671: receive requestVote(PRE_VOTE, s1, group-61D7957BD671, 0, (t:0, i:0))
2023-03-17 00:24:55,412 [grpc-default-executor-0] INFO  impl.VoteContext (VoteContext.java:log(49)) - s2@group-61D7957BD671-FOLLOWER: reject PRE_VOTE from s1: our priority 2 > candidate's priority 1
2023-03-17 00:24:55,412 [grpc-default-executor-0] INFO  server.RaftServer$Division (RaftServerImpl.java:requestVote(1336)) - s2@group-61D7957BD671 replies to PRE_VOTE vote request: s1<-s2#0:FAIL-t0. Peer's state: s2@group-61D7957BD671:t0, leader=null, voted=, raftlog=Memoized:s2@group-61D7957BD671-SegmentedRaftLog:OPENED:c-1, conf=-1: peers:[s0|rpc:0.0.0.0:42303|admin:0.0.0.0:39619|client:0.0.0.0:33117|dataStream:|priority:0|startupRole:FOLLOWER, s1|rpc:0.0.0.0:45261|admin:0.0.0.0:35185|client:0.0.0.0:34351|dataStream:|priority:1|startupRole:FOLLOWER, s2|rpc:0.0.0.0:46431|admin:0.0.0.0:39719|client:0.0.0.0:40163|dataStream:|priority:2|startupRole:FOLLOWER]|listeners:[], old=null
2023-03-17 00:24:55,413 [s1@group-61D7957BD671-LeaderElection38] INFO  impl.LeaderElection (LeaderElection.java:logAndReturn(89)) - s1@group-61D7957BD671-LeaderElection38: PRE_VOTE REJECTED received 2 response(s) and 0 exception(s):
2023-03-17 00:24:55,413 [s1@group-61D7957BD671-LeaderElection38] INFO  impl.LeaderElection (LeaderElection.java:logAndReturn(93)) -   Response 0: s1<-s0#0:OK-t0
2023-03-17 00:24:55,413 [s1@group-61D7957BD671-LeaderElection38] INFO  impl.LeaderElection (LeaderElection.java:logAndReturn(93)) -   Response 1: s1<-s2#0:FAIL-t0
2023-03-17 00:24:55,413 [s1@group-61D7957BD671-LeaderElection38] INFO  impl.LeaderElection (LeaderElection.java:askForVotes(322)) - s1@group-61D7957BD671-LeaderElection38 PRE_VOTE round 0: result REJECTED
2023-03-17 00:24:55,413 [s1@group-61D7957BD671-LeaderElection38] INFO  server.RaftServer$Division (RaftServerImpl.java:setRole(329)) - s1@group-61D7957BD671: changes role from CANDIDATE to FOLLOWER at term 0 for REJECTED
2023-03-17 00:24:55,413 [s1@group-61D7957BD671-LeaderElection38] INFO  impl.RoleInfo (RoleInfo.java:shutdownLeaderElection(130)) - s1: shutdown s1@group-61D7957BD671-LeaderElection38
2023-03-17 00:24:55,413 [s1@group-61D7957BD671-LeaderElection38] INFO  impl.RoleInfo (RoleInfo.java:updateAndGet(139)) - s1: start s1@group-61D7957BD671-FollowerState
2023-03-17 00:24:55,413 [s1@group-61D7957BD671-FollowerState] INFO  server.RaftServerConfigKeys (ConfUtils.java:logFallback(53)) - raft.server.rpc.first-election.timeout.min = 150ms (fallback to raft.server.rpc.timeout.min)
2023-03-17 00:24:55,413 [s1@group-61D7957BD671-FollowerState] INFO  server.RaftServerConfigKeys (ConfUtils.java:logFallback(53)) - raft.server.rpc.first-election.timeout.max = 300ms (fallback to raft.server.rpc.timeout.max)
2023-03-17 00:24:55,419 [s2@group-61D7957BD671-FollowerState] INFO  impl.FollowerState (FollowerState.java:run(143)) - s2@group-61D7957BD671-FollowerState: change to CANDIDATE, lastRpcElapsedTime:287917981ns, electionTimeout:283ms
2023-03-17 00:24:55,419 [s2@group-61D7957BD671-FollowerState] INFO  impl.RoleInfo (RoleInfo.java:shutdownFollowerState(110)) - s2: shutdown s2@group-61D7957BD671-FollowerState
2023-03-17 00:24:55,419 [s2@group-61D7957BD671-FollowerState] INFO  server.RaftServer$Division (RaftServerImpl.java:setRole(329)) - s2@group-61D7957BD671: changes role from  FOLLOWER to CANDIDATE at term 0 for changeToCandidate
2023-03-17 00:24:55,419 [s2@group-61D7957BD671-FollowerState] INFO  server.RaftServerConfigKeys (ConfUtils.java:logGet(46)) - raft.server.leaderelection.pre-vote = true (default)
2023-03-17 00:24:55,419 [s2@group-61D7957BD671-FollowerState] INFO  impl.RoleInfo (RoleInfo.java:updateAndGet(139)) - s2: start s2@group-61D7957BD671-LeaderElection39
2023-03-17 00:24:55,420 [s2@group-61D7957BD671-LeaderElection39] INFO  impl.LeaderElection (LeaderElection.java:askForVotes(320)) - s2@group-61D7957BD671-LeaderElection39 PRE_VOTE round 0: submit vote requests at term 0 for -1: peers:[s0|rpc:0.0.0.0:42303|admin:0.0.0.0:39619|client:0.0.0.0:33117|dataStream:|priority:0|startupRole:FOLLOWER, s1|rpc:0.0.0.0:45261|admin:0.0.0.0:35185|client:0.0.0.0:34351|dataStream:|priority:1|startupRole:FOLLOWER, s2|rpc:0.0.0.0:46431|admin:0.0.0.0:39719|client:0.0.0.0:40163|dataStream:|priority:2|startupRole:FOLLOWER]|listeners:[], old=null
2023-03-17 00:24:55,420 [s2@group-61D7957BD671-LeaderElection39-1] INFO  server.GrpcServerProtocolClient (GrpcServerProtocolClient.java:<init>(64)) - Build channel for s0
2023-03-17 00:24:55,431 [s2@group-61D7957BD671-LeaderElection39] INFO  server.RaftServerConfigKeys (ConfUtils.java:logFallback(53)) - raft.server.rpc.first-election.timeout.min = 150ms (fallback to raft.server.rpc.timeout.min)
2023-03-17 00:24:55,431 [s2@group-61D7957BD671-LeaderElection39] INFO  server.RaftServerConfigKeys (ConfUtils.java:logFallback(53)) - raft.server.rpc.first-election.timeout.max = 300ms (fallback to raft.server.rpc.timeout.max)
2023-03-17 00:24:55,432 [s2@group-61D7957BD671-LeaderElection39-2] INFO  server.GrpcServerProtocolClient (GrpcServerProtocolClient.java:<init>(64)) - Build channel for s1
2023-03-17 00:24:55,446 [grpc-default-executor-0] INFO  server.RaftServer$Division (RaftServerImpl.java:requestVote(1303)) - s1@group-61D7957BD671: receive requestVote(PRE_VOTE, s2, group-61D7957BD671, 0, (t:0, i:0))
2023-03-17 00:24:55,447 [grpc-default-executor-0] INFO  impl.VoteContext (VoteContext.java:log(49)) - s1@group-61D7957BD671-FOLLOWER: accept PRE_VOTE from s2: our priority 1 <= candidate's priority 2
2023-03-17 00:24:55,447 [grpc-default-executor-0] INFO  server.RaftServer$Division (RaftServerImpl.java:requestVote(1336)) - s1@group-61D7957BD671 replies to PRE_VOTE vote request: s2<-s1#0:OK-t0. Peer's state: s1@group-61D7957BD671:t0, leader=null, voted=, raftlog=Memoized:s1@group-61D7957BD671-SegmentedRaftLog:OPENED:c-1, conf=-1: peers:[s0|rpc:0.0.0.0:42303|admin:0.0.0.0:39619|client:0.0.0.0:33117|dataStream:|priority:0|startupRole:FOLLOWER, s1|rpc:0.0.0.0:45261|admin:0.0.0.0:35185|client:0.0.0.0:34351|dataStream:|priority:1|startupRole:FOLLOWER, s2|rpc:0.0.0.0:46431|admin:0.0.0.0:39719|client:0.0.0.0:40163|dataStream:|priority:2|startupRole:FOLLOWER]|listeners:[], old=null
2023-03-17 00:24:55,447 [s2@group-61D7957BD671-LeaderElection39] INFO  impl.LeaderElection (LeaderElection.java:logAndReturn(89)) - s2@group-61D7957BD671-LeaderElection39: PRE_VOTE PASSED received 1 response(s) and 0 exception(s):
2023-03-17 00:24:55,447 [s2@group-61D7957BD671-LeaderElection39] INFO  impl.LeaderElection (LeaderElection.java:logAndReturn(93)) -   Response 0: s2<-s1#0:OK-t0
2023-03-17 00:24:55,447 [s2@group-61D7957BD671-LeaderElection39] INFO  impl.LeaderElection (LeaderElection.java:askForVotes(322)) - s2@group-61D7957BD671-LeaderElection39 PRE_VOTE round 0: result PASSED
2023-03-17 00:24:55,448 [grpc-default-executor-0] INFO  server.RaftServer$Division (RaftServerImpl.java:requestVote(1303)) - s0@group-61D7957BD671: receive requestVote(PRE_VOTE, s2, group-61D7957BD671, 0, (t:0, i:0))
2023-03-17 00:24:55,448 [grpc-default-executor-0] INFO  impl.VoteContext (VoteContext.java:log(49)) - s0@group-61D7957BD671-FOLLOWER: accept PRE_VOTE from s2: our priority 0 <= candidate's priority 2
2023-03-17 00:24:55,449 [grpc-default-executor-0] INFO  server.RaftServer$Division (RaftServerImpl.java:requestVote(1336)) - s0@group-61D7957BD671 replies to PRE_VOTE vote request: s2<-s0#0:OK-t0. Peer's state: s0@group-61D7957BD671:t0, leader=null, voted=, raftlog=Memoized:s0@group-61D7957BD671-SegmentedRaftLog:OPENED:c-1, conf=-1: peers:[s0|rpc:0.0.0.0:42303|admin:0.0.0.0:39619|client:0.0.0.0:33117|dataStream:|priority:0|startupRole:FOLLOWER, s1|rpc:0.0.0.0:45261|admin:0.0.0.0:35185|client:0.0.0.0:34351|dataStream:|priority:1|startupRole:FOLLOWER, s2|rpc:0.0.0.0:46431|admin:0.0.0.0:39719|client:0.0.0.0:40163|dataStream:|priority:2|startupRole:FOLLOWER]|listeners:[], old=null
2023-03-17 00:24:55,449 [s2@group-61D7957BD671-LeaderElection39] INFO  impl.LeaderElection (LeaderElection.java:askForVotes(320)) - s2@group-61D7957BD671-LeaderElection39 ELECTION round 0: submit vote requests at term 1 for -1: peers:[s0|rpc:0.0.0.0:42303|admin:0.0.0.0:39619|client:0.0.0.0:33117|dataStream:|priority:0|startupRole:FOLLOWER, s1|rpc:0.0.0.0:45261|admin:0.0.0.0:35185|client:0.0.0.0:34351|dataStream:|priority:1|startupRole:FOLLOWER, s2|rpc:0.0.0.0:46431|admin:0.0.0.0:39719|client:0.0.0.0:40163|dataStream:|priority:2|startupRole:FOLLOWER]|listeners:[], old=null
2023-03-17 00:24:55,452 [grpc-default-executor-0] INFO  server.RaftServer$Division (RaftServerImpl.java:requestVote(1303)) - s0@group-61D7957BD671: receive requestVote(ELECTION, s2, group-61D7957BD671, 1, (t:0, i:0))
2023-03-17 00:24:55,452 [grpc-default-executor-0] INFO  impl.VoteContext (VoteContext.java:log(49)) - s0@group-61D7957BD671-FOLLOWER: accept ELECTION from s2: our priority 0 <= candidate's priority 2
2023-03-17 00:24:55,452 [grpc-default-executor-0] INFO  server.RaftServer$Division (RaftServerImpl.java:setRole(329)) - s0@group-61D7957BD671: changes role from  FOLLOWER to FOLLOWER at term 1 for candidate:s2
2023-03-17 00:24:55,452 [grpc-default-executor-0] INFO  impl.RoleInfo (RoleInfo.java:shutdownFollowerState(110)) - s0: shutdown s0@group-61D7957BD671-FollowerState
2023-03-17 00:24:55,452 [grpc-default-executor-0] INFO  impl.RoleInfo (RoleInfo.java:updateAndGet(139)) - s0: start s0@group-61D7957BD671-FollowerState
2023-03-17 00:24:55,453 [s2@group-61D7957BD671-LeaderElection39] INFO  server.RaftServerConfigKeys (ConfUtils.java:logFallback(53)) - raft.server.rpc.first-election.timeout.min = 150ms (fallback to raft.server.rpc.timeout.min)
2023-03-17 00:24:55,453 [s0@group-61D7957BD671-FollowerState] INFO  impl.FollowerState (FollowerState.java:run(152)) - s0@group-61D7957BD671-FollowerState was interrupted
2023-03-17 00:24:55,453 [s2@group-61D7957BD671-LeaderElection39] INFO  server.RaftServerConfigKeys (ConfUtils.java:logFallback(53)) - raft.server.rpc.first-election.timeout.max = 300ms (fallback to raft.server.rpc.timeout.max)
2023-03-17 00:24:55,456 [grpc-default-executor-6] INFO  server.RaftServer$Division (RaftServerImpl.java:requestVote(1303)) - s1@group-61D7957BD671: receive requestVote(ELECTION, s2, group-61D7957BD671, 1, (t:0, i:0))
2023-03-17 00:24:55,456 [grpc-default-executor-6] INFO  impl.VoteContext (VoteContext.java:log(49)) - s1@group-61D7957BD671-FOLLOWER: accept ELECTION from s2: our priority 1 <= candidate's priority 2
2023-03-17 00:24:55,456 [grpc-default-executor-6] INFO  server.RaftServer$Division (RaftServerImpl.java:setRole(329)) - s1@group-61D7957BD671: changes role from  FOLLOWER to FOLLOWER at term 1 for candidate:s2
2023-03-17 00:24:55,456 [grpc-default-executor-6] INFO  impl.RoleInfo (RoleInfo.java:shutdownFollowerState(110)) - s1: shutdown s1@group-61D7957BD671-FollowerState
2023-03-17 00:24:55,456 [grpc-default-executor-6] INFO  impl.RoleInfo (RoleInfo.java:updateAndGet(139)) - s1: start s1@group-61D7957BD671-FollowerState
2023-03-17 00:24:55,456 [s1@group-61D7957BD671-FollowerState] INFO  impl.FollowerState (FollowerState.java:run(152)) - s1@group-61D7957BD671-FollowerState was interrupted
2023-03-17 00:24:55,464 [s0@group-61D7957BD671-FollowerState] INFO  server.RaftServerConfigKeys (ConfUtils.java:logFallback(53)) - raft.server.rpc.first-election.timeout.min = 150ms (fallback to raft.server.rpc.timeout.min)
2023-03-17 00:24:55,464 [s0@group-61D7957BD671-FollowerState] INFO  server.RaftServerConfigKeys (ConfUtils.java:logFallback(53)) - raft.server.rpc.first-election.timeout.max = 300ms (fallback to raft.server.rpc.timeout.max)
2023-03-17 00:24:55,464 [grpc-default-executor-0] INFO  server.RaftServer$Division (RaftServerImpl.java:requestVote(1336)) - s0@group-61D7957BD671 replies to ELECTION vote request: s2<-s0#0:OK-t1. Peer's state: s0@group-61D7957BD671:t1, leader=null, voted=s2, raftlog=Memoized:s0@group-61D7957BD671-SegmentedRaftLog:OPENED:c-1, conf=-1: peers:[s0|rpc:0.0.0.0:42303|admin:0.0.0.0:39619|client:0.0.0.0:33117|dataStream:|priority:0|startupRole:FOLLOWER, s1|rpc:0.0.0.0:45261|admin:0.0.0.0:35185|client:0.0.0.0:34351|dataStream:|priority:1|startupRole:FOLLOWER, s2|rpc:0.0.0.0:46431|admin:0.0.0.0:39719|client:0.0.0.0:40163|dataStream:|priority:2|startupRole:FOLLOWER]|listeners:[], old=null
2023-03-17 00:24:55,465 [s2@group-61D7957BD671-LeaderElection39] INFO  impl.LeaderElection (LeaderElection.java:logAndReturn(89)) - s2@group-61D7957BD671-LeaderElection39: ELECTION PASSED received 1 response(s) and 0 exception(s):
2023-03-17 00:24:55,465 [s2@group-61D7957BD671-LeaderElection39] INFO  impl.LeaderElection (LeaderElection.java:logAndReturn(93)) -   Response 0: s2<-s0#0:OK-t1
2023-03-17 00:24:55,465 [s2@group-61D7957BD671-LeaderElection39] INFO  impl.LeaderElection (LeaderElection.java:askForVotes(322)) - s2@group-61D7957BD671-LeaderElection39 ELECTION round 0: result PASSED
2023-03-17 00:24:55,465 [s2@group-61D7957BD671-LeaderElection39] INFO  impl.RoleInfo (RoleInfo.java:shutdownLeaderElection(130)) - s2: shutdown s2@group-61D7957BD671-LeaderElection39
2023-03-17 00:24:55,465 [s2@group-61D7957BD671-LeaderElection39] INFO  server.RaftServer$Division (RaftServerImpl.java:setRole(329)) - s2@group-61D7957BD671: changes role from CANDIDATE to LEADER at term 1 for changeToLeader
2023-03-17 00:24:55,465 [s2@group-61D7957BD671-LeaderElection39] INFO  server.RaftServer$Division (ServerState.java:setLeader(260)) - s2@group-61D7957BD671: change Leader from null to s2 at term 1 for becomeLeader, leader elected after 338ms
2023-03-17 00:24:55,465 [s2@group-61D7957BD671-LeaderElection39] INFO  server.RaftServerConfigKeys (ConfUtils.java:logGet(46)) - raft.server.staging.catchup.gap = 10 (custom)
2023-03-17 00:24:55,465 [s2@group-61D7957BD671-LeaderElection39] INFO  server.RaftServerConfigKeys (ConfUtils.java:logGet(46)) - raft.server.write.element-limit = 4096 (default)
2023-03-17 00:24:55,465 [s2@group-61D7957BD671-LeaderElection39] INFO  server.RaftServerConfigKeys (ConfUtils.java:logGet(46)) - raft.server.write.byte-limit = 64MB (=67108864) (default)
2023-03-17 00:24:55,465 [s2@group-61D7957BD671-LeaderElection39] INFO  server.RaftServerConfigKeys (ConfUtils.java:logGet(46)) - raft.server.watch.timeout = 10s (default)
2023-03-17 00:24:55,465 [s2@group-61D7957BD671-LeaderElection39] INFO  server.RaftServerConfigKeys (ConfUtils.java:logGet(46)) - raft.server.watch.timeout.denomination = 1s (default)
2023-03-17 00:24:55,465 [s2@group-61D7957BD671-LeaderElection39] INFO  server.RaftServerConfigKeys (ConfUtils.java:logGet(46)) - raft.server.watch.element-limit = 65536 (default)
2023-03-17 00:24:55,465 [s2@group-61D7957BD671-LeaderElection39] INFO  server.RaftServerConfigKeys (ConfUtils.java:logGet(46)) - raft.server.write.element-limit = 4096 (default)
2023-03-17 00:24:55,465 [s2@group-61D7957BD671-LeaderElection39] INFO  server.RaftServerConfigKeys (ConfUtils.java:logGet(46)) - raft.server.write.follower.gap.ratio.max = -1.0 (default)
2023-03-17 00:24:55,465 [s2@group-61D7957BD671-LeaderElection39] INFO  server.RaftServerConfigKeys (ConfUtils.java:logGet(46)) - raft.server.log.appender.snapshot.chunk.size.max = 16MB (=16777216) (default)
2023-03-17 00:24:55,465 [s2@group-61D7957BD671-LeaderElection39] INFO  server.RaftServerConfigKeys (ConfUtils.java:logGet(46)) - raft.server.log.appender.buffer.byte-limit = 4MB (=4194304) (default)
2023-03-17 00:24:55,465 [s2@group-61D7957BD671-LeaderElection39] INFO  server.RaftServerConfigKeys (ConfUtils.java:logGet(46)) - raft.server.log.appender.buffer.element-limit = 0 (default)
2023-03-17 00:24:55,465 [s2@group-61D7957BD671-LeaderElection39] INFO  server.RaftServerConfigKeys (ConfUtils.java:logGet(46)) - raft.server.log.appender.wait-time.min = 10ms (default)
2023-03-17 00:24:55,465 [s2@group-61D7957BD671-LeaderElection39] INFO  grpc.GrpcConfigKeys (ConfUtils.java:logGet(46)) - raft.grpc.server.leader.outstanding.appends.max = 128 (default)
2023-03-17 00:24:55,465 [s2@group-61D7957BD671-LeaderElection39] INFO  server.RaftServerConfigKeys (ConfUtils.java:logGet(46)) - raft.server.rpc.request.timeout = 3000ms (default)
2023-03-17 00:24:55,465 [s2@group-61D7957BD671-LeaderElection39] INFO  grpc.GrpcConfigKeys (ConfUtils.java:logGet(46)) - raft.grpc.server.install_snapshot.request.element-limit = 8 (default)
2023-03-17 00:24:55,465 [s2@group-61D7957BD671-LeaderElection39] INFO  grpc.GrpcConfigKeys (ConfUtils.java:logGet(46)) - raft.grpc.server.install_snapshot.request.timeout = 3000ms (default)
2023-03-17 00:24:55,466 [s2@group-61D7957BD671-LeaderElection39] INFO  server.RaftServerConfigKeys (ConfUtils.java:logGet(46)) - raft.server.log.appender.install.snapshot.enabled = true (default)
2023-03-17 00:24:55,466 [s2@group-61D7957BD671-LeaderElection39] INFO  grpc.GrpcConfigKeys (ConfUtils.java:logGet(46)) - raft.grpc.server.heartbeat.channel = true (default)
2023-03-17 00:24:55,466 [s2@group-61D7957BD671-LeaderElection39] INFO  server.RaftServerConfigKeys (ConfUtils.java:logGet(46)) - raft.server.log.appender.snapshot.chunk.size.max = 16MB (=16777216) (default)
2023-03-17 00:24:55,466 [s2@group-61D7957BD671-LeaderElection39] INFO  server.RaftServerConfigKeys (ConfUtils.java:logGet(46)) - raft.server.log.appender.buffer.byte-limit = 4MB (=4194304) (default)
2023-03-17 00:24:55,466 [s2@group-61D7957BD671-LeaderElection39] INFO  server.RaftServerConfigKeys (ConfUtils.java:logGet(46)) - raft.server.log.appender.buffer.element-limit = 0 (default)
2023-03-17 00:24:55,466 [s2@group-61D7957BD671-LeaderElection39] INFO  server.RaftServerConfigKeys (ConfUtils.java:logGet(46)) - raft.server.log.appender.wait-time.min = 10ms (default)
2023-03-17 00:24:55,466 [s2@group-61D7957BD671-LeaderElection39] INFO  grpc.GrpcConfigKeys (ConfUtils.java:logGet(46)) - raft.grpc.server.leader.outstanding.appends.max = 128 (default)
2023-03-17 00:24:55,466 [s2@group-61D7957BD671-LeaderElection39] INFO  server.RaftServerConfigKeys (ConfUtils.java:logGet(46)) - raft.server.rpc.request.timeout = 3000ms (default)
2023-03-17 00:24:55,466 [s2@group-61D7957BD671-LeaderElection39] INFO  grpc.GrpcConfigKeys (ConfUtils.java:logGet(46)) - raft.grpc.server.install_snapshot.request.element-limit = 8 (default)
2023-03-17 00:24:55,466 [s2@group-61D7957BD671-LeaderElection39] INFO  grpc.GrpcConfigKeys (ConfUtils.java:logGet(46)) - raft.grpc.server.install_snapshot.request.timeout = 3000ms (default)
2023-03-17 00:24:55,466 [s2@group-61D7957BD671-LeaderElection39] INFO  server.RaftServerConfigKeys (ConfUtils.java:logGet(46)) - raft.server.log.appender.install.snapshot.enabled = true (default)
2023-03-17 00:24:55,466 [s2@group-61D7957BD671-LeaderElection39] INFO  grpc.GrpcConfigKeys (ConfUtils.java:logGet(46)) - raft.grpc.server.heartbeat.channel = true (default)
2023-03-17 00:24:55,466 [s2@group-61D7957BD671-LeaderElection39] INFO  impl.RoleInfo (RoleInfo.java:updateAndGet(139)) - s2: start s2@group-61D7957BD671-LeaderStateImpl
2023-03-17 00:24:55,466 [s2@group-61D7957BD671-LeaderElection39] INFO  segmented.SegmentedRaftLogWorker (SegmentedRaftLogWorker.java:startLogSegment(426)) - s2@group-61D7957BD671-SegmentedRaftLogWorker: Starting segment from index:0
2023-03-17 00:24:55,467 [s1@group-61D7957BD671-FollowerState] INFO  server.RaftServerConfigKeys (ConfUtils.java:logFallback(53)) - raft.server.rpc.first-election.timeout.min = 150ms (fallback to raft.server.rpc.timeout.min)
2023-03-17 00:24:55,467 [s1@group-61D7957BD671-FollowerState] INFO  server.RaftServerConfigKeys (ConfUtils.java:logFallback(53)) - raft.server.rpc.first-election.timeout.max = 300ms (fallback to raft.server.rpc.timeout.max)
2023-03-17 00:24:55,469 [grpc-default-executor-6] INFO  server.RaftServer$Division (RaftServerImpl.java:requestVote(1336)) - s1@group-61D7957BD671 replies to ELECTION vote request: s2<-s1#0:OK-t1. Peer's state: s1@group-61D7957BD671:t1, leader=null, voted=s2, raftlog=Memoized:s1@group-61D7957BD671-SegmentedRaftLog:OPENED:c-1, conf=-1: peers:[s0|rpc:0.0.0.0:42303|admin:0.0.0.0:39619|client:0.0.0.0:33117|dataStream:|priority:0|startupRole:FOLLOWER, s1|rpc:0.0.0.0:45261|admin:0.0.0.0:35185|client:0.0.0.0:34351|dataStream:|priority:1|startupRole:FOLLOWER, s2|rpc:0.0.0.0:46431|admin:0.0.0.0:39719|client:0.0.0.0:40163|dataStream:|priority:2|startupRole:FOLLOWER]|listeners:[], old=null
2023-03-17 00:24:55,477 [s2@group-61D7957BD671-SegmentedRaftLogWorker] INFO  segmented.SegmentedRaftLogWorker (SegmentedRaftLogWorker.java:execute(630)) - s2@group-61D7957BD671-SegmentedRaftLogWorker: created new log segment /home/runner/work/ratis/ratis/ratis-test/target/test/data/ce6527c6/MiniRaftClusterWithGrpc5b4969e5/s2/e12a0c2b-094d-4df5-9b43-61d7957bd671/current/log_inprogress_0
2023-03-17 00:24:55,491 [s2@group-61D7957BD671-LeaderElection39] INFO  server.RaftServer$Division (ServerState.java:setRaftConf(378)) - s2@group-61D7957BD671: set configuration 0: peers:[s0|rpc:0.0.0.0:42303|admin:0.0.0.0:39619|client:0.0.0.0:33117|dataStream:|priority:0|startupRole:FOLLOWER, s1|rpc:0.0.0.0:45261|admin:0.0.0.0:35185|client:0.0.0.0:34351|dataStream:|priority:1|startupRole:FOLLOWER, s2|rpc:0.0.0.0:46431|admin:0.0.0.0:39719|client:0.0.0.0:40163|dataStream:|priority:2|startupRole:FOLLOWER]|listeners:[], old=null
2023-03-17 00:24:55,492 [s0-server-thread1] INFO  server.RaftServer$Division (ServerState.java:setLeader(260)) - s0@group-61D7957BD671: change Leader from null to s2 at term 1 for appendEntries, leader elected after 398ms
2023-03-17 00:24:55,494 [s1-server-thread1] INFO  server.RaftServer$Division (ServerState.java:setLeader(260)) - s1@group-61D7957BD671: change Leader from null to s2 at term 1 for appendEntries, leader elected after 385ms
2023-03-17 00:24:55,497 [s0-server-thread2] DEBUG server.RaftServer$Division (RaftServerImpl.java:logAppendEntries(1430)) - s0@group-61D7957BD671: receive appendEntries(s2, 1, null, -1, true, commits:[s2:c-1, s0:c-1, s1:c-1], cId:1, entries: [(t:1, i:0), CONFIGURATIONENTRY(current:id: "s0"
address: "0.0.0.0:42303"
clientAddress: "0.0.0.0:33117"
adminAddress: "0.0.0.0:39619"
startupRole: FOLLOWER
,id: "s1"
address: "0.0.0.0:45261"
priority: 1
clientAddress: "0.0.0.0:34351"
adminAddress: "0.0.0.0:35185"
startupRole: FOLLOWER
,id: "s2"
address: "0.0.0.0:46431"
priority: 2
clientAddress: "0.0.0.0:40163"
adminAddress: "0.0.0.0:39719"
startupRole: FOLLOWER
, old:)]
2023-03-17 00:24:55,497 [s0-server-thread2] INFO  server.RaftServer$Division (ServerState.java:setRaftConf(378)) - s0@group-61D7957BD671: set configuration 0: peers:[s0|rpc:0.0.0.0:42303|admin:0.0.0.0:39619|client:0.0.0.0:33117|dataStream:|priority:0|startupRole:FOLLOWER, s1|rpc:0.0.0.0:45261|admin:0.0.0.0:35185|client:0.0.0.0:34351|dataStream:|priority:1|startupRole:FOLLOWER, s2|rpc:0.0.0.0:46431|admin:0.0.0.0:39719|client:0.0.0.0:40163|dataStream:|priority:2|startupRole:FOLLOWER]|listeners:[], old=null
2023-03-17 00:24:55,497 [s0-server-thread2] INFO  segmented.SegmentedRaftLogWorker (SegmentedRaftLogWorker.java:startLogSegment(426)) - s0@group-61D7957BD671-SegmentedRaftLogWorker: Starting segment from index:0
2023-03-17 00:24:55,511 [s1-server-thread2] DEBUG server.RaftServer$Division (RaftServerImpl.java:logAppendEntries(1430)) - s1@group-61D7957BD671: receive appendEntries(s2, 1, null, -1, true, commits:[s2:c-1, s0:c-1, s1:c-1], cId:1, entries: [(t:1, i:0), CONFIGURATIONENTRY(current:id: "s0"
address: "0.0.0.0:42303"
clientAddress: "0.0.0.0:33117"
adminAddress: "0.0.0.0:39619"
startupRole: FOLLOWER
,id: "s1"
address: "0.0.0.0:45261"
priority: 1
clientAddress: "0.0.0.0:34351"
adminAddress: "0.0.0.0:35185"
startupRole: FOLLOWER
,id: "s2"
address: "0.0.0.0:46431"
priority: 2
clientAddress: "0.0.0.0:40163"
adminAddress: "0.0.0.0:39719"
startupRole: FOLLOWER
, old:)]
2023-03-17 00:24:55,512 [s1-server-thread2] INFO  server.RaftServer$Division (ServerState.java:setRaftConf(378)) - s1@group-61D7957BD671: set configuration 0: peers:[s0|rpc:0.0.0.0:42303|admin:0.0.0.0:39619|client:0.0.0.0:33117|dataStream:|priority:0|startupRole:FOLLOWER, s1|rpc:0.0.0.0:45261|admin:0.0.0.0:35185|client:0.0.0.0:34351|dataStream:|priority:1|startupRole:FOLLOWER, s2|rpc:0.0.0.0:46431|admin:0.0.0.0:39719|client:0.0.0.0:40163|dataStream:|priority:2|startupRole:FOLLOWER]|listeners:[], old=null
2023-03-17 00:24:55,512 [s1-server-thread2] INFO  segmented.SegmentedRaftLogWorker (SegmentedRaftLogWorker.java:startLogSegment(426)) - s1@group-61D7957BD671-SegmentedRaftLogWorker: Starting segment from index:0
2023-03-17 00:24:55,512 [s0@group-61D7957BD671-SegmentedRaftLogWorker] INFO  segmented.SegmentedRaftLogWorker (SegmentedRaftLogWorker.java:execute(630)) - s0@group-61D7957BD671-SegmentedRaftLogWorker: created new log segment /home/runner/work/ratis/ratis/ratis-test/target/test/data/ce6527c6/MiniRaftClusterWithGrpc5b4969e5/s0/e12a0c2b-094d-4df5-9b43-61d7957bd671/current/log_inprogress_0
2023-03-17 00:24:55,527 [s0-server-thread2] DEBUG server.RaftServer$Division (RaftServerImpl.java:logAppendEntries(1430)) - s0@group-61D7957BD671: succeeded to handle AppendEntries. Reply: s2<-s0#1:OK-t1,SUCCESS,nextIndex=1,followerCommit=-1,matchIndex=0
2023-03-17 00:24:55,528 [s1@group-61D7957BD671-SegmentedRaftLogWorker] INFO  segmented.SegmentedRaftLogWorker (SegmentedRaftLogWorker.java:execute(630)) - s1@group-61D7957BD671-SegmentedRaftLogWorker: created new log segment /home/runner/work/ratis/ratis/ratis-test/target/test/data/ce6527c6/MiniRaftClusterWithGrpc5b4969e5/s1/e12a0c2b-094d-4df5-9b43-61d7957bd671/current/log_inprogress_0
2023-03-17 00:24:55,528 [s1-server-thread2] DEBUG server.RaftServer$Division (RaftServerImpl.java:logAppendEntries(1430)) - s1@group-61D7957BD671: succeeded to handle AppendEntries. Reply: s2<-s1#1:OK-t1,SUCCESS,nextIndex=1,followerCommit=-1,matchIndex=0
2023-03-17 00:24:55,598 [Time-limited test] INFO  ratis.RaftTestUtil (RaftTestUtil.java:waitForLeader(119)) - printing group-61D7957BD671
  s0:  RUNNING [
   FOLLOWER s0@group-7CD1EA773A0D:t1, leader=s1, voted=s1, raftlog=Memoized:s0@group-7CD1EA773A0D-SegmentedRaftLog:OPENED:c0, conf=0: peers:[s0|rpc:localhost:42303|admin:localhost:39619|client:localhost:33117|dataStream:localhost:43417|priority:0|startupRole:FOLLOWER, s1|rpc:localhost:45261|admin:localhost:35185|client:localhost:34351|dataStream:localhost:33675|priority:0|startupRole:FOLLOWER, s2|rpc:localhost:46431|admin:localhost:39719|client:localhost:40163|dataStream:localhost:45865|priority:0|startupRole:FOLLOWER]|listeners:[], old=null RUNNING
   FOLLOWER s0@group-61D7957BD671:t1, leader=s2, voted=s2, raftlog=Memoized:s0@group-61D7957BD671-SegmentedRaftLog:OPENED:c-1, conf=0: peers:[s0|rpc:0.0.0.0:42303|admin:0.0.0.0:39619|client:0.0.0.0:33117|dataStream:|priority:0|startupRole:FOLLOWER, s1|rpc:0.0.0.0:45261|admin:0.0.0.0:35185|client:0.0.0.0:34351|dataStream:|priority:1|startupRole:FOLLOWER, s2|rpc:0.0.0.0:46431|admin:0.0.0.0:39719|client:0.0.0.0:40163|dataStream:|priority:2|startupRole:FOLLOWER]|listeners:[], old=null RUNNING] size=2
  s1:  RUNNING [
     LEADER s1@group-7CD1EA773A0D:t1, leader=s1, voted=s1, raftlog=Memoized:s1@group-7CD1EA773A0D-SegmentedRaftLog:OPENED:c0, conf=0: peers:[s0|rpc:localhost:42303|admin:localhost:39619|client:localhost:33117|dataStream:localhost:43417|priority:0|startupRole:FOLLOWER, s1|rpc:localhost:45261|admin:localhost:35185|client:localhost:34351|dataStream:localhost:33675|priority:0|startupRole:FOLLOWER, s2|rpc:localhost:46431|admin:localhost:39719|client:localhost:40163|dataStream:localhost:45865|priority:0|startupRole:FOLLOWER]|listeners:[], old=null RUNNING
   FOLLOWER s1@group-61D7957BD671:t1, leader=s2, voted=s2, raftlog=Memoized:s1@group-61D7957BD671-SegmentedRaftLog:OPENED:c-1, conf=0: peers:[s0|rpc:0.0.0.0:42303|admin:0.0.0.0:39619|client:0.0.0.0:33117|dataStream:|priority:0|startupRole:FOLLOWER, s1|rpc:0.0.0.0:45261|admin:0.0.0.0:35185|client:0.0.0.0:34351|dataStream:|priority:1|startupRole:FOLLOWER, s2|rpc:0.0.0.0:46431|admin:0.0.0.0:39719|client:0.0.0.0:40163|dataStream:|priority:2|startupRole:FOLLOWER]|listeners:[], old=null RUNNING] size=2
  s2:  RUNNING [
   FOLLOWER s2@group-7CD1EA773A0D:t1, leader=s1, voted=s1, raftlog=Memoized:s2@group-7CD1EA773A0D-SegmentedRaftLog:OPENED:c0, conf=0: peers:[s0|rpc:localhost:42303|admin:localhost:39619|client:localhost:33117|dataStream:localhost:43417|priority:0|startupRole:FOLLOWER, s1|rpc:localhost:45261|admin:localhost:35185|client:localhost:34351|dataStream:localhost:33675|priority:0|startupRole:FOLLOWER, s2|rpc:localhost:46431|admin:localhost:39719|client:localhost:40163|dataStream:localhost:45865|priority:0|startupRole:FOLLOWER]|listeners:[], old=null RUNNING
     LEADER s2@group-61D7957BD671:t1, leader=s2, voted=s2, raftlog=Memoized:s2@group-61D7957BD671-SegmentedRaftLog:OPENED:c0, conf=0: peers:[s0|rpc:0.0.0.0:42303|admin:0.0.0.0:39619|client:0.0.0.0:33117|dataStream:|priority:0|startupRole:FOLLOWER, s1|rpc:0.0.0.0:45261|admin:0.0.0.0:35185|client:0.0.0.0:34351|dataStream:|priority:1|startupRole:FOLLOWER, s2|rpc:0.0.0.0:46431|admin:0.0.0.0:39719|client:0.0.0.0:40163|dataStream:|priority:2|startupRole:FOLLOWER]|listeners:[], old=null RUNNING] size=2
2023-03-17 00:24:55,598 [Time-limited test] INFO  impl.MiniRaftCluster (MiniRaftCluster.java:shutdown(831)) - ************************************************************** 
2023-03-17 00:24:55,598 [Time-limited test] INFO  impl.MiniRaftCluster (MiniRaftCluster.java:shutdown(832)) - *** 
2023-03-17 00:24:55,598 [Time-limited test] INFO  impl.MiniRaftCluster (MiniRaftCluster.java:shutdown(833)) - ***     Stopping MiniRaftClusterWithGrpc
2023-03-17 00:24:55,598 [Time-limited test] INFO  impl.MiniRaftCluster (MiniRaftCluster.java:shutdown(834)) - *** 
2023-03-17 00:24:55,598 [Time-limited test] INFO  impl.MiniRaftCluster (MiniRaftCluster.java:shutdown(835)) - ************************************************************** 
2023-03-17 00:24:55,598 [Time-limited test] INFO  impl.MiniRaftCluster (MiniRaftCluster.java:shutdown(836)) - printing ALL groups
  s0:  RUNNING [
   FOLLOWER s0@group-7CD1EA773A0D:t1, leader=s1, voted=s1, raftlog=Memoized:s0@group-7CD1EA773A0D-SegmentedRaftLog:OPENED:c0, conf=0: peers:[s0|rpc:localhost:42303|admin:localhost:39619|client:localhost:33117|dataStream:localhost:43417|priority:0|startupRole:FOLLOWER, s1|rpc:localhost:45261|admin:localhost:35185|client:localhost:34351|dataStream:localhost:33675|priority:0|startupRole:FOLLOWER, s2|rpc:localhost:46431|admin:localhost:39719|client:localhost:40163|dataStream:localhost:45865|priority:0|startupRole:FOLLOWER]|listeners:[], old=null RUNNING
   FOLLOWER s0@group-61D7957BD671:t1, leader=s2, voted=s2, raftlog=Memoized:s0@group-61D7957BD671-SegmentedRaftLog:OPENED:c-1, conf=0: peers:[s0|rpc:0.0.0.0:42303|admin:0.0.0.0:39619|client:0.0.0.0:33117|dataStream:|priority:0|startupRole:FOLLOWER, s1|rpc:0.0.0.0:45261|admin:0.0.0.0:35185|client:0.0.0.0:34351|dataStream:|priority:1|startupRole:FOLLOWER, s2|rpc:0.0.0.0:46431|admin:0.0.0.0:39719|client:0.0.0.0:40163|dataStream:|priority:2|startupRole:FOLLOWER]|listeners:[], old=null RUNNING] size=2
  s1:  RUNNING [
     LEADER s1@group-7CD1EA773A0D:t1, leader=s1, voted=s1, raftlog=Memoized:s1@group-7CD1EA773A0D-SegmentedRaftLog:OPENED:c0, conf=0: peers:[s0|rpc:localhost:42303|admin:localhost:39619|client:localhost:33117|dataStream:localhost:43417|priority:0|startupRole:FOLLOWER, s1|rpc:localhost:45261|admin:localhost:35185|client:localhost:34351|dataStream:localhost:33675|priority:0|startupRole:FOLLOWER, s2|rpc:localhost:46431|admin:localhost:39719|client:localhost:40163|dataStream:localhost:45865|priority:0|startupRole:FOLLOWER]|listeners:[], old=null RUNNING
   FOLLOWER s1@group-61D7957BD671:t1, leader=s2, voted=s2, raftlog=Memoized:s1@group-61D7957BD671-SegmentedRaftLog:OPENED:c-1, conf=0: peers:[s0|rpc:0.0.0.0:42303|admin:0.0.0.0:39619|client:0.0.0.0:33117|dataStream:|priority:0|startupRole:FOLLOWER, s1|rpc:0.0.0.0:45261|admin:0.0.0.0:35185|client:0.0.0.0:34351|dataStream:|priority:1|startupRole:FOLLOWER, s2|rpc:0.0.0.0:46431|admin:0.0.0.0:39719|client:0.0.0.0:40163|dataStream:|priority:2|startupRole:FOLLOWER]|listeners:[], old=null RUNNING] size=2
  s2:  RUNNING [
   FOLLOWER s2@group-7CD1EA773A0D:t1, leader=s1, voted=s1, raftlog=Memoized:s2@group-7CD1EA773A0D-SegmentedRaftLog:OPENED:c0, conf=0: peers:[s0|rpc:localhost:42303|admin:localhost:39619|client:localhost:33117|dataStream:localhost:43417|priority:0|startupRole:FOLLOWER, s1|rpc:localhost:45261|admin:localhost:35185|client:localhost:34351|dataStream:localhost:33675|priority:0|startupRole:FOLLOWER, s2|rpc:localhost:46431|admin:localhost:39719|client:localhost:40163|dataStream:localhost:45865|priority:0|startupRole:FOLLOWER]|listeners:[], old=null RUNNING
     LEADER s2@group-61D7957BD671:t1, leader=s2, voted=s2, raftlog=Memoized:s2@group-61D7957BD671-SegmentedRaftLog:OPENED:c0, conf=0: peers:[s0|rpc:0.0.0.0:42303|admin:0.0.0.0:39619|client:0.0.0.0:33117|dataStream:|priority:0|startupRole:FOLLOWER, s1|rpc:0.0.0.0:45261|admin:0.0.0.0:35185|client:0.0.0.0:34351|dataStream:|priority:1|startupRole:FOLLOWER, s2|rpc:0.0.0.0:46431|admin:0.0.0.0:39719|client:0.0.0.0:40163|dataStream:|priority:2|startupRole:FOLLOWER]|listeners:[], old=null RUNNING] size=2
2023-03-17 00:24:55,604 [MiniRaftCluster-54] INFO  server.RaftServer (RaftServerProxy.java:lambda$close$7(417)) - s0: close
2023-03-17 00:24:55,604 [s0-impl-thread1] INFO  server.RaftServer$Division (RaftServerImpl.java:lambda$close$4(466)) - s0@group-7CD1EA773A0D: shutdown
2023-03-17 00:24:55,604 [s0-impl-thread1] INFO  util.JmxRegister (JmxRegister.java:unregister(73)) - Successfully un-registered JMX Bean with object name Ratis:service=RaftServer,group=group-7CD1EA773A0D,id=s0
2023-03-17 00:24:55,604 [s0-impl-thread1] INFO  impl.RoleInfo (RoleInfo.java:shutdownFollowerState(110)) - s0: shutdown s0@group-7CD1EA773A0D-FollowerState
2023-03-17 00:24:55,604 [s0-impl-thread1] INFO  impl.StateMachineUpdater (StateMachineUpdater.java:stopAndJoin(154)) - s0@group-7CD1EA773A0D-StateMachineUpdater: set stopIndex = 0
2023-03-17 00:24:55,604 [s0@group-7CD1EA773A0D-FollowerState] INFO  impl.FollowerState (FollowerState.java:run(152)) - s0@group-7CD1EA773A0D-FollowerState was interrupted
2023-03-17 00:24:55,604 [s0-impl-thread1] INFO  server.RaftServer$Division (ServerState.java:close(414)) - s0@group-7CD1EA773A0D: applyIndex: 0
2023-03-17 00:24:55,612 [MiniRaftCluster-55] INFO  server.RaftServer (RaftServerProxy.java:lambda$close$7(417)) - s1: close
2023-03-17 00:24:55,612 [s1-impl-thread1] INFO  server.RaftServer$Division (RaftServerImpl.java:lambda$close$4(466)) - s1@group-7CD1EA773A0D: shutdown
2023-03-17 00:24:55,612 [s1-impl-thread1] INFO  util.JmxRegister (JmxRegister.java:unregister(73)) - Successfully un-registered JMX Bean with object name Ratis:service=RaftServer,group=group-7CD1EA773A0D,id=s1
2023-03-17 00:24:55,612 [s1-impl-thread1] INFO  impl.RoleInfo (RoleInfo.java:shutdownLeaderState(93)) - s1: shutdown s1@group-7CD1EA773A0D-LeaderStateImpl
2023-03-17 00:24:55,612 [s1-impl-thread1] INFO  impl.PendingRequests (PendingRequests.java:sendNotLeaderResponses(289)) - s1@group-7CD1EA773A0D-PendingRequests: sendNotLeaderResponses
2023-03-17 00:24:55,612 [s1-impl-thread1] INFO  impl.StateMachineUpdater (StateMachineUpdater.java:stopAndJoin(154)) - s1@group-7CD1EA773A0D-StateMachineUpdater: set stopIndex = 0
2023-03-17 00:24:55,612 [s1-impl-thread1] INFO  server.RaftServer$Division (ServerState.java:close(414)) - s1@group-7CD1EA773A0D: applyIndex: 0
2023-03-17 00:24:55,613 [grpc-default-executor-0] INFO  server.GrpcServerProtocolService (GrpcServerProtocolService.java:onCompleted(145)) - s0: Completed APPEND_ENTRIES, lastRequest: s1->s0#1-t1,previous=(t:0, i:0),leaderCommit=-1,initializing? true,entries: size=1, first=(t:1, i:0), CONFIGURATIONENTRY(current:id: "s0"
address: "localhost:42303"
dataStreamAddress: "localhost:43417"
clientAddress: "localhost:33117"
adminAddress: "localhost:39619"
startupRole: FOLLOWER
,id: "s1"
address: "localhost:45261"
dataStreamAddress: "localhost:33675"
clientAddress: "localhost:34351"
adminAddress: "localhost:35185"
startupRole: FOLLOWER
,id: "s2"
address: "localhost:46431"
dataStreamAddress: "localhost:45865"
clientAddress: "localhost:40163"
adminAddress: "localhost:39719"
startupRole: FOLLOWER
, old:)
2023-03-17 00:24:55,613 [grpc-default-executor-3] INFO  server.GrpcServerProtocolService (GrpcServerProtocolService.java:onCompleted(145)) - s0: Completed APPEND_ENTRIES, lastRequest: null
2023-03-17 00:24:55,613 [grpc-default-executor-7] INFO  server.GrpcLogAppender (GrpcLogAppender.java:onCompleted(422)) - s1@group-7CD1EA773A0D->s0-AppendLogResponseHandler: follower responses appendEntries COMPLETED
2023-03-17 00:24:55,614 [grpc-default-executor-7] INFO  leader.FollowerInfo (FollowerInfoImpl.java:lambda$new$0(52)) - s1@group-7CD1EA773A0D->s0: decreaseNextIndex nextIndex: updateUnconditionally 1 -> 0
2023-03-17 00:24:55,613 [MiniRaftCluster-56] INFO  server.RaftServer (RaftServerProxy.java:lambda$close$7(417)) - s2: close
2023-03-17 00:24:55,614 [s2-impl-thread1] INFO  server.RaftServer$Division (RaftServerImpl.java:lambda$close$4(466)) - s2@group-7CD1EA773A0D: shutdown
2023-03-17 00:24:55,614 [s2-impl-thread1] INFO  util.JmxRegister (JmxRegister.java:unregister(73)) - Successfully un-registered JMX Bean with object name Ratis:service=RaftServer,group=group-7CD1EA773A0D,id=s2
2023-03-17 00:24:55,614 [s2-impl-thread1] INFO  impl.RoleInfo (RoleInfo.java:shutdownFollowerState(110)) - s2: shutdown s2@group-7CD1EA773A0D-FollowerState
2023-03-17 00:24:55,614 [MiniRaftCluster-54] INFO  server.GrpcService (GrpcService.java:closeImpl(311)) - s0: shutdown server org.apache.ratis.grpc.server.GrpcClientProtocolService now
2023-03-17 00:24:55,614 [s2-impl-thread1] INFO  impl.StateMachineUpdater (StateMachineUpdater.java:stopAndJoin(154)) - s2@group-7CD1EA773A0D-StateMachineUpdater: set stopIndex = 0
2023-03-17 00:24:55,627 [grpc-default-executor-7] INFO  server.GrpcLogAppender (GrpcLogAppender.java:onCompleted(422)) - s1@group-7CD1EA773A0D->s0-AppendLogResponseHandler: follower responses appendEntries COMPLETED
2023-03-17 00:24:55,613 [s1@group-7CD1EA773A0D->s2-GrpcLogAppender-LogAppenderDaemon] ERROR leader.LogAppenderDaemon (LogAppenderDaemon.java:run(87)) - s1@group-7CD1EA773A0D->s2-GrpcLogAppender-LogAppenderDaemon failed
java.lang.IllegalStateException: s1@group-7CD1EA773A0D-SegmentedRaftLog is expected to be opened but it is CLOSED
	at org.apache.ratis.util.OpenCloseState.assertOpen(OpenCloseState.java:63)
	at org.apache.ratis.server.raftlog.RaftLogBase.checkLogState(RaftLogBase.java:111)
	at org.apache.ratis.server.raftlog.segmented.SegmentedRaftLog.getLastEntryTermIndex(SegmentedRaftLog.java:341)
	at org.apache.ratis.server.raftlog.RaftLog.getNextIndex(RaftLog.java:83)
	at org.apache.ratis.server.leader.LogAppender.hasAppendEntries(LogAppender.java:166)
	at org.apache.ratis.server.leader.LogAppender.shouldSendAppendEntries(LogAppender.java:161)
	at org.apache.ratis.server.leader.LogAppenderBase.shouldSendAppendEntries(LogAppenderBase.java:92)
	at org.apache.ratis.grpc.server.GrpcLogAppender.shouldSendAppendEntries(GrpcLogAppender.java:208)
	at org.apache.ratis.grpc.server.GrpcLogAppender.getWaitTimeMs(GrpcLogAppender.java:176)
	at org.apache.ratis.grpc.server.GrpcLogAppender.mayWait(GrpcLogAppender.java:193)
	at org.apache.ratis.grpc.server.GrpcLogAppender.run(GrpcLogAppender.java:144)
	at org.apache.ratis.server.leader.LogAppenderDaemon.run(LogAppenderDaemon.java:78)
	at java.base/java.lang.Thread.run(Thread.java:829)
Caused by: org.apache.ratis.util.OpenCloseState$CloseTrace: Close s1@group-7CD1EA773A0D-SegmentedRaftLog
	at org.apache.ratis.util.OpenCloseState.lambda$close$1(OpenCloseState.java:109)
	at java.base/java.util.concurrent.atomic.AtomicReference.getAndUpdate(AtomicReference.java:187)
	at org.apache.ratis.util.OpenCloseState.close(OpenCloseState.java:109)
	at org.apache.ratis.server.raftlog.RaftLogBase.close(RaftLogBase.java:365)
	at org.apache.ratis.server.raftlog.segmented.SegmentedRaftLog.close(SegmentedRaftLog.java:506)
	at org.apache.ratis.server.impl.ServerState.close(ServerState.java:418)
	at org.apache.ratis.server.impl.RaftServerImpl.lambda$close$4(RaftServerImpl.java:488)
	at org.apache.ratis.util.LifeCycle.lambda$checkStateAndClose$4(LifeCycle.java:299)
	at org.apache.ratis.util.LifeCycle.checkStateAndClose(LifeCycle.java:319)
	at org.apache.ratis.util.LifeCycle.checkStateAndClose(LifeCycle.java:297)
	at org.apache.ratis.server.impl.RaftServerImpl.close(RaftServerImpl.java:465)
	at org.apache.ratis.server.impl.RaftServerProxy$ImplMap.close(RaftServerProxy.java:135)
	at org.apache.ratis.server.impl.RaftServerProxy$ImplMap.lambda$close$0(RaftServerProxy.java:122)
	at org.apache.ratis.util.ConcurrentUtils.accept(ConcurrentUtils.java:188)
	at org.apache.ratis.util.ConcurrentUtils.lambda$parallelForEachAsync$4(ConcurrentUtils.java:180)
	at java.base/java.util.concurrent.ThreadPoolExecutor.runWorker(ThreadPoolExecutor.java:1128)
	at java.base/java.util.concurrent.ThreadPoolExecutor$Worker.run(ThreadPoolExecutor.java:628)
	... 1 more
2023-03-17 00:24:55,663 [MiniRaftCluster-55] INFO  server.GrpcService (GrpcService.java:closeImpl(311)) - s1: shutdown server org.apache.ratis.grpc.server.GrpcClientProtocolService now
2023-03-17 00:24:55,647 [s2-impl-thread2] INFO  server.RaftServer$Division (RaftServerImpl.java:lambda$close$4(466)) - s2@group-61D7957BD671: shutdown
2023-03-17 00:24:55,667 [s2-impl-thread2] INFO  util.JmxRegister (JmxRegister.java:unregister(73)) - Successfully un-registered JMX Bean with object name Ratis:service=RaftServer,group=group-61D7957BD671,id=s2
2023-03-17 00:24:55,667 [s2-impl-thread2] INFO  impl.RoleInfo (RoleInfo.java:shutdownLeaderState(93)) - s2: shutdown s2@group-61D7957BD671-LeaderStateImpl
2023-03-17 00:24:55,647 [MiniRaftCluster-56] INFO  server.GrpcService (GrpcService.java:closeImpl(311)) - s2: shutdown server org.apache.ratis.grpc.server.GrpcClientProtocolService now
2023-03-17 00:24:55,668 [s1-impl-thread2] INFO  server.RaftServer$Division (RaftServerImpl.java:lambda$close$4(466)) - s1@group-61D7957BD671: shutdown
2023-03-17 00:24:55,668 [s1-impl-thread2] INFO  util.JmxRegister (JmxRegister.java:unregister(73)) - Successfully un-registered JMX Bean with object name Ratis:service=RaftServer,group=group-61D7957BD671,id=s1
2023-03-17 00:24:55,668 [s1-impl-thread2] INFO  impl.RoleInfo (RoleInfo.java:shutdownFollowerState(110)) - s1: shutdown s1@group-61D7957BD671-FollowerState
2023-03-17 00:24:55,668 [s1-impl-thread2] INFO  impl.StateMachineUpdater (StateMachineUpdater.java:stopAndJoin(154)) - s1@group-61D7957BD671-StateMachineUpdater: set stopIndex = 0
2023-03-17 00:24:55,668 [s2-impl-thread2] INFO  impl.PendingRequests (PendingRequests.java:sendNotLeaderResponses(289)) - s2@group-61D7957BD671-PendingRequests: sendNotLeaderResponses
2023-03-17 00:24:55,644 [Thread-1661] INFO  server.GrpcServerProtocolClient (GrpcServerProtocolClient.java:close(102)) - s2 Close channels
2023-03-17 00:24:55,668 [s2-impl-thread2] INFO  impl.StateMachineUpdater (StateMachineUpdater.java:stopAndJoin(154)) - s2@group-61D7957BD671-StateMachineUpdater: set stopIndex = 0
2023-03-17 00:24:55,668 [s1-impl-thread2] INFO  server.RaftServer$Division (ServerState.java:close(414)) - s1@group-61D7957BD671: applyIndex: 0
2023-03-17 00:24:55,669 [s2-impl-thread2] INFO  server.RaftServer$Division (ServerState.java:close(414)) - s2@group-61D7957BD671: applyIndex: 0
2023-03-17 00:24:55,669 [s1@group-61D7957BD671-FollowerState] INFO  impl.FollowerState (FollowerState.java:run(152)) - s1@group-61D7957BD671-FollowerState was interrupted
2023-03-17 00:24:55,643 [Thread-1660] INFO  server.GrpcServerProtocolClient (GrpcServerProtocolClient.java:close(102)) - s1 Close channels
2023-03-17 00:24:55,670 [grpc-default-executor-7] INFO  server.GrpcServerProtocolService (GrpcServerProtocolService.java:onCompleted(145)) - s0: Completed APPEND_ENTRIES, lastRequest: s2->s0#1-t1,previous=(t:0, i:0),leaderCommit=-1,initializing? true,entries: size=1, first=(t:1, i:0), CONFIGURATIONENTRY(current:id: "s0"
address: "0.0.0.0:42303"
clientAddress: "0.0.0.0:33117"
adminAddress: "0.0.0.0:39619"
startupRole: FOLLOWER
,id: "s1"
address: "0.0.0.0:45261"
priority: 1
clientAddress: "0.0.0.0:34351"
adminAddress: "0.0.0.0:35185"
startupRole: FOLLOWER
,id: "s2"
address: "0.0.0.0:46431"
priority: 2
clientAddress: "0.0.0.0:40163"
adminAddress: "0.0.0.0:39719"
startupRole: FOLLOWER
, old:)
2023-03-17 00:24:55,628 [s0-impl-thread2] INFO  server.RaftServer$Division (RaftServerImpl.java:lambda$close$4(466)) - s0@group-61D7957BD671: shutdown
2023-03-17 00:24:55,628 [s2-impl-thread1] INFO  server.RaftServer$Division (ServerState.java:close(414)) - s2@group-7CD1EA773A0D: applyIndex: 0
2023-03-17 00:24:55,628 [s2@group-7CD1EA773A0D-FollowerState] INFO  impl.FollowerState (FollowerState.java:run(152)) - s2@group-7CD1EA773A0D-FollowerState was interrupted
2023-03-17 00:24:55,670 [s0-impl-thread2] INFO  util.JmxRegister (JmxRegister.java:unregister(73)) - Successfully un-registered JMX Bean with object name Ratis:service=RaftServer,group=group-61D7957BD671,id=s0
2023-03-17 00:24:55,670 [s0-impl-thread2] INFO  impl.RoleInfo (RoleInfo.java:shutdownFollowerState(110)) - s0: shutdown s0@group-61D7957BD671-FollowerState
2023-03-17 00:24:55,670 [s0-impl-thread2] INFO  impl.StateMachineUpdater (StateMachineUpdater.java:stopAndJoin(154)) - s0@group-61D7957BD671-StateMachineUpdater: set stopIndex = 0
2023-03-17 00:24:55,671 [s0@group-61D7957BD671-FollowerState] INFO  impl.FollowerState (FollowerState.java:run(152)) - s0@group-61D7957BD671-FollowerState was interrupted
2023-03-17 00:24:55,671 [grpc-default-executor-5] INFO  server.GrpcLogAppender (GrpcLogAppender.java:onCompleted(422)) - s2@group-61D7957BD671->s0-AppendLogResponseHandler: follower responses appendEntries COMPLETED
2023-03-17 00:24:55,671 [grpc-default-executor-5] INFO  leader.FollowerInfo (FollowerInfoImpl.java:lambda$new$0(52)) - s2@group-61D7957BD671->s0: decreaseNextIndex nextIndex: updateUnconditionally 1 -> 0
2023-03-17 00:24:55,671 [MiniRaftCluster-54] INFO  server.GrpcService (GrpcService.java:closeImpl(320)) - s0: shutdown server org.apache.ratis.grpc.server.GrpcClientProtocolService successfully
2023-03-17 00:24:55,671 [MiniRaftCluster-54] INFO  server.GrpcService (GrpcService.java:closeImpl(311)) - s0: shutdown server GrpcServerProtocolService now
2023-03-17 00:24:55,671 [s0-impl-thread2] INFO  server.RaftServer$Division (ServerState.java:close(414)) - s0@group-61D7957BD671: applyIndex: 0
2023-03-17 00:24:55,672 [grpc-default-executor-5] WARN  server.GrpcServerProtocolService (LogUtils.java:warn(122)) - s0: APPEND_ENTRIES onError, lastRequest: null: org.apache.ratis.thirdparty.io.grpc.StatusRuntimeException: CANCELLED: client cancelled
2023-03-17 00:24:55,672 [grpc-default-executor-7] INFO  server.GrpcLogAppender (GrpcLogAppender.java:onError(411)) - s2@group-61D7957BD671->s0-GrpcLogAppender is already stopped
2023-03-17 00:24:55,675 [Thread-1662] INFO  server.GrpcServerProtocolClient (GrpcServerProtocolClient.java:close(102)) - s0 Close channels
2023-03-17 00:24:55,676 [Thread-1665] INFO  server.GrpcServerProtocolClient (GrpcServerProtocolClient.java:close(102)) - s1 Close channels
2023-03-17 00:24:55,676 [s2@group-61D7957BD671->s1-GrpcLogAppender-LogAppenderDaemon] ERROR leader.LogAppenderDaemon (LogAppenderDaemon.java:run(87)) - s2@group-61D7957BD671->s1-GrpcLogAppender-LogAppenderDaemon failed
java.lang.IllegalStateException: s2@group-61D7957BD671-SegmentedRaftLog is expected to be opened but it is CLOSED
	at org.apache.ratis.util.OpenCloseState.assertOpen(OpenCloseState.java:63)
	at org.apache.ratis.server.raftlog.RaftLogBase.checkLogState(RaftLogBase.java:111)
	at org.apache.ratis.server.raftlog.segmented.SegmentedRaftLog.getLastEntryTermIndex(SegmentedRaftLog.java:341)
	at org.apache.ratis.server.raftlog.RaftLog.getNextIndex(RaftLog.java:83)
	at org.apache.ratis.server.leader.LogAppender.hasAppendEntries(LogAppender.java:166)
	at org.apache.ratis.server.leader.LogAppender.shouldSendAppendEntries(LogAppender.java:161)
	at org.apache.ratis.server.leader.LogAppenderBase.shouldSendAppendEntries(LogAppenderBase.java:92)
	at org.apache.ratis.grpc.server.GrpcLogAppender.shouldSendAppendEntries(GrpcLogAppender.java:208)
	at org.apache.ratis.grpc.server.GrpcLogAppender.run(GrpcLogAppender.java:148)
	at org.apache.ratis.server.leader.LogAppenderDaemon.run(LogAppenderDaemon.java:78)
	at java.base/java.lang.Thread.run(Thread.java:829)
Caused by: org.apache.ratis.util.OpenCloseState$CloseTrace: Close s2@group-61D7957BD671-SegmentedRaftLog
	at org.apache.ratis.util.OpenCloseState.lambda$close$1(OpenCloseState.java:109)
	at java.base/java.util.concurrent.atomic.AtomicReference.getAndUpdate(AtomicReference.java:187)
	at org.apache.ratis.util.OpenCloseState.close(OpenCloseState.java:109)
	at org.apache.ratis.server.raftlog.RaftLogBase.close(RaftLogBase.java:365)
	at org.apache.ratis.server.raftlog.segmented.SegmentedRaftLog.close(SegmentedRaftLog.java:506)
	at org.apache.ratis.server.impl.ServerState.close(ServerState.java:418)
	at org.apache.ratis.server.impl.RaftServerImpl.lambda$close$4(RaftServerImpl.java:488)
	at org.apache.ratis.util.LifeCycle.lambda$checkStateAndClose$4(LifeCycle.java:299)
	at org.apache.ratis.util.LifeCycle.checkStateAndClose(LifeCycle.java:319)
	at org.apache.ratis.util.LifeCycle.checkStateAndClose(LifeCycle.java:297)
	at org.apache.ratis.server.impl.RaftServerImpl.close(RaftServerImpl.java:465)
	at org.apache.ratis.server.impl.RaftServerProxy$ImplMap.close(RaftServerProxy.java:135)
	at org.apache.ratis.server.impl.RaftServerProxy$ImplMap.lambda$close$0(RaftServerProxy.java:122)
	at org.apache.ratis.util.ConcurrentUtils.accept(ConcurrentUtils.java:188)
	at org.apache.ratis.util.ConcurrentUtils.lambda$parallelForEachAsync$4(ConcurrentUtils.java:180)
	at java.base/java.util.concurrent.ThreadPoolExecutor.runWorker(ThreadPoolExecutor.java:1128)
	at java.base/java.util.concurrent.ThreadPoolExecutor$Worker.run(ThreadPoolExecutor.java:628)
	... 1 more
2023-03-17 00:24:55,680 [Thread-1663] INFO  server.GrpcServerProtocolClient (GrpcServerProtocolClient.java:close(102)) - s0 Close channels
2023-03-17 00:24:55,680 [MiniRaftCluster-54] INFO  server.GrpcService (GrpcService.java:closeImpl(320)) - s0: shutdown server GrpcServerProtocolService successfully
2023-03-17 00:24:55,680 [MiniRaftCluster-54] INFO  server.GrpcService (GrpcService.java:closeImpl(311)) - s0: shutdown server org.apache.ratis.grpc.server.GrpcAdminProtocolService now
2023-03-17 00:24:55,680 [Thread-1670] INFO  server.GrpcServerProtocolClient (GrpcServerProtocolClient.java:close(102)) - s2 Close channels
2023-03-17 00:24:55,680 [MiniRaftCluster-54] INFO  server.GrpcService (GrpcService.java:closeImpl(320)) - s0: shutdown server org.apache.ratis.grpc.server.GrpcAdminProtocolService successfully
2023-03-17 00:24:56,251 [s1-impl-thread1] INFO  segmented.SegmentedRaftLogWorker (SegmentedRaftLogWorker.java:close(242)) - s1@group-7CD1EA773A0D-SegmentedRaftLogWorker close()
2023-03-17 00:24:56,256 [s0-impl-thread1] INFO  segmented.SegmentedRaftLogWorker (SegmentedRaftLogWorker.java:close(242)) - s0@group-7CD1EA773A0D-SegmentedRaftLogWorker close()
2023-03-17 00:24:56,261 [s2-impl-thread1] INFO  segmented.SegmentedRaftLogWorker (SegmentedRaftLogWorker.java:close(242)) - s2@group-7CD1EA773A0D-SegmentedRaftLogWorker close()
2023-03-17 00:24:56,479 [s2-impl-thread2] INFO  segmented.SegmentedRaftLogWorker (SegmentedRaftLogWorker.java:close(242)) - s2@group-61D7957BD671-SegmentedRaftLogWorker close()
2023-03-17 00:24:56,528 [s0-impl-thread2] INFO  segmented.SegmentedRaftLogWorker (SegmentedRaftLogWorker.java:close(242)) - s0@group-61D7957BD671-SegmentedRaftLogWorker close()
2023-03-17 00:24:56,529 [JvmPauseMonitor52] INFO  util.JvmPauseMonitor (JvmPauseMonitor.java:run(109)) - JvmPauseMonitor-s0: Stopped
2023-03-17 00:24:56,529 [s1-impl-thread2] INFO  segmented.SegmentedRaftLogWorker (SegmentedRaftLogWorker.java:close(242)) - s1@group-61D7957BD671-SegmentedRaftLogWorker close()
2023-03-17 00:24:58,676 [Thread-1665] WARN  grpc.GrpcUtil (GrpcUtil.java:shutdownManagedChannel(223)) - Timed out gracefully shutting down connection: ManagedChannelOrphanWrapper{delegate=ManagedChannelImpl{logId=6928, target=localhost:45261}}. 
2023-03-17 00:24:58,679 [grpc-default-executor-7] INFO  server.GrpcLogAppender (GrpcLogAppender.java:onError(411)) - s2@group-61D7957BD671->s1-GrpcLogAppender is already stopped
2023-03-17 00:24:58,679 [grpc-default-executor-5] WARN  server.GrpcServerProtocolService (LogUtils.java:warn(122)) - s1: APPEND_ENTRIES onError, lastRequest: null: org.apache.ratis.thirdparty.io.grpc.StatusRuntimeException: CANCELLED: client cancelled
2023-03-17 00:24:58,683 [Thread-1670] WARN  grpc.GrpcUtil (GrpcUtil.java:shutdownManagedChannel(223)) - Timed out gracefully shutting down connection: ManagedChannelOrphanWrapper{delegate=ManagedChannelImpl{logId=6882, target=localhost:46431}}. 
2023-03-17 00:24:58,684 [grpc-default-executor-5] INFO  server.GrpcLogAppender (GrpcLogAppender.java:onError(411)) - s1@group-7CD1EA773A0D->s2-GrpcLogAppender is already stopped
2023-03-17 00:24:58,684 [grpc-default-executor-7] WARN  server.GrpcServerProtocolService (LogUtils.java:warn(122)) - s2: APPEND_ENTRIES onError, lastRequest: null: org.apache.ratis.thirdparty.io.grpc.StatusRuntimeException: CANCELLED: client cancelled
2023-03-17 00:25:00,613 [Time-limited test] INFO  impl.MiniRaftCluster (MiniRaftCluster.java:shutdown(855)) - MiniRaftClusterWithGrpc shutdown completed
2023-03-17 00:25:00,613 [Time-limited test] INFO  impl.MiniRaftCluster (MiniRaftCluster.java:newRaftServer(382)) - newRaftServer: s0, group-7CD1EA773A0D:[s0|rpc:localhost:42303|admin:localhost:39619|client:localhost:33117|dataStream:localhost:43417|priority:0|startupRole:FOLLOWER, s1|rpc:localhost:45261|admin:localhost:35185|client:localhost:34351|dataStream:localhost:33675|priority:0|startupRole:FOLLOWER, s2|rpc:localhost:46431|admin:localhost:39719|client:localhost:40163|dataStream:localhost:45865|priority:0|startupRole:FOLLOWER], format? false
2023-03-17 00:25:00,614 [Time-limited test] INFO  server.RaftServer (ConfUtils.java:logGet(46)) - raft.rpc.type = GRPC (default)
2023-03-17 00:25:00,614 [Time-limited test] INFO  grpc.GrpcConfigKeys (ConfUtils.java:logFallback(53)) - raft.grpc.admin.host = null (fallback to raft.grpc.server.host)
2023-03-17 00:25:00,614 [Time-limited test] INFO  grpc.GrpcConfigKeys (ConfUtils.java:logGet(46)) - raft.grpc.admin.port = 39619 (custom)
2023-03-17 00:25:00,614 [Time-limited test] INFO  grpc.GrpcConfigKeys (ConfUtils.java:logFallback(53)) - raft.grpc.client.host = null (fallback to raft.grpc.server.host)
2023-03-17 00:25:00,614 [Time-limited test] INFO  grpc.GrpcConfigKeys (ConfUtils.java:logGet(46)) - raft.grpc.client.port = 33117 (custom)
2023-03-17 00:25:00,614 [Time-limited test] INFO  grpc.GrpcConfigKeys (ConfUtils.java:logGet(46)) - raft.grpc.server.host = null (default)
2023-03-17 00:25:00,614 [Time-limited test] INFO  grpc.GrpcConfigKeys (ConfUtils.java:logGet(46)) - raft.grpc.server.port = 42303 (custom)
2023-03-17 00:25:00,614 [Time-limited test] INFO  server.GrpcService (ConfUtils.java:logGet(46)) - raft.grpc.message.size.max = 64MB (=67108864) (default)
2023-03-17 00:25:00,614 [Time-limited test] INFO  server.RaftServerConfigKeys (ConfUtils.java:logGet(46)) - raft.server.log.appender.buffer.byte-limit = 4MB (=4194304) (default)
2023-03-17 00:25:00,614 [Time-limited test] INFO  server.GrpcService (ConfUtils.java:logGet(46)) - raft.grpc.flow.control.window = 1MB (=1048576) (default)
2023-03-17 00:25:00,614 [Time-limited test] INFO  server.RaftServerConfigKeys (ConfUtils.java:logGet(46)) - raft.server.rpc.request.timeout = 3000ms (default)
2023-03-17 00:25:00,614 [Time-limited test] INFO  grpc.GrpcConfigKeys (ConfUtils.java:logGet(46)) - raft.grpc.server.heartbeat.channel = true (default)
2023-03-17 00:25:00,614 [Time-limited test] INFO  grpc.GrpcConfigKeys (ConfUtils.java:logGet(46)) - raft.grpc.server.async.request.thread.pool.cached = true (default)
2023-03-17 00:25:00,614 [Time-limited test] INFO  grpc.GrpcConfigKeys (ConfUtils.java:logGet(46)) - raft.grpc.server.async.request.thread.pool.size = 32 (default)
2023-03-17 00:25:00,615 [Time-limited test] INFO  impl.DataStreamServerImpl (ConfUtils.java:logGet(46)) - raft.datastream.type = DISABLED (default)
2023-03-17 00:25:00,615 [Time-limited test] INFO  server.RaftServerConfigKeys (ConfUtils.java:logGet(46)) - raft.server.threadpool.proxy.cached = true (default)
2023-03-17 00:25:00,615 [Time-limited test] INFO  server.RaftServerConfigKeys (ConfUtils.java:logGet(46)) - raft.server.threadpool.proxy.size = 0 (default)
2023-03-17 00:25:00,615 [Time-limited test] INFO  server.RaftServerConfigKeys (ConfUtils.java:logGet(46)) - raft.server.rpc.slowness.timeout = 60s (default)
2023-03-17 00:25:00,615 [Time-limited test] INFO  server.RaftServerConfigKeys (ConfUtils.java:logGet(46)) - raft.server.leaderelection.leader.step-down.wait-time = 10s (default)
2023-03-17 00:25:00,616 [Time-limited test] INFO  server.RaftServerConfigKeys (ConfUtils.java:logGet(46)) - raft.server.storage.dir = [/home/runner/work/ratis/ratis/ratis-test/target/test/data/ce6527c6/MiniRaftClusterWithGrpc5b4969e5/s0] (custom)
2023-03-17 00:25:00,616 [s0-impl-thread1] INFO  server.RaftServer (RaftServerProxy.java:initGroupDir(259)) - s0: found a subdirectory /home/runner/work/ratis/ratis/ratis-test/target/test/data/ce6527c6/MiniRaftClusterWithGrpc5b4969e5/s0/44945002-fda8-4e9f-92ec-7cd1ea773a0d
2023-03-17 00:25:00,616 [s0-impl-thread1] INFO  server.RaftServer (RaftServerProxy.java:initGroupDir(259)) - s0: found a subdirectory /home/runner/work/ratis/ratis/ratis-test/target/test/data/ce6527c6/MiniRaftClusterWithGrpc5b4969e5/s0/e12a0c2b-094d-4df5-9b43-61d7957bd671
2023-03-17 00:25:00,616 [s0-impl-thread1] INFO  server.RaftServer (RaftServerProxy.java:addNew(99)) - s0: addNew group-61D7957BD671:[] returns group-61D7957BD671:java.util.concurrent.CompletableFuture@328dd85[Not completed]
2023-03-17 00:25:00,616 [Time-limited test] INFO  server.RaftServer (RaftServerProxy.java:addNew(99)) - s0: addNew group-7CD1EA773A0D:[s0|rpc:localhost:42303|admin:localhost:39619|client:localhost:33117|dataStream:localhost:43417|priority:0|startupRole:FOLLOWER, s1|rpc:localhost:45261|admin:localhost:35185|client:localhost:34351|dataStream:localhost:33675|priority:0|startupRole:FOLLOWER, s2|rpc:localhost:46431|admin:localhost:39719|client:localhost:40163|dataStream:localhost:45865|priority:0|startupRole:FOLLOWER] returns group-7CD1EA773A0D:java.util.concurrent.CompletableFuture@2d11fe0[Not completed]
2023-03-17 00:25:00,616 [s0-groupManagement] INFO  server.RaftServer$Division (RaftServerImpl.java:<init>(198)) - s0: new RaftServerImpl for group-61D7957BD671:[] with BaseStateMachine:uninitialized
2023-03-17 00:25:00,617 [Time-limited test] INFO  impl.MiniRaftCluster (MiniRaftCluster.java:newRaftServer(382)) - newRaftServer: s1, group-7CD1EA773A0D:[s0|rpc:localhost:42303|admin:localhost:39619|client:localhost:33117|dataStream:localhost:43417|priority:0|startupRole:FOLLOWER, s1|rpc:localhost:45261|admin:localhost:35185|client:localhost:34351|dataStream:localhost:33675|priority:0|startupRole:FOLLOWER, s2|rpc:localhost:46431|admin:localhost:39719|client:localhost:40163|dataStream:localhost:45865|priority:0|startupRole:FOLLOWER], format? false
2023-03-17 00:25:00,617 [s0-groupManagement] INFO  server.RaftServerConfigKeys (ConfUtils.java:logGet(46)) - raft.server.rpc.timeout.min = 150ms (default)
2023-03-17 00:25:00,617 [s0-groupManagement] INFO  server.RaftServerConfigKeys (ConfUtils.java:logGet(46)) - raft.server.rpc.timeout.max = 300ms (default)
2023-03-17 00:25:00,617 [s0-groupManagement] INFO  server.RaftServerConfigKeys (ConfUtils.java:logGet(46)) - raft.server.rpc.sleep.time = 25ms (default)
2023-03-17 00:25:00,617 [Time-limited test] INFO  server.RaftServer (ConfUtils.java:logGet(46)) - raft.rpc.type = GRPC (default)
2023-03-17 00:25:00,617 [s0-groupManagement] INFO  server.RaftServerConfigKeys (ConfUtils.java:logGet(46)) - raft.server.rpc.slowness.timeout = 60s (default)
2023-03-17 00:25:00,617 [Time-limited test] INFO  grpc.GrpcConfigKeys (ConfUtils.java:logFallback(53)) - raft.grpc.admin.host = null (fallback to raft.grpc.server.host)
2023-03-17 00:25:00,617 [s0-groupManagement] INFO  server.RaftServerConfigKeys (ConfUtils.java:logGet(46)) - raft.server.leaderelection.leader.step-down.wait-time = 10s (default)
2023-03-17 00:25:00,617 [s0-groupManagement] INFO  server.RaftServerConfigKeys (ConfUtils.java:logGet(46)) - raft.server.sleep.deviation.threshold = 300ms (default)
2023-03-17 00:25:00,617 [Time-limited test] INFO  grpc.GrpcConfigKeys (ConfUtils.java:logGet(46)) - raft.grpc.admin.port = 35185 (custom)
2023-03-17 00:25:00,617 [s0-groupManagement] INFO  server.RaftServer$Division (ServerState.java:<init>(113)) - s0@group-61D7957BD671: ConfigurationManager, init=-1: peers:[]|listeners:[], old=null, confs=<EMPTY_MAP>
2023-03-17 00:25:00,617 [Time-limited test] INFO  grpc.GrpcConfigKeys (ConfUtils.java:logFallback(53)) - raft.grpc.client.host = null (fallback to raft.grpc.server.host)
2023-03-17 00:25:00,617 [s0-groupManagement] INFO  server.RaftServerConfigKeys (ConfUtils.java:logGet(46)) - raft.server.notification.no-leader.timeout = 60s (default)
2023-03-17 00:25:00,617 [s0-groupManagement] INFO  server.RaftServerConfigKeys (ConfUtils.java:logGet(46)) - raft.server.read.timeout = 10s (default)
2023-03-17 00:25:00,617 [Time-limited test] INFO  grpc.GrpcConfigKeys (ConfUtils.java:logGet(46)) - raft.grpc.client.port = 34351 (custom)
2023-03-17 00:25:00,617 [Time-limited test] INFO  grpc.GrpcConfigKeys (ConfUtils.java:logGet(46)) - raft.grpc.server.host = null (default)
2023-03-17 00:25:00,617 [Time-limited test] INFO  grpc.GrpcConfigKeys (ConfUtils.java:logGet(46)) - raft.grpc.server.port = 45261 (custom)
2023-03-17 00:25:00,617 [s0-groupManagement] INFO  server.RaftServerConfigKeys (ConfUtils.java:logGet(46)) - raft.server.retrycache.expirytime = 60s (default)
2023-03-17 00:25:00,618 [s0-groupManagement] INFO  server.RaftServerConfigKeys (ConfUtils.java:logGet(46)) - raft.server.retrycache.statistics.expirytime = 100μs (default)
2023-03-17 00:25:00,617 [Time-limited test] INFO  server.GrpcService (ConfUtils.java:logGet(46)) - raft.grpc.message.size.max = 64MB (=67108864) (default)
2023-03-17 00:25:00,618 [Time-limited test] INFO  server.RaftServerConfigKeys (ConfUtils.java:logGet(46)) - raft.server.log.appender.buffer.byte-limit = 4MB (=4194304) (default)
2023-03-17 00:25:00,618 [Time-limited test] INFO  server.GrpcService (ConfUtils.java:logGet(46)) - raft.grpc.flow.control.window = 1MB (=1048576) (default)
2023-03-17 00:25:00,618 [Time-limited test] INFO  server.RaftServerConfigKeys (ConfUtils.java:logGet(46)) - raft.server.rpc.request.timeout = 3000ms (default)
2023-03-17 00:25:00,618 [Time-limited test] INFO  grpc.GrpcConfigKeys (ConfUtils.java:logGet(46)) - raft.grpc.server.heartbeat.channel = true (default)
2023-03-17 00:25:00,618 [s0-groupManagement] INFO  server.RaftServerConfigKeys (ConfUtils.java:logGet(46)) - raft.server.read.option = DEFAULT (default)
2023-03-17 00:25:00,618 [Time-limited test] INFO  grpc.GrpcConfigKeys (ConfUtils.java:logGet(46)) - raft.grpc.server.async.request.thread.pool.cached = true (default)
2023-03-17 00:25:00,618 [Time-limited test] INFO  grpc.GrpcConfigKeys (ConfUtils.java:logGet(46)) - raft.grpc.server.async.request.thread.pool.size = 32 (default)
2023-03-17 00:25:00,618 [s0-groupManagement] INFO  server.RaftServerConfigKeys (ConfUtils.java:logGet(46)) - raft.server.log.appender.install.snapshot.enabled = true (default)
2023-03-17 00:25:00,618 [s0-groupManagement] INFO  server.RaftServerConfigKeys (ConfUtils.java:logGet(46)) - raft.server.threadpool.server.cached = true (default)
2023-03-17 00:25:00,618 [s0-groupManagement] INFO  server.RaftServerConfigKeys (ConfUtils.java:logGet(46)) - raft.server.threadpool.server.size = 0 (default)
2023-03-17 00:25:00,618 [s0-groupManagement] INFO  server.RaftServerConfigKeys (ConfUtils.java:logGet(46)) - raft.server.threadpool.client.cached = true (default)
2023-03-17 00:25:00,618 [s0-groupManagement] INFO  server.RaftServerConfigKeys (ConfUtils.java:logGet(46)) - raft.server.threadpool.client.size = 0 (default)
2023-03-17 00:25:00,618 [s0-groupManagement] INFO  server.RaftServer$Division (RaftServerImpl.java:<init>(198)) - s0: new RaftServerImpl for group-7CD1EA773A0D:[s0|rpc:localhost:42303|admin:localhost:39619|client:localhost:33117|dataStream:localhost:43417|priority:0|startupRole:FOLLOWER, s1|rpc:localhost:45261|admin:localhost:35185|client:localhost:34351|dataStream:localhost:33675|priority:0|startupRole:FOLLOWER, s2|rpc:localhost:46431|admin:localhost:39719|client:localhost:40163|dataStream:localhost:45865|priority:0|startupRole:FOLLOWER] with BaseStateMachine:uninitialized
2023-03-17 00:25:00,619 [s0-groupManagement] INFO  server.RaftServerConfigKeys (ConfUtils.java:logGet(46)) - raft.server.rpc.timeout.min = 150ms (default)
2023-03-17 00:25:00,619 [s0-groupManagement] INFO  server.RaftServerConfigKeys (ConfUtils.java:logGet(46)) - raft.server.rpc.timeout.max = 300ms (default)
2023-03-17 00:25:00,619 [s0-groupManagement] INFO  server.RaftServerConfigKeys (ConfUtils.java:logGet(46)) - raft.server.rpc.sleep.time = 25ms (default)
2023-03-17 00:25:00,619 [s0-groupManagement] INFO  server.RaftServerConfigKeys (ConfUtils.java:logGet(46)) - raft.server.rpc.slowness.timeout = 60s (default)
2023-03-17 00:25:00,619 [s0-groupManagement] INFO  server.RaftServerConfigKeys (ConfUtils.java:logGet(46)) - raft.server.leaderelection.leader.step-down.wait-time = 10s (default)
2023-03-17 00:25:00,619 [s0-groupManagement] INFO  server.RaftServerConfigKeys (ConfUtils.java:logGet(46)) - raft.server.sleep.deviation.threshold = 300ms (default)
2023-03-17 00:25:00,619 [Time-limited test] INFO  impl.DataStreamServerImpl (ConfUtils.java:logGet(46)) - raft.datastream.type = DISABLED (default)
2023-03-17 00:25:00,619 [s0-groupManagement] INFO  server.RaftServer$Division (ServerState.java:<init>(113)) - s0@group-7CD1EA773A0D: ConfigurationManager, init=-1: peers:[s0|rpc:localhost:42303|admin:localhost:39619|client:localhost:33117|dataStream:localhost:43417|priority:0|startupRole:FOLLOWER, s1|rpc:localhost:45261|admin:localhost:35185|client:localhost:34351|dataStream:localhost:33675|priority:0|startupRole:FOLLOWER, s2|rpc:localhost:46431|admin:localhost:39719|client:localhost:40163|dataStream:localhost:45865|priority:0|startupRole:FOLLOWER]|listeners:[], old=null, confs=<EMPTY_MAP>
2023-03-17 00:25:00,619 [Time-limited test] INFO  server.RaftServerConfigKeys (ConfUtils.java:logGet(46)) - raft.server.threadpool.proxy.cached = true (default)
2023-03-17 00:25:00,619 [Time-limited test] INFO  server.RaftServerConfigKeys (ConfUtils.java:logGet(46)) - raft.server.threadpool.proxy.size = 0 (default)
2023-03-17 00:25:00,619 [s0-groupManagement] INFO  server.RaftServerConfigKeys (ConfUtils.java:logGet(46)) - raft.server.notification.no-leader.timeout = 60s (default)
2023-03-17 00:25:00,619 [s0-groupManagement] INFO  server.RaftServerConfigKeys (ConfUtils.java:logGet(46)) - raft.server.read.timeout = 10s (default)
2023-03-17 00:25:00,619 [Time-limited test] INFO  server.RaftServerConfigKeys (ConfUtils.java:logGet(46)) - raft.server.rpc.slowness.timeout = 60s (default)
2023-03-17 00:25:00,619 [s0-groupManagement] INFO  server.RaftServerConfigKeys (ConfUtils.java:logGet(46)) - raft.server.retrycache.expirytime = 60s (default)
2023-03-17 00:25:00,619 [Time-limited test] INFO  server.RaftServerConfigKeys (ConfUtils.java:logGet(46)) - raft.server.leaderelection.leader.step-down.wait-time = 10s (default)
2023-03-17 00:25:00,619 [s0-groupManagement] INFO  server.RaftServerConfigKeys (ConfUtils.java:logGet(46)) - raft.server.retrycache.statistics.expirytime = 100μs (default)
2023-03-17 00:25:00,619 [Time-limited test] INFO  server.RaftServerConfigKeys (ConfUtils.java:logGet(46)) - raft.server.storage.dir = [/home/runner/work/ratis/ratis/ratis-test/target/test/data/ce6527c6/MiniRaftClusterWithGrpc5b4969e5/s1] (custom)
2023-03-17 00:25:00,619 [s0-groupManagement] INFO  server.RaftServerConfigKeys (ConfUtils.java:logGet(46)) - raft.server.read.option = DEFAULT (default)
2023-03-17 00:25:00,620 [s1-impl-thread1] INFO  server.RaftServer (RaftServerProxy.java:initGroupDir(259)) - s1: found a subdirectory /home/runner/work/ratis/ratis/ratis-test/target/test/data/ce6527c6/MiniRaftClusterWithGrpc5b4969e5/s1/44945002-fda8-4e9f-92ec-7cd1ea773a0d
2023-03-17 00:25:00,620 [s1-impl-thread1] INFO  server.RaftServer (RaftServerProxy.java:initGroupDir(259)) - s1: found a subdirectory /home/runner/work/ratis/ratis/ratis-test/target/test/data/ce6527c6/MiniRaftClusterWithGrpc5b4969e5/s1/e12a0c2b-094d-4df5-9b43-61d7957bd671
2023-03-17 00:25:00,620 [s0-groupManagement] INFO  server.RaftServerConfigKeys (ConfUtils.java:logGet(46)) - raft.server.log.appender.install.snapshot.enabled = true (default)
2023-03-17 00:25:00,620 [s0-groupManagement] INFO  server.RaftServerConfigKeys (ConfUtils.java:logGet(46)) - raft.server.threadpool.server.cached = true (default)
2023-03-17 00:25:00,620 [s1-impl-thread1] INFO  server.RaftServer (RaftServerProxy.java:addNew(99)) - s1: addNew group-61D7957BD671:[] returns group-61D7957BD671:java.util.concurrent.CompletableFuture@2cc0f61d[Not completed]
2023-03-17 00:25:00,620 [s1-groupManagement] INFO  server.RaftServer$Division (RaftServerImpl.java:<init>(198)) - s1: new RaftServerImpl for group-61D7957BD671:[] with BaseStateMachine:uninitialized
2023-03-17 00:25:00,620 [Time-limited test] INFO  server.RaftServer (RaftServerProxy.java:addNew(99)) - s1: addNew group-7CD1EA773A0D:[s0|rpc:localhost:42303|admin:localhost:39619|client:localhost:33117|dataStream:localhost:43417|priority:0|startupRole:FOLLOWER, s1|rpc:localhost:45261|admin:localhost:35185|client:localhost:34351|dataStream:localhost:33675|priority:0|startupRole:FOLLOWER, s2|rpc:localhost:46431|admin:localhost:39719|client:localhost:40163|dataStream:localhost:45865|priority:0|startupRole:FOLLOWER] returns group-7CD1EA773A0D:java.util.concurrent.CompletableFuture@5763e00b[Not completed]
2023-03-17 00:25:00,620 [s1-groupManagement] INFO  server.RaftServerConfigKeys (ConfUtils.java:logGet(46)) - raft.server.rpc.timeout.min = 150ms (default)
2023-03-17 00:25:00,620 [Time-limited test] INFO  impl.MiniRaftCluster (MiniRaftCluster.java:newRaftServer(382)) - newRaftServer: s2, group-7CD1EA773A0D:[s0|rpc:localhost:42303|admin:localhost:39619|client:localhost:33117|dataStream:localhost:43417|priority:0|startupRole:FOLLOWER, s1|rpc:localhost:45261|admin:localhost:35185|client:localhost:34351|dataStream:localhost:33675|priority:0|startupRole:FOLLOWER, s2|rpc:localhost:46431|admin:localhost:39719|client:localhost:40163|dataStream:localhost:45865|priority:0|startupRole:FOLLOWER], format? false
2023-03-17 00:25:00,620 [s1-groupManagement] INFO  server.RaftServerConfigKeys (ConfUtils.java:logGet(46)) - raft.server.rpc.timeout.max = 300ms (default)
2023-03-17 00:25:00,620 [s1-groupManagement] INFO  server.RaftServerConfigKeys (ConfUtils.java:logGet(46)) - raft.server.rpc.sleep.time = 25ms (default)
2023-03-17 00:25:00,620 [s1-groupManagement] INFO  server.RaftServerConfigKeys (ConfUtils.java:logGet(46)) - raft.server.rpc.slowness.timeout = 60s (default)
2023-03-17 00:25:00,620 [s1-groupManagement] INFO  server.RaftServerConfigKeys (ConfUtils.java:logGet(46)) - raft.server.leaderelection.leader.step-down.wait-time = 10s (default)
2023-03-17 00:25:00,620 [s1-groupManagement] INFO  server.RaftServerConfigKeys (ConfUtils.java:logGet(46)) - raft.server.sleep.deviation.threshold = 300ms (default)
2023-03-17 00:25:00,620 [Time-limited test] INFO  server.RaftServer (ConfUtils.java:logGet(46)) - raft.rpc.type = GRPC (default)
2023-03-17 00:25:00,620 [s1-groupManagement] INFO  server.RaftServer$Division (ServerState.java:<init>(113)) - s1@group-61D7957BD671: ConfigurationManager, init=-1: peers:[]|listeners:[], old=null, confs=<EMPTY_MAP>
2023-03-17 00:25:00,620 [Time-limited test] INFO  grpc.GrpcConfigKeys (ConfUtils.java:logFallback(53)) - raft.grpc.admin.host = null (fallback to raft.grpc.server.host)
2023-03-17 00:25:00,620 [s1-groupManagement] INFO  server.RaftServerConfigKeys (ConfUtils.java:logGet(46)) - raft.server.notification.no-leader.timeout = 60s (default)
2023-03-17 00:25:00,620 [Time-limited test] INFO  grpc.GrpcConfigKeys (ConfUtils.java:logGet(46)) - raft.grpc.admin.port = 39719 (custom)
2023-03-17 00:25:00,620 [s1-groupManagement] INFO  server.RaftServerConfigKeys (ConfUtils.java:logGet(46)) - raft.server.read.timeout = 10s (default)
2023-03-17 00:25:00,620 [Time-limited test] INFO  grpc.GrpcConfigKeys (ConfUtils.java:logFallback(53)) - raft.grpc.client.host = null (fallback to raft.grpc.server.host)
2023-03-17 00:25:00,621 [Time-limited test] INFO  grpc.GrpcConfigKeys (ConfUtils.java:logGet(46)) - raft.grpc.client.port = 40163 (custom)
2023-03-17 00:25:00,621 [Time-limited test] INFO  grpc.GrpcConfigKeys (ConfUtils.java:logGet(46)) - raft.grpc.server.host = null (default)
2023-03-17 00:25:00,621 [Time-limited test] INFO  grpc.GrpcConfigKeys (ConfUtils.java:logGet(46)) - raft.grpc.server.port = 46431 (custom)
2023-03-17 00:25:00,621 [Time-limited test] INFO  server.GrpcService (ConfUtils.java:logGet(46)) - raft.grpc.message.size.max = 64MB (=67108864) (default)
2023-03-17 00:25:00,621 [Time-limited test] INFO  server.RaftServerConfigKeys (ConfUtils.java:logGet(46)) - raft.server.log.appender.buffer.byte-limit = 4MB (=4194304) (default)
2023-03-17 00:25:00,621 [Time-limited test] INFO  server.GrpcService (ConfUtils.java:logGet(46)) - raft.grpc.flow.control.window = 1MB (=1048576) (default)
2023-03-17 00:25:00,621 [Time-limited test] INFO  server.RaftServerConfigKeys (ConfUtils.java:logGet(46)) - raft.server.rpc.request.timeout = 3000ms (default)
2023-03-17 00:25:00,621 [Time-limited test] INFO  grpc.GrpcConfigKeys (ConfUtils.java:logGet(46)) - raft.grpc.server.heartbeat.channel = true (default)
2023-03-17 00:25:00,621 [Time-limited test] INFO  grpc.GrpcConfigKeys (ConfUtils.java:logGet(46)) - raft.grpc.server.async.request.thread.pool.cached = true (default)
2023-03-17 00:25:00,621 [Time-limited test] INFO  grpc.GrpcConfigKeys (ConfUtils.java:logGet(46)) - raft.grpc.server.async.request.thread.pool.size = 32 (default)
2023-03-17 00:25:00,621 [s0-groupManagement] INFO  server.RaftServerConfigKeys (ConfUtils.java:logGet(46)) - raft.server.threadpool.server.size = 0 (default)
2023-03-17 00:25:00,621 [s0-groupManagement] INFO  server.RaftServerConfigKeys (ConfUtils.java:logGet(46)) - raft.server.threadpool.client.cached = true (default)
2023-03-17 00:25:00,621 [s0-groupManagement] INFO  server.RaftServerConfigKeys (ConfUtils.java:logGet(46)) - raft.server.threadpool.client.size = 0 (default)
2023-03-17 00:25:00,622 [Time-limited test] INFO  impl.DataStreamServerImpl (ConfUtils.java:logGet(46)) - raft.datastream.type = DISABLED (default)
2023-03-17 00:25:00,622 [Time-limited test] INFO  server.RaftServerConfigKeys (ConfUtils.java:logGet(46)) - raft.server.threadpool.proxy.cached = true (default)
2023-03-17 00:25:00,622 [Time-limited test] INFO  server.RaftServerConfigKeys (ConfUtils.java:logGet(46)) - raft.server.threadpool.proxy.size = 0 (default)
2023-03-17 00:25:00,622 [Time-limited test] INFO  server.RaftServerConfigKeys (ConfUtils.java:logGet(46)) - raft.server.rpc.slowness.timeout = 60s (default)
2023-03-17 00:25:00,622 [Time-limited test] INFO  server.RaftServerConfigKeys (ConfUtils.java:logGet(46)) - raft.server.leaderelection.leader.step-down.wait-time = 10s (default)
2023-03-17 00:25:00,622 [Time-limited test] INFO  server.RaftServerConfigKeys (ConfUtils.java:logGet(46)) - raft.server.storage.dir = [/home/runner/work/ratis/ratis/ratis-test/target/test/data/ce6527c6/MiniRaftClusterWithGrpc5b4969e5/s2] (custom)
2023-03-17 00:25:00,622 [s1-groupManagement] INFO  server.RaftServerConfigKeys (ConfUtils.java:logGet(46)) - raft.server.retrycache.expirytime = 60s (default)
2023-03-17 00:25:00,622 [s1-groupManagement] INFO  server.RaftServerConfigKeys (ConfUtils.java:logGet(46)) - raft.server.retrycache.statistics.expirytime = 100μs (default)
2023-03-17 00:25:00,622 [s1-groupManagement] INFO  server.RaftServerConfigKeys (ConfUtils.java:logGet(46)) - raft.server.read.option = DEFAULT (default)
2023-03-17 00:25:00,622 [s2-impl-thread1] INFO  server.RaftServer (RaftServerProxy.java:initGroupDir(259)) - s2: found a subdirectory /home/runner/work/ratis/ratis/ratis-test/target/test/data/ce6527c6/MiniRaftClusterWithGrpc5b4969e5/s2/44945002-fda8-4e9f-92ec-7cd1ea773a0d
2023-03-17 00:25:00,622 [s2-impl-thread1] INFO  server.RaftServer (RaftServerProxy.java:initGroupDir(259)) - s2: found a subdirectory /home/runner/work/ratis/ratis/ratis-test/target/test/data/ce6527c6/MiniRaftClusterWithGrpc5b4969e5/s2/e12a0c2b-094d-4df5-9b43-61d7957bd671
2023-03-17 00:25:00,622 [s1-groupManagement] INFO  server.RaftServerConfigKeys (ConfUtils.java:logGet(46)) - raft.server.log.appender.install.snapshot.enabled = true (default)
2023-03-17 00:25:00,622 [s1-groupManagement] INFO  server.RaftServerConfigKeys (ConfUtils.java:logGet(46)) - raft.server.threadpool.server.cached = true (default)
2023-03-17 00:25:00,622 [s1-groupManagement] INFO  server.RaftServerConfigKeys (ConfUtils.java:logGet(46)) - raft.server.threadpool.server.size = 0 (default)
2023-03-17 00:25:00,623 [s1-groupManagement] INFO  server.RaftServerConfigKeys (ConfUtils.java:logGet(46)) - raft.server.threadpool.client.cached = true (default)
2023-03-17 00:25:00,623 [s1-groupManagement] INFO  server.RaftServerConfigKeys (ConfUtils.java:logGet(46)) - raft.server.threadpool.client.size = 0 (default)
2023-03-17 00:25:00,623 [s1-groupManagement] INFO  server.RaftServer$Division (RaftServerImpl.java:<init>(198)) - s1: new RaftServerImpl for group-7CD1EA773A0D:[s0|rpc:localhost:42303|admin:localhost:39619|client:localhost:33117|dataStream:localhost:43417|priority:0|startupRole:FOLLOWER, s1|rpc:localhost:45261|admin:localhost:35185|client:localhost:34351|dataStream:localhost:33675|priority:0|startupRole:FOLLOWER, s2|rpc:localhost:46431|admin:localhost:39719|client:localhost:40163|dataStream:localhost:45865|priority:0|startupRole:FOLLOWER] with BaseStateMachine:uninitialized
2023-03-17 00:25:00,623 [s1-groupManagement] INFO  server.RaftServerConfigKeys (ConfUtils.java:logGet(46)) - raft.server.rpc.timeout.min = 150ms (default)
2023-03-17 00:25:00,623 [s1-groupManagement] INFO  server.RaftServerConfigKeys (ConfUtils.java:logGet(46)) - raft.server.rpc.timeout.max = 300ms (default)
2023-03-17 00:25:00,623 [s1-groupManagement] INFO  server.RaftServerConfigKeys (ConfUtils.java:logGet(46)) - raft.server.rpc.sleep.time = 25ms (default)
2023-03-17 00:25:00,623 [s1-groupManagement] INFO  server.RaftServerConfigKeys (ConfUtils.java:logGet(46)) - raft.server.rpc.slowness.timeout = 60s (default)
2023-03-17 00:25:00,623 [s1-groupManagement] INFO  server.RaftServerConfigKeys (ConfUtils.java:logGet(46)) - raft.server.leaderelection.leader.step-down.wait-time = 10s (default)
2023-03-17 00:25:00,623 [s1-groupManagement] INFO  server.RaftServerConfigKeys (ConfUtils.java:logGet(46)) - raft.server.sleep.deviation.threshold = 300ms (default)
2023-03-17 00:25:00,623 [s1-groupManagement] INFO  server.RaftServer$Division (ServerState.java:<init>(113)) - s1@group-7CD1EA773A0D: ConfigurationManager, init=-1: peers:[s0|rpc:localhost:42303|admin:localhost:39619|client:localhost:33117|dataStream:localhost:43417|priority:0|startupRole:FOLLOWER, s1|rpc:localhost:45261|admin:localhost:35185|client:localhost:34351|dataStream:localhost:33675|priority:0|startupRole:FOLLOWER, s2|rpc:localhost:46431|admin:localhost:39719|client:localhost:40163|dataStream:localhost:45865|priority:0|startupRole:FOLLOWER]|listeners:[], old=null, confs=<EMPTY_MAP>
2023-03-17 00:25:00,623 [s1-groupManagement] INFO  server.RaftServerConfigKeys (ConfUtils.java:logGet(46)) - raft.server.notification.no-leader.timeout = 60s (default)
2023-03-17 00:25:00,623 [s1-groupManagement] INFO  server.RaftServerConfigKeys (ConfUtils.java:logGet(46)) - raft.server.read.timeout = 10s (default)
2023-03-17 00:25:00,623 [s1-groupManagement] INFO  server.RaftServerConfigKeys (ConfUtils.java:logGet(46)) - raft.server.retrycache.expirytime = 60s (default)
2023-03-17 00:25:00,623 [s1-groupManagement] INFO  server.RaftServerConfigKeys (ConfUtils.java:logGet(46)) - raft.server.retrycache.statistics.expirytime = 100μs (default)
2023-03-17 00:25:00,623 [s1-groupManagement] INFO  server.RaftServerConfigKeys (ConfUtils.java:logGet(46)) - raft.server.read.option = DEFAULT (default)
2023-03-17 00:25:00,623 [s2-impl-thread1] INFO  server.RaftServer (RaftServerProxy.java:addNew(99)) - s2: addNew group-61D7957BD671:[] returns group-61D7957BD671:java.util.concurrent.CompletableFuture@38c38d15[Not completed]
2023-03-17 00:25:00,623 [Time-limited test] INFO  server.RaftServer (RaftServerProxy.java:addNew(99)) - s2: addNew group-7CD1EA773A0D:[s0|rpc:localhost:42303|admin:localhost:39619|client:localhost:33117|dataStream:localhost:43417|priority:0|startupRole:FOLLOWER, s1|rpc:localhost:45261|admin:localhost:35185|client:localhost:34351|dataStream:localhost:33675|priority:0|startupRole:FOLLOWER, s2|rpc:localhost:46431|admin:localhost:39719|client:localhost:40163|dataStream:localhost:45865|priority:0|startupRole:FOLLOWER] returns group-7CD1EA773A0D:java.util.concurrent.CompletableFuture@2338db90[Not completed]
2023-03-17 00:25:00,623 [s2-groupManagement] INFO  server.RaftServer$Division (RaftServerImpl.java:<init>(198)) - s2: new RaftServerImpl for group-61D7957BD671:[] with BaseStateMachine:uninitialized
2023-03-17 00:25:00,624 [Time-limited test] INFO  impl.MiniRaftCluster (MiniRaftCluster.java:start(339)) - .............................................................. 
2023-03-17 00:25:00,624 [Time-limited test] INFO  impl.MiniRaftCluster (MiniRaftCluster.java:start(340)) - ... 
2023-03-17 00:25:00,624 [Time-limited test] INFO  impl.MiniRaftCluster (MiniRaftCluster.java:start(341)) - ...     Starting MiniRaftClusterWithGrpc
2023-03-17 00:25:00,624 [Time-limited test] INFO  impl.MiniRaftCluster (MiniRaftCluster.java:start(342)) - ... 
2023-03-17 00:25:00,624 [Time-limited test] INFO  impl.MiniRaftCluster (MiniRaftCluster.java:start(343)) - .............................................................. 
2023-03-17 00:25:00,624 [s2-groupManagement] INFO  server.RaftServerConfigKeys (ConfUtils.java:logGet(46)) - raft.server.rpc.timeout.min = 150ms (default)
2023-03-17 00:25:00,624 [Time-limited test] INFO  impl.MiniRaftCluster (MiniRaftCluster.java:initServers(318)) - servers = {s0=s0:      NEW [
       null s0@group-7CD1EA773A0D:t0, leader=null, voted=null, raftlog=UNINITIALIZED, conf=-1: peers:[s0|rpc:localhost:42303|admin:localhost:39619|client:localhost:33117|dataStream:localhost:43417|priority:0|startupRole:FOLLOWER, s1|rpc:localhost:45261|admin:localhost:35185|client:localhost:34351|dataStream:localhost:33675|priority:0|startupRole:FOLLOWER, s2|rpc:localhost:46431|admin:localhost:39719|client:localhost:40163|dataStream:localhost:45865|priority:0|startupRole:FOLLOWER]|listeners:[], old=null NEW
       null s0@group-61D7957BD671:t0, leader=null, voted=null, raftlog=UNINITIALIZED, conf=-1: peers:[]|listeners:[], old=null NEW] size=2, s1=s1:      NEW [
  group-7CD1EA773A0D:java.util.concurrent.CompletableFuture@5763e00b[Not completed]
       null s1@group-61D7957BD671:t0, leader=null, voted=null, raftlog=UNINITIALIZED, conf=-1: peers:[]|listeners:[], old=null NEW] size=2, s2=s2:      NEW [
  group-7CD1EA773A0D:java.util.concurrent.CompletableFuture@2338db90[Not completed]
  group-61D7957BD671:java.util.concurrent.CompletableFuture@38c38d15[Not completed]] size=2}
2023-03-17 00:25:00,624 [s2-groupManagement] INFO  server.RaftServerConfigKeys (ConfUtils.java:logGet(46)) - raft.server.rpc.timeout.max = 300ms (default)
2023-03-17 00:25:00,624 [s0-impl-thread1] INFO  server.RaftServerConfigKeys (ConfUtils.java:logGet(46)) - raft.server.storage.free-space.min = 0MB (=0) (default)
2023-03-17 00:25:00,624 [s0-impl-thread1] INFO  server.RaftServerConfigKeys (ConfUtils.java:logGet(46)) - raft.server.log.corruption.policy = EXCEPTION (default)
2023-03-17 00:25:00,624 [s0-impl-thread1] INFO  server.RaftServerConfigKeys (ConfUtils.java:logGet(46)) - raft.server.storage.dir = [/home/runner/work/ratis/ratis/ratis-test/target/test/data/ce6527c6/MiniRaftClusterWithGrpc5b4969e5/s0] (custom)
2023-03-17 00:25:00,625 [s1-groupManagement] INFO  server.RaftServerConfigKeys (ConfUtils.java:logGet(46)) - raft.server.log.appender.install.snapshot.enabled = true (default)
2023-03-17 00:25:00,625 [s1-groupManagement] INFO  server.RaftServerConfigKeys (ConfUtils.java:logGet(46)) - raft.server.threadpool.server.cached = true (default)
2023-03-17 00:25:00,625 [s1-groupManagement] INFO  server.RaftServerConfigKeys (ConfUtils.java:logGet(46)) - raft.server.threadpool.server.size = 0 (default)
2023-03-17 00:25:00,625 [s1-groupManagement] INFO  server.RaftServerConfigKeys (ConfUtils.java:logGet(46)) - raft.server.threadpool.client.cached = true (default)
2023-03-17 00:25:00,625 [s1-groupManagement] INFO  server.RaftServerConfigKeys (ConfUtils.java:logGet(46)) - raft.server.threadpool.client.size = 0 (default)
2023-03-17 00:25:00,625 [s0-impl-thread2] INFO  server.RaftServerConfigKeys (ConfUtils.java:logGet(46)) - raft.server.storage.free-space.min = 0MB (=0) (default)
2023-03-17 00:25:00,625 [s0-impl-thread2] INFO  server.RaftServerConfigKeys (ConfUtils.java:logGet(46)) - raft.server.log.corruption.policy = EXCEPTION (default)
2023-03-17 00:25:00,625 [s0-impl-thread2] INFO  server.RaftServerConfigKeys (ConfUtils.java:logGet(46)) - raft.server.storage.dir = [/home/runner/work/ratis/ratis/ratis-test/target/test/data/ce6527c6/MiniRaftClusterWithGrpc5b4969e5/s0] (custom)
2023-03-17 00:25:00,625 [s0-impl-thread1] INFO  storage.RaftStorageDirectory (RaftStorageDirectoryImpl.java:tryLock(232)) - Lock on /home/runner/work/ratis/ratis/ratis-test/target/test/data/ce6527c6/MiniRaftClusterWithGrpc5b4969e5/s0/44945002-fda8-4e9f-92ec-7cd1ea773a0d/in_use.lock acquired by nodename 10276@fv-az426-358
2023-03-17 00:25:00,626 [s0-impl-thread1] INFO  storage.RaftStorage (RaftStorageImpl.java:analyzeAndRecoverStorage(117)) - Read RaftStorageMetadata{term=1, votedFor=s1} from /home/runner/work/ratis/ratis/ratis-test/target/test/data/ce6527c6/MiniRaftClusterWithGrpc5b4969e5/s0/44945002-fda8-4e9f-92ec-7cd1ea773a0d/current/raft-meta
2023-03-17 00:25:00,627 [s0-impl-thread1] INFO  server.RaftServer$Division (ServerState.java:setRaftConf(378)) - s0@group-7CD1EA773A0D: set configuration 0: peers:[s0|rpc:localhost:42303|admin:localhost:39619|client:localhost:33117|dataStream:localhost:43417|priority:0|startupRole:FOLLOWER, s1|rpc:localhost:45261|admin:localhost:35185|client:localhost:34351|dataStream:localhost:33675|priority:0|startupRole:FOLLOWER, s2|rpc:localhost:46431|admin:localhost:39719|client:localhost:40163|dataStream:localhost:45865|priority:0|startupRole:FOLLOWER]|listeners:[], old=null
2023-03-17 00:25:00,627 [s0-impl-thread1] INFO  server.RaftServerConfigKeys (ConfUtils.java:logGet(46)) - raft.server.log.use.memory = false (default)
2023-03-17 00:25:00,627 [s0-impl-thread1] INFO  server.RaftServerConfigKeys (ConfUtils.java:logGet(46)) - raft.server.log.purge.gap = 1024 (default)
2023-03-17 00:25:00,627 [s0-impl-thread1] INFO  server.RaftServerConfigKeys (ConfUtils.java:logGet(46)) - raft.server.log.appender.buffer.byte-limit = 4MB (=4194304) (default)
2023-03-17 00:25:00,627 [s0-impl-thread1] INFO  server.RaftServerConfigKeys (ConfUtils.java:logGet(46)) - raft.server.log.statemachine.data.read.timeout = 1000ms (default)
2023-03-17 00:25:00,627 [s0-impl-thread1] INFO  server.RaftServerConfigKeys (ConfUtils.java:logGet(46)) - raft.server.log.purge.preservation.log.num = 0 (default)
2023-03-17 00:25:00,627 [s0-impl-thread1] INFO  server.RaftServerConfigKeys (ConfUtils.java:logGet(46)) - raft.server.log.segment.size.max = 8MB (=8388608) (default)
2023-03-17 00:25:00,627 [s0-impl-thread1] INFO  server.RaftServerConfigKeys (ConfUtils.java:logGet(46)) - raft.server.log.segment.cache.num.max = 6 (default)
2023-03-17 00:25:00,627 [s0-impl-thread1] INFO  server.RaftServerConfigKeys (ConfUtils.java:logGet(46)) - raft.server.log.segment.cache.size.max = 200MB (=209715200) (default)
2023-03-17 00:25:00,627 [s0-impl-thread1] INFO  server.RaftServerConfigKeys (ConfUtils.java:logGet(46)) - raft.server.log.appender.buffer.byte-limit = 4MB (=4194304) (default)
2023-03-17 00:25:00,627 [s0-impl-thread1] INFO  segmented.SegmentedRaftLogWorker (SegmentedRaftLogWorker.java:<init>(183)) - new s0@group-7CD1EA773A0D-SegmentedRaftLogWorker for RaftStorageImpl:Storage Directory /home/runner/work/ratis/ratis/ratis-test/target/test/data/ce6527c6/MiniRaftClusterWithGrpc5b4969e5/s0/44945002-fda8-4e9f-92ec-7cd1ea773a0d
2023-03-17 00:25:00,627 [s0-impl-thread1] INFO  server.RaftServerConfigKeys (ConfUtils.java:logGet(46)) - raft.server.log.queue.byte-limit = 64MB (=67108864) (default)
2023-03-17 00:25:00,627 [s0-impl-thread1] INFO  server.RaftServerConfigKeys (ConfUtils.java:logGet(46)) - raft.server.log.queue.element-limit = 4096 (default)
2023-03-17 00:25:00,627 [s0-impl-thread1] INFO  server.RaftServerConfigKeys (ConfUtils.java:logGet(46)) - raft.server.log.segment.size.max = 8MB (=8388608) (default)
2023-03-17 00:25:00,627 [s0-impl-thread1] INFO  server.RaftServerConfigKeys (ConfUtils.java:logGet(46)) - raft.server.log.preallocated.size = 4MB (=4194304) (default)
2023-03-17 00:25:00,627 [s0-impl-thread1] INFO  server.RaftServerConfigKeys (ConfUtils.java:logGet(46)) - raft.server.log.force.sync.num = 128 (default)
2023-03-17 00:25:00,627 [s0-impl-thread1] INFO  server.RaftServerConfigKeys (ConfUtils.java:logGet(46)) - raft.server.log.statemachine.data.sync = true (default)
2023-03-17 00:25:00,627 [s0-impl-thread1] INFO  server.RaftServerConfigKeys (ConfUtils.java:logGet(46)) - raft.server.log.statemachine.data.sync.timeout = 10s (default)
2023-03-17 00:25:00,627 [s0-impl-thread1] INFO  server.RaftServerConfigKeys (ConfUtils.java:logGet(46)) - raft.server.log.statemachine.data.sync.timeout.retry = -1 (default)
2023-03-17 00:25:00,628 [s0-impl-thread1] INFO  server.RaftServerConfigKeys (ConfUtils.java:logGet(46)) - raft.server.log.write.buffer.size = 64KB (=65536) (default)
2023-03-17 00:25:00,628 [s0-impl-thread1] INFO  server.RaftServerConfigKeys (ConfUtils.java:logGet(46)) - raft.server.log.appender.buffer.byte-limit = 4MB (=4194304) (default)
2023-03-17 00:25:00,628 [s0-impl-thread1] INFO  server.RaftServerConfigKeys (ConfUtils.java:logGet(46)) - raft.server.log.unsafe-flush.enabled = false (default)
2023-03-17 00:25:00,628 [s0-impl-thread1] INFO  server.RaftServerConfigKeys (ConfUtils.java:logGet(46)) - raft.server.log.async-flush.enabled = false (default)
2023-03-17 00:25:00,628 [s0-impl-thread1] INFO  server.RaftServerConfigKeys (ConfUtils.java:logGet(46)) - raft.server.log.statemachine.data.caching.enabled = false (default)
2023-03-17 00:25:00,631 [s2-groupManagement] INFO  server.RaftServerConfigKeys (ConfUtils.java:logGet(46)) - raft.server.rpc.sleep.time = 25ms (default)
2023-03-17 00:25:00,631 [s2-groupManagement] INFO  server.RaftServerConfigKeys (ConfUtils.java:logGet(46)) - raft.server.rpc.slowness.timeout = 60s (default)
2023-03-17 00:25:00,631 [s2-groupManagement] INFO  server.RaftServerConfigKeys (ConfUtils.java:logGet(46)) - raft.server.leaderelection.leader.step-down.wait-time = 10s (default)
2023-03-17 00:25:00,631 [s2-groupManagement] INFO  server.RaftServerConfigKeys (ConfUtils.java:logGet(46)) - raft.server.sleep.deviation.threshold = 300ms (default)
2023-03-17 00:25:00,631 [s2-groupManagement] INFO  server.RaftServer$Division (ServerState.java:<init>(113)) - s2@group-61D7957BD671: ConfigurationManager, init=-1: peers:[]|listeners:[], old=null, confs=<EMPTY_MAP>
2023-03-17 00:25:00,631 [s2-groupManagement] INFO  server.RaftServerConfigKeys (ConfUtils.java:logGet(46)) - raft.server.notification.no-leader.timeout = 60s (default)
2023-03-17 00:25:00,631 [s2-groupManagement] INFO  server.RaftServerConfigKeys (ConfUtils.java:logGet(46)) - raft.server.read.timeout = 10s (default)
2023-03-17 00:25:00,632 [s2-groupManagement] INFO  server.RaftServerConfigKeys (ConfUtils.java:logGet(46)) - raft.server.retrycache.expirytime = 60s (default)
2023-03-17 00:25:00,632 [s2-groupManagement] INFO  server.RaftServerConfigKeys (ConfUtils.java:logGet(46)) - raft.server.retrycache.statistics.expirytime = 100μs (default)
2023-03-17 00:25:00,632 [s2-groupManagement] INFO  server.RaftServerConfigKeys (ConfUtils.java:logGet(46)) - raft.server.read.option = DEFAULT (default)
2023-03-17 00:25:00,632 [s2-groupManagement] INFO  server.RaftServerConfigKeys (ConfUtils.java:logGet(46)) - raft.server.log.appender.install.snapshot.enabled = true (default)
2023-03-17 00:25:00,635 [s2-groupManagement] INFO  server.RaftServerConfigKeys (ConfUtils.java:logGet(46)) - raft.server.threadpool.server.cached = true (default)
2023-03-17 00:25:00,635 [s2-groupManagement] INFO  server.RaftServerConfigKeys (ConfUtils.java:logGet(46)) - raft.server.threadpool.server.size = 0 (default)
2023-03-17 00:25:00,635 [s2-groupManagement] INFO  server.RaftServerConfigKeys (ConfUtils.java:logGet(46)) - raft.server.threadpool.client.cached = true (default)
2023-03-17 00:25:00,635 [s2-groupManagement] INFO  server.RaftServerConfigKeys (ConfUtils.java:logGet(46)) - raft.server.threadpool.client.size = 0 (default)
2023-03-17 00:25:00,635 [s2-groupManagement] INFO  server.RaftServer$Division (RaftServerImpl.java:<init>(198)) - s2: new RaftServerImpl for group-7CD1EA773A0D:[s0|rpc:localhost:42303|admin:localhost:39619|client:localhost:33117|dataStream:localhost:43417|priority:0|startupRole:FOLLOWER, s1|rpc:localhost:45261|admin:localhost:35185|client:localhost:34351|dataStream:localhost:33675|priority:0|startupRole:FOLLOWER, s2|rpc:localhost:46431|admin:localhost:39719|client:localhost:40163|dataStream:localhost:45865|priority:0|startupRole:FOLLOWER] with BaseStateMachine:uninitialized
2023-03-17 00:25:00,635 [s2-groupManagement] INFO  server.RaftServerConfigKeys (ConfUtils.java:logGet(46)) - raft.server.rpc.timeout.min = 150ms (default)
2023-03-17 00:25:00,635 [s2-groupManagement] INFO  server.RaftServerConfigKeys (ConfUtils.java:logGet(46)) - raft.server.rpc.timeout.max = 300ms (default)
2023-03-17 00:25:00,635 [s2-groupManagement] INFO  server.RaftServerConfigKeys (ConfUtils.java:logGet(46)) - raft.server.rpc.sleep.time = 25ms (default)
2023-03-17 00:25:00,636 [s2-groupManagement] INFO  server.RaftServerConfigKeys (ConfUtils.java:logGet(46)) - raft.server.rpc.slowness.timeout = 60s (default)
2023-03-17 00:25:00,636 [s2-groupManagement] INFO  server.RaftServerConfigKeys (ConfUtils.java:logGet(46)) - raft.server.leaderelection.leader.step-down.wait-time = 10s (default)
2023-03-17 00:25:00,636 [s2-groupManagement] INFO  server.RaftServerConfigKeys (ConfUtils.java:logGet(46)) - raft.server.sleep.deviation.threshold = 300ms (default)
2023-03-17 00:25:00,636 [s2-groupManagement] INFO  server.RaftServer$Division (ServerState.java:<init>(113)) - s2@group-7CD1EA773A0D: ConfigurationManager, init=-1: peers:[s0|rpc:localhost:42303|admin:localhost:39619|client:localhost:33117|dataStream:localhost:43417|priority:0|startupRole:FOLLOWER, s1|rpc:localhost:45261|admin:localhost:35185|client:localhost:34351|dataStream:localhost:33675|priority:0|startupRole:FOLLOWER, s2|rpc:localhost:46431|admin:localhost:39719|client:localhost:40163|dataStream:localhost:45865|priority:0|startupRole:FOLLOWER]|listeners:[], old=null, confs=<EMPTY_MAP>
2023-03-17 00:25:00,636 [s2-groupManagement] INFO  server.RaftServerConfigKeys (ConfUtils.java:logGet(46)) - raft.server.notification.no-leader.timeout = 60s (default)
2023-03-17 00:25:00,636 [s2-groupManagement] INFO  server.RaftServerConfigKeys (ConfUtils.java:logGet(46)) - raft.server.read.timeout = 10s (default)
2023-03-17 00:25:00,636 [s2-groupManagement] INFO  server.RaftServerConfigKeys (ConfUtils.java:logGet(46)) - raft.server.retrycache.expirytime = 60s (default)
2023-03-17 00:25:00,636 [s2-groupManagement] INFO  server.RaftServerConfigKeys (ConfUtils.java:logGet(46)) - raft.server.retrycache.statistics.expirytime = 100μs (default)
2023-03-17 00:25:00,636 [s2-groupManagement] INFO  server.RaftServerConfigKeys (ConfUtils.java:logGet(46)) - raft.server.read.option = DEFAULT (default)
2023-03-17 00:25:00,636 [s2-groupManagement] INFO  server.RaftServerConfigKeys (ConfUtils.java:logGet(46)) - raft.server.log.appender.install.snapshot.enabled = true (default)
2023-03-17 00:25:00,636 [s2-groupManagement] INFO  server.RaftServerConfigKeys (ConfUtils.java:logGet(46)) - raft.server.threadpool.server.cached = true (default)
2023-03-17 00:25:00,636 [s2-groupManagement] INFO  server.RaftServerConfigKeys (ConfUtils.java:logGet(46)) - raft.server.threadpool.server.size = 0 (default)
2023-03-17 00:25:00,636 [s2-groupManagement] INFO  server.RaftServerConfigKeys (ConfUtils.java:logGet(46)) - raft.server.threadpool.client.cached = true (default)
2023-03-17 00:25:00,636 [s2-groupManagement] INFO  server.RaftServerConfigKeys (ConfUtils.java:logGet(46)) - raft.server.threadpool.client.size = 0 (default)
2023-03-17 00:25:00,634 [s0-impl-thread1] INFO  server.RaftServer$Division (ServerState.java:setRaftConf(378)) - s0@group-7CD1EA773A0D: set configuration 0: peers:[s0|rpc:localhost:42303|admin:localhost:39619|client:localhost:33117|dataStream:localhost:43417|priority:0|startupRole:FOLLOWER, s1|rpc:localhost:45261|admin:localhost:35185|client:localhost:34351|dataStream:localhost:33675|priority:0|startupRole:FOLLOWER, s2|rpc:localhost:46431|admin:localhost:39719|client:localhost:40163|dataStream:localhost:45865|priority:0|startupRole:FOLLOWER]|listeners:[], old=null
2023-03-17 00:25:00,637 [s0-impl-thread1] INFO  segmented.LogSegment (LogSegment.java:loadSegment(170)) - Successfully read 1 entries from segment file /home/runner/work/ratis/ratis/ratis-test/target/test/data/ce6527c6/MiniRaftClusterWithGrpc5b4969e5/s0/44945002-fda8-4e9f-92ec-7cd1ea773a0d/current/log_inprogress_0
2023-03-17 00:25:00,637 [s0-impl-thread1] INFO  segmented.SegmentedRaftLogWorker (SegmentedRaftLogWorker.java:lambda$new$0(134)) - s0@group-7CD1EA773A0D-SegmentedRaftLogWorker: safeCacheEvictIndex: setUnconditionally 0 -> -1
2023-03-17 00:25:00,633 [s0-impl-thread2] INFO  storage.RaftStorageDirectory (RaftStorageDirectoryImpl.java:tryLock(232)) - Lock on /home/runner/work/ratis/ratis/ratis-test/target/test/data/ce6527c6/MiniRaftClusterWithGrpc5b4969e5/s0/e12a0c2b-094d-4df5-9b43-61d7957bd671/in_use.lock acquired by nodename 10276@fv-az426-358
2023-03-17 00:25:00,637 [s0-impl-thread2] INFO  storage.RaftStorage (RaftStorageImpl.java:analyzeAndRecoverStorage(117)) - Read RaftStorageMetadata{term=1, votedFor=s2} from /home/runner/work/ratis/ratis/ratis-test/target/test/data/ce6527c6/MiniRaftClusterWithGrpc5b4969e5/s0/e12a0c2b-094d-4df5-9b43-61d7957bd671/current/raft-meta
2023-03-17 00:25:00,637 [s0-impl-thread2] INFO  server.RaftServer$Division (ServerState.java:setRaftConf(378)) - s0@group-61D7957BD671: set configuration 0: peers:[s0|rpc:0.0.0.0:42303|admin:0.0.0.0:39619|client:0.0.0.0:33117|dataStream:|priority:0|startupRole:FOLLOWER, s1|rpc:0.0.0.0:45261|admin:0.0.0.0:35185|client:0.0.0.0:34351|dataStream:|priority:1|startupRole:FOLLOWER, s2|rpc:0.0.0.0:46431|admin:0.0.0.0:39719|client:0.0.0.0:40163|dataStream:|priority:2|startupRole:FOLLOWER]|listeners:[], old=null
2023-03-17 00:25:00,637 [s0-impl-thread2] INFO  server.RaftServerConfigKeys (ConfUtils.java:logGet(46)) - raft.server.log.use.memory = false (default)
2023-03-17 00:25:00,637 [s0-impl-thread2] INFO  server.RaftServerConfigKeys (ConfUtils.java:logGet(46)) - raft.server.log.purge.gap = 1024 (default)
2023-03-17 00:25:00,637 [s0-impl-thread2] INFO  server.RaftServerConfigKeys (ConfUtils.java:logGet(46)) - raft.server.log.appender.buffer.byte-limit = 4MB (=4194304) (default)
2023-03-17 00:25:00,637 [s0-impl-thread2] INFO  server.RaftServerConfigKeys (ConfUtils.java:logGet(46)) - raft.server.log.statemachine.data.read.timeout = 1000ms (default)
2023-03-17 00:25:00,637 [s0-impl-thread2] INFO  server.RaftServerConfigKeys (ConfUtils.java:logGet(46)) - raft.server.log.purge.preservation.log.num = 0 (default)
2023-03-17 00:25:00,637 [s0-impl-thread2] INFO  server.RaftServerConfigKeys (ConfUtils.java:logGet(46)) - raft.server.log.segment.size.max = 8MB (=8388608) (default)
2023-03-17 00:25:00,638 [s0-impl-thread2] INFO  server.RaftServerConfigKeys (ConfUtils.java:logGet(46)) - raft.server.log.segment.cache.num.max = 6 (default)
2023-03-17 00:25:00,638 [s0-impl-thread2] INFO  server.RaftServerConfigKeys (ConfUtils.java:logGet(46)) - raft.server.log.segment.cache.size.max = 200MB (=209715200) (default)
2023-03-17 00:25:00,638 [s0-impl-thread2] INFO  server.RaftServerConfigKeys (ConfUtils.java:logGet(46)) - raft.server.log.appender.buffer.byte-limit = 4MB (=4194304) (default)
2023-03-17 00:25:00,639 [s0-impl-thread2] INFO  segmented.SegmentedRaftLogWorker (SegmentedRaftLogWorker.java:<init>(183)) - new s0@group-61D7957BD671-SegmentedRaftLogWorker for RaftStorageImpl:Storage Directory /home/runner/work/ratis/ratis/ratis-test/target/test/data/ce6527c6/MiniRaftClusterWithGrpc5b4969e5/s0/e12a0c2b-094d-4df5-9b43-61d7957bd671
2023-03-17 00:25:00,639 [s0-impl-thread2] INFO  server.RaftServerConfigKeys (ConfUtils.java:logGet(46)) - raft.server.log.queue.byte-limit = 64MB (=67108864) (default)
2023-03-17 00:25:00,639 [s0-impl-thread2] INFO  server.RaftServerConfigKeys (ConfUtils.java:logGet(46)) - raft.server.log.queue.element-limit = 4096 (default)
2023-03-17 00:25:00,639 [s0-impl-thread2] INFO  server.RaftServerConfigKeys (ConfUtils.java:logGet(46)) - raft.server.log.segment.size.max = 8MB (=8388608) (default)
2023-03-17 00:25:00,639 [s0-impl-thread2] INFO  server.RaftServerConfigKeys (ConfUtils.java:logGet(46)) - raft.server.log.preallocated.size = 4MB (=4194304) (default)
2023-03-17 00:25:00,639 [s0-impl-thread2] INFO  server.RaftServerConfigKeys (ConfUtils.java:logGet(46)) - raft.server.log.force.sync.num = 128 (default)
2023-03-17 00:25:00,639 [s0-impl-thread2] INFO  server.RaftServerConfigKeys (ConfUtils.java:logGet(46)) - raft.server.log.statemachine.data.sync = true (default)
2023-03-17 00:25:00,639 [s0-impl-thread2] INFO  server.RaftServerConfigKeys (ConfUtils.java:logGet(46)) - raft.server.log.statemachine.data.sync.timeout = 10s (default)
2023-03-17 00:25:00,639 [s0-impl-thread2] INFO  server.RaftServerConfigKeys (ConfUtils.java:logGet(46)) - raft.server.log.statemachine.data.sync.timeout.retry = -1 (default)
2023-03-17 00:25:00,639 [s0-impl-thread2] INFO  server.RaftServerConfigKeys (ConfUtils.java:logGet(46)) - raft.server.log.write.buffer.size = 64KB (=65536) (default)
2023-03-17 00:25:00,639 [s0-impl-thread2] INFO  server.RaftServerConfigKeys (ConfUtils.java:logGet(46)) - raft.server.log.appender.buffer.byte-limit = 4MB (=4194304) (default)
2023-03-17 00:25:00,640 [s0-impl-thread2] INFO  server.RaftServerConfigKeys (ConfUtils.java:logGet(46)) - raft.server.log.unsafe-flush.enabled = false (default)
2023-03-17 00:25:00,640 [s0-impl-thread2] INFO  server.RaftServerConfigKeys (ConfUtils.java:logGet(46)) - raft.server.log.async-flush.enabled = false (default)
2023-03-17 00:25:00,640 [s0-impl-thread2] INFO  server.RaftServerConfigKeys (ConfUtils.java:logGet(46)) - raft.server.log.statemachine.data.caching.enabled = false (default)
2023-03-17 00:25:00,640 [s0-impl-thread2] INFO  server.RaftServer$Division (ServerState.java:setRaftConf(378)) - s0@group-61D7957BD671: set configuration 0: peers:[s0|rpc:0.0.0.0:42303|admin:0.0.0.0:39619|client:0.0.0.0:33117|dataStream:|priority:0|startupRole:FOLLOWER, s1|rpc:0.0.0.0:45261|admin:0.0.0.0:35185|client:0.0.0.0:34351|dataStream:|priority:1|startupRole:FOLLOWER, s2|rpc:0.0.0.0:46431|admin:0.0.0.0:39719|client:0.0.0.0:40163|dataStream:|priority:2|startupRole:FOLLOWER]|listeners:[], old=null
2023-03-17 00:25:00,646 [s0-impl-thread1] INFO  server.RaftServer$Division (RaftServerImpl.java:start(342)) - s0@group-7CD1EA773A0D: start as a follower, conf=0: peers:[s0|rpc:localhost:42303|admin:localhost:39619|client:localhost:33117|dataStream:localhost:43417|priority:0|startupRole:FOLLOWER, s1|rpc:localhost:45261|admin:localhost:35185|client:localhost:34351|dataStream:localhost:33675|priority:0|startupRole:FOLLOWER, s2|rpc:localhost:46431|admin:localhost:39719|client:localhost:40163|dataStream:localhost:45865|priority:0|startupRole:FOLLOWER]|listeners:[], old=null
2023-03-17 00:25:00,646 [s0-impl-thread1] INFO  server.RaftServer$Division (RaftServerImpl.java:setRole(329)) - s0@group-7CD1EA773A0D: changes role from      null to FOLLOWER at term 1 for startAsFollower
2023-03-17 00:25:00,646 [s0-impl-thread1] INFO  impl.RoleInfo (RoleInfo.java:updateAndGet(139)) - s0: start s0@group-7CD1EA773A0D-FollowerState
2023-03-17 00:25:00,640 [s0-impl-thread2] INFO  segmented.LogSegment (LogSegment.java:loadSegment(170)) - Successfully read 1 entries from segment file /home/runner/work/ratis/ratis/ratis-test/target/test/data/ce6527c6/MiniRaftClusterWithGrpc5b4969e5/s0/e12a0c2b-094d-4df5-9b43-61d7957bd671/current/log_inprogress_0
2023-03-17 00:25:00,647 [s0-impl-thread2] INFO  segmented.SegmentedRaftLogWorker (SegmentedRaftLogWorker.java:lambda$new$0(134)) - s0@group-61D7957BD671-SegmentedRaftLogWorker: safeCacheEvictIndex: setUnconditionally 0 -> -1
2023-03-17 00:25:00,647 [s0-impl-thread1] INFO  util.JmxRegister (JmxRegister.java:tryRegister(44)) - Successfully registered JMX Bean with object name Ratis:service=RaftServer,group=group-7CD1EA773A0D,id=s0
2023-03-17 00:25:00,647 [s0-impl-thread1] INFO  server.RaftServerConfigKeys (ConfUtils.java:logGet(46)) - raft.server.snapshot.auto.trigger.enabled = false (default)
2023-03-17 00:25:00,647 [s0-impl-thread1] INFO  server.RaftServerConfigKeys (ConfUtils.java:logGet(46)) - raft.server.snapshot.retention.file.num = -1 (default)
2023-03-17 00:25:00,647 [s0-impl-thread1] INFO  server.RaftServerConfigKeys (ConfUtils.java:logGet(46)) - raft.server.log.purge.upto.snapshot.index = false (default)
2023-03-17 00:25:00,647 [s0@group-7CD1EA773A0D-FollowerState] INFO  server.RaftServerConfigKeys (ConfUtils.java:logFallback(53)) - raft.server.rpc.first-election.timeout.min = 150ms (fallback to raft.server.rpc.timeout.min)
2023-03-17 00:25:00,647 [s0@group-7CD1EA773A0D-FollowerState] INFO  server.RaftServerConfigKeys (ConfUtils.java:logFallback(53)) - raft.server.rpc.first-election.timeout.max = 300ms (fallback to raft.server.rpc.timeout.max)
2023-03-17 00:25:00,647 [s0-impl-thread2] INFO  server.RaftServer$Division (RaftServerImpl.java:start(342)) - s0@group-61D7957BD671: start as a follower, conf=0: peers:[s0|rpc:0.0.0.0:42303|admin:0.0.0.0:39619|client:0.0.0.0:33117|dataStream:|priority:0|startupRole:FOLLOWER, s1|rpc:0.0.0.0:45261|admin:0.0.0.0:35185|client:0.0.0.0:34351|dataStream:|priority:1|startupRole:FOLLOWER, s2|rpc:0.0.0.0:46431|admin:0.0.0.0:39719|client:0.0.0.0:40163|dataStream:|priority:2|startupRole:FOLLOWER]|listeners:[], old=null
2023-03-17 00:25:00,648 [s0-impl-thread2] INFO  server.RaftServer$Division (RaftServerImpl.java:setRole(329)) - s0@group-61D7957BD671: changes role from      null to FOLLOWER at term 1 for startAsFollower
2023-03-17 00:25:00,648 [s0-impl-thread2] INFO  impl.RoleInfo (RoleInfo.java:updateAndGet(139)) - s0: start s0@group-61D7957BD671-FollowerState
2023-03-17 00:25:00,648 [s0-impl-thread2] INFO  util.JmxRegister (JmxRegister.java:tryRegister(44)) - Successfully registered JMX Bean with object name Ratis:service=RaftServer,group=group-61D7957BD671,id=s0
2023-03-17 00:25:00,648 [s0-impl-thread2] INFO  server.RaftServerConfigKeys (ConfUtils.java:logGet(46)) - raft.server.snapshot.auto.trigger.enabled = false (default)
2023-03-17 00:25:00,648 [s0-impl-thread2] INFO  server.RaftServerConfigKeys (ConfUtils.java:logGet(46)) - raft.server.snapshot.retention.file.num = -1 (default)
2023-03-17 00:25:00,648 [s0-impl-thread2] INFO  server.RaftServerConfigKeys (ConfUtils.java:logGet(46)) - raft.server.log.purge.upto.snapshot.index = false (default)
2023-03-17 00:25:00,648 [s0@group-61D7957BD671-FollowerState] INFO  server.RaftServerConfigKeys (ConfUtils.java:logFallback(53)) - raft.server.rpc.first-election.timeout.min = 150ms (fallback to raft.server.rpc.timeout.min)
2023-03-17 00:25:00,648 [s0@group-61D7957BD671-FollowerState] INFO  server.RaftServerConfigKeys (ConfUtils.java:logFallback(53)) - raft.server.rpc.first-election.timeout.max = 300ms (fallback to raft.server.rpc.timeout.max)
2023-03-17 00:25:00,648 [Time-limited test] INFO  server.RaftServer (RaftServerProxy.java:startImpl(401)) - s0: start RPC server
2023-03-17 00:25:00,649 [Time-limited test] INFO  server.GrpcService (GrpcService.java:startImpl(302)) - s0: GrpcService started, listening on 33117
2023-03-17 00:25:00,649 [Time-limited test] INFO  server.GrpcService (GrpcService.java:startImpl(302)) - s0: GrpcService started, listening on 42303
2023-03-17 00:25:00,649 [Time-limited test] INFO  server.GrpcService (GrpcService.java:startImpl(302)) - s0: GrpcService started, listening on 39619
2023-03-17 00:25:00,651 [s1-impl-thread1] INFO  server.RaftServerConfigKeys (ConfUtils.java:logGet(46)) - raft.server.storage.free-space.min = 0MB (=0) (default)
2023-03-17 00:25:00,651 [s1-impl-thread1] INFO  server.RaftServerConfigKeys (ConfUtils.java:logGet(46)) - raft.server.log.corruption.policy = EXCEPTION (default)
2023-03-17 00:25:00,651 [JvmPauseMonitor55] INFO  util.JvmPauseMonitor (JvmPauseMonitor.java:run(103)) - JvmPauseMonitor-s0: Started
2023-03-17 00:25:00,652 [s1-impl-thread1] INFO  server.RaftServerConfigKeys (ConfUtils.java:logGet(46)) - raft.server.storage.dir = [/home/runner/work/ratis/ratis/ratis-test/target/test/data/ce6527c6/MiniRaftClusterWithGrpc5b4969e5/s1] (custom)
2023-03-17 00:25:00,652 [s1-impl-thread2] INFO  server.RaftServerConfigKeys (ConfUtils.java:logGet(46)) - raft.server.storage.free-space.min = 0MB (=0) (default)
2023-03-17 00:25:00,652 [s1-impl-thread2] INFO  server.RaftServerConfigKeys (ConfUtils.java:logGet(46)) - raft.server.log.corruption.policy = EXCEPTION (default)
2023-03-17 00:25:00,652 [s1-impl-thread2] INFO  server.RaftServerConfigKeys (ConfUtils.java:logGet(46)) - raft.server.storage.dir = [/home/runner/work/ratis/ratis/ratis-test/target/test/data/ce6527c6/MiniRaftClusterWithGrpc5b4969e5/s1] (custom)
2023-03-17 00:25:00,652 [s1-impl-thread1] INFO  storage.RaftStorageDirectory (RaftStorageDirectoryImpl.java:tryLock(232)) - Lock on /home/runner/work/ratis/ratis/ratis-test/target/test/data/ce6527c6/MiniRaftClusterWithGrpc5b4969e5/s1/44945002-fda8-4e9f-92ec-7cd1ea773a0d/in_use.lock acquired by nodename 10276@fv-az426-358
2023-03-17 00:25:00,653 [s1-impl-thread1] INFO  storage.RaftStorage (RaftStorageImpl.java:analyzeAndRecoverStorage(117)) - Read RaftStorageMetadata{term=1, votedFor=s1} from /home/runner/work/ratis/ratis/ratis-test/target/test/data/ce6527c6/MiniRaftClusterWithGrpc5b4969e5/s1/44945002-fda8-4e9f-92ec-7cd1ea773a0d/current/raft-meta
2023-03-17 00:25:00,653 [s1-impl-thread2] INFO  storage.RaftStorageDirectory (RaftStorageDirectoryImpl.java:tryLock(232)) - Lock on /home/runner/work/ratis/ratis/ratis-test/target/test/data/ce6527c6/MiniRaftClusterWithGrpc5b4969e5/s1/e12a0c2b-094d-4df5-9b43-61d7957bd671/in_use.lock acquired by nodename 10276@fv-az426-358
2023-03-17 00:25:00,653 [s1-impl-thread1] INFO  server.RaftServer$Division (ServerState.java:setRaftConf(378)) - s1@group-7CD1EA773A0D: set configuration 0: peers:[s0|rpc:localhost:42303|admin:localhost:39619|client:localhost:33117|dataStream:localhost:43417|priority:0|startupRole:FOLLOWER, s1|rpc:localhost:45261|admin:localhost:35185|client:localhost:34351|dataStream:localhost:33675|priority:0|startupRole:FOLLOWER, s2|rpc:localhost:46431|admin:localhost:39719|client:localhost:40163|dataStream:localhost:45865|priority:0|startupRole:FOLLOWER]|listeners:[], old=null
2023-03-17 00:25:00,653 [s1-impl-thread1] INFO  server.RaftServerConfigKeys (ConfUtils.java:logGet(46)) - raft.server.log.use.memory = false (default)
2023-03-17 00:25:00,653 [s1-impl-thread1] INFO  server.RaftServerConfigKeys (ConfUtils.java:logGet(46)) - raft.server.log.purge.gap = 1024 (default)
2023-03-17 00:25:00,653 [s1-impl-thread1] INFO  server.RaftServerConfigKeys (ConfUtils.java:logGet(46)) - raft.server.log.appender.buffer.byte-limit = 4MB (=4194304) (default)
2023-03-17 00:25:00,653 [s1-impl-thread1] INFO  server.RaftServerConfigKeys (ConfUtils.java:logGet(46)) - raft.server.log.statemachine.data.read.timeout = 1000ms (default)
2023-03-17 00:25:00,653 [s1-impl-thread1] INFO  server.RaftServerConfigKeys (ConfUtils.java:logGet(46)) - raft.server.log.purge.preservation.log.num = 0 (default)
2023-03-17 00:25:00,653 [s1-impl-thread1] INFO  server.RaftServerConfigKeys (ConfUtils.java:logGet(46)) - raft.server.log.segment.size.max = 8MB (=8388608) (default)
2023-03-17 00:25:00,653 [s1-impl-thread1] INFO  server.RaftServerConfigKeys (ConfUtils.java:logGet(46)) - raft.server.log.segment.cache.num.max = 6 (default)
2023-03-17 00:25:00,653 [s1-impl-thread1] INFO  server.RaftServerConfigKeys (ConfUtils.java:logGet(46)) - raft.server.log.segment.cache.size.max = 200MB (=209715200) (default)
2023-03-17 00:25:00,653 [s1-impl-thread1] INFO  server.RaftServerConfigKeys (ConfUtils.java:logGet(46)) - raft.server.log.appender.buffer.byte-limit = 4MB (=4194304) (default)
2023-03-17 00:25:00,653 [s1-impl-thread1] INFO  segmented.SegmentedRaftLogWorker (SegmentedRaftLogWorker.java:<init>(183)) - new s1@group-7CD1EA773A0D-SegmentedRaftLogWorker for RaftStorageImpl:Storage Directory /home/runner/work/ratis/ratis/ratis-test/target/test/data/ce6527c6/MiniRaftClusterWithGrpc5b4969e5/s1/44945002-fda8-4e9f-92ec-7cd1ea773a0d
2023-03-17 00:25:00,653 [s1-impl-thread1] INFO  server.RaftServerConfigKeys (ConfUtils.java:logGet(46)) - raft.server.log.queue.byte-limit = 64MB (=67108864) (default)
2023-03-17 00:25:00,653 [s1-impl-thread1] INFO  server.RaftServerConfigKeys (ConfUtils.java:logGet(46)) - raft.server.log.queue.element-limit = 4096 (default)
2023-03-17 00:25:00,653 [s1-impl-thread1] INFO  server.RaftServerConfigKeys (ConfUtils.java:logGet(46)) - raft.server.log.segment.size.max = 8MB (=8388608) (default)
2023-03-17 00:25:00,653 [s1-impl-thread1] INFO  server.RaftServerConfigKeys (ConfUtils.java:logGet(46)) - raft.server.log.preallocated.size = 4MB (=4194304) (default)
2023-03-17 00:25:00,653 [s1-impl-thread1] INFO  server.RaftServerConfigKeys (ConfUtils.java:logGet(46)) - raft.server.log.force.sync.num = 128 (default)
2023-03-17 00:25:00,653 [s1-impl-thread1] INFO  server.RaftServerConfigKeys (ConfUtils.java:logGet(46)) - raft.server.log.statemachine.data.sync = true (default)
2023-03-17 00:25:00,653 [s1-impl-thread1] INFO  server.RaftServerConfigKeys (ConfUtils.java:logGet(46)) - raft.server.log.statemachine.data.sync.timeout = 10s (default)
2023-03-17 00:25:00,653 [s1-impl-thread1] INFO  server.RaftServerConfigKeys (ConfUtils.java:logGet(46)) - raft.server.log.statemachine.data.sync.timeout.retry = -1 (default)
2023-03-17 00:25:00,654 [s1-impl-thread1] INFO  server.RaftServerConfigKeys (ConfUtils.java:logGet(46)) - raft.server.log.write.buffer.size = 64KB (=65536) (default)
2023-03-17 00:25:00,654 [s1-impl-thread1] INFO  server.RaftServerConfigKeys (ConfUtils.java:logGet(46)) - raft.server.log.appender.buffer.byte-limit = 4MB (=4194304) (default)
2023-03-17 00:25:00,654 [s1-impl-thread2] INFO  storage.RaftStorage (RaftStorageImpl.java:analyzeAndRecoverStorage(117)) - Read RaftStorageMetadata{term=1, votedFor=s2} from /home/runner/work/ratis/ratis/ratis-test/target/test/data/ce6527c6/MiniRaftClusterWithGrpc5b4969e5/s1/e12a0c2b-094d-4df5-9b43-61d7957bd671/current/raft-meta
2023-03-17 00:25:00,654 [s1-impl-thread1] INFO  server.RaftServerConfigKeys (ConfUtils.java:logGet(46)) - raft.server.log.unsafe-flush.enabled = false (default)
2023-03-17 00:25:00,654 [s1-impl-thread1] INFO  server.RaftServerConfigKeys (ConfUtils.java:logGet(46)) - raft.server.log.async-flush.enabled = false (default)
2023-03-17 00:25:00,654 [s1-impl-thread1] INFO  server.RaftServerConfigKeys (ConfUtils.java:logGet(46)) - raft.server.log.statemachine.data.caching.enabled = false (default)
2023-03-17 00:25:00,655 [s1-impl-thread1] INFO  server.RaftServer$Division (ServerState.java:setRaftConf(378)) - s1@group-7CD1EA773A0D: set configuration 0: peers:[s0|rpc:localhost:42303|admin:localhost:39619|client:localhost:33117|dataStream:localhost:43417|priority:0|startupRole:FOLLOWER, s1|rpc:localhost:45261|admin:localhost:35185|client:localhost:34351|dataStream:localhost:33675|priority:0|startupRole:FOLLOWER, s2|rpc:localhost:46431|admin:localhost:39719|client:localhost:40163|dataStream:localhost:45865|priority:0|startupRole:FOLLOWER]|listeners:[], old=null
2023-03-17 00:25:00,655 [s1-impl-thread1] INFO  segmented.LogSegment (LogSegment.java:loadSegment(170)) - Successfully read 1 entries from segment file /home/runner/work/ratis/ratis/ratis-test/target/test/data/ce6527c6/MiniRaftClusterWithGrpc5b4969e5/s1/44945002-fda8-4e9f-92ec-7cd1ea773a0d/current/log_inprogress_0
2023-03-17 00:25:00,655 [s1-impl-thread1] INFO  segmented.SegmentedRaftLogWorker (SegmentedRaftLogWorker.java:lambda$new$0(134)) - s1@group-7CD1EA773A0D-SegmentedRaftLogWorker: safeCacheEvictIndex: setUnconditionally 0 -> -1
2023-03-17 00:25:00,655 [s1-impl-thread2] INFO  server.RaftServer$Division (ServerState.java:setRaftConf(378)) - s1@group-61D7957BD671: set configuration 0: peers:[s0|rpc:0.0.0.0:42303|admin:0.0.0.0:39619|client:0.0.0.0:33117|dataStream:|priority:0|startupRole:FOLLOWER, s1|rpc:0.0.0.0:45261|admin:0.0.0.0:35185|client:0.0.0.0:34351|dataStream:|priority:1|startupRole:FOLLOWER, s2|rpc:0.0.0.0:46431|admin:0.0.0.0:39719|client:0.0.0.0:40163|dataStream:|priority:2|startupRole:FOLLOWER]|listeners:[], old=null
2023-03-17 00:25:00,659 [s1-impl-thread2] INFO  server.RaftServerConfigKeys (ConfUtils.java:logGet(46)) - raft.server.log.use.memory = false (default)
2023-03-17 00:25:00,659 [s1-impl-thread2] INFO  server.RaftServerConfigKeys (ConfUtils.java:logGet(46)) - raft.server.log.purge.gap = 1024 (default)
2023-03-17 00:25:00,659 [s1-impl-thread2] INFO  server.RaftServerConfigKeys (ConfUtils.java:logGet(46)) - raft.server.log.appender.buffer.byte-limit = 4MB (=4194304) (default)
2023-03-17 00:25:00,659 [s1-impl-thread2] INFO  server.RaftServerConfigKeys (ConfUtils.java:logGet(46)) - raft.server.log.statemachine.data.read.timeout = 1000ms (default)
2023-03-17 00:25:00,659 [s1-impl-thread2] INFO  server.RaftServerConfigKeys (ConfUtils.java:logGet(46)) - raft.server.log.purge.preservation.log.num = 0 (default)
2023-03-17 00:25:00,659 [s1-impl-thread1] INFO  server.RaftServer$Division (RaftServerImpl.java:start(342)) - s1@group-7CD1EA773A0D: start as a follower, conf=0: peers:[s0|rpc:localhost:42303|admin:localhost:39619|client:localhost:33117|dataStream:localhost:43417|priority:0|startupRole:FOLLOWER, s1|rpc:localhost:45261|admin:localhost:35185|client:localhost:34351|dataStream:localhost:33675|priority:0|startupRole:FOLLOWER, s2|rpc:localhost:46431|admin:localhost:39719|client:localhost:40163|dataStream:localhost:45865|priority:0|startupRole:FOLLOWER]|listeners:[], old=null
2023-03-17 00:25:00,659 [s1-impl-thread1] INFO  server.RaftServer$Division (RaftServerImpl.java:setRole(329)) - s1@group-7CD1EA773A0D: changes role from      null to FOLLOWER at term 1 for startAsFollower
2023-03-17 00:25:00,659 [s1-impl-thread2] INFO  server.RaftServerConfigKeys (ConfUtils.java:logGet(46)) - raft.server.log.segment.size.max = 8MB (=8388608) (default)
2023-03-17 00:25:00,659 [s1-impl-thread1] INFO  impl.RoleInfo (RoleInfo.java:updateAndGet(139)) - s1: start s1@group-7CD1EA773A0D-FollowerState
2023-03-17 00:25:00,659 [s1-impl-thread2] INFO  server.RaftServerConfigKeys (ConfUtils.java:logGet(46)) - raft.server.log.segment.cache.num.max = 6 (default)
2023-03-17 00:25:00,659 [s1-impl-thread2] INFO  server.RaftServerConfigKeys (ConfUtils.java:logGet(46)) - raft.server.log.segment.cache.size.max = 200MB (=209715200) (default)
2023-03-17 00:25:00,659 [s1-impl-thread2] INFO  server.RaftServerConfigKeys (ConfUtils.java:logGet(46)) - raft.server.log.appender.buffer.byte-limit = 4MB (=4194304) (default)
2023-03-17 00:25:00,659 [s1-impl-thread2] INFO  segmented.SegmentedRaftLogWorker (SegmentedRaftLogWorker.java:<init>(183)) - new s1@group-61D7957BD671-SegmentedRaftLogWorker for RaftStorageImpl:Storage Directory /home/runner/work/ratis/ratis/ratis-test/target/test/data/ce6527c6/MiniRaftClusterWithGrpc5b4969e5/s1/e12a0c2b-094d-4df5-9b43-61d7957bd671
2023-03-17 00:25:00,659 [s1-impl-thread2] INFO  server.RaftServerConfigKeys (ConfUtils.java:logGet(46)) - raft.server.log.queue.byte-limit = 64MB (=67108864) (default)
2023-03-17 00:25:00,659 [s1-impl-thread2] INFO  server.RaftServerConfigKeys (ConfUtils.java:logGet(46)) - raft.server.log.queue.element-limit = 4096 (default)
2023-03-17 00:25:00,659 [s1-impl-thread2] INFO  server.RaftServerConfigKeys (ConfUtils.java:logGet(46)) - raft.server.log.segment.size.max = 8MB (=8388608) (default)
2023-03-17 00:25:00,659 [s1-impl-thread2] INFO  server.RaftServerConfigKeys (ConfUtils.java:logGet(46)) - raft.server.log.preallocated.size = 4MB (=4194304) (default)
2023-03-17 00:25:00,659 [s1-impl-thread2] INFO  server.RaftServerConfigKeys (ConfUtils.java:logGet(46)) - raft.server.log.force.sync.num = 128 (default)
2023-03-17 00:25:00,659 [s1-impl-thread2] INFO  server.RaftServerConfigKeys (ConfUtils.java:logGet(46)) - raft.server.log.statemachine.data.sync = true (default)
2023-03-17 00:25:00,659 [s1-impl-thread2] INFO  server.RaftServerConfigKeys (ConfUtils.java:logGet(46)) - raft.server.log.statemachine.data.sync.timeout = 10s (default)
2023-03-17 00:25:00,659 [s1-impl-thread2] INFO  server.RaftServerConfigKeys (ConfUtils.java:logGet(46)) - raft.server.log.statemachine.data.sync.timeout.retry = -1 (default)
2023-03-17 00:25:00,659 [s1-impl-thread2] INFO  server.RaftServerConfigKeys (ConfUtils.java:logGet(46)) - raft.server.log.write.buffer.size = 64KB (=65536) (default)
2023-03-17 00:25:00,659 [s1-impl-thread2] INFO  server.RaftServerConfigKeys (ConfUtils.java:logGet(46)) - raft.server.log.appender.buffer.byte-limit = 4MB (=4194304) (default)
2023-03-17 00:25:00,660 [s1-impl-thread2] INFO  server.RaftServerConfigKeys (ConfUtils.java:logGet(46)) - raft.server.log.unsafe-flush.enabled = false (default)
2023-03-17 00:25:00,660 [s1-impl-thread2] INFO  server.RaftServerConfigKeys (ConfUtils.java:logGet(46)) - raft.server.log.async-flush.enabled = false (default)
2023-03-17 00:25:00,660 [s1-impl-thread2] INFO  server.RaftServerConfigKeys (ConfUtils.java:logGet(46)) - raft.server.log.statemachine.data.caching.enabled = false (default)
2023-03-17 00:25:00,661 [s1-impl-thread2] INFO  server.RaftServer$Division (ServerState.java:setRaftConf(378)) - s1@group-61D7957BD671: set configuration 0: peers:[s0|rpc:0.0.0.0:42303|admin:0.0.0.0:39619|client:0.0.0.0:33117|dataStream:|priority:0|startupRole:FOLLOWER, s1|rpc:0.0.0.0:45261|admin:0.0.0.0:35185|client:0.0.0.0:34351|dataStream:|priority:1|startupRole:FOLLOWER, s2|rpc:0.0.0.0:46431|admin:0.0.0.0:39719|client:0.0.0.0:40163|dataStream:|priority:2|startupRole:FOLLOWER]|listeners:[], old=null
2023-03-17 00:25:00,661 [s1-impl-thread2] INFO  segmented.LogSegment (LogSegment.java:loadSegment(170)) - Successfully read 1 entries from segment file /home/runner/work/ratis/ratis/ratis-test/target/test/data/ce6527c6/MiniRaftClusterWithGrpc5b4969e5/s1/e12a0c2b-094d-4df5-9b43-61d7957bd671/current/log_inprogress_0
2023-03-17 00:25:00,661 [s1-impl-thread2] INFO  segmented.SegmentedRaftLogWorker (SegmentedRaftLogWorker.java:lambda$new$0(134)) - s1@group-61D7957BD671-SegmentedRaftLogWorker: safeCacheEvictIndex: setUnconditionally 0 -> -1
2023-03-17 00:25:00,661 [s1-impl-thread1] INFO  util.JmxRegister (JmxRegister.java:tryRegister(44)) - Successfully registered JMX Bean with object name Ratis:service=RaftServer,group=group-7CD1EA773A0D,id=s1
2023-03-17 00:25:00,661 [s1-impl-thread1] INFO  server.RaftServerConfigKeys (ConfUtils.java:logGet(46)) - raft.server.snapshot.auto.trigger.enabled = false (default)
2023-03-17 00:25:00,661 [s1-impl-thread1] INFO  server.RaftServerConfigKeys (ConfUtils.java:logGet(46)) - raft.server.snapshot.retention.file.num = -1 (default)
2023-03-17 00:25:00,661 [s1-impl-thread1] INFO  server.RaftServerConfigKeys (ConfUtils.java:logGet(46)) - raft.server.log.purge.upto.snapshot.index = false (default)
2023-03-17 00:25:00,661 [s1-impl-thread2] INFO  server.RaftServer$Division (RaftServerImpl.java:start(342)) - s1@group-61D7957BD671: start as a follower, conf=0: peers:[s0|rpc:0.0.0.0:42303|admin:0.0.0.0:39619|client:0.0.0.0:33117|dataStream:|priority:0|startupRole:FOLLOWER, s1|rpc:0.0.0.0:45261|admin:0.0.0.0:35185|client:0.0.0.0:34351|dataStream:|priority:1|startupRole:FOLLOWER, s2|rpc:0.0.0.0:46431|admin:0.0.0.0:39719|client:0.0.0.0:40163|dataStream:|priority:2|startupRole:FOLLOWER]|listeners:[], old=null
2023-03-17 00:25:00,661 [s1-impl-thread2] INFO  server.RaftServer$Division (RaftServerImpl.java:setRole(329)) - s1@group-61D7957BD671: changes role from      null to FOLLOWER at term 1 for startAsFollower
2023-03-17 00:25:00,661 [s1-impl-thread2] INFO  impl.RoleInfo (RoleInfo.java:updateAndGet(139)) - s1: start s1@group-61D7957BD671-FollowerState
2023-03-17 00:25:00,662 [s1-impl-thread2] INFO  util.JmxRegister (JmxRegister.java:tryRegister(44)) - Successfully registered JMX Bean with object name Ratis:service=RaftServer,group=group-61D7957BD671,id=s1
2023-03-17 00:25:00,662 [s1-impl-thread2] INFO  server.RaftServerConfigKeys (ConfUtils.java:logGet(46)) - raft.server.snapshot.auto.trigger.enabled = false (default)
2023-03-17 00:25:00,662 [s1-impl-thread2] INFO  server.RaftServerConfigKeys (ConfUtils.java:logGet(46)) - raft.server.snapshot.retention.file.num = -1 (default)
2023-03-17 00:25:00,662 [s1-impl-thread2] INFO  server.RaftServerConfigKeys (ConfUtils.java:logGet(46)) - raft.server.log.purge.upto.snapshot.index = false (default)
2023-03-17 00:25:00,662 [s1@group-7CD1EA773A0D-FollowerState] INFO  server.RaftServerConfigKeys (ConfUtils.java:logFallback(53)) - raft.server.rpc.first-election.timeout.min = 150ms (fallback to raft.server.rpc.timeout.min)
2023-03-17 00:25:00,662 [s1@group-7CD1EA773A0D-FollowerState] INFO  server.RaftServerConfigKeys (ConfUtils.java:logFallback(53)) - raft.server.rpc.first-election.timeout.max = 300ms (fallback to raft.server.rpc.timeout.max)
2023-03-17 00:25:00,662 [s1@group-61D7957BD671-FollowerState] INFO  server.RaftServerConfigKeys (ConfUtils.java:logFallback(53)) - raft.server.rpc.first-election.timeout.min = 150ms (fallback to raft.server.rpc.timeout.min)
2023-03-17 00:25:00,663 [Time-limited test] INFO  server.RaftServer (RaftServerProxy.java:startImpl(401)) - s1: start RPC server
2023-03-17 00:25:00,664 [Time-limited test] INFO  server.GrpcService (GrpcService.java:startImpl(302)) - s1: GrpcService started, listening on 34351
2023-03-17 00:25:00,664 [s1@group-61D7957BD671-FollowerState] INFO  server.RaftServerConfigKeys (ConfUtils.java:logFallback(53)) - raft.server.rpc.first-election.timeout.max = 300ms (fallback to raft.server.rpc.timeout.max)
2023-03-17 00:25:00,664 [Time-limited test] ERROR server.GrpcService (ExitUtils.java:terminate(133)) - Terminating with exit status 1: Failed to start Grpc server
java.io.IOException: Failed to bind to address 0.0.0.0/0.0.0.0:45261
	at org.apache.ratis.thirdparty.io.grpc.netty.NettyServer.start(NettyServer.java:328)
	at org.apache.ratis.thirdparty.io.grpc.internal.ServerImpl.start(ServerImpl.java:183)
	at org.apache.ratis.thirdparty.io.grpc.internal.ServerImpl.start(ServerImpl.java:92)
	at org.apache.ratis.grpc.server.GrpcService.startImpl(GrpcService.java:298)
	at org.apache.ratis.util.LifeCycle.startAndTransition(LifeCycle.java:270)
	at org.apache.ratis.server.RaftServerRpcWithProxy.start(RaftServerRpcWithProxy.java:72)
	at org.apache.ratis.server.impl.RaftServerProxy.startImpl(RaftServerProxy.java:402)
	at org.apache.ratis.util.LifeCycle.startAndTransition(LifeCycle.java:270)
	at org.apache.ratis.server.impl.RaftServerProxy.start(RaftServerProxy.java:395)
	at org.apache.ratis.server.impl.MiniRaftCluster.startServers(MiniRaftCluster.java:499)
	at org.apache.ratis.server.impl.MiniRaftCluster.start(MiniRaftCluster.java:346)
	at org.apache.ratis.server.impl.MiniRaftCluster.restart(MiniRaftCluster.java:374)
	at org.apache.ratis.server.impl.RaftReconfigurationBaseTest.lambda$testRestorePriority$0(RaftReconfigurationBaseTest.java:123)
	at org.apache.ratis.server.impl.MiniRaftCluster$Factory$Get.runWithNewCluster(MiniRaftCluster.java:141)
	at org.apache.ratis.server.impl.MiniRaftCluster$Factory$Get.runWithNewCluster(MiniRaftCluster.java:121)
	at org.apache.ratis.server.impl.RaftReconfigurationBaseTest.testRestorePriority(RaftReconfigurationBaseTest.java:100)
	at java.base/jdk.internal.reflect.NativeMethodAccessorImpl.invoke0(Native Method)
	at java.base/jdk.internal.reflect.NativeMethodAccessorImpl.invoke(NativeMethodAccessorImpl.java:62)
	at java.base/jdk.internal.reflect.DelegatingMethodAccessorImpl.invoke(DelegatingMethodAccessorImpl.java:43)
	at java.base/java.lang.reflect.Method.invoke(Method.java:566)
	at org.junit.runners.model.FrameworkMethod$1.runReflectiveCall(FrameworkMethod.java:59)
	at org.junit.internal.runners.model.ReflectiveCallable.run(ReflectiveCallable.java:12)
	at org.junit.runners.model.FrameworkMethod.invokeExplosively(FrameworkMethod.java:56)
	at org.junit.internal.runners.statements.InvokeMethod.evaluate(InvokeMethod.java:17)
	at org.junit.internal.runners.statements.RunAfters.evaluate(RunAfters.java:27)
	at org.junit.internal.runners.statements.FailOnTimeout$CallableStatement.call(FailOnTimeout.java:299)
	at org.junit.internal.runners.statements.FailOnTimeout$CallableStatement.call(FailOnTimeout.java:293)
	at java.base/java.util.concurrent.FutureTask.run(FutureTask.java:264)
	at java.base/java.lang.Thread.run(Thread.java:829)
Caused by: org.apache.ratis.thirdparty.io.netty.channel.unix.Errors$NativeIoException: bind(..) failed: Address already in use
2023-03-17 00:25:00,665 [Time-limited test] INFO  impl.MiniRaftCluster (MiniRaftCluster.java:runWithNewCluster(143)) - printing ALL groups
  s0:  RUNNING [
   FOLLOWER s0@group-7CD1EA773A0D:t1, leader=null, voted=s1, raftlog=Memoized:s0@group-7CD1EA773A0D-SegmentedRaftLog:OPENED:c-1, conf=0: peers:[s0|rpc:localhost:42303|admin:localhost:39619|client:localhost:33117|dataStream:localhost:43417|priority:0|startupRole:FOLLOWER, s1|rpc:localhost:45261|admin:localhost:35185|client:localhost:34351|dataStream:localhost:33675|priority:0|startupRole:FOLLOWER, s2|rpc:localhost:46431|admin:localhost:39719|client:localhost:40163|dataStream:localhost:45865|priority:0|startupRole:FOLLOWER]|listeners:[], old=null RUNNING
   FOLLOWER s0@group-61D7957BD671:t1, leader=null, voted=s2, raftlog=Memoized:s0@group-61D7957BD671-SegmentedRaftLog:OPENED:c-1, conf=0: peers:[s0|rpc:0.0.0.0:42303|admin:0.0.0.0:39619|client:0.0.0.0:33117|dataStream:|priority:0|startupRole:FOLLOWER, s1|rpc:0.0.0.0:45261|admin:0.0.0.0:35185|client:0.0.0.0:34351|dataStream:|priority:1|startupRole:FOLLOWER, s2|rpc:0.0.0.0:46431|admin:0.0.0.0:39719|client:0.0.0.0:40163|dataStream:|priority:2|startupRole:FOLLOWER]|listeners:[], old=null RUNNING] size=2
  s1:EXCEPTION [
   FOLLOWER s1@group-7CD1EA773A0D:t1, leader=null, voted=s1, raftlog=Memoized:s1@group-7CD1EA773A0D-SegmentedRaftLog:OPENED:c-1, conf=0: peers:[s0|rpc:localhost:42303|admin:localhost:39619|client:localhost:33117|dataStream:localhost:43417|priority:0|startupRole:FOLLOWER, s1|rpc:localhost:45261|admin:localhost:35185|client:localhost:34351|dataStream:localhost:33675|priority:0|startupRole:FOLLOWER, s2|rpc:localhost:46431|admin:localhost:39719|client:localhost:40163|dataStream:localhost:45865|priority:0|startupRole:FOLLOWER]|listeners:[], old=null RUNNING
   FOLLOWER s1@group-61D7957BD671:t1, leader=null, voted=s2, raftlog=Memoized:s1@group-61D7957BD671-SegmentedRaftLog:OPENED:c-1, conf=0: peers:[s0|rpc:0.0.0.0:42303|admin:0.0.0.0:39619|client:0.0.0.0:33117|dataStream:|priority:0|startupRole:FOLLOWER, s1|rpc:0.0.0.0:45261|admin:0.0.0.0:35185|client:0.0.0.0:34351|dataStream:|priority:1|startupRole:FOLLOWER, s2|rpc:0.0.0.0:46431|admin:0.0.0.0:39719|client:0.0.0.0:40163|dataStream:|priority:2|startupRole:FOLLOWER]|listeners:[], old=null RUNNING] size=2
  s2:      NEW [
       null s2@group-7CD1EA773A0D:t0, leader=null, voted=null, raftlog=UNINITIALIZED, conf=-1: peers:[s0|rpc:localhost:42303|admin:localhost:39619|client:localhost:33117|dataStream:localhost:43417|priority:0|startupRole:FOLLOWER, s1|rpc:localhost:45261|admin:localhost:35185|client:localhost:34351|dataStream:localhost:33675|priority:0|startupRole:FOLLOWER, s2|rpc:localhost:46431|admin:localhost:39719|client:localhost:40163|dataStream:localhost:45865|priority:0|startupRole:FOLLOWER]|listeners:[], old=null NEW
       null s2@group-61D7957BD671:t0, leader=null, voted=null, raftlog=UNINITIALIZED, conf=-1: peers:[]|listeners:[], old=null NEW] size=2
2023-03-17 00:25:00,665 [Time-limited test] ERROR impl.MiniRaftCluster (MiniRaftCluster.java:runWithNewCluster(144)) - Failed org.apache.ratis.server.impl.MiniRaftCluster$Factory$Get.runWithNewCluster(MiniRaftCluster.java:121)
org.apache.ratis.util.ExitUtils$ExitException: Failed to start Grpc server
	at org.apache.ratis.util.ExitUtils.terminate(ExitUtils.java:141)
	at org.apache.ratis.util.ExitUtils.terminate(ExitUtils.java:151)
	at org.apache.ratis.grpc.server.GrpcService.startImpl(GrpcService.java:300)
	at org.apache.ratis.util.LifeCycle.startAndTransition(LifeCycle.java:270)
	at org.apache.ratis.server.RaftServerRpcWithProxy.start(RaftServerRpcWithProxy.java:72)
	at org.apache.ratis.server.impl.RaftServerProxy.startImpl(RaftServerProxy.java:402)
	at org.apache.ratis.util.LifeCycle.startAndTransition(LifeCycle.java:270)
	at org.apache.ratis.server.impl.RaftServerProxy.start(RaftServerProxy.java:395)
	at org.apache.ratis.server.impl.MiniRaftCluster.startServers(MiniRaftCluster.java:499)
	at org.apache.ratis.server.impl.MiniRaftCluster.start(MiniRaftCluster.java:346)
	at org.apache.ratis.server.impl.MiniRaftCluster.restart(MiniRaftCluster.java:374)
	at org.apache.ratis.server.impl.RaftReconfigurationBaseTest.lambda$testRestorePriority$0(RaftReconfigurationBaseTest.java:123)
	at org.apache.ratis.server.impl.MiniRaftCluster$Factory$Get.runWithNewCluster(MiniRaftCluster.java:141)
	at org.apache.ratis.server.impl.MiniRaftCluster$Factory$Get.runWithNewCluster(MiniRaftCluster.java:121)
	at org.apache.ratis.server.impl.RaftReconfigurationBaseTest.testRestorePriority(RaftReconfigurationBaseTest.java:100)
	at java.base/jdk.internal.reflect.NativeMethodAccessorImpl.invoke0(Native Method)
	at java.base/jdk.internal.reflect.NativeMethodAccessorImpl.invoke(NativeMethodAccessorImpl.java:62)
	at java.base/jdk.internal.reflect.DelegatingMethodAccessorImpl.invoke(DelegatingMethodAccessorImpl.java:43)
	at java.base/java.lang.reflect.Method.invoke(Method.java:566)
	at org.junit.runners.model.FrameworkMethod$1.runReflectiveCall(FrameworkMethod.java:59)
	at org.junit.internal.runners.model.ReflectiveCallable.run(ReflectiveCallable.java:12)
	at org.junit.runners.model.FrameworkMethod.invokeExplosively(FrameworkMethod.java:56)
	at org.junit.internal.runners.statements.InvokeMethod.evaluate(InvokeMethod.java:17)
	at org.junit.internal.runners.statements.RunAfters.evaluate(RunAfters.java:27)
	at org.junit.internal.runners.statements.FailOnTimeout$CallableStatement.call(FailOnTimeout.java:299)
	at org.junit.internal.runners.statements.FailOnTimeout$CallableStatement.call(FailOnTimeout.java:293)
	at java.base/java.util.concurrent.FutureTask.run(FutureTask.java:264)
	at java.base/java.lang.Thread.run(Thread.java:829)
Caused by: java.io.IOException: Failed to bind to address 0.0.0.0/0.0.0.0:45261
	at org.apache.ratis.thirdparty.io.grpc.netty.NettyServer.start(NettyServer.java:328)
	at org.apache.ratis.thirdparty.io.grpc.internal.ServerImpl.start(ServerImpl.java:183)
	at org.apache.ratis.thirdparty.io.grpc.internal.ServerImpl.start(ServerImpl.java:92)
	at org.apache.ratis.grpc.server.GrpcService.startImpl(GrpcService.java:298)
	... 25 more
Caused by: org.apache.ratis.thirdparty.io.netty.channel.unix.Errors$NativeIoException: bind(..) failed: Address already in use
2023-03-17 00:25:00,665 [Time-limited test] INFO  impl.MiniRaftCluster (MiniRaftCluster.java:shutdown(831)) - ************************************************************** 
2023-03-17 00:25:00,665 [Time-limited test] INFO  impl.MiniRaftCluster (MiniRaftCluster.java:shutdown(832)) - *** 
2023-03-17 00:25:00,665 [Time-limited test] INFO  impl.MiniRaftCluster (MiniRaftCluster.java:shutdown(833)) - ***     Stopping MiniRaftClusterWithGrpc
2023-03-17 00:25:00,665 [Time-limited test] INFO  impl.MiniRaftCluster (MiniRaftCluster.java:shutdown(834)) - *** 
2023-03-17 00:25:00,665 [Time-limited test] INFO  impl.MiniRaftCluster (MiniRaftCluster.java:shutdown(835)) - ************************************************************** 
2023-03-17 00:25:00,665 [Time-limited test] INFO  impl.MiniRaftCluster (MiniRaftCluster.java:shutdown(836)) - printing ALL groups
  s0:  RUNNING [
   FOLLOWER s0@group-7CD1EA773A0D:t1, leader=null, voted=s1, raftlog=Memoized:s0@group-7CD1EA773A0D-SegmentedRaftLog:OPENED:c-1, conf=0: peers:[s0|rpc:localhost:42303|admin:localhost:39619|client:localhost:33117|dataStream:localhost:43417|priority:0|startupRole:FOLLOWER, s1|rpc:localhost:45261|admin:localhost:35185|client:localhost:34351|dataStream:localhost:33675|priority:0|startupRole:FOLLOWER, s2|rpc:localhost:46431|admin:localhost:39719|client:localhost:40163|dataStream:localhost:45865|priority:0|startupRole:FOLLOWER]|listeners:[], old=null RUNNING
   FOLLOWER s0@group-61D7957BD671:t1, leader=null, voted=s2, raftlog=Memoized:s0@group-61D7957BD671-SegmentedRaftLog:OPENED:c-1, conf=0: peers:[s0|rpc:0.0.0.0:42303|admin:0.0.0.0:39619|client:0.0.0.0:33117|dataStream:|priority:0|startupRole:FOLLOWER, s1|rpc:0.0.0.0:45261|admin:0.0.0.0:35185|client:0.0.0.0:34351|dataStream:|priority:1|startupRole:FOLLOWER, s2|rpc:0.0.0.0:46431|admin:0.0.0.0:39719|client:0.0.0.0:40163|dataStream:|priority:2|startupRole:FOLLOWER]|listeners:[], old=null RUNNING] size=2
  s1:EXCEPTION [
   FOLLOWER s1@group-7CD1EA773A0D:t1, leader=null, voted=s1, raftlog=Memoized:s1@group-7CD1EA773A0D-SegmentedRaftLog:OPENED:c-1, conf=0: peers:[s0|rpc:localhost:42303|admin:localhost:39619|client:localhost:33117|dataStream:localhost:43417|priority:0|startupRole:FOLLOWER, s1|rpc:localhost:45261|admin:localhost:35185|client:localhost:34351|dataStream:localhost:33675|priority:0|startupRole:FOLLOWER, s2|rpc:localhost:46431|admin:localhost:39719|client:localhost:40163|dataStream:localhost:45865|priority:0|startupRole:FOLLOWER]|listeners:[], old=null RUNNING
   FOLLOWER s1@group-61D7957BD671:t1, leader=null, voted=s2, raftlog=Memoized:s1@group-61D7957BD671-SegmentedRaftLog:OPENED:c-1, conf=0: peers:[s0|rpc:0.0.0.0:42303|admin:0.0.0.0:39619|client:0.0.0.0:33117|dataStream:|priority:0|startupRole:FOLLOWER, s1|rpc:0.0.0.0:45261|admin:0.0.0.0:35185|client:0.0.0.0:34351|dataStream:|priority:1|startupRole:FOLLOWER, s2|rpc:0.0.0.0:46431|admin:0.0.0.0:39719|client:0.0.0.0:40163|dataStream:|priority:2|startupRole:FOLLOWER]|listeners:[], old=null RUNNING] size=2
  s2:      NEW [
       null s2@group-7CD1EA773A0D:t0, leader=null, voted=null, raftlog=UNINITIALIZED, conf=-1: peers:[s0|rpc:localhost:42303|admin:localhost:39619|client:localhost:33117|dataStream:localhost:43417|priority:0|startupRole:FOLLOWER, s1|rpc:localhost:45261|admin:localhost:35185|client:localhost:34351|dataStream:localhost:33675|priority:0|startupRole:FOLLOWER, s2|rpc:localhost:46431|admin:localhost:39719|client:localhost:40163|dataStream:localhost:45865|priority:0|startupRole:FOLLOWER]|listeners:[], old=null NEW
       null s2@group-61D7957BD671:t0, leader=null, voted=null, raftlog=UNINITIALIZED, conf=-1: peers:[]|listeners:[], old=null NEW] size=2
2023-03-17 00:25:00,668 [MiniRaftCluster-57] INFO  server.RaftServer (RaftServerProxy.java:lambda$close$7(417)) - s0: close
2023-03-17 00:25:00,668 [s0-impl-thread1] INFO  server.RaftServer$Division (RaftServerImpl.java:lambda$close$4(466)) - s0@group-61D7957BD671: shutdown
2023-03-17 00:25:00,668 [s0-impl-thread2] INFO  server.RaftServer$Division (RaftServerImpl.java:lambda$close$4(466)) - s0@group-7CD1EA773A0D: shutdown
2023-03-17 00:25:00,668 [s0-impl-thread2] INFO  util.JmxRegister (JmxRegister.java:unregister(73)) - Successfully un-registered JMX Bean with object name Ratis:service=RaftServer,group=group-7CD1EA773A0D,id=s0
2023-03-17 00:25:00,668 [s0-impl-thread2] INFO  impl.RoleInfo (RoleInfo.java:shutdownFollowerState(110)) - s0: shutdown s0@group-7CD1EA773A0D-FollowerState
2023-03-17 00:25:00,668 [s0-impl-thread2] INFO  impl.StateMachineUpdater (StateMachineUpdater.java:stopAndJoin(154)) - s0@group-7CD1EA773A0D-StateMachineUpdater: set stopIndex = -1
2023-03-17 00:25:00,668 [s0@group-7CD1EA773A0D-FollowerState] INFO  impl.FollowerState (FollowerState.java:run(152)) - s0@group-7CD1EA773A0D-FollowerState was interrupted
2023-03-17 00:25:00,668 [s0-impl-thread1] INFO  util.JmxRegister (JmxRegister.java:unregister(73)) - Successfully un-registered JMX Bean with object name Ratis:service=RaftServer,group=group-61D7957BD671,id=s0
2023-03-17 00:25:00,668 [s0-impl-thread1] INFO  impl.RoleInfo (RoleInfo.java:shutdownFollowerState(110)) - s0: shutdown s0@group-61D7957BD671-FollowerState
2023-03-17 00:25:00,669 [s0-impl-thread1] INFO  impl.StateMachineUpdater (StateMachineUpdater.java:stopAndJoin(154)) - s0@group-61D7957BD671-StateMachineUpdater: set stopIndex = -1
2023-03-17 00:25:00,669 [s0@group-61D7957BD671-FollowerState] INFO  impl.FollowerState (FollowerState.java:run(152)) - s0@group-61D7957BD671-FollowerState was interrupted
2023-03-17 00:25:00,669 [s0-impl-thread1] INFO  server.RaftServer$Division (ServerState.java:close(414)) - s0@group-61D7957BD671: applyIndex: -1
2023-03-17 00:25:00,669 [s0-impl-thread2] INFO  server.RaftServer$Division (ServerState.java:close(414)) - s0@group-7CD1EA773A0D: applyIndex: -1
2023-03-17 00:25:00,668 [MiniRaftCluster-57] INFO  server.GrpcService (GrpcService.java:closeImpl(311)) - s0: shutdown server org.apache.ratis.grpc.server.GrpcClientProtocolService now
2023-03-17 00:25:00,672 [MiniRaftCluster-58] INFO  server.RaftServer (RaftServerProxy.java:lambda$close$7(417)) - s1: close
2023-03-17 00:25:00,672 [s1-impl-thread2] INFO  server.RaftServer$Division (RaftServerImpl.java:lambda$close$4(466)) - s1@group-7CD1EA773A0D: shutdown
2023-03-17 00:25:00,672 [s1-impl-thread2] INFO  util.JmxRegister (JmxRegister.java:unregister(73)) - Successfully un-registered JMX Bean with object name Ratis:service=RaftServer,group=group-7CD1EA773A0D,id=s1
2023-03-17 00:25:00,672 [s1-impl-thread2] INFO  impl.RoleInfo (RoleInfo.java:shutdownFollowerState(110)) - s1: shutdown s1@group-7CD1EA773A0D-FollowerState
2023-03-17 00:25:00,672 [s1-impl-thread2] INFO  impl.StateMachineUpdater (StateMachineUpdater.java:stopAndJoin(154)) - s1@group-7CD1EA773A0D-StateMachineUpdater: set stopIndex = -1
2023-03-17 00:25:00,672 [s1@group-7CD1EA773A0D-FollowerState] INFO  impl.FollowerState (FollowerState.java:run(152)) - s1@group-7CD1EA773A0D-FollowerState was interrupted
2023-03-17 00:25:00,672 [s1-impl-thread1] INFO  server.RaftServer$Division (RaftServerImpl.java:lambda$close$4(466)) - s1@group-61D7957BD671: shutdown
2023-03-17 00:25:00,672 [s1-impl-thread1] INFO  util.JmxRegister (JmxRegister.java:unregister(73)) - Successfully un-registered JMX Bean with object name Ratis:service=RaftServer,group=group-61D7957BD671,id=s1
2023-03-17 00:25:00,672 [s1-impl-thread1] INFO  impl.RoleInfo (RoleInfo.java:shutdownFollowerState(110)) - s1: shutdown s1@group-61D7957BD671-FollowerState
2023-03-17 00:25:00,672 [s1-impl-thread1] INFO  impl.StateMachineUpdater (StateMachineUpdater.java:stopAndJoin(154)) - s1@group-61D7957BD671-StateMachineUpdater: set stopIndex = -1
2023-03-17 00:25:00,672 [s1@group-61D7957BD671-FollowerState] INFO  impl.FollowerState (FollowerState.java:run(152)) - s1@group-61D7957BD671-FollowerState was interrupted
2023-03-17 00:25:00,672 [s1-impl-thread2] INFO  server.RaftServer$Division (ServerState.java:close(414)) - s1@group-7CD1EA773A0D: applyIndex: -1
2023-03-17 00:25:00,672 [s1-impl-thread1] INFO  server.RaftServer$Division (ServerState.java:close(414)) - s1@group-61D7957BD671: applyIndex: -1
2023-03-17 00:25:00,672 [MiniRaftCluster-58] INFO  server.GrpcService (GrpcService.java:closeImpl(311)) - s1: shutdown server org.apache.ratis.grpc.server.GrpcClientProtocolService now
2023-03-17 00:25:00,673 [MiniRaftCluster-57] INFO  server.GrpcService (GrpcService.java:closeImpl(320)) - s0: shutdown server org.apache.ratis.grpc.server.GrpcClientProtocolService successfully
2023-03-17 00:25:00,673 [MiniRaftCluster-57] INFO  server.GrpcService (GrpcService.java:closeImpl(311)) - s0: shutdown server GrpcServerProtocolService now
2023-03-17 00:25:00,674 [MiniRaftCluster-58] INFO  server.GrpcService (GrpcService.java:closeImpl(320)) - s1: shutdown server org.apache.ratis.grpc.server.GrpcClientProtocolService successfully
2023-03-17 00:25:00,674 [MiniRaftCluster-58] INFO  server.GrpcService (GrpcService.java:closeImpl(311)) - s1: shutdown server GrpcServerProtocolService now
2023-03-17 00:25:00,678 [MiniRaftCluster-57] INFO  server.GrpcService (GrpcService.java:closeImpl(320)) - s0: shutdown server GrpcServerProtocolService successfully
2023-03-17 00:25:00,678 [MiniRaftCluster-57] INFO  server.GrpcService (GrpcService.java:closeImpl(311)) - s0: shutdown server org.apache.ratis.grpc.server.GrpcAdminProtocolService now
2023-03-17 00:25:00,679 [MiniRaftCluster-57] INFO  server.GrpcService (GrpcService.java:closeImpl(320)) - s0: shutdown server org.apache.ratis.grpc.server.GrpcAdminProtocolService successfully
2023-03-17 00:25:00,679 [MiniRaftCluster-58] INFO  server.GrpcService (GrpcService.java:closeImpl(320)) - s1: shutdown server GrpcServerProtocolService successfully
2023-03-17 00:25:00,679 [MiniRaftCluster-58] INFO  server.GrpcService (GrpcService.java:closeImpl(311)) - s1: shutdown server org.apache.ratis.grpc.server.GrpcAdminProtocolService now
2023-03-17 00:25:00,679 [MiniRaftCluster-58] INFO  server.GrpcService (GrpcService.java:closeImpl(320)) - s1: shutdown server org.apache.ratis.grpc.server.GrpcAdminProtocolService successfully
2023-03-17 00:25:01,648 [s0-impl-thread2] INFO  segmented.SegmentedRaftLogWorker (SegmentedRaftLogWorker.java:close(242)) - s0@group-7CD1EA773A0D-SegmentedRaftLogWorker close()
2023-03-17 00:25:01,648 [s0-impl-thread1] INFO  segmented.SegmentedRaftLogWorker (SegmentedRaftLogWorker.java:close(242)) - s0@group-61D7957BD671-SegmentedRaftLogWorker close()
2023-03-17 00:25:01,649 [JvmPauseMonitor55] INFO  util.JvmPauseMonitor (JvmPauseMonitor.java:run(109)) - JvmPauseMonitor-s0: Stopped
2023-03-17 00:25:01,659 [s1-impl-thread2] INFO  segmented.SegmentedRaftLogWorker (SegmentedRaftLogWorker.java:close(242)) - s1@group-7CD1EA773A0D-SegmentedRaftLogWorker close()
2023-03-17 00:25:01,661 [s1-impl-thread1] INFO  segmented.SegmentedRaftLogWorker (SegmentedRaftLogWorker.java:close(242)) - s1@group-61D7957BD671-SegmentedRaftLogWorker close()
]]></system-out>
  </testcase>
  <testcase name="testRestorePriority" classname="org.apache.ratis.grpc.TestRaftReconfigurationWithGrpc" time="6.645">
    <failure message="Unexpected exit." type="java.lang.AssertionError">java.lang.AssertionError: Unexpected exit.
	at org.apache.ratis.util.ExitUtils.assertNotTerminated(ExitUtils.java:109)
	at org.apache.ratis.BaseTest.assertNoFailures(BaseTest.java:89)
	at java.base/jdk.internal.reflect.NativeMethodAccessorImpl.invoke0(Native Method)
	at java.base/jdk.internal.reflect.NativeMethodAccessorImpl.invoke(NativeMethodAccessorImpl.java:62)
	at java.base/jdk.internal.reflect.DelegatingMethodAccessorImpl.invoke(DelegatingMethodAccessorImpl.java:43)
	at java.base/java.lang.reflect.Method.invoke(Method.java:566)
	at org.junit.runners.model.FrameworkMethod$1.runReflectiveCall(FrameworkMethod.java:59)
	at org.junit.internal.runners.model.ReflectiveCallable.run(ReflectiveCallable.java:12)
	at org.junit.runners.model.FrameworkMethod.invokeExplosively(FrameworkMethod.java:56)
	at org.junit.internal.runners.statements.RunAfters.invokeMethod(RunAfters.java:46)
	at org.junit.internal.runners.statements.RunAfters.evaluate(RunAfters.java:33)
	at org.junit.internal.runners.statements.FailOnTimeout$CallableStatement.call(FailOnTimeout.java:299)
	at org.junit.internal.runners.statements.FailOnTimeout$CallableStatement.call(FailOnTimeout.java:293)
	at java.base/java.util.concurrent.FutureTask.run(FutureTask.java:264)
	at java.base/java.lang.Thread.run(Thread.java:829)
Caused by: org.apache.ratis.util.ExitUtils$ExitException: Failed to start Grpc server
	at org.apache.ratis.util.ExitUtils.terminate(ExitUtils.java:141)
	at org.apache.ratis.util.ExitUtils.terminate(ExitUtils.java:151)
	at org.apache.ratis.grpc.server.GrpcService.startImpl(GrpcService.java:300)
	at org.apache.ratis.util.LifeCycle.startAndTransition(LifeCycle.java:270)
	at org.apache.ratis.server.RaftServerRpcWithProxy.start(RaftServerRpcWithProxy.java:72)
	at org.apache.ratis.server.impl.RaftServerProxy.startImpl(RaftServerProxy.java:402)
	at org.apache.ratis.util.LifeCycle.startAndTransition(LifeCycle.java:270)
	at org.apache.ratis.server.impl.RaftServerProxy.start(RaftServerProxy.java:395)
	at org.apache.ratis.server.impl.MiniRaftCluster.startServers(MiniRaftCluster.java:499)
	at org.apache.ratis.server.impl.MiniRaftCluster.start(MiniRaftCluster.java:346)
	at org.apache.ratis.server.impl.MiniRaftCluster.restart(MiniRaftCluster.java:374)
	at org.apache.ratis.server.impl.RaftReconfigurationBaseTest.lambda$testRestorePriority$0(RaftReconfigurationBaseTest.java:123)
	at org.apache.ratis.server.impl.MiniRaftCluster$Factory$Get.runWithNewCluster(MiniRaftCluster.java:141)
	at org.apache.ratis.server.impl.MiniRaftCluster$Factory$Get.runWithNewCluster(MiniRaftCluster.java:121)
	at org.apache.ratis.server.impl.RaftReconfigurationBaseTest.testRestorePriority(RaftReconfigurationBaseTest.java:100)
	at java.base/jdk.internal.reflect.NativeMethodAccessorImpl.invoke0(Native Method)
	at java.base/jdk.internal.reflect.NativeMethodAccessorImpl.invoke(NativeMethodAccessorImpl.java:62)
	at java.base/jdk.internal.reflect.DelegatingMethodAccessorImpl.invoke(DelegatingMethodAccessorImpl.java:43)
	at java.base/java.lang.reflect.Method.invoke(Method.java:566)
	at org.junit.runners.model.FrameworkMethod$1.runReflectiveCall(FrameworkMethod.java:59)
	at org.junit.internal.runners.model.ReflectiveCallable.run(ReflectiveCallable.java:12)
	at org.junit.runners.model.FrameworkMethod.invokeExplosively(FrameworkMethod.java:56)
	at org.junit.internal.runners.statements.InvokeMethod.evaluate(InvokeMethod.java:17)
	at org.junit.internal.runners.statements.RunAfters.evaluate(RunAfters.java:27)
	... 4 more
Caused by: java.io.IOException: Failed to bind to address 0.0.0.0/0.0.0.0:45261
	at org.apache.ratis.thirdparty.io.grpc.netty.NettyServer.start(NettyServer.java:328)
	at org.apache.ratis.thirdparty.io.grpc.internal.ServerImpl.start(ServerImpl.java:183)
	at org.apache.ratis.thirdparty.io.grpc.internal.ServerImpl.start(ServerImpl.java:92)
	at org.apache.ratis.grpc.server.GrpcService.startImpl(GrpcService.java:298)
	... 25 more
Caused by: org.apache.ratis.thirdparty.io.netty.channel.unix.Errors$NativeIoException: bind(..) failed: Address already in use
</failure>
  </testcase>
  <testcase name="testSetConfigurationInCasMode" classname="org.apache.ratis.grpc.TestRaftReconfigurationWithGrpc" time="1.898">
    <failure message="Unexpected exit." type="java.lang.AssertionError">java.lang.AssertionError: Unexpected exit.
	at org.apache.ratis.util.ExitUtils.assertNotTerminated(ExitUtils.java:109)
	at org.apache.ratis.server.impl.MiniRaftCluster.shutdown(MiniRaftCluster.java:854)
	at org.apache.ratis.server.impl.MiniRaftCluster$Factory$Get.runWithNewCluster(MiniRaftCluster.java:147)
	at org.apache.ratis.server.impl.MiniRaftCluster$Factory$Get.runWithNewCluster(MiniRaftCluster.java:121)
	at org.apache.ratis.server.impl.RaftReconfigurationBaseTest.testSetConfigurationInCasMode(RaftReconfigurationBaseTest.java:223)
	at java.base/jdk.internal.reflect.NativeMethodAccessorImpl.invoke0(Native Method)
	at java.base/jdk.internal.reflect.NativeMethodAccessorImpl.invoke(NativeMethodAccessorImpl.java:62)
	at java.base/jdk.internal.reflect.DelegatingMethodAccessorImpl.invoke(DelegatingMethodAccessorImpl.java:43)
	at java.base/java.lang.reflect.Method.invoke(Method.java:566)
	at org.junit.runners.model.FrameworkMethod$1.runReflectiveCall(FrameworkMethod.java:59)
	at org.junit.internal.runners.model.ReflectiveCallable.run(ReflectiveCallable.java:12)
	at org.junit.runners.model.FrameworkMethod.invokeExplosively(FrameworkMethod.java:56)
	at org.junit.internal.runners.statements.InvokeMethod.evaluate(InvokeMethod.java:17)
	at org.junit.internal.runners.statements.RunAfters.evaluate(RunAfters.java:27)
	at org.junit.internal.runners.statements.FailOnTimeout$CallableStatement.call(FailOnTimeout.java:299)
	at org.junit.internal.runners.statements.FailOnTimeout$CallableStatement.call(FailOnTimeout.java:293)
	at java.base/java.util.concurrent.FutureTask.run(FutureTask.java:264)
	at java.base/java.lang.Thread.run(Thread.java:829)
Caused by: org.apache.ratis.util.ExitUtils$ExitException: Failed to start Grpc server
	at org.apache.ratis.util.ExitUtils.terminate(ExitUtils.java:141)
	at org.apache.ratis.util.ExitUtils.terminate(ExitUtils.java:151)
	at org.apache.ratis.grpc.server.GrpcService.startImpl(GrpcService.java:300)
	at org.apache.ratis.util.LifeCycle.startAndTransition(LifeCycle.java:270)
	at org.apache.ratis.server.RaftServerRpcWithProxy.start(RaftServerRpcWithProxy.java:72)
	at org.apache.ratis.server.impl.RaftServerProxy.startImpl(RaftServerProxy.java:402)
	at org.apache.ratis.util.LifeCycle.startAndTransition(LifeCycle.java:270)
	at org.apache.ratis.server.impl.RaftServerProxy.start(RaftServerProxy.java:395)
	at org.apache.ratis.server.impl.MiniRaftCluster.startServers(MiniRaftCluster.java:499)
	at org.apache.ratis.server.impl.MiniRaftCluster.start(MiniRaftCluster.java:346)
	at org.apache.ratis.server.impl.MiniRaftCluster.restart(MiniRaftCluster.java:374)
	at org.apache.ratis.server.impl.RaftReconfigurationBaseTest.lambda$testRestorePriority$0(RaftReconfigurationBaseTest.java:123)
	at org.apache.ratis.server.impl.MiniRaftCluster$Factory$Get.runWithNewCluster(MiniRaftCluster.java:141)
	at org.apache.ratis.server.impl.MiniRaftCluster$Factory$Get.runWithNewCluster(MiniRaftCluster.java:121)
	at org.apache.ratis.server.impl.RaftReconfigurationBaseTest.testRestorePriority(RaftReconfigurationBaseTest.java:100)
	... 13 more
Caused by: java.io.IOException: Failed to bind to address 0.0.0.0/0.0.0.0:45261
	at org.apache.ratis.thirdparty.io.grpc.netty.NettyServer.start(NettyServer.java:328)
	at org.apache.ratis.thirdparty.io.grpc.internal.ServerImpl.start(ServerImpl.java:183)
	at org.apache.ratis.thirdparty.io.grpc.internal.ServerImpl.start(ServerImpl.java:92)
	at org.apache.ratis.grpc.server.GrpcService.startImpl(GrpcService.java:298)
	... 25 more
Caused by: org.apache.ratis.thirdparty.io.netty.channel.unix.Errors$NativeIoException: bind(..) failed: Address already in use
</failure>
    <system-out><![CDATA[2023-03-17 00:25:01,671 [main] INFO  util.LogUtils (Slf4jUtils.java:setLogLevel(38)) - Successfully set org.apache.ratis.conf.ConfUtils log level to WARN
2023-03-17 00:25:01,671 [main] INFO  util.LogUtils (Slf4jUtils.java:setLogLevel(38)) - Successfully set org.apache.ratis.util.FileUtils log level to TRACE
2023-03-17 00:25:01,671 [Time-limited test] INFO  impl.MiniRaftCluster (MiniRaftCluster.java:runWithNewCluster(135)) - Running runWithNewCluster
2023-03-17 00:25:01,672 [Time-limited test] INFO  impl.MiniRaftCluster (MiniRaftCluster.java:<init>(306)) - new MiniRaftClusterWithGrpc with group-E6DD42024C81:[s0|rpc:localhost:33671|admin:localhost:39087|client:localhost:34879|dataStream:localhost:40135|priority:0|startupRole:FOLLOWER, s1|rpc:localhost:46405|admin:localhost:35137|client:localhost:36573|dataStream:localhost:34935|priority:0|startupRole:FOLLOWER]
2023-03-17 00:25:01,672 [Time-limited test] INFO  impl.MiniRaftCluster (MiniRaftCluster.java:start(339)) - .............................................................. 
2023-03-17 00:25:01,672 [Time-limited test] INFO  impl.MiniRaftCluster (MiniRaftCluster.java:start(340)) - ... 
2023-03-17 00:25:01,672 [Time-limited test] INFO  impl.MiniRaftCluster (MiniRaftCluster.java:start(341)) - ...     Starting MiniRaftClusterWithGrpc
2023-03-17 00:25:01,672 [Time-limited test] INFO  impl.MiniRaftCluster (MiniRaftCluster.java:start(342)) - ... 
2023-03-17 00:25:01,672 [Time-limited test] INFO  impl.MiniRaftCluster (MiniRaftCluster.java:start(343)) - .............................................................. 
2023-03-17 00:25:01,672 [Time-limited test] INFO  impl.MiniRaftCluster (MiniRaftCluster.java:initServers(318)) - servers = {}
2023-03-17 00:25:01,672 [Time-limited test] INFO  impl.MiniRaftCluster (MiniRaftCluster.java:newRaftServer(382)) - newRaftServer: s0, group-E6DD42024C81:[s0|rpc:localhost:33671|admin:localhost:39087|client:localhost:34879|dataStream:localhost:40135|priority:0|startupRole:FOLLOWER, s1|rpc:localhost:46405|admin:localhost:35137|client:localhost:36573|dataStream:localhost:34935|priority:0|startupRole:FOLLOWER], format? true
2023-03-17 00:25:01,672 [Time-limited test] TRACE util.FileUtils (FileUtils.java:deleteFully(201)) - deleteFully target/test/data/ce6527c6/MiniRaftClusterWithGrpc2d3becb2/s0
2023-03-17 00:25:01,672 [Time-limited test] TRACE util.FileUtils (FileUtils.java:deleteFully(217)) - deleteFully: target/test/data/ce6527c6/MiniRaftClusterWithGrpc2d3becb2/s0 does not exist.
2023-03-17 00:25:01,672 [Time-limited test] INFO  impl.MiniRaftCluster (MiniRaftCluster.java:newRaftServer(387)) - Formatted directory target/test/data/ce6527c6/MiniRaftClusterWithGrpc2d3becb2/s0
2023-03-17 00:25:01,673 [Time-limited test] INFO  server.RaftServer (ConfUtils.java:logGet(46)) - raft.rpc.type = GRPC (default)
2023-03-17 00:25:01,673 [Time-limited test] INFO  grpc.GrpcConfigKeys (ConfUtils.java:logFallback(53)) - raft.grpc.admin.host = null (fallback to raft.grpc.server.host)
2023-03-17 00:25:01,673 [Time-limited test] INFO  grpc.GrpcConfigKeys (ConfUtils.java:logGet(46)) - raft.grpc.admin.port = 39087 (custom)
2023-03-17 00:25:01,673 [Time-limited test] INFO  grpc.GrpcConfigKeys (ConfUtils.java:logFallback(53)) - raft.grpc.client.host = null (fallback to raft.grpc.server.host)
2023-03-17 00:25:01,673 [Time-limited test] INFO  grpc.GrpcConfigKeys (ConfUtils.java:logGet(46)) - raft.grpc.client.port = 34879 (custom)
2023-03-17 00:25:01,673 [Time-limited test] INFO  grpc.GrpcConfigKeys (ConfUtils.java:logGet(46)) - raft.grpc.server.host = null (default)
2023-03-17 00:25:01,673 [Time-limited test] INFO  grpc.GrpcConfigKeys (ConfUtils.java:logGet(46)) - raft.grpc.server.port = 33671 (custom)
2023-03-17 00:25:01,673 [Time-limited test] INFO  server.GrpcService (ConfUtils.java:logGet(46)) - raft.grpc.message.size.max = 64MB (=67108864) (default)
2023-03-17 00:25:01,673 [Time-limited test] INFO  server.RaftServerConfigKeys (ConfUtils.java:logGet(46)) - raft.server.log.appender.buffer.byte-limit = 4MB (=4194304) (default)
2023-03-17 00:25:01,673 [Time-limited test] INFO  server.GrpcService (ConfUtils.java:logGet(46)) - raft.grpc.flow.control.window = 1MB (=1048576) (default)
2023-03-17 00:25:01,673 [Time-limited test] INFO  server.RaftServerConfigKeys (ConfUtils.java:logGet(46)) - raft.server.rpc.request.timeout = 3000ms (default)
2023-03-17 00:25:01,673 [Time-limited test] INFO  grpc.GrpcConfigKeys (ConfUtils.java:logGet(46)) - raft.grpc.server.heartbeat.channel = true (default)
2023-03-17 00:25:01,673 [Time-limited test] INFO  grpc.GrpcConfigKeys (ConfUtils.java:logGet(46)) - raft.grpc.server.async.request.thread.pool.cached = true (default)
2023-03-17 00:25:01,673 [Time-limited test] INFO  grpc.GrpcConfigKeys (ConfUtils.java:logGet(46)) - raft.grpc.server.async.request.thread.pool.size = 32 (default)
2023-03-17 00:25:01,674 [Time-limited test] INFO  impl.DataStreamServerImpl (ConfUtils.java:logGet(46)) - raft.datastream.type = DISABLED (default)
2023-03-17 00:25:01,674 [Time-limited test] INFO  server.RaftServerConfigKeys (ConfUtils.java:logGet(46)) - raft.server.threadpool.proxy.cached = true (default)
2023-03-17 00:25:01,675 [Time-limited test] INFO  server.RaftServerConfigKeys (ConfUtils.java:logGet(46)) - raft.server.threadpool.proxy.size = 0 (default)
2023-03-17 00:25:01,675 [Time-limited test] INFO  server.RaftServerConfigKeys (ConfUtils.java:logGet(46)) - raft.server.rpc.slowness.timeout = 60s (default)
2023-03-17 00:25:01,675 [Time-limited test] INFO  server.RaftServerConfigKeys (ConfUtils.java:logGet(46)) - raft.server.leaderelection.leader.step-down.wait-time = 10s (default)
2023-03-17 00:25:01,675 [Time-limited test] INFO  server.RaftServerConfigKeys (ConfUtils.java:logGet(46)) - raft.server.storage.dir = [/home/runner/work/ratis/ratis/ratis-test/target/test/data/ce6527c6/MiniRaftClusterWithGrpc2d3becb2/s0] (custom)
2023-03-17 00:25:01,675 [Time-limited test] INFO  server.RaftServer (RaftServerProxy.java:addNew(99)) - s0: addNew group-E6DD42024C81:[s0|rpc:localhost:33671|admin:localhost:39087|client:localhost:34879|dataStream:localhost:40135|priority:0|startupRole:FOLLOWER, s1|rpc:localhost:46405|admin:localhost:35137|client:localhost:36573|dataStream:localhost:34935|priority:0|startupRole:FOLLOWER] returns group-E6DD42024C81:java.util.concurrent.CompletableFuture@7bdeec72[Not completed]
2023-03-17 00:25:01,675 [Time-limited test] INFO  impl.MiniRaftCluster (MiniRaftCluster.java:newRaftServer(382)) - newRaftServer: s1, group-E6DD42024C81:[s0|rpc:localhost:33671|admin:localhost:39087|client:localhost:34879|dataStream:localhost:40135|priority:0|startupRole:FOLLOWER, s1|rpc:localhost:46405|admin:localhost:35137|client:localhost:36573|dataStream:localhost:34935|priority:0|startupRole:FOLLOWER], format? true
2023-03-17 00:25:01,675 [Time-limited test] TRACE util.FileUtils (FileUtils.java:deleteFully(201)) - deleteFully target/test/data/ce6527c6/MiniRaftClusterWithGrpc2d3becb2/s1
2023-03-17 00:25:01,675 [Time-limited test] TRACE util.FileUtils (FileUtils.java:deleteFully(217)) - deleteFully: target/test/data/ce6527c6/MiniRaftClusterWithGrpc2d3becb2/s1 does not exist.
2023-03-17 00:25:01,675 [Time-limited test] INFO  impl.MiniRaftCluster (MiniRaftCluster.java:newRaftServer(387)) - Formatted directory target/test/data/ce6527c6/MiniRaftClusterWithGrpc2d3becb2/s1
2023-03-17 00:25:01,676 [Time-limited test] INFO  server.RaftServer (ConfUtils.java:logGet(46)) - raft.rpc.type = GRPC (default)
2023-03-17 00:25:01,676 [Time-limited test] INFO  grpc.GrpcConfigKeys (ConfUtils.java:logFallback(53)) - raft.grpc.admin.host = null (fallback to raft.grpc.server.host)
2023-03-17 00:25:01,676 [Time-limited test] INFO  grpc.GrpcConfigKeys (ConfUtils.java:logGet(46)) - raft.grpc.admin.port = 35137 (custom)
2023-03-17 00:25:01,676 [Time-limited test] INFO  grpc.GrpcConfigKeys (ConfUtils.java:logFallback(53)) - raft.grpc.client.host = null (fallback to raft.grpc.server.host)
2023-03-17 00:25:01,676 [Time-limited test] INFO  grpc.GrpcConfigKeys (ConfUtils.java:logGet(46)) - raft.grpc.client.port = 36573 (custom)
2023-03-17 00:25:01,676 [Time-limited test] INFO  grpc.GrpcConfigKeys (ConfUtils.java:logGet(46)) - raft.grpc.server.host = null (default)
2023-03-17 00:25:01,676 [Time-limited test] INFO  grpc.GrpcConfigKeys (ConfUtils.java:logGet(46)) - raft.grpc.server.port = 46405 (custom)
2023-03-17 00:25:01,676 [Time-limited test] INFO  server.GrpcService (ConfUtils.java:logGet(46)) - raft.grpc.message.size.max = 64MB (=67108864) (default)
2023-03-17 00:25:01,676 [Time-limited test] INFO  server.RaftServerConfigKeys (ConfUtils.java:logGet(46)) - raft.server.log.appender.buffer.byte-limit = 4MB (=4194304) (default)
2023-03-17 00:25:01,676 [Time-limited test] INFO  server.GrpcService (ConfUtils.java:logGet(46)) - raft.grpc.flow.control.window = 1MB (=1048576) (default)
2023-03-17 00:25:01,676 [Time-limited test] INFO  server.RaftServerConfigKeys (ConfUtils.java:logGet(46)) - raft.server.rpc.request.timeout = 3000ms (default)
2023-03-17 00:25:01,676 [Time-limited test] INFO  grpc.GrpcConfigKeys (ConfUtils.java:logGet(46)) - raft.grpc.server.heartbeat.channel = true (default)
2023-03-17 00:25:01,676 [Time-limited test] INFO  grpc.GrpcConfigKeys (ConfUtils.java:logGet(46)) - raft.grpc.server.async.request.thread.pool.cached = true (default)
2023-03-17 00:25:01,676 [Time-limited test] INFO  grpc.GrpcConfigKeys (ConfUtils.java:logGet(46)) - raft.grpc.server.async.request.thread.pool.size = 32 (default)
2023-03-17 00:25:01,677 [Time-limited test] INFO  impl.DataStreamServerImpl (ConfUtils.java:logGet(46)) - raft.datastream.type = DISABLED (default)
2023-03-17 00:25:01,677 [Time-limited test] INFO  server.RaftServerConfigKeys (ConfUtils.java:logGet(46)) - raft.server.threadpool.proxy.cached = true (default)
2023-03-17 00:25:01,677 [Time-limited test] INFO  server.RaftServerConfigKeys (ConfUtils.java:logGet(46)) - raft.server.threadpool.proxy.size = 0 (default)
2023-03-17 00:25:01,677 [Time-limited test] INFO  server.RaftServerConfigKeys (ConfUtils.java:logGet(46)) - raft.server.rpc.slowness.timeout = 60s (default)
2023-03-17 00:25:01,677 [Time-limited test] INFO  server.RaftServerConfigKeys (ConfUtils.java:logGet(46)) - raft.server.leaderelection.leader.step-down.wait-time = 10s (default)
2023-03-17 00:25:01,677 [Time-limited test] INFO  server.RaftServerConfigKeys (ConfUtils.java:logGet(46)) - raft.server.storage.dir = [/home/runner/work/ratis/ratis/ratis-test/target/test/data/ce6527c6/MiniRaftClusterWithGrpc2d3becb2/s1] (custom)
2023-03-17 00:25:01,677 [s0-groupManagement] INFO  server.RaftServer$Division (RaftServerImpl.java:<init>(198)) - s0: new RaftServerImpl for group-E6DD42024C81:[s0|rpc:localhost:33671|admin:localhost:39087|client:localhost:34879|dataStream:localhost:40135|priority:0|startupRole:FOLLOWER, s1|rpc:localhost:46405|admin:localhost:35137|client:localhost:36573|dataStream:localhost:34935|priority:0|startupRole:FOLLOWER] with BaseStateMachine:uninitialized
2023-03-17 00:25:01,677 [s0-groupManagement] INFO  server.RaftServerConfigKeys (ConfUtils.java:logGet(46)) - raft.server.rpc.timeout.min = 150ms (default)
2023-03-17 00:25:01,677 [s0-groupManagement] INFO  server.RaftServerConfigKeys (ConfUtils.java:logGet(46)) - raft.server.rpc.timeout.max = 300ms (default)
2023-03-17 00:25:01,678 [s0-groupManagement] INFO  server.RaftServerConfigKeys (ConfUtils.java:logGet(46)) - raft.server.rpc.sleep.time = 25ms (default)
2023-03-17 00:25:01,678 [s0-groupManagement] INFO  server.RaftServerConfigKeys (ConfUtils.java:logGet(46)) - raft.server.rpc.slowness.timeout = 60s (default)
2023-03-17 00:25:01,678 [s0-groupManagement] INFO  server.RaftServerConfigKeys (ConfUtils.java:logGet(46)) - raft.server.leaderelection.leader.step-down.wait-time = 10s (default)
2023-03-17 00:25:01,678 [s0-groupManagement] INFO  server.RaftServerConfigKeys (ConfUtils.java:logGet(46)) - raft.server.sleep.deviation.threshold = 300ms (default)
2023-03-17 00:25:01,678 [s0-groupManagement] INFO  server.RaftServer$Division (ServerState.java:<init>(113)) - s0@group-E6DD42024C81: ConfigurationManager, init=-1: peers:[s0|rpc:localhost:33671|admin:localhost:39087|client:localhost:34879|dataStream:localhost:40135|priority:0|startupRole:FOLLOWER, s1|rpc:localhost:46405|admin:localhost:35137|client:localhost:36573|dataStream:localhost:34935|priority:0|startupRole:FOLLOWER]|listeners:[], old=null, confs=<EMPTY_MAP>
2023-03-17 00:25:01,678 [s0-groupManagement] INFO  server.RaftServerConfigKeys (ConfUtils.java:logGet(46)) - raft.server.notification.no-leader.timeout = 60s (default)
2023-03-17 00:25:01,678 [s0-groupManagement] INFO  server.RaftServerConfigKeys (ConfUtils.java:logGet(46)) - raft.server.read.timeout = 10s (default)
2023-03-17 00:25:01,678 [s0-groupManagement] INFO  server.RaftServerConfigKeys (ConfUtils.java:logGet(46)) - raft.server.retrycache.expirytime = 60s (default)
2023-03-17 00:25:01,678 [s0-groupManagement] INFO  server.RaftServerConfigKeys (ConfUtils.java:logGet(46)) - raft.server.retrycache.statistics.expirytime = 100μs (default)
2023-03-17 00:25:01,678 [s0-groupManagement] INFO  server.RaftServerConfigKeys (ConfUtils.java:logGet(46)) - raft.server.read.option = DEFAULT (default)
2023-03-17 00:25:01,678 [s0-groupManagement] INFO  server.RaftServerConfigKeys (ConfUtils.java:logGet(46)) - raft.server.log.appender.install.snapshot.enabled = true (default)
2023-03-17 00:25:01,678 [s0-groupManagement] INFO  server.RaftServerConfigKeys (ConfUtils.java:logGet(46)) - raft.server.threadpool.server.cached = true (default)
2023-03-17 00:25:01,678 [s0-groupManagement] INFO  server.RaftServerConfigKeys (ConfUtils.java:logGet(46)) - raft.server.threadpool.server.size = 0 (default)
2023-03-17 00:25:01,678 [s0-groupManagement] INFO  server.RaftServerConfigKeys (ConfUtils.java:logGet(46)) - raft.server.threadpool.client.cached = true (default)
2023-03-17 00:25:01,679 [s0-groupManagement] INFO  server.RaftServerConfigKeys (ConfUtils.java:logGet(46)) - raft.server.threadpool.client.size = 0 (default)
2023-03-17 00:25:01,679 [Thread-1665] WARN  grpc.GrpcUtil (GrpcUtil.java:shutdownManagedChannel(223)) - Timed out gracefully shutting down connection: ManagedChannelOrphanWrapper{delegate=ManagedChannelImpl{logId=6923, target=localhost:45261}}. 
2023-03-17 00:25:01,680 [MiniRaftCluster-56] INFO  server.GrpcService (GrpcService.java:closeImpl(320)) - s2: shutdown server org.apache.ratis.grpc.server.GrpcClientProtocolService successfully
2023-03-17 00:25:01,680 [MiniRaftCluster-56] INFO  server.GrpcService (GrpcService.java:closeImpl(311)) - s2: shutdown server GrpcServerProtocolService now
2023-03-17 00:25:01,680 [grpc-default-executor-7] INFO  server.GrpcLogAppender (GrpcLogAppender.java:onError(411)) - s2@group-61D7957BD671->s1-GrpcLogAppender is already stopped
2023-03-17 00:25:01,681 [grpc-default-executor-6] WARN  server.GrpcServerProtocolService (LogUtils.java:warn(122)) - s1: APPEND_ENTRIES onError, lastRequest: s2->s1#1-t1,previous=(t:0, i:0),leaderCommit=-1,initializing? true,entries: size=1, first=(t:1, i:0), CONFIGURATIONENTRY(current:id: "s0"
address: "0.0.0.0:42303"
clientAddress: "0.0.0.0:33117"
adminAddress: "0.0.0.0:39619"
startupRole: FOLLOWER
,id: "s1"
address: "0.0.0.0:45261"
priority: 1
clientAddress: "0.0.0.0:34351"
adminAddress: "0.0.0.0:35185"
startupRole: FOLLOWER
,id: "s2"
address: "0.0.0.0:46431"
priority: 2
clientAddress: "0.0.0.0:40163"
adminAddress: "0.0.0.0:39719"
startupRole: FOLLOWER
, old:): org.apache.ratis.thirdparty.io.grpc.StatusRuntimeException: CANCELLED: client cancelled
2023-03-17 00:25:01,681 [grpc-default-executor-3] WARN  server.GrpcServerProtocolService (LogUtils.java:warn(122)) - s2: APPEND_ENTRIES onError, lastRequest: s1->s2#1-t1,previous=(t:0, i:0),leaderCommit=-1,initializing? true,entries: size=1, first=(t:1, i:0), CONFIGURATIONENTRY(current:id: "s0"
address: "localhost:42303"
dataStreamAddress: "localhost:43417"
clientAddress: "localhost:33117"
adminAddress: "localhost:39619"
startupRole: FOLLOWER
,id: "s1"
address: "localhost:45261"
dataStreamAddress: "localhost:33675"
clientAddress: "localhost:34351"
adminAddress: "localhost:35185"
startupRole: FOLLOWER
,id: "s2"
address: "localhost:46431"
dataStreamAddress: "localhost:45865"
clientAddress: "localhost:40163"
adminAddress: "localhost:39719"
startupRole: FOLLOWER
, old:): org.apache.ratis.thirdparty.io.grpc.StatusRuntimeException: CANCELLED: client cancelled
2023-03-17 00:25:01,681 [MiniRaftCluster-55] INFO  server.GrpcService (GrpcService.java:closeImpl(320)) - s1: shutdown server org.apache.ratis.grpc.server.GrpcClientProtocolService successfully
2023-03-17 00:25:01,681 [MiniRaftCluster-55] INFO  server.GrpcService (GrpcService.java:closeImpl(311)) - s1: shutdown server GrpcServerProtocolService now
2023-03-17 00:25:01,681 [grpc-default-executor-5] INFO  server.GrpcLogAppender (GrpcLogAppender.java:onError(411)) - s1@group-7CD1EA773A0D->s2-GrpcLogAppender is already stopped
2023-03-17 00:25:01,684 [MiniRaftCluster-55] INFO  server.GrpcService (GrpcService.java:closeImpl(320)) - s1: shutdown server GrpcServerProtocolService successfully
2023-03-17 00:25:01,684 [MiniRaftCluster-55] INFO  server.GrpcService (GrpcService.java:closeImpl(311)) - s1: shutdown server org.apache.ratis.grpc.server.GrpcAdminProtocolService now
2023-03-17 00:25:01,685 [MiniRaftCluster-55] INFO  server.GrpcService (GrpcService.java:closeImpl(320)) - s1: shutdown server org.apache.ratis.grpc.server.GrpcAdminProtocolService successfully
2023-03-17 00:25:01,685 [MiniRaftCluster-56] INFO  server.GrpcService (GrpcService.java:closeImpl(320)) - s2: shutdown server GrpcServerProtocolService successfully
2023-03-17 00:25:01,685 [MiniRaftCluster-56] INFO  server.GrpcService (GrpcService.java:closeImpl(311)) - s2: shutdown server org.apache.ratis.grpc.server.GrpcAdminProtocolService now
2023-03-17 00:25:01,685 [JvmPauseMonitor53] INFO  util.JvmPauseMonitor (JvmPauseMonitor.java:run(109)) - JvmPauseMonitor-s1: Stopped
2023-03-17 00:25:01,685 [Time-limited test] INFO  server.RaftServer (RaftServerProxy.java:addNew(99)) - s1: addNew group-E6DD42024C81:[s0|rpc:localhost:33671|admin:localhost:39087|client:localhost:34879|dataStream:localhost:40135|priority:0|startupRole:FOLLOWER, s1|rpc:localhost:46405|admin:localhost:35137|client:localhost:36573|dataStream:localhost:34935|priority:0|startupRole:FOLLOWER] returns group-E6DD42024C81:java.util.concurrent.CompletableFuture@17c0d0cb[Not completed]
2023-03-17 00:25:01,686 [s0-impl-thread1] INFO  server.RaftServerConfigKeys (ConfUtils.java:logGet(46)) - raft.server.storage.free-space.min = 0MB (=0) (default)
2023-03-17 00:25:01,686 [s0-impl-thread1] INFO  server.RaftServerConfigKeys (ConfUtils.java:logGet(46)) - raft.server.log.corruption.policy = EXCEPTION (default)
2023-03-17 00:25:01,686 [s0-impl-thread1] INFO  server.RaftServerConfigKeys (ConfUtils.java:logGet(46)) - raft.server.storage.dir = [/home/runner/work/ratis/ratis/ratis-test/target/test/data/ce6527c6/MiniRaftClusterWithGrpc2d3becb2/s0] (custom)
2023-03-17 00:25:01,686 [s0-impl-thread1] INFO  storage.RaftStorageDirectory (RaftStorageDirectoryImpl.java:analyzeStorage(138)) - The storage directory /home/runner/work/ratis/ratis/ratis-test/target/test/data/ce6527c6/MiniRaftClusterWithGrpc2d3becb2/s0/0da4de62-b61e-45b8-8b26-e6dd42024c81 does not exist. Creating ...
2023-03-17 00:25:01,686 [s0-impl-thread1] TRACE util.FileUtils (LogUtils.java:runAndLog(49)) - Successfully ran Files.createDirectories /home/runner/work/ratis/ratis/ratis-test/target/test/data/ce6527c6/MiniRaftClusterWithGrpc2d3becb2/s0/0da4de62-b61e-45b8-8b26-e6dd42024c81
2023-03-17 00:25:01,686 [s1-groupManagement] INFO  server.RaftServer$Division (RaftServerImpl.java:<init>(198)) - s1: new RaftServerImpl for group-E6DD42024C81:[s0|rpc:localhost:33671|admin:localhost:39087|client:localhost:34879|dataStream:localhost:40135|priority:0|startupRole:FOLLOWER, s1|rpc:localhost:46405|admin:localhost:35137|client:localhost:36573|dataStream:localhost:34935|priority:0|startupRole:FOLLOWER] with BaseStateMachine:uninitialized
2023-03-17 00:25:01,687 [s1-groupManagement] INFO  server.RaftServerConfigKeys (ConfUtils.java:logGet(46)) - raft.server.rpc.timeout.min = 150ms (default)
2023-03-17 00:25:01,687 [s1-groupManagement] INFO  server.RaftServerConfigKeys (ConfUtils.java:logGet(46)) - raft.server.rpc.timeout.max = 300ms (default)
2023-03-17 00:25:01,687 [s1-groupManagement] INFO  server.RaftServerConfigKeys (ConfUtils.java:logGet(46)) - raft.server.rpc.sleep.time = 25ms (default)
2023-03-17 00:25:01,687 [s1-groupManagement] INFO  server.RaftServerConfigKeys (ConfUtils.java:logGet(46)) - raft.server.rpc.slowness.timeout = 60s (default)
2023-03-17 00:25:01,687 [s1-groupManagement] INFO  server.RaftServerConfigKeys (ConfUtils.java:logGet(46)) - raft.server.leaderelection.leader.step-down.wait-time = 10s (default)
2023-03-17 00:25:01,687 [s1-groupManagement] INFO  server.RaftServerConfigKeys (ConfUtils.java:logGet(46)) - raft.server.sleep.deviation.threshold = 300ms (default)
2023-03-17 00:25:01,687 [s1-groupManagement] INFO  server.RaftServer$Division (ServerState.java:<init>(113)) - s1@group-E6DD42024C81: ConfigurationManager, init=-1: peers:[s0|rpc:localhost:33671|admin:localhost:39087|client:localhost:34879|dataStream:localhost:40135|priority:0|startupRole:FOLLOWER, s1|rpc:localhost:46405|admin:localhost:35137|client:localhost:36573|dataStream:localhost:34935|priority:0|startupRole:FOLLOWER]|listeners:[], old=null, confs=<EMPTY_MAP>
2023-03-17 00:25:01,687 [s1-groupManagement] INFO  server.RaftServerConfigKeys (ConfUtils.java:logGet(46)) - raft.server.notification.no-leader.timeout = 60s (default)
2023-03-17 00:25:01,687 [s1-groupManagement] INFO  server.RaftServerConfigKeys (ConfUtils.java:logGet(46)) - raft.server.read.timeout = 10s (default)
2023-03-17 00:25:01,687 [s1-groupManagement] INFO  server.RaftServerConfigKeys (ConfUtils.java:logGet(46)) - raft.server.retrycache.expirytime = 60s (default)
2023-03-17 00:25:01,687 [s1-groupManagement] INFO  server.RaftServerConfigKeys (ConfUtils.java:logGet(46)) - raft.server.retrycache.statistics.expirytime = 100μs (default)
2023-03-17 00:25:01,687 [s1-groupManagement] INFO  server.RaftServerConfigKeys (ConfUtils.java:logGet(46)) - raft.server.read.option = DEFAULT (default)
2023-03-17 00:25:01,687 [s0-impl-thread1] INFO  storage.RaftStorageDirectory (RaftStorageDirectoryImpl.java:tryLock(232)) - Lock on /home/runner/work/ratis/ratis/ratis-test/target/test/data/ce6527c6/MiniRaftClusterWithGrpc2d3becb2/s0/0da4de62-b61e-45b8-8b26-e6dd42024c81/in_use.lock acquired by nodename 10276@fv-az426-358
2023-03-17 00:25:01,688 [s0-impl-thread1] TRACE util.FileUtils (LogUtils.java:runAndLog(49)) - Successfully ran Files.createDirectories /home/runner/work/ratis/ratis/ratis-test/target/test/data/ce6527c6/MiniRaftClusterWithGrpc2d3becb2/s0/0da4de62-b61e-45b8-8b26-e6dd42024c81/current
2023-03-17 00:25:01,688 [s0-impl-thread1] TRACE util.FileUtils (LogUtils.java:runAndLog(49)) - Successfully ran Files.createDirectories /home/runner/work/ratis/ratis/ratis-test/target/test/data/ce6527c6/MiniRaftClusterWithGrpc2d3becb2/s0/0da4de62-b61e-45b8-8b26-e6dd42024c81/sm
2023-03-17 00:25:01,688 [s1-groupManagement] INFO  server.RaftServerConfigKeys (ConfUtils.java:logGet(46)) - raft.server.log.appender.install.snapshot.enabled = true (default)
2023-03-17 00:25:01,688 [s1-groupManagement] INFO  server.RaftServerConfigKeys (ConfUtils.java:logGet(46)) - raft.server.threadpool.server.cached = true (default)
2023-03-17 00:25:01,688 [s1-groupManagement] INFO  server.RaftServerConfigKeys (ConfUtils.java:logGet(46)) - raft.server.threadpool.server.size = 0 (default)
2023-03-17 00:25:01,688 [s1-groupManagement] INFO  server.RaftServerConfigKeys (ConfUtils.java:logGet(46)) - raft.server.threadpool.client.cached = true (default)
2023-03-17 00:25:01,688 [s1-groupManagement] INFO  server.RaftServerConfigKeys (ConfUtils.java:logGet(46)) - raft.server.threadpool.client.size = 0 (default)
2023-03-17 00:25:01,689 [s0-impl-thread1] INFO  storage.RaftStorage (RaftStorageImpl.java:format(96)) - Storage directory /home/runner/work/ratis/ratis/ratis-test/target/test/data/ce6527c6/MiniRaftClusterWithGrpc2d3becb2/s0/0da4de62-b61e-45b8-8b26-e6dd42024c81 has been successfully formatted.
2023-03-17 00:25:01,689 [s0-impl-thread1] INFO  server.RaftServerConfigKeys (ConfUtils.java:logGet(46)) - raft.server.log.use.memory = false (default)
2023-03-17 00:25:01,689 [s0-impl-thread1] INFO  server.RaftServerConfigKeys (ConfUtils.java:logGet(46)) - raft.server.log.purge.gap = 1024 (default)
2023-03-17 00:25:01,689 [s0-impl-thread1] INFO  server.RaftServerConfigKeys (ConfUtils.java:logGet(46)) - raft.server.log.appender.buffer.byte-limit = 4MB (=4194304) (default)
2023-03-17 00:25:01,689 [s0-impl-thread1] INFO  server.RaftServerConfigKeys (ConfUtils.java:logGet(46)) - raft.server.log.statemachine.data.read.timeout = 1000ms (default)
2023-03-17 00:25:01,689 [s0-impl-thread1] INFO  server.RaftServerConfigKeys (ConfUtils.java:logGet(46)) - raft.server.log.purge.preservation.log.num = 0 (default)
2023-03-17 00:25:01,689 [s0-impl-thread1] INFO  server.RaftServerConfigKeys (ConfUtils.java:logGet(46)) - raft.server.log.segment.size.max = 8MB (=8388608) (default)
2023-03-17 00:25:01,689 [MiniRaftCluster-56] INFO  server.GrpcService (GrpcService.java:closeImpl(320)) - s2: shutdown server org.apache.ratis.grpc.server.GrpcAdminProtocolService successfully
2023-03-17 00:25:01,689 [s0-impl-thread1] INFO  server.RaftServerConfigKeys (ConfUtils.java:logGet(46)) - raft.server.log.segment.cache.num.max = 6 (default)
2023-03-17 00:25:01,689 [s0-impl-thread1] INFO  server.RaftServerConfigKeys (ConfUtils.java:logGet(46)) - raft.server.log.segment.cache.size.max = 200MB (=209715200) (default)
2023-03-17 00:25:01,689 [s0-impl-thread1] INFO  server.RaftServerConfigKeys (ConfUtils.java:logGet(46)) - raft.server.log.appender.buffer.byte-limit = 4MB (=4194304) (default)
2023-03-17 00:25:01,689 [s0-impl-thread1] INFO  segmented.SegmentedRaftLogWorker (SegmentedRaftLogWorker.java:<init>(183)) - new s0@group-E6DD42024C81-SegmentedRaftLogWorker for RaftStorageImpl:Storage Directory /home/runner/work/ratis/ratis/ratis-test/target/test/data/ce6527c6/MiniRaftClusterWithGrpc2d3becb2/s0/0da4de62-b61e-45b8-8b26-e6dd42024c81
2023-03-17 00:25:01,689 [s0-impl-thread1] INFO  server.RaftServerConfigKeys (ConfUtils.java:logGet(46)) - raft.server.log.queue.byte-limit = 64MB (=67108864) (default)
2023-03-17 00:25:01,690 [s0-impl-thread1] INFO  server.RaftServerConfigKeys (ConfUtils.java:logGet(46)) - raft.server.log.queue.element-limit = 4096 (default)
2023-03-17 00:25:01,690 [s0-impl-thread1] INFO  server.RaftServerConfigKeys (ConfUtils.java:logGet(46)) - raft.server.log.segment.size.max = 8MB (=8388608) (default)
2023-03-17 00:25:01,690 [s0-impl-thread1] INFO  server.RaftServerConfigKeys (ConfUtils.java:logGet(46)) - raft.server.log.preallocated.size = 4MB (=4194304) (default)
2023-03-17 00:25:01,690 [s0-impl-thread1] INFO  server.RaftServerConfigKeys (ConfUtils.java:logGet(46)) - raft.server.log.force.sync.num = 128 (default)
2023-03-17 00:25:01,690 [s0-impl-thread1] INFO  server.RaftServerConfigKeys (ConfUtils.java:logGet(46)) - raft.server.log.statemachine.data.sync = true (default)
2023-03-17 00:25:01,690 [s0-impl-thread1] INFO  server.RaftServerConfigKeys (ConfUtils.java:logGet(46)) - raft.server.log.statemachine.data.sync.timeout = 10s (default)
2023-03-17 00:25:01,690 [s0-impl-thread1] INFO  server.RaftServerConfigKeys (ConfUtils.java:logGet(46)) - raft.server.log.statemachine.data.sync.timeout.retry = -1 (default)
2023-03-17 00:25:01,690 [s0-impl-thread1] INFO  server.RaftServerConfigKeys (ConfUtils.java:logGet(46)) - raft.server.log.write.buffer.size = 64KB (=65536) (default)
2023-03-17 00:25:01,690 [s0-impl-thread1] INFO  server.RaftServerConfigKeys (ConfUtils.java:logGet(46)) - raft.server.log.appender.buffer.byte-limit = 4MB (=4194304) (default)
2023-03-17 00:25:01,690 [JvmPauseMonitor54] INFO  util.JvmPauseMonitor (JvmPauseMonitor.java:run(109)) - JvmPauseMonitor-s2: Stopped
2023-03-17 00:25:01,690 [s0-impl-thread1] INFO  server.RaftServerConfigKeys (ConfUtils.java:logGet(46)) - raft.server.log.unsafe-flush.enabled = false (default)
2023-03-17 00:25:01,690 [s0-impl-thread1] INFO  server.RaftServerConfigKeys (ConfUtils.java:logGet(46)) - raft.server.log.async-flush.enabled = false (default)
2023-03-17 00:25:01,691 [s0-impl-thread1] INFO  server.RaftServerConfigKeys (ConfUtils.java:logGet(46)) - raft.server.log.statemachine.data.caching.enabled = false (default)
2023-03-17 00:25:01,691 [s0-impl-thread1] INFO  segmented.SegmentedRaftLogWorker (SegmentedRaftLogWorker.java:lambda$new$0(134)) - s0@group-E6DD42024C81-SegmentedRaftLogWorker: flushIndex: setUnconditionally 0 -> -1
2023-03-17 00:25:01,691 [s0-impl-thread1] INFO  segmented.SegmentedRaftLogWorker (SegmentedRaftLogWorker.java:lambda$new$0(134)) - s0@group-E6DD42024C81-SegmentedRaftLogWorker: safeCacheEvictIndex: setUnconditionally 0 -> -1
2023-03-17 00:25:01,691 [s0-impl-thread1] INFO  server.RaftServer$Division (RaftServerImpl.java:start(342)) - s0@group-E6DD42024C81: start as a follower, conf=-1: peers:[s0|rpc:localhost:33671|admin:localhost:39087|client:localhost:34879|dataStream:localhost:40135|priority:0|startupRole:FOLLOWER, s1|rpc:localhost:46405|admin:localhost:35137|client:localhost:36573|dataStream:localhost:34935|priority:0|startupRole:FOLLOWER]|listeners:[], old=null
2023-03-17 00:25:01,691 [s0-impl-thread1] INFO  server.RaftServer$Division (RaftServerImpl.java:setRole(329)) - s0@group-E6DD42024C81: changes role from      null to FOLLOWER at term 0 for startAsFollower
2023-03-17 00:25:01,691 [s0-impl-thread1] INFO  impl.RoleInfo (RoleInfo.java:updateAndGet(139)) - s0: start s0@group-E6DD42024C81-FollowerState
2023-03-17 00:25:01,691 [s0-impl-thread1] INFO  util.JmxRegister (JmxRegister.java:tryRegister(44)) - Successfully registered JMX Bean with object name Ratis:service=RaftServer,group=group-E6DD42024C81,id=s0
2023-03-17 00:25:01,691 [s0-impl-thread1] INFO  server.RaftServerConfigKeys (ConfUtils.java:logGet(46)) - raft.server.snapshot.auto.trigger.enabled = false (default)
2023-03-17 00:25:01,691 [s0-impl-thread1] INFO  server.RaftServerConfigKeys (ConfUtils.java:logGet(46)) - raft.server.snapshot.retention.file.num = -1 (default)
2023-03-17 00:25:01,691 [s0-impl-thread1] INFO  server.RaftServerConfigKeys (ConfUtils.java:logGet(46)) - raft.server.log.purge.upto.snapshot.index = false (default)
2023-03-17 00:25:01,692 [s0@group-E6DD42024C81-FollowerState] INFO  server.RaftServerConfigKeys (ConfUtils.java:logFallback(53)) - raft.server.rpc.first-election.timeout.min = 150ms (fallback to raft.server.rpc.timeout.min)
2023-03-17 00:25:01,692 [s0@group-E6DD42024C81-FollowerState] INFO  server.RaftServerConfigKeys (ConfUtils.java:logFallback(53)) - raft.server.rpc.first-election.timeout.max = 300ms (fallback to raft.server.rpc.timeout.max)
2023-03-17 00:25:01,692 [Time-limited test] INFO  server.RaftServer (RaftServerProxy.java:startImpl(401)) - s0: start RPC server
2023-03-17 00:25:01,692 [Time-limited test] INFO  server.GrpcService (GrpcService.java:startImpl(302)) - s0: GrpcService started, listening on 34879
2023-03-17 00:25:01,692 [Time-limited test] INFO  server.GrpcService (GrpcService.java:startImpl(302)) - s0: GrpcService started, listening on 33671
2023-03-17 00:25:01,692 [Time-limited test] INFO  server.GrpcService (GrpcService.java:startImpl(302)) - s0: GrpcService started, listening on 39087
2023-03-17 00:25:01,693 [s1-impl-thread1] INFO  server.RaftServerConfigKeys (ConfUtils.java:logGet(46)) - raft.server.storage.free-space.min = 0MB (=0) (default)
2023-03-17 00:25:01,693 [s1-impl-thread1] INFO  server.RaftServerConfigKeys (ConfUtils.java:logGet(46)) - raft.server.log.corruption.policy = EXCEPTION (default)
2023-03-17 00:25:01,693 [JvmPauseMonitor56] INFO  util.JvmPauseMonitor (JvmPauseMonitor.java:run(103)) - JvmPauseMonitor-s0: Started
2023-03-17 00:25:01,693 [s1-impl-thread1] INFO  server.RaftServerConfigKeys (ConfUtils.java:logGet(46)) - raft.server.storage.dir = [/home/runner/work/ratis/ratis/ratis-test/target/test/data/ce6527c6/MiniRaftClusterWithGrpc2d3becb2/s1] (custom)
2023-03-17 00:25:01,693 [s1-impl-thread1] INFO  storage.RaftStorageDirectory (RaftStorageDirectoryImpl.java:analyzeStorage(138)) - The storage directory /home/runner/work/ratis/ratis/ratis-test/target/test/data/ce6527c6/MiniRaftClusterWithGrpc2d3becb2/s1/0da4de62-b61e-45b8-8b26-e6dd42024c81 does not exist. Creating ...
2023-03-17 00:25:01,693 [s1-impl-thread1] TRACE util.FileUtils (LogUtils.java:runAndLog(49)) - Successfully ran Files.createDirectories /home/runner/work/ratis/ratis/ratis-test/target/test/data/ce6527c6/MiniRaftClusterWithGrpc2d3becb2/s1/0da4de62-b61e-45b8-8b26-e6dd42024c81
2023-03-17 00:25:01,694 [s1-impl-thread1] INFO  storage.RaftStorageDirectory (RaftStorageDirectoryImpl.java:tryLock(232)) - Lock on /home/runner/work/ratis/ratis/ratis-test/target/test/data/ce6527c6/MiniRaftClusterWithGrpc2d3becb2/s1/0da4de62-b61e-45b8-8b26-e6dd42024c81/in_use.lock acquired by nodename 10276@fv-az426-358
2023-03-17 00:25:01,694 [s1-impl-thread1] TRACE util.FileUtils (LogUtils.java:runAndLog(49)) - Successfully ran Files.createDirectories /home/runner/work/ratis/ratis/ratis-test/target/test/data/ce6527c6/MiniRaftClusterWithGrpc2d3becb2/s1/0da4de62-b61e-45b8-8b26-e6dd42024c81/current
2023-03-17 00:25:01,694 [s1-impl-thread1] TRACE util.FileUtils (LogUtils.java:runAndLog(49)) - Successfully ran Files.createDirectories /home/runner/work/ratis/ratis/ratis-test/target/test/data/ce6527c6/MiniRaftClusterWithGrpc2d3becb2/s1/0da4de62-b61e-45b8-8b26-e6dd42024c81/sm
2023-03-17 00:25:01,695 [s1-impl-thread1] INFO  storage.RaftStorage (RaftStorageImpl.java:format(96)) - Storage directory /home/runner/work/ratis/ratis/ratis-test/target/test/data/ce6527c6/MiniRaftClusterWithGrpc2d3becb2/s1/0da4de62-b61e-45b8-8b26-e6dd42024c81 has been successfully formatted.
2023-03-17 00:25:01,695 [s1-impl-thread1] INFO  server.RaftServerConfigKeys (ConfUtils.java:logGet(46)) - raft.server.log.use.memory = false (default)
2023-03-17 00:25:01,695 [s1-impl-thread1] INFO  server.RaftServerConfigKeys (ConfUtils.java:logGet(46)) - raft.server.log.purge.gap = 1024 (default)
2023-03-17 00:25:01,695 [s1-impl-thread1] INFO  server.RaftServerConfigKeys (ConfUtils.java:logGet(46)) - raft.server.log.appender.buffer.byte-limit = 4MB (=4194304) (default)
2023-03-17 00:25:01,695 [s1-impl-thread1] INFO  server.RaftServerConfigKeys (ConfUtils.java:logGet(46)) - raft.server.log.statemachine.data.read.timeout = 1000ms (default)
2023-03-17 00:25:01,695 [s1-impl-thread1] INFO  server.RaftServerConfigKeys (ConfUtils.java:logGet(46)) - raft.server.log.purge.preservation.log.num = 0 (default)
2023-03-17 00:25:01,695 [s1-impl-thread1] INFO  server.RaftServerConfigKeys (ConfUtils.java:logGet(46)) - raft.server.log.segment.size.max = 8MB (=8388608) (default)
2023-03-17 00:25:01,695 [s1-impl-thread1] INFO  server.RaftServerConfigKeys (ConfUtils.java:logGet(46)) - raft.server.log.segment.cache.num.max = 6 (default)
2023-03-17 00:25:01,695 [s1-impl-thread1] INFO  server.RaftServerConfigKeys (ConfUtils.java:logGet(46)) - raft.server.log.segment.cache.size.max = 200MB (=209715200) (default)
2023-03-17 00:25:01,695 [s1-impl-thread1] INFO  server.RaftServerConfigKeys (ConfUtils.java:logGet(46)) - raft.server.log.appender.buffer.byte-limit = 4MB (=4194304) (default)
2023-03-17 00:25:01,695 [s1-impl-thread1] INFO  segmented.SegmentedRaftLogWorker (SegmentedRaftLogWorker.java:<init>(183)) - new s1@group-E6DD42024C81-SegmentedRaftLogWorker for RaftStorageImpl:Storage Directory /home/runner/work/ratis/ratis/ratis-test/target/test/data/ce6527c6/MiniRaftClusterWithGrpc2d3becb2/s1/0da4de62-b61e-45b8-8b26-e6dd42024c81
2023-03-17 00:25:01,695 [s1-impl-thread1] INFO  server.RaftServerConfigKeys (ConfUtils.java:logGet(46)) - raft.server.log.queue.byte-limit = 64MB (=67108864) (default)
2023-03-17 00:25:01,695 [s1-impl-thread1] INFO  server.RaftServerConfigKeys (ConfUtils.java:logGet(46)) - raft.server.log.queue.element-limit = 4096 (default)
2023-03-17 00:25:01,696 [s1-impl-thread1] INFO  server.RaftServerConfigKeys (ConfUtils.java:logGet(46)) - raft.server.log.segment.size.max = 8MB (=8388608) (default)
2023-03-17 00:25:01,696 [s1-impl-thread1] INFO  server.RaftServerConfigKeys (ConfUtils.java:logGet(46)) - raft.server.log.preallocated.size = 4MB (=4194304) (default)
2023-03-17 00:25:01,696 [s1-impl-thread1] INFO  server.RaftServerConfigKeys (ConfUtils.java:logGet(46)) - raft.server.log.force.sync.num = 128 (default)
2023-03-17 00:25:01,696 [s1-impl-thread1] INFO  server.RaftServerConfigKeys (ConfUtils.java:logGet(46)) - raft.server.log.statemachine.data.sync = true (default)
2023-03-17 00:25:01,696 [s1-impl-thread1] INFO  server.RaftServerConfigKeys (ConfUtils.java:logGet(46)) - raft.server.log.statemachine.data.sync.timeout = 10s (default)
2023-03-17 00:25:01,696 [s1-impl-thread1] INFO  server.RaftServerConfigKeys (ConfUtils.java:logGet(46)) - raft.server.log.statemachine.data.sync.timeout.retry = -1 (default)
2023-03-17 00:25:01,696 [s1-impl-thread1] INFO  server.RaftServerConfigKeys (ConfUtils.java:logGet(46)) - raft.server.log.write.buffer.size = 64KB (=65536) (default)
2023-03-17 00:25:01,696 [s1-impl-thread1] INFO  server.RaftServerConfigKeys (ConfUtils.java:logGet(46)) - raft.server.log.appender.buffer.byte-limit = 4MB (=4194304) (default)
2023-03-17 00:25:01,696 [s1-impl-thread1] INFO  server.RaftServerConfigKeys (ConfUtils.java:logGet(46)) - raft.server.log.unsafe-flush.enabled = false (default)
2023-03-17 00:25:01,696 [s1-impl-thread1] INFO  server.RaftServerConfigKeys (ConfUtils.java:logGet(46)) - raft.server.log.async-flush.enabled = false (default)
2023-03-17 00:25:01,696 [s1-impl-thread1] INFO  server.RaftServerConfigKeys (ConfUtils.java:logGet(46)) - raft.server.log.statemachine.data.caching.enabled = false (default)
2023-03-17 00:25:01,697 [s1-impl-thread1] INFO  segmented.SegmentedRaftLogWorker (SegmentedRaftLogWorker.java:lambda$new$0(134)) - s1@group-E6DD42024C81-SegmentedRaftLogWorker: flushIndex: setUnconditionally 0 -> -1
2023-03-17 00:25:01,697 [s1-impl-thread1] INFO  segmented.SegmentedRaftLogWorker (SegmentedRaftLogWorker.java:lambda$new$0(134)) - s1@group-E6DD42024C81-SegmentedRaftLogWorker: safeCacheEvictIndex: setUnconditionally 0 -> -1
2023-03-17 00:25:01,697 [s1-impl-thread1] INFO  server.RaftServer$Division (RaftServerImpl.java:start(342)) - s1@group-E6DD42024C81: start as a follower, conf=-1: peers:[s0|rpc:localhost:33671|admin:localhost:39087|client:localhost:34879|dataStream:localhost:40135|priority:0|startupRole:FOLLOWER, s1|rpc:localhost:46405|admin:localhost:35137|client:localhost:36573|dataStream:localhost:34935|priority:0|startupRole:FOLLOWER]|listeners:[], old=null
2023-03-17 00:25:01,697 [s1-impl-thread1] INFO  server.RaftServer$Division (RaftServerImpl.java:setRole(329)) - s1@group-E6DD42024C81: changes role from      null to FOLLOWER at term 0 for startAsFollower
2023-03-17 00:25:01,697 [s1-impl-thread1] INFO  impl.RoleInfo (RoleInfo.java:updateAndGet(139)) - s1: start s1@group-E6DD42024C81-FollowerState
2023-03-17 00:25:01,697 [s1-impl-thread1] INFO  util.JmxRegister (JmxRegister.java:tryRegister(44)) - Successfully registered JMX Bean with object name Ratis:service=RaftServer,group=group-E6DD42024C81,id=s1
2023-03-17 00:25:01,697 [s1-impl-thread1] INFO  server.RaftServerConfigKeys (ConfUtils.java:logGet(46)) - raft.server.snapshot.auto.trigger.enabled = false (default)
2023-03-17 00:25:01,697 [s1-impl-thread1] INFO  server.RaftServerConfigKeys (ConfUtils.java:logGet(46)) - raft.server.snapshot.retention.file.num = -1 (default)
2023-03-17 00:25:01,697 [s1-impl-thread1] INFO  server.RaftServerConfigKeys (ConfUtils.java:logGet(46)) - raft.server.log.purge.upto.snapshot.index = false (default)
2023-03-17 00:25:01,697 [Time-limited test] INFO  server.RaftServer (RaftServerProxy.java:startImpl(401)) - s1: start RPC server
2023-03-17 00:25:01,697 [s1@group-E6DD42024C81-FollowerState] INFO  server.RaftServerConfigKeys (ConfUtils.java:logFallback(53)) - raft.server.rpc.first-election.timeout.min = 150ms (fallback to raft.server.rpc.timeout.min)
2023-03-17 00:25:01,698 [s1@group-E6DD42024C81-FollowerState] INFO  server.RaftServerConfigKeys (ConfUtils.java:logFallback(53)) - raft.server.rpc.first-election.timeout.max = 300ms (fallback to raft.server.rpc.timeout.max)
2023-03-17 00:25:01,698 [Time-limited test] INFO  server.GrpcService (GrpcService.java:startImpl(302)) - s1: GrpcService started, listening on 36573
2023-03-17 00:25:01,698 [Time-limited test] INFO  server.GrpcService (GrpcService.java:startImpl(302)) - s1: GrpcService started, listening on 46405
2023-03-17 00:25:01,698 [Time-limited test] INFO  server.GrpcService (GrpcService.java:startImpl(302)) - s1: GrpcService started, listening on 35137
2023-03-17 00:25:01,698 [JvmPauseMonitor57] INFO  util.JvmPauseMonitor (JvmPauseMonitor.java:run(103)) - JvmPauseMonitor-s1: Started
2023-03-17 00:25:01,698 [Time-limited test] INFO  server.RaftServerConfigKeys (ConfUtils.java:logGet(46)) - raft.server.rpc.timeout.max = 300ms (default)
2023-03-17 00:25:01,698 [Time-limited test] INFO  ratis.RaftTestUtil (RaftTestUtil.java:waitForLeader(100)) - printing ALL groups
  s0:  RUNNING  FOLLOWER s0@group-E6DD42024C81:t0, leader=null, voted=, raftlog=Memoized:s0@group-E6DD42024C81-SegmentedRaftLog:OPENED:c-1, conf=-1: peers:[s0|rpc:localhost:33671|admin:localhost:39087|client:localhost:34879|dataStream:localhost:40135|priority:0|startupRole:FOLLOWER, s1|rpc:localhost:46405|admin:localhost:35137|client:localhost:36573|dataStream:localhost:34935|priority:0|startupRole:FOLLOWER]|listeners:[], old=null RUNNING
  s1:  RUNNING  FOLLOWER s1@group-E6DD42024C81:t0, leader=null, voted=, raftlog=Memoized:s1@group-E6DD42024C81-SegmentedRaftLog:OPENED:c-1, conf=-1: peers:[s0|rpc:localhost:33671|admin:localhost:39087|client:localhost:34879|dataStream:localhost:40135|priority:0|startupRole:FOLLOWER, s1|rpc:localhost:46405|admin:localhost:35137|client:localhost:36573|dataStream:localhost:34935|priority:0|startupRole:FOLLOWER]|listeners:[], old=null RUNNING
2023-03-17 00:25:01,699 [Time-limited test] WARN  ratis.RaftTestUtil (JavaUtils.java:attempt(217)) - FAILED "waitForLeader-null-(expectLeader? true)", attempt #1/100: java.lang.IllegalStateException: No leader yet : printing ALL groups
  s0:  RUNNING  FOLLOWER s0@group-E6DD42024C81:t0, leader=null, voted=, raftlog=Memoized:s0@group-E6DD42024C81-SegmentedRaftLog:OPENED:c-1, conf=-1: peers:[s0|rpc:localhost:33671|admin:localhost:39087|client:localhost:34879|dataStream:localhost:40135|priority:0|startupRole:FOLLOWER, s1|rpc:localhost:46405|admin:localhost:35137|client:localhost:36573|dataStream:localhost:34935|priority:0|startupRole:FOLLOWER]|listeners:[], old=null RUNNING
  s1:  RUNNING  FOLLOWER s1@group-E6DD42024C81:t0, leader=null, voted=, raftlog=Memoized:s1@group-E6DD42024C81-SegmentedRaftLog:OPENED:c-1, conf=-1: peers:[s0|rpc:localhost:33671|admin:localhost:39087|client:localhost:34879|dataStream:localhost:40135|priority:0|startupRole:FOLLOWER, s1|rpc:localhost:46405|admin:localhost:35137|client:localhost:36573|dataStream:localhost:34935|priority:0|startupRole:FOLLOWER]|listeners:[], old=null RUNNING, sleep 450ms and then retry.
java.lang.IllegalStateException: No leader yet : printing ALL groups
  s0:  RUNNING  FOLLOWER s0@group-E6DD42024C81:t0, leader=null, voted=, raftlog=Memoized:s0@group-E6DD42024C81-SegmentedRaftLog:OPENED:c-1, conf=-1: peers:[s0|rpc:localhost:33671|admin:localhost:39087|client:localhost:34879|dataStream:localhost:40135|priority:0|startupRole:FOLLOWER, s1|rpc:localhost:46405|admin:localhost:35137|client:localhost:36573|dataStream:localhost:34935|priority:0|startupRole:FOLLOWER]|listeners:[], old=null RUNNING
  s1:  RUNNING  FOLLOWER s1@group-E6DD42024C81:t0, leader=null, voted=, raftlog=Memoized:s1@group-E6DD42024C81-SegmentedRaftLog:OPENED:c-1, conf=-1: peers:[s0|rpc:localhost:33671|admin:localhost:39087|client:localhost:34879|dataStream:localhost:40135|priority:0|startupRole:FOLLOWER, s1|rpc:localhost:46405|admin:localhost:35137|client:localhost:36573|dataStream:localhost:34935|priority:0|startupRole:FOLLOWER]|listeners:[], old=null RUNNING
	at org.apache.ratis.server.impl.MiniRaftCluster.newIllegalStateExceptionForNoLeaders(MiniRaftCluster.java:581)
	at org.apache.ratis.RaftTestUtil.lambda$waitForLeader$1(RaftTestUtil.java:104)
	at org.apache.ratis.server.impl.MiniRaftCluster.getLeader(MiniRaftCluster.java:615)
	at org.apache.ratis.server.impl.MiniRaftCluster.getLeader(MiniRaftCluster.java:608)
	at org.apache.ratis.RaftTestUtil.lambda$waitForLeader$3(RaftTestUtil.java:112)
	at org.apache.ratis.util.JavaUtils.attempt(JavaUtils.java:211)
	at org.apache.ratis.util.JavaUtils.attemptRepeatedly(JavaUtils.java:197)
	at org.apache.ratis.RaftTestUtil.waitForLeader(RaftTestUtil.java:111)
	at org.apache.ratis.RaftTestUtil.waitForLeader(RaftTestUtil.java:92)
	at org.apache.ratis.RaftTestUtil.waitForLeader(RaftTestUtil.java:87)
	at org.apache.ratis.server.impl.RaftReconfigurationBaseTest.runTestSetConfigurationInCasMode(RaftReconfigurationBaseTest.java:227)
	at org.apache.ratis.server.impl.MiniRaftCluster$Factory$Get.runWithNewCluster(MiniRaftCluster.java:141)
	at org.apache.ratis.server.impl.MiniRaftCluster$Factory$Get.runWithNewCluster(MiniRaftCluster.java:121)
	at org.apache.ratis.server.impl.RaftReconfigurationBaseTest.testSetConfigurationInCasMode(RaftReconfigurationBaseTest.java:223)
	at java.base/jdk.internal.reflect.NativeMethodAccessorImpl.invoke0(Native Method)
	at java.base/jdk.internal.reflect.NativeMethodAccessorImpl.invoke(NativeMethodAccessorImpl.java:62)
	at java.base/jdk.internal.reflect.DelegatingMethodAccessorImpl.invoke(DelegatingMethodAccessorImpl.java:43)
	at java.base/java.lang.reflect.Method.invoke(Method.java:566)
	at org.junit.runners.model.FrameworkMethod$1.runReflectiveCall(FrameworkMethod.java:59)
	at org.junit.internal.runners.model.ReflectiveCallable.run(ReflectiveCallable.java:12)
	at org.junit.runners.model.FrameworkMethod.invokeExplosively(FrameworkMethod.java:56)
	at org.junit.internal.runners.statements.InvokeMethod.evaluate(InvokeMethod.java:17)
	at org.junit.internal.runners.statements.RunAfters.evaluate(RunAfters.java:27)
	at org.junit.internal.runners.statements.FailOnTimeout$CallableStatement.call(FailOnTimeout.java:299)
	at org.junit.internal.runners.statements.FailOnTimeout$CallableStatement.call(FailOnTimeout.java:293)
	at java.base/java.util.concurrent.FutureTask.run(FutureTask.java:264)
	at java.base/java.lang.Thread.run(Thread.java:829)
2023-03-17 00:25:01,867 [s1@group-E6DD42024C81-FollowerState] INFO  impl.FollowerState (FollowerState.java:run(143)) - s1@group-E6DD42024C81-FollowerState: change to CANDIDATE, lastRpcElapsedTime:170175564ns, electionTimeout:169ms
2023-03-17 00:25:01,867 [s1@group-E6DD42024C81-FollowerState] INFO  impl.RoleInfo (RoleInfo.java:shutdownFollowerState(110)) - s1: shutdown s1@group-E6DD42024C81-FollowerState
2023-03-17 00:25:01,867 [s1@group-E6DD42024C81-FollowerState] INFO  server.RaftServer$Division (RaftServerImpl.java:setRole(329)) - s1@group-E6DD42024C81: changes role from  FOLLOWER to CANDIDATE at term 0 for changeToCandidate
2023-03-17 00:25:01,867 [s1@group-E6DD42024C81-FollowerState] INFO  server.RaftServerConfigKeys (ConfUtils.java:logGet(46)) - raft.server.leaderelection.pre-vote = true (default)
2023-03-17 00:25:01,867 [s1@group-E6DD42024C81-FollowerState] INFO  impl.RoleInfo (RoleInfo.java:updateAndGet(139)) - s1: start s1@group-E6DD42024C81-LeaderElection40
2023-03-17 00:25:01,868 [s1@group-E6DD42024C81-LeaderElection40] INFO  impl.LeaderElection (LeaderElection.java:askForVotes(320)) - s1@group-E6DD42024C81-LeaderElection40 PRE_VOTE round 0: submit vote requests at term 0 for -1: peers:[s0|rpc:localhost:33671|admin:localhost:39087|client:localhost:34879|dataStream:localhost:40135|priority:0|startupRole:FOLLOWER, s1|rpc:localhost:46405|admin:localhost:35137|client:localhost:36573|dataStream:localhost:34935|priority:0|startupRole:FOLLOWER]|listeners:[], old=null
2023-03-17 00:25:01,868 [s1@group-E6DD42024C81-LeaderElection40] INFO  server.RaftServerConfigKeys (ConfUtils.java:logFallback(53)) - raft.server.rpc.first-election.timeout.min = 150ms (fallback to raft.server.rpc.timeout.min)
2023-03-17 00:25:01,868 [s1@group-E6DD42024C81-LeaderElection40] INFO  server.RaftServerConfigKeys (ConfUtils.java:logFallback(53)) - raft.server.rpc.first-election.timeout.max = 300ms (fallback to raft.server.rpc.timeout.max)
2023-03-17 00:25:01,868 [s1@group-E6DD42024C81-LeaderElection40-1] INFO  server.GrpcServerProtocolClient (GrpcServerProtocolClient.java:<init>(64)) - Build channel for s0
2023-03-17 00:25:01,873 [grpc-default-executor-5] INFO  server.RaftServer$Division (RaftServerImpl.java:requestVote(1303)) - s0@group-E6DD42024C81: receive requestVote(PRE_VOTE, s1, group-E6DD42024C81, 0, (t:0, i:0))
2023-03-17 00:25:01,873 [grpc-default-executor-5] INFO  impl.VoteContext (VoteContext.java:log(49)) - s0@group-E6DD42024C81-FOLLOWER: accept PRE_VOTE from s1: our priority 0 <= candidate's priority 0
2023-03-17 00:25:01,873 [grpc-default-executor-5] INFO  server.RaftServer$Division (RaftServerImpl.java:requestVote(1336)) - s0@group-E6DD42024C81 replies to PRE_VOTE vote request: s1<-s0#0:OK-t0. Peer's state: s0@group-E6DD42024C81:t0, leader=null, voted=, raftlog=Memoized:s0@group-E6DD42024C81-SegmentedRaftLog:OPENED:c-1, conf=-1: peers:[s0|rpc:localhost:33671|admin:localhost:39087|client:localhost:34879|dataStream:localhost:40135|priority:0|startupRole:FOLLOWER, s1|rpc:localhost:46405|admin:localhost:35137|client:localhost:36573|dataStream:localhost:34935|priority:0|startupRole:FOLLOWER]|listeners:[], old=null
2023-03-17 00:25:01,874 [s1@group-E6DD42024C81-LeaderElection40] INFO  impl.LeaderElection (LeaderElection.java:logAndReturn(89)) - s1@group-E6DD42024C81-LeaderElection40: PRE_VOTE PASSED received 1 response(s) and 0 exception(s):
2023-03-17 00:25:01,874 [s1@group-E6DD42024C81-LeaderElection40] INFO  impl.LeaderElection (LeaderElection.java:logAndReturn(93)) -   Response 0: s1<-s0#0:OK-t0
2023-03-17 00:25:01,874 [s1@group-E6DD42024C81-LeaderElection40] INFO  impl.LeaderElection (LeaderElection.java:askForVotes(322)) - s1@group-E6DD42024C81-LeaderElection40 PRE_VOTE round 0: result PASSED
2023-03-17 00:25:01,875 [s1@group-E6DD42024C81-LeaderElection40] INFO  impl.LeaderElection (LeaderElection.java:askForVotes(320)) - s1@group-E6DD42024C81-LeaderElection40 ELECTION round 0: submit vote requests at term 1 for -1: peers:[s0|rpc:localhost:33671|admin:localhost:39087|client:localhost:34879|dataStream:localhost:40135|priority:0|startupRole:FOLLOWER, s1|rpc:localhost:46405|admin:localhost:35137|client:localhost:36573|dataStream:localhost:34935|priority:0|startupRole:FOLLOWER]|listeners:[], old=null
2023-03-17 00:25:01,875 [s1@group-E6DD42024C81-LeaderElection40] INFO  server.RaftServerConfigKeys (ConfUtils.java:logFallback(53)) - raft.server.rpc.first-election.timeout.min = 150ms (fallback to raft.server.rpc.timeout.min)
2023-03-17 00:25:01,875 [s1@group-E6DD42024C81-LeaderElection40] INFO  server.RaftServerConfigKeys (ConfUtils.java:logFallback(53)) - raft.server.rpc.first-election.timeout.max = 300ms (fallback to raft.server.rpc.timeout.max)
2023-03-17 00:25:01,876 [grpc-default-executor-5] INFO  server.RaftServer$Division (RaftServerImpl.java:requestVote(1303)) - s0@group-E6DD42024C81: receive requestVote(ELECTION, s1, group-E6DD42024C81, 1, (t:0, i:0))
2023-03-17 00:25:01,876 [grpc-default-executor-5] INFO  impl.VoteContext (VoteContext.java:log(49)) - s0@group-E6DD42024C81-FOLLOWER: accept ELECTION from s1: our priority 0 <= candidate's priority 0
2023-03-17 00:25:01,876 [grpc-default-executor-5] INFO  server.RaftServer$Division (RaftServerImpl.java:setRole(329)) - s0@group-E6DD42024C81: changes role from  FOLLOWER to FOLLOWER at term 1 for candidate:s1
2023-03-17 00:25:01,876 [grpc-default-executor-5] INFO  impl.RoleInfo (RoleInfo.java:shutdownFollowerState(110)) - s0: shutdown s0@group-E6DD42024C81-FollowerState
2023-03-17 00:25:01,876 [grpc-default-executor-5] INFO  impl.RoleInfo (RoleInfo.java:updateAndGet(139)) - s0: start s0@group-E6DD42024C81-FollowerState
2023-03-17 00:25:01,876 [s0@group-E6DD42024C81-FollowerState] INFO  impl.FollowerState (FollowerState.java:run(152)) - s0@group-E6DD42024C81-FollowerState was interrupted
2023-03-17 00:25:01,877 [s0@group-E6DD42024C81-FollowerState] INFO  server.RaftServerConfigKeys (ConfUtils.java:logFallback(53)) - raft.server.rpc.first-election.timeout.min = 150ms (fallback to raft.server.rpc.timeout.min)
2023-03-17 00:25:01,877 [s0@group-E6DD42024C81-FollowerState] INFO  server.RaftServerConfigKeys (ConfUtils.java:logFallback(53)) - raft.server.rpc.first-election.timeout.max = 300ms (fallback to raft.server.rpc.timeout.max)
2023-03-17 00:25:01,877 [grpc-default-executor-5] INFO  server.RaftServer$Division (RaftServerImpl.java:requestVote(1336)) - s0@group-E6DD42024C81 replies to ELECTION vote request: s1<-s0#0:OK-t1. Peer's state: s0@group-E6DD42024C81:t1, leader=null, voted=s1, raftlog=Memoized:s0@group-E6DD42024C81-SegmentedRaftLog:OPENED:c-1, conf=-1: peers:[s0|rpc:localhost:33671|admin:localhost:39087|client:localhost:34879|dataStream:localhost:40135|priority:0|startupRole:FOLLOWER, s1|rpc:localhost:46405|admin:localhost:35137|client:localhost:36573|dataStream:localhost:34935|priority:0|startupRole:FOLLOWER]|listeners:[], old=null
2023-03-17 00:25:01,878 [s1@group-E6DD42024C81-LeaderElection40] INFO  impl.LeaderElection (LeaderElection.java:logAndReturn(89)) - s1@group-E6DD42024C81-LeaderElection40: ELECTION PASSED received 1 response(s) and 0 exception(s):
2023-03-17 00:25:01,878 [s1@group-E6DD42024C81-LeaderElection40] INFO  impl.LeaderElection (LeaderElection.java:logAndReturn(93)) -   Response 0: s1<-s0#0:OK-t1
2023-03-17 00:25:01,878 [s1@group-E6DD42024C81-LeaderElection40] INFO  impl.LeaderElection (LeaderElection.java:askForVotes(322)) - s1@group-E6DD42024C81-LeaderElection40 ELECTION round 0: result PASSED
2023-03-17 00:25:01,878 [s1@group-E6DD42024C81-LeaderElection40] INFO  impl.RoleInfo (RoleInfo.java:shutdownLeaderElection(130)) - s1: shutdown s1@group-E6DD42024C81-LeaderElection40
2023-03-17 00:25:01,878 [s1@group-E6DD42024C81-LeaderElection40] INFO  server.RaftServer$Division (RaftServerImpl.java:setRole(329)) - s1@group-E6DD42024C81: changes role from CANDIDATE to LEADER at term 1 for changeToLeader
2023-03-17 00:25:01,878 [s1@group-E6DD42024C81-LeaderElection40] INFO  server.RaftServer$Division (ServerState.java:setLeader(260)) - s1@group-E6DD42024C81: change Leader from null to s1 at term 1 for becomeLeader, leader elected after 191ms
2023-03-17 00:25:01,878 [s1@group-E6DD42024C81-LeaderElection40] INFO  server.RaftServerConfigKeys (ConfUtils.java:logGet(46)) - raft.server.staging.catchup.gap = 10 (custom)
2023-03-17 00:25:01,878 [s1@group-E6DD42024C81-LeaderElection40] INFO  server.RaftServerConfigKeys (ConfUtils.java:logGet(46)) - raft.server.write.element-limit = 4096 (default)
2023-03-17 00:25:01,878 [s1@group-E6DD42024C81-LeaderElection40] INFO  server.RaftServerConfigKeys (ConfUtils.java:logGet(46)) - raft.server.write.byte-limit = 64MB (=67108864) (default)
2023-03-17 00:25:01,878 [s1@group-E6DD42024C81-LeaderElection40] INFO  server.RaftServerConfigKeys (ConfUtils.java:logGet(46)) - raft.server.watch.timeout = 10s (default)
2023-03-17 00:25:01,878 [s1@group-E6DD42024C81-LeaderElection40] INFO  server.RaftServerConfigKeys (ConfUtils.java:logGet(46)) - raft.server.watch.timeout.denomination = 1s (default)
2023-03-17 00:25:01,878 [s1@group-E6DD42024C81-LeaderElection40] INFO  server.RaftServerConfigKeys (ConfUtils.java:logGet(46)) - raft.server.watch.element-limit = 65536 (default)
2023-03-17 00:25:01,878 [s1@group-E6DD42024C81-LeaderElection40] INFO  server.RaftServerConfigKeys (ConfUtils.java:logGet(46)) - raft.server.write.element-limit = 4096 (default)
2023-03-17 00:25:01,878 [s1@group-E6DD42024C81-LeaderElection40] INFO  server.RaftServerConfigKeys (ConfUtils.java:logGet(46)) - raft.server.write.follower.gap.ratio.max = -1.0 (default)
2023-03-17 00:25:01,878 [s1@group-E6DD42024C81-LeaderElection40] INFO  server.RaftServerConfigKeys (ConfUtils.java:logGet(46)) - raft.server.log.appender.snapshot.chunk.size.max = 16MB (=16777216) (default)
2023-03-17 00:25:01,879 [s1@group-E6DD42024C81-LeaderElection40] INFO  server.RaftServerConfigKeys (ConfUtils.java:logGet(46)) - raft.server.log.appender.buffer.byte-limit = 4MB (=4194304) (default)
2023-03-17 00:25:01,879 [s1@group-E6DD42024C81-LeaderElection40] INFO  server.RaftServerConfigKeys (ConfUtils.java:logGet(46)) - raft.server.log.appender.buffer.element-limit = 0 (default)
2023-03-17 00:25:01,879 [s1@group-E6DD42024C81-LeaderElection40] INFO  server.RaftServerConfigKeys (ConfUtils.java:logGet(46)) - raft.server.log.appender.wait-time.min = 10ms (default)
2023-03-17 00:25:01,879 [s1@group-E6DD42024C81-LeaderElection40] INFO  grpc.GrpcConfigKeys (ConfUtils.java:logGet(46)) - raft.grpc.server.leader.outstanding.appends.max = 128 (default)
2023-03-17 00:25:01,879 [s1@group-E6DD42024C81-LeaderElection40] INFO  server.RaftServerConfigKeys (ConfUtils.java:logGet(46)) - raft.server.rpc.request.timeout = 3000ms (default)
2023-03-17 00:25:01,879 [s1@group-E6DD42024C81-LeaderElection40] INFO  grpc.GrpcConfigKeys (ConfUtils.java:logGet(46)) - raft.grpc.server.install_snapshot.request.element-limit = 8 (default)
2023-03-17 00:25:01,879 [s1@group-E6DD42024C81-LeaderElection40] INFO  grpc.GrpcConfigKeys (ConfUtils.java:logGet(46)) - raft.grpc.server.install_snapshot.request.timeout = 3000ms (default)
2023-03-17 00:25:01,879 [s1@group-E6DD42024C81-LeaderElection40] INFO  server.RaftServerConfigKeys (ConfUtils.java:logGet(46)) - raft.server.log.appender.install.snapshot.enabled = true (default)
2023-03-17 00:25:01,879 [s1@group-E6DD42024C81-LeaderElection40] INFO  grpc.GrpcConfigKeys (ConfUtils.java:logGet(46)) - raft.grpc.server.heartbeat.channel = true (default)
2023-03-17 00:25:01,879 [s1@group-E6DD42024C81-LeaderElection40] INFO  impl.RoleInfo (RoleInfo.java:updateAndGet(139)) - s1: start s1@group-E6DD42024C81-LeaderStateImpl
2023-03-17 00:25:01,879 [s1@group-E6DD42024C81-LeaderElection40] INFO  segmented.SegmentedRaftLogWorker (SegmentedRaftLogWorker.java:startLogSegment(426)) - s1@group-E6DD42024C81-SegmentedRaftLogWorker: Starting segment from index:0
2023-03-17 00:25:01,883 [s1@group-E6DD42024C81-LeaderElection40] INFO  server.RaftServer$Division (ServerState.java:setRaftConf(378)) - s1@group-E6DD42024C81: set configuration 0: peers:[s0|rpc:localhost:33671|admin:localhost:39087|client:localhost:34879|dataStream:localhost:40135|priority:0|startupRole:FOLLOWER, s1|rpc:localhost:46405|admin:localhost:35137|client:localhost:36573|dataStream:localhost:34935|priority:0|startupRole:FOLLOWER]|listeners:[], old=null
2023-03-17 00:25:01,886 [s0-server-thread1] INFO  server.RaftServer$Division (ServerState.java:setLeader(260)) - s0@group-E6DD42024C81: change Leader from null to s1 at term 1 for appendEntries, leader elected after 208ms
2023-03-17 00:25:01,888 [s1@group-E6DD42024C81-SegmentedRaftLogWorker] INFO  segmented.SegmentedRaftLogWorker (SegmentedRaftLogWorker.java:execute(630)) - s1@group-E6DD42024C81-SegmentedRaftLogWorker: created new log segment /home/runner/work/ratis/ratis/ratis-test/target/test/data/ce6527c6/MiniRaftClusterWithGrpc2d3becb2/s1/0da4de62-b61e-45b8-8b26-e6dd42024c81/current/log_inprogress_0
2023-03-17 00:25:01,898 [s0-server-thread2] DEBUG server.RaftServer$Division (RaftServerImpl.java:logAppendEntries(1430)) - s0@group-E6DD42024C81: receive appendEntries(s1, 1, null, -1, true, commits:[s1:c-1, s0:c-1], cId:1, entries: [(t:1, i:0), CONFIGURATIONENTRY(current:id: "s0"
address: "localhost:33671"
dataStreamAddress: "localhost:40135"
clientAddress: "localhost:34879"
adminAddress: "localhost:39087"
startupRole: FOLLOWER
,id: "s1"
address: "localhost:46405"
dataStreamAddress: "localhost:34935"
clientAddress: "localhost:36573"
adminAddress: "localhost:35137"
startupRole: FOLLOWER
, old:)]
2023-03-17 00:25:01,898 [s0-server-thread2] INFO  server.RaftServer$Division (ServerState.java:setRaftConf(378)) - s0@group-E6DD42024C81: set configuration 0: peers:[s0|rpc:localhost:33671|admin:localhost:39087|client:localhost:34879|dataStream:localhost:40135|priority:0|startupRole:FOLLOWER, s1|rpc:localhost:46405|admin:localhost:35137|client:localhost:36573|dataStream:localhost:34935|priority:0|startupRole:FOLLOWER]|listeners:[], old=null
2023-03-17 00:25:01,898 [s0-server-thread2] INFO  segmented.SegmentedRaftLogWorker (SegmentedRaftLogWorker.java:startLogSegment(426)) - s0@group-E6DD42024C81-SegmentedRaftLogWorker: Starting segment from index:0
2023-03-17 00:25:01,907 [s0@group-E6DD42024C81-SegmentedRaftLogWorker] INFO  segmented.SegmentedRaftLogWorker (SegmentedRaftLogWorker.java:execute(630)) - s0@group-E6DD42024C81-SegmentedRaftLogWorker: created new log segment /home/runner/work/ratis/ratis/ratis-test/target/test/data/ce6527c6/MiniRaftClusterWithGrpc2d3becb2/s0/0da4de62-b61e-45b8-8b26-e6dd42024c81/current/log_inprogress_0
2023-03-17 00:25:01,911 [s0-server-thread2] DEBUG server.RaftServer$Division (RaftServerImpl.java:logAppendEntries(1430)) - s0@group-E6DD42024C81: succeeded to handle AppendEntries. Reply: s1<-s0#1:OK-t1,SUCCESS,nextIndex=1,followerCommit=-1,matchIndex=0
2023-03-17 00:25:02,149 [Time-limited test] INFO  ratis.RaftTestUtil (RaftTestUtil.java:waitForLeader(119)) - printing ALL groups
  s0:  RUNNING  FOLLOWER s0@group-E6DD42024C81:t1, leader=s1, voted=s1, raftlog=Memoized:s0@group-E6DD42024C81-SegmentedRaftLog:OPENED:c0, conf=0: peers:[s0|rpc:localhost:33671|admin:localhost:39087|client:localhost:34879|dataStream:localhost:40135|priority:0|startupRole:FOLLOWER, s1|rpc:localhost:46405|admin:localhost:35137|client:localhost:36573|dataStream:localhost:34935|priority:0|startupRole:FOLLOWER]|listeners:[], old=null RUNNING
  s1:  RUNNING    LEADER s1@group-E6DD42024C81:t1, leader=s1, voted=s1, raftlog=Memoized:s1@group-E6DD42024C81-SegmentedRaftLog:OPENED:c0, conf=0: peers:[s0|rpc:localhost:33671|admin:localhost:39087|client:localhost:34879|dataStream:localhost:40135|priority:0|startupRole:FOLLOWER, s1|rpc:localhost:46405|admin:localhost:35137|client:localhost:36573|dataStream:localhost:34935|priority:0|startupRole:FOLLOWER]|listeners:[], old=null RUNNING
2023-03-17 00:25:02,149 [Time-limited test] INFO  impl.MiniRaftCluster (MiniRaftCluster.java:addNewPeers(464)) - Add new peers [s2]
2023-03-17 00:25:02,149 [Time-limited test] INFO  impl.MiniRaftCluster (MiniRaftCluster.java:newRaftServer(382)) - newRaftServer: s2, group-E6DD42024C81:[s0|rpc:localhost:33671|admin:localhost:39087|client:localhost:34879|dataStream:localhost:40135|priority:0|startupRole:FOLLOWER, s1|rpc:localhost:46405|admin:localhost:35137|client:localhost:36573|dataStream:localhost:34935|priority:0|startupRole:FOLLOWER, s2|priority:0|startupRole:FOLLOWER], format? true
2023-03-17 00:25:02,150 [Time-limited test] TRACE util.FileUtils (FileUtils.java:deleteFully(201)) - deleteFully target/test/data/ce6527c6/MiniRaftClusterWithGrpc2d3becb2/s2
2023-03-17 00:25:02,150 [Time-limited test] TRACE util.FileUtils (FileUtils.java:deleteFully(217)) - deleteFully: target/test/data/ce6527c6/MiniRaftClusterWithGrpc2d3becb2/s2 does not exist.
2023-03-17 00:25:02,150 [Time-limited test] INFO  impl.MiniRaftCluster (MiniRaftCluster.java:newRaftServer(387)) - Formatted directory target/test/data/ce6527c6/MiniRaftClusterWithGrpc2d3becb2/s2
2023-03-17 00:25:02,150 [Time-limited test] INFO  server.RaftServer (ConfUtils.java:logGet(46)) - raft.rpc.type = GRPC (default)
2023-03-17 00:25:02,150 [Time-limited test] INFO  grpc.GrpcConfigKeys (ConfUtils.java:logFallback(53)) - raft.grpc.admin.host = null (fallback to raft.grpc.server.host)
2023-03-17 00:25:02,150 [Time-limited test] INFO  grpc.GrpcConfigKeys (ConfUtils.java:logFallback(53)) - raft.grpc.admin.port = 34323 (fallback to raft.grpc.server.port)
2023-03-17 00:25:02,150 [Time-limited test] INFO  grpc.GrpcConfigKeys (ConfUtils.java:logFallback(53)) - raft.grpc.client.host = null (fallback to raft.grpc.server.host)
2023-03-17 00:25:02,150 [Time-limited test] INFO  grpc.GrpcConfigKeys (ConfUtils.java:logFallback(53)) - raft.grpc.client.port = 34323 (fallback to raft.grpc.server.port)
2023-03-17 00:25:02,150 [Time-limited test] INFO  grpc.GrpcConfigKeys (ConfUtils.java:logGet(46)) - raft.grpc.server.host = null (default)
2023-03-17 00:25:02,150 [Time-limited test] INFO  grpc.GrpcConfigKeys (ConfUtils.java:logGet(46)) - raft.grpc.server.port = 34323 (custom)
2023-03-17 00:25:02,150 [Time-limited test] INFO  server.GrpcService (ConfUtils.java:logGet(46)) - raft.grpc.message.size.max = 64MB (=67108864) (default)
2023-03-17 00:25:02,150 [Time-limited test] INFO  server.RaftServerConfigKeys (ConfUtils.java:logGet(46)) - raft.server.log.appender.buffer.byte-limit = 4MB (=4194304) (default)
2023-03-17 00:25:02,150 [Time-limited test] INFO  server.GrpcService (ConfUtils.java:logGet(46)) - raft.grpc.flow.control.window = 1MB (=1048576) (default)
2023-03-17 00:25:02,150 [Time-limited test] INFO  server.RaftServerConfigKeys (ConfUtils.java:logGet(46)) - raft.server.rpc.request.timeout = 3000ms (default)
2023-03-17 00:25:02,151 [Time-limited test] INFO  grpc.GrpcConfigKeys (ConfUtils.java:logGet(46)) - raft.grpc.server.heartbeat.channel = true (default)
2023-03-17 00:25:02,151 [Time-limited test] INFO  grpc.GrpcConfigKeys (ConfUtils.java:logGet(46)) - raft.grpc.server.async.request.thread.pool.cached = true (default)
2023-03-17 00:25:02,151 [Time-limited test] INFO  grpc.GrpcConfigKeys (ConfUtils.java:logGet(46)) - raft.grpc.server.async.request.thread.pool.size = 32 (default)
2023-03-17 00:25:02,151 [Time-limited test] INFO  impl.DataStreamServerImpl (ConfUtils.java:logGet(46)) - raft.datastream.type = DISABLED (default)
2023-03-17 00:25:02,151 [Time-limited test] INFO  server.RaftServerConfigKeys (ConfUtils.java:logGet(46)) - raft.server.threadpool.proxy.cached = true (default)
2023-03-17 00:25:02,151 [Time-limited test] INFO  server.RaftServerConfigKeys (ConfUtils.java:logGet(46)) - raft.server.threadpool.proxy.size = 0 (default)
2023-03-17 00:25:02,151 [Time-limited test] INFO  server.RaftServerConfigKeys (ConfUtils.java:logGet(46)) - raft.server.rpc.slowness.timeout = 60s (default)
2023-03-17 00:25:02,152 [Time-limited test] INFO  server.RaftServerConfigKeys (ConfUtils.java:logGet(46)) - raft.server.leaderelection.leader.step-down.wait-time = 10s (default)
2023-03-17 00:25:02,152 [Time-limited test] INFO  server.RaftServerConfigKeys (ConfUtils.java:logGet(46)) - raft.server.storage.dir = [/home/runner/work/ratis/ratis/ratis-test/target/test/data/ce6527c6/MiniRaftClusterWithGrpc2d3becb2/s2] (custom)
2023-03-17 00:25:02,152 [Time-limited test] INFO  server.RaftServer (RaftServerProxy.java:addNew(99)) - s2: addNew group-E6DD42024C81:[s0|rpc:localhost:33671|admin:localhost:39087|client:localhost:34879|dataStream:localhost:40135|priority:0|startupRole:FOLLOWER, s1|rpc:localhost:46405|admin:localhost:35137|client:localhost:36573|dataStream:localhost:34935|priority:0|startupRole:FOLLOWER, s2|priority:0|startupRole:FOLLOWER] returns group-E6DD42024C81:java.util.concurrent.CompletableFuture@cc47e3b[Not completed]
2023-03-17 00:25:02,152 [s2-groupManagement] INFO  server.RaftServer$Division (RaftServerImpl.java:<init>(198)) - s2: new RaftServerImpl for group-E6DD42024C81:[s0|rpc:localhost:33671|admin:localhost:39087|client:localhost:34879|dataStream:localhost:40135|priority:0|startupRole:FOLLOWER, s1|rpc:localhost:46405|admin:localhost:35137|client:localhost:36573|dataStream:localhost:34935|priority:0|startupRole:FOLLOWER, s2|priority:0|startupRole:FOLLOWER] with BaseStateMachine:uninitialized
2023-03-17 00:25:02,152 [s2-groupManagement] INFO  server.RaftServerConfigKeys (ConfUtils.java:logGet(46)) - raft.server.rpc.timeout.min = 150ms (default)
2023-03-17 00:25:02,152 [s2-groupManagement] INFO  server.RaftServerConfigKeys (ConfUtils.java:logGet(46)) - raft.server.rpc.timeout.max = 300ms (default)
2023-03-17 00:25:02,152 [s2-groupManagement] INFO  server.RaftServerConfigKeys (ConfUtils.java:logGet(46)) - raft.server.rpc.sleep.time = 25ms (default)
2023-03-17 00:25:02,153 [s2-groupManagement] INFO  server.RaftServerConfigKeys (ConfUtils.java:logGet(46)) - raft.server.rpc.slowness.timeout = 60s (default)
2023-03-17 00:25:02,153 [s2-groupManagement] INFO  server.RaftServerConfigKeys (ConfUtils.java:logGet(46)) - raft.server.leaderelection.leader.step-down.wait-time = 10s (default)
2023-03-17 00:25:02,153 [s2-groupManagement] INFO  server.RaftServerConfigKeys (ConfUtils.java:logGet(46)) - raft.server.sleep.deviation.threshold = 300ms (default)
2023-03-17 00:25:02,153 [s2-groupManagement] INFO  server.RaftServer$Division (ServerState.java:<init>(113)) - s2@group-E6DD42024C81: ConfigurationManager, init=-1: peers:[s0|rpc:localhost:33671|admin:localhost:39087|client:localhost:34879|dataStream:localhost:40135|priority:0|startupRole:FOLLOWER, s1|rpc:localhost:46405|admin:localhost:35137|client:localhost:36573|dataStream:localhost:34935|priority:0|startupRole:FOLLOWER, s2|priority:0|startupRole:FOLLOWER]|listeners:[], old=null, confs=<EMPTY_MAP>
2023-03-17 00:25:02,153 [s2-groupManagement] INFO  server.RaftServerConfigKeys (ConfUtils.java:logGet(46)) - raft.server.notification.no-leader.timeout = 60s (default)
2023-03-17 00:25:02,153 [s2-groupManagement] INFO  server.RaftServerConfigKeys (ConfUtils.java:logGet(46)) - raft.server.read.timeout = 10s (default)
2023-03-17 00:25:02,153 [s2-groupManagement] INFO  server.RaftServerConfigKeys (ConfUtils.java:logGet(46)) - raft.server.retrycache.expirytime = 60s (default)
2023-03-17 00:25:02,153 [s2-groupManagement] INFO  server.RaftServerConfigKeys (ConfUtils.java:logGet(46)) - raft.server.retrycache.statistics.expirytime = 100μs (default)
2023-03-17 00:25:02,153 [s2-groupManagement] INFO  server.RaftServerConfigKeys (ConfUtils.java:logGet(46)) - raft.server.read.option = DEFAULT (default)
2023-03-17 00:25:02,153 [s2-groupManagement] INFO  server.RaftServerConfigKeys (ConfUtils.java:logGet(46)) - raft.server.log.appender.install.snapshot.enabled = true (default)
2023-03-17 00:25:02,153 [s2-groupManagement] INFO  server.RaftServerConfigKeys (ConfUtils.java:logGet(46)) - raft.server.threadpool.server.cached = true (default)
2023-03-17 00:25:02,153 [s2-groupManagement] INFO  server.RaftServerConfigKeys (ConfUtils.java:logGet(46)) - raft.server.threadpool.server.size = 0 (default)
2023-03-17 00:25:02,153 [s2-groupManagement] INFO  server.RaftServerConfigKeys (ConfUtils.java:logGet(46)) - raft.server.threadpool.client.cached = true (default)
2023-03-17 00:25:02,153 [s2-groupManagement] INFO  server.RaftServerConfigKeys (ConfUtils.java:logGet(46)) - raft.server.threadpool.client.size = 0 (default)
2023-03-17 00:25:02,153 [s2-impl-thread1] INFO  server.RaftServerConfigKeys (ConfUtils.java:logGet(46)) - raft.server.storage.free-space.min = 0MB (=0) (default)
2023-03-17 00:25:02,153 [s2-impl-thread1] INFO  server.RaftServerConfigKeys (ConfUtils.java:logGet(46)) - raft.server.log.corruption.policy = EXCEPTION (default)
2023-03-17 00:25:02,154 [s2-impl-thread1] INFO  server.RaftServerConfigKeys (ConfUtils.java:logGet(46)) - raft.server.storage.dir = [/home/runner/work/ratis/ratis/ratis-test/target/test/data/ce6527c6/MiniRaftClusterWithGrpc2d3becb2/s2] (custom)
2023-03-17 00:25:02,154 [s2-impl-thread1] INFO  storage.RaftStorageDirectory (RaftStorageDirectoryImpl.java:analyzeStorage(138)) - The storage directory /home/runner/work/ratis/ratis/ratis-test/target/test/data/ce6527c6/MiniRaftClusterWithGrpc2d3becb2/s2/0da4de62-b61e-45b8-8b26-e6dd42024c81 does not exist. Creating ...
2023-03-17 00:25:02,154 [s2-impl-thread1] TRACE util.FileUtils (LogUtils.java:runAndLog(49)) - Successfully ran Files.createDirectories /home/runner/work/ratis/ratis/ratis-test/target/test/data/ce6527c6/MiniRaftClusterWithGrpc2d3becb2/s2/0da4de62-b61e-45b8-8b26-e6dd42024c81
2023-03-17 00:25:02,155 [s2-impl-thread1] INFO  storage.RaftStorageDirectory (RaftStorageDirectoryImpl.java:tryLock(232)) - Lock on /home/runner/work/ratis/ratis/ratis-test/target/test/data/ce6527c6/MiniRaftClusterWithGrpc2d3becb2/s2/0da4de62-b61e-45b8-8b26-e6dd42024c81/in_use.lock acquired by nodename 10276@fv-az426-358
2023-03-17 00:25:02,155 [s2-impl-thread1] TRACE util.FileUtils (LogUtils.java:runAndLog(49)) - Successfully ran Files.createDirectories /home/runner/work/ratis/ratis/ratis-test/target/test/data/ce6527c6/MiniRaftClusterWithGrpc2d3becb2/s2/0da4de62-b61e-45b8-8b26-e6dd42024c81/current
2023-03-17 00:25:02,156 [s2-impl-thread1] TRACE util.FileUtils (LogUtils.java:runAndLog(49)) - Successfully ran Files.createDirectories /home/runner/work/ratis/ratis/ratis-test/target/test/data/ce6527c6/MiniRaftClusterWithGrpc2d3becb2/s2/0da4de62-b61e-45b8-8b26-e6dd42024c81/sm
2023-03-17 00:25:02,156 [s2-impl-thread1] INFO  storage.RaftStorage (RaftStorageImpl.java:format(96)) - Storage directory /home/runner/work/ratis/ratis/ratis-test/target/test/data/ce6527c6/MiniRaftClusterWithGrpc2d3becb2/s2/0da4de62-b61e-45b8-8b26-e6dd42024c81 has been successfully formatted.
2023-03-17 00:25:02,156 [s2-impl-thread1] INFO  server.RaftServerConfigKeys (ConfUtils.java:logGet(46)) - raft.server.log.use.memory = false (default)
2023-03-17 00:25:02,157 [s2-impl-thread1] INFO  server.RaftServerConfigKeys (ConfUtils.java:logGet(46)) - raft.server.log.purge.gap = 1024 (default)
2023-03-17 00:25:02,157 [s2-impl-thread1] INFO  server.RaftServerConfigKeys (ConfUtils.java:logGet(46)) - raft.server.log.appender.buffer.byte-limit = 4MB (=4194304) (default)
2023-03-17 00:25:02,157 [s2-impl-thread1] INFO  server.RaftServerConfigKeys (ConfUtils.java:logGet(46)) - raft.server.log.statemachine.data.read.timeout = 1000ms (default)
2023-03-17 00:25:02,157 [s2-impl-thread1] INFO  server.RaftServerConfigKeys (ConfUtils.java:logGet(46)) - raft.server.log.purge.preservation.log.num = 0 (default)
2023-03-17 00:25:02,157 [s2-impl-thread1] INFO  server.RaftServerConfigKeys (ConfUtils.java:logGet(46)) - raft.server.log.segment.size.max = 8MB (=8388608) (default)
2023-03-17 00:25:02,157 [s2-impl-thread1] INFO  server.RaftServerConfigKeys (ConfUtils.java:logGet(46)) - raft.server.log.segment.cache.num.max = 6 (default)
2023-03-17 00:25:02,157 [s2-impl-thread1] INFO  server.RaftServerConfigKeys (ConfUtils.java:logGet(46)) - raft.server.log.segment.cache.size.max = 200MB (=209715200) (default)
2023-03-17 00:25:02,157 [s2-impl-thread1] INFO  server.RaftServerConfigKeys (ConfUtils.java:logGet(46)) - raft.server.log.appender.buffer.byte-limit = 4MB (=4194304) (default)
2023-03-17 00:25:02,157 [s2-impl-thread1] INFO  segmented.SegmentedRaftLogWorker (SegmentedRaftLogWorker.java:<init>(183)) - new s2@group-E6DD42024C81-SegmentedRaftLogWorker for RaftStorageImpl:Storage Directory /home/runner/work/ratis/ratis/ratis-test/target/test/data/ce6527c6/MiniRaftClusterWithGrpc2d3becb2/s2/0da4de62-b61e-45b8-8b26-e6dd42024c81
2023-03-17 00:25:02,157 [s2-impl-thread1] INFO  server.RaftServerConfigKeys (ConfUtils.java:logGet(46)) - raft.server.log.queue.byte-limit = 64MB (=67108864) (default)
2023-03-17 00:25:02,157 [s2-impl-thread1] INFO  server.RaftServerConfigKeys (ConfUtils.java:logGet(46)) - raft.server.log.queue.element-limit = 4096 (default)
2023-03-17 00:25:02,157 [s2-impl-thread1] INFO  server.RaftServerConfigKeys (ConfUtils.java:logGet(46)) - raft.server.log.segment.size.max = 8MB (=8388608) (default)
2023-03-17 00:25:02,157 [s2-impl-thread1] INFO  server.RaftServerConfigKeys (ConfUtils.java:logGet(46)) - raft.server.log.preallocated.size = 4MB (=4194304) (default)
2023-03-17 00:25:02,157 [s2-impl-thread1] INFO  server.RaftServerConfigKeys (ConfUtils.java:logGet(46)) - raft.server.log.force.sync.num = 128 (default)
2023-03-17 00:25:02,157 [s2-impl-thread1] INFO  server.RaftServerConfigKeys (ConfUtils.java:logGet(46)) - raft.server.log.statemachine.data.sync = true (default)
2023-03-17 00:25:02,157 [s2-impl-thread1] INFO  server.RaftServerConfigKeys (ConfUtils.java:logGet(46)) - raft.server.log.statemachine.data.sync.timeout = 10s (default)
2023-03-17 00:25:02,157 [s2-impl-thread1] INFO  server.RaftServerConfigKeys (ConfUtils.java:logGet(46)) - raft.server.log.statemachine.data.sync.timeout.retry = -1 (default)
2023-03-17 00:25:02,157 [s2-impl-thread1] INFO  server.RaftServerConfigKeys (ConfUtils.java:logGet(46)) - raft.server.log.write.buffer.size = 64KB (=65536) (default)
2023-03-17 00:25:02,157 [s2-impl-thread1] INFO  server.RaftServerConfigKeys (ConfUtils.java:logGet(46)) - raft.server.log.appender.buffer.byte-limit = 4MB (=4194304) (default)
2023-03-17 00:25:02,158 [s2-impl-thread1] INFO  server.RaftServerConfigKeys (ConfUtils.java:logGet(46)) - raft.server.log.unsafe-flush.enabled = false (default)
2023-03-17 00:25:02,158 [s2-impl-thread1] INFO  server.RaftServerConfigKeys (ConfUtils.java:logGet(46)) - raft.server.log.async-flush.enabled = false (default)
2023-03-17 00:25:02,158 [s2-impl-thread1] INFO  server.RaftServerConfigKeys (ConfUtils.java:logGet(46)) - raft.server.log.statemachine.data.caching.enabled = false (default)
2023-03-17 00:25:02,158 [s2-impl-thread1] INFO  segmented.SegmentedRaftLogWorker (SegmentedRaftLogWorker.java:lambda$new$0(134)) - s2@group-E6DD42024C81-SegmentedRaftLogWorker: flushIndex: setUnconditionally 0 -> -1
2023-03-17 00:25:02,158 [s2-impl-thread1] INFO  segmented.SegmentedRaftLogWorker (SegmentedRaftLogWorker.java:lambda$new$0(134)) - s2@group-E6DD42024C81-SegmentedRaftLogWorker: safeCacheEvictIndex: setUnconditionally 0 -> -1
2023-03-17 00:25:02,158 [s2-impl-thread1] INFO  server.RaftServer$Division (RaftServerImpl.java:start(342)) - s2@group-E6DD42024C81: start as a follower, conf=-1: peers:[s0|rpc:localhost:33671|admin:localhost:39087|client:localhost:34879|dataStream:localhost:40135|priority:0|startupRole:FOLLOWER, s1|rpc:localhost:46405|admin:localhost:35137|client:localhost:36573|dataStream:localhost:34935|priority:0|startupRole:FOLLOWER, s2|priority:0|startupRole:FOLLOWER]|listeners:[], old=null
2023-03-17 00:25:02,158 [s2-impl-thread1] INFO  server.RaftServer$Division (RaftServerImpl.java:setRole(329)) - s2@group-E6DD42024C81: changes role from      null to FOLLOWER at term 0 for startAsFollower
2023-03-17 00:25:02,159 [s2-impl-thread1] INFO  impl.RoleInfo (RoleInfo.java:updateAndGet(139)) - s2: start s2@group-E6DD42024C81-FollowerState
2023-03-17 00:25:02,159 [s2-impl-thread1] INFO  util.JmxRegister (JmxRegister.java:tryRegister(44)) - Successfully registered JMX Bean with object name Ratis:service=RaftServer,group=group-E6DD42024C81,id=s2
2023-03-17 00:25:02,159 [s2-impl-thread1] INFO  server.RaftServerConfigKeys (ConfUtils.java:logGet(46)) - raft.server.snapshot.auto.trigger.enabled = false (default)
2023-03-17 00:25:02,159 [s2-impl-thread1] INFO  server.RaftServerConfigKeys (ConfUtils.java:logGet(46)) - raft.server.snapshot.retention.file.num = -1 (default)
2023-03-17 00:25:02,159 [s2-impl-thread1] INFO  server.RaftServerConfigKeys (ConfUtils.java:logGet(46)) - raft.server.log.purge.upto.snapshot.index = false (default)
2023-03-17 00:25:02,159 [s2@group-E6DD42024C81-FollowerState] INFO  server.RaftServerConfigKeys (ConfUtils.java:logFallback(53)) - raft.server.rpc.first-election.timeout.min = 150ms (fallback to raft.server.rpc.timeout.min)
2023-03-17 00:25:02,159 [s2@group-E6DD42024C81-FollowerState] INFO  server.RaftServerConfigKeys (ConfUtils.java:logFallback(53)) - raft.server.rpc.first-election.timeout.max = 300ms (fallback to raft.server.rpc.timeout.max)
2023-03-17 00:25:02,159 [Time-limited test] INFO  server.RaftServer (RaftServerProxy.java:startImpl(401)) - s2: start RPC server
2023-03-17 00:25:02,160 [Time-limited test] INFO  server.GrpcService (GrpcService.java:startImpl(302)) - s2: GrpcService started, listening on 34323
2023-03-17 00:25:02,160 [JvmPauseMonitor58] INFO  util.JvmPauseMonitor (JvmPauseMonitor.java:run(103)) - JvmPauseMonitor-s2: Started
2023-03-17 00:25:02,167 [s1-client-thread1] DEBUG server.RaftServer$Division (RaftServerImpl.java:submitClientRequestAsync(835)) - s1@group-E6DD42024C81: receive client request(RaftClientRequest:client-0D09FA5A3DCB->s1@group-E6DD42024C81, cid=43, seq=0, RW, Message:6d30)
2023-03-17 00:25:02,168 [s1-client-thread1] DEBUG server.RaftServer$Division (LeaderStateImpl.java:addPendingRequest(474)) - s1@group-E6DD42024C81-LeaderStateImpl: addPendingRequest at RaftClientRequest:client-0D09FA5A3DCB->s1@group-E6DD42024C81, cid=43, seq=0, RW, Message:6d30, entry=(t:1, i:1), STATEMACHINELOGENTRY, 43@client-0D09FA5A3DCB
2023-03-17 00:25:02,169 [s0-server-thread1] DEBUG server.RaftServer$Division (RaftServerImpl.java:logAppendEntries(1430)) - s0@group-E6DD42024C81: receive appendEntries(s1, 1, (t:1, i:0), 0, true, commits:[s1:c0, s0:c0], cId:78850, entries: [(t:1, i:1), STATEMACHINELOGENTRY, 43@client-0D09FA5A3DCB]
2023-03-17 00:25:02,169 [s0-server-thread1] DEBUG server.RaftServer$Division (RaftServerImpl.java:logAppendEntries(1430)) - s0@group-E6DD42024C81: succeeded to handle AppendEntries. Reply: s1<-s0#78850:OK-t1,SUCCESS,nextIndex=2,followerCommit=0,matchIndex=1
2023-03-17 00:25:02,172 [s1-client-thread1] DEBUG server.RaftServer$Division (RaftServerImpl.java:submitClientRequestAsync(835)) - s1@group-E6DD42024C81: receive client request(RaftClientRequest:client-0D09FA5A3DCB->s1@group-E6DD42024C81, cid=44, seq=0, RW, Message:6d31)
2023-03-17 00:25:02,172 [s1-client-thread1] DEBUG server.RaftServer$Division (LeaderStateImpl.java:addPendingRequest(474)) - s1@group-E6DD42024C81-LeaderStateImpl: addPendingRequest at RaftClientRequest:client-0D09FA5A3DCB->s1@group-E6DD42024C81, cid=44, seq=0, RW, Message:6d31, entry=(t:1, i:3), STATEMACHINELOGENTRY, 44@client-0D09FA5A3DCB
2023-03-17 00:25:02,179 [s0-server-thread1] DEBUG server.RaftServer$Division (RaftServerImpl.java:logAppendEntries(1430)) - s0@group-E6DD42024C81: receive appendEntries(s1, 1, (t:1, i:1), 1, true, commits:[s1:c1, s0:c0], cId:78851, entries: [(t:1, i:2), METADATAENTRY(c:1)]
2023-03-17 00:25:02,180 [s0-server-thread1] DEBUG server.RaftServer$Division (RaftServerImpl.java:logAppendEntries(1430)) - s0@group-E6DD42024C81: succeeded to handle AppendEntries. Reply: s1<-s0#78851:OK-t1,SUCCESS,nextIndex=3,followerCommit=1,matchIndex=2
2023-03-17 00:25:02,191 [s0-server-thread1] DEBUG server.RaftServer$Division (RaftServerImpl.java:logAppendEntries(1430)) - s0@group-E6DD42024C81: receive appendEntries(s1, 1, (t:1, i:2), 2, true, commits:[s1:c2, s0:c1], cId:78852, entries: [(t:1, i:3), STATEMACHINELOGENTRY, 44@client-0D09FA5A3DCB]
2023-03-17 00:25:02,191 [s0-server-thread1] DEBUG server.RaftServer$Division (RaftServerImpl.java:logAppendEntries(1430)) - s0@group-E6DD42024C81: succeeded to handle AppendEntries. Reply: s1<-s0#78852:OK-t1,SUCCESS,nextIndex=4,followerCommit=2,matchIndex=3
2023-03-17 00:25:02,193 [s1-client-thread1] DEBUG server.RaftServer$Division (RaftServerImpl.java:submitClientRequestAsync(835)) - s1@group-E6DD42024C81: receive client request(RaftClientRequest:client-0D09FA5A3DCB->s1@group-E6DD42024C81, cid=45, seq=0, RW, Message:6d32)
2023-03-17 00:25:02,194 [s1-client-thread1] DEBUG server.RaftServer$Division (LeaderStateImpl.java:addPendingRequest(474)) - s1@group-E6DD42024C81-LeaderStateImpl: addPendingRequest at RaftClientRequest:client-0D09FA5A3DCB->s1@group-E6DD42024C81, cid=45, seq=0, RW, Message:6d32, entry=(t:1, i:5), STATEMACHINELOGENTRY, 45@client-0D09FA5A3DCB
2023-03-17 00:25:02,202 [s0-server-thread1] DEBUG server.RaftServer$Division (RaftServerImpl.java:logAppendEntries(1430)) - s0@group-E6DD42024C81: receive appendEntries(s1, 1, (t:1, i:3), 3, true, commits:[s1:c3, s0:c2], cId:78853, entries: [(t:1, i:4), METADATAENTRY(c:3)]
2023-03-17 00:25:02,203 [s0-server-thread1] DEBUG server.RaftServer$Division (RaftServerImpl.java:logAppendEntries(1430)) - s0@group-E6DD42024C81: succeeded to handle AppendEntries. Reply: s1<-s0#78853:OK-t1,SUCCESS,nextIndex=5,followerCommit=3,matchIndex=4
2023-03-17 00:25:02,213 [s0-server-thread1] DEBUG server.RaftServer$Division (RaftServerImpl.java:logAppendEntries(1430)) - s0@group-E6DD42024C81: receive appendEntries(s1, 1, (t:1, i:4), 4, true, commits:[s1:c4, s0:c3], cId:78854, entries: [(t:1, i:5), STATEMACHINELOGENTRY, 45@client-0D09FA5A3DCB]
2023-03-17 00:25:02,213 [s0-server-thread1] DEBUG server.RaftServer$Division (RaftServerImpl.java:logAppendEntries(1430)) - s0@group-E6DD42024C81: succeeded to handle AppendEntries. Reply: s1<-s0#78854:OK-t1,SUCCESS,nextIndex=6,followerCommit=4,matchIndex=5
2023-03-17 00:25:02,215 [s1-client-thread1] DEBUG server.RaftServer$Division (RaftServerImpl.java:submitClientRequestAsync(835)) - s1@group-E6DD42024C81: receive client request(RaftClientRequest:client-0D09FA5A3DCB->s1@group-E6DD42024C81, cid=46, seq=0, RW, Message:6d33)
2023-03-17 00:25:02,215 [s1-client-thread1] DEBUG server.RaftServer$Division (LeaderStateImpl.java:addPendingRequest(474)) - s1@group-E6DD42024C81-LeaderStateImpl: addPendingRequest at RaftClientRequest:client-0D09FA5A3DCB->s1@group-E6DD42024C81, cid=46, seq=0, RW, Message:6d33, entry=(t:1, i:7), STATEMACHINELOGENTRY, 46@client-0D09FA5A3DCB
2023-03-17 00:25:02,224 [s0-server-thread1] DEBUG server.RaftServer$Division (RaftServerImpl.java:logAppendEntries(1430)) - s0@group-E6DD42024C81: receive appendEntries(s1, 1, (t:1, i:5), 5, true, commits:[s1:c5, s0:c4], cId:78855, entries: [(t:1, i:6), METADATAENTRY(c:5)]
2023-03-17 00:25:02,224 [s0-server-thread1] DEBUG server.RaftServer$Division (RaftServerImpl.java:logAppendEntries(1430)) - s0@group-E6DD42024C81: succeeded to handle AppendEntries. Reply: s1<-s0#78855:OK-t1,SUCCESS,nextIndex=7,followerCommit=5,matchIndex=6
2023-03-17 00:25:02,234 [s0-server-thread1] DEBUG server.RaftServer$Division (RaftServerImpl.java:logAppendEntries(1430)) - s0@group-E6DD42024C81: receive appendEntries(s1, 1, (t:1, i:6), 6, true, commits:[s1:c6, s0:c5], cId:78856, entries: [(t:1, i:7), STATEMACHINELOGENTRY, 46@client-0D09FA5A3DCB]
2023-03-17 00:25:02,235 [s0-server-thread1] DEBUG server.RaftServer$Division (RaftServerImpl.java:logAppendEntries(1430)) - s0@group-E6DD42024C81: succeeded to handle AppendEntries. Reply: s1<-s0#78856:OK-t1,SUCCESS,nextIndex=8,followerCommit=6,matchIndex=7
2023-03-17 00:25:02,237 [s1-client-thread1] DEBUG server.RaftServer$Division (RaftServerImpl.java:submitClientRequestAsync(835)) - s1@group-E6DD42024C81: receive client request(RaftClientRequest:client-0D09FA5A3DCB->s1@group-E6DD42024C81, cid=47, seq=0, RW, Message:6d34)
2023-03-17 00:25:02,237 [s1-client-thread1] DEBUG server.RaftServer$Division (LeaderStateImpl.java:addPendingRequest(474)) - s1@group-E6DD42024C81-LeaderStateImpl: addPendingRequest at RaftClientRequest:client-0D09FA5A3DCB->s1@group-E6DD42024C81, cid=47, seq=0, RW, Message:6d34, entry=(t:1, i:9), STATEMACHINELOGENTRY, 47@client-0D09FA5A3DCB
2023-03-17 00:25:02,245 [s0-server-thread1] DEBUG server.RaftServer$Division (RaftServerImpl.java:logAppendEntries(1430)) - s0@group-E6DD42024C81: receive appendEntries(s1, 1, (t:1, i:7), 7, true, commits:[s1:c7, s0:c6], cId:78857, entries: [(t:1, i:8), METADATAENTRY(c:7)]
2023-03-17 00:25:02,246 [s0-server-thread1] DEBUG server.RaftServer$Division (RaftServerImpl.java:logAppendEntries(1430)) - s0@group-E6DD42024C81: succeeded to handle AppendEntries. Reply: s1<-s0#78857:OK-t1,SUCCESS,nextIndex=9,followerCommit=7,matchIndex=8
2023-03-17 00:25:02,256 [s0-server-thread1] DEBUG server.RaftServer$Division (RaftServerImpl.java:logAppendEntries(1430)) - s0@group-E6DD42024C81: receive appendEntries(s1, 1, (t:1, i:8), 7, true, commits:[s1:c7, s0:c7], cId:78858, entries: [(t:1, i:9), STATEMACHINELOGENTRY, 47@client-0D09FA5A3DCB]
2023-03-17 00:25:02,256 [s0-server-thread1] DEBUG server.RaftServer$Division (RaftServerImpl.java:logAppendEntries(1430)) - s0@group-E6DD42024C81: succeeded to handle AppendEntries. Reply: s1<-s0#78858:OK-t1,SUCCESS,nextIndex=10,followerCommit=7,matchIndex=9
2023-03-17 00:25:02,258 [s1-client-thread1] DEBUG server.RaftServer$Division (RaftServerImpl.java:submitClientRequestAsync(835)) - s1@group-E6DD42024C81: receive client request(RaftClientRequest:client-0D09FA5A3DCB->s1@group-E6DD42024C81, cid=48, seq=0, RW, Message:6d35)
2023-03-17 00:25:02,258 [s1-client-thread1] DEBUG server.RaftServer$Division (LeaderStateImpl.java:addPendingRequest(474)) - s1@group-E6DD42024C81-LeaderStateImpl: addPendingRequest at RaftClientRequest:client-0D09FA5A3DCB->s1@group-E6DD42024C81, cid=48, seq=0, RW, Message:6d35, entry=(t:1, i:11), STATEMACHINELOGENTRY, 48@client-0D09FA5A3DCB
2023-03-17 00:25:02,266 [s0-server-thread1] DEBUG server.RaftServer$Division (RaftServerImpl.java:logAppendEntries(1430)) - s0@group-E6DD42024C81: receive appendEntries(s1, 1, (t:1, i:9), 9, true, commits:[s1:c9, s0:c7], cId:78860, entries: [(t:1, i:10), METADATAENTRY(c:9)]
2023-03-17 00:25:02,267 [s0-server-thread1] DEBUG server.RaftServer$Division (RaftServerImpl.java:logAppendEntries(1430)) - s0@group-E6DD42024C81: succeeded to handle AppendEntries. Reply: s1<-s0#78860:OK-t1,SUCCESS,nextIndex=11,followerCommit=9,matchIndex=10
2023-03-17 00:25:02,277 [s0-server-thread1] DEBUG server.RaftServer$Division (RaftServerImpl.java:logAppendEntries(1430)) - s0@group-E6DD42024C81: receive appendEntries(s1, 1, (t:1, i:10), 10, true, commits:[s1:c10, s0:c9], cId:78861, entries: [(t:1, i:11), STATEMACHINELOGENTRY, 48@client-0D09FA5A3DCB]
2023-03-17 00:25:02,278 [s0-server-thread1] DEBUG server.RaftServer$Division (RaftServerImpl.java:logAppendEntries(1430)) - s0@group-E6DD42024C81: succeeded to handle AppendEntries. Reply: s1<-s0#78861:OK-t1,SUCCESS,nextIndex=12,followerCommit=10,matchIndex=11
2023-03-17 00:25:02,280 [s1-client-thread1] DEBUG server.RaftServer$Division (RaftServerImpl.java:submitClientRequestAsync(835)) - s1@group-E6DD42024C81: receive client request(RaftClientRequest:client-0D09FA5A3DCB->s1@group-E6DD42024C81, cid=49, seq=0, RW, Message:6d36)
2023-03-17 00:25:02,280 [s1-client-thread1] DEBUG server.RaftServer$Division (LeaderStateImpl.java:addPendingRequest(474)) - s1@group-E6DD42024C81-LeaderStateImpl: addPendingRequest at RaftClientRequest:client-0D09FA5A3DCB->s1@group-E6DD42024C81, cid=49, seq=0, RW, Message:6d36, entry=(t:1, i:13), STATEMACHINELOGENTRY, 49@client-0D09FA5A3DCB
2023-03-17 00:25:02,288 [s0-server-thread1] DEBUG server.RaftServer$Division (RaftServerImpl.java:logAppendEntries(1430)) - s0@group-E6DD42024C81: receive appendEntries(s1, 1, (t:1, i:11), 11, true, commits:[s1:c11, s0:c10], cId:78862, entries: [(t:1, i:12), METADATAENTRY(c:11)]
2023-03-17 00:25:02,288 [s0-server-thread1] DEBUG server.RaftServer$Division (RaftServerImpl.java:logAppendEntries(1430)) - s0@group-E6DD42024C81: succeeded to handle AppendEntries. Reply: s1<-s0#78862:OK-t1,SUCCESS,nextIndex=13,followerCommit=11,matchIndex=12
2023-03-17 00:25:02,298 [s0-server-thread1] DEBUG server.RaftServer$Division (RaftServerImpl.java:logAppendEntries(1430)) - s0@group-E6DD42024C81: receive appendEntries(s1, 1, (t:1, i:12), 12, true, commits:[s1:c12, s0:c11], cId:78863, entries: [(t:1, i:13), STATEMACHINELOGENTRY, 49@client-0D09FA5A3DCB]
2023-03-17 00:25:02,298 [s0-server-thread1] DEBUG server.RaftServer$Division (RaftServerImpl.java:logAppendEntries(1430)) - s0@group-E6DD42024C81: succeeded to handle AppendEntries. Reply: s1<-s0#78863:OK-t1,SUCCESS,nextIndex=14,followerCommit=12,matchIndex=13
2023-03-17 00:25:02,300 [s1-client-thread1] DEBUG server.RaftServer$Division (RaftServerImpl.java:submitClientRequestAsync(835)) - s1@group-E6DD42024C81: receive client request(RaftClientRequest:client-0D09FA5A3DCB->s1@group-E6DD42024C81, cid=50, seq=0, RW, Message:6d37)
2023-03-17 00:25:02,300 [s1-client-thread1] DEBUG server.RaftServer$Division (LeaderStateImpl.java:addPendingRequest(474)) - s1@group-E6DD42024C81-LeaderStateImpl: addPendingRequest at RaftClientRequest:client-0D09FA5A3DCB->s1@group-E6DD42024C81, cid=50, seq=0, RW, Message:6d37, entry=(t:1, i:15), STATEMACHINELOGENTRY, 50@client-0D09FA5A3DCB
2023-03-17 00:25:02,308 [s0-server-thread1] DEBUG server.RaftServer$Division (RaftServerImpl.java:logAppendEntries(1430)) - s0@group-E6DD42024C81: receive appendEntries(s1, 1, (t:1, i:13), 13, true, commits:[s1:c13, s0:c12], cId:78864, entries: [(t:1, i:14), METADATAENTRY(c:13)]
2023-03-17 00:25:02,309 [s0-server-thread1] DEBUG server.RaftServer$Division (RaftServerImpl.java:logAppendEntries(1430)) - s0@group-E6DD42024C81: succeeded to handle AppendEntries. Reply: s1<-s0#78864:OK-t1,SUCCESS,nextIndex=15,followerCommit=13,matchIndex=14
2023-03-17 00:25:02,319 [s0-server-thread1] DEBUG server.RaftServer$Division (RaftServerImpl.java:logAppendEntries(1430)) - s0@group-E6DD42024C81: receive appendEntries(s1, 1, (t:1, i:14), 14, true, commits:[s1:c14, s0:c13], cId:78865, entries: [(t:1, i:15), STATEMACHINELOGENTRY, 50@client-0D09FA5A3DCB]
2023-03-17 00:25:02,320 [s0-server-thread1] DEBUG server.RaftServer$Division (RaftServerImpl.java:logAppendEntries(1430)) - s0@group-E6DD42024C81: succeeded to handle AppendEntries. Reply: s1<-s0#78865:OK-t1,SUCCESS,nextIndex=16,followerCommit=14,matchIndex=15
2023-03-17 00:25:02,322 [s1-client-thread1] DEBUG server.RaftServer$Division (RaftServerImpl.java:submitClientRequestAsync(835)) - s1@group-E6DD42024C81: receive client request(RaftClientRequest:client-0D09FA5A3DCB->s1@group-E6DD42024C81, cid=51, seq=0, RW, Message:6d38)
2023-03-17 00:25:02,322 [s1-client-thread1] DEBUG server.RaftServer$Division (LeaderStateImpl.java:addPendingRequest(474)) - s1@group-E6DD42024C81-LeaderStateImpl: addPendingRequest at RaftClientRequest:client-0D09FA5A3DCB->s1@group-E6DD42024C81, cid=51, seq=0, RW, Message:6d38, entry=(t:1, i:17), STATEMACHINELOGENTRY, 51@client-0D09FA5A3DCB
2023-03-17 00:25:02,329 [s0-server-thread1] DEBUG server.RaftServer$Division (RaftServerImpl.java:logAppendEntries(1430)) - s0@group-E6DD42024C81: receive appendEntries(s1, 1, (t:1, i:15), 15, true, commits:[s1:c15, s0:c14], cId:78866, entries: [(t:1, i:16), METADATAENTRY(c:15)]
2023-03-17 00:25:02,330 [s0-server-thread1] DEBUG server.RaftServer$Division (RaftServerImpl.java:logAppendEntries(1430)) - s0@group-E6DD42024C81: succeeded to handle AppendEntries. Reply: s1<-s0#78866:OK-t1,SUCCESS,nextIndex=17,followerCommit=15,matchIndex=16
2023-03-17 00:25:02,339 [s0-server-thread1] DEBUG server.RaftServer$Division (RaftServerImpl.java:logAppendEntries(1430)) - s0@group-E6DD42024C81: receive appendEntries(s1, 1, (t:1, i:16), 16, true, commits:[s1:c16, s0:c15], cId:78867, entries: [(t:1, i:17), STATEMACHINELOGENTRY, 51@client-0D09FA5A3DCB]
2023-03-17 00:25:02,340 [s0-server-thread1] DEBUG server.RaftServer$Division (RaftServerImpl.java:logAppendEntries(1430)) - s0@group-E6DD42024C81: succeeded to handle AppendEntries. Reply: s1<-s0#78867:OK-t1,SUCCESS,nextIndex=18,followerCommit=16,matchIndex=17
2023-03-17 00:25:02,342 [s1-client-thread1] DEBUG server.RaftServer$Division (RaftServerImpl.java:submitClientRequestAsync(835)) - s1@group-E6DD42024C81: receive client request(RaftClientRequest:client-0D09FA5A3DCB->s1@group-E6DD42024C81, cid=52, seq=0, RW, Message:6d39)
2023-03-17 00:25:02,342 [s1-client-thread1] DEBUG server.RaftServer$Division (LeaderStateImpl.java:addPendingRequest(474)) - s1@group-E6DD42024C81-LeaderStateImpl: addPendingRequest at RaftClientRequest:client-0D09FA5A3DCB->s1@group-E6DD42024C81, cid=52, seq=0, RW, Message:6d39, entry=(t:1, i:19), STATEMACHINELOGENTRY, 52@client-0D09FA5A3DCB
2023-03-17 00:25:02,344 [s2@group-E6DD42024C81-FollowerState] INFO  impl.FollowerState (FollowerState.java:run(143)) - s2@group-E6DD42024C81-FollowerState: change to CANDIDATE, lastRpcElapsedTime:185878143ns, electionTimeout:185ms
2023-03-17 00:25:02,344 [s2@group-E6DD42024C81-FollowerState] INFO  impl.RoleInfo (RoleInfo.java:shutdownFollowerState(110)) - s2: shutdown s2@group-E6DD42024C81-FollowerState
2023-03-17 00:25:02,344 [s2@group-E6DD42024C81-FollowerState] INFO  server.RaftServer$Division (RaftServerImpl.java:setRole(329)) - s2@group-E6DD42024C81: changes role from  FOLLOWER to CANDIDATE at term 0 for changeToCandidate
2023-03-17 00:25:02,345 [s2@group-E6DD42024C81-FollowerState] INFO  server.RaftServerConfigKeys (ConfUtils.java:logGet(46)) - raft.server.leaderelection.pre-vote = true (default)
2023-03-17 00:25:02,345 [s2@group-E6DD42024C81-FollowerState] INFO  impl.RoleInfo (RoleInfo.java:updateAndGet(139)) - s2: start s2@group-E6DD42024C81-LeaderElection41
2023-03-17 00:25:02,345 [s2@group-E6DD42024C81-LeaderElection41] INFO  impl.LeaderElection (LeaderElection.java:askForVotes(320)) - s2@group-E6DD42024C81-LeaderElection41 PRE_VOTE round 0: submit vote requests at term 0 for -1: peers:[s0|rpc:localhost:33671|admin:localhost:39087|client:localhost:34879|dataStream:localhost:40135|priority:0|startupRole:FOLLOWER, s1|rpc:localhost:46405|admin:localhost:35137|client:localhost:36573|dataStream:localhost:34935|priority:0|startupRole:FOLLOWER, s2|priority:0|startupRole:FOLLOWER]|listeners:[], old=null
2023-03-17 00:25:02,345 [s2@group-E6DD42024C81-LeaderElection41-1] INFO  server.GrpcServerProtocolClient (GrpcServerProtocolClient.java:<init>(64)) - Build channel for s0
2023-03-17 00:25:02,350 [s0-server-thread1] DEBUG server.RaftServer$Division (RaftServerImpl.java:logAppendEntries(1430)) - s0@group-E6DD42024C81: receive appendEntries(s1, 1, (t:1, i:17), 17, true, commits:[s1:c17, s0:c16], cId:78868, entries: [(t:1, i:18), METADATAENTRY(c:17)]
2023-03-17 00:25:02,351 [s0-server-thread1] DEBUG server.RaftServer$Division (RaftServerImpl.java:logAppendEntries(1430)) - s0@group-E6DD42024C81: succeeded to handle AppendEntries. Reply: s1<-s0#78868:OK-t1,SUCCESS,nextIndex=19,followerCommit=17,matchIndex=18
2023-03-17 00:25:02,351 [grpc-default-executor-3] INFO  server.RaftServer$Division (RaftServerImpl.java:requestVote(1303)) - s0@group-E6DD42024C81: receive requestVote(PRE_VOTE, s2, group-E6DD42024C81, 0, (t:0, i:0))
2023-03-17 00:25:02,352 [grpc-default-executor-3] INFO  impl.VoteContext (VoteContext.java:log(49)) - s0@group-E6DD42024C81-FOLLOWER: reject PRE_VOTE from s2: s2 is not in current conf [s0|rpc:localhost:33671|admin:localhost:39087|client:localhost:34879|dataStream:localhost:40135|priority:0|startupRole:FOLLOWER, s1|rpc:localhost:46405|admin:localhost:35137|client:localhost:36573|dataStream:localhost:34935|priority:0|startupRole:FOLLOWER]
2023-03-17 00:25:02,352 [grpc-default-executor-3] INFO  server.RaftServer$Division (RaftServerImpl.java:requestVote(1336)) - s0@group-E6DD42024C81 replies to PRE_VOTE vote request: s2<-s0#0:FAIL-t1. Peer's state: s0@group-E6DD42024C81:t1, leader=s1, voted=s1, raftlog=Memoized:s0@group-E6DD42024C81-SegmentedRaftLog:OPENED:c17, conf=0: peers:[s0|rpc:localhost:33671|admin:localhost:39087|client:localhost:34879|dataStream:localhost:40135|priority:0|startupRole:FOLLOWER, s1|rpc:localhost:46405|admin:localhost:35137|client:localhost:36573|dataStream:localhost:34935|priority:0|startupRole:FOLLOWER]|listeners:[], old=null
2023-03-17 00:25:02,352 [s2@group-E6DD42024C81-LeaderElection41] INFO  server.RaftServerConfigKeys (ConfUtils.java:logFallback(53)) - raft.server.rpc.first-election.timeout.min = 150ms (fallback to raft.server.rpc.timeout.min)
2023-03-17 00:25:02,352 [s2@group-E6DD42024C81-LeaderElection41] INFO  server.RaftServerConfigKeys (ConfUtils.java:logFallback(53)) - raft.server.rpc.first-election.timeout.max = 300ms (fallback to raft.server.rpc.timeout.max)
2023-03-17 00:25:02,352 [s2@group-E6DD42024C81-LeaderElection41] INFO  impl.LeaderElection (LeaderElection.java:logAndReturn(89)) - s2@group-E6DD42024C81-LeaderElection41: PRE_VOTE DISCOVERED_A_NEW_TERM (term=1) received 1 response(s) and 0 exception(s):
2023-03-17 00:25:02,352 [s2@group-E6DD42024C81-LeaderElection41] INFO  impl.LeaderElection (LeaderElection.java:logAndReturn(93)) -   Response 0: s2<-s0#0:FAIL-t1
2023-03-17 00:25:02,352 [s2@group-E6DD42024C81-LeaderElection41] INFO  impl.LeaderElection (LeaderElection.java:askForVotes(322)) - s2@group-E6DD42024C81-LeaderElection41 PRE_VOTE round 0: result DISCOVERED_A_NEW_TERM (term=1)
2023-03-17 00:25:02,352 [s2@group-E6DD42024C81-LeaderElection41] INFO  server.RaftServer$Division (RaftServerImpl.java:setRole(329)) - s2@group-E6DD42024C81: changes role from CANDIDATE to FOLLOWER at term 1 for DISCOVERED_A_NEW_TERM (term=1)
2023-03-17 00:25:02,352 [s2@group-E6DD42024C81-LeaderElection41] INFO  impl.RoleInfo (RoleInfo.java:shutdownLeaderElection(130)) - s2: shutdown s2@group-E6DD42024C81-LeaderElection41
2023-03-17 00:25:02,352 [s2@group-E6DD42024C81-LeaderElection41] INFO  impl.RoleInfo (RoleInfo.java:updateAndGet(139)) - s2: start s2@group-E6DD42024C81-FollowerState
2023-03-17 00:25:02,353 [s2@group-E6DD42024C81-LeaderElection41-2] INFO  server.GrpcServerProtocolClient (GrpcServerProtocolClient.java:<init>(64)) - Build channel for s1
2023-03-17 00:25:02,355 [grpc-default-executor-3] INFO  server.RaftServer$Division (RaftServerImpl.java:requestVote(1303)) - s1@group-E6DD42024C81: receive requestVote(PRE_VOTE, s2, group-E6DD42024C81, 0, (t:0, i:0))
2023-03-17 00:25:02,355 [grpc-default-executor-3] INFO  impl.VoteContext (VoteContext.java:log(49)) - s1@group-E6DD42024C81-LEADER: reject PRE_VOTE from s2: s2 is not in current conf [s0|rpc:localhost:33671|admin:localhost:39087|client:localhost:34879|dataStream:localhost:40135|priority:0|startupRole:FOLLOWER, s1|rpc:localhost:46405|admin:localhost:35137|client:localhost:36573|dataStream:localhost:34935|priority:0|startupRole:FOLLOWER]
2023-03-17 00:25:02,355 [grpc-default-executor-3] INFO  server.RaftServer$Division (RaftServerImpl.java:requestVote(1336)) - s1@group-E6DD42024C81 replies to PRE_VOTE vote request: s2<-s1#0:FAIL-t1. Peer's state: s1@group-E6DD42024C81:t1, leader=s1, voted=s1, raftlog=Memoized:s1@group-E6DD42024C81-SegmentedRaftLog:OPENED:c18, conf=0: peers:[s0|rpc:localhost:33671|admin:localhost:39087|client:localhost:34879|dataStream:localhost:40135|priority:0|startupRole:FOLLOWER, s1|rpc:localhost:46405|admin:localhost:35137|client:localhost:36573|dataStream:localhost:34935|priority:0|startupRole:FOLLOWER]|listeners:[], old=null
2023-03-17 00:25:02,356 [s2@group-E6DD42024C81-FollowerState] INFO  server.RaftServerConfigKeys (ConfUtils.java:logFallback(53)) - raft.server.rpc.first-election.timeout.min = 150ms (fallback to raft.server.rpc.timeout.min)
2023-03-17 00:25:02,356 [s2@group-E6DD42024C81-FollowerState] INFO  server.RaftServerConfigKeys (ConfUtils.java:logFallback(53)) - raft.server.rpc.first-election.timeout.max = 300ms (fallback to raft.server.rpc.timeout.max)
2023-03-17 00:25:02,361 [s0-server-thread1] DEBUG server.RaftServer$Division (RaftServerImpl.java:logAppendEntries(1430)) - s0@group-E6DD42024C81: receive appendEntries(s1, 1, (t:1, i:18), 17, true, commits:[s1:c17, s0:c17], cId:78869, entries: [(t:1, i:19), STATEMACHINELOGENTRY, 52@client-0D09FA5A3DCB]
2023-03-17 00:25:02,361 [s0-server-thread1] DEBUG server.RaftServer$Division (RaftServerImpl.java:logAppendEntries(1430)) - s0@group-E6DD42024C81: succeeded to handle AppendEntries. Reply: s1<-s0#78869:OK-t1,SUCCESS,nextIndex=20,followerCommit=17,matchIndex=19
2023-03-17 00:25:02,363 [Time-limited test] INFO  grpc.TestRaftReconfigurationWithGrpc (BaseTest.java:testFailureCase(151)) - run 'Can't set configuration in CAS mode '
2023-03-17 00:25:02,365 [s1-server-thread1] INFO  server.RaftServer$Division (RaftServerImpl.java:setConfigurationAsync(1197)) - s1@group-E6DD42024C81: receive setConfiguration SetConfigurationRequest:client-0D09FA5A3DCB->s1@group-E6DD42024C81, cid=53, seq=0, RW, null, COMPARE_AND_SET, servers:[s2|rpc:0.0.0.0:34323|dataStream:|priority:0|startupRole:FOLLOWER, s0|rpc:localhost:33671|admin:localhost:39087|client:localhost:34879|dataStream:localhost:40135|priority:0|startupRole:FOLLOWER, s1|rpc:localhost:46405|admin:localhost:35137|client:localhost:36573|dataStream:localhost:34935|priority:0|startupRole:FOLLOWER], listeners:[]
2023-03-17 00:25:02,375 [s0-server-thread1] DEBUG server.RaftServer$Division (RaftServerImpl.java:logAppendEntries(1430)) - s0@group-E6DD42024C81: receive appendEntries(s1, 1, (t:1, i:19), 19, true, commits:[s1:c19, s0:c17], cId:78870, entries: [(t:1, i:20), METADATAENTRY(c:19)]
2023-03-17 00:25:02,375 [s0-server-thread1] DEBUG server.RaftServer$Division (RaftServerImpl.java:logAppendEntries(1430)) - s0@group-E6DD42024C81: succeeded to handle AppendEntries. Reply: s1<-s0#78870:OK-t1,SUCCESS,nextIndex=21,followerCommit=19,matchIndex=20
2023-03-17 00:25:02,376 [Time-limited test] INFO  grpc.TestRaftReconfigurationWithGrpc (BaseTest.java:assertThrowable(133)) - The test "Can't set configuration in CAS mode " throws SetConfigurationException
org.apache.ratis.protocol.exceptions.SetConfigurationException: Failed to set configuration: current configuration 0: peers:[s0|rpc:localhost:33671|admin:localhost:39087|client:localhost:34879|dataStream:localhost:40135|priority:0|startupRole:FOLLOWER, s1|rpc:localhost:46405|admin:localhost:35137|client:localhost:36573|dataStream:localhost:34935|priority:0|startupRole:FOLLOWER]|listeners:[], old=null is different than the request SetConfigurationRequest:client-0D09FA5A3DCB->s1@group-E6DD42024C81, cid=53, seq=0, RW, null, COMPARE_AND_SET, servers:[s2|rpc:0.0.0.0:34323|dataStream:|priority:0|startupRole:FOLLOWER, s0|rpc:localhost:33671|admin:localhost:39087|client:localhost:34879|dataStream:localhost:40135|priority:0|startupRole:FOLLOWER, s1|rpc:localhost:46405|admin:localhost:35137|client:localhost:36573|dataStream:localhost:34935|priority:0|startupRole:FOLLOWER], listeners:[]
	at org.apache.ratis.server.impl.RaftServerImpl.setConfigurationAsync(RaftServerImpl.java:1237)
	at org.apache.ratis.server.impl.RaftServerProxy.lambda$setConfigurationAsync$22(RaftServerProxy.java:616)
	at org.apache.ratis.util.JavaUtils.callAsUnchecked(JavaUtils.java:117)
	at org.apache.ratis.server.impl.RaftServerImpl.lambda$executeSubmitServerRequestAsync$11(RaftServerImpl.java:821)
	at java.base/java.util.concurrent.CompletableFuture$AsyncSupply.run(CompletableFuture.java:1700)
	at java.base/java.util.concurrent.ThreadPoolExecutor.runWorker(ThreadPoolExecutor.java:1128)
	at java.base/java.util.concurrent.ThreadPoolExecutor$Worker.run(ThreadPoolExecutor.java:628)
	at java.base/java.lang.Thread.run(Thread.java:829)
2023-03-17 00:25:02,378 [s0-server-thread1] INFO  server.RaftServer$Division (RaftServerImpl.java:setConfigurationAsync(1197)) - s0@group-E6DD42024C81: receive setConfiguration SetConfigurationRequest:client-0D09FA5A3DCB->s0@group-E6DD42024C81, cid=54, seq=0, RW, null, COMPARE_AND_SET, servers:[s2|rpc:0.0.0.0:34323|dataStream:|priority:0|startupRole:FOLLOWER, s0|rpc:localhost:33671|admin:localhost:39087|client:localhost:34879|dataStream:localhost:40135|priority:0|startupRole:FOLLOWER, s1|rpc:localhost:46405|admin:localhost:35137|client:localhost:36573|dataStream:localhost:34935|priority:0|startupRole:FOLLOWER], listeners:[]
2023-03-17 00:25:02,494 [s1-server-thread1] INFO  server.RaftServer$Division (RaftServerImpl.java:setConfigurationAsync(1197)) - s1@group-E6DD42024C81: receive setConfiguration SetConfigurationRequest:client-0D09FA5A3DCB->s1@group-E6DD42024C81, cid=54, seq=0, RW, null, COMPARE_AND_SET, servers:[s2|rpc:0.0.0.0:34323|dataStream:|priority:0|startupRole:FOLLOWER, s0|rpc:localhost:33671|admin:localhost:39087|client:localhost:34879|dataStream:localhost:40135|priority:0|startupRole:FOLLOWER, s1|rpc:localhost:46405|admin:localhost:35137|client:localhost:36573|dataStream:localhost:34935|priority:0|startupRole:FOLLOWER], listeners:[]
2023-03-17 00:25:02,494 [s1-server-thread1] INFO  server.RaftServer$Division (LeaderStateImpl.java:startSetConfiguration(440)) - s1@group-E6DD42024C81-LeaderStateImpl: startSetConfiguration SetConfigurationRequest:client-0D09FA5A3DCB->s1@group-E6DD42024C81, cid=54, seq=0, RW, null, COMPARE_AND_SET, servers:[s2|rpc:0.0.0.0:34323|dataStream:|priority:0|startupRole:FOLLOWER, s0|rpc:localhost:33671|admin:localhost:39087|client:localhost:34879|dataStream:localhost:40135|priority:0|startupRole:FOLLOWER, s1|rpc:localhost:46405|admin:localhost:35137|client:localhost:36573|dataStream:localhost:34935|priority:0|startupRole:FOLLOWER], listeners:[]
2023-03-17 00:25:02,494 [s1-server-thread1] INFO  server.RaftServerConfigKeys (ConfUtils.java:logGet(46)) - raft.server.log.appender.snapshot.chunk.size.max = 16MB (=16777216) (default)
2023-03-17 00:25:02,495 [s1-server-thread1] INFO  server.RaftServerConfigKeys (ConfUtils.java:logGet(46)) - raft.server.log.appender.buffer.byte-limit = 4MB (=4194304) (default)
2023-03-17 00:25:02,495 [s1-server-thread1] INFO  server.RaftServerConfigKeys (ConfUtils.java:logGet(46)) - raft.server.log.appender.buffer.element-limit = 0 (default)
2023-03-17 00:25:02,495 [s1-server-thread1] INFO  server.RaftServerConfigKeys (ConfUtils.java:logGet(46)) - raft.server.log.appender.wait-time.min = 10ms (default)
2023-03-17 00:25:02,495 [s1-server-thread1] INFO  grpc.GrpcConfigKeys (ConfUtils.java:logGet(46)) - raft.grpc.server.leader.outstanding.appends.max = 128 (default)
2023-03-17 00:25:02,495 [s1-server-thread1] INFO  server.RaftServerConfigKeys (ConfUtils.java:logGet(46)) - raft.server.rpc.request.timeout = 3000ms (default)
2023-03-17 00:25:02,495 [s1-server-thread1] INFO  grpc.GrpcConfigKeys (ConfUtils.java:logGet(46)) - raft.grpc.server.install_snapshot.request.element-limit = 8 (default)
2023-03-17 00:25:02,495 [s1-server-thread1] INFO  grpc.GrpcConfigKeys (ConfUtils.java:logGet(46)) - raft.grpc.server.install_snapshot.request.timeout = 3000ms (default)
2023-03-17 00:25:02,495 [s1-server-thread1] INFO  server.RaftServerConfigKeys (ConfUtils.java:logGet(46)) - raft.server.log.appender.install.snapshot.enabled = true (default)
2023-03-17 00:25:02,495 [s1-server-thread1] INFO  grpc.GrpcConfigKeys (ConfUtils.java:logGet(46)) - raft.grpc.server.heartbeat.channel = true (default)
2023-03-17 00:25:02,498 [s1@group-E6DD42024C81->s2-GrpcLogAppender-LogAppenderDaemon] INFO  leader.FollowerInfo (FollowerInfoImpl.java:setAttemptedToInstallSnapshot(126)) - Follower s1@group-E6DD42024C81->s2 acknowledged installing snapshot
2023-03-17 00:25:02,498 [s1@group-E6DD42024C81->s2-GrpcLogAppender-LogAppenderDaemon] INFO  server.GrpcServerProtocolClient (GrpcServerProtocolClient.java:<init>(64)) - Build channel for s2
2023-03-17 00:25:02,518 [s2-server-thread1] INFO  server.RaftServer$Division (ServerState.java:setLeader(260)) - s2@group-E6DD42024C81: change Leader from null to s1 at term 1 for appendEntries, leader elected after 365ms
2023-03-17 00:25:02,520 [s2-server-thread2] DEBUG server.RaftServer$Division (RaftServerImpl.java:logAppendEntries(1430)) - s2@group-E6DD42024C81: receive appendEntries(s1, 1, null, 20, false, commits:[s1:c20, s0:c20, s2:c-1], cId:1, entries: [(t:1, i:0), CONFIGURATIONENTRY(current:id: "s0"
address: "localhost:33671"
dataStreamAddress: "localhost:40135"
clientAddress: "localhost:34879"
adminAddress: "localhost:39087"
startupRole: FOLLOWER
,id: "s1"
address: "localhost:46405"
dataStreamAddress: "localhost:34935"
clientAddress: "localhost:36573"
adminAddress: "localhost:35137"
startupRole: FOLLOWER
, old:), (t:1, i:1), STATEMACHINELOGENTRY, 43@client-0D09FA5A3DCB, (t:1, i:2), METADATAENTRY(c:1), (t:1, i:3), STATEMACHINELOGENTRY, 44@client-0D09FA5A3DCB, (t:1, i:4), METADATAENTRY(c:3), (t:1, i:5), STATEMACHINELOGENTRY, 45@client-0D09FA5A3DCB, (t:1, i:6), METADATAENTRY(c:5), (t:1, i:7), STATEMACHINELOGENTRY, 46@client-0D09FA5A3DCB, (t:1, i:8), METADATAENTRY(c:7), (t:1, i:9), STATEMACHINELOGENTRY, 47@client-0D09FA5A3DCB, (t:1, i:10), METADATAENTRY(c:9), (t:1, i:11), STATEMACHINELOGENTRY, 48@client-0D09FA5A3DCB, (t:1, i:12), METADATAENTRY(c:11), (t:1, i:13), STATEMACHINELOGENTRY, 49@client-0D09FA5A3DCB, (t:1, i:14), METADATAENTRY(c:13), (t:1, i:15), STATEMACHINELOGENTRY, 50@client-0D09FA5A3DCB, (t:1, i:16), METADATAENTRY(c:15), (t:1, i:17), STATEMACHINELOGENTRY, 51@client-0D09FA5A3DCB, (t:1, i:18), METADATAENTRY(c:17), (t:1, i:19), STATEMACHINELOGENTRY, 52@client-0D09FA5A3DCB, (t:1, i:20), METADATAENTRY(c:19)]
2023-03-17 00:25:02,520 [s2-server-thread2] INFO  server.RaftServer$Division (ServerState.java:setRaftConf(378)) - s2@group-E6DD42024C81: set configuration 0: peers:[s0|rpc:localhost:33671|admin:localhost:39087|client:localhost:34879|dataStream:localhost:40135|priority:0|startupRole:FOLLOWER, s1|rpc:localhost:46405|admin:localhost:35137|client:localhost:36573|dataStream:localhost:34935|priority:0|startupRole:FOLLOWER]|listeners:[], old=null
2023-03-17 00:25:02,520 [s2-server-thread2] INFO  segmented.SegmentedRaftLogWorker (SegmentedRaftLogWorker.java:startLogSegment(426)) - s2@group-E6DD42024C81-SegmentedRaftLogWorker: Starting segment from index:0
2023-03-17 00:25:02,531 [s2@group-E6DD42024C81-SegmentedRaftLogWorker] INFO  segmented.SegmentedRaftLogWorker (SegmentedRaftLogWorker.java:execute(630)) - s2@group-E6DD42024C81-SegmentedRaftLogWorker: created new log segment /home/runner/work/ratis/ratis/ratis-test/target/test/data/ce6527c6/MiniRaftClusterWithGrpc2d3becb2/s2/0da4de62-b61e-45b8-8b26-e6dd42024c81/current/log_inprogress_0
2023-03-17 00:25:02,532 [s2-server-thread3] DEBUG server.RaftServer$Division (RaftServerImpl.java:logAppendEntries(1430)) - s2@group-E6DD42024C81: succeeded to handle AppendEntries. Reply: s1<-s2#1:OK-t1,SUCCESS,nextIndex=21,followerCommit=20,matchIndex=20
2023-03-17 00:25:02,534 [s1@group-E6DD42024C81-LeaderStateImpl] INFO  server.RaftServer$Division (ServerState.java:setRaftConf(378)) - s1@group-E6DD42024C81: set configuration 21: peers:[s0|rpc:localhost:33671|admin:localhost:39087|client:localhost:34879|dataStream:localhost:40135|priority:0|startupRole:FOLLOWER, s1|rpc:localhost:46405|admin:localhost:35137|client:localhost:36573|dataStream:localhost:34935|priority:0|startupRole:FOLLOWER, s2|rpc:0.0.0.0:34323|dataStream:|priority:0|startupRole:FOLLOWER]|listeners:[], old=peers:[s0|rpc:localhost:33671|admin:localhost:39087|client:localhost:34879|dataStream:localhost:40135|priority:0|startupRole:FOLLOWER, s1|rpc:localhost:46405|admin:localhost:35137|client:localhost:36573|dataStream:localhost:34935|priority:0|startupRole:FOLLOWER]|listeners:[]
2023-03-17 00:25:02,535 [s2-server-thread3] DEBUG server.RaftServer$Division (RaftServerImpl.java:logAppendEntries(1430)) - s2@group-E6DD42024C81: receive appendEntries(s1, 1, (t:1, i:20), 20, true, commits:[s1:c20, s0:c20, s2:c20], cId:5503, entries: [(t:1, i:21), CONFIGURATIONENTRY(current:id: "s0"
address: "localhost:33671"
dataStreamAddress: "localhost:40135"
clientAddress: "localhost:34879"
adminAddress: "localhost:39087"
startupRole: FOLLOWER
,id: "s1"
address: "localhost:46405"
dataStreamAddress: "localhost:34935"
clientAddress: "localhost:36573"
adminAddress: "localhost:35137"
startupRole: FOLLOWER
,id: "s2"
address: "0.0.0.0:34323"
clientAddress: "0.0.0.0:34323"
adminAddress: "0.0.0.0:34323"
startupRole: FOLLOWER
, old:id: "s0"
address: "localhost:33671"
dataStreamAddress: "localhost:40135"
clientAddress: "localhost:34879"
adminAddress: "localhost:39087"
startupRole: FOLLOWER
,id: "s1"
address: "localhost:46405"
dataStreamAddress: "localhost:34935"
clientAddress: "localhost:36573"
adminAddress: "localhost:35137"
startupRole: FOLLOWER
)]
2023-03-17 00:25:02,536 [s2-server-thread3] INFO  server.RaftServer$Division (ServerState.java:setRaftConf(378)) - s2@group-E6DD42024C81: set configuration 21: peers:[s0|rpc:localhost:33671|admin:localhost:39087|client:localhost:34879|dataStream:localhost:40135|priority:0|startupRole:FOLLOWER, s1|rpc:localhost:46405|admin:localhost:35137|client:localhost:36573|dataStream:localhost:34935|priority:0|startupRole:FOLLOWER, s2|rpc:0.0.0.0:34323|dataStream:|priority:0|startupRole:FOLLOWER]|listeners:[], old=peers:[s0|rpc:localhost:33671|admin:localhost:39087|client:localhost:34879|dataStream:localhost:40135|priority:0|startupRole:FOLLOWER, s1|rpc:localhost:46405|admin:localhost:35137|client:localhost:36573|dataStream:localhost:34935|priority:0|startupRole:FOLLOWER]|listeners:[]
2023-03-17 00:25:02,538 [s2-server-thread3] DEBUG server.RaftServer$Division (RaftServerImpl.java:logAppendEntries(1430)) - s2@group-E6DD42024C81: succeeded to handle AppendEntries. Reply: s1<-s2#5503:OK-t1,SUCCESS,nextIndex=22,followerCommit=20,matchIndex=21
2023-03-17 00:25:02,540 [s0-server-thread1] DEBUG server.RaftServer$Division (RaftServerImpl.java:logAppendEntries(1430)) - s0@group-E6DD42024C81: receive appendEntries(s1, 1, (t:1, i:20), 20, true, commits:[s1:c20, s0:c20, s2:c20], cId:151191, entries: [(t:1, i:21), CONFIGURATIONENTRY(current:id: "s0"
address: "localhost:33671"
dataStreamAddress: "localhost:40135"
clientAddress: "localhost:34879"
adminAddress: "localhost:39087"
startupRole: FOLLOWER
,id: "s1"
address: "localhost:46405"
dataStreamAddress: "localhost:34935"
clientAddress: "localhost:36573"
adminAddress: "localhost:35137"
startupRole: FOLLOWER
,id: "s2"
address: "0.0.0.0:34323"
clientAddress: "0.0.0.0:34323"
adminAddress: "0.0.0.0:34323"
startupRole: FOLLOWER
, old:id: "s0"
address: "localhost:33671"
dataStreamAddress: "localhost:40135"
clientAddress: "localhost:34879"
adminAddress: "localhost:39087"
startupRole: FOLLOWER
,id: "s1"
address: "localhost:46405"
dataStreamAddress: "localhost:34935"
clientAddress: "localhost:36573"
adminAddress: "localhost:35137"
startupRole: FOLLOWER
)]
2023-03-17 00:25:02,540 [s0-server-thread1] INFO  server.RaftServer$Division (ServerState.java:setRaftConf(378)) - s0@group-E6DD42024C81: set configuration 21: peers:[s0|rpc:localhost:33671|admin:localhost:39087|client:localhost:34879|dataStream:localhost:40135|priority:0|startupRole:FOLLOWER, s1|rpc:localhost:46405|admin:localhost:35137|client:localhost:36573|dataStream:localhost:34935|priority:0|startupRole:FOLLOWER, s2|rpc:0.0.0.0:34323|dataStream:|priority:0|startupRole:FOLLOWER]|listeners:[], old=peers:[s0|rpc:localhost:33671|admin:localhost:39087|client:localhost:34879|dataStream:localhost:40135|priority:0|startupRole:FOLLOWER, s1|rpc:localhost:46405|admin:localhost:35137|client:localhost:36573|dataStream:localhost:34935|priority:0|startupRole:FOLLOWER]|listeners:[]
2023-03-17 00:25:02,540 [s0-server-thread1] DEBUG server.RaftServer$Division (RaftServerImpl.java:logAppendEntries(1430)) - s0@group-E6DD42024C81: succeeded to handle AppendEntries. Reply: s1<-s0#151191:OK-t1,SUCCESS,nextIndex=22,followerCommit=20,matchIndex=21
2023-03-17 00:25:02,541 [s1@group-E6DD42024C81-LeaderStateImpl] INFO  server.RaftServer$Division (ServerState.java:setRaftConf(378)) - s1@group-E6DD42024C81: set configuration 23: peers:[s0|rpc:localhost:33671|admin:localhost:39087|client:localhost:34879|dataStream:localhost:40135|priority:0|startupRole:FOLLOWER, s1|rpc:localhost:46405|admin:localhost:35137|client:localhost:36573|dataStream:localhost:34935|priority:0|startupRole:FOLLOWER, s2|rpc:0.0.0.0:34323|dataStream:|priority:0|startupRole:FOLLOWER]|listeners:[], old=null
2023-03-17 00:25:02,546 [s2-server-thread3] DEBUG server.RaftServer$Division (RaftServerImpl.java:logAppendEntries(1430)) - s2@group-E6DD42024C81: receive appendEntries(s1, 1, (t:1, i:21), 21, true, commits:[s1:c21, s0:c20, s2:c20], cId:5504, entries: [(t:1, i:22), METADATAENTRY(c:21), (t:1, i:23), CONFIGURATIONENTRY(current:id: "s0"
address: "localhost:33671"
dataStreamAddress: "localhost:40135"
clientAddress: "localhost:34879"
adminAddress: "localhost:39087"
startupRole: FOLLOWER
,id: "s1"
address: "localhost:46405"
dataStreamAddress: "localhost:34935"
clientAddress: "localhost:36573"
adminAddress: "localhost:35137"
startupRole: FOLLOWER
,id: "s2"
address: "0.0.0.0:34323"
clientAddress: "0.0.0.0:34323"
adminAddress: "0.0.0.0:34323"
startupRole: FOLLOWER
, old:)]
2023-03-17 00:25:02,547 [s2-server-thread3] INFO  server.RaftServer$Division (ServerState.java:setRaftConf(378)) - s2@group-E6DD42024C81: set configuration 23: peers:[s0|rpc:localhost:33671|admin:localhost:39087|client:localhost:34879|dataStream:localhost:40135|priority:0|startupRole:FOLLOWER, s1|rpc:localhost:46405|admin:localhost:35137|client:localhost:36573|dataStream:localhost:34935|priority:0|startupRole:FOLLOWER, s2|rpc:0.0.0.0:34323|dataStream:|priority:0|startupRole:FOLLOWER]|listeners:[], old=null
2023-03-17 00:25:02,547 [s2-server-thread3] DEBUG server.RaftServer$Division (RaftServerImpl.java:logAppendEntries(1430)) - s2@group-E6DD42024C81: succeeded to handle AppendEntries. Reply: s1<-s2#5504:OK-t1,SUCCESS,nextIndex=24,followerCommit=21,matchIndex=23
2023-03-17 00:25:02,551 [s0-server-thread1] DEBUG server.RaftServer$Division (RaftServerImpl.java:logAppendEntries(1430)) - s0@group-E6DD42024C81: receive appendEntries(s1, 1, (t:1, i:21), 21, true, commits:[s1:c21, s0:c20, s2:c20], cId:151192, entries: [(t:1, i:22), METADATAENTRY(c:21), (t:1, i:23), CONFIGURATIONENTRY(current:id: "s0"
address: "localhost:33671"
dataStreamAddress: "localhost:40135"
clientAddress: "localhost:34879"
adminAddress: "localhost:39087"
startupRole: FOLLOWER
,id: "s1"
address: "localhost:46405"
dataStreamAddress: "localhost:34935"
clientAddress: "localhost:36573"
adminAddress: "localhost:35137"
startupRole: FOLLOWER
,id: "s2"
address: "0.0.0.0:34323"
clientAddress: "0.0.0.0:34323"
adminAddress: "0.0.0.0:34323"
startupRole: FOLLOWER
, old:)]
2023-03-17 00:25:02,556 [s0-server-thread1] INFO  server.RaftServer$Division (ServerState.java:setRaftConf(378)) - s0@group-E6DD42024C81: set configuration 23: peers:[s0|rpc:localhost:33671|admin:localhost:39087|client:localhost:34879|dataStream:localhost:40135|priority:0|startupRole:FOLLOWER, s1|rpc:localhost:46405|admin:localhost:35137|client:localhost:36573|dataStream:localhost:34935|priority:0|startupRole:FOLLOWER, s2|rpc:0.0.0.0:34323|dataStream:|priority:0|startupRole:FOLLOWER]|listeners:[], old=null
2023-03-17 00:25:02,557 [s0-server-thread1] DEBUG server.RaftServer$Division (RaftServerImpl.java:logAppendEntries(1430)) - s0@group-E6DD42024C81: succeeded to handle AppendEntries. Reply: s1<-s0#151192:OK-t1,SUCCESS,nextIndex=24,followerCommit=21,matchIndex=23
2023-03-17 00:25:02,557 [s2-server-thread3] DEBUG server.RaftServer$Division (RaftServerImpl.java:logAppendEntries(1430)) - s2@group-E6DD42024C81: receive appendEntries(s1, 1, (t:1, i:23), 23, true, commits:[s1:c23, s0:c20, s2:c21], cId:5505, entries: [(t:1, i:24), METADATAENTRY(c:23)]
2023-03-17 00:25:02,558 [Time-limited test] INFO  server.RaftServerConfigKeys (ConfUtils.java:logGet(46)) - raft.server.rpc.timeout.max = 300ms (default)
2023-03-17 00:25:02,558 [s2-server-thread3] DEBUG server.RaftServer$Division (RaftServerImpl.java:logAppendEntries(1430)) - s2@group-E6DD42024C81: succeeded to handle AppendEntries. Reply: s1<-s2#5505:OK-t1,SUCCESS,nextIndex=25,followerCommit=23,matchIndex=24
2023-03-17 00:25:02,558 [Time-limited test] INFO  impl.RaftServerTestUtil (RaftServerTestUtil.java:waitAndCheckNewConf(87)) - waitAndCheckNewConf: peers=[s2|rpc:0.0.0.0:34323|priority:0|startupRole:FOLLOWER, s0|rpc:localhost:33671|admin:localhost:39087|client:localhost:34879|dataStream:localhost:40135|priority:0|startupRole:FOLLOWER, s1|rpc:localhost:46405|admin:localhost:35137|client:localhost:36573|dataStream:localhost:34935|priority:0|startupRole:FOLLOWER], deadPeers=null, printing ALL groups
  s0:  RUNNING  FOLLOWER s0@group-E6DD42024C81:t1, leader=s1, voted=s1, raftlog=Memoized:s0@group-E6DD42024C81-SegmentedRaftLog:OPENED:c21, conf=23: peers:[s0|rpc:localhost:33671|admin:localhost:39087|client:localhost:34879|dataStream:localhost:40135|priority:0|startupRole:FOLLOWER, s1|rpc:localhost:46405|admin:localhost:35137|client:localhost:36573|dataStream:localhost:34935|priority:0|startupRole:FOLLOWER, s2|rpc:0.0.0.0:34323|dataStream:|priority:0|startupRole:FOLLOWER]|listeners:[], old=null RUNNING
  s1:  RUNNING    LEADER s1@group-E6DD42024C81:t1, leader=s1, voted=s1, raftlog=Memoized:s1@group-E6DD42024C81-SegmentedRaftLog:OPENED:c23, conf=23: peers:[s0|rpc:localhost:33671|admin:localhost:39087|client:localhost:34879|dataStream:localhost:40135|priority:0|startupRole:FOLLOWER, s1|rpc:localhost:46405|admin:localhost:35137|client:localhost:36573|dataStream:localhost:34935|priority:0|startupRole:FOLLOWER, s2|rpc:0.0.0.0:34323|dataStream:|priority:0|startupRole:FOLLOWER]|listeners:[], old=null RUNNING
  s2:  RUNNING  FOLLOWER s2@group-E6DD42024C81:t1, leader=s1, voted=null, raftlog=Memoized:s2@group-E6DD42024C81-SegmentedRaftLog:OPENED:c21, conf=23: peers:[s0|rpc:localhost:33671|admin:localhost:39087|client:localhost:34879|dataStream:localhost:40135|priority:0|startupRole:FOLLOWER, s1|rpc:localhost:46405|admin:localhost:35137|client:localhost:36573|dataStream:localhost:34935|priority:0|startupRole:FOLLOWER, s2|rpc:0.0.0.0:34323|dataStream:|priority:0|startupRole:FOLLOWER]|listeners:[], old=null RUNNING
2023-03-17 00:25:02,559 [Time-limited test] INFO  impl.RaftServerTestUtil (RaftServerTestUtil.java:waitAndCheckNewConf(96)) - checking  FOLLOWER s0@group-E6DD42024C81:t1, leader=s1, voted=s1, raftlog=Memoized:s0@group-E6DD42024C81-SegmentedRaftLog:OPENED:c21, conf=23: peers:[s0|rpc:localhost:33671|admin:localhost:39087|client:localhost:34879|dataStream:localhost:40135|priority:0|startupRole:FOLLOWER, s1|rpc:localhost:46405|admin:localhost:35137|client:localhost:36573|dataStream:localhost:34935|priority:0|startupRole:FOLLOWER, s2|rpc:0.0.0.0:34323|dataStream:|priority:0|startupRole:FOLLOWER]|listeners:[], old=null RUNNING
2023-03-17 00:25:02,559 [Time-limited test] INFO  impl.RaftServerTestUtil (RaftServerTestUtil.java:waitAndCheckNewConf(96)) - checking    LEADER s1@group-E6DD42024C81:t1, leader=s1, voted=s1, raftlog=Memoized:s1@group-E6DD42024C81-SegmentedRaftLog:OPENED:c23, conf=23: peers:[s0|rpc:localhost:33671|admin:localhost:39087|client:localhost:34879|dataStream:localhost:40135|priority:0|startupRole:FOLLOWER, s1|rpc:localhost:46405|admin:localhost:35137|client:localhost:36573|dataStream:localhost:34935|priority:0|startupRole:FOLLOWER, s2|rpc:0.0.0.0:34323|dataStream:|priority:0|startupRole:FOLLOWER]|listeners:[], old=null RUNNING
2023-03-17 00:25:02,559 [Time-limited test] INFO  impl.RaftServerTestUtil (RaftServerTestUtil.java:waitAndCheckNewConf(96)) - checking  FOLLOWER s2@group-E6DD42024C81:t1, leader=s1, voted=null, raftlog=Memoized:s2@group-E6DD42024C81-SegmentedRaftLog:OPENED:c23, conf=23: peers:[s0|rpc:localhost:33671|admin:localhost:39087|client:localhost:34879|dataStream:localhost:40135|priority:0|startupRole:FOLLOWER, s1|rpc:localhost:46405|admin:localhost:35137|client:localhost:36573|dataStream:localhost:34935|priority:0|startupRole:FOLLOWER, s2|rpc:0.0.0.0:34323|dataStream:|priority:0|startupRole:FOLLOWER]|listeners:[], old=null RUNNING
2023-03-17 00:25:02,561 [Time-limited test] INFO  impl.MiniRaftCluster (MiniRaftCluster.java:shutdown(831)) - ************************************************************** 
2023-03-17 00:25:02,561 [Time-limited test] INFO  impl.MiniRaftCluster (MiniRaftCluster.java:shutdown(832)) - *** 
2023-03-17 00:25:02,561 [Time-limited test] INFO  impl.MiniRaftCluster (MiniRaftCluster.java:shutdown(833)) - ***     Stopping MiniRaftClusterWithGrpc
2023-03-17 00:25:02,561 [Time-limited test] INFO  impl.MiniRaftCluster (MiniRaftCluster.java:shutdown(834)) - *** 
2023-03-17 00:25:02,561 [Time-limited test] INFO  impl.MiniRaftCluster (MiniRaftCluster.java:shutdown(835)) - ************************************************************** 
2023-03-17 00:25:02,561 [Time-limited test] INFO  impl.MiniRaftCluster (MiniRaftCluster.java:shutdown(836)) - printing ALL groups
  s0:  RUNNING  FOLLOWER s0@group-E6DD42024C81:t1, leader=s1, voted=s1, raftlog=Memoized:s0@group-E6DD42024C81-SegmentedRaftLog:OPENED:c21, conf=23: peers:[s0|rpc:localhost:33671|admin:localhost:39087|client:localhost:34879|dataStream:localhost:40135|priority:0|startupRole:FOLLOWER, s1|rpc:localhost:46405|admin:localhost:35137|client:localhost:36573|dataStream:localhost:34935|priority:0|startupRole:FOLLOWER, s2|rpc:0.0.0.0:34323|dataStream:|priority:0|startupRole:FOLLOWER]|listeners:[], old=null RUNNING
  s1:  RUNNING    LEADER s1@group-E6DD42024C81:t1, leader=s1, voted=s1, raftlog=Memoized:s1@group-E6DD42024C81-SegmentedRaftLog:OPENED:c24, conf=23: peers:[s0|rpc:localhost:33671|admin:localhost:39087|client:localhost:34879|dataStream:localhost:40135|priority:0|startupRole:FOLLOWER, s1|rpc:localhost:46405|admin:localhost:35137|client:localhost:36573|dataStream:localhost:34935|priority:0|startupRole:FOLLOWER, s2|rpc:0.0.0.0:34323|dataStream:|priority:0|startupRole:FOLLOWER]|listeners:[], old=null RUNNING
  s2:  RUNNING  FOLLOWER s2@group-E6DD42024C81:t1, leader=s1, voted=null, raftlog=Memoized:s2@group-E6DD42024C81-SegmentedRaftLog:OPENED:c23, conf=23: peers:[s0|rpc:localhost:33671|admin:localhost:39087|client:localhost:34879|dataStream:localhost:40135|priority:0|startupRole:FOLLOWER, s1|rpc:localhost:46405|admin:localhost:35137|client:localhost:36573|dataStream:localhost:34935|priority:0|startupRole:FOLLOWER, s2|rpc:0.0.0.0:34323|dataStream:|priority:0|startupRole:FOLLOWER]|listeners:[], old=null RUNNING
2023-03-17 00:25:02,562 [s0-server-thread1] DEBUG server.RaftServer$Division (RaftServerImpl.java:logAppendEntries(1430)) - s0@group-E6DD42024C81: receive appendEntries(s1, 1, (t:1, i:23), 23, true, commits:[s1:c23, s0:c21, s2:c21], cId:151193, entries: [(t:1, i:24), METADATAENTRY(c:23)]
2023-03-17 00:25:02,562 [MiniRaftCluster-61] INFO  server.RaftServer (RaftServerProxy.java:lambda$close$7(417)) - s1: close
2023-03-17 00:25:02,562 [s1-impl-thread1] INFO  server.RaftServer$Division (RaftServerImpl.java:lambda$close$4(466)) - s1@group-E6DD42024C81: shutdown
2023-03-17 00:25:02,562 [s1-impl-thread1] INFO  util.JmxRegister (JmxRegister.java:unregister(73)) - Successfully un-registered JMX Bean with object name Ratis:service=RaftServer,group=group-E6DD42024C81,id=s1
2023-03-17 00:25:02,562 [s1-impl-thread1] INFO  impl.RoleInfo (RoleInfo.java:shutdownLeaderState(93)) - s1: shutdown s1@group-E6DD42024C81-LeaderStateImpl
2023-03-17 00:25:02,562 [s1@group-E6DD42024C81->s0-GrpcLogAppender-LogAppenderDaemon] WARN  server.GrpcLogAppender (GrpcLogAppender.java:mayWait(195)) - s1@group-E6DD42024C81->s0-GrpcLogAppender: Wait interrupted by java.lang.InterruptedException
2023-03-17 00:25:02,562 [MiniRaftCluster-61] INFO  server.GrpcService (GrpcService.java:closeImpl(311)) - s1: shutdown server org.apache.ratis.grpc.server.GrpcClientProtocolService now
2023-03-17 00:25:02,562 [s1-impl-thread1] INFO  impl.PendingRequests (PendingRequests.java:sendNotLeaderResponses(289)) - s1@group-E6DD42024C81-PendingRequests: sendNotLeaderResponses
2023-03-17 00:25:02,563 [grpc-default-executor-0] INFO  server.GrpcServerProtocolService (GrpcServerProtocolService.java:onCompleted(145)) - s0: Completed APPEND_ENTRIES, lastRequest: null
2023-03-17 00:25:02,562 [s1@group-E6DD42024C81->s2-GrpcLogAppender-LogAppenderDaemon] WARN  server.GrpcLogAppender (GrpcLogAppender.java:mayWait(195)) - s1@group-E6DD42024C81->s2-GrpcLogAppender: Wait interrupted by java.lang.InterruptedException
2023-03-17 00:25:02,563 [s0-server-thread1] DEBUG server.RaftServer$Division (RaftServerImpl.java:logAppendEntries(1430)) - s0@group-E6DD42024C81: succeeded to handle AppendEntries. Reply: s1<-s0#151193:OK-t1,SUCCESS,nextIndex=25,followerCommit=23,matchIndex=24
2023-03-17 00:25:02,563 [MiniRaftCluster-60] INFO  server.RaftServer (RaftServerProxy.java:lambda$close$7(417)) - s0: close
2023-03-17 00:25:02,563 [s0-impl-thread1] INFO  server.RaftServer$Division (RaftServerImpl.java:lambda$close$4(466)) - s0@group-E6DD42024C81: shutdown
2023-03-17 00:25:02,563 [grpc-default-executor-3] INFO  server.GrpcServerProtocolService (GrpcServerProtocolService.java:onCompleted(145)) - s2: Completed APPEND_ENTRIES, lastRequest: null
2023-03-17 00:25:02,563 [s0-impl-thread1] INFO  util.JmxRegister (JmxRegister.java:unregister(73)) - Successfully un-registered JMX Bean with object name Ratis:service=RaftServer,group=group-E6DD42024C81,id=s0
2023-03-17 00:25:02,563 [s0-impl-thread1] INFO  impl.RoleInfo (RoleInfo.java:shutdownFollowerState(110)) - s0: shutdown s0@group-E6DD42024C81-FollowerState
2023-03-17 00:25:02,563 [s0-impl-thread1] INFO  impl.StateMachineUpdater (StateMachineUpdater.java:stopAndJoin(154)) - s0@group-E6DD42024C81-StateMachineUpdater: set stopIndex = 23
2023-03-17 00:25:02,563 [s0@group-E6DD42024C81-FollowerState] INFO  impl.FollowerState (FollowerState.java:run(152)) - s0@group-E6DD42024C81-FollowerState was interrupted
2023-03-17 00:25:02,563 [grpc-default-executor-5] INFO  server.GrpcServerProtocolService (GrpcServerProtocolService.java:onCompleted(145)) - s2: Completed APPEND_ENTRIES, lastRequest: s1->s2#5505-t1,previous=(t:1, i:23),leaderCommit=23,initializing? true,entries: size=1, first=(t:1, i:24), METADATAENTRY(c:23)
2023-03-17 00:25:02,563 [MiniRaftCluster-60] INFO  server.GrpcService (GrpcService.java:closeImpl(311)) - s0: shutdown server org.apache.ratis.grpc.server.GrpcClientProtocolService now
2023-03-17 00:25:02,564 [grpc-default-executor-6] INFO  server.GrpcLogAppender (GrpcLogAppender.java:onCompleted(422)) - s1@group-E6DD42024C81->s2-AppendLogResponseHandler: follower responses appendEntries COMPLETED
2023-03-17 00:25:02,564 [grpc-default-executor-6] INFO  leader.FollowerInfo (FollowerInfoImpl.java:lambda$new$0(52)) - s1@group-E6DD42024C81->s2: decreaseNextIndex nextIndex: updateUnconditionally 25 -> 24
2023-03-17 00:25:02,564 [grpc-default-executor-3] INFO  server.GrpcLogAppender (GrpcLogAppender.java:onCompleted(422)) - s1@group-E6DD42024C81->s0-AppendLogResponseHandler: follower responses appendEntries COMPLETED
2023-03-17 00:25:02,564 [grpc-default-executor-3] INFO  leader.FollowerInfo (FollowerInfoImpl.java:lambda$new$0(52)) - s1@group-E6DD42024C81->s0: decreaseNextIndex nextIndex: updateUnconditionally 25 -> 24
2023-03-17 00:25:02,563 [grpc-default-executor-0] INFO  server.GrpcServerProtocolService (GrpcServerProtocolService.java:onCompleted(145)) - s0: Completed APPEND_ENTRIES, lastRequest: s1->s0#151193-t1,previous=(t:1, i:23),leaderCommit=23,initializing? true,entries: size=1, first=(t:1, i:24), METADATAENTRY(c:23)
2023-03-17 00:25:02,563 [s0-impl-thread1] INFO  server.RaftServer$Division (ServerState.java:close(414)) - s0@group-E6DD42024C81: applyIndex: 23
2023-03-17 00:25:02,564 [grpc-default-executor-0] INFO  server.GrpcLogAppender (GrpcLogAppender.java:onCompleted(422)) - s1@group-E6DD42024C81->s0-AppendLogResponseHandler: follower responses appendEntries COMPLETED
2023-03-17 00:25:02,564 [grpc-default-executor-0] INFO  leader.FollowerInfo (FollowerInfoImpl.java:lambda$new$0(52)) - s1@group-E6DD42024C81->s0: decreaseNextIndex nextIndex: updateUnconditionally 24 -> 23
2023-03-17 00:25:02,565 [MiniRaftCluster-62] INFO  server.RaftServer (RaftServerProxy.java:lambda$close$7(417)) - s2: close
2023-03-17 00:25:02,565 [MiniRaftCluster-62] INFO  server.GrpcService (GrpcService.java:closeImpl(311)) - s2: shutdown server GrpcServerProtocolService now
2023-03-17 00:25:02,565 [s2-impl-thread1] INFO  server.RaftServer$Division (RaftServerImpl.java:lambda$close$4(466)) - s2@group-E6DD42024C81: shutdown
2023-03-17 00:25:02,565 [s2-impl-thread1] INFO  util.JmxRegister (JmxRegister.java:unregister(73)) - Successfully un-registered JMX Bean with object name Ratis:service=RaftServer,group=group-E6DD42024C81,id=s2
2023-03-17 00:25:02,565 [s2-impl-thread1] INFO  impl.RoleInfo (RoleInfo.java:shutdownFollowerState(110)) - s2: shutdown s2@group-E6DD42024C81-FollowerState
2023-03-17 00:25:02,565 [s2-impl-thread1] INFO  impl.StateMachineUpdater (StateMachineUpdater.java:stopAndJoin(154)) - s2@group-E6DD42024C81-StateMachineUpdater: set stopIndex = 23
2023-03-17 00:25:02,565 [s2@group-E6DD42024C81-FollowerState] INFO  impl.FollowerState (FollowerState.java:run(152)) - s2@group-E6DD42024C81-FollowerState was interrupted
2023-03-17 00:25:02,565 [s2-impl-thread1] INFO  server.RaftServer$Division (ServerState.java:close(414)) - s2@group-E6DD42024C81: applyIndex: 23
2023-03-17 00:25:02,566 [Thread-1776] INFO  server.GrpcServerProtocolClient (GrpcServerProtocolClient.java:close(102)) - s0 Close channels
2023-03-17 00:25:02,567 [s1-impl-thread1] INFO  impl.StateMachineUpdater (StateMachineUpdater.java:stopAndJoin(154)) - s1@group-E6DD42024C81-StateMachineUpdater: set stopIndex = 24
2023-03-17 00:25:02,567 [grpc-default-executor-3] INFO  server.GrpcLogAppender (GrpcLogAppender.java:onCompleted(422)) - s1@group-E6DD42024C81->s2-AppendLogResponseHandler: follower responses appendEntries COMPLETED
2023-03-17 00:25:02,567 [s1-impl-thread1] INFO  server.RaftServer$Division (ServerState.java:close(414)) - s1@group-E6DD42024C81: applyIndex: 24
2023-03-17 00:25:02,568 [MiniRaftCluster-60] INFO  server.GrpcService (GrpcService.java:closeImpl(320)) - s0: shutdown server org.apache.ratis.grpc.server.GrpcClientProtocolService successfully
2023-03-17 00:25:02,568 [MiniRaftCluster-60] INFO  server.GrpcService (GrpcService.java:closeImpl(311)) - s0: shutdown server GrpcServerProtocolService now
2023-03-17 00:25:02,567 [grpc-default-executor-3] INFO  leader.FollowerInfo (FollowerInfoImpl.java:lambda$new$0(52)) - s1@group-E6DD42024C81->s2: decreaseNextIndex nextIndex: updateUnconditionally 24 -> 23
2023-03-17 00:25:02,569 [MiniRaftCluster-60] INFO  server.GrpcService (GrpcService.java:closeImpl(320)) - s0: shutdown server GrpcServerProtocolService successfully
2023-03-17 00:25:02,569 [MiniRaftCluster-60] INFO  server.GrpcService (GrpcService.java:closeImpl(311)) - s0: shutdown server org.apache.ratis.grpc.server.GrpcAdminProtocolService now
2023-03-17 00:25:02,569 [Thread-1785] INFO  server.GrpcServerProtocolClient (GrpcServerProtocolClient.java:close(102)) - s2 Close channels
2023-03-17 00:25:02,569 [MiniRaftCluster-61] INFO  server.GrpcService (GrpcService.java:closeImpl(320)) - s1: shutdown server org.apache.ratis.grpc.server.GrpcClientProtocolService successfully
2023-03-17 00:25:02,569 [MiniRaftCluster-61] INFO  server.GrpcService (GrpcService.java:closeImpl(311)) - s1: shutdown server GrpcServerProtocolService now
2023-03-17 00:25:02,571 [Thread-1777] INFO  server.GrpcServerProtocolClient (GrpcServerProtocolClient.java:close(102)) - s0 Close channels
2023-03-17 00:25:02,572 [Thread-1786] INFO  server.GrpcServerProtocolClient (GrpcServerProtocolClient.java:close(102)) - s1 Close channels
2023-03-17 00:25:02,572 [MiniRaftCluster-62] INFO  server.GrpcService (GrpcService.java:closeImpl(320)) - s2: shutdown server GrpcServerProtocolService successfully
2023-03-17 00:25:02,574 [MiniRaftCluster-61] INFO  server.GrpcService (GrpcService.java:closeImpl(320)) - s1: shutdown server GrpcServerProtocolService successfully
2023-03-17 00:25:02,574 [MiniRaftCluster-61] INFO  server.GrpcService (GrpcService.java:closeImpl(311)) - s1: shutdown server org.apache.ratis.grpc.server.GrpcAdminProtocolService now
2023-03-17 00:25:02,575 [MiniRaftCluster-60] INFO  server.GrpcService (GrpcService.java:closeImpl(320)) - s0: shutdown server org.apache.ratis.grpc.server.GrpcAdminProtocolService successfully
2023-03-17 00:25:02,575 [MiniRaftCluster-61] INFO  server.GrpcService (GrpcService.java:closeImpl(320)) - s1: shutdown server org.apache.ratis.grpc.server.GrpcAdminProtocolService successfully
2023-03-17 00:25:03,549 [s1-impl-thread1] INFO  segmented.SegmentedRaftLogWorker (SegmentedRaftLogWorker.java:close(242)) - s1@group-E6DD42024C81-SegmentedRaftLogWorker close()
2023-03-17 00:25:03,550 [JvmPauseMonitor57] INFO  util.JvmPauseMonitor (JvmPauseMonitor.java:run(109)) - JvmPauseMonitor-s1: Stopped
2023-03-17 00:25:03,559 [s2-impl-thread1] INFO  segmented.SegmentedRaftLogWorker (SegmentedRaftLogWorker.java:close(242)) - s2@group-E6DD42024C81-SegmentedRaftLogWorker close()
2023-03-17 00:25:03,559 [JvmPauseMonitor58] INFO  util.JvmPauseMonitor (JvmPauseMonitor.java:run(109)) - JvmPauseMonitor-s2: Stopped
2023-03-17 00:25:03,563 [s0-impl-thread1] INFO  segmented.SegmentedRaftLogWorker (SegmentedRaftLogWorker.java:close(242)) - s0@group-E6DD42024C81-SegmentedRaftLogWorker close()
2023-03-17 00:25:03,564 [JvmPauseMonitor56] INFO  util.JvmPauseMonitor (JvmPauseMonitor.java:run(109)) - JvmPauseMonitor-s0: Stopped
2023-03-17 00:25:03,564 [Time-limited test] INFO  impl.MiniRaftCluster (MiniRaftCluster.java:shutdown(831)) - ************************************************************** 
2023-03-17 00:25:03,564 [Time-limited test] INFO  impl.MiniRaftCluster (MiniRaftCluster.java:shutdown(832)) - *** 
2023-03-17 00:25:03,564 [Time-limited test] INFO  impl.MiniRaftCluster (MiniRaftCluster.java:shutdown(833)) - ***     Stopping MiniRaftClusterWithGrpc
2023-03-17 00:25:03,564 [Time-limited test] INFO  impl.MiniRaftCluster (MiniRaftCluster.java:shutdown(834)) - *** 
2023-03-17 00:25:03,564 [Time-limited test] INFO  impl.MiniRaftCluster (MiniRaftCluster.java:shutdown(835)) - ************************************************************** 
2023-03-17 00:25:03,564 [Time-limited test] INFO  impl.MiniRaftCluster (MiniRaftCluster.java:shutdown(836)) - printing ALL groups
  s0:   CLOSED  FOLLOWER s0@group-E6DD42024C81:t1, leader=s1, voted=s1, raftlog=Memoized:s0@group-E6DD42024C81-SegmentedRaftLog:CLOSED:c23, conf=23: peers:[s0|rpc:localhost:33671|admin:localhost:39087|client:localhost:34879|dataStream:localhost:40135|priority:0|startupRole:FOLLOWER, s1|rpc:localhost:46405|admin:localhost:35137|client:localhost:36573|dataStream:localhost:34935|priority:0|startupRole:FOLLOWER, s2|rpc:0.0.0.0:34323|dataStream:|priority:0|startupRole:FOLLOWER]|listeners:[], old=null CLOSED
  s1:   CLOSED    LEADER s1@group-E6DD42024C81:t1, leader=s1, voted=s1, raftlog=Memoized:s1@group-E6DD42024C81-SegmentedRaftLog:CLOSED:c24, conf=23: peers:[s0|rpc:localhost:33671|admin:localhost:39087|client:localhost:34879|dataStream:localhost:40135|priority:0|startupRole:FOLLOWER, s1|rpc:localhost:46405|admin:localhost:35137|client:localhost:36573|dataStream:localhost:34935|priority:0|startupRole:FOLLOWER, s2|rpc:0.0.0.0:34323|dataStream:|priority:0|startupRole:FOLLOWER]|listeners:[], old=null CLOSED
  s2:   CLOSED  FOLLOWER s2@group-E6DD42024C81:t1, leader=s1, voted=null, raftlog=Memoized:s2@group-E6DD42024C81-SegmentedRaftLog:CLOSED:c23, conf=23: peers:[s0|rpc:localhost:33671|admin:localhost:39087|client:localhost:34879|dataStream:localhost:40135|priority:0|startupRole:FOLLOWER, s1|rpc:localhost:46405|admin:localhost:35137|client:localhost:36573|dataStream:localhost:34935|priority:0|startupRole:FOLLOWER, s2|rpc:0.0.0.0:34323|dataStream:|priority:0|startupRole:FOLLOWER]|listeners:[], old=null CLOSED
]]></system-out>
  </testcase>
  <testcase name="testSetConfigurationInCasMode" classname="org.apache.ratis.grpc.TestRaftReconfigurationWithGrpc" time="1.899">
    <failure message="Unexpected exit." type="java.lang.AssertionError">java.lang.AssertionError: Unexpected exit.
	at org.apache.ratis.util.ExitUtils.assertNotTerminated(ExitUtils.java:109)
	at org.apache.ratis.BaseTest.assertNoFailures(BaseTest.java:89)
	at java.base/jdk.internal.reflect.NativeMethodAccessorImpl.invoke0(Native Method)
	at java.base/jdk.internal.reflect.NativeMethodAccessorImpl.invoke(NativeMethodAccessorImpl.java:62)
	at java.base/jdk.internal.reflect.DelegatingMethodAccessorImpl.invoke(DelegatingMethodAccessorImpl.java:43)
	at java.base/java.lang.reflect.Method.invoke(Method.java:566)
	at org.junit.runners.model.FrameworkMethod$1.runReflectiveCall(FrameworkMethod.java:59)
	at org.junit.internal.runners.model.ReflectiveCallable.run(ReflectiveCallable.java:12)
	at org.junit.runners.model.FrameworkMethod.invokeExplosively(FrameworkMethod.java:56)
	at org.junit.internal.runners.statements.RunAfters.invokeMethod(RunAfters.java:46)
	at org.junit.internal.runners.statements.RunAfters.evaluate(RunAfters.java:33)
	at org.junit.internal.runners.statements.FailOnTimeout$CallableStatement.call(FailOnTimeout.java:299)
	at org.junit.internal.runners.statements.FailOnTimeout$CallableStatement.call(FailOnTimeout.java:293)
	at java.base/java.util.concurrent.FutureTask.run(FutureTask.java:264)
	at java.base/java.lang.Thread.run(Thread.java:829)
Caused by: org.apache.ratis.util.ExitUtils$ExitException: Failed to start Grpc server
	at org.apache.ratis.util.ExitUtils.terminate(ExitUtils.java:141)
	at org.apache.ratis.util.ExitUtils.terminate(ExitUtils.java:151)
	at org.apache.ratis.grpc.server.GrpcService.startImpl(GrpcService.java:300)
	at org.apache.ratis.util.LifeCycle.startAndTransition(LifeCycle.java:270)
	at org.apache.ratis.server.RaftServerRpcWithProxy.start(RaftServerRpcWithProxy.java:72)
	at org.apache.ratis.server.impl.RaftServerProxy.startImpl(RaftServerProxy.java:402)
	at org.apache.ratis.util.LifeCycle.startAndTransition(LifeCycle.java:270)
	at org.apache.ratis.server.impl.RaftServerProxy.start(RaftServerProxy.java:395)
	at org.apache.ratis.server.impl.MiniRaftCluster.startServers(MiniRaftCluster.java:499)
	at org.apache.ratis.server.impl.MiniRaftCluster.start(MiniRaftCluster.java:346)
	at org.apache.ratis.server.impl.MiniRaftCluster.restart(MiniRaftCluster.java:374)
	at org.apache.ratis.server.impl.RaftReconfigurationBaseTest.lambda$testRestorePriority$0(RaftReconfigurationBaseTest.java:123)
	at org.apache.ratis.server.impl.MiniRaftCluster$Factory$Get.runWithNewCluster(MiniRaftCluster.java:141)
	at org.apache.ratis.server.impl.MiniRaftCluster$Factory$Get.runWithNewCluster(MiniRaftCluster.java:121)
	at org.apache.ratis.server.impl.RaftReconfigurationBaseTest.testRestorePriority(RaftReconfigurationBaseTest.java:100)
	at java.base/jdk.internal.reflect.NativeMethodAccessorImpl.invoke0(Native Method)
	at java.base/jdk.internal.reflect.NativeMethodAccessorImpl.invoke(NativeMethodAccessorImpl.java:62)
	at java.base/jdk.internal.reflect.DelegatingMethodAccessorImpl.invoke(DelegatingMethodAccessorImpl.java:43)
	at java.base/java.lang.reflect.Method.invoke(Method.java:566)
	at org.junit.runners.model.FrameworkMethod$1.runReflectiveCall(FrameworkMethod.java:59)
	at org.junit.internal.runners.model.ReflectiveCallable.run(ReflectiveCallable.java:12)
	at org.junit.runners.model.FrameworkMethod.invokeExplosively(FrameworkMethod.java:56)
	at org.junit.internal.runners.statements.InvokeMethod.evaluate(InvokeMethod.java:17)
	at org.junit.internal.runners.statements.RunAfters.evaluate(RunAfters.java:27)
	... 4 more
Caused by: java.io.IOException: Failed to bind to address 0.0.0.0/0.0.0.0:45261
	at org.apache.ratis.thirdparty.io.grpc.netty.NettyServer.start(NettyServer.java:328)
	at org.apache.ratis.thirdparty.io.grpc.internal.ServerImpl.start(ServerImpl.java:183)
	at org.apache.ratis.thirdparty.io.grpc.internal.ServerImpl.start(ServerImpl.java:92)
	at org.apache.ratis.grpc.server.GrpcService.startImpl(GrpcService.java:298)
	... 25 more
Caused by: org.apache.ratis.thirdparty.io.netty.channel.unix.Errors$NativeIoException: bind(..) failed: Address already in use
</failure>
  </testcase>
  <testcase name="testReconfTwice" classname="org.apache.ratis.grpc.TestRaftReconfigurationWithGrpc" time="2.45">
    <failure message="Unexpected exit." type="java.lang.AssertionError">java.lang.AssertionError: Unexpected exit.
	at org.apache.ratis.util.ExitUtils.assertNotTerminated(ExitUtils.java:109)
	at org.apache.ratis.server.impl.MiniRaftCluster.shutdown(MiniRaftCluster.java:854)
	at org.apache.ratis.server.impl.MiniRaftCluster$Factory$Get.runWithNewCluster(MiniRaftCluster.java:147)
	at org.apache.ratis.server.impl.MiniRaftCluster$Factory$Get.runWithNewCluster(MiniRaftCluster.java:121)
	at org.apache.ratis.server.impl.RaftReconfigurationBaseTest.testReconfTwice(RaftReconfigurationBaseTest.java:263)
	at java.base/jdk.internal.reflect.NativeMethodAccessorImpl.invoke0(Native Method)
	at java.base/jdk.internal.reflect.NativeMethodAccessorImpl.invoke(NativeMethodAccessorImpl.java:62)
	at java.base/jdk.internal.reflect.DelegatingMethodAccessorImpl.invoke(DelegatingMethodAccessorImpl.java:43)
	at java.base/java.lang.reflect.Method.invoke(Method.java:566)
	at org.junit.runners.model.FrameworkMethod$1.runReflectiveCall(FrameworkMethod.java:59)
	at org.junit.internal.runners.model.ReflectiveCallable.run(ReflectiveCallable.java:12)
	at org.junit.runners.model.FrameworkMethod.invokeExplosively(FrameworkMethod.java:56)
	at org.junit.internal.runners.statements.InvokeMethod.evaluate(InvokeMethod.java:17)
	at org.junit.internal.runners.statements.FailOnTimeout$CallableStatement.call(FailOnTimeout.java:299)
	at org.junit.internal.runners.statements.FailOnTimeout$CallableStatement.call(FailOnTimeout.java:293)
	at java.base/java.util.concurrent.FutureTask.run(FutureTask.java:264)
	at java.base/java.lang.Thread.run(Thread.java:829)
Caused by: org.apache.ratis.util.ExitUtils$ExitException: Failed to start Grpc server
	at org.apache.ratis.util.ExitUtils.terminate(ExitUtils.java:141)
	at org.apache.ratis.util.ExitUtils.terminate(ExitUtils.java:151)
	at org.apache.ratis.grpc.server.GrpcService.startImpl(GrpcService.java:300)
	at org.apache.ratis.util.LifeCycle.startAndTransition(LifeCycle.java:270)
	at org.apache.ratis.server.RaftServerRpcWithProxy.start(RaftServerRpcWithProxy.java:72)
	at org.apache.ratis.server.impl.RaftServerProxy.startImpl(RaftServerProxy.java:402)
	at org.apache.ratis.util.LifeCycle.startAndTransition(LifeCycle.java:270)
	at org.apache.ratis.server.impl.RaftServerProxy.start(RaftServerProxy.java:395)
	at org.apache.ratis.server.impl.MiniRaftCluster.startServers(MiniRaftCluster.java:499)
	at org.apache.ratis.server.impl.MiniRaftCluster.start(MiniRaftCluster.java:346)
	at org.apache.ratis.server.impl.MiniRaftCluster.restart(MiniRaftCluster.java:374)
	at org.apache.ratis.server.impl.RaftReconfigurationBaseTest.lambda$testRestorePriority$0(RaftReconfigurationBaseTest.java:123)
	at org.apache.ratis.server.impl.MiniRaftCluster$Factory$Get.runWithNewCluster(MiniRaftCluster.java:141)
	at org.apache.ratis.server.impl.MiniRaftCluster$Factory$Get.runWithNewCluster(MiniRaftCluster.java:121)
	at org.apache.ratis.server.impl.RaftReconfigurationBaseTest.testRestorePriority(RaftReconfigurationBaseTest.java:100)
	at java.base/jdk.internal.reflect.NativeMethodAccessorImpl.invoke0(Native Method)
	at java.base/jdk.internal.reflect.NativeMethodAccessorImpl.invoke(NativeMethodAccessorImpl.java:62)
	at java.base/jdk.internal.reflect.DelegatingMethodAccessorImpl.invoke(DelegatingMethodAccessorImpl.java:43)
	at java.base/java.lang.reflect.Method.invoke(Method.java:566)
	at org.junit.runners.model.FrameworkMethod$1.runReflectiveCall(FrameworkMethod.java:59)
	at org.junit.internal.runners.model.ReflectiveCallable.run(ReflectiveCallable.java:12)
	at org.junit.runners.model.FrameworkMethod.invokeExplosively(FrameworkMethod.java:56)
	at org.junit.internal.runners.statements.InvokeMethod.evaluate(InvokeMethod.java:17)
	at org.junit.internal.runners.statements.RunAfters.evaluate(RunAfters.java:27)
	... 4 more
Caused by: java.io.IOException: Failed to bind to address 0.0.0.0/0.0.0.0:45261
	at org.apache.ratis.thirdparty.io.grpc.netty.NettyServer.start(NettyServer.java:328)
	at org.apache.ratis.thirdparty.io.grpc.internal.ServerImpl.start(ServerImpl.java:183)
	at org.apache.ratis.thirdparty.io.grpc.internal.ServerImpl.start(ServerImpl.java:92)
	at org.apache.ratis.grpc.server.GrpcService.startImpl(GrpcService.java:298)
	... 25 more
Caused by: org.apache.ratis.thirdparty.io.netty.channel.unix.Errors$NativeIoException: bind(..) failed: Address already in use
</failure>
    <system-out><![CDATA[2023-03-17 00:25:03,569 [main] INFO  util.LogUtils (Slf4jUtils.java:setLogLevel(38)) - Successfully set org.apache.ratis.conf.ConfUtils log level to WARN
2023-03-17 00:25:03,569 [main] INFO  util.LogUtils (Slf4jUtils.java:setLogLevel(38)) - Successfully set org.apache.ratis.util.FileUtils log level to TRACE
2023-03-17 00:25:03,570 [Time-limited test] INFO  impl.MiniRaftCluster (MiniRaftCluster.java:runWithNewCluster(135)) - Running runWithNewCluster
2023-03-17 00:25:03,571 [Time-limited test] INFO  impl.MiniRaftCluster (MiniRaftCluster.java:<init>(306)) - new MiniRaftClusterWithGrpc with group-8FC42D5FF1AF:[s0|rpc:localhost:38803|admin:localhost:44025|client:localhost:46541|dataStream:localhost:33933|priority:0|startupRole:FOLLOWER, s1|rpc:localhost:33457|admin:localhost:44537|client:localhost:35509|dataStream:localhost:46497|priority:0|startupRole:FOLLOWER, s2|rpc:localhost:33809|admin:localhost:34515|client:localhost:37595|dataStream:localhost:37379|priority:0|startupRole:FOLLOWER]
2023-03-17 00:25:03,571 [Time-limited test] INFO  impl.MiniRaftCluster (MiniRaftCluster.java:start(339)) - .............................................................. 
2023-03-17 00:25:03,571 [Time-limited test] INFO  impl.MiniRaftCluster (MiniRaftCluster.java:start(340)) - ... 
2023-03-17 00:25:03,571 [Time-limited test] INFO  impl.MiniRaftCluster (MiniRaftCluster.java:start(341)) - ...     Starting MiniRaftClusterWithGrpc
2023-03-17 00:25:03,571 [Time-limited test] INFO  impl.MiniRaftCluster (MiniRaftCluster.java:start(342)) - ... 
2023-03-17 00:25:03,571 [Time-limited test] INFO  impl.MiniRaftCluster (MiniRaftCluster.java:start(343)) - .............................................................. 
2023-03-17 00:25:03,571 [Time-limited test] INFO  impl.MiniRaftCluster (MiniRaftCluster.java:initServers(318)) - servers = {}
2023-03-17 00:25:03,571 [Time-limited test] INFO  impl.MiniRaftCluster (MiniRaftCluster.java:newRaftServer(382)) - newRaftServer: s0, group-8FC42D5FF1AF:[s0|rpc:localhost:38803|admin:localhost:44025|client:localhost:46541|dataStream:localhost:33933|priority:0|startupRole:FOLLOWER, s1|rpc:localhost:33457|admin:localhost:44537|client:localhost:35509|dataStream:localhost:46497|priority:0|startupRole:FOLLOWER, s2|rpc:localhost:33809|admin:localhost:34515|client:localhost:37595|dataStream:localhost:37379|priority:0|startupRole:FOLLOWER], format? true
2023-03-17 00:25:03,571 [Time-limited test] TRACE util.FileUtils (FileUtils.java:deleteFully(201)) - deleteFully target/test/data/ce6527c6/MiniRaftClusterWithGrpcf86a83d6/s0
2023-03-17 00:25:03,571 [Time-limited test] TRACE util.FileUtils (FileUtils.java:deleteFully(217)) - deleteFully: target/test/data/ce6527c6/MiniRaftClusterWithGrpcf86a83d6/s0 does not exist.
2023-03-17 00:25:03,572 [Time-limited test] INFO  impl.MiniRaftCluster (MiniRaftCluster.java:newRaftServer(387)) - Formatted directory target/test/data/ce6527c6/MiniRaftClusterWithGrpcf86a83d6/s0
2023-03-17 00:25:03,576 [Time-limited test] INFO  server.RaftServer (ConfUtils.java:logGet(46)) - raft.rpc.type = GRPC (default)
2023-03-17 00:25:03,576 [Time-limited test] INFO  grpc.GrpcConfigKeys (ConfUtils.java:logFallback(53)) - raft.grpc.admin.host = null (fallback to raft.grpc.server.host)
2023-03-17 00:25:03,577 [Time-limited test] INFO  grpc.GrpcConfigKeys (ConfUtils.java:logGet(46)) - raft.grpc.admin.port = 44025 (custom)
2023-03-17 00:25:03,577 [Time-limited test] INFO  grpc.GrpcConfigKeys (ConfUtils.java:logFallback(53)) - raft.grpc.client.host = null (fallback to raft.grpc.server.host)
2023-03-17 00:25:03,577 [Time-limited test] INFO  grpc.GrpcConfigKeys (ConfUtils.java:logGet(46)) - raft.grpc.client.port = 46541 (custom)
2023-03-17 00:25:03,577 [Time-limited test] INFO  grpc.GrpcConfigKeys (ConfUtils.java:logGet(46)) - raft.grpc.server.host = null (default)
2023-03-17 00:25:03,577 [Time-limited test] INFO  grpc.GrpcConfigKeys (ConfUtils.java:logGet(46)) - raft.grpc.server.port = 38803 (custom)
2023-03-17 00:25:03,577 [Time-limited test] INFO  server.GrpcService (ConfUtils.java:logGet(46)) - raft.grpc.message.size.max = 64MB (=67108864) (default)
2023-03-17 00:25:03,577 [Time-limited test] INFO  server.RaftServerConfigKeys (ConfUtils.java:logGet(46)) - raft.server.log.appender.buffer.byte-limit = 4MB (=4194304) (default)
2023-03-17 00:25:03,577 [Time-limited test] INFO  server.GrpcService (ConfUtils.java:logGet(46)) - raft.grpc.flow.control.window = 1MB (=1048576) (default)
2023-03-17 00:25:03,577 [Time-limited test] INFO  server.RaftServerConfigKeys (ConfUtils.java:logGet(46)) - raft.server.rpc.request.timeout = 3000ms (default)
2023-03-17 00:25:03,577 [Time-limited test] INFO  grpc.GrpcConfigKeys (ConfUtils.java:logGet(46)) - raft.grpc.server.heartbeat.channel = true (default)
2023-03-17 00:25:03,577 [Time-limited test] INFO  grpc.GrpcConfigKeys (ConfUtils.java:logGet(46)) - raft.grpc.server.async.request.thread.pool.cached = true (default)
2023-03-17 00:25:03,577 [Time-limited test] INFO  grpc.GrpcConfigKeys (ConfUtils.java:logGet(46)) - raft.grpc.server.async.request.thread.pool.size = 32 (default)
2023-03-17 00:25:03,578 [Time-limited test] INFO  impl.DataStreamServerImpl (ConfUtils.java:logGet(46)) - raft.datastream.type = DISABLED (default)
2023-03-17 00:25:03,578 [Time-limited test] INFO  server.RaftServerConfigKeys (ConfUtils.java:logGet(46)) - raft.server.threadpool.proxy.cached = true (default)
2023-03-17 00:25:03,578 [Time-limited test] INFO  server.RaftServerConfigKeys (ConfUtils.java:logGet(46)) - raft.server.threadpool.proxy.size = 0 (default)
2023-03-17 00:25:03,579 [Time-limited test] INFO  server.RaftServerConfigKeys (ConfUtils.java:logGet(46)) - raft.server.rpc.slowness.timeout = 60s (default)
2023-03-17 00:25:03,579 [Time-limited test] INFO  server.RaftServerConfigKeys (ConfUtils.java:logGet(46)) - raft.server.leaderelection.leader.step-down.wait-time = 10s (default)
2023-03-17 00:25:03,579 [Time-limited test] INFO  server.RaftServerConfigKeys (ConfUtils.java:logGet(46)) - raft.server.storage.dir = [/home/runner/work/ratis/ratis/ratis-test/target/test/data/ce6527c6/MiniRaftClusterWithGrpcf86a83d6/s0] (custom)
2023-03-17 00:25:03,579 [Time-limited test] INFO  server.RaftServer (RaftServerProxy.java:addNew(99)) - s0: addNew group-8FC42D5FF1AF:[s0|rpc:localhost:38803|admin:localhost:44025|client:localhost:46541|dataStream:localhost:33933|priority:0|startupRole:FOLLOWER, s1|rpc:localhost:33457|admin:localhost:44537|client:localhost:35509|dataStream:localhost:46497|priority:0|startupRole:FOLLOWER, s2|rpc:localhost:33809|admin:localhost:34515|client:localhost:37595|dataStream:localhost:37379|priority:0|startupRole:FOLLOWER] returns group-8FC42D5FF1AF:java.util.concurrent.CompletableFuture@73d214fa[Not completed]
2023-03-17 00:25:03,579 [Time-limited test] INFO  impl.MiniRaftCluster (MiniRaftCluster.java:newRaftServer(382)) - newRaftServer: s1, group-8FC42D5FF1AF:[s0|rpc:localhost:38803|admin:localhost:44025|client:localhost:46541|dataStream:localhost:33933|priority:0|startupRole:FOLLOWER, s1|rpc:localhost:33457|admin:localhost:44537|client:localhost:35509|dataStream:localhost:46497|priority:0|startupRole:FOLLOWER, s2|rpc:localhost:33809|admin:localhost:34515|client:localhost:37595|dataStream:localhost:37379|priority:0|startupRole:FOLLOWER], format? true
2023-03-17 00:25:03,579 [Time-limited test] TRACE util.FileUtils (FileUtils.java:deleteFully(201)) - deleteFully target/test/data/ce6527c6/MiniRaftClusterWithGrpcf86a83d6/s1
2023-03-17 00:25:03,580 [Time-limited test] TRACE util.FileUtils (FileUtils.java:deleteFully(217)) - deleteFully: target/test/data/ce6527c6/MiniRaftClusterWithGrpcf86a83d6/s1 does not exist.
2023-03-17 00:25:03,580 [Time-limited test] INFO  impl.MiniRaftCluster (MiniRaftCluster.java:newRaftServer(387)) - Formatted directory target/test/data/ce6527c6/MiniRaftClusterWithGrpcf86a83d6/s1
2023-03-17 00:25:03,580 [Time-limited test] INFO  server.RaftServer (ConfUtils.java:logGet(46)) - raft.rpc.type = GRPC (default)
2023-03-17 00:25:03,580 [Time-limited test] INFO  grpc.GrpcConfigKeys (ConfUtils.java:logFallback(53)) - raft.grpc.admin.host = null (fallback to raft.grpc.server.host)
2023-03-17 00:25:03,580 [Time-limited test] INFO  grpc.GrpcConfigKeys (ConfUtils.java:logGet(46)) - raft.grpc.admin.port = 44537 (custom)
2023-03-17 00:25:03,580 [Time-limited test] INFO  grpc.GrpcConfigKeys (ConfUtils.java:logFallback(53)) - raft.grpc.client.host = null (fallback to raft.grpc.server.host)
2023-03-17 00:25:03,580 [Time-limited test] INFO  grpc.GrpcConfigKeys (ConfUtils.java:logGet(46)) - raft.grpc.client.port = 35509 (custom)
2023-03-17 00:25:03,580 [Time-limited test] INFO  grpc.GrpcConfigKeys (ConfUtils.java:logGet(46)) - raft.grpc.server.host = null (default)
2023-03-17 00:25:03,580 [Time-limited test] INFO  grpc.GrpcConfigKeys (ConfUtils.java:logGet(46)) - raft.grpc.server.port = 33457 (custom)
2023-03-17 00:25:03,580 [Time-limited test] INFO  server.GrpcService (ConfUtils.java:logGet(46)) - raft.grpc.message.size.max = 64MB (=67108864) (default)
2023-03-17 00:25:03,580 [Time-limited test] INFO  server.RaftServerConfigKeys (ConfUtils.java:logGet(46)) - raft.server.log.appender.buffer.byte-limit = 4MB (=4194304) (default)
2023-03-17 00:25:03,580 [Time-limited test] INFO  server.GrpcService (ConfUtils.java:logGet(46)) - raft.grpc.flow.control.window = 1MB (=1048576) (default)
2023-03-17 00:25:03,580 [Time-limited test] INFO  server.RaftServerConfigKeys (ConfUtils.java:logGet(46)) - raft.server.rpc.request.timeout = 3000ms (default)
2023-03-17 00:25:03,580 [Time-limited test] INFO  grpc.GrpcConfigKeys (ConfUtils.java:logGet(46)) - raft.grpc.server.heartbeat.channel = true (default)
2023-03-17 00:25:03,580 [Time-limited test] INFO  grpc.GrpcConfigKeys (ConfUtils.java:logGet(46)) - raft.grpc.server.async.request.thread.pool.cached = true (default)
2023-03-17 00:25:03,580 [Time-limited test] INFO  grpc.GrpcConfigKeys (ConfUtils.java:logGet(46)) - raft.grpc.server.async.request.thread.pool.size = 32 (default)
2023-03-17 00:25:03,581 [Time-limited test] INFO  impl.DataStreamServerImpl (ConfUtils.java:logGet(46)) - raft.datastream.type = DISABLED (default)
2023-03-17 00:25:03,581 [Time-limited test] INFO  server.RaftServerConfigKeys (ConfUtils.java:logGet(46)) - raft.server.threadpool.proxy.cached = true (default)
2023-03-17 00:25:03,581 [Time-limited test] INFO  server.RaftServerConfigKeys (ConfUtils.java:logGet(46)) - raft.server.threadpool.proxy.size = 0 (default)
2023-03-17 00:25:03,581 [Time-limited test] INFO  server.RaftServerConfigKeys (ConfUtils.java:logGet(46)) - raft.server.rpc.slowness.timeout = 60s (default)
2023-03-17 00:25:03,581 [Time-limited test] INFO  server.RaftServerConfigKeys (ConfUtils.java:logGet(46)) - raft.server.leaderelection.leader.step-down.wait-time = 10s (default)
2023-03-17 00:25:03,581 [Time-limited test] INFO  server.RaftServerConfigKeys (ConfUtils.java:logGet(46)) - raft.server.storage.dir = [/home/runner/work/ratis/ratis/ratis-test/target/test/data/ce6527c6/MiniRaftClusterWithGrpcf86a83d6/s1] (custom)
2023-03-17 00:25:03,583 [s0-groupManagement] INFO  server.RaftServer$Division (RaftServerImpl.java:<init>(198)) - s0: new RaftServerImpl for group-8FC42D5FF1AF:[s0|rpc:localhost:38803|admin:localhost:44025|client:localhost:46541|dataStream:localhost:33933|priority:0|startupRole:FOLLOWER, s1|rpc:localhost:33457|admin:localhost:44537|client:localhost:35509|dataStream:localhost:46497|priority:0|startupRole:FOLLOWER, s2|rpc:localhost:33809|admin:localhost:34515|client:localhost:37595|dataStream:localhost:37379|priority:0|startupRole:FOLLOWER] with BaseStateMachine:uninitialized
2023-03-17 00:25:03,583 [s0-groupManagement] INFO  server.RaftServerConfigKeys (ConfUtils.java:logGet(46)) - raft.server.rpc.timeout.min = 150ms (default)
2023-03-17 00:25:03,584 [s0-groupManagement] INFO  server.RaftServerConfigKeys (ConfUtils.java:logGet(46)) - raft.server.rpc.timeout.max = 300ms (default)
2023-03-17 00:25:03,584 [s0-groupManagement] INFO  server.RaftServerConfigKeys (ConfUtils.java:logGet(46)) - raft.server.rpc.sleep.time = 25ms (default)
2023-03-17 00:25:03,584 [s0-groupManagement] INFO  server.RaftServerConfigKeys (ConfUtils.java:logGet(46)) - raft.server.rpc.slowness.timeout = 60s (default)
2023-03-17 00:25:03,584 [s0-groupManagement] INFO  server.RaftServerConfigKeys (ConfUtils.java:logGet(46)) - raft.server.leaderelection.leader.step-down.wait-time = 10s (default)
2023-03-17 00:25:03,584 [s0-groupManagement] INFO  server.RaftServerConfigKeys (ConfUtils.java:logGet(46)) - raft.server.sleep.deviation.threshold = 300ms (default)
2023-03-17 00:25:03,584 [s0-groupManagement] INFO  server.RaftServer$Division (ServerState.java:<init>(113)) - s0@group-8FC42D5FF1AF: ConfigurationManager, init=-1: peers:[s0|rpc:localhost:38803|admin:localhost:44025|client:localhost:46541|dataStream:localhost:33933|priority:0|startupRole:FOLLOWER, s1|rpc:localhost:33457|admin:localhost:44537|client:localhost:35509|dataStream:localhost:46497|priority:0|startupRole:FOLLOWER, s2|rpc:localhost:33809|admin:localhost:34515|client:localhost:37595|dataStream:localhost:37379|priority:0|startupRole:FOLLOWER]|listeners:[], old=null, confs=<EMPTY_MAP>
2023-03-17 00:25:03,584 [s0-groupManagement] INFO  server.RaftServerConfigKeys (ConfUtils.java:logGet(46)) - raft.server.notification.no-leader.timeout = 60s (default)
2023-03-17 00:25:03,584 [s0-groupManagement] INFO  server.RaftServerConfigKeys (ConfUtils.java:logGet(46)) - raft.server.read.timeout = 10s (default)
2023-03-17 00:25:03,584 [s0-groupManagement] INFO  server.RaftServerConfigKeys (ConfUtils.java:logGet(46)) - raft.server.retrycache.expirytime = 60s (default)
2023-03-17 00:25:03,584 [s0-groupManagement] INFO  server.RaftServerConfigKeys (ConfUtils.java:logGet(46)) - raft.server.retrycache.statistics.expirytime = 100μs (default)
2023-03-17 00:25:03,584 [s0-groupManagement] INFO  server.RaftServerConfigKeys (ConfUtils.java:logGet(46)) - raft.server.read.option = DEFAULT (default)
2023-03-17 00:25:03,585 [s0-groupManagement] INFO  server.RaftServerConfigKeys (ConfUtils.java:logGet(46)) - raft.server.log.appender.install.snapshot.enabled = true (default)
2023-03-17 00:25:03,585 [s0-groupManagement] INFO  server.RaftServerConfigKeys (ConfUtils.java:logGet(46)) - raft.server.threadpool.server.cached = true (default)
2023-03-17 00:25:03,585 [s0-groupManagement] INFO  server.RaftServerConfigKeys (ConfUtils.java:logGet(46)) - raft.server.threadpool.server.size = 0 (default)
2023-03-17 00:25:03,585 [s0-groupManagement] INFO  server.RaftServerConfigKeys (ConfUtils.java:logGet(46)) - raft.server.threadpool.client.cached = true (default)
2023-03-17 00:25:03,585 [s0-groupManagement] INFO  server.RaftServerConfigKeys (ConfUtils.java:logGet(46)) - raft.server.threadpool.client.size = 0 (default)
2023-03-17 00:25:03,585 [Time-limited test] INFO  server.RaftServer (RaftServerProxy.java:addNew(99)) - s1: addNew group-8FC42D5FF1AF:[s0|rpc:localhost:38803|admin:localhost:44025|client:localhost:46541|dataStream:localhost:33933|priority:0|startupRole:FOLLOWER, s1|rpc:localhost:33457|admin:localhost:44537|client:localhost:35509|dataStream:localhost:46497|priority:0|startupRole:FOLLOWER, s2|rpc:localhost:33809|admin:localhost:34515|client:localhost:37595|dataStream:localhost:37379|priority:0|startupRole:FOLLOWER] returns group-8FC42D5FF1AF:java.util.concurrent.CompletableFuture@706b5486[Not completed]
2023-03-17 00:25:03,585 [s1-groupManagement] INFO  server.RaftServer$Division (RaftServerImpl.java:<init>(198)) - s1: new RaftServerImpl for group-8FC42D5FF1AF:[s0|rpc:localhost:38803|admin:localhost:44025|client:localhost:46541|dataStream:localhost:33933|priority:0|startupRole:FOLLOWER, s1|rpc:localhost:33457|admin:localhost:44537|client:localhost:35509|dataStream:localhost:46497|priority:0|startupRole:FOLLOWER, s2|rpc:localhost:33809|admin:localhost:34515|client:localhost:37595|dataStream:localhost:37379|priority:0|startupRole:FOLLOWER] with BaseStateMachine:uninitialized
2023-03-17 00:25:03,585 [Time-limited test] INFO  impl.MiniRaftCluster (MiniRaftCluster.java:newRaftServer(382)) - newRaftServer: s2, group-8FC42D5FF1AF:[s0|rpc:localhost:38803|admin:localhost:44025|client:localhost:46541|dataStream:localhost:33933|priority:0|startupRole:FOLLOWER, s1|rpc:localhost:33457|admin:localhost:44537|client:localhost:35509|dataStream:localhost:46497|priority:0|startupRole:FOLLOWER, s2|rpc:localhost:33809|admin:localhost:34515|client:localhost:37595|dataStream:localhost:37379|priority:0|startupRole:FOLLOWER], format? true
2023-03-17 00:25:03,585 [Time-limited test] TRACE util.FileUtils (FileUtils.java:deleteFully(201)) - deleteFully target/test/data/ce6527c6/MiniRaftClusterWithGrpcf86a83d6/s2
2023-03-17 00:25:03,585 [s1-groupManagement] INFO  server.RaftServerConfigKeys (ConfUtils.java:logGet(46)) - raft.server.rpc.timeout.min = 150ms (default)
2023-03-17 00:25:03,585 [Time-limited test] TRACE util.FileUtils (FileUtils.java:deleteFully(217)) - deleteFully: target/test/data/ce6527c6/MiniRaftClusterWithGrpcf86a83d6/s2 does not exist.
2023-03-17 00:25:03,585 [Time-limited test] INFO  impl.MiniRaftCluster (MiniRaftCluster.java:newRaftServer(387)) - Formatted directory target/test/data/ce6527c6/MiniRaftClusterWithGrpcf86a83d6/s2
2023-03-17 00:25:03,585 [s1-groupManagement] INFO  server.RaftServerConfigKeys (ConfUtils.java:logGet(46)) - raft.server.rpc.timeout.max = 300ms (default)
2023-03-17 00:25:03,585 [s1-groupManagement] INFO  server.RaftServerConfigKeys (ConfUtils.java:logGet(46)) - raft.server.rpc.sleep.time = 25ms (default)
2023-03-17 00:25:03,585 [s1-groupManagement] INFO  server.RaftServerConfigKeys (ConfUtils.java:logGet(46)) - raft.server.rpc.slowness.timeout = 60s (default)
2023-03-17 00:25:03,586 [Time-limited test] INFO  server.RaftServer (ConfUtils.java:logGet(46)) - raft.rpc.type = GRPC (default)
2023-03-17 00:25:03,586 [s1-groupManagement] INFO  server.RaftServerConfigKeys (ConfUtils.java:logGet(46)) - raft.server.leaderelection.leader.step-down.wait-time = 10s (default)
2023-03-17 00:25:03,586 [s1-groupManagement] INFO  server.RaftServerConfigKeys (ConfUtils.java:logGet(46)) - raft.server.sleep.deviation.threshold = 300ms (default)
2023-03-17 00:25:03,586 [Time-limited test] INFO  grpc.GrpcConfigKeys (ConfUtils.java:logFallback(53)) - raft.grpc.admin.host = null (fallback to raft.grpc.server.host)
2023-03-17 00:25:03,586 [s1-groupManagement] INFO  server.RaftServer$Division (ServerState.java:<init>(113)) - s1@group-8FC42D5FF1AF: ConfigurationManager, init=-1: peers:[s0|rpc:localhost:38803|admin:localhost:44025|client:localhost:46541|dataStream:localhost:33933|priority:0|startupRole:FOLLOWER, s1|rpc:localhost:33457|admin:localhost:44537|client:localhost:35509|dataStream:localhost:46497|priority:0|startupRole:FOLLOWER, s2|rpc:localhost:33809|admin:localhost:34515|client:localhost:37595|dataStream:localhost:37379|priority:0|startupRole:FOLLOWER]|listeners:[], old=null, confs=<EMPTY_MAP>
2023-03-17 00:25:03,586 [Time-limited test] INFO  grpc.GrpcConfigKeys (ConfUtils.java:logGet(46)) - raft.grpc.admin.port = 34515 (custom)
2023-03-17 00:25:03,586 [Time-limited test] INFO  grpc.GrpcConfigKeys (ConfUtils.java:logFallback(53)) - raft.grpc.client.host = null (fallback to raft.grpc.server.host)
2023-03-17 00:25:03,586 [Time-limited test] INFO  grpc.GrpcConfigKeys (ConfUtils.java:logGet(46)) - raft.grpc.client.port = 37595 (custom)
2023-03-17 00:25:03,586 [Time-limited test] INFO  grpc.GrpcConfigKeys (ConfUtils.java:logGet(46)) - raft.grpc.server.host = null (default)
2023-03-17 00:25:03,586 [Time-limited test] INFO  grpc.GrpcConfigKeys (ConfUtils.java:logGet(46)) - raft.grpc.server.port = 33809 (custom)
2023-03-17 00:25:03,586 [Time-limited test] INFO  server.GrpcService (ConfUtils.java:logGet(46)) - raft.grpc.message.size.max = 64MB (=67108864) (default)
2023-03-17 00:25:03,586 [Time-limited test] INFO  server.RaftServerConfigKeys (ConfUtils.java:logGet(46)) - raft.server.log.appender.buffer.byte-limit = 4MB (=4194304) (default)
2023-03-17 00:25:03,586 [Time-limited test] INFO  server.GrpcService (ConfUtils.java:logGet(46)) - raft.grpc.flow.control.window = 1MB (=1048576) (default)
2023-03-17 00:25:03,586 [Time-limited test] INFO  server.RaftServerConfigKeys (ConfUtils.java:logGet(46)) - raft.server.rpc.request.timeout = 3000ms (default)
2023-03-17 00:25:03,586 [s1-groupManagement] INFO  server.RaftServerConfigKeys (ConfUtils.java:logGet(46)) - raft.server.notification.no-leader.timeout = 60s (default)
2023-03-17 00:25:03,586 [Time-limited test] INFO  grpc.GrpcConfigKeys (ConfUtils.java:logGet(46)) - raft.grpc.server.heartbeat.channel = true (default)
2023-03-17 00:25:03,586 [s1-groupManagement] INFO  server.RaftServerConfigKeys (ConfUtils.java:logGet(46)) - raft.server.read.timeout = 10s (default)
2023-03-17 00:25:03,586 [Time-limited test] INFO  grpc.GrpcConfigKeys (ConfUtils.java:logGet(46)) - raft.grpc.server.async.request.thread.pool.cached = true (default)
2023-03-17 00:25:03,586 [Time-limited test] INFO  grpc.GrpcConfigKeys (ConfUtils.java:logGet(46)) - raft.grpc.server.async.request.thread.pool.size = 32 (default)
2023-03-17 00:25:03,586 [s1-groupManagement] INFO  server.RaftServerConfigKeys (ConfUtils.java:logGet(46)) - raft.server.retrycache.expirytime = 60s (default)
2023-03-17 00:25:03,587 [s1-groupManagement] INFO  server.RaftServerConfigKeys (ConfUtils.java:logGet(46)) - raft.server.retrycache.statistics.expirytime = 100μs (default)
2023-03-17 00:25:03,587 [s1-groupManagement] INFO  server.RaftServerConfigKeys (ConfUtils.java:logGet(46)) - raft.server.read.option = DEFAULT (default)
2023-03-17 00:25:03,587 [s1-groupManagement] INFO  server.RaftServerConfigKeys (ConfUtils.java:logGet(46)) - raft.server.log.appender.install.snapshot.enabled = true (default)
2023-03-17 00:25:03,587 [s1-groupManagement] INFO  server.RaftServerConfigKeys (ConfUtils.java:logGet(46)) - raft.server.threadpool.server.cached = true (default)
2023-03-17 00:25:03,587 [s1-groupManagement] INFO  server.RaftServerConfigKeys (ConfUtils.java:logGet(46)) - raft.server.threadpool.server.size = 0 (default)
2023-03-17 00:25:03,587 [s1-groupManagement] INFO  server.RaftServerConfigKeys (ConfUtils.java:logGet(46)) - raft.server.threadpool.client.cached = true (default)
2023-03-17 00:25:03,587 [s1-groupManagement] INFO  server.RaftServerConfigKeys (ConfUtils.java:logGet(46)) - raft.server.threadpool.client.size = 0 (default)
2023-03-17 00:25:03,587 [Time-limited test] INFO  impl.DataStreamServerImpl (ConfUtils.java:logGet(46)) - raft.datastream.type = DISABLED (default)
2023-03-17 00:25:03,587 [Time-limited test] INFO  server.RaftServerConfigKeys (ConfUtils.java:logGet(46)) - raft.server.threadpool.proxy.cached = true (default)
2023-03-17 00:25:03,587 [Time-limited test] INFO  server.RaftServerConfigKeys (ConfUtils.java:logGet(46)) - raft.server.threadpool.proxy.size = 0 (default)
2023-03-17 00:25:03,588 [Time-limited test] INFO  server.RaftServerConfigKeys (ConfUtils.java:logGet(46)) - raft.server.rpc.slowness.timeout = 60s (default)
2023-03-17 00:25:03,588 [Time-limited test] INFO  server.RaftServerConfigKeys (ConfUtils.java:logGet(46)) - raft.server.leaderelection.leader.step-down.wait-time = 10s (default)
2023-03-17 00:25:03,588 [Time-limited test] INFO  server.RaftServerConfigKeys (ConfUtils.java:logGet(46)) - raft.server.storage.dir = [/home/runner/work/ratis/ratis/ratis-test/target/test/data/ce6527c6/MiniRaftClusterWithGrpcf86a83d6/s2] (custom)
2023-03-17 00:25:03,588 [Time-limited test] INFO  server.RaftServer (RaftServerProxy.java:addNew(99)) - s2: addNew group-8FC42D5FF1AF:[s0|rpc:localhost:38803|admin:localhost:44025|client:localhost:46541|dataStream:localhost:33933|priority:0|startupRole:FOLLOWER, s1|rpc:localhost:33457|admin:localhost:44537|client:localhost:35509|dataStream:localhost:46497|priority:0|startupRole:FOLLOWER, s2|rpc:localhost:33809|admin:localhost:34515|client:localhost:37595|dataStream:localhost:37379|priority:0|startupRole:FOLLOWER] returns group-8FC42D5FF1AF:java.util.concurrent.CompletableFuture@418a59a9[Not completed]
2023-03-17 00:25:03,588 [s2-groupManagement] INFO  server.RaftServer$Division (RaftServerImpl.java:<init>(198)) - s2: new RaftServerImpl for group-8FC42D5FF1AF:[s0|rpc:localhost:38803|admin:localhost:44025|client:localhost:46541|dataStream:localhost:33933|priority:0|startupRole:FOLLOWER, s1|rpc:localhost:33457|admin:localhost:44537|client:localhost:35509|dataStream:localhost:46497|priority:0|startupRole:FOLLOWER, s2|rpc:localhost:33809|admin:localhost:34515|client:localhost:37595|dataStream:localhost:37379|priority:0|startupRole:FOLLOWER] with BaseStateMachine:uninitialized
2023-03-17 00:25:03,588 [s0-impl-thread1] INFO  server.RaftServerConfigKeys (ConfUtils.java:logGet(46)) - raft.server.storage.free-space.min = 0MB (=0) (default)
2023-03-17 00:25:03,588 [s0-impl-thread1] INFO  server.RaftServerConfigKeys (ConfUtils.java:logGet(46)) - raft.server.log.corruption.policy = EXCEPTION (default)
2023-03-17 00:25:03,588 [s0-impl-thread1] INFO  server.RaftServerConfigKeys (ConfUtils.java:logGet(46)) - raft.server.storage.dir = [/home/runner/work/ratis/ratis/ratis-test/target/test/data/ce6527c6/MiniRaftClusterWithGrpcf86a83d6/s0] (custom)
2023-03-17 00:25:03,589 [s0-impl-thread1] INFO  storage.RaftStorageDirectory (RaftStorageDirectoryImpl.java:analyzeStorage(138)) - The storage directory /home/runner/work/ratis/ratis/ratis-test/target/test/data/ce6527c6/MiniRaftClusterWithGrpcf86a83d6/s0/a76324f6-3d35-4c0d-8bf8-8fc42d5ff1af does not exist. Creating ...
2023-03-17 00:25:03,589 [s0-impl-thread1] TRACE util.FileUtils (LogUtils.java:runAndLog(49)) - Successfully ran Files.createDirectories /home/runner/work/ratis/ratis/ratis-test/target/test/data/ce6527c6/MiniRaftClusterWithGrpcf86a83d6/s0/a76324f6-3d35-4c0d-8bf8-8fc42d5ff1af
2023-03-17 00:25:03,591 [s2-groupManagement] INFO  server.RaftServerConfigKeys (ConfUtils.java:logGet(46)) - raft.server.rpc.timeout.min = 150ms (default)
2023-03-17 00:25:03,591 [s2-groupManagement] INFO  server.RaftServerConfigKeys (ConfUtils.java:logGet(46)) - raft.server.rpc.timeout.max = 300ms (default)
2023-03-17 00:25:03,591 [s2-groupManagement] INFO  server.RaftServerConfigKeys (ConfUtils.java:logGet(46)) - raft.server.rpc.sleep.time = 25ms (default)
2023-03-17 00:25:03,591 [s2-groupManagement] INFO  server.RaftServerConfigKeys (ConfUtils.java:logGet(46)) - raft.server.rpc.slowness.timeout = 60s (default)
2023-03-17 00:25:03,591 [s2-groupManagement] INFO  server.RaftServerConfigKeys (ConfUtils.java:logGet(46)) - raft.server.leaderelection.leader.step-down.wait-time = 10s (default)
2023-03-17 00:25:03,591 [s2-groupManagement] INFO  server.RaftServerConfigKeys (ConfUtils.java:logGet(46)) - raft.server.sleep.deviation.threshold = 300ms (default)
2023-03-17 00:25:03,592 [s2-groupManagement] INFO  server.RaftServer$Division (ServerState.java:<init>(113)) - s2@group-8FC42D5FF1AF: ConfigurationManager, init=-1: peers:[s0|rpc:localhost:38803|admin:localhost:44025|client:localhost:46541|dataStream:localhost:33933|priority:0|startupRole:FOLLOWER, s1|rpc:localhost:33457|admin:localhost:44537|client:localhost:35509|dataStream:localhost:46497|priority:0|startupRole:FOLLOWER, s2|rpc:localhost:33809|admin:localhost:34515|client:localhost:37595|dataStream:localhost:37379|priority:0|startupRole:FOLLOWER]|listeners:[], old=null, confs=<EMPTY_MAP>
2023-03-17 00:25:03,592 [s2-groupManagement] INFO  server.RaftServerConfigKeys (ConfUtils.java:logGet(46)) - raft.server.notification.no-leader.timeout = 60s (default)
2023-03-17 00:25:03,592 [s2-groupManagement] INFO  server.RaftServerConfigKeys (ConfUtils.java:logGet(46)) - raft.server.read.timeout = 10s (default)
2023-03-17 00:25:03,592 [s2-groupManagement] INFO  server.RaftServerConfigKeys (ConfUtils.java:logGet(46)) - raft.server.retrycache.expirytime = 60s (default)
2023-03-17 00:25:03,592 [s2-groupManagement] INFO  server.RaftServerConfigKeys (ConfUtils.java:logGet(46)) - raft.server.retrycache.statistics.expirytime = 100μs (default)
2023-03-17 00:25:03,592 [s2-groupManagement] INFO  server.RaftServerConfigKeys (ConfUtils.java:logGet(46)) - raft.server.read.option = DEFAULT (default)
2023-03-17 00:25:03,592 [s0-impl-thread1] INFO  storage.RaftStorageDirectory (RaftStorageDirectoryImpl.java:tryLock(232)) - Lock on /home/runner/work/ratis/ratis/ratis-test/target/test/data/ce6527c6/MiniRaftClusterWithGrpcf86a83d6/s0/a76324f6-3d35-4c0d-8bf8-8fc42d5ff1af/in_use.lock acquired by nodename 10276@fv-az426-358
2023-03-17 00:25:03,592 [s0-impl-thread1] TRACE util.FileUtils (LogUtils.java:runAndLog(49)) - Successfully ran Files.createDirectories /home/runner/work/ratis/ratis/ratis-test/target/test/data/ce6527c6/MiniRaftClusterWithGrpcf86a83d6/s0/a76324f6-3d35-4c0d-8bf8-8fc42d5ff1af/current
2023-03-17 00:25:03,592 [s0-impl-thread1] TRACE util.FileUtils (LogUtils.java:runAndLog(49)) - Successfully ran Files.createDirectories /home/runner/work/ratis/ratis/ratis-test/target/test/data/ce6527c6/MiniRaftClusterWithGrpcf86a83d6/s0/a76324f6-3d35-4c0d-8bf8-8fc42d5ff1af/sm
2023-03-17 00:25:03,592 [s2-groupManagement] INFO  server.RaftServerConfigKeys (ConfUtils.java:logGet(46)) - raft.server.log.appender.install.snapshot.enabled = true (default)
2023-03-17 00:25:03,592 [s2-groupManagement] INFO  server.RaftServerConfigKeys (ConfUtils.java:logGet(46)) - raft.server.threadpool.server.cached = true (default)
2023-03-17 00:25:03,593 [s2-groupManagement] INFO  server.RaftServerConfigKeys (ConfUtils.java:logGet(46)) - raft.server.threadpool.server.size = 0 (default)
2023-03-17 00:25:03,593 [s2-groupManagement] INFO  server.RaftServerConfigKeys (ConfUtils.java:logGet(46)) - raft.server.threadpool.client.cached = true (default)
2023-03-17 00:25:03,593 [s2-groupManagement] INFO  server.RaftServerConfigKeys (ConfUtils.java:logGet(46)) - raft.server.threadpool.client.size = 0 (default)
2023-03-17 00:25:03,593 [s0-impl-thread1] INFO  storage.RaftStorage (RaftStorageImpl.java:format(96)) - Storage directory /home/runner/work/ratis/ratis/ratis-test/target/test/data/ce6527c6/MiniRaftClusterWithGrpcf86a83d6/s0/a76324f6-3d35-4c0d-8bf8-8fc42d5ff1af has been successfully formatted.
2023-03-17 00:25:03,594 [s0-impl-thread1] INFO  server.RaftServerConfigKeys (ConfUtils.java:logGet(46)) - raft.server.log.use.memory = false (default)
2023-03-17 00:25:03,594 [s0-impl-thread1] INFO  server.RaftServerConfigKeys (ConfUtils.java:logGet(46)) - raft.server.log.purge.gap = 1024 (default)
2023-03-17 00:25:03,594 [s0-impl-thread1] INFO  server.RaftServerConfigKeys (ConfUtils.java:logGet(46)) - raft.server.log.appender.buffer.byte-limit = 4MB (=4194304) (default)
2023-03-17 00:25:03,594 [s0-impl-thread1] INFO  server.RaftServerConfigKeys (ConfUtils.java:logGet(46)) - raft.server.log.statemachine.data.read.timeout = 1000ms (default)
2023-03-17 00:25:03,594 [s0-impl-thread1] INFO  server.RaftServerConfigKeys (ConfUtils.java:logGet(46)) - raft.server.log.purge.preservation.log.num = 0 (default)
2023-03-17 00:25:03,594 [s0-impl-thread1] INFO  server.RaftServerConfigKeys (ConfUtils.java:logGet(46)) - raft.server.log.segment.size.max = 8MB (=8388608) (default)
2023-03-17 00:25:03,594 [s0-impl-thread1] INFO  server.RaftServerConfigKeys (ConfUtils.java:logGet(46)) - raft.server.log.segment.cache.num.max = 6 (default)
2023-03-17 00:25:03,594 [s0-impl-thread1] INFO  server.RaftServerConfigKeys (ConfUtils.java:logGet(46)) - raft.server.log.segment.cache.size.max = 200MB (=209715200) (default)
2023-03-17 00:25:03,594 [s0-impl-thread1] INFO  server.RaftServerConfigKeys (ConfUtils.java:logGet(46)) - raft.server.log.appender.buffer.byte-limit = 4MB (=4194304) (default)
2023-03-17 00:25:03,594 [s0-impl-thread1] INFO  segmented.SegmentedRaftLogWorker (SegmentedRaftLogWorker.java:<init>(183)) - new s0@group-8FC42D5FF1AF-SegmentedRaftLogWorker for RaftStorageImpl:Storage Directory /home/runner/work/ratis/ratis/ratis-test/target/test/data/ce6527c6/MiniRaftClusterWithGrpcf86a83d6/s0/a76324f6-3d35-4c0d-8bf8-8fc42d5ff1af
2023-03-17 00:25:03,594 [s0-impl-thread1] INFO  server.RaftServerConfigKeys (ConfUtils.java:logGet(46)) - raft.server.log.queue.byte-limit = 64MB (=67108864) (default)
2023-03-17 00:25:03,594 [s0-impl-thread1] INFO  server.RaftServerConfigKeys (ConfUtils.java:logGet(46)) - raft.server.log.queue.element-limit = 4096 (default)
2023-03-17 00:25:03,594 [s0-impl-thread1] INFO  server.RaftServerConfigKeys (ConfUtils.java:logGet(46)) - raft.server.log.segment.size.max = 8MB (=8388608) (default)
2023-03-17 00:25:03,594 [s0-impl-thread1] INFO  server.RaftServerConfigKeys (ConfUtils.java:logGet(46)) - raft.server.log.preallocated.size = 4MB (=4194304) (default)
2023-03-17 00:25:03,594 [s0-impl-thread1] INFO  server.RaftServerConfigKeys (ConfUtils.java:logGet(46)) - raft.server.log.force.sync.num = 128 (default)
2023-03-17 00:25:03,594 [s0-impl-thread1] INFO  server.RaftServerConfigKeys (ConfUtils.java:logGet(46)) - raft.server.log.statemachine.data.sync = true (default)
2023-03-17 00:25:03,594 [s0-impl-thread1] INFO  server.RaftServerConfigKeys (ConfUtils.java:logGet(46)) - raft.server.log.statemachine.data.sync.timeout = 10s (default)
2023-03-17 00:25:03,594 [s0-impl-thread1] INFO  server.RaftServerConfigKeys (ConfUtils.java:logGet(46)) - raft.server.log.statemachine.data.sync.timeout.retry = -1 (default)
2023-03-17 00:25:03,594 [s0-impl-thread1] INFO  server.RaftServerConfigKeys (ConfUtils.java:logGet(46)) - raft.server.log.write.buffer.size = 64KB (=65536) (default)
2023-03-17 00:25:03,594 [s0-impl-thread1] INFO  server.RaftServerConfigKeys (ConfUtils.java:logGet(46)) - raft.server.log.appender.buffer.byte-limit = 4MB (=4194304) (default)
2023-03-17 00:25:03,595 [s0-impl-thread1] INFO  server.RaftServerConfigKeys (ConfUtils.java:logGet(46)) - raft.server.log.unsafe-flush.enabled = false (default)
2023-03-17 00:25:03,595 [s0-impl-thread1] INFO  server.RaftServerConfigKeys (ConfUtils.java:logGet(46)) - raft.server.log.async-flush.enabled = false (default)
2023-03-17 00:25:03,595 [s0-impl-thread1] INFO  server.RaftServerConfigKeys (ConfUtils.java:logGet(46)) - raft.server.log.statemachine.data.caching.enabled = false (default)
2023-03-17 00:25:03,595 [s0-impl-thread1] INFO  segmented.SegmentedRaftLogWorker (SegmentedRaftLogWorker.java:lambda$new$0(134)) - s0@group-8FC42D5FF1AF-SegmentedRaftLogWorker: flushIndex: setUnconditionally 0 -> -1
2023-03-17 00:25:03,595 [s0-impl-thread1] INFO  segmented.SegmentedRaftLogWorker (SegmentedRaftLogWorker.java:lambda$new$0(134)) - s0@group-8FC42D5FF1AF-SegmentedRaftLogWorker: safeCacheEvictIndex: setUnconditionally 0 -> -1
2023-03-17 00:25:03,595 [s0-impl-thread1] INFO  server.RaftServer$Division (RaftServerImpl.java:start(342)) - s0@group-8FC42D5FF1AF: start as a follower, conf=-1: peers:[s0|rpc:localhost:38803|admin:localhost:44025|client:localhost:46541|dataStream:localhost:33933|priority:0|startupRole:FOLLOWER, s1|rpc:localhost:33457|admin:localhost:44537|client:localhost:35509|dataStream:localhost:46497|priority:0|startupRole:FOLLOWER, s2|rpc:localhost:33809|admin:localhost:34515|client:localhost:37595|dataStream:localhost:37379|priority:0|startupRole:FOLLOWER]|listeners:[], old=null
2023-03-17 00:25:03,595 [s0-impl-thread1] INFO  server.RaftServer$Division (RaftServerImpl.java:setRole(329)) - s0@group-8FC42D5FF1AF: changes role from      null to FOLLOWER at term 0 for startAsFollower
2023-03-17 00:25:03,595 [s0-impl-thread1] INFO  impl.RoleInfo (RoleInfo.java:updateAndGet(139)) - s0: start s0@group-8FC42D5FF1AF-FollowerState
2023-03-17 00:25:03,597 [s0-impl-thread1] INFO  util.JmxRegister (JmxRegister.java:tryRegister(44)) - Successfully registered JMX Bean with object name Ratis:service=RaftServer,group=group-8FC42D5FF1AF,id=s0
2023-03-17 00:25:03,597 [s0-impl-thread1] INFO  server.RaftServerConfigKeys (ConfUtils.java:logGet(46)) - raft.server.snapshot.auto.trigger.enabled = false (default)
2023-03-17 00:25:03,598 [s0-impl-thread1] INFO  server.RaftServerConfigKeys (ConfUtils.java:logGet(46)) - raft.server.snapshot.retention.file.num = -1 (default)
2023-03-17 00:25:03,598 [s0-impl-thread1] INFO  server.RaftServerConfigKeys (ConfUtils.java:logGet(46)) - raft.server.log.purge.upto.snapshot.index = false (default)
2023-03-17 00:25:03,598 [s0@group-8FC42D5FF1AF-FollowerState] INFO  server.RaftServerConfigKeys (ConfUtils.java:logFallback(53)) - raft.server.rpc.first-election.timeout.min = 150ms (fallback to raft.server.rpc.timeout.min)
2023-03-17 00:25:03,598 [s0@group-8FC42D5FF1AF-FollowerState] INFO  server.RaftServerConfigKeys (ConfUtils.java:logFallback(53)) - raft.server.rpc.first-election.timeout.max = 300ms (fallback to raft.server.rpc.timeout.max)
2023-03-17 00:25:03,598 [Time-limited test] INFO  server.RaftServer (RaftServerProxy.java:startImpl(401)) - s0: start RPC server
2023-03-17 00:25:03,598 [Time-limited test] INFO  server.GrpcService (GrpcService.java:startImpl(302)) - s0: GrpcService started, listening on 46541
2023-03-17 00:25:03,599 [Time-limited test] INFO  server.GrpcService (GrpcService.java:startImpl(302)) - s0: GrpcService started, listening on 38803
2023-03-17 00:25:03,599 [Time-limited test] INFO  server.GrpcService (GrpcService.java:startImpl(302)) - s0: GrpcService started, listening on 44025
2023-03-17 00:25:03,599 [s1-impl-thread1] INFO  server.RaftServerConfigKeys (ConfUtils.java:logGet(46)) - raft.server.storage.free-space.min = 0MB (=0) (default)
2023-03-17 00:25:03,599 [s1-impl-thread1] INFO  server.RaftServerConfigKeys (ConfUtils.java:logGet(46)) - raft.server.log.corruption.policy = EXCEPTION (default)
2023-03-17 00:25:03,599 [s1-impl-thread1] INFO  server.RaftServerConfigKeys (ConfUtils.java:logGet(46)) - raft.server.storage.dir = [/home/runner/work/ratis/ratis/ratis-test/target/test/data/ce6527c6/MiniRaftClusterWithGrpcf86a83d6/s1] (custom)
2023-03-17 00:25:03,600 [s1-impl-thread1] INFO  storage.RaftStorageDirectory (RaftStorageDirectoryImpl.java:analyzeStorage(138)) - The storage directory /home/runner/work/ratis/ratis/ratis-test/target/test/data/ce6527c6/MiniRaftClusterWithGrpcf86a83d6/s1/a76324f6-3d35-4c0d-8bf8-8fc42d5ff1af does not exist. Creating ...
2023-03-17 00:25:03,600 [s1-impl-thread1] TRACE util.FileUtils (LogUtils.java:runAndLog(49)) - Successfully ran Files.createDirectories /home/runner/work/ratis/ratis/ratis-test/target/test/data/ce6527c6/MiniRaftClusterWithGrpcf86a83d6/s1/a76324f6-3d35-4c0d-8bf8-8fc42d5ff1af
2023-03-17 00:25:03,600 [JvmPauseMonitor59] INFO  util.JvmPauseMonitor (JvmPauseMonitor.java:run(103)) - JvmPauseMonitor-s0: Started
2023-03-17 00:25:03,600 [s1-impl-thread1] INFO  storage.RaftStorageDirectory (RaftStorageDirectoryImpl.java:tryLock(232)) - Lock on /home/runner/work/ratis/ratis/ratis-test/target/test/data/ce6527c6/MiniRaftClusterWithGrpcf86a83d6/s1/a76324f6-3d35-4c0d-8bf8-8fc42d5ff1af/in_use.lock acquired by nodename 10276@fv-az426-358
2023-03-17 00:25:03,601 [s1-impl-thread1] TRACE util.FileUtils (LogUtils.java:runAndLog(49)) - Successfully ran Files.createDirectories /home/runner/work/ratis/ratis/ratis-test/target/test/data/ce6527c6/MiniRaftClusterWithGrpcf86a83d6/s1/a76324f6-3d35-4c0d-8bf8-8fc42d5ff1af/current
2023-03-17 00:25:03,601 [s1-impl-thread1] TRACE util.FileUtils (LogUtils.java:runAndLog(49)) - Successfully ran Files.createDirectories /home/runner/work/ratis/ratis/ratis-test/target/test/data/ce6527c6/MiniRaftClusterWithGrpcf86a83d6/s1/a76324f6-3d35-4c0d-8bf8-8fc42d5ff1af/sm
2023-03-17 00:25:03,601 [s1-impl-thread1] INFO  storage.RaftStorage (RaftStorageImpl.java:format(96)) - Storage directory /home/runner/work/ratis/ratis/ratis-test/target/test/data/ce6527c6/MiniRaftClusterWithGrpcf86a83d6/s1/a76324f6-3d35-4c0d-8bf8-8fc42d5ff1af has been successfully formatted.
2023-03-17 00:25:03,601 [s1-impl-thread1] INFO  server.RaftServerConfigKeys (ConfUtils.java:logGet(46)) - raft.server.log.use.memory = false (default)
2023-03-17 00:25:03,601 [s1-impl-thread1] INFO  server.RaftServerConfigKeys (ConfUtils.java:logGet(46)) - raft.server.log.purge.gap = 1024 (default)
2023-03-17 00:25:03,602 [s1-impl-thread1] INFO  server.RaftServerConfigKeys (ConfUtils.java:logGet(46)) - raft.server.log.appender.buffer.byte-limit = 4MB (=4194304) (default)
2023-03-17 00:25:03,602 [s1-impl-thread1] INFO  server.RaftServerConfigKeys (ConfUtils.java:logGet(46)) - raft.server.log.statemachine.data.read.timeout = 1000ms (default)
2023-03-17 00:25:03,602 [s1-impl-thread1] INFO  server.RaftServerConfigKeys (ConfUtils.java:logGet(46)) - raft.server.log.purge.preservation.log.num = 0 (default)
2023-03-17 00:25:03,602 [s1-impl-thread1] INFO  server.RaftServerConfigKeys (ConfUtils.java:logGet(46)) - raft.server.log.segment.size.max = 8MB (=8388608) (default)
2023-03-17 00:25:03,602 [s1-impl-thread1] INFO  server.RaftServerConfigKeys (ConfUtils.java:logGet(46)) - raft.server.log.segment.cache.num.max = 6 (default)
2023-03-17 00:25:03,602 [s1-impl-thread1] INFO  server.RaftServerConfigKeys (ConfUtils.java:logGet(46)) - raft.server.log.segment.cache.size.max = 200MB (=209715200) (default)
2023-03-17 00:25:03,602 [s1-impl-thread1] INFO  server.RaftServerConfigKeys (ConfUtils.java:logGet(46)) - raft.server.log.appender.buffer.byte-limit = 4MB (=4194304) (default)
2023-03-17 00:25:03,602 [s1-impl-thread1] INFO  segmented.SegmentedRaftLogWorker (SegmentedRaftLogWorker.java:<init>(183)) - new s1@group-8FC42D5FF1AF-SegmentedRaftLogWorker for RaftStorageImpl:Storage Directory /home/runner/work/ratis/ratis/ratis-test/target/test/data/ce6527c6/MiniRaftClusterWithGrpcf86a83d6/s1/a76324f6-3d35-4c0d-8bf8-8fc42d5ff1af
2023-03-17 00:25:03,602 [s1-impl-thread1] INFO  server.RaftServerConfigKeys (ConfUtils.java:logGet(46)) - raft.server.log.queue.byte-limit = 64MB (=67108864) (default)
2023-03-17 00:25:03,602 [s1-impl-thread1] INFO  server.RaftServerConfigKeys (ConfUtils.java:logGet(46)) - raft.server.log.queue.element-limit = 4096 (default)
2023-03-17 00:25:03,602 [s1-impl-thread1] INFO  server.RaftServerConfigKeys (ConfUtils.java:logGet(46)) - raft.server.log.segment.size.max = 8MB (=8388608) (default)
2023-03-17 00:25:03,602 [s1-impl-thread1] INFO  server.RaftServerConfigKeys (ConfUtils.java:logGet(46)) - raft.server.log.preallocated.size = 4MB (=4194304) (default)
2023-03-17 00:25:03,602 [s1-impl-thread1] INFO  server.RaftServerConfigKeys (ConfUtils.java:logGet(46)) - raft.server.log.force.sync.num = 128 (default)
2023-03-17 00:25:03,602 [s1-impl-thread1] INFO  server.RaftServerConfigKeys (ConfUtils.java:logGet(46)) - raft.server.log.statemachine.data.sync = true (default)
2023-03-17 00:25:03,602 [s1-impl-thread1] INFO  server.RaftServerConfigKeys (ConfUtils.java:logGet(46)) - raft.server.log.statemachine.data.sync.timeout = 10s (default)
2023-03-17 00:25:03,602 [s1-impl-thread1] INFO  server.RaftServerConfigKeys (ConfUtils.java:logGet(46)) - raft.server.log.statemachine.data.sync.timeout.retry = -1 (default)
2023-03-17 00:25:03,602 [s1-impl-thread1] INFO  server.RaftServerConfigKeys (ConfUtils.java:logGet(46)) - raft.server.log.write.buffer.size = 64KB (=65536) (default)
2023-03-17 00:25:03,602 [s1-impl-thread1] INFO  server.RaftServerConfigKeys (ConfUtils.java:logGet(46)) - raft.server.log.appender.buffer.byte-limit = 4MB (=4194304) (default)
2023-03-17 00:25:03,603 [s1-impl-thread1] INFO  server.RaftServerConfigKeys (ConfUtils.java:logGet(46)) - raft.server.log.unsafe-flush.enabled = false (default)
2023-03-17 00:25:03,603 [s1-impl-thread1] INFO  server.RaftServerConfigKeys (ConfUtils.java:logGet(46)) - raft.server.log.async-flush.enabled = false (default)
2023-03-17 00:25:03,603 [s1-impl-thread1] INFO  server.RaftServerConfigKeys (ConfUtils.java:logGet(46)) - raft.server.log.statemachine.data.caching.enabled = false (default)
2023-03-17 00:25:03,603 [s1-impl-thread1] INFO  segmented.SegmentedRaftLogWorker (SegmentedRaftLogWorker.java:lambda$new$0(134)) - s1@group-8FC42D5FF1AF-SegmentedRaftLogWorker: flushIndex: setUnconditionally 0 -> -1
2023-03-17 00:25:03,603 [s1-impl-thread1] INFO  segmented.SegmentedRaftLogWorker (SegmentedRaftLogWorker.java:lambda$new$0(134)) - s1@group-8FC42D5FF1AF-SegmentedRaftLogWorker: safeCacheEvictIndex: setUnconditionally 0 -> -1
2023-03-17 00:25:03,607 [s1-impl-thread1] INFO  server.RaftServer$Division (RaftServerImpl.java:start(342)) - s1@group-8FC42D5FF1AF: start as a follower, conf=-1: peers:[s0|rpc:localhost:38803|admin:localhost:44025|client:localhost:46541|dataStream:localhost:33933|priority:0|startupRole:FOLLOWER, s1|rpc:localhost:33457|admin:localhost:44537|client:localhost:35509|dataStream:localhost:46497|priority:0|startupRole:FOLLOWER, s2|rpc:localhost:33809|admin:localhost:34515|client:localhost:37595|dataStream:localhost:37379|priority:0|startupRole:FOLLOWER]|listeners:[], old=null
2023-03-17 00:25:03,607 [s1-impl-thread1] INFO  server.RaftServer$Division (RaftServerImpl.java:setRole(329)) - s1@group-8FC42D5FF1AF: changes role from      null to FOLLOWER at term 0 for startAsFollower
2023-03-17 00:25:03,607 [s1-impl-thread1] INFO  impl.RoleInfo (RoleInfo.java:updateAndGet(139)) - s1: start s1@group-8FC42D5FF1AF-FollowerState
2023-03-17 00:25:03,616 [s1-impl-thread1] INFO  util.JmxRegister (JmxRegister.java:tryRegister(44)) - Successfully registered JMX Bean with object name Ratis:service=RaftServer,group=group-8FC42D5FF1AF,id=s1
2023-03-17 00:25:03,616 [s1-impl-thread1] INFO  server.RaftServerConfigKeys (ConfUtils.java:logGet(46)) - raft.server.snapshot.auto.trigger.enabled = false (default)
2023-03-17 00:25:03,616 [s1-impl-thread1] INFO  server.RaftServerConfigKeys (ConfUtils.java:logGet(46)) - raft.server.snapshot.retention.file.num = -1 (default)
2023-03-17 00:25:03,616 [s1-impl-thread1] INFO  server.RaftServerConfigKeys (ConfUtils.java:logGet(46)) - raft.server.log.purge.upto.snapshot.index = false (default)
2023-03-17 00:25:03,617 [s1@group-8FC42D5FF1AF-FollowerState] INFO  server.RaftServerConfigKeys (ConfUtils.java:logFallback(53)) - raft.server.rpc.first-election.timeout.min = 150ms (fallback to raft.server.rpc.timeout.min)
2023-03-17 00:25:03,617 [s1@group-8FC42D5FF1AF-FollowerState] INFO  server.RaftServerConfigKeys (ConfUtils.java:logFallback(53)) - raft.server.rpc.first-election.timeout.max = 300ms (fallback to raft.server.rpc.timeout.max)
2023-03-17 00:25:03,619 [Time-limited test] INFO  server.RaftServer (RaftServerProxy.java:startImpl(401)) - s1: start RPC server
2023-03-17 00:25:03,619 [Time-limited test] INFO  server.GrpcService (GrpcService.java:startImpl(302)) - s1: GrpcService started, listening on 35509
2023-03-17 00:25:03,619 [Time-limited test] INFO  server.GrpcService (GrpcService.java:startImpl(302)) - s1: GrpcService started, listening on 33457
2023-03-17 00:25:03,619 [Time-limited test] INFO  server.GrpcService (GrpcService.java:startImpl(302)) - s1: GrpcService started, listening on 44537
2023-03-17 00:25:03,620 [s2-impl-thread1] INFO  server.RaftServerConfigKeys (ConfUtils.java:logGet(46)) - raft.server.storage.free-space.min = 0MB (=0) (default)
2023-03-17 00:25:03,620 [JvmPauseMonitor60] INFO  util.JvmPauseMonitor (JvmPauseMonitor.java:run(103)) - JvmPauseMonitor-s1: Started
2023-03-17 00:25:03,620 [s2-impl-thread1] INFO  server.RaftServerConfigKeys (ConfUtils.java:logGet(46)) - raft.server.log.corruption.policy = EXCEPTION (default)
2023-03-17 00:25:03,620 [s2-impl-thread1] INFO  server.RaftServerConfigKeys (ConfUtils.java:logGet(46)) - raft.server.storage.dir = [/home/runner/work/ratis/ratis/ratis-test/target/test/data/ce6527c6/MiniRaftClusterWithGrpcf86a83d6/s2] (custom)
2023-03-17 00:25:03,620 [s2-impl-thread1] INFO  storage.RaftStorageDirectory (RaftStorageDirectoryImpl.java:analyzeStorage(138)) - The storage directory /home/runner/work/ratis/ratis/ratis-test/target/test/data/ce6527c6/MiniRaftClusterWithGrpcf86a83d6/s2/a76324f6-3d35-4c0d-8bf8-8fc42d5ff1af does not exist. Creating ...
2023-03-17 00:25:03,620 [s2-impl-thread1] TRACE util.FileUtils (LogUtils.java:runAndLog(49)) - Successfully ran Files.createDirectories /home/runner/work/ratis/ratis/ratis-test/target/test/data/ce6527c6/MiniRaftClusterWithGrpcf86a83d6/s2/a76324f6-3d35-4c0d-8bf8-8fc42d5ff1af
2023-03-17 00:25:03,621 [s2-impl-thread1] INFO  storage.RaftStorageDirectory (RaftStorageDirectoryImpl.java:tryLock(232)) - Lock on /home/runner/work/ratis/ratis/ratis-test/target/test/data/ce6527c6/MiniRaftClusterWithGrpcf86a83d6/s2/a76324f6-3d35-4c0d-8bf8-8fc42d5ff1af/in_use.lock acquired by nodename 10276@fv-az426-358
2023-03-17 00:25:03,621 [s2-impl-thread1] TRACE util.FileUtils (LogUtils.java:runAndLog(49)) - Successfully ran Files.createDirectories /home/runner/work/ratis/ratis/ratis-test/target/test/data/ce6527c6/MiniRaftClusterWithGrpcf86a83d6/s2/a76324f6-3d35-4c0d-8bf8-8fc42d5ff1af/current
2023-03-17 00:25:03,622 [s2-impl-thread1] TRACE util.FileUtils (LogUtils.java:runAndLog(49)) - Successfully ran Files.createDirectories /home/runner/work/ratis/ratis/ratis-test/target/test/data/ce6527c6/MiniRaftClusterWithGrpcf86a83d6/s2/a76324f6-3d35-4c0d-8bf8-8fc42d5ff1af/sm
2023-03-17 00:25:03,622 [s2-impl-thread1] INFO  storage.RaftStorage (RaftStorageImpl.java:format(96)) - Storage directory /home/runner/work/ratis/ratis/ratis-test/target/test/data/ce6527c6/MiniRaftClusterWithGrpcf86a83d6/s2/a76324f6-3d35-4c0d-8bf8-8fc42d5ff1af has been successfully formatted.
2023-03-17 00:25:03,623 [s2-impl-thread1] INFO  server.RaftServerConfigKeys (ConfUtils.java:logGet(46)) - raft.server.log.use.memory = false (default)
2023-03-17 00:25:03,623 [s2-impl-thread1] INFO  server.RaftServerConfigKeys (ConfUtils.java:logGet(46)) - raft.server.log.purge.gap = 1024 (default)
2023-03-17 00:25:03,623 [s2-impl-thread1] INFO  server.RaftServerConfigKeys (ConfUtils.java:logGet(46)) - raft.server.log.appender.buffer.byte-limit = 4MB (=4194304) (default)
2023-03-17 00:25:03,623 [s2-impl-thread1] INFO  server.RaftServerConfigKeys (ConfUtils.java:logGet(46)) - raft.server.log.statemachine.data.read.timeout = 1000ms (default)
2023-03-17 00:25:03,623 [s2-impl-thread1] INFO  server.RaftServerConfigKeys (ConfUtils.java:logGet(46)) - raft.server.log.purge.preservation.log.num = 0 (default)
2023-03-17 00:25:03,623 [s2-impl-thread1] INFO  server.RaftServerConfigKeys (ConfUtils.java:logGet(46)) - raft.server.log.segment.size.max = 8MB (=8388608) (default)
2023-03-17 00:25:03,623 [s2-impl-thread1] INFO  server.RaftServerConfigKeys (ConfUtils.java:logGet(46)) - raft.server.log.segment.cache.num.max = 6 (default)
2023-03-17 00:25:03,623 [s2-impl-thread1] INFO  server.RaftServerConfigKeys (ConfUtils.java:logGet(46)) - raft.server.log.segment.cache.size.max = 200MB (=209715200) (default)
2023-03-17 00:25:03,623 [s2-impl-thread1] INFO  server.RaftServerConfigKeys (ConfUtils.java:logGet(46)) - raft.server.log.appender.buffer.byte-limit = 4MB (=4194304) (default)
2023-03-17 00:25:03,623 [s2-impl-thread1] INFO  segmented.SegmentedRaftLogWorker (SegmentedRaftLogWorker.java:<init>(183)) - new s2@group-8FC42D5FF1AF-SegmentedRaftLogWorker for RaftStorageImpl:Storage Directory /home/runner/work/ratis/ratis/ratis-test/target/test/data/ce6527c6/MiniRaftClusterWithGrpcf86a83d6/s2/a76324f6-3d35-4c0d-8bf8-8fc42d5ff1af
2023-03-17 00:25:03,623 [s2-impl-thread1] INFO  server.RaftServerConfigKeys (ConfUtils.java:logGet(46)) - raft.server.log.queue.byte-limit = 64MB (=67108864) (default)
2023-03-17 00:25:03,623 [s2-impl-thread1] INFO  server.RaftServerConfigKeys (ConfUtils.java:logGet(46)) - raft.server.log.queue.element-limit = 4096 (default)
2023-03-17 00:25:03,623 [s2-impl-thread1] INFO  server.RaftServerConfigKeys (ConfUtils.java:logGet(46)) - raft.server.log.segment.size.max = 8MB (=8388608) (default)
2023-03-17 00:25:03,623 [s2-impl-thread1] INFO  server.RaftServerConfigKeys (ConfUtils.java:logGet(46)) - raft.server.log.preallocated.size = 4MB (=4194304) (default)
2023-03-17 00:25:03,623 [s2-impl-thread1] INFO  server.RaftServerConfigKeys (ConfUtils.java:logGet(46)) - raft.server.log.force.sync.num = 128 (default)
2023-03-17 00:25:03,623 [s2-impl-thread1] INFO  server.RaftServerConfigKeys (ConfUtils.java:logGet(46)) - raft.server.log.statemachine.data.sync = true (default)
2023-03-17 00:25:03,623 [s2-impl-thread1] INFO  server.RaftServerConfigKeys (ConfUtils.java:logGet(46)) - raft.server.log.statemachine.data.sync.timeout = 10s (default)
2023-03-17 00:25:03,623 [s2-impl-thread1] INFO  server.RaftServerConfigKeys (ConfUtils.java:logGet(46)) - raft.server.log.statemachine.data.sync.timeout.retry = -1 (default)
2023-03-17 00:25:03,623 [s2-impl-thread1] INFO  server.RaftServerConfigKeys (ConfUtils.java:logGet(46)) - raft.server.log.write.buffer.size = 64KB (=65536) (default)
2023-03-17 00:25:03,623 [s2-impl-thread1] INFO  server.RaftServerConfigKeys (ConfUtils.java:logGet(46)) - raft.server.log.appender.buffer.byte-limit = 4MB (=4194304) (default)
2023-03-17 00:25:03,624 [s2-impl-thread1] INFO  server.RaftServerConfigKeys (ConfUtils.java:logGet(46)) - raft.server.log.unsafe-flush.enabled = false (default)
2023-03-17 00:25:03,624 [s2-impl-thread1] INFO  server.RaftServerConfigKeys (ConfUtils.java:logGet(46)) - raft.server.log.async-flush.enabled = false (default)
2023-03-17 00:25:03,624 [s2-impl-thread1] INFO  server.RaftServerConfigKeys (ConfUtils.java:logGet(46)) - raft.server.log.statemachine.data.caching.enabled = false (default)
2023-03-17 00:25:03,624 [s2-impl-thread1] INFO  segmented.SegmentedRaftLogWorker (SegmentedRaftLogWorker.java:lambda$new$0(134)) - s2@group-8FC42D5FF1AF-SegmentedRaftLogWorker: flushIndex: setUnconditionally 0 -> -1
2023-03-17 00:25:03,624 [s2-impl-thread1] INFO  segmented.SegmentedRaftLogWorker (SegmentedRaftLogWorker.java:lambda$new$0(134)) - s2@group-8FC42D5FF1AF-SegmentedRaftLogWorker: safeCacheEvictIndex: setUnconditionally 0 -> -1
2023-03-17 00:25:03,624 [s2-impl-thread1] INFO  server.RaftServer$Division (RaftServerImpl.java:start(342)) - s2@group-8FC42D5FF1AF: start as a follower, conf=-1: peers:[s0|rpc:localhost:38803|admin:localhost:44025|client:localhost:46541|dataStream:localhost:33933|priority:0|startupRole:FOLLOWER, s1|rpc:localhost:33457|admin:localhost:44537|client:localhost:35509|dataStream:localhost:46497|priority:0|startupRole:FOLLOWER, s2|rpc:localhost:33809|admin:localhost:34515|client:localhost:37595|dataStream:localhost:37379|priority:0|startupRole:FOLLOWER]|listeners:[], old=null
2023-03-17 00:25:03,624 [s2-impl-thread1] INFO  server.RaftServer$Division (RaftServerImpl.java:setRole(329)) - s2@group-8FC42D5FF1AF: changes role from      null to FOLLOWER at term 0 for startAsFollower
2023-03-17 00:25:03,624 [s2-impl-thread1] INFO  impl.RoleInfo (RoleInfo.java:updateAndGet(139)) - s2: start s2@group-8FC42D5FF1AF-FollowerState
2023-03-17 00:25:03,625 [s2-impl-thread1] INFO  util.JmxRegister (JmxRegister.java:tryRegister(44)) - Successfully registered JMX Bean with object name Ratis:service=RaftServer,group=group-8FC42D5FF1AF,id=s2
2023-03-17 00:25:03,625 [s2-impl-thread1] INFO  server.RaftServerConfigKeys (ConfUtils.java:logGet(46)) - raft.server.snapshot.auto.trigger.enabled = false (default)
2023-03-17 00:25:03,625 [s2-impl-thread1] INFO  server.RaftServerConfigKeys (ConfUtils.java:logGet(46)) - raft.server.snapshot.retention.file.num = -1 (default)
2023-03-17 00:25:03,625 [s2-impl-thread1] INFO  server.RaftServerConfigKeys (ConfUtils.java:logGet(46)) - raft.server.log.purge.upto.snapshot.index = false (default)
2023-03-17 00:25:03,625 [s2@group-8FC42D5FF1AF-FollowerState] INFO  server.RaftServerConfigKeys (ConfUtils.java:logFallback(53)) - raft.server.rpc.first-election.timeout.min = 150ms (fallback to raft.server.rpc.timeout.min)
2023-03-17 00:25:03,625 [s2@group-8FC42D5FF1AF-FollowerState] INFO  server.RaftServerConfigKeys (ConfUtils.java:logFallback(53)) - raft.server.rpc.first-election.timeout.max = 300ms (fallback to raft.server.rpc.timeout.max)
2023-03-17 00:25:03,627 [Time-limited test] INFO  server.RaftServer (RaftServerProxy.java:startImpl(401)) - s2: start RPC server
2023-03-17 00:25:03,628 [Time-limited test] INFO  server.GrpcService (GrpcService.java:startImpl(302)) - s2: GrpcService started, listening on 37595
2023-03-17 00:25:03,628 [Time-limited test] INFO  server.GrpcService (GrpcService.java:startImpl(302)) - s2: GrpcService started, listening on 33809
2023-03-17 00:25:03,628 [Time-limited test] INFO  server.GrpcService (GrpcService.java:startImpl(302)) - s2: GrpcService started, listening on 34515
2023-03-17 00:25:03,631 [JvmPauseMonitor61] INFO  util.JvmPauseMonitor (JvmPauseMonitor.java:run(103)) - JvmPauseMonitor-s2: Started
2023-03-17 00:25:03,632 [Time-limited test] INFO  server.RaftServerConfigKeys (ConfUtils.java:logGet(46)) - raft.server.rpc.timeout.max = 300ms (default)
2023-03-17 00:25:03,632 [Time-limited test] INFO  ratis.RaftTestUtil (RaftTestUtil.java:waitForLeader(100)) - printing ALL groups
  s0:  RUNNING  FOLLOWER s0@group-8FC42D5FF1AF:t0, leader=null, voted=, raftlog=Memoized:s0@group-8FC42D5FF1AF-SegmentedRaftLog:OPENED:c-1, conf=-1: peers:[s0|rpc:localhost:38803|admin:localhost:44025|client:localhost:46541|dataStream:localhost:33933|priority:0|startupRole:FOLLOWER, s1|rpc:localhost:33457|admin:localhost:44537|client:localhost:35509|dataStream:localhost:46497|priority:0|startupRole:FOLLOWER, s2|rpc:localhost:33809|admin:localhost:34515|client:localhost:37595|dataStream:localhost:37379|priority:0|startupRole:FOLLOWER]|listeners:[], old=null RUNNING
  s1:  RUNNING  FOLLOWER s1@group-8FC42D5FF1AF:t0, leader=null, voted=, raftlog=Memoized:s1@group-8FC42D5FF1AF-SegmentedRaftLog:OPENED:c-1, conf=-1: peers:[s0|rpc:localhost:38803|admin:localhost:44025|client:localhost:46541|dataStream:localhost:33933|priority:0|startupRole:FOLLOWER, s1|rpc:localhost:33457|admin:localhost:44537|client:localhost:35509|dataStream:localhost:46497|priority:0|startupRole:FOLLOWER, s2|rpc:localhost:33809|admin:localhost:34515|client:localhost:37595|dataStream:localhost:37379|priority:0|startupRole:FOLLOWER]|listeners:[], old=null RUNNING
  s2:  RUNNING  FOLLOWER s2@group-8FC42D5FF1AF:t0, leader=null, voted=, raftlog=Memoized:s2@group-8FC42D5FF1AF-SegmentedRaftLog:OPENED:c-1, conf=-1: peers:[s0|rpc:localhost:38803|admin:localhost:44025|client:localhost:46541|dataStream:localhost:33933|priority:0|startupRole:FOLLOWER, s1|rpc:localhost:33457|admin:localhost:44537|client:localhost:35509|dataStream:localhost:46497|priority:0|startupRole:FOLLOWER, s2|rpc:localhost:33809|admin:localhost:34515|client:localhost:37595|dataStream:localhost:37379|priority:0|startupRole:FOLLOWER]|listeners:[], old=null RUNNING
2023-03-17 00:25:03,632 [Time-limited test] WARN  ratis.RaftTestUtil (JavaUtils.java:attempt(217)) - FAILED "waitForLeader-null-(expectLeader? true)", attempt #1/100: java.lang.IllegalStateException: No leader yet : printing ALL groups
  s0:  RUNNING  FOLLOWER s0@group-8FC42D5FF1AF:t0, leader=null, voted=, raftlog=Memoized:s0@group-8FC42D5FF1AF-SegmentedRaftLog:OPENED:c-1, conf=-1: peers:[s0|rpc:localhost:38803|admin:localhost:44025|client:localhost:46541|dataStream:localhost:33933|priority:0|startupRole:FOLLOWER, s1|rpc:localhost:33457|admin:localhost:44537|client:localhost:35509|dataStream:localhost:46497|priority:0|startupRole:FOLLOWER, s2|rpc:localhost:33809|admin:localhost:34515|client:localhost:37595|dataStream:localhost:37379|priority:0|startupRole:FOLLOWER]|listeners:[], old=null RUNNING
  s1:  RUNNING  FOLLOWER s1@group-8FC42D5FF1AF:t0, leader=null, voted=, raftlog=Memoized:s1@group-8FC42D5FF1AF-SegmentedRaftLog:OPENED:c-1, conf=-1: peers:[s0|rpc:localhost:38803|admin:localhost:44025|client:localhost:46541|dataStream:localhost:33933|priority:0|startupRole:FOLLOWER, s1|rpc:localhost:33457|admin:localhost:44537|client:localhost:35509|dataStream:localhost:46497|priority:0|startupRole:FOLLOWER, s2|rpc:localhost:33809|admin:localhost:34515|client:localhost:37595|dataStream:localhost:37379|priority:0|startupRole:FOLLOWER]|listeners:[], old=null RUNNING
  s2:  RUNNING  FOLLOWER s2@group-8FC42D5FF1AF:t0, leader=null, voted=, raftlog=Memoized:s2@group-8FC42D5FF1AF-SegmentedRaftLog:OPENED:c-1, conf=-1: peers:[s0|rpc:localhost:38803|admin:localhost:44025|client:localhost:46541|dataStream:localhost:33933|priority:0|startupRole:FOLLOWER, s1|rpc:localhost:33457|admin:localhost:44537|client:localhost:35509|dataStream:localhost:46497|priority:0|startupRole:FOLLOWER, s2|rpc:localhost:33809|admin:localhost:34515|client:localhost:37595|dataStream:localhost:37379|priority:0|startupRole:FOLLOWER]|listeners:[], old=null RUNNING, sleep 450ms and then retry.
java.lang.IllegalStateException: No leader yet : printing ALL groups
  s0:  RUNNING  FOLLOWER s0@group-8FC42D5FF1AF:t0, leader=null, voted=, raftlog=Memoized:s0@group-8FC42D5FF1AF-SegmentedRaftLog:OPENED:c-1, conf=-1: peers:[s0|rpc:localhost:38803|admin:localhost:44025|client:localhost:46541|dataStream:localhost:33933|priority:0|startupRole:FOLLOWER, s1|rpc:localhost:33457|admin:localhost:44537|client:localhost:35509|dataStream:localhost:46497|priority:0|startupRole:FOLLOWER, s2|rpc:localhost:33809|admin:localhost:34515|client:localhost:37595|dataStream:localhost:37379|priority:0|startupRole:FOLLOWER]|listeners:[], old=null RUNNING
  s1:  RUNNING  FOLLOWER s1@group-8FC42D5FF1AF:t0, leader=null, voted=, raftlog=Memoized:s1@group-8FC42D5FF1AF-SegmentedRaftLog:OPENED:c-1, conf=-1: peers:[s0|rpc:localhost:38803|admin:localhost:44025|client:localhost:46541|dataStream:localhost:33933|priority:0|startupRole:FOLLOWER, s1|rpc:localhost:33457|admin:localhost:44537|client:localhost:35509|dataStream:localhost:46497|priority:0|startupRole:FOLLOWER, s2|rpc:localhost:33809|admin:localhost:34515|client:localhost:37595|dataStream:localhost:37379|priority:0|startupRole:FOLLOWER]|listeners:[], old=null RUNNING
  s2:  RUNNING  FOLLOWER s2@group-8FC42D5FF1AF:t0, leader=null, voted=, raftlog=Memoized:s2@group-8FC42D5FF1AF-SegmentedRaftLog:OPENED:c-1, conf=-1: peers:[s0|rpc:localhost:38803|admin:localhost:44025|client:localhost:46541|dataStream:localhost:33933|priority:0|startupRole:FOLLOWER, s1|rpc:localhost:33457|admin:localhost:44537|client:localhost:35509|dataStream:localhost:46497|priority:0|startupRole:FOLLOWER, s2|rpc:localhost:33809|admin:localhost:34515|client:localhost:37595|dataStream:localhost:37379|priority:0|startupRole:FOLLOWER]|listeners:[], old=null RUNNING
	at org.apache.ratis.server.impl.MiniRaftCluster.newIllegalStateExceptionForNoLeaders(MiniRaftCluster.java:581)
	at org.apache.ratis.RaftTestUtil.lambda$waitForLeader$1(RaftTestUtil.java:104)
	at org.apache.ratis.server.impl.MiniRaftCluster.getLeader(MiniRaftCluster.java:615)
	at org.apache.ratis.server.impl.MiniRaftCluster.getLeader(MiniRaftCluster.java:608)
	at org.apache.ratis.RaftTestUtil.lambda$waitForLeader$3(RaftTestUtil.java:112)
	at org.apache.ratis.util.JavaUtils.attempt(JavaUtils.java:211)
	at org.apache.ratis.util.JavaUtils.attemptRepeatedly(JavaUtils.java:197)
	at org.apache.ratis.RaftTestUtil.waitForLeader(RaftTestUtil.java:111)
	at org.apache.ratis.RaftTestUtil.waitForLeader(RaftTestUtil.java:92)
	at org.apache.ratis.RaftTestUtil.waitForLeader(RaftTestUtil.java:87)
	at org.apache.ratis.server.impl.RaftReconfigurationBaseTest.runTestReconfTwice(RaftReconfigurationBaseTest.java:267)
	at org.apache.ratis.server.impl.MiniRaftCluster$Factory$Get.runWithNewCluster(MiniRaftCluster.java:141)
	at org.apache.ratis.server.impl.MiniRaftCluster$Factory$Get.runWithNewCluster(MiniRaftCluster.java:121)
	at org.apache.ratis.server.impl.RaftReconfigurationBaseTest.testReconfTwice(RaftReconfigurationBaseTest.java:263)
	at java.base/jdk.internal.reflect.NativeMethodAccessorImpl.invoke0(Native Method)
	at java.base/jdk.internal.reflect.NativeMethodAccessorImpl.invoke(NativeMethodAccessorImpl.java:62)
	at java.base/jdk.internal.reflect.DelegatingMethodAccessorImpl.invoke(DelegatingMethodAccessorImpl.java:43)
	at java.base/java.lang.reflect.Method.invoke(Method.java:566)
	at org.junit.runners.model.FrameworkMethod$1.runReflectiveCall(FrameworkMethod.java:59)
	at org.junit.internal.runners.model.ReflectiveCallable.run(ReflectiveCallable.java:12)
	at org.junit.runners.model.FrameworkMethod.invokeExplosively(FrameworkMethod.java:56)
	at org.junit.internal.runners.statements.InvokeMethod.evaluate(InvokeMethod.java:17)
	at org.junit.internal.runners.statements.FailOnTimeout$CallableStatement.call(FailOnTimeout.java:299)
	at org.junit.internal.runners.statements.FailOnTimeout$CallableStatement.call(FailOnTimeout.java:293)
	at java.base/java.util.concurrent.FutureTask.run(FutureTask.java:264)
	at java.base/java.lang.Thread.run(Thread.java:829)
2023-03-17 00:25:03,764 [s0@group-8FC42D5FF1AF-FollowerState] INFO  impl.FollowerState (FollowerState.java:run(143)) - s0@group-8FC42D5FF1AF-FollowerState: change to CANDIDATE, lastRpcElapsedTime:168483055ns, electionTimeout:166ms
2023-03-17 00:25:03,764 [s0@group-8FC42D5FF1AF-FollowerState] INFO  impl.RoleInfo (RoleInfo.java:shutdownFollowerState(110)) - s0: shutdown s0@group-8FC42D5FF1AF-FollowerState
2023-03-17 00:25:03,764 [s0@group-8FC42D5FF1AF-FollowerState] INFO  server.RaftServer$Division (RaftServerImpl.java:setRole(329)) - s0@group-8FC42D5FF1AF: changes role from  FOLLOWER to CANDIDATE at term 0 for changeToCandidate
2023-03-17 00:25:03,764 [s0@group-8FC42D5FF1AF-FollowerState] INFO  server.RaftServerConfigKeys (ConfUtils.java:logGet(46)) - raft.server.leaderelection.pre-vote = true (default)
2023-03-17 00:25:03,764 [s0@group-8FC42D5FF1AF-FollowerState] INFO  impl.RoleInfo (RoleInfo.java:updateAndGet(139)) - s0: start s0@group-8FC42D5FF1AF-LeaderElection42
2023-03-17 00:25:03,765 [s0@group-8FC42D5FF1AF-LeaderElection42] INFO  impl.LeaderElection (LeaderElection.java:askForVotes(320)) - s0@group-8FC42D5FF1AF-LeaderElection42 PRE_VOTE round 0: submit vote requests at term 0 for -1: peers:[s0|rpc:localhost:38803|admin:localhost:44025|client:localhost:46541|dataStream:localhost:33933|priority:0|startupRole:FOLLOWER, s1|rpc:localhost:33457|admin:localhost:44537|client:localhost:35509|dataStream:localhost:46497|priority:0|startupRole:FOLLOWER, s2|rpc:localhost:33809|admin:localhost:34515|client:localhost:37595|dataStream:localhost:37379|priority:0|startupRole:FOLLOWER]|listeners:[], old=null
2023-03-17 00:25:03,765 [s0@group-8FC42D5FF1AF-LeaderElection42-1] INFO  server.GrpcServerProtocolClient (GrpcServerProtocolClient.java:<init>(64)) - Build channel for s1
2023-03-17 00:25:03,765 [s0@group-8FC42D5FF1AF-LeaderElection42-2] INFO  server.GrpcServerProtocolClient (GrpcServerProtocolClient.java:<init>(64)) - Build channel for s2
2023-03-17 00:25:03,765 [s0@group-8FC42D5FF1AF-LeaderElection42] INFO  server.RaftServerConfigKeys (ConfUtils.java:logFallback(53)) - raft.server.rpc.first-election.timeout.min = 150ms (fallback to raft.server.rpc.timeout.min)
2023-03-17 00:25:03,765 [s0@group-8FC42D5FF1AF-LeaderElection42] INFO  server.RaftServerConfigKeys (ConfUtils.java:logFallback(53)) - raft.server.rpc.first-election.timeout.max = 300ms (fallback to raft.server.rpc.timeout.max)
2023-03-17 00:25:03,769 [grpc-default-executor-0] INFO  server.RaftServer$Division (RaftServerImpl.java:requestVote(1303)) - s2@group-8FC42D5FF1AF: receive requestVote(PRE_VOTE, s0, group-8FC42D5FF1AF, 0, (t:0, i:0))
2023-03-17 00:25:03,769 [grpc-default-executor-0] INFO  impl.VoteContext (VoteContext.java:log(49)) - s2@group-8FC42D5FF1AF-FOLLOWER: accept PRE_VOTE from s0: our priority 0 <= candidate's priority 0
2023-03-17 00:25:03,769 [grpc-default-executor-0] INFO  server.RaftServer$Division (RaftServerImpl.java:requestVote(1336)) - s2@group-8FC42D5FF1AF replies to PRE_VOTE vote request: s0<-s2#0:OK-t0. Peer's state: s2@group-8FC42D5FF1AF:t0, leader=null, voted=, raftlog=Memoized:s2@group-8FC42D5FF1AF-SegmentedRaftLog:OPENED:c-1, conf=-1: peers:[s0|rpc:localhost:38803|admin:localhost:44025|client:localhost:46541|dataStream:localhost:33933|priority:0|startupRole:FOLLOWER, s1|rpc:localhost:33457|admin:localhost:44537|client:localhost:35509|dataStream:localhost:46497|priority:0|startupRole:FOLLOWER, s2|rpc:localhost:33809|admin:localhost:34515|client:localhost:37595|dataStream:localhost:37379|priority:0|startupRole:FOLLOWER]|listeners:[], old=null
2023-03-17 00:25:03,769 [s0@group-8FC42D5FF1AF-LeaderElection42] INFO  impl.LeaderElection (LeaderElection.java:logAndReturn(89)) - s0@group-8FC42D5FF1AF-LeaderElection42: PRE_VOTE PASSED received 1 response(s) and 0 exception(s):
2023-03-17 00:25:03,769 [s0@group-8FC42D5FF1AF-LeaderElection42] INFO  impl.LeaderElection (LeaderElection.java:logAndReturn(93)) -   Response 0: s0<-s2#0:OK-t0
2023-03-17 00:25:03,769 [s0@group-8FC42D5FF1AF-LeaderElection42] INFO  impl.LeaderElection (LeaderElection.java:askForVotes(322)) - s0@group-8FC42D5FF1AF-LeaderElection42 PRE_VOTE round 0: result PASSED
2023-03-17 00:25:03,770 [grpc-default-executor-0] INFO  server.RaftServer$Division (RaftServerImpl.java:requestVote(1303)) - s1@group-8FC42D5FF1AF: receive requestVote(PRE_VOTE, s0, group-8FC42D5FF1AF, 0, (t:0, i:0))
2023-03-17 00:25:03,770 [grpc-default-executor-0] INFO  impl.VoteContext (VoteContext.java:log(49)) - s1@group-8FC42D5FF1AF-FOLLOWER: accept PRE_VOTE from s0: our priority 0 <= candidate's priority 0
2023-03-17 00:25:03,770 [grpc-default-executor-0] INFO  server.RaftServer$Division (RaftServerImpl.java:requestVote(1336)) - s1@group-8FC42D5FF1AF replies to PRE_VOTE vote request: s0<-s1#0:OK-t0. Peer's state: s1@group-8FC42D5FF1AF:t0, leader=null, voted=, raftlog=Memoized:s1@group-8FC42D5FF1AF-SegmentedRaftLog:OPENED:c-1, conf=-1: peers:[s0|rpc:localhost:38803|admin:localhost:44025|client:localhost:46541|dataStream:localhost:33933|priority:0|startupRole:FOLLOWER, s1|rpc:localhost:33457|admin:localhost:44537|client:localhost:35509|dataStream:localhost:46497|priority:0|startupRole:FOLLOWER, s2|rpc:localhost:33809|admin:localhost:34515|client:localhost:37595|dataStream:localhost:37379|priority:0|startupRole:FOLLOWER]|listeners:[], old=null
2023-03-17 00:25:03,771 [s0@group-8FC42D5FF1AF-LeaderElection42] INFO  impl.LeaderElection (LeaderElection.java:askForVotes(320)) - s0@group-8FC42D5FF1AF-LeaderElection42 ELECTION round 0: submit vote requests at term 1 for -1: peers:[s0|rpc:localhost:38803|admin:localhost:44025|client:localhost:46541|dataStream:localhost:33933|priority:0|startupRole:FOLLOWER, s1|rpc:localhost:33457|admin:localhost:44537|client:localhost:35509|dataStream:localhost:46497|priority:0|startupRole:FOLLOWER, s2|rpc:localhost:33809|admin:localhost:34515|client:localhost:37595|dataStream:localhost:37379|priority:0|startupRole:FOLLOWER]|listeners:[], old=null
2023-03-17 00:25:03,771 [s0@group-8FC42D5FF1AF-LeaderElection42] INFO  server.RaftServerConfigKeys (ConfUtils.java:logFallback(53)) - raft.server.rpc.first-election.timeout.min = 150ms (fallback to raft.server.rpc.timeout.min)
2023-03-17 00:25:03,771 [s0@group-8FC42D5FF1AF-LeaderElection42] INFO  server.RaftServerConfigKeys (ConfUtils.java:logFallback(53)) - raft.server.rpc.first-election.timeout.max = 300ms (fallback to raft.server.rpc.timeout.max)
2023-03-17 00:25:03,772 [grpc-default-executor-0] INFO  server.RaftServer$Division (RaftServerImpl.java:requestVote(1303)) - s1@group-8FC42D5FF1AF: receive requestVote(ELECTION, s0, group-8FC42D5FF1AF, 1, (t:0, i:0))
2023-03-17 00:25:03,772 [grpc-default-executor-0] INFO  impl.VoteContext (VoteContext.java:log(49)) - s1@group-8FC42D5FF1AF-FOLLOWER: accept ELECTION from s0: our priority 0 <= candidate's priority 0
2023-03-17 00:25:03,772 [grpc-default-executor-0] INFO  server.RaftServer$Division (RaftServerImpl.java:setRole(329)) - s1@group-8FC42D5FF1AF: changes role from  FOLLOWER to FOLLOWER at term 1 for candidate:s0
2023-03-17 00:25:03,772 [grpc-default-executor-3] INFO  server.RaftServer$Division (RaftServerImpl.java:requestVote(1303)) - s2@group-8FC42D5FF1AF: receive requestVote(ELECTION, s0, group-8FC42D5FF1AF, 1, (t:0, i:0))
2023-03-17 00:25:03,772 [grpc-default-executor-0] INFO  impl.RoleInfo (RoleInfo.java:shutdownFollowerState(110)) - s1: shutdown s1@group-8FC42D5FF1AF-FollowerState
2023-03-17 00:25:03,772 [grpc-default-executor-3] INFO  impl.VoteContext (VoteContext.java:log(49)) - s2@group-8FC42D5FF1AF-FOLLOWER: accept ELECTION from s0: our priority 0 <= candidate's priority 0
2023-03-17 00:25:03,772 [grpc-default-executor-0] INFO  impl.RoleInfo (RoleInfo.java:updateAndGet(139)) - s1: start s1@group-8FC42D5FF1AF-FollowerState
2023-03-17 00:25:03,772 [s1@group-8FC42D5FF1AF-FollowerState] INFO  impl.FollowerState (FollowerState.java:run(152)) - s1@group-8FC42D5FF1AF-FollowerState was interrupted
2023-03-17 00:25:03,772 [grpc-default-executor-3] INFO  server.RaftServer$Division (RaftServerImpl.java:setRole(329)) - s2@group-8FC42D5FF1AF: changes role from  FOLLOWER to FOLLOWER at term 1 for candidate:s0
2023-03-17 00:25:03,772 [grpc-default-executor-3] INFO  impl.RoleInfo (RoleInfo.java:shutdownFollowerState(110)) - s2: shutdown s2@group-8FC42D5FF1AF-FollowerState
2023-03-17 00:25:03,772 [grpc-default-executor-3] INFO  impl.RoleInfo (RoleInfo.java:updateAndGet(139)) - s2: start s2@group-8FC42D5FF1AF-FollowerState
2023-03-17 00:25:03,772 [s2@group-8FC42D5FF1AF-FollowerState] INFO  impl.FollowerState (FollowerState.java:run(152)) - s2@group-8FC42D5FF1AF-FollowerState was interrupted
2023-03-17 00:25:03,772 [s1@group-8FC42D5FF1AF-FollowerState] INFO  server.RaftServerConfigKeys (ConfUtils.java:logFallback(53)) - raft.server.rpc.first-election.timeout.min = 150ms (fallback to raft.server.rpc.timeout.min)
2023-03-17 00:25:03,773 [s1@group-8FC42D5FF1AF-FollowerState] INFO  server.RaftServerConfigKeys (ConfUtils.java:logFallback(53)) - raft.server.rpc.first-election.timeout.max = 300ms (fallback to raft.server.rpc.timeout.max)
2023-03-17 00:25:03,773 [s2@group-8FC42D5FF1AF-FollowerState] INFO  server.RaftServerConfigKeys (ConfUtils.java:logFallback(53)) - raft.server.rpc.first-election.timeout.min = 150ms (fallback to raft.server.rpc.timeout.min)
2023-03-17 00:25:03,773 [s2@group-8FC42D5FF1AF-FollowerState] INFO  server.RaftServerConfigKeys (ConfUtils.java:logFallback(53)) - raft.server.rpc.first-election.timeout.max = 300ms (fallback to raft.server.rpc.timeout.max)
2023-03-17 00:25:03,773 [grpc-default-executor-0] INFO  server.RaftServer$Division (RaftServerImpl.java:requestVote(1336)) - s1@group-8FC42D5FF1AF replies to ELECTION vote request: s0<-s1#0:OK-t1. Peer's state: s1@group-8FC42D5FF1AF:t1, leader=null, voted=s0, raftlog=Memoized:s1@group-8FC42D5FF1AF-SegmentedRaftLog:OPENED:c-1, conf=-1: peers:[s0|rpc:localhost:38803|admin:localhost:44025|client:localhost:46541|dataStream:localhost:33933|priority:0|startupRole:FOLLOWER, s1|rpc:localhost:33457|admin:localhost:44537|client:localhost:35509|dataStream:localhost:46497|priority:0|startupRole:FOLLOWER, s2|rpc:localhost:33809|admin:localhost:34515|client:localhost:37595|dataStream:localhost:37379|priority:0|startupRole:FOLLOWER]|listeners:[], old=null
2023-03-17 00:25:03,773 [grpc-default-executor-3] INFO  server.RaftServer$Division (RaftServerImpl.java:requestVote(1336)) - s2@group-8FC42D5FF1AF replies to ELECTION vote request: s0<-s2#0:OK-t1. Peer's state: s2@group-8FC42D5FF1AF:t1, leader=null, voted=s0, raftlog=Memoized:s2@group-8FC42D5FF1AF-SegmentedRaftLog:OPENED:c-1, conf=-1: peers:[s0|rpc:localhost:38803|admin:localhost:44025|client:localhost:46541|dataStream:localhost:33933|priority:0|startupRole:FOLLOWER, s1|rpc:localhost:33457|admin:localhost:44537|client:localhost:35509|dataStream:localhost:46497|priority:0|startupRole:FOLLOWER, s2|rpc:localhost:33809|admin:localhost:34515|client:localhost:37595|dataStream:localhost:37379|priority:0|startupRole:FOLLOWER]|listeners:[], old=null
2023-03-17 00:25:03,774 [s0@group-8FC42D5FF1AF-LeaderElection42] INFO  impl.LeaderElection (LeaderElection.java:logAndReturn(89)) - s0@group-8FC42D5FF1AF-LeaderElection42: ELECTION PASSED received 1 response(s) and 0 exception(s):
2023-03-17 00:25:03,774 [s0@group-8FC42D5FF1AF-LeaderElection42] INFO  impl.LeaderElection (LeaderElection.java:logAndReturn(93)) -   Response 0: s0<-s1#0:OK-t1
2023-03-17 00:25:03,774 [s0@group-8FC42D5FF1AF-LeaderElection42] INFO  impl.LeaderElection (LeaderElection.java:askForVotes(322)) - s0@group-8FC42D5FF1AF-LeaderElection42 ELECTION round 0: result PASSED
2023-03-17 00:25:03,774 [s0@group-8FC42D5FF1AF-LeaderElection42] INFO  impl.RoleInfo (RoleInfo.java:shutdownLeaderElection(130)) - s0: shutdown s0@group-8FC42D5FF1AF-LeaderElection42
2023-03-17 00:25:03,774 [s0@group-8FC42D5FF1AF-LeaderElection42] INFO  server.RaftServer$Division (RaftServerImpl.java:setRole(329)) - s0@group-8FC42D5FF1AF: changes role from CANDIDATE to LEADER at term 1 for changeToLeader
2023-03-17 00:25:03,774 [s0@group-8FC42D5FF1AF-LeaderElection42] INFO  server.RaftServer$Division (ServerState.java:setLeader(260)) - s0@group-8FC42D5FF1AF: change Leader from null to s0 at term 1 for becomeLeader, leader elected after 189ms
2023-03-17 00:25:03,774 [s0@group-8FC42D5FF1AF-LeaderElection42] INFO  server.RaftServerConfigKeys (ConfUtils.java:logGet(46)) - raft.server.staging.catchup.gap = 10 (custom)
2023-03-17 00:25:03,774 [s0@group-8FC42D5FF1AF-LeaderElection42] INFO  server.RaftServerConfigKeys (ConfUtils.java:logGet(46)) - raft.server.write.element-limit = 4096 (default)
2023-03-17 00:25:03,774 [s0@group-8FC42D5FF1AF-LeaderElection42] INFO  server.RaftServerConfigKeys (ConfUtils.java:logGet(46)) - raft.server.write.byte-limit = 64MB (=67108864) (default)
2023-03-17 00:25:03,774 [s0@group-8FC42D5FF1AF-LeaderElection42] INFO  server.RaftServerConfigKeys (ConfUtils.java:logGet(46)) - raft.server.watch.timeout = 10s (default)
2023-03-17 00:25:03,774 [s0@group-8FC42D5FF1AF-LeaderElection42] INFO  server.RaftServerConfigKeys (ConfUtils.java:logGet(46)) - raft.server.watch.timeout.denomination = 1s (default)
2023-03-17 00:25:03,774 [s0@group-8FC42D5FF1AF-LeaderElection42] INFO  server.RaftServerConfigKeys (ConfUtils.java:logGet(46)) - raft.server.watch.element-limit = 65536 (default)
2023-03-17 00:25:03,774 [s0@group-8FC42D5FF1AF-LeaderElection42] INFO  server.RaftServerConfigKeys (ConfUtils.java:logGet(46)) - raft.server.write.element-limit = 4096 (default)
2023-03-17 00:25:03,774 [s0@group-8FC42D5FF1AF-LeaderElection42] INFO  server.RaftServerConfigKeys (ConfUtils.java:logGet(46)) - raft.server.write.follower.gap.ratio.max = -1.0 (default)
2023-03-17 00:25:03,774 [s0@group-8FC42D5FF1AF-LeaderElection42] INFO  server.RaftServerConfigKeys (ConfUtils.java:logGet(46)) - raft.server.log.appender.snapshot.chunk.size.max = 16MB (=16777216) (default)
2023-03-17 00:25:03,774 [s0@group-8FC42D5FF1AF-LeaderElection42] INFO  server.RaftServerConfigKeys (ConfUtils.java:logGet(46)) - raft.server.log.appender.buffer.byte-limit = 4MB (=4194304) (default)
2023-03-17 00:25:03,774 [s0@group-8FC42D5FF1AF-LeaderElection42] INFO  server.RaftServerConfigKeys (ConfUtils.java:logGet(46)) - raft.server.log.appender.buffer.element-limit = 0 (default)
2023-03-17 00:25:03,775 [s0@group-8FC42D5FF1AF-LeaderElection42] INFO  server.RaftServerConfigKeys (ConfUtils.java:logGet(46)) - raft.server.log.appender.wait-time.min = 10ms (default)
2023-03-17 00:25:03,775 [s0@group-8FC42D5FF1AF-LeaderElection42] INFO  grpc.GrpcConfigKeys (ConfUtils.java:logGet(46)) - raft.grpc.server.leader.outstanding.appends.max = 128 (default)
2023-03-17 00:25:03,775 [s0@group-8FC42D5FF1AF-LeaderElection42] INFO  server.RaftServerConfigKeys (ConfUtils.java:logGet(46)) - raft.server.rpc.request.timeout = 3000ms (default)
2023-03-17 00:25:03,775 [s0@group-8FC42D5FF1AF-LeaderElection42] INFO  grpc.GrpcConfigKeys (ConfUtils.java:logGet(46)) - raft.grpc.server.install_snapshot.request.element-limit = 8 (default)
2023-03-17 00:25:03,775 [s0@group-8FC42D5FF1AF-LeaderElection42] INFO  grpc.GrpcConfigKeys (ConfUtils.java:logGet(46)) - raft.grpc.server.install_snapshot.request.timeout = 3000ms (default)
2023-03-17 00:25:03,775 [s0@group-8FC42D5FF1AF-LeaderElection42] INFO  server.RaftServerConfigKeys (ConfUtils.java:logGet(46)) - raft.server.log.appender.install.snapshot.enabled = true (default)
2023-03-17 00:25:03,775 [s0@group-8FC42D5FF1AF-LeaderElection42] INFO  grpc.GrpcConfigKeys (ConfUtils.java:logGet(46)) - raft.grpc.server.heartbeat.channel = true (default)
2023-03-17 00:25:03,775 [s0@group-8FC42D5FF1AF-LeaderElection42] INFO  server.RaftServerConfigKeys (ConfUtils.java:logGet(46)) - raft.server.log.appender.snapshot.chunk.size.max = 16MB (=16777216) (default)
2023-03-17 00:25:03,775 [s0@group-8FC42D5FF1AF-LeaderElection42] INFO  server.RaftServerConfigKeys (ConfUtils.java:logGet(46)) - raft.server.log.appender.buffer.byte-limit = 4MB (=4194304) (default)
2023-03-17 00:25:03,775 [s0@group-8FC42D5FF1AF-LeaderElection42] INFO  server.RaftServerConfigKeys (ConfUtils.java:logGet(46)) - raft.server.log.appender.buffer.element-limit = 0 (default)
2023-03-17 00:25:03,775 [s0@group-8FC42D5FF1AF-LeaderElection42] INFO  server.RaftServerConfigKeys (ConfUtils.java:logGet(46)) - raft.server.log.appender.wait-time.min = 10ms (default)
2023-03-17 00:25:03,775 [s0@group-8FC42D5FF1AF-LeaderElection42] INFO  grpc.GrpcConfigKeys (ConfUtils.java:logGet(46)) - raft.grpc.server.leader.outstanding.appends.max = 128 (default)
2023-03-17 00:25:03,775 [s0@group-8FC42D5FF1AF-LeaderElection42] INFO  server.RaftServerConfigKeys (ConfUtils.java:logGet(46)) - raft.server.rpc.request.timeout = 3000ms (default)
2023-03-17 00:25:03,775 [s0@group-8FC42D5FF1AF-LeaderElection42] INFO  grpc.GrpcConfigKeys (ConfUtils.java:logGet(46)) - raft.grpc.server.install_snapshot.request.element-limit = 8 (default)
2023-03-17 00:25:03,775 [s0@group-8FC42D5FF1AF-LeaderElection42] INFO  grpc.GrpcConfigKeys (ConfUtils.java:logGet(46)) - raft.grpc.server.install_snapshot.request.timeout = 3000ms (default)
2023-03-17 00:25:03,775 [s0@group-8FC42D5FF1AF-LeaderElection42] INFO  server.RaftServerConfigKeys (ConfUtils.java:logGet(46)) - raft.server.log.appender.install.snapshot.enabled = true (default)
2023-03-17 00:25:03,775 [s0@group-8FC42D5FF1AF-LeaderElection42] INFO  grpc.GrpcConfigKeys (ConfUtils.java:logGet(46)) - raft.grpc.server.heartbeat.channel = true (default)
2023-03-17 00:25:03,775 [s0@group-8FC42D5FF1AF-LeaderElection42] INFO  impl.RoleInfo (RoleInfo.java:updateAndGet(139)) - s0: start s0@group-8FC42D5FF1AF-LeaderStateImpl
2023-03-17 00:25:03,775 [s0@group-8FC42D5FF1AF-LeaderElection42] INFO  segmented.SegmentedRaftLogWorker (SegmentedRaftLogWorker.java:startLogSegment(426)) - s0@group-8FC42D5FF1AF-SegmentedRaftLogWorker: Starting segment from index:0
2023-03-17 00:25:03,779 [s0@group-8FC42D5FF1AF-LeaderElection42] INFO  server.RaftServer$Division (ServerState.java:setRaftConf(378)) - s0@group-8FC42D5FF1AF: set configuration 0: peers:[s0|rpc:localhost:38803|admin:localhost:44025|client:localhost:46541|dataStream:localhost:33933|priority:0|startupRole:FOLLOWER, s1|rpc:localhost:33457|admin:localhost:44537|client:localhost:35509|dataStream:localhost:46497|priority:0|startupRole:FOLLOWER, s2|rpc:localhost:33809|admin:localhost:34515|client:localhost:37595|dataStream:localhost:37379|priority:0|startupRole:FOLLOWER]|listeners:[], old=null
2023-03-17 00:25:03,786 [s0@group-8FC42D5FF1AF-SegmentedRaftLogWorker] INFO  segmented.SegmentedRaftLogWorker (SegmentedRaftLogWorker.java:execute(630)) - s0@group-8FC42D5FF1AF-SegmentedRaftLogWorker: created new log segment /home/runner/work/ratis/ratis/ratis-test/target/test/data/ce6527c6/MiniRaftClusterWithGrpcf86a83d6/s0/a76324f6-3d35-4c0d-8bf8-8fc42d5ff1af/current/log_inprogress_0
2023-03-17 00:25:03,786 [s1-server-thread1] INFO  server.RaftServer$Division (ServerState.java:setLeader(260)) - s1@group-8FC42D5FF1AF: change Leader from null to s0 at term 1 for appendEntries, leader elected after 200ms
2023-03-17 00:25:03,787 [s2-server-thread1] INFO  server.RaftServer$Division (ServerState.java:setLeader(260)) - s2@group-8FC42D5FF1AF: change Leader from null to s0 at term 1 for appendEntries, leader elected after 192ms
2023-03-17 00:25:03,791 [s2-server-thread2] DEBUG server.RaftServer$Division (RaftServerImpl.java:logAppendEntries(1430)) - s2@group-8FC42D5FF1AF: receive appendEntries(s0, 1, null, -1, true, commits:[s0:c-1, s1:c-1, s2:c-1], cId:1, entries: [(t:1, i:0), CONFIGURATIONENTRY(current:id: "s0"
address: "localhost:38803"
dataStreamAddress: "localhost:33933"
clientAddress: "localhost:46541"
adminAddress: "localhost:44025"
startupRole: FOLLOWER
,id: "s1"
address: "localhost:33457"
dataStreamAddress: "localhost:46497"
clientAddress: "localhost:35509"
adminAddress: "localhost:44537"
startupRole: FOLLOWER
,id: "s2"
address: "localhost:33809"
dataStreamAddress: "localhost:37379"
clientAddress: "localhost:37595"
adminAddress: "localhost:34515"
startupRole: FOLLOWER
, old:)]
2023-03-17 00:25:03,791 [s2-server-thread2] INFO  server.RaftServer$Division (ServerState.java:setRaftConf(378)) - s2@group-8FC42D5FF1AF: set configuration 0: peers:[s0|rpc:localhost:38803|admin:localhost:44025|client:localhost:46541|dataStream:localhost:33933|priority:0|startupRole:FOLLOWER, s1|rpc:localhost:33457|admin:localhost:44537|client:localhost:35509|dataStream:localhost:46497|priority:0|startupRole:FOLLOWER, s2|rpc:localhost:33809|admin:localhost:34515|client:localhost:37595|dataStream:localhost:37379|priority:0|startupRole:FOLLOWER]|listeners:[], old=null
2023-03-17 00:25:03,791 [s2-server-thread2] INFO  segmented.SegmentedRaftLogWorker (SegmentedRaftLogWorker.java:startLogSegment(426)) - s2@group-8FC42D5FF1AF-SegmentedRaftLogWorker: Starting segment from index:0
2023-03-17 00:25:03,795 [s1-server-thread2] DEBUG server.RaftServer$Division (RaftServerImpl.java:logAppendEntries(1430)) - s1@group-8FC42D5FF1AF: receive appendEntries(s0, 1, null, -1, true, commits:[s0:c-1, s1:c-1, s2:c-1], cId:1, entries: [(t:1, i:0), CONFIGURATIONENTRY(current:id: "s0"
address: "localhost:38803"
dataStreamAddress: "localhost:33933"
clientAddress: "localhost:46541"
adminAddress: "localhost:44025"
startupRole: FOLLOWER
,id: "s1"
address: "localhost:33457"
dataStreamAddress: "localhost:46497"
clientAddress: "localhost:35509"
adminAddress: "localhost:44537"
startupRole: FOLLOWER
,id: "s2"
address: "localhost:33809"
dataStreamAddress: "localhost:37379"
clientAddress: "localhost:37595"
adminAddress: "localhost:34515"
startupRole: FOLLOWER
, old:)]
2023-03-17 00:25:03,795 [s1-server-thread2] INFO  server.RaftServer$Division (ServerState.java:setRaftConf(378)) - s1@group-8FC42D5FF1AF: set configuration 0: peers:[s0|rpc:localhost:38803|admin:localhost:44025|client:localhost:46541|dataStream:localhost:33933|priority:0|startupRole:FOLLOWER, s1|rpc:localhost:33457|admin:localhost:44537|client:localhost:35509|dataStream:localhost:46497|priority:0|startupRole:FOLLOWER, s2|rpc:localhost:33809|admin:localhost:34515|client:localhost:37595|dataStream:localhost:37379|priority:0|startupRole:FOLLOWER]|listeners:[], old=null
2023-03-17 00:25:03,795 [s1-server-thread2] INFO  segmented.SegmentedRaftLogWorker (SegmentedRaftLogWorker.java:startLogSegment(426)) - s1@group-8FC42D5FF1AF-SegmentedRaftLogWorker: Starting segment from index:0
2023-03-17 00:25:03,807 [s1@group-8FC42D5FF1AF-SegmentedRaftLogWorker] INFO  segmented.SegmentedRaftLogWorker (SegmentedRaftLogWorker.java:execute(630)) - s1@group-8FC42D5FF1AF-SegmentedRaftLogWorker: created new log segment /home/runner/work/ratis/ratis/ratis-test/target/test/data/ce6527c6/MiniRaftClusterWithGrpcf86a83d6/s1/a76324f6-3d35-4c0d-8bf8-8fc42d5ff1af/current/log_inprogress_0
2023-03-17 00:25:03,807 [s1-server-thread2] DEBUG server.RaftServer$Division (RaftServerImpl.java:logAppendEntries(1430)) - s1@group-8FC42D5FF1AF: succeeded to handle AppendEntries. Reply: s0<-s1#1:OK-t1,SUCCESS,nextIndex=1,followerCommit=-1,matchIndex=0
2023-03-17 00:25:03,819 [s2@group-8FC42D5FF1AF-SegmentedRaftLogWorker] INFO  segmented.SegmentedRaftLogWorker (SegmentedRaftLogWorker.java:execute(630)) - s2@group-8FC42D5FF1AF-SegmentedRaftLogWorker: created new log segment /home/runner/work/ratis/ratis/ratis-test/target/test/data/ce6527c6/MiniRaftClusterWithGrpcf86a83d6/s2/a76324f6-3d35-4c0d-8bf8-8fc42d5ff1af/current/log_inprogress_0
2023-03-17 00:25:03,821 [s2-server-thread2] DEBUG server.RaftServer$Division (RaftServerImpl.java:logAppendEntries(1430)) - s2@group-8FC42D5FF1AF: succeeded to handle AppendEntries. Reply: s0<-s2#1:OK-t1,SUCCESS,nextIndex=1,followerCommit=-1,matchIndex=0
2023-03-17 00:25:04,083 [Time-limited test] INFO  ratis.RaftTestUtil (RaftTestUtil.java:waitForLeader(119)) - printing ALL groups
  s0:  RUNNING    LEADER s0@group-8FC42D5FF1AF:t1, leader=s0, voted=s0, raftlog=Memoized:s0@group-8FC42D5FF1AF-SegmentedRaftLog:OPENED:c0, conf=0: peers:[s0|rpc:localhost:38803|admin:localhost:44025|client:localhost:46541|dataStream:localhost:33933|priority:0|startupRole:FOLLOWER, s1|rpc:localhost:33457|admin:localhost:44537|client:localhost:35509|dataStream:localhost:46497|priority:0|startupRole:FOLLOWER, s2|rpc:localhost:33809|admin:localhost:34515|client:localhost:37595|dataStream:localhost:37379|priority:0|startupRole:FOLLOWER]|listeners:[], old=null RUNNING
  s1:  RUNNING  FOLLOWER s1@group-8FC42D5FF1AF:t1, leader=s0, voted=s0, raftlog=Memoized:s1@group-8FC42D5FF1AF-SegmentedRaftLog:OPENED:c0, conf=0: peers:[s0|rpc:localhost:38803|admin:localhost:44025|client:localhost:46541|dataStream:localhost:33933|priority:0|startupRole:FOLLOWER, s1|rpc:localhost:33457|admin:localhost:44537|client:localhost:35509|dataStream:localhost:46497|priority:0|startupRole:FOLLOWER, s2|rpc:localhost:33809|admin:localhost:34515|client:localhost:37595|dataStream:localhost:37379|priority:0|startupRole:FOLLOWER]|listeners:[], old=null RUNNING
  s2:  RUNNING  FOLLOWER s2@group-8FC42D5FF1AF:t1, leader=s0, voted=s0, raftlog=Memoized:s2@group-8FC42D5FF1AF-SegmentedRaftLog:OPENED:c0, conf=0: peers:[s0|rpc:localhost:38803|admin:localhost:44025|client:localhost:46541|dataStream:localhost:33933|priority:0|startupRole:FOLLOWER, s1|rpc:localhost:33457|admin:localhost:44537|client:localhost:35509|dataStream:localhost:46497|priority:0|startupRole:FOLLOWER, s2|rpc:localhost:33809|admin:localhost:34515|client:localhost:37595|dataStream:localhost:37379|priority:0|startupRole:FOLLOWER]|listeners:[], old=null RUNNING
2023-03-17 00:25:04,100 [s0-client-thread1] DEBUG server.RaftServer$Division (RaftServerImpl.java:submitClientRequestAsync(835)) - s0@group-8FC42D5FF1AF: receive client request(RaftClientRequest:client-963B1624FA6A->s0@group-8FC42D5FF1AF, cid=55, seq=0, RW, Message:6d30)
2023-03-17 00:25:04,100 [s0-client-thread1] DEBUG server.RaftServer$Division (LeaderStateImpl.java:addPendingRequest(474)) - s0@group-8FC42D5FF1AF-LeaderStateImpl: addPendingRequest at RaftClientRequest:client-963B1624FA6A->s0@group-8FC42D5FF1AF, cid=55, seq=0, RW, Message:6d30, entry=(t:1, i:1), STATEMACHINELOGENTRY, 55@client-963B1624FA6A
2023-03-17 00:25:04,101 [s2-server-thread1] DEBUG server.RaftServer$Division (RaftServerImpl.java:logAppendEntries(1430)) - s2@group-8FC42D5FF1AF: receive appendEntries(s0, 1, (t:1, i:0), 0, true, commits:[s0:c0, s1:c0, s2:c0], cId:17891, entries: [(t:1, i:1), STATEMACHINELOGENTRY, 55@client-963B1624FA6A]
2023-03-17 00:25:04,101 [s1-server-thread1] DEBUG server.RaftServer$Division (RaftServerImpl.java:logAppendEntries(1430)) - s1@group-8FC42D5FF1AF: receive appendEntries(s0, 1, (t:1, i:0), 0, true, commits:[s0:c0, s1:c0, s2:c0], cId:49881, entries: [(t:1, i:1), STATEMACHINELOGENTRY, 55@client-963B1624FA6A]
2023-03-17 00:25:04,102 [s2-server-thread1] DEBUG server.RaftServer$Division (RaftServerImpl.java:logAppendEntries(1430)) - s2@group-8FC42D5FF1AF: succeeded to handle AppendEntries. Reply: s0<-s2#17891:OK-t1,SUCCESS,nextIndex=2,followerCommit=0,matchIndex=1
2023-03-17 00:25:04,102 [s1-server-thread1] DEBUG server.RaftServer$Division (RaftServerImpl.java:logAppendEntries(1430)) - s1@group-8FC42D5FF1AF: succeeded to handle AppendEntries. Reply: s0<-s1#49881:OK-t1,SUCCESS,nextIndex=2,followerCommit=0,matchIndex=1
2023-03-17 00:25:04,109 [s0-client-thread1] DEBUG server.RaftServer$Division (RaftServerImpl.java:submitClientRequestAsync(835)) - s0@group-8FC42D5FF1AF: receive client request(RaftClientRequest:client-963B1624FA6A->s0@group-8FC42D5FF1AF, cid=56, seq=0, RW, Message:6d31)
2023-03-17 00:25:04,109 [s0-client-thread1] DEBUG server.RaftServer$Division (LeaderStateImpl.java:addPendingRequest(474)) - s0@group-8FC42D5FF1AF-LeaderStateImpl: addPendingRequest at RaftClientRequest:client-963B1624FA6A->s0@group-8FC42D5FF1AF, cid=56, seq=0, RW, Message:6d31, entry=(t:1, i:3), STATEMACHINELOGENTRY, 56@client-963B1624FA6A
2023-03-17 00:25:04,112 [s1-server-thread1] DEBUG server.RaftServer$Division (RaftServerImpl.java:logAppendEntries(1430)) - s1@group-8FC42D5FF1AF: receive appendEntries(s0, 1, (t:1, i:1), 1, true, commits:[s0:c1, s1:c0, s2:c0], cId:49882, entries: [(t:1, i:2), METADATAENTRY(c:1)]
2023-03-17 00:25:04,112 [s2-server-thread1] DEBUG server.RaftServer$Division (RaftServerImpl.java:logAppendEntries(1430)) - s2@group-8FC42D5FF1AF: receive appendEntries(s0, 1, (t:1, i:1), 1, true, commits:[s0:c1, s1:c0, s2:c0], cId:17892, entries: [(t:1, i:2), METADATAENTRY(c:1)]
2023-03-17 00:25:04,112 [s1-server-thread1] DEBUG server.RaftServer$Division (RaftServerImpl.java:logAppendEntries(1430)) - s1@group-8FC42D5FF1AF: succeeded to handle AppendEntries. Reply: s0<-s1#49882:OK-t1,SUCCESS,nextIndex=3,followerCommit=1,matchIndex=2
2023-03-17 00:25:04,113 [s2-server-thread1] DEBUG server.RaftServer$Division (RaftServerImpl.java:logAppendEntries(1430)) - s2@group-8FC42D5FF1AF: succeeded to handle AppendEntries. Reply: s0<-s2#17892:OK-t1,SUCCESS,nextIndex=3,followerCommit=1,matchIndex=2
2023-03-17 00:25:04,122 [s2-server-thread1] DEBUG server.RaftServer$Division (RaftServerImpl.java:logAppendEntries(1430)) - s2@group-8FC42D5FF1AF: receive appendEntries(s0, 1, (t:1, i:2), 1, true, commits:[s0:c1, s1:c1, s2:c0], cId:17893, entries: [(t:1, i:3), STATEMACHINELOGENTRY, 56@client-963B1624FA6A]
2023-03-17 00:25:04,123 [s1-server-thread1] DEBUG server.RaftServer$Division (RaftServerImpl.java:logAppendEntries(1430)) - s1@group-8FC42D5FF1AF: receive appendEntries(s0, 1, (t:1, i:2), 2, true, commits:[s0:c2, s1:c1, s2:c1], cId:49883, entries: [(t:1, i:3), STATEMACHINELOGENTRY, 56@client-963B1624FA6A]
2023-03-17 00:25:04,123 [s2-server-thread1] DEBUG server.RaftServer$Division (RaftServerImpl.java:logAppendEntries(1430)) - s2@group-8FC42D5FF1AF: succeeded to handle AppendEntries. Reply: s0<-s2#17893:OK-t1,SUCCESS,nextIndex=4,followerCommit=1,matchIndex=3
2023-03-17 00:25:04,124 [s1-server-thread1] DEBUG server.RaftServer$Division (RaftServerImpl.java:logAppendEntries(1430)) - s1@group-8FC42D5FF1AF: succeeded to handle AppendEntries. Reply: s0<-s1#49883:OK-t1,SUCCESS,nextIndex=4,followerCommit=2,matchIndex=3
2023-03-17 00:25:04,130 [s0-client-thread1] DEBUG server.RaftServer$Division (RaftServerImpl.java:submitClientRequestAsync(835)) - s0@group-8FC42D5FF1AF: receive client request(RaftClientRequest:client-963B1624FA6A->s0@group-8FC42D5FF1AF, cid=57, seq=0, RW, Message:6d32)
2023-03-17 00:25:04,130 [s0-client-thread1] DEBUG server.RaftServer$Division (LeaderStateImpl.java:addPendingRequest(474)) - s0@group-8FC42D5FF1AF-LeaderStateImpl: addPendingRequest at RaftClientRequest:client-963B1624FA6A->s0@group-8FC42D5FF1AF, cid=57, seq=0, RW, Message:6d32, entry=(t:1, i:5), STATEMACHINELOGENTRY, 57@client-963B1624FA6A
2023-03-17 00:25:04,132 [s2-server-thread1] DEBUG server.RaftServer$Division (RaftServerImpl.java:logAppendEntries(1430)) - s2@group-8FC42D5FF1AF: receive appendEntries(s0, 1, (t:1, i:3), 3, true, commits:[s0:c3, s1:c1, s2:c1], cId:17895, entries: [(t:1, i:4), METADATAENTRY(c:3)]
2023-03-17 00:25:04,133 [s1-server-thread1] DEBUG server.RaftServer$Division (RaftServerImpl.java:logAppendEntries(1430)) - s1@group-8FC42D5FF1AF: receive appendEntries(s0, 1, (t:1, i:3), 3, true, commits:[s0:c3, s1:c2, s2:c1], cId:49884, entries: [(t:1, i:4), METADATAENTRY(c:3)]
2023-03-17 00:25:04,133 [s2-server-thread1] DEBUG server.RaftServer$Division (RaftServerImpl.java:logAppendEntries(1430)) - s2@group-8FC42D5FF1AF: succeeded to handle AppendEntries. Reply: s0<-s2#17895:OK-t1,SUCCESS,nextIndex=5,followerCommit=3,matchIndex=4
2023-03-17 00:25:04,133 [s1-server-thread1] DEBUG server.RaftServer$Division (RaftServerImpl.java:logAppendEntries(1430)) - s1@group-8FC42D5FF1AF: succeeded to handle AppendEntries. Reply: s0<-s1#49884:OK-t1,SUCCESS,nextIndex=5,followerCommit=3,matchIndex=4
2023-03-17 00:25:04,143 [s2-server-thread1] DEBUG server.RaftServer$Division (RaftServerImpl.java:logAppendEntries(1430)) - s2@group-8FC42D5FF1AF: receive appendEntries(s0, 1, (t:1, i:4), 3, true, commits:[s0:c3, s1:c2, s2:c3], cId:17896, entries: [(t:1, i:5), STATEMACHINELOGENTRY, 57@client-963B1624FA6A]
2023-03-17 00:25:04,144 [s1-server-thread1] DEBUG server.RaftServer$Division (RaftServerImpl.java:logAppendEntries(1430)) - s1@group-8FC42D5FF1AF: receive appendEntries(s0, 1, (t:1, i:4), 4, true, commits:[s0:c4, s1:c3, s2:c3], cId:49885, entries: [(t:1, i:5), STATEMACHINELOGENTRY, 57@client-963B1624FA6A]
2023-03-17 00:25:04,144 [s2-server-thread1] DEBUG server.RaftServer$Division (RaftServerImpl.java:logAppendEntries(1430)) - s2@group-8FC42D5FF1AF: succeeded to handle AppendEntries. Reply: s0<-s2#17896:OK-t1,SUCCESS,nextIndex=6,followerCommit=3,matchIndex=5
2023-03-17 00:25:04,144 [s1-server-thread1] DEBUG server.RaftServer$Division (RaftServerImpl.java:logAppendEntries(1430)) - s1@group-8FC42D5FF1AF: succeeded to handle AppendEntries. Reply: s0<-s1#49885:OK-t1,SUCCESS,nextIndex=6,followerCommit=4,matchIndex=5
2023-03-17 00:25:04,146 [s0-client-thread1] DEBUG server.RaftServer$Division (RaftServerImpl.java:submitClientRequestAsync(835)) - s0@group-8FC42D5FF1AF: receive client request(RaftClientRequest:client-963B1624FA6A->s0@group-8FC42D5FF1AF, cid=58, seq=0, RW, Message:6d33)
2023-03-17 00:25:04,146 [s0-client-thread1] DEBUG server.RaftServer$Division (LeaderStateImpl.java:addPendingRequest(474)) - s0@group-8FC42D5FF1AF-LeaderStateImpl: addPendingRequest at RaftClientRequest:client-963B1624FA6A->s0@group-8FC42D5FF1AF, cid=58, seq=0, RW, Message:6d33, entry=(t:1, i:7), STATEMACHINELOGENTRY, 58@client-963B1624FA6A
2023-03-17 00:25:04,154 [s1-server-thread1] DEBUG server.RaftServer$Division (RaftServerImpl.java:logAppendEntries(1430)) - s1@group-8FC42D5FF1AF: receive appendEntries(s0, 1, (t:1, i:5), 5, true, commits:[s0:c5, s1:c3, s2:c3], cId:49886, entries: [(t:1, i:6), METADATAENTRY(c:5)]
2023-03-17 00:25:04,154 [s2-server-thread1] DEBUG server.RaftServer$Division (RaftServerImpl.java:logAppendEntries(1430)) - s2@group-8FC42D5FF1AF: receive appendEntries(s0, 1, (t:1, i:5), 5, true, commits:[s0:c5, s1:c3, s2:c3], cId:17898, entries: [(t:1, i:6), METADATAENTRY(c:5)]
2023-03-17 00:25:04,154 [s1-server-thread1] DEBUG server.RaftServer$Division (RaftServerImpl.java:logAppendEntries(1430)) - s1@group-8FC42D5FF1AF: succeeded to handle AppendEntries. Reply: s0<-s1#49886:OK-t1,SUCCESS,nextIndex=7,followerCommit=5,matchIndex=6
2023-03-17 00:25:04,155 [s2-server-thread1] DEBUG server.RaftServer$Division (RaftServerImpl.java:logAppendEntries(1430)) - s2@group-8FC42D5FF1AF: succeeded to handle AppendEntries. Reply: s0<-s2#17898:OK-t1,SUCCESS,nextIndex=7,followerCommit=5,matchIndex=6
2023-03-17 00:25:04,165 [s2-server-thread1] DEBUG server.RaftServer$Division (RaftServerImpl.java:logAppendEntries(1430)) - s2@group-8FC42D5FF1AF: receive appendEntries(s0, 1, (t:1, i:6), 5, true, commits:[s0:c5, s1:c5, s2:c3], cId:17899, entries: [(t:1, i:7), STATEMACHINELOGENTRY, 58@client-963B1624FA6A]
2023-03-17 00:25:04,165 [s1-server-thread1] DEBUG server.RaftServer$Division (RaftServerImpl.java:logAppendEntries(1430)) - s1@group-8FC42D5FF1AF: receive appendEntries(s0, 1, (t:1, i:6), 6, true, commits:[s0:c6, s1:c5, s2:c3], cId:49887, entries: [(t:1, i:7), STATEMACHINELOGENTRY, 58@client-963B1624FA6A]
2023-03-17 00:25:04,165 [s2-server-thread1] DEBUG server.RaftServer$Division (RaftServerImpl.java:logAppendEntries(1430)) - s2@group-8FC42D5FF1AF: succeeded to handle AppendEntries. Reply: s0<-s2#17899:OK-t1,SUCCESS,nextIndex=8,followerCommit=5,matchIndex=7
2023-03-17 00:25:04,166 [s1-server-thread1] DEBUG server.RaftServer$Division (RaftServerImpl.java:logAppendEntries(1430)) - s1@group-8FC42D5FF1AF: succeeded to handle AppendEntries. Reply: s0<-s1#49887:OK-t1,SUCCESS,nextIndex=8,followerCommit=6,matchIndex=7
2023-03-17 00:25:04,167 [s0-client-thread1] DEBUG server.RaftServer$Division (RaftServerImpl.java:submitClientRequestAsync(835)) - s0@group-8FC42D5FF1AF: receive client request(RaftClientRequest:client-963B1624FA6A->s0@group-8FC42D5FF1AF, cid=59, seq=0, RW, Message:6d34)
2023-03-17 00:25:04,168 [s0-client-thread1] DEBUG server.RaftServer$Division (LeaderStateImpl.java:addPendingRequest(474)) - s0@group-8FC42D5FF1AF-LeaderStateImpl: addPendingRequest at RaftClientRequest:client-963B1624FA6A->s0@group-8FC42D5FF1AF, cid=59, seq=0, RW, Message:6d34, entry=(t:1, i:9), STATEMACHINELOGENTRY, 59@client-963B1624FA6A
2023-03-17 00:25:04,176 [s1-server-thread1] DEBUG server.RaftServer$Division (RaftServerImpl.java:logAppendEntries(1430)) - s1@group-8FC42D5FF1AF: receive appendEntries(s0, 1, (t:1, i:7), 7, true, commits:[s0:c7, s1:c5, s2:c5], cId:49888, entries: [(t:1, i:8), METADATAENTRY(c:7)]
2023-03-17 00:25:04,176 [s2-server-thread1] DEBUG server.RaftServer$Division (RaftServerImpl.java:logAppendEntries(1430)) - s2@group-8FC42D5FF1AF: receive appendEntries(s0, 1, (t:1, i:7), 7, true, commits:[s0:c7, s1:c5, s2:c5], cId:17901, entries: [(t:1, i:8), METADATAENTRY(c:7)]
2023-03-17 00:25:04,176 [s2-server-thread1] DEBUG server.RaftServer$Division (RaftServerImpl.java:logAppendEntries(1430)) - s2@group-8FC42D5FF1AF: succeeded to handle AppendEntries. Reply: s0<-s2#17901:OK-t1,SUCCESS,nextIndex=9,followerCommit=7,matchIndex=8
2023-03-17 00:25:04,176 [s1-server-thread1] DEBUG server.RaftServer$Division (RaftServerImpl.java:logAppendEntries(1430)) - s1@group-8FC42D5FF1AF: succeeded to handle AppendEntries. Reply: s0<-s1#49888:OK-t1,SUCCESS,nextIndex=9,followerCommit=7,matchIndex=8
2023-03-17 00:25:04,186 [s1-server-thread1] DEBUG server.RaftServer$Division (RaftServerImpl.java:logAppendEntries(1430)) - s1@group-8FC42D5FF1AF: receive appendEntries(s0, 1, (t:1, i:8), 7, true, commits:[s0:c7, s1:c6, s2:c7], cId:49889, entries: [(t:1, i:9), STATEMACHINELOGENTRY, 59@client-963B1624FA6A]
2023-03-17 00:25:04,187 [s2-server-thread1] DEBUG server.RaftServer$Division (RaftServerImpl.java:logAppendEntries(1430)) - s2@group-8FC42D5FF1AF: receive appendEntries(s0, 1, (t:1, i:8), 7, true, commits:[s0:c7, s1:c6, s2:c7], cId:17902, entries: [(t:1, i:9), STATEMACHINELOGENTRY, 59@client-963B1624FA6A]
2023-03-17 00:25:04,187 [s1-server-thread1] DEBUG server.RaftServer$Division (RaftServerImpl.java:logAppendEntries(1430)) - s1@group-8FC42D5FF1AF: succeeded to handle AppendEntries. Reply: s0<-s1#49889:OK-t1,SUCCESS,nextIndex=10,followerCommit=7,matchIndex=9
2023-03-17 00:25:04,187 [s2-server-thread1] DEBUG server.RaftServer$Division (RaftServerImpl.java:logAppendEntries(1430)) - s2@group-8FC42D5FF1AF: succeeded to handle AppendEntries. Reply: s0<-s2#17902:OK-t1,SUCCESS,nextIndex=10,followerCommit=7,matchIndex=9
2023-03-17 00:25:04,189 [s0-client-thread1] DEBUG server.RaftServer$Division (RaftServerImpl.java:submitClientRequestAsync(835)) - s0@group-8FC42D5FF1AF: receive client request(RaftClientRequest:client-963B1624FA6A->s0@group-8FC42D5FF1AF, cid=60, seq=0, RW, Message:6d35)
2023-03-17 00:25:04,189 [s0-client-thread1] DEBUG server.RaftServer$Division (LeaderStateImpl.java:addPendingRequest(474)) - s0@group-8FC42D5FF1AF-LeaderStateImpl: addPendingRequest at RaftClientRequest:client-963B1624FA6A->s0@group-8FC42D5FF1AF, cid=60, seq=0, RW, Message:6d35, entry=(t:1, i:11), STATEMACHINELOGENTRY, 60@client-963B1624FA6A
2023-03-17 00:25:04,198 [s1-server-thread1] DEBUG server.RaftServer$Division (RaftServerImpl.java:logAppendEntries(1430)) - s1@group-8FC42D5FF1AF: receive appendEntries(s0, 1, (t:1, i:9), 9, true, commits:[s0:c9, s1:c7, s2:c7], cId:49891, entries: [(t:1, i:10), METADATAENTRY(c:9)]
2023-03-17 00:25:04,198 [s2-server-thread1] DEBUG server.RaftServer$Division (RaftServerImpl.java:logAppendEntries(1430)) - s2@group-8FC42D5FF1AF: receive appendEntries(s0, 1, (t:1, i:9), 9, true, commits:[s0:c9, s1:c7, s2:c7], cId:17903, entries: [(t:1, i:10), METADATAENTRY(c:9)]
2023-03-17 00:25:04,198 [s1-server-thread1] DEBUG server.RaftServer$Division (RaftServerImpl.java:logAppendEntries(1430)) - s1@group-8FC42D5FF1AF: succeeded to handle AppendEntries. Reply: s0<-s1#49891:OK-t1,SUCCESS,nextIndex=11,followerCommit=9,matchIndex=10
2023-03-17 00:25:04,198 [s2-server-thread1] DEBUG server.RaftServer$Division (RaftServerImpl.java:logAppendEntries(1430)) - s2@group-8FC42D5FF1AF: succeeded to handle AppendEntries. Reply: s0<-s2#17903:OK-t1,SUCCESS,nextIndex=11,followerCommit=9,matchIndex=10
2023-03-17 00:25:04,209 [s2-server-thread1] DEBUG server.RaftServer$Division (RaftServerImpl.java:logAppendEntries(1430)) - s2@group-8FC42D5FF1AF: receive appendEntries(s0, 1, (t:1, i:10), 9, true, commits:[s0:c9, s1:c9, s2:c9], cId:17904, entries: [(t:1, i:11), STATEMACHINELOGENTRY, 60@client-963B1624FA6A]
2023-03-17 00:25:04,209 [s1-server-thread1] DEBUG server.RaftServer$Division (RaftServerImpl.java:logAppendEntries(1430)) - s1@group-8FC42D5FF1AF: receive appendEntries(s0, 1, (t:1, i:10), 9, true, commits:[s0:c9, s1:c9, s2:c9], cId:49892, entries: [(t:1, i:11), STATEMACHINELOGENTRY, 60@client-963B1624FA6A]
2023-03-17 00:25:04,209 [s2-server-thread1] DEBUG server.RaftServer$Division (RaftServerImpl.java:logAppendEntries(1430)) - s2@group-8FC42D5FF1AF: succeeded to handle AppendEntries. Reply: s0<-s2#17904:OK-t1,SUCCESS,nextIndex=12,followerCommit=9,matchIndex=11
2023-03-17 00:25:04,209 [s1-server-thread1] DEBUG server.RaftServer$Division (RaftServerImpl.java:logAppendEntries(1430)) - s1@group-8FC42D5FF1AF: succeeded to handle AppendEntries. Reply: s0<-s1#49892:OK-t1,SUCCESS,nextIndex=12,followerCommit=9,matchIndex=11
2023-03-17 00:25:04,211 [s0-client-thread1] DEBUG server.RaftServer$Division (RaftServerImpl.java:submitClientRequestAsync(835)) - s0@group-8FC42D5FF1AF: receive client request(RaftClientRequest:client-963B1624FA6A->s0@group-8FC42D5FF1AF, cid=61, seq=0, RW, Message:6d36)
2023-03-17 00:25:04,211 [s0-client-thread1] DEBUG server.RaftServer$Division (LeaderStateImpl.java:addPendingRequest(474)) - s0@group-8FC42D5FF1AF-LeaderStateImpl: addPendingRequest at RaftClientRequest:client-963B1624FA6A->s0@group-8FC42D5FF1AF, cid=61, seq=0, RW, Message:6d36, entry=(t:1, i:13), STATEMACHINELOGENTRY, 61@client-963B1624FA6A
2023-03-17 00:25:04,219 [s2-server-thread1] DEBUG server.RaftServer$Division (RaftServerImpl.java:logAppendEntries(1430)) - s2@group-8FC42D5FF1AF: receive appendEntries(s0, 1, (t:1, i:11), 11, true, commits:[s0:c11, s1:c9, s2:c9], cId:17906, entries: [(t:1, i:12), METADATAENTRY(c:11)]
2023-03-17 00:25:04,219 [s1-server-thread1] DEBUG server.RaftServer$Division (RaftServerImpl.java:logAppendEntries(1430)) - s1@group-8FC42D5FF1AF: receive appendEntries(s0, 1, (t:1, i:11), 11, true, commits:[s0:c11, s1:c9, s2:c9], cId:49893, entries: [(t:1, i:12), METADATAENTRY(c:11)]
2023-03-17 00:25:04,220 [s1-server-thread1] DEBUG server.RaftServer$Division (RaftServerImpl.java:logAppendEntries(1430)) - s1@group-8FC42D5FF1AF: succeeded to handle AppendEntries. Reply: s0<-s1#49893:OK-t1,SUCCESS,nextIndex=13,followerCommit=11,matchIndex=12
2023-03-17 00:25:04,220 [s2-server-thread1] DEBUG server.RaftServer$Division (RaftServerImpl.java:logAppendEntries(1430)) - s2@group-8FC42D5FF1AF: succeeded to handle AppendEntries. Reply: s0<-s2#17906:OK-t1,SUCCESS,nextIndex=13,followerCommit=11,matchIndex=12
2023-03-17 00:25:04,230 [s1-server-thread1] DEBUG server.RaftServer$Division (RaftServerImpl.java:logAppendEntries(1430)) - s1@group-8FC42D5FF1AF: receive appendEntries(s0, 1, (t:1, i:12), 11, true, commits:[s0:c11, s1:c9, s2:c11], cId:49894, entries: [(t:1, i:13), STATEMACHINELOGENTRY, 61@client-963B1624FA6A]
2023-03-17 00:25:04,230 [s2-server-thread1] DEBUG server.RaftServer$Division (RaftServerImpl.java:logAppendEntries(1430)) - s2@group-8FC42D5FF1AF: receive appendEntries(s0, 1, (t:1, i:12), 12, true, commits:[s0:c12, s1:c9, s2:c11], cId:17907, entries: [(t:1, i:13), STATEMACHINELOGENTRY, 61@client-963B1624FA6A]
2023-03-17 00:25:04,230 [s1-server-thread1] DEBUG server.RaftServer$Division (RaftServerImpl.java:logAppendEntries(1430)) - s1@group-8FC42D5FF1AF: succeeded to handle AppendEntries. Reply: s0<-s1#49894:OK-t1,SUCCESS,nextIndex=14,followerCommit=11,matchIndex=13
2023-03-17 00:25:04,230 [s2-server-thread1] DEBUG server.RaftServer$Division (RaftServerImpl.java:logAppendEntries(1430)) - s2@group-8FC42D5FF1AF: succeeded to handle AppendEntries. Reply: s0<-s2#17907:OK-t1,SUCCESS,nextIndex=14,followerCommit=12,matchIndex=13
2023-03-17 00:25:04,232 [s0-client-thread1] DEBUG server.RaftServer$Division (RaftServerImpl.java:submitClientRequestAsync(835)) - s0@group-8FC42D5FF1AF: receive client request(RaftClientRequest:client-963B1624FA6A->s0@group-8FC42D5FF1AF, cid=62, seq=0, RW, Message:6d37)
2023-03-17 00:25:04,232 [s0-client-thread1] DEBUG server.RaftServer$Division (LeaderStateImpl.java:addPendingRequest(474)) - s0@group-8FC42D5FF1AF-LeaderStateImpl: addPendingRequest at RaftClientRequest:client-963B1624FA6A->s0@group-8FC42D5FF1AF, cid=62, seq=0, RW, Message:6d37, entry=(t:1, i:15), STATEMACHINELOGENTRY, 62@client-963B1624FA6A
2023-03-17 00:25:04,240 [s1-server-thread1] DEBUG server.RaftServer$Division (RaftServerImpl.java:logAppendEntries(1430)) - s1@group-8FC42D5FF1AF: receive appendEntries(s0, 1, (t:1, i:13), 13, true, commits:[s0:c13, s1:c11, s2:c11], cId:49896, entries: [(t:1, i:14), METADATAENTRY(c:13)]
2023-03-17 00:25:04,240 [s2-server-thread1] DEBUG server.RaftServer$Division (RaftServerImpl.java:logAppendEntries(1430)) - s2@group-8FC42D5FF1AF: receive appendEntries(s0, 1, (t:1, i:13), 13, true, commits:[s0:c13, s1:c11, s2:c11], cId:17908, entries: [(t:1, i:14), METADATAENTRY(c:13)]
2023-03-17 00:25:04,241 [s1-server-thread1] DEBUG server.RaftServer$Division (RaftServerImpl.java:logAppendEntries(1430)) - s1@group-8FC42D5FF1AF: succeeded to handle AppendEntries. Reply: s0<-s1#49896:OK-t1,SUCCESS,nextIndex=15,followerCommit=13,matchIndex=14
2023-03-17 00:25:04,241 [s2-server-thread1] DEBUG server.RaftServer$Division (RaftServerImpl.java:logAppendEntries(1430)) - s2@group-8FC42D5FF1AF: succeeded to handle AppendEntries. Reply: s0<-s2#17908:OK-t1,SUCCESS,nextIndex=15,followerCommit=13,matchIndex=14
2023-03-17 00:25:04,251 [s1-server-thread1] DEBUG server.RaftServer$Division (RaftServerImpl.java:logAppendEntries(1430)) - s1@group-8FC42D5FF1AF: receive appendEntries(s0, 1, (t:1, i:14), 13, true, commits:[s0:c13, s1:c13, s2:c12], cId:49897, entries: [(t:1, i:15), STATEMACHINELOGENTRY, 62@client-963B1624FA6A]
2023-03-17 00:25:04,251 [s2-server-thread1] DEBUG server.RaftServer$Division (RaftServerImpl.java:logAppendEntries(1430)) - s2@group-8FC42D5FF1AF: receive appendEntries(s0, 1, (t:1, i:14), 13, true, commits:[s0:c13, s1:c13, s2:c12], cId:17909, entries: [(t:1, i:15), STATEMACHINELOGENTRY, 62@client-963B1624FA6A]
2023-03-17 00:25:04,252 [s1-server-thread1] DEBUG server.RaftServer$Division (RaftServerImpl.java:logAppendEntries(1430)) - s1@group-8FC42D5FF1AF: succeeded to handle AppendEntries. Reply: s0<-s1#49897:OK-t1,SUCCESS,nextIndex=16,followerCommit=13,matchIndex=15
2023-03-17 00:25:04,252 [s2-server-thread1] DEBUG server.RaftServer$Division (RaftServerImpl.java:logAppendEntries(1430)) - s2@group-8FC42D5FF1AF: succeeded to handle AppendEntries. Reply: s0<-s2#17909:OK-t1,SUCCESS,nextIndex=16,followerCommit=13,matchIndex=15
2023-03-17 00:25:04,253 [s0-client-thread1] DEBUG server.RaftServer$Division (RaftServerImpl.java:submitClientRequestAsync(835)) - s0@group-8FC42D5FF1AF: receive client request(RaftClientRequest:client-963B1624FA6A->s0@group-8FC42D5FF1AF, cid=63, seq=0, RW, Message:6d38)
2023-03-17 00:25:04,254 [s0-client-thread1] DEBUG server.RaftServer$Division (LeaderStateImpl.java:addPendingRequest(474)) - s0@group-8FC42D5FF1AF-LeaderStateImpl: addPendingRequest at RaftClientRequest:client-963B1624FA6A->s0@group-8FC42D5FF1AF, cid=63, seq=0, RW, Message:6d38, entry=(t:1, i:17), STATEMACHINELOGENTRY, 63@client-963B1624FA6A
2023-03-17 00:25:04,262 [s1-server-thread1] DEBUG server.RaftServer$Division (RaftServerImpl.java:logAppendEntries(1430)) - s1@group-8FC42D5FF1AF: receive appendEntries(s0, 1, (t:1, i:15), 15, true, commits:[s0:c15, s1:c13, s2:c13], cId:49898, entries: [(t:1, i:16), METADATAENTRY(c:15)]
2023-03-17 00:25:04,262 [s2-server-thread1] DEBUG server.RaftServer$Division (RaftServerImpl.java:logAppendEntries(1430)) - s2@group-8FC42D5FF1AF: receive appendEntries(s0, 1, (t:1, i:15), 15, true, commits:[s0:c15, s1:c13, s2:c13], cId:17910, entries: [(t:1, i:16), METADATAENTRY(c:15)]
2023-03-17 00:25:04,262 [s1-server-thread1] DEBUG server.RaftServer$Division (RaftServerImpl.java:logAppendEntries(1430)) - s1@group-8FC42D5FF1AF: succeeded to handle AppendEntries. Reply: s0<-s1#49898:OK-t1,SUCCESS,nextIndex=17,followerCommit=15,matchIndex=16
2023-03-17 00:25:04,262 [s2-server-thread1] DEBUG server.RaftServer$Division (RaftServerImpl.java:logAppendEntries(1430)) - s2@group-8FC42D5FF1AF: succeeded to handle AppendEntries. Reply: s0<-s2#17910:OK-t1,SUCCESS,nextIndex=17,followerCommit=15,matchIndex=16
2023-03-17 00:25:04,272 [s2-server-thread1] DEBUG server.RaftServer$Division (RaftServerImpl.java:logAppendEntries(1430)) - s2@group-8FC42D5FF1AF: receive appendEntries(s0, 1, (t:1, i:16), 15, true, commits:[s0:c15, s1:c15, s2:c13], cId:17911, entries: [(t:1, i:17), STATEMACHINELOGENTRY, 63@client-963B1624FA6A]
2023-03-17 00:25:04,272 [s1-server-thread1] DEBUG server.RaftServer$Division (RaftServerImpl.java:logAppendEntries(1430)) - s1@group-8FC42D5FF1AF: receive appendEntries(s0, 1, (t:1, i:16), 16, true, commits:[s0:c16, s1:c15, s2:c13], cId:49899, entries: [(t:1, i:17), STATEMACHINELOGENTRY, 63@client-963B1624FA6A]
2023-03-17 00:25:04,273 [s2-server-thread1] DEBUG server.RaftServer$Division (RaftServerImpl.java:logAppendEntries(1430)) - s2@group-8FC42D5FF1AF: succeeded to handle AppendEntries. Reply: s0<-s2#17911:OK-t1,SUCCESS,nextIndex=18,followerCommit=15,matchIndex=17
2023-03-17 00:25:04,273 [s1-server-thread1] DEBUG server.RaftServer$Division (RaftServerImpl.java:logAppendEntries(1430)) - s1@group-8FC42D5FF1AF: succeeded to handle AppendEntries. Reply: s0<-s1#49899:OK-t1,SUCCESS,nextIndex=18,followerCommit=16,matchIndex=17
2023-03-17 00:25:04,275 [s0-client-thread1] DEBUG server.RaftServer$Division (RaftServerImpl.java:submitClientRequestAsync(835)) - s0@group-8FC42D5FF1AF: receive client request(RaftClientRequest:client-963B1624FA6A->s0@group-8FC42D5FF1AF, cid=64, seq=0, RW, Message:6d39)
2023-03-17 00:25:04,275 [s0-client-thread1] DEBUG server.RaftServer$Division (LeaderStateImpl.java:addPendingRequest(474)) - s0@group-8FC42D5FF1AF-LeaderStateImpl: addPendingRequest at RaftClientRequest:client-963B1624FA6A->s0@group-8FC42D5FF1AF, cid=64, seq=0, RW, Message:6d39, entry=(t:1, i:19), STATEMACHINELOGENTRY, 64@client-963B1624FA6A
2023-03-17 00:25:04,282 [s2-server-thread1] DEBUG server.RaftServer$Division (RaftServerImpl.java:logAppendEntries(1430)) - s2@group-8FC42D5FF1AF: receive appendEntries(s0, 1, (t:1, i:17), 17, true, commits:[s0:c17, s1:c15, s2:c15], cId:17912, entries: [(t:1, i:18), METADATAENTRY(c:17)]
2023-03-17 00:25:04,283 [s1-server-thread1] DEBUG server.RaftServer$Division (RaftServerImpl.java:logAppendEntries(1430)) - s1@group-8FC42D5FF1AF: receive appendEntries(s0, 1, (t:1, i:17), 17, true, commits:[s0:c17, s1:c15, s2:c15], cId:49900, entries: [(t:1, i:18), METADATAENTRY(c:17)]
2023-03-17 00:25:04,283 [s2-server-thread1] DEBUG server.RaftServer$Division (RaftServerImpl.java:logAppendEntries(1430)) - s2@group-8FC42D5FF1AF: succeeded to handle AppendEntries. Reply: s0<-s2#17912:OK-t1,SUCCESS,nextIndex=19,followerCommit=17,matchIndex=18
2023-03-17 00:25:04,283 [s1-server-thread1] DEBUG server.RaftServer$Division (RaftServerImpl.java:logAppendEntries(1430)) - s1@group-8FC42D5FF1AF: succeeded to handle AppendEntries. Reply: s0<-s1#49900:OK-t1,SUCCESS,nextIndex=19,followerCommit=17,matchIndex=18
2023-03-17 00:25:04,294 [s2-server-thread1] DEBUG server.RaftServer$Division (RaftServerImpl.java:logAppendEntries(1430)) - s2@group-8FC42D5FF1AF: receive appendEntries(s0, 1, (t:1, i:18), 17, true, commits:[s0:c17, s1:c16, s2:c17], cId:17913, entries: [(t:1, i:19), STATEMACHINELOGENTRY, 64@client-963B1624FA6A]
2023-03-17 00:25:04,294 [s1-server-thread1] DEBUG server.RaftServer$Division (RaftServerImpl.java:logAppendEntries(1430)) - s1@group-8FC42D5FF1AF: receive appendEntries(s0, 1, (t:1, i:18), 18, true, commits:[s0:c18, s1:c16, s2:c17], cId:49901, entries: [(t:1, i:19), STATEMACHINELOGENTRY, 64@client-963B1624FA6A]
2023-03-17 00:25:04,294 [s2-server-thread1] DEBUG server.RaftServer$Division (RaftServerImpl.java:logAppendEntries(1430)) - s2@group-8FC42D5FF1AF: succeeded to handle AppendEntries. Reply: s0<-s2#17913:OK-t1,SUCCESS,nextIndex=20,followerCommit=17,matchIndex=19
2023-03-17 00:25:04,294 [s1-server-thread1] DEBUG server.RaftServer$Division (RaftServerImpl.java:logAppendEntries(1430)) - s1@group-8FC42D5FF1AF: succeeded to handle AppendEntries. Reply: s0<-s1#49901:OK-t1,SUCCESS,nextIndex=20,followerCommit=18,matchIndex=19
2023-03-17 00:25:04,296 [s0-client-thread1] DEBUG server.RaftServer$Division (RaftServerImpl.java:submitClientRequestAsync(835)) - s0@group-8FC42D5FF1AF: receive client request(RaftClientRequest:client-963B1624FA6A->s0@group-8FC42D5FF1AF, cid=65, seq=0, RW, Message:6d3130)
2023-03-17 00:25:04,297 [s0-client-thread1] DEBUG server.RaftServer$Division (LeaderStateImpl.java:addPendingRequest(474)) - s0@group-8FC42D5FF1AF-LeaderStateImpl: addPendingRequest at RaftClientRequest:client-963B1624FA6A->s0@group-8FC42D5FF1AF, cid=65, seq=0, RW, Message:6d3130, entry=(t:1, i:21), STATEMACHINELOGENTRY, 65@client-963B1624FA6A
2023-03-17 00:25:04,304 [s1-server-thread1] DEBUG server.RaftServer$Division (RaftServerImpl.java:logAppendEntries(1430)) - s1@group-8FC42D5FF1AF: receive appendEntries(s0, 1, (t:1, i:19), 19, true, commits:[s0:c19, s1:c18, s2:c17], cId:49902, entries: [(t:1, i:20), METADATAENTRY(c:19)]
2023-03-17 00:25:04,304 [s2-server-thread1] DEBUG server.RaftServer$Division (RaftServerImpl.java:logAppendEntries(1430)) - s2@group-8FC42D5FF1AF: receive appendEntries(s0, 1, (t:1, i:19), 19, true, commits:[s0:c19, s1:c18, s2:c17], cId:17914, entries: [(t:1, i:20), METADATAENTRY(c:19)]
2023-03-17 00:25:04,305 [s1-server-thread1] DEBUG server.RaftServer$Division (RaftServerImpl.java:logAppendEntries(1430)) - s1@group-8FC42D5FF1AF: succeeded to handle AppendEntries. Reply: s0<-s1#49902:OK-t1,SUCCESS,nextIndex=21,followerCommit=19,matchIndex=20
2023-03-17 00:25:04,305 [s2-server-thread1] DEBUG server.RaftServer$Division (RaftServerImpl.java:logAppendEntries(1430)) - s2@group-8FC42D5FF1AF: succeeded to handle AppendEntries. Reply: s0<-s2#17914:OK-t1,SUCCESS,nextIndex=21,followerCommit=19,matchIndex=20
2023-03-17 00:25:04,315 [s2-server-thread1] DEBUG server.RaftServer$Division (RaftServerImpl.java:logAppendEntries(1430)) - s2@group-8FC42D5FF1AF: receive appendEntries(s0, 1, (t:1, i:20), 19, true, commits:[s0:c19, s1:c19, s2:c19], cId:17915, entries: [(t:1, i:21), STATEMACHINELOGENTRY, 65@client-963B1624FA6A]
2023-03-17 00:25:04,315 [s1-server-thread1] DEBUG server.RaftServer$Division (RaftServerImpl.java:logAppendEntries(1430)) - s1@group-8FC42D5FF1AF: receive appendEntries(s0, 1, (t:1, i:20), 20, true, commits:[s0:c20, s1:c19, s2:c19], cId:49903, entries: [(t:1, i:21), STATEMACHINELOGENTRY, 65@client-963B1624FA6A]
2023-03-17 00:25:04,316 [s1-server-thread1] DEBUG server.RaftServer$Division (RaftServerImpl.java:logAppendEntries(1430)) - s1@group-8FC42D5FF1AF: succeeded to handle AppendEntries. Reply: s0<-s1#49903:OK-t1,SUCCESS,nextIndex=22,followerCommit=20,matchIndex=21
2023-03-17 00:25:04,316 [s2-server-thread1] DEBUG server.RaftServer$Division (RaftServerImpl.java:logAppendEntries(1430)) - s2@group-8FC42D5FF1AF: succeeded to handle AppendEntries. Reply: s0<-s2#17915:OK-t1,SUCCESS,nextIndex=22,followerCommit=19,matchIndex=21
2023-03-17 00:25:04,318 [s0-client-thread1] DEBUG server.RaftServer$Division (RaftServerImpl.java:submitClientRequestAsync(835)) - s0@group-8FC42D5FF1AF: receive client request(RaftClientRequest:client-963B1624FA6A->s0@group-8FC42D5FF1AF, cid=66, seq=0, RW, Message:6d3131)
2023-03-17 00:25:04,319 [s0-client-thread1] DEBUG server.RaftServer$Division (LeaderStateImpl.java:addPendingRequest(474)) - s0@group-8FC42D5FF1AF-LeaderStateImpl: addPendingRequest at RaftClientRequest:client-963B1624FA6A->s0@group-8FC42D5FF1AF, cid=66, seq=0, RW, Message:6d3131, entry=(t:1, i:23), STATEMACHINELOGENTRY, 66@client-963B1624FA6A
2023-03-17 00:25:04,325 [s1-server-thread1] DEBUG server.RaftServer$Division (RaftServerImpl.java:logAppendEntries(1430)) - s1@group-8FC42D5FF1AF: receive appendEntries(s0, 1, (t:1, i:21), 21, true, commits:[s0:c21, s1:c20, s2:c19], cId:49904, entries: [(t:1, i:22), METADATAENTRY(c:21)]
2023-03-17 00:25:04,326 [s1-server-thread1] DEBUG server.RaftServer$Division (RaftServerImpl.java:logAppendEntries(1430)) - s1@group-8FC42D5FF1AF: succeeded to handle AppendEntries. Reply: s0<-s1#49904:OK-t1,SUCCESS,nextIndex=23,followerCommit=21,matchIndex=22
2023-03-17 00:25:04,326 [s2-server-thread1] DEBUG server.RaftServer$Division (RaftServerImpl.java:logAppendEntries(1430)) - s2@group-8FC42D5FF1AF: receive appendEntries(s0, 1, (t:1, i:21), 21, true, commits:[s0:c21, s1:c20, s2:c19], cId:17918, entries: [(t:1, i:22), METADATAENTRY(c:21)]
2023-03-17 00:25:04,327 [s2-server-thread1] DEBUG server.RaftServer$Division (RaftServerImpl.java:logAppendEntries(1430)) - s2@group-8FC42D5FF1AF: succeeded to handle AppendEntries. Reply: s0<-s2#17918:OK-t1,SUCCESS,nextIndex=23,followerCommit=21,matchIndex=22
2023-03-17 00:25:04,335 [s1-server-thread1] DEBUG server.RaftServer$Division (RaftServerImpl.java:logAppendEntries(1430)) - s1@group-8FC42D5FF1AF: receive appendEntries(s0, 1, (t:1, i:22), 21, true, commits:[s0:c21, s1:c21, s2:c19], cId:49905, entries: [(t:1, i:23), STATEMACHINELOGENTRY, 66@client-963B1624FA6A]
2023-03-17 00:25:04,336 [s1-server-thread1] DEBUG server.RaftServer$Division (RaftServerImpl.java:logAppendEntries(1430)) - s1@group-8FC42D5FF1AF: succeeded to handle AppendEntries. Reply: s0<-s1#49905:OK-t1,SUCCESS,nextIndex=24,followerCommit=21,matchIndex=23
2023-03-17 00:25:04,337 [s2-server-thread1] DEBUG server.RaftServer$Division (RaftServerImpl.java:logAppendEntries(1430)) - s2@group-8FC42D5FF1AF: receive appendEntries(s0, 1, (t:1, i:22), 21, true, commits:[s0:c21, s1:c21, s2:c19], cId:17919, entries: [(t:1, i:23), STATEMACHINELOGENTRY, 66@client-963B1624FA6A]
2023-03-17 00:25:04,338 [s2-server-thread1] DEBUG server.RaftServer$Division (RaftServerImpl.java:logAppendEntries(1430)) - s2@group-8FC42D5FF1AF: succeeded to handle AppendEntries. Reply: s0<-s2#17919:OK-t1,SUCCESS,nextIndex=24,followerCommit=21,matchIndex=23
2023-03-17 00:25:04,340 [s0-client-thread1] DEBUG server.RaftServer$Division (RaftServerImpl.java:submitClientRequestAsync(835)) - s0@group-8FC42D5FF1AF: receive client request(RaftClientRequest:client-963B1624FA6A->s0@group-8FC42D5FF1AF, cid=67, seq=0, RW, Message:6d3132)
2023-03-17 00:25:04,340 [s0-client-thread1] DEBUG server.RaftServer$Division (LeaderStateImpl.java:addPendingRequest(474)) - s0@group-8FC42D5FF1AF-LeaderStateImpl: addPendingRequest at RaftClientRequest:client-963B1624FA6A->s0@group-8FC42D5FF1AF, cid=67, seq=0, RW, Message:6d3132, entry=(t:1, i:25), STATEMACHINELOGENTRY, 67@client-963B1624FA6A
2023-03-17 00:25:04,346 [s1-server-thread1] DEBUG server.RaftServer$Division (RaftServerImpl.java:logAppendEntries(1430)) - s1@group-8FC42D5FF1AF: receive appendEntries(s0, 1, (t:1, i:23), 23, true, commits:[s0:c23, s1:c21, s2:c21], cId:49906, entries: [(t:1, i:24), METADATAENTRY(c:23)]
2023-03-17 00:25:04,347 [s1-server-thread1] DEBUG server.RaftServer$Division (RaftServerImpl.java:logAppendEntries(1430)) - s1@group-8FC42D5FF1AF: succeeded to handle AppendEntries. Reply: s0<-s1#49906:OK-t1,SUCCESS,nextIndex=25,followerCommit=23,matchIndex=24
2023-03-17 00:25:04,347 [s2-server-thread1] DEBUG server.RaftServer$Division (RaftServerImpl.java:logAppendEntries(1430)) - s2@group-8FC42D5FF1AF: receive appendEntries(s0, 1, (t:1, i:23), 23, true, commits:[s0:c23, s1:c21, s2:c21], cId:17920, entries: [(t:1, i:24), METADATAENTRY(c:23)]
2023-03-17 00:25:04,347 [s2-server-thread1] DEBUG server.RaftServer$Division (RaftServerImpl.java:logAppendEntries(1430)) - s2@group-8FC42D5FF1AF: succeeded to handle AppendEntries. Reply: s0<-s2#17920:OK-t1,SUCCESS,nextIndex=25,followerCommit=23,matchIndex=24
2023-03-17 00:25:04,356 [s1-server-thread1] DEBUG server.RaftServer$Division (RaftServerImpl.java:logAppendEntries(1430)) - s1@group-8FC42D5FF1AF: receive appendEntries(s0, 1, (t:1, i:24), 23, true, commits:[s0:c23, s1:c23, s2:c21], cId:49907, entries: [(t:1, i:25), STATEMACHINELOGENTRY, 67@client-963B1624FA6A]
2023-03-17 00:25:04,357 [s1-server-thread1] DEBUG server.RaftServer$Division (RaftServerImpl.java:logAppendEntries(1430)) - s1@group-8FC42D5FF1AF: succeeded to handle AppendEntries. Reply: s0<-s1#49907:OK-t1,SUCCESS,nextIndex=26,followerCommit=23,matchIndex=25
2023-03-17 00:25:04,357 [s2-server-thread1] DEBUG server.RaftServer$Division (RaftServerImpl.java:logAppendEntries(1430)) - s2@group-8FC42D5FF1AF: receive appendEntries(s0, 1, (t:1, i:24), 24, true, commits:[s0:c24, s1:c23, s2:c21], cId:17921, entries: [(t:1, i:25), STATEMACHINELOGENTRY, 67@client-963B1624FA6A]
2023-03-17 00:25:04,358 [s2-server-thread1] DEBUG server.RaftServer$Division (RaftServerImpl.java:logAppendEntries(1430)) - s2@group-8FC42D5FF1AF: succeeded to handle AppendEntries. Reply: s0<-s2#17921:OK-t1,SUCCESS,nextIndex=26,followerCommit=24,matchIndex=25
2023-03-17 00:25:04,359 [s0-client-thread1] DEBUG server.RaftServer$Division (RaftServerImpl.java:submitClientRequestAsync(835)) - s0@group-8FC42D5FF1AF: receive client request(RaftClientRequest:client-963B1624FA6A->s0@group-8FC42D5FF1AF, cid=68, seq=0, RW, Message:6d3133)
2023-03-17 00:25:04,359 [s0-client-thread1] DEBUG server.RaftServer$Division (LeaderStateImpl.java:addPendingRequest(474)) - s0@group-8FC42D5FF1AF-LeaderStateImpl: addPendingRequest at RaftClientRequest:client-963B1624FA6A->s0@group-8FC42D5FF1AF, cid=68, seq=0, RW, Message:6d3133, entry=(t:1, i:27), STATEMACHINELOGENTRY, 68@client-963B1624FA6A
2023-03-17 00:25:04,367 [s1-server-thread1] DEBUG server.RaftServer$Division (RaftServerImpl.java:logAppendEntries(1430)) - s1@group-8FC42D5FF1AF: receive appendEntries(s0, 1, (t:1, i:25), 25, true, commits:[s0:c25, s1:c23, s2:c23], cId:49908, entries: [(t:1, i:26), METADATAENTRY(c:25)]
2023-03-17 00:25:04,368 [s2-server-thread1] DEBUG server.RaftServer$Division (RaftServerImpl.java:logAppendEntries(1430)) - s2@group-8FC42D5FF1AF: receive appendEntries(s0, 1, (t:1, i:25), 25, true, commits:[s0:c25, s1:c23, s2:c23], cId:17922, entries: [(t:1, i:26), METADATAENTRY(c:25)]
2023-03-17 00:25:04,368 [s1-server-thread1] DEBUG server.RaftServer$Division (RaftServerImpl.java:logAppendEntries(1430)) - s1@group-8FC42D5FF1AF: succeeded to handle AppendEntries. Reply: s0<-s1#49908:OK-t1,SUCCESS,nextIndex=27,followerCommit=25,matchIndex=26
2023-03-17 00:25:04,368 [s2-server-thread1] DEBUG server.RaftServer$Division (RaftServerImpl.java:logAppendEntries(1430)) - s2@group-8FC42D5FF1AF: succeeded to handle AppendEntries. Reply: s0<-s2#17922:OK-t1,SUCCESS,nextIndex=27,followerCommit=25,matchIndex=26
2023-03-17 00:25:04,378 [s1-server-thread1] DEBUG server.RaftServer$Division (RaftServerImpl.java:logAppendEntries(1430)) - s1@group-8FC42D5FF1AF: receive appendEntries(s0, 1, (t:1, i:26), 25, true, commits:[s0:c25, s1:c25, s2:c24], cId:49909, entries: [(t:1, i:27), STATEMACHINELOGENTRY, 68@client-963B1624FA6A]
2023-03-17 00:25:04,378 [s1-server-thread1] DEBUG server.RaftServer$Division (RaftServerImpl.java:logAppendEntries(1430)) - s1@group-8FC42D5FF1AF: succeeded to handle AppendEntries. Reply: s0<-s1#49909:OK-t1,SUCCESS,nextIndex=28,followerCommit=25,matchIndex=27
2023-03-17 00:25:04,379 [s2-server-thread1] DEBUG server.RaftServer$Division (RaftServerImpl.java:logAppendEntries(1430)) - s2@group-8FC42D5FF1AF: receive appendEntries(s0, 1, (t:1, i:26), 25, true, commits:[s0:c25, s1:c25, s2:c24], cId:17923, entries: [(t:1, i:27), STATEMACHINELOGENTRY, 68@client-963B1624FA6A]
2023-03-17 00:25:04,379 [s2-server-thread1] DEBUG server.RaftServer$Division (RaftServerImpl.java:logAppendEntries(1430)) - s2@group-8FC42D5FF1AF: succeeded to handle AppendEntries. Reply: s0<-s2#17923:OK-t1,SUCCESS,nextIndex=28,followerCommit=25,matchIndex=27
2023-03-17 00:25:04,380 [s0-client-thread1] DEBUG server.RaftServer$Division (RaftServerImpl.java:submitClientRequestAsync(835)) - s0@group-8FC42D5FF1AF: receive client request(RaftClientRequest:client-963B1624FA6A->s0@group-8FC42D5FF1AF, cid=69, seq=0, RW, Message:6d3134)
2023-03-17 00:25:04,381 [s0-client-thread1] DEBUG server.RaftServer$Division (LeaderStateImpl.java:addPendingRequest(474)) - s0@group-8FC42D5FF1AF-LeaderStateImpl: addPendingRequest at RaftClientRequest:client-963B1624FA6A->s0@group-8FC42D5FF1AF, cid=69, seq=0, RW, Message:6d3134, entry=(t:1, i:29), STATEMACHINELOGENTRY, 69@client-963B1624FA6A
2023-03-17 00:25:04,388 [s1-server-thread1] DEBUG server.RaftServer$Division (RaftServerImpl.java:logAppendEntries(1430)) - s1@group-8FC42D5FF1AF: receive appendEntries(s0, 1, (t:1, i:27), 27, true, commits:[s0:c27, s1:c25, s2:c25], cId:49911, entries: [(t:1, i:28), METADATAENTRY(c:27)]
2023-03-17 00:25:04,389 [s1-server-thread1] DEBUG server.RaftServer$Division (RaftServerImpl.java:logAppendEntries(1430)) - s1@group-8FC42D5FF1AF: succeeded to handle AppendEntries. Reply: s0<-s1#49911:OK-t1,SUCCESS,nextIndex=29,followerCommit=27,matchIndex=28
2023-03-17 00:25:04,390 [s2-server-thread1] DEBUG server.RaftServer$Division (RaftServerImpl.java:logAppendEntries(1430)) - s2@group-8FC42D5FF1AF: receive appendEntries(s0, 1, (t:1, i:27), 27, true, commits:[s0:c27, s1:c25, s2:c25], cId:17924, entries: [(t:1, i:28), METADATAENTRY(c:27)]
2023-03-17 00:25:04,390 [s2-server-thread1] DEBUG server.RaftServer$Division (RaftServerImpl.java:logAppendEntries(1430)) - s2@group-8FC42D5FF1AF: succeeded to handle AppendEntries. Reply: s0<-s2#17924:OK-t1,SUCCESS,nextIndex=29,followerCommit=27,matchIndex=28
2023-03-17 00:25:04,399 [s1-server-thread1] DEBUG server.RaftServer$Division (RaftServerImpl.java:logAppendEntries(1430)) - s1@group-8FC42D5FF1AF: receive appendEntries(s0, 1, (t:1, i:28), 27, true, commits:[s0:c27, s1:c27, s2:c25], cId:49912, entries: [(t:1, i:29), STATEMACHINELOGENTRY, 69@client-963B1624FA6A]
2023-03-17 00:25:04,400 [s1-server-thread1] DEBUG server.RaftServer$Division (RaftServerImpl.java:logAppendEntries(1430)) - s1@group-8FC42D5FF1AF: succeeded to handle AppendEntries. Reply: s0<-s1#49912:OK-t1,SUCCESS,nextIndex=30,followerCommit=27,matchIndex=29
2023-03-17 00:25:04,400 [s2-server-thread1] DEBUG server.RaftServer$Division (RaftServerImpl.java:logAppendEntries(1430)) - s2@group-8FC42D5FF1AF: receive appendEntries(s0, 1, (t:1, i:28), 27, true, commits:[s0:c27, s1:c27, s2:c25], cId:17925, entries: [(t:1, i:29), STATEMACHINELOGENTRY, 69@client-963B1624FA6A]
2023-03-17 00:25:04,400 [s2-server-thread1] DEBUG server.RaftServer$Division (RaftServerImpl.java:logAppendEntries(1430)) - s2@group-8FC42D5FF1AF: succeeded to handle AppendEntries. Reply: s0<-s2#17925:OK-t1,SUCCESS,nextIndex=30,followerCommit=27,matchIndex=29
2023-03-17 00:25:04,402 [s0-client-thread1] DEBUG server.RaftServer$Division (RaftServerImpl.java:submitClientRequestAsync(835)) - s0@group-8FC42D5FF1AF: receive client request(RaftClientRequest:client-963B1624FA6A->s0@group-8FC42D5FF1AF, cid=70, seq=0, RW, Message:6d3135)
2023-03-17 00:25:04,402 [s0-client-thread1] DEBUG server.RaftServer$Division (LeaderStateImpl.java:addPendingRequest(474)) - s0@group-8FC42D5FF1AF-LeaderStateImpl: addPendingRequest at RaftClientRequest:client-963B1624FA6A->s0@group-8FC42D5FF1AF, cid=70, seq=0, RW, Message:6d3135, entry=(t:1, i:31), STATEMACHINELOGENTRY, 70@client-963B1624FA6A
2023-03-17 00:25:04,410 [s1-server-thread1] DEBUG server.RaftServer$Division (RaftServerImpl.java:logAppendEntries(1430)) - s1@group-8FC42D5FF1AF: receive appendEntries(s0, 1, (t:1, i:29), 29, true, commits:[s0:c29, s1:c27, s2:c27], cId:49914, entries: [(t:1, i:30), METADATAENTRY(c:29)]
2023-03-17 00:25:04,410 [s1-server-thread1] DEBUG server.RaftServer$Division (RaftServerImpl.java:logAppendEntries(1430)) - s1@group-8FC42D5FF1AF: succeeded to handle AppendEntries. Reply: s0<-s1#49914:OK-t1,SUCCESS,nextIndex=31,followerCommit=29,matchIndex=30
2023-03-17 00:25:04,411 [s2-server-thread1] DEBUG server.RaftServer$Division (RaftServerImpl.java:logAppendEntries(1430)) - s2@group-8FC42D5FF1AF: receive appendEntries(s0, 1, (t:1, i:29), 29, true, commits:[s0:c29, s1:c27, s2:c27], cId:17926, entries: [(t:1, i:30), METADATAENTRY(c:29)]
2023-03-17 00:25:04,411 [s2-server-thread1] DEBUG server.RaftServer$Division (RaftServerImpl.java:logAppendEntries(1430)) - s2@group-8FC42D5FF1AF: succeeded to handle AppendEntries. Reply: s0<-s2#17926:OK-t1,SUCCESS,nextIndex=31,followerCommit=29,matchIndex=30
2023-03-17 00:25:04,421 [s1-server-thread1] DEBUG server.RaftServer$Division (RaftServerImpl.java:logAppendEntries(1430)) - s1@group-8FC42D5FF1AF: receive appendEntries(s0, 1, (t:1, i:30), 29, true, commits:[s0:c29, s1:c29, s2:c27], cId:49915, entries: [(t:1, i:31), STATEMACHINELOGENTRY, 70@client-963B1624FA6A]
2023-03-17 00:25:04,422 [s2-server-thread1] DEBUG server.RaftServer$Division (RaftServerImpl.java:logAppendEntries(1430)) - s2@group-8FC42D5FF1AF: receive appendEntries(s0, 1, (t:1, i:30), 30, true, commits:[s0:c30, s1:c29, s2:c29], cId:17927, entries: [(t:1, i:31), STATEMACHINELOGENTRY, 70@client-963B1624FA6A]
2023-03-17 00:25:04,422 [s1-server-thread1] DEBUG server.RaftServer$Division (RaftServerImpl.java:logAppendEntries(1430)) - s1@group-8FC42D5FF1AF: succeeded to handle AppendEntries. Reply: s0<-s1#49915:OK-t1,SUCCESS,nextIndex=32,followerCommit=29,matchIndex=31
2023-03-17 00:25:04,422 [s2-server-thread1] DEBUG server.RaftServer$Division (RaftServerImpl.java:logAppendEntries(1430)) - s2@group-8FC42D5FF1AF: succeeded to handle AppendEntries. Reply: s0<-s2#17927:OK-t1,SUCCESS,nextIndex=32,followerCommit=30,matchIndex=31
2023-03-17 00:25:04,424 [s0-client-thread1] DEBUG server.RaftServer$Division (RaftServerImpl.java:submitClientRequestAsync(835)) - s0@group-8FC42D5FF1AF: receive client request(RaftClientRequest:client-963B1624FA6A->s0@group-8FC42D5FF1AF, cid=71, seq=0, RW, Message:6d3136)
2023-03-17 00:25:04,424 [s0-client-thread1] DEBUG server.RaftServer$Division (LeaderStateImpl.java:addPendingRequest(474)) - s0@group-8FC42D5FF1AF-LeaderStateImpl: addPendingRequest at RaftClientRequest:client-963B1624FA6A->s0@group-8FC42D5FF1AF, cid=71, seq=0, RW, Message:6d3136, entry=(t:1, i:33), STATEMACHINELOGENTRY, 71@client-963B1624FA6A
2023-03-17 00:25:04,432 [s2-server-thread1] DEBUG server.RaftServer$Division (RaftServerImpl.java:logAppendEntries(1430)) - s2@group-8FC42D5FF1AF: receive appendEntries(s0, 1, (t:1, i:31), 31, true, commits:[s0:c31, s1:c29, s2:c29], cId:17928, entries: [(t:1, i:32), METADATAENTRY(c:31)]
2023-03-17 00:25:04,432 [s1-server-thread1] DEBUG server.RaftServer$Division (RaftServerImpl.java:logAppendEntries(1430)) - s1@group-8FC42D5FF1AF: receive appendEntries(s0, 1, (t:1, i:31), 31, true, commits:[s0:c31, s1:c29, s2:c29], cId:49917, entries: [(t:1, i:32), METADATAENTRY(c:31)]
2023-03-17 00:25:04,433 [s1-server-thread1] DEBUG server.RaftServer$Division (RaftServerImpl.java:logAppendEntries(1430)) - s1@group-8FC42D5FF1AF: succeeded to handle AppendEntries. Reply: s0<-s1#49917:OK-t1,SUCCESS,nextIndex=33,followerCommit=31,matchIndex=32
2023-03-17 00:25:04,433 [s2-server-thread1] DEBUG server.RaftServer$Division (RaftServerImpl.java:logAppendEntries(1430)) - s2@group-8FC42D5FF1AF: succeeded to handle AppendEntries. Reply: s0<-s2#17928:OK-t1,SUCCESS,nextIndex=33,followerCommit=31,matchIndex=32
2023-03-17 00:25:04,443 [s2-server-thread1] DEBUG server.RaftServer$Division (RaftServerImpl.java:logAppendEntries(1430)) - s2@group-8FC42D5FF1AF: receive appendEntries(s0, 1, (t:1, i:32), 31, true, commits:[s0:c31, s1:c31, s2:c30], cId:17929, entries: [(t:1, i:33), STATEMACHINELOGENTRY, 71@client-963B1624FA6A]
2023-03-17 00:25:04,443 [s1-server-thread1] DEBUG server.RaftServer$Division (RaftServerImpl.java:logAppendEntries(1430)) - s1@group-8FC42D5FF1AF: receive appendEntries(s0, 1, (t:1, i:32), 31, true, commits:[s0:c31, s1:c31, s2:c30], cId:49918, entries: [(t:1, i:33), STATEMACHINELOGENTRY, 71@client-963B1624FA6A]
2023-03-17 00:25:04,444 [s1-server-thread1] DEBUG server.RaftServer$Division (RaftServerImpl.java:logAppendEntries(1430)) - s1@group-8FC42D5FF1AF: succeeded to handle AppendEntries. Reply: s0<-s1#49918:OK-t1,SUCCESS,nextIndex=34,followerCommit=31,matchIndex=33
2023-03-17 00:25:04,444 [s2-server-thread1] DEBUG server.RaftServer$Division (RaftServerImpl.java:logAppendEntries(1430)) - s2@group-8FC42D5FF1AF: succeeded to handle AppendEntries. Reply: s0<-s2#17929:OK-t1,SUCCESS,nextIndex=34,followerCommit=31,matchIndex=33
2023-03-17 00:25:04,447 [s0-client-thread1] DEBUG server.RaftServer$Division (RaftServerImpl.java:submitClientRequestAsync(835)) - s0@group-8FC42D5FF1AF: receive client request(RaftClientRequest:client-963B1624FA6A->s0@group-8FC42D5FF1AF, cid=72, seq=0, RW, Message:6d3137)
2023-03-17 00:25:04,447 [s0-client-thread1] DEBUG server.RaftServer$Division (LeaderStateImpl.java:addPendingRequest(474)) - s0@group-8FC42D5FF1AF-LeaderStateImpl: addPendingRequest at RaftClientRequest:client-963B1624FA6A->s0@group-8FC42D5FF1AF, cid=72, seq=0, RW, Message:6d3137, entry=(t:1, i:35), STATEMACHINELOGENTRY, 72@client-963B1624FA6A
2023-03-17 00:25:04,454 [s2-server-thread1] DEBUG server.RaftServer$Division (RaftServerImpl.java:logAppendEntries(1430)) - s2@group-8FC42D5FF1AF: receive appendEntries(s0, 1, (t:1, i:33), 33, true, commits:[s0:c33, s1:c31, s2:c31], cId:17930, entries: [(t:1, i:34), METADATAENTRY(c:33)]
2023-03-17 00:25:04,454 [s1-server-thread1] DEBUG server.RaftServer$Division (RaftServerImpl.java:logAppendEntries(1430)) - s1@group-8FC42D5FF1AF: receive appendEntries(s0, 1, (t:1, i:33), 33, true, commits:[s0:c33, s1:c31, s2:c31], cId:49920, entries: [(t:1, i:34), METADATAENTRY(c:33)]
2023-03-17 00:25:04,454 [s2-server-thread1] DEBUG server.RaftServer$Division (RaftServerImpl.java:logAppendEntries(1430)) - s2@group-8FC42D5FF1AF: succeeded to handle AppendEntries. Reply: s0<-s2#17930:OK-t1,SUCCESS,nextIndex=35,followerCommit=33,matchIndex=34
2023-03-17 00:25:04,455 [s1-server-thread1] DEBUG server.RaftServer$Division (RaftServerImpl.java:logAppendEntries(1430)) - s1@group-8FC42D5FF1AF: succeeded to handle AppendEntries. Reply: s0<-s1#49920:OK-t1,SUCCESS,nextIndex=35,followerCommit=33,matchIndex=34
2023-03-17 00:25:04,465 [s1-server-thread1] DEBUG server.RaftServer$Division (RaftServerImpl.java:logAppendEntries(1430)) - s1@group-8FC42D5FF1AF: receive appendEntries(s0, 1, (t:1, i:34), 33, true, commits:[s0:c33, s1:c31, s2:c33], cId:49921, entries: [(t:1, i:35), STATEMACHINELOGENTRY, 72@client-963B1624FA6A]
2023-03-17 00:25:04,465 [s2-server-thread1] DEBUG server.RaftServer$Division (RaftServerImpl.java:logAppendEntries(1430)) - s2@group-8FC42D5FF1AF: receive appendEntries(s0, 1, (t:1, i:34), 34, true, commits:[s0:c34, s1:c31, s2:c33], cId:17931, entries: [(t:1, i:35), STATEMACHINELOGENTRY, 72@client-963B1624FA6A]
2023-03-17 00:25:04,465 [s1-server-thread1] DEBUG server.RaftServer$Division (RaftServerImpl.java:logAppendEntries(1430)) - s1@group-8FC42D5FF1AF: succeeded to handle AppendEntries. Reply: s0<-s1#49921:OK-t1,SUCCESS,nextIndex=36,followerCommit=33,matchIndex=35
2023-03-17 00:25:04,465 [s2-server-thread1] DEBUG server.RaftServer$Division (RaftServerImpl.java:logAppendEntries(1430)) - s2@group-8FC42D5FF1AF: succeeded to handle AppendEntries. Reply: s0<-s2#17931:OK-t1,SUCCESS,nextIndex=36,followerCommit=34,matchIndex=35
2023-03-17 00:25:04,468 [s0-client-thread1] DEBUG server.RaftServer$Division (RaftServerImpl.java:submitClientRequestAsync(835)) - s0@group-8FC42D5FF1AF: receive client request(RaftClientRequest:client-963B1624FA6A->s0@group-8FC42D5FF1AF, cid=73, seq=0, RW, Message:6d3138)
2023-03-17 00:25:04,468 [s0-client-thread1] DEBUG server.RaftServer$Division (LeaderStateImpl.java:addPendingRequest(474)) - s0@group-8FC42D5FF1AF-LeaderStateImpl: addPendingRequest at RaftClientRequest:client-963B1624FA6A->s0@group-8FC42D5FF1AF, cid=73, seq=0, RW, Message:6d3138, entry=(t:1, i:37), STATEMACHINELOGENTRY, 73@client-963B1624FA6A
2023-03-17 00:25:04,475 [s2-server-thread1] DEBUG server.RaftServer$Division (RaftServerImpl.java:logAppendEntries(1430)) - s2@group-8FC42D5FF1AF: receive appendEntries(s0, 1, (t:1, i:35), 35, true, commits:[s0:c35, s1:c33, s2:c34], cId:17932, entries: [(t:1, i:36), METADATAENTRY(c:35)]
2023-03-17 00:25:04,475 [s1-server-thread1] DEBUG server.RaftServer$Division (RaftServerImpl.java:logAppendEntries(1430)) - s1@group-8FC42D5FF1AF: receive appendEntries(s0, 1, (t:1, i:35), 35, true, commits:[s0:c35, s1:c33, s2:c34], cId:49922, entries: [(t:1, i:36), METADATAENTRY(c:35)]
2023-03-17 00:25:04,476 [s2-server-thread1] DEBUG server.RaftServer$Division (RaftServerImpl.java:logAppendEntries(1430)) - s2@group-8FC42D5FF1AF: succeeded to handle AppendEntries. Reply: s0<-s2#17932:OK-t1,SUCCESS,nextIndex=37,followerCommit=35,matchIndex=36
2023-03-17 00:25:04,476 [s1-server-thread1] DEBUG server.RaftServer$Division (RaftServerImpl.java:logAppendEntries(1430)) - s1@group-8FC42D5FF1AF: succeeded to handle AppendEntries. Reply: s0<-s1#49922:OK-t1,SUCCESS,nextIndex=37,followerCommit=35,matchIndex=36
2023-03-17 00:25:04,486 [s2-server-thread1] DEBUG server.RaftServer$Division (RaftServerImpl.java:logAppendEntries(1430)) - s2@group-8FC42D5FF1AF: receive appendEntries(s0, 1, (t:1, i:36), 35, true, commits:[s0:c35, s1:c33, s2:c35], cId:17933, entries: [(t:1, i:37), STATEMACHINELOGENTRY, 73@client-963B1624FA6A]
2023-03-17 00:25:04,486 [s1-server-thread1] DEBUG server.RaftServer$Division (RaftServerImpl.java:logAppendEntries(1430)) - s1@group-8FC42D5FF1AF: receive appendEntries(s0, 1, (t:1, i:36), 35, true, commits:[s0:c35, s1:c33, s2:c35], cId:49923, entries: [(t:1, i:37), STATEMACHINELOGENTRY, 73@client-963B1624FA6A]
2023-03-17 00:25:04,486 [s2-server-thread1] DEBUG server.RaftServer$Division (RaftServerImpl.java:logAppendEntries(1430)) - s2@group-8FC42D5FF1AF: succeeded to handle AppendEntries. Reply: s0<-s2#17933:OK-t1,SUCCESS,nextIndex=38,followerCommit=35,matchIndex=37
2023-03-17 00:25:04,486 [s1-server-thread1] DEBUG server.RaftServer$Division (RaftServerImpl.java:logAppendEntries(1430)) - s1@group-8FC42D5FF1AF: succeeded to handle AppendEntries. Reply: s0<-s1#49923:OK-t1,SUCCESS,nextIndex=38,followerCommit=35,matchIndex=37
2023-03-17 00:25:04,488 [s0-client-thread1] DEBUG server.RaftServer$Division (RaftServerImpl.java:submitClientRequestAsync(835)) - s0@group-8FC42D5FF1AF: receive client request(RaftClientRequest:client-963B1624FA6A->s0@group-8FC42D5FF1AF, cid=74, seq=0, RW, Message:6d3139)
2023-03-17 00:25:04,488 [s0-client-thread1] DEBUG server.RaftServer$Division (LeaderStateImpl.java:addPendingRequest(474)) - s0@group-8FC42D5FF1AF-LeaderStateImpl: addPendingRequest at RaftClientRequest:client-963B1624FA6A->s0@group-8FC42D5FF1AF, cid=74, seq=0, RW, Message:6d3139, entry=(t:1, i:39), STATEMACHINELOGENTRY, 74@client-963B1624FA6A
2023-03-17 00:25:04,496 [s1-server-thread1] DEBUG server.RaftServer$Division (RaftServerImpl.java:logAppendEntries(1430)) - s1@group-8FC42D5FF1AF: receive appendEntries(s0, 1, (t:1, i:37), 37, true, commits:[s0:c37, s1:c35, s2:c35], cId:49925, entries: [(t:1, i:38), METADATAENTRY(c:37)]
2023-03-17 00:25:04,496 [s2-server-thread1] DEBUG server.RaftServer$Division (RaftServerImpl.java:logAppendEntries(1430)) - s2@group-8FC42D5FF1AF: receive appendEntries(s0, 1, (t:1, i:37), 37, true, commits:[s0:c37, s1:c35, s2:c35], cId:17935, entries: [(t:1, i:38), METADATAENTRY(c:37)]
2023-03-17 00:25:04,497 [s1-server-thread1] DEBUG server.RaftServer$Division (RaftServerImpl.java:logAppendEntries(1430)) - s1@group-8FC42D5FF1AF: succeeded to handle AppendEntries. Reply: s0<-s1#49925:OK-t1,SUCCESS,nextIndex=39,followerCommit=37,matchIndex=38
2023-03-17 00:25:04,497 [s2-server-thread1] DEBUG server.RaftServer$Division (RaftServerImpl.java:logAppendEntries(1430)) - s2@group-8FC42D5FF1AF: succeeded to handle AppendEntries. Reply: s0<-s2#17935:OK-t1,SUCCESS,nextIndex=39,followerCommit=37,matchIndex=38
2023-03-17 00:25:04,507 [s2-server-thread1] DEBUG server.RaftServer$Division (RaftServerImpl.java:logAppendEntries(1430)) - s2@group-8FC42D5FF1AF: receive appendEntries(s0, 1, (t:1, i:38), 38, true, commits:[s0:c38, s1:c35, s2:c37], cId:17936, entries: [(t:1, i:39), STATEMACHINELOGENTRY, 74@client-963B1624FA6A]
2023-03-17 00:25:04,507 [s1-server-thread1] DEBUG server.RaftServer$Division (RaftServerImpl.java:logAppendEntries(1430)) - s1@group-8FC42D5FF1AF: receive appendEntries(s0, 1, (t:1, i:38), 37, true, commits:[s0:c37, s1:c35, s2:c37], cId:49926, entries: [(t:1, i:39), STATEMACHINELOGENTRY, 74@client-963B1624FA6A]
2023-03-17 00:25:04,507 [s2-server-thread1] DEBUG server.RaftServer$Division (RaftServerImpl.java:logAppendEntries(1430)) - s2@group-8FC42D5FF1AF: succeeded to handle AppendEntries. Reply: s0<-s2#17936:OK-t1,SUCCESS,nextIndex=40,followerCommit=38,matchIndex=39
2023-03-17 00:25:04,507 [s1-server-thread1] DEBUG server.RaftServer$Division (RaftServerImpl.java:logAppendEntries(1430)) - s1@group-8FC42D5FF1AF: succeeded to handle AppendEntries. Reply: s0<-s1#49926:OK-t1,SUCCESS,nextIndex=40,followerCommit=37,matchIndex=39
2023-03-17 00:25:04,514 [Thread-1834] INFO  impl.MiniRaftCluster (MiniRaftCluster.java:addNewPeers(464)) - Add new peers [s3, s4]
2023-03-17 00:25:04,514 [Thread-1834] INFO  impl.MiniRaftCluster (MiniRaftCluster.java:newRaftServer(382)) - newRaftServer: s3, group-8FC42D5FF1AF:[], format? true
2023-03-17 00:25:04,514 [Thread-1834] TRACE util.FileUtils (FileUtils.java:deleteFully(201)) - deleteFully target/test/data/ce6527c6/MiniRaftClusterWithGrpcf86a83d6/s3
2023-03-17 00:25:04,514 [Thread-1834] TRACE util.FileUtils (FileUtils.java:deleteFully(217)) - deleteFully: target/test/data/ce6527c6/MiniRaftClusterWithGrpcf86a83d6/s3 does not exist.
2023-03-17 00:25:04,514 [Thread-1834] INFO  impl.MiniRaftCluster (MiniRaftCluster.java:newRaftServer(387)) - Formatted directory target/test/data/ce6527c6/MiniRaftClusterWithGrpcf86a83d6/s3
2023-03-17 00:25:04,515 [Thread-1834] INFO  server.RaftServer (ConfUtils.java:logGet(46)) - raft.rpc.type = GRPC (default)
2023-03-17 00:25:04,515 [Thread-1834] INFO  grpc.GrpcConfigKeys (ConfUtils.java:logFallback(53)) - raft.grpc.admin.host = null (fallback to raft.grpc.server.host)
2023-03-17 00:25:04,515 [Thread-1834] INFO  grpc.GrpcConfigKeys (ConfUtils.java:logFallback(53)) - raft.grpc.admin.port = 35901 (fallback to raft.grpc.server.port)
2023-03-17 00:25:04,515 [Thread-1834] INFO  grpc.GrpcConfigKeys (ConfUtils.java:logFallback(53)) - raft.grpc.client.host = null (fallback to raft.grpc.server.host)
2023-03-17 00:25:04,515 [Thread-1834] INFO  grpc.GrpcConfigKeys (ConfUtils.java:logFallback(53)) - raft.grpc.client.port = 35901 (fallback to raft.grpc.server.port)
2023-03-17 00:25:04,515 [Thread-1834] INFO  grpc.GrpcConfigKeys (ConfUtils.java:logGet(46)) - raft.grpc.server.host = null (default)
2023-03-17 00:25:04,515 [Thread-1834] INFO  grpc.GrpcConfigKeys (ConfUtils.java:logGet(46)) - raft.grpc.server.port = 35901 (custom)
2023-03-17 00:25:04,515 [Thread-1834] INFO  server.GrpcService (ConfUtils.java:logGet(46)) - raft.grpc.message.size.max = 64MB (=67108864) (default)
2023-03-17 00:25:04,515 [Thread-1834] INFO  server.RaftServerConfigKeys (ConfUtils.java:logGet(46)) - raft.server.log.appender.buffer.byte-limit = 4MB (=4194304) (default)
2023-03-17 00:25:04,515 [Thread-1834] INFO  server.GrpcService (ConfUtils.java:logGet(46)) - raft.grpc.flow.control.window = 1MB (=1048576) (default)
2023-03-17 00:25:04,515 [Thread-1834] INFO  server.RaftServerConfigKeys (ConfUtils.java:logGet(46)) - raft.server.rpc.request.timeout = 3000ms (default)
2023-03-17 00:25:04,515 [Thread-1834] INFO  grpc.GrpcConfigKeys (ConfUtils.java:logGet(46)) - raft.grpc.server.heartbeat.channel = true (default)
2023-03-17 00:25:04,515 [Thread-1834] INFO  grpc.GrpcConfigKeys (ConfUtils.java:logGet(46)) - raft.grpc.server.async.request.thread.pool.cached = true (default)
2023-03-17 00:25:04,515 [Thread-1834] INFO  grpc.GrpcConfigKeys (ConfUtils.java:logGet(46)) - raft.grpc.server.async.request.thread.pool.size = 32 (default)
2023-03-17 00:25:04,515 [Thread-1834] INFO  impl.DataStreamServerImpl (ConfUtils.java:logGet(46)) - raft.datastream.type = DISABLED (default)
2023-03-17 00:25:04,516 [Thread-1834] INFO  server.RaftServerConfigKeys (ConfUtils.java:logGet(46)) - raft.server.threadpool.proxy.cached = true (default)
2023-03-17 00:25:04,516 [Thread-1834] INFO  server.RaftServerConfigKeys (ConfUtils.java:logGet(46)) - raft.server.threadpool.proxy.size = 0 (default)
2023-03-17 00:25:04,516 [Thread-1834] INFO  server.RaftServerConfigKeys (ConfUtils.java:logGet(46)) - raft.server.rpc.slowness.timeout = 60s (default)
2023-03-17 00:25:04,516 [Thread-1834] INFO  server.RaftServerConfigKeys (ConfUtils.java:logGet(46)) - raft.server.leaderelection.leader.step-down.wait-time = 10s (default)
2023-03-17 00:25:04,516 [Thread-1834] INFO  server.RaftServerConfigKeys (ConfUtils.java:logGet(46)) - raft.server.storage.dir = [/home/runner/work/ratis/ratis/ratis-test/target/test/data/ce6527c6/MiniRaftClusterWithGrpcf86a83d6/s3] (custom)
2023-03-17 00:25:04,516 [Thread-1834] INFO  server.RaftServer (RaftServerProxy.java:addNew(99)) - s3: addNew group-8FC42D5FF1AF:[] returns group-8FC42D5FF1AF:java.util.concurrent.CompletableFuture@6590bd8f[Not completed]
2023-03-17 00:25:04,516 [s3-groupManagement] INFO  server.RaftServer$Division (RaftServerImpl.java:<init>(198)) - s3: new RaftServerImpl for group-8FC42D5FF1AF:[] with BaseStateMachine:uninitialized
2023-03-17 00:25:04,516 [s3-groupManagement] INFO  server.RaftServerConfigKeys (ConfUtils.java:logGet(46)) - raft.server.rpc.timeout.min = 150ms (default)
2023-03-17 00:25:04,516 [s3-groupManagement] INFO  server.RaftServerConfigKeys (ConfUtils.java:logGet(46)) - raft.server.rpc.timeout.max = 300ms (default)
2023-03-17 00:25:04,516 [s3-groupManagement] INFO  server.RaftServerConfigKeys (ConfUtils.java:logGet(46)) - raft.server.rpc.sleep.time = 25ms (default)
2023-03-17 00:25:04,516 [s3-groupManagement] INFO  server.RaftServerConfigKeys (ConfUtils.java:logGet(46)) - raft.server.rpc.slowness.timeout = 60s (default)
2023-03-17 00:25:04,516 [s3-groupManagement] INFO  server.RaftServerConfigKeys (ConfUtils.java:logGet(46)) - raft.server.leaderelection.leader.step-down.wait-time = 10s (default)
2023-03-17 00:25:04,516 [s3-groupManagement] INFO  server.RaftServerConfigKeys (ConfUtils.java:logGet(46)) - raft.server.sleep.deviation.threshold = 300ms (default)
2023-03-17 00:25:04,516 [s3-groupManagement] INFO  server.RaftServer$Division (ServerState.java:<init>(113)) - s3@group-8FC42D5FF1AF: ConfigurationManager, init=-1: peers:[]|listeners:[], old=null, confs=<EMPTY_MAP>
2023-03-17 00:25:04,517 [s3-groupManagement] INFO  server.RaftServerConfigKeys (ConfUtils.java:logGet(46)) - raft.server.notification.no-leader.timeout = 60s (default)
2023-03-17 00:25:04,517 [s3-groupManagement] INFO  server.RaftServerConfigKeys (ConfUtils.java:logGet(46)) - raft.server.read.timeout = 10s (default)
2023-03-17 00:25:04,517 [s3-groupManagement] INFO  server.RaftServerConfigKeys (ConfUtils.java:logGet(46)) - raft.server.retrycache.expirytime = 60s (default)
2023-03-17 00:25:04,517 [s3-groupManagement] INFO  server.RaftServerConfigKeys (ConfUtils.java:logGet(46)) - raft.server.retrycache.statistics.expirytime = 100μs (default)
2023-03-17 00:25:04,517 [s3-groupManagement] INFO  server.RaftServerConfigKeys (ConfUtils.java:logGet(46)) - raft.server.read.option = DEFAULT (default)
2023-03-17 00:25:04,517 [s2-server-thread1] DEBUG server.RaftServer$Division (RaftServerImpl.java:logAppendEntries(1430)) - s2@group-8FC42D5FF1AF: receive appendEntries(s0, 1, (t:1, i:39), 39, true, commits:[s0:c39, s1:c37, s2:c38], cId:17937, entries: [(t:1, i:40), METADATAENTRY(c:39)]
2023-03-17 00:25:04,518 [s1-server-thread1] DEBUG server.RaftServer$Division (RaftServerImpl.java:logAppendEntries(1430)) - s1@group-8FC42D5FF1AF: receive appendEntries(s0, 1, (t:1, i:39), 39, true, commits:[s0:c39, s1:c37, s2:c38], cId:49927, entries: [(t:1, i:40), METADATAENTRY(c:39)]
2023-03-17 00:25:04,518 [s2-server-thread1] DEBUG server.RaftServer$Division (RaftServerImpl.java:logAppendEntries(1430)) - s2@group-8FC42D5FF1AF: succeeded to handle AppendEntries. Reply: s0<-s2#17937:OK-t1,SUCCESS,nextIndex=41,followerCommit=39,matchIndex=40
2023-03-17 00:25:04,518 [s3-groupManagement] INFO  server.RaftServerConfigKeys (ConfUtils.java:logGet(46)) - raft.server.log.appender.install.snapshot.enabled = true (default)
2023-03-17 00:25:04,518 [s3-groupManagement] INFO  server.RaftServerConfigKeys (ConfUtils.java:logGet(46)) - raft.server.threadpool.server.cached = true (default)
2023-03-17 00:25:04,518 [s3-groupManagement] INFO  server.RaftServerConfigKeys (ConfUtils.java:logGet(46)) - raft.server.threadpool.server.size = 0 (default)
2023-03-17 00:25:04,518 [s1-server-thread1] DEBUG server.RaftServer$Division (RaftServerImpl.java:logAppendEntries(1430)) - s1@group-8FC42D5FF1AF: succeeded to handle AppendEntries. Reply: s0<-s1#49927:OK-t1,SUCCESS,nextIndex=41,followerCommit=39,matchIndex=40
2023-03-17 00:25:04,519 [s3-groupManagement] INFO  server.RaftServerConfigKeys (ConfUtils.java:logGet(46)) - raft.server.threadpool.client.cached = true (default)
2023-03-17 00:25:04,519 [Thread-1834] INFO  impl.MiniRaftCluster (MiniRaftCluster.java:newRaftServer(382)) - newRaftServer: s4, group-8FC42D5FF1AF:[], format? true
2023-03-17 00:25:04,519 [Thread-1834] TRACE util.FileUtils (FileUtils.java:deleteFully(201)) - deleteFully target/test/data/ce6527c6/MiniRaftClusterWithGrpcf86a83d6/s4
2023-03-17 00:25:04,519 [s3-groupManagement] INFO  server.RaftServerConfigKeys (ConfUtils.java:logGet(46)) - raft.server.threadpool.client.size = 0 (default)
2023-03-17 00:25:04,519 [Thread-1834] TRACE util.FileUtils (FileUtils.java:deleteFully(217)) - deleteFully: target/test/data/ce6527c6/MiniRaftClusterWithGrpcf86a83d6/s4 does not exist.
2023-03-17 00:25:04,519 [Thread-1834] INFO  impl.MiniRaftCluster (MiniRaftCluster.java:newRaftServer(387)) - Formatted directory target/test/data/ce6527c6/MiniRaftClusterWithGrpcf86a83d6/s4
2023-03-17 00:25:04,519 [Thread-1834] INFO  server.RaftServer (ConfUtils.java:logGet(46)) - raft.rpc.type = GRPC (default)
2023-03-17 00:25:04,519 [Thread-1834] INFO  grpc.GrpcConfigKeys (ConfUtils.java:logFallback(53)) - raft.grpc.admin.host = null (fallback to raft.grpc.server.host)
2023-03-17 00:25:04,520 [Thread-1834] INFO  grpc.GrpcConfigKeys (ConfUtils.java:logFallback(53)) - raft.grpc.admin.port = 34001 (fallback to raft.grpc.server.port)
2023-03-17 00:25:04,520 [Thread-1834] INFO  grpc.GrpcConfigKeys (ConfUtils.java:logFallback(53)) - raft.grpc.client.host = null (fallback to raft.grpc.server.host)
2023-03-17 00:25:04,520 [Thread-1834] INFO  grpc.GrpcConfigKeys (ConfUtils.java:logFallback(53)) - raft.grpc.client.port = 34001 (fallback to raft.grpc.server.port)
2023-03-17 00:25:04,520 [Thread-1834] INFO  grpc.GrpcConfigKeys (ConfUtils.java:logGet(46)) - raft.grpc.server.host = null (default)
2023-03-17 00:25:04,520 [Thread-1834] INFO  grpc.GrpcConfigKeys (ConfUtils.java:logGet(46)) - raft.grpc.server.port = 34001 (custom)
2023-03-17 00:25:04,520 [Thread-1834] INFO  server.GrpcService (ConfUtils.java:logGet(46)) - raft.grpc.message.size.max = 64MB (=67108864) (default)
2023-03-17 00:25:04,520 [Thread-1834] INFO  server.RaftServerConfigKeys (ConfUtils.java:logGet(46)) - raft.server.log.appender.buffer.byte-limit = 4MB (=4194304) (default)
2023-03-17 00:25:04,520 [Thread-1834] INFO  server.GrpcService (ConfUtils.java:logGet(46)) - raft.grpc.flow.control.window = 1MB (=1048576) (default)
2023-03-17 00:25:04,520 [Thread-1834] INFO  server.RaftServerConfigKeys (ConfUtils.java:logGet(46)) - raft.server.rpc.request.timeout = 3000ms (default)
2023-03-17 00:25:04,520 [Thread-1834] INFO  grpc.GrpcConfigKeys (ConfUtils.java:logGet(46)) - raft.grpc.server.heartbeat.channel = true (default)
2023-03-17 00:25:04,520 [Thread-1834] INFO  grpc.GrpcConfigKeys (ConfUtils.java:logGet(46)) - raft.grpc.server.async.request.thread.pool.cached = true (default)
2023-03-17 00:25:04,520 [Thread-1834] INFO  grpc.GrpcConfigKeys (ConfUtils.java:logGet(46)) - raft.grpc.server.async.request.thread.pool.size = 32 (default)
2023-03-17 00:25:04,520 [Thread-1834] INFO  impl.DataStreamServerImpl (ConfUtils.java:logGet(46)) - raft.datastream.type = DISABLED (default)
2023-03-17 00:25:04,520 [Thread-1834] INFO  server.RaftServerConfigKeys (ConfUtils.java:logGet(46)) - raft.server.threadpool.proxy.cached = true (default)
2023-03-17 00:25:04,520 [Thread-1834] INFO  server.RaftServerConfigKeys (ConfUtils.java:logGet(46)) - raft.server.threadpool.proxy.size = 0 (default)
2023-03-17 00:25:04,520 [Thread-1834] INFO  server.RaftServerConfigKeys (ConfUtils.java:logGet(46)) - raft.server.rpc.slowness.timeout = 60s (default)
2023-03-17 00:25:04,520 [Thread-1834] INFO  server.RaftServerConfigKeys (ConfUtils.java:logGet(46)) - raft.server.leaderelection.leader.step-down.wait-time = 10s (default)
2023-03-17 00:25:04,521 [Thread-1834] INFO  server.RaftServerConfigKeys (ConfUtils.java:logGet(46)) - raft.server.storage.dir = [/home/runner/work/ratis/ratis/ratis-test/target/test/data/ce6527c6/MiniRaftClusterWithGrpcf86a83d6/s4] (custom)
2023-03-17 00:25:04,521 [Thread-1834] INFO  server.RaftServer (RaftServerProxy.java:addNew(99)) - s4: addNew group-8FC42D5FF1AF:[] returns group-8FC42D5FF1AF:java.util.concurrent.CompletableFuture@6523f72e[Not completed]
2023-03-17 00:25:04,521 [s4-groupManagement] INFO  server.RaftServer$Division (RaftServerImpl.java:<init>(198)) - s4: new RaftServerImpl for group-8FC42D5FF1AF:[] with BaseStateMachine:uninitialized
2023-03-17 00:25:04,521 [s3-impl-thread1] INFO  server.RaftServerConfigKeys (ConfUtils.java:logGet(46)) - raft.server.storage.free-space.min = 0MB (=0) (default)
2023-03-17 00:25:04,521 [s3-impl-thread1] INFO  server.RaftServerConfigKeys (ConfUtils.java:logGet(46)) - raft.server.log.corruption.policy = EXCEPTION (default)
2023-03-17 00:25:04,521 [s4-groupManagement] INFO  server.RaftServerConfigKeys (ConfUtils.java:logGet(46)) - raft.server.rpc.timeout.min = 150ms (default)
2023-03-17 00:25:04,521 [s3-impl-thread1] INFO  server.RaftServerConfigKeys (ConfUtils.java:logGet(46)) - raft.server.storage.dir = [/home/runner/work/ratis/ratis/ratis-test/target/test/data/ce6527c6/MiniRaftClusterWithGrpcf86a83d6/s3] (custom)
2023-03-17 00:25:04,521 [s4-groupManagement] INFO  server.RaftServerConfigKeys (ConfUtils.java:logGet(46)) - raft.server.rpc.timeout.max = 300ms (default)
2023-03-17 00:25:04,522 [s4-groupManagement] INFO  server.RaftServerConfigKeys (ConfUtils.java:logGet(46)) - raft.server.rpc.sleep.time = 25ms (default)
2023-03-17 00:25:04,522 [s4-groupManagement] INFO  server.RaftServerConfigKeys (ConfUtils.java:logGet(46)) - raft.server.rpc.slowness.timeout = 60s (default)
2023-03-17 00:25:04,522 [s3-impl-thread1] INFO  storage.RaftStorageDirectory (RaftStorageDirectoryImpl.java:analyzeStorage(138)) - The storage directory /home/runner/work/ratis/ratis/ratis-test/target/test/data/ce6527c6/MiniRaftClusterWithGrpcf86a83d6/s3/a76324f6-3d35-4c0d-8bf8-8fc42d5ff1af does not exist. Creating ...
2023-03-17 00:25:04,522 [s4-groupManagement] INFO  server.RaftServerConfigKeys (ConfUtils.java:logGet(46)) - raft.server.leaderelection.leader.step-down.wait-time = 10s (default)
2023-03-17 00:25:04,522 [s4-groupManagement] INFO  server.RaftServerConfigKeys (ConfUtils.java:logGet(46)) - raft.server.sleep.deviation.threshold = 300ms (default)
2023-03-17 00:25:04,522 [s4-groupManagement] INFO  server.RaftServer$Division (ServerState.java:<init>(113)) - s4@group-8FC42D5FF1AF: ConfigurationManager, init=-1: peers:[]|listeners:[], old=null, confs=<EMPTY_MAP>
2023-03-17 00:25:04,522 [s4-groupManagement] INFO  server.RaftServerConfigKeys (ConfUtils.java:logGet(46)) - raft.server.notification.no-leader.timeout = 60s (default)
2023-03-17 00:25:04,522 [s4-groupManagement] INFO  server.RaftServerConfigKeys (ConfUtils.java:logGet(46)) - raft.server.read.timeout = 10s (default)
2023-03-17 00:25:04,522 [s3-impl-thread1] TRACE util.FileUtils (LogUtils.java:runAndLog(49)) - Successfully ran Files.createDirectories /home/runner/work/ratis/ratis/ratis-test/target/test/data/ce6527c6/MiniRaftClusterWithGrpcf86a83d6/s3/a76324f6-3d35-4c0d-8bf8-8fc42d5ff1af
2023-03-17 00:25:04,522 [s4-groupManagement] INFO  server.RaftServerConfigKeys (ConfUtils.java:logGet(46)) - raft.server.retrycache.expirytime = 60s (default)
2023-03-17 00:25:04,522 [s4-groupManagement] INFO  server.RaftServerConfigKeys (ConfUtils.java:logGet(46)) - raft.server.retrycache.statistics.expirytime = 100μs (default)
2023-03-17 00:25:04,522 [s4-groupManagement] INFO  server.RaftServerConfigKeys (ConfUtils.java:logGet(46)) - raft.server.read.option = DEFAULT (default)
2023-03-17 00:25:04,522 [s4-groupManagement] INFO  server.RaftServerConfigKeys (ConfUtils.java:logGet(46)) - raft.server.log.appender.install.snapshot.enabled = true (default)
2023-03-17 00:25:04,523 [s4-groupManagement] INFO  server.RaftServerConfigKeys (ConfUtils.java:logGet(46)) - raft.server.threadpool.server.cached = true (default)
2023-03-17 00:25:04,523 [s4-groupManagement] INFO  server.RaftServerConfigKeys (ConfUtils.java:logGet(46)) - raft.server.threadpool.server.size = 0 (default)
2023-03-17 00:25:04,523 [s4-groupManagement] INFO  server.RaftServerConfigKeys (ConfUtils.java:logGet(46)) - raft.server.threadpool.client.cached = true (default)
2023-03-17 00:25:04,523 [s4-groupManagement] INFO  server.RaftServerConfigKeys (ConfUtils.java:logGet(46)) - raft.server.threadpool.client.size = 0 (default)
2023-03-17 00:25:04,523 [s3-impl-thread1] INFO  storage.RaftStorageDirectory (RaftStorageDirectoryImpl.java:tryLock(232)) - Lock on /home/runner/work/ratis/ratis/ratis-test/target/test/data/ce6527c6/MiniRaftClusterWithGrpcf86a83d6/s3/a76324f6-3d35-4c0d-8bf8-8fc42d5ff1af/in_use.lock acquired by nodename 10276@fv-az426-358
2023-03-17 00:25:04,523 [s3-impl-thread1] TRACE util.FileUtils (LogUtils.java:runAndLog(49)) - Successfully ran Files.createDirectories /home/runner/work/ratis/ratis/ratis-test/target/test/data/ce6527c6/MiniRaftClusterWithGrpcf86a83d6/s3/a76324f6-3d35-4c0d-8bf8-8fc42d5ff1af/current
2023-03-17 00:25:04,523 [s3-impl-thread1] TRACE util.FileUtils (LogUtils.java:runAndLog(49)) - Successfully ran Files.createDirectories /home/runner/work/ratis/ratis/ratis-test/target/test/data/ce6527c6/MiniRaftClusterWithGrpcf86a83d6/s3/a76324f6-3d35-4c0d-8bf8-8fc42d5ff1af/sm
2023-03-17 00:25:04,524 [s3-impl-thread1] INFO  storage.RaftStorage (RaftStorageImpl.java:format(96)) - Storage directory /home/runner/work/ratis/ratis/ratis-test/target/test/data/ce6527c6/MiniRaftClusterWithGrpcf86a83d6/s3/a76324f6-3d35-4c0d-8bf8-8fc42d5ff1af has been successfully formatted.
2023-03-17 00:25:04,524 [s3-impl-thread1] INFO  server.RaftServerConfigKeys (ConfUtils.java:logGet(46)) - raft.server.log.use.memory = false (default)
2023-03-17 00:25:04,524 [s3-impl-thread1] INFO  server.RaftServerConfigKeys (ConfUtils.java:logGet(46)) - raft.server.log.purge.gap = 1024 (default)
2023-03-17 00:25:04,524 [s3-impl-thread1] INFO  server.RaftServerConfigKeys (ConfUtils.java:logGet(46)) - raft.server.log.appender.buffer.byte-limit = 4MB (=4194304) (default)
2023-03-17 00:25:04,524 [s3-impl-thread1] INFO  server.RaftServerConfigKeys (ConfUtils.java:logGet(46)) - raft.server.log.statemachine.data.read.timeout = 1000ms (default)
2023-03-17 00:25:04,524 [s3-impl-thread1] INFO  server.RaftServerConfigKeys (ConfUtils.java:logGet(46)) - raft.server.log.purge.preservation.log.num = 0 (default)
2023-03-17 00:25:04,524 [s3-impl-thread1] INFO  server.RaftServerConfigKeys (ConfUtils.java:logGet(46)) - raft.server.log.segment.size.max = 8MB (=8388608) (default)
2023-03-17 00:25:04,525 [s3-impl-thread1] INFO  server.RaftServerConfigKeys (ConfUtils.java:logGet(46)) - raft.server.log.segment.cache.num.max = 6 (default)
2023-03-17 00:25:04,525 [s3-impl-thread1] INFO  server.RaftServerConfigKeys (ConfUtils.java:logGet(46)) - raft.server.log.segment.cache.size.max = 200MB (=209715200) (default)
2023-03-17 00:25:04,525 [s3-impl-thread1] INFO  server.RaftServerConfigKeys (ConfUtils.java:logGet(46)) - raft.server.log.appender.buffer.byte-limit = 4MB (=4194304) (default)
2023-03-17 00:25:04,525 [s3-impl-thread1] INFO  segmented.SegmentedRaftLogWorker (SegmentedRaftLogWorker.java:<init>(183)) - new s3@group-8FC42D5FF1AF-SegmentedRaftLogWorker for RaftStorageImpl:Storage Directory /home/runner/work/ratis/ratis/ratis-test/target/test/data/ce6527c6/MiniRaftClusterWithGrpcf86a83d6/s3/a76324f6-3d35-4c0d-8bf8-8fc42d5ff1af
2023-03-17 00:25:04,525 [s3-impl-thread1] INFO  server.RaftServerConfigKeys (ConfUtils.java:logGet(46)) - raft.server.log.queue.byte-limit = 64MB (=67108864) (default)
2023-03-17 00:25:04,525 [s3-impl-thread1] INFO  server.RaftServerConfigKeys (ConfUtils.java:logGet(46)) - raft.server.log.queue.element-limit = 4096 (default)
2023-03-17 00:25:04,525 [s3-impl-thread1] INFO  server.RaftServerConfigKeys (ConfUtils.java:logGet(46)) - raft.server.log.segment.size.max = 8MB (=8388608) (default)
2023-03-17 00:25:04,525 [s3-impl-thread1] INFO  server.RaftServerConfigKeys (ConfUtils.java:logGet(46)) - raft.server.log.preallocated.size = 4MB (=4194304) (default)
2023-03-17 00:25:04,525 [s3-impl-thread1] INFO  server.RaftServerConfigKeys (ConfUtils.java:logGet(46)) - raft.server.log.force.sync.num = 128 (default)
2023-03-17 00:25:04,525 [s3-impl-thread1] INFO  server.RaftServerConfigKeys (ConfUtils.java:logGet(46)) - raft.server.log.statemachine.data.sync = true (default)
2023-03-17 00:25:04,525 [s3-impl-thread1] INFO  server.RaftServerConfigKeys (ConfUtils.java:logGet(46)) - raft.server.log.statemachine.data.sync.timeout = 10s (default)
2023-03-17 00:25:04,525 [s3-impl-thread1] INFO  server.RaftServerConfigKeys (ConfUtils.java:logGet(46)) - raft.server.log.statemachine.data.sync.timeout.retry = -1 (default)
2023-03-17 00:25:04,525 [s3-impl-thread1] INFO  server.RaftServerConfigKeys (ConfUtils.java:logGet(46)) - raft.server.log.write.buffer.size = 64KB (=65536) (default)
2023-03-17 00:25:04,525 [s3-impl-thread1] INFO  server.RaftServerConfigKeys (ConfUtils.java:logGet(46)) - raft.server.log.appender.buffer.byte-limit = 4MB (=4194304) (default)
2023-03-17 00:25:04,526 [s3-impl-thread1] INFO  server.RaftServerConfigKeys (ConfUtils.java:logGet(46)) - raft.server.log.unsafe-flush.enabled = false (default)
2023-03-17 00:25:04,526 [s3-impl-thread1] INFO  server.RaftServerConfigKeys (ConfUtils.java:logGet(46)) - raft.server.log.async-flush.enabled = false (default)
2023-03-17 00:25:04,526 [s3-impl-thread1] INFO  server.RaftServerConfigKeys (ConfUtils.java:logGet(46)) - raft.server.log.statemachine.data.caching.enabled = false (default)
2023-03-17 00:25:04,526 [s3-impl-thread1] INFO  segmented.SegmentedRaftLogWorker (SegmentedRaftLogWorker.java:lambda$new$0(134)) - s3@group-8FC42D5FF1AF-SegmentedRaftLogWorker: flushIndex: setUnconditionally 0 -> -1
2023-03-17 00:25:04,526 [s3-impl-thread1] INFO  segmented.SegmentedRaftLogWorker (SegmentedRaftLogWorker.java:lambda$new$0(134)) - s3@group-8FC42D5FF1AF-SegmentedRaftLogWorker: safeCacheEvictIndex: setUnconditionally 0 -> -1
2023-03-17 00:25:04,526 [s3-impl-thread1] INFO  server.RaftServer$Division (RaftServerImpl.java:start(348)) - s3@group-8FC42D5FF1AF: start with initializing state, conf=-1: peers:[]|listeners:[], old=null
2023-03-17 00:25:04,526 [s3-impl-thread1] INFO  server.RaftServer$Division (RaftServerImpl.java:setRole(329)) - s3@group-8FC42D5FF1AF: changes role from      null to FOLLOWER at term 0 for startInitializing
2023-03-17 00:25:04,526 [s3-impl-thread1] INFO  util.JmxRegister (JmxRegister.java:tryRegister(44)) - Successfully registered JMX Bean with object name Ratis:service=RaftServer,group=group-8FC42D5FF1AF,id=s3
2023-03-17 00:25:04,526 [s3-impl-thread1] INFO  server.RaftServerConfigKeys (ConfUtils.java:logGet(46)) - raft.server.snapshot.auto.trigger.enabled = false (default)
2023-03-17 00:25:04,526 [s3-impl-thread1] INFO  server.RaftServerConfigKeys (ConfUtils.java:logGet(46)) - raft.server.snapshot.retention.file.num = -1 (default)
2023-03-17 00:25:04,526 [s3-impl-thread1] INFO  server.RaftServerConfigKeys (ConfUtils.java:logGet(46)) - raft.server.log.purge.upto.snapshot.index = false (default)
2023-03-17 00:25:04,529 [Thread-1834] INFO  server.RaftServer (RaftServerProxy.java:startImpl(401)) - s3: start RPC server
2023-03-17 00:25:04,531 [Thread-1834] INFO  server.GrpcService (GrpcService.java:startImpl(302)) - s3: GrpcService started, listening on 35901
2023-03-17 00:25:04,535 [JvmPauseMonitor62] INFO  util.JvmPauseMonitor (JvmPauseMonitor.java:run(103)) - JvmPauseMonitor-s3: Started
2023-03-17 00:25:04,536 [s4-impl-thread1] INFO  server.RaftServerConfigKeys (ConfUtils.java:logGet(46)) - raft.server.storage.free-space.min = 0MB (=0) (default)
2023-03-17 00:25:04,536 [s4-impl-thread1] INFO  server.RaftServerConfigKeys (ConfUtils.java:logGet(46)) - raft.server.log.corruption.policy = EXCEPTION (default)
2023-03-17 00:25:04,536 [s4-impl-thread1] INFO  server.RaftServerConfigKeys (ConfUtils.java:logGet(46)) - raft.server.storage.dir = [/home/runner/work/ratis/ratis/ratis-test/target/test/data/ce6527c6/MiniRaftClusterWithGrpcf86a83d6/s4] (custom)
2023-03-17 00:25:04,536 [s4-impl-thread1] INFO  storage.RaftStorageDirectory (RaftStorageDirectoryImpl.java:analyzeStorage(138)) - The storage directory /home/runner/work/ratis/ratis/ratis-test/target/test/data/ce6527c6/MiniRaftClusterWithGrpcf86a83d6/s4/a76324f6-3d35-4c0d-8bf8-8fc42d5ff1af does not exist. Creating ...
2023-03-17 00:25:04,536 [s4-impl-thread1] TRACE util.FileUtils (LogUtils.java:runAndLog(49)) - Successfully ran Files.createDirectories /home/runner/work/ratis/ratis/ratis-test/target/test/data/ce6527c6/MiniRaftClusterWithGrpcf86a83d6/s4/a76324f6-3d35-4c0d-8bf8-8fc42d5ff1af
2023-03-17 00:25:04,537 [s4-impl-thread1] INFO  storage.RaftStorageDirectory (RaftStorageDirectoryImpl.java:tryLock(232)) - Lock on /home/runner/work/ratis/ratis/ratis-test/target/test/data/ce6527c6/MiniRaftClusterWithGrpcf86a83d6/s4/a76324f6-3d35-4c0d-8bf8-8fc42d5ff1af/in_use.lock acquired by nodename 10276@fv-az426-358
2023-03-17 00:25:04,538 [s4-impl-thread1] TRACE util.FileUtils (LogUtils.java:runAndLog(49)) - Successfully ran Files.createDirectories /home/runner/work/ratis/ratis/ratis-test/target/test/data/ce6527c6/MiniRaftClusterWithGrpcf86a83d6/s4/a76324f6-3d35-4c0d-8bf8-8fc42d5ff1af/current
2023-03-17 00:25:04,538 [s4-impl-thread1] TRACE util.FileUtils (LogUtils.java:runAndLog(49)) - Successfully ran Files.createDirectories /home/runner/work/ratis/ratis/ratis-test/target/test/data/ce6527c6/MiniRaftClusterWithGrpcf86a83d6/s4/a76324f6-3d35-4c0d-8bf8-8fc42d5ff1af/sm
2023-03-17 00:25:04,539 [s4-impl-thread1] INFO  storage.RaftStorage (RaftStorageImpl.java:format(96)) - Storage directory /home/runner/work/ratis/ratis/ratis-test/target/test/data/ce6527c6/MiniRaftClusterWithGrpcf86a83d6/s4/a76324f6-3d35-4c0d-8bf8-8fc42d5ff1af has been successfully formatted.
2023-03-17 00:25:04,539 [s4-impl-thread1] INFO  server.RaftServerConfigKeys (ConfUtils.java:logGet(46)) - raft.server.log.use.memory = false (default)
2023-03-17 00:25:04,539 [s4-impl-thread1] INFO  server.RaftServerConfigKeys (ConfUtils.java:logGet(46)) - raft.server.log.purge.gap = 1024 (default)
2023-03-17 00:25:04,539 [s4-impl-thread1] INFO  server.RaftServerConfigKeys (ConfUtils.java:logGet(46)) - raft.server.log.appender.buffer.byte-limit = 4MB (=4194304) (default)
2023-03-17 00:25:04,539 [s4-impl-thread1] INFO  server.RaftServerConfigKeys (ConfUtils.java:logGet(46)) - raft.server.log.statemachine.data.read.timeout = 1000ms (default)
2023-03-17 00:25:04,539 [s4-impl-thread1] INFO  server.RaftServerConfigKeys (ConfUtils.java:logGet(46)) - raft.server.log.purge.preservation.log.num = 0 (default)
2023-03-17 00:25:04,539 [s4-impl-thread1] INFO  server.RaftServerConfigKeys (ConfUtils.java:logGet(46)) - raft.server.log.segment.size.max = 8MB (=8388608) (default)
2023-03-17 00:25:04,539 [s4-impl-thread1] INFO  server.RaftServerConfigKeys (ConfUtils.java:logGet(46)) - raft.server.log.segment.cache.num.max = 6 (default)
2023-03-17 00:25:04,539 [s4-impl-thread1] INFO  server.RaftServerConfigKeys (ConfUtils.java:logGet(46)) - raft.server.log.segment.cache.size.max = 200MB (=209715200) (default)
2023-03-17 00:25:04,539 [s4-impl-thread1] INFO  server.RaftServerConfigKeys (ConfUtils.java:logGet(46)) - raft.server.log.appender.buffer.byte-limit = 4MB (=4194304) (default)
2023-03-17 00:25:04,539 [s4-impl-thread1] INFO  segmented.SegmentedRaftLogWorker (SegmentedRaftLogWorker.java:<init>(183)) - new s4@group-8FC42D5FF1AF-SegmentedRaftLogWorker for RaftStorageImpl:Storage Directory /home/runner/work/ratis/ratis/ratis-test/target/test/data/ce6527c6/MiniRaftClusterWithGrpcf86a83d6/s4/a76324f6-3d35-4c0d-8bf8-8fc42d5ff1af
2023-03-17 00:25:04,539 [s4-impl-thread1] INFO  server.RaftServerConfigKeys (ConfUtils.java:logGet(46)) - raft.server.log.queue.byte-limit = 64MB (=67108864) (default)
2023-03-17 00:25:04,539 [s4-impl-thread1] INFO  server.RaftServerConfigKeys (ConfUtils.java:logGet(46)) - raft.server.log.queue.element-limit = 4096 (default)
2023-03-17 00:25:04,539 [s4-impl-thread1] INFO  server.RaftServerConfigKeys (ConfUtils.java:logGet(46)) - raft.server.log.segment.size.max = 8MB (=8388608) (default)
2023-03-17 00:25:04,539 [s4-impl-thread1] INFO  server.RaftServerConfigKeys (ConfUtils.java:logGet(46)) - raft.server.log.preallocated.size = 4MB (=4194304) (default)
2023-03-17 00:25:04,539 [s4-impl-thread1] INFO  server.RaftServerConfigKeys (ConfUtils.java:logGet(46)) - raft.server.log.force.sync.num = 128 (default)
2023-03-17 00:25:04,539 [s4-impl-thread1] INFO  server.RaftServerConfigKeys (ConfUtils.java:logGet(46)) - raft.server.log.statemachine.data.sync = true (default)
2023-03-17 00:25:04,539 [s4-impl-thread1] INFO  server.RaftServerConfigKeys (ConfUtils.java:logGet(46)) - raft.server.log.statemachine.data.sync.timeout = 10s (default)
2023-03-17 00:25:04,539 [s4-impl-thread1] INFO  server.RaftServerConfigKeys (ConfUtils.java:logGet(46)) - raft.server.log.statemachine.data.sync.timeout.retry = -1 (default)
2023-03-17 00:25:04,540 [s4-impl-thread1] INFO  server.RaftServerConfigKeys (ConfUtils.java:logGet(46)) - raft.server.log.write.buffer.size = 64KB (=65536) (default)
2023-03-17 00:25:04,540 [s4-impl-thread1] INFO  server.RaftServerConfigKeys (ConfUtils.java:logGet(46)) - raft.server.log.appender.buffer.byte-limit = 4MB (=4194304) (default)
2023-03-17 00:25:04,540 [s4-impl-thread1] INFO  server.RaftServerConfigKeys (ConfUtils.java:logGet(46)) - raft.server.log.unsafe-flush.enabled = false (default)
2023-03-17 00:25:04,540 [s4-impl-thread1] INFO  server.RaftServerConfigKeys (ConfUtils.java:logGet(46)) - raft.server.log.async-flush.enabled = false (default)
2023-03-17 00:25:04,540 [s4-impl-thread1] INFO  server.RaftServerConfigKeys (ConfUtils.java:logGet(46)) - raft.server.log.statemachine.data.caching.enabled = false (default)
2023-03-17 00:25:04,540 [s4-impl-thread1] INFO  segmented.SegmentedRaftLogWorker (SegmentedRaftLogWorker.java:lambda$new$0(134)) - s4@group-8FC42D5FF1AF-SegmentedRaftLogWorker: flushIndex: setUnconditionally 0 -> -1
2023-03-17 00:25:04,540 [s4-impl-thread1] INFO  segmented.SegmentedRaftLogWorker (SegmentedRaftLogWorker.java:lambda$new$0(134)) - s4@group-8FC42D5FF1AF-SegmentedRaftLogWorker: safeCacheEvictIndex: setUnconditionally 0 -> -1
2023-03-17 00:25:04,555 [s4-impl-thread1] INFO  server.RaftServer$Division (RaftServerImpl.java:start(348)) - s4@group-8FC42D5FF1AF: start with initializing state, conf=-1: peers:[]|listeners:[], old=null
2023-03-17 00:25:04,555 [s4-impl-thread1] INFO  server.RaftServer$Division (RaftServerImpl.java:setRole(329)) - s4@group-8FC42D5FF1AF: changes role from      null to FOLLOWER at term 0 for startInitializing
2023-03-17 00:25:04,555 [s4-impl-thread1] INFO  util.JmxRegister (JmxRegister.java:tryRegister(44)) - Successfully registered JMX Bean with object name Ratis:service=RaftServer,group=group-8FC42D5FF1AF,id=s4
2023-03-17 00:25:04,555 [s4-impl-thread1] INFO  server.RaftServerConfigKeys (ConfUtils.java:logGet(46)) - raft.server.snapshot.auto.trigger.enabled = false (default)
2023-03-17 00:25:04,556 [s4-impl-thread1] INFO  server.RaftServerConfigKeys (ConfUtils.java:logGet(46)) - raft.server.snapshot.retention.file.num = -1 (default)
2023-03-17 00:25:04,556 [s4-impl-thread1] INFO  server.RaftServerConfigKeys (ConfUtils.java:logGet(46)) - raft.server.log.purge.upto.snapshot.index = false (default)
2023-03-17 00:25:04,560 [Thread-1834] INFO  server.RaftServer (RaftServerProxy.java:startImpl(401)) - s4: start RPC server
2023-03-17 00:25:04,560 [Thread-1834] INFO  server.GrpcService (GrpcService.java:startImpl(302)) - s4: GrpcService started, listening on 34001
2023-03-17 00:25:04,567 [Thread-1834] INFO  grpc.TestRaftReconfigurationWithGrpc (RaftReconfigurationBaseTest.java:lambda$runTestReconfTwice$6(284)) - Start changing the configuration: [s3|rpc:0.0.0.0:35901|priority:0|startupRole:FOLLOWER, s4|rpc:0.0.0.0:34001|priority:0|startupRole:FOLLOWER, s0|rpc:localhost:38803|admin:localhost:44025|client:localhost:46541|dataStream:localhost:33933|priority:0|startupRole:FOLLOWER, s1|rpc:localhost:33457|admin:localhost:44537|client:localhost:35509|dataStream:localhost:46497|priority:0|startupRole:FOLLOWER, s2|rpc:localhost:33809|admin:localhost:34515|client:localhost:37595|dataStream:localhost:37379|priority:0|startupRole:FOLLOWER]
2023-03-17 00:25:04,568 [JvmPauseMonitor63] INFO  util.JvmPauseMonitor (JvmPauseMonitor.java:run(103)) - JvmPauseMonitor-s4: Started
2023-03-17 00:25:04,575 [s0-server-thread1] INFO  server.RaftServer$Division (RaftServerImpl.java:setConfigurationAsync(1197)) - s0@group-8FC42D5FF1AF: receive setConfiguration SetConfigurationRequest:client-963B1624FA6A->s0@group-8FC42D5FF1AF, cid=75, seq=0, RW, null, SET_UNCONDITIONALLY, servers:[s3|rpc:0.0.0.0:35901|dataStream:|priority:0|startupRole:FOLLOWER, s4|rpc:0.0.0.0:34001|dataStream:|priority:0|startupRole:FOLLOWER, s0|rpc:localhost:38803|admin:localhost:44025|client:localhost:46541|dataStream:localhost:33933|priority:0|startupRole:FOLLOWER, s1|rpc:localhost:33457|admin:localhost:44537|client:localhost:35509|dataStream:localhost:46497|priority:0|startupRole:FOLLOWER, s2|rpc:localhost:33809|admin:localhost:34515|client:localhost:37595|dataStream:localhost:37379|priority:0|startupRole:FOLLOWER], listeners:[]
2023-03-17 00:25:04,576 [s0-server-thread1] INFO  server.RaftServer$Division (LeaderStateImpl.java:startSetConfiguration(440)) - s0@group-8FC42D5FF1AF-LeaderStateImpl: startSetConfiguration SetConfigurationRequest:client-963B1624FA6A->s0@group-8FC42D5FF1AF, cid=75, seq=0, RW, null, SET_UNCONDITIONALLY, servers:[s3|rpc:0.0.0.0:35901|dataStream:|priority:0|startupRole:FOLLOWER, s4|rpc:0.0.0.0:34001|dataStream:|priority:0|startupRole:FOLLOWER, s0|rpc:localhost:38803|admin:localhost:44025|client:localhost:46541|dataStream:localhost:33933|priority:0|startupRole:FOLLOWER, s1|rpc:localhost:33457|admin:localhost:44537|client:localhost:35509|dataStream:localhost:46497|priority:0|startupRole:FOLLOWER, s2|rpc:localhost:33809|admin:localhost:34515|client:localhost:37595|dataStream:localhost:37379|priority:0|startupRole:FOLLOWER], listeners:[]
2023-03-17 00:25:04,576 [s0-server-thread1] INFO  server.RaftServerConfigKeys (ConfUtils.java:logGet(46)) - raft.server.log.appender.snapshot.chunk.size.max = 16MB (=16777216) (default)
2023-03-17 00:25:04,576 [s0-server-thread1] INFO  server.RaftServerConfigKeys (ConfUtils.java:logGet(46)) - raft.server.log.appender.buffer.byte-limit = 4MB (=4194304) (default)
2023-03-17 00:25:04,576 [s0-server-thread1] INFO  server.RaftServerConfigKeys (ConfUtils.java:logGet(46)) - raft.server.log.appender.buffer.element-limit = 0 (default)
2023-03-17 00:25:04,576 [s0-server-thread1] INFO  server.RaftServerConfigKeys (ConfUtils.java:logGet(46)) - raft.server.log.appender.wait-time.min = 10ms (default)
2023-03-17 00:25:04,576 [s0-server-thread1] INFO  grpc.GrpcConfigKeys (ConfUtils.java:logGet(46)) - raft.grpc.server.leader.outstanding.appends.max = 128 (default)
2023-03-17 00:25:04,576 [s0-server-thread1] INFO  server.RaftServerConfigKeys (ConfUtils.java:logGet(46)) - raft.server.rpc.request.timeout = 3000ms (default)
2023-03-17 00:25:04,576 [s0-server-thread1] INFO  grpc.GrpcConfigKeys (ConfUtils.java:logGet(46)) - raft.grpc.server.install_snapshot.request.element-limit = 8 (default)
2023-03-17 00:25:04,576 [s0-server-thread1] INFO  grpc.GrpcConfigKeys (ConfUtils.java:logGet(46)) - raft.grpc.server.install_snapshot.request.timeout = 3000ms (default)
2023-03-17 00:25:04,576 [s0-server-thread1] INFO  server.RaftServerConfigKeys (ConfUtils.java:logGet(46)) - raft.server.log.appender.install.snapshot.enabled = true (default)
2023-03-17 00:25:04,576 [s0-server-thread1] INFO  grpc.GrpcConfigKeys (ConfUtils.java:logGet(46)) - raft.grpc.server.heartbeat.channel = true (default)
2023-03-17 00:25:04,577 [s0-server-thread1] INFO  server.RaftServerConfigKeys (ConfUtils.java:logGet(46)) - raft.server.log.appender.snapshot.chunk.size.max = 16MB (=16777216) (default)
2023-03-17 00:25:04,577 [s0-server-thread1] INFO  server.RaftServerConfigKeys (ConfUtils.java:logGet(46)) - raft.server.log.appender.buffer.byte-limit = 4MB (=4194304) (default)
2023-03-17 00:25:04,577 [s0-server-thread1] INFO  server.RaftServerConfigKeys (ConfUtils.java:logGet(46)) - raft.server.log.appender.buffer.element-limit = 0 (default)
2023-03-17 00:25:04,577 [s0-server-thread1] INFO  server.RaftServerConfigKeys (ConfUtils.java:logGet(46)) - raft.server.log.appender.wait-time.min = 10ms (default)
2023-03-17 00:25:04,577 [s0-server-thread1] INFO  grpc.GrpcConfigKeys (ConfUtils.java:logGet(46)) - raft.grpc.server.leader.outstanding.appends.max = 128 (default)
2023-03-17 00:25:04,577 [s0-server-thread1] INFO  server.RaftServerConfigKeys (ConfUtils.java:logGet(46)) - raft.server.rpc.request.timeout = 3000ms (default)
2023-03-17 00:25:04,577 [s0-server-thread1] INFO  grpc.GrpcConfigKeys (ConfUtils.java:logGet(46)) - raft.grpc.server.install_snapshot.request.element-limit = 8 (default)
2023-03-17 00:25:04,577 [s0-server-thread1] INFO  grpc.GrpcConfigKeys (ConfUtils.java:logGet(46)) - raft.grpc.server.install_snapshot.request.timeout = 3000ms (default)
2023-03-17 00:25:04,577 [s0-server-thread1] INFO  server.RaftServerConfigKeys (ConfUtils.java:logGet(46)) - raft.server.log.appender.install.snapshot.enabled = true (default)
2023-03-17 00:25:04,577 [s0-server-thread1] INFO  grpc.GrpcConfigKeys (ConfUtils.java:logGet(46)) - raft.grpc.server.heartbeat.channel = true (default)
2023-03-17 00:25:04,584 [s0@group-8FC42D5FF1AF->s3-GrpcLogAppender-LogAppenderDaemon] INFO  leader.FollowerInfo (FollowerInfoImpl.java:setAttemptedToInstallSnapshot(126)) - Follower s0@group-8FC42D5FF1AF->s3 acknowledged installing snapshot
2023-03-17 00:25:04,584 [s0@group-8FC42D5FF1AF->s3-GrpcLogAppender-LogAppenderDaemon] INFO  server.GrpcServerProtocolClient (GrpcServerProtocolClient.java:<init>(64)) - Build channel for s3
2023-03-17 00:25:04,594 [s0@group-8FC42D5FF1AF->s4-GrpcLogAppender-LogAppenderDaemon] INFO  leader.FollowerInfo (FollowerInfoImpl.java:setAttemptedToInstallSnapshot(126)) - Follower s0@group-8FC42D5FF1AF->s4 acknowledged installing snapshot
2023-03-17 00:25:04,594 [s0@group-8FC42D5FF1AF->s4-GrpcLogAppender-LogAppenderDaemon] INFO  server.GrpcServerProtocolClient (GrpcServerProtocolClient.java:<init>(64)) - Build channel for s4
2023-03-17 00:25:04,601 [s3-server-thread1] INFO  server.RaftServer$Division (ServerState.java:setLeader(260)) - s3@group-8FC42D5FF1AF: change Leader from null to s0 at term 1 for appendEntries, leader elected after 84ms
2023-03-17 00:25:04,601 [s3-server-thread2] DEBUG server.RaftServer$Division (RaftServerImpl.java:logAppendEntries(1430)) - s3@group-8FC42D5FF1AF: receive appendEntries(s0, 1, null, 40, false, commits:[s0:c40, s1:c39, s2:c40, s3:c-1, s4:c-1], cId:1, entries: [(t:1, i:0), CONFIGURATIONENTRY(current:id: "s0"
address: "localhost:38803"
dataStreamAddress: "localhost:33933"
clientAddress: "localhost:46541"
adminAddress: "localhost:44025"
startupRole: FOLLOWER
,id: "s1"
address: "localhost:33457"
dataStreamAddress: "localhost:46497"
clientAddress: "localhost:35509"
adminAddress: "localhost:44537"
startupRole: FOLLOWER
,id: "s2"
address: "localhost:33809"
dataStreamAddress: "localhost:37379"
clientAddress: "localhost:37595"
adminAddress: "localhost:34515"
startupRole: FOLLOWER
, old:), (t:1, i:1), STATEMACHINELOGENTRY, 55@client-963B1624FA6A, (t:1, i:2), METADATAENTRY(c:1), (t:1, i:3), STATEMACHINELOGENTRY, 56@client-963B1624FA6A, (t:1, i:4), METADATAENTRY(c:3), (t:1, i:5), STATEMACHINELOGENTRY, 57@client-963B1624FA6A, (t:1, i:6), METADATAENTRY(c:5), (t:1, i:7), STATEMACHINELOGENTRY, 58@client-963B1624FA6A, (t:1, i:8), METADATAENTRY(c:7), (t:1, i:9), STATEMACHINELOGENTRY, 59@client-963B1624FA6A, (t:1, i:10), METADATAENTRY(c:9), (t:1, i:11), STATEMACHINELOGENTRY, 60@client-963B1624FA6A, (t:1, i:12), METADATAENTRY(c:11), (t:1, i:13), STATEMACHINELOGENTRY, 61@client-963B1624FA6A, (t:1, i:14), METADATAENTRY(c:13), (t:1, i:15), STATEMACHINELOGENTRY, 62@client-963B1624FA6A, (t:1, i:16), METADATAENTRY(c:15), (t:1, i:17), STATEMACHINELOGENTRY, 63@client-963B1624FA6A, (t:1, i:18), METADATAENTRY(c:17), (t:1, i:19), STATEMACHINELOGENTRY, 64@client-963B1624FA6A, (t:1, i:20), METADATAENTRY(c:19), (t:1, i:21), STATEMACHINELOGENTRY, 65@client-963B1624FA6A, (t:1, i:22), METADATAENTRY(c:21), (t:1, i:23), STATEMACHINELOGENTRY, 66@client-963B1624FA6A, (t:1, i:24), METADATAENTRY(c:23), (t:1, i:25), STATEMACHINELOGENTRY, 67@client-963B1624FA6A, (t:1, i:26), METADATAENTRY(c:25), (t:1, i:27), STATEMACHINELOGENTRY, 68@client-963B1624FA6A, (t:1, i:28), METADATAENTRY(c:27), (t:1, i:29), STATEMACHINELOGENTRY, 69@client-963B1624FA6A, (t:1, i:30), METADATAENTRY(c:29), (t:1, i:31), STATEMACHINELOGENTRY, 70@client-963B1624FA6A, (t:1, i:32), METADATAENTRY(c:31), (t:1, i:33), STATEMACHINELOGENTRY, 71@client-963B1624FA6A, (t:1, i:34), METADATAENTRY(c:33), (t:1, i:35), STATEMACHINELOGENTRY, 72@client-963B1624FA6A, (t:1, i:36), METADATAENTRY(c:35), (t:1, i:37), STATEMACHINELOGENTRY, 73@client-963B1624FA6A, (t:1, i:38), METADATAENTRY(c:37), (t:1, i:39), STATEMACHINELOGENTRY, 74@client-963B1624FA6A, (t:1, i:40), METADATAENTRY(c:39)]
2023-03-17 00:25:04,602 [s4-server-thread1] INFO  server.RaftServer$Division (ServerState.java:setLeader(260)) - s4@group-8FC42D5FF1AF: change Leader from null to s0 at term 1 for appendEntries, leader elected after 80ms
2023-03-17 00:25:04,603 [s4-server-thread1] INFO  impl.RoleInfo (RoleInfo.java:updateAndGet(139)) - s4: start s4@group-8FC42D5FF1AF-FollowerState
2023-03-17 00:25:04,603 [s3-server-thread1] INFO  impl.RoleInfo (RoleInfo.java:updateAndGet(139)) - s3: start s3@group-8FC42D5FF1AF-FollowerState
2023-03-17 00:25:04,612 [s4-server-thread1] DEBUG server.RaftServer$Division (RaftServerImpl.java:logAppendEntries(1430)) - s4@group-8FC42D5FF1AF: receive appendEntries(s0, 1, null, 40, false, commits:[s0:c40, s1:c40, s2:c40, s3:c-1, s4:c-1], cId:1, entries: [(t:1, i:0), CONFIGURATIONENTRY(current:id: "s0"
address: "localhost:38803"
dataStreamAddress: "localhost:33933"
clientAddress: "localhost:46541"
adminAddress: "localhost:44025"
startupRole: FOLLOWER
,id: "s1"
address: "localhost:33457"
dataStreamAddress: "localhost:46497"
clientAddress: "localhost:35509"
adminAddress: "localhost:44537"
startupRole: FOLLOWER
,id: "s2"
address: "localhost:33809"
dataStreamAddress: "localhost:37379"
clientAddress: "localhost:37595"
adminAddress: "localhost:34515"
startupRole: FOLLOWER
, old:), (t:1, i:1), STATEMACHINELOGENTRY, 55@client-963B1624FA6A, (t:1, i:2), METADATAENTRY(c:1), (t:1, i:3), STATEMACHINELOGENTRY, 56@client-963B1624FA6A, (t:1, i:4), METADATAENTRY(c:3), (t:1, i:5), STATEMACHINELOGENTRY, 57@client-963B1624FA6A, (t:1, i:6), METADATAENTRY(c:5), (t:1, i:7), STATEMACHINELOGENTRY, 58@client-963B1624FA6A, (t:1, i:8), METADATAENTRY(c:7), (t:1, i:9), STATEMACHINELOGENTRY, 59@client-963B1624FA6A, (t:1, i:10), METADATAENTRY(c:9), (t:1, i:11), STATEMACHINELOGENTRY, 60@client-963B1624FA6A, (t:1, i:12), METADATAENTRY(c:11), (t:1, i:13), STATEMACHINELOGENTRY, 61@client-963B1624FA6A, (t:1, i:14), METADATAENTRY(c:13), (t:1, i:15), STATEMACHINELOGENTRY, 62@client-963B1624FA6A, (t:1, i:16), METADATAENTRY(c:15), (t:1, i:17), STATEMACHINELOGENTRY, 63@client-963B1624FA6A, (t:1, i:18), METADATAENTRY(c:17), (t:1, i:19), STATEMACHINELOGENTRY, 64@client-963B1624FA6A, (t:1, i:20), METADATAENTRY(c:19), (t:1, i:21), STATEMACHINELOGENTRY, 65@client-963B1624FA6A, (t:1, i:22), METADATAENTRY(c:21), (t:1, i:23), STATEMACHINELOGENTRY, 66@client-963B1624FA6A, (t:1, i:24), METADATAENTRY(c:23), (t:1, i:25), STATEMACHINELOGENTRY, 67@client-963B1624FA6A, (t:1, i:26), METADATAENTRY(c:25), (t:1, i:27), STATEMACHINELOGENTRY, 68@client-963B1624FA6A, (t:1, i:28), METADATAENTRY(c:27), (t:1, i:29), STATEMACHINELOGENTRY, 69@client-963B1624FA6A, (t:1, i:30), METADATAENTRY(c:29), (t:1, i:31), STATEMACHINELOGENTRY, 70@client-963B1624FA6A, (t:1, i:32), METADATAENTRY(c:31), (t:1, i:33), STATEMACHINELOGENTRY, 71@client-963B1624FA6A, (t:1, i:34), METADATAENTRY(c:33), (t:1, i:35), STATEMACHINELOGENTRY, 72@client-963B1624FA6A, (t:1, i:36), METADATAENTRY(c:35), (t:1, i:37), STATEMACHINELOGENTRY, 73@client-963B1624FA6A, (t:1, i:38), METADATAENTRY(c:37), (t:1, i:39), STATEMACHINELOGENTRY, 74@client-963B1624FA6A, (t:1, i:40), METADATAENTRY(c:39)]
2023-03-17 00:25:04,612 [s4-server-thread1] INFO  server.RaftServer$Division (ServerState.java:setRaftConf(378)) - s4@group-8FC42D5FF1AF: set configuration 0: peers:[s0|rpc:localhost:38803|admin:localhost:44025|client:localhost:46541|dataStream:localhost:33933|priority:0|startupRole:FOLLOWER, s1|rpc:localhost:33457|admin:localhost:44537|client:localhost:35509|dataStream:localhost:46497|priority:0|startupRole:FOLLOWER, s2|rpc:localhost:33809|admin:localhost:34515|client:localhost:37595|dataStream:localhost:37379|priority:0|startupRole:FOLLOWER]|listeners:[], old=null
2023-03-17 00:25:04,612 [s4-server-thread1] INFO  segmented.SegmentedRaftLogWorker (SegmentedRaftLogWorker.java:startLogSegment(426)) - s4@group-8FC42D5FF1AF-SegmentedRaftLogWorker: Starting segment from index:0
2023-03-17 00:25:04,628 [s4@group-8FC42D5FF1AF-SegmentedRaftLogWorker] INFO  segmented.SegmentedRaftLogWorker (SegmentedRaftLogWorker.java:execute(630)) - s4@group-8FC42D5FF1AF-SegmentedRaftLogWorker: created new log segment /home/runner/work/ratis/ratis/ratis-test/target/test/data/ce6527c6/MiniRaftClusterWithGrpcf86a83d6/s4/a76324f6-3d35-4c0d-8bf8-8fc42d5ff1af/current/log_inprogress_0
2023-03-17 00:25:04,631 [s4-server-thread2] DEBUG server.RaftServer$Division (RaftServerImpl.java:logAppendEntries(1430)) - s4@group-8FC42D5FF1AF: succeeded to handle AppendEntries. Reply: s0<-s4#1:OK-t1,SUCCESS,nextIndex=41,followerCommit=40,matchIndex=40
2023-03-17 00:25:04,651 [s3-server-thread2] INFO  server.RaftServer$Division (ServerState.java:setRaftConf(378)) - s3@group-8FC42D5FF1AF: set configuration 0: peers:[s0|rpc:localhost:38803|admin:localhost:44025|client:localhost:46541|dataStream:localhost:33933|priority:0|startupRole:FOLLOWER, s1|rpc:localhost:33457|admin:localhost:44537|client:localhost:35509|dataStream:localhost:46497|priority:0|startupRole:FOLLOWER, s2|rpc:localhost:33809|admin:localhost:34515|client:localhost:37595|dataStream:localhost:37379|priority:0|startupRole:FOLLOWER]|listeners:[], old=null
2023-03-17 00:25:04,651 [s3-server-thread2] INFO  segmented.SegmentedRaftLogWorker (SegmentedRaftLogWorker.java:startLogSegment(426)) - s3@group-8FC42D5FF1AF-SegmentedRaftLogWorker: Starting segment from index:0
2023-03-17 00:25:04,661 [s3@group-8FC42D5FF1AF-SegmentedRaftLogWorker] INFO  segmented.SegmentedRaftLogWorker (SegmentedRaftLogWorker.java:execute(630)) - s3@group-8FC42D5FF1AF-SegmentedRaftLogWorker: created new log segment /home/runner/work/ratis/ratis/ratis-test/target/test/data/ce6527c6/MiniRaftClusterWithGrpcf86a83d6/s3/a76324f6-3d35-4c0d-8bf8-8fc42d5ff1af/current/log_inprogress_0
2023-03-17 00:25:04,662 [s3-server-thread2] DEBUG server.RaftServer$Division (RaftServerImpl.java:logAppendEntries(1430)) - s3@group-8FC42D5FF1AF: succeeded to handle AppendEntries. Reply: s0<-s3#1:OK-t1,SUCCESS,nextIndex=41,followerCommit=40,matchIndex=40
2023-03-17 00:25:04,664 [s0@group-8FC42D5FF1AF-LeaderStateImpl] INFO  server.RaftServer$Division (ServerState.java:setRaftConf(378)) - s0@group-8FC42D5FF1AF: set configuration 41: peers:[s3|rpc:0.0.0.0:35901|dataStream:|priority:0|startupRole:FOLLOWER, s4|rpc:0.0.0.0:34001|dataStream:|priority:0|startupRole:FOLLOWER, s0|rpc:localhost:38803|admin:localhost:44025|client:localhost:46541|dataStream:localhost:33933|priority:0|startupRole:FOLLOWER, s1|rpc:localhost:33457|admin:localhost:44537|client:localhost:35509|dataStream:localhost:46497|priority:0|startupRole:FOLLOWER, s2|rpc:localhost:33809|admin:localhost:34515|client:localhost:37595|dataStream:localhost:37379|priority:0|startupRole:FOLLOWER]|listeners:[], old=peers:[s0|rpc:localhost:38803|admin:localhost:44025|client:localhost:46541|dataStream:localhost:33933|priority:0|startupRole:FOLLOWER, s1|rpc:localhost:33457|admin:localhost:44537|client:localhost:35509|dataStream:localhost:46497|priority:0|startupRole:FOLLOWER, s2|rpc:localhost:33809|admin:localhost:34515|client:localhost:37595|dataStream:localhost:37379|priority:0|startupRole:FOLLOWER]|listeners:[]
2023-03-17 00:25:04,665 [s4-server-thread2] DEBUG server.RaftServer$Division (RaftServerImpl.java:logAppendEntries(1430)) - s4@group-8FC42D5FF1AF: receive appendEntries(s0, 1, (t:1, i:40), 40, true, commits:[s0:c40, s1:c40, s2:c40, s3:c40, s4:c40], cId:5962, entries: [(t:1, i:41), CONFIGURATIONENTRY(current:id: "s3"
address: "0.0.0.0:35901"
clientAddress: "0.0.0.0:35901"
adminAddress: "0.0.0.0:35901"
startupRole: FOLLOWER
,id: "s4"
address: "0.0.0.0:34001"
clientAddress: "0.0.0.0:34001"
adminAddress: "0.0.0.0:34001"
startupRole: FOLLOWER
,id: "s0"
address: "localhost:38803"
dataStreamAddress: "localhost:33933"
clientAddress: "localhost:46541"
adminAddress: "localhost:44025"
startupRole: FOLLOWER
,id: "s1"
address: "localhost:33457"
dataStreamAddress: "localhost:46497"
clientAddress: "localhost:35509"
adminAddress: "localhost:44537"
startupRole: FOLLOWER
,id: "s2"
address: "localhost:33809"
dataStreamAddress: "localhost:37379"
clientAddress: "localhost:37595"
adminAddress: "localhost:34515"
startupRole: FOLLOWER
, old:id: "s0"
address: "localhost:38803"
dataStreamAddress: "localhost:33933"
clientAddress: "localhost:46541"
adminAddress: "localhost:44025"
startupRole: FOLLOWER
,id: "s1"
address: "localhost:33457"
dataStreamAddress: "localhost:46497"
clientAddress: "localhost:35509"
adminAddress: "localhost:44537"
startupRole: FOLLOWER
,id: "s2"
address: "localhost:33809"
dataStreamAddress: "localhost:37379"
clientAddress: "localhost:37595"
adminAddress: "localhost:34515"
startupRole: FOLLOWER
)]
2023-03-17 00:25:04,665 [s4-server-thread2] INFO  server.RaftServer$Division (ServerState.java:setRaftConf(378)) - s4@group-8FC42D5FF1AF: set configuration 41: peers:[s3|rpc:0.0.0.0:35901|dataStream:|priority:0|startupRole:FOLLOWER, s4|rpc:0.0.0.0:34001|dataStream:|priority:0|startupRole:FOLLOWER, s0|rpc:localhost:38803|admin:localhost:44025|client:localhost:46541|dataStream:localhost:33933|priority:0|startupRole:FOLLOWER, s1|rpc:localhost:33457|admin:localhost:44537|client:localhost:35509|dataStream:localhost:46497|priority:0|startupRole:FOLLOWER, s2|rpc:localhost:33809|admin:localhost:34515|client:localhost:37595|dataStream:localhost:37379|priority:0|startupRole:FOLLOWER]|listeners:[], old=peers:[s0|rpc:localhost:38803|admin:localhost:44025|client:localhost:46541|dataStream:localhost:33933|priority:0|startupRole:FOLLOWER, s1|rpc:localhost:33457|admin:localhost:44537|client:localhost:35509|dataStream:localhost:46497|priority:0|startupRole:FOLLOWER, s2|rpc:localhost:33809|admin:localhost:34515|client:localhost:37595|dataStream:localhost:37379|priority:0|startupRole:FOLLOWER]|listeners:[]
2023-03-17 00:25:04,666 [s2-server-thread2] DEBUG server.RaftServer$Division (RaftServerImpl.java:logAppendEntries(1430)) - s2@group-8FC42D5FF1AF: receive appendEntries(s0, 1, (t:1, i:40), 40, true, commits:[s0:c40, s1:c40, s2:c40, s3:c40, s4:c40], cId:45393, entries: [(t:1, i:41), CONFIGURATIONENTRY(current:id: "s3"
address: "0.0.0.0:35901"
clientAddress: "0.0.0.0:35901"
adminAddress: "0.0.0.0:35901"
startupRole: FOLLOWER
,id: "s4"
address: "0.0.0.0:34001"
clientAddress: "0.0.0.0:34001"
adminAddress: "0.0.0.0:34001"
startupRole: FOLLOWER
,id: "s0"
address: "localhost:38803"
dataStreamAddress: "localhost:33933"
clientAddress: "localhost:46541"
adminAddress: "localhost:44025"
startupRole: FOLLOWER
,id: "s1"
address: "localhost:33457"
dataStreamAddress: "localhost:46497"
clientAddress: "localhost:35509"
adminAddress: "localhost:44537"
startupRole: FOLLOWER
,id: "s2"
address: "localhost:33809"
dataStreamAddress: "localhost:37379"
clientAddress: "localhost:37595"
adminAddress: "localhost:34515"
startupRole: FOLLOWER
, old:id: "s0"
address: "localhost:38803"
dataStreamAddress: "localhost:33933"
clientAddress: "localhost:46541"
adminAddress: "localhost:44025"
startupRole: FOLLOWER
,id: "s1"
address: "localhost:33457"
dataStreamAddress: "localhost:46497"
clientAddress: "localhost:35509"
adminAddress: "localhost:44537"
startupRole: FOLLOWER
,id: "s2"
address: "localhost:33809"
dataStreamAddress: "localhost:37379"
clientAddress: "localhost:37595"
adminAddress: "localhost:34515"
startupRole: FOLLOWER
)]
2023-03-17 00:25:04,666 [s2-server-thread2] INFO  server.RaftServer$Division (ServerState.java:setRaftConf(378)) - s2@group-8FC42D5FF1AF: set configuration 41: peers:[s3|rpc:0.0.0.0:35901|dataStream:|priority:0|startupRole:FOLLOWER, s4|rpc:0.0.0.0:34001|dataStream:|priority:0|startupRole:FOLLOWER, s0|rpc:localhost:38803|admin:localhost:44025|client:localhost:46541|dataStream:localhost:33933|priority:0|startupRole:FOLLOWER, s1|rpc:localhost:33457|admin:localhost:44537|client:localhost:35509|dataStream:localhost:46497|priority:0|startupRole:FOLLOWER, s2|rpc:localhost:33809|admin:localhost:34515|client:localhost:37595|dataStream:localhost:37379|priority:0|startupRole:FOLLOWER]|listeners:[], old=peers:[s0|rpc:localhost:38803|admin:localhost:44025|client:localhost:46541|dataStream:localhost:33933|priority:0|startupRole:FOLLOWER, s1|rpc:localhost:33457|admin:localhost:44537|client:localhost:35509|dataStream:localhost:46497|priority:0|startupRole:FOLLOWER, s2|rpc:localhost:33809|admin:localhost:34515|client:localhost:37595|dataStream:localhost:37379|priority:0|startupRole:FOLLOWER]|listeners:[]
2023-03-17 00:25:04,666 [s1-server-thread2] DEBUG server.RaftServer$Division (RaftServerImpl.java:logAppendEntries(1430)) - s1@group-8FC42D5FF1AF: receive appendEntries(s0, 1, (t:1, i:40), 40, true, commits:[s0:c40, s1:c40, s2:c40, s3:c40, s4:c40], cId:70043, entries: [(t:1, i:41), CONFIGURATIONENTRY(current:id: "s3"
address: "0.0.0.0:35901"
clientAddress: "0.0.0.0:35901"
adminAddress: "0.0.0.0:35901"
startupRole: FOLLOWER
,id: "s4"
address: "0.0.0.0:34001"
clientAddress: "0.0.0.0:34001"
adminAddress: "0.0.0.0:34001"
startupRole: FOLLOWER
,id: "s0"
address: "localhost:38803"
dataStreamAddress: "localhost:33933"
clientAddress: "localhost:46541"
adminAddress: "localhost:44025"
startupRole: FOLLOWER
,id: "s1"
address: "localhost:33457"
dataStreamAddress: "localhost:46497"
clientAddress: "localhost:35509"
adminAddress: "localhost:44537"
startupRole: FOLLOWER
,id: "s2"
address: "localhost:33809"
dataStreamAddress: "localhost:37379"
clientAddress: "localhost:37595"
adminAddress: "localhost:34515"
startupRole: FOLLOWER
, old:id: "s0"
address: "localhost:38803"
dataStreamAddress: "localhost:33933"
clientAddress: "localhost:46541"
adminAddress: "localhost:44025"
startupRole: FOLLOWER
,id: "s1"
address: "localhost:33457"
dataStreamAddress: "localhost:46497"
clientAddress: "localhost:35509"
adminAddress: "localhost:44537"
startupRole: FOLLOWER
,id: "s2"
address: "localhost:33809"
dataStreamAddress: "localhost:37379"
clientAddress: "localhost:37595"
adminAddress: "localhost:34515"
startupRole: FOLLOWER
)]
2023-03-17 00:25:04,667 [s1-server-thread2] INFO  server.RaftServer$Division (ServerState.java:setRaftConf(378)) - s1@group-8FC42D5FF1AF: set configuration 41: peers:[s3|rpc:0.0.0.0:35901|dataStream:|priority:0|startupRole:FOLLOWER, s4|rpc:0.0.0.0:34001|dataStream:|priority:0|startupRole:FOLLOWER, s0|rpc:localhost:38803|admin:localhost:44025|client:localhost:46541|dataStream:localhost:33933|priority:0|startupRole:FOLLOWER, s1|rpc:localhost:33457|admin:localhost:44537|client:localhost:35509|dataStream:localhost:46497|priority:0|startupRole:FOLLOWER, s2|rpc:localhost:33809|admin:localhost:34515|client:localhost:37595|dataStream:localhost:37379|priority:0|startupRole:FOLLOWER]|listeners:[], old=peers:[s0|rpc:localhost:38803|admin:localhost:44025|client:localhost:46541|dataStream:localhost:33933|priority:0|startupRole:FOLLOWER, s1|rpc:localhost:33457|admin:localhost:44537|client:localhost:35509|dataStream:localhost:46497|priority:0|startupRole:FOLLOWER, s2|rpc:localhost:33809|admin:localhost:34515|client:localhost:37595|dataStream:localhost:37379|priority:0|startupRole:FOLLOWER]|listeners:[]
2023-03-17 00:25:04,667 [s2-server-thread2] DEBUG server.RaftServer$Division (RaftServerImpl.java:logAppendEntries(1430)) - s2@group-8FC42D5FF1AF: succeeded to handle AppendEntries. Reply: s0<-s2#45393:OK-t1,SUCCESS,nextIndex=42,followerCommit=40,matchIndex=41
2023-03-17 00:25:04,667 [s1-server-thread2] DEBUG server.RaftServer$Division (RaftServerImpl.java:logAppendEntries(1430)) - s1@group-8FC42D5FF1AF: succeeded to handle AppendEntries. Reply: s0<-s1#70043:OK-t1,SUCCESS,nextIndex=42,followerCommit=40,matchIndex=41
2023-03-17 00:25:04,667 [s4-server-thread2] DEBUG server.RaftServer$Division (RaftServerImpl.java:logAppendEntries(1430)) - s4@group-8FC42D5FF1AF: succeeded to handle AppendEntries. Reply: s0<-s4#5962:OK-t1,SUCCESS,nextIndex=42,followerCommit=40,matchIndex=41
2023-03-17 00:25:04,668 [s3-server-thread2] DEBUG server.RaftServer$Division (RaftServerImpl.java:logAppendEntries(1430)) - s3@group-8FC42D5FF1AF: receive appendEntries(s0, 1, (t:1, i:40), 40, true, commits:[s0:c40, s1:c40, s2:c40, s3:c40, s4:c40], cId:1246, entries: [(t:1, i:41), CONFIGURATIONENTRY(current:id: "s3"
address: "0.0.0.0:35901"
clientAddress: "0.0.0.0:35901"
adminAddress: "0.0.0.0:35901"
startupRole: FOLLOWER
,id: "s4"
address: "0.0.0.0:34001"
clientAddress: "0.0.0.0:34001"
adminAddress: "0.0.0.0:34001"
startupRole: FOLLOWER
,id: "s0"
address: "localhost:38803"
dataStreamAddress: "localhost:33933"
clientAddress: "localhost:46541"
adminAddress: "localhost:44025"
startupRole: FOLLOWER
,id: "s1"
address: "localhost:33457"
dataStreamAddress: "localhost:46497"
clientAddress: "localhost:35509"
adminAddress: "localhost:44537"
startupRole: FOLLOWER
,id: "s2"
address: "localhost:33809"
dataStreamAddress: "localhost:37379"
clientAddress: "localhost:37595"
adminAddress: "localhost:34515"
startupRole: FOLLOWER
, old:id: "s0"
address: "localhost:38803"
dataStreamAddress: "localhost:33933"
clientAddress: "localhost:46541"
adminAddress: "localhost:44025"
startupRole: FOLLOWER
,id: "s1"
address: "localhost:33457"
dataStreamAddress: "localhost:46497"
clientAddress: "localhost:35509"
adminAddress: "localhost:44537"
startupRole: FOLLOWER
,id: "s2"
address: "localhost:33809"
dataStreamAddress: "localhost:37379"
clientAddress: "localhost:37595"
adminAddress: "localhost:34515"
startupRole: FOLLOWER
)]
2023-03-17 00:25:04,668 [s3-server-thread2] INFO  server.RaftServer$Division (ServerState.java:setRaftConf(378)) - s3@group-8FC42D5FF1AF: set configuration 41: peers:[s3|rpc:0.0.0.0:35901|dataStream:|priority:0|startupRole:FOLLOWER, s4|rpc:0.0.0.0:34001|dataStream:|priority:0|startupRole:FOLLOWER, s0|rpc:localhost:38803|admin:localhost:44025|client:localhost:46541|dataStream:localhost:33933|priority:0|startupRole:FOLLOWER, s1|rpc:localhost:33457|admin:localhost:44537|client:localhost:35509|dataStream:localhost:46497|priority:0|startupRole:FOLLOWER, s2|rpc:localhost:33809|admin:localhost:34515|client:localhost:37595|dataStream:localhost:37379|priority:0|startupRole:FOLLOWER]|listeners:[], old=peers:[s0|rpc:localhost:38803|admin:localhost:44025|client:localhost:46541|dataStream:localhost:33933|priority:0|startupRole:FOLLOWER, s1|rpc:localhost:33457|admin:localhost:44537|client:localhost:35509|dataStream:localhost:46497|priority:0|startupRole:FOLLOWER, s2|rpc:localhost:33809|admin:localhost:34515|client:localhost:37595|dataStream:localhost:37379|priority:0|startupRole:FOLLOWER]|listeners:[]
2023-03-17 00:25:04,669 [s3-server-thread2] DEBUG server.RaftServer$Division (RaftServerImpl.java:logAppendEntries(1430)) - s3@group-8FC42D5FF1AF: succeeded to handle AppendEntries. Reply: s0<-s3#1246:OK-t1,SUCCESS,nextIndex=42,followerCommit=40,matchIndex=41
2023-03-17 00:25:04,669 [s0@group-8FC42D5FF1AF-LeaderStateImpl] INFO  server.RaftServer$Division (ServerState.java:setRaftConf(378)) - s0@group-8FC42D5FF1AF: set configuration 43: peers:[s3|rpc:0.0.0.0:35901|dataStream:|priority:0|startupRole:FOLLOWER, s4|rpc:0.0.0.0:34001|dataStream:|priority:0|startupRole:FOLLOWER, s0|rpc:localhost:38803|admin:localhost:44025|client:localhost:46541|dataStream:localhost:33933|priority:0|startupRole:FOLLOWER, s1|rpc:localhost:33457|admin:localhost:44537|client:localhost:35509|dataStream:localhost:46497|priority:0|startupRole:FOLLOWER, s2|rpc:localhost:33809|admin:localhost:34515|client:localhost:37595|dataStream:localhost:37379|priority:0|startupRole:FOLLOWER]|listeners:[], old=null
2023-03-17 00:25:04,676 [s1-server-thread2] DEBUG server.RaftServer$Division (RaftServerImpl.java:logAppendEntries(1430)) - s1@group-8FC42D5FF1AF: receive appendEntries(s0, 1, (t:1, i:41), 41, true, commits:[s0:c41, s1:c40, s2:c40, s3:c40, s4:c40], cId:70044, entries: [(t:1, i:42), METADATAENTRY(c:41), (t:1, i:43), CONFIGURATIONENTRY(current:id: "s3"
address: "0.0.0.0:35901"
clientAddress: "0.0.0.0:35901"
adminAddress: "0.0.0.0:35901"
startupRole: FOLLOWER
,id: "s4"
address: "0.0.0.0:34001"
clientAddress: "0.0.0.0:34001"
adminAddress: "0.0.0.0:34001"
startupRole: FOLLOWER
,id: "s0"
address: "localhost:38803"
dataStreamAddress: "localhost:33933"
clientAddress: "localhost:46541"
adminAddress: "localhost:44025"
startupRole: FOLLOWER
,id: "s1"
address: "localhost:33457"
dataStreamAddress: "localhost:46497"
clientAddress: "localhost:35509"
adminAddress: "localhost:44537"
startupRole: FOLLOWER
,id: "s2"
address: "localhost:33809"
dataStreamAddress: "localhost:37379"
clientAddress: "localhost:37595"
adminAddress: "localhost:34515"
startupRole: FOLLOWER
, old:)]
2023-03-17 00:25:04,676 [s1-server-thread2] INFO  server.RaftServer$Division (ServerState.java:setRaftConf(378)) - s1@group-8FC42D5FF1AF: set configuration 43: peers:[s3|rpc:0.0.0.0:35901|dataStream:|priority:0|startupRole:FOLLOWER, s4|rpc:0.0.0.0:34001|dataStream:|priority:0|startupRole:FOLLOWER, s0|rpc:localhost:38803|admin:localhost:44025|client:localhost:46541|dataStream:localhost:33933|priority:0|startupRole:FOLLOWER, s1|rpc:localhost:33457|admin:localhost:44537|client:localhost:35509|dataStream:localhost:46497|priority:0|startupRole:FOLLOWER, s2|rpc:localhost:33809|admin:localhost:34515|client:localhost:37595|dataStream:localhost:37379|priority:0|startupRole:FOLLOWER]|listeners:[], old=null
2023-03-17 00:25:04,676 [s4-server-thread2] DEBUG server.RaftServer$Division (RaftServerImpl.java:logAppendEntries(1430)) - s4@group-8FC42D5FF1AF: receive appendEntries(s0, 1, (t:1, i:41), 41, true, commits:[s0:c41, s1:c40, s2:c40, s3:c40, s4:c40], cId:5963, entries: [(t:1, i:42), METADATAENTRY(c:41), (t:1, i:43), CONFIGURATIONENTRY(current:id: "s3"
address: "0.0.0.0:35901"
clientAddress: "0.0.0.0:35901"
adminAddress: "0.0.0.0:35901"
startupRole: FOLLOWER
,id: "s4"
address: "0.0.0.0:34001"
clientAddress: "0.0.0.0:34001"
adminAddress: "0.0.0.0:34001"
startupRole: FOLLOWER
,id: "s0"
address: "localhost:38803"
dataStreamAddress: "localhost:33933"
clientAddress: "localhost:46541"
adminAddress: "localhost:44025"
startupRole: FOLLOWER
,id: "s1"
address: "localhost:33457"
dataStreamAddress: "localhost:46497"
clientAddress: "localhost:35509"
adminAddress: "localhost:44537"
startupRole: FOLLOWER
,id: "s2"
address: "localhost:33809"
dataStreamAddress: "localhost:37379"
clientAddress: "localhost:37595"
adminAddress: "localhost:34515"
startupRole: FOLLOWER
, old:)]
2023-03-17 00:25:04,676 [s4-server-thread2] INFO  server.RaftServer$Division (ServerState.java:setRaftConf(378)) - s4@group-8FC42D5FF1AF: set configuration 43: peers:[s3|rpc:0.0.0.0:35901|dataStream:|priority:0|startupRole:FOLLOWER, s4|rpc:0.0.0.0:34001|dataStream:|priority:0|startupRole:FOLLOWER, s0|rpc:localhost:38803|admin:localhost:44025|client:localhost:46541|dataStream:localhost:33933|priority:0|startupRole:FOLLOWER, s1|rpc:localhost:33457|admin:localhost:44537|client:localhost:35509|dataStream:localhost:46497|priority:0|startupRole:FOLLOWER, s2|rpc:localhost:33809|admin:localhost:34515|client:localhost:37595|dataStream:localhost:37379|priority:0|startupRole:FOLLOWER]|listeners:[], old=null
2023-03-17 00:25:04,676 [s1-server-thread2] DEBUG server.RaftServer$Division (RaftServerImpl.java:logAppendEntries(1430)) - s1@group-8FC42D5FF1AF: succeeded to handle AppendEntries. Reply: s0<-s1#70044:OK-t1,SUCCESS,nextIndex=44,followerCommit=41,matchIndex=43
2023-03-17 00:25:04,677 [s4-server-thread2] DEBUG server.RaftServer$Division (RaftServerImpl.java:logAppendEntries(1430)) - s4@group-8FC42D5FF1AF: succeeded to handle AppendEntries. Reply: s0<-s4#5963:OK-t1,SUCCESS,nextIndex=44,followerCommit=41,matchIndex=43
2023-03-17 00:25:04,679 [s3-server-thread2] DEBUG server.RaftServer$Division (RaftServerImpl.java:logAppendEntries(1430)) - s3@group-8FC42D5FF1AF: receive appendEntries(s0, 1, (t:1, i:41), 43, true, commits:[s0:c43, s1:c41, s2:c40, s3:c40, s4:c41], cId:1247, entries: [(t:1, i:42), METADATAENTRY(c:41), (t:1, i:43), CONFIGURATIONENTRY(current:id: "s3"
address: "0.0.0.0:35901"
clientAddress: "0.0.0.0:35901"
adminAddress: "0.0.0.0:35901"
startupRole: FOLLOWER
,id: "s4"
address: "0.0.0.0:34001"
clientAddress: "0.0.0.0:34001"
adminAddress: "0.0.0.0:34001"
startupRole: FOLLOWER
,id: "s0"
address: "localhost:38803"
dataStreamAddress: "localhost:33933"
clientAddress: "localhost:46541"
adminAddress: "localhost:44025"
startupRole: FOLLOWER
,id: "s1"
address: "localhost:33457"
dataStreamAddress: "localhost:46497"
clientAddress: "localhost:35509"
adminAddress: "localhost:44537"
startupRole: FOLLOWER
,id: "s2"
address: "localhost:33809"
dataStreamAddress: "localhost:37379"
clientAddress: "localhost:37595"
adminAddress: "localhost:34515"
startupRole: FOLLOWER
, old:), (t:1, i:44), METADATAENTRY(c:43)]
2023-03-17 00:25:04,679 [s3-server-thread2] INFO  server.RaftServer$Division (ServerState.java:setRaftConf(378)) - s3@group-8FC42D5FF1AF: set configuration 43: peers:[s3|rpc:0.0.0.0:35901|dataStream:|priority:0|startupRole:FOLLOWER, s4|rpc:0.0.0.0:34001|dataStream:|priority:0|startupRole:FOLLOWER, s0|rpc:localhost:38803|admin:localhost:44025|client:localhost:46541|dataStream:localhost:33933|priority:0|startupRole:FOLLOWER, s1|rpc:localhost:33457|admin:localhost:44537|client:localhost:35509|dataStream:localhost:46497|priority:0|startupRole:FOLLOWER, s2|rpc:localhost:33809|admin:localhost:34515|client:localhost:37595|dataStream:localhost:37379|priority:0|startupRole:FOLLOWER]|listeners:[], old=null
2023-03-17 00:25:04,680 [s2-server-thread2] DEBUG server.RaftServer$Division (RaftServerImpl.java:logAppendEntries(1430)) - s2@group-8FC42D5FF1AF: receive appendEntries(s0, 1, (t:1, i:41), 41, true, commits:[s0:c41, s1:c40, s2:c40, s3:c40, s4:c40], cId:45394, entries: [(t:1, i:42), METADATAENTRY(c:41), (t:1, i:43), CONFIGURATIONENTRY(current:id: "s3"
address: "0.0.0.0:35901"
clientAddress: "0.0.0.0:35901"
adminAddress: "0.0.0.0:35901"
startupRole: FOLLOWER
,id: "s4"
address: "0.0.0.0:34001"
clientAddress: "0.0.0.0:34001"
adminAddress: "0.0.0.0:34001"
startupRole: FOLLOWER
,id: "s0"
address: "localhost:38803"
dataStreamAddress: "localhost:33933"
clientAddress: "localhost:46541"
adminAddress: "localhost:44025"
startupRole: FOLLOWER
,id: "s1"
address: "localhost:33457"
dataStreamAddress: "localhost:46497"
clientAddress: "localhost:35509"
adminAddress: "localhost:44537"
startupRole: FOLLOWER
,id: "s2"
address: "localhost:33809"
dataStreamAddress: "localhost:37379"
clientAddress: "localhost:37595"
adminAddress: "localhost:34515"
startupRole: FOLLOWER
, old:)]
2023-03-17 00:25:04,680 [s2-server-thread2] INFO  server.RaftServer$Division (ServerState.java:setRaftConf(378)) - s2@group-8FC42D5FF1AF: set configuration 43: peers:[s3|rpc:0.0.0.0:35901|dataStream:|priority:0|startupRole:FOLLOWER, s4|rpc:0.0.0.0:34001|dataStream:|priority:0|startupRole:FOLLOWER, s0|rpc:localhost:38803|admin:localhost:44025|client:localhost:46541|dataStream:localhost:33933|priority:0|startupRole:FOLLOWER, s1|rpc:localhost:33457|admin:localhost:44537|client:localhost:35509|dataStream:localhost:46497|priority:0|startupRole:FOLLOWER, s2|rpc:localhost:33809|admin:localhost:34515|client:localhost:37595|dataStream:localhost:37379|priority:0|startupRole:FOLLOWER]|listeners:[], old=null
2023-03-17 00:25:04,680 [s3-server-thread2] DEBUG server.RaftServer$Division (RaftServerImpl.java:logAppendEntries(1430)) - s3@group-8FC42D5FF1AF: succeeded to handle AppendEntries. Reply: s0<-s3#1247:OK-t1,SUCCESS,nextIndex=45,followerCommit=43,matchIndex=44
2023-03-17 00:25:04,680 [s2-server-thread2] DEBUG server.RaftServer$Division (RaftServerImpl.java:logAppendEntries(1430)) - s2@group-8FC42D5FF1AF: succeeded to handle AppendEntries. Reply: s0<-s2#45394:OK-t1,SUCCESS,nextIndex=44,followerCommit=41,matchIndex=43
2023-03-17 00:25:04,681 [Thread-1834] INFO  server.RaftServerConfigKeys (ConfUtils.java:logGet(46)) - raft.server.rpc.timeout.max = 300ms (default)
2023-03-17 00:25:04,681 [Thread-1834] INFO  ratis.RaftTestUtil (RaftTestUtil.java:waitForLeader(100)) - printing ALL groups
  s3:  RUNNING  FOLLOWER s3@group-8FC42D5FF1AF:t1, leader=s0, voted=null, raftlog=Memoized:s3@group-8FC42D5FF1AF-SegmentedRaftLog:OPENED:c43, conf=43: peers:[s3|rpc:0.0.0.0:35901|dataStream:|priority:0|startupRole:FOLLOWER, s4|rpc:0.0.0.0:34001|dataStream:|priority:0|startupRole:FOLLOWER, s0|rpc:localhost:38803|admin:localhost:44025|client:localhost:46541|dataStream:localhost:33933|priority:0|startupRole:FOLLOWER, s1|rpc:localhost:33457|admin:localhost:44537|client:localhost:35509|dataStream:localhost:46497|priority:0|startupRole:FOLLOWER, s2|rpc:localhost:33809|admin:localhost:34515|client:localhost:37595|dataStream:localhost:37379|priority:0|startupRole:FOLLOWER]|listeners:[], old=null RUNNING
  s4:  RUNNING  FOLLOWER s4@group-8FC42D5FF1AF:t1, leader=s0, voted=null, raftlog=Memoized:s4@group-8FC42D5FF1AF-SegmentedRaftLog:OPENED:c41, conf=43: peers:[s3|rpc:0.0.0.0:35901|dataStream:|priority:0|startupRole:FOLLOWER, s4|rpc:0.0.0.0:34001|dataStream:|priority:0|startupRole:FOLLOWER, s0|rpc:localhost:38803|admin:localhost:44025|client:localhost:46541|dataStream:localhost:33933|priority:0|startupRole:FOLLOWER, s1|rpc:localhost:33457|admin:localhost:44537|client:localhost:35509|dataStream:localhost:46497|priority:0|startupRole:FOLLOWER, s2|rpc:localhost:33809|admin:localhost:34515|client:localhost:37595|dataStream:localhost:37379|priority:0|startupRole:FOLLOWER]|listeners:[], old=null RUNNING
  s0:  RUNNING    LEADER s0@group-8FC42D5FF1AF:t1, leader=s0, voted=s0, raftlog=Memoized:s0@group-8FC42D5FF1AF-SegmentedRaftLog:OPENED:c43, conf=43: peers:[s3|rpc:0.0.0.0:35901|dataStream:|priority:0|startupRole:FOLLOWER, s4|rpc:0.0.0.0:34001|dataStream:|priority:0|startupRole:FOLLOWER, s0|rpc:localhost:38803|admin:localhost:44025|client:localhost:46541|dataStream:localhost:33933|priority:0|startupRole:FOLLOWER, s1|rpc:localhost:33457|admin:localhost:44537|client:localhost:35509|dataStream:localhost:46497|priority:0|startupRole:FOLLOWER, s2|rpc:localhost:33809|admin:localhost:34515|client:localhost:37595|dataStream:localhost:37379|priority:0|startupRole:FOLLOWER]|listeners:[], old=null RUNNING
  s1:  RUNNING  FOLLOWER s1@group-8FC42D5FF1AF:t1, leader=s0, voted=s0, raftlog=Memoized:s1@group-8FC42D5FF1AF-SegmentedRaftLog:OPENED:c41, conf=43: peers:[s3|rpc:0.0.0.0:35901|dataStream:|priority:0|startupRole:FOLLOWER, s4|rpc:0.0.0.0:34001|dataStream:|priority:0|startupRole:FOLLOWER, s0|rpc:localhost:38803|admin:localhost:44025|client:localhost:46541|dataStream:localhost:33933|priority:0|startupRole:FOLLOWER, s1|rpc:localhost:33457|admin:localhost:44537|client:localhost:35509|dataStream:localhost:46497|priority:0|startupRole:FOLLOWER, s2|rpc:localhost:33809|admin:localhost:34515|client:localhost:37595|dataStream:localhost:37379|priority:0|startupRole:FOLLOWER]|listeners:[], old=null RUNNING
  s2:  RUNNING  FOLLOWER s2@group-8FC42D5FF1AF:t1, leader=s0, voted=s0, raftlog=Memoized:s2@group-8FC42D5FF1AF-SegmentedRaftLog:OPENED:c41, conf=43: peers:[s3|rpc:0.0.0.0:35901|dataStream:|priority:0|startupRole:FOLLOWER, s4|rpc:0.0.0.0:34001|dataStream:|priority:0|startupRole:FOLLOWER, s0|rpc:localhost:38803|admin:localhost:44025|client:localhost:46541|dataStream:localhost:33933|priority:0|startupRole:FOLLOWER, s1|rpc:localhost:33457|admin:localhost:44537|client:localhost:35509|dataStream:localhost:46497|priority:0|startupRole:FOLLOWER, s2|rpc:localhost:33809|admin:localhost:34515|client:localhost:37595|dataStream:localhost:37379|priority:0|startupRole:FOLLOWER]|listeners:[], old=null RUNNING
2023-03-17 00:25:04,682 [Thread-1834] INFO  ratis.RaftTestUtil (RaftTestUtil.java:waitForLeader(119)) - printing ALL groups
  s3:  RUNNING  FOLLOWER s3@group-8FC42D5FF1AF:t1, leader=s0, voted=null, raftlog=Memoized:s3@group-8FC42D5FF1AF-SegmentedRaftLog:OPENED:c43, conf=43: peers:[s3|rpc:0.0.0.0:35901|dataStream:|priority:0|startupRole:FOLLOWER, s4|rpc:0.0.0.0:34001|dataStream:|priority:0|startupRole:FOLLOWER, s0|rpc:localhost:38803|admin:localhost:44025|client:localhost:46541|dataStream:localhost:33933|priority:0|startupRole:FOLLOWER, s1|rpc:localhost:33457|admin:localhost:44537|client:localhost:35509|dataStream:localhost:46497|priority:0|startupRole:FOLLOWER, s2|rpc:localhost:33809|admin:localhost:34515|client:localhost:37595|dataStream:localhost:37379|priority:0|startupRole:FOLLOWER]|listeners:[], old=null RUNNING
  s4:  RUNNING  FOLLOWER s4@group-8FC42D5FF1AF:t1, leader=s0, voted=null, raftlog=Memoized:s4@group-8FC42D5FF1AF-SegmentedRaftLog:OPENED:c41, conf=43: peers:[s3|rpc:0.0.0.0:35901|dataStream:|priority:0|startupRole:FOLLOWER, s4|rpc:0.0.0.0:34001|dataStream:|priority:0|startupRole:FOLLOWER, s0|rpc:localhost:38803|admin:localhost:44025|client:localhost:46541|dataStream:localhost:33933|priority:0|startupRole:FOLLOWER, s1|rpc:localhost:33457|admin:localhost:44537|client:localhost:35509|dataStream:localhost:46497|priority:0|startupRole:FOLLOWER, s2|rpc:localhost:33809|admin:localhost:34515|client:localhost:37595|dataStream:localhost:37379|priority:0|startupRole:FOLLOWER]|listeners:[], old=null RUNNING
  s0:  RUNNING    LEADER s0@group-8FC42D5FF1AF:t1, leader=s0, voted=s0, raftlog=Memoized:s0@group-8FC42D5FF1AF-SegmentedRaftLog:OPENED:c43, conf=43: peers:[s3|rpc:0.0.0.0:35901|dataStream:|priority:0|startupRole:FOLLOWER, s4|rpc:0.0.0.0:34001|dataStream:|priority:0|startupRole:FOLLOWER, s0|rpc:localhost:38803|admin:localhost:44025|client:localhost:46541|dataStream:localhost:33933|priority:0|startupRole:FOLLOWER, s1|rpc:localhost:33457|admin:localhost:44537|client:localhost:35509|dataStream:localhost:46497|priority:0|startupRole:FOLLOWER, s2|rpc:localhost:33809|admin:localhost:34515|client:localhost:37595|dataStream:localhost:37379|priority:0|startupRole:FOLLOWER]|listeners:[], old=null RUNNING
  s1:  RUNNING  FOLLOWER s1@group-8FC42D5FF1AF:t1, leader=s0, voted=s0, raftlog=Memoized:s1@group-8FC42D5FF1AF-SegmentedRaftLog:OPENED:c41, conf=43: peers:[s3|rpc:0.0.0.0:35901|dataStream:|priority:0|startupRole:FOLLOWER, s4|rpc:0.0.0.0:34001|dataStream:|priority:0|startupRole:FOLLOWER, s0|rpc:localhost:38803|admin:localhost:44025|client:localhost:46541|dataStream:localhost:33933|priority:0|startupRole:FOLLOWER, s1|rpc:localhost:33457|admin:localhost:44537|client:localhost:35509|dataStream:localhost:46497|priority:0|startupRole:FOLLOWER, s2|rpc:localhost:33809|admin:localhost:34515|client:localhost:37595|dataStream:localhost:37379|priority:0|startupRole:FOLLOWER]|listeners:[], old=null RUNNING
  s2:  RUNNING  FOLLOWER s2@group-8FC42D5FF1AF:t1, leader=s0, voted=s0, raftlog=Memoized:s2@group-8FC42D5FF1AF-SegmentedRaftLog:OPENED:c41, conf=43: peers:[s3|rpc:0.0.0.0:35901|dataStream:|priority:0|startupRole:FOLLOWER, s4|rpc:0.0.0.0:34001|dataStream:|priority:0|startupRole:FOLLOWER, s0|rpc:localhost:38803|admin:localhost:44025|client:localhost:46541|dataStream:localhost:33933|priority:0|startupRole:FOLLOWER, s1|rpc:localhost:33457|admin:localhost:44537|client:localhost:35509|dataStream:localhost:46497|priority:0|startupRole:FOLLOWER, s2|rpc:localhost:33809|admin:localhost:34515|client:localhost:37595|dataStream:localhost:37379|priority:0|startupRole:FOLLOWER]|listeners:[], old=null RUNNING
2023-03-17 00:25:04,682 [Thread-1834] INFO  grpc.TestRaftReconfigurationWithGrpc (RaftReconfigurationBaseTest.java:lambda$runTestReconfTwice$6(294)) - Start changing the configuration again: [s3|rpc:0.0.0.0:35901|priority:0|startupRole:FOLLOWER, s4|rpc:0.0.0.0:34001|priority:0|startupRole:FOLLOWER, s2|rpc:localhost:33809|admin:localhost:34515|client:localhost:37595|dataStream:localhost:37379|priority:0|startupRole:FOLLOWER]
2023-03-17 00:25:04,683 [s0-server-thread1] INFO  server.RaftServer$Division (RaftServerImpl.java:setConfigurationAsync(1197)) - s0@group-8FC42D5FF1AF: receive setConfiguration SetConfigurationRequest:client-963B1624FA6A->s0@group-8FC42D5FF1AF, cid=76, seq=0, RW, null, SET_UNCONDITIONALLY, servers:[s3|rpc:0.0.0.0:35901|dataStream:|priority:0|startupRole:FOLLOWER, s4|rpc:0.0.0.0:34001|dataStream:|priority:0|startupRole:FOLLOWER, s2|rpc:localhost:33809|admin:localhost:34515|client:localhost:37595|dataStream:localhost:37379|priority:0|startupRole:FOLLOWER], listeners:[]
2023-03-17 00:25:04,683 [s0-server-thread1] INFO  server.RaftServer$Division (LeaderStateImpl.java:startSetConfiguration(440)) - s0@group-8FC42D5FF1AF-LeaderStateImpl: startSetConfiguration SetConfigurationRequest:client-963B1624FA6A->s0@group-8FC42D5FF1AF, cid=76, seq=0, RW, null, SET_UNCONDITIONALLY, servers:[s3|rpc:0.0.0.0:35901|dataStream:|priority:0|startupRole:FOLLOWER, s4|rpc:0.0.0.0:34001|dataStream:|priority:0|startupRole:FOLLOWER, s2|rpc:localhost:33809|admin:localhost:34515|client:localhost:37595|dataStream:localhost:37379|priority:0|startupRole:FOLLOWER], listeners:[]
2023-03-17 00:25:04,683 [s0-server-thread1] INFO  server.RaftServer$Division (ServerState.java:setRaftConf(378)) - s0@group-8FC42D5FF1AF: set configuration 45: peers:[s3|rpc:0.0.0.0:35901|dataStream:|priority:0|startupRole:FOLLOWER, s4|rpc:0.0.0.0:34001|dataStream:|priority:0|startupRole:FOLLOWER, s2|rpc:localhost:33809|admin:localhost:34515|client:localhost:37595|dataStream:localhost:37379|priority:0|startupRole:FOLLOWER]|listeners:[], old=peers:[s3|rpc:0.0.0.0:35901|dataStream:|priority:0|startupRole:FOLLOWER, s4|rpc:0.0.0.0:34001|dataStream:|priority:0|startupRole:FOLLOWER, s0|rpc:localhost:38803|admin:localhost:44025|client:localhost:46541|dataStream:localhost:33933|priority:0|startupRole:FOLLOWER, s1|rpc:localhost:33457|admin:localhost:44537|client:localhost:35509|dataStream:localhost:46497|priority:0|startupRole:FOLLOWER, s2|rpc:localhost:33809|admin:localhost:34515|client:localhost:37595|dataStream:localhost:37379|priority:0|startupRole:FOLLOWER]|listeners:[]
2023-03-17 00:25:04,686 [s1-server-thread2] DEBUG server.RaftServer$Division (RaftServerImpl.java:logAppendEntries(1430)) - s1@group-8FC42D5FF1AF: receive appendEntries(s0, 1, (t:1, i:43), 43, true, commits:[s0:c43, s1:c41, s2:c40, s3:c40, s4:c41], cId:70045, entries: [(t:1, i:44), METADATAENTRY(c:43)]
2023-03-17 00:25:04,686 [s1-server-thread2] DEBUG server.RaftServer$Division (RaftServerImpl.java:logAppendEntries(1430)) - s1@group-8FC42D5FF1AF: succeeded to handle AppendEntries. Reply: s0<-s1#70045:OK-t1,SUCCESS,nextIndex=45,followerCommit=43,matchIndex=44
2023-03-17 00:25:04,689 [s4-server-thread2] DEBUG server.RaftServer$Division (RaftServerImpl.java:logAppendEntries(1430)) - s4@group-8FC42D5FF1AF: receive appendEntries(s0, 1, (t:1, i:43), 43, true, commits:[s0:c43, s1:c41, s2:c41, s3:c43, s4:c41], cId:5964, entries: [(t:1, i:44), METADATAENTRY(c:43)]
2023-03-17 00:25:04,690 [s4-server-thread2] DEBUG server.RaftServer$Division (RaftServerImpl.java:logAppendEntries(1430)) - s4@group-8FC42D5FF1AF: succeeded to handle AppendEntries. Reply: s0<-s4#5964:OK-t1,SUCCESS,nextIndex=45,followerCommit=43,matchIndex=44
2023-03-17 00:25:04,690 [s3-server-thread2] DEBUG server.RaftServer$Division (RaftServerImpl.java:logAppendEntries(1430)) - s3@group-8FC42D5FF1AF: receive appendEntries(s0, 1, (t:1, i:44), 43, true, commits:[s0:c43, s1:c41, s2:c41, s3:c43, s4:c41], cId:1248, entries: [(t:1, i:45), CONFIGURATIONENTRY(current:id: "s3"
address: "0.0.0.0:35901"
clientAddress: "0.0.0.0:35901"
adminAddress: "0.0.0.0:35901"
startupRole: FOLLOWER
,id: "s4"
address: "0.0.0.0:34001"
clientAddress: "0.0.0.0:34001"
adminAddress: "0.0.0.0:34001"
startupRole: FOLLOWER
,id: "s2"
address: "localhost:33809"
dataStreamAddress: "localhost:37379"
clientAddress: "localhost:37595"
adminAddress: "localhost:34515"
startupRole: FOLLOWER
, old:id: "s3"
address: "0.0.0.0:35901"
clientAddress: "0.0.0.0:35901"
adminAddress: "0.0.0.0:35901"
startupRole: FOLLOWER
,id: "s4"
address: "0.0.0.0:34001"
clientAddress: "0.0.0.0:34001"
adminAddress: "0.0.0.0:34001"
startupRole: FOLLOWER
,id: "s0"
address: "localhost:38803"
dataStreamAddress: "localhost:33933"
clientAddress: "localhost:46541"
adminAddress: "localhost:44025"
startupRole: FOLLOWER
,id: "s1"
address: "localhost:33457"
dataStreamAddress: "localhost:46497"
clientAddress: "localhost:35509"
adminAddress: "localhost:44537"
startupRole: FOLLOWER
,id: "s2"
address: "localhost:33809"
dataStreamAddress: "localhost:37379"
clientAddress: "localhost:37595"
adminAddress: "localhost:34515"
startupRole: FOLLOWER
)]
2023-03-17 00:25:04,690 [s3-server-thread2] INFO  server.RaftServer$Division (ServerState.java:setRaftConf(378)) - s3@group-8FC42D5FF1AF: set configuration 45: peers:[s3|rpc:0.0.0.0:35901|dataStream:|priority:0|startupRole:FOLLOWER, s4|rpc:0.0.0.0:34001|dataStream:|priority:0|startupRole:FOLLOWER, s2|rpc:localhost:33809|admin:localhost:34515|client:localhost:37595|dataStream:localhost:37379|priority:0|startupRole:FOLLOWER]|listeners:[], old=peers:[s3|rpc:0.0.0.0:35901|dataStream:|priority:0|startupRole:FOLLOWER, s4|rpc:0.0.0.0:34001|dataStream:|priority:0|startupRole:FOLLOWER, s0|rpc:localhost:38803|admin:localhost:44025|client:localhost:46541|dataStream:localhost:33933|priority:0|startupRole:FOLLOWER, s1|rpc:localhost:33457|admin:localhost:44537|client:localhost:35509|dataStream:localhost:46497|priority:0|startupRole:FOLLOWER, s2|rpc:localhost:33809|admin:localhost:34515|client:localhost:37595|dataStream:localhost:37379|priority:0|startupRole:FOLLOWER]|listeners:[]
2023-03-17 00:25:04,691 [s3-server-thread2] DEBUG server.RaftServer$Division (RaftServerImpl.java:logAppendEntries(1430)) - s3@group-8FC42D5FF1AF: succeeded to handle AppendEntries. Reply: s0<-s3#1248:OK-t1,SUCCESS,nextIndex=46,followerCommit=43,matchIndex=45
2023-03-17 00:25:04,692 [s2-server-thread2] DEBUG server.RaftServer$Division (RaftServerImpl.java:logAppendEntries(1430)) - s2@group-8FC42D5FF1AF: receive appendEntries(s0, 1, (t:1, i:43), 43, true, commits:[s0:c43, s1:c41, s2:c41, s3:c43, s4:c41], cId:45395, entries: [(t:1, i:44), METADATAENTRY(c:43), (t:1, i:45), CONFIGURATIONENTRY(current:id: "s3"
address: "0.0.0.0:35901"
clientAddress: "0.0.0.0:35901"
adminAddress: "0.0.0.0:35901"
startupRole: FOLLOWER
,id: "s4"
address: "0.0.0.0:34001"
clientAddress: "0.0.0.0:34001"
adminAddress: "0.0.0.0:34001"
startupRole: FOLLOWER
,id: "s2"
address: "localhost:33809"
dataStreamAddress: "localhost:37379"
clientAddress: "localhost:37595"
adminAddress: "localhost:34515"
startupRole: FOLLOWER
, old:id: "s3"
address: "0.0.0.0:35901"
clientAddress: "0.0.0.0:35901"
adminAddress: "0.0.0.0:35901"
startupRole: FOLLOWER
,id: "s4"
address: "0.0.0.0:34001"
clientAddress: "0.0.0.0:34001"
adminAddress: "0.0.0.0:34001"
startupRole: FOLLOWER
,id: "s0"
address: "localhost:38803"
dataStreamAddress: "localhost:33933"
clientAddress: "localhost:46541"
adminAddress: "localhost:44025"
startupRole: FOLLOWER
,id: "s1"
address: "localhost:33457"
dataStreamAddress: "localhost:46497"
clientAddress: "localhost:35509"
adminAddress: "localhost:44537"
startupRole: FOLLOWER
,id: "s2"
address: "localhost:33809"
dataStreamAddress: "localhost:37379"
clientAddress: "localhost:37595"
adminAddress: "localhost:34515"
startupRole: FOLLOWER
)]
2023-03-17 00:25:04,692 [s2-server-thread2] INFO  server.RaftServer$Division (ServerState.java:setRaftConf(378)) - s2@group-8FC42D5FF1AF: set configuration 45: peers:[s3|rpc:0.0.0.0:35901|dataStream:|priority:0|startupRole:FOLLOWER, s4|rpc:0.0.0.0:34001|dataStream:|priority:0|startupRole:FOLLOWER, s2|rpc:localhost:33809|admin:localhost:34515|client:localhost:37595|dataStream:localhost:37379|priority:0|startupRole:FOLLOWER]|listeners:[], old=peers:[s3|rpc:0.0.0.0:35901|dataStream:|priority:0|startupRole:FOLLOWER, s4|rpc:0.0.0.0:34001|dataStream:|priority:0|startupRole:FOLLOWER, s0|rpc:localhost:38803|admin:localhost:44025|client:localhost:46541|dataStream:localhost:33933|priority:0|startupRole:FOLLOWER, s1|rpc:localhost:33457|admin:localhost:44537|client:localhost:35509|dataStream:localhost:46497|priority:0|startupRole:FOLLOWER, s2|rpc:localhost:33809|admin:localhost:34515|client:localhost:37595|dataStream:localhost:37379|priority:0|startupRole:FOLLOWER]|listeners:[]
2023-03-17 00:25:04,692 [s2-server-thread2] DEBUG server.RaftServer$Division (RaftServerImpl.java:logAppendEntries(1430)) - s2@group-8FC42D5FF1AF: succeeded to handle AppendEntries. Reply: s0<-s2#45395:OK-t1,SUCCESS,nextIndex=46,followerCommit=43,matchIndex=45
2023-03-17 00:25:04,693 [s0@group-8FC42D5FF1AF->s1-GrpcLogAppender-LogAppenderDaemon] INFO  leader.LogAppenderDaemon (LogAppenderDaemon.java:run(85)) - s0@group-8FC42D5FF1AF->s1-GrpcLogAppender-LogAppenderDaemon I/O was interrupted: java.io.InterruptedIOException: Interrupted appendLog, heartbeat? false
2023-03-17 00:25:04,693 [s0@group-8FC42D5FF1AF-LeaderStateImpl] INFO  server.RaftServer$Division (ServerState.java:setRaftConf(378)) - s0@group-8FC42D5FF1AF: set configuration 47: peers:[s3|rpc:0.0.0.0:35901|dataStream:|priority:0|startupRole:FOLLOWER, s4|rpc:0.0.0.0:34001|dataStream:|priority:0|startupRole:FOLLOWER, s2|rpc:localhost:33809|admin:localhost:34515|client:localhost:37595|dataStream:localhost:37379|priority:0|startupRole:FOLLOWER]|listeners:[], old=null
2023-03-17 00:25:04,699 [s4-server-thread2] DEBUG server.RaftServer$Division (RaftServerImpl.java:logAppendEntries(1430)) - s4@group-8FC42D5FF1AF: receive appendEntries(s0, 1, (t:1, i:44), 43, true, commits:[s0:c43, s1:c43, s2:c41, s3:c43, s4:c43], cId:5965, entries: [(t:1, i:45), CONFIGURATIONENTRY(current:id: "s3"
address: "0.0.0.0:35901"
clientAddress: "0.0.0.0:35901"
adminAddress: "0.0.0.0:35901"
startupRole: FOLLOWER
,id: "s4"
address: "0.0.0.0:34001"
clientAddress: "0.0.0.0:34001"
adminAddress: "0.0.0.0:34001"
startupRole: FOLLOWER
,id: "s2"
address: "localhost:33809"
dataStreamAddress: "localhost:37379"
clientAddress: "localhost:37595"
adminAddress: "localhost:34515"
startupRole: FOLLOWER
, old:id: "s3"
address: "0.0.0.0:35901"
clientAddress: "0.0.0.0:35901"
adminAddress: "0.0.0.0:35901"
startupRole: FOLLOWER
,id: "s4"
address: "0.0.0.0:34001"
clientAddress: "0.0.0.0:34001"
adminAddress: "0.0.0.0:34001"
startupRole: FOLLOWER
,id: "s0"
address: "localhost:38803"
dataStreamAddress: "localhost:33933"
clientAddress: "localhost:46541"
adminAddress: "localhost:44025"
startupRole: FOLLOWER
,id: "s1"
address: "localhost:33457"
dataStreamAddress: "localhost:46497"
clientAddress: "localhost:35509"
adminAddress: "localhost:44537"
startupRole: FOLLOWER
,id: "s2"
address: "localhost:33809"
dataStreamAddress: "localhost:37379"
clientAddress: "localhost:37595"
adminAddress: "localhost:34515"
startupRole: FOLLOWER
)]
2023-03-17 00:25:04,700 [s4-server-thread2] INFO  server.RaftServer$Division (ServerState.java:setRaftConf(378)) - s4@group-8FC42D5FF1AF: set configuration 45: peers:[s3|rpc:0.0.0.0:35901|dataStream:|priority:0|startupRole:FOLLOWER, s4|rpc:0.0.0.0:34001|dataStream:|priority:0|startupRole:FOLLOWER, s2|rpc:localhost:33809|admin:localhost:34515|client:localhost:37595|dataStream:localhost:37379|priority:0|startupRole:FOLLOWER]|listeners:[], old=peers:[s3|rpc:0.0.0.0:35901|dataStream:|priority:0|startupRole:FOLLOWER, s4|rpc:0.0.0.0:34001|dataStream:|priority:0|startupRole:FOLLOWER, s0|rpc:localhost:38803|admin:localhost:44025|client:localhost:46541|dataStream:localhost:33933|priority:0|startupRole:FOLLOWER, s1|rpc:localhost:33457|admin:localhost:44537|client:localhost:35509|dataStream:localhost:46497|priority:0|startupRole:FOLLOWER, s2|rpc:localhost:33809|admin:localhost:34515|client:localhost:37595|dataStream:localhost:37379|priority:0|startupRole:FOLLOWER]|listeners:[]
2023-03-17 00:25:04,700 [s4-server-thread2] DEBUG server.RaftServer$Division (RaftServerImpl.java:logAppendEntries(1430)) - s4@group-8FC42D5FF1AF: succeeded to handle AppendEntries. Reply: s0<-s4#5965:OK-t1,SUCCESS,nextIndex=46,followerCommit=43,matchIndex=45
2023-03-17 00:25:04,702 [s3-server-thread2] DEBUG server.RaftServer$Division (RaftServerImpl.java:logAppendEntries(1430)) - s3@group-8FC42D5FF1AF: receive appendEntries(s0, 1, (t:1, i:45), 45, true, commits:[s0:c45, s2:c43, s3:c43, s4:c43], cId:1251, entries: [(t:1, i:46), METADATAENTRY(c:45), (t:1, i:47), CONFIGURATIONENTRY(current:id: "s3"
address: "0.0.0.0:35901"
clientAddress: "0.0.0.0:35901"
adminAddress: "0.0.0.0:35901"
startupRole: FOLLOWER
,id: "s4"
address: "0.0.0.0:34001"
clientAddress: "0.0.0.0:34001"
adminAddress: "0.0.0.0:34001"
startupRole: FOLLOWER
,id: "s2"
address: "localhost:33809"
dataStreamAddress: "localhost:37379"
clientAddress: "localhost:37595"
adminAddress: "localhost:34515"
startupRole: FOLLOWER
, old:)]
2023-03-17 00:25:04,702 [s3-server-thread2] INFO  server.RaftServer$Division (ServerState.java:setRaftConf(378)) - s3@group-8FC42D5FF1AF: set configuration 47: peers:[s3|rpc:0.0.0.0:35901|dataStream:|priority:0|startupRole:FOLLOWER, s4|rpc:0.0.0.0:34001|dataStream:|priority:0|startupRole:FOLLOWER, s2|rpc:localhost:33809|admin:localhost:34515|client:localhost:37595|dataStream:localhost:37379|priority:0|startupRole:FOLLOWER]|listeners:[], old=null
2023-03-17 00:25:04,702 [s3-server-thread2] DEBUG server.RaftServer$Division (RaftServerImpl.java:logAppendEntries(1430)) - s3@group-8FC42D5FF1AF: succeeded to handle AppendEntries. Reply: s0<-s3#1251:OK-t1,SUCCESS,nextIndex=48,followerCommit=45,matchIndex=47
2023-03-17 00:25:04,703 [s2-server-thread2] DEBUG server.RaftServer$Division (RaftServerImpl.java:logAppendEntries(1430)) - s2@group-8FC42D5FF1AF: receive appendEntries(s0, 1, (t:1, i:45), 45, true, commits:[s0:c45, s2:c43, s3:c43, s4:c43], cId:45397, entries: [(t:1, i:46), METADATAENTRY(c:45), (t:1, i:47), CONFIGURATIONENTRY(current:id: "s3"
address: "0.0.0.0:35901"
clientAddress: "0.0.0.0:35901"
adminAddress: "0.0.0.0:35901"
startupRole: FOLLOWER
,id: "s4"
address: "0.0.0.0:34001"
clientAddress: "0.0.0.0:34001"
adminAddress: "0.0.0.0:34001"
startupRole: FOLLOWER
,id: "s2"
address: "localhost:33809"
dataStreamAddress: "localhost:37379"
clientAddress: "localhost:37595"
adminAddress: "localhost:34515"
startupRole: FOLLOWER
, old:)]
2023-03-17 00:25:04,703 [s2-server-thread2] INFO  server.RaftServer$Division (ServerState.java:setRaftConf(378)) - s2@group-8FC42D5FF1AF: set configuration 47: peers:[s3|rpc:0.0.0.0:35901|dataStream:|priority:0|startupRole:FOLLOWER, s4|rpc:0.0.0.0:34001|dataStream:|priority:0|startupRole:FOLLOWER, s2|rpc:localhost:33809|admin:localhost:34515|client:localhost:37595|dataStream:localhost:37379|priority:0|startupRole:FOLLOWER]|listeners:[], old=null
2023-03-17 00:25:04,703 [s2-server-thread2] DEBUG server.RaftServer$Division (RaftServerImpl.java:logAppendEntries(1430)) - s2@group-8FC42D5FF1AF: succeeded to handle AppendEntries. Reply: s0<-s2#45397:OK-t1,SUCCESS,nextIndex=48,followerCommit=45,matchIndex=47
2023-03-17 00:25:04,705 [s0@group-8FC42D5FF1AF-LeaderStateImpl] INFO  server.RaftServer$Division (LeaderStateImpl.java:checkAndUpdateConfiguration(983)) - s0@group-8FC42D5FF1AF-LeaderStateImpl is not included in the new configuration 47: peers:[s3|rpc:0.0.0.0:35901|dataStream:|priority:0|startupRole:FOLLOWER, s4|rpc:0.0.0.0:34001|dataStream:|priority:0|startupRole:FOLLOWER, s2|rpc:localhost:33809|admin:localhost:34515|client:localhost:37595|dataStream:localhost:37379|priority:0|startupRole:FOLLOWER]|listeners:[], old=null. Will shutdown server...
2023-03-17 00:25:04,705 [Time-limited test] INFO  server.RaftServerConfigKeys (ConfUtils.java:logGet(46)) - raft.server.rpc.timeout.max = 300ms (default)
2023-03-17 00:25:04,706 [Time-limited test] INFO  impl.RaftServerTestUtil (RaftServerTestUtil.java:waitAndCheckNewConf(87)) - waitAndCheckNewConf: peers=[s3|rpc:0.0.0.0:35901|priority:0|startupRole:FOLLOWER, s4|rpc:0.0.0.0:34001|priority:0|startupRole:FOLLOWER, s2|rpc:localhost:33809|admin:localhost:34515|client:localhost:37595|dataStream:localhost:37379|priority:0|startupRole:FOLLOWER], deadPeers=null, printing ALL groups
  s3:  RUNNING  FOLLOWER s3@group-8FC42D5FF1AF:t1, leader=s0, voted=null, raftlog=Memoized:s3@group-8FC42D5FF1AF-SegmentedRaftLog:OPENED:c45, conf=47: peers:[s3|rpc:0.0.0.0:35901|dataStream:|priority:0|startupRole:FOLLOWER, s4|rpc:0.0.0.0:34001|dataStream:|priority:0|startupRole:FOLLOWER, s2|rpc:localhost:33809|admin:localhost:34515|client:localhost:37595|dataStream:localhost:37379|priority:0|startupRole:FOLLOWER]|listeners:[], old=null RUNNING
  s4:  RUNNING  FOLLOWER s4@group-8FC42D5FF1AF:t1, leader=s0, voted=null, raftlog=Memoized:s4@group-8FC42D5FF1AF-SegmentedRaftLog:OPENED:c43, conf=45: peers:[s3|rpc:0.0.0.0:35901|dataStream:|priority:0|startupRole:FOLLOWER, s4|rpc:0.0.0.0:34001|dataStream:|priority:0|startupRole:FOLLOWER, s2|rpc:localhost:33809|admin:localhost:34515|client:localhost:37595|dataStream:localhost:37379|priority:0|startupRole:FOLLOWER]|listeners:[], old=peers:[s3|rpc:0.0.0.0:35901|dataStream:|priority:0|startupRole:FOLLOWER, s4|rpc:0.0.0.0:34001|dataStream:|priority:0|startupRole:FOLLOWER, s0|rpc:localhost:38803|admin:localhost:44025|client:localhost:46541|dataStream:localhost:33933|priority:0|startupRole:FOLLOWER, s1|rpc:localhost:33457|admin:localhost:44537|client:localhost:35509|dataStream:localhost:46497|priority:0|startupRole:FOLLOWER, s2|rpc:localhost:33809|admin:localhost:34515|client:localhost:37595|dataStream:localhost:37379|priority:0|startupRole:FOLLOWER]|listeners:[] RUNNING
  s0:  RUNNING    LEADER s0@group-8FC42D5FF1AF:t1, leader=s0, voted=s0, raftlog=Memoized:s0@group-8FC42D5FF1AF-SegmentedRaftLog:OPENED:c47, conf=47: peers:[s3|rpc:0.0.0.0:35901|dataStream:|priority:0|startupRole:FOLLOWER, s4|rpc:0.0.0.0:34001|dataStream:|priority:0|startupRole:FOLLOWER, s2|rpc:localhost:33809|admin:localhost:34515|client:localhost:37595|dataStream:localhost:37379|priority:0|startupRole:FOLLOWER]|listeners:[], old=null RUNNING
  s1:  RUNNING  FOLLOWER s1@group-8FC42D5FF1AF:t1, leader=s0, voted=s0, raftlog=Memoized:s1@group-8FC42D5FF1AF-SegmentedRaftLog:OPENED:c43, conf=43: peers:[s3|rpc:0.0.0.0:35901|dataStream:|priority:0|startupRole:FOLLOWER, s4|rpc:0.0.0.0:34001|dataStream:|priority:0|startupRole:FOLLOWER, s0|rpc:localhost:38803|admin:localhost:44025|client:localhost:46541|dataStream:localhost:33933|priority:0|startupRole:FOLLOWER, s1|rpc:localhost:33457|admin:localhost:44537|client:localhost:35509|dataStream:localhost:46497|priority:0|startupRole:FOLLOWER, s2|rpc:localhost:33809|admin:localhost:34515|client:localhost:37595|dataStream:localhost:37379|priority:0|startupRole:FOLLOWER]|listeners:[], old=null RUNNING
  s2:  RUNNING  FOLLOWER s2@group-8FC42D5FF1AF:t1, leader=s0, voted=s0, raftlog=Memoized:s2@group-8FC42D5FF1AF-SegmentedRaftLog:OPENED:c45, conf=47: peers:[s3|rpc:0.0.0.0:35901|dataStream:|priority:0|startupRole:FOLLOWER, s4|rpc:0.0.0.0:34001|dataStream:|priority:0|startupRole:FOLLOWER, s2|rpc:localhost:33809|admin:localhost:34515|client:localhost:37595|dataStream:localhost:37379|priority:0|startupRole:FOLLOWER]|listeners:[], old=null RUNNING
2023-03-17 00:25:04,706 [Time-limited test] INFO  impl.RaftServerTestUtil (RaftServerTestUtil.java:waitAndCheckNewConf(96)) - checking  FOLLOWER s3@group-8FC42D5FF1AF:t1, leader=s0, voted=null, raftlog=Memoized:s3@group-8FC42D5FF1AF-SegmentedRaftLog:OPENED:c45, conf=47: peers:[s3|rpc:0.0.0.0:35901|dataStream:|priority:0|startupRole:FOLLOWER, s4|rpc:0.0.0.0:34001|dataStream:|priority:0|startupRole:FOLLOWER, s2|rpc:localhost:33809|admin:localhost:34515|client:localhost:37595|dataStream:localhost:37379|priority:0|startupRole:FOLLOWER]|listeners:[], old=null RUNNING
2023-03-17 00:25:04,706 [Time-limited test] INFO  impl.RaftServerTestUtil (RaftServerTestUtil.java:waitAndCheckNewConf(96)) - checking  FOLLOWER s4@group-8FC42D5FF1AF:t1, leader=s0, voted=null, raftlog=Memoized:s4@group-8FC42D5FF1AF-SegmentedRaftLog:OPENED:c43, conf=45: peers:[s3|rpc:0.0.0.0:35901|dataStream:|priority:0|startupRole:FOLLOWER, s4|rpc:0.0.0.0:34001|dataStream:|priority:0|startupRole:FOLLOWER, s2|rpc:localhost:33809|admin:localhost:34515|client:localhost:37595|dataStream:localhost:37379|priority:0|startupRole:FOLLOWER]|listeners:[], old=peers:[s3|rpc:0.0.0.0:35901|dataStream:|priority:0|startupRole:FOLLOWER, s4|rpc:0.0.0.0:34001|dataStream:|priority:0|startupRole:FOLLOWER, s0|rpc:localhost:38803|admin:localhost:44025|client:localhost:46541|dataStream:localhost:33933|priority:0|startupRole:FOLLOWER, s1|rpc:localhost:33457|admin:localhost:44537|client:localhost:35509|dataStream:localhost:46497|priority:0|startupRole:FOLLOWER, s2|rpc:localhost:33809|admin:localhost:34515|client:localhost:37595|dataStream:localhost:37379|priority:0|startupRole:FOLLOWER]|listeners:[] RUNNING
2023-03-17 00:25:04,706 [Time-limited test] WARN  impl.RaftServerTestUtil (JavaUtils.java:attempt(217)) - FAILED "waitAndCheckNewConf", attempt #1/10: java.lang.AssertionError, sleep 1200ms and then retry.
java.lang.AssertionError
	at org.junit.Assert.fail(Assert.java:87)
	at org.junit.Assert.assertTrue(Assert.java:42)
	at org.junit.Assert.assertTrue(Assert.java:53)
	at org.apache.ratis.server.impl.RaftServerTestUtil.waitAndCheckNewConf(RaftServerTestUtil.java:106)
	at org.apache.ratis.server.impl.RaftServerTestUtil.lambda$waitAndCheckNewConf$3(RaftServerTestUtil.java:82)
	at org.apache.ratis.util.function.CheckedRunnable.lambda$asCheckedSupplier$0(CheckedRunnable.java:32)
	at org.apache.ratis.util.JavaUtils.attempt(JavaUtils.java:211)
	at org.apache.ratis.util.JavaUtils.attemptRepeatedly(JavaUtils.java:197)
	at org.apache.ratis.util.JavaUtils.attempt(JavaUtils.java:231)
	at org.apache.ratis.server.impl.RaftServerTestUtil.waitAndCheckNewConf(RaftServerTestUtil.java:82)
	at org.apache.ratis.server.impl.RaftReconfigurationBaseTest.runTestReconfTwice(RaftReconfigurationBaseTest.java:309)
	at org.apache.ratis.server.impl.MiniRaftCluster$Factory$Get.runWithNewCluster(MiniRaftCluster.java:141)
	at org.apache.ratis.server.impl.MiniRaftCluster$Factory$Get.runWithNewCluster(MiniRaftCluster.java:121)
	at org.apache.ratis.server.impl.RaftReconfigurationBaseTest.testReconfTwice(RaftReconfigurationBaseTest.java:263)
	at java.base/jdk.internal.reflect.NativeMethodAccessorImpl.invoke0(Native Method)
	at java.base/jdk.internal.reflect.NativeMethodAccessorImpl.invoke(NativeMethodAccessorImpl.java:62)
	at java.base/jdk.internal.reflect.DelegatingMethodAccessorImpl.invoke(DelegatingMethodAccessorImpl.java:43)
	at java.base/java.lang.reflect.Method.invoke(Method.java:566)
	at org.junit.runners.model.FrameworkMethod$1.runReflectiveCall(FrameworkMethod.java:59)
	at org.junit.internal.runners.model.ReflectiveCallable.run(ReflectiveCallable.java:12)
	at org.junit.runners.model.FrameworkMethod.invokeExplosively(FrameworkMethod.java:56)
	at org.junit.internal.runners.statements.InvokeMethod.evaluate(InvokeMethod.java:17)
	at org.junit.internal.runners.statements.FailOnTimeout$CallableStatement.call(FailOnTimeout.java:299)
	at org.junit.internal.runners.statements.FailOnTimeout$CallableStatement.call(FailOnTimeout.java:293)
	at java.base/java.util.concurrent.FutureTask.run(FutureTask.java:264)
	at java.base/java.lang.Thread.run(Thread.java:829)
2023-03-17 00:25:04,711 [s4-server-thread2] DEBUG server.RaftServer$Division (RaftServerImpl.java:logAppendEntries(1430)) - s4@group-8FC42D5FF1AF: receive appendEntries(s0, 1, (t:1, i:45), 45, true, commits:[s0:c45, s2:c43, s3:c43, s4:c43], cId:5966, entries: [(t:1, i:46), METADATAENTRY(c:45), (t:1, i:47), CONFIGURATIONENTRY(current:id: "s3"
address: "0.0.0.0:35901"
clientAddress: "0.0.0.0:35901"
adminAddress: "0.0.0.0:35901"
startupRole: FOLLOWER
,id: "s4"
address: "0.0.0.0:34001"
clientAddress: "0.0.0.0:34001"
adminAddress: "0.0.0.0:34001"
startupRole: FOLLOWER
,id: "s2"
address: "localhost:33809"
dataStreamAddress: "localhost:37379"
clientAddress: "localhost:37595"
adminAddress: "localhost:34515"
startupRole: FOLLOWER
, old:)]
2023-03-17 00:25:04,711 [s4-server-thread2] INFO  server.RaftServer$Division (ServerState.java:setRaftConf(378)) - s4@group-8FC42D5FF1AF: set configuration 47: peers:[s3|rpc:0.0.0.0:35901|dataStream:|priority:0|startupRole:FOLLOWER, s4|rpc:0.0.0.0:34001|dataStream:|priority:0|startupRole:FOLLOWER, s2|rpc:localhost:33809|admin:localhost:34515|client:localhost:37595|dataStream:localhost:37379|priority:0|startupRole:FOLLOWER]|listeners:[], old=null
2023-03-17 00:25:04,711 [s4-server-thread2] DEBUG server.RaftServer$Division (RaftServerImpl.java:logAppendEntries(1430)) - s4@group-8FC42D5FF1AF: succeeded to handle AppendEntries. Reply: s0<-s4#5966:OK-t1,SUCCESS,nextIndex=48,followerCommit=45,matchIndex=47
2023-03-17 00:25:04,712 [s3-server-thread2] DEBUG server.RaftServer$Division (RaftServerImpl.java:logAppendEntries(1430)) - s3@group-8FC42D5FF1AF: receive appendEntries(s0, 1, (t:1, i:47), 47, true, commits:[s0:c47, s2:c45, s3:c45, s4:c43], cId:1252, entries: [(t:1, i:48), METADATAENTRY(c:47)]
2023-03-17 00:25:04,713 [s3-server-thread2] DEBUG server.RaftServer$Division (RaftServerImpl.java:logAppendEntries(1430)) - s3@group-8FC42D5FF1AF: succeeded to handle AppendEntries. Reply: s0<-s3#1252:OK-t1,SUCCESS,nextIndex=49,followerCommit=47,matchIndex=48
2023-03-17 00:25:04,713 [s2-server-thread2] DEBUG server.RaftServer$Division (RaftServerImpl.java:logAppendEntries(1430)) - s2@group-8FC42D5FF1AF: receive appendEntries(s0, 1, (t:1, i:47), 47, true, commits:[s0:c47, s2:c45, s3:c45, s4:c43], cId:45399, entries: [(t:1, i:48), METADATAENTRY(c:47)]
2023-03-17 00:25:04,714 [s2-server-thread2] DEBUG server.RaftServer$Division (RaftServerImpl.java:logAppendEntries(1430)) - s2@group-8FC42D5FF1AF: succeeded to handle AppendEntries. Reply: s0<-s2#45399:OK-t1,SUCCESS,nextIndex=49,followerCommit=47,matchIndex=48
2023-03-17 00:25:04,721 [s4-server-thread2] DEBUG server.RaftServer$Division (RaftServerImpl.java:logAppendEntries(1430)) - s4@group-8FC42D5FF1AF: receive appendEntries(s0, 1, (t:1, i:47), 47, true, commits:[s0:c47, s2:c45, s3:c45, s4:c45], cId:5967, entries: [(t:1, i:48), METADATAENTRY(c:47)]
2023-03-17 00:25:04,722 [s4-server-thread2] DEBUG server.RaftServer$Division (RaftServerImpl.java:logAppendEntries(1430)) - s4@group-8FC42D5FF1AF: succeeded to handle AppendEntries. Reply: s0<-s4#5967:OK-t1,SUCCESS,nextIndex=49,followerCommit=47,matchIndex=48
2023-03-17 00:25:04,855 [s0@group-8FC42D5FF1AF-LeaderStateImpl] INFO  server.RaftServer$Division (RaftServerImpl.java:lambda$close$4(466)) - s0@group-8FC42D5FF1AF: shutdown
2023-03-17 00:25:04,855 [s0@group-8FC42D5FF1AF-LeaderStateImpl] INFO  util.JmxRegister (JmxRegister.java:unregister(73)) - Successfully un-registered JMX Bean with object name Ratis:service=RaftServer,group=group-8FC42D5FF1AF,id=s0
2023-03-17 00:25:04,855 [s0@group-8FC42D5FF1AF-LeaderStateImpl] INFO  impl.RoleInfo (RoleInfo.java:shutdownLeaderState(93)) - s0: shutdown s0@group-8FC42D5FF1AF-LeaderStateImpl
2023-03-17 00:25:04,855 [s0@group-8FC42D5FF1AF-LeaderStateImpl] INFO  impl.PendingRequests (PendingRequests.java:sendNotLeaderResponses(289)) - s0@group-8FC42D5FF1AF-PendingRequests: sendNotLeaderResponses
2023-03-17 00:25:04,856 [s0@group-8FC42D5FF1AF-LeaderStateImpl] INFO  impl.StateMachineUpdater (StateMachineUpdater.java:stopAndJoin(154)) - s0@group-8FC42D5FF1AF-StateMachineUpdater: set stopIndex = 47
2023-03-17 00:25:04,857 [grpc-default-executor-5] INFO  server.GrpcServerProtocolService (GrpcServerProtocolService.java:onCompleted(145)) - s2: Completed APPEND_ENTRIES, lastRequest: null
2023-03-17 00:25:04,857 [grpc-default-executor-5] INFO  server.GrpcServerProtocolService (GrpcServerProtocolService.java:onCompleted(145)) - s2: Completed APPEND_ENTRIES, lastRequest: s0->s2#45399-t1,previous=(t:1, i:47),leaderCommit=47,initializing? true,entries: size=1, first=(t:1, i:48), METADATAENTRY(c:47)
2023-03-17 00:25:04,857 [grpc-default-executor-6] INFO  server.GrpcLogAppender (GrpcLogAppender.java:onCompleted(422)) - s0@group-8FC42D5FF1AF->s2-AppendLogResponseHandler: follower responses appendEntries COMPLETED
2023-03-17 00:25:04,858 [grpc-default-executor-6] INFO  leader.FollowerInfo (FollowerInfoImpl.java:lambda$new$0(52)) - s0@group-8FC42D5FF1AF->s2: decreaseNextIndex nextIndex: updateUnconditionally 49 -> 48
2023-03-17 00:25:04,858 [grpc-default-executor-7] INFO  server.GrpcLogAppender (GrpcLogAppender.java:onCompleted(422)) - s0@group-8FC42D5FF1AF->s2-AppendLogResponseHandler: follower responses appendEntries COMPLETED
2023-03-17 00:25:04,858 [grpc-default-executor-7] INFO  leader.FollowerInfo (FollowerInfoImpl.java:lambda$new$0(52)) - s0@group-8FC42D5FF1AF->s2: decreaseNextIndex nextIndex: updateUnconditionally 48 -> 47
2023-03-17 00:25:04,858 [s0@group-8FC42D5FF1AF-LeaderStateImpl] INFO  server.RaftServer$Division (ServerState.java:close(414)) - s0@group-8FC42D5FF1AF: applyIndex: 47
2023-03-17 00:25:04,858 [grpc-default-executor-5] INFO  server.GrpcServerProtocolService (GrpcServerProtocolService.java:onCompleted(145)) - s4: Completed APPEND_ENTRIES, lastRequest: null
2023-03-17 00:25:04,858 [grpc-default-executor-7] INFO  server.GrpcLogAppender (GrpcLogAppender.java:onCompleted(422)) - s0@group-8FC42D5FF1AF->s4-AppendLogResponseHandler: follower responses appendEntries COMPLETED
2023-03-17 00:25:04,858 [grpc-default-executor-7] INFO  leader.FollowerInfo (FollowerInfoImpl.java:lambda$new$0(52)) - s0@group-8FC42D5FF1AF->s4: decreaseNextIndex nextIndex: updateUnconditionally 49 -> 48
2023-03-17 00:25:04,858 [grpc-default-executor-7] INFO  server.GrpcServerProtocolService (GrpcServerProtocolService.java:onCompleted(145)) - s4: Completed APPEND_ENTRIES, lastRequest: s0->s4#5967-t1,previous=(t:1, i:47),leaderCommit=47,initializing? true,entries: size=1, first=(t:1, i:48), METADATAENTRY(c:47)
2023-03-17 00:25:04,859 [grpc-default-executor-7] INFO  server.GrpcLogAppender (GrpcLogAppender.java:onCompleted(422)) - s0@group-8FC42D5FF1AF->s4-AppendLogResponseHandler: follower responses appendEntries COMPLETED
2023-03-17 00:25:04,859 [grpc-default-executor-7] INFO  leader.FollowerInfo (FollowerInfoImpl.java:lambda$new$0(52)) - s0@group-8FC42D5FF1AF->s4: decreaseNextIndex nextIndex: updateUnconditionally 48 -> 47
2023-03-17 00:25:04,861 [s0@group-8FC42D5FF1AF->s3-GrpcLogAppender-LogAppenderDaemon] ERROR leader.LogAppenderDaemon (LogAppenderDaemon.java:run(87)) - s0@group-8FC42D5FF1AF->s3-GrpcLogAppender-LogAppenderDaemon failed
java.lang.IllegalStateException: s0@group-8FC42D5FF1AF-SegmentedRaftLog is expected to be opened but it is CLOSED
	at org.apache.ratis.util.OpenCloseState.assertOpen(OpenCloseState.java:63)
	at org.apache.ratis.server.raftlog.RaftLogBase.checkLogState(RaftLogBase.java:111)
	at org.apache.ratis.server.raftlog.segmented.SegmentedRaftLog.getLastEntryTermIndex(SegmentedRaftLog.java:341)
	at org.apache.ratis.server.raftlog.RaftLog.getNextIndex(RaftLog.java:83)
	at org.apache.ratis.server.leader.LogAppender.hasAppendEntries(LogAppender.java:166)
	at org.apache.ratis.server.leader.LogAppender.shouldSendAppendEntries(LogAppender.java:161)
	at org.apache.ratis.server.leader.LogAppenderBase.shouldSendAppendEntries(LogAppenderBase.java:92)
	at org.apache.ratis.grpc.server.GrpcLogAppender.shouldSendAppendEntries(GrpcLogAppender.java:208)
	at org.apache.ratis.grpc.server.GrpcLogAppender.getWaitTimeMs(GrpcLogAppender.java:176)
	at org.apache.ratis.grpc.server.GrpcLogAppender.mayWait(GrpcLogAppender.java:193)
	at org.apache.ratis.grpc.server.GrpcLogAppender.run(GrpcLogAppender.java:144)
	at org.apache.ratis.server.leader.LogAppenderDaemon.run(LogAppenderDaemon.java:78)
	at java.base/java.lang.Thread.run(Thread.java:829)
Caused by: org.apache.ratis.util.OpenCloseState$CloseTrace: Close s0@group-8FC42D5FF1AF-SegmentedRaftLog
	at org.apache.ratis.util.OpenCloseState.lambda$close$1(OpenCloseState.java:109)
	at java.base/java.util.concurrent.atomic.AtomicReference.getAndUpdate(AtomicReference.java:187)
	at org.apache.ratis.util.OpenCloseState.close(OpenCloseState.java:109)
	at org.apache.ratis.server.raftlog.RaftLogBase.close(RaftLogBase.java:365)
	at org.apache.ratis.server.raftlog.segmented.SegmentedRaftLog.close(SegmentedRaftLog.java:506)
	at org.apache.ratis.server.impl.ServerState.close(ServerState.java:418)
	at org.apache.ratis.server.impl.RaftServerImpl.lambda$close$4(RaftServerImpl.java:488)
	at org.apache.ratis.util.LifeCycle.lambda$checkStateAndClose$4(LifeCycle.java:299)
	at org.apache.ratis.util.LifeCycle.checkStateAndClose(LifeCycle.java:319)
	at org.apache.ratis.util.LifeCycle.checkStateAndClose(LifeCycle.java:297)
	at org.apache.ratis.server.impl.RaftServerImpl.close(RaftServerImpl.java:465)
	at org.apache.ratis.server.impl.LeaderStateImpl.checkAndUpdateConfiguration(LeaderStateImpl.java:992)
	at org.apache.ratis.server.impl.LeaderStateImpl.updateCommit(LeaderStateImpl.java:953)
	at org.apache.ratis.server.impl.LeaderStateImpl.updateCommit(LeaderStateImpl.java:964)
	at org.apache.ratis.server.impl.LeaderStateImpl.lambda$updateCommit$18(LeaderStateImpl.java:868)
	at java.base/java.util.Optional.ifPresent(Optional.java:183)
	at org.apache.ratis.server.impl.LeaderStateImpl.updateCommit(LeaderStateImpl.java:868)
	at org.apache.ratis.server.impl.LeaderStateImpl$StateUpdateEvent.execute(LeaderStateImpl.java:124)
	at org.apache.ratis.server.impl.LeaderStateImpl$EventProcessor.run(LeaderStateImpl.java:735)
2023-03-17 00:25:04,960 [s1@group-8FC42D5FF1AF-FollowerState] INFO  impl.FollowerState (FollowerState.java:run(143)) - s1@group-8FC42D5FF1AF-FollowerState: change to CANDIDATE, lastRpcElapsedTime:273889190ns, electionTimeout:157ms
2023-03-17 00:25:04,960 [s1@group-8FC42D5FF1AF-FollowerState] INFO  impl.RoleInfo (RoleInfo.java:shutdownFollowerState(110)) - s1: shutdown s1@group-8FC42D5FF1AF-FollowerState
2023-03-17 00:25:04,960 [s1@group-8FC42D5FF1AF-FollowerState] INFO  server.RaftServer$Division (RaftServerImpl.java:setRole(329)) - s1@group-8FC42D5FF1AF: changes role from  FOLLOWER to CANDIDATE at term 1 for changeToCandidate
2023-03-17 00:25:04,961 [s1@group-8FC42D5FF1AF-FollowerState] INFO  server.RaftServerConfigKeys (ConfUtils.java:logGet(46)) - raft.server.leaderelection.pre-vote = true (default)
2023-03-17 00:25:04,961 [s1@group-8FC42D5FF1AF-FollowerState] INFO  impl.RoleInfo (RoleInfo.java:updateAndGet(139)) - s1: start s1@group-8FC42D5FF1AF-LeaderElection43
2023-03-17 00:25:04,961 [s1@group-8FC42D5FF1AF-LeaderElection43] INFO  server.RaftServer$Division (ServerState.java:setLeader(260)) - s1@group-8FC42D5FF1AF: change Leader from s0 to null at term 1 for PRE_VOTE
2023-03-17 00:25:04,961 [s1@group-8FC42D5FF1AF-LeaderElection43] INFO  impl.LeaderElection (LeaderElection.java:askForVotes(320)) - s1@group-8FC42D5FF1AF-LeaderElection43 PRE_VOTE round 0: submit vote requests at term 1 for 43: peers:[s3|rpc:0.0.0.0:35901|dataStream:|priority:0|startupRole:FOLLOWER, s4|rpc:0.0.0.0:34001|dataStream:|priority:0|startupRole:FOLLOWER, s0|rpc:localhost:38803|admin:localhost:44025|client:localhost:46541|dataStream:localhost:33933|priority:0|startupRole:FOLLOWER, s1|rpc:localhost:33457|admin:localhost:44537|client:localhost:35509|dataStream:localhost:46497|priority:0|startupRole:FOLLOWER, s2|rpc:localhost:33809|admin:localhost:34515|client:localhost:37595|dataStream:localhost:37379|priority:0|startupRole:FOLLOWER]|listeners:[], old=null
2023-03-17 00:25:04,961 [s1@group-8FC42D5FF1AF-LeaderElection43-1] INFO  server.GrpcServerProtocolClient (GrpcServerProtocolClient.java:<init>(64)) - Build channel for s3
2023-03-17 00:25:04,962 [s1@group-8FC42D5FF1AF-LeaderElection43-2] INFO  server.GrpcServerProtocolClient (GrpcServerProtocolClient.java:<init>(64)) - Build channel for s4
2023-03-17 00:25:04,963 [s1@group-8FC42D5FF1AF-LeaderElection43-3] INFO  server.GrpcServerProtocolClient (GrpcServerProtocolClient.java:<init>(64)) - Build channel for s0
2023-03-17 00:25:04,964 [grpc-default-executor-5] INFO  server.RaftServer$Division (RaftServerImpl.java:requestVote(1303)) - s4@group-8FC42D5FF1AF: receive requestVote(PRE_VOTE, s1, group-8FC42D5FF1AF, 1, (t:1, i:44))
2023-03-17 00:25:04,964 [grpc-default-executor-5] INFO  impl.VoteContext (VoteContext.java:log(49)) - s4@group-8FC42D5FF1AF-FOLLOWER: reject PRE_VOTE from s1: s1 is not in current conf [s3|rpc:0.0.0.0:35901|dataStream:|priority:0|startupRole:FOLLOWER, s4|rpc:0.0.0.0:34001|dataStream:|priority:0|startupRole:FOLLOWER, s2|rpc:localhost:33809|admin:localhost:34515|client:localhost:37595|dataStream:localhost:37379|priority:0|startupRole:FOLLOWER]
2023-03-17 00:25:04,964 [grpc-default-executor-5] INFO  server.RaftServer$Division (RaftServerImpl.java:requestVote(1336)) - s4@group-8FC42D5FF1AF replies to PRE_VOTE vote request: s1<-s4#0:FAIL-t1. Peer's state: s4@group-8FC42D5FF1AF:t1, leader=s0, voted=null, raftlog=Memoized:s4@group-8FC42D5FF1AF-SegmentedRaftLog:OPENED:c47, conf=47: peers:[s3|rpc:0.0.0.0:35901|dataStream:|priority:0|startupRole:FOLLOWER, s4|rpc:0.0.0.0:34001|dataStream:|priority:0|startupRole:FOLLOWER, s2|rpc:localhost:33809|admin:localhost:34515|client:localhost:37595|dataStream:localhost:37379|priority:0|startupRole:FOLLOWER]|listeners:[], old=null
2023-03-17 00:25:04,967 [grpc-default-executor-5] INFO  server.RaftServer$Division (RaftServerImpl.java:requestVote(1303)) - s0@group-8FC42D5FF1AF: receive requestVote(PRE_VOTE, s1, group-8FC42D5FF1AF, 1, (t:1, i:44))
2023-03-17 00:25:04,967 [grpc-default-executor-5] WARN  server.GrpcServerProtocolService (LogUtils.java:warn(122)) - s0: Failed requestVote s1->s0#0: org.apache.ratis.protocol.exceptions.ServerNotReadyException: s0@group-8FC42D5FF1AF is not in [RUNNING]: current state is CLOSING
2023-03-17 00:25:04,967 [s1@group-8FC42D5FF1AF-LeaderElection43-4] INFO  server.GrpcServerProtocolClient (GrpcServerProtocolClient.java:<init>(64)) - Build channel for s2
2023-03-17 00:25:04,971 [s2@group-8FC42D5FF1AF-FollowerState] INFO  impl.FollowerState (FollowerState.java:run(143)) - s2@group-8FC42D5FF1AF-FollowerState: change to CANDIDATE, lastRpcElapsedTime:181621421ns, electionTimeout:165ms
2023-03-17 00:25:04,971 [s2@group-8FC42D5FF1AF-FollowerState] INFO  impl.RoleInfo (RoleInfo.java:shutdownFollowerState(110)) - s2: shutdown s2@group-8FC42D5FF1AF-FollowerState
2023-03-17 00:25:04,971 [s2@group-8FC42D5FF1AF-FollowerState] INFO  server.RaftServer$Division (RaftServerImpl.java:setRole(329)) - s2@group-8FC42D5FF1AF: changes role from  FOLLOWER to CANDIDATE at term 1 for changeToCandidate
2023-03-17 00:25:04,971 [s2@group-8FC42D5FF1AF-FollowerState] INFO  server.RaftServerConfigKeys (ConfUtils.java:logGet(46)) - raft.server.leaderelection.pre-vote = true (default)
2023-03-17 00:25:04,971 [s2@group-8FC42D5FF1AF-FollowerState] INFO  impl.RoleInfo (RoleInfo.java:updateAndGet(139)) - s2: start s2@group-8FC42D5FF1AF-LeaderElection44
2023-03-17 00:25:04,971 [s1@group-8FC42D5FF1AF-LeaderElection43] INFO  impl.LeaderElection (LogUtils.java:infoOrTrace(137)) - s1@group-8FC42D5FF1AF-LeaderElection43 got exception when requesting votes: java.util.concurrent.ExecutionException: org.apache.ratis.thirdparty.io.grpc.StatusRuntimeException: INTERNAL: s0@group-8FC42D5FF1AF is not in [RUNNING]: current state is CLOSING
2023-03-17 00:25:04,972 [s2@group-8FC42D5FF1AF-LeaderElection44] INFO  server.RaftServer$Division (ServerState.java:setLeader(260)) - s2@group-8FC42D5FF1AF: change Leader from s0 to null at term 1 for PRE_VOTE
2023-03-17 00:25:04,972 [s2@group-8FC42D5FF1AF-LeaderElection44] INFO  impl.LeaderElection (LeaderElection.java:askForVotes(320)) - s2@group-8FC42D5FF1AF-LeaderElection44 PRE_VOTE round 0: submit vote requests at term 1 for 47: peers:[s3|rpc:0.0.0.0:35901|dataStream:|priority:0|startupRole:FOLLOWER, s4|rpc:0.0.0.0:34001|dataStream:|priority:0|startupRole:FOLLOWER, s2|rpc:localhost:33809|admin:localhost:34515|client:localhost:37595|dataStream:localhost:37379|priority:0|startupRole:FOLLOWER]|listeners:[], old=null
2023-03-17 00:25:04,972 [grpc-default-executor-5] INFO  server.RaftServer$Division (RaftServerImpl.java:requestVote(1303)) - s2@group-8FC42D5FF1AF: receive requestVote(PRE_VOTE, s1, group-8FC42D5FF1AF, 1, (t:1, i:44))
2023-03-17 00:25:04,972 [grpc-default-executor-5] INFO  impl.VoteContext (VoteContext.java:log(49)) - s2@group-8FC42D5FF1AF-CANDIDATE: reject PRE_VOTE from s1: s1 is not in current conf [s3|rpc:0.0.0.0:35901|dataStream:|priority:0|startupRole:FOLLOWER, s4|rpc:0.0.0.0:34001|dataStream:|priority:0|startupRole:FOLLOWER, s2|rpc:localhost:33809|admin:localhost:34515|client:localhost:37595|dataStream:localhost:37379|priority:0|startupRole:FOLLOWER]
2023-03-17 00:25:04,972 [grpc-default-executor-5] INFO  server.RaftServer$Division (RaftServerImpl.java:requestVote(1336)) - s2@group-8FC42D5FF1AF replies to PRE_VOTE vote request: s1<-s2#0:FAIL-t1. Peer's state: s2@group-8FC42D5FF1AF:t1, leader=null, voted=s0, raftlog=Memoized:s2@group-8FC42D5FF1AF-SegmentedRaftLog:OPENED:c47, conf=47: peers:[s3|rpc:0.0.0.0:35901|dataStream:|priority:0|startupRole:FOLLOWER, s4|rpc:0.0.0.0:34001|dataStream:|priority:0|startupRole:FOLLOWER, s2|rpc:localhost:33809|admin:localhost:34515|client:localhost:37595|dataStream:localhost:37379|priority:0|startupRole:FOLLOWER]|listeners:[], old=null
2023-03-17 00:25:04,972 [s2@group-8FC42D5FF1AF-LeaderElection44-1] INFO  server.GrpcServerProtocolClient (GrpcServerProtocolClient.java:<init>(64)) - Build channel for s3
2023-03-17 00:25:04,973 [grpc-default-executor-5] INFO  server.RaftServer$Division (RaftServerImpl.java:requestVote(1303)) - s3@group-8FC42D5FF1AF: receive requestVote(PRE_VOTE, s1, group-8FC42D5FF1AF, 1, (t:1, i:44))
2023-03-17 00:25:04,973 [grpc-default-executor-5] INFO  impl.VoteContext (VoteContext.java:log(49)) - s3@group-8FC42D5FF1AF-FOLLOWER: reject PRE_VOTE from s1: s1 is not in current conf [s3|rpc:0.0.0.0:35901|dataStream:|priority:0|startupRole:FOLLOWER, s4|rpc:0.0.0.0:34001|dataStream:|priority:0|startupRole:FOLLOWER, s2|rpc:localhost:33809|admin:localhost:34515|client:localhost:37595|dataStream:localhost:37379|priority:0|startupRole:FOLLOWER]
2023-03-17 00:25:04,973 [grpc-default-executor-5] INFO  server.RaftServer$Division (RaftServerImpl.java:requestVote(1336)) - s3@group-8FC42D5FF1AF replies to PRE_VOTE vote request: s1<-s3#0:FAIL-t1. Peer's state: s3@group-8FC42D5FF1AF:t1, leader=s0, voted=null, raftlog=Memoized:s3@group-8FC42D5FF1AF-SegmentedRaftLog:OPENED:c47, conf=47: peers:[s3|rpc:0.0.0.0:35901|dataStream:|priority:0|startupRole:FOLLOWER, s4|rpc:0.0.0.0:34001|dataStream:|priority:0|startupRole:FOLLOWER, s2|rpc:localhost:33809|admin:localhost:34515|client:localhost:37595|dataStream:localhost:37379|priority:0|startupRole:FOLLOWER]|listeners:[], old=null
2023-03-17 00:25:04,974 [s2@group-8FC42D5FF1AF-LeaderElection44-2] INFO  server.GrpcServerProtocolClient (GrpcServerProtocolClient.java:<init>(64)) - Build channel for s4
2023-03-17 00:25:04,974 [grpc-default-executor-7] INFO  server.RaftServer$Division (RaftServerImpl.java:requestVote(1303)) - s3@group-8FC42D5FF1AF: receive requestVote(PRE_VOTE, s2, group-8FC42D5FF1AF, 1, (t:1, i:48))
2023-03-17 00:25:04,975 [s1@group-8FC42D5FF1AF-LeaderElection43] INFO  impl.LeaderElection (LeaderElection.java:logAndReturn(89)) - s1@group-8FC42D5FF1AF-LeaderElection43: PRE_VOTE REJECTED received 3 response(s) and 1 exception(s):
2023-03-17 00:25:04,975 [s1@group-8FC42D5FF1AF-LeaderElection43] INFO  impl.LeaderElection (LeaderElection.java:logAndReturn(93)) -   Response 0: s1<-s3#0:FAIL-t1
2023-03-17 00:25:04,975 [s1@group-8FC42D5FF1AF-LeaderElection43] INFO  impl.LeaderElection (LeaderElection.java:logAndReturn(93)) -   Response 1: s1<-s4#0:FAIL-t1
2023-03-17 00:25:04,975 [s1@group-8FC42D5FF1AF-LeaderElection43] INFO  impl.LeaderElection (LeaderElection.java:logAndReturn(93)) -   Response 2: s1<-s2#0:FAIL-t1
2023-03-17 00:25:04,975 [s1@group-8FC42D5FF1AF-LeaderElection43] INFO  impl.LeaderElection (LogUtils.java:infoOrTrace(137)) -   Exception 3: java.util.concurrent.ExecutionException: org.apache.ratis.thirdparty.io.grpc.StatusRuntimeException: INTERNAL: s0@group-8FC42D5FF1AF is not in [RUNNING]: current state is CLOSING
2023-03-17 00:25:04,975 [s1@group-8FC42D5FF1AF-LeaderElection43] INFO  impl.LeaderElection (LeaderElection.java:askForVotes(322)) - s1@group-8FC42D5FF1AF-LeaderElection43 PRE_VOTE round 0: result REJECTED
2023-03-17 00:25:04,975 [grpc-default-executor-7] INFO  impl.VoteContext (VoteContext.java:log(49)) - s3@group-8FC42D5FF1AF-FOLLOWER: accept PRE_VOTE from s2: our priority 0 <= candidate's priority 0
2023-03-17 00:25:04,975 [grpc-default-executor-7] INFO  server.RaftServer$Division (RaftServerImpl.java:requestVote(1336)) - s3@group-8FC42D5FF1AF replies to PRE_VOTE vote request: s2<-s3#0:OK-t1. Peer's state: s3@group-8FC42D5FF1AF:t1, leader=s0, voted=null, raftlog=Memoized:s3@group-8FC42D5FF1AF-SegmentedRaftLog:OPENED:c47, conf=47: peers:[s3|rpc:0.0.0.0:35901|dataStream:|priority:0|startupRole:FOLLOWER, s4|rpc:0.0.0.0:34001|dataStream:|priority:0|startupRole:FOLLOWER, s2|rpc:localhost:33809|admin:localhost:34515|client:localhost:37595|dataStream:localhost:37379|priority:0|startupRole:FOLLOWER]|listeners:[], old=null
2023-03-17 00:25:04,975 [s1@group-8FC42D5FF1AF-LeaderElection43] INFO  server.RaftServer$Division (RaftServerImpl.java:setRole(329)) - s1@group-8FC42D5FF1AF: changes role from CANDIDATE to FOLLOWER at term 1 for REJECTED
2023-03-17 00:25:04,975 [s1@group-8FC42D5FF1AF-LeaderElection43] INFO  impl.RoleInfo (RoleInfo.java:shutdownLeaderElection(130)) - s1: shutdown s1@group-8FC42D5FF1AF-LeaderElection43
2023-03-17 00:25:04,975 [s1@group-8FC42D5FF1AF-LeaderElection43] INFO  impl.RoleInfo (RoleInfo.java:updateAndGet(139)) - s1: start s1@group-8FC42D5FF1AF-FollowerState
2023-03-17 00:25:04,975 [s2@group-8FC42D5FF1AF-LeaderElection44] INFO  impl.LeaderElection (LeaderElection.java:logAndReturn(89)) - s2@group-8FC42D5FF1AF-LeaderElection44: PRE_VOTE PASSED received 1 response(s) and 0 exception(s):
2023-03-17 00:25:04,975 [s2@group-8FC42D5FF1AF-LeaderElection44] INFO  impl.LeaderElection (LeaderElection.java:logAndReturn(93)) -   Response 0: s2<-s3#0:OK-t1
2023-03-17 00:25:04,975 [s2@group-8FC42D5FF1AF-LeaderElection44] INFO  impl.LeaderElection (LeaderElection.java:askForVotes(322)) - s2@group-8FC42D5FF1AF-LeaderElection44 PRE_VOTE round 0: result PASSED
2023-03-17 00:25:04,977 [s2@group-8FC42D5FF1AF-LeaderElection44] INFO  impl.LeaderElection (LeaderElection.java:askForVotes(320)) - s2@group-8FC42D5FF1AF-LeaderElection44 ELECTION round 0: submit vote requests at term 2 for 47: peers:[s3|rpc:0.0.0.0:35901|dataStream:|priority:0|startupRole:FOLLOWER, s4|rpc:0.0.0.0:34001|dataStream:|priority:0|startupRole:FOLLOWER, s2|rpc:localhost:33809|admin:localhost:34515|client:localhost:37595|dataStream:localhost:37379|priority:0|startupRole:FOLLOWER]|listeners:[], old=null
2023-03-17 00:25:04,978 [grpc-default-executor-7] INFO  server.RaftServer$Division (RaftServerImpl.java:requestVote(1303)) - s4@group-8FC42D5FF1AF: receive requestVote(ELECTION, s2, group-8FC42D5FF1AF, 2, (t:1, i:48))
2023-03-17 00:25:04,978 [grpc-default-executor-7] INFO  impl.VoteContext (VoteContext.java:log(49)) - s4@group-8FC42D5FF1AF-FOLLOWER: accept ELECTION from s2: our priority 0 <= candidate's priority 0
2023-03-17 00:25:04,978 [grpc-default-executor-5] INFO  server.RaftServer$Division (RaftServerImpl.java:requestVote(1303)) - s4@group-8FC42D5FF1AF: receive requestVote(PRE_VOTE, s2, group-8FC42D5FF1AF, 1, (t:1, i:48))
2023-03-17 00:25:04,978 [grpc-default-executor-7] INFO  server.RaftServer$Division (ServerState.java:setLeader(260)) - s4@group-8FC42D5FF1AF: change Leader from s0 to null at term 2 for updateCurrentTerm
2023-03-17 00:25:04,978 [grpc-default-executor-7] INFO  server.RaftServer$Division (RaftServerImpl.java:setRole(329)) - s4@group-8FC42D5FF1AF: changes role from  FOLLOWER to FOLLOWER at term 2 for candidate:s2
2023-03-17 00:25:04,978 [grpc-default-executor-7] INFO  impl.RoleInfo (RoleInfo.java:shutdownFollowerState(110)) - s4: shutdown s4@group-8FC42D5FF1AF-FollowerState
2023-03-17 00:25:04,978 [grpc-default-executor-7] INFO  impl.RoleInfo (RoleInfo.java:updateAndGet(139)) - s4: start s4@group-8FC42D5FF1AF-FollowerState
2023-03-17 00:25:04,978 [s4@group-8FC42D5FF1AF-FollowerState] INFO  impl.FollowerState (FollowerState.java:run(152)) - s4@group-8FC42D5FF1AF-FollowerState was interrupted
2023-03-17 00:25:04,978 [grpc-default-executor-3] INFO  server.RaftServer$Division (RaftServerImpl.java:requestVote(1303)) - s3@group-8FC42D5FF1AF: receive requestVote(ELECTION, s2, group-8FC42D5FF1AF, 2, (t:1, i:48))
2023-03-17 00:25:04,979 [grpc-default-executor-3] INFO  impl.VoteContext (VoteContext.java:log(49)) - s3@group-8FC42D5FF1AF-FOLLOWER: accept ELECTION from s2: our priority 0 <= candidate's priority 0
2023-03-17 00:25:04,979 [grpc-default-executor-3] INFO  server.RaftServer$Division (ServerState.java:setLeader(260)) - s3@group-8FC42D5FF1AF: change Leader from s0 to null at term 2 for updateCurrentTerm
2023-03-17 00:25:04,979 [grpc-default-executor-3] INFO  server.RaftServer$Division (RaftServerImpl.java:setRole(329)) - s3@group-8FC42D5FF1AF: changes role from  FOLLOWER to FOLLOWER at term 2 for candidate:s2
2023-03-17 00:25:04,979 [grpc-default-executor-3] INFO  impl.RoleInfo (RoleInfo.java:shutdownFollowerState(110)) - s3: shutdown s3@group-8FC42D5FF1AF-FollowerState
2023-03-17 00:25:04,979 [s3@group-8FC42D5FF1AF-FollowerState] INFO  impl.FollowerState (FollowerState.java:run(152)) - s3@group-8FC42D5FF1AF-FollowerState was interrupted
2023-03-17 00:25:04,979 [grpc-default-executor-3] INFO  impl.RoleInfo (RoleInfo.java:updateAndGet(139)) - s3: start s3@group-8FC42D5FF1AF-FollowerState
2023-03-17 00:25:04,979 [grpc-default-executor-7] INFO  server.RaftServer$Division (RaftServerImpl.java:requestVote(1336)) - s4@group-8FC42D5FF1AF replies to ELECTION vote request: s2<-s4#0:OK-t2. Peer's state: s4@group-8FC42D5FF1AF:t2, leader=null, voted=s2, raftlog=Memoized:s4@group-8FC42D5FF1AF-SegmentedRaftLog:OPENED:c47, conf=47: peers:[s3|rpc:0.0.0.0:35901|dataStream:|priority:0|startupRole:FOLLOWER, s4|rpc:0.0.0.0:34001|dataStream:|priority:0|startupRole:FOLLOWER, s2|rpc:localhost:33809|admin:localhost:34515|client:localhost:37595|dataStream:localhost:37379|priority:0|startupRole:FOLLOWER]|listeners:[], old=null
2023-03-17 00:25:04,980 [grpc-default-executor-5] INFO  impl.VoteContext (VoteContext.java:log(49)) - s4@group-8FC42D5FF1AF-FOLLOWER: accept PRE_VOTE from s2: our priority 0 <= candidate's priority 0
2023-03-17 00:25:04,980 [grpc-default-executor-5] INFO  server.RaftServer$Division (RaftServerImpl.java:requestVote(1336)) - s4@group-8FC42D5FF1AF replies to PRE_VOTE vote request: s2<-s4#0:OK-t2. Peer's state: s4@group-8FC42D5FF1AF:t2, leader=null, voted=s2, raftlog=Memoized:s4@group-8FC42D5FF1AF-SegmentedRaftLog:OPENED:c47, conf=47: peers:[s3|rpc:0.0.0.0:35901|dataStream:|priority:0|startupRole:FOLLOWER, s4|rpc:0.0.0.0:34001|dataStream:|priority:0|startupRole:FOLLOWER, s2|rpc:localhost:33809|admin:localhost:34515|client:localhost:37595|dataStream:localhost:37379|priority:0|startupRole:FOLLOWER]|listeners:[], old=null
2023-03-17 00:25:04,981 [s2@group-8FC42D5FF1AF-LeaderElection44] INFO  impl.LeaderElection (LeaderElection.java:logAndReturn(89)) - s2@group-8FC42D5FF1AF-LeaderElection44: ELECTION PASSED received 1 response(s) and 0 exception(s):
2023-03-17 00:25:04,981 [s2@group-8FC42D5FF1AF-LeaderElection44] INFO  impl.LeaderElection (LeaderElection.java:logAndReturn(93)) -   Response 0: s2<-s4#0:OK-t2
2023-03-17 00:25:04,981 [s2@group-8FC42D5FF1AF-LeaderElection44] INFO  impl.LeaderElection (LeaderElection.java:askForVotes(322)) - s2@group-8FC42D5FF1AF-LeaderElection44 ELECTION round 0: result PASSED
2023-03-17 00:25:04,981 [s2@group-8FC42D5FF1AF-LeaderElection44] INFO  impl.RoleInfo (RoleInfo.java:shutdownLeaderElection(130)) - s2: shutdown s2@group-8FC42D5FF1AF-LeaderElection44
2023-03-17 00:25:04,981 [s2@group-8FC42D5FF1AF-LeaderElection44] INFO  server.RaftServer$Division (RaftServerImpl.java:setRole(329)) - s2@group-8FC42D5FF1AF: changes role from CANDIDATE to LEADER at term 2 for changeToLeader
2023-03-17 00:25:04,981 [s2@group-8FC42D5FF1AF-LeaderElection44] INFO  server.RaftServer$Division (ServerState.java:setLeader(260)) - s2@group-8FC42D5FF1AF: change Leader from null to s2 at term 2 for becomeLeader, leader elected after 8ms
2023-03-17 00:25:04,981 [s2@group-8FC42D5FF1AF-LeaderElection44] INFO  server.RaftServerConfigKeys (ConfUtils.java:logGet(46)) - raft.server.staging.catchup.gap = 10 (custom)
2023-03-17 00:25:04,981 [s2@group-8FC42D5FF1AF-LeaderElection44] INFO  server.RaftServerConfigKeys (ConfUtils.java:logGet(46)) - raft.server.write.element-limit = 4096 (default)
2023-03-17 00:25:04,981 [s2@group-8FC42D5FF1AF-LeaderElection44] INFO  server.RaftServerConfigKeys (ConfUtils.java:logGet(46)) - raft.server.write.byte-limit = 64MB (=67108864) (default)
2023-03-17 00:25:04,981 [s2@group-8FC42D5FF1AF-LeaderElection44] INFO  server.RaftServerConfigKeys (ConfUtils.java:logGet(46)) - raft.server.watch.timeout = 10s (default)
2023-03-17 00:25:04,981 [s2@group-8FC42D5FF1AF-LeaderElection44] INFO  server.RaftServerConfigKeys (ConfUtils.java:logGet(46)) - raft.server.watch.timeout.denomination = 1s (default)
2023-03-17 00:25:04,981 [s2@group-8FC42D5FF1AF-LeaderElection44] INFO  server.RaftServerConfigKeys (ConfUtils.java:logGet(46)) - raft.server.watch.element-limit = 65536 (default)
2023-03-17 00:25:04,981 [s2@group-8FC42D5FF1AF-LeaderElection44] INFO  server.RaftServerConfigKeys (ConfUtils.java:logGet(46)) - raft.server.write.element-limit = 4096 (default)
2023-03-17 00:25:04,981 [s2@group-8FC42D5FF1AF-LeaderElection44] INFO  server.RaftServerConfigKeys (ConfUtils.java:logGet(46)) - raft.server.write.follower.gap.ratio.max = -1.0 (default)
2023-03-17 00:25:04,981 [s2@group-8FC42D5FF1AF-LeaderElection44] INFO  server.RaftServerConfigKeys (ConfUtils.java:logGet(46)) - raft.server.log.appender.snapshot.chunk.size.max = 16MB (=16777216) (default)
2023-03-17 00:25:04,981 [s2@group-8FC42D5FF1AF-LeaderElection44] INFO  server.RaftServerConfigKeys (ConfUtils.java:logGet(46)) - raft.server.log.appender.buffer.byte-limit = 4MB (=4194304) (default)
2023-03-17 00:25:04,981 [s2@group-8FC42D5FF1AF-LeaderElection44] INFO  server.RaftServerConfigKeys (ConfUtils.java:logGet(46)) - raft.server.log.appender.buffer.element-limit = 0 (default)
2023-03-17 00:25:04,981 [s2@group-8FC42D5FF1AF-LeaderElection44] INFO  server.RaftServerConfigKeys (ConfUtils.java:logGet(46)) - raft.server.log.appender.wait-time.min = 10ms (default)
2023-03-17 00:25:04,981 [s2@group-8FC42D5FF1AF-LeaderElection44] INFO  grpc.GrpcConfigKeys (ConfUtils.java:logGet(46)) - raft.grpc.server.leader.outstanding.appends.max = 128 (default)
2023-03-17 00:25:04,982 [s2@group-8FC42D5FF1AF-LeaderElection44] INFO  server.RaftServerConfigKeys (ConfUtils.java:logGet(46)) - raft.server.rpc.request.timeout = 3000ms (default)
2023-03-17 00:25:04,982 [s2@group-8FC42D5FF1AF-LeaderElection44] INFO  grpc.GrpcConfigKeys (ConfUtils.java:logGet(46)) - raft.grpc.server.install_snapshot.request.element-limit = 8 (default)
2023-03-17 00:25:04,982 [s2@group-8FC42D5FF1AF-LeaderElection44] INFO  grpc.GrpcConfigKeys (ConfUtils.java:logGet(46)) - raft.grpc.server.install_snapshot.request.timeout = 3000ms (default)
2023-03-17 00:25:04,982 [s2@group-8FC42D5FF1AF-LeaderElection44] INFO  server.RaftServerConfigKeys (ConfUtils.java:logGet(46)) - raft.server.log.appender.install.snapshot.enabled = true (default)
2023-03-17 00:25:04,982 [s2@group-8FC42D5FF1AF-LeaderElection44] INFO  grpc.GrpcConfigKeys (ConfUtils.java:logGet(46)) - raft.grpc.server.heartbeat.channel = true (default)
2023-03-17 00:25:04,982 [s2@group-8FC42D5FF1AF-LeaderElection44] INFO  server.RaftServerConfigKeys (ConfUtils.java:logGet(46)) - raft.server.log.appender.snapshot.chunk.size.max = 16MB (=16777216) (default)
2023-03-17 00:25:04,982 [s2@group-8FC42D5FF1AF-LeaderElection44] INFO  server.RaftServerConfigKeys (ConfUtils.java:logGet(46)) - raft.server.log.appender.buffer.byte-limit = 4MB (=4194304) (default)
2023-03-17 00:25:04,982 [s2@group-8FC42D5FF1AF-LeaderElection44] INFO  server.RaftServerConfigKeys (ConfUtils.java:logGet(46)) - raft.server.log.appender.buffer.element-limit = 0 (default)
2023-03-17 00:25:04,982 [s2@group-8FC42D5FF1AF-LeaderElection44] INFO  server.RaftServerConfigKeys (ConfUtils.java:logGet(46)) - raft.server.log.appender.wait-time.min = 10ms (default)
2023-03-17 00:25:04,982 [s2@group-8FC42D5FF1AF-LeaderElection44] INFO  grpc.GrpcConfigKeys (ConfUtils.java:logGet(46)) - raft.grpc.server.leader.outstanding.appends.max = 128 (default)
2023-03-17 00:25:04,982 [s2@group-8FC42D5FF1AF-LeaderElection44] INFO  server.RaftServerConfigKeys (ConfUtils.java:logGet(46)) - raft.server.rpc.request.timeout = 3000ms (default)
2023-03-17 00:25:04,982 [s2@group-8FC42D5FF1AF-LeaderElection44] INFO  grpc.GrpcConfigKeys (ConfUtils.java:logGet(46)) - raft.grpc.server.install_snapshot.request.element-limit = 8 (default)
2023-03-17 00:25:04,982 [s2@group-8FC42D5FF1AF-LeaderElection44] INFO  grpc.GrpcConfigKeys (ConfUtils.java:logGet(46)) - raft.grpc.server.install_snapshot.request.timeout = 3000ms (default)
2023-03-17 00:25:04,982 [s2@group-8FC42D5FF1AF-LeaderElection44] INFO  server.RaftServerConfigKeys (ConfUtils.java:logGet(46)) - raft.server.log.appender.install.snapshot.enabled = true (default)
2023-03-17 00:25:04,982 [s2@group-8FC42D5FF1AF-LeaderElection44] INFO  grpc.GrpcConfigKeys (ConfUtils.java:logGet(46)) - raft.grpc.server.heartbeat.channel = true (default)
2023-03-17 00:25:04,982 [s2@group-8FC42D5FF1AF-LeaderElection44] INFO  impl.RoleInfo (RoleInfo.java:updateAndGet(139)) - s2: start s2@group-8FC42D5FF1AF-LeaderStateImpl
2023-03-17 00:25:04,982 [s2@group-8FC42D5FF1AF-LeaderElection44] INFO  segmented.SegmentedRaftLogWorker (SegmentedRaftLogWorker.java:rollLogSegment(431)) - s2@group-8FC42D5FF1AF-SegmentedRaftLogWorker: Rolling segment log-0_48 to index:48
2023-03-17 00:25:04,983 [s2@group-8FC42D5FF1AF-SegmentedRaftLogWorker] TRACE util.FileUtils (LogUtils.java:runAndLog(49)) - Successfully ran Atomic Files.move /home/runner/work/ratis/ratis/ratis-test/target/test/data/ce6527c6/MiniRaftClusterWithGrpcf86a83d6/s2/a76324f6-3d35-4c0d-8bf8-8fc42d5ff1af/current/log_inprogress_0 to /home/runner/work/ratis/ratis/ratis-test/target/test/data/ce6527c6/MiniRaftClusterWithGrpcf86a83d6/s2/a76324f6-3d35-4c0d-8bf8-8fc42d5ff1af/current/log_0-48
2023-03-17 00:25:04,983 [s2@group-8FC42D5FF1AF-SegmentedRaftLogWorker] INFO  segmented.SegmentedRaftLogWorker (SegmentedRaftLogWorker.java:execute(587)) - s2@group-8FC42D5FF1AF-SegmentedRaftLogWorker: Rolled log segment from /home/runner/work/ratis/ratis/ratis-test/target/test/data/ce6527c6/MiniRaftClusterWithGrpcf86a83d6/s2/a76324f6-3d35-4c0d-8bf8-8fc42d5ff1af/current/log_inprogress_0 to /home/runner/work/ratis/ratis/ratis-test/target/test/data/ce6527c6/MiniRaftClusterWithGrpcf86a83d6/s2/a76324f6-3d35-4c0d-8bf8-8fc42d5ff1af/current/log_0-48
2023-03-17 00:25:04,988 [s2@group-8FC42D5FF1AF-LeaderElection44] INFO  server.RaftServer$Division (ServerState.java:setRaftConf(378)) - s2@group-8FC42D5FF1AF: set configuration 49: peers:[s3|rpc:0.0.0.0:35901|dataStream:|priority:0|startupRole:FOLLOWER, s4|rpc:0.0.0.0:34001|dataStream:|priority:0|startupRole:FOLLOWER, s2|rpc:localhost:33809|admin:localhost:34515|client:localhost:37595|dataStream:localhost:37379|priority:0|startupRole:FOLLOWER]|listeners:[], old=null
2023-03-17 00:25:04,991 [s4-server-thread1] INFO  server.RaftServer$Division (ServerState.java:setLeader(260)) - s4@group-8FC42D5FF1AF: change Leader from null to s2 at term 2 for appendEntries, leader elected after 12ms
2023-03-17 00:25:04,993 [grpc-default-executor-3] INFO  server.RaftServer$Division (RaftServerImpl.java:requestVote(1336)) - s3@group-8FC42D5FF1AF replies to ELECTION vote request: s2<-s3#0:OK-t2. Peer's state: s3@group-8FC42D5FF1AF:t2, leader=null, voted=s2, raftlog=Memoized:s3@group-8FC42D5FF1AF-SegmentedRaftLog:OPENED:c47, conf=47: peers:[s3|rpc:0.0.0.0:35901|dataStream:|priority:0|startupRole:FOLLOWER, s4|rpc:0.0.0.0:34001|dataStream:|priority:0|startupRole:FOLLOWER, s2|rpc:localhost:33809|admin:localhost:34515|client:localhost:37595|dataStream:localhost:37379|priority:0|startupRole:FOLLOWER]|listeners:[], old=null
2023-03-17 00:25:04,994 [s2@group-8FC42D5FF1AF-SegmentedRaftLogWorker] INFO  segmented.SegmentedRaftLogWorker (SegmentedRaftLogWorker.java:execute(630)) - s2@group-8FC42D5FF1AF-SegmentedRaftLogWorker: created new log segment /home/runner/work/ratis/ratis/ratis-test/target/test/data/ce6527c6/MiniRaftClusterWithGrpcf86a83d6/s2/a76324f6-3d35-4c0d-8bf8-8fc42d5ff1af/current/log_inprogress_49
2023-03-17 00:25:04,994 [s3-server-thread1] INFO  server.RaftServer$Division (ServerState.java:setLeader(260)) - s3@group-8FC42D5FF1AF: change Leader from null to s2 at term 2 for appendEntries, leader elected after 14ms
2023-03-17 00:25:04,999 [s3-server-thread2] DEBUG server.RaftServer$Division (RaftServerImpl.java:logAppendEntries(1430)) - s3@group-8FC42D5FF1AF: receive appendEntries(s2, 2, (t:1, i:48), 47, true, commits:[s2:c47, s3:c47, s4:c47], cId:1, entries: [(t:2, i:49), CONFIGURATIONENTRY(current:id: "s3"
address: "0.0.0.0:35901"
clientAddress: "0.0.0.0:35901"
adminAddress: "0.0.0.0:35901"
startupRole: FOLLOWER
,id: "s4"
address: "0.0.0.0:34001"
clientAddress: "0.0.0.0:34001"
adminAddress: "0.0.0.0:34001"
startupRole: FOLLOWER
,id: "s2"
address: "localhost:33809"
dataStreamAddress: "localhost:37379"
clientAddress: "localhost:37595"
adminAddress: "localhost:34515"
startupRole: FOLLOWER
, old:)]
2023-03-17 00:25:04,999 [s3-server-thread2] INFO  server.RaftServer$Division (ServerState.java:setRaftConf(378)) - s3@group-8FC42D5FF1AF: set configuration 49: peers:[s3|rpc:0.0.0.0:35901|dataStream:|priority:0|startupRole:FOLLOWER, s4|rpc:0.0.0.0:34001|dataStream:|priority:0|startupRole:FOLLOWER, s2|rpc:localhost:33809|admin:localhost:34515|client:localhost:37595|dataStream:localhost:37379|priority:0|startupRole:FOLLOWER]|listeners:[], old=null
2023-03-17 00:25:04,999 [s3-server-thread2] INFO  segmented.SegmentedRaftLogWorker (SegmentedRaftLogWorker.java:rollLogSegment(431)) - s3@group-8FC42D5FF1AF-SegmentedRaftLogWorker: Rolling segment log-0_48 to index:48
2023-03-17 00:25:05,000 [s3@group-8FC42D5FF1AF-SegmentedRaftLogWorker] TRACE util.FileUtils (LogUtils.java:runAndLog(49)) - Successfully ran Atomic Files.move /home/runner/work/ratis/ratis/ratis-test/target/test/data/ce6527c6/MiniRaftClusterWithGrpcf86a83d6/s3/a76324f6-3d35-4c0d-8bf8-8fc42d5ff1af/current/log_inprogress_0 to /home/runner/work/ratis/ratis/ratis-test/target/test/data/ce6527c6/MiniRaftClusterWithGrpcf86a83d6/s3/a76324f6-3d35-4c0d-8bf8-8fc42d5ff1af/current/log_0-48
2023-03-17 00:25:05,000 [s3@group-8FC42D5FF1AF-SegmentedRaftLogWorker] INFO  segmented.SegmentedRaftLogWorker (SegmentedRaftLogWorker.java:execute(587)) - s3@group-8FC42D5FF1AF-SegmentedRaftLogWorker: Rolled log segment from /home/runner/work/ratis/ratis/ratis-test/target/test/data/ce6527c6/MiniRaftClusterWithGrpcf86a83d6/s3/a76324f6-3d35-4c0d-8bf8-8fc42d5ff1af/current/log_inprogress_0 to /home/runner/work/ratis/ratis/ratis-test/target/test/data/ce6527c6/MiniRaftClusterWithGrpcf86a83d6/s3/a76324f6-3d35-4c0d-8bf8-8fc42d5ff1af/current/log_0-48
2023-03-17 00:25:05,002 [s4-server-thread2] DEBUG server.RaftServer$Division (RaftServerImpl.java:logAppendEntries(1430)) - s4@group-8FC42D5FF1AF: receive appendEntries(s2, 2, (t:1, i:48), 47, true, commits:[s2:c47, s3:c47, s4:c47], cId:1, entries: [(t:2, i:49), CONFIGURATIONENTRY(current:id: "s3"
address: "0.0.0.0:35901"
clientAddress: "0.0.0.0:35901"
adminAddress: "0.0.0.0:35901"
startupRole: FOLLOWER
,id: "s4"
address: "0.0.0.0:34001"
clientAddress: "0.0.0.0:34001"
adminAddress: "0.0.0.0:34001"
startupRole: FOLLOWER
,id: "s2"
address: "localhost:33809"
dataStreamAddress: "localhost:37379"
clientAddress: "localhost:37595"
adminAddress: "localhost:34515"
startupRole: FOLLOWER
, old:)]
2023-03-17 00:25:05,002 [s4-server-thread2] INFO  server.RaftServer$Division (ServerState.java:setRaftConf(378)) - s4@group-8FC42D5FF1AF: set configuration 49: peers:[s3|rpc:0.0.0.0:35901|dataStream:|priority:0|startupRole:FOLLOWER, s4|rpc:0.0.0.0:34001|dataStream:|priority:0|startupRole:FOLLOWER, s2|rpc:localhost:33809|admin:localhost:34515|client:localhost:37595|dataStream:localhost:37379|priority:0|startupRole:FOLLOWER]|listeners:[], old=null
2023-03-17 00:25:05,002 [s4-server-thread2] INFO  segmented.SegmentedRaftLogWorker (SegmentedRaftLogWorker.java:rollLogSegment(431)) - s4@group-8FC42D5FF1AF-SegmentedRaftLogWorker: Rolling segment log-0_48 to index:48
2023-03-17 00:25:05,003 [s4@group-8FC42D5FF1AF-SegmentedRaftLogWorker] TRACE util.FileUtils (LogUtils.java:runAndLog(49)) - Successfully ran Atomic Files.move /home/runner/work/ratis/ratis/ratis-test/target/test/data/ce6527c6/MiniRaftClusterWithGrpcf86a83d6/s4/a76324f6-3d35-4c0d-8bf8-8fc42d5ff1af/current/log_inprogress_0 to /home/runner/work/ratis/ratis/ratis-test/target/test/data/ce6527c6/MiniRaftClusterWithGrpcf86a83d6/s4/a76324f6-3d35-4c0d-8bf8-8fc42d5ff1af/current/log_0-48
2023-03-17 00:25:05,003 [s4@group-8FC42D5FF1AF-SegmentedRaftLogWorker] INFO  segmented.SegmentedRaftLogWorker (SegmentedRaftLogWorker.java:execute(587)) - s4@group-8FC42D5FF1AF-SegmentedRaftLogWorker: Rolled log segment from /home/runner/work/ratis/ratis/ratis-test/target/test/data/ce6527c6/MiniRaftClusterWithGrpcf86a83d6/s4/a76324f6-3d35-4c0d-8bf8-8fc42d5ff1af/current/log_inprogress_0 to /home/runner/work/ratis/ratis/ratis-test/target/test/data/ce6527c6/MiniRaftClusterWithGrpcf86a83d6/s4/a76324f6-3d35-4c0d-8bf8-8fc42d5ff1af/current/log_0-48
2023-03-17 00:25:05,014 [s3@group-8FC42D5FF1AF-SegmentedRaftLogWorker] INFO  segmented.SegmentedRaftLogWorker (SegmentedRaftLogWorker.java:execute(630)) - s3@group-8FC42D5FF1AF-SegmentedRaftLogWorker: created new log segment /home/runner/work/ratis/ratis/ratis-test/target/test/data/ce6527c6/MiniRaftClusterWithGrpcf86a83d6/s3/a76324f6-3d35-4c0d-8bf8-8fc42d5ff1af/current/log_inprogress_49
2023-03-17 00:25:05,015 [s4@group-8FC42D5FF1AF-SegmentedRaftLogWorker] INFO  segmented.SegmentedRaftLogWorker (SegmentedRaftLogWorker.java:execute(630)) - s4@group-8FC42D5FF1AF-SegmentedRaftLogWorker: created new log segment /home/runner/work/ratis/ratis/ratis-test/target/test/data/ce6527c6/MiniRaftClusterWithGrpcf86a83d6/s4/a76324f6-3d35-4c0d-8bf8-8fc42d5ff1af/current/log_inprogress_49
2023-03-17 00:25:05,015 [s3-server-thread2] DEBUG server.RaftServer$Division (RaftServerImpl.java:logAppendEntries(1430)) - s3@group-8FC42D5FF1AF: succeeded to handle AppendEntries. Reply: s2<-s3#1:OK-t2,SUCCESS,nextIndex=50,followerCommit=47,matchIndex=49
2023-03-17 00:25:05,015 [s4-server-thread2] DEBUG server.RaftServer$Division (RaftServerImpl.java:logAppendEntries(1430)) - s4@group-8FC42D5FF1AF: succeeded to handle AppendEntries. Reply: s2<-s4#1:OK-t2,SUCCESS,nextIndex=50,followerCommit=47,matchIndex=49
2023-03-17 00:25:05,016 [s4-server-thread2] DEBUG server.RaftServer$Division (RaftServerImpl.java:logAppendEntries(1430)) - s4@group-8FC42D5FF1AF: receive appendEntries(s2, 2, (t:2, i:49), 49, true, commits:[s2:c49, s3:c47, s4:c47], cId:117, entries: [(t:2, i:50), METADATAENTRY(c:49)]
2023-03-17 00:25:05,016 [s3-server-thread2] DEBUG server.RaftServer$Division (RaftServerImpl.java:logAppendEntries(1430)) - s3@group-8FC42D5FF1AF: receive appendEntries(s2, 2, (t:2, i:49), 49, true, commits:[s2:c49, s3:c47, s4:c47], cId:2, entries: [(t:2, i:50), METADATAENTRY(c:49)]
2023-03-17 00:25:05,017 [s4-server-thread2] DEBUG server.RaftServer$Division (RaftServerImpl.java:logAppendEntries(1430)) - s4@group-8FC42D5FF1AF: succeeded to handle AppendEntries. Reply: s2<-s4#117:OK-t2,SUCCESS,nextIndex=51,followerCommit=49,matchIndex=50
2023-03-17 00:25:05,017 [s3-server-thread2] DEBUG server.RaftServer$Division (RaftServerImpl.java:logAppendEntries(1430)) - s3@group-8FC42D5FF1AF: succeeded to handle AppendEntries. Reply: s2<-s3#2:OK-t2,SUCCESS,nextIndex=51,followerCommit=49,matchIndex=50
2023-03-17 00:25:05,224 [s1@group-8FC42D5FF1AF-FollowerState] INFO  impl.FollowerState (FollowerState.java:run(143)) - s1@group-8FC42D5FF1AF-FollowerState: change to CANDIDATE, lastRpcElapsedTime:249066764ns, electionTimeout:248ms
2023-03-17 00:25:05,224 [s1@group-8FC42D5FF1AF-FollowerState] INFO  impl.RoleInfo (RoleInfo.java:shutdownFollowerState(110)) - s1: shutdown s1@group-8FC42D5FF1AF-FollowerState
2023-03-17 00:25:05,224 [s1@group-8FC42D5FF1AF-FollowerState] INFO  server.RaftServer$Division (RaftServerImpl.java:setRole(329)) - s1@group-8FC42D5FF1AF: changes role from  FOLLOWER to CANDIDATE at term 1 for changeToCandidate
2023-03-17 00:25:05,224 [s1@group-8FC42D5FF1AF-FollowerState] INFO  server.RaftServerConfigKeys (ConfUtils.java:logGet(46)) - raft.server.leaderelection.pre-vote = true (default)
2023-03-17 00:25:05,224 [s1@group-8FC42D5FF1AF-FollowerState] INFO  impl.RoleInfo (RoleInfo.java:updateAndGet(139)) - s1: start s1@group-8FC42D5FF1AF-LeaderElection45
2023-03-17 00:25:05,230 [s1@group-8FC42D5FF1AF-LeaderElection45] INFO  impl.LeaderElection (LeaderElection.java:askForVotes(320)) - s1@group-8FC42D5FF1AF-LeaderElection45 PRE_VOTE round 0: submit vote requests at term 1 for 43: peers:[s3|rpc:0.0.0.0:35901|dataStream:|priority:0|startupRole:FOLLOWER, s4|rpc:0.0.0.0:34001|dataStream:|priority:0|startupRole:FOLLOWER, s0|rpc:localhost:38803|admin:localhost:44025|client:localhost:46541|dataStream:localhost:33933|priority:0|startupRole:FOLLOWER, s1|rpc:localhost:33457|admin:localhost:44537|client:localhost:35509|dataStream:localhost:46497|priority:0|startupRole:FOLLOWER, s2|rpc:localhost:33809|admin:localhost:34515|client:localhost:37595|dataStream:localhost:37379|priority:0|startupRole:FOLLOWER]|listeners:[], old=null
2023-03-17 00:25:05,240 [grpc-default-executor-3] INFO  server.RaftServer$Division (RaftServerImpl.java:requestVote(1303)) - s3@group-8FC42D5FF1AF: receive requestVote(PRE_VOTE, s1, group-8FC42D5FF1AF, 1, (t:1, i:44))
2023-03-17 00:25:05,241 [grpc-default-executor-3] INFO  impl.VoteContext (VoteContext.java:log(49)) - s3@group-8FC42D5FF1AF-FOLLOWER: reject PRE_VOTE from s1: s1 is not in current conf [s3|rpc:0.0.0.0:35901|dataStream:|priority:0|startupRole:FOLLOWER, s4|rpc:0.0.0.0:34001|dataStream:|priority:0|startupRole:FOLLOWER, s2|rpc:localhost:33809|admin:localhost:34515|client:localhost:37595|dataStream:localhost:37379|priority:0|startupRole:FOLLOWER]
2023-03-17 00:25:05,241 [grpc-default-executor-3] INFO  server.RaftServer$Division (RaftServerImpl.java:requestVote(1336)) - s3@group-8FC42D5FF1AF replies to PRE_VOTE vote request: s1<-s3#0:FAIL-t2. Peer's state: s3@group-8FC42D5FF1AF:t2, leader=s2, voted=s2, raftlog=Memoized:s3@group-8FC42D5FF1AF-SegmentedRaftLog:OPENED:c50, conf=49: peers:[s3|rpc:0.0.0.0:35901|dataStream:|priority:0|startupRole:FOLLOWER, s4|rpc:0.0.0.0:34001|dataStream:|priority:0|startupRole:FOLLOWER, s2|rpc:localhost:33809|admin:localhost:34515|client:localhost:37595|dataStream:localhost:37379|priority:0|startupRole:FOLLOWER]|listeners:[], old=null
2023-03-17 00:25:05,244 [s1@group-8FC42D5FF1AF-LeaderElection45] INFO  impl.LeaderElection (LeaderElection.java:logAndReturn(89)) - s1@group-8FC42D5FF1AF-LeaderElection45: PRE_VOTE DISCOVERED_A_NEW_TERM (term=2) received 1 response(s) and 0 exception(s):
2023-03-17 00:25:05,244 [s1@group-8FC42D5FF1AF-LeaderElection45] INFO  impl.LeaderElection (LeaderElection.java:logAndReturn(93)) -   Response 0: s1<-s3#0:FAIL-t2
2023-03-17 00:25:05,245 [s1@group-8FC42D5FF1AF-LeaderElection45] INFO  impl.LeaderElection (LeaderElection.java:askForVotes(322)) - s1@group-8FC42D5FF1AF-LeaderElection45 PRE_VOTE round 0: result DISCOVERED_A_NEW_TERM (term=2)
2023-03-17 00:25:05,245 [s1@group-8FC42D5FF1AF-LeaderElection45] INFO  server.RaftServer$Division (RaftServerImpl.java:setRole(329)) - s1@group-8FC42D5FF1AF: changes role from CANDIDATE to FOLLOWER at term 2 for DISCOVERED_A_NEW_TERM (term=2)
2023-03-17 00:25:05,245 [s1@group-8FC42D5FF1AF-LeaderElection45] INFO  impl.RoleInfo (RoleInfo.java:shutdownLeaderElection(130)) - s1: shutdown s1@group-8FC42D5FF1AF-LeaderElection45
2023-03-17 00:25:05,245 [s1@group-8FC42D5FF1AF-LeaderElection45] INFO  impl.RoleInfo (RoleInfo.java:updateAndGet(139)) - s1: start s1@group-8FC42D5FF1AF-FollowerState
2023-03-17 00:25:05,245 [grpc-default-executor-5] INFO  server.RaftServer$Division (RaftServerImpl.java:requestVote(1303)) - s4@group-8FC42D5FF1AF: receive requestVote(PRE_VOTE, s1, group-8FC42D5FF1AF, 1, (t:1, i:44))
2023-03-17 00:25:05,245 [grpc-default-executor-5] INFO  impl.VoteContext (VoteContext.java:log(49)) - s4@group-8FC42D5FF1AF-FOLLOWER: reject PRE_VOTE from s1: s1 is not in current conf [s3|rpc:0.0.0.0:35901|dataStream:|priority:0|startupRole:FOLLOWER, s4|rpc:0.0.0.0:34001|dataStream:|priority:0|startupRole:FOLLOWER, s2|rpc:localhost:33809|admin:localhost:34515|client:localhost:37595|dataStream:localhost:37379|priority:0|startupRole:FOLLOWER]
2023-03-17 00:25:05,245 [grpc-default-executor-5] INFO  server.RaftServer$Division (RaftServerImpl.java:requestVote(1336)) - s4@group-8FC42D5FF1AF replies to PRE_VOTE vote request: s1<-s4#0:FAIL-t2. Peer's state: s4@group-8FC42D5FF1AF:t2, leader=s2, voted=s2, raftlog=Memoized:s4@group-8FC42D5FF1AF-SegmentedRaftLog:OPENED:c50, conf=49: peers:[s3|rpc:0.0.0.0:35901|dataStream:|priority:0|startupRole:FOLLOWER, s4|rpc:0.0.0.0:34001|dataStream:|priority:0|startupRole:FOLLOWER, s2|rpc:localhost:33809|admin:localhost:34515|client:localhost:37595|dataStream:localhost:37379|priority:0|startupRole:FOLLOWER]|listeners:[], old=null
2023-03-17 00:25:05,246 [grpc-default-executor-5] INFO  server.RaftServer$Division (RaftServerImpl.java:requestVote(1303)) - s0@group-8FC42D5FF1AF: receive requestVote(PRE_VOTE, s1, group-8FC42D5FF1AF, 1, (t:1, i:44))
2023-03-17 00:25:05,246 [grpc-default-executor-5] WARN  server.GrpcServerProtocolService (LogUtils.java:warn(122)) - s0: Failed requestVote s1->s0#0: org.apache.ratis.protocol.exceptions.ServerNotReadyException: s0@group-8FC42D5FF1AF is not in [RUNNING]: current state is CLOSING
2023-03-17 00:25:05,249 [grpc-default-executor-5] INFO  server.RaftServer$Division (RaftServerImpl.java:requestVote(1303)) - s2@group-8FC42D5FF1AF: receive requestVote(PRE_VOTE, s1, group-8FC42D5FF1AF, 1, (t:1, i:44))
2023-03-17 00:25:05,249 [grpc-default-executor-5] INFO  impl.VoteContext (VoteContext.java:log(49)) - s2@group-8FC42D5FF1AF-LEADER: reject PRE_VOTE from s1: s1 is not in current conf [s3|rpc:0.0.0.0:35901|dataStream:|priority:0|startupRole:FOLLOWER, s4|rpc:0.0.0.0:34001|dataStream:|priority:0|startupRole:FOLLOWER, s2|rpc:localhost:33809|admin:localhost:34515|client:localhost:37595|dataStream:localhost:37379|priority:0|startupRole:FOLLOWER]
2023-03-17 00:25:05,249 [grpc-default-executor-5] INFO  server.RaftServer$Division (RaftServerImpl.java:requestVote(1336)) - s2@group-8FC42D5FF1AF replies to PRE_VOTE vote request: s1<-s2#0:FAIL-t2. Peer's state: s2@group-8FC42D5FF1AF:t2, leader=s2, voted=s2, raftlog=Memoized:s2@group-8FC42D5FF1AF-SegmentedRaftLog:OPENED:c50, conf=49: peers:[s3|rpc:0.0.0.0:35901|dataStream:|priority:0|startupRole:FOLLOWER, s4|rpc:0.0.0.0:34001|dataStream:|priority:0|startupRole:FOLLOWER, s2|rpc:localhost:33809|admin:localhost:34515|client:localhost:37595|dataStream:localhost:37379|priority:0|startupRole:FOLLOWER]|listeners:[], old=null
2023-03-17 00:25:05,535 [s1@group-8FC42D5FF1AF-FollowerState] INFO  impl.FollowerState (FollowerState.java:run(143)) - s1@group-8FC42D5FF1AF-FollowerState: change to CANDIDATE, lastRpcElapsedTime:290308873ns, electionTimeout:283ms
2023-03-17 00:25:05,535 [s1@group-8FC42D5FF1AF-FollowerState] INFO  impl.RoleInfo (RoleInfo.java:shutdownFollowerState(110)) - s1: shutdown s1@group-8FC42D5FF1AF-FollowerState
2023-03-17 00:25:05,535 [s1@group-8FC42D5FF1AF-FollowerState] INFO  server.RaftServer$Division (RaftServerImpl.java:setRole(329)) - s1@group-8FC42D5FF1AF: changes role from  FOLLOWER to CANDIDATE at term 2 for changeToCandidate
2023-03-17 00:25:05,535 [s1@group-8FC42D5FF1AF-FollowerState] INFO  server.RaftServerConfigKeys (ConfUtils.java:logGet(46)) - raft.server.leaderelection.pre-vote = true (default)
2023-03-17 00:25:05,535 [s1@group-8FC42D5FF1AF-FollowerState] INFO  impl.RoleInfo (RoleInfo.java:updateAndGet(139)) - s1: start s1@group-8FC42D5FF1AF-LeaderElection46
2023-03-17 00:25:05,547 [s1@group-8FC42D5FF1AF-LeaderElection46] INFO  impl.LeaderElection (LeaderElection.java:askForVotes(320)) - s1@group-8FC42D5FF1AF-LeaderElection46 PRE_VOTE round 0: submit vote requests at term 2 for 43: peers:[s3|rpc:0.0.0.0:35901|dataStream:|priority:0|startupRole:FOLLOWER, s4|rpc:0.0.0.0:34001|dataStream:|priority:0|startupRole:FOLLOWER, s0|rpc:localhost:38803|admin:localhost:44025|client:localhost:46541|dataStream:localhost:33933|priority:0|startupRole:FOLLOWER, s1|rpc:localhost:33457|admin:localhost:44537|client:localhost:35509|dataStream:localhost:46497|priority:0|startupRole:FOLLOWER, s2|rpc:localhost:33809|admin:localhost:34515|client:localhost:37595|dataStream:localhost:37379|priority:0|startupRole:FOLLOWER]|listeners:[], old=null
2023-03-17 00:25:05,550 [grpc-default-executor-7] INFO  server.RaftServer$Division (RaftServerImpl.java:requestVote(1303)) - s4@group-8FC42D5FF1AF: receive requestVote(PRE_VOTE, s1, group-8FC42D5FF1AF, 2, (t:1, i:44))
2023-03-17 00:25:05,550 [grpc-default-executor-7] INFO  impl.VoteContext (VoteContext.java:log(49)) - s4@group-8FC42D5FF1AF-FOLLOWER: reject PRE_VOTE from s1: s1 is not in current conf [s3|rpc:0.0.0.0:35901|dataStream:|priority:0|startupRole:FOLLOWER, s4|rpc:0.0.0.0:34001|dataStream:|priority:0|startupRole:FOLLOWER, s2|rpc:localhost:33809|admin:localhost:34515|client:localhost:37595|dataStream:localhost:37379|priority:0|startupRole:FOLLOWER]
2023-03-17 00:25:05,550 [grpc-default-executor-7] INFO  server.RaftServer$Division (RaftServerImpl.java:requestVote(1336)) - s4@group-8FC42D5FF1AF replies to PRE_VOTE vote request: s1<-s4#0:FAIL-t2. Peer's state: s4@group-8FC42D5FF1AF:t2, leader=s2, voted=s2, raftlog=Memoized:s4@group-8FC42D5FF1AF-SegmentedRaftLog:OPENED:c50, conf=49: peers:[s3|rpc:0.0.0.0:35901|dataStream:|priority:0|startupRole:FOLLOWER, s4|rpc:0.0.0.0:34001|dataStream:|priority:0|startupRole:FOLLOWER, s2|rpc:localhost:33809|admin:localhost:34515|client:localhost:37595|dataStream:localhost:37379|priority:0|startupRole:FOLLOWER]|listeners:[], old=null
2023-03-17 00:25:05,550 [grpc-default-executor-5] INFO  server.RaftServer$Division (RaftServerImpl.java:requestVote(1303)) - s0@group-8FC42D5FF1AF: receive requestVote(PRE_VOTE, s1, group-8FC42D5FF1AF, 2, (t:1, i:44))
2023-03-17 00:25:05,550 [grpc-default-executor-5] WARN  server.GrpcServerProtocolService (LogUtils.java:warn(122)) - s0: Failed requestVote s1->s0#0: org.apache.ratis.protocol.exceptions.ServerNotReadyException: s0@group-8FC42D5FF1AF is not in [RUNNING]: current state is CLOSING
2023-03-17 00:25:05,550 [grpc-default-executor-3] INFO  server.RaftServer$Division (RaftServerImpl.java:requestVote(1303)) - s3@group-8FC42D5FF1AF: receive requestVote(PRE_VOTE, s1, group-8FC42D5FF1AF, 2, (t:1, i:44))
2023-03-17 00:25:05,551 [grpc-default-executor-3] INFO  impl.VoteContext (VoteContext.java:log(49)) - s3@group-8FC42D5FF1AF-FOLLOWER: reject PRE_VOTE from s1: s1 is not in current conf [s3|rpc:0.0.0.0:35901|dataStream:|priority:0|startupRole:FOLLOWER, s4|rpc:0.0.0.0:34001|dataStream:|priority:0|startupRole:FOLLOWER, s2|rpc:localhost:33809|admin:localhost:34515|client:localhost:37595|dataStream:localhost:37379|priority:0|startupRole:FOLLOWER]
2023-03-17 00:25:05,551 [grpc-default-executor-3] INFO  server.RaftServer$Division (RaftServerImpl.java:requestVote(1336)) - s3@group-8FC42D5FF1AF replies to PRE_VOTE vote request: s1<-s3#0:FAIL-t2. Peer's state: s3@group-8FC42D5FF1AF:t2, leader=s2, voted=s2, raftlog=Memoized:s3@group-8FC42D5FF1AF-SegmentedRaftLog:OPENED:c50, conf=49: peers:[s3|rpc:0.0.0.0:35901|dataStream:|priority:0|startupRole:FOLLOWER, s4|rpc:0.0.0.0:34001|dataStream:|priority:0|startupRole:FOLLOWER, s2|rpc:localhost:33809|admin:localhost:34515|client:localhost:37595|dataStream:localhost:37379|priority:0|startupRole:FOLLOWER]|listeners:[], old=null
2023-03-17 00:25:05,552 [s1@group-8FC42D5FF1AF-LeaderElection46] INFO  impl.LeaderElection (LogUtils.java:infoOrTrace(137)) - s1@group-8FC42D5FF1AF-LeaderElection46 got exception when requesting votes: java.util.concurrent.ExecutionException: org.apache.ratis.thirdparty.io.grpc.StatusRuntimeException: INTERNAL: s0@group-8FC42D5FF1AF is not in [RUNNING]: current state is CLOSING
2023-03-17 00:25:05,553 [grpc-default-executor-5] INFO  server.RaftServer$Division (RaftServerImpl.java:requestVote(1303)) - s2@group-8FC42D5FF1AF: receive requestVote(PRE_VOTE, s1, group-8FC42D5FF1AF, 2, (t:1, i:44))
2023-03-17 00:25:05,553 [grpc-default-executor-5] INFO  impl.VoteContext (VoteContext.java:log(49)) - s2@group-8FC42D5FF1AF-LEADER: reject PRE_VOTE from s1: s1 is not in current conf [s3|rpc:0.0.0.0:35901|dataStream:|priority:0|startupRole:FOLLOWER, s4|rpc:0.0.0.0:34001|dataStream:|priority:0|startupRole:FOLLOWER, s2|rpc:localhost:33809|admin:localhost:34515|client:localhost:37595|dataStream:localhost:37379|priority:0|startupRole:FOLLOWER]
2023-03-17 00:25:05,553 [grpc-default-executor-5] INFO  server.RaftServer$Division (RaftServerImpl.java:requestVote(1336)) - s2@group-8FC42D5FF1AF replies to PRE_VOTE vote request: s1<-s2#0:FAIL-t2. Peer's state: s2@group-8FC42D5FF1AF:t2, leader=s2, voted=s2, raftlog=Memoized:s2@group-8FC42D5FF1AF-SegmentedRaftLog:OPENED:c50, conf=49: peers:[s3|rpc:0.0.0.0:35901|dataStream:|priority:0|startupRole:FOLLOWER, s4|rpc:0.0.0.0:34001|dataStream:|priority:0|startupRole:FOLLOWER, s2|rpc:localhost:33809|admin:localhost:34515|client:localhost:37595|dataStream:localhost:37379|priority:0|startupRole:FOLLOWER]|listeners:[], old=null
2023-03-17 00:25:05,554 [s1@group-8FC42D5FF1AF-LeaderElection46] INFO  impl.LeaderElection (LeaderElection.java:logAndReturn(89)) - s1@group-8FC42D5FF1AF-LeaderElection46: PRE_VOTE SHUTDOWN received 3 response(s) and 1 exception(s):
2023-03-17 00:25:05,554 [s1@group-8FC42D5FF1AF-LeaderElection46] INFO  impl.LeaderElection (LeaderElection.java:logAndReturn(93)) -   Response 0: s1<-s3#0:FAIL-t2
2023-03-17 00:25:05,554 [s1@group-8FC42D5FF1AF-LeaderElection46] INFO  impl.LeaderElection (LeaderElection.java:logAndReturn(93)) -   Response 1: s1<-s4#0:FAIL-t2
2023-03-17 00:25:05,554 [s1@group-8FC42D5FF1AF-LeaderElection46] INFO  impl.LeaderElection (LeaderElection.java:logAndReturn(93)) -   Response 2: s1<-s2#0:FAIL-t2
2023-03-17 00:25:05,554 [s1@group-8FC42D5FF1AF-LeaderElection46] INFO  impl.LeaderElection (LogUtils.java:infoOrTrace(137)) -   Exception 3: java.util.concurrent.ExecutionException: org.apache.ratis.thirdparty.io.grpc.StatusRuntimeException: INTERNAL: s0@group-8FC42D5FF1AF is not in [RUNNING]: current state is CLOSING
2023-03-17 00:25:05,554 [s1@group-8FC42D5FF1AF-LeaderElection46] INFO  impl.LeaderElection (LeaderElection.java:askForVotes(322)) - s1@group-8FC42D5FF1AF-LeaderElection46 PRE_VOTE round 0: result SHUTDOWN
2023-03-17 00:25:05,554 [s1@group-8FC42D5FF1AF-LeaderElection46] INFO  server.RaftServer (RaftServerProxy.java:lambda$close$7(417)) - s1: close
2023-03-17 00:25:05,554 [s1@group-8FC42D5FF1AF-LeaderElection46] INFO  server.GrpcService (GrpcService.java:closeImpl(311)) - s1: shutdown server org.apache.ratis.grpc.server.GrpcClientProtocolService now
2023-03-17 00:25:05,554 [s1-impl-thread1] INFO  server.RaftServer$Division (RaftServerImpl.java:lambda$close$4(466)) - s1@group-8FC42D5FF1AF: shutdown
2023-03-17 00:25:05,554 [s1-impl-thread1] INFO  util.JmxRegister (JmxRegister.java:unregister(73)) - Successfully un-registered JMX Bean with object name Ratis:service=RaftServer,group=group-8FC42D5FF1AF,id=s1
2023-03-17 00:25:05,554 [s1-impl-thread1] INFO  impl.RoleInfo (RoleInfo.java:shutdownLeaderElection(130)) - s1: shutdown s1@group-8FC42D5FF1AF-LeaderElection46
2023-03-17 00:25:05,554 [s1-impl-thread1] INFO  impl.StateMachineUpdater (StateMachineUpdater.java:stopAndJoin(154)) - s1@group-8FC42D5FF1AF-StateMachineUpdater: set stopIndex = 43
2023-03-17 00:25:05,555 [s1-impl-thread1] INFO  server.RaftServer$Division (ServerState.java:close(414)) - s1@group-8FC42D5FF1AF: applyIndex: 43
2023-03-17 00:25:05,556 [Thread-1883] INFO  server.GrpcServerProtocolClient (GrpcServerProtocolClient.java:close(102)) - s3 Close channels
2023-03-17 00:25:05,556 [Thread-1884] INFO  server.GrpcServerProtocolClient (GrpcServerProtocolClient.java:close(102)) - s4 Close channels
2023-03-17 00:25:05,556 [Thread-1885] INFO  server.GrpcServerProtocolClient (GrpcServerProtocolClient.java:close(102)) - s0 Close channels
2023-03-17 00:25:05,558 [Thread-1887] INFO  server.GrpcServerProtocolClient (GrpcServerProtocolClient.java:close(102)) - s2 Close channels
2023-03-17 00:25:05,558 [s1@group-8FC42D5FF1AF-LeaderElection46] INFO  server.GrpcService (GrpcService.java:closeImpl(320)) - s1: shutdown server org.apache.ratis.grpc.server.GrpcClientProtocolService successfully
2023-03-17 00:25:05,558 [s1@group-8FC42D5FF1AF-LeaderElection46] INFO  server.GrpcService (GrpcService.java:closeImpl(311)) - s1: shutdown server GrpcServerProtocolService now
2023-03-17 00:25:05,563 [grpc-default-executor-7] WARN  server.GrpcServerProtocolService (LogUtils.java:warn(122)) - s1: APPEND_ENTRIES onError, lastRequest: null: org.apache.ratis.thirdparty.io.grpc.StatusRuntimeException: CANCELLED: client cancelled
2023-03-17 00:25:05,564 [grpc-default-executor-3] WARN  server.GrpcServerProtocolService (LogUtils.java:warn(122)) - s1: APPEND_ENTRIES onError, lastRequest: s0->s1#70045-t1,previous=(t:1, i:43),leaderCommit=43,initializing? true,entries: size=1, first=(t:1, i:44), METADATAENTRY(c:43): org.apache.ratis.thirdparty.io.grpc.StatusRuntimeException: CANCELLED: client cancelled
2023-03-17 00:25:05,564 [grpc-default-executor-5] INFO  server.GrpcLogAppender (GrpcLogAppender.java:onError(411)) - s0@group-8FC42D5FF1AF->s1-GrpcLogAppender is already stopped
2023-03-17 00:25:05,564 [grpc-default-executor-3] INFO  server.GrpcLogAppender (GrpcLogAppender.java:onError(411)) - s0@group-8FC42D5FF1AF->s1-GrpcLogAppender is already stopped
2023-03-17 00:25:05,587 [s1@group-8FC42D5FF1AF-LeaderElection46] INFO  server.GrpcService (GrpcService.java:closeImpl(320)) - s1: shutdown server GrpcServerProtocolService successfully
2023-03-17 00:25:05,587 [s1@group-8FC42D5FF1AF-LeaderElection46] INFO  server.GrpcService (GrpcService.java:closeImpl(311)) - s1: shutdown server org.apache.ratis.grpc.server.GrpcAdminProtocolService now
2023-03-17 00:25:05,618 [s1@group-8FC42D5FF1AF-LeaderElection46] INFO  server.GrpcService (GrpcService.java:closeImpl(320)) - s1: shutdown server org.apache.ratis.grpc.server.GrpcAdminProtocolService successfully
2023-03-17 00:25:05,687 [s1-impl-thread1] INFO  segmented.SegmentedRaftLogWorker (SegmentedRaftLogWorker.java:close(242)) - s1@group-8FC42D5FF1AF-SegmentedRaftLogWorker close()
2023-03-17 00:25:05,688 [JvmPauseMonitor60] INFO  util.JvmPauseMonitor (JvmPauseMonitor.java:run(109)) - JvmPauseMonitor-s1: Stopped
2023-03-17 00:25:05,705 [s0@group-8FC42D5FF1AF-LeaderStateImpl] INFO  segmented.SegmentedRaftLogWorker (SegmentedRaftLogWorker.java:close(242)) - s0@group-8FC42D5FF1AF-SegmentedRaftLogWorker close()
2023-03-17 00:25:05,906 [Time-limited test] INFO  impl.RaftServerTestUtil (RaftServerTestUtil.java:waitAndCheckNewConf(87)) - waitAndCheckNewConf: peers=[s3|rpc:0.0.0.0:35901|priority:0|startupRole:FOLLOWER, s4|rpc:0.0.0.0:34001|priority:0|startupRole:FOLLOWER, s2|rpc:localhost:33809|admin:localhost:34515|client:localhost:37595|dataStream:localhost:37379|priority:0|startupRole:FOLLOWER], deadPeers=null, printing ALL groups
  s3:  RUNNING  FOLLOWER s3@group-8FC42D5FF1AF:t2, leader=s2, voted=s2, raftlog=Memoized:s3@group-8FC42D5FF1AF-SegmentedRaftLog:OPENED:c50, conf=49: peers:[s3|rpc:0.0.0.0:35901|dataStream:|priority:0|startupRole:FOLLOWER, s4|rpc:0.0.0.0:34001|dataStream:|priority:0|startupRole:FOLLOWER, s2|rpc:localhost:33809|admin:localhost:34515|client:localhost:37595|dataStream:localhost:37379|priority:0|startupRole:FOLLOWER]|listeners:[], old=null RUNNING
  s4:  RUNNING  FOLLOWER s4@group-8FC42D5FF1AF:t2, leader=s2, voted=s2, raftlog=Memoized:s4@group-8FC42D5FF1AF-SegmentedRaftLog:OPENED:c50, conf=49: peers:[s3|rpc:0.0.0.0:35901|dataStream:|priority:0|startupRole:FOLLOWER, s4|rpc:0.0.0.0:34001|dataStream:|priority:0|startupRole:FOLLOWER, s2|rpc:localhost:33809|admin:localhost:34515|client:localhost:37595|dataStream:localhost:37379|priority:0|startupRole:FOLLOWER]|listeners:[], old=null RUNNING
  s0:  RUNNING    LEADER s0@group-8FC42D5FF1AF:t1, leader=s0, voted=s0, raftlog=Memoized:s0@group-8FC42D5FF1AF-SegmentedRaftLog:CLOSED:c47, conf=47: peers:[s3|rpc:0.0.0.0:35901|dataStream:|priority:0|startupRole:FOLLOWER, s4|rpc:0.0.0.0:34001|dataStream:|priority:0|startupRole:FOLLOWER, s2|rpc:localhost:33809|admin:localhost:34515|client:localhost:37595|dataStream:localhost:37379|priority:0|startupRole:FOLLOWER]|listeners:[], old=null CLOSED
  s1:   CLOSED CANDIDATE s1@group-8FC42D5FF1AF:t2, leader=null, voted=null, raftlog=Memoized:s1@group-8FC42D5FF1AF-SegmentedRaftLog:CLOSED:c43, conf=43: peers:[s3|rpc:0.0.0.0:35901|dataStream:|priority:0|startupRole:FOLLOWER, s4|rpc:0.0.0.0:34001|dataStream:|priority:0|startupRole:FOLLOWER, s0|rpc:localhost:38803|admin:localhost:44025|client:localhost:46541|dataStream:localhost:33933|priority:0|startupRole:FOLLOWER, s1|rpc:localhost:33457|admin:localhost:44537|client:localhost:35509|dataStream:localhost:46497|priority:0|startupRole:FOLLOWER, s2|rpc:localhost:33809|admin:localhost:34515|client:localhost:37595|dataStream:localhost:37379|priority:0|startupRole:FOLLOWER]|listeners:[], old=null CLOSED
  s2:  RUNNING    LEADER s2@group-8FC42D5FF1AF:t2, leader=s2, voted=s2, raftlog=Memoized:s2@group-8FC42D5FF1AF-SegmentedRaftLog:OPENED:c50, conf=49: peers:[s3|rpc:0.0.0.0:35901|dataStream:|priority:0|startupRole:FOLLOWER, s4|rpc:0.0.0.0:34001|dataStream:|priority:0|startupRole:FOLLOWER, s2|rpc:localhost:33809|admin:localhost:34515|client:localhost:37595|dataStream:localhost:37379|priority:0|startupRole:FOLLOWER]|listeners:[], old=null RUNNING
2023-03-17 00:25:05,906 [Time-limited test] INFO  impl.RaftServerTestUtil (RaftServerTestUtil.java:waitAndCheckNewConf(96)) - checking  FOLLOWER s3@group-8FC42D5FF1AF:t2, leader=s2, voted=s2, raftlog=Memoized:s3@group-8FC42D5FF1AF-SegmentedRaftLog:OPENED:c50, conf=49: peers:[s3|rpc:0.0.0.0:35901|dataStream:|priority:0|startupRole:FOLLOWER, s4|rpc:0.0.0.0:34001|dataStream:|priority:0|startupRole:FOLLOWER, s2|rpc:localhost:33809|admin:localhost:34515|client:localhost:37595|dataStream:localhost:37379|priority:0|startupRole:FOLLOWER]|listeners:[], old=null RUNNING
2023-03-17 00:25:05,907 [Time-limited test] INFO  impl.RaftServerTestUtil (RaftServerTestUtil.java:waitAndCheckNewConf(96)) - checking  FOLLOWER s4@group-8FC42D5FF1AF:t2, leader=s2, voted=s2, raftlog=Memoized:s4@group-8FC42D5FF1AF-SegmentedRaftLog:OPENED:c50, conf=49: peers:[s3|rpc:0.0.0.0:35901|dataStream:|priority:0|startupRole:FOLLOWER, s4|rpc:0.0.0.0:34001|dataStream:|priority:0|startupRole:FOLLOWER, s2|rpc:localhost:33809|admin:localhost:34515|client:localhost:37595|dataStream:localhost:37379|priority:0|startupRole:FOLLOWER]|listeners:[], old=null RUNNING
2023-03-17 00:25:05,907 [Time-limited test] INFO  impl.RaftServerTestUtil (RaftServerTestUtil.java:waitAndCheckNewConf(96)) - checking    LEADER s0@group-8FC42D5FF1AF:t1, leader=s0, voted=s0, raftlog=Memoized:s0@group-8FC42D5FF1AF-SegmentedRaftLog:CLOSED:c47, conf=47: peers:[s3|rpc:0.0.0.0:35901|dataStream:|priority:0|startupRole:FOLLOWER, s4|rpc:0.0.0.0:34001|dataStream:|priority:0|startupRole:FOLLOWER, s2|rpc:localhost:33809|admin:localhost:34515|client:localhost:37595|dataStream:localhost:37379|priority:0|startupRole:FOLLOWER]|listeners:[], old=null CLOSED
2023-03-17 00:25:05,907 [Time-limited test] INFO  impl.RaftServerTestUtil (RaftServerTestUtil.java:waitAndCheckNewConf(96)) - checking CANDIDATE s1@group-8FC42D5FF1AF:t2, leader=null, voted=null, raftlog=Memoized:s1@group-8FC42D5FF1AF-SegmentedRaftLog:CLOSED:c43, conf=43: peers:[s3|rpc:0.0.0.0:35901|dataStream:|priority:0|startupRole:FOLLOWER, s4|rpc:0.0.0.0:34001|dataStream:|priority:0|startupRole:FOLLOWER, s0|rpc:localhost:38803|admin:localhost:44025|client:localhost:46541|dataStream:localhost:33933|priority:0|startupRole:FOLLOWER, s1|rpc:localhost:33457|admin:localhost:44537|client:localhost:35509|dataStream:localhost:46497|priority:0|startupRole:FOLLOWER, s2|rpc:localhost:33809|admin:localhost:34515|client:localhost:37595|dataStream:localhost:37379|priority:0|startupRole:FOLLOWER]|listeners:[], old=null CLOSED
2023-03-17 00:25:05,907 [Time-limited test] INFO  impl.RaftServerTestUtil (RaftServerTestUtil.java:waitAndCheckNewConf(96)) - checking    LEADER s2@group-8FC42D5FF1AF:t2, leader=s2, voted=s2, raftlog=Memoized:s2@group-8FC42D5FF1AF-SegmentedRaftLog:OPENED:c50, conf=49: peers:[s3|rpc:0.0.0.0:35901|dataStream:|priority:0|startupRole:FOLLOWER, s4|rpc:0.0.0.0:34001|dataStream:|priority:0|startupRole:FOLLOWER, s2|rpc:localhost:33809|admin:localhost:34515|client:localhost:37595|dataStream:localhost:37379|priority:0|startupRole:FOLLOWER]|listeners:[], old=null RUNNING
2023-03-17 00:25:05,907 [Time-limited test] INFO  server.RaftServerConfigKeys (ConfUtils.java:logGet(46)) - raft.server.rpc.timeout.max = 300ms (default)
2023-03-17 00:25:05,907 [Time-limited test] INFO  ratis.RaftTestUtil (RaftTestUtil.java:waitForLeader(100)) - printing ALL groups
  s3:  RUNNING  FOLLOWER s3@group-8FC42D5FF1AF:t2, leader=s2, voted=s2, raftlog=Memoized:s3@group-8FC42D5FF1AF-SegmentedRaftLog:OPENED:c50, conf=49: peers:[s3|rpc:0.0.0.0:35901|dataStream:|priority:0|startupRole:FOLLOWER, s4|rpc:0.0.0.0:34001|dataStream:|priority:0|startupRole:FOLLOWER, s2|rpc:localhost:33809|admin:localhost:34515|client:localhost:37595|dataStream:localhost:37379|priority:0|startupRole:FOLLOWER]|listeners:[], old=null RUNNING
  s4:  RUNNING  FOLLOWER s4@group-8FC42D5FF1AF:t2, leader=s2, voted=s2, raftlog=Memoized:s4@group-8FC42D5FF1AF-SegmentedRaftLog:OPENED:c50, conf=49: peers:[s3|rpc:0.0.0.0:35901|dataStream:|priority:0|startupRole:FOLLOWER, s4|rpc:0.0.0.0:34001|dataStream:|priority:0|startupRole:FOLLOWER, s2|rpc:localhost:33809|admin:localhost:34515|client:localhost:37595|dataStream:localhost:37379|priority:0|startupRole:FOLLOWER]|listeners:[], old=null RUNNING
  s0:  RUNNING    LEADER s0@group-8FC42D5FF1AF:t1, leader=s0, voted=s0, raftlog=Memoized:s0@group-8FC42D5FF1AF-SegmentedRaftLog:CLOSED:c47, conf=47: peers:[s3|rpc:0.0.0.0:35901|dataStream:|priority:0|startupRole:FOLLOWER, s4|rpc:0.0.0.0:34001|dataStream:|priority:0|startupRole:FOLLOWER, s2|rpc:localhost:33809|admin:localhost:34515|client:localhost:37595|dataStream:localhost:37379|priority:0|startupRole:FOLLOWER]|listeners:[], old=null CLOSED
  s1:   CLOSED CANDIDATE s1@group-8FC42D5FF1AF:t2, leader=null, voted=null, raftlog=Memoized:s1@group-8FC42D5FF1AF-SegmentedRaftLog:CLOSED:c43, conf=43: peers:[s3|rpc:0.0.0.0:35901|dataStream:|priority:0|startupRole:FOLLOWER, s4|rpc:0.0.0.0:34001|dataStream:|priority:0|startupRole:FOLLOWER, s0|rpc:localhost:38803|admin:localhost:44025|client:localhost:46541|dataStream:localhost:33933|priority:0|startupRole:FOLLOWER, s1|rpc:localhost:33457|admin:localhost:44537|client:localhost:35509|dataStream:localhost:46497|priority:0|startupRole:FOLLOWER, s2|rpc:localhost:33809|admin:localhost:34515|client:localhost:37595|dataStream:localhost:37379|priority:0|startupRole:FOLLOWER]|listeners:[], old=null CLOSED
  s2:  RUNNING    LEADER s2@group-8FC42D5FF1AF:t2, leader=s2, voted=s2, raftlog=Memoized:s2@group-8FC42D5FF1AF-SegmentedRaftLog:OPENED:c50, conf=49: peers:[s3|rpc:0.0.0.0:35901|dataStream:|priority:0|startupRole:FOLLOWER, s4|rpc:0.0.0.0:34001|dataStream:|priority:0|startupRole:FOLLOWER, s2|rpc:localhost:33809|admin:localhost:34515|client:localhost:37595|dataStream:localhost:37379|priority:0|startupRole:FOLLOWER]|listeners:[], old=null RUNNING
2023-03-17 00:25:05,907 [Time-limited test] INFO  ratis.RaftTestUtil (RaftTestUtil.java:waitForLeader(119)) - printing ALL groups
  s3:  RUNNING  FOLLOWER s3@group-8FC42D5FF1AF:t2, leader=s2, voted=s2, raftlog=Memoized:s3@group-8FC42D5FF1AF-SegmentedRaftLog:OPENED:c50, conf=49: peers:[s3|rpc:0.0.0.0:35901|dataStream:|priority:0|startupRole:FOLLOWER, s4|rpc:0.0.0.0:34001|dataStream:|priority:0|startupRole:FOLLOWER, s2|rpc:localhost:33809|admin:localhost:34515|client:localhost:37595|dataStream:localhost:37379|priority:0|startupRole:FOLLOWER]|listeners:[], old=null RUNNING
  s4:  RUNNING  FOLLOWER s4@group-8FC42D5FF1AF:t2, leader=s2, voted=s2, raftlog=Memoized:s4@group-8FC42D5FF1AF-SegmentedRaftLog:OPENED:c50, conf=49: peers:[s3|rpc:0.0.0.0:35901|dataStream:|priority:0|startupRole:FOLLOWER, s4|rpc:0.0.0.0:34001|dataStream:|priority:0|startupRole:FOLLOWER, s2|rpc:localhost:33809|admin:localhost:34515|client:localhost:37595|dataStream:localhost:37379|priority:0|startupRole:FOLLOWER]|listeners:[], old=null RUNNING
  s0:  RUNNING    LEADER s0@group-8FC42D5FF1AF:t1, leader=s0, voted=s0, raftlog=Memoized:s0@group-8FC42D5FF1AF-SegmentedRaftLog:CLOSED:c47, conf=47: peers:[s3|rpc:0.0.0.0:35901|dataStream:|priority:0|startupRole:FOLLOWER, s4|rpc:0.0.0.0:34001|dataStream:|priority:0|startupRole:FOLLOWER, s2|rpc:localhost:33809|admin:localhost:34515|client:localhost:37595|dataStream:localhost:37379|priority:0|startupRole:FOLLOWER]|listeners:[], old=null CLOSED
  s1:   CLOSED CANDIDATE s1@group-8FC42D5FF1AF:t2, leader=null, voted=null, raftlog=Memoized:s1@group-8FC42D5FF1AF-SegmentedRaftLog:CLOSED:c43, conf=43: peers:[s3|rpc:0.0.0.0:35901|dataStream:|priority:0|startupRole:FOLLOWER, s4|rpc:0.0.0.0:34001|dataStream:|priority:0|startupRole:FOLLOWER, s0|rpc:localhost:38803|admin:localhost:44025|client:localhost:46541|dataStream:localhost:33933|priority:0|startupRole:FOLLOWER, s1|rpc:localhost:33457|admin:localhost:44537|client:localhost:35509|dataStream:localhost:46497|priority:0|startupRole:FOLLOWER, s2|rpc:localhost:33809|admin:localhost:34515|client:localhost:37595|dataStream:localhost:37379|priority:0|startupRole:FOLLOWER]|listeners:[], old=null CLOSED
  s2:  RUNNING    LEADER s2@group-8FC42D5FF1AF:t2, leader=s2, voted=s2, raftlog=Memoized:s2@group-8FC42D5FF1AF-SegmentedRaftLog:OPENED:c50, conf=49: peers:[s3|rpc:0.0.0.0:35901|dataStream:|priority:0|startupRole:FOLLOWER, s4|rpc:0.0.0.0:34001|dataStream:|priority:0|startupRole:FOLLOWER, s2|rpc:localhost:33809|admin:localhost:34515|client:localhost:37595|dataStream:localhost:37379|priority:0|startupRole:FOLLOWER]|listeners:[], old=null RUNNING
2023-03-17 00:25:05,928 [Time-limited test] INFO  impl.MiniRaftCluster (MiniRaftCluster.java:shutdown(831)) - ************************************************************** 
2023-03-17 00:25:05,928 [Time-limited test] INFO  impl.MiniRaftCluster (MiniRaftCluster.java:shutdown(832)) - *** 
2023-03-17 00:25:05,928 [Time-limited test] INFO  impl.MiniRaftCluster (MiniRaftCluster.java:shutdown(833)) - ***     Stopping MiniRaftClusterWithGrpc
2023-03-17 00:25:05,928 [Time-limited test] INFO  impl.MiniRaftCluster (MiniRaftCluster.java:shutdown(834)) - *** 
2023-03-17 00:25:05,928 [Time-limited test] INFO  impl.MiniRaftCluster (MiniRaftCluster.java:shutdown(835)) - ************************************************************** 
2023-03-17 00:25:05,928 [Time-limited test] INFO  impl.MiniRaftCluster (MiniRaftCluster.java:shutdown(836)) - printing ALL groups
  s3:  RUNNING  FOLLOWER s3@group-8FC42D5FF1AF:t2, leader=s2, voted=s2, raftlog=Memoized:s3@group-8FC42D5FF1AF-SegmentedRaftLog:OPENED:c50, conf=49: peers:[s3|rpc:0.0.0.0:35901|dataStream:|priority:0|startupRole:FOLLOWER, s4|rpc:0.0.0.0:34001|dataStream:|priority:0|startupRole:FOLLOWER, s2|rpc:localhost:33809|admin:localhost:34515|client:localhost:37595|dataStream:localhost:37379|priority:0|startupRole:FOLLOWER]|listeners:[], old=null RUNNING
  s4:  RUNNING  FOLLOWER s4@group-8FC42D5FF1AF:t2, leader=s2, voted=s2, raftlog=Memoized:s4@group-8FC42D5FF1AF-SegmentedRaftLog:OPENED:c50, conf=49: peers:[s3|rpc:0.0.0.0:35901|dataStream:|priority:0|startupRole:FOLLOWER, s4|rpc:0.0.0.0:34001|dataStream:|priority:0|startupRole:FOLLOWER, s2|rpc:localhost:33809|admin:localhost:34515|client:localhost:37595|dataStream:localhost:37379|priority:0|startupRole:FOLLOWER]|listeners:[], old=null RUNNING
  s0:  RUNNING    LEADER s0@group-8FC42D5FF1AF:t1, leader=s0, voted=s0, raftlog=Memoized:s0@group-8FC42D5FF1AF-SegmentedRaftLog:CLOSED:c47, conf=47: peers:[s3|rpc:0.0.0.0:35901|dataStream:|priority:0|startupRole:FOLLOWER, s4|rpc:0.0.0.0:34001|dataStream:|priority:0|startupRole:FOLLOWER, s2|rpc:localhost:33809|admin:localhost:34515|client:localhost:37595|dataStream:localhost:37379|priority:0|startupRole:FOLLOWER]|listeners:[], old=null CLOSED
  s1:   CLOSED CANDIDATE s1@group-8FC42D5FF1AF:t2, leader=null, voted=null, raftlog=Memoized:s1@group-8FC42D5FF1AF-SegmentedRaftLog:CLOSED:c43, conf=43: peers:[s3|rpc:0.0.0.0:35901|dataStream:|priority:0|startupRole:FOLLOWER, s4|rpc:0.0.0.0:34001|dataStream:|priority:0|startupRole:FOLLOWER, s0|rpc:localhost:38803|admin:localhost:44025|client:localhost:46541|dataStream:localhost:33933|priority:0|startupRole:FOLLOWER, s1|rpc:localhost:33457|admin:localhost:44537|client:localhost:35509|dataStream:localhost:46497|priority:0|startupRole:FOLLOWER, s2|rpc:localhost:33809|admin:localhost:34515|client:localhost:37595|dataStream:localhost:37379|priority:0|startupRole:FOLLOWER]|listeners:[], old=null CLOSED
  s2:  RUNNING    LEADER s2@group-8FC42D5FF1AF:t2, leader=s2, voted=s2, raftlog=Memoized:s2@group-8FC42D5FF1AF-SegmentedRaftLog:OPENED:c50, conf=49: peers:[s3|rpc:0.0.0.0:35901|dataStream:|priority:0|startupRole:FOLLOWER, s4|rpc:0.0.0.0:34001|dataStream:|priority:0|startupRole:FOLLOWER, s2|rpc:localhost:33809|admin:localhost:34515|client:localhost:37595|dataStream:localhost:37379|priority:0|startupRole:FOLLOWER]|listeners:[], old=null RUNNING
2023-03-17 00:25:05,929 [MiniRaftCluster-66] INFO  server.RaftServer (RaftServerProxy.java:lambda$close$7(417)) - s3: close
2023-03-17 00:25:05,929 [MiniRaftCluster-67] INFO  server.RaftServer (RaftServerProxy.java:lambda$close$7(417)) - s4: close
2023-03-17 00:25:05,929 [MiniRaftCluster-67] INFO  server.GrpcService (GrpcService.java:closeImpl(311)) - s4: shutdown server GrpcServerProtocolService now
2023-03-17 00:25:05,929 [MiniRaftCluster-66] INFO  server.GrpcService (GrpcService.java:closeImpl(311)) - s3: shutdown server GrpcServerProtocolService now
2023-03-17 00:25:05,929 [s3-impl-thread1] INFO  server.RaftServer$Division (RaftServerImpl.java:lambda$close$4(466)) - s3@group-8FC42D5FF1AF: shutdown
2023-03-17 00:25:05,930 [s3-impl-thread1] INFO  util.JmxRegister (JmxRegister.java:unregister(73)) - Successfully un-registered JMX Bean with object name Ratis:service=RaftServer,group=group-8FC42D5FF1AF,id=s3
2023-03-17 00:25:05,930 [s3-impl-thread1] INFO  impl.RoleInfo (RoleInfo.java:shutdownFollowerState(110)) - s3: shutdown s3@group-8FC42D5FF1AF-FollowerState
2023-03-17 00:25:05,930 [s3-impl-thread1] INFO  impl.StateMachineUpdater (StateMachineUpdater.java:stopAndJoin(154)) - s3@group-8FC42D5FF1AF-StateMachineUpdater: set stopIndex = 50
2023-03-17 00:25:05,930 [s3@group-8FC42D5FF1AF-FollowerState] INFO  impl.FollowerState (FollowerState.java:run(152)) - s3@group-8FC42D5FF1AF-FollowerState was interrupted
2023-03-17 00:25:05,930 [grpc-default-executor-7] WARN  server.GrpcServerProtocolService (LogUtils.java:warn(122)) - s3: APPEND_ENTRIES onError, lastRequest: null: org.apache.ratis.thirdparty.io.grpc.StatusRuntimeException: CANCELLED: client cancelled
2023-03-17 00:25:05,931 [grpc-default-executor-6] WARN  server.GrpcServerProtocolService (LogUtils.java:warn(122)) - s3: APPEND_ENTRIES onError, lastRequest: null: org.apache.ratis.thirdparty.io.grpc.StatusRuntimeException: CANCELLED: client cancelled
2023-03-17 00:25:05,929 [s4-impl-thread1] INFO  server.RaftServer$Division (RaftServerImpl.java:lambda$close$4(466)) - s4@group-8FC42D5FF1AF: shutdown
2023-03-17 00:25:05,931 [s4-impl-thread1] INFO  util.JmxRegister (JmxRegister.java:unregister(73)) - Successfully un-registered JMX Bean with object name Ratis:service=RaftServer,group=group-8FC42D5FF1AF,id=s4
2023-03-17 00:25:05,931 [s4-impl-thread1] INFO  impl.RoleInfo (RoleInfo.java:shutdownFollowerState(110)) - s4: shutdown s4@group-8FC42D5FF1AF-FollowerState
2023-03-17 00:25:05,931 [s4-impl-thread1] INFO  impl.StateMachineUpdater (StateMachineUpdater.java:stopAndJoin(154)) - s4@group-8FC42D5FF1AF-StateMachineUpdater: set stopIndex = 50
2023-03-17 00:25:05,931 [s4@group-8FC42D5FF1AF-FollowerState] INFO  impl.FollowerState (FollowerState.java:run(152)) - s4@group-8FC42D5FF1AF-FollowerState was interrupted
2023-03-17 00:25:05,931 [s4-impl-thread1] INFO  server.RaftServer$Division (ServerState.java:close(414)) - s4@group-8FC42D5FF1AF: applyIndex: 50
2023-03-17 00:25:05,931 [MiniRaftCluster-68] INFO  server.RaftServer (RaftServerProxy.java:lambda$close$7(417)) - s0: close
2023-03-17 00:25:05,931 [MiniRaftCluster-68] INFO  server.GrpcService (GrpcService.java:closeImpl(311)) - s0: shutdown server org.apache.ratis.grpc.server.GrpcClientProtocolService now
2023-03-17 00:25:05,931 [s3-impl-thread1] INFO  server.RaftServer$Division (ServerState.java:close(414)) - s3@group-8FC42D5FF1AF: applyIndex: 50
2023-03-17 00:25:05,931 [grpc-default-executor-4] WARN  server.GrpcServerProtocolService (LogUtils.java:warn(122)) - s3: APPEND_ENTRIES onError, lastRequest: s2->s3#2-t2,previous=(t:2, i:49),leaderCommit=49,initializing? true,entries: size=1, first=(t:2, i:50), METADATAENTRY(c:49): org.apache.ratis.thirdparty.io.grpc.StatusRuntimeException: CANCELLED: client cancelled
2023-03-17 00:25:05,931 [grpc-default-executor-0] WARN  server.GrpcServerProtocolService (LogUtils.java:warn(122)) - s3: APPEND_ENTRIES onError, lastRequest: s0->s3#1252-t1,previous=(t:1, i:47),leaderCommit=47,initializing? true,entries: size=1, first=(t:1, i:48), METADATAENTRY(c:47): org.apache.ratis.thirdparty.io.grpc.StatusRuntimeException: CANCELLED: client cancelled
2023-03-17 00:25:05,932 [MiniRaftCluster-70] INFO  server.RaftServer (RaftServerProxy.java:lambda$close$7(417)) - s2: close
2023-03-17 00:25:05,932 [MiniRaftCluster-70] INFO  server.GrpcService (GrpcService.java:closeImpl(311)) - s2: shutdown server org.apache.ratis.grpc.server.GrpcClientProtocolService now
2023-03-17 00:25:05,933 [s2-impl-thread1] INFO  server.RaftServer$Division (RaftServerImpl.java:lambda$close$4(466)) - s2@group-8FC42D5FF1AF: shutdown
2023-03-17 00:25:05,933 [s2-impl-thread1] INFO  util.JmxRegister (JmxRegister.java:unregister(73)) - Successfully un-registered JMX Bean with object name Ratis:service=RaftServer,group=group-8FC42D5FF1AF,id=s2
2023-03-17 00:25:05,933 [s2-impl-thread1] INFO  impl.RoleInfo (RoleInfo.java:shutdownLeaderState(93)) - s2: shutdown s2@group-8FC42D5FF1AF-LeaderStateImpl
2023-03-17 00:25:05,933 [s2-impl-thread1] INFO  impl.PendingRequests (PendingRequests.java:sendNotLeaderResponses(289)) - s2@group-8FC42D5FF1AF-PendingRequests: sendNotLeaderResponses
2023-03-17 00:25:05,933 [s2@group-8FC42D5FF1AF->s4-GrpcLogAppender-LogAppenderDaemon] WARN  server.GrpcLogAppender (GrpcLogAppender.java:mayWait(195)) - s2@group-8FC42D5FF1AF->s4-GrpcLogAppender: Wait interrupted by java.lang.InterruptedException
2023-03-17 00:25:05,933 [s2-impl-thread1] INFO  impl.StateMachineUpdater (StateMachineUpdater.java:stopAndJoin(154)) - s2@group-8FC42D5FF1AF-StateMachineUpdater: set stopIndex = 50
2023-03-17 00:25:05,933 [s2@group-8FC42D5FF1AF->s3-GrpcLogAppender-LogAppenderDaemon] WARN  server.GrpcLogAppender (GrpcLogAppender.java:mayWait(195)) - s2@group-8FC42D5FF1AF->s3-GrpcLogAppender: Wait interrupted by java.lang.InterruptedException
2023-03-17 00:25:05,934 [s2-impl-thread1] INFO  server.RaftServer$Division (ServerState.java:close(414)) - s2@group-8FC42D5FF1AF: applyIndex: 50
2023-03-17 00:25:05,936 [grpc-default-executor-4] INFO  server.GrpcLogAppender (GrpcLogAppender.java:onError(411)) - s2@group-8FC42D5FF1AF->s3-GrpcLogAppender is already stopped
2023-03-17 00:25:05,936 [grpc-default-executor-2] WARN  server.GrpcServerProtocolService (LogUtils.java:warn(122)) - s4: APPEND_ENTRIES onError, lastRequest: s2->s4#117-t2,previous=(t:2, i:49),leaderCommit=49,initializing? true,entries: size=1, first=(t:2, i:50), METADATAENTRY(c:49): org.apache.ratis.thirdparty.io.grpc.StatusRuntimeException: CANCELLED: client cancelled
2023-03-17 00:25:05,936 [MiniRaftCluster-67] INFO  server.GrpcService (GrpcService.java:closeImpl(320)) - s4: shutdown server GrpcServerProtocolService successfully
2023-03-17 00:25:05,936 [grpc-default-executor-4] INFO  server.GrpcLogAppender (GrpcLogAppender.java:onError(411)) - s2@group-8FC42D5FF1AF->s4-GrpcLogAppender is already stopped
2023-03-17 00:25:05,936 [grpc-default-executor-0] INFO  server.GrpcLogAppender (GrpcLogAppender.java:onError(411)) - s0@group-8FC42D5FF1AF->s3-GrpcLogAppender is already stopped
2023-03-17 00:25:05,937 [grpc-default-executor-5] WARN  server.GrpcServerProtocolService (LogUtils.java:warn(122)) - s4: APPEND_ENTRIES onError, lastRequest: null: org.apache.ratis.thirdparty.io.grpc.StatusRuntimeException: CANCELLED: client cancelled
2023-03-17 00:25:05,937 [grpc-default-executor-0] INFO  server.GrpcLogAppender (GrpcLogAppender.java:onError(411)) - s2@group-8FC42D5FF1AF->s4-GrpcLogAppender is already stopped
2023-03-17 00:25:05,938 [MiniRaftCluster-66] INFO  server.GrpcService (GrpcService.java:closeImpl(320)) - s3: shutdown server GrpcServerProtocolService successfully
2023-03-17 00:25:05,938 [Thread-1912] INFO  server.GrpcServerProtocolClient (GrpcServerProtocolClient.java:close(102)) - s3 Close channels
2023-03-17 00:25:05,938 [Thread-1920] INFO  server.GrpcServerProtocolClient (GrpcServerProtocolClient.java:close(102)) - s4 Close channels
2023-03-17 00:25:05,939 [MiniRaftCluster-70] INFO  server.GrpcService (GrpcService.java:closeImpl(320)) - s2: shutdown server org.apache.ratis.grpc.server.GrpcClientProtocolService successfully
2023-03-17 00:25:05,939 [MiniRaftCluster-70] INFO  server.GrpcService (GrpcService.java:closeImpl(311)) - s2: shutdown server GrpcServerProtocolService now
2023-03-17 00:25:05,940 [Thread-1910] INFO  server.GrpcServerProtocolClient (GrpcServerProtocolClient.java:close(102)) - s3 Close channels
2023-03-17 00:25:05,941 [Thread-1924] INFO  server.GrpcServerProtocolClient (GrpcServerProtocolClient.java:close(102)) - s4 Close channels
2023-03-17 00:25:05,941 [Thread-1927] INFO  server.GrpcServerProtocolClient (GrpcServerProtocolClient.java:close(102)) - s1 Close channels
2023-03-17 00:25:05,941 [grpc-default-executor-8] INFO  server.GrpcLogAppender (GrpcLogAppender.java:onError(411)) - s0@group-8FC42D5FF1AF->s3-GrpcLogAppender is already stopped
2023-03-17 00:25:05,941 [grpc-default-executor-9] INFO  server.GrpcLogAppender (GrpcLogAppender.java:onError(411)) - s2@group-8FC42D5FF1AF->s3-GrpcLogAppender is already stopped
2023-03-17 00:25:05,941 [Thread-1928] INFO  server.GrpcServerProtocolClient (GrpcServerProtocolClient.java:close(102)) - s2 Close channels
2023-03-17 00:25:05,941 [MiniRaftCluster-68] INFO  server.GrpcService (GrpcService.java:closeImpl(320)) - s0: shutdown server org.apache.ratis.grpc.server.GrpcClientProtocolService successfully
2023-03-17 00:25:05,941 [MiniRaftCluster-68] INFO  server.GrpcService (GrpcService.java:closeImpl(311)) - s0: shutdown server GrpcServerProtocolService now
2023-03-17 00:25:05,942 [MiniRaftCluster-68] INFO  server.GrpcService (GrpcService.java:closeImpl(320)) - s0: shutdown server GrpcServerProtocolService successfully
2023-03-17 00:25:05,942 [MiniRaftCluster-68] INFO  server.GrpcService (GrpcService.java:closeImpl(311)) - s0: shutdown server org.apache.ratis.grpc.server.GrpcAdminProtocolService now
2023-03-17 00:25:05,943 [MiniRaftCluster-70] INFO  server.GrpcService (GrpcService.java:closeImpl(320)) - s2: shutdown server GrpcServerProtocolService successfully
2023-03-17 00:25:05,943 [MiniRaftCluster-70] INFO  server.GrpcService (GrpcService.java:closeImpl(311)) - s2: shutdown server org.apache.ratis.grpc.server.GrpcAdminProtocolService now
2023-03-17 00:25:05,948 [MiniRaftCluster-70] INFO  server.GrpcService (GrpcService.java:closeImpl(320)) - s2: shutdown server org.apache.ratis.grpc.server.GrpcAdminProtocolService successfully
2023-03-17 00:25:05,948 [MiniRaftCluster-68] INFO  server.GrpcService (GrpcService.java:closeImpl(320)) - s0: shutdown server org.apache.ratis.grpc.server.GrpcAdminProtocolService successfully
2023-03-17 00:25:05,949 [JvmPauseMonitor59] INFO  util.JvmPauseMonitor (JvmPauseMonitor.java:run(109)) - JvmPauseMonitor-s0: Stopped
2023-03-17 00:25:06,017 [s2-impl-thread1] INFO  segmented.SegmentedRaftLogWorker (SegmentedRaftLogWorker.java:close(242)) - s2@group-8FC42D5FF1AF-SegmentedRaftLogWorker close()
2023-03-17 00:25:06,017 [JvmPauseMonitor61] INFO  util.JvmPauseMonitor (JvmPauseMonitor.java:run(109)) - JvmPauseMonitor-s2: Stopped
2023-03-17 00:25:06,018 [s3-impl-thread1] INFO  segmented.SegmentedRaftLogWorker (SegmentedRaftLogWorker.java:close(242)) - s3@group-8FC42D5FF1AF-SegmentedRaftLogWorker close()
2023-03-17 00:25:06,018 [s4-impl-thread1] INFO  segmented.SegmentedRaftLogWorker (SegmentedRaftLogWorker.java:close(242)) - s4@group-8FC42D5FF1AF-SegmentedRaftLogWorker close()
2023-03-17 00:25:06,018 [JvmPauseMonitor62] INFO  util.JvmPauseMonitor (JvmPauseMonitor.java:run(109)) - JvmPauseMonitor-s3: Stopped
2023-03-17 00:25:06,019 [JvmPauseMonitor63] INFO  util.JvmPauseMonitor (JvmPauseMonitor.java:run(109)) - JvmPauseMonitor-s4: Stopped
]]></system-out>
  </testcase>
  <testcase name="testReconfTwice" classname="org.apache.ratis.grpc.TestRaftReconfigurationWithGrpc" time="2.451">
    <failure message="Unexpected exit." type="java.lang.AssertionError">java.lang.AssertionError: Unexpected exit.
	at org.apache.ratis.util.ExitUtils.assertNotTerminated(ExitUtils.java:109)
	at org.apache.ratis.BaseTest.assertNoFailures(BaseTest.java:89)
	at java.base/jdk.internal.reflect.NativeMethodAccessorImpl.invoke0(Native Method)
	at java.base/jdk.internal.reflect.NativeMethodAccessorImpl.invoke(NativeMethodAccessorImpl.java:62)
	at java.base/jdk.internal.reflect.DelegatingMethodAccessorImpl.invoke(DelegatingMethodAccessorImpl.java:43)
	at java.base/java.lang.reflect.Method.invoke(Method.java:566)
	at org.junit.runners.model.FrameworkMethod$1.runReflectiveCall(FrameworkMethod.java:59)
	at org.junit.internal.runners.model.ReflectiveCallable.run(ReflectiveCallable.java:12)
	at org.junit.runners.model.FrameworkMethod.invokeExplosively(FrameworkMethod.java:56)
	at org.junit.internal.runners.statements.RunAfters.invokeMethod(RunAfters.java:46)
	at org.junit.internal.runners.statements.RunAfters.evaluate(RunAfters.java:33)
	at org.junit.internal.runners.statements.FailOnTimeout$CallableStatement.call(FailOnTimeout.java:299)
	at org.junit.internal.runners.statements.FailOnTimeout$CallableStatement.call(FailOnTimeout.java:293)
	at java.base/java.util.concurrent.FutureTask.run(FutureTask.java:264)
	at java.base/java.lang.Thread.run(Thread.java:829)
Caused by: org.apache.ratis.util.ExitUtils$ExitException: Failed to start Grpc server
	at org.apache.ratis.util.ExitUtils.terminate(ExitUtils.java:141)
	at org.apache.ratis.util.ExitUtils.terminate(ExitUtils.java:151)
	at org.apache.ratis.grpc.server.GrpcService.startImpl(GrpcService.java:300)
	at org.apache.ratis.util.LifeCycle.startAndTransition(LifeCycle.java:270)
	at org.apache.ratis.server.RaftServerRpcWithProxy.start(RaftServerRpcWithProxy.java:72)
	at org.apache.ratis.server.impl.RaftServerProxy.startImpl(RaftServerProxy.java:402)
	at org.apache.ratis.util.LifeCycle.startAndTransition(LifeCycle.java:270)
	at org.apache.ratis.server.impl.RaftServerProxy.start(RaftServerProxy.java:395)
	at org.apache.ratis.server.impl.MiniRaftCluster.startServers(MiniRaftCluster.java:499)
	at org.apache.ratis.server.impl.MiniRaftCluster.start(MiniRaftCluster.java:346)
	at org.apache.ratis.server.impl.MiniRaftCluster.restart(MiniRaftCluster.java:374)
	at org.apache.ratis.server.impl.RaftReconfigurationBaseTest.lambda$testRestorePriority$0(RaftReconfigurationBaseTest.java:123)
	at org.apache.ratis.server.impl.MiniRaftCluster$Factory$Get.runWithNewCluster(MiniRaftCluster.java:141)
	at org.apache.ratis.server.impl.MiniRaftCluster$Factory$Get.runWithNewCluster(MiniRaftCluster.java:121)
	at org.apache.ratis.server.impl.RaftReconfigurationBaseTest.testRestorePriority(RaftReconfigurationBaseTest.java:100)
	at java.base/jdk.internal.reflect.NativeMethodAccessorImpl.invoke0(Native Method)
	at java.base/jdk.internal.reflect.NativeMethodAccessorImpl.invoke(NativeMethodAccessorImpl.java:62)
	at java.base/jdk.internal.reflect.DelegatingMethodAccessorImpl.invoke(DelegatingMethodAccessorImpl.java:43)
	at java.base/java.lang.reflect.Method.invoke(Method.java:566)
	at org.junit.runners.model.FrameworkMethod$1.runReflectiveCall(FrameworkMethod.java:59)
	at org.junit.internal.runners.model.ReflectiveCallable.run(ReflectiveCallable.java:12)
	at org.junit.runners.model.FrameworkMethod.invokeExplosively(FrameworkMethod.java:56)
	at org.junit.internal.runners.statements.InvokeMethod.evaluate(InvokeMethod.java:17)
	at org.junit.internal.runners.statements.RunAfters.evaluate(RunAfters.java:27)
	... 4 more
Caused by: java.io.IOException: Failed to bind to address 0.0.0.0/0.0.0.0:45261
	at org.apache.ratis.thirdparty.io.grpc.netty.NettyServer.start(NettyServer.java:328)
	at org.apache.ratis.thirdparty.io.grpc.internal.ServerImpl.start(ServerImpl.java:183)
	at org.apache.ratis.thirdparty.io.grpc.internal.ServerImpl.start(ServerImpl.java:92)
	at org.apache.ratis.grpc.server.GrpcService.startImpl(GrpcService.java:298)
	... 25 more
Caused by: org.apache.ratis.thirdparty.io.netty.channel.unix.Errors$NativeIoException: bind(..) failed: Address already in use
</failure>
  </testcase>
  <testcase name="testReconfTimeout" classname="org.apache.ratis.grpc.TestRaftReconfigurationWithGrpc" time="3.189">
    <failure message="Unexpected exit." type="java.lang.AssertionError">java.lang.AssertionError: Unexpected exit.
	at org.apache.ratis.util.ExitUtils.assertNotTerminated(ExitUtils.java:109)
	at org.apache.ratis.server.impl.MiniRaftCluster.shutdown(MiniRaftCluster.java:854)
	at org.apache.ratis.server.impl.MiniRaftCluster$Factory$Get.runWithNewCluster(MiniRaftCluster.java:147)
	at org.apache.ratis.server.impl.MiniRaftCluster$Factory$Get.runWithNewCluster(MiniRaftCluster.java:121)
	at org.apache.ratis.server.impl.RaftReconfigurationBaseTest.testReconfTimeout(RaftReconfigurationBaseTest.java:328)
	at java.base/jdk.internal.reflect.NativeMethodAccessorImpl.invoke0(Native Method)
	at java.base/jdk.internal.reflect.NativeMethodAccessorImpl.invoke(NativeMethodAccessorImpl.java:62)
	at java.base/jdk.internal.reflect.DelegatingMethodAccessorImpl.invoke(DelegatingMethodAccessorImpl.java:43)
	at java.base/java.lang.reflect.Method.invoke(Method.java:566)
	at org.junit.runners.model.FrameworkMethod$1.runReflectiveCall(FrameworkMethod.java:59)
	at org.junit.internal.runners.model.ReflectiveCallable.run(ReflectiveCallable.java:12)
	at org.junit.runners.model.FrameworkMethod.invokeExplosively(FrameworkMethod.java:56)
	at org.junit.internal.runners.statements.InvokeMethod.evaluate(InvokeMethod.java:17)
	at org.junit.internal.runners.statements.RunAfters.evaluate(RunAfters.java:27)
	at org.junit.internal.runners.statements.FailOnTimeout$CallableStatement.call(FailOnTimeout.java:299)
	at org.junit.internal.runners.statements.FailOnTimeout$CallableStatement.call(FailOnTimeout.java:293)
	at java.base/java.util.concurrent.FutureTask.run(FutureTask.java:264)
	at java.base/java.lang.Thread.run(Thread.java:829)
Caused by: org.apache.ratis.util.ExitUtils$ExitException: Failed to start Grpc server
	at org.apache.ratis.util.ExitUtils.terminate(ExitUtils.java:141)
	at org.apache.ratis.util.ExitUtils.terminate(ExitUtils.java:151)
	at org.apache.ratis.grpc.server.GrpcService.startImpl(GrpcService.java:300)
	at org.apache.ratis.util.LifeCycle.startAndTransition(LifeCycle.java:270)
	at org.apache.ratis.server.RaftServerRpcWithProxy.start(RaftServerRpcWithProxy.java:72)
	at org.apache.ratis.server.impl.RaftServerProxy.startImpl(RaftServerProxy.java:402)
	at org.apache.ratis.util.LifeCycle.startAndTransition(LifeCycle.java:270)
	at org.apache.ratis.server.impl.RaftServerProxy.start(RaftServerProxy.java:395)
	at org.apache.ratis.server.impl.MiniRaftCluster.startServers(MiniRaftCluster.java:499)
	at org.apache.ratis.server.impl.MiniRaftCluster.start(MiniRaftCluster.java:346)
	at org.apache.ratis.server.impl.MiniRaftCluster.restart(MiniRaftCluster.java:374)
	at org.apache.ratis.server.impl.RaftReconfigurationBaseTest.lambda$testRestorePriority$0(RaftReconfigurationBaseTest.java:123)
	at org.apache.ratis.server.impl.MiniRaftCluster$Factory$Get.runWithNewCluster(MiniRaftCluster.java:141)
	at org.apache.ratis.server.impl.MiniRaftCluster$Factory$Get.runWithNewCluster(MiniRaftCluster.java:121)
	at org.apache.ratis.server.impl.RaftReconfigurationBaseTest.testRestorePriority(RaftReconfigurationBaseTest.java:100)
	... 13 more
Caused by: java.io.IOException: Failed to bind to address 0.0.0.0/0.0.0.0:45261
	at org.apache.ratis.thirdparty.io.grpc.netty.NettyServer.start(NettyServer.java:328)
	at org.apache.ratis.thirdparty.io.grpc.internal.ServerImpl.start(ServerImpl.java:183)
	at org.apache.ratis.thirdparty.io.grpc.internal.ServerImpl.start(ServerImpl.java:92)
	at org.apache.ratis.grpc.server.GrpcService.startImpl(GrpcService.java:298)
	... 25 more
Caused by: org.apache.ratis.thirdparty.io.netty.channel.unix.Errors$NativeIoException: bind(..) failed: Address already in use
</failure>
    <system-out><![CDATA[2023-03-17 00:25:06,020 [main] INFO  util.LogUtils (Slf4jUtils.java:setLogLevel(38)) - Successfully set org.apache.ratis.conf.ConfUtils log level to WARN
2023-03-17 00:25:06,021 [main] INFO  util.LogUtils (Slf4jUtils.java:setLogLevel(38)) - Successfully set org.apache.ratis.util.FileUtils log level to TRACE
2023-03-17 00:25:06,024 [Time-limited test] INFO  impl.MiniRaftCluster (MiniRaftCluster.java:runWithNewCluster(135)) - Running runWithNewCluster
2023-03-17 00:25:06,025 [Time-limited test] INFO  impl.MiniRaftCluster (MiniRaftCluster.java:<init>(306)) - new MiniRaftClusterWithGrpc with group-2C0892D3738B:[s0|rpc:localhost:34357|admin:localhost:42739|client:localhost:33183|dataStream:localhost:40849|priority:0|startupRole:FOLLOWER, s1|rpc:localhost:35345|admin:localhost:41867|client:localhost:44485|dataStream:localhost:35841|priority:0|startupRole:FOLLOWER, s2|rpc:localhost:42741|admin:localhost:41355|client:localhost:36083|dataStream:localhost:36747|priority:0|startupRole:FOLLOWER]
2023-03-17 00:25:06,025 [Time-limited test] INFO  impl.MiniRaftCluster (MiniRaftCluster.java:start(339)) - .............................................................. 
2023-03-17 00:25:06,025 [Time-limited test] INFO  impl.MiniRaftCluster (MiniRaftCluster.java:start(340)) - ... 
2023-03-17 00:25:06,025 [Time-limited test] INFO  impl.MiniRaftCluster (MiniRaftCluster.java:start(341)) - ...     Starting MiniRaftClusterWithGrpc
2023-03-17 00:25:06,025 [Time-limited test] INFO  impl.MiniRaftCluster (MiniRaftCluster.java:start(342)) - ... 
2023-03-17 00:25:06,025 [Time-limited test] INFO  impl.MiniRaftCluster (MiniRaftCluster.java:start(343)) - .............................................................. 
2023-03-17 00:25:06,025 [Time-limited test] INFO  impl.MiniRaftCluster (MiniRaftCluster.java:initServers(318)) - servers = {}
2023-03-17 00:25:06,025 [Time-limited test] INFO  impl.MiniRaftCluster (MiniRaftCluster.java:newRaftServer(382)) - newRaftServer: s0, group-2C0892D3738B:[s0|rpc:localhost:34357|admin:localhost:42739|client:localhost:33183|dataStream:localhost:40849|priority:0|startupRole:FOLLOWER, s1|rpc:localhost:35345|admin:localhost:41867|client:localhost:44485|dataStream:localhost:35841|priority:0|startupRole:FOLLOWER, s2|rpc:localhost:42741|admin:localhost:41355|client:localhost:36083|dataStream:localhost:36747|priority:0|startupRole:FOLLOWER], format? true
2023-03-17 00:25:06,025 [Time-limited test] TRACE util.FileUtils (FileUtils.java:deleteFully(201)) - deleteFully target/test/data/ce6527c6/MiniRaftClusterWithGrpc107fc027/s0
2023-03-17 00:25:06,025 [Time-limited test] TRACE util.FileUtils (FileUtils.java:deleteFully(217)) - deleteFully: target/test/data/ce6527c6/MiniRaftClusterWithGrpc107fc027/s0 does not exist.
2023-03-17 00:25:06,025 [Time-limited test] INFO  impl.MiniRaftCluster (MiniRaftCluster.java:newRaftServer(387)) - Formatted directory target/test/data/ce6527c6/MiniRaftClusterWithGrpc107fc027/s0
2023-03-17 00:25:06,025 [Time-limited test] INFO  server.RaftServer (ConfUtils.java:logGet(46)) - raft.rpc.type = GRPC (default)
2023-03-17 00:25:06,026 [Time-limited test] INFO  grpc.GrpcConfigKeys (ConfUtils.java:logFallback(53)) - raft.grpc.admin.host = null (fallback to raft.grpc.server.host)
2023-03-17 00:25:06,026 [Time-limited test] INFO  grpc.GrpcConfigKeys (ConfUtils.java:logGet(46)) - raft.grpc.admin.port = 42739 (custom)
2023-03-17 00:25:06,026 [Time-limited test] INFO  grpc.GrpcConfigKeys (ConfUtils.java:logFallback(53)) - raft.grpc.client.host = null (fallback to raft.grpc.server.host)
2023-03-17 00:25:06,026 [Time-limited test] INFO  grpc.GrpcConfigKeys (ConfUtils.java:logGet(46)) - raft.grpc.client.port = 33183 (custom)
2023-03-17 00:25:06,026 [Time-limited test] INFO  grpc.GrpcConfigKeys (ConfUtils.java:logGet(46)) - raft.grpc.server.host = null (default)
2023-03-17 00:25:06,029 [Time-limited test] INFO  grpc.GrpcConfigKeys (ConfUtils.java:logGet(46)) - raft.grpc.server.port = 34357 (custom)
2023-03-17 00:25:06,029 [Time-limited test] INFO  server.GrpcService (ConfUtils.java:logGet(46)) - raft.grpc.message.size.max = 64MB (=67108864) (default)
2023-03-17 00:25:06,029 [Time-limited test] INFO  server.RaftServerConfigKeys (ConfUtils.java:logGet(46)) - raft.server.log.appender.buffer.byte-limit = 4MB (=4194304) (default)
2023-03-17 00:25:06,029 [Time-limited test] INFO  server.GrpcService (ConfUtils.java:logGet(46)) - raft.grpc.flow.control.window = 1MB (=1048576) (default)
2023-03-17 00:25:06,030 [Time-limited test] INFO  server.RaftServerConfigKeys (ConfUtils.java:logGet(46)) - raft.server.rpc.request.timeout = 3000ms (default)
2023-03-17 00:25:06,030 [Time-limited test] INFO  grpc.GrpcConfigKeys (ConfUtils.java:logGet(46)) - raft.grpc.server.heartbeat.channel = true (default)
2023-03-17 00:25:06,030 [Time-limited test] INFO  grpc.GrpcConfigKeys (ConfUtils.java:logGet(46)) - raft.grpc.server.async.request.thread.pool.cached = true (default)
2023-03-17 00:25:06,030 [Time-limited test] INFO  grpc.GrpcConfigKeys (ConfUtils.java:logGet(46)) - raft.grpc.server.async.request.thread.pool.size = 32 (default)
2023-03-17 00:25:06,031 [Time-limited test] INFO  impl.DataStreamServerImpl (ConfUtils.java:logGet(46)) - raft.datastream.type = DISABLED (default)
2023-03-17 00:25:06,031 [Time-limited test] INFO  server.RaftServerConfigKeys (ConfUtils.java:logGet(46)) - raft.server.threadpool.proxy.cached = true (default)
2023-03-17 00:25:06,031 [Time-limited test] INFO  server.RaftServerConfigKeys (ConfUtils.java:logGet(46)) - raft.server.threadpool.proxy.size = 0 (default)
2023-03-17 00:25:06,031 [Time-limited test] INFO  server.RaftServerConfigKeys (ConfUtils.java:logGet(46)) - raft.server.rpc.slowness.timeout = 60s (default)
2023-03-17 00:25:06,031 [Time-limited test] INFO  server.RaftServerConfigKeys (ConfUtils.java:logGet(46)) - raft.server.leaderelection.leader.step-down.wait-time = 10s (default)
2023-03-17 00:25:06,031 [Time-limited test] INFO  server.RaftServerConfigKeys (ConfUtils.java:logGet(46)) - raft.server.storage.dir = [/home/runner/work/ratis/ratis/ratis-test/target/test/data/ce6527c6/MiniRaftClusterWithGrpc107fc027/s0] (custom)
2023-03-17 00:25:06,031 [Time-limited test] INFO  server.RaftServer (RaftServerProxy.java:addNew(99)) - s0: addNew group-2C0892D3738B:[s0|rpc:localhost:34357|admin:localhost:42739|client:localhost:33183|dataStream:localhost:40849|priority:0|startupRole:FOLLOWER, s1|rpc:localhost:35345|admin:localhost:41867|client:localhost:44485|dataStream:localhost:35841|priority:0|startupRole:FOLLOWER, s2|rpc:localhost:42741|admin:localhost:41355|client:localhost:36083|dataStream:localhost:36747|priority:0|startupRole:FOLLOWER] returns group-2C0892D3738B:java.util.concurrent.CompletableFuture@1ad63658[Not completed]
2023-03-17 00:25:06,032 [Time-limited test] INFO  impl.MiniRaftCluster (MiniRaftCluster.java:newRaftServer(382)) - newRaftServer: s1, group-2C0892D3738B:[s0|rpc:localhost:34357|admin:localhost:42739|client:localhost:33183|dataStream:localhost:40849|priority:0|startupRole:FOLLOWER, s1|rpc:localhost:35345|admin:localhost:41867|client:localhost:44485|dataStream:localhost:35841|priority:0|startupRole:FOLLOWER, s2|rpc:localhost:42741|admin:localhost:41355|client:localhost:36083|dataStream:localhost:36747|priority:0|startupRole:FOLLOWER], format? true
2023-03-17 00:25:06,032 [Time-limited test] TRACE util.FileUtils (FileUtils.java:deleteFully(201)) - deleteFully target/test/data/ce6527c6/MiniRaftClusterWithGrpc107fc027/s1
2023-03-17 00:25:06,032 [Time-limited test] TRACE util.FileUtils (FileUtils.java:deleteFully(217)) - deleteFully: target/test/data/ce6527c6/MiniRaftClusterWithGrpc107fc027/s1 does not exist.
2023-03-17 00:25:06,032 [Time-limited test] INFO  impl.MiniRaftCluster (MiniRaftCluster.java:newRaftServer(387)) - Formatted directory target/test/data/ce6527c6/MiniRaftClusterWithGrpc107fc027/s1
2023-03-17 00:25:06,032 [Time-limited test] INFO  server.RaftServer (ConfUtils.java:logGet(46)) - raft.rpc.type = GRPC (default)
2023-03-17 00:25:06,032 [Time-limited test] INFO  grpc.GrpcConfigKeys (ConfUtils.java:logFallback(53)) - raft.grpc.admin.host = null (fallback to raft.grpc.server.host)
2023-03-17 00:25:06,032 [Time-limited test] INFO  grpc.GrpcConfigKeys (ConfUtils.java:logGet(46)) - raft.grpc.admin.port = 41867 (custom)
2023-03-17 00:25:06,032 [Time-limited test] INFO  grpc.GrpcConfigKeys (ConfUtils.java:logFallback(53)) - raft.grpc.client.host = null (fallback to raft.grpc.server.host)
2023-03-17 00:25:06,032 [Time-limited test] INFO  grpc.GrpcConfigKeys (ConfUtils.java:logGet(46)) - raft.grpc.client.port = 44485 (custom)
2023-03-17 00:25:06,032 [Time-limited test] INFO  grpc.GrpcConfigKeys (ConfUtils.java:logGet(46)) - raft.grpc.server.host = null (default)
2023-03-17 00:25:06,032 [Time-limited test] INFO  grpc.GrpcConfigKeys (ConfUtils.java:logGet(46)) - raft.grpc.server.port = 35345 (custom)
2023-03-17 00:25:06,032 [Time-limited test] INFO  server.GrpcService (ConfUtils.java:logGet(46)) - raft.grpc.message.size.max = 64MB (=67108864) (default)
2023-03-17 00:25:06,032 [Time-limited test] INFO  server.RaftServerConfigKeys (ConfUtils.java:logGet(46)) - raft.server.log.appender.buffer.byte-limit = 4MB (=4194304) (default)
2023-03-17 00:25:06,032 [Time-limited test] INFO  server.GrpcService (ConfUtils.java:logGet(46)) - raft.grpc.flow.control.window = 1MB (=1048576) (default)
2023-03-17 00:25:06,032 [Time-limited test] INFO  server.RaftServerConfigKeys (ConfUtils.java:logGet(46)) - raft.server.rpc.request.timeout = 3000ms (default)
2023-03-17 00:25:06,032 [Time-limited test] INFO  grpc.GrpcConfigKeys (ConfUtils.java:logGet(46)) - raft.grpc.server.heartbeat.channel = true (default)
2023-03-17 00:25:06,032 [Time-limited test] INFO  grpc.GrpcConfigKeys (ConfUtils.java:logGet(46)) - raft.grpc.server.async.request.thread.pool.cached = true (default)
2023-03-17 00:25:06,032 [Time-limited test] INFO  grpc.GrpcConfigKeys (ConfUtils.java:logGet(46)) - raft.grpc.server.async.request.thread.pool.size = 32 (default)
2023-03-17 00:25:06,033 [Time-limited test] INFO  impl.DataStreamServerImpl (ConfUtils.java:logGet(46)) - raft.datastream.type = DISABLED (default)
2023-03-17 00:25:06,033 [Time-limited test] INFO  server.RaftServerConfigKeys (ConfUtils.java:logGet(46)) - raft.server.threadpool.proxy.cached = true (default)
2023-03-17 00:25:06,033 [Time-limited test] INFO  server.RaftServerConfigKeys (ConfUtils.java:logGet(46)) - raft.server.threadpool.proxy.size = 0 (default)
2023-03-17 00:25:06,033 [Time-limited test] INFO  server.RaftServerConfigKeys (ConfUtils.java:logGet(46)) - raft.server.rpc.slowness.timeout = 60s (default)
2023-03-17 00:25:06,033 [Time-limited test] INFO  server.RaftServerConfigKeys (ConfUtils.java:logGet(46)) - raft.server.leaderelection.leader.step-down.wait-time = 10s (default)
2023-03-17 00:25:06,033 [Time-limited test] INFO  server.RaftServerConfigKeys (ConfUtils.java:logGet(46)) - raft.server.storage.dir = [/home/runner/work/ratis/ratis/ratis-test/target/test/data/ce6527c6/MiniRaftClusterWithGrpc107fc027/s1] (custom)
2023-03-17 00:25:06,034 [s0-groupManagement] INFO  server.RaftServer$Division (RaftServerImpl.java:<init>(198)) - s0: new RaftServerImpl for group-2C0892D3738B:[s0|rpc:localhost:34357|admin:localhost:42739|client:localhost:33183|dataStream:localhost:40849|priority:0|startupRole:FOLLOWER, s1|rpc:localhost:35345|admin:localhost:41867|client:localhost:44485|dataStream:localhost:35841|priority:0|startupRole:FOLLOWER, s2|rpc:localhost:42741|admin:localhost:41355|client:localhost:36083|dataStream:localhost:36747|priority:0|startupRole:FOLLOWER] with BaseStateMachine:uninitialized
2023-03-17 00:25:06,035 [s0-groupManagement] INFO  server.RaftServerConfigKeys (ConfUtils.java:logGet(46)) - raft.server.rpc.timeout.min = 150ms (default)
2023-03-17 00:25:06,035 [s0-groupManagement] INFO  server.RaftServerConfigKeys (ConfUtils.java:logGet(46)) - raft.server.rpc.timeout.max = 300ms (default)
2023-03-17 00:25:06,035 [s0-groupManagement] INFO  server.RaftServerConfigKeys (ConfUtils.java:logGet(46)) - raft.server.rpc.sleep.time = 25ms (default)
2023-03-17 00:25:06,035 [s0-groupManagement] INFO  server.RaftServerConfigKeys (ConfUtils.java:logGet(46)) - raft.server.rpc.slowness.timeout = 60s (default)
2023-03-17 00:25:06,035 [s0-groupManagement] INFO  server.RaftServerConfigKeys (ConfUtils.java:logGet(46)) - raft.server.leaderelection.leader.step-down.wait-time = 10s (default)
2023-03-17 00:25:06,035 [s0-groupManagement] INFO  server.RaftServerConfigKeys (ConfUtils.java:logGet(46)) - raft.server.sleep.deviation.threshold = 300ms (default)
2023-03-17 00:25:06,035 [s0-groupManagement] INFO  server.RaftServer$Division (ServerState.java:<init>(113)) - s0@group-2C0892D3738B: ConfigurationManager, init=-1: peers:[s0|rpc:localhost:34357|admin:localhost:42739|client:localhost:33183|dataStream:localhost:40849|priority:0|startupRole:FOLLOWER, s1|rpc:localhost:35345|admin:localhost:41867|client:localhost:44485|dataStream:localhost:35841|priority:0|startupRole:FOLLOWER, s2|rpc:localhost:42741|admin:localhost:41355|client:localhost:36083|dataStream:localhost:36747|priority:0|startupRole:FOLLOWER]|listeners:[], old=null, confs=<EMPTY_MAP>
2023-03-17 00:25:06,035 [s0-groupManagement] INFO  server.RaftServerConfigKeys (ConfUtils.java:logGet(46)) - raft.server.notification.no-leader.timeout = 60s (default)
2023-03-17 00:25:06,035 [s0-groupManagement] INFO  server.RaftServerConfigKeys (ConfUtils.java:logGet(46)) - raft.server.read.timeout = 10s (default)
2023-03-17 00:25:06,035 [s0-groupManagement] INFO  server.RaftServerConfigKeys (ConfUtils.java:logGet(46)) - raft.server.retrycache.expirytime = 60s (default)
2023-03-17 00:25:06,035 [s0-groupManagement] INFO  server.RaftServerConfigKeys (ConfUtils.java:logGet(46)) - raft.server.retrycache.statistics.expirytime = 100μs (default)
2023-03-17 00:25:06,035 [s0-groupManagement] INFO  server.RaftServerConfigKeys (ConfUtils.java:logGet(46)) - raft.server.read.option = DEFAULT (default)
2023-03-17 00:25:06,035 [s0-groupManagement] INFO  server.RaftServerConfigKeys (ConfUtils.java:logGet(46)) - raft.server.log.appender.install.snapshot.enabled = true (default)
2023-03-17 00:25:06,036 [s0-groupManagement] INFO  server.RaftServerConfigKeys (ConfUtils.java:logGet(46)) - raft.server.threadpool.server.cached = true (default)
2023-03-17 00:25:06,036 [s0-groupManagement] INFO  server.RaftServerConfigKeys (ConfUtils.java:logGet(46)) - raft.server.threadpool.server.size = 0 (default)
2023-03-17 00:25:06,036 [s0-groupManagement] INFO  server.RaftServerConfigKeys (ConfUtils.java:logGet(46)) - raft.server.threadpool.client.cached = true (default)
2023-03-17 00:25:06,036 [s0-groupManagement] INFO  server.RaftServerConfigKeys (ConfUtils.java:logGet(46)) - raft.server.threadpool.client.size = 0 (default)
2023-03-17 00:25:06,036 [Time-limited test] INFO  server.RaftServer (RaftServerProxy.java:addNew(99)) - s1: addNew group-2C0892D3738B:[s0|rpc:localhost:34357|admin:localhost:42739|client:localhost:33183|dataStream:localhost:40849|priority:0|startupRole:FOLLOWER, s1|rpc:localhost:35345|admin:localhost:41867|client:localhost:44485|dataStream:localhost:35841|priority:0|startupRole:FOLLOWER, s2|rpc:localhost:42741|admin:localhost:41355|client:localhost:36083|dataStream:localhost:36747|priority:0|startupRole:FOLLOWER] returns group-2C0892D3738B:java.util.concurrent.CompletableFuture@51b6518f[Not completed]
2023-03-17 00:25:06,036 [Time-limited test] INFO  impl.MiniRaftCluster (MiniRaftCluster.java:newRaftServer(382)) - newRaftServer: s2, group-2C0892D3738B:[s0|rpc:localhost:34357|admin:localhost:42739|client:localhost:33183|dataStream:localhost:40849|priority:0|startupRole:FOLLOWER, s1|rpc:localhost:35345|admin:localhost:41867|client:localhost:44485|dataStream:localhost:35841|priority:0|startupRole:FOLLOWER, s2|rpc:localhost:42741|admin:localhost:41355|client:localhost:36083|dataStream:localhost:36747|priority:0|startupRole:FOLLOWER], format? true
2023-03-17 00:25:06,036 [Time-limited test] TRACE util.FileUtils (FileUtils.java:deleteFully(201)) - deleteFully target/test/data/ce6527c6/MiniRaftClusterWithGrpc107fc027/s2
2023-03-17 00:25:06,036 [Time-limited test] TRACE util.FileUtils (FileUtils.java:deleteFully(217)) - deleteFully: target/test/data/ce6527c6/MiniRaftClusterWithGrpc107fc027/s2 does not exist.
2023-03-17 00:25:06,036 [Time-limited test] INFO  impl.MiniRaftCluster (MiniRaftCluster.java:newRaftServer(387)) - Formatted directory target/test/data/ce6527c6/MiniRaftClusterWithGrpc107fc027/s2
2023-03-17 00:25:06,036 [Time-limited test] INFO  server.RaftServer (ConfUtils.java:logGet(46)) - raft.rpc.type = GRPC (default)
2023-03-17 00:25:06,036 [Time-limited test] INFO  grpc.GrpcConfigKeys (ConfUtils.java:logFallback(53)) - raft.grpc.admin.host = null (fallback to raft.grpc.server.host)
2023-03-17 00:25:06,036 [Time-limited test] INFO  grpc.GrpcConfigKeys (ConfUtils.java:logGet(46)) - raft.grpc.admin.port = 41355 (custom)
2023-03-17 00:25:06,036 [Time-limited test] INFO  grpc.GrpcConfigKeys (ConfUtils.java:logFallback(53)) - raft.grpc.client.host = null (fallback to raft.grpc.server.host)
2023-03-17 00:25:06,036 [Time-limited test] INFO  grpc.GrpcConfigKeys (ConfUtils.java:logGet(46)) - raft.grpc.client.port = 36083 (custom)
2023-03-17 00:25:06,037 [Time-limited test] INFO  grpc.GrpcConfigKeys (ConfUtils.java:logGet(46)) - raft.grpc.server.host = null (default)
2023-03-17 00:25:06,037 [Time-limited test] INFO  grpc.GrpcConfigKeys (ConfUtils.java:logGet(46)) - raft.grpc.server.port = 42741 (custom)
2023-03-17 00:25:06,037 [Time-limited test] INFO  server.GrpcService (ConfUtils.java:logGet(46)) - raft.grpc.message.size.max = 64MB (=67108864) (default)
2023-03-17 00:25:06,037 [Time-limited test] INFO  server.RaftServerConfigKeys (ConfUtils.java:logGet(46)) - raft.server.log.appender.buffer.byte-limit = 4MB (=4194304) (default)
2023-03-17 00:25:06,037 [Time-limited test] INFO  server.GrpcService (ConfUtils.java:logGet(46)) - raft.grpc.flow.control.window = 1MB (=1048576) (default)
2023-03-17 00:25:06,037 [Time-limited test] INFO  server.RaftServerConfigKeys (ConfUtils.java:logGet(46)) - raft.server.rpc.request.timeout = 3000ms (default)
2023-03-17 00:25:06,037 [Time-limited test] INFO  grpc.GrpcConfigKeys (ConfUtils.java:logGet(46)) - raft.grpc.server.heartbeat.channel = true (default)
2023-03-17 00:25:06,037 [Time-limited test] INFO  grpc.GrpcConfigKeys (ConfUtils.java:logGet(46)) - raft.grpc.server.async.request.thread.pool.cached = true (default)
2023-03-17 00:25:06,037 [Time-limited test] INFO  grpc.GrpcConfigKeys (ConfUtils.java:logGet(46)) - raft.grpc.server.async.request.thread.pool.size = 32 (default)
2023-03-17 00:25:06,037 [Time-limited test] INFO  impl.DataStreamServerImpl (ConfUtils.java:logGet(46)) - raft.datastream.type = DISABLED (default)
2023-03-17 00:25:06,038 [Time-limited test] INFO  server.RaftServerConfigKeys (ConfUtils.java:logGet(46)) - raft.server.threadpool.proxy.cached = true (default)
2023-03-17 00:25:06,038 [Time-limited test] INFO  server.RaftServerConfigKeys (ConfUtils.java:logGet(46)) - raft.server.threadpool.proxy.size = 0 (default)
2023-03-17 00:25:06,038 [Time-limited test] INFO  server.RaftServerConfigKeys (ConfUtils.java:logGet(46)) - raft.server.rpc.slowness.timeout = 60s (default)
2023-03-17 00:25:06,038 [Time-limited test] INFO  server.RaftServerConfigKeys (ConfUtils.java:logGet(46)) - raft.server.leaderelection.leader.step-down.wait-time = 10s (default)
2023-03-17 00:25:06,038 [Time-limited test] INFO  server.RaftServerConfigKeys (ConfUtils.java:logGet(46)) - raft.server.storage.dir = [/home/runner/work/ratis/ratis/ratis-test/target/test/data/ce6527c6/MiniRaftClusterWithGrpc107fc027/s2] (custom)
2023-03-17 00:25:06,038 [s1-groupManagement] INFO  server.RaftServer$Division (RaftServerImpl.java:<init>(198)) - s1: new RaftServerImpl for group-2C0892D3738B:[s0|rpc:localhost:34357|admin:localhost:42739|client:localhost:33183|dataStream:localhost:40849|priority:0|startupRole:FOLLOWER, s1|rpc:localhost:35345|admin:localhost:41867|client:localhost:44485|dataStream:localhost:35841|priority:0|startupRole:FOLLOWER, s2|rpc:localhost:42741|admin:localhost:41355|client:localhost:36083|dataStream:localhost:36747|priority:0|startupRole:FOLLOWER] with BaseStateMachine:uninitialized
2023-03-17 00:25:06,038 [s1-groupManagement] INFO  server.RaftServerConfigKeys (ConfUtils.java:logGet(46)) - raft.server.rpc.timeout.min = 150ms (default)
2023-03-17 00:25:06,038 [s1-groupManagement] INFO  server.RaftServerConfigKeys (ConfUtils.java:logGet(46)) - raft.server.rpc.timeout.max = 300ms (default)
2023-03-17 00:25:06,038 [s1-groupManagement] INFO  server.RaftServerConfigKeys (ConfUtils.java:logGet(46)) - raft.server.rpc.sleep.time = 25ms (default)
2023-03-17 00:25:06,038 [s1-groupManagement] INFO  server.RaftServerConfigKeys (ConfUtils.java:logGet(46)) - raft.server.rpc.slowness.timeout = 60s (default)
2023-03-17 00:25:06,039 [s1-groupManagement] INFO  server.RaftServerConfigKeys (ConfUtils.java:logGet(46)) - raft.server.leaderelection.leader.step-down.wait-time = 10s (default)
2023-03-17 00:25:06,039 [s1-groupManagement] INFO  server.RaftServerConfigKeys (ConfUtils.java:logGet(46)) - raft.server.sleep.deviation.threshold = 300ms (default)
2023-03-17 00:25:06,039 [s1-groupManagement] INFO  server.RaftServer$Division (ServerState.java:<init>(113)) - s1@group-2C0892D3738B: ConfigurationManager, init=-1: peers:[s0|rpc:localhost:34357|admin:localhost:42739|client:localhost:33183|dataStream:localhost:40849|priority:0|startupRole:FOLLOWER, s1|rpc:localhost:35345|admin:localhost:41867|client:localhost:44485|dataStream:localhost:35841|priority:0|startupRole:FOLLOWER, s2|rpc:localhost:42741|admin:localhost:41355|client:localhost:36083|dataStream:localhost:36747|priority:0|startupRole:FOLLOWER]|listeners:[], old=null, confs=<EMPTY_MAP>
2023-03-17 00:25:06,039 [s1-groupManagement] INFO  server.RaftServerConfigKeys (ConfUtils.java:logGet(46)) - raft.server.notification.no-leader.timeout = 60s (default)
2023-03-17 00:25:06,039 [s1-groupManagement] INFO  server.RaftServerConfigKeys (ConfUtils.java:logGet(46)) - raft.server.read.timeout = 10s (default)
2023-03-17 00:25:06,039 [s1-groupManagement] INFO  server.RaftServerConfigKeys (ConfUtils.java:logGet(46)) - raft.server.retrycache.expirytime = 60s (default)
2023-03-17 00:25:06,039 [s1-groupManagement] INFO  server.RaftServerConfigKeys (ConfUtils.java:logGet(46)) - raft.server.retrycache.statistics.expirytime = 100μs (default)
2023-03-17 00:25:06,039 [s1-groupManagement] INFO  server.RaftServerConfigKeys (ConfUtils.java:logGet(46)) - raft.server.read.option = DEFAULT (default)
2023-03-17 00:25:06,039 [s1-groupManagement] INFO  server.RaftServerConfigKeys (ConfUtils.java:logGet(46)) - raft.server.log.appender.install.snapshot.enabled = true (default)
2023-03-17 00:25:06,039 [s1-groupManagement] INFO  server.RaftServerConfigKeys (ConfUtils.java:logGet(46)) - raft.server.threadpool.server.cached = true (default)
2023-03-17 00:25:06,039 [s1-groupManagement] INFO  server.RaftServerConfigKeys (ConfUtils.java:logGet(46)) - raft.server.threadpool.server.size = 0 (default)
2023-03-17 00:25:06,039 [s1-groupManagement] INFO  server.RaftServerConfigKeys (ConfUtils.java:logGet(46)) - raft.server.threadpool.client.cached = true (default)
2023-03-17 00:25:06,039 [s1-groupManagement] INFO  server.RaftServerConfigKeys (ConfUtils.java:logGet(46)) - raft.server.threadpool.client.size = 0 (default)
2023-03-17 00:25:06,040 [Time-limited test] INFO  server.RaftServer (RaftServerProxy.java:addNew(99)) - s2: addNew group-2C0892D3738B:[s0|rpc:localhost:34357|admin:localhost:42739|client:localhost:33183|dataStream:localhost:40849|priority:0|startupRole:FOLLOWER, s1|rpc:localhost:35345|admin:localhost:41867|client:localhost:44485|dataStream:localhost:35841|priority:0|startupRole:FOLLOWER, s2|rpc:localhost:42741|admin:localhost:41355|client:localhost:36083|dataStream:localhost:36747|priority:0|startupRole:FOLLOWER] returns group-2C0892D3738B:java.util.concurrent.CompletableFuture@296b18f4[Not completed]
2023-03-17 00:25:06,040 [s0-impl-thread1] INFO  server.RaftServerConfigKeys (ConfUtils.java:logGet(46)) - raft.server.storage.free-space.min = 0MB (=0) (default)
2023-03-17 00:25:06,040 [s0-impl-thread1] INFO  server.RaftServerConfigKeys (ConfUtils.java:logGet(46)) - raft.server.log.corruption.policy = EXCEPTION (default)
2023-03-17 00:25:06,040 [s0-impl-thread1] INFO  server.RaftServerConfigKeys (ConfUtils.java:logGet(46)) - raft.server.storage.dir = [/home/runner/work/ratis/ratis/ratis-test/target/test/data/ce6527c6/MiniRaftClusterWithGrpc107fc027/s0] (custom)
2023-03-17 00:25:06,040 [s0-impl-thread1] INFO  storage.RaftStorageDirectory (RaftStorageDirectoryImpl.java:analyzeStorage(138)) - The storage directory /home/runner/work/ratis/ratis/ratis-test/target/test/data/ce6527c6/MiniRaftClusterWithGrpc107fc027/s0/0580c27f-a0d6-41f9-b179-2c0892d3738b does not exist. Creating ...
2023-03-17 00:25:06,040 [s0-impl-thread1] TRACE util.FileUtils (LogUtils.java:runAndLog(49)) - Successfully ran Files.createDirectories /home/runner/work/ratis/ratis/ratis-test/target/test/data/ce6527c6/MiniRaftClusterWithGrpc107fc027/s0/0580c27f-a0d6-41f9-b179-2c0892d3738b
2023-03-17 00:25:06,041 [s2-groupManagement] INFO  server.RaftServer$Division (RaftServerImpl.java:<init>(198)) - s2: new RaftServerImpl for group-2C0892D3738B:[s0|rpc:localhost:34357|admin:localhost:42739|client:localhost:33183|dataStream:localhost:40849|priority:0|startupRole:FOLLOWER, s1|rpc:localhost:35345|admin:localhost:41867|client:localhost:44485|dataStream:localhost:35841|priority:0|startupRole:FOLLOWER, s2|rpc:localhost:42741|admin:localhost:41355|client:localhost:36083|dataStream:localhost:36747|priority:0|startupRole:FOLLOWER] with BaseStateMachine:uninitialized
2023-03-17 00:25:06,041 [s2-groupManagement] INFO  server.RaftServerConfigKeys (ConfUtils.java:logGet(46)) - raft.server.rpc.timeout.min = 150ms (default)
2023-03-17 00:25:06,041 [s2-groupManagement] INFO  server.RaftServerConfigKeys (ConfUtils.java:logGet(46)) - raft.server.rpc.timeout.max = 300ms (default)
2023-03-17 00:25:06,041 [s2-groupManagement] INFO  server.RaftServerConfigKeys (ConfUtils.java:logGet(46)) - raft.server.rpc.sleep.time = 25ms (default)
2023-03-17 00:25:06,041 [s2-groupManagement] INFO  server.RaftServerConfigKeys (ConfUtils.java:logGet(46)) - raft.server.rpc.slowness.timeout = 60s (default)
2023-03-17 00:25:06,041 [s2-groupManagement] INFO  server.RaftServerConfigKeys (ConfUtils.java:logGet(46)) - raft.server.leaderelection.leader.step-down.wait-time = 10s (default)
2023-03-17 00:25:06,041 [s2-groupManagement] INFO  server.RaftServerConfigKeys (ConfUtils.java:logGet(46)) - raft.server.sleep.deviation.threshold = 300ms (default)
2023-03-17 00:25:06,041 [s2-groupManagement] INFO  server.RaftServer$Division (ServerState.java:<init>(113)) - s2@group-2C0892D3738B: ConfigurationManager, init=-1: peers:[s0|rpc:localhost:34357|admin:localhost:42739|client:localhost:33183|dataStream:localhost:40849|priority:0|startupRole:FOLLOWER, s1|rpc:localhost:35345|admin:localhost:41867|client:localhost:44485|dataStream:localhost:35841|priority:0|startupRole:FOLLOWER, s2|rpc:localhost:42741|admin:localhost:41355|client:localhost:36083|dataStream:localhost:36747|priority:0|startupRole:FOLLOWER]|listeners:[], old=null, confs=<EMPTY_MAP>
2023-03-17 00:25:06,041 [s2-groupManagement] INFO  server.RaftServerConfigKeys (ConfUtils.java:logGet(46)) - raft.server.notification.no-leader.timeout = 60s (default)
2023-03-17 00:25:06,041 [s0-impl-thread1] INFO  storage.RaftStorageDirectory (RaftStorageDirectoryImpl.java:tryLock(232)) - Lock on /home/runner/work/ratis/ratis/ratis-test/target/test/data/ce6527c6/MiniRaftClusterWithGrpc107fc027/s0/0580c27f-a0d6-41f9-b179-2c0892d3738b/in_use.lock acquired by nodename 10276@fv-az426-358
2023-03-17 00:25:06,042 [s0-impl-thread1] TRACE util.FileUtils (LogUtils.java:runAndLog(49)) - Successfully ran Files.createDirectories /home/runner/work/ratis/ratis/ratis-test/target/test/data/ce6527c6/MiniRaftClusterWithGrpc107fc027/s0/0580c27f-a0d6-41f9-b179-2c0892d3738b/current
2023-03-17 00:25:06,042 [s0-impl-thread1] TRACE util.FileUtils (LogUtils.java:runAndLog(49)) - Successfully ran Files.createDirectories /home/runner/work/ratis/ratis/ratis-test/target/test/data/ce6527c6/MiniRaftClusterWithGrpc107fc027/s0/0580c27f-a0d6-41f9-b179-2c0892d3738b/sm
2023-03-17 00:25:06,042 [s2-groupManagement] INFO  server.RaftServerConfigKeys (ConfUtils.java:logGet(46)) - raft.server.read.timeout = 10s (default)
2023-03-17 00:25:06,042 [s2-groupManagement] INFO  server.RaftServerConfigKeys (ConfUtils.java:logGet(46)) - raft.server.retrycache.expirytime = 60s (default)
2023-03-17 00:25:06,042 [s2-groupManagement] INFO  server.RaftServerConfigKeys (ConfUtils.java:logGet(46)) - raft.server.retrycache.statistics.expirytime = 100μs (default)
2023-03-17 00:25:06,042 [s2-groupManagement] INFO  server.RaftServerConfigKeys (ConfUtils.java:logGet(46)) - raft.server.read.option = DEFAULT (default)
2023-03-17 00:25:06,043 [s0-impl-thread1] INFO  storage.RaftStorage (RaftStorageImpl.java:format(96)) - Storage directory /home/runner/work/ratis/ratis/ratis-test/target/test/data/ce6527c6/MiniRaftClusterWithGrpc107fc027/s0/0580c27f-a0d6-41f9-b179-2c0892d3738b has been successfully formatted.
2023-03-17 00:25:06,043 [s0-impl-thread1] INFO  server.RaftServerConfigKeys (ConfUtils.java:logGet(46)) - raft.server.log.use.memory = false (default)
2023-03-17 00:25:06,043 [s0-impl-thread1] INFO  server.RaftServerConfigKeys (ConfUtils.java:logGet(46)) - raft.server.log.purge.gap = 1024 (default)
2023-03-17 00:25:06,043 [s0-impl-thread1] INFO  server.RaftServerConfigKeys (ConfUtils.java:logGet(46)) - raft.server.log.appender.buffer.byte-limit = 4MB (=4194304) (default)
2023-03-17 00:25:06,043 [s0-impl-thread1] INFO  server.RaftServerConfigKeys (ConfUtils.java:logGet(46)) - raft.server.log.statemachine.data.read.timeout = 1000ms (default)
2023-03-17 00:25:06,043 [s0-impl-thread1] INFO  server.RaftServerConfigKeys (ConfUtils.java:logGet(46)) - raft.server.log.purge.preservation.log.num = 0 (default)
2023-03-17 00:25:06,043 [s0-impl-thread1] INFO  server.RaftServerConfigKeys (ConfUtils.java:logGet(46)) - raft.server.log.segment.size.max = 8MB (=8388608) (default)
2023-03-17 00:25:06,043 [s0-impl-thread1] INFO  server.RaftServerConfigKeys (ConfUtils.java:logGet(46)) - raft.server.log.segment.cache.num.max = 6 (default)
2023-03-17 00:25:06,043 [s0-impl-thread1] INFO  server.RaftServerConfigKeys (ConfUtils.java:logGet(46)) - raft.server.log.segment.cache.size.max = 200MB (=209715200) (default)
2023-03-17 00:25:06,043 [s0-impl-thread1] INFO  server.RaftServerConfigKeys (ConfUtils.java:logGet(46)) - raft.server.log.appender.buffer.byte-limit = 4MB (=4194304) (default)
2023-03-17 00:25:06,043 [s0-impl-thread1] INFO  segmented.SegmentedRaftLogWorker (SegmentedRaftLogWorker.java:<init>(183)) - new s0@group-2C0892D3738B-SegmentedRaftLogWorker for RaftStorageImpl:Storage Directory /home/runner/work/ratis/ratis/ratis-test/target/test/data/ce6527c6/MiniRaftClusterWithGrpc107fc027/s0/0580c27f-a0d6-41f9-b179-2c0892d3738b
2023-03-17 00:25:06,043 [s0-impl-thread1] INFO  server.RaftServerConfigKeys (ConfUtils.java:logGet(46)) - raft.server.log.queue.byte-limit = 64MB (=67108864) (default)
2023-03-17 00:25:06,043 [s0-impl-thread1] INFO  server.RaftServerConfigKeys (ConfUtils.java:logGet(46)) - raft.server.log.queue.element-limit = 4096 (default)
2023-03-17 00:25:06,043 [s0-impl-thread1] INFO  server.RaftServerConfigKeys (ConfUtils.java:logGet(46)) - raft.server.log.segment.size.max = 8MB (=8388608) (default)
2023-03-17 00:25:06,043 [s0-impl-thread1] INFO  server.RaftServerConfigKeys (ConfUtils.java:logGet(46)) - raft.server.log.preallocated.size = 4MB (=4194304) (default)
2023-03-17 00:25:06,043 [s0-impl-thread1] INFO  server.RaftServerConfigKeys (ConfUtils.java:logGet(46)) - raft.server.log.force.sync.num = 128 (default)
2023-03-17 00:25:06,044 [s0-impl-thread1] INFO  server.RaftServerConfigKeys (ConfUtils.java:logGet(46)) - raft.server.log.statemachine.data.sync = true (default)
2023-03-17 00:25:06,044 [s0-impl-thread1] INFO  server.RaftServerConfigKeys (ConfUtils.java:logGet(46)) - raft.server.log.statemachine.data.sync.timeout = 10s (default)
2023-03-17 00:25:06,044 [s0-impl-thread1] INFO  server.RaftServerConfigKeys (ConfUtils.java:logGet(46)) - raft.server.log.statemachine.data.sync.timeout.retry = -1 (default)
2023-03-17 00:25:06,044 [s0-impl-thread1] INFO  server.RaftServerConfigKeys (ConfUtils.java:logGet(46)) - raft.server.log.write.buffer.size = 64KB (=65536) (default)
2023-03-17 00:25:06,044 [s0-impl-thread1] INFO  server.RaftServerConfigKeys (ConfUtils.java:logGet(46)) - raft.server.log.appender.buffer.byte-limit = 4MB (=4194304) (default)
2023-03-17 00:25:06,044 [s0-impl-thread1] INFO  server.RaftServerConfigKeys (ConfUtils.java:logGet(46)) - raft.server.log.unsafe-flush.enabled = false (default)
2023-03-17 00:25:06,044 [s0-impl-thread1] INFO  server.RaftServerConfigKeys (ConfUtils.java:logGet(46)) - raft.server.log.async-flush.enabled = false (default)
2023-03-17 00:25:06,044 [s0-impl-thread1] INFO  server.RaftServerConfigKeys (ConfUtils.java:logGet(46)) - raft.server.log.statemachine.data.caching.enabled = false (default)
2023-03-17 00:25:06,044 [s0-impl-thread1] INFO  segmented.SegmentedRaftLogWorker (SegmentedRaftLogWorker.java:lambda$new$0(134)) - s0@group-2C0892D3738B-SegmentedRaftLogWorker: flushIndex: setUnconditionally 0 -> -1
2023-03-17 00:25:06,044 [s0-impl-thread1] INFO  segmented.SegmentedRaftLogWorker (SegmentedRaftLogWorker.java:lambda$new$0(134)) - s0@group-2C0892D3738B-SegmentedRaftLogWorker: safeCacheEvictIndex: setUnconditionally 0 -> -1
2023-03-17 00:25:06,045 [s0-impl-thread1] INFO  server.RaftServer$Division (RaftServerImpl.java:start(342)) - s0@group-2C0892D3738B: start as a follower, conf=-1: peers:[s0|rpc:localhost:34357|admin:localhost:42739|client:localhost:33183|dataStream:localhost:40849|priority:0|startupRole:FOLLOWER, s1|rpc:localhost:35345|admin:localhost:41867|client:localhost:44485|dataStream:localhost:35841|priority:0|startupRole:FOLLOWER, s2|rpc:localhost:42741|admin:localhost:41355|client:localhost:36083|dataStream:localhost:36747|priority:0|startupRole:FOLLOWER]|listeners:[], old=null
2023-03-17 00:25:06,045 [s0-impl-thread1] INFO  server.RaftServer$Division (RaftServerImpl.java:setRole(329)) - s0@group-2C0892D3738B: changes role from      null to FOLLOWER at term 0 for startAsFollower
2023-03-17 00:25:06,045 [s0-impl-thread1] INFO  impl.RoleInfo (RoleInfo.java:updateAndGet(139)) - s0: start s0@group-2C0892D3738B-FollowerState
2023-03-17 00:25:06,045 [s2-groupManagement] INFO  server.RaftServerConfigKeys (ConfUtils.java:logGet(46)) - raft.server.log.appender.install.snapshot.enabled = true (default)
2023-03-17 00:25:06,045 [s2-groupManagement] INFO  server.RaftServerConfigKeys (ConfUtils.java:logGet(46)) - raft.server.threadpool.server.cached = true (default)
2023-03-17 00:25:06,045 [s2-groupManagement] INFO  server.RaftServerConfigKeys (ConfUtils.java:logGet(46)) - raft.server.threadpool.server.size = 0 (default)
2023-03-17 00:25:06,045 [s2-groupManagement] INFO  server.RaftServerConfigKeys (ConfUtils.java:logGet(46)) - raft.server.threadpool.client.cached = true (default)
2023-03-17 00:25:06,045 [s2-groupManagement] INFO  server.RaftServerConfigKeys (ConfUtils.java:logGet(46)) - raft.server.threadpool.client.size = 0 (default)
2023-03-17 00:25:06,045 [s0@group-2C0892D3738B-FollowerState] INFO  server.RaftServerConfigKeys (ConfUtils.java:logFallback(53)) - raft.server.rpc.first-election.timeout.min = 150ms (fallback to raft.server.rpc.timeout.min)
2023-03-17 00:25:06,045 [s0-impl-thread1] INFO  util.JmxRegister (JmxRegister.java:tryRegister(44)) - Successfully registered JMX Bean with object name Ratis:service=RaftServer,group=group-2C0892D3738B,id=s0
2023-03-17 00:25:06,045 [s0-impl-thread1] INFO  server.RaftServerConfigKeys (ConfUtils.java:logGet(46)) - raft.server.snapshot.auto.trigger.enabled = false (default)
2023-03-17 00:25:06,045 [s0-impl-thread1] INFO  server.RaftServerConfigKeys (ConfUtils.java:logGet(46)) - raft.server.snapshot.retention.file.num = -1 (default)
2023-03-17 00:25:06,045 [s0-impl-thread1] INFO  server.RaftServerConfigKeys (ConfUtils.java:logGet(46)) - raft.server.log.purge.upto.snapshot.index = false (default)
2023-03-17 00:25:06,046 [Time-limited test] INFO  server.RaftServer (RaftServerProxy.java:startImpl(401)) - s0: start RPC server
2023-03-17 00:25:06,046 [Time-limited test] INFO  server.GrpcService (GrpcService.java:startImpl(302)) - s0: GrpcService started, listening on 33183
2023-03-17 00:25:06,046 [Time-limited test] INFO  server.GrpcService (GrpcService.java:startImpl(302)) - s0: GrpcService started, listening on 34357
2023-03-17 00:25:06,046 [Time-limited test] INFO  server.GrpcService (GrpcService.java:startImpl(302)) - s0: GrpcService started, listening on 42739
2023-03-17 00:25:06,047 [s1-impl-thread1] INFO  server.RaftServerConfigKeys (ConfUtils.java:logGet(46)) - raft.server.storage.free-space.min = 0MB (=0) (default)
2023-03-17 00:25:06,047 [s1-impl-thread1] INFO  server.RaftServerConfigKeys (ConfUtils.java:logGet(46)) - raft.server.log.corruption.policy = EXCEPTION (default)
2023-03-17 00:25:06,047 [s1-impl-thread1] INFO  server.RaftServerConfigKeys (ConfUtils.java:logGet(46)) - raft.server.storage.dir = [/home/runner/work/ratis/ratis/ratis-test/target/test/data/ce6527c6/MiniRaftClusterWithGrpc107fc027/s1] (custom)
2023-03-17 00:25:06,047 [s0@group-2C0892D3738B-FollowerState] INFO  server.RaftServerConfigKeys (ConfUtils.java:logFallback(53)) - raft.server.rpc.first-election.timeout.max = 300ms (fallback to raft.server.rpc.timeout.max)
2023-03-17 00:25:06,047 [s1-impl-thread1] INFO  storage.RaftStorageDirectory (RaftStorageDirectoryImpl.java:analyzeStorage(138)) - The storage directory /home/runner/work/ratis/ratis/ratis-test/target/test/data/ce6527c6/MiniRaftClusterWithGrpc107fc027/s1/0580c27f-a0d6-41f9-b179-2c0892d3738b does not exist. Creating ...
2023-03-17 00:25:06,047 [s1-impl-thread1] TRACE util.FileUtils (LogUtils.java:runAndLog(49)) - Successfully ran Files.createDirectories /home/runner/work/ratis/ratis/ratis-test/target/test/data/ce6527c6/MiniRaftClusterWithGrpc107fc027/s1/0580c27f-a0d6-41f9-b179-2c0892d3738b
2023-03-17 00:25:06,047 [JvmPauseMonitor64] INFO  util.JvmPauseMonitor (JvmPauseMonitor.java:run(103)) - JvmPauseMonitor-s0: Started
2023-03-17 00:25:06,048 [s1-impl-thread1] INFO  storage.RaftStorageDirectory (RaftStorageDirectoryImpl.java:tryLock(232)) - Lock on /home/runner/work/ratis/ratis/ratis-test/target/test/data/ce6527c6/MiniRaftClusterWithGrpc107fc027/s1/0580c27f-a0d6-41f9-b179-2c0892d3738b/in_use.lock acquired by nodename 10276@fv-az426-358
2023-03-17 00:25:06,048 [s1-impl-thread1] TRACE util.FileUtils (LogUtils.java:runAndLog(49)) - Successfully ran Files.createDirectories /home/runner/work/ratis/ratis/ratis-test/target/test/data/ce6527c6/MiniRaftClusterWithGrpc107fc027/s1/0580c27f-a0d6-41f9-b179-2c0892d3738b/current
2023-03-17 00:25:06,048 [s1-impl-thread1] TRACE util.FileUtils (LogUtils.java:runAndLog(49)) - Successfully ran Files.createDirectories /home/runner/work/ratis/ratis/ratis-test/target/test/data/ce6527c6/MiniRaftClusterWithGrpc107fc027/s1/0580c27f-a0d6-41f9-b179-2c0892d3738b/sm
2023-03-17 00:25:06,049 [s1-impl-thread1] INFO  storage.RaftStorage (RaftStorageImpl.java:format(96)) - Storage directory /home/runner/work/ratis/ratis/ratis-test/target/test/data/ce6527c6/MiniRaftClusterWithGrpc107fc027/s1/0580c27f-a0d6-41f9-b179-2c0892d3738b has been successfully formatted.
2023-03-17 00:25:06,049 [s1-impl-thread1] INFO  server.RaftServerConfigKeys (ConfUtils.java:logGet(46)) - raft.server.log.use.memory = false (default)
2023-03-17 00:25:06,049 [s1-impl-thread1] INFO  server.RaftServerConfigKeys (ConfUtils.java:logGet(46)) - raft.server.log.purge.gap = 1024 (default)
2023-03-17 00:25:06,049 [s1-impl-thread1] INFO  server.RaftServerConfigKeys (ConfUtils.java:logGet(46)) - raft.server.log.appender.buffer.byte-limit = 4MB (=4194304) (default)
2023-03-17 00:25:06,049 [s1-impl-thread1] INFO  server.RaftServerConfigKeys (ConfUtils.java:logGet(46)) - raft.server.log.statemachine.data.read.timeout = 1000ms (default)
2023-03-17 00:25:06,049 [s1-impl-thread1] INFO  server.RaftServerConfigKeys (ConfUtils.java:logGet(46)) - raft.server.log.purge.preservation.log.num = 0 (default)
2023-03-17 00:25:06,050 [s1-impl-thread1] INFO  server.RaftServerConfigKeys (ConfUtils.java:logGet(46)) - raft.server.log.segment.size.max = 8MB (=8388608) (default)
2023-03-17 00:25:06,050 [s1-impl-thread1] INFO  server.RaftServerConfigKeys (ConfUtils.java:logGet(46)) - raft.server.log.segment.cache.num.max = 6 (default)
2023-03-17 00:25:06,050 [s1-impl-thread1] INFO  server.RaftServerConfigKeys (ConfUtils.java:logGet(46)) - raft.server.log.segment.cache.size.max = 200MB (=209715200) (default)
2023-03-17 00:25:06,050 [s1-impl-thread1] INFO  server.RaftServerConfigKeys (ConfUtils.java:logGet(46)) - raft.server.log.appender.buffer.byte-limit = 4MB (=4194304) (default)
2023-03-17 00:25:06,050 [s1-impl-thread1] INFO  segmented.SegmentedRaftLogWorker (SegmentedRaftLogWorker.java:<init>(183)) - new s1@group-2C0892D3738B-SegmentedRaftLogWorker for RaftStorageImpl:Storage Directory /home/runner/work/ratis/ratis/ratis-test/target/test/data/ce6527c6/MiniRaftClusterWithGrpc107fc027/s1/0580c27f-a0d6-41f9-b179-2c0892d3738b
2023-03-17 00:25:06,050 [s1-impl-thread1] INFO  server.RaftServerConfigKeys (ConfUtils.java:logGet(46)) - raft.server.log.queue.byte-limit = 64MB (=67108864) (default)
2023-03-17 00:25:06,050 [s1-impl-thread1] INFO  server.RaftServerConfigKeys (ConfUtils.java:logGet(46)) - raft.server.log.queue.element-limit = 4096 (default)
2023-03-17 00:25:06,050 [s1-impl-thread1] INFO  server.RaftServerConfigKeys (ConfUtils.java:logGet(46)) - raft.server.log.segment.size.max = 8MB (=8388608) (default)
2023-03-17 00:25:06,050 [s1-impl-thread1] INFO  server.RaftServerConfigKeys (ConfUtils.java:logGet(46)) - raft.server.log.preallocated.size = 4MB (=4194304) (default)
2023-03-17 00:25:06,050 [s1-impl-thread1] INFO  server.RaftServerConfigKeys (ConfUtils.java:logGet(46)) - raft.server.log.force.sync.num = 128 (default)
2023-03-17 00:25:06,050 [s1-impl-thread1] INFO  server.RaftServerConfigKeys (ConfUtils.java:logGet(46)) - raft.server.log.statemachine.data.sync = true (default)
2023-03-17 00:25:06,050 [s1-impl-thread1] INFO  server.RaftServerConfigKeys (ConfUtils.java:logGet(46)) - raft.server.log.statemachine.data.sync.timeout = 10s (default)
2023-03-17 00:25:06,050 [s1-impl-thread1] INFO  server.RaftServerConfigKeys (ConfUtils.java:logGet(46)) - raft.server.log.statemachine.data.sync.timeout.retry = -1 (default)
2023-03-17 00:25:06,050 [s1-impl-thread1] INFO  server.RaftServerConfigKeys (ConfUtils.java:logGet(46)) - raft.server.log.write.buffer.size = 64KB (=65536) (default)
2023-03-17 00:25:06,050 [s1-impl-thread1] INFO  server.RaftServerConfigKeys (ConfUtils.java:logGet(46)) - raft.server.log.appender.buffer.byte-limit = 4MB (=4194304) (default)
2023-03-17 00:25:06,051 [s1-impl-thread1] INFO  server.RaftServerConfigKeys (ConfUtils.java:logGet(46)) - raft.server.log.unsafe-flush.enabled = false (default)
2023-03-17 00:25:06,051 [s1-impl-thread1] INFO  server.RaftServerConfigKeys (ConfUtils.java:logGet(46)) - raft.server.log.async-flush.enabled = false (default)
2023-03-17 00:25:06,051 [s1-impl-thread1] INFO  server.RaftServerConfigKeys (ConfUtils.java:logGet(46)) - raft.server.log.statemachine.data.caching.enabled = false (default)
2023-03-17 00:25:06,051 [s1-impl-thread1] INFO  segmented.SegmentedRaftLogWorker (SegmentedRaftLogWorker.java:lambda$new$0(134)) - s1@group-2C0892D3738B-SegmentedRaftLogWorker: flushIndex: setUnconditionally 0 -> -1
2023-03-17 00:25:06,051 [s1-impl-thread1] INFO  segmented.SegmentedRaftLogWorker (SegmentedRaftLogWorker.java:lambda$new$0(134)) - s1@group-2C0892D3738B-SegmentedRaftLogWorker: safeCacheEvictIndex: setUnconditionally 0 -> -1
2023-03-17 00:25:06,051 [s1-impl-thread1] INFO  server.RaftServer$Division (RaftServerImpl.java:start(342)) - s1@group-2C0892D3738B: start as a follower, conf=-1: peers:[s0|rpc:localhost:34357|admin:localhost:42739|client:localhost:33183|dataStream:localhost:40849|priority:0|startupRole:FOLLOWER, s1|rpc:localhost:35345|admin:localhost:41867|client:localhost:44485|dataStream:localhost:35841|priority:0|startupRole:FOLLOWER, s2|rpc:localhost:42741|admin:localhost:41355|client:localhost:36083|dataStream:localhost:36747|priority:0|startupRole:FOLLOWER]|listeners:[], old=null
2023-03-17 00:25:06,051 [s1-impl-thread1] INFO  server.RaftServer$Division (RaftServerImpl.java:setRole(329)) - s1@group-2C0892D3738B: changes role from      null to FOLLOWER at term 0 for startAsFollower
2023-03-17 00:25:06,051 [s1-impl-thread1] INFO  impl.RoleInfo (RoleInfo.java:updateAndGet(139)) - s1: start s1@group-2C0892D3738B-FollowerState
2023-03-17 00:25:06,051 [s1-impl-thread1] INFO  util.JmxRegister (JmxRegister.java:tryRegister(44)) - Successfully registered JMX Bean with object name Ratis:service=RaftServer,group=group-2C0892D3738B,id=s1
2023-03-17 00:25:06,051 [s1@group-2C0892D3738B-FollowerState] INFO  server.RaftServerConfigKeys (ConfUtils.java:logFallback(53)) - raft.server.rpc.first-election.timeout.min = 150ms (fallback to raft.server.rpc.timeout.min)
2023-03-17 00:25:06,052 [s1-impl-thread1] INFO  server.RaftServerConfigKeys (ConfUtils.java:logGet(46)) - raft.server.snapshot.auto.trigger.enabled = false (default)
2023-03-17 00:25:06,052 [s1@group-2C0892D3738B-FollowerState] INFO  server.RaftServerConfigKeys (ConfUtils.java:logFallback(53)) - raft.server.rpc.first-election.timeout.max = 300ms (fallback to raft.server.rpc.timeout.max)
2023-03-17 00:25:06,052 [s1-impl-thread1] INFO  server.RaftServerConfigKeys (ConfUtils.java:logGet(46)) - raft.server.snapshot.retention.file.num = -1 (default)
2023-03-17 00:25:06,052 [s1-impl-thread1] INFO  server.RaftServerConfigKeys (ConfUtils.java:logGet(46)) - raft.server.log.purge.upto.snapshot.index = false (default)
2023-03-17 00:25:06,052 [Time-limited test] INFO  server.RaftServer (RaftServerProxy.java:startImpl(401)) - s1: start RPC server
2023-03-17 00:25:06,052 [Time-limited test] INFO  server.GrpcService (GrpcService.java:startImpl(302)) - s1: GrpcService started, listening on 44485
2023-03-17 00:25:06,052 [Time-limited test] INFO  server.GrpcService (GrpcService.java:startImpl(302)) - s1: GrpcService started, listening on 35345
2023-03-17 00:25:06,053 [Time-limited test] INFO  server.GrpcService (GrpcService.java:startImpl(302)) - s1: GrpcService started, listening on 41867
2023-03-17 00:25:06,053 [s2-impl-thread1] INFO  server.RaftServerConfigKeys (ConfUtils.java:logGet(46)) - raft.server.storage.free-space.min = 0MB (=0) (default)
2023-03-17 00:25:06,053 [JvmPauseMonitor65] INFO  util.JvmPauseMonitor (JvmPauseMonitor.java:run(103)) - JvmPauseMonitor-s1: Started
2023-03-17 00:25:06,053 [s2-impl-thread1] INFO  server.RaftServerConfigKeys (ConfUtils.java:logGet(46)) - raft.server.log.corruption.policy = EXCEPTION (default)
2023-03-17 00:25:06,053 [s2-impl-thread1] INFO  server.RaftServerConfigKeys (ConfUtils.java:logGet(46)) - raft.server.storage.dir = [/home/runner/work/ratis/ratis/ratis-test/target/test/data/ce6527c6/MiniRaftClusterWithGrpc107fc027/s2] (custom)
2023-03-17 00:25:06,053 [s2-impl-thread1] INFO  storage.RaftStorageDirectory (RaftStorageDirectoryImpl.java:analyzeStorage(138)) - The storage directory /home/runner/work/ratis/ratis/ratis-test/target/test/data/ce6527c6/MiniRaftClusterWithGrpc107fc027/s2/0580c27f-a0d6-41f9-b179-2c0892d3738b does not exist. Creating ...
2023-03-17 00:25:06,053 [s2-impl-thread1] TRACE util.FileUtils (LogUtils.java:runAndLog(49)) - Successfully ran Files.createDirectories /home/runner/work/ratis/ratis/ratis-test/target/test/data/ce6527c6/MiniRaftClusterWithGrpc107fc027/s2/0580c27f-a0d6-41f9-b179-2c0892d3738b
2023-03-17 00:25:06,054 [s2-impl-thread1] INFO  storage.RaftStorageDirectory (RaftStorageDirectoryImpl.java:tryLock(232)) - Lock on /home/runner/work/ratis/ratis/ratis-test/target/test/data/ce6527c6/MiniRaftClusterWithGrpc107fc027/s2/0580c27f-a0d6-41f9-b179-2c0892d3738b/in_use.lock acquired by nodename 10276@fv-az426-358
2023-03-17 00:25:06,054 [s2-impl-thread1] TRACE util.FileUtils (LogUtils.java:runAndLog(49)) - Successfully ran Files.createDirectories /home/runner/work/ratis/ratis/ratis-test/target/test/data/ce6527c6/MiniRaftClusterWithGrpc107fc027/s2/0580c27f-a0d6-41f9-b179-2c0892d3738b/current
2023-03-17 00:25:06,054 [s2-impl-thread1] TRACE util.FileUtils (LogUtils.java:runAndLog(49)) - Successfully ran Files.createDirectories /home/runner/work/ratis/ratis/ratis-test/target/test/data/ce6527c6/MiniRaftClusterWithGrpc107fc027/s2/0580c27f-a0d6-41f9-b179-2c0892d3738b/sm
2023-03-17 00:25:06,055 [s2-impl-thread1] INFO  storage.RaftStorage (RaftStorageImpl.java:format(96)) - Storage directory /home/runner/work/ratis/ratis/ratis-test/target/test/data/ce6527c6/MiniRaftClusterWithGrpc107fc027/s2/0580c27f-a0d6-41f9-b179-2c0892d3738b has been successfully formatted.
2023-03-17 00:25:06,056 [s2-impl-thread1] INFO  server.RaftServerConfigKeys (ConfUtils.java:logGet(46)) - raft.server.log.use.memory = false (default)
2023-03-17 00:25:06,056 [s2-impl-thread1] INFO  server.RaftServerConfigKeys (ConfUtils.java:logGet(46)) - raft.server.log.purge.gap = 1024 (default)
2023-03-17 00:25:06,056 [s2-impl-thread1] INFO  server.RaftServerConfigKeys (ConfUtils.java:logGet(46)) - raft.server.log.appender.buffer.byte-limit = 4MB (=4194304) (default)
2023-03-17 00:25:06,056 [s2-impl-thread1] INFO  server.RaftServerConfigKeys (ConfUtils.java:logGet(46)) - raft.server.log.statemachine.data.read.timeout = 1000ms (default)
2023-03-17 00:25:06,056 [s2-impl-thread1] INFO  server.RaftServerConfigKeys (ConfUtils.java:logGet(46)) - raft.server.log.purge.preservation.log.num = 0 (default)
2023-03-17 00:25:06,056 [s2-impl-thread1] INFO  server.RaftServerConfigKeys (ConfUtils.java:logGet(46)) - raft.server.log.segment.size.max = 8MB (=8388608) (default)
2023-03-17 00:25:06,056 [s2-impl-thread1] INFO  server.RaftServerConfigKeys (ConfUtils.java:logGet(46)) - raft.server.log.segment.cache.num.max = 6 (default)
2023-03-17 00:25:06,056 [s2-impl-thread1] INFO  server.RaftServerConfigKeys (ConfUtils.java:logGet(46)) - raft.server.log.segment.cache.size.max = 200MB (=209715200) (default)
2023-03-17 00:25:06,056 [s2-impl-thread1] INFO  server.RaftServerConfigKeys (ConfUtils.java:logGet(46)) - raft.server.log.appender.buffer.byte-limit = 4MB (=4194304) (default)
2023-03-17 00:25:06,056 [s2-impl-thread1] INFO  segmented.SegmentedRaftLogWorker (SegmentedRaftLogWorker.java:<init>(183)) - new s2@group-2C0892D3738B-SegmentedRaftLogWorker for RaftStorageImpl:Storage Directory /home/runner/work/ratis/ratis/ratis-test/target/test/data/ce6527c6/MiniRaftClusterWithGrpc107fc027/s2/0580c27f-a0d6-41f9-b179-2c0892d3738b
2023-03-17 00:25:06,056 [s2-impl-thread1] INFO  server.RaftServerConfigKeys (ConfUtils.java:logGet(46)) - raft.server.log.queue.byte-limit = 64MB (=67108864) (default)
2023-03-17 00:25:06,056 [s2-impl-thread1] INFO  server.RaftServerConfigKeys (ConfUtils.java:logGet(46)) - raft.server.log.queue.element-limit = 4096 (default)
2023-03-17 00:25:06,057 [s2-impl-thread1] INFO  server.RaftServerConfigKeys (ConfUtils.java:logGet(46)) - raft.server.log.segment.size.max = 8MB (=8388608) (default)
2023-03-17 00:25:06,057 [s2-impl-thread1] INFO  server.RaftServerConfigKeys (ConfUtils.java:logGet(46)) - raft.server.log.preallocated.size = 4MB (=4194304) (default)
2023-03-17 00:25:06,057 [s2-impl-thread1] INFO  server.RaftServerConfigKeys (ConfUtils.java:logGet(46)) - raft.server.log.force.sync.num = 128 (default)
2023-03-17 00:25:06,057 [s2-impl-thread1] INFO  server.RaftServerConfigKeys (ConfUtils.java:logGet(46)) - raft.server.log.statemachine.data.sync = true (default)
2023-03-17 00:25:06,057 [s2-impl-thread1] INFO  server.RaftServerConfigKeys (ConfUtils.java:logGet(46)) - raft.server.log.statemachine.data.sync.timeout = 10s (default)
2023-03-17 00:25:06,057 [s2-impl-thread1] INFO  server.RaftServerConfigKeys (ConfUtils.java:logGet(46)) - raft.server.log.statemachine.data.sync.timeout.retry = -1 (default)
2023-03-17 00:25:06,057 [s2-impl-thread1] INFO  server.RaftServerConfigKeys (ConfUtils.java:logGet(46)) - raft.server.log.write.buffer.size = 64KB (=65536) (default)
2023-03-17 00:25:06,057 [s2-impl-thread1] INFO  server.RaftServerConfigKeys (ConfUtils.java:logGet(46)) - raft.server.log.appender.buffer.byte-limit = 4MB (=4194304) (default)
2023-03-17 00:25:06,057 [s2-impl-thread1] INFO  server.RaftServerConfigKeys (ConfUtils.java:logGet(46)) - raft.server.log.unsafe-flush.enabled = false (default)
2023-03-17 00:25:06,057 [s2-impl-thread1] INFO  server.RaftServerConfigKeys (ConfUtils.java:logGet(46)) - raft.server.log.async-flush.enabled = false (default)
2023-03-17 00:25:06,057 [s2-impl-thread1] INFO  server.RaftServerConfigKeys (ConfUtils.java:logGet(46)) - raft.server.log.statemachine.data.caching.enabled = false (default)
2023-03-17 00:25:06,058 [s2-impl-thread1] INFO  segmented.SegmentedRaftLogWorker (SegmentedRaftLogWorker.java:lambda$new$0(134)) - s2@group-2C0892D3738B-SegmentedRaftLogWorker: flushIndex: setUnconditionally 0 -> -1
2023-03-17 00:25:06,058 [s2-impl-thread1] INFO  segmented.SegmentedRaftLogWorker (SegmentedRaftLogWorker.java:lambda$new$0(134)) - s2@group-2C0892D3738B-SegmentedRaftLogWorker: safeCacheEvictIndex: setUnconditionally 0 -> -1
2023-03-17 00:25:06,058 [s2-impl-thread1] INFO  server.RaftServer$Division (RaftServerImpl.java:start(342)) - s2@group-2C0892D3738B: start as a follower, conf=-1: peers:[s0|rpc:localhost:34357|admin:localhost:42739|client:localhost:33183|dataStream:localhost:40849|priority:0|startupRole:FOLLOWER, s1|rpc:localhost:35345|admin:localhost:41867|client:localhost:44485|dataStream:localhost:35841|priority:0|startupRole:FOLLOWER, s2|rpc:localhost:42741|admin:localhost:41355|client:localhost:36083|dataStream:localhost:36747|priority:0|startupRole:FOLLOWER]|listeners:[], old=null
2023-03-17 00:25:06,058 [s2-impl-thread1] INFO  server.RaftServer$Division (RaftServerImpl.java:setRole(329)) - s2@group-2C0892D3738B: changes role from      null to FOLLOWER at term 0 for startAsFollower
2023-03-17 00:25:06,058 [s2-impl-thread1] INFO  impl.RoleInfo (RoleInfo.java:updateAndGet(139)) - s2: start s2@group-2C0892D3738B-FollowerState
2023-03-17 00:25:06,058 [s2-impl-thread1] INFO  util.JmxRegister (JmxRegister.java:tryRegister(44)) - Successfully registered JMX Bean with object name Ratis:service=RaftServer,group=group-2C0892D3738B,id=s2
2023-03-17 00:25:06,058 [s2-impl-thread1] INFO  server.RaftServerConfigKeys (ConfUtils.java:logGet(46)) - raft.server.snapshot.auto.trigger.enabled = false (default)
2023-03-17 00:25:06,058 [s2-impl-thread1] INFO  server.RaftServerConfigKeys (ConfUtils.java:logGet(46)) - raft.server.snapshot.retention.file.num = -1 (default)
2023-03-17 00:25:06,058 [s2-impl-thread1] INFO  server.RaftServerConfigKeys (ConfUtils.java:logGet(46)) - raft.server.log.purge.upto.snapshot.index = false (default)
2023-03-17 00:25:06,058 [Time-limited test] INFO  server.RaftServer (RaftServerProxy.java:startImpl(401)) - s2: start RPC server
2023-03-17 00:25:06,059 [Time-limited test] INFO  server.GrpcService (GrpcService.java:startImpl(302)) - s2: GrpcService started, listening on 36083
2023-03-17 00:25:06,059 [Time-limited test] INFO  server.GrpcService (GrpcService.java:startImpl(302)) - s2: GrpcService started, listening on 42741
2023-03-17 00:25:06,059 [Time-limited test] INFO  server.GrpcService (GrpcService.java:startImpl(302)) - s2: GrpcService started, listening on 41355
2023-03-17 00:25:06,059 [s2@group-2C0892D3738B-FollowerState] INFO  server.RaftServerConfigKeys (ConfUtils.java:logFallback(53)) - raft.server.rpc.first-election.timeout.min = 150ms (fallback to raft.server.rpc.timeout.min)
2023-03-17 00:25:06,059 [s2@group-2C0892D3738B-FollowerState] INFO  server.RaftServerConfigKeys (ConfUtils.java:logFallback(53)) - raft.server.rpc.first-election.timeout.max = 300ms (fallback to raft.server.rpc.timeout.max)
2023-03-17 00:25:06,059 [JvmPauseMonitor66] INFO  util.JvmPauseMonitor (JvmPauseMonitor.java:run(103)) - JvmPauseMonitor-s2: Started
2023-03-17 00:25:06,060 [Time-limited test] INFO  server.RaftServerConfigKeys (ConfUtils.java:logGet(46)) - raft.server.rpc.timeout.max = 300ms (default)
2023-03-17 00:25:06,060 [Time-limited test] INFO  ratis.RaftTestUtil (RaftTestUtil.java:waitForLeader(100)) - printing ALL groups
  s0:  RUNNING  FOLLOWER s0@group-2C0892D3738B:t0, leader=null, voted=, raftlog=Memoized:s0@group-2C0892D3738B-SegmentedRaftLog:OPENED:c-1, conf=-1: peers:[s0|rpc:localhost:34357|admin:localhost:42739|client:localhost:33183|dataStream:localhost:40849|priority:0|startupRole:FOLLOWER, s1|rpc:localhost:35345|admin:localhost:41867|client:localhost:44485|dataStream:localhost:35841|priority:0|startupRole:FOLLOWER, s2|rpc:localhost:42741|admin:localhost:41355|client:localhost:36083|dataStream:localhost:36747|priority:0|startupRole:FOLLOWER]|listeners:[], old=null RUNNING
  s1:  RUNNING  FOLLOWER s1@group-2C0892D3738B:t0, leader=null, voted=, raftlog=Memoized:s1@group-2C0892D3738B-SegmentedRaftLog:OPENED:c-1, conf=-1: peers:[s0|rpc:localhost:34357|admin:localhost:42739|client:localhost:33183|dataStream:localhost:40849|priority:0|startupRole:FOLLOWER, s1|rpc:localhost:35345|admin:localhost:41867|client:localhost:44485|dataStream:localhost:35841|priority:0|startupRole:FOLLOWER, s2|rpc:localhost:42741|admin:localhost:41355|client:localhost:36083|dataStream:localhost:36747|priority:0|startupRole:FOLLOWER]|listeners:[], old=null RUNNING
  s2:  RUNNING  FOLLOWER s2@group-2C0892D3738B:t0, leader=null, voted=, raftlog=Memoized:s2@group-2C0892D3738B-SegmentedRaftLog:OPENED:c-1, conf=-1: peers:[s0|rpc:localhost:34357|admin:localhost:42739|client:localhost:33183|dataStream:localhost:40849|priority:0|startupRole:FOLLOWER, s1|rpc:localhost:35345|admin:localhost:41867|client:localhost:44485|dataStream:localhost:35841|priority:0|startupRole:FOLLOWER, s2|rpc:localhost:42741|admin:localhost:41355|client:localhost:36083|dataStream:localhost:36747|priority:0|startupRole:FOLLOWER]|listeners:[], old=null RUNNING
2023-03-17 00:25:06,060 [Time-limited test] WARN  ratis.RaftTestUtil (JavaUtils.java:attempt(217)) - FAILED "waitForLeader-null-(expectLeader? true)", attempt #1/100: java.lang.IllegalStateException: No leader yet : printing ALL groups
  s0:  RUNNING  FOLLOWER s0@group-2C0892D3738B:t0, leader=null, voted=, raftlog=Memoized:s0@group-2C0892D3738B-SegmentedRaftLog:OPENED:c-1, conf=-1: peers:[s0|rpc:localhost:34357|admin:localhost:42739|client:localhost:33183|dataStream:localhost:40849|priority:0|startupRole:FOLLOWER, s1|rpc:localhost:35345|admin:localhost:41867|client:localhost:44485|dataStream:localhost:35841|priority:0|startupRole:FOLLOWER, s2|rpc:localhost:42741|admin:localhost:41355|client:localhost:36083|dataStream:localhost:36747|priority:0|startupRole:FOLLOWER]|listeners:[], old=null RUNNING
  s1:  RUNNING  FOLLOWER s1@group-2C0892D3738B:t0, leader=null, voted=, raftlog=Memoized:s1@group-2C0892D3738B-SegmentedRaftLog:OPENED:c-1, conf=-1: peers:[s0|rpc:localhost:34357|admin:localhost:42739|client:localhost:33183|dataStream:localhost:40849|priority:0|startupRole:FOLLOWER, s1|rpc:localhost:35345|admin:localhost:41867|client:localhost:44485|dataStream:localhost:35841|priority:0|startupRole:FOLLOWER, s2|rpc:localhost:42741|admin:localhost:41355|client:localhost:36083|dataStream:localhost:36747|priority:0|startupRole:FOLLOWER]|listeners:[], old=null RUNNING
  s2:  RUNNING  FOLLOWER s2@group-2C0892D3738B:t0, leader=null, voted=, raftlog=Memoized:s2@group-2C0892D3738B-SegmentedRaftLog:OPENED:c-1, conf=-1: peers:[s0|rpc:localhost:34357|admin:localhost:42739|client:localhost:33183|dataStream:localhost:40849|priority:0|startupRole:FOLLOWER, s1|rpc:localhost:35345|admin:localhost:41867|client:localhost:44485|dataStream:localhost:35841|priority:0|startupRole:FOLLOWER, s2|rpc:localhost:42741|admin:localhost:41355|client:localhost:36083|dataStream:localhost:36747|priority:0|startupRole:FOLLOWER]|listeners:[], old=null RUNNING, sleep 450ms and then retry.
java.lang.IllegalStateException: No leader yet : printing ALL groups
  s0:  RUNNING  FOLLOWER s0@group-2C0892D3738B:t0, leader=null, voted=, raftlog=Memoized:s0@group-2C0892D3738B-SegmentedRaftLog:OPENED:c-1, conf=-1: peers:[s0|rpc:localhost:34357|admin:localhost:42739|client:localhost:33183|dataStream:localhost:40849|priority:0|startupRole:FOLLOWER, s1|rpc:localhost:35345|admin:localhost:41867|client:localhost:44485|dataStream:localhost:35841|priority:0|startupRole:FOLLOWER, s2|rpc:localhost:42741|admin:localhost:41355|client:localhost:36083|dataStream:localhost:36747|priority:0|startupRole:FOLLOWER]|listeners:[], old=null RUNNING
  s1:  RUNNING  FOLLOWER s1@group-2C0892D3738B:t0, leader=null, voted=, raftlog=Memoized:s1@group-2C0892D3738B-SegmentedRaftLog:OPENED:c-1, conf=-1: peers:[s0|rpc:localhost:34357|admin:localhost:42739|client:localhost:33183|dataStream:localhost:40849|priority:0|startupRole:FOLLOWER, s1|rpc:localhost:35345|admin:localhost:41867|client:localhost:44485|dataStream:localhost:35841|priority:0|startupRole:FOLLOWER, s2|rpc:localhost:42741|admin:localhost:41355|client:localhost:36083|dataStream:localhost:36747|priority:0|startupRole:FOLLOWER]|listeners:[], old=null RUNNING
  s2:  RUNNING  FOLLOWER s2@group-2C0892D3738B:t0, leader=null, voted=, raftlog=Memoized:s2@group-2C0892D3738B-SegmentedRaftLog:OPENED:c-1, conf=-1: peers:[s0|rpc:localhost:34357|admin:localhost:42739|client:localhost:33183|dataStream:localhost:40849|priority:0|startupRole:FOLLOWER, s1|rpc:localhost:35345|admin:localhost:41867|client:localhost:44485|dataStream:localhost:35841|priority:0|startupRole:FOLLOWER, s2|rpc:localhost:42741|admin:localhost:41355|client:localhost:36083|dataStream:localhost:36747|priority:0|startupRole:FOLLOWER]|listeners:[], old=null RUNNING
	at org.apache.ratis.server.impl.MiniRaftCluster.newIllegalStateExceptionForNoLeaders(MiniRaftCluster.java:581)
	at org.apache.ratis.RaftTestUtil.lambda$waitForLeader$1(RaftTestUtil.java:104)
	at org.apache.ratis.server.impl.MiniRaftCluster.getLeader(MiniRaftCluster.java:615)
	at org.apache.ratis.server.impl.MiniRaftCluster.getLeader(MiniRaftCluster.java:608)
	at org.apache.ratis.RaftTestUtil.lambda$waitForLeader$3(RaftTestUtil.java:112)
	at org.apache.ratis.util.JavaUtils.attempt(JavaUtils.java:211)
	at org.apache.ratis.util.JavaUtils.attemptRepeatedly(JavaUtils.java:197)
	at org.apache.ratis.RaftTestUtil.waitForLeader(RaftTestUtil.java:111)
	at org.apache.ratis.RaftTestUtil.waitForLeader(RaftTestUtil.java:92)
	at org.apache.ratis.RaftTestUtil.waitForLeader(RaftTestUtil.java:87)
	at org.apache.ratis.server.impl.RaftReconfigurationBaseTest.runTestReconfTimeout(RaftReconfigurationBaseTest.java:332)
	at org.apache.ratis.server.impl.MiniRaftCluster$Factory$Get.runWithNewCluster(MiniRaftCluster.java:141)
	at org.apache.ratis.server.impl.MiniRaftCluster$Factory$Get.runWithNewCluster(MiniRaftCluster.java:121)
	at org.apache.ratis.server.impl.RaftReconfigurationBaseTest.testReconfTimeout(RaftReconfigurationBaseTest.java:328)
	at java.base/jdk.internal.reflect.NativeMethodAccessorImpl.invoke0(Native Method)
	at java.base/jdk.internal.reflect.NativeMethodAccessorImpl.invoke(NativeMethodAccessorImpl.java:62)
	at java.base/jdk.internal.reflect.DelegatingMethodAccessorImpl.invoke(DelegatingMethodAccessorImpl.java:43)
	at java.base/java.lang.reflect.Method.invoke(Method.java:566)
	at org.junit.runners.model.FrameworkMethod$1.runReflectiveCall(FrameworkMethod.java:59)
	at org.junit.internal.runners.model.ReflectiveCallable.run(ReflectiveCallable.java:12)
	at org.junit.runners.model.FrameworkMethod.invokeExplosively(FrameworkMethod.java:56)
	at org.junit.internal.runners.statements.InvokeMethod.evaluate(InvokeMethod.java:17)
	at org.junit.internal.runners.statements.RunAfters.evaluate(RunAfters.java:27)
	at org.junit.internal.runners.statements.FailOnTimeout$CallableStatement.call(FailOnTimeout.java:299)
	at org.junit.internal.runners.statements.FailOnTimeout$CallableStatement.call(FailOnTimeout.java:293)
	at java.base/java.util.concurrent.FutureTask.run(FutureTask.java:264)
	at java.base/java.lang.Thread.run(Thread.java:829)
2023-03-17 00:25:06,246 [s1@group-2C0892D3738B-FollowerState] INFO  impl.FollowerState (FollowerState.java:run(143)) - s1@group-2C0892D3738B-FollowerState: change to CANDIDATE, lastRpcElapsedTime:194554681ns, electionTimeout:194ms
2023-03-17 00:25:06,246 [s1@group-2C0892D3738B-FollowerState] INFO  impl.RoleInfo (RoleInfo.java:shutdownFollowerState(110)) - s1: shutdown s1@group-2C0892D3738B-FollowerState
2023-03-17 00:25:06,246 [s1@group-2C0892D3738B-FollowerState] INFO  server.RaftServer$Division (RaftServerImpl.java:setRole(329)) - s1@group-2C0892D3738B: changes role from  FOLLOWER to CANDIDATE at term 0 for changeToCandidate
2023-03-17 00:25:06,246 [s1@group-2C0892D3738B-FollowerState] INFO  server.RaftServerConfigKeys (ConfUtils.java:logGet(46)) - raft.server.leaderelection.pre-vote = true (default)
2023-03-17 00:25:06,246 [s1@group-2C0892D3738B-FollowerState] INFO  impl.RoleInfo (RoleInfo.java:updateAndGet(139)) - s1: start s1@group-2C0892D3738B-LeaderElection47
2023-03-17 00:25:06,247 [s1@group-2C0892D3738B-LeaderElection47] INFO  impl.LeaderElection (LeaderElection.java:askForVotes(320)) - s1@group-2C0892D3738B-LeaderElection47 PRE_VOTE round 0: submit vote requests at term 0 for -1: peers:[s0|rpc:localhost:34357|admin:localhost:42739|client:localhost:33183|dataStream:localhost:40849|priority:0|startupRole:FOLLOWER, s1|rpc:localhost:35345|admin:localhost:41867|client:localhost:44485|dataStream:localhost:35841|priority:0|startupRole:FOLLOWER, s2|rpc:localhost:42741|admin:localhost:41355|client:localhost:36083|dataStream:localhost:36747|priority:0|startupRole:FOLLOWER]|listeners:[], old=null
2023-03-17 00:25:06,247 [s1@group-2C0892D3738B-LeaderElection47-1] INFO  server.GrpcServerProtocolClient (GrpcServerProtocolClient.java:<init>(64)) - Build channel for s0
2023-03-17 00:25:06,247 [s1@group-2C0892D3738B-LeaderElection47] INFO  server.RaftServerConfigKeys (ConfUtils.java:logFallback(53)) - raft.server.rpc.first-election.timeout.min = 150ms (fallback to raft.server.rpc.timeout.min)
2023-03-17 00:25:06,247 [s1@group-2C0892D3738B-LeaderElection47] INFO  server.RaftServerConfigKeys (ConfUtils.java:logFallback(53)) - raft.server.rpc.first-election.timeout.max = 300ms (fallback to raft.server.rpc.timeout.max)
2023-03-17 00:25:06,247 [s1@group-2C0892D3738B-LeaderElection47-2] INFO  server.GrpcServerProtocolClient (GrpcServerProtocolClient.java:<init>(64)) - Build channel for s2
2023-03-17 00:25:06,252 [grpc-default-executor-8] INFO  server.RaftServer$Division (RaftServerImpl.java:requestVote(1303)) - s2@group-2C0892D3738B: receive requestVote(PRE_VOTE, s1, group-2C0892D3738B, 0, (t:0, i:0))
2023-03-17 00:25:06,252 [grpc-default-executor-8] INFO  impl.VoteContext (VoteContext.java:log(49)) - s2@group-2C0892D3738B-FOLLOWER: accept PRE_VOTE from s1: our priority 0 <= candidate's priority 0
2023-03-17 00:25:06,252 [grpc-default-executor-8] INFO  server.RaftServer$Division (RaftServerImpl.java:requestVote(1336)) - s2@group-2C0892D3738B replies to PRE_VOTE vote request: s1<-s2#0:OK-t0. Peer's state: s2@group-2C0892D3738B:t0, leader=null, voted=, raftlog=Memoized:s2@group-2C0892D3738B-SegmentedRaftLog:OPENED:c-1, conf=-1: peers:[s0|rpc:localhost:34357|admin:localhost:42739|client:localhost:33183|dataStream:localhost:40849|priority:0|startupRole:FOLLOWER, s1|rpc:localhost:35345|admin:localhost:41867|client:localhost:44485|dataStream:localhost:35841|priority:0|startupRole:FOLLOWER, s2|rpc:localhost:42741|admin:localhost:41355|client:localhost:36083|dataStream:localhost:36747|priority:0|startupRole:FOLLOWER]|listeners:[], old=null
2023-03-17 00:25:06,252 [grpc-default-executor-9] INFO  server.RaftServer$Division (RaftServerImpl.java:requestVote(1303)) - s0@group-2C0892D3738B: receive requestVote(PRE_VOTE, s1, group-2C0892D3738B, 0, (t:0, i:0))
2023-03-17 00:25:06,252 [grpc-default-executor-9] INFO  impl.VoteContext (VoteContext.java:log(49)) - s0@group-2C0892D3738B-FOLLOWER: accept PRE_VOTE from s1: our priority 0 <= candidate's priority 0
2023-03-17 00:25:06,252 [grpc-default-executor-9] INFO  server.RaftServer$Division (RaftServerImpl.java:requestVote(1336)) - s0@group-2C0892D3738B replies to PRE_VOTE vote request: s1<-s0#0:OK-t0. Peer's state: s0@group-2C0892D3738B:t0, leader=null, voted=, raftlog=Memoized:s0@group-2C0892D3738B-SegmentedRaftLog:OPENED:c-1, conf=-1: peers:[s0|rpc:localhost:34357|admin:localhost:42739|client:localhost:33183|dataStream:localhost:40849|priority:0|startupRole:FOLLOWER, s1|rpc:localhost:35345|admin:localhost:41867|client:localhost:44485|dataStream:localhost:35841|priority:0|startupRole:FOLLOWER, s2|rpc:localhost:42741|admin:localhost:41355|client:localhost:36083|dataStream:localhost:36747|priority:0|startupRole:FOLLOWER]|listeners:[], old=null
2023-03-17 00:25:06,253 [s1@group-2C0892D3738B-LeaderElection47] INFO  impl.LeaderElection (LeaderElection.java:logAndReturn(89)) - s1@group-2C0892D3738B-LeaderElection47: PRE_VOTE PASSED received 1 response(s) and 0 exception(s):
2023-03-17 00:25:06,253 [s1@group-2C0892D3738B-LeaderElection47] INFO  impl.LeaderElection (LeaderElection.java:logAndReturn(93)) -   Response 0: s1<-s2#0:OK-t0
2023-03-17 00:25:06,253 [s1@group-2C0892D3738B-LeaderElection47] INFO  impl.LeaderElection (LeaderElection.java:askForVotes(322)) - s1@group-2C0892D3738B-LeaderElection47 PRE_VOTE round 0: result PASSED
2023-03-17 00:25:06,255 [s1@group-2C0892D3738B-LeaderElection47] INFO  impl.LeaderElection (LeaderElection.java:askForVotes(320)) - s1@group-2C0892D3738B-LeaderElection47 ELECTION round 0: submit vote requests at term 1 for -1: peers:[s0|rpc:localhost:34357|admin:localhost:42739|client:localhost:33183|dataStream:localhost:40849|priority:0|startupRole:FOLLOWER, s1|rpc:localhost:35345|admin:localhost:41867|client:localhost:44485|dataStream:localhost:35841|priority:0|startupRole:FOLLOWER, s2|rpc:localhost:42741|admin:localhost:41355|client:localhost:36083|dataStream:localhost:36747|priority:0|startupRole:FOLLOWER]|listeners:[], old=null
2023-03-17 00:25:06,255 [s1@group-2C0892D3738B-LeaderElection47] INFO  server.RaftServerConfigKeys (ConfUtils.java:logFallback(53)) - raft.server.rpc.first-election.timeout.min = 150ms (fallback to raft.server.rpc.timeout.min)
2023-03-17 00:25:06,255 [s1@group-2C0892D3738B-LeaderElection47] INFO  server.RaftServerConfigKeys (ConfUtils.java:logFallback(53)) - raft.server.rpc.first-election.timeout.max = 300ms (fallback to raft.server.rpc.timeout.max)
2023-03-17 00:25:06,255 [grpc-default-executor-9] INFO  server.RaftServer$Division (RaftServerImpl.java:requestVote(1303)) - s0@group-2C0892D3738B: receive requestVote(ELECTION, s1, group-2C0892D3738B, 1, (t:0, i:0))
2023-03-17 00:25:06,256 [grpc-default-executor-9] INFO  impl.VoteContext (VoteContext.java:log(49)) - s0@group-2C0892D3738B-FOLLOWER: accept ELECTION from s1: our priority 0 <= candidate's priority 0
2023-03-17 00:25:06,256 [grpc-default-executor-9] INFO  server.RaftServer$Division (RaftServerImpl.java:setRole(329)) - s0@group-2C0892D3738B: changes role from  FOLLOWER to FOLLOWER at term 1 for candidate:s1
2023-03-17 00:25:06,256 [grpc-default-executor-9] INFO  impl.RoleInfo (RoleInfo.java:shutdownFollowerState(110)) - s0: shutdown s0@group-2C0892D3738B-FollowerState
2023-03-17 00:25:06,256 [grpc-default-executor-9] INFO  impl.RoleInfo (RoleInfo.java:updateAndGet(139)) - s0: start s0@group-2C0892D3738B-FollowerState
2023-03-17 00:25:06,256 [s0@group-2C0892D3738B-FollowerState] INFO  impl.FollowerState (FollowerState.java:run(152)) - s0@group-2C0892D3738B-FollowerState was interrupted
2023-03-17 00:25:06,256 [grpc-default-executor-8] INFO  server.RaftServer$Division (RaftServerImpl.java:requestVote(1303)) - s2@group-2C0892D3738B: receive requestVote(ELECTION, s1, group-2C0892D3738B, 1, (t:0, i:0))
2023-03-17 00:25:06,256 [grpc-default-executor-8] INFO  impl.VoteContext (VoteContext.java:log(49)) - s2@group-2C0892D3738B-FOLLOWER: accept ELECTION from s1: our priority 0 <= candidate's priority 0
2023-03-17 00:25:06,256 [grpc-default-executor-8] INFO  server.RaftServer$Division (RaftServerImpl.java:setRole(329)) - s2@group-2C0892D3738B: changes role from  FOLLOWER to FOLLOWER at term 1 for candidate:s1
2023-03-17 00:25:06,256 [grpc-default-executor-8] INFO  impl.RoleInfo (RoleInfo.java:shutdownFollowerState(110)) - s2: shutdown s2@group-2C0892D3738B-FollowerState
2023-03-17 00:25:06,256 [grpc-default-executor-8] INFO  impl.RoleInfo (RoleInfo.java:updateAndGet(139)) - s2: start s2@group-2C0892D3738B-FollowerState
2023-03-17 00:25:06,256 [s2@group-2C0892D3738B-FollowerState] INFO  impl.FollowerState (FollowerState.java:run(152)) - s2@group-2C0892D3738B-FollowerState was interrupted
2023-03-17 00:25:06,257 [s0@group-2C0892D3738B-FollowerState] INFO  server.RaftServerConfigKeys (ConfUtils.java:logFallback(53)) - raft.server.rpc.first-election.timeout.min = 150ms (fallback to raft.server.rpc.timeout.min)
2023-03-17 00:25:06,257 [s0@group-2C0892D3738B-FollowerState] INFO  server.RaftServerConfigKeys (ConfUtils.java:logFallback(53)) - raft.server.rpc.first-election.timeout.max = 300ms (fallback to raft.server.rpc.timeout.max)
2023-03-17 00:25:06,257 [s2@group-2C0892D3738B-FollowerState] INFO  server.RaftServerConfigKeys (ConfUtils.java:logFallback(53)) - raft.server.rpc.first-election.timeout.min = 150ms (fallback to raft.server.rpc.timeout.min)
2023-03-17 00:25:06,258 [grpc-default-executor-9] INFO  server.RaftServer$Division (RaftServerImpl.java:requestVote(1336)) - s0@group-2C0892D3738B replies to ELECTION vote request: s1<-s0#0:OK-t1. Peer's state: s0@group-2C0892D3738B:t1, leader=null, voted=s1, raftlog=Memoized:s0@group-2C0892D3738B-SegmentedRaftLog:OPENED:c-1, conf=-1: peers:[s0|rpc:localhost:34357|admin:localhost:42739|client:localhost:33183|dataStream:localhost:40849|priority:0|startupRole:FOLLOWER, s1|rpc:localhost:35345|admin:localhost:41867|client:localhost:44485|dataStream:localhost:35841|priority:0|startupRole:FOLLOWER, s2|rpc:localhost:42741|admin:localhost:41355|client:localhost:36083|dataStream:localhost:36747|priority:0|startupRole:FOLLOWER]|listeners:[], old=null
2023-03-17 00:25:06,258 [grpc-default-executor-8] INFO  server.RaftServer$Division (RaftServerImpl.java:requestVote(1336)) - s2@group-2C0892D3738B replies to ELECTION vote request: s1<-s2#0:OK-t1. Peer's state: s2@group-2C0892D3738B:t1, leader=null, voted=s1, raftlog=Memoized:s2@group-2C0892D3738B-SegmentedRaftLog:OPENED:c-1, conf=-1: peers:[s0|rpc:localhost:34357|admin:localhost:42739|client:localhost:33183|dataStream:localhost:40849|priority:0|startupRole:FOLLOWER, s1|rpc:localhost:35345|admin:localhost:41867|client:localhost:44485|dataStream:localhost:35841|priority:0|startupRole:FOLLOWER, s2|rpc:localhost:42741|admin:localhost:41355|client:localhost:36083|dataStream:localhost:36747|priority:0|startupRole:FOLLOWER]|listeners:[], old=null
2023-03-17 00:25:06,258 [s1@group-2C0892D3738B-LeaderElection47] INFO  impl.LeaderElection (LeaderElection.java:logAndReturn(89)) - s1@group-2C0892D3738B-LeaderElection47: ELECTION PASSED received 1 response(s) and 0 exception(s):
2023-03-17 00:25:06,259 [s1@group-2C0892D3738B-LeaderElection47] INFO  impl.LeaderElection (LeaderElection.java:logAndReturn(93)) -   Response 0: s1<-s0#0:OK-t1
2023-03-17 00:25:06,259 [s1@group-2C0892D3738B-LeaderElection47] INFO  impl.LeaderElection (LeaderElection.java:askForVotes(322)) - s1@group-2C0892D3738B-LeaderElection47 ELECTION round 0: result PASSED
2023-03-17 00:25:06,259 [s1@group-2C0892D3738B-LeaderElection47] INFO  impl.RoleInfo (RoleInfo.java:shutdownLeaderElection(130)) - s1: shutdown s1@group-2C0892D3738B-LeaderElection47
2023-03-17 00:25:06,259 [s1@group-2C0892D3738B-LeaderElection47] INFO  server.RaftServer$Division (RaftServerImpl.java:setRole(329)) - s1@group-2C0892D3738B: changes role from CANDIDATE to LEADER at term 1 for changeToLeader
2023-03-17 00:25:06,259 [s1@group-2C0892D3738B-LeaderElection47] INFO  server.RaftServer$Division (ServerState.java:setLeader(260)) - s1@group-2C0892D3738B: change Leader from null to s1 at term 1 for becomeLeader, leader elected after 219ms
2023-03-17 00:25:06,259 [s1@group-2C0892D3738B-LeaderElection47] INFO  server.RaftServerConfigKeys (ConfUtils.java:logGet(46)) - raft.server.staging.catchup.gap = 10 (custom)
2023-03-17 00:25:06,259 [s1@group-2C0892D3738B-LeaderElection47] INFO  server.RaftServerConfigKeys (ConfUtils.java:logGet(46)) - raft.server.write.element-limit = 4096 (default)
2023-03-17 00:25:06,259 [s1@group-2C0892D3738B-LeaderElection47] INFO  server.RaftServerConfigKeys (ConfUtils.java:logGet(46)) - raft.server.write.byte-limit = 64MB (=67108864) (default)
2023-03-17 00:25:06,259 [s1@group-2C0892D3738B-LeaderElection47] INFO  server.RaftServerConfigKeys (ConfUtils.java:logGet(46)) - raft.server.watch.timeout = 10s (default)
2023-03-17 00:25:06,259 [s1@group-2C0892D3738B-LeaderElection47] INFO  server.RaftServerConfigKeys (ConfUtils.java:logGet(46)) - raft.server.watch.timeout.denomination = 1s (default)
2023-03-17 00:25:06,259 [s1@group-2C0892D3738B-LeaderElection47] INFO  server.RaftServerConfigKeys (ConfUtils.java:logGet(46)) - raft.server.watch.element-limit = 65536 (default)
2023-03-17 00:25:06,259 [s1@group-2C0892D3738B-LeaderElection47] INFO  server.RaftServerConfigKeys (ConfUtils.java:logGet(46)) - raft.server.write.element-limit = 4096 (default)
2023-03-17 00:25:06,259 [s1@group-2C0892D3738B-LeaderElection47] INFO  server.RaftServerConfigKeys (ConfUtils.java:logGet(46)) - raft.server.write.follower.gap.ratio.max = -1.0 (default)
2023-03-17 00:25:06,259 [s1@group-2C0892D3738B-LeaderElection47] INFO  server.RaftServerConfigKeys (ConfUtils.java:logGet(46)) - raft.server.log.appender.snapshot.chunk.size.max = 16MB (=16777216) (default)
2023-03-17 00:25:06,259 [s1@group-2C0892D3738B-LeaderElection47] INFO  server.RaftServerConfigKeys (ConfUtils.java:logGet(46)) - raft.server.log.appender.buffer.byte-limit = 4MB (=4194304) (default)
2023-03-17 00:25:06,259 [s1@group-2C0892D3738B-LeaderElection47] INFO  server.RaftServerConfigKeys (ConfUtils.java:logGet(46)) - raft.server.log.appender.buffer.element-limit = 0 (default)
2023-03-17 00:25:06,259 [s1@group-2C0892D3738B-LeaderElection47] INFO  server.RaftServerConfigKeys (ConfUtils.java:logGet(46)) - raft.server.log.appender.wait-time.min = 10ms (default)
2023-03-17 00:25:06,259 [s1@group-2C0892D3738B-LeaderElection47] INFO  grpc.GrpcConfigKeys (ConfUtils.java:logGet(46)) - raft.grpc.server.leader.outstanding.appends.max = 128 (default)
2023-03-17 00:25:06,259 [s1@group-2C0892D3738B-LeaderElection47] INFO  server.RaftServerConfigKeys (ConfUtils.java:logGet(46)) - raft.server.rpc.request.timeout = 3000ms (default)
2023-03-17 00:25:06,259 [s1@group-2C0892D3738B-LeaderElection47] INFO  grpc.GrpcConfigKeys (ConfUtils.java:logGet(46)) - raft.grpc.server.install_snapshot.request.element-limit = 8 (default)
2023-03-17 00:25:06,259 [s1@group-2C0892D3738B-LeaderElection47] INFO  grpc.GrpcConfigKeys (ConfUtils.java:logGet(46)) - raft.grpc.server.install_snapshot.request.timeout = 3000ms (default)
2023-03-17 00:25:06,259 [s1@group-2C0892D3738B-LeaderElection47] INFO  server.RaftServerConfigKeys (ConfUtils.java:logGet(46)) - raft.server.log.appender.install.snapshot.enabled = true (default)
2023-03-17 00:25:06,259 [s1@group-2C0892D3738B-LeaderElection47] INFO  grpc.GrpcConfigKeys (ConfUtils.java:logGet(46)) - raft.grpc.server.heartbeat.channel = true (default)
2023-03-17 00:25:06,260 [s1@group-2C0892D3738B-LeaderElection47] INFO  server.RaftServerConfigKeys (ConfUtils.java:logGet(46)) - raft.server.log.appender.snapshot.chunk.size.max = 16MB (=16777216) (default)
2023-03-17 00:25:06,260 [s1@group-2C0892D3738B-LeaderElection47] INFO  server.RaftServerConfigKeys (ConfUtils.java:logGet(46)) - raft.server.log.appender.buffer.byte-limit = 4MB (=4194304) (default)
2023-03-17 00:25:06,260 [s1@group-2C0892D3738B-LeaderElection47] INFO  server.RaftServerConfigKeys (ConfUtils.java:logGet(46)) - raft.server.log.appender.buffer.element-limit = 0 (default)
2023-03-17 00:25:06,260 [s1@group-2C0892D3738B-LeaderElection47] INFO  server.RaftServerConfigKeys (ConfUtils.java:logGet(46)) - raft.server.log.appender.wait-time.min = 10ms (default)
2023-03-17 00:25:06,260 [s1@group-2C0892D3738B-LeaderElection47] INFO  grpc.GrpcConfigKeys (ConfUtils.java:logGet(46)) - raft.grpc.server.leader.outstanding.appends.max = 128 (default)
2023-03-17 00:25:06,260 [s1@group-2C0892D3738B-LeaderElection47] INFO  server.RaftServerConfigKeys (ConfUtils.java:logGet(46)) - raft.server.rpc.request.timeout = 3000ms (default)
2023-03-17 00:25:06,260 [s1@group-2C0892D3738B-LeaderElection47] INFO  grpc.GrpcConfigKeys (ConfUtils.java:logGet(46)) - raft.grpc.server.install_snapshot.request.element-limit = 8 (default)
2023-03-17 00:25:06,260 [s1@group-2C0892D3738B-LeaderElection47] INFO  grpc.GrpcConfigKeys (ConfUtils.java:logGet(46)) - raft.grpc.server.install_snapshot.request.timeout = 3000ms (default)
2023-03-17 00:25:06,260 [s1@group-2C0892D3738B-LeaderElection47] INFO  server.RaftServerConfigKeys (ConfUtils.java:logGet(46)) - raft.server.log.appender.install.snapshot.enabled = true (default)
2023-03-17 00:25:06,260 [s1@group-2C0892D3738B-LeaderElection47] INFO  grpc.GrpcConfigKeys (ConfUtils.java:logGet(46)) - raft.grpc.server.heartbeat.channel = true (default)
2023-03-17 00:25:06,260 [s1@group-2C0892D3738B-LeaderElection47] INFO  impl.RoleInfo (RoleInfo.java:updateAndGet(139)) - s1: start s1@group-2C0892D3738B-LeaderStateImpl
2023-03-17 00:25:06,260 [s1@group-2C0892D3738B-LeaderElection47] INFO  segmented.SegmentedRaftLogWorker (SegmentedRaftLogWorker.java:startLogSegment(426)) - s1@group-2C0892D3738B-SegmentedRaftLogWorker: Starting segment from index:0
2023-03-17 00:25:06,263 [s2@group-2C0892D3738B-FollowerState] INFO  server.RaftServerConfigKeys (ConfUtils.java:logFallback(53)) - raft.server.rpc.first-election.timeout.max = 300ms (fallback to raft.server.rpc.timeout.max)
2023-03-17 00:25:06,266 [s1@group-2C0892D3738B-LeaderElection47] INFO  server.RaftServer$Division (ServerState.java:setRaftConf(378)) - s1@group-2C0892D3738B: set configuration 0: peers:[s0|rpc:localhost:34357|admin:localhost:42739|client:localhost:33183|dataStream:localhost:40849|priority:0|startupRole:FOLLOWER, s1|rpc:localhost:35345|admin:localhost:41867|client:localhost:44485|dataStream:localhost:35841|priority:0|startupRole:FOLLOWER, s2|rpc:localhost:42741|admin:localhost:41355|client:localhost:36083|dataStream:localhost:36747|priority:0|startupRole:FOLLOWER]|listeners:[], old=null
2023-03-17 00:25:06,268 [s0-server-thread1] INFO  server.RaftServer$Division (ServerState.java:setLeader(260)) - s0@group-2C0892D3738B: change Leader from null to s1 at term 1 for appendEntries, leader elected after 233ms
2023-03-17 00:25:06,271 [s2-server-thread1] INFO  server.RaftServer$Division (ServerState.java:setLeader(260)) - s2@group-2C0892D3738B: change Leader from null to s1 at term 1 for appendEntries, leader elected after 230ms
2023-03-17 00:25:06,273 [s1@group-2C0892D3738B-SegmentedRaftLogWorker] INFO  segmented.SegmentedRaftLogWorker (SegmentedRaftLogWorker.java:execute(630)) - s1@group-2C0892D3738B-SegmentedRaftLogWorker: created new log segment /home/runner/work/ratis/ratis/ratis-test/target/test/data/ce6527c6/MiniRaftClusterWithGrpc107fc027/s1/0580c27f-a0d6-41f9-b179-2c0892d3738b/current/log_inprogress_0
2023-03-17 00:25:06,277 [s2-server-thread2] DEBUG server.RaftServer$Division (RaftServerImpl.java:logAppendEntries(1430)) - s2@group-2C0892D3738B: receive appendEntries(s1, 1, null, -1, true, commits:[s1:c-1, s0:c-1, s2:c-1], cId:1, entries: [(t:1, i:0), CONFIGURATIONENTRY(current:id: "s0"
address: "localhost:34357"
dataStreamAddress: "localhost:40849"
clientAddress: "localhost:33183"
adminAddress: "localhost:42739"
startupRole: FOLLOWER
,id: "s1"
address: "localhost:35345"
dataStreamAddress: "localhost:35841"
clientAddress: "localhost:44485"
adminAddress: "localhost:41867"
startupRole: FOLLOWER
,id: "s2"
address: "localhost:42741"
dataStreamAddress: "localhost:36747"
clientAddress: "localhost:36083"
adminAddress: "localhost:41355"
startupRole: FOLLOWER
, old:)]
2023-03-17 00:25:06,278 [s2-server-thread2] INFO  server.RaftServer$Division (ServerState.java:setRaftConf(378)) - s2@group-2C0892D3738B: set configuration 0: peers:[s0|rpc:localhost:34357|admin:localhost:42739|client:localhost:33183|dataStream:localhost:40849|priority:0|startupRole:FOLLOWER, s1|rpc:localhost:35345|admin:localhost:41867|client:localhost:44485|dataStream:localhost:35841|priority:0|startupRole:FOLLOWER, s2|rpc:localhost:42741|admin:localhost:41355|client:localhost:36083|dataStream:localhost:36747|priority:0|startupRole:FOLLOWER]|listeners:[], old=null
2023-03-17 00:25:06,278 [s2-server-thread2] INFO  segmented.SegmentedRaftLogWorker (SegmentedRaftLogWorker.java:startLogSegment(426)) - s2@group-2C0892D3738B-SegmentedRaftLogWorker: Starting segment from index:0
2023-03-17 00:25:06,278 [s0-server-thread2] DEBUG server.RaftServer$Division (RaftServerImpl.java:logAppendEntries(1430)) - s0@group-2C0892D3738B: receive appendEntries(s1, 1, null, -1, true, commits:[s1:c-1, s0:c-1, s2:c-1], cId:1, entries: [(t:1, i:0), CONFIGURATIONENTRY(current:id: "s0"
address: "localhost:34357"
dataStreamAddress: "localhost:40849"
clientAddress: "localhost:33183"
adminAddress: "localhost:42739"
startupRole: FOLLOWER
,id: "s1"
address: "localhost:35345"
dataStreamAddress: "localhost:35841"
clientAddress: "localhost:44485"
adminAddress: "localhost:41867"
startupRole: FOLLOWER
,id: "s2"
address: "localhost:42741"
dataStreamAddress: "localhost:36747"
clientAddress: "localhost:36083"
adminAddress: "localhost:41355"
startupRole: FOLLOWER
, old:)]
2023-03-17 00:25:06,278 [s0-server-thread2] INFO  server.RaftServer$Division (ServerState.java:setRaftConf(378)) - s0@group-2C0892D3738B: set configuration 0: peers:[s0|rpc:localhost:34357|admin:localhost:42739|client:localhost:33183|dataStream:localhost:40849|priority:0|startupRole:FOLLOWER, s1|rpc:localhost:35345|admin:localhost:41867|client:localhost:44485|dataStream:localhost:35841|priority:0|startupRole:FOLLOWER, s2|rpc:localhost:42741|admin:localhost:41355|client:localhost:36083|dataStream:localhost:36747|priority:0|startupRole:FOLLOWER]|listeners:[], old=null
2023-03-17 00:25:06,278 [s0-server-thread2] INFO  segmented.SegmentedRaftLogWorker (SegmentedRaftLogWorker.java:startLogSegment(426)) - s0@group-2C0892D3738B-SegmentedRaftLogWorker: Starting segment from index:0
2023-03-17 00:25:06,292 [s2@group-2C0892D3738B-SegmentedRaftLogWorker] INFO  segmented.SegmentedRaftLogWorker (SegmentedRaftLogWorker.java:execute(630)) - s2@group-2C0892D3738B-SegmentedRaftLogWorker: created new log segment /home/runner/work/ratis/ratis/ratis-test/target/test/data/ce6527c6/MiniRaftClusterWithGrpc107fc027/s2/0580c27f-a0d6-41f9-b179-2c0892d3738b/current/log_inprogress_0
2023-03-17 00:25:06,292 [s0@group-2C0892D3738B-SegmentedRaftLogWorker] INFO  segmented.SegmentedRaftLogWorker (SegmentedRaftLogWorker.java:execute(630)) - s0@group-2C0892D3738B-SegmentedRaftLogWorker: created new log segment /home/runner/work/ratis/ratis/ratis-test/target/test/data/ce6527c6/MiniRaftClusterWithGrpc107fc027/s0/0580c27f-a0d6-41f9-b179-2c0892d3738b/current/log_inprogress_0
2023-03-17 00:25:06,292 [s0-server-thread2] DEBUG server.RaftServer$Division (RaftServerImpl.java:logAppendEntries(1430)) - s0@group-2C0892D3738B: succeeded to handle AppendEntries. Reply: s1<-s0#1:OK-t1,SUCCESS,nextIndex=1,followerCommit=-1,matchIndex=0
2023-03-17 00:25:06,292 [s2-server-thread2] DEBUG server.RaftServer$Division (RaftServerImpl.java:logAppendEntries(1430)) - s2@group-2C0892D3738B: succeeded to handle AppendEntries. Reply: s1<-s2#1:OK-t1,SUCCESS,nextIndex=1,followerCommit=-1,matchIndex=0
2023-03-17 00:25:06,510 [Time-limited test] INFO  ratis.RaftTestUtil (RaftTestUtil.java:waitForLeader(119)) - printing ALL groups
  s0:  RUNNING  FOLLOWER s0@group-2C0892D3738B:t1, leader=s1, voted=s1, raftlog=Memoized:s0@group-2C0892D3738B-SegmentedRaftLog:OPENED:c0, conf=0: peers:[s0|rpc:localhost:34357|admin:localhost:42739|client:localhost:33183|dataStream:localhost:40849|priority:0|startupRole:FOLLOWER, s1|rpc:localhost:35345|admin:localhost:41867|client:localhost:44485|dataStream:localhost:35841|priority:0|startupRole:FOLLOWER, s2|rpc:localhost:42741|admin:localhost:41355|client:localhost:36083|dataStream:localhost:36747|priority:0|startupRole:FOLLOWER]|listeners:[], old=null RUNNING
  s1:  RUNNING    LEADER s1@group-2C0892D3738B:t1, leader=s1, voted=s1, raftlog=Memoized:s1@group-2C0892D3738B-SegmentedRaftLog:OPENED:c0, conf=0: peers:[s0|rpc:localhost:34357|admin:localhost:42739|client:localhost:33183|dataStream:localhost:40849|priority:0|startupRole:FOLLOWER, s1|rpc:localhost:35345|admin:localhost:41867|client:localhost:44485|dataStream:localhost:35841|priority:0|startupRole:FOLLOWER, s2|rpc:localhost:42741|admin:localhost:41355|client:localhost:36083|dataStream:localhost:36747|priority:0|startupRole:FOLLOWER]|listeners:[], old=null RUNNING
  s2:  RUNNING  FOLLOWER s2@group-2C0892D3738B:t1, leader=s1, voted=s1, raftlog=Memoized:s2@group-2C0892D3738B-SegmentedRaftLog:OPENED:c0, conf=0: peers:[s0|rpc:localhost:34357|admin:localhost:42739|client:localhost:33183|dataStream:localhost:40849|priority:0|startupRole:FOLLOWER, s1|rpc:localhost:35345|admin:localhost:41867|client:localhost:44485|dataStream:localhost:35841|priority:0|startupRole:FOLLOWER, s2|rpc:localhost:42741|admin:localhost:41355|client:localhost:36083|dataStream:localhost:36747|priority:0|startupRole:FOLLOWER]|listeners:[], old=null RUNNING
2023-03-17 00:25:06,511 [Time-limited test] INFO  impl.MiniRaftCluster (MiniRaftCluster.java:addNewPeers(464)) - Add new peers [s3, s4]
2023-03-17 00:25:06,511 [Time-limited test] INFO  impl.MiniRaftCluster (MiniRaftCluster.java:newRaftServer(382)) - newRaftServer: s3, group-2C0892D3738B:[s3|priority:0|startupRole:FOLLOWER, s4|priority:0|startupRole:FOLLOWER, s0|rpc:localhost:34357|admin:localhost:42739|client:localhost:33183|dataStream:localhost:40849|priority:0|startupRole:FOLLOWER, s1|rpc:localhost:35345|admin:localhost:41867|client:localhost:44485|dataStream:localhost:35841|priority:0|startupRole:FOLLOWER, s2|rpc:localhost:42741|admin:localhost:41355|client:localhost:36083|dataStream:localhost:36747|priority:0|startupRole:FOLLOWER], format? true
2023-03-17 00:25:06,511 [Time-limited test] TRACE util.FileUtils (FileUtils.java:deleteFully(201)) - deleteFully target/test/data/ce6527c6/MiniRaftClusterWithGrpc107fc027/s3
2023-03-17 00:25:06,511 [Time-limited test] TRACE util.FileUtils (FileUtils.java:deleteFully(217)) - deleteFully: target/test/data/ce6527c6/MiniRaftClusterWithGrpc107fc027/s3 does not exist.
2023-03-17 00:25:06,511 [Time-limited test] INFO  impl.MiniRaftCluster (MiniRaftCluster.java:newRaftServer(387)) - Formatted directory target/test/data/ce6527c6/MiniRaftClusterWithGrpc107fc027/s3
2023-03-17 00:25:06,511 [Time-limited test] INFO  server.RaftServer (ConfUtils.java:logGet(46)) - raft.rpc.type = GRPC (default)
2023-03-17 00:25:06,511 [Time-limited test] INFO  grpc.GrpcConfigKeys (ConfUtils.java:logFallback(53)) - raft.grpc.admin.host = null (fallback to raft.grpc.server.host)
2023-03-17 00:25:06,511 [Time-limited test] INFO  grpc.GrpcConfigKeys (ConfUtils.java:logFallback(53)) - raft.grpc.admin.port = 46675 (fallback to raft.grpc.server.port)
2023-03-17 00:25:06,512 [Time-limited test] INFO  grpc.GrpcConfigKeys (ConfUtils.java:logFallback(53)) - raft.grpc.client.host = null (fallback to raft.grpc.server.host)
2023-03-17 00:25:06,512 [Time-limited test] INFO  grpc.GrpcConfigKeys (ConfUtils.java:logFallback(53)) - raft.grpc.client.port = 46675 (fallback to raft.grpc.server.port)
2023-03-17 00:25:06,512 [Time-limited test] INFO  grpc.GrpcConfigKeys (ConfUtils.java:logGet(46)) - raft.grpc.server.host = null (default)
2023-03-17 00:25:06,512 [Time-limited test] INFO  grpc.GrpcConfigKeys (ConfUtils.java:logGet(46)) - raft.grpc.server.port = 46675 (custom)
2023-03-17 00:25:06,512 [Time-limited test] INFO  server.GrpcService (ConfUtils.java:logGet(46)) - raft.grpc.message.size.max = 64MB (=67108864) (default)
2023-03-17 00:25:06,512 [Time-limited test] INFO  server.RaftServerConfigKeys (ConfUtils.java:logGet(46)) - raft.server.log.appender.buffer.byte-limit = 4MB (=4194304) (default)
2023-03-17 00:25:06,512 [Time-limited test] INFO  server.GrpcService (ConfUtils.java:logGet(46)) - raft.grpc.flow.control.window = 1MB (=1048576) (default)
2023-03-17 00:25:06,512 [Time-limited test] INFO  server.RaftServerConfigKeys (ConfUtils.java:logGet(46)) - raft.server.rpc.request.timeout = 3000ms (default)
2023-03-17 00:25:06,512 [Time-limited test] INFO  grpc.GrpcConfigKeys (ConfUtils.java:logGet(46)) - raft.grpc.server.heartbeat.channel = true (default)
2023-03-17 00:25:06,512 [Time-limited test] INFO  grpc.GrpcConfigKeys (ConfUtils.java:logGet(46)) - raft.grpc.server.async.request.thread.pool.cached = true (default)
2023-03-17 00:25:06,512 [Time-limited test] INFO  grpc.GrpcConfigKeys (ConfUtils.java:logGet(46)) - raft.grpc.server.async.request.thread.pool.size = 32 (default)
2023-03-17 00:25:06,512 [Time-limited test] INFO  impl.DataStreamServerImpl (ConfUtils.java:logGet(46)) - raft.datastream.type = DISABLED (default)
2023-03-17 00:25:06,512 [Time-limited test] INFO  server.RaftServerConfigKeys (ConfUtils.java:logGet(46)) - raft.server.threadpool.proxy.cached = true (default)
2023-03-17 00:25:06,513 [Time-limited test] INFO  server.RaftServerConfigKeys (ConfUtils.java:logGet(46)) - raft.server.threadpool.proxy.size = 0 (default)
2023-03-17 00:25:06,513 [Time-limited test] INFO  server.RaftServerConfigKeys (ConfUtils.java:logGet(46)) - raft.server.rpc.slowness.timeout = 60s (default)
2023-03-17 00:25:06,513 [Time-limited test] INFO  server.RaftServerConfigKeys (ConfUtils.java:logGet(46)) - raft.server.leaderelection.leader.step-down.wait-time = 10s (default)
2023-03-17 00:25:06,513 [Time-limited test] INFO  server.RaftServerConfigKeys (ConfUtils.java:logGet(46)) - raft.server.storage.dir = [/home/runner/work/ratis/ratis/ratis-test/target/test/data/ce6527c6/MiniRaftClusterWithGrpc107fc027/s3] (custom)
2023-03-17 00:25:06,520 [Time-limited test] INFO  server.RaftServer (RaftServerProxy.java:addNew(99)) - s3: addNew group-2C0892D3738B:[s3|priority:0|startupRole:FOLLOWER, s4|priority:0|startupRole:FOLLOWER, s0|rpc:localhost:34357|admin:localhost:42739|client:localhost:33183|dataStream:localhost:40849|priority:0|startupRole:FOLLOWER, s1|rpc:localhost:35345|admin:localhost:41867|client:localhost:44485|dataStream:localhost:35841|priority:0|startupRole:FOLLOWER, s2|rpc:localhost:42741|admin:localhost:41355|client:localhost:36083|dataStream:localhost:36747|priority:0|startupRole:FOLLOWER] returns group-2C0892D3738B:java.util.concurrent.CompletableFuture@60582b1d[Not completed]
2023-03-17 00:25:06,520 [Time-limited test] INFO  impl.MiniRaftCluster (MiniRaftCluster.java:newRaftServer(382)) - newRaftServer: s4, group-2C0892D3738B:[s3|priority:0|startupRole:FOLLOWER, s4|priority:0|startupRole:FOLLOWER, s0|rpc:localhost:34357|admin:localhost:42739|client:localhost:33183|dataStream:localhost:40849|priority:0|startupRole:FOLLOWER, s1|rpc:localhost:35345|admin:localhost:41867|client:localhost:44485|dataStream:localhost:35841|priority:0|startupRole:FOLLOWER, s2|rpc:localhost:42741|admin:localhost:41355|client:localhost:36083|dataStream:localhost:36747|priority:0|startupRole:FOLLOWER], format? true
2023-03-17 00:25:06,520 [Time-limited test] TRACE util.FileUtils (FileUtils.java:deleteFully(201)) - deleteFully target/test/data/ce6527c6/MiniRaftClusterWithGrpc107fc027/s4
2023-03-17 00:25:06,520 [Time-limited test] TRACE util.FileUtils (FileUtils.java:deleteFully(217)) - deleteFully: target/test/data/ce6527c6/MiniRaftClusterWithGrpc107fc027/s4 does not exist.
2023-03-17 00:25:06,520 [Time-limited test] INFO  impl.MiniRaftCluster (MiniRaftCluster.java:newRaftServer(387)) - Formatted directory target/test/data/ce6527c6/MiniRaftClusterWithGrpc107fc027/s4
2023-03-17 00:25:06,520 [Time-limited test] INFO  server.RaftServer (ConfUtils.java:logGet(46)) - raft.rpc.type = GRPC (default)
2023-03-17 00:25:06,520 [Time-limited test] INFO  grpc.GrpcConfigKeys (ConfUtils.java:logFallback(53)) - raft.grpc.admin.host = null (fallback to raft.grpc.server.host)
2023-03-17 00:25:06,520 [Time-limited test] INFO  grpc.GrpcConfigKeys (ConfUtils.java:logFallback(53)) - raft.grpc.admin.port = 42191 (fallback to raft.grpc.server.port)
2023-03-17 00:25:06,520 [Time-limited test] INFO  grpc.GrpcConfigKeys (ConfUtils.java:logFallback(53)) - raft.grpc.client.host = null (fallback to raft.grpc.server.host)
2023-03-17 00:25:06,520 [Time-limited test] INFO  grpc.GrpcConfigKeys (ConfUtils.java:logFallback(53)) - raft.grpc.client.port = 42191 (fallback to raft.grpc.server.port)
2023-03-17 00:25:06,520 [Time-limited test] INFO  grpc.GrpcConfigKeys (ConfUtils.java:logGet(46)) - raft.grpc.server.host = null (default)
2023-03-17 00:25:06,520 [Time-limited test] INFO  grpc.GrpcConfigKeys (ConfUtils.java:logGet(46)) - raft.grpc.server.port = 42191 (custom)
2023-03-17 00:25:06,520 [Time-limited test] INFO  server.GrpcService (ConfUtils.java:logGet(46)) - raft.grpc.message.size.max = 64MB (=67108864) (default)
2023-03-17 00:25:06,520 [Time-limited test] INFO  server.RaftServerConfigKeys (ConfUtils.java:logGet(46)) - raft.server.log.appender.buffer.byte-limit = 4MB (=4194304) (default)
2023-03-17 00:25:06,520 [Time-limited test] INFO  server.GrpcService (ConfUtils.java:logGet(46)) - raft.grpc.flow.control.window = 1MB (=1048576) (default)
2023-03-17 00:25:06,520 [Time-limited test] INFO  server.RaftServerConfigKeys (ConfUtils.java:logGet(46)) - raft.server.rpc.request.timeout = 3000ms (default)
2023-03-17 00:25:06,520 [Time-limited test] INFO  grpc.GrpcConfigKeys (ConfUtils.java:logGet(46)) - raft.grpc.server.heartbeat.channel = true (default)
2023-03-17 00:25:06,521 [Time-limited test] INFO  grpc.GrpcConfigKeys (ConfUtils.java:logGet(46)) - raft.grpc.server.async.request.thread.pool.cached = true (default)
2023-03-17 00:25:06,521 [Time-limited test] INFO  grpc.GrpcConfigKeys (ConfUtils.java:logGet(46)) - raft.grpc.server.async.request.thread.pool.size = 32 (default)
2023-03-17 00:25:06,521 [s3-groupManagement] INFO  server.RaftServer$Division (RaftServerImpl.java:<init>(198)) - s3: new RaftServerImpl for group-2C0892D3738B:[s3|priority:0|startupRole:FOLLOWER, s4|priority:0|startupRole:FOLLOWER, s0|rpc:localhost:34357|admin:localhost:42739|client:localhost:33183|dataStream:localhost:40849|priority:0|startupRole:FOLLOWER, s1|rpc:localhost:35345|admin:localhost:41867|client:localhost:44485|dataStream:localhost:35841|priority:0|startupRole:FOLLOWER, s2|rpc:localhost:42741|admin:localhost:41355|client:localhost:36083|dataStream:localhost:36747|priority:0|startupRole:FOLLOWER] with BaseStateMachine:uninitialized
2023-03-17 00:25:06,521 [s3-groupManagement] INFO  server.RaftServerConfigKeys (ConfUtils.java:logGet(46)) - raft.server.rpc.timeout.min = 150ms (default)
2023-03-17 00:25:06,521 [s3-groupManagement] INFO  server.RaftServerConfigKeys (ConfUtils.java:logGet(46)) - raft.server.rpc.timeout.max = 300ms (default)
2023-03-17 00:25:06,521 [s3-groupManagement] INFO  server.RaftServerConfigKeys (ConfUtils.java:logGet(46)) - raft.server.rpc.sleep.time = 25ms (default)
2023-03-17 00:25:06,521 [s3-groupManagement] INFO  server.RaftServerConfigKeys (ConfUtils.java:logGet(46)) - raft.server.rpc.slowness.timeout = 60s (default)
2023-03-17 00:25:06,521 [s3-groupManagement] INFO  server.RaftServerConfigKeys (ConfUtils.java:logGet(46)) - raft.server.leaderelection.leader.step-down.wait-time = 10s (default)
2023-03-17 00:25:06,521 [s3-groupManagement] INFO  server.RaftServerConfigKeys (ConfUtils.java:logGet(46)) - raft.server.sleep.deviation.threshold = 300ms (default)
2023-03-17 00:25:06,521 [Time-limited test] INFO  impl.DataStreamServerImpl (ConfUtils.java:logGet(46)) - raft.datastream.type = DISABLED (default)
2023-03-17 00:25:06,521 [s3-groupManagement] INFO  server.RaftServer$Division (ServerState.java:<init>(113)) - s3@group-2C0892D3738B: ConfigurationManager, init=-1: peers:[s3|priority:0|startupRole:FOLLOWER, s4|priority:0|startupRole:FOLLOWER, s0|rpc:localhost:34357|admin:localhost:42739|client:localhost:33183|dataStream:localhost:40849|priority:0|startupRole:FOLLOWER, s1|rpc:localhost:35345|admin:localhost:41867|client:localhost:44485|dataStream:localhost:35841|priority:0|startupRole:FOLLOWER, s2|rpc:localhost:42741|admin:localhost:41355|client:localhost:36083|dataStream:localhost:36747|priority:0|startupRole:FOLLOWER]|listeners:[], old=null, confs=<EMPTY_MAP>
2023-03-17 00:25:06,521 [Time-limited test] INFO  server.RaftServerConfigKeys (ConfUtils.java:logGet(46)) - raft.server.threadpool.proxy.cached = true (default)
2023-03-17 00:25:06,521 [Time-limited test] INFO  server.RaftServerConfigKeys (ConfUtils.java:logGet(46)) - raft.server.threadpool.proxy.size = 0 (default)
2023-03-17 00:25:06,521 [Time-limited test] INFO  server.RaftServerConfigKeys (ConfUtils.java:logGet(46)) - raft.server.rpc.slowness.timeout = 60s (default)
2023-03-17 00:25:06,521 [Time-limited test] INFO  server.RaftServerConfigKeys (ConfUtils.java:logGet(46)) - raft.server.leaderelection.leader.step-down.wait-time = 10s (default)
2023-03-17 00:25:06,521 [s3-groupManagement] INFO  server.RaftServerConfigKeys (ConfUtils.java:logGet(46)) - raft.server.notification.no-leader.timeout = 60s (default)
2023-03-17 00:25:06,522 [Time-limited test] INFO  server.RaftServerConfigKeys (ConfUtils.java:logGet(46)) - raft.server.storage.dir = [/home/runner/work/ratis/ratis/ratis-test/target/test/data/ce6527c6/MiniRaftClusterWithGrpc107fc027/s4] (custom)
2023-03-17 00:25:06,522 [s3-groupManagement] INFO  server.RaftServerConfigKeys (ConfUtils.java:logGet(46)) - raft.server.read.timeout = 10s (default)
2023-03-17 00:25:06,522 [s3-groupManagement] INFO  server.RaftServerConfigKeys (ConfUtils.java:logGet(46)) - raft.server.retrycache.expirytime = 60s (default)
2023-03-17 00:25:06,522 [s3-groupManagement] INFO  server.RaftServerConfigKeys (ConfUtils.java:logGet(46)) - raft.server.retrycache.statistics.expirytime = 100μs (default)
2023-03-17 00:25:06,522 [s3-groupManagement] INFO  server.RaftServerConfigKeys (ConfUtils.java:logGet(46)) - raft.server.read.option = DEFAULT (default)
2023-03-17 00:25:06,522 [s3-groupManagement] INFO  server.RaftServerConfigKeys (ConfUtils.java:logGet(46)) - raft.server.log.appender.install.snapshot.enabled = true (default)
2023-03-17 00:25:06,522 [s3-groupManagement] INFO  server.RaftServerConfigKeys (ConfUtils.java:logGet(46)) - raft.server.threadpool.server.cached = true (default)
2023-03-17 00:25:06,522 [s3-groupManagement] INFO  server.RaftServerConfigKeys (ConfUtils.java:logGet(46)) - raft.server.threadpool.server.size = 0 (default)
2023-03-17 00:25:06,522 [Time-limited test] INFO  server.RaftServer (RaftServerProxy.java:addNew(99)) - s4: addNew group-2C0892D3738B:[s3|priority:0|startupRole:FOLLOWER, s4|priority:0|startupRole:FOLLOWER, s0|rpc:localhost:34357|admin:localhost:42739|client:localhost:33183|dataStream:localhost:40849|priority:0|startupRole:FOLLOWER, s1|rpc:localhost:35345|admin:localhost:41867|client:localhost:44485|dataStream:localhost:35841|priority:0|startupRole:FOLLOWER, s2|rpc:localhost:42741|admin:localhost:41355|client:localhost:36083|dataStream:localhost:36747|priority:0|startupRole:FOLLOWER] returns group-2C0892D3738B:java.util.concurrent.CompletableFuture@4258e1b2[Not completed]
2023-03-17 00:25:06,522 [s3-groupManagement] INFO  server.RaftServerConfigKeys (ConfUtils.java:logGet(46)) - raft.server.threadpool.client.cached = true (default)
2023-03-17 00:25:06,522 [Time-limited test] INFO  grpc.TestRaftReconfigurationWithGrpc (RaftReconfigurationBaseTest.java:runTestReconfTimeout(337)) - Start changing the configuration: [s3|rpc:0.0.0.0:46675|priority:0|startupRole:FOLLOWER, s4|rpc:0.0.0.0:42191|priority:0|startupRole:FOLLOWER, s0|rpc:localhost:34357|admin:localhost:42739|client:localhost:33183|dataStream:localhost:40849|priority:0|startupRole:FOLLOWER, s1|rpc:localhost:35345|admin:localhost:41867|client:localhost:44485|dataStream:localhost:35841|priority:0|startupRole:FOLLOWER, s2|rpc:localhost:42741|admin:localhost:41355|client:localhost:36083|dataStream:localhost:36747|priority:0|startupRole:FOLLOWER]
2023-03-17 00:25:06,522 [s3-groupManagement] INFO  server.RaftServerConfigKeys (ConfUtils.java:logGet(46)) - raft.server.threadpool.client.size = 0 (default)
2023-03-17 00:25:06,523 [s4-groupManagement] INFO  server.RaftServer$Division (RaftServerImpl.java:<init>(198)) - s4: new RaftServerImpl for group-2C0892D3738B:[s3|priority:0|startupRole:FOLLOWER, s4|priority:0|startupRole:FOLLOWER, s0|rpc:localhost:34357|admin:localhost:42739|client:localhost:33183|dataStream:localhost:40849|priority:0|startupRole:FOLLOWER, s1|rpc:localhost:35345|admin:localhost:41867|client:localhost:44485|dataStream:localhost:35841|priority:0|startupRole:FOLLOWER, s2|rpc:localhost:42741|admin:localhost:41355|client:localhost:36083|dataStream:localhost:36747|priority:0|startupRole:FOLLOWER] with BaseStateMachine:uninitialized
2023-03-17 00:25:06,523 [s4-groupManagement] INFO  server.RaftServerConfigKeys (ConfUtils.java:logGet(46)) - raft.server.rpc.timeout.min = 150ms (default)
2023-03-17 00:25:06,523 [s4-groupManagement] INFO  server.RaftServerConfigKeys (ConfUtils.java:logGet(46)) - raft.server.rpc.timeout.max = 300ms (default)
2023-03-17 00:25:06,523 [s4-groupManagement] INFO  server.RaftServerConfigKeys (ConfUtils.java:logGet(46)) - raft.server.rpc.sleep.time = 25ms (default)
2023-03-17 00:25:06,523 [s4-groupManagement] INFO  server.RaftServerConfigKeys (ConfUtils.java:logGet(46)) - raft.server.rpc.slowness.timeout = 60s (default)
2023-03-17 00:25:06,523 [s4-groupManagement] INFO  server.RaftServerConfigKeys (ConfUtils.java:logGet(46)) - raft.server.leaderelection.leader.step-down.wait-time = 10s (default)
2023-03-17 00:25:06,523 [s4-groupManagement] INFO  server.RaftServerConfigKeys (ConfUtils.java:logGet(46)) - raft.server.sleep.deviation.threshold = 300ms (default)
2023-03-17 00:25:06,523 [s4-groupManagement] INFO  server.RaftServer$Division (ServerState.java:<init>(113)) - s4@group-2C0892D3738B: ConfigurationManager, init=-1: peers:[s3|priority:0|startupRole:FOLLOWER, s4|priority:0|startupRole:FOLLOWER, s0|rpc:localhost:34357|admin:localhost:42739|client:localhost:33183|dataStream:localhost:40849|priority:0|startupRole:FOLLOWER, s1|rpc:localhost:35345|admin:localhost:41867|client:localhost:44485|dataStream:localhost:35841|priority:0|startupRole:FOLLOWER, s2|rpc:localhost:42741|admin:localhost:41355|client:localhost:36083|dataStream:localhost:36747|priority:0|startupRole:FOLLOWER]|listeners:[], old=null, confs=<EMPTY_MAP>
2023-03-17 00:25:06,523 [s4-groupManagement] INFO  server.RaftServerConfigKeys (ConfUtils.java:logGet(46)) - raft.server.notification.no-leader.timeout = 60s (default)
2023-03-17 00:25:06,523 [s4-groupManagement] INFO  server.RaftServerConfigKeys (ConfUtils.java:logGet(46)) - raft.server.read.timeout = 10s (default)
2023-03-17 00:25:06,523 [s4-groupManagement] INFO  server.RaftServerConfigKeys (ConfUtils.java:logGet(46)) - raft.server.retrycache.expirytime = 60s (default)
2023-03-17 00:25:06,523 [s4-groupManagement] INFO  server.RaftServerConfigKeys (ConfUtils.java:logGet(46)) - raft.server.retrycache.statistics.expirytime = 100μs (default)
2023-03-17 00:25:06,523 [s4-groupManagement] INFO  server.RaftServerConfigKeys (ConfUtils.java:logGet(46)) - raft.server.read.option = DEFAULT (default)
2023-03-17 00:25:06,526 [s4-groupManagement] INFO  server.RaftServerConfigKeys (ConfUtils.java:logGet(46)) - raft.server.log.appender.install.snapshot.enabled = true (default)
2023-03-17 00:25:06,526 [s4-groupManagement] INFO  server.RaftServerConfigKeys (ConfUtils.java:logGet(46)) - raft.server.threadpool.server.cached = true (default)
2023-03-17 00:25:06,526 [s4-groupManagement] INFO  server.RaftServerConfigKeys (ConfUtils.java:logGet(46)) - raft.server.threadpool.server.size = 0 (default)
2023-03-17 00:25:06,526 [s4-groupManagement] INFO  server.RaftServerConfigKeys (ConfUtils.java:logGet(46)) - raft.server.threadpool.client.cached = true (default)
2023-03-17 00:25:06,526 [s4-groupManagement] INFO  server.RaftServerConfigKeys (ConfUtils.java:logGet(46)) - raft.server.threadpool.client.size = 0 (default)
2023-03-17 00:25:06,547 [s1-server-thread1] INFO  server.RaftServer$Division (RaftServerImpl.java:setConfigurationAsync(1197)) - s1@group-2C0892D3738B: receive setConfiguration SetConfigurationRequest:client-6038E509FB76->s1@group-2C0892D3738B, cid=0, seq=0, RW, null, SET_UNCONDITIONALLY, servers:[s3|rpc:0.0.0.0:46675|dataStream:|priority:0|startupRole:FOLLOWER, s4|rpc:0.0.0.0:42191|dataStream:|priority:0|startupRole:FOLLOWER, s0|rpc:localhost:34357|admin:localhost:42739|client:localhost:33183|dataStream:localhost:40849|priority:0|startupRole:FOLLOWER, s1|rpc:localhost:35345|admin:localhost:41867|client:localhost:44485|dataStream:localhost:35841|priority:0|startupRole:FOLLOWER, s2|rpc:localhost:42741|admin:localhost:41355|client:localhost:36083|dataStream:localhost:36747|priority:0|startupRole:FOLLOWER], listeners:[]
2023-03-17 00:25:06,547 [s1-server-thread1] INFO  server.RaftServer$Division (LeaderStateImpl.java:startSetConfiguration(440)) - s1@group-2C0892D3738B-LeaderStateImpl: startSetConfiguration SetConfigurationRequest:client-6038E509FB76->s1@group-2C0892D3738B, cid=0, seq=0, RW, null, SET_UNCONDITIONALLY, servers:[s3|rpc:0.0.0.0:46675|dataStream:|priority:0|startupRole:FOLLOWER, s4|rpc:0.0.0.0:42191|dataStream:|priority:0|startupRole:FOLLOWER, s0|rpc:localhost:34357|admin:localhost:42739|client:localhost:33183|dataStream:localhost:40849|priority:0|startupRole:FOLLOWER, s1|rpc:localhost:35345|admin:localhost:41867|client:localhost:44485|dataStream:localhost:35841|priority:0|startupRole:FOLLOWER, s2|rpc:localhost:42741|admin:localhost:41355|client:localhost:36083|dataStream:localhost:36747|priority:0|startupRole:FOLLOWER], listeners:[]
2023-03-17 00:25:06,548 [s1-server-thread1] INFO  server.RaftServerConfigKeys (ConfUtils.java:logGet(46)) - raft.server.log.appender.snapshot.chunk.size.max = 16MB (=16777216) (default)
2023-03-17 00:25:06,548 [s1-server-thread1] INFO  server.RaftServerConfigKeys (ConfUtils.java:logGet(46)) - raft.server.log.appender.buffer.byte-limit = 4MB (=4194304) (default)
2023-03-17 00:25:06,548 [s1-server-thread1] INFO  server.RaftServerConfigKeys (ConfUtils.java:logGet(46)) - raft.server.log.appender.buffer.element-limit = 0 (default)
2023-03-17 00:25:06,548 [s1-server-thread1] INFO  server.RaftServerConfigKeys (ConfUtils.java:logGet(46)) - raft.server.log.appender.wait-time.min = 10ms (default)
2023-03-17 00:25:06,548 [s1-server-thread1] INFO  grpc.GrpcConfigKeys (ConfUtils.java:logGet(46)) - raft.grpc.server.leader.outstanding.appends.max = 128 (default)
2023-03-17 00:25:06,548 [s1-server-thread1] INFO  server.RaftServerConfigKeys (ConfUtils.java:logGet(46)) - raft.server.rpc.request.timeout = 3000ms (default)
2023-03-17 00:25:06,548 [s1-server-thread1] INFO  grpc.GrpcConfigKeys (ConfUtils.java:logGet(46)) - raft.grpc.server.install_snapshot.request.element-limit = 8 (default)
2023-03-17 00:25:06,548 [s1-server-thread1] INFO  grpc.GrpcConfigKeys (ConfUtils.java:logGet(46)) - raft.grpc.server.install_snapshot.request.timeout = 3000ms (default)
2023-03-17 00:25:06,548 [s1-server-thread1] INFO  server.RaftServerConfigKeys (ConfUtils.java:logGet(46)) - raft.server.log.appender.install.snapshot.enabled = true (default)
2023-03-17 00:25:06,548 [s1-server-thread1] INFO  grpc.GrpcConfigKeys (ConfUtils.java:logGet(46)) - raft.grpc.server.heartbeat.channel = true (default)
2023-03-17 00:25:06,548 [s1-server-thread1] INFO  server.RaftServerConfigKeys (ConfUtils.java:logGet(46)) - raft.server.log.appender.snapshot.chunk.size.max = 16MB (=16777216) (default)
2023-03-17 00:25:06,548 [s1-server-thread1] INFO  server.RaftServerConfigKeys (ConfUtils.java:logGet(46)) - raft.server.log.appender.buffer.byte-limit = 4MB (=4194304) (default)
2023-03-17 00:25:06,548 [s1-server-thread1] INFO  server.RaftServerConfigKeys (ConfUtils.java:logGet(46)) - raft.server.log.appender.buffer.element-limit = 0 (default)
2023-03-17 00:25:06,548 [s1-server-thread1] INFO  server.RaftServerConfigKeys (ConfUtils.java:logGet(46)) - raft.server.log.appender.wait-time.min = 10ms (default)
2023-03-17 00:25:06,548 [s1-server-thread1] INFO  grpc.GrpcConfigKeys (ConfUtils.java:logGet(46)) - raft.grpc.server.leader.outstanding.appends.max = 128 (default)
2023-03-17 00:25:06,548 [s1-server-thread1] INFO  server.RaftServerConfigKeys (ConfUtils.java:logGet(46)) - raft.server.rpc.request.timeout = 3000ms (default)
2023-03-17 00:25:06,548 [s1-server-thread1] INFO  grpc.GrpcConfigKeys (ConfUtils.java:logGet(46)) - raft.grpc.server.install_snapshot.request.element-limit = 8 (default)
2023-03-17 00:25:06,548 [s1-server-thread1] INFO  grpc.GrpcConfigKeys (ConfUtils.java:logGet(46)) - raft.grpc.server.install_snapshot.request.timeout = 3000ms (default)
2023-03-17 00:25:06,549 [s1-server-thread1] INFO  server.RaftServerConfigKeys (ConfUtils.java:logGet(46)) - raft.server.log.appender.install.snapshot.enabled = true (default)
2023-03-17 00:25:06,549 [s1-server-thread1] INFO  grpc.GrpcConfigKeys (ConfUtils.java:logGet(46)) - raft.grpc.server.heartbeat.channel = true (default)
2023-03-17 00:25:06,559 [s1@group-2C0892D3738B->s3-GrpcLogAppender-LogAppenderDaemon] INFO  leader.FollowerInfo (FollowerInfoImpl.java:setAttemptedToInstallSnapshot(126)) - Follower s1@group-2C0892D3738B->s3 acknowledged installing snapshot
2023-03-17 00:25:06,560 [s1@group-2C0892D3738B->s3-GrpcLogAppender-LogAppenderDaemon] INFO  server.GrpcServerProtocolClient (GrpcServerProtocolClient.java:<init>(64)) - Build channel for s3
2023-03-17 00:25:06,561 [grpc-default-executor-0] WARN  server.GrpcLogAppender (LogUtils.java:warn(122)) - s1@group-2C0892D3738B->s3-AppendLogResponseHandler: Failed appendEntries: org.apache.ratis.thirdparty.io.grpc.StatusRuntimeException: UNAVAILABLE: io exception
2023-03-17 00:25:06,562 [grpc-default-executor-6] WARN  server.GrpcLogAppender (LogUtils.java:warn(122)) - s1@group-2C0892D3738B->s3-AppendLogResponseHandler: Failed appendEntries: org.apache.ratis.thirdparty.io.grpc.StatusRuntimeException: UNAVAILABLE: io exception
2023-03-17 00:25:06,562 [grpc-default-executor-8] WARN  server.GrpcLogAppender (LogUtils.java:warn(122)) - s1@group-2C0892D3738B->s3-AppendLogResponseHandler: Failed appendEntries: org.apache.ratis.thirdparty.io.grpc.StatusRuntimeException: UNAVAILABLE: io exception
2023-03-17 00:25:06,574 [grpc-default-executor-0] WARN  server.GrpcLogAppender (LogUtils.java:warn(122)) - s1@group-2C0892D3738B->s3-AppendLogResponseHandler: Failed appendEntries: org.apache.ratis.thirdparty.io.grpc.StatusRuntimeException: UNAVAILABLE: io exception
2023-03-17 00:25:06,575 [s1@group-2C0892D3738B->s4-GrpcLogAppender-LogAppenderDaemon] INFO  leader.FollowerInfo (FollowerInfoImpl.java:setAttemptedToInstallSnapshot(126)) - Follower s1@group-2C0892D3738B->s4 acknowledged installing snapshot
2023-03-17 00:25:06,575 [s1@group-2C0892D3738B->s4-GrpcLogAppender-LogAppenderDaemon] INFO  server.GrpcServerProtocolClient (GrpcServerProtocolClient.java:<init>(64)) - Build channel for s4
2023-03-17 00:25:06,576 [grpc-default-executor-8] WARN  server.GrpcLogAppender (LogUtils.java:warn(122)) - s1@group-2C0892D3738B->s3-AppendLogResponseHandler: Failed appendEntries: org.apache.ratis.thirdparty.io.grpc.StatusRuntimeException: UNAVAILABLE: io exception
2023-03-17 00:25:06,576 [grpc-default-executor-8] INFO  leader.FollowerInfo (FollowerInfoImpl.java:lambda$new$0(52)) - s1@group-2C0892D3738B->s3: decreaseNextIndex nextIndex: updateUnconditionally 1 -> 0
2023-03-17 00:25:06,575 [grpc-default-executor-0] WARN  server.GrpcLogAppender (LogUtils.java:warn(122)) - s1@group-2C0892D3738B->s3-AppendLogResponseHandler: Failed appendEntries: org.apache.ratis.thirdparty.io.grpc.StatusRuntimeException: UNAVAILABLE: io exception
2023-03-17 00:25:06,581 [grpc-default-executor-0] WARN  server.GrpcLogAppender (LogUtils.java:warn(122)) - s1@group-2C0892D3738B->s4-AppendLogResponseHandler: Failed appendEntries: org.apache.ratis.thirdparty.io.grpc.StatusRuntimeException: UNAVAILABLE: io exception
2023-03-17 00:25:06,587 [grpc-default-executor-6] WARN  server.GrpcLogAppender (LogUtils.java:warn(122)) - s1@group-2C0892D3738B->s4-AppendLogResponseHandler: Failed appendEntries: org.apache.ratis.thirdparty.io.grpc.StatusRuntimeException: UNAVAILABLE: io exception
2023-03-17 00:25:06,587 [grpc-default-executor-6] INFO  leader.FollowerInfo (FollowerInfoImpl.java:lambda$new$0(52)) - s1@group-2C0892D3738B->s4: decreaseNextIndex nextIndex: updateUnconditionally 1 -> 0
2023-03-17 00:25:06,587 [grpc-default-executor-0] WARN  server.GrpcLogAppender (LogUtils.java:warn(122)) - s1@group-2C0892D3738B->s4-AppendLogResponseHandler: Failed appendEntries: org.apache.ratis.thirdparty.io.grpc.StatusRuntimeException: UNAVAILABLE: io exception
2023-03-17 00:25:06,593 [grpc-default-executor-9] WARN  server.GrpcLogAppender (LogUtils.java:warn(122)) - s1@group-2C0892D3738B->s4-AppendLogResponseHandler: Failed appendEntries: org.apache.ratis.thirdparty.io.grpc.StatusRuntimeException: UNAVAILABLE: io exception
2023-03-17 00:25:06,599 [grpc-default-executor-0] WARN  server.GrpcLogAppender (LogUtils.java:warn(122)) - s1@group-2C0892D3738B->s3-AppendLogResponseHandler: Failed appendEntries: org.apache.ratis.thirdparty.io.grpc.StatusRuntimeException: UNAVAILABLE: io exception
2023-03-17 00:25:06,599 [grpc-default-executor-9] WARN  server.GrpcLogAppender (LogUtils.java:warn(122)) - s1@group-2C0892D3738B->s3-AppendLogResponseHandler: Failed appendEntries: org.apache.ratis.thirdparty.io.grpc.StatusRuntimeException: UNAVAILABLE: io exception
2023-03-17 00:25:06,609 [grpc-default-executor-9] WARN  server.GrpcLogAppender (LogUtils.java:warn(122)) - s1@group-2C0892D3738B->s3-AppendLogResponseHandler: Failed appendEntries: org.apache.ratis.thirdparty.io.grpc.StatusRuntimeException: UNAVAILABLE: io exception
2023-03-17 00:25:06,610 [grpc-default-executor-9] INFO  leader.FollowerInfo (FollowerInfoImpl.java:lambda$new$0(52)) - s1@group-2C0892D3738B->s3: decreaseNextIndex nextIndex: updateUnconditionally 1 -> 0
2023-03-17 00:25:06,610 [grpc-default-executor-0] WARN  server.GrpcLogAppender (LogUtils.java:warn(122)) - s1@group-2C0892D3738B->s3-AppendLogResponseHandler: Failed appendEntries: org.apache.ratis.thirdparty.io.grpc.StatusRuntimeException: UNAVAILABLE: io exception
2023-03-17 00:25:06,614 [grpc-default-executor-9] WARN  server.GrpcLogAppender (LogUtils.java:warn(122)) - s1@group-2C0892D3738B->s4-AppendLogResponseHandler: Failed appendEntries: org.apache.ratis.thirdparty.io.grpc.StatusRuntimeException: UNAVAILABLE: io exception
2023-03-17 00:25:06,614 [grpc-default-executor-0] WARN  server.GrpcLogAppender (LogUtils.java:warn(122)) - s1@group-2C0892D3738B->s4-AppendLogResponseHandler: Failed appendEntries: org.apache.ratis.thirdparty.io.grpc.StatusRuntimeException: UNAVAILABLE: io exception
2023-03-17 00:25:06,624 [grpc-default-executor-0] WARN  server.GrpcLogAppender (LogUtils.java:warn(122)) - s1@group-2C0892D3738B->s4-AppendLogResponseHandler: Failed appendEntries: org.apache.ratis.thirdparty.io.grpc.StatusRuntimeException: UNAVAILABLE: io exception
2023-03-17 00:25:06,624 [grpc-default-executor-0] INFO  leader.FollowerInfo (FollowerInfoImpl.java:lambda$new$0(52)) - s1@group-2C0892D3738B->s4: decreaseNextIndex nextIndex: updateUnconditionally 1 -> 0
2023-03-17 00:25:06,624 [grpc-default-executor-9] WARN  server.GrpcLogAppender (LogUtils.java:warn(122)) - s1@group-2C0892D3738B->s4-AppendLogResponseHandler: Failed appendEntries: org.apache.ratis.thirdparty.io.grpc.StatusRuntimeException: UNAVAILABLE: io exception
2023-03-17 00:25:06,637 [grpc-default-executor-9] WARN  server.GrpcLogAppender (LogUtils.java:warn(122)) - s1@group-2C0892D3738B->s3-AppendLogResponseHandler: Failed appendEntries: org.apache.ratis.thirdparty.io.grpc.StatusRuntimeException: UNAVAILABLE: io exception
2023-03-17 00:25:06,637 [grpc-default-executor-0] WARN  server.GrpcLogAppender (LogUtils.java:warn(122)) - s1@group-2C0892D3738B->s3-AppendLogResponseHandler: Failed appendEntries: org.apache.ratis.thirdparty.io.grpc.StatusRuntimeException: UNAVAILABLE: io exception
2023-03-17 00:25:06,647 [grpc-default-executor-0] WARN  server.GrpcLogAppender (LogUtils.java:warn(122)) - s1@group-2C0892D3738B->s3-AppendLogResponseHandler: Failed appendEntries: org.apache.ratis.thirdparty.io.grpc.StatusRuntimeException: UNAVAILABLE: io exception
2023-03-17 00:25:06,647 [grpc-default-executor-0] INFO  leader.FollowerInfo (FollowerInfoImpl.java:lambda$new$0(52)) - s1@group-2C0892D3738B->s3: decreaseNextIndex nextIndex: updateUnconditionally 1 -> 0
2023-03-17 00:25:06,647 [grpc-default-executor-9] WARN  server.GrpcLogAppender (LogUtils.java:warn(122)) - s1@group-2C0892D3738B->s3-AppendLogResponseHandler: Failed appendEntries: org.apache.ratis.thirdparty.io.grpc.StatusRuntimeException: UNAVAILABLE: io exception
2023-03-17 00:25:06,651 [grpc-default-executor-0] WARN  server.GrpcLogAppender (LogUtils.java:warn(122)) - s1@group-2C0892D3738B->s4-AppendLogResponseHandler: Failed appendEntries: org.apache.ratis.thirdparty.io.grpc.StatusRuntimeException: UNAVAILABLE: io exception
2023-03-17 00:25:06,651 [grpc-default-executor-9] WARN  server.GrpcLogAppender (LogUtils.java:warn(122)) - s1@group-2C0892D3738B->s4-AppendLogResponseHandler: Failed appendEntries: org.apache.ratis.thirdparty.io.grpc.StatusRuntimeException: UNAVAILABLE: io exception
2023-03-17 00:25:06,661 [grpc-default-executor-9] WARN  server.GrpcLogAppender (LogUtils.java:warn(122)) - s1@group-2C0892D3738B->s4-AppendLogResponseHandler: Failed appendEntries: org.apache.ratis.thirdparty.io.grpc.StatusRuntimeException: UNAVAILABLE: io exception
2023-03-17 00:25:06,661 [grpc-default-executor-0] WARN  server.GrpcLogAppender (LogUtils.java:warn(122)) - s1@group-2C0892D3738B->s4-AppendLogResponseHandler: Failed appendEntries: org.apache.ratis.thirdparty.io.grpc.StatusRuntimeException: UNAVAILABLE: io exception
2023-03-17 00:25:06,661 [grpc-default-executor-9] INFO  leader.FollowerInfo (FollowerInfoImpl.java:lambda$new$0(52)) - s1@group-2C0892D3738B->s4: decreaseNextIndex nextIndex: updateUnconditionally 1 -> 0
2023-03-17 00:25:06,674 [grpc-default-executor-0] WARN  server.GrpcLogAppender (LogUtils.java:warn(122)) - s1@group-2C0892D3738B->s3-AppendLogResponseHandler: Failed appendEntries: org.apache.ratis.thirdparty.io.grpc.StatusRuntimeException: UNAVAILABLE: io exception
2023-03-17 00:25:06,674 [grpc-default-executor-9] WARN  server.GrpcLogAppender (LogUtils.java:warn(122)) - s1@group-2C0892D3738B->s3-AppendLogResponseHandler: Failed appendEntries: org.apache.ratis.thirdparty.io.grpc.StatusRuntimeException: UNAVAILABLE: io exception
2023-03-17 00:25:06,684 [grpc-default-executor-9] WARN  server.GrpcLogAppender (LogUtils.java:warn(122)) - s1@group-2C0892D3738B->s3-AppendLogResponseHandler: Failed appendEntries: org.apache.ratis.thirdparty.io.grpc.StatusRuntimeException: UNAVAILABLE: io exception
2023-03-17 00:25:06,684 [grpc-default-executor-9] INFO  leader.FollowerInfo (FollowerInfoImpl.java:lambda$new$0(52)) - s1@group-2C0892D3738B->s3: decreaseNextIndex nextIndex: updateUnconditionally 1 -> 0
2023-03-17 00:25:06,684 [grpc-default-executor-0] WARN  server.GrpcLogAppender (LogUtils.java:warn(122)) - s1@group-2C0892D3738B->s3-AppendLogResponseHandler: Failed appendEntries: org.apache.ratis.thirdparty.io.grpc.StatusRuntimeException: UNAVAILABLE: io exception
2023-03-17 00:25:06,689 [grpc-default-executor-9] WARN  server.GrpcLogAppender (LogUtils.java:warn(122)) - s1@group-2C0892D3738B->s4-AppendLogResponseHandler: Failed appendEntries: org.apache.ratis.thirdparty.io.grpc.StatusRuntimeException: UNAVAILABLE: io exception
2023-03-17 00:25:06,689 [grpc-default-executor-0] WARN  server.GrpcLogAppender (LogUtils.java:warn(122)) - s1@group-2C0892D3738B->s4-AppendLogResponseHandler: Failed appendEntries: org.apache.ratis.thirdparty.io.grpc.StatusRuntimeException: UNAVAILABLE: io exception
2023-03-17 00:25:06,699 [grpc-default-executor-0] WARN  server.GrpcLogAppender (LogUtils.java:warn(122)) - s1@group-2C0892D3738B->s4-AppendLogResponseHandler: Failed appendEntries: org.apache.ratis.thirdparty.io.grpc.StatusRuntimeException: UNAVAILABLE: io exception
2023-03-17 00:25:06,699 [grpc-default-executor-0] INFO  leader.FollowerInfo (FollowerInfoImpl.java:lambda$new$0(52)) - s1@group-2C0892D3738B->s4: decreaseNextIndex nextIndex: updateUnconditionally 1 -> 0
2023-03-17 00:25:06,699 [grpc-default-executor-9] WARN  server.GrpcLogAppender (LogUtils.java:warn(122)) - s1@group-2C0892D3738B->s4-AppendLogResponseHandler: Failed appendEntries: org.apache.ratis.thirdparty.io.grpc.StatusRuntimeException: UNAVAILABLE: io exception
2023-03-17 00:25:06,711 [grpc-default-executor-9] WARN  server.GrpcLogAppender (LogUtils.java:warn(122)) - s1@group-2C0892D3738B->s3-AppendLogResponseHandler: Failed appendEntries: org.apache.ratis.thirdparty.io.grpc.StatusRuntimeException: UNAVAILABLE: io exception
2023-03-17 00:25:06,711 [grpc-default-executor-0] WARN  server.GrpcLogAppender (LogUtils.java:warn(122)) - s1@group-2C0892D3738B->s3-AppendLogResponseHandler: Failed appendEntries: org.apache.ratis.thirdparty.io.grpc.StatusRuntimeException: UNAVAILABLE: io exception
2023-03-17 00:25:06,721 [grpc-default-executor-0] WARN  server.GrpcLogAppender (LogUtils.java:warn(122)) - s1@group-2C0892D3738B->s3-AppendLogResponseHandler: Failed appendEntries: org.apache.ratis.thirdparty.io.grpc.StatusRuntimeException: UNAVAILABLE: io exception
2023-03-17 00:25:06,721 [grpc-default-executor-0] INFO  leader.FollowerInfo (FollowerInfoImpl.java:lambda$new$0(52)) - s1@group-2C0892D3738B->s3: decreaseNextIndex nextIndex: updateUnconditionally 1 -> 0
2023-03-17 00:25:06,722 [grpc-default-executor-9] WARN  server.GrpcLogAppender (LogUtils.java:warn(122)) - s1@group-2C0892D3738B->s3-AppendLogResponseHandler: Failed appendEntries: org.apache.ratis.thirdparty.io.grpc.StatusRuntimeException: UNAVAILABLE: io exception
2023-03-17 00:25:06,726 [grpc-default-executor-9] WARN  server.GrpcLogAppender (LogUtils.java:warn(122)) - s1@group-2C0892D3738B->s4-AppendLogResponseHandler: Failed appendEntries: org.apache.ratis.thirdparty.io.grpc.StatusRuntimeException: UNAVAILABLE: io exception
2023-03-17 00:25:06,726 [grpc-default-executor-0] WARN  server.GrpcLogAppender (LogUtils.java:warn(122)) - s1@group-2C0892D3738B->s4-AppendLogResponseHandler: Failed appendEntries: org.apache.ratis.thirdparty.io.grpc.StatusRuntimeException: UNAVAILABLE: io exception
2023-03-17 00:25:06,736 [grpc-default-executor-0] WARN  server.GrpcLogAppender (LogUtils.java:warn(122)) - s1@group-2C0892D3738B->s4-AppendLogResponseHandler: Failed appendEntries: org.apache.ratis.thirdparty.io.grpc.StatusRuntimeException: UNAVAILABLE: io exception
2023-03-17 00:25:06,736 [grpc-default-executor-0] INFO  leader.FollowerInfo (FollowerInfoImpl.java:lambda$new$0(52)) - s1@group-2C0892D3738B->s4: decreaseNextIndex nextIndex: updateUnconditionally 1 -> 0
2023-03-17 00:25:06,736 [grpc-default-executor-9] WARN  server.GrpcLogAppender (LogUtils.java:warn(122)) - s1@group-2C0892D3738B->s4-AppendLogResponseHandler: Failed appendEntries: org.apache.ratis.thirdparty.io.grpc.StatusRuntimeException: UNAVAILABLE: io exception
2023-03-17 00:25:06,748 [grpc-default-executor-9] WARN  server.GrpcLogAppender (LogUtils.java:warn(122)) - s1@group-2C0892D3738B->s3-AppendLogResponseHandler: Failed appendEntries: org.apache.ratis.thirdparty.io.grpc.StatusRuntimeException: UNAVAILABLE: io exception
2023-03-17 00:25:06,748 [grpc-default-executor-0] WARN  server.GrpcLogAppender (LogUtils.java:warn(122)) - s1@group-2C0892D3738B->s3-AppendLogResponseHandler: Failed appendEntries: org.apache.ratis.thirdparty.io.grpc.StatusRuntimeException: UNAVAILABLE: io exception
2023-03-17 00:25:06,759 [grpc-default-executor-0] WARN  server.GrpcLogAppender (LogUtils.java:warn(122)) - s1@group-2C0892D3738B->s3-AppendLogResponseHandler: Failed appendEntries: org.apache.ratis.thirdparty.io.grpc.StatusRuntimeException: UNAVAILABLE: io exception
2023-03-17 00:25:06,759 [grpc-default-executor-0] INFO  leader.FollowerInfo (FollowerInfoImpl.java:lambda$new$0(52)) - s1@group-2C0892D3738B->s3: decreaseNextIndex nextIndex: updateUnconditionally 1 -> 0
2023-03-17 00:25:06,759 [grpc-default-executor-9] WARN  server.GrpcLogAppender (LogUtils.java:warn(122)) - s1@group-2C0892D3738B->s3-AppendLogResponseHandler: Failed appendEntries: org.apache.ratis.thirdparty.io.grpc.StatusRuntimeException: UNAVAILABLE: io exception
2023-03-17 00:25:06,763 [grpc-default-executor-9] WARN  server.GrpcLogAppender (LogUtils.java:warn(122)) - s1@group-2C0892D3738B->s4-AppendLogResponseHandler: Failed appendEntries: org.apache.ratis.thirdparty.io.grpc.StatusRuntimeException: UNAVAILABLE: io exception
2023-03-17 00:25:06,763 [grpc-default-executor-0] WARN  server.GrpcLogAppender (LogUtils.java:warn(122)) - s1@group-2C0892D3738B->s4-AppendLogResponseHandler: Failed appendEntries: org.apache.ratis.thirdparty.io.grpc.StatusRuntimeException: UNAVAILABLE: io exception
2023-03-17 00:25:06,773 [grpc-default-executor-0] WARN  server.GrpcLogAppender (LogUtils.java:warn(122)) - s1@group-2C0892D3738B->s4-AppendLogResponseHandler: Failed appendEntries: org.apache.ratis.thirdparty.io.grpc.StatusRuntimeException: UNAVAILABLE: io exception
2023-03-17 00:25:06,773 [grpc-default-executor-0] INFO  leader.FollowerInfo (FollowerInfoImpl.java:lambda$new$0(52)) - s1@group-2C0892D3738B->s4: decreaseNextIndex nextIndex: updateUnconditionally 1 -> 0
2023-03-17 00:25:06,773 [grpc-default-executor-9] WARN  server.GrpcLogAppender (LogUtils.java:warn(122)) - s1@group-2C0892D3738B->s4-AppendLogResponseHandler: Failed appendEntries: org.apache.ratis.thirdparty.io.grpc.StatusRuntimeException: UNAVAILABLE: io exception
2023-03-17 00:25:06,786 [grpc-default-executor-9] WARN  server.GrpcLogAppender (LogUtils.java:warn(122)) - s1@group-2C0892D3738B->s3-AppendLogResponseHandler: Failed appendEntries: org.apache.ratis.thirdparty.io.grpc.StatusRuntimeException: UNAVAILABLE: io exception
2023-03-17 00:25:06,786 [grpc-default-executor-0] WARN  server.GrpcLogAppender (LogUtils.java:warn(122)) - s1@group-2C0892D3738B->s3-AppendLogResponseHandler: Failed appendEntries: org.apache.ratis.thirdparty.io.grpc.StatusRuntimeException: UNAVAILABLE: io exception
2023-03-17 00:25:06,796 [grpc-default-executor-0] WARN  server.GrpcLogAppender (LogUtils.java:warn(122)) - s1@group-2C0892D3738B->s3-AppendLogResponseHandler: Failed appendEntries: org.apache.ratis.thirdparty.io.grpc.StatusRuntimeException: UNAVAILABLE: io exception
2023-03-17 00:25:06,796 [grpc-default-executor-0] INFO  leader.FollowerInfo (FollowerInfoImpl.java:lambda$new$0(52)) - s1@group-2C0892D3738B->s3: decreaseNextIndex nextIndex: updateUnconditionally 1 -> 0
2023-03-17 00:25:06,796 [grpc-default-executor-9] WARN  server.GrpcLogAppender (LogUtils.java:warn(122)) - s1@group-2C0892D3738B->s3-AppendLogResponseHandler: Failed appendEntries: org.apache.ratis.thirdparty.io.grpc.StatusRuntimeException: UNAVAILABLE: io exception
2023-03-17 00:25:06,800 [grpc-default-executor-9] WARN  server.GrpcLogAppender (LogUtils.java:warn(122)) - s1@group-2C0892D3738B->s4-AppendLogResponseHandler: Failed appendEntries: org.apache.ratis.thirdparty.io.grpc.StatusRuntimeException: UNAVAILABLE: io exception
2023-03-17 00:25:06,801 [grpc-default-executor-0] WARN  server.GrpcLogAppender (LogUtils.java:warn(122)) - s1@group-2C0892D3738B->s4-AppendLogResponseHandler: Failed appendEntries: org.apache.ratis.thirdparty.io.grpc.StatusRuntimeException: UNAVAILABLE: io exception
2023-03-17 00:25:06,810 [grpc-default-executor-0] WARN  server.GrpcLogAppender (LogUtils.java:warn(122)) - s1@group-2C0892D3738B->s4-AppendLogResponseHandler: Failed appendEntries: org.apache.ratis.thirdparty.io.grpc.StatusRuntimeException: UNAVAILABLE: io exception
2023-03-17 00:25:06,811 [grpc-default-executor-0] INFO  leader.FollowerInfo (FollowerInfoImpl.java:lambda$new$0(52)) - s1@group-2C0892D3738B->s4: decreaseNextIndex nextIndex: updateUnconditionally 1 -> 0
2023-03-17 00:25:06,811 [grpc-default-executor-9] WARN  server.GrpcLogAppender (LogUtils.java:warn(122)) - s1@group-2C0892D3738B->s4-AppendLogResponseHandler: Failed appendEntries: org.apache.ratis.thirdparty.io.grpc.StatusRuntimeException: UNAVAILABLE: io exception
2023-03-17 00:25:06,823 [grpc-default-executor-9] WARN  server.GrpcLogAppender (LogUtils.java:warn(122)) - s1@group-2C0892D3738B->s3-AppendLogResponseHandler: Failed appendEntries: org.apache.ratis.thirdparty.io.grpc.StatusRuntimeException: UNAVAILABLE: io exception
2023-03-17 00:25:06,823 [grpc-default-executor-0] WARN  server.GrpcLogAppender (LogUtils.java:warn(122)) - s1@group-2C0892D3738B->s3-AppendLogResponseHandler: Failed appendEntries: org.apache.ratis.thirdparty.io.grpc.StatusRuntimeException: UNAVAILABLE: io exception
2023-03-17 00:25:06,833 [grpc-default-executor-9] WARN  server.GrpcLogAppender (LogUtils.java:warn(122)) - s1@group-2C0892D3738B->s3-AppendLogResponseHandler: Failed appendEntries: org.apache.ratis.thirdparty.io.grpc.StatusRuntimeException: UNAVAILABLE: io exception
2023-03-17 00:25:06,833 [grpc-default-executor-9] INFO  leader.FollowerInfo (FollowerInfoImpl.java:lambda$new$0(52)) - s1@group-2C0892D3738B->s3: decreaseNextIndex nextIndex: updateUnconditionally 1 -> 0
2023-03-17 00:25:06,833 [grpc-default-executor-0] WARN  server.GrpcLogAppender (LogUtils.java:warn(122)) - s1@group-2C0892D3738B->s3-AppendLogResponseHandler: Failed appendEntries: org.apache.ratis.thirdparty.io.grpc.StatusRuntimeException: UNAVAILABLE: io exception
2023-03-17 00:25:06,838 [grpc-default-executor-0] WARN  server.GrpcLogAppender (LogUtils.java:warn(122)) - s1@group-2C0892D3738B->s4-AppendLogResponseHandler: Failed appendEntries: org.apache.ratis.thirdparty.io.grpc.StatusRuntimeException: UNAVAILABLE: io exception
2023-03-17 00:25:06,838 [grpc-default-executor-9] WARN  server.GrpcLogAppender (LogUtils.java:warn(122)) - s1@group-2C0892D3738B->s4-AppendLogResponseHandler: Failed appendEntries: org.apache.ratis.thirdparty.io.grpc.StatusRuntimeException: UNAVAILABLE: io exception
2023-03-17 00:25:06,848 [grpc-default-executor-9] WARN  server.GrpcLogAppender (LogUtils.java:warn(122)) - s1@group-2C0892D3738B->s4-AppendLogResponseHandler: Failed appendEntries: org.apache.ratis.thirdparty.io.grpc.StatusRuntimeException: UNAVAILABLE: io exception
2023-03-17 00:25:06,848 [grpc-default-executor-9] INFO  leader.FollowerInfo (FollowerInfoImpl.java:lambda$new$0(52)) - s1@group-2C0892D3738B->s4: decreaseNextIndex nextIndex: updateUnconditionally 1 -> 0
2023-03-17 00:25:06,848 [grpc-default-executor-0] WARN  server.GrpcLogAppender (LogUtils.java:warn(122)) - s1@group-2C0892D3738B->s4-AppendLogResponseHandler: Failed appendEntries: org.apache.ratis.thirdparty.io.grpc.StatusRuntimeException: UNAVAILABLE: io exception
2023-03-17 00:25:06,860 [grpc-default-executor-0] WARN  server.GrpcLogAppender (LogUtils.java:warn(122)) - s1@group-2C0892D3738B->s3-AppendLogResponseHandler: Failed appendEntries: org.apache.ratis.thirdparty.io.grpc.StatusRuntimeException: UNAVAILABLE: io exception
2023-03-17 00:25:06,860 [grpc-default-executor-9] WARN  server.GrpcLogAppender (LogUtils.java:warn(122)) - s1@group-2C0892D3738B->s3-AppendLogResponseHandler: Failed appendEntries: org.apache.ratis.thirdparty.io.grpc.StatusRuntimeException: UNAVAILABLE: io exception
2023-03-17 00:25:06,870 [grpc-default-executor-9] WARN  server.GrpcLogAppender (LogUtils.java:warn(122)) - s1@group-2C0892D3738B->s3-AppendLogResponseHandler: Failed appendEntries: org.apache.ratis.thirdparty.io.grpc.StatusRuntimeException: UNAVAILABLE: io exception
2023-03-17 00:25:06,871 [grpc-default-executor-9] INFO  leader.FollowerInfo (FollowerInfoImpl.java:lambda$new$0(52)) - s1@group-2C0892D3738B->s3: decreaseNextIndex nextIndex: updateUnconditionally 1 -> 0
2023-03-17 00:25:06,871 [grpc-default-executor-0] WARN  server.GrpcLogAppender (LogUtils.java:warn(122)) - s1@group-2C0892D3738B->s3-AppendLogResponseHandler: Failed appendEntries: org.apache.ratis.thirdparty.io.grpc.StatusRuntimeException: UNAVAILABLE: io exception
2023-03-17 00:25:06,875 [grpc-default-executor-0] WARN  server.GrpcLogAppender (LogUtils.java:warn(122)) - s1@group-2C0892D3738B->s4-AppendLogResponseHandler: Failed appendEntries: org.apache.ratis.thirdparty.io.grpc.StatusRuntimeException: UNAVAILABLE: io exception
2023-03-17 00:25:06,875 [grpc-default-executor-9] WARN  server.GrpcLogAppender (LogUtils.java:warn(122)) - s1@group-2C0892D3738B->s4-AppendLogResponseHandler: Failed appendEntries: org.apache.ratis.thirdparty.io.grpc.StatusRuntimeException: UNAVAILABLE: io exception
2023-03-17 00:25:06,885 [grpc-default-executor-9] WARN  server.GrpcLogAppender (LogUtils.java:warn(122)) - s1@group-2C0892D3738B->s4-AppendLogResponseHandler: Failed appendEntries: org.apache.ratis.thirdparty.io.grpc.StatusRuntimeException: UNAVAILABLE: io exception
2023-03-17 00:25:06,885 [grpc-default-executor-9] INFO  leader.FollowerInfo (FollowerInfoImpl.java:lambda$new$0(52)) - s1@group-2C0892D3738B->s4: decreaseNextIndex nextIndex: updateUnconditionally 1 -> 0
2023-03-17 00:25:06,885 [grpc-default-executor-0] WARN  server.GrpcLogAppender (LogUtils.java:warn(122)) - s1@group-2C0892D3738B->s4-AppendLogResponseHandler: Failed appendEntries: org.apache.ratis.thirdparty.io.grpc.StatusRuntimeException: UNAVAILABLE: io exception
2023-03-17 00:25:06,897 [grpc-default-executor-0] WARN  server.GrpcLogAppender (LogUtils.java:warn(122)) - s1@group-2C0892D3738B->s3-AppendLogResponseHandler: Failed appendEntries: org.apache.ratis.thirdparty.io.grpc.StatusRuntimeException: UNAVAILABLE: io exception
2023-03-17 00:25:06,898 [grpc-default-executor-9] WARN  server.GrpcLogAppender (LogUtils.java:warn(122)) - s1@group-2C0892D3738B->s3-AppendLogResponseHandler: Failed appendEntries: org.apache.ratis.thirdparty.io.grpc.StatusRuntimeException: UNAVAILABLE: io exception
2023-03-17 00:25:06,908 [grpc-default-executor-0] WARN  server.GrpcLogAppender (LogUtils.java:warn(122)) - s1@group-2C0892D3738B->s3-AppendLogResponseHandler: Failed appendEntries: org.apache.ratis.thirdparty.io.grpc.StatusRuntimeException: UNAVAILABLE: io exception
2023-03-17 00:25:06,908 [grpc-default-executor-0] INFO  leader.FollowerInfo (FollowerInfoImpl.java:lambda$new$0(52)) - s1@group-2C0892D3738B->s3: decreaseNextIndex nextIndex: updateUnconditionally 1 -> 0
2023-03-17 00:25:06,908 [grpc-default-executor-9] WARN  server.GrpcLogAppender (LogUtils.java:warn(122)) - s1@group-2C0892D3738B->s3-AppendLogResponseHandler: Failed appendEntries: org.apache.ratis.thirdparty.io.grpc.StatusRuntimeException: UNAVAILABLE: io exception
2023-03-17 00:25:06,912 [grpc-default-executor-9] WARN  server.GrpcLogAppender (LogUtils.java:warn(122)) - s1@group-2C0892D3738B->s4-AppendLogResponseHandler: Failed appendEntries: org.apache.ratis.thirdparty.io.grpc.StatusRuntimeException: UNAVAILABLE: io exception
2023-03-17 00:25:06,912 [grpc-default-executor-0] WARN  server.GrpcLogAppender (LogUtils.java:warn(122)) - s1@group-2C0892D3738B->s4-AppendLogResponseHandler: Failed appendEntries: org.apache.ratis.thirdparty.io.grpc.StatusRuntimeException: UNAVAILABLE: io exception
2023-03-17 00:25:06,922 [grpc-default-executor-0] WARN  server.GrpcLogAppender (LogUtils.java:warn(122)) - s1@group-2C0892D3738B->s4-AppendLogResponseHandler: Failed appendEntries: org.apache.ratis.thirdparty.io.grpc.StatusRuntimeException: UNAVAILABLE: io exception
2023-03-17 00:25:06,922 [grpc-default-executor-0] INFO  leader.FollowerInfo (FollowerInfoImpl.java:lambda$new$0(52)) - s1@group-2C0892D3738B->s4: decreaseNextIndex nextIndex: updateUnconditionally 1 -> 0
2023-03-17 00:25:06,923 [grpc-default-executor-9] WARN  server.GrpcLogAppender (LogUtils.java:warn(122)) - s1@group-2C0892D3738B->s4-AppendLogResponseHandler: Failed appendEntries: org.apache.ratis.thirdparty.io.grpc.StatusRuntimeException: UNAVAILABLE: io exception
2023-03-17 00:25:06,935 [grpc-default-executor-9] WARN  server.GrpcLogAppender (LogUtils.java:warn(122)) - s1@group-2C0892D3738B->s3-AppendLogResponseHandler: Failed appendEntries: org.apache.ratis.thirdparty.io.grpc.StatusRuntimeException: UNAVAILABLE: io exception
2023-03-17 00:25:06,935 [grpc-default-executor-0] WARN  server.GrpcLogAppender (LogUtils.java:warn(122)) - s1@group-2C0892D3738B->s3-AppendLogResponseHandler: Failed appendEntries: org.apache.ratis.thirdparty.io.grpc.StatusRuntimeException: UNAVAILABLE: io exception
2023-03-17 00:25:06,945 [grpc-default-executor-0] WARN  server.GrpcLogAppender (LogUtils.java:warn(122)) - s1@group-2C0892D3738B->s3-AppendLogResponseHandler: Failed appendEntries: org.apache.ratis.thirdparty.io.grpc.StatusRuntimeException: UNAVAILABLE: io exception
2023-03-17 00:25:06,945 [grpc-default-executor-0] INFO  leader.FollowerInfo (FollowerInfoImpl.java:lambda$new$0(52)) - s1@group-2C0892D3738B->s3: decreaseNextIndex nextIndex: updateUnconditionally 1 -> 0
2023-03-17 00:25:06,945 [grpc-default-executor-9] WARN  server.GrpcLogAppender (LogUtils.java:warn(122)) - s1@group-2C0892D3738B->s3-AppendLogResponseHandler: Failed appendEntries: org.apache.ratis.thirdparty.io.grpc.StatusRuntimeException: UNAVAILABLE: io exception
2023-03-17 00:25:06,949 [grpc-default-executor-9] WARN  server.GrpcLogAppender (LogUtils.java:warn(122)) - s1@group-2C0892D3738B->s4-AppendLogResponseHandler: Failed appendEntries: org.apache.ratis.thirdparty.io.grpc.StatusRuntimeException: UNAVAILABLE: io exception
2023-03-17 00:25:06,950 [grpc-default-executor-0] WARN  server.GrpcLogAppender (LogUtils.java:warn(122)) - s1@group-2C0892D3738B->s4-AppendLogResponseHandler: Failed appendEntries: org.apache.ratis.thirdparty.io.grpc.StatusRuntimeException: UNAVAILABLE: io exception
2023-03-17 00:25:06,960 [grpc-default-executor-0] WARN  server.GrpcLogAppender (LogUtils.java:warn(122)) - s1@group-2C0892D3738B->s4-AppendLogResponseHandler: Failed appendEntries: org.apache.ratis.thirdparty.io.grpc.StatusRuntimeException: UNAVAILABLE: io exception
2023-03-17 00:25:06,960 [grpc-default-executor-0] INFO  leader.FollowerInfo (FollowerInfoImpl.java:lambda$new$0(52)) - s1@group-2C0892D3738B->s4: decreaseNextIndex nextIndex: updateUnconditionally 1 -> 0
2023-03-17 00:25:06,960 [grpc-default-executor-9] WARN  server.GrpcLogAppender (LogUtils.java:warn(122)) - s1@group-2C0892D3738B->s4-AppendLogResponseHandler: Failed appendEntries: org.apache.ratis.thirdparty.io.grpc.StatusRuntimeException: UNAVAILABLE: io exception
2023-03-17 00:25:06,972 [grpc-default-executor-9] WARN  server.GrpcLogAppender (LogUtils.java:warn(122)) - s1@group-2C0892D3738B->s3-AppendLogResponseHandler: Failed appendEntries: org.apache.ratis.thirdparty.io.grpc.StatusRuntimeException: UNAVAILABLE: io exception
2023-03-17 00:25:06,972 [grpc-default-executor-0] WARN  server.GrpcLogAppender (LogUtils.java:warn(122)) - s1@group-2C0892D3738B->s3-AppendLogResponseHandler: Failed appendEntries: org.apache.ratis.thirdparty.io.grpc.StatusRuntimeException: UNAVAILABLE: io exception
2023-03-17 00:25:06,982 [grpc-default-executor-9] WARN  server.GrpcLogAppender (LogUtils.java:warn(122)) - s1@group-2C0892D3738B->s3-AppendLogResponseHandler: Failed appendEntries: org.apache.ratis.thirdparty.io.grpc.StatusRuntimeException: UNAVAILABLE: io exception
2023-03-17 00:25:06,982 [grpc-default-executor-9] INFO  leader.FollowerInfo (FollowerInfoImpl.java:lambda$new$0(52)) - s1@group-2C0892D3738B->s3: decreaseNextIndex nextIndex: updateUnconditionally 1 -> 0
2023-03-17 00:25:06,983 [grpc-default-executor-0] WARN  server.GrpcLogAppender (LogUtils.java:warn(122)) - s1@group-2C0892D3738B->s3-AppendLogResponseHandler: Failed appendEntries: org.apache.ratis.thirdparty.io.grpc.StatusRuntimeException: UNAVAILABLE: io exception
2023-03-17 00:25:06,987 [grpc-default-executor-0] WARN  server.GrpcLogAppender (LogUtils.java:warn(122)) - s1@group-2C0892D3738B->s4-AppendLogResponseHandler: Failed appendEntries: org.apache.ratis.thirdparty.io.grpc.StatusRuntimeException: UNAVAILABLE: io exception
2023-03-17 00:25:06,987 [grpc-default-executor-9] WARN  server.GrpcLogAppender (LogUtils.java:warn(122)) - s1@group-2C0892D3738B->s4-AppendLogResponseHandler: Failed appendEntries: org.apache.ratis.thirdparty.io.grpc.StatusRuntimeException: UNAVAILABLE: io exception
2023-03-17 00:25:06,997 [grpc-default-executor-9] WARN  server.GrpcLogAppender (LogUtils.java:warn(122)) - s1@group-2C0892D3738B->s4-AppendLogResponseHandler: Failed appendEntries: org.apache.ratis.thirdparty.io.grpc.StatusRuntimeException: UNAVAILABLE: io exception
2023-03-17 00:25:06,997 [grpc-default-executor-9] INFO  leader.FollowerInfo (FollowerInfoImpl.java:lambda$new$0(52)) - s1@group-2C0892D3738B->s4: decreaseNextIndex nextIndex: updateUnconditionally 1 -> 0
2023-03-17 00:25:06,997 [grpc-default-executor-0] WARN  server.GrpcLogAppender (LogUtils.java:warn(122)) - s1@group-2C0892D3738B->s4-AppendLogResponseHandler: Failed appendEntries: org.apache.ratis.thirdparty.io.grpc.StatusRuntimeException: UNAVAILABLE: io exception
2023-03-17 00:25:07,009 [grpc-default-executor-0] WARN  server.GrpcLogAppender (LogUtils.java:warn(122)) - s1@group-2C0892D3738B->s3-AppendLogResponseHandler: Failed appendEntries: org.apache.ratis.thirdparty.io.grpc.StatusRuntimeException: UNAVAILABLE: io exception
2023-03-17 00:25:07,009 [grpc-default-executor-9] WARN  server.GrpcLogAppender (LogUtils.java:warn(122)) - s1@group-2C0892D3738B->s3-AppendLogResponseHandler: Failed appendEntries: org.apache.ratis.thirdparty.io.grpc.StatusRuntimeException: UNAVAILABLE: io exception
2023-03-17 00:25:07,019 [grpc-default-executor-9] WARN  server.GrpcLogAppender (LogUtils.java:warn(122)) - s1@group-2C0892D3738B->s3-AppendLogResponseHandler: Failed appendEntries: org.apache.ratis.thirdparty.io.grpc.StatusRuntimeException: UNAVAILABLE: io exception
2023-03-17 00:25:07,020 [grpc-default-executor-9] INFO  leader.FollowerInfo (FollowerInfoImpl.java:lambda$new$0(52)) - s1@group-2C0892D3738B->s3: decreaseNextIndex nextIndex: updateUnconditionally 1 -> 0
2023-03-17 00:25:07,020 [grpc-default-executor-0] WARN  server.GrpcLogAppender (LogUtils.java:warn(122)) - s1@group-2C0892D3738B->s3-AppendLogResponseHandler: Failed appendEntries: org.apache.ratis.thirdparty.io.grpc.StatusRuntimeException: UNAVAILABLE: io exception
2023-03-17 00:25:07,024 [grpc-default-executor-0] WARN  server.GrpcLogAppender (LogUtils.java:warn(122)) - s1@group-2C0892D3738B->s4-AppendLogResponseHandler: Failed appendEntries: org.apache.ratis.thirdparty.io.grpc.StatusRuntimeException: UNAVAILABLE: io exception
2023-03-17 00:25:07,024 [grpc-default-executor-9] WARN  server.GrpcLogAppender (LogUtils.java:warn(122)) - s1@group-2C0892D3738B->s4-AppendLogResponseHandler: Failed appendEntries: org.apache.ratis.thirdparty.io.grpc.StatusRuntimeException: UNAVAILABLE: io exception
2023-03-17 00:25:07,034 [grpc-default-executor-9] WARN  server.GrpcLogAppender (LogUtils.java:warn(122)) - s1@group-2C0892D3738B->s4-AppendLogResponseHandler: Failed appendEntries: org.apache.ratis.thirdparty.io.grpc.StatusRuntimeException: UNAVAILABLE: io exception
2023-03-17 00:25:07,034 [grpc-default-executor-9] INFO  leader.FollowerInfo (FollowerInfoImpl.java:lambda$new$0(52)) - s1@group-2C0892D3738B->s4: decreaseNextIndex nextIndex: updateUnconditionally 1 -> 0
2023-03-17 00:25:07,034 [grpc-default-executor-0] WARN  server.GrpcLogAppender (LogUtils.java:warn(122)) - s1@group-2C0892D3738B->s4-AppendLogResponseHandler: Failed appendEntries: org.apache.ratis.thirdparty.io.grpc.StatusRuntimeException: UNAVAILABLE: io exception
2023-03-17 00:25:07,046 [grpc-default-executor-0] WARN  server.GrpcLogAppender (LogUtils.java:warn(122)) - s1@group-2C0892D3738B->s3-AppendLogResponseHandler: Failed appendEntries: org.apache.ratis.thirdparty.io.grpc.StatusRuntimeException: UNAVAILABLE: io exception
2023-03-17 00:25:07,047 [grpc-default-executor-9] WARN  server.GrpcLogAppender (LogUtils.java:warn(122)) - s1@group-2C0892D3738B->s3-AppendLogResponseHandler: Failed appendEntries: org.apache.ratis.thirdparty.io.grpc.StatusRuntimeException: UNAVAILABLE: io exception
2023-03-17 00:25:07,057 [grpc-default-executor-0] WARN  server.GrpcLogAppender (LogUtils.java:warn(122)) - s1@group-2C0892D3738B->s3-AppendLogResponseHandler: Failed appendEntries: org.apache.ratis.thirdparty.io.grpc.StatusRuntimeException: UNAVAILABLE: io exception
2023-03-17 00:25:07,057 [grpc-default-executor-9] WARN  server.GrpcLogAppender (LogUtils.java:warn(122)) - s1@group-2C0892D3738B->s3-AppendLogResponseHandler: Failed appendEntries: org.apache.ratis.thirdparty.io.grpc.StatusRuntimeException: UNAVAILABLE: io exception
2023-03-17 00:25:07,057 [grpc-default-executor-0] INFO  leader.FollowerInfo (FollowerInfoImpl.java:lambda$new$0(52)) - s1@group-2C0892D3738B->s3: decreaseNextIndex nextIndex: updateUnconditionally 1 -> 0
2023-03-17 00:25:07,061 [grpc-default-executor-0] WARN  server.GrpcLogAppender (LogUtils.java:warn(122)) - s1@group-2C0892D3738B->s4-AppendLogResponseHandler: Failed appendEntries: org.apache.ratis.thirdparty.io.grpc.StatusRuntimeException: UNAVAILABLE: io exception
2023-03-17 00:25:07,062 [grpc-default-executor-9] WARN  server.GrpcLogAppender (LogUtils.java:warn(122)) - s1@group-2C0892D3738B->s4-AppendLogResponseHandler: Failed appendEntries: org.apache.ratis.thirdparty.io.grpc.StatusRuntimeException: UNAVAILABLE: io exception
2023-03-17 00:25:07,071 [grpc-default-executor-9] WARN  server.GrpcLogAppender (LogUtils.java:warn(122)) - s1@group-2C0892D3738B->s4-AppendLogResponseHandler: Failed appendEntries: org.apache.ratis.thirdparty.io.grpc.StatusRuntimeException: UNAVAILABLE: io exception
2023-03-17 00:25:07,071 [grpc-default-executor-9] INFO  leader.FollowerInfo (FollowerInfoImpl.java:lambda$new$0(52)) - s1@group-2C0892D3738B->s4: decreaseNextIndex nextIndex: updateUnconditionally 1 -> 0
2023-03-17 00:25:07,072 [grpc-default-executor-0] WARN  server.GrpcLogAppender (LogUtils.java:warn(122)) - s1@group-2C0892D3738B->s4-AppendLogResponseHandler: Failed appendEntries: org.apache.ratis.thirdparty.io.grpc.StatusRuntimeException: UNAVAILABLE: io exception
2023-03-17 00:25:07,084 [grpc-default-executor-0] WARN  server.GrpcLogAppender (LogUtils.java:warn(122)) - s1@group-2C0892D3738B->s3-AppendLogResponseHandler: Failed appendEntries: org.apache.ratis.thirdparty.io.grpc.StatusRuntimeException: UNAVAILABLE: io exception
2023-03-17 00:25:07,084 [grpc-default-executor-9] WARN  server.GrpcLogAppender (LogUtils.java:warn(122)) - s1@group-2C0892D3738B->s3-AppendLogResponseHandler: Failed appendEntries: org.apache.ratis.thirdparty.io.grpc.StatusRuntimeException: UNAVAILABLE: io exception
2023-03-17 00:25:07,098 [grpc-default-executor-9] WARN  server.GrpcLogAppender (LogUtils.java:warn(122)) - s1@group-2C0892D3738B->s4-AppendLogResponseHandler: Failed appendEntries: org.apache.ratis.thirdparty.io.grpc.StatusRuntimeException: UNAVAILABLE: io exception
2023-03-17 00:25:07,099 [grpc-default-executor-0] WARN  server.GrpcLogAppender (LogUtils.java:warn(122)) - s1@group-2C0892D3738B->s4-AppendLogResponseHandler: Failed appendEntries: org.apache.ratis.thirdparty.io.grpc.StatusRuntimeException: UNAVAILABLE: io exception
2023-03-17 00:25:07,100 [grpc-default-executor-9] WARN  server.GrpcLogAppender (LogUtils.java:warn(122)) - s1@group-2C0892D3738B->s3-AppendLogResponseHandler: Failed appendEntries: org.apache.ratis.thirdparty.io.grpc.StatusRuntimeException: UNAVAILABLE: io exception
2023-03-17 00:25:07,100 [grpc-default-executor-9] INFO  leader.FollowerInfo (FollowerInfoImpl.java:lambda$new$0(52)) - s1@group-2C0892D3738B->s3: decreaseNextIndex nextIndex: updateUnconditionally 1 -> 0
2023-03-17 00:25:07,100 [grpc-default-executor-6] WARN  server.GrpcLogAppender (LogUtils.java:warn(122)) - s1@group-2C0892D3738B->s3-AppendLogResponseHandler: Failed appendEntries: org.apache.ratis.thirdparty.io.grpc.StatusRuntimeException: UNAVAILABLE: io exception
2023-03-17 00:25:07,109 [grpc-default-executor-6] WARN  server.GrpcLogAppender (LogUtils.java:warn(122)) - s1@group-2C0892D3738B->s4-AppendLogResponseHandler: Failed appendEntries: org.apache.ratis.thirdparty.io.grpc.StatusRuntimeException: UNAVAILABLE: io exception
2023-03-17 00:25:07,109 [grpc-default-executor-6] INFO  leader.FollowerInfo (FollowerInfoImpl.java:lambda$new$0(52)) - s1@group-2C0892D3738B->s4: decreaseNextIndex nextIndex: updateUnconditionally 1 -> 0
2023-03-17 00:25:07,109 [grpc-default-executor-9] WARN  server.GrpcLogAppender (LogUtils.java:warn(122)) - s1@group-2C0892D3738B->s4-AppendLogResponseHandler: Failed appendEntries: org.apache.ratis.thirdparty.io.grpc.StatusRuntimeException: UNAVAILABLE: io exception
2023-03-17 00:25:07,121 [grpc-default-executor-9] WARN  server.GrpcLogAppender (LogUtils.java:warn(122)) - s1@group-2C0892D3738B->s3-AppendLogResponseHandler: Failed appendEntries: org.apache.ratis.thirdparty.io.grpc.StatusRuntimeException: UNAVAILABLE: io exception
2023-03-17 00:25:07,121 [grpc-default-executor-6] WARN  server.GrpcLogAppender (LogUtils.java:warn(122)) - s1@group-2C0892D3738B->s3-AppendLogResponseHandler: Failed appendEntries: org.apache.ratis.thirdparty.io.grpc.StatusRuntimeException: UNAVAILABLE: io exception
2023-03-17 00:25:07,131 [grpc-default-executor-9] WARN  server.GrpcLogAppender (LogUtils.java:warn(122)) - s1@group-2C0892D3738B->s3-AppendLogResponseHandler: Failed appendEntries: org.apache.ratis.thirdparty.io.grpc.StatusRuntimeException: UNAVAILABLE: io exception
2023-03-17 00:25:07,131 [grpc-default-executor-6] WARN  server.GrpcLogAppender (LogUtils.java:warn(122)) - s1@group-2C0892D3738B->s3-AppendLogResponseHandler: Failed appendEntries: org.apache.ratis.thirdparty.io.grpc.StatusRuntimeException: UNAVAILABLE: io exception
2023-03-17 00:25:07,131 [grpc-default-executor-9] INFO  leader.FollowerInfo (FollowerInfoImpl.java:lambda$new$0(52)) - s1@group-2C0892D3738B->s3: decreaseNextIndex nextIndex: updateUnconditionally 1 -> 0
2023-03-17 00:25:07,136 [grpc-default-executor-6] WARN  server.GrpcLogAppender (LogUtils.java:warn(122)) - s1@group-2C0892D3738B->s4-AppendLogResponseHandler: Failed appendEntries: org.apache.ratis.thirdparty.io.grpc.StatusRuntimeException: UNAVAILABLE: io exception
2023-03-17 00:25:07,136 [grpc-default-executor-9] WARN  server.GrpcLogAppender (LogUtils.java:warn(122)) - s1@group-2C0892D3738B->s4-AppendLogResponseHandler: Failed appendEntries: org.apache.ratis.thirdparty.io.grpc.StatusRuntimeException: UNAVAILABLE: io exception
2023-03-17 00:25:07,146 [grpc-default-executor-9] WARN  server.GrpcLogAppender (LogUtils.java:warn(122)) - s1@group-2C0892D3738B->s4-AppendLogResponseHandler: Failed appendEntries: org.apache.ratis.thirdparty.io.grpc.StatusRuntimeException: UNAVAILABLE: io exception
2023-03-17 00:25:07,146 [grpc-default-executor-6] WARN  server.GrpcLogAppender (LogUtils.java:warn(122)) - s1@group-2C0892D3738B->s4-AppendLogResponseHandler: Failed appendEntries: org.apache.ratis.thirdparty.io.grpc.StatusRuntimeException: UNAVAILABLE: io exception
2023-03-17 00:25:07,146 [grpc-default-executor-9] INFO  leader.FollowerInfo (FollowerInfoImpl.java:lambda$new$0(52)) - s1@group-2C0892D3738B->s4: decreaseNextIndex nextIndex: updateUnconditionally 1 -> 0
2023-03-17 00:25:07,158 [grpc-default-executor-6] WARN  server.GrpcLogAppender (LogUtils.java:warn(122)) - s1@group-2C0892D3738B->s3-AppendLogResponseHandler: Failed appendEntries: org.apache.ratis.thirdparty.io.grpc.StatusRuntimeException: UNAVAILABLE: io exception
2023-03-17 00:25:07,158 [grpc-default-executor-9] WARN  server.GrpcLogAppender (LogUtils.java:warn(122)) - s1@group-2C0892D3738B->s3-AppendLogResponseHandler: Failed appendEntries: org.apache.ratis.thirdparty.io.grpc.StatusRuntimeException: UNAVAILABLE: io exception
2023-03-17 00:25:07,168 [grpc-default-executor-6] WARN  server.GrpcLogAppender (LogUtils.java:warn(122)) - s1@group-2C0892D3738B->s3-AppendLogResponseHandler: Failed appendEntries: org.apache.ratis.thirdparty.io.grpc.StatusRuntimeException: UNAVAILABLE: io exception
2023-03-17 00:25:07,168 [grpc-default-executor-9] WARN  server.GrpcLogAppender (LogUtils.java:warn(122)) - s1@group-2C0892D3738B->s3-AppendLogResponseHandler: Failed appendEntries: org.apache.ratis.thirdparty.io.grpc.StatusRuntimeException: UNAVAILABLE: io exception
2023-03-17 00:25:07,169 [grpc-default-executor-6] INFO  leader.FollowerInfo (FollowerInfoImpl.java:lambda$new$0(52)) - s1@group-2C0892D3738B->s3: decreaseNextIndex nextIndex: updateUnconditionally 1 -> 0
2023-03-17 00:25:07,173 [grpc-default-executor-6] WARN  server.GrpcLogAppender (LogUtils.java:warn(122)) - s1@group-2C0892D3738B->s4-AppendLogResponseHandler: Failed appendEntries: org.apache.ratis.thirdparty.io.grpc.StatusRuntimeException: UNAVAILABLE: io exception
2023-03-17 00:25:07,173 [grpc-default-executor-9] WARN  server.GrpcLogAppender (LogUtils.java:warn(122)) - s1@group-2C0892D3738B->s4-AppendLogResponseHandler: Failed appendEntries: org.apache.ratis.thirdparty.io.grpc.StatusRuntimeException: UNAVAILABLE: io exception
2023-03-17 00:25:07,183 [grpc-default-executor-6] WARN  server.GrpcLogAppender (LogUtils.java:warn(122)) - s1@group-2C0892D3738B->s4-AppendLogResponseHandler: Failed appendEntries: org.apache.ratis.thirdparty.io.grpc.StatusRuntimeException: UNAVAILABLE: io exception
2023-03-17 00:25:07,183 [grpc-default-executor-9] WARN  server.GrpcLogAppender (LogUtils.java:warn(122)) - s1@group-2C0892D3738B->s4-AppendLogResponseHandler: Failed appendEntries: org.apache.ratis.thirdparty.io.grpc.StatusRuntimeException: UNAVAILABLE: io exception
2023-03-17 00:25:07,183 [grpc-default-executor-6] INFO  leader.FollowerInfo (FollowerInfoImpl.java:lambda$new$0(52)) - s1@group-2C0892D3738B->s4: decreaseNextIndex nextIndex: updateUnconditionally 1 -> 0
2023-03-17 00:25:07,193 [s1@group-2C0892D3738B-LeaderStateImpl] DEBUG server.RaftServer$Division (LeaderStateImpl.java:checkProgress(762)) - s1@group-2C0892D3738B-LeaderStateImpl detects a follower s1@group-2C0892D3738B->s3(c-1,m-1,n0, attendVote=false, lastRpcSendTime=25, lastRpcResponseTime=945) timeout (945ms) for bootstrapping
2023-03-17 00:25:07,193 [s1@group-2C0892D3738B-LeaderStateImpl] DEBUG server.RaftServer$Division (LeaderStateImpl.java:checkProgress(762)) - s1@group-2C0892D3738B-LeaderStateImpl detects a follower s1@group-2C0892D3738B->s4(c-1,m-1,n0, attendVote=false, lastRpcSendTime=10, lastRpcResponseTime=945) timeout (945ms) for bootstrapping
2023-03-17 00:25:07,193 [s1@group-2C0892D3738B-LeaderStateImpl] DEBUG server.RaftServer$Division (LeaderStateImpl.java:fail(1210)) - s1@group-2C0892D3738B-ConfigurationStagingState: Fail to set configuration peers:[s3|rpc:0.0.0.0:46675|dataStream:|priority:0|startupRole:FOLLOWER, s4|rpc:0.0.0.0:42191|dataStream:|priority:0|startupRole:FOLLOWER, s0|rpc:localhost:34357|admin:localhost:42739|client:localhost:33183|dataStream:localhost:40849|priority:0|startupRole:FOLLOWER, s1|rpc:localhost:35345|admin:localhost:41867|client:localhost:44485|dataStream:localhost:35841|priority:0|startupRole:FOLLOWER, s2|rpc:localhost:42741|admin:localhost:41355|client:localhost:36083|dataStream:localhost:36747|priority:0|startupRole:FOLLOWER]|listeners:[] due to NOPROGRESS
2023-03-17 00:25:07,194 [s1@group-2C0892D3738B->s3-GrpcLogAppender-LogAppenderDaemon] WARN  server.GrpcLogAppender (GrpcLogAppender.java:mayWait(195)) - s1@group-2C0892D3738B->s3-GrpcLogAppender: Wait interrupted by java.lang.InterruptedException
2023-03-17 00:25:07,194 [s1@group-2C0892D3738B->s4-GrpcLogAppender-LogAppenderDaemon] WARN  server.GrpcLogAppender (GrpcLogAppender.java:mayWait(195)) - s1@group-2C0892D3738B->s4-GrpcLogAppender: Wait interrupted by java.lang.InterruptedException
2023-03-17 00:25:07,206 [Time-limited test] INFO  grpc.TestRaftReconfigurationWithGrpc (RaftReconfigurationBaseTest.java:runTestReconfTimeout(353)) - printing ALL groups
  s3:      NEW      null s3@group-2C0892D3738B:t0, leader=null, voted=null, raftlog=UNINITIALIZED, conf=-1: peers:[s3|priority:0|startupRole:FOLLOWER, s4|priority:0|startupRole:FOLLOWER, s0|rpc:localhost:34357|admin:localhost:42739|client:localhost:33183|dataStream:localhost:40849|priority:0|startupRole:FOLLOWER, s1|rpc:localhost:35345|admin:localhost:41867|client:localhost:44485|dataStream:localhost:35841|priority:0|startupRole:FOLLOWER, s2|rpc:localhost:42741|admin:localhost:41355|client:localhost:36083|dataStream:localhost:36747|priority:0|startupRole:FOLLOWER]|listeners:[], old=null NEW
  s4:      NEW      null s4@group-2C0892D3738B:t0, leader=null, voted=null, raftlog=UNINITIALIZED, conf=-1: peers:[s3|priority:0|startupRole:FOLLOWER, s4|priority:0|startupRole:FOLLOWER, s0|rpc:localhost:34357|admin:localhost:42739|client:localhost:33183|dataStream:localhost:40849|priority:0|startupRole:FOLLOWER, s1|rpc:localhost:35345|admin:localhost:41867|client:localhost:44485|dataStream:localhost:35841|priority:0|startupRole:FOLLOWER, s2|rpc:localhost:42741|admin:localhost:41355|client:localhost:36083|dataStream:localhost:36747|priority:0|startupRole:FOLLOWER]|listeners:[], old=null NEW
  s0:  RUNNING  FOLLOWER s0@group-2C0892D3738B:t1, leader=s1, voted=s1, raftlog=Memoized:s0@group-2C0892D3738B-SegmentedRaftLog:OPENED:c0, conf=0: peers:[s0|rpc:localhost:34357|admin:localhost:42739|client:localhost:33183|dataStream:localhost:40849|priority:0|startupRole:FOLLOWER, s1|rpc:localhost:35345|admin:localhost:41867|client:localhost:44485|dataStream:localhost:35841|priority:0|startupRole:FOLLOWER, s2|rpc:localhost:42741|admin:localhost:41355|client:localhost:36083|dataStream:localhost:36747|priority:0|startupRole:FOLLOWER]|listeners:[], old=null RUNNING
  s1:  RUNNING    LEADER s1@group-2C0892D3738B:t1, leader=s1, voted=s1, raftlog=Memoized:s1@group-2C0892D3738B-SegmentedRaftLog:OPENED:c0, conf=0: peers:[s0|rpc:localhost:34357|admin:localhost:42739|client:localhost:33183|dataStream:localhost:40849|priority:0|startupRole:FOLLOWER, s1|rpc:localhost:35345|admin:localhost:41867|client:localhost:44485|dataStream:localhost:35841|priority:0|startupRole:FOLLOWER, s2|rpc:localhost:42741|admin:localhost:41355|client:localhost:36083|dataStream:localhost:36747|priority:0|startupRole:FOLLOWER]|listeners:[], old=null RUNNING
  s2:  RUNNING  FOLLOWER s2@group-2C0892D3738B:t1, leader=s1, voted=s1, raftlog=Memoized:s2@group-2C0892D3738B-SegmentedRaftLog:OPENED:c0, conf=0: peers:[s0|rpc:localhost:34357|admin:localhost:42739|client:localhost:33183|dataStream:localhost:40849|priority:0|startupRole:FOLLOWER, s1|rpc:localhost:35345|admin:localhost:41867|client:localhost:44485|dataStream:localhost:35841|priority:0|startupRole:FOLLOWER, s2|rpc:localhost:42741|admin:localhost:41355|client:localhost:36083|dataStream:localhost:36747|priority:0|startupRole:FOLLOWER]|listeners:[], old=null RUNNING
2023-03-17 00:25:07,208 [s1-server-thread1] INFO  server.RaftServer$Division (RaftServerImpl.java:setConfigurationAsync(1197)) - s1@group-2C0892D3738B: receive setConfiguration SetConfigurationRequest:client-6038E509FB76->s1@group-2C0892D3738B, cid=0, seq=0, RW, null, SET_UNCONDITIONALLY, servers:[s3|rpc:0.0.0.0:46675|dataStream:|priority:0|startupRole:FOLLOWER, s4|rpc:0.0.0.0:42191|dataStream:|priority:0|startupRole:FOLLOWER, s0|rpc:localhost:34357|admin:localhost:42739|client:localhost:33183|dataStream:localhost:40849|priority:0|startupRole:FOLLOWER, s1|rpc:localhost:35345|admin:localhost:41867|client:localhost:44485|dataStream:localhost:35841|priority:0|startupRole:FOLLOWER, s2|rpc:localhost:42741|admin:localhost:41355|client:localhost:36083|dataStream:localhost:36747|priority:0|startupRole:FOLLOWER], listeners:[]
2023-03-17 00:25:07,208 [s1-server-thread1] INFO  server.RaftServer$Division (LeaderStateImpl.java:startSetConfiguration(440)) - s1@group-2C0892D3738B-LeaderStateImpl: startSetConfiguration SetConfigurationRequest:client-6038E509FB76->s1@group-2C0892D3738B, cid=0, seq=0, RW, null, SET_UNCONDITIONALLY, servers:[s3|rpc:0.0.0.0:46675|dataStream:|priority:0|startupRole:FOLLOWER, s4|rpc:0.0.0.0:42191|dataStream:|priority:0|startupRole:FOLLOWER, s0|rpc:localhost:34357|admin:localhost:42739|client:localhost:33183|dataStream:localhost:40849|priority:0|startupRole:FOLLOWER, s1|rpc:localhost:35345|admin:localhost:41867|client:localhost:44485|dataStream:localhost:35841|priority:0|startupRole:FOLLOWER, s2|rpc:localhost:42741|admin:localhost:41355|client:localhost:36083|dataStream:localhost:36747|priority:0|startupRole:FOLLOWER], listeners:[]
2023-03-17 00:25:07,208 [s1-server-thread1] INFO  server.RaftServerConfigKeys (ConfUtils.java:logGet(46)) - raft.server.log.appender.snapshot.chunk.size.max = 16MB (=16777216) (default)
2023-03-17 00:25:07,209 [s1-server-thread1] INFO  server.RaftServerConfigKeys (ConfUtils.java:logGet(46)) - raft.server.log.appender.buffer.byte-limit = 4MB (=4194304) (default)
2023-03-17 00:25:07,209 [s1-server-thread1] INFO  server.RaftServerConfigKeys (ConfUtils.java:logGet(46)) - raft.server.log.appender.buffer.element-limit = 0 (default)
2023-03-17 00:25:07,209 [s1-server-thread1] INFO  server.RaftServerConfigKeys (ConfUtils.java:logGet(46)) - raft.server.log.appender.wait-time.min = 10ms (default)
2023-03-17 00:25:07,209 [s1-server-thread1] INFO  grpc.GrpcConfigKeys (ConfUtils.java:logGet(46)) - raft.grpc.server.leader.outstanding.appends.max = 128 (default)
2023-03-17 00:25:07,209 [s1-server-thread1] INFO  server.RaftServerConfigKeys (ConfUtils.java:logGet(46)) - raft.server.rpc.request.timeout = 3000ms (default)
2023-03-17 00:25:07,209 [s1-server-thread1] INFO  grpc.GrpcConfigKeys (ConfUtils.java:logGet(46)) - raft.grpc.server.install_snapshot.request.element-limit = 8 (default)
2023-03-17 00:25:07,209 [s1-server-thread1] INFO  grpc.GrpcConfigKeys (ConfUtils.java:logGet(46)) - raft.grpc.server.install_snapshot.request.timeout = 3000ms (default)
2023-03-17 00:25:07,209 [s1-server-thread1] INFO  server.RaftServerConfigKeys (ConfUtils.java:logGet(46)) - raft.server.log.appender.install.snapshot.enabled = true (default)
2023-03-17 00:25:07,209 [s1-server-thread1] INFO  grpc.GrpcConfigKeys (ConfUtils.java:logGet(46)) - raft.grpc.server.heartbeat.channel = true (default)
2023-03-17 00:25:07,209 [s1-server-thread1] INFO  server.RaftServerConfigKeys (ConfUtils.java:logGet(46)) - raft.server.log.appender.snapshot.chunk.size.max = 16MB (=16777216) (default)
2023-03-17 00:25:07,209 [s1-server-thread1] INFO  server.RaftServerConfigKeys (ConfUtils.java:logGet(46)) - raft.server.log.appender.buffer.byte-limit = 4MB (=4194304) (default)
2023-03-17 00:25:07,209 [s1-server-thread1] INFO  server.RaftServerConfigKeys (ConfUtils.java:logGet(46)) - raft.server.log.appender.buffer.element-limit = 0 (default)
2023-03-17 00:25:07,209 [s1-server-thread1] INFO  server.RaftServerConfigKeys (ConfUtils.java:logGet(46)) - raft.server.log.appender.wait-time.min = 10ms (default)
2023-03-17 00:25:07,209 [s1-server-thread1] INFO  grpc.GrpcConfigKeys (ConfUtils.java:logGet(46)) - raft.grpc.server.leader.outstanding.appends.max = 128 (default)
2023-03-17 00:25:07,209 [s1-server-thread1] INFO  server.RaftServerConfigKeys (ConfUtils.java:logGet(46)) - raft.server.rpc.request.timeout = 3000ms (default)
2023-03-17 00:25:07,209 [s1-server-thread1] INFO  grpc.GrpcConfigKeys (ConfUtils.java:logGet(46)) - raft.grpc.server.install_snapshot.request.element-limit = 8 (default)
2023-03-17 00:25:07,209 [s1-server-thread1] INFO  grpc.GrpcConfigKeys (ConfUtils.java:logGet(46)) - raft.grpc.server.install_snapshot.request.timeout = 3000ms (default)
2023-03-17 00:25:07,209 [s1-server-thread1] INFO  server.RaftServerConfigKeys (ConfUtils.java:logGet(46)) - raft.server.log.appender.install.snapshot.enabled = true (default)
2023-03-17 00:25:07,209 [s1-server-thread1] INFO  grpc.GrpcConfigKeys (ConfUtils.java:logGet(46)) - raft.grpc.server.heartbeat.channel = true (default)
2023-03-17 00:25:07,210 [s1@group-2C0892D3738B->s3-GrpcLogAppender-LogAppenderDaemon] INFO  leader.FollowerInfo (FollowerInfoImpl.java:setAttemptedToInstallSnapshot(126)) - Follower s1@group-2C0892D3738B->s3 acknowledged installing snapshot
2023-03-17 00:25:07,210 [grpc-default-executor-8] WARN  server.GrpcLogAppender (LogUtils.java:warn(122)) - s1@group-2C0892D3738B->s3-AppendLogResponseHandler: Failed appendEntries: org.apache.ratis.thirdparty.io.grpc.StatusRuntimeException: UNAVAILABLE: io exception
2023-03-17 00:25:07,210 [grpc-default-executor-0] WARN  server.GrpcLogAppender (LogUtils.java:warn(122)) - s1@group-2C0892D3738B->s3-AppendLogResponseHandler: Failed appendEntries: org.apache.ratis.thirdparty.io.grpc.StatusRuntimeException: UNAVAILABLE: io exception
2023-03-17 00:25:07,211 [s1@group-2C0892D3738B->s4-GrpcLogAppender-LogAppenderDaemon] INFO  leader.FollowerInfo (FollowerInfoImpl.java:setAttemptedToInstallSnapshot(126)) - Follower s1@group-2C0892D3738B->s4 acknowledged installing snapshot
2023-03-17 00:25:07,211 [grpc-default-executor-8] WARN  server.GrpcLogAppender (LogUtils.java:warn(122)) - s1@group-2C0892D3738B->s4-AppendLogResponseHandler: Failed appendEntries: org.apache.ratis.thirdparty.io.grpc.StatusRuntimeException: UNAVAILABLE: io exception
2023-03-17 00:25:07,211 [grpc-default-executor-8] WARN  server.GrpcLogAppender (LogUtils.java:warn(122)) - s1@group-2C0892D3738B->s3-AppendLogResponseHandler: Failed appendEntries: org.apache.ratis.thirdparty.io.grpc.StatusRuntimeException: UNAVAILABLE: io exception
2023-03-17 00:25:07,211 [grpc-default-executor-0] WARN  server.GrpcLogAppender (LogUtils.java:warn(122)) - s1@group-2C0892D3738B->s3-AppendLogResponseHandler: Failed appendEntries: org.apache.ratis.thirdparty.io.grpc.StatusRuntimeException: UNAVAILABLE: io exception
2023-03-17 00:25:07,211 [grpc-default-executor-6] WARN  server.GrpcLogAppender (LogUtils.java:warn(122)) - s1@group-2C0892D3738B->s4-AppendLogResponseHandler: Failed appendEntries: org.apache.ratis.thirdparty.io.grpc.StatusRuntimeException: UNAVAILABLE: io exception
2023-03-17 00:25:07,212 [grpc-default-executor-8] WARN  server.GrpcLogAppender (LogUtils.java:warn(122)) - s1@group-2C0892D3738B->s4-AppendLogResponseHandler: Failed appendEntries: org.apache.ratis.thirdparty.io.grpc.StatusRuntimeException: UNAVAILABLE: io exception
2023-03-17 00:25:07,212 [grpc-default-executor-6] WARN  server.GrpcLogAppender (LogUtils.java:warn(122)) - s1@group-2C0892D3738B->s4-AppendLogResponseHandler: Failed appendEntries: org.apache.ratis.thirdparty.io.grpc.StatusRuntimeException: UNAVAILABLE: io exception
2023-03-17 00:25:07,212 [grpc-default-executor-0] WARN  server.GrpcLogAppender (LogUtils.java:warn(122)) - s1@group-2C0892D3738B->s4-AppendLogResponseHandler: Failed appendEntries: org.apache.ratis.thirdparty.io.grpc.StatusRuntimeException: UNAVAILABLE: io exception
2023-03-17 00:25:07,212 [grpc-default-executor-6] WARN  server.GrpcLogAppender (LogUtils.java:warn(122)) - s1@group-2C0892D3738B->s4-AppendLogResponseHandler: Failed appendEntries: org.apache.ratis.thirdparty.io.grpc.StatusRuntimeException: UNAVAILABLE: io exception
2023-03-17 00:25:07,221 [grpc-default-executor-6] WARN  server.GrpcLogAppender (LogUtils.java:warn(122)) - s1@group-2C0892D3738B->s3-AppendLogResponseHandler: Failed appendEntries: org.apache.ratis.thirdparty.io.grpc.StatusRuntimeException: UNAVAILABLE: io exception
2023-03-17 00:25:07,221 [grpc-default-executor-0] WARN  server.GrpcLogAppender (LogUtils.java:warn(122)) - s1@group-2C0892D3738B->s3-AppendLogResponseHandler: Failed appendEntries: org.apache.ratis.thirdparty.io.grpc.StatusRuntimeException: UNAVAILABLE: io exception
2023-03-17 00:25:07,221 [grpc-default-executor-6] INFO  leader.FollowerInfo (FollowerInfoImpl.java:lambda$new$0(52)) - s1@group-2C0892D3738B->s3: decreaseNextIndex nextIndex: updateUnconditionally 1 -> 0
2023-03-17 00:25:07,222 [grpc-default-executor-0] WARN  server.GrpcLogAppender (LogUtils.java:warn(122)) - s1@group-2C0892D3738B->s4-AppendLogResponseHandler: Failed appendEntries: org.apache.ratis.thirdparty.io.grpc.StatusRuntimeException: UNAVAILABLE: io exception
2023-03-17 00:25:07,222 [grpc-default-executor-6] WARN  server.GrpcLogAppender (LogUtils.java:warn(122)) - s1@group-2C0892D3738B->s4-AppendLogResponseHandler: Failed appendEntries: org.apache.ratis.thirdparty.io.grpc.StatusRuntimeException: UNAVAILABLE: io exception
2023-03-17 00:25:07,222 [grpc-default-executor-0] INFO  leader.FollowerInfo (FollowerInfoImpl.java:lambda$new$0(52)) - s1@group-2C0892D3738B->s4: decreaseNextIndex nextIndex: updateUnconditionally 1 -> 0
2023-03-17 00:25:07,222 [grpc-default-executor-6] WARN  server.GrpcLogAppender (LogUtils.java:warn(122)) - s1@group-2C0892D3738B->s4-AppendLogResponseHandler: Failed appendEntries: org.apache.ratis.thirdparty.io.grpc.StatusRuntimeException: UNAVAILABLE: io exception
2023-03-17 00:25:07,222 [grpc-default-executor-0] WARN  server.GrpcLogAppender (LogUtils.java:warn(122)) - s1@group-2C0892D3738B->s4-AppendLogResponseHandler: Failed appendEntries: org.apache.ratis.thirdparty.io.grpc.StatusRuntimeException: UNAVAILABLE: io exception
2023-03-17 00:25:07,222 [grpc-default-executor-6] INFO  leader.FollowerInfo (FollowerInfoImpl.java:lambda$new$0(52)) - s1@group-2C0892D3738B->s4: decreaseNextIndex nextIndex: updateUnconditionally 1 -> 0
2023-03-17 00:25:07,223 [grpc-default-executor-0] WARN  server.GrpcLogAppender (LogUtils.java:warn(122)) - s1@group-2C0892D3738B->s4-AppendLogResponseHandler: Failed appendEntries: org.apache.ratis.thirdparty.io.grpc.StatusRuntimeException: UNAVAILABLE: io exception
2023-03-17 00:25:07,223 [grpc-default-executor-6] WARN  server.GrpcLogAppender (LogUtils.java:warn(122)) - s1@group-2C0892D3738B->s4-AppendLogResponseHandler: Failed appendEntries: org.apache.ratis.thirdparty.io.grpc.StatusRuntimeException: UNAVAILABLE: io exception
2023-03-17 00:25:07,223 [grpc-default-executor-0] INFO  leader.FollowerInfo (FollowerInfoImpl.java:lambda$new$0(52)) - s1@group-2C0892D3738B->s4: decreaseNextIndex nextIndex: updateUnconditionally 1 -> 0
2023-03-17 00:25:07,223 [grpc-default-executor-6] WARN  server.GrpcLogAppender (LogUtils.java:warn(122)) - s1@group-2C0892D3738B->s4-AppendLogResponseHandler: Failed appendEntries: org.apache.ratis.thirdparty.io.grpc.StatusRuntimeException: UNAVAILABLE: io exception
2023-03-17 00:25:07,223 [grpc-default-executor-0] WARN  server.GrpcLogAppender (LogUtils.java:warn(122)) - s1@group-2C0892D3738B->s4-AppendLogResponseHandler: Failed appendEntries: org.apache.ratis.thirdparty.io.grpc.StatusRuntimeException: UNAVAILABLE: io exception
2023-03-17 00:25:07,224 [grpc-default-executor-6] INFO  leader.FollowerInfo (FollowerInfoImpl.java:lambda$new$0(52)) - s1@group-2C0892D3738B->s4: decreaseNextIndex nextIndex: updateUnconditionally 1 -> 0
2023-03-17 00:25:07,224 [grpc-default-executor-0] WARN  server.GrpcLogAppender (LogUtils.java:warn(122)) - s1@group-2C0892D3738B->s4-AppendLogResponseHandler: Failed appendEntries: org.apache.ratis.thirdparty.io.grpc.StatusRuntimeException: UNAVAILABLE: io exception
2023-03-17 00:25:07,224 [grpc-default-executor-6] WARN  server.GrpcLogAppender (LogUtils.java:warn(122)) - s1@group-2C0892D3738B->s4-AppendLogResponseHandler: Failed appendEntries: org.apache.ratis.thirdparty.io.grpc.StatusRuntimeException: UNAVAILABLE: io exception
2023-03-17 00:25:07,224 [grpc-default-executor-0] INFO  leader.FollowerInfo (FollowerInfoImpl.java:lambda$new$0(52)) - s1@group-2C0892D3738B->s4: decreaseNextIndex nextIndex: updateUnconditionally 1 -> 0
2023-03-17 00:25:07,225 [grpc-default-executor-6] WARN  server.GrpcLogAppender (LogUtils.java:warn(122)) - s1@group-2C0892D3738B->s4-AppendLogResponseHandler: Failed appendEntries: org.apache.ratis.thirdparty.io.grpc.StatusRuntimeException: UNAVAILABLE: io exception
2023-03-17 00:25:07,225 [grpc-default-executor-0] WARN  server.GrpcLogAppender (LogUtils.java:warn(122)) - s1@group-2C0892D3738B->s4-AppendLogResponseHandler: Failed appendEntries: org.apache.ratis.thirdparty.io.grpc.StatusRuntimeException: UNAVAILABLE: io exception
2023-03-17 00:25:07,225 [grpc-default-executor-6] INFO  leader.FollowerInfo (FollowerInfoImpl.java:lambda$new$0(52)) - s1@group-2C0892D3738B->s4: decreaseNextIndex nextIndex: updateUnconditionally 1 -> 0
2023-03-17 00:25:07,225 [grpc-default-executor-0] WARN  server.GrpcLogAppender (LogUtils.java:warn(122)) - s1@group-2C0892D3738B->s4-AppendLogResponseHandler: Failed appendEntries: org.apache.ratis.thirdparty.io.grpc.StatusRuntimeException: UNAVAILABLE: io exception
2023-03-17 00:25:07,225 [grpc-default-executor-6] WARN  server.GrpcLogAppender (LogUtils.java:warn(122)) - s1@group-2C0892D3738B->s4-AppendLogResponseHandler: Failed appendEntries: org.apache.ratis.thirdparty.io.grpc.StatusRuntimeException: UNAVAILABLE: io exception
2023-03-17 00:25:07,225 [grpc-default-executor-0] INFO  leader.FollowerInfo (FollowerInfoImpl.java:lambda$new$0(52)) - s1@group-2C0892D3738B->s4: decreaseNextIndex nextIndex: updateUnconditionally 1 -> 0
2023-03-17 00:25:07,226 [grpc-default-executor-6] WARN  server.GrpcLogAppender (LogUtils.java:warn(122)) - s1@group-2C0892D3738B->s4-AppendLogResponseHandler: Failed appendEntries: org.apache.ratis.thirdparty.io.grpc.StatusRuntimeException: UNAVAILABLE: io exception
2023-03-17 00:25:07,226 [grpc-default-executor-0] WARN  server.GrpcLogAppender (LogUtils.java:warn(122)) - s1@group-2C0892D3738B->s4-AppendLogResponseHandler: Failed appendEntries: org.apache.ratis.thirdparty.io.grpc.StatusRuntimeException: UNAVAILABLE: io exception
2023-03-17 00:25:07,226 [grpc-default-executor-6] INFO  leader.FollowerInfo (FollowerInfoImpl.java:lambda$new$0(52)) - s1@group-2C0892D3738B->s4: decreaseNextIndex nextIndex: updateUnconditionally 1 -> 0
2023-03-17 00:25:07,226 [grpc-default-executor-0] WARN  server.GrpcLogAppender (LogUtils.java:warn(122)) - s1@group-2C0892D3738B->s4-AppendLogResponseHandler: Failed appendEntries: org.apache.ratis.thirdparty.io.grpc.StatusRuntimeException: UNAVAILABLE: io exception
2023-03-17 00:25:07,226 [grpc-default-executor-6] WARN  server.GrpcLogAppender (LogUtils.java:warn(122)) - s1@group-2C0892D3738B->s4-AppendLogResponseHandler: Failed appendEntries: org.apache.ratis.thirdparty.io.grpc.StatusRuntimeException: UNAVAILABLE: io exception
2023-03-17 00:25:07,226 [grpc-default-executor-0] INFO  leader.FollowerInfo (FollowerInfoImpl.java:lambda$new$0(52)) - s1@group-2C0892D3738B->s4: decreaseNextIndex nextIndex: updateUnconditionally 1 -> 0
2023-03-17 00:25:07,227 [grpc-default-executor-6] WARN  server.GrpcLogAppender (LogUtils.java:warn(122)) - s1@group-2C0892D3738B->s4-AppendLogResponseHandler: Failed appendEntries: org.apache.ratis.thirdparty.io.grpc.StatusRuntimeException: UNAVAILABLE: io exception
2023-03-17 00:25:07,227 [grpc-default-executor-0] WARN  server.GrpcLogAppender (LogUtils.java:warn(122)) - s1@group-2C0892D3738B->s4-AppendLogResponseHandler: Failed appendEntries: org.apache.ratis.thirdparty.io.grpc.StatusRuntimeException: UNAVAILABLE: io exception
2023-03-17 00:25:07,227 [grpc-default-executor-6] INFO  leader.FollowerInfo (FollowerInfoImpl.java:lambda$new$0(52)) - s1@group-2C0892D3738B->s4: decreaseNextIndex nextIndex: updateUnconditionally 1 -> 0
2023-03-17 00:25:07,227 [grpc-default-executor-0] WARN  server.GrpcLogAppender (LogUtils.java:warn(122)) - s1@group-2C0892D3738B->s4-AppendLogResponseHandler: Failed appendEntries: org.apache.ratis.thirdparty.io.grpc.StatusRuntimeException: UNAVAILABLE: io exception
2023-03-17 00:25:07,227 [grpc-default-executor-6] WARN  server.GrpcLogAppender (LogUtils.java:warn(122)) - s1@group-2C0892D3738B->s4-AppendLogResponseHandler: Failed appendEntries: org.apache.ratis.thirdparty.io.grpc.StatusRuntimeException: UNAVAILABLE: io exception
2023-03-17 00:25:07,227 [grpc-default-executor-0] INFO  leader.FollowerInfo (FollowerInfoImpl.java:lambda$new$0(52)) - s1@group-2C0892D3738B->s4: decreaseNextIndex nextIndex: updateUnconditionally 1 -> 0
2023-03-17 00:25:07,228 [grpc-default-executor-6] WARN  server.GrpcLogAppender (LogUtils.java:warn(122)) - s1@group-2C0892D3738B->s4-AppendLogResponseHandler: Failed appendEntries: org.apache.ratis.thirdparty.io.grpc.StatusRuntimeException: UNAVAILABLE: io exception
2023-03-17 00:25:07,228 [grpc-default-executor-0] WARN  server.GrpcLogAppender (LogUtils.java:warn(122)) - s1@group-2C0892D3738B->s4-AppendLogResponseHandler: Failed appendEntries: org.apache.ratis.thirdparty.io.grpc.StatusRuntimeException: UNAVAILABLE: io exception
2023-03-17 00:25:07,228 [grpc-default-executor-6] INFO  leader.FollowerInfo (FollowerInfoImpl.java:lambda$new$0(52)) - s1@group-2C0892D3738B->s4: decreaseNextIndex nextIndex: updateUnconditionally 1 -> 0
2023-03-17 00:25:07,228 [grpc-default-executor-0] WARN  server.GrpcLogAppender (LogUtils.java:warn(122)) - s1@group-2C0892D3738B->s4-AppendLogResponseHandler: Failed appendEntries: org.apache.ratis.thirdparty.io.grpc.StatusRuntimeException: UNAVAILABLE: io exception
2023-03-17 00:25:07,228 [grpc-default-executor-6] WARN  server.GrpcLogAppender (LogUtils.java:warn(122)) - s1@group-2C0892D3738B->s4-AppendLogResponseHandler: Failed appendEntries: org.apache.ratis.thirdparty.io.grpc.StatusRuntimeException: UNAVAILABLE: io exception
2023-03-17 00:25:07,229 [grpc-default-executor-0] INFO  leader.FollowerInfo (FollowerInfoImpl.java:lambda$new$0(52)) - s1@group-2C0892D3738B->s4: decreaseNextIndex nextIndex: updateUnconditionally 1 -> 0
2023-03-17 00:25:07,229 [grpc-default-executor-6] WARN  server.GrpcLogAppender (LogUtils.java:warn(122)) - s1@group-2C0892D3738B->s4-AppendLogResponseHandler: Failed appendEntries: org.apache.ratis.thirdparty.io.grpc.StatusRuntimeException: UNAVAILABLE: io exception
2023-03-17 00:25:07,229 [grpc-default-executor-0] WARN  server.GrpcLogAppender (LogUtils.java:warn(122)) - s1@group-2C0892D3738B->s4-AppendLogResponseHandler: Failed appendEntries: org.apache.ratis.thirdparty.io.grpc.StatusRuntimeException: UNAVAILABLE: io exception
2023-03-17 00:25:07,229 [grpc-default-executor-6] INFO  leader.FollowerInfo (FollowerInfoImpl.java:lambda$new$0(52)) - s1@group-2C0892D3738B->s4: decreaseNextIndex nextIndex: updateUnconditionally 1 -> 0
2023-03-17 00:25:07,230 [grpc-default-executor-0] WARN  server.GrpcLogAppender (LogUtils.java:warn(122)) - s1@group-2C0892D3738B->s4-AppendLogResponseHandler: Failed appendEntries: org.apache.ratis.thirdparty.io.grpc.StatusRuntimeException: UNAVAILABLE: io exception
2023-03-17 00:25:07,230 [grpc-default-executor-6] WARN  server.GrpcLogAppender (LogUtils.java:warn(122)) - s1@group-2C0892D3738B->s4-AppendLogResponseHandler: Failed appendEntries: org.apache.ratis.thirdparty.io.grpc.StatusRuntimeException: UNAVAILABLE: io exception
2023-03-17 00:25:07,230 [grpc-default-executor-0] INFO  leader.FollowerInfo (FollowerInfoImpl.java:lambda$new$0(52)) - s1@group-2C0892D3738B->s4: decreaseNextIndex nextIndex: updateUnconditionally 1 -> 0
2023-03-17 00:25:07,230 [grpc-default-executor-6] WARN  server.GrpcLogAppender (LogUtils.java:warn(122)) - s1@group-2C0892D3738B->s4-AppendLogResponseHandler: Failed appendEntries: org.apache.ratis.thirdparty.io.grpc.StatusRuntimeException: UNAVAILABLE: io exception
2023-03-17 00:25:07,230 [grpc-default-executor-0] WARN  server.GrpcLogAppender (LogUtils.java:warn(122)) - s1@group-2C0892D3738B->s4-AppendLogResponseHandler: Failed appendEntries: org.apache.ratis.thirdparty.io.grpc.StatusRuntimeException: UNAVAILABLE: io exception
2023-03-17 00:25:07,231 [grpc-default-executor-6] INFO  leader.FollowerInfo (FollowerInfoImpl.java:lambda$new$0(52)) - s1@group-2C0892D3738B->s4: decreaseNextIndex nextIndex: updateUnconditionally 1 -> 0
2023-03-17 00:25:07,231 [grpc-default-executor-0] WARN  server.GrpcLogAppender (LogUtils.java:warn(122)) - s1@group-2C0892D3738B->s4-AppendLogResponseHandler: Failed appendEntries: org.apache.ratis.thirdparty.io.grpc.StatusRuntimeException: UNAVAILABLE: io exception
2023-03-17 00:25:07,231 [grpc-default-executor-6] WARN  server.GrpcLogAppender (LogUtils.java:warn(122)) - s1@group-2C0892D3738B->s4-AppendLogResponseHandler: Failed appendEntries: org.apache.ratis.thirdparty.io.grpc.StatusRuntimeException: UNAVAILABLE: io exception
2023-03-17 00:25:07,231 [grpc-default-executor-0] INFO  leader.FollowerInfo (FollowerInfoImpl.java:lambda$new$0(52)) - s1@group-2C0892D3738B->s4: decreaseNextIndex nextIndex: updateUnconditionally 1 -> 0
2023-03-17 00:25:07,232 [grpc-default-executor-6] WARN  server.GrpcLogAppender (LogUtils.java:warn(122)) - s1@group-2C0892D3738B->s4-AppendLogResponseHandler: Failed appendEntries: org.apache.ratis.thirdparty.io.grpc.StatusRuntimeException: UNAVAILABLE: io exception
2023-03-17 00:25:07,232 [grpc-default-executor-0] WARN  server.GrpcLogAppender (LogUtils.java:warn(122)) - s1@group-2C0892D3738B->s4-AppendLogResponseHandler: Failed appendEntries: org.apache.ratis.thirdparty.io.grpc.StatusRuntimeException: UNAVAILABLE: io exception
2023-03-17 00:25:07,232 [grpc-default-executor-6] INFO  leader.FollowerInfo (FollowerInfoImpl.java:lambda$new$0(52)) - s1@group-2C0892D3738B->s4: decreaseNextIndex nextIndex: updateUnconditionally 1 -> 0
2023-03-17 00:25:07,232 [grpc-default-executor-0] WARN  server.GrpcLogAppender (LogUtils.java:warn(122)) - s1@group-2C0892D3738B->s4-AppendLogResponseHandler: Failed appendEntries: org.apache.ratis.thirdparty.io.grpc.StatusRuntimeException: UNAVAILABLE: io exception
2023-03-17 00:25:07,232 [grpc-default-executor-6] WARN  server.GrpcLogAppender (LogUtils.java:warn(122)) - s1@group-2C0892D3738B->s4-AppendLogResponseHandler: Failed appendEntries: org.apache.ratis.thirdparty.io.grpc.StatusRuntimeException: UNAVAILABLE: io exception
2023-03-17 00:25:07,232 [grpc-default-executor-0] INFO  leader.FollowerInfo (FollowerInfoImpl.java:lambda$new$0(52)) - s1@group-2C0892D3738B->s4: decreaseNextIndex nextIndex: updateUnconditionally 1 -> 0
2023-03-17 00:25:07,233 [grpc-default-executor-6] WARN  server.GrpcLogAppender (LogUtils.java:warn(122)) - s1@group-2C0892D3738B->s4-AppendLogResponseHandler: Failed appendEntries: org.apache.ratis.thirdparty.io.grpc.StatusRuntimeException: UNAVAILABLE: io exception
2023-03-17 00:25:07,233 [grpc-default-executor-0] WARN  server.GrpcLogAppender (LogUtils.java:warn(122)) - s1@group-2C0892D3738B->s4-AppendLogResponseHandler: Failed appendEntries: org.apache.ratis.thirdparty.io.grpc.StatusRuntimeException: UNAVAILABLE: io exception
2023-03-17 00:25:07,233 [grpc-default-executor-6] INFO  leader.FollowerInfo (FollowerInfoImpl.java:lambda$new$0(52)) - s1@group-2C0892D3738B->s4: decreaseNextIndex nextIndex: updateUnconditionally 1 -> 0
2023-03-17 00:25:07,233 [grpc-default-executor-0] WARN  server.GrpcLogAppender (LogUtils.java:warn(122)) - s1@group-2C0892D3738B->s4-AppendLogResponseHandler: Failed appendEntries: org.apache.ratis.thirdparty.io.grpc.StatusRuntimeException: UNAVAILABLE: io exception
2023-03-17 00:25:07,233 [grpc-default-executor-6] WARN  server.GrpcLogAppender (LogUtils.java:warn(122)) - s1@group-2C0892D3738B->s4-AppendLogResponseHandler: Failed appendEntries: org.apache.ratis.thirdparty.io.grpc.StatusRuntimeException: UNAVAILABLE: io exception
2023-03-17 00:25:07,233 [grpc-default-executor-0] INFO  leader.FollowerInfo (FollowerInfoImpl.java:lambda$new$0(52)) - s1@group-2C0892D3738B->s4: decreaseNextIndex nextIndex: updateUnconditionally 1 -> 0
2023-03-17 00:25:07,234 [grpc-default-executor-6] WARN  server.GrpcLogAppender (LogUtils.java:warn(122)) - s1@group-2C0892D3738B->s4-AppendLogResponseHandler: Failed appendEntries: org.apache.ratis.thirdparty.io.grpc.StatusRuntimeException: UNAVAILABLE: io exception
2023-03-17 00:25:07,234 [grpc-default-executor-0] WARN  server.GrpcLogAppender (LogUtils.java:warn(122)) - s1@group-2C0892D3738B->s4-AppendLogResponseHandler: Failed appendEntries: org.apache.ratis.thirdparty.io.grpc.StatusRuntimeException: UNAVAILABLE: io exception
2023-03-17 00:25:07,234 [grpc-default-executor-6] INFO  leader.FollowerInfo (FollowerInfoImpl.java:lambda$new$0(52)) - s1@group-2C0892D3738B->s4: decreaseNextIndex nextIndex: updateUnconditionally 1 -> 0
2023-03-17 00:25:07,234 [grpc-default-executor-0] WARN  server.GrpcLogAppender (LogUtils.java:warn(122)) - s1@group-2C0892D3738B->s4-AppendLogResponseHandler: Failed appendEntries: org.apache.ratis.thirdparty.io.grpc.StatusRuntimeException: UNAVAILABLE: io exception
2023-03-17 00:25:07,234 [grpc-default-executor-6] WARN  server.GrpcLogAppender (LogUtils.java:warn(122)) - s1@group-2C0892D3738B->s4-AppendLogResponseHandler: Failed appendEntries: org.apache.ratis.thirdparty.io.grpc.StatusRuntimeException: UNAVAILABLE: io exception
2023-03-17 00:25:07,235 [grpc-default-executor-0] INFO  leader.FollowerInfo (FollowerInfoImpl.java:lambda$new$0(52)) - s1@group-2C0892D3738B->s4: decreaseNextIndex nextIndex: updateUnconditionally 1 -> 0
2023-03-17 00:25:07,235 [grpc-default-executor-6] WARN  server.GrpcLogAppender (LogUtils.java:warn(122)) - s1@group-2C0892D3738B->s4-AppendLogResponseHandler: Failed appendEntries: org.apache.ratis.thirdparty.io.grpc.StatusRuntimeException: UNAVAILABLE: io exception
2023-03-17 00:25:07,235 [grpc-default-executor-0] WARN  server.GrpcLogAppender (LogUtils.java:warn(122)) - s1@group-2C0892D3738B->s4-AppendLogResponseHandler: Failed appendEntries: org.apache.ratis.thirdparty.io.grpc.StatusRuntimeException: UNAVAILABLE: io exception
2023-03-17 00:25:07,235 [grpc-default-executor-6] INFO  leader.FollowerInfo (FollowerInfoImpl.java:lambda$new$0(52)) - s1@group-2C0892D3738B->s4: decreaseNextIndex nextIndex: updateUnconditionally 1 -> 0
2023-03-17 00:25:07,236 [grpc-default-executor-0] WARN  server.GrpcLogAppender (LogUtils.java:warn(122)) - s1@group-2C0892D3738B->s4-AppendLogResponseHandler: Failed appendEntries: org.apache.ratis.thirdparty.io.grpc.StatusRuntimeException: UNAVAILABLE: io exception
2023-03-17 00:25:07,236 [grpc-default-executor-6] WARN  server.GrpcLogAppender (LogUtils.java:warn(122)) - s1@group-2C0892D3738B->s4-AppendLogResponseHandler: Failed appendEntries: org.apache.ratis.thirdparty.io.grpc.StatusRuntimeException: UNAVAILABLE: io exception
2023-03-17 00:25:07,236 [grpc-default-executor-0] INFO  leader.FollowerInfo (FollowerInfoImpl.java:lambda$new$0(52)) - s1@group-2C0892D3738B->s4: decreaseNextIndex nextIndex: updateUnconditionally 1 -> 0
2023-03-17 00:25:07,236 [grpc-default-executor-6] WARN  server.GrpcLogAppender (LogUtils.java:warn(122)) - s1@group-2C0892D3738B->s4-AppendLogResponseHandler: Failed appendEntries: org.apache.ratis.thirdparty.io.grpc.StatusRuntimeException: UNAVAILABLE: io exception
2023-03-17 00:25:07,236 [grpc-default-executor-0] WARN  server.GrpcLogAppender (LogUtils.java:warn(122)) - s1@group-2C0892D3738B->s4-AppendLogResponseHandler: Failed appendEntries: org.apache.ratis.thirdparty.io.grpc.StatusRuntimeException: UNAVAILABLE: io exception
2023-03-17 00:25:07,236 [grpc-default-executor-6] INFO  leader.FollowerInfo (FollowerInfoImpl.java:lambda$new$0(52)) - s1@group-2C0892D3738B->s4: decreaseNextIndex nextIndex: updateUnconditionally 1 -> 0
2023-03-17 00:25:07,237 [grpc-default-executor-0] WARN  server.GrpcLogAppender (LogUtils.java:warn(122)) - s1@group-2C0892D3738B->s4-AppendLogResponseHandler: Failed appendEntries: org.apache.ratis.thirdparty.io.grpc.StatusRuntimeException: UNAVAILABLE: io exception
2023-03-17 00:25:07,237 [grpc-default-executor-6] WARN  server.GrpcLogAppender (LogUtils.java:warn(122)) - s1@group-2C0892D3738B->s4-AppendLogResponseHandler: Failed appendEntries: org.apache.ratis.thirdparty.io.grpc.StatusRuntimeException: UNAVAILABLE: io exception
2023-03-17 00:25:07,237 [grpc-default-executor-0] INFO  leader.FollowerInfo (FollowerInfoImpl.java:lambda$new$0(52)) - s1@group-2C0892D3738B->s4: decreaseNextIndex nextIndex: updateUnconditionally 1 -> 0
2023-03-17 00:25:07,237 [grpc-default-executor-6] WARN  server.GrpcLogAppender (LogUtils.java:warn(122)) - s1@group-2C0892D3738B->s4-AppendLogResponseHandler: Failed appendEntries: org.apache.ratis.thirdparty.io.grpc.StatusRuntimeException: UNAVAILABLE: io exception
2023-03-17 00:25:07,237 [grpc-default-executor-0] WARN  server.GrpcLogAppender (LogUtils.java:warn(122)) - s1@group-2C0892D3738B->s4-AppendLogResponseHandler: Failed appendEntries: org.apache.ratis.thirdparty.io.grpc.StatusRuntimeException: UNAVAILABLE: io exception
2023-03-17 00:25:07,238 [grpc-default-executor-6] INFO  leader.FollowerInfo (FollowerInfoImpl.java:lambda$new$0(52)) - s1@group-2C0892D3738B->s4: decreaseNextIndex nextIndex: updateUnconditionally 1 -> 0
2023-03-17 00:25:07,238 [grpc-default-executor-0] WARN  server.GrpcLogAppender (LogUtils.java:warn(122)) - s1@group-2C0892D3738B->s4-AppendLogResponseHandler: Failed appendEntries: org.apache.ratis.thirdparty.io.grpc.StatusRuntimeException: UNAVAILABLE: io exception
2023-03-17 00:25:07,238 [grpc-default-executor-6] WARN  server.GrpcLogAppender (LogUtils.java:warn(122)) - s1@group-2C0892D3738B->s4-AppendLogResponseHandler: Failed appendEntries: org.apache.ratis.thirdparty.io.grpc.StatusRuntimeException: UNAVAILABLE: io exception
2023-03-17 00:25:07,238 [grpc-default-executor-0] INFO  leader.FollowerInfo (FollowerInfoImpl.java:lambda$new$0(52)) - s1@group-2C0892D3738B->s4: decreaseNextIndex nextIndex: updateUnconditionally 1 -> 0
2023-03-17 00:25:07,238 [grpc-default-executor-6] WARN  server.GrpcLogAppender (LogUtils.java:warn(122)) - s1@group-2C0892D3738B->s4-AppendLogResponseHandler: Failed appendEntries: org.apache.ratis.thirdparty.io.grpc.StatusRuntimeException: UNAVAILABLE: io exception
2023-03-17 00:25:07,239 [grpc-default-executor-0] WARN  server.GrpcLogAppender (LogUtils.java:warn(122)) - s1@group-2C0892D3738B->s4-AppendLogResponseHandler: Failed appendEntries: org.apache.ratis.thirdparty.io.grpc.StatusRuntimeException: UNAVAILABLE: io exception
2023-03-17 00:25:07,239 [grpc-default-executor-6] INFO  leader.FollowerInfo (FollowerInfoImpl.java:lambda$new$0(52)) - s1@group-2C0892D3738B->s4: decreaseNextIndex nextIndex: updateUnconditionally 1 -> 0
2023-03-17 00:25:07,239 [grpc-default-executor-0] WARN  server.GrpcLogAppender (LogUtils.java:warn(122)) - s1@group-2C0892D3738B->s4-AppendLogResponseHandler: Failed appendEntries: org.apache.ratis.thirdparty.io.grpc.StatusRuntimeException: UNAVAILABLE: io exception
2023-03-17 00:25:07,239 [grpc-default-executor-6] WARN  server.GrpcLogAppender (LogUtils.java:warn(122)) - s1@group-2C0892D3738B->s4-AppendLogResponseHandler: Failed appendEntries: org.apache.ratis.thirdparty.io.grpc.StatusRuntimeException: UNAVAILABLE: io exception
2023-03-17 00:25:07,239 [grpc-default-executor-0] INFO  leader.FollowerInfo (FollowerInfoImpl.java:lambda$new$0(52)) - s1@group-2C0892D3738B->s4: decreaseNextIndex nextIndex: updateUnconditionally 1 -> 0
2023-03-17 00:25:07,240 [grpc-default-executor-6] WARN  server.GrpcLogAppender (LogUtils.java:warn(122)) - s1@group-2C0892D3738B->s4-AppendLogResponseHandler: Failed appendEntries: org.apache.ratis.thirdparty.io.grpc.StatusRuntimeException: UNAVAILABLE: io exception
2023-03-17 00:25:07,240 [grpc-default-executor-0] WARN  server.GrpcLogAppender (LogUtils.java:warn(122)) - s1@group-2C0892D3738B->s4-AppendLogResponseHandler: Failed appendEntries: org.apache.ratis.thirdparty.io.grpc.StatusRuntimeException: UNAVAILABLE: io exception
2023-03-17 00:25:07,240 [grpc-default-executor-6] INFO  leader.FollowerInfo (FollowerInfoImpl.java:lambda$new$0(52)) - s1@group-2C0892D3738B->s4: decreaseNextIndex nextIndex: updateUnconditionally 1 -> 0
2023-03-17 00:25:07,240 [grpc-default-executor-0] WARN  server.GrpcLogAppender (LogUtils.java:warn(122)) - s1@group-2C0892D3738B->s4-AppendLogResponseHandler: Failed appendEntries: org.apache.ratis.thirdparty.io.grpc.StatusRuntimeException: UNAVAILABLE: io exception
2023-03-17 00:25:07,240 [grpc-default-executor-6] WARN  server.GrpcLogAppender (LogUtils.java:warn(122)) - s1@group-2C0892D3738B->s4-AppendLogResponseHandler: Failed appendEntries: org.apache.ratis.thirdparty.io.grpc.StatusRuntimeException: UNAVAILABLE: io exception
2023-03-17 00:25:07,240 [grpc-default-executor-0] INFO  leader.FollowerInfo (FollowerInfoImpl.java:lambda$new$0(52)) - s1@group-2C0892D3738B->s4: decreaseNextIndex nextIndex: updateUnconditionally 1 -> 0
2023-03-17 00:25:07,241 [grpc-default-executor-6] WARN  server.GrpcLogAppender (LogUtils.java:warn(122)) - s1@group-2C0892D3738B->s4-AppendLogResponseHandler: Failed appendEntries: org.apache.ratis.thirdparty.io.grpc.StatusRuntimeException: UNAVAILABLE: io exception
2023-03-17 00:25:07,241 [grpc-default-executor-0] WARN  server.GrpcLogAppender (LogUtils.java:warn(122)) - s1@group-2C0892D3738B->s4-AppendLogResponseHandler: Failed appendEntries: org.apache.ratis.thirdparty.io.grpc.StatusRuntimeException: UNAVAILABLE: io exception
2023-03-17 00:25:07,241 [grpc-default-executor-6] INFO  leader.FollowerInfo (FollowerInfoImpl.java:lambda$new$0(52)) - s1@group-2C0892D3738B->s4: decreaseNextIndex nextIndex: updateUnconditionally 1 -> 0
2023-03-17 00:25:07,241 [grpc-default-executor-0] WARN  server.GrpcLogAppender (LogUtils.java:warn(122)) - s1@group-2C0892D3738B->s4-AppendLogResponseHandler: Failed appendEntries: org.apache.ratis.thirdparty.io.grpc.StatusRuntimeException: UNAVAILABLE: io exception
2023-03-17 00:25:07,242 [grpc-default-executor-6] WARN  server.GrpcLogAppender (LogUtils.java:warn(122)) - s1@group-2C0892D3738B->s4-AppendLogResponseHandler: Failed appendEntries: org.apache.ratis.thirdparty.io.grpc.StatusRuntimeException: UNAVAILABLE: io exception
2023-03-17 00:25:07,242 [grpc-default-executor-0] INFO  leader.FollowerInfo (FollowerInfoImpl.java:lambda$new$0(52)) - s1@group-2C0892D3738B->s4: decreaseNextIndex nextIndex: updateUnconditionally 1 -> 0
2023-03-17 00:25:07,242 [grpc-default-executor-6] WARN  server.GrpcLogAppender (LogUtils.java:warn(122)) - s1@group-2C0892D3738B->s4-AppendLogResponseHandler: Failed appendEntries: org.apache.ratis.thirdparty.io.grpc.StatusRuntimeException: UNAVAILABLE: io exception
2023-03-17 00:25:07,242 [grpc-default-executor-0] WARN  server.GrpcLogAppender (LogUtils.java:warn(122)) - s1@group-2C0892D3738B->s4-AppendLogResponseHandler: Failed appendEntries: org.apache.ratis.thirdparty.io.grpc.StatusRuntimeException: UNAVAILABLE: io exception
2023-03-17 00:25:07,242 [grpc-default-executor-6] INFO  leader.FollowerInfo (FollowerInfoImpl.java:lambda$new$0(52)) - s1@group-2C0892D3738B->s4: decreaseNextIndex nextIndex: updateUnconditionally 1 -> 0
2023-03-17 00:25:07,243 [grpc-default-executor-0] WARN  server.GrpcLogAppender (LogUtils.java:warn(122)) - s1@group-2C0892D3738B->s4-AppendLogResponseHandler: Failed appendEntries: org.apache.ratis.thirdparty.io.grpc.StatusRuntimeException: UNAVAILABLE: io exception
2023-03-17 00:25:07,243 [grpc-default-executor-6] WARN  server.GrpcLogAppender (LogUtils.java:warn(122)) - s1@group-2C0892D3738B->s4-AppendLogResponseHandler: Failed appendEntries: org.apache.ratis.thirdparty.io.grpc.StatusRuntimeException: UNAVAILABLE: io exception
2023-03-17 00:25:07,243 [grpc-default-executor-0] INFO  leader.FollowerInfo (FollowerInfoImpl.java:lambda$new$0(52)) - s1@group-2C0892D3738B->s4: decreaseNextIndex nextIndex: updateUnconditionally 1 -> 0
2023-03-17 00:25:07,243 [grpc-default-executor-6] WARN  server.GrpcLogAppender (LogUtils.java:warn(122)) - s1@group-2C0892D3738B->s4-AppendLogResponseHandler: Failed appendEntries: org.apache.ratis.thirdparty.io.grpc.StatusRuntimeException: UNAVAILABLE: io exception
2023-03-17 00:25:07,243 [grpc-default-executor-0] WARN  server.GrpcLogAppender (LogUtils.java:warn(122)) - s1@group-2C0892D3738B->s4-AppendLogResponseHandler: Failed appendEntries: org.apache.ratis.thirdparty.io.grpc.StatusRuntimeException: UNAVAILABLE: io exception
2023-03-17 00:25:07,243 [grpc-default-executor-6] INFO  leader.FollowerInfo (FollowerInfoImpl.java:lambda$new$0(52)) - s1@group-2C0892D3738B->s4: decreaseNextIndex nextIndex: updateUnconditionally 1 -> 0
2023-03-17 00:25:07,244 [grpc-default-executor-0] WARN  server.GrpcLogAppender (LogUtils.java:warn(122)) - s1@group-2C0892D3738B->s4-AppendLogResponseHandler: Failed appendEntries: org.apache.ratis.thirdparty.io.grpc.StatusRuntimeException: UNAVAILABLE: io exception
2023-03-17 00:25:07,244 [grpc-default-executor-6] WARN  server.GrpcLogAppender (LogUtils.java:warn(122)) - s1@group-2C0892D3738B->s4-AppendLogResponseHandler: Failed appendEntries: org.apache.ratis.thirdparty.io.grpc.StatusRuntimeException: UNAVAILABLE: io exception
2023-03-17 00:25:07,244 [grpc-default-executor-0] INFO  leader.FollowerInfo (FollowerInfoImpl.java:lambda$new$0(52)) - s1@group-2C0892D3738B->s4: decreaseNextIndex nextIndex: updateUnconditionally 1 -> 0
2023-03-17 00:25:07,244 [grpc-default-executor-6] WARN  server.GrpcLogAppender (LogUtils.java:warn(122)) - s1@group-2C0892D3738B->s4-AppendLogResponseHandler: Failed appendEntries: org.apache.ratis.thirdparty.io.grpc.StatusRuntimeException: UNAVAILABLE: io exception
2023-03-17 00:25:07,244 [grpc-default-executor-0] WARN  server.GrpcLogAppender (LogUtils.java:warn(122)) - s1@group-2C0892D3738B->s4-AppendLogResponseHandler: Failed appendEntries: org.apache.ratis.thirdparty.io.grpc.StatusRuntimeException: UNAVAILABLE: io exception
2023-03-17 00:25:07,245 [grpc-default-executor-6] INFO  leader.FollowerInfo (FollowerInfoImpl.java:lambda$new$0(52)) - s1@group-2C0892D3738B->s4: decreaseNextIndex nextIndex: updateUnconditionally 1 -> 0
2023-03-17 00:25:07,245 [grpc-default-executor-0] WARN  server.GrpcLogAppender (LogUtils.java:warn(122)) - s1@group-2C0892D3738B->s4-AppendLogResponseHandler: Failed appendEntries: org.apache.ratis.thirdparty.io.grpc.StatusRuntimeException: UNAVAILABLE: io exception
2023-03-17 00:25:07,245 [grpc-default-executor-6] WARN  server.GrpcLogAppender (LogUtils.java:warn(122)) - s1@group-2C0892D3738B->s4-AppendLogResponseHandler: Failed appendEntries: org.apache.ratis.thirdparty.io.grpc.StatusRuntimeException: UNAVAILABLE: io exception
2023-03-17 00:25:07,245 [grpc-default-executor-0] INFO  leader.FollowerInfo (FollowerInfoImpl.java:lambda$new$0(52)) - s1@group-2C0892D3738B->s4: decreaseNextIndex nextIndex: updateUnconditionally 1 -> 0
2023-03-17 00:25:07,246 [grpc-default-executor-6] WARN  server.GrpcLogAppender (LogUtils.java:warn(122)) - s1@group-2C0892D3738B->s4-AppendLogResponseHandler: Failed appendEntries: org.apache.ratis.thirdparty.io.grpc.StatusRuntimeException: UNAVAILABLE: io exception
2023-03-17 00:25:07,246 [grpc-default-executor-0] WARN  server.GrpcLogAppender (LogUtils.java:warn(122)) - s1@group-2C0892D3738B->s4-AppendLogResponseHandler: Failed appendEntries: org.apache.ratis.thirdparty.io.grpc.StatusRuntimeException: UNAVAILABLE: io exception
2023-03-17 00:25:07,246 [grpc-default-executor-6] INFO  leader.FollowerInfo (FollowerInfoImpl.java:lambda$new$0(52)) - s1@group-2C0892D3738B->s4: decreaseNextIndex nextIndex: updateUnconditionally 1 -> 0
2023-03-17 00:25:07,246 [grpc-default-executor-0] WARN  server.GrpcLogAppender (LogUtils.java:warn(122)) - s1@group-2C0892D3738B->s4-AppendLogResponseHandler: Failed appendEntries: org.apache.ratis.thirdparty.io.grpc.StatusRuntimeException: UNAVAILABLE: io exception
2023-03-17 00:25:07,246 [grpc-default-executor-6] WARN  server.GrpcLogAppender (LogUtils.java:warn(122)) - s1@group-2C0892D3738B->s4-AppendLogResponseHandler: Failed appendEntries: org.apache.ratis.thirdparty.io.grpc.StatusRuntimeException: UNAVAILABLE: io exception
2023-03-17 00:25:07,246 [grpc-default-executor-0] INFO  leader.FollowerInfo (FollowerInfoImpl.java:lambda$new$0(52)) - s1@group-2C0892D3738B->s4: decreaseNextIndex nextIndex: updateUnconditionally 1 -> 0
2023-03-17 00:25:07,247 [grpc-default-executor-6] WARN  server.GrpcLogAppender (LogUtils.java:warn(122)) - s1@group-2C0892D3738B->s4-AppendLogResponseHandler: Failed appendEntries: org.apache.ratis.thirdparty.io.grpc.StatusRuntimeException: UNAVAILABLE: io exception
2023-03-17 00:25:07,247 [grpc-default-executor-0] WARN  server.GrpcLogAppender (LogUtils.java:warn(122)) - s1@group-2C0892D3738B->s4-AppendLogResponseHandler: Failed appendEntries: org.apache.ratis.thirdparty.io.grpc.StatusRuntimeException: UNAVAILABLE: io exception
2023-03-17 00:25:07,247 [grpc-default-executor-6] INFO  leader.FollowerInfo (FollowerInfoImpl.java:lambda$new$0(52)) - s1@group-2C0892D3738B->s4: decreaseNextIndex nextIndex: updateUnconditionally 1 -> 0
2023-03-17 00:25:07,247 [grpc-default-executor-0] WARN  server.GrpcLogAppender (LogUtils.java:warn(122)) - s1@group-2C0892D3738B->s4-AppendLogResponseHandler: Failed appendEntries: org.apache.ratis.thirdparty.io.grpc.StatusRuntimeException: UNAVAILABLE: io exception
2023-03-17 00:25:07,247 [grpc-default-executor-6] WARN  server.GrpcLogAppender (LogUtils.java:warn(122)) - s1@group-2C0892D3738B->s4-AppendLogResponseHandler: Failed appendEntries: org.apache.ratis.thirdparty.io.grpc.StatusRuntimeException: UNAVAILABLE: io exception
2023-03-17 00:25:07,247 [grpc-default-executor-0] INFO  leader.FollowerInfo (FollowerInfoImpl.java:lambda$new$0(52)) - s1@group-2C0892D3738B->s4: decreaseNextIndex nextIndex: updateUnconditionally 1 -> 0
2023-03-17 00:25:07,248 [grpc-default-executor-6] WARN  server.GrpcLogAppender (LogUtils.java:warn(122)) - s1@group-2C0892D3738B->s4-AppendLogResponseHandler: Failed appendEntries: org.apache.ratis.thirdparty.io.grpc.StatusRuntimeException: UNAVAILABLE: io exception
2023-03-17 00:25:07,248 [grpc-default-executor-0] WARN  server.GrpcLogAppender (LogUtils.java:warn(122)) - s1@group-2C0892D3738B->s4-AppendLogResponseHandler: Failed appendEntries: org.apache.ratis.thirdparty.io.grpc.StatusRuntimeException: UNAVAILABLE: io exception
2023-03-17 00:25:07,248 [grpc-default-executor-6] INFO  leader.FollowerInfo (FollowerInfoImpl.java:lambda$new$0(52)) - s1@group-2C0892D3738B->s4: decreaseNextIndex nextIndex: updateUnconditionally 1 -> 0
2023-03-17 00:25:07,248 [grpc-default-executor-0] WARN  server.GrpcLogAppender (LogUtils.java:warn(122)) - s1@group-2C0892D3738B->s3-AppendLogResponseHandler: Failed appendEntries: org.apache.ratis.thirdparty.io.grpc.StatusRuntimeException: UNAVAILABLE: io exception
2023-03-17 00:25:07,248 [grpc-default-executor-6] WARN  server.GrpcLogAppender (LogUtils.java:warn(122)) - s1@group-2C0892D3738B->s3-AppendLogResponseHandler: Failed appendEntries: org.apache.ratis.thirdparty.io.grpc.StatusRuntimeException: UNAVAILABLE: io exception
2023-03-17 00:25:07,249 [grpc-default-executor-0] WARN  server.GrpcLogAppender (LogUtils.java:warn(122)) - s1@group-2C0892D3738B->s4-AppendLogResponseHandler: Failed appendEntries: org.apache.ratis.thirdparty.io.grpc.StatusRuntimeException: UNAVAILABLE: io exception
2023-03-17 00:25:07,249 [grpc-default-executor-6] WARN  server.GrpcLogAppender (LogUtils.java:warn(122)) - s1@group-2C0892D3738B->s4-AppendLogResponseHandler: Failed appendEntries: org.apache.ratis.thirdparty.io.grpc.StatusRuntimeException: UNAVAILABLE: io exception
2023-03-17 00:25:07,258 [grpc-default-executor-6] WARN  server.GrpcLogAppender (LogUtils.java:warn(122)) - s1@group-2C0892D3738B->s3-AppendLogResponseHandler: Failed appendEntries: org.apache.ratis.thirdparty.io.grpc.StatusRuntimeException: UNAVAILABLE: io exception
2023-03-17 00:25:07,258 [grpc-default-executor-6] INFO  leader.FollowerInfo (FollowerInfoImpl.java:lambda$new$0(52)) - s1@group-2C0892D3738B->s3: decreaseNextIndex nextIndex: updateUnconditionally 1 -> 0
2023-03-17 00:25:07,259 [grpc-default-executor-0] WARN  server.GrpcLogAppender (LogUtils.java:warn(122)) - s1@group-2C0892D3738B->s3-AppendLogResponseHandler: Failed appendEntries: org.apache.ratis.thirdparty.io.grpc.StatusRuntimeException: UNAVAILABLE: io exception
2023-03-17 00:25:07,259 [grpc-default-executor-0] WARN  server.GrpcLogAppender (LogUtils.java:warn(122)) - s1@group-2C0892D3738B->s4-AppendLogResponseHandler: Failed appendEntries: org.apache.ratis.thirdparty.io.grpc.StatusRuntimeException: UNAVAILABLE: io exception
2023-03-17 00:25:07,259 [grpc-default-executor-0] INFO  leader.FollowerInfo (FollowerInfoImpl.java:lambda$new$0(52)) - s1@group-2C0892D3738B->s4: decreaseNextIndex nextIndex: updateUnconditionally 1 -> 0
2023-03-17 00:25:07,259 [grpc-default-executor-6] WARN  server.GrpcLogAppender (LogUtils.java:warn(122)) - s1@group-2C0892D3738B->s4-AppendLogResponseHandler: Failed appendEntries: org.apache.ratis.thirdparty.io.grpc.StatusRuntimeException: UNAVAILABLE: io exception
2023-03-17 00:25:07,285 [grpc-default-executor-6] WARN  server.GrpcLogAppender (LogUtils.java:warn(122)) - s1@group-2C0892D3738B->s3-AppendLogResponseHandler: Failed appendEntries: org.apache.ratis.thirdparty.io.grpc.StatusRuntimeException: UNAVAILABLE: io exception
2023-03-17 00:25:07,286 [grpc-default-executor-0] WARN  server.GrpcLogAppender (LogUtils.java:warn(122)) - s1@group-2C0892D3738B->s3-AppendLogResponseHandler: Failed appendEntries: org.apache.ratis.thirdparty.io.grpc.StatusRuntimeException: UNAVAILABLE: io exception
2023-03-17 00:25:07,286 [grpc-default-executor-0] WARN  server.GrpcLogAppender (LogUtils.java:warn(122)) - s1@group-2C0892D3738B->s4-AppendLogResponseHandler: Failed appendEntries: org.apache.ratis.thirdparty.io.grpc.StatusRuntimeException: UNAVAILABLE: io exception
2023-03-17 00:25:07,286 [grpc-default-executor-6] WARN  server.GrpcLogAppender (LogUtils.java:warn(122)) - s1@group-2C0892D3738B->s4-AppendLogResponseHandler: Failed appendEntries: org.apache.ratis.thirdparty.io.grpc.StatusRuntimeException: UNAVAILABLE: io exception
2023-03-17 00:25:07,296 [grpc-default-executor-0] WARN  server.GrpcLogAppender (LogUtils.java:warn(122)) - s1@group-2C0892D3738B->s3-AppendLogResponseHandler: Failed appendEntries: org.apache.ratis.thirdparty.io.grpc.StatusRuntimeException: UNAVAILABLE: io exception
2023-03-17 00:25:07,296 [grpc-default-executor-6] WARN  server.GrpcLogAppender (LogUtils.java:warn(122)) - s1@group-2C0892D3738B->s3-AppendLogResponseHandler: Failed appendEntries: org.apache.ratis.thirdparty.io.grpc.StatusRuntimeException: UNAVAILABLE: io exception
2023-03-17 00:25:07,296 [grpc-default-executor-0] INFO  leader.FollowerInfo (FollowerInfoImpl.java:lambda$new$0(52)) - s1@group-2C0892D3738B->s3: decreaseNextIndex nextIndex: updateUnconditionally 1 -> 0
2023-03-17 00:25:07,296 [grpc-default-executor-0] WARN  server.GrpcLogAppender (LogUtils.java:warn(122)) - s1@group-2C0892D3738B->s4-AppendLogResponseHandler: Failed appendEntries: org.apache.ratis.thirdparty.io.grpc.StatusRuntimeException: UNAVAILABLE: io exception
2023-03-17 00:25:07,296 [grpc-default-executor-8] WARN  server.GrpcLogAppender (LogUtils.java:warn(122)) - s1@group-2C0892D3738B->s4-AppendLogResponseHandler: Failed appendEntries: org.apache.ratis.thirdparty.io.grpc.StatusRuntimeException: UNAVAILABLE: io exception
2023-03-17 00:25:07,296 [grpc-default-executor-0] INFO  leader.FollowerInfo (FollowerInfoImpl.java:lambda$new$0(52)) - s1@group-2C0892D3738B->s4: decreaseNextIndex nextIndex: updateUnconditionally 1 -> 0
2023-03-17 00:25:07,323 [grpc-default-executor-0] WARN  server.GrpcLogAppender (LogUtils.java:warn(122)) - s1@group-2C0892D3738B->s3-AppendLogResponseHandler: Failed appendEntries: org.apache.ratis.thirdparty.io.grpc.StatusRuntimeException: UNAVAILABLE: io exception
2023-03-17 00:25:07,323 [grpc-default-executor-8] WARN  server.GrpcLogAppender (LogUtils.java:warn(122)) - s1@group-2C0892D3738B->s3-AppendLogResponseHandler: Failed appendEntries: org.apache.ratis.thirdparty.io.grpc.StatusRuntimeException: UNAVAILABLE: io exception
2023-03-17 00:25:07,323 [grpc-default-executor-6] WARN  server.GrpcLogAppender (LogUtils.java:warn(122)) - s1@group-2C0892D3738B->s4-AppendLogResponseHandler: Failed appendEntries: org.apache.ratis.thirdparty.io.grpc.StatusRuntimeException: UNAVAILABLE: io exception
2023-03-17 00:25:07,323 [grpc-default-executor-0] WARN  server.GrpcLogAppender (LogUtils.java:warn(122)) - s1@group-2C0892D3738B->s4-AppendLogResponseHandler: Failed appendEntries: org.apache.ratis.thirdparty.io.grpc.StatusRuntimeException: UNAVAILABLE: io exception
2023-03-17 00:25:07,333 [grpc-default-executor-0] WARN  server.GrpcLogAppender (LogUtils.java:warn(122)) - s1@group-2C0892D3738B->s3-AppendLogResponseHandler: Failed appendEntries: org.apache.ratis.thirdparty.io.grpc.StatusRuntimeException: UNAVAILABLE: io exception
2023-03-17 00:25:07,333 [grpc-default-executor-0] INFO  leader.FollowerInfo (FollowerInfoImpl.java:lambda$new$0(52)) - s1@group-2C0892D3738B->s3: decreaseNextIndex nextIndex: updateUnconditionally 1 -> 0
2023-03-17 00:25:07,333 [grpc-default-executor-6] WARN  server.GrpcLogAppender (LogUtils.java:warn(122)) - s1@group-2C0892D3738B->s3-AppendLogResponseHandler: Failed appendEntries: org.apache.ratis.thirdparty.io.grpc.StatusRuntimeException: UNAVAILABLE: io exception
2023-03-17 00:25:07,333 [grpc-default-executor-6] WARN  server.GrpcLogAppender (LogUtils.java:warn(122)) - s1@group-2C0892D3738B->s4-AppendLogResponseHandler: Failed appendEntries: org.apache.ratis.thirdparty.io.grpc.StatusRuntimeException: UNAVAILABLE: io exception
2023-03-17 00:25:07,334 [grpc-default-executor-6] INFO  leader.FollowerInfo (FollowerInfoImpl.java:lambda$new$0(52)) - s1@group-2C0892D3738B->s4: decreaseNextIndex nextIndex: updateUnconditionally 1 -> 0
2023-03-17 00:25:07,334 [grpc-default-executor-0] WARN  server.GrpcLogAppender (LogUtils.java:warn(122)) - s1@group-2C0892D3738B->s4-AppendLogResponseHandler: Failed appendEntries: org.apache.ratis.thirdparty.io.grpc.StatusRuntimeException: UNAVAILABLE: io exception
2023-03-17 00:25:07,360 [grpc-default-executor-0] WARN  server.GrpcLogAppender (LogUtils.java:warn(122)) - s1@group-2C0892D3738B->s3-AppendLogResponseHandler: Failed appendEntries: org.apache.ratis.thirdparty.io.grpc.StatusRuntimeException: UNAVAILABLE: io exception
2023-03-17 00:25:07,360 [grpc-default-executor-6] WARN  server.GrpcLogAppender (LogUtils.java:warn(122)) - s1@group-2C0892D3738B->s3-AppendLogResponseHandler: Failed appendEntries: org.apache.ratis.thirdparty.io.grpc.StatusRuntimeException: UNAVAILABLE: io exception
2023-03-17 00:25:07,360 [grpc-default-executor-0] WARN  server.GrpcLogAppender (LogUtils.java:warn(122)) - s1@group-2C0892D3738B->s4-AppendLogResponseHandler: Failed appendEntries: org.apache.ratis.thirdparty.io.grpc.StatusRuntimeException: UNAVAILABLE: io exception
2023-03-17 00:25:07,361 [grpc-default-executor-6] WARN  server.GrpcLogAppender (LogUtils.java:warn(122)) - s1@group-2C0892D3738B->s4-AppendLogResponseHandler: Failed appendEntries: org.apache.ratis.thirdparty.io.grpc.StatusRuntimeException: UNAVAILABLE: io exception
2023-03-17 00:25:07,370 [grpc-default-executor-6] WARN  server.GrpcLogAppender (LogUtils.java:warn(122)) - s1@group-2C0892D3738B->s3-AppendLogResponseHandler: Failed appendEntries: org.apache.ratis.thirdparty.io.grpc.StatusRuntimeException: UNAVAILABLE: io exception
2023-03-17 00:25:07,370 [grpc-default-executor-0] WARN  server.GrpcLogAppender (LogUtils.java:warn(122)) - s1@group-2C0892D3738B->s3-AppendLogResponseHandler: Failed appendEntries: org.apache.ratis.thirdparty.io.grpc.StatusRuntimeException: UNAVAILABLE: io exception
2023-03-17 00:25:07,370 [grpc-default-executor-6] INFO  leader.FollowerInfo (FollowerInfoImpl.java:lambda$new$0(52)) - s1@group-2C0892D3738B->s3: decreaseNextIndex nextIndex: updateUnconditionally 1 -> 0
2023-03-17 00:25:07,371 [grpc-default-executor-0] WARN  server.GrpcLogAppender (LogUtils.java:warn(122)) - s1@group-2C0892D3738B->s4-AppendLogResponseHandler: Failed appendEntries: org.apache.ratis.thirdparty.io.grpc.StatusRuntimeException: UNAVAILABLE: io exception
2023-03-17 00:25:07,371 [grpc-default-executor-0] INFO  leader.FollowerInfo (FollowerInfoImpl.java:lambda$new$0(52)) - s1@group-2C0892D3738B->s4: decreaseNextIndex nextIndex: updateUnconditionally 1 -> 0
2023-03-17 00:25:07,372 [grpc-default-executor-6] WARN  server.GrpcLogAppender (LogUtils.java:warn(122)) - s1@group-2C0892D3738B->s4-AppendLogResponseHandler: Failed appendEntries: org.apache.ratis.thirdparty.io.grpc.StatusRuntimeException: UNAVAILABLE: io exception
2023-03-17 00:25:07,397 [grpc-default-executor-6] WARN  server.GrpcLogAppender (LogUtils.java:warn(122)) - s1@group-2C0892D3738B->s3-AppendLogResponseHandler: Failed appendEntries: org.apache.ratis.thirdparty.io.grpc.StatusRuntimeException: UNAVAILABLE: io exception
2023-03-17 00:25:07,397 [grpc-default-executor-0] WARN  server.GrpcLogAppender (LogUtils.java:warn(122)) - s1@group-2C0892D3738B->s3-AppendLogResponseHandler: Failed appendEntries: org.apache.ratis.thirdparty.io.grpc.StatusRuntimeException: UNAVAILABLE: io exception
2023-03-17 00:25:07,398 [grpc-default-executor-0] WARN  server.GrpcLogAppender (LogUtils.java:warn(122)) - s1@group-2C0892D3738B->s4-AppendLogResponseHandler: Failed appendEntries: org.apache.ratis.thirdparty.io.grpc.StatusRuntimeException: UNAVAILABLE: io exception
2023-03-17 00:25:07,399 [grpc-default-executor-6] WARN  server.GrpcLogAppender (LogUtils.java:warn(122)) - s1@group-2C0892D3738B->s4-AppendLogResponseHandler: Failed appendEntries: org.apache.ratis.thirdparty.io.grpc.StatusRuntimeException: UNAVAILABLE: io exception
2023-03-17 00:25:07,407 [grpc-default-executor-6] WARN  server.GrpcLogAppender (LogUtils.java:warn(122)) - s1@group-2C0892D3738B->s3-AppendLogResponseHandler: Failed appendEntries: org.apache.ratis.thirdparty.io.grpc.StatusRuntimeException: UNAVAILABLE: io exception
2023-03-17 00:25:07,408 [grpc-default-executor-6] INFO  leader.FollowerInfo (FollowerInfoImpl.java:lambda$new$0(52)) - s1@group-2C0892D3738B->s3: decreaseNextIndex nextIndex: updateUnconditionally 1 -> 0
2023-03-17 00:25:07,408 [grpc-default-executor-0] WARN  server.GrpcLogAppender (LogUtils.java:warn(122)) - s1@group-2C0892D3738B->s3-AppendLogResponseHandler: Failed appendEntries: org.apache.ratis.thirdparty.io.grpc.StatusRuntimeException: UNAVAILABLE: io exception
2023-03-17 00:25:07,408 [grpc-default-executor-0] WARN  server.GrpcLogAppender (LogUtils.java:warn(122)) - s1@group-2C0892D3738B->s4-AppendLogResponseHandler: Failed appendEntries: org.apache.ratis.thirdparty.io.grpc.StatusRuntimeException: UNAVAILABLE: io exception
2023-03-17 00:25:07,408 [grpc-default-executor-0] INFO  leader.FollowerInfo (FollowerInfoImpl.java:lambda$new$0(52)) - s1@group-2C0892D3738B->s4: decreaseNextIndex nextIndex: updateUnconditionally 1 -> 0
2023-03-17 00:25:07,409 [grpc-default-executor-6] WARN  server.GrpcLogAppender (LogUtils.java:warn(122)) - s1@group-2C0892D3738B->s4-AppendLogResponseHandler: Failed appendEntries: org.apache.ratis.thirdparty.io.grpc.StatusRuntimeException: UNAVAILABLE: io exception
2023-03-17 00:25:07,434 [grpc-default-executor-6] WARN  server.GrpcLogAppender (LogUtils.java:warn(122)) - s1@group-2C0892D3738B->s3-AppendLogResponseHandler: Failed appendEntries: org.apache.ratis.thirdparty.io.grpc.StatusRuntimeException: UNAVAILABLE: io exception
2023-03-17 00:25:07,435 [grpc-default-executor-0] WARN  server.GrpcLogAppender (LogUtils.java:warn(122)) - s1@group-2C0892D3738B->s3-AppendLogResponseHandler: Failed appendEntries: org.apache.ratis.thirdparty.io.grpc.StatusRuntimeException: UNAVAILABLE: io exception
2023-03-17 00:25:07,435 [grpc-default-executor-0] WARN  server.GrpcLogAppender (LogUtils.java:warn(122)) - s1@group-2C0892D3738B->s4-AppendLogResponseHandler: Failed appendEntries: org.apache.ratis.thirdparty.io.grpc.StatusRuntimeException: UNAVAILABLE: io exception
2023-03-17 00:25:07,436 [grpc-default-executor-6] WARN  server.GrpcLogAppender (LogUtils.java:warn(122)) - s1@group-2C0892D3738B->s4-AppendLogResponseHandler: Failed appendEntries: org.apache.ratis.thirdparty.io.grpc.StatusRuntimeException: UNAVAILABLE: io exception
2023-03-17 00:25:07,445 [grpc-default-executor-0] WARN  server.GrpcLogAppender (LogUtils.java:warn(122)) - s1@group-2C0892D3738B->s3-AppendLogResponseHandler: Failed appendEntries: org.apache.ratis.thirdparty.io.grpc.StatusRuntimeException: UNAVAILABLE: io exception
2023-03-17 00:25:07,445 [grpc-default-executor-0] INFO  leader.FollowerInfo (FollowerInfoImpl.java:lambda$new$0(52)) - s1@group-2C0892D3738B->s3: decreaseNextIndex nextIndex: updateUnconditionally 1 -> 0
2023-03-17 00:25:07,446 [grpc-default-executor-8] WARN  server.GrpcLogAppender (LogUtils.java:warn(122)) - s1@group-2C0892D3738B->s4-AppendLogResponseHandler: Failed appendEntries: org.apache.ratis.thirdparty.io.grpc.StatusRuntimeException: UNAVAILABLE: io exception
2023-03-17 00:25:07,446 [grpc-default-executor-8] INFO  leader.FollowerInfo (FollowerInfoImpl.java:lambda$new$0(52)) - s1@group-2C0892D3738B->s4: decreaseNextIndex nextIndex: updateUnconditionally 1 -> 0
2023-03-17 00:25:07,446 [grpc-default-executor-6] WARN  server.GrpcLogAppender (LogUtils.java:warn(122)) - s1@group-2C0892D3738B->s3-AppendLogResponseHandler: Failed appendEntries: org.apache.ratis.thirdparty.io.grpc.StatusRuntimeException: UNAVAILABLE: io exception
2023-03-17 00:25:07,446 [grpc-default-executor-0] WARN  server.GrpcLogAppender (LogUtils.java:warn(122)) - s1@group-2C0892D3738B->s4-AppendLogResponseHandler: Failed appendEntries: org.apache.ratis.thirdparty.io.grpc.StatusRuntimeException: UNAVAILABLE: io exception
2023-03-17 00:25:07,472 [grpc-default-executor-0] WARN  server.GrpcLogAppender (LogUtils.java:warn(122)) - s1@group-2C0892D3738B->s3-AppendLogResponseHandler: Failed appendEntries: org.apache.ratis.thirdparty.io.grpc.StatusRuntimeException: UNAVAILABLE: io exception
2023-03-17 00:25:07,472 [grpc-default-executor-6] WARN  server.GrpcLogAppender (LogUtils.java:warn(122)) - s1@group-2C0892D3738B->s3-AppendLogResponseHandler: Failed appendEntries: org.apache.ratis.thirdparty.io.grpc.StatusRuntimeException: UNAVAILABLE: io exception
2023-03-17 00:25:07,473 [grpc-default-executor-6] WARN  server.GrpcLogAppender (LogUtils.java:warn(122)) - s1@group-2C0892D3738B->s4-AppendLogResponseHandler: Failed appendEntries: org.apache.ratis.thirdparty.io.grpc.StatusRuntimeException: UNAVAILABLE: io exception
2023-03-17 00:25:07,473 [grpc-default-executor-0] WARN  server.GrpcLogAppender (LogUtils.java:warn(122)) - s1@group-2C0892D3738B->s4-AppendLogResponseHandler: Failed appendEntries: org.apache.ratis.thirdparty.io.grpc.StatusRuntimeException: UNAVAILABLE: io exception
2023-03-17 00:25:07,482 [grpc-default-executor-0] WARN  server.GrpcLogAppender (LogUtils.java:warn(122)) - s1@group-2C0892D3738B->s3-AppendLogResponseHandler: Failed appendEntries: org.apache.ratis.thirdparty.io.grpc.StatusRuntimeException: UNAVAILABLE: io exception
2023-03-17 00:25:07,482 [grpc-default-executor-0] INFO  leader.FollowerInfo (FollowerInfoImpl.java:lambda$new$0(52)) - s1@group-2C0892D3738B->s3: decreaseNextIndex nextIndex: updateUnconditionally 1 -> 0
2023-03-17 00:25:07,482 [grpc-default-executor-6] WARN  server.GrpcLogAppender (LogUtils.java:warn(122)) - s1@group-2C0892D3738B->s3-AppendLogResponseHandler: Failed appendEntries: org.apache.ratis.thirdparty.io.grpc.StatusRuntimeException: UNAVAILABLE: io exception
2023-03-17 00:25:07,483 [grpc-default-executor-6] WARN  server.GrpcLogAppender (LogUtils.java:warn(122)) - s1@group-2C0892D3738B->s4-AppendLogResponseHandler: Failed appendEntries: org.apache.ratis.thirdparty.io.grpc.StatusRuntimeException: UNAVAILABLE: io exception
2023-03-17 00:25:07,483 [grpc-default-executor-6] INFO  leader.FollowerInfo (FollowerInfoImpl.java:lambda$new$0(52)) - s1@group-2C0892D3738B->s4: decreaseNextIndex nextIndex: updateUnconditionally 1 -> 0
2023-03-17 00:25:07,483 [grpc-default-executor-0] WARN  server.GrpcLogAppender (LogUtils.java:warn(122)) - s1@group-2C0892D3738B->s4-AppendLogResponseHandler: Failed appendEntries: org.apache.ratis.thirdparty.io.grpc.StatusRuntimeException: UNAVAILABLE: io exception
2023-03-17 00:25:07,509 [grpc-default-executor-0] WARN  server.GrpcLogAppender (LogUtils.java:warn(122)) - s1@group-2C0892D3738B->s3-AppendLogResponseHandler: Failed appendEntries: org.apache.ratis.thirdparty.io.grpc.StatusRuntimeException: UNAVAILABLE: io exception
2023-03-17 00:25:07,509 [grpc-default-executor-6] WARN  server.GrpcLogAppender (LogUtils.java:warn(122)) - s1@group-2C0892D3738B->s3-AppendLogResponseHandler: Failed appendEntries: org.apache.ratis.thirdparty.io.grpc.StatusRuntimeException: UNAVAILABLE: io exception
2023-03-17 00:25:07,510 [grpc-default-executor-6] WARN  server.GrpcLogAppender (LogUtils.java:warn(122)) - s1@group-2C0892D3738B->s4-AppendLogResponseHandler: Failed appendEntries: org.apache.ratis.thirdparty.io.grpc.StatusRuntimeException: UNAVAILABLE: io exception
2023-03-17 00:25:07,510 [grpc-default-executor-0] WARN  server.GrpcLogAppender (LogUtils.java:warn(122)) - s1@group-2C0892D3738B->s4-AppendLogResponseHandler: Failed appendEntries: org.apache.ratis.thirdparty.io.grpc.StatusRuntimeException: UNAVAILABLE: io exception
2023-03-17 00:25:07,519 [grpc-default-executor-0] WARN  server.GrpcLogAppender (LogUtils.java:warn(122)) - s1@group-2C0892D3738B->s3-AppendLogResponseHandler: Failed appendEntries: org.apache.ratis.thirdparty.io.grpc.StatusRuntimeException: UNAVAILABLE: io exception
2023-03-17 00:25:07,519 [grpc-default-executor-6] WARN  server.GrpcLogAppender (LogUtils.java:warn(122)) - s1@group-2C0892D3738B->s3-AppendLogResponseHandler: Failed appendEntries: org.apache.ratis.thirdparty.io.grpc.StatusRuntimeException: UNAVAILABLE: io exception
2023-03-17 00:25:07,519 [grpc-default-executor-0] INFO  leader.FollowerInfo (FollowerInfoImpl.java:lambda$new$0(52)) - s1@group-2C0892D3738B->s3: decreaseNextIndex nextIndex: updateUnconditionally 1 -> 0
2023-03-17 00:25:07,520 [grpc-default-executor-6] WARN  server.GrpcLogAppender (LogUtils.java:warn(122)) - s1@group-2C0892D3738B->s4-AppendLogResponseHandler: Failed appendEntries: org.apache.ratis.thirdparty.io.grpc.StatusRuntimeException: UNAVAILABLE: io exception
2023-03-17 00:25:07,520 [grpc-default-executor-0] WARN  server.GrpcLogAppender (LogUtils.java:warn(122)) - s1@group-2C0892D3738B->s4-AppendLogResponseHandler: Failed appendEntries: org.apache.ratis.thirdparty.io.grpc.StatusRuntimeException: UNAVAILABLE: io exception
2023-03-17 00:25:07,520 [grpc-default-executor-6] INFO  leader.FollowerInfo (FollowerInfoImpl.java:lambda$new$0(52)) - s1@group-2C0892D3738B->s4: decreaseNextIndex nextIndex: updateUnconditionally 1 -> 0
2023-03-17 00:25:07,546 [grpc-default-executor-6] WARN  server.GrpcLogAppender (LogUtils.java:warn(122)) - s1@group-2C0892D3738B->s3-AppendLogResponseHandler: Failed appendEntries: org.apache.ratis.thirdparty.io.grpc.StatusRuntimeException: UNAVAILABLE: io exception
2023-03-17 00:25:07,546 [grpc-default-executor-0] WARN  server.GrpcLogAppender (LogUtils.java:warn(122)) - s1@group-2C0892D3738B->s3-AppendLogResponseHandler: Failed appendEntries: org.apache.ratis.thirdparty.io.grpc.StatusRuntimeException: UNAVAILABLE: io exception
2023-03-17 00:25:07,549 [grpc-default-executor-0] WARN  server.GrpcLogAppender (LogUtils.java:warn(122)) - s1@group-2C0892D3738B->s4-AppendLogResponseHandler: Failed appendEntries: org.apache.ratis.thirdparty.io.grpc.StatusRuntimeException: UNAVAILABLE: io exception
2023-03-17 00:25:07,550 [grpc-default-executor-6] WARN  server.GrpcLogAppender (LogUtils.java:warn(122)) - s1@group-2C0892D3738B->s4-AppendLogResponseHandler: Failed appendEntries: org.apache.ratis.thirdparty.io.grpc.StatusRuntimeException: UNAVAILABLE: io exception
2023-03-17 00:25:07,556 [grpc-default-executor-6] WARN  server.GrpcLogAppender (LogUtils.java:warn(122)) - s1@group-2C0892D3738B->s3-AppendLogResponseHandler: Failed appendEntries: org.apache.ratis.thirdparty.io.grpc.StatusRuntimeException: UNAVAILABLE: io exception
2023-03-17 00:25:07,557 [grpc-default-executor-6] INFO  leader.FollowerInfo (FollowerInfoImpl.java:lambda$new$0(52)) - s1@group-2C0892D3738B->s3: decreaseNextIndex nextIndex: updateUnconditionally 1 -> 0
2023-03-17 00:25:07,557 [grpc-default-executor-0] WARN  server.GrpcLogAppender (LogUtils.java:warn(122)) - s1@group-2C0892D3738B->s3-AppendLogResponseHandler: Failed appendEntries: org.apache.ratis.thirdparty.io.grpc.StatusRuntimeException: UNAVAILABLE: io exception
2023-03-17 00:25:07,559 [grpc-default-executor-0] WARN  server.GrpcLogAppender (LogUtils.java:warn(122)) - s1@group-2C0892D3738B->s4-AppendLogResponseHandler: Failed appendEntries: org.apache.ratis.thirdparty.io.grpc.StatusRuntimeException: UNAVAILABLE: io exception
2023-03-17 00:25:07,560 [grpc-default-executor-0] INFO  leader.FollowerInfo (FollowerInfoImpl.java:lambda$new$0(52)) - s1@group-2C0892D3738B->s4: decreaseNextIndex nextIndex: updateUnconditionally 1 -> 0
2023-03-17 00:25:07,560 [grpc-default-executor-6] WARN  server.GrpcLogAppender (LogUtils.java:warn(122)) - s1@group-2C0892D3738B->s4-AppendLogResponseHandler: Failed appendEntries: org.apache.ratis.thirdparty.io.grpc.StatusRuntimeException: UNAVAILABLE: io exception
2023-03-17 00:25:07,584 [grpc-default-executor-6] WARN  server.GrpcLogAppender (LogUtils.java:warn(122)) - s1@group-2C0892D3738B->s3-AppendLogResponseHandler: Failed appendEntries: org.apache.ratis.thirdparty.io.grpc.StatusRuntimeException: UNAVAILABLE: io exception
2023-03-17 00:25:07,584 [grpc-default-executor-0] WARN  server.GrpcLogAppender (LogUtils.java:warn(122)) - s1@group-2C0892D3738B->s3-AppendLogResponseHandler: Failed appendEntries: org.apache.ratis.thirdparty.io.grpc.StatusRuntimeException: UNAVAILABLE: io exception
2023-03-17 00:25:07,587 [grpc-default-executor-0] WARN  server.GrpcLogAppender (LogUtils.java:warn(122)) - s1@group-2C0892D3738B->s4-AppendLogResponseHandler: Failed appendEntries: org.apache.ratis.thirdparty.io.grpc.StatusRuntimeException: UNAVAILABLE: io exception
2023-03-17 00:25:07,587 [grpc-default-executor-6] WARN  server.GrpcLogAppender (LogUtils.java:warn(122)) - s1@group-2C0892D3738B->s4-AppendLogResponseHandler: Failed appendEntries: org.apache.ratis.thirdparty.io.grpc.StatusRuntimeException: UNAVAILABLE: io exception
2023-03-17 00:25:07,594 [grpc-default-executor-0] WARN  server.GrpcLogAppender (LogUtils.java:warn(122)) - s1@group-2C0892D3738B->s3-AppendLogResponseHandler: Failed appendEntries: org.apache.ratis.thirdparty.io.grpc.StatusRuntimeException: UNAVAILABLE: io exception
2023-03-17 00:25:07,594 [grpc-default-executor-0] INFO  leader.FollowerInfo (FollowerInfoImpl.java:lambda$new$0(52)) - s1@group-2C0892D3738B->s3: decreaseNextIndex nextIndex: updateUnconditionally 1 -> 0
2023-03-17 00:25:07,594 [grpc-default-executor-6] WARN  server.GrpcLogAppender (LogUtils.java:warn(122)) - s1@group-2C0892D3738B->s3-AppendLogResponseHandler: Failed appendEntries: org.apache.ratis.thirdparty.io.grpc.StatusRuntimeException: UNAVAILABLE: io exception
2023-03-17 00:25:07,597 [grpc-default-executor-6] WARN  server.GrpcLogAppender (LogUtils.java:warn(122)) - s1@group-2C0892D3738B->s4-AppendLogResponseHandler: Failed appendEntries: org.apache.ratis.thirdparty.io.grpc.StatusRuntimeException: UNAVAILABLE: io exception
2023-03-17 00:25:07,597 [grpc-default-executor-6] INFO  leader.FollowerInfo (FollowerInfoImpl.java:lambda$new$0(52)) - s1@group-2C0892D3738B->s4: decreaseNextIndex nextIndex: updateUnconditionally 1 -> 0
2023-03-17 00:25:07,597 [grpc-default-executor-0] WARN  server.GrpcLogAppender (LogUtils.java:warn(122)) - s1@group-2C0892D3738B->s4-AppendLogResponseHandler: Failed appendEntries: org.apache.ratis.thirdparty.io.grpc.StatusRuntimeException: UNAVAILABLE: io exception
2023-03-17 00:25:07,621 [grpc-default-executor-0] WARN  server.GrpcLogAppender (LogUtils.java:warn(122)) - s1@group-2C0892D3738B->s3-AppendLogResponseHandler: Failed appendEntries: org.apache.ratis.thirdparty.io.grpc.StatusRuntimeException: UNAVAILABLE: io exception
2023-03-17 00:25:07,621 [grpc-default-executor-6] WARN  server.GrpcLogAppender (LogUtils.java:warn(122)) - s1@group-2C0892D3738B->s3-AppendLogResponseHandler: Failed appendEntries: org.apache.ratis.thirdparty.io.grpc.StatusRuntimeException: UNAVAILABLE: io exception
2023-03-17 00:25:07,624 [grpc-default-executor-0] WARN  server.GrpcLogAppender (LogUtils.java:warn(122)) - s1@group-2C0892D3738B->s4-AppendLogResponseHandler: Failed appendEntries: org.apache.ratis.thirdparty.io.grpc.StatusRuntimeException: UNAVAILABLE: io exception
2023-03-17 00:25:07,624 [grpc-default-executor-6] WARN  server.GrpcLogAppender (LogUtils.java:warn(122)) - s1@group-2C0892D3738B->s4-AppendLogResponseHandler: Failed appendEntries: org.apache.ratis.thirdparty.io.grpc.StatusRuntimeException: UNAVAILABLE: io exception
2023-03-17 00:25:07,631 [grpc-default-executor-0] WARN  server.GrpcLogAppender (LogUtils.java:warn(122)) - s1@group-2C0892D3738B->s3-AppendLogResponseHandler: Failed appendEntries: org.apache.ratis.thirdparty.io.grpc.StatusRuntimeException: UNAVAILABLE: io exception
2023-03-17 00:25:07,631 [grpc-default-executor-6] WARN  server.GrpcLogAppender (LogUtils.java:warn(122)) - s1@group-2C0892D3738B->s3-AppendLogResponseHandler: Failed appendEntries: org.apache.ratis.thirdparty.io.grpc.StatusRuntimeException: UNAVAILABLE: io exception
2023-03-17 00:25:07,631 [grpc-default-executor-0] INFO  leader.FollowerInfo (FollowerInfoImpl.java:lambda$new$0(52)) - s1@group-2C0892D3738B->s3: decreaseNextIndex nextIndex: updateUnconditionally 1 -> 0
2023-03-17 00:25:07,634 [grpc-default-executor-0] WARN  server.GrpcLogAppender (LogUtils.java:warn(122)) - s1@group-2C0892D3738B->s4-AppendLogResponseHandler: Failed appendEntries: org.apache.ratis.thirdparty.io.grpc.StatusRuntimeException: UNAVAILABLE: io exception
2023-03-17 00:25:07,634 [grpc-default-executor-6] WARN  server.GrpcLogAppender (LogUtils.java:warn(122)) - s1@group-2C0892D3738B->s4-AppendLogResponseHandler: Failed appendEntries: org.apache.ratis.thirdparty.io.grpc.StatusRuntimeException: UNAVAILABLE: io exception
2023-03-17 00:25:07,634 [grpc-default-executor-0] INFO  leader.FollowerInfo (FollowerInfoImpl.java:lambda$new$0(52)) - s1@group-2C0892D3738B->s4: decreaseNextIndex nextIndex: updateUnconditionally 1 -> 0
2023-03-17 00:25:07,658 [grpc-default-executor-0] WARN  server.GrpcLogAppender (LogUtils.java:warn(122)) - s1@group-2C0892D3738B->s3-AppendLogResponseHandler: Failed appendEntries: org.apache.ratis.thirdparty.io.grpc.StatusRuntimeException: UNAVAILABLE: io exception
2023-03-17 00:25:07,658 [grpc-default-executor-6] WARN  server.GrpcLogAppender (LogUtils.java:warn(122)) - s1@group-2C0892D3738B->s3-AppendLogResponseHandler: Failed appendEntries: org.apache.ratis.thirdparty.io.grpc.StatusRuntimeException: UNAVAILABLE: io exception
2023-03-17 00:25:07,661 [grpc-default-executor-0] WARN  server.GrpcLogAppender (LogUtils.java:warn(122)) - s1@group-2C0892D3738B->s4-AppendLogResponseHandler: Failed appendEntries: org.apache.ratis.thirdparty.io.grpc.StatusRuntimeException: UNAVAILABLE: io exception
2023-03-17 00:25:07,661 [grpc-default-executor-6] WARN  server.GrpcLogAppender (LogUtils.java:warn(122)) - s1@group-2C0892D3738B->s4-AppendLogResponseHandler: Failed appendEntries: org.apache.ratis.thirdparty.io.grpc.StatusRuntimeException: UNAVAILABLE: io exception
2023-03-17 00:25:07,668 [grpc-default-executor-0] WARN  server.GrpcLogAppender (LogUtils.java:warn(122)) - s1@group-2C0892D3738B->s3-AppendLogResponseHandler: Failed appendEntries: org.apache.ratis.thirdparty.io.grpc.StatusRuntimeException: UNAVAILABLE: io exception
2023-03-17 00:25:07,668 [grpc-default-executor-6] WARN  server.GrpcLogAppender (LogUtils.java:warn(122)) - s1@group-2C0892D3738B->s3-AppendLogResponseHandler: Failed appendEntries: org.apache.ratis.thirdparty.io.grpc.StatusRuntimeException: UNAVAILABLE: io exception
2023-03-17 00:25:07,668 [grpc-default-executor-0] INFO  leader.FollowerInfo (FollowerInfoImpl.java:lambda$new$0(52)) - s1@group-2C0892D3738B->s3: decreaseNextIndex nextIndex: updateUnconditionally 1 -> 0
2023-03-17 00:25:07,671 [grpc-default-executor-0] WARN  server.GrpcLogAppender (LogUtils.java:warn(122)) - s1@group-2C0892D3738B->s4-AppendLogResponseHandler: Failed appendEntries: org.apache.ratis.thirdparty.io.grpc.StatusRuntimeException: UNAVAILABLE: io exception
2023-03-17 00:25:07,671 [grpc-default-executor-6] WARN  server.GrpcLogAppender (LogUtils.java:warn(122)) - s1@group-2C0892D3738B->s4-AppendLogResponseHandler: Failed appendEntries: org.apache.ratis.thirdparty.io.grpc.StatusRuntimeException: UNAVAILABLE: io exception
2023-03-17 00:25:07,671 [grpc-default-executor-0] INFO  leader.FollowerInfo (FollowerInfoImpl.java:lambda$new$0(52)) - s1@group-2C0892D3738B->s4: decreaseNextIndex nextIndex: updateUnconditionally 1 -> 0
2023-03-17 00:25:07,695 [grpc-default-executor-0] WARN  server.GrpcLogAppender (LogUtils.java:warn(122)) - s1@group-2C0892D3738B->s3-AppendLogResponseHandler: Failed appendEntries: org.apache.ratis.thirdparty.io.grpc.StatusRuntimeException: UNAVAILABLE: io exception
2023-03-17 00:25:07,695 [grpc-default-executor-6] WARN  server.GrpcLogAppender (LogUtils.java:warn(122)) - s1@group-2C0892D3738B->s3-AppendLogResponseHandler: Failed appendEntries: org.apache.ratis.thirdparty.io.grpc.StatusRuntimeException: UNAVAILABLE: io exception
2023-03-17 00:25:07,698 [grpc-default-executor-0] WARN  server.GrpcLogAppender (LogUtils.java:warn(122)) - s1@group-2C0892D3738B->s4-AppendLogResponseHandler: Failed appendEntries: org.apache.ratis.thirdparty.io.grpc.StatusRuntimeException: UNAVAILABLE: io exception
2023-03-17 00:25:07,698 [grpc-default-executor-6] WARN  server.GrpcLogAppender (LogUtils.java:warn(122)) - s1@group-2C0892D3738B->s4-AppendLogResponseHandler: Failed appendEntries: org.apache.ratis.thirdparty.io.grpc.StatusRuntimeException: UNAVAILABLE: io exception
2023-03-17 00:25:07,706 [grpc-default-executor-0] WARN  server.GrpcLogAppender (LogUtils.java:warn(122)) - s1@group-2C0892D3738B->s3-AppendLogResponseHandler: Failed appendEntries: org.apache.ratis.thirdparty.io.grpc.StatusRuntimeException: UNAVAILABLE: io exception
2023-03-17 00:25:07,706 [grpc-default-executor-6] WARN  server.GrpcLogAppender (LogUtils.java:warn(122)) - s1@group-2C0892D3738B->s3-AppendLogResponseHandler: Failed appendEntries: org.apache.ratis.thirdparty.io.grpc.StatusRuntimeException: UNAVAILABLE: io exception
2023-03-17 00:25:07,706 [grpc-default-executor-0] INFO  leader.FollowerInfo (FollowerInfoImpl.java:lambda$new$0(52)) - s1@group-2C0892D3738B->s3: decreaseNextIndex nextIndex: updateUnconditionally 1 -> 0
2023-03-17 00:25:07,709 [grpc-default-executor-0] WARN  server.GrpcLogAppender (LogUtils.java:warn(122)) - s1@group-2C0892D3738B->s4-AppendLogResponseHandler: Failed appendEntries: org.apache.ratis.thirdparty.io.grpc.StatusRuntimeException: UNAVAILABLE: io exception
2023-03-17 00:25:07,709 [grpc-default-executor-6] WARN  server.GrpcLogAppender (LogUtils.java:warn(122)) - s1@group-2C0892D3738B->s4-AppendLogResponseHandler: Failed appendEntries: org.apache.ratis.thirdparty.io.grpc.StatusRuntimeException: UNAVAILABLE: io exception
2023-03-17 00:25:07,709 [grpc-default-executor-0] INFO  leader.FollowerInfo (FollowerInfoImpl.java:lambda$new$0(52)) - s1@group-2C0892D3738B->s4: decreaseNextIndex nextIndex: updateUnconditionally 1 -> 0
2023-03-17 00:25:07,733 [grpc-default-executor-0] WARN  server.GrpcLogAppender (LogUtils.java:warn(122)) - s1@group-2C0892D3738B->s3-AppendLogResponseHandler: Failed appendEntries: org.apache.ratis.thirdparty.io.grpc.StatusRuntimeException: UNAVAILABLE: io exception
2023-03-17 00:25:07,733 [grpc-default-executor-6] WARN  server.GrpcLogAppender (LogUtils.java:warn(122)) - s1@group-2C0892D3738B->s3-AppendLogResponseHandler: Failed appendEntries: org.apache.ratis.thirdparty.io.grpc.StatusRuntimeException: UNAVAILABLE: io exception
2023-03-17 00:25:07,737 [grpc-default-executor-0] WARN  server.GrpcLogAppender (LogUtils.java:warn(122)) - s1@group-2C0892D3738B->s4-AppendLogResponseHandler: Failed appendEntries: org.apache.ratis.thirdparty.io.grpc.StatusRuntimeException: UNAVAILABLE: io exception
2023-03-17 00:25:07,737 [grpc-default-executor-6] WARN  server.GrpcLogAppender (LogUtils.java:warn(122)) - s1@group-2C0892D3738B->s4-AppendLogResponseHandler: Failed appendEntries: org.apache.ratis.thirdparty.io.grpc.StatusRuntimeException: UNAVAILABLE: io exception
2023-03-17 00:25:07,743 [grpc-default-executor-0] WARN  server.GrpcLogAppender (LogUtils.java:warn(122)) - s1@group-2C0892D3738B->s3-AppendLogResponseHandler: Failed appendEntries: org.apache.ratis.thirdparty.io.grpc.StatusRuntimeException: UNAVAILABLE: io exception
2023-03-17 00:25:07,743 [grpc-default-executor-6] WARN  server.GrpcLogAppender (LogUtils.java:warn(122)) - s1@group-2C0892D3738B->s3-AppendLogResponseHandler: Failed appendEntries: org.apache.ratis.thirdparty.io.grpc.StatusRuntimeException: UNAVAILABLE: io exception
2023-03-17 00:25:07,743 [grpc-default-executor-0] INFO  leader.FollowerInfo (FollowerInfoImpl.java:lambda$new$0(52)) - s1@group-2C0892D3738B->s3: decreaseNextIndex nextIndex: updateUnconditionally 1 -> 0
2023-03-17 00:25:07,748 [grpc-default-executor-0] WARN  server.GrpcLogAppender (LogUtils.java:warn(122)) - s1@group-2C0892D3738B->s4-AppendLogResponseHandler: Failed appendEntries: org.apache.ratis.thirdparty.io.grpc.StatusRuntimeException: UNAVAILABLE: io exception
2023-03-17 00:25:07,748 [grpc-default-executor-8] WARN  server.GrpcLogAppender (LogUtils.java:warn(122)) - s1@group-2C0892D3738B->s4-AppendLogResponseHandler: Failed appendEntries: org.apache.ratis.thirdparty.io.grpc.StatusRuntimeException: UNAVAILABLE: io exception
2023-03-17 00:25:07,749 [grpc-default-executor-0] INFO  leader.FollowerInfo (FollowerInfoImpl.java:lambda$new$0(52)) - s1@group-2C0892D3738B->s4: decreaseNextIndex nextIndex: updateUnconditionally 1 -> 0
2023-03-17 00:25:07,770 [grpc-default-executor-8] WARN  server.GrpcLogAppender (LogUtils.java:warn(122)) - s1@group-2C0892D3738B->s3-AppendLogResponseHandler: Failed appendEntries: org.apache.ratis.thirdparty.io.grpc.StatusRuntimeException: UNAVAILABLE: io exception
2023-03-17 00:25:07,770 [grpc-default-executor-6] WARN  server.GrpcLogAppender (LogUtils.java:warn(122)) - s1@group-2C0892D3738B->s3-AppendLogResponseHandler: Failed appendEntries: org.apache.ratis.thirdparty.io.grpc.StatusRuntimeException: UNAVAILABLE: io exception
2023-03-17 00:25:07,775 [grpc-default-executor-6] WARN  server.GrpcLogAppender (LogUtils.java:warn(122)) - s1@group-2C0892D3738B->s4-AppendLogResponseHandler: Failed appendEntries: org.apache.ratis.thirdparty.io.grpc.StatusRuntimeException: UNAVAILABLE: io exception
2023-03-17 00:25:07,775 [grpc-default-executor-8] WARN  server.GrpcLogAppender (LogUtils.java:warn(122)) - s1@group-2C0892D3738B->s4-AppendLogResponseHandler: Failed appendEntries: org.apache.ratis.thirdparty.io.grpc.StatusRuntimeException: UNAVAILABLE: io exception
2023-03-17 00:25:07,780 [grpc-default-executor-8] WARN  server.GrpcLogAppender (LogUtils.java:warn(122)) - s1@group-2C0892D3738B->s3-AppendLogResponseHandler: Failed appendEntries: org.apache.ratis.thirdparty.io.grpc.StatusRuntimeException: UNAVAILABLE: io exception
2023-03-17 00:25:07,780 [grpc-default-executor-8] INFO  leader.FollowerInfo (FollowerInfoImpl.java:lambda$new$0(52)) - s1@group-2C0892D3738B->s3: decreaseNextIndex nextIndex: updateUnconditionally 1 -> 0
2023-03-17 00:25:07,780 [grpc-default-executor-6] WARN  server.GrpcLogAppender (LogUtils.java:warn(122)) - s1@group-2C0892D3738B->s3-AppendLogResponseHandler: Failed appendEntries: org.apache.ratis.thirdparty.io.grpc.StatusRuntimeException: UNAVAILABLE: io exception
2023-03-17 00:25:07,785 [grpc-default-executor-6] WARN  server.GrpcLogAppender (LogUtils.java:warn(122)) - s1@group-2C0892D3738B->s4-AppendLogResponseHandler: Failed appendEntries: org.apache.ratis.thirdparty.io.grpc.StatusRuntimeException: UNAVAILABLE: io exception
2023-03-17 00:25:07,785 [grpc-default-executor-6] INFO  leader.FollowerInfo (FollowerInfoImpl.java:lambda$new$0(52)) - s1@group-2C0892D3738B->s4: decreaseNextIndex nextIndex: updateUnconditionally 1 -> 0
2023-03-17 00:25:07,785 [grpc-default-executor-8] WARN  server.GrpcLogAppender (LogUtils.java:warn(122)) - s1@group-2C0892D3738B->s4-AppendLogResponseHandler: Failed appendEntries: org.apache.ratis.thirdparty.io.grpc.StatusRuntimeException: UNAVAILABLE: io exception
2023-03-17 00:25:07,807 [grpc-default-executor-8] WARN  server.GrpcLogAppender (LogUtils.java:warn(122)) - s1@group-2C0892D3738B->s3-AppendLogResponseHandler: Failed appendEntries: org.apache.ratis.thirdparty.io.grpc.StatusRuntimeException: UNAVAILABLE: io exception
2023-03-17 00:25:07,807 [grpc-default-executor-6] WARN  server.GrpcLogAppender (LogUtils.java:warn(122)) - s1@group-2C0892D3738B->s3-AppendLogResponseHandler: Failed appendEntries: org.apache.ratis.thirdparty.io.grpc.StatusRuntimeException: UNAVAILABLE: io exception
2023-03-17 00:25:07,812 [grpc-default-executor-6] WARN  server.GrpcLogAppender (LogUtils.java:warn(122)) - s1@group-2C0892D3738B->s4-AppendLogResponseHandler: Failed appendEntries: org.apache.ratis.thirdparty.io.grpc.StatusRuntimeException: UNAVAILABLE: io exception
2023-03-17 00:25:07,812 [grpc-default-executor-8] WARN  server.GrpcLogAppender (LogUtils.java:warn(122)) - s1@group-2C0892D3738B->s4-AppendLogResponseHandler: Failed appendEntries: org.apache.ratis.thirdparty.io.grpc.StatusRuntimeException: UNAVAILABLE: io exception
2023-03-17 00:25:07,817 [grpc-default-executor-8] WARN  server.GrpcLogAppender (LogUtils.java:warn(122)) - s1@group-2C0892D3738B->s3-AppendLogResponseHandler: Failed appendEntries: org.apache.ratis.thirdparty.io.grpc.StatusRuntimeException: UNAVAILABLE: io exception
2023-03-17 00:25:07,817 [grpc-default-executor-6] WARN  server.GrpcLogAppender (LogUtils.java:warn(122)) - s1@group-2C0892D3738B->s3-AppendLogResponseHandler: Failed appendEntries: org.apache.ratis.thirdparty.io.grpc.StatusRuntimeException: UNAVAILABLE: io exception
2023-03-17 00:25:07,818 [grpc-default-executor-8] INFO  leader.FollowerInfo (FollowerInfoImpl.java:lambda$new$0(52)) - s1@group-2C0892D3738B->s3: decreaseNextIndex nextIndex: updateUnconditionally 1 -> 0
2023-03-17 00:25:07,822 [grpc-default-executor-6] WARN  server.GrpcLogAppender (LogUtils.java:warn(122)) - s1@group-2C0892D3738B->s4-AppendLogResponseHandler: Failed appendEntries: org.apache.ratis.thirdparty.io.grpc.StatusRuntimeException: UNAVAILABLE: io exception
2023-03-17 00:25:07,822 [grpc-default-executor-8] WARN  server.GrpcLogAppender (LogUtils.java:warn(122)) - s1@group-2C0892D3738B->s4-AppendLogResponseHandler: Failed appendEntries: org.apache.ratis.thirdparty.io.grpc.StatusRuntimeException: UNAVAILABLE: io exception
2023-03-17 00:25:07,822 [grpc-default-executor-6] INFO  leader.FollowerInfo (FollowerInfoImpl.java:lambda$new$0(52)) - s1@group-2C0892D3738B->s4: decreaseNextIndex nextIndex: updateUnconditionally 1 -> 0
2023-03-17 00:25:07,845 [grpc-default-executor-8] WARN  server.GrpcLogAppender (LogUtils.java:warn(122)) - s1@group-2C0892D3738B->s3-AppendLogResponseHandler: Failed appendEntries: org.apache.ratis.thirdparty.io.grpc.StatusRuntimeException: UNAVAILABLE: io exception
2023-03-17 00:25:07,845 [grpc-default-executor-6] WARN  server.GrpcLogAppender (LogUtils.java:warn(122)) - s1@group-2C0892D3738B->s3-AppendLogResponseHandler: Failed appendEntries: org.apache.ratis.thirdparty.io.grpc.StatusRuntimeException: UNAVAILABLE: io exception
2023-03-17 00:25:07,849 [grpc-default-executor-6] WARN  server.GrpcLogAppender (LogUtils.java:warn(122)) - s1@group-2C0892D3738B->s4-AppendLogResponseHandler: Failed appendEntries: org.apache.ratis.thirdparty.io.grpc.StatusRuntimeException: UNAVAILABLE: io exception
2023-03-17 00:25:07,849 [grpc-default-executor-8] WARN  server.GrpcLogAppender (LogUtils.java:warn(122)) - s1@group-2C0892D3738B->s4-AppendLogResponseHandler: Failed appendEntries: org.apache.ratis.thirdparty.io.grpc.StatusRuntimeException: UNAVAILABLE: io exception
2023-03-17 00:25:07,855 [grpc-default-executor-8] WARN  server.GrpcLogAppender (LogUtils.java:warn(122)) - s1@group-2C0892D3738B->s3-AppendLogResponseHandler: Failed appendEntries: org.apache.ratis.thirdparty.io.grpc.StatusRuntimeException: UNAVAILABLE: io exception
2023-03-17 00:25:07,855 [grpc-default-executor-8] INFO  leader.FollowerInfo (FollowerInfoImpl.java:lambda$new$0(52)) - s1@group-2C0892D3738B->s3: decreaseNextIndex nextIndex: updateUnconditionally 1 -> 0
2023-03-17 00:25:07,855 [grpc-default-executor-6] WARN  server.GrpcLogAppender (LogUtils.java:warn(122)) - s1@group-2C0892D3738B->s3-AppendLogResponseHandler: Failed appendEntries: org.apache.ratis.thirdparty.io.grpc.StatusRuntimeException: UNAVAILABLE: io exception
2023-03-17 00:25:07,859 [grpc-default-executor-6] WARN  server.GrpcLogAppender (LogUtils.java:warn(122)) - s1@group-2C0892D3738B->s4-AppendLogResponseHandler: Failed appendEntries: org.apache.ratis.thirdparty.io.grpc.StatusRuntimeException: UNAVAILABLE: io exception
2023-03-17 00:25:07,859 [grpc-default-executor-6] INFO  leader.FollowerInfo (FollowerInfoImpl.java:lambda$new$0(52)) - s1@group-2C0892D3738B->s4: decreaseNextIndex nextIndex: updateUnconditionally 1 -> 0
2023-03-17 00:25:07,859 [grpc-default-executor-8] WARN  server.GrpcLogAppender (LogUtils.java:warn(122)) - s1@group-2C0892D3738B->s4-AppendLogResponseHandler: Failed appendEntries: org.apache.ratis.thirdparty.io.grpc.StatusRuntimeException: UNAVAILABLE: io exception
2023-03-17 00:25:07,882 [grpc-default-executor-8] WARN  server.GrpcLogAppender (LogUtils.java:warn(122)) - s1@group-2C0892D3738B->s3-AppendLogResponseHandler: Failed appendEntries: org.apache.ratis.thirdparty.io.grpc.StatusRuntimeException: UNAVAILABLE: io exception
2023-03-17 00:25:07,882 [grpc-default-executor-6] WARN  server.GrpcLogAppender (LogUtils.java:warn(122)) - s1@group-2C0892D3738B->s3-AppendLogResponseHandler: Failed appendEntries: org.apache.ratis.thirdparty.io.grpc.StatusRuntimeException: UNAVAILABLE: io exception
2023-03-17 00:25:07,886 [grpc-default-executor-6] WARN  server.GrpcLogAppender (LogUtils.java:warn(122)) - s1@group-2C0892D3738B->s4-AppendLogResponseHandler: Failed appendEntries: org.apache.ratis.thirdparty.io.grpc.StatusRuntimeException: UNAVAILABLE: io exception
2023-03-17 00:25:07,886 [grpc-default-executor-8] WARN  server.GrpcLogAppender (LogUtils.java:warn(122)) - s1@group-2C0892D3738B->s4-AppendLogResponseHandler: Failed appendEntries: org.apache.ratis.thirdparty.io.grpc.StatusRuntimeException: UNAVAILABLE: io exception
2023-03-17 00:25:07,892 [grpc-default-executor-8] WARN  server.GrpcLogAppender (LogUtils.java:warn(122)) - s1@group-2C0892D3738B->s3-AppendLogResponseHandler: Failed appendEntries: org.apache.ratis.thirdparty.io.grpc.StatusRuntimeException: UNAVAILABLE: io exception
2023-03-17 00:25:07,892 [grpc-default-executor-8] INFO  leader.FollowerInfo (FollowerInfoImpl.java:lambda$new$0(52)) - s1@group-2C0892D3738B->s3: decreaseNextIndex nextIndex: updateUnconditionally 1 -> 0
2023-03-17 00:25:07,892 [grpc-default-executor-6] WARN  server.GrpcLogAppender (LogUtils.java:warn(122)) - s1@group-2C0892D3738B->s3-AppendLogResponseHandler: Failed appendEntries: org.apache.ratis.thirdparty.io.grpc.StatusRuntimeException: UNAVAILABLE: io exception
2023-03-17 00:25:07,896 [grpc-default-executor-6] WARN  server.GrpcLogAppender (LogUtils.java:warn(122)) - s1@group-2C0892D3738B->s4-AppendLogResponseHandler: Failed appendEntries: org.apache.ratis.thirdparty.io.grpc.StatusRuntimeException: UNAVAILABLE: io exception
2023-03-17 00:25:07,897 [grpc-default-executor-6] INFO  leader.FollowerInfo (FollowerInfoImpl.java:lambda$new$0(52)) - s1@group-2C0892D3738B->s4: decreaseNextIndex nextIndex: updateUnconditionally 1 -> 0
2023-03-17 00:25:07,897 [grpc-default-executor-8] WARN  server.GrpcLogAppender (LogUtils.java:warn(122)) - s1@group-2C0892D3738B->s4-AppendLogResponseHandler: Failed appendEntries: org.apache.ratis.thirdparty.io.grpc.StatusRuntimeException: UNAVAILABLE: io exception
2023-03-17 00:25:07,919 [grpc-default-executor-8] WARN  server.GrpcLogAppender (LogUtils.java:warn(122)) - s1@group-2C0892D3738B->s3-AppendLogResponseHandler: Failed appendEntries: org.apache.ratis.thirdparty.io.grpc.StatusRuntimeException: UNAVAILABLE: io exception
2023-03-17 00:25:07,919 [grpc-default-executor-6] WARN  server.GrpcLogAppender (LogUtils.java:warn(122)) - s1@group-2C0892D3738B->s3-AppendLogResponseHandler: Failed appendEntries: org.apache.ratis.thirdparty.io.grpc.StatusRuntimeException: UNAVAILABLE: io exception
2023-03-17 00:25:07,924 [grpc-default-executor-6] WARN  server.GrpcLogAppender (LogUtils.java:warn(122)) - s1@group-2C0892D3738B->s4-AppendLogResponseHandler: Failed appendEntries: org.apache.ratis.thirdparty.io.grpc.StatusRuntimeException: UNAVAILABLE: io exception
2023-03-17 00:25:07,924 [grpc-default-executor-8] WARN  server.GrpcLogAppender (LogUtils.java:warn(122)) - s1@group-2C0892D3738B->s4-AppendLogResponseHandler: Failed appendEntries: org.apache.ratis.thirdparty.io.grpc.StatusRuntimeException: UNAVAILABLE: io exception
2023-03-17 00:25:07,929 [grpc-default-executor-8] WARN  server.GrpcLogAppender (LogUtils.java:warn(122)) - s1@group-2C0892D3738B->s3-AppendLogResponseHandler: Failed appendEntries: org.apache.ratis.thirdparty.io.grpc.StatusRuntimeException: UNAVAILABLE: io exception
2023-03-17 00:25:07,929 [grpc-default-executor-8] INFO  leader.FollowerInfo (FollowerInfoImpl.java:lambda$new$0(52)) - s1@group-2C0892D3738B->s3: decreaseNextIndex nextIndex: updateUnconditionally 1 -> 0
2023-03-17 00:25:07,929 [grpc-default-executor-6] WARN  server.GrpcLogAppender (LogUtils.java:warn(122)) - s1@group-2C0892D3738B->s3-AppendLogResponseHandler: Failed appendEntries: org.apache.ratis.thirdparty.io.grpc.StatusRuntimeException: UNAVAILABLE: io exception
2023-03-17 00:25:07,934 [grpc-default-executor-6] WARN  server.GrpcLogAppender (LogUtils.java:warn(122)) - s1@group-2C0892D3738B->s4-AppendLogResponseHandler: Failed appendEntries: org.apache.ratis.thirdparty.io.grpc.StatusRuntimeException: UNAVAILABLE: io exception
2023-03-17 00:25:07,934 [grpc-default-executor-6] INFO  leader.FollowerInfo (FollowerInfoImpl.java:lambda$new$0(52)) - s1@group-2C0892D3738B->s4: decreaseNextIndex nextIndex: updateUnconditionally 1 -> 0
2023-03-17 00:25:07,934 [grpc-default-executor-8] WARN  server.GrpcLogAppender (LogUtils.java:warn(122)) - s1@group-2C0892D3738B->s4-AppendLogResponseHandler: Failed appendEntries: org.apache.ratis.thirdparty.io.grpc.StatusRuntimeException: UNAVAILABLE: io exception
2023-03-17 00:25:07,956 [grpc-default-executor-8] WARN  server.GrpcLogAppender (LogUtils.java:warn(122)) - s1@group-2C0892D3738B->s3-AppendLogResponseHandler: Failed appendEntries: org.apache.ratis.thirdparty.io.grpc.StatusRuntimeException: UNAVAILABLE: io exception
2023-03-17 00:25:07,957 [grpc-default-executor-6] WARN  server.GrpcLogAppender (LogUtils.java:warn(122)) - s1@group-2C0892D3738B->s3-AppendLogResponseHandler: Failed appendEntries: org.apache.ratis.thirdparty.io.grpc.StatusRuntimeException: UNAVAILABLE: io exception
2023-03-17 00:25:07,961 [grpc-default-executor-6] WARN  server.GrpcLogAppender (LogUtils.java:warn(122)) - s1@group-2C0892D3738B->s4-AppendLogResponseHandler: Failed appendEntries: org.apache.ratis.thirdparty.io.grpc.StatusRuntimeException: UNAVAILABLE: io exception
2023-03-17 00:25:07,961 [grpc-default-executor-8] WARN  server.GrpcLogAppender (LogUtils.java:warn(122)) - s1@group-2C0892D3738B->s4-AppendLogResponseHandler: Failed appendEntries: org.apache.ratis.thirdparty.io.grpc.StatusRuntimeException: UNAVAILABLE: io exception
2023-03-17 00:25:07,966 [grpc-default-executor-8] WARN  server.GrpcLogAppender (LogUtils.java:warn(122)) - s1@group-2C0892D3738B->s3-AppendLogResponseHandler: Failed appendEntries: org.apache.ratis.thirdparty.io.grpc.StatusRuntimeException: UNAVAILABLE: io exception
2023-03-17 00:25:07,967 [grpc-default-executor-8] INFO  leader.FollowerInfo (FollowerInfoImpl.java:lambda$new$0(52)) - s1@group-2C0892D3738B->s3: decreaseNextIndex nextIndex: updateUnconditionally 1 -> 0
2023-03-17 00:25:07,967 [grpc-default-executor-6] WARN  server.GrpcLogAppender (LogUtils.java:warn(122)) - s1@group-2C0892D3738B->s3-AppendLogResponseHandler: Failed appendEntries: org.apache.ratis.thirdparty.io.grpc.StatusRuntimeException: UNAVAILABLE: io exception
2023-03-17 00:25:07,971 [grpc-default-executor-8] WARN  server.GrpcLogAppender (LogUtils.java:warn(122)) - s1@group-2C0892D3738B->s4-AppendLogResponseHandler: Failed appendEntries: org.apache.ratis.thirdparty.io.grpc.StatusRuntimeException: UNAVAILABLE: io exception
2023-03-17 00:25:07,971 [grpc-default-executor-0] WARN  server.GrpcLogAppender (LogUtils.java:warn(122)) - s1@group-2C0892D3738B->s4-AppendLogResponseHandler: Failed appendEntries: org.apache.ratis.thirdparty.io.grpc.StatusRuntimeException: UNAVAILABLE: io exception
2023-03-17 00:25:07,971 [grpc-default-executor-8] INFO  leader.FollowerInfo (FollowerInfoImpl.java:lambda$new$0(52)) - s1@group-2C0892D3738B->s4: decreaseNextIndex nextIndex: updateUnconditionally 1 -> 0
2023-03-17 00:25:07,994 [grpc-default-executor-6] WARN  server.GrpcLogAppender (LogUtils.java:warn(122)) - s1@group-2C0892D3738B->s3-AppendLogResponseHandler: Failed appendEntries: org.apache.ratis.thirdparty.io.grpc.StatusRuntimeException: UNAVAILABLE: io exception
2023-03-17 00:25:07,994 [grpc-default-executor-0] WARN  server.GrpcLogAppender (LogUtils.java:warn(122)) - s1@group-2C0892D3738B->s3-AppendLogResponseHandler: Failed appendEntries: org.apache.ratis.thirdparty.io.grpc.StatusRuntimeException: UNAVAILABLE: io exception
2023-03-17 00:25:07,998 [grpc-default-executor-0] WARN  server.GrpcLogAppender (LogUtils.java:warn(122)) - s1@group-2C0892D3738B->s4-AppendLogResponseHandler: Failed appendEntries: org.apache.ratis.thirdparty.io.grpc.StatusRuntimeException: UNAVAILABLE: io exception
2023-03-17 00:25:07,998 [grpc-default-executor-6] WARN  server.GrpcLogAppender (LogUtils.java:warn(122)) - s1@group-2C0892D3738B->s4-AppendLogResponseHandler: Failed appendEntries: org.apache.ratis.thirdparty.io.grpc.StatusRuntimeException: UNAVAILABLE: io exception
2023-03-17 00:25:08,004 [grpc-default-executor-6] WARN  server.GrpcLogAppender (LogUtils.java:warn(122)) - s1@group-2C0892D3738B->s3-AppendLogResponseHandler: Failed appendEntries: org.apache.ratis.thirdparty.io.grpc.StatusRuntimeException: UNAVAILABLE: io exception
2023-03-17 00:25:08,004 [grpc-default-executor-6] INFO  leader.FollowerInfo (FollowerInfoImpl.java:lambda$new$0(52)) - s1@group-2C0892D3738B->s3: decreaseNextIndex nextIndex: updateUnconditionally 1 -> 0
2023-03-17 00:25:08,004 [grpc-default-executor-0] WARN  server.GrpcLogAppender (LogUtils.java:warn(122)) - s1@group-2C0892D3738B->s3-AppendLogResponseHandler: Failed appendEntries: org.apache.ratis.thirdparty.io.grpc.StatusRuntimeException: UNAVAILABLE: io exception
2023-03-17 00:25:08,008 [grpc-default-executor-0] WARN  server.GrpcLogAppender (LogUtils.java:warn(122)) - s1@group-2C0892D3738B->s4-AppendLogResponseHandler: Failed appendEntries: org.apache.ratis.thirdparty.io.grpc.StatusRuntimeException: UNAVAILABLE: io exception
2023-03-17 00:25:08,008 [grpc-default-executor-0] INFO  leader.FollowerInfo (FollowerInfoImpl.java:lambda$new$0(52)) - s1@group-2C0892D3738B->s4: decreaseNextIndex nextIndex: updateUnconditionally 1 -> 0
2023-03-17 00:25:08,008 [grpc-default-executor-6] WARN  server.GrpcLogAppender (LogUtils.java:warn(122)) - s1@group-2C0892D3738B->s4-AppendLogResponseHandler: Failed appendEntries: org.apache.ratis.thirdparty.io.grpc.StatusRuntimeException: UNAVAILABLE: io exception
2023-03-17 00:25:08,031 [grpc-default-executor-6] WARN  server.GrpcLogAppender (LogUtils.java:warn(122)) - s1@group-2C0892D3738B->s3-AppendLogResponseHandler: Failed appendEntries: org.apache.ratis.thirdparty.io.grpc.StatusRuntimeException: UNAVAILABLE: io exception
2023-03-17 00:25:08,031 [grpc-default-executor-0] WARN  server.GrpcLogAppender (LogUtils.java:warn(122)) - s1@group-2C0892D3738B->s3-AppendLogResponseHandler: Failed appendEntries: org.apache.ratis.thirdparty.io.grpc.StatusRuntimeException: UNAVAILABLE: io exception
2023-03-17 00:25:08,035 [grpc-default-executor-0] WARN  server.GrpcLogAppender (LogUtils.java:warn(122)) - s1@group-2C0892D3738B->s4-AppendLogResponseHandler: Failed appendEntries: org.apache.ratis.thirdparty.io.grpc.StatusRuntimeException: UNAVAILABLE: io exception
2023-03-17 00:25:08,036 [grpc-default-executor-6] WARN  server.GrpcLogAppender (LogUtils.java:warn(122)) - s1@group-2C0892D3738B->s4-AppendLogResponseHandler: Failed appendEntries: org.apache.ratis.thirdparty.io.grpc.StatusRuntimeException: UNAVAILABLE: io exception
2023-03-17 00:25:08,041 [grpc-default-executor-6] WARN  server.GrpcLogAppender (LogUtils.java:warn(122)) - s1@group-2C0892D3738B->s3-AppendLogResponseHandler: Failed appendEntries: org.apache.ratis.thirdparty.io.grpc.StatusRuntimeException: UNAVAILABLE: io exception
2023-03-17 00:25:08,041 [grpc-default-executor-6] INFO  leader.FollowerInfo (FollowerInfoImpl.java:lambda$new$0(52)) - s1@group-2C0892D3738B->s3: decreaseNextIndex nextIndex: updateUnconditionally 1 -> 0
2023-03-17 00:25:08,041 [grpc-default-executor-0] WARN  server.GrpcLogAppender (LogUtils.java:warn(122)) - s1@group-2C0892D3738B->s3-AppendLogResponseHandler: Failed appendEntries: org.apache.ratis.thirdparty.io.grpc.StatusRuntimeException: UNAVAILABLE: io exception
2023-03-17 00:25:08,045 [grpc-default-executor-0] WARN  server.GrpcLogAppender (LogUtils.java:warn(122)) - s1@group-2C0892D3738B->s4-AppendLogResponseHandler: Failed appendEntries: org.apache.ratis.thirdparty.io.grpc.StatusRuntimeException: UNAVAILABLE: io exception
2023-03-17 00:25:08,046 [grpc-default-executor-0] INFO  leader.FollowerInfo (FollowerInfoImpl.java:lambda$new$0(52)) - s1@group-2C0892D3738B->s4: decreaseNextIndex nextIndex: updateUnconditionally 1 -> 0
2023-03-17 00:25:08,046 [grpc-default-executor-6] WARN  server.GrpcLogAppender (LogUtils.java:warn(122)) - s1@group-2C0892D3738B->s4-AppendLogResponseHandler: Failed appendEntries: org.apache.ratis.thirdparty.io.grpc.StatusRuntimeException: UNAVAILABLE: io exception
2023-03-17 00:25:08,068 [grpc-default-executor-6] WARN  server.GrpcLogAppender (LogUtils.java:warn(122)) - s1@group-2C0892D3738B->s3-AppendLogResponseHandler: Failed appendEntries: org.apache.ratis.thirdparty.io.grpc.StatusRuntimeException: UNAVAILABLE: io exception
2023-03-17 00:25:08,068 [grpc-default-executor-0] WARN  server.GrpcLogAppender (LogUtils.java:warn(122)) - s1@group-2C0892D3738B->s3-AppendLogResponseHandler: Failed appendEntries: org.apache.ratis.thirdparty.io.grpc.StatusRuntimeException: UNAVAILABLE: io exception
2023-03-17 00:25:08,073 [grpc-default-executor-0] WARN  server.GrpcLogAppender (LogUtils.java:warn(122)) - s1@group-2C0892D3738B->s4-AppendLogResponseHandler: Failed appendEntries: org.apache.ratis.thirdparty.io.grpc.StatusRuntimeException: UNAVAILABLE: io exception
2023-03-17 00:25:08,073 [grpc-default-executor-6] WARN  server.GrpcLogAppender (LogUtils.java:warn(122)) - s1@group-2C0892D3738B->s4-AppendLogResponseHandler: Failed appendEntries: org.apache.ratis.thirdparty.io.grpc.StatusRuntimeException: UNAVAILABLE: io exception
2023-03-17 00:25:08,078 [grpc-default-executor-6] WARN  server.GrpcLogAppender (LogUtils.java:warn(122)) - s1@group-2C0892D3738B->s3-AppendLogResponseHandler: Failed appendEntries: org.apache.ratis.thirdparty.io.grpc.StatusRuntimeException: UNAVAILABLE: io exception
2023-03-17 00:25:08,078 [grpc-default-executor-6] INFO  leader.FollowerInfo (FollowerInfoImpl.java:lambda$new$0(52)) - s1@group-2C0892D3738B->s3: decreaseNextIndex nextIndex: updateUnconditionally 1 -> 0
2023-03-17 00:25:08,078 [grpc-default-executor-0] WARN  server.GrpcLogAppender (LogUtils.java:warn(122)) - s1@group-2C0892D3738B->s3-AppendLogResponseHandler: Failed appendEntries: org.apache.ratis.thirdparty.io.grpc.StatusRuntimeException: UNAVAILABLE: io exception
2023-03-17 00:25:08,083 [grpc-default-executor-0] WARN  server.GrpcLogAppender (LogUtils.java:warn(122)) - s1@group-2C0892D3738B->s4-AppendLogResponseHandler: Failed appendEntries: org.apache.ratis.thirdparty.io.grpc.StatusRuntimeException: UNAVAILABLE: io exception
2023-03-17 00:25:08,083 [grpc-default-executor-0] INFO  leader.FollowerInfo (FollowerInfoImpl.java:lambda$new$0(52)) - s1@group-2C0892D3738B->s4: decreaseNextIndex nextIndex: updateUnconditionally 1 -> 0
2023-03-17 00:25:08,083 [grpc-default-executor-6] WARN  server.GrpcLogAppender (LogUtils.java:warn(122)) - s1@group-2C0892D3738B->s4-AppendLogResponseHandler: Failed appendEntries: org.apache.ratis.thirdparty.io.grpc.StatusRuntimeException: UNAVAILABLE: io exception
2023-03-17 00:25:08,102 [s1@group-2C0892D3738B-LeaderStateImpl] DEBUG server.RaftServer$Division (LeaderStateImpl.java:checkProgress(762)) - s1@group-2C0892D3738B-LeaderStateImpl detects a follower s1@group-2C0892D3738B->s3(c-1,m-1,n0, attendVote=false, lastRpcSendTime=23, lastRpcResponseTime=1193) timeout (1193ms) for bootstrapping
2023-03-17 00:25:08,102 [s1@group-2C0892D3738B-LeaderStateImpl] DEBUG server.RaftServer$Division (LeaderStateImpl.java:checkProgress(762)) - s1@group-2C0892D3738B-LeaderStateImpl detects a follower s1@group-2C0892D3738B->s4(c-1,m-1,n0, attendVote=false, lastRpcSendTime=19, lastRpcResponseTime=1193) timeout (1193ms) for bootstrapping
2023-03-17 00:25:08,102 [s1@group-2C0892D3738B-LeaderStateImpl] DEBUG server.RaftServer$Division (LeaderStateImpl.java:fail(1210)) - s1@group-2C0892D3738B-ConfigurationStagingState: Fail to set configuration peers:[s3|rpc:0.0.0.0:46675|dataStream:|priority:0|startupRole:FOLLOWER, s4|rpc:0.0.0.0:42191|dataStream:|priority:0|startupRole:FOLLOWER, s0|rpc:localhost:34357|admin:localhost:42739|client:localhost:33183|dataStream:localhost:40849|priority:0|startupRole:FOLLOWER, s1|rpc:localhost:35345|admin:localhost:41867|client:localhost:44485|dataStream:localhost:35841|priority:0|startupRole:FOLLOWER, s2|rpc:localhost:42741|admin:localhost:41355|client:localhost:36083|dataStream:localhost:36747|priority:0|startupRole:FOLLOWER]|listeners:[] due to NOPROGRESS
2023-03-17 00:25:08,102 [s1@group-2C0892D3738B->s3-GrpcLogAppender-LogAppenderDaemon] WARN  server.GrpcLogAppender (GrpcLogAppender.java:mayWait(195)) - s1@group-2C0892D3738B->s3-GrpcLogAppender: Wait interrupted by java.lang.InterruptedException
2023-03-17 00:25:08,102 [s1@group-2C0892D3738B->s4-GrpcLogAppender-LogAppenderDaemon] WARN  server.GrpcLogAppender (GrpcLogAppender.java:mayWait(195)) - s1@group-2C0892D3738B->s4-GrpcLogAppender: Wait interrupted by java.lang.InterruptedException
2023-03-17 00:25:08,120 [Time-limited test] INFO  grpc.TestRaftReconfigurationWithGrpc (RaftReconfigurationBaseTest.java:runTestReconfTimeout(366)) - Start new peers
2023-03-17 00:25:08,120 [Time-limited test] INFO  impl.MiniRaftCluster (MiniRaftCluster.java:killServer(533)) - killServer s3
2023-03-17 00:25:08,121 [Time-limited test] INFO  impl.MiniRaftCluster (MiniRaftCluster.java:newRaftServer(382)) - newRaftServer: s3, group-2C0892D3738B:[s3|rpc:0.0.0.0:46675|priority:0|startupRole:FOLLOWER, s4|rpc:0.0.0.0:42191|priority:0|startupRole:FOLLOWER, s0|rpc:localhost:34357|admin:localhost:42739|client:localhost:33183|dataStream:localhost:40849|priority:0|startupRole:FOLLOWER, s1|rpc:localhost:35345|admin:localhost:41867|client:localhost:44485|dataStream:localhost:35841|priority:0|startupRole:FOLLOWER, s2|rpc:localhost:42741|admin:localhost:41355|client:localhost:36083|dataStream:localhost:36747|priority:0|startupRole:FOLLOWER], format? true
2023-03-17 00:25:08,121 [Time-limited test] TRACE util.FileUtils (FileUtils.java:deleteFully(201)) - deleteFully target/test/data/ce6527c6/MiniRaftClusterWithGrpc107fc027/s3
2023-03-17 00:25:08,121 [Time-limited test] TRACE util.FileUtils (FileUtils.java:deleteFully(217)) - deleteFully: target/test/data/ce6527c6/MiniRaftClusterWithGrpc107fc027/s3 does not exist.
2023-03-17 00:25:08,121 [Time-limited test] INFO  impl.MiniRaftCluster (MiniRaftCluster.java:newRaftServer(387)) - Formatted directory target/test/data/ce6527c6/MiniRaftClusterWithGrpc107fc027/s3
2023-03-17 00:25:08,121 [Time-limited test] INFO  server.RaftServer (ConfUtils.java:logGet(46)) - raft.rpc.type = GRPC (default)
2023-03-17 00:25:08,121 [Time-limited test] INFO  grpc.GrpcConfigKeys (ConfUtils.java:logFallback(53)) - raft.grpc.admin.host = null (fallback to raft.grpc.server.host)
2023-03-17 00:25:08,121 [Time-limited test] INFO  grpc.GrpcConfigKeys (ConfUtils.java:logGet(46)) - raft.grpc.admin.port = 46675 (custom)
2023-03-17 00:25:08,121 [Time-limited test] INFO  grpc.GrpcConfigKeys (ConfUtils.java:logFallback(53)) - raft.grpc.client.host = null (fallback to raft.grpc.server.host)
2023-03-17 00:25:08,121 [Time-limited test] INFO  grpc.GrpcConfigKeys (ConfUtils.java:logGet(46)) - raft.grpc.client.port = 46675 (custom)
2023-03-17 00:25:08,121 [Time-limited test] INFO  grpc.GrpcConfigKeys (ConfUtils.java:logGet(46)) - raft.grpc.server.host = null (default)
2023-03-17 00:25:08,121 [Time-limited test] INFO  grpc.GrpcConfigKeys (ConfUtils.java:logGet(46)) - raft.grpc.server.port = 46675 (custom)
2023-03-17 00:25:08,121 [Time-limited test] INFO  server.GrpcService (ConfUtils.java:logGet(46)) - raft.grpc.message.size.max = 64MB (=67108864) (default)
2023-03-17 00:25:08,121 [Time-limited test] INFO  server.RaftServerConfigKeys (ConfUtils.java:logGet(46)) - raft.server.log.appender.buffer.byte-limit = 4MB (=4194304) (default)
2023-03-17 00:25:08,121 [Time-limited test] INFO  server.GrpcService (ConfUtils.java:logGet(46)) - raft.grpc.flow.control.window = 1MB (=1048576) (default)
2023-03-17 00:25:08,121 [Time-limited test] INFO  server.RaftServerConfigKeys (ConfUtils.java:logGet(46)) - raft.server.rpc.request.timeout = 3000ms (default)
2023-03-17 00:25:08,121 [Time-limited test] INFO  grpc.GrpcConfigKeys (ConfUtils.java:logGet(46)) - raft.grpc.server.heartbeat.channel = true (default)
2023-03-17 00:25:08,121 [Time-limited test] INFO  grpc.GrpcConfigKeys (ConfUtils.java:logGet(46)) - raft.grpc.server.async.request.thread.pool.cached = true (default)
2023-03-17 00:25:08,121 [Time-limited test] INFO  grpc.GrpcConfigKeys (ConfUtils.java:logGet(46)) - raft.grpc.server.async.request.thread.pool.size = 32 (default)
2023-03-17 00:25:08,122 [Time-limited test] INFO  impl.DataStreamServerImpl (ConfUtils.java:logGet(46)) - raft.datastream.type = DISABLED (default)
2023-03-17 00:25:08,122 [Time-limited test] INFO  server.RaftServerConfigKeys (ConfUtils.java:logGet(46)) - raft.server.threadpool.proxy.cached = true (default)
2023-03-17 00:25:08,122 [Time-limited test] INFO  server.RaftServerConfigKeys (ConfUtils.java:logGet(46)) - raft.server.threadpool.proxy.size = 0 (default)
2023-03-17 00:25:08,122 [Time-limited test] INFO  server.RaftServerConfigKeys (ConfUtils.java:logGet(46)) - raft.server.rpc.slowness.timeout = 60s (default)
2023-03-17 00:25:08,122 [Time-limited test] INFO  server.RaftServerConfigKeys (ConfUtils.java:logGet(46)) - raft.server.leaderelection.leader.step-down.wait-time = 10s (default)
2023-03-17 00:25:08,122 [Time-limited test] INFO  server.RaftServerConfigKeys (ConfUtils.java:logGet(46)) - raft.server.storage.dir = [/home/runner/work/ratis/ratis/ratis-test/target/test/data/ce6527c6/MiniRaftClusterWithGrpc107fc027/s3] (custom)
2023-03-17 00:25:08,123 [Time-limited test] INFO  server.RaftServer (RaftServerProxy.java:addNew(99)) - s3: addNew group-2C0892D3738B:[s3|rpc:0.0.0.0:46675|priority:0|startupRole:FOLLOWER, s4|rpc:0.0.0.0:42191|priority:0|startupRole:FOLLOWER, s0|rpc:localhost:34357|admin:localhost:42739|client:localhost:33183|dataStream:localhost:40849|priority:0|startupRole:FOLLOWER, s1|rpc:localhost:35345|admin:localhost:41867|client:localhost:44485|dataStream:localhost:35841|priority:0|startupRole:FOLLOWER, s2|rpc:localhost:42741|admin:localhost:41355|client:localhost:36083|dataStream:localhost:36747|priority:0|startupRole:FOLLOWER] returns group-2C0892D3738B:java.util.concurrent.CompletableFuture@73c9f969[Not completed]
2023-03-17 00:25:08,123 [s3-groupManagement] INFO  server.RaftServer$Division (RaftServerImpl.java:<init>(198)) - s3: new RaftServerImpl for group-2C0892D3738B:[s3|rpc:0.0.0.0:46675|priority:0|startupRole:FOLLOWER, s4|rpc:0.0.0.0:42191|priority:0|startupRole:FOLLOWER, s0|rpc:localhost:34357|admin:localhost:42739|client:localhost:33183|dataStream:localhost:40849|priority:0|startupRole:FOLLOWER, s1|rpc:localhost:35345|admin:localhost:41867|client:localhost:44485|dataStream:localhost:35841|priority:0|startupRole:FOLLOWER, s2|rpc:localhost:42741|admin:localhost:41355|client:localhost:36083|dataStream:localhost:36747|priority:0|startupRole:FOLLOWER] with BaseStateMachine:uninitialized
2023-03-17 00:25:08,124 [s3-groupManagement] INFO  server.RaftServerConfigKeys (ConfUtils.java:logGet(46)) - raft.server.rpc.timeout.min = 150ms (default)
2023-03-17 00:25:08,124 [s3-groupManagement] INFO  server.RaftServerConfigKeys (ConfUtils.java:logGet(46)) - raft.server.rpc.timeout.max = 300ms (default)
2023-03-17 00:25:08,124 [s3-groupManagement] INFO  server.RaftServerConfigKeys (ConfUtils.java:logGet(46)) - raft.server.rpc.sleep.time = 25ms (default)
2023-03-17 00:25:08,124 [s3-groupManagement] INFO  server.RaftServerConfigKeys (ConfUtils.java:logGet(46)) - raft.server.rpc.slowness.timeout = 60s (default)
2023-03-17 00:25:08,124 [s3-groupManagement] INFO  server.RaftServerConfigKeys (ConfUtils.java:logGet(46)) - raft.server.leaderelection.leader.step-down.wait-time = 10s (default)
2023-03-17 00:25:08,124 [s3-groupManagement] INFO  server.RaftServerConfigKeys (ConfUtils.java:logGet(46)) - raft.server.sleep.deviation.threshold = 300ms (default)
2023-03-17 00:25:08,124 [s3-groupManagement] INFO  server.RaftServer$Division (ServerState.java:<init>(113)) - s3@group-2C0892D3738B: ConfigurationManager, init=-1: peers:[s3|rpc:0.0.0.0:46675|priority:0|startupRole:FOLLOWER, s4|rpc:0.0.0.0:42191|priority:0|startupRole:FOLLOWER, s0|rpc:localhost:34357|admin:localhost:42739|client:localhost:33183|dataStream:localhost:40849|priority:0|startupRole:FOLLOWER, s1|rpc:localhost:35345|admin:localhost:41867|client:localhost:44485|dataStream:localhost:35841|priority:0|startupRole:FOLLOWER, s2|rpc:localhost:42741|admin:localhost:41355|client:localhost:36083|dataStream:localhost:36747|priority:0|startupRole:FOLLOWER]|listeners:[], old=null, confs=<EMPTY_MAP>
2023-03-17 00:25:08,124 [s3-groupManagement] INFO  server.RaftServerConfigKeys (ConfUtils.java:logGet(46)) - raft.server.notification.no-leader.timeout = 60s (default)
2023-03-17 00:25:08,124 [s3-groupManagement] INFO  server.RaftServerConfigKeys (ConfUtils.java:logGet(46)) - raft.server.read.timeout = 10s (default)
2023-03-17 00:25:08,124 [s3-groupManagement] INFO  server.RaftServerConfigKeys (ConfUtils.java:logGet(46)) - raft.server.retrycache.expirytime = 60s (default)
2023-03-17 00:25:08,124 [s3-groupManagement] INFO  server.RaftServerConfigKeys (ConfUtils.java:logGet(46)) - raft.server.retrycache.statistics.expirytime = 100μs (default)
2023-03-17 00:25:08,124 [s3-groupManagement] INFO  server.RaftServerConfigKeys (ConfUtils.java:logGet(46)) - raft.server.read.option = DEFAULT (default)
2023-03-17 00:25:08,124 [s3-groupManagement] INFO  server.RaftServerConfigKeys (ConfUtils.java:logGet(46)) - raft.server.log.appender.install.snapshot.enabled = true (default)
2023-03-17 00:25:08,124 [s3-groupManagement] INFO  server.RaftServerConfigKeys (ConfUtils.java:logGet(46)) - raft.server.threadpool.server.cached = true (default)
2023-03-17 00:25:08,124 [s3-groupManagement] INFO  server.RaftServerConfigKeys (ConfUtils.java:logGet(46)) - raft.server.threadpool.server.size = 0 (default)
2023-03-17 00:25:08,125 [s3-groupManagement] INFO  server.RaftServerConfigKeys (ConfUtils.java:logGet(46)) - raft.server.threadpool.client.cached = true (default)
2023-03-17 00:25:08,125 [s3-groupManagement] INFO  server.RaftServerConfigKeys (ConfUtils.java:logGet(46)) - raft.server.threadpool.client.size = 0 (default)
2023-03-17 00:25:08,125 [s3-impl-thread1] INFO  server.RaftServerConfigKeys (ConfUtils.java:logGet(46)) - raft.server.storage.free-space.min = 0MB (=0) (default)
2023-03-17 00:25:08,125 [s3-impl-thread1] INFO  server.RaftServerConfigKeys (ConfUtils.java:logGet(46)) - raft.server.log.corruption.policy = EXCEPTION (default)
2023-03-17 00:25:08,125 [s3-impl-thread1] INFO  server.RaftServerConfigKeys (ConfUtils.java:logGet(46)) - raft.server.storage.dir = [/home/runner/work/ratis/ratis/ratis-test/target/test/data/ce6527c6/MiniRaftClusterWithGrpc107fc027/s3] (custom)
2023-03-17 00:25:08,126 [s3-impl-thread1] INFO  storage.RaftStorageDirectory (RaftStorageDirectoryImpl.java:analyzeStorage(138)) - The storage directory /home/runner/work/ratis/ratis/ratis-test/target/test/data/ce6527c6/MiniRaftClusterWithGrpc107fc027/s3/0580c27f-a0d6-41f9-b179-2c0892d3738b does not exist. Creating ...
2023-03-17 00:25:08,126 [s3-impl-thread1] TRACE util.FileUtils (LogUtils.java:runAndLog(49)) - Successfully ran Files.createDirectories /home/runner/work/ratis/ratis/ratis-test/target/test/data/ce6527c6/MiniRaftClusterWithGrpc107fc027/s3/0580c27f-a0d6-41f9-b179-2c0892d3738b
2023-03-17 00:25:08,127 [s3-impl-thread1] INFO  storage.RaftStorageDirectory (RaftStorageDirectoryImpl.java:tryLock(232)) - Lock on /home/runner/work/ratis/ratis/ratis-test/target/test/data/ce6527c6/MiniRaftClusterWithGrpc107fc027/s3/0580c27f-a0d6-41f9-b179-2c0892d3738b/in_use.lock acquired by nodename 10276@fv-az426-358
2023-03-17 00:25:08,127 [s3-impl-thread1] TRACE util.FileUtils (LogUtils.java:runAndLog(49)) - Successfully ran Files.createDirectories /home/runner/work/ratis/ratis/ratis-test/target/test/data/ce6527c6/MiniRaftClusterWithGrpc107fc027/s3/0580c27f-a0d6-41f9-b179-2c0892d3738b/current
2023-03-17 00:25:08,127 [s3-impl-thread1] TRACE util.FileUtils (LogUtils.java:runAndLog(49)) - Successfully ran Files.createDirectories /home/runner/work/ratis/ratis/ratis-test/target/test/data/ce6527c6/MiniRaftClusterWithGrpc107fc027/s3/0580c27f-a0d6-41f9-b179-2c0892d3738b/sm
2023-03-17 00:25:08,128 [s3-impl-thread1] INFO  storage.RaftStorage (RaftStorageImpl.java:format(96)) - Storage directory /home/runner/work/ratis/ratis/ratis-test/target/test/data/ce6527c6/MiniRaftClusterWithGrpc107fc027/s3/0580c27f-a0d6-41f9-b179-2c0892d3738b has been successfully formatted.
2023-03-17 00:25:08,128 [s3-impl-thread1] INFO  server.RaftServerConfigKeys (ConfUtils.java:logGet(46)) - raft.server.log.use.memory = false (default)
2023-03-17 00:25:08,128 [s3-impl-thread1] INFO  server.RaftServerConfigKeys (ConfUtils.java:logGet(46)) - raft.server.log.purge.gap = 1024 (default)
2023-03-17 00:25:08,128 [s3-impl-thread1] INFO  server.RaftServerConfigKeys (ConfUtils.java:logGet(46)) - raft.server.log.appender.buffer.byte-limit = 4MB (=4194304) (default)
2023-03-17 00:25:08,128 [s3-impl-thread1] INFO  server.RaftServerConfigKeys (ConfUtils.java:logGet(46)) - raft.server.log.statemachine.data.read.timeout = 1000ms (default)
2023-03-17 00:25:08,128 [s3-impl-thread1] INFO  server.RaftServerConfigKeys (ConfUtils.java:logGet(46)) - raft.server.log.purge.preservation.log.num = 0 (default)
2023-03-17 00:25:08,129 [s3-impl-thread1] INFO  server.RaftServerConfigKeys (ConfUtils.java:logGet(46)) - raft.server.log.segment.size.max = 8MB (=8388608) (default)
2023-03-17 00:25:08,129 [s3-impl-thread1] INFO  server.RaftServerConfigKeys (ConfUtils.java:logGet(46)) - raft.server.log.segment.cache.num.max = 6 (default)
2023-03-17 00:25:08,129 [s3-impl-thread1] INFO  server.RaftServerConfigKeys (ConfUtils.java:logGet(46)) - raft.server.log.segment.cache.size.max = 200MB (=209715200) (default)
2023-03-17 00:25:08,129 [s3-impl-thread1] INFO  server.RaftServerConfigKeys (ConfUtils.java:logGet(46)) - raft.server.log.appender.buffer.byte-limit = 4MB (=4194304) (default)
2023-03-17 00:25:08,129 [s3-impl-thread1] INFO  segmented.SegmentedRaftLogWorker (SegmentedRaftLogWorker.java:<init>(183)) - new s3@group-2C0892D3738B-SegmentedRaftLogWorker for RaftStorageImpl:Storage Directory /home/runner/work/ratis/ratis/ratis-test/target/test/data/ce6527c6/MiniRaftClusterWithGrpc107fc027/s3/0580c27f-a0d6-41f9-b179-2c0892d3738b
2023-03-17 00:25:08,129 [s3-impl-thread1] INFO  server.RaftServerConfigKeys (ConfUtils.java:logGet(46)) - raft.server.log.queue.byte-limit = 64MB (=67108864) (default)
2023-03-17 00:25:08,129 [s3-impl-thread1] INFO  server.RaftServerConfigKeys (ConfUtils.java:logGet(46)) - raft.server.log.queue.element-limit = 4096 (default)
2023-03-17 00:25:08,129 [s3-impl-thread1] INFO  server.RaftServerConfigKeys (ConfUtils.java:logGet(46)) - raft.server.log.segment.size.max = 8MB (=8388608) (default)
2023-03-17 00:25:08,129 [s3-impl-thread1] INFO  server.RaftServerConfigKeys (ConfUtils.java:logGet(46)) - raft.server.log.preallocated.size = 4MB (=4194304) (default)
2023-03-17 00:25:08,129 [s3-impl-thread1] INFO  server.RaftServerConfigKeys (ConfUtils.java:logGet(46)) - raft.server.log.force.sync.num = 128 (default)
2023-03-17 00:25:08,130 [s3-impl-thread1] INFO  server.RaftServerConfigKeys (ConfUtils.java:logGet(46)) - raft.server.log.statemachine.data.sync = true (default)
2023-03-17 00:25:08,130 [s3-impl-thread1] INFO  server.RaftServerConfigKeys (ConfUtils.java:logGet(46)) - raft.server.log.statemachine.data.sync.timeout = 10s (default)
2023-03-17 00:25:08,130 [s3-impl-thread1] INFO  server.RaftServerConfigKeys (ConfUtils.java:logGet(46)) - raft.server.log.statemachine.data.sync.timeout.retry = -1 (default)
2023-03-17 00:25:08,130 [s3-impl-thread1] INFO  server.RaftServerConfigKeys (ConfUtils.java:logGet(46)) - raft.server.log.write.buffer.size = 64KB (=65536) (default)
2023-03-17 00:25:08,130 [s3-impl-thread1] INFO  server.RaftServerConfigKeys (ConfUtils.java:logGet(46)) - raft.server.log.appender.buffer.byte-limit = 4MB (=4194304) (default)
2023-03-17 00:25:08,130 [s3-impl-thread1] INFO  server.RaftServerConfigKeys (ConfUtils.java:logGet(46)) - raft.server.log.unsafe-flush.enabled = false (default)
2023-03-17 00:25:08,130 [s3-impl-thread1] INFO  server.RaftServerConfigKeys (ConfUtils.java:logGet(46)) - raft.server.log.async-flush.enabled = false (default)
2023-03-17 00:25:08,130 [s3-impl-thread1] INFO  server.RaftServerConfigKeys (ConfUtils.java:logGet(46)) - raft.server.log.statemachine.data.caching.enabled = false (default)
2023-03-17 00:25:08,131 [s3-impl-thread1] INFO  segmented.SegmentedRaftLogWorker (SegmentedRaftLogWorker.java:lambda$new$0(134)) - s3@group-2C0892D3738B-SegmentedRaftLogWorker: flushIndex: setUnconditionally 0 -> -1
2023-03-17 00:25:08,131 [s3-impl-thread1] INFO  segmented.SegmentedRaftLogWorker (SegmentedRaftLogWorker.java:lambda$new$0(134)) - s3@group-2C0892D3738B-SegmentedRaftLogWorker: safeCacheEvictIndex: setUnconditionally 0 -> -1
2023-03-17 00:25:08,131 [s3-impl-thread1] INFO  server.RaftServer$Division (RaftServerImpl.java:start(342)) - s3@group-2C0892D3738B: start as a follower, conf=-1: peers:[s3|rpc:0.0.0.0:46675|priority:0|startupRole:FOLLOWER, s4|rpc:0.0.0.0:42191|priority:0|startupRole:FOLLOWER, s0|rpc:localhost:34357|admin:localhost:42739|client:localhost:33183|dataStream:localhost:40849|priority:0|startupRole:FOLLOWER, s1|rpc:localhost:35345|admin:localhost:41867|client:localhost:44485|dataStream:localhost:35841|priority:0|startupRole:FOLLOWER, s2|rpc:localhost:42741|admin:localhost:41355|client:localhost:36083|dataStream:localhost:36747|priority:0|startupRole:FOLLOWER]|listeners:[], old=null
2023-03-17 00:25:08,131 [s3-impl-thread1] INFO  server.RaftServer$Division (RaftServerImpl.java:setRole(329)) - s3@group-2C0892D3738B: changes role from      null to FOLLOWER at term 0 for startAsFollower
2023-03-17 00:25:08,131 [s3-impl-thread1] INFO  impl.RoleInfo (RoleInfo.java:updateAndGet(139)) - s3: start s3@group-2C0892D3738B-FollowerState
2023-03-17 00:25:08,131 [s3@group-2C0892D3738B-FollowerState] INFO  server.RaftServerConfigKeys (ConfUtils.java:logFallback(53)) - raft.server.rpc.first-election.timeout.min = 150ms (fallback to raft.server.rpc.timeout.min)
2023-03-17 00:25:08,131 [s3-impl-thread1] INFO  util.JmxRegister (JmxRegister.java:tryRegister(44)) - Successfully registered JMX Bean with object name Ratis:service=RaftServer,group=group-2C0892D3738B,id=s3
2023-03-17 00:25:08,131 [s3-impl-thread1] INFO  server.RaftServerConfigKeys (ConfUtils.java:logGet(46)) - raft.server.snapshot.auto.trigger.enabled = false (default)
2023-03-17 00:25:08,131 [s3-impl-thread1] INFO  server.RaftServerConfigKeys (ConfUtils.java:logGet(46)) - raft.server.snapshot.retention.file.num = -1 (default)
2023-03-17 00:25:08,131 [s3-impl-thread1] INFO  server.RaftServerConfigKeys (ConfUtils.java:logGet(46)) - raft.server.log.purge.upto.snapshot.index = false (default)
2023-03-17 00:25:08,131 [s3@group-2C0892D3738B-FollowerState] INFO  server.RaftServerConfigKeys (ConfUtils.java:logFallback(53)) - raft.server.rpc.first-election.timeout.max = 300ms (fallback to raft.server.rpc.timeout.max)
2023-03-17 00:25:08,132 [Time-limited test] INFO  server.RaftServer (RaftServerProxy.java:startImpl(401)) - s3: start RPC server
2023-03-17 00:25:08,132 [Time-limited test] INFO  server.GrpcService (GrpcService.java:startImpl(302)) - s3: GrpcService started, listening on 46675
2023-03-17 00:25:08,132 [Time-limited test] INFO  impl.MiniRaftCluster (MiniRaftCluster.java:killServer(533)) - killServer s4
2023-03-17 00:25:08,132 [JvmPauseMonitor67] INFO  util.JvmPauseMonitor (JvmPauseMonitor.java:run(103)) - JvmPauseMonitor-s3: Started
2023-03-17 00:25:08,132 [Time-limited test] INFO  impl.MiniRaftCluster (MiniRaftCluster.java:newRaftServer(382)) - newRaftServer: s4, group-2C0892D3738B:[s3|rpc:0.0.0.0:46675|priority:0|startupRole:FOLLOWER, s4|rpc:0.0.0.0:42191|priority:0|startupRole:FOLLOWER, s0|rpc:localhost:34357|admin:localhost:42739|client:localhost:33183|dataStream:localhost:40849|priority:0|startupRole:FOLLOWER, s1|rpc:localhost:35345|admin:localhost:41867|client:localhost:44485|dataStream:localhost:35841|priority:0|startupRole:FOLLOWER, s2|rpc:localhost:42741|admin:localhost:41355|client:localhost:36083|dataStream:localhost:36747|priority:0|startupRole:FOLLOWER], format? true
2023-03-17 00:25:08,132 [Time-limited test] TRACE util.FileUtils (FileUtils.java:deleteFully(201)) - deleteFully target/test/data/ce6527c6/MiniRaftClusterWithGrpc107fc027/s4
2023-03-17 00:25:08,132 [Time-limited test] TRACE util.FileUtils (FileUtils.java:deleteFully(217)) - deleteFully: target/test/data/ce6527c6/MiniRaftClusterWithGrpc107fc027/s4 does not exist.
2023-03-17 00:25:08,133 [Time-limited test] INFO  impl.MiniRaftCluster (MiniRaftCluster.java:newRaftServer(387)) - Formatted directory target/test/data/ce6527c6/MiniRaftClusterWithGrpc107fc027/s4
2023-03-17 00:25:08,133 [Time-limited test] INFO  server.RaftServer (ConfUtils.java:logGet(46)) - raft.rpc.type = GRPC (default)
2023-03-17 00:25:08,133 [Time-limited test] INFO  grpc.GrpcConfigKeys (ConfUtils.java:logFallback(53)) - raft.grpc.admin.host = null (fallback to raft.grpc.server.host)
2023-03-17 00:25:08,133 [Time-limited test] INFO  grpc.GrpcConfigKeys (ConfUtils.java:logGet(46)) - raft.grpc.admin.port = 42191 (custom)
2023-03-17 00:25:08,133 [Time-limited test] INFO  grpc.GrpcConfigKeys (ConfUtils.java:logFallback(53)) - raft.grpc.client.host = null (fallback to raft.grpc.server.host)
2023-03-17 00:25:08,133 [Time-limited test] INFO  grpc.GrpcConfigKeys (ConfUtils.java:logGet(46)) - raft.grpc.client.port = 42191 (custom)
2023-03-17 00:25:08,133 [Time-limited test] INFO  grpc.GrpcConfigKeys (ConfUtils.java:logGet(46)) - raft.grpc.server.host = null (default)
2023-03-17 00:25:08,133 [Time-limited test] INFO  grpc.GrpcConfigKeys (ConfUtils.java:logGet(46)) - raft.grpc.server.port = 42191 (custom)
2023-03-17 00:25:08,133 [Time-limited test] INFO  server.GrpcService (ConfUtils.java:logGet(46)) - raft.grpc.message.size.max = 64MB (=67108864) (default)
2023-03-17 00:25:08,133 [Time-limited test] INFO  server.RaftServerConfigKeys (ConfUtils.java:logGet(46)) - raft.server.log.appender.buffer.byte-limit = 4MB (=4194304) (default)
2023-03-17 00:25:08,133 [Time-limited test] INFO  server.GrpcService (ConfUtils.java:logGet(46)) - raft.grpc.flow.control.window = 1MB (=1048576) (default)
2023-03-17 00:25:08,133 [Time-limited test] INFO  server.RaftServerConfigKeys (ConfUtils.java:logGet(46)) - raft.server.rpc.request.timeout = 3000ms (default)
2023-03-17 00:25:08,133 [Time-limited test] INFO  grpc.GrpcConfigKeys (ConfUtils.java:logGet(46)) - raft.grpc.server.heartbeat.channel = true (default)
2023-03-17 00:25:08,133 [Time-limited test] INFO  grpc.GrpcConfigKeys (ConfUtils.java:logGet(46)) - raft.grpc.server.async.request.thread.pool.cached = true (default)
2023-03-17 00:25:08,133 [Time-limited test] INFO  grpc.GrpcConfigKeys (ConfUtils.java:logGet(46)) - raft.grpc.server.async.request.thread.pool.size = 32 (default)
2023-03-17 00:25:08,134 [Time-limited test] INFO  impl.DataStreamServerImpl (ConfUtils.java:logGet(46)) - raft.datastream.type = DISABLED (default)
2023-03-17 00:25:08,134 [Time-limited test] INFO  server.RaftServerConfigKeys (ConfUtils.java:logGet(46)) - raft.server.threadpool.proxy.cached = true (default)
2023-03-17 00:25:08,134 [Time-limited test] INFO  server.RaftServerConfigKeys (ConfUtils.java:logGet(46)) - raft.server.threadpool.proxy.size = 0 (default)
2023-03-17 00:25:08,134 [Time-limited test] INFO  server.RaftServerConfigKeys (ConfUtils.java:logGet(46)) - raft.server.rpc.slowness.timeout = 60s (default)
2023-03-17 00:25:08,134 [Time-limited test] INFO  server.RaftServerConfigKeys (ConfUtils.java:logGet(46)) - raft.server.leaderelection.leader.step-down.wait-time = 10s (default)
2023-03-17 00:25:08,134 [Time-limited test] INFO  server.RaftServerConfigKeys (ConfUtils.java:logGet(46)) - raft.server.storage.dir = [/home/runner/work/ratis/ratis/ratis-test/target/test/data/ce6527c6/MiniRaftClusterWithGrpc107fc027/s4] (custom)
2023-03-17 00:25:08,134 [Time-limited test] INFO  server.RaftServer (RaftServerProxy.java:addNew(99)) - s4: addNew group-2C0892D3738B:[s3|rpc:0.0.0.0:46675|priority:0|startupRole:FOLLOWER, s4|rpc:0.0.0.0:42191|priority:0|startupRole:FOLLOWER, s0|rpc:localhost:34357|admin:localhost:42739|client:localhost:33183|dataStream:localhost:40849|priority:0|startupRole:FOLLOWER, s1|rpc:localhost:35345|admin:localhost:41867|client:localhost:44485|dataStream:localhost:35841|priority:0|startupRole:FOLLOWER, s2|rpc:localhost:42741|admin:localhost:41355|client:localhost:36083|dataStream:localhost:36747|priority:0|startupRole:FOLLOWER] returns group-2C0892D3738B:java.util.concurrent.CompletableFuture@6be78217[Not completed]
2023-03-17 00:25:08,134 [s4-groupManagement] INFO  server.RaftServer$Division (RaftServerImpl.java:<init>(198)) - s4: new RaftServerImpl for group-2C0892D3738B:[s3|rpc:0.0.0.0:46675|priority:0|startupRole:FOLLOWER, s4|rpc:0.0.0.0:42191|priority:0|startupRole:FOLLOWER, s0|rpc:localhost:34357|admin:localhost:42739|client:localhost:33183|dataStream:localhost:40849|priority:0|startupRole:FOLLOWER, s1|rpc:localhost:35345|admin:localhost:41867|client:localhost:44485|dataStream:localhost:35841|priority:0|startupRole:FOLLOWER, s2|rpc:localhost:42741|admin:localhost:41355|client:localhost:36083|dataStream:localhost:36747|priority:0|startupRole:FOLLOWER] with BaseStateMachine:uninitialized
2023-03-17 00:25:08,134 [s4-groupManagement] INFO  server.RaftServerConfigKeys (ConfUtils.java:logGet(46)) - raft.server.rpc.timeout.min = 150ms (default)
2023-03-17 00:25:08,134 [s4-groupManagement] INFO  server.RaftServerConfigKeys (ConfUtils.java:logGet(46)) - raft.server.rpc.timeout.max = 300ms (default)
2023-03-17 00:25:08,134 [s4-groupManagement] INFO  server.RaftServerConfigKeys (ConfUtils.java:logGet(46)) - raft.server.rpc.sleep.time = 25ms (default)
2023-03-17 00:25:08,134 [s4-groupManagement] INFO  server.RaftServerConfigKeys (ConfUtils.java:logGet(46)) - raft.server.rpc.slowness.timeout = 60s (default)
2023-03-17 00:25:08,134 [s4-groupManagement] INFO  server.RaftServerConfigKeys (ConfUtils.java:logGet(46)) - raft.server.leaderelection.leader.step-down.wait-time = 10s (default)
2023-03-17 00:25:08,134 [s4-groupManagement] INFO  server.RaftServerConfigKeys (ConfUtils.java:logGet(46)) - raft.server.sleep.deviation.threshold = 300ms (default)
2023-03-17 00:25:08,134 [s4-groupManagement] INFO  server.RaftServer$Division (ServerState.java:<init>(113)) - s4@group-2C0892D3738B: ConfigurationManager, init=-1: peers:[s3|rpc:0.0.0.0:46675|priority:0|startupRole:FOLLOWER, s4|rpc:0.0.0.0:42191|priority:0|startupRole:FOLLOWER, s0|rpc:localhost:34357|admin:localhost:42739|client:localhost:33183|dataStream:localhost:40849|priority:0|startupRole:FOLLOWER, s1|rpc:localhost:35345|admin:localhost:41867|client:localhost:44485|dataStream:localhost:35841|priority:0|startupRole:FOLLOWER, s2|rpc:localhost:42741|admin:localhost:41355|client:localhost:36083|dataStream:localhost:36747|priority:0|startupRole:FOLLOWER]|listeners:[], old=null, confs=<EMPTY_MAP>
2023-03-17 00:25:08,135 [s4-groupManagement] INFO  server.RaftServerConfigKeys (ConfUtils.java:logGet(46)) - raft.server.notification.no-leader.timeout = 60s (default)
2023-03-17 00:25:08,135 [s4-groupManagement] INFO  server.RaftServerConfigKeys (ConfUtils.java:logGet(46)) - raft.server.read.timeout = 10s (default)
2023-03-17 00:25:08,135 [s4-groupManagement] INFO  server.RaftServerConfigKeys (ConfUtils.java:logGet(46)) - raft.server.retrycache.expirytime = 60s (default)
2023-03-17 00:25:08,135 [s4-groupManagement] INFO  server.RaftServerConfigKeys (ConfUtils.java:logGet(46)) - raft.server.retrycache.statistics.expirytime = 100μs (default)
2023-03-17 00:25:08,135 [s4-groupManagement] INFO  server.RaftServerConfigKeys (ConfUtils.java:logGet(46)) - raft.server.read.option = DEFAULT (default)
2023-03-17 00:25:08,135 [s4-groupManagement] INFO  server.RaftServerConfigKeys (ConfUtils.java:logGet(46)) - raft.server.log.appender.install.snapshot.enabled = true (default)
2023-03-17 00:25:08,135 [s4-groupManagement] INFO  server.RaftServerConfigKeys (ConfUtils.java:logGet(46)) - raft.server.threadpool.server.cached = true (default)
2023-03-17 00:25:08,135 [s4-groupManagement] INFO  server.RaftServerConfigKeys (ConfUtils.java:logGet(46)) - raft.server.threadpool.server.size = 0 (default)
2023-03-17 00:25:08,135 [s4-groupManagement] INFO  server.RaftServerConfigKeys (ConfUtils.java:logGet(46)) - raft.server.threadpool.client.cached = true (default)
2023-03-17 00:25:08,135 [s4-groupManagement] INFO  server.RaftServerConfigKeys (ConfUtils.java:logGet(46)) - raft.server.threadpool.client.size = 0 (default)
2023-03-17 00:25:08,135 [s4-impl-thread1] INFO  server.RaftServerConfigKeys (ConfUtils.java:logGet(46)) - raft.server.storage.free-space.min = 0MB (=0) (default)
2023-03-17 00:25:08,135 [s4-impl-thread1] INFO  server.RaftServerConfigKeys (ConfUtils.java:logGet(46)) - raft.server.log.corruption.policy = EXCEPTION (default)
2023-03-17 00:25:08,135 [s4-impl-thread1] INFO  server.RaftServerConfigKeys (ConfUtils.java:logGet(46)) - raft.server.storage.dir = [/home/runner/work/ratis/ratis/ratis-test/target/test/data/ce6527c6/MiniRaftClusterWithGrpc107fc027/s4] (custom)
2023-03-17 00:25:08,135 [s4-impl-thread1] INFO  storage.RaftStorageDirectory (RaftStorageDirectoryImpl.java:analyzeStorage(138)) - The storage directory /home/runner/work/ratis/ratis/ratis-test/target/test/data/ce6527c6/MiniRaftClusterWithGrpc107fc027/s4/0580c27f-a0d6-41f9-b179-2c0892d3738b does not exist. Creating ...
2023-03-17 00:25:08,135 [s4-impl-thread1] TRACE util.FileUtils (LogUtils.java:runAndLog(49)) - Successfully ran Files.createDirectories /home/runner/work/ratis/ratis/ratis-test/target/test/data/ce6527c6/MiniRaftClusterWithGrpc107fc027/s4/0580c27f-a0d6-41f9-b179-2c0892d3738b
2023-03-17 00:25:08,144 [s4-impl-thread1] INFO  storage.RaftStorageDirectory (RaftStorageDirectoryImpl.java:tryLock(232)) - Lock on /home/runner/work/ratis/ratis/ratis-test/target/test/data/ce6527c6/MiniRaftClusterWithGrpc107fc027/s4/0580c27f-a0d6-41f9-b179-2c0892d3738b/in_use.lock acquired by nodename 10276@fv-az426-358
2023-03-17 00:25:08,144 [s4-impl-thread1] TRACE util.FileUtils (LogUtils.java:runAndLog(49)) - Successfully ran Files.createDirectories /home/runner/work/ratis/ratis/ratis-test/target/test/data/ce6527c6/MiniRaftClusterWithGrpc107fc027/s4/0580c27f-a0d6-41f9-b179-2c0892d3738b/current
2023-03-17 00:25:08,144 [s4-impl-thread1] TRACE util.FileUtils (LogUtils.java:runAndLog(49)) - Successfully ran Files.createDirectories /home/runner/work/ratis/ratis/ratis-test/target/test/data/ce6527c6/MiniRaftClusterWithGrpc107fc027/s4/0580c27f-a0d6-41f9-b179-2c0892d3738b/sm
2023-03-17 00:25:08,146 [s4-impl-thread1] INFO  storage.RaftStorage (RaftStorageImpl.java:format(96)) - Storage directory /home/runner/work/ratis/ratis/ratis-test/target/test/data/ce6527c6/MiniRaftClusterWithGrpc107fc027/s4/0580c27f-a0d6-41f9-b179-2c0892d3738b has been successfully formatted.
2023-03-17 00:25:08,146 [s4-impl-thread1] INFO  server.RaftServerConfigKeys (ConfUtils.java:logGet(46)) - raft.server.log.use.memory = false (default)
2023-03-17 00:25:08,146 [s4-impl-thread1] INFO  server.RaftServerConfigKeys (ConfUtils.java:logGet(46)) - raft.server.log.purge.gap = 1024 (default)
2023-03-17 00:25:08,146 [s4-impl-thread1] INFO  server.RaftServerConfigKeys (ConfUtils.java:logGet(46)) - raft.server.log.appender.buffer.byte-limit = 4MB (=4194304) (default)
2023-03-17 00:25:08,146 [s4-impl-thread1] INFO  server.RaftServerConfigKeys (ConfUtils.java:logGet(46)) - raft.server.log.statemachine.data.read.timeout = 1000ms (default)
2023-03-17 00:25:08,146 [s4-impl-thread1] INFO  server.RaftServerConfigKeys (ConfUtils.java:logGet(46)) - raft.server.log.purge.preservation.log.num = 0 (default)
2023-03-17 00:25:08,146 [s4-impl-thread1] INFO  server.RaftServerConfigKeys (ConfUtils.java:logGet(46)) - raft.server.log.segment.size.max = 8MB (=8388608) (default)
2023-03-17 00:25:08,146 [s4-impl-thread1] INFO  server.RaftServerConfigKeys (ConfUtils.java:logGet(46)) - raft.server.log.segment.cache.num.max = 6 (default)
2023-03-17 00:25:08,147 [s4-impl-thread1] INFO  server.RaftServerConfigKeys (ConfUtils.java:logGet(46)) - raft.server.log.segment.cache.size.max = 200MB (=209715200) (default)
2023-03-17 00:25:08,147 [s4-impl-thread1] INFO  server.RaftServerConfigKeys (ConfUtils.java:logGet(46)) - raft.server.log.appender.buffer.byte-limit = 4MB (=4194304) (default)
2023-03-17 00:25:08,147 [s4-impl-thread1] INFO  segmented.SegmentedRaftLogWorker (SegmentedRaftLogWorker.java:<init>(183)) - new s4@group-2C0892D3738B-SegmentedRaftLogWorker for RaftStorageImpl:Storage Directory /home/runner/work/ratis/ratis/ratis-test/target/test/data/ce6527c6/MiniRaftClusterWithGrpc107fc027/s4/0580c27f-a0d6-41f9-b179-2c0892d3738b
2023-03-17 00:25:08,147 [s4-impl-thread1] INFO  server.RaftServerConfigKeys (ConfUtils.java:logGet(46)) - raft.server.log.queue.byte-limit = 64MB (=67108864) (default)
2023-03-17 00:25:08,147 [s4-impl-thread1] INFO  server.RaftServerConfigKeys (ConfUtils.java:logGet(46)) - raft.server.log.queue.element-limit = 4096 (default)
2023-03-17 00:25:08,147 [s4-impl-thread1] INFO  server.RaftServerConfigKeys (ConfUtils.java:logGet(46)) - raft.server.log.segment.size.max = 8MB (=8388608) (default)
2023-03-17 00:25:08,147 [s4-impl-thread1] INFO  server.RaftServerConfigKeys (ConfUtils.java:logGet(46)) - raft.server.log.preallocated.size = 4MB (=4194304) (default)
2023-03-17 00:25:08,147 [s4-impl-thread1] INFO  server.RaftServerConfigKeys (ConfUtils.java:logGet(46)) - raft.server.log.force.sync.num = 128 (default)
2023-03-17 00:25:08,147 [s4-impl-thread1] INFO  server.RaftServerConfigKeys (ConfUtils.java:logGet(46)) - raft.server.log.statemachine.data.sync = true (default)
2023-03-17 00:25:08,147 [s4-impl-thread1] INFO  server.RaftServerConfigKeys (ConfUtils.java:logGet(46)) - raft.server.log.statemachine.data.sync.timeout = 10s (default)
2023-03-17 00:25:08,147 [s4-impl-thread1] INFO  server.RaftServerConfigKeys (ConfUtils.java:logGet(46)) - raft.server.log.statemachine.data.sync.timeout.retry = -1 (default)
2023-03-17 00:25:08,147 [s4-impl-thread1] INFO  server.RaftServerConfigKeys (ConfUtils.java:logGet(46)) - raft.server.log.write.buffer.size = 64KB (=65536) (default)
2023-03-17 00:25:08,147 [s4-impl-thread1] INFO  server.RaftServerConfigKeys (ConfUtils.java:logGet(46)) - raft.server.log.appender.buffer.byte-limit = 4MB (=4194304) (default)
2023-03-17 00:25:08,148 [s4-impl-thread1] INFO  server.RaftServerConfigKeys (ConfUtils.java:logGet(46)) - raft.server.log.unsafe-flush.enabled = false (default)
2023-03-17 00:25:08,148 [s4-impl-thread1] INFO  server.RaftServerConfigKeys (ConfUtils.java:logGet(46)) - raft.server.log.async-flush.enabled = false (default)
2023-03-17 00:25:08,148 [s4-impl-thread1] INFO  server.RaftServerConfigKeys (ConfUtils.java:logGet(46)) - raft.server.log.statemachine.data.caching.enabled = false (default)
2023-03-17 00:25:08,148 [s4-impl-thread1] INFO  segmented.SegmentedRaftLogWorker (SegmentedRaftLogWorker.java:lambda$new$0(134)) - s4@group-2C0892D3738B-SegmentedRaftLogWorker: flushIndex: setUnconditionally 0 -> -1
2023-03-17 00:25:08,148 [s4-impl-thread1] INFO  segmented.SegmentedRaftLogWorker (SegmentedRaftLogWorker.java:lambda$new$0(134)) - s4@group-2C0892D3738B-SegmentedRaftLogWorker: safeCacheEvictIndex: setUnconditionally 0 -> -1
2023-03-17 00:25:08,148 [s4-impl-thread1] INFO  server.RaftServer$Division (RaftServerImpl.java:start(342)) - s4@group-2C0892D3738B: start as a follower, conf=-1: peers:[s3|rpc:0.0.0.0:46675|priority:0|startupRole:FOLLOWER, s4|rpc:0.0.0.0:42191|priority:0|startupRole:FOLLOWER, s0|rpc:localhost:34357|admin:localhost:42739|client:localhost:33183|dataStream:localhost:40849|priority:0|startupRole:FOLLOWER, s1|rpc:localhost:35345|admin:localhost:41867|client:localhost:44485|dataStream:localhost:35841|priority:0|startupRole:FOLLOWER, s2|rpc:localhost:42741|admin:localhost:41355|client:localhost:36083|dataStream:localhost:36747|priority:0|startupRole:FOLLOWER]|listeners:[], old=null
2023-03-17 00:25:08,148 [s4-impl-thread1] INFO  server.RaftServer$Division (RaftServerImpl.java:setRole(329)) - s4@group-2C0892D3738B: changes role from      null to FOLLOWER at term 0 for startAsFollower
2023-03-17 00:25:08,148 [s4-impl-thread1] INFO  impl.RoleInfo (RoleInfo.java:updateAndGet(139)) - s4: start s4@group-2C0892D3738B-FollowerState
2023-03-17 00:25:08,148 [s4-impl-thread1] INFO  util.JmxRegister (JmxRegister.java:tryRegister(44)) - Successfully registered JMX Bean with object name Ratis:service=RaftServer,group=group-2C0892D3738B,id=s4
2023-03-17 00:25:08,149 [s4-impl-thread1] INFO  server.RaftServerConfigKeys (ConfUtils.java:logGet(46)) - raft.server.snapshot.auto.trigger.enabled = false (default)
2023-03-17 00:25:08,149 [s4-impl-thread1] INFO  server.RaftServerConfigKeys (ConfUtils.java:logGet(46)) - raft.server.snapshot.retention.file.num = -1 (default)
2023-03-17 00:25:08,149 [s4-impl-thread1] INFO  server.RaftServerConfigKeys (ConfUtils.java:logGet(46)) - raft.server.log.purge.upto.snapshot.index = false (default)
2023-03-17 00:25:08,149 [s4@group-2C0892D3738B-FollowerState] INFO  server.RaftServerConfigKeys (ConfUtils.java:logFallback(53)) - raft.server.rpc.first-election.timeout.min = 150ms (fallback to raft.server.rpc.timeout.min)
2023-03-17 00:25:08,149 [s4@group-2C0892D3738B-FollowerState] INFO  server.RaftServerConfigKeys (ConfUtils.java:logFallback(53)) - raft.server.rpc.first-election.timeout.max = 300ms (fallback to raft.server.rpc.timeout.max)
2023-03-17 00:25:08,149 [Time-limited test] INFO  server.RaftServer (RaftServerProxy.java:startImpl(401)) - s4: start RPC server
2023-03-17 00:25:08,149 [Time-limited test] INFO  server.GrpcService (GrpcService.java:startImpl(302)) - s4: GrpcService started, listening on 42191
2023-03-17 00:25:08,151 [JvmPauseMonitor68] INFO  util.JvmPauseMonitor (JvmPauseMonitor.java:run(103)) - JvmPauseMonitor-s4: Started
2023-03-17 00:25:08,151 [s1-server-thread1] INFO  server.RaftServer$Division (RaftServerImpl.java:setConfigurationAsync(1197)) - s1@group-2C0892D3738B: receive setConfiguration SetConfigurationRequest:client-6038E509FB76->s1@group-2C0892D3738B, cid=77, seq=0, RW, null, SET_UNCONDITIONALLY, servers:[s3|rpc:0.0.0.0:46675|dataStream:|priority:0|startupRole:FOLLOWER, s4|rpc:0.0.0.0:42191|dataStream:|priority:0|startupRole:FOLLOWER, s0|rpc:localhost:34357|admin:localhost:42739|client:localhost:33183|dataStream:localhost:40849|priority:0|startupRole:FOLLOWER, s1|rpc:localhost:35345|admin:localhost:41867|client:localhost:44485|dataStream:localhost:35841|priority:0|startupRole:FOLLOWER, s2|rpc:localhost:42741|admin:localhost:41355|client:localhost:36083|dataStream:localhost:36747|priority:0|startupRole:FOLLOWER], listeners:[]
2023-03-17 00:25:08,151 [s1-server-thread1] INFO  server.RaftServer$Division (LeaderStateImpl.java:startSetConfiguration(440)) - s1@group-2C0892D3738B-LeaderStateImpl: startSetConfiguration SetConfigurationRequest:client-6038E509FB76->s1@group-2C0892D3738B, cid=77, seq=0, RW, null, SET_UNCONDITIONALLY, servers:[s3|rpc:0.0.0.0:46675|dataStream:|priority:0|startupRole:FOLLOWER, s4|rpc:0.0.0.0:42191|dataStream:|priority:0|startupRole:FOLLOWER, s0|rpc:localhost:34357|admin:localhost:42739|client:localhost:33183|dataStream:localhost:40849|priority:0|startupRole:FOLLOWER, s1|rpc:localhost:35345|admin:localhost:41867|client:localhost:44485|dataStream:localhost:35841|priority:0|startupRole:FOLLOWER, s2|rpc:localhost:42741|admin:localhost:41355|client:localhost:36083|dataStream:localhost:36747|priority:0|startupRole:FOLLOWER], listeners:[]
2023-03-17 00:25:08,151 [s1-server-thread1] INFO  server.RaftServerConfigKeys (ConfUtils.java:logGet(46)) - raft.server.log.appender.snapshot.chunk.size.max = 16MB (=16777216) (default)
2023-03-17 00:25:08,151 [s1-server-thread1] INFO  server.RaftServerConfigKeys (ConfUtils.java:logGet(46)) - raft.server.log.appender.buffer.byte-limit = 4MB (=4194304) (default)
2023-03-17 00:25:08,151 [s1-server-thread1] INFO  server.RaftServerConfigKeys (ConfUtils.java:logGet(46)) - raft.server.log.appender.buffer.element-limit = 0 (default)
2023-03-17 00:25:08,151 [s1-server-thread1] INFO  server.RaftServerConfigKeys (ConfUtils.java:logGet(46)) - raft.server.log.appender.wait-time.min = 10ms (default)
2023-03-17 00:25:08,151 [s1-server-thread1] INFO  grpc.GrpcConfigKeys (ConfUtils.java:logGet(46)) - raft.grpc.server.leader.outstanding.appends.max = 128 (default)
2023-03-17 00:25:08,151 [s1-server-thread1] INFO  server.RaftServerConfigKeys (ConfUtils.java:logGet(46)) - raft.server.rpc.request.timeout = 3000ms (default)
2023-03-17 00:25:08,151 [s1-server-thread1] INFO  grpc.GrpcConfigKeys (ConfUtils.java:logGet(46)) - raft.grpc.server.install_snapshot.request.element-limit = 8 (default)
2023-03-17 00:25:08,151 [s1-server-thread1] INFO  grpc.GrpcConfigKeys (ConfUtils.java:logGet(46)) - raft.grpc.server.install_snapshot.request.timeout = 3000ms (default)
2023-03-17 00:25:08,151 [s1-server-thread1] INFO  server.RaftServerConfigKeys (ConfUtils.java:logGet(46)) - raft.server.log.appender.install.snapshot.enabled = true (default)
2023-03-17 00:25:08,151 [s1-server-thread1] INFO  grpc.GrpcConfigKeys (ConfUtils.java:logGet(46)) - raft.grpc.server.heartbeat.channel = true (default)
2023-03-17 00:25:08,151 [s1-server-thread1] INFO  server.RaftServerConfigKeys (ConfUtils.java:logGet(46)) - raft.server.log.appender.snapshot.chunk.size.max = 16MB (=16777216) (default)
2023-03-17 00:25:08,151 [s1-server-thread1] INFO  server.RaftServerConfigKeys (ConfUtils.java:logGet(46)) - raft.server.log.appender.buffer.byte-limit = 4MB (=4194304) (default)
2023-03-17 00:25:08,151 [s1-server-thread1] INFO  server.RaftServerConfigKeys (ConfUtils.java:logGet(46)) - raft.server.log.appender.buffer.element-limit = 0 (default)
2023-03-17 00:25:08,151 [s1-server-thread1] INFO  server.RaftServerConfigKeys (ConfUtils.java:logGet(46)) - raft.server.log.appender.wait-time.min = 10ms (default)
2023-03-17 00:25:08,152 [s1-server-thread1] INFO  grpc.GrpcConfigKeys (ConfUtils.java:logGet(46)) - raft.grpc.server.leader.outstanding.appends.max = 128 (default)
2023-03-17 00:25:08,152 [s1-server-thread1] INFO  server.RaftServerConfigKeys (ConfUtils.java:logGet(46)) - raft.server.rpc.request.timeout = 3000ms (default)
2023-03-17 00:25:08,152 [s1-server-thread1] INFO  grpc.GrpcConfigKeys (ConfUtils.java:logGet(46)) - raft.grpc.server.install_snapshot.request.element-limit = 8 (default)
2023-03-17 00:25:08,152 [s1-server-thread1] INFO  grpc.GrpcConfigKeys (ConfUtils.java:logGet(46)) - raft.grpc.server.install_snapshot.request.timeout = 3000ms (default)
2023-03-17 00:25:08,152 [s1-server-thread1] INFO  server.RaftServerConfigKeys (ConfUtils.java:logGet(46)) - raft.server.log.appender.install.snapshot.enabled = true (default)
2023-03-17 00:25:08,152 [s1-server-thread1] INFO  grpc.GrpcConfigKeys (ConfUtils.java:logGet(46)) - raft.grpc.server.heartbeat.channel = true (default)
2023-03-17 00:25:08,152 [s1@group-2C0892D3738B->s3-GrpcLogAppender-LogAppenderDaemon] INFO  leader.FollowerInfo (FollowerInfoImpl.java:setAttemptedToInstallSnapshot(126)) - Follower s1@group-2C0892D3738B->s3 acknowledged installing snapshot
2023-03-17 00:25:08,152 [grpc-default-executor-0] WARN  server.GrpcLogAppender (LogUtils.java:warn(122)) - s1@group-2C0892D3738B->s3-AppendLogResponseHandler: Failed appendEntries: org.apache.ratis.thirdparty.io.grpc.StatusRuntimeException: UNAVAILABLE: io exception
2023-03-17 00:25:08,152 [grpc-default-executor-8] WARN  server.GrpcLogAppender (LogUtils.java:warn(122)) - s1@group-2C0892D3738B->s3-AppendLogResponseHandler: Failed appendEntries: org.apache.ratis.thirdparty.io.grpc.StatusRuntimeException: UNAVAILABLE: io exception
2023-03-17 00:25:08,154 [s1@group-2C0892D3738B->s4-GrpcLogAppender-LogAppenderDaemon] INFO  leader.FollowerInfo (FollowerInfoImpl.java:setAttemptedToInstallSnapshot(126)) - Follower s1@group-2C0892D3738B->s4 acknowledged installing snapshot
2023-03-17 00:25:08,154 [grpc-default-executor-6] WARN  server.GrpcLogAppender (LogUtils.java:warn(122)) - s1@group-2C0892D3738B->s4-AppendLogResponseHandler: Failed appendEntries: org.apache.ratis.thirdparty.io.grpc.StatusRuntimeException: UNAVAILABLE: io exception
2023-03-17 00:25:08,155 [grpc-default-executor-8] WARN  server.GrpcLogAppender (LogUtils.java:warn(122)) - s1@group-2C0892D3738B->s4-AppendLogResponseHandler: Failed appendEntries: org.apache.ratis.thirdparty.io.grpc.StatusRuntimeException: UNAVAILABLE: io exception
2023-03-17 00:25:08,158 [s3-server-thread1] INFO  server.RaftServer$Division (ServerState.java:setLeader(260)) - s3@group-2C0892D3738B: change Leader from null to s1 at term 1 for appendEntries, leader elected after 33ms
2023-03-17 00:25:08,158 [s4-server-thread1] INFO  server.RaftServer$Division (ServerState.java:setLeader(260)) - s4@group-2C0892D3738B: change Leader from null to s1 at term 1 for appendEntries, leader elected after 23ms
2023-03-17 00:25:08,165 [s3-server-thread2] DEBUG server.RaftServer$Division (RaftServerImpl.java:logAppendEntries(1430)) - s3@group-2C0892D3738B: receive appendEntries(s1, 1, null, 0, false, commits:[s1:c0, s0:c0, s2:c0, s3:c-1, s4:c-1], cId:2, entries: [(t:1, i:0), CONFIGURATIONENTRY(current:id: "s0"
address: "localhost:34357"
dataStreamAddress: "localhost:40849"
clientAddress: "localhost:33183"
adminAddress: "localhost:42739"
startupRole: FOLLOWER
,id: "s1"
address: "localhost:35345"
dataStreamAddress: "localhost:35841"
clientAddress: "localhost:44485"
adminAddress: "localhost:41867"
startupRole: FOLLOWER
,id: "s2"
address: "localhost:42741"
dataStreamAddress: "localhost:36747"
clientAddress: "localhost:36083"
adminAddress: "localhost:41355"
startupRole: FOLLOWER
, old:)]
2023-03-17 00:25:08,165 [s3-server-thread2] INFO  server.RaftServer$Division (ServerState.java:setRaftConf(378)) - s3@group-2C0892D3738B: set configuration 0: peers:[s0|rpc:localhost:34357|admin:localhost:42739|client:localhost:33183|dataStream:localhost:40849|priority:0|startupRole:FOLLOWER, s1|rpc:localhost:35345|admin:localhost:41867|client:localhost:44485|dataStream:localhost:35841|priority:0|startupRole:FOLLOWER, s2|rpc:localhost:42741|admin:localhost:41355|client:localhost:36083|dataStream:localhost:36747|priority:0|startupRole:FOLLOWER]|listeners:[], old=null
2023-03-17 00:25:08,165 [s3-server-thread2] INFO  segmented.SegmentedRaftLogWorker (SegmentedRaftLogWorker.java:startLogSegment(426)) - s3@group-2C0892D3738B-SegmentedRaftLogWorker: Starting segment from index:0
2023-03-17 00:25:08,170 [s4-server-thread2] DEBUG server.RaftServer$Division (RaftServerImpl.java:logAppendEntries(1430)) - s4@group-2C0892D3738B: receive appendEntries(s1, 1, null, 0, false, commits:[s1:c0, s0:c0, s2:c0, s3:c-1, s4:c-1], cId:2, entries: [(t:1, i:0), CONFIGURATIONENTRY(current:id: "s0"
address: "localhost:34357"
dataStreamAddress: "localhost:40849"
clientAddress: "localhost:33183"
adminAddress: "localhost:42739"
startupRole: FOLLOWER
,id: "s1"
address: "localhost:35345"
dataStreamAddress: "localhost:35841"
clientAddress: "localhost:44485"
adminAddress: "localhost:41867"
startupRole: FOLLOWER
,id: "s2"
address: "localhost:42741"
dataStreamAddress: "localhost:36747"
clientAddress: "localhost:36083"
adminAddress: "localhost:41355"
startupRole: FOLLOWER
, old:)]
2023-03-17 00:25:08,170 [s4-server-thread2] INFO  server.RaftServer$Division (ServerState.java:setRaftConf(378)) - s4@group-2C0892D3738B: set configuration 0: peers:[s0|rpc:localhost:34357|admin:localhost:42739|client:localhost:33183|dataStream:localhost:40849|priority:0|startupRole:FOLLOWER, s1|rpc:localhost:35345|admin:localhost:41867|client:localhost:44485|dataStream:localhost:35841|priority:0|startupRole:FOLLOWER, s2|rpc:localhost:42741|admin:localhost:41355|client:localhost:36083|dataStream:localhost:36747|priority:0|startupRole:FOLLOWER]|listeners:[], old=null
2023-03-17 00:25:08,170 [s4-server-thread2] INFO  segmented.SegmentedRaftLogWorker (SegmentedRaftLogWorker.java:startLogSegment(426)) - s4@group-2C0892D3738B-SegmentedRaftLogWorker: Starting segment from index:0
2023-03-17 00:25:08,181 [s4@group-2C0892D3738B-SegmentedRaftLogWorker] INFO  segmented.SegmentedRaftLogWorker (SegmentedRaftLogWorker.java:execute(630)) - s4@group-2C0892D3738B-SegmentedRaftLogWorker: created new log segment /home/runner/work/ratis/ratis/ratis-test/target/test/data/ce6527c6/MiniRaftClusterWithGrpc107fc027/s4/0580c27f-a0d6-41f9-b179-2c0892d3738b/current/log_inprogress_0
2023-03-17 00:25:08,181 [s3@group-2C0892D3738B-SegmentedRaftLogWorker] INFO  segmented.SegmentedRaftLogWorker (SegmentedRaftLogWorker.java:execute(630)) - s3@group-2C0892D3738B-SegmentedRaftLogWorker: created new log segment /home/runner/work/ratis/ratis/ratis-test/target/test/data/ce6527c6/MiniRaftClusterWithGrpc107fc027/s3/0580c27f-a0d6-41f9-b179-2c0892d3738b/current/log_inprogress_0
2023-03-17 00:25:08,181 [s4-server-thread2] DEBUG server.RaftServer$Division (RaftServerImpl.java:logAppendEntries(1430)) - s4@group-2C0892D3738B: succeeded to handle AppendEntries. Reply: s1<-s4#2:OK-t1,SUCCESS,nextIndex=1,followerCommit=0,matchIndex=0
2023-03-17 00:25:08,182 [s3-server-thread2] DEBUG server.RaftServer$Division (RaftServerImpl.java:logAppendEntries(1430)) - s3@group-2C0892D3738B: succeeded to handle AppendEntries. Reply: s1<-s3#2:OK-t1,SUCCESS,nextIndex=1,followerCommit=0,matchIndex=0
2023-03-17 00:25:08,182 [s1@group-2C0892D3738B-LeaderStateImpl] INFO  server.RaftServer$Division (ServerState.java:setRaftConf(378)) - s1@group-2C0892D3738B: set configuration 1: peers:[s3|rpc:0.0.0.0:46675|dataStream:|priority:0|startupRole:FOLLOWER, s4|rpc:0.0.0.0:42191|dataStream:|priority:0|startupRole:FOLLOWER, s0|rpc:localhost:34357|admin:localhost:42739|client:localhost:33183|dataStream:localhost:40849|priority:0|startupRole:FOLLOWER, s1|rpc:localhost:35345|admin:localhost:41867|client:localhost:44485|dataStream:localhost:35841|priority:0|startupRole:FOLLOWER, s2|rpc:localhost:42741|admin:localhost:41355|client:localhost:36083|dataStream:localhost:36747|priority:0|startupRole:FOLLOWER]|listeners:[], old=peers:[s0|rpc:localhost:34357|admin:localhost:42739|client:localhost:33183|dataStream:localhost:40849|priority:0|startupRole:FOLLOWER, s1|rpc:localhost:35345|admin:localhost:41867|client:localhost:44485|dataStream:localhost:35841|priority:0|startupRole:FOLLOWER, s2|rpc:localhost:42741|admin:localhost:41355|client:localhost:36083|dataStream:localhost:36747|priority:0|startupRole:FOLLOWER]|listeners:[]
2023-03-17 00:25:08,183 [s4-server-thread2] DEBUG server.RaftServer$Division (RaftServerImpl.java:logAppendEntries(1430)) - s4@group-2C0892D3738B: receive appendEntries(s1, 1, (t:1, i:0), 0, true, commits:[s1:c0, s0:c0, s2:c0, s3:c0, s4:c0], cId:845, entries: [(t:1, i:1), CONFIGURATIONENTRY(current:id: "s3"
address: "0.0.0.0:46675"
clientAddress: "0.0.0.0:46675"
adminAddress: "0.0.0.0:46675"
startupRole: FOLLOWER
,id: "s4"
address: "0.0.0.0:42191"
clientAddress: "0.0.0.0:42191"
adminAddress: "0.0.0.0:42191"
startupRole: FOLLOWER
,id: "s0"
address: "localhost:34357"
dataStreamAddress: "localhost:40849"
clientAddress: "localhost:33183"
adminAddress: "localhost:42739"
startupRole: FOLLOWER
,id: "s1"
address: "localhost:35345"
dataStreamAddress: "localhost:35841"
clientAddress: "localhost:44485"
adminAddress: "localhost:41867"
startupRole: FOLLOWER
,id: "s2"
address: "localhost:42741"
dataStreamAddress: "localhost:36747"
clientAddress: "localhost:36083"
adminAddress: "localhost:41355"
startupRole: FOLLOWER
, old:id: "s0"
address: "localhost:34357"
dataStreamAddress: "localhost:40849"
clientAddress: "localhost:33183"
adminAddress: "localhost:42739"
startupRole: FOLLOWER
,id: "s1"
address: "localhost:35345"
dataStreamAddress: "localhost:35841"
clientAddress: "localhost:44485"
adminAddress: "localhost:41867"
startupRole: FOLLOWER
,id: "s2"
address: "localhost:42741"
dataStreamAddress: "localhost:36747"
clientAddress: "localhost:36083"
adminAddress: "localhost:41355"
startupRole: FOLLOWER
)]
2023-03-17 00:25:08,183 [s4-server-thread2] INFO  server.RaftServer$Division (ServerState.java:setRaftConf(378)) - s4@group-2C0892D3738B: set configuration 1: peers:[s3|rpc:0.0.0.0:46675|dataStream:|priority:0|startupRole:FOLLOWER, s4|rpc:0.0.0.0:42191|dataStream:|priority:0|startupRole:FOLLOWER, s0|rpc:localhost:34357|admin:localhost:42739|client:localhost:33183|dataStream:localhost:40849|priority:0|startupRole:FOLLOWER, s1|rpc:localhost:35345|admin:localhost:41867|client:localhost:44485|dataStream:localhost:35841|priority:0|startupRole:FOLLOWER, s2|rpc:localhost:42741|admin:localhost:41355|client:localhost:36083|dataStream:localhost:36747|priority:0|startupRole:FOLLOWER]|listeners:[], old=peers:[s0|rpc:localhost:34357|admin:localhost:42739|client:localhost:33183|dataStream:localhost:40849|priority:0|startupRole:FOLLOWER, s1|rpc:localhost:35345|admin:localhost:41867|client:localhost:44485|dataStream:localhost:35841|priority:0|startupRole:FOLLOWER, s2|rpc:localhost:42741|admin:localhost:41355|client:localhost:36083|dataStream:localhost:36747|priority:0|startupRole:FOLLOWER]|listeners:[]
2023-03-17 00:25:08,184 [s3-server-thread2] DEBUG server.RaftServer$Division (RaftServerImpl.java:logAppendEntries(1430)) - s3@group-2C0892D3738B: receive appendEntries(s1, 1, (t:1, i:0), 0, true, commits:[s1:c0, s0:c0, s2:c0, s3:c0, s4:c0], cId:1390, entries: [(t:1, i:1), CONFIGURATIONENTRY(current:id: "s3"
address: "0.0.0.0:46675"
clientAddress: "0.0.0.0:46675"
adminAddress: "0.0.0.0:46675"
startupRole: FOLLOWER
,id: "s4"
address: "0.0.0.0:42191"
clientAddress: "0.0.0.0:42191"
adminAddress: "0.0.0.0:42191"
startupRole: FOLLOWER
,id: "s0"
address: "localhost:34357"
dataStreamAddress: "localhost:40849"
clientAddress: "localhost:33183"
adminAddress: "localhost:42739"
startupRole: FOLLOWER
,id: "s1"
address: "localhost:35345"
dataStreamAddress: "localhost:35841"
clientAddress: "localhost:44485"
adminAddress: "localhost:41867"
startupRole: FOLLOWER
,id: "s2"
address: "localhost:42741"
dataStreamAddress: "localhost:36747"
clientAddress: "localhost:36083"
adminAddress: "localhost:41355"
startupRole: FOLLOWER
, old:id: "s0"
address: "localhost:34357"
dataStreamAddress: "localhost:40849"
clientAddress: "localhost:33183"
adminAddress: "localhost:42739"
startupRole: FOLLOWER
,id: "s1"
address: "localhost:35345"
dataStreamAddress: "localhost:35841"
clientAddress: "localhost:44485"
adminAddress: "localhost:41867"
startupRole: FOLLOWER
,id: "s2"
address: "localhost:42741"
dataStreamAddress: "localhost:36747"
clientAddress: "localhost:36083"
adminAddress: "localhost:41355"
startupRole: FOLLOWER
)]
2023-03-17 00:25:08,184 [s3-server-thread2] INFO  server.RaftServer$Division (ServerState.java:setRaftConf(378)) - s3@group-2C0892D3738B: set configuration 1: peers:[s3|rpc:0.0.0.0:46675|dataStream:|priority:0|startupRole:FOLLOWER, s4|rpc:0.0.0.0:42191|dataStream:|priority:0|startupRole:FOLLOWER, s0|rpc:localhost:34357|admin:localhost:42739|client:localhost:33183|dataStream:localhost:40849|priority:0|startupRole:FOLLOWER, s1|rpc:localhost:35345|admin:localhost:41867|client:localhost:44485|dataStream:localhost:35841|priority:0|startupRole:FOLLOWER, s2|rpc:localhost:42741|admin:localhost:41355|client:localhost:36083|dataStream:localhost:36747|priority:0|startupRole:FOLLOWER]|listeners:[], old=peers:[s0|rpc:localhost:34357|admin:localhost:42739|client:localhost:33183|dataStream:localhost:40849|priority:0|startupRole:FOLLOWER, s1|rpc:localhost:35345|admin:localhost:41867|client:localhost:44485|dataStream:localhost:35841|priority:0|startupRole:FOLLOWER, s2|rpc:localhost:42741|admin:localhost:41355|client:localhost:36083|dataStream:localhost:36747|priority:0|startupRole:FOLLOWER]|listeners:[]
2023-03-17 00:25:08,184 [s4-server-thread2] DEBUG server.RaftServer$Division (RaftServerImpl.java:logAppendEntries(1430)) - s4@group-2C0892D3738B: succeeded to handle AppendEntries. Reply: s1<-s4#845:OK-t1,SUCCESS,nextIndex=2,followerCommit=0,matchIndex=1
2023-03-17 00:25:08,184 [s3-server-thread2] DEBUG server.RaftServer$Division (RaftServerImpl.java:logAppendEntries(1430)) - s3@group-2C0892D3738B: succeeded to handle AppendEntries. Reply: s1<-s3#1390:OK-t1,SUCCESS,nextIndex=2,followerCommit=0,matchIndex=1
2023-03-17 00:25:08,185 [s0-server-thread2] DEBUG server.RaftServer$Division (RaftServerImpl.java:logAppendEntries(1430)) - s0@group-2C0892D3738B: receive appendEntries(s1, 1, (t:1, i:0), 0, true, commits:[s1:c0, s0:c0, s2:c0, s3:c0, s4:c0], cId:47245, entries: [(t:1, i:1), CONFIGURATIONENTRY(current:id: "s3"
address: "0.0.0.0:46675"
clientAddress: "0.0.0.0:46675"
adminAddress: "0.0.0.0:46675"
startupRole: FOLLOWER
,id: "s4"
address: "0.0.0.0:42191"
clientAddress: "0.0.0.0:42191"
adminAddress: "0.0.0.0:42191"
startupRole: FOLLOWER
,id: "s0"
address: "localhost:34357"
dataStreamAddress: "localhost:40849"
clientAddress: "localhost:33183"
adminAddress: "localhost:42739"
startupRole: FOLLOWER
,id: "s1"
address: "localhost:35345"
dataStreamAddress: "localhost:35841"
clientAddress: "localhost:44485"
adminAddress: "localhost:41867"
startupRole: FOLLOWER
,id: "s2"
address: "localhost:42741"
dataStreamAddress: "localhost:36747"
clientAddress: "localhost:36083"
adminAddress: "localhost:41355"
startupRole: FOLLOWER
, old:id: "s0"
address: "localhost:34357"
dataStreamAddress: "localhost:40849"
clientAddress: "localhost:33183"
adminAddress: "localhost:42739"
startupRole: FOLLOWER
,id: "s1"
address: "localhost:35345"
dataStreamAddress: "localhost:35841"
clientAddress: "localhost:44485"
adminAddress: "localhost:41867"
startupRole: FOLLOWER
,id: "s2"
address: "localhost:42741"
dataStreamAddress: "localhost:36747"
clientAddress: "localhost:36083"
adminAddress: "localhost:41355"
startupRole: FOLLOWER
)]
2023-03-17 00:25:08,185 [s0-server-thread2] INFO  server.RaftServer$Division (ServerState.java:setRaftConf(378)) - s0@group-2C0892D3738B: set configuration 1: peers:[s3|rpc:0.0.0.0:46675|dataStream:|priority:0|startupRole:FOLLOWER, s4|rpc:0.0.0.0:42191|dataStream:|priority:0|startupRole:FOLLOWER, s0|rpc:localhost:34357|admin:localhost:42739|client:localhost:33183|dataStream:localhost:40849|priority:0|startupRole:FOLLOWER, s1|rpc:localhost:35345|admin:localhost:41867|client:localhost:44485|dataStream:localhost:35841|priority:0|startupRole:FOLLOWER, s2|rpc:localhost:42741|admin:localhost:41355|client:localhost:36083|dataStream:localhost:36747|priority:0|startupRole:FOLLOWER]|listeners:[], old=peers:[s0|rpc:localhost:34357|admin:localhost:42739|client:localhost:33183|dataStream:localhost:40849|priority:0|startupRole:FOLLOWER, s1|rpc:localhost:35345|admin:localhost:41867|client:localhost:44485|dataStream:localhost:35841|priority:0|startupRole:FOLLOWER, s2|rpc:localhost:42741|admin:localhost:41355|client:localhost:36083|dataStream:localhost:36747|priority:0|startupRole:FOLLOWER]|listeners:[]
2023-03-17 00:25:08,185 [s2-server-thread2] DEBUG server.RaftServer$Division (RaftServerImpl.java:logAppendEntries(1430)) - s2@group-2C0892D3738B: receive appendEntries(s1, 1, (t:1, i:0), 0, true, commits:[s1:c0, s0:c0, s2:c0, s3:c0, s4:c0], cId:17821, entries: [(t:1, i:1), CONFIGURATIONENTRY(current:id: "s3"
address: "0.0.0.0:46675"
clientAddress: "0.0.0.0:46675"
adminAddress: "0.0.0.0:46675"
startupRole: FOLLOWER
,id: "s4"
address: "0.0.0.0:42191"
clientAddress: "0.0.0.0:42191"
adminAddress: "0.0.0.0:42191"
startupRole: FOLLOWER
,id: "s0"
address: "localhost:34357"
dataStreamAddress: "localhost:40849"
clientAddress: "localhost:33183"
adminAddress: "localhost:42739"
startupRole: FOLLOWER
,id: "s1"
address: "localhost:35345"
dataStreamAddress: "localhost:35841"
clientAddress: "localhost:44485"
adminAddress: "localhost:41867"
startupRole: FOLLOWER
,id: "s2"
address: "localhost:42741"
dataStreamAddress: "localhost:36747"
clientAddress: "localhost:36083"
adminAddress: "localhost:41355"
startupRole: FOLLOWER
, old:id: "s0"
address: "localhost:34357"
dataStreamAddress: "localhost:40849"
clientAddress: "localhost:33183"
adminAddress: "localhost:42739"
startupRole: FOLLOWER
,id: "s1"
address: "localhost:35345"
dataStreamAddress: "localhost:35841"
clientAddress: "localhost:44485"
adminAddress: "localhost:41867"
startupRole: FOLLOWER
,id: "s2"
address: "localhost:42741"
dataStreamAddress: "localhost:36747"
clientAddress: "localhost:36083"
adminAddress: "localhost:41355"
startupRole: FOLLOWER
)]
2023-03-17 00:25:08,186 [s2-server-thread2] INFO  server.RaftServer$Division (ServerState.java:setRaftConf(378)) - s2@group-2C0892D3738B: set configuration 1: peers:[s3|rpc:0.0.0.0:46675|dataStream:|priority:0|startupRole:FOLLOWER, s4|rpc:0.0.0.0:42191|dataStream:|priority:0|startupRole:FOLLOWER, s0|rpc:localhost:34357|admin:localhost:42739|client:localhost:33183|dataStream:localhost:40849|priority:0|startupRole:FOLLOWER, s1|rpc:localhost:35345|admin:localhost:41867|client:localhost:44485|dataStream:localhost:35841|priority:0|startupRole:FOLLOWER, s2|rpc:localhost:42741|admin:localhost:41355|client:localhost:36083|dataStream:localhost:36747|priority:0|startupRole:FOLLOWER]|listeners:[], old=peers:[s0|rpc:localhost:34357|admin:localhost:42739|client:localhost:33183|dataStream:localhost:40849|priority:0|startupRole:FOLLOWER, s1|rpc:localhost:35345|admin:localhost:41867|client:localhost:44485|dataStream:localhost:35841|priority:0|startupRole:FOLLOWER, s2|rpc:localhost:42741|admin:localhost:41355|client:localhost:36083|dataStream:localhost:36747|priority:0|startupRole:FOLLOWER]|listeners:[]
2023-03-17 00:25:08,186 [s0-server-thread2] DEBUG server.RaftServer$Division (RaftServerImpl.java:logAppendEntries(1430)) - s0@group-2C0892D3738B: succeeded to handle AppendEntries. Reply: s1<-s0#47245:OK-t1,SUCCESS,nextIndex=2,followerCommit=0,matchIndex=1
2023-03-17 00:25:08,186 [s2-server-thread2] DEBUG server.RaftServer$Division (RaftServerImpl.java:logAppendEntries(1430)) - s2@group-2C0892D3738B: succeeded to handle AppendEntries. Reply: s1<-s2#17821:OK-t1,SUCCESS,nextIndex=2,followerCommit=0,matchIndex=1
2023-03-17 00:25:08,186 [s1@group-2C0892D3738B-LeaderStateImpl] INFO  server.RaftServer$Division (ServerState.java:setRaftConf(378)) - s1@group-2C0892D3738B: set configuration 3: peers:[s3|rpc:0.0.0.0:46675|dataStream:|priority:0|startupRole:FOLLOWER, s4|rpc:0.0.0.0:42191|dataStream:|priority:0|startupRole:FOLLOWER, s0|rpc:localhost:34357|admin:localhost:42739|client:localhost:33183|dataStream:localhost:40849|priority:0|startupRole:FOLLOWER, s1|rpc:localhost:35345|admin:localhost:41867|client:localhost:44485|dataStream:localhost:35841|priority:0|startupRole:FOLLOWER, s2|rpc:localhost:42741|admin:localhost:41355|client:localhost:36083|dataStream:localhost:36747|priority:0|startupRole:FOLLOWER]|listeners:[], old=null
2023-03-17 00:25:08,193 [s4-server-thread2] DEBUG server.RaftServer$Division (RaftServerImpl.java:logAppendEntries(1430)) - s4@group-2C0892D3738B: receive appendEntries(s1, 1, (t:1, i:1), 1, true, commits:[s1:c1, s0:c0, s2:c0, s3:c0, s4:c0], cId:846, entries: [(t:1, i:2), METADATAENTRY(c:1), (t:1, i:3), CONFIGURATIONENTRY(current:id: "s3"
address: "0.0.0.0:46675"
clientAddress: "0.0.0.0:46675"
adminAddress: "0.0.0.0:46675"
startupRole: FOLLOWER
,id: "s4"
address: "0.0.0.0:42191"
clientAddress: "0.0.0.0:42191"
adminAddress: "0.0.0.0:42191"
startupRole: FOLLOWER
,id: "s0"
address: "localhost:34357"
dataStreamAddress: "localhost:40849"
clientAddress: "localhost:33183"
adminAddress: "localhost:42739"
startupRole: FOLLOWER
,id: "s1"
address: "localhost:35345"
dataStreamAddress: "localhost:35841"
clientAddress: "localhost:44485"
adminAddress: "localhost:41867"
startupRole: FOLLOWER
,id: "s2"
address: "localhost:42741"
dataStreamAddress: "localhost:36747"
clientAddress: "localhost:36083"
adminAddress: "localhost:41355"
startupRole: FOLLOWER
, old:)]
2023-03-17 00:25:08,193 [s4-server-thread2] INFO  server.RaftServer$Division (ServerState.java:setRaftConf(378)) - s4@group-2C0892D3738B: set configuration 3: peers:[s3|rpc:0.0.0.0:46675|dataStream:|priority:0|startupRole:FOLLOWER, s4|rpc:0.0.0.0:42191|dataStream:|priority:0|startupRole:FOLLOWER, s0|rpc:localhost:34357|admin:localhost:42739|client:localhost:33183|dataStream:localhost:40849|priority:0|startupRole:FOLLOWER, s1|rpc:localhost:35345|admin:localhost:41867|client:localhost:44485|dataStream:localhost:35841|priority:0|startupRole:FOLLOWER, s2|rpc:localhost:42741|admin:localhost:41355|client:localhost:36083|dataStream:localhost:36747|priority:0|startupRole:FOLLOWER]|listeners:[], old=null
2023-03-17 00:25:08,194 [s4-server-thread2] DEBUG server.RaftServer$Division (RaftServerImpl.java:logAppendEntries(1430)) - s4@group-2C0892D3738B: succeeded to handle AppendEntries. Reply: s1<-s4#846:OK-t1,SUCCESS,nextIndex=4,followerCommit=1,matchIndex=3
2023-03-17 00:25:08,195 [s3-server-thread2] DEBUG server.RaftServer$Division (RaftServerImpl.java:logAppendEntries(1430)) - s3@group-2C0892D3738B: receive appendEntries(s1, 1, (t:1, i:1), 1, true, commits:[s1:c1, s0:c0, s2:c0, s3:c0, s4:c0], cId:1391, entries: [(t:1, i:2), METADATAENTRY(c:1), (t:1, i:3), CONFIGURATIONENTRY(current:id: "s3"
address: "0.0.0.0:46675"
clientAddress: "0.0.0.0:46675"
adminAddress: "0.0.0.0:46675"
startupRole: FOLLOWER
,id: "s4"
address: "0.0.0.0:42191"
clientAddress: "0.0.0.0:42191"
adminAddress: "0.0.0.0:42191"
startupRole: FOLLOWER
,id: "s0"
address: "localhost:34357"
dataStreamAddress: "localhost:40849"
clientAddress: "localhost:33183"
adminAddress: "localhost:42739"
startupRole: FOLLOWER
,id: "s1"
address: "localhost:35345"
dataStreamAddress: "localhost:35841"
clientAddress: "localhost:44485"
adminAddress: "localhost:41867"
startupRole: FOLLOWER
,id: "s2"
address: "localhost:42741"
dataStreamAddress: "localhost:36747"
clientAddress: "localhost:36083"
adminAddress: "localhost:41355"
startupRole: FOLLOWER
, old:)]
2023-03-17 00:25:08,195 [s3-server-thread2] INFO  server.RaftServer$Division (ServerState.java:setRaftConf(378)) - s3@group-2C0892D3738B: set configuration 3: peers:[s3|rpc:0.0.0.0:46675|dataStream:|priority:0|startupRole:FOLLOWER, s4|rpc:0.0.0.0:42191|dataStream:|priority:0|startupRole:FOLLOWER, s0|rpc:localhost:34357|admin:localhost:42739|client:localhost:33183|dataStream:localhost:40849|priority:0|startupRole:FOLLOWER, s1|rpc:localhost:35345|admin:localhost:41867|client:localhost:44485|dataStream:localhost:35841|priority:0|startupRole:FOLLOWER, s2|rpc:localhost:42741|admin:localhost:41355|client:localhost:36083|dataStream:localhost:36747|priority:0|startupRole:FOLLOWER]|listeners:[], old=null
2023-03-17 00:25:08,196 [s0-server-thread2] DEBUG server.RaftServer$Division (RaftServerImpl.java:logAppendEntries(1430)) - s0@group-2C0892D3738B: receive appendEntries(s1, 1, (t:1, i:1), 1, true, commits:[s1:c1, s0:c0, s2:c0, s3:c0, s4:c0], cId:47246, entries: [(t:1, i:2), METADATAENTRY(c:1), (t:1, i:3), CONFIGURATIONENTRY(current:id: "s3"
address: "0.0.0.0:46675"
clientAddress: "0.0.0.0:46675"
adminAddress: "0.0.0.0:46675"
startupRole: FOLLOWER
,id: "s4"
address: "0.0.0.0:42191"
clientAddress: "0.0.0.0:42191"
adminAddress: "0.0.0.0:42191"
startupRole: FOLLOWER
,id: "s0"
address: "localhost:34357"
dataStreamAddress: "localhost:40849"
clientAddress: "localhost:33183"
adminAddress: "localhost:42739"
startupRole: FOLLOWER
,id: "s1"
address: "localhost:35345"
dataStreamAddress: "localhost:35841"
clientAddress: "localhost:44485"
adminAddress: "localhost:41867"
startupRole: FOLLOWER
,id: "s2"
address: "localhost:42741"
dataStreamAddress: "localhost:36747"
clientAddress: "localhost:36083"
adminAddress: "localhost:41355"
startupRole: FOLLOWER
, old:)]
2023-03-17 00:25:08,196 [s0-server-thread2] INFO  server.RaftServer$Division (ServerState.java:setRaftConf(378)) - s0@group-2C0892D3738B: set configuration 3: peers:[s3|rpc:0.0.0.0:46675|dataStream:|priority:0|startupRole:FOLLOWER, s4|rpc:0.0.0.0:42191|dataStream:|priority:0|startupRole:FOLLOWER, s0|rpc:localhost:34357|admin:localhost:42739|client:localhost:33183|dataStream:localhost:40849|priority:0|startupRole:FOLLOWER, s1|rpc:localhost:35345|admin:localhost:41867|client:localhost:44485|dataStream:localhost:35841|priority:0|startupRole:FOLLOWER, s2|rpc:localhost:42741|admin:localhost:41355|client:localhost:36083|dataStream:localhost:36747|priority:0|startupRole:FOLLOWER]|listeners:[], old=null
2023-03-17 00:25:08,196 [s3-server-thread2] DEBUG server.RaftServer$Division (RaftServerImpl.java:logAppendEntries(1430)) - s3@group-2C0892D3738B: succeeded to handle AppendEntries. Reply: s1<-s3#1391:OK-t1,SUCCESS,nextIndex=4,followerCommit=1,matchIndex=3
2023-03-17 00:25:08,197 [s0-server-thread2] DEBUG server.RaftServer$Division (RaftServerImpl.java:logAppendEntries(1430)) - s0@group-2C0892D3738B: succeeded to handle AppendEntries. Reply: s1<-s0#47246:OK-t1,SUCCESS,nextIndex=4,followerCommit=1,matchIndex=3
2023-03-17 00:25:08,198 [s2-server-thread2] DEBUG server.RaftServer$Division (RaftServerImpl.java:logAppendEntries(1430)) - s2@group-2C0892D3738B: receive appendEntries(s1, 1, (t:1, i:1), 1, true, commits:[s1:c1, s0:c0, s2:c0, s3:c0, s4:c0], cId:17822, entries: [(t:1, i:2), METADATAENTRY(c:1), (t:1, i:3), CONFIGURATIONENTRY(current:id: "s3"
address: "0.0.0.0:46675"
clientAddress: "0.0.0.0:46675"
adminAddress: "0.0.0.0:46675"
startupRole: FOLLOWER
,id: "s4"
address: "0.0.0.0:42191"
clientAddress: "0.0.0.0:42191"
adminAddress: "0.0.0.0:42191"
startupRole: FOLLOWER
,id: "s0"
address: "localhost:34357"
dataStreamAddress: "localhost:40849"
clientAddress: "localhost:33183"
adminAddress: "localhost:42739"
startupRole: FOLLOWER
,id: "s1"
address: "localhost:35345"
dataStreamAddress: "localhost:35841"
clientAddress: "localhost:44485"
adminAddress: "localhost:41867"
startupRole: FOLLOWER
,id: "s2"
address: "localhost:42741"
dataStreamAddress: "localhost:36747"
clientAddress: "localhost:36083"
adminAddress: "localhost:41355"
startupRole: FOLLOWER
, old:)]
2023-03-17 00:25:08,198 [s2-server-thread2] INFO  server.RaftServer$Division (ServerState.java:setRaftConf(378)) - s2@group-2C0892D3738B: set configuration 3: peers:[s3|rpc:0.0.0.0:46675|dataStream:|priority:0|startupRole:FOLLOWER, s4|rpc:0.0.0.0:42191|dataStream:|priority:0|startupRole:FOLLOWER, s0|rpc:localhost:34357|admin:localhost:42739|client:localhost:33183|dataStream:localhost:40849|priority:0|startupRole:FOLLOWER, s1|rpc:localhost:35345|admin:localhost:41867|client:localhost:44485|dataStream:localhost:35841|priority:0|startupRole:FOLLOWER, s2|rpc:localhost:42741|admin:localhost:41355|client:localhost:36083|dataStream:localhost:36747|priority:0|startupRole:FOLLOWER]|listeners:[], old=null
2023-03-17 00:25:08,198 [s2-server-thread2] DEBUG server.RaftServer$Division (RaftServerImpl.java:logAppendEntries(1430)) - s2@group-2C0892D3738B: succeeded to handle AppendEntries. Reply: s1<-s2#17822:OK-t1,SUCCESS,nextIndex=4,followerCommit=1,matchIndex=3
2023-03-17 00:25:08,204 [s4-server-thread2] DEBUG server.RaftServer$Division (RaftServerImpl.java:logAppendEntries(1430)) - s4@group-2C0892D3738B: receive appendEntries(s1, 1, (t:1, i:3), 3, true, commits:[s1:c3, s0:c0, s2:c0, s3:c1, s4:c1], cId:847, entries: [(t:1, i:4), METADATAENTRY(c:3)]
2023-03-17 00:25:08,204 [Time-limited test] INFO  impl.MiniRaftCluster (MiniRaftCluster.java:shutdown(831)) - ************************************************************** 
2023-03-17 00:25:08,204 [Time-limited test] INFO  impl.MiniRaftCluster (MiniRaftCluster.java:shutdown(832)) - *** 
2023-03-17 00:25:08,204 [Time-limited test] INFO  impl.MiniRaftCluster (MiniRaftCluster.java:shutdown(833)) - ***     Stopping MiniRaftClusterWithGrpc
2023-03-17 00:25:08,204 [Time-limited test] INFO  impl.MiniRaftCluster (MiniRaftCluster.java:shutdown(834)) - *** 
2023-03-17 00:25:08,204 [Time-limited test] INFO  impl.MiniRaftCluster (MiniRaftCluster.java:shutdown(835)) - ************************************************************** 
2023-03-17 00:25:08,204 [s4-server-thread2] DEBUG server.RaftServer$Division (RaftServerImpl.java:logAppendEntries(1430)) - s4@group-2C0892D3738B: succeeded to handle AppendEntries. Reply: s1<-s4#847:OK-t1,SUCCESS,nextIndex=5,followerCommit=3,matchIndex=4
2023-03-17 00:25:08,204 [Time-limited test] INFO  impl.MiniRaftCluster (MiniRaftCluster.java:shutdown(836)) - printing ALL groups
  s3:  RUNNING  FOLLOWER s3@group-2C0892D3738B:t1, leader=s1, voted=null, raftlog=Memoized:s3@group-2C0892D3738B-SegmentedRaftLog:OPENED:c1, conf=3: peers:[s3|rpc:0.0.0.0:46675|dataStream:|priority:0|startupRole:FOLLOWER, s4|rpc:0.0.0.0:42191|dataStream:|priority:0|startupRole:FOLLOWER, s0|rpc:localhost:34357|admin:localhost:42739|client:localhost:33183|dataStream:localhost:40849|priority:0|startupRole:FOLLOWER, s1|rpc:localhost:35345|admin:localhost:41867|client:localhost:44485|dataStream:localhost:35841|priority:0|startupRole:FOLLOWER, s2|rpc:localhost:42741|admin:localhost:41355|client:localhost:36083|dataStream:localhost:36747|priority:0|startupRole:FOLLOWER]|listeners:[], old=null RUNNING
  s4:  RUNNING  FOLLOWER s4@group-2C0892D3738B:t1, leader=s1, voted=null, raftlog=Memoized:s4@group-2C0892D3738B-SegmentedRaftLog:OPENED:c3, conf=3: peers:[s3|rpc:0.0.0.0:46675|dataStream:|priority:0|startupRole:FOLLOWER, s4|rpc:0.0.0.0:42191|dataStream:|priority:0|startupRole:FOLLOWER, s0|rpc:localhost:34357|admin:localhost:42739|client:localhost:33183|dataStream:localhost:40849|priority:0|startupRole:FOLLOWER, s1|rpc:localhost:35345|admin:localhost:41867|client:localhost:44485|dataStream:localhost:35841|priority:0|startupRole:FOLLOWER, s2|rpc:localhost:42741|admin:localhost:41355|client:localhost:36083|dataStream:localhost:36747|priority:0|startupRole:FOLLOWER]|listeners:[], old=null RUNNING
  s0:  RUNNING  FOLLOWER s0@group-2C0892D3738B:t1, leader=s1, voted=s1, raftlog=Memoized:s0@group-2C0892D3738B-SegmentedRaftLog:OPENED:c1, conf=3: peers:[s3|rpc:0.0.0.0:46675|dataStream:|priority:0|startupRole:FOLLOWER, s4|rpc:0.0.0.0:42191|dataStream:|priority:0|startupRole:FOLLOWER, s0|rpc:localhost:34357|admin:localhost:42739|client:localhost:33183|dataStream:localhost:40849|priority:0|startupRole:FOLLOWER, s1|rpc:localhost:35345|admin:localhost:41867|client:localhost:44485|dataStream:localhost:35841|priority:0|startupRole:FOLLOWER, s2|rpc:localhost:42741|admin:localhost:41355|client:localhost:36083|dataStream:localhost:36747|priority:0|startupRole:FOLLOWER]|listeners:[], old=null RUNNING
  s1:  RUNNING    LEADER s1@group-2C0892D3738B:t1, leader=s1, voted=s1, raftlog=Memoized:s1@group-2C0892D3738B-SegmentedRaftLog:OPENED:c3, conf=3: peers:[s3|rpc:0.0.0.0:46675|dataStream:|priority:0|startupRole:FOLLOWER, s4|rpc:0.0.0.0:42191|dataStream:|priority:0|startupRole:FOLLOWER, s0|rpc:localhost:34357|admin:localhost:42739|client:localhost:33183|dataStream:localhost:40849|priority:0|startupRole:FOLLOWER, s1|rpc:localhost:35345|admin:localhost:41867|client:localhost:44485|dataStream:localhost:35841|priority:0|startupRole:FOLLOWER, s2|rpc:localhost:42741|admin:localhost:41355|client:localhost:36083|dataStream:localhost:36747|priority:0|startupRole:FOLLOWER]|listeners:[], old=null RUNNING
  s2:  RUNNING  FOLLOWER s2@group-2C0892D3738B:t1, leader=s1, voted=s1, raftlog=Memoized:s2@group-2C0892D3738B-SegmentedRaftLog:OPENED:c1, conf=3: peers:[s3|rpc:0.0.0.0:46675|dataStream:|priority:0|startupRole:FOLLOWER, s4|rpc:0.0.0.0:42191|dataStream:|priority:0|startupRole:FOLLOWER, s0|rpc:localhost:34357|admin:localhost:42739|client:localhost:33183|dataStream:localhost:40849|priority:0|startupRole:FOLLOWER, s1|rpc:localhost:35345|admin:localhost:41867|client:localhost:44485|dataStream:localhost:35841|priority:0|startupRole:FOLLOWER, s2|rpc:localhost:42741|admin:localhost:41355|client:localhost:36083|dataStream:localhost:36747|priority:0|startupRole:FOLLOWER]|listeners:[], old=null RUNNING
2023-03-17 00:25:08,205 [MiniRaftCluster-71] INFO  server.RaftServer (RaftServerProxy.java:lambda$close$7(417)) - s3: close
2023-03-17 00:25:08,205 [MiniRaftCluster-71] INFO  server.GrpcService (GrpcService.java:closeImpl(311)) - s3: shutdown server GrpcServerProtocolService now
2023-03-17 00:25:08,205 [s3-impl-thread1] INFO  server.RaftServer$Division (RaftServerImpl.java:lambda$close$4(466)) - s3@group-2C0892D3738B: shutdown
2023-03-17 00:25:08,205 [s3-impl-thread1] INFO  util.JmxRegister (JmxRegister.java:unregister(73)) - Successfully un-registered JMX Bean with object name Ratis:service=RaftServer,group=group-2C0892D3738B,id=s3
2023-03-17 00:25:08,205 [s3-impl-thread1] INFO  impl.RoleInfo (RoleInfo.java:shutdownFollowerState(110)) - s3: shutdown s3@group-2C0892D3738B-FollowerState
2023-03-17 00:25:08,205 [s3-impl-thread1] INFO  impl.StateMachineUpdater (StateMachineUpdater.java:stopAndJoin(154)) - s3@group-2C0892D3738B-StateMachineUpdater: set stopIndex = 1
2023-03-17 00:25:08,205 [s3@group-2C0892D3738B-FollowerState] INFO  impl.FollowerState (FollowerState.java:run(152)) - s3@group-2C0892D3738B-FollowerState was interrupted
2023-03-17 00:25:08,206 [grpc-default-executor-9] WARN  server.GrpcServerProtocolService (LogUtils.java:warn(122)) - s3: APPEND_ENTRIES onError, lastRequest: null: org.apache.ratis.thirdparty.io.grpc.StatusRuntimeException: CANCELLED: client cancelled
2023-03-17 00:25:08,206 [grpc-default-executor-8] WARN  server.GrpcServerProtocolService (LogUtils.java:warn(122)) - s3: APPEND_ENTRIES onError, lastRequest: s1->s3#1391-t1,previous=(t:1, i:1),leaderCommit=1,initializing? true,entries: size=2, first=(t:1, i:2), METADATAENTRY(c:1): org.apache.ratis.thirdparty.io.grpc.StatusRuntimeException: CANCELLED: client cancelled
2023-03-17 00:25:08,206 [s3-impl-thread1] INFO  server.RaftServer$Division (ServerState.java:close(414)) - s3@group-2C0892D3738B: applyIndex: 1
2023-03-17 00:25:08,206 [grpc-default-executor-5] WARN  server.GrpcLogAppender (LogUtils.java:warn(122)) - s1@group-2C0892D3738B->s3-AppendLogResponseHandler: Failed appendEntries: org.apache.ratis.thirdparty.io.grpc.StatusRuntimeException: CANCELLED: RST_STREAM closed stream. HTTP/2 error code: CANCEL
2023-03-17 00:25:08,206 [grpc-default-executor-5] INFO  leader.FollowerInfo (FollowerInfoImpl.java:lambda$new$0(52)) - s1@group-2C0892D3738B->s3: decreaseNextIndex nextIndex: updateUnconditionally 5 -> 4
2023-03-17 00:25:08,206 [grpc-default-executor-4] WARN  server.GrpcLogAppender (LogUtils.java:warn(122)) - s1@group-2C0892D3738B->s3-AppendLogResponseHandler: Failed appendEntries: org.apache.ratis.thirdparty.io.grpc.StatusRuntimeException: CANCELLED: RST_STREAM closed stream. HTTP/2 error code: CANCEL
2023-03-17 00:25:08,206 [grpc-default-executor-4] INFO  leader.FollowerInfo (FollowerInfoImpl.java:lambda$new$0(52)) - s1@group-2C0892D3738B->s3: decreaseNextIndex nextIndex: updateUnconditionally 4 -> 3
2023-03-17 00:25:08,207 [grpc-default-executor-8] WARN  server.GrpcLogAppender (LogUtils.java:warn(122)) - s1@group-2C0892D3738B->s3-AppendLogResponseHandler: Failed appendEntries: org.apache.ratis.thirdparty.io.grpc.StatusRuntimeException: UNAVAILABLE: io exception
2023-03-17 00:25:08,207 [grpc-default-executor-8] INFO  leader.FollowerInfo (FollowerInfoImpl.java:lambda$new$0(52)) - s1@group-2C0892D3738B->s3: decreaseNextIndex nextIndex: updateUnconditionally 5 -> 4
2023-03-17 00:25:08,207 [grpc-default-executor-5] WARN  server.GrpcLogAppender (LogUtils.java:warn(122)) - s1@group-2C0892D3738B->s3-AppendLogResponseHandler: Failed appendEntries: org.apache.ratis.thirdparty.io.grpc.StatusRuntimeException: UNAVAILABLE: io exception
2023-03-17 00:25:08,207 [grpc-default-executor-5] INFO  leader.FollowerInfo (FollowerInfoImpl.java:lambda$new$0(52)) - s1@group-2C0892D3738B->s3: decreaseNextIndex nextIndex: updateUnconditionally 4 -> 3
2023-03-17 00:25:08,207 [MiniRaftCluster-72] INFO  server.RaftServer (RaftServerProxy.java:lambda$close$7(417)) - s4: close
2023-03-17 00:25:08,208 [MiniRaftCluster-72] INFO  server.GrpcService (GrpcService.java:closeImpl(311)) - s4: shutdown server GrpcServerProtocolService now
2023-03-17 00:25:08,208 [s4-impl-thread1] INFO  server.RaftServer$Division (RaftServerImpl.java:lambda$close$4(466)) - s4@group-2C0892D3738B: shutdown
2023-03-17 00:25:08,208 [s4-impl-thread1] INFO  util.JmxRegister (JmxRegister.java:unregister(73)) - Successfully un-registered JMX Bean with object name Ratis:service=RaftServer,group=group-2C0892D3738B,id=s4
2023-03-17 00:25:08,208 [s4-impl-thread1] INFO  impl.RoleInfo (RoleInfo.java:shutdownFollowerState(110)) - s4: shutdown s4@group-2C0892D3738B-FollowerState
2023-03-17 00:25:08,208 [s4-impl-thread1] INFO  impl.StateMachineUpdater (StateMachineUpdater.java:stopAndJoin(154)) - s4@group-2C0892D3738B-StateMachineUpdater: set stopIndex = 3
2023-03-17 00:25:08,208 [grpc-default-executor-4] WARN  server.GrpcLogAppender (LogUtils.java:warn(122)) - s1@group-2C0892D3738B->s4-AppendLogResponseHandler: Failed appendEntries: org.apache.ratis.thirdparty.io.grpc.StatusRuntimeException: CANCELLED: RST_STREAM closed stream. HTTP/2 error code: CANCEL
2023-03-17 00:25:08,208 [grpc-default-executor-4] INFO  leader.FollowerInfo (FollowerInfoImpl.java:lambda$new$0(52)) - s1@group-2C0892D3738B->s4: decreaseNextIndex nextIndex: updateUnconditionally 5 -> 4
2023-03-17 00:25:08,209 [s2-server-thread2] DEBUG server.RaftServer$Division (RaftServerImpl.java:logAppendEntries(1430)) - s2@group-2C0892D3738B: receive appendEntries(s1, 1, (t:1, i:3), 3, true, commits:[s1:c3, s0:c1, s2:c1, s3:c1, s4:c1], cId:17823, entries: [(t:1, i:4), METADATAENTRY(c:3)]
2023-03-17 00:25:08,209 [MiniRaftCluster-73] INFO  server.RaftServer (RaftServerProxy.java:lambda$close$7(417)) - s0: close
2023-03-17 00:25:08,209 [MiniRaftCluster-73] INFO  server.GrpcService (GrpcService.java:closeImpl(311)) - s0: shutdown server org.apache.ratis.grpc.server.GrpcClientProtocolService now
2023-03-17 00:25:08,209 [s2-server-thread2] DEBUG server.RaftServer$Division (RaftServerImpl.java:logAppendEntries(1430)) - s2@group-2C0892D3738B: succeeded to handle AppendEntries. Reply: s1<-s2#17823:OK-t1,SUCCESS,nextIndex=5,followerCommit=3,matchIndex=4
2023-03-17 00:25:08,210 [grpc-default-executor-4] WARN  server.GrpcLogAppender (LogUtils.java:warn(122)) - s1@group-2C0892D3738B->s3-AppendLogResponseHandler: Failed appendEntries: org.apache.ratis.thirdparty.io.grpc.StatusRuntimeException: UNAVAILABLE: io exception
2023-03-17 00:25:08,210 [grpc-default-executor-4] INFO  leader.FollowerInfo (FollowerInfoImpl.java:lambda$new$0(52)) - s1@group-2C0892D3738B->s3: decreaseNextIndex nextIndex: updateUnconditionally 5 -> 4
2023-03-17 00:25:08,211 [s0-impl-thread1] INFO  server.RaftServer$Division (RaftServerImpl.java:lambda$close$4(466)) - s0@group-2C0892D3738B: shutdown
2023-03-17 00:25:08,211 [s0-impl-thread1] INFO  util.JmxRegister (JmxRegister.java:unregister(73)) - Successfully un-registered JMX Bean with object name Ratis:service=RaftServer,group=group-2C0892D3738B,id=s0
2023-03-17 00:25:08,211 [s0-impl-thread1] INFO  impl.RoleInfo (RoleInfo.java:shutdownFollowerState(110)) - s0: shutdown s0@group-2C0892D3738B-FollowerState
2023-03-17 00:25:08,211 [s0-impl-thread1] INFO  impl.StateMachineUpdater (StateMachineUpdater.java:stopAndJoin(154)) - s0@group-2C0892D3738B-StateMachineUpdater: set stopIndex = 1
2023-03-17 00:25:08,211 [grpc-default-executor-9] WARN  server.GrpcLogAppender (LogUtils.java:warn(122)) - s1@group-2C0892D3738B->s3-AppendLogResponseHandler: Failed appendEntries: org.apache.ratis.thirdparty.io.grpc.StatusRuntimeException: UNAVAILABLE: io exception
2023-03-17 00:25:08,212 [grpc-default-executor-9] INFO  leader.FollowerInfo (FollowerInfoImpl.java:lambda$new$0(52)) - s1@group-2C0892D3738B->s3: decreaseNextIndex nextIndex: updateUnconditionally 4 -> 3
2023-03-17 00:25:08,212 [grpc-default-executor-8] WARN  server.GrpcServerProtocolService (LogUtils.java:warn(122)) - s4: APPEND_ENTRIES onError, lastRequest: s1->s4#847-t1,previous=(t:1, i:3),leaderCommit=3,initializing? true,entries: size=1, first=(t:1, i:4), METADATAENTRY(c:3): org.apache.ratis.thirdparty.io.grpc.StatusRuntimeException: CANCELLED: client cancelled
2023-03-17 00:25:08,212 [s4@group-2C0892D3738B-FollowerState] INFO  impl.FollowerState (FollowerState.java:run(152)) - s4@group-2C0892D3738B-FollowerState was interrupted
2023-03-17 00:25:08,212 [s0-impl-thread1] INFO  server.RaftServer$Division (ServerState.java:close(414)) - s0@group-2C0892D3738B: applyIndex: 1
2023-03-17 00:25:08,212 [grpc-default-executor-6] WARN  server.GrpcLogAppender (LogUtils.java:warn(122)) - s1@group-2C0892D3738B->s4-AppendLogResponseHandler: Failed appendEntries: org.apache.ratis.thirdparty.io.grpc.StatusRuntimeException: UNAVAILABLE: Connection closed after GOAWAY. HTTP/2 error code: NO_ERROR, debug data: app_requested
2023-03-17 00:25:08,212 [s4-impl-thread1] INFO  server.RaftServer$Division (ServerState.java:close(414)) - s4@group-2C0892D3738B: applyIndex: 3
2023-03-17 00:25:08,212 [grpc-default-executor-6] INFO  leader.FollowerInfo (FollowerInfoImpl.java:lambda$new$0(52)) - s1@group-2C0892D3738B->s4: decreaseNextIndex nextIndex: updateUnconditionally 5 -> 4
2023-03-17 00:25:08,212 [grpc-default-executor-2] WARN  server.GrpcLogAppender (LogUtils.java:warn(122)) - s1@group-2C0892D3738B->s4-AppendLogResponseHandler: Failed appendEntries: org.apache.ratis.thirdparty.io.grpc.StatusRuntimeException: CANCELLED: RST_STREAM closed stream. HTTP/2 error code: CANCEL
2023-03-17 00:25:08,212 [grpc-default-executor-2] INFO  leader.FollowerInfo (FollowerInfoImpl.java:lambda$new$0(52)) - s1@group-2C0892D3738B->s4: decreaseNextIndex nextIndex: updateUnconditionally 4 -> 3
2023-03-17 00:25:08,212 [s0@group-2C0892D3738B-FollowerState] INFO  impl.FollowerState (FollowerState.java:run(152)) - s0@group-2C0892D3738B-FollowerState was interrupted
2023-03-17 00:25:08,212 [grpc-default-executor-7] WARN  server.GrpcServerProtocolService (LogUtils.java:warn(124)) - s0: Failed APPEND_ENTRIES request s1->s0#47247-t1,previous=(t:1, i:3),leaderCommit=3,initializing? true,entries: size=1, first=(t:1, i:4), METADATAENTRY(c:3)
java.util.concurrent.CompletionException: org.apache.ratis.protocol.exceptions.ServerNotReadyException: s0@group-2C0892D3738B is not in [STARTING, RUNNING]: current state is CLOSING
	at org.apache.ratis.util.JavaUtils.callAsUnchecked(JavaUtils.java:121)
	at org.apache.ratis.server.impl.RaftServerImpl.lambda$executeSubmitServerRequestAsync$11(RaftServerImpl.java:821)
	at java.base/java.util.concurrent.CompletableFuture$AsyncSupply.run(CompletableFuture.java:1700)
	at java.base/java.util.concurrent.ThreadPoolExecutor.runWorker(ThreadPoolExecutor.java:1128)
	at java.base/java.util.concurrent.ThreadPoolExecutor$Worker.run(ThreadPoolExecutor.java:628)
	at java.base/java.lang.Thread.run(Thread.java:829)
Caused by: org.apache.ratis.protocol.exceptions.ServerNotReadyException: s0@group-2C0892D3738B is not in [STARTING, RUNNING]: current state is CLOSING
	at org.apache.ratis.server.impl.RaftServerImpl.lambda$assertLifeCycleState$9(RaftServerImpl.java:745)
	at org.apache.ratis.util.LifeCycle.assertCurrentState(LifeCycle.java:253)
	at org.apache.ratis.server.impl.RaftServerImpl.assertLifeCycleState(RaftServerImpl.java:744)
	at org.apache.ratis.server.impl.RaftServerImpl.preAppendEntriesAsync(RaftServerImpl.java:1450)
	at org.apache.ratis.server.impl.RaftServerImpl.appendEntriesAsync(RaftServerImpl.java:1394)
	at org.apache.ratis.server.impl.RaftServerProxy.lambda$appendEntriesAsync$26(RaftServerProxy.java:639)
	at org.apache.ratis.util.JavaUtils.callAsUnchecked(JavaUtils.java:117)
	... 5 more
2023-03-17 00:25:08,212 [grpc-default-executor-0] WARN  server.GrpcServerProtocolService (LogUtils.java:warn(122)) - s4: APPEND_ENTRIES onError, lastRequest: null: org.apache.ratis.thirdparty.io.grpc.StatusRuntimeException: CANCELLED: client cancelled
2023-03-17 00:25:08,215 [MiniRaftCluster-75] INFO  server.RaftServer (RaftServerProxy.java:lambda$close$7(417)) - s2: close
2023-03-17 00:25:08,217 [MiniRaftCluster-75] INFO  server.GrpcService (GrpcService.java:closeImpl(311)) - s2: shutdown server org.apache.ratis.grpc.server.GrpcClientProtocolService now
2023-03-17 00:25:08,215 [MiniRaftCluster-74] INFO  server.RaftServer (RaftServerProxy.java:lambda$close$7(417)) - s1: close
2023-03-17 00:25:08,217 [MiniRaftCluster-74] INFO  server.GrpcService (GrpcService.java:closeImpl(311)) - s1: shutdown server org.apache.ratis.grpc.server.GrpcClientProtocolService now
2023-03-17 00:25:08,217 [s2-impl-thread1] INFO  server.RaftServer$Division (RaftServerImpl.java:lambda$close$4(466)) - s2@group-2C0892D3738B: shutdown
2023-03-17 00:25:08,217 [s2-impl-thread1] INFO  util.JmxRegister (JmxRegister.java:unregister(73)) - Successfully un-registered JMX Bean with object name Ratis:service=RaftServer,group=group-2C0892D3738B,id=s2
2023-03-17 00:25:08,217 [s2-impl-thread1] INFO  impl.RoleInfo (RoleInfo.java:shutdownFollowerState(110)) - s2: shutdown s2@group-2C0892D3738B-FollowerState
2023-03-17 00:25:08,217 [s2-impl-thread1] INFO  impl.StateMachineUpdater (StateMachineUpdater.java:stopAndJoin(154)) - s2@group-2C0892D3738B-StateMachineUpdater: set stopIndex = 3
2023-03-17 00:25:08,217 [s1-impl-thread1] INFO  server.RaftServer$Division (RaftServerImpl.java:lambda$close$4(466)) - s1@group-2C0892D3738B: shutdown
2023-03-17 00:25:08,217 [s1-impl-thread1] INFO  util.JmxRegister (JmxRegister.java:unregister(73)) - Successfully un-registered JMX Bean with object name Ratis:service=RaftServer,group=group-2C0892D3738B,id=s1
2023-03-17 00:25:08,218 [s1-impl-thread1] INFO  impl.RoleInfo (RoleInfo.java:shutdownLeaderState(93)) - s1: shutdown s1@group-2C0892D3738B-LeaderStateImpl
2023-03-17 00:25:08,218 [s1-impl-thread1] INFO  impl.PendingRequests (PendingRequests.java:sendNotLeaderResponses(289)) - s1@group-2C0892D3738B-PendingRequests: sendNotLeaderResponses
2023-03-17 00:25:08,218 [s1-impl-thread1] INFO  impl.StateMachineUpdater (StateMachineUpdater.java:stopAndJoin(154)) - s1@group-2C0892D3738B-StateMachineUpdater: set stopIndex = 4
2023-03-17 00:25:08,218 [s2@group-2C0892D3738B-FollowerState] INFO  impl.FollowerState (FollowerState.java:run(152)) - s2@group-2C0892D3738B-FollowerState was interrupted
2023-03-17 00:25:08,218 [s2-impl-thread1] INFO  server.RaftServer$Division (ServerState.java:close(414)) - s2@group-2C0892D3738B: applyIndex: 3
2023-03-17 00:25:08,218 [s1@group-2C0892D3738B->s0-GrpcLogAppender-LogAppenderDaemon] WARN  server.GrpcLogAppender (GrpcLogAppender.java:mayWait(195)) - s1@group-2C0892D3738B->s0-GrpcLogAppender: Wait interrupted by java.lang.InterruptedException
2023-03-17 00:25:08,218 [s1@group-2C0892D3738B->s2-GrpcLogAppender-LogAppenderDaemon] WARN  server.GrpcLogAppender (GrpcLogAppender.java:mayWait(195)) - s1@group-2C0892D3738B->s2-GrpcLogAppender: Wait interrupted by java.lang.InterruptedException
2023-03-17 00:25:08,218 [s1@group-2C0892D3738B->s3-GrpcLogAppender-LogAppenderDaemon] INFO  leader.LogAppenderDaemon (LogAppenderDaemon.java:run(85)) - s1@group-2C0892D3738B->s3-GrpcLogAppender-LogAppenderDaemon I/O was interrupted: java.io.InterruptedIOException: Interrupted appendLog, heartbeat? false
2023-03-17 00:25:08,218 [s1@group-2C0892D3738B->s4-GrpcLogAppender-LogAppenderDaemon] WARN  server.GrpcLogAppender (GrpcLogAppender.java:mayWait(195)) - s1@group-2C0892D3738B->s4-GrpcLogAppender: Wait interrupted by java.lang.InterruptedException
2023-03-17 00:25:08,218 [grpc-default-executor-0] INFO  server.GrpcLogAppender (GrpcLogAppender.java:onError(411)) - s1@group-2C0892D3738B->s0-GrpcLogAppender is already stopped
2023-03-17 00:25:08,219 [grpc-default-executor-7] INFO  server.GrpcServerProtocolService (GrpcServerProtocolService.java:onCompleted(145)) - s2: Completed APPEND_ENTRIES, lastRequest: s1->s2#17823-t1,previous=(t:1, i:3),leaderCommit=3,initializing? true,entries: size=1, first=(t:1, i:4), METADATAENTRY(c:3)
2023-03-17 00:25:08,214 [grpc-default-executor-6] WARN  server.GrpcLogAppender (LogUtils.java:warn(122)) - s1@group-2C0892D3738B->s4-AppendLogResponseHandler: Failed appendEntries: org.apache.ratis.thirdparty.io.grpc.StatusRuntimeException: UNAVAILABLE: io exception
2023-03-17 00:25:08,219 [MiniRaftCluster-73] INFO  server.GrpcService (GrpcService.java:closeImpl(320)) - s0: shutdown server org.apache.ratis.grpc.server.GrpcClientProtocolService successfully
2023-03-17 00:25:08,219 [MiniRaftCluster-73] INFO  server.GrpcService (GrpcService.java:closeImpl(311)) - s0: shutdown server GrpcServerProtocolService now
2023-03-17 00:25:08,219 [grpc-default-executor-6] INFO  leader.FollowerInfo (FollowerInfoImpl.java:lambda$new$0(52)) - s1@group-2C0892D3738B->s4: decreaseNextIndex nextIndex: updateUnconditionally 5 -> 4
2023-03-17 00:25:08,214 [grpc-default-executor-4] WARN  server.GrpcLogAppender (LogUtils.java:warn(122)) - s1@group-2C0892D3738B->s4-AppendLogResponseHandler: Failed appendEntries: org.apache.ratis.thirdparty.io.grpc.StatusRuntimeException: UNAVAILABLE: io exception
2023-03-17 00:25:08,219 [grpc-default-executor-4] INFO  leader.FollowerInfo (FollowerInfoImpl.java:lambda$new$0(52)) - s1@group-2C0892D3738B->s4: decreaseNextIndex nextIndex: updateUnconditionally 4 -> 3
2023-03-17 00:25:08,212 [grpc-default-executor-2] WARN  server.GrpcLogAppender (LogUtils.java:warn(122)) - s1@group-2C0892D3738B->s4-AppendLogResponseHandler: Failed appendEntries: org.apache.ratis.thirdparty.io.grpc.StatusRuntimeException: UNAVAILABLE: io exception
2023-03-17 00:25:08,219 [grpc-default-executor-2] INFO  leader.FollowerInfo (FollowerInfoImpl.java:lambda$new$0(52)) - s1@group-2C0892D3738B->s4: decreaseNextIndex nextIndex: updateUnconditionally 3 -> 2
2023-03-17 00:25:08,219 [grpc-default-executor-0] INFO  server.GrpcServerProtocolService (GrpcServerProtocolService.java:onCompleted(145)) - s0: Completed APPEND_ENTRIES, lastRequest: null
2023-03-17 00:25:08,218 [s1-impl-thread1] INFO  server.RaftServer$Division (ServerState.java:close(414)) - s1@group-2C0892D3738B: applyIndex: 4
2023-03-17 00:25:08,220 [grpc-default-executor-4] INFO  server.GrpcServerProtocolService (GrpcServerProtocolService.java:onCompleted(145)) - s2: Completed APPEND_ENTRIES, lastRequest: null
2023-03-17 00:25:08,220 [grpc-default-executor-7] INFO  server.GrpcLogAppender (GrpcLogAppender.java:onError(411)) - s1@group-2C0892D3738B->s0-GrpcLogAppender is already stopped
2023-03-17 00:25:08,220 [grpc-default-executor-6] INFO  server.GrpcLogAppender (GrpcLogAppender.java:onCompleted(422)) - s1@group-2C0892D3738B->s2-AppendLogResponseHandler: follower responses appendEntries COMPLETED
2023-03-17 00:25:08,220 [grpc-default-executor-6] INFO  leader.FollowerInfo (FollowerInfoImpl.java:lambda$new$0(52)) - s1@group-2C0892D3738B->s2: decreaseNextIndex nextIndex: updateUnconditionally 5 -> 4
2023-03-17 00:25:08,220 [Thread-2033] INFO  server.GrpcServerProtocolClient (GrpcServerProtocolClient.java:close(102)) - s3 Close channels
2023-03-17 00:25:08,221 [Thread-2035] INFO  server.GrpcServerProtocolClient (GrpcServerProtocolClient.java:close(102)) - s4 Close channels
2023-03-17 00:25:08,221 [Thread-2036] INFO  server.GrpcServerProtocolClient (GrpcServerProtocolClient.java:close(102)) - s0 Close channels
2023-03-17 00:25:08,221 [Thread-2038] INFO  server.GrpcServerProtocolClient (GrpcServerProtocolClient.java:close(102)) - s2 Close channels
2023-03-17 00:25:08,222 [MiniRaftCluster-74] INFO  server.GrpcService (GrpcService.java:closeImpl(320)) - s1: shutdown server org.apache.ratis.grpc.server.GrpcClientProtocolService successfully
2023-03-17 00:25:08,222 [MiniRaftCluster-74] INFO  server.GrpcService (GrpcService.java:closeImpl(311)) - s1: shutdown server GrpcServerProtocolService now
2023-03-17 00:25:08,223 [grpc-default-executor-7] INFO  server.GrpcLogAppender (GrpcLogAppender.java:onCompleted(422)) - s1@group-2C0892D3738B->s2-AppendLogResponseHandler: follower responses appendEntries COMPLETED
2023-03-17 00:25:08,224 [grpc-default-executor-7] WARN  server.GrpcLogAppender (GrpcLogAppender.java:resetClient(133)) - s1@group-2C0892D3738B->s2-GrpcLogAppender: Failed to getClient for s2
org.apache.ratis.protocol.exceptions.AlreadyClosedException: s1 is already CLOSED
	at org.apache.ratis.util.PeerProxyMap$PeerAndProxy.getProxy(PeerProxyMap.java:61)
	at org.apache.ratis.util.PeerProxyMap.getProxy(PeerProxyMap.java:115)
	at org.apache.ratis.grpc.server.GrpcLogAppender.getClient(GrpcLogAppender.java:111)
	at org.apache.ratis.grpc.server.GrpcLogAppender.resetClient(GrpcLogAppender.java:116)
	at org.apache.ratis.grpc.server.GrpcLogAppender.access$500(GrpcLogAppender.java:55)
	at org.apache.ratis.grpc.server.GrpcLogAppender$AppendLogResponseHandler.onCompleted(GrpcLogAppender.java:423)
	at org.apache.ratis.thirdparty.io.grpc.stub.ClientCalls$StreamObserverToCallListenerAdapter.onClose(ClientCalls.java:485)
	at org.apache.ratis.thirdparty.io.grpc.internal.DelayedClientCall$DelayedListener$3.run(DelayedClientCall.java:468)
	at org.apache.ratis.thirdparty.io.grpc.internal.DelayedClientCall$DelayedListener.delayOrExecute(DelayedClientCall.java:432)
	at org.apache.ratis.thirdparty.io.grpc.internal.DelayedClientCall$DelayedListener.onClose(DelayedClientCall.java:465)
	at org.apache.ratis.thirdparty.io.grpc.internal.ClientCallImpl.closeObserver(ClientCallImpl.java:562)
	at org.apache.ratis.thirdparty.io.grpc.internal.ClientCallImpl.access$300(ClientCallImpl.java:70)
	at org.apache.ratis.thirdparty.io.grpc.internal.ClientCallImpl$ClientStreamListenerImpl$1StreamClosed.runInternal(ClientCallImpl.java:743)
	at org.apache.ratis.thirdparty.io.grpc.internal.ClientCallImpl$ClientStreamListenerImpl$1StreamClosed.runInContext(ClientCallImpl.java:722)
	at org.apache.ratis.thirdparty.io.grpc.internal.ContextRunnable.run(ContextRunnable.java:37)
	at org.apache.ratis.thirdparty.io.grpc.internal.SerializingExecutor.run(SerializingExecutor.java:133)
	at java.base/java.util.concurrent.ThreadPoolExecutor.runWorker(ThreadPoolExecutor.java:1128)
	at java.base/java.util.concurrent.ThreadPoolExecutor$Worker.run(ThreadPoolExecutor.java:628)
	at java.base/java.lang.Thread.run(Thread.java:829)
2023-03-17 00:25:08,224 [MiniRaftCluster-73] INFO  server.GrpcService (GrpcService.java:closeImpl(320)) - s0: shutdown server GrpcServerProtocolService successfully
2023-03-17 00:25:08,224 [MiniRaftCluster-73] INFO  server.GrpcService (GrpcService.java:closeImpl(311)) - s0: shutdown server org.apache.ratis.grpc.server.GrpcAdminProtocolService now
2023-03-17 00:25:08,225 [MiniRaftCluster-71] INFO  server.GrpcService (GrpcService.java:closeImpl(320)) - s3: shutdown server GrpcServerProtocolService successfully
2023-03-17 00:25:08,225 [MiniRaftCluster-75] INFO  server.GrpcService (GrpcService.java:closeImpl(320)) - s2: shutdown server org.apache.ratis.grpc.server.GrpcClientProtocolService successfully
2023-03-17 00:25:08,225 [MiniRaftCluster-75] INFO  server.GrpcService (GrpcService.java:closeImpl(311)) - s2: shutdown server GrpcServerProtocolService now
2023-03-17 00:25:08,225 [MiniRaftCluster-75] INFO  server.GrpcService (GrpcService.java:closeImpl(320)) - s2: shutdown server GrpcServerProtocolService successfully
2023-03-17 00:25:08,225 [MiniRaftCluster-75] INFO  server.GrpcService (GrpcService.java:closeImpl(311)) - s2: shutdown server org.apache.ratis.grpc.server.GrpcAdminProtocolService now
2023-03-17 00:25:08,227 [MiniRaftCluster-75] INFO  server.GrpcService (GrpcService.java:closeImpl(320)) - s2: shutdown server org.apache.ratis.grpc.server.GrpcAdminProtocolService successfully
2023-03-17 00:25:08,227 [MiniRaftCluster-72] INFO  server.GrpcService (GrpcService.java:closeImpl(320)) - s4: shutdown server GrpcServerProtocolService successfully
2023-03-17 00:25:08,228 [MiniRaftCluster-74] INFO  server.GrpcService (GrpcService.java:closeImpl(320)) - s1: shutdown server GrpcServerProtocolService successfully
2023-03-17 00:25:08,228 [MiniRaftCluster-74] INFO  server.GrpcService (GrpcService.java:closeImpl(311)) - s1: shutdown server org.apache.ratis.grpc.server.GrpcAdminProtocolService now
2023-03-17 00:25:08,228 [MiniRaftCluster-73] INFO  server.GrpcService (GrpcService.java:closeImpl(320)) - s0: shutdown server org.apache.ratis.grpc.server.GrpcAdminProtocolService successfully
2023-03-17 00:25:08,229 [MiniRaftCluster-74] INFO  server.GrpcService (GrpcService.java:closeImpl(320)) - s1: shutdown server org.apache.ratis.grpc.server.GrpcAdminProtocolService successfully
2023-03-17 00:25:09,197 [s3-impl-thread1] INFO  segmented.SegmentedRaftLogWorker (SegmentedRaftLogWorker.java:close(242)) - s3@group-2C0892D3738B-SegmentedRaftLogWorker close()
2023-03-17 00:25:09,198 [s0-impl-thread1] INFO  segmented.SegmentedRaftLogWorker (SegmentedRaftLogWorker.java:close(242)) - s0@group-2C0892D3738B-SegmentedRaftLogWorker close()
2023-03-17 00:25:09,198 [s1-impl-thread1] INFO  segmented.SegmentedRaftLogWorker (SegmentedRaftLogWorker.java:close(242)) - s1@group-2C0892D3738B-SegmentedRaftLogWorker close()
2023-03-17 00:25:09,199 [JvmPauseMonitor65] INFO  util.JvmPauseMonitor (JvmPauseMonitor.java:run(109)) - JvmPauseMonitor-s1: Stopped
2023-03-17 00:25:09,199 [JvmPauseMonitor64] INFO  util.JvmPauseMonitor (JvmPauseMonitor.java:run(109)) - JvmPauseMonitor-s0: Stopped
2023-03-17 00:25:09,199 [JvmPauseMonitor67] INFO  util.JvmPauseMonitor (JvmPauseMonitor.java:run(109)) - JvmPauseMonitor-s3: Stopped
2023-03-17 00:25:09,205 [s4-impl-thread1] INFO  segmented.SegmentedRaftLogWorker (SegmentedRaftLogWorker.java:close(242)) - s4@group-2C0892D3738B-SegmentedRaftLogWorker close()
2023-03-17 00:25:09,205 [JvmPauseMonitor68] INFO  util.JvmPauseMonitor (JvmPauseMonitor.java:run(109)) - JvmPauseMonitor-s4: Stopped
2023-03-17 00:25:09,210 [s2-impl-thread1] INFO  segmented.SegmentedRaftLogWorker (SegmentedRaftLogWorker.java:close(242)) - s2@group-2C0892D3738B-SegmentedRaftLogWorker close()
2023-03-17 00:25:09,211 [JvmPauseMonitor66] INFO  util.JvmPauseMonitor (JvmPauseMonitor.java:run(109)) - JvmPauseMonitor-s2: Stopped
]]></system-out>
  </testcase>
  <testcase name="testReconfTimeout" classname="org.apache.ratis.grpc.TestRaftReconfigurationWithGrpc" time="3.19">
    <failure message="Unexpected exit." type="java.lang.AssertionError">java.lang.AssertionError: Unexpected exit.
	at org.apache.ratis.util.ExitUtils.assertNotTerminated(ExitUtils.java:109)
	at org.apache.ratis.BaseTest.assertNoFailures(BaseTest.java:89)
	at java.base/jdk.internal.reflect.NativeMethodAccessorImpl.invoke0(Native Method)
	at java.base/jdk.internal.reflect.NativeMethodAccessorImpl.invoke(NativeMethodAccessorImpl.java:62)
	at java.base/jdk.internal.reflect.DelegatingMethodAccessorImpl.invoke(DelegatingMethodAccessorImpl.java:43)
	at java.base/java.lang.reflect.Method.invoke(Method.java:566)
	at org.junit.runners.model.FrameworkMethod$1.runReflectiveCall(FrameworkMethod.java:59)
	at org.junit.internal.runners.model.ReflectiveCallable.run(ReflectiveCallable.java:12)
	at org.junit.runners.model.FrameworkMethod.invokeExplosively(FrameworkMethod.java:56)
	at org.junit.internal.runners.statements.RunAfters.invokeMethod(RunAfters.java:46)
	at org.junit.internal.runners.statements.RunAfters.evaluate(RunAfters.java:33)
	at org.junit.internal.runners.statements.FailOnTimeout$CallableStatement.call(FailOnTimeout.java:299)
	at org.junit.internal.runners.statements.FailOnTimeout$CallableStatement.call(FailOnTimeout.java:293)
	at java.base/java.util.concurrent.FutureTask.run(FutureTask.java:264)
	at java.base/java.lang.Thread.run(Thread.java:829)
Caused by: org.apache.ratis.util.ExitUtils$ExitException: Failed to start Grpc server
	at org.apache.ratis.util.ExitUtils.terminate(ExitUtils.java:141)
	at org.apache.ratis.util.ExitUtils.terminate(ExitUtils.java:151)
	at org.apache.ratis.grpc.server.GrpcService.startImpl(GrpcService.java:300)
	at org.apache.ratis.util.LifeCycle.startAndTransition(LifeCycle.java:270)
	at org.apache.ratis.server.RaftServerRpcWithProxy.start(RaftServerRpcWithProxy.java:72)
	at org.apache.ratis.server.impl.RaftServerProxy.startImpl(RaftServerProxy.java:402)
	at org.apache.ratis.util.LifeCycle.startAndTransition(LifeCycle.java:270)
	at org.apache.ratis.server.impl.RaftServerProxy.start(RaftServerProxy.java:395)
	at org.apache.ratis.server.impl.MiniRaftCluster.startServers(MiniRaftCluster.java:499)
	at org.apache.ratis.server.impl.MiniRaftCluster.start(MiniRaftCluster.java:346)
	at org.apache.ratis.server.impl.MiniRaftCluster.restart(MiniRaftCluster.java:374)
	at org.apache.ratis.server.impl.RaftReconfigurationBaseTest.lambda$testRestorePriority$0(RaftReconfigurationBaseTest.java:123)
	at org.apache.ratis.server.impl.MiniRaftCluster$Factory$Get.runWithNewCluster(MiniRaftCluster.java:141)
	at org.apache.ratis.server.impl.MiniRaftCluster$Factory$Get.runWithNewCluster(MiniRaftCluster.java:121)
	at org.apache.ratis.server.impl.RaftReconfigurationBaseTest.testRestorePriority(RaftReconfigurationBaseTest.java:100)
	at java.base/jdk.internal.reflect.NativeMethodAccessorImpl.invoke0(Native Method)
	at java.base/jdk.internal.reflect.NativeMethodAccessorImpl.invoke(NativeMethodAccessorImpl.java:62)
	at java.base/jdk.internal.reflect.DelegatingMethodAccessorImpl.invoke(DelegatingMethodAccessorImpl.java:43)
	at java.base/java.lang.reflect.Method.invoke(Method.java:566)
	at org.junit.runners.model.FrameworkMethod$1.runReflectiveCall(FrameworkMethod.java:59)
	at org.junit.internal.runners.model.ReflectiveCallable.run(ReflectiveCallable.java:12)
	at org.junit.runners.model.FrameworkMethod.invokeExplosively(FrameworkMethod.java:56)
	at org.junit.internal.runners.statements.InvokeMethod.evaluate(InvokeMethod.java:17)
	at org.junit.internal.runners.statements.RunAfters.evaluate(RunAfters.java:27)
	... 4 more
Caused by: java.io.IOException: Failed to bind to address 0.0.0.0/0.0.0.0:45261
	at org.apache.ratis.thirdparty.io.grpc.netty.NettyServer.start(NettyServer.java:328)
	at org.apache.ratis.thirdparty.io.grpc.internal.ServerImpl.start(ServerImpl.java:183)
	at org.apache.ratis.thirdparty.io.grpc.internal.ServerImpl.start(ServerImpl.java:92)
	at org.apache.ratis.grpc.server.GrpcService.startImpl(GrpcService.java:298)
	... 25 more
Caused by: org.apache.ratis.thirdparty.io.netty.channel.unix.Errors$NativeIoException: bind(..) failed: Address already in use
</failure>
  </testcase>
  <testcase name="testBootstrapReconfWithSingleNodeAddOne" classname="org.apache.ratis.grpc.TestRaftReconfigurationWithGrpc" time="2.663">
    <failure message="Unexpected exit." type="java.lang.AssertionError">java.lang.AssertionError: Unexpected exit.
	at org.apache.ratis.util.ExitUtils.assertNotTerminated(ExitUtils.java:109)
	at org.apache.ratis.server.impl.MiniRaftCluster.shutdown(MiniRaftCluster.java:854)
	at org.apache.ratis.server.impl.MiniRaftCluster$Factory$Get.runWithNewCluster(MiniRaftCluster.java:147)
	at org.apache.ratis.server.impl.MiniRaftCluster$Factory$Get.runWithNewCluster(MiniRaftCluster.java:121)
	at org.apache.ratis.server.impl.RaftReconfigurationBaseTest.testBootstrapReconfWithSingleNodeAddOne(RaftReconfigurationBaseTest.java:377)
	at java.base/jdk.internal.reflect.NativeMethodAccessorImpl.invoke0(Native Method)
	at java.base/jdk.internal.reflect.NativeMethodAccessorImpl.invoke(NativeMethodAccessorImpl.java:62)
	at java.base/jdk.internal.reflect.DelegatingMethodAccessorImpl.invoke(DelegatingMethodAccessorImpl.java:43)
	at java.base/java.lang.reflect.Method.invoke(Method.java:566)
	at org.junit.runners.model.FrameworkMethod$1.runReflectiveCall(FrameworkMethod.java:59)
	at org.junit.internal.runners.model.ReflectiveCallable.run(ReflectiveCallable.java:12)
	at org.junit.runners.model.FrameworkMethod.invokeExplosively(FrameworkMethod.java:56)
	at org.junit.internal.runners.statements.InvokeMethod.evaluate(InvokeMethod.java:17)
	at org.junit.internal.runners.statements.RunAfters.evaluate(RunAfters.java:27)
	at org.junit.internal.runners.statements.FailOnTimeout$CallableStatement.call(FailOnTimeout.java:299)
	at org.junit.internal.runners.statements.FailOnTimeout$CallableStatement.call(FailOnTimeout.java:293)
	at java.base/java.util.concurrent.FutureTask.run(FutureTask.java:264)
	at java.base/java.lang.Thread.run(Thread.java:829)
Caused by: org.apache.ratis.util.ExitUtils$ExitException: Failed to start Grpc server
	at org.apache.ratis.util.ExitUtils.terminate(ExitUtils.java:141)
	at org.apache.ratis.util.ExitUtils.terminate(ExitUtils.java:151)
	at org.apache.ratis.grpc.server.GrpcService.startImpl(GrpcService.java:300)
	at org.apache.ratis.util.LifeCycle.startAndTransition(LifeCycle.java:270)
	at org.apache.ratis.server.RaftServerRpcWithProxy.start(RaftServerRpcWithProxy.java:72)
	at org.apache.ratis.server.impl.RaftServerProxy.startImpl(RaftServerProxy.java:402)
	at org.apache.ratis.util.LifeCycle.startAndTransition(LifeCycle.java:270)
	at org.apache.ratis.server.impl.RaftServerProxy.start(RaftServerProxy.java:395)
	at org.apache.ratis.server.impl.MiniRaftCluster.startServers(MiniRaftCluster.java:499)
	at org.apache.ratis.server.impl.MiniRaftCluster.start(MiniRaftCluster.java:346)
	at org.apache.ratis.server.impl.MiniRaftCluster.restart(MiniRaftCluster.java:374)
	at org.apache.ratis.server.impl.RaftReconfigurationBaseTest.lambda$testRestorePriority$0(RaftReconfigurationBaseTest.java:123)
	at org.apache.ratis.server.impl.MiniRaftCluster$Factory$Get.runWithNewCluster(MiniRaftCluster.java:141)
	at org.apache.ratis.server.impl.MiniRaftCluster$Factory$Get.runWithNewCluster(MiniRaftCluster.java:121)
	at org.apache.ratis.server.impl.RaftReconfigurationBaseTest.testRestorePriority(RaftReconfigurationBaseTest.java:100)
	... 13 more
Caused by: java.io.IOException: Failed to bind to address 0.0.0.0/0.0.0.0:45261
	at org.apache.ratis.thirdparty.io.grpc.netty.NettyServer.start(NettyServer.java:328)
	at org.apache.ratis.thirdparty.io.grpc.internal.ServerImpl.start(ServerImpl.java:183)
	at org.apache.ratis.thirdparty.io.grpc.internal.ServerImpl.start(ServerImpl.java:92)
	at org.apache.ratis.grpc.server.GrpcService.startImpl(GrpcService.java:298)
	... 25 more
Caused by: org.apache.ratis.thirdparty.io.netty.channel.unix.Errors$NativeIoException: bind(..) failed: Address already in use
</failure>
    <system-out><![CDATA[2023-03-17 00:25:09,213 [main] INFO  util.LogUtils (Slf4jUtils.java:setLogLevel(38)) - Successfully set org.apache.ratis.conf.ConfUtils log level to WARN
2023-03-17 00:25:09,213 [main] INFO  util.LogUtils (Slf4jUtils.java:setLogLevel(38)) - Successfully set org.apache.ratis.util.FileUtils log level to TRACE
2023-03-17 00:25:09,214 [Time-limited test] INFO  impl.MiniRaftCluster (MiniRaftCluster.java:runWithNewCluster(135)) - Running runWithNewCluster
2023-03-17 00:25:09,214 [Time-limited test] INFO  impl.MiniRaftCluster (MiniRaftCluster.java:<init>(306)) - new MiniRaftClusterWithGrpc with group-7D1B7C265713:[s0|rpc:localhost:43813|admin:localhost:36829|client:localhost:33839|dataStream:localhost:37441|priority:0|startupRole:FOLLOWER]
2023-03-17 00:25:09,214 [Time-limited test] INFO  impl.MiniRaftCluster (MiniRaftCluster.java:start(339)) - .............................................................. 
2023-03-17 00:25:09,214 [Time-limited test] INFO  impl.MiniRaftCluster (MiniRaftCluster.java:start(340)) - ... 
2023-03-17 00:25:09,214 [Time-limited test] INFO  impl.MiniRaftCluster (MiniRaftCluster.java:start(341)) - ...     Starting MiniRaftClusterWithGrpc
2023-03-17 00:25:09,214 [Time-limited test] INFO  impl.MiniRaftCluster (MiniRaftCluster.java:start(342)) - ... 
2023-03-17 00:25:09,214 [Time-limited test] INFO  impl.MiniRaftCluster (MiniRaftCluster.java:start(343)) - .............................................................. 
2023-03-17 00:25:09,214 [Time-limited test] INFO  impl.MiniRaftCluster (MiniRaftCluster.java:initServers(318)) - servers = {}
2023-03-17 00:25:09,214 [Time-limited test] INFO  impl.MiniRaftCluster (MiniRaftCluster.java:newRaftServer(382)) - newRaftServer: s0, group-7D1B7C265713:[s0|rpc:localhost:43813|admin:localhost:36829|client:localhost:33839|dataStream:localhost:37441|priority:0|startupRole:FOLLOWER], format? true
2023-03-17 00:25:09,214 [Time-limited test] TRACE util.FileUtils (FileUtils.java:deleteFully(201)) - deleteFully target/test/data/ce6527c6/MiniRaftClusterWithGrpc84744dc8/s0
2023-03-17 00:25:09,214 [Time-limited test] TRACE util.FileUtils (FileUtils.java:deleteFully(217)) - deleteFully: target/test/data/ce6527c6/MiniRaftClusterWithGrpc84744dc8/s0 does not exist.
2023-03-17 00:25:09,214 [Time-limited test] INFO  impl.MiniRaftCluster (MiniRaftCluster.java:newRaftServer(387)) - Formatted directory target/test/data/ce6527c6/MiniRaftClusterWithGrpc84744dc8/s0
2023-03-17 00:25:09,215 [Time-limited test] INFO  server.RaftServer (ConfUtils.java:logGet(46)) - raft.rpc.type = GRPC (default)
2023-03-17 00:25:09,215 [Time-limited test] INFO  grpc.GrpcConfigKeys (ConfUtils.java:logFallback(53)) - raft.grpc.admin.host = null (fallback to raft.grpc.server.host)
2023-03-17 00:25:09,215 [Time-limited test] INFO  grpc.GrpcConfigKeys (ConfUtils.java:logGet(46)) - raft.grpc.admin.port = 36829 (custom)
2023-03-17 00:25:09,215 [Time-limited test] INFO  grpc.GrpcConfigKeys (ConfUtils.java:logFallback(53)) - raft.grpc.client.host = null (fallback to raft.grpc.server.host)
2023-03-17 00:25:09,215 [Time-limited test] INFO  grpc.GrpcConfigKeys (ConfUtils.java:logGet(46)) - raft.grpc.client.port = 33839 (custom)
2023-03-17 00:25:09,215 [Time-limited test] INFO  grpc.GrpcConfigKeys (ConfUtils.java:logGet(46)) - raft.grpc.server.host = null (default)
2023-03-17 00:25:09,215 [Time-limited test] INFO  grpc.GrpcConfigKeys (ConfUtils.java:logGet(46)) - raft.grpc.server.port = 43813 (custom)
2023-03-17 00:25:09,215 [Time-limited test] INFO  server.GrpcService (ConfUtils.java:logGet(46)) - raft.grpc.message.size.max = 64MB (=67108864) (default)
2023-03-17 00:25:09,215 [Time-limited test] INFO  server.RaftServerConfigKeys (ConfUtils.java:logGet(46)) - raft.server.log.appender.buffer.byte-limit = 4MB (=4194304) (default)
2023-03-17 00:25:09,215 [Time-limited test] INFO  server.GrpcService (ConfUtils.java:logGet(46)) - raft.grpc.flow.control.window = 1MB (=1048576) (default)
2023-03-17 00:25:09,215 [Time-limited test] INFO  server.RaftServerConfigKeys (ConfUtils.java:logGet(46)) - raft.server.rpc.request.timeout = 3000ms (default)
2023-03-17 00:25:09,215 [Time-limited test] INFO  grpc.GrpcConfigKeys (ConfUtils.java:logGet(46)) - raft.grpc.server.heartbeat.channel = true (default)
2023-03-17 00:25:09,215 [Time-limited test] INFO  grpc.GrpcConfigKeys (ConfUtils.java:logGet(46)) - raft.grpc.server.async.request.thread.pool.cached = true (default)
2023-03-17 00:25:09,215 [Time-limited test] INFO  grpc.GrpcConfigKeys (ConfUtils.java:logGet(46)) - raft.grpc.server.async.request.thread.pool.size = 32 (default)
2023-03-17 00:25:09,216 [Time-limited test] INFO  impl.DataStreamServerImpl (ConfUtils.java:logGet(46)) - raft.datastream.type = DISABLED (default)
2023-03-17 00:25:09,216 [Time-limited test] INFO  server.RaftServerConfigKeys (ConfUtils.java:logGet(46)) - raft.server.threadpool.proxy.cached = true (default)
2023-03-17 00:25:09,216 [Time-limited test] INFO  server.RaftServerConfigKeys (ConfUtils.java:logGet(46)) - raft.server.threadpool.proxy.size = 0 (default)
2023-03-17 00:25:09,216 [Time-limited test] INFO  server.RaftServerConfigKeys (ConfUtils.java:logGet(46)) - raft.server.rpc.slowness.timeout = 60s (default)
2023-03-17 00:25:09,216 [Time-limited test] INFO  server.RaftServerConfigKeys (ConfUtils.java:logGet(46)) - raft.server.leaderelection.leader.step-down.wait-time = 10s (default)
2023-03-17 00:25:09,216 [Time-limited test] INFO  server.RaftServerConfigKeys (ConfUtils.java:logGet(46)) - raft.server.storage.dir = [/home/runner/work/ratis/ratis/ratis-test/target/test/data/ce6527c6/MiniRaftClusterWithGrpc84744dc8/s0] (custom)
2023-03-17 00:25:09,217 [Time-limited test] INFO  server.RaftServer (RaftServerProxy.java:addNew(99)) - s0: addNew group-7D1B7C265713:[s0|rpc:localhost:43813|admin:localhost:36829|client:localhost:33839|dataStream:localhost:37441|priority:0|startupRole:FOLLOWER] returns group-7D1B7C265713:java.util.concurrent.CompletableFuture@5acae388[Not completed]
2023-03-17 00:25:09,217 [s0-groupManagement] INFO  server.RaftServer$Division (RaftServerImpl.java:<init>(198)) - s0: new RaftServerImpl for group-7D1B7C265713:[s0|rpc:localhost:43813|admin:localhost:36829|client:localhost:33839|dataStream:localhost:37441|priority:0|startupRole:FOLLOWER] with BaseStateMachine:uninitialized
2023-03-17 00:25:09,217 [s0-groupManagement] INFO  server.RaftServerConfigKeys (ConfUtils.java:logGet(46)) - raft.server.rpc.timeout.min = 150ms (default)
2023-03-17 00:25:09,217 [s0-groupManagement] INFO  server.RaftServerConfigKeys (ConfUtils.java:logGet(46)) - raft.server.rpc.timeout.max = 300ms (default)
2023-03-17 00:25:09,217 [s0-groupManagement] INFO  server.RaftServerConfigKeys (ConfUtils.java:logGet(46)) - raft.server.rpc.sleep.time = 25ms (default)
2023-03-17 00:25:09,217 [s0-groupManagement] INFO  server.RaftServerConfigKeys (ConfUtils.java:logGet(46)) - raft.server.rpc.slowness.timeout = 60s (default)
2023-03-17 00:25:09,217 [s0-groupManagement] INFO  server.RaftServerConfigKeys (ConfUtils.java:logGet(46)) - raft.server.leaderelection.leader.step-down.wait-time = 10s (default)
2023-03-17 00:25:09,217 [s0-groupManagement] INFO  server.RaftServerConfigKeys (ConfUtils.java:logGet(46)) - raft.server.sleep.deviation.threshold = 300ms (default)
2023-03-17 00:25:09,217 [s0-groupManagement] INFO  server.RaftServer$Division (ServerState.java:<init>(113)) - s0@group-7D1B7C265713: ConfigurationManager, init=-1: peers:[s0|rpc:localhost:43813|admin:localhost:36829|client:localhost:33839|dataStream:localhost:37441|priority:0|startupRole:FOLLOWER]|listeners:[], old=null, confs=<EMPTY_MAP>
2023-03-17 00:25:09,217 [s0-groupManagement] INFO  server.RaftServerConfigKeys (ConfUtils.java:logGet(46)) - raft.server.notification.no-leader.timeout = 60s (default)
2023-03-17 00:25:09,217 [s0-groupManagement] INFO  server.RaftServerConfigKeys (ConfUtils.java:logGet(46)) - raft.server.read.timeout = 10s (default)
2023-03-17 00:25:09,218 [s0-groupManagement] INFO  server.RaftServerConfigKeys (ConfUtils.java:logGet(46)) - raft.server.retrycache.expirytime = 60s (default)
2023-03-17 00:25:09,218 [s0-groupManagement] INFO  server.RaftServerConfigKeys (ConfUtils.java:logGet(46)) - raft.server.retrycache.statistics.expirytime = 100μs (default)
2023-03-17 00:25:09,218 [s0-groupManagement] INFO  server.RaftServerConfigKeys (ConfUtils.java:logGet(46)) - raft.server.read.option = DEFAULT (default)
2023-03-17 00:25:09,218 [s0-groupManagement] INFO  server.RaftServerConfigKeys (ConfUtils.java:logGet(46)) - raft.server.log.appender.install.snapshot.enabled = true (default)
2023-03-17 00:25:09,218 [s0-groupManagement] INFO  server.RaftServerConfigKeys (ConfUtils.java:logGet(46)) - raft.server.threadpool.server.cached = true (default)
2023-03-17 00:25:09,218 [s0-groupManagement] INFO  server.RaftServerConfigKeys (ConfUtils.java:logGet(46)) - raft.server.threadpool.server.size = 0 (default)
2023-03-17 00:25:09,218 [s0-groupManagement] INFO  server.RaftServerConfigKeys (ConfUtils.java:logGet(46)) - raft.server.threadpool.client.cached = true (default)
2023-03-17 00:25:09,218 [s0-groupManagement] INFO  server.RaftServerConfigKeys (ConfUtils.java:logGet(46)) - raft.server.threadpool.client.size = 0 (default)
2023-03-17 00:25:09,218 [s0-impl-thread1] INFO  server.RaftServerConfigKeys (ConfUtils.java:logGet(46)) - raft.server.storage.free-space.min = 0MB (=0) (default)
2023-03-17 00:25:09,218 [s0-impl-thread1] INFO  server.RaftServerConfigKeys (ConfUtils.java:logGet(46)) - raft.server.log.corruption.policy = EXCEPTION (default)
2023-03-17 00:25:09,218 [s0-impl-thread1] INFO  server.RaftServerConfigKeys (ConfUtils.java:logGet(46)) - raft.server.storage.dir = [/home/runner/work/ratis/ratis/ratis-test/target/test/data/ce6527c6/MiniRaftClusterWithGrpc84744dc8/s0] (custom)
2023-03-17 00:25:09,219 [s0-impl-thread1] INFO  storage.RaftStorageDirectory (RaftStorageDirectoryImpl.java:analyzeStorage(138)) - The storage directory /home/runner/work/ratis/ratis/ratis-test/target/test/data/ce6527c6/MiniRaftClusterWithGrpc84744dc8/s0/84bc1d88-0fe0-425f-bfcd-7d1b7c265713 does not exist. Creating ...
2023-03-17 00:25:09,219 [s0-impl-thread1] TRACE util.FileUtils (LogUtils.java:runAndLog(49)) - Successfully ran Files.createDirectories /home/runner/work/ratis/ratis/ratis-test/target/test/data/ce6527c6/MiniRaftClusterWithGrpc84744dc8/s0/84bc1d88-0fe0-425f-bfcd-7d1b7c265713
2023-03-17 00:25:09,220 [s0-impl-thread1] INFO  storage.RaftStorageDirectory (RaftStorageDirectoryImpl.java:tryLock(232)) - Lock on /home/runner/work/ratis/ratis/ratis-test/target/test/data/ce6527c6/MiniRaftClusterWithGrpc84744dc8/s0/84bc1d88-0fe0-425f-bfcd-7d1b7c265713/in_use.lock acquired by nodename 10276@fv-az426-358
2023-03-17 00:25:09,220 [s0-impl-thread1] TRACE util.FileUtils (LogUtils.java:runAndLog(49)) - Successfully ran Files.createDirectories /home/runner/work/ratis/ratis/ratis-test/target/test/data/ce6527c6/MiniRaftClusterWithGrpc84744dc8/s0/84bc1d88-0fe0-425f-bfcd-7d1b7c265713/current
2023-03-17 00:25:09,220 [s0-impl-thread1] TRACE util.FileUtils (LogUtils.java:runAndLog(49)) - Successfully ran Files.createDirectories /home/runner/work/ratis/ratis/ratis-test/target/test/data/ce6527c6/MiniRaftClusterWithGrpc84744dc8/s0/84bc1d88-0fe0-425f-bfcd-7d1b7c265713/sm
2023-03-17 00:25:09,221 [s0-impl-thread1] INFO  storage.RaftStorage (RaftStorageImpl.java:format(96)) - Storage directory /home/runner/work/ratis/ratis/ratis-test/target/test/data/ce6527c6/MiniRaftClusterWithGrpc84744dc8/s0/84bc1d88-0fe0-425f-bfcd-7d1b7c265713 has been successfully formatted.
2023-03-17 00:25:09,221 [s0-impl-thread1] INFO  server.RaftServerConfigKeys (ConfUtils.java:logGet(46)) - raft.server.log.use.memory = false (default)
2023-03-17 00:25:09,221 [s0-impl-thread1] INFO  server.RaftServerConfigKeys (ConfUtils.java:logGet(46)) - raft.server.log.purge.gap = 1024 (default)
2023-03-17 00:25:09,221 [s0-impl-thread1] INFO  server.RaftServerConfigKeys (ConfUtils.java:logGet(46)) - raft.server.log.appender.buffer.byte-limit = 4MB (=4194304) (default)
2023-03-17 00:25:09,221 [s0-impl-thread1] INFO  server.RaftServerConfigKeys (ConfUtils.java:logGet(46)) - raft.server.log.statemachine.data.read.timeout = 1000ms (default)
2023-03-17 00:25:09,221 [s0-impl-thread1] INFO  server.RaftServerConfigKeys (ConfUtils.java:logGet(46)) - raft.server.log.purge.preservation.log.num = 0 (default)
2023-03-17 00:25:09,222 [s0-impl-thread1] INFO  server.RaftServerConfigKeys (ConfUtils.java:logGet(46)) - raft.server.log.segment.size.max = 8MB (=8388608) (default)
2023-03-17 00:25:09,222 [s0-impl-thread1] INFO  server.RaftServerConfigKeys (ConfUtils.java:logGet(46)) - raft.server.log.segment.cache.num.max = 6 (default)
2023-03-17 00:25:09,222 [s0-impl-thread1] INFO  server.RaftServerConfigKeys (ConfUtils.java:logGet(46)) - raft.server.log.segment.cache.size.max = 200MB (=209715200) (default)
2023-03-17 00:25:09,222 [s0-impl-thread1] INFO  server.RaftServerConfigKeys (ConfUtils.java:logGet(46)) - raft.server.log.appender.buffer.byte-limit = 4MB (=4194304) (default)
2023-03-17 00:25:09,222 [s0-impl-thread1] INFO  segmented.SegmentedRaftLogWorker (SegmentedRaftLogWorker.java:<init>(183)) - new s0@group-7D1B7C265713-SegmentedRaftLogWorker for RaftStorageImpl:Storage Directory /home/runner/work/ratis/ratis/ratis-test/target/test/data/ce6527c6/MiniRaftClusterWithGrpc84744dc8/s0/84bc1d88-0fe0-425f-bfcd-7d1b7c265713
2023-03-17 00:25:09,222 [s0-impl-thread1] INFO  server.RaftServerConfigKeys (ConfUtils.java:logGet(46)) - raft.server.log.queue.byte-limit = 64MB (=67108864) (default)
2023-03-17 00:25:09,222 [s0-impl-thread1] INFO  server.RaftServerConfigKeys (ConfUtils.java:logGet(46)) - raft.server.log.queue.element-limit = 4096 (default)
2023-03-17 00:25:09,222 [s0-impl-thread1] INFO  server.RaftServerConfigKeys (ConfUtils.java:logGet(46)) - raft.server.log.segment.size.max = 8MB (=8388608) (default)
2023-03-17 00:25:09,222 [s0-impl-thread1] INFO  server.RaftServerConfigKeys (ConfUtils.java:logGet(46)) - raft.server.log.preallocated.size = 4MB (=4194304) (default)
2023-03-17 00:25:09,222 [s0-impl-thread1] INFO  server.RaftServerConfigKeys (ConfUtils.java:logGet(46)) - raft.server.log.force.sync.num = 128 (default)
2023-03-17 00:25:09,222 [s0-impl-thread1] INFO  server.RaftServerConfigKeys (ConfUtils.java:logGet(46)) - raft.server.log.statemachine.data.sync = true (default)
2023-03-17 00:25:09,222 [s0-impl-thread1] INFO  server.RaftServerConfigKeys (ConfUtils.java:logGet(46)) - raft.server.log.statemachine.data.sync.timeout = 10s (default)
2023-03-17 00:25:09,222 [s0-impl-thread1] INFO  server.RaftServerConfigKeys (ConfUtils.java:logGet(46)) - raft.server.log.statemachine.data.sync.timeout.retry = -1 (default)
2023-03-17 00:25:09,222 [s0-impl-thread1] INFO  server.RaftServerConfigKeys (ConfUtils.java:logGet(46)) - raft.server.log.write.buffer.size = 64KB (=65536) (default)
2023-03-17 00:25:09,222 [s0-impl-thread1] INFO  server.RaftServerConfigKeys (ConfUtils.java:logGet(46)) - raft.server.log.appender.buffer.byte-limit = 4MB (=4194304) (default)
2023-03-17 00:25:09,223 [s0-impl-thread1] INFO  server.RaftServerConfigKeys (ConfUtils.java:logGet(46)) - raft.server.log.unsafe-flush.enabled = false (default)
2023-03-17 00:25:09,223 [s0-impl-thread1] INFO  server.RaftServerConfigKeys (ConfUtils.java:logGet(46)) - raft.server.log.async-flush.enabled = false (default)
2023-03-17 00:25:09,223 [s0-impl-thread1] INFO  server.RaftServerConfigKeys (ConfUtils.java:logGet(46)) - raft.server.log.statemachine.data.caching.enabled = false (default)
2023-03-17 00:25:09,223 [s0-impl-thread1] INFO  segmented.SegmentedRaftLogWorker (SegmentedRaftLogWorker.java:lambda$new$0(134)) - s0@group-7D1B7C265713-SegmentedRaftLogWorker: flushIndex: setUnconditionally 0 -> -1
2023-03-17 00:25:09,223 [s0-impl-thread1] INFO  segmented.SegmentedRaftLogWorker (SegmentedRaftLogWorker.java:lambda$new$0(134)) - s0@group-7D1B7C265713-SegmentedRaftLogWorker: safeCacheEvictIndex: setUnconditionally 0 -> -1
2023-03-17 00:25:09,224 [s0-impl-thread1] INFO  server.RaftServer$Division (RaftServerImpl.java:start(342)) - s0@group-7D1B7C265713: start as a follower, conf=-1: peers:[s0|rpc:localhost:43813|admin:localhost:36829|client:localhost:33839|dataStream:localhost:37441|priority:0|startupRole:FOLLOWER]|listeners:[], old=null
2023-03-17 00:25:09,224 [s0-impl-thread1] INFO  server.RaftServer$Division (RaftServerImpl.java:setRole(329)) - s0@group-7D1B7C265713: changes role from      null to FOLLOWER at term 0 for startAsFollower
2023-03-17 00:25:09,224 [s0-impl-thread1] INFO  impl.RoleInfo (RoleInfo.java:updateAndGet(139)) - s0: start s0@group-7D1B7C265713-FollowerState
2023-03-17 00:25:09,224 [s0@group-7D1B7C265713-FollowerState] INFO  server.RaftServerConfigKeys (ConfUtils.java:logFallback(53)) - raft.server.rpc.first-election.timeout.min = 150ms (fallback to raft.server.rpc.timeout.min)
2023-03-17 00:25:09,224 [s0-impl-thread1] INFO  util.JmxRegister (JmxRegister.java:tryRegister(44)) - Successfully registered JMX Bean with object name Ratis:service=RaftServer,group=group-7D1B7C265713,id=s0
2023-03-17 00:25:09,224 [s0-impl-thread1] INFO  server.RaftServerConfigKeys (ConfUtils.java:logGet(46)) - raft.server.snapshot.auto.trigger.enabled = false (default)
2023-03-17 00:25:09,224 [s0-impl-thread1] INFO  server.RaftServerConfigKeys (ConfUtils.java:logGet(46)) - raft.server.snapshot.retention.file.num = -1 (default)
2023-03-17 00:25:09,224 [s0-impl-thread1] INFO  server.RaftServerConfigKeys (ConfUtils.java:logGet(46)) - raft.server.log.purge.upto.snapshot.index = false (default)
2023-03-17 00:25:09,224 [s0@group-7D1B7C265713-FollowerState] INFO  server.RaftServerConfigKeys (ConfUtils.java:logFallback(53)) - raft.server.rpc.first-election.timeout.max = 300ms (fallback to raft.server.rpc.timeout.max)
2023-03-17 00:25:09,224 [Time-limited test] INFO  server.RaftServer (RaftServerProxy.java:startImpl(401)) - s0: start RPC server
2023-03-17 00:25:09,225 [Time-limited test] INFO  server.GrpcService (GrpcService.java:startImpl(302)) - s0: GrpcService started, listening on 33839
2023-03-17 00:25:09,225 [Time-limited test] INFO  server.GrpcService (GrpcService.java:startImpl(302)) - s0: GrpcService started, listening on 43813
2023-03-17 00:25:09,225 [Time-limited test] INFO  server.GrpcService (GrpcService.java:startImpl(302)) - s0: GrpcService started, listening on 36829
2023-03-17 00:25:09,225 [JvmPauseMonitor69] INFO  util.JvmPauseMonitor (JvmPauseMonitor.java:run(103)) - JvmPauseMonitor-s0: Started
2023-03-17 00:25:09,225 [Time-limited test] INFO  grpc.TestRaftReconfigurationWithGrpc (RaftReconfigurationBaseTest.java:runTestBootstrapReconf(393)) - Originally 1 peer(s), add 1 more, startNewPeer=true
2023-03-17 00:25:09,226 [Time-limited test] INFO  server.RaftServerConfigKeys (ConfUtils.java:logGet(46)) - raft.server.rpc.timeout.max = 300ms (default)
2023-03-17 00:25:09,226 [Time-limited test] INFO  ratis.RaftTestUtil (RaftTestUtil.java:waitForLeader(100)) - printing ALL groups
  s0:  RUNNING  FOLLOWER s0@group-7D1B7C265713:t0, leader=null, voted=, raftlog=Memoized:s0@group-7D1B7C265713-SegmentedRaftLog:OPENED:c-1, conf=-1: peers:[s0|rpc:localhost:43813|admin:localhost:36829|client:localhost:33839|dataStream:localhost:37441|priority:0|startupRole:FOLLOWER]|listeners:[], old=null RUNNING
2023-03-17 00:25:09,226 [Time-limited test] WARN  ratis.RaftTestUtil (JavaUtils.java:attempt(217)) - FAILED "waitForLeader-null-(expectLeader? true)", attempt #1/100: java.lang.IllegalStateException: No leader yet : printing ALL groups
  s0:  RUNNING  FOLLOWER s0@group-7D1B7C265713:t0, leader=null, voted=, raftlog=Memoized:s0@group-7D1B7C265713-SegmentedRaftLog:OPENED:c-1, conf=-1: peers:[s0|rpc:localhost:43813|admin:localhost:36829|client:localhost:33839|dataStream:localhost:37441|priority:0|startupRole:FOLLOWER]|listeners:[], old=null RUNNING, sleep 450ms and then retry.
java.lang.IllegalStateException: No leader yet : printing ALL groups
  s0:  RUNNING  FOLLOWER s0@group-7D1B7C265713:t0, leader=null, voted=, raftlog=Memoized:s0@group-7D1B7C265713-SegmentedRaftLog:OPENED:c-1, conf=-1: peers:[s0|rpc:localhost:43813|admin:localhost:36829|client:localhost:33839|dataStream:localhost:37441|priority:0|startupRole:FOLLOWER]|listeners:[], old=null RUNNING
	at org.apache.ratis.server.impl.MiniRaftCluster.newIllegalStateExceptionForNoLeaders(MiniRaftCluster.java:581)
	at org.apache.ratis.RaftTestUtil.lambda$waitForLeader$1(RaftTestUtil.java:104)
	at org.apache.ratis.server.impl.MiniRaftCluster.getLeader(MiniRaftCluster.java:615)
	at org.apache.ratis.server.impl.MiniRaftCluster.getLeader(MiniRaftCluster.java:608)
	at org.apache.ratis.RaftTestUtil.lambda$waitForLeader$3(RaftTestUtil.java:112)
	at org.apache.ratis.util.JavaUtils.attempt(JavaUtils.java:211)
	at org.apache.ratis.util.JavaUtils.attemptRepeatedly(JavaUtils.java:197)
	at org.apache.ratis.RaftTestUtil.waitForLeader(RaftTestUtil.java:111)
	at org.apache.ratis.RaftTestUtil.waitForLeader(RaftTestUtil.java:92)
	at org.apache.ratis.RaftTestUtil.waitForLeader(RaftTestUtil.java:87)
	at org.apache.ratis.server.impl.RaftReconfigurationBaseTest.runTestBootstrapReconf(RaftReconfigurationBaseTest.java:395)
	at org.apache.ratis.server.impl.RaftReconfigurationBaseTest.lambda$testBootstrapReconfWithSingleNodeAddOne$8(RaftReconfigurationBaseTest.java:377)
	at org.apache.ratis.server.impl.MiniRaftCluster$Factory$Get.runWithNewCluster(MiniRaftCluster.java:141)
	at org.apache.ratis.server.impl.MiniRaftCluster$Factory$Get.runWithNewCluster(MiniRaftCluster.java:121)
	at org.apache.ratis.server.impl.RaftReconfigurationBaseTest.testBootstrapReconfWithSingleNodeAddOne(RaftReconfigurationBaseTest.java:377)
	at java.base/jdk.internal.reflect.NativeMethodAccessorImpl.invoke0(Native Method)
	at java.base/jdk.internal.reflect.NativeMethodAccessorImpl.invoke(NativeMethodAccessorImpl.java:62)
	at java.base/jdk.internal.reflect.DelegatingMethodAccessorImpl.invoke(DelegatingMethodAccessorImpl.java:43)
	at java.base/java.lang.reflect.Method.invoke(Method.java:566)
	at org.junit.runners.model.FrameworkMethod$1.runReflectiveCall(FrameworkMethod.java:59)
	at org.junit.internal.runners.model.ReflectiveCallable.run(ReflectiveCallable.java:12)
	at org.junit.runners.model.FrameworkMethod.invokeExplosively(FrameworkMethod.java:56)
	at org.junit.internal.runners.statements.InvokeMethod.evaluate(InvokeMethod.java:17)
	at org.junit.internal.runners.statements.RunAfters.evaluate(RunAfters.java:27)
	at org.junit.internal.runners.statements.FailOnTimeout$CallableStatement.call(FailOnTimeout.java:299)
	at org.junit.internal.runners.statements.FailOnTimeout$CallableStatement.call(FailOnTimeout.java:293)
	at java.base/java.util.concurrent.FutureTask.run(FutureTask.java:264)
	at java.base/java.lang.Thread.run(Thread.java:829)
2023-03-17 00:25:09,492 [s0@group-7D1B7C265713-FollowerState] INFO  impl.FollowerState (FollowerState.java:run(143)) - s0@group-7D1B7C265713-FollowerState: change to CANDIDATE, lastRpcElapsedTime:268028615ns, electionTimeout:267ms
2023-03-17 00:25:09,492 [s0@group-7D1B7C265713-FollowerState] INFO  impl.RoleInfo (RoleInfo.java:shutdownFollowerState(110)) - s0: shutdown s0@group-7D1B7C265713-FollowerState
2023-03-17 00:25:09,492 [s0@group-7D1B7C265713-FollowerState] INFO  server.RaftServer$Division (RaftServerImpl.java:setRole(329)) - s0@group-7D1B7C265713: changes role from  FOLLOWER to CANDIDATE at term 0 for changeToCandidate
2023-03-17 00:25:09,492 [s0@group-7D1B7C265713-FollowerState] INFO  server.RaftServerConfigKeys (ConfUtils.java:logGet(46)) - raft.server.leaderelection.pre-vote = true (default)
2023-03-17 00:25:09,492 [s0@group-7D1B7C265713-FollowerState] INFO  impl.RoleInfo (RoleInfo.java:updateAndGet(139)) - s0: start s0@group-7D1B7C265713-LeaderElection48
2023-03-17 00:25:09,492 [s0@group-7D1B7C265713-LeaderElection48] INFO  impl.LeaderElection (LeaderElection.java:askForVotes(320)) - s0@group-7D1B7C265713-LeaderElection48 PRE_VOTE round 0: submit vote requests at term 0 for -1: peers:[s0|rpc:localhost:43813|admin:localhost:36829|client:localhost:33839|dataStream:localhost:37441|priority:0|startupRole:FOLLOWER]|listeners:[], old=null
2023-03-17 00:25:09,492 [s0@group-7D1B7C265713-LeaderElection48] INFO  impl.LeaderElection (LeaderElection.java:askForVotes(322)) - s0@group-7D1B7C265713-LeaderElection48 PRE_VOTE round 0: result PASSED (term=0)
2023-03-17 00:25:09,493 [s0@group-7D1B7C265713-LeaderElection48] INFO  impl.LeaderElection (LeaderElection.java:askForVotes(320)) - s0@group-7D1B7C265713-LeaderElection48 ELECTION round 0: submit vote requests at term 1 for -1: peers:[s0|rpc:localhost:43813|admin:localhost:36829|client:localhost:33839|dataStream:localhost:37441|priority:0|startupRole:FOLLOWER]|listeners:[], old=null
2023-03-17 00:25:09,494 [s0@group-7D1B7C265713-LeaderElection48] INFO  impl.LeaderElection (LeaderElection.java:askForVotes(322)) - s0@group-7D1B7C265713-LeaderElection48 ELECTION round 0: result PASSED (term=1)
2023-03-17 00:25:09,494 [s0@group-7D1B7C265713-LeaderElection48] INFO  impl.RoleInfo (RoleInfo.java:shutdownLeaderElection(130)) - s0: shutdown s0@group-7D1B7C265713-LeaderElection48
2023-03-17 00:25:09,494 [s0@group-7D1B7C265713-LeaderElection48] INFO  server.RaftServer$Division (RaftServerImpl.java:setRole(329)) - s0@group-7D1B7C265713: changes role from CANDIDATE to LEADER at term 1 for changeToLeader
2023-03-17 00:25:09,494 [s0@group-7D1B7C265713-LeaderElection48] INFO  server.RaftServer$Division (ServerState.java:setLeader(260)) - s0@group-7D1B7C265713: change Leader from null to s0 at term 1 for becomeLeader, leader elected after 276ms
2023-03-17 00:25:09,494 [s0@group-7D1B7C265713-LeaderElection48] INFO  server.RaftServerConfigKeys (ConfUtils.java:logGet(46)) - raft.server.staging.catchup.gap = 10 (custom)
2023-03-17 00:25:09,494 [s0@group-7D1B7C265713-LeaderElection48] INFO  server.RaftServerConfigKeys (ConfUtils.java:logGet(46)) - raft.server.write.element-limit = 4096 (default)
2023-03-17 00:25:09,494 [s0@group-7D1B7C265713-LeaderElection48] INFO  server.RaftServerConfigKeys (ConfUtils.java:logGet(46)) - raft.server.write.byte-limit = 64MB (=67108864) (default)
2023-03-17 00:25:09,494 [s0@group-7D1B7C265713-LeaderElection48] INFO  server.RaftServerConfigKeys (ConfUtils.java:logGet(46)) - raft.server.watch.timeout = 10s (default)
2023-03-17 00:25:09,494 [s0@group-7D1B7C265713-LeaderElection48] INFO  server.RaftServerConfigKeys (ConfUtils.java:logGet(46)) - raft.server.watch.timeout.denomination = 1s (default)
2023-03-17 00:25:09,494 [s0@group-7D1B7C265713-LeaderElection48] INFO  server.RaftServerConfigKeys (ConfUtils.java:logGet(46)) - raft.server.watch.element-limit = 65536 (default)
2023-03-17 00:25:09,494 [s0@group-7D1B7C265713-LeaderElection48] INFO  server.RaftServerConfigKeys (ConfUtils.java:logGet(46)) - raft.server.write.element-limit = 4096 (default)
2023-03-17 00:25:09,494 [s0@group-7D1B7C265713-LeaderElection48] INFO  server.RaftServerConfigKeys (ConfUtils.java:logGet(46)) - raft.server.write.follower.gap.ratio.max = -1.0 (default)
2023-03-17 00:25:09,494 [s0@group-7D1B7C265713-LeaderElection48] INFO  impl.RoleInfo (RoleInfo.java:updateAndGet(139)) - s0: start s0@group-7D1B7C265713-LeaderStateImpl
2023-03-17 00:25:09,494 [s0@group-7D1B7C265713-LeaderElection48] INFO  segmented.SegmentedRaftLogWorker (SegmentedRaftLogWorker.java:startLogSegment(426)) - s0@group-7D1B7C265713-SegmentedRaftLogWorker: Starting segment from index:0
2023-03-17 00:25:09,495 [s0@group-7D1B7C265713-LeaderElection48] INFO  server.RaftServer$Division (ServerState.java:setRaftConf(378)) - s0@group-7D1B7C265713: set configuration 0: peers:[s0|rpc:localhost:43813|admin:localhost:36829|client:localhost:33839|dataStream:localhost:37441|priority:0|startupRole:FOLLOWER]|listeners:[], old=null
2023-03-17 00:25:09,506 [s0@group-7D1B7C265713-SegmentedRaftLogWorker] INFO  segmented.SegmentedRaftLogWorker (SegmentedRaftLogWorker.java:execute(630)) - s0@group-7D1B7C265713-SegmentedRaftLogWorker: created new log segment /home/runner/work/ratis/ratis/ratis-test/target/test/data/ce6527c6/MiniRaftClusterWithGrpc84744dc8/s0/84bc1d88-0fe0-425f-bfcd-7d1b7c265713/current/log_inprogress_0
2023-03-17 00:25:09,676 [Time-limited test] INFO  ratis.RaftTestUtil (RaftTestUtil.java:waitForLeader(119)) - printing ALL groups
  s0:  RUNNING    LEADER s0@group-7D1B7C265713:t1, leader=s0, voted=s0, raftlog=Memoized:s0@group-7D1B7C265713-SegmentedRaftLog:OPENED:c0, conf=0: peers:[s0|rpc:localhost:43813|admin:localhost:36829|client:localhost:33839|dataStream:localhost:37441|priority:0|startupRole:FOLLOWER]|listeners:[], old=null RUNNING
2023-03-17 00:25:09,680 [s0-client-thread1] DEBUG server.RaftServer$Division (RaftServerImpl.java:submitClientRequestAsync(835)) - s0@group-7D1B7C265713: receive client request(RaftClientRequest:client-16117C81E66E->s0@group-7D1B7C265713, cid=78, seq=0, RW, Message:6d30)
2023-03-17 00:25:09,681 [s0-client-thread1] DEBUG server.RaftServer$Division (LeaderStateImpl.java:addPendingRequest(474)) - s0@group-7D1B7C265713-LeaderStateImpl: addPendingRequest at RaftClientRequest:client-16117C81E66E->s0@group-7D1B7C265713, cid=78, seq=0, RW, Message:6d30, entry=(t:1, i:1), STATEMACHINELOGENTRY, 78@client-16117C81E66E
2023-03-17 00:25:09,688 [s0-client-thread1] DEBUG server.RaftServer$Division (RaftServerImpl.java:submitClientRequestAsync(835)) - s0@group-7D1B7C265713: receive client request(RaftClientRequest:client-16117C81E66E->s0@group-7D1B7C265713, cid=79, seq=0, RW, Message:6d31)
2023-03-17 00:25:09,688 [s0-client-thread1] DEBUG server.RaftServer$Division (LeaderStateImpl.java:addPendingRequest(474)) - s0@group-7D1B7C265713-LeaderStateImpl: addPendingRequest at RaftClientRequest:client-16117C81E66E->s0@group-7D1B7C265713, cid=79, seq=0, RW, Message:6d31, entry=(t:1, i:3), STATEMACHINELOGENTRY, 79@client-16117C81E66E
2023-03-17 00:25:09,691 [s0-client-thread1] DEBUG server.RaftServer$Division (RaftServerImpl.java:submitClientRequestAsync(835)) - s0@group-7D1B7C265713: receive client request(RaftClientRequest:client-16117C81E66E->s0@group-7D1B7C265713, cid=80, seq=0, RW, Message:6d32)
2023-03-17 00:25:09,692 [s0-client-thread1] DEBUG server.RaftServer$Division (LeaderStateImpl.java:addPendingRequest(474)) - s0@group-7D1B7C265713-LeaderStateImpl: addPendingRequest at RaftClientRequest:client-16117C81E66E->s0@group-7D1B7C265713, cid=80, seq=0, RW, Message:6d32, entry=(t:1, i:5), STATEMACHINELOGENTRY, 80@client-16117C81E66E
2023-03-17 00:25:09,694 [s0-client-thread1] DEBUG server.RaftServer$Division (RaftServerImpl.java:submitClientRequestAsync(835)) - s0@group-7D1B7C265713: receive client request(RaftClientRequest:client-16117C81E66E->s0@group-7D1B7C265713, cid=81, seq=0, RW, Message:6d33)
2023-03-17 00:25:09,694 [s0-client-thread1] DEBUG server.RaftServer$Division (LeaderStateImpl.java:addPendingRequest(474)) - s0@group-7D1B7C265713-LeaderStateImpl: addPendingRequest at RaftClientRequest:client-16117C81E66E->s0@group-7D1B7C265713, cid=81, seq=0, RW, Message:6d33, entry=(t:1, i:7), STATEMACHINELOGENTRY, 81@client-16117C81E66E
2023-03-17 00:25:09,696 [s0-client-thread1] DEBUG server.RaftServer$Division (RaftServerImpl.java:submitClientRequestAsync(835)) - s0@group-7D1B7C265713: receive client request(RaftClientRequest:client-16117C81E66E->s0@group-7D1B7C265713, cid=82, seq=0, RW, Message:6d34)
2023-03-17 00:25:09,696 [s0-client-thread1] DEBUG server.RaftServer$Division (LeaderStateImpl.java:addPendingRequest(474)) - s0@group-7D1B7C265713-LeaderStateImpl: addPendingRequest at RaftClientRequest:client-16117C81E66E->s0@group-7D1B7C265713, cid=82, seq=0, RW, Message:6d34, entry=(t:1, i:9), STATEMACHINELOGENTRY, 82@client-16117C81E66E
2023-03-17 00:25:09,698 [s0-client-thread1] DEBUG server.RaftServer$Division (RaftServerImpl.java:submitClientRequestAsync(835)) - s0@group-7D1B7C265713: receive client request(RaftClientRequest:client-16117C81E66E->s0@group-7D1B7C265713, cid=83, seq=0, RW, Message:6d35)
2023-03-17 00:25:09,698 [s0-client-thread1] DEBUG server.RaftServer$Division (LeaderStateImpl.java:addPendingRequest(474)) - s0@group-7D1B7C265713-LeaderStateImpl: addPendingRequest at RaftClientRequest:client-16117C81E66E->s0@group-7D1B7C265713, cid=83, seq=0, RW, Message:6d35, entry=(t:1, i:11), STATEMACHINELOGENTRY, 83@client-16117C81E66E
2023-03-17 00:25:09,706 [s0-client-thread1] DEBUG server.RaftServer$Division (RaftServerImpl.java:submitClientRequestAsync(835)) - s0@group-7D1B7C265713: receive client request(RaftClientRequest:client-16117C81E66E->s0@group-7D1B7C265713, cid=84, seq=0, RW, Message:6d36)
2023-03-17 00:25:09,707 [s0-client-thread1] DEBUG server.RaftServer$Division (LeaderStateImpl.java:addPendingRequest(474)) - s0@group-7D1B7C265713-LeaderStateImpl: addPendingRequest at RaftClientRequest:client-16117C81E66E->s0@group-7D1B7C265713, cid=84, seq=0, RW, Message:6d36, entry=(t:1, i:13), STATEMACHINELOGENTRY, 84@client-16117C81E66E
2023-03-17 00:25:09,709 [s0-client-thread1] DEBUG server.RaftServer$Division (RaftServerImpl.java:submitClientRequestAsync(835)) - s0@group-7D1B7C265713: receive client request(RaftClientRequest:client-16117C81E66E->s0@group-7D1B7C265713, cid=85, seq=0, RW, Message:6d37)
2023-03-17 00:25:09,709 [s0-client-thread1] DEBUG server.RaftServer$Division (LeaderStateImpl.java:addPendingRequest(474)) - s0@group-7D1B7C265713-LeaderStateImpl: addPendingRequest at RaftClientRequest:client-16117C81E66E->s0@group-7D1B7C265713, cid=85, seq=0, RW, Message:6d37, entry=(t:1, i:15), STATEMACHINELOGENTRY, 85@client-16117C81E66E
2023-03-17 00:25:09,711 [s0-client-thread1] DEBUG server.RaftServer$Division (RaftServerImpl.java:submitClientRequestAsync(835)) - s0@group-7D1B7C265713: receive client request(RaftClientRequest:client-16117C81E66E->s0@group-7D1B7C265713, cid=86, seq=0, RW, Message:6d38)
2023-03-17 00:25:09,711 [s0-client-thread1] DEBUG server.RaftServer$Division (LeaderStateImpl.java:addPendingRequest(474)) - s0@group-7D1B7C265713-LeaderStateImpl: addPendingRequest at RaftClientRequest:client-16117C81E66E->s0@group-7D1B7C265713, cid=86, seq=0, RW, Message:6d38, entry=(t:1, i:17), STATEMACHINELOGENTRY, 86@client-16117C81E66E
2023-03-17 00:25:09,713 [s0-client-thread1] DEBUG server.RaftServer$Division (RaftServerImpl.java:submitClientRequestAsync(835)) - s0@group-7D1B7C265713: receive client request(RaftClientRequest:client-16117C81E66E->s0@group-7D1B7C265713, cid=87, seq=0, RW, Message:6d39)
2023-03-17 00:25:09,713 [s0-client-thread1] DEBUG server.RaftServer$Division (LeaderStateImpl.java:addPendingRequest(474)) - s0@group-7D1B7C265713-LeaderStateImpl: addPendingRequest at RaftClientRequest:client-16117C81E66E->s0@group-7D1B7C265713, cid=87, seq=0, RW, Message:6d39, entry=(t:1, i:19), STATEMACHINELOGENTRY, 87@client-16117C81E66E
2023-03-17 00:25:09,715 [s0-client-thread1] DEBUG server.RaftServer$Division (RaftServerImpl.java:submitClientRequestAsync(835)) - s0@group-7D1B7C265713: receive client request(RaftClientRequest:client-16117C81E66E->s0@group-7D1B7C265713, cid=88, seq=0, RW, Message:6d3130)
2023-03-17 00:25:09,715 [s0-client-thread1] DEBUG server.RaftServer$Division (LeaderStateImpl.java:addPendingRequest(474)) - s0@group-7D1B7C265713-LeaderStateImpl: addPendingRequest at RaftClientRequest:client-16117C81E66E->s0@group-7D1B7C265713, cid=88, seq=0, RW, Message:6d3130, entry=(t:1, i:21), STATEMACHINELOGENTRY, 88@client-16117C81E66E
2023-03-17 00:25:09,717 [s0-client-thread1] DEBUG server.RaftServer$Division (RaftServerImpl.java:submitClientRequestAsync(835)) - s0@group-7D1B7C265713: receive client request(RaftClientRequest:client-16117C81E66E->s0@group-7D1B7C265713, cid=89, seq=0, RW, Message:6d3131)
2023-03-17 00:25:09,717 [s0-client-thread1] DEBUG server.RaftServer$Division (LeaderStateImpl.java:addPendingRequest(474)) - s0@group-7D1B7C265713-LeaderStateImpl: addPendingRequest at RaftClientRequest:client-16117C81E66E->s0@group-7D1B7C265713, cid=89, seq=0, RW, Message:6d3131, entry=(t:1, i:23), STATEMACHINELOGENTRY, 89@client-16117C81E66E
2023-03-17 00:25:09,720 [s0-client-thread1] DEBUG server.RaftServer$Division (RaftServerImpl.java:submitClientRequestAsync(835)) - s0@group-7D1B7C265713: receive client request(RaftClientRequest:client-16117C81E66E->s0@group-7D1B7C265713, cid=90, seq=0, RW, Message:6d3132)
2023-03-17 00:25:09,721 [s0-client-thread1] DEBUG server.RaftServer$Division (LeaderStateImpl.java:addPendingRequest(474)) - s0@group-7D1B7C265713-LeaderStateImpl: addPendingRequest at RaftClientRequest:client-16117C81E66E->s0@group-7D1B7C265713, cid=90, seq=0, RW, Message:6d3132, entry=(t:1, i:25), STATEMACHINELOGENTRY, 90@client-16117C81E66E
2023-03-17 00:25:09,722 [s0-client-thread1] DEBUG server.RaftServer$Division (RaftServerImpl.java:submitClientRequestAsync(835)) - s0@group-7D1B7C265713: receive client request(RaftClientRequest:client-16117C81E66E->s0@group-7D1B7C265713, cid=91, seq=0, RW, Message:6d3133)
2023-03-17 00:25:09,722 [s0-client-thread1] DEBUG server.RaftServer$Division (LeaderStateImpl.java:addPendingRequest(474)) - s0@group-7D1B7C265713-LeaderStateImpl: addPendingRequest at RaftClientRequest:client-16117C81E66E->s0@group-7D1B7C265713, cid=91, seq=0, RW, Message:6d3133, entry=(t:1, i:27), STATEMACHINELOGENTRY, 91@client-16117C81E66E
2023-03-17 00:25:09,725 [s0-client-thread1] DEBUG server.RaftServer$Division (RaftServerImpl.java:submitClientRequestAsync(835)) - s0@group-7D1B7C265713: receive client request(RaftClientRequest:client-16117C81E66E->s0@group-7D1B7C265713, cid=92, seq=0, RW, Message:6d3134)
2023-03-17 00:25:09,725 [s0-client-thread1] DEBUG server.RaftServer$Division (LeaderStateImpl.java:addPendingRequest(474)) - s0@group-7D1B7C265713-LeaderStateImpl: addPendingRequest at RaftClientRequest:client-16117C81E66E->s0@group-7D1B7C265713, cid=92, seq=0, RW, Message:6d3134, entry=(t:1, i:29), STATEMACHINELOGENTRY, 92@client-16117C81E66E
2023-03-17 00:25:09,727 [s0-client-thread1] DEBUG server.RaftServer$Division (RaftServerImpl.java:submitClientRequestAsync(835)) - s0@group-7D1B7C265713: receive client request(RaftClientRequest:client-16117C81E66E->s0@group-7D1B7C265713, cid=93, seq=0, RW, Message:6d3135)
2023-03-17 00:25:09,727 [s0-client-thread1] DEBUG server.RaftServer$Division (LeaderStateImpl.java:addPendingRequest(474)) - s0@group-7D1B7C265713-LeaderStateImpl: addPendingRequest at RaftClientRequest:client-16117C81E66E->s0@group-7D1B7C265713, cid=93, seq=0, RW, Message:6d3135, entry=(t:1, i:31), STATEMACHINELOGENTRY, 93@client-16117C81E66E
2023-03-17 00:25:09,729 [s0-client-thread1] DEBUG server.RaftServer$Division (RaftServerImpl.java:submitClientRequestAsync(835)) - s0@group-7D1B7C265713: receive client request(RaftClientRequest:client-16117C81E66E->s0@group-7D1B7C265713, cid=94, seq=0, RW, Message:6d3136)
2023-03-17 00:25:09,729 [s0-client-thread1] DEBUG server.RaftServer$Division (LeaderStateImpl.java:addPendingRequest(474)) - s0@group-7D1B7C265713-LeaderStateImpl: addPendingRequest at RaftClientRequest:client-16117C81E66E->s0@group-7D1B7C265713, cid=94, seq=0, RW, Message:6d3136, entry=(t:1, i:33), STATEMACHINELOGENTRY, 94@client-16117C81E66E
2023-03-17 00:25:09,731 [s0-client-thread1] DEBUG server.RaftServer$Division (RaftServerImpl.java:submitClientRequestAsync(835)) - s0@group-7D1B7C265713: receive client request(RaftClientRequest:client-16117C81E66E->s0@group-7D1B7C265713, cid=95, seq=0, RW, Message:6d3137)
2023-03-17 00:25:09,731 [s0-client-thread1] DEBUG server.RaftServer$Division (LeaderStateImpl.java:addPendingRequest(474)) - s0@group-7D1B7C265713-LeaderStateImpl: addPendingRequest at RaftClientRequest:client-16117C81E66E->s0@group-7D1B7C265713, cid=95, seq=0, RW, Message:6d3137, entry=(t:1, i:35), STATEMACHINELOGENTRY, 95@client-16117C81E66E
2023-03-17 00:25:09,733 [s0-client-thread1] DEBUG server.RaftServer$Division (RaftServerImpl.java:submitClientRequestAsync(835)) - s0@group-7D1B7C265713: receive client request(RaftClientRequest:client-16117C81E66E->s0@group-7D1B7C265713, cid=96, seq=0, RW, Message:6d3138)
2023-03-17 00:25:09,733 [s0-client-thread1] DEBUG server.RaftServer$Division (LeaderStateImpl.java:addPendingRequest(474)) - s0@group-7D1B7C265713-LeaderStateImpl: addPendingRequest at RaftClientRequest:client-16117C81E66E->s0@group-7D1B7C265713, cid=96, seq=0, RW, Message:6d3138, entry=(t:1, i:37), STATEMACHINELOGENTRY, 96@client-16117C81E66E
2023-03-17 00:25:09,736 [s0-client-thread1] DEBUG server.RaftServer$Division (RaftServerImpl.java:submitClientRequestAsync(835)) - s0@group-7D1B7C265713: receive client request(RaftClientRequest:client-16117C81E66E->s0@group-7D1B7C265713, cid=97, seq=0, RW, Message:6d3139)
2023-03-17 00:25:09,736 [s0-client-thread1] DEBUG server.RaftServer$Division (LeaderStateImpl.java:addPendingRequest(474)) - s0@group-7D1B7C265713-LeaderStateImpl: addPendingRequest at RaftClientRequest:client-16117C81E66E->s0@group-7D1B7C265713, cid=97, seq=0, RW, Message:6d3139, entry=(t:1, i:39), STATEMACHINELOGENTRY, 97@client-16117C81E66E
2023-03-17 00:25:09,737 [Time-limited test] INFO  impl.MiniRaftCluster (MiniRaftCluster.java:addNewPeers(464)) - Add new peers [s1]
2023-03-17 00:25:09,737 [Time-limited test] INFO  impl.MiniRaftCluster (MiniRaftCluster.java:newRaftServer(382)) - newRaftServer: s1, group-7D1B7C265713:[s0|rpc:localhost:43813|admin:localhost:36829|client:localhost:33839|dataStream:localhost:37441|priority:0|startupRole:FOLLOWER, s1|priority:0|startupRole:FOLLOWER], format? true
2023-03-17 00:25:09,737 [Time-limited test] TRACE util.FileUtils (FileUtils.java:deleteFully(201)) - deleteFully target/test/data/ce6527c6/MiniRaftClusterWithGrpc84744dc8/s1
2023-03-17 00:25:09,737 [Time-limited test] TRACE util.FileUtils (FileUtils.java:deleteFully(217)) - deleteFully: target/test/data/ce6527c6/MiniRaftClusterWithGrpc84744dc8/s1 does not exist.
2023-03-17 00:25:09,737 [Time-limited test] INFO  impl.MiniRaftCluster (MiniRaftCluster.java:newRaftServer(387)) - Formatted directory target/test/data/ce6527c6/MiniRaftClusterWithGrpc84744dc8/s1
2023-03-17 00:25:09,737 [Time-limited test] INFO  server.RaftServer (ConfUtils.java:logGet(46)) - raft.rpc.type = GRPC (default)
2023-03-17 00:25:09,738 [Time-limited test] INFO  grpc.GrpcConfigKeys (ConfUtils.java:logFallback(53)) - raft.grpc.admin.host = null (fallback to raft.grpc.server.host)
2023-03-17 00:25:09,738 [Time-limited test] INFO  grpc.GrpcConfigKeys (ConfUtils.java:logFallback(53)) - raft.grpc.admin.port = 40585 (fallback to raft.grpc.server.port)
2023-03-17 00:25:09,738 [Time-limited test] INFO  grpc.GrpcConfigKeys (ConfUtils.java:logFallback(53)) - raft.grpc.client.host = null (fallback to raft.grpc.server.host)
2023-03-17 00:25:09,738 [Time-limited test] INFO  grpc.GrpcConfigKeys (ConfUtils.java:logFallback(53)) - raft.grpc.client.port = 40585 (fallback to raft.grpc.server.port)
2023-03-17 00:25:09,738 [Time-limited test] INFO  grpc.GrpcConfigKeys (ConfUtils.java:logGet(46)) - raft.grpc.server.host = null (default)
2023-03-17 00:25:09,738 [Time-limited test] INFO  grpc.GrpcConfigKeys (ConfUtils.java:logGet(46)) - raft.grpc.server.port = 40585 (custom)
2023-03-17 00:25:09,738 [Time-limited test] INFO  server.GrpcService (ConfUtils.java:logGet(46)) - raft.grpc.message.size.max = 64MB (=67108864) (default)
2023-03-17 00:25:09,738 [Time-limited test] INFO  server.RaftServerConfigKeys (ConfUtils.java:logGet(46)) - raft.server.log.appender.buffer.byte-limit = 4MB (=4194304) (default)
2023-03-17 00:25:09,738 [Time-limited test] INFO  server.GrpcService (ConfUtils.java:logGet(46)) - raft.grpc.flow.control.window = 1MB (=1048576) (default)
2023-03-17 00:25:09,738 [Time-limited test] INFO  server.RaftServerConfigKeys (ConfUtils.java:logGet(46)) - raft.server.rpc.request.timeout = 3000ms (default)
2023-03-17 00:25:09,738 [Time-limited test] INFO  grpc.GrpcConfigKeys (ConfUtils.java:logGet(46)) - raft.grpc.server.heartbeat.channel = true (default)
2023-03-17 00:25:09,738 [Time-limited test] INFO  grpc.GrpcConfigKeys (ConfUtils.java:logGet(46)) - raft.grpc.server.async.request.thread.pool.cached = true (default)
2023-03-17 00:25:09,738 [Time-limited test] INFO  grpc.GrpcConfigKeys (ConfUtils.java:logGet(46)) - raft.grpc.server.async.request.thread.pool.size = 32 (default)
2023-03-17 00:25:09,739 [Time-limited test] INFO  impl.DataStreamServerImpl (ConfUtils.java:logGet(46)) - raft.datastream.type = DISABLED (default)
2023-03-17 00:25:09,739 [Time-limited test] INFO  server.RaftServerConfigKeys (ConfUtils.java:logGet(46)) - raft.server.threadpool.proxy.cached = true (default)
2023-03-17 00:25:09,739 [Time-limited test] INFO  server.RaftServerConfigKeys (ConfUtils.java:logGet(46)) - raft.server.threadpool.proxy.size = 0 (default)
2023-03-17 00:25:09,739 [Time-limited test] INFO  server.RaftServerConfigKeys (ConfUtils.java:logGet(46)) - raft.server.rpc.slowness.timeout = 60s (default)
2023-03-17 00:25:09,739 [Time-limited test] INFO  server.RaftServerConfigKeys (ConfUtils.java:logGet(46)) - raft.server.leaderelection.leader.step-down.wait-time = 10s (default)
2023-03-17 00:25:09,739 [Time-limited test] INFO  server.RaftServerConfigKeys (ConfUtils.java:logGet(46)) - raft.server.storage.dir = [/home/runner/work/ratis/ratis/ratis-test/target/test/data/ce6527c6/MiniRaftClusterWithGrpc84744dc8/s1] (custom)
2023-03-17 00:25:09,739 [Time-limited test] INFO  server.RaftServer (RaftServerProxy.java:addNew(99)) - s1: addNew group-7D1B7C265713:[s0|rpc:localhost:43813|admin:localhost:36829|client:localhost:33839|dataStream:localhost:37441|priority:0|startupRole:FOLLOWER, s1|priority:0|startupRole:FOLLOWER] returns group-7D1B7C265713:java.util.concurrent.CompletableFuture@12e837cd[Not completed]
2023-03-17 00:25:09,742 [s1-groupManagement] INFO  server.RaftServer$Division (RaftServerImpl.java:<init>(198)) - s1: new RaftServerImpl for group-7D1B7C265713:[s0|rpc:localhost:43813|admin:localhost:36829|client:localhost:33839|dataStream:localhost:37441|priority:0|startupRole:FOLLOWER, s1|priority:0|startupRole:FOLLOWER] with BaseStateMachine:uninitialized
2023-03-17 00:25:09,742 [s1-groupManagement] INFO  server.RaftServerConfigKeys (ConfUtils.java:logGet(46)) - raft.server.rpc.timeout.min = 150ms (default)
2023-03-17 00:25:09,742 [s1-groupManagement] INFO  server.RaftServerConfigKeys (ConfUtils.java:logGet(46)) - raft.server.rpc.timeout.max = 300ms (default)
2023-03-17 00:25:09,742 [s1-groupManagement] INFO  server.RaftServerConfigKeys (ConfUtils.java:logGet(46)) - raft.server.rpc.sleep.time = 25ms (default)
2023-03-17 00:25:09,742 [s1-groupManagement] INFO  server.RaftServerConfigKeys (ConfUtils.java:logGet(46)) - raft.server.rpc.slowness.timeout = 60s (default)
2023-03-17 00:25:09,742 [s1-groupManagement] INFO  server.RaftServerConfigKeys (ConfUtils.java:logGet(46)) - raft.server.leaderelection.leader.step-down.wait-time = 10s (default)
2023-03-17 00:25:09,742 [s1-groupManagement] INFO  server.RaftServerConfigKeys (ConfUtils.java:logGet(46)) - raft.server.sleep.deviation.threshold = 300ms (default)
2023-03-17 00:25:09,742 [s1-groupManagement] INFO  server.RaftServer$Division (ServerState.java:<init>(113)) - s1@group-7D1B7C265713: ConfigurationManager, init=-1: peers:[s0|rpc:localhost:43813|admin:localhost:36829|client:localhost:33839|dataStream:localhost:37441|priority:0|startupRole:FOLLOWER, s1|priority:0|startupRole:FOLLOWER]|listeners:[], old=null, confs=<EMPTY_MAP>
2023-03-17 00:25:09,742 [s1-groupManagement] INFO  server.RaftServerConfigKeys (ConfUtils.java:logGet(46)) - raft.server.notification.no-leader.timeout = 60s (default)
2023-03-17 00:25:09,742 [s1-groupManagement] INFO  server.RaftServerConfigKeys (ConfUtils.java:logGet(46)) - raft.server.read.timeout = 10s (default)
2023-03-17 00:25:09,742 [s1-groupManagement] INFO  server.RaftServerConfigKeys (ConfUtils.java:logGet(46)) - raft.server.retrycache.expirytime = 60s (default)
2023-03-17 00:25:09,743 [s1-groupManagement] INFO  server.RaftServerConfigKeys (ConfUtils.java:logGet(46)) - raft.server.retrycache.statistics.expirytime = 100μs (default)
2023-03-17 00:25:09,743 [s1-groupManagement] INFO  server.RaftServerConfigKeys (ConfUtils.java:logGet(46)) - raft.server.read.option = DEFAULT (default)
2023-03-17 00:25:09,743 [s1-groupManagement] INFO  server.RaftServerConfigKeys (ConfUtils.java:logGet(46)) - raft.server.log.appender.install.snapshot.enabled = true (default)
2023-03-17 00:25:09,743 [s1-groupManagement] INFO  server.RaftServerConfigKeys (ConfUtils.java:logGet(46)) - raft.server.threadpool.server.cached = true (default)
2023-03-17 00:25:09,743 [s1-groupManagement] INFO  server.RaftServerConfigKeys (ConfUtils.java:logGet(46)) - raft.server.threadpool.server.size = 0 (default)
2023-03-17 00:25:09,743 [s1-groupManagement] INFO  server.RaftServerConfigKeys (ConfUtils.java:logGet(46)) - raft.server.threadpool.client.cached = true (default)
2023-03-17 00:25:09,743 [s1-groupManagement] INFO  server.RaftServerConfigKeys (ConfUtils.java:logGet(46)) - raft.server.threadpool.client.size = 0 (default)
2023-03-17 00:25:09,743 [s1-impl-thread1] INFO  server.RaftServerConfigKeys (ConfUtils.java:logGet(46)) - raft.server.storage.free-space.min = 0MB (=0) (default)
2023-03-17 00:25:09,743 [s1-impl-thread1] INFO  server.RaftServerConfigKeys (ConfUtils.java:logGet(46)) - raft.server.log.corruption.policy = EXCEPTION (default)
2023-03-17 00:25:09,743 [s1-impl-thread1] INFO  server.RaftServerConfigKeys (ConfUtils.java:logGet(46)) - raft.server.storage.dir = [/home/runner/work/ratis/ratis/ratis-test/target/test/data/ce6527c6/MiniRaftClusterWithGrpc84744dc8/s1] (custom)
2023-03-17 00:25:09,744 [s1-impl-thread1] INFO  storage.RaftStorageDirectory (RaftStorageDirectoryImpl.java:analyzeStorage(138)) - The storage directory /home/runner/work/ratis/ratis/ratis-test/target/test/data/ce6527c6/MiniRaftClusterWithGrpc84744dc8/s1/84bc1d88-0fe0-425f-bfcd-7d1b7c265713 does not exist. Creating ...
2023-03-17 00:25:09,744 [s1-impl-thread1] TRACE util.FileUtils (LogUtils.java:runAndLog(49)) - Successfully ran Files.createDirectories /home/runner/work/ratis/ratis/ratis-test/target/test/data/ce6527c6/MiniRaftClusterWithGrpc84744dc8/s1/84bc1d88-0fe0-425f-bfcd-7d1b7c265713
2023-03-17 00:25:09,745 [s1-impl-thread1] INFO  storage.RaftStorageDirectory (RaftStorageDirectoryImpl.java:tryLock(232)) - Lock on /home/runner/work/ratis/ratis/ratis-test/target/test/data/ce6527c6/MiniRaftClusterWithGrpc84744dc8/s1/84bc1d88-0fe0-425f-bfcd-7d1b7c265713/in_use.lock acquired by nodename 10276@fv-az426-358
2023-03-17 00:25:09,745 [s1-impl-thread1] TRACE util.FileUtils (LogUtils.java:runAndLog(49)) - Successfully ran Files.createDirectories /home/runner/work/ratis/ratis/ratis-test/target/test/data/ce6527c6/MiniRaftClusterWithGrpc84744dc8/s1/84bc1d88-0fe0-425f-bfcd-7d1b7c265713/current
2023-03-17 00:25:09,745 [s1-impl-thread1] TRACE util.FileUtils (LogUtils.java:runAndLog(49)) - Successfully ran Files.createDirectories /home/runner/work/ratis/ratis/ratis-test/target/test/data/ce6527c6/MiniRaftClusterWithGrpc84744dc8/s1/84bc1d88-0fe0-425f-bfcd-7d1b7c265713/sm
2023-03-17 00:25:09,745 [s1-impl-thread1] INFO  storage.RaftStorage (RaftStorageImpl.java:format(96)) - Storage directory /home/runner/work/ratis/ratis/ratis-test/target/test/data/ce6527c6/MiniRaftClusterWithGrpc84744dc8/s1/84bc1d88-0fe0-425f-bfcd-7d1b7c265713 has been successfully formatted.
2023-03-17 00:25:09,746 [s1-impl-thread1] INFO  server.RaftServerConfigKeys (ConfUtils.java:logGet(46)) - raft.server.log.use.memory = false (default)
2023-03-17 00:25:09,746 [s1-impl-thread1] INFO  server.RaftServerConfigKeys (ConfUtils.java:logGet(46)) - raft.server.log.purge.gap = 1024 (default)
2023-03-17 00:25:09,746 [s1-impl-thread1] INFO  server.RaftServerConfigKeys (ConfUtils.java:logGet(46)) - raft.server.log.appender.buffer.byte-limit = 4MB (=4194304) (default)
2023-03-17 00:25:09,746 [s1-impl-thread1] INFO  server.RaftServerConfigKeys (ConfUtils.java:logGet(46)) - raft.server.log.statemachine.data.read.timeout = 1000ms (default)
2023-03-17 00:25:09,746 [s1-impl-thread1] INFO  server.RaftServerConfigKeys (ConfUtils.java:logGet(46)) - raft.server.log.purge.preservation.log.num = 0 (default)
2023-03-17 00:25:09,746 [s1-impl-thread1] INFO  server.RaftServerConfigKeys (ConfUtils.java:logGet(46)) - raft.server.log.segment.size.max = 8MB (=8388608) (default)
2023-03-17 00:25:09,746 [s1-impl-thread1] INFO  server.RaftServerConfigKeys (ConfUtils.java:logGet(46)) - raft.server.log.segment.cache.num.max = 6 (default)
2023-03-17 00:25:09,746 [s1-impl-thread1] INFO  server.RaftServerConfigKeys (ConfUtils.java:logGet(46)) - raft.server.log.segment.cache.size.max = 200MB (=209715200) (default)
2023-03-17 00:25:09,746 [s1-impl-thread1] INFO  server.RaftServerConfigKeys (ConfUtils.java:logGet(46)) - raft.server.log.appender.buffer.byte-limit = 4MB (=4194304) (default)
2023-03-17 00:25:09,746 [s1-impl-thread1] INFO  segmented.SegmentedRaftLogWorker (SegmentedRaftLogWorker.java:<init>(183)) - new s1@group-7D1B7C265713-SegmentedRaftLogWorker for RaftStorageImpl:Storage Directory /home/runner/work/ratis/ratis/ratis-test/target/test/data/ce6527c6/MiniRaftClusterWithGrpc84744dc8/s1/84bc1d88-0fe0-425f-bfcd-7d1b7c265713
2023-03-17 00:25:09,746 [s1-impl-thread1] INFO  server.RaftServerConfigKeys (ConfUtils.java:logGet(46)) - raft.server.log.queue.byte-limit = 64MB (=67108864) (default)
2023-03-17 00:25:09,746 [s1-impl-thread1] INFO  server.RaftServerConfigKeys (ConfUtils.java:logGet(46)) - raft.server.log.queue.element-limit = 4096 (default)
2023-03-17 00:25:09,747 [s1-impl-thread1] INFO  server.RaftServerConfigKeys (ConfUtils.java:logGet(46)) - raft.server.log.segment.size.max = 8MB (=8388608) (default)
2023-03-17 00:25:09,747 [s1-impl-thread1] INFO  server.RaftServerConfigKeys (ConfUtils.java:logGet(46)) - raft.server.log.preallocated.size = 4MB (=4194304) (default)
2023-03-17 00:25:09,747 [s1-impl-thread1] INFO  server.RaftServerConfigKeys (ConfUtils.java:logGet(46)) - raft.server.log.force.sync.num = 128 (default)
2023-03-17 00:25:09,747 [s1-impl-thread1] INFO  server.RaftServerConfigKeys (ConfUtils.java:logGet(46)) - raft.server.log.statemachine.data.sync = true (default)
2023-03-17 00:25:09,747 [s1-impl-thread1] INFO  server.RaftServerConfigKeys (ConfUtils.java:logGet(46)) - raft.server.log.statemachine.data.sync.timeout = 10s (default)
2023-03-17 00:25:09,747 [s1-impl-thread1] INFO  server.RaftServerConfigKeys (ConfUtils.java:logGet(46)) - raft.server.log.statemachine.data.sync.timeout.retry = -1 (default)
2023-03-17 00:25:09,747 [s1-impl-thread1] INFO  server.RaftServerConfigKeys (ConfUtils.java:logGet(46)) - raft.server.log.write.buffer.size = 64KB (=65536) (default)
2023-03-17 00:25:09,747 [s1-impl-thread1] INFO  server.RaftServerConfigKeys (ConfUtils.java:logGet(46)) - raft.server.log.appender.buffer.byte-limit = 4MB (=4194304) (default)
2023-03-17 00:25:09,748 [s1-impl-thread1] INFO  server.RaftServerConfigKeys (ConfUtils.java:logGet(46)) - raft.server.log.unsafe-flush.enabled = false (default)
2023-03-17 00:25:09,748 [s1-impl-thread1] INFO  server.RaftServerConfigKeys (ConfUtils.java:logGet(46)) - raft.server.log.async-flush.enabled = false (default)
2023-03-17 00:25:09,748 [s1-impl-thread1] INFO  server.RaftServerConfigKeys (ConfUtils.java:logGet(46)) - raft.server.log.statemachine.data.caching.enabled = false (default)
2023-03-17 00:25:09,748 [s1-impl-thread1] INFO  segmented.SegmentedRaftLogWorker (SegmentedRaftLogWorker.java:lambda$new$0(134)) - s1@group-7D1B7C265713-SegmentedRaftLogWorker: flushIndex: setUnconditionally 0 -> -1
2023-03-17 00:25:09,748 [s1-impl-thread1] INFO  segmented.SegmentedRaftLogWorker (SegmentedRaftLogWorker.java:lambda$new$0(134)) - s1@group-7D1B7C265713-SegmentedRaftLogWorker: safeCacheEvictIndex: setUnconditionally 0 -> -1
2023-03-17 00:25:09,749 [s1-impl-thread1] INFO  server.RaftServer$Division (RaftServerImpl.java:start(342)) - s1@group-7D1B7C265713: start as a follower, conf=-1: peers:[s0|rpc:localhost:43813|admin:localhost:36829|client:localhost:33839|dataStream:localhost:37441|priority:0|startupRole:FOLLOWER, s1|priority:0|startupRole:FOLLOWER]|listeners:[], old=null
2023-03-17 00:25:09,749 [s1-impl-thread1] INFO  server.RaftServer$Division (RaftServerImpl.java:setRole(329)) - s1@group-7D1B7C265713: changes role from      null to FOLLOWER at term 0 for startAsFollower
2023-03-17 00:25:09,749 [s1-impl-thread1] INFO  impl.RoleInfo (RoleInfo.java:updateAndGet(139)) - s1: start s1@group-7D1B7C265713-FollowerState
2023-03-17 00:25:09,749 [s1@group-7D1B7C265713-FollowerState] INFO  server.RaftServerConfigKeys (ConfUtils.java:logFallback(53)) - raft.server.rpc.first-election.timeout.min = 150ms (fallback to raft.server.rpc.timeout.min)
2023-03-17 00:25:09,749 [s1@group-7D1B7C265713-FollowerState] INFO  server.RaftServerConfigKeys (ConfUtils.java:logFallback(53)) - raft.server.rpc.first-election.timeout.max = 300ms (fallback to raft.server.rpc.timeout.max)
2023-03-17 00:25:09,749 [s1-impl-thread1] INFO  util.JmxRegister (JmxRegister.java:tryRegister(44)) - Successfully registered JMX Bean with object name Ratis:service=RaftServer,group=group-7D1B7C265713,id=s1
2023-03-17 00:25:09,749 [s1-impl-thread1] INFO  server.RaftServerConfigKeys (ConfUtils.java:logGet(46)) - raft.server.snapshot.auto.trigger.enabled = false (default)
2023-03-17 00:25:09,749 [s1-impl-thread1] INFO  server.RaftServerConfigKeys (ConfUtils.java:logGet(46)) - raft.server.snapshot.retention.file.num = -1 (default)
2023-03-17 00:25:09,749 [s1-impl-thread1] INFO  server.RaftServerConfigKeys (ConfUtils.java:logGet(46)) - raft.server.log.purge.upto.snapshot.index = false (default)
2023-03-17 00:25:09,751 [Time-limited test] INFO  server.RaftServer (RaftServerProxy.java:startImpl(401)) - s1: start RPC server
2023-03-17 00:25:09,752 [Time-limited test] INFO  server.GrpcService (GrpcService.java:startImpl(302)) - s1: GrpcService started, listening on 40585
2023-03-17 00:25:09,758 [Time-limited test] INFO  grpc.TestRaftReconfigurationWithGrpc (RaftReconfigurationBaseTest.java:runTestBootstrapReconf(406)) - Start changing the configuration: [s1|rpc:0.0.0.0:40585|priority:0|startupRole:FOLLOWER, s0|rpc:localhost:43813|admin:localhost:36829|client:localhost:33839|dataStream:localhost:37441|priority:0|startupRole:FOLLOWER]
2023-03-17 00:25:09,758 [JvmPauseMonitor70] INFO  util.JvmPauseMonitor (JvmPauseMonitor.java:run(103)) - JvmPauseMonitor-s1: Started
2023-03-17 00:25:09,763 [s0-server-thread1] INFO  server.RaftServer$Division (RaftServerImpl.java:setConfigurationAsync(1197)) - s0@group-7D1B7C265713: receive setConfiguration SetConfigurationRequest:client-16117C81E66E->s0@group-7D1B7C265713, cid=98, seq=0, RW, null, SET_UNCONDITIONALLY, servers:[s1|rpc:0.0.0.0:40585|dataStream:|priority:0|startupRole:FOLLOWER, s0|rpc:localhost:43813|admin:localhost:36829|client:localhost:33839|dataStream:localhost:37441|priority:0|startupRole:FOLLOWER], listeners:[]
2023-03-17 00:25:09,763 [s0-server-thread1] INFO  server.RaftServer$Division (LeaderStateImpl.java:startSetConfiguration(440)) - s0@group-7D1B7C265713-LeaderStateImpl: startSetConfiguration SetConfigurationRequest:client-16117C81E66E->s0@group-7D1B7C265713, cid=98, seq=0, RW, null, SET_UNCONDITIONALLY, servers:[s1|rpc:0.0.0.0:40585|dataStream:|priority:0|startupRole:FOLLOWER, s0|rpc:localhost:43813|admin:localhost:36829|client:localhost:33839|dataStream:localhost:37441|priority:0|startupRole:FOLLOWER], listeners:[]
2023-03-17 00:25:09,763 [s0-server-thread1] INFO  server.RaftServerConfigKeys (ConfUtils.java:logGet(46)) - raft.server.log.appender.snapshot.chunk.size.max = 16MB (=16777216) (default)
2023-03-17 00:25:09,763 [s0-server-thread1] INFO  server.RaftServerConfigKeys (ConfUtils.java:logGet(46)) - raft.server.log.appender.buffer.byte-limit = 4MB (=4194304) (default)
2023-03-17 00:25:09,763 [s0-server-thread1] INFO  server.RaftServerConfigKeys (ConfUtils.java:logGet(46)) - raft.server.log.appender.buffer.element-limit = 0 (default)
2023-03-17 00:25:09,763 [s0-server-thread1] INFO  server.RaftServerConfigKeys (ConfUtils.java:logGet(46)) - raft.server.log.appender.wait-time.min = 10ms (default)
2023-03-17 00:25:09,763 [s0-server-thread1] INFO  grpc.GrpcConfigKeys (ConfUtils.java:logGet(46)) - raft.grpc.server.leader.outstanding.appends.max = 128 (default)
2023-03-17 00:25:09,763 [s0-server-thread1] INFO  server.RaftServerConfigKeys (ConfUtils.java:logGet(46)) - raft.server.rpc.request.timeout = 3000ms (default)
2023-03-17 00:25:09,763 [s0-server-thread1] INFO  grpc.GrpcConfigKeys (ConfUtils.java:logGet(46)) - raft.grpc.server.install_snapshot.request.element-limit = 8 (default)
2023-03-17 00:25:09,763 [s0-server-thread1] INFO  grpc.GrpcConfigKeys (ConfUtils.java:logGet(46)) - raft.grpc.server.install_snapshot.request.timeout = 3000ms (default)
2023-03-17 00:25:09,763 [s0-server-thread1] INFO  server.RaftServerConfigKeys (ConfUtils.java:logGet(46)) - raft.server.log.appender.install.snapshot.enabled = true (default)
2023-03-17 00:25:09,763 [s0-server-thread1] INFO  grpc.GrpcConfigKeys (ConfUtils.java:logGet(46)) - raft.grpc.server.heartbeat.channel = true (default)
2023-03-17 00:25:09,764 [s0@group-7D1B7C265713->s1-GrpcLogAppender-LogAppenderDaemon] INFO  leader.FollowerInfo (FollowerInfoImpl.java:setAttemptedToInstallSnapshot(126)) - Follower s0@group-7D1B7C265713->s1 acknowledged installing snapshot
2023-03-17 00:25:09,764 [s0@group-7D1B7C265713->s1-GrpcLogAppender-LogAppenderDaemon] INFO  server.GrpcServerProtocolClient (GrpcServerProtocolClient.java:<init>(64)) - Build channel for s1
2023-03-17 00:25:09,772 [s1-server-thread1] INFO  server.RaftServer$Division (ServerState.java:setLeader(260)) - s1@group-7D1B7C265713: change Leader from null to s0 at term 1 for appendEntries, leader elected after 29ms
2023-03-17 00:25:09,776 [s1-server-thread2] DEBUG server.RaftServer$Division (RaftServerImpl.java:logAppendEntries(1430)) - s1@group-7D1B7C265713: receive appendEntries(s0, 1, null, 40, false, commits:[s0:c40, s1:c-1], cId:1, entries: [(t:1, i:0), CONFIGURATIONENTRY(current:id: "s0"
address: "localhost:43813"
dataStreamAddress: "localhost:37441"
clientAddress: "localhost:33839"
adminAddress: "localhost:36829"
startupRole: FOLLOWER
, old:), (t:1, i:1), STATEMACHINELOGENTRY, 78@client-16117C81E66E, (t:1, i:2), METADATAENTRY(c:1), (t:1, i:3), STATEMACHINELOGENTRY, 79@client-16117C81E66E, (t:1, i:4), METADATAENTRY(c:3), (t:1, i:5), STATEMACHINELOGENTRY, 80@client-16117C81E66E, (t:1, i:6), METADATAENTRY(c:5), (t:1, i:7), STATEMACHINELOGENTRY, 81@client-16117C81E66E, (t:1, i:8), METADATAENTRY(c:7), (t:1, i:9), STATEMACHINELOGENTRY, 82@client-16117C81E66E, (t:1, i:10), METADATAENTRY(c:9), (t:1, i:11), STATEMACHINELOGENTRY, 83@client-16117C81E66E, (t:1, i:12), METADATAENTRY(c:11), (t:1, i:13), STATEMACHINELOGENTRY, 84@client-16117C81E66E, (t:1, i:14), METADATAENTRY(c:13), (t:1, i:15), STATEMACHINELOGENTRY, 85@client-16117C81E66E, (t:1, i:16), METADATAENTRY(c:15), (t:1, i:17), STATEMACHINELOGENTRY, 86@client-16117C81E66E, (t:1, i:18), METADATAENTRY(c:17), (t:1, i:19), STATEMACHINELOGENTRY, 87@client-16117C81E66E, (t:1, i:20), METADATAENTRY(c:19), (t:1, i:21), STATEMACHINELOGENTRY, 88@client-16117C81E66E, (t:1, i:22), METADATAENTRY(c:21), (t:1, i:23), STATEMACHINELOGENTRY, 89@client-16117C81E66E, (t:1, i:24), METADATAENTRY(c:23), (t:1, i:25), STATEMACHINELOGENTRY, 90@client-16117C81E66E, (t:1, i:26), METADATAENTRY(c:25), (t:1, i:27), STATEMACHINELOGENTRY, 91@client-16117C81E66E, (t:1, i:28), METADATAENTRY(c:27), (t:1, i:29), STATEMACHINELOGENTRY, 92@client-16117C81E66E, (t:1, i:30), METADATAENTRY(c:29), (t:1, i:31), STATEMACHINELOGENTRY, 93@client-16117C81E66E, (t:1, i:32), METADATAENTRY(c:31), (t:1, i:33), STATEMACHINELOGENTRY, 94@client-16117C81E66E, (t:1, i:34), METADATAENTRY(c:33), (t:1, i:35), STATEMACHINELOGENTRY, 95@client-16117C81E66E, (t:1, i:36), METADATAENTRY(c:35), (t:1, i:37), STATEMACHINELOGENTRY, 96@client-16117C81E66E, (t:1, i:38), METADATAENTRY(c:37), (t:1, i:39), STATEMACHINELOGENTRY, 97@client-16117C81E66E, (t:1, i:40), METADATAENTRY(c:39)]
2023-03-17 00:25:09,776 [s1-server-thread2] INFO  server.RaftServer$Division (ServerState.java:setRaftConf(378)) - s1@group-7D1B7C265713: set configuration 0: peers:[s0|rpc:localhost:43813|admin:localhost:36829|client:localhost:33839|dataStream:localhost:37441|priority:0|startupRole:FOLLOWER]|listeners:[], old=null
2023-03-17 00:25:09,776 [s1-server-thread2] INFO  segmented.SegmentedRaftLogWorker (SegmentedRaftLogWorker.java:startLogSegment(426)) - s1@group-7D1B7C265713-SegmentedRaftLogWorker: Starting segment from index:0
2023-03-17 00:25:09,786 [s1@group-7D1B7C265713-SegmentedRaftLogWorker] INFO  segmented.SegmentedRaftLogWorker (SegmentedRaftLogWorker.java:execute(630)) - s1@group-7D1B7C265713-SegmentedRaftLogWorker: created new log segment /home/runner/work/ratis/ratis/ratis-test/target/test/data/ce6527c6/MiniRaftClusterWithGrpc84744dc8/s1/84bc1d88-0fe0-425f-bfcd-7d1b7c265713/current/log_inprogress_0
2023-03-17 00:25:09,788 [s1-server-thread2] DEBUG server.RaftServer$Division (RaftServerImpl.java:logAppendEntries(1430)) - s1@group-7D1B7C265713: succeeded to handle AppendEntries. Reply: s0<-s1#1:OK-t1,SUCCESS,nextIndex=41,followerCommit=40,matchIndex=40
2023-03-17 00:25:09,790 [s0@group-7D1B7C265713-LeaderStateImpl] INFO  server.RaftServer$Division (ServerState.java:setRaftConf(378)) - s0@group-7D1B7C265713: set configuration 41: peers:[s0|rpc:localhost:43813|admin:localhost:36829|client:localhost:33839|dataStream:localhost:37441|priority:0|startupRole:FOLLOWER, s1|rpc:0.0.0.0:40585|dataStream:|priority:0|startupRole:FOLLOWER]|listeners:[], old=peers:[s0|rpc:localhost:43813|admin:localhost:36829|client:localhost:33839|dataStream:localhost:37441|priority:0|startupRole:FOLLOWER]|listeners:[]
2023-03-17 00:25:09,790 [s1-server-thread2] DEBUG server.RaftServer$Division (RaftServerImpl.java:logAppendEntries(1430)) - s1@group-7D1B7C265713: receive appendEntries(s0, 1, (t:1, i:40), 40, false, commits:[s0:c40, s1:c40], cId:2996, entries: [(t:1, i:41), CONFIGURATIONENTRY(current:id: "s0"
address: "localhost:43813"
dataStreamAddress: "localhost:37441"
clientAddress: "localhost:33839"
adminAddress: "localhost:36829"
startupRole: FOLLOWER
,id: "s1"
address: "0.0.0.0:40585"
clientAddress: "0.0.0.0:40585"
adminAddress: "0.0.0.0:40585"
startupRole: FOLLOWER
, old:id: "s0"
address: "localhost:43813"
dataStreamAddress: "localhost:37441"
clientAddress: "localhost:33839"
adminAddress: "localhost:36829"
startupRole: FOLLOWER
)]
2023-03-17 00:25:09,791 [s1-server-thread2] INFO  server.RaftServer$Division (ServerState.java:setRaftConf(378)) - s1@group-7D1B7C265713: set configuration 41: peers:[s0|rpc:localhost:43813|admin:localhost:36829|client:localhost:33839|dataStream:localhost:37441|priority:0|startupRole:FOLLOWER, s1|rpc:0.0.0.0:40585|dataStream:|priority:0|startupRole:FOLLOWER]|listeners:[], old=peers:[s0|rpc:localhost:43813|admin:localhost:36829|client:localhost:33839|dataStream:localhost:37441|priority:0|startupRole:FOLLOWER]|listeners:[]
2023-03-17 00:25:09,791 [s1-server-thread2] DEBUG server.RaftServer$Division (RaftServerImpl.java:logAppendEntries(1430)) - s1@group-7D1B7C265713: succeeded to handle AppendEntries. Reply: s0<-s1#2996:OK-t1,SUCCESS,nextIndex=42,followerCommit=40,matchIndex=41
2023-03-17 00:25:09,791 [s0@group-7D1B7C265713-LeaderStateImpl] INFO  server.RaftServer$Division (ServerState.java:setRaftConf(378)) - s0@group-7D1B7C265713: set configuration 43: peers:[s0|rpc:localhost:43813|admin:localhost:36829|client:localhost:33839|dataStream:localhost:37441|priority:0|startupRole:FOLLOWER, s1|rpc:0.0.0.0:40585|dataStream:|priority:0|startupRole:FOLLOWER]|listeners:[], old=null
2023-03-17 00:25:09,801 [s1-server-thread2] DEBUG server.RaftServer$Division (RaftServerImpl.java:logAppendEntries(1430)) - s1@group-7D1B7C265713: receive appendEntries(s0, 1, (t:1, i:41), 41, true, commits:[s0:c41, s1:c40], cId:2997, entries: [(t:1, i:42), METADATAENTRY(c:41), (t:1, i:43), CONFIGURATIONENTRY(current:id: "s0"
address: "localhost:43813"
dataStreamAddress: "localhost:37441"
clientAddress: "localhost:33839"
adminAddress: "localhost:36829"
startupRole: FOLLOWER
,id: "s1"
address: "0.0.0.0:40585"
clientAddress: "0.0.0.0:40585"
adminAddress: "0.0.0.0:40585"
startupRole: FOLLOWER
, old:)]
2023-03-17 00:25:09,801 [s1-server-thread2] INFO  server.RaftServer$Division (ServerState.java:setRaftConf(378)) - s1@group-7D1B7C265713: set configuration 43: peers:[s0|rpc:localhost:43813|admin:localhost:36829|client:localhost:33839|dataStream:localhost:37441|priority:0|startupRole:FOLLOWER, s1|rpc:0.0.0.0:40585|dataStream:|priority:0|startupRole:FOLLOWER]|listeners:[], old=null
2023-03-17 00:25:09,802 [s1-server-thread2] DEBUG server.RaftServer$Division (RaftServerImpl.java:logAppendEntries(1430)) - s1@group-7D1B7C265713: succeeded to handle AppendEntries. Reply: s0<-s1#2997:OK-t1,SUCCESS,nextIndex=44,followerCommit=41,matchIndex=43
2023-03-17 00:25:09,811 [s1-server-thread2] DEBUG server.RaftServer$Division (RaftServerImpl.java:logAppendEntries(1430)) - s1@group-7D1B7C265713: receive appendEntries(s0, 1, (t:1, i:43), 43, true, commits:[s0:c43, s1:c41], cId:2998, entries: [(t:1, i:44), METADATAENTRY(c:43)]
2023-03-17 00:25:09,812 [s1-server-thread2] DEBUG server.RaftServer$Division (RaftServerImpl.java:logAppendEntries(1430)) - s1@group-7D1B7C265713: succeeded to handle AppendEntries. Reply: s0<-s1#2998:OK-t1,SUCCESS,nextIndex=45,followerCommit=43,matchIndex=44
2023-03-17 00:25:10,759 [Time-limited test] INFO  grpc.TestRaftReconfigurationWithGrpc (RaftReconfigurationBaseTest.java:runTestBootstrapReconf(423)) - start new peer(s): s1|rpc:0.0.0.0:40585|priority:0|startupRole:FOLLOWER
2023-03-17 00:25:10,759 [Time-limited test] INFO  impl.MiniRaftCluster (MiniRaftCluster.java:killServer(533)) - killServer s1
2023-03-17 00:25:10,760 [Time-limited test] INFO  server.RaftServer (RaftServerProxy.java:lambda$close$7(417)) - s1: close
2023-03-17 00:25:10,760 [Time-limited test] INFO  server.GrpcService (GrpcService.java:closeImpl(311)) - s1: shutdown server GrpcServerProtocolService now
2023-03-17 00:25:10,760 [s1-impl-thread1] INFO  server.RaftServer$Division (RaftServerImpl.java:lambda$close$4(466)) - s1@group-7D1B7C265713: shutdown
2023-03-17 00:25:10,760 [s1-impl-thread1] INFO  util.JmxRegister (JmxRegister.java:unregister(73)) - Successfully un-registered JMX Bean with object name Ratis:service=RaftServer,group=group-7D1B7C265713,id=s1
2023-03-17 00:25:10,760 [s1-impl-thread1] INFO  impl.RoleInfo (RoleInfo.java:shutdownFollowerState(110)) - s1: shutdown s1@group-7D1B7C265713-FollowerState
2023-03-17 00:25:10,760 [s1-impl-thread1] INFO  impl.StateMachineUpdater (StateMachineUpdater.java:stopAndJoin(154)) - s1@group-7D1B7C265713-StateMachineUpdater: set stopIndex = 44
2023-03-17 00:25:10,760 [s1@group-7D1B7C265713-FollowerState] INFO  impl.FollowerState (FollowerState.java:run(152)) - s1@group-7D1B7C265713-FollowerState was interrupted
2023-03-17 00:25:10,760 [s1-impl-thread1] INFO  server.RaftServer$Division (ServerState.java:close(414)) - s1@group-7D1B7C265713: applyIndex: 44
2023-03-17 00:25:10,761 [grpc-default-executor-4] WARN  server.GrpcServerProtocolService (LogUtils.java:warn(122)) - s1: APPEND_ENTRIES onError, lastRequest: s0->s1#2998-t1,previous=(t:1, i:43),leaderCommit=43,initializing? true,entries: size=1, first=(t:1, i:44), METADATAENTRY(c:43): org.apache.ratis.thirdparty.io.grpc.StatusRuntimeException: CANCELLED: client cancelled
2023-03-17 00:25:10,761 [grpc-default-executor-6] WARN  server.GrpcLogAppender (LogUtils.java:warn(122)) - s0@group-7D1B7C265713->s1-AppendLogResponseHandler: Failed appendEntries: org.apache.ratis.thirdparty.io.grpc.StatusRuntimeException: CANCELLED: RST_STREAM closed stream. HTTP/2 error code: CANCEL
2023-03-17 00:25:10,761 [grpc-default-executor-6] INFO  leader.FollowerInfo (FollowerInfoImpl.java:lambda$new$0(52)) - s0@group-7D1B7C265713->s1: decreaseNextIndex nextIndex: updateUnconditionally 45 -> 44
2023-03-17 00:25:10,761 [grpc-default-executor-0] WARN  server.GrpcServerProtocolService (LogUtils.java:warn(122)) - s1: APPEND_ENTRIES onError, lastRequest: null: org.apache.ratis.thirdparty.io.grpc.StatusRuntimeException: CANCELLED: client cancelled
2023-03-17 00:25:10,761 [grpc-default-executor-0] WARN  server.GrpcLogAppender (LogUtils.java:warn(122)) - s0@group-7D1B7C265713->s1-AppendLogResponseHandler: Failed appendEntries: org.apache.ratis.thirdparty.io.grpc.StatusRuntimeException: CANCELLED: RST_STREAM closed stream. HTTP/2 error code: CANCEL
2023-03-17 00:25:10,762 [grpc-default-executor-7] WARN  server.GrpcLogAppender (LogUtils.java:warn(122)) - s0@group-7D1B7C265713->s1-AppendLogResponseHandler: Failed appendEntries: org.apache.ratis.thirdparty.io.grpc.StatusRuntimeException: UNAVAILABLE: io exception
2023-03-17 00:25:10,762 [grpc-default-executor-6] WARN  server.GrpcLogAppender (LogUtils.java:warn(122)) - s0@group-7D1B7C265713->s1-AppendLogResponseHandler: Failed appendEntries: org.apache.ratis.thirdparty.io.grpc.StatusRuntimeException: UNAVAILABLE: io exception
2023-03-17 00:25:10,762 [grpc-default-executor-0] INFO  leader.FollowerInfo (FollowerInfoImpl.java:lambda$new$0(52)) - s0@group-7D1B7C265713->s1: decreaseNextIndex nextIndex: updateUnconditionally 45 -> 44
2023-03-17 00:25:10,762 [grpc-default-executor-7] INFO  leader.FollowerInfo (FollowerInfoImpl.java:lambda$new$0(52)) - s0@group-7D1B7C265713->s1: decreaseNextIndex nextIndex: updateUnconditionally 44 -> 43
2023-03-17 00:25:10,762 [grpc-default-executor-6] INFO  leader.FollowerInfo (FollowerInfoImpl.java:lambda$new$0(52)) - s0@group-7D1B7C265713->s1: decreaseNextIndex nextIndex: updateUnconditionally 43 -> 42
2023-03-17 00:25:10,762 [Time-limited test] INFO  server.GrpcService (GrpcService.java:closeImpl(320)) - s1: shutdown server GrpcServerProtocolService successfully
2023-03-17 00:25:10,797 [grpc-default-executor-7] WARN  server.GrpcLogAppender (LogUtils.java:warn(122)) - s0@group-7D1B7C265713->s1-AppendLogResponseHandler: Failed appendEntries: org.apache.ratis.thirdparty.io.grpc.StatusRuntimeException: UNAVAILABLE: io exception
2023-03-17 00:25:10,797 [grpc-default-executor-6] WARN  server.GrpcLogAppender (LogUtils.java:warn(122)) - s0@group-7D1B7C265713->s1-AppendLogResponseHandler: Failed appendEntries: org.apache.ratis.thirdparty.io.grpc.StatusRuntimeException: UNAVAILABLE: io exception
2023-03-17 00:25:10,797 [grpc-default-executor-7] INFO  leader.FollowerInfo (FollowerInfoImpl.java:lambda$new$0(52)) - s0@group-7D1B7C265713->s1: decreaseNextIndex nextIndex: updateUnconditionally 42 -> 41
2023-03-17 00:25:10,798 [grpc-default-executor-6] INFO  leader.FollowerInfo (FollowerInfoImpl.java:lambda$new$0(52)) - s0@group-7D1B7C265713->s1: decreaseNextIndex nextIndex: updateUnconditionally 41 -> 40
2023-03-17 00:25:10,798 [grpc-default-executor-6] WARN  server.GrpcLogAppender (LogUtils.java:warn(122)) - s0@group-7D1B7C265713->s1-AppendLogResponseHandler: Failed appendEntries: org.apache.ratis.thirdparty.io.grpc.StatusRuntimeException: UNAVAILABLE: io exception
2023-03-17 00:25:10,798 [grpc-default-executor-7] WARN  server.GrpcLogAppender (LogUtils.java:warn(122)) - s0@group-7D1B7C265713->s1-AppendLogResponseHandler: Failed appendEntries: org.apache.ratis.thirdparty.io.grpc.StatusRuntimeException: UNAVAILABLE: io exception
2023-03-17 00:25:10,798 [grpc-default-executor-6] INFO  leader.FollowerInfo (FollowerInfoImpl.java:lambda$new$0(52)) - s0@group-7D1B7C265713->s1: decreaseNextIndex nextIndex: updateUnconditionally 40 -> 39
2023-03-17 00:25:10,799 [grpc-default-executor-7] INFO  leader.FollowerInfo (FollowerInfoImpl.java:lambda$new$0(52)) - s0@group-7D1B7C265713->s1: decreaseNextIndex nextIndex: updateUnconditionally 39 -> 38
2023-03-17 00:25:10,808 [grpc-default-executor-7] WARN  server.GrpcLogAppender (LogUtils.java:warn(122)) - s0@group-7D1B7C265713->s1-AppendLogResponseHandler: Failed appendEntries: org.apache.ratis.thirdparty.io.grpc.StatusRuntimeException: UNAVAILABLE: io exception
2023-03-17 00:25:10,808 [grpc-default-executor-6] WARN  server.GrpcLogAppender (LogUtils.java:warn(122)) - s0@group-7D1B7C265713->s1-AppendLogResponseHandler: Failed appendEntries: org.apache.ratis.thirdparty.io.grpc.StatusRuntimeException: UNAVAILABLE: io exception
2023-03-17 00:25:10,809 [grpc-default-executor-7] INFO  leader.FollowerInfo (FollowerInfoImpl.java:lambda$new$0(52)) - s0@group-7D1B7C265713->s1: decreaseNextIndex nextIndex: updateUnconditionally 45 -> 44
2023-03-17 00:25:10,809 [grpc-default-executor-6] INFO  leader.FollowerInfo (FollowerInfoImpl.java:lambda$new$0(52)) - s0@group-7D1B7C265713->s1: decreaseNextIndex nextIndex: updateUnconditionally 44 -> 43
2023-03-17 00:25:10,813 [s1-impl-thread1] INFO  segmented.SegmentedRaftLogWorker (SegmentedRaftLogWorker.java:close(242)) - s1@group-7D1B7C265713-SegmentedRaftLogWorker close()
2023-03-17 00:25:10,813 [JvmPauseMonitor70] INFO  util.JvmPauseMonitor (JvmPauseMonitor.java:run(109)) - JvmPauseMonitor-s1: Stopped
2023-03-17 00:25:10,813 [Time-limited test] INFO  impl.MiniRaftCluster (MiniRaftCluster.java:newRaftServer(382)) - newRaftServer: s1, group-7D1B7C265713:[s0|rpc:localhost:43813|admin:localhost:36829|client:localhost:33839|dataStream:localhost:37441|priority:0|startupRole:FOLLOWER, s1|rpc:0.0.0.0:40585|priority:0|startupRole:FOLLOWER], format? true
2023-03-17 00:25:10,813 [Time-limited test] TRACE util.FileUtils (FileUtils.java:deleteFully(201)) - deleteFully target/test/data/ce6527c6/MiniRaftClusterWithGrpc84744dc8/s1
2023-03-17 00:25:10,814 [Time-limited test] TRACE util.FileUtils (LogUtils.java:runAndLog(49)) - Successfully ran Files.delete target/test/data/ce6527c6/MiniRaftClusterWithGrpc84744dc8/s1/84bc1d88-0fe0-425f-bfcd-7d1b7c265713/in_use.lock
2023-03-17 00:25:10,814 [Time-limited test] TRACE util.FileUtils (LogUtils.java:runAndLog(49)) - Successfully ran Files.delete target/test/data/ce6527c6/MiniRaftClusterWithGrpc84744dc8/s1/84bc1d88-0fe0-425f-bfcd-7d1b7c265713/sm
2023-03-17 00:25:10,814 [Time-limited test] TRACE util.FileUtils (LogUtils.java:runAndLog(49)) - Successfully ran Files.delete target/test/data/ce6527c6/MiniRaftClusterWithGrpc84744dc8/s1/84bc1d88-0fe0-425f-bfcd-7d1b7c265713/current/raft-meta.conf
2023-03-17 00:25:10,814 [Time-limited test] TRACE util.FileUtils (LogUtils.java:runAndLog(49)) - Successfully ran Files.delete target/test/data/ce6527c6/MiniRaftClusterWithGrpc84744dc8/s1/84bc1d88-0fe0-425f-bfcd-7d1b7c265713/current/raft-meta
2023-03-17 00:25:10,814 [Time-limited test] TRACE util.FileUtils (LogUtils.java:runAndLog(49)) - Successfully ran Files.delete target/test/data/ce6527c6/MiniRaftClusterWithGrpc84744dc8/s1/84bc1d88-0fe0-425f-bfcd-7d1b7c265713/current/log_inprogress_0
2023-03-17 00:25:10,814 [Time-limited test] TRACE util.FileUtils (LogUtils.java:runAndLog(49)) - Successfully ran Files.delete target/test/data/ce6527c6/MiniRaftClusterWithGrpc84744dc8/s1/84bc1d88-0fe0-425f-bfcd-7d1b7c265713/current
2023-03-17 00:25:10,814 [Time-limited test] TRACE util.FileUtils (LogUtils.java:runAndLog(49)) - Successfully ran Files.delete target/test/data/ce6527c6/MiniRaftClusterWithGrpc84744dc8/s1/84bc1d88-0fe0-425f-bfcd-7d1b7c265713
2023-03-17 00:25:10,814 [Time-limited test] TRACE util.FileUtils (LogUtils.java:runAndLog(49)) - Successfully ran Files.delete target/test/data/ce6527c6/MiniRaftClusterWithGrpc84744dc8/s1
2023-03-17 00:25:10,814 [Time-limited test] INFO  impl.MiniRaftCluster (MiniRaftCluster.java:newRaftServer(387)) - Formatted directory target/test/data/ce6527c6/MiniRaftClusterWithGrpc84744dc8/s1
2023-03-17 00:25:10,814 [Time-limited test] INFO  server.RaftServer (ConfUtils.java:logGet(46)) - raft.rpc.type = GRPC (default)
2023-03-17 00:25:10,814 [Time-limited test] INFO  grpc.GrpcConfigKeys (ConfUtils.java:logFallback(53)) - raft.grpc.admin.host = null (fallback to raft.grpc.server.host)
2023-03-17 00:25:10,814 [Time-limited test] INFO  grpc.GrpcConfigKeys (ConfUtils.java:logGet(46)) - raft.grpc.admin.port = 40585 (custom)
2023-03-17 00:25:10,815 [Time-limited test] INFO  grpc.GrpcConfigKeys (ConfUtils.java:logFallback(53)) - raft.grpc.client.host = null (fallback to raft.grpc.server.host)
2023-03-17 00:25:10,815 [Time-limited test] INFO  grpc.GrpcConfigKeys (ConfUtils.java:logGet(46)) - raft.grpc.client.port = 40585 (custom)
2023-03-17 00:25:10,815 [Time-limited test] INFO  grpc.GrpcConfigKeys (ConfUtils.java:logGet(46)) - raft.grpc.server.host = null (default)
2023-03-17 00:25:10,815 [Time-limited test] INFO  grpc.GrpcConfigKeys (ConfUtils.java:logGet(46)) - raft.grpc.server.port = 40585 (custom)
2023-03-17 00:25:10,815 [Time-limited test] INFO  server.GrpcService (ConfUtils.java:logGet(46)) - raft.grpc.message.size.max = 64MB (=67108864) (default)
2023-03-17 00:25:10,815 [Time-limited test] INFO  server.RaftServerConfigKeys (ConfUtils.java:logGet(46)) - raft.server.log.appender.buffer.byte-limit = 4MB (=4194304) (default)
2023-03-17 00:25:10,815 [Time-limited test] INFO  server.GrpcService (ConfUtils.java:logGet(46)) - raft.grpc.flow.control.window = 1MB (=1048576) (default)
2023-03-17 00:25:10,815 [Time-limited test] INFO  server.RaftServerConfigKeys (ConfUtils.java:logGet(46)) - raft.server.rpc.request.timeout = 3000ms (default)
2023-03-17 00:25:10,815 [Time-limited test] INFO  grpc.GrpcConfigKeys (ConfUtils.java:logGet(46)) - raft.grpc.server.heartbeat.channel = true (default)
2023-03-17 00:25:10,815 [Time-limited test] INFO  grpc.GrpcConfigKeys (ConfUtils.java:logGet(46)) - raft.grpc.server.async.request.thread.pool.cached = true (default)
2023-03-17 00:25:10,815 [Time-limited test] INFO  grpc.GrpcConfigKeys (ConfUtils.java:logGet(46)) - raft.grpc.server.async.request.thread.pool.size = 32 (default)
2023-03-17 00:25:10,815 [Time-limited test] INFO  impl.DataStreamServerImpl (ConfUtils.java:logGet(46)) - raft.datastream.type = DISABLED (default)
2023-03-17 00:25:10,815 [Time-limited test] INFO  server.RaftServerConfigKeys (ConfUtils.java:logGet(46)) - raft.server.threadpool.proxy.cached = true (default)
2023-03-17 00:25:10,815 [Time-limited test] INFO  server.RaftServerConfigKeys (ConfUtils.java:logGet(46)) - raft.server.threadpool.proxy.size = 0 (default)
2023-03-17 00:25:10,815 [Time-limited test] INFO  server.RaftServerConfigKeys (ConfUtils.java:logGet(46)) - raft.server.rpc.slowness.timeout = 60s (default)
2023-03-17 00:25:10,816 [Time-limited test] INFO  server.RaftServerConfigKeys (ConfUtils.java:logGet(46)) - raft.server.leaderelection.leader.step-down.wait-time = 10s (default)
2023-03-17 00:25:10,816 [Time-limited test] INFO  server.RaftServerConfigKeys (ConfUtils.java:logGet(46)) - raft.server.storage.dir = [/home/runner/work/ratis/ratis/ratis-test/target/test/data/ce6527c6/MiniRaftClusterWithGrpc84744dc8/s1] (custom)
2023-03-17 00:25:10,816 [Time-limited test] INFO  server.RaftServer (RaftServerProxy.java:addNew(99)) - s1: addNew group-7D1B7C265713:[s0|rpc:localhost:43813|admin:localhost:36829|client:localhost:33839|dataStream:localhost:37441|priority:0|startupRole:FOLLOWER, s1|rpc:0.0.0.0:40585|priority:0|startupRole:FOLLOWER] returns group-7D1B7C265713:java.util.concurrent.CompletableFuture@3f677fc7[Not completed]
2023-03-17 00:25:10,816 [s1-groupManagement] INFO  server.RaftServer$Division (RaftServerImpl.java:<init>(198)) - s1: new RaftServerImpl for group-7D1B7C265713:[s0|rpc:localhost:43813|admin:localhost:36829|client:localhost:33839|dataStream:localhost:37441|priority:0|startupRole:FOLLOWER, s1|rpc:0.0.0.0:40585|priority:0|startupRole:FOLLOWER] with BaseStateMachine:uninitialized
2023-03-17 00:25:10,816 [s1-groupManagement] INFO  server.RaftServerConfigKeys (ConfUtils.java:logGet(46)) - raft.server.rpc.timeout.min = 150ms (default)
2023-03-17 00:25:10,816 [s1-groupManagement] INFO  server.RaftServerConfigKeys (ConfUtils.java:logGet(46)) - raft.server.rpc.timeout.max = 300ms (default)
2023-03-17 00:25:10,816 [s1-groupManagement] INFO  server.RaftServerConfigKeys (ConfUtils.java:logGet(46)) - raft.server.rpc.sleep.time = 25ms (default)
2023-03-17 00:25:10,816 [s1-groupManagement] INFO  server.RaftServerConfigKeys (ConfUtils.java:logGet(46)) - raft.server.rpc.slowness.timeout = 60s (default)
2023-03-17 00:25:10,816 [s1-groupManagement] INFO  server.RaftServerConfigKeys (ConfUtils.java:logGet(46)) - raft.server.leaderelection.leader.step-down.wait-time = 10s (default)
2023-03-17 00:25:10,816 [s1-groupManagement] INFO  server.RaftServerConfigKeys (ConfUtils.java:logGet(46)) - raft.server.sleep.deviation.threshold = 300ms (default)
2023-03-17 00:25:10,816 [s1-groupManagement] INFO  server.RaftServer$Division (ServerState.java:<init>(113)) - s1@group-7D1B7C265713: ConfigurationManager, init=-1: peers:[s0|rpc:localhost:43813|admin:localhost:36829|client:localhost:33839|dataStream:localhost:37441|priority:0|startupRole:FOLLOWER, s1|rpc:0.0.0.0:40585|priority:0|startupRole:FOLLOWER]|listeners:[], old=null, confs=<EMPTY_MAP>
2023-03-17 00:25:10,816 [s1-groupManagement] INFO  server.RaftServerConfigKeys (ConfUtils.java:logGet(46)) - raft.server.notification.no-leader.timeout = 60s (default)
2023-03-17 00:25:10,816 [s1-groupManagement] INFO  server.RaftServerConfigKeys (ConfUtils.java:logGet(46)) - raft.server.read.timeout = 10s (default)
2023-03-17 00:25:10,816 [s1-groupManagement] INFO  server.RaftServerConfigKeys (ConfUtils.java:logGet(46)) - raft.server.retrycache.expirytime = 60s (default)
2023-03-17 00:25:10,816 [s1-groupManagement] INFO  server.RaftServerConfigKeys (ConfUtils.java:logGet(46)) - raft.server.retrycache.statistics.expirytime = 100μs (default)
2023-03-17 00:25:10,817 [s1-groupManagement] INFO  server.RaftServerConfigKeys (ConfUtils.java:logGet(46)) - raft.server.read.option = DEFAULT (default)
2023-03-17 00:25:10,817 [s1-groupManagement] INFO  server.RaftServerConfigKeys (ConfUtils.java:logGet(46)) - raft.server.log.appender.install.snapshot.enabled = true (default)
2023-03-17 00:25:10,817 [s1-groupManagement] INFO  server.RaftServerConfigKeys (ConfUtils.java:logGet(46)) - raft.server.threadpool.server.cached = true (default)
2023-03-17 00:25:10,817 [s1-groupManagement] INFO  server.RaftServerConfigKeys (ConfUtils.java:logGet(46)) - raft.server.threadpool.server.size = 0 (default)
2023-03-17 00:25:10,817 [s1-groupManagement] INFO  server.RaftServerConfigKeys (ConfUtils.java:logGet(46)) - raft.server.threadpool.client.cached = true (default)
2023-03-17 00:25:10,817 [s1-groupManagement] INFO  server.RaftServerConfigKeys (ConfUtils.java:logGet(46)) - raft.server.threadpool.client.size = 0 (default)
2023-03-17 00:25:10,817 [s1-impl-thread1] INFO  server.RaftServerConfigKeys (ConfUtils.java:logGet(46)) - raft.server.storage.free-space.min = 0MB (=0) (default)
2023-03-17 00:25:10,817 [s1-impl-thread1] INFO  server.RaftServerConfigKeys (ConfUtils.java:logGet(46)) - raft.server.log.corruption.policy = EXCEPTION (default)
2023-03-17 00:25:10,817 [s1-impl-thread1] INFO  server.RaftServerConfigKeys (ConfUtils.java:logGet(46)) - raft.server.storage.dir = [/home/runner/work/ratis/ratis/ratis-test/target/test/data/ce6527c6/MiniRaftClusterWithGrpc84744dc8/s1] (custom)
2023-03-17 00:25:10,817 [s1-impl-thread1] INFO  storage.RaftStorageDirectory (RaftStorageDirectoryImpl.java:analyzeStorage(138)) - The storage directory /home/runner/work/ratis/ratis/ratis-test/target/test/data/ce6527c6/MiniRaftClusterWithGrpc84744dc8/s1/84bc1d88-0fe0-425f-bfcd-7d1b7c265713 does not exist. Creating ...
2023-03-17 00:25:10,818 [s1-impl-thread1] TRACE util.FileUtils (LogUtils.java:runAndLog(49)) - Successfully ran Files.createDirectories /home/runner/work/ratis/ratis/ratis-test/target/test/data/ce6527c6/MiniRaftClusterWithGrpc84744dc8/s1/84bc1d88-0fe0-425f-bfcd-7d1b7c265713
2023-03-17 00:25:10,819 [s1-impl-thread1] INFO  storage.RaftStorageDirectory (RaftStorageDirectoryImpl.java:tryLock(232)) - Lock on /home/runner/work/ratis/ratis/ratis-test/target/test/data/ce6527c6/MiniRaftClusterWithGrpc84744dc8/s1/84bc1d88-0fe0-425f-bfcd-7d1b7c265713/in_use.lock acquired by nodename 10276@fv-az426-358
2023-03-17 00:25:10,819 [s1-impl-thread1] TRACE util.FileUtils (LogUtils.java:runAndLog(49)) - Successfully ran Files.createDirectories /home/runner/work/ratis/ratis/ratis-test/target/test/data/ce6527c6/MiniRaftClusterWithGrpc84744dc8/s1/84bc1d88-0fe0-425f-bfcd-7d1b7c265713/current
2023-03-17 00:25:10,819 [s1-impl-thread1] TRACE util.FileUtils (LogUtils.java:runAndLog(49)) - Successfully ran Files.createDirectories /home/runner/work/ratis/ratis/ratis-test/target/test/data/ce6527c6/MiniRaftClusterWithGrpc84744dc8/s1/84bc1d88-0fe0-425f-bfcd-7d1b7c265713/sm
2023-03-17 00:25:10,820 [s1-impl-thread1] INFO  storage.RaftStorage (RaftStorageImpl.java:format(96)) - Storage directory /home/runner/work/ratis/ratis/ratis-test/target/test/data/ce6527c6/MiniRaftClusterWithGrpc84744dc8/s1/84bc1d88-0fe0-425f-bfcd-7d1b7c265713 has been successfully formatted.
2023-03-17 00:25:10,820 [s1-impl-thread1] INFO  server.RaftServerConfigKeys (ConfUtils.java:logGet(46)) - raft.server.log.use.memory = false (default)
2023-03-17 00:25:10,820 [s1-impl-thread1] INFO  server.RaftServerConfigKeys (ConfUtils.java:logGet(46)) - raft.server.log.purge.gap = 1024 (default)
2023-03-17 00:25:10,820 [s1-impl-thread1] INFO  server.RaftServerConfigKeys (ConfUtils.java:logGet(46)) - raft.server.log.appender.buffer.byte-limit = 4MB (=4194304) (default)
2023-03-17 00:25:10,820 [s1-impl-thread1] INFO  server.RaftServerConfigKeys (ConfUtils.java:logGet(46)) - raft.server.log.statemachine.data.read.timeout = 1000ms (default)
2023-03-17 00:25:10,820 [s1-impl-thread1] INFO  server.RaftServerConfigKeys (ConfUtils.java:logGet(46)) - raft.server.log.purge.preservation.log.num = 0 (default)
2023-03-17 00:25:10,820 [s1-impl-thread1] INFO  server.RaftServerConfigKeys (ConfUtils.java:logGet(46)) - raft.server.log.segment.size.max = 8MB (=8388608) (default)
2023-03-17 00:25:10,820 [s1-impl-thread1] INFO  server.RaftServerConfigKeys (ConfUtils.java:logGet(46)) - raft.server.log.segment.cache.num.max = 6 (default)
2023-03-17 00:25:10,820 [s1-impl-thread1] INFO  server.RaftServerConfigKeys (ConfUtils.java:logGet(46)) - raft.server.log.segment.cache.size.max = 200MB (=209715200) (default)
2023-03-17 00:25:10,820 [s1-impl-thread1] INFO  server.RaftServerConfigKeys (ConfUtils.java:logGet(46)) - raft.server.log.appender.buffer.byte-limit = 4MB (=4194304) (default)
2023-03-17 00:25:10,820 [s1-impl-thread1] INFO  segmented.SegmentedRaftLogWorker (SegmentedRaftLogWorker.java:<init>(183)) - new s1@group-7D1B7C265713-SegmentedRaftLogWorker for RaftStorageImpl:Storage Directory /home/runner/work/ratis/ratis/ratis-test/target/test/data/ce6527c6/MiniRaftClusterWithGrpc84744dc8/s1/84bc1d88-0fe0-425f-bfcd-7d1b7c265713
2023-03-17 00:25:10,820 [s1-impl-thread1] INFO  server.RaftServerConfigKeys (ConfUtils.java:logGet(46)) - raft.server.log.queue.byte-limit = 64MB (=67108864) (default)
2023-03-17 00:25:10,820 [s1-impl-thread1] INFO  server.RaftServerConfigKeys (ConfUtils.java:logGet(46)) - raft.server.log.queue.element-limit = 4096 (default)
2023-03-17 00:25:10,820 [s1-impl-thread1] INFO  server.RaftServerConfigKeys (ConfUtils.java:logGet(46)) - raft.server.log.segment.size.max = 8MB (=8388608) (default)
2023-03-17 00:25:10,820 [s1-impl-thread1] INFO  server.RaftServerConfigKeys (ConfUtils.java:logGet(46)) - raft.server.log.preallocated.size = 4MB (=4194304) (default)
2023-03-17 00:25:10,820 [s1-impl-thread1] INFO  server.RaftServerConfigKeys (ConfUtils.java:logGet(46)) - raft.server.log.force.sync.num = 128 (default)
2023-03-17 00:25:10,820 [s1-impl-thread1] INFO  server.RaftServerConfigKeys (ConfUtils.java:logGet(46)) - raft.server.log.statemachine.data.sync = true (default)
2023-03-17 00:25:10,820 [s1-impl-thread1] INFO  server.RaftServerConfigKeys (ConfUtils.java:logGet(46)) - raft.server.log.statemachine.data.sync.timeout = 10s (default)
2023-03-17 00:25:10,820 [s1-impl-thread1] INFO  server.RaftServerConfigKeys (ConfUtils.java:logGet(46)) - raft.server.log.statemachine.data.sync.timeout.retry = -1 (default)
2023-03-17 00:25:10,820 [s1-impl-thread1] INFO  server.RaftServerConfigKeys (ConfUtils.java:logGet(46)) - raft.server.log.write.buffer.size = 64KB (=65536) (default)
2023-03-17 00:25:10,820 [s1-impl-thread1] INFO  server.RaftServerConfigKeys (ConfUtils.java:logGet(46)) - raft.server.log.appender.buffer.byte-limit = 4MB (=4194304) (default)
2023-03-17 00:25:10,821 [s1-impl-thread1] INFO  server.RaftServerConfigKeys (ConfUtils.java:logGet(46)) - raft.server.log.unsafe-flush.enabled = false (default)
2023-03-17 00:25:10,821 [s1-impl-thread1] INFO  server.RaftServerConfigKeys (ConfUtils.java:logGet(46)) - raft.server.log.async-flush.enabled = false (default)
2023-03-17 00:25:10,821 [s1-impl-thread1] INFO  server.RaftServerConfigKeys (ConfUtils.java:logGet(46)) - raft.server.log.statemachine.data.caching.enabled = false (default)
2023-03-17 00:25:10,821 [s1-impl-thread1] INFO  segmented.SegmentedRaftLogWorker (SegmentedRaftLogWorker.java:lambda$new$0(134)) - s1@group-7D1B7C265713-SegmentedRaftLogWorker: flushIndex: setUnconditionally 0 -> -1
2023-03-17 00:25:10,821 [s1-impl-thread1] INFO  segmented.SegmentedRaftLogWorker (SegmentedRaftLogWorker.java:lambda$new$0(134)) - s1@group-7D1B7C265713-SegmentedRaftLogWorker: safeCacheEvictIndex: setUnconditionally 0 -> -1
2023-03-17 00:25:10,821 [s1-impl-thread1] INFO  server.RaftServer$Division (RaftServerImpl.java:start(342)) - s1@group-7D1B7C265713: start as a follower, conf=-1: peers:[s0|rpc:localhost:43813|admin:localhost:36829|client:localhost:33839|dataStream:localhost:37441|priority:0|startupRole:FOLLOWER, s1|rpc:0.0.0.0:40585|priority:0|startupRole:FOLLOWER]|listeners:[], old=null
2023-03-17 00:25:10,822 [s1-impl-thread1] INFO  server.RaftServer$Division (RaftServerImpl.java:setRole(329)) - s1@group-7D1B7C265713: changes role from      null to FOLLOWER at term 0 for startAsFollower
2023-03-17 00:25:10,822 [s1-impl-thread1] INFO  impl.RoleInfo (RoleInfo.java:updateAndGet(139)) - s1: start s1@group-7D1B7C265713-FollowerState
2023-03-17 00:25:10,822 [s1@group-7D1B7C265713-FollowerState] INFO  server.RaftServerConfigKeys (ConfUtils.java:logFallback(53)) - raft.server.rpc.first-election.timeout.min = 150ms (fallback to raft.server.rpc.timeout.min)
2023-03-17 00:25:10,822 [s1-impl-thread1] INFO  util.JmxRegister (JmxRegister.java:tryRegister(44)) - Successfully registered JMX Bean with object name Ratis:service=RaftServer,group=group-7D1B7C265713,id=s1
2023-03-17 00:25:10,822 [s1@group-7D1B7C265713-FollowerState] INFO  server.RaftServerConfigKeys (ConfUtils.java:logFallback(53)) - raft.server.rpc.first-election.timeout.max = 300ms (fallback to raft.server.rpc.timeout.max)
2023-03-17 00:25:10,822 [s1-impl-thread1] INFO  server.RaftServerConfigKeys (ConfUtils.java:logGet(46)) - raft.server.snapshot.auto.trigger.enabled = false (default)
2023-03-17 00:25:10,822 [s1-impl-thread1] INFO  server.RaftServerConfigKeys (ConfUtils.java:logGet(46)) - raft.server.snapshot.retention.file.num = -1 (default)
2023-03-17 00:25:10,822 [s1-impl-thread1] INFO  server.RaftServerConfigKeys (ConfUtils.java:logGet(46)) - raft.server.log.purge.upto.snapshot.index = false (default)
2023-03-17 00:25:10,822 [Time-limited test] INFO  server.RaftServer (RaftServerProxy.java:startImpl(401)) - s1: start RPC server
2023-03-17 00:25:10,822 [Time-limited test] INFO  server.GrpcService (GrpcService.java:startImpl(302)) - s1: GrpcService started, listening on 40585
2023-03-17 00:25:10,823 [JvmPauseMonitor71] INFO  util.JvmPauseMonitor (JvmPauseMonitor.java:run(103)) - JvmPauseMonitor-s1: Started
2023-03-17 00:25:10,823 [Time-limited test] INFO  grpc.TestRaftReconfigurationWithGrpc (RaftReconfigurationBaseTest.java:runTestBootstrapReconf(430)) - printing ALL groups
  s0:  RUNNING    LEADER s0@group-7D1B7C265713:t1, leader=s0, voted=s0, raftlog=Memoized:s0@group-7D1B7C265713-SegmentedRaftLog:OPENED:c44, conf=43: peers:[s0|rpc:localhost:43813|admin:localhost:36829|client:localhost:33839|dataStream:localhost:37441|priority:0|startupRole:FOLLOWER, s1|rpc:0.0.0.0:40585|dataStream:|priority:0|startupRole:FOLLOWER]|listeners:[], old=null RUNNING
  s1:  RUNNING  FOLLOWER s1@group-7D1B7C265713:t0, leader=null, voted=, raftlog=Memoized:s1@group-7D1B7C265713-SegmentedRaftLog:OPENED:c-1, conf=-1: peers:[s0|rpc:localhost:43813|admin:localhost:36829|client:localhost:33839|dataStream:localhost:37441|priority:0|startupRole:FOLLOWER, s1|rpc:0.0.0.0:40585|priority:0|startupRole:FOLLOWER]|listeners:[], old=null RUNNING
2023-03-17 00:25:10,836 [grpc-default-executor-6] WARN  server.GrpcLogAppender (LogUtils.java:warn(122)) - s0@group-7D1B7C265713->s1-AppendLogResponseHandler: Failed appendEntries: org.apache.ratis.thirdparty.io.grpc.StatusRuntimeException: UNAVAILABLE: io exception
2023-03-17 00:25:10,836 [grpc-default-executor-7] WARN  server.GrpcLogAppender (LogUtils.java:warn(122)) - s0@group-7D1B7C265713->s1-AppendLogResponseHandler: Failed appendEntries: org.apache.ratis.thirdparty.io.grpc.StatusRuntimeException: UNAVAILABLE: io exception
2023-03-17 00:25:10,836 [grpc-default-executor-6] INFO  leader.FollowerInfo (FollowerInfoImpl.java:lambda$new$0(52)) - s0@group-7D1B7C265713->s1: decreaseNextIndex nextIndex: updateUnconditionally 43 -> 42
2023-03-17 00:25:10,837 [grpc-default-executor-7] INFO  leader.FollowerInfo (FollowerInfoImpl.java:lambda$new$0(52)) - s0@group-7D1B7C265713->s1: decreaseNextIndex nextIndex: updateUnconditionally 42 -> 41
2023-03-17 00:25:10,847 [s1-server-thread1] DEBUG server.RaftServer$Division (RaftServerImpl.java:logAppendEntries(1430)) - s1@group-7D1B7C265713: receive appendEntries(s0, 1, (t:1, i:40), 44, true, commits:[s0:c44, s1:c44], cId:73372, entries: [(t:1, i:41), CONFIGURATIONENTRY(current:id: "s0"
address: "localhost:43813"
dataStreamAddress: "localhost:37441"
clientAddress: "localhost:33839"
adminAddress: "localhost:36829"
startupRole: FOLLOWER
,id: "s1"
address: "0.0.0.0:40585"
clientAddress: "0.0.0.0:40585"
adminAddress: "0.0.0.0:40585"
startupRole: FOLLOWER
, old:id: "s0"
address: "localhost:43813"
dataStreamAddress: "localhost:37441"
clientAddress: "localhost:33839"
adminAddress: "localhost:36829"
startupRole: FOLLOWER
), (t:1, i:42), METADATAENTRY(c:41), (t:1, i:43), CONFIGURATIONENTRY(current:id: "s0"
address: "localhost:43813"
dataStreamAddress: "localhost:37441"
clientAddress: "localhost:33839"
adminAddress: "localhost:36829"
startupRole: FOLLOWER
,id: "s1"
address: "0.0.0.0:40585"
clientAddress: "0.0.0.0:40585"
adminAddress: "0.0.0.0:40585"
startupRole: FOLLOWER
, old:), (t:1, i:44), METADATAENTRY(c:43)]
2023-03-17 00:25:10,848 [s1-server-thread1] INFO  server.RaftServer$Division (ServerState.java:setLeader(260)) - s1@group-7D1B7C265713: change Leader from null to s0 at term 1 for appendEntries, leader elected after 31ms
2023-03-17 00:25:10,848 [s1-server-thread1] INFO  server.RaftServer$Division (RaftServerImpl.java:checkInconsistentAppendEntries(1610)) - s1@group-7D1B7C265713: Failed appendEntries as previous log entry ((t:1, i:40)) is not found
2023-03-17 00:25:10,848 [s1-server-thread1] INFO  server.RaftServer$Division (RaftServerImpl.java:checkInconsistentAppendEntries(1580)) - s1@group-7D1B7C265713: inconsistency entries. Reply:s0<-s1#73372:FAIL-t0,INCONSISTENCY,nextIndex=0,followerCommit=-1,matchIndex=-1
2023-03-17 00:25:10,848 [grpc-default-executor-7] WARN  server.GrpcLogAppender (GrpcLogAppender.java:onNextImpl(395)) - s0@group-7D1B7C265713->s1-AppendLogResponseHandler: received INCONSISTENCY reply with nextIndex 0
2023-03-17 00:25:10,849 [grpc-default-executor-7] INFO  leader.FollowerInfo (FollowerInfoImpl.java:lambda$new$0(52)) - s0@group-7D1B7C265713->s1: setNextIndex nextIndex: updateUnconditionally 45 -> 0
2023-03-17 00:25:10,858 [s1-server-thread1] DEBUG server.RaftServer$Division (RaftServerImpl.java:logAppendEntries(1430)) - s1@group-7D1B7C265713: receive appendEntries(s0, 1, null, 44, true, commits:[s0:c44, s1:c44], cId:73373, entries: [(t:1, i:0), CONFIGURATIONENTRY(current:id: "s0"
address: "localhost:43813"
dataStreamAddress: "localhost:37441"
clientAddress: "localhost:33839"
adminAddress: "localhost:36829"
startupRole: FOLLOWER
, old:), (t:1, i:1), STATEMACHINELOGENTRY, 78@client-16117C81E66E, (t:1, i:2), METADATAENTRY(c:1), (t:1, i:3), STATEMACHINELOGENTRY, 79@client-16117C81E66E, (t:1, i:4), METADATAENTRY(c:3), (t:1, i:5), STATEMACHINELOGENTRY, 80@client-16117C81E66E, (t:1, i:6), METADATAENTRY(c:5), (t:1, i:7), STATEMACHINELOGENTRY, 81@client-16117C81E66E, (t:1, i:8), METADATAENTRY(c:7), (t:1, i:9), STATEMACHINELOGENTRY, 82@client-16117C81E66E, (t:1, i:10), METADATAENTRY(c:9), (t:1, i:11), STATEMACHINELOGENTRY, 83@client-16117C81E66E, (t:1, i:12), METADATAENTRY(c:11), (t:1, i:13), STATEMACHINELOGENTRY, 84@client-16117C81E66E, (t:1, i:14), METADATAENTRY(c:13), (t:1, i:15), STATEMACHINELOGENTRY, 85@client-16117C81E66E, (t:1, i:16), METADATAENTRY(c:15), (t:1, i:17), STATEMACHINELOGENTRY, 86@client-16117C81E66E, (t:1, i:18), METADATAENTRY(c:17), (t:1, i:19), STATEMACHINELOGENTRY, 87@client-16117C81E66E, (t:1, i:20), METADATAENTRY(c:19), (t:1, i:21), STATEMACHINELOGENTRY, 88@client-16117C81E66E, (t:1, i:22), METADATAENTRY(c:21), (t:1, i:23), STATEMACHINELOGENTRY, 89@client-16117C81E66E, (t:1, i:24), METADATAENTRY(c:23), (t:1, i:25), STATEMACHINELOGENTRY, 90@client-16117C81E66E, (t:1, i:26), METADATAENTRY(c:25), (t:1, i:27), STATEMACHINELOGENTRY, 91@client-16117C81E66E, (t:1, i:28), METADATAENTRY(c:27), (t:1, i:29), STATEMACHINELOGENTRY, 92@client-16117C81E66E, (t:1, i:30), METADATAENTRY(c:29), (t:1, i:31), STATEMACHINELOGENTRY, 93@client-16117C81E66E, (t:1, i:32), METADATAENTRY(c:31), (t:1, i:33), STATEMACHINELOGENTRY, 94@client-16117C81E66E, (t:1, i:34), METADATAENTRY(c:33), (t:1, i:35), STATEMACHINELOGENTRY, 95@client-16117C81E66E, (t:1, i:36), METADATAENTRY(c:35), (t:1, i:37), STATEMACHINELOGENTRY, 96@client-16117C81E66E, (t:1, i:38), METADATAENTRY(c:37), (t:1, i:39), STATEMACHINELOGENTRY, 97@client-16117C81E66E, (t:1, i:40), METADATAENTRY(c:39), (t:1, i:41), CONFIGURATIONENTRY(current:id: "s0"
address: "localhost:43813"
dataStreamAddress: "localhost:37441"
clientAddress: "localhost:33839"
adminAddress: "localhost:36829"
startupRole: FOLLOWER
,id: "s1"
address: "0.0.0.0:40585"
clientAddress: "0.0.0.0:40585"
adminAddress: "0.0.0.0:40585"
startupRole: FOLLOWER
, old:id: "s0"
address: "localhost:43813"
dataStreamAddress: "localhost:37441"
clientAddress: "localhost:33839"
adminAddress: "localhost:36829"
startupRole: FOLLOWER
), (t:1, i:42), METADATAENTRY(c:41), (t:1, i:43), CONFIGURATIONENTRY(current:id: "s0"
address: "localhost:43813"
dataStreamAddress: "localhost:37441"
clientAddress: "localhost:33839"
adminAddress: "localhost:36829"
startupRole: FOLLOWER
,id: "s1"
address: "0.0.0.0:40585"
clientAddress: "0.0.0.0:40585"
adminAddress: "0.0.0.0:40585"
startupRole: FOLLOWER
, old:), (t:1, i:44), METADATAENTRY(c:43)]
2023-03-17 00:25:10,858 [s1-server-thread1] INFO  server.RaftServer$Division (ServerState.java:setRaftConf(378)) - s1@group-7D1B7C265713: set configuration 0: peers:[s0|rpc:localhost:43813|admin:localhost:36829|client:localhost:33839|dataStream:localhost:37441|priority:0|startupRole:FOLLOWER]|listeners:[], old=null
2023-03-17 00:25:10,858 [s1-server-thread1] INFO  server.RaftServer$Division (ServerState.java:setRaftConf(378)) - s1@group-7D1B7C265713: set configuration 41: peers:[s0|rpc:localhost:43813|admin:localhost:36829|client:localhost:33839|dataStream:localhost:37441|priority:0|startupRole:FOLLOWER, s1|rpc:0.0.0.0:40585|dataStream:|priority:0|startupRole:FOLLOWER]|listeners:[], old=peers:[s0|rpc:localhost:43813|admin:localhost:36829|client:localhost:33839|dataStream:localhost:37441|priority:0|startupRole:FOLLOWER]|listeners:[]
2023-03-17 00:25:10,858 [s1-server-thread1] INFO  server.RaftServer$Division (ServerState.java:setRaftConf(378)) - s1@group-7D1B7C265713: set configuration 43: peers:[s0|rpc:localhost:43813|admin:localhost:36829|client:localhost:33839|dataStream:localhost:37441|priority:0|startupRole:FOLLOWER, s1|rpc:0.0.0.0:40585|dataStream:|priority:0|startupRole:FOLLOWER]|listeners:[], old=null
2023-03-17 00:25:10,858 [s1-server-thread1] INFO  segmented.SegmentedRaftLogWorker (SegmentedRaftLogWorker.java:startLogSegment(426)) - s1@group-7D1B7C265713-SegmentedRaftLogWorker: Starting segment from index:0
2023-03-17 00:25:10,872 [s1@group-7D1B7C265713-SegmentedRaftLogWorker] INFO  segmented.SegmentedRaftLogWorker (SegmentedRaftLogWorker.java:execute(630)) - s1@group-7D1B7C265713-SegmentedRaftLogWorker: created new log segment /home/runner/work/ratis/ratis/ratis-test/target/test/data/ce6527c6/MiniRaftClusterWithGrpc84744dc8/s1/84bc1d88-0fe0-425f-bfcd-7d1b7c265713/current/log_inprogress_0
2023-03-17 00:25:10,875 [s1-server-thread1] DEBUG server.RaftServer$Division (RaftServerImpl.java:logAppendEntries(1430)) - s1@group-7D1B7C265713: succeeded to handle AppendEntries. Reply: s0<-s1#73373:OK-t1,SUCCESS,nextIndex=45,followerCommit=44,matchIndex=44
2023-03-17 00:25:11,124 [Time-limited test] INFO  impl.MiniRaftCluster (MiniRaftCluster.java:shutdown(831)) - ************************************************************** 
2023-03-17 00:25:11,124 [Time-limited test] INFO  impl.MiniRaftCluster (MiniRaftCluster.java:shutdown(832)) - *** 
2023-03-17 00:25:11,124 [Time-limited test] INFO  impl.MiniRaftCluster (MiniRaftCluster.java:shutdown(833)) - ***     Stopping MiniRaftClusterWithGrpc
2023-03-17 00:25:11,124 [Time-limited test] INFO  impl.MiniRaftCluster (MiniRaftCluster.java:shutdown(834)) - *** 
2023-03-17 00:25:11,124 [Time-limited test] INFO  impl.MiniRaftCluster (MiniRaftCluster.java:shutdown(835)) - ************************************************************** 
2023-03-17 00:25:11,124 [Time-limited test] INFO  impl.MiniRaftCluster (MiniRaftCluster.java:shutdown(836)) - printing ALL groups
  s0:  RUNNING    LEADER s0@group-7D1B7C265713:t1, leader=s0, voted=s0, raftlog=Memoized:s0@group-7D1B7C265713-SegmentedRaftLog:OPENED:c44, conf=43: peers:[s0|rpc:localhost:43813|admin:localhost:36829|client:localhost:33839|dataStream:localhost:37441|priority:0|startupRole:FOLLOWER, s1|rpc:0.0.0.0:40585|dataStream:|priority:0|startupRole:FOLLOWER]|listeners:[], old=null RUNNING
  s1:  RUNNING  FOLLOWER s1@group-7D1B7C265713:t1, leader=s0, voted=null, raftlog=Memoized:s1@group-7D1B7C265713-SegmentedRaftLog:OPENED:c44, conf=43: peers:[s0|rpc:localhost:43813|admin:localhost:36829|client:localhost:33839|dataStream:localhost:37441|priority:0|startupRole:FOLLOWER, s1|rpc:0.0.0.0:40585|dataStream:|priority:0|startupRole:FOLLOWER]|listeners:[], old=null RUNNING
2023-03-17 00:25:11,135 [MiniRaftCluster-76] INFO  server.RaftServer (RaftServerProxy.java:lambda$close$7(417)) - s0: close
2023-03-17 00:25:11,135 [MiniRaftCluster-76] INFO  server.GrpcService (GrpcService.java:closeImpl(311)) - s0: shutdown server org.apache.ratis.grpc.server.GrpcClientProtocolService now
2023-03-17 00:25:11,135 [s0-impl-thread1] INFO  server.RaftServer$Division (RaftServerImpl.java:lambda$close$4(466)) - s0@group-7D1B7C265713: shutdown
2023-03-17 00:25:11,135 [s0-impl-thread1] INFO  util.JmxRegister (JmxRegister.java:unregister(73)) - Successfully un-registered JMX Bean with object name Ratis:service=RaftServer,group=group-7D1B7C265713,id=s0
2023-03-17 00:25:11,135 [s0-impl-thread1] INFO  impl.RoleInfo (RoleInfo.java:shutdownLeaderState(93)) - s0: shutdown s0@group-7D1B7C265713-LeaderStateImpl
2023-03-17 00:25:11,135 [s0-impl-thread1] INFO  impl.PendingRequests (PendingRequests.java:sendNotLeaderResponses(289)) - s0@group-7D1B7C265713-PendingRequests: sendNotLeaderResponses
2023-03-17 00:25:11,136 [grpc-default-executor-7] INFO  server.GrpcServerProtocolService (GrpcServerProtocolService.java:onCompleted(145)) - s1: Completed APPEND_ENTRIES, lastRequest: s0->s1#73373-t1,previous=(t:0, i:0),leaderCommit=44,initializing? true,entries: size=45, first=(t:1, i:0), CONFIGURATIONENTRY(current:id: "s0"
address: "localhost:43813"
dataStreamAddress: "localhost:37441"
clientAddress: "localhost:33839"
adminAddress: "localhost:36829"
startupRole: FOLLOWER
, old:)
2023-03-17 00:25:11,136 [grpc-default-executor-6] INFO  server.GrpcServerProtocolService (GrpcServerProtocolService.java:onCompleted(145)) - s1: Completed APPEND_ENTRIES, lastRequest: null
2023-03-17 00:25:11,136 [s0-impl-thread1] INFO  impl.StateMachineUpdater (StateMachineUpdater.java:stopAndJoin(154)) - s0@group-7D1B7C265713-StateMachineUpdater: set stopIndex = 44
2023-03-17 00:25:11,136 [s0-impl-thread1] INFO  server.RaftServer$Division (ServerState.java:close(414)) - s0@group-7D1B7C265713: applyIndex: 44
2023-03-17 00:25:11,137 [grpc-default-executor-6] INFO  server.GrpcLogAppender (GrpcLogAppender.java:onCompleted(422)) - s0@group-7D1B7C265713->s1-AppendLogResponseHandler: follower responses appendEntries COMPLETED
2023-03-17 00:25:11,137 [grpc-default-executor-6] INFO  leader.FollowerInfo (FollowerInfoImpl.java:lambda$new$0(52)) - s0@group-7D1B7C265713->s1: decreaseNextIndex nextIndex: updateUnconditionally 45 -> 44
2023-03-17 00:25:11,137 [Thread-2114] INFO  server.GrpcServerProtocolClient (GrpcServerProtocolClient.java:close(102)) - s1 Close channels
2023-03-17 00:25:11,137 [MiniRaftCluster-77] INFO  server.RaftServer (RaftServerProxy.java:lambda$close$7(417)) - s1: close
2023-03-17 00:25:11,137 [MiniRaftCluster-77] INFO  server.GrpcService (GrpcService.java:closeImpl(311)) - s1: shutdown server GrpcServerProtocolService now
2023-03-17 00:25:11,138 [s1-impl-thread1] INFO  server.RaftServer$Division (RaftServerImpl.java:lambda$close$4(466)) - s1@group-7D1B7C265713: shutdown
2023-03-17 00:25:11,138 [s1-impl-thread1] INFO  util.JmxRegister (JmxRegister.java:unregister(73)) - Successfully un-registered JMX Bean with object name Ratis:service=RaftServer,group=group-7D1B7C265713,id=s1
2023-03-17 00:25:11,138 [s1-impl-thread1] INFO  impl.RoleInfo (RoleInfo.java:shutdownFollowerState(110)) - s1: shutdown s1@group-7D1B7C265713-FollowerState
2023-03-17 00:25:11,138 [s1-impl-thread1] INFO  impl.StateMachineUpdater (StateMachineUpdater.java:stopAndJoin(154)) - s1@group-7D1B7C265713-StateMachineUpdater: set stopIndex = 44
2023-03-17 00:25:11,138 [grpc-default-executor-7] INFO  server.GrpcLogAppender (GrpcLogAppender.java:onCompleted(422)) - s0@group-7D1B7C265713->s1-AppendLogResponseHandler: follower responses appendEntries COMPLETED
2023-03-17 00:25:11,138 [grpc-default-executor-7] WARN  server.GrpcLogAppender (GrpcLogAppender.java:resetClient(133)) - s0@group-7D1B7C265713->s1-GrpcLogAppender: Failed to getClient for s1
org.apache.ratis.protocol.exceptions.AlreadyClosedException: s0 is already CLOSED
	at org.apache.ratis.util.PeerProxyMap$PeerAndProxy.getProxy(PeerProxyMap.java:61)
	at org.apache.ratis.util.PeerProxyMap.getProxy(PeerProxyMap.java:115)
	at org.apache.ratis.grpc.server.GrpcLogAppender.getClient(GrpcLogAppender.java:111)
	at org.apache.ratis.grpc.server.GrpcLogAppender.resetClient(GrpcLogAppender.java:116)
	at org.apache.ratis.grpc.server.GrpcLogAppender.access$500(GrpcLogAppender.java:55)
	at org.apache.ratis.grpc.server.GrpcLogAppender$AppendLogResponseHandler.onCompleted(GrpcLogAppender.java:423)
	at org.apache.ratis.thirdparty.io.grpc.stub.ClientCalls$StreamObserverToCallListenerAdapter.onClose(ClientCalls.java:485)
	at org.apache.ratis.thirdparty.io.grpc.internal.ClientCallImpl.closeObserver(ClientCallImpl.java:562)
	at org.apache.ratis.thirdparty.io.grpc.internal.ClientCallImpl.access$300(ClientCallImpl.java:70)
	at org.apache.ratis.thirdparty.io.grpc.internal.ClientCallImpl$ClientStreamListenerImpl$1StreamClosed.runInternal(ClientCallImpl.java:743)
	at org.apache.ratis.thirdparty.io.grpc.internal.ClientCallImpl$ClientStreamListenerImpl$1StreamClosed.runInContext(ClientCallImpl.java:722)
	at org.apache.ratis.thirdparty.io.grpc.internal.ContextRunnable.run(ContextRunnable.java:37)
	at org.apache.ratis.thirdparty.io.grpc.internal.SerializingExecutor.run(SerializingExecutor.java:133)
	at java.base/java.util.concurrent.ThreadPoolExecutor.runWorker(ThreadPoolExecutor.java:1128)
	at java.base/java.util.concurrent.ThreadPoolExecutor$Worker.run(ThreadPoolExecutor.java:628)
	at java.base/java.lang.Thread.run(Thread.java:829)
2023-03-17 00:25:11,138 [s1@group-7D1B7C265713-FollowerState] INFO  impl.FollowerState (FollowerState.java:run(152)) - s1@group-7D1B7C265713-FollowerState was interrupted
2023-03-17 00:25:11,138 [s1-impl-thread1] INFO  server.RaftServer$Division (ServerState.java:close(414)) - s1@group-7D1B7C265713: applyIndex: 44
2023-03-17 00:25:11,138 [MiniRaftCluster-76] INFO  server.GrpcService (GrpcService.java:closeImpl(320)) - s0: shutdown server org.apache.ratis.grpc.server.GrpcClientProtocolService successfully
2023-03-17 00:25:11,138 [MiniRaftCluster-76] INFO  server.GrpcService (GrpcService.java:closeImpl(311)) - s0: shutdown server GrpcServerProtocolService now
2023-03-17 00:25:11,139 [MiniRaftCluster-77] INFO  server.GrpcService (GrpcService.java:closeImpl(320)) - s1: shutdown server GrpcServerProtocolService successfully
2023-03-17 00:25:11,139 [MiniRaftCluster-76] INFO  server.GrpcService (GrpcService.java:closeImpl(320)) - s0: shutdown server GrpcServerProtocolService successfully
2023-03-17 00:25:11,139 [MiniRaftCluster-76] INFO  server.GrpcService (GrpcService.java:closeImpl(311)) - s0: shutdown server org.apache.ratis.grpc.server.GrpcAdminProtocolService now
2023-03-17 00:25:11,140 [MiniRaftCluster-76] INFO  server.GrpcService (GrpcService.java:closeImpl(320)) - s0: shutdown server org.apache.ratis.grpc.server.GrpcAdminProtocolService successfully
2023-03-17 00:25:11,210 [timer2] WARN  server.GrpcLogAppender (GrpcLogAppender.java:timeoutAppendRequest(316)) - s1@group-2C0892D3738B->s0-GrpcLogAppender:  appendEntries Timeout, request=AppendEntriesRequest:cid=47247,entriesCount=1,lastEntry=(t:1, i:4)
2023-03-17 00:25:11,803 [s0-impl-thread1] INFO  segmented.SegmentedRaftLogWorker (SegmentedRaftLogWorker.java:close(242)) - s0@group-7D1B7C265713-SegmentedRaftLogWorker close()
2023-03-17 00:25:11,804 [JvmPauseMonitor69] INFO  util.JvmPauseMonitor (JvmPauseMonitor.java:run(109)) - JvmPauseMonitor-s0: Stopped
2023-03-17 00:25:11,874 [s1-impl-thread1] INFO  segmented.SegmentedRaftLogWorker (SegmentedRaftLogWorker.java:close(242)) - s1@group-7D1B7C265713-SegmentedRaftLogWorker close()
2023-03-17 00:25:11,875 [JvmPauseMonitor71] INFO  util.JvmPauseMonitor (JvmPauseMonitor.java:run(109)) - JvmPauseMonitor-s1: Stopped
]]></system-out>
  </testcase>
  <testcase name="testBootstrapReconfWithSingleNodeAddOne" classname="org.apache.ratis.grpc.TestRaftReconfigurationWithGrpc" time="2.664">
    <failure message="Unexpected exit." type="java.lang.AssertionError">java.lang.AssertionError: Unexpected exit.
	at org.apache.ratis.util.ExitUtils.assertNotTerminated(ExitUtils.java:109)
	at org.apache.ratis.BaseTest.assertNoFailures(BaseTest.java:89)
	at java.base/jdk.internal.reflect.NativeMethodAccessorImpl.invoke0(Native Method)
	at java.base/jdk.internal.reflect.NativeMethodAccessorImpl.invoke(NativeMethodAccessorImpl.java:62)
	at java.base/jdk.internal.reflect.DelegatingMethodAccessorImpl.invoke(DelegatingMethodAccessorImpl.java:43)
	at java.base/java.lang.reflect.Method.invoke(Method.java:566)
	at org.junit.runners.model.FrameworkMethod$1.runReflectiveCall(FrameworkMethod.java:59)
	at org.junit.internal.runners.model.ReflectiveCallable.run(ReflectiveCallable.java:12)
	at org.junit.runners.model.FrameworkMethod.invokeExplosively(FrameworkMethod.java:56)
	at org.junit.internal.runners.statements.RunAfters.invokeMethod(RunAfters.java:46)
	at org.junit.internal.runners.statements.RunAfters.evaluate(RunAfters.java:33)
	at org.junit.internal.runners.statements.FailOnTimeout$CallableStatement.call(FailOnTimeout.java:299)
	at org.junit.internal.runners.statements.FailOnTimeout$CallableStatement.call(FailOnTimeout.java:293)
	at java.base/java.util.concurrent.FutureTask.run(FutureTask.java:264)
	at java.base/java.lang.Thread.run(Thread.java:829)
Caused by: org.apache.ratis.util.ExitUtils$ExitException: Failed to start Grpc server
	at org.apache.ratis.util.ExitUtils.terminate(ExitUtils.java:141)
	at org.apache.ratis.util.ExitUtils.terminate(ExitUtils.java:151)
	at org.apache.ratis.grpc.server.GrpcService.startImpl(GrpcService.java:300)
	at org.apache.ratis.util.LifeCycle.startAndTransition(LifeCycle.java:270)
	at org.apache.ratis.server.RaftServerRpcWithProxy.start(RaftServerRpcWithProxy.java:72)
	at org.apache.ratis.server.impl.RaftServerProxy.startImpl(RaftServerProxy.java:402)
	at org.apache.ratis.util.LifeCycle.startAndTransition(LifeCycle.java:270)
	at org.apache.ratis.server.impl.RaftServerProxy.start(RaftServerProxy.java:395)
	at org.apache.ratis.server.impl.MiniRaftCluster.startServers(MiniRaftCluster.java:499)
	at org.apache.ratis.server.impl.MiniRaftCluster.start(MiniRaftCluster.java:346)
	at org.apache.ratis.server.impl.MiniRaftCluster.restart(MiniRaftCluster.java:374)
	at org.apache.ratis.server.impl.RaftReconfigurationBaseTest.lambda$testRestorePriority$0(RaftReconfigurationBaseTest.java:123)
	at org.apache.ratis.server.impl.MiniRaftCluster$Factory$Get.runWithNewCluster(MiniRaftCluster.java:141)
	at org.apache.ratis.server.impl.MiniRaftCluster$Factory$Get.runWithNewCluster(MiniRaftCluster.java:121)
	at org.apache.ratis.server.impl.RaftReconfigurationBaseTest.testRestorePriority(RaftReconfigurationBaseTest.java:100)
	at java.base/jdk.internal.reflect.NativeMethodAccessorImpl.invoke0(Native Method)
	at java.base/jdk.internal.reflect.NativeMethodAccessorImpl.invoke(NativeMethodAccessorImpl.java:62)
	at java.base/jdk.internal.reflect.DelegatingMethodAccessorImpl.invoke(DelegatingMethodAccessorImpl.java:43)
	at java.base/java.lang.reflect.Method.invoke(Method.java:566)
	at org.junit.runners.model.FrameworkMethod$1.runReflectiveCall(FrameworkMethod.java:59)
	at org.junit.internal.runners.model.ReflectiveCallable.run(ReflectiveCallable.java:12)
	at org.junit.runners.model.FrameworkMethod.invokeExplosively(FrameworkMethod.java:56)
	at org.junit.internal.runners.statements.InvokeMethod.evaluate(InvokeMethod.java:17)
	at org.junit.internal.runners.statements.RunAfters.evaluate(RunAfters.java:27)
	... 4 more
Caused by: java.io.IOException: Failed to bind to address 0.0.0.0/0.0.0.0:45261
	at org.apache.ratis.thirdparty.io.grpc.netty.NettyServer.start(NettyServer.java:328)
	at org.apache.ratis.thirdparty.io.grpc.internal.ServerImpl.start(ServerImpl.java:183)
	at org.apache.ratis.thirdparty.io.grpc.internal.ServerImpl.start(ServerImpl.java:92)
	at org.apache.ratis.grpc.server.GrpcService.startImpl(GrpcService.java:298)
	... 25 more
Caused by: org.apache.ratis.thirdparty.io.netty.channel.unix.Errors$NativeIoException: bind(..) failed: Address already in use
</failure>
  </testcase>
  <testcase name="testBootstrapReconfWithSingleNodeAddTwo" classname="org.apache.ratis.grpc.TestRaftReconfigurationWithGrpc" time="3.712">
    <failure message="Unexpected exit." type="java.lang.AssertionError">java.lang.AssertionError: Unexpected exit.
	at org.apache.ratis.util.ExitUtils.assertNotTerminated(ExitUtils.java:109)
	at org.apache.ratis.server.impl.MiniRaftCluster.shutdown(MiniRaftCluster.java:854)
	at org.apache.ratis.server.impl.MiniRaftCluster$Factory$Get.runWithNewCluster(MiniRaftCluster.java:147)
	at org.apache.ratis.server.impl.MiniRaftCluster$Factory$Get.runWithNewCluster(MiniRaftCluster.java:121)
	at org.apache.ratis.server.impl.RaftReconfigurationBaseTest.testBootstrapReconfWithSingleNodeAddTwo(RaftReconfigurationBaseTest.java:383)
	at java.base/jdk.internal.reflect.NativeMethodAccessorImpl.invoke0(Native Method)
	at java.base/jdk.internal.reflect.NativeMethodAccessorImpl.invoke(NativeMethodAccessorImpl.java:62)
	at java.base/jdk.internal.reflect.DelegatingMethodAccessorImpl.invoke(DelegatingMethodAccessorImpl.java:43)
	at java.base/java.lang.reflect.Method.invoke(Method.java:566)
	at org.junit.runners.model.FrameworkMethod$1.runReflectiveCall(FrameworkMethod.java:59)
	at org.junit.internal.runners.model.ReflectiveCallable.run(ReflectiveCallable.java:12)
	at org.junit.runners.model.FrameworkMethod.invokeExplosively(FrameworkMethod.java:56)
	at org.junit.internal.runners.statements.InvokeMethod.evaluate(InvokeMethod.java:17)
	at org.junit.internal.runners.statements.RunAfters.evaluate(RunAfters.java:27)
	at org.junit.internal.runners.statements.FailOnTimeout$CallableStatement.call(FailOnTimeout.java:299)
	at org.junit.internal.runners.statements.FailOnTimeout$CallableStatement.call(FailOnTimeout.java:293)
	at java.base/java.util.concurrent.FutureTask.run(FutureTask.java:264)
	at java.base/java.lang.Thread.run(Thread.java:829)
Caused by: org.apache.ratis.util.ExitUtils$ExitException: Failed to start Grpc server
	at org.apache.ratis.util.ExitUtils.terminate(ExitUtils.java:141)
	at org.apache.ratis.util.ExitUtils.terminate(ExitUtils.java:151)
	at org.apache.ratis.grpc.server.GrpcService.startImpl(GrpcService.java:300)
	at org.apache.ratis.util.LifeCycle.startAndTransition(LifeCycle.java:270)
	at org.apache.ratis.server.RaftServerRpcWithProxy.start(RaftServerRpcWithProxy.java:72)
	at org.apache.ratis.server.impl.RaftServerProxy.startImpl(RaftServerProxy.java:402)
	at org.apache.ratis.util.LifeCycle.startAndTransition(LifeCycle.java:270)
	at org.apache.ratis.server.impl.RaftServerProxy.start(RaftServerProxy.java:395)
	at org.apache.ratis.server.impl.MiniRaftCluster.startServers(MiniRaftCluster.java:499)
	at org.apache.ratis.server.impl.MiniRaftCluster.start(MiniRaftCluster.java:346)
	at org.apache.ratis.server.impl.MiniRaftCluster.restart(MiniRaftCluster.java:374)
	at org.apache.ratis.server.impl.RaftReconfigurationBaseTest.lambda$testRestorePriority$0(RaftReconfigurationBaseTest.java:123)
	at org.apache.ratis.server.impl.MiniRaftCluster$Factory$Get.runWithNewCluster(MiniRaftCluster.java:141)
	at org.apache.ratis.server.impl.MiniRaftCluster$Factory$Get.runWithNewCluster(MiniRaftCluster.java:121)
	at org.apache.ratis.server.impl.RaftReconfigurationBaseTest.testRestorePriority(RaftReconfigurationBaseTest.java:100)
	... 13 more
Caused by: java.io.IOException: Failed to bind to address 0.0.0.0/0.0.0.0:45261
	at org.apache.ratis.thirdparty.io.grpc.netty.NettyServer.start(NettyServer.java:328)
	at org.apache.ratis.thirdparty.io.grpc.internal.ServerImpl.start(ServerImpl.java:183)
	at org.apache.ratis.thirdparty.io.grpc.internal.ServerImpl.start(ServerImpl.java:92)
	at org.apache.ratis.grpc.server.GrpcService.startImpl(GrpcService.java:298)
	... 25 more
Caused by: org.apache.ratis.thirdparty.io.netty.channel.unix.Errors$NativeIoException: bind(..) failed: Address already in use
</failure>
    <system-out><![CDATA[2023-03-17 00:25:11,877 [main] INFO  util.LogUtils (Slf4jUtils.java:setLogLevel(38)) - Successfully set org.apache.ratis.conf.ConfUtils log level to WARN
2023-03-17 00:25:11,877 [main] INFO  util.LogUtils (Slf4jUtils.java:setLogLevel(38)) - Successfully set org.apache.ratis.util.FileUtils log level to TRACE
2023-03-17 00:25:11,878 [Time-limited test] INFO  impl.MiniRaftCluster (MiniRaftCluster.java:runWithNewCluster(135)) - Running runWithNewCluster
2023-03-17 00:25:11,878 [Time-limited test] INFO  impl.MiniRaftCluster (MiniRaftCluster.java:<init>(306)) - new MiniRaftClusterWithGrpc with group-29167549509F:[s0|rpc:localhost:45597|admin:localhost:39213|client:localhost:37679|dataStream:localhost:34847|priority:0|startupRole:FOLLOWER]
2023-03-17 00:25:11,878 [Time-limited test] INFO  impl.MiniRaftCluster (MiniRaftCluster.java:start(339)) - .............................................................. 
2023-03-17 00:25:11,878 [Time-limited test] INFO  impl.MiniRaftCluster (MiniRaftCluster.java:start(340)) - ... 
2023-03-17 00:25:11,878 [Time-limited test] INFO  impl.MiniRaftCluster (MiniRaftCluster.java:start(341)) - ...     Starting MiniRaftClusterWithGrpc
2023-03-17 00:25:11,878 [Time-limited test] INFO  impl.MiniRaftCluster (MiniRaftCluster.java:start(342)) - ... 
2023-03-17 00:25:11,878 [Time-limited test] INFO  impl.MiniRaftCluster (MiniRaftCluster.java:start(343)) - .............................................................. 
2023-03-17 00:25:11,878 [Time-limited test] INFO  impl.MiniRaftCluster (MiniRaftCluster.java:initServers(318)) - servers = {}
2023-03-17 00:25:11,879 [Time-limited test] INFO  impl.MiniRaftCluster (MiniRaftCluster.java:newRaftServer(382)) - newRaftServer: s0, group-29167549509F:[s0|rpc:localhost:45597|admin:localhost:39213|client:localhost:37679|dataStream:localhost:34847|priority:0|startupRole:FOLLOWER], format? true
2023-03-17 00:25:11,879 [Time-limited test] TRACE util.FileUtils (FileUtils.java:deleteFully(201)) - deleteFully target/test/data/ce6527c6/MiniRaftClusterWithGrpc600c9161/s0
2023-03-17 00:25:11,879 [Time-limited test] TRACE util.FileUtils (FileUtils.java:deleteFully(217)) - deleteFully: target/test/data/ce6527c6/MiniRaftClusterWithGrpc600c9161/s0 does not exist.
2023-03-17 00:25:11,879 [Time-limited test] INFO  impl.MiniRaftCluster (MiniRaftCluster.java:newRaftServer(387)) - Formatted directory target/test/data/ce6527c6/MiniRaftClusterWithGrpc600c9161/s0
2023-03-17 00:25:11,879 [Time-limited test] INFO  server.RaftServer (ConfUtils.java:logGet(46)) - raft.rpc.type = GRPC (default)
2023-03-17 00:25:11,879 [Time-limited test] INFO  grpc.GrpcConfigKeys (ConfUtils.java:logFallback(53)) - raft.grpc.admin.host = null (fallback to raft.grpc.server.host)
2023-03-17 00:25:11,879 [Time-limited test] INFO  grpc.GrpcConfigKeys (ConfUtils.java:logGet(46)) - raft.grpc.admin.port = 39213 (custom)
2023-03-17 00:25:11,879 [Time-limited test] INFO  grpc.GrpcConfigKeys (ConfUtils.java:logFallback(53)) - raft.grpc.client.host = null (fallback to raft.grpc.server.host)
2023-03-17 00:25:11,879 [Time-limited test] INFO  grpc.GrpcConfigKeys (ConfUtils.java:logGet(46)) - raft.grpc.client.port = 37679 (custom)
2023-03-17 00:25:11,879 [Time-limited test] INFO  grpc.GrpcConfigKeys (ConfUtils.java:logGet(46)) - raft.grpc.server.host = null (default)
2023-03-17 00:25:11,879 [Time-limited test] INFO  grpc.GrpcConfigKeys (ConfUtils.java:logGet(46)) - raft.grpc.server.port = 45597 (custom)
2023-03-17 00:25:11,879 [Time-limited test] INFO  server.GrpcService (ConfUtils.java:logGet(46)) - raft.grpc.message.size.max = 64MB (=67108864) (default)
2023-03-17 00:25:11,880 [Time-limited test] INFO  server.RaftServerConfigKeys (ConfUtils.java:logGet(46)) - raft.server.log.appender.buffer.byte-limit = 4MB (=4194304) (default)
2023-03-17 00:25:11,880 [Time-limited test] INFO  server.GrpcService (ConfUtils.java:logGet(46)) - raft.grpc.flow.control.window = 1MB (=1048576) (default)
2023-03-17 00:25:11,880 [Time-limited test] INFO  server.RaftServerConfigKeys (ConfUtils.java:logGet(46)) - raft.server.rpc.request.timeout = 3000ms (default)
2023-03-17 00:25:11,880 [Time-limited test] INFO  grpc.GrpcConfigKeys (ConfUtils.java:logGet(46)) - raft.grpc.server.heartbeat.channel = true (default)
2023-03-17 00:25:11,880 [Time-limited test] INFO  grpc.GrpcConfigKeys (ConfUtils.java:logGet(46)) - raft.grpc.server.async.request.thread.pool.cached = true (default)
2023-03-17 00:25:11,880 [Time-limited test] INFO  grpc.GrpcConfigKeys (ConfUtils.java:logGet(46)) - raft.grpc.server.async.request.thread.pool.size = 32 (default)
2023-03-17 00:25:11,881 [Time-limited test] INFO  impl.DataStreamServerImpl (ConfUtils.java:logGet(46)) - raft.datastream.type = DISABLED (default)
2023-03-17 00:25:11,881 [Time-limited test] INFO  server.RaftServerConfigKeys (ConfUtils.java:logGet(46)) - raft.server.threadpool.proxy.cached = true (default)
2023-03-17 00:25:11,881 [Time-limited test] INFO  server.RaftServerConfigKeys (ConfUtils.java:logGet(46)) - raft.server.threadpool.proxy.size = 0 (default)
2023-03-17 00:25:11,881 [Time-limited test] INFO  server.RaftServerConfigKeys (ConfUtils.java:logGet(46)) - raft.server.rpc.slowness.timeout = 60s (default)
2023-03-17 00:25:11,881 [Time-limited test] INFO  server.RaftServerConfigKeys (ConfUtils.java:logGet(46)) - raft.server.leaderelection.leader.step-down.wait-time = 10s (default)
2023-03-17 00:25:11,881 [Time-limited test] INFO  server.RaftServerConfigKeys (ConfUtils.java:logGet(46)) - raft.server.storage.dir = [/home/runner/work/ratis/ratis/ratis-test/target/test/data/ce6527c6/MiniRaftClusterWithGrpc600c9161/s0] (custom)
2023-03-17 00:25:11,881 [Time-limited test] INFO  server.RaftServer (RaftServerProxy.java:addNew(99)) - s0: addNew group-29167549509F:[s0|rpc:localhost:45597|admin:localhost:39213|client:localhost:37679|dataStream:localhost:34847|priority:0|startupRole:FOLLOWER] returns group-29167549509F:java.util.concurrent.CompletableFuture@4d6efc01[Not completed]
2023-03-17 00:25:11,882 [s0-groupManagement] INFO  server.RaftServer$Division (RaftServerImpl.java:<init>(198)) - s0: new RaftServerImpl for group-29167549509F:[s0|rpc:localhost:45597|admin:localhost:39213|client:localhost:37679|dataStream:localhost:34847|priority:0|startupRole:FOLLOWER] with BaseStateMachine:uninitialized
2023-03-17 00:25:11,882 [s0-groupManagement] INFO  server.RaftServerConfigKeys (ConfUtils.java:logGet(46)) - raft.server.rpc.timeout.min = 150ms (default)
2023-03-17 00:25:11,882 [s0-groupManagement] INFO  server.RaftServerConfigKeys (ConfUtils.java:logGet(46)) - raft.server.rpc.timeout.max = 300ms (default)
2023-03-17 00:25:11,882 [s0-groupManagement] INFO  server.RaftServerConfigKeys (ConfUtils.java:logGet(46)) - raft.server.rpc.sleep.time = 25ms (default)
2023-03-17 00:25:11,882 [s0-groupManagement] INFO  server.RaftServerConfigKeys (ConfUtils.java:logGet(46)) - raft.server.rpc.slowness.timeout = 60s (default)
2023-03-17 00:25:11,882 [s0-groupManagement] INFO  server.RaftServerConfigKeys (ConfUtils.java:logGet(46)) - raft.server.leaderelection.leader.step-down.wait-time = 10s (default)
2023-03-17 00:25:11,882 [s0-groupManagement] INFO  server.RaftServerConfigKeys (ConfUtils.java:logGet(46)) - raft.server.sleep.deviation.threshold = 300ms (default)
2023-03-17 00:25:11,882 [s0-groupManagement] INFO  server.RaftServer$Division (ServerState.java:<init>(113)) - s0@group-29167549509F: ConfigurationManager, init=-1: peers:[s0|rpc:localhost:45597|admin:localhost:39213|client:localhost:37679|dataStream:localhost:34847|priority:0|startupRole:FOLLOWER]|listeners:[], old=null, confs=<EMPTY_MAP>
2023-03-17 00:25:11,882 [s0-groupManagement] INFO  server.RaftServerConfigKeys (ConfUtils.java:logGet(46)) - raft.server.notification.no-leader.timeout = 60s (default)
2023-03-17 00:25:11,882 [s0-groupManagement] INFO  server.RaftServerConfigKeys (ConfUtils.java:logGet(46)) - raft.server.read.timeout = 10s (default)
2023-03-17 00:25:11,882 [s0-groupManagement] INFO  server.RaftServerConfigKeys (ConfUtils.java:logGet(46)) - raft.server.retrycache.expirytime = 60s (default)
2023-03-17 00:25:11,882 [s0-groupManagement] INFO  server.RaftServerConfigKeys (ConfUtils.java:logGet(46)) - raft.server.retrycache.statistics.expirytime = 100μs (default)
2023-03-17 00:25:11,882 [s0-groupManagement] INFO  server.RaftServerConfigKeys (ConfUtils.java:logGet(46)) - raft.server.read.option = DEFAULT (default)
2023-03-17 00:25:11,882 [s0-groupManagement] INFO  server.RaftServerConfigKeys (ConfUtils.java:logGet(46)) - raft.server.log.appender.install.snapshot.enabled = true (default)
2023-03-17 00:25:11,882 [s0-groupManagement] INFO  server.RaftServerConfigKeys (ConfUtils.java:logGet(46)) - raft.server.threadpool.server.cached = true (default)
2023-03-17 00:25:11,882 [s0-groupManagement] INFO  server.RaftServerConfigKeys (ConfUtils.java:logGet(46)) - raft.server.threadpool.server.size = 0 (default)
2023-03-17 00:25:11,882 [s0-groupManagement] INFO  server.RaftServerConfigKeys (ConfUtils.java:logGet(46)) - raft.server.threadpool.client.cached = true (default)
2023-03-17 00:25:11,882 [s0-groupManagement] INFO  server.RaftServerConfigKeys (ConfUtils.java:logGet(46)) - raft.server.threadpool.client.size = 0 (default)
2023-03-17 00:25:11,882 [s0-impl-thread1] INFO  server.RaftServerConfigKeys (ConfUtils.java:logGet(46)) - raft.server.storage.free-space.min = 0MB (=0) (default)
2023-03-17 00:25:11,883 [s0-impl-thread1] INFO  server.RaftServerConfigKeys (ConfUtils.java:logGet(46)) - raft.server.log.corruption.policy = EXCEPTION (default)
2023-03-17 00:25:11,883 [s0-impl-thread1] INFO  server.RaftServerConfigKeys (ConfUtils.java:logGet(46)) - raft.server.storage.dir = [/home/runner/work/ratis/ratis/ratis-test/target/test/data/ce6527c6/MiniRaftClusterWithGrpc600c9161/s0] (custom)
2023-03-17 00:25:11,883 [s0-impl-thread1] INFO  storage.RaftStorageDirectory (RaftStorageDirectoryImpl.java:analyzeStorage(138)) - The storage directory /home/runner/work/ratis/ratis/ratis-test/target/test/data/ce6527c6/MiniRaftClusterWithGrpc600c9161/s0/bc0d20aa-91e1-400a-8efc-29167549509f does not exist. Creating ...
2023-03-17 00:25:11,883 [s0-impl-thread1] TRACE util.FileUtils (LogUtils.java:runAndLog(49)) - Successfully ran Files.createDirectories /home/runner/work/ratis/ratis/ratis-test/target/test/data/ce6527c6/MiniRaftClusterWithGrpc600c9161/s0/bc0d20aa-91e1-400a-8efc-29167549509f
2023-03-17 00:25:11,888 [s0-impl-thread1] INFO  storage.RaftStorageDirectory (RaftStorageDirectoryImpl.java:tryLock(232)) - Lock on /home/runner/work/ratis/ratis/ratis-test/target/test/data/ce6527c6/MiniRaftClusterWithGrpc600c9161/s0/bc0d20aa-91e1-400a-8efc-29167549509f/in_use.lock acquired by nodename 10276@fv-az426-358
2023-03-17 00:25:11,889 [s0-impl-thread1] TRACE util.FileUtils (LogUtils.java:runAndLog(49)) - Successfully ran Files.createDirectories /home/runner/work/ratis/ratis/ratis-test/target/test/data/ce6527c6/MiniRaftClusterWithGrpc600c9161/s0/bc0d20aa-91e1-400a-8efc-29167549509f/current
2023-03-17 00:25:11,889 [s0-impl-thread1] TRACE util.FileUtils (LogUtils.java:runAndLog(49)) - Successfully ran Files.createDirectories /home/runner/work/ratis/ratis/ratis-test/target/test/data/ce6527c6/MiniRaftClusterWithGrpc600c9161/s0/bc0d20aa-91e1-400a-8efc-29167549509f/sm
2023-03-17 00:25:11,890 [s0-impl-thread1] INFO  storage.RaftStorage (RaftStorageImpl.java:format(96)) - Storage directory /home/runner/work/ratis/ratis/ratis-test/target/test/data/ce6527c6/MiniRaftClusterWithGrpc600c9161/s0/bc0d20aa-91e1-400a-8efc-29167549509f has been successfully formatted.
2023-03-17 00:25:11,890 [s0-impl-thread1] INFO  server.RaftServerConfigKeys (ConfUtils.java:logGet(46)) - raft.server.log.use.memory = false (default)
2023-03-17 00:25:11,890 [s0-impl-thread1] INFO  server.RaftServerConfigKeys (ConfUtils.java:logGet(46)) - raft.server.log.purge.gap = 1024 (default)
2023-03-17 00:25:11,890 [s0-impl-thread1] INFO  server.RaftServerConfigKeys (ConfUtils.java:logGet(46)) - raft.server.log.appender.buffer.byte-limit = 4MB (=4194304) (default)
2023-03-17 00:25:11,890 [s0-impl-thread1] INFO  server.RaftServerConfigKeys (ConfUtils.java:logGet(46)) - raft.server.log.statemachine.data.read.timeout = 1000ms (default)
2023-03-17 00:25:11,890 [s0-impl-thread1] INFO  server.RaftServerConfigKeys (ConfUtils.java:logGet(46)) - raft.server.log.purge.preservation.log.num = 0 (default)
2023-03-17 00:25:11,890 [s0-impl-thread1] INFO  server.RaftServerConfigKeys (ConfUtils.java:logGet(46)) - raft.server.log.segment.size.max = 8MB (=8388608) (default)
2023-03-17 00:25:11,890 [s0-impl-thread1] INFO  server.RaftServerConfigKeys (ConfUtils.java:logGet(46)) - raft.server.log.segment.cache.num.max = 6 (default)
2023-03-17 00:25:11,890 [s0-impl-thread1] INFO  server.RaftServerConfigKeys (ConfUtils.java:logGet(46)) - raft.server.log.segment.cache.size.max = 200MB (=209715200) (default)
2023-03-17 00:25:11,890 [s0-impl-thread1] INFO  server.RaftServerConfigKeys (ConfUtils.java:logGet(46)) - raft.server.log.appender.buffer.byte-limit = 4MB (=4194304) (default)
2023-03-17 00:25:11,890 [s0-impl-thread1] INFO  segmented.SegmentedRaftLogWorker (SegmentedRaftLogWorker.java:<init>(183)) - new s0@group-29167549509F-SegmentedRaftLogWorker for RaftStorageImpl:Storage Directory /home/runner/work/ratis/ratis/ratis-test/target/test/data/ce6527c6/MiniRaftClusterWithGrpc600c9161/s0/bc0d20aa-91e1-400a-8efc-29167549509f
2023-03-17 00:25:11,891 [s0-impl-thread1] INFO  server.RaftServerConfigKeys (ConfUtils.java:logGet(46)) - raft.server.log.queue.byte-limit = 64MB (=67108864) (default)
2023-03-17 00:25:11,891 [s0-impl-thread1] INFO  server.RaftServerConfigKeys (ConfUtils.java:logGet(46)) - raft.server.log.queue.element-limit = 4096 (default)
2023-03-17 00:25:11,891 [s0-impl-thread1] INFO  server.RaftServerConfigKeys (ConfUtils.java:logGet(46)) - raft.server.log.segment.size.max = 8MB (=8388608) (default)
2023-03-17 00:25:11,891 [s0-impl-thread1] INFO  server.RaftServerConfigKeys (ConfUtils.java:logGet(46)) - raft.server.log.preallocated.size = 4MB (=4194304) (default)
2023-03-17 00:25:11,891 [s0-impl-thread1] INFO  server.RaftServerConfigKeys (ConfUtils.java:logGet(46)) - raft.server.log.force.sync.num = 128 (default)
2023-03-17 00:25:11,891 [s0-impl-thread1] INFO  server.RaftServerConfigKeys (ConfUtils.java:logGet(46)) - raft.server.log.statemachine.data.sync = true (default)
2023-03-17 00:25:11,891 [s0-impl-thread1] INFO  server.RaftServerConfigKeys (ConfUtils.java:logGet(46)) - raft.server.log.statemachine.data.sync.timeout = 10s (default)
2023-03-17 00:25:11,891 [s0-impl-thread1] INFO  server.RaftServerConfigKeys (ConfUtils.java:logGet(46)) - raft.server.log.statemachine.data.sync.timeout.retry = -1 (default)
2023-03-17 00:25:11,891 [s0-impl-thread1] INFO  server.RaftServerConfigKeys (ConfUtils.java:logGet(46)) - raft.server.log.write.buffer.size = 64KB (=65536) (default)
2023-03-17 00:25:11,891 [s0-impl-thread1] INFO  server.RaftServerConfigKeys (ConfUtils.java:logGet(46)) - raft.server.log.appender.buffer.byte-limit = 4MB (=4194304) (default)
2023-03-17 00:25:11,892 [s0-impl-thread1] INFO  server.RaftServerConfigKeys (ConfUtils.java:logGet(46)) - raft.server.log.unsafe-flush.enabled = false (default)
2023-03-17 00:25:11,892 [s0-impl-thread1] INFO  server.RaftServerConfigKeys (ConfUtils.java:logGet(46)) - raft.server.log.async-flush.enabled = false (default)
2023-03-17 00:25:11,892 [s0-impl-thread1] INFO  server.RaftServerConfigKeys (ConfUtils.java:logGet(46)) - raft.server.log.statemachine.data.caching.enabled = false (default)
2023-03-17 00:25:11,892 [s0-impl-thread1] INFO  segmented.SegmentedRaftLogWorker (SegmentedRaftLogWorker.java:lambda$new$0(134)) - s0@group-29167549509F-SegmentedRaftLogWorker: flushIndex: setUnconditionally 0 -> -1
2023-03-17 00:25:11,892 [s0-impl-thread1] INFO  segmented.SegmentedRaftLogWorker (SegmentedRaftLogWorker.java:lambda$new$0(134)) - s0@group-29167549509F-SegmentedRaftLogWorker: safeCacheEvictIndex: setUnconditionally 0 -> -1
2023-03-17 00:25:11,893 [s0-impl-thread1] INFO  server.RaftServer$Division (RaftServerImpl.java:start(342)) - s0@group-29167549509F: start as a follower, conf=-1: peers:[s0|rpc:localhost:45597|admin:localhost:39213|client:localhost:37679|dataStream:localhost:34847|priority:0|startupRole:FOLLOWER]|listeners:[], old=null
2023-03-17 00:25:11,893 [s0-impl-thread1] INFO  server.RaftServer$Division (RaftServerImpl.java:setRole(329)) - s0@group-29167549509F: changes role from      null to FOLLOWER at term 0 for startAsFollower
2023-03-17 00:25:11,893 [s0-impl-thread1] INFO  impl.RoleInfo (RoleInfo.java:updateAndGet(139)) - s0: start s0@group-29167549509F-FollowerState
2023-03-17 00:25:11,893 [s0@group-29167549509F-FollowerState] INFO  server.RaftServerConfigKeys (ConfUtils.java:logFallback(53)) - raft.server.rpc.first-election.timeout.min = 150ms (fallback to raft.server.rpc.timeout.min)
2023-03-17 00:25:11,893 [s0@group-29167549509F-FollowerState] INFO  server.RaftServerConfigKeys (ConfUtils.java:logFallback(53)) - raft.server.rpc.first-election.timeout.max = 300ms (fallback to raft.server.rpc.timeout.max)
2023-03-17 00:25:11,893 [s0-impl-thread1] INFO  util.JmxRegister (JmxRegister.java:tryRegister(44)) - Successfully registered JMX Bean with object name Ratis:service=RaftServer,group=group-29167549509F,id=s0
2023-03-17 00:25:11,893 [s0-impl-thread1] INFO  server.RaftServerConfigKeys (ConfUtils.java:logGet(46)) - raft.server.snapshot.auto.trigger.enabled = false (default)
2023-03-17 00:25:11,893 [s0-impl-thread1] INFO  server.RaftServerConfigKeys (ConfUtils.java:logGet(46)) - raft.server.snapshot.retention.file.num = -1 (default)
2023-03-17 00:25:11,893 [s0-impl-thread1] INFO  server.RaftServerConfigKeys (ConfUtils.java:logGet(46)) - raft.server.log.purge.upto.snapshot.index = false (default)
2023-03-17 00:25:11,893 [Time-limited test] INFO  server.RaftServer (RaftServerProxy.java:startImpl(401)) - s0: start RPC server
2023-03-17 00:25:11,894 [Time-limited test] INFO  server.GrpcService (GrpcService.java:startImpl(302)) - s0: GrpcService started, listening on 37679
2023-03-17 00:25:11,894 [Time-limited test] INFO  server.GrpcService (GrpcService.java:startImpl(302)) - s0: GrpcService started, listening on 45597
2023-03-17 00:25:11,894 [Time-limited test] INFO  server.GrpcService (GrpcService.java:startImpl(302)) - s0: GrpcService started, listening on 39213
2023-03-17 00:25:11,894 [JvmPauseMonitor72] INFO  util.JvmPauseMonitor (JvmPauseMonitor.java:run(103)) - JvmPauseMonitor-s0: Started
2023-03-17 00:25:11,895 [Time-limited test] INFO  grpc.TestRaftReconfigurationWithGrpc (RaftReconfigurationBaseTest.java:runTestBootstrapReconf(393)) - Originally 1 peer(s), add 2 more, startNewPeer=true
2023-03-17 00:25:11,895 [Time-limited test] INFO  server.RaftServerConfigKeys (ConfUtils.java:logGet(46)) - raft.server.rpc.timeout.max = 300ms (default)
2023-03-17 00:25:11,895 [Time-limited test] INFO  ratis.RaftTestUtil (RaftTestUtil.java:waitForLeader(100)) - printing ALL groups
  s0:  RUNNING  FOLLOWER s0@group-29167549509F:t0, leader=null, voted=, raftlog=Memoized:s0@group-29167549509F-SegmentedRaftLog:OPENED:c-1, conf=-1: peers:[s0|rpc:localhost:45597|admin:localhost:39213|client:localhost:37679|dataStream:localhost:34847|priority:0|startupRole:FOLLOWER]|listeners:[], old=null RUNNING
2023-03-17 00:25:11,895 [Time-limited test] WARN  ratis.RaftTestUtil (JavaUtils.java:attempt(217)) - FAILED "waitForLeader-null-(expectLeader? true)", attempt #1/100: java.lang.IllegalStateException: No leader yet : printing ALL groups
  s0:  RUNNING  FOLLOWER s0@group-29167549509F:t0, leader=null, voted=, raftlog=Memoized:s0@group-29167549509F-SegmentedRaftLog:OPENED:c-1, conf=-1: peers:[s0|rpc:localhost:45597|admin:localhost:39213|client:localhost:37679|dataStream:localhost:34847|priority:0|startupRole:FOLLOWER]|listeners:[], old=null RUNNING, sleep 450ms and then retry.
java.lang.IllegalStateException: No leader yet : printing ALL groups
  s0:  RUNNING  FOLLOWER s0@group-29167549509F:t0, leader=null, voted=, raftlog=Memoized:s0@group-29167549509F-SegmentedRaftLog:OPENED:c-1, conf=-1: peers:[s0|rpc:localhost:45597|admin:localhost:39213|client:localhost:37679|dataStream:localhost:34847|priority:0|startupRole:FOLLOWER]|listeners:[], old=null RUNNING
	at org.apache.ratis.server.impl.MiniRaftCluster.newIllegalStateExceptionForNoLeaders(MiniRaftCluster.java:581)
	at org.apache.ratis.RaftTestUtil.lambda$waitForLeader$1(RaftTestUtil.java:104)
	at org.apache.ratis.server.impl.MiniRaftCluster.getLeader(MiniRaftCluster.java:615)
	at org.apache.ratis.server.impl.MiniRaftCluster.getLeader(MiniRaftCluster.java:608)
	at org.apache.ratis.RaftTestUtil.lambda$waitForLeader$3(RaftTestUtil.java:112)
	at org.apache.ratis.util.JavaUtils.attempt(JavaUtils.java:211)
	at org.apache.ratis.util.JavaUtils.attemptRepeatedly(JavaUtils.java:197)
	at org.apache.ratis.RaftTestUtil.waitForLeader(RaftTestUtil.java:111)
	at org.apache.ratis.RaftTestUtil.waitForLeader(RaftTestUtil.java:92)
	at org.apache.ratis.RaftTestUtil.waitForLeader(RaftTestUtil.java:87)
	at org.apache.ratis.server.impl.RaftReconfigurationBaseTest.runTestBootstrapReconf(RaftReconfigurationBaseTest.java:395)
	at org.apache.ratis.server.impl.RaftReconfigurationBaseTest.lambda$testBootstrapReconfWithSingleNodeAddTwo$9(RaftReconfigurationBaseTest.java:383)
	at org.apache.ratis.server.impl.MiniRaftCluster$Factory$Get.runWithNewCluster(MiniRaftCluster.java:141)
	at org.apache.ratis.server.impl.MiniRaftCluster$Factory$Get.runWithNewCluster(MiniRaftCluster.java:121)
	at org.apache.ratis.server.impl.RaftReconfigurationBaseTest.testBootstrapReconfWithSingleNodeAddTwo(RaftReconfigurationBaseTest.java:383)
	at java.base/jdk.internal.reflect.NativeMethodAccessorImpl.invoke0(Native Method)
	at java.base/jdk.internal.reflect.NativeMethodAccessorImpl.invoke(NativeMethodAccessorImpl.java:62)
	at java.base/jdk.internal.reflect.DelegatingMethodAccessorImpl.invoke(DelegatingMethodAccessorImpl.java:43)
	at java.base/java.lang.reflect.Method.invoke(Method.java:566)
	at org.junit.runners.model.FrameworkMethod$1.runReflectiveCall(FrameworkMethod.java:59)
	at org.junit.internal.runners.model.ReflectiveCallable.run(ReflectiveCallable.java:12)
	at org.junit.runners.model.FrameworkMethod.invokeExplosively(FrameworkMethod.java:56)
	at org.junit.internal.runners.statements.InvokeMethod.evaluate(InvokeMethod.java:17)
	at org.junit.internal.runners.statements.RunAfters.evaluate(RunAfters.java:27)
	at org.junit.internal.runners.statements.FailOnTimeout$CallableStatement.call(FailOnTimeout.java:299)
	at org.junit.internal.runners.statements.FailOnTimeout$CallableStatement.call(FailOnTimeout.java:293)
	at java.base/java.util.concurrent.FutureTask.run(FutureTask.java:264)
	at java.base/java.lang.Thread.run(Thread.java:829)
2023-03-17 00:25:12,193 [s0@group-29167549509F-FollowerState] INFO  impl.FollowerState (FollowerState.java:run(143)) - s0@group-29167549509F-FollowerState: change to CANDIDATE, lastRpcElapsedTime:300562763ns, electionTimeout:300ms
2023-03-17 00:25:12,193 [s0@group-29167549509F-FollowerState] INFO  impl.RoleInfo (RoleInfo.java:shutdownFollowerState(110)) - s0: shutdown s0@group-29167549509F-FollowerState
2023-03-17 00:25:12,193 [s0@group-29167549509F-FollowerState] INFO  server.RaftServer$Division (RaftServerImpl.java:setRole(329)) - s0@group-29167549509F: changes role from  FOLLOWER to CANDIDATE at term 0 for changeToCandidate
2023-03-17 00:25:12,194 [s0@group-29167549509F-FollowerState] INFO  server.RaftServerConfigKeys (ConfUtils.java:logGet(46)) - raft.server.leaderelection.pre-vote = true (default)
2023-03-17 00:25:12,194 [s0@group-29167549509F-FollowerState] INFO  impl.RoleInfo (RoleInfo.java:updateAndGet(139)) - s0: start s0@group-29167549509F-LeaderElection49
2023-03-17 00:25:12,194 [s0@group-29167549509F-LeaderElection49] INFO  impl.LeaderElection (LeaderElection.java:askForVotes(320)) - s0@group-29167549509F-LeaderElection49 PRE_VOTE round 0: submit vote requests at term 0 for -1: peers:[s0|rpc:localhost:45597|admin:localhost:39213|client:localhost:37679|dataStream:localhost:34847|priority:0|startupRole:FOLLOWER]|listeners:[], old=null
2023-03-17 00:25:12,194 [s0@group-29167549509F-LeaderElection49] INFO  impl.LeaderElection (LeaderElection.java:askForVotes(322)) - s0@group-29167549509F-LeaderElection49 PRE_VOTE round 0: result PASSED (term=0)
2023-03-17 00:25:12,195 [s0@group-29167549509F-LeaderElection49] INFO  impl.LeaderElection (LeaderElection.java:askForVotes(320)) - s0@group-29167549509F-LeaderElection49 ELECTION round 0: submit vote requests at term 1 for -1: peers:[s0|rpc:localhost:45597|admin:localhost:39213|client:localhost:37679|dataStream:localhost:34847|priority:0|startupRole:FOLLOWER]|listeners:[], old=null
2023-03-17 00:25:12,195 [s0@group-29167549509F-LeaderElection49] INFO  impl.LeaderElection (LeaderElection.java:askForVotes(322)) - s0@group-29167549509F-LeaderElection49 ELECTION round 0: result PASSED (term=1)
2023-03-17 00:25:12,195 [s0@group-29167549509F-LeaderElection49] INFO  impl.RoleInfo (RoleInfo.java:shutdownLeaderElection(130)) - s0: shutdown s0@group-29167549509F-LeaderElection49
2023-03-17 00:25:12,195 [s0@group-29167549509F-LeaderElection49] INFO  server.RaftServer$Division (RaftServerImpl.java:setRole(329)) - s0@group-29167549509F: changes role from CANDIDATE to LEADER at term 1 for changeToLeader
2023-03-17 00:25:12,195 [s0@group-29167549509F-LeaderElection49] INFO  server.RaftServer$Division (ServerState.java:setLeader(260)) - s0@group-29167549509F: change Leader from null to s0 at term 1 for becomeLeader, leader elected after 313ms
2023-03-17 00:25:12,196 [s0@group-29167549509F-LeaderElection49] INFO  server.RaftServerConfigKeys (ConfUtils.java:logGet(46)) - raft.server.staging.catchup.gap = 10 (custom)
2023-03-17 00:25:12,196 [s0@group-29167549509F-LeaderElection49] INFO  server.RaftServerConfigKeys (ConfUtils.java:logGet(46)) - raft.server.write.element-limit = 4096 (default)
2023-03-17 00:25:12,196 [s0@group-29167549509F-LeaderElection49] INFO  server.RaftServerConfigKeys (ConfUtils.java:logGet(46)) - raft.server.write.byte-limit = 64MB (=67108864) (default)
2023-03-17 00:25:12,196 [s0@group-29167549509F-LeaderElection49] INFO  server.RaftServerConfigKeys (ConfUtils.java:logGet(46)) - raft.server.watch.timeout = 10s (default)
2023-03-17 00:25:12,196 [s0@group-29167549509F-LeaderElection49] INFO  server.RaftServerConfigKeys (ConfUtils.java:logGet(46)) - raft.server.watch.timeout.denomination = 1s (default)
2023-03-17 00:25:12,196 [s0@group-29167549509F-LeaderElection49] INFO  server.RaftServerConfigKeys (ConfUtils.java:logGet(46)) - raft.server.watch.element-limit = 65536 (default)
2023-03-17 00:25:12,196 [s0@group-29167549509F-LeaderElection49] INFO  server.RaftServerConfigKeys (ConfUtils.java:logGet(46)) - raft.server.write.element-limit = 4096 (default)
2023-03-17 00:25:12,196 [s0@group-29167549509F-LeaderElection49] INFO  server.RaftServerConfigKeys (ConfUtils.java:logGet(46)) - raft.server.write.follower.gap.ratio.max = -1.0 (default)
2023-03-17 00:25:12,196 [s0@group-29167549509F-LeaderElection49] INFO  impl.RoleInfo (RoleInfo.java:updateAndGet(139)) - s0: start s0@group-29167549509F-LeaderStateImpl
2023-03-17 00:25:12,196 [s0@group-29167549509F-LeaderElection49] INFO  segmented.SegmentedRaftLogWorker (SegmentedRaftLogWorker.java:startLogSegment(426)) - s0@group-29167549509F-SegmentedRaftLogWorker: Starting segment from index:0
2023-03-17 00:25:12,200 [s0@group-29167549509F-LeaderElection49] INFO  server.RaftServer$Division (ServerState.java:setRaftConf(378)) - s0@group-29167549509F: set configuration 0: peers:[s0|rpc:localhost:45597|admin:localhost:39213|client:localhost:37679|dataStream:localhost:34847|priority:0|startupRole:FOLLOWER]|listeners:[], old=null
2023-03-17 00:25:12,205 [s0@group-29167549509F-SegmentedRaftLogWorker] INFO  segmented.SegmentedRaftLogWorker (SegmentedRaftLogWorker.java:execute(630)) - s0@group-29167549509F-SegmentedRaftLogWorker: created new log segment /home/runner/work/ratis/ratis/ratis-test/target/test/data/ce6527c6/MiniRaftClusterWithGrpc600c9161/s0/bc0d20aa-91e1-400a-8efc-29167549509f/current/log_inprogress_0
2023-03-17 00:25:12,345 [Time-limited test] INFO  ratis.RaftTestUtil (RaftTestUtil.java:waitForLeader(119)) - printing ALL groups
  s0:  RUNNING    LEADER s0@group-29167549509F:t1, leader=s0, voted=s0, raftlog=Memoized:s0@group-29167549509F-SegmentedRaftLog:OPENED:c0, conf=0: peers:[s0|rpc:localhost:45597|admin:localhost:39213|client:localhost:37679|dataStream:localhost:34847|priority:0|startupRole:FOLLOWER]|listeners:[], old=null RUNNING
2023-03-17 00:25:12,350 [s0-client-thread1] DEBUG server.RaftServer$Division (RaftServerImpl.java:submitClientRequestAsync(835)) - s0@group-29167549509F: receive client request(RaftClientRequest:client-04E303E22F97->s0@group-29167549509F, cid=99, seq=0, RW, Message:6d30)
2023-03-17 00:25:12,351 [s0-client-thread1] DEBUG server.RaftServer$Division (LeaderStateImpl.java:addPendingRequest(474)) - s0@group-29167549509F-LeaderStateImpl: addPendingRequest at RaftClientRequest:client-04E303E22F97->s0@group-29167549509F, cid=99, seq=0, RW, Message:6d30, entry=(t:1, i:1), STATEMACHINELOGENTRY, 99@client-04E303E22F97
2023-03-17 00:25:12,353 [s0-client-thread1] DEBUG server.RaftServer$Division (RaftServerImpl.java:submitClientRequestAsync(835)) - s0@group-29167549509F: receive client request(RaftClientRequest:client-04E303E22F97->s0@group-29167549509F, cid=100, seq=0, RW, Message:6d31)
2023-03-17 00:25:12,353 [s0-client-thread1] DEBUG server.RaftServer$Division (LeaderStateImpl.java:addPendingRequest(474)) - s0@group-29167549509F-LeaderStateImpl: addPendingRequest at RaftClientRequest:client-04E303E22F97->s0@group-29167549509F, cid=100, seq=0, RW, Message:6d31, entry=(t:1, i:3), STATEMACHINELOGENTRY, 100@client-04E303E22F97
2023-03-17 00:25:12,355 [s0-client-thread1] DEBUG server.RaftServer$Division (RaftServerImpl.java:submitClientRequestAsync(835)) - s0@group-29167549509F: receive client request(RaftClientRequest:client-04E303E22F97->s0@group-29167549509F, cid=101, seq=0, RW, Message:6d32)
2023-03-17 00:25:12,355 [s0-client-thread1] DEBUG server.RaftServer$Division (LeaderStateImpl.java:addPendingRequest(474)) - s0@group-29167549509F-LeaderStateImpl: addPendingRequest at RaftClientRequest:client-04E303E22F97->s0@group-29167549509F, cid=101, seq=0, RW, Message:6d32, entry=(t:1, i:5), STATEMACHINELOGENTRY, 101@client-04E303E22F97
2023-03-17 00:25:12,359 [s0-client-thread1] DEBUG server.RaftServer$Division (RaftServerImpl.java:submitClientRequestAsync(835)) - s0@group-29167549509F: receive client request(RaftClientRequest:client-04E303E22F97->s0@group-29167549509F, cid=102, seq=0, RW, Message:6d33)
2023-03-17 00:25:12,359 [s0-client-thread1] DEBUG server.RaftServer$Division (LeaderStateImpl.java:addPendingRequest(474)) - s0@group-29167549509F-LeaderStateImpl: addPendingRequest at RaftClientRequest:client-04E303E22F97->s0@group-29167549509F, cid=102, seq=0, RW, Message:6d33, entry=(t:1, i:7), STATEMACHINELOGENTRY, 102@client-04E303E22F97
2023-03-17 00:25:12,360 [s0-client-thread1] DEBUG server.RaftServer$Division (RaftServerImpl.java:submitClientRequestAsync(835)) - s0@group-29167549509F: receive client request(RaftClientRequest:client-04E303E22F97->s0@group-29167549509F, cid=103, seq=0, RW, Message:6d34)
2023-03-17 00:25:12,361 [s0-client-thread1] DEBUG server.RaftServer$Division (LeaderStateImpl.java:addPendingRequest(474)) - s0@group-29167549509F-LeaderStateImpl: addPendingRequest at RaftClientRequest:client-04E303E22F97->s0@group-29167549509F, cid=103, seq=0, RW, Message:6d34, entry=(t:1, i:9), STATEMACHINELOGENTRY, 103@client-04E303E22F97
2023-03-17 00:25:12,363 [s0-client-thread1] DEBUG server.RaftServer$Division (RaftServerImpl.java:submitClientRequestAsync(835)) - s0@group-29167549509F: receive client request(RaftClientRequest:client-04E303E22F97->s0@group-29167549509F, cid=104, seq=0, RW, Message:6d35)
2023-03-17 00:25:12,364 [s0-client-thread1] DEBUG server.RaftServer$Division (LeaderStateImpl.java:addPendingRequest(474)) - s0@group-29167549509F-LeaderStateImpl: addPendingRequest at RaftClientRequest:client-04E303E22F97->s0@group-29167549509F, cid=104, seq=0, RW, Message:6d35, entry=(t:1, i:11), STATEMACHINELOGENTRY, 104@client-04E303E22F97
2023-03-17 00:25:12,368 [s0-client-thread1] DEBUG server.RaftServer$Division (RaftServerImpl.java:submitClientRequestAsync(835)) - s0@group-29167549509F: receive client request(RaftClientRequest:client-04E303E22F97->s0@group-29167549509F, cid=105, seq=0, RW, Message:6d36)
2023-03-17 00:25:12,368 [s0-client-thread1] DEBUG server.RaftServer$Division (LeaderStateImpl.java:addPendingRequest(474)) - s0@group-29167549509F-LeaderStateImpl: addPendingRequest at RaftClientRequest:client-04E303E22F97->s0@group-29167549509F, cid=105, seq=0, RW, Message:6d36, entry=(t:1, i:13), STATEMACHINELOGENTRY, 105@client-04E303E22F97
2023-03-17 00:25:12,370 [s0-client-thread1] DEBUG server.RaftServer$Division (RaftServerImpl.java:submitClientRequestAsync(835)) - s0@group-29167549509F: receive client request(RaftClientRequest:client-04E303E22F97->s0@group-29167549509F, cid=106, seq=0, RW, Message:6d37)
2023-03-17 00:25:12,370 [s0-client-thread1] DEBUG server.RaftServer$Division (LeaderStateImpl.java:addPendingRequest(474)) - s0@group-29167549509F-LeaderStateImpl: addPendingRequest at RaftClientRequest:client-04E303E22F97->s0@group-29167549509F, cid=106, seq=0, RW, Message:6d37, entry=(t:1, i:15), STATEMACHINELOGENTRY, 106@client-04E303E22F97
2023-03-17 00:25:12,372 [s0-client-thread1] DEBUG server.RaftServer$Division (RaftServerImpl.java:submitClientRequestAsync(835)) - s0@group-29167549509F: receive client request(RaftClientRequest:client-04E303E22F97->s0@group-29167549509F, cid=107, seq=0, RW, Message:6d38)
2023-03-17 00:25:12,372 [s0-client-thread1] DEBUG server.RaftServer$Division (LeaderStateImpl.java:addPendingRequest(474)) - s0@group-29167549509F-LeaderStateImpl: addPendingRequest at RaftClientRequest:client-04E303E22F97->s0@group-29167549509F, cid=107, seq=0, RW, Message:6d38, entry=(t:1, i:17), STATEMACHINELOGENTRY, 107@client-04E303E22F97
2023-03-17 00:25:12,373 [s0-client-thread1] DEBUG server.RaftServer$Division (RaftServerImpl.java:submitClientRequestAsync(835)) - s0@group-29167549509F: receive client request(RaftClientRequest:client-04E303E22F97->s0@group-29167549509F, cid=108, seq=0, RW, Message:6d39)
2023-03-17 00:25:12,374 [s0-client-thread1] DEBUG server.RaftServer$Division (LeaderStateImpl.java:addPendingRequest(474)) - s0@group-29167549509F-LeaderStateImpl: addPendingRequest at RaftClientRequest:client-04E303E22F97->s0@group-29167549509F, cid=108, seq=0, RW, Message:6d39, entry=(t:1, i:19), STATEMACHINELOGENTRY, 108@client-04E303E22F97
2023-03-17 00:25:12,375 [s0-client-thread1] DEBUG server.RaftServer$Division (RaftServerImpl.java:submitClientRequestAsync(835)) - s0@group-29167549509F: receive client request(RaftClientRequest:client-04E303E22F97->s0@group-29167549509F, cid=109, seq=0, RW, Message:6d3130)
2023-03-17 00:25:12,375 [s0-client-thread1] DEBUG server.RaftServer$Division (LeaderStateImpl.java:addPendingRequest(474)) - s0@group-29167549509F-LeaderStateImpl: addPendingRequest at RaftClientRequest:client-04E303E22F97->s0@group-29167549509F, cid=109, seq=0, RW, Message:6d3130, entry=(t:1, i:21), STATEMACHINELOGENTRY, 109@client-04E303E22F97
2023-03-17 00:25:12,377 [s0-client-thread1] DEBUG server.RaftServer$Division (RaftServerImpl.java:submitClientRequestAsync(835)) - s0@group-29167549509F: receive client request(RaftClientRequest:client-04E303E22F97->s0@group-29167549509F, cid=110, seq=0, RW, Message:6d3131)
2023-03-17 00:25:12,377 [s0-client-thread1] DEBUG server.RaftServer$Division (LeaderStateImpl.java:addPendingRequest(474)) - s0@group-29167549509F-LeaderStateImpl: addPendingRequest at RaftClientRequest:client-04E303E22F97->s0@group-29167549509F, cid=110, seq=0, RW, Message:6d3131, entry=(t:1, i:23), STATEMACHINELOGENTRY, 110@client-04E303E22F97
2023-03-17 00:25:12,379 [s0-client-thread1] DEBUG server.RaftServer$Division (RaftServerImpl.java:submitClientRequestAsync(835)) - s0@group-29167549509F: receive client request(RaftClientRequest:client-04E303E22F97->s0@group-29167549509F, cid=111, seq=0, RW, Message:6d3132)
2023-03-17 00:25:12,379 [s0-client-thread1] DEBUG server.RaftServer$Division (LeaderStateImpl.java:addPendingRequest(474)) - s0@group-29167549509F-LeaderStateImpl: addPendingRequest at RaftClientRequest:client-04E303E22F97->s0@group-29167549509F, cid=111, seq=0, RW, Message:6d3132, entry=(t:1, i:25), STATEMACHINELOGENTRY, 111@client-04E303E22F97
2023-03-17 00:25:12,380 [s0-client-thread1] DEBUG server.RaftServer$Division (RaftServerImpl.java:submitClientRequestAsync(835)) - s0@group-29167549509F: receive client request(RaftClientRequest:client-04E303E22F97->s0@group-29167549509F, cid=112, seq=0, RW, Message:6d3133)
2023-03-17 00:25:12,380 [s0-client-thread1] DEBUG server.RaftServer$Division (LeaderStateImpl.java:addPendingRequest(474)) - s0@group-29167549509F-LeaderStateImpl: addPendingRequest at RaftClientRequest:client-04E303E22F97->s0@group-29167549509F, cid=112, seq=0, RW, Message:6d3133, entry=(t:1, i:27), STATEMACHINELOGENTRY, 112@client-04E303E22F97
2023-03-17 00:25:12,382 [s0-client-thread1] DEBUG server.RaftServer$Division (RaftServerImpl.java:submitClientRequestAsync(835)) - s0@group-29167549509F: receive client request(RaftClientRequest:client-04E303E22F97->s0@group-29167549509F, cid=113, seq=0, RW, Message:6d3134)
2023-03-17 00:25:12,383 [s0-client-thread1] DEBUG server.RaftServer$Division (LeaderStateImpl.java:addPendingRequest(474)) - s0@group-29167549509F-LeaderStateImpl: addPendingRequest at RaftClientRequest:client-04E303E22F97->s0@group-29167549509F, cid=113, seq=0, RW, Message:6d3134, entry=(t:1, i:29), STATEMACHINELOGENTRY, 113@client-04E303E22F97
2023-03-17 00:25:12,384 [s0-client-thread1] DEBUG server.RaftServer$Division (RaftServerImpl.java:submitClientRequestAsync(835)) - s0@group-29167549509F: receive client request(RaftClientRequest:client-04E303E22F97->s0@group-29167549509F, cid=114, seq=0, RW, Message:6d3135)
2023-03-17 00:25:12,384 [s0-client-thread1] DEBUG server.RaftServer$Division (LeaderStateImpl.java:addPendingRequest(474)) - s0@group-29167549509F-LeaderStateImpl: addPendingRequest at RaftClientRequest:client-04E303E22F97->s0@group-29167549509F, cid=114, seq=0, RW, Message:6d3135, entry=(t:1, i:31), STATEMACHINELOGENTRY, 114@client-04E303E22F97
2023-03-17 00:25:12,386 [s0-client-thread1] DEBUG server.RaftServer$Division (RaftServerImpl.java:submitClientRequestAsync(835)) - s0@group-29167549509F: receive client request(RaftClientRequest:client-04E303E22F97->s0@group-29167549509F, cid=115, seq=0, RW, Message:6d3136)
2023-03-17 00:25:12,386 [s0-client-thread1] DEBUG server.RaftServer$Division (LeaderStateImpl.java:addPendingRequest(474)) - s0@group-29167549509F-LeaderStateImpl: addPendingRequest at RaftClientRequest:client-04E303E22F97->s0@group-29167549509F, cid=115, seq=0, RW, Message:6d3136, entry=(t:1, i:33), STATEMACHINELOGENTRY, 115@client-04E303E22F97
2023-03-17 00:25:12,387 [s0-client-thread1] DEBUG server.RaftServer$Division (RaftServerImpl.java:submitClientRequestAsync(835)) - s0@group-29167549509F: receive client request(RaftClientRequest:client-04E303E22F97->s0@group-29167549509F, cid=116, seq=0, RW, Message:6d3137)
2023-03-17 00:25:12,387 [s0-client-thread1] DEBUG server.RaftServer$Division (LeaderStateImpl.java:addPendingRequest(474)) - s0@group-29167549509F-LeaderStateImpl: addPendingRequest at RaftClientRequest:client-04E303E22F97->s0@group-29167549509F, cid=116, seq=0, RW, Message:6d3137, entry=(t:1, i:35), STATEMACHINELOGENTRY, 116@client-04E303E22F97
2023-03-17 00:25:12,395 [s0-client-thread1] DEBUG server.RaftServer$Division (RaftServerImpl.java:submitClientRequestAsync(835)) - s0@group-29167549509F: receive client request(RaftClientRequest:client-04E303E22F97->s0@group-29167549509F, cid=117, seq=0, RW, Message:6d3138)
2023-03-17 00:25:12,396 [s0-client-thread1] DEBUG server.RaftServer$Division (LeaderStateImpl.java:addPendingRequest(474)) - s0@group-29167549509F-LeaderStateImpl: addPendingRequest at RaftClientRequest:client-04E303E22F97->s0@group-29167549509F, cid=117, seq=0, RW, Message:6d3138, entry=(t:1, i:37), STATEMACHINELOGENTRY, 117@client-04E303E22F97
2023-03-17 00:25:12,397 [s0-client-thread1] DEBUG server.RaftServer$Division (RaftServerImpl.java:submitClientRequestAsync(835)) - s0@group-29167549509F: receive client request(RaftClientRequest:client-04E303E22F97->s0@group-29167549509F, cid=118, seq=0, RW, Message:6d3139)
2023-03-17 00:25:12,397 [s0-client-thread1] DEBUG server.RaftServer$Division (LeaderStateImpl.java:addPendingRequest(474)) - s0@group-29167549509F-LeaderStateImpl: addPendingRequest at RaftClientRequest:client-04E303E22F97->s0@group-29167549509F, cid=118, seq=0, RW, Message:6d3139, entry=(t:1, i:39), STATEMACHINELOGENTRY, 118@client-04E303E22F97
2023-03-17 00:25:12,398 [Time-limited test] INFO  impl.MiniRaftCluster (MiniRaftCluster.java:addNewPeers(464)) - Add new peers [s1, s2]
2023-03-17 00:25:12,399 [Time-limited test] INFO  impl.MiniRaftCluster (MiniRaftCluster.java:newRaftServer(382)) - newRaftServer: s1, group-29167549509F:[s0|rpc:localhost:45597|admin:localhost:39213|client:localhost:37679|dataStream:localhost:34847|priority:0|startupRole:FOLLOWER, s1|priority:0|startupRole:FOLLOWER, s2|priority:0|startupRole:FOLLOWER], format? true
2023-03-17 00:25:12,399 [Time-limited test] TRACE util.FileUtils (FileUtils.java:deleteFully(201)) - deleteFully target/test/data/ce6527c6/MiniRaftClusterWithGrpc600c9161/s1
2023-03-17 00:25:12,399 [Time-limited test] TRACE util.FileUtils (FileUtils.java:deleteFully(217)) - deleteFully: target/test/data/ce6527c6/MiniRaftClusterWithGrpc600c9161/s1 does not exist.
2023-03-17 00:25:12,399 [Time-limited test] INFO  impl.MiniRaftCluster (MiniRaftCluster.java:newRaftServer(387)) - Formatted directory target/test/data/ce6527c6/MiniRaftClusterWithGrpc600c9161/s1
2023-03-17 00:25:12,399 [Time-limited test] INFO  server.RaftServer (ConfUtils.java:logGet(46)) - raft.rpc.type = GRPC (default)
2023-03-17 00:25:12,399 [Time-limited test] INFO  grpc.GrpcConfigKeys (ConfUtils.java:logFallback(53)) - raft.grpc.admin.host = null (fallback to raft.grpc.server.host)
2023-03-17 00:25:12,399 [Time-limited test] INFO  grpc.GrpcConfigKeys (ConfUtils.java:logFallback(53)) - raft.grpc.admin.port = 44561 (fallback to raft.grpc.server.port)
2023-03-17 00:25:12,399 [Time-limited test] INFO  grpc.GrpcConfigKeys (ConfUtils.java:logFallback(53)) - raft.grpc.client.host = null (fallback to raft.grpc.server.host)
2023-03-17 00:25:12,399 [Time-limited test] INFO  grpc.GrpcConfigKeys (ConfUtils.java:logFallback(53)) - raft.grpc.client.port = 44561 (fallback to raft.grpc.server.port)
2023-03-17 00:25:12,399 [Time-limited test] INFO  grpc.GrpcConfigKeys (ConfUtils.java:logGet(46)) - raft.grpc.server.host = null (default)
2023-03-17 00:25:12,399 [Time-limited test] INFO  grpc.GrpcConfigKeys (ConfUtils.java:logGet(46)) - raft.grpc.server.port = 44561 (custom)
2023-03-17 00:25:12,399 [Time-limited test] INFO  server.GrpcService (ConfUtils.java:logGet(46)) - raft.grpc.message.size.max = 64MB (=67108864) (default)
2023-03-17 00:25:12,399 [Time-limited test] INFO  server.RaftServerConfigKeys (ConfUtils.java:logGet(46)) - raft.server.log.appender.buffer.byte-limit = 4MB (=4194304) (default)
2023-03-17 00:25:12,399 [Time-limited test] INFO  server.GrpcService (ConfUtils.java:logGet(46)) - raft.grpc.flow.control.window = 1MB (=1048576) (default)
2023-03-17 00:25:12,399 [Time-limited test] INFO  server.RaftServerConfigKeys (ConfUtils.java:logGet(46)) - raft.server.rpc.request.timeout = 3000ms (default)
2023-03-17 00:25:12,400 [Time-limited test] INFO  grpc.GrpcConfigKeys (ConfUtils.java:logGet(46)) - raft.grpc.server.heartbeat.channel = true (default)
2023-03-17 00:25:12,400 [Time-limited test] INFO  grpc.GrpcConfigKeys (ConfUtils.java:logGet(46)) - raft.grpc.server.async.request.thread.pool.cached = true (default)
2023-03-17 00:25:12,400 [Time-limited test] INFO  grpc.GrpcConfigKeys (ConfUtils.java:logGet(46)) - raft.grpc.server.async.request.thread.pool.size = 32 (default)
2023-03-17 00:25:12,400 [Time-limited test] INFO  impl.DataStreamServerImpl (ConfUtils.java:logGet(46)) - raft.datastream.type = DISABLED (default)
2023-03-17 00:25:12,400 [Time-limited test] INFO  server.RaftServerConfigKeys (ConfUtils.java:logGet(46)) - raft.server.threadpool.proxy.cached = true (default)
2023-03-17 00:25:12,400 [Time-limited test] INFO  server.RaftServerConfigKeys (ConfUtils.java:logGet(46)) - raft.server.threadpool.proxy.size = 0 (default)
2023-03-17 00:25:12,400 [Time-limited test] INFO  server.RaftServerConfigKeys (ConfUtils.java:logGet(46)) - raft.server.rpc.slowness.timeout = 60s (default)
2023-03-17 00:25:12,400 [Time-limited test] INFO  server.RaftServerConfigKeys (ConfUtils.java:logGet(46)) - raft.server.leaderelection.leader.step-down.wait-time = 10s (default)
2023-03-17 00:25:12,400 [Time-limited test] INFO  server.RaftServerConfigKeys (ConfUtils.java:logGet(46)) - raft.server.storage.dir = [/home/runner/work/ratis/ratis/ratis-test/target/test/data/ce6527c6/MiniRaftClusterWithGrpc600c9161/s1] (custom)
2023-03-17 00:25:12,404 [Time-limited test] INFO  server.RaftServer (RaftServerProxy.java:addNew(99)) - s1: addNew group-29167549509F:[s0|rpc:localhost:45597|admin:localhost:39213|client:localhost:37679|dataStream:localhost:34847|priority:0|startupRole:FOLLOWER, s1|priority:0|startupRole:FOLLOWER, s2|priority:0|startupRole:FOLLOWER] returns group-29167549509F:java.util.concurrent.CompletableFuture@486a7228[Not completed]
2023-03-17 00:25:12,404 [Time-limited test] INFO  impl.MiniRaftCluster (MiniRaftCluster.java:newRaftServer(382)) - newRaftServer: s2, group-29167549509F:[s0|rpc:localhost:45597|admin:localhost:39213|client:localhost:37679|dataStream:localhost:34847|priority:0|startupRole:FOLLOWER, s1|priority:0|startupRole:FOLLOWER, s2|priority:0|startupRole:FOLLOWER], format? true
2023-03-17 00:25:12,404 [Time-limited test] TRACE util.FileUtils (FileUtils.java:deleteFully(201)) - deleteFully target/test/data/ce6527c6/MiniRaftClusterWithGrpc600c9161/s2
2023-03-17 00:25:12,404 [Time-limited test] TRACE util.FileUtils (FileUtils.java:deleteFully(217)) - deleteFully: target/test/data/ce6527c6/MiniRaftClusterWithGrpc600c9161/s2 does not exist.
2023-03-17 00:25:12,404 [Time-limited test] INFO  impl.MiniRaftCluster (MiniRaftCluster.java:newRaftServer(387)) - Formatted directory target/test/data/ce6527c6/MiniRaftClusterWithGrpc600c9161/s2
2023-03-17 00:25:12,404 [Time-limited test] INFO  server.RaftServer (ConfUtils.java:logGet(46)) - raft.rpc.type = GRPC (default)
2023-03-17 00:25:12,404 [Time-limited test] INFO  grpc.GrpcConfigKeys (ConfUtils.java:logFallback(53)) - raft.grpc.admin.host = null (fallback to raft.grpc.server.host)
2023-03-17 00:25:12,404 [Time-limited test] INFO  grpc.GrpcConfigKeys (ConfUtils.java:logFallback(53)) - raft.grpc.admin.port = 34673 (fallback to raft.grpc.server.port)
2023-03-17 00:25:12,404 [Time-limited test] INFO  grpc.GrpcConfigKeys (ConfUtils.java:logFallback(53)) - raft.grpc.client.host = null (fallback to raft.grpc.server.host)
2023-03-17 00:25:12,404 [Time-limited test] INFO  grpc.GrpcConfigKeys (ConfUtils.java:logFallback(53)) - raft.grpc.client.port = 34673 (fallback to raft.grpc.server.port)
2023-03-17 00:25:12,404 [Time-limited test] INFO  grpc.GrpcConfigKeys (ConfUtils.java:logGet(46)) - raft.grpc.server.host = null (default)
2023-03-17 00:25:12,404 [Time-limited test] INFO  grpc.GrpcConfigKeys (ConfUtils.java:logGet(46)) - raft.grpc.server.port = 34673 (custom)
2023-03-17 00:25:12,404 [Time-limited test] INFO  server.GrpcService (ConfUtils.java:logGet(46)) - raft.grpc.message.size.max = 64MB (=67108864) (default)
2023-03-17 00:25:12,404 [Time-limited test] INFO  server.RaftServerConfigKeys (ConfUtils.java:logGet(46)) - raft.server.log.appender.buffer.byte-limit = 4MB (=4194304) (default)
2023-03-17 00:25:12,404 [Time-limited test] INFO  server.GrpcService (ConfUtils.java:logGet(46)) - raft.grpc.flow.control.window = 1MB (=1048576) (default)
2023-03-17 00:25:12,404 [Time-limited test] INFO  server.RaftServerConfigKeys (ConfUtils.java:logGet(46)) - raft.server.rpc.request.timeout = 3000ms (default)
2023-03-17 00:25:12,404 [Time-limited test] INFO  grpc.GrpcConfigKeys (ConfUtils.java:logGet(46)) - raft.grpc.server.heartbeat.channel = true (default)
2023-03-17 00:25:12,405 [Time-limited test] INFO  grpc.GrpcConfigKeys (ConfUtils.java:logGet(46)) - raft.grpc.server.async.request.thread.pool.cached = true (default)
2023-03-17 00:25:12,405 [Time-limited test] INFO  grpc.GrpcConfigKeys (ConfUtils.java:logGet(46)) - raft.grpc.server.async.request.thread.pool.size = 32 (default)
2023-03-17 00:25:12,405 [Time-limited test] INFO  impl.DataStreamServerImpl (ConfUtils.java:logGet(46)) - raft.datastream.type = DISABLED (default)
2023-03-17 00:25:12,405 [Time-limited test] INFO  server.RaftServerConfigKeys (ConfUtils.java:logGet(46)) - raft.server.threadpool.proxy.cached = true (default)
2023-03-17 00:25:12,405 [Time-limited test] INFO  server.RaftServerConfigKeys (ConfUtils.java:logGet(46)) - raft.server.threadpool.proxy.size = 0 (default)
2023-03-17 00:25:12,405 [Time-limited test] INFO  server.RaftServerConfigKeys (ConfUtils.java:logGet(46)) - raft.server.rpc.slowness.timeout = 60s (default)
2023-03-17 00:25:12,405 [Time-limited test] INFO  server.RaftServerConfigKeys (ConfUtils.java:logGet(46)) - raft.server.leaderelection.leader.step-down.wait-time = 10s (default)
2023-03-17 00:25:12,405 [Time-limited test] INFO  server.RaftServerConfigKeys (ConfUtils.java:logGet(46)) - raft.server.storage.dir = [/home/runner/work/ratis/ratis/ratis-test/target/test/data/ce6527c6/MiniRaftClusterWithGrpc600c9161/s2] (custom)
2023-03-17 00:25:12,406 [s1-groupManagement] INFO  server.RaftServer$Division (RaftServerImpl.java:<init>(198)) - s1: new RaftServerImpl for group-29167549509F:[s0|rpc:localhost:45597|admin:localhost:39213|client:localhost:37679|dataStream:localhost:34847|priority:0|startupRole:FOLLOWER, s1|priority:0|startupRole:FOLLOWER, s2|priority:0|startupRole:FOLLOWER] with BaseStateMachine:uninitialized
2023-03-17 00:25:12,406 [s1-groupManagement] INFO  server.RaftServerConfigKeys (ConfUtils.java:logGet(46)) - raft.server.rpc.timeout.min = 150ms (default)
2023-03-17 00:25:12,406 [s1-groupManagement] INFO  server.RaftServerConfigKeys (ConfUtils.java:logGet(46)) - raft.server.rpc.timeout.max = 300ms (default)
2023-03-17 00:25:12,406 [s1-groupManagement] INFO  server.RaftServerConfigKeys (ConfUtils.java:logGet(46)) - raft.server.rpc.sleep.time = 25ms (default)
2023-03-17 00:25:12,406 [s1-groupManagement] INFO  server.RaftServerConfigKeys (ConfUtils.java:logGet(46)) - raft.server.rpc.slowness.timeout = 60s (default)
2023-03-17 00:25:12,406 [s1-groupManagement] INFO  server.RaftServerConfigKeys (ConfUtils.java:logGet(46)) - raft.server.leaderelection.leader.step-down.wait-time = 10s (default)
2023-03-17 00:25:12,406 [s1-groupManagement] INFO  server.RaftServerConfigKeys (ConfUtils.java:logGet(46)) - raft.server.sleep.deviation.threshold = 300ms (default)
2023-03-17 00:25:12,406 [s1-groupManagement] INFO  server.RaftServer$Division (ServerState.java:<init>(113)) - s1@group-29167549509F: ConfigurationManager, init=-1: peers:[s0|rpc:localhost:45597|admin:localhost:39213|client:localhost:37679|dataStream:localhost:34847|priority:0|startupRole:FOLLOWER, s1|priority:0|startupRole:FOLLOWER, s2|priority:0|startupRole:FOLLOWER]|listeners:[], old=null, confs=<EMPTY_MAP>
2023-03-17 00:25:12,406 [s1-groupManagement] INFO  server.RaftServerConfigKeys (ConfUtils.java:logGet(46)) - raft.server.notification.no-leader.timeout = 60s (default)
2023-03-17 00:25:12,406 [s1-groupManagement] INFO  server.RaftServerConfigKeys (ConfUtils.java:logGet(46)) - raft.server.read.timeout = 10s (default)
2023-03-17 00:25:12,406 [s1-groupManagement] INFO  server.RaftServerConfigKeys (ConfUtils.java:logGet(46)) - raft.server.retrycache.expirytime = 60s (default)
2023-03-17 00:25:12,406 [s1-groupManagement] INFO  server.RaftServerConfigKeys (ConfUtils.java:logGet(46)) - raft.server.retrycache.statistics.expirytime = 100μs (default)
2023-03-17 00:25:12,406 [s1-groupManagement] INFO  server.RaftServerConfigKeys (ConfUtils.java:logGet(46)) - raft.server.read.option = DEFAULT (default)
2023-03-17 00:25:12,406 [s1-groupManagement] INFO  server.RaftServerConfigKeys (ConfUtils.java:logGet(46)) - raft.server.log.appender.install.snapshot.enabled = true (default)
2023-03-17 00:25:12,407 [s1-groupManagement] INFO  server.RaftServerConfigKeys (ConfUtils.java:logGet(46)) - raft.server.threadpool.server.cached = true (default)
2023-03-17 00:25:12,407 [s1-groupManagement] INFO  server.RaftServerConfigKeys (ConfUtils.java:logGet(46)) - raft.server.threadpool.server.size = 0 (default)
2023-03-17 00:25:12,407 [s1-groupManagement] INFO  server.RaftServerConfigKeys (ConfUtils.java:logGet(46)) - raft.server.threadpool.client.cached = true (default)
2023-03-17 00:25:12,407 [s1-groupManagement] INFO  server.RaftServerConfigKeys (ConfUtils.java:logGet(46)) - raft.server.threadpool.client.size = 0 (default)
2023-03-17 00:25:12,407 [Time-limited test] INFO  server.RaftServer (RaftServerProxy.java:addNew(99)) - s2: addNew group-29167549509F:[s0|rpc:localhost:45597|admin:localhost:39213|client:localhost:37679|dataStream:localhost:34847|priority:0|startupRole:FOLLOWER, s1|priority:0|startupRole:FOLLOWER, s2|priority:0|startupRole:FOLLOWER] returns group-29167549509F:java.util.concurrent.CompletableFuture@4b4a07b3[Not completed]
2023-03-17 00:25:12,407 [s1-impl-thread1] INFO  server.RaftServerConfigKeys (ConfUtils.java:logGet(46)) - raft.server.storage.free-space.min = 0MB (=0) (default)
2023-03-17 00:25:12,407 [s1-impl-thread1] INFO  server.RaftServerConfigKeys (ConfUtils.java:logGet(46)) - raft.server.log.corruption.policy = EXCEPTION (default)
2023-03-17 00:25:12,407 [s1-impl-thread1] INFO  server.RaftServerConfigKeys (ConfUtils.java:logGet(46)) - raft.server.storage.dir = [/home/runner/work/ratis/ratis/ratis-test/target/test/data/ce6527c6/MiniRaftClusterWithGrpc600c9161/s1] (custom)
2023-03-17 00:25:12,407 [s1-impl-thread1] INFO  storage.RaftStorageDirectory (RaftStorageDirectoryImpl.java:analyzeStorage(138)) - The storage directory /home/runner/work/ratis/ratis/ratis-test/target/test/data/ce6527c6/MiniRaftClusterWithGrpc600c9161/s1/bc0d20aa-91e1-400a-8efc-29167549509f does not exist. Creating ...
2023-03-17 00:25:12,408 [s1-impl-thread1] TRACE util.FileUtils (LogUtils.java:runAndLog(49)) - Successfully ran Files.createDirectories /home/runner/work/ratis/ratis/ratis-test/target/test/data/ce6527c6/MiniRaftClusterWithGrpc600c9161/s1/bc0d20aa-91e1-400a-8efc-29167549509f
2023-03-17 00:25:12,408 [s2-groupManagement] INFO  server.RaftServer$Division (RaftServerImpl.java:<init>(198)) - s2: new RaftServerImpl for group-29167549509F:[s0|rpc:localhost:45597|admin:localhost:39213|client:localhost:37679|dataStream:localhost:34847|priority:0|startupRole:FOLLOWER, s1|priority:0|startupRole:FOLLOWER, s2|priority:0|startupRole:FOLLOWER] with BaseStateMachine:uninitialized
2023-03-17 00:25:12,408 [s2-groupManagement] INFO  server.RaftServerConfigKeys (ConfUtils.java:logGet(46)) - raft.server.rpc.timeout.min = 150ms (default)
2023-03-17 00:25:12,408 [s2-groupManagement] INFO  server.RaftServerConfigKeys (ConfUtils.java:logGet(46)) - raft.server.rpc.timeout.max = 300ms (default)
2023-03-17 00:25:12,408 [s2-groupManagement] INFO  server.RaftServerConfigKeys (ConfUtils.java:logGet(46)) - raft.server.rpc.sleep.time = 25ms (default)
2023-03-17 00:25:12,408 [s2-groupManagement] INFO  server.RaftServerConfigKeys (ConfUtils.java:logGet(46)) - raft.server.rpc.slowness.timeout = 60s (default)
2023-03-17 00:25:12,408 [s2-groupManagement] INFO  server.RaftServerConfigKeys (ConfUtils.java:logGet(46)) - raft.server.leaderelection.leader.step-down.wait-time = 10s (default)
2023-03-17 00:25:12,408 [s2-groupManagement] INFO  server.RaftServerConfigKeys (ConfUtils.java:logGet(46)) - raft.server.sleep.deviation.threshold = 300ms (default)
2023-03-17 00:25:12,408 [s2-groupManagement] INFO  server.RaftServer$Division (ServerState.java:<init>(113)) - s2@group-29167549509F: ConfigurationManager, init=-1: peers:[s0|rpc:localhost:45597|admin:localhost:39213|client:localhost:37679|dataStream:localhost:34847|priority:0|startupRole:FOLLOWER, s1|priority:0|startupRole:FOLLOWER, s2|priority:0|startupRole:FOLLOWER]|listeners:[], old=null, confs=<EMPTY_MAP>
2023-03-17 00:25:12,408 [s2-groupManagement] INFO  server.RaftServerConfigKeys (ConfUtils.java:logGet(46)) - raft.server.notification.no-leader.timeout = 60s (default)
2023-03-17 00:25:12,409 [s2-groupManagement] INFO  server.RaftServerConfigKeys (ConfUtils.java:logGet(46)) - raft.server.read.timeout = 10s (default)
2023-03-17 00:25:12,409 [s2-groupManagement] INFO  server.RaftServerConfigKeys (ConfUtils.java:logGet(46)) - raft.server.retrycache.expirytime = 60s (default)
2023-03-17 00:25:12,409 [s2-groupManagement] INFO  server.RaftServerConfigKeys (ConfUtils.java:logGet(46)) - raft.server.retrycache.statistics.expirytime = 100μs (default)
2023-03-17 00:25:12,409 [s2-groupManagement] INFO  server.RaftServerConfigKeys (ConfUtils.java:logGet(46)) - raft.server.read.option = DEFAULT (default)
2023-03-17 00:25:12,409 [s1-impl-thread1] INFO  storage.RaftStorageDirectory (RaftStorageDirectoryImpl.java:tryLock(232)) - Lock on /home/runner/work/ratis/ratis/ratis-test/target/test/data/ce6527c6/MiniRaftClusterWithGrpc600c9161/s1/bc0d20aa-91e1-400a-8efc-29167549509f/in_use.lock acquired by nodename 10276@fv-az426-358
2023-03-17 00:25:12,409 [s1-impl-thread1] TRACE util.FileUtils (LogUtils.java:runAndLog(49)) - Successfully ran Files.createDirectories /home/runner/work/ratis/ratis/ratis-test/target/test/data/ce6527c6/MiniRaftClusterWithGrpc600c9161/s1/bc0d20aa-91e1-400a-8efc-29167549509f/current
2023-03-17 00:25:12,409 [s2-groupManagement] INFO  server.RaftServerConfigKeys (ConfUtils.java:logGet(46)) - raft.server.log.appender.install.snapshot.enabled = true (default)
2023-03-17 00:25:12,409 [s1-impl-thread1] TRACE util.FileUtils (LogUtils.java:runAndLog(49)) - Successfully ran Files.createDirectories /home/runner/work/ratis/ratis/ratis-test/target/test/data/ce6527c6/MiniRaftClusterWithGrpc600c9161/s1/bc0d20aa-91e1-400a-8efc-29167549509f/sm
2023-03-17 00:25:12,409 [s2-groupManagement] INFO  server.RaftServerConfigKeys (ConfUtils.java:logGet(46)) - raft.server.threadpool.server.cached = true (default)
2023-03-17 00:25:12,409 [s2-groupManagement] INFO  server.RaftServerConfigKeys (ConfUtils.java:logGet(46)) - raft.server.threadpool.server.size = 0 (default)
2023-03-17 00:25:12,409 [s2-groupManagement] INFO  server.RaftServerConfigKeys (ConfUtils.java:logGet(46)) - raft.server.threadpool.client.cached = true (default)
2023-03-17 00:25:12,409 [s2-groupManagement] INFO  server.RaftServerConfigKeys (ConfUtils.java:logGet(46)) - raft.server.threadpool.client.size = 0 (default)
2023-03-17 00:25:12,410 [s1-impl-thread1] INFO  storage.RaftStorage (RaftStorageImpl.java:format(96)) - Storage directory /home/runner/work/ratis/ratis/ratis-test/target/test/data/ce6527c6/MiniRaftClusterWithGrpc600c9161/s1/bc0d20aa-91e1-400a-8efc-29167549509f has been successfully formatted.
2023-03-17 00:25:12,411 [s1-impl-thread1] INFO  server.RaftServerConfigKeys (ConfUtils.java:logGet(46)) - raft.server.log.use.memory = false (default)
2023-03-17 00:25:12,411 [s1-impl-thread1] INFO  server.RaftServerConfigKeys (ConfUtils.java:logGet(46)) - raft.server.log.purge.gap = 1024 (default)
2023-03-17 00:25:12,411 [s1-impl-thread1] INFO  server.RaftServerConfigKeys (ConfUtils.java:logGet(46)) - raft.server.log.appender.buffer.byte-limit = 4MB (=4194304) (default)
2023-03-17 00:25:12,411 [s1-impl-thread1] INFO  server.RaftServerConfigKeys (ConfUtils.java:logGet(46)) - raft.server.log.statemachine.data.read.timeout = 1000ms (default)
2023-03-17 00:25:12,411 [s1-impl-thread1] INFO  server.RaftServerConfigKeys (ConfUtils.java:logGet(46)) - raft.server.log.purge.preservation.log.num = 0 (default)
2023-03-17 00:25:12,411 [s1-impl-thread1] INFO  server.RaftServerConfigKeys (ConfUtils.java:logGet(46)) - raft.server.log.segment.size.max = 8MB (=8388608) (default)
2023-03-17 00:25:12,411 [s1-impl-thread1] INFO  server.RaftServerConfigKeys (ConfUtils.java:logGet(46)) - raft.server.log.segment.cache.num.max = 6 (default)
2023-03-17 00:25:12,411 [s1-impl-thread1] INFO  server.RaftServerConfigKeys (ConfUtils.java:logGet(46)) - raft.server.log.segment.cache.size.max = 200MB (=209715200) (default)
2023-03-17 00:25:12,411 [s1-impl-thread1] INFO  server.RaftServerConfigKeys (ConfUtils.java:logGet(46)) - raft.server.log.appender.buffer.byte-limit = 4MB (=4194304) (default)
2023-03-17 00:25:12,411 [s1-impl-thread1] INFO  segmented.SegmentedRaftLogWorker (SegmentedRaftLogWorker.java:<init>(183)) - new s1@group-29167549509F-SegmentedRaftLogWorker for RaftStorageImpl:Storage Directory /home/runner/work/ratis/ratis/ratis-test/target/test/data/ce6527c6/MiniRaftClusterWithGrpc600c9161/s1/bc0d20aa-91e1-400a-8efc-29167549509f
2023-03-17 00:25:12,411 [s1-impl-thread1] INFO  server.RaftServerConfigKeys (ConfUtils.java:logGet(46)) - raft.server.log.queue.byte-limit = 64MB (=67108864) (default)
2023-03-17 00:25:12,411 [s1-impl-thread1] INFO  server.RaftServerConfigKeys (ConfUtils.java:logGet(46)) - raft.server.log.queue.element-limit = 4096 (default)
2023-03-17 00:25:12,411 [s1-impl-thread1] INFO  server.RaftServerConfigKeys (ConfUtils.java:logGet(46)) - raft.server.log.segment.size.max = 8MB (=8388608) (default)
2023-03-17 00:25:12,411 [s1-impl-thread1] INFO  server.RaftServerConfigKeys (ConfUtils.java:logGet(46)) - raft.server.log.preallocated.size = 4MB (=4194304) (default)
2023-03-17 00:25:12,411 [s1-impl-thread1] INFO  server.RaftServerConfigKeys (ConfUtils.java:logGet(46)) - raft.server.log.force.sync.num = 128 (default)
2023-03-17 00:25:12,411 [s1-impl-thread1] INFO  server.RaftServerConfigKeys (ConfUtils.java:logGet(46)) - raft.server.log.statemachine.data.sync = true (default)
2023-03-17 00:25:12,411 [s1-impl-thread1] INFO  server.RaftServerConfigKeys (ConfUtils.java:logGet(46)) - raft.server.log.statemachine.data.sync.timeout = 10s (default)
2023-03-17 00:25:12,411 [s1-impl-thread1] INFO  server.RaftServerConfigKeys (ConfUtils.java:logGet(46)) - raft.server.log.statemachine.data.sync.timeout.retry = -1 (default)
2023-03-17 00:25:12,411 [s1-impl-thread1] INFO  server.RaftServerConfigKeys (ConfUtils.java:logGet(46)) - raft.server.log.write.buffer.size = 64KB (=65536) (default)
2023-03-17 00:25:12,411 [s1-impl-thread1] INFO  server.RaftServerConfigKeys (ConfUtils.java:logGet(46)) - raft.server.log.appender.buffer.byte-limit = 4MB (=4194304) (default)
2023-03-17 00:25:12,412 [s1-impl-thread1] INFO  server.RaftServerConfigKeys (ConfUtils.java:logGet(46)) - raft.server.log.unsafe-flush.enabled = false (default)
2023-03-17 00:25:12,412 [s1-impl-thread1] INFO  server.RaftServerConfigKeys (ConfUtils.java:logGet(46)) - raft.server.log.async-flush.enabled = false (default)
2023-03-17 00:25:12,412 [s1-impl-thread1] INFO  server.RaftServerConfigKeys (ConfUtils.java:logGet(46)) - raft.server.log.statemachine.data.caching.enabled = false (default)
2023-03-17 00:25:12,412 [s1-impl-thread1] INFO  segmented.SegmentedRaftLogWorker (SegmentedRaftLogWorker.java:lambda$new$0(134)) - s1@group-29167549509F-SegmentedRaftLogWorker: flushIndex: setUnconditionally 0 -> -1
2023-03-17 00:25:12,412 [s1-impl-thread1] INFO  segmented.SegmentedRaftLogWorker (SegmentedRaftLogWorker.java:lambda$new$0(134)) - s1@group-29167549509F-SegmentedRaftLogWorker: safeCacheEvictIndex: setUnconditionally 0 -> -1
2023-03-17 00:25:12,412 [s1-impl-thread1] INFO  server.RaftServer$Division (RaftServerImpl.java:start(342)) - s1@group-29167549509F: start as a follower, conf=-1: peers:[s0|rpc:localhost:45597|admin:localhost:39213|client:localhost:37679|dataStream:localhost:34847|priority:0|startupRole:FOLLOWER, s1|priority:0|startupRole:FOLLOWER, s2|priority:0|startupRole:FOLLOWER]|listeners:[], old=null
2023-03-17 00:25:12,412 [s1-impl-thread1] INFO  server.RaftServer$Division (RaftServerImpl.java:setRole(329)) - s1@group-29167549509F: changes role from      null to FOLLOWER at term 0 for startAsFollower
2023-03-17 00:25:12,413 [s1-impl-thread1] INFO  impl.RoleInfo (RoleInfo.java:updateAndGet(139)) - s1: start s1@group-29167549509F-FollowerState
2023-03-17 00:25:12,413 [s1@group-29167549509F-FollowerState] INFO  server.RaftServerConfigKeys (ConfUtils.java:logFallback(53)) - raft.server.rpc.first-election.timeout.min = 150ms (fallback to raft.server.rpc.timeout.min)
2023-03-17 00:25:12,413 [s1-impl-thread1] INFO  util.JmxRegister (JmxRegister.java:tryRegister(44)) - Successfully registered JMX Bean with object name Ratis:service=RaftServer,group=group-29167549509F,id=s1
2023-03-17 00:25:12,413 [s1-impl-thread1] INFO  server.RaftServerConfigKeys (ConfUtils.java:logGet(46)) - raft.server.snapshot.auto.trigger.enabled = false (default)
2023-03-17 00:25:12,413 [s1-impl-thread1] INFO  server.RaftServerConfigKeys (ConfUtils.java:logGet(46)) - raft.server.snapshot.retention.file.num = -1 (default)
2023-03-17 00:25:12,413 [s1-impl-thread1] INFO  server.RaftServerConfigKeys (ConfUtils.java:logGet(46)) - raft.server.log.purge.upto.snapshot.index = false (default)
2023-03-17 00:25:12,413 [Time-limited test] INFO  server.RaftServer (RaftServerProxy.java:startImpl(401)) - s1: start RPC server
2023-03-17 00:25:12,413 [s1@group-29167549509F-FollowerState] INFO  server.RaftServerConfigKeys (ConfUtils.java:logFallback(53)) - raft.server.rpc.first-election.timeout.max = 300ms (fallback to raft.server.rpc.timeout.max)
2023-03-17 00:25:12,413 [Time-limited test] INFO  server.GrpcService (GrpcService.java:startImpl(302)) - s1: GrpcService started, listening on 44561
2023-03-17 00:25:12,414 [s2-impl-thread1] INFO  server.RaftServerConfigKeys (ConfUtils.java:logGet(46)) - raft.server.storage.free-space.min = 0MB (=0) (default)
2023-03-17 00:25:12,414 [s2-impl-thread1] INFO  server.RaftServerConfigKeys (ConfUtils.java:logGet(46)) - raft.server.log.corruption.policy = EXCEPTION (default)
2023-03-17 00:25:12,414 [JvmPauseMonitor73] INFO  util.JvmPauseMonitor (JvmPauseMonitor.java:run(103)) - JvmPauseMonitor-s1: Started
2023-03-17 00:25:12,414 [s2-impl-thread1] INFO  server.RaftServerConfigKeys (ConfUtils.java:logGet(46)) - raft.server.storage.dir = [/home/runner/work/ratis/ratis/ratis-test/target/test/data/ce6527c6/MiniRaftClusterWithGrpc600c9161/s2] (custom)
2023-03-17 00:25:12,414 [s2-impl-thread1] INFO  storage.RaftStorageDirectory (RaftStorageDirectoryImpl.java:analyzeStorage(138)) - The storage directory /home/runner/work/ratis/ratis/ratis-test/target/test/data/ce6527c6/MiniRaftClusterWithGrpc600c9161/s2/bc0d20aa-91e1-400a-8efc-29167549509f does not exist. Creating ...
2023-03-17 00:25:12,414 [s2-impl-thread1] TRACE util.FileUtils (LogUtils.java:runAndLog(49)) - Successfully ran Files.createDirectories /home/runner/work/ratis/ratis/ratis-test/target/test/data/ce6527c6/MiniRaftClusterWithGrpc600c9161/s2/bc0d20aa-91e1-400a-8efc-29167549509f
2023-03-17 00:25:12,415 [s2-impl-thread1] INFO  storage.RaftStorageDirectory (RaftStorageDirectoryImpl.java:tryLock(232)) - Lock on /home/runner/work/ratis/ratis/ratis-test/target/test/data/ce6527c6/MiniRaftClusterWithGrpc600c9161/s2/bc0d20aa-91e1-400a-8efc-29167549509f/in_use.lock acquired by nodename 10276@fv-az426-358
2023-03-17 00:25:12,415 [s2-impl-thread1] TRACE util.FileUtils (LogUtils.java:runAndLog(49)) - Successfully ran Files.createDirectories /home/runner/work/ratis/ratis/ratis-test/target/test/data/ce6527c6/MiniRaftClusterWithGrpc600c9161/s2/bc0d20aa-91e1-400a-8efc-29167549509f/current
2023-03-17 00:25:12,415 [s2-impl-thread1] TRACE util.FileUtils (LogUtils.java:runAndLog(49)) - Successfully ran Files.createDirectories /home/runner/work/ratis/ratis/ratis-test/target/test/data/ce6527c6/MiniRaftClusterWithGrpc600c9161/s2/bc0d20aa-91e1-400a-8efc-29167549509f/sm
2023-03-17 00:25:12,417 [s2-impl-thread1] INFO  storage.RaftStorage (RaftStorageImpl.java:format(96)) - Storage directory /home/runner/work/ratis/ratis/ratis-test/target/test/data/ce6527c6/MiniRaftClusterWithGrpc600c9161/s2/bc0d20aa-91e1-400a-8efc-29167549509f has been successfully formatted.
2023-03-17 00:25:12,417 [s2-impl-thread1] INFO  server.RaftServerConfigKeys (ConfUtils.java:logGet(46)) - raft.server.log.use.memory = false (default)
2023-03-17 00:25:12,417 [s2-impl-thread1] INFO  server.RaftServerConfigKeys (ConfUtils.java:logGet(46)) - raft.server.log.purge.gap = 1024 (default)
2023-03-17 00:25:12,417 [s2-impl-thread1] INFO  server.RaftServerConfigKeys (ConfUtils.java:logGet(46)) - raft.server.log.appender.buffer.byte-limit = 4MB (=4194304) (default)
2023-03-17 00:25:12,417 [s2-impl-thread1] INFO  server.RaftServerConfigKeys (ConfUtils.java:logGet(46)) - raft.server.log.statemachine.data.read.timeout = 1000ms (default)
2023-03-17 00:25:12,417 [s2-impl-thread1] INFO  server.RaftServerConfigKeys (ConfUtils.java:logGet(46)) - raft.server.log.purge.preservation.log.num = 0 (default)
2023-03-17 00:25:12,417 [s2-impl-thread1] INFO  server.RaftServerConfigKeys (ConfUtils.java:logGet(46)) - raft.server.log.segment.size.max = 8MB (=8388608) (default)
2023-03-17 00:25:12,417 [s2-impl-thread1] INFO  server.RaftServerConfigKeys (ConfUtils.java:logGet(46)) - raft.server.log.segment.cache.num.max = 6 (default)
2023-03-17 00:25:12,417 [s2-impl-thread1] INFO  server.RaftServerConfigKeys (ConfUtils.java:logGet(46)) - raft.server.log.segment.cache.size.max = 200MB (=209715200) (default)
2023-03-17 00:25:12,417 [s2-impl-thread1] INFO  server.RaftServerConfigKeys (ConfUtils.java:logGet(46)) - raft.server.log.appender.buffer.byte-limit = 4MB (=4194304) (default)
2023-03-17 00:25:12,417 [s2-impl-thread1] INFO  segmented.SegmentedRaftLogWorker (SegmentedRaftLogWorker.java:<init>(183)) - new s2@group-29167549509F-SegmentedRaftLogWorker for RaftStorageImpl:Storage Directory /home/runner/work/ratis/ratis/ratis-test/target/test/data/ce6527c6/MiniRaftClusterWithGrpc600c9161/s2/bc0d20aa-91e1-400a-8efc-29167549509f
2023-03-17 00:25:12,417 [s2-impl-thread1] INFO  server.RaftServerConfigKeys (ConfUtils.java:logGet(46)) - raft.server.log.queue.byte-limit = 64MB (=67108864) (default)
2023-03-17 00:25:12,417 [s2-impl-thread1] INFO  server.RaftServerConfigKeys (ConfUtils.java:logGet(46)) - raft.server.log.queue.element-limit = 4096 (default)
2023-03-17 00:25:12,417 [s2-impl-thread1] INFO  server.RaftServerConfigKeys (ConfUtils.java:logGet(46)) - raft.server.log.segment.size.max = 8MB (=8388608) (default)
2023-03-17 00:25:12,417 [s2-impl-thread1] INFO  server.RaftServerConfigKeys (ConfUtils.java:logGet(46)) - raft.server.log.preallocated.size = 4MB (=4194304) (default)
2023-03-17 00:25:12,417 [s2-impl-thread1] INFO  server.RaftServerConfigKeys (ConfUtils.java:logGet(46)) - raft.server.log.force.sync.num = 128 (default)
2023-03-17 00:25:12,417 [s2-impl-thread1] INFO  server.RaftServerConfigKeys (ConfUtils.java:logGet(46)) - raft.server.log.statemachine.data.sync = true (default)
2023-03-17 00:25:12,417 [s2-impl-thread1] INFO  server.RaftServerConfigKeys (ConfUtils.java:logGet(46)) - raft.server.log.statemachine.data.sync.timeout = 10s (default)
2023-03-17 00:25:12,417 [s2-impl-thread1] INFO  server.RaftServerConfigKeys (ConfUtils.java:logGet(46)) - raft.server.log.statemachine.data.sync.timeout.retry = -1 (default)
2023-03-17 00:25:12,417 [s2-impl-thread1] INFO  server.RaftServerConfigKeys (ConfUtils.java:logGet(46)) - raft.server.log.write.buffer.size = 64KB (=65536) (default)
2023-03-17 00:25:12,418 [s2-impl-thread1] INFO  server.RaftServerConfigKeys (ConfUtils.java:logGet(46)) - raft.server.log.appender.buffer.byte-limit = 4MB (=4194304) (default)
2023-03-17 00:25:12,418 [s2-impl-thread1] INFO  server.RaftServerConfigKeys (ConfUtils.java:logGet(46)) - raft.server.log.unsafe-flush.enabled = false (default)
2023-03-17 00:25:12,418 [s2-impl-thread1] INFO  server.RaftServerConfigKeys (ConfUtils.java:logGet(46)) - raft.server.log.async-flush.enabled = false (default)
2023-03-17 00:25:12,418 [s2-impl-thread1] INFO  server.RaftServerConfigKeys (ConfUtils.java:logGet(46)) - raft.server.log.statemachine.data.caching.enabled = false (default)
2023-03-17 00:25:12,418 [s2-impl-thread1] INFO  segmented.SegmentedRaftLogWorker (SegmentedRaftLogWorker.java:lambda$new$0(134)) - s2@group-29167549509F-SegmentedRaftLogWorker: flushIndex: setUnconditionally 0 -> -1
2023-03-17 00:25:12,418 [s2-impl-thread1] INFO  segmented.SegmentedRaftLogWorker (SegmentedRaftLogWorker.java:lambda$new$0(134)) - s2@group-29167549509F-SegmentedRaftLogWorker: safeCacheEvictIndex: setUnconditionally 0 -> -1
2023-03-17 00:25:12,418 [s2-impl-thread1] INFO  server.RaftServer$Division (RaftServerImpl.java:start(342)) - s2@group-29167549509F: start as a follower, conf=-1: peers:[s0|rpc:localhost:45597|admin:localhost:39213|client:localhost:37679|dataStream:localhost:34847|priority:0|startupRole:FOLLOWER, s1|priority:0|startupRole:FOLLOWER, s2|priority:0|startupRole:FOLLOWER]|listeners:[], old=null
2023-03-17 00:25:12,419 [s2-impl-thread1] INFO  server.RaftServer$Division (RaftServerImpl.java:setRole(329)) - s2@group-29167549509F: changes role from      null to FOLLOWER at term 0 for startAsFollower
2023-03-17 00:25:12,419 [s2-impl-thread1] INFO  impl.RoleInfo (RoleInfo.java:updateAndGet(139)) - s2: start s2@group-29167549509F-FollowerState
2023-03-17 00:25:12,419 [s2-impl-thread1] INFO  util.JmxRegister (JmxRegister.java:tryRegister(44)) - Successfully registered JMX Bean with object name Ratis:service=RaftServer,group=group-29167549509F,id=s2
2023-03-17 00:25:12,419 [s2-impl-thread1] INFO  server.RaftServerConfigKeys (ConfUtils.java:logGet(46)) - raft.server.snapshot.auto.trigger.enabled = false (default)
2023-03-17 00:25:12,419 [s2-impl-thread1] INFO  server.RaftServerConfigKeys (ConfUtils.java:logGet(46)) - raft.server.snapshot.retention.file.num = -1 (default)
2023-03-17 00:25:12,419 [s2-impl-thread1] INFO  server.RaftServerConfigKeys (ConfUtils.java:logGet(46)) - raft.server.log.purge.upto.snapshot.index = false (default)
2023-03-17 00:25:12,419 [Time-limited test] INFO  server.RaftServer (RaftServerProxy.java:startImpl(401)) - s2: start RPC server
2023-03-17 00:25:12,419 [s2@group-29167549509F-FollowerState] INFO  server.RaftServerConfigKeys (ConfUtils.java:logFallback(53)) - raft.server.rpc.first-election.timeout.min = 150ms (fallback to raft.server.rpc.timeout.min)
2023-03-17 00:25:12,419 [s2@group-29167549509F-FollowerState] INFO  server.RaftServerConfigKeys (ConfUtils.java:logFallback(53)) - raft.server.rpc.first-election.timeout.max = 300ms (fallback to raft.server.rpc.timeout.max)
2023-03-17 00:25:12,419 [Time-limited test] INFO  server.GrpcService (GrpcService.java:startImpl(302)) - s2: GrpcService started, listening on 34673
2023-03-17 00:25:12,420 [Time-limited test] INFO  grpc.TestRaftReconfigurationWithGrpc (RaftReconfigurationBaseTest.java:runTestBootstrapReconf(406)) - Start changing the configuration: [s1|rpc:0.0.0.0:44561|priority:0|startupRole:FOLLOWER, s2|rpc:0.0.0.0:34673|priority:0|startupRole:FOLLOWER, s0|rpc:localhost:45597|admin:localhost:39213|client:localhost:37679|dataStream:localhost:34847|priority:0|startupRole:FOLLOWER]
2023-03-17 00:25:12,420 [JvmPauseMonitor74] INFO  util.JvmPauseMonitor (JvmPauseMonitor.java:run(103)) - JvmPauseMonitor-s2: Started
2023-03-17 00:25:12,423 [s0-server-thread1] INFO  server.RaftServer$Division (RaftServerImpl.java:setConfigurationAsync(1197)) - s0@group-29167549509F: receive setConfiguration SetConfigurationRequest:client-04E303E22F97->s0@group-29167549509F, cid=119, seq=0, RW, null, SET_UNCONDITIONALLY, servers:[s1|rpc:0.0.0.0:44561|dataStream:|priority:0|startupRole:FOLLOWER, s2|rpc:0.0.0.0:34673|dataStream:|priority:0|startupRole:FOLLOWER, s0|rpc:localhost:45597|admin:localhost:39213|client:localhost:37679|dataStream:localhost:34847|priority:0|startupRole:FOLLOWER], listeners:[]
2023-03-17 00:25:12,423 [s0-server-thread1] INFO  server.RaftServer$Division (LeaderStateImpl.java:startSetConfiguration(440)) - s0@group-29167549509F-LeaderStateImpl: startSetConfiguration SetConfigurationRequest:client-04E303E22F97->s0@group-29167549509F, cid=119, seq=0, RW, null, SET_UNCONDITIONALLY, servers:[s1|rpc:0.0.0.0:44561|dataStream:|priority:0|startupRole:FOLLOWER, s2|rpc:0.0.0.0:34673|dataStream:|priority:0|startupRole:FOLLOWER, s0|rpc:localhost:45597|admin:localhost:39213|client:localhost:37679|dataStream:localhost:34847|priority:0|startupRole:FOLLOWER], listeners:[]
2023-03-17 00:25:12,423 [s0-server-thread1] INFO  server.RaftServerConfigKeys (ConfUtils.java:logGet(46)) - raft.server.log.appender.snapshot.chunk.size.max = 16MB (=16777216) (default)
2023-03-17 00:25:12,423 [s0-server-thread1] INFO  server.RaftServerConfigKeys (ConfUtils.java:logGet(46)) - raft.server.log.appender.buffer.byte-limit = 4MB (=4194304) (default)
2023-03-17 00:25:12,423 [s0-server-thread1] INFO  server.RaftServerConfigKeys (ConfUtils.java:logGet(46)) - raft.server.log.appender.buffer.element-limit = 0 (default)
2023-03-17 00:25:12,424 [s0-server-thread1] INFO  server.RaftServerConfigKeys (ConfUtils.java:logGet(46)) - raft.server.log.appender.wait-time.min = 10ms (default)
2023-03-17 00:25:12,424 [s0-server-thread1] INFO  grpc.GrpcConfigKeys (ConfUtils.java:logGet(46)) - raft.grpc.server.leader.outstanding.appends.max = 128 (default)
2023-03-17 00:25:12,424 [s0-server-thread1] INFO  server.RaftServerConfigKeys (ConfUtils.java:logGet(46)) - raft.server.rpc.request.timeout = 3000ms (default)
2023-03-17 00:25:12,424 [s0-server-thread1] INFO  grpc.GrpcConfigKeys (ConfUtils.java:logGet(46)) - raft.grpc.server.install_snapshot.request.element-limit = 8 (default)
2023-03-17 00:25:12,424 [s0-server-thread1] INFO  grpc.GrpcConfigKeys (ConfUtils.java:logGet(46)) - raft.grpc.server.install_snapshot.request.timeout = 3000ms (default)
2023-03-17 00:25:12,424 [s0-server-thread1] INFO  server.RaftServerConfigKeys (ConfUtils.java:logGet(46)) - raft.server.log.appender.install.snapshot.enabled = true (default)
2023-03-17 00:25:12,424 [s0-server-thread1] INFO  grpc.GrpcConfigKeys (ConfUtils.java:logGet(46)) - raft.grpc.server.heartbeat.channel = true (default)
2023-03-17 00:25:12,424 [s0-server-thread1] INFO  server.RaftServerConfigKeys (ConfUtils.java:logGet(46)) - raft.server.log.appender.snapshot.chunk.size.max = 16MB (=16777216) (default)
2023-03-17 00:25:12,424 [s0-server-thread1] INFO  server.RaftServerConfigKeys (ConfUtils.java:logGet(46)) - raft.server.log.appender.buffer.byte-limit = 4MB (=4194304) (default)
2023-03-17 00:25:12,424 [s0-server-thread1] INFO  server.RaftServerConfigKeys (ConfUtils.java:logGet(46)) - raft.server.log.appender.buffer.element-limit = 0 (default)
2023-03-17 00:25:12,424 [s0-server-thread1] INFO  server.RaftServerConfigKeys (ConfUtils.java:logGet(46)) - raft.server.log.appender.wait-time.min = 10ms (default)
2023-03-17 00:25:12,424 [s0-server-thread1] INFO  grpc.GrpcConfigKeys (ConfUtils.java:logGet(46)) - raft.grpc.server.leader.outstanding.appends.max = 128 (default)
2023-03-17 00:25:12,424 [s0-server-thread1] INFO  server.RaftServerConfigKeys (ConfUtils.java:logGet(46)) - raft.server.rpc.request.timeout = 3000ms (default)
2023-03-17 00:25:12,424 [s0-server-thread1] INFO  grpc.GrpcConfigKeys (ConfUtils.java:logGet(46)) - raft.grpc.server.install_snapshot.request.element-limit = 8 (default)
2023-03-17 00:25:12,424 [s0-server-thread1] INFO  grpc.GrpcConfigKeys (ConfUtils.java:logGet(46)) - raft.grpc.server.install_snapshot.request.timeout = 3000ms (default)
2023-03-17 00:25:12,424 [s0-server-thread1] INFO  server.RaftServerConfigKeys (ConfUtils.java:logGet(46)) - raft.server.log.appender.install.snapshot.enabled = true (default)
2023-03-17 00:25:12,424 [s0-server-thread1] INFO  grpc.GrpcConfigKeys (ConfUtils.java:logGet(46)) - raft.grpc.server.heartbeat.channel = true (default)
2023-03-17 00:25:12,427 [s0@group-29167549509F->s1-GrpcLogAppender-LogAppenderDaemon] INFO  leader.FollowerInfo (FollowerInfoImpl.java:setAttemptedToInstallSnapshot(126)) - Follower s0@group-29167549509F->s1 acknowledged installing snapshot
2023-03-17 00:25:12,427 [s0@group-29167549509F->s1-GrpcLogAppender-LogAppenderDaemon] INFO  server.GrpcServerProtocolClient (GrpcServerProtocolClient.java:<init>(64)) - Build channel for s1
2023-03-17 00:25:12,435 [s0@group-29167549509F->s2-GrpcLogAppender-LogAppenderDaemon] INFO  leader.FollowerInfo (FollowerInfoImpl.java:setAttemptedToInstallSnapshot(126)) - Follower s0@group-29167549509F->s2 acknowledged installing snapshot
2023-03-17 00:25:12,435 [s0@group-29167549509F->s2-GrpcLogAppender-LogAppenderDaemon] INFO  server.GrpcServerProtocolClient (GrpcServerProtocolClient.java:<init>(64)) - Build channel for s2
2023-03-17 00:25:12,441 [s1-server-thread1] INFO  server.RaftServer$Division (ServerState.java:setLeader(260)) - s1@group-29167549509F: change Leader from null to s0 at term 1 for appendEntries, leader elected after 34ms
2023-03-17 00:25:12,441 [s1-server-thread2] DEBUG server.RaftServer$Division (RaftServerImpl.java:logAppendEntries(1430)) - s1@group-29167549509F: receive appendEntries(s0, 1, null, 40, false, commits:[s0:c40, s1:c-1, s2:c-1], cId:1, entries: [(t:1, i:0), CONFIGURATIONENTRY(current:id: "s0"
address: "localhost:45597"
dataStreamAddress: "localhost:34847"
clientAddress: "localhost:37679"
adminAddress: "localhost:39213"
startupRole: FOLLOWER
, old:), (t:1, i:1), STATEMACHINELOGENTRY, 99@client-04E303E22F97, (t:1, i:2), METADATAENTRY(c:1), (t:1, i:3), STATEMACHINELOGENTRY, 100@client-04E303E22F97, (t:1, i:4), METADATAENTRY(c:3), (t:1, i:5), STATEMACHINELOGENTRY, 101@client-04E303E22F97, (t:1, i:6), METADATAENTRY(c:5), (t:1, i:7), STATEMACHINELOGENTRY, 102@client-04E303E22F97, (t:1, i:8), METADATAENTRY(c:7), (t:1, i:9), STATEMACHINELOGENTRY, 103@client-04E303E22F97, (t:1, i:10), METADATAENTRY(c:9), (t:1, i:11), STATEMACHINELOGENTRY, 104@client-04E303E22F97, (t:1, i:12), METADATAENTRY(c:11), (t:1, i:13), STATEMACHINELOGENTRY, 105@client-04E303E22F97, (t:1, i:14), METADATAENTRY(c:13), (t:1, i:15), STATEMACHINELOGENTRY, 106@client-04E303E22F97, (t:1, i:16), METADATAENTRY(c:15), (t:1, i:17), STATEMACHINELOGENTRY, 107@client-04E303E22F97, (t:1, i:18), METADATAENTRY(c:17), (t:1, i:19), STATEMACHINELOGENTRY, 108@client-04E303E22F97, (t:1, i:20), METADATAENTRY(c:19), (t:1, i:21), STATEMACHINELOGENTRY, 109@client-04E303E22F97, (t:1, i:22), METADATAENTRY(c:21), (t:1, i:23), STATEMACHINELOGENTRY, 110@client-04E303E22F97, (t:1, i:24), METADATAENTRY(c:23), (t:1, i:25), STATEMACHINELOGENTRY, 111@client-04E303E22F97, (t:1, i:26), METADATAENTRY(c:25), (t:1, i:27), STATEMACHINELOGENTRY, 112@client-04E303E22F97, (t:1, i:28), METADATAENTRY(c:27), (t:1, i:29), STATEMACHINELOGENTRY, 113@client-04E303E22F97, (t:1, i:30), METADATAENTRY(c:29), (t:1, i:31), STATEMACHINELOGENTRY, 114@client-04E303E22F97, (t:1, i:32), METADATAENTRY(c:31), (t:1, i:33), STATEMACHINELOGENTRY, 115@client-04E303E22F97, (t:1, i:34), METADATAENTRY(c:33), (t:1, i:35), STATEMACHINELOGENTRY, 116@client-04E303E22F97, (t:1, i:36), METADATAENTRY(c:35), (t:1, i:37), STATEMACHINELOGENTRY, 117@client-04E303E22F97, (t:1, i:38), METADATAENTRY(c:37), (t:1, i:39), STATEMACHINELOGENTRY, 118@client-04E303E22F97, (t:1, i:40), METADATAENTRY(c:39)]
2023-03-17 00:25:12,441 [s2-server-thread1] INFO  server.RaftServer$Division (ServerState.java:setLeader(260)) - s2@group-29167549509F: change Leader from null to s0 at term 1 for appendEntries, leader elected after 32ms
2023-03-17 00:25:12,443 [s1-server-thread2] INFO  server.RaftServer$Division (ServerState.java:setRaftConf(378)) - s1@group-29167549509F: set configuration 0: peers:[s0|rpc:localhost:45597|admin:localhost:39213|client:localhost:37679|dataStream:localhost:34847|priority:0|startupRole:FOLLOWER]|listeners:[], old=null
2023-03-17 00:25:12,444 [s1-server-thread2] INFO  segmented.SegmentedRaftLogWorker (SegmentedRaftLogWorker.java:startLogSegment(426)) - s1@group-29167549509F-SegmentedRaftLogWorker: Starting segment from index:0
2023-03-17 00:25:12,454 [s1@group-29167549509F-SegmentedRaftLogWorker] INFO  segmented.SegmentedRaftLogWorker (SegmentedRaftLogWorker.java:execute(630)) - s1@group-29167549509F-SegmentedRaftLogWorker: created new log segment /home/runner/work/ratis/ratis/ratis-test/target/test/data/ce6527c6/MiniRaftClusterWithGrpc600c9161/s1/bc0d20aa-91e1-400a-8efc-29167549509f/current/log_inprogress_0
2023-03-17 00:25:12,455 [s1-server-thread3] DEBUG server.RaftServer$Division (RaftServerImpl.java:logAppendEntries(1430)) - s1@group-29167549509F: succeeded to handle AppendEntries. Reply: s0<-s1#1:OK-t1,SUCCESS,nextIndex=41,followerCommit=40,matchIndex=40
2023-03-17 00:25:12,457 [s2-server-thread3] DEBUG server.RaftServer$Division (RaftServerImpl.java:logAppendEntries(1430)) - s2@group-29167549509F: receive appendEntries(s0, 1, null, 40, false, commits:[s0:c40, s1:c-1, s2:c-1], cId:1, entries: [(t:1, i:0), CONFIGURATIONENTRY(current:id: "s0"
address: "localhost:45597"
dataStreamAddress: "localhost:34847"
clientAddress: "localhost:37679"
adminAddress: "localhost:39213"
startupRole: FOLLOWER
, old:), (t:1, i:1), STATEMACHINELOGENTRY, 99@client-04E303E22F97, (t:1, i:2), METADATAENTRY(c:1), (t:1, i:3), STATEMACHINELOGENTRY, 100@client-04E303E22F97, (t:1, i:4), METADATAENTRY(c:3), (t:1, i:5), STATEMACHINELOGENTRY, 101@client-04E303E22F97, (t:1, i:6), METADATAENTRY(c:5), (t:1, i:7), STATEMACHINELOGENTRY, 102@client-04E303E22F97, (t:1, i:8), METADATAENTRY(c:7), (t:1, i:9), STATEMACHINELOGENTRY, 103@client-04E303E22F97, (t:1, i:10), METADATAENTRY(c:9), (t:1, i:11), STATEMACHINELOGENTRY, 104@client-04E303E22F97, (t:1, i:12), METADATAENTRY(c:11), (t:1, i:13), STATEMACHINELOGENTRY, 105@client-04E303E22F97, (t:1, i:14), METADATAENTRY(c:13), (t:1, i:15), STATEMACHINELOGENTRY, 106@client-04E303E22F97, (t:1, i:16), METADATAENTRY(c:15), (t:1, i:17), STATEMACHINELOGENTRY, 107@client-04E303E22F97, (t:1, i:18), METADATAENTRY(c:17), (t:1, i:19), STATEMACHINELOGENTRY, 108@client-04E303E22F97, (t:1, i:20), METADATAENTRY(c:19), (t:1, i:21), STATEMACHINELOGENTRY, 109@client-04E303E22F97, (t:1, i:22), METADATAENTRY(c:21), (t:1, i:23), STATEMACHINELOGENTRY, 110@client-04E303E22F97, (t:1, i:24), METADATAENTRY(c:23), (t:1, i:25), STATEMACHINELOGENTRY, 111@client-04E303E22F97, (t:1, i:26), METADATAENTRY(c:25), (t:1, i:27), STATEMACHINELOGENTRY, 112@client-04E303E22F97, (t:1, i:28), METADATAENTRY(c:27), (t:1, i:29), STATEMACHINELOGENTRY, 113@client-04E303E22F97, (t:1, i:30), METADATAENTRY(c:29), (t:1, i:31), STATEMACHINELOGENTRY, 114@client-04E303E22F97, (t:1, i:32), METADATAENTRY(c:31), (t:1, i:33), STATEMACHINELOGENTRY, 115@client-04E303E22F97, (t:1, i:34), METADATAENTRY(c:33), (t:1, i:35), STATEMACHINELOGENTRY, 116@client-04E303E22F97, (t:1, i:36), METADATAENTRY(c:35), (t:1, i:37), STATEMACHINELOGENTRY, 117@client-04E303E22F97, (t:1, i:38), METADATAENTRY(c:37), (t:1, i:39), STATEMACHINELOGENTRY, 118@client-04E303E22F97, (t:1, i:40), METADATAENTRY(c:39)]
2023-03-17 00:25:12,483 [s2-server-thread3] INFO  server.RaftServer$Division (ServerState.java:setRaftConf(378)) - s2@group-29167549509F: set configuration 0: peers:[s0|rpc:localhost:45597|admin:localhost:39213|client:localhost:37679|dataStream:localhost:34847|priority:0|startupRole:FOLLOWER]|listeners:[], old=null
2023-03-17 00:25:12,484 [s2-server-thread3] INFO  segmented.SegmentedRaftLogWorker (SegmentedRaftLogWorker.java:startLogSegment(426)) - s2@group-29167549509F-SegmentedRaftLogWorker: Starting segment from index:0
2023-03-17 00:25:12,494 [s2@group-29167549509F-SegmentedRaftLogWorker] INFO  segmented.SegmentedRaftLogWorker (SegmentedRaftLogWorker.java:execute(630)) - s2@group-29167549509F-SegmentedRaftLogWorker: created new log segment /home/runner/work/ratis/ratis/ratis-test/target/test/data/ce6527c6/MiniRaftClusterWithGrpc600c9161/s2/bc0d20aa-91e1-400a-8efc-29167549509f/current/log_inprogress_0
2023-03-17 00:25:12,495 [s2-server-thread3] DEBUG server.RaftServer$Division (RaftServerImpl.java:logAppendEntries(1430)) - s2@group-29167549509F: succeeded to handle AppendEntries. Reply: s0<-s2#1:OK-t1,SUCCESS,nextIndex=41,followerCommit=40,matchIndex=40
2023-03-17 00:25:12,497 [s0@group-29167549509F-LeaderStateImpl] INFO  server.RaftServer$Division (ServerState.java:setRaftConf(378)) - s0@group-29167549509F: set configuration 41: peers:[s0|rpc:localhost:45597|admin:localhost:39213|client:localhost:37679|dataStream:localhost:34847|priority:0|startupRole:FOLLOWER, s1|rpc:0.0.0.0:44561|dataStream:|priority:0|startupRole:FOLLOWER, s2|rpc:0.0.0.0:34673|dataStream:|priority:0|startupRole:FOLLOWER]|listeners:[], old=peers:[s0|rpc:localhost:45597|admin:localhost:39213|client:localhost:37679|dataStream:localhost:34847|priority:0|startupRole:FOLLOWER]|listeners:[]
2023-03-17 00:25:12,497 [s1-server-thread3] DEBUG server.RaftServer$Division (RaftServerImpl.java:logAppendEntries(1430)) - s1@group-29167549509F: receive appendEntries(s0, 1, (t:1, i:40), 40, true, commits:[s0:c40, s1:c40, s2:c40], cId:4403, entries: [(t:1, i:41), CONFIGURATIONENTRY(current:id: "s0"
address: "localhost:45597"
dataStreamAddress: "localhost:34847"
clientAddress: "localhost:37679"
adminAddress: "localhost:39213"
startupRole: FOLLOWER
,id: "s1"
address: "0.0.0.0:44561"
clientAddress: "0.0.0.0:44561"
adminAddress: "0.0.0.0:44561"
startupRole: FOLLOWER
,id: "s2"
address: "0.0.0.0:34673"
clientAddress: "0.0.0.0:34673"
adminAddress: "0.0.0.0:34673"
startupRole: FOLLOWER
, old:id: "s0"
address: "localhost:45597"
dataStreamAddress: "localhost:34847"
clientAddress: "localhost:37679"
adminAddress: "localhost:39213"
startupRole: FOLLOWER
)]
2023-03-17 00:25:12,498 [s1-server-thread3] INFO  server.RaftServer$Division (ServerState.java:setRaftConf(378)) - s1@group-29167549509F: set configuration 41: peers:[s0|rpc:localhost:45597|admin:localhost:39213|client:localhost:37679|dataStream:localhost:34847|priority:0|startupRole:FOLLOWER, s1|rpc:0.0.0.0:44561|dataStream:|priority:0|startupRole:FOLLOWER, s2|rpc:0.0.0.0:34673|dataStream:|priority:0|startupRole:FOLLOWER]|listeners:[], old=peers:[s0|rpc:localhost:45597|admin:localhost:39213|client:localhost:37679|dataStream:localhost:34847|priority:0|startupRole:FOLLOWER]|listeners:[]
2023-03-17 00:25:12,498 [s1-server-thread3] DEBUG server.RaftServer$Division (RaftServerImpl.java:logAppendEntries(1430)) - s1@group-29167549509F: succeeded to handle AppendEntries. Reply: s0<-s1#4403:OK-t1,SUCCESS,nextIndex=42,followerCommit=40,matchIndex=41
2023-03-17 00:25:12,498 [s2-server-thread3] DEBUG server.RaftServer$Division (RaftServerImpl.java:logAppendEntries(1430)) - s2@group-29167549509F: receive appendEntries(s0, 1, (t:1, i:40), 40, true, commits:[s0:c40, s1:c40, s2:c40], cId:15275, entries: [(t:1, i:41), CONFIGURATIONENTRY(current:id: "s0"
address: "localhost:45597"
dataStreamAddress: "localhost:34847"
clientAddress: "localhost:37679"
adminAddress: "localhost:39213"
startupRole: FOLLOWER
,id: "s1"
address: "0.0.0.0:44561"
clientAddress: "0.0.0.0:44561"
adminAddress: "0.0.0.0:44561"
startupRole: FOLLOWER
,id: "s2"
address: "0.0.0.0:34673"
clientAddress: "0.0.0.0:34673"
adminAddress: "0.0.0.0:34673"
startupRole: FOLLOWER
, old:id: "s0"
address: "localhost:45597"
dataStreamAddress: "localhost:34847"
clientAddress: "localhost:37679"
adminAddress: "localhost:39213"
startupRole: FOLLOWER
)]
2023-03-17 00:25:12,498 [s2-server-thread3] INFO  server.RaftServer$Division (ServerState.java:setRaftConf(378)) - s2@group-29167549509F: set configuration 41: peers:[s0|rpc:localhost:45597|admin:localhost:39213|client:localhost:37679|dataStream:localhost:34847|priority:0|startupRole:FOLLOWER, s1|rpc:0.0.0.0:44561|dataStream:|priority:0|startupRole:FOLLOWER, s2|rpc:0.0.0.0:34673|dataStream:|priority:0|startupRole:FOLLOWER]|listeners:[], old=peers:[s0|rpc:localhost:45597|admin:localhost:39213|client:localhost:37679|dataStream:localhost:34847|priority:0|startupRole:FOLLOWER]|listeners:[]
2023-03-17 00:25:12,499 [s0@group-29167549509F-LeaderStateImpl] INFO  server.RaftServer$Division (ServerState.java:setRaftConf(378)) - s0@group-29167549509F: set configuration 43: peers:[s0|rpc:localhost:45597|admin:localhost:39213|client:localhost:37679|dataStream:localhost:34847|priority:0|startupRole:FOLLOWER, s1|rpc:0.0.0.0:44561|dataStream:|priority:0|startupRole:FOLLOWER, s2|rpc:0.0.0.0:34673|dataStream:|priority:0|startupRole:FOLLOWER]|listeners:[], old=null
2023-03-17 00:25:12,499 [s2-server-thread3] DEBUG server.RaftServer$Division (RaftServerImpl.java:logAppendEntries(1430)) - s2@group-29167549509F: succeeded to handle AppendEntries. Reply: s0<-s2#15275:OK-t1,SUCCESS,nextIndex=42,followerCommit=40,matchIndex=41
2023-03-17 00:25:12,508 [s1-server-thread3] DEBUG server.RaftServer$Division (RaftServerImpl.java:logAppendEntries(1430)) - s1@group-29167549509F: receive appendEntries(s0, 1, (t:1, i:41), 41, true, commits:[s0:c41, s1:c40, s2:c40], cId:4404, entries: [(t:1, i:42), METADATAENTRY(c:41), (t:1, i:43), CONFIGURATIONENTRY(current:id: "s0"
address: "localhost:45597"
dataStreamAddress: "localhost:34847"
clientAddress: "localhost:37679"
adminAddress: "localhost:39213"
startupRole: FOLLOWER
,id: "s1"
address: "0.0.0.0:44561"
clientAddress: "0.0.0.0:44561"
adminAddress: "0.0.0.0:44561"
startupRole: FOLLOWER
,id: "s2"
address: "0.0.0.0:34673"
clientAddress: "0.0.0.0:34673"
adminAddress: "0.0.0.0:34673"
startupRole: FOLLOWER
, old:)]
2023-03-17 00:25:12,508 [s1-server-thread3] INFO  server.RaftServer$Division (ServerState.java:setRaftConf(378)) - s1@group-29167549509F: set configuration 43: peers:[s0|rpc:localhost:45597|admin:localhost:39213|client:localhost:37679|dataStream:localhost:34847|priority:0|startupRole:FOLLOWER, s1|rpc:0.0.0.0:44561|dataStream:|priority:0|startupRole:FOLLOWER, s2|rpc:0.0.0.0:34673|dataStream:|priority:0|startupRole:FOLLOWER]|listeners:[], old=null
2023-03-17 00:25:12,509 [s1-server-thread3] DEBUG server.RaftServer$Division (RaftServerImpl.java:logAppendEntries(1430)) - s1@group-29167549509F: succeeded to handle AppendEntries. Reply: s0<-s1#4404:OK-t1,SUCCESS,nextIndex=44,followerCommit=41,matchIndex=43
2023-03-17 00:25:12,510 [s2-server-thread3] DEBUG server.RaftServer$Division (RaftServerImpl.java:logAppendEntries(1430)) - s2@group-29167549509F: receive appendEntries(s0, 1, (t:1, i:41), 41, true, commits:[s0:c41, s1:c40, s2:c40], cId:15276, entries: [(t:1, i:42), METADATAENTRY(c:41), (t:1, i:43), CONFIGURATIONENTRY(current:id: "s0"
address: "localhost:45597"
dataStreamAddress: "localhost:34847"
clientAddress: "localhost:37679"
adminAddress: "localhost:39213"
startupRole: FOLLOWER
,id: "s1"
address: "0.0.0.0:44561"
clientAddress: "0.0.0.0:44561"
adminAddress: "0.0.0.0:44561"
startupRole: FOLLOWER
,id: "s2"
address: "0.0.0.0:34673"
clientAddress: "0.0.0.0:34673"
adminAddress: "0.0.0.0:34673"
startupRole: FOLLOWER
, old:)]
2023-03-17 00:25:12,510 [s2-server-thread3] INFO  server.RaftServer$Division (ServerState.java:setRaftConf(378)) - s2@group-29167549509F: set configuration 43: peers:[s0|rpc:localhost:45597|admin:localhost:39213|client:localhost:37679|dataStream:localhost:34847|priority:0|startupRole:FOLLOWER, s1|rpc:0.0.0.0:44561|dataStream:|priority:0|startupRole:FOLLOWER, s2|rpc:0.0.0.0:34673|dataStream:|priority:0|startupRole:FOLLOWER]|listeners:[], old=null
2023-03-17 00:25:12,510 [s2-server-thread3] DEBUG server.RaftServer$Division (RaftServerImpl.java:logAppendEntries(1430)) - s2@group-29167549509F: succeeded to handle AppendEntries. Reply: s0<-s2#15276:OK-t1,SUCCESS,nextIndex=44,followerCommit=41,matchIndex=43
2023-03-17 00:25:12,519 [s1-server-thread3] DEBUG server.RaftServer$Division (RaftServerImpl.java:logAppendEntries(1430)) - s1@group-29167549509F: receive appendEntries(s0, 1, (t:1, i:43), 43, true, commits:[s0:c43, s1:c41, s2:c40], cId:4405, entries: [(t:1, i:44), METADATAENTRY(c:43)]
2023-03-17 00:25:12,519 [s1-server-thread3] DEBUG server.RaftServer$Division (RaftServerImpl.java:logAppendEntries(1430)) - s1@group-29167549509F: succeeded to handle AppendEntries. Reply: s0<-s1#4405:OK-t1,SUCCESS,nextIndex=45,followerCommit=43,matchIndex=44
2023-03-17 00:25:12,520 [s2-server-thread3] DEBUG server.RaftServer$Division (RaftServerImpl.java:logAppendEntries(1430)) - s2@group-29167549509F: receive appendEntries(s0, 1, (t:1, i:43), 43, true, commits:[s0:c43, s1:c41, s2:c40], cId:15278, entries: [(t:1, i:44), METADATAENTRY(c:43)]
2023-03-17 00:25:12,520 [s2-server-thread3] DEBUG server.RaftServer$Division (RaftServerImpl.java:logAppendEntries(1430)) - s2@group-29167549509F: succeeded to handle AppendEntries. Reply: s0<-s2#15278:OK-t1,SUCCESS,nextIndex=45,followerCommit=43,matchIndex=44
2023-03-17 00:25:13,420 [Time-limited test] INFO  grpc.TestRaftReconfigurationWithGrpc (RaftReconfigurationBaseTest.java:runTestBootstrapReconf(423)) - start new peer(s): s1|rpc:0.0.0.0:44561|priority:0|startupRole:FOLLOWER
2023-03-17 00:25:13,420 [Time-limited test] INFO  impl.MiniRaftCluster (MiniRaftCluster.java:killServer(533)) - killServer s1
2023-03-17 00:25:13,420 [Time-limited test] INFO  server.RaftServer (RaftServerProxy.java:lambda$close$7(417)) - s1: close
2023-03-17 00:25:13,420 [Time-limited test] INFO  server.GrpcService (GrpcService.java:closeImpl(311)) - s1: shutdown server GrpcServerProtocolService now
2023-03-17 00:25:13,420 [s1-impl-thread1] INFO  server.RaftServer$Division (RaftServerImpl.java:lambda$close$4(466)) - s1@group-29167549509F: shutdown
2023-03-17 00:25:13,420 [s1-impl-thread1] INFO  util.JmxRegister (JmxRegister.java:unregister(73)) - Successfully un-registered JMX Bean with object name Ratis:service=RaftServer,group=group-29167549509F,id=s1
2023-03-17 00:25:13,420 [s1-impl-thread1] INFO  impl.RoleInfo (RoleInfo.java:shutdownFollowerState(110)) - s1: shutdown s1@group-29167549509F-FollowerState
2023-03-17 00:25:13,421 [s1-impl-thread1] INFO  impl.StateMachineUpdater (StateMachineUpdater.java:stopAndJoin(154)) - s1@group-29167549509F-StateMachineUpdater: set stopIndex = 44
2023-03-17 00:25:13,421 [grpc-default-executor-2] WARN  server.GrpcServerProtocolService (LogUtils.java:warn(122)) - s1: APPEND_ENTRIES onError, lastRequest: null: org.apache.ratis.thirdparty.io.grpc.StatusRuntimeException: CANCELLED: client cancelled
2023-03-17 00:25:13,421 [s1@group-29167549509F-FollowerState] INFO  impl.FollowerState (FollowerState.java:run(152)) - s1@group-29167549509F-FollowerState was interrupted
2023-03-17 00:25:13,422 [grpc-default-executor-0] WARN  server.GrpcServerProtocolService (LogUtils.java:warn(122)) - s1: APPEND_ENTRIES onError, lastRequest: s0->s1#4405-t1,previous=(t:1, i:43),leaderCommit=43,initializing? true,entries: size=1, first=(t:1, i:44), METADATAENTRY(c:43): org.apache.ratis.thirdparty.io.grpc.StatusRuntimeException: CANCELLED: client cancelled
2023-03-17 00:25:13,422 [grpc-default-executor-7] WARN  server.GrpcLogAppender (LogUtils.java:warn(122)) - s0@group-29167549509F->s1-AppendLogResponseHandler: Failed appendEntries: org.apache.ratis.thirdparty.io.grpc.StatusRuntimeException: CANCELLED: RST_STREAM closed stream. HTTP/2 error code: CANCEL
2023-03-17 00:25:13,422 [grpc-default-executor-7] INFO  leader.FollowerInfo (FollowerInfoImpl.java:lambda$new$0(52)) - s0@group-29167549509F->s1: decreaseNextIndex nextIndex: updateUnconditionally 45 -> 44
2023-03-17 00:25:13,422 [s1-impl-thread1] INFO  server.RaftServer$Division (ServerState.java:close(414)) - s1@group-29167549509F: applyIndex: 44
2023-03-17 00:25:13,422 [grpc-default-executor-7] WARN  server.GrpcLogAppender (LogUtils.java:warn(122)) - s0@group-29167549509F->s1-AppendLogResponseHandler: Failed appendEntries: org.apache.ratis.thirdparty.io.grpc.StatusRuntimeException: UNAVAILABLE: io exception
2023-03-17 00:25:13,423 [grpc-default-executor-0] WARN  server.GrpcLogAppender (LogUtils.java:warn(122)) - s0@group-29167549509F->s1-AppendLogResponseHandler: Failed appendEntries: org.apache.ratis.thirdparty.io.grpc.StatusRuntimeException: UNAVAILABLE: io exception
2023-03-17 00:25:13,423 [grpc-default-executor-7] INFO  leader.FollowerInfo (FollowerInfoImpl.java:lambda$new$0(52)) - s0@group-29167549509F->s1: decreaseNextIndex nextIndex: updateUnconditionally 45 -> 44
2023-03-17 00:25:13,423 [grpc-default-executor-0] INFO  leader.FollowerInfo (FollowerInfoImpl.java:lambda$new$0(52)) - s0@group-29167549509F->s1: decreaseNextIndex nextIndex: updateUnconditionally 44 -> 43
2023-03-17 00:25:13,423 [grpc-default-executor-0] WARN  server.GrpcLogAppender (LogUtils.java:warn(122)) - s0@group-29167549509F->s1-AppendLogResponseHandler: Failed appendEntries: org.apache.ratis.thirdparty.io.grpc.StatusRuntimeException: UNAVAILABLE: io exception
2023-03-17 00:25:13,423 [grpc-default-executor-7] WARN  server.GrpcLogAppender (LogUtils.java:warn(122)) - s0@group-29167549509F->s1-AppendLogResponseHandler: Failed appendEntries: org.apache.ratis.thirdparty.io.grpc.StatusRuntimeException: UNAVAILABLE: io exception
2023-03-17 00:25:13,424 [grpc-default-executor-0] INFO  leader.FollowerInfo (FollowerInfoImpl.java:lambda$new$0(52)) - s0@group-29167549509F->s1: decreaseNextIndex nextIndex: updateUnconditionally 45 -> 44
2023-03-17 00:25:13,424 [grpc-default-executor-7] INFO  leader.FollowerInfo (FollowerInfoImpl.java:lambda$new$0(52)) - s0@group-29167549509F->s1: decreaseNextIndex nextIndex: updateUnconditionally 44 -> 43
2023-03-17 00:25:13,424 [grpc-default-executor-2] WARN  server.GrpcLogAppender (LogUtils.java:warn(122)) - s0@group-29167549509F->s1-AppendLogResponseHandler: Failed appendEntries: org.apache.ratis.thirdparty.io.grpc.StatusRuntimeException: CANCELLED: RST_STREAM closed stream. HTTP/2 error code: CANCEL
2023-03-17 00:25:13,424 [grpc-default-executor-2] INFO  leader.FollowerInfo (FollowerInfoImpl.java:lambda$new$0(52)) - s0@group-29167549509F->s1: decreaseNextIndex nextIndex: updateUnconditionally 43 -> 42
2023-03-17 00:25:13,424 [grpc-default-executor-2] WARN  server.GrpcLogAppender (LogUtils.java:warn(122)) - s0@group-29167549509F->s1-AppendLogResponseHandler: Failed appendEntries: org.apache.ratis.thirdparty.io.grpc.StatusRuntimeException: UNAVAILABLE: io exception
2023-03-17 00:25:13,424 [grpc-default-executor-7] WARN  server.GrpcLogAppender (LogUtils.java:warn(122)) - s0@group-29167549509F->s1-AppendLogResponseHandler: Failed appendEntries: org.apache.ratis.thirdparty.io.grpc.StatusRuntimeException: UNAVAILABLE: io exception
2023-03-17 00:25:13,424 [grpc-default-executor-2] INFO  leader.FollowerInfo (FollowerInfoImpl.java:lambda$new$0(52)) - s0@group-29167549509F->s1: decreaseNextIndex nextIndex: updateUnconditionally 45 -> 44
2023-03-17 00:25:13,424 [grpc-default-executor-7] INFO  leader.FollowerInfo (FollowerInfoImpl.java:lambda$new$0(52)) - s0@group-29167549509F->s1: decreaseNextIndex nextIndex: updateUnconditionally 44 -> 43
2023-03-17 00:25:13,425 [Time-limited test] INFO  server.GrpcService (GrpcService.java:closeImpl(320)) - s1: shutdown server GrpcServerProtocolService successfully
2023-03-17 00:25:13,426 [grpc-default-executor-7] WARN  server.GrpcLogAppender (LogUtils.java:warn(122)) - s0@group-29167549509F->s1-AppendLogResponseHandler: Failed appendEntries: org.apache.ratis.thirdparty.io.grpc.StatusRuntimeException: UNAVAILABLE: io exception
2023-03-17 00:25:13,426 [grpc-default-executor-2] WARN  server.GrpcLogAppender (LogUtils.java:warn(122)) - s0@group-29167549509F->s1-AppendLogResponseHandler: Failed appendEntries: org.apache.ratis.thirdparty.io.grpc.StatusRuntimeException: UNAVAILABLE: io exception
2023-03-17 00:25:13,427 [grpc-default-executor-7] INFO  leader.FollowerInfo (FollowerInfoImpl.java:lambda$new$0(52)) - s0@group-29167549509F->s1: decreaseNextIndex nextIndex: updateUnconditionally 43 -> 42
2023-03-17 00:25:13,427 [grpc-default-executor-2] INFO  leader.FollowerInfo (FollowerInfoImpl.java:lambda$new$0(52)) - s0@group-29167549509F->s1: decreaseNextIndex nextIndex: updateUnconditionally 42 -> 41
2023-03-17 00:25:13,436 [grpc-default-executor-2] WARN  server.GrpcLogAppender (LogUtils.java:warn(122)) - s0@group-29167549509F->s1-AppendLogResponseHandler: Failed appendEntries: org.apache.ratis.thirdparty.io.grpc.StatusRuntimeException: UNAVAILABLE: io exception
2023-03-17 00:25:13,436 [grpc-default-executor-2] INFO  leader.FollowerInfo (FollowerInfoImpl.java:lambda$new$0(52)) - s0@group-29167549509F->s1: decreaseNextIndex nextIndex: updateUnconditionally 41 -> 40
2023-03-17 00:25:13,436 [grpc-default-executor-7] WARN  server.GrpcLogAppender (LogUtils.java:warn(122)) - s0@group-29167549509F->s1-AppendLogResponseHandler: Failed appendEntries: org.apache.ratis.thirdparty.io.grpc.StatusRuntimeException: UNAVAILABLE: io exception
2023-03-17 00:25:13,436 [grpc-default-executor-7] INFO  leader.FollowerInfo (FollowerInfoImpl.java:lambda$new$0(52)) - s0@group-29167549509F->s1: decreaseNextIndex nextIndex: updateUnconditionally 40 -> 39
2023-03-17 00:25:13,445 [grpc-default-executor-7] WARN  server.GrpcLogAppender (LogUtils.java:warn(122)) - s0@group-29167549509F->s1-AppendLogResponseHandler: Failed appendEntries: org.apache.ratis.thirdparty.io.grpc.StatusRuntimeException: UNAVAILABLE: io exception
2023-03-17 00:25:13,445 [grpc-default-executor-2] WARN  server.GrpcLogAppender (LogUtils.java:warn(122)) - s0@group-29167549509F->s1-AppendLogResponseHandler: Failed appendEntries: org.apache.ratis.thirdparty.io.grpc.StatusRuntimeException: UNAVAILABLE: io exception
2023-03-17 00:25:13,445 [grpc-default-executor-7] INFO  leader.FollowerInfo (FollowerInfoImpl.java:lambda$new$0(52)) - s0@group-29167549509F->s1: decreaseNextIndex nextIndex: updateUnconditionally 45 -> 44
2023-03-17 00:25:13,445 [grpc-default-executor-2] INFO  leader.FollowerInfo (FollowerInfoImpl.java:lambda$new$0(52)) - s0@group-29167549509F->s1: decreaseNextIndex nextIndex: updateUnconditionally 44 -> 43
2023-03-17 00:25:13,472 [grpc-default-executor-7] WARN  server.GrpcLogAppender (LogUtils.java:warn(122)) - s0@group-29167549509F->s1-AppendLogResponseHandler: Failed appendEntries: org.apache.ratis.thirdparty.io.grpc.StatusRuntimeException: UNAVAILABLE: io exception
2023-03-17 00:25:13,472 [grpc-default-executor-7] INFO  leader.FollowerInfo (FollowerInfoImpl.java:lambda$new$0(52)) - s0@group-29167549509F->s1: decreaseNextIndex nextIndex: updateUnconditionally 43 -> 42
2023-03-17 00:25:13,472 [grpc-default-executor-2] WARN  server.GrpcLogAppender (LogUtils.java:warn(122)) - s0@group-29167549509F->s1-AppendLogResponseHandler: Failed appendEntries: org.apache.ratis.thirdparty.io.grpc.StatusRuntimeException: UNAVAILABLE: io exception
2023-03-17 00:25:13,472 [grpc-default-executor-2] INFO  leader.FollowerInfo (FollowerInfoImpl.java:lambda$new$0(52)) - s0@group-29167549509F->s1: decreaseNextIndex nextIndex: updateUnconditionally 42 -> 41
2023-03-17 00:25:13,482 [grpc-default-executor-7] WARN  server.GrpcLogAppender (LogUtils.java:warn(122)) - s0@group-29167549509F->s1-AppendLogResponseHandler: Failed appendEntries: org.apache.ratis.thirdparty.io.grpc.StatusRuntimeException: UNAVAILABLE: io exception
2023-03-17 00:25:13,482 [grpc-default-executor-7] INFO  leader.FollowerInfo (FollowerInfoImpl.java:lambda$new$0(52)) - s0@group-29167549509F->s1: decreaseNextIndex nextIndex: updateUnconditionally 45 -> 44
2023-03-17 00:25:13,483 [grpc-default-executor-2] WARN  server.GrpcLogAppender (LogUtils.java:warn(122)) - s0@group-29167549509F->s1-AppendLogResponseHandler: Failed appendEntries: org.apache.ratis.thirdparty.io.grpc.StatusRuntimeException: UNAVAILABLE: io exception
2023-03-17 00:25:13,483 [grpc-default-executor-2] INFO  leader.FollowerInfo (FollowerInfoImpl.java:lambda$new$0(52)) - s0@group-29167549509F->s1: decreaseNextIndex nextIndex: updateUnconditionally 44 -> 43
2023-03-17 00:25:13,509 [grpc-default-executor-2] WARN  server.GrpcLogAppender (LogUtils.java:warn(122)) - s0@group-29167549509F->s1-AppendLogResponseHandler: Failed appendEntries: org.apache.ratis.thirdparty.io.grpc.StatusRuntimeException: UNAVAILABLE: io exception
2023-03-17 00:25:13,509 [grpc-default-executor-7] WARN  server.GrpcLogAppender (LogUtils.java:warn(122)) - s0@group-29167549509F->s1-AppendLogResponseHandler: Failed appendEntries: org.apache.ratis.thirdparty.io.grpc.StatusRuntimeException: UNAVAILABLE: io exception
2023-03-17 00:25:13,509 [grpc-default-executor-2] INFO  leader.FollowerInfo (FollowerInfoImpl.java:lambda$new$0(52)) - s0@group-29167549509F->s1: decreaseNextIndex nextIndex: updateUnconditionally 43 -> 42
2023-03-17 00:25:13,510 [grpc-default-executor-7] INFO  leader.FollowerInfo (FollowerInfoImpl.java:lambda$new$0(52)) - s0@group-29167549509F->s1: decreaseNextIndex nextIndex: updateUnconditionally 42 -> 41
2023-03-17 00:25:13,520 [s1-impl-thread1] INFO  segmented.SegmentedRaftLogWorker (SegmentedRaftLogWorker.java:close(242)) - s1@group-29167549509F-SegmentedRaftLogWorker close()
2023-03-17 00:25:13,520 [grpc-default-executor-7] WARN  server.GrpcLogAppender (LogUtils.java:warn(122)) - s0@group-29167549509F->s1-AppendLogResponseHandler: Failed appendEntries: org.apache.ratis.thirdparty.io.grpc.StatusRuntimeException: UNAVAILABLE: io exception
2023-03-17 00:25:13,520 [grpc-default-executor-7] INFO  leader.FollowerInfo (FollowerInfoImpl.java:lambda$new$0(52)) - s0@group-29167549509F->s1: decreaseNextIndex nextIndex: updateUnconditionally 45 -> 44
2023-03-17 00:25:13,521 [grpc-default-executor-2] WARN  server.GrpcLogAppender (LogUtils.java:warn(122)) - s0@group-29167549509F->s1-AppendLogResponseHandler: Failed appendEntries: org.apache.ratis.thirdparty.io.grpc.StatusRuntimeException: UNAVAILABLE: io exception
2023-03-17 00:25:13,521 [grpc-default-executor-2] INFO  leader.FollowerInfo (FollowerInfoImpl.java:lambda$new$0(52)) - s0@group-29167549509F->s1: decreaseNextIndex nextIndex: updateUnconditionally 44 -> 43
2023-03-17 00:25:13,522 [JvmPauseMonitor73] INFO  util.JvmPauseMonitor (JvmPauseMonitor.java:run(109)) - JvmPauseMonitor-s1: Stopped
2023-03-17 00:25:13,522 [Time-limited test] INFO  impl.MiniRaftCluster (MiniRaftCluster.java:newRaftServer(382)) - newRaftServer: s1, group-29167549509F:[s0|rpc:localhost:45597|admin:localhost:39213|client:localhost:37679|dataStream:localhost:34847|priority:0|startupRole:FOLLOWER, s1|rpc:0.0.0.0:44561|priority:0|startupRole:FOLLOWER, s2|rpc:0.0.0.0:34673|priority:0|startupRole:FOLLOWER], format? true
2023-03-17 00:25:13,522 [Time-limited test] TRACE util.FileUtils (FileUtils.java:deleteFully(201)) - deleteFully target/test/data/ce6527c6/MiniRaftClusterWithGrpc600c9161/s1
2023-03-17 00:25:13,522 [Time-limited test] TRACE util.FileUtils (LogUtils.java:runAndLog(49)) - Successfully ran Files.delete target/test/data/ce6527c6/MiniRaftClusterWithGrpc600c9161/s1/bc0d20aa-91e1-400a-8efc-29167549509f/in_use.lock
2023-03-17 00:25:13,522 [Time-limited test] TRACE util.FileUtils (LogUtils.java:runAndLog(49)) - Successfully ran Files.delete target/test/data/ce6527c6/MiniRaftClusterWithGrpc600c9161/s1/bc0d20aa-91e1-400a-8efc-29167549509f/sm
2023-03-17 00:25:13,522 [Time-limited test] TRACE util.FileUtils (LogUtils.java:runAndLog(49)) - Successfully ran Files.delete target/test/data/ce6527c6/MiniRaftClusterWithGrpc600c9161/s1/bc0d20aa-91e1-400a-8efc-29167549509f/current/raft-meta.conf
2023-03-17 00:25:13,522 [Time-limited test] TRACE util.FileUtils (LogUtils.java:runAndLog(49)) - Successfully ran Files.delete target/test/data/ce6527c6/MiniRaftClusterWithGrpc600c9161/s1/bc0d20aa-91e1-400a-8efc-29167549509f/current/raft-meta
2023-03-17 00:25:13,522 [Time-limited test] TRACE util.FileUtils (LogUtils.java:runAndLog(49)) - Successfully ran Files.delete target/test/data/ce6527c6/MiniRaftClusterWithGrpc600c9161/s1/bc0d20aa-91e1-400a-8efc-29167549509f/current/log_inprogress_0
2023-03-17 00:25:13,522 [Time-limited test] TRACE util.FileUtils (LogUtils.java:runAndLog(49)) - Successfully ran Files.delete target/test/data/ce6527c6/MiniRaftClusterWithGrpc600c9161/s1/bc0d20aa-91e1-400a-8efc-29167549509f/current
2023-03-17 00:25:13,522 [Time-limited test] TRACE util.FileUtils (LogUtils.java:runAndLog(49)) - Successfully ran Files.delete target/test/data/ce6527c6/MiniRaftClusterWithGrpc600c9161/s1/bc0d20aa-91e1-400a-8efc-29167549509f
2023-03-17 00:25:13,523 [Time-limited test] TRACE util.FileUtils (LogUtils.java:runAndLog(49)) - Successfully ran Files.delete target/test/data/ce6527c6/MiniRaftClusterWithGrpc600c9161/s1
2023-03-17 00:25:13,523 [Time-limited test] INFO  impl.MiniRaftCluster (MiniRaftCluster.java:newRaftServer(387)) - Formatted directory target/test/data/ce6527c6/MiniRaftClusterWithGrpc600c9161/s1
2023-03-17 00:25:13,523 [Time-limited test] INFO  server.RaftServer (ConfUtils.java:logGet(46)) - raft.rpc.type = GRPC (default)
2023-03-17 00:25:13,523 [Time-limited test] INFO  grpc.GrpcConfigKeys (ConfUtils.java:logFallback(53)) - raft.grpc.admin.host = null (fallback to raft.grpc.server.host)
2023-03-17 00:25:13,523 [Time-limited test] INFO  grpc.GrpcConfigKeys (ConfUtils.java:logGet(46)) - raft.grpc.admin.port = 44561 (custom)
2023-03-17 00:25:13,523 [Time-limited test] INFO  grpc.GrpcConfigKeys (ConfUtils.java:logFallback(53)) - raft.grpc.client.host = null (fallback to raft.grpc.server.host)
2023-03-17 00:25:13,523 [Time-limited test] INFO  grpc.GrpcConfigKeys (ConfUtils.java:logGet(46)) - raft.grpc.client.port = 44561 (custom)
2023-03-17 00:25:13,523 [Time-limited test] INFO  grpc.GrpcConfigKeys (ConfUtils.java:logGet(46)) - raft.grpc.server.host = null (default)
2023-03-17 00:25:13,523 [Time-limited test] INFO  grpc.GrpcConfigKeys (ConfUtils.java:logGet(46)) - raft.grpc.server.port = 44561 (custom)
2023-03-17 00:25:13,523 [Time-limited test] INFO  server.GrpcService (ConfUtils.java:logGet(46)) - raft.grpc.message.size.max = 64MB (=67108864) (default)
2023-03-17 00:25:13,523 [Time-limited test] INFO  server.RaftServerConfigKeys (ConfUtils.java:logGet(46)) - raft.server.log.appender.buffer.byte-limit = 4MB (=4194304) (default)
2023-03-17 00:25:13,523 [Time-limited test] INFO  server.GrpcService (ConfUtils.java:logGet(46)) - raft.grpc.flow.control.window = 1MB (=1048576) (default)
2023-03-17 00:25:13,523 [Time-limited test] INFO  server.RaftServerConfigKeys (ConfUtils.java:logGet(46)) - raft.server.rpc.request.timeout = 3000ms (default)
2023-03-17 00:25:13,523 [Time-limited test] INFO  grpc.GrpcConfigKeys (ConfUtils.java:logGet(46)) - raft.grpc.server.heartbeat.channel = true (default)
2023-03-17 00:25:13,523 [Time-limited test] INFO  grpc.GrpcConfigKeys (ConfUtils.java:logGet(46)) - raft.grpc.server.async.request.thread.pool.cached = true (default)
2023-03-17 00:25:13,523 [Time-limited test] INFO  grpc.GrpcConfigKeys (ConfUtils.java:logGet(46)) - raft.grpc.server.async.request.thread.pool.size = 32 (default)
2023-03-17 00:25:13,524 [Time-limited test] INFO  impl.DataStreamServerImpl (ConfUtils.java:logGet(46)) - raft.datastream.type = DISABLED (default)
2023-03-17 00:25:13,524 [Time-limited test] INFO  server.RaftServerConfigKeys (ConfUtils.java:logGet(46)) - raft.server.threadpool.proxy.cached = true (default)
2023-03-17 00:25:13,524 [Time-limited test] INFO  server.RaftServerConfigKeys (ConfUtils.java:logGet(46)) - raft.server.threadpool.proxy.size = 0 (default)
2023-03-17 00:25:13,524 [Time-limited test] INFO  server.RaftServerConfigKeys (ConfUtils.java:logGet(46)) - raft.server.rpc.slowness.timeout = 60s (default)
2023-03-17 00:25:13,524 [Time-limited test] INFO  server.RaftServerConfigKeys (ConfUtils.java:logGet(46)) - raft.server.leaderelection.leader.step-down.wait-time = 10s (default)
2023-03-17 00:25:13,524 [Time-limited test] INFO  server.RaftServerConfigKeys (ConfUtils.java:logGet(46)) - raft.server.storage.dir = [/home/runner/work/ratis/ratis/ratis-test/target/test/data/ce6527c6/MiniRaftClusterWithGrpc600c9161/s1] (custom)
2023-03-17 00:25:13,525 [Time-limited test] INFO  server.RaftServer (RaftServerProxy.java:addNew(99)) - s1: addNew group-29167549509F:[s0|rpc:localhost:45597|admin:localhost:39213|client:localhost:37679|dataStream:localhost:34847|priority:0|startupRole:FOLLOWER, s1|rpc:0.0.0.0:44561|priority:0|startupRole:FOLLOWER, s2|rpc:0.0.0.0:34673|priority:0|startupRole:FOLLOWER] returns group-29167549509F:java.util.concurrent.CompletableFuture@36f33abd[Not completed]
2023-03-17 00:25:13,525 [s1-groupManagement] INFO  server.RaftServer$Division (RaftServerImpl.java:<init>(198)) - s1: new RaftServerImpl for group-29167549509F:[s0|rpc:localhost:45597|admin:localhost:39213|client:localhost:37679|dataStream:localhost:34847|priority:0|startupRole:FOLLOWER, s1|rpc:0.0.0.0:44561|priority:0|startupRole:FOLLOWER, s2|rpc:0.0.0.0:34673|priority:0|startupRole:FOLLOWER] with BaseStateMachine:uninitialized
2023-03-17 00:25:13,525 [s1-groupManagement] INFO  server.RaftServerConfigKeys (ConfUtils.java:logGet(46)) - raft.server.rpc.timeout.min = 150ms (default)
2023-03-17 00:25:13,525 [s1-groupManagement] INFO  server.RaftServerConfigKeys (ConfUtils.java:logGet(46)) - raft.server.rpc.timeout.max = 300ms (default)
2023-03-17 00:25:13,525 [s1-groupManagement] INFO  server.RaftServerConfigKeys (ConfUtils.java:logGet(46)) - raft.server.rpc.sleep.time = 25ms (default)
2023-03-17 00:25:13,525 [s1-groupManagement] INFO  server.RaftServerConfigKeys (ConfUtils.java:logGet(46)) - raft.server.rpc.slowness.timeout = 60s (default)
2023-03-17 00:25:13,525 [s1-groupManagement] INFO  server.RaftServerConfigKeys (ConfUtils.java:logGet(46)) - raft.server.leaderelection.leader.step-down.wait-time = 10s (default)
2023-03-17 00:25:13,525 [s1-groupManagement] INFO  server.RaftServerConfigKeys (ConfUtils.java:logGet(46)) - raft.server.sleep.deviation.threshold = 300ms (default)
2023-03-17 00:25:13,525 [s1-groupManagement] INFO  server.RaftServer$Division (ServerState.java:<init>(113)) - s1@group-29167549509F: ConfigurationManager, init=-1: peers:[s0|rpc:localhost:45597|admin:localhost:39213|client:localhost:37679|dataStream:localhost:34847|priority:0|startupRole:FOLLOWER, s1|rpc:0.0.0.0:44561|priority:0|startupRole:FOLLOWER, s2|rpc:0.0.0.0:34673|priority:0|startupRole:FOLLOWER]|listeners:[], old=null, confs=<EMPTY_MAP>
2023-03-17 00:25:13,525 [s1-groupManagement] INFO  server.RaftServerConfigKeys (ConfUtils.java:logGet(46)) - raft.server.notification.no-leader.timeout = 60s (default)
2023-03-17 00:25:13,525 [s1-groupManagement] INFO  server.RaftServerConfigKeys (ConfUtils.java:logGet(46)) - raft.server.read.timeout = 10s (default)
2023-03-17 00:25:13,525 [s1-groupManagement] INFO  server.RaftServerConfigKeys (ConfUtils.java:logGet(46)) - raft.server.retrycache.expirytime = 60s (default)
2023-03-17 00:25:13,525 [s1-groupManagement] INFO  server.RaftServerConfigKeys (ConfUtils.java:logGet(46)) - raft.server.retrycache.statistics.expirytime = 100μs (default)
2023-03-17 00:25:13,525 [s1-groupManagement] INFO  server.RaftServerConfigKeys (ConfUtils.java:logGet(46)) - raft.server.read.option = DEFAULT (default)
2023-03-17 00:25:13,526 [s1-groupManagement] INFO  server.RaftServerConfigKeys (ConfUtils.java:logGet(46)) - raft.server.log.appender.install.snapshot.enabled = true (default)
2023-03-17 00:25:13,526 [s1-groupManagement] INFO  server.RaftServerConfigKeys (ConfUtils.java:logGet(46)) - raft.server.threadpool.server.cached = true (default)
2023-03-17 00:25:13,526 [s1-groupManagement] INFO  server.RaftServerConfigKeys (ConfUtils.java:logGet(46)) - raft.server.threadpool.server.size = 0 (default)
2023-03-17 00:25:13,526 [s1-groupManagement] INFO  server.RaftServerConfigKeys (ConfUtils.java:logGet(46)) - raft.server.threadpool.client.cached = true (default)
2023-03-17 00:25:13,526 [s1-groupManagement] INFO  server.RaftServerConfigKeys (ConfUtils.java:logGet(46)) - raft.server.threadpool.client.size = 0 (default)
2023-03-17 00:25:13,526 [s1-impl-thread1] INFO  server.RaftServerConfigKeys (ConfUtils.java:logGet(46)) - raft.server.storage.free-space.min = 0MB (=0) (default)
2023-03-17 00:25:13,526 [s1-impl-thread1] INFO  server.RaftServerConfigKeys (ConfUtils.java:logGet(46)) - raft.server.log.corruption.policy = EXCEPTION (default)
2023-03-17 00:25:13,526 [s1-impl-thread1] INFO  server.RaftServerConfigKeys (ConfUtils.java:logGet(46)) - raft.server.storage.dir = [/home/runner/work/ratis/ratis/ratis-test/target/test/data/ce6527c6/MiniRaftClusterWithGrpc600c9161/s1] (custom)
2023-03-17 00:25:13,526 [s1-impl-thread1] INFO  storage.RaftStorageDirectory (RaftStorageDirectoryImpl.java:analyzeStorage(138)) - The storage directory /home/runner/work/ratis/ratis/ratis-test/target/test/data/ce6527c6/MiniRaftClusterWithGrpc600c9161/s1/bc0d20aa-91e1-400a-8efc-29167549509f does not exist. Creating ...
2023-03-17 00:25:13,526 [s1-impl-thread1] TRACE util.FileUtils (LogUtils.java:runAndLog(49)) - Successfully ran Files.createDirectories /home/runner/work/ratis/ratis/ratis-test/target/test/data/ce6527c6/MiniRaftClusterWithGrpc600c9161/s1/bc0d20aa-91e1-400a-8efc-29167549509f
2023-03-17 00:25:13,527 [s1-impl-thread1] INFO  storage.RaftStorageDirectory (RaftStorageDirectoryImpl.java:tryLock(232)) - Lock on /home/runner/work/ratis/ratis/ratis-test/target/test/data/ce6527c6/MiniRaftClusterWithGrpc600c9161/s1/bc0d20aa-91e1-400a-8efc-29167549509f/in_use.lock acquired by nodename 10276@fv-az426-358
2023-03-17 00:25:13,528 [s1-impl-thread1] TRACE util.FileUtils (LogUtils.java:runAndLog(49)) - Successfully ran Files.createDirectories /home/runner/work/ratis/ratis/ratis-test/target/test/data/ce6527c6/MiniRaftClusterWithGrpc600c9161/s1/bc0d20aa-91e1-400a-8efc-29167549509f/current
2023-03-17 00:25:13,528 [s1-impl-thread1] TRACE util.FileUtils (LogUtils.java:runAndLog(49)) - Successfully ran Files.createDirectories /home/runner/work/ratis/ratis/ratis-test/target/test/data/ce6527c6/MiniRaftClusterWithGrpc600c9161/s1/bc0d20aa-91e1-400a-8efc-29167549509f/sm
2023-03-17 00:25:13,529 [s1-impl-thread1] INFO  storage.RaftStorage (RaftStorageImpl.java:format(96)) - Storage directory /home/runner/work/ratis/ratis/ratis-test/target/test/data/ce6527c6/MiniRaftClusterWithGrpc600c9161/s1/bc0d20aa-91e1-400a-8efc-29167549509f has been successfully formatted.
2023-03-17 00:25:13,529 [s1-impl-thread1] INFO  server.RaftServerConfigKeys (ConfUtils.java:logGet(46)) - raft.server.log.use.memory = false (default)
2023-03-17 00:25:13,529 [s1-impl-thread1] INFO  server.RaftServerConfigKeys (ConfUtils.java:logGet(46)) - raft.server.log.purge.gap = 1024 (default)
2023-03-17 00:25:13,529 [s1-impl-thread1] INFO  server.RaftServerConfigKeys (ConfUtils.java:logGet(46)) - raft.server.log.appender.buffer.byte-limit = 4MB (=4194304) (default)
2023-03-17 00:25:13,529 [s1-impl-thread1] INFO  server.RaftServerConfigKeys (ConfUtils.java:logGet(46)) - raft.server.log.statemachine.data.read.timeout = 1000ms (default)
2023-03-17 00:25:13,529 [s1-impl-thread1] INFO  server.RaftServerConfigKeys (ConfUtils.java:logGet(46)) - raft.server.log.purge.preservation.log.num = 0 (default)
2023-03-17 00:25:13,529 [s1-impl-thread1] INFO  server.RaftServerConfigKeys (ConfUtils.java:logGet(46)) - raft.server.log.segment.size.max = 8MB (=8388608) (default)
2023-03-17 00:25:13,529 [s1-impl-thread1] INFO  server.RaftServerConfigKeys (ConfUtils.java:logGet(46)) - raft.server.log.segment.cache.num.max = 6 (default)
2023-03-17 00:25:13,529 [s1-impl-thread1] INFO  server.RaftServerConfigKeys (ConfUtils.java:logGet(46)) - raft.server.log.segment.cache.size.max = 200MB (=209715200) (default)
2023-03-17 00:25:13,529 [s1-impl-thread1] INFO  server.RaftServerConfigKeys (ConfUtils.java:logGet(46)) - raft.server.log.appender.buffer.byte-limit = 4MB (=4194304) (default)
2023-03-17 00:25:13,529 [s1-impl-thread1] INFO  segmented.SegmentedRaftLogWorker (SegmentedRaftLogWorker.java:<init>(183)) - new s1@group-29167549509F-SegmentedRaftLogWorker for RaftStorageImpl:Storage Directory /home/runner/work/ratis/ratis/ratis-test/target/test/data/ce6527c6/MiniRaftClusterWithGrpc600c9161/s1/bc0d20aa-91e1-400a-8efc-29167549509f
2023-03-17 00:25:13,529 [s1-impl-thread1] INFO  server.RaftServerConfigKeys (ConfUtils.java:logGet(46)) - raft.server.log.queue.byte-limit = 64MB (=67108864) (default)
2023-03-17 00:25:13,529 [s1-impl-thread1] INFO  server.RaftServerConfigKeys (ConfUtils.java:logGet(46)) - raft.server.log.queue.element-limit = 4096 (default)
2023-03-17 00:25:13,529 [s1-impl-thread1] INFO  server.RaftServerConfigKeys (ConfUtils.java:logGet(46)) - raft.server.log.segment.size.max = 8MB (=8388608) (default)
2023-03-17 00:25:13,529 [s1-impl-thread1] INFO  server.RaftServerConfigKeys (ConfUtils.java:logGet(46)) - raft.server.log.preallocated.size = 4MB (=4194304) (default)
2023-03-17 00:25:13,529 [s1-impl-thread1] INFO  server.RaftServerConfigKeys (ConfUtils.java:logGet(46)) - raft.server.log.force.sync.num = 128 (default)
2023-03-17 00:25:13,529 [s1-impl-thread1] INFO  server.RaftServerConfigKeys (ConfUtils.java:logGet(46)) - raft.server.log.statemachine.data.sync = true (default)
2023-03-17 00:25:13,530 [s1-impl-thread1] INFO  server.RaftServerConfigKeys (ConfUtils.java:logGet(46)) - raft.server.log.statemachine.data.sync.timeout = 10s (default)
2023-03-17 00:25:13,530 [s1-impl-thread1] INFO  server.RaftServerConfigKeys (ConfUtils.java:logGet(46)) - raft.server.log.statemachine.data.sync.timeout.retry = -1 (default)
2023-03-17 00:25:13,530 [s1-impl-thread1] INFO  server.RaftServerConfigKeys (ConfUtils.java:logGet(46)) - raft.server.log.write.buffer.size = 64KB (=65536) (default)
2023-03-17 00:25:13,530 [s1-impl-thread1] INFO  server.RaftServerConfigKeys (ConfUtils.java:logGet(46)) - raft.server.log.appender.buffer.byte-limit = 4MB (=4194304) (default)
2023-03-17 00:25:13,530 [s1-impl-thread1] INFO  server.RaftServerConfigKeys (ConfUtils.java:logGet(46)) - raft.server.log.unsafe-flush.enabled = false (default)
2023-03-17 00:25:13,530 [s1-impl-thread1] INFO  server.RaftServerConfigKeys (ConfUtils.java:logGet(46)) - raft.server.log.async-flush.enabled = false (default)
2023-03-17 00:25:13,530 [s1-impl-thread1] INFO  server.RaftServerConfigKeys (ConfUtils.java:logGet(46)) - raft.server.log.statemachine.data.caching.enabled = false (default)
2023-03-17 00:25:13,530 [s1-impl-thread1] INFO  segmented.SegmentedRaftLogWorker (SegmentedRaftLogWorker.java:lambda$new$0(134)) - s1@group-29167549509F-SegmentedRaftLogWorker: flushIndex: setUnconditionally 0 -> -1
2023-03-17 00:25:13,530 [s1-impl-thread1] INFO  segmented.SegmentedRaftLogWorker (SegmentedRaftLogWorker.java:lambda$new$0(134)) - s1@group-29167549509F-SegmentedRaftLogWorker: safeCacheEvictIndex: setUnconditionally 0 -> -1
2023-03-17 00:25:13,531 [s1-impl-thread1] INFO  server.RaftServer$Division (RaftServerImpl.java:start(342)) - s1@group-29167549509F: start as a follower, conf=-1: peers:[s0|rpc:localhost:45597|admin:localhost:39213|client:localhost:37679|dataStream:localhost:34847|priority:0|startupRole:FOLLOWER, s1|rpc:0.0.0.0:44561|priority:0|startupRole:FOLLOWER, s2|rpc:0.0.0.0:34673|priority:0|startupRole:FOLLOWER]|listeners:[], old=null
2023-03-17 00:25:13,531 [s1-impl-thread1] INFO  server.RaftServer$Division (RaftServerImpl.java:setRole(329)) - s1@group-29167549509F: changes role from      null to FOLLOWER at term 0 for startAsFollower
2023-03-17 00:25:13,531 [s1-impl-thread1] INFO  impl.RoleInfo (RoleInfo.java:updateAndGet(139)) - s1: start s1@group-29167549509F-FollowerState
2023-03-17 00:25:13,531 [s1-impl-thread1] INFO  util.JmxRegister (JmxRegister.java:tryRegister(44)) - Successfully registered JMX Bean with object name Ratis:service=RaftServer,group=group-29167549509F,id=s1
2023-03-17 00:25:13,531 [s1-impl-thread1] INFO  server.RaftServerConfigKeys (ConfUtils.java:logGet(46)) - raft.server.snapshot.auto.trigger.enabled = false (default)
2023-03-17 00:25:13,531 [s1-impl-thread1] INFO  server.RaftServerConfigKeys (ConfUtils.java:logGet(46)) - raft.server.snapshot.retention.file.num = -1 (default)
2023-03-17 00:25:13,531 [s1-impl-thread1] INFO  server.RaftServerConfigKeys (ConfUtils.java:logGet(46)) - raft.server.log.purge.upto.snapshot.index = false (default)
2023-03-17 00:25:13,532 [s1@group-29167549509F-FollowerState] INFO  server.RaftServerConfigKeys (ConfUtils.java:logFallback(53)) - raft.server.rpc.first-election.timeout.min = 150ms (fallback to raft.server.rpc.timeout.min)
2023-03-17 00:25:13,532 [s1@group-29167549509F-FollowerState] INFO  server.RaftServerConfigKeys (ConfUtils.java:logFallback(53)) - raft.server.rpc.first-election.timeout.max = 300ms (fallback to raft.server.rpc.timeout.max)
2023-03-17 00:25:13,535 [Time-limited test] INFO  server.RaftServer (RaftServerProxy.java:startImpl(401)) - s1: start RPC server
2023-03-17 00:25:13,535 [Time-limited test] INFO  server.GrpcService (GrpcService.java:startImpl(302)) - s1: GrpcService started, listening on 44561
2023-03-17 00:25:13,535 [Time-limited test] INFO  impl.MiniRaftCluster (MiniRaftCluster.java:killServer(533)) - killServer s2
2023-03-17 00:25:13,535 [Time-limited test] INFO  server.RaftServer (RaftServerProxy.java:lambda$close$7(417)) - s2: close
2023-03-17 00:25:13,535 [Time-limited test] INFO  server.GrpcService (GrpcService.java:closeImpl(311)) - s2: shutdown server GrpcServerProtocolService now
2023-03-17 00:25:13,535 [s2-impl-thread1] INFO  server.RaftServer$Division (RaftServerImpl.java:lambda$close$4(466)) - s2@group-29167549509F: shutdown
2023-03-17 00:25:13,536 [s2-impl-thread1] INFO  util.JmxRegister (JmxRegister.java:unregister(73)) - Successfully un-registered JMX Bean with object name Ratis:service=RaftServer,group=group-29167549509F,id=s2
2023-03-17 00:25:13,536 [s2-impl-thread1] INFO  impl.RoleInfo (RoleInfo.java:shutdownFollowerState(110)) - s2: shutdown s2@group-29167549509F-FollowerState
2023-03-17 00:25:13,536 [s2-impl-thread1] INFO  impl.StateMachineUpdater (StateMachineUpdater.java:stopAndJoin(154)) - s2@group-29167549509F-StateMachineUpdater: set stopIndex = 44
2023-03-17 00:25:13,536 [s2@group-29167549509F-FollowerState] INFO  impl.FollowerState (FollowerState.java:run(152)) - s2@group-29167549509F-FollowerState was interrupted
2023-03-17 00:25:13,536 [s2-impl-thread1] INFO  server.RaftServer$Division (ServerState.java:close(414)) - s2@group-29167549509F: applyIndex: 44
2023-03-17 00:25:13,537 [grpc-default-executor-7] WARN  server.GrpcServerProtocolService (LogUtils.java:warn(122)) - s2: APPEND_ENTRIES onError, lastRequest: s0->s2#15278-t1,previous=(t:1, i:43),leaderCommit=43,initializing? true,entries: size=1, first=(t:1, i:44), METADATAENTRY(c:43): org.apache.ratis.thirdparty.io.grpc.StatusRuntimeException: CANCELLED: client cancelled
2023-03-17 00:25:13,537 [grpc-default-executor-4] WARN  server.GrpcLogAppender (LogUtils.java:warn(122)) - s0@group-29167549509F->s2-AppendLogResponseHandler: Failed appendEntries: org.apache.ratis.thirdparty.io.grpc.StatusRuntimeException: CANCELLED: RST_STREAM closed stream. HTTP/2 error code: CANCEL
2023-03-17 00:25:13,537 [grpc-default-executor-4] INFO  leader.FollowerInfo (FollowerInfoImpl.java:lambda$new$0(52)) - s0@group-29167549509F->s2: decreaseNextIndex nextIndex: updateUnconditionally 45 -> 44
2023-03-17 00:25:13,538 [grpc-default-executor-7] WARN  server.GrpcLogAppender (LogUtils.java:warn(122)) - s0@group-29167549509F->s2-AppendLogResponseHandler: Failed appendEntries: org.apache.ratis.thirdparty.io.grpc.StatusRuntimeException: UNAVAILABLE: io exception
2023-03-17 00:25:13,538 [grpc-default-executor-7] INFO  leader.FollowerInfo (FollowerInfoImpl.java:lambda$new$0(52)) - s0@group-29167549509F->s2: decreaseNextIndex nextIndex: updateUnconditionally 45 -> 44
2023-03-17 00:25:13,538 [grpc-default-executor-7] WARN  server.GrpcLogAppender (LogUtils.java:warn(122)) - s0@group-29167549509F->s2-AppendLogResponseHandler: Failed appendEntries: org.apache.ratis.thirdparty.io.grpc.StatusRuntimeException: UNAVAILABLE: io exception
2023-03-17 00:25:13,538 [grpc-default-executor-7] INFO  leader.FollowerInfo (FollowerInfoImpl.java:lambda$new$0(52)) - s0@group-29167549509F->s2: decreaseNextIndex nextIndex: updateUnconditionally 45 -> 44
2023-03-17 00:25:13,539 [Time-limited test] INFO  server.GrpcService (GrpcService.java:closeImpl(320)) - s2: shutdown server GrpcServerProtocolService successfully
2023-03-17 00:25:13,539 [grpc-default-executor-0] WARN  server.GrpcLogAppender (LogUtils.java:warn(122)) - s0@group-29167549509F->s2-AppendLogResponseHandler: Failed appendEntries: org.apache.ratis.thirdparty.io.grpc.StatusRuntimeException: CANCELLED: RST_STREAM closed stream. HTTP/2 error code: CANCEL
2023-03-17 00:25:13,540 [grpc-default-executor-0] INFO  leader.FollowerInfo (FollowerInfoImpl.java:lambda$new$0(52)) - s0@group-29167549509F->s2: decreaseNextIndex nextIndex: updateUnconditionally 45 -> 44
2023-03-17 00:25:13,540 [grpc-default-executor-8] WARN  server.GrpcLogAppender (LogUtils.java:warn(122)) - s0@group-29167549509F->s2-AppendLogResponseHandler: Failed appendEntries: org.apache.ratis.thirdparty.io.grpc.StatusRuntimeException: UNAVAILABLE: io exception
2023-03-17 00:25:13,540 [grpc-default-executor-8] INFO  leader.FollowerInfo (FollowerInfoImpl.java:lambda$new$0(52)) - s0@group-29167549509F->s2: decreaseNextIndex nextIndex: updateUnconditionally 44 -> 43
2023-03-17 00:25:13,540 [grpc-default-executor-6] WARN  server.GrpcLogAppender (LogUtils.java:warn(122)) - s0@group-29167549509F->s2-AppendLogResponseHandler: Failed appendEntries: org.apache.ratis.thirdparty.io.grpc.StatusRuntimeException: UNAVAILABLE: io exception
2023-03-17 00:25:13,540 [grpc-default-executor-6] INFO  leader.FollowerInfo (FollowerInfoImpl.java:lambda$new$0(52)) - s0@group-29167549509F->s2: decreaseNextIndex nextIndex: updateUnconditionally 43 -> 42
2023-03-17 00:25:13,540 [grpc-default-executor-2] WARN  server.GrpcServerProtocolService (LogUtils.java:warn(122)) - s2: APPEND_ENTRIES onError, lastRequest: null: org.apache.ratis.thirdparty.io.grpc.StatusRuntimeException: CANCELLED: client cancelled
2023-03-17 00:25:13,540 [grpc-default-executor-4] WARN  server.GrpcLogAppender (LogUtils.java:warn(122)) - s0@group-29167549509F->s2-AppendLogResponseHandler: Failed appendEntries: org.apache.ratis.thirdparty.io.grpc.StatusRuntimeException: UNAVAILABLE: io exception
2023-03-17 00:25:13,540 [grpc-default-executor-4] INFO  leader.FollowerInfo (FollowerInfoImpl.java:lambda$new$0(52)) - s0@group-29167549509F->s2: decreaseNextIndex nextIndex: updateUnconditionally 42 -> 41
2023-03-17 00:25:13,541 [grpc-default-executor-0] WARN  server.GrpcLogAppender (LogUtils.java:warn(122)) - s0@group-29167549509F->s2-AppendLogResponseHandler: Failed appendEntries: org.apache.ratis.thirdparty.io.grpc.StatusRuntimeException: UNAVAILABLE: io exception
2023-03-17 00:25:13,541 [grpc-default-executor-0] INFO  leader.FollowerInfo (FollowerInfoImpl.java:lambda$new$0(52)) - s0@group-29167549509F->s2: decreaseNextIndex nextIndex: updateUnconditionally 41 -> 40
2023-03-17 00:25:13,541 [JvmPauseMonitor75] INFO  util.JvmPauseMonitor (JvmPauseMonitor.java:run(103)) - JvmPauseMonitor-s1: Started
2023-03-17 00:25:13,547 [grpc-default-executor-4] WARN  server.GrpcLogAppender (LogUtils.java:warn(122)) - s0@group-29167549509F->s1-AppendLogResponseHandler: Failed appendEntries: org.apache.ratis.thirdparty.io.grpc.StatusRuntimeException: UNAVAILABLE: io exception
2023-03-17 00:25:13,547 [grpc-default-executor-0] WARN  server.GrpcLogAppender (LogUtils.java:warn(122)) - s0@group-29167549509F->s1-AppendLogResponseHandler: Failed appendEntries: org.apache.ratis.thirdparty.io.grpc.StatusRuntimeException: UNAVAILABLE: io exception
2023-03-17 00:25:13,547 [grpc-default-executor-4] INFO  leader.FollowerInfo (FollowerInfoImpl.java:lambda$new$0(52)) - s0@group-29167549509F->s1: decreaseNextIndex nextIndex: updateUnconditionally 43 -> 42
2023-03-17 00:25:13,547 [grpc-default-executor-0] INFO  leader.FollowerInfo (FollowerInfoImpl.java:lambda$new$0(52)) - s0@group-29167549509F->s1: decreaseNextIndex nextIndex: updateUnconditionally 42 -> 41
2023-03-17 00:25:13,558 [s1-server-thread1] DEBUG server.RaftServer$Division (RaftServerImpl.java:logAppendEntries(1430)) - s1@group-29167549509F: receive appendEntries(s0, 1, (t:1, i:40), 44, true, commits:[s0:c44, s1:c44, s2:c44], cId:46822, entries: [(t:1, i:41), CONFIGURATIONENTRY(current:id: "s0"
address: "localhost:45597"
dataStreamAddress: "localhost:34847"
clientAddress: "localhost:37679"
adminAddress: "localhost:39213"
startupRole: FOLLOWER
,id: "s1"
address: "0.0.0.0:44561"
clientAddress: "0.0.0.0:44561"
adminAddress: "0.0.0.0:44561"
startupRole: FOLLOWER
,id: "s2"
address: "0.0.0.0:34673"
clientAddress: "0.0.0.0:34673"
adminAddress: "0.0.0.0:34673"
startupRole: FOLLOWER
, old:id: "s0"
address: "localhost:45597"
dataStreamAddress: "localhost:34847"
clientAddress: "localhost:37679"
adminAddress: "localhost:39213"
startupRole: FOLLOWER
), (t:1, i:42), METADATAENTRY(c:41), (t:1, i:43), CONFIGURATIONENTRY(current:id: "s0"
address: "localhost:45597"
dataStreamAddress: "localhost:34847"
clientAddress: "localhost:37679"
adminAddress: "localhost:39213"
startupRole: FOLLOWER
,id: "s1"
address: "0.0.0.0:44561"
clientAddress: "0.0.0.0:44561"
adminAddress: "0.0.0.0:44561"
startupRole: FOLLOWER
,id: "s2"
address: "0.0.0.0:34673"
clientAddress: "0.0.0.0:34673"
adminAddress: "0.0.0.0:34673"
startupRole: FOLLOWER
, old:), (t:1, i:44), METADATAENTRY(c:43)]
2023-03-17 00:25:13,559 [s1-server-thread1] INFO  server.RaftServer$Division (ServerState.java:setLeader(260)) - s1@group-29167549509F: change Leader from null to s0 at term 1 for appendEntries, leader elected after 33ms
2023-03-17 00:25:13,559 [s1-server-thread1] INFO  server.RaftServer$Division (RaftServerImpl.java:checkInconsistentAppendEntries(1610)) - s1@group-29167549509F: Failed appendEntries as previous log entry ((t:1, i:40)) is not found
2023-03-17 00:25:13,559 [s1-server-thread1] INFO  server.RaftServer$Division (RaftServerImpl.java:checkInconsistentAppendEntries(1580)) - s1@group-29167549509F: inconsistency entries. Reply:s0<-s1#46822:FAIL-t0,INCONSISTENCY,nextIndex=0,followerCommit=-1,matchIndex=-1
2023-03-17 00:25:13,560 [grpc-default-executor-6] WARN  server.GrpcLogAppender (GrpcLogAppender.java:onNextImpl(395)) - s0@group-29167549509F->s1-AppendLogResponseHandler: received INCONSISTENCY reply with nextIndex 0
2023-03-17 00:25:13,560 [grpc-default-executor-6] INFO  leader.FollowerInfo (FollowerInfoImpl.java:lambda$new$0(52)) - s0@group-29167549509F->s1: setNextIndex nextIndex: updateUnconditionally 45 -> 0
2023-03-17 00:25:13,571 [s1-server-thread1] DEBUG server.RaftServer$Division (RaftServerImpl.java:logAppendEntries(1430)) - s1@group-29167549509F: receive appendEntries(s0, 1, null, 44, true, commits:[s0:c44, s1:c44, s2:c44], cId:46823, entries: [(t:1, i:0), CONFIGURATIONENTRY(current:id: "s0"
address: "localhost:45597"
dataStreamAddress: "localhost:34847"
clientAddress: "localhost:37679"
adminAddress: "localhost:39213"
startupRole: FOLLOWER
, old:), (t:1, i:1), STATEMACHINELOGENTRY, 99@client-04E303E22F97, (t:1, i:2), METADATAENTRY(c:1), (t:1, i:3), STATEMACHINELOGENTRY, 100@client-04E303E22F97, (t:1, i:4), METADATAENTRY(c:3), (t:1, i:5), STATEMACHINELOGENTRY, 101@client-04E303E22F97, (t:1, i:6), METADATAENTRY(c:5), (t:1, i:7), STATEMACHINELOGENTRY, 102@client-04E303E22F97, (t:1, i:8), METADATAENTRY(c:7), (t:1, i:9), STATEMACHINELOGENTRY, 103@client-04E303E22F97, (t:1, i:10), METADATAENTRY(c:9), (t:1, i:11), STATEMACHINELOGENTRY, 104@client-04E303E22F97, (t:1, i:12), METADATAENTRY(c:11), (t:1, i:13), STATEMACHINELOGENTRY, 105@client-04E303E22F97, (t:1, i:14), METADATAENTRY(c:13), (t:1, i:15), STATEMACHINELOGENTRY, 106@client-04E303E22F97, (t:1, i:16), METADATAENTRY(c:15), (t:1, i:17), STATEMACHINELOGENTRY, 107@client-04E303E22F97, (t:1, i:18), METADATAENTRY(c:17), (t:1, i:19), STATEMACHINELOGENTRY, 108@client-04E303E22F97, (t:1, i:20), METADATAENTRY(c:19), (t:1, i:21), STATEMACHINELOGENTRY, 109@client-04E303E22F97, (t:1, i:22), METADATAENTRY(c:21), (t:1, i:23), STATEMACHINELOGENTRY, 110@client-04E303E22F97, (t:1, i:24), METADATAENTRY(c:23), (t:1, i:25), STATEMACHINELOGENTRY, 111@client-04E303E22F97, (t:1, i:26), METADATAENTRY(c:25), (t:1, i:27), STATEMACHINELOGENTRY, 112@client-04E303E22F97, (t:1, i:28), METADATAENTRY(c:27), (t:1, i:29), STATEMACHINELOGENTRY, 113@client-04E303E22F97, (t:1, i:30), METADATAENTRY(c:29), (t:1, i:31), STATEMACHINELOGENTRY, 114@client-04E303E22F97, (t:1, i:32), METADATAENTRY(c:31), (t:1, i:33), STATEMACHINELOGENTRY, 115@client-04E303E22F97, (t:1, i:34), METADATAENTRY(c:33), (t:1, i:35), STATEMACHINELOGENTRY, 116@client-04E303E22F97, (t:1, i:36), METADATAENTRY(c:35), (t:1, i:37), STATEMACHINELOGENTRY, 117@client-04E303E22F97, (t:1, i:38), METADATAENTRY(c:37), (t:1, i:39), STATEMACHINELOGENTRY, 118@client-04E303E22F97, (t:1, i:40), METADATAENTRY(c:39), (t:1, i:41), CONFIGURATIONENTRY(current:id: "s0"
address: "localhost:45597"
dataStreamAddress: "localhost:34847"
clientAddress: "localhost:37679"
adminAddress: "localhost:39213"
startupRole: FOLLOWER
,id: "s1"
address: "0.0.0.0:44561"
clientAddress: "0.0.0.0:44561"
adminAddress: "0.0.0.0:44561"
startupRole: FOLLOWER
,id: "s2"
address: "0.0.0.0:34673"
clientAddress: "0.0.0.0:34673"
adminAddress: "0.0.0.0:34673"
startupRole: FOLLOWER
, old:id: "s0"
address: "localhost:45597"
dataStreamAddress: "localhost:34847"
clientAddress: "localhost:37679"
adminAddress: "localhost:39213"
startupRole: FOLLOWER
), (t:1, i:42), METADATAENTRY(c:41), (t:1, i:43), CONFIGURATIONENTRY(current:id: "s0"
address: "localhost:45597"
dataStreamAddress: "localhost:34847"
clientAddress: "localhost:37679"
adminAddress: "localhost:39213"
startupRole: FOLLOWER
,id: "s1"
address: "0.0.0.0:44561"
clientAddress: "0.0.0.0:44561"
adminAddress: "0.0.0.0:44561"
startupRole: FOLLOWER
,id: "s2"
address: "0.0.0.0:34673"
clientAddress: "0.0.0.0:34673"
adminAddress: "0.0.0.0:34673"
startupRole: FOLLOWER
, old:), (t:1, i:44), METADATAENTRY(c:43)]
2023-03-17 00:25:13,572 [s1-server-thread1] INFO  server.RaftServer$Division (ServerState.java:setRaftConf(378)) - s1@group-29167549509F: set configuration 0: peers:[s0|rpc:localhost:45597|admin:localhost:39213|client:localhost:37679|dataStream:localhost:34847|priority:0|startupRole:FOLLOWER]|listeners:[], old=null
2023-03-17 00:25:13,572 [s1-server-thread1] INFO  server.RaftServer$Division (ServerState.java:setRaftConf(378)) - s1@group-29167549509F: set configuration 41: peers:[s0|rpc:localhost:45597|admin:localhost:39213|client:localhost:37679|dataStream:localhost:34847|priority:0|startupRole:FOLLOWER, s1|rpc:0.0.0.0:44561|dataStream:|priority:0|startupRole:FOLLOWER, s2|rpc:0.0.0.0:34673|dataStream:|priority:0|startupRole:FOLLOWER]|listeners:[], old=peers:[s0|rpc:localhost:45597|admin:localhost:39213|client:localhost:37679|dataStream:localhost:34847|priority:0|startupRole:FOLLOWER]|listeners:[]
2023-03-17 00:25:13,572 [s1-server-thread1] INFO  server.RaftServer$Division (ServerState.java:setRaftConf(378)) - s1@group-29167549509F: set configuration 43: peers:[s0|rpc:localhost:45597|admin:localhost:39213|client:localhost:37679|dataStream:localhost:34847|priority:0|startupRole:FOLLOWER, s1|rpc:0.0.0.0:44561|dataStream:|priority:0|startupRole:FOLLOWER, s2|rpc:0.0.0.0:34673|dataStream:|priority:0|startupRole:FOLLOWER]|listeners:[], old=null
2023-03-17 00:25:13,572 [s1-server-thread1] INFO  segmented.SegmentedRaftLogWorker (SegmentedRaftLogWorker.java:startLogSegment(426)) - s1@group-29167549509F-SegmentedRaftLogWorker: Starting segment from index:0
2023-03-17 00:25:13,580 [grpc-default-executor-2] WARN  server.GrpcLogAppender (LogUtils.java:warn(122)) - s0@group-29167549509F->s2-AppendLogResponseHandler: Failed appendEntries: org.apache.ratis.thirdparty.io.grpc.StatusRuntimeException: UNAVAILABLE: io exception
2023-03-17 00:25:13,580 [grpc-default-executor-2] INFO  leader.FollowerInfo (FollowerInfoImpl.java:lambda$new$0(52)) - s0@group-29167549509F->s2: decreaseNextIndex nextIndex: updateUnconditionally 40 -> 39
2023-03-17 00:25:13,580 [grpc-default-executor-6] WARN  server.GrpcLogAppender (LogUtils.java:warn(122)) - s0@group-29167549509F->s2-AppendLogResponseHandler: Failed appendEntries: org.apache.ratis.thirdparty.io.grpc.StatusRuntimeException: UNAVAILABLE: io exception
2023-03-17 00:25:13,580 [grpc-default-executor-6] INFO  leader.FollowerInfo (FollowerInfoImpl.java:lambda$new$0(52)) - s0@group-29167549509F->s2: decreaseNextIndex nextIndex: updateUnconditionally 39 -> 38
2023-03-17 00:25:13,582 [s1@group-29167549509F-SegmentedRaftLogWorker] INFO  segmented.SegmentedRaftLogWorker (SegmentedRaftLogWorker.java:execute(630)) - s1@group-29167549509F-SegmentedRaftLogWorker: created new log segment /home/runner/work/ratis/ratis/ratis-test/target/test/data/ce6527c6/MiniRaftClusterWithGrpc600c9161/s1/bc0d20aa-91e1-400a-8efc-29167549509f/current/log_inprogress_0
2023-03-17 00:25:13,590 [grpc-default-executor-6] WARN  server.GrpcLogAppender (LogUtils.java:warn(122)) - s0@group-29167549509F->s2-AppendLogResponseHandler: Failed appendEntries: org.apache.ratis.thirdparty.io.grpc.StatusRuntimeException: UNAVAILABLE: io exception
2023-03-17 00:25:13,590 [grpc-default-executor-6] INFO  leader.FollowerInfo (FollowerInfoImpl.java:lambda$new$0(52)) - s0@group-29167549509F->s2: decreaseNextIndex nextIndex: updateUnconditionally 45 -> 44
2023-03-17 00:25:13,590 [grpc-default-executor-2] WARN  server.GrpcLogAppender (LogUtils.java:warn(122)) - s0@group-29167549509F->s2-AppendLogResponseHandler: Failed appendEntries: org.apache.ratis.thirdparty.io.grpc.StatusRuntimeException: UNAVAILABLE: io exception
2023-03-17 00:25:13,590 [grpc-default-executor-2] INFO  leader.FollowerInfo (FollowerInfoImpl.java:lambda$new$0(52)) - s0@group-29167549509F->s2: decreaseNextIndex nextIndex: updateUnconditionally 44 -> 43
2023-03-17 00:25:13,593 [s1-server-thread1] DEBUG server.RaftServer$Division (RaftServerImpl.java:logAppendEntries(1430)) - s1@group-29167549509F: succeeded to handle AppendEntries. Reply: s0<-s1#46823:OK-t1,SUCCESS,nextIndex=45,followerCommit=44,matchIndex=44
2023-03-17 00:25:13,617 [grpc-default-executor-2] WARN  server.GrpcLogAppender (LogUtils.java:warn(122)) - s0@group-29167549509F->s2-AppendLogResponseHandler: Failed appendEntries: org.apache.ratis.thirdparty.io.grpc.StatusRuntimeException: UNAVAILABLE: io exception
2023-03-17 00:25:13,617 [grpc-default-executor-2] INFO  leader.FollowerInfo (FollowerInfoImpl.java:lambda$new$0(52)) - s0@group-29167549509F->s2: decreaseNextIndex nextIndex: updateUnconditionally 43 -> 42
2023-03-17 00:25:13,617 [grpc-default-executor-6] WARN  server.GrpcLogAppender (LogUtils.java:warn(122)) - s0@group-29167549509F->s2-AppendLogResponseHandler: Failed appendEntries: org.apache.ratis.thirdparty.io.grpc.StatusRuntimeException: UNAVAILABLE: io exception
2023-03-17 00:25:13,617 [grpc-default-executor-6] INFO  leader.FollowerInfo (FollowerInfoImpl.java:lambda$new$0(52)) - s0@group-29167549509F->s2: decreaseNextIndex nextIndex: updateUnconditionally 42 -> 41
2023-03-17 00:25:13,627 [grpc-default-executor-6] WARN  server.GrpcLogAppender (LogUtils.java:warn(122)) - s0@group-29167549509F->s2-AppendLogResponseHandler: Failed appendEntries: org.apache.ratis.thirdparty.io.grpc.StatusRuntimeException: UNAVAILABLE: io exception
2023-03-17 00:25:13,627 [grpc-default-executor-6] INFO  leader.FollowerInfo (FollowerInfoImpl.java:lambda$new$0(52)) - s0@group-29167549509F->s2: decreaseNextIndex nextIndex: updateUnconditionally 45 -> 44
2023-03-17 00:25:13,627 [grpc-default-executor-2] WARN  server.GrpcLogAppender (LogUtils.java:warn(122)) - s0@group-29167549509F->s2-AppendLogResponseHandler: Failed appendEntries: org.apache.ratis.thirdparty.io.grpc.StatusRuntimeException: UNAVAILABLE: io exception
2023-03-17 00:25:13,627 [grpc-default-executor-2] INFO  leader.FollowerInfo (FollowerInfoImpl.java:lambda$new$0(52)) - s0@group-29167549509F->s2: decreaseNextIndex nextIndex: updateUnconditionally 44 -> 43
2023-03-17 00:25:13,654 [grpc-default-executor-6] WARN  server.GrpcLogAppender (LogUtils.java:warn(122)) - s0@group-29167549509F->s2-AppendLogResponseHandler: Failed appendEntries: org.apache.ratis.thirdparty.io.grpc.StatusRuntimeException: UNAVAILABLE: io exception
2023-03-17 00:25:13,654 [grpc-default-executor-2] WARN  server.GrpcLogAppender (LogUtils.java:warn(122)) - s0@group-29167549509F->s2-AppendLogResponseHandler: Failed appendEntries: org.apache.ratis.thirdparty.io.grpc.StatusRuntimeException: UNAVAILABLE: io exception
2023-03-17 00:25:13,654 [grpc-default-executor-6] INFO  leader.FollowerInfo (FollowerInfoImpl.java:lambda$new$0(52)) - s0@group-29167549509F->s2: decreaseNextIndex nextIndex: updateUnconditionally 43 -> 42
2023-03-17 00:25:13,655 [grpc-default-executor-2] INFO  leader.FollowerInfo (FollowerInfoImpl.java:lambda$new$0(52)) - s0@group-29167549509F->s2: decreaseNextIndex nextIndex: updateUnconditionally 42 -> 41
2023-03-17 00:25:13,664 [grpc-default-executor-6] WARN  server.GrpcLogAppender (LogUtils.java:warn(122)) - s0@group-29167549509F->s2-AppendLogResponseHandler: Failed appendEntries: org.apache.ratis.thirdparty.io.grpc.StatusRuntimeException: UNAVAILABLE: io exception
2023-03-17 00:25:13,664 [grpc-default-executor-2] WARN  server.GrpcLogAppender (LogUtils.java:warn(122)) - s0@group-29167549509F->s2-AppendLogResponseHandler: Failed appendEntries: org.apache.ratis.thirdparty.io.grpc.StatusRuntimeException: UNAVAILABLE: io exception
2023-03-17 00:25:13,664 [grpc-default-executor-6] INFO  leader.FollowerInfo (FollowerInfoImpl.java:lambda$new$0(52)) - s0@group-29167549509F->s2: decreaseNextIndex nextIndex: updateUnconditionally 45 -> 44
2023-03-17 00:25:13,665 [grpc-default-executor-2] INFO  leader.FollowerInfo (FollowerInfoImpl.java:lambda$new$0(52)) - s0@group-29167549509F->s2: decreaseNextIndex nextIndex: updateUnconditionally 44 -> 43
2023-03-17 00:25:13,691 [grpc-default-executor-6] WARN  server.GrpcLogAppender (LogUtils.java:warn(122)) - s0@group-29167549509F->s2-AppendLogResponseHandler: Failed appendEntries: org.apache.ratis.thirdparty.io.grpc.StatusRuntimeException: UNAVAILABLE: io exception
2023-03-17 00:25:13,691 [grpc-default-executor-2] WARN  server.GrpcLogAppender (LogUtils.java:warn(122)) - s0@group-29167549509F->s2-AppendLogResponseHandler: Failed appendEntries: org.apache.ratis.thirdparty.io.grpc.StatusRuntimeException: UNAVAILABLE: io exception
2023-03-17 00:25:13,691 [grpc-default-executor-6] INFO  leader.FollowerInfo (FollowerInfoImpl.java:lambda$new$0(52)) - s0@group-29167549509F->s2: decreaseNextIndex nextIndex: updateUnconditionally 43 -> 42
2023-03-17 00:25:13,692 [grpc-default-executor-2] INFO  leader.FollowerInfo (FollowerInfoImpl.java:lambda$new$0(52)) - s0@group-29167549509F->s2: decreaseNextIndex nextIndex: updateUnconditionally 42 -> 41
2023-03-17 00:25:13,701 [grpc-default-executor-6] WARN  server.GrpcLogAppender (LogUtils.java:warn(122)) - s0@group-29167549509F->s2-AppendLogResponseHandler: Failed appendEntries: org.apache.ratis.thirdparty.io.grpc.StatusRuntimeException: UNAVAILABLE: io exception
2023-03-17 00:25:13,702 [grpc-default-executor-6] INFO  leader.FollowerInfo (FollowerInfoImpl.java:lambda$new$0(52)) - s0@group-29167549509F->s2: decreaseNextIndex nextIndex: updateUnconditionally 45 -> 44
2023-03-17 00:25:13,702 [grpc-default-executor-2] WARN  server.GrpcLogAppender (LogUtils.java:warn(122)) - s0@group-29167549509F->s2-AppendLogResponseHandler: Failed appendEntries: org.apache.ratis.thirdparty.io.grpc.StatusRuntimeException: UNAVAILABLE: io exception
2023-03-17 00:25:13,702 [grpc-default-executor-2] INFO  leader.FollowerInfo (FollowerInfoImpl.java:lambda$new$0(52)) - s0@group-29167549509F->s2: decreaseNextIndex nextIndex: updateUnconditionally 44 -> 43
2023-03-17 00:25:13,729 [grpc-default-executor-6] WARN  server.GrpcLogAppender (LogUtils.java:warn(122)) - s0@group-29167549509F->s2-AppendLogResponseHandler: Failed appendEntries: org.apache.ratis.thirdparty.io.grpc.StatusRuntimeException: UNAVAILABLE: io exception
2023-03-17 00:25:13,729 [grpc-default-executor-6] INFO  leader.FollowerInfo (FollowerInfoImpl.java:lambda$new$0(52)) - s0@group-29167549509F->s2: decreaseNextIndex nextIndex: updateUnconditionally 43 -> 42
2023-03-17 00:25:13,729 [grpc-default-executor-2] WARN  server.GrpcLogAppender (LogUtils.java:warn(122)) - s0@group-29167549509F->s2-AppendLogResponseHandler: Failed appendEntries: org.apache.ratis.thirdparty.io.grpc.StatusRuntimeException: UNAVAILABLE: io exception
2023-03-17 00:25:13,729 [grpc-default-executor-2] INFO  leader.FollowerInfo (FollowerInfoImpl.java:lambda$new$0(52)) - s0@group-29167549509F->s2: decreaseNextIndex nextIndex: updateUnconditionally 42 -> 41
2023-03-17 00:25:13,739 [grpc-default-executor-6] WARN  server.GrpcLogAppender (LogUtils.java:warn(122)) - s0@group-29167549509F->s2-AppendLogResponseHandler: Failed appendEntries: org.apache.ratis.thirdparty.io.grpc.StatusRuntimeException: UNAVAILABLE: io exception
2023-03-17 00:25:13,739 [grpc-default-executor-6] INFO  leader.FollowerInfo (FollowerInfoImpl.java:lambda$new$0(52)) - s0@group-29167549509F->s2: decreaseNextIndex nextIndex: updateUnconditionally 45 -> 44
2023-03-17 00:25:13,739 [grpc-default-executor-2] WARN  server.GrpcLogAppender (LogUtils.java:warn(122)) - s0@group-29167549509F->s2-AppendLogResponseHandler: Failed appendEntries: org.apache.ratis.thirdparty.io.grpc.StatusRuntimeException: UNAVAILABLE: io exception
2023-03-17 00:25:13,739 [grpc-default-executor-2] INFO  leader.FollowerInfo (FollowerInfoImpl.java:lambda$new$0(52)) - s0@group-29167549509F->s2: decreaseNextIndex nextIndex: updateUnconditionally 44 -> 43
2023-03-17 00:25:13,766 [grpc-default-executor-2] WARN  server.GrpcLogAppender (LogUtils.java:warn(122)) - s0@group-29167549509F->s2-AppendLogResponseHandler: Failed appendEntries: org.apache.ratis.thirdparty.io.grpc.StatusRuntimeException: UNAVAILABLE: io exception
2023-03-17 00:25:13,766 [grpc-default-executor-2] INFO  leader.FollowerInfo (FollowerInfoImpl.java:lambda$new$0(52)) - s0@group-29167549509F->s2: decreaseNextIndex nextIndex: updateUnconditionally 43 -> 42
2023-03-17 00:25:13,766 [grpc-default-executor-6] WARN  server.GrpcLogAppender (LogUtils.java:warn(122)) - s0@group-29167549509F->s2-AppendLogResponseHandler: Failed appendEntries: org.apache.ratis.thirdparty.io.grpc.StatusRuntimeException: UNAVAILABLE: io exception
2023-03-17 00:25:13,766 [grpc-default-executor-6] INFO  leader.FollowerInfo (FollowerInfoImpl.java:lambda$new$0(52)) - s0@group-29167549509F->s2: decreaseNextIndex nextIndex: updateUnconditionally 42 -> 41
2023-03-17 00:25:13,776 [grpc-default-executor-6] WARN  server.GrpcLogAppender (LogUtils.java:warn(122)) - s0@group-29167549509F->s2-AppendLogResponseHandler: Failed appendEntries: org.apache.ratis.thirdparty.io.grpc.StatusRuntimeException: UNAVAILABLE: io exception
2023-03-17 00:25:13,776 [grpc-default-executor-6] INFO  leader.FollowerInfo (FollowerInfoImpl.java:lambda$new$0(52)) - s0@group-29167549509F->s2: decreaseNextIndex nextIndex: updateUnconditionally 45 -> 44
2023-03-17 00:25:13,776 [grpc-default-executor-2] WARN  server.GrpcLogAppender (LogUtils.java:warn(122)) - s0@group-29167549509F->s2-AppendLogResponseHandler: Failed appendEntries: org.apache.ratis.thirdparty.io.grpc.StatusRuntimeException: UNAVAILABLE: io exception
2023-03-17 00:25:13,776 [grpc-default-executor-2] INFO  leader.FollowerInfo (FollowerInfoImpl.java:lambda$new$0(52)) - s0@group-29167549509F->s2: decreaseNextIndex nextIndex: updateUnconditionally 44 -> 43
2023-03-17 00:25:13,803 [grpc-default-executor-2] WARN  server.GrpcLogAppender (LogUtils.java:warn(122)) - s0@group-29167549509F->s2-AppendLogResponseHandler: Failed appendEntries: org.apache.ratis.thirdparty.io.grpc.StatusRuntimeException: UNAVAILABLE: io exception
2023-03-17 00:25:13,804 [grpc-default-executor-2] INFO  leader.FollowerInfo (FollowerInfoImpl.java:lambda$new$0(52)) - s0@group-29167549509F->s2: decreaseNextIndex nextIndex: updateUnconditionally 43 -> 42
2023-03-17 00:25:13,804 [grpc-default-executor-6] WARN  server.GrpcLogAppender (LogUtils.java:warn(122)) - s0@group-29167549509F->s2-AppendLogResponseHandler: Failed appendEntries: org.apache.ratis.thirdparty.io.grpc.StatusRuntimeException: UNAVAILABLE: io exception
2023-03-17 00:25:13,804 [grpc-default-executor-6] INFO  leader.FollowerInfo (FollowerInfoImpl.java:lambda$new$0(52)) - s0@group-29167549509F->s2: decreaseNextIndex nextIndex: updateUnconditionally 42 -> 41
2023-03-17 00:25:13,813 [grpc-default-executor-6] WARN  server.GrpcLogAppender (LogUtils.java:warn(122)) - s0@group-29167549509F->s2-AppendLogResponseHandler: Failed appendEntries: org.apache.ratis.thirdparty.io.grpc.StatusRuntimeException: UNAVAILABLE: io exception
2023-03-17 00:25:13,814 [grpc-default-executor-6] INFO  leader.FollowerInfo (FollowerInfoImpl.java:lambda$new$0(52)) - s0@group-29167549509F->s2: decreaseNextIndex nextIndex: updateUnconditionally 45 -> 44
2023-03-17 00:25:13,814 [grpc-default-executor-2] WARN  server.GrpcLogAppender (LogUtils.java:warn(122)) - s0@group-29167549509F->s2-AppendLogResponseHandler: Failed appendEntries: org.apache.ratis.thirdparty.io.grpc.StatusRuntimeException: UNAVAILABLE: io exception
2023-03-17 00:25:13,814 [grpc-default-executor-2] INFO  leader.FollowerInfo (FollowerInfoImpl.java:lambda$new$0(52)) - s0@group-29167549509F->s2: decreaseNextIndex nextIndex: updateUnconditionally 44 -> 43
2023-03-17 00:25:13,841 [grpc-default-executor-6] WARN  server.GrpcLogAppender (LogUtils.java:warn(122)) - s0@group-29167549509F->s2-AppendLogResponseHandler: Failed appendEntries: org.apache.ratis.thirdparty.io.grpc.StatusRuntimeException: UNAVAILABLE: io exception
2023-03-17 00:25:13,841 [grpc-default-executor-6] INFO  leader.FollowerInfo (FollowerInfoImpl.java:lambda$new$0(52)) - s0@group-29167549509F->s2: decreaseNextIndex nextIndex: updateUnconditionally 43 -> 42
2023-03-17 00:25:13,841 [grpc-default-executor-2] WARN  server.GrpcLogAppender (LogUtils.java:warn(122)) - s0@group-29167549509F->s2-AppendLogResponseHandler: Failed appendEntries: org.apache.ratis.thirdparty.io.grpc.StatusRuntimeException: UNAVAILABLE: io exception
2023-03-17 00:25:13,841 [grpc-default-executor-2] INFO  leader.FollowerInfo (FollowerInfoImpl.java:lambda$new$0(52)) - s0@group-29167549509F->s2: decreaseNextIndex nextIndex: updateUnconditionally 42 -> 41
2023-03-17 00:25:13,851 [grpc-default-executor-2] WARN  server.GrpcLogAppender (LogUtils.java:warn(122)) - s0@group-29167549509F->s2-AppendLogResponseHandler: Failed appendEntries: org.apache.ratis.thirdparty.io.grpc.StatusRuntimeException: UNAVAILABLE: io exception
2023-03-17 00:25:13,851 [grpc-default-executor-2] INFO  leader.FollowerInfo (FollowerInfoImpl.java:lambda$new$0(52)) - s0@group-29167549509F->s2: decreaseNextIndex nextIndex: updateUnconditionally 45 -> 44
2023-03-17 00:25:13,851 [grpc-default-executor-6] WARN  server.GrpcLogAppender (LogUtils.java:warn(122)) - s0@group-29167549509F->s2-AppendLogResponseHandler: Failed appendEntries: org.apache.ratis.thirdparty.io.grpc.StatusRuntimeException: UNAVAILABLE: io exception
2023-03-17 00:25:13,851 [grpc-default-executor-6] INFO  leader.FollowerInfo (FollowerInfoImpl.java:lambda$new$0(52)) - s0@group-29167549509F->s2: decreaseNextIndex nextIndex: updateUnconditionally 44 -> 43
2023-03-17 00:25:13,881 [grpc-default-executor-6] WARN  server.GrpcLogAppender (LogUtils.java:warn(122)) - s0@group-29167549509F->s2-AppendLogResponseHandler: Failed appendEntries: org.apache.ratis.thirdparty.io.grpc.StatusRuntimeException: UNAVAILABLE: io exception
2023-03-17 00:25:13,881 [grpc-default-executor-6] INFO  leader.FollowerInfo (FollowerInfoImpl.java:lambda$new$0(52)) - s0@group-29167549509F->s2: decreaseNextIndex nextIndex: updateUnconditionally 43 -> 42
2023-03-17 00:25:13,881 [grpc-default-executor-2] WARN  server.GrpcLogAppender (LogUtils.java:warn(122)) - s0@group-29167549509F->s2-AppendLogResponseHandler: Failed appendEntries: org.apache.ratis.thirdparty.io.grpc.StatusRuntimeException: UNAVAILABLE: io exception
2023-03-17 00:25:13,881 [grpc-default-executor-2] INFO  leader.FollowerInfo (FollowerInfoImpl.java:lambda$new$0(52)) - s0@group-29167549509F->s2: decreaseNextIndex nextIndex: updateUnconditionally 42 -> 41
2023-03-17 00:25:13,891 [grpc-default-executor-2] WARN  server.GrpcLogAppender (LogUtils.java:warn(122)) - s0@group-29167549509F->s2-AppendLogResponseHandler: Failed appendEntries: org.apache.ratis.thirdparty.io.grpc.StatusRuntimeException: UNAVAILABLE: io exception
2023-03-17 00:25:13,891 [grpc-default-executor-2] INFO  leader.FollowerInfo (FollowerInfoImpl.java:lambda$new$0(52)) - s0@group-29167549509F->s2: decreaseNextIndex nextIndex: updateUnconditionally 45 -> 44
2023-03-17 00:25:13,892 [grpc-default-executor-6] WARN  server.GrpcLogAppender (LogUtils.java:warn(122)) - s0@group-29167549509F->s2-AppendLogResponseHandler: Failed appendEntries: org.apache.ratis.thirdparty.io.grpc.StatusRuntimeException: UNAVAILABLE: io exception
2023-03-17 00:25:13,892 [grpc-default-executor-6] INFO  leader.FollowerInfo (FollowerInfoImpl.java:lambda$new$0(52)) - s0@group-29167549509F->s2: decreaseNextIndex nextIndex: updateUnconditionally 44 -> 43
2023-03-17 00:25:13,918 [grpc-default-executor-6] WARN  server.GrpcLogAppender (LogUtils.java:warn(122)) - s0@group-29167549509F->s2-AppendLogResponseHandler: Failed appendEntries: org.apache.ratis.thirdparty.io.grpc.StatusRuntimeException: UNAVAILABLE: io exception
2023-03-17 00:25:13,919 [grpc-default-executor-6] INFO  leader.FollowerInfo (FollowerInfoImpl.java:lambda$new$0(52)) - s0@group-29167549509F->s2: decreaseNextIndex nextIndex: updateUnconditionally 43 -> 42
2023-03-17 00:25:13,919 [grpc-default-executor-2] WARN  server.GrpcLogAppender (LogUtils.java:warn(122)) - s0@group-29167549509F->s2-AppendLogResponseHandler: Failed appendEntries: org.apache.ratis.thirdparty.io.grpc.StatusRuntimeException: UNAVAILABLE: io exception
2023-03-17 00:25:13,919 [grpc-default-executor-2] INFO  leader.FollowerInfo (FollowerInfoImpl.java:lambda$new$0(52)) - s0@group-29167549509F->s2: decreaseNextIndex nextIndex: updateUnconditionally 42 -> 41
2023-03-17 00:25:13,928 [grpc-default-executor-2] WARN  server.GrpcLogAppender (LogUtils.java:warn(122)) - s0@group-29167549509F->s2-AppendLogResponseHandler: Failed appendEntries: org.apache.ratis.thirdparty.io.grpc.StatusRuntimeException: UNAVAILABLE: io exception
2023-03-17 00:25:13,929 [grpc-default-executor-2] INFO  leader.FollowerInfo (FollowerInfoImpl.java:lambda$new$0(52)) - s0@group-29167549509F->s2: decreaseNextIndex nextIndex: updateUnconditionally 45 -> 44
2023-03-17 00:25:13,929 [grpc-default-executor-6] WARN  server.GrpcLogAppender (LogUtils.java:warn(122)) - s0@group-29167549509F->s2-AppendLogResponseHandler: Failed appendEntries: org.apache.ratis.thirdparty.io.grpc.StatusRuntimeException: UNAVAILABLE: io exception
2023-03-17 00:25:13,929 [grpc-default-executor-6] INFO  leader.FollowerInfo (FollowerInfoImpl.java:lambda$new$0(52)) - s0@group-29167549509F->s2: decreaseNextIndex nextIndex: updateUnconditionally 44 -> 43
2023-03-17 00:25:13,956 [grpc-default-executor-2] WARN  server.GrpcLogAppender (LogUtils.java:warn(122)) - s0@group-29167549509F->s2-AppendLogResponseHandler: Failed appendEntries: org.apache.ratis.thirdparty.io.grpc.StatusRuntimeException: UNAVAILABLE: io exception
2023-03-17 00:25:13,956 [grpc-default-executor-2] INFO  leader.FollowerInfo (FollowerInfoImpl.java:lambda$new$0(52)) - s0@group-29167549509F->s2: decreaseNextIndex nextIndex: updateUnconditionally 43 -> 42
2023-03-17 00:25:13,956 [grpc-default-executor-6] WARN  server.GrpcLogAppender (LogUtils.java:warn(122)) - s0@group-29167549509F->s2-AppendLogResponseHandler: Failed appendEntries: org.apache.ratis.thirdparty.io.grpc.StatusRuntimeException: UNAVAILABLE: io exception
2023-03-17 00:25:13,956 [grpc-default-executor-6] INFO  leader.FollowerInfo (FollowerInfoImpl.java:lambda$new$0(52)) - s0@group-29167549509F->s2: decreaseNextIndex nextIndex: updateUnconditionally 42 -> 41
2023-03-17 00:25:13,966 [grpc-default-executor-6] WARN  server.GrpcLogAppender (LogUtils.java:warn(122)) - s0@group-29167549509F->s2-AppendLogResponseHandler: Failed appendEntries: org.apache.ratis.thirdparty.io.grpc.StatusRuntimeException: UNAVAILABLE: io exception
2023-03-17 00:25:13,966 [grpc-default-executor-6] INFO  leader.FollowerInfo (FollowerInfoImpl.java:lambda$new$0(52)) - s0@group-29167549509F->s2: decreaseNextIndex nextIndex: updateUnconditionally 45 -> 44
2023-03-17 00:25:13,966 [grpc-default-executor-2] WARN  server.GrpcLogAppender (LogUtils.java:warn(122)) - s0@group-29167549509F->s2-AppendLogResponseHandler: Failed appendEntries: org.apache.ratis.thirdparty.io.grpc.StatusRuntimeException: UNAVAILABLE: io exception
2023-03-17 00:25:13,966 [grpc-default-executor-2] INFO  leader.FollowerInfo (FollowerInfoImpl.java:lambda$new$0(52)) - s0@group-29167549509F->s2: decreaseNextIndex nextIndex: updateUnconditionally 44 -> 43
2023-03-17 00:25:13,993 [grpc-default-executor-2] WARN  server.GrpcLogAppender (LogUtils.java:warn(122)) - s0@group-29167549509F->s2-AppendLogResponseHandler: Failed appendEntries: org.apache.ratis.thirdparty.io.grpc.StatusRuntimeException: UNAVAILABLE: io exception
2023-03-17 00:25:13,993 [grpc-default-executor-2] INFO  leader.FollowerInfo (FollowerInfoImpl.java:lambda$new$0(52)) - s0@group-29167549509F->s2: decreaseNextIndex nextIndex: updateUnconditionally 43 -> 42
2023-03-17 00:25:13,993 [grpc-default-executor-6] WARN  server.GrpcLogAppender (LogUtils.java:warn(122)) - s0@group-29167549509F->s2-AppendLogResponseHandler: Failed appendEntries: org.apache.ratis.thirdparty.io.grpc.StatusRuntimeException: UNAVAILABLE: io exception
2023-03-17 00:25:13,993 [grpc-default-executor-6] INFO  leader.FollowerInfo (FollowerInfoImpl.java:lambda$new$0(52)) - s0@group-29167549509F->s2: decreaseNextIndex nextIndex: updateUnconditionally 42 -> 41
2023-03-17 00:25:14,003 [grpc-default-executor-6] WARN  server.GrpcLogAppender (LogUtils.java:warn(122)) - s0@group-29167549509F->s2-AppendLogResponseHandler: Failed appendEntries: org.apache.ratis.thirdparty.io.grpc.StatusRuntimeException: UNAVAILABLE: io exception
2023-03-17 00:25:14,003 [grpc-default-executor-2] WARN  server.GrpcLogAppender (LogUtils.java:warn(122)) - s0@group-29167549509F->s2-AppendLogResponseHandler: Failed appendEntries: org.apache.ratis.thirdparty.io.grpc.StatusRuntimeException: UNAVAILABLE: io exception
2023-03-17 00:25:14,003 [grpc-default-executor-6] INFO  leader.FollowerInfo (FollowerInfoImpl.java:lambda$new$0(52)) - s0@group-29167549509F->s2: decreaseNextIndex nextIndex: updateUnconditionally 45 -> 44
2023-03-17 00:25:14,004 [grpc-default-executor-2] INFO  leader.FollowerInfo (FollowerInfoImpl.java:lambda$new$0(52)) - s0@group-29167549509F->s2: decreaseNextIndex nextIndex: updateUnconditionally 44 -> 43
2023-03-17 00:25:14,030 [grpc-default-executor-2] WARN  server.GrpcLogAppender (LogUtils.java:warn(122)) - s0@group-29167549509F->s2-AppendLogResponseHandler: Failed appendEntries: org.apache.ratis.thirdparty.io.grpc.StatusRuntimeException: UNAVAILABLE: io exception
2023-03-17 00:25:14,030 [grpc-default-executor-2] INFO  leader.FollowerInfo (FollowerInfoImpl.java:lambda$new$0(52)) - s0@group-29167549509F->s2: decreaseNextIndex nextIndex: updateUnconditionally 43 -> 42
2023-03-17 00:25:14,031 [grpc-default-executor-6] WARN  server.GrpcLogAppender (LogUtils.java:warn(122)) - s0@group-29167549509F->s2-AppendLogResponseHandler: Failed appendEntries: org.apache.ratis.thirdparty.io.grpc.StatusRuntimeException: UNAVAILABLE: io exception
2023-03-17 00:25:14,031 [grpc-default-executor-6] INFO  leader.FollowerInfo (FollowerInfoImpl.java:lambda$new$0(52)) - s0@group-29167549509F->s2: decreaseNextIndex nextIndex: updateUnconditionally 42 -> 41
2023-03-17 00:25:14,040 [grpc-default-executor-6] WARN  server.GrpcLogAppender (LogUtils.java:warn(122)) - s0@group-29167549509F->s2-AppendLogResponseHandler: Failed appendEntries: org.apache.ratis.thirdparty.io.grpc.StatusRuntimeException: UNAVAILABLE: io exception
2023-03-17 00:25:14,041 [grpc-default-executor-6] INFO  leader.FollowerInfo (FollowerInfoImpl.java:lambda$new$0(52)) - s0@group-29167549509F->s2: decreaseNextIndex nextIndex: updateUnconditionally 45 -> 44
2023-03-17 00:25:14,041 [grpc-default-executor-2] WARN  server.GrpcLogAppender (LogUtils.java:warn(122)) - s0@group-29167549509F->s2-AppendLogResponseHandler: Failed appendEntries: org.apache.ratis.thirdparty.io.grpc.StatusRuntimeException: UNAVAILABLE: io exception
2023-03-17 00:25:14,041 [grpc-default-executor-2] INFO  leader.FollowerInfo (FollowerInfoImpl.java:lambda$new$0(52)) - s0@group-29167549509F->s2: decreaseNextIndex nextIndex: updateUnconditionally 44 -> 43
2023-03-17 00:25:14,068 [grpc-default-executor-2] WARN  server.GrpcLogAppender (LogUtils.java:warn(122)) - s0@group-29167549509F->s2-AppendLogResponseHandler: Failed appendEntries: org.apache.ratis.thirdparty.io.grpc.StatusRuntimeException: UNAVAILABLE: io exception
2023-03-17 00:25:14,068 [grpc-default-executor-2] INFO  leader.FollowerInfo (FollowerInfoImpl.java:lambda$new$0(52)) - s0@group-29167549509F->s2: decreaseNextIndex nextIndex: updateUnconditionally 43 -> 42
2023-03-17 00:25:14,068 [grpc-default-executor-6] WARN  server.GrpcLogAppender (LogUtils.java:warn(122)) - s0@group-29167549509F->s2-AppendLogResponseHandler: Failed appendEntries: org.apache.ratis.thirdparty.io.grpc.StatusRuntimeException: UNAVAILABLE: io exception
2023-03-17 00:25:14,068 [grpc-default-executor-6] INFO  leader.FollowerInfo (FollowerInfoImpl.java:lambda$new$0(52)) - s0@group-29167549509F->s2: decreaseNextIndex nextIndex: updateUnconditionally 42 -> 41
2023-03-17 00:25:14,078 [grpc-default-executor-6] WARN  server.GrpcLogAppender (LogUtils.java:warn(122)) - s0@group-29167549509F->s2-AppendLogResponseHandler: Failed appendEntries: org.apache.ratis.thirdparty.io.grpc.StatusRuntimeException: UNAVAILABLE: io exception
2023-03-17 00:25:14,078 [grpc-default-executor-6] INFO  leader.FollowerInfo (FollowerInfoImpl.java:lambda$new$0(52)) - s0@group-29167549509F->s2: decreaseNextIndex nextIndex: updateUnconditionally 45 -> 44
2023-03-17 00:25:14,078 [grpc-default-executor-2] WARN  server.GrpcLogAppender (LogUtils.java:warn(122)) - s0@group-29167549509F->s2-AppendLogResponseHandler: Failed appendEntries: org.apache.ratis.thirdparty.io.grpc.StatusRuntimeException: UNAVAILABLE: io exception
2023-03-17 00:25:14,078 [grpc-default-executor-2] INFO  leader.FollowerInfo (FollowerInfoImpl.java:lambda$new$0(52)) - s0@group-29167549509F->s2: decreaseNextIndex nextIndex: updateUnconditionally 44 -> 43
2023-03-17 00:25:14,105 [grpc-default-executor-2] WARN  server.GrpcLogAppender (LogUtils.java:warn(122)) - s0@group-29167549509F->s2-AppendLogResponseHandler: Failed appendEntries: org.apache.ratis.thirdparty.io.grpc.StatusRuntimeException: UNAVAILABLE: io exception
2023-03-17 00:25:14,105 [grpc-default-executor-2] INFO  leader.FollowerInfo (FollowerInfoImpl.java:lambda$new$0(52)) - s0@group-29167549509F->s2: decreaseNextIndex nextIndex: updateUnconditionally 43 -> 42
2023-03-17 00:25:14,105 [grpc-default-executor-6] WARN  server.GrpcLogAppender (LogUtils.java:warn(122)) - s0@group-29167549509F->s2-AppendLogResponseHandler: Failed appendEntries: org.apache.ratis.thirdparty.io.grpc.StatusRuntimeException: UNAVAILABLE: io exception
2023-03-17 00:25:14,105 [grpc-default-executor-6] INFO  leader.FollowerInfo (FollowerInfoImpl.java:lambda$new$0(52)) - s0@group-29167549509F->s2: decreaseNextIndex nextIndex: updateUnconditionally 42 -> 41
2023-03-17 00:25:14,115 [grpc-default-executor-6] WARN  server.GrpcLogAppender (LogUtils.java:warn(122)) - s0@group-29167549509F->s2-AppendLogResponseHandler: Failed appendEntries: org.apache.ratis.thirdparty.io.grpc.StatusRuntimeException: UNAVAILABLE: io exception
2023-03-17 00:25:14,115 [grpc-default-executor-6] INFO  leader.FollowerInfo (FollowerInfoImpl.java:lambda$new$0(52)) - s0@group-29167549509F->s2: decreaseNextIndex nextIndex: updateUnconditionally 45 -> 44
2023-03-17 00:25:14,115 [grpc-default-executor-2] WARN  server.GrpcLogAppender (LogUtils.java:warn(122)) - s0@group-29167549509F->s2-AppendLogResponseHandler: Failed appendEntries: org.apache.ratis.thirdparty.io.grpc.StatusRuntimeException: UNAVAILABLE: io exception
2023-03-17 00:25:14,116 [grpc-default-executor-2] INFO  leader.FollowerInfo (FollowerInfoImpl.java:lambda$new$0(52)) - s0@group-29167549509F->s2: decreaseNextIndex nextIndex: updateUnconditionally 44 -> 43
2023-03-17 00:25:14,142 [grpc-default-executor-2] WARN  server.GrpcLogAppender (LogUtils.java:warn(122)) - s0@group-29167549509F->s2-AppendLogResponseHandler: Failed appendEntries: org.apache.ratis.thirdparty.io.grpc.StatusRuntimeException: UNAVAILABLE: io exception
2023-03-17 00:25:14,142 [grpc-default-executor-2] INFO  leader.FollowerInfo (FollowerInfoImpl.java:lambda$new$0(52)) - s0@group-29167549509F->s2: decreaseNextIndex nextIndex: updateUnconditionally 43 -> 42
2023-03-17 00:25:14,143 [grpc-default-executor-6] WARN  server.GrpcLogAppender (LogUtils.java:warn(122)) - s0@group-29167549509F->s2-AppendLogResponseHandler: Failed appendEntries: org.apache.ratis.thirdparty.io.grpc.StatusRuntimeException: UNAVAILABLE: io exception
2023-03-17 00:25:14,143 [grpc-default-executor-6] INFO  leader.FollowerInfo (FollowerInfoImpl.java:lambda$new$0(52)) - s0@group-29167549509F->s2: decreaseNextIndex nextIndex: updateUnconditionally 42 -> 41
2023-03-17 00:25:14,152 [grpc-default-executor-6] WARN  server.GrpcLogAppender (LogUtils.java:warn(122)) - s0@group-29167549509F->s2-AppendLogResponseHandler: Failed appendEntries: org.apache.ratis.thirdparty.io.grpc.StatusRuntimeException: UNAVAILABLE: io exception
2023-03-17 00:25:14,153 [grpc-default-executor-6] INFO  leader.FollowerInfo (FollowerInfoImpl.java:lambda$new$0(52)) - s0@group-29167549509F->s2: decreaseNextIndex nextIndex: updateUnconditionally 45 -> 44
2023-03-17 00:25:14,153 [grpc-default-executor-2] WARN  server.GrpcLogAppender (LogUtils.java:warn(122)) - s0@group-29167549509F->s2-AppendLogResponseHandler: Failed appendEntries: org.apache.ratis.thirdparty.io.grpc.StatusRuntimeException: UNAVAILABLE: io exception
2023-03-17 00:25:14,153 [grpc-default-executor-2] INFO  leader.FollowerInfo (FollowerInfoImpl.java:lambda$new$0(52)) - s0@group-29167549509F->s2: decreaseNextIndex nextIndex: updateUnconditionally 44 -> 43
2023-03-17 00:25:14,180 [grpc-default-executor-2] WARN  server.GrpcLogAppender (LogUtils.java:warn(122)) - s0@group-29167549509F->s2-AppendLogResponseHandler: Failed appendEntries: org.apache.ratis.thirdparty.io.grpc.StatusRuntimeException: UNAVAILABLE: io exception
2023-03-17 00:25:14,180 [grpc-default-executor-2] INFO  leader.FollowerInfo (FollowerInfoImpl.java:lambda$new$0(52)) - s0@group-29167549509F->s2: decreaseNextIndex nextIndex: updateUnconditionally 43 -> 42
2023-03-17 00:25:14,180 [grpc-default-executor-6] WARN  server.GrpcLogAppender (LogUtils.java:warn(122)) - s0@group-29167549509F->s2-AppendLogResponseHandler: Failed appendEntries: org.apache.ratis.thirdparty.io.grpc.StatusRuntimeException: UNAVAILABLE: io exception
2023-03-17 00:25:14,180 [grpc-default-executor-6] INFO  leader.FollowerInfo (FollowerInfoImpl.java:lambda$new$0(52)) - s0@group-29167549509F->s2: decreaseNextIndex nextIndex: updateUnconditionally 42 -> 41
2023-03-17 00:25:14,190 [grpc-default-executor-6] WARN  server.GrpcLogAppender (LogUtils.java:warn(122)) - s0@group-29167549509F->s2-AppendLogResponseHandler: Failed appendEntries: org.apache.ratis.thirdparty.io.grpc.StatusRuntimeException: UNAVAILABLE: io exception
2023-03-17 00:25:14,190 [grpc-default-executor-6] INFO  leader.FollowerInfo (FollowerInfoImpl.java:lambda$new$0(52)) - s0@group-29167549509F->s2: decreaseNextIndex nextIndex: updateUnconditionally 45 -> 44
2023-03-17 00:25:14,190 [grpc-default-executor-2] WARN  server.GrpcLogAppender (LogUtils.java:warn(122)) - s0@group-29167549509F->s2-AppendLogResponseHandler: Failed appendEntries: org.apache.ratis.thirdparty.io.grpc.StatusRuntimeException: UNAVAILABLE: io exception
2023-03-17 00:25:14,190 [grpc-default-executor-2] INFO  leader.FollowerInfo (FollowerInfoImpl.java:lambda$new$0(52)) - s0@group-29167549509F->s2: decreaseNextIndex nextIndex: updateUnconditionally 44 -> 43
2023-03-17 00:25:14,217 [grpc-default-executor-2] WARN  server.GrpcLogAppender (LogUtils.java:warn(122)) - s0@group-29167549509F->s2-AppendLogResponseHandler: Failed appendEntries: org.apache.ratis.thirdparty.io.grpc.StatusRuntimeException: UNAVAILABLE: io exception
2023-03-17 00:25:14,217 [grpc-default-executor-2] INFO  leader.FollowerInfo (FollowerInfoImpl.java:lambda$new$0(52)) - s0@group-29167549509F->s2: decreaseNextIndex nextIndex: updateUnconditionally 43 -> 42
2023-03-17 00:25:14,218 [grpc-default-executor-6] WARN  server.GrpcLogAppender (LogUtils.java:warn(122)) - s0@group-29167549509F->s2-AppendLogResponseHandler: Failed appendEntries: org.apache.ratis.thirdparty.io.grpc.StatusRuntimeException: UNAVAILABLE: io exception
2023-03-17 00:25:14,218 [grpc-default-executor-6] INFO  leader.FollowerInfo (FollowerInfoImpl.java:lambda$new$0(52)) - s0@group-29167549509F->s2: decreaseNextIndex nextIndex: updateUnconditionally 42 -> 41
2023-03-17 00:25:14,227 [grpc-default-executor-6] WARN  server.GrpcLogAppender (LogUtils.java:warn(122)) - s0@group-29167549509F->s2-AppendLogResponseHandler: Failed appendEntries: org.apache.ratis.thirdparty.io.grpc.StatusRuntimeException: UNAVAILABLE: io exception
2023-03-17 00:25:14,228 [grpc-default-executor-6] INFO  leader.FollowerInfo (FollowerInfoImpl.java:lambda$new$0(52)) - s0@group-29167549509F->s2: decreaseNextIndex nextIndex: updateUnconditionally 45 -> 44
2023-03-17 00:25:14,228 [grpc-default-executor-2] WARN  server.GrpcLogAppender (LogUtils.java:warn(122)) - s0@group-29167549509F->s2-AppendLogResponseHandler: Failed appendEntries: org.apache.ratis.thirdparty.io.grpc.StatusRuntimeException: UNAVAILABLE: io exception
2023-03-17 00:25:14,228 [grpc-default-executor-2] INFO  leader.FollowerInfo (FollowerInfoImpl.java:lambda$new$0(52)) - s0@group-29167549509F->s2: decreaseNextIndex nextIndex: updateUnconditionally 44 -> 43
2023-03-17 00:25:14,255 [grpc-default-executor-2] WARN  server.GrpcLogAppender (LogUtils.java:warn(122)) - s0@group-29167549509F->s2-AppendLogResponseHandler: Failed appendEntries: org.apache.ratis.thirdparty.io.grpc.StatusRuntimeException: UNAVAILABLE: io exception
2023-03-17 00:25:14,255 [grpc-default-executor-2] INFO  leader.FollowerInfo (FollowerInfoImpl.java:lambda$new$0(52)) - s0@group-29167549509F->s2: decreaseNextIndex nextIndex: updateUnconditionally 43 -> 42
2023-03-17 00:25:14,255 [grpc-default-executor-6] WARN  server.GrpcLogAppender (LogUtils.java:warn(122)) - s0@group-29167549509F->s2-AppendLogResponseHandler: Failed appendEntries: org.apache.ratis.thirdparty.io.grpc.StatusRuntimeException: UNAVAILABLE: io exception
2023-03-17 00:25:14,255 [grpc-default-executor-6] INFO  leader.FollowerInfo (FollowerInfoImpl.java:lambda$new$0(52)) - s0@group-29167549509F->s2: decreaseNextIndex nextIndex: updateUnconditionally 42 -> 41
2023-03-17 00:25:14,265 [grpc-default-executor-6] WARN  server.GrpcLogAppender (LogUtils.java:warn(122)) - s0@group-29167549509F->s2-AppendLogResponseHandler: Failed appendEntries: org.apache.ratis.thirdparty.io.grpc.StatusRuntimeException: UNAVAILABLE: io exception
2023-03-17 00:25:14,265 [grpc-default-executor-6] INFO  leader.FollowerInfo (FollowerInfoImpl.java:lambda$new$0(52)) - s0@group-29167549509F->s2: decreaseNextIndex nextIndex: updateUnconditionally 45 -> 44
2023-03-17 00:25:14,265 [grpc-default-executor-2] WARN  server.GrpcLogAppender (LogUtils.java:warn(122)) - s0@group-29167549509F->s2-AppendLogResponseHandler: Failed appendEntries: org.apache.ratis.thirdparty.io.grpc.StatusRuntimeException: UNAVAILABLE: io exception
2023-03-17 00:25:14,265 [grpc-default-executor-2] INFO  leader.FollowerInfo (FollowerInfoImpl.java:lambda$new$0(52)) - s0@group-29167549509F->s2: decreaseNextIndex nextIndex: updateUnconditionally 44 -> 43
2023-03-17 00:25:14,292 [grpc-default-executor-6] WARN  server.GrpcLogAppender (LogUtils.java:warn(122)) - s0@group-29167549509F->s2-AppendLogResponseHandler: Failed appendEntries: org.apache.ratis.thirdparty.io.grpc.StatusRuntimeException: UNAVAILABLE: io exception
2023-03-17 00:25:14,292 [grpc-default-executor-2] WARN  server.GrpcLogAppender (LogUtils.java:warn(122)) - s0@group-29167549509F->s2-AppendLogResponseHandler: Failed appendEntries: org.apache.ratis.thirdparty.io.grpc.StatusRuntimeException: UNAVAILABLE: io exception
2023-03-17 00:25:14,292 [grpc-default-executor-6] INFO  leader.FollowerInfo (FollowerInfoImpl.java:lambda$new$0(52)) - s0@group-29167549509F->s2: decreaseNextIndex nextIndex: updateUnconditionally 43 -> 42
2023-03-17 00:25:14,293 [grpc-default-executor-2] INFO  leader.FollowerInfo (FollowerInfoImpl.java:lambda$new$0(52)) - s0@group-29167549509F->s2: decreaseNextIndex nextIndex: updateUnconditionally 42 -> 41
2023-03-17 00:25:14,302 [grpc-default-executor-2] WARN  server.GrpcLogAppender (LogUtils.java:warn(122)) - s0@group-29167549509F->s2-AppendLogResponseHandler: Failed appendEntries: org.apache.ratis.thirdparty.io.grpc.StatusRuntimeException: UNAVAILABLE: io exception
2023-03-17 00:25:14,302 [grpc-default-executor-2] INFO  leader.FollowerInfo (FollowerInfoImpl.java:lambda$new$0(52)) - s0@group-29167549509F->s2: decreaseNextIndex nextIndex: updateUnconditionally 45 -> 44
2023-03-17 00:25:14,303 [grpc-default-executor-6] WARN  server.GrpcLogAppender (LogUtils.java:warn(122)) - s0@group-29167549509F->s2-AppendLogResponseHandler: Failed appendEntries: org.apache.ratis.thirdparty.io.grpc.StatusRuntimeException: UNAVAILABLE: io exception
2023-03-17 00:25:14,303 [grpc-default-executor-6] INFO  leader.FollowerInfo (FollowerInfoImpl.java:lambda$new$0(52)) - s0@group-29167549509F->s2: decreaseNextIndex nextIndex: updateUnconditionally 44 -> 43
2023-03-17 00:25:14,329 [grpc-default-executor-6] WARN  server.GrpcLogAppender (LogUtils.java:warn(122)) - s0@group-29167549509F->s2-AppendLogResponseHandler: Failed appendEntries: org.apache.ratis.thirdparty.io.grpc.StatusRuntimeException: UNAVAILABLE: io exception
2023-03-17 00:25:14,329 [grpc-default-executor-2] WARN  server.GrpcLogAppender (LogUtils.java:warn(122)) - s0@group-29167549509F->s2-AppendLogResponseHandler: Failed appendEntries: org.apache.ratis.thirdparty.io.grpc.StatusRuntimeException: UNAVAILABLE: io exception
2023-03-17 00:25:14,330 [grpc-default-executor-6] INFO  leader.FollowerInfo (FollowerInfoImpl.java:lambda$new$0(52)) - s0@group-29167549509F->s2: decreaseNextIndex nextIndex: updateUnconditionally 43 -> 42
2023-03-17 00:25:14,330 [grpc-default-executor-2] INFO  leader.FollowerInfo (FollowerInfoImpl.java:lambda$new$0(52)) - s0@group-29167549509F->s2: decreaseNextIndex nextIndex: updateUnconditionally 42 -> 41
2023-03-17 00:25:14,340 [grpc-default-executor-6] WARN  server.GrpcLogAppender (LogUtils.java:warn(122)) - s0@group-29167549509F->s2-AppendLogResponseHandler: Failed appendEntries: org.apache.ratis.thirdparty.io.grpc.StatusRuntimeException: UNAVAILABLE: io exception
2023-03-17 00:25:14,340 [grpc-default-executor-2] WARN  server.GrpcLogAppender (LogUtils.java:warn(122)) - s0@group-29167549509F->s2-AppendLogResponseHandler: Failed appendEntries: org.apache.ratis.thirdparty.io.grpc.StatusRuntimeException: UNAVAILABLE: io exception
2023-03-17 00:25:14,340 [grpc-default-executor-6] INFO  leader.FollowerInfo (FollowerInfoImpl.java:lambda$new$0(52)) - s0@group-29167549509F->s2: decreaseNextIndex nextIndex: updateUnconditionally 45 -> 44
2023-03-17 00:25:14,340 [grpc-default-executor-2] INFO  leader.FollowerInfo (FollowerInfoImpl.java:lambda$new$0(52)) - s0@group-29167549509F->s2: decreaseNextIndex nextIndex: updateUnconditionally 44 -> 43
2023-03-17 00:25:14,367 [grpc-default-executor-6] WARN  server.GrpcLogAppender (LogUtils.java:warn(122)) - s0@group-29167549509F->s2-AppendLogResponseHandler: Failed appendEntries: org.apache.ratis.thirdparty.io.grpc.StatusRuntimeException: UNAVAILABLE: io exception
2023-03-17 00:25:14,367 [grpc-default-executor-2] WARN  server.GrpcLogAppender (LogUtils.java:warn(122)) - s0@group-29167549509F->s2-AppendLogResponseHandler: Failed appendEntries: org.apache.ratis.thirdparty.io.grpc.StatusRuntimeException: UNAVAILABLE: io exception
2023-03-17 00:25:14,367 [grpc-default-executor-6] INFO  leader.FollowerInfo (FollowerInfoImpl.java:lambda$new$0(52)) - s0@group-29167549509F->s2: decreaseNextIndex nextIndex: updateUnconditionally 43 -> 42
2023-03-17 00:25:14,367 [grpc-default-executor-2] INFO  leader.FollowerInfo (FollowerInfoImpl.java:lambda$new$0(52)) - s0@group-29167549509F->s2: decreaseNextIndex nextIndex: updateUnconditionally 42 -> 41
2023-03-17 00:25:14,377 [grpc-default-executor-6] WARN  server.GrpcLogAppender (LogUtils.java:warn(122)) - s0@group-29167549509F->s2-AppendLogResponseHandler: Failed appendEntries: org.apache.ratis.thirdparty.io.grpc.StatusRuntimeException: UNAVAILABLE: io exception
2023-03-17 00:25:14,377 [grpc-default-executor-6] INFO  leader.FollowerInfo (FollowerInfoImpl.java:lambda$new$0(52)) - s0@group-29167549509F->s2: decreaseNextIndex nextIndex: updateUnconditionally 45 -> 44
2023-03-17 00:25:14,377 [grpc-default-executor-2] WARN  server.GrpcLogAppender (LogUtils.java:warn(122)) - s0@group-29167549509F->s2-AppendLogResponseHandler: Failed appendEntries: org.apache.ratis.thirdparty.io.grpc.StatusRuntimeException: UNAVAILABLE: io exception
2023-03-17 00:25:14,378 [grpc-default-executor-2] INFO  leader.FollowerInfo (FollowerInfoImpl.java:lambda$new$0(52)) - s0@group-29167549509F->s2: decreaseNextIndex nextIndex: updateUnconditionally 44 -> 43
2023-03-17 00:25:14,404 [grpc-default-executor-2] WARN  server.GrpcLogAppender (LogUtils.java:warn(122)) - s0@group-29167549509F->s2-AppendLogResponseHandler: Failed appendEntries: org.apache.ratis.thirdparty.io.grpc.StatusRuntimeException: UNAVAILABLE: io exception
2023-03-17 00:25:14,404 [grpc-default-executor-2] INFO  leader.FollowerInfo (FollowerInfoImpl.java:lambda$new$0(52)) - s0@group-29167549509F->s2: decreaseNextIndex nextIndex: updateUnconditionally 43 -> 42
2023-03-17 00:25:14,404 [grpc-default-executor-6] WARN  server.GrpcLogAppender (LogUtils.java:warn(122)) - s0@group-29167549509F->s2-AppendLogResponseHandler: Failed appendEntries: org.apache.ratis.thirdparty.io.grpc.StatusRuntimeException: UNAVAILABLE: io exception
2023-03-17 00:25:14,404 [grpc-default-executor-6] INFO  leader.FollowerInfo (FollowerInfoImpl.java:lambda$new$0(52)) - s0@group-29167549509F->s2: decreaseNextIndex nextIndex: updateUnconditionally 42 -> 41
2023-03-17 00:25:14,414 [grpc-default-executor-6] WARN  server.GrpcLogAppender (LogUtils.java:warn(122)) - s0@group-29167549509F->s2-AppendLogResponseHandler: Failed appendEntries: org.apache.ratis.thirdparty.io.grpc.StatusRuntimeException: UNAVAILABLE: io exception
2023-03-17 00:25:14,414 [grpc-default-executor-6] INFO  leader.FollowerInfo (FollowerInfoImpl.java:lambda$new$0(52)) - s0@group-29167549509F->s2: decreaseNextIndex nextIndex: updateUnconditionally 45 -> 44
2023-03-17 00:25:14,415 [grpc-default-executor-2] WARN  server.GrpcLogAppender (LogUtils.java:warn(122)) - s0@group-29167549509F->s2-AppendLogResponseHandler: Failed appendEntries: org.apache.ratis.thirdparty.io.grpc.StatusRuntimeException: UNAVAILABLE: io exception
2023-03-17 00:25:14,415 [grpc-default-executor-2] INFO  leader.FollowerInfo (FollowerInfoImpl.java:lambda$new$0(52)) - s0@group-29167549509F->s2: decreaseNextIndex nextIndex: updateUnconditionally 44 -> 43
2023-03-17 00:25:14,442 [grpc-default-executor-6] WARN  server.GrpcLogAppender (LogUtils.java:warn(122)) - s0@group-29167549509F->s2-AppendLogResponseHandler: Failed appendEntries: org.apache.ratis.thirdparty.io.grpc.StatusRuntimeException: UNAVAILABLE: io exception
2023-03-17 00:25:14,442 [grpc-default-executor-6] INFO  leader.FollowerInfo (FollowerInfoImpl.java:lambda$new$0(52)) - s0@group-29167549509F->s2: decreaseNextIndex nextIndex: updateUnconditionally 43 -> 42
2023-03-17 00:25:14,442 [grpc-default-executor-2] WARN  server.GrpcLogAppender (LogUtils.java:warn(122)) - s0@group-29167549509F->s2-AppendLogResponseHandler: Failed appendEntries: org.apache.ratis.thirdparty.io.grpc.StatusRuntimeException: UNAVAILABLE: io exception
2023-03-17 00:25:14,442 [grpc-default-executor-2] INFO  leader.FollowerInfo (FollowerInfoImpl.java:lambda$new$0(52)) - s0@group-29167549509F->s2: decreaseNextIndex nextIndex: updateUnconditionally 42 -> 41
2023-03-17 00:25:14,452 [grpc-default-executor-6] WARN  server.GrpcLogAppender (LogUtils.java:warn(122)) - s0@group-29167549509F->s2-AppendLogResponseHandler: Failed appendEntries: org.apache.ratis.thirdparty.io.grpc.StatusRuntimeException: UNAVAILABLE: io exception
2023-03-17 00:25:14,452 [grpc-default-executor-6] INFO  leader.FollowerInfo (FollowerInfoImpl.java:lambda$new$0(52)) - s0@group-29167549509F->s2: decreaseNextIndex nextIndex: updateUnconditionally 45 -> 44
2023-03-17 00:25:14,452 [grpc-default-executor-2] WARN  server.GrpcLogAppender (LogUtils.java:warn(122)) - s0@group-29167549509F->s2-AppendLogResponseHandler: Failed appendEntries: org.apache.ratis.thirdparty.io.grpc.StatusRuntimeException: UNAVAILABLE: io exception
2023-03-17 00:25:14,452 [grpc-default-executor-2] INFO  leader.FollowerInfo (FollowerInfoImpl.java:lambda$new$0(52)) - s0@group-29167549509F->s2: decreaseNextIndex nextIndex: updateUnconditionally 44 -> 43
2023-03-17 00:25:14,479 [grpc-default-executor-6] WARN  server.GrpcLogAppender (LogUtils.java:warn(122)) - s0@group-29167549509F->s2-AppendLogResponseHandler: Failed appendEntries: org.apache.ratis.thirdparty.io.grpc.StatusRuntimeException: UNAVAILABLE: io exception
2023-03-17 00:25:14,479 [grpc-default-executor-6] INFO  leader.FollowerInfo (FollowerInfoImpl.java:lambda$new$0(52)) - s0@group-29167549509F->s2: decreaseNextIndex nextIndex: updateUnconditionally 43 -> 42
2023-03-17 00:25:14,479 [grpc-default-executor-2] WARN  server.GrpcLogAppender (LogUtils.java:warn(122)) - s0@group-29167549509F->s2-AppendLogResponseHandler: Failed appendEntries: org.apache.ratis.thirdparty.io.grpc.StatusRuntimeException: UNAVAILABLE: io exception
2023-03-17 00:25:14,480 [grpc-default-executor-2] INFO  leader.FollowerInfo (FollowerInfoImpl.java:lambda$new$0(52)) - s0@group-29167549509F->s2: decreaseNextIndex nextIndex: updateUnconditionally 42 -> 41
2023-03-17 00:25:14,489 [grpc-default-executor-6] WARN  server.GrpcLogAppender (LogUtils.java:warn(122)) - s0@group-29167549509F->s2-AppendLogResponseHandler: Failed appendEntries: org.apache.ratis.thirdparty.io.grpc.StatusRuntimeException: UNAVAILABLE: io exception
2023-03-17 00:25:14,489 [grpc-default-executor-6] INFO  leader.FollowerInfo (FollowerInfoImpl.java:lambda$new$0(52)) - s0@group-29167549509F->s2: decreaseNextIndex nextIndex: updateUnconditionally 45 -> 44
2023-03-17 00:25:14,490 [grpc-default-executor-2] WARN  server.GrpcLogAppender (LogUtils.java:warn(122)) - s0@group-29167549509F->s2-AppendLogResponseHandler: Failed appendEntries: org.apache.ratis.thirdparty.io.grpc.StatusRuntimeException: UNAVAILABLE: io exception
2023-03-17 00:25:14,490 [grpc-default-executor-2] INFO  leader.FollowerInfo (FollowerInfoImpl.java:lambda$new$0(52)) - s0@group-29167549509F->s2: decreaseNextIndex nextIndex: updateUnconditionally 44 -> 43
2023-03-17 00:25:14,516 [grpc-default-executor-6] WARN  server.GrpcLogAppender (LogUtils.java:warn(122)) - s0@group-29167549509F->s2-AppendLogResponseHandler: Failed appendEntries: org.apache.ratis.thirdparty.io.grpc.StatusRuntimeException: UNAVAILABLE: io exception
2023-03-17 00:25:14,516 [grpc-default-executor-6] INFO  leader.FollowerInfo (FollowerInfoImpl.java:lambda$new$0(52)) - s0@group-29167549509F->s2: decreaseNextIndex nextIndex: updateUnconditionally 43 -> 42
2023-03-17 00:25:14,517 [grpc-default-executor-2] WARN  server.GrpcLogAppender (LogUtils.java:warn(122)) - s0@group-29167549509F->s2-AppendLogResponseHandler: Failed appendEntries: org.apache.ratis.thirdparty.io.grpc.StatusRuntimeException: UNAVAILABLE: io exception
2023-03-17 00:25:14,517 [grpc-default-executor-2] INFO  leader.FollowerInfo (FollowerInfoImpl.java:lambda$new$0(52)) - s0@group-29167549509F->s2: decreaseNextIndex nextIndex: updateUnconditionally 42 -> 41
2023-03-17 00:25:14,521 [s2-impl-thread1] INFO  segmented.SegmentedRaftLogWorker (SegmentedRaftLogWorker.java:close(242)) - s2@group-29167549509F-SegmentedRaftLogWorker close()
2023-03-17 00:25:14,522 [JvmPauseMonitor74] INFO  util.JvmPauseMonitor (JvmPauseMonitor.java:run(109)) - JvmPauseMonitor-s2: Stopped
2023-03-17 00:25:14,522 [Time-limited test] INFO  impl.MiniRaftCluster (MiniRaftCluster.java:newRaftServer(382)) - newRaftServer: s2, group-29167549509F:[s0|rpc:localhost:45597|admin:localhost:39213|client:localhost:37679|dataStream:localhost:34847|priority:0|startupRole:FOLLOWER, s1|rpc:0.0.0.0:44561|priority:0|startupRole:FOLLOWER, s2|rpc:0.0.0.0:34673|priority:0|startupRole:FOLLOWER], format? true
2023-03-17 00:25:14,522 [Time-limited test] TRACE util.FileUtils (FileUtils.java:deleteFully(201)) - deleteFully target/test/data/ce6527c6/MiniRaftClusterWithGrpc600c9161/s2
2023-03-17 00:25:14,522 [Time-limited test] TRACE util.FileUtils (LogUtils.java:runAndLog(49)) - Successfully ran Files.delete target/test/data/ce6527c6/MiniRaftClusterWithGrpc600c9161/s2/bc0d20aa-91e1-400a-8efc-29167549509f/in_use.lock
2023-03-17 00:25:14,522 [Time-limited test] TRACE util.FileUtils (LogUtils.java:runAndLog(49)) - Successfully ran Files.delete target/test/data/ce6527c6/MiniRaftClusterWithGrpc600c9161/s2/bc0d20aa-91e1-400a-8efc-29167549509f/sm
2023-03-17 00:25:14,522 [Time-limited test] TRACE util.FileUtils (LogUtils.java:runAndLog(49)) - Successfully ran Files.delete target/test/data/ce6527c6/MiniRaftClusterWithGrpc600c9161/s2/bc0d20aa-91e1-400a-8efc-29167549509f/current/raft-meta.conf
2023-03-17 00:25:14,523 [Time-limited test] TRACE util.FileUtils (LogUtils.java:runAndLog(49)) - Successfully ran Files.delete target/test/data/ce6527c6/MiniRaftClusterWithGrpc600c9161/s2/bc0d20aa-91e1-400a-8efc-29167549509f/current/raft-meta
2023-03-17 00:25:14,523 [Time-limited test] TRACE util.FileUtils (LogUtils.java:runAndLog(49)) - Successfully ran Files.delete target/test/data/ce6527c6/MiniRaftClusterWithGrpc600c9161/s2/bc0d20aa-91e1-400a-8efc-29167549509f/current/log_inprogress_0
2023-03-17 00:25:14,523 [Time-limited test] TRACE util.FileUtils (LogUtils.java:runAndLog(49)) - Successfully ran Files.delete target/test/data/ce6527c6/MiniRaftClusterWithGrpc600c9161/s2/bc0d20aa-91e1-400a-8efc-29167549509f/current
2023-03-17 00:25:14,523 [Time-limited test] TRACE util.FileUtils (LogUtils.java:runAndLog(49)) - Successfully ran Files.delete target/test/data/ce6527c6/MiniRaftClusterWithGrpc600c9161/s2/bc0d20aa-91e1-400a-8efc-29167549509f
2023-03-17 00:25:14,523 [Time-limited test] TRACE util.FileUtils (LogUtils.java:runAndLog(49)) - Successfully ran Files.delete target/test/data/ce6527c6/MiniRaftClusterWithGrpc600c9161/s2
2023-03-17 00:25:14,523 [Time-limited test] INFO  impl.MiniRaftCluster (MiniRaftCluster.java:newRaftServer(387)) - Formatted directory target/test/data/ce6527c6/MiniRaftClusterWithGrpc600c9161/s2
2023-03-17 00:25:14,523 [Time-limited test] INFO  server.RaftServer (ConfUtils.java:logGet(46)) - raft.rpc.type = GRPC (default)
2023-03-17 00:25:14,523 [Time-limited test] INFO  grpc.GrpcConfigKeys (ConfUtils.java:logFallback(53)) - raft.grpc.admin.host = null (fallback to raft.grpc.server.host)
2023-03-17 00:25:14,523 [Time-limited test] INFO  grpc.GrpcConfigKeys (ConfUtils.java:logGet(46)) - raft.grpc.admin.port = 34673 (custom)
2023-03-17 00:25:14,523 [Time-limited test] INFO  grpc.GrpcConfigKeys (ConfUtils.java:logFallback(53)) - raft.grpc.client.host = null (fallback to raft.grpc.server.host)
2023-03-17 00:25:14,523 [Time-limited test] INFO  grpc.GrpcConfigKeys (ConfUtils.java:logGet(46)) - raft.grpc.client.port = 34673 (custom)
2023-03-17 00:25:14,523 [Time-limited test] INFO  grpc.GrpcConfigKeys (ConfUtils.java:logGet(46)) - raft.grpc.server.host = null (default)
2023-03-17 00:25:14,523 [Time-limited test] INFO  grpc.GrpcConfigKeys (ConfUtils.java:logGet(46)) - raft.grpc.server.port = 34673 (custom)
2023-03-17 00:25:14,523 [Time-limited test] INFO  server.GrpcService (ConfUtils.java:logGet(46)) - raft.grpc.message.size.max = 64MB (=67108864) (default)
2023-03-17 00:25:14,523 [Time-limited test] INFO  server.RaftServerConfigKeys (ConfUtils.java:logGet(46)) - raft.server.log.appender.buffer.byte-limit = 4MB (=4194304) (default)
2023-03-17 00:25:14,523 [Time-limited test] INFO  server.GrpcService (ConfUtils.java:logGet(46)) - raft.grpc.flow.control.window = 1MB (=1048576) (default)
2023-03-17 00:25:14,523 [Time-limited test] INFO  server.RaftServerConfigKeys (ConfUtils.java:logGet(46)) - raft.server.rpc.request.timeout = 3000ms (default)
2023-03-17 00:25:14,523 [Time-limited test] INFO  grpc.GrpcConfigKeys (ConfUtils.java:logGet(46)) - raft.grpc.server.heartbeat.channel = true (default)
2023-03-17 00:25:14,524 [Time-limited test] INFO  grpc.GrpcConfigKeys (ConfUtils.java:logGet(46)) - raft.grpc.server.async.request.thread.pool.cached = true (default)
2023-03-17 00:25:14,524 [Time-limited test] INFO  grpc.GrpcConfigKeys (ConfUtils.java:logGet(46)) - raft.grpc.server.async.request.thread.pool.size = 32 (default)
2023-03-17 00:25:14,524 [Time-limited test] INFO  impl.DataStreamServerImpl (ConfUtils.java:logGet(46)) - raft.datastream.type = DISABLED (default)
2023-03-17 00:25:14,524 [Time-limited test] INFO  server.RaftServerConfigKeys (ConfUtils.java:logGet(46)) - raft.server.threadpool.proxy.cached = true (default)
2023-03-17 00:25:14,524 [Time-limited test] INFO  server.RaftServerConfigKeys (ConfUtils.java:logGet(46)) - raft.server.threadpool.proxy.size = 0 (default)
2023-03-17 00:25:14,524 [Time-limited test] INFO  server.RaftServerConfigKeys (ConfUtils.java:logGet(46)) - raft.server.rpc.slowness.timeout = 60s (default)
2023-03-17 00:25:14,524 [Time-limited test] INFO  server.RaftServerConfigKeys (ConfUtils.java:logGet(46)) - raft.server.leaderelection.leader.step-down.wait-time = 10s (default)
2023-03-17 00:25:14,524 [Time-limited test] INFO  server.RaftServerConfigKeys (ConfUtils.java:logGet(46)) - raft.server.storage.dir = [/home/runner/work/ratis/ratis/ratis-test/target/test/data/ce6527c6/MiniRaftClusterWithGrpc600c9161/s2] (custom)
2023-03-17 00:25:14,525 [Time-limited test] INFO  server.RaftServer (RaftServerProxy.java:addNew(99)) - s2: addNew group-29167549509F:[s0|rpc:localhost:45597|admin:localhost:39213|client:localhost:37679|dataStream:localhost:34847|priority:0|startupRole:FOLLOWER, s1|rpc:0.0.0.0:44561|priority:0|startupRole:FOLLOWER, s2|rpc:0.0.0.0:34673|priority:0|startupRole:FOLLOWER] returns group-29167549509F:java.util.concurrent.CompletableFuture@6c9b765[Not completed]
2023-03-17 00:25:14,525 [s2-groupManagement] INFO  server.RaftServer$Division (RaftServerImpl.java:<init>(198)) - s2: new RaftServerImpl for group-29167549509F:[s0|rpc:localhost:45597|admin:localhost:39213|client:localhost:37679|dataStream:localhost:34847|priority:0|startupRole:FOLLOWER, s1|rpc:0.0.0.0:44561|priority:0|startupRole:FOLLOWER, s2|rpc:0.0.0.0:34673|priority:0|startupRole:FOLLOWER] with BaseStateMachine:uninitialized
2023-03-17 00:25:14,525 [s2-groupManagement] INFO  server.RaftServerConfigKeys (ConfUtils.java:logGet(46)) - raft.server.rpc.timeout.min = 150ms (default)
2023-03-17 00:25:14,525 [s2-groupManagement] INFO  server.RaftServerConfigKeys (ConfUtils.java:logGet(46)) - raft.server.rpc.timeout.max = 300ms (default)
2023-03-17 00:25:14,525 [s2-groupManagement] INFO  server.RaftServerConfigKeys (ConfUtils.java:logGet(46)) - raft.server.rpc.sleep.time = 25ms (default)
2023-03-17 00:25:14,525 [s2-groupManagement] INFO  server.RaftServerConfigKeys (ConfUtils.java:logGet(46)) - raft.server.rpc.slowness.timeout = 60s (default)
2023-03-17 00:25:14,525 [s2-groupManagement] INFO  server.RaftServerConfigKeys (ConfUtils.java:logGet(46)) - raft.server.leaderelection.leader.step-down.wait-time = 10s (default)
2023-03-17 00:25:14,525 [s2-groupManagement] INFO  server.RaftServerConfigKeys (ConfUtils.java:logGet(46)) - raft.server.sleep.deviation.threshold = 300ms (default)
2023-03-17 00:25:14,525 [s2-groupManagement] INFO  server.RaftServer$Division (ServerState.java:<init>(113)) - s2@group-29167549509F: ConfigurationManager, init=-1: peers:[s0|rpc:localhost:45597|admin:localhost:39213|client:localhost:37679|dataStream:localhost:34847|priority:0|startupRole:FOLLOWER, s1|rpc:0.0.0.0:44561|priority:0|startupRole:FOLLOWER, s2|rpc:0.0.0.0:34673|priority:0|startupRole:FOLLOWER]|listeners:[], old=null, confs=<EMPTY_MAP>
2023-03-17 00:25:14,525 [s2-groupManagement] INFO  server.RaftServerConfigKeys (ConfUtils.java:logGet(46)) - raft.server.notification.no-leader.timeout = 60s (default)
2023-03-17 00:25:14,525 [s2-groupManagement] INFO  server.RaftServerConfigKeys (ConfUtils.java:logGet(46)) - raft.server.read.timeout = 10s (default)
2023-03-17 00:25:14,525 [s2-groupManagement] INFO  server.RaftServerConfigKeys (ConfUtils.java:logGet(46)) - raft.server.retrycache.expirytime = 60s (default)
2023-03-17 00:25:14,525 [s2-groupManagement] INFO  server.RaftServerConfigKeys (ConfUtils.java:logGet(46)) - raft.server.retrycache.statistics.expirytime = 100μs (default)
2023-03-17 00:25:14,525 [s2-groupManagement] INFO  server.RaftServerConfigKeys (ConfUtils.java:logGet(46)) - raft.server.read.option = DEFAULT (default)
2023-03-17 00:25:14,526 [s2-groupManagement] INFO  server.RaftServerConfigKeys (ConfUtils.java:logGet(46)) - raft.server.log.appender.install.snapshot.enabled = true (default)
2023-03-17 00:25:14,526 [s2-groupManagement] INFO  server.RaftServerConfigKeys (ConfUtils.java:logGet(46)) - raft.server.threadpool.server.cached = true (default)
2023-03-17 00:25:14,526 [s2-groupManagement] INFO  server.RaftServerConfigKeys (ConfUtils.java:logGet(46)) - raft.server.threadpool.server.size = 0 (default)
2023-03-17 00:25:14,526 [s2-groupManagement] INFO  server.RaftServerConfigKeys (ConfUtils.java:logGet(46)) - raft.server.threadpool.client.cached = true (default)
2023-03-17 00:25:14,526 [s2-groupManagement] INFO  server.RaftServerConfigKeys (ConfUtils.java:logGet(46)) - raft.server.threadpool.client.size = 0 (default)
2023-03-17 00:25:14,526 [s2-impl-thread1] INFO  server.RaftServerConfigKeys (ConfUtils.java:logGet(46)) - raft.server.storage.free-space.min = 0MB (=0) (default)
2023-03-17 00:25:14,526 [s2-impl-thread1] INFO  server.RaftServerConfigKeys (ConfUtils.java:logGet(46)) - raft.server.log.corruption.policy = EXCEPTION (default)
2023-03-17 00:25:14,526 [s2-impl-thread1] INFO  server.RaftServerConfigKeys (ConfUtils.java:logGet(46)) - raft.server.storage.dir = [/home/runner/work/ratis/ratis/ratis-test/target/test/data/ce6527c6/MiniRaftClusterWithGrpc600c9161/s2] (custom)
2023-03-17 00:25:14,526 [s2-impl-thread1] INFO  storage.RaftStorageDirectory (RaftStorageDirectoryImpl.java:analyzeStorage(138)) - The storage directory /home/runner/work/ratis/ratis/ratis-test/target/test/data/ce6527c6/MiniRaftClusterWithGrpc600c9161/s2/bc0d20aa-91e1-400a-8efc-29167549509f does not exist. Creating ...
2023-03-17 00:25:14,526 [s2-impl-thread1] TRACE util.FileUtils (LogUtils.java:runAndLog(49)) - Successfully ran Files.createDirectories /home/runner/work/ratis/ratis/ratis-test/target/test/data/ce6527c6/MiniRaftClusterWithGrpc600c9161/s2/bc0d20aa-91e1-400a-8efc-29167549509f
2023-03-17 00:25:14,527 [grpc-default-executor-2] WARN  server.GrpcLogAppender (LogUtils.java:warn(122)) - s0@group-29167549509F->s2-AppendLogResponseHandler: Failed appendEntries: org.apache.ratis.thirdparty.io.grpc.StatusRuntimeException: UNAVAILABLE: io exception
2023-03-17 00:25:14,527 [grpc-default-executor-2] INFO  leader.FollowerInfo (FollowerInfoImpl.java:lambda$new$0(52)) - s0@group-29167549509F->s2: decreaseNextIndex nextIndex: updateUnconditionally 45 -> 44
2023-03-17 00:25:14,527 [grpc-default-executor-6] WARN  server.GrpcLogAppender (LogUtils.java:warn(122)) - s0@group-29167549509F->s2-AppendLogResponseHandler: Failed appendEntries: org.apache.ratis.thirdparty.io.grpc.StatusRuntimeException: UNAVAILABLE: io exception
2023-03-17 00:25:14,527 [grpc-default-executor-6] INFO  leader.FollowerInfo (FollowerInfoImpl.java:lambda$new$0(52)) - s0@group-29167549509F->s2: decreaseNextIndex nextIndex: updateUnconditionally 44 -> 43
2023-03-17 00:25:14,528 [s2-impl-thread1] INFO  storage.RaftStorageDirectory (RaftStorageDirectoryImpl.java:tryLock(232)) - Lock on /home/runner/work/ratis/ratis/ratis-test/target/test/data/ce6527c6/MiniRaftClusterWithGrpc600c9161/s2/bc0d20aa-91e1-400a-8efc-29167549509f/in_use.lock acquired by nodename 10276@fv-az426-358
2023-03-17 00:25:14,528 [s2-impl-thread1] TRACE util.FileUtils (LogUtils.java:runAndLog(49)) - Successfully ran Files.createDirectories /home/runner/work/ratis/ratis/ratis-test/target/test/data/ce6527c6/MiniRaftClusterWithGrpc600c9161/s2/bc0d20aa-91e1-400a-8efc-29167549509f/current
2023-03-17 00:25:14,528 [s2-impl-thread1] TRACE util.FileUtils (LogUtils.java:runAndLog(49)) - Successfully ran Files.createDirectories /home/runner/work/ratis/ratis/ratis-test/target/test/data/ce6527c6/MiniRaftClusterWithGrpc600c9161/s2/bc0d20aa-91e1-400a-8efc-29167549509f/sm
2023-03-17 00:25:14,529 [s2-impl-thread1] INFO  storage.RaftStorage (RaftStorageImpl.java:format(96)) - Storage directory /home/runner/work/ratis/ratis/ratis-test/target/test/data/ce6527c6/MiniRaftClusterWithGrpc600c9161/s2/bc0d20aa-91e1-400a-8efc-29167549509f has been successfully formatted.
2023-03-17 00:25:14,529 [s2-impl-thread1] INFO  server.RaftServerConfigKeys (ConfUtils.java:logGet(46)) - raft.server.log.use.memory = false (default)
2023-03-17 00:25:14,529 [s2-impl-thread1] INFO  server.RaftServerConfigKeys (ConfUtils.java:logGet(46)) - raft.server.log.purge.gap = 1024 (default)
2023-03-17 00:25:14,529 [s2-impl-thread1] INFO  server.RaftServerConfigKeys (ConfUtils.java:logGet(46)) - raft.server.log.appender.buffer.byte-limit = 4MB (=4194304) (default)
2023-03-17 00:25:14,529 [s2-impl-thread1] INFO  server.RaftServerConfigKeys (ConfUtils.java:logGet(46)) - raft.server.log.statemachine.data.read.timeout = 1000ms (default)
2023-03-17 00:25:14,529 [s2-impl-thread1] INFO  server.RaftServerConfigKeys (ConfUtils.java:logGet(46)) - raft.server.log.purge.preservation.log.num = 0 (default)
2023-03-17 00:25:14,529 [s2-impl-thread1] INFO  server.RaftServerConfigKeys (ConfUtils.java:logGet(46)) - raft.server.log.segment.size.max = 8MB (=8388608) (default)
2023-03-17 00:25:14,529 [s2-impl-thread1] INFO  server.RaftServerConfigKeys (ConfUtils.java:logGet(46)) - raft.server.log.segment.cache.num.max = 6 (default)
2023-03-17 00:25:14,529 [s2-impl-thread1] INFO  server.RaftServerConfigKeys (ConfUtils.java:logGet(46)) - raft.server.log.segment.cache.size.max = 200MB (=209715200) (default)
2023-03-17 00:25:14,529 [s2-impl-thread1] INFO  server.RaftServerConfigKeys (ConfUtils.java:logGet(46)) - raft.server.log.appender.buffer.byte-limit = 4MB (=4194304) (default)
2023-03-17 00:25:14,529 [s2-impl-thread1] INFO  segmented.SegmentedRaftLogWorker (SegmentedRaftLogWorker.java:<init>(183)) - new s2@group-29167549509F-SegmentedRaftLogWorker for RaftStorageImpl:Storage Directory /home/runner/work/ratis/ratis/ratis-test/target/test/data/ce6527c6/MiniRaftClusterWithGrpc600c9161/s2/bc0d20aa-91e1-400a-8efc-29167549509f
2023-03-17 00:25:14,529 [s2-impl-thread1] INFO  server.RaftServerConfigKeys (ConfUtils.java:logGet(46)) - raft.server.log.queue.byte-limit = 64MB (=67108864) (default)
2023-03-17 00:25:14,529 [s2-impl-thread1] INFO  server.RaftServerConfigKeys (ConfUtils.java:logGet(46)) - raft.server.log.queue.element-limit = 4096 (default)
2023-03-17 00:25:14,529 [s2-impl-thread1] INFO  server.RaftServerConfigKeys (ConfUtils.java:logGet(46)) - raft.server.log.segment.size.max = 8MB (=8388608) (default)
2023-03-17 00:25:14,530 [s2-impl-thread1] INFO  server.RaftServerConfigKeys (ConfUtils.java:logGet(46)) - raft.server.log.preallocated.size = 4MB (=4194304) (default)
2023-03-17 00:25:14,530 [s2-impl-thread1] INFO  server.RaftServerConfigKeys (ConfUtils.java:logGet(46)) - raft.server.log.force.sync.num = 128 (default)
2023-03-17 00:25:14,530 [s2-impl-thread1] INFO  server.RaftServerConfigKeys (ConfUtils.java:logGet(46)) - raft.server.log.statemachine.data.sync = true (default)
2023-03-17 00:25:14,530 [s2-impl-thread1] INFO  server.RaftServerConfigKeys (ConfUtils.java:logGet(46)) - raft.server.log.statemachine.data.sync.timeout = 10s (default)
2023-03-17 00:25:14,530 [s2-impl-thread1] INFO  server.RaftServerConfigKeys (ConfUtils.java:logGet(46)) - raft.server.log.statemachine.data.sync.timeout.retry = -1 (default)
2023-03-17 00:25:14,530 [s2-impl-thread1] INFO  server.RaftServerConfigKeys (ConfUtils.java:logGet(46)) - raft.server.log.write.buffer.size = 64KB (=65536) (default)
2023-03-17 00:25:14,530 [s2-impl-thread1] INFO  server.RaftServerConfigKeys (ConfUtils.java:logGet(46)) - raft.server.log.appender.buffer.byte-limit = 4MB (=4194304) (default)
2023-03-17 00:25:14,530 [s2-impl-thread1] INFO  server.RaftServerConfigKeys (ConfUtils.java:logGet(46)) - raft.server.log.unsafe-flush.enabled = false (default)
2023-03-17 00:25:14,530 [s2-impl-thread1] INFO  server.RaftServerConfigKeys (ConfUtils.java:logGet(46)) - raft.server.log.async-flush.enabled = false (default)
2023-03-17 00:25:14,530 [s2-impl-thread1] INFO  server.RaftServerConfigKeys (ConfUtils.java:logGet(46)) - raft.server.log.statemachine.data.caching.enabled = false (default)
2023-03-17 00:25:14,530 [s2-impl-thread1] INFO  segmented.SegmentedRaftLogWorker (SegmentedRaftLogWorker.java:lambda$new$0(134)) - s2@group-29167549509F-SegmentedRaftLogWorker: flushIndex: setUnconditionally 0 -> -1
2023-03-17 00:25:14,531 [s2-impl-thread1] INFO  segmented.SegmentedRaftLogWorker (SegmentedRaftLogWorker.java:lambda$new$0(134)) - s2@group-29167549509F-SegmentedRaftLogWorker: safeCacheEvictIndex: setUnconditionally 0 -> -1
2023-03-17 00:25:14,531 [s2-impl-thread1] INFO  server.RaftServer$Division (RaftServerImpl.java:start(342)) - s2@group-29167549509F: start as a follower, conf=-1: peers:[s0|rpc:localhost:45597|admin:localhost:39213|client:localhost:37679|dataStream:localhost:34847|priority:0|startupRole:FOLLOWER, s1|rpc:0.0.0.0:44561|priority:0|startupRole:FOLLOWER, s2|rpc:0.0.0.0:34673|priority:0|startupRole:FOLLOWER]|listeners:[], old=null
2023-03-17 00:25:14,531 [s2-impl-thread1] INFO  server.RaftServer$Division (RaftServerImpl.java:setRole(329)) - s2@group-29167549509F: changes role from      null to FOLLOWER at term 0 for startAsFollower
2023-03-17 00:25:14,531 [s2-impl-thread1] INFO  impl.RoleInfo (RoleInfo.java:updateAndGet(139)) - s2: start s2@group-29167549509F-FollowerState
2023-03-17 00:25:14,531 [s2-impl-thread1] INFO  util.JmxRegister (JmxRegister.java:tryRegister(44)) - Successfully registered JMX Bean with object name Ratis:service=RaftServer,group=group-29167549509F,id=s2
2023-03-17 00:25:14,531 [s2-impl-thread1] INFO  server.RaftServerConfigKeys (ConfUtils.java:logGet(46)) - raft.server.snapshot.auto.trigger.enabled = false (default)
2023-03-17 00:25:14,531 [s2-impl-thread1] INFO  server.RaftServerConfigKeys (ConfUtils.java:logGet(46)) - raft.server.snapshot.retention.file.num = -1 (default)
2023-03-17 00:25:14,531 [s2-impl-thread1] INFO  server.RaftServerConfigKeys (ConfUtils.java:logGet(46)) - raft.server.log.purge.upto.snapshot.index = false (default)
2023-03-17 00:25:14,532 [s2@group-29167549509F-FollowerState] INFO  server.RaftServerConfigKeys (ConfUtils.java:logFallback(53)) - raft.server.rpc.first-election.timeout.min = 150ms (fallback to raft.server.rpc.timeout.min)
2023-03-17 00:25:14,532 [s2@group-29167549509F-FollowerState] INFO  server.RaftServerConfigKeys (ConfUtils.java:logFallback(53)) - raft.server.rpc.first-election.timeout.max = 300ms (fallback to raft.server.rpc.timeout.max)
2023-03-17 00:25:14,532 [Time-limited test] INFO  server.RaftServer (RaftServerProxy.java:startImpl(401)) - s2: start RPC server
2023-03-17 00:25:14,532 [Time-limited test] INFO  server.GrpcService (GrpcService.java:startImpl(302)) - s2: GrpcService started, listening on 34673
2023-03-17 00:25:14,532 [JvmPauseMonitor76] INFO  util.JvmPauseMonitor (JvmPauseMonitor.java:run(103)) - JvmPauseMonitor-s2: Started
2023-03-17 00:25:14,533 [Time-limited test] INFO  grpc.TestRaftReconfigurationWithGrpc (RaftReconfigurationBaseTest.java:runTestBootstrapReconf(430)) - printing ALL groups
  s0:  RUNNING    LEADER s0@group-29167549509F:t1, leader=s0, voted=s0, raftlog=Memoized:s0@group-29167549509F-SegmentedRaftLog:OPENED:c44, conf=43: peers:[s0|rpc:localhost:45597|admin:localhost:39213|client:localhost:37679|dataStream:localhost:34847|priority:0|startupRole:FOLLOWER, s1|rpc:0.0.0.0:44561|dataStream:|priority:0|startupRole:FOLLOWER, s2|rpc:0.0.0.0:34673|dataStream:|priority:0|startupRole:FOLLOWER]|listeners:[], old=null RUNNING
  s1:  RUNNING  FOLLOWER s1@group-29167549509F:t1, leader=s0, voted=null, raftlog=Memoized:s1@group-29167549509F-SegmentedRaftLog:OPENED:c44, conf=43: peers:[s0|rpc:localhost:45597|admin:localhost:39213|client:localhost:37679|dataStream:localhost:34847|priority:0|startupRole:FOLLOWER, s1|rpc:0.0.0.0:44561|dataStream:|priority:0|startupRole:FOLLOWER, s2|rpc:0.0.0.0:34673|dataStream:|priority:0|startupRole:FOLLOWER]|listeners:[], old=null RUNNING
  s2:  RUNNING  FOLLOWER s2@group-29167549509F:t0, leader=null, voted=, raftlog=Memoized:s2@group-29167549509F-SegmentedRaftLog:OPENED:c-1, conf=-1: peers:[s0|rpc:localhost:45597|admin:localhost:39213|client:localhost:37679|dataStream:localhost:34847|priority:0|startupRole:FOLLOWER, s1|rpc:0.0.0.0:44561|priority:0|startupRole:FOLLOWER, s2|rpc:0.0.0.0:34673|priority:0|startupRole:FOLLOWER]|listeners:[], old=null RUNNING
2023-03-17 00:25:14,554 [grpc-default-executor-6] WARN  server.GrpcLogAppender (LogUtils.java:warn(122)) - s0@group-29167549509F->s2-AppendLogResponseHandler: Failed appendEntries: org.apache.ratis.thirdparty.io.grpc.StatusRuntimeException: UNAVAILABLE: io exception
2023-03-17 00:25:14,554 [grpc-default-executor-2] WARN  server.GrpcLogAppender (LogUtils.java:warn(122)) - s0@group-29167549509F->s2-AppendLogResponseHandler: Failed appendEntries: org.apache.ratis.thirdparty.io.grpc.StatusRuntimeException: UNAVAILABLE: io exception
2023-03-17 00:25:14,554 [grpc-default-executor-6] INFO  leader.FollowerInfo (FollowerInfoImpl.java:lambda$new$0(52)) - s0@group-29167549509F->s2: decreaseNextIndex nextIndex: updateUnconditionally 43 -> 42
2023-03-17 00:25:14,554 [grpc-default-executor-2] INFO  leader.FollowerInfo (FollowerInfoImpl.java:lambda$new$0(52)) - s0@group-29167549509F->s2: decreaseNextIndex nextIndex: updateUnconditionally 42 -> 41
2023-03-17 00:25:14,567 [s2-server-thread1] DEBUG server.RaftServer$Division (RaftServerImpl.java:logAppendEntries(1430)) - s2@group-29167549509F: receive appendEntries(s0, 1, (t:1, i:40), 44, true, commits:[s0:c44, s1:c44, s2:c44], cId:30780, entries: [(t:1, i:41), CONFIGURATIONENTRY(current:id: "s0"
address: "localhost:45597"
dataStreamAddress: "localhost:34847"
clientAddress: "localhost:37679"
adminAddress: "localhost:39213"
startupRole: FOLLOWER
,id: "s1"
address: "0.0.0.0:44561"
clientAddress: "0.0.0.0:44561"
adminAddress: "0.0.0.0:44561"
startupRole: FOLLOWER
,id: "s2"
address: "0.0.0.0:34673"
clientAddress: "0.0.0.0:34673"
adminAddress: "0.0.0.0:34673"
startupRole: FOLLOWER
, old:id: "s0"
address: "localhost:45597"
dataStreamAddress: "localhost:34847"
clientAddress: "localhost:37679"
adminAddress: "localhost:39213"
startupRole: FOLLOWER
), (t:1, i:42), METADATAENTRY(c:41), (t:1, i:43), CONFIGURATIONENTRY(current:id: "s0"
address: "localhost:45597"
dataStreamAddress: "localhost:34847"
clientAddress: "localhost:37679"
adminAddress: "localhost:39213"
startupRole: FOLLOWER
,id: "s1"
address: "0.0.0.0:44561"
clientAddress: "0.0.0.0:44561"
adminAddress: "0.0.0.0:44561"
startupRole: FOLLOWER
,id: "s2"
address: "0.0.0.0:34673"
clientAddress: "0.0.0.0:34673"
adminAddress: "0.0.0.0:34673"
startupRole: FOLLOWER
, old:), (t:1, i:44), METADATAENTRY(c:43)]
2023-03-17 00:25:14,568 [s2-server-thread1] INFO  server.RaftServer$Division (ServerState.java:setLeader(260)) - s2@group-29167549509F: change Leader from null to s0 at term 1 for appendEntries, leader elected after 42ms
2023-03-17 00:25:14,568 [s2-server-thread1] INFO  server.RaftServer$Division (RaftServerImpl.java:checkInconsistentAppendEntries(1610)) - s2@group-29167549509F: Failed appendEntries as previous log entry ((t:1, i:40)) is not found
2023-03-17 00:25:14,568 [s2-server-thread1] INFO  server.RaftServer$Division (RaftServerImpl.java:checkInconsistentAppendEntries(1580)) - s2@group-29167549509F: inconsistency entries. Reply:s0<-s2#30780:FAIL-t0,INCONSISTENCY,nextIndex=0,followerCommit=-1,matchIndex=-1
2023-03-17 00:25:14,568 [grpc-default-executor-0] WARN  server.GrpcLogAppender (GrpcLogAppender.java:onNextImpl(395)) - s0@group-29167549509F->s2-AppendLogResponseHandler: received INCONSISTENCY reply with nextIndex 0
2023-03-17 00:25:14,568 [grpc-default-executor-0] INFO  leader.FollowerInfo (FollowerInfoImpl.java:lambda$new$0(52)) - s0@group-29167549509F->s2: setNextIndex nextIndex: updateUnconditionally 45 -> 0
2023-03-17 00:25:14,575 [s2-server-thread1] DEBUG server.RaftServer$Division (RaftServerImpl.java:logAppendEntries(1430)) - s2@group-29167549509F: receive appendEntries(s0, 1, null, 44, true, commits:[s0:c44, s1:c44, s2:c44], cId:30781, entries: [(t:1, i:0), CONFIGURATIONENTRY(current:id: "s0"
address: "localhost:45597"
dataStreamAddress: "localhost:34847"
clientAddress: "localhost:37679"
adminAddress: "localhost:39213"
startupRole: FOLLOWER
, old:), (t:1, i:1), STATEMACHINELOGENTRY, 99@client-04E303E22F97, (t:1, i:2), METADATAENTRY(c:1), (t:1, i:3), STATEMACHINELOGENTRY, 100@client-04E303E22F97, (t:1, i:4), METADATAENTRY(c:3), (t:1, i:5), STATEMACHINELOGENTRY, 101@client-04E303E22F97, (t:1, i:6), METADATAENTRY(c:5), (t:1, i:7), STATEMACHINELOGENTRY, 102@client-04E303E22F97, (t:1, i:8), METADATAENTRY(c:7), (t:1, i:9), STATEMACHINELOGENTRY, 103@client-04E303E22F97, (t:1, i:10), METADATAENTRY(c:9), (t:1, i:11), STATEMACHINELOGENTRY, 104@client-04E303E22F97, (t:1, i:12), METADATAENTRY(c:11), (t:1, i:13), STATEMACHINELOGENTRY, 105@client-04E303E22F97, (t:1, i:14), METADATAENTRY(c:13), (t:1, i:15), STATEMACHINELOGENTRY, 106@client-04E303E22F97, (t:1, i:16), METADATAENTRY(c:15), (t:1, i:17), STATEMACHINELOGENTRY, 107@client-04E303E22F97, (t:1, i:18), METADATAENTRY(c:17), (t:1, i:19), STATEMACHINELOGENTRY, 108@client-04E303E22F97, (t:1, i:20), METADATAENTRY(c:19), (t:1, i:21), STATEMACHINELOGENTRY, 109@client-04E303E22F97, (t:1, i:22), METADATAENTRY(c:21), (t:1, i:23), STATEMACHINELOGENTRY, 110@client-04E303E22F97, (t:1, i:24), METADATAENTRY(c:23), (t:1, i:25), STATEMACHINELOGENTRY, 111@client-04E303E22F97, (t:1, i:26), METADATAENTRY(c:25), (t:1, i:27), STATEMACHINELOGENTRY, 112@client-04E303E22F97, (t:1, i:28), METADATAENTRY(c:27), (t:1, i:29), STATEMACHINELOGENTRY, 113@client-04E303E22F97, (t:1, i:30), METADATAENTRY(c:29), (t:1, i:31), STATEMACHINELOGENTRY, 114@client-04E303E22F97, (t:1, i:32), METADATAENTRY(c:31), (t:1, i:33), STATEMACHINELOGENTRY, 115@client-04E303E22F97, (t:1, i:34), METADATAENTRY(c:33), (t:1, i:35), STATEMACHINELOGENTRY, 116@client-04E303E22F97, (t:1, i:36), METADATAENTRY(c:35), (t:1, i:37), STATEMACHINELOGENTRY, 117@client-04E303E22F97, (t:1, i:38), METADATAENTRY(c:37), (t:1, i:39), STATEMACHINELOGENTRY, 118@client-04E303E22F97, (t:1, i:40), METADATAENTRY(c:39), (t:1, i:41), CONFIGURATIONENTRY(current:id: "s0"
address: "localhost:45597"
dataStreamAddress: "localhost:34847"
clientAddress: "localhost:37679"
adminAddress: "localhost:39213"
startupRole: FOLLOWER
,id: "s1"
address: "0.0.0.0:44561"
clientAddress: "0.0.0.0:44561"
adminAddress: "0.0.0.0:44561"
startupRole: FOLLOWER
,id: "s2"
address: "0.0.0.0:34673"
clientAddress: "0.0.0.0:34673"
adminAddress: "0.0.0.0:34673"
startupRole: FOLLOWER
, old:id: "s0"
address: "localhost:45597"
dataStreamAddress: "localhost:34847"
clientAddress: "localhost:37679"
adminAddress: "localhost:39213"
startupRole: FOLLOWER
), (t:1, i:42), METADATAENTRY(c:41), (t:1, i:43), CONFIGURATIONENTRY(current:id: "s0"
address: "localhost:45597"
dataStreamAddress: "localhost:34847"
clientAddress: "localhost:37679"
adminAddress: "localhost:39213"
startupRole: FOLLOWER
,id: "s1"
address: "0.0.0.0:44561"
clientAddress: "0.0.0.0:44561"
adminAddress: "0.0.0.0:44561"
startupRole: FOLLOWER
,id: "s2"
address: "0.0.0.0:34673"
clientAddress: "0.0.0.0:34673"
adminAddress: "0.0.0.0:34673"
startupRole: FOLLOWER
, old:), (t:1, i:44), METADATAENTRY(c:43)]
2023-03-17 00:25:14,576 [s2-server-thread1] INFO  server.RaftServer$Division (ServerState.java:setRaftConf(378)) - s2@group-29167549509F: set configuration 0: peers:[s0|rpc:localhost:45597|admin:localhost:39213|client:localhost:37679|dataStream:localhost:34847|priority:0|startupRole:FOLLOWER]|listeners:[], old=null
2023-03-17 00:25:14,576 [s2-server-thread1] INFO  server.RaftServer$Division (ServerState.java:setRaftConf(378)) - s2@group-29167549509F: set configuration 41: peers:[s0|rpc:localhost:45597|admin:localhost:39213|client:localhost:37679|dataStream:localhost:34847|priority:0|startupRole:FOLLOWER, s1|rpc:0.0.0.0:44561|dataStream:|priority:0|startupRole:FOLLOWER, s2|rpc:0.0.0.0:34673|dataStream:|priority:0|startupRole:FOLLOWER]|listeners:[], old=peers:[s0|rpc:localhost:45597|admin:localhost:39213|client:localhost:37679|dataStream:localhost:34847|priority:0|startupRole:FOLLOWER]|listeners:[]
2023-03-17 00:25:14,576 [s2-server-thread1] INFO  server.RaftServer$Division (ServerState.java:setRaftConf(378)) - s2@group-29167549509F: set configuration 43: peers:[s0|rpc:localhost:45597|admin:localhost:39213|client:localhost:37679|dataStream:localhost:34847|priority:0|startupRole:FOLLOWER, s1|rpc:0.0.0.0:44561|dataStream:|priority:0|startupRole:FOLLOWER, s2|rpc:0.0.0.0:34673|dataStream:|priority:0|startupRole:FOLLOWER]|listeners:[], old=null
2023-03-17 00:25:14,576 [s2-server-thread1] INFO  segmented.SegmentedRaftLogWorker (SegmentedRaftLogWorker.java:startLogSegment(426)) - s2@group-29167549509F-SegmentedRaftLogWorker: Starting segment from index:0
2023-03-17 00:25:14,586 [s2@group-29167549509F-SegmentedRaftLogWorker] INFO  segmented.SegmentedRaftLogWorker (SegmentedRaftLogWorker.java:execute(630)) - s2@group-29167549509F-SegmentedRaftLogWorker: created new log segment /home/runner/work/ratis/ratis/ratis-test/target/test/data/ce6527c6/MiniRaftClusterWithGrpc600c9161/s2/bc0d20aa-91e1-400a-8efc-29167549509f/current/log_inprogress_0
2023-03-17 00:25:14,596 [s2-server-thread1] DEBUG server.RaftServer$Division (RaftServerImpl.java:logAppendEntries(1430)) - s2@group-29167549509F: succeeded to handle AppendEntries. Reply: s0<-s2#30781:OK-t1,SUCCESS,nextIndex=45,followerCommit=44,matchIndex=44
2023-03-17 00:25:14,834 [Time-limited test] INFO  impl.MiniRaftCluster (MiniRaftCluster.java:shutdown(831)) - ************************************************************** 
2023-03-17 00:25:14,834 [Time-limited test] INFO  impl.MiniRaftCluster (MiniRaftCluster.java:shutdown(832)) - *** 
2023-03-17 00:25:14,834 [Time-limited test] INFO  impl.MiniRaftCluster (MiniRaftCluster.java:shutdown(833)) - ***     Stopping MiniRaftClusterWithGrpc
2023-03-17 00:25:14,834 [Time-limited test] INFO  impl.MiniRaftCluster (MiniRaftCluster.java:shutdown(834)) - *** 
2023-03-17 00:25:14,834 [Time-limited test] INFO  impl.MiniRaftCluster (MiniRaftCluster.java:shutdown(835)) - ************************************************************** 
2023-03-17 00:25:14,834 [Time-limited test] INFO  impl.MiniRaftCluster (MiniRaftCluster.java:shutdown(836)) - printing ALL groups
  s0:  RUNNING    LEADER s0@group-29167549509F:t1, leader=s0, voted=s0, raftlog=Memoized:s0@group-29167549509F-SegmentedRaftLog:OPENED:c44, conf=43: peers:[s0|rpc:localhost:45597|admin:localhost:39213|client:localhost:37679|dataStream:localhost:34847|priority:0|startupRole:FOLLOWER, s1|rpc:0.0.0.0:44561|dataStream:|priority:0|startupRole:FOLLOWER, s2|rpc:0.0.0.0:34673|dataStream:|priority:0|startupRole:FOLLOWER]|listeners:[], old=null RUNNING
  s1:  RUNNING  FOLLOWER s1@group-29167549509F:t1, leader=s0, voted=null, raftlog=Memoized:s1@group-29167549509F-SegmentedRaftLog:OPENED:c44, conf=43: peers:[s0|rpc:localhost:45597|admin:localhost:39213|client:localhost:37679|dataStream:localhost:34847|priority:0|startupRole:FOLLOWER, s1|rpc:0.0.0.0:44561|dataStream:|priority:0|startupRole:FOLLOWER, s2|rpc:0.0.0.0:34673|dataStream:|priority:0|startupRole:FOLLOWER]|listeners:[], old=null RUNNING
  s2:  RUNNING  FOLLOWER s2@group-29167549509F:t1, leader=s0, voted=null, raftlog=Memoized:s2@group-29167549509F-SegmentedRaftLog:OPENED:c44, conf=43: peers:[s0|rpc:localhost:45597|admin:localhost:39213|client:localhost:37679|dataStream:localhost:34847|priority:0|startupRole:FOLLOWER, s1|rpc:0.0.0.0:44561|dataStream:|priority:0|startupRole:FOLLOWER, s2|rpc:0.0.0.0:34673|dataStream:|priority:0|startupRole:FOLLOWER]|listeners:[], old=null RUNNING
2023-03-17 00:25:14,835 [MiniRaftCluster-78] INFO  server.RaftServer (RaftServerProxy.java:lambda$close$7(417)) - s0: close
2023-03-17 00:25:14,835 [MiniRaftCluster-78] INFO  server.GrpcService (GrpcService.java:closeImpl(311)) - s0: shutdown server org.apache.ratis.grpc.server.GrpcClientProtocolService now
2023-03-17 00:25:14,835 [s0-impl-thread1] INFO  server.RaftServer$Division (RaftServerImpl.java:lambda$close$4(466)) - s0@group-29167549509F: shutdown
2023-03-17 00:25:14,836 [s0-impl-thread1] INFO  util.JmxRegister (JmxRegister.java:unregister(73)) - Successfully un-registered JMX Bean with object name Ratis:service=RaftServer,group=group-29167549509F,id=s0
2023-03-17 00:25:14,836 [s0-impl-thread1] INFO  impl.RoleInfo (RoleInfo.java:shutdownLeaderState(93)) - s0: shutdown s0@group-29167549509F-LeaderStateImpl
2023-03-17 00:25:14,836 [s0-impl-thread1] INFO  impl.PendingRequests (PendingRequests.java:sendNotLeaderResponses(289)) - s0@group-29167549509F-PendingRequests: sendNotLeaderResponses
2023-03-17 00:25:14,836 [MiniRaftCluster-79] INFO  server.RaftServer (RaftServerProxy.java:lambda$close$7(417)) - s1: close
2023-03-17 00:25:14,836 [s1-impl-thread1] INFO  server.RaftServer$Division (RaftServerImpl.java:lambda$close$4(466)) - s1@group-29167549509F: shutdown
2023-03-17 00:25:14,836 [s1-impl-thread1] INFO  util.JmxRegister (JmxRegister.java:unregister(73)) - Successfully un-registered JMX Bean with object name Ratis:service=RaftServer,group=group-29167549509F,id=s1
2023-03-17 00:25:14,836 [s1-impl-thread1] INFO  impl.RoleInfo (RoleInfo.java:shutdownFollowerState(110)) - s1: shutdown s1@group-29167549509F-FollowerState
2023-03-17 00:25:14,836 [s1-impl-thread1] INFO  impl.StateMachineUpdater (StateMachineUpdater.java:stopAndJoin(154)) - s1@group-29167549509F-StateMachineUpdater: set stopIndex = 44
2023-03-17 00:25:14,836 [s1@group-29167549509F-FollowerState] INFO  impl.FollowerState (FollowerState.java:run(152)) - s1@group-29167549509F-FollowerState was interrupted
2023-03-17 00:25:14,836 [MiniRaftCluster-80] INFO  server.RaftServer (RaftServerProxy.java:lambda$close$7(417)) - s2: close
2023-03-17 00:25:14,836 [s1-impl-thread1] INFO  server.RaftServer$Division (ServerState.java:close(414)) - s1@group-29167549509F: applyIndex: 44
2023-03-17 00:25:14,836 [MiniRaftCluster-80] INFO  server.GrpcService (GrpcService.java:closeImpl(311)) - s2: shutdown server GrpcServerProtocolService now
2023-03-17 00:25:14,836 [grpc-default-executor-6] INFO  server.GrpcServerProtocolService (GrpcServerProtocolService.java:onCompleted(145)) - s1: Completed APPEND_ENTRIES, lastRequest: null
2023-03-17 00:25:14,836 [grpc-default-executor-4] INFO  server.GrpcServerProtocolService (GrpcServerProtocolService.java:onCompleted(145)) - s2: Completed APPEND_ENTRIES, lastRequest: s0->s2#30781-t1,previous=(t:0, i:0),leaderCommit=44,initializing? true,entries: size=45, first=(t:1, i:0), CONFIGURATIONENTRY(current:id: "s0"
address: "localhost:45597"
dataStreamAddress: "localhost:34847"
clientAddress: "localhost:37679"
adminAddress: "localhost:39213"
startupRole: FOLLOWER
, old:)
2023-03-17 00:25:14,836 [grpc-default-executor-2] INFO  server.GrpcServerProtocolService (GrpcServerProtocolService.java:onCompleted(145)) - s2: Completed APPEND_ENTRIES, lastRequest: null
2023-03-17 00:25:14,836 [grpc-default-executor-0] INFO  server.GrpcServerProtocolService (GrpcServerProtocolService.java:onCompleted(145)) - s1: Completed APPEND_ENTRIES, lastRequest: s0->s1#46823-t1,previous=(t:0, i:0),leaderCommit=44,initializing? true,entries: size=45, first=(t:1, i:0), CONFIGURATIONENTRY(current:id: "s0"
address: "localhost:45597"
dataStreamAddress: "localhost:34847"
clientAddress: "localhost:37679"
adminAddress: "localhost:39213"
startupRole: FOLLOWER
, old:)
2023-03-17 00:25:14,836 [MiniRaftCluster-79] INFO  server.GrpcService (GrpcService.java:closeImpl(311)) - s1: shutdown server GrpcServerProtocolService now
2023-03-17 00:25:14,836 [s2-impl-thread1] INFO  server.RaftServer$Division (RaftServerImpl.java:lambda$close$4(466)) - s2@group-29167549509F: shutdown
2023-03-17 00:25:14,837 [s2-impl-thread1] INFO  util.JmxRegister (JmxRegister.java:unregister(73)) - Successfully un-registered JMX Bean with object name Ratis:service=RaftServer,group=group-29167549509F,id=s2
2023-03-17 00:25:14,837 [s2-impl-thread1] INFO  impl.RoleInfo (RoleInfo.java:shutdownFollowerState(110)) - s2: shutdown s2@group-29167549509F-FollowerState
2023-03-17 00:25:14,837 [s2-impl-thread1] INFO  impl.StateMachineUpdater (StateMachineUpdater.java:stopAndJoin(154)) - s2@group-29167549509F-StateMachineUpdater: set stopIndex = 44
2023-03-17 00:25:14,837 [s2@group-29167549509F-FollowerState] INFO  impl.FollowerState (FollowerState.java:run(152)) - s2@group-29167549509F-FollowerState was interrupted
2023-03-17 00:25:14,837 [grpc-default-executor-4] INFO  server.GrpcLogAppender (GrpcLogAppender.java:onCompleted(422)) - s0@group-29167549509F->s1-AppendLogResponseHandler: follower responses appendEntries COMPLETED
2023-03-17 00:25:14,837 [grpc-default-executor-7] INFO  server.GrpcLogAppender (GrpcLogAppender.java:onCompleted(422)) - s0@group-29167549509F->s2-AppendLogResponseHandler: follower responses appendEntries COMPLETED
2023-03-17 00:25:14,837 [grpc-default-executor-6] INFO  server.GrpcLogAppender (GrpcLogAppender.java:onCompleted(422)) - s0@group-29167549509F->s2-AppendLogResponseHandler: follower responses appendEntries COMPLETED
2023-03-17 00:25:14,837 [grpc-default-executor-7] INFO  leader.FollowerInfo (FollowerInfoImpl.java:lambda$new$0(52)) - s0@group-29167549509F->s2: decreaseNextIndex nextIndex: updateUnconditionally 45 -> 44
2023-03-17 00:25:14,837 [grpc-default-executor-4] INFO  leader.FollowerInfo (FollowerInfoImpl.java:lambda$new$0(52)) - s0@group-29167549509F->s1: decreaseNextIndex nextIndex: updateUnconditionally 45 -> 44
2023-03-17 00:25:14,837 [grpc-default-executor-6] INFO  leader.FollowerInfo (FollowerInfoImpl.java:lambda$new$0(52)) - s0@group-29167549509F->s2: decreaseNextIndex nextIndex: updateUnconditionally 44 -> 43
2023-03-17 00:25:14,837 [grpc-default-executor-9] INFO  server.GrpcLogAppender (GrpcLogAppender.java:onCompleted(422)) - s0@group-29167549509F->s1-AppendLogResponseHandler: follower responses appendEntries COMPLETED
2023-03-17 00:25:14,837 [grpc-default-executor-9] INFO  leader.FollowerInfo (FollowerInfoImpl.java:lambda$new$0(52)) - s0@group-29167549509F->s1: decreaseNextIndex nextIndex: updateUnconditionally 44 -> 43
2023-03-17 00:25:14,837 [s2-impl-thread1] INFO  server.RaftServer$Division (ServerState.java:close(414)) - s2@group-29167549509F: applyIndex: 44
2023-03-17 00:25:14,838 [Thread-2185] INFO  server.GrpcServerProtocolClient (GrpcServerProtocolClient.java:close(102)) - s1 Close channels
2023-03-17 00:25:14,838 [MiniRaftCluster-79] INFO  server.GrpcService (GrpcService.java:closeImpl(320)) - s1: shutdown server GrpcServerProtocolService successfully
2023-03-17 00:25:14,839 [s0-impl-thread1] INFO  impl.StateMachineUpdater (StateMachineUpdater.java:stopAndJoin(154)) - s0@group-29167549509F-StateMachineUpdater: set stopIndex = 44
2023-03-17 00:25:14,839 [Thread-2187] INFO  server.GrpcServerProtocolClient (GrpcServerProtocolClient.java:close(102)) - s2 Close channels
2023-03-17 00:25:14,839 [MiniRaftCluster-78] INFO  server.GrpcService (GrpcService.java:closeImpl(320)) - s0: shutdown server org.apache.ratis.grpc.server.GrpcClientProtocolService successfully
2023-03-17 00:25:14,839 [MiniRaftCluster-78] INFO  server.GrpcService (GrpcService.java:closeImpl(311)) - s0: shutdown server GrpcServerProtocolService now
2023-03-17 00:25:14,839 [s0-impl-thread1] INFO  server.RaftServer$Division (ServerState.java:close(414)) - s0@group-29167549509F: applyIndex: 44
2023-03-17 00:25:14,840 [MiniRaftCluster-80] INFO  server.GrpcService (GrpcService.java:closeImpl(320)) - s2: shutdown server GrpcServerProtocolService successfully
2023-03-17 00:25:14,840 [MiniRaftCluster-78] INFO  server.GrpcService (GrpcService.java:closeImpl(320)) - s0: shutdown server GrpcServerProtocolService successfully
2023-03-17 00:25:14,840 [MiniRaftCluster-78] INFO  server.GrpcService (GrpcService.java:closeImpl(311)) - s0: shutdown server org.apache.ratis.grpc.server.GrpcAdminProtocolService now
2023-03-17 00:25:14,840 [MiniRaftCluster-78] INFO  server.GrpcService (GrpcService.java:closeImpl(320)) - s0: shutdown server org.apache.ratis.grpc.server.GrpcAdminProtocolService successfully
2023-03-17 00:25:15,511 [s0-impl-thread1] INFO  segmented.SegmentedRaftLogWorker (SegmentedRaftLogWorker.java:close(242)) - s0@group-29167549509F-SegmentedRaftLogWorker close()
2023-03-17 00:25:15,512 [JvmPauseMonitor72] INFO  util.JvmPauseMonitor (JvmPauseMonitor.java:run(109)) - JvmPauseMonitor-s0: Stopped
2023-03-17 00:25:15,585 [s1-impl-thread1] INFO  segmented.SegmentedRaftLogWorker (SegmentedRaftLogWorker.java:close(242)) - s1@group-29167549509F-SegmentedRaftLogWorker close()
2023-03-17 00:25:15,585 [JvmPauseMonitor75] INFO  util.JvmPauseMonitor (JvmPauseMonitor.java:run(109)) - JvmPauseMonitor-s1: Stopped
2023-03-17 00:25:15,587 [s2-impl-thread1] INFO  segmented.SegmentedRaftLogWorker (SegmentedRaftLogWorker.java:close(242)) - s2@group-29167549509F-SegmentedRaftLogWorker close()
2023-03-17 00:25:15,588 [JvmPauseMonitor76] INFO  util.JvmPauseMonitor (JvmPauseMonitor.java:run(109)) - JvmPauseMonitor-s2: Stopped
]]></system-out>
  </testcase>
  <testcase name="testBootstrapReconfWithSingleNodeAddTwo" classname="org.apache.ratis.grpc.TestRaftReconfigurationWithGrpc" time="3.714">
    <failure message="Unexpected exit." type="java.lang.AssertionError">java.lang.AssertionError: Unexpected exit.
	at org.apache.ratis.util.ExitUtils.assertNotTerminated(ExitUtils.java:109)
	at org.apache.ratis.BaseTest.assertNoFailures(BaseTest.java:89)
	at jdk.internal.reflect.GeneratedMethodAccessor16.invoke(Unknown Source)
	at java.base/jdk.internal.reflect.DelegatingMethodAccessorImpl.invoke(DelegatingMethodAccessorImpl.java:43)
	at java.base/java.lang.reflect.Method.invoke(Method.java:566)
	at org.junit.runners.model.FrameworkMethod$1.runReflectiveCall(FrameworkMethod.java:59)
	at org.junit.internal.runners.model.ReflectiveCallable.run(ReflectiveCallable.java:12)
	at org.junit.runners.model.FrameworkMethod.invokeExplosively(FrameworkMethod.java:56)
	at org.junit.internal.runners.statements.RunAfters.invokeMethod(RunAfters.java:46)
	at org.junit.internal.runners.statements.RunAfters.evaluate(RunAfters.java:33)
	at org.junit.internal.runners.statements.FailOnTimeout$CallableStatement.call(FailOnTimeout.java:299)
	at org.junit.internal.runners.statements.FailOnTimeout$CallableStatement.call(FailOnTimeout.java:293)
	at java.base/java.util.concurrent.FutureTask.run(FutureTask.java:264)
	at java.base/java.lang.Thread.run(Thread.java:829)
Caused by: org.apache.ratis.util.ExitUtils$ExitException: Failed to start Grpc server
	at org.apache.ratis.util.ExitUtils.terminate(ExitUtils.java:141)
	at org.apache.ratis.util.ExitUtils.terminate(ExitUtils.java:151)
	at org.apache.ratis.grpc.server.GrpcService.startImpl(GrpcService.java:300)
	at org.apache.ratis.util.LifeCycle.startAndTransition(LifeCycle.java:270)
	at org.apache.ratis.server.RaftServerRpcWithProxy.start(RaftServerRpcWithProxy.java:72)
	at org.apache.ratis.server.impl.RaftServerProxy.startImpl(RaftServerProxy.java:402)
	at org.apache.ratis.util.LifeCycle.startAndTransition(LifeCycle.java:270)
	at org.apache.ratis.server.impl.RaftServerProxy.start(RaftServerProxy.java:395)
	at org.apache.ratis.server.impl.MiniRaftCluster.startServers(MiniRaftCluster.java:499)
	at org.apache.ratis.server.impl.MiniRaftCluster.start(MiniRaftCluster.java:346)
	at org.apache.ratis.server.impl.MiniRaftCluster.restart(MiniRaftCluster.java:374)
	at org.apache.ratis.server.impl.RaftReconfigurationBaseTest.lambda$testRestorePriority$0(RaftReconfigurationBaseTest.java:123)
	at org.apache.ratis.server.impl.MiniRaftCluster$Factory$Get.runWithNewCluster(MiniRaftCluster.java:141)
	at org.apache.ratis.server.impl.MiniRaftCluster$Factory$Get.runWithNewCluster(MiniRaftCluster.java:121)
	at org.apache.ratis.server.impl.RaftReconfigurationBaseTest.testRestorePriority(RaftReconfigurationBaseTest.java:100)
	at java.base/jdk.internal.reflect.NativeMethodAccessorImpl.invoke0(Native Method)
	at java.base/jdk.internal.reflect.NativeMethodAccessorImpl.invoke(NativeMethodAccessorImpl.java:62)
	at java.base/jdk.internal.reflect.DelegatingMethodAccessorImpl.invoke(DelegatingMethodAccessorImpl.java:43)
	at java.base/java.lang.reflect.Method.invoke(Method.java:566)
	at org.junit.runners.model.FrameworkMethod$1.runReflectiveCall(FrameworkMethod.java:59)
	at org.junit.internal.runners.model.ReflectiveCallable.run(ReflectiveCallable.java:12)
	at org.junit.runners.model.FrameworkMethod.invokeExplosively(FrameworkMethod.java:56)
	at org.junit.internal.runners.statements.InvokeMethod.evaluate(InvokeMethod.java:17)
	at org.junit.internal.runners.statements.RunAfters.evaluate(RunAfters.java:27)
	... 4 more
Caused by: java.io.IOException: Failed to bind to address 0.0.0.0/0.0.0.0:45261
	at org.apache.ratis.thirdparty.io.grpc.netty.NettyServer.start(NettyServer.java:328)
	at org.apache.ratis.thirdparty.io.grpc.internal.ServerImpl.start(ServerImpl.java:183)
	at org.apache.ratis.thirdparty.io.grpc.internal.ServerImpl.start(ServerImpl.java:92)
	at org.apache.ratis.grpc.server.GrpcService.startImpl(GrpcService.java:298)
	... 25 more
Caused by: org.apache.ratis.thirdparty.io.netty.channel.unix.Errors$NativeIoException: bind(..) failed: Address already in use
</failure>
  </testcase>
</testsuite>