<?xml version="1.0" encoding="UTF-8"?>
<testsuite xmlns:xsi="http://www.w3.org/2001/XMLSchema-instance" xsi:noNamespaceSchemaLocation="https://maven.apache.org/surefire/maven-surefire-plugin/xsd/surefire-test-report.xsd" name="org.apache.ratis.grpc.TestRaftStateMachineExceptionWithGrpc" time="3.788" tests="3" errors="1" skipped="0" failures="0">
  <properties>
    <property name="awt.toolkit" value="sun.awt.X11.XToolkit"/>
    <property name="file.encoding.pkg" value="sun.io"/>
    <property name="java.specification.version" value="1.8"/>
    <property name="sun.cpu.isalist" value=""/>
    <property name="sun.jnu.encoding" value="UTF-8"/>
    <property name="java.class.path" value="/home/runner/work/ratis/ratis/ratis-test/target/test-classes:/home/runner/work/ratis/ratis/ratis-test/target/classes:/home/runner/work/ratis/ratis/ratis-common/target/classes:/home/runner/.m2/repository/org/apache/ratis/ratis-thirdparty-misc/1.0.1/ratis-thirdparty-misc-1.0.1.jar:/home/runner/work/ratis/ratis/ratis-proto/target/ratis-proto-3.0.0-SNAPSHOT.jar:/home/runner/work/ratis/ratis/ratis-common/target/test-classes:/home/runner/work/ratis/ratis/ratis-client/target/classes:/home/runner/work/ratis/ratis/ratis-server/target/classes:/home/runner/work/ratis/ratis/ratis-server-api/target/classes:/home/runner/work/ratis/ratis/ratis-metrics/target/classes:/home/runner/work/ratis/ratis/ratis-server/target/test-classes:/home/runner/work/ratis/ratis/ratis-netty/target/classes:/home/runner/work/ratis/ratis/ratis-netty/target/test-classes:/home/runner/work/ratis/ratis/ratis-grpc/target/classes:/home/runner/work/ratis/ratis/ratis-grpc/target/test-classes:/home/runner/.m2/repository/org/slf4j/slf4j-api/1.7.29/slf4j-api-1.7.29.jar:/home/runner/.m2/repository/org/slf4j/slf4j-log4j12/1.7.29/slf4j-log4j12-1.7.29.jar:/home/runner/.m2/repository/log4j/log4j/1.2.17/log4j-1.2.17.jar:/home/runner/.m2/repository/junit/junit/4.13.2/junit-4.13.2.jar:/home/runner/.m2/repository/org/hamcrest/hamcrest-core/1.3/hamcrest-core-1.3.jar:/home/runner/.m2/repository/org/mockito/mockito-core/4.3.1/mockito-core-4.3.1.jar:/home/runner/.m2/repository/net/bytebuddy/byte-buddy/1.12.7/byte-buddy-1.12.7.jar:/home/runner/.m2/repository/net/bytebuddy/byte-buddy-agent/1.12.7/byte-buddy-agent-1.12.7.jar:/home/runner/.m2/repository/org/objenesis/objenesis/3.2/objenesis-3.2.jar:/home/runner/work/ratis/ratis/ratis-shell/target/classes:/home/runner/.m2/repository/commons-cli/commons-cli/1.5.0/commons-cli-1.5.0.jar:/home/runner/.m2/repository/org/reflections/reflections/0.10.2/reflections-0.10.2.jar:/home/runner/.m2/repository/org/javassist/javassist/3.28.0-GA/javassist-3.28.0-GA.jar:/home/runner/.m2/repository/com/google/code/findbugs/jsr305/3.0.2/jsr305-3.0.2.jar:"/>
    <property name="java.vm.vendor" value="Temurin"/>
    <property name="sun.arch.data.model" value="64"/>
    <property name="java.vendor.url" value="https://adoptium.net/"/>
    <property name="user.timezone" value=""/>
    <property name="java.vm.specification.version" value="1.8"/>
    <property name="os.name" value="Linux"/>
    <property name="sun.java.launcher" value="SUN_STANDARD"/>
    <property name="sun.boot.library.path" value="/usr/lib/jvm/temurin-8-jdk-amd64/jre/lib/amd64"/>
    <property name="sun.java.command" value="/home/runner/work/ratis/ratis/ratis-test/target/surefire/surefirebooter4295762519000586360.jar /home/runner/work/ratis/ratis/ratis-test/target/surefire 2022-07-23T22-32-05_745-jvmRun1 surefire5957434286929985990tmp surefire_171277743001734333tmp"/>
    <property name="surefire.test.class.path" value="/home/runner/work/ratis/ratis/ratis-test/target/test-classes:/home/runner/work/ratis/ratis/ratis-test/target/classes:/home/runner/work/ratis/ratis/ratis-common/target/classes:/home/runner/.m2/repository/org/apache/ratis/ratis-thirdparty-misc/1.0.1/ratis-thirdparty-misc-1.0.1.jar:/home/runner/work/ratis/ratis/ratis-proto/target/ratis-proto-3.0.0-SNAPSHOT.jar:/home/runner/work/ratis/ratis/ratis-common/target/test-classes:/home/runner/work/ratis/ratis/ratis-client/target/classes:/home/runner/work/ratis/ratis/ratis-server/target/classes:/home/runner/work/ratis/ratis/ratis-server-api/target/classes:/home/runner/work/ratis/ratis/ratis-metrics/target/classes:/home/runner/work/ratis/ratis/ratis-server/target/test-classes:/home/runner/work/ratis/ratis/ratis-netty/target/classes:/home/runner/work/ratis/ratis/ratis-netty/target/test-classes:/home/runner/work/ratis/ratis/ratis-grpc/target/classes:/home/runner/work/ratis/ratis/ratis-grpc/target/test-classes:/home/runner/.m2/repository/org/slf4j/slf4j-api/1.7.29/slf4j-api-1.7.29.jar:/home/runner/.m2/repository/org/slf4j/slf4j-log4j12/1.7.29/slf4j-log4j12-1.7.29.jar:/home/runner/.m2/repository/log4j/log4j/1.2.17/log4j-1.2.17.jar:/home/runner/.m2/repository/junit/junit/4.13.2/junit-4.13.2.jar:/home/runner/.m2/repository/org/hamcrest/hamcrest-core/1.3/hamcrest-core-1.3.jar:/home/runner/.m2/repository/org/mockito/mockito-core/4.3.1/mockito-core-4.3.1.jar:/home/runner/.m2/repository/net/bytebuddy/byte-buddy/1.12.7/byte-buddy-1.12.7.jar:/home/runner/.m2/repository/net/bytebuddy/byte-buddy-agent/1.12.7/byte-buddy-agent-1.12.7.jar:/home/runner/.m2/repository/org/objenesis/objenesis/3.2/objenesis-3.2.jar:/home/runner/work/ratis/ratis/ratis-shell/target/classes:/home/runner/.m2/repository/commons-cli/commons-cli/1.5.0/commons-cli-1.5.0.jar:/home/runner/.m2/repository/org/reflections/reflections/0.10.2/reflections-0.10.2.jar:/home/runner/.m2/repository/org/javassist/javassist/3.28.0-GA/javassist-3.28.0-GA.jar:/home/runner/.m2/repository/com/google/code/findbugs/jsr305/3.0.2/jsr305-3.0.2.jar:"/>
    <property name="sun.cpu.endian" value="little"/>
    <property name="user.home" value="/home/runner"/>
    <property name="user.language" value="en"/>
    <property name="java.specification.vendor" value="Oracle Corporation"/>
    <property name="java.home" value="/usr/lib/jvm/temurin-8-jdk-amd64/jre"/>
    <property name="basedir" value="/home/runner/work/ratis/ratis/ratis-test"/>
    <property name="file.separator" value="/"/>
    <property name="line.separator" value="&#10;"/>
    <property name="java.vm.specification.vendor" value="Oracle Corporation"/>
    <property name="java.specification.name" value="Java Platform API Specification"/>
    <property name="java.awt.graphicsenv" value="sun.awt.X11GraphicsEnvironment"/>
    <property name="surefire.real.class.path" value="/home/runner/work/ratis/ratis/ratis-test/target/surefire/surefirebooter4295762519000586360.jar"/>
    <property name="sun.boot.class.path" value="/usr/lib/jvm/temurin-8-jdk-amd64/jre/lib/resources.jar:/usr/lib/jvm/temurin-8-jdk-amd64/jre/lib/rt.jar:/usr/lib/jvm/temurin-8-jdk-amd64/jre/lib/sunrsasign.jar:/usr/lib/jvm/temurin-8-jdk-amd64/jre/lib/jsse.jar:/usr/lib/jvm/temurin-8-jdk-amd64/jre/lib/jce.jar:/usr/lib/jvm/temurin-8-jdk-amd64/jre/lib/charsets.jar:/usr/lib/jvm/temurin-8-jdk-amd64/jre/lib/jfr.jar:/usr/lib/jvm/temurin-8-jdk-amd64/jre/classes"/>
    <property name="sun.management.compiler" value="HotSpot 64-Bit Tiered Compilers"/>
    <property name="java.runtime.version" value="1.8.0_332-b09"/>
    <property name="java.net.preferIPv4Stack" value="true"/>
    <property name="user.name" value="runner"/>
    <property name="path.separator" value=":"/>
    <property name="os.version" value="5.4.0-1086-azure"/>
    <property name="java.endorsed.dirs" value="/usr/lib/jvm/temurin-8-jdk-amd64/jre/lib/endorsed"/>
    <property name="java.runtime.name" value="OpenJDK Runtime Environment"/>
    <property name="file.encoding" value="UTF-8"/>
    <property name="java.vm.name" value="OpenJDK 64-Bit Server VM"/>
    <property name="localRepository" value="/home/runner/.m2/repository"/>
    <property name="java.vendor.url.bug" value="https://github.com/adoptium/adoptium-support/issues"/>
    <property name="java.io.tmpdir" value="/tmp"/>
    <property name="java.version" value="1.8.0_332"/>
    <property name="user.dir" value="/home/runner/work/ratis/ratis/ratis-test"/>
    <property name="os.arch" value="amd64"/>
    <property name="ratis.tmp.dir" value="/home/runner/work/ratis/ratis/ratis-test/target/tmp"/>
    <property name="java.vm.specification.name" value="Java Virtual Machine Specification"/>
    <property name="java.awt.printerjob" value="sun.print.PSPrinterJob"/>
    <property name="ratis.log.dir" value="/home/runner/work/ratis/ratis/ratis-test/target/log"/>
    <property name="sun.os.patch.level" value="unknown"/>
    <property name="java.library.path" value="/usr/java/packages/lib/amd64:/usr/lib64:/lib64:/lib:/usr/lib"/>
    <property name="java.vm.info" value="mixed mode"/>
    <property name="java.vendor" value="Temurin"/>
    <property name="java.vm.version" value="25.332-b09"/>
    <property name="java.ext.dirs" value="/usr/lib/jvm/temurin-8-jdk-amd64/jre/lib/ext:/usr/java/packages/lib/ext"/>
    <property name="sun.io.unicode.encoding" value="UnicodeLittle"/>
    <property name="java.class.version" value="52.0"/>
  </properties>
  <testcase name="testRetryOnStateMachineException" classname="org.apache.ratis.grpc.TestRaftStateMachineExceptionWithGrpc" time="2.528"/>
  <testcase name="testHandleStateMachineException" classname="org.apache.ratis.grpc.TestRaftStateMachineExceptionWithGrpc" time="0.604"/>
  <testcase name="testRetryOnExceptionDuringReplication" classname="org.apache.ratis.grpc.TestRaftStateMachineExceptionWithGrpc" time="0.589">
    <error type="java.lang.NullPointerException">java.lang.NullPointerException
	at java.util.Objects.requireNonNull(Objects.java:203)
	at org.apache.ratis.server.impl.RaftStateMachineExceptionTests.runTestRetryOnExceptionDuringReplication(RaftStateMachineExceptionTests.java:172)
	at org.apache.ratis.server.impl.MiniRaftCluster$Factory$Get.runWithNewCluster(MiniRaftCluster.java:138)
	at org.apache.ratis.server.impl.MiniRaftCluster$Factory$Get.runWithNewCluster(MiniRaftCluster.java:118)
	at org.apache.ratis.server.impl.RaftStateMachineExceptionTests.testRetryOnExceptionDuringReplication(RaftStateMachineExceptionTests.java:147)
	at sun.reflect.NativeMethodAccessorImpl.invoke0(Native Method)
	at sun.reflect.NativeMethodAccessorImpl.invoke(NativeMethodAccessorImpl.java:62)
	at sun.reflect.DelegatingMethodAccessorImpl.invoke(DelegatingMethodAccessorImpl.java:43)
	at java.lang.reflect.Method.invoke(Method.java:498)
	at org.junit.runners.model.FrameworkMethod$1.runReflectiveCall(FrameworkMethod.java:59)
	at org.junit.internal.runners.model.ReflectiveCallable.run(ReflectiveCallable.java:12)
	at org.junit.runners.model.FrameworkMethod.invokeExplosively(FrameworkMethod.java:56)
	at org.junit.internal.runners.statements.InvokeMethod.evaluate(InvokeMethod.java:17)
	at org.junit.internal.runners.statements.RunAfters.evaluate(RunAfters.java:27)
	at org.junit.internal.runners.statements.FailOnTimeout$CallableStatement.call(FailOnTimeout.java:299)
	at org.junit.internal.runners.statements.FailOnTimeout$CallableStatement.call(FailOnTimeout.java:293)
	at java.util.concurrent.FutureTask.run(FutureTask.java:266)
	at java.lang.Thread.run(Thread.java:750)
</error>
    <system-out><![CDATA[2022-07-23 22:32:42,443 [main] INFO  util.LogUtils (Log4jUtils.java:setLogLevel(32)) - Set org.apache.ratis.conf.ConfUtils log level to WARN
2022-07-23 22:32:42,443 [main] INFO  util.LogUtils (Log4jUtils.java:setLogLevel(32)) - Set org.apache.ratis.util.FileUtils log level to TRACE
2022-07-23 22:32:42,443 [main] INFO  util.LogUtils (Log4jUtils.java:setLogLevel(32)) - Set org.apache.ratis.server.RaftServer$Division log level to DEBUG
2022-07-23 22:32:42,443 [main] INFO  util.LogUtils (Log4jUtils.java:setLogLevel(32)) - Set org.apache.ratis.server.raftlog.RaftLog log level to DEBUG
2022-07-23 22:32:42,443 [main] INFO  util.LogUtils (Log4jUtils.java:setLogLevel(32)) - Set org.apache.ratis.client.RaftClient log level to DEBUG
2022-07-23 22:32:42,447 [Time-limited test] INFO  impl.MiniRaftCluster (MiniRaftCluster.java:runWithNewCluster(132)) - Running runWithNewCluster
2022-07-23 22:32:42,449 [Time-limited test] INFO  impl.MiniRaftCluster (MiniRaftCluster.java:<init>(303)) - new MiniRaftClusterWithGrpc with group-9BB80F706352:[s0|rpc:localhost:38377|admin:localhost:39223|client:localhost:40951|dataStream:localhost:46057|priority:0|startupRole:FOLLOWER, s1|rpc:localhost:43949|admin:localhost:40443|client:localhost:37445|dataStream:localhost:35379|priority:0|startupRole:FOLLOWER, s2|rpc:localhost:41305|admin:localhost:42511|client:localhost:39543|dataStream:localhost:34801|priority:0|startupRole:FOLLOWER]
2022-07-23 22:32:42,449 [Time-limited test] INFO  impl.MiniRaftCluster (MiniRaftCluster.java:start(336)) - .............................................................. 
2022-07-23 22:32:42,449 [Time-limited test] INFO  impl.MiniRaftCluster (MiniRaftCluster.java:start(337)) - ... 
2022-07-23 22:32:42,449 [Time-limited test] INFO  impl.MiniRaftCluster (MiniRaftCluster.java:start(338)) - ...     Starting MiniRaftClusterWithGrpc
2022-07-23 22:32:42,449 [Time-limited test] INFO  impl.MiniRaftCluster (MiniRaftCluster.java:start(339)) - ... 
2022-07-23 22:32:42,449 [Time-limited test] INFO  impl.MiniRaftCluster (MiniRaftCluster.java:start(340)) - .............................................................. 
2022-07-23 22:32:42,449 [Time-limited test] INFO  impl.MiniRaftCluster (MiniRaftCluster.java:initServers(315)) - servers = {}
2022-07-23 22:32:42,449 [Time-limited test] INFO  impl.MiniRaftCluster (MiniRaftCluster.java:newRaftServer(379)) - newRaftServer: s0, group-9BB80F706352:[s0|rpc:localhost:38377|admin:localhost:39223|client:localhost:40951|dataStream:localhost:46057|priority:0|startupRole:FOLLOWER, s1|rpc:localhost:43949|admin:localhost:40443|client:localhost:37445|dataStream:localhost:35379|priority:0|startupRole:FOLLOWER, s2|rpc:localhost:41305|admin:localhost:42511|client:localhost:39543|dataStream:localhost:34801|priority:0|startupRole:FOLLOWER], format? true
2022-07-23 22:32:42,449 [Time-limited test] TRACE util.FileUtils (FileUtils.java:deleteFully(162)) - deleteFully target/test/data/981bff7b/MiniRaftClusterWithGrpcc5090773/s0
2022-07-23 22:32:42,450 [Time-limited test] TRACE util.FileUtils (FileUtils.java:deleteFully(178)) - deleteFully: target/test/data/981bff7b/MiniRaftClusterWithGrpcc5090773/s0 does not exist.
2022-07-23 22:32:42,450 [Time-limited test] INFO  impl.MiniRaftCluster (MiniRaftCluster.java:newRaftServer(384)) - Formatted directory target/test/data/981bff7b/MiniRaftClusterWithGrpcc5090773/s0
2022-07-23 22:32:42,450 [Time-limited test] INFO  server.RaftServer (ConfUtils.java:logGet(46)) - raft.rpc.type = GRPC (default)
2022-07-23 22:32:42,450 [Time-limited test] INFO  grpc.GrpcConfigKeys (ConfUtils.java:logGet(46)) - raft.grpc.admin.port = 39223 (custom)
2022-07-23 22:32:42,450 [Time-limited test] INFO  grpc.GrpcConfigKeys (ConfUtils.java:logGet(46)) - raft.grpc.client.port = 40951 (custom)
2022-07-23 22:32:42,450 [Time-limited test] INFO  grpc.GrpcConfigKeys (ConfUtils.java:logGet(46)) - raft.grpc.server.port = 38377 (custom)
2022-07-23 22:32:42,450 [Time-limited test] INFO  server.GrpcService (ConfUtils.java:logGet(46)) - raft.grpc.message.size.max = 64MB (=67108864) (default)
2022-07-23 22:32:42,451 [Time-limited test] INFO  server.RaftServerConfigKeys (ConfUtils.java:logGet(46)) - raft.server.log.appender.buffer.byte-limit = 4MB (=4194304) (default)
2022-07-23 22:32:42,451 [Time-limited test] INFO  server.GrpcService (ConfUtils.java:logGet(46)) - raft.grpc.flow.control.window = 1MB (=1048576) (default)
2022-07-23 22:32:42,451 [Time-limited test] INFO  server.RaftServerConfigKeys (ConfUtils.java:logGet(46)) - raft.server.rpc.request.timeout = 3000ms (default)
2022-07-23 22:32:42,451 [Time-limited test] INFO  grpc.GrpcConfigKeys (ConfUtils.java:logGet(46)) - raft.grpc.server.heartbeat.channel = true (default)
2022-07-23 22:32:42,451 [Time-limited test] INFO  grpc.GrpcConfigKeys (ConfUtils.java:logGet(46)) - raft.grpc.server.async.request.thread.pool.cached = true (default)
2022-07-23 22:32:42,451 [Time-limited test] INFO  grpc.GrpcConfigKeys (ConfUtils.java:logGet(46)) - raft.grpc.server.async.request.thread.pool.size = 32 (default)
2022-07-23 22:32:42,452 [Time-limited test] INFO  impl.DataStreamServerImpl (ConfUtils.java:logGet(46)) - raft.datastream.type = DISABLED (default)
2022-07-23 22:32:42,452 [Time-limited test] INFO  server.RaftServerConfigKeys (ConfUtils.java:logGet(46)) - raft.server.threadpool.proxy.cached = true (default)
2022-07-23 22:32:42,452 [Time-limited test] INFO  server.RaftServerConfigKeys (ConfUtils.java:logGet(46)) - raft.server.threadpool.proxy.size = 0 (default)
2022-07-23 22:32:42,452 [Time-limited test] INFO  server.RaftServerConfigKeys (ConfUtils.java:logGet(46)) - raft.server.rpc.slowness.timeout = 60s (default)
2022-07-23 22:32:42,453 [Time-limited test] INFO  server.RaftServerConfigKeys (ConfUtils.java:logGet(46)) - raft.server.leaderelection.leader.step-down.wait-time = 10s (default)
2022-07-23 22:32:42,453 [Time-limited test] INFO  server.RaftServerConfigKeys (ConfUtils.java:logGet(46)) - raft.server.storage.dir = [/home/runner/work/ratis/ratis/ratis-test/target/test/data/981bff7b/MiniRaftClusterWithGrpcc5090773/s0] (custom)
2022-07-23 22:32:42,453 [Time-limited test] INFO  server.RaftServer (RaftServerProxy.java:addNew(96)) - s0: addNew group-9BB80F706352:[s0|rpc:localhost:38377|admin:localhost:39223|client:localhost:40951|dataStream:localhost:46057|priority:0|startupRole:FOLLOWER, s1|rpc:localhost:43949|admin:localhost:40443|client:localhost:37445|dataStream:localhost:35379|priority:0|startupRole:FOLLOWER, s2|rpc:localhost:41305|admin:localhost:42511|client:localhost:39543|dataStream:localhost:34801|priority:0|startupRole:FOLLOWER] returns group-9BB80F706352:java.util.concurrent.CompletableFuture@536d002b[Not completed]
2022-07-23 22:32:42,453 [Time-limited test] INFO  impl.MiniRaftCluster (MiniRaftCluster.java:newRaftServer(379)) - newRaftServer: s1, group-9BB80F706352:[s0|rpc:localhost:38377|admin:localhost:39223|client:localhost:40951|dataStream:localhost:46057|priority:0|startupRole:FOLLOWER, s1|rpc:localhost:43949|admin:localhost:40443|client:localhost:37445|dataStream:localhost:35379|priority:0|startupRole:FOLLOWER, s2|rpc:localhost:41305|admin:localhost:42511|client:localhost:39543|dataStream:localhost:34801|priority:0|startupRole:FOLLOWER], format? true
2022-07-23 22:32:42,453 [Time-limited test] TRACE util.FileUtils (FileUtils.java:deleteFully(162)) - deleteFully target/test/data/981bff7b/MiniRaftClusterWithGrpcc5090773/s1
2022-07-23 22:32:42,454 [Time-limited test] TRACE util.FileUtils (FileUtils.java:deleteFully(178)) - deleteFully: target/test/data/981bff7b/MiniRaftClusterWithGrpcc5090773/s1 does not exist.
2022-07-23 22:32:42,454 [Time-limited test] INFO  impl.MiniRaftCluster (MiniRaftCluster.java:newRaftServer(384)) - Formatted directory target/test/data/981bff7b/MiniRaftClusterWithGrpcc5090773/s1
2022-07-23 22:32:42,454 [Time-limited test] INFO  server.RaftServer (ConfUtils.java:logGet(46)) - raft.rpc.type = GRPC (default)
2022-07-23 22:32:42,454 [Time-limited test] INFO  grpc.GrpcConfigKeys (ConfUtils.java:logGet(46)) - raft.grpc.admin.port = 40443 (custom)
2022-07-23 22:32:42,454 [Time-limited test] INFO  grpc.GrpcConfigKeys (ConfUtils.java:logGet(46)) - raft.grpc.client.port = 37445 (custom)
2022-07-23 22:32:42,454 [Time-limited test] INFO  grpc.GrpcConfigKeys (ConfUtils.java:logGet(46)) - raft.grpc.server.port = 43949 (custom)
2022-07-23 22:32:42,454 [Time-limited test] INFO  server.GrpcService (ConfUtils.java:logGet(46)) - raft.grpc.message.size.max = 64MB (=67108864) (default)
2022-07-23 22:32:42,454 [Time-limited test] INFO  server.RaftServerConfigKeys (ConfUtils.java:logGet(46)) - raft.server.log.appender.buffer.byte-limit = 4MB (=4194304) (default)
2022-07-23 22:32:42,454 [Time-limited test] INFO  server.GrpcService (ConfUtils.java:logGet(46)) - raft.grpc.flow.control.window = 1MB (=1048576) (default)
2022-07-23 22:32:42,454 [Time-limited test] INFO  server.RaftServerConfigKeys (ConfUtils.java:logGet(46)) - raft.server.rpc.request.timeout = 3000ms (default)
2022-07-23 22:32:42,454 [Time-limited test] INFO  grpc.GrpcConfigKeys (ConfUtils.java:logGet(46)) - raft.grpc.server.heartbeat.channel = true (default)
2022-07-23 22:32:42,455 [Time-limited test] INFO  grpc.GrpcConfigKeys (ConfUtils.java:logGet(46)) - raft.grpc.server.async.request.thread.pool.cached = true (default)
2022-07-23 22:32:42,455 [Time-limited test] INFO  grpc.GrpcConfigKeys (ConfUtils.java:logGet(46)) - raft.grpc.server.async.request.thread.pool.size = 32 (default)
2022-07-23 22:32:42,456 [Time-limited test] INFO  impl.DataStreamServerImpl (ConfUtils.java:logGet(46)) - raft.datastream.type = DISABLED (default)
2022-07-23 22:32:42,456 [Time-limited test] INFO  server.RaftServerConfigKeys (ConfUtils.java:logGet(46)) - raft.server.threadpool.proxy.cached = true (default)
2022-07-23 22:32:42,456 [Time-limited test] INFO  server.RaftServerConfigKeys (ConfUtils.java:logGet(46)) - raft.server.threadpool.proxy.size = 0 (default)
2022-07-23 22:32:42,456 [Time-limited test] INFO  server.RaftServerConfigKeys (ConfUtils.java:logGet(46)) - raft.server.rpc.slowness.timeout = 60s (default)
2022-07-23 22:32:42,456 [Time-limited test] INFO  server.RaftServerConfigKeys (ConfUtils.java:logGet(46)) - raft.server.leaderelection.leader.step-down.wait-time = 10s (default)
2022-07-23 22:32:42,456 [Time-limited test] INFO  server.RaftServerConfigKeys (ConfUtils.java:logGet(46)) - raft.server.storage.dir = [/home/runner/work/ratis/ratis/ratis-test/target/test/data/981bff7b/MiniRaftClusterWithGrpcc5090773/s1] (custom)
2022-07-23 22:32:42,456 [pool-9-thread-1] INFO  server.RaftServerConfigKeys (ConfUtils.java:logGet(46)) - raft.server.log.segment.size.max = 8MB (=8388608) (default)
2022-07-23 22:32:42,457 [pool-9-thread-1] INFO  server.RaftServerConfigKeys (ConfUtils.java:logGet(46)) - raft.server.log.preallocated.size = 4MB (=4194304) (default)
2022-07-23 22:32:42,457 [pool-9-thread-1] INFO  server.RaftServerConfigKeys (ConfUtils.java:logGet(46)) - raft.server.log.write.buffer.size = 64KB (=65536) (default)
2022-07-23 22:32:42,460 [pool-9-thread-1] INFO  server.RaftServer$Division (RaftServerImpl.java:<init>(192)) - s0: new RaftServerImpl for group-9BB80F706352:[s0|rpc:localhost:38377|admin:localhost:39223|client:localhost:40951|dataStream:localhost:46057|priority:0|startupRole:FOLLOWER, s1|rpc:localhost:43949|admin:localhost:40443|client:localhost:37445|dataStream:localhost:35379|priority:0|startupRole:FOLLOWER, s2|rpc:localhost:41305|admin:localhost:42511|client:localhost:39543|dataStream:localhost:34801|priority:0|startupRole:FOLLOWER] with StateMachineWithException:uninitialized
2022-07-23 22:32:42,460 [pool-9-thread-1] INFO  server.RaftServerConfigKeys (ConfUtils.java:logGet(46)) - raft.server.rpc.timeout.min = 150ms (default)
2022-07-23 22:32:42,460 [pool-9-thread-1] INFO  server.RaftServerConfigKeys (ConfUtils.java:logGet(46)) - raft.server.rpc.timeout.max = 300ms (default)
2022-07-23 22:32:42,460 [pool-9-thread-1] INFO  server.RaftServerConfigKeys (ConfUtils.java:logGet(46)) - raft.server.rpc.sleep.time = 25ms (default)
2022-07-23 22:32:42,460 [pool-9-thread-1] INFO  server.RaftServerConfigKeys (ConfUtils.java:logGet(46)) - raft.server.rpc.slowness.timeout = 60s (default)
2022-07-23 22:32:42,461 [pool-9-thread-1] INFO  server.RaftServerConfigKeys (ConfUtils.java:logGet(46)) - raft.server.leaderelection.leader.step-down.wait-time = 10s (default)
2022-07-23 22:32:42,461 [pool-9-thread-1] INFO  server.RaftServerConfigKeys (ConfUtils.java:logGet(46)) - raft.server.sleep.deviation.threshold = 300ms (default)
2022-07-23 22:32:42,461 [pool-9-thread-1] INFO  server.RaftServer$Division (ServerState.java:<init>(118)) - s0@group-9BB80F706352: ConfigurationManager, init=-1: peers:[s0|rpc:localhost:38377|admin:localhost:39223|client:localhost:40951|dataStream:localhost:46057|priority:0|startupRole:FOLLOWER, s1|rpc:localhost:43949|admin:localhost:40443|client:localhost:37445|dataStream:localhost:35379|priority:0|startupRole:FOLLOWER, s2|rpc:localhost:41305|admin:localhost:42511|client:localhost:39543|dataStream:localhost:34801|priority:0|startupRole:FOLLOWER]|listeners:[], old=null, confs=<EMPTY_MAP>
2022-07-23 22:32:42,461 [pool-9-thread-1] INFO  server.RaftServerConfigKeys (ConfUtils.java:logGet(46)) - raft.server.storage.dir = [/home/runner/work/ratis/ratis/ratis-test/target/test/data/981bff7b/MiniRaftClusterWithGrpcc5090773/s0] (custom)
2022-07-23 22:32:42,461 [pool-9-thread-1] INFO  server.RaftServerConfigKeys (ConfUtils.java:logGet(46)) - raft.server.log.corruption.policy = EXCEPTION (default)
2022-07-23 22:32:42,461 [pool-9-thread-1] INFO  server.RaftServerConfigKeys (ConfUtils.java:logGet(46)) - raft.server.storage.free-space.min = 0MB (=0) (default)
2022-07-23 22:32:42,461 [pool-9-thread-1] INFO  server.RaftServerConfigKeys (ConfUtils.java:logGet(46)) - raft.server.notification.no-leader.timeout = 60s (default)
2022-07-23 22:32:42,461 [pool-9-thread-1] INFO  server.RaftServerConfigKeys (ConfUtils.java:logGet(46)) - raft.server.retrycache.expirytime = 60s (default)
2022-07-23 22:32:42,461 [pool-9-thread-1] INFO  server.RaftServerConfigKeys (ConfUtils.java:logGet(46)) - raft.server.retrycache.statistics.expirytime = 100μs (default)
2022-07-23 22:32:42,463 [pool-9-thread-1] INFO  server.RaftServerConfigKeys (ConfUtils.java:logGet(46)) - raft.server.log.appender.install.snapshot.enabled = true (default)
2022-07-23 22:32:42,463 [pool-9-thread-1] INFO  server.RaftServerConfigKeys (ConfUtils.java:logGet(46)) - raft.server.threadpool.server.cached = true (default)
2022-07-23 22:32:42,463 [pool-9-thread-1] INFO  server.RaftServerConfigKeys (ConfUtils.java:logGet(46)) - raft.server.threadpool.server.size = 0 (default)
2022-07-23 22:32:42,463 [pool-9-thread-1] INFO  server.RaftServerConfigKeys (ConfUtils.java:logGet(46)) - raft.server.threadpool.client.cached = true (default)
2022-07-23 22:32:42,463 [pool-9-thread-1] INFO  server.RaftServerConfigKeys (ConfUtils.java:logGet(46)) - raft.server.threadpool.client.size = 0 (default)
2022-07-23 22:32:42,468 [Time-limited test] INFO  server.RaftServer (RaftServerProxy.java:addNew(96)) - s1: addNew group-9BB80F706352:[s0|rpc:localhost:38377|admin:localhost:39223|client:localhost:40951|dataStream:localhost:46057|priority:0|startupRole:FOLLOWER, s1|rpc:localhost:43949|admin:localhost:40443|client:localhost:37445|dataStream:localhost:35379|priority:0|startupRole:FOLLOWER, s2|rpc:localhost:41305|admin:localhost:42511|client:localhost:39543|dataStream:localhost:34801|priority:0|startupRole:FOLLOWER] returns group-9BB80F706352:java.util.concurrent.CompletableFuture@815da15[Not completed]
2022-07-23 22:32:42,468 [Time-limited test] INFO  impl.MiniRaftCluster (MiniRaftCluster.java:newRaftServer(379)) - newRaftServer: s2, group-9BB80F706352:[s0|rpc:localhost:38377|admin:localhost:39223|client:localhost:40951|dataStream:localhost:46057|priority:0|startupRole:FOLLOWER, s1|rpc:localhost:43949|admin:localhost:40443|client:localhost:37445|dataStream:localhost:35379|priority:0|startupRole:FOLLOWER, s2|rpc:localhost:41305|admin:localhost:42511|client:localhost:39543|dataStream:localhost:34801|priority:0|startupRole:FOLLOWER], format? true
2022-07-23 22:32:42,468 [Time-limited test] TRACE util.FileUtils (FileUtils.java:deleteFully(162)) - deleteFully target/test/data/981bff7b/MiniRaftClusterWithGrpcc5090773/s2
2022-07-23 22:32:42,468 [pool-10-thread-1] INFO  server.RaftServerConfigKeys (ConfUtils.java:logGet(46)) - raft.server.log.segment.size.max = 8MB (=8388608) (default)
2022-07-23 22:32:42,468 [pool-10-thread-1] INFO  server.RaftServerConfigKeys (ConfUtils.java:logGet(46)) - raft.server.log.preallocated.size = 4MB (=4194304) (default)
2022-07-23 22:32:42,468 [pool-10-thread-1] INFO  server.RaftServerConfigKeys (ConfUtils.java:logGet(46)) - raft.server.log.write.buffer.size = 64KB (=65536) (default)
2022-07-23 22:32:42,468 [pool-10-thread-1] INFO  server.RaftServer$Division (RaftServerImpl.java:<init>(192)) - s1: new RaftServerImpl for group-9BB80F706352:[s0|rpc:localhost:38377|admin:localhost:39223|client:localhost:40951|dataStream:localhost:46057|priority:0|startupRole:FOLLOWER, s1|rpc:localhost:43949|admin:localhost:40443|client:localhost:37445|dataStream:localhost:35379|priority:0|startupRole:FOLLOWER, s2|rpc:localhost:41305|admin:localhost:42511|client:localhost:39543|dataStream:localhost:34801|priority:0|startupRole:FOLLOWER] with StateMachineWithException:uninitialized
2022-07-23 22:32:42,468 [pool-10-thread-1] INFO  server.RaftServerConfigKeys (ConfUtils.java:logGet(46)) - raft.server.rpc.timeout.min = 150ms (default)
2022-07-23 22:32:42,469 [pool-10-thread-1] INFO  server.RaftServerConfigKeys (ConfUtils.java:logGet(46)) - raft.server.rpc.timeout.max = 300ms (default)
2022-07-23 22:32:42,469 [pool-10-thread-1] INFO  server.RaftServerConfigKeys (ConfUtils.java:logGet(46)) - raft.server.rpc.sleep.time = 25ms (default)
2022-07-23 22:32:42,469 [pool-10-thread-1] INFO  server.RaftServerConfigKeys (ConfUtils.java:logGet(46)) - raft.server.rpc.slowness.timeout = 60s (default)
2022-07-23 22:32:42,469 [pool-10-thread-1] INFO  server.RaftServerConfigKeys (ConfUtils.java:logGet(46)) - raft.server.leaderelection.leader.step-down.wait-time = 10s (default)
2022-07-23 22:32:42,469 [pool-10-thread-1] INFO  server.RaftServerConfigKeys (ConfUtils.java:logGet(46)) - raft.server.sleep.deviation.threshold = 300ms (default)
2022-07-23 22:32:42,469 [pool-10-thread-1] INFO  server.RaftServer$Division (ServerState.java:<init>(118)) - s1@group-9BB80F706352: ConfigurationManager, init=-1: peers:[s0|rpc:localhost:38377|admin:localhost:39223|client:localhost:40951|dataStream:localhost:46057|priority:0|startupRole:FOLLOWER, s1|rpc:localhost:43949|admin:localhost:40443|client:localhost:37445|dataStream:localhost:35379|priority:0|startupRole:FOLLOWER, s2|rpc:localhost:41305|admin:localhost:42511|client:localhost:39543|dataStream:localhost:34801|priority:0|startupRole:FOLLOWER]|listeners:[], old=null, confs=<EMPTY_MAP>
2022-07-23 22:32:42,469 [pool-10-thread-1] INFO  server.RaftServerConfigKeys (ConfUtils.java:logGet(46)) - raft.server.storage.dir = [/home/runner/work/ratis/ratis/ratis-test/target/test/data/981bff7b/MiniRaftClusterWithGrpcc5090773/s1] (custom)
2022-07-23 22:32:42,469 [pool-10-thread-1] INFO  server.RaftServerConfigKeys (ConfUtils.java:logGet(46)) - raft.server.log.corruption.policy = EXCEPTION (default)
2022-07-23 22:32:42,469 [pool-10-thread-1] INFO  server.RaftServerConfigKeys (ConfUtils.java:logGet(46)) - raft.server.storage.free-space.min = 0MB (=0) (default)
2022-07-23 22:32:42,469 [pool-10-thread-1] INFO  server.RaftServerConfigKeys (ConfUtils.java:logGet(46)) - raft.server.notification.no-leader.timeout = 60s (default)
2022-07-23 22:32:42,470 [pool-10-thread-1] INFO  server.RaftServerConfigKeys (ConfUtils.java:logGet(46)) - raft.server.retrycache.expirytime = 60s (default)
2022-07-23 22:32:42,470 [pool-10-thread-1] INFO  server.RaftServerConfigKeys (ConfUtils.java:logGet(46)) - raft.server.retrycache.statistics.expirytime = 100μs (default)
2022-07-23 22:32:42,470 [pool-10-thread-1] INFO  server.RaftServerConfigKeys (ConfUtils.java:logGet(46)) - raft.server.log.appender.install.snapshot.enabled = true (default)
2022-07-23 22:32:42,470 [pool-10-thread-1] INFO  server.RaftServerConfigKeys (ConfUtils.java:logGet(46)) - raft.server.threadpool.server.cached = true (default)
2022-07-23 22:32:42,468 [Time-limited test] TRACE util.FileUtils (FileUtils.java:deleteFully(178)) - deleteFully: target/test/data/981bff7b/MiniRaftClusterWithGrpcc5090773/s2 does not exist.
2022-07-23 22:32:42,470 [Time-limited test] INFO  impl.MiniRaftCluster (MiniRaftCluster.java:newRaftServer(384)) - Formatted directory target/test/data/981bff7b/MiniRaftClusterWithGrpcc5090773/s2
2022-07-23 22:32:42,470 [pool-10-thread-1] INFO  server.RaftServerConfigKeys (ConfUtils.java:logGet(46)) - raft.server.threadpool.server.size = 0 (default)
2022-07-23 22:32:42,471 [pool-10-thread-1] INFO  server.RaftServerConfigKeys (ConfUtils.java:logGet(46)) - raft.server.threadpool.client.cached = true (default)
2022-07-23 22:32:42,471 [Time-limited test] INFO  server.RaftServer (ConfUtils.java:logGet(46)) - raft.rpc.type = GRPC (default)
2022-07-23 22:32:42,471 [pool-10-thread-1] INFO  server.RaftServerConfigKeys (ConfUtils.java:logGet(46)) - raft.server.threadpool.client.size = 0 (default)
2022-07-23 22:32:42,471 [Time-limited test] INFO  grpc.GrpcConfigKeys (ConfUtils.java:logGet(46)) - raft.grpc.admin.port = 42511 (custom)
2022-07-23 22:32:42,471 [Time-limited test] INFO  grpc.GrpcConfigKeys (ConfUtils.java:logGet(46)) - raft.grpc.client.port = 39543 (custom)
2022-07-23 22:32:42,471 [Time-limited test] INFO  grpc.GrpcConfigKeys (ConfUtils.java:logGet(46)) - raft.grpc.server.port = 41305 (custom)
2022-07-23 22:32:42,471 [Time-limited test] INFO  server.GrpcService (ConfUtils.java:logGet(46)) - raft.grpc.message.size.max = 64MB (=67108864) (default)
2022-07-23 22:32:42,471 [Time-limited test] INFO  server.RaftServerConfigKeys (ConfUtils.java:logGet(46)) - raft.server.log.appender.buffer.byte-limit = 4MB (=4194304) (default)
2022-07-23 22:32:42,471 [Time-limited test] INFO  server.GrpcService (ConfUtils.java:logGet(46)) - raft.grpc.flow.control.window = 1MB (=1048576) (default)
2022-07-23 22:32:42,471 [Time-limited test] INFO  server.RaftServerConfigKeys (ConfUtils.java:logGet(46)) - raft.server.rpc.request.timeout = 3000ms (default)
2022-07-23 22:32:42,471 [Time-limited test] INFO  grpc.GrpcConfigKeys (ConfUtils.java:logGet(46)) - raft.grpc.server.heartbeat.channel = true (default)
2022-07-23 22:32:42,472 [Time-limited test] INFO  grpc.GrpcConfigKeys (ConfUtils.java:logGet(46)) - raft.grpc.server.async.request.thread.pool.cached = true (default)
2022-07-23 22:32:42,472 [Time-limited test] INFO  grpc.GrpcConfigKeys (ConfUtils.java:logGet(46)) - raft.grpc.server.async.request.thread.pool.size = 32 (default)
2022-07-23 22:32:42,473 [Time-limited test] INFO  impl.DataStreamServerImpl (ConfUtils.java:logGet(46)) - raft.datastream.type = DISABLED (default)
2022-07-23 22:32:42,473 [Time-limited test] INFO  server.RaftServerConfigKeys (ConfUtils.java:logGet(46)) - raft.server.threadpool.proxy.cached = true (default)
2022-07-23 22:32:42,473 [Time-limited test] INFO  server.RaftServerConfigKeys (ConfUtils.java:logGet(46)) - raft.server.threadpool.proxy.size = 0 (default)
2022-07-23 22:32:42,473 [Time-limited test] INFO  server.RaftServerConfigKeys (ConfUtils.java:logGet(46)) - raft.server.rpc.slowness.timeout = 60s (default)
2022-07-23 22:32:42,473 [Time-limited test] INFO  server.RaftServerConfigKeys (ConfUtils.java:logGet(46)) - raft.server.leaderelection.leader.step-down.wait-time = 10s (default)
2022-07-23 22:32:42,473 [Time-limited test] INFO  server.RaftServerConfigKeys (ConfUtils.java:logGet(46)) - raft.server.storage.dir = [/home/runner/work/ratis/ratis/ratis-test/target/test/data/981bff7b/MiniRaftClusterWithGrpcc5090773/s2] (custom)
2022-07-23 22:32:42,485 [Time-limited test] INFO  server.RaftServer (RaftServerProxy.java:addNew(96)) - s2: addNew group-9BB80F706352:[s0|rpc:localhost:38377|admin:localhost:39223|client:localhost:40951|dataStream:localhost:46057|priority:0|startupRole:FOLLOWER, s1|rpc:localhost:43949|admin:localhost:40443|client:localhost:37445|dataStream:localhost:35379|priority:0|startupRole:FOLLOWER, s2|rpc:localhost:41305|admin:localhost:42511|client:localhost:39543|dataStream:localhost:34801|priority:0|startupRole:FOLLOWER] returns group-9BB80F706352:java.util.concurrent.CompletableFuture@35f2f597[Not completed]
2022-07-23 22:32:42,485 [s0-impl-thread1] INFO  storage.RaftStorageDirectory (RaftStorageDirectoryImpl.java:analyzeStorage(137)) - The storage directory /home/runner/work/ratis/ratis/ratis-test/target/test/data/981bff7b/MiniRaftClusterWithGrpcc5090773/s0/617e5aa4-0d59-43d6-8edc-9bb80f706352 does not exist. Creating ...
2022-07-23 22:32:42,486 [s0-impl-thread1] TRACE util.FileUtils (LogUtils.java:runAndLog(49)) - Successfully ran Files.createDirectories /home/runner/work/ratis/ratis/ratis-test/target/test/data/981bff7b/MiniRaftClusterWithGrpcc5090773/s0/617e5aa4-0d59-43d6-8edc-9bb80f706352
2022-07-23 22:32:42,486 [pool-11-thread-1] INFO  server.RaftServerConfigKeys (ConfUtils.java:logGet(46)) - raft.server.log.segment.size.max = 8MB (=8388608) (default)
2022-07-23 22:32:42,486 [pool-11-thread-1] INFO  server.RaftServerConfigKeys (ConfUtils.java:logGet(46)) - raft.server.log.preallocated.size = 4MB (=4194304) (default)
2022-07-23 22:32:42,487 [pool-11-thread-1] INFO  server.RaftServerConfigKeys (ConfUtils.java:logGet(46)) - raft.server.log.write.buffer.size = 64KB (=65536) (default)
2022-07-23 22:32:42,487 [pool-11-thread-1] INFO  server.RaftServer$Division (RaftServerImpl.java:<init>(192)) - s2: new RaftServerImpl for group-9BB80F706352:[s0|rpc:localhost:38377|admin:localhost:39223|client:localhost:40951|dataStream:localhost:46057|priority:0|startupRole:FOLLOWER, s1|rpc:localhost:43949|admin:localhost:40443|client:localhost:37445|dataStream:localhost:35379|priority:0|startupRole:FOLLOWER, s2|rpc:localhost:41305|admin:localhost:42511|client:localhost:39543|dataStream:localhost:34801|priority:0|startupRole:FOLLOWER] with StateMachineWithException:uninitialized
2022-07-23 22:32:42,487 [pool-11-thread-1] INFO  server.RaftServerConfigKeys (ConfUtils.java:logGet(46)) - raft.server.rpc.timeout.min = 150ms (default)
2022-07-23 22:32:42,487 [s0-impl-thread1] INFO  storage.RaftStorageDirectory (RaftStorageDirectoryImpl.java:tryLock(231)) - Lock on /home/runner/work/ratis/ratis/ratis-test/target/test/data/981bff7b/MiniRaftClusterWithGrpcc5090773/s0/617e5aa4-0d59-43d6-8edc-9bb80f706352/in_use.lock acquired by nodename 2961@fv-az139-836.uwdekjqvuthuti35v3edr1krne.bx.internal.cloudapp.net
2022-07-23 22:32:42,487 [s0-impl-thread1] TRACE util.FileUtils (LogUtils.java:runAndLog(49)) - Successfully ran Files.createDirectories /home/runner/work/ratis/ratis/ratis-test/target/test/data/981bff7b/MiniRaftClusterWithGrpcc5090773/s0/617e5aa4-0d59-43d6-8edc-9bb80f706352/current
2022-07-23 22:32:42,487 [s0-impl-thread1] TRACE util.FileUtils (LogUtils.java:runAndLog(49)) - Successfully ran Files.createDirectories /home/runner/work/ratis/ratis/ratis-test/target/test/data/981bff7b/MiniRaftClusterWithGrpcc5090773/s0/617e5aa4-0d59-43d6-8edc-9bb80f706352/sm
2022-07-23 22:32:42,488 [pool-11-thread-1] INFO  server.RaftServerConfigKeys (ConfUtils.java:logGet(46)) - raft.server.rpc.timeout.max = 300ms (default)
2022-07-23 22:32:42,488 [s0-impl-thread1] INFO  storage.RaftStorage (RaftStorageImpl.java:format(96)) - Storage directory /home/runner/work/ratis/ratis/ratis-test/target/test/data/981bff7b/MiniRaftClusterWithGrpcc5090773/s0/617e5aa4-0d59-43d6-8edc-9bb80f706352 has been successfully formatted.
2022-07-23 22:32:42,488 [s0-impl-thread1] INFO  statemachine.SimpleStateMachine4Testing (SimpleStateMachine4Testing.java:initialize(212)) - Initializing StateMachineWithException:uninitialized
2022-07-23 22:32:42,489 [s0-impl-thread1] INFO  statemachine.SimpleStateMachine4Testing (SimpleStateMachine4Testing.java:loadSnapshot(306)) - The snapshot file null does not exist
2022-07-23 22:32:42,489 [s0-impl-thread1] INFO  server.RaftServerConfigKeys (ConfUtils.java:logGet(46)) - raft.server.log.use.memory = false (default)
2022-07-23 22:32:42,489 [s0-impl-thread1] INFO  server.RaftServerConfigKeys (ConfUtils.java:logGet(46)) - raft.server.log.purge.gap = 1024 (default)
2022-07-23 22:32:42,489 [s0-impl-thread1] INFO  server.RaftServerConfigKeys (ConfUtils.java:logGet(46)) - raft.server.log.appender.buffer.byte-limit = 4MB (=4194304) (default)
2022-07-23 22:32:42,489 [s0-impl-thread1] INFO  server.RaftServerConfigKeys (ConfUtils.java:logGet(46)) - raft.server.log.statemachine.data.read.timeout = 1000ms (default)
2022-07-23 22:32:42,489 [s0-impl-thread1] INFO  server.RaftServerConfigKeys (ConfUtils.java:logGet(46)) - raft.server.log.segment.size.max = 8MB (=8388608) (default)
2022-07-23 22:32:42,489 [s0-impl-thread1] INFO  server.RaftServerConfigKeys (ConfUtils.java:logGet(46)) - raft.server.log.segment.cache.num.max = 6 (default)
2022-07-23 22:32:42,489 [s0-impl-thread1] INFO  server.RaftServerConfigKeys (ConfUtils.java:logGet(46)) - raft.server.log.segment.cache.size.max = 200MB (=209715200) (default)
2022-07-23 22:32:42,489 [s0-impl-thread1] INFO  segmented.SegmentedRaftLogWorker (SegmentedRaftLogWorker.java:<init>(187)) - new s0@group-9BB80F706352-SegmentedRaftLogWorker for RaftStorageImpl:Storage Directory /home/runner/work/ratis/ratis/ratis-test/target/test/data/981bff7b/MiniRaftClusterWithGrpcc5090773/s0/617e5aa4-0d59-43d6-8edc-9bb80f706352
2022-07-23 22:32:42,489 [s0-impl-thread1] INFO  server.RaftServerConfigKeys (ConfUtils.java:logGet(46)) - raft.server.log.queue.byte-limit = 64MB (=67108864) (default)
2022-07-23 22:32:42,489 [s0-impl-thread1] INFO  server.RaftServerConfigKeys (ConfUtils.java:logGet(46)) - raft.server.log.queue.element-limit = 4096 (default)
2022-07-23 22:32:42,489 [s0-impl-thread1] INFO  server.RaftServerConfigKeys (ConfUtils.java:logGet(46)) - raft.server.log.segment.size.max = 8MB (=8388608) (default)
2022-07-23 22:32:42,489 [s0-impl-thread1] INFO  server.RaftServerConfigKeys (ConfUtils.java:logGet(46)) - raft.server.log.preallocated.size = 4MB (=4194304) (default)
2022-07-23 22:32:42,489 [s0-impl-thread1] INFO  server.RaftServerConfigKeys (ConfUtils.java:logGet(46)) - raft.server.log.force.sync.num = 128 (default)
2022-07-23 22:32:42,490 [s0-impl-thread1] INFO  server.RaftServerConfigKeys (ConfUtils.java:logGet(46)) - raft.server.log.statemachine.data.sync = true (default)
2022-07-23 22:32:42,490 [s0-impl-thread1] INFO  server.RaftServerConfigKeys (ConfUtils.java:logGet(46)) - raft.server.log.statemachine.data.sync.timeout = 10s (default)
2022-07-23 22:32:42,490 [s0-impl-thread1] INFO  server.RaftServerConfigKeys (ConfUtils.java:logGet(46)) - raft.server.log.statemachine.data.sync.timeout.retry = -1 (default)
2022-07-23 22:32:42,490 [s0-impl-thread1] INFO  server.RaftServerConfigKeys (ConfUtils.java:logGet(46)) - raft.server.log.write.buffer.size = 64KB (=65536) (default)
2022-07-23 22:32:42,490 [s0-impl-thread1] INFO  server.RaftServerConfigKeys (ConfUtils.java:logGet(46)) - raft.server.log.unsafe-flush.enabled = false (default)
2022-07-23 22:32:42,490 [s0-impl-thread1] INFO  server.RaftServerConfigKeys (ConfUtils.java:logGet(46)) - raft.server.log.statemachine.data.caching.enabled = false (default)
2022-07-23 22:32:42,490 [s0-impl-thread1] INFO  segmented.SegmentedRaftLogWorker (SegmentedRaftLogWorker.java:lambda$new$0(135)) - s0@group-9BB80F706352-SegmentedRaftLogWorker: flushIndex: setUnconditionally 0 -> -1
2022-07-23 22:32:42,490 [s0-impl-thread1] INFO  segmented.SegmentedRaftLogWorker (SegmentedRaftLogWorker.java:lambda$new$0(135)) - s0@group-9BB80F706352-SegmentedRaftLogWorker: safeCacheEvictIndex: setUnconditionally 0 -> -1
2022-07-23 22:32:42,491 [pool-11-thread-1] INFO  server.RaftServerConfigKeys (ConfUtils.java:logGet(46)) - raft.server.rpc.sleep.time = 25ms (default)
2022-07-23 22:32:42,491 [pool-11-thread-1] INFO  server.RaftServerConfigKeys (ConfUtils.java:logGet(46)) - raft.server.rpc.slowness.timeout = 60s (default)
2022-07-23 22:32:42,491 [pool-11-thread-1] INFO  server.RaftServerConfigKeys (ConfUtils.java:logGet(46)) - raft.server.leaderelection.leader.step-down.wait-time = 10s (default)
2022-07-23 22:32:42,491 [pool-11-thread-1] INFO  server.RaftServerConfigKeys (ConfUtils.java:logGet(46)) - raft.server.sleep.deviation.threshold = 300ms (default)
2022-07-23 22:32:42,491 [pool-11-thread-1] INFO  server.RaftServer$Division (ServerState.java:<init>(118)) - s2@group-9BB80F706352: ConfigurationManager, init=-1: peers:[s0|rpc:localhost:38377|admin:localhost:39223|client:localhost:40951|dataStream:localhost:46057|priority:0|startupRole:FOLLOWER, s1|rpc:localhost:43949|admin:localhost:40443|client:localhost:37445|dataStream:localhost:35379|priority:0|startupRole:FOLLOWER, s2|rpc:localhost:41305|admin:localhost:42511|client:localhost:39543|dataStream:localhost:34801|priority:0|startupRole:FOLLOWER]|listeners:[], old=null, confs=<EMPTY_MAP>
2022-07-23 22:32:42,491 [pool-11-thread-1] INFO  server.RaftServerConfigKeys (ConfUtils.java:logGet(46)) - raft.server.storage.dir = [/home/runner/work/ratis/ratis/ratis-test/target/test/data/981bff7b/MiniRaftClusterWithGrpcc5090773/s2] (custom)
2022-07-23 22:32:42,491 [pool-11-thread-1] INFO  server.RaftServerConfigKeys (ConfUtils.java:logGet(46)) - raft.server.log.corruption.policy = EXCEPTION (default)
2022-07-23 22:32:42,492 [pool-11-thread-1] INFO  server.RaftServerConfigKeys (ConfUtils.java:logGet(46)) - raft.server.storage.free-space.min = 0MB (=0) (default)
2022-07-23 22:32:42,492 [pool-11-thread-1] INFO  server.RaftServerConfigKeys (ConfUtils.java:logGet(46)) - raft.server.notification.no-leader.timeout = 60s (default)
2022-07-23 22:32:42,492 [pool-11-thread-1] INFO  server.RaftServerConfigKeys (ConfUtils.java:logGet(46)) - raft.server.retrycache.expirytime = 60s (default)
2022-07-23 22:32:42,492 [pool-11-thread-1] INFO  server.RaftServerConfigKeys (ConfUtils.java:logGet(46)) - raft.server.retrycache.statistics.expirytime = 100μs (default)
2022-07-23 22:32:42,497 [pool-11-thread-1] INFO  server.RaftServerConfigKeys (ConfUtils.java:logGet(46)) - raft.server.log.appender.install.snapshot.enabled = true (default)
2022-07-23 22:32:42,497 [pool-11-thread-1] INFO  server.RaftServerConfigKeys (ConfUtils.java:logGet(46)) - raft.server.threadpool.server.cached = true (default)
2022-07-23 22:32:42,497 [pool-11-thread-1] INFO  server.RaftServerConfigKeys (ConfUtils.java:logGet(46)) - raft.server.threadpool.server.size = 0 (default)
2022-07-23 22:32:42,497 [s0-impl-thread1] INFO  server.RaftServer$Division (RaftServerImpl.java:start(314)) - s0@group-9BB80F706352: start as a follower, conf=-1: peers:[s0|rpc:localhost:38377|admin:localhost:39223|client:localhost:40951|dataStream:localhost:46057|priority:0|startupRole:FOLLOWER, s1|rpc:localhost:43949|admin:localhost:40443|client:localhost:37445|dataStream:localhost:35379|priority:0|startupRole:FOLLOWER, s2|rpc:localhost:41305|admin:localhost:42511|client:localhost:39543|dataStream:localhost:34801|priority:0|startupRole:FOLLOWER]|listeners:[], old=null
2022-07-23 22:32:42,497 [s0-impl-thread1] INFO  server.RaftServer$Division (RaftServerImpl.java:setRole(301)) - s0@group-9BB80F706352: changes role from      null to FOLLOWER at term 0 for startAsFollower
2022-07-23 22:32:42,497 [s0-impl-thread1] INFO  impl.RoleInfo (RoleInfo.java:updateAndGet(139)) - s0: start s0@group-9BB80F706352-FollowerState
2022-07-23 22:32:42,497 [pool-11-thread-1] INFO  server.RaftServerConfigKeys (ConfUtils.java:logGet(46)) - raft.server.threadpool.client.cached = true (default)
2022-07-23 22:32:42,497 [pool-11-thread-1] INFO  server.RaftServerConfigKeys (ConfUtils.java:logGet(46)) - raft.server.threadpool.client.size = 0 (default)
2022-07-23 22:32:42,498 [s0-impl-thread1] INFO  util.JmxRegister (JmxRegister.java:tryRegister(44)) - Successfully registered JMX Bean with object name Ratis:service=RaftServer,group=group-9BB80F706352,id=s0
2022-07-23 22:32:42,498 [s0-impl-thread1] INFO  server.RaftServerConfigKeys (ConfUtils.java:logGet(46)) - raft.server.snapshot.auto.trigger.enabled = false (default)
2022-07-23 22:32:42,498 [s0-impl-thread1] INFO  server.RaftServerConfigKeys (ConfUtils.java:logGet(46)) - raft.server.snapshot.retention.file.num = -1 (default)
2022-07-23 22:32:42,498 [s0-impl-thread1] INFO  server.RaftServerConfigKeys (ConfUtils.java:logGet(46)) - raft.server.log.purge.upto.snapshot.index = false (default)
2022-07-23 22:32:42,498 [Time-limited test] INFO  server.RaftServer (RaftServerProxy.java:startImpl(385)) - s0: start RPC server
2022-07-23 22:32:42,499 [Time-limited test] INFO  server.GrpcService (GrpcService.java:startImpl(262)) - s0: GrpcService started, listening on 40951
2022-07-23 22:32:42,499 [Time-limited test] INFO  server.GrpcService (GrpcService.java:startImpl(262)) - s0: GrpcService started, listening on 38377
2022-07-23 22:32:42,500 [Time-limited test] INFO  server.GrpcService (GrpcService.java:startImpl(262)) - s0: GrpcService started, listening on 39223
2022-07-23 22:32:42,501 [s1-impl-thread1] INFO  storage.RaftStorageDirectory (RaftStorageDirectoryImpl.java:analyzeStorage(137)) - The storage directory /home/runner/work/ratis/ratis/ratis-test/target/test/data/981bff7b/MiniRaftClusterWithGrpcc5090773/s1/617e5aa4-0d59-43d6-8edc-9bb80f706352 does not exist. Creating ...
2022-07-23 22:32:42,502 [s1-impl-thread1] TRACE util.FileUtils (LogUtils.java:runAndLog(49)) - Successfully ran Files.createDirectories /home/runner/work/ratis/ratis/ratis-test/target/test/data/981bff7b/MiniRaftClusterWithGrpcc5090773/s1/617e5aa4-0d59-43d6-8edc-9bb80f706352
2022-07-23 22:32:42,503 [s1-impl-thread1] INFO  storage.RaftStorageDirectory (RaftStorageDirectoryImpl.java:tryLock(231)) - Lock on /home/runner/work/ratis/ratis/ratis-test/target/test/data/981bff7b/MiniRaftClusterWithGrpcc5090773/s1/617e5aa4-0d59-43d6-8edc-9bb80f706352/in_use.lock acquired by nodename 2961@fv-az139-836.uwdekjqvuthuti35v3edr1krne.bx.internal.cloudapp.net
2022-07-23 22:32:42,503 [org.apache.ratis.util.JvmPauseMonitor$$Lambda$295/1097469026@1311544e] INFO  util.JvmPauseMonitor (JvmPauseMonitor.java:run(103)) - JvmPauseMonitor-s0: Started
2022-07-23 22:32:42,503 [s1-impl-thread1] TRACE util.FileUtils (LogUtils.java:runAndLog(49)) - Successfully ran Files.createDirectories /home/runner/work/ratis/ratis/ratis-test/target/test/data/981bff7b/MiniRaftClusterWithGrpcc5090773/s1/617e5aa4-0d59-43d6-8edc-9bb80f706352/current
2022-07-23 22:32:42,503 [s1-impl-thread1] TRACE util.FileUtils (LogUtils.java:runAndLog(49)) - Successfully ran Files.createDirectories /home/runner/work/ratis/ratis/ratis-test/target/test/data/981bff7b/MiniRaftClusterWithGrpcc5090773/s1/617e5aa4-0d59-43d6-8edc-9bb80f706352/sm
2022-07-23 22:32:42,504 [s1-impl-thread1] INFO  storage.RaftStorage (RaftStorageImpl.java:format(96)) - Storage directory /home/runner/work/ratis/ratis/ratis-test/target/test/data/981bff7b/MiniRaftClusterWithGrpcc5090773/s1/617e5aa4-0d59-43d6-8edc-9bb80f706352 has been successfully formatted.
2022-07-23 22:32:42,504 [s1-impl-thread1] INFO  statemachine.SimpleStateMachine4Testing (SimpleStateMachine4Testing.java:initialize(212)) - Initializing StateMachineWithException:uninitialized
2022-07-23 22:32:42,504 [s1-impl-thread1] INFO  statemachine.SimpleStateMachine4Testing (SimpleStateMachine4Testing.java:loadSnapshot(306)) - The snapshot file null does not exist
2022-07-23 22:32:42,504 [s1-impl-thread1] INFO  server.RaftServerConfigKeys (ConfUtils.java:logGet(46)) - raft.server.log.use.memory = false (default)
2022-07-23 22:32:42,504 [s1-impl-thread1] INFO  server.RaftServerConfigKeys (ConfUtils.java:logGet(46)) - raft.server.log.purge.gap = 1024 (default)
2022-07-23 22:32:42,504 [s1-impl-thread1] INFO  server.RaftServerConfigKeys (ConfUtils.java:logGet(46)) - raft.server.log.appender.buffer.byte-limit = 4MB (=4194304) (default)
2022-07-23 22:32:42,504 [s1-impl-thread1] INFO  server.RaftServerConfigKeys (ConfUtils.java:logGet(46)) - raft.server.log.statemachine.data.read.timeout = 1000ms (default)
2022-07-23 22:32:42,504 [s1-impl-thread1] INFO  server.RaftServerConfigKeys (ConfUtils.java:logGet(46)) - raft.server.log.segment.size.max = 8MB (=8388608) (default)
2022-07-23 22:32:42,505 [s1-impl-thread1] INFO  server.RaftServerConfigKeys (ConfUtils.java:logGet(46)) - raft.server.log.segment.cache.num.max = 6 (default)
2022-07-23 22:32:42,505 [s1-impl-thread1] INFO  server.RaftServerConfigKeys (ConfUtils.java:logGet(46)) - raft.server.log.segment.cache.size.max = 200MB (=209715200) (default)
2022-07-23 22:32:42,505 [s1-impl-thread1] INFO  segmented.SegmentedRaftLogWorker (SegmentedRaftLogWorker.java:<init>(187)) - new s1@group-9BB80F706352-SegmentedRaftLogWorker for RaftStorageImpl:Storage Directory /home/runner/work/ratis/ratis/ratis-test/target/test/data/981bff7b/MiniRaftClusterWithGrpcc5090773/s1/617e5aa4-0d59-43d6-8edc-9bb80f706352
2022-07-23 22:32:42,505 [s1-impl-thread1] INFO  server.RaftServerConfigKeys (ConfUtils.java:logGet(46)) - raft.server.log.queue.byte-limit = 64MB (=67108864) (default)
2022-07-23 22:32:42,505 [s1-impl-thread1] INFO  server.RaftServerConfigKeys (ConfUtils.java:logGet(46)) - raft.server.log.queue.element-limit = 4096 (default)
2022-07-23 22:32:42,505 [s1-impl-thread1] INFO  server.RaftServerConfigKeys (ConfUtils.java:logGet(46)) - raft.server.log.segment.size.max = 8MB (=8388608) (default)
2022-07-23 22:32:42,505 [s1-impl-thread1] INFO  server.RaftServerConfigKeys (ConfUtils.java:logGet(46)) - raft.server.log.preallocated.size = 4MB (=4194304) (default)
2022-07-23 22:32:42,505 [s1-impl-thread1] INFO  server.RaftServerConfigKeys (ConfUtils.java:logGet(46)) - raft.server.log.force.sync.num = 128 (default)
2022-07-23 22:32:42,505 [s1-impl-thread1] INFO  server.RaftServerConfigKeys (ConfUtils.java:logGet(46)) - raft.server.log.statemachine.data.sync = true (default)
2022-07-23 22:32:42,505 [s1-impl-thread1] INFO  server.RaftServerConfigKeys (ConfUtils.java:logGet(46)) - raft.server.log.statemachine.data.sync.timeout = 10s (default)
2022-07-23 22:32:42,505 [s1-impl-thread1] INFO  server.RaftServerConfigKeys (ConfUtils.java:logGet(46)) - raft.server.log.statemachine.data.sync.timeout.retry = -1 (default)
2022-07-23 22:32:42,505 [s1-impl-thread1] INFO  server.RaftServerConfigKeys (ConfUtils.java:logGet(46)) - raft.server.log.write.buffer.size = 64KB (=65536) (default)
2022-07-23 22:32:42,505 [s1-impl-thread1] INFO  server.RaftServerConfigKeys (ConfUtils.java:logGet(46)) - raft.server.log.unsafe-flush.enabled = false (default)
2022-07-23 22:32:42,505 [s1-impl-thread1] INFO  server.RaftServerConfigKeys (ConfUtils.java:logGet(46)) - raft.server.log.statemachine.data.caching.enabled = false (default)
2022-07-23 22:32:42,506 [s1-impl-thread1] INFO  segmented.SegmentedRaftLogWorker (SegmentedRaftLogWorker.java:lambda$new$0(135)) - s1@group-9BB80F706352-SegmentedRaftLogWorker: flushIndex: setUnconditionally 0 -> -1
2022-07-23 22:32:42,506 [s1-impl-thread1] INFO  segmented.SegmentedRaftLogWorker (SegmentedRaftLogWorker.java:lambda$new$0(135)) - s1@group-9BB80F706352-SegmentedRaftLogWorker: safeCacheEvictIndex: setUnconditionally 0 -> -1
2022-07-23 22:32:42,508 [s1-impl-thread1] INFO  server.RaftServer$Division (RaftServerImpl.java:start(314)) - s1@group-9BB80F706352: start as a follower, conf=-1: peers:[s0|rpc:localhost:38377|admin:localhost:39223|client:localhost:40951|dataStream:localhost:46057|priority:0|startupRole:FOLLOWER, s1|rpc:localhost:43949|admin:localhost:40443|client:localhost:37445|dataStream:localhost:35379|priority:0|startupRole:FOLLOWER, s2|rpc:localhost:41305|admin:localhost:42511|client:localhost:39543|dataStream:localhost:34801|priority:0|startupRole:FOLLOWER]|listeners:[], old=null
2022-07-23 22:32:42,508 [s1-impl-thread1] INFO  server.RaftServer$Division (RaftServerImpl.java:setRole(301)) - s1@group-9BB80F706352: changes role from      null to FOLLOWER at term 0 for startAsFollower
2022-07-23 22:32:42,508 [s1-impl-thread1] INFO  impl.RoleInfo (RoleInfo.java:updateAndGet(139)) - s1: start s1@group-9BB80F706352-FollowerState
2022-07-23 22:32:42,509 [s1-impl-thread1] INFO  util.JmxRegister (JmxRegister.java:tryRegister(44)) - Successfully registered JMX Bean with object name Ratis:service=RaftServer,group=group-9BB80F706352,id=s1
2022-07-23 22:32:42,509 [s1-impl-thread1] INFO  server.RaftServerConfigKeys (ConfUtils.java:logGet(46)) - raft.server.snapshot.auto.trigger.enabled = false (default)
2022-07-23 22:32:42,509 [s1-impl-thread1] INFO  server.RaftServerConfigKeys (ConfUtils.java:logGet(46)) - raft.server.snapshot.retention.file.num = -1 (default)
2022-07-23 22:32:42,509 [s1-impl-thread1] INFO  server.RaftServerConfigKeys (ConfUtils.java:logGet(46)) - raft.server.log.purge.upto.snapshot.index = false (default)
2022-07-23 22:32:42,509 [Time-limited test] INFO  server.RaftServer (RaftServerProxy.java:startImpl(385)) - s1: start RPC server
2022-07-23 22:32:42,510 [Time-limited test] INFO  server.GrpcService (GrpcService.java:startImpl(262)) - s1: GrpcService started, listening on 37445
2022-07-23 22:32:42,510 [Time-limited test] INFO  server.GrpcService (GrpcService.java:startImpl(262)) - s1: GrpcService started, listening on 43949
2022-07-23 22:32:42,511 [Time-limited test] INFO  server.GrpcService (GrpcService.java:startImpl(262)) - s1: GrpcService started, listening on 40443
2022-07-23 22:32:42,512 [s2-impl-thread1] INFO  storage.RaftStorageDirectory (RaftStorageDirectoryImpl.java:analyzeStorage(137)) - The storage directory /home/runner/work/ratis/ratis/ratis-test/target/test/data/981bff7b/MiniRaftClusterWithGrpcc5090773/s2/617e5aa4-0d59-43d6-8edc-9bb80f706352 does not exist. Creating ...
2022-07-23 22:32:42,512 [org.apache.ratis.util.JvmPauseMonitor$$Lambda$295/1097469026@370c2097] INFO  util.JvmPauseMonitor (JvmPauseMonitor.java:run(103)) - JvmPauseMonitor-s1: Started
2022-07-23 22:32:42,512 [s2-impl-thread1] TRACE util.FileUtils (LogUtils.java:runAndLog(49)) - Successfully ran Files.createDirectories /home/runner/work/ratis/ratis/ratis-test/target/test/data/981bff7b/MiniRaftClusterWithGrpcc5090773/s2/617e5aa4-0d59-43d6-8edc-9bb80f706352
2022-07-23 22:32:42,513 [s2-impl-thread1] INFO  storage.RaftStorageDirectory (RaftStorageDirectoryImpl.java:tryLock(231)) - Lock on /home/runner/work/ratis/ratis/ratis-test/target/test/data/981bff7b/MiniRaftClusterWithGrpcc5090773/s2/617e5aa4-0d59-43d6-8edc-9bb80f706352/in_use.lock acquired by nodename 2961@fv-az139-836.uwdekjqvuthuti35v3edr1krne.bx.internal.cloudapp.net
2022-07-23 22:32:42,513 [s2-impl-thread1] TRACE util.FileUtils (LogUtils.java:runAndLog(49)) - Successfully ran Files.createDirectories /home/runner/work/ratis/ratis/ratis-test/target/test/data/981bff7b/MiniRaftClusterWithGrpcc5090773/s2/617e5aa4-0d59-43d6-8edc-9bb80f706352/current
2022-07-23 22:32:42,513 [s2-impl-thread1] TRACE util.FileUtils (LogUtils.java:runAndLog(49)) - Successfully ran Files.createDirectories /home/runner/work/ratis/ratis/ratis-test/target/test/data/981bff7b/MiniRaftClusterWithGrpcc5090773/s2/617e5aa4-0d59-43d6-8edc-9bb80f706352/sm
2022-07-23 22:32:42,514 [s2-impl-thread1] INFO  storage.RaftStorage (RaftStorageImpl.java:format(96)) - Storage directory /home/runner/work/ratis/ratis/ratis-test/target/test/data/981bff7b/MiniRaftClusterWithGrpcc5090773/s2/617e5aa4-0d59-43d6-8edc-9bb80f706352 has been successfully formatted.
2022-07-23 22:32:42,515 [s2-impl-thread1] INFO  statemachine.SimpleStateMachine4Testing (SimpleStateMachine4Testing.java:initialize(212)) - Initializing StateMachineWithException:uninitialized
2022-07-23 22:32:42,515 [s2-impl-thread1] INFO  statemachine.SimpleStateMachine4Testing (SimpleStateMachine4Testing.java:loadSnapshot(306)) - The snapshot file null does not exist
2022-07-23 22:32:42,515 [s2-impl-thread1] INFO  server.RaftServerConfigKeys (ConfUtils.java:logGet(46)) - raft.server.log.use.memory = false (default)
2022-07-23 22:32:42,515 [s2-impl-thread1] INFO  server.RaftServerConfigKeys (ConfUtils.java:logGet(46)) - raft.server.log.purge.gap = 1024 (default)
2022-07-23 22:32:42,515 [s2-impl-thread1] INFO  server.RaftServerConfigKeys (ConfUtils.java:logGet(46)) - raft.server.log.appender.buffer.byte-limit = 4MB (=4194304) (default)
2022-07-23 22:32:42,515 [s2-impl-thread1] INFO  server.RaftServerConfigKeys (ConfUtils.java:logGet(46)) - raft.server.log.statemachine.data.read.timeout = 1000ms (default)
2022-07-23 22:32:42,515 [s2-impl-thread1] INFO  server.RaftServerConfigKeys (ConfUtils.java:logGet(46)) - raft.server.log.segment.size.max = 8MB (=8388608) (default)
2022-07-23 22:32:42,515 [s2-impl-thread1] INFO  server.RaftServerConfigKeys (ConfUtils.java:logGet(46)) - raft.server.log.segment.cache.num.max = 6 (default)
2022-07-23 22:32:42,515 [s2-impl-thread1] INFO  server.RaftServerConfigKeys (ConfUtils.java:logGet(46)) - raft.server.log.segment.cache.size.max = 200MB (=209715200) (default)
2022-07-23 22:32:42,515 [s2-impl-thread1] INFO  segmented.SegmentedRaftLogWorker (SegmentedRaftLogWorker.java:<init>(187)) - new s2@group-9BB80F706352-SegmentedRaftLogWorker for RaftStorageImpl:Storage Directory /home/runner/work/ratis/ratis/ratis-test/target/test/data/981bff7b/MiniRaftClusterWithGrpcc5090773/s2/617e5aa4-0d59-43d6-8edc-9bb80f706352
2022-07-23 22:32:42,515 [s2-impl-thread1] INFO  server.RaftServerConfigKeys (ConfUtils.java:logGet(46)) - raft.server.log.queue.byte-limit = 64MB (=67108864) (default)
2022-07-23 22:32:42,515 [s2-impl-thread1] INFO  server.RaftServerConfigKeys (ConfUtils.java:logGet(46)) - raft.server.log.queue.element-limit = 4096 (default)
2022-07-23 22:32:42,515 [s2-impl-thread1] INFO  server.RaftServerConfigKeys (ConfUtils.java:logGet(46)) - raft.server.log.segment.size.max = 8MB (=8388608) (default)
2022-07-23 22:32:42,515 [s2-impl-thread1] INFO  server.RaftServerConfigKeys (ConfUtils.java:logGet(46)) - raft.server.log.preallocated.size = 4MB (=4194304) (default)
2022-07-23 22:32:42,515 [s2-impl-thread1] INFO  server.RaftServerConfigKeys (ConfUtils.java:logGet(46)) - raft.server.log.force.sync.num = 128 (default)
2022-07-23 22:32:42,516 [s2-impl-thread1] INFO  server.RaftServerConfigKeys (ConfUtils.java:logGet(46)) - raft.server.log.statemachine.data.sync = true (default)
2022-07-23 22:32:42,516 [s2-impl-thread1] INFO  server.RaftServerConfigKeys (ConfUtils.java:logGet(46)) - raft.server.log.statemachine.data.sync.timeout = 10s (default)
2022-07-23 22:32:42,516 [s2-impl-thread1] INFO  server.RaftServerConfigKeys (ConfUtils.java:logGet(46)) - raft.server.log.statemachine.data.sync.timeout.retry = -1 (default)
2022-07-23 22:32:42,516 [s2-impl-thread1] INFO  server.RaftServerConfigKeys (ConfUtils.java:logGet(46)) - raft.server.log.write.buffer.size = 64KB (=65536) (default)
2022-07-23 22:32:42,516 [s2-impl-thread1] INFO  server.RaftServerConfigKeys (ConfUtils.java:logGet(46)) - raft.server.log.unsafe-flush.enabled = false (default)
2022-07-23 22:32:42,516 [s2-impl-thread1] INFO  server.RaftServerConfigKeys (ConfUtils.java:logGet(46)) - raft.server.log.statemachine.data.caching.enabled = false (default)
2022-07-23 22:32:42,516 [s2-impl-thread1] INFO  segmented.SegmentedRaftLogWorker (SegmentedRaftLogWorker.java:lambda$new$0(135)) - s2@group-9BB80F706352-SegmentedRaftLogWorker: flushIndex: setUnconditionally 0 -> -1
2022-07-23 22:32:42,517 [s2-impl-thread1] INFO  segmented.SegmentedRaftLogWorker (SegmentedRaftLogWorker.java:lambda$new$0(135)) - s2@group-9BB80F706352-SegmentedRaftLogWorker: safeCacheEvictIndex: setUnconditionally 0 -> -1
2022-07-23 22:32:42,520 [s2-impl-thread1] INFO  server.RaftServer$Division (RaftServerImpl.java:start(314)) - s2@group-9BB80F706352: start as a follower, conf=-1: peers:[s0|rpc:localhost:38377|admin:localhost:39223|client:localhost:40951|dataStream:localhost:46057|priority:0|startupRole:FOLLOWER, s1|rpc:localhost:43949|admin:localhost:40443|client:localhost:37445|dataStream:localhost:35379|priority:0|startupRole:FOLLOWER, s2|rpc:localhost:41305|admin:localhost:42511|client:localhost:39543|dataStream:localhost:34801|priority:0|startupRole:FOLLOWER]|listeners:[], old=null
2022-07-23 22:32:42,520 [s2-impl-thread1] INFO  server.RaftServer$Division (RaftServerImpl.java:setRole(301)) - s2@group-9BB80F706352: changes role from      null to FOLLOWER at term 0 for startAsFollower
2022-07-23 22:32:42,520 [s2-impl-thread1] INFO  impl.RoleInfo (RoleInfo.java:updateAndGet(139)) - s2: start s2@group-9BB80F706352-FollowerState
2022-07-23 22:32:42,521 [s2-impl-thread1] INFO  util.JmxRegister (JmxRegister.java:tryRegister(44)) - Successfully registered JMX Bean with object name Ratis:service=RaftServer,group=group-9BB80F706352,id=s2
2022-07-23 22:32:42,521 [s2-impl-thread1] INFO  server.RaftServerConfigKeys (ConfUtils.java:logGet(46)) - raft.server.snapshot.auto.trigger.enabled = false (default)
2022-07-23 22:32:42,521 [s2-impl-thread1] INFO  server.RaftServerConfigKeys (ConfUtils.java:logGet(46)) - raft.server.snapshot.retention.file.num = -1 (default)
2022-07-23 22:32:42,521 [s2-impl-thread1] INFO  server.RaftServerConfigKeys (ConfUtils.java:logGet(46)) - raft.server.log.purge.upto.snapshot.index = false (default)
2022-07-23 22:32:42,521 [Time-limited test] INFO  server.RaftServer (RaftServerProxy.java:startImpl(385)) - s2: start RPC server
2022-07-23 22:32:42,522 [Time-limited test] INFO  server.GrpcService (GrpcService.java:startImpl(262)) - s2: GrpcService started, listening on 39543
2022-07-23 22:32:42,523 [Time-limited test] INFO  server.GrpcService (GrpcService.java:startImpl(262)) - s2: GrpcService started, listening on 41305
2022-07-23 22:32:42,523 [Time-limited test] INFO  server.GrpcService (GrpcService.java:startImpl(262)) - s2: GrpcService started, listening on 42511
2022-07-23 22:32:42,524 [org.apache.ratis.util.JvmPauseMonitor$$Lambda$295/1097469026@21b67608] INFO  util.JvmPauseMonitor (JvmPauseMonitor.java:run(103)) - JvmPauseMonitor-s2: Started
2022-07-23 22:32:42,525 [Time-limited test] INFO  server.RaftServerConfigKeys (ConfUtils.java:logGet(46)) - raft.server.rpc.timeout.max = 300ms (default)
2022-07-23 22:32:42,525 [Time-limited test] INFO  ratis.RaftTestUtil (RaftTestUtil.java:waitForLeader(100)) - printing ALL groups
  s0:  RUNNING  FOLLOWER s0@group-9BB80F706352:t0, leader=null, voted=, raftlog=Memoized:s0@group-9BB80F706352-SegmentedRaftLog:OPENED:c-1, conf=-1: peers:[s0|rpc:localhost:38377|admin:localhost:39223|client:localhost:40951|dataStream:localhost:46057|priority:0|startupRole:FOLLOWER, s1|rpc:localhost:43949|admin:localhost:40443|client:localhost:37445|dataStream:localhost:35379|priority:0|startupRole:FOLLOWER, s2|rpc:localhost:41305|admin:localhost:42511|client:localhost:39543|dataStream:localhost:34801|priority:0|startupRole:FOLLOWER]|listeners:[], old=null RUNNING
  s1:  RUNNING  FOLLOWER s1@group-9BB80F706352:t0, leader=null, voted=, raftlog=Memoized:s1@group-9BB80F706352-SegmentedRaftLog:OPENED:c-1, conf=-1: peers:[s0|rpc:localhost:38377|admin:localhost:39223|client:localhost:40951|dataStream:localhost:46057|priority:0|startupRole:FOLLOWER, s1|rpc:localhost:43949|admin:localhost:40443|client:localhost:37445|dataStream:localhost:35379|priority:0|startupRole:FOLLOWER, s2|rpc:localhost:41305|admin:localhost:42511|client:localhost:39543|dataStream:localhost:34801|priority:0|startupRole:FOLLOWER]|listeners:[], old=null RUNNING
  s2:  RUNNING  FOLLOWER s2@group-9BB80F706352:t0, leader=null, voted=, raftlog=Memoized:s2@group-9BB80F706352-SegmentedRaftLog:OPENED:c-1, conf=-1: peers:[s0|rpc:localhost:38377|admin:localhost:39223|client:localhost:40951|dataStream:localhost:46057|priority:0|startupRole:FOLLOWER, s1|rpc:localhost:43949|admin:localhost:40443|client:localhost:37445|dataStream:localhost:35379|priority:0|startupRole:FOLLOWER, s2|rpc:localhost:41305|admin:localhost:42511|client:localhost:39543|dataStream:localhost:34801|priority:0|startupRole:FOLLOWER]|listeners:[], old=null RUNNING
2022-07-23 22:32:42,525 [Time-limited test] WARN  ratis.RaftTestUtil (JavaUtils.java:attempt(172)) - FAILED "waitForLeader-null-(expectLeader? true)", attempt #1/100: java.lang.IllegalStateException: No leader yet : printing ALL groups
  s0:  RUNNING  FOLLOWER s0@group-9BB80F706352:t0, leader=null, voted=, raftlog=Memoized:s0@group-9BB80F706352-SegmentedRaftLog:OPENED:c-1, conf=-1: peers:[s0|rpc:localhost:38377|admin:localhost:39223|client:localhost:40951|dataStream:localhost:46057|priority:0|startupRole:FOLLOWER, s1|rpc:localhost:43949|admin:localhost:40443|client:localhost:37445|dataStream:localhost:35379|priority:0|startupRole:FOLLOWER, s2|rpc:localhost:41305|admin:localhost:42511|client:localhost:39543|dataStream:localhost:34801|priority:0|startupRole:FOLLOWER]|listeners:[], old=null RUNNING
  s1:  RUNNING  FOLLOWER s1@group-9BB80F706352:t0, leader=null, voted=, raftlog=Memoized:s1@group-9BB80F706352-SegmentedRaftLog:OPENED:c-1, conf=-1: peers:[s0|rpc:localhost:38377|admin:localhost:39223|client:localhost:40951|dataStream:localhost:46057|priority:0|startupRole:FOLLOWER, s1|rpc:localhost:43949|admin:localhost:40443|client:localhost:37445|dataStream:localhost:35379|priority:0|startupRole:FOLLOWER, s2|rpc:localhost:41305|admin:localhost:42511|client:localhost:39543|dataStream:localhost:34801|priority:0|startupRole:FOLLOWER]|listeners:[], old=null RUNNING
  s2:  RUNNING  FOLLOWER s2@group-9BB80F706352:t0, leader=null, voted=, raftlog=Memoized:s2@group-9BB80F706352-SegmentedRaftLog:OPENED:c-1, conf=-1: peers:[s0|rpc:localhost:38377|admin:localhost:39223|client:localhost:40951|dataStream:localhost:46057|priority:0|startupRole:FOLLOWER, s1|rpc:localhost:43949|admin:localhost:40443|client:localhost:37445|dataStream:localhost:35379|priority:0|startupRole:FOLLOWER, s2|rpc:localhost:41305|admin:localhost:42511|client:localhost:39543|dataStream:localhost:34801|priority:0|startupRole:FOLLOWER]|listeners:[], old=null RUNNING, sleep 450ms and then retry.
java.lang.IllegalStateException: No leader yet : printing ALL groups
  s0:  RUNNING  FOLLOWER s0@group-9BB80F706352:t0, leader=null, voted=, raftlog=Memoized:s0@group-9BB80F706352-SegmentedRaftLog:OPENED:c-1, conf=-1: peers:[s0|rpc:localhost:38377|admin:localhost:39223|client:localhost:40951|dataStream:localhost:46057|priority:0|startupRole:FOLLOWER, s1|rpc:localhost:43949|admin:localhost:40443|client:localhost:37445|dataStream:localhost:35379|priority:0|startupRole:FOLLOWER, s2|rpc:localhost:41305|admin:localhost:42511|client:localhost:39543|dataStream:localhost:34801|priority:0|startupRole:FOLLOWER]|listeners:[], old=null RUNNING
  s1:  RUNNING  FOLLOWER s1@group-9BB80F706352:t0, leader=null, voted=, raftlog=Memoized:s1@group-9BB80F706352-SegmentedRaftLog:OPENED:c-1, conf=-1: peers:[s0|rpc:localhost:38377|admin:localhost:39223|client:localhost:40951|dataStream:localhost:46057|priority:0|startupRole:FOLLOWER, s1|rpc:localhost:43949|admin:localhost:40443|client:localhost:37445|dataStream:localhost:35379|priority:0|startupRole:FOLLOWER, s2|rpc:localhost:41305|admin:localhost:42511|client:localhost:39543|dataStream:localhost:34801|priority:0|startupRole:FOLLOWER]|listeners:[], old=null RUNNING
  s2:  RUNNING  FOLLOWER s2@group-9BB80F706352:t0, leader=null, voted=, raftlog=Memoized:s2@group-9BB80F706352-SegmentedRaftLog:OPENED:c-1, conf=-1: peers:[s0|rpc:localhost:38377|admin:localhost:39223|client:localhost:40951|dataStream:localhost:46057|priority:0|startupRole:FOLLOWER, s1|rpc:localhost:43949|admin:localhost:40443|client:localhost:37445|dataStream:localhost:35379|priority:0|startupRole:FOLLOWER, s2|rpc:localhost:41305|admin:localhost:42511|client:localhost:39543|dataStream:localhost:34801|priority:0|startupRole:FOLLOWER]|listeners:[], old=null RUNNING
	at org.apache.ratis.server.impl.MiniRaftCluster.newIllegalStateExceptionForNoLeaders(MiniRaftCluster.java:577)
	at org.apache.ratis.RaftTestUtil.lambda$waitForLeader$1(RaftTestUtil.java:104)
	at org.apache.ratis.server.impl.MiniRaftCluster.getLeader(MiniRaftCluster.java:611)
	at org.apache.ratis.server.impl.MiniRaftCluster.getLeader(MiniRaftCluster.java:604)
	at org.apache.ratis.RaftTestUtil.lambda$waitForLeader$3(RaftTestUtil.java:112)
	at org.apache.ratis.util.JavaUtils.attempt(JavaUtils.java:166)
	at org.apache.ratis.util.JavaUtils.attemptRepeatedly(JavaUtils.java:152)
	at org.apache.ratis.RaftTestUtil.waitForLeader(RaftTestUtil.java:111)
	at org.apache.ratis.RaftTestUtil.waitForLeader(RaftTestUtil.java:92)
	at org.apache.ratis.RaftTestUtil.waitForLeader(RaftTestUtil.java:87)
	at org.apache.ratis.server.impl.RaftStateMachineExceptionTests.runTestRetryOnExceptionDuringReplication(RaftStateMachineExceptionTests.java:151)
	at org.apache.ratis.server.impl.MiniRaftCluster$Factory$Get.runWithNewCluster(MiniRaftCluster.java:138)
	at org.apache.ratis.server.impl.MiniRaftCluster$Factory$Get.runWithNewCluster(MiniRaftCluster.java:118)
	at org.apache.ratis.server.impl.RaftStateMachineExceptionTests.testRetryOnExceptionDuringReplication(RaftStateMachineExceptionTests.java:147)
	at sun.reflect.NativeMethodAccessorImpl.invoke0(Native Method)
	at sun.reflect.NativeMethodAccessorImpl.invoke(NativeMethodAccessorImpl.java:62)
	at sun.reflect.DelegatingMethodAccessorImpl.invoke(DelegatingMethodAccessorImpl.java:43)
	at java.lang.reflect.Method.invoke(Method.java:498)
	at org.junit.runners.model.FrameworkMethod$1.runReflectiveCall(FrameworkMethod.java:59)
	at org.junit.internal.runners.model.ReflectiveCallable.run(ReflectiveCallable.java:12)
	at org.junit.runners.model.FrameworkMethod.invokeExplosively(FrameworkMethod.java:56)
	at org.junit.internal.runners.statements.InvokeMethod.evaluate(InvokeMethod.java:17)
	at org.junit.internal.runners.statements.RunAfters.evaluate(RunAfters.java:27)
	at org.junit.internal.runners.statements.FailOnTimeout$CallableStatement.call(FailOnTimeout.java:299)
	at org.junit.internal.runners.statements.FailOnTimeout$CallableStatement.call(FailOnTimeout.java:293)
	at java.util.concurrent.FutureTask.run(FutureTask.java:266)
	at java.lang.Thread.run(Thread.java:750)
2022-07-23 22:32:42,706 [s2@group-9BB80F706352-FollowerState] INFO  impl.FollowerState (FollowerState.java:run(143)) - s2@group-9BB80F706352-FollowerState: change to CANDIDATE, lastRpcElapsedTime:186043693ns, electionTimeout:185ms
2022-07-23 22:32:42,707 [s2@group-9BB80F706352-FollowerState] INFO  impl.RoleInfo (RoleInfo.java:shutdownFollowerState(110)) - s2: shutdown s2@group-9BB80F706352-FollowerState
2022-07-23 22:32:42,707 [s2@group-9BB80F706352-FollowerState] INFO  server.RaftServer$Division (RaftServerImpl.java:setRole(301)) - s2@group-9BB80F706352: changes role from  FOLLOWER to CANDIDATE at term 0 for changeToCandidate
2022-07-23 22:32:42,707 [s2@group-9BB80F706352-FollowerState] INFO  server.RaftServerConfigKeys (ConfUtils.java:logGet(46)) - raft.server.leaderelection.pre-vote = true (default)
2022-07-23 22:32:42,707 [s2@group-9BB80F706352-FollowerState] INFO  impl.RoleInfo (RoleInfo.java:updateAndGet(139)) - s2: start s2@group-9BB80F706352-LeaderElection6
2022-07-23 22:32:42,708 [s2@group-9BB80F706352-LeaderElection6] INFO  impl.LeaderElection (LeaderElection.java:askForVotes(310)) - s2@group-9BB80F706352-LeaderElection6 PRE_VOTE round 0: submit vote requests at term 0 for -1: peers:[s0|rpc:localhost:38377|admin:localhost:39223|client:localhost:40951|dataStream:localhost:46057|priority:0|startupRole:FOLLOWER, s1|rpc:localhost:43949|admin:localhost:40443|client:localhost:37445|dataStream:localhost:35379|priority:0|startupRole:FOLLOWER, s2|rpc:localhost:41305|admin:localhost:42511|client:localhost:39543|dataStream:localhost:34801|priority:0|startupRole:FOLLOWER]|listeners:[], old=null
2022-07-23 22:32:42,708 [s2@group-9BB80F706352-LeaderElection6-1] INFO  server.GrpcServerProtocolClient (GrpcServerProtocolClient.java:<init>(63)) - Build channel for s0
2022-07-23 22:32:42,710 [s2@group-9BB80F706352-LeaderElection6-2] INFO  server.GrpcServerProtocolClient (GrpcServerProtocolClient.java:<init>(63)) - Build channel for s1
2022-07-23 22:32:42,711 [s0@group-9BB80F706352-FollowerState] INFO  impl.FollowerState (FollowerState.java:run(143)) - s0@group-9BB80F706352-FollowerState: change to CANDIDATE, lastRpcElapsedTime:214020806ns, electionTimeout:213ms
2022-07-23 22:32:42,711 [s0@group-9BB80F706352-FollowerState] INFO  impl.RoleInfo (RoleInfo.java:shutdownFollowerState(110)) - s0: shutdown s0@group-9BB80F706352-FollowerState
2022-07-23 22:32:42,711 [s0@group-9BB80F706352-FollowerState] INFO  server.RaftServer$Division (RaftServerImpl.java:setRole(301)) - s0@group-9BB80F706352: changes role from  FOLLOWER to CANDIDATE at term 0 for changeToCandidate
2022-07-23 22:32:42,712 [s0@group-9BB80F706352-FollowerState] INFO  server.RaftServerConfigKeys (ConfUtils.java:logGet(46)) - raft.server.leaderelection.pre-vote = true (default)
2022-07-23 22:32:42,712 [s0@group-9BB80F706352-FollowerState] INFO  impl.RoleInfo (RoleInfo.java:updateAndGet(139)) - s0: start s0@group-9BB80F706352-LeaderElection7
2022-07-23 22:32:42,714 [s0@group-9BB80F706352-LeaderElection7] INFO  impl.LeaderElection (LeaderElection.java:askForVotes(310)) - s0@group-9BB80F706352-LeaderElection7 PRE_VOTE round 0: submit vote requests at term 0 for -1: peers:[s0|rpc:localhost:38377|admin:localhost:39223|client:localhost:40951|dataStream:localhost:46057|priority:0|startupRole:FOLLOWER, s1|rpc:localhost:43949|admin:localhost:40443|client:localhost:37445|dataStream:localhost:35379|priority:0|startupRole:FOLLOWER, s2|rpc:localhost:41305|admin:localhost:42511|client:localhost:39543|dataStream:localhost:34801|priority:0|startupRole:FOLLOWER]|listeners:[], old=null
2022-07-23 22:32:42,716 [grpc-default-executor-4] INFO  server.RaftServer$Division (RaftServerImpl.java:requestVote(1198)) - s0@group-9BB80F706352: receive requestVote(PRE_VOTE, s2, group-9BB80F706352, 0, (t:0, i:0))
2022-07-23 22:32:42,716 [grpc-default-executor-4] INFO  impl.VoteContext (VoteContext.java:log(48)) - s0@group-9BB80F706352-CANDIDATE: accept PRE_VOTE from s2: our priority 0 <= candidate's priority 0
2022-07-23 22:32:42,716 [grpc-default-executor-4] INFO  server.RaftServer$Division (RaftServerImpl.java:requestVote(1231)) - s0@group-9BB80F706352 replies to PRE_VOTE vote request: s2<-s0#0:OK-t0. Peer's state: s0@group-9BB80F706352:t0, leader=null, voted=, raftlog=Memoized:s0@group-9BB80F706352-SegmentedRaftLog:OPENED:c-1, conf=-1: peers:[s0|rpc:localhost:38377|admin:localhost:39223|client:localhost:40951|dataStream:localhost:46057|priority:0|startupRole:FOLLOWER, s1|rpc:localhost:43949|admin:localhost:40443|client:localhost:37445|dataStream:localhost:35379|priority:0|startupRole:FOLLOWER, s2|rpc:localhost:41305|admin:localhost:42511|client:localhost:39543|dataStream:localhost:34801|priority:0|startupRole:FOLLOWER]|listeners:[], old=null
2022-07-23 22:32:42,718 [s0@group-9BB80F706352-LeaderElection7-1] INFO  server.GrpcServerProtocolClient (GrpcServerProtocolClient.java:<init>(63)) - Build channel for s1
2022-07-23 22:32:42,719 [s2@group-9BB80F706352-LeaderElection6] INFO  impl.LeaderElection (LeaderElection.java:logAndReturn(90)) - s2@group-9BB80F706352-LeaderElection6: PRE_VOTE PASSED received 1 response(s) and 0 exception(s):
2022-07-23 22:32:42,719 [s2@group-9BB80F706352-LeaderElection6] INFO  impl.LeaderElection (LeaderElection.java:logAndReturn(94)) -   Response 0: s2<-s0#0:OK-t0
2022-07-23 22:32:42,719 [s2@group-9BB80F706352-LeaderElection6] INFO  impl.LeaderElection (LeaderElection.java:askForVotes(312)) - s2@group-9BB80F706352-LeaderElection6 PRE_VOTE round 0: result PASSED
2022-07-23 22:32:42,721 [s2@group-9BB80F706352-LeaderElection6] INFO  impl.LeaderElection (LeaderElection.java:askForVotes(310)) - s2@group-9BB80F706352-LeaderElection6 ELECTION round 0: submit vote requests at term 1 for -1: peers:[s0|rpc:localhost:38377|admin:localhost:39223|client:localhost:40951|dataStream:localhost:46057|priority:0|startupRole:FOLLOWER, s1|rpc:localhost:43949|admin:localhost:40443|client:localhost:37445|dataStream:localhost:35379|priority:0|startupRole:FOLLOWER, s2|rpc:localhost:41305|admin:localhost:42511|client:localhost:39543|dataStream:localhost:34801|priority:0|startupRole:FOLLOWER]|listeners:[], old=null
2022-07-23 22:32:42,721 [s0@group-9BB80F706352-LeaderElection7-2] INFO  server.GrpcServerProtocolClient (GrpcServerProtocolClient.java:<init>(63)) - Build channel for s2
2022-07-23 22:32:42,726 [grpc-default-executor-4] INFO  server.RaftServer$Division (RaftServerImpl.java:requestVote(1198)) - s2@group-9BB80F706352: receive requestVote(PRE_VOTE, s0, group-9BB80F706352, 0, (t:0, i:0))
2022-07-23 22:32:42,726 [grpc-default-executor-4] INFO  impl.VoteContext (VoteContext.java:log(48)) - s2@group-9BB80F706352-CANDIDATE: accept PRE_VOTE from s0: our priority 0 <= candidate's priority 0
2022-07-23 22:32:42,726 [grpc-default-executor-4] INFO  server.RaftServer$Division (RaftServerImpl.java:requestVote(1231)) - s2@group-9BB80F706352 replies to PRE_VOTE vote request: s0<-s2#0:OK-t1. Peer's state: s2@group-9BB80F706352:t1, leader=null, voted=s2, raftlog=Memoized:s2@group-9BB80F706352-SegmentedRaftLog:OPENED:c-1, conf=-1: peers:[s0|rpc:localhost:38377|admin:localhost:39223|client:localhost:40951|dataStream:localhost:46057|priority:0|startupRole:FOLLOWER, s1|rpc:localhost:43949|admin:localhost:40443|client:localhost:37445|dataStream:localhost:35379|priority:0|startupRole:FOLLOWER, s2|rpc:localhost:41305|admin:localhost:42511|client:localhost:39543|dataStream:localhost:34801|priority:0|startupRole:FOLLOWER]|listeners:[], old=null
2022-07-23 22:32:42,727 [s0@group-9BB80F706352-LeaderElection7] INFO  impl.LeaderElection (LeaderElection.java:logAndReturn(90)) - s0@group-9BB80F706352-LeaderElection7: PRE_VOTE DISCOVERED_A_NEW_TERM (term=1) received 1 response(s) and 0 exception(s):
2022-07-23 22:32:42,727 [s0@group-9BB80F706352-LeaderElection7] INFO  impl.LeaderElection (LeaderElection.java:logAndReturn(94)) -   Response 0: s0<-s2#0:OK-t1
2022-07-23 22:32:42,727 [s0@group-9BB80F706352-LeaderElection7] INFO  impl.LeaderElection (LeaderElection.java:askForVotes(312)) - s0@group-9BB80F706352-LeaderElection7 PRE_VOTE round 0: result DISCOVERED_A_NEW_TERM (term=1)
2022-07-23 22:32:42,727 [s0@group-9BB80F706352-LeaderElection7] INFO  server.RaftServer$Division (RaftServerImpl.java:setRole(301)) - s0@group-9BB80F706352: changes role from CANDIDATE to FOLLOWER at term 1 for DISCOVERED_A_NEW_TERM (term=1)
2022-07-23 22:32:42,727 [s0@group-9BB80F706352-LeaderElection7] INFO  impl.RoleInfo (RoleInfo.java:shutdownLeaderElection(130)) - s0: shutdown s0@group-9BB80F706352-LeaderElection7
2022-07-23 22:32:42,727 [s0@group-9BB80F706352-LeaderElection7] INFO  impl.RoleInfo (RoleInfo.java:updateAndGet(139)) - s0: start s0@group-9BB80F706352-FollowerState
2022-07-23 22:32:42,729 [grpc-default-executor-11] INFO  server.RaftServer$Division (RaftServerImpl.java:requestVote(1198)) - s1@group-9BB80F706352: receive requestVote(PRE_VOTE, s2, group-9BB80F706352, 0, (t:0, i:0))
2022-07-23 22:32:42,730 [grpc-default-executor-11] INFO  impl.VoteContext (VoteContext.java:log(48)) - s1@group-9BB80F706352-FOLLOWER: accept PRE_VOTE from s2: our priority 0 <= candidate's priority 0
2022-07-23 22:32:42,730 [grpc-default-executor-11] INFO  server.RaftServer$Division (RaftServerImpl.java:requestVote(1231)) - s1@group-9BB80F706352 replies to PRE_VOTE vote request: s2<-s1#0:OK-t0. Peer's state: s1@group-9BB80F706352:t0, leader=null, voted=, raftlog=Memoized:s1@group-9BB80F706352-SegmentedRaftLog:OPENED:c-1, conf=-1: peers:[s0|rpc:localhost:38377|admin:localhost:39223|client:localhost:40951|dataStream:localhost:46057|priority:0|startupRole:FOLLOWER, s1|rpc:localhost:43949|admin:localhost:40443|client:localhost:37445|dataStream:localhost:35379|priority:0|startupRole:FOLLOWER, s2|rpc:localhost:41305|admin:localhost:42511|client:localhost:39543|dataStream:localhost:34801|priority:0|startupRole:FOLLOWER]|listeners:[], old=null
2022-07-23 22:32:42,731 [grpc-default-executor-11] INFO  server.RaftServer$Division (RaftServerImpl.java:requestVote(1198)) - s1@group-9BB80F706352: receive requestVote(ELECTION, s2, group-9BB80F706352, 1, (t:0, i:0))
2022-07-23 22:32:42,731 [grpc-default-executor-11] INFO  impl.VoteContext (VoteContext.java:log(48)) - s1@group-9BB80F706352-FOLLOWER: accept ELECTION from s2: our priority 0 <= candidate's priority 0
2022-07-23 22:32:42,731 [grpc-default-executor-11] INFO  server.RaftServer$Division (RaftServerImpl.java:setRole(301)) - s1@group-9BB80F706352: changes role from  FOLLOWER to FOLLOWER at term 1 for candidate:s2
2022-07-23 22:32:42,731 [grpc-default-executor-11] INFO  impl.RoleInfo (RoleInfo.java:shutdownFollowerState(110)) - s1: shutdown s1@group-9BB80F706352-FollowerState
2022-07-23 22:32:42,731 [grpc-default-executor-11] INFO  impl.RoleInfo (RoleInfo.java:updateAndGet(139)) - s1: start s1@group-9BB80F706352-FollowerState
2022-07-23 22:32:42,731 [s1@group-9BB80F706352-FollowerState] INFO  impl.FollowerState (FollowerState.java:run(152)) - s1@group-9BB80F706352-FollowerState was interrupted
2022-07-23 22:32:42,731 [grpc-default-executor-4] INFO  server.RaftServer$Division (RaftServerImpl.java:requestVote(1198)) - s0@group-9BB80F706352: receive requestVote(ELECTION, s2, group-9BB80F706352, 1, (t:0, i:0))
2022-07-23 22:32:42,731 [grpc-default-executor-4] INFO  impl.VoteContext (VoteContext.java:log(48)) - s0@group-9BB80F706352-FOLLOWER: accept ELECTION from s2: our priority 0 <= candidate's priority 0
2022-07-23 22:32:42,731 [grpc-default-executor-4] INFO  server.RaftServer$Division (RaftServerImpl.java:setRole(301)) - s0@group-9BB80F706352: changes role from  FOLLOWER to FOLLOWER at term 1 for candidate:s2
2022-07-23 22:32:42,731 [grpc-default-executor-4] INFO  impl.RoleInfo (RoleInfo.java:shutdownFollowerState(110)) - s0: shutdown s0@group-9BB80F706352-FollowerState
2022-07-23 22:32:42,732 [grpc-default-executor-8] INFO  server.RaftServer$Division (RaftServerImpl.java:requestVote(1198)) - s1@group-9BB80F706352: receive requestVote(PRE_VOTE, s0, group-9BB80F706352, 0, (t:0, i:0))
2022-07-23 22:32:42,733 [grpc-default-executor-4] INFO  impl.RoleInfo (RoleInfo.java:updateAndGet(139)) - s0: start s0@group-9BB80F706352-FollowerState
2022-07-23 22:32:42,734 [grpc-default-executor-11] INFO  server.RaftServer$Division (RaftServerImpl.java:requestVote(1231)) - s1@group-9BB80F706352 replies to ELECTION vote request: s2<-s1#0:OK-t1. Peer's state: s1@group-9BB80F706352:t1, leader=null, voted=s2, raftlog=Memoized:s1@group-9BB80F706352-SegmentedRaftLog:OPENED:c-1, conf=-1: peers:[s0|rpc:localhost:38377|admin:localhost:39223|client:localhost:40951|dataStream:localhost:46057|priority:0|startupRole:FOLLOWER, s1|rpc:localhost:43949|admin:localhost:40443|client:localhost:37445|dataStream:localhost:35379|priority:0|startupRole:FOLLOWER, s2|rpc:localhost:41305|admin:localhost:42511|client:localhost:39543|dataStream:localhost:34801|priority:0|startupRole:FOLLOWER]|listeners:[], old=null
2022-07-23 22:32:42,734 [s0@group-9BB80F706352-FollowerState] INFO  impl.FollowerState (FollowerState.java:run(152)) - s0@group-9BB80F706352-FollowerState was interrupted
2022-07-23 22:32:42,735 [s2@group-9BB80F706352-LeaderElection6] INFO  impl.LeaderElection (LeaderElection.java:logAndReturn(90)) - s2@group-9BB80F706352-LeaderElection6: ELECTION PASSED received 1 response(s) and 0 exception(s):
2022-07-23 22:32:42,735 [s2@group-9BB80F706352-LeaderElection6] INFO  impl.LeaderElection (LeaderElection.java:logAndReturn(94)) -   Response 0: s2<-s1#0:OK-t1
2022-07-23 22:32:42,735 [s2@group-9BB80F706352-LeaderElection6] INFO  impl.LeaderElection (LeaderElection.java:askForVotes(312)) - s2@group-9BB80F706352-LeaderElection6 ELECTION round 0: result PASSED
2022-07-23 22:32:42,735 [s2@group-9BB80F706352-LeaderElection6] INFO  impl.RoleInfo (RoleInfo.java:shutdownLeaderElection(130)) - s2: shutdown s2@group-9BB80F706352-LeaderElection6
2022-07-23 22:32:42,735 [s2@group-9BB80F706352-LeaderElection6] INFO  server.RaftServer$Division (RaftServerImpl.java:setRole(301)) - s2@group-9BB80F706352: changes role from CANDIDATE to LEADER at term 1 for changeToLeader
2022-07-23 22:32:42,735 [s2@group-9BB80F706352-LeaderElection6] INFO  server.RaftServer$Division (ServerState.java:setLeader(313)) - s2@group-9BB80F706352: change Leader from null to s2 at term 1 for becomeLeader, leader elected after 243ms
2022-07-23 22:32:42,735 [s2@group-9BB80F706352-LeaderElection6] INFO  server.RaftServerConfigKeys (ConfUtils.java:logGet(46)) - raft.server.staging.catchup.gap = 1000 (default)
2022-07-23 22:32:42,735 [s2@group-9BB80F706352-LeaderElection6] INFO  server.RaftServerConfigKeys (ConfUtils.java:logGet(46)) - raft.server.write.element-limit = 4096 (default)
2022-07-23 22:32:42,735 [s2@group-9BB80F706352-LeaderElection6] INFO  server.RaftServerConfigKeys (ConfUtils.java:logGet(46)) - raft.server.write.byte-limit = 64MB (=67108864) (default)
2022-07-23 22:32:42,735 [s2@group-9BB80F706352-LeaderElection6] INFO  server.RaftServerConfigKeys (ConfUtils.java:logGet(46)) - raft.server.watch.timeout = 10s (default)
2022-07-23 22:32:42,735 [s2@group-9BB80F706352-LeaderElection6] INFO  server.RaftServerConfigKeys (ConfUtils.java:logGet(46)) - raft.server.watch.timeout.denomination = 1s (default)
2022-07-23 22:32:42,735 [s2@group-9BB80F706352-LeaderElection6] INFO  server.RaftServerConfigKeys (ConfUtils.java:logGet(46)) - raft.server.watch.element-limit = 65536 (default)
2022-07-23 22:32:42,735 [s2@group-9BB80F706352-LeaderElection6] INFO  server.RaftServerConfigKeys (ConfUtils.java:logGet(46)) - raft.server.write.element-limit = 4096 (default)
2022-07-23 22:32:42,735 [s2@group-9BB80F706352-LeaderElection6] INFO  server.RaftServerConfigKeys (ConfUtils.java:logGet(46)) - raft.server.write.follower.gap.ratio.max = -1.0 (default)
2022-07-23 22:32:42,736 [s2@group-9BB80F706352-LeaderElection6] INFO  server.RaftServerConfigKeys (ConfUtils.java:logGet(46)) - raft.server.log.appender.snapshot.chunk.size.max = 16MB (=16777216) (default)
2022-07-23 22:32:42,736 [s2@group-9BB80F706352-LeaderElection6] INFO  server.RaftServerConfigKeys (ConfUtils.java:logGet(46)) - raft.server.log.appender.buffer.byte-limit = 4MB (=4194304) (default)
2022-07-23 22:32:42,736 [s2@group-9BB80F706352-LeaderElection6] INFO  server.RaftServerConfigKeys (ConfUtils.java:logGet(46)) - raft.server.log.appender.buffer.element-limit = 0 (default)
2022-07-23 22:32:42,736 [s2@group-9BB80F706352-LeaderElection6] INFO  grpc.GrpcConfigKeys (ConfUtils.java:logGet(46)) - raft.grpc.server.leader.outstanding.appends.max = 128 (default)
2022-07-23 22:32:42,736 [s2@group-9BB80F706352-LeaderElection6] INFO  server.RaftServerConfigKeys (ConfUtils.java:logGet(46)) - raft.server.rpc.request.timeout = 3000ms (default)
2022-07-23 22:32:42,736 [s2@group-9BB80F706352-LeaderElection6] INFO  server.RaftServerConfigKeys (ConfUtils.java:logGet(46)) - raft.server.log.appender.install.snapshot.enabled = true (default)
2022-07-23 22:32:42,736 [s2@group-9BB80F706352-LeaderElection6] INFO  grpc.GrpcConfigKeys (ConfUtils.java:logGet(46)) - raft.grpc.server.heartbeat.channel = true (default)
2022-07-23 22:32:42,736 [grpc-default-executor-8] INFO  impl.VoteContext (VoteContext.java:log(48)) - s1@group-9BB80F706352-FOLLOWER: accept PRE_VOTE from s0: our priority 0 <= candidate's priority 0
2022-07-23 22:32:42,736 [grpc-default-executor-8] INFO  server.RaftServer$Division (RaftServerImpl.java:requestVote(1231)) - s1@group-9BB80F706352 replies to PRE_VOTE vote request: s0<-s1#0:OK-t1. Peer's state: s1@group-9BB80F706352:t1, leader=null, voted=s2, raftlog=Memoized:s1@group-9BB80F706352-SegmentedRaftLog:OPENED:c-1, conf=-1: peers:[s0|rpc:localhost:38377|admin:localhost:39223|client:localhost:40951|dataStream:localhost:46057|priority:0|startupRole:FOLLOWER, s1|rpc:localhost:43949|admin:localhost:40443|client:localhost:37445|dataStream:localhost:35379|priority:0|startupRole:FOLLOWER, s2|rpc:localhost:41305|admin:localhost:42511|client:localhost:39543|dataStream:localhost:34801|priority:0|startupRole:FOLLOWER]|listeners:[], old=null
2022-07-23 22:32:42,737 [grpc-default-executor-4] INFO  server.RaftServer$Division (RaftServerImpl.java:requestVote(1231)) - s0@group-9BB80F706352 replies to ELECTION vote request: s2<-s0#0:OK-t1. Peer's state: s0@group-9BB80F706352:t1, leader=null, voted=s2, raftlog=Memoized:s0@group-9BB80F706352-SegmentedRaftLog:OPENED:c-1, conf=-1: peers:[s0|rpc:localhost:38377|admin:localhost:39223|client:localhost:40951|dataStream:localhost:46057|priority:0|startupRole:FOLLOWER, s1|rpc:localhost:43949|admin:localhost:40443|client:localhost:37445|dataStream:localhost:35379|priority:0|startupRole:FOLLOWER, s2|rpc:localhost:41305|admin:localhost:42511|client:localhost:39543|dataStream:localhost:34801|priority:0|startupRole:FOLLOWER]|listeners:[], old=null
2022-07-23 22:32:42,736 [s2@group-9BB80F706352-LeaderElection6] INFO  server.RaftServerConfigKeys (ConfUtils.java:logGet(46)) - raft.server.log.appender.snapshot.chunk.size.max = 16MB (=16777216) (default)
2022-07-23 22:32:42,740 [s2@group-9BB80F706352-LeaderElection6] INFO  server.RaftServerConfigKeys (ConfUtils.java:logGet(46)) - raft.server.log.appender.buffer.byte-limit = 4MB (=4194304) (default)
2022-07-23 22:32:42,740 [s2@group-9BB80F706352-LeaderElection6] INFO  server.RaftServerConfigKeys (ConfUtils.java:logGet(46)) - raft.server.log.appender.buffer.element-limit = 0 (default)
2022-07-23 22:32:42,740 [s2@group-9BB80F706352-LeaderElection6] INFO  grpc.GrpcConfigKeys (ConfUtils.java:logGet(46)) - raft.grpc.server.leader.outstanding.appends.max = 128 (default)
2022-07-23 22:32:42,741 [s2@group-9BB80F706352-LeaderElection6] INFO  server.RaftServerConfigKeys (ConfUtils.java:logGet(46)) - raft.server.rpc.request.timeout = 3000ms (default)
2022-07-23 22:32:42,741 [s2@group-9BB80F706352-LeaderElection6] INFO  server.RaftServerConfigKeys (ConfUtils.java:logGet(46)) - raft.server.log.appender.install.snapshot.enabled = true (default)
2022-07-23 22:32:42,741 [s2@group-9BB80F706352-LeaderElection6] INFO  grpc.GrpcConfigKeys (ConfUtils.java:logGet(46)) - raft.grpc.server.heartbeat.channel = true (default)
2022-07-23 22:32:42,741 [s2@group-9BB80F706352-LeaderElection6] INFO  impl.RoleInfo (RoleInfo.java:updateAndGet(139)) - s2: start s2@group-9BB80F706352-LeaderStateImpl
2022-07-23 22:32:42,741 [s2@group-9BB80F706352-LeaderElection6] DEBUG raftlog.RaftLog (SegmentedRaftLog.java:appendImpl(447)) - truncateIndex=-1, arrayIndex=0
2022-07-23 22:32:42,741 [s2@group-9BB80F706352-LeaderElection6] INFO  segmented.SegmentedRaftLogWorker (SegmentedRaftLogWorker.java:startLogSegment(425)) - s2@group-9BB80F706352-SegmentedRaftLogWorker: Starting segment from index:0
2022-07-23 22:32:42,752 [s2@group-9BB80F706352-LeaderElection6] INFO  server.RaftServer$Division (ServerState.java:setRaftConf(429)) - s2@group-9BB80F706352: set configuration 0: peers:[s0|rpc:localhost:38377|admin:localhost:39223|client:localhost:40951|dataStream:localhost:46057|priority:0|startupRole:FOLLOWER, s1|rpc:localhost:43949|admin:localhost:40443|client:localhost:37445|dataStream:localhost:35379|priority:0|startupRole:FOLLOWER, s2|rpc:localhost:41305|admin:localhost:42511|client:localhost:39543|dataStream:localhost:34801|priority:0|startupRole:FOLLOWER]|listeners:[], old=null
2022-07-23 22:32:42,752 [s2@group-9BB80F706352-SegmentedRaftLogWorker] INFO  segmented.SegmentedRaftLogWorker (SegmentedRaftLogWorker.java:execute(629)) - s2@group-9BB80F706352-SegmentedRaftLogWorker: created new log segment /home/runner/work/ratis/ratis/ratis-test/target/test/data/981bff7b/MiniRaftClusterWithGrpcc5090773/s2/617e5aa4-0d59-43d6-8edc-9bb80f706352/current/log_inprogress_0
2022-07-23 22:32:42,764 [s0-server-thread1] INFO  server.RaftServer$Division (ServerState.java:setLeader(313)) - s0@group-9BB80F706352: change Leader from null to s2 at term 1 for appendEntries, leader elected after 302ms
2022-07-23 22:32:42,764 [s1-server-thread2] INFO  server.RaftServer$Division (ServerState.java:setLeader(313)) - s1@group-9BB80F706352: change Leader from null to s2 at term 1 for appendEntries, leader elected after 294ms
2022-07-23 22:32:42,765 [s0-server-thread2] DEBUG server.RaftServer$Division (RaftServerImpl.java:logAppendEntries(1305)) - s0@group-9BB80F706352: receive appendEntries(s2, 1, null, -1, true, commits:[s2:c-1, s0:c-1, s1:c-1], cId:1, entries: (t:1, i:0), CONFIGURATIONENTRY(current:id: "s0"
address: "localhost:38377"
dataStreamAddress: "localhost:46057"
clientAddress: "localhost:40951"
adminAddress: "localhost:39223"
startupRole: FOLLOWER
,id: "s1"
address: "localhost:43949"
dataStreamAddress: "localhost:35379"
clientAddress: "localhost:37445"
adminAddress: "localhost:40443"
startupRole: FOLLOWER
,id: "s2"
address: "localhost:41305"
dataStreamAddress: "localhost:34801"
clientAddress: "localhost:39543"
adminAddress: "localhost:42511"
startupRole: FOLLOWER
, old:)
2022-07-23 22:32:42,765 [s0-server-thread2] INFO  server.RaftServer$Division (ServerState.java:setRaftConf(429)) - s0@group-9BB80F706352: set configuration 0: peers:[s0|rpc:localhost:38377|admin:localhost:39223|client:localhost:40951|dataStream:localhost:46057|priority:0|startupRole:FOLLOWER, s1|rpc:localhost:43949|admin:localhost:40443|client:localhost:37445|dataStream:localhost:35379|priority:0|startupRole:FOLLOWER, s2|rpc:localhost:41305|admin:localhost:42511|client:localhost:39543|dataStream:localhost:34801|priority:0|startupRole:FOLLOWER]|listeners:[], old=null
2022-07-23 22:32:42,766 [s0-server-thread2] DEBUG raftlog.RaftLog (SegmentedRaftLog.java:appendImpl(447)) - truncateIndex=-1, arrayIndex=0
2022-07-23 22:32:42,766 [s0-server-thread2] INFO  segmented.SegmentedRaftLogWorker (SegmentedRaftLogWorker.java:startLogSegment(425)) - s0@group-9BB80F706352-SegmentedRaftLogWorker: Starting segment from index:0
2022-07-23 22:32:42,767 [s1-server-thread1] DEBUG server.RaftServer$Division (RaftServerImpl.java:logAppendEntries(1305)) - s1@group-9BB80F706352: receive appendEntries(s2, 1, null, -1, true, commits:[s2:c-1, s0:c-1, s1:c-1], cId:1, entries: (t:1, i:0), CONFIGURATIONENTRY(current:id: "s0"
address: "localhost:38377"
dataStreamAddress: "localhost:46057"
clientAddress: "localhost:40951"
adminAddress: "localhost:39223"
startupRole: FOLLOWER
,id: "s1"
address: "localhost:43949"
dataStreamAddress: "localhost:35379"
clientAddress: "localhost:37445"
adminAddress: "localhost:40443"
startupRole: FOLLOWER
,id: "s2"
address: "localhost:41305"
dataStreamAddress: "localhost:34801"
clientAddress: "localhost:39543"
adminAddress: "localhost:42511"
startupRole: FOLLOWER
, old:)
2022-07-23 22:32:42,768 [s1-server-thread1] INFO  server.RaftServer$Division (ServerState.java:setRaftConf(429)) - s1@group-9BB80F706352: set configuration 0: peers:[s0|rpc:localhost:38377|admin:localhost:39223|client:localhost:40951|dataStream:localhost:46057|priority:0|startupRole:FOLLOWER, s1|rpc:localhost:43949|admin:localhost:40443|client:localhost:37445|dataStream:localhost:35379|priority:0|startupRole:FOLLOWER, s2|rpc:localhost:41305|admin:localhost:42511|client:localhost:39543|dataStream:localhost:34801|priority:0|startupRole:FOLLOWER]|listeners:[], old=null
2022-07-23 22:32:42,768 [s1-server-thread1] DEBUG raftlog.RaftLog (SegmentedRaftLog.java:appendImpl(447)) - truncateIndex=-1, arrayIndex=0
2022-07-23 22:32:42,769 [s1-server-thread1] INFO  segmented.SegmentedRaftLogWorker (SegmentedRaftLogWorker.java:startLogSegment(425)) - s1@group-9BB80F706352-SegmentedRaftLogWorker: Starting segment from index:0
2022-07-23 22:32:42,792 [s1@group-9BB80F706352-SegmentedRaftLogWorker] INFO  segmented.SegmentedRaftLogWorker (SegmentedRaftLogWorker.java:execute(629)) - s1@group-9BB80F706352-SegmentedRaftLogWorker: created new log segment /home/runner/work/ratis/ratis/ratis-test/target/test/data/981bff7b/MiniRaftClusterWithGrpcc5090773/s1/617e5aa4-0d59-43d6-8edc-9bb80f706352/current/log_inprogress_0
2022-07-23 22:32:42,793 [s0@group-9BB80F706352-SegmentedRaftLogWorker] INFO  segmented.SegmentedRaftLogWorker (SegmentedRaftLogWorker.java:execute(629)) - s0@group-9BB80F706352-SegmentedRaftLogWorker: created new log segment /home/runner/work/ratis/ratis/ratis-test/target/test/data/981bff7b/MiniRaftClusterWithGrpcc5090773/s0/617e5aa4-0d59-43d6-8edc-9bb80f706352/current/log_inprogress_0
2022-07-23 22:32:42,793 [Thread-183] DEBUG server.RaftServer$Division (RaftServerImpl.java:logAppendEntries(1305)) - s1@group-9BB80F706352: succeeded to handle AppendEntries. Reply: s2<-s1#1:OK-t1,SUCCESS,nextIndex=1,followerCommit=-1,matchIndex=0
2022-07-23 22:32:42,795 [Thread-184] DEBUG server.RaftServer$Division (RaftServerImpl.java:logAppendEntries(1305)) - s0@group-9BB80F706352: succeeded to handle AppendEntries. Reply: s2<-s0#1:OK-t1,SUCCESS,nextIndex=1,followerCommit=-1,matchIndex=0
2022-07-23 22:32:42,976 [Time-limited test] INFO  ratis.RaftTestUtil (RaftTestUtil.java:waitForLeader(119)) - printing ALL groups
  s0:  RUNNING  FOLLOWER s0@group-9BB80F706352:t1, leader=s2, voted=s2, raftlog=Memoized:s0@group-9BB80F706352-SegmentedRaftLog:OPENED:c0, conf=0: peers:[s0|rpc:localhost:38377|admin:localhost:39223|client:localhost:40951|dataStream:localhost:46057|priority:0|startupRole:FOLLOWER, s1|rpc:localhost:43949|admin:localhost:40443|client:localhost:37445|dataStream:localhost:35379|priority:0|startupRole:FOLLOWER, s2|rpc:localhost:41305|admin:localhost:42511|client:localhost:39543|dataStream:localhost:34801|priority:0|startupRole:FOLLOWER]|listeners:[], old=null RUNNING
  s1:  RUNNING  FOLLOWER s1@group-9BB80F706352:t1, leader=s2, voted=s2, raftlog=Memoized:s1@group-9BB80F706352-SegmentedRaftLog:OPENED:c0, conf=0: peers:[s0|rpc:localhost:38377|admin:localhost:39223|client:localhost:40951|dataStream:localhost:46057|priority:0|startupRole:FOLLOWER, s1|rpc:localhost:43949|admin:localhost:40443|client:localhost:37445|dataStream:localhost:35379|priority:0|startupRole:FOLLOWER, s2|rpc:localhost:41305|admin:localhost:42511|client:localhost:39543|dataStream:localhost:34801|priority:0|startupRole:FOLLOWER]|listeners:[], old=null RUNNING
  s2:  RUNNING    LEADER s2@group-9BB80F706352:t1, leader=s2, voted=s2, raftlog=Memoized:s2@group-9BB80F706352-SegmentedRaftLog:OPENED:c0, conf=0: peers:[s0|rpc:localhost:38377|admin:localhost:39223|client:localhost:40951|dataStream:localhost:46057|priority:0|startupRole:FOLLOWER, s1|rpc:localhost:43949|admin:localhost:40443|client:localhost:37445|dataStream:localhost:35379|priority:0|startupRole:FOLLOWER, s2|rpc:localhost:41305|admin:localhost:42511|client:localhost:39543|dataStream:localhost:34801|priority:0|startupRole:FOLLOWER]|listeners:[], old=null RUNNING
2022-07-23 22:32:42,976 [Time-limited test] DEBUG client.RaftClient (ConfUtils.java:logGet(46)) - raft.rpc.type = GRPC (default)
2022-07-23 22:32:42,981 [s2-client-thread1] DEBUG server.RaftServer$Division (RaftServerImpl.java:submitClientRequestAsync(803)) - s2@group-9BB80F706352: receive client request(RaftClientRequest:client-873D1DD54949->s2@group-9BB80F706352, cid=2, seq=0, RW, Message:6669727374206d736720...(size=30))
2022-07-23 22:32:42,982 [s2-client-thread1] DEBUG server.RaftServer$Division (LeaderStateImpl.java:addPendingRequest(401)) - s2@group-9BB80F706352-LeaderStateImpl: addPendingRequest at RaftClientRequest:client-873D1DD54949->s2@group-9BB80F706352, cid=2, seq=0, RW, Message:6669727374206d736720...(size=30), entry=(t:1, i:1), STATEMACHINELOGENTRY, 2@client-873D1DD54949
2022-07-23 22:32:42,983 [s0-server-thread1] DEBUG server.RaftServer$Division (RaftServerImpl.java:logAppendEntries(1305)) - s0@group-9BB80F706352: receive appendEntries(s2, 1, (t:1, i:0), 0, true, commits:[s2:c0, s0:c0, s1:c0], cId:16, entries: (t:1, i:1), STATEMACHINELOGENTRY, 2@client-873D1DD54949
2022-07-23 22:32:42,983 [s0-server-thread1] DEBUG raftlog.RaftLog (SegmentedRaftLog.java:appendImpl(447)) - truncateIndex=-1, arrayIndex=0
2022-07-23 22:32:42,985 [s1-server-thread1] DEBUG server.RaftServer$Division (RaftServerImpl.java:logAppendEntries(1305)) - s1@group-9BB80F706352: receive appendEntries(s2, 1, (t:1, i:0), 0, true, commits:[s2:c0, s0:c0, s1:c0], cId:15, entries: (t:1, i:1), STATEMACHINELOGENTRY, 2@client-873D1DD54949
2022-07-23 22:32:42,985 [s1-server-thread1] DEBUG raftlog.RaftLog (SegmentedRaftLog.java:appendImpl(447)) - truncateIndex=-1, arrayIndex=0
2022-07-23 22:32:42,987 [Thread-190] DEBUG server.RaftServer$Division (RaftServerImpl.java:logAppendEntries(1305)) - s0@group-9BB80F706352: succeeded to handle AppendEntries. Reply: s2<-s0#16:OK-t1,SUCCESS,nextIndex=2,followerCommit=0,matchIndex=1
2022-07-23 22:32:42,987 [Thread-191] DEBUG server.RaftServer$Division (RaftServerImpl.java:logAppendEntries(1305)) - s1@group-9BB80F706352: succeeded to handle AppendEntries. Reply: s2<-s1#15:OK-t1,SUCCESS,nextIndex=2,followerCommit=0,matchIndex=1
2022-07-23 22:32:42,989 [s0-server-thread1] DEBUG server.RaftServer$Division (RaftServerImpl.java:logAppendEntries(1305)) - s0@group-9BB80F706352: receive appendEntries(s2, 1, (t:1, i:1), 1, true, commits:[s2:c1, s0:c0, s1:c0], cId:17, entries: (t:1, i:2), METADATAENTRY(c:1)
2022-07-23 22:32:42,990 [s0-server-thread1] DEBUG raftlog.RaftLog (SegmentedRaftLog.java:appendImpl(447)) - truncateIndex=-1, arrayIndex=0
2022-07-23 22:32:42,990 [s1-server-thread1] DEBUG server.RaftServer$Division (RaftServerImpl.java:logAppendEntries(1305)) - s1@group-9BB80F706352: receive appendEntries(s2, 1, (t:1, i:1), 1, true, commits:[s2:c1, s0:c0, s1:c0], cId:16, entries: (t:1, i:2), METADATAENTRY(c:1)
2022-07-23 22:32:42,990 [s1-server-thread1] DEBUG raftlog.RaftLog (SegmentedRaftLog.java:appendImpl(447)) - truncateIndex=-1, arrayIndex=0
2022-07-23 22:32:42,990 [null-request--thread1] INFO  server.GrpcClientProtocolService (GrpcClientProtocolService.java:lambda$processClientRequest$0(284)) - Failed RaftClientRequest:client-873D1DD54949->s2@group-9BB80F706352, cid=2, seq=0, RW, Message:6669727374206d736720...(size=30), reply=RaftClientReply:client-873D1DD54949->s2@group-9BB80F706352, cid=2, FAILED org.apache.ratis.protocol.exceptions.StateMachineException: org.apache.ratis.protocol.exceptions.StateMachineException from Server s2@group-9BB80F706352: Fake Exception, logIndex=1, commits[s2:c1, s0:c0, s1:c0]
2022-07-23 22:32:42,995 [Time-limited test] DEBUG client.RaftClient (ConfUtils.java:logGet(46)) - raft.rpc.type = GRPC (default)
2022-07-23 22:32:42,998 [Thread-193] DEBUG server.RaftServer$Division (RaftServerImpl.java:logAppendEntries(1305)) - s0@group-9BB80F706352: succeeded to handle AppendEntries. Reply: s2<-s0#17:OK-t1,SUCCESS,nextIndex=3,followerCommit=1,matchIndex=2
2022-07-23 22:32:42,998 [Thread-194] DEBUG server.RaftServer$Division (RaftServerImpl.java:logAppendEntries(1305)) - s1@group-9BB80F706352: succeeded to handle AppendEntries. Reply: s2<-s1#16:OK-t1,SUCCESS,nextIndex=3,followerCommit=1,matchIndex=2
2022-07-23 22:32:43,000 [s2-client-thread1] DEBUG server.RaftServer$Division (RaftServerImpl.java:submitClientRequestAsync(803)) - s2@group-9BB80F706352: receive client request(RaftClientRequest:client-B6B38CA761FC->s2@group-9BB80F706352, cid=999, seq=0, RW, Message:6d657373616765)
2022-07-23 22:32:43,001 [null-request--thread1] INFO  server.GrpcClientProtocolService (GrpcClientProtocolService.java:lambda$processClientRequest$0(284)) - Failed RaftClientRequest:client-B6B38CA761FC->s2@group-9BB80F706352, cid=999, seq=0, RW, Message:6d657373616765, reply=RaftClientReply:client-B6B38CA761FC->s2@group-9BB80F706352, cid=999, FAILED org.apache.ratis.protocol.exceptions.StateMachineException: java.io.IOException from Server s2@group-9BB80F706352: Fake Exception in preAppend, logIndex=0, commits[s2:c1, s0:c0, s1:c0]
2022-07-23 22:32:43,003 [Time-limited test] INFO  server.RaftServerConfigKeys (ConfUtils.java:logGet(46)) - raft.server.rpc.timeout.max = 300ms (default)
2022-07-23 22:32:43,003 [Time-limited test] INFO  ratis.RaftTestUtil (RaftTestUtil.java:waitForLeader(100)) - printing ALL groups
  s0:  RUNNING  FOLLOWER s0@group-9BB80F706352:t1, leader=s2, voted=s2, raftlog=Memoized:s0@group-9BB80F706352-SegmentedRaftLog:OPENED:c1, conf=0: peers:[s0|rpc:localhost:38377|admin:localhost:39223|client:localhost:40951|dataStream:localhost:46057|priority:0|startupRole:FOLLOWER, s1|rpc:localhost:43949|admin:localhost:40443|client:localhost:37445|dataStream:localhost:35379|priority:0|startupRole:FOLLOWER, s2|rpc:localhost:41305|admin:localhost:42511|client:localhost:39543|dataStream:localhost:34801|priority:0|startupRole:FOLLOWER]|listeners:[], old=null RUNNING
  s1:  RUNNING  FOLLOWER s1@group-9BB80F706352:t1, leader=s2, voted=s2, raftlog=Memoized:s1@group-9BB80F706352-SegmentedRaftLog:OPENED:c1, conf=0: peers:[s0|rpc:localhost:38377|admin:localhost:39223|client:localhost:40951|dataStream:localhost:46057|priority:0|startupRole:FOLLOWER, s1|rpc:localhost:43949|admin:localhost:40443|client:localhost:37445|dataStream:localhost:35379|priority:0|startupRole:FOLLOWER, s2|rpc:localhost:41305|admin:localhost:42511|client:localhost:39543|dataStream:localhost:34801|priority:0|startupRole:FOLLOWER]|listeners:[], old=null RUNNING
  s2:  RUNNING    LEADER s2@group-9BB80F706352:t1, leader=s2, voted=s2, raftlog=Memoized:s2@group-9BB80F706352-SegmentedRaftLog:OPENED:c1, conf=0: peers:[s0|rpc:localhost:38377|admin:localhost:39223|client:localhost:40951|dataStream:localhost:46057|priority:0|startupRole:FOLLOWER, s1|rpc:localhost:43949|admin:localhost:40443|client:localhost:37445|dataStream:localhost:35379|priority:0|startupRole:FOLLOWER, s2|rpc:localhost:41305|admin:localhost:42511|client:localhost:39543|dataStream:localhost:34801|priority:0|startupRole:FOLLOWER]|listeners:[], old=null RUNNING
2022-07-23 22:32:43,004 [Time-limited test] INFO  ratis.RaftTestUtil (RaftTestUtil.java:waitForLeader(119)) - printing ALL groups
  s0:  RUNNING  FOLLOWER s0@group-9BB80F706352:t1, leader=s2, voted=s2, raftlog=Memoized:s0@group-9BB80F706352-SegmentedRaftLog:OPENED:c1, conf=0: peers:[s0|rpc:localhost:38377|admin:localhost:39223|client:localhost:40951|dataStream:localhost:46057|priority:0|startupRole:FOLLOWER, s1|rpc:localhost:43949|admin:localhost:40443|client:localhost:37445|dataStream:localhost:35379|priority:0|startupRole:FOLLOWER, s2|rpc:localhost:41305|admin:localhost:42511|client:localhost:39543|dataStream:localhost:34801|priority:0|startupRole:FOLLOWER]|listeners:[], old=null RUNNING
  s1:  RUNNING  FOLLOWER s1@group-9BB80F706352:t1, leader=s2, voted=s2, raftlog=Memoized:s1@group-9BB80F706352-SegmentedRaftLog:OPENED:c1, conf=0: peers:[s0|rpc:localhost:38377|admin:localhost:39223|client:localhost:40951|dataStream:localhost:46057|priority:0|startupRole:FOLLOWER, s1|rpc:localhost:43949|admin:localhost:40443|client:localhost:37445|dataStream:localhost:35379|priority:0|startupRole:FOLLOWER, s2|rpc:localhost:41305|admin:localhost:42511|client:localhost:39543|dataStream:localhost:34801|priority:0|startupRole:FOLLOWER]|listeners:[], old=null RUNNING
  s2:  RUNNING    LEADER s2@group-9BB80F706352:t1, leader=s2, voted=s2, raftlog=Memoized:s2@group-9BB80F706352-SegmentedRaftLog:OPENED:c1, conf=0: peers:[s0|rpc:localhost:38377|admin:localhost:39223|client:localhost:40951|dataStream:localhost:46057|priority:0|startupRole:FOLLOWER, s1|rpc:localhost:43949|admin:localhost:40443|client:localhost:37445|dataStream:localhost:35379|priority:0|startupRole:FOLLOWER, s2|rpc:localhost:41305|admin:localhost:42511|client:localhost:39543|dataStream:localhost:34801|priority:0|startupRole:FOLLOWER]|listeners:[], old=null RUNNING
2022-07-23 22:32:43,004 [s2@group-9BB80F706352-LeaderStateImpl] INFO  server.RaftServer$Division (RaftServerImpl.java:setRole(301)) - s2@group-9BB80F706352: changes role from    LEADER to FOLLOWER at term 1 for StepDownReason:STATE_MACHINE_EXCEPTION
2022-07-23 22:32:43,004 [s2@group-9BB80F706352-LeaderStateImpl] INFO  impl.RoleInfo (RoleInfo.java:shutdownLeaderState(93)) - s2: shutdown s2@group-9BB80F706352-LeaderStateImpl
2022-07-23 22:32:43,005 [s2@group-9BB80F706352-LeaderStateImpl] INFO  impl.PendingRequests (PendingRequests.java:sendNotLeaderResponses(282)) - s2@group-9BB80F706352-PendingRequests: sendNotLeaderResponses
2022-07-23 22:32:43,005 [s2-client-thread1] DEBUG server.RaftServer$Division (RaftServerImpl.java:submitClientRequestAsync(803)) - s2@group-9BB80F706352: receive client request(RaftClientRequest:client-B6B38CA761FC->s2@group-9BB80F706352, cid=999, seq=0, RW, Message:6d657373616765)
2022-07-23 22:32:43,005 [s2@group-9BB80F706352-LeaderStateImpl] INFO  impl.RoleInfo (RoleInfo.java:updateAndGet(139)) - s2: start s2@group-9BB80F706352-FollowerState
2022-07-23 22:32:43,005 [s2@group-9BB80F706352->s1-GrpcLogAppender-LogAppenderDaemon] WARN  server.GrpcLogAppender (GrpcLogAppender.java:mayWait(183)) - s2@group-9BB80F706352->s1-GrpcLogAppender: Wait interrupted by java.lang.InterruptedException
2022-07-23 22:32:43,005 [null-request--thread1] INFO  server.GrpcClientProtocolService (GrpcClientProtocolService.java:lambda$processClientRequest$0(284)) - Failed RaftClientRequest:client-B6B38CA761FC->s2@group-9BB80F706352, cid=999, seq=0, RW, Message:6d657373616765, reply=RaftClientReply:client-B6B38CA761FC->s2@group-9BB80F706352, cid=999, FAILED org.apache.ratis.protocol.exceptions.NotLeaderException: Server s2@group-9BB80F706352 is not the leader, logIndex=0, commits[s2:c1, s0:c0, s1:c0]
2022-07-23 22:32:43,005 [s2@group-9BB80F706352->s0-GrpcLogAppender-LogAppenderDaemon] WARN  server.GrpcLogAppender (GrpcLogAppender.java:mayWait(183)) - s2@group-9BB80F706352->s0-GrpcLogAppender: Wait interrupted by java.lang.InterruptedException
2022-07-23 22:32:43,006 [grpc-default-executor-8] INFO  server.GrpcServerProtocolService (GrpcServerProtocolService.java:onCompleted(145)) - s1: Completed APPEND_ENTRIES, lastRequest: null
2022-07-23 22:32:43,006 [grpc-default-executor-11] INFO  server.GrpcServerProtocolService (GrpcServerProtocolService.java:onCompleted(145)) - s0: Completed APPEND_ENTRIES, lastRequest: null
2022-07-23 22:32:43,006 [grpc-default-executor-10] INFO  server.GrpcServerProtocolService (GrpcServerProtocolService.java:onCompleted(145)) - s0: Completed APPEND_ENTRIES, lastRequest: s2->s0#17-t1,previous=(t:1, i:1),leaderCommit=1,initializing? true,entries: size=1, first=(t:1, i:2), METADATAENTRY(c:1)
2022-07-23 22:32:43,006 [grpc-default-executor-9] INFO  server.GrpcServerProtocolService (GrpcServerProtocolService.java:onCompleted(145)) - s1: Completed APPEND_ENTRIES, lastRequest: s2->s1#16-t1,previous=(t:1, i:1),leaderCommit=1,initializing? true,entries: size=1, first=(t:1, i:2), METADATAENTRY(c:1)
2022-07-23 22:32:43,007 [grpc-default-executor-10] INFO  server.GrpcLogAppender (GrpcLogAppender.java:onCompleted(386)) - s2@group-9BB80F706352->s0-AppendLogResponseHandler: follower responses appendEntries COMPLETED
2022-07-23 22:32:43,007 [grpc-default-executor-10] INFO  leader.FollowerInfo (FollowerInfoImpl.java:lambda$new$0(48)) - s2@group-9BB80F706352->s0: nextIndex: updateUnconditionally 3 -> 2
2022-07-23 22:32:43,007 [grpc-default-executor-8] INFO  server.GrpcLogAppender (GrpcLogAppender.java:onCompleted(386)) - s2@group-9BB80F706352->s1-AppendLogResponseHandler: follower responses appendEntries COMPLETED
2022-07-23 22:32:43,007 [grpc-default-executor-8] INFO  leader.FollowerInfo (FollowerInfoImpl.java:lambda$new$0(48)) - s2@group-9BB80F706352->s1: nextIndex: updateUnconditionally 3 -> 2
2022-07-23 22:32:43,007 [grpc-default-executor-9] INFO  server.GrpcLogAppender (GrpcLogAppender.java:onCompleted(386)) - s2@group-9BB80F706352->s1-AppendLogResponseHandler: follower responses appendEntries COMPLETED
2022-07-23 22:32:43,007 [grpc-default-executor-9] INFO  leader.FollowerInfo (FollowerInfoImpl.java:lambda$new$0(48)) - s2@group-9BB80F706352->s1: nextIndex: updateUnconditionally 2 -> 1
2022-07-23 22:32:43,007 [grpc-default-executor-8] INFO  server.GrpcLogAppender (GrpcLogAppender.java:onCompleted(386)) - s2@group-9BB80F706352->s0-AppendLogResponseHandler: follower responses appendEntries COMPLETED
2022-07-23 22:32:43,008 [grpc-default-executor-8] INFO  leader.FollowerInfo (FollowerInfoImpl.java:lambda$new$0(48)) - s2@group-9BB80F706352->s0: nextIndex: updateUnconditionally 2 -> 1
2022-07-23 22:32:43,011 [Time-limited test] INFO  impl.MiniRaftCluster (MiniRaftCluster.java:runWithNewCluster(140)) - printing ALL groups
  s0:  RUNNING  FOLLOWER s0@group-9BB80F706352:t1, leader=s2, voted=s2, raftlog=Memoized:s0@group-9BB80F706352-SegmentedRaftLog:OPENED:c1, conf=0: peers:[s0|rpc:localhost:38377|admin:localhost:39223|client:localhost:40951|dataStream:localhost:46057|priority:0|startupRole:FOLLOWER, s1|rpc:localhost:43949|admin:localhost:40443|client:localhost:37445|dataStream:localhost:35379|priority:0|startupRole:FOLLOWER, s2|rpc:localhost:41305|admin:localhost:42511|client:localhost:39543|dataStream:localhost:34801|priority:0|startupRole:FOLLOWER]|listeners:[], old=null RUNNING
  s1:  RUNNING  FOLLOWER s1@group-9BB80F706352:t1, leader=s2, voted=s2, raftlog=Memoized:s1@group-9BB80F706352-SegmentedRaftLog:OPENED:c1, conf=0: peers:[s0|rpc:localhost:38377|admin:localhost:39223|client:localhost:40951|dataStream:localhost:46057|priority:0|startupRole:FOLLOWER, s1|rpc:localhost:43949|admin:localhost:40443|client:localhost:37445|dataStream:localhost:35379|priority:0|startupRole:FOLLOWER, s2|rpc:localhost:41305|admin:localhost:42511|client:localhost:39543|dataStream:localhost:34801|priority:0|startupRole:FOLLOWER]|listeners:[], old=null RUNNING
  s2:  RUNNING  FOLLOWER s2@group-9BB80F706352:t1, leader=s2, voted=s2, raftlog=Memoized:s2@group-9BB80F706352-SegmentedRaftLog:OPENED:c1, conf=0: peers:[s0|rpc:localhost:38377|admin:localhost:39223|client:localhost:40951|dataStream:localhost:46057|priority:0|startupRole:FOLLOWER, s1|rpc:localhost:43949|admin:localhost:40443|client:localhost:37445|dataStream:localhost:35379|priority:0|startupRole:FOLLOWER, s2|rpc:localhost:41305|admin:localhost:42511|client:localhost:39543|dataStream:localhost:34801|priority:0|startupRole:FOLLOWER]|listeners:[], old=null RUNNING
2022-07-23 22:32:43,012 [Time-limited test] ERROR impl.MiniRaftCluster (MiniRaftCluster.java:runWithNewCluster(141)) - Failed org.apache.ratis.server.impl.MiniRaftCluster$Factory$Get.runWithNewCluster(MiniRaftCluster.java:118)
java.lang.NullPointerException
	at java.util.Objects.requireNonNull(Objects.java:203)
	at org.apache.ratis.server.impl.RaftStateMachineExceptionTests.runTestRetryOnExceptionDuringReplication(RaftStateMachineExceptionTests.java:172)
	at org.apache.ratis.server.impl.MiniRaftCluster$Factory$Get.runWithNewCluster(MiniRaftCluster.java:138)
	at org.apache.ratis.server.impl.MiniRaftCluster$Factory$Get.runWithNewCluster(MiniRaftCluster.java:118)
	at org.apache.ratis.server.impl.RaftStateMachineExceptionTests.testRetryOnExceptionDuringReplication(RaftStateMachineExceptionTests.java:147)
	at sun.reflect.NativeMethodAccessorImpl.invoke0(Native Method)
	at sun.reflect.NativeMethodAccessorImpl.invoke(NativeMethodAccessorImpl.java:62)
	at sun.reflect.DelegatingMethodAccessorImpl.invoke(DelegatingMethodAccessorImpl.java:43)
	at java.lang.reflect.Method.invoke(Method.java:498)
	at org.junit.runners.model.FrameworkMethod$1.runReflectiveCall(FrameworkMethod.java:59)
	at org.junit.internal.runners.model.ReflectiveCallable.run(ReflectiveCallable.java:12)
	at org.junit.runners.model.FrameworkMethod.invokeExplosively(FrameworkMethod.java:56)
	at org.junit.internal.runners.statements.InvokeMethod.evaluate(InvokeMethod.java:17)
	at org.junit.internal.runners.statements.RunAfters.evaluate(RunAfters.java:27)
	at org.junit.internal.runners.statements.FailOnTimeout$CallableStatement.call(FailOnTimeout.java:299)
	at org.junit.internal.runners.statements.FailOnTimeout$CallableStatement.call(FailOnTimeout.java:293)
	at java.util.concurrent.FutureTask.run(FutureTask.java:266)
	at java.lang.Thread.run(Thread.java:750)
2022-07-23 22:32:43,012 [Time-limited test] INFO  impl.MiniRaftCluster (MiniRaftCluster.java:shutdown(821)) - ************************************************************** 
2022-07-23 22:32:43,012 [Time-limited test] INFO  impl.MiniRaftCluster (MiniRaftCluster.java:shutdown(822)) - *** 
2022-07-23 22:32:43,012 [Time-limited test] INFO  impl.MiniRaftCluster (MiniRaftCluster.java:shutdown(823)) - ***     Stopping MiniRaftClusterWithGrpc
2022-07-23 22:32:43,012 [Time-limited test] INFO  impl.MiniRaftCluster (MiniRaftCluster.java:shutdown(824)) - *** 
2022-07-23 22:32:43,012 [Time-limited test] INFO  impl.MiniRaftCluster (MiniRaftCluster.java:shutdown(825)) - ************************************************************** 
2022-07-23 22:32:43,012 [Time-limited test] INFO  impl.MiniRaftCluster (MiniRaftCluster.java:shutdown(826)) - printing ALL groups
  s0:  RUNNING  FOLLOWER s0@group-9BB80F706352:t1, leader=s2, voted=s2, raftlog=Memoized:s0@group-9BB80F706352-SegmentedRaftLog:OPENED:c1, conf=0: peers:[s0|rpc:localhost:38377|admin:localhost:39223|client:localhost:40951|dataStream:localhost:46057|priority:0|startupRole:FOLLOWER, s1|rpc:localhost:43949|admin:localhost:40443|client:localhost:37445|dataStream:localhost:35379|priority:0|startupRole:FOLLOWER, s2|rpc:localhost:41305|admin:localhost:42511|client:localhost:39543|dataStream:localhost:34801|priority:0|startupRole:FOLLOWER]|listeners:[], old=null RUNNING
  s1:  RUNNING  FOLLOWER s1@group-9BB80F706352:t1, leader=s2, voted=s2, raftlog=Memoized:s1@group-9BB80F706352-SegmentedRaftLog:OPENED:c1, conf=0: peers:[s0|rpc:localhost:38377|admin:localhost:39223|client:localhost:40951|dataStream:localhost:46057|priority:0|startupRole:FOLLOWER, s1|rpc:localhost:43949|admin:localhost:40443|client:localhost:37445|dataStream:localhost:35379|priority:0|startupRole:FOLLOWER, s2|rpc:localhost:41305|admin:localhost:42511|client:localhost:39543|dataStream:localhost:34801|priority:0|startupRole:FOLLOWER]|listeners:[], old=null RUNNING
  s2:  RUNNING  FOLLOWER s2@group-9BB80F706352:t1, leader=s2, voted=s2, raftlog=Memoized:s2@group-9BB80F706352-SegmentedRaftLog:OPENED:c1, conf=0: peers:[s0|rpc:localhost:38377|admin:localhost:39223|client:localhost:40951|dataStream:localhost:46057|priority:0|startupRole:FOLLOWER, s1|rpc:localhost:43949|admin:localhost:40443|client:localhost:37445|dataStream:localhost:35379|priority:0|startupRole:FOLLOWER, s2|rpc:localhost:41305|admin:localhost:42511|client:localhost:39543|dataStream:localhost:34801|priority:0|startupRole:FOLLOWER]|listeners:[], old=null RUNNING
2022-07-23 22:32:43,014 [java.util.concurrent.ThreadPoolExecutor$Worker@1355b019[State = -1, empty queue]] INFO  server.RaftServer (RaftServerProxy.java:lambda$close$6(401)) - s2: close
2022-07-23 22:32:43,014 [java.util.concurrent.ThreadPoolExecutor$Worker@1355b019[State = -1, empty queue]] INFO  server.RaftServer$Division (RaftServerImpl.java:lambda$close$4(438)) - s2@group-9BB80F706352: shutdown
2022-07-23 22:32:43,014 [java.util.concurrent.ThreadPoolExecutor$Worker@79e0ee60[State = -1, empty queue]] INFO  server.RaftServer (RaftServerProxy.java:lambda$close$6(401)) - s0: close
2022-07-23 22:32:43,014 [java.util.concurrent.ThreadPoolExecutor$Worker@79e0ee60[State = -1, empty queue]] INFO  server.RaftServer$Division (RaftServerImpl.java:lambda$close$4(438)) - s0@group-9BB80F706352: shutdown
2022-07-23 22:32:43,014 [java.util.concurrent.ThreadPoolExecutor$Worker@1355b019[State = -1, empty queue]] INFO  util.JmxRegister (JmxRegister.java:unregister(73)) - Successfully un-registered JMX Bean with object name Ratis:service=RaftServer,group=group-9BB80F706352,id=s2
2022-07-23 22:32:43,014 [java.util.concurrent.ThreadPoolExecutor$Worker@1355b019[State = -1, empty queue]] INFO  impl.RoleInfo (RoleInfo.java:shutdownFollowerState(110)) - s2: shutdown s2@group-9BB80F706352-FollowerState
2022-07-23 22:32:43,015 [s2@group-9BB80F706352-FollowerState] INFO  impl.FollowerState (FollowerState.java:run(152)) - s2@group-9BB80F706352-FollowerState was interrupted
2022-07-23 22:32:43,015 [java.util.concurrent.ThreadPoolExecutor$Worker@1355b019[State = -1, empty queue]] INFO  impl.StateMachineUpdater (StateMachineUpdater.java:stopAndJoin(153)) - s2@group-9BB80F706352-StateMachineUpdater: set stopIndex = 1
2022-07-23 22:32:43,015 [java.util.concurrent.ThreadPoolExecutor$Worker@1355b019[State = -1, empty queue]] INFO  server.RaftServer$Division (ServerState.java:close(465)) - s2@group-9BB80F706352: closes. applyIndex: 0
2022-07-23 22:32:43,014 [java.util.concurrent.ThreadPoolExecutor$Worker@79e0ee60[State = -1, empty queue]] INFO  util.JmxRegister (JmxRegister.java:unregister(73)) - Successfully un-registered JMX Bean with object name Ratis:service=RaftServer,group=group-9BB80F706352,id=s0
2022-07-23 22:32:43,015 [java.util.concurrent.ThreadPoolExecutor$Worker@79e0ee60[State = -1, empty queue]] INFO  impl.RoleInfo (RoleInfo.java:shutdownFollowerState(110)) - s0: shutdown s0@group-9BB80F706352-FollowerState
2022-07-23 22:32:43,015 [s2@group-9BB80F706352-SegmentedRaftLogWorker] INFO  segmented.SegmentedRaftLogWorker (SegmentedRaftLogWorker.java:run(336)) - s2@group-9BB80F706352-SegmentedRaftLogWorker was interrupted, exiting. There are 0 tasks remaining in the queue.
2022-07-23 22:32:43,015 [s0@group-9BB80F706352-FollowerState] INFO  impl.FollowerState (FollowerState.java:run(152)) - s0@group-9BB80F706352-FollowerState was interrupted
2022-07-23 22:32:43,016 [java.util.concurrent.ThreadPoolExecutor$Worker@79e0ee60[State = -1, empty queue]] INFO  impl.StateMachineUpdater (StateMachineUpdater.java:stopAndJoin(153)) - s0@group-9BB80F706352-StateMachineUpdater: set stopIndex = 1
2022-07-23 22:32:43,016 [java.util.concurrent.ThreadPoolExecutor$Worker@79e0ee60[State = -1, empty queue]] INFO  server.RaftServer$Division (ServerState.java:close(465)) - s0@group-9BB80F706352: closes. applyIndex: 0
2022-07-23 22:32:43,016 [s0@group-9BB80F706352-SegmentedRaftLogWorker] INFO  segmented.SegmentedRaftLogWorker (SegmentedRaftLogWorker.java:run(336)) - s0@group-9BB80F706352-SegmentedRaftLogWorker was interrupted, exiting. There are 0 tasks remaining in the queue.
2022-07-23 22:32:43,016 [java.util.concurrent.ThreadPoolExecutor$Worker@1355b019[State = -1, empty queue]] INFO  segmented.SegmentedRaftLogWorker (SegmentedRaftLogWorker.java:close(246)) - s2@group-9BB80F706352-SegmentedRaftLogWorker close()
2022-07-23 22:32:43,017 [java.util.concurrent.ThreadPoolExecutor$Worker@79e0ee60[State = -1, empty queue]] INFO  segmented.SegmentedRaftLogWorker (SegmentedRaftLogWorker.java:close(246)) - s0@group-9BB80F706352-SegmentedRaftLogWorker close()
2022-07-23 22:32:43,017 [java.util.concurrent.ThreadPoolExecutor$Worker@1355b019[State = -1, empty queue]] INFO  server.GrpcService (GrpcService.java:closeImpl(271)) - s2: shutdown server org.apache.ratis.grpc.server.GrpcClientProtocolService now
2022-07-23 22:32:43,017 [ForkJoinPool.commonPool-worker-1] INFO  server.GrpcServerProtocolClient (GrpcServerProtocolClient.java:close(110)) - s0 Close channels
2022-07-23 22:32:43,020 [java.util.concurrent.ThreadPoolExecutor$Worker@79e0ee60[State = -1, empty queue]] INFO  server.GrpcService (GrpcService.java:closeImpl(271)) - s0: shutdown server org.apache.ratis.grpc.server.GrpcClientProtocolService now
2022-07-23 22:32:43,020 [ForkJoinPool.commonPool-worker-1] INFO  server.GrpcServerProtocolClient (GrpcServerProtocolClient.java:close(110)) - s1 Close channels
2022-07-23 22:32:43,020 [java.util.concurrent.ThreadPoolExecutor$Worker@79e0ee60[State = -1, empty queue]] INFO  server.GrpcServerProtocolClient (GrpcServerProtocolClient.java:close(110)) - s1 Close channels
2022-07-23 22:32:43,021 [java.util.concurrent.ThreadPoolExecutor$Worker@79e0ee60[State = -1, empty queue]] INFO  server.GrpcServerProtocolClient (GrpcServerProtocolClient.java:close(110)) - s2 Close channels
2022-07-23 22:32:43,014 [java.util.concurrent.ThreadPoolExecutor$Worker@68f3e8e5[State = -1, empty queue]] INFO  server.RaftServer (RaftServerProxy.java:lambda$close$6(401)) - s1: close
2022-07-23 22:32:43,022 [java.util.concurrent.ThreadPoolExecutor$Worker@68f3e8e5[State = -1, empty queue]] INFO  server.RaftServer$Division (RaftServerImpl.java:lambda$close$4(438)) - s1@group-9BB80F706352: shutdown
2022-07-23 22:32:43,022 [java.util.concurrent.ThreadPoolExecutor$Worker@68f3e8e5[State = -1, empty queue]] INFO  util.JmxRegister (JmxRegister.java:unregister(73)) - Successfully un-registered JMX Bean with object name Ratis:service=RaftServer,group=group-9BB80F706352,id=s1
2022-07-23 22:32:43,022 [java.util.concurrent.ThreadPoolExecutor$Worker@68f3e8e5[State = -1, empty queue]] INFO  impl.RoleInfo (RoleInfo.java:shutdownFollowerState(110)) - s1: shutdown s1@group-9BB80F706352-FollowerState
2022-07-23 22:32:43,022 [java.util.concurrent.ThreadPoolExecutor$Worker@79e0ee60[State = -1, empty queue]] INFO  server.GrpcService (GrpcService.java:closeImpl(280)) - s0: shutdown server org.apache.ratis.grpc.server.GrpcClientProtocolService successfully
2022-07-23 22:32:43,022 [java.util.concurrent.ThreadPoolExecutor$Worker@79e0ee60[State = -1, empty queue]] INFO  server.GrpcService (GrpcService.java:closeImpl(271)) - s0: shutdown server GrpcServerProtocolService now
2022-07-23 22:32:43,022 [java.util.concurrent.ThreadPoolExecutor$Worker@79e0ee60[State = -1, empty queue]] INFO  server.GrpcService (GrpcService.java:closeImpl(280)) - s0: shutdown server GrpcServerProtocolService successfully
2022-07-23 22:32:43,022 [java.util.concurrent.ThreadPoolExecutor$Worker@79e0ee60[State = -1, empty queue]] INFO  server.GrpcService (GrpcService.java:closeImpl(271)) - s0: shutdown server org.apache.ratis.grpc.server.GrpcAdminProtocolService now
2022-07-23 22:32:43,023 [java.util.concurrent.ThreadPoolExecutor$Worker@79e0ee60[State = -1, empty queue]] INFO  server.GrpcService (GrpcService.java:closeImpl(280)) - s0: shutdown server org.apache.ratis.grpc.server.GrpcAdminProtocolService successfully
2022-07-23 22:32:43,023 [s1@group-9BB80F706352-FollowerState] INFO  impl.FollowerState (FollowerState.java:run(152)) - s1@group-9BB80F706352-FollowerState was interrupted
2022-07-23 22:32:43,023 [java.util.concurrent.ThreadPoolExecutor$Worker@1355b019[State = -1, empty queue]] INFO  server.GrpcService (GrpcService.java:closeImpl(280)) - s2: shutdown server org.apache.ratis.grpc.server.GrpcClientProtocolService successfully
2022-07-23 22:32:43,023 [java.util.concurrent.ThreadPoolExecutor$Worker@1355b019[State = -1, empty queue]] INFO  server.GrpcService (GrpcService.java:closeImpl(271)) - s2: shutdown server GrpcServerProtocolService now
2022-07-23 22:32:43,023 [java.util.concurrent.ThreadPoolExecutor$Worker@68f3e8e5[State = -1, empty queue]] INFO  impl.StateMachineUpdater (StateMachineUpdater.java:stopAndJoin(153)) - s1@group-9BB80F706352-StateMachineUpdater: set stopIndex = 1
2022-07-23 22:32:43,023 [org.apache.ratis.util.JvmPauseMonitor$$Lambda$295/1097469026@1311544e] INFO  util.JvmPauseMonitor (JvmPauseMonitor.java:run(109)) - JvmPauseMonitor-s0: Stopped
2022-07-23 22:32:43,024 [java.util.concurrent.ThreadPoolExecutor$Worker@1355b019[State = -1, empty queue]] INFO  server.GrpcService (GrpcService.java:closeImpl(280)) - s2: shutdown server GrpcServerProtocolService successfully
2022-07-23 22:32:43,024 [java.util.concurrent.ThreadPoolExecutor$Worker@1355b019[State = -1, empty queue]] INFO  server.GrpcService (GrpcService.java:closeImpl(271)) - s2: shutdown server org.apache.ratis.grpc.server.GrpcAdminProtocolService now
2022-07-23 22:32:43,024 [java.util.concurrent.ThreadPoolExecutor$Worker@68f3e8e5[State = -1, empty queue]] INFO  server.RaftServer$Division (ServerState.java:close(465)) - s1@group-9BB80F706352: closes. applyIndex: 0
2022-07-23 22:32:43,024 [s1@group-9BB80F706352-SegmentedRaftLogWorker] INFO  segmented.SegmentedRaftLogWorker (SegmentedRaftLogWorker.java:run(336)) - s1@group-9BB80F706352-SegmentedRaftLogWorker was interrupted, exiting. There are 0 tasks remaining in the queue.
2022-07-23 22:32:43,024 [java.util.concurrent.ThreadPoolExecutor$Worker@1355b019[State = -1, empty queue]] INFO  server.GrpcService (GrpcService.java:closeImpl(280)) - s2: shutdown server org.apache.ratis.grpc.server.GrpcAdminProtocolService successfully
2022-07-23 22:32:43,025 [org.apache.ratis.util.JvmPauseMonitor$$Lambda$295/1097469026@21b67608] INFO  util.JvmPauseMonitor (JvmPauseMonitor.java:run(109)) - JvmPauseMonitor-s2: Stopped
2022-07-23 22:32:43,026 [java.util.concurrent.ThreadPoolExecutor$Worker@68f3e8e5[State = -1, empty queue]] INFO  segmented.SegmentedRaftLogWorker (SegmentedRaftLogWorker.java:close(246)) - s1@group-9BB80F706352-SegmentedRaftLogWorker close()
2022-07-23 22:32:43,027 [java.util.concurrent.ThreadPoolExecutor$Worker@68f3e8e5[State = -1, empty queue]] INFO  server.GrpcService (GrpcService.java:closeImpl(271)) - s1: shutdown server org.apache.ratis.grpc.server.GrpcClientProtocolService now
2022-07-23 22:32:43,027 [java.util.concurrent.ThreadPoolExecutor$Worker@68f3e8e5[State = -1, empty queue]] INFO  server.GrpcService (GrpcService.java:closeImpl(280)) - s1: shutdown server org.apache.ratis.grpc.server.GrpcClientProtocolService successfully
2022-07-23 22:32:43,027 [java.util.concurrent.ThreadPoolExecutor$Worker@68f3e8e5[State = -1, empty queue]] INFO  server.GrpcService (GrpcService.java:closeImpl(271)) - s1: shutdown server GrpcServerProtocolService now
2022-07-23 22:32:43,027 [java.util.concurrent.ThreadPoolExecutor$Worker@68f3e8e5[State = -1, empty queue]] INFO  server.GrpcService (GrpcService.java:closeImpl(280)) - s1: shutdown server GrpcServerProtocolService successfully
2022-07-23 22:32:43,027 [java.util.concurrent.ThreadPoolExecutor$Worker@68f3e8e5[State = -1, empty queue]] INFO  server.GrpcService (GrpcService.java:closeImpl(271)) - s1: shutdown server org.apache.ratis.grpc.server.GrpcAdminProtocolService now
2022-07-23 22:32:43,027 [java.util.concurrent.ThreadPoolExecutor$Worker@68f3e8e5[State = -1, empty queue]] INFO  server.GrpcService (GrpcService.java:closeImpl(280)) - s1: shutdown server org.apache.ratis.grpc.server.GrpcAdminProtocolService successfully
2022-07-23 22:32:43,028 [org.apache.ratis.util.JvmPauseMonitor$$Lambda$295/1097469026@370c2097] INFO  util.JvmPauseMonitor (JvmPauseMonitor.java:run(109)) - JvmPauseMonitor-s1: Stopped
2022-07-23 22:32:43,028 [Time-limited test] INFO  impl.MiniRaftCluster (MiniRaftCluster.java:shutdown(844)) - MiniRaftClusterWithGrpc shutdown completed
]]></system-out>
  </testcase>
</testsuite>