<?xml version="1.0" encoding="UTF-8"?>
<testsuite xmlns:xsi="http://www.w3.org/2001/XMLSchema-instance" xsi:noNamespaceSchemaLocation="https://maven.apache.org/surefire/maven-surefire-plugin/xsd/surefire-test-report-3.0.xsd" version="3.0" name="org.apache.ratis.grpc.TestRetryCacheWithGrpc" time="10.969" tests="4" errors="0" skipped="0" failures="1">
  <properties>
    <property name="awt.toolkit" value="sun.awt.X11.XToolkit"/>
    <property name="java.specification.version" value="11"/>
    <property name="sun.cpu.isalist" value=""/>
    <property name="sun.jnu.encoding" value="UTF-8"/>
    <property name="java.class.path" value="/home/runner/work/ratis/ratis/ratis-test/target/test-classes:/home/runner/work/ratis/ratis/ratis-test/target/classes:/home/runner/work/ratis/ratis/ratis-common/target/classes:/home/runner/.m2/repository/org/apache/ratis/ratis-thirdparty-misc/1.0.5/ratis-thirdparty-misc-1.0.5.jar:/home/runner/work/ratis/ratis/ratis-proto/target/classes:/home/runner/work/ratis/ratis/ratis-common/target/test-classes:/home/runner/work/ratis/ratis/ratis-client/target/classes:/home/runner/work/ratis/ratis/ratis-server/target/classes:/home/runner/work/ratis/ratis/ratis-server-api/target/classes:/home/runner/work/ratis/ratis/ratis-metrics-api/target/classes:/home/runner/work/ratis/ratis/ratis-server/target/test-classes:/home/runner/work/ratis/ratis/ratis-metrics-default/target/classes:/home/runner/work/ratis/ratis/ratis-netty/target/classes:/home/runner/work/ratis/ratis/ratis-netty/target/test-classes:/home/runner/work/ratis/ratis/ratis-grpc/target/classes:/home/runner/work/ratis/ratis/ratis-grpc/target/test-classes:/home/runner/work/ratis/ratis/ratis-shell/target/classes:/home/runner/.m2/repository/commons-cli/commons-cli/1.5.0/commons-cli-1.5.0.jar:/home/runner/.m2/repository/org/reflections/reflections/0.10.2/reflections-0.10.2.jar:/home/runner/.m2/repository/org/javassist/javassist/3.28.0-GA/javassist-3.28.0-GA.jar:/home/runner/.m2/repository/com/google/code/findbugs/jsr305/3.0.2/jsr305-3.0.2.jar:/home/runner/.m2/repository/org/bouncycastle/bcprov-jdk18on/1.76/bcprov-jdk18on-1.76.jar:/home/runner/.m2/repository/org/bouncycastle/bcpkix-jdk18on/1.76/bcpkix-jdk18on-1.76.jar:/home/runner/.m2/repository/org/bouncycastle/bcutil-jdk18on/1.76/bcutil-jdk18on-1.76.jar:/home/runner/.m2/repository/org/slf4j/slf4j-api/2.0.7/slf4j-api-2.0.7.jar:/home/runner/.m2/repository/org/slf4j/slf4j-reload4j/2.0.7/slf4j-reload4j-2.0.7.jar:/home/runner/.m2/repository/ch/qos/reload4j/reload4j/1.2.22/reload4j-1.2.22.jar:/home/runner/.m2/repository/junit/junit/4.13.2/junit-4.13.2.jar:/home/runner/.m2/repository/org/hamcrest/hamcrest-core/1.3/hamcrest-core-1.3.jar:/home/runner/.m2/repository/org/mockito/mockito-core/4.3.1/mockito-core-4.3.1.jar:/home/runner/.m2/repository/net/bytebuddy/byte-buddy/1.12.7/byte-buddy-1.12.7.jar:/home/runner/.m2/repository/net/bytebuddy/byte-buddy-agent/1.12.7/byte-buddy-agent-1.12.7.jar:/home/runner/.m2/repository/org/objenesis/objenesis/3.2/objenesis-3.2.jar:"/>
    <property name="java.vm.vendor" value="Eclipse Adoptium"/>
    <property name="sun.arch.data.model" value="64"/>
    <property name="java.vendor.url" value="https://adoptium.net/"/>
    <property name="user.timezone" value=""/>
    <property name="java.vm.specification.version" value="11"/>
    <property name="os.name" value="Linux"/>
    <property name="sun.java.launcher" value="SUN_STANDARD"/>
    <property name="sun.boot.library.path" value="/usr/lib/jvm/temurin-11-jdk-amd64/lib"/>
    <property name="sun.java.command" value="/home/runner/work/ratis/ratis/ratis-test/target/surefire/surefirebooter-20231201035433698_56.jar /home/runner/work/ratis/ratis/ratis-test/target/surefire 2023-12-01T03-53-59_971-jvmRun1 surefire-20231201035433698_54tmp surefire_8-20231201035433698_55tmp"/>
    <property name="jdk.debug" value="release"/>
    <property name="surefire.test.class.path" value="/home/runner/work/ratis/ratis/ratis-test/target/test-classes:/home/runner/work/ratis/ratis/ratis-test/target/classes:/home/runner/work/ratis/ratis/ratis-common/target/classes:/home/runner/.m2/repository/org/apache/ratis/ratis-thirdparty-misc/1.0.5/ratis-thirdparty-misc-1.0.5.jar:/home/runner/work/ratis/ratis/ratis-proto/target/classes:/home/runner/work/ratis/ratis/ratis-common/target/test-classes:/home/runner/work/ratis/ratis/ratis-client/target/classes:/home/runner/work/ratis/ratis/ratis-server/target/classes:/home/runner/work/ratis/ratis/ratis-server-api/target/classes:/home/runner/work/ratis/ratis/ratis-metrics-api/target/classes:/home/runner/work/ratis/ratis/ratis-server/target/test-classes:/home/runner/work/ratis/ratis/ratis-metrics-default/target/classes:/home/runner/work/ratis/ratis/ratis-netty/target/classes:/home/runner/work/ratis/ratis/ratis-netty/target/test-classes:/home/runner/work/ratis/ratis/ratis-grpc/target/classes:/home/runner/work/ratis/ratis/ratis-grpc/target/test-classes:/home/runner/work/ratis/ratis/ratis-shell/target/classes:/home/runner/.m2/repository/commons-cli/commons-cli/1.5.0/commons-cli-1.5.0.jar:/home/runner/.m2/repository/org/reflections/reflections/0.10.2/reflections-0.10.2.jar:/home/runner/.m2/repository/org/javassist/javassist/3.28.0-GA/javassist-3.28.0-GA.jar:/home/runner/.m2/repository/com/google/code/findbugs/jsr305/3.0.2/jsr305-3.0.2.jar:/home/runner/.m2/repository/org/bouncycastle/bcprov-jdk18on/1.76/bcprov-jdk18on-1.76.jar:/home/runner/.m2/repository/org/bouncycastle/bcpkix-jdk18on/1.76/bcpkix-jdk18on-1.76.jar:/home/runner/.m2/repository/org/bouncycastle/bcutil-jdk18on/1.76/bcutil-jdk18on-1.76.jar:/home/runner/.m2/repository/org/slf4j/slf4j-api/2.0.7/slf4j-api-2.0.7.jar:/home/runner/.m2/repository/org/slf4j/slf4j-reload4j/2.0.7/slf4j-reload4j-2.0.7.jar:/home/runner/.m2/repository/ch/qos/reload4j/reload4j/1.2.22/reload4j-1.2.22.jar:/home/runner/.m2/repository/junit/junit/4.13.2/junit-4.13.2.jar:/home/runner/.m2/repository/org/hamcrest/hamcrest-core/1.3/hamcrest-core-1.3.jar:/home/runner/.m2/repository/org/mockito/mockito-core/4.3.1/mockito-core-4.3.1.jar:/home/runner/.m2/repository/net/bytebuddy/byte-buddy/1.12.7/byte-buddy-1.12.7.jar:/home/runner/.m2/repository/net/bytebuddy/byte-buddy-agent/1.12.7/byte-buddy-agent-1.12.7.jar:/home/runner/.m2/repository/org/objenesis/objenesis/3.2/objenesis-3.2.jar:"/>
    <property name="sun.cpu.endian" value="little"/>
    <property name="user.home" value="/home/runner"/>
    <property name="user.language" value="en"/>
    <property name="java.specification.vendor" value="Oracle Corporation"/>
    <property name="java.version.date" value="2023-10-17"/>
    <property name="java.home" value="/usr/lib/jvm/temurin-11-jdk-amd64"/>
    <property name="file.separator" value="/"/>
    <property name="basedir" value="/home/runner/work/ratis/ratis/ratis-test"/>
    <property name="java.vm.compressedOopsMode" value="32-bit"/>
    <property name="line.separator" value="&#10;"/>
    <property name="java.specification.name" value="Java Platform API Specification"/>
    <property name="java.vm.specification.vendor" value="Oracle Corporation"/>
    <property name="java.awt.graphicsenv" value="sun.awt.X11GraphicsEnvironment"/>
    <property name="surefire.real.class.path" value="/home/runner/work/ratis/ratis/ratis-test/target/surefire/surefirebooter-20231201035433698_56.jar"/>
    <property name="sun.management.compiler" value="HotSpot 64-Bit Tiered Compilers"/>
    <property name="java.runtime.version" value="11.0.21+9"/>
    <property name="user.name" value="runner"/>
    <property name="java.net.preferIPv4Stack" value="true"/>
    <property name="path.separator" value=":"/>
    <property name="os.version" value="5.15.0-1051-azure"/>
    <property name="java.runtime.name" value="OpenJDK Runtime Environment"/>
    <property name="file.encoding" value="UTF-8"/>
    <property name="java.vm.name" value="OpenJDK 64-Bit Server VM"/>
    <property name="java.vendor.version" value="Temurin-11.0.21+9"/>
    <property name="localRepository" value="/home/runner/.m2/repository"/>
    <property name="java.vendor.url.bug" value="https://github.com/adoptium/adoptium-support/issues"/>
    <property name="java.io.tmpdir" value="/tmp"/>
    <property name="java.version" value="11.0.21"/>
    <property name="user.dir" value="/home/runner/work/ratis/ratis/ratis-test"/>
    <property name="os.arch" value="amd64"/>
    <property name="ratis.tmp.dir" value="/home/runner/work/ratis/ratis/ratis-test/target/tmp"/>
    <property name="java.vm.specification.name" value="Java Virtual Machine Specification"/>
    <property name="java.awt.printerjob" value="sun.print.PSPrinterJob"/>
    <property name="ratis.log.dir" value="/home/runner/work/ratis/ratis/ratis-test/target/log"/>
    <property name="sun.os.patch.level" value="unknown"/>
    <property name="java.library.path" value="/usr/java/packages/lib:/usr/lib64:/lib64:/lib:/usr/lib"/>
    <property name="java.vm.info" value="mixed mode"/>
    <property name="java.vendor" value="Eclipse Adoptium"/>
    <property name="java.vm.version" value="11.0.21+9"/>
    <property name="java.specification.maintenance.version" value="2"/>
    <property name="sun.io.unicode.encoding" value="UnicodeLittle"/>
    <property name="java.class.version" value="55.0"/>
  </properties>
  <testcase name="testRetryOnResourceUnavailableException" classname="org.apache.ratis.grpc.TestRetryCacheWithGrpc" time="3.187">
    <system-out><![CDATA[2023-12-01 03:55:41,393 [main] INFO  util.LogUtils (Slf4jUtils.java:setLogLevel(38)) - Successfully set org.apache.ratis.server.RaftServer$Division log level to DEBUG
2023-12-01 03:55:41,395 [main] INFO  util.LogUtils (Slf4jUtils.java:setLogLevel(38)) - Successfully set org.apache.ratis.conf.ConfUtils log level to WARN
2023-12-01 03:55:41,396 [main] INFO  util.LogUtils (Slf4jUtils.java:setLogLevel(38)) - Successfully set org.apache.ratis.util.FileUtils log level to TRACE
2023-12-01 03:55:41,398 [main] INFO  util.LogUtils (Slf4jUtils.java:setLogLevel(38)) - Successfully set org.apache.ratis.server.RetryCache log level to TRACE
2023-12-01 03:55:41,484 [Time-limited test] INFO  impl.MiniRaftCluster (MiniRaftCluster.java:<init>(306)) - new MiniRaftClusterWithGrpc with group-90CE24CD81AC:[s0|localhost:42621, s1|localhost:45397, s2|localhost:33889]
2023-12-01 03:55:41,484 [Time-limited test] INFO  impl.MiniRaftCluster (MiniRaftCluster.java:start(339)) - .............................................................. 
2023-12-01 03:55:41,484 [Time-limited test] INFO  impl.MiniRaftCluster (MiniRaftCluster.java:start(340)) - ... 
2023-12-01 03:55:41,484 [Time-limited test] INFO  impl.MiniRaftCluster (MiniRaftCluster.java:start(341)) - ...     Starting MiniRaftClusterWithGrpc
2023-12-01 03:55:41,484 [Time-limited test] INFO  impl.MiniRaftCluster (MiniRaftCluster.java:start(342)) - ... 
2023-12-01 03:55:41,485 [Time-limited test] INFO  impl.MiniRaftCluster (MiniRaftCluster.java:start(343)) - .............................................................. 
2023-12-01 03:55:41,485 [Time-limited test] INFO  impl.MiniRaftCluster (MiniRaftCluster.java:initServers(318)) - servers = {}
2023-12-01 03:55:41,488 [Time-limited test] INFO  impl.MiniRaftCluster (MiniRaftCluster.java:newRaftServer(382)) - newRaftServer: s0, group-90CE24CD81AC:[s0|localhost:42621, s1|localhost:45397, s2|localhost:33889], format? true
2023-12-01 03:55:41,489 [Time-limited test] TRACE util.FileUtils (FileUtils.java:deleteFully(305)) - deleteFully target/test/data/1b1d21a/MiniRaftClusterWithGrpc9d810102/s0
2023-12-01 03:55:41,490 [Time-limited test] TRACE util.FileUtils (FileUtils.java:deleteFully(318)) - deleteFully: target/test/data/1b1d21a/MiniRaftClusterWithGrpc9d810102/s0 does not exist.
2023-12-01 03:55:41,490 [Time-limited test] INFO  impl.MiniRaftCluster (MiniRaftCluster.java:newRaftServer(387)) - Formatted directory target/test/data/1b1d21a/MiniRaftClusterWithGrpc9d810102/s0
2023-12-01 03:55:41,507 [Time-limited test] INFO  server.RaftServer (ConfUtils.java:logGet(46)) - raft.rpc.type = GRPC (default)
2023-12-01 03:55:41,546 [Time-limited test] INFO  grpc.GrpcConfigKeys (ConfUtils.java:logFallback(53)) - raft.grpc.admin.host = null (fallback to raft.grpc.server.host)
2023-12-01 03:55:41,547 [Time-limited test] INFO  grpc.GrpcConfigKeys (ConfUtils.java:logGet(46)) - raft.grpc.admin.port = 43369 (custom)
2023-12-01 03:55:41,547 [Time-limited test] INFO  grpc.GrpcConfigKeys (ConfUtils.java:logFallback(53)) - raft.grpc.client.host = null (fallback to raft.grpc.server.host)
2023-12-01 03:55:41,548 [Time-limited test] INFO  grpc.GrpcConfigKeys (ConfUtils.java:logGet(46)) - raft.grpc.client.port = 37831 (custom)
2023-12-01 03:55:41,548 [Time-limited test] INFO  grpc.GrpcConfigKeys (ConfUtils.java:logGet(46)) - raft.grpc.server.host = null (default)
2023-12-01 03:55:41,548 [Time-limited test] INFO  grpc.GrpcConfigKeys (ConfUtils.java:logGet(46)) - raft.grpc.server.port = 42621 (custom)
2023-12-01 03:55:41,549 [Time-limited test] INFO  server.GrpcService (ConfUtils.java:logGet(46)) - raft.grpc.message.size.max = 64MB (=67108864) (default)
2023-12-01 03:55:41,551 [Time-limited test] INFO  server.RaftServerConfigKeys (ConfUtils.java:logGet(46)) - raft.server.log.appender.buffer.byte-limit = 4MB (=4194304) (default)
2023-12-01 03:55:41,552 [Time-limited test] INFO  server.GrpcService (ConfUtils.java:logGet(46)) - raft.grpc.flow.control.window = 1MB (=1048576) (default)
2023-12-01 03:55:41,555 [Time-limited test] INFO  server.RaftServerConfigKeys (ConfUtils.java:logGet(46)) - raft.server.rpc.request.timeout = 3000ms (default)
2023-12-01 03:55:41,565 [Time-limited test] INFO  grpc.GrpcConfigKeys (ConfUtils.java:logGet(46)) - raft.grpc.server.heartbeat.channel = true (default)
2023-12-01 03:55:41,567 [Time-limited test] INFO  grpc.GrpcConfigKeys (ConfUtils.java:logGet(46)) - raft.grpc.server.async.request.thread.pool.cached = true (default)
2023-12-01 03:55:41,568 [Time-limited test] INFO  grpc.GrpcConfigKeys (ConfUtils.java:logGet(46)) - raft.grpc.server.async.request.thread.pool.size = 32 (default)
2023-12-01 03:55:41,710 [Time-limited test] INFO  impl.DataStreamServerImpl (ConfUtils.java:logGet(46)) - raft.datastream.type = DISABLED (default)
2023-12-01 03:55:41,717 [Time-limited test] INFO  server.RaftServerConfigKeys (ConfUtils.java:logGet(46)) - raft.server.sleep.deviation.threshold = 300ms (default)
2023-12-01 03:55:41,717 [Time-limited test] INFO  server.RaftServerConfigKeys (ConfUtils.java:logGet(46)) - raft.server.close.threshold = 60s (default)
2023-12-01 03:55:41,718 [Time-limited test] INFO  server.RaftServerConfigKeys (ConfUtils.java:logGet(46)) - raft.server.leaderelection.leader.step-down.wait-time = 10s (default)
2023-12-01 03:55:41,728 [Time-limited test] INFO  server.RaftServerConfigKeys (ConfUtils.java:logGet(46)) - raft.server.storage.dir = [/home/runner/work/ratis/ratis/ratis-test/target/test/data/1b1d21a/MiniRaftClusterWithGrpc9d810102/s0] (custom)
2023-12-01 03:55:41,729 [Time-limited test] INFO  server.RaftServerConfigKeys (ConfUtils.java:logGet(46)) - raft.server.threadpool.proxy.cached = true (default)
2023-12-01 03:55:41,729 [Time-limited test] INFO  server.RaftServerConfigKeys (ConfUtils.java:logGet(46)) - raft.server.threadpool.proxy.size = 0 (default)
2023-12-01 03:55:41,737 [Time-limited test] INFO  server.RaftServer (RaftServerProxy.java:addNew(100)) - s0: addNew group-90CE24CD81AC:[s0|localhost:42621, s1|localhost:45397, s2|localhost:33889] returns group-90CE24CD81AC:java.util.concurrent.CompletableFuture@7813d55c[Not completed]
2023-12-01 03:55:41,737 [Time-limited test] INFO  impl.MiniRaftCluster (MiniRaftCluster.java:newRaftServer(382)) - newRaftServer: s1, group-90CE24CD81AC:[s0|localhost:42621, s1|localhost:45397, s2|localhost:33889], format? true
2023-12-01 03:55:41,737 [Time-limited test] TRACE util.FileUtils (FileUtils.java:deleteFully(305)) - deleteFully target/test/data/1b1d21a/MiniRaftClusterWithGrpc9d810102/s1
2023-12-01 03:55:41,738 [Time-limited test] TRACE util.FileUtils (FileUtils.java:deleteFully(318)) - deleteFully: target/test/data/1b1d21a/MiniRaftClusterWithGrpc9d810102/s1 does not exist.
2023-12-01 03:55:41,738 [Time-limited test] INFO  impl.MiniRaftCluster (MiniRaftCluster.java:newRaftServer(387)) - Formatted directory target/test/data/1b1d21a/MiniRaftClusterWithGrpc9d810102/s1
2023-12-01 03:55:41,738 [Time-limited test] INFO  server.RaftServer (ConfUtils.java:logGet(46)) - raft.rpc.type = GRPC (default)
2023-12-01 03:55:41,739 [Time-limited test] INFO  grpc.GrpcConfigKeys (ConfUtils.java:logFallback(53)) - raft.grpc.admin.host = null (fallback to raft.grpc.server.host)
2023-12-01 03:55:41,739 [Time-limited test] INFO  grpc.GrpcConfigKeys (ConfUtils.java:logGet(46)) - raft.grpc.admin.port = 42213 (custom)
2023-12-01 03:55:41,739 [Time-limited test] INFO  grpc.GrpcConfigKeys (ConfUtils.java:logFallback(53)) - raft.grpc.client.host = null (fallback to raft.grpc.server.host)
2023-12-01 03:55:41,740 [Time-limited test] INFO  grpc.GrpcConfigKeys (ConfUtils.java:logGet(46)) - raft.grpc.client.port = 46561 (custom)
2023-12-01 03:55:41,741 [Time-limited test] INFO  grpc.GrpcConfigKeys (ConfUtils.java:logGet(46)) - raft.grpc.server.host = null (default)
2023-12-01 03:55:41,742 [Time-limited test] INFO  grpc.GrpcConfigKeys (ConfUtils.java:logGet(46)) - raft.grpc.server.port = 45397 (custom)
2023-12-01 03:55:41,743 [Time-limited test] INFO  server.GrpcService (ConfUtils.java:logGet(46)) - raft.grpc.message.size.max = 64MB (=67108864) (default)
2023-12-01 03:55:41,743 [Time-limited test] INFO  server.RaftServerConfigKeys (ConfUtils.java:logGet(46)) - raft.server.log.appender.buffer.byte-limit = 4MB (=4194304) (default)
2023-12-01 03:55:41,744 [Time-limited test] INFO  server.GrpcService (ConfUtils.java:logGet(46)) - raft.grpc.flow.control.window = 1MB (=1048576) (default)
2023-12-01 03:55:41,744 [Time-limited test] INFO  server.RaftServerConfigKeys (ConfUtils.java:logGet(46)) - raft.server.rpc.request.timeout = 3000ms (default)
2023-12-01 03:55:41,744 [Time-limited test] INFO  grpc.GrpcConfigKeys (ConfUtils.java:logGet(46)) - raft.grpc.server.heartbeat.channel = true (default)
2023-12-01 03:55:41,744 [Time-limited test] INFO  grpc.GrpcConfigKeys (ConfUtils.java:logGet(46)) - raft.grpc.server.async.request.thread.pool.cached = true (default)
2023-12-01 03:55:41,745 [Time-limited test] INFO  grpc.GrpcConfigKeys (ConfUtils.java:logGet(46)) - raft.grpc.server.async.request.thread.pool.size = 32 (default)
2023-12-01 03:55:41,747 [Time-limited test] INFO  impl.DataStreamServerImpl (ConfUtils.java:logGet(46)) - raft.datastream.type = DISABLED (default)
2023-12-01 03:55:41,747 [Time-limited test] INFO  server.RaftServerConfigKeys (ConfUtils.java:logGet(46)) - raft.server.sleep.deviation.threshold = 300ms (default)
2023-12-01 03:55:41,747 [Time-limited test] INFO  server.RaftServerConfigKeys (ConfUtils.java:logGet(46)) - raft.server.close.threshold = 60s (default)
2023-12-01 03:55:41,748 [Time-limited test] INFO  server.RaftServerConfigKeys (ConfUtils.java:logGet(46)) - raft.server.leaderelection.leader.step-down.wait-time = 10s (default)
2023-12-01 03:55:41,748 [Time-limited test] INFO  server.RaftServerConfigKeys (ConfUtils.java:logGet(46)) - raft.server.storage.dir = [/home/runner/work/ratis/ratis/ratis-test/target/test/data/1b1d21a/MiniRaftClusterWithGrpc9d810102/s1] (custom)
2023-12-01 03:55:41,748 [Time-limited test] INFO  server.RaftServerConfigKeys (ConfUtils.java:logGet(46)) - raft.server.threadpool.proxy.cached = true (default)
2023-12-01 03:55:41,748 [Time-limited test] INFO  server.RaftServerConfigKeys (ConfUtils.java:logGet(46)) - raft.server.threadpool.proxy.size = 0 (default)
2023-12-01 03:55:41,749 [s0-groupManagement] INFO  server.RaftServerConfigKeys (ConfUtils.java:logGet(46)) - raft.server.log.segment.size.max = 32MB (=33554432) (default)
2023-12-01 03:55:41,749 [s0-groupManagement] INFO  server.RaftServerConfigKeys (ConfUtils.java:logGet(46)) - raft.server.log.preallocated.size = 4MB (=4194304) (default)
2023-12-01 03:55:41,750 [s0-groupManagement] INFO  server.RaftServerConfigKeys (ConfUtils.java:logGet(46)) - raft.server.log.write.buffer.size = 8MB (=8388608) (default)
2023-12-01 03:55:41,751 [Time-limited test] INFO  server.RaftServer (RaftServerProxy.java:addNew(100)) - s1: addNew group-90CE24CD81AC:[s0|localhost:42621, s1|localhost:45397, s2|localhost:33889] returns group-90CE24CD81AC:java.util.concurrent.CompletableFuture@2518d146[Not completed]
2023-12-01 03:55:41,752 [Time-limited test] INFO  impl.MiniRaftCluster (MiniRaftCluster.java:newRaftServer(382)) - newRaftServer: s2, group-90CE24CD81AC:[s0|localhost:42621, s1|localhost:45397, s2|localhost:33889], format? true
2023-12-01 03:55:41,752 [Time-limited test] TRACE util.FileUtils (FileUtils.java:deleteFully(305)) - deleteFully target/test/data/1b1d21a/MiniRaftClusterWithGrpc9d810102/s2
2023-12-01 03:55:41,752 [Time-limited test] TRACE util.FileUtils (FileUtils.java:deleteFully(318)) - deleteFully: target/test/data/1b1d21a/MiniRaftClusterWithGrpc9d810102/s2 does not exist.
2023-12-01 03:55:41,752 [Time-limited test] INFO  impl.MiniRaftCluster (MiniRaftCluster.java:newRaftServer(387)) - Formatted directory target/test/data/1b1d21a/MiniRaftClusterWithGrpc9d810102/s2
2023-12-01 03:55:41,752 [Time-limited test] INFO  server.RaftServer (ConfUtils.java:logGet(46)) - raft.rpc.type = GRPC (default)
2023-12-01 03:55:41,753 [s0-groupManagement] INFO  server.RaftServer$Division (RaftServerImpl.java:<init>(256)) - s0: new RaftServerImpl for group-90CE24CD81AC:[s0|localhost:42621, s1|localhost:45397, s2|localhost:33889] with SimpleStateMachine4Testing:uninitialized
2023-12-01 03:55:41,753 [Time-limited test] INFO  grpc.GrpcConfigKeys (ConfUtils.java:logFallback(53)) - raft.grpc.admin.host = null (fallback to raft.grpc.server.host)
2023-12-01 03:55:41,753 [Time-limited test] INFO  grpc.GrpcConfigKeys (ConfUtils.java:logGet(46)) - raft.grpc.admin.port = 44333 (custom)
2023-12-01 03:55:41,753 [Time-limited test] INFO  grpc.GrpcConfigKeys (ConfUtils.java:logFallback(53)) - raft.grpc.client.host = null (fallback to raft.grpc.server.host)
2023-12-01 03:55:41,753 [Time-limited test] INFO  grpc.GrpcConfigKeys (ConfUtils.java:logGet(46)) - raft.grpc.client.port = 46151 (custom)
2023-12-01 03:55:41,754 [Time-limited test] INFO  grpc.GrpcConfigKeys (ConfUtils.java:logGet(46)) - raft.grpc.server.host = null (default)
2023-12-01 03:55:41,754 [s0-groupManagement] INFO  server.RaftServerConfigKeys (ConfUtils.java:logGet(46)) - raft.server.rpc.timeout.min = 150ms (default)
2023-12-01 03:55:41,754 [Time-limited test] INFO  grpc.GrpcConfigKeys (ConfUtils.java:logGet(46)) - raft.grpc.server.port = 33889 (custom)
2023-12-01 03:55:41,754 [s0-groupManagement] INFO  server.RaftServerConfigKeys (ConfUtils.java:logGet(46)) - raft.server.rpc.timeout.max = 300ms (default)
2023-12-01 03:55:41,754 [Time-limited test] INFO  server.GrpcService (ConfUtils.java:logGet(46)) - raft.grpc.message.size.max = 64MB (=67108864) (default)
2023-12-01 03:55:41,754 [s0-groupManagement] INFO  server.RaftServerConfigKeys (ConfUtils.java:logGet(46)) - raft.server.rpc.sleep.time = 25ms (default)
2023-12-01 03:55:41,754 [Time-limited test] INFO  server.RaftServerConfigKeys (ConfUtils.java:logGet(46)) - raft.server.log.appender.buffer.byte-limit = 4MB (=4194304) (default)
2023-12-01 03:55:41,755 [s0-groupManagement] INFO  server.RaftServerConfigKeys (ConfUtils.java:logGet(46)) - raft.server.rpc.slowness.timeout = 60s (default)
2023-12-01 03:55:41,755 [Time-limited test] INFO  server.GrpcService (ConfUtils.java:logGet(46)) - raft.grpc.flow.control.window = 1MB (=1048576) (default)
2023-12-01 03:55:41,755 [s0-groupManagement] INFO  server.RaftServerConfigKeys (ConfUtils.java:logGet(46)) - raft.server.leaderelection.leader.step-down.wait-time = 10s (default)
2023-12-01 03:55:41,755 [Time-limited test] INFO  server.RaftServerConfigKeys (ConfUtils.java:logGet(46)) - raft.server.rpc.request.timeout = 3000ms (default)
2023-12-01 03:55:41,755 [Time-limited test] INFO  grpc.GrpcConfigKeys (ConfUtils.java:logGet(46)) - raft.grpc.server.heartbeat.channel = true (default)
2023-12-01 03:55:41,755 [s0-groupManagement] INFO  server.RaftServerConfigKeys (ConfUtils.java:logGet(46)) - raft.server.leaderelection.member.majority-add = false (default)
2023-12-01 03:55:41,755 [Time-limited test] INFO  grpc.GrpcConfigKeys (ConfUtils.java:logGet(46)) - raft.grpc.server.async.request.thread.pool.cached = true (default)
2023-12-01 03:55:41,756 [s0-groupManagement] INFO  server.RaftServerConfigKeys (ConfUtils.java:logGet(46)) - raft.server.sleep.deviation.threshold = 300ms (default)
2023-12-01 03:55:41,756 [Time-limited test] INFO  grpc.GrpcConfigKeys (ConfUtils.java:logGet(46)) - raft.grpc.server.async.request.thread.pool.size = 32 (default)
2023-12-01 03:55:41,757 [Time-limited test] INFO  impl.DataStreamServerImpl (ConfUtils.java:logGet(46)) - raft.datastream.type = DISABLED (default)
2023-12-01 03:55:41,757 [Time-limited test] INFO  server.RaftServerConfigKeys (ConfUtils.java:logGet(46)) - raft.server.sleep.deviation.threshold = 300ms (default)
2023-12-01 03:55:41,757 [Time-limited test] INFO  server.RaftServerConfigKeys (ConfUtils.java:logGet(46)) - raft.server.close.threshold = 60s (default)
2023-12-01 03:55:41,757 [Time-limited test] INFO  server.RaftServerConfigKeys (ConfUtils.java:logGet(46)) - raft.server.leaderelection.leader.step-down.wait-time = 10s (default)
2023-12-01 03:55:41,757 [Time-limited test] INFO  server.RaftServerConfigKeys (ConfUtils.java:logGet(46)) - raft.server.storage.dir = [/home/runner/work/ratis/ratis/ratis-test/target/test/data/1b1d21a/MiniRaftClusterWithGrpc9d810102/s2] (custom)
2023-12-01 03:55:41,758 [Time-limited test] INFO  server.RaftServerConfigKeys (ConfUtils.java:logGet(46)) - raft.server.threadpool.proxy.cached = true (default)
2023-12-01 03:55:41,758 [Time-limited test] INFO  server.RaftServerConfigKeys (ConfUtils.java:logGet(46)) - raft.server.threadpool.proxy.size = 0 (default)
2023-12-01 03:55:41,758 [s1-groupManagement] INFO  server.RaftServerConfigKeys (ConfUtils.java:logGet(46)) - raft.server.log.segment.size.max = 32MB (=33554432) (default)
2023-12-01 03:55:41,758 [s1-groupManagement] INFO  server.RaftServerConfigKeys (ConfUtils.java:logGet(46)) - raft.server.log.preallocated.size = 4MB (=4194304) (default)
2023-12-01 03:55:41,758 [s1-groupManagement] INFO  server.RaftServerConfigKeys (ConfUtils.java:logGet(46)) - raft.server.log.write.buffer.size = 8MB (=8388608) (default)
2023-12-01 03:55:41,759 [s1-groupManagement] INFO  server.RaftServer$Division (RaftServerImpl.java:<init>(256)) - s1: new RaftServerImpl for group-90CE24CD81AC:[s0|localhost:42621, s1|localhost:45397, s2|localhost:33889] with SimpleStateMachine4Testing:uninitialized
2023-12-01 03:55:41,761 [s1-groupManagement] INFO  server.RaftServerConfigKeys (ConfUtils.java:logGet(46)) - raft.server.rpc.timeout.min = 150ms (default)
2023-12-01 03:55:41,761 [s1-groupManagement] INFO  server.RaftServerConfigKeys (ConfUtils.java:logGet(46)) - raft.server.rpc.timeout.max = 300ms (default)
2023-12-01 03:55:41,761 [s1-groupManagement] INFO  server.RaftServerConfigKeys (ConfUtils.java:logGet(46)) - raft.server.rpc.sleep.time = 25ms (default)
2023-12-01 03:55:41,762 [s1-groupManagement] INFO  server.RaftServerConfigKeys (ConfUtils.java:logGet(46)) - raft.server.rpc.slowness.timeout = 60s (default)
2023-12-01 03:55:41,762 [s0-groupManagement] INFO  server.RaftServer$Division (ServerState.java:<init>(113)) - s0@group-90CE24CD81AC: ConfigurationManager, init=-1: peers:[s0|localhost:42621, s1|localhost:45397, s2|localhost:33889]|listeners:[], old=null, confs=<EMPTY_MAP>
2023-12-01 03:55:41,762 [s1-groupManagement] INFO  server.RaftServerConfigKeys (ConfUtils.java:logGet(46)) - raft.server.leaderelection.leader.step-down.wait-time = 10s (default)
2023-12-01 03:55:41,762 [s1-groupManagement] INFO  server.RaftServerConfigKeys (ConfUtils.java:logGet(46)) - raft.server.leaderelection.member.majority-add = false (default)
2023-12-01 03:55:41,762 [s1-groupManagement] INFO  server.RaftServerConfigKeys (ConfUtils.java:logGet(46)) - raft.server.sleep.deviation.threshold = 300ms (default)
2023-12-01 03:55:41,763 [s1-groupManagement] INFO  server.RaftServer$Division (ServerState.java:<init>(113)) - s1@group-90CE24CD81AC: ConfigurationManager, init=-1: peers:[s0|localhost:42621, s1|localhost:45397, s2|localhost:33889]|listeners:[], old=null, confs=<EMPTY_MAP>
2023-12-01 03:55:41,765 [s0-groupManagement] INFO  server.RaftServerConfigKeys (ConfUtils.java:logGet(46)) - raft.server.notification.no-leader.timeout = 60s (default)
2023-12-01 03:55:41,765 [Time-limited test] INFO  server.RaftServer (RaftServerProxy.java:addNew(100)) - s2: addNew group-90CE24CD81AC:[s0|localhost:42621, s1|localhost:45397, s2|localhost:33889] returns group-90CE24CD81AC:java.util.concurrent.CompletableFuture@40bdd643[Not completed]
2023-12-01 03:55:41,765 [s1-groupManagement] INFO  server.RaftServerConfigKeys (ConfUtils.java:logGet(46)) - raft.server.notification.no-leader.timeout = 60s (default)
2023-12-01 03:55:41,766 [s2-groupManagement] INFO  server.RaftServerConfigKeys (ConfUtils.java:logGet(46)) - raft.server.log.segment.size.max = 32MB (=33554432) (default)
2023-12-01 03:55:41,766 [s2-groupManagement] INFO  server.RaftServerConfigKeys (ConfUtils.java:logGet(46)) - raft.server.log.preallocated.size = 4MB (=4194304) (default)
2023-12-01 03:55:41,766 [s2-groupManagement] INFO  server.RaftServerConfigKeys (ConfUtils.java:logGet(46)) - raft.server.log.write.buffer.size = 8MB (=8388608) (default)
2023-12-01 03:55:41,766 [s2-groupManagement] INFO  server.RaftServer$Division (RaftServerImpl.java:<init>(256)) - s2: new RaftServerImpl for group-90CE24CD81AC:[s0|localhost:42621, s1|localhost:45397, s2|localhost:33889] with SimpleStateMachine4Testing:uninitialized
2023-12-01 03:55:41,768 [s2-groupManagement] INFO  server.RaftServerConfigKeys (ConfUtils.java:logGet(46)) - raft.server.rpc.timeout.min = 150ms (default)
2023-12-01 03:55:41,769 [s2-groupManagement] INFO  server.RaftServerConfigKeys (ConfUtils.java:logGet(46)) - raft.server.rpc.timeout.max = 300ms (default)
2023-12-01 03:55:41,769 [s2-groupManagement] INFO  server.RaftServerConfigKeys (ConfUtils.java:logGet(46)) - raft.server.rpc.sleep.time = 25ms (default)
2023-12-01 03:55:41,769 [s2-groupManagement] INFO  server.RaftServerConfigKeys (ConfUtils.java:logGet(46)) - raft.server.rpc.slowness.timeout = 60s (default)
2023-12-01 03:55:41,769 [s2-groupManagement] INFO  server.RaftServerConfigKeys (ConfUtils.java:logGet(46)) - raft.server.leaderelection.leader.step-down.wait-time = 10s (default)
2023-12-01 03:55:41,769 [s2-groupManagement] INFO  server.RaftServerConfigKeys (ConfUtils.java:logGet(46)) - raft.server.leaderelection.member.majority-add = false (default)
2023-12-01 03:55:41,769 [s2-groupManagement] INFO  server.RaftServerConfigKeys (ConfUtils.java:logGet(46)) - raft.server.sleep.deviation.threshold = 300ms (default)
2023-12-01 03:55:41,769 [s2-groupManagement] INFO  server.RaftServer$Division (ServerState.java:<init>(113)) - s2@group-90CE24CD81AC: ConfigurationManager, init=-1: peers:[s0|localhost:42621, s1|localhost:45397, s2|localhost:33889]|listeners:[], old=null, confs=<EMPTY_MAP>
2023-12-01 03:55:41,770 [s2-groupManagement] INFO  server.RaftServerConfigKeys (ConfUtils.java:logGet(46)) - raft.server.notification.no-leader.timeout = 60s (default)
2023-12-01 03:55:41,772 [s0-groupManagement] INFO  server.RaftServerConfigKeys (ConfUtils.java:logGet(46)) - raft.server.read.timeout = 10s (default)
2023-12-01 03:55:41,772 [s2-groupManagement] INFO  server.RaftServerConfigKeys (ConfUtils.java:logGet(46)) - raft.server.read.timeout = 10s (default)
2023-12-01 03:55:41,772 [s1-groupManagement] INFO  server.RaftServerConfigKeys (ConfUtils.java:logGet(46)) - raft.server.read.timeout = 10s (default)
2023-12-01 03:55:41,775 [s0-groupManagement] INFO  server.RaftServerConfigKeys (ConfUtils.java:logGet(46)) - raft.server.retrycache.expirytime = 60s (default)
2023-12-01 03:55:41,775 [s1-groupManagement] INFO  server.RaftServerConfigKeys (ConfUtils.java:logGet(46)) - raft.server.retrycache.expirytime = 60s (default)
2023-12-01 03:55:41,775 [s0-groupManagement] INFO  server.RaftServerConfigKeys (ConfUtils.java:logGet(46)) - raft.server.retrycache.statistics.expirytime = 100ms (default)
2023-12-01 03:55:41,775 [s1-groupManagement] INFO  server.RaftServerConfigKeys (ConfUtils.java:logGet(46)) - raft.server.retrycache.statistics.expirytime = 100ms (default)
2023-12-01 03:55:41,777 [s2-groupManagement] INFO  server.RaftServerConfigKeys (ConfUtils.java:logGet(46)) - raft.server.retrycache.expirytime = 60s (default)
2023-12-01 03:55:41,782 [s2-groupManagement] INFO  server.RaftServerConfigKeys (ConfUtils.java:logGet(46)) - raft.server.retrycache.statistics.expirytime = 100ms (default)
2023-12-01 03:55:41,788 [s1-groupManagement] INFO  server.RaftServerConfigKeys (ConfUtils.java:logGet(46)) - raft.server.read.option = DEFAULT (default)
2023-12-01 03:55:41,789 [s1-groupManagement] INFO  server.RaftServerConfigKeys (ConfUtils.java:logGet(46)) - raft.server.read.read-after-write-consistent.write-index-cache.expiry-time = 60s (default)
2023-12-01 03:55:41,790 [s2-groupManagement] INFO  server.RaftServerConfigKeys (ConfUtils.java:logGet(46)) - raft.server.read.option = DEFAULT (default)
2023-12-01 03:55:41,790 [s2-groupManagement] INFO  server.RaftServerConfigKeys (ConfUtils.java:logGet(46)) - raft.server.read.read-after-write-consistent.write-index-cache.expiry-time = 60s (default)
2023-12-01 03:55:41,790 [s0-groupManagement] INFO  server.RaftServerConfigKeys (ConfUtils.java:logGet(46)) - raft.server.read.option = DEFAULT (default)
2023-12-01 03:55:41,790 [s0-groupManagement] INFO  server.RaftServerConfigKeys (ConfUtils.java:logGet(46)) - raft.server.read.read-after-write-consistent.write-index-cache.expiry-time = 60s (default)
2023-12-01 03:55:41,794 [s1-groupManagement] INFO  metrics.MetricRegistries (MetricRegistriesLoader.java:load(64)) - Loaded MetricRegistries class org.apache.ratis.metrics.impl.MetricRegistriesImpl
2023-12-01 03:55:41,880 [s2-groupManagement] INFO  server.RaftServerConfigKeys (ConfUtils.java:logGet(46)) - raft.server.rpc.request.timeout = 3000ms (default)
2023-12-01 03:55:41,882 [s2-groupManagement] INFO  server.RaftServerConfigKeys (ConfUtils.java:logGet(46)) - raft.server.log.appender.install.snapshot.enabled = true (default)
2023-12-01 03:55:41,882 [s2-groupManagement] INFO  server.RaftServerConfigKeys (ConfUtils.java:logGet(46)) - raft.server.threadpool.server.cached = true (default)
2023-12-01 03:55:41,883 [s2-groupManagement] INFO  server.RaftServerConfigKeys (ConfUtils.java:logGet(46)) - raft.server.threadpool.server.size = 0 (default)
2023-12-01 03:55:41,883 [s2-groupManagement] INFO  server.RaftServerConfigKeys (ConfUtils.java:logGet(46)) - raft.server.threadpool.client.cached = true (default)
2023-12-01 03:55:41,883 [s2-groupManagement] INFO  server.RaftServerConfigKeys (ConfUtils.java:logGet(46)) - raft.server.threadpool.client.size = 0 (default)
2023-12-01 03:55:41,884 [s0-groupManagement] INFO  server.RaftServerConfigKeys (ConfUtils.java:logGet(46)) - raft.server.rpc.request.timeout = 3000ms (default)
2023-12-01 03:55:41,884 [s0-groupManagement] INFO  server.RaftServerConfigKeys (ConfUtils.java:logGet(46)) - raft.server.log.appender.install.snapshot.enabled = true (default)
2023-12-01 03:55:41,884 [s0-groupManagement] INFO  server.RaftServerConfigKeys (ConfUtils.java:logGet(46)) - raft.server.threadpool.server.cached = true (default)
2023-12-01 03:55:41,885 [s0-groupManagement] INFO  server.RaftServerConfigKeys (ConfUtils.java:logGet(46)) - raft.server.threadpool.server.size = 0 (default)
2023-12-01 03:55:41,885 [s0-groupManagement] INFO  server.RaftServerConfigKeys (ConfUtils.java:logGet(46)) - raft.server.threadpool.client.cached = true (default)
2023-12-01 03:55:41,885 [s0-groupManagement] INFO  server.RaftServerConfigKeys (ConfUtils.java:logGet(46)) - raft.server.threadpool.client.size = 0 (default)
2023-12-01 03:55:41,886 [s1-groupManagement] INFO  server.RaftServerConfigKeys (ConfUtils.java:logGet(46)) - raft.server.rpc.request.timeout = 3000ms (default)
2023-12-01 03:55:41,886 [s0-impl-thread1] INFO  server.RaftServerConfigKeys (ConfUtils.java:logGet(46)) - raft.server.storage.free-space.min = 0MB (=0) (default)
2023-12-01 03:55:41,886 [s1-groupManagement] INFO  server.RaftServerConfigKeys (ConfUtils.java:logGet(46)) - raft.server.log.appender.install.snapshot.enabled = true (default)
2023-12-01 03:55:41,886 [s1-groupManagement] INFO  server.RaftServerConfigKeys (ConfUtils.java:logGet(46)) - raft.server.threadpool.server.cached = true (default)
2023-12-01 03:55:41,886 [s1-groupManagement] INFO  server.RaftServerConfigKeys (ConfUtils.java:logGet(46)) - raft.server.threadpool.server.size = 0 (default)
2023-12-01 03:55:41,886 [s0-impl-thread1] INFO  server.RaftServerConfigKeys (ConfUtils.java:logGet(46)) - raft.server.log.corruption.policy = EXCEPTION (default)
2023-12-01 03:55:41,887 [s1-groupManagement] INFO  server.RaftServerConfigKeys (ConfUtils.java:logGet(46)) - raft.server.threadpool.client.cached = true (default)
2023-12-01 03:55:41,887 [s1-groupManagement] INFO  server.RaftServerConfigKeys (ConfUtils.java:logGet(46)) - raft.server.threadpool.client.size = 0 (default)
2023-12-01 03:55:41,887 [s0-impl-thread1] INFO  server.RaftServerConfigKeys (ConfUtils.java:logGet(46)) - raft.server.storage.dir = [/home/runner/work/ratis/ratis/ratis-test/target/test/data/1b1d21a/MiniRaftClusterWithGrpc9d810102/s0] (custom)
2023-12-01 03:55:41,894 [s0-impl-thread1] INFO  storage.RaftStorageDirectory (RaftStorageDirectoryImpl.java:analyzeStorage(138)) - The storage directory /home/runner/work/ratis/ratis/ratis-test/target/test/data/1b1d21a/MiniRaftClusterWithGrpc9d810102/s0/00fe38ee-4ecd-48e3-9dac-90ce24cd81ac does not exist. Creating ...
2023-12-01 03:55:41,896 [s0-impl-thread1] TRACE util.FileUtils (LogUtils.java:runAndLog(49)) - Successfully ran Files.createDirectories /home/runner/work/ratis/ratis/ratis-test/target/test/data/1b1d21a/MiniRaftClusterWithGrpc9d810102/s0/00fe38ee-4ecd-48e3-9dac-90ce24cd81ac
2023-12-01 03:55:41,900 [s0-impl-thread1] INFO  storage.RaftStorageDirectory (RaftStorageDirectoryImpl.java:tryLock(232)) - Lock on /home/runner/work/ratis/ratis/ratis-test/target/test/data/1b1d21a/MiniRaftClusterWithGrpc9d810102/s0/00fe38ee-4ecd-48e3-9dac-90ce24cd81ac/in_use.lock acquired by nodename 4676@fv-az912-722
2023-12-01 03:55:41,900 [s0-impl-thread1] TRACE util.FileUtils (LogUtils.java:runAndLog(49)) - Successfully ran Files.createDirectories /home/runner/work/ratis/ratis/ratis-test/target/test/data/1b1d21a/MiniRaftClusterWithGrpc9d810102/s0/00fe38ee-4ecd-48e3-9dac-90ce24cd81ac/current
2023-12-01 03:55:41,900 [s0-impl-thread1] TRACE util.FileUtils (LogUtils.java:runAndLog(49)) - Successfully ran Files.createDirectories /home/runner/work/ratis/ratis/ratis-test/target/test/data/1b1d21a/MiniRaftClusterWithGrpc9d810102/s0/00fe38ee-4ecd-48e3-9dac-90ce24cd81ac/sm
2023-12-01 03:55:41,903 [s0-impl-thread1] TRACE util.FileUtils (LogUtils.java:supplyAndLog(69)) - Successfully supplied FileChannel.open /home/runner/work/ratis/ratis/ratis-test/target/test/data/1b1d21a/MiniRaftClusterWithGrpc9d810102/s0/00fe38ee-4ecd-48e3-9dac-90ce24cd81ac/current/raft-meta.tmp with options [CREATE, WRITE]: sun.nio.ch.FileChannelImpl@6a6cb406
2023-12-01 03:55:41,915 [s0-impl-thread1] TRACE util.FileUtils (LogUtils.java:runAndLog(49)) - Successfully ran Atomic Files.move /home/runner/work/ratis/ratis/ratis-test/target/test/data/1b1d21a/MiniRaftClusterWithGrpc9d810102/s0/00fe38ee-4ecd-48e3-9dac-90ce24cd81ac/current/raft-meta.tmp to /home/runner/work/ratis/ratis/ratis-test/target/test/data/1b1d21a/MiniRaftClusterWithGrpc9d810102/s0/00fe38ee-4ecd-48e3-9dac-90ce24cd81ac/current/raft-meta with options [REPLACE_EXISTING]
2023-12-01 03:55:41,915 [s0-impl-thread1] INFO  storage.RaftStorage (RaftStorageImpl.java:format(99)) - Storage directory /home/runner/work/ratis/ratis/ratis-test/target/test/data/1b1d21a/MiniRaftClusterWithGrpc9d810102/s0/00fe38ee-4ecd-48e3-9dac-90ce24cd81ac has been successfully formatted.
2023-12-01 03:55:41,916 [s0-impl-thread1] TRACE util.FileUtils (LogUtils.java:supplyAndLog(61)) - Failed to Files.newInputStream /home/runner/work/ratis/ratis/ratis-test/target/test/data/1b1d21a/MiniRaftClusterWithGrpc9d810102/s0/00fe38ee-4ecd-48e3-9dac-90ce24cd81ac/current/raft-meta.conf with options []
java.nio.file.NoSuchFileException: /home/runner/work/ratis/ratis/ratis-test/target/test/data/1b1d21a/MiniRaftClusterWithGrpc9d810102/s0/00fe38ee-4ecd-48e3-9dac-90ce24cd81ac/current/raft-meta.conf
	at java.base/sun.nio.fs.UnixException.translateToIOException(UnixException.java:92)
	at java.base/sun.nio.fs.UnixException.rethrowAsIOException(UnixException.java:111)
	at java.base/sun.nio.fs.UnixException.rethrowAsIOException(UnixException.java:116)
	at java.base/sun.nio.fs.UnixFileSystemProvider.newByteChannel(UnixFileSystemProvider.java:219)
	at java.base/java.nio.file.Files.newByteChannel(Files.java:371)
	at java.base/java.nio.file.Files.newByteChannel(Files.java:422)
	at java.base/java.nio.file.spi.FileSystemProvider.newInputStream(FileSystemProvider.java:420)
	at java.base/java.nio.file.Files.newInputStream(Files.java:156)
	at org.apache.ratis.util.FileUtils.lambda$newInputStream$2(FileUtils.java:73)
	at org.apache.ratis.util.LogUtils.supplyAndLog(LogUtils.java:58)
	at org.apache.ratis.util.FileUtils.newInputStream(FileUtils.java:72)
	at org.apache.ratis.util.FileUtils.newInputStream(FileUtils.java:68)
	at org.apache.ratis.server.storage.RaftStorageImpl.readRaftConfiguration(RaftStorageImpl.java:156)
	at org.apache.ratis.server.impl.ServerState.initialize(ServerState.java:141)
	at org.apache.ratis.server.impl.RaftServerImpl.start(RaftServerImpl.java:388)
	at org.apache.ratis.util.ConcurrentUtils.accept(ConcurrentUtils.java:203)
	at org.apache.ratis.util.ConcurrentUtils.lambda$parallelForEachAsync$4(ConcurrentUtils.java:182)
	at java.base/java.util.concurrent.ThreadPoolExecutor.runWorker(ThreadPoolExecutor.java:1128)
	at java.base/java.util.concurrent.ThreadPoolExecutor$Worker.run(ThreadPoolExecutor.java:628)
	at java.base/java.lang.Thread.run(Thread.java:829)
2023-12-01 03:55:41,918 [s0-impl-thread1] INFO  impl.SimpleStateMachine4Testing (SimpleStateMachine4Testing.java:initialize(213)) - Initializing SimpleStateMachine4Testing:uninitialized
2023-12-01 03:55:41,920 [s0-impl-thread1] INFO  impl.SimpleStateMachine4Testing (SimpleStateMachine4Testing.java:loadSnapshot(296)) - Loading snapshot null
2023-12-01 03:55:41,921 [s0-impl-thread1] INFO  server.RaftServerConfigKeys (ConfUtils.java:logGet(46)) - raft.server.log.use.memory = false (default)
2023-12-01 03:55:41,927 [s0-impl-thread1] INFO  server.RaftServerConfigKeys (ConfUtils.java:logGet(46)) - raft.server.log.purge.gap = 1024 (default)
2023-12-01 03:55:41,927 [s0-impl-thread1] INFO  server.RaftServerConfigKeys (ConfUtils.java:logGet(46)) - raft.server.log.appender.buffer.byte-limit = 4MB (=4194304) (default)
2023-12-01 03:55:41,928 [s0-impl-thread1] INFO  server.RaftServerConfigKeys (ConfUtils.java:logGet(46)) - raft.server.log.statemachine.data.read.timeout = 1000ms (default)
2023-12-01 03:55:41,928 [s0-impl-thread1] INFO  server.RaftServerConfigKeys (ConfUtils.java:logGet(46)) - raft.server.log.purge.preservation.log.num = 0 (default)
2023-12-01 03:55:41,931 [s0-impl-thread1] INFO  server.RaftServerConfigKeys (ConfUtils.java:logGet(46)) - raft.server.log.segment.size.max = 32MB (=33554432) (default)
2023-12-01 03:55:41,935 [s0-impl-thread1] INFO  server.RaftServerConfigKeys (ConfUtils.java:logGet(46)) - raft.server.log.segment.cache.num.max = 6 (default)
2023-12-01 03:55:41,935 [s0-impl-thread1] INFO  server.RaftServerConfigKeys (ConfUtils.java:logGet(46)) - raft.server.log.segment.cache.size.max = 200MB (=209715200) (default)
2023-12-01 03:55:41,935 [s0-impl-thread1] INFO  server.RaftServerConfigKeys (ConfUtils.java:logGet(46)) - raft.server.log.appender.buffer.byte-limit = 4MB (=4194304) (default)
2023-12-01 03:55:41,937 [s0-impl-thread1] INFO  util.AwaitToRun (AwaitToRun.java:start(81)) - Thread[s0@group-90CE24CD81AC-cacheEviction-AwaitToRun,5,main] started
2023-12-01 03:55:41,940 [s0-impl-thread1] INFO  segmented.SegmentedRaftLogWorker (SegmentedRaftLogWorker.java:<init>(182)) - new s0@group-90CE24CD81AC-SegmentedRaftLogWorker for RaftStorageImpl:Storage Directory /home/runner/work/ratis/ratis/ratis-test/target/test/data/1b1d21a/MiniRaftClusterWithGrpc9d810102/s0/00fe38ee-4ecd-48e3-9dac-90ce24cd81ac
2023-12-01 03:55:41,941 [s0-impl-thread1] INFO  server.RaftServerConfigKeys (ConfUtils.java:logGet(46)) - raft.server.log.queue.byte-limit = 64MB (=67108864) (default)
2023-12-01 03:55:41,941 [s0-impl-thread1] INFO  server.RaftServerConfigKeys (ConfUtils.java:logGet(46)) - raft.server.log.queue.element-limit = 4096 (default)
2023-12-01 03:55:41,942 [s0-impl-thread1] INFO  server.RaftServerConfigKeys (ConfUtils.java:logGet(46)) - raft.server.log.segment.size.max = 32MB (=33554432) (default)
2023-12-01 03:55:41,942 [s0-impl-thread1] INFO  server.RaftServerConfigKeys (ConfUtils.java:logGet(46)) - raft.server.log.preallocated.size = 4MB (=4194304) (default)
2023-12-01 03:55:41,942 [s0-impl-thread1] INFO  server.RaftServerConfigKeys (ConfUtils.java:logGet(46)) - raft.server.log.force.sync.num = 128 (default)
2023-12-01 03:55:41,943 [s0-impl-thread1] INFO  server.RaftServerConfigKeys (ConfUtils.java:logGet(46)) - raft.server.log.statemachine.data.sync = true (default)
2023-12-01 03:55:41,943 [s0-impl-thread1] INFO  server.RaftServerConfigKeys (ConfUtils.java:logGet(46)) - raft.server.log.statemachine.data.sync.timeout = 10s (default)
2023-12-01 03:55:41,944 [s0-impl-thread1] INFO  server.RaftServerConfigKeys (ConfUtils.java:logGet(46)) - raft.server.log.statemachine.data.sync.timeout.retry = -1 (default)
2023-12-01 03:55:41,945 [s0-impl-thread1] INFO  server.RaftServerConfigKeys (ConfUtils.java:logGet(46)) - raft.server.log.write.buffer.size = 8MB (=8388608) (default)
2023-12-01 03:55:41,947 [s0-impl-thread1] INFO  server.RaftServerConfigKeys (ConfUtils.java:logGet(46)) - raft.server.log.appender.buffer.byte-limit = 4MB (=4194304) (default)
2023-12-01 03:55:41,947 [s0-impl-thread1] INFO  server.RaftServerConfigKeys (ConfUtils.java:logGet(46)) - raft.server.log.unsafe-flush.enabled = false (default)
2023-12-01 03:55:41,948 [s0-impl-thread1] INFO  server.RaftServerConfigKeys (ConfUtils.java:logGet(46)) - raft.server.log.async-flush.enabled = false (default)
2023-12-01 03:55:41,948 [s0-impl-thread1] INFO  server.RaftServerConfigKeys (ConfUtils.java:logGet(46)) - raft.server.log.statemachine.data.caching.enabled = false (default)
2023-12-01 03:55:41,952 [s0-impl-thread1] INFO  segmented.SegmentedRaftLogWorker (SegmentedRaftLogWorker.java:lambda$new$0(134)) - s0@group-90CE24CD81AC-SegmentedRaftLogWorker: flushIndex: setUnconditionally 0 -> -1
2023-12-01 03:55:41,952 [s0-impl-thread1] INFO  segmented.SegmentedRaftLogWorker (SegmentedRaftLogWorker.java:lambda$new$0(134)) - s0@group-90CE24CD81AC-SegmentedRaftLogWorker: safeCacheEvictIndex: setUnconditionally 0 -> -1
2023-12-01 03:55:41,955 [s0-impl-thread1] INFO  server.RaftServer$Division (RaftServerImpl.java:start(392)) - s0@group-90CE24CD81AC: start as a follower, conf=-1: peers:[s0|localhost:42621, s1|localhost:45397, s2|localhost:33889]|listeners:[], old=null
2023-12-01 03:55:41,955 [s0-impl-thread1] INFO  server.RaftServer$Division (RaftServerImpl.java:setRole(379)) - s0@group-90CE24CD81AC: changes role from      null to FOLLOWER at term 0 for startAsFollower
2023-12-01 03:55:41,956 [s0-impl-thread1] INFO  impl.RoleInfo (RoleInfo.java:updateAndGet(139)) - s0: start s0@group-90CE24CD81AC-FollowerState
2023-12-01 03:55:41,956 [s0@group-90CE24CD81AC-FollowerState] INFO  server.RaftServerConfigKeys (ConfUtils.java:logFallback(53)) - raft.server.rpc.first-election.timeout.min = 150ms (fallback to raft.server.rpc.timeout.min)
2023-12-01 03:55:41,956 [s0@group-90CE24CD81AC-FollowerState] INFO  server.RaftServerConfigKeys (ConfUtils.java:logFallback(53)) - raft.server.rpc.first-election.timeout.max = 300ms (fallback to raft.server.rpc.timeout.max)
2023-12-01 03:55:41,958 [s0-impl-thread1] INFO  util.JmxRegister (JmxRegister.java:tryRegister(44)) - Successfully registered JMX Bean with object name Ratis:service=RaftServer,group=group-90CE24CD81AC,id=s0
2023-12-01 03:55:41,960 [s0-impl-thread1] INFO  server.RaftServerConfigKeys (ConfUtils.java:logGet(46)) - raft.server.snapshot.trigger-when-stop.enabled = true (default)
2023-12-01 03:55:41,960 [s0-impl-thread1] INFO  server.RaftServerConfigKeys (ConfUtils.java:logGet(46)) - raft.server.snapshot.auto.trigger.enabled = false (default)
2023-12-01 03:55:41,961 [s0-impl-thread1] INFO  server.RaftServerConfigKeys (ConfUtils.java:logGet(46)) - raft.server.snapshot.retention.file.num = -1 (default)
2023-12-01 03:55:41,961 [s0-impl-thread1] INFO  server.RaftServerConfigKeys (ConfUtils.java:logGet(46)) - raft.server.log.purge.upto.snapshot.index = false (default)
2023-12-01 03:55:41,964 [Time-limited test] INFO  server.RaftServer (RaftServerProxy.java:startImpl(406)) - s0: start RPC server
2023-12-01 03:55:42,006 [Time-limited test] INFO  server.GrpcService (GrpcService.java:startImpl(302)) - s0: GrpcService started, listening on 37831
2023-12-01 03:55:42,007 [Time-limited test] INFO  server.GrpcService (GrpcService.java:startImpl(302)) - s0: GrpcService started, listening on 42621
2023-12-01 03:55:42,008 [Time-limited test] INFO  server.GrpcService (GrpcService.java:startImpl(302)) - s0: GrpcService started, listening on 43369
2023-12-01 03:55:42,010 [JvmPauseMonitor0] INFO  util.JvmPauseMonitor (JvmPauseMonitor.java:run(146)) - JvmPauseMonitor-s0: Started
2023-12-01 03:55:42,010 [s1-impl-thread1] INFO  server.RaftServerConfigKeys (ConfUtils.java:logGet(46)) - raft.server.storage.free-space.min = 0MB (=0) (default)
2023-12-01 03:55:42,010 [s1-impl-thread1] INFO  server.RaftServerConfigKeys (ConfUtils.java:logGet(46)) - raft.server.log.corruption.policy = EXCEPTION (default)
2023-12-01 03:55:42,010 [s1-impl-thread1] INFO  server.RaftServerConfigKeys (ConfUtils.java:logGet(46)) - raft.server.storage.dir = [/home/runner/work/ratis/ratis/ratis-test/target/test/data/1b1d21a/MiniRaftClusterWithGrpc9d810102/s1] (custom)
2023-12-01 03:55:42,011 [s1-impl-thread1] INFO  storage.RaftStorageDirectory (RaftStorageDirectoryImpl.java:analyzeStorage(138)) - The storage directory /home/runner/work/ratis/ratis/ratis-test/target/test/data/1b1d21a/MiniRaftClusterWithGrpc9d810102/s1/00fe38ee-4ecd-48e3-9dac-90ce24cd81ac does not exist. Creating ...
2023-12-01 03:55:42,011 [s1-impl-thread1] TRACE util.FileUtils (LogUtils.java:runAndLog(49)) - Successfully ran Files.createDirectories /home/runner/work/ratis/ratis/ratis-test/target/test/data/1b1d21a/MiniRaftClusterWithGrpc9d810102/s1/00fe38ee-4ecd-48e3-9dac-90ce24cd81ac
2023-12-01 03:55:42,012 [s1-impl-thread1] INFO  storage.RaftStorageDirectory (RaftStorageDirectoryImpl.java:tryLock(232)) - Lock on /home/runner/work/ratis/ratis/ratis-test/target/test/data/1b1d21a/MiniRaftClusterWithGrpc9d810102/s1/00fe38ee-4ecd-48e3-9dac-90ce24cd81ac/in_use.lock acquired by nodename 4676@fv-az912-722
2023-12-01 03:55:42,012 [s1-impl-thread1] TRACE util.FileUtils (LogUtils.java:runAndLog(49)) - Successfully ran Files.createDirectories /home/runner/work/ratis/ratis/ratis-test/target/test/data/1b1d21a/MiniRaftClusterWithGrpc9d810102/s1/00fe38ee-4ecd-48e3-9dac-90ce24cd81ac/current
2023-12-01 03:55:42,012 [s1-impl-thread1] TRACE util.FileUtils (LogUtils.java:runAndLog(49)) - Successfully ran Files.createDirectories /home/runner/work/ratis/ratis/ratis-test/target/test/data/1b1d21a/MiniRaftClusterWithGrpc9d810102/s1/00fe38ee-4ecd-48e3-9dac-90ce24cd81ac/sm
2023-12-01 03:55:42,013 [s1-impl-thread1] TRACE util.FileUtils (LogUtils.java:supplyAndLog(69)) - Successfully supplied FileChannel.open /home/runner/work/ratis/ratis/ratis-test/target/test/data/1b1d21a/MiniRaftClusterWithGrpc9d810102/s1/00fe38ee-4ecd-48e3-9dac-90ce24cd81ac/current/raft-meta.tmp with options [CREATE, WRITE]: sun.nio.ch.FileChannelImpl@3378253
2023-12-01 03:55:42,014 [s1-impl-thread1] TRACE util.FileUtils (LogUtils.java:runAndLog(49)) - Successfully ran Atomic Files.move /home/runner/work/ratis/ratis/ratis-test/target/test/data/1b1d21a/MiniRaftClusterWithGrpc9d810102/s1/00fe38ee-4ecd-48e3-9dac-90ce24cd81ac/current/raft-meta.tmp to /home/runner/work/ratis/ratis/ratis-test/target/test/data/1b1d21a/MiniRaftClusterWithGrpc9d810102/s1/00fe38ee-4ecd-48e3-9dac-90ce24cd81ac/current/raft-meta with options [REPLACE_EXISTING]
2023-12-01 03:55:42,014 [s1-impl-thread1] INFO  storage.RaftStorage (RaftStorageImpl.java:format(99)) - Storage directory /home/runner/work/ratis/ratis/ratis-test/target/test/data/1b1d21a/MiniRaftClusterWithGrpc9d810102/s1/00fe38ee-4ecd-48e3-9dac-90ce24cd81ac has been successfully formatted.
2023-12-01 03:55:42,015 [s1-impl-thread1] TRACE util.FileUtils (LogUtils.java:supplyAndLog(61)) - Failed to Files.newInputStream /home/runner/work/ratis/ratis/ratis-test/target/test/data/1b1d21a/MiniRaftClusterWithGrpc9d810102/s1/00fe38ee-4ecd-48e3-9dac-90ce24cd81ac/current/raft-meta.conf with options []
java.nio.file.NoSuchFileException: /home/runner/work/ratis/ratis/ratis-test/target/test/data/1b1d21a/MiniRaftClusterWithGrpc9d810102/s1/00fe38ee-4ecd-48e3-9dac-90ce24cd81ac/current/raft-meta.conf
	at java.base/sun.nio.fs.UnixException.translateToIOException(UnixException.java:92)
	at java.base/sun.nio.fs.UnixException.rethrowAsIOException(UnixException.java:111)
	at java.base/sun.nio.fs.UnixException.rethrowAsIOException(UnixException.java:116)
	at java.base/sun.nio.fs.UnixFileSystemProvider.newByteChannel(UnixFileSystemProvider.java:219)
	at java.base/java.nio.file.Files.newByteChannel(Files.java:371)
	at java.base/java.nio.file.Files.newByteChannel(Files.java:422)
	at java.base/java.nio.file.spi.FileSystemProvider.newInputStream(FileSystemProvider.java:420)
	at java.base/java.nio.file.Files.newInputStream(Files.java:156)
	at org.apache.ratis.util.FileUtils.lambda$newInputStream$2(FileUtils.java:73)
	at org.apache.ratis.util.LogUtils.supplyAndLog(LogUtils.java:58)
	at org.apache.ratis.util.FileUtils.newInputStream(FileUtils.java:72)
	at org.apache.ratis.util.FileUtils.newInputStream(FileUtils.java:68)
	at org.apache.ratis.server.storage.RaftStorageImpl.readRaftConfiguration(RaftStorageImpl.java:156)
	at org.apache.ratis.server.impl.ServerState.initialize(ServerState.java:141)
	at org.apache.ratis.server.impl.RaftServerImpl.start(RaftServerImpl.java:388)
	at org.apache.ratis.util.ConcurrentUtils.accept(ConcurrentUtils.java:203)
	at org.apache.ratis.util.ConcurrentUtils.lambda$parallelForEachAsync$4(ConcurrentUtils.java:182)
	at java.base/java.util.concurrent.ThreadPoolExecutor.runWorker(ThreadPoolExecutor.java:1128)
	at java.base/java.util.concurrent.ThreadPoolExecutor$Worker.run(ThreadPoolExecutor.java:628)
	at java.base/java.lang.Thread.run(Thread.java:829)
2023-12-01 03:55:42,015 [s1-impl-thread1] INFO  impl.SimpleStateMachine4Testing (SimpleStateMachine4Testing.java:initialize(213)) - Initializing SimpleStateMachine4Testing:uninitialized
2023-12-01 03:55:42,015 [s1-impl-thread1] INFO  impl.SimpleStateMachine4Testing (SimpleStateMachine4Testing.java:loadSnapshot(296)) - Loading snapshot null
2023-12-01 03:55:42,015 [s1-impl-thread1] INFO  server.RaftServerConfigKeys (ConfUtils.java:logGet(46)) - raft.server.log.use.memory = false (default)
2023-12-01 03:55:42,016 [s1-impl-thread1] INFO  server.RaftServerConfigKeys (ConfUtils.java:logGet(46)) - raft.server.log.purge.gap = 1024 (default)
2023-12-01 03:55:42,016 [s1-impl-thread1] INFO  server.RaftServerConfigKeys (ConfUtils.java:logGet(46)) - raft.server.log.appender.buffer.byte-limit = 4MB (=4194304) (default)
2023-12-01 03:55:42,016 [s1-impl-thread1] INFO  server.RaftServerConfigKeys (ConfUtils.java:logGet(46)) - raft.server.log.statemachine.data.read.timeout = 1000ms (default)
2023-12-01 03:55:42,016 [s1-impl-thread1] INFO  server.RaftServerConfigKeys (ConfUtils.java:logGet(46)) - raft.server.log.purge.preservation.log.num = 0 (default)
2023-12-01 03:55:42,017 [s1-impl-thread1] INFO  server.RaftServerConfigKeys (ConfUtils.java:logGet(46)) - raft.server.log.segment.size.max = 32MB (=33554432) (default)
2023-12-01 03:55:42,017 [s1-impl-thread1] INFO  server.RaftServerConfigKeys (ConfUtils.java:logGet(46)) - raft.server.log.segment.cache.num.max = 6 (default)
2023-12-01 03:55:42,017 [s1-impl-thread1] INFO  server.RaftServerConfigKeys (ConfUtils.java:logGet(46)) - raft.server.log.segment.cache.size.max = 200MB (=209715200) (default)
2023-12-01 03:55:42,017 [s1-impl-thread1] INFO  server.RaftServerConfigKeys (ConfUtils.java:logGet(46)) - raft.server.log.appender.buffer.byte-limit = 4MB (=4194304) (default)
2023-12-01 03:55:42,017 [s1-impl-thread1] INFO  util.AwaitToRun (AwaitToRun.java:start(81)) - Thread[s1@group-90CE24CD81AC-cacheEviction-AwaitToRun,5,main] started
2023-12-01 03:55:42,018 [s1-impl-thread1] INFO  segmented.SegmentedRaftLogWorker (SegmentedRaftLogWorker.java:<init>(182)) - new s1@group-90CE24CD81AC-SegmentedRaftLogWorker for RaftStorageImpl:Storage Directory /home/runner/work/ratis/ratis/ratis-test/target/test/data/1b1d21a/MiniRaftClusterWithGrpc9d810102/s1/00fe38ee-4ecd-48e3-9dac-90ce24cd81ac
2023-12-01 03:55:42,022 [s1-impl-thread1] INFO  server.RaftServerConfigKeys (ConfUtils.java:logGet(46)) - raft.server.log.queue.byte-limit = 64MB (=67108864) (default)
2023-12-01 03:55:42,022 [s1-impl-thread1] INFO  server.RaftServerConfigKeys (ConfUtils.java:logGet(46)) - raft.server.log.queue.element-limit = 4096 (default)
2023-12-01 03:55:42,022 [s1-impl-thread1] INFO  server.RaftServerConfigKeys (ConfUtils.java:logGet(46)) - raft.server.log.segment.size.max = 32MB (=33554432) (default)
2023-12-01 03:55:42,022 [s1-impl-thread1] INFO  server.RaftServerConfigKeys (ConfUtils.java:logGet(46)) - raft.server.log.preallocated.size = 4MB (=4194304) (default)
2023-12-01 03:55:42,022 [s1-impl-thread1] INFO  server.RaftServerConfigKeys (ConfUtils.java:logGet(46)) - raft.server.log.force.sync.num = 128 (default)
2023-12-01 03:55:42,022 [s1-impl-thread1] INFO  server.RaftServerConfigKeys (ConfUtils.java:logGet(46)) - raft.server.log.statemachine.data.sync = true (default)
2023-12-01 03:55:42,023 [s1-impl-thread1] INFO  server.RaftServerConfigKeys (ConfUtils.java:logGet(46)) - raft.server.log.statemachine.data.sync.timeout = 10s (default)
2023-12-01 03:55:42,023 [s1-impl-thread1] INFO  server.RaftServerConfigKeys (ConfUtils.java:logGet(46)) - raft.server.log.statemachine.data.sync.timeout.retry = -1 (default)
2023-12-01 03:55:42,023 [s1-impl-thread1] INFO  server.RaftServerConfigKeys (ConfUtils.java:logGet(46)) - raft.server.log.write.buffer.size = 8MB (=8388608) (default)
2023-12-01 03:55:42,025 [s1-impl-thread1] INFO  server.RaftServerConfigKeys (ConfUtils.java:logGet(46)) - raft.server.log.appender.buffer.byte-limit = 4MB (=4194304) (default)
2023-12-01 03:55:42,025 [s1-impl-thread1] INFO  server.RaftServerConfigKeys (ConfUtils.java:logGet(46)) - raft.server.log.unsafe-flush.enabled = false (default)
2023-12-01 03:55:42,025 [s1-impl-thread1] INFO  server.RaftServerConfigKeys (ConfUtils.java:logGet(46)) - raft.server.log.async-flush.enabled = false (default)
2023-12-01 03:55:42,025 [s1-impl-thread1] INFO  server.RaftServerConfigKeys (ConfUtils.java:logGet(46)) - raft.server.log.statemachine.data.caching.enabled = false (default)
2023-12-01 03:55:42,026 [s1-impl-thread1] INFO  segmented.SegmentedRaftLogWorker (SegmentedRaftLogWorker.java:lambda$new$0(134)) - s1@group-90CE24CD81AC-SegmentedRaftLogWorker: flushIndex: setUnconditionally 0 -> -1
2023-12-01 03:55:42,026 [s1-impl-thread1] INFO  segmented.SegmentedRaftLogWorker (SegmentedRaftLogWorker.java:lambda$new$0(134)) - s1@group-90CE24CD81AC-SegmentedRaftLogWorker: safeCacheEvictIndex: setUnconditionally 0 -> -1
2023-12-01 03:55:42,026 [s1-impl-thread1] INFO  server.RaftServer$Division (RaftServerImpl.java:start(392)) - s1@group-90CE24CD81AC: start as a follower, conf=-1: peers:[s0|localhost:42621, s1|localhost:45397, s2|localhost:33889]|listeners:[], old=null
2023-12-01 03:55:42,026 [s1-impl-thread1] INFO  server.RaftServer$Division (RaftServerImpl.java:setRole(379)) - s1@group-90CE24CD81AC: changes role from      null to FOLLOWER at term 0 for startAsFollower
2023-12-01 03:55:42,026 [s1-impl-thread1] INFO  impl.RoleInfo (RoleInfo.java:updateAndGet(139)) - s1: start s1@group-90CE24CD81AC-FollowerState
2023-12-01 03:55:42,027 [s1@group-90CE24CD81AC-FollowerState] INFO  server.RaftServerConfigKeys (ConfUtils.java:logFallback(53)) - raft.server.rpc.first-election.timeout.min = 150ms (fallback to raft.server.rpc.timeout.min)
2023-12-01 03:55:42,027 [s1-impl-thread1] INFO  util.JmxRegister (JmxRegister.java:tryRegister(44)) - Successfully registered JMX Bean with object name Ratis:service=RaftServer,group=group-90CE24CD81AC,id=s1
2023-12-01 03:55:42,027 [s1@group-90CE24CD81AC-FollowerState] INFO  server.RaftServerConfigKeys (ConfUtils.java:logFallback(53)) - raft.server.rpc.first-election.timeout.max = 300ms (fallback to raft.server.rpc.timeout.max)
2023-12-01 03:55:42,027 [s1-impl-thread1] INFO  server.RaftServerConfigKeys (ConfUtils.java:logGet(46)) - raft.server.snapshot.trigger-when-stop.enabled = true (default)
2023-12-01 03:55:42,027 [s1-impl-thread1] INFO  server.RaftServerConfigKeys (ConfUtils.java:logGet(46)) - raft.server.snapshot.auto.trigger.enabled = false (default)
2023-12-01 03:55:42,027 [s1-impl-thread1] INFO  server.RaftServerConfigKeys (ConfUtils.java:logGet(46)) - raft.server.snapshot.retention.file.num = -1 (default)
2023-12-01 03:55:42,027 [s1-impl-thread1] INFO  server.RaftServerConfigKeys (ConfUtils.java:logGet(46)) - raft.server.log.purge.upto.snapshot.index = false (default)
2023-12-01 03:55:42,028 [Time-limited test] INFO  server.RaftServer (RaftServerProxy.java:startImpl(406)) - s1: start RPC server
2023-12-01 03:55:42,029 [Time-limited test] INFO  server.GrpcService (GrpcService.java:startImpl(302)) - s1: GrpcService started, listening on 46561
2023-12-01 03:55:42,030 [Time-limited test] INFO  server.GrpcService (GrpcService.java:startImpl(302)) - s1: GrpcService started, listening on 45397
2023-12-01 03:55:42,030 [Time-limited test] INFO  server.GrpcService (GrpcService.java:startImpl(302)) - s1: GrpcService started, listening on 42213
2023-12-01 03:55:42,034 [s2-impl-thread1] INFO  server.RaftServerConfigKeys (ConfUtils.java:logGet(46)) - raft.server.storage.free-space.min = 0MB (=0) (default)
2023-12-01 03:55:42,034 [s2-impl-thread1] INFO  server.RaftServerConfigKeys (ConfUtils.java:logGet(46)) - raft.server.log.corruption.policy = EXCEPTION (default)
2023-12-01 03:55:42,034 [s2-impl-thread1] INFO  server.RaftServerConfigKeys (ConfUtils.java:logGet(46)) - raft.server.storage.dir = [/home/runner/work/ratis/ratis/ratis-test/target/test/data/1b1d21a/MiniRaftClusterWithGrpc9d810102/s2] (custom)
2023-12-01 03:55:42,035 [s2-impl-thread1] INFO  storage.RaftStorageDirectory (RaftStorageDirectoryImpl.java:analyzeStorage(138)) - The storage directory /home/runner/work/ratis/ratis/ratis-test/target/test/data/1b1d21a/MiniRaftClusterWithGrpc9d810102/s2/00fe38ee-4ecd-48e3-9dac-90ce24cd81ac does not exist. Creating ...
2023-12-01 03:55:42,035 [s2-impl-thread1] TRACE util.FileUtils (LogUtils.java:runAndLog(49)) - Successfully ran Files.createDirectories /home/runner/work/ratis/ratis/ratis-test/target/test/data/1b1d21a/MiniRaftClusterWithGrpc9d810102/s2/00fe38ee-4ecd-48e3-9dac-90ce24cd81ac
2023-12-01 03:55:42,034 [JvmPauseMonitor1] INFO  util.JvmPauseMonitor (JvmPauseMonitor.java:run(146)) - JvmPauseMonitor-s1: Started
2023-12-01 03:55:42,036 [s2-impl-thread1] INFO  storage.RaftStorageDirectory (RaftStorageDirectoryImpl.java:tryLock(232)) - Lock on /home/runner/work/ratis/ratis/ratis-test/target/test/data/1b1d21a/MiniRaftClusterWithGrpc9d810102/s2/00fe38ee-4ecd-48e3-9dac-90ce24cd81ac/in_use.lock acquired by nodename 4676@fv-az912-722
2023-12-01 03:55:42,036 [s2-impl-thread1] TRACE util.FileUtils (LogUtils.java:runAndLog(49)) - Successfully ran Files.createDirectories /home/runner/work/ratis/ratis/ratis-test/target/test/data/1b1d21a/MiniRaftClusterWithGrpc9d810102/s2/00fe38ee-4ecd-48e3-9dac-90ce24cd81ac/current
2023-12-01 03:55:42,037 [s2-impl-thread1] TRACE util.FileUtils (LogUtils.java:runAndLog(49)) - Successfully ran Files.createDirectories /home/runner/work/ratis/ratis/ratis-test/target/test/data/1b1d21a/MiniRaftClusterWithGrpc9d810102/s2/00fe38ee-4ecd-48e3-9dac-90ce24cd81ac/sm
2023-12-01 03:55:42,037 [s2-impl-thread1] TRACE util.FileUtils (LogUtils.java:supplyAndLog(69)) - Successfully supplied FileChannel.open /home/runner/work/ratis/ratis/ratis-test/target/test/data/1b1d21a/MiniRaftClusterWithGrpc9d810102/s2/00fe38ee-4ecd-48e3-9dac-90ce24cd81ac/current/raft-meta.tmp with options [CREATE, WRITE]: sun.nio.ch.FileChannelImpl@2e884849
2023-12-01 03:55:42,039 [s2-impl-thread1] TRACE util.FileUtils (LogUtils.java:runAndLog(49)) - Successfully ran Atomic Files.move /home/runner/work/ratis/ratis/ratis-test/target/test/data/1b1d21a/MiniRaftClusterWithGrpc9d810102/s2/00fe38ee-4ecd-48e3-9dac-90ce24cd81ac/current/raft-meta.tmp to /home/runner/work/ratis/ratis/ratis-test/target/test/data/1b1d21a/MiniRaftClusterWithGrpc9d810102/s2/00fe38ee-4ecd-48e3-9dac-90ce24cd81ac/current/raft-meta with options [REPLACE_EXISTING]
2023-12-01 03:55:42,039 [s2-impl-thread1] INFO  storage.RaftStorage (RaftStorageImpl.java:format(99)) - Storage directory /home/runner/work/ratis/ratis/ratis-test/target/test/data/1b1d21a/MiniRaftClusterWithGrpc9d810102/s2/00fe38ee-4ecd-48e3-9dac-90ce24cd81ac has been successfully formatted.
2023-12-01 03:55:42,039 [s2-impl-thread1] TRACE util.FileUtils (LogUtils.java:supplyAndLog(61)) - Failed to Files.newInputStream /home/runner/work/ratis/ratis/ratis-test/target/test/data/1b1d21a/MiniRaftClusterWithGrpc9d810102/s2/00fe38ee-4ecd-48e3-9dac-90ce24cd81ac/current/raft-meta.conf with options []
java.nio.file.NoSuchFileException: /home/runner/work/ratis/ratis/ratis-test/target/test/data/1b1d21a/MiniRaftClusterWithGrpc9d810102/s2/00fe38ee-4ecd-48e3-9dac-90ce24cd81ac/current/raft-meta.conf
	at java.base/sun.nio.fs.UnixException.translateToIOException(UnixException.java:92)
	at java.base/sun.nio.fs.UnixException.rethrowAsIOException(UnixException.java:111)
	at java.base/sun.nio.fs.UnixException.rethrowAsIOException(UnixException.java:116)
	at java.base/sun.nio.fs.UnixFileSystemProvider.newByteChannel(UnixFileSystemProvider.java:219)
	at java.base/java.nio.file.Files.newByteChannel(Files.java:371)
	at java.base/java.nio.file.Files.newByteChannel(Files.java:422)
	at java.base/java.nio.file.spi.FileSystemProvider.newInputStream(FileSystemProvider.java:420)
	at java.base/java.nio.file.Files.newInputStream(Files.java:156)
	at org.apache.ratis.util.FileUtils.lambda$newInputStream$2(FileUtils.java:73)
	at org.apache.ratis.util.LogUtils.supplyAndLog(LogUtils.java:58)
	at org.apache.ratis.util.FileUtils.newInputStream(FileUtils.java:72)
	at org.apache.ratis.util.FileUtils.newInputStream(FileUtils.java:68)
	at org.apache.ratis.server.storage.RaftStorageImpl.readRaftConfiguration(RaftStorageImpl.java:156)
	at org.apache.ratis.server.impl.ServerState.initialize(ServerState.java:141)
	at org.apache.ratis.server.impl.RaftServerImpl.start(RaftServerImpl.java:388)
	at org.apache.ratis.util.ConcurrentUtils.accept(ConcurrentUtils.java:203)
	at org.apache.ratis.util.ConcurrentUtils.lambda$parallelForEachAsync$4(ConcurrentUtils.java:182)
	at java.base/java.util.concurrent.ThreadPoolExecutor.runWorker(ThreadPoolExecutor.java:1128)
	at java.base/java.util.concurrent.ThreadPoolExecutor$Worker.run(ThreadPoolExecutor.java:628)
	at java.base/java.lang.Thread.run(Thread.java:829)
2023-12-01 03:55:42,040 [s2-impl-thread1] INFO  impl.SimpleStateMachine4Testing (SimpleStateMachine4Testing.java:initialize(213)) - Initializing SimpleStateMachine4Testing:uninitialized
2023-12-01 03:55:42,040 [s2-impl-thread1] INFO  impl.SimpleStateMachine4Testing (SimpleStateMachine4Testing.java:loadSnapshot(296)) - Loading snapshot null
2023-12-01 03:55:42,040 [s2-impl-thread1] INFO  server.RaftServerConfigKeys (ConfUtils.java:logGet(46)) - raft.server.log.use.memory = false (default)
2023-12-01 03:55:42,040 [s2-impl-thread1] INFO  server.RaftServerConfigKeys (ConfUtils.java:logGet(46)) - raft.server.log.purge.gap = 1024 (default)
2023-12-01 03:55:42,040 [s2-impl-thread1] INFO  server.RaftServerConfigKeys (ConfUtils.java:logGet(46)) - raft.server.log.appender.buffer.byte-limit = 4MB (=4194304) (default)
2023-12-01 03:55:42,041 [s2-impl-thread1] INFO  server.RaftServerConfigKeys (ConfUtils.java:logGet(46)) - raft.server.log.statemachine.data.read.timeout = 1000ms (default)
2023-12-01 03:55:42,041 [s2-impl-thread1] INFO  server.RaftServerConfigKeys (ConfUtils.java:logGet(46)) - raft.server.log.purge.preservation.log.num = 0 (default)
2023-12-01 03:55:42,042 [s2-impl-thread1] INFO  server.RaftServerConfigKeys (ConfUtils.java:logGet(46)) - raft.server.log.segment.size.max = 32MB (=33554432) (default)
2023-12-01 03:55:42,042 [s2-impl-thread1] INFO  server.RaftServerConfigKeys (ConfUtils.java:logGet(46)) - raft.server.log.segment.cache.num.max = 6 (default)
2023-12-01 03:55:42,042 [s2-impl-thread1] INFO  server.RaftServerConfigKeys (ConfUtils.java:logGet(46)) - raft.server.log.segment.cache.size.max = 200MB (=209715200) (default)
2023-12-01 03:55:42,042 [s2-impl-thread1] INFO  server.RaftServerConfigKeys (ConfUtils.java:logGet(46)) - raft.server.log.appender.buffer.byte-limit = 4MB (=4194304) (default)
2023-12-01 03:55:42,043 [s2-impl-thread1] INFO  util.AwaitToRun (AwaitToRun.java:start(81)) - Thread[s2@group-90CE24CD81AC-cacheEviction-AwaitToRun,5,main] started
2023-12-01 03:55:42,043 [s2-impl-thread1] INFO  segmented.SegmentedRaftLogWorker (SegmentedRaftLogWorker.java:<init>(182)) - new s2@group-90CE24CD81AC-SegmentedRaftLogWorker for RaftStorageImpl:Storage Directory /home/runner/work/ratis/ratis/ratis-test/target/test/data/1b1d21a/MiniRaftClusterWithGrpc9d810102/s2/00fe38ee-4ecd-48e3-9dac-90ce24cd81ac
2023-12-01 03:55:42,043 [s2-impl-thread1] INFO  server.RaftServerConfigKeys (ConfUtils.java:logGet(46)) - raft.server.log.queue.byte-limit = 64MB (=67108864) (default)
2023-12-01 03:55:42,043 [s2-impl-thread1] INFO  server.RaftServerConfigKeys (ConfUtils.java:logGet(46)) - raft.server.log.queue.element-limit = 4096 (default)
2023-12-01 03:55:42,043 [s2-impl-thread1] INFO  server.RaftServerConfigKeys (ConfUtils.java:logGet(46)) - raft.server.log.segment.size.max = 32MB (=33554432) (default)
2023-12-01 03:55:42,043 [s2-impl-thread1] INFO  server.RaftServerConfigKeys (ConfUtils.java:logGet(46)) - raft.server.log.preallocated.size = 4MB (=4194304) (default)
2023-12-01 03:55:42,043 [s2-impl-thread1] INFO  server.RaftServerConfigKeys (ConfUtils.java:logGet(46)) - raft.server.log.force.sync.num = 128 (default)
2023-12-01 03:55:42,043 [s2-impl-thread1] INFO  server.RaftServerConfigKeys (ConfUtils.java:logGet(46)) - raft.server.log.statemachine.data.sync = true (default)
2023-12-01 03:55:42,043 [s2-impl-thread1] INFO  server.RaftServerConfigKeys (ConfUtils.java:logGet(46)) - raft.server.log.statemachine.data.sync.timeout = 10s (default)
2023-12-01 03:55:42,043 [s2-impl-thread1] INFO  server.RaftServerConfigKeys (ConfUtils.java:logGet(46)) - raft.server.log.statemachine.data.sync.timeout.retry = -1 (default)
2023-12-01 03:55:42,044 [s2-impl-thread1] INFO  server.RaftServerConfigKeys (ConfUtils.java:logGet(46)) - raft.server.log.write.buffer.size = 8MB (=8388608) (default)
2023-12-01 03:55:42,045 [s2-impl-thread1] INFO  server.RaftServerConfigKeys (ConfUtils.java:logGet(46)) - raft.server.log.appender.buffer.byte-limit = 4MB (=4194304) (default)
2023-12-01 03:55:42,046 [s2-impl-thread1] INFO  server.RaftServerConfigKeys (ConfUtils.java:logGet(46)) - raft.server.log.unsafe-flush.enabled = false (default)
2023-12-01 03:55:42,046 [s2-impl-thread1] INFO  server.RaftServerConfigKeys (ConfUtils.java:logGet(46)) - raft.server.log.async-flush.enabled = false (default)
2023-12-01 03:55:42,046 [s2-impl-thread1] INFO  server.RaftServerConfigKeys (ConfUtils.java:logGet(46)) - raft.server.log.statemachine.data.caching.enabled = false (default)
2023-12-01 03:55:42,046 [s2-impl-thread1] INFO  segmented.SegmentedRaftLogWorker (SegmentedRaftLogWorker.java:lambda$new$0(134)) - s2@group-90CE24CD81AC-SegmentedRaftLogWorker: flushIndex: setUnconditionally 0 -> -1
2023-12-01 03:55:42,046 [s2-impl-thread1] INFO  segmented.SegmentedRaftLogWorker (SegmentedRaftLogWorker.java:lambda$new$0(134)) - s2@group-90CE24CD81AC-SegmentedRaftLogWorker: safeCacheEvictIndex: setUnconditionally 0 -> -1
2023-12-01 03:55:42,047 [s2-impl-thread1] INFO  server.RaftServer$Division (RaftServerImpl.java:start(392)) - s2@group-90CE24CD81AC: start as a follower, conf=-1: peers:[s0|localhost:42621, s1|localhost:45397, s2|localhost:33889]|listeners:[], old=null
2023-12-01 03:55:42,047 [s2-impl-thread1] INFO  server.RaftServer$Division (RaftServerImpl.java:setRole(379)) - s2@group-90CE24CD81AC: changes role from      null to FOLLOWER at term 0 for startAsFollower
2023-12-01 03:55:42,047 [s2-impl-thread1] INFO  impl.RoleInfo (RoleInfo.java:updateAndGet(139)) - s2: start s2@group-90CE24CD81AC-FollowerState
2023-12-01 03:55:42,047 [s2@group-90CE24CD81AC-FollowerState] INFO  server.RaftServerConfigKeys (ConfUtils.java:logFallback(53)) - raft.server.rpc.first-election.timeout.min = 150ms (fallback to raft.server.rpc.timeout.min)
2023-12-01 03:55:42,047 [s2@group-90CE24CD81AC-FollowerState] INFO  server.RaftServerConfigKeys (ConfUtils.java:logFallback(53)) - raft.server.rpc.first-election.timeout.max = 300ms (fallback to raft.server.rpc.timeout.max)
2023-12-01 03:55:42,047 [s2-impl-thread1] INFO  util.JmxRegister (JmxRegister.java:tryRegister(44)) - Successfully registered JMX Bean with object name Ratis:service=RaftServer,group=group-90CE24CD81AC,id=s2
2023-12-01 03:55:42,048 [s2-impl-thread1] INFO  server.RaftServerConfigKeys (ConfUtils.java:logGet(46)) - raft.server.snapshot.trigger-when-stop.enabled = true (default)
2023-12-01 03:55:42,048 [s2-impl-thread1] INFO  server.RaftServerConfigKeys (ConfUtils.java:logGet(46)) - raft.server.snapshot.auto.trigger.enabled = false (default)
2023-12-01 03:55:42,049 [s2-impl-thread1] INFO  server.RaftServerConfigKeys (ConfUtils.java:logGet(46)) - raft.server.snapshot.retention.file.num = -1 (default)
2023-12-01 03:55:42,049 [s2-impl-thread1] INFO  server.RaftServerConfigKeys (ConfUtils.java:logGet(46)) - raft.server.log.purge.upto.snapshot.index = false (default)
2023-12-01 03:55:42,049 [Time-limited test] INFO  server.RaftServer (RaftServerProxy.java:startImpl(406)) - s2: start RPC server
2023-12-01 03:55:42,050 [Time-limited test] INFO  server.GrpcService (GrpcService.java:startImpl(302)) - s2: GrpcService started, listening on 46151
2023-12-01 03:55:42,051 [Time-limited test] INFO  server.GrpcService (GrpcService.java:startImpl(302)) - s2: GrpcService started, listening on 33889
2023-12-01 03:55:42,051 [Time-limited test] INFO  server.GrpcService (GrpcService.java:startImpl(302)) - s2: GrpcService started, listening on 44333
2023-12-01 03:55:42,053 [Time-limited test] INFO  server.RaftServerConfigKeys (ConfUtils.java:logGet(46)) - raft.server.rpc.timeout.max = 300ms (default)
2023-12-01 03:55:42,054 [JvmPauseMonitor2] INFO  util.JvmPauseMonitor (JvmPauseMonitor.java:run(146)) - JvmPauseMonitor-s2: Started
2023-12-01 03:55:42,055 [Time-limited test] INFO  ratis.RaftTestUtil (RaftTestUtil.java:waitForLeader(100)) - printing ALL groups
  s0:  RUNNING  FOLLOWER s0@group-90CE24CD81AC:t0, leader=null, voted=, raftlog=Memoized:s0@group-90CE24CD81AC-SegmentedRaftLog:OPENED:c-1, conf=-1: peers:[s0|localhost:42621, s1|localhost:45397, s2|localhost:33889]|listeners:[], old=null RUNNING
  s1:  RUNNING  FOLLOWER s1@group-90CE24CD81AC:t0, leader=null, voted=, raftlog=Memoized:s1@group-90CE24CD81AC-SegmentedRaftLog:OPENED:c-1, conf=-1: peers:[s0|localhost:42621, s1|localhost:45397, s2|localhost:33889]|listeners:[], old=null RUNNING
  s2:  RUNNING  FOLLOWER s2@group-90CE24CD81AC:t0, leader=null, voted=, raftlog=Memoized:s2@group-90CE24CD81AC-SegmentedRaftLog:OPENED:c-1, conf=-1: peers:[s0|localhost:42621, s1|localhost:45397, s2|localhost:33889]|listeners:[], old=null RUNNING
2023-12-01 03:55:42,057 [Time-limited test] WARN  ratis.RaftTestUtil (JavaUtils.java:attempt(223)) - FAILED "waitForLeader-null-(expectLeader? true)", attempt #1/100: java.lang.IllegalStateException: No leader yet : printing ALL groups
  s0:  RUNNING  FOLLOWER s0@group-90CE24CD81AC:t0, leader=null, voted=, raftlog=Memoized:s0@group-90CE24CD81AC-SegmentedRaftLog:OPENED:c-1, conf=-1: peers:[s0|localhost:42621, s1|localhost:45397, s2|localhost:33889]|listeners:[], old=null RUNNING
  s1:  RUNNING  FOLLOWER s1@group-90CE24CD81AC:t0, leader=null, voted=, raftlog=Memoized:s1@group-90CE24CD81AC-SegmentedRaftLog:OPENED:c-1, conf=-1: peers:[s0|localhost:42621, s1|localhost:45397, s2|localhost:33889]|listeners:[], old=null RUNNING
  s2:  RUNNING  FOLLOWER s2@group-90CE24CD81AC:t0, leader=null, voted=, raftlog=Memoized:s2@group-90CE24CD81AC-SegmentedRaftLog:OPENED:c-1, conf=-1: peers:[s0|localhost:42621, s1|localhost:45397, s2|localhost:33889]|listeners:[], old=null RUNNING, sleep 450ms and then retry.
java.lang.IllegalStateException: No leader yet : printing ALL groups
  s0:  RUNNING  FOLLOWER s0@group-90CE24CD81AC:t0, leader=null, voted=, raftlog=Memoized:s0@group-90CE24CD81AC-SegmentedRaftLog:OPENED:c-1, conf=-1: peers:[s0|localhost:42621, s1|localhost:45397, s2|localhost:33889]|listeners:[], old=null RUNNING
  s1:  RUNNING  FOLLOWER s1@group-90CE24CD81AC:t0, leader=null, voted=, raftlog=Memoized:s1@group-90CE24CD81AC-SegmentedRaftLog:OPENED:c-1, conf=-1: peers:[s0|localhost:42621, s1|localhost:45397, s2|localhost:33889]|listeners:[], old=null RUNNING
  s2:  RUNNING  FOLLOWER s2@group-90CE24CD81AC:t0, leader=null, voted=, raftlog=Memoized:s2@group-90CE24CD81AC-SegmentedRaftLog:OPENED:c-1, conf=-1: peers:[s0|localhost:42621, s1|localhost:45397, s2|localhost:33889]|listeners:[], old=null RUNNING
	at org.apache.ratis.server.impl.MiniRaftCluster.newIllegalStateExceptionForNoLeaders(MiniRaftCluster.java:581)
	at org.apache.ratis.RaftTestUtil.lambda$waitForLeader$1(RaftTestUtil.java:104)
	at org.apache.ratis.server.impl.MiniRaftCluster.getLeader(MiniRaftCluster.java:615)
	at org.apache.ratis.server.impl.MiniRaftCluster.getLeader(MiniRaftCluster.java:608)
	at org.apache.ratis.RaftTestUtil.lambda$waitForLeader$3(RaftTestUtil.java:112)
	at org.apache.ratis.util.JavaUtils.attempt(JavaUtils.java:217)
	at org.apache.ratis.util.JavaUtils.attemptRepeatedly(JavaUtils.java:203)
	at org.apache.ratis.RaftTestUtil.waitForLeader(RaftTestUtil.java:111)
	at org.apache.ratis.RaftTestUtil.waitForLeader(RaftTestUtil.java:92)
	at org.apache.ratis.RaftTestUtil.waitForLeader(RaftTestUtil.java:87)
	at org.apache.ratis.grpc.TestRetryCacheWithGrpc.testRetryOnResourceUnavailableException(TestRetryCacheWithGrpc.java:173)
	at java.base/jdk.internal.reflect.NativeMethodAccessorImpl.invoke0(Native Method)
	at java.base/jdk.internal.reflect.NativeMethodAccessorImpl.invoke(NativeMethodAccessorImpl.java:62)
	at java.base/jdk.internal.reflect.DelegatingMethodAccessorImpl.invoke(DelegatingMethodAccessorImpl.java:43)
	at java.base/java.lang.reflect.Method.invoke(Method.java:566)
	at org.junit.runners.model.FrameworkMethod$1.runReflectiveCall(FrameworkMethod.java:59)
	at org.junit.internal.runners.model.ReflectiveCallable.run(ReflectiveCallable.java:12)
	at org.junit.runners.model.FrameworkMethod.invokeExplosively(FrameworkMethod.java:56)
	at org.junit.internal.runners.statements.InvokeMethod.evaluate(InvokeMethod.java:17)
	at org.junit.internal.runners.statements.FailOnTimeout$CallableStatement.call(FailOnTimeout.java:299)
	at org.junit.internal.runners.statements.FailOnTimeout$CallableStatement.call(FailOnTimeout.java:293)
	at java.base/java.util.concurrent.FutureTask.run(FutureTask.java:264)
	at java.base/java.lang.Thread.run(Thread.java:829)
2023-12-01 03:55:42,214 [s0@group-90CE24CD81AC-FollowerState] INFO  impl.FollowerState (FollowerState.java:run(143)) - s0@group-90CE24CD81AC-FollowerState: change to CANDIDATE, lastRpcElapsedTime:258476269ns, electionTimeout:257ms
2023-12-01 03:55:42,215 [s0@group-90CE24CD81AC-FollowerState] INFO  impl.RoleInfo (RoleInfo.java:shutdownFollowerState(110)) - s0: shutdown s0@group-90CE24CD81AC-FollowerState
2023-12-01 03:55:42,215 [s0@group-90CE24CD81AC-FollowerState] INFO  server.RaftServer$Division (RaftServerImpl.java:setRole(379)) - s0@group-90CE24CD81AC: changes role from  FOLLOWER to CANDIDATE at term 0 for changeToCandidate
2023-12-01 03:55:42,216 [s0@group-90CE24CD81AC-FollowerState] INFO  server.RaftServerConfigKeys (ConfUtils.java:logGet(46)) - raft.server.leaderelection.pre-vote = true (default)
2023-12-01 03:55:42,217 [s0@group-90CE24CD81AC-FollowerState] INFO  impl.RoleInfo (RoleInfo.java:updateAndGet(139)) - s0: start s0@group-90CE24CD81AC-LeaderElection1
2023-12-01 03:55:42,219 [s0@group-90CE24CD81AC-LeaderElection1] INFO  impl.LeaderElection (LeaderElection.java:askForVotes(323)) - s0@group-90CE24CD81AC-LeaderElection1 PRE_VOTE round 0: submit vote requests at term 0 for -1: peers:[s0|localhost:42621, s1|localhost:45397, s2|localhost:33889]|listeners:[], old=null
2023-12-01 03:55:42,228 [s2@group-90CE24CD81AC-FollowerState] INFO  impl.FollowerState (FollowerState.java:run(143)) - s2@group-90CE24CD81AC-FollowerState: change to CANDIDATE, lastRpcElapsedTime:181555290ns, electionTimeout:181ms
2023-12-01 03:55:42,229 [s2@group-90CE24CD81AC-FollowerState] INFO  impl.RoleInfo (RoleInfo.java:shutdownFollowerState(110)) - s2: shutdown s2@group-90CE24CD81AC-FollowerState
2023-12-01 03:55:42,229 [s2@group-90CE24CD81AC-FollowerState] INFO  server.RaftServer$Division (RaftServerImpl.java:setRole(379)) - s2@group-90CE24CD81AC: changes role from  FOLLOWER to CANDIDATE at term 0 for changeToCandidate
2023-12-01 03:55:42,229 [s2@group-90CE24CD81AC-FollowerState] INFO  server.RaftServerConfigKeys (ConfUtils.java:logGet(46)) - raft.server.leaderelection.pre-vote = true (default)
2023-12-01 03:55:42,229 [s2@group-90CE24CD81AC-FollowerState] INFO  impl.RoleInfo (RoleInfo.java:updateAndGet(139)) - s2: start s2@group-90CE24CD81AC-LeaderElection2
2023-12-01 03:55:42,229 [s2@group-90CE24CD81AC-LeaderElection2] INFO  impl.LeaderElection (LeaderElection.java:askForVotes(323)) - s2@group-90CE24CD81AC-LeaderElection2 PRE_VOTE round 0: submit vote requests at term 0 for -1: peers:[s0|localhost:42621, s1|localhost:45397, s2|localhost:33889]|listeners:[], old=null
2023-12-01 03:55:42,230 [s0@group-90CE24CD81AC-LeaderElection1] INFO  server.RaftServerConfigKeys (ConfUtils.java:logFallback(53)) - raft.server.rpc.first-election.timeout.min = 150ms (fallback to raft.server.rpc.timeout.min)
2023-12-01 03:55:42,230 [s0@group-90CE24CD81AC-LeaderElection1] INFO  server.RaftServerConfigKeys (ConfUtils.java:logFallback(53)) - raft.server.rpc.first-election.timeout.max = 300ms (fallback to raft.server.rpc.timeout.max)
2023-12-01 03:55:42,230 [s2@group-90CE24CD81AC-LeaderElection2] INFO  server.RaftServerConfigKeys (ConfUtils.java:logFallback(53)) - raft.server.rpc.first-election.timeout.min = 150ms (fallback to raft.server.rpc.timeout.min)
2023-12-01 03:55:42,231 [s2@group-90CE24CD81AC-LeaderElection2] INFO  server.RaftServerConfigKeys (ConfUtils.java:logFallback(53)) - raft.server.rpc.first-election.timeout.max = 300ms (fallback to raft.server.rpc.timeout.max)
2023-12-01 03:55:42,234 [s0@group-90CE24CD81AC-LeaderElection1-1] INFO  server.GrpcServerProtocolClient (GrpcServerProtocolClient.java:<init>(65)) - Build channel for s1
2023-12-01 03:55:42,234 [s2@group-90CE24CD81AC-LeaderElection2-1] INFO  server.GrpcServerProtocolClient (GrpcServerProtocolClient.java:<init>(65)) - Build channel for s0
2023-12-01 03:55:42,235 [s0@group-90CE24CD81AC-LeaderElection1-2] INFO  server.GrpcServerProtocolClient (GrpcServerProtocolClient.java:<init>(65)) - Build channel for s2
2023-12-01 03:55:42,235 [s2@group-90CE24CD81AC-LeaderElection2-2] INFO  server.GrpcServerProtocolClient (GrpcServerProtocolClient.java:<init>(65)) - Build channel for s1
2023-12-01 03:55:42,279 [s1@group-90CE24CD81AC-FollowerState] INFO  impl.FollowerState (FollowerState.java:run(143)) - s1@group-90CE24CD81AC-FollowerState: change to CANDIDATE, lastRpcElapsedTime:252879248ns, electionTimeout:252ms
2023-12-01 03:55:42,279 [s1@group-90CE24CD81AC-FollowerState] INFO  impl.RoleInfo (RoleInfo.java:shutdownFollowerState(110)) - s1: shutdown s1@group-90CE24CD81AC-FollowerState
2023-12-01 03:55:42,279 [s1@group-90CE24CD81AC-FollowerState] INFO  server.RaftServer$Division (RaftServerImpl.java:setRole(379)) - s1@group-90CE24CD81AC: changes role from  FOLLOWER to CANDIDATE at term 0 for changeToCandidate
2023-12-01 03:55:42,283 [s1@group-90CE24CD81AC-FollowerState] INFO  server.RaftServerConfigKeys (ConfUtils.java:logGet(46)) - raft.server.leaderelection.pre-vote = true (default)
2023-12-01 03:55:42,283 [s1@group-90CE24CD81AC-FollowerState] INFO  impl.RoleInfo (RoleInfo.java:updateAndGet(139)) - s1: start s1@group-90CE24CD81AC-LeaderElection3
2023-12-01 03:55:42,285 [s1@group-90CE24CD81AC-LeaderElection3] INFO  impl.LeaderElection (LeaderElection.java:askForVotes(323)) - s1@group-90CE24CD81AC-LeaderElection3 PRE_VOTE round 0: submit vote requests at term 0 for -1: peers:[s0|localhost:42621, s1|localhost:45397, s2|localhost:33889]|listeners:[], old=null
2023-12-01 03:55:42,285 [s1@group-90CE24CD81AC-LeaderElection3-1] INFO  server.GrpcServerProtocolClient (GrpcServerProtocolClient.java:<init>(65)) - Build channel for s0
2023-12-01 03:55:42,285 [s1@group-90CE24CD81AC-LeaderElection3] INFO  server.RaftServerConfigKeys (ConfUtils.java:logFallback(53)) - raft.server.rpc.first-election.timeout.min = 150ms (fallback to raft.server.rpc.timeout.min)
2023-12-01 03:55:42,286 [s1@group-90CE24CD81AC-LeaderElection3] INFO  server.RaftServerConfigKeys (ConfUtils.java:logFallback(53)) - raft.server.rpc.first-election.timeout.max = 300ms (fallback to raft.server.rpc.timeout.max)
2023-12-01 03:55:42,287 [s1@group-90CE24CD81AC-LeaderElection3-2] INFO  server.GrpcServerProtocolClient (GrpcServerProtocolClient.java:<init>(65)) - Build channel for s2
2023-12-01 03:55:42,447 [s0@group-90CE24CD81AC-LeaderElection1] INFO  impl.LeaderElection (LeaderElection.java:logAndReturn(89)) - s0@group-90CE24CD81AC-LeaderElection1: PRE_VOTE TIMEOUT received 0 response(s) and 0 exception(s):
2023-12-01 03:55:42,447 [s0@group-90CE24CD81AC-LeaderElection1] INFO  impl.LeaderElection (LeaderElection.java:askForVotes(325)) - s0@group-90CE24CD81AC-LeaderElection1 PRE_VOTE round 0: result TIMEOUT
2023-12-01 03:55:42,447 [s0@group-90CE24CD81AC-LeaderElection1] INFO  impl.LeaderElection (LeaderElection.java:askForVotes(323)) - s0@group-90CE24CD81AC-LeaderElection1 PRE_VOTE round 1: submit vote requests at term 0 for -1: peers:[s0|localhost:42621, s1|localhost:45397, s2|localhost:33889]|listeners:[], old=null
2023-12-01 03:55:42,458 [s2@group-90CE24CD81AC-LeaderElection2] INFO  impl.LeaderElection (LeaderElection.java:logAndReturn(89)) - s2@group-90CE24CD81AC-LeaderElection2: PRE_VOTE TIMEOUT received 0 response(s) and 0 exception(s):
2023-12-01 03:55:42,458 [s2@group-90CE24CD81AC-LeaderElection2] INFO  impl.LeaderElection (LeaderElection.java:askForVotes(325)) - s2@group-90CE24CD81AC-LeaderElection2 PRE_VOTE round 0: result TIMEOUT
2023-12-01 03:55:42,458 [s2@group-90CE24CD81AC-LeaderElection2] INFO  impl.LeaderElection (LeaderElection.java:askForVotes(323)) - s2@group-90CE24CD81AC-LeaderElection2 PRE_VOTE round 1: submit vote requests at term 0 for -1: peers:[s0|localhost:42621, s1|localhost:45397, s2|localhost:33889]|listeners:[], old=null
2023-12-01 03:55:42,462 [s2@group-90CE24CD81AC-LeaderElection2] INFO  server.RaftServerConfigKeys (ConfUtils.java:logFallback(53)) - raft.server.rpc.first-election.timeout.min = 150ms (fallback to raft.server.rpc.timeout.min)
2023-12-01 03:55:42,462 [s2@group-90CE24CD81AC-LeaderElection2] INFO  server.RaftServerConfigKeys (ConfUtils.java:logFallback(53)) - raft.server.rpc.first-election.timeout.max = 300ms (fallback to raft.server.rpc.timeout.max)
2023-12-01 03:55:42,462 [s0@group-90CE24CD81AC-LeaderElection1] INFO  server.RaftServerConfigKeys (ConfUtils.java:logFallback(53)) - raft.server.rpc.first-election.timeout.min = 150ms (fallback to raft.server.rpc.timeout.min)
2023-12-01 03:55:42,462 [s0@group-90CE24CD81AC-LeaderElection1] INFO  server.RaftServerConfigKeys (ConfUtils.java:logFallback(53)) - raft.server.rpc.first-election.timeout.max = 300ms (fallback to raft.server.rpc.timeout.max)
2023-12-01 03:55:42,471 [s1@group-90CE24CD81AC-LeaderElection3] INFO  impl.LeaderElection (LeaderElection.java:logAndReturn(89)) - s1@group-90CE24CD81AC-LeaderElection3: PRE_VOTE TIMEOUT received 0 response(s) and 0 exception(s):
2023-12-01 03:55:42,471 [s1@group-90CE24CD81AC-LeaderElection3] INFO  impl.LeaderElection (LeaderElection.java:askForVotes(325)) - s1@group-90CE24CD81AC-LeaderElection3 PRE_VOTE round 0: result TIMEOUT
2023-12-01 03:55:42,471 [s1@group-90CE24CD81AC-LeaderElection3] INFO  impl.LeaderElection (LeaderElection.java:askForVotes(323)) - s1@group-90CE24CD81AC-LeaderElection3 PRE_VOTE round 1: submit vote requests at term 0 for -1: peers:[s0|localhost:42621, s1|localhost:45397, s2|localhost:33889]|listeners:[], old=null
2023-12-01 03:55:42,485 [s1@group-90CE24CD81AC-LeaderElection3] INFO  server.RaftServerConfigKeys (ConfUtils.java:logFallback(53)) - raft.server.rpc.first-election.timeout.min = 150ms (fallback to raft.server.rpc.timeout.min)
2023-12-01 03:55:42,486 [s1@group-90CE24CD81AC-LeaderElection3] INFO  server.RaftServerConfigKeys (ConfUtils.java:logFallback(53)) - raft.server.rpc.first-election.timeout.max = 300ms (fallback to raft.server.rpc.timeout.max)
2023-12-01 03:55:42,492 [grpc-default-executor-1] INFO  server.RaftServer$Division (RaftServerImpl.java:requestVote(1377)) - s0@group-90CE24CD81AC: receive requestVote(PRE_VOTE, s2, group-90CE24CD81AC, 0, (t:0, i:0))
2023-12-01 03:55:42,493 [grpc-default-executor-2] INFO  server.RaftServer$Division (RaftServerImpl.java:requestVote(1377)) - s1@group-90CE24CD81AC: receive requestVote(PRE_VOTE, s0, group-90CE24CD81AC, 0, (t:0, i:0))
2023-12-01 03:55:42,493 [grpc-default-executor-5] INFO  server.RaftServer$Division (RaftServerImpl.java:requestVote(1377)) - s1@group-90CE24CD81AC: receive requestVote(PRE_VOTE, s0, group-90CE24CD81AC, 0, (t:0, i:0))
2023-12-01 03:55:42,493 [grpc-default-executor-4] INFO  server.RaftServer$Division (RaftServerImpl.java:requestVote(1377)) - s2@group-90CE24CD81AC: receive requestVote(PRE_VOTE, s0, group-90CE24CD81AC, 0, (t:0, i:0))
2023-12-01 03:55:42,493 [grpc-default-executor-1] INFO  impl.VoteContext (VoteContext.java:log(49)) - s0@group-90CE24CD81AC-CANDIDATE: accept PRE_VOTE from s2: our priority 0 <= candidate's priority 0
2023-12-01 03:55:42,494 [grpc-default-executor-0] INFO  server.RaftServer$Division (RaftServerImpl.java:requestVote(1377)) - s0@group-90CE24CD81AC: receive requestVote(PRE_VOTE, s2, group-90CE24CD81AC, 0, (t:0, i:0))
2023-12-01 03:55:42,494 [grpc-default-executor-3] INFO  server.RaftServer$Division (RaftServerImpl.java:requestVote(1377)) - s1@group-90CE24CD81AC: receive requestVote(PRE_VOTE, s2, group-90CE24CD81AC, 0, (t:0, i:0))
2023-12-01 03:55:42,494 [grpc-default-executor-7] INFO  server.RaftServer$Division (RaftServerImpl.java:requestVote(1377)) - s0@group-90CE24CD81AC: receive requestVote(PRE_VOTE, s1, group-90CE24CD81AC, 0, (t:0, i:0))
2023-12-01 03:55:42,493 [grpc-default-executor-2] INFO  impl.VoteContext (VoteContext.java:log(49)) - s1@group-90CE24CD81AC-CANDIDATE: accept PRE_VOTE from s0: our priority 0 <= candidate's priority 0
2023-12-01 03:55:42,493 [grpc-default-executor-4] INFO  impl.VoteContext (VoteContext.java:log(49)) - s2@group-90CE24CD81AC-CANDIDATE: accept PRE_VOTE from s0: our priority 0 <= candidate's priority 0
2023-12-01 03:55:42,495 [grpc-default-executor-6] INFO  server.RaftServer$Division (RaftServerImpl.java:requestVote(1377)) - s2@group-90CE24CD81AC: receive requestVote(PRE_VOTE, s1, group-90CE24CD81AC, 0, (t:0, i:0))
2023-12-01 03:55:42,495 [grpc-default-executor-8] INFO  server.RaftServer$Division (RaftServerImpl.java:requestVote(1377)) - s0@group-90CE24CD81AC: receive requestVote(PRE_VOTE, s1, group-90CE24CD81AC, 0, (t:0, i:0))
2023-12-01 03:55:42,496 [grpc-default-executor-9] INFO  server.RaftServer$Division (RaftServerImpl.java:requestVote(1377)) - s1@group-90CE24CD81AC: receive requestVote(PRE_VOTE, s2, group-90CE24CD81AC, 0, (t:0, i:0))
2023-12-01 03:55:42,503 [grpc-default-executor-10] INFO  server.RaftServer$Division (RaftServerImpl.java:requestVote(1377)) - s2@group-90CE24CD81AC: receive requestVote(PRE_VOTE, s1, group-90CE24CD81AC, 0, (t:0, i:0))
2023-12-01 03:55:42,503 [grpc-default-executor-11] INFO  server.RaftServer$Division (RaftServerImpl.java:requestVote(1377)) - s2@group-90CE24CD81AC: receive requestVote(PRE_VOTE, s0, group-90CE24CD81AC, 0, (t:0, i:0))
2023-12-01 03:55:42,503 [grpc-default-executor-4] INFO  server.RaftServer$Division (RaftServerImpl.java:requestVote(1410)) - s2@group-90CE24CD81AC replies to PRE_VOTE vote request: s0<-s2#0:OK-t0. Peer's state: s2@group-90CE24CD81AC:t0, leader=null, voted=, raftlog=Memoized:s2@group-90CE24CD81AC-SegmentedRaftLog:OPENED:c-1, conf=-1: peers:[s0|localhost:42621, s1|localhost:45397, s2|localhost:33889]|listeners:[], old=null
2023-12-01 03:55:42,504 [grpc-default-executor-1] INFO  server.RaftServer$Division (RaftServerImpl.java:requestVote(1410)) - s0@group-90CE24CD81AC replies to PRE_VOTE vote request: s2<-s0#0:OK-t0. Peer's state: s0@group-90CE24CD81AC:t0, leader=null, voted=, raftlog=Memoized:s0@group-90CE24CD81AC-SegmentedRaftLog:OPENED:c-1, conf=-1: peers:[s0|localhost:42621, s1|localhost:45397, s2|localhost:33889]|listeners:[], old=null
2023-12-01 03:55:42,504 [grpc-default-executor-8] INFO  impl.VoteContext (VoteContext.java:log(49)) - s0@group-90CE24CD81AC-CANDIDATE: accept PRE_VOTE from s1: our priority 0 <= candidate's priority 0
2023-12-01 03:55:42,504 [grpc-default-executor-8] INFO  server.RaftServer$Division (RaftServerImpl.java:requestVote(1410)) - s0@group-90CE24CD81AC replies to PRE_VOTE vote request: s1<-s0#0:OK-t0. Peer's state: s0@group-90CE24CD81AC:t0, leader=null, voted=, raftlog=Memoized:s0@group-90CE24CD81AC-SegmentedRaftLog:OPENED:c-1, conf=-1: peers:[s0|localhost:42621, s1|localhost:45397, s2|localhost:33889]|listeners:[], old=null
2023-12-01 03:55:42,504 [grpc-default-executor-7] INFO  impl.VoteContext (VoteContext.java:log(49)) - s0@group-90CE24CD81AC-CANDIDATE: accept PRE_VOTE from s1: our priority 0 <= candidate's priority 0
2023-12-01 03:55:42,505 [grpc-default-executor-7] INFO  server.RaftServer$Division (RaftServerImpl.java:requestVote(1410)) - s0@group-90CE24CD81AC replies to PRE_VOTE vote request: s1<-s0#0:OK-t0. Peer's state: s0@group-90CE24CD81AC:t0, leader=null, voted=, raftlog=Memoized:s0@group-90CE24CD81AC-SegmentedRaftLog:OPENED:c-1, conf=-1: peers:[s0|localhost:42621, s1|localhost:45397, s2|localhost:33889]|listeners:[], old=null
2023-12-01 03:55:42,505 [grpc-default-executor-6] INFO  impl.VoteContext (VoteContext.java:log(49)) - s2@group-90CE24CD81AC-CANDIDATE: accept PRE_VOTE from s1: our priority 0 <= candidate's priority 0
2023-12-01 03:55:42,505 [grpc-default-executor-6] INFO  server.RaftServer$Division (RaftServerImpl.java:requestVote(1410)) - s2@group-90CE24CD81AC replies to PRE_VOTE vote request: s1<-s2#0:OK-t0. Peer's state: s2@group-90CE24CD81AC:t0, leader=null, voted=, raftlog=Memoized:s2@group-90CE24CD81AC-SegmentedRaftLog:OPENED:c-1, conf=-1: peers:[s0|localhost:42621, s1|localhost:45397, s2|localhost:33889]|listeners:[], old=null
2023-12-01 03:55:42,503 [grpc-default-executor-2] INFO  server.RaftServer$Division (RaftServerImpl.java:requestVote(1410)) - s1@group-90CE24CD81AC replies to PRE_VOTE vote request: s0<-s1#0:OK-t0. Peer's state: s1@group-90CE24CD81AC:t0, leader=null, voted=, raftlog=Memoized:s1@group-90CE24CD81AC-SegmentedRaftLog:OPENED:c-1, conf=-1: peers:[s0|localhost:42621, s1|localhost:45397, s2|localhost:33889]|listeners:[], old=null
2023-12-01 03:55:42,506 [grpc-default-executor-0] INFO  impl.VoteContext (VoteContext.java:log(49)) - s0@group-90CE24CD81AC-CANDIDATE: accept PRE_VOTE from s2: our priority 0 <= candidate's priority 0
2023-12-01 03:55:42,506 [grpc-default-executor-0] INFO  server.RaftServer$Division (RaftServerImpl.java:requestVote(1410)) - s0@group-90CE24CD81AC replies to PRE_VOTE vote request: s2<-s0#0:OK-t0. Peer's state: s0@group-90CE24CD81AC:t0, leader=null, voted=, raftlog=Memoized:s0@group-90CE24CD81AC-SegmentedRaftLog:OPENED:c-1, conf=-1: peers:[s0|localhost:42621, s1|localhost:45397, s2|localhost:33889]|listeners:[], old=null
2023-12-01 03:55:42,507 [grpc-default-executor-9] INFO  impl.VoteContext (VoteContext.java:log(49)) - s1@group-90CE24CD81AC-CANDIDATE: accept PRE_VOTE from s2: our priority 0 <= candidate's priority 0
2023-12-01 03:55:42,507 [grpc-default-executor-9] INFO  server.RaftServer$Division (RaftServerImpl.java:requestVote(1410)) - s1@group-90CE24CD81AC replies to PRE_VOTE vote request: s2<-s1#0:OK-t0. Peer's state: s1@group-90CE24CD81AC:t0, leader=null, voted=, raftlog=Memoized:s1@group-90CE24CD81AC-SegmentedRaftLog:OPENED:c-1, conf=-1: peers:[s0|localhost:42621, s1|localhost:45397, s2|localhost:33889]|listeners:[], old=null
2023-12-01 03:55:42,507 [grpc-default-executor-3] INFO  impl.VoteContext (VoteContext.java:log(49)) - s1@group-90CE24CD81AC-CANDIDATE: accept PRE_VOTE from s2: our priority 0 <= candidate's priority 0
2023-12-01 03:55:42,507 [grpc-default-executor-3] INFO  server.RaftServer$Division (RaftServerImpl.java:requestVote(1410)) - s1@group-90CE24CD81AC replies to PRE_VOTE vote request: s2<-s1#0:OK-t0. Peer's state: s1@group-90CE24CD81AC:t0, leader=null, voted=, raftlog=Memoized:s1@group-90CE24CD81AC-SegmentedRaftLog:OPENED:c-1, conf=-1: peers:[s0|localhost:42621, s1|localhost:45397, s2|localhost:33889]|listeners:[], old=null
2023-12-01 03:55:42,508 [grpc-default-executor-5] INFO  impl.VoteContext (VoteContext.java:log(49)) - s1@group-90CE24CD81AC-CANDIDATE: accept PRE_VOTE from s0: our priority 0 <= candidate's priority 0
2023-12-01 03:55:42,508 [grpc-default-executor-5] INFO  server.RaftServer$Division (RaftServerImpl.java:requestVote(1410)) - s1@group-90CE24CD81AC replies to PRE_VOTE vote request: s0<-s1#0:OK-t0. Peer's state: s1@group-90CE24CD81AC:t0, leader=null, voted=, raftlog=Memoized:s1@group-90CE24CD81AC-SegmentedRaftLog:OPENED:c-1, conf=-1: peers:[s0|localhost:42621, s1|localhost:45397, s2|localhost:33889]|listeners:[], old=null
2023-12-01 03:55:42,509 [Time-limited test] WARN  ratis.RaftTestUtil (JavaUtils.java:attempt(223)) - FAILED "waitForLeader-null-(expectLeader? true)", attempt #2/100: java.lang.IllegalStateException: No leader yet : printing ALL groups
  s0:  RUNNING CANDIDATE s0@group-90CE24CD81AC:t0, leader=null, voted=, raftlog=Memoized:s0@group-90CE24CD81AC-SegmentedRaftLog:OPENED:c-1, conf=-1: peers:[s0|localhost:42621, s1|localhost:45397, s2|localhost:33889]|listeners:[], old=null RUNNING
  s1:  RUNNING CANDIDATE s1@group-90CE24CD81AC:t0, leader=null, voted=, raftlog=Memoized:s1@group-90CE24CD81AC-SegmentedRaftLog:OPENED:c-1, conf=-1: peers:[s0|localhost:42621, s1|localhost:45397, s2|localhost:33889]|listeners:[], old=null RUNNING
  s2:  RUNNING CANDIDATE s2@group-90CE24CD81AC:t0, leader=null, voted=, raftlog=Memoized:s2@group-90CE24CD81AC-SegmentedRaftLog:OPENED:c-1, conf=-1: peers:[s0|localhost:42621, s1|localhost:45397, s2|localhost:33889]|listeners:[], old=null RUNNING, sleep 450ms and then retry.
java.lang.IllegalStateException: No leader yet : printing ALL groups
  s0:  RUNNING CANDIDATE s0@group-90CE24CD81AC:t0, leader=null, voted=, raftlog=Memoized:s0@group-90CE24CD81AC-SegmentedRaftLog:OPENED:c-1, conf=-1: peers:[s0|localhost:42621, s1|localhost:45397, s2|localhost:33889]|listeners:[], old=null RUNNING
  s1:  RUNNING CANDIDATE s1@group-90CE24CD81AC:t0, leader=null, voted=, raftlog=Memoized:s1@group-90CE24CD81AC-SegmentedRaftLog:OPENED:c-1, conf=-1: peers:[s0|localhost:42621, s1|localhost:45397, s2|localhost:33889]|listeners:[], old=null RUNNING
  s2:  RUNNING CANDIDATE s2@group-90CE24CD81AC:t0, leader=null, voted=, raftlog=Memoized:s2@group-90CE24CD81AC-SegmentedRaftLog:OPENED:c-1, conf=-1: peers:[s0|localhost:42621, s1|localhost:45397, s2|localhost:33889]|listeners:[], old=null RUNNING
	at org.apache.ratis.server.impl.MiniRaftCluster.newIllegalStateExceptionForNoLeaders(MiniRaftCluster.java:581)
	at org.apache.ratis.RaftTestUtil.lambda$waitForLeader$1(RaftTestUtil.java:104)
	at org.apache.ratis.server.impl.MiniRaftCluster.getLeader(MiniRaftCluster.java:615)
	at org.apache.ratis.server.impl.MiniRaftCluster.getLeader(MiniRaftCluster.java:608)
	at org.apache.ratis.RaftTestUtil.lambda$waitForLeader$3(RaftTestUtil.java:112)
	at org.apache.ratis.util.JavaUtils.attempt(JavaUtils.java:217)
	at org.apache.ratis.util.JavaUtils.attemptRepeatedly(JavaUtils.java:203)
	at org.apache.ratis.RaftTestUtil.waitForLeader(RaftTestUtil.java:111)
	at org.apache.ratis.RaftTestUtil.waitForLeader(RaftTestUtil.java:92)
	at org.apache.ratis.RaftTestUtil.waitForLeader(RaftTestUtil.java:87)
	at org.apache.ratis.grpc.TestRetryCacheWithGrpc.testRetryOnResourceUnavailableException(TestRetryCacheWithGrpc.java:173)
	at java.base/jdk.internal.reflect.NativeMethodAccessorImpl.invoke0(Native Method)
	at java.base/jdk.internal.reflect.NativeMethodAccessorImpl.invoke(NativeMethodAccessorImpl.java:62)
	at java.base/jdk.internal.reflect.DelegatingMethodAccessorImpl.invoke(DelegatingMethodAccessorImpl.java:43)
	at java.base/java.lang.reflect.Method.invoke(Method.java:566)
	at org.junit.runners.model.FrameworkMethod$1.runReflectiveCall(FrameworkMethod.java:59)
	at org.junit.internal.runners.model.ReflectiveCallable.run(ReflectiveCallable.java:12)
	at org.junit.runners.model.FrameworkMethod.invokeExplosively(FrameworkMethod.java:56)
	at org.junit.internal.runners.statements.InvokeMethod.evaluate(InvokeMethod.java:17)
	at org.junit.internal.runners.statements.FailOnTimeout$CallableStatement.call(FailOnTimeout.java:299)
	at org.junit.internal.runners.statements.FailOnTimeout$CallableStatement.call(FailOnTimeout.java:293)
	at java.base/java.util.concurrent.FutureTask.run(FutureTask.java:264)
	at java.base/java.lang.Thread.run(Thread.java:829)
2023-12-01 03:55:42,511 [grpc-default-executor-11] INFO  impl.VoteContext (VoteContext.java:log(49)) - s2@group-90CE24CD81AC-CANDIDATE: accept PRE_VOTE from s0: our priority 0 <= candidate's priority 0
2023-12-01 03:55:42,511 [grpc-default-executor-11] INFO  server.RaftServer$Division (RaftServerImpl.java:requestVote(1410)) - s2@group-90CE24CD81AC replies to PRE_VOTE vote request: s0<-s2#0:OK-t0. Peer's state: s2@group-90CE24CD81AC:t0, leader=null, voted=, raftlog=Memoized:s2@group-90CE24CD81AC-SegmentedRaftLog:OPENED:c-1, conf=-1: peers:[s0|localhost:42621, s1|localhost:45397, s2|localhost:33889]|listeners:[], old=null
2023-12-01 03:55:42,513 [grpc-default-executor-10] INFO  impl.VoteContext (VoteContext.java:log(49)) - s2@group-90CE24CD81AC-CANDIDATE: accept PRE_VOTE from s1: our priority 0 <= candidate's priority 0
2023-12-01 03:55:42,516 [s2@group-90CE24CD81AC-LeaderElection2] INFO  impl.LeaderElection (LeaderElection.java:logAndReturn(89)) - s2@group-90CE24CD81AC-LeaderElection2: PRE_VOTE PASSED received 1 response(s) and 0 exception(s):
2023-12-01 03:55:42,517 [s2@group-90CE24CD81AC-LeaderElection2] INFO  impl.LeaderElection (LeaderElection.java:logAndReturn(93)) -   Response 0: s2<-s0#0:OK-t0
2023-12-01 03:55:42,517 [s2@group-90CE24CD81AC-LeaderElection2] INFO  impl.LeaderElection (LeaderElection.java:askForVotes(325)) - s2@group-90CE24CD81AC-LeaderElection2 PRE_VOTE round 1: result PASSED
2023-12-01 03:55:42,517 [grpc-default-executor-10] INFO  server.RaftServer$Division (RaftServerImpl.java:requestVote(1410)) - s2@group-90CE24CD81AC replies to PRE_VOTE vote request: s1<-s2#0:OK-t0. Peer's state: s2@group-90CE24CD81AC:t0, leader=null, voted=, raftlog=Memoized:s2@group-90CE24CD81AC-SegmentedRaftLog:OPENED:c-1, conf=-1: peers:[s0|localhost:42621, s1|localhost:45397, s2|localhost:33889]|listeners:[], old=null
2023-12-01 03:55:42,518 [s2@group-90CE24CD81AC-LeaderElection2] TRACE util.FileUtils (LogUtils.java:supplyAndLog(69)) - Successfully supplied FileChannel.open /home/runner/work/ratis/ratis/ratis-test/target/test/data/1b1d21a/MiniRaftClusterWithGrpc9d810102/s2/00fe38ee-4ecd-48e3-9dac-90ce24cd81ac/current/raft-meta.tmp with options [CREATE, WRITE]: sun.nio.ch.FileChannelImpl@4b7f7245
2023-12-01 03:55:42,520 [s2@group-90CE24CD81AC-LeaderElection2] TRACE util.FileUtils (LogUtils.java:runAndLog(49)) - Successfully ran Atomic Files.move /home/runner/work/ratis/ratis/ratis-test/target/test/data/1b1d21a/MiniRaftClusterWithGrpc9d810102/s2/00fe38ee-4ecd-48e3-9dac-90ce24cd81ac/current/raft-meta.tmp to /home/runner/work/ratis/ratis/ratis-test/target/test/data/1b1d21a/MiniRaftClusterWithGrpc9d810102/s2/00fe38ee-4ecd-48e3-9dac-90ce24cd81ac/current/raft-meta with options [REPLACE_EXISTING]
2023-12-01 03:55:42,520 [s2@group-90CE24CD81AC-LeaderElection2] INFO  impl.LeaderElection (LeaderElection.java:askForVotes(323)) - s2@group-90CE24CD81AC-LeaderElection2 ELECTION round 1: submit vote requests at term 1 for -1: peers:[s0|localhost:42621, s1|localhost:45397, s2|localhost:33889]|listeners:[], old=null
2023-12-01 03:55:42,520 [s0@group-90CE24CD81AC-LeaderElection1] INFO  impl.LeaderElection (LeaderElection.java:logAndReturn(89)) - s0@group-90CE24CD81AC-LeaderElection1: PRE_VOTE PASSED received 1 response(s) and 0 exception(s):
2023-12-01 03:55:42,520 [s0@group-90CE24CD81AC-LeaderElection1] INFO  impl.LeaderElection (LeaderElection.java:logAndReturn(93)) -   Response 0: s0<-s1#0:OK-t0
2023-12-01 03:55:42,520 [s0@group-90CE24CD81AC-LeaderElection1] INFO  impl.LeaderElection (LeaderElection.java:askForVotes(325)) - s0@group-90CE24CD81AC-LeaderElection1 PRE_VOTE round 1: result PASSED
2023-12-01 03:55:42,520 [s0@group-90CE24CD81AC-LeaderElection1] TRACE util.FileUtils (LogUtils.java:supplyAndLog(69)) - Successfully supplied FileChannel.open /home/runner/work/ratis/ratis/ratis-test/target/test/data/1b1d21a/MiniRaftClusterWithGrpc9d810102/s0/00fe38ee-4ecd-48e3-9dac-90ce24cd81ac/current/raft-meta.tmp with options [CREATE, WRITE]: sun.nio.ch.FileChannelImpl@638da4f
2023-12-01 03:55:42,521 [s2@group-90CE24CD81AC-LeaderElection2] INFO  server.RaftServerConfigKeys (ConfUtils.java:logFallback(53)) - raft.server.rpc.first-election.timeout.min = 150ms (fallback to raft.server.rpc.timeout.min)
2023-12-01 03:55:42,521 [s2@group-90CE24CD81AC-LeaderElection2] INFO  server.RaftServerConfigKeys (ConfUtils.java:logFallback(53)) - raft.server.rpc.first-election.timeout.max = 300ms (fallback to raft.server.rpc.timeout.max)
2023-12-01 03:55:42,522 [s0@group-90CE24CD81AC-LeaderElection1] TRACE util.FileUtils (LogUtils.java:runAndLog(49)) - Successfully ran Atomic Files.move /home/runner/work/ratis/ratis/ratis-test/target/test/data/1b1d21a/MiniRaftClusterWithGrpc9d810102/s0/00fe38ee-4ecd-48e3-9dac-90ce24cd81ac/current/raft-meta.tmp to /home/runner/work/ratis/ratis/ratis-test/target/test/data/1b1d21a/MiniRaftClusterWithGrpc9d810102/s0/00fe38ee-4ecd-48e3-9dac-90ce24cd81ac/current/raft-meta with options [REPLACE_EXISTING]
2023-12-01 03:55:42,522 [s0@group-90CE24CD81AC-LeaderElection1] INFO  impl.LeaderElection (LeaderElection.java:askForVotes(323)) - s0@group-90CE24CD81AC-LeaderElection1 ELECTION round 1: submit vote requests at term 1 for -1: peers:[s0|localhost:42621, s1|localhost:45397, s2|localhost:33889]|listeners:[], old=null
2023-12-01 03:55:42,522 [s0@group-90CE24CD81AC-LeaderElection1] INFO  server.RaftServerConfigKeys (ConfUtils.java:logFallback(53)) - raft.server.rpc.first-election.timeout.min = 150ms (fallback to raft.server.rpc.timeout.min)
2023-12-01 03:55:42,523 [s0@group-90CE24CD81AC-LeaderElection1] INFO  server.RaftServerConfigKeys (ConfUtils.java:logFallback(53)) - raft.server.rpc.first-election.timeout.max = 300ms (fallback to raft.server.rpc.timeout.max)
2023-12-01 03:55:42,523 [s1@group-90CE24CD81AC-LeaderElection3] INFO  impl.LeaderElection (LeaderElection.java:logAndReturn(89)) - s1@group-90CE24CD81AC-LeaderElection3: PRE_VOTE PASSED received 1 response(s) and 0 exception(s):
2023-12-01 03:55:42,523 [s1@group-90CE24CD81AC-LeaderElection3] INFO  impl.LeaderElection (LeaderElection.java:logAndReturn(93)) -   Response 0: s1<-s0#0:OK-t0
2023-12-01 03:55:42,524 [s1@group-90CE24CD81AC-LeaderElection3] INFO  impl.LeaderElection (LeaderElection.java:askForVotes(325)) - s1@group-90CE24CD81AC-LeaderElection3 PRE_VOTE round 1: result PASSED
2023-12-01 03:55:42,524 [s1@group-90CE24CD81AC-LeaderElection3] TRACE util.FileUtils (LogUtils.java:supplyAndLog(69)) - Successfully supplied FileChannel.open /home/runner/work/ratis/ratis/ratis-test/target/test/data/1b1d21a/MiniRaftClusterWithGrpc9d810102/s1/00fe38ee-4ecd-48e3-9dac-90ce24cd81ac/current/raft-meta.tmp with options [CREATE, WRITE]: sun.nio.ch.FileChannelImpl@5622064d
2023-12-01 03:55:42,525 [s1@group-90CE24CD81AC-LeaderElection3] TRACE util.FileUtils (LogUtils.java:runAndLog(49)) - Successfully ran Atomic Files.move /home/runner/work/ratis/ratis/ratis-test/target/test/data/1b1d21a/MiniRaftClusterWithGrpc9d810102/s1/00fe38ee-4ecd-48e3-9dac-90ce24cd81ac/current/raft-meta.tmp to /home/runner/work/ratis/ratis/ratis-test/target/test/data/1b1d21a/MiniRaftClusterWithGrpc9d810102/s1/00fe38ee-4ecd-48e3-9dac-90ce24cd81ac/current/raft-meta with options [REPLACE_EXISTING]
2023-12-01 03:55:42,526 [s1@group-90CE24CD81AC-LeaderElection3] INFO  impl.LeaderElection (LeaderElection.java:askForVotes(323)) - s1@group-90CE24CD81AC-LeaderElection3 ELECTION round 1: submit vote requests at term 1 for -1: peers:[s0|localhost:42621, s1|localhost:45397, s2|localhost:33889]|listeners:[], old=null
2023-12-01 03:55:42,528 [s1@group-90CE24CD81AC-LeaderElection3] INFO  server.RaftServerConfigKeys (ConfUtils.java:logFallback(53)) - raft.server.rpc.first-election.timeout.min = 150ms (fallback to raft.server.rpc.timeout.min)
2023-12-01 03:55:42,528 [s1@group-90CE24CD81AC-LeaderElection3] INFO  server.RaftServerConfigKeys (ConfUtils.java:logFallback(53)) - raft.server.rpc.first-election.timeout.max = 300ms (fallback to raft.server.rpc.timeout.max)
2023-12-01 03:55:42,529 [grpc-default-executor-10] INFO  server.RaftServer$Division (RaftServerImpl.java:requestVote(1377)) - s2@group-90CE24CD81AC: receive requestVote(ELECTION, s0, group-90CE24CD81AC, 1, (t:0, i:0))
2023-12-01 03:55:42,529 [grpc-default-executor-10] INFO  impl.VoteContext (VoteContext.java:log(49)) - s2@group-90CE24CD81AC-CANDIDATE: reject ELECTION from s0: already has voted for s2 at current term 1
2023-12-01 03:55:42,529 [grpc-default-executor-10] INFO  server.RaftServer$Division (RaftServerImpl.java:requestVote(1410)) - s2@group-90CE24CD81AC replies to ELECTION vote request: s0<-s2#0:FAIL-t1. Peer's state: s2@group-90CE24CD81AC:t1, leader=null, voted=s2, raftlog=Memoized:s2@group-90CE24CD81AC-SegmentedRaftLog:OPENED:c-1, conf=-1: peers:[s0|localhost:42621, s1|localhost:45397, s2|localhost:33889]|listeners:[], old=null
2023-12-01 03:55:42,533 [grpc-default-executor-5] INFO  server.RaftServer$Division (RaftServerImpl.java:requestVote(1377)) - s1@group-90CE24CD81AC: receive requestVote(ELECTION, s0, group-90CE24CD81AC, 1, (t:0, i:0))
2023-12-01 03:55:42,533 [grpc-default-executor-5] INFO  impl.VoteContext (VoteContext.java:log(49)) - s1@group-90CE24CD81AC-CANDIDATE: reject ELECTION from s0: already has voted for s1 at current term 1
2023-12-01 03:55:42,533 [grpc-default-executor-5] INFO  server.RaftServer$Division (RaftServerImpl.java:requestVote(1410)) - s1@group-90CE24CD81AC replies to ELECTION vote request: s0<-s1#0:FAIL-t1. Peer's state: s1@group-90CE24CD81AC:t1, leader=null, voted=s1, raftlog=Memoized:s1@group-90CE24CD81AC-SegmentedRaftLog:OPENED:c-1, conf=-1: peers:[s0|localhost:42621, s1|localhost:45397, s2|localhost:33889]|listeners:[], old=null
2023-12-01 03:55:42,535 [s0@group-90CE24CD81AC-LeaderElection1] INFO  impl.LeaderElection (LeaderElection.java:logAndReturn(89)) - s0@group-90CE24CD81AC-LeaderElection1: ELECTION REJECTED received 2 response(s) and 0 exception(s):
2023-12-01 03:55:42,535 [s0@group-90CE24CD81AC-LeaderElection1] INFO  impl.LeaderElection (LeaderElection.java:logAndReturn(93)) -   Response 0: s0<-s1#0:FAIL-t1
2023-12-01 03:55:42,535 [s0@group-90CE24CD81AC-LeaderElection1] INFO  impl.LeaderElection (LeaderElection.java:logAndReturn(93)) -   Response 1: s0<-s2#0:FAIL-t1
2023-12-01 03:55:42,535 [grpc-default-executor-4] INFO  server.RaftServer$Division (RaftServerImpl.java:requestVote(1377)) - s2@group-90CE24CD81AC: receive requestVote(ELECTION, s1, group-90CE24CD81AC, 1, (t:0, i:0))
2023-12-01 03:55:42,535 [grpc-default-executor-4] INFO  impl.VoteContext (VoteContext.java:log(49)) - s2@group-90CE24CD81AC-CANDIDATE: reject ELECTION from s1: already has voted for s2 at current term 1
2023-12-01 03:55:42,535 [s0@group-90CE24CD81AC-LeaderElection1] INFO  impl.LeaderElection (LeaderElection.java:askForVotes(325)) - s0@group-90CE24CD81AC-LeaderElection1 ELECTION round 1: result REJECTED
2023-12-01 03:55:42,535 [grpc-default-executor-4] INFO  server.RaftServer$Division (RaftServerImpl.java:requestVote(1410)) - s2@group-90CE24CD81AC replies to ELECTION vote request: s1<-s2#0:FAIL-t1. Peer's state: s2@group-90CE24CD81AC:t1, leader=null, voted=s2, raftlog=Memoized:s2@group-90CE24CD81AC-SegmentedRaftLog:OPENED:c-1, conf=-1: peers:[s0|localhost:42621, s1|localhost:45397, s2|localhost:33889]|listeners:[], old=null
2023-12-01 03:55:42,536 [grpc-default-executor-11] INFO  server.RaftServer$Division (RaftServerImpl.java:requestVote(1377)) - s1@group-90CE24CD81AC: receive requestVote(ELECTION, s2, group-90CE24CD81AC, 1, (t:0, i:0))
2023-12-01 03:55:42,536 [s0@group-90CE24CD81AC-LeaderElection1] INFO  server.RaftServer$Division (RaftServerImpl.java:setRole(379)) - s0@group-90CE24CD81AC: changes role from CANDIDATE to FOLLOWER at term 1 for REJECTED
2023-12-01 03:55:42,536 [grpc-default-executor-10] INFO  server.RaftServer$Division (RaftServerImpl.java:requestVote(1377)) - s0@group-90CE24CD81AC: receive requestVote(ELECTION, s2, group-90CE24CD81AC, 1, (t:0, i:0))
2023-12-01 03:55:42,536 [s0@group-90CE24CD81AC-LeaderElection1] INFO  impl.RoleInfo (RoleInfo.java:shutdownLeaderElection(130)) - s0: shutdown s0@group-90CE24CD81AC-LeaderElection1
2023-12-01 03:55:42,536 [grpc-default-executor-11] INFO  impl.VoteContext (VoteContext.java:log(49)) - s1@group-90CE24CD81AC-CANDIDATE: reject ELECTION from s2: already has voted for s1 at current term 1
2023-12-01 03:55:42,537 [grpc-default-executor-11] INFO  server.RaftServer$Division (RaftServerImpl.java:requestVote(1410)) - s1@group-90CE24CD81AC replies to ELECTION vote request: s2<-s1#0:FAIL-t1. Peer's state: s1@group-90CE24CD81AC:t1, leader=null, voted=s1, raftlog=Memoized:s1@group-90CE24CD81AC-SegmentedRaftLog:OPENED:c-1, conf=-1: peers:[s0|localhost:42621, s1|localhost:45397, s2|localhost:33889]|listeners:[], old=null
2023-12-01 03:55:42,537 [s0@group-90CE24CD81AC-LeaderElection1] INFO  impl.RoleInfo (RoleInfo.java:updateAndGet(139)) - s0: start s0@group-90CE24CD81AC-FollowerState
2023-12-01 03:55:42,537 [grpc-default-executor-5] INFO  server.RaftServer$Division (RaftServerImpl.java:requestVote(1377)) - s0@group-90CE24CD81AC: receive requestVote(ELECTION, s1, group-90CE24CD81AC, 1, (t:0, i:0))
2023-12-01 03:55:42,542 [s0@group-90CE24CD81AC-LeaderElection1] INFO  server.RaftServer$Division (RaftServerImpl.java:setFirstElection(564)) - s0@group-90CE24CD81AC: set firstElectionSinceStartup to false for REJECTED
2023-12-01 03:55:42,543 [grpc-default-executor-5] INFO  impl.VoteContext (VoteContext.java:log(49)) - s0@group-90CE24CD81AC-FOLLOWER: reject ELECTION from s1: already has voted for s0 at current term 1
2023-12-01 03:55:42,543 [grpc-default-executor-5] INFO  server.RaftServer$Division (RaftServerImpl.java:requestVote(1410)) - s0@group-90CE24CD81AC replies to ELECTION vote request: s1<-s0#0:FAIL-t1. Peer's state: s0@group-90CE24CD81AC:t1, leader=null, voted=s0, raftlog=Memoized:s0@group-90CE24CD81AC-SegmentedRaftLog:OPENED:c-1, conf=-1: peers:[s0|localhost:42621, s1|localhost:45397, s2|localhost:33889]|listeners:[], old=null
2023-12-01 03:55:42,543 [grpc-default-executor-10] INFO  impl.VoteContext (VoteContext.java:log(49)) - s0@group-90CE24CD81AC-FOLLOWER: reject ELECTION from s2: already has voted for s0 at current term 1
2023-12-01 03:55:42,543 [grpc-default-executor-10] INFO  server.RaftServer$Division (RaftServerImpl.java:requestVote(1410)) - s0@group-90CE24CD81AC replies to ELECTION vote request: s2<-s0#0:FAIL-t1. Peer's state: s0@group-90CE24CD81AC:t1, leader=null, voted=s0, raftlog=Memoized:s0@group-90CE24CD81AC-SegmentedRaftLog:OPENED:c-1, conf=-1: peers:[s0|localhost:42621, s1|localhost:45397, s2|localhost:33889]|listeners:[], old=null
2023-12-01 03:55:42,544 [s2@group-90CE24CD81AC-LeaderElection2] INFO  impl.LeaderElection (LeaderElection.java:logAndReturn(89)) - s2@group-90CE24CD81AC-LeaderElection2: ELECTION REJECTED received 2 response(s) and 0 exception(s):
2023-12-01 03:55:42,544 [s2@group-90CE24CD81AC-LeaderElection2] INFO  impl.LeaderElection (LeaderElection.java:logAndReturn(93)) -   Response 0: s2<-s0#0:FAIL-t1
2023-12-01 03:55:42,544 [s2@group-90CE24CD81AC-LeaderElection2] INFO  impl.LeaderElection (LeaderElection.java:logAndReturn(93)) -   Response 1: s2<-s1#0:FAIL-t1
2023-12-01 03:55:42,545 [s2@group-90CE24CD81AC-LeaderElection2] INFO  impl.LeaderElection (LeaderElection.java:askForVotes(325)) - s2@group-90CE24CD81AC-LeaderElection2 ELECTION round 1: result REJECTED
2023-12-01 03:55:42,545 [s2@group-90CE24CD81AC-LeaderElection2] INFO  server.RaftServer$Division (RaftServerImpl.java:setRole(379)) - s2@group-90CE24CD81AC: changes role from CANDIDATE to FOLLOWER at term 1 for REJECTED
2023-12-01 03:55:42,545 [s2@group-90CE24CD81AC-LeaderElection2] INFO  impl.RoleInfo (RoleInfo.java:shutdownLeaderElection(130)) - s2: shutdown s2@group-90CE24CD81AC-LeaderElection2
2023-12-01 03:55:42,545 [s2@group-90CE24CD81AC-LeaderElection2] INFO  impl.RoleInfo (RoleInfo.java:updateAndGet(139)) - s2: start s2@group-90CE24CD81AC-FollowerState
2023-12-01 03:55:42,545 [s1@group-90CE24CD81AC-LeaderElection3] INFO  impl.LeaderElection (LeaderElection.java:logAndReturn(89)) - s1@group-90CE24CD81AC-LeaderElection3: ELECTION REJECTED received 2 response(s) and 0 exception(s):
2023-12-01 03:55:42,545 [s1@group-90CE24CD81AC-LeaderElection3] INFO  impl.LeaderElection (LeaderElection.java:logAndReturn(93)) -   Response 0: s1<-s0#0:FAIL-t1
2023-12-01 03:55:42,546 [s1@group-90CE24CD81AC-LeaderElection3] INFO  impl.LeaderElection (LeaderElection.java:logAndReturn(93)) -   Response 1: s1<-s2#0:FAIL-t1
2023-12-01 03:55:42,546 [s1@group-90CE24CD81AC-LeaderElection3] INFO  impl.LeaderElection (LeaderElection.java:askForVotes(325)) - s1@group-90CE24CD81AC-LeaderElection3 ELECTION round 1: result REJECTED
2023-12-01 03:55:42,546 [s1@group-90CE24CD81AC-LeaderElection3] INFO  server.RaftServer$Division (RaftServerImpl.java:setRole(379)) - s1@group-90CE24CD81AC: changes role from CANDIDATE to FOLLOWER at term 1 for REJECTED
2023-12-01 03:55:42,546 [s1@group-90CE24CD81AC-LeaderElection3] INFO  impl.RoleInfo (RoleInfo.java:shutdownLeaderElection(130)) - s1: shutdown s1@group-90CE24CD81AC-LeaderElection3
2023-12-01 03:55:42,546 [s1@group-90CE24CD81AC-LeaderElection3] INFO  impl.RoleInfo (RoleInfo.java:updateAndGet(139)) - s1: start s1@group-90CE24CD81AC-FollowerState
2023-12-01 03:55:42,550 [s2@group-90CE24CD81AC-LeaderElection2] INFO  server.RaftServer$Division (RaftServerImpl.java:setFirstElection(564)) - s2@group-90CE24CD81AC: set firstElectionSinceStartup to false for REJECTED
2023-12-01 03:55:42,550 [s1@group-90CE24CD81AC-LeaderElection3] INFO  server.RaftServer$Division (RaftServerImpl.java:setFirstElection(564)) - s1@group-90CE24CD81AC: set firstElectionSinceStartup to false for REJECTED
2023-12-01 03:55:42,799 [s2@group-90CE24CD81AC-FollowerState] INFO  impl.FollowerState (FollowerState.java:run(143)) - s2@group-90CE24CD81AC-FollowerState: change to CANDIDATE, lastRpcElapsedTime:253775680ns, electionTimeout:249ms
2023-12-01 03:55:42,799 [s2@group-90CE24CD81AC-FollowerState] INFO  impl.RoleInfo (RoleInfo.java:shutdownFollowerState(110)) - s2: shutdown s2@group-90CE24CD81AC-FollowerState
2023-12-01 03:55:42,800 [s2@group-90CE24CD81AC-FollowerState] INFO  server.RaftServer$Division (RaftServerImpl.java:setRole(379)) - s2@group-90CE24CD81AC: changes role from  FOLLOWER to CANDIDATE at term 1 for changeToCandidate
2023-12-01 03:55:42,800 [s2@group-90CE24CD81AC-FollowerState] INFO  server.RaftServerConfigKeys (ConfUtils.java:logGet(46)) - raft.server.leaderelection.pre-vote = true (default)
2023-12-01 03:55:42,800 [s2@group-90CE24CD81AC-FollowerState] INFO  impl.RoleInfo (RoleInfo.java:updateAndGet(139)) - s2: start s2@group-90CE24CD81AC-LeaderElection4
2023-12-01 03:55:42,800 [s2@group-90CE24CD81AC-LeaderElection4] INFO  impl.LeaderElection (LeaderElection.java:askForVotes(323)) - s2@group-90CE24CD81AC-LeaderElection4 PRE_VOTE round 0: submit vote requests at term 1 for -1: peers:[s0|localhost:42621, s1|localhost:45397, s2|localhost:33889]|listeners:[], old=null
2023-12-01 03:55:42,807 [grpc-default-executor-5] INFO  server.RaftServer$Division (RaftServerImpl.java:requestVote(1377)) - s1@group-90CE24CD81AC: receive requestVote(PRE_VOTE, s2, group-90CE24CD81AC, 1, (t:0, i:0))
2023-12-01 03:55:42,807 [grpc-default-executor-10] INFO  server.RaftServer$Division (RaftServerImpl.java:requestVote(1377)) - s0@group-90CE24CD81AC: receive requestVote(PRE_VOTE, s2, group-90CE24CD81AC, 1, (t:0, i:0))
2023-12-01 03:55:42,807 [grpc-default-executor-5] INFO  impl.VoteContext (VoteContext.java:log(49)) - s1@group-90CE24CD81AC-FOLLOWER: accept PRE_VOTE from s2: our priority 0 <= candidate's priority 0
2023-12-01 03:55:42,807 [grpc-default-executor-10] INFO  impl.VoteContext (VoteContext.java:log(49)) - s0@group-90CE24CD81AC-FOLLOWER: accept PRE_VOTE from s2: our priority 0 <= candidate's priority 0
2023-12-01 03:55:42,809 [grpc-default-executor-5] INFO  server.RaftServer$Division (RaftServerImpl.java:requestVote(1410)) - s1@group-90CE24CD81AC replies to PRE_VOTE vote request: s2<-s1#0:OK-t1. Peer's state: s1@group-90CE24CD81AC:t1, leader=null, voted=s1, raftlog=Memoized:s1@group-90CE24CD81AC-SegmentedRaftLog:OPENED:c-1, conf=-1: peers:[s0|localhost:42621, s1|localhost:45397, s2|localhost:33889]|listeners:[], old=null
2023-12-01 03:55:42,809 [grpc-default-executor-10] INFO  server.RaftServer$Division (RaftServerImpl.java:requestVote(1410)) - s0@group-90CE24CD81AC replies to PRE_VOTE vote request: s2<-s0#0:OK-t1. Peer's state: s0@group-90CE24CD81AC:t1, leader=null, voted=s0, raftlog=Memoized:s0@group-90CE24CD81AC-SegmentedRaftLog:OPENED:c-1, conf=-1: peers:[s0|localhost:42621, s1|localhost:45397, s2|localhost:33889]|listeners:[], old=null
2023-12-01 03:55:42,814 [s2@group-90CE24CD81AC-LeaderElection4] INFO  impl.LeaderElection (LeaderElection.java:logAndReturn(89)) - s2@group-90CE24CD81AC-LeaderElection4: PRE_VOTE PASSED received 1 response(s) and 0 exception(s):
2023-12-01 03:55:42,814 [s2@group-90CE24CD81AC-LeaderElection4] INFO  impl.LeaderElection (LeaderElection.java:logAndReturn(93)) -   Response 0: s2<-s0#0:OK-t1
2023-12-01 03:55:42,814 [s2@group-90CE24CD81AC-LeaderElection4] INFO  impl.LeaderElection (LeaderElection.java:askForVotes(325)) - s2@group-90CE24CD81AC-LeaderElection4 PRE_VOTE round 0: result PASSED
2023-12-01 03:55:42,815 [s2@group-90CE24CD81AC-LeaderElection4] TRACE util.FileUtils (LogUtils.java:supplyAndLog(69)) - Successfully supplied FileChannel.open /home/runner/work/ratis/ratis/ratis-test/target/test/data/1b1d21a/MiniRaftClusterWithGrpc9d810102/s2/00fe38ee-4ecd-48e3-9dac-90ce24cd81ac/current/raft-meta.tmp with options [CREATE, WRITE]: sun.nio.ch.FileChannelImpl@676f2de2
2023-12-01 03:55:42,816 [s2@group-90CE24CD81AC-LeaderElection4] TRACE util.FileUtils (LogUtils.java:runAndLog(49)) - Successfully ran Atomic Files.move /home/runner/work/ratis/ratis/ratis-test/target/test/data/1b1d21a/MiniRaftClusterWithGrpc9d810102/s2/00fe38ee-4ecd-48e3-9dac-90ce24cd81ac/current/raft-meta.tmp to /home/runner/work/ratis/ratis/ratis-test/target/test/data/1b1d21a/MiniRaftClusterWithGrpc9d810102/s2/00fe38ee-4ecd-48e3-9dac-90ce24cd81ac/current/raft-meta with options [REPLACE_EXISTING]
2023-12-01 03:55:42,816 [s2@group-90CE24CD81AC-LeaderElection4] INFO  impl.LeaderElection (LeaderElection.java:askForVotes(323)) - s2@group-90CE24CD81AC-LeaderElection4 ELECTION round 0: submit vote requests at term 2 for -1: peers:[s0|localhost:42621, s1|localhost:45397, s2|localhost:33889]|listeners:[], old=null
2023-12-01 03:55:42,818 [grpc-default-executor-10] INFO  server.RaftServer$Division (RaftServerImpl.java:requestVote(1377)) - s1@group-90CE24CD81AC: receive requestVote(ELECTION, s2, group-90CE24CD81AC, 2, (t:0, i:0))
2023-12-01 03:55:42,818 [grpc-default-executor-5] INFO  server.RaftServer$Division (RaftServerImpl.java:requestVote(1377)) - s0@group-90CE24CD81AC: receive requestVote(ELECTION, s2, group-90CE24CD81AC, 2, (t:0, i:0))
2023-12-01 03:55:42,818 [grpc-default-executor-10] INFO  impl.VoteContext (VoteContext.java:log(49)) - s1@group-90CE24CD81AC-FOLLOWER: accept ELECTION from s2: our priority 0 <= candidate's priority 0
2023-12-01 03:55:42,818 [grpc-default-executor-5] INFO  impl.VoteContext (VoteContext.java:log(49)) - s0@group-90CE24CD81AC-FOLLOWER: accept ELECTION from s2: our priority 0 <= candidate's priority 0
2023-12-01 03:55:42,819 [grpc-default-executor-10] INFO  server.RaftServer$Division (RaftServerImpl.java:setRole(379)) - s1@group-90CE24CD81AC: changes role from  FOLLOWER to FOLLOWER at term 2 for candidate:s2
2023-12-01 03:55:42,819 [grpc-default-executor-5] INFO  server.RaftServer$Division (RaftServerImpl.java:setRole(379)) - s0@group-90CE24CD81AC: changes role from  FOLLOWER to FOLLOWER at term 2 for candidate:s2
2023-12-01 03:55:42,819 [grpc-default-executor-10] INFO  impl.RoleInfo (RoleInfo.java:shutdownFollowerState(110)) - s1: shutdown s1@group-90CE24CD81AC-FollowerState
2023-12-01 03:55:42,819 [grpc-default-executor-10] INFO  impl.RoleInfo (RoleInfo.java:updateAndGet(139)) - s1: start s1@group-90CE24CD81AC-FollowerState
2023-12-01 03:55:42,819 [grpc-default-executor-5] INFO  impl.RoleInfo (RoleInfo.java:shutdownFollowerState(110)) - s0: shutdown s0@group-90CE24CD81AC-FollowerState
2023-12-01 03:55:42,819 [grpc-default-executor-5] INFO  impl.RoleInfo (RoleInfo.java:updateAndGet(139)) - s0: start s0@group-90CE24CD81AC-FollowerState
2023-12-01 03:55:42,819 [grpc-default-executor-10] TRACE util.FileUtils (LogUtils.java:supplyAndLog(69)) - Successfully supplied FileChannel.open /home/runner/work/ratis/ratis/ratis-test/target/test/data/1b1d21a/MiniRaftClusterWithGrpc9d810102/s1/00fe38ee-4ecd-48e3-9dac-90ce24cd81ac/current/raft-meta.tmp with options [CREATE, WRITE]: sun.nio.ch.FileChannelImpl@5ceafaff
2023-12-01 03:55:42,819 [grpc-default-executor-5] TRACE util.FileUtils (LogUtils.java:supplyAndLog(69)) - Successfully supplied FileChannel.open /home/runner/work/ratis/ratis/ratis-test/target/test/data/1b1d21a/MiniRaftClusterWithGrpc9d810102/s0/00fe38ee-4ecd-48e3-9dac-90ce24cd81ac/current/raft-meta.tmp with options [CREATE, WRITE]: sun.nio.ch.FileChannelImpl@7cb1b047
2023-12-01 03:55:42,819 [s1@group-90CE24CD81AC-FollowerState] INFO  impl.FollowerState (FollowerState.java:run(152)) - s1@group-90CE24CD81AC-FollowerState was interrupted
2023-12-01 03:55:42,819 [s0@group-90CE24CD81AC-FollowerState] INFO  impl.FollowerState (FollowerState.java:run(152)) - s0@group-90CE24CD81AC-FollowerState was interrupted
2023-12-01 03:55:42,823 [grpc-default-executor-5] TRACE util.FileUtils (LogUtils.java:runAndLog(49)) - Successfully ran Atomic Files.move /home/runner/work/ratis/ratis/ratis-test/target/test/data/1b1d21a/MiniRaftClusterWithGrpc9d810102/s0/00fe38ee-4ecd-48e3-9dac-90ce24cd81ac/current/raft-meta.tmp to /home/runner/work/ratis/ratis/ratis-test/target/test/data/1b1d21a/MiniRaftClusterWithGrpc9d810102/s0/00fe38ee-4ecd-48e3-9dac-90ce24cd81ac/current/raft-meta with options [REPLACE_EXISTING]
2023-12-01 03:55:42,823 [grpc-default-executor-10] TRACE util.FileUtils (LogUtils.java:runAndLog(49)) - Successfully ran Atomic Files.move /home/runner/work/ratis/ratis/ratis-test/target/test/data/1b1d21a/MiniRaftClusterWithGrpc9d810102/s1/00fe38ee-4ecd-48e3-9dac-90ce24cd81ac/current/raft-meta.tmp to /home/runner/work/ratis/ratis/ratis-test/target/test/data/1b1d21a/MiniRaftClusterWithGrpc9d810102/s1/00fe38ee-4ecd-48e3-9dac-90ce24cd81ac/current/raft-meta with options [REPLACE_EXISTING]
2023-12-01 03:55:42,823 [grpc-default-executor-5] INFO  server.RaftServer$Division (RaftServerImpl.java:requestVote(1410)) - s0@group-90CE24CD81AC replies to ELECTION vote request: s2<-s0#0:OK-t2. Peer's state: s0@group-90CE24CD81AC:t2, leader=null, voted=s2, raftlog=Memoized:s0@group-90CE24CD81AC-SegmentedRaftLog:OPENED:c-1, conf=-1: peers:[s0|localhost:42621, s1|localhost:45397, s2|localhost:33889]|listeners:[], old=null
2023-12-01 03:55:42,823 [grpc-default-executor-10] INFO  server.RaftServer$Division (RaftServerImpl.java:requestVote(1410)) - s1@group-90CE24CD81AC replies to ELECTION vote request: s2<-s1#0:OK-t2. Peer's state: s1@group-90CE24CD81AC:t2, leader=null, voted=s2, raftlog=Memoized:s1@group-90CE24CD81AC-SegmentedRaftLog:OPENED:c-1, conf=-1: peers:[s0|localhost:42621, s1|localhost:45397, s2|localhost:33889]|listeners:[], old=null
2023-12-01 03:55:42,825 [s2@group-90CE24CD81AC-LeaderElection4] INFO  impl.LeaderElection (LeaderElection.java:logAndReturn(89)) - s2@group-90CE24CD81AC-LeaderElection4: ELECTION PASSED received 1 response(s) and 0 exception(s):
2023-12-01 03:55:42,825 [s2@group-90CE24CD81AC-LeaderElection4] INFO  impl.LeaderElection (LeaderElection.java:logAndReturn(93)) -   Response 0: s2<-s1#0:OK-t2
2023-12-01 03:55:42,825 [s2@group-90CE24CD81AC-LeaderElection4] INFO  impl.LeaderElection (LeaderElection.java:askForVotes(325)) - s2@group-90CE24CD81AC-LeaderElection4 ELECTION round 0: result PASSED
2023-12-01 03:55:42,825 [s2@group-90CE24CD81AC-LeaderElection4] INFO  impl.RoleInfo (RoleInfo.java:shutdownLeaderElection(130)) - s2: shutdown s2@group-90CE24CD81AC-LeaderElection4
2023-12-01 03:55:42,825 [s2@group-90CE24CD81AC-LeaderElection4] INFO  server.RaftServer$Division (RaftServerImpl.java:setRole(379)) - s2@group-90CE24CD81AC: changes role from CANDIDATE to LEADER at term 2 for changeToLeader
2023-12-01 03:55:42,829 [s2@group-90CE24CD81AC-LeaderElection4] INFO  server.RaftServerConfigKeys (ConfUtils.java:logGet(46)) - raft.server.staging.catchup.gap = 1000 (default)
2023-12-01 03:55:42,831 [s2@group-90CE24CD81AC-LeaderElection4] INFO  server.RaftServerConfigKeys (ConfUtils.java:logGet(46)) - raft.server.write.element-limit = 1 (custom)
2023-12-01 03:55:42,832 [s2@group-90CE24CD81AC-LeaderElection4] INFO  server.RaftServerConfigKeys (ConfUtils.java:logGet(46)) - raft.server.write.byte-limit = 64MB (=67108864) (default)
2023-12-01 03:55:42,835 [s2@group-90CE24CD81AC-LeaderElection4] INFO  server.RaftServerConfigKeys (ConfUtils.java:logGet(46)) - raft.server.watch.timeout = 10s (default)
2023-12-01 03:55:42,835 [s2@group-90CE24CD81AC-LeaderElection4] INFO  server.RaftServerConfigKeys (ConfUtils.java:logGet(46)) - raft.server.watch.timeout.denomination = 1s (default)
2023-12-01 03:55:42,835 [s2@group-90CE24CD81AC-LeaderElection4] INFO  server.RaftServerConfigKeys (ConfUtils.java:logGet(46)) - raft.server.watch.element-limit = 65536 (default)
2023-12-01 03:55:42,840 [s2@group-90CE24CD81AC-LeaderElection4] INFO  server.RaftServerConfigKeys (ConfUtils.java:logGet(46)) - raft.server.read.leader.lease.enabled = false (default)
2023-12-01 03:55:42,842 [s2@group-90CE24CD81AC-LeaderElection4] INFO  server.RaftServerConfigKeys (ConfUtils.java:logGet(46)) - raft.server.read.leader.lease.timeout.ratio = 0.9 (default)
2023-12-01 03:55:42,842 [s2@group-90CE24CD81AC-LeaderElection4] INFO  server.RaftServerConfigKeys (ConfUtils.java:logGet(46)) - raft.server.rpc.timeout.min = 150ms (default)
2023-12-01 03:55:42,842 [s2@group-90CE24CD81AC-LeaderElection4] INFO  server.RaftServerConfigKeys (ConfUtils.java:logGet(46)) - raft.server.write.element-limit = 1 (custom)
2023-12-01 03:55:42,842 [s2@group-90CE24CD81AC-LeaderElection4] INFO  server.RaftServerConfigKeys (ConfUtils.java:logGet(46)) - raft.server.write.follower.gap.ratio.max = -1.0 (default)
2023-12-01 03:55:42,849 [s2@group-90CE24CD81AC-LeaderElection4] INFO  server.RaftServerConfigKeys (ConfUtils.java:logGet(46)) - raft.server.log.appender.snapshot.chunk.size.max = 16MB (=16777216) (default)
2023-12-01 03:55:42,849 [s2@group-90CE24CD81AC-LeaderElection4] INFO  server.RaftServerConfigKeys (ConfUtils.java:logGet(46)) - raft.server.log.appender.buffer.byte-limit = 4MB (=4194304) (default)
2023-12-01 03:55:42,850 [s2@group-90CE24CD81AC-LeaderElection4] INFO  server.RaftServerConfigKeys (ConfUtils.java:logGet(46)) - raft.server.log.appender.buffer.element-limit = 0 (default)
2023-12-01 03:55:42,851 [s2@group-90CE24CD81AC-LeaderElection4] INFO  server.RaftServerConfigKeys (ConfUtils.java:logGet(46)) - raft.server.log.appender.wait-time.min = 1ms (default)
2023-12-01 03:55:42,852 [s2@group-90CE24CD81AC-LeaderElection4] INFO  grpc.GrpcConfigKeys (ConfUtils.java:logGet(46)) - raft.grpc.server.leader.outstanding.appends.max = 8 (default)
2023-12-01 03:55:42,852 [s2@group-90CE24CD81AC-LeaderElection4] INFO  server.RaftServerConfigKeys (ConfUtils.java:logGet(46)) - raft.server.rpc.request.timeout = 3000ms (default)
2023-12-01 03:55:42,852 [s2@group-90CE24CD81AC-LeaderElection4] INFO  grpc.GrpcConfigKeys (ConfUtils.java:logGet(46)) - raft.grpc.server.install_snapshot.request.element-limit = 8 (default)
2023-12-01 03:55:42,852 [s2@group-90CE24CD81AC-LeaderElection4] INFO  grpc.GrpcConfigKeys (ConfUtils.java:logGet(46)) - raft.grpc.server.install_snapshot.request.timeout = 3000ms (default)
2023-12-01 03:55:42,852 [s2@group-90CE24CD81AC-LeaderElection4] INFO  server.RaftServerConfigKeys (ConfUtils.java:logGet(46)) - raft.server.log.appender.install.snapshot.enabled = true (default)
2023-12-01 03:55:42,852 [s2@group-90CE24CD81AC-LeaderElection4] INFO  grpc.GrpcConfigKeys (ConfUtils.java:logGet(46)) - raft.grpc.server.heartbeat.channel = true (default)
2023-12-01 03:55:42,856 [s2@group-90CE24CD81AC-LeaderElection4] INFO  server.RaftServerConfigKeys (ConfUtils.java:logGet(46)) - raft.server.log.appender.snapshot.chunk.size.max = 16MB (=16777216) (default)
2023-12-01 03:55:42,856 [s2@group-90CE24CD81AC-LeaderElection4] INFO  server.RaftServerConfigKeys (ConfUtils.java:logGet(46)) - raft.server.log.appender.buffer.byte-limit = 4MB (=4194304) (default)
2023-12-01 03:55:42,856 [s2@group-90CE24CD81AC-LeaderElection4] INFO  server.RaftServerConfigKeys (ConfUtils.java:logGet(46)) - raft.server.log.appender.buffer.element-limit = 0 (default)
2023-12-01 03:55:42,856 [s2@group-90CE24CD81AC-LeaderElection4] INFO  server.RaftServerConfigKeys (ConfUtils.java:logGet(46)) - raft.server.log.appender.wait-time.min = 1ms (default)
2023-12-01 03:55:42,856 [s2@group-90CE24CD81AC-LeaderElection4] INFO  grpc.GrpcConfigKeys (ConfUtils.java:logGet(46)) - raft.grpc.server.leader.outstanding.appends.max = 8 (default)
2023-12-01 03:55:42,856 [s2@group-90CE24CD81AC-LeaderElection4] INFO  server.RaftServerConfigKeys (ConfUtils.java:logGet(46)) - raft.server.rpc.request.timeout = 3000ms (default)
2023-12-01 03:55:42,856 [s2@group-90CE24CD81AC-LeaderElection4] INFO  grpc.GrpcConfigKeys (ConfUtils.java:logGet(46)) - raft.grpc.server.install_snapshot.request.element-limit = 8 (default)
2023-12-01 03:55:42,856 [s2@group-90CE24CD81AC-LeaderElection4] INFO  grpc.GrpcConfigKeys (ConfUtils.java:logGet(46)) - raft.grpc.server.install_snapshot.request.timeout = 3000ms (default)
2023-12-01 03:55:42,856 [s2@group-90CE24CD81AC-LeaderElection4] INFO  server.RaftServerConfigKeys (ConfUtils.java:logGet(46)) - raft.server.log.appender.install.snapshot.enabled = true (default)
2023-12-01 03:55:42,856 [s2@group-90CE24CD81AC-LeaderElection4] INFO  grpc.GrpcConfigKeys (ConfUtils.java:logGet(46)) - raft.grpc.server.heartbeat.channel = true (default)
2023-12-01 03:55:42,857 [s2@group-90CE24CD81AC-LeaderElection4] INFO  impl.RoleInfo (RoleInfo.java:updateAndGet(139)) - s2: start s2@group-90CE24CD81AC-LeaderStateImpl
2023-12-01 03:55:42,858 [s2@group-90CE24CD81AC-LeaderElection4] INFO  server.RaftServer$Division (ServerState.java:setLeader(265)) - s2@group-90CE24CD81AC: change Leader from null to s2 at term 2 for becomeLeader, leader elected after 1087ms
2023-12-01 03:55:42,870 [s2@group-90CE24CD81AC-LeaderElection4] INFO  segmented.SegmentedRaftLogWorker (SegmentedRaftLogWorker.java:startLogSegment(430)) - s2@group-90CE24CD81AC-SegmentedRaftLogWorker: Starting segment from index:0
2023-12-01 03:55:42,877 [s2@group-90CE24CD81AC-LeaderElection4] INFO  server.RaftServer$Division (ServerState.java:setRaftConf(382)) - s2@group-90CE24CD81AC: set configuration 0: peers:[s0|localhost:42621, s1|localhost:45397, s2|localhost:33889]|listeners:[], old=null
2023-12-01 03:55:42,882 [s2@group-90CE24CD81AC-SegmentedRaftLogWorker] INFO  segmented.BufferedWriteChannel (BufferedWriteChannel.java:open(62)) - open log_inprogress_0 at position 0
2023-12-01 03:55:42,892 [s2@group-90CE24CD81AC-SegmentedRaftLogWorker] INFO  segmented.SegmentedRaftLogWorker (SegmentedRaftLogWorker.java:execute(634)) - s2@group-90CE24CD81AC-SegmentedRaftLogWorker: created new log segment /home/runner/work/ratis/ratis/ratis-test/target/test/data/1b1d21a/MiniRaftClusterWithGrpc9d810102/s2/00fe38ee-4ecd-48e3-9dac-90ce24cd81ac/current/log_inprogress_0
2023-12-01 03:55:42,902 [s0-server-thread1] INFO  server.RaftServer$Division (ServerState.java:setLeader(265)) - s0@group-90CE24CD81AC: change Leader from null to s2 at term 2 for appendEntries, leader elected after 1136ms
2023-12-01 03:55:42,902 [s1-server-thread1] INFO  server.RaftServer$Division (ServerState.java:setLeader(265)) - s1@group-90CE24CD81AC: change Leader from null to s2 at term 2 for appendEntries, leader elected after 1136ms
2023-12-01 03:55:42,961 [Time-limited test] WARN  ratis.RaftTestUtil (JavaUtils.java:attempt(223)) - FAILED "waitForLeader-null-(expectLeader? true)", attempt #3/100: java.lang.IllegalStateException: Leader: s2@group-90CE24CD81AC not ready, sleep 450ms and then retry.
java.lang.IllegalStateException: Leader: s2@group-90CE24CD81AC not ready
	at org.apache.ratis.RaftTestUtil.lambda$waitForLeader$3(RaftTestUtil.java:114)
	at org.apache.ratis.util.JavaUtils.attempt(JavaUtils.java:217)
	at org.apache.ratis.util.JavaUtils.attemptRepeatedly(JavaUtils.java:203)
	at org.apache.ratis.RaftTestUtil.waitForLeader(RaftTestUtil.java:111)
	at org.apache.ratis.RaftTestUtil.waitForLeader(RaftTestUtil.java:92)
	at org.apache.ratis.RaftTestUtil.waitForLeader(RaftTestUtil.java:87)
	at org.apache.ratis.grpc.TestRetryCacheWithGrpc.testRetryOnResourceUnavailableException(TestRetryCacheWithGrpc.java:173)
	at java.base/jdk.internal.reflect.NativeMethodAccessorImpl.invoke0(Native Method)
	at java.base/jdk.internal.reflect.NativeMethodAccessorImpl.invoke(NativeMethodAccessorImpl.java:62)
	at java.base/jdk.internal.reflect.DelegatingMethodAccessorImpl.invoke(DelegatingMethodAccessorImpl.java:43)
	at java.base/java.lang.reflect.Method.invoke(Method.java:566)
	at org.junit.runners.model.FrameworkMethod$1.runReflectiveCall(FrameworkMethod.java:59)
	at org.junit.internal.runners.model.ReflectiveCallable.run(ReflectiveCallable.java:12)
	at org.junit.runners.model.FrameworkMethod.invokeExplosively(FrameworkMethod.java:56)
	at org.junit.internal.runners.statements.InvokeMethod.evaluate(InvokeMethod.java:17)
	at org.junit.internal.runners.statements.FailOnTimeout$CallableStatement.call(FailOnTimeout.java:299)
	at org.junit.internal.runners.statements.FailOnTimeout$CallableStatement.call(FailOnTimeout.java:293)
	at java.base/java.util.concurrent.FutureTask.run(FutureTask.java:264)
	at java.base/java.lang.Thread.run(Thread.java:829)
2023-12-01 03:55:42,970 [s0-server-thread2] DEBUG server.RaftServer$Division (RaftServerImpl.java:logAppendEntries(1504)) - s0@group-90CE24CD81AC: receive appendEntries(s2, 2, null, -1, true, commits:[s2:c-1, s0:c-1, s1:c-1], cId:1, entries: [(t:2, i:0), CONFIGURATIONENTRY(current:id: "s0"
address: "localhost:42621"
dataStreamAddress: "localhost:37957"
clientAddress: "localhost:37831"
adminAddress: "localhost:43369"
startupRole: FOLLOWER
,id: "s1"
address: "localhost:45397"
dataStreamAddress: "localhost:35281"
clientAddress: "localhost:46561"
adminAddress: "localhost:42213"
startupRole: FOLLOWER
,id: "s2"
address: "localhost:33889"
dataStreamAddress: "localhost:35111"
clientAddress: "localhost:46151"
adminAddress: "localhost:44333"
startupRole: FOLLOWER
, old:)]
2023-12-01 03:55:42,970 [s1-server-thread1] DEBUG server.RaftServer$Division (RaftServerImpl.java:logAppendEntries(1504)) - s1@group-90CE24CD81AC: receive appendEntries(s2, 2, null, -1, true, commits:[s2:c-1, s0:c-1, s1:c-1], cId:1, entries: [(t:2, i:0), CONFIGURATIONENTRY(current:id: "s0"
address: "localhost:42621"
dataStreamAddress: "localhost:37957"
clientAddress: "localhost:37831"
adminAddress: "localhost:43369"
startupRole: FOLLOWER
,id: "s1"
address: "localhost:45397"
dataStreamAddress: "localhost:35281"
clientAddress: "localhost:46561"
adminAddress: "localhost:42213"
startupRole: FOLLOWER
,id: "s2"
address: "localhost:33889"
dataStreamAddress: "localhost:35111"
clientAddress: "localhost:46151"
adminAddress: "localhost:44333"
startupRole: FOLLOWER
, old:)]
2023-12-01 03:55:42,971 [s1-server-thread1] INFO  server.RaftServer$Division (ServerState.java:setRaftConf(382)) - s1@group-90CE24CD81AC: set configuration 0: peers:[s0|localhost:42621, s1|localhost:45397, s2|localhost:33889]|listeners:[], old=null
2023-12-01 03:55:42,971 [s0-server-thread2] INFO  server.RaftServer$Division (ServerState.java:setRaftConf(382)) - s0@group-90CE24CD81AC: set configuration 0: peers:[s0|localhost:42621, s1|localhost:45397, s2|localhost:33889]|listeners:[], old=null
2023-12-01 03:55:42,972 [s0-server-thread2] INFO  segmented.SegmentedRaftLogWorker (SegmentedRaftLogWorker.java:startLogSegment(430)) - s0@group-90CE24CD81AC-SegmentedRaftLogWorker: Starting segment from index:0
2023-12-01 03:55:42,972 [s1-server-thread1] INFO  segmented.SegmentedRaftLogWorker (SegmentedRaftLogWorker.java:startLogSegment(430)) - s1@group-90CE24CD81AC-SegmentedRaftLogWorker: Starting segment from index:0
2023-12-01 03:55:42,973 [s0@group-90CE24CD81AC-SegmentedRaftLogWorker] INFO  segmented.BufferedWriteChannel (BufferedWriteChannel.java:open(62)) - open log_inprogress_0 at position 0
2023-12-01 03:55:42,973 [s1@group-90CE24CD81AC-SegmentedRaftLogWorker] INFO  segmented.BufferedWriteChannel (BufferedWriteChannel.java:open(62)) - open log_inprogress_0 at position 0
2023-12-01 03:55:42,985 [s1@group-90CE24CD81AC-SegmentedRaftLogWorker] INFO  segmented.SegmentedRaftLogWorker (SegmentedRaftLogWorker.java:execute(634)) - s1@group-90CE24CD81AC-SegmentedRaftLogWorker: created new log segment /home/runner/work/ratis/ratis/ratis-test/target/test/data/1b1d21a/MiniRaftClusterWithGrpc9d810102/s1/00fe38ee-4ecd-48e3-9dac-90ce24cd81ac/current/log_inprogress_0
2023-12-01 03:55:42,992 [s0@group-90CE24CD81AC-SegmentedRaftLogWorker] INFO  segmented.SegmentedRaftLogWorker (SegmentedRaftLogWorker.java:execute(634)) - s0@group-90CE24CD81AC-SegmentedRaftLogWorker: created new log segment /home/runner/work/ratis/ratis/ratis-test/target/test/data/1b1d21a/MiniRaftClusterWithGrpc9d810102/s0/00fe38ee-4ecd-48e3-9dac-90ce24cd81ac/current/log_inprogress_0
2023-12-01 03:55:42,993 [s1-server-thread1] DEBUG server.RaftServer$Division (RaftServerImpl.java:logAppendEntries(1504)) - s1@group-90CE24CD81AC: succeeded to handle AppendEntries. Reply: s2<-s1#1:OK-t2,SUCCESS,nextIndex=1,followerCommit=-1,matchIndex=0
2023-12-01 03:55:42,998 [s0-server-thread2] DEBUG server.RaftServer$Division (RaftServerImpl.java:logAppendEntries(1504)) - s0@group-90CE24CD81AC: succeeded to handle AppendEntries. Reply: s2<-s0#1:OK-t2,SUCCESS,nextIndex=1,followerCommit=-1,matchIndex=0
2023-12-01 03:55:43,001 [s2@group-90CE24CD81AC-StateMachineUpdater] TRACE util.FileUtils (LogUtils.java:supplyAndLog(69)) - Successfully supplied FileChannel.open /home/runner/work/ratis/ratis/ratis-test/target/test/data/1b1d21a/MiniRaftClusterWithGrpc9d810102/s2/00fe38ee-4ecd-48e3-9dac-90ce24cd81ac/current/raft-meta.conf.tmp with options [CREATE, WRITE]: sun.nio.ch.FileChannelImpl@3d782bad
2023-12-01 03:55:43,004 [s2@group-90CE24CD81AC-StateMachineUpdater] TRACE util.FileUtils (LogUtils.java:runAndLog(49)) - Successfully ran Atomic Files.move /home/runner/work/ratis/ratis/ratis-test/target/test/data/1b1d21a/MiniRaftClusterWithGrpc9d810102/s2/00fe38ee-4ecd-48e3-9dac-90ce24cd81ac/current/raft-meta.conf.tmp to /home/runner/work/ratis/ratis/ratis-test/target/test/data/1b1d21a/MiniRaftClusterWithGrpc9d810102/s2/00fe38ee-4ecd-48e3-9dac-90ce24cd81ac/current/raft-meta.conf with options [REPLACE_EXISTING]
2023-12-01 03:55:43,004 [s2@group-90CE24CD81AC-StateMachineUpdater] INFO  server.RaftServer$Division (LeaderStateImpl.java:isApplied(320)) - leader is ready since appliedIndex == 0 >= startIndex == 0
2023-12-01 03:55:43,074 [s1@group-90CE24CD81AC-StateMachineUpdater] TRACE util.FileUtils (LogUtils.java:supplyAndLog(69)) - Successfully supplied FileChannel.open /home/runner/work/ratis/ratis/ratis-test/target/test/data/1b1d21a/MiniRaftClusterWithGrpc9d810102/s1/00fe38ee-4ecd-48e3-9dac-90ce24cd81ac/current/raft-meta.conf.tmp with options [CREATE, WRITE]: sun.nio.ch.FileChannelImpl@7b0ef6f9
2023-12-01 03:55:43,076 [s1@group-90CE24CD81AC-StateMachineUpdater] TRACE util.FileUtils (LogUtils.java:runAndLog(49)) - Successfully ran Atomic Files.move /home/runner/work/ratis/ratis/ratis-test/target/test/data/1b1d21a/MiniRaftClusterWithGrpc9d810102/s1/00fe38ee-4ecd-48e3-9dac-90ce24cd81ac/current/raft-meta.conf.tmp to /home/runner/work/ratis/ratis/ratis-test/target/test/data/1b1d21a/MiniRaftClusterWithGrpc9d810102/s1/00fe38ee-4ecd-48e3-9dac-90ce24cd81ac/current/raft-meta.conf with options [REPLACE_EXISTING]
2023-12-01 03:55:43,077 [s0@group-90CE24CD81AC-StateMachineUpdater] TRACE util.FileUtils (LogUtils.java:supplyAndLog(69)) - Successfully supplied FileChannel.open /home/runner/work/ratis/ratis/ratis-test/target/test/data/1b1d21a/MiniRaftClusterWithGrpc9d810102/s0/00fe38ee-4ecd-48e3-9dac-90ce24cd81ac/current/raft-meta.conf.tmp with options [CREATE, WRITE]: sun.nio.ch.FileChannelImpl@706807d4
2023-12-01 03:55:43,082 [s0@group-90CE24CD81AC-StateMachineUpdater] TRACE util.FileUtils (LogUtils.java:runAndLog(49)) - Successfully ran Atomic Files.move /home/runner/work/ratis/ratis/ratis-test/target/test/data/1b1d21a/MiniRaftClusterWithGrpc9d810102/s0/00fe38ee-4ecd-48e3-9dac-90ce24cd81ac/current/raft-meta.conf.tmp to /home/runner/work/ratis/ratis/ratis-test/target/test/data/1b1d21a/MiniRaftClusterWithGrpc9d810102/s0/00fe38ee-4ecd-48e3-9dac-90ce24cd81ac/current/raft-meta.conf with options [REPLACE_EXISTING]
2023-12-01 03:55:43,411 [Time-limited test] INFO  ratis.RaftTestUtil (RaftTestUtil.java:waitForLeader(119)) - printing ALL groups
  s0:  RUNNING  FOLLOWER s0@group-90CE24CD81AC:t2, leader=s2, voted=s2, raftlog=Memoized:s0@group-90CE24CD81AC-SegmentedRaftLog:OPENED:c0, conf=0: peers:[s0|localhost:42621, s1|localhost:45397, s2|localhost:33889]|listeners:[], old=null RUNNING
  s1:  RUNNING  FOLLOWER s1@group-90CE24CD81AC:t2, leader=s2, voted=s2, raftlog=Memoized:s1@group-90CE24CD81AC-SegmentedRaftLog:OPENED:c0, conf=0: peers:[s0|localhost:42621, s1|localhost:45397, s2|localhost:33889]|listeners:[], old=null RUNNING
  s2:  RUNNING    LEADER s2@group-90CE24CD81AC:t2, leader=s2, voted=s2, raftlog=Memoized:s2@group-90CE24CD81AC-SegmentedRaftLog:OPENED:c0, conf=0: peers:[s0|localhost:42621, s1|localhost:45397, s2|localhost:33889]|listeners:[], old=null RUNNING
2023-12-01 03:55:43,412 [Time-limited test] INFO  impl.SimpleStateMachine4Testing (SimpleStateMachine4Testing.java:block(135)) - block WRITE_STATE_MACHINE_DATA
2023-12-01 03:55:43,412 [Time-limited test] INFO  impl.SimpleStateMachine4Testing (SimpleStateMachine4Testing.java:block(135)) - block WRITE_STATE_MACHINE_DATA
2023-12-01 03:55:43,420 [s2-client-thread1] DEBUG server.RaftServer$Division (RaftServerImpl.java:submitClientRequestAsync(893)) - s2@group-90CE24CD81AC: receive client request(RaftClientRequest:client-0D23AFC07BC6->s2@group-90CE24CD81AC, cid=1, seq=null, RW, message)
2023-12-01 03:55:43,437 [s2-client-thread1] DEBUG server.RaftServer$Division (LeaderStateImpl.java:addPendingRequest(522)) - s2@group-90CE24CD81AC-LeaderStateImpl: addPendingRequest at RaftClientRequest:client-0D23AFC07BC6->s2@group-90CE24CD81AC, cid=1, seq=null, RW, message, entry=(t:2, i:1), STATEMACHINELOGENTRY, 1@client-0D23AFC07BC6
2023-12-01 03:55:43,439 [s0-server-thread1] DEBUG server.RaftServer$Division (RaftServerImpl.java:logAppendEntries(1504)) - s0@group-90CE24CD81AC: receive appendEntries(s2, 2, (t:2, i:0), 0, true, commits:[s2:c0, s0:c0, s1:c0], cId:12, entries: [(t:2, i:1), STATEMACHINELOGENTRY, 1@client-0D23AFC07BC6]
2023-12-01 03:55:43,440 [s2-client-thread1] DEBUG server.RaftServer$Division (RaftServerImpl.java:submitClientRequestAsync(893)) - s2@group-90CE24CD81AC: receive client request(RaftClientRequest:client-0D23AFC07BC6->s2@group-90CE24CD81AC, cid=2, seq=null, RW, message)
2023-12-01 03:55:43,440 [s1-server-thread2] DEBUG server.RaftServer$Division (RaftServerImpl.java:logAppendEntries(1504)) - s1@group-90CE24CD81AC: receive appendEntries(s2, 2, (t:2, i:0), 0, true, commits:[s2:c0, s0:c0, s1:c0], cId:9, entries: [(t:2, i:1), STATEMACHINELOGENTRY, 1@client-0D23AFC07BC6]
2023-12-01 03:55:43,441 [Time-limited test] INFO  impl.SimpleStateMachine4Testing (SimpleStateMachine4Testing.java:unblock(142)) - unblock WRITE_STATE_MACHINE_DATA
2023-12-01 03:55:43,442 [Time-limited test] INFO  impl.SimpleStateMachine4Testing (SimpleStateMachine4Testing.java:unblock(142)) - unblock WRITE_STATE_MACHINE_DATA
2023-12-01 03:55:43,442 [s2-client-thread1] DEBUG server.RaftServer$Division (RaftServerImpl.java:submitClientRequestAsync(893)) - s2@group-90CE24CD81AC: receive client request(RaftClientRequest:client-0D23AFC07BC6->s2@group-90CE24CD81AC, cid=2, seq=null, RW, message)
2023-12-01 03:55:43,442 [s1-server-thread2] DEBUG server.RaftServer$Division (RaftServerImpl.java:logAppendEntries(1504)) - s1@group-90CE24CD81AC: succeeded to handle AppendEntries. Reply: s2<-s1#9:OK-t2,SUCCESS,nextIndex=2,followerCommit=0,matchIndex=1
2023-12-01 03:55:43,442 [s0-server-thread1] DEBUG server.RaftServer$Division (RaftServerImpl.java:logAppendEntries(1504)) - s0@group-90CE24CD81AC: succeeded to handle AppendEntries. Reply: s2<-s0#12:OK-t2,SUCCESS,nextIndex=2,followerCommit=0,matchIndex=1
2023-12-01 03:55:43,446 [s2@group-90CE24CD81AC-StateMachineUpdater] INFO  impl.SimpleStateMachine4Testing (SimpleStateMachine4Testing.java:applyTransaction(248)) - applyTransaction for log index 1
2023-12-01 03:55:43,447 [s2@group-90CE24CD81AC-StateMachineUpdater] INFO  impl.SimpleStateMachine4Testing (SimpleStateMachine4Testing.java:put(205)) - s2: put 1, message -> (t:2, i:1), STATEMACHINELOGENTRY, 1@client-0D23AFC07BC6
2023-12-01 03:55:43,448 [s2-client-thread1] DEBUG server.RaftServer$Division (RaftServerImpl.java:submitClientRequestAsync(893)) - s2@group-90CE24CD81AC: receive client request(RaftClientRequest:client-0D23AFC07BC6->s2@group-90CE24CD81AC, cid=2, seq=null, RW, message)
2023-12-01 03:55:43,449 [s2-client-thread1] DEBUG server.RaftServer$Division (RaftServerImpl.java:submitClientRequestAsync(893)) - s2@group-90CE24CD81AC: receive client request(RaftClientRequest:client-0D23AFC07BC6->s2@group-90CE24CD81AC, cid=2, seq=null, RW, message)
2023-12-01 03:55:43,450 [s1-server-thread2] DEBUG server.RaftServer$Division (RaftServerImpl.java:logAppendEntries(1504)) - s1@group-90CE24CD81AC: receive appendEntries(s2, 2, (t:2, i:1), 1, true, commits:[s2:c1, s0:c0, s1:c0], cId:10, entries: [(t:2, i:2), METADATAENTRY(c:1)]
2023-12-01 03:55:43,450 [s0-server-thread1] DEBUG server.RaftServer$Division (RaftServerImpl.java:logAppendEntries(1504)) - s0@group-90CE24CD81AC: receive appendEntries(s2, 2, (t:2, i:1), 1, true, commits:[s2:c1, s0:c0, s1:c0], cId:13, entries: [(t:2, i:2), METADATAENTRY(c:1)]
2023-12-01 03:55:43,451 [s1-server-thread2] DEBUG server.RaftServer$Division (RaftServerImpl.java:logAppendEntries(1504)) - s1@group-90CE24CD81AC: succeeded to handle AppendEntries. Reply: s2<-s1#10:OK-t2,SUCCESS,nextIndex=3,followerCommit=1,matchIndex=2
2023-12-01 03:55:43,451 [s2-client-thread1] DEBUG server.RaftServer$Division (RaftServerImpl.java:submitClientRequestAsync(893)) - s2@group-90CE24CD81AC: receive client request(RaftClientRequest:client-0D23AFC07BC6->s2@group-90CE24CD81AC, cid=2, seq=null, RW, message)
2023-12-01 03:55:43,451 [s1@group-90CE24CD81AC-StateMachineUpdater] INFO  impl.SimpleStateMachine4Testing (SimpleStateMachine4Testing.java:applyTransaction(248)) - applyTransaction for log index 1
2023-12-01 03:55:43,451 [s1@group-90CE24CD81AC-StateMachineUpdater] INFO  impl.SimpleStateMachine4Testing (SimpleStateMachine4Testing.java:put(205)) - s1: put 1, message -> (t:2, i:1), STATEMACHINELOGENTRY, 1@client-0D23AFC07BC6
2023-12-01 03:55:43,451 [s2-client-thread1] DEBUG server.RaftServer$Division (LeaderStateImpl.java:addPendingRequest(522)) - s2@group-90CE24CD81AC-LeaderStateImpl: addPendingRequest at RaftClientRequest:client-0D23AFC07BC6->s2@group-90CE24CD81AC, cid=2, seq=null, RW, message, entry=(t:2, i:3), STATEMACHINELOGENTRY, 2@client-0D23AFC07BC6
2023-12-01 03:55:43,452 [s0-server-thread1] DEBUG server.RaftServer$Division (RaftServerImpl.java:logAppendEntries(1504)) - s0@group-90CE24CD81AC: succeeded to handle AppendEntries. Reply: s2<-s0#13:OK-t2,SUCCESS,nextIndex=3,followerCommit=1,matchIndex=2
2023-12-01 03:55:43,452 [s0@group-90CE24CD81AC-StateMachineUpdater] INFO  impl.SimpleStateMachine4Testing (SimpleStateMachine4Testing.java:applyTransaction(248)) - applyTransaction for log index 1
2023-12-01 03:55:43,453 [s0@group-90CE24CD81AC-StateMachineUpdater] INFO  impl.SimpleStateMachine4Testing (SimpleStateMachine4Testing.java:put(205)) - s0: put 1, message -> (t:2, i:1), STATEMACHINELOGENTRY, 1@client-0D23AFC07BC6
2023-12-01 03:55:43,453 [s1-server-thread2] DEBUG server.RaftServer$Division (RaftServerImpl.java:logAppendEntries(1504)) - s1@group-90CE24CD81AC: receive appendEntries(s2, 2, (t:2, i:2), 1, true, commits:[s2:c1, s0:c0, s1:c1], cId:11, entries: [(t:2, i:3), STATEMACHINELOGENTRY, 2@client-0D23AFC07BC6]
2023-12-01 03:55:43,454 [s0-server-thread1] DEBUG server.RaftServer$Division (RaftServerImpl.java:logAppendEntries(1504)) - s0@group-90CE24CD81AC: receive appendEntries(s2, 2, (t:2, i:2), 1, true, commits:[s2:c1, s0:c0, s1:c0], cId:14, entries: [(t:2, i:3), STATEMACHINELOGENTRY, 2@client-0D23AFC07BC6]
2023-12-01 03:55:43,454 [s1-server-thread2] DEBUG server.RaftServer$Division (RaftServerImpl.java:logAppendEntries(1504)) - s1@group-90CE24CD81AC: succeeded to handle AppendEntries. Reply: s2<-s1#11:OK-t2,SUCCESS,nextIndex=4,followerCommit=1,matchIndex=3
2023-12-01 03:55:43,455 [s0-server-thread1] DEBUG server.RaftServer$Division (RaftServerImpl.java:logAppendEntries(1504)) - s0@group-90CE24CD81AC: succeeded to handle AppendEntries. Reply: s2<-s0#14:OK-t2,SUCCESS,nextIndex=4,followerCommit=1,matchIndex=3
2023-12-01 03:55:43,456 [s2@group-90CE24CD81AC-StateMachineUpdater] INFO  impl.SimpleStateMachine4Testing (SimpleStateMachine4Testing.java:applyTransaction(248)) - applyTransaction for log index 3
2023-12-01 03:55:43,456 [s2@group-90CE24CD81AC-StateMachineUpdater] INFO  impl.SimpleStateMachine4Testing (SimpleStateMachine4Testing.java:put(205)) - s2: put 3, message -> (t:2, i:3), STATEMACHINELOGENTRY, 2@client-0D23AFC07BC6
2023-12-01 03:55:43,456 [Time-limited test] INFO  impl.MiniRaftCluster (MiniRaftCluster.java:shutdown(831)) - ************************************************************** 
2023-12-01 03:55:43,456 [Time-limited test] INFO  impl.MiniRaftCluster (MiniRaftCluster.java:shutdown(832)) - *** 
2023-12-01 03:55:43,456 [Time-limited test] INFO  impl.MiniRaftCluster (MiniRaftCluster.java:shutdown(833)) - ***     Stopping MiniRaftClusterWithGrpc
2023-12-01 03:55:43,456 [Time-limited test] INFO  impl.MiniRaftCluster (MiniRaftCluster.java:shutdown(834)) - *** 
2023-12-01 03:55:43,456 [Time-limited test] INFO  impl.MiniRaftCluster (MiniRaftCluster.java:shutdown(835)) - ************************************************************** 
2023-12-01 03:55:43,456 [Time-limited test] INFO  impl.MiniRaftCluster (MiniRaftCluster.java:shutdown(836)) - printing ALL groups
  s0:  RUNNING  FOLLOWER s0@group-90CE24CD81AC:t2, leader=s2, voted=s2, raftlog=Memoized:s0@group-90CE24CD81AC-SegmentedRaftLog:OPENED:c1, conf=0: peers:[s0|localhost:42621, s1|localhost:45397, s2|localhost:33889]|listeners:[], old=null RUNNING
  s1:  RUNNING  FOLLOWER s1@group-90CE24CD81AC:t2, leader=s2, voted=s2, raftlog=Memoized:s1@group-90CE24CD81AC-SegmentedRaftLog:OPENED:c1, conf=0: peers:[s0|localhost:42621, s1|localhost:45397, s2|localhost:33889]|listeners:[], old=null RUNNING
  s2:  RUNNING    LEADER s2@group-90CE24CD81AC:t2, leader=s2, voted=s2, raftlog=Memoized:s2@group-90CE24CD81AC-SegmentedRaftLog:OPENED:c3, conf=0: peers:[s0|localhost:42621, s1|localhost:45397, s2|localhost:33889]|listeners:[], old=null RUNNING
2023-12-01 03:55:43,458 [MiniRaftCluster-1] INFO  server.RaftServer (RaftServerProxy.java:lambda$close$9(416)) - s0: close
2023-12-01 03:55:43,460 [MiniRaftCluster-2] INFO  server.RaftServer (RaftServerProxy.java:lambda$close$9(416)) - s1: close
2023-12-01 03:55:43,460 [s0-server-thread1] DEBUG server.RaftServer$Division (RaftServerImpl.java:logAppendEntries(1504)) - s0@group-90CE24CD81AC: receive appendEntries(s2, 2, (t:2, i:3), 3, true, commits:[s2:c3, s0:c1, s1:c1], cId:16, entries: [(t:2, i:4), METADATAENTRY(c:3)]
2023-12-01 03:55:43,463 [s1-server-thread2] DEBUG server.RaftServer$Division (RaftServerImpl.java:logAppendEntries(1504)) - s1@group-90CE24CD81AC: receive appendEntries(s2, 2, (t:2, i:3), 3, true, commits:[s2:c3, s0:c1, s1:c1], cId:13, entries: [(t:2, i:4), METADATAENTRY(c:3)]
2023-12-01 03:55:43,464 [s1-impl-thread1] INFO  server.RaftServer$Division (RaftServerImpl.java:lambda$close$3(516)) - s1@group-90CE24CD81AC: shutdown
2023-12-01 03:55:43,464 [MiniRaftCluster-3] INFO  server.RaftServer (RaftServerProxy.java:lambda$close$9(416)) - s2: close
2023-12-01 03:55:43,464 [s1-impl-thread1] INFO  util.JmxRegister (JmxRegister.java:unregister(73)) - Successfully un-registered JMX Bean with object name Ratis:service=RaftServer,group=group-90CE24CD81AC,id=s1
2023-12-01 03:55:43,464 [s1-impl-thread1] INFO  impl.RoleInfo (RoleInfo.java:shutdownFollowerState(110)) - s1: shutdown s1@group-90CE24CD81AC-FollowerState
2023-12-01 03:55:43,464 [s0-server-thread1] DEBUG server.RaftServer$Division (RaftServerImpl.java:logAppendEntries(1504)) - s0@group-90CE24CD81AC: succeeded to handle AppendEntries. Reply: s2<-s0#16:OK-t2,SUCCESS,nextIndex=5,followerCommit=3,matchIndex=4
2023-12-01 03:55:43,465 [s1-server-thread2] DEBUG server.RaftServer$Division (RaftServerImpl.java:logAppendEntries(1504)) - s1@group-90CE24CD81AC: succeeded to handle AppendEntries. Reply: s2<-s1#13:OK-t2,SUCCESS,nextIndex=5,followerCommit=3,matchIndex=4
2023-12-01 03:55:43,465 [s0-impl-thread1] INFO  server.RaftServer$Division (RaftServerImpl.java:lambda$close$3(516)) - s0@group-90CE24CD81AC: shutdown
2023-12-01 03:55:43,465 [s2-impl-thread1] INFO  server.RaftServer$Division (RaftServerImpl.java:lambda$close$3(516)) - s2@group-90CE24CD81AC: shutdown
2023-12-01 03:55:43,465 [s0@group-90CE24CD81AC-StateMachineUpdater] INFO  impl.SimpleStateMachine4Testing (SimpleStateMachine4Testing.java:applyTransaction(248)) - applyTransaction for log index 3
2023-12-01 03:55:43,469 [MiniRaftCluster-2] INFO  server.GrpcService (GrpcService.java:closeImpl(311)) - s1: shutdown server org.apache.ratis.grpc.server.GrpcClientProtocolService now
2023-12-01 03:55:43,465 [s1-impl-thread1] INFO  impl.StateMachineUpdater (StateMachineUpdater.java:stopAndJoin(157)) - s1@group-90CE24CD81AC-StateMachineUpdater: set stopIndex = 1
2023-12-01 03:55:43,470 [s0@group-90CE24CD81AC-StateMachineUpdater] INFO  impl.SimpleStateMachine4Testing (SimpleStateMachine4Testing.java:put(205)) - s0: put 3, message -> (t:2, i:3), STATEMACHINELOGENTRY, 2@client-0D23AFC07BC6
2023-12-01 03:55:43,470 [s1-impl-thread1] INFO  server.RaftServer$Division (ServerState.java:close(423)) - s1@group-90CE24CD81AC: applyIndex: 1
2023-12-01 03:55:43,470 [s1@group-90CE24CD81AC-cacheEviction-AwaitToRun] INFO  util.AwaitToRun (AwaitToRun.java:run(49)) - s1@group-90CE24CD81AC-cacheEviction-AwaitToRun-AwaitForSignal is interrupted
2023-12-01 03:55:43,470 [s2-impl-thread1] INFO  util.JmxRegister (JmxRegister.java:unregister(73)) - Successfully un-registered JMX Bean with object name Ratis:service=RaftServer,group=group-90CE24CD81AC,id=s2
2023-12-01 03:55:43,471 [s2-impl-thread1] INFO  impl.RoleInfo (RoleInfo.java:shutdownLeaderState(94)) - s2: shutdown s2@group-90CE24CD81AC-LeaderStateImpl
2023-12-01 03:55:43,472 [s2@group-90CE24CD81AC->s1-GrpcLogAppender-LogAppenderDaemon] WARN  server.GrpcLogAppender (GrpcLogAppender.java:mayWait(212)) - s2@group-90CE24CD81AC->s1-GrpcLogAppender: Wait interrupted by java.lang.InterruptedException
2023-12-01 03:55:43,469 [MiniRaftCluster-3] INFO  server.GrpcService (GrpcService.java:closeImpl(311)) - s2: shutdown server org.apache.ratis.grpc.server.GrpcClientProtocolService now
2023-12-01 03:55:43,470 [s0-impl-thread1] INFO  util.JmxRegister (JmxRegister.java:unregister(73)) - Successfully un-registered JMX Bean with object name Ratis:service=RaftServer,group=group-90CE24CD81AC,id=s0
2023-12-01 03:55:43,472 [s0-impl-thread1] INFO  impl.RoleInfo (RoleInfo.java:shutdownFollowerState(110)) - s0: shutdown s0@group-90CE24CD81AC-FollowerState
2023-12-01 03:55:43,472 [s0-impl-thread1] INFO  impl.StateMachineUpdater (StateMachineUpdater.java:stopAndJoin(157)) - s0@group-90CE24CD81AC-StateMachineUpdater: set stopIndex = 3
2023-12-01 03:55:43,472 [s0@group-90CE24CD81AC-FollowerState] INFO  impl.FollowerState (FollowerState.java:run(152)) - s0@group-90CE24CD81AC-FollowerState was interrupted
2023-12-01 03:55:43,468 [s1@group-90CE24CD81AC-FollowerState] INFO  impl.FollowerState (FollowerState.java:run(152)) - s1@group-90CE24CD81AC-FollowerState was interrupted
2023-12-01 03:55:43,465 [MiniRaftCluster-1] INFO  server.GrpcService (GrpcService.java:closeImpl(311)) - s0: shutdown server org.apache.ratis.grpc.server.GrpcClientProtocolService now
2023-12-01 03:55:43,473 [s0-impl-thread1] INFO  server.RaftServer$Division (ServerState.java:close(423)) - s0@group-90CE24CD81AC: applyIndex: 3
2023-12-01 03:55:43,472 [s2@group-90CE24CD81AC->s0-GrpcLogAppender-LogAppenderDaemon] WARN  server.GrpcLogAppender (GrpcLogAppender.java:mayWait(212)) - s2@group-90CE24CD81AC->s0-GrpcLogAppender: Wait interrupted by java.lang.InterruptedException
2023-12-01 03:55:43,473 [s0@group-90CE24CD81AC-cacheEviction-AwaitToRun] INFO  util.AwaitToRun (AwaitToRun.java:run(49)) - s0@group-90CE24CD81AC-cacheEviction-AwaitToRun-AwaitForSignal is interrupted
2023-12-01 03:55:43,473 [grpc-default-executor-11] INFO  server.GrpcServerProtocolService (GrpcServerProtocolService.java:onCompleted(157)) - s1: Completed APPEND_ENTRIES, lastRequest: null
2023-12-01 03:55:43,472 [s2-impl-thread1] INFO  impl.PendingRequests (PendingRequests.java:sendNotLeaderResponses(289)) - s2@group-90CE24CD81AC-PendingRequests: sendNotLeaderResponses
2023-12-01 03:55:43,477 [grpc-default-executor-11] INFO  server.GrpcServerProtocolService (GrpcServerProtocolService.java:lambda$onCompleted$5(159)) - s1: Completed APPEND_ENTRIES, lastReply: serverReply {
  requestorId: "s2"
  replyId: "s1"
  raftGroupId {
    id: "\000\3768\356N\315H\343\235\254\220\316$\315\201\254"
  }
  callId: 8
  success: true
}
term: 2
nextIndex: 1
matchIndex: 18446744073709551615
isHearbeat: true

2023-12-01 03:55:43,475 [grpc-default-executor-10] INFO  server.GrpcServerProtocolService (GrpcServerProtocolService.java:onCompleted(157)) - s0: Completed APPEND_ENTRIES, lastRequest: null
2023-12-01 03:55:43,478 [grpc-default-executor-10] INFO  server.GrpcServerProtocolService (GrpcServerProtocolService.java:lambda$onCompleted$5(159)) - s0: Completed APPEND_ENTRIES, lastReply: serverReply {
  requestorId: "s2"
  replyId: "s0"
  raftGroupId {
    id: "\000\3768\356N\315H\343\235\254\220\316$\315\201\254"
  }
  callId: 11
  success: true
}
term: 2
nextIndex: 1
matchIndex: 18446744073709551615
isHearbeat: true

2023-12-01 03:55:43,475 [grpc-default-executor-1] INFO  server.GrpcServerProtocolService (GrpcServerProtocolService.java:onCompleted(157)) - s0: Completed APPEND_ENTRIES, lastRequest: s2->s0#16-t2,previous=(t:2, i:3),leaderCommit=3,initializing? true,entries: size=1, first=(t:2, i:4), METADATAENTRY(c:3)
2023-12-01 03:55:43,478 [grpc-default-executor-1] INFO  server.GrpcServerProtocolService (GrpcServerProtocolService.java:lambda$onCompleted$5(159)) - s0: Completed APPEND_ENTRIES, lastReply: null
2023-12-01 03:55:43,478 [Thread-79] INFO  server.GrpcServerProtocolClient (GrpcServerProtocolClient.java:close(103)) - s2 Close channels
2023-12-01 03:55:43,479 [Thread-80] INFO  server.GrpcServerProtocolClient (GrpcServerProtocolClient.java:close(103)) - s0 Close channels
2023-12-01 03:55:43,476 [grpc-default-executor-3] INFO  server.GrpcServerProtocolService (GrpcServerProtocolService.java:onCompleted(157)) - s1: Completed APPEND_ENTRIES, lastRequest: s2->s1#13-t2,previous=(t:2, i:3),leaderCommit=3,initializing? true,entries: size=1, first=(t:2, i:4), METADATAENTRY(c:3)
2023-12-01 03:55:43,479 [grpc-default-executor-3] INFO  server.GrpcServerProtocolService (GrpcServerProtocolService.java:lambda$onCompleted$5(159)) - s1: Completed APPEND_ENTRIES, lastReply: null
2023-12-01 03:55:43,479 [Thread-81] INFO  server.GrpcServerProtocolClient (GrpcServerProtocolClient.java:close(103)) - s1 Close channels
2023-12-01 03:55:43,482 [grpc-default-executor-4] INFO  server.GrpcLogAppender (GrpcLogAppender.java:onCompleted(469)) - s2@group-90CE24CD81AC->s1-AppendLogResponseHandler: follower responses appendEntries COMPLETED
2023-12-01 03:55:43,482 [grpc-default-executor-4] WARN  server.GrpcLogAppender (GrpcLogAppender.java:resetClient(149)) - s2@group-90CE24CD81AC->s1-GrpcLogAppender: Failed to getClient for s1
org.apache.ratis.protocol.exceptions.AlreadyClosedException: s2 is already CLOSED
	at org.apache.ratis.util.PeerProxyMap$PeerAndProxy.getProxy(PeerProxyMap.java:61)
	at org.apache.ratis.util.PeerProxyMap.getProxy(PeerProxyMap.java:110)
	at org.apache.ratis.grpc.server.GrpcLogAppender.getClient(GrpcLogAppender.java:121)
	at org.apache.ratis.grpc.server.GrpcLogAppender.resetClient(GrpcLogAppender.java:126)
	at org.apache.ratis.grpc.server.GrpcLogAppender.access$800(GrpcLogAppender.java:61)
	at org.apache.ratis.grpc.server.GrpcLogAppender$AppendLogResponseHandler.onCompleted(GrpcLogAppender.java:471)
	at org.apache.ratis.thirdparty.io.grpc.stub.ClientCalls$StreamObserverToCallListenerAdapter.onClose(ClientCalls.java:479)
	at org.apache.ratis.thirdparty.io.grpc.internal.ClientCallImpl.closeObserver(ClientCallImpl.java:567)
	at org.apache.ratis.thirdparty.io.grpc.internal.ClientCallImpl.access$300(ClientCallImpl.java:71)
	at org.apache.ratis.thirdparty.io.grpc.internal.ClientCallImpl$ClientStreamListenerImpl$1StreamClosed.runInternal(ClientCallImpl.java:735)
	at org.apache.ratis.thirdparty.io.grpc.internal.ClientCallImpl$ClientStreamListenerImpl$1StreamClosed.runInContext(ClientCallImpl.java:716)
	at org.apache.ratis.thirdparty.io.grpc.internal.ContextRunnable.run(ContextRunnable.java:37)
	at org.apache.ratis.thirdparty.io.grpc.internal.SerializingExecutor.run(SerializingExecutor.java:133)
	at java.base/java.util.concurrent.ThreadPoolExecutor.runWorker(ThreadPoolExecutor.java:1128)
	at java.base/java.util.concurrent.ThreadPoolExecutor$Worker.run(ThreadPoolExecutor.java:628)
	at java.base/java.lang.Thread.run(Thread.java:829)
2023-12-01 03:55:43,483 [grpc-default-executor-5] INFO  server.GrpcLogAppender (GrpcLogAppender.java:onCompleted(469)) - s2@group-90CE24CD81AC->s0-AppendLogResponseHandler: follower responses appendEntries COMPLETED
2023-12-01 03:55:43,483 [grpc-default-executor-5] WARN  server.GrpcLogAppender (GrpcLogAppender.java:resetClient(149)) - s2@group-90CE24CD81AC->s0-GrpcLogAppender: Failed to getClient for s0
org.apache.ratis.protocol.exceptions.AlreadyClosedException: s2 is already CLOSED
	at org.apache.ratis.util.PeerProxyMap$PeerAndProxy.getProxy(PeerProxyMap.java:61)
	at org.apache.ratis.util.PeerProxyMap.getProxy(PeerProxyMap.java:110)
	at org.apache.ratis.grpc.server.GrpcLogAppender.getClient(GrpcLogAppender.java:121)
	at org.apache.ratis.grpc.server.GrpcLogAppender.resetClient(GrpcLogAppender.java:126)
	at org.apache.ratis.grpc.server.GrpcLogAppender.access$800(GrpcLogAppender.java:61)
	at org.apache.ratis.grpc.server.GrpcLogAppender$AppendLogResponseHandler.onCompleted(GrpcLogAppender.java:471)
	at org.apache.ratis.thirdparty.io.grpc.stub.ClientCalls$StreamObserverToCallListenerAdapter.onClose(ClientCalls.java:479)
	at org.apache.ratis.thirdparty.io.grpc.internal.ClientCallImpl.closeObserver(ClientCallImpl.java:567)
	at org.apache.ratis.thirdparty.io.grpc.internal.ClientCallImpl.access$300(ClientCallImpl.java:71)
	at org.apache.ratis.thirdparty.io.grpc.internal.ClientCallImpl$ClientStreamListenerImpl$1StreamClosed.runInternal(ClientCallImpl.java:735)
	at org.apache.ratis.thirdparty.io.grpc.internal.ClientCallImpl$ClientStreamListenerImpl$1StreamClosed.runInContext(ClientCallImpl.java:716)
	at org.apache.ratis.thirdparty.io.grpc.internal.ContextRunnable.run(ContextRunnable.java:37)
	at org.apache.ratis.thirdparty.io.grpc.internal.SerializingExecutor.run(SerializingExecutor.java:133)
	at java.base/java.util.concurrent.ThreadPoolExecutor.runWorker(ThreadPoolExecutor.java:1128)
	at java.base/java.util.concurrent.ThreadPoolExecutor$Worker.run(ThreadPoolExecutor.java:628)
	at java.base/java.lang.Thread.run(Thread.java:829)
2023-12-01 03:55:43,484 [Thread-77] INFO  server.GrpcServerProtocolClient (GrpcServerProtocolClient.java:close(103)) - s0 Close channels
2023-12-01 03:55:43,485 [grpc-default-executor-10] INFO  server.GrpcLogAppender (GrpcLogAppender.java:onCompleted(469)) - s2@group-90CE24CD81AC->s0-AppendLogResponseHandler: follower responses appendEntries COMPLETED
2023-12-01 03:55:43,485 [grpc-default-executor-10] WARN  server.GrpcLogAppender (GrpcLogAppender.java:resetClient(149)) - s2@group-90CE24CD81AC->s0-GrpcLogAppender: Failed to getClient for s0
org.apache.ratis.protocol.exceptions.AlreadyClosedException: s2 is already CLOSED
	at org.apache.ratis.util.PeerProxyMap$PeerAndProxy.getProxy(PeerProxyMap.java:61)
	at org.apache.ratis.util.PeerProxyMap.getProxy(PeerProxyMap.java:110)
	at org.apache.ratis.grpc.server.GrpcLogAppender.getClient(GrpcLogAppender.java:121)
	at org.apache.ratis.grpc.server.GrpcLogAppender.resetClient(GrpcLogAppender.java:126)
	at org.apache.ratis.grpc.server.GrpcLogAppender.access$800(GrpcLogAppender.java:61)
	at org.apache.ratis.grpc.server.GrpcLogAppender$AppendLogResponseHandler.onCompleted(GrpcLogAppender.java:471)
	at org.apache.ratis.thirdparty.io.grpc.stub.ClientCalls$StreamObserverToCallListenerAdapter.onClose(ClientCalls.java:479)
	at org.apache.ratis.thirdparty.io.grpc.internal.DelayedClientCall$DelayedListener$3.run(DelayedClientCall.java:489)
	at org.apache.ratis.thirdparty.io.grpc.internal.DelayedClientCall$DelayedListener.delayOrExecute(DelayedClientCall.java:453)
	at org.apache.ratis.thirdparty.io.grpc.internal.DelayedClientCall$DelayedListener.onClose(DelayedClientCall.java:486)
	at org.apache.ratis.thirdparty.io.grpc.internal.ClientCallImpl.closeObserver(ClientCallImpl.java:567)
	at org.apache.ratis.thirdparty.io.grpc.internal.ClientCallImpl.access$300(ClientCallImpl.java:71)
	at org.apache.ratis.thirdparty.io.grpc.internal.ClientCallImpl$ClientStreamListenerImpl$1StreamClosed.runInternal(ClientCallImpl.java:735)
	at org.apache.ratis.thirdparty.io.grpc.internal.ClientCallImpl$ClientStreamListenerImpl$1StreamClosed.runInContext(ClientCallImpl.java:716)
	at org.apache.ratis.thirdparty.io.grpc.internal.ContextRunnable.run(ContextRunnable.java:37)
	at org.apache.ratis.thirdparty.io.grpc.internal.SerializingExecutor.run(SerializingExecutor.java:133)
	at java.base/java.util.concurrent.ThreadPoolExecutor.runWorker(ThreadPoolExecutor.java:1128)
	at java.base/java.util.concurrent.ThreadPoolExecutor$Worker.run(ThreadPoolExecutor.java:628)
	at java.base/java.lang.Thread.run(Thread.java:829)
2023-12-01 03:55:43,490 [Thread-84] INFO  server.GrpcServerProtocolClient (GrpcServerProtocolClient.java:close(103)) - s2 Close channels
2023-12-01 03:55:43,490 [Thread-78] INFO  server.GrpcServerProtocolClient (GrpcServerProtocolClient.java:close(103)) - s1 Close channels
2023-12-01 03:55:43,485 [s2-impl-thread1] INFO  impl.StateMachineUpdater (StateMachineUpdater.java:stopAndJoin(157)) - s2@group-90CE24CD81AC-StateMachineUpdater: set stopIndex = 4
2023-12-01 03:55:43,491 [s2-impl-thread1] INFO  server.RaftServer$Division (ServerState.java:close(423)) - s2@group-90CE24CD81AC: applyIndex: 4
2023-12-01 03:55:43,491 [s2@group-90CE24CD81AC-cacheEviction-AwaitToRun] INFO  util.AwaitToRun (AwaitToRun.java:run(49)) - s2@group-90CE24CD81AC-cacheEviction-AwaitToRun-AwaitForSignal is interrupted
2023-12-01 03:55:43,491 [grpc-default-executor-3] INFO  server.GrpcLogAppender (GrpcLogAppender.java:onCompleted(469)) - s2@group-90CE24CD81AC->s1-AppendLogResponseHandler: follower responses appendEntries COMPLETED
2023-12-01 03:55:43,491 [grpc-default-executor-3] WARN  server.GrpcLogAppender (GrpcLogAppender.java:resetClient(149)) - s2@group-90CE24CD81AC->s1-GrpcLogAppender: Failed to getClient for s1
org.apache.ratis.protocol.exceptions.AlreadyClosedException: s2 is already CLOSED
	at org.apache.ratis.util.PeerProxyMap$PeerAndProxy.getProxy(PeerProxyMap.java:61)
	at org.apache.ratis.util.PeerProxyMap.getProxy(PeerProxyMap.java:110)
	at org.apache.ratis.grpc.server.GrpcLogAppender.getClient(GrpcLogAppender.java:121)
	at org.apache.ratis.grpc.server.GrpcLogAppender.resetClient(GrpcLogAppender.java:126)
	at org.apache.ratis.grpc.server.GrpcLogAppender.access$800(GrpcLogAppender.java:61)
	at org.apache.ratis.grpc.server.GrpcLogAppender$AppendLogResponseHandler.onCompleted(GrpcLogAppender.java:471)
	at org.apache.ratis.thirdparty.io.grpc.stub.ClientCalls$StreamObserverToCallListenerAdapter.onClose(ClientCalls.java:479)
	at org.apache.ratis.thirdparty.io.grpc.internal.DelayedClientCall$DelayedListener$3.run(DelayedClientCall.java:489)
	at org.apache.ratis.thirdparty.io.grpc.internal.DelayedClientCall$DelayedListener.delayOrExecute(DelayedClientCall.java:453)
	at org.apache.ratis.thirdparty.io.grpc.internal.DelayedClientCall$DelayedListener.onClose(DelayedClientCall.java:486)
	at org.apache.ratis.thirdparty.io.grpc.internal.ClientCallImpl.closeObserver(ClientCallImpl.java:567)
	at org.apache.ratis.thirdparty.io.grpc.internal.ClientCallImpl.access$300(ClientCallImpl.java:71)
	at org.apache.ratis.thirdparty.io.grpc.internal.ClientCallImpl$ClientStreamListenerImpl$1StreamClosed.runInternal(ClientCallImpl.java:735)
	at org.apache.ratis.thirdparty.io.grpc.internal.ClientCallImpl$ClientStreamListenerImpl$1StreamClosed.runInContext(ClientCallImpl.java:716)
	at org.apache.ratis.thirdparty.io.grpc.internal.ContextRunnable.run(ContextRunnable.java:37)
	at org.apache.ratis.thirdparty.io.grpc.internal.SerializingExecutor.run(SerializingExecutor.java:133)
	at java.base/java.util.concurrent.ThreadPoolExecutor.runWorker(ThreadPoolExecutor.java:1128)
	at java.base/java.util.concurrent.ThreadPoolExecutor$Worker.run(ThreadPoolExecutor.java:628)
	at java.base/java.lang.Thread.run(Thread.java:829)
2023-12-01 03:55:43,492 [MiniRaftCluster-3] INFO  server.GrpcService (GrpcService.java:closeImpl(320)) - s2: shutdown server org.apache.ratis.grpc.server.GrpcClientProtocolService successfully
2023-12-01 03:55:43,492 [MiniRaftCluster-3] INFO  server.GrpcService (GrpcService.java:closeImpl(311)) - s2: shutdown server GrpcServerProtocolService now
2023-12-01 03:55:43,492 [MiniRaftCluster-1] INFO  server.GrpcService (GrpcService.java:closeImpl(320)) - s0: shutdown server org.apache.ratis.grpc.server.GrpcClientProtocolService successfully
2023-12-01 03:55:43,492 [MiniRaftCluster-1] INFO  server.GrpcService (GrpcService.java:closeImpl(311)) - s0: shutdown server GrpcServerProtocolService now
2023-12-01 03:55:43,493 [MiniRaftCluster-1] INFO  server.GrpcService (GrpcService.java:closeImpl(320)) - s0: shutdown server GrpcServerProtocolService successfully
2023-12-01 03:55:43,493 [MiniRaftCluster-1] INFO  server.GrpcService (GrpcService.java:closeImpl(311)) - s0: shutdown server org.apache.ratis.grpc.server.GrpcAdminProtocolService now
2023-12-01 03:55:43,494 [MiniRaftCluster-2] INFO  server.GrpcService (GrpcService.java:closeImpl(320)) - s1: shutdown server org.apache.ratis.grpc.server.GrpcClientProtocolService successfully
2023-12-01 03:55:43,494 [MiniRaftCluster-2] INFO  server.GrpcService (GrpcService.java:closeImpl(311)) - s1: shutdown server GrpcServerProtocolService now
2023-12-01 03:55:43,497 [MiniRaftCluster-2] INFO  server.GrpcService (GrpcService.java:closeImpl(320)) - s1: shutdown server GrpcServerProtocolService successfully
2023-12-01 03:55:43,497 [MiniRaftCluster-1] INFO  server.GrpcService (GrpcService.java:closeImpl(320)) - s0: shutdown server org.apache.ratis.grpc.server.GrpcAdminProtocolService successfully
2023-12-01 03:55:43,497 [MiniRaftCluster-3] INFO  server.GrpcService (GrpcService.java:closeImpl(320)) - s2: shutdown server GrpcServerProtocolService successfully
2023-12-01 03:55:43,497 [MiniRaftCluster-3] INFO  server.GrpcService (GrpcService.java:closeImpl(311)) - s2: shutdown server org.apache.ratis.grpc.server.GrpcAdminProtocolService now
2023-12-01 03:55:43,497 [MiniRaftCluster-2] INFO  server.GrpcService (GrpcService.java:closeImpl(311)) - s1: shutdown server org.apache.ratis.grpc.server.GrpcAdminProtocolService now
2023-12-01 03:55:43,498 [MiniRaftCluster-3] INFO  server.GrpcService (GrpcService.java:closeImpl(320)) - s2: shutdown server org.apache.ratis.grpc.server.GrpcAdminProtocolService successfully
2023-12-01 03:55:43,502 [MiniRaftCluster-2] INFO  server.GrpcService (GrpcService.java:closeImpl(320)) - s1: shutdown server org.apache.ratis.grpc.server.GrpcAdminProtocolService successfully
2023-12-01 03:55:44,457 [s2-impl-thread1] INFO  segmented.SegmentedRaftLogWorker (SegmentedRaftLogWorker.java:close(245)) - s2@group-90CE24CD81AC-SegmentedRaftLogWorker close()
2023-12-01 03:55:44,458 [JvmPauseMonitor2] INFO  util.JvmPauseMonitor (JvmPauseMonitor.java:run(152)) - JvmPauseMonitor-s2: Stopped
2023-12-01 03:55:44,465 [s0-impl-thread1] INFO  segmented.SegmentedRaftLogWorker (SegmentedRaftLogWorker.java:close(245)) - s0@group-90CE24CD81AC-SegmentedRaftLogWorker close()
2023-12-01 03:55:44,465 [s1-impl-thread1] INFO  segmented.SegmentedRaftLogWorker (SegmentedRaftLogWorker.java:close(245)) - s1@group-90CE24CD81AC-SegmentedRaftLogWorker close()
2023-12-01 03:55:44,467 [JvmPauseMonitor0] INFO  util.JvmPauseMonitor (JvmPauseMonitor.java:run(152)) - JvmPauseMonitor-s0: Stopped
2023-12-01 03:55:44,467 [JvmPauseMonitor1] INFO  util.JvmPauseMonitor (JvmPauseMonitor.java:run(152)) - JvmPauseMonitor-s1: Stopped
2023-12-01 03:55:44,468 [Time-limited test] INFO  impl.MiniRaftCluster (MiniRaftCluster.java:shutdown(855)) - MiniRaftClusterWithGrpc shutdown completed
]]></system-out>
  </testcase>
  <testcase name="testInvalidateRepliedCalls" classname="org.apache.ratis.grpc.TestRetryCacheWithGrpc" time="1.71">
    <failure message="expected null, but was:&lt;5@client-915AA7F58988:done&gt;" type="java.lang.AssertionError"><![CDATA[java.lang.AssertionError: expected null, but was:<5@client-915AA7F58988:done>
	at org.junit.Assert.fail(Assert.java:89)
	at org.junit.Assert.failNotNull(Assert.java:756)
	at org.junit.Assert.assertNull(Assert.java:738)
	at org.junit.Assert.assertNull(Assert.java:748)
	at org.apache.ratis.grpc.TestRetryCacheWithGrpc$InvalidateRepliedCallsTest.assertRetryCacheEntry(TestRetryCacheWithGrpc.java:88)
	at org.apache.ratis.grpc.TestRetryCacheWithGrpc$InvalidateRepliedCallsTest.run(TestRetryCacheWithGrpc.java:132)
	at org.apache.ratis.grpc.TestRetryCacheWithGrpc.lambda$testInvalidateRepliedCalls$0(TestRetryCacheWithGrpc.java:61)
	at org.apache.ratis.server.impl.MiniRaftCluster$Factory$Get.runWithNewCluster(MiniRaftCluster.java:141)
	at org.apache.ratis.server.impl.MiniRaftCluster$Factory$Get.runWithNewCluster(MiniRaftCluster.java:121)
	at org.apache.ratis.grpc.TestRetryCacheWithGrpc.testInvalidateRepliedCalls(TestRetryCacheWithGrpc.java:61)
	at java.base/jdk.internal.reflect.NativeMethodAccessorImpl.invoke0(Native Method)
	at java.base/jdk.internal.reflect.NativeMethodAccessorImpl.invoke(NativeMethodAccessorImpl.java:62)
	at java.base/jdk.internal.reflect.DelegatingMethodAccessorImpl.invoke(DelegatingMethodAccessorImpl.java:43)
	at java.base/java.lang.reflect.Method.invoke(Method.java:566)
	at org.junit.runners.model.FrameworkMethod$1.runReflectiveCall(FrameworkMethod.java:59)
	at org.junit.internal.runners.model.ReflectiveCallable.run(ReflectiveCallable.java:12)
	at org.junit.runners.model.FrameworkMethod.invokeExplosively(FrameworkMethod.java:56)
	at org.junit.internal.runners.statements.InvokeMethod.evaluate(InvokeMethod.java:17)
	at org.junit.internal.runners.statements.RunAfters.evaluate(RunAfters.java:27)
	at org.junit.internal.runners.statements.FailOnTimeout$CallableStatement.call(FailOnTimeout.java:299)
	at org.junit.internal.runners.statements.FailOnTimeout$CallableStatement.call(FailOnTimeout.java:293)
	at java.base/java.util.concurrent.FutureTask.run(FutureTask.java:264)
	at java.base/java.lang.Thread.run(Thread.java:829)
]]></failure>
    <system-out><![CDATA[2023-12-01 03:55:44,469 [main] INFO  util.LogUtils (Slf4jUtils.java:setLogLevel(38)) - Successfully set org.apache.ratis.conf.ConfUtils log level to WARN
2023-12-01 03:55:44,469 [main] INFO  util.LogUtils (Slf4jUtils.java:setLogLevel(38)) - Successfully set org.apache.ratis.util.FileUtils log level to TRACE
2023-12-01 03:55:44,469 [main] INFO  util.LogUtils (Slf4jUtils.java:setLogLevel(38)) - Successfully set org.apache.ratis.server.RetryCache log level to TRACE
2023-12-01 03:55:44,470 [Time-limited test] INFO  impl.MiniRaftCluster (MiniRaftCluster.java:runWithNewCluster(135)) - Running runWithNewCluster
2023-12-01 03:55:44,471 [Time-limited test] INFO  impl.MiniRaftCluster (MiniRaftCluster.java:<init>(306)) - new MiniRaftClusterWithGrpc with group-FB8FFDFFFB35:[s0|localhost:36945, s1|localhost:46399, s2|localhost:40585]
2023-12-01 03:55:44,471 [Time-limited test] INFO  impl.MiniRaftCluster (MiniRaftCluster.java:start(339)) - .............................................................. 
2023-12-01 03:55:44,471 [Time-limited test] INFO  impl.MiniRaftCluster (MiniRaftCluster.java:start(340)) - ... 
2023-12-01 03:55:44,471 [Time-limited test] INFO  impl.MiniRaftCluster (MiniRaftCluster.java:start(341)) - ...     Starting MiniRaftClusterWithGrpc
2023-12-01 03:55:44,471 [Time-limited test] INFO  impl.MiniRaftCluster (MiniRaftCluster.java:start(342)) - ... 
2023-12-01 03:55:44,471 [Time-limited test] INFO  impl.MiniRaftCluster (MiniRaftCluster.java:start(343)) - .............................................................. 
2023-12-01 03:55:44,471 [Time-limited test] INFO  impl.MiniRaftCluster (MiniRaftCluster.java:initServers(318)) - servers = {}
2023-12-01 03:55:44,471 [Time-limited test] INFO  impl.MiniRaftCluster (MiniRaftCluster.java:newRaftServer(382)) - newRaftServer: s0, group-FB8FFDFFFB35:[s0|localhost:36945, s1|localhost:46399, s2|localhost:40585], format? true
2023-12-01 03:55:44,471 [Time-limited test] TRACE util.FileUtils (FileUtils.java:deleteFully(305)) - deleteFully target/test/data/1b1d21a/MiniRaftClusterWithGrpc6b0c9bf9/s0
2023-12-01 03:55:44,471 [Time-limited test] TRACE util.FileUtils (FileUtils.java:deleteFully(318)) - deleteFully: target/test/data/1b1d21a/MiniRaftClusterWithGrpc6b0c9bf9/s0 does not exist.
2023-12-01 03:55:44,471 [Time-limited test] INFO  impl.MiniRaftCluster (MiniRaftCluster.java:newRaftServer(387)) - Formatted directory target/test/data/1b1d21a/MiniRaftClusterWithGrpc6b0c9bf9/s0
2023-12-01 03:55:44,472 [Time-limited test] INFO  server.RaftServer (ConfUtils.java:logGet(46)) - raft.rpc.type = GRPC (default)
2023-12-01 03:55:44,472 [Time-limited test] INFO  grpc.GrpcConfigKeys (ConfUtils.java:logFallback(53)) - raft.grpc.admin.host = null (fallback to raft.grpc.server.host)
2023-12-01 03:55:44,472 [Time-limited test] INFO  grpc.GrpcConfigKeys (ConfUtils.java:logGet(46)) - raft.grpc.admin.port = 42549 (custom)
2023-12-01 03:55:44,472 [Time-limited test] INFO  grpc.GrpcConfigKeys (ConfUtils.java:logFallback(53)) - raft.grpc.client.host = null (fallback to raft.grpc.server.host)
2023-12-01 03:55:44,472 [Time-limited test] INFO  grpc.GrpcConfigKeys (ConfUtils.java:logGet(46)) - raft.grpc.client.port = 34265 (custom)
2023-12-01 03:55:44,472 [Time-limited test] INFO  grpc.GrpcConfigKeys (ConfUtils.java:logGet(46)) - raft.grpc.server.host = null (default)
2023-12-01 03:55:44,472 [Time-limited test] INFO  grpc.GrpcConfigKeys (ConfUtils.java:logGet(46)) - raft.grpc.server.port = 36945 (custom)
2023-12-01 03:55:44,472 [Time-limited test] INFO  server.GrpcService (ConfUtils.java:logGet(46)) - raft.grpc.message.size.max = 64MB (=67108864) (default)
2023-12-01 03:55:44,472 [Time-limited test] INFO  server.RaftServerConfigKeys (ConfUtils.java:logGet(46)) - raft.server.log.appender.buffer.byte-limit = 4MB (=4194304) (default)
2023-12-01 03:55:44,472 [Time-limited test] INFO  server.GrpcService (ConfUtils.java:logGet(46)) - raft.grpc.flow.control.window = 1MB (=1048576) (default)
2023-12-01 03:55:44,472 [Time-limited test] INFO  server.RaftServerConfigKeys (ConfUtils.java:logGet(46)) - raft.server.rpc.request.timeout = 3000ms (default)
2023-12-01 03:55:44,472 [Time-limited test] INFO  grpc.GrpcConfigKeys (ConfUtils.java:logGet(46)) - raft.grpc.server.heartbeat.channel = true (default)
2023-12-01 03:55:44,472 [Time-limited test] INFO  grpc.GrpcConfigKeys (ConfUtils.java:logGet(46)) - raft.grpc.server.async.request.thread.pool.cached = true (default)
2023-12-01 03:55:44,473 [Time-limited test] INFO  grpc.GrpcConfigKeys (ConfUtils.java:logGet(46)) - raft.grpc.server.async.request.thread.pool.size = 32 (default)
2023-12-01 03:55:44,474 [Time-limited test] INFO  impl.DataStreamServerImpl (ConfUtils.java:logGet(46)) - raft.datastream.type = DISABLED (default)
2023-12-01 03:55:44,474 [Time-limited test] INFO  server.RaftServerConfigKeys (ConfUtils.java:logGet(46)) - raft.server.sleep.deviation.threshold = 300ms (default)
2023-12-01 03:55:44,474 [Time-limited test] INFO  server.RaftServerConfigKeys (ConfUtils.java:logGet(46)) - raft.server.close.threshold = 60s (default)
2023-12-01 03:55:44,474 [Time-limited test] INFO  server.RaftServerConfigKeys (ConfUtils.java:logGet(46)) - raft.server.leaderelection.leader.step-down.wait-time = 10s (default)
2023-12-01 03:55:44,474 [Time-limited test] INFO  server.RaftServerConfigKeys (ConfUtils.java:logGet(46)) - raft.server.storage.dir = [/home/runner/work/ratis/ratis/ratis-test/target/test/data/1b1d21a/MiniRaftClusterWithGrpc6b0c9bf9/s0] (custom)
2023-12-01 03:55:44,474 [Time-limited test] INFO  server.RaftServerConfigKeys (ConfUtils.java:logGet(46)) - raft.server.threadpool.proxy.cached = true (default)
2023-12-01 03:55:44,474 [Time-limited test] INFO  server.RaftServerConfigKeys (ConfUtils.java:logGet(46)) - raft.server.threadpool.proxy.size = 0 (default)
2023-12-01 03:55:44,474 [Time-limited test] INFO  server.RaftServer (RaftServerProxy.java:addNew(100)) - s0: addNew group-FB8FFDFFFB35:[s0|localhost:36945, s1|localhost:46399, s2|localhost:40585] returns group-FB8FFDFFFB35:java.util.concurrent.CompletableFuture@3c8fd67[Not completed]
2023-12-01 03:55:44,475 [Time-limited test] INFO  impl.MiniRaftCluster (MiniRaftCluster.java:newRaftServer(382)) - newRaftServer: s1, group-FB8FFDFFFB35:[s0|localhost:36945, s1|localhost:46399, s2|localhost:40585], format? true
2023-12-01 03:55:44,475 [Time-limited test] TRACE util.FileUtils (FileUtils.java:deleteFully(305)) - deleteFully target/test/data/1b1d21a/MiniRaftClusterWithGrpc6b0c9bf9/s1
2023-12-01 03:55:44,475 [s0-groupManagement] INFO  server.RaftServerConfigKeys (ConfUtils.java:logGet(46)) - raft.server.log.segment.size.max = 32MB (=33554432) (default)
2023-12-01 03:55:44,475 [Time-limited test] TRACE util.FileUtils (FileUtils.java:deleteFully(318)) - deleteFully: target/test/data/1b1d21a/MiniRaftClusterWithGrpc6b0c9bf9/s1 does not exist.
2023-12-01 03:55:44,475 [s0-groupManagement] INFO  server.RaftServerConfigKeys (ConfUtils.java:logGet(46)) - raft.server.log.preallocated.size = 4MB (=4194304) (default)
2023-12-01 03:55:44,475 [Time-limited test] INFO  impl.MiniRaftCluster (MiniRaftCluster.java:newRaftServer(387)) - Formatted directory target/test/data/1b1d21a/MiniRaftClusterWithGrpc6b0c9bf9/s1
2023-12-01 03:55:44,475 [s0-groupManagement] INFO  server.RaftServerConfigKeys (ConfUtils.java:logGet(46)) - raft.server.log.write.buffer.size = 8MB (=8388608) (default)
2023-12-01 03:55:44,475 [s0-groupManagement] INFO  server.RaftServer$Division (RaftServerImpl.java:<init>(256)) - s0: new RaftServerImpl for group-FB8FFDFFFB35:[s0|localhost:36945, s1|localhost:46399, s2|localhost:40585] with SimpleStateMachine4Testing:uninitialized
2023-12-01 03:55:44,475 [s0-groupManagement] INFO  server.RaftServerConfigKeys (ConfUtils.java:logGet(46)) - raft.server.rpc.timeout.min = 150ms (default)
2023-12-01 03:55:44,475 [Time-limited test] INFO  server.RaftServer (ConfUtils.java:logGet(46)) - raft.rpc.type = GRPC (default)
2023-12-01 03:55:44,475 [s0-groupManagement] INFO  server.RaftServerConfigKeys (ConfUtils.java:logGet(46)) - raft.server.rpc.timeout.max = 300ms (default)
2023-12-01 03:55:44,475 [Time-limited test] INFO  grpc.GrpcConfigKeys (ConfUtils.java:logFallback(53)) - raft.grpc.admin.host = null (fallback to raft.grpc.server.host)
2023-12-01 03:55:44,475 [s0-groupManagement] INFO  server.RaftServerConfigKeys (ConfUtils.java:logGet(46)) - raft.server.rpc.sleep.time = 25ms (default)
2023-12-01 03:55:44,476 [Time-limited test] INFO  grpc.GrpcConfigKeys (ConfUtils.java:logGet(46)) - raft.grpc.admin.port = 44221 (custom)
2023-12-01 03:55:44,476 [s0-groupManagement] INFO  server.RaftServerConfigKeys (ConfUtils.java:logGet(46)) - raft.server.rpc.slowness.timeout = 60s (default)
2023-12-01 03:55:44,476 [Time-limited test] INFO  grpc.GrpcConfigKeys (ConfUtils.java:logFallback(53)) - raft.grpc.client.host = null (fallback to raft.grpc.server.host)
2023-12-01 03:55:44,476 [s0-groupManagement] INFO  server.RaftServerConfigKeys (ConfUtils.java:logGet(46)) - raft.server.leaderelection.leader.step-down.wait-time = 10s (default)
2023-12-01 03:55:44,476 [Time-limited test] INFO  grpc.GrpcConfigKeys (ConfUtils.java:logGet(46)) - raft.grpc.client.port = 36299 (custom)
2023-12-01 03:55:44,476 [s0-groupManagement] INFO  server.RaftServerConfigKeys (ConfUtils.java:logGet(46)) - raft.server.leaderelection.member.majority-add = false (default)
2023-12-01 03:55:44,476 [Time-limited test] INFO  grpc.GrpcConfigKeys (ConfUtils.java:logGet(46)) - raft.grpc.server.host = null (default)
2023-12-01 03:55:44,476 [s0-groupManagement] INFO  server.RaftServerConfigKeys (ConfUtils.java:logGet(46)) - raft.server.sleep.deviation.threshold = 300ms (default)
2023-12-01 03:55:44,476 [Time-limited test] INFO  grpc.GrpcConfigKeys (ConfUtils.java:logGet(46)) - raft.grpc.server.port = 46399 (custom)
2023-12-01 03:55:44,476 [Time-limited test] INFO  server.GrpcService (ConfUtils.java:logGet(46)) - raft.grpc.message.size.max = 64MB (=67108864) (default)
2023-12-01 03:55:44,476 [s0-groupManagement] INFO  server.RaftServer$Division (ServerState.java:<init>(113)) - s0@group-FB8FFDFFFB35: ConfigurationManager, init=-1: peers:[s0|localhost:36945, s1|localhost:46399, s2|localhost:40585]|listeners:[], old=null, confs=<EMPTY_MAP>
2023-12-01 03:55:44,476 [Time-limited test] INFO  server.RaftServerConfigKeys (ConfUtils.java:logGet(46)) - raft.server.log.appender.buffer.byte-limit = 4MB (=4194304) (default)
2023-12-01 03:55:44,476 [s0-groupManagement] INFO  server.RaftServerConfigKeys (ConfUtils.java:logGet(46)) - raft.server.notification.no-leader.timeout = 60s (default)
2023-12-01 03:55:44,476 [Time-limited test] INFO  server.GrpcService (ConfUtils.java:logGet(46)) - raft.grpc.flow.control.window = 1MB (=1048576) (default)
2023-12-01 03:55:44,476 [s0-groupManagement] INFO  server.RaftServerConfigKeys (ConfUtils.java:logGet(46)) - raft.server.read.timeout = 10s (default)
2023-12-01 03:55:44,476 [Time-limited test] INFO  server.RaftServerConfigKeys (ConfUtils.java:logGet(46)) - raft.server.rpc.request.timeout = 3000ms (default)
2023-12-01 03:55:44,476 [s0-groupManagement] INFO  server.RaftServerConfigKeys (ConfUtils.java:logGet(46)) - raft.server.retrycache.expirytime = 60s (default)
2023-12-01 03:55:44,477 [Time-limited test] INFO  grpc.GrpcConfigKeys (ConfUtils.java:logGet(46)) - raft.grpc.server.heartbeat.channel = true (default)
2023-12-01 03:55:44,477 [s0-groupManagement] INFO  server.RaftServerConfigKeys (ConfUtils.java:logGet(46)) - raft.server.retrycache.statistics.expirytime = 100ms (default)
2023-12-01 03:55:44,477 [Time-limited test] INFO  grpc.GrpcConfigKeys (ConfUtils.java:logGet(46)) - raft.grpc.server.async.request.thread.pool.cached = true (default)
2023-12-01 03:55:44,477 [Time-limited test] INFO  grpc.GrpcConfigKeys (ConfUtils.java:logGet(46)) - raft.grpc.server.async.request.thread.pool.size = 32 (default)
2023-12-01 03:55:44,477 [s0-groupManagement] INFO  server.RaftServerConfigKeys (ConfUtils.java:logGet(46)) - raft.server.read.option = DEFAULT (default)
2023-12-01 03:55:44,477 [s0-groupManagement] INFO  server.RaftServerConfigKeys (ConfUtils.java:logGet(46)) - raft.server.read.read-after-write-consistent.write-index-cache.expiry-time = 60s (default)
2023-12-01 03:55:44,478 [Time-limited test] INFO  impl.DataStreamServerImpl (ConfUtils.java:logGet(46)) - raft.datastream.type = DISABLED (default)
2023-12-01 03:55:44,478 [Time-limited test] INFO  server.RaftServerConfigKeys (ConfUtils.java:logGet(46)) - raft.server.sleep.deviation.threshold = 300ms (default)
2023-12-01 03:55:44,478 [Time-limited test] INFO  server.RaftServerConfigKeys (ConfUtils.java:logGet(46)) - raft.server.close.threshold = 60s (default)
2023-12-01 03:55:44,478 [Time-limited test] INFO  server.RaftServerConfigKeys (ConfUtils.java:logGet(46)) - raft.server.leaderelection.leader.step-down.wait-time = 10s (default)
2023-12-01 03:55:44,479 [Time-limited test] INFO  server.RaftServerConfigKeys (ConfUtils.java:logGet(46)) - raft.server.storage.dir = [/home/runner/work/ratis/ratis/ratis-test/target/test/data/1b1d21a/MiniRaftClusterWithGrpc6b0c9bf9/s1] (custom)
2023-12-01 03:55:44,479 [Time-limited test] INFO  server.RaftServerConfigKeys (ConfUtils.java:logGet(46)) - raft.server.threadpool.proxy.cached = true (default)
2023-12-01 03:55:44,479 [Time-limited test] INFO  server.RaftServerConfigKeys (ConfUtils.java:logGet(46)) - raft.server.threadpool.proxy.size = 0 (default)
2023-12-01 03:55:44,479 [s0-groupManagement] INFO  server.RaftServerConfigKeys (ConfUtils.java:logGet(46)) - raft.server.rpc.request.timeout = 3000ms (default)
2023-12-01 03:55:44,479 [s0-groupManagement] INFO  server.RaftServerConfigKeys (ConfUtils.java:logGet(46)) - raft.server.log.appender.install.snapshot.enabled = true (default)
2023-12-01 03:55:44,479 [s0-groupManagement] INFO  server.RaftServerConfigKeys (ConfUtils.java:logGet(46)) - raft.server.threadpool.server.cached = true (default)
2023-12-01 03:55:44,479 [s0-groupManagement] INFO  server.RaftServerConfigKeys (ConfUtils.java:logGet(46)) - raft.server.threadpool.server.size = 0 (default)
2023-12-01 03:55:44,479 [s0-groupManagement] INFO  server.RaftServerConfigKeys (ConfUtils.java:logGet(46)) - raft.server.threadpool.client.cached = true (default)
2023-12-01 03:55:44,479 [s0-groupManagement] INFO  server.RaftServerConfigKeys (ConfUtils.java:logGet(46)) - raft.server.threadpool.client.size = 0 (default)
2023-12-01 03:55:44,482 [Time-limited test] INFO  server.RaftServer (RaftServerProxy.java:addNew(100)) - s1: addNew group-FB8FFDFFFB35:[s0|localhost:36945, s1|localhost:46399, s2|localhost:40585] returns group-FB8FFDFFFB35:java.util.concurrent.CompletableFuture@2780f07a[Not completed]
2023-12-01 03:55:44,482 [s1-groupManagement] INFO  server.RaftServerConfigKeys (ConfUtils.java:logGet(46)) - raft.server.log.segment.size.max = 32MB (=33554432) (default)
2023-12-01 03:55:44,482 [Time-limited test] INFO  impl.MiniRaftCluster (MiniRaftCluster.java:newRaftServer(382)) - newRaftServer: s2, group-FB8FFDFFFB35:[s0|localhost:36945, s1|localhost:46399, s2|localhost:40585], format? true
2023-12-01 03:55:44,482 [Time-limited test] TRACE util.FileUtils (FileUtils.java:deleteFully(305)) - deleteFully target/test/data/1b1d21a/MiniRaftClusterWithGrpc6b0c9bf9/s2
2023-12-01 03:55:44,482 [s1-groupManagement] INFO  server.RaftServerConfigKeys (ConfUtils.java:logGet(46)) - raft.server.log.preallocated.size = 4MB (=4194304) (default)
2023-12-01 03:55:44,482 [Time-limited test] TRACE util.FileUtils (FileUtils.java:deleteFully(318)) - deleteFully: target/test/data/1b1d21a/MiniRaftClusterWithGrpc6b0c9bf9/s2 does not exist.
2023-12-01 03:55:44,482 [Time-limited test] INFO  impl.MiniRaftCluster (MiniRaftCluster.java:newRaftServer(387)) - Formatted directory target/test/data/1b1d21a/MiniRaftClusterWithGrpc6b0c9bf9/s2
2023-12-01 03:55:44,482 [s1-groupManagement] INFO  server.RaftServerConfigKeys (ConfUtils.java:logGet(46)) - raft.server.log.write.buffer.size = 8MB (=8388608) (default)
2023-12-01 03:55:44,483 [s1-groupManagement] INFO  server.RaftServer$Division (RaftServerImpl.java:<init>(256)) - s1: new RaftServerImpl for group-FB8FFDFFFB35:[s0|localhost:36945, s1|localhost:46399, s2|localhost:40585] with SimpleStateMachine4Testing:uninitialized
2023-12-01 03:55:44,483 [s1-groupManagement] INFO  server.RaftServerConfigKeys (ConfUtils.java:logGet(46)) - raft.server.rpc.timeout.min = 150ms (default)
2023-12-01 03:55:44,483 [Time-limited test] INFO  server.RaftServer (ConfUtils.java:logGet(46)) - raft.rpc.type = GRPC (default)
2023-12-01 03:55:44,483 [s1-groupManagement] INFO  server.RaftServerConfigKeys (ConfUtils.java:logGet(46)) - raft.server.rpc.timeout.max = 300ms (default)
2023-12-01 03:55:44,483 [Time-limited test] INFO  grpc.GrpcConfigKeys (ConfUtils.java:logFallback(53)) - raft.grpc.admin.host = null (fallback to raft.grpc.server.host)
2023-12-01 03:55:44,483 [s1-groupManagement] INFO  server.RaftServerConfigKeys (ConfUtils.java:logGet(46)) - raft.server.rpc.sleep.time = 25ms (default)
2023-12-01 03:55:44,483 [Time-limited test] INFO  grpc.GrpcConfigKeys (ConfUtils.java:logGet(46)) - raft.grpc.admin.port = 43443 (custom)
2023-12-01 03:55:44,483 [s1-groupManagement] INFO  server.RaftServerConfigKeys (ConfUtils.java:logGet(46)) - raft.server.rpc.slowness.timeout = 60s (default)
2023-12-01 03:55:44,483 [Time-limited test] INFO  grpc.GrpcConfigKeys (ConfUtils.java:logFallback(53)) - raft.grpc.client.host = null (fallback to raft.grpc.server.host)
2023-12-01 03:55:44,483 [s1-groupManagement] INFO  server.RaftServerConfigKeys (ConfUtils.java:logGet(46)) - raft.server.leaderelection.leader.step-down.wait-time = 10s (default)
2023-12-01 03:55:44,483 [Time-limited test] INFO  grpc.GrpcConfigKeys (ConfUtils.java:logGet(46)) - raft.grpc.client.port = 34227 (custom)
2023-12-01 03:55:44,483 [s1-groupManagement] INFO  server.RaftServerConfigKeys (ConfUtils.java:logGet(46)) - raft.server.leaderelection.member.majority-add = false (default)
2023-12-01 03:55:44,483 [Time-limited test] INFO  grpc.GrpcConfigKeys (ConfUtils.java:logGet(46)) - raft.grpc.server.host = null (default)
2023-12-01 03:55:44,483 [s1-groupManagement] INFO  server.RaftServerConfigKeys (ConfUtils.java:logGet(46)) - raft.server.sleep.deviation.threshold = 300ms (default)
2023-12-01 03:55:44,483 [Time-limited test] INFO  grpc.GrpcConfigKeys (ConfUtils.java:logGet(46)) - raft.grpc.server.port = 40585 (custom)
2023-12-01 03:55:44,484 [s1-groupManagement] INFO  server.RaftServer$Division (ServerState.java:<init>(113)) - s1@group-FB8FFDFFFB35: ConfigurationManager, init=-1: peers:[s0|localhost:36945, s1|localhost:46399, s2|localhost:40585]|listeners:[], old=null, confs=<EMPTY_MAP>
2023-12-01 03:55:44,484 [Time-limited test] INFO  server.GrpcService (ConfUtils.java:logGet(46)) - raft.grpc.message.size.max = 64MB (=67108864) (default)
2023-12-01 03:55:44,484 [s1-groupManagement] INFO  server.RaftServerConfigKeys (ConfUtils.java:logGet(46)) - raft.server.notification.no-leader.timeout = 60s (default)
2023-12-01 03:55:44,484 [Time-limited test] INFO  server.RaftServerConfigKeys (ConfUtils.java:logGet(46)) - raft.server.log.appender.buffer.byte-limit = 4MB (=4194304) (default)
2023-12-01 03:55:44,484 [s1-groupManagement] INFO  server.RaftServerConfigKeys (ConfUtils.java:logGet(46)) - raft.server.read.timeout = 10s (default)
2023-12-01 03:55:44,484 [Time-limited test] INFO  server.GrpcService (ConfUtils.java:logGet(46)) - raft.grpc.flow.control.window = 1MB (=1048576) (default)
2023-12-01 03:55:44,484 [s1-groupManagement] INFO  server.RaftServerConfigKeys (ConfUtils.java:logGet(46)) - raft.server.retrycache.expirytime = 60s (default)
2023-12-01 03:55:44,484 [Time-limited test] INFO  server.RaftServerConfigKeys (ConfUtils.java:logGet(46)) - raft.server.rpc.request.timeout = 3000ms (default)
2023-12-01 03:55:44,484 [s1-groupManagement] INFO  server.RaftServerConfigKeys (ConfUtils.java:logGet(46)) - raft.server.retrycache.statistics.expirytime = 100ms (default)
2023-12-01 03:55:44,484 [Time-limited test] INFO  grpc.GrpcConfigKeys (ConfUtils.java:logGet(46)) - raft.grpc.server.heartbeat.channel = true (default)
2023-12-01 03:55:44,484 [s1-groupManagement] INFO  server.RaftServerConfigKeys (ConfUtils.java:logGet(46)) - raft.server.read.option = DEFAULT (default)
2023-12-01 03:55:44,484 [Time-limited test] INFO  grpc.GrpcConfigKeys (ConfUtils.java:logGet(46)) - raft.grpc.server.async.request.thread.pool.cached = true (default)
2023-12-01 03:55:44,484 [s1-groupManagement] INFO  server.RaftServerConfigKeys (ConfUtils.java:logGet(46)) - raft.server.read.read-after-write-consistent.write-index-cache.expiry-time = 60s (default)
2023-12-01 03:55:44,484 [Time-limited test] INFO  grpc.GrpcConfigKeys (ConfUtils.java:logGet(46)) - raft.grpc.server.async.request.thread.pool.size = 32 (default)
2023-12-01 03:55:44,485 [Time-limited test] INFO  impl.DataStreamServerImpl (ConfUtils.java:logGet(46)) - raft.datastream.type = DISABLED (default)
2023-12-01 03:55:44,486 [Time-limited test] INFO  server.RaftServerConfigKeys (ConfUtils.java:logGet(46)) - raft.server.sleep.deviation.threshold = 300ms (default)
2023-12-01 03:55:44,486 [Time-limited test] INFO  server.RaftServerConfigKeys (ConfUtils.java:logGet(46)) - raft.server.close.threshold = 60s (default)
2023-12-01 03:55:44,486 [Time-limited test] INFO  server.RaftServerConfigKeys (ConfUtils.java:logGet(46)) - raft.server.leaderelection.leader.step-down.wait-time = 10s (default)
2023-12-01 03:55:44,486 [Time-limited test] INFO  server.RaftServerConfigKeys (ConfUtils.java:logGet(46)) - raft.server.storage.dir = [/home/runner/work/ratis/ratis/ratis-test/target/test/data/1b1d21a/MiniRaftClusterWithGrpc6b0c9bf9/s2] (custom)
2023-12-01 03:55:44,486 [Time-limited test] INFO  server.RaftServerConfigKeys (ConfUtils.java:logGet(46)) - raft.server.threadpool.proxy.cached = true (default)
2023-12-01 03:55:44,486 [Time-limited test] INFO  server.RaftServerConfigKeys (ConfUtils.java:logGet(46)) - raft.server.threadpool.proxy.size = 0 (default)
2023-12-01 03:55:44,486 [s1-groupManagement] INFO  server.RaftServerConfigKeys (ConfUtils.java:logGet(46)) - raft.server.rpc.request.timeout = 3000ms (default)
2023-12-01 03:55:44,486 [s1-groupManagement] INFO  server.RaftServerConfigKeys (ConfUtils.java:logGet(46)) - raft.server.log.appender.install.snapshot.enabled = true (default)
2023-12-01 03:55:44,486 [s1-groupManagement] INFO  server.RaftServerConfigKeys (ConfUtils.java:logGet(46)) - raft.server.threadpool.server.cached = true (default)
2023-12-01 03:55:44,486 [s1-groupManagement] INFO  server.RaftServerConfigKeys (ConfUtils.java:logGet(46)) - raft.server.threadpool.server.size = 0 (default)
2023-12-01 03:55:44,486 [s1-groupManagement] INFO  server.RaftServerConfigKeys (ConfUtils.java:logGet(46)) - raft.server.threadpool.client.cached = true (default)
2023-12-01 03:55:44,486 [s1-groupManagement] INFO  server.RaftServerConfigKeys (ConfUtils.java:logGet(46)) - raft.server.threadpool.client.size = 0 (default)
2023-12-01 03:55:44,487 [Time-limited test] INFO  server.RaftServer (RaftServerProxy.java:addNew(100)) - s2: addNew group-FB8FFDFFFB35:[s0|localhost:36945, s1|localhost:46399, s2|localhost:40585] returns group-FB8FFDFFFB35:java.util.concurrent.CompletableFuture@1c271e4a[Not completed]
2023-12-01 03:55:44,487 [s2-groupManagement] INFO  server.RaftServerConfigKeys (ConfUtils.java:logGet(46)) - raft.server.log.segment.size.max = 32MB (=33554432) (default)
2023-12-01 03:55:44,487 [s2-groupManagement] INFO  server.RaftServerConfigKeys (ConfUtils.java:logGet(46)) - raft.server.log.preallocated.size = 4MB (=4194304) (default)
2023-12-01 03:55:44,487 [s0-impl-thread1] INFO  server.RaftServerConfigKeys (ConfUtils.java:logGet(46)) - raft.server.storage.free-space.min = 0MB (=0) (default)
2023-12-01 03:55:44,487 [s2-groupManagement] INFO  server.RaftServerConfigKeys (ConfUtils.java:logGet(46)) - raft.server.log.write.buffer.size = 8MB (=8388608) (default)
2023-12-01 03:55:44,487 [s0-impl-thread1] INFO  server.RaftServerConfigKeys (ConfUtils.java:logGet(46)) - raft.server.log.corruption.policy = EXCEPTION (default)
2023-12-01 03:55:44,487 [s2-groupManagement] INFO  server.RaftServer$Division (RaftServerImpl.java:<init>(256)) - s2: new RaftServerImpl for group-FB8FFDFFFB35:[s0|localhost:36945, s1|localhost:46399, s2|localhost:40585] with SimpleStateMachine4Testing:uninitialized
2023-12-01 03:55:44,487 [s2-groupManagement] INFO  server.RaftServerConfigKeys (ConfUtils.java:logGet(46)) - raft.server.rpc.timeout.min = 150ms (default)
2023-12-01 03:55:44,487 [s0-impl-thread1] INFO  server.RaftServerConfigKeys (ConfUtils.java:logGet(46)) - raft.server.storage.dir = [/home/runner/work/ratis/ratis/ratis-test/target/test/data/1b1d21a/MiniRaftClusterWithGrpc6b0c9bf9/s0] (custom)
2023-12-01 03:55:44,487 [s2-groupManagement] INFO  server.RaftServerConfigKeys (ConfUtils.java:logGet(46)) - raft.server.rpc.timeout.max = 300ms (default)
2023-12-01 03:55:44,487 [s2-groupManagement] INFO  server.RaftServerConfigKeys (ConfUtils.java:logGet(46)) - raft.server.rpc.sleep.time = 25ms (default)
2023-12-01 03:55:44,487 [s2-groupManagement] INFO  server.RaftServerConfigKeys (ConfUtils.java:logGet(46)) - raft.server.rpc.slowness.timeout = 60s (default)
2023-12-01 03:55:44,487 [s0-impl-thread1] INFO  storage.RaftStorageDirectory (RaftStorageDirectoryImpl.java:analyzeStorage(138)) - The storage directory /home/runner/work/ratis/ratis/ratis-test/target/test/data/1b1d21a/MiniRaftClusterWithGrpc6b0c9bf9/s0/9c4a8896-46ed-4005-9fd6-fb8ffdfffb35 does not exist. Creating ...
2023-12-01 03:55:44,487 [s2-groupManagement] INFO  server.RaftServerConfigKeys (ConfUtils.java:logGet(46)) - raft.server.leaderelection.leader.step-down.wait-time = 10s (default)
2023-12-01 03:55:44,487 [s2-groupManagement] INFO  server.RaftServerConfigKeys (ConfUtils.java:logGet(46)) - raft.server.leaderelection.member.majority-add = false (default)
2023-12-01 03:55:44,487 [s2-groupManagement] INFO  server.RaftServerConfigKeys (ConfUtils.java:logGet(46)) - raft.server.sleep.deviation.threshold = 300ms (default)
2023-12-01 03:55:44,488 [s2-groupManagement] INFO  server.RaftServer$Division (ServerState.java:<init>(113)) - s2@group-FB8FFDFFFB35: ConfigurationManager, init=-1: peers:[s0|localhost:36945, s1|localhost:46399, s2|localhost:40585]|listeners:[], old=null, confs=<EMPTY_MAP>
2023-12-01 03:55:44,488 [s2-groupManagement] INFO  server.RaftServerConfigKeys (ConfUtils.java:logGet(46)) - raft.server.notification.no-leader.timeout = 60s (default)
2023-12-01 03:55:44,488 [s0-impl-thread1] TRACE util.FileUtils (LogUtils.java:runAndLog(49)) - Successfully ran Files.createDirectories /home/runner/work/ratis/ratis/ratis-test/target/test/data/1b1d21a/MiniRaftClusterWithGrpc6b0c9bf9/s0/9c4a8896-46ed-4005-9fd6-fb8ffdfffb35
2023-12-01 03:55:44,488 [s2-groupManagement] INFO  server.RaftServerConfigKeys (ConfUtils.java:logGet(46)) - raft.server.read.timeout = 10s (default)
2023-12-01 03:55:44,488 [s2-groupManagement] INFO  server.RaftServerConfigKeys (ConfUtils.java:logGet(46)) - raft.server.retrycache.expirytime = 60s (default)
2023-12-01 03:55:44,488 [s2-groupManagement] INFO  server.RaftServerConfigKeys (ConfUtils.java:logGet(46)) - raft.server.retrycache.statistics.expirytime = 100ms (default)
2023-12-01 03:55:44,488 [s2-groupManagement] INFO  server.RaftServerConfigKeys (ConfUtils.java:logGet(46)) - raft.server.read.option = DEFAULT (default)
2023-12-01 03:55:44,488 [s2-groupManagement] INFO  server.RaftServerConfigKeys (ConfUtils.java:logGet(46)) - raft.server.read.read-after-write-consistent.write-index-cache.expiry-time = 60s (default)
2023-12-01 03:55:44,489 [s0-impl-thread1] INFO  storage.RaftStorageDirectory (RaftStorageDirectoryImpl.java:tryLock(232)) - Lock on /home/runner/work/ratis/ratis/ratis-test/target/test/data/1b1d21a/MiniRaftClusterWithGrpc6b0c9bf9/s0/9c4a8896-46ed-4005-9fd6-fb8ffdfffb35/in_use.lock acquired by nodename 4676@fv-az912-722
2023-12-01 03:55:44,489 [s0-impl-thread1] TRACE util.FileUtils (LogUtils.java:runAndLog(49)) - Successfully ran Files.createDirectories /home/runner/work/ratis/ratis/ratis-test/target/test/data/1b1d21a/MiniRaftClusterWithGrpc6b0c9bf9/s0/9c4a8896-46ed-4005-9fd6-fb8ffdfffb35/current
2023-12-01 03:55:44,489 [s0-impl-thread1] TRACE util.FileUtils (LogUtils.java:runAndLog(49)) - Successfully ran Files.createDirectories /home/runner/work/ratis/ratis/ratis-test/target/test/data/1b1d21a/MiniRaftClusterWithGrpc6b0c9bf9/s0/9c4a8896-46ed-4005-9fd6-fb8ffdfffb35/sm
2023-12-01 03:55:44,489 [s0-impl-thread1] TRACE util.FileUtils (LogUtils.java:supplyAndLog(69)) - Successfully supplied FileChannel.open /home/runner/work/ratis/ratis/ratis-test/target/test/data/1b1d21a/MiniRaftClusterWithGrpc6b0c9bf9/s0/9c4a8896-46ed-4005-9fd6-fb8ffdfffb35/current/raft-meta.tmp with options [CREATE, WRITE]: sun.nio.ch.FileChannelImpl@3820ce64
2023-12-01 03:55:44,490 [s2-groupManagement] INFO  server.RaftServerConfigKeys (ConfUtils.java:logGet(46)) - raft.server.rpc.request.timeout = 3000ms (default)
2023-12-01 03:55:44,490 [s2-groupManagement] INFO  server.RaftServerConfigKeys (ConfUtils.java:logGet(46)) - raft.server.log.appender.install.snapshot.enabled = true (default)
2023-12-01 03:55:44,490 [s2-groupManagement] INFO  server.RaftServerConfigKeys (ConfUtils.java:logGet(46)) - raft.server.threadpool.server.cached = true (default)
2023-12-01 03:55:44,490 [s2-groupManagement] INFO  server.RaftServerConfigKeys (ConfUtils.java:logGet(46)) - raft.server.threadpool.server.size = 0 (default)
2023-12-01 03:55:44,490 [s2-groupManagement] INFO  server.RaftServerConfigKeys (ConfUtils.java:logGet(46)) - raft.server.threadpool.client.cached = true (default)
2023-12-01 03:55:44,490 [s2-groupManagement] INFO  server.RaftServerConfigKeys (ConfUtils.java:logGet(46)) - raft.server.threadpool.client.size = 0 (default)
2023-12-01 03:55:44,490 [s0-impl-thread1] TRACE util.FileUtils (LogUtils.java:runAndLog(49)) - Successfully ran Atomic Files.move /home/runner/work/ratis/ratis/ratis-test/target/test/data/1b1d21a/MiniRaftClusterWithGrpc6b0c9bf9/s0/9c4a8896-46ed-4005-9fd6-fb8ffdfffb35/current/raft-meta.tmp to /home/runner/work/ratis/ratis/ratis-test/target/test/data/1b1d21a/MiniRaftClusterWithGrpc6b0c9bf9/s0/9c4a8896-46ed-4005-9fd6-fb8ffdfffb35/current/raft-meta with options [REPLACE_EXISTING]
2023-12-01 03:55:44,490 [s0-impl-thread1] INFO  storage.RaftStorage (RaftStorageImpl.java:format(99)) - Storage directory /home/runner/work/ratis/ratis/ratis-test/target/test/data/1b1d21a/MiniRaftClusterWithGrpc6b0c9bf9/s0/9c4a8896-46ed-4005-9fd6-fb8ffdfffb35 has been successfully formatted.
2023-12-01 03:55:44,491 [s0-impl-thread1] TRACE util.FileUtils (LogUtils.java:supplyAndLog(61)) - Failed to Files.newInputStream /home/runner/work/ratis/ratis/ratis-test/target/test/data/1b1d21a/MiniRaftClusterWithGrpc6b0c9bf9/s0/9c4a8896-46ed-4005-9fd6-fb8ffdfffb35/current/raft-meta.conf with options []
java.nio.file.NoSuchFileException: /home/runner/work/ratis/ratis/ratis-test/target/test/data/1b1d21a/MiniRaftClusterWithGrpc6b0c9bf9/s0/9c4a8896-46ed-4005-9fd6-fb8ffdfffb35/current/raft-meta.conf
	at java.base/sun.nio.fs.UnixException.translateToIOException(UnixException.java:92)
	at java.base/sun.nio.fs.UnixException.rethrowAsIOException(UnixException.java:111)
	at java.base/sun.nio.fs.UnixException.rethrowAsIOException(UnixException.java:116)
	at java.base/sun.nio.fs.UnixFileSystemProvider.newByteChannel(UnixFileSystemProvider.java:219)
	at java.base/java.nio.file.Files.newByteChannel(Files.java:371)
	at java.base/java.nio.file.Files.newByteChannel(Files.java:422)
	at java.base/java.nio.file.spi.FileSystemProvider.newInputStream(FileSystemProvider.java:420)
	at java.base/java.nio.file.Files.newInputStream(Files.java:156)
	at org.apache.ratis.util.FileUtils.lambda$newInputStream$2(FileUtils.java:73)
	at org.apache.ratis.util.LogUtils.supplyAndLog(LogUtils.java:58)
	at org.apache.ratis.util.FileUtils.newInputStream(FileUtils.java:72)
	at org.apache.ratis.util.FileUtils.newInputStream(FileUtils.java:68)
	at org.apache.ratis.server.storage.RaftStorageImpl.readRaftConfiguration(RaftStorageImpl.java:156)
	at org.apache.ratis.server.impl.ServerState.initialize(ServerState.java:141)
	at org.apache.ratis.server.impl.RaftServerImpl.start(RaftServerImpl.java:388)
	at org.apache.ratis.util.ConcurrentUtils.accept(ConcurrentUtils.java:203)
	at org.apache.ratis.util.ConcurrentUtils.lambda$parallelForEachAsync$4(ConcurrentUtils.java:182)
	at java.base/java.util.concurrent.ThreadPoolExecutor.runWorker(ThreadPoolExecutor.java:1128)
	at java.base/java.util.concurrent.ThreadPoolExecutor$Worker.run(ThreadPoolExecutor.java:628)
	at java.base/java.lang.Thread.run(Thread.java:829)
2023-12-01 03:55:44,491 [s0-impl-thread1] INFO  impl.SimpleStateMachine4Testing (SimpleStateMachine4Testing.java:initialize(213)) - Initializing SimpleStateMachine4Testing:uninitialized
2023-12-01 03:55:44,491 [s0-impl-thread1] INFO  impl.SimpleStateMachine4Testing (SimpleStateMachine4Testing.java:loadSnapshot(296)) - Loading snapshot null
2023-12-01 03:55:44,491 [s0-impl-thread1] INFO  server.RaftServerConfigKeys (ConfUtils.java:logGet(46)) - raft.server.log.use.memory = false (default)
2023-12-01 03:55:44,491 [s0-impl-thread1] INFO  server.RaftServerConfigKeys (ConfUtils.java:logGet(46)) - raft.server.log.purge.gap = 1024 (default)
2023-12-01 03:55:44,491 [s0-impl-thread1] INFO  server.RaftServerConfigKeys (ConfUtils.java:logGet(46)) - raft.server.log.appender.buffer.byte-limit = 4MB (=4194304) (default)
2023-12-01 03:55:44,491 [s0-impl-thread1] INFO  server.RaftServerConfigKeys (ConfUtils.java:logGet(46)) - raft.server.log.statemachine.data.read.timeout = 1000ms (default)
2023-12-01 03:55:44,491 [s0-impl-thread1] INFO  server.RaftServerConfigKeys (ConfUtils.java:logGet(46)) - raft.server.log.purge.preservation.log.num = 0 (default)
2023-12-01 03:55:44,492 [s0-impl-thread1] INFO  server.RaftServerConfigKeys (ConfUtils.java:logGet(46)) - raft.server.log.segment.size.max = 32MB (=33554432) (default)
2023-12-01 03:55:44,492 [s0-impl-thread1] INFO  server.RaftServerConfigKeys (ConfUtils.java:logGet(46)) - raft.server.log.segment.cache.num.max = 6 (default)
2023-12-01 03:55:44,492 [s0-impl-thread1] INFO  server.RaftServerConfigKeys (ConfUtils.java:logGet(46)) - raft.server.log.segment.cache.size.max = 200MB (=209715200) (default)
2023-12-01 03:55:44,492 [s0-impl-thread1] INFO  server.RaftServerConfigKeys (ConfUtils.java:logGet(46)) - raft.server.log.appender.buffer.byte-limit = 4MB (=4194304) (default)
2023-12-01 03:55:44,493 [s0-impl-thread1] INFO  util.AwaitToRun (AwaitToRun.java:start(81)) - Thread[s0@group-FB8FFDFFFB35-cacheEviction-AwaitToRun,5,main] started
2023-12-01 03:55:44,493 [s0-impl-thread1] INFO  segmented.SegmentedRaftLogWorker (SegmentedRaftLogWorker.java:<init>(182)) - new s0@group-FB8FFDFFFB35-SegmentedRaftLogWorker for RaftStorageImpl:Storage Directory /home/runner/work/ratis/ratis/ratis-test/target/test/data/1b1d21a/MiniRaftClusterWithGrpc6b0c9bf9/s0/9c4a8896-46ed-4005-9fd6-fb8ffdfffb35
2023-12-01 03:55:44,493 [s0-impl-thread1] INFO  server.RaftServerConfigKeys (ConfUtils.java:logGet(46)) - raft.server.log.queue.byte-limit = 64MB (=67108864) (default)
2023-12-01 03:55:44,493 [s0-impl-thread1] INFO  server.RaftServerConfigKeys (ConfUtils.java:logGet(46)) - raft.server.log.queue.element-limit = 4096 (default)
2023-12-01 03:55:44,494 [s0-impl-thread1] INFO  server.RaftServerConfigKeys (ConfUtils.java:logGet(46)) - raft.server.log.segment.size.max = 32MB (=33554432) (default)
2023-12-01 03:55:44,494 [s0-impl-thread1] INFO  server.RaftServerConfigKeys (ConfUtils.java:logGet(46)) - raft.server.log.preallocated.size = 4MB (=4194304) (default)
2023-12-01 03:55:44,494 [s0-impl-thread1] INFO  server.RaftServerConfigKeys (ConfUtils.java:logGet(46)) - raft.server.log.force.sync.num = 128 (default)
2023-12-01 03:55:44,494 [s0-impl-thread1] INFO  server.RaftServerConfigKeys (ConfUtils.java:logGet(46)) - raft.server.log.statemachine.data.sync = true (default)
2023-12-01 03:55:44,494 [s0-impl-thread1] INFO  server.RaftServerConfigKeys (ConfUtils.java:logGet(46)) - raft.server.log.statemachine.data.sync.timeout = 10s (default)
2023-12-01 03:55:44,494 [s0-impl-thread1] INFO  server.RaftServerConfigKeys (ConfUtils.java:logGet(46)) - raft.server.log.statemachine.data.sync.timeout.retry = -1 (default)
2023-12-01 03:55:44,494 [s0-impl-thread1] INFO  server.RaftServerConfigKeys (ConfUtils.java:logGet(46)) - raft.server.log.write.buffer.size = 8MB (=8388608) (default)
2023-12-01 03:55:44,495 [s0-impl-thread1] INFO  server.RaftServerConfigKeys (ConfUtils.java:logGet(46)) - raft.server.log.appender.buffer.byte-limit = 4MB (=4194304) (default)
2023-12-01 03:55:44,495 [s0-impl-thread1] INFO  server.RaftServerConfigKeys (ConfUtils.java:logGet(46)) - raft.server.log.unsafe-flush.enabled = false (default)
2023-12-01 03:55:44,495 [s0-impl-thread1] INFO  server.RaftServerConfigKeys (ConfUtils.java:logGet(46)) - raft.server.log.async-flush.enabled = false (default)
2023-12-01 03:55:44,495 [s0-impl-thread1] INFO  server.RaftServerConfigKeys (ConfUtils.java:logGet(46)) - raft.server.log.statemachine.data.caching.enabled = false (default)
2023-12-01 03:55:44,496 [s0-impl-thread1] INFO  segmented.SegmentedRaftLogWorker (SegmentedRaftLogWorker.java:lambda$new$0(134)) - s0@group-FB8FFDFFFB35-SegmentedRaftLogWorker: flushIndex: setUnconditionally 0 -> -1
2023-12-01 03:55:44,496 [s0-impl-thread1] INFO  segmented.SegmentedRaftLogWorker (SegmentedRaftLogWorker.java:lambda$new$0(134)) - s0@group-FB8FFDFFFB35-SegmentedRaftLogWorker: safeCacheEvictIndex: setUnconditionally 0 -> -1
2023-12-01 03:55:44,496 [s0-impl-thread1] INFO  server.RaftServer$Division (RaftServerImpl.java:start(392)) - s0@group-FB8FFDFFFB35: start as a follower, conf=-1: peers:[s0|localhost:36945, s1|localhost:46399, s2|localhost:40585]|listeners:[], old=null
2023-12-01 03:55:44,496 [s0-impl-thread1] INFO  server.RaftServer$Division (RaftServerImpl.java:setRole(379)) - s0@group-FB8FFDFFFB35: changes role from      null to FOLLOWER at term 0 for startAsFollower
2023-12-01 03:55:44,496 [s0-impl-thread1] INFO  impl.RoleInfo (RoleInfo.java:updateAndGet(139)) - s0: start s0@group-FB8FFDFFFB35-FollowerState
2023-12-01 03:55:44,496 [s0@group-FB8FFDFFFB35-FollowerState] INFO  server.RaftServerConfigKeys (ConfUtils.java:logFallback(53)) - raft.server.rpc.first-election.timeout.min = 150ms (fallback to raft.server.rpc.timeout.min)
2023-12-01 03:55:44,496 [s0@group-FB8FFDFFFB35-FollowerState] INFO  server.RaftServerConfigKeys (ConfUtils.java:logFallback(53)) - raft.server.rpc.first-election.timeout.max = 300ms (fallback to raft.server.rpc.timeout.max)
2023-12-01 03:55:44,496 [s0-impl-thread1] INFO  util.JmxRegister (JmxRegister.java:tryRegister(44)) - Successfully registered JMX Bean with object name Ratis:service=RaftServer,group=group-FB8FFDFFFB35,id=s0
2023-12-01 03:55:44,496 [s0-impl-thread1] INFO  server.RaftServerConfigKeys (ConfUtils.java:logGet(46)) - raft.server.snapshot.trigger-when-stop.enabled = true (default)
2023-12-01 03:55:44,496 [s0-impl-thread1] INFO  server.RaftServerConfigKeys (ConfUtils.java:logGet(46)) - raft.server.snapshot.auto.trigger.enabled = false (default)
2023-12-01 03:55:44,496 [s0-impl-thread1] INFO  server.RaftServerConfigKeys (ConfUtils.java:logGet(46)) - raft.server.snapshot.retention.file.num = -1 (default)
2023-12-01 03:55:44,497 [s0-impl-thread1] INFO  server.RaftServerConfigKeys (ConfUtils.java:logGet(46)) - raft.server.log.purge.upto.snapshot.index = false (default)
2023-12-01 03:55:44,497 [Time-limited test] INFO  server.RaftServer (RaftServerProxy.java:startImpl(406)) - s0: start RPC server
2023-12-01 03:55:44,498 [Time-limited test] INFO  server.GrpcService (GrpcService.java:startImpl(302)) - s0: GrpcService started, listening on 34265
2023-12-01 03:55:44,499 [Time-limited test] INFO  server.GrpcService (GrpcService.java:startImpl(302)) - s0: GrpcService started, listening on 36945
2023-12-01 03:55:44,499 [Time-limited test] INFO  server.GrpcService (GrpcService.java:startImpl(302)) - s0: GrpcService started, listening on 42549
2023-12-01 03:55:44,499 [JvmPauseMonitor3] INFO  util.JvmPauseMonitor (JvmPauseMonitor.java:run(146)) - JvmPauseMonitor-s0: Started
2023-12-01 03:55:44,499 [s1-impl-thread1] INFO  server.RaftServerConfigKeys (ConfUtils.java:logGet(46)) - raft.server.storage.free-space.min = 0MB (=0) (default)
2023-12-01 03:55:44,499 [s1-impl-thread1] INFO  server.RaftServerConfigKeys (ConfUtils.java:logGet(46)) - raft.server.log.corruption.policy = EXCEPTION (default)
2023-12-01 03:55:44,500 [s1-impl-thread1] INFO  server.RaftServerConfigKeys (ConfUtils.java:logGet(46)) - raft.server.storage.dir = [/home/runner/work/ratis/ratis/ratis-test/target/test/data/1b1d21a/MiniRaftClusterWithGrpc6b0c9bf9/s1] (custom)
2023-12-01 03:55:44,500 [s1-impl-thread1] INFO  storage.RaftStorageDirectory (RaftStorageDirectoryImpl.java:analyzeStorage(138)) - The storage directory /home/runner/work/ratis/ratis/ratis-test/target/test/data/1b1d21a/MiniRaftClusterWithGrpc6b0c9bf9/s1/9c4a8896-46ed-4005-9fd6-fb8ffdfffb35 does not exist. Creating ...
2023-12-01 03:55:44,500 [s1-impl-thread1] TRACE util.FileUtils (LogUtils.java:runAndLog(49)) - Successfully ran Files.createDirectories /home/runner/work/ratis/ratis/ratis-test/target/test/data/1b1d21a/MiniRaftClusterWithGrpc6b0c9bf9/s1/9c4a8896-46ed-4005-9fd6-fb8ffdfffb35
2023-12-01 03:55:44,501 [s1-impl-thread1] INFO  storage.RaftStorageDirectory (RaftStorageDirectoryImpl.java:tryLock(232)) - Lock on /home/runner/work/ratis/ratis/ratis-test/target/test/data/1b1d21a/MiniRaftClusterWithGrpc6b0c9bf9/s1/9c4a8896-46ed-4005-9fd6-fb8ffdfffb35/in_use.lock acquired by nodename 4676@fv-az912-722
2023-12-01 03:55:44,501 [s1-impl-thread1] TRACE util.FileUtils (LogUtils.java:runAndLog(49)) - Successfully ran Files.createDirectories /home/runner/work/ratis/ratis/ratis-test/target/test/data/1b1d21a/MiniRaftClusterWithGrpc6b0c9bf9/s1/9c4a8896-46ed-4005-9fd6-fb8ffdfffb35/current
2023-12-01 03:55:44,501 [s1-impl-thread1] TRACE util.FileUtils (LogUtils.java:runAndLog(49)) - Successfully ran Files.createDirectories /home/runner/work/ratis/ratis/ratis-test/target/test/data/1b1d21a/MiniRaftClusterWithGrpc6b0c9bf9/s1/9c4a8896-46ed-4005-9fd6-fb8ffdfffb35/sm
2023-12-01 03:55:44,501 [s1-impl-thread1] TRACE util.FileUtils (LogUtils.java:supplyAndLog(69)) - Successfully supplied FileChannel.open /home/runner/work/ratis/ratis/ratis-test/target/test/data/1b1d21a/MiniRaftClusterWithGrpc6b0c9bf9/s1/9c4a8896-46ed-4005-9fd6-fb8ffdfffb35/current/raft-meta.tmp with options [CREATE, WRITE]: sun.nio.ch.FileChannelImpl@38999e38
2023-12-01 03:55:44,502 [s1-impl-thread1] TRACE util.FileUtils (LogUtils.java:runAndLog(49)) - Successfully ran Atomic Files.move /home/runner/work/ratis/ratis/ratis-test/target/test/data/1b1d21a/MiniRaftClusterWithGrpc6b0c9bf9/s1/9c4a8896-46ed-4005-9fd6-fb8ffdfffb35/current/raft-meta.tmp to /home/runner/work/ratis/ratis/ratis-test/target/test/data/1b1d21a/MiniRaftClusterWithGrpc6b0c9bf9/s1/9c4a8896-46ed-4005-9fd6-fb8ffdfffb35/current/raft-meta with options [REPLACE_EXISTING]
2023-12-01 03:55:44,502 [s1-impl-thread1] INFO  storage.RaftStorage (RaftStorageImpl.java:format(99)) - Storage directory /home/runner/work/ratis/ratis/ratis-test/target/test/data/1b1d21a/MiniRaftClusterWithGrpc6b0c9bf9/s1/9c4a8896-46ed-4005-9fd6-fb8ffdfffb35 has been successfully formatted.
2023-12-01 03:55:44,502 [s1-impl-thread1] TRACE util.FileUtils (LogUtils.java:supplyAndLog(61)) - Failed to Files.newInputStream /home/runner/work/ratis/ratis/ratis-test/target/test/data/1b1d21a/MiniRaftClusterWithGrpc6b0c9bf9/s1/9c4a8896-46ed-4005-9fd6-fb8ffdfffb35/current/raft-meta.conf with options []
java.nio.file.NoSuchFileException: /home/runner/work/ratis/ratis/ratis-test/target/test/data/1b1d21a/MiniRaftClusterWithGrpc6b0c9bf9/s1/9c4a8896-46ed-4005-9fd6-fb8ffdfffb35/current/raft-meta.conf
	at java.base/sun.nio.fs.UnixException.translateToIOException(UnixException.java:92)
	at java.base/sun.nio.fs.UnixException.rethrowAsIOException(UnixException.java:111)
	at java.base/sun.nio.fs.UnixException.rethrowAsIOException(UnixException.java:116)
	at java.base/sun.nio.fs.UnixFileSystemProvider.newByteChannel(UnixFileSystemProvider.java:219)
	at java.base/java.nio.file.Files.newByteChannel(Files.java:371)
	at java.base/java.nio.file.Files.newByteChannel(Files.java:422)
	at java.base/java.nio.file.spi.FileSystemProvider.newInputStream(FileSystemProvider.java:420)
	at java.base/java.nio.file.Files.newInputStream(Files.java:156)
	at org.apache.ratis.util.FileUtils.lambda$newInputStream$2(FileUtils.java:73)
	at org.apache.ratis.util.LogUtils.supplyAndLog(LogUtils.java:58)
	at org.apache.ratis.util.FileUtils.newInputStream(FileUtils.java:72)
	at org.apache.ratis.util.FileUtils.newInputStream(FileUtils.java:68)
	at org.apache.ratis.server.storage.RaftStorageImpl.readRaftConfiguration(RaftStorageImpl.java:156)
	at org.apache.ratis.server.impl.ServerState.initialize(ServerState.java:141)
	at org.apache.ratis.server.impl.RaftServerImpl.start(RaftServerImpl.java:388)
	at org.apache.ratis.util.ConcurrentUtils.accept(ConcurrentUtils.java:203)
	at org.apache.ratis.util.ConcurrentUtils.lambda$parallelForEachAsync$4(ConcurrentUtils.java:182)
	at java.base/java.util.concurrent.ThreadPoolExecutor.runWorker(ThreadPoolExecutor.java:1128)
	at java.base/java.util.concurrent.ThreadPoolExecutor$Worker.run(ThreadPoolExecutor.java:628)
	at java.base/java.lang.Thread.run(Thread.java:829)
2023-12-01 03:55:44,502 [s1-impl-thread1] INFO  impl.SimpleStateMachine4Testing (SimpleStateMachine4Testing.java:initialize(213)) - Initializing SimpleStateMachine4Testing:uninitialized
2023-12-01 03:55:44,503 [s1-impl-thread1] INFO  impl.SimpleStateMachine4Testing (SimpleStateMachine4Testing.java:loadSnapshot(296)) - Loading snapshot null
2023-12-01 03:55:44,503 [s1-impl-thread1] INFO  server.RaftServerConfigKeys (ConfUtils.java:logGet(46)) - raft.server.log.use.memory = false (default)
2023-12-01 03:55:44,503 [s1-impl-thread1] INFO  server.RaftServerConfigKeys (ConfUtils.java:logGet(46)) - raft.server.log.purge.gap = 1024 (default)
2023-12-01 03:55:44,503 [s1-impl-thread1] INFO  server.RaftServerConfigKeys (ConfUtils.java:logGet(46)) - raft.server.log.appender.buffer.byte-limit = 4MB (=4194304) (default)
2023-12-01 03:55:44,503 [s1-impl-thread1] INFO  server.RaftServerConfigKeys (ConfUtils.java:logGet(46)) - raft.server.log.statemachine.data.read.timeout = 1000ms (default)
2023-12-01 03:55:44,503 [s1-impl-thread1] INFO  server.RaftServerConfigKeys (ConfUtils.java:logGet(46)) - raft.server.log.purge.preservation.log.num = 0 (default)
2023-12-01 03:55:44,504 [s1-impl-thread1] INFO  server.RaftServerConfigKeys (ConfUtils.java:logGet(46)) - raft.server.log.segment.size.max = 32MB (=33554432) (default)
2023-12-01 03:55:44,504 [s1-impl-thread1] INFO  server.RaftServerConfigKeys (ConfUtils.java:logGet(46)) - raft.server.log.segment.cache.num.max = 6 (default)
2023-12-01 03:55:44,504 [s1-impl-thread1] INFO  server.RaftServerConfigKeys (ConfUtils.java:logGet(46)) - raft.server.log.segment.cache.size.max = 200MB (=209715200) (default)
2023-12-01 03:55:44,504 [s1-impl-thread1] INFO  server.RaftServerConfigKeys (ConfUtils.java:logGet(46)) - raft.server.log.appender.buffer.byte-limit = 4MB (=4194304) (default)
2023-12-01 03:55:44,504 [s1-impl-thread1] INFO  util.AwaitToRun (AwaitToRun.java:start(81)) - Thread[s1@group-FB8FFDFFFB35-cacheEviction-AwaitToRun,5,main] started
2023-12-01 03:55:44,504 [s1-impl-thread1] INFO  segmented.SegmentedRaftLogWorker (SegmentedRaftLogWorker.java:<init>(182)) - new s1@group-FB8FFDFFFB35-SegmentedRaftLogWorker for RaftStorageImpl:Storage Directory /home/runner/work/ratis/ratis/ratis-test/target/test/data/1b1d21a/MiniRaftClusterWithGrpc6b0c9bf9/s1/9c4a8896-46ed-4005-9fd6-fb8ffdfffb35
2023-12-01 03:55:44,505 [s1-impl-thread1] INFO  server.RaftServerConfigKeys (ConfUtils.java:logGet(46)) - raft.server.log.queue.byte-limit = 64MB (=67108864) (default)
2023-12-01 03:55:44,505 [s1-impl-thread1] INFO  server.RaftServerConfigKeys (ConfUtils.java:logGet(46)) - raft.server.log.queue.element-limit = 4096 (default)
2023-12-01 03:55:44,505 [s1-impl-thread1] INFO  server.RaftServerConfigKeys (ConfUtils.java:logGet(46)) - raft.server.log.segment.size.max = 32MB (=33554432) (default)
2023-12-01 03:55:44,505 [s1-impl-thread1] INFO  server.RaftServerConfigKeys (ConfUtils.java:logGet(46)) - raft.server.log.preallocated.size = 4MB (=4194304) (default)
2023-12-01 03:55:44,505 [s1-impl-thread1] INFO  server.RaftServerConfigKeys (ConfUtils.java:logGet(46)) - raft.server.log.force.sync.num = 128 (default)
2023-12-01 03:55:44,505 [s1-impl-thread1] INFO  server.RaftServerConfigKeys (ConfUtils.java:logGet(46)) - raft.server.log.statemachine.data.sync = true (default)
2023-12-01 03:55:44,505 [s1-impl-thread1] INFO  server.RaftServerConfigKeys (ConfUtils.java:logGet(46)) - raft.server.log.statemachine.data.sync.timeout = 10s (default)
2023-12-01 03:55:44,505 [s1-impl-thread1] INFO  server.RaftServerConfigKeys (ConfUtils.java:logGet(46)) - raft.server.log.statemachine.data.sync.timeout.retry = -1 (default)
2023-12-01 03:55:44,505 [s1-impl-thread1] INFO  server.RaftServerConfigKeys (ConfUtils.java:logGet(46)) - raft.server.log.write.buffer.size = 8MB (=8388608) (default)
2023-12-01 03:55:44,507 [s1-impl-thread1] INFO  server.RaftServerConfigKeys (ConfUtils.java:logGet(46)) - raft.server.log.appender.buffer.byte-limit = 4MB (=4194304) (default)
2023-12-01 03:55:44,507 [s1-impl-thread1] INFO  server.RaftServerConfigKeys (ConfUtils.java:logGet(46)) - raft.server.log.unsafe-flush.enabled = false (default)
2023-12-01 03:55:44,507 [s1-impl-thread1] INFO  server.RaftServerConfigKeys (ConfUtils.java:logGet(46)) - raft.server.log.async-flush.enabled = false (default)
2023-12-01 03:55:44,507 [s1-impl-thread1] INFO  server.RaftServerConfigKeys (ConfUtils.java:logGet(46)) - raft.server.log.statemachine.data.caching.enabled = false (default)
2023-12-01 03:55:44,508 [s1-impl-thread1] INFO  segmented.SegmentedRaftLogWorker (SegmentedRaftLogWorker.java:lambda$new$0(134)) - s1@group-FB8FFDFFFB35-SegmentedRaftLogWorker: flushIndex: setUnconditionally 0 -> -1
2023-12-01 03:55:44,508 [s1-impl-thread1] INFO  segmented.SegmentedRaftLogWorker (SegmentedRaftLogWorker.java:lambda$new$0(134)) - s1@group-FB8FFDFFFB35-SegmentedRaftLogWorker: safeCacheEvictIndex: setUnconditionally 0 -> -1
2023-12-01 03:55:44,508 [s1-impl-thread1] INFO  server.RaftServer$Division (RaftServerImpl.java:start(392)) - s1@group-FB8FFDFFFB35: start as a follower, conf=-1: peers:[s0|localhost:36945, s1|localhost:46399, s2|localhost:40585]|listeners:[], old=null
2023-12-01 03:55:44,508 [s1-impl-thread1] INFO  server.RaftServer$Division (RaftServerImpl.java:setRole(379)) - s1@group-FB8FFDFFFB35: changes role from      null to FOLLOWER at term 0 for startAsFollower
2023-12-01 03:55:44,508 [s1-impl-thread1] INFO  impl.RoleInfo (RoleInfo.java:updateAndGet(139)) - s1: start s1@group-FB8FFDFFFB35-FollowerState
2023-12-01 03:55:44,508 [s1-impl-thread1] INFO  util.JmxRegister (JmxRegister.java:tryRegister(44)) - Successfully registered JMX Bean with object name Ratis:service=RaftServer,group=group-FB8FFDFFFB35,id=s1
2023-12-01 03:55:44,508 [s1-impl-thread1] INFO  server.RaftServerConfigKeys (ConfUtils.java:logGet(46)) - raft.server.snapshot.trigger-when-stop.enabled = true (default)
2023-12-01 03:55:44,508 [s1-impl-thread1] INFO  server.RaftServerConfigKeys (ConfUtils.java:logGet(46)) - raft.server.snapshot.auto.trigger.enabled = false (default)
2023-12-01 03:55:44,508 [s1-impl-thread1] INFO  server.RaftServerConfigKeys (ConfUtils.java:logGet(46)) - raft.server.snapshot.retention.file.num = -1 (default)
2023-12-01 03:55:44,508 [s1-impl-thread1] INFO  server.RaftServerConfigKeys (ConfUtils.java:logGet(46)) - raft.server.log.purge.upto.snapshot.index = false (default)
2023-12-01 03:55:44,509 [Time-limited test] INFO  server.RaftServer (RaftServerProxy.java:startImpl(406)) - s1: start RPC server
2023-12-01 03:55:44,509 [s1@group-FB8FFDFFFB35-FollowerState] INFO  server.RaftServerConfigKeys (ConfUtils.java:logFallback(53)) - raft.server.rpc.first-election.timeout.min = 150ms (fallback to raft.server.rpc.timeout.min)
2023-12-01 03:55:44,509 [s1@group-FB8FFDFFFB35-FollowerState] INFO  server.RaftServerConfigKeys (ConfUtils.java:logFallback(53)) - raft.server.rpc.first-election.timeout.max = 300ms (fallback to raft.server.rpc.timeout.max)
2023-12-01 03:55:44,509 [Time-limited test] INFO  server.GrpcService (GrpcService.java:startImpl(302)) - s1: GrpcService started, listening on 36299
2023-12-01 03:55:44,510 [Time-limited test] INFO  server.GrpcService (GrpcService.java:startImpl(302)) - s1: GrpcService started, listening on 46399
2023-12-01 03:55:44,511 [Time-limited test] INFO  server.GrpcService (GrpcService.java:startImpl(302)) - s1: GrpcService started, listening on 44221
2023-12-01 03:55:44,511 [s2-impl-thread1] INFO  server.RaftServerConfigKeys (ConfUtils.java:logGet(46)) - raft.server.storage.free-space.min = 0MB (=0) (default)
2023-12-01 03:55:44,511 [JvmPauseMonitor4] INFO  util.JvmPauseMonitor (JvmPauseMonitor.java:run(146)) - JvmPauseMonitor-s1: Started
2023-12-01 03:55:44,511 [s2-impl-thread1] INFO  server.RaftServerConfigKeys (ConfUtils.java:logGet(46)) - raft.server.log.corruption.policy = EXCEPTION (default)
2023-12-01 03:55:44,511 [s2-impl-thread1] INFO  server.RaftServerConfigKeys (ConfUtils.java:logGet(46)) - raft.server.storage.dir = [/home/runner/work/ratis/ratis/ratis-test/target/test/data/1b1d21a/MiniRaftClusterWithGrpc6b0c9bf9/s2] (custom)
2023-12-01 03:55:44,511 [s2-impl-thread1] INFO  storage.RaftStorageDirectory (RaftStorageDirectoryImpl.java:analyzeStorage(138)) - The storage directory /home/runner/work/ratis/ratis/ratis-test/target/test/data/1b1d21a/MiniRaftClusterWithGrpc6b0c9bf9/s2/9c4a8896-46ed-4005-9fd6-fb8ffdfffb35 does not exist. Creating ...
2023-12-01 03:55:44,511 [s2-impl-thread1] TRACE util.FileUtils (LogUtils.java:runAndLog(49)) - Successfully ran Files.createDirectories /home/runner/work/ratis/ratis/ratis-test/target/test/data/1b1d21a/MiniRaftClusterWithGrpc6b0c9bf9/s2/9c4a8896-46ed-4005-9fd6-fb8ffdfffb35
2023-12-01 03:55:44,512 [s2-impl-thread1] INFO  storage.RaftStorageDirectory (RaftStorageDirectoryImpl.java:tryLock(232)) - Lock on /home/runner/work/ratis/ratis/ratis-test/target/test/data/1b1d21a/MiniRaftClusterWithGrpc6b0c9bf9/s2/9c4a8896-46ed-4005-9fd6-fb8ffdfffb35/in_use.lock acquired by nodename 4676@fv-az912-722
2023-12-01 03:55:44,512 [s2-impl-thread1] TRACE util.FileUtils (LogUtils.java:runAndLog(49)) - Successfully ran Files.createDirectories /home/runner/work/ratis/ratis/ratis-test/target/test/data/1b1d21a/MiniRaftClusterWithGrpc6b0c9bf9/s2/9c4a8896-46ed-4005-9fd6-fb8ffdfffb35/current
2023-12-01 03:55:44,512 [s2-impl-thread1] TRACE util.FileUtils (LogUtils.java:runAndLog(49)) - Successfully ran Files.createDirectories /home/runner/work/ratis/ratis/ratis-test/target/test/data/1b1d21a/MiniRaftClusterWithGrpc6b0c9bf9/s2/9c4a8896-46ed-4005-9fd6-fb8ffdfffb35/sm
2023-12-01 03:55:44,513 [s2-impl-thread1] TRACE util.FileUtils (LogUtils.java:supplyAndLog(69)) - Successfully supplied FileChannel.open /home/runner/work/ratis/ratis/ratis-test/target/test/data/1b1d21a/MiniRaftClusterWithGrpc6b0c9bf9/s2/9c4a8896-46ed-4005-9fd6-fb8ffdfffb35/current/raft-meta.tmp with options [CREATE, WRITE]: sun.nio.ch.FileChannelImpl@5cad9591
2023-12-01 03:55:44,513 [s2-impl-thread1] TRACE util.FileUtils (LogUtils.java:runAndLog(49)) - Successfully ran Atomic Files.move /home/runner/work/ratis/ratis/ratis-test/target/test/data/1b1d21a/MiniRaftClusterWithGrpc6b0c9bf9/s2/9c4a8896-46ed-4005-9fd6-fb8ffdfffb35/current/raft-meta.tmp to /home/runner/work/ratis/ratis/ratis-test/target/test/data/1b1d21a/MiniRaftClusterWithGrpc6b0c9bf9/s2/9c4a8896-46ed-4005-9fd6-fb8ffdfffb35/current/raft-meta with options [REPLACE_EXISTING]
2023-12-01 03:55:44,513 [s2-impl-thread1] INFO  storage.RaftStorage (RaftStorageImpl.java:format(99)) - Storage directory /home/runner/work/ratis/ratis/ratis-test/target/test/data/1b1d21a/MiniRaftClusterWithGrpc6b0c9bf9/s2/9c4a8896-46ed-4005-9fd6-fb8ffdfffb35 has been successfully formatted.
2023-12-01 03:55:44,514 [s2-impl-thread1] TRACE util.FileUtils (LogUtils.java:supplyAndLog(61)) - Failed to Files.newInputStream /home/runner/work/ratis/ratis/ratis-test/target/test/data/1b1d21a/MiniRaftClusterWithGrpc6b0c9bf9/s2/9c4a8896-46ed-4005-9fd6-fb8ffdfffb35/current/raft-meta.conf with options []
java.nio.file.NoSuchFileException: /home/runner/work/ratis/ratis/ratis-test/target/test/data/1b1d21a/MiniRaftClusterWithGrpc6b0c9bf9/s2/9c4a8896-46ed-4005-9fd6-fb8ffdfffb35/current/raft-meta.conf
	at java.base/sun.nio.fs.UnixException.translateToIOException(UnixException.java:92)
	at java.base/sun.nio.fs.UnixException.rethrowAsIOException(UnixException.java:111)
	at java.base/sun.nio.fs.UnixException.rethrowAsIOException(UnixException.java:116)
	at java.base/sun.nio.fs.UnixFileSystemProvider.newByteChannel(UnixFileSystemProvider.java:219)
	at java.base/java.nio.file.Files.newByteChannel(Files.java:371)
	at java.base/java.nio.file.Files.newByteChannel(Files.java:422)
	at java.base/java.nio.file.spi.FileSystemProvider.newInputStream(FileSystemProvider.java:420)
	at java.base/java.nio.file.Files.newInputStream(Files.java:156)
	at org.apache.ratis.util.FileUtils.lambda$newInputStream$2(FileUtils.java:73)
	at org.apache.ratis.util.LogUtils.supplyAndLog(LogUtils.java:58)
	at org.apache.ratis.util.FileUtils.newInputStream(FileUtils.java:72)
	at org.apache.ratis.util.FileUtils.newInputStream(FileUtils.java:68)
	at org.apache.ratis.server.storage.RaftStorageImpl.readRaftConfiguration(RaftStorageImpl.java:156)
	at org.apache.ratis.server.impl.ServerState.initialize(ServerState.java:141)
	at org.apache.ratis.server.impl.RaftServerImpl.start(RaftServerImpl.java:388)
	at org.apache.ratis.util.ConcurrentUtils.accept(ConcurrentUtils.java:203)
	at org.apache.ratis.util.ConcurrentUtils.lambda$parallelForEachAsync$4(ConcurrentUtils.java:182)
	at java.base/java.util.concurrent.ThreadPoolExecutor.runWorker(ThreadPoolExecutor.java:1128)
	at java.base/java.util.concurrent.ThreadPoolExecutor$Worker.run(ThreadPoolExecutor.java:628)
	at java.base/java.lang.Thread.run(Thread.java:829)
2023-12-01 03:55:44,514 [s2-impl-thread1] INFO  impl.SimpleStateMachine4Testing (SimpleStateMachine4Testing.java:initialize(213)) - Initializing SimpleStateMachine4Testing:uninitialized
2023-12-01 03:55:44,514 [s2-impl-thread1] INFO  impl.SimpleStateMachine4Testing (SimpleStateMachine4Testing.java:loadSnapshot(296)) - Loading snapshot null
2023-12-01 03:55:44,514 [s2-impl-thread1] INFO  server.RaftServerConfigKeys (ConfUtils.java:logGet(46)) - raft.server.log.use.memory = false (default)
2023-12-01 03:55:44,514 [s2-impl-thread1] INFO  server.RaftServerConfigKeys (ConfUtils.java:logGet(46)) - raft.server.log.purge.gap = 1024 (default)
2023-12-01 03:55:44,514 [s2-impl-thread1] INFO  server.RaftServerConfigKeys (ConfUtils.java:logGet(46)) - raft.server.log.appender.buffer.byte-limit = 4MB (=4194304) (default)
2023-12-01 03:55:44,514 [s2-impl-thread1] INFO  server.RaftServerConfigKeys (ConfUtils.java:logGet(46)) - raft.server.log.statemachine.data.read.timeout = 1000ms (default)
2023-12-01 03:55:44,514 [s2-impl-thread1] INFO  server.RaftServerConfigKeys (ConfUtils.java:logGet(46)) - raft.server.log.purge.preservation.log.num = 0 (default)
2023-12-01 03:55:44,515 [s2-impl-thread1] INFO  server.RaftServerConfigKeys (ConfUtils.java:logGet(46)) - raft.server.log.segment.size.max = 32MB (=33554432) (default)
2023-12-01 03:55:44,515 [s2-impl-thread1] INFO  server.RaftServerConfigKeys (ConfUtils.java:logGet(46)) - raft.server.log.segment.cache.num.max = 6 (default)
2023-12-01 03:55:44,515 [s2-impl-thread1] INFO  server.RaftServerConfigKeys (ConfUtils.java:logGet(46)) - raft.server.log.segment.cache.size.max = 200MB (=209715200) (default)
2023-12-01 03:55:44,515 [s2-impl-thread1] INFO  server.RaftServerConfigKeys (ConfUtils.java:logGet(46)) - raft.server.log.appender.buffer.byte-limit = 4MB (=4194304) (default)
2023-12-01 03:55:44,515 [s2-impl-thread1] INFO  util.AwaitToRun (AwaitToRun.java:start(81)) - Thread[s2@group-FB8FFDFFFB35-cacheEviction-AwaitToRun,5,main] started
2023-12-01 03:55:44,515 [s2-impl-thread1] INFO  segmented.SegmentedRaftLogWorker (SegmentedRaftLogWorker.java:<init>(182)) - new s2@group-FB8FFDFFFB35-SegmentedRaftLogWorker for RaftStorageImpl:Storage Directory /home/runner/work/ratis/ratis/ratis-test/target/test/data/1b1d21a/MiniRaftClusterWithGrpc6b0c9bf9/s2/9c4a8896-46ed-4005-9fd6-fb8ffdfffb35
2023-12-01 03:55:44,515 [s2-impl-thread1] INFO  server.RaftServerConfigKeys (ConfUtils.java:logGet(46)) - raft.server.log.queue.byte-limit = 64MB (=67108864) (default)
2023-12-01 03:55:44,515 [s2-impl-thread1] INFO  server.RaftServerConfigKeys (ConfUtils.java:logGet(46)) - raft.server.log.queue.element-limit = 4096 (default)
2023-12-01 03:55:44,515 [s2-impl-thread1] INFO  server.RaftServerConfigKeys (ConfUtils.java:logGet(46)) - raft.server.log.segment.size.max = 32MB (=33554432) (default)
2023-12-01 03:55:44,515 [s2-impl-thread1] INFO  server.RaftServerConfigKeys (ConfUtils.java:logGet(46)) - raft.server.log.preallocated.size = 4MB (=4194304) (default)
2023-12-01 03:55:44,515 [s2-impl-thread1] INFO  server.RaftServerConfigKeys (ConfUtils.java:logGet(46)) - raft.server.log.force.sync.num = 128 (default)
2023-12-01 03:55:44,515 [s2-impl-thread1] INFO  server.RaftServerConfigKeys (ConfUtils.java:logGet(46)) - raft.server.log.statemachine.data.sync = true (default)
2023-12-01 03:55:44,516 [s2-impl-thread1] INFO  server.RaftServerConfigKeys (ConfUtils.java:logGet(46)) - raft.server.log.statemachine.data.sync.timeout = 10s (default)
2023-12-01 03:55:44,516 [s2-impl-thread1] INFO  server.RaftServerConfigKeys (ConfUtils.java:logGet(46)) - raft.server.log.statemachine.data.sync.timeout.retry = -1 (default)
2023-12-01 03:55:44,516 [s2-impl-thread1] INFO  server.RaftServerConfigKeys (ConfUtils.java:logGet(46)) - raft.server.log.write.buffer.size = 8MB (=8388608) (default)
2023-12-01 03:55:44,517 [s2-impl-thread1] INFO  server.RaftServerConfigKeys (ConfUtils.java:logGet(46)) - raft.server.log.appender.buffer.byte-limit = 4MB (=4194304) (default)
2023-12-01 03:55:44,517 [s2-impl-thread1] INFO  server.RaftServerConfigKeys (ConfUtils.java:logGet(46)) - raft.server.log.unsafe-flush.enabled = false (default)
2023-12-01 03:55:44,517 [s2-impl-thread1] INFO  server.RaftServerConfigKeys (ConfUtils.java:logGet(46)) - raft.server.log.async-flush.enabled = false (default)
2023-12-01 03:55:44,517 [s2-impl-thread1] INFO  server.RaftServerConfigKeys (ConfUtils.java:logGet(46)) - raft.server.log.statemachine.data.caching.enabled = false (default)
2023-12-01 03:55:44,517 [s2-impl-thread1] INFO  segmented.SegmentedRaftLogWorker (SegmentedRaftLogWorker.java:lambda$new$0(134)) - s2@group-FB8FFDFFFB35-SegmentedRaftLogWorker: flushIndex: setUnconditionally 0 -> -1
2023-12-01 03:55:44,517 [s2-impl-thread1] INFO  segmented.SegmentedRaftLogWorker (SegmentedRaftLogWorker.java:lambda$new$0(134)) - s2@group-FB8FFDFFFB35-SegmentedRaftLogWorker: safeCacheEvictIndex: setUnconditionally 0 -> -1
2023-12-01 03:55:44,517 [s2-impl-thread1] INFO  server.RaftServer$Division (RaftServerImpl.java:start(392)) - s2@group-FB8FFDFFFB35: start as a follower, conf=-1: peers:[s0|localhost:36945, s1|localhost:46399, s2|localhost:40585]|listeners:[], old=null
2023-12-01 03:55:44,517 [s2-impl-thread1] INFO  server.RaftServer$Division (RaftServerImpl.java:setRole(379)) - s2@group-FB8FFDFFFB35: changes role from      null to FOLLOWER at term 0 for startAsFollower
2023-12-01 03:55:44,518 [s2-impl-thread1] INFO  impl.RoleInfo (RoleInfo.java:updateAndGet(139)) - s2: start s2@group-FB8FFDFFFB35-FollowerState
2023-12-01 03:55:44,518 [s2@group-FB8FFDFFFB35-FollowerState] INFO  server.RaftServerConfigKeys (ConfUtils.java:logFallback(53)) - raft.server.rpc.first-election.timeout.min = 150ms (fallback to raft.server.rpc.timeout.min)
2023-12-01 03:55:44,518 [s2@group-FB8FFDFFFB35-FollowerState] INFO  server.RaftServerConfigKeys (ConfUtils.java:logFallback(53)) - raft.server.rpc.first-election.timeout.max = 300ms (fallback to raft.server.rpc.timeout.max)
2023-12-01 03:55:44,518 [s2-impl-thread1] INFO  util.JmxRegister (JmxRegister.java:tryRegister(44)) - Successfully registered JMX Bean with object name Ratis:service=RaftServer,group=group-FB8FFDFFFB35,id=s2
2023-12-01 03:55:44,518 [s2-impl-thread1] INFO  server.RaftServerConfigKeys (ConfUtils.java:logGet(46)) - raft.server.snapshot.trigger-when-stop.enabled = true (default)
2023-12-01 03:55:44,518 [s2-impl-thread1] INFO  server.RaftServerConfigKeys (ConfUtils.java:logGet(46)) - raft.server.snapshot.auto.trigger.enabled = false (default)
2023-12-01 03:55:44,518 [s2-impl-thread1] INFO  server.RaftServerConfigKeys (ConfUtils.java:logGet(46)) - raft.server.snapshot.retention.file.num = -1 (default)
2023-12-01 03:55:44,518 [s2-impl-thread1] INFO  server.RaftServerConfigKeys (ConfUtils.java:logGet(46)) - raft.server.log.purge.upto.snapshot.index = false (default)
2023-12-01 03:55:44,518 [Time-limited test] INFO  server.RaftServer (RaftServerProxy.java:startImpl(406)) - s2: start RPC server
2023-12-01 03:55:44,519 [Time-limited test] INFO  server.GrpcService (GrpcService.java:startImpl(302)) - s2: GrpcService started, listening on 34227
2023-12-01 03:55:44,520 [Time-limited test] INFO  server.GrpcService (GrpcService.java:startImpl(302)) - s2: GrpcService started, listening on 40585
2023-12-01 03:55:44,522 [Time-limited test] INFO  server.GrpcService (GrpcService.java:startImpl(302)) - s2: GrpcService started, listening on 43443
2023-12-01 03:55:44,522 [JvmPauseMonitor5] INFO  util.JvmPauseMonitor (JvmPauseMonitor.java:run(146)) - JvmPauseMonitor-s2: Started
2023-12-01 03:55:44,524 [Time-limited test] INFO  server.RaftServerConfigKeys (ConfUtils.java:logGet(46)) - raft.server.rpc.timeout.max = 300ms (default)
2023-12-01 03:55:44,525 [Time-limited test] INFO  ratis.RaftTestUtil (RaftTestUtil.java:waitForLeader(100)) - printing ALL groups
  s0:  RUNNING  FOLLOWER s0@group-FB8FFDFFFB35:t0, leader=null, voted=, raftlog=Memoized:s0@group-FB8FFDFFFB35-SegmentedRaftLog:OPENED:c-1, conf=-1: peers:[s0|localhost:36945, s1|localhost:46399, s2|localhost:40585]|listeners:[], old=null RUNNING
  s1:  RUNNING  FOLLOWER s1@group-FB8FFDFFFB35:t0, leader=null, voted=, raftlog=Memoized:s1@group-FB8FFDFFFB35-SegmentedRaftLog:OPENED:c-1, conf=-1: peers:[s0|localhost:36945, s1|localhost:46399, s2|localhost:40585]|listeners:[], old=null RUNNING
  s2:  RUNNING  FOLLOWER s2@group-FB8FFDFFFB35:t0, leader=null, voted=, raftlog=Memoized:s2@group-FB8FFDFFFB35-SegmentedRaftLog:OPENED:c-1, conf=-1: peers:[s0|localhost:36945, s1|localhost:46399, s2|localhost:40585]|listeners:[], old=null RUNNING
2023-12-01 03:55:44,525 [Time-limited test] WARN  ratis.RaftTestUtil (JavaUtils.java:attempt(223)) - FAILED "waitForLeader-null-(expectLeader? true)", attempt #1/100: java.lang.IllegalStateException: No leader yet : printing ALL groups
  s0:  RUNNING  FOLLOWER s0@group-FB8FFDFFFB35:t0, leader=null, voted=, raftlog=Memoized:s0@group-FB8FFDFFFB35-SegmentedRaftLog:OPENED:c-1, conf=-1: peers:[s0|localhost:36945, s1|localhost:46399, s2|localhost:40585]|listeners:[], old=null RUNNING
  s1:  RUNNING  FOLLOWER s1@group-FB8FFDFFFB35:t0, leader=null, voted=, raftlog=Memoized:s1@group-FB8FFDFFFB35-SegmentedRaftLog:OPENED:c-1, conf=-1: peers:[s0|localhost:36945, s1|localhost:46399, s2|localhost:40585]|listeners:[], old=null RUNNING
  s2:  RUNNING  FOLLOWER s2@group-FB8FFDFFFB35:t0, leader=null, voted=, raftlog=Memoized:s2@group-FB8FFDFFFB35-SegmentedRaftLog:OPENED:c-1, conf=-1: peers:[s0|localhost:36945, s1|localhost:46399, s2|localhost:40585]|listeners:[], old=null RUNNING, sleep 450ms and then retry.
java.lang.IllegalStateException: No leader yet : printing ALL groups
  s0:  RUNNING  FOLLOWER s0@group-FB8FFDFFFB35:t0, leader=null, voted=, raftlog=Memoized:s0@group-FB8FFDFFFB35-SegmentedRaftLog:OPENED:c-1, conf=-1: peers:[s0|localhost:36945, s1|localhost:46399, s2|localhost:40585]|listeners:[], old=null RUNNING
  s1:  RUNNING  FOLLOWER s1@group-FB8FFDFFFB35:t0, leader=null, voted=, raftlog=Memoized:s1@group-FB8FFDFFFB35-SegmentedRaftLog:OPENED:c-1, conf=-1: peers:[s0|localhost:36945, s1|localhost:46399, s2|localhost:40585]|listeners:[], old=null RUNNING
  s2:  RUNNING  FOLLOWER s2@group-FB8FFDFFFB35:t0, leader=null, voted=, raftlog=Memoized:s2@group-FB8FFDFFFB35-SegmentedRaftLog:OPENED:c-1, conf=-1: peers:[s0|localhost:36945, s1|localhost:46399, s2|localhost:40585]|listeners:[], old=null RUNNING
	at org.apache.ratis.server.impl.MiniRaftCluster.newIllegalStateExceptionForNoLeaders(MiniRaftCluster.java:581)
	at org.apache.ratis.RaftTestUtil.lambda$waitForLeader$1(RaftTestUtil.java:104)
	at org.apache.ratis.server.impl.MiniRaftCluster.getLeader(MiniRaftCluster.java:615)
	at org.apache.ratis.server.impl.MiniRaftCluster.getLeader(MiniRaftCluster.java:608)
	at org.apache.ratis.RaftTestUtil.lambda$waitForLeader$3(RaftTestUtil.java:112)
	at org.apache.ratis.util.JavaUtils.attempt(JavaUtils.java:217)
	at org.apache.ratis.util.JavaUtils.attemptRepeatedly(JavaUtils.java:203)
	at org.apache.ratis.RaftTestUtil.waitForLeader(RaftTestUtil.java:111)
	at org.apache.ratis.RaftTestUtil.waitForLeader(RaftTestUtil.java:92)
	at org.apache.ratis.RaftTestUtil.waitForLeader(RaftTestUtil.java:87)
	at org.apache.ratis.grpc.TestRetryCacheWithGrpc$InvalidateRepliedCallsTest.<init>(TestRetryCacheWithGrpc.java:76)
	at org.apache.ratis.grpc.TestRetryCacheWithGrpc.lambda$testInvalidateRepliedCalls$0(TestRetryCacheWithGrpc.java:61)
	at org.apache.ratis.server.impl.MiniRaftCluster$Factory$Get.runWithNewCluster(MiniRaftCluster.java:141)
	at org.apache.ratis.server.impl.MiniRaftCluster$Factory$Get.runWithNewCluster(MiniRaftCluster.java:121)
	at org.apache.ratis.grpc.TestRetryCacheWithGrpc.testInvalidateRepliedCalls(TestRetryCacheWithGrpc.java:61)
	at java.base/jdk.internal.reflect.NativeMethodAccessorImpl.invoke0(Native Method)
	at java.base/jdk.internal.reflect.NativeMethodAccessorImpl.invoke(NativeMethodAccessorImpl.java:62)
	at java.base/jdk.internal.reflect.DelegatingMethodAccessorImpl.invoke(DelegatingMethodAccessorImpl.java:43)
	at java.base/java.lang.reflect.Method.invoke(Method.java:566)
	at org.junit.runners.model.FrameworkMethod$1.runReflectiveCall(FrameworkMethod.java:59)
	at org.junit.internal.runners.model.ReflectiveCallable.run(ReflectiveCallable.java:12)
	at org.junit.runners.model.FrameworkMethod.invokeExplosively(FrameworkMethod.java:56)
	at org.junit.internal.runners.statements.InvokeMethod.evaluate(InvokeMethod.java:17)
	at org.junit.internal.runners.statements.RunAfters.evaluate(RunAfters.java:27)
	at org.junit.internal.runners.statements.FailOnTimeout$CallableStatement.call(FailOnTimeout.java:299)
	at org.junit.internal.runners.statements.FailOnTimeout$CallableStatement.call(FailOnTimeout.java:293)
	at java.base/java.util.concurrent.FutureTask.run(FutureTask.java:264)
	at java.base/java.lang.Thread.run(Thread.java:829)
2023-12-01 03:55:44,715 [s1@group-FB8FFDFFFB35-FollowerState] INFO  impl.FollowerState (FollowerState.java:run(143)) - s1@group-FB8FFDFFFB35-FollowerState: change to CANDIDATE, lastRpcElapsedTime:207227468ns, electionTimeout:206ms
2023-12-01 03:55:44,715 [s1@group-FB8FFDFFFB35-FollowerState] INFO  impl.RoleInfo (RoleInfo.java:shutdownFollowerState(110)) - s1: shutdown s1@group-FB8FFDFFFB35-FollowerState
2023-12-01 03:55:44,715 [s1@group-FB8FFDFFFB35-FollowerState] INFO  server.RaftServer$Division (RaftServerImpl.java:setRole(379)) - s1@group-FB8FFDFFFB35: changes role from  FOLLOWER to CANDIDATE at term 0 for changeToCandidate
2023-12-01 03:55:44,716 [s1@group-FB8FFDFFFB35-FollowerState] INFO  server.RaftServerConfigKeys (ConfUtils.java:logGet(46)) - raft.server.leaderelection.pre-vote = true (default)
2023-12-01 03:55:44,716 [s1@group-FB8FFDFFFB35-FollowerState] INFO  impl.RoleInfo (RoleInfo.java:updateAndGet(139)) - s1: start s1@group-FB8FFDFFFB35-LeaderElection5
2023-12-01 03:55:44,716 [s1@group-FB8FFDFFFB35-LeaderElection5] INFO  impl.LeaderElection (LeaderElection.java:askForVotes(323)) - s1@group-FB8FFDFFFB35-LeaderElection5 PRE_VOTE round 0: submit vote requests at term 0 for -1: peers:[s0|localhost:36945, s1|localhost:46399, s2|localhost:40585]|listeners:[], old=null
2023-12-01 03:55:44,717 [s1@group-FB8FFDFFFB35-LeaderElection5-1] INFO  server.GrpcServerProtocolClient (GrpcServerProtocolClient.java:<init>(65)) - Build channel for s0
2023-12-01 03:55:44,717 [s1@group-FB8FFDFFFB35-LeaderElection5] INFO  server.RaftServerConfigKeys (ConfUtils.java:logFallback(53)) - raft.server.rpc.first-election.timeout.min = 150ms (fallback to raft.server.rpc.timeout.min)
2023-12-01 03:55:44,717 [s1@group-FB8FFDFFFB35-LeaderElection5-2] INFO  server.GrpcServerProtocolClient (GrpcServerProtocolClient.java:<init>(65)) - Build channel for s2
2023-12-01 03:55:44,717 [s1@group-FB8FFDFFFB35-LeaderElection5] INFO  server.RaftServerConfigKeys (ConfUtils.java:logFallback(53)) - raft.server.rpc.first-election.timeout.max = 300ms (fallback to raft.server.rpc.timeout.max)
2023-12-01 03:55:44,725 [grpc-default-executor-4] INFO  server.RaftServer$Division (RaftServerImpl.java:requestVote(1377)) - s2@group-FB8FFDFFFB35: receive requestVote(PRE_VOTE, s1, group-FB8FFDFFFB35, 0, (t:0, i:0))
2023-12-01 03:55:44,725 [grpc-default-executor-3] INFO  server.RaftServer$Division (RaftServerImpl.java:requestVote(1377)) - s0@group-FB8FFDFFFB35: receive requestVote(PRE_VOTE, s1, group-FB8FFDFFFB35, 0, (t:0, i:0))
2023-12-01 03:55:44,725 [grpc-default-executor-4] INFO  impl.VoteContext (VoteContext.java:log(49)) - s2@group-FB8FFDFFFB35-FOLLOWER: accept PRE_VOTE from s1: our priority 0 <= candidate's priority 0
2023-12-01 03:55:44,725 [grpc-default-executor-3] INFO  impl.VoteContext (VoteContext.java:log(49)) - s0@group-FB8FFDFFFB35-FOLLOWER: accept PRE_VOTE from s1: our priority 0 <= candidate's priority 0
2023-12-01 03:55:44,725 [grpc-default-executor-4] INFO  server.RaftServer$Division (RaftServerImpl.java:requestVote(1410)) - s2@group-FB8FFDFFFB35 replies to PRE_VOTE vote request: s1<-s2#0:OK-t0. Peer's state: s2@group-FB8FFDFFFB35:t0, leader=null, voted=, raftlog=Memoized:s2@group-FB8FFDFFFB35-SegmentedRaftLog:OPENED:c-1, conf=-1: peers:[s0|localhost:36945, s1|localhost:46399, s2|localhost:40585]|listeners:[], old=null
2023-12-01 03:55:44,725 [grpc-default-executor-3] INFO  server.RaftServer$Division (RaftServerImpl.java:requestVote(1410)) - s0@group-FB8FFDFFFB35 replies to PRE_VOTE vote request: s1<-s0#0:OK-t0. Peer's state: s0@group-FB8FFDFFFB35:t0, leader=null, voted=, raftlog=Memoized:s0@group-FB8FFDFFFB35-SegmentedRaftLog:OPENED:c-1, conf=-1: peers:[s0|localhost:36945, s1|localhost:46399, s2|localhost:40585]|listeners:[], old=null
2023-12-01 03:55:44,726 [s1@group-FB8FFDFFFB35-LeaderElection5] INFO  impl.LeaderElection (LeaderElection.java:logAndReturn(89)) - s1@group-FB8FFDFFFB35-LeaderElection5: PRE_VOTE PASSED received 1 response(s) and 0 exception(s):
2023-12-01 03:55:44,726 [s1@group-FB8FFDFFFB35-LeaderElection5] INFO  impl.LeaderElection (LeaderElection.java:logAndReturn(93)) -   Response 0: s1<-s2#0:OK-t0
2023-12-01 03:55:44,727 [s1@group-FB8FFDFFFB35-LeaderElection5] INFO  impl.LeaderElection (LeaderElection.java:askForVotes(325)) - s1@group-FB8FFDFFFB35-LeaderElection5 PRE_VOTE round 0: result PASSED
2023-12-01 03:55:44,727 [s1@group-FB8FFDFFFB35-LeaderElection5] TRACE util.FileUtils (LogUtils.java:supplyAndLog(69)) - Successfully supplied FileChannel.open /home/runner/work/ratis/ratis/ratis-test/target/test/data/1b1d21a/MiniRaftClusterWithGrpc6b0c9bf9/s1/9c4a8896-46ed-4005-9fd6-fb8ffdfffb35/current/raft-meta.tmp with options [CREATE, WRITE]: sun.nio.ch.FileChannelImpl@f0ba2a4
2023-12-01 03:55:44,728 [s1@group-FB8FFDFFFB35-LeaderElection5] TRACE util.FileUtils (LogUtils.java:runAndLog(49)) - Successfully ran Atomic Files.move /home/runner/work/ratis/ratis/ratis-test/target/test/data/1b1d21a/MiniRaftClusterWithGrpc6b0c9bf9/s1/9c4a8896-46ed-4005-9fd6-fb8ffdfffb35/current/raft-meta.tmp to /home/runner/work/ratis/ratis/ratis-test/target/test/data/1b1d21a/MiniRaftClusterWithGrpc6b0c9bf9/s1/9c4a8896-46ed-4005-9fd6-fb8ffdfffb35/current/raft-meta with options [REPLACE_EXISTING]
2023-12-01 03:55:44,728 [s1@group-FB8FFDFFFB35-LeaderElection5] INFO  impl.LeaderElection (LeaderElection.java:askForVotes(323)) - s1@group-FB8FFDFFFB35-LeaderElection5 ELECTION round 0: submit vote requests at term 1 for -1: peers:[s0|localhost:36945, s1|localhost:46399, s2|localhost:40585]|listeners:[], old=null
2023-12-01 03:55:44,728 [s1@group-FB8FFDFFFB35-LeaderElection5] INFO  server.RaftServerConfigKeys (ConfUtils.java:logFallback(53)) - raft.server.rpc.first-election.timeout.min = 150ms (fallback to raft.server.rpc.timeout.min)
2023-12-01 03:55:44,729 [s1@group-FB8FFDFFFB35-LeaderElection5] INFO  server.RaftServerConfigKeys (ConfUtils.java:logFallback(53)) - raft.server.rpc.first-election.timeout.max = 300ms (fallback to raft.server.rpc.timeout.max)
2023-12-01 03:55:44,730 [grpc-default-executor-3] INFO  server.RaftServer$Division (RaftServerImpl.java:requestVote(1377)) - s0@group-FB8FFDFFFB35: receive requestVote(ELECTION, s1, group-FB8FFDFFFB35, 1, (t:0, i:0))
2023-12-01 03:55:44,730 [grpc-default-executor-3] INFO  impl.VoteContext (VoteContext.java:log(49)) - s0@group-FB8FFDFFFB35-FOLLOWER: accept ELECTION from s1: our priority 0 <= candidate's priority 0
2023-12-01 03:55:44,730 [grpc-default-executor-3] INFO  server.RaftServer$Division (RaftServerImpl.java:setRole(379)) - s0@group-FB8FFDFFFB35: changes role from  FOLLOWER to FOLLOWER at term 1 for candidate:s1
2023-12-01 03:55:44,730 [grpc-default-executor-3] INFO  impl.RoleInfo (RoleInfo.java:shutdownFollowerState(110)) - s0: shutdown s0@group-FB8FFDFFFB35-FollowerState
2023-12-01 03:55:44,730 [grpc-default-executor-4] INFO  server.RaftServer$Division (RaftServerImpl.java:requestVote(1377)) - s2@group-FB8FFDFFFB35: receive requestVote(ELECTION, s1, group-FB8FFDFFFB35, 1, (t:0, i:0))
2023-12-01 03:55:44,730 [s0@group-FB8FFDFFFB35-FollowerState] INFO  impl.FollowerState (FollowerState.java:run(152)) - s0@group-FB8FFDFFFB35-FollowerState was interrupted
2023-12-01 03:55:44,730 [grpc-default-executor-4] INFO  impl.VoteContext (VoteContext.java:log(49)) - s2@group-FB8FFDFFFB35-FOLLOWER: accept ELECTION from s1: our priority 0 <= candidate's priority 0
2023-12-01 03:55:44,730 [grpc-default-executor-3] INFO  impl.RoleInfo (RoleInfo.java:updateAndGet(139)) - s0: start s0@group-FB8FFDFFFB35-FollowerState
2023-12-01 03:55:44,730 [grpc-default-executor-4] INFO  server.RaftServer$Division (RaftServerImpl.java:setRole(379)) - s2@group-FB8FFDFFFB35: changes role from  FOLLOWER to FOLLOWER at term 1 for candidate:s1
2023-12-01 03:55:44,730 [grpc-default-executor-4] INFO  impl.RoleInfo (RoleInfo.java:shutdownFollowerState(110)) - s2: shutdown s2@group-FB8FFDFFFB35-FollowerState
2023-12-01 03:55:44,730 [grpc-default-executor-3] INFO  server.RaftServer$Division (RaftServerImpl.java:setFirstElection(564)) - s0@group-FB8FFDFFFB35: set firstElectionSinceStartup to false for candidate:s1
2023-12-01 03:55:44,731 [grpc-default-executor-4] INFO  impl.RoleInfo (RoleInfo.java:updateAndGet(139)) - s2: start s2@group-FB8FFDFFFB35-FollowerState
2023-12-01 03:55:44,731 [s2@group-FB8FFDFFFB35-FollowerState] INFO  impl.FollowerState (FollowerState.java:run(152)) - s2@group-FB8FFDFFFB35-FollowerState was interrupted
2023-12-01 03:55:44,731 [grpc-default-executor-3] TRACE util.FileUtils (LogUtils.java:supplyAndLog(69)) - Successfully supplied FileChannel.open /home/runner/work/ratis/ratis/ratis-test/target/test/data/1b1d21a/MiniRaftClusterWithGrpc6b0c9bf9/s0/9c4a8896-46ed-4005-9fd6-fb8ffdfffb35/current/raft-meta.tmp with options [CREATE, WRITE]: sun.nio.ch.FileChannelImpl@174ba4c2
2023-12-01 03:55:44,731 [grpc-default-executor-4] INFO  server.RaftServer$Division (RaftServerImpl.java:setFirstElection(564)) - s2@group-FB8FFDFFFB35: set firstElectionSinceStartup to false for candidate:s1
2023-12-01 03:55:44,731 [grpc-default-executor-4] TRACE util.FileUtils (LogUtils.java:supplyAndLog(69)) - Successfully supplied FileChannel.open /home/runner/work/ratis/ratis/ratis-test/target/test/data/1b1d21a/MiniRaftClusterWithGrpc6b0c9bf9/s2/9c4a8896-46ed-4005-9fd6-fb8ffdfffb35/current/raft-meta.tmp with options [CREATE, WRITE]: sun.nio.ch.FileChannelImpl@35bddea2
2023-12-01 03:55:44,734 [grpc-default-executor-3] TRACE util.FileUtils (LogUtils.java:runAndLog(49)) - Successfully ran Atomic Files.move /home/runner/work/ratis/ratis/ratis-test/target/test/data/1b1d21a/MiniRaftClusterWithGrpc6b0c9bf9/s0/9c4a8896-46ed-4005-9fd6-fb8ffdfffb35/current/raft-meta.tmp to /home/runner/work/ratis/ratis/ratis-test/target/test/data/1b1d21a/MiniRaftClusterWithGrpc6b0c9bf9/s0/9c4a8896-46ed-4005-9fd6-fb8ffdfffb35/current/raft-meta with options [REPLACE_EXISTING]
2023-12-01 03:55:44,734 [grpc-default-executor-3] INFO  server.RaftServer$Division (RaftServerImpl.java:requestVote(1410)) - s0@group-FB8FFDFFFB35 replies to ELECTION vote request: s1<-s0#0:OK-t1. Peer's state: s0@group-FB8FFDFFFB35:t1, leader=null, voted=s1, raftlog=Memoized:s0@group-FB8FFDFFFB35-SegmentedRaftLog:OPENED:c-1, conf=-1: peers:[s0|localhost:36945, s1|localhost:46399, s2|localhost:40585]|listeners:[], old=null
2023-12-01 03:55:44,734 [grpc-default-executor-4] TRACE util.FileUtils (LogUtils.java:runAndLog(49)) - Successfully ran Atomic Files.move /home/runner/work/ratis/ratis/ratis-test/target/test/data/1b1d21a/MiniRaftClusterWithGrpc6b0c9bf9/s2/9c4a8896-46ed-4005-9fd6-fb8ffdfffb35/current/raft-meta.tmp to /home/runner/work/ratis/ratis/ratis-test/target/test/data/1b1d21a/MiniRaftClusterWithGrpc6b0c9bf9/s2/9c4a8896-46ed-4005-9fd6-fb8ffdfffb35/current/raft-meta with options [REPLACE_EXISTING]
2023-12-01 03:55:44,734 [grpc-default-executor-4] INFO  server.RaftServer$Division (RaftServerImpl.java:requestVote(1410)) - s2@group-FB8FFDFFFB35 replies to ELECTION vote request: s1<-s2#0:OK-t1. Peer's state: s2@group-FB8FFDFFFB35:t1, leader=null, voted=s1, raftlog=Memoized:s2@group-FB8FFDFFFB35-SegmentedRaftLog:OPENED:c-1, conf=-1: peers:[s0|localhost:36945, s1|localhost:46399, s2|localhost:40585]|listeners:[], old=null
2023-12-01 03:55:44,735 [s1@group-FB8FFDFFFB35-LeaderElection5] INFO  impl.LeaderElection (LeaderElection.java:logAndReturn(89)) - s1@group-FB8FFDFFFB35-LeaderElection5: ELECTION PASSED received 1 response(s) and 0 exception(s):
2023-12-01 03:55:44,736 [s1@group-FB8FFDFFFB35-LeaderElection5] INFO  impl.LeaderElection (LeaderElection.java:logAndReturn(93)) -   Response 0: s1<-s2#0:OK-t1
2023-12-01 03:55:44,736 [s1@group-FB8FFDFFFB35-LeaderElection5] INFO  impl.LeaderElection (LeaderElection.java:askForVotes(325)) - s1@group-FB8FFDFFFB35-LeaderElection5 ELECTION round 0: result PASSED
2023-12-01 03:55:44,736 [s1@group-FB8FFDFFFB35-LeaderElection5] INFO  impl.RoleInfo (RoleInfo.java:shutdownLeaderElection(130)) - s1: shutdown s1@group-FB8FFDFFFB35-LeaderElection5
2023-12-01 03:55:44,736 [s1@group-FB8FFDFFFB35-LeaderElection5] INFO  server.RaftServer$Division (RaftServerImpl.java:setRole(379)) - s1@group-FB8FFDFFFB35: changes role from CANDIDATE to LEADER at term 1 for changeToLeader
2023-12-01 03:55:44,736 [s1@group-FB8FFDFFFB35-LeaderElection5] INFO  server.RaftServerConfigKeys (ConfUtils.java:logGet(46)) - raft.server.staging.catchup.gap = 1000 (default)
2023-12-01 03:55:44,736 [s1@group-FB8FFDFFFB35-LeaderElection5] INFO  server.RaftServerConfigKeys (ConfUtils.java:logGet(46)) - raft.server.write.element-limit = 4096 (default)
2023-12-01 03:55:44,736 [s1@group-FB8FFDFFFB35-LeaderElection5] INFO  server.RaftServerConfigKeys (ConfUtils.java:logGet(46)) - raft.server.write.byte-limit = 64MB (=67108864) (default)
2023-12-01 03:55:44,736 [s1@group-FB8FFDFFFB35-LeaderElection5] INFO  server.RaftServerConfigKeys (ConfUtils.java:logGet(46)) - raft.server.watch.timeout = 10s (default)
2023-12-01 03:55:44,736 [s1@group-FB8FFDFFFB35-LeaderElection5] INFO  server.RaftServerConfigKeys (ConfUtils.java:logGet(46)) - raft.server.watch.timeout.denomination = 1s (default)
2023-12-01 03:55:44,736 [s1@group-FB8FFDFFFB35-LeaderElection5] INFO  server.RaftServerConfigKeys (ConfUtils.java:logGet(46)) - raft.server.watch.element-limit = 65536 (default)
2023-12-01 03:55:44,737 [s1@group-FB8FFDFFFB35-LeaderElection5] INFO  server.RaftServerConfigKeys (ConfUtils.java:logGet(46)) - raft.server.read.leader.lease.enabled = false (default)
2023-12-01 03:55:44,737 [s1@group-FB8FFDFFFB35-LeaderElection5] INFO  server.RaftServerConfigKeys (ConfUtils.java:logGet(46)) - raft.server.read.leader.lease.timeout.ratio = 0.9 (default)
2023-12-01 03:55:44,737 [s1@group-FB8FFDFFFB35-LeaderElection5] INFO  server.RaftServerConfigKeys (ConfUtils.java:logGet(46)) - raft.server.rpc.timeout.min = 150ms (default)
2023-12-01 03:55:44,737 [s1@group-FB8FFDFFFB35-LeaderElection5] INFO  server.RaftServerConfigKeys (ConfUtils.java:logGet(46)) - raft.server.write.element-limit = 4096 (default)
2023-12-01 03:55:44,737 [s1@group-FB8FFDFFFB35-LeaderElection5] INFO  server.RaftServerConfigKeys (ConfUtils.java:logGet(46)) - raft.server.write.follower.gap.ratio.max = -1.0 (default)
2023-12-01 03:55:44,737 [s1@group-FB8FFDFFFB35-LeaderElection5] INFO  server.RaftServerConfigKeys (ConfUtils.java:logGet(46)) - raft.server.log.appender.snapshot.chunk.size.max = 16MB (=16777216) (default)
2023-12-01 03:55:44,737 [s1@group-FB8FFDFFFB35-LeaderElection5] INFO  server.RaftServerConfigKeys (ConfUtils.java:logGet(46)) - raft.server.log.appender.buffer.byte-limit = 4MB (=4194304) (default)
2023-12-01 03:55:44,737 [s1@group-FB8FFDFFFB35-LeaderElection5] INFO  server.RaftServerConfigKeys (ConfUtils.java:logGet(46)) - raft.server.log.appender.buffer.element-limit = 0 (default)
2023-12-01 03:55:44,737 [s1@group-FB8FFDFFFB35-LeaderElection5] INFO  server.RaftServerConfigKeys (ConfUtils.java:logGet(46)) - raft.server.log.appender.wait-time.min = 1ms (default)
2023-12-01 03:55:44,737 [s1@group-FB8FFDFFFB35-LeaderElection5] INFO  grpc.GrpcConfigKeys (ConfUtils.java:logGet(46)) - raft.grpc.server.leader.outstanding.appends.max = 8 (default)
2023-12-01 03:55:44,737 [s1@group-FB8FFDFFFB35-LeaderElection5] INFO  server.RaftServerConfigKeys (ConfUtils.java:logGet(46)) - raft.server.rpc.request.timeout = 3000ms (default)
2023-12-01 03:55:44,737 [s1@group-FB8FFDFFFB35-LeaderElection5] INFO  grpc.GrpcConfigKeys (ConfUtils.java:logGet(46)) - raft.grpc.server.install_snapshot.request.element-limit = 8 (default)
2023-12-01 03:55:44,738 [s1@group-FB8FFDFFFB35-LeaderElection5] INFO  grpc.GrpcConfigKeys (ConfUtils.java:logGet(46)) - raft.grpc.server.install_snapshot.request.timeout = 3000ms (default)
2023-12-01 03:55:44,738 [s1@group-FB8FFDFFFB35-LeaderElection5] INFO  server.RaftServerConfigKeys (ConfUtils.java:logGet(46)) - raft.server.log.appender.install.snapshot.enabled = true (default)
2023-12-01 03:55:44,738 [s1@group-FB8FFDFFFB35-LeaderElection5] INFO  grpc.GrpcConfigKeys (ConfUtils.java:logGet(46)) - raft.grpc.server.heartbeat.channel = true (default)
2023-12-01 03:55:44,738 [s1@group-FB8FFDFFFB35-LeaderElection5] INFO  server.RaftServerConfigKeys (ConfUtils.java:logGet(46)) - raft.server.log.appender.snapshot.chunk.size.max = 16MB (=16777216) (default)
2023-12-01 03:55:44,738 [s1@group-FB8FFDFFFB35-LeaderElection5] INFO  server.RaftServerConfigKeys (ConfUtils.java:logGet(46)) - raft.server.log.appender.buffer.byte-limit = 4MB (=4194304) (default)
2023-12-01 03:55:44,738 [s1@group-FB8FFDFFFB35-LeaderElection5] INFO  server.RaftServerConfigKeys (ConfUtils.java:logGet(46)) - raft.server.log.appender.buffer.element-limit = 0 (default)
2023-12-01 03:55:44,739 [s1@group-FB8FFDFFFB35-LeaderElection5] INFO  server.RaftServerConfigKeys (ConfUtils.java:logGet(46)) - raft.server.log.appender.wait-time.min = 1ms (default)
2023-12-01 03:55:44,739 [s1@group-FB8FFDFFFB35-LeaderElection5] INFO  grpc.GrpcConfigKeys (ConfUtils.java:logGet(46)) - raft.grpc.server.leader.outstanding.appends.max = 8 (default)
2023-12-01 03:55:44,739 [s1@group-FB8FFDFFFB35-LeaderElection5] INFO  server.RaftServerConfigKeys (ConfUtils.java:logGet(46)) - raft.server.rpc.request.timeout = 3000ms (default)
2023-12-01 03:55:44,739 [s1@group-FB8FFDFFFB35-LeaderElection5] INFO  grpc.GrpcConfigKeys (ConfUtils.java:logGet(46)) - raft.grpc.server.install_snapshot.request.element-limit = 8 (default)
2023-12-01 03:55:44,739 [s1@group-FB8FFDFFFB35-LeaderElection5] INFO  grpc.GrpcConfigKeys (ConfUtils.java:logGet(46)) - raft.grpc.server.install_snapshot.request.timeout = 3000ms (default)
2023-12-01 03:55:44,739 [s1@group-FB8FFDFFFB35-LeaderElection5] INFO  server.RaftServerConfigKeys (ConfUtils.java:logGet(46)) - raft.server.log.appender.install.snapshot.enabled = true (default)
2023-12-01 03:55:44,739 [s1@group-FB8FFDFFFB35-LeaderElection5] INFO  grpc.GrpcConfigKeys (ConfUtils.java:logGet(46)) - raft.grpc.server.heartbeat.channel = true (default)
2023-12-01 03:55:44,739 [s1@group-FB8FFDFFFB35-LeaderElection5] INFO  impl.RoleInfo (RoleInfo.java:updateAndGet(139)) - s1: start s1@group-FB8FFDFFFB35-LeaderStateImpl
2023-12-01 03:55:44,739 [s1@group-FB8FFDFFFB35-LeaderElection5] INFO  server.RaftServer$Division (RaftServerImpl.java:setFirstElection(564)) - s1@group-FB8FFDFFFB35: set firstElectionSinceStartup to false for becomeLeader
2023-12-01 03:55:44,739 [s1@group-FB8FFDFFFB35-LeaderElection5] INFO  server.RaftServer$Division (ServerState.java:setLeader(265)) - s1@group-FB8FFDFFFB35: change Leader from null to s1 at term 1 for becomeLeader, leader elected after 255ms
2023-12-01 03:55:44,739 [s1@group-FB8FFDFFFB35-LeaderElection5] INFO  segmented.SegmentedRaftLogWorker (SegmentedRaftLogWorker.java:startLogSegment(430)) - s1@group-FB8FFDFFFB35-SegmentedRaftLogWorker: Starting segment from index:0
2023-12-01 03:55:44,740 [s1@group-FB8FFDFFFB35-LeaderElection5] INFO  server.RaftServer$Division (ServerState.java:setRaftConf(382)) - s1@group-FB8FFDFFFB35: set configuration 0: peers:[s0|localhost:36945, s1|localhost:46399, s2|localhost:40585]|listeners:[], old=null
2023-12-01 03:55:44,740 [s1@group-FB8FFDFFFB35-SegmentedRaftLogWorker] INFO  segmented.BufferedWriteChannel (BufferedWriteChannel.java:open(62)) - open log_inprogress_0 at position 0
2023-12-01 03:55:44,747 [s2-server-thread1] INFO  server.RaftServer$Division (ServerState.java:setLeader(265)) - s2@group-FB8FFDFFFB35: change Leader from null to s1 at term 1 for appendEntries, leader elected after 259ms
2023-12-01 03:55:44,749 [s1@group-FB8FFDFFFB35-SegmentedRaftLogWorker] INFO  segmented.SegmentedRaftLogWorker (SegmentedRaftLogWorker.java:execute(634)) - s1@group-FB8FFDFFFB35-SegmentedRaftLogWorker: created new log segment /home/runner/work/ratis/ratis/ratis-test/target/test/data/1b1d21a/MiniRaftClusterWithGrpc6b0c9bf9/s1/9c4a8896-46ed-4005-9fd6-fb8ffdfffb35/current/log_inprogress_0
2023-12-01 03:55:44,753 [s0-server-thread2] DEBUG server.RaftServer$Division (RaftServerImpl.java:logAppendEntries(1504)) - s0@group-FB8FFDFFFB35: receive appendEntries(s1, 1, null, -1, true, commits:[s1:c-1, s0:c-1, s2:c-1], cId:1, entries: [(t:1, i:0), CONFIGURATIONENTRY(current:id: "s0"
address: "localhost:36945"
dataStreamAddress: "localhost:44311"
clientAddress: "localhost:34265"
adminAddress: "localhost:42549"
startupRole: FOLLOWER
,id: "s1"
address: "localhost:46399"
dataStreamAddress: "localhost:41479"
clientAddress: "localhost:36299"
adminAddress: "localhost:44221"
startupRole: FOLLOWER
,id: "s2"
address: "localhost:40585"
dataStreamAddress: "localhost:34081"
clientAddress: "localhost:34227"
adminAddress: "localhost:43443"
startupRole: FOLLOWER
, old:)]
2023-12-01 03:55:44,753 [s2-server-thread3] DEBUG server.RaftServer$Division (RaftServerImpl.java:logAppendEntries(1504)) - s2@group-FB8FFDFFFB35: receive appendEntries(s1, 1, null, -1, true, commits:[s1:c-1, s0:c-1, s2:c-1], cId:1, entries: [(t:1, i:0), CONFIGURATIONENTRY(current:id: "s0"
address: "localhost:36945"
dataStreamAddress: "localhost:44311"
clientAddress: "localhost:34265"
adminAddress: "localhost:42549"
startupRole: FOLLOWER
,id: "s1"
address: "localhost:46399"
dataStreamAddress: "localhost:41479"
clientAddress: "localhost:36299"
adminAddress: "localhost:44221"
startupRole: FOLLOWER
,id: "s2"
address: "localhost:40585"
dataStreamAddress: "localhost:34081"
clientAddress: "localhost:34227"
adminAddress: "localhost:43443"
startupRole: FOLLOWER
, old:)]
2023-12-01 03:55:44,754 [s0-server-thread2] INFO  server.RaftServer$Division (ServerState.java:setLeader(265)) - s0@group-FB8FFDFFFB35: change Leader from null to s1 at term 1 for appendEntries, leader elected after 277ms
2023-12-01 03:55:44,754 [s2-server-thread3] INFO  server.RaftServer$Division (ServerState.java:setRaftConf(382)) - s2@group-FB8FFDFFFB35: set configuration 0: peers:[s0|localhost:36945, s1|localhost:46399, s2|localhost:40585]|listeners:[], old=null
2023-12-01 03:55:44,754 [s2-server-thread3] INFO  segmented.SegmentedRaftLogWorker (SegmentedRaftLogWorker.java:startLogSegment(430)) - s2@group-FB8FFDFFFB35-SegmentedRaftLogWorker: Starting segment from index:0
2023-12-01 03:55:44,754 [s2@group-FB8FFDFFFB35-SegmentedRaftLogWorker] INFO  segmented.BufferedWriteChannel (BufferedWriteChannel.java:open(62)) - open log_inprogress_0 at position 0
2023-12-01 03:55:44,758 [s0-server-thread2] INFO  server.RaftServer$Division (ServerState.java:setRaftConf(382)) - s0@group-FB8FFDFFFB35: set configuration 0: peers:[s0|localhost:36945, s1|localhost:46399, s2|localhost:40585]|listeners:[], old=null
2023-12-01 03:55:44,758 [s0-server-thread2] INFO  segmented.SegmentedRaftLogWorker (SegmentedRaftLogWorker.java:startLogSegment(430)) - s0@group-FB8FFDFFFB35-SegmentedRaftLogWorker: Starting segment from index:0
2023-12-01 03:55:44,758 [s0@group-FB8FFDFFFB35-SegmentedRaftLogWorker] INFO  segmented.BufferedWriteChannel (BufferedWriteChannel.java:open(62)) - open log_inprogress_0 at position 0
2023-12-01 03:55:44,765 [s2@group-FB8FFDFFFB35-SegmentedRaftLogWorker] INFO  segmented.SegmentedRaftLogWorker (SegmentedRaftLogWorker.java:execute(634)) - s2@group-FB8FFDFFFB35-SegmentedRaftLogWorker: created new log segment /home/runner/work/ratis/ratis/ratis-test/target/test/data/1b1d21a/MiniRaftClusterWithGrpc6b0c9bf9/s2/9c4a8896-46ed-4005-9fd6-fb8ffdfffb35/current/log_inprogress_0
2023-12-01 03:55:44,766 [s0@group-FB8FFDFFFB35-SegmentedRaftLogWorker] INFO  segmented.SegmentedRaftLogWorker (SegmentedRaftLogWorker.java:execute(634)) - s0@group-FB8FFDFFFB35-SegmentedRaftLogWorker: created new log segment /home/runner/work/ratis/ratis/ratis-test/target/test/data/1b1d21a/MiniRaftClusterWithGrpc6b0c9bf9/s0/9c4a8896-46ed-4005-9fd6-fb8ffdfffb35/current/log_inprogress_0
2023-12-01 03:55:44,766 [s2-server-thread3] DEBUG server.RaftServer$Division (RaftServerImpl.java:logAppendEntries(1504)) - s2@group-FB8FFDFFFB35: succeeded to handle AppendEntries. Reply: s1<-s2#1:OK-t1,SUCCESS,nextIndex=1,followerCommit=-1,matchIndex=0
2023-12-01 03:55:44,767 [s0-server-thread3] DEBUG server.RaftServer$Division (RaftServerImpl.java:logAppendEntries(1504)) - s0@group-FB8FFDFFFB35: succeeded to handle AppendEntries. Reply: s1<-s0#1:OK-t1,SUCCESS,nextIndex=1,followerCommit=-1,matchIndex=0
2023-12-01 03:55:44,767 [s1@group-FB8FFDFFFB35-StateMachineUpdater] TRACE util.FileUtils (LogUtils.java:supplyAndLog(69)) - Successfully supplied FileChannel.open /home/runner/work/ratis/ratis/ratis-test/target/test/data/1b1d21a/MiniRaftClusterWithGrpc6b0c9bf9/s1/9c4a8896-46ed-4005-9fd6-fb8ffdfffb35/current/raft-meta.conf.tmp with options [CREATE, WRITE]: sun.nio.ch.FileChannelImpl@593f0b7d
2023-12-01 03:55:44,769 [s1@group-FB8FFDFFFB35-StateMachineUpdater] TRACE util.FileUtils (LogUtils.java:runAndLog(49)) - Successfully ran Atomic Files.move /home/runner/work/ratis/ratis/ratis-test/target/test/data/1b1d21a/MiniRaftClusterWithGrpc6b0c9bf9/s1/9c4a8896-46ed-4005-9fd6-fb8ffdfffb35/current/raft-meta.conf.tmp to /home/runner/work/ratis/ratis/ratis-test/target/test/data/1b1d21a/MiniRaftClusterWithGrpc6b0c9bf9/s1/9c4a8896-46ed-4005-9fd6-fb8ffdfffb35/current/raft-meta.conf with options [REPLACE_EXISTING]
2023-12-01 03:55:44,769 [s1@group-FB8FFDFFFB35-StateMachineUpdater] INFO  server.RaftServer$Division (LeaderStateImpl.java:isApplied(320)) - leader is ready since appliedIndex == 0 >= startIndex == 0
2023-12-01 03:55:44,845 [s0@group-FB8FFDFFFB35-StateMachineUpdater] TRACE util.FileUtils (LogUtils.java:supplyAndLog(69)) - Successfully supplied FileChannel.open /home/runner/work/ratis/ratis/ratis-test/target/test/data/1b1d21a/MiniRaftClusterWithGrpc6b0c9bf9/s0/9c4a8896-46ed-4005-9fd6-fb8ffdfffb35/current/raft-meta.conf.tmp with options [CREATE, WRITE]: sun.nio.ch.FileChannelImpl@4358c839
2023-12-01 03:55:44,845 [s2@group-FB8FFDFFFB35-StateMachineUpdater] TRACE util.FileUtils (LogUtils.java:supplyAndLog(69)) - Successfully supplied FileChannel.open /home/runner/work/ratis/ratis/ratis-test/target/test/data/1b1d21a/MiniRaftClusterWithGrpc6b0c9bf9/s2/9c4a8896-46ed-4005-9fd6-fb8ffdfffb35/current/raft-meta.conf.tmp with options [CREATE, WRITE]: sun.nio.ch.FileChannelImpl@4e55d3ea
2023-12-01 03:55:44,847 [s0@group-FB8FFDFFFB35-StateMachineUpdater] TRACE util.FileUtils (LogUtils.java:runAndLog(49)) - Successfully ran Atomic Files.move /home/runner/work/ratis/ratis/ratis-test/target/test/data/1b1d21a/MiniRaftClusterWithGrpc6b0c9bf9/s0/9c4a8896-46ed-4005-9fd6-fb8ffdfffb35/current/raft-meta.conf.tmp to /home/runner/work/ratis/ratis/ratis-test/target/test/data/1b1d21a/MiniRaftClusterWithGrpc6b0c9bf9/s0/9c4a8896-46ed-4005-9fd6-fb8ffdfffb35/current/raft-meta.conf with options [REPLACE_EXISTING]
2023-12-01 03:55:44,848 [s2@group-FB8FFDFFFB35-StateMachineUpdater] TRACE util.FileUtils (LogUtils.java:runAndLog(49)) - Successfully ran Atomic Files.move /home/runner/work/ratis/ratis/ratis-test/target/test/data/1b1d21a/MiniRaftClusterWithGrpc6b0c9bf9/s2/9c4a8896-46ed-4005-9fd6-fb8ffdfffb35/current/raft-meta.conf.tmp to /home/runner/work/ratis/ratis/ratis-test/target/test/data/1b1d21a/MiniRaftClusterWithGrpc6b0c9bf9/s2/9c4a8896-46ed-4005-9fd6-fb8ffdfffb35/current/raft-meta.conf with options [REPLACE_EXISTING]
2023-12-01 03:55:44,976 [Time-limited test] INFO  ratis.RaftTestUtil (RaftTestUtil.java:waitForLeader(119)) - printing ALL groups
  s0:  RUNNING  FOLLOWER s0@group-FB8FFDFFFB35:t1, leader=s1, voted=s1, raftlog=Memoized:s0@group-FB8FFDFFFB35-SegmentedRaftLog:OPENED:c0, conf=0: peers:[s0|localhost:36945, s1|localhost:46399, s2|localhost:40585]|listeners:[], old=null RUNNING
  s1:  RUNNING    LEADER s1@group-FB8FFDFFFB35:t1, leader=s1, voted=s1, raftlog=Memoized:s1@group-FB8FFDFFFB35-SegmentedRaftLog:OPENED:c0, conf=0: peers:[s0|localhost:36945, s1|localhost:46399, s2|localhost:40585]|listeners:[], old=null RUNNING
  s2:  RUNNING  FOLLOWER s2@group-FB8FFDFFFB35:t1, leader=s1, voted=s1, raftlog=Memoized:s2@group-FB8FFDFFFB35-SegmentedRaftLog:OPENED:c0, conf=0: peers:[s0|localhost:36945, s1|localhost:46399, s2|localhost:40585]|listeners:[], old=null RUNNING
2023-12-01 03:55:45,005 [s0-client-thread1] DEBUG server.RaftServer$Division (RaftServerImpl.java:submitClientRequestAsync(893)) - s0@group-FB8FFDFFFB35: receive client request(RaftClientRequest:client-915AA7F58988->s0@group-FB8FFDFFFB35, cid=1, seq=null, RW, Message:6d31)
2023-12-01 03:55:45,007 [null-request--thread1] INFO  server.GrpcClientProtocolService (GrpcClientProtocolService.java:lambda$processClientRequest$0(284)) - Failed RaftClientRequest:client-915AA7F58988->s0@group-FB8FFDFFFB35, cid=1, seq=null, RW, Message:6d31, reply=RaftClientReply:client-915AA7F58988->s0@group-FB8FFDFFFB35, cid=1, FAILED org.apache.ratis.protocol.exceptions.NotLeaderException: Server s0@group-FB8FFDFFFB35 is not the leader s1|localhost:46399, logIndex=0, commits[s0:c0, s1:c0, s2:c0]
2023-12-01 03:55:45,125 [s1-client-thread1] DEBUG server.RaftServer$Division (RaftServerImpl.java:submitClientRequestAsync(893)) - s1@group-FB8FFDFFFB35: receive client request(RaftClientRequest:client-915AA7F58988->s1@group-FB8FFDFFFB35, cid=1, seq=null, RW, Message:6d31)
2023-12-01 03:55:45,126 [s1-client-thread1] DEBUG server.RaftServer$Division (LeaderStateImpl.java:addPendingRequest(522)) - s1@group-FB8FFDFFFB35-LeaderStateImpl: addPendingRequest at RaftClientRequest:client-915AA7F58988->s1@group-FB8FFDFFFB35, cid=1, seq=null, RW, Message:6d31, entry=(t:1, i:1), STATEMACHINELOGENTRY, 1@client-915AA7F58988
2023-12-01 03:55:45,127 [s0-server-thread3] DEBUG server.RaftServer$Division (RaftServerImpl.java:logAppendEntries(1504)) - s0@group-FB8FFDFFFB35: receive appendEntries(s1, 1, (t:1, i:0), 0, true, commits:[s1:c0, s0:c0, s2:c0], cId:7, entries: [(t:1, i:1), STATEMACHINELOGENTRY, 1@client-915AA7F58988]
2023-12-01 03:55:45,128 [s2-server-thread3] DEBUG server.RaftServer$Division (RaftServerImpl.java:logAppendEntries(1504)) - s2@group-FB8FFDFFFB35: receive appendEntries(s1, 1, (t:1, i:0), 0, true, commits:[s1:c0, s0:c0, s2:c0], cId:8, entries: [(t:1, i:1), STATEMACHINELOGENTRY, 1@client-915AA7F58988]
2023-12-01 03:55:45,128 [s0-server-thread3] DEBUG server.RaftServer$Division (RaftServerImpl.java:logAppendEntries(1504)) - s0@group-FB8FFDFFFB35: succeeded to handle AppendEntries. Reply: s1<-s0#7:OK-t1,SUCCESS,nextIndex=2,followerCommit=0,matchIndex=1
2023-12-01 03:55:45,128 [s2-server-thread3] DEBUG server.RaftServer$Division (RaftServerImpl.java:logAppendEntries(1504)) - s2@group-FB8FFDFFFB35: succeeded to handle AppendEntries. Reply: s1<-s2#8:OK-t1,SUCCESS,nextIndex=2,followerCommit=0,matchIndex=1
2023-12-01 03:55:45,129 [s1@group-FB8FFDFFFB35-StateMachineUpdater] INFO  impl.SimpleStateMachine4Testing (SimpleStateMachine4Testing.java:applyTransaction(248)) - applyTransaction for log index 1
2023-12-01 03:55:45,129 [s1@group-FB8FFDFFFB35-StateMachineUpdater] INFO  impl.SimpleStateMachine4Testing (SimpleStateMachine4Testing.java:put(205)) - s1: put 1, m1 -> (t:1, i:1), STATEMACHINELOGENTRY, 1@client-915AA7F58988
2023-12-01 03:55:45,131 [s0-server-thread3] DEBUG server.RaftServer$Division (RaftServerImpl.java:logAppendEntries(1504)) - s0@group-FB8FFDFFFB35: receive appendEntries(s1, 1, (t:1, i:1), 1, true, commits:[s1:c1, s0:c0, s2:c0], cId:8, entries: [(t:1, i:2), METADATAENTRY(c:1)]
2023-12-01 03:55:45,131 [s2-server-thread3] DEBUG server.RaftServer$Division (RaftServerImpl.java:logAppendEntries(1504)) - s2@group-FB8FFDFFFB35: receive appendEntries(s1, 1, (t:1, i:1), 1, true, commits:[s1:c1, s0:c0, s2:c0], cId:9, entries: [(t:1, i:2), METADATAENTRY(c:1)]
2023-12-01 03:55:45,132 [s2-server-thread3] DEBUG server.RaftServer$Division (RaftServerImpl.java:logAppendEntries(1504)) - s2@group-FB8FFDFFFB35: succeeded to handle AppendEntries. Reply: s1<-s2#9:OK-t1,SUCCESS,nextIndex=3,followerCommit=1,matchIndex=2
2023-12-01 03:55:45,132 [s2@group-FB8FFDFFFB35-StateMachineUpdater] INFO  impl.SimpleStateMachine4Testing (SimpleStateMachine4Testing.java:applyTransaction(248)) - applyTransaction for log index 1
2023-12-01 03:55:45,132 [s2@group-FB8FFDFFFB35-StateMachineUpdater] INFO  impl.SimpleStateMachine4Testing (SimpleStateMachine4Testing.java:put(205)) - s2: put 1, m1 -> (t:1, i:1), STATEMACHINELOGENTRY, 1@client-915AA7F58988
2023-12-01 03:55:45,132 [s0-server-thread3] DEBUG server.RaftServer$Division (RaftServerImpl.java:logAppendEntries(1504)) - s0@group-FB8FFDFFFB35: succeeded to handle AppendEntries. Reply: s1<-s0#8:OK-t1,SUCCESS,nextIndex=3,followerCommit=1,matchIndex=2
2023-12-01 03:55:45,133 [s1-client-thread1] DEBUG server.RaftServer$Division (RaftServerImpl.java:submitClientRequestAsync(893)) - s1@group-FB8FFDFFFB35: receive client request(RaftClientRequest:client-915AA7F58988->s1@group-FB8FFDFFFB35, cid=2, seq=null, RW, Message:6d32)
2023-12-01 03:55:45,133 [s1-client-thread1] DEBUG server.RetryCache (RetryCacheImpl.java:invalidateRepliedRequests(240)) - invalidateRepliedRequests callIds [1] for client-915AA7F58988
2023-12-01 03:55:45,133 [s0@group-FB8FFDFFFB35-StateMachineUpdater] INFO  impl.SimpleStateMachine4Testing (SimpleStateMachine4Testing.java:applyTransaction(248)) - applyTransaction for log index 1
2023-12-01 03:55:45,133 [s0@group-FB8FFDFFFB35-StateMachineUpdater] INFO  impl.SimpleStateMachine4Testing (SimpleStateMachine4Testing.java:put(205)) - s0: put 1, m1 -> (t:1, i:1), STATEMACHINELOGENTRY, 1@client-915AA7F58988
2023-12-01 03:55:45,136 [s1-client-thread1] DEBUG server.RaftServer$Division (LeaderStateImpl.java:addPendingRequest(522)) - s1@group-FB8FFDFFFB35-LeaderStateImpl: addPendingRequest at RaftClientRequest:client-915AA7F58988->s1@group-FB8FFDFFFB35, cid=2, seq=null, RW, Message:6d32, entry=(t:1, i:3), STATEMACHINELOGENTRY, 2@client-915AA7F58988
2023-12-01 03:55:45,137 [s2-server-thread3] DEBUG server.RaftServer$Division (RaftServerImpl.java:logAppendEntries(1504)) - s2@group-FB8FFDFFFB35: receive appendEntries(s1, 1, (t:1, i:2), 2, true, commits:[s1:c2, s0:c1, s2:c1], cId:12, entries: [(t:1, i:3), STATEMACHINELOGENTRY, 2@client-915AA7F58988]
2023-12-01 03:55:45,138 [s2-server-thread3] DEBUG server.RaftServer$Division (RaftServerImpl.java:logAppendEntries(1504)) - s2@group-FB8FFDFFFB35: succeeded to handle AppendEntries. Reply: s1<-s2#12:OK-t1,SUCCESS,nextIndex=4,followerCommit=2,matchIndex=3
2023-12-01 03:55:45,139 [s0-server-thread3] DEBUG server.RaftServer$Division (RaftServerImpl.java:logAppendEntries(1504)) - s0@group-FB8FFDFFFB35: receive appendEntries(s1, 1, (t:1, i:2), 2, true, commits:[s1:c2, s0:c1, s2:c1], cId:11, entries: [(t:1, i:3), STATEMACHINELOGENTRY, 2@client-915AA7F58988]
2023-12-01 03:55:45,139 [s1@group-FB8FFDFFFB35-StateMachineUpdater] INFO  impl.SimpleStateMachine4Testing (SimpleStateMachine4Testing.java:applyTransaction(248)) - applyTransaction for log index 3
2023-12-01 03:55:45,139 [s1@group-FB8FFDFFFB35-StateMachineUpdater] INFO  impl.SimpleStateMachine4Testing (SimpleStateMachine4Testing.java:put(205)) - s1: put 3, m2 -> (t:1, i:3), STATEMACHINELOGENTRY, 2@client-915AA7F58988
2023-12-01 03:55:45,140 [s0-server-thread3] DEBUG server.RaftServer$Division (RaftServerImpl.java:logAppendEntries(1504)) - s0@group-FB8FFDFFFB35: succeeded to handle AppendEntries. Reply: s1<-s0#11:OK-t1,SUCCESS,nextIndex=4,followerCommit=2,matchIndex=3
2023-12-01 03:55:45,142 [s0-server-thread3] DEBUG server.RaftServer$Division (RaftServerImpl.java:logAppendEntries(1504)) - s0@group-FB8FFDFFFB35: receive appendEntries(s1, 1, (t:1, i:3), 3, true, commits:[s1:c3, s0:c1, s2:c2], cId:13, entries: [(t:1, i:4), METADATAENTRY(c:3)]
2023-12-01 03:55:45,142 [s2-server-thread3] DEBUG server.RaftServer$Division (RaftServerImpl.java:logAppendEntries(1504)) - s2@group-FB8FFDFFFB35: receive appendEntries(s1, 1, (t:1, i:3), 3, true, commits:[s1:c3, s0:c1, s2:c2], cId:13, entries: [(t:1, i:4), METADATAENTRY(c:3)]
2023-12-01 03:55:45,142 [s0-server-thread3] DEBUG server.RaftServer$Division (RaftServerImpl.java:logAppendEntries(1504)) - s0@group-FB8FFDFFFB35: succeeded to handle AppendEntries. Reply: s1<-s0#13:OK-t1,SUCCESS,nextIndex=5,followerCommit=3,matchIndex=4
2023-12-01 03:55:45,143 [s2-server-thread3] DEBUG server.RaftServer$Division (RaftServerImpl.java:logAppendEntries(1504)) - s2@group-FB8FFDFFFB35: succeeded to handle AppendEntries. Reply: s1<-s2#13:OK-t1,SUCCESS,nextIndex=5,followerCommit=3,matchIndex=4
2023-12-01 03:55:45,143 [s0@group-FB8FFDFFFB35-StateMachineUpdater] INFO  impl.SimpleStateMachine4Testing (SimpleStateMachine4Testing.java:applyTransaction(248)) - applyTransaction for log index 3
2023-12-01 03:55:45,143 [s2@group-FB8FFDFFFB35-StateMachineUpdater] INFO  impl.SimpleStateMachine4Testing (SimpleStateMachine4Testing.java:applyTransaction(248)) - applyTransaction for log index 3
2023-12-01 03:55:45,143 [s2@group-FB8FFDFFFB35-StateMachineUpdater] INFO  impl.SimpleStateMachine4Testing (SimpleStateMachine4Testing.java:put(205)) - s2: put 3, m2 -> (t:1, i:3), STATEMACHINELOGENTRY, 2@client-915AA7F58988
2023-12-01 03:55:45,143 [s0@group-FB8FFDFFFB35-StateMachineUpdater] INFO  impl.SimpleStateMachine4Testing (SimpleStateMachine4Testing.java:put(205)) - s0: put 3, m2 -> (t:1, i:3), STATEMACHINELOGENTRY, 2@client-915AA7F58988
2023-12-01 03:55:45,147 [s1-client-thread1] DEBUG server.RaftServer$Division (RaftServerImpl.java:submitClientRequestAsync(893)) - s1@group-FB8FFDFFFB35: receive client request(RaftClientRequest:client-915AA7F58988->s1@group-FB8FFDFFFB35, cid=3, seq=null, RW, Message:6d33)
2023-12-01 03:55:45,147 [s1-client-thread1] DEBUG server.RetryCache (RetryCacheImpl.java:invalidateRepliedRequests(240)) - invalidateRepliedRequests callIds [2] for client-915AA7F58988
2023-12-01 03:55:45,147 [s1-client-thread1] DEBUG server.RaftServer$Division (LeaderStateImpl.java:addPendingRequest(522)) - s1@group-FB8FFDFFFB35-LeaderStateImpl: addPendingRequest at RaftClientRequest:client-915AA7F58988->s1@group-FB8FFDFFFB35, cid=3, seq=null, RW, Message:6d33, entry=(t:1, i:5), STATEMACHINELOGENTRY, 3@client-915AA7F58988
2023-12-01 03:55:45,148 [s2-server-thread3] DEBUG server.RaftServer$Division (RaftServerImpl.java:logAppendEntries(1504)) - s2@group-FB8FFDFFFB35: receive appendEntries(s1, 1, (t:1, i:4), 4, true, commits:[s1:c4, s0:c3, s2:c3], cId:17, entries: [(t:1, i:5), STATEMACHINELOGENTRY, 3@client-915AA7F58988]
2023-12-01 03:55:45,149 [s0-server-thread3] DEBUG server.RaftServer$Division (RaftServerImpl.java:logAppendEntries(1504)) - s0@group-FB8FFDFFFB35: receive appendEntries(s1, 1, (t:1, i:4), 4, true, commits:[s1:c4, s0:c3, s2:c3], cId:16, entries: [(t:1, i:5), STATEMACHINELOGENTRY, 3@client-915AA7F58988]
2023-12-01 03:55:45,149 [s0-server-thread3] DEBUG server.RaftServer$Division (RaftServerImpl.java:logAppendEntries(1504)) - s0@group-FB8FFDFFFB35: succeeded to handle AppendEntries. Reply: s1<-s0#16:OK-t1,SUCCESS,nextIndex=6,followerCommit=4,matchIndex=5
2023-12-01 03:55:45,149 [s2-server-thread3] DEBUG server.RaftServer$Division (RaftServerImpl.java:logAppendEntries(1504)) - s2@group-FB8FFDFFFB35: succeeded to handle AppendEntries. Reply: s1<-s2#17:OK-t1,SUCCESS,nextIndex=6,followerCommit=4,matchIndex=5
2023-12-01 03:55:45,150 [s1@group-FB8FFDFFFB35-StateMachineUpdater] INFO  impl.SimpleStateMachine4Testing (SimpleStateMachine4Testing.java:applyTransaction(248)) - applyTransaction for log index 5
2023-12-01 03:55:45,150 [s1@group-FB8FFDFFFB35-StateMachineUpdater] INFO  impl.SimpleStateMachine4Testing (SimpleStateMachine4Testing.java:put(205)) - s1: put 5, m3 -> (t:1, i:5), STATEMACHINELOGENTRY, 3@client-915AA7F58988
2023-12-01 03:55:45,152 [s0-server-thread3] DEBUG server.RaftServer$Division (RaftServerImpl.java:logAppendEntries(1504)) - s0@group-FB8FFDFFFB35: receive appendEntries(s1, 1, (t:1, i:5), 5, true, commits:[s1:c5, s0:c4, s2:c4], cId:17, entries: [(t:1, i:6), METADATAENTRY(c:5)]
2023-12-01 03:55:45,152 [s2-server-thread3] DEBUG server.RaftServer$Division (RaftServerImpl.java:logAppendEntries(1504)) - s2@group-FB8FFDFFFB35: receive appendEntries(s1, 1, (t:1, i:5), 5, true, commits:[s1:c5, s0:c4, s2:c4], cId:18, entries: [(t:1, i:6), METADATAENTRY(c:5)]
2023-12-01 03:55:45,153 [s0-server-thread3] DEBUG server.RaftServer$Division (RaftServerImpl.java:logAppendEntries(1504)) - s0@group-FB8FFDFFFB35: succeeded to handle AppendEntries. Reply: s1<-s0#17:OK-t1,SUCCESS,nextIndex=7,followerCommit=5,matchIndex=6
2023-12-01 03:55:45,153 [s0@group-FB8FFDFFFB35-StateMachineUpdater] INFO  impl.SimpleStateMachine4Testing (SimpleStateMachine4Testing.java:applyTransaction(248)) - applyTransaction for log index 5
2023-12-01 03:55:45,153 [s0@group-FB8FFDFFFB35-StateMachineUpdater] INFO  impl.SimpleStateMachine4Testing (SimpleStateMachine4Testing.java:put(205)) - s0: put 5, m3 -> (t:1, i:5), STATEMACHINELOGENTRY, 3@client-915AA7F58988
2023-12-01 03:55:45,154 [s2-server-thread3] DEBUG server.RaftServer$Division (RaftServerImpl.java:logAppendEntries(1504)) - s2@group-FB8FFDFFFB35: succeeded to handle AppendEntries. Reply: s1<-s2#18:OK-t1,SUCCESS,nextIndex=7,followerCommit=5,matchIndex=6
2023-12-01 03:55:45,154 [s2@group-FB8FFDFFFB35-StateMachineUpdater] INFO  impl.SimpleStateMachine4Testing (SimpleStateMachine4Testing.java:applyTransaction(248)) - applyTransaction for log index 5
2023-12-01 03:55:45,154 [s2@group-FB8FFDFFFB35-StateMachineUpdater] INFO  impl.SimpleStateMachine4Testing (SimpleStateMachine4Testing.java:put(205)) - s2: put 5, m3 -> (t:1, i:5), STATEMACHINELOGENTRY, 3@client-915AA7F58988
2023-12-01 03:55:45,157 [s1-client-thread1] DEBUG server.RaftServer$Division (RaftServerImpl.java:submitClientRequestAsync(893)) - s1@group-FB8FFDFFFB35: receive client request(RaftClientRequest:client-915AA7F58988->s1@group-FB8FFDFFFB35, cid=4, seq=null, RW, Message:6d34)
2023-12-01 03:55:45,157 [s1-client-thread1] DEBUG server.RetryCache (RetryCacheImpl.java:invalidateRepliedRequests(240)) - invalidateRepliedRequests callIds [3] for client-915AA7F58988
2023-12-01 03:55:45,157 [s1-client-thread1] DEBUG server.RaftServer$Division (LeaderStateImpl.java:addPendingRequest(522)) - s1@group-FB8FFDFFFB35-LeaderStateImpl: addPendingRequest at RaftClientRequest:client-915AA7F58988->s1@group-FB8FFDFFFB35, cid=4, seq=null, RW, Message:6d34, entry=(t:1, i:7), STATEMACHINELOGENTRY, 4@client-915AA7F58988
2023-12-01 03:55:45,158 [s0-server-thread3] DEBUG server.RaftServer$Division (RaftServerImpl.java:logAppendEntries(1504)) - s0@group-FB8FFDFFFB35: receive appendEntries(s1, 1, (t:1, i:6), 6, true, commits:[s1:c6, s0:c5, s2:c5], cId:20, entries: [(t:1, i:7), STATEMACHINELOGENTRY, 4@client-915AA7F58988]
2023-12-01 03:55:45,159 [s2-server-thread3] DEBUG server.RaftServer$Division (RaftServerImpl.java:logAppendEntries(1504)) - s2@group-FB8FFDFFFB35: receive appendEntries(s1, 1, (t:1, i:6), 6, true, commits:[s1:c6, s0:c5, s2:c5], cId:21, entries: [(t:1, i:7), STATEMACHINELOGENTRY, 4@client-915AA7F58988]
2023-12-01 03:55:45,159 [s0-server-thread3] DEBUG server.RaftServer$Division (RaftServerImpl.java:logAppendEntries(1504)) - s0@group-FB8FFDFFFB35: succeeded to handle AppendEntries. Reply: s1<-s0#20:OK-t1,SUCCESS,nextIndex=8,followerCommit=6,matchIndex=7
2023-12-01 03:55:45,160 [s2-server-thread3] DEBUG server.RaftServer$Division (RaftServerImpl.java:logAppendEntries(1504)) - s2@group-FB8FFDFFFB35: succeeded to handle AppendEntries. Reply: s1<-s2#21:OK-t1,SUCCESS,nextIndex=8,followerCommit=6,matchIndex=7
2023-12-01 03:55:45,160 [s1@group-FB8FFDFFFB35-StateMachineUpdater] INFO  impl.SimpleStateMachine4Testing (SimpleStateMachine4Testing.java:applyTransaction(248)) - applyTransaction for log index 7
2023-12-01 03:55:45,160 [s1@group-FB8FFDFFFB35-StateMachineUpdater] INFO  impl.SimpleStateMachine4Testing (SimpleStateMachine4Testing.java:put(205)) - s1: put 7, m4 -> (t:1, i:7), STATEMACHINELOGENTRY, 4@client-915AA7F58988
2023-12-01 03:55:45,161 [s0-server-thread3] DEBUG server.RaftServer$Division (RaftServerImpl.java:logAppendEntries(1504)) - s0@group-FB8FFDFFFB35: receive appendEntries(s1, 1, (t:1, i:7), 7, true, commits:[s1:c7, s0:c6, s2:c5], cId:21, entries: [(t:1, i:8), METADATAENTRY(c:7)]
2023-12-01 03:55:45,162 [s0@group-FB8FFDFFFB35-StateMachineUpdater] INFO  impl.SimpleStateMachine4Testing (SimpleStateMachine4Testing.java:applyTransaction(248)) - applyTransaction for log index 7
2023-12-01 03:55:45,162 [s0@group-FB8FFDFFFB35-StateMachineUpdater] INFO  impl.SimpleStateMachine4Testing (SimpleStateMachine4Testing.java:put(205)) - s0: put 7, m4 -> (t:1, i:7), STATEMACHINELOGENTRY, 4@client-915AA7F58988
2023-12-01 03:55:45,162 [s2-server-thread3] DEBUG server.RaftServer$Division (RaftServerImpl.java:logAppendEntries(1504)) - s2@group-FB8FFDFFFB35: receive appendEntries(s1, 1, (t:1, i:7), 7, true, commits:[s1:c7, s0:c6, s2:c6], cId:23, entries: [(t:1, i:8), METADATAENTRY(c:7)]
2023-12-01 03:55:45,162 [s0-server-thread3] DEBUG server.RaftServer$Division (RaftServerImpl.java:logAppendEntries(1504)) - s0@group-FB8FFDFFFB35: succeeded to handle AppendEntries. Reply: s1<-s0#21:OK-t1,SUCCESS,nextIndex=9,followerCommit=7,matchIndex=8
2023-12-01 03:55:45,163 [s2@group-FB8FFDFFFB35-StateMachineUpdater] INFO  impl.SimpleStateMachine4Testing (SimpleStateMachine4Testing.java:applyTransaction(248)) - applyTransaction for log index 7
2023-12-01 03:55:45,163 [s2@group-FB8FFDFFFB35-StateMachineUpdater] INFO  impl.SimpleStateMachine4Testing (SimpleStateMachine4Testing.java:put(205)) - s2: put 7, m4 -> (t:1, i:7), STATEMACHINELOGENTRY, 4@client-915AA7F58988
2023-12-01 03:55:45,163 [s2-server-thread3] DEBUG server.RaftServer$Division (RaftServerImpl.java:logAppendEntries(1504)) - s2@group-FB8FFDFFFB35: succeeded to handle AppendEntries. Reply: s1<-s2#23:OK-t1,SUCCESS,nextIndex=9,followerCommit=7,matchIndex=8
2023-12-01 03:55:45,166 [s1-client-thread1] DEBUG server.RaftServer$Division (RaftServerImpl.java:submitClientRequestAsync(893)) - s1@group-FB8FFDFFFB35: receive client request(RaftClientRequest:client-915AA7F58988->s1@group-FB8FFDFFFB35, cid=5, seq=null, RW, Message:6d35)
2023-12-01 03:55:45,167 [s1-client-thread1] DEBUG server.RetryCache (RetryCacheImpl.java:invalidateRepliedRequests(240)) - invalidateRepliedRequests callIds [4] for client-915AA7F58988
2023-12-01 03:55:45,167 [s1-client-thread1] DEBUG server.RaftServer$Division (LeaderStateImpl.java:addPendingRequest(522)) - s1@group-FB8FFDFFFB35-LeaderStateImpl: addPendingRequest at RaftClientRequest:client-915AA7F58988->s1@group-FB8FFDFFFB35, cid=5, seq=null, RW, Message:6d35, entry=(t:1, i:9), STATEMACHINELOGENTRY, 5@client-915AA7F58988
2023-12-01 03:55:45,168 [s0-server-thread3] DEBUG server.RaftServer$Division (RaftServerImpl.java:logAppendEntries(1504)) - s0@group-FB8FFDFFFB35: receive appendEntries(s1, 1, (t:1, i:8), 8, true, commits:[s1:c8, s0:c7, s2:c7], cId:25, entries: [(t:1, i:9), STATEMACHINELOGENTRY, 5@client-915AA7F58988]
2023-12-01 03:55:45,168 [s2-server-thread3] DEBUG server.RaftServer$Division (RaftServerImpl.java:logAppendEntries(1504)) - s2@group-FB8FFDFFFB35: receive appendEntries(s1, 1, (t:1, i:8), 8, true, commits:[s1:c8, s0:c7, s2:c7], cId:27, entries: [(t:1, i:9), STATEMACHINELOGENTRY, 5@client-915AA7F58988]
2023-12-01 03:55:45,170 [s0-server-thread3] DEBUG server.RaftServer$Division (RaftServerImpl.java:logAppendEntries(1504)) - s0@group-FB8FFDFFFB35: succeeded to handle AppendEntries. Reply: s1<-s0#25:OK-t1,SUCCESS,nextIndex=10,followerCommit=8,matchIndex=9
2023-12-01 03:55:45,170 [s2-server-thread3] DEBUG server.RaftServer$Division (RaftServerImpl.java:logAppendEntries(1504)) - s2@group-FB8FFDFFFB35: succeeded to handle AppendEntries. Reply: s1<-s2#27:OK-t1,SUCCESS,nextIndex=10,followerCommit=8,matchIndex=9
2023-12-01 03:55:45,171 [s1@group-FB8FFDFFFB35-StateMachineUpdater] INFO  impl.SimpleStateMachine4Testing (SimpleStateMachine4Testing.java:applyTransaction(248)) - applyTransaction for log index 9
2023-12-01 03:55:45,171 [s1@group-FB8FFDFFFB35-StateMachineUpdater] INFO  impl.SimpleStateMachine4Testing (SimpleStateMachine4Testing.java:put(205)) - s1: put 9, m5 -> (t:1, i:9), STATEMACHINELOGENTRY, 5@client-915AA7F58988
2023-12-01 03:55:45,172 [s0-server-thread3] DEBUG server.RaftServer$Division (RaftServerImpl.java:logAppendEntries(1504)) - s0@group-FB8FFDFFFB35: receive appendEntries(s1, 1, (t:1, i:9), 9, true, commits:[s1:c9, s0:c8, s2:c8], cId:26, entries: [(t:1, i:10), METADATAENTRY(c:9)]
2023-12-01 03:55:45,172 [Time-limited test] INFO  impl.SimpleStateMachine4Testing (SimpleStateMachine4Testing.java:block(135)) - block APPLY_TRANSACTION
2023-12-01 03:55:45,173 [s2-server-thread3] DEBUG server.RaftServer$Division (RaftServerImpl.java:logAppendEntries(1504)) - s2@group-FB8FFDFFFB35: receive appendEntries(s1, 1, (t:1, i:9), 9, true, commits:[s1:c9, s0:c8, s2:c8], cId:28, entries: [(t:1, i:10), METADATAENTRY(c:9)]
2023-12-01 03:55:45,173 [s0-server-thread3] DEBUG server.RaftServer$Division (RaftServerImpl.java:logAppendEntries(1504)) - s0@group-FB8FFDFFFB35: succeeded to handle AppendEntries. Reply: s1<-s0#26:OK-t1,SUCCESS,nextIndex=11,followerCommit=9,matchIndex=10
2023-12-01 03:55:45,173 [s2-server-thread2] DEBUG server.RaftServer$Division (RaftServerImpl.java:logAppendEntries(1504)) - s2@group-FB8FFDFFFB35: succeeded to handle AppendEntries. Reply: s1<-s2#28:OK-t1,SUCCESS,nextIndex=11,followerCommit=9,matchIndex=10
2023-12-01 03:55:45,174 [s2@group-FB8FFDFFFB35-StateMachineUpdater] INFO  impl.SimpleStateMachine4Testing (SimpleStateMachine4Testing.java:applyTransaction(248)) - applyTransaction for log index 9
2023-12-01 03:55:45,174 [s2@group-FB8FFDFFFB35-StateMachineUpdater] INFO  impl.SimpleStateMachine4Testing (SimpleStateMachine4Testing.java:put(205)) - s2: put 9, m5 -> (t:1, i:9), STATEMACHINELOGENTRY, 5@client-915AA7F58988
2023-12-01 03:55:45,174 [s0@group-FB8FFDFFFB35-StateMachineUpdater] INFO  impl.SimpleStateMachine4Testing (SimpleStateMachine4Testing.java:applyTransaction(248)) - applyTransaction for log index 9
2023-12-01 03:55:45,175 [s0@group-FB8FFDFFFB35-StateMachineUpdater] INFO  impl.SimpleStateMachine4Testing (SimpleStateMachine4Testing.java:put(205)) - s0: put 9, m5 -> (t:1, i:9), STATEMACHINELOGENTRY, 5@client-915AA7F58988
2023-12-01 03:55:45,184 [s1-client-thread1] DEBUG server.RaftServer$Division (RaftServerImpl.java:submitClientRequestAsync(893)) - s1@group-FB8FFDFFFB35: receive client request(RaftClientRequest:client-915AA7F58988->s1@group-FB8FFDFFFB35, cid=6, seq=1*, Watch(0), Message:<EMPTY>)
2023-12-01 03:55:45,184 [s1-client-thread1] DEBUG server.RetryCache (RetryCacheImpl.java:invalidateRepliedRequests(240)) - invalidateRepliedRequests callIds [5] for client-915AA7F58988
2023-12-01 03:55:45,184 [s1-client-thread1] DEBUG server.RaftServer$Division (LeaderStateImpl.java:addWatchReqeust(540)) - s1@group-FB8FFDFFFB35-LeaderStateImpl: addWatchRequest RaftClientRequest:client-915AA7F58988->s1@group-FB8FFDFFFB35, cid=6, seq=1*, Watch(0), Message:<EMPTY>
2023-12-01 03:55:45,188 [Thread-149] ERROR impl.OrderedAsync (OrderedAsync.java:lambda$sendRequest$9(247)) - client-915AA7F58988: Failed* RaftClientRequest:client-915AA7F58988->s1@group-FB8FFDFFFB35, cid=6, seq=1*, Watch(0), null
java.util.concurrent.CompletionException: org.apache.ratis.protocol.exceptions.AlreadyClosedException: client-915AA7F58988->s1: Stream close: no reply for async request cid=6
	at java.base/java.util.concurrent.CompletableFuture.encodeThrowable(CompletableFuture.java:331)
	at java.base/java.util.concurrent.CompletableFuture.completeThrowable(CompletableFuture.java:346)
	at java.base/java.util.concurrent.CompletableFuture$UniApply.tryFire(CompletableFuture.java:632)
	at java.base/java.util.concurrent.CompletableFuture.postComplete(CompletableFuture.java:506)
	at java.base/java.util.concurrent.CompletableFuture.completeExceptionally(CompletableFuture.java:2094)
	at org.apache.ratis.grpc.client.GrpcClientProtocolClient$AsyncStreamObservers.completeReplyExceptionally(GrpcClientProtocolClient.java:394)
	at org.apache.ratis.grpc.client.GrpcClientProtocolClient$AsyncStreamObservers.close(GrpcClientProtocolClient.java:383)
	at org.apache.ratis.grpc.client.GrpcClientProtocolClient$AsyncStreamObservers.access$500(GrpcClientProtocolClient.java:300)
	at org.apache.ratis.grpc.client.GrpcClientProtocolClient.lambda$close$3(GrpcClientProtocolClient.java:160)
	at java.base/java.util.Optional.ifPresent(Optional.java:183)
	at org.apache.ratis.grpc.client.GrpcClientProtocolClient.close(GrpcClientProtocolClient.java:160)
	at org.apache.ratis.util.PeerProxyMap.closeProxy(PeerProxyMap.java:168)
	at org.apache.ratis.util.PeerProxyMap.lambda$close$3(PeerProxyMap.java:160)
	at java.base/java.util.Optional.ifPresent(Optional.java:183)
	at org.apache.ratis.util.PeerProxyMap.lambda$close$4(PeerProxyMap.java:160)
	at org.apache.ratis.util.ConcurrentUtils.accept(ConcurrentUtils.java:203)
	at org.apache.ratis.util.ConcurrentUtils.lambda$parallelForEachAsync$4(ConcurrentUtils.java:182)
	at java.base/java.lang.Thread.run(Thread.java:829)
Caused by: org.apache.ratis.protocol.exceptions.AlreadyClosedException: client-915AA7F58988->s1: Stream close: no reply for async request cid=6
	at org.apache.ratis.grpc.client.GrpcClientProtocolClient$AsyncStreamObservers.completeReplyExceptionally(GrpcClientProtocolClient.java:396)
	... 12 more
2023-12-01 03:55:45,190 [Time-limited test] INFO  impl.MiniRaftCluster (MiniRaftCluster.java:shutdown(831)) - ************************************************************** 
2023-12-01 03:55:45,190 [Time-limited test] INFO  impl.MiniRaftCluster (MiniRaftCluster.java:shutdown(832)) - *** 
2023-12-01 03:55:45,190 [Time-limited test] INFO  impl.MiniRaftCluster (MiniRaftCluster.java:shutdown(833)) - ***     Stopping MiniRaftClusterWithGrpc
2023-12-01 03:55:45,190 [Time-limited test] INFO  impl.MiniRaftCluster (MiniRaftCluster.java:shutdown(834)) - *** 
2023-12-01 03:55:45,190 [Time-limited test] INFO  impl.MiniRaftCluster (MiniRaftCluster.java:shutdown(835)) - ************************************************************** 
2023-12-01 03:55:45,191 [Time-limited test] INFO  impl.MiniRaftCluster (MiniRaftCluster.java:shutdown(836)) - printing ALL groups
  s0:  RUNNING  FOLLOWER s0@group-FB8FFDFFFB35:t1, leader=s1, voted=s1, raftlog=Memoized:s0@group-FB8FFDFFFB35-SegmentedRaftLog:OPENED:c9, conf=0: peers:[s0|localhost:36945, s1|localhost:46399, s2|localhost:40585]|listeners:[], old=null RUNNING
  s1:  RUNNING    LEADER s1@group-FB8FFDFFFB35:t1, leader=s1, voted=s1, raftlog=Memoized:s1@group-FB8FFDFFFB35-SegmentedRaftLog:OPENED:c10, conf=0: peers:[s0|localhost:36945, s1|localhost:46399, s2|localhost:40585]|listeners:[], old=null RUNNING
  s2:  RUNNING  FOLLOWER s2@group-FB8FFDFFFB35:t1, leader=s1, voted=s1, raftlog=Memoized:s2@group-FB8FFDFFFB35-SegmentedRaftLog:OPENED:c9, conf=0: peers:[s0|localhost:36945, s1|localhost:46399, s2|localhost:40585]|listeners:[], old=null RUNNING
2023-12-01 03:55:45,191 [MiniRaftCluster-4] INFO  server.RaftServer (RaftServerProxy.java:lambda$close$9(416)) - s0: close
2023-12-01 03:55:45,191 [MiniRaftCluster-5] INFO  server.RaftServer (RaftServerProxy.java:lambda$close$9(416)) - s1: close
2023-12-01 03:55:45,193 [MiniRaftCluster-4] INFO  server.GrpcService (GrpcService.java:closeImpl(311)) - s0: shutdown server org.apache.ratis.grpc.server.GrpcClientProtocolService now
2023-12-01 03:55:45,193 [s0-impl-thread1] INFO  server.RaftServer$Division (RaftServerImpl.java:lambda$close$3(516)) - s0@group-FB8FFDFFFB35: shutdown
2023-12-01 03:55:45,194 [s0-impl-thread1] INFO  util.JmxRegister (JmxRegister.java:unregister(73)) - Successfully un-registered JMX Bean with object name Ratis:service=RaftServer,group=group-FB8FFDFFFB35,id=s0
2023-12-01 03:55:45,194 [MiniRaftCluster-5] INFO  server.GrpcService (GrpcService.java:closeImpl(311)) - s1: shutdown server org.apache.ratis.grpc.server.GrpcClientProtocolService now
2023-12-01 03:55:45,194 [s1-impl-thread1] INFO  server.RaftServer$Division (RaftServerImpl.java:lambda$close$3(516)) - s1@group-FB8FFDFFFB35: shutdown
2023-12-01 03:55:45,194 [s1-impl-thread1] INFO  util.JmxRegister (JmxRegister.java:unregister(73)) - Successfully un-registered JMX Bean with object name Ratis:service=RaftServer,group=group-FB8FFDFFFB35,id=s1
2023-12-01 03:55:45,194 [s1-impl-thread1] INFO  impl.RoleInfo (RoleInfo.java:shutdownLeaderState(94)) - s1: shutdown s1@group-FB8FFDFFFB35-LeaderStateImpl
2023-12-01 03:55:45,194 [s1@group-FB8FFDFFFB35->s0-GrpcLogAppender-LogAppenderDaemon] WARN  server.GrpcLogAppender (GrpcLogAppender.java:mayWait(212)) - s1@group-FB8FFDFFFB35->s0-GrpcLogAppender: Wait interrupted by java.lang.InterruptedException
2023-12-01 03:55:45,193 [MiniRaftCluster-6] INFO  server.RaftServer (RaftServerProxy.java:lambda$close$9(416)) - s2: close
2023-12-01 03:55:45,194 [s1@group-FB8FFDFFFB35->s2-GrpcLogAppender-LogAppenderDaemon] WARN  server.GrpcLogAppender (GrpcLogAppender.java:mayWait(212)) - s1@group-FB8FFDFFFB35->s2-GrpcLogAppender: Wait interrupted by java.lang.InterruptedException
2023-12-01 03:55:45,194 [s0-impl-thread1] INFO  impl.RoleInfo (RoleInfo.java:shutdownFollowerState(110)) - s0: shutdown s0@group-FB8FFDFFFB35-FollowerState
2023-12-01 03:55:45,195 [grpc-default-executor-4] INFO  server.GrpcServerProtocolService (GrpcServerProtocolService.java:onCompleted(157)) - s0: Completed APPEND_ENTRIES, lastRequest: s1->s0#26-t1,previous=(t:1, i:9),leaderCommit=9,initializing? true,entries: size=1, first=(t:1, i:10), METADATAENTRY(c:9)
2023-12-01 03:55:45,195 [s0-impl-thread1] INFO  impl.StateMachineUpdater (StateMachineUpdater.java:stopAndJoin(157)) - s0@group-FB8FFDFFFB35-StateMachineUpdater: set stopIndex = 9
2023-12-01 03:55:45,195 [grpc-default-executor-4] INFO  server.GrpcServerProtocolService (GrpcServerProtocolService.java:lambda$onCompleted$5(159)) - s0: Completed APPEND_ENTRIES, lastReply: null
2023-12-01 03:55:45,195 [grpc-default-executor-10] INFO  server.GrpcServerProtocolService (GrpcServerProtocolService.java:onCompleted(157)) - s0: Completed APPEND_ENTRIES, lastRequest: null
2023-12-01 03:55:45,195 [s0@group-FB8FFDFFFB35-FollowerState] INFO  impl.FollowerState (FollowerState.java:run(152)) - s0@group-FB8FFDFFFB35-FollowerState was interrupted
2023-12-01 03:55:45,195 [grpc-default-executor-3] INFO  server.GrpcServerProtocolService (GrpcServerProtocolService.java:onCompleted(157)) - s2: Completed APPEND_ENTRIES, lastRequest: s1->s2#28-t1,previous=(t:1, i:9),leaderCommit=9,initializing? true,entries: size=1, first=(t:1, i:10), METADATAENTRY(c:9)
2023-12-01 03:55:45,195 [grpc-default-executor-3] INFO  server.GrpcServerProtocolService (GrpcServerProtocolService.java:lambda$onCompleted$5(159)) - s2: Completed APPEND_ENTRIES, lastReply: null
2023-12-01 03:55:45,195 [s0-impl-thread1] INFO  server.RaftServer$Division (ServerState.java:close(423)) - s0@group-FB8FFDFFFB35: applyIndex: 9
2023-12-01 03:55:45,195 [grpc-default-executor-10] INFO  server.GrpcServerProtocolService (GrpcServerProtocolService.java:lambda$onCompleted$5(159)) - s0: Completed APPEND_ENTRIES, lastReply: serverReply {
  requestorId: "s1"
  replyId: "s0"
  raftGroupId {
    id: "\234J\210\226F\355@\005\237\326\373\217\375\377\3735"
  }
  callId: 6
  success: true
}
term: 1
nextIndex: 1
matchIndex: 18446744073709551615
isHearbeat: true

2023-12-01 03:55:45,195 [s0@group-FB8FFDFFFB35-cacheEviction-AwaitToRun] INFO  util.AwaitToRun (AwaitToRun.java:run(49)) - s0@group-FB8FFDFFFB35-cacheEviction-AwaitToRun-AwaitForSignal is interrupted
2023-12-01 03:55:45,196 [grpc-default-executor-11] INFO  server.GrpcLogAppender (GrpcLogAppender.java:onCompleted(469)) - s1@group-FB8FFDFFFB35->s0-AppendLogResponseHandler: follower responses appendEntries COMPLETED
2023-12-01 03:55:45,196 [grpc-default-executor-1] INFO  server.GrpcLogAppender (GrpcLogAppender.java:onCompleted(469)) - s1@group-FB8FFDFFFB35->s2-AppendLogResponseHandler: follower responses appendEntries COMPLETED
2023-12-01 03:55:45,196 [grpc-default-executor-4] INFO  server.GrpcServerProtocolService (GrpcServerProtocolService.java:onCompleted(157)) - s2: Completed APPEND_ENTRIES, lastRequest: null
2023-12-01 03:55:45,196 [grpc-default-executor-4] INFO  server.GrpcServerProtocolService (GrpcServerProtocolService.java:lambda$onCompleted$5(159)) - s2: Completed APPEND_ENTRIES, lastReply: serverReply {
  requestorId: "s1"
  replyId: "s2"
  raftGroupId {
    id: "\234J\210\226F\355@\005\237\326\373\217\375\377\3735"
  }
  callId: 7
  success: true
}
term: 1
nextIndex: 1
matchIndex: 18446744073709551615
isHearbeat: true

2023-12-01 03:55:45,197 [grpc-default-executor-9] INFO  server.GrpcLogAppender (GrpcLogAppender.java:onCompleted(469)) - s1@group-FB8FFDFFFB35->s2-AppendLogResponseHandler: follower responses appendEntries COMPLETED
2023-12-01 03:55:45,194 [s1-impl-thread1] INFO  impl.PendingRequests (PendingRequests.java:sendNotLeaderResponses(289)) - s1@group-FB8FFDFFFB35-PendingRequests: sendNotLeaderResponses
2023-12-01 03:55:45,198 [MiniRaftCluster-4] INFO  server.GrpcService (GrpcService.java:closeImpl(320)) - s0: shutdown server org.apache.ratis.grpc.server.GrpcClientProtocolService successfully
2023-12-01 03:55:45,199 [MiniRaftCluster-4] INFO  server.GrpcService (GrpcService.java:closeImpl(311)) - s0: shutdown server GrpcServerProtocolService now
2023-12-01 03:55:45,199 [grpc-default-executor-5] INFO  server.GrpcLogAppender (GrpcLogAppender.java:onCompleted(469)) - s1@group-FB8FFDFFFB35->s0-AppendLogResponseHandler: follower responses appendEntries COMPLETED
2023-12-01 03:55:45,199 [s2-impl-thread1] INFO  server.RaftServer$Division (RaftServerImpl.java:lambda$close$3(516)) - s2@group-FB8FFDFFFB35: shutdown
2023-12-01 03:55:45,199 [s2-impl-thread1] INFO  util.JmxRegister (JmxRegister.java:unregister(73)) - Successfully un-registered JMX Bean with object name Ratis:service=RaftServer,group=group-FB8FFDFFFB35,id=s2
2023-12-01 03:55:45,199 [MiniRaftCluster-6] INFO  server.GrpcService (GrpcService.java:closeImpl(311)) - s2: shutdown server org.apache.ratis.grpc.server.GrpcClientProtocolService now
2023-12-01 03:55:45,199 [s2-impl-thread1] INFO  impl.RoleInfo (RoleInfo.java:shutdownFollowerState(110)) - s2: shutdown s2@group-FB8FFDFFFB35-FollowerState
2023-12-01 03:55:45,199 [s2-impl-thread1] INFO  impl.StateMachineUpdater (StateMachineUpdater.java:stopAndJoin(157)) - s2@group-FB8FFDFFFB35-StateMachineUpdater: set stopIndex = 9
2023-12-01 03:55:45,199 [s2@group-FB8FFDFFFB35-FollowerState] INFO  impl.FollowerState (FollowerState.java:run(152)) - s2@group-FB8FFDFFFB35-FollowerState was interrupted
2023-12-01 03:55:45,199 [s2-impl-thread1] INFO  server.RaftServer$Division (ServerState.java:close(423)) - s2@group-FB8FFDFFFB35: applyIndex: 9
2023-12-01 03:55:45,199 [s2@group-FB8FFDFFFB35-cacheEviction-AwaitToRun] INFO  util.AwaitToRun (AwaitToRun.java:run(49)) - s2@group-FB8FFDFFFB35-cacheEviction-AwaitToRun-AwaitForSignal is interrupted
2023-12-01 03:55:45,202 [Thread-157] INFO  server.GrpcServerProtocolClient (GrpcServerProtocolClient.java:close(103)) - s0 Close channels
2023-12-01 03:55:45,203 [Thread-159] INFO  server.GrpcServerProtocolClient (GrpcServerProtocolClient.java:close(103)) - s2 Close channels
2023-12-01 03:55:45,203 [s1-impl-thread1] INFO  impl.StateMachineUpdater (StateMachineUpdater.java:stopAndJoin(157)) - s1@group-FB8FFDFFFB35-StateMachineUpdater: set stopIndex = 10
2023-12-01 03:55:45,203 [s1-impl-thread1] INFO  server.RaftServer$Division (ServerState.java:close(423)) - s1@group-FB8FFDFFFB35: applyIndex: 10
2023-12-01 03:55:45,203 [s1@group-FB8FFDFFFB35-cacheEviction-AwaitToRun] INFO  util.AwaitToRun (AwaitToRun.java:run(49)) - s1@group-FB8FFDFFFB35-cacheEviction-AwaitToRun-AwaitForSignal is interrupted
2023-12-01 03:55:45,207 [MiniRaftCluster-4] INFO  server.GrpcService (GrpcService.java:closeImpl(320)) - s0: shutdown server GrpcServerProtocolService successfully
2023-12-01 03:55:45,208 [MiniRaftCluster-4] INFO  server.GrpcService (GrpcService.java:closeImpl(311)) - s0: shutdown server org.apache.ratis.grpc.server.GrpcAdminProtocolService now
2023-12-01 03:55:45,208 [MiniRaftCluster-5] INFO  server.GrpcService (GrpcService.java:closeImpl(320)) - s1: shutdown server org.apache.ratis.grpc.server.GrpcClientProtocolService successfully
2023-12-01 03:55:45,208 [MiniRaftCluster-5] INFO  server.GrpcService (GrpcService.java:closeImpl(311)) - s1: shutdown server GrpcServerProtocolService now
2023-12-01 03:55:45,209 [MiniRaftCluster-6] INFO  server.GrpcService (GrpcService.java:closeImpl(320)) - s2: shutdown server org.apache.ratis.grpc.server.GrpcClientProtocolService successfully
2023-12-01 03:55:45,209 [MiniRaftCluster-6] INFO  server.GrpcService (GrpcService.java:closeImpl(311)) - s2: shutdown server GrpcServerProtocolService now
2023-12-01 03:55:45,214 [MiniRaftCluster-4] INFO  server.GrpcService (GrpcService.java:closeImpl(320)) - s0: shutdown server org.apache.ratis.grpc.server.GrpcAdminProtocolService successfully
2023-12-01 03:55:45,214 [MiniRaftCluster-5] INFO  server.GrpcService (GrpcService.java:closeImpl(320)) - s1: shutdown server GrpcServerProtocolService successfully
2023-12-01 03:55:45,215 [MiniRaftCluster-5] INFO  server.GrpcService (GrpcService.java:closeImpl(311)) - s1: shutdown server org.apache.ratis.grpc.server.GrpcAdminProtocolService now
2023-12-01 03:55:45,215 [MiniRaftCluster-6] INFO  server.GrpcService (GrpcService.java:closeImpl(320)) - s2: shutdown server GrpcServerProtocolService successfully
2023-12-01 03:55:45,215 [MiniRaftCluster-6] INFO  server.GrpcService (GrpcService.java:closeImpl(311)) - s2: shutdown server org.apache.ratis.grpc.server.GrpcAdminProtocolService now
2023-12-01 03:55:45,217 [MiniRaftCluster-5] INFO  server.GrpcService (GrpcService.java:closeImpl(320)) - s1: shutdown server org.apache.ratis.grpc.server.GrpcAdminProtocolService successfully
2023-12-01 03:55:45,220 [MiniRaftCluster-6] INFO  server.GrpcService (GrpcService.java:closeImpl(320)) - s2: shutdown server org.apache.ratis.grpc.server.GrpcAdminProtocolService successfully
2023-12-01 03:55:45,290 [timer1] ERROR impl.OrderedAsync (OrderedAsync.java:lambda$sendRequest$9(247)) - client-915AA7F58988: Failed* RaftClientRequest:client-915AA7F58988->s0@group-FB8FFDFFFB35, cid=6, seq=1*, Watch(0), null
java.util.concurrent.CompletionException: org.apache.ratis.protocol.exceptions.AlreadyClosedException: client-915AA7F58988 is already CLOSED
	at java.base/java.util.concurrent.CompletableFuture.encodeThrowable(CompletableFuture.java:331)
	at java.base/java.util.concurrent.CompletableFuture.uniApplyNow(CompletableFuture.java:670)
	at java.base/java.util.concurrent.CompletableFuture.uniApplyStage(CompletableFuture.java:658)
	at java.base/java.util.concurrent.CompletableFuture.thenApply(CompletableFuture.java:2100)
	at org.apache.ratis.client.impl.OrderedAsync.sendRequest(OrderedAsync.java:239)
	at org.apache.ratis.client.impl.OrderedAsync.sendRequestWithRetry(OrderedAsync.java:203)
	at org.apache.ratis.util.SlidingWindow$Client.sendOrDelayRequest(SlidingWindow.java:312)
	at org.apache.ratis.util.SlidingWindow$Client.retry(SlidingWindow.java:328)
	at org.apache.ratis.client.impl.OrderedAsync.lambda$scheduleWithTimeout$6(OrderedAsync.java:227)
	at org.apache.ratis.util.TimeoutTimer.lambda$onTimeout$2(TimeoutTimer.java:101)
	at org.apache.ratis.util.LogUtils.runAndLog(LogUtils.java:38)
	at org.apache.ratis.util.LogUtils$1.run(LogUtils.java:78)
	at org.apache.ratis.util.TimeoutTimer$Task.run(TimeoutTimer.java:55)
	at java.base/java.util.TimerThread.mainLoop(Timer.java:556)
	at java.base/java.util.TimerThread.run(Timer.java:506)
Caused by: org.apache.ratis.protocol.exceptions.AlreadyClosedException: client-915AA7F58988 is already CLOSED
	at org.apache.ratis.util.PeerProxyMap$PeerAndProxy.getProxy(PeerProxyMap.java:61)
	at org.apache.ratis.util.PeerProxyMap.getProxy(PeerProxyMap.java:110)
	at org.apache.ratis.grpc.client.GrpcClientRpc.sendRequestAsync(GrpcClientRpc.java:69)
	... 11 more
2023-12-01 03:55:45,392 [timer2] ERROR impl.OrderedAsync (OrderedAsync.java:lambda$sendRequest$9(247)) - client-915AA7F58988: Failed* RaftClientRequest:client-915AA7F58988->s2@group-FB8FFDFFFB35, cid=6, seq=1*, Watch(0), null
java.util.concurrent.CompletionException: org.apache.ratis.protocol.exceptions.AlreadyClosedException: client-915AA7F58988 is already CLOSED
	at java.base/java.util.concurrent.CompletableFuture.encodeThrowable(CompletableFuture.java:331)
	at java.base/java.util.concurrent.CompletableFuture.uniApplyNow(CompletableFuture.java:670)
	at java.base/java.util.concurrent.CompletableFuture.uniApplyStage(CompletableFuture.java:658)
	at java.base/java.util.concurrent.CompletableFuture.thenApply(CompletableFuture.java:2100)
	at org.apache.ratis.client.impl.OrderedAsync.sendRequest(OrderedAsync.java:239)
	at org.apache.ratis.client.impl.OrderedAsync.sendRequestWithRetry(OrderedAsync.java:203)
	at org.apache.ratis.util.SlidingWindow$Client.sendOrDelayRequest(SlidingWindow.java:312)
	at org.apache.ratis.util.SlidingWindow$Client.retry(SlidingWindow.java:328)
	at org.apache.ratis.client.impl.OrderedAsync.lambda$scheduleWithTimeout$6(OrderedAsync.java:227)
	at org.apache.ratis.util.TimeoutTimer.lambda$onTimeout$2(TimeoutTimer.java:101)
	at org.apache.ratis.util.LogUtils.runAndLog(LogUtils.java:38)
	at org.apache.ratis.util.LogUtils$1.run(LogUtils.java:78)
	at org.apache.ratis.util.TimeoutTimer$Task.run(TimeoutTimer.java:55)
	at java.base/java.util.TimerThread.mainLoop(Timer.java:556)
	at java.base/java.util.TimerThread.run(Timer.java:506)
Caused by: org.apache.ratis.protocol.exceptions.AlreadyClosedException: client-915AA7F58988 is already CLOSED
	at org.apache.ratis.util.PeerProxyMap$PeerAndProxy.getProxy(PeerProxyMap.java:61)
	at org.apache.ratis.util.PeerProxyMap.getProxy(PeerProxyMap.java:110)
	at org.apache.ratis.grpc.client.GrpcClientRpc.sendRequestAsync(GrpcClientRpc.java:69)
	... 11 more
2023-12-01 03:55:45,498 [grpc-default-executor-10] ERROR impl.OrderedAsync (OrderedAsync.java:lambda$sendRequest$9(247)) - client-915AA7F58988: Failed* RaftClientRequest:client-915AA7F58988->s0@group-FB8FFDFFFB35, cid=6, seq=1*, Watch(0), null
java.util.concurrent.CompletionException: java.io.IOException: org.apache.ratis.thirdparty.io.grpc.StatusRuntimeException: UNAVAILABLE: io exception
	at java.base/java.util.concurrent.CompletableFuture.encodeThrowable(CompletableFuture.java:331)
	at java.base/java.util.concurrent.CompletableFuture.completeThrowable(CompletableFuture.java:346)
	at java.base/java.util.concurrent.CompletableFuture$UniApply.tryFire(CompletableFuture.java:632)
	at java.base/java.util.concurrent.CompletableFuture.postComplete(CompletableFuture.java:506)
	at java.base/java.util.concurrent.CompletableFuture.completeExceptionally(CompletableFuture.java:2094)
	at org.apache.ratis.grpc.client.GrpcClientProtocolClient$AsyncStreamObservers.completeReplyExceptionally(GrpcClientProtocolClient.java:394)
	at org.apache.ratis.grpc.client.GrpcClientProtocolClient$AsyncStreamObservers.access$000(GrpcClientProtocolClient.java:300)
	at org.apache.ratis.grpc.client.GrpcClientProtocolClient$AsyncStreamObservers$1.onError(GrpcClientProtocolClient.java:331)
	at org.apache.ratis.thirdparty.io.grpc.stub.ClientCalls$StreamObserverToCallListenerAdapter.onClose(ClientCalls.java:481)
	at org.apache.ratis.thirdparty.io.grpc.PartialForwardingClientCallListener.onClose(PartialForwardingClientCallListener.java:39)
	at org.apache.ratis.thirdparty.io.grpc.ForwardingClientCallListener.onClose(ForwardingClientCallListener.java:23)
	at org.apache.ratis.grpc.metrics.intercept.client.MetricClientCallListener.onClose(MetricClientCallListener.java:47)
	at org.apache.ratis.thirdparty.io.grpc.internal.DelayedClientCall$DelayedListener$3.run(DelayedClientCall.java:489)
	at org.apache.ratis.thirdparty.io.grpc.internal.DelayedClientCall$DelayedListener.delayOrExecute(DelayedClientCall.java:453)
	at org.apache.ratis.thirdparty.io.grpc.internal.DelayedClientCall$DelayedListener.onClose(DelayedClientCall.java:486)
	at org.apache.ratis.thirdparty.io.grpc.internal.ClientCallImpl.closeObserver(ClientCallImpl.java:567)
	at org.apache.ratis.thirdparty.io.grpc.internal.ClientCallImpl.access$300(ClientCallImpl.java:71)
	at org.apache.ratis.thirdparty.io.grpc.internal.ClientCallImpl$ClientStreamListenerImpl$1StreamClosed.runInternal(ClientCallImpl.java:735)
	at org.apache.ratis.thirdparty.io.grpc.internal.ClientCallImpl$ClientStreamListenerImpl$1StreamClosed.runInContext(ClientCallImpl.java:716)
	at org.apache.ratis.thirdparty.io.grpc.internal.ContextRunnable.run(ContextRunnable.java:37)
	at org.apache.ratis.thirdparty.io.grpc.internal.SerializingExecutor.run(SerializingExecutor.java:133)
	at java.base/java.util.concurrent.ThreadPoolExecutor.runWorker(ThreadPoolExecutor.java:1128)
	at java.base/java.util.concurrent.ThreadPoolExecutor$Worker.run(ThreadPoolExecutor.java:628)
	at java.base/java.lang.Thread.run(Thread.java:829)
Caused by: java.io.IOException: org.apache.ratis.thirdparty.io.grpc.StatusRuntimeException: UNAVAILABLE: io exception
	at org.apache.ratis.grpc.GrpcUtil.unwrapException(GrpcUtil.java:99)
	at org.apache.ratis.grpc.GrpcUtil.unwrapIOException(GrpcUtil.java:159)
	at org.apache.ratis.grpc.client.GrpcClientProtocolClient$AsyncStreamObservers$1.onError(GrpcClientProtocolClient.java:330)
	... 16 more
Caused by: org.apache.ratis.thirdparty.io.grpc.StatusRuntimeException: UNAVAILABLE: io exception
	at org.apache.ratis.thirdparty.io.grpc.Status.asRuntimeException(Status.java:537)
	... 16 more
Caused by: org.apache.ratis.thirdparty.io.netty.channel.AbstractChannel$AnnotatedConnectException: finishConnect(..) failed: Connection refused: localhost/127.0.0.1:34265
Caused by: java.net.ConnectException: finishConnect(..) failed: Connection refused
	at org.apache.ratis.thirdparty.io.netty.channel.unix.Errors.newConnectException0(Errors.java:166)
	at org.apache.ratis.thirdparty.io.netty.channel.unix.Errors.handleConnectErrno(Errors.java:131)
	at org.apache.ratis.thirdparty.io.netty.channel.unix.Socket.finishConnect(Socket.java:359)
	at org.apache.ratis.thirdparty.io.netty.channel.epoll.AbstractEpollChannel$AbstractEpollUnsafe.doFinishConnect(AbstractEpollChannel.java:710)
	at org.apache.ratis.thirdparty.io.netty.channel.epoll.AbstractEpollChannel$AbstractEpollUnsafe.finishConnect(AbstractEpollChannel.java:687)
	at org.apache.ratis.thirdparty.io.netty.channel.epoll.AbstractEpollChannel$AbstractEpollUnsafe.epollOutReady(AbstractEpollChannel.java:567)
	at org.apache.ratis.thirdparty.io.netty.channel.epoll.EpollEventLoop.processReady(EpollEventLoop.java:499)
	at org.apache.ratis.thirdparty.io.netty.channel.epoll.EpollEventLoop.run(EpollEventLoop.java:407)
	at org.apache.ratis.thirdparty.io.netty.util.concurrent.SingleThreadEventExecutor$4.run(SingleThreadEventExecutor.java:997)
	at org.apache.ratis.thirdparty.io.netty.util.internal.ThreadExecutorMap$2.run(ThreadExecutorMap.java:74)
	at org.apache.ratis.thirdparty.io.netty.util.concurrent.FastThreadLocalRunnable.run(FastThreadLocalRunnable.java:30)
	at java.base/java.lang.Thread.run(Thread.java:829)
2023-12-01 03:55:45,602 [grpc-default-executor-5] ERROR impl.OrderedAsync (OrderedAsync.java:lambda$sendRequest$9(247)) - client-915AA7F58988: Failed* RaftClientRequest:client-915AA7F58988->s1@group-FB8FFDFFFB35, cid=6, seq=1*, Watch(0), null
java.util.concurrent.CompletionException: java.io.IOException: org.apache.ratis.thirdparty.io.grpc.StatusRuntimeException: UNAVAILABLE: io exception
	at java.base/java.util.concurrent.CompletableFuture.encodeThrowable(CompletableFuture.java:331)
	at java.base/java.util.concurrent.CompletableFuture.completeThrowable(CompletableFuture.java:346)
	at java.base/java.util.concurrent.CompletableFuture$UniApply.tryFire(CompletableFuture.java:632)
	at java.base/java.util.concurrent.CompletableFuture.postComplete(CompletableFuture.java:506)
	at java.base/java.util.concurrent.CompletableFuture.completeExceptionally(CompletableFuture.java:2094)
	at org.apache.ratis.grpc.client.GrpcClientProtocolClient$AsyncStreamObservers.completeReplyExceptionally(GrpcClientProtocolClient.java:394)
	at org.apache.ratis.grpc.client.GrpcClientProtocolClient$AsyncStreamObservers.access$000(GrpcClientProtocolClient.java:300)
	at org.apache.ratis.grpc.client.GrpcClientProtocolClient$AsyncStreamObservers$1.onError(GrpcClientProtocolClient.java:331)
	at org.apache.ratis.thirdparty.io.grpc.stub.ClientCalls$StreamObserverToCallListenerAdapter.onClose(ClientCalls.java:481)
	at org.apache.ratis.thirdparty.io.grpc.PartialForwardingClientCallListener.onClose(PartialForwardingClientCallListener.java:39)
	at org.apache.ratis.thirdparty.io.grpc.ForwardingClientCallListener.onClose(ForwardingClientCallListener.java:23)
	at org.apache.ratis.grpc.metrics.intercept.client.MetricClientCallListener.onClose(MetricClientCallListener.java:47)
	at org.apache.ratis.thirdparty.io.grpc.internal.DelayedClientCall$DelayedListener$3.run(DelayedClientCall.java:489)
	at org.apache.ratis.thirdparty.io.grpc.internal.DelayedClientCall$DelayedListener.delayOrExecute(DelayedClientCall.java:453)
	at org.apache.ratis.thirdparty.io.grpc.internal.DelayedClientCall$DelayedListener.onClose(DelayedClientCall.java:486)
	at org.apache.ratis.thirdparty.io.grpc.internal.ClientCallImpl.closeObserver(ClientCallImpl.java:567)
	at org.apache.ratis.thirdparty.io.grpc.internal.ClientCallImpl.access$300(ClientCallImpl.java:71)
	at org.apache.ratis.thirdparty.io.grpc.internal.ClientCallImpl$ClientStreamListenerImpl$1StreamClosed.runInternal(ClientCallImpl.java:735)
	at org.apache.ratis.thirdparty.io.grpc.internal.ClientCallImpl$ClientStreamListenerImpl$1StreamClosed.runInContext(ClientCallImpl.java:716)
	at org.apache.ratis.thirdparty.io.grpc.internal.ContextRunnable.run(ContextRunnable.java:37)
	at org.apache.ratis.thirdparty.io.grpc.internal.SerializingExecutor.run(SerializingExecutor.java:133)
	at java.base/java.util.concurrent.ThreadPoolExecutor.runWorker(ThreadPoolExecutor.java:1128)
	at java.base/java.util.concurrent.ThreadPoolExecutor$Worker.run(ThreadPoolExecutor.java:628)
	at java.base/java.lang.Thread.run(Thread.java:829)
Caused by: java.io.IOException: org.apache.ratis.thirdparty.io.grpc.StatusRuntimeException: UNAVAILABLE: io exception
	at org.apache.ratis.grpc.GrpcUtil.unwrapException(GrpcUtil.java:99)
	at org.apache.ratis.grpc.GrpcUtil.unwrapIOException(GrpcUtil.java:159)
	at org.apache.ratis.grpc.client.GrpcClientProtocolClient$AsyncStreamObservers$1.onError(GrpcClientProtocolClient.java:330)
	... 16 more
Caused by: org.apache.ratis.thirdparty.io.grpc.StatusRuntimeException: UNAVAILABLE: io exception
	at org.apache.ratis.thirdparty.io.grpc.Status.asRuntimeException(Status.java:537)
	... 16 more
Caused by: org.apache.ratis.thirdparty.io.netty.channel.AbstractChannel$AnnotatedConnectException: finishConnect(..) failed: Connection refused: localhost/127.0.0.1:36299
Caused by: java.net.ConnectException: finishConnect(..) failed: Connection refused
	at org.apache.ratis.thirdparty.io.netty.channel.unix.Errors.newConnectException0(Errors.java:166)
	at org.apache.ratis.thirdparty.io.netty.channel.unix.Errors.handleConnectErrno(Errors.java:131)
	at org.apache.ratis.thirdparty.io.netty.channel.unix.Socket.finishConnect(Socket.java:359)
	at org.apache.ratis.thirdparty.io.netty.channel.epoll.AbstractEpollChannel$AbstractEpollUnsafe.doFinishConnect(AbstractEpollChannel.java:710)
	at org.apache.ratis.thirdparty.io.netty.channel.epoll.AbstractEpollChannel$AbstractEpollUnsafe.finishConnect(AbstractEpollChannel.java:687)
	at org.apache.ratis.thirdparty.io.netty.channel.epoll.AbstractEpollChannel$AbstractEpollUnsafe.epollOutReady(AbstractEpollChannel.java:567)
	at org.apache.ratis.thirdparty.io.netty.channel.epoll.EpollEventLoop.processReady(EpollEventLoop.java:499)
	at org.apache.ratis.thirdparty.io.netty.channel.epoll.EpollEventLoop.run(EpollEventLoop.java:407)
	at org.apache.ratis.thirdparty.io.netty.util.concurrent.SingleThreadEventExecutor$4.run(SingleThreadEventExecutor.java:997)
	at org.apache.ratis.thirdparty.io.netty.util.internal.ThreadExecutorMap$2.run(ThreadExecutorMap.java:74)
	at org.apache.ratis.thirdparty.io.netty.util.concurrent.FastThreadLocalRunnable.run(FastThreadLocalRunnable.java:30)
	at java.base/java.lang.Thread.run(Thread.java:829)
2023-12-01 03:55:45,707 [grpc-default-executor-10] ERROR impl.OrderedAsync (OrderedAsync.java:lambda$sendRequest$9(247)) - client-915AA7F58988: Failed* RaftClientRequest:client-915AA7F58988->s2@group-FB8FFDFFFB35, cid=6, seq=1*, Watch(0), null
java.util.concurrent.CompletionException: java.io.IOException: org.apache.ratis.thirdparty.io.grpc.StatusRuntimeException: UNAVAILABLE: io exception
	at java.base/java.util.concurrent.CompletableFuture.encodeThrowable(CompletableFuture.java:331)
	at java.base/java.util.concurrent.CompletableFuture.completeThrowable(CompletableFuture.java:346)
	at java.base/java.util.concurrent.CompletableFuture$UniApply.tryFire(CompletableFuture.java:632)
	at java.base/java.util.concurrent.CompletableFuture.postComplete(CompletableFuture.java:506)
	at java.base/java.util.concurrent.CompletableFuture.completeExceptionally(CompletableFuture.java:2094)
	at org.apache.ratis.grpc.client.GrpcClientProtocolClient$AsyncStreamObservers.completeReplyExceptionally(GrpcClientProtocolClient.java:394)
	at org.apache.ratis.grpc.client.GrpcClientProtocolClient$AsyncStreamObservers.access$000(GrpcClientProtocolClient.java:300)
	at org.apache.ratis.grpc.client.GrpcClientProtocolClient$AsyncStreamObservers$1.onError(GrpcClientProtocolClient.java:331)
	at org.apache.ratis.thirdparty.io.grpc.stub.ClientCalls$StreamObserverToCallListenerAdapter.onClose(ClientCalls.java:481)
	at org.apache.ratis.thirdparty.io.grpc.PartialForwardingClientCallListener.onClose(PartialForwardingClientCallListener.java:39)
	at org.apache.ratis.thirdparty.io.grpc.ForwardingClientCallListener.onClose(ForwardingClientCallListener.java:23)
	at org.apache.ratis.grpc.metrics.intercept.client.MetricClientCallListener.onClose(MetricClientCallListener.java:47)
	at org.apache.ratis.thirdparty.io.grpc.internal.DelayedClientCall$DelayedListener$3.run(DelayedClientCall.java:489)
	at org.apache.ratis.thirdparty.io.grpc.internal.DelayedClientCall$DelayedListener.delayOrExecute(DelayedClientCall.java:453)
	at org.apache.ratis.thirdparty.io.grpc.internal.DelayedClientCall$DelayedListener.onClose(DelayedClientCall.java:486)
	at org.apache.ratis.thirdparty.io.grpc.internal.ClientCallImpl.closeObserver(ClientCallImpl.java:567)
	at org.apache.ratis.thirdparty.io.grpc.internal.ClientCallImpl.access$300(ClientCallImpl.java:71)
	at org.apache.ratis.thirdparty.io.grpc.internal.ClientCallImpl$ClientStreamListenerImpl$1StreamClosed.runInternal(ClientCallImpl.java:735)
	at org.apache.ratis.thirdparty.io.grpc.internal.ClientCallImpl$ClientStreamListenerImpl$1StreamClosed.runInContext(ClientCallImpl.java:716)
	at org.apache.ratis.thirdparty.io.grpc.internal.ContextRunnable.run(ContextRunnable.java:37)
	at org.apache.ratis.thirdparty.io.grpc.internal.SerializingExecutor.run(SerializingExecutor.java:133)
	at java.base/java.util.concurrent.ThreadPoolExecutor.runWorker(ThreadPoolExecutor.java:1128)
	at java.base/java.util.concurrent.ThreadPoolExecutor$Worker.run(ThreadPoolExecutor.java:628)
	at java.base/java.lang.Thread.run(Thread.java:829)
Caused by: java.io.IOException: org.apache.ratis.thirdparty.io.grpc.StatusRuntimeException: UNAVAILABLE: io exception
	at org.apache.ratis.grpc.GrpcUtil.unwrapException(GrpcUtil.java:99)
	at org.apache.ratis.grpc.GrpcUtil.unwrapIOException(GrpcUtil.java:159)
	at org.apache.ratis.grpc.client.GrpcClientProtocolClient$AsyncStreamObservers$1.onError(GrpcClientProtocolClient.java:330)
	... 16 more
Caused by: org.apache.ratis.thirdparty.io.grpc.StatusRuntimeException: UNAVAILABLE: io exception
	at org.apache.ratis.thirdparty.io.grpc.Status.asRuntimeException(Status.java:537)
	... 16 more
Caused by: org.apache.ratis.thirdparty.io.netty.channel.AbstractChannel$AnnotatedConnectException: finishConnect(..) failed: Connection refused: localhost/127.0.0.1:34227
Caused by: java.net.ConnectException: finishConnect(..) failed: Connection refused
	at org.apache.ratis.thirdparty.io.netty.channel.unix.Errors.newConnectException0(Errors.java:166)
	at org.apache.ratis.thirdparty.io.netty.channel.unix.Errors.handleConnectErrno(Errors.java:131)
	at org.apache.ratis.thirdparty.io.netty.channel.unix.Socket.finishConnect(Socket.java:359)
	at org.apache.ratis.thirdparty.io.netty.channel.epoll.AbstractEpollChannel$AbstractEpollUnsafe.doFinishConnect(AbstractEpollChannel.java:710)
	at org.apache.ratis.thirdparty.io.netty.channel.epoll.AbstractEpollChannel$AbstractEpollUnsafe.finishConnect(AbstractEpollChannel.java:687)
	at org.apache.ratis.thirdparty.io.netty.channel.epoll.AbstractEpollChannel$AbstractEpollUnsafe.epollOutReady(AbstractEpollChannel.java:567)
	at org.apache.ratis.thirdparty.io.netty.channel.epoll.EpollEventLoop.processReady(EpollEventLoop.java:499)
	at org.apache.ratis.thirdparty.io.netty.channel.epoll.EpollEventLoop.run(EpollEventLoop.java:407)
	at org.apache.ratis.thirdparty.io.netty.util.concurrent.SingleThreadEventExecutor$4.run(SingleThreadEventExecutor.java:997)
	at org.apache.ratis.thirdparty.io.netty.util.internal.ThreadExecutorMap$2.run(ThreadExecutorMap.java:74)
	at org.apache.ratis.thirdparty.io.netty.util.concurrent.FastThreadLocalRunnable.run(FastThreadLocalRunnable.java:30)
	at java.base/java.lang.Thread.run(Thread.java:829)
2023-12-01 03:55:45,810 [grpc-default-executor-11] ERROR impl.OrderedAsync (OrderedAsync.java:lambda$sendRequest$9(247)) - client-915AA7F58988: Failed* RaftClientRequest:client-915AA7F58988->s1@group-FB8FFDFFFB35, cid=6, seq=1*, Watch(0), null
java.util.concurrent.CompletionException: java.io.IOException: org.apache.ratis.thirdparty.io.grpc.StatusRuntimeException: UNAVAILABLE: io exception
	at java.base/java.util.concurrent.CompletableFuture.encodeThrowable(CompletableFuture.java:331)
	at java.base/java.util.concurrent.CompletableFuture.completeThrowable(CompletableFuture.java:346)
	at java.base/java.util.concurrent.CompletableFuture$UniApply.tryFire(CompletableFuture.java:632)
	at java.base/java.util.concurrent.CompletableFuture.postComplete(CompletableFuture.java:506)
	at java.base/java.util.concurrent.CompletableFuture.completeExceptionally(CompletableFuture.java:2094)
	at org.apache.ratis.grpc.client.GrpcClientProtocolClient$AsyncStreamObservers.completeReplyExceptionally(GrpcClientProtocolClient.java:394)
	at org.apache.ratis.grpc.client.GrpcClientProtocolClient$AsyncStreamObservers.access$000(GrpcClientProtocolClient.java:300)
	at org.apache.ratis.grpc.client.GrpcClientProtocolClient$AsyncStreamObservers$1.onError(GrpcClientProtocolClient.java:331)
	at org.apache.ratis.thirdparty.io.grpc.stub.ClientCalls$StreamObserverToCallListenerAdapter.onClose(ClientCalls.java:481)
	at org.apache.ratis.thirdparty.io.grpc.PartialForwardingClientCallListener.onClose(PartialForwardingClientCallListener.java:39)
	at org.apache.ratis.thirdparty.io.grpc.ForwardingClientCallListener.onClose(ForwardingClientCallListener.java:23)
	at org.apache.ratis.grpc.metrics.intercept.client.MetricClientCallListener.onClose(MetricClientCallListener.java:47)
	at org.apache.ratis.thirdparty.io.grpc.internal.DelayedClientCall$DelayedListener$3.run(DelayedClientCall.java:489)
	at org.apache.ratis.thirdparty.io.grpc.internal.DelayedClientCall$DelayedListener.delayOrExecute(DelayedClientCall.java:453)
	at org.apache.ratis.thirdparty.io.grpc.internal.DelayedClientCall$DelayedListener.onClose(DelayedClientCall.java:486)
	at org.apache.ratis.thirdparty.io.grpc.internal.ClientCallImpl.closeObserver(ClientCallImpl.java:567)
	at org.apache.ratis.thirdparty.io.grpc.internal.ClientCallImpl.access$300(ClientCallImpl.java:71)
	at org.apache.ratis.thirdparty.io.grpc.internal.ClientCallImpl$ClientStreamListenerImpl$1StreamClosed.runInternal(ClientCallImpl.java:735)
	at org.apache.ratis.thirdparty.io.grpc.internal.ClientCallImpl$ClientStreamListenerImpl$1StreamClosed.runInContext(ClientCallImpl.java:716)
	at org.apache.ratis.thirdparty.io.grpc.internal.ContextRunnable.run(ContextRunnable.java:37)
	at org.apache.ratis.thirdparty.io.grpc.internal.SerializingExecutor.run(SerializingExecutor.java:133)
	at java.base/java.util.concurrent.ThreadPoolExecutor.runWorker(ThreadPoolExecutor.java:1128)
	at java.base/java.util.concurrent.ThreadPoolExecutor$Worker.run(ThreadPoolExecutor.java:628)
	at java.base/java.lang.Thread.run(Thread.java:829)
Caused by: java.io.IOException: org.apache.ratis.thirdparty.io.grpc.StatusRuntimeException: UNAVAILABLE: io exception
	at org.apache.ratis.grpc.GrpcUtil.unwrapException(GrpcUtil.java:99)
	at org.apache.ratis.grpc.GrpcUtil.unwrapIOException(GrpcUtil.java:159)
	at org.apache.ratis.grpc.client.GrpcClientProtocolClient$AsyncStreamObservers$1.onError(GrpcClientProtocolClient.java:330)
	... 16 more
Caused by: org.apache.ratis.thirdparty.io.grpc.StatusRuntimeException: UNAVAILABLE: io exception
	at org.apache.ratis.thirdparty.io.grpc.Status.asRuntimeException(Status.java:537)
	... 16 more
Caused by: org.apache.ratis.thirdparty.io.netty.channel.AbstractChannel$AnnotatedConnectException: finishConnect(..) failed: Connection refused: localhost/127.0.0.1:36299
Caused by: java.net.ConnectException: finishConnect(..) failed: Connection refused
	at org.apache.ratis.thirdparty.io.netty.channel.unix.Errors.newConnectException0(Errors.java:166)
	at org.apache.ratis.thirdparty.io.netty.channel.unix.Errors.handleConnectErrno(Errors.java:131)
	at org.apache.ratis.thirdparty.io.netty.channel.unix.Socket.finishConnect(Socket.java:359)
	at org.apache.ratis.thirdparty.io.netty.channel.epoll.AbstractEpollChannel$AbstractEpollUnsafe.doFinishConnect(AbstractEpollChannel.java:710)
	at org.apache.ratis.thirdparty.io.netty.channel.epoll.AbstractEpollChannel$AbstractEpollUnsafe.finishConnect(AbstractEpollChannel.java:687)
	at org.apache.ratis.thirdparty.io.netty.channel.epoll.AbstractEpollChannel$AbstractEpollUnsafe.epollOutReady(AbstractEpollChannel.java:567)
	at org.apache.ratis.thirdparty.io.netty.channel.epoll.EpollEventLoop.processReady(EpollEventLoop.java:499)
	at org.apache.ratis.thirdparty.io.netty.channel.epoll.EpollEventLoop.run(EpollEventLoop.java:407)
	at org.apache.ratis.thirdparty.io.netty.util.concurrent.SingleThreadEventExecutor$4.run(SingleThreadEventExecutor.java:997)
	at org.apache.ratis.thirdparty.io.netty.util.internal.ThreadExecutorMap$2.run(ThreadExecutorMap.java:74)
	at org.apache.ratis.thirdparty.io.netty.util.concurrent.FastThreadLocalRunnable.run(FastThreadLocalRunnable.java:30)
	at java.base/java.lang.Thread.run(Thread.java:829)
2023-12-01 03:55:45,914 [grpc-default-executor-5] ERROR impl.OrderedAsync (OrderedAsync.java:lambda$sendRequest$9(247)) - client-915AA7F58988: Failed* RaftClientRequest:client-915AA7F58988->s0@group-FB8FFDFFFB35, cid=6, seq=1*, Watch(0), null
java.util.concurrent.CompletionException: java.io.IOException: org.apache.ratis.thirdparty.io.grpc.StatusRuntimeException: UNAVAILABLE: io exception
	at java.base/java.util.concurrent.CompletableFuture.encodeThrowable(CompletableFuture.java:331)
	at java.base/java.util.concurrent.CompletableFuture.completeThrowable(CompletableFuture.java:346)
	at java.base/java.util.concurrent.CompletableFuture$UniApply.tryFire(CompletableFuture.java:632)
	at java.base/java.util.concurrent.CompletableFuture.postComplete(CompletableFuture.java:506)
	at java.base/java.util.concurrent.CompletableFuture.completeExceptionally(CompletableFuture.java:2094)
	at org.apache.ratis.grpc.client.GrpcClientProtocolClient$AsyncStreamObservers.completeReplyExceptionally(GrpcClientProtocolClient.java:394)
	at org.apache.ratis.grpc.client.GrpcClientProtocolClient$AsyncStreamObservers.access$000(GrpcClientProtocolClient.java:300)
	at org.apache.ratis.grpc.client.GrpcClientProtocolClient$AsyncStreamObservers$1.onError(GrpcClientProtocolClient.java:331)
	at org.apache.ratis.thirdparty.io.grpc.stub.ClientCalls$StreamObserverToCallListenerAdapter.onClose(ClientCalls.java:481)
	at org.apache.ratis.thirdparty.io.grpc.PartialForwardingClientCallListener.onClose(PartialForwardingClientCallListener.java:39)
	at org.apache.ratis.thirdparty.io.grpc.ForwardingClientCallListener.onClose(ForwardingClientCallListener.java:23)
	at org.apache.ratis.grpc.metrics.intercept.client.MetricClientCallListener.onClose(MetricClientCallListener.java:47)
	at org.apache.ratis.thirdparty.io.grpc.internal.DelayedClientCall$DelayedListener$3.run(DelayedClientCall.java:489)
	at org.apache.ratis.thirdparty.io.grpc.internal.DelayedClientCall$DelayedListener.delayOrExecute(DelayedClientCall.java:453)
	at org.apache.ratis.thirdparty.io.grpc.internal.DelayedClientCall$DelayedListener.onClose(DelayedClientCall.java:486)
	at org.apache.ratis.thirdparty.io.grpc.internal.ClientCallImpl.closeObserver(ClientCallImpl.java:567)
	at org.apache.ratis.thirdparty.io.grpc.internal.ClientCallImpl.access$300(ClientCallImpl.java:71)
	at org.apache.ratis.thirdparty.io.grpc.internal.ClientCallImpl$ClientStreamListenerImpl$1StreamClosed.runInternal(ClientCallImpl.java:735)
	at org.apache.ratis.thirdparty.io.grpc.internal.ClientCallImpl$ClientStreamListenerImpl$1StreamClosed.runInContext(ClientCallImpl.java:716)
	at org.apache.ratis.thirdparty.io.grpc.internal.ContextRunnable.run(ContextRunnable.java:37)
	at org.apache.ratis.thirdparty.io.grpc.internal.SerializingExecutor.run(SerializingExecutor.java:133)
	at java.base/java.util.concurrent.ThreadPoolExecutor.runWorker(ThreadPoolExecutor.java:1128)
	at java.base/java.util.concurrent.ThreadPoolExecutor$Worker.run(ThreadPoolExecutor.java:628)
	at java.base/java.lang.Thread.run(Thread.java:829)
Caused by: java.io.IOException: org.apache.ratis.thirdparty.io.grpc.StatusRuntimeException: UNAVAILABLE: io exception
	at org.apache.ratis.grpc.GrpcUtil.unwrapException(GrpcUtil.java:99)
	at org.apache.ratis.grpc.GrpcUtil.unwrapIOException(GrpcUtil.java:159)
	at org.apache.ratis.grpc.client.GrpcClientProtocolClient$AsyncStreamObservers$1.onError(GrpcClientProtocolClient.java:330)
	... 16 more
Caused by: org.apache.ratis.thirdparty.io.grpc.StatusRuntimeException: UNAVAILABLE: io exception
	at org.apache.ratis.thirdparty.io.grpc.Status.asRuntimeException(Status.java:537)
	... 16 more
Caused by: org.apache.ratis.thirdparty.io.netty.channel.AbstractChannel$AnnotatedConnectException: finishConnect(..) failed: Connection refused: localhost/127.0.0.1:34265
Caused by: java.net.ConnectException: finishConnect(..) failed: Connection refused
	at org.apache.ratis.thirdparty.io.netty.channel.unix.Errors.newConnectException0(Errors.java:166)
	at org.apache.ratis.thirdparty.io.netty.channel.unix.Errors.handleConnectErrno(Errors.java:131)
	at org.apache.ratis.thirdparty.io.netty.channel.unix.Socket.finishConnect(Socket.java:359)
	at org.apache.ratis.thirdparty.io.netty.channel.epoll.AbstractEpollChannel$AbstractEpollUnsafe.doFinishConnect(AbstractEpollChannel.java:710)
	at org.apache.ratis.thirdparty.io.netty.channel.epoll.AbstractEpollChannel$AbstractEpollUnsafe.finishConnect(AbstractEpollChannel.java:687)
	at org.apache.ratis.thirdparty.io.netty.channel.epoll.AbstractEpollChannel$AbstractEpollUnsafe.epollOutReady(AbstractEpollChannel.java:567)
	at org.apache.ratis.thirdparty.io.netty.channel.epoll.EpollEventLoop.processReady(EpollEventLoop.java:499)
	at org.apache.ratis.thirdparty.io.netty.channel.epoll.EpollEventLoop.run(EpollEventLoop.java:407)
	at org.apache.ratis.thirdparty.io.netty.util.concurrent.SingleThreadEventExecutor$4.run(SingleThreadEventExecutor.java:997)
	at org.apache.ratis.thirdparty.io.netty.util.internal.ThreadExecutorMap$2.run(ThreadExecutorMap.java:74)
	at org.apache.ratis.thirdparty.io.netty.util.concurrent.FastThreadLocalRunnable.run(FastThreadLocalRunnable.java:30)
	at java.base/java.lang.Thread.run(Thread.java:829)
2023-12-01 03:55:46,019 [grpc-default-executor-11] ERROR impl.OrderedAsync (OrderedAsync.java:lambda$sendRequest$9(247)) - client-915AA7F58988: Failed* RaftClientRequest:client-915AA7F58988->s1@group-FB8FFDFFFB35, cid=6, seq=1*, Watch(0), null
java.util.concurrent.CompletionException: java.io.IOException: org.apache.ratis.thirdparty.io.grpc.StatusRuntimeException: UNAVAILABLE: io exception
	at java.base/java.util.concurrent.CompletableFuture.encodeThrowable(CompletableFuture.java:331)
	at java.base/java.util.concurrent.CompletableFuture.completeThrowable(CompletableFuture.java:346)
	at java.base/java.util.concurrent.CompletableFuture$UniApply.tryFire(CompletableFuture.java:632)
	at java.base/java.util.concurrent.CompletableFuture.postComplete(CompletableFuture.java:506)
	at java.base/java.util.concurrent.CompletableFuture.completeExceptionally(CompletableFuture.java:2094)
	at org.apache.ratis.grpc.client.GrpcClientProtocolClient$AsyncStreamObservers.completeReplyExceptionally(GrpcClientProtocolClient.java:394)
	at org.apache.ratis.grpc.client.GrpcClientProtocolClient$AsyncStreamObservers.access$000(GrpcClientProtocolClient.java:300)
	at org.apache.ratis.grpc.client.GrpcClientProtocolClient$AsyncStreamObservers$1.onError(GrpcClientProtocolClient.java:331)
	at org.apache.ratis.thirdparty.io.grpc.stub.ClientCalls$StreamObserverToCallListenerAdapter.onClose(ClientCalls.java:481)
	at org.apache.ratis.thirdparty.io.grpc.PartialForwardingClientCallListener.onClose(PartialForwardingClientCallListener.java:39)
	at org.apache.ratis.thirdparty.io.grpc.ForwardingClientCallListener.onClose(ForwardingClientCallListener.java:23)
	at org.apache.ratis.grpc.metrics.intercept.client.MetricClientCallListener.onClose(MetricClientCallListener.java:47)
	at org.apache.ratis.thirdparty.io.grpc.internal.DelayedClientCall$DelayedListener$3.run(DelayedClientCall.java:489)
	at org.apache.ratis.thirdparty.io.grpc.internal.DelayedClientCall$DelayedListener.delayOrExecute(DelayedClientCall.java:453)
	at org.apache.ratis.thirdparty.io.grpc.internal.DelayedClientCall$DelayedListener.onClose(DelayedClientCall.java:486)
	at org.apache.ratis.thirdparty.io.grpc.internal.ClientCallImpl.closeObserver(ClientCallImpl.java:567)
	at org.apache.ratis.thirdparty.io.grpc.internal.ClientCallImpl.access$300(ClientCallImpl.java:71)
	at org.apache.ratis.thirdparty.io.grpc.internal.ClientCallImpl$ClientStreamListenerImpl$1StreamClosed.runInternal(ClientCallImpl.java:735)
	at org.apache.ratis.thirdparty.io.grpc.internal.ClientCallImpl$ClientStreamListenerImpl$1StreamClosed.runInContext(ClientCallImpl.java:716)
	at org.apache.ratis.thirdparty.io.grpc.internal.ContextRunnable.run(ContextRunnable.java:37)
	at org.apache.ratis.thirdparty.io.grpc.internal.SerializingExecutor.run(SerializingExecutor.java:133)
	at java.base/java.util.concurrent.ThreadPoolExecutor.runWorker(ThreadPoolExecutor.java:1128)
	at java.base/java.util.concurrent.ThreadPoolExecutor$Worker.run(ThreadPoolExecutor.java:628)
	at java.base/java.lang.Thread.run(Thread.java:829)
Caused by: java.io.IOException: org.apache.ratis.thirdparty.io.grpc.StatusRuntimeException: UNAVAILABLE: io exception
	at org.apache.ratis.grpc.GrpcUtil.unwrapException(GrpcUtil.java:99)
	at org.apache.ratis.grpc.GrpcUtil.unwrapIOException(GrpcUtil.java:159)
	at org.apache.ratis.grpc.client.GrpcClientProtocolClient$AsyncStreamObservers$1.onError(GrpcClientProtocolClient.java:330)
	... 16 more
Caused by: org.apache.ratis.thirdparty.io.grpc.StatusRuntimeException: UNAVAILABLE: io exception
	at org.apache.ratis.thirdparty.io.grpc.Status.asRuntimeException(Status.java:537)
	... 16 more
Caused by: org.apache.ratis.thirdparty.io.netty.channel.AbstractChannel$AnnotatedConnectException: finishConnect(..) failed: Connection refused: localhost/127.0.0.1:36299
Caused by: java.net.ConnectException: finishConnect(..) failed: Connection refused
	at org.apache.ratis.thirdparty.io.netty.channel.unix.Errors.newConnectException0(Errors.java:166)
	at org.apache.ratis.thirdparty.io.netty.channel.unix.Errors.handleConnectErrno(Errors.java:131)
	at org.apache.ratis.thirdparty.io.netty.channel.unix.Socket.finishConnect(Socket.java:359)
	at org.apache.ratis.thirdparty.io.netty.channel.epoll.AbstractEpollChannel$AbstractEpollUnsafe.doFinishConnect(AbstractEpollChannel.java:710)
	at org.apache.ratis.thirdparty.io.netty.channel.epoll.AbstractEpollChannel$AbstractEpollUnsafe.finishConnect(AbstractEpollChannel.java:687)
	at org.apache.ratis.thirdparty.io.netty.channel.epoll.AbstractEpollChannel$AbstractEpollUnsafe.epollOutReady(AbstractEpollChannel.java:567)
	at org.apache.ratis.thirdparty.io.netty.channel.epoll.EpollEventLoop.processReady(EpollEventLoop.java:499)
	at org.apache.ratis.thirdparty.io.netty.channel.epoll.EpollEventLoop.run(EpollEventLoop.java:407)
	at org.apache.ratis.thirdparty.io.netty.util.concurrent.SingleThreadEventExecutor$4.run(SingleThreadEventExecutor.java:997)
	at org.apache.ratis.thirdparty.io.netty.util.internal.ThreadExecutorMap$2.run(ThreadExecutorMap.java:74)
	at org.apache.ratis.thirdparty.io.netty.util.concurrent.FastThreadLocalRunnable.run(FastThreadLocalRunnable.java:30)
	at java.base/java.lang.Thread.run(Thread.java:829)
2023-12-01 03:55:46,124 [grpc-default-executor-5] ERROR impl.OrderedAsync (OrderedAsync.java:lambda$sendRequest$9(247)) - client-915AA7F58988: Failed* RaftClientRequest:client-915AA7F58988->s0@group-FB8FFDFFFB35, cid=6, seq=1*, Watch(0), null
java.util.concurrent.CompletionException: java.io.IOException: org.apache.ratis.thirdparty.io.grpc.StatusRuntimeException: UNAVAILABLE: io exception
	at java.base/java.util.concurrent.CompletableFuture.encodeThrowable(CompletableFuture.java:331)
	at java.base/java.util.concurrent.CompletableFuture.completeThrowable(CompletableFuture.java:346)
	at java.base/java.util.concurrent.CompletableFuture$UniApply.tryFire(CompletableFuture.java:632)
	at java.base/java.util.concurrent.CompletableFuture.postComplete(CompletableFuture.java:506)
	at java.base/java.util.concurrent.CompletableFuture.completeExceptionally(CompletableFuture.java:2094)
	at org.apache.ratis.grpc.client.GrpcClientProtocolClient$AsyncStreamObservers.completeReplyExceptionally(GrpcClientProtocolClient.java:394)
	at org.apache.ratis.grpc.client.GrpcClientProtocolClient$AsyncStreamObservers.access$000(GrpcClientProtocolClient.java:300)
	at org.apache.ratis.grpc.client.GrpcClientProtocolClient$AsyncStreamObservers$1.onError(GrpcClientProtocolClient.java:331)
	at org.apache.ratis.thirdparty.io.grpc.stub.ClientCalls$StreamObserverToCallListenerAdapter.onClose(ClientCalls.java:481)
	at org.apache.ratis.thirdparty.io.grpc.PartialForwardingClientCallListener.onClose(PartialForwardingClientCallListener.java:39)
	at org.apache.ratis.thirdparty.io.grpc.ForwardingClientCallListener.onClose(ForwardingClientCallListener.java:23)
	at org.apache.ratis.grpc.metrics.intercept.client.MetricClientCallListener.onClose(MetricClientCallListener.java:47)
	at org.apache.ratis.thirdparty.io.grpc.internal.DelayedClientCall$DelayedListener$3.run(DelayedClientCall.java:489)
	at org.apache.ratis.thirdparty.io.grpc.internal.DelayedClientCall$DelayedListener.delayOrExecute(DelayedClientCall.java:453)
	at org.apache.ratis.thirdparty.io.grpc.internal.DelayedClientCall$DelayedListener.onClose(DelayedClientCall.java:486)
	at org.apache.ratis.thirdparty.io.grpc.internal.ClientCallImpl.closeObserver(ClientCallImpl.java:567)
	at org.apache.ratis.thirdparty.io.grpc.internal.ClientCallImpl.access$300(ClientCallImpl.java:71)
	at org.apache.ratis.thirdparty.io.grpc.internal.ClientCallImpl$ClientStreamListenerImpl$1StreamClosed.runInternal(ClientCallImpl.java:735)
	at org.apache.ratis.thirdparty.io.grpc.internal.ClientCallImpl$ClientStreamListenerImpl$1StreamClosed.runInContext(ClientCallImpl.java:716)
	at org.apache.ratis.thirdparty.io.grpc.internal.ContextRunnable.run(ContextRunnable.java:37)
	at org.apache.ratis.thirdparty.io.grpc.internal.SerializingExecutor.run(SerializingExecutor.java:133)
	at java.base/java.util.concurrent.ThreadPoolExecutor.runWorker(ThreadPoolExecutor.java:1128)
	at java.base/java.util.concurrent.ThreadPoolExecutor$Worker.run(ThreadPoolExecutor.java:628)
	at java.base/java.lang.Thread.run(Thread.java:829)
Caused by: java.io.IOException: org.apache.ratis.thirdparty.io.grpc.StatusRuntimeException: UNAVAILABLE: io exception
	at org.apache.ratis.grpc.GrpcUtil.unwrapException(GrpcUtil.java:99)
	at org.apache.ratis.grpc.GrpcUtil.unwrapIOException(GrpcUtil.java:159)
	at org.apache.ratis.grpc.client.GrpcClientProtocolClient$AsyncStreamObservers$1.onError(GrpcClientProtocolClient.java:330)
	... 16 more
Caused by: org.apache.ratis.thirdparty.io.grpc.StatusRuntimeException: UNAVAILABLE: io exception
	at org.apache.ratis.thirdparty.io.grpc.Status.asRuntimeException(Status.java:537)
	... 16 more
Caused by: org.apache.ratis.thirdparty.io.netty.channel.AbstractChannel$AnnotatedConnectException: finishConnect(..) failed: Connection refused: localhost/127.0.0.1:34265
Caused by: java.net.ConnectException: finishConnect(..) failed: Connection refused
	at org.apache.ratis.thirdparty.io.netty.channel.unix.Errors.newConnectException0(Errors.java:166)
	at org.apache.ratis.thirdparty.io.netty.channel.unix.Errors.handleConnectErrno(Errors.java:131)
	at org.apache.ratis.thirdparty.io.netty.channel.unix.Socket.finishConnect(Socket.java:359)
	at org.apache.ratis.thirdparty.io.netty.channel.epoll.AbstractEpollChannel$AbstractEpollUnsafe.doFinishConnect(AbstractEpollChannel.java:710)
	at org.apache.ratis.thirdparty.io.netty.channel.epoll.AbstractEpollChannel$AbstractEpollUnsafe.finishConnect(AbstractEpollChannel.java:687)
	at org.apache.ratis.thirdparty.io.netty.channel.epoll.AbstractEpollChannel$AbstractEpollUnsafe.epollOutReady(AbstractEpollChannel.java:567)
	at org.apache.ratis.thirdparty.io.netty.channel.epoll.EpollEventLoop.processReady(EpollEventLoop.java:499)
	at org.apache.ratis.thirdparty.io.netty.channel.epoll.EpollEventLoop.run(EpollEventLoop.java:407)
	at org.apache.ratis.thirdparty.io.netty.util.concurrent.SingleThreadEventExecutor$4.run(SingleThreadEventExecutor.java:997)
	at org.apache.ratis.thirdparty.io.netty.util.internal.ThreadExecutorMap$2.run(ThreadExecutorMap.java:74)
	at org.apache.ratis.thirdparty.io.netty.util.concurrent.FastThreadLocalRunnable.run(FastThreadLocalRunnable.java:30)
	at java.base/java.lang.Thread.run(Thread.java:829)
2023-12-01 03:55:46,173 [s1-impl-thread1] INFO  segmented.SegmentedRaftLogWorker (SegmentedRaftLogWorker.java:close(245)) - s1@group-FB8FFDFFFB35-SegmentedRaftLogWorker close()
2023-12-01 03:55:46,173 [JvmPauseMonitor4] INFO  util.JvmPauseMonitor (JvmPauseMonitor.java:run(152)) - JvmPauseMonitor-s1: Stopped
2023-12-01 03:55:46,174 [s0-impl-thread1] INFO  segmented.SegmentedRaftLogWorker (SegmentedRaftLogWorker.java:close(245)) - s0@group-FB8FFDFFFB35-SegmentedRaftLogWorker close()
2023-12-01 03:55:46,174 [s2-impl-thread1] INFO  segmented.SegmentedRaftLogWorker (SegmentedRaftLogWorker.java:close(245)) - s2@group-FB8FFDFFFB35-SegmentedRaftLogWorker close()
2023-12-01 03:55:46,175 [JvmPauseMonitor5] INFO  util.JvmPauseMonitor (JvmPauseMonitor.java:run(152)) - JvmPauseMonitor-s2: Stopped
2023-12-01 03:55:46,175 [JvmPauseMonitor3] INFO  util.JvmPauseMonitor (JvmPauseMonitor.java:run(152)) - JvmPauseMonitor-s0: Stopped
2023-12-01 03:55:46,175 [Time-limited test] INFO  impl.MiniRaftCluster (MiniRaftCluster.java:shutdown(855)) - MiniRaftClusterWithGrpc shutdown completed
]]></system-out>
  </testcase>
  <testcase name="testBasicRetry" classname="org.apache.ratis.grpc.TestRetryCacheWithGrpc" time="2.527">
    <system-out><![CDATA[2023-12-01 03:55:46,179 [main] INFO  util.LogUtils (Slf4jUtils.java:setLogLevel(38)) - Successfully set org.apache.ratis.conf.ConfUtils log level to WARN
2023-12-01 03:55:46,179 [main] INFO  util.LogUtils (Slf4jUtils.java:setLogLevel(38)) - Successfully set org.apache.ratis.util.FileUtils log level to TRACE
2023-12-01 03:55:46,179 [main] INFO  util.LogUtils (Slf4jUtils.java:setLogLevel(38)) - Successfully set org.apache.ratis.server.RetryCache log level to TRACE
2023-12-01 03:55:46,180 [Time-limited test] INFO  impl.MiniRaftCluster (MiniRaftCluster.java:runWithNewCluster(135)) - Running runWithNewCluster
2023-12-01 03:55:46,180 [Time-limited test] INFO  impl.MiniRaftCluster (MiniRaftCluster.java:<init>(306)) - new MiniRaftClusterWithGrpc with group-AF32D02DB247:[s0|localhost:45041, s1|localhost:39833, s2|localhost:45561]
2023-12-01 03:55:46,180 [Time-limited test] INFO  impl.MiniRaftCluster (MiniRaftCluster.java:start(339)) - .............................................................. 
2023-12-01 03:55:46,180 [Time-limited test] INFO  impl.MiniRaftCluster (MiniRaftCluster.java:start(340)) - ... 
2023-12-01 03:55:46,180 [Time-limited test] INFO  impl.MiniRaftCluster (MiniRaftCluster.java:start(341)) - ...     Starting MiniRaftClusterWithGrpc
2023-12-01 03:55:46,180 [Time-limited test] INFO  impl.MiniRaftCluster (MiniRaftCluster.java:start(342)) - ... 
2023-12-01 03:55:46,180 [Time-limited test] INFO  impl.MiniRaftCluster (MiniRaftCluster.java:start(343)) - .............................................................. 
2023-12-01 03:55:46,180 [Time-limited test] INFO  impl.MiniRaftCluster (MiniRaftCluster.java:initServers(318)) - servers = {}
2023-12-01 03:55:46,180 [Time-limited test] INFO  impl.MiniRaftCluster (MiniRaftCluster.java:newRaftServer(382)) - newRaftServer: s0, group-AF32D02DB247:[s0|localhost:45041, s1|localhost:39833, s2|localhost:45561], format? true
2023-12-01 03:55:46,180 [Time-limited test] TRACE util.FileUtils (FileUtils.java:deleteFully(305)) - deleteFully target/test/data/1b1d21a/MiniRaftClusterWithGrpc658d130c/s0
2023-12-01 03:55:46,181 [Time-limited test] TRACE util.FileUtils (FileUtils.java:deleteFully(318)) - deleteFully: target/test/data/1b1d21a/MiniRaftClusterWithGrpc658d130c/s0 does not exist.
2023-12-01 03:55:46,181 [Time-limited test] INFO  impl.MiniRaftCluster (MiniRaftCluster.java:newRaftServer(387)) - Formatted directory target/test/data/1b1d21a/MiniRaftClusterWithGrpc658d130c/s0
2023-12-01 03:55:46,181 [Time-limited test] INFO  server.RaftServer (ConfUtils.java:logGet(46)) - raft.rpc.type = GRPC (default)
2023-12-01 03:55:46,181 [Time-limited test] INFO  grpc.GrpcConfigKeys (ConfUtils.java:logFallback(53)) - raft.grpc.admin.host = null (fallback to raft.grpc.server.host)
2023-12-01 03:55:46,181 [Time-limited test] INFO  grpc.GrpcConfigKeys (ConfUtils.java:logGet(46)) - raft.grpc.admin.port = 39095 (custom)
2023-12-01 03:55:46,181 [Time-limited test] INFO  grpc.GrpcConfigKeys (ConfUtils.java:logFallback(53)) - raft.grpc.client.host = null (fallback to raft.grpc.server.host)
2023-12-01 03:55:46,181 [Time-limited test] INFO  grpc.GrpcConfigKeys (ConfUtils.java:logGet(46)) - raft.grpc.client.port = 36431 (custom)
2023-12-01 03:55:46,181 [Time-limited test] INFO  grpc.GrpcConfigKeys (ConfUtils.java:logGet(46)) - raft.grpc.server.host = null (default)
2023-12-01 03:55:46,182 [Time-limited test] INFO  grpc.GrpcConfigKeys (ConfUtils.java:logGet(46)) - raft.grpc.server.port = 45041 (custom)
2023-12-01 03:55:46,182 [Time-limited test] INFO  server.GrpcService (ConfUtils.java:logGet(46)) - raft.grpc.message.size.max = 64MB (=67108864) (default)
2023-12-01 03:55:46,182 [Time-limited test] INFO  server.RaftServerConfigKeys (ConfUtils.java:logGet(46)) - raft.server.log.appender.buffer.byte-limit = 4MB (=4194304) (default)
2023-12-01 03:55:46,182 [Time-limited test] INFO  server.GrpcService (ConfUtils.java:logGet(46)) - raft.grpc.flow.control.window = 1MB (=1048576) (default)
2023-12-01 03:55:46,182 [Time-limited test] INFO  server.RaftServerConfigKeys (ConfUtils.java:logGet(46)) - raft.server.rpc.request.timeout = 3000ms (default)
2023-12-01 03:55:46,182 [Time-limited test] INFO  grpc.GrpcConfigKeys (ConfUtils.java:logGet(46)) - raft.grpc.server.heartbeat.channel = true (default)
2023-12-01 03:55:46,182 [Time-limited test] INFO  grpc.GrpcConfigKeys (ConfUtils.java:logGet(46)) - raft.grpc.server.async.request.thread.pool.cached = true (default)
2023-12-01 03:55:46,182 [Time-limited test] INFO  grpc.GrpcConfigKeys (ConfUtils.java:logGet(46)) - raft.grpc.server.async.request.thread.pool.size = 32 (default)
2023-12-01 03:55:46,183 [Time-limited test] INFO  impl.DataStreamServerImpl (ConfUtils.java:logGet(46)) - raft.datastream.type = DISABLED (default)
2023-12-01 03:55:46,183 [Time-limited test] INFO  server.RaftServerConfigKeys (ConfUtils.java:logGet(46)) - raft.server.sleep.deviation.threshold = 300ms (default)
2023-12-01 03:55:46,183 [Time-limited test] INFO  server.RaftServerConfigKeys (ConfUtils.java:logGet(46)) - raft.server.close.threshold = 60s (default)
2023-12-01 03:55:46,183 [Time-limited test] INFO  server.RaftServerConfigKeys (ConfUtils.java:logGet(46)) - raft.server.leaderelection.leader.step-down.wait-time = 10s (default)
2023-12-01 03:55:46,183 [Time-limited test] INFO  server.RaftServerConfigKeys (ConfUtils.java:logGet(46)) - raft.server.storage.dir = [/home/runner/work/ratis/ratis/ratis-test/target/test/data/1b1d21a/MiniRaftClusterWithGrpc658d130c/s0] (custom)
2023-12-01 03:55:46,183 [Time-limited test] INFO  server.RaftServerConfigKeys (ConfUtils.java:logGet(46)) - raft.server.threadpool.proxy.cached = true (default)
2023-12-01 03:55:46,184 [Time-limited test] INFO  server.RaftServerConfigKeys (ConfUtils.java:logGet(46)) - raft.server.threadpool.proxy.size = 0 (default)
2023-12-01 03:55:46,184 [Time-limited test] INFO  server.RaftServer (RaftServerProxy.java:addNew(100)) - s0: addNew group-AF32D02DB247:[s0|localhost:45041, s1|localhost:39833, s2|localhost:45561] returns group-AF32D02DB247:java.util.concurrent.CompletableFuture@3ab4f0d2[Not completed]
2023-12-01 03:55:46,184 [s0-groupManagement] INFO  server.RaftServerConfigKeys (ConfUtils.java:logGet(46)) - raft.server.log.segment.size.max = 32MB (=33554432) (default)
2023-12-01 03:55:46,184 [Time-limited test] INFO  impl.MiniRaftCluster (MiniRaftCluster.java:newRaftServer(382)) - newRaftServer: s1, group-AF32D02DB247:[s0|localhost:45041, s1|localhost:39833, s2|localhost:45561], format? true
2023-12-01 03:55:46,184 [Time-limited test] TRACE util.FileUtils (FileUtils.java:deleteFully(305)) - deleteFully target/test/data/1b1d21a/MiniRaftClusterWithGrpc658d130c/s1
2023-12-01 03:55:46,184 [s0-groupManagement] INFO  server.RaftServerConfigKeys (ConfUtils.java:logGet(46)) - raft.server.log.preallocated.size = 4MB (=4194304) (default)
2023-12-01 03:55:46,184 [Time-limited test] TRACE util.FileUtils (FileUtils.java:deleteFully(318)) - deleteFully: target/test/data/1b1d21a/MiniRaftClusterWithGrpc658d130c/s1 does not exist.
2023-12-01 03:55:46,184 [Time-limited test] INFO  impl.MiniRaftCluster (MiniRaftCluster.java:newRaftServer(387)) - Formatted directory target/test/data/1b1d21a/MiniRaftClusterWithGrpc658d130c/s1
2023-12-01 03:55:46,184 [s0-groupManagement] INFO  server.RaftServerConfigKeys (ConfUtils.java:logGet(46)) - raft.server.log.write.buffer.size = 8MB (=8388608) (default)
2023-12-01 03:55:46,185 [s0-groupManagement] INFO  server.RaftServer$Division (RaftServerImpl.java:<init>(256)) - s0: new RaftServerImpl for group-AF32D02DB247:[s0|localhost:45041, s1|localhost:39833, s2|localhost:45561] with SimpleStateMachine4Testing:uninitialized
2023-12-01 03:55:46,185 [Time-limited test] INFO  server.RaftServer (ConfUtils.java:logGet(46)) - raft.rpc.type = GRPC (default)
2023-12-01 03:55:46,185 [s0-groupManagement] INFO  server.RaftServerConfigKeys (ConfUtils.java:logGet(46)) - raft.server.rpc.timeout.min = 150ms (default)
2023-12-01 03:55:46,185 [Time-limited test] INFO  grpc.GrpcConfigKeys (ConfUtils.java:logFallback(53)) - raft.grpc.admin.host = null (fallback to raft.grpc.server.host)
2023-12-01 03:55:46,185 [s0-groupManagement] INFO  server.RaftServerConfigKeys (ConfUtils.java:logGet(46)) - raft.server.rpc.timeout.max = 300ms (default)
2023-12-01 03:55:46,185 [Time-limited test] INFO  grpc.GrpcConfigKeys (ConfUtils.java:logGet(46)) - raft.grpc.admin.port = 43521 (custom)
2023-12-01 03:55:46,185 [s0-groupManagement] INFO  server.RaftServerConfigKeys (ConfUtils.java:logGet(46)) - raft.server.rpc.sleep.time = 25ms (default)
2023-12-01 03:55:46,185 [Time-limited test] INFO  grpc.GrpcConfigKeys (ConfUtils.java:logFallback(53)) - raft.grpc.client.host = null (fallback to raft.grpc.server.host)
2023-12-01 03:55:46,185 [s0-groupManagement] INFO  server.RaftServerConfigKeys (ConfUtils.java:logGet(46)) - raft.server.rpc.slowness.timeout = 60s (default)
2023-12-01 03:55:46,185 [Time-limited test] INFO  grpc.GrpcConfigKeys (ConfUtils.java:logGet(46)) - raft.grpc.client.port = 40087 (custom)
2023-12-01 03:55:46,185 [s0-groupManagement] INFO  server.RaftServerConfigKeys (ConfUtils.java:logGet(46)) - raft.server.leaderelection.leader.step-down.wait-time = 10s (default)
2023-12-01 03:55:46,185 [Time-limited test] INFO  grpc.GrpcConfigKeys (ConfUtils.java:logGet(46)) - raft.grpc.server.host = null (default)
2023-12-01 03:55:46,185 [s0-groupManagement] INFO  server.RaftServerConfigKeys (ConfUtils.java:logGet(46)) - raft.server.leaderelection.member.majority-add = false (default)
2023-12-01 03:55:46,185 [Time-limited test] INFO  grpc.GrpcConfigKeys (ConfUtils.java:logGet(46)) - raft.grpc.server.port = 39833 (custom)
2023-12-01 03:55:46,185 [s0-groupManagement] INFO  server.RaftServerConfigKeys (ConfUtils.java:logGet(46)) - raft.server.sleep.deviation.threshold = 300ms (default)
2023-12-01 03:55:46,185 [Time-limited test] INFO  server.GrpcService (ConfUtils.java:logGet(46)) - raft.grpc.message.size.max = 64MB (=67108864) (default)
2023-12-01 03:55:46,185 [Time-limited test] INFO  server.RaftServerConfigKeys (ConfUtils.java:logGet(46)) - raft.server.log.appender.buffer.byte-limit = 4MB (=4194304) (default)
2023-12-01 03:55:46,185 [s0-groupManagement] INFO  server.RaftServer$Division (ServerState.java:<init>(113)) - s0@group-AF32D02DB247: ConfigurationManager, init=-1: peers:[s0|localhost:45041, s1|localhost:39833, s2|localhost:45561]|listeners:[], old=null, confs=<EMPTY_MAP>
2023-12-01 03:55:46,185 [Time-limited test] INFO  server.GrpcService (ConfUtils.java:logGet(46)) - raft.grpc.flow.control.window = 1MB (=1048576) (default)
2023-12-01 03:55:46,185 [Time-limited test] INFO  server.RaftServerConfigKeys (ConfUtils.java:logGet(46)) - raft.server.rpc.request.timeout = 3000ms (default)
2023-12-01 03:55:46,185 [s0-groupManagement] INFO  server.RaftServerConfigKeys (ConfUtils.java:logGet(46)) - raft.server.notification.no-leader.timeout = 60s (default)
2023-12-01 03:55:46,185 [Time-limited test] INFO  grpc.GrpcConfigKeys (ConfUtils.java:logGet(46)) - raft.grpc.server.heartbeat.channel = true (default)
2023-12-01 03:55:46,186 [s0-groupManagement] INFO  server.RaftServerConfigKeys (ConfUtils.java:logGet(46)) - raft.server.read.timeout = 10s (default)
2023-12-01 03:55:46,186 [Time-limited test] INFO  grpc.GrpcConfigKeys (ConfUtils.java:logGet(46)) - raft.grpc.server.async.request.thread.pool.cached = true (default)
2023-12-01 03:55:46,186 [s0-groupManagement] INFO  server.RaftServerConfigKeys (ConfUtils.java:logGet(46)) - raft.server.retrycache.expirytime = 60s (default)
2023-12-01 03:55:46,186 [Time-limited test] INFO  grpc.GrpcConfigKeys (ConfUtils.java:logGet(46)) - raft.grpc.server.async.request.thread.pool.size = 32 (default)
2023-12-01 03:55:46,186 [s0-groupManagement] INFO  server.RaftServerConfigKeys (ConfUtils.java:logGet(46)) - raft.server.retrycache.statistics.expirytime = 100ms (default)
2023-12-01 03:55:46,186 [s0-groupManagement] INFO  server.RaftServerConfigKeys (ConfUtils.java:logGet(46)) - raft.server.read.option = DEFAULT (default)
2023-12-01 03:55:46,186 [s0-groupManagement] INFO  server.RaftServerConfigKeys (ConfUtils.java:logGet(46)) - raft.server.read.read-after-write-consistent.write-index-cache.expiry-time = 60s (default)
2023-12-01 03:55:46,187 [Time-limited test] INFO  impl.DataStreamServerImpl (ConfUtils.java:logGet(46)) - raft.datastream.type = DISABLED (default)
2023-12-01 03:55:46,187 [Time-limited test] INFO  server.RaftServerConfigKeys (ConfUtils.java:logGet(46)) - raft.server.sleep.deviation.threshold = 300ms (default)
2023-12-01 03:55:46,187 [Time-limited test] INFO  server.RaftServerConfigKeys (ConfUtils.java:logGet(46)) - raft.server.close.threshold = 60s (default)
2023-12-01 03:55:46,187 [Time-limited test] INFO  server.RaftServerConfigKeys (ConfUtils.java:logGet(46)) - raft.server.leaderelection.leader.step-down.wait-time = 10s (default)
2023-12-01 03:55:46,187 [s0-groupManagement] INFO  server.RaftServerConfigKeys (ConfUtils.java:logGet(46)) - raft.server.rpc.request.timeout = 3000ms (default)
2023-12-01 03:55:46,187 [Time-limited test] INFO  server.RaftServerConfigKeys (ConfUtils.java:logGet(46)) - raft.server.storage.dir = [/home/runner/work/ratis/ratis/ratis-test/target/test/data/1b1d21a/MiniRaftClusterWithGrpc658d130c/s1] (custom)
2023-12-01 03:55:46,187 [s0-groupManagement] INFO  server.RaftServerConfigKeys (ConfUtils.java:logGet(46)) - raft.server.log.appender.install.snapshot.enabled = true (default)
2023-12-01 03:55:46,187 [Time-limited test] INFO  server.RaftServerConfigKeys (ConfUtils.java:logGet(46)) - raft.server.threadpool.proxy.cached = true (default)
2023-12-01 03:55:46,187 [s0-groupManagement] INFO  server.RaftServerConfigKeys (ConfUtils.java:logGet(46)) - raft.server.threadpool.server.cached = true (default)
2023-12-01 03:55:46,187 [Time-limited test] INFO  server.RaftServerConfigKeys (ConfUtils.java:logGet(46)) - raft.server.threadpool.proxy.size = 0 (default)
2023-12-01 03:55:46,188 [s0-groupManagement] INFO  server.RaftServerConfigKeys (ConfUtils.java:logGet(46)) - raft.server.threadpool.server.size = 0 (default)
2023-12-01 03:55:46,188 [s0-groupManagement] INFO  server.RaftServerConfigKeys (ConfUtils.java:logGet(46)) - raft.server.threadpool.client.cached = true (default)
2023-12-01 03:55:46,188 [s0-groupManagement] INFO  server.RaftServerConfigKeys (ConfUtils.java:logGet(46)) - raft.server.threadpool.client.size = 0 (default)
2023-12-01 03:55:46,188 [Time-limited test] INFO  server.RaftServer (RaftServerProxy.java:addNew(100)) - s1: addNew group-AF32D02DB247:[s0|localhost:45041, s1|localhost:39833, s2|localhost:45561] returns group-AF32D02DB247:java.util.concurrent.CompletableFuture@47b455d9[Not completed]
2023-12-01 03:55:46,188 [Time-limited test] INFO  impl.MiniRaftCluster (MiniRaftCluster.java:newRaftServer(382)) - newRaftServer: s2, group-AF32D02DB247:[s0|localhost:45041, s1|localhost:39833, s2|localhost:45561], format? true
2023-12-01 03:55:46,188 [Time-limited test] TRACE util.FileUtils (FileUtils.java:deleteFully(305)) - deleteFully target/test/data/1b1d21a/MiniRaftClusterWithGrpc658d130c/s2
2023-12-01 03:55:46,188 [s1-groupManagement] INFO  server.RaftServerConfigKeys (ConfUtils.java:logGet(46)) - raft.server.log.segment.size.max = 32MB (=33554432) (default)
2023-12-01 03:55:46,188 [Time-limited test] TRACE util.FileUtils (FileUtils.java:deleteFully(318)) - deleteFully: target/test/data/1b1d21a/MiniRaftClusterWithGrpc658d130c/s2 does not exist.
2023-12-01 03:55:46,188 [s1-groupManagement] INFO  server.RaftServerConfigKeys (ConfUtils.java:logGet(46)) - raft.server.log.preallocated.size = 4MB (=4194304) (default)
2023-12-01 03:55:46,188 [Time-limited test] INFO  impl.MiniRaftCluster (MiniRaftCluster.java:newRaftServer(387)) - Formatted directory target/test/data/1b1d21a/MiniRaftClusterWithGrpc658d130c/s2
2023-12-01 03:55:46,188 [s1-groupManagement] INFO  server.RaftServerConfigKeys (ConfUtils.java:logGet(46)) - raft.server.log.write.buffer.size = 8MB (=8388608) (default)
2023-12-01 03:55:46,188 [s1-groupManagement] INFO  server.RaftServer$Division (RaftServerImpl.java:<init>(256)) - s1: new RaftServerImpl for group-AF32D02DB247:[s0|localhost:45041, s1|localhost:39833, s2|localhost:45561] with SimpleStateMachine4Testing:uninitialized
2023-12-01 03:55:46,188 [s1-groupManagement] INFO  server.RaftServerConfigKeys (ConfUtils.java:logGet(46)) - raft.server.rpc.timeout.min = 150ms (default)
2023-12-01 03:55:46,188 [Time-limited test] INFO  server.RaftServer (ConfUtils.java:logGet(46)) - raft.rpc.type = GRPC (default)
2023-12-01 03:55:46,188 [s1-groupManagement] INFO  server.RaftServerConfigKeys (ConfUtils.java:logGet(46)) - raft.server.rpc.timeout.max = 300ms (default)
2023-12-01 03:55:46,188 [Time-limited test] INFO  grpc.GrpcConfigKeys (ConfUtils.java:logFallback(53)) - raft.grpc.admin.host = null (fallback to raft.grpc.server.host)
2023-12-01 03:55:46,189 [s1-groupManagement] INFO  server.RaftServerConfigKeys (ConfUtils.java:logGet(46)) - raft.server.rpc.sleep.time = 25ms (default)
2023-12-01 03:55:46,189 [Time-limited test] INFO  grpc.GrpcConfigKeys (ConfUtils.java:logGet(46)) - raft.grpc.admin.port = 41665 (custom)
2023-12-01 03:55:46,189 [s1-groupManagement] INFO  server.RaftServerConfigKeys (ConfUtils.java:logGet(46)) - raft.server.rpc.slowness.timeout = 60s (default)
2023-12-01 03:55:46,189 [Time-limited test] INFO  grpc.GrpcConfigKeys (ConfUtils.java:logFallback(53)) - raft.grpc.client.host = null (fallback to raft.grpc.server.host)
2023-12-01 03:55:46,189 [s1-groupManagement] INFO  server.RaftServerConfigKeys (ConfUtils.java:logGet(46)) - raft.server.leaderelection.leader.step-down.wait-time = 10s (default)
2023-12-01 03:55:46,189 [Time-limited test] INFO  grpc.GrpcConfigKeys (ConfUtils.java:logGet(46)) - raft.grpc.client.port = 43917 (custom)
2023-12-01 03:55:46,189 [s1-groupManagement] INFO  server.RaftServerConfigKeys (ConfUtils.java:logGet(46)) - raft.server.leaderelection.member.majority-add = false (default)
2023-12-01 03:55:46,189 [Time-limited test] INFO  grpc.GrpcConfigKeys (ConfUtils.java:logGet(46)) - raft.grpc.server.host = null (default)
2023-12-01 03:55:46,189 [s1-groupManagement] INFO  server.RaftServerConfigKeys (ConfUtils.java:logGet(46)) - raft.server.sleep.deviation.threshold = 300ms (default)
2023-12-01 03:55:46,189 [Time-limited test] INFO  grpc.GrpcConfigKeys (ConfUtils.java:logGet(46)) - raft.grpc.server.port = 45561 (custom)
2023-12-01 03:55:46,189 [s1-groupManagement] INFO  server.RaftServer$Division (ServerState.java:<init>(113)) - s1@group-AF32D02DB247: ConfigurationManager, init=-1: peers:[s0|localhost:45041, s1|localhost:39833, s2|localhost:45561]|listeners:[], old=null, confs=<EMPTY_MAP>
2023-12-01 03:55:46,189 [Time-limited test] INFO  server.GrpcService (ConfUtils.java:logGet(46)) - raft.grpc.message.size.max = 64MB (=67108864) (default)
2023-12-01 03:55:46,189 [s1-groupManagement] INFO  server.RaftServerConfigKeys (ConfUtils.java:logGet(46)) - raft.server.notification.no-leader.timeout = 60s (default)
2023-12-01 03:55:46,189 [Time-limited test] INFO  server.RaftServerConfigKeys (ConfUtils.java:logGet(46)) - raft.server.log.appender.buffer.byte-limit = 4MB (=4194304) (default)
2023-12-01 03:55:46,189 [s1-groupManagement] INFO  server.RaftServerConfigKeys (ConfUtils.java:logGet(46)) - raft.server.read.timeout = 10s (default)
2023-12-01 03:55:46,189 [Time-limited test] INFO  server.GrpcService (ConfUtils.java:logGet(46)) - raft.grpc.flow.control.window = 1MB (=1048576) (default)
2023-12-01 03:55:46,189 [s1-groupManagement] INFO  server.RaftServerConfigKeys (ConfUtils.java:logGet(46)) - raft.server.retrycache.expirytime = 60s (default)
2023-12-01 03:55:46,189 [Time-limited test] INFO  server.RaftServerConfigKeys (ConfUtils.java:logGet(46)) - raft.server.rpc.request.timeout = 3000ms (default)
2023-12-01 03:55:46,189 [s1-groupManagement] INFO  server.RaftServerConfigKeys (ConfUtils.java:logGet(46)) - raft.server.retrycache.statistics.expirytime = 100ms (default)
2023-12-01 03:55:46,189 [Time-limited test] INFO  grpc.GrpcConfigKeys (ConfUtils.java:logGet(46)) - raft.grpc.server.heartbeat.channel = true (default)
2023-12-01 03:55:46,189 [s1-groupManagement] INFO  server.RaftServerConfigKeys (ConfUtils.java:logGet(46)) - raft.server.read.option = DEFAULT (default)
2023-12-01 03:55:46,189 [Time-limited test] INFO  grpc.GrpcConfigKeys (ConfUtils.java:logGet(46)) - raft.grpc.server.async.request.thread.pool.cached = true (default)
2023-12-01 03:55:46,190 [s1-groupManagement] INFO  server.RaftServerConfigKeys (ConfUtils.java:logGet(46)) - raft.server.read.read-after-write-consistent.write-index-cache.expiry-time = 60s (default)
2023-12-01 03:55:46,190 [Time-limited test] INFO  grpc.GrpcConfigKeys (ConfUtils.java:logGet(46)) - raft.grpc.server.async.request.thread.pool.size = 32 (default)
2023-12-01 03:55:46,191 [Time-limited test] INFO  impl.DataStreamServerImpl (ConfUtils.java:logGet(46)) - raft.datastream.type = DISABLED (default)
2023-12-01 03:55:46,191 [s1-groupManagement] INFO  server.RaftServerConfigKeys (ConfUtils.java:logGet(46)) - raft.server.rpc.request.timeout = 3000ms (default)
2023-12-01 03:55:46,191 [Time-limited test] INFO  server.RaftServerConfigKeys (ConfUtils.java:logGet(46)) - raft.server.sleep.deviation.threshold = 300ms (default)
2023-12-01 03:55:46,191 [s1-groupManagement] INFO  server.RaftServerConfigKeys (ConfUtils.java:logGet(46)) - raft.server.log.appender.install.snapshot.enabled = true (default)
2023-12-01 03:55:46,191 [Time-limited test] INFO  server.RaftServerConfigKeys (ConfUtils.java:logGet(46)) - raft.server.close.threshold = 60s (default)
2023-12-01 03:55:46,191 [s1-groupManagement] INFO  server.RaftServerConfigKeys (ConfUtils.java:logGet(46)) - raft.server.threadpool.server.cached = true (default)
2023-12-01 03:55:46,191 [Time-limited test] INFO  server.RaftServerConfigKeys (ConfUtils.java:logGet(46)) - raft.server.leaderelection.leader.step-down.wait-time = 10s (default)
2023-12-01 03:55:46,191 [s1-groupManagement] INFO  server.RaftServerConfigKeys (ConfUtils.java:logGet(46)) - raft.server.threadpool.server.size = 0 (default)
2023-12-01 03:55:46,191 [s1-groupManagement] INFO  server.RaftServerConfigKeys (ConfUtils.java:logGet(46)) - raft.server.threadpool.client.cached = true (default)
2023-12-01 03:55:46,191 [Time-limited test] INFO  server.RaftServerConfigKeys (ConfUtils.java:logGet(46)) - raft.server.storage.dir = [/home/runner/work/ratis/ratis/ratis-test/target/test/data/1b1d21a/MiniRaftClusterWithGrpc658d130c/s2] (custom)
2023-12-01 03:55:46,191 [s1-groupManagement] INFO  server.RaftServerConfigKeys (ConfUtils.java:logGet(46)) - raft.server.threadpool.client.size = 0 (default)
2023-12-01 03:55:46,191 [Time-limited test] INFO  server.RaftServerConfigKeys (ConfUtils.java:logGet(46)) - raft.server.threadpool.proxy.cached = true (default)
2023-12-01 03:55:46,191 [Time-limited test] INFO  server.RaftServerConfigKeys (ConfUtils.java:logGet(46)) - raft.server.threadpool.proxy.size = 0 (default)
2023-12-01 03:55:46,192 [Time-limited test] INFO  server.RaftServer (RaftServerProxy.java:addNew(100)) - s2: addNew group-AF32D02DB247:[s0|localhost:45041, s1|localhost:39833, s2|localhost:45561] returns group-AF32D02DB247:java.util.concurrent.CompletableFuture@394faa26[Not completed]
2023-12-01 03:55:46,192 [s2-groupManagement] INFO  server.RaftServerConfigKeys (ConfUtils.java:logGet(46)) - raft.server.log.segment.size.max = 32MB (=33554432) (default)
2023-12-01 03:55:46,192 [s0-impl-thread1] INFO  server.RaftServerConfigKeys (ConfUtils.java:logGet(46)) - raft.server.storage.free-space.min = 0MB (=0) (default)
2023-12-01 03:55:46,192 [s2-groupManagement] INFO  server.RaftServerConfigKeys (ConfUtils.java:logGet(46)) - raft.server.log.preallocated.size = 4MB (=4194304) (default)
2023-12-01 03:55:46,192 [s0-impl-thread1] INFO  server.RaftServerConfigKeys (ConfUtils.java:logGet(46)) - raft.server.log.corruption.policy = EXCEPTION (default)
2023-12-01 03:55:46,192 [s2-groupManagement] INFO  server.RaftServerConfigKeys (ConfUtils.java:logGet(46)) - raft.server.log.write.buffer.size = 8MB (=8388608) (default)
2023-12-01 03:55:46,192 [s0-impl-thread1] INFO  server.RaftServerConfigKeys (ConfUtils.java:logGet(46)) - raft.server.storage.dir = [/home/runner/work/ratis/ratis/ratis-test/target/test/data/1b1d21a/MiniRaftClusterWithGrpc658d130c/s0] (custom)
2023-12-01 03:55:46,192 [s2-groupManagement] INFO  server.RaftServer$Division (RaftServerImpl.java:<init>(256)) - s2: new RaftServerImpl for group-AF32D02DB247:[s0|localhost:45041, s1|localhost:39833, s2|localhost:45561] with SimpleStateMachine4Testing:uninitialized
2023-12-01 03:55:46,192 [s2-groupManagement] INFO  server.RaftServerConfigKeys (ConfUtils.java:logGet(46)) - raft.server.rpc.timeout.min = 150ms (default)
2023-12-01 03:55:46,192 [s2-groupManagement] INFO  server.RaftServerConfigKeys (ConfUtils.java:logGet(46)) - raft.server.rpc.timeout.max = 300ms (default)
2023-12-01 03:55:46,192 [s0-impl-thread1] INFO  storage.RaftStorageDirectory (RaftStorageDirectoryImpl.java:analyzeStorage(138)) - The storage directory /home/runner/work/ratis/ratis/ratis-test/target/test/data/1b1d21a/MiniRaftClusterWithGrpc658d130c/s0/9ea313d8-2788-4135-8171-af32d02db247 does not exist. Creating ...
2023-12-01 03:55:46,192 [s2-groupManagement] INFO  server.RaftServerConfigKeys (ConfUtils.java:logGet(46)) - raft.server.rpc.sleep.time = 25ms (default)
2023-12-01 03:55:46,192 [s2-groupManagement] INFO  server.RaftServerConfigKeys (ConfUtils.java:logGet(46)) - raft.server.rpc.slowness.timeout = 60s (default)
2023-12-01 03:55:46,192 [s2-groupManagement] INFO  server.RaftServerConfigKeys (ConfUtils.java:logGet(46)) - raft.server.leaderelection.leader.step-down.wait-time = 10s (default)
2023-12-01 03:55:46,192 [s2-groupManagement] INFO  server.RaftServerConfigKeys (ConfUtils.java:logGet(46)) - raft.server.leaderelection.member.majority-add = false (default)
2023-12-01 03:55:46,192 [s2-groupManagement] INFO  server.RaftServerConfigKeys (ConfUtils.java:logGet(46)) - raft.server.sleep.deviation.threshold = 300ms (default)
2023-12-01 03:55:46,193 [s2-groupManagement] INFO  server.RaftServer$Division (ServerState.java:<init>(113)) - s2@group-AF32D02DB247: ConfigurationManager, init=-1: peers:[s0|localhost:45041, s1|localhost:39833, s2|localhost:45561]|listeners:[], old=null, confs=<EMPTY_MAP>
2023-12-01 03:55:46,193 [s0-impl-thread1] TRACE util.FileUtils (LogUtils.java:runAndLog(49)) - Successfully ran Files.createDirectories /home/runner/work/ratis/ratis/ratis-test/target/test/data/1b1d21a/MiniRaftClusterWithGrpc658d130c/s0/9ea313d8-2788-4135-8171-af32d02db247
2023-12-01 03:55:46,193 [s2-groupManagement] INFO  server.RaftServerConfigKeys (ConfUtils.java:logGet(46)) - raft.server.notification.no-leader.timeout = 60s (default)
2023-12-01 03:55:46,193 [s2-groupManagement] INFO  server.RaftServerConfigKeys (ConfUtils.java:logGet(46)) - raft.server.read.timeout = 10s (default)
2023-12-01 03:55:46,193 [s2-groupManagement] INFO  server.RaftServerConfigKeys (ConfUtils.java:logGet(46)) - raft.server.retrycache.expirytime = 60s (default)
2023-12-01 03:55:46,193 [s2-groupManagement] INFO  server.RaftServerConfigKeys (ConfUtils.java:logGet(46)) - raft.server.retrycache.statistics.expirytime = 100ms (default)
2023-12-01 03:55:46,193 [s2-groupManagement] INFO  server.RaftServerConfigKeys (ConfUtils.java:logGet(46)) - raft.server.read.option = DEFAULT (default)
2023-12-01 03:55:46,193 [s2-groupManagement] INFO  server.RaftServerConfigKeys (ConfUtils.java:logGet(46)) - raft.server.read.read-after-write-consistent.write-index-cache.expiry-time = 60s (default)
2023-12-01 03:55:46,194 [s2-groupManagement] INFO  server.RaftServerConfigKeys (ConfUtils.java:logGet(46)) - raft.server.rpc.request.timeout = 3000ms (default)
2023-12-01 03:55:46,194 [s0-impl-thread1] INFO  storage.RaftStorageDirectory (RaftStorageDirectoryImpl.java:tryLock(232)) - Lock on /home/runner/work/ratis/ratis/ratis-test/target/test/data/1b1d21a/MiniRaftClusterWithGrpc658d130c/s0/9ea313d8-2788-4135-8171-af32d02db247/in_use.lock acquired by nodename 4676@fv-az912-722
2023-12-01 03:55:46,194 [s2-groupManagement] INFO  server.RaftServerConfigKeys (ConfUtils.java:logGet(46)) - raft.server.log.appender.install.snapshot.enabled = true (default)
2023-12-01 03:55:46,194 [s2-groupManagement] INFO  server.RaftServerConfigKeys (ConfUtils.java:logGet(46)) - raft.server.threadpool.server.cached = true (default)
2023-12-01 03:55:46,194 [s2-groupManagement] INFO  server.RaftServerConfigKeys (ConfUtils.java:logGet(46)) - raft.server.threadpool.server.size = 0 (default)
2023-12-01 03:55:46,194 [s0-impl-thread1] TRACE util.FileUtils (LogUtils.java:runAndLog(49)) - Successfully ran Files.createDirectories /home/runner/work/ratis/ratis/ratis-test/target/test/data/1b1d21a/MiniRaftClusterWithGrpc658d130c/s0/9ea313d8-2788-4135-8171-af32d02db247/current
2023-12-01 03:55:46,194 [s2-groupManagement] INFO  server.RaftServerConfigKeys (ConfUtils.java:logGet(46)) - raft.server.threadpool.client.cached = true (default)
2023-12-01 03:55:46,194 [s2-groupManagement] INFO  server.RaftServerConfigKeys (ConfUtils.java:logGet(46)) - raft.server.threadpool.client.size = 0 (default)
2023-12-01 03:55:46,194 [s0-impl-thread1] TRACE util.FileUtils (LogUtils.java:runAndLog(49)) - Successfully ran Files.createDirectories /home/runner/work/ratis/ratis/ratis-test/target/test/data/1b1d21a/MiniRaftClusterWithGrpc658d130c/s0/9ea313d8-2788-4135-8171-af32d02db247/sm
2023-12-01 03:55:46,194 [s0-impl-thread1] TRACE util.FileUtils (LogUtils.java:supplyAndLog(69)) - Successfully supplied FileChannel.open /home/runner/work/ratis/ratis/ratis-test/target/test/data/1b1d21a/MiniRaftClusterWithGrpc658d130c/s0/9ea313d8-2788-4135-8171-af32d02db247/current/raft-meta.tmp with options [CREATE, WRITE]: sun.nio.ch.FileChannelImpl@208031a3
2023-12-01 03:55:46,196 [s0-impl-thread1] TRACE util.FileUtils (LogUtils.java:runAndLog(49)) - Successfully ran Atomic Files.move /home/runner/work/ratis/ratis/ratis-test/target/test/data/1b1d21a/MiniRaftClusterWithGrpc658d130c/s0/9ea313d8-2788-4135-8171-af32d02db247/current/raft-meta.tmp to /home/runner/work/ratis/ratis/ratis-test/target/test/data/1b1d21a/MiniRaftClusterWithGrpc658d130c/s0/9ea313d8-2788-4135-8171-af32d02db247/current/raft-meta with options [REPLACE_EXISTING]
2023-12-01 03:55:46,196 [s0-impl-thread1] INFO  storage.RaftStorage (RaftStorageImpl.java:format(99)) - Storage directory /home/runner/work/ratis/ratis/ratis-test/target/test/data/1b1d21a/MiniRaftClusterWithGrpc658d130c/s0/9ea313d8-2788-4135-8171-af32d02db247 has been successfully formatted.
2023-12-01 03:55:46,196 [s0-impl-thread1] TRACE util.FileUtils (LogUtils.java:supplyAndLog(61)) - Failed to Files.newInputStream /home/runner/work/ratis/ratis/ratis-test/target/test/data/1b1d21a/MiniRaftClusterWithGrpc658d130c/s0/9ea313d8-2788-4135-8171-af32d02db247/current/raft-meta.conf with options []
java.nio.file.NoSuchFileException: /home/runner/work/ratis/ratis/ratis-test/target/test/data/1b1d21a/MiniRaftClusterWithGrpc658d130c/s0/9ea313d8-2788-4135-8171-af32d02db247/current/raft-meta.conf
	at java.base/sun.nio.fs.UnixException.translateToIOException(UnixException.java:92)
	at java.base/sun.nio.fs.UnixException.rethrowAsIOException(UnixException.java:111)
	at java.base/sun.nio.fs.UnixException.rethrowAsIOException(UnixException.java:116)
	at java.base/sun.nio.fs.UnixFileSystemProvider.newByteChannel(UnixFileSystemProvider.java:219)
	at java.base/java.nio.file.Files.newByteChannel(Files.java:371)
	at java.base/java.nio.file.Files.newByteChannel(Files.java:422)
	at java.base/java.nio.file.spi.FileSystemProvider.newInputStream(FileSystemProvider.java:420)
	at java.base/java.nio.file.Files.newInputStream(Files.java:156)
	at org.apache.ratis.util.FileUtils.lambda$newInputStream$2(FileUtils.java:73)
	at org.apache.ratis.util.LogUtils.supplyAndLog(LogUtils.java:58)
	at org.apache.ratis.util.FileUtils.newInputStream(FileUtils.java:72)
	at org.apache.ratis.util.FileUtils.newInputStream(FileUtils.java:68)
	at org.apache.ratis.server.storage.RaftStorageImpl.readRaftConfiguration(RaftStorageImpl.java:156)
	at org.apache.ratis.server.impl.ServerState.initialize(ServerState.java:141)
	at org.apache.ratis.server.impl.RaftServerImpl.start(RaftServerImpl.java:388)
	at org.apache.ratis.util.ConcurrentUtils.accept(ConcurrentUtils.java:203)
	at org.apache.ratis.util.ConcurrentUtils.lambda$parallelForEachAsync$4(ConcurrentUtils.java:182)
	at java.base/java.util.concurrent.ThreadPoolExecutor.runWorker(ThreadPoolExecutor.java:1128)
	at java.base/java.util.concurrent.ThreadPoolExecutor$Worker.run(ThreadPoolExecutor.java:628)
	at java.base/java.lang.Thread.run(Thread.java:829)
2023-12-01 03:55:46,196 [s0-impl-thread1] INFO  impl.SimpleStateMachine4Testing (SimpleStateMachine4Testing.java:initialize(213)) - Initializing SimpleStateMachine4Testing:uninitialized
2023-12-01 03:55:46,196 [s0-impl-thread1] INFO  impl.SimpleStateMachine4Testing (SimpleStateMachine4Testing.java:loadSnapshot(296)) - Loading snapshot null
2023-12-01 03:55:46,196 [s0-impl-thread1] INFO  server.RaftServerConfigKeys (ConfUtils.java:logGet(46)) - raft.server.log.use.memory = false (default)
2023-12-01 03:55:46,196 [s0-impl-thread1] INFO  server.RaftServerConfigKeys (ConfUtils.java:logGet(46)) - raft.server.log.purge.gap = 1024 (default)
2023-12-01 03:55:46,196 [s0-impl-thread1] INFO  server.RaftServerConfigKeys (ConfUtils.java:logGet(46)) - raft.server.log.appender.buffer.byte-limit = 4MB (=4194304) (default)
2023-12-01 03:55:46,196 [s0-impl-thread1] INFO  server.RaftServerConfigKeys (ConfUtils.java:logGet(46)) - raft.server.log.statemachine.data.read.timeout = 1000ms (default)
2023-12-01 03:55:46,197 [s0-impl-thread1] INFO  server.RaftServerConfigKeys (ConfUtils.java:logGet(46)) - raft.server.log.purge.preservation.log.num = 0 (default)
2023-12-01 03:55:46,197 [s0-impl-thread1] INFO  server.RaftServerConfigKeys (ConfUtils.java:logGet(46)) - raft.server.log.segment.size.max = 32MB (=33554432) (default)
2023-12-01 03:55:46,197 [s0-impl-thread1] INFO  server.RaftServerConfigKeys (ConfUtils.java:logGet(46)) - raft.server.log.segment.cache.num.max = 6 (default)
2023-12-01 03:55:46,197 [s0-impl-thread1] INFO  server.RaftServerConfigKeys (ConfUtils.java:logGet(46)) - raft.server.log.segment.cache.size.max = 200MB (=209715200) (default)
2023-12-01 03:55:46,197 [s0-impl-thread1] INFO  server.RaftServerConfigKeys (ConfUtils.java:logGet(46)) - raft.server.log.appender.buffer.byte-limit = 4MB (=4194304) (default)
2023-12-01 03:55:46,197 [s0-impl-thread1] INFO  util.AwaitToRun (AwaitToRun.java:start(81)) - Thread[s0@group-AF32D02DB247-cacheEviction-AwaitToRun,5,main] started
2023-12-01 03:55:46,197 [s0-impl-thread1] INFO  segmented.SegmentedRaftLogWorker (SegmentedRaftLogWorker.java:<init>(182)) - new s0@group-AF32D02DB247-SegmentedRaftLogWorker for RaftStorageImpl:Storage Directory /home/runner/work/ratis/ratis/ratis-test/target/test/data/1b1d21a/MiniRaftClusterWithGrpc658d130c/s0/9ea313d8-2788-4135-8171-af32d02db247
2023-12-01 03:55:46,197 [s0-impl-thread1] INFO  server.RaftServerConfigKeys (ConfUtils.java:logGet(46)) - raft.server.log.queue.byte-limit = 64MB (=67108864) (default)
2023-12-01 03:55:46,197 [s0-impl-thread1] INFO  server.RaftServerConfigKeys (ConfUtils.java:logGet(46)) - raft.server.log.queue.element-limit = 4096 (default)
2023-12-01 03:55:46,197 [s0-impl-thread1] INFO  server.RaftServerConfigKeys (ConfUtils.java:logGet(46)) - raft.server.log.segment.size.max = 32MB (=33554432) (default)
2023-12-01 03:55:46,197 [s0-impl-thread1] INFO  server.RaftServerConfigKeys (ConfUtils.java:logGet(46)) - raft.server.log.preallocated.size = 4MB (=4194304) (default)
2023-12-01 03:55:46,197 [s0-impl-thread1] INFO  server.RaftServerConfigKeys (ConfUtils.java:logGet(46)) - raft.server.log.force.sync.num = 128 (default)
2023-12-01 03:55:46,197 [s0-impl-thread1] INFO  server.RaftServerConfigKeys (ConfUtils.java:logGet(46)) - raft.server.log.statemachine.data.sync = true (default)
2023-12-01 03:55:46,197 [s0-impl-thread1] INFO  server.RaftServerConfigKeys (ConfUtils.java:logGet(46)) - raft.server.log.statemachine.data.sync.timeout = 10s (default)
2023-12-01 03:55:46,197 [s0-impl-thread1] INFO  server.RaftServerConfigKeys (ConfUtils.java:logGet(46)) - raft.server.log.statemachine.data.sync.timeout.retry = -1 (default)
2023-12-01 03:55:46,198 [s0-impl-thread1] INFO  server.RaftServerConfigKeys (ConfUtils.java:logGet(46)) - raft.server.log.write.buffer.size = 8MB (=8388608) (default)
2023-12-01 03:55:46,199 [s0-impl-thread1] INFO  server.RaftServerConfigKeys (ConfUtils.java:logGet(46)) - raft.server.log.appender.buffer.byte-limit = 4MB (=4194304) (default)
2023-12-01 03:55:46,199 [s0-impl-thread1] INFO  server.RaftServerConfigKeys (ConfUtils.java:logGet(46)) - raft.server.log.unsafe-flush.enabled = false (default)
2023-12-01 03:55:46,199 [s0-impl-thread1] INFO  server.RaftServerConfigKeys (ConfUtils.java:logGet(46)) - raft.server.log.async-flush.enabled = false (default)
2023-12-01 03:55:46,199 [s0-impl-thread1] INFO  server.RaftServerConfigKeys (ConfUtils.java:logGet(46)) - raft.server.log.statemachine.data.caching.enabled = false (default)
2023-12-01 03:55:46,199 [s0-impl-thread1] INFO  segmented.SegmentedRaftLogWorker (SegmentedRaftLogWorker.java:lambda$new$0(134)) - s0@group-AF32D02DB247-SegmentedRaftLogWorker: flushIndex: setUnconditionally 0 -> -1
2023-12-01 03:55:46,199 [s0-impl-thread1] INFO  segmented.SegmentedRaftLogWorker (SegmentedRaftLogWorker.java:lambda$new$0(134)) - s0@group-AF32D02DB247-SegmentedRaftLogWorker: safeCacheEvictIndex: setUnconditionally 0 -> -1
2023-12-01 03:55:46,199 [s0-impl-thread1] INFO  server.RaftServer$Division (RaftServerImpl.java:start(392)) - s0@group-AF32D02DB247: start as a follower, conf=-1: peers:[s0|localhost:45041, s1|localhost:39833, s2|localhost:45561]|listeners:[], old=null
2023-12-01 03:55:46,199 [s0-impl-thread1] INFO  server.RaftServer$Division (RaftServerImpl.java:setRole(379)) - s0@group-AF32D02DB247: changes role from      null to FOLLOWER at term 0 for startAsFollower
2023-12-01 03:55:46,199 [s0-impl-thread1] INFO  impl.RoleInfo (RoleInfo.java:updateAndGet(139)) - s0: start s0@group-AF32D02DB247-FollowerState
2023-12-01 03:55:46,200 [s0@group-AF32D02DB247-FollowerState] INFO  server.RaftServerConfigKeys (ConfUtils.java:logFallback(53)) - raft.server.rpc.first-election.timeout.min = 150ms (fallback to raft.server.rpc.timeout.min)
2023-12-01 03:55:46,200 [s0@group-AF32D02DB247-FollowerState] INFO  server.RaftServerConfigKeys (ConfUtils.java:logFallback(53)) - raft.server.rpc.first-election.timeout.max = 300ms (fallback to raft.server.rpc.timeout.max)
2023-12-01 03:55:46,200 [s0-impl-thread1] INFO  util.JmxRegister (JmxRegister.java:tryRegister(44)) - Successfully registered JMX Bean with object name Ratis:service=RaftServer,group=group-AF32D02DB247,id=s0
2023-12-01 03:55:46,200 [s0-impl-thread1] INFO  server.RaftServerConfigKeys (ConfUtils.java:logGet(46)) - raft.server.snapshot.trigger-when-stop.enabled = true (default)
2023-12-01 03:55:46,200 [s0-impl-thread1] INFO  server.RaftServerConfigKeys (ConfUtils.java:logGet(46)) - raft.server.snapshot.auto.trigger.enabled = false (default)
2023-12-01 03:55:46,200 [s0-impl-thread1] INFO  server.RaftServerConfigKeys (ConfUtils.java:logGet(46)) - raft.server.snapshot.retention.file.num = -1 (default)
2023-12-01 03:55:46,200 [s0-impl-thread1] INFO  server.RaftServerConfigKeys (ConfUtils.java:logGet(46)) - raft.server.log.purge.upto.snapshot.index = false (default)
2023-12-01 03:55:46,200 [Time-limited test] INFO  server.RaftServer (RaftServerProxy.java:startImpl(406)) - s0: start RPC server
2023-12-01 03:55:46,201 [Time-limited test] INFO  server.GrpcService (GrpcService.java:startImpl(302)) - s0: GrpcService started, listening on 36431
2023-12-01 03:55:46,202 [Time-limited test] INFO  server.GrpcService (GrpcService.java:startImpl(302)) - s0: GrpcService started, listening on 45041
2023-12-01 03:55:46,202 [Time-limited test] INFO  server.GrpcService (GrpcService.java:startImpl(302)) - s0: GrpcService started, listening on 39095
2023-12-01 03:55:46,202 [JvmPauseMonitor6] INFO  util.JvmPauseMonitor (JvmPauseMonitor.java:run(146)) - JvmPauseMonitor-s0: Started
2023-12-01 03:55:46,202 [s1-impl-thread1] INFO  server.RaftServerConfigKeys (ConfUtils.java:logGet(46)) - raft.server.storage.free-space.min = 0MB (=0) (default)
2023-12-01 03:55:46,202 [s1-impl-thread1] INFO  server.RaftServerConfigKeys (ConfUtils.java:logGet(46)) - raft.server.log.corruption.policy = EXCEPTION (default)
2023-12-01 03:55:46,203 [s1-impl-thread1] INFO  server.RaftServerConfigKeys (ConfUtils.java:logGet(46)) - raft.server.storage.dir = [/home/runner/work/ratis/ratis/ratis-test/target/test/data/1b1d21a/MiniRaftClusterWithGrpc658d130c/s1] (custom)
2023-12-01 03:55:46,203 [s1-impl-thread1] INFO  storage.RaftStorageDirectory (RaftStorageDirectoryImpl.java:analyzeStorage(138)) - The storage directory /home/runner/work/ratis/ratis/ratis-test/target/test/data/1b1d21a/MiniRaftClusterWithGrpc658d130c/s1/9ea313d8-2788-4135-8171-af32d02db247 does not exist. Creating ...
2023-12-01 03:55:46,203 [s1-impl-thread1] TRACE util.FileUtils (LogUtils.java:runAndLog(49)) - Successfully ran Files.createDirectories /home/runner/work/ratis/ratis/ratis-test/target/test/data/1b1d21a/MiniRaftClusterWithGrpc658d130c/s1/9ea313d8-2788-4135-8171-af32d02db247
2023-12-01 03:55:46,203 [s1-impl-thread1] INFO  storage.RaftStorageDirectory (RaftStorageDirectoryImpl.java:tryLock(232)) - Lock on /home/runner/work/ratis/ratis/ratis-test/target/test/data/1b1d21a/MiniRaftClusterWithGrpc658d130c/s1/9ea313d8-2788-4135-8171-af32d02db247/in_use.lock acquired by nodename 4676@fv-az912-722
2023-12-01 03:55:46,204 [s1-impl-thread1] TRACE util.FileUtils (LogUtils.java:runAndLog(49)) - Successfully ran Files.createDirectories /home/runner/work/ratis/ratis/ratis-test/target/test/data/1b1d21a/MiniRaftClusterWithGrpc658d130c/s1/9ea313d8-2788-4135-8171-af32d02db247/current
2023-12-01 03:55:46,204 [s1-impl-thread1] TRACE util.FileUtils (LogUtils.java:runAndLog(49)) - Successfully ran Files.createDirectories /home/runner/work/ratis/ratis/ratis-test/target/test/data/1b1d21a/MiniRaftClusterWithGrpc658d130c/s1/9ea313d8-2788-4135-8171-af32d02db247/sm
2023-12-01 03:55:46,204 [s1-impl-thread1] TRACE util.FileUtils (LogUtils.java:supplyAndLog(69)) - Successfully supplied FileChannel.open /home/runner/work/ratis/ratis/ratis-test/target/test/data/1b1d21a/MiniRaftClusterWithGrpc658d130c/s1/9ea313d8-2788-4135-8171-af32d02db247/current/raft-meta.tmp with options [CREATE, WRITE]: sun.nio.ch.FileChannelImpl@767dbc3d
2023-12-01 03:55:46,204 [s1-impl-thread1] TRACE util.FileUtils (LogUtils.java:runAndLog(49)) - Successfully ran Atomic Files.move /home/runner/work/ratis/ratis/ratis-test/target/test/data/1b1d21a/MiniRaftClusterWithGrpc658d130c/s1/9ea313d8-2788-4135-8171-af32d02db247/current/raft-meta.tmp to /home/runner/work/ratis/ratis/ratis-test/target/test/data/1b1d21a/MiniRaftClusterWithGrpc658d130c/s1/9ea313d8-2788-4135-8171-af32d02db247/current/raft-meta with options [REPLACE_EXISTING]
2023-12-01 03:55:46,204 [s1-impl-thread1] INFO  storage.RaftStorage (RaftStorageImpl.java:format(99)) - Storage directory /home/runner/work/ratis/ratis/ratis-test/target/test/data/1b1d21a/MiniRaftClusterWithGrpc658d130c/s1/9ea313d8-2788-4135-8171-af32d02db247 has been successfully formatted.
2023-12-01 03:55:46,205 [s1-impl-thread1] TRACE util.FileUtils (LogUtils.java:supplyAndLog(61)) - Failed to Files.newInputStream /home/runner/work/ratis/ratis/ratis-test/target/test/data/1b1d21a/MiniRaftClusterWithGrpc658d130c/s1/9ea313d8-2788-4135-8171-af32d02db247/current/raft-meta.conf with options []
java.nio.file.NoSuchFileException: /home/runner/work/ratis/ratis/ratis-test/target/test/data/1b1d21a/MiniRaftClusterWithGrpc658d130c/s1/9ea313d8-2788-4135-8171-af32d02db247/current/raft-meta.conf
	at java.base/sun.nio.fs.UnixException.translateToIOException(UnixException.java:92)
	at java.base/sun.nio.fs.UnixException.rethrowAsIOException(UnixException.java:111)
	at java.base/sun.nio.fs.UnixException.rethrowAsIOException(UnixException.java:116)
	at java.base/sun.nio.fs.UnixFileSystemProvider.newByteChannel(UnixFileSystemProvider.java:219)
	at java.base/java.nio.file.Files.newByteChannel(Files.java:371)
	at java.base/java.nio.file.Files.newByteChannel(Files.java:422)
	at java.base/java.nio.file.spi.FileSystemProvider.newInputStream(FileSystemProvider.java:420)
	at java.base/java.nio.file.Files.newInputStream(Files.java:156)
	at org.apache.ratis.util.FileUtils.lambda$newInputStream$2(FileUtils.java:73)
	at org.apache.ratis.util.LogUtils.supplyAndLog(LogUtils.java:58)
	at org.apache.ratis.util.FileUtils.newInputStream(FileUtils.java:72)
	at org.apache.ratis.util.FileUtils.newInputStream(FileUtils.java:68)
	at org.apache.ratis.server.storage.RaftStorageImpl.readRaftConfiguration(RaftStorageImpl.java:156)
	at org.apache.ratis.server.impl.ServerState.initialize(ServerState.java:141)
	at org.apache.ratis.server.impl.RaftServerImpl.start(RaftServerImpl.java:388)
	at org.apache.ratis.util.ConcurrentUtils.accept(ConcurrentUtils.java:203)
	at org.apache.ratis.util.ConcurrentUtils.lambda$parallelForEachAsync$4(ConcurrentUtils.java:182)
	at java.base/java.util.concurrent.ThreadPoolExecutor.runWorker(ThreadPoolExecutor.java:1128)
	at java.base/java.util.concurrent.ThreadPoolExecutor$Worker.run(ThreadPoolExecutor.java:628)
	at java.base/java.lang.Thread.run(Thread.java:829)
2023-12-01 03:55:46,205 [s1-impl-thread1] INFO  impl.SimpleStateMachine4Testing (SimpleStateMachine4Testing.java:initialize(213)) - Initializing SimpleStateMachine4Testing:uninitialized
2023-12-01 03:55:46,205 [s1-impl-thread1] INFO  impl.SimpleStateMachine4Testing (SimpleStateMachine4Testing.java:loadSnapshot(296)) - Loading snapshot null
2023-12-01 03:55:46,205 [s1-impl-thread1] INFO  server.RaftServerConfigKeys (ConfUtils.java:logGet(46)) - raft.server.log.use.memory = false (default)
2023-12-01 03:55:46,205 [s1-impl-thread1] INFO  server.RaftServerConfigKeys (ConfUtils.java:logGet(46)) - raft.server.log.purge.gap = 1024 (default)
2023-12-01 03:55:46,205 [s1-impl-thread1] INFO  server.RaftServerConfigKeys (ConfUtils.java:logGet(46)) - raft.server.log.appender.buffer.byte-limit = 4MB (=4194304) (default)
2023-12-01 03:55:46,205 [s1-impl-thread1] INFO  server.RaftServerConfigKeys (ConfUtils.java:logGet(46)) - raft.server.log.statemachine.data.read.timeout = 1000ms (default)
2023-12-01 03:55:46,205 [s1-impl-thread1] INFO  server.RaftServerConfigKeys (ConfUtils.java:logGet(46)) - raft.server.log.purge.preservation.log.num = 0 (default)
2023-12-01 03:55:46,205 [s1-impl-thread1] INFO  server.RaftServerConfigKeys (ConfUtils.java:logGet(46)) - raft.server.log.segment.size.max = 32MB (=33554432) (default)
2023-12-01 03:55:46,206 [s1-impl-thread1] INFO  server.RaftServerConfigKeys (ConfUtils.java:logGet(46)) - raft.server.log.segment.cache.num.max = 6 (default)
2023-12-01 03:55:46,206 [s1-impl-thread1] INFO  server.RaftServerConfigKeys (ConfUtils.java:logGet(46)) - raft.server.log.segment.cache.size.max = 200MB (=209715200) (default)
2023-12-01 03:55:46,206 [s1-impl-thread1] INFO  server.RaftServerConfigKeys (ConfUtils.java:logGet(46)) - raft.server.log.appender.buffer.byte-limit = 4MB (=4194304) (default)
2023-12-01 03:55:46,206 [s1-impl-thread1] INFO  util.AwaitToRun (AwaitToRun.java:start(81)) - Thread[s1@group-AF32D02DB247-cacheEviction-AwaitToRun,5,main] started
2023-12-01 03:55:46,206 [s1-impl-thread1] INFO  segmented.SegmentedRaftLogWorker (SegmentedRaftLogWorker.java:<init>(182)) - new s1@group-AF32D02DB247-SegmentedRaftLogWorker for RaftStorageImpl:Storage Directory /home/runner/work/ratis/ratis/ratis-test/target/test/data/1b1d21a/MiniRaftClusterWithGrpc658d130c/s1/9ea313d8-2788-4135-8171-af32d02db247
2023-12-01 03:55:46,206 [s1-impl-thread1] INFO  server.RaftServerConfigKeys (ConfUtils.java:logGet(46)) - raft.server.log.queue.byte-limit = 64MB (=67108864) (default)
2023-12-01 03:55:46,206 [s1-impl-thread1] INFO  server.RaftServerConfigKeys (ConfUtils.java:logGet(46)) - raft.server.log.queue.element-limit = 4096 (default)
2023-12-01 03:55:46,206 [s1-impl-thread1] INFO  server.RaftServerConfigKeys (ConfUtils.java:logGet(46)) - raft.server.log.segment.size.max = 32MB (=33554432) (default)
2023-12-01 03:55:46,206 [s1-impl-thread1] INFO  server.RaftServerConfigKeys (ConfUtils.java:logGet(46)) - raft.server.log.preallocated.size = 4MB (=4194304) (default)
2023-12-01 03:55:46,206 [s1-impl-thread1] INFO  server.RaftServerConfigKeys (ConfUtils.java:logGet(46)) - raft.server.log.force.sync.num = 128 (default)
2023-12-01 03:55:46,206 [s1-impl-thread1] INFO  server.RaftServerConfigKeys (ConfUtils.java:logGet(46)) - raft.server.log.statemachine.data.sync = true (default)
2023-12-01 03:55:46,206 [s1-impl-thread1] INFO  server.RaftServerConfigKeys (ConfUtils.java:logGet(46)) - raft.server.log.statemachine.data.sync.timeout = 10s (default)
2023-12-01 03:55:46,206 [s1-impl-thread1] INFO  server.RaftServerConfigKeys (ConfUtils.java:logGet(46)) - raft.server.log.statemachine.data.sync.timeout.retry = -1 (default)
2023-12-01 03:55:46,206 [s1-impl-thread1] INFO  server.RaftServerConfigKeys (ConfUtils.java:logGet(46)) - raft.server.log.write.buffer.size = 8MB (=8388608) (default)
2023-12-01 03:55:46,208 [s1-impl-thread1] INFO  server.RaftServerConfigKeys (ConfUtils.java:logGet(46)) - raft.server.log.appender.buffer.byte-limit = 4MB (=4194304) (default)
2023-12-01 03:55:46,208 [s1-impl-thread1] INFO  server.RaftServerConfigKeys (ConfUtils.java:logGet(46)) - raft.server.log.unsafe-flush.enabled = false (default)
2023-12-01 03:55:46,208 [s1-impl-thread1] INFO  server.RaftServerConfigKeys (ConfUtils.java:logGet(46)) - raft.server.log.async-flush.enabled = false (default)
2023-12-01 03:55:46,208 [s1-impl-thread1] INFO  server.RaftServerConfigKeys (ConfUtils.java:logGet(46)) - raft.server.log.statemachine.data.caching.enabled = false (default)
2023-12-01 03:55:46,208 [s1-impl-thread1] INFO  segmented.SegmentedRaftLogWorker (SegmentedRaftLogWorker.java:lambda$new$0(134)) - s1@group-AF32D02DB247-SegmentedRaftLogWorker: flushIndex: setUnconditionally 0 -> -1
2023-12-01 03:55:46,208 [s1-impl-thread1] INFO  segmented.SegmentedRaftLogWorker (SegmentedRaftLogWorker.java:lambda$new$0(134)) - s1@group-AF32D02DB247-SegmentedRaftLogWorker: safeCacheEvictIndex: setUnconditionally 0 -> -1
2023-12-01 03:55:46,209 [s1-impl-thread1] INFO  server.RaftServer$Division (RaftServerImpl.java:start(392)) - s1@group-AF32D02DB247: start as a follower, conf=-1: peers:[s0|localhost:45041, s1|localhost:39833, s2|localhost:45561]|listeners:[], old=null
2023-12-01 03:55:46,209 [s1-impl-thread1] INFO  server.RaftServer$Division (RaftServerImpl.java:setRole(379)) - s1@group-AF32D02DB247: changes role from      null to FOLLOWER at term 0 for startAsFollower
2023-12-01 03:55:46,209 [s1-impl-thread1] INFO  impl.RoleInfo (RoleInfo.java:updateAndGet(139)) - s1: start s1@group-AF32D02DB247-FollowerState
2023-12-01 03:55:46,210 [s1@group-AF32D02DB247-FollowerState] INFO  server.RaftServerConfigKeys (ConfUtils.java:logFallback(53)) - raft.server.rpc.first-election.timeout.min = 150ms (fallback to raft.server.rpc.timeout.min)
2023-12-01 03:55:46,210 [s1@group-AF32D02DB247-FollowerState] INFO  server.RaftServerConfigKeys (ConfUtils.java:logFallback(53)) - raft.server.rpc.first-election.timeout.max = 300ms (fallback to raft.server.rpc.timeout.max)
2023-12-01 03:55:46,210 [s1-impl-thread1] INFO  util.JmxRegister (JmxRegister.java:tryRegister(44)) - Successfully registered JMX Bean with object name Ratis:service=RaftServer,group=group-AF32D02DB247,id=s1
2023-12-01 03:55:46,210 [s1-impl-thread1] INFO  server.RaftServerConfigKeys (ConfUtils.java:logGet(46)) - raft.server.snapshot.trigger-when-stop.enabled = true (default)
2023-12-01 03:55:46,210 [s1-impl-thread1] INFO  server.RaftServerConfigKeys (ConfUtils.java:logGet(46)) - raft.server.snapshot.auto.trigger.enabled = false (default)
2023-12-01 03:55:46,210 [s1-impl-thread1] INFO  server.RaftServerConfigKeys (ConfUtils.java:logGet(46)) - raft.server.snapshot.retention.file.num = -1 (default)
2023-12-01 03:55:46,210 [s1-impl-thread1] INFO  server.RaftServerConfigKeys (ConfUtils.java:logGet(46)) - raft.server.log.purge.upto.snapshot.index = false (default)
2023-12-01 03:55:46,212 [Time-limited test] INFO  server.RaftServer (RaftServerProxy.java:startImpl(406)) - s1: start RPC server
2023-12-01 03:55:46,213 [Time-limited test] INFO  server.GrpcService (GrpcService.java:startImpl(302)) - s1: GrpcService started, listening on 40087
2023-12-01 03:55:46,213 [Time-limited test] INFO  server.GrpcService (GrpcService.java:startImpl(302)) - s1: GrpcService started, listening on 39833
2023-12-01 03:55:46,213 [Time-limited test] INFO  server.GrpcService (GrpcService.java:startImpl(302)) - s1: GrpcService started, listening on 43521
2023-12-01 03:55:46,213 [JvmPauseMonitor7] INFO  util.JvmPauseMonitor (JvmPauseMonitor.java:run(146)) - JvmPauseMonitor-s1: Started
2023-12-01 03:55:46,214 [s2-impl-thread1] INFO  server.RaftServerConfigKeys (ConfUtils.java:logGet(46)) - raft.server.storage.free-space.min = 0MB (=0) (default)
2023-12-01 03:55:46,214 [s2-impl-thread1] INFO  server.RaftServerConfigKeys (ConfUtils.java:logGet(46)) - raft.server.log.corruption.policy = EXCEPTION (default)
2023-12-01 03:55:46,214 [s2-impl-thread1] INFO  server.RaftServerConfigKeys (ConfUtils.java:logGet(46)) - raft.server.storage.dir = [/home/runner/work/ratis/ratis/ratis-test/target/test/data/1b1d21a/MiniRaftClusterWithGrpc658d130c/s2] (custom)
2023-12-01 03:55:46,214 [s2-impl-thread1] INFO  storage.RaftStorageDirectory (RaftStorageDirectoryImpl.java:analyzeStorage(138)) - The storage directory /home/runner/work/ratis/ratis/ratis-test/target/test/data/1b1d21a/MiniRaftClusterWithGrpc658d130c/s2/9ea313d8-2788-4135-8171-af32d02db247 does not exist. Creating ...
2023-12-01 03:55:46,214 [s2-impl-thread1] TRACE util.FileUtils (LogUtils.java:runAndLog(49)) - Successfully ran Files.createDirectories /home/runner/work/ratis/ratis/ratis-test/target/test/data/1b1d21a/MiniRaftClusterWithGrpc658d130c/s2/9ea313d8-2788-4135-8171-af32d02db247
2023-12-01 03:55:46,215 [s2-impl-thread1] INFO  storage.RaftStorageDirectory (RaftStorageDirectoryImpl.java:tryLock(232)) - Lock on /home/runner/work/ratis/ratis/ratis-test/target/test/data/1b1d21a/MiniRaftClusterWithGrpc658d130c/s2/9ea313d8-2788-4135-8171-af32d02db247/in_use.lock acquired by nodename 4676@fv-az912-722
2023-12-01 03:55:46,215 [s2-impl-thread1] TRACE util.FileUtils (LogUtils.java:runAndLog(49)) - Successfully ran Files.createDirectories /home/runner/work/ratis/ratis/ratis-test/target/test/data/1b1d21a/MiniRaftClusterWithGrpc658d130c/s2/9ea313d8-2788-4135-8171-af32d02db247/current
2023-12-01 03:55:46,215 [s2-impl-thread1] TRACE util.FileUtils (LogUtils.java:runAndLog(49)) - Successfully ran Files.createDirectories /home/runner/work/ratis/ratis/ratis-test/target/test/data/1b1d21a/MiniRaftClusterWithGrpc658d130c/s2/9ea313d8-2788-4135-8171-af32d02db247/sm
2023-12-01 03:55:46,215 [s2-impl-thread1] TRACE util.FileUtils (LogUtils.java:supplyAndLog(69)) - Successfully supplied FileChannel.open /home/runner/work/ratis/ratis/ratis-test/target/test/data/1b1d21a/MiniRaftClusterWithGrpc658d130c/s2/9ea313d8-2788-4135-8171-af32d02db247/current/raft-meta.tmp with options [CREATE, WRITE]: sun.nio.ch.FileChannelImpl@5ba0416b
2023-12-01 03:55:46,216 [s2-impl-thread1] TRACE util.FileUtils (LogUtils.java:runAndLog(49)) - Successfully ran Atomic Files.move /home/runner/work/ratis/ratis/ratis-test/target/test/data/1b1d21a/MiniRaftClusterWithGrpc658d130c/s2/9ea313d8-2788-4135-8171-af32d02db247/current/raft-meta.tmp to /home/runner/work/ratis/ratis/ratis-test/target/test/data/1b1d21a/MiniRaftClusterWithGrpc658d130c/s2/9ea313d8-2788-4135-8171-af32d02db247/current/raft-meta with options [REPLACE_EXISTING]
2023-12-01 03:55:46,216 [s2-impl-thread1] INFO  storage.RaftStorage (RaftStorageImpl.java:format(99)) - Storage directory /home/runner/work/ratis/ratis/ratis-test/target/test/data/1b1d21a/MiniRaftClusterWithGrpc658d130c/s2/9ea313d8-2788-4135-8171-af32d02db247 has been successfully formatted.
2023-12-01 03:55:46,216 [s2-impl-thread1] TRACE util.FileUtils (LogUtils.java:supplyAndLog(61)) - Failed to Files.newInputStream /home/runner/work/ratis/ratis/ratis-test/target/test/data/1b1d21a/MiniRaftClusterWithGrpc658d130c/s2/9ea313d8-2788-4135-8171-af32d02db247/current/raft-meta.conf with options []
java.nio.file.NoSuchFileException: /home/runner/work/ratis/ratis/ratis-test/target/test/data/1b1d21a/MiniRaftClusterWithGrpc658d130c/s2/9ea313d8-2788-4135-8171-af32d02db247/current/raft-meta.conf
	at java.base/sun.nio.fs.UnixException.translateToIOException(UnixException.java:92)
	at java.base/sun.nio.fs.UnixException.rethrowAsIOException(UnixException.java:111)
	at java.base/sun.nio.fs.UnixException.rethrowAsIOException(UnixException.java:116)
	at java.base/sun.nio.fs.UnixFileSystemProvider.newByteChannel(UnixFileSystemProvider.java:219)
	at java.base/java.nio.file.Files.newByteChannel(Files.java:371)
	at java.base/java.nio.file.Files.newByteChannel(Files.java:422)
	at java.base/java.nio.file.spi.FileSystemProvider.newInputStream(FileSystemProvider.java:420)
	at java.base/java.nio.file.Files.newInputStream(Files.java:156)
	at org.apache.ratis.util.FileUtils.lambda$newInputStream$2(FileUtils.java:73)
	at org.apache.ratis.util.LogUtils.supplyAndLog(LogUtils.java:58)
	at org.apache.ratis.util.FileUtils.newInputStream(FileUtils.java:72)
	at org.apache.ratis.util.FileUtils.newInputStream(FileUtils.java:68)
	at org.apache.ratis.server.storage.RaftStorageImpl.readRaftConfiguration(RaftStorageImpl.java:156)
	at org.apache.ratis.server.impl.ServerState.initialize(ServerState.java:141)
	at org.apache.ratis.server.impl.RaftServerImpl.start(RaftServerImpl.java:388)
	at org.apache.ratis.util.ConcurrentUtils.accept(ConcurrentUtils.java:203)
	at org.apache.ratis.util.ConcurrentUtils.lambda$parallelForEachAsync$4(ConcurrentUtils.java:182)
	at java.base/java.util.concurrent.ThreadPoolExecutor.runWorker(ThreadPoolExecutor.java:1128)
	at java.base/java.util.concurrent.ThreadPoolExecutor$Worker.run(ThreadPoolExecutor.java:628)
	at java.base/java.lang.Thread.run(Thread.java:829)
2023-12-01 03:55:46,216 [s2-impl-thread1] INFO  impl.SimpleStateMachine4Testing (SimpleStateMachine4Testing.java:initialize(213)) - Initializing SimpleStateMachine4Testing:uninitialized
2023-12-01 03:55:46,216 [s2-impl-thread1] INFO  impl.SimpleStateMachine4Testing (SimpleStateMachine4Testing.java:loadSnapshot(296)) - Loading snapshot null
2023-12-01 03:55:46,216 [s2-impl-thread1] INFO  server.RaftServerConfigKeys (ConfUtils.java:logGet(46)) - raft.server.log.use.memory = false (default)
2023-12-01 03:55:46,216 [s2-impl-thread1] INFO  server.RaftServerConfigKeys (ConfUtils.java:logGet(46)) - raft.server.log.purge.gap = 1024 (default)
2023-12-01 03:55:46,216 [s2-impl-thread1] INFO  server.RaftServerConfigKeys (ConfUtils.java:logGet(46)) - raft.server.log.appender.buffer.byte-limit = 4MB (=4194304) (default)
2023-12-01 03:55:46,216 [s2-impl-thread1] INFO  server.RaftServerConfigKeys (ConfUtils.java:logGet(46)) - raft.server.log.statemachine.data.read.timeout = 1000ms (default)
2023-12-01 03:55:46,216 [s2-impl-thread1] INFO  server.RaftServerConfigKeys (ConfUtils.java:logGet(46)) - raft.server.log.purge.preservation.log.num = 0 (default)
2023-12-01 03:55:46,217 [s2-impl-thread1] INFO  server.RaftServerConfigKeys (ConfUtils.java:logGet(46)) - raft.server.log.segment.size.max = 32MB (=33554432) (default)
2023-12-01 03:55:46,217 [s2-impl-thread1] INFO  server.RaftServerConfigKeys (ConfUtils.java:logGet(46)) - raft.server.log.segment.cache.num.max = 6 (default)
2023-12-01 03:55:46,217 [s2-impl-thread1] INFO  server.RaftServerConfigKeys (ConfUtils.java:logGet(46)) - raft.server.log.segment.cache.size.max = 200MB (=209715200) (default)
2023-12-01 03:55:46,217 [s2-impl-thread1] INFO  server.RaftServerConfigKeys (ConfUtils.java:logGet(46)) - raft.server.log.appender.buffer.byte-limit = 4MB (=4194304) (default)
2023-12-01 03:55:46,217 [s2-impl-thread1] INFO  util.AwaitToRun (AwaitToRun.java:start(81)) - Thread[s2@group-AF32D02DB247-cacheEviction-AwaitToRun,5,main] started
2023-12-01 03:55:46,217 [s2-impl-thread1] INFO  segmented.SegmentedRaftLogWorker (SegmentedRaftLogWorker.java:<init>(182)) - new s2@group-AF32D02DB247-SegmentedRaftLogWorker for RaftStorageImpl:Storage Directory /home/runner/work/ratis/ratis/ratis-test/target/test/data/1b1d21a/MiniRaftClusterWithGrpc658d130c/s2/9ea313d8-2788-4135-8171-af32d02db247
2023-12-01 03:55:46,217 [s2-impl-thread1] INFO  server.RaftServerConfigKeys (ConfUtils.java:logGet(46)) - raft.server.log.queue.byte-limit = 64MB (=67108864) (default)
2023-12-01 03:55:46,217 [s2-impl-thread1] INFO  server.RaftServerConfigKeys (ConfUtils.java:logGet(46)) - raft.server.log.queue.element-limit = 4096 (default)
2023-12-01 03:55:46,217 [s2-impl-thread1] INFO  server.RaftServerConfigKeys (ConfUtils.java:logGet(46)) - raft.server.log.segment.size.max = 32MB (=33554432) (default)
2023-12-01 03:55:46,217 [s2-impl-thread1] INFO  server.RaftServerConfigKeys (ConfUtils.java:logGet(46)) - raft.server.log.preallocated.size = 4MB (=4194304) (default)
2023-12-01 03:55:46,217 [s2-impl-thread1] INFO  server.RaftServerConfigKeys (ConfUtils.java:logGet(46)) - raft.server.log.force.sync.num = 128 (default)
2023-12-01 03:55:46,217 [s2-impl-thread1] INFO  server.RaftServerConfigKeys (ConfUtils.java:logGet(46)) - raft.server.log.statemachine.data.sync = true (default)
2023-12-01 03:55:46,217 [s2-impl-thread1] INFO  server.RaftServerConfigKeys (ConfUtils.java:logGet(46)) - raft.server.log.statemachine.data.sync.timeout = 10s (default)
2023-12-01 03:55:46,217 [s2-impl-thread1] INFO  server.RaftServerConfigKeys (ConfUtils.java:logGet(46)) - raft.server.log.statemachine.data.sync.timeout.retry = -1 (default)
2023-12-01 03:55:46,217 [s2-impl-thread1] INFO  server.RaftServerConfigKeys (ConfUtils.java:logGet(46)) - raft.server.log.write.buffer.size = 8MB (=8388608) (default)
2023-12-01 03:55:46,219 [s2-impl-thread1] INFO  server.RaftServerConfigKeys (ConfUtils.java:logGet(46)) - raft.server.log.appender.buffer.byte-limit = 4MB (=4194304) (default)
2023-12-01 03:55:46,219 [s2-impl-thread1] INFO  server.RaftServerConfigKeys (ConfUtils.java:logGet(46)) - raft.server.log.unsafe-flush.enabled = false (default)
2023-12-01 03:55:46,219 [s2-impl-thread1] INFO  server.RaftServerConfigKeys (ConfUtils.java:logGet(46)) - raft.server.log.async-flush.enabled = false (default)
2023-12-01 03:55:46,219 [s2-impl-thread1] INFO  server.RaftServerConfigKeys (ConfUtils.java:logGet(46)) - raft.server.log.statemachine.data.caching.enabled = false (default)
2023-12-01 03:55:46,219 [s2-impl-thread1] INFO  segmented.SegmentedRaftLogWorker (SegmentedRaftLogWorker.java:lambda$new$0(134)) - s2@group-AF32D02DB247-SegmentedRaftLogWorker: flushIndex: setUnconditionally 0 -> -1
2023-12-01 03:55:46,219 [s2-impl-thread1] INFO  segmented.SegmentedRaftLogWorker (SegmentedRaftLogWorker.java:lambda$new$0(134)) - s2@group-AF32D02DB247-SegmentedRaftLogWorker: safeCacheEvictIndex: setUnconditionally 0 -> -1
2023-12-01 03:55:46,219 [s2-impl-thread1] INFO  server.RaftServer$Division (RaftServerImpl.java:start(392)) - s2@group-AF32D02DB247: start as a follower, conf=-1: peers:[s0|localhost:45041, s1|localhost:39833, s2|localhost:45561]|listeners:[], old=null
2023-12-01 03:55:46,219 [s2-impl-thread1] INFO  server.RaftServer$Division (RaftServerImpl.java:setRole(379)) - s2@group-AF32D02DB247: changes role from      null to FOLLOWER at term 0 for startAsFollower
2023-12-01 03:55:46,219 [s2-impl-thread1] INFO  impl.RoleInfo (RoleInfo.java:updateAndGet(139)) - s2: start s2@group-AF32D02DB247-FollowerState
2023-12-01 03:55:46,219 [s2@group-AF32D02DB247-FollowerState] INFO  server.RaftServerConfigKeys (ConfUtils.java:logFallback(53)) - raft.server.rpc.first-election.timeout.min = 150ms (fallback to raft.server.rpc.timeout.min)
2023-12-01 03:55:46,219 [s2-impl-thread1] INFO  util.JmxRegister (JmxRegister.java:tryRegister(44)) - Successfully registered JMX Bean with object name Ratis:service=RaftServer,group=group-AF32D02DB247,id=s2
2023-12-01 03:55:46,219 [s2@group-AF32D02DB247-FollowerState] INFO  server.RaftServerConfigKeys (ConfUtils.java:logFallback(53)) - raft.server.rpc.first-election.timeout.max = 300ms (fallback to raft.server.rpc.timeout.max)
2023-12-01 03:55:46,220 [s2-impl-thread1] INFO  server.RaftServerConfigKeys (ConfUtils.java:logGet(46)) - raft.server.snapshot.trigger-when-stop.enabled = true (default)
2023-12-01 03:55:46,220 [s2-impl-thread1] INFO  server.RaftServerConfigKeys (ConfUtils.java:logGet(46)) - raft.server.snapshot.auto.trigger.enabled = false (default)
2023-12-01 03:55:46,220 [s2-impl-thread1] INFO  server.RaftServerConfigKeys (ConfUtils.java:logGet(46)) - raft.server.snapshot.retention.file.num = -1 (default)
2023-12-01 03:55:46,220 [s2-impl-thread1] INFO  server.RaftServerConfigKeys (ConfUtils.java:logGet(46)) - raft.server.log.purge.upto.snapshot.index = false (default)
2023-12-01 03:55:46,220 [Time-limited test] INFO  server.RaftServer (RaftServerProxy.java:startImpl(406)) - s2: start RPC server
2023-12-01 03:55:46,220 [Time-limited test] INFO  server.GrpcService (GrpcService.java:startImpl(302)) - s2: GrpcService started, listening on 43917
2023-12-01 03:55:46,221 [Time-limited test] INFO  server.GrpcService (GrpcService.java:startImpl(302)) - s2: GrpcService started, listening on 45561
2023-12-01 03:55:46,221 [Time-limited test] INFO  server.GrpcService (GrpcService.java:startImpl(302)) - s2: GrpcService started, listening on 41665
2023-12-01 03:55:46,221 [JvmPauseMonitor8] INFO  util.JvmPauseMonitor (JvmPauseMonitor.java:run(146)) - JvmPauseMonitor-s2: Started
2023-12-01 03:55:46,221 [Time-limited test] INFO  server.RaftServerConfigKeys (ConfUtils.java:logGet(46)) - raft.server.rpc.timeout.max = 300ms (default)
2023-12-01 03:55:46,221 [Time-limited test] INFO  ratis.RaftTestUtil (RaftTestUtil.java:waitForLeader(100)) - printing ALL groups
  s0:  RUNNING  FOLLOWER s0@group-AF32D02DB247:t0, leader=null, voted=, raftlog=Memoized:s0@group-AF32D02DB247-SegmentedRaftLog:OPENED:c-1, conf=-1: peers:[s0|localhost:45041, s1|localhost:39833, s2|localhost:45561]|listeners:[], old=null RUNNING
  s1:  RUNNING  FOLLOWER s1@group-AF32D02DB247:t0, leader=null, voted=, raftlog=Memoized:s1@group-AF32D02DB247-SegmentedRaftLog:OPENED:c-1, conf=-1: peers:[s0|localhost:45041, s1|localhost:39833, s2|localhost:45561]|listeners:[], old=null RUNNING
  s2:  RUNNING  FOLLOWER s2@group-AF32D02DB247:t0, leader=null, voted=, raftlog=Memoized:s2@group-AF32D02DB247-SegmentedRaftLog:OPENED:c-1, conf=-1: peers:[s0|localhost:45041, s1|localhost:39833, s2|localhost:45561]|listeners:[], old=null RUNNING
2023-12-01 03:55:46,222 [Time-limited test] WARN  ratis.RaftTestUtil (JavaUtils.java:attempt(223)) - FAILED "waitForLeader-null-(expectLeader? true)", attempt #1/100: java.lang.IllegalStateException: No leader yet : printing ALL groups
  s0:  RUNNING  FOLLOWER s0@group-AF32D02DB247:t0, leader=null, voted=, raftlog=Memoized:s0@group-AF32D02DB247-SegmentedRaftLog:OPENED:c-1, conf=-1: peers:[s0|localhost:45041, s1|localhost:39833, s2|localhost:45561]|listeners:[], old=null RUNNING
  s1:  RUNNING  FOLLOWER s1@group-AF32D02DB247:t0, leader=null, voted=, raftlog=Memoized:s1@group-AF32D02DB247-SegmentedRaftLog:OPENED:c-1, conf=-1: peers:[s0|localhost:45041, s1|localhost:39833, s2|localhost:45561]|listeners:[], old=null RUNNING
  s2:  RUNNING  FOLLOWER s2@group-AF32D02DB247:t0, leader=null, voted=, raftlog=Memoized:s2@group-AF32D02DB247-SegmentedRaftLog:OPENED:c-1, conf=-1: peers:[s0|localhost:45041, s1|localhost:39833, s2|localhost:45561]|listeners:[], old=null RUNNING, sleep 450ms and then retry.
java.lang.IllegalStateException: No leader yet : printing ALL groups
  s0:  RUNNING  FOLLOWER s0@group-AF32D02DB247:t0, leader=null, voted=, raftlog=Memoized:s0@group-AF32D02DB247-SegmentedRaftLog:OPENED:c-1, conf=-1: peers:[s0|localhost:45041, s1|localhost:39833, s2|localhost:45561]|listeners:[], old=null RUNNING
  s1:  RUNNING  FOLLOWER s1@group-AF32D02DB247:t0, leader=null, voted=, raftlog=Memoized:s1@group-AF32D02DB247-SegmentedRaftLog:OPENED:c-1, conf=-1: peers:[s0|localhost:45041, s1|localhost:39833, s2|localhost:45561]|listeners:[], old=null RUNNING
  s2:  RUNNING  FOLLOWER s2@group-AF32D02DB247:t0, leader=null, voted=, raftlog=Memoized:s2@group-AF32D02DB247-SegmentedRaftLog:OPENED:c-1, conf=-1: peers:[s0|localhost:45041, s1|localhost:39833, s2|localhost:45561]|listeners:[], old=null RUNNING
	at org.apache.ratis.server.impl.MiniRaftCluster.newIllegalStateExceptionForNoLeaders(MiniRaftCluster.java:581)
	at org.apache.ratis.RaftTestUtil.lambda$waitForLeader$1(RaftTestUtil.java:104)
	at org.apache.ratis.server.impl.MiniRaftCluster.getLeader(MiniRaftCluster.java:615)
	at org.apache.ratis.server.impl.MiniRaftCluster.getLeader(MiniRaftCluster.java:608)
	at org.apache.ratis.RaftTestUtil.lambda$waitForLeader$3(RaftTestUtil.java:112)
	at org.apache.ratis.util.JavaUtils.attempt(JavaUtils.java:217)
	at org.apache.ratis.util.JavaUtils.attemptRepeatedly(JavaUtils.java:203)
	at org.apache.ratis.RaftTestUtil.waitForLeader(RaftTestUtil.java:111)
	at org.apache.ratis.RaftTestUtil.waitForLeader(RaftTestUtil.java:92)
	at org.apache.ratis.RaftTestUtil.waitForLeader(RaftTestUtil.java:87)
	at org.apache.ratis.RetryCacheTests.runTestBasicRetry(RetryCacheTests.java:66)
	at org.apache.ratis.server.impl.MiniRaftCluster$Factory$Get.runWithNewCluster(MiniRaftCluster.java:141)
	at org.apache.ratis.server.impl.MiniRaftCluster$Factory$Get.runWithNewCluster(MiniRaftCluster.java:121)
	at org.apache.ratis.RetryCacheTests.testBasicRetry(RetryCacheTests.java:62)
	at java.base/jdk.internal.reflect.NativeMethodAccessorImpl.invoke0(Native Method)
	at java.base/jdk.internal.reflect.NativeMethodAccessorImpl.invoke(NativeMethodAccessorImpl.java:62)
	at java.base/jdk.internal.reflect.DelegatingMethodAccessorImpl.invoke(DelegatingMethodAccessorImpl.java:43)
	at java.base/java.lang.reflect.Method.invoke(Method.java:566)
	at org.junit.runners.model.FrameworkMethod$1.runReflectiveCall(FrameworkMethod.java:59)
	at org.junit.internal.runners.model.ReflectiveCallable.run(ReflectiveCallable.java:12)
	at org.junit.runners.model.FrameworkMethod.invokeExplosively(FrameworkMethod.java:56)
	at org.junit.internal.runners.statements.InvokeMethod.evaluate(InvokeMethod.java:17)
	at org.junit.internal.runners.statements.RunAfters.evaluate(RunAfters.java:27)
	at org.junit.internal.runners.statements.FailOnTimeout$CallableStatement.call(FailOnTimeout.java:299)
	at org.junit.internal.runners.statements.FailOnTimeout$CallableStatement.call(FailOnTimeout.java:293)
	at java.base/java.util.concurrent.FutureTask.run(FutureTask.java:264)
	at java.base/java.lang.Thread.run(Thread.java:829)
2023-12-01 03:55:46,228 [grpc-default-executor-11] ERROR impl.OrderedAsync (OrderedAsync.java:lambda$sendRequest$9(247)) - client-915AA7F58988: Failed* RaftClientRequest:client-915AA7F58988->s1@group-FB8FFDFFFB35, cid=6, seq=1*, Watch(0), null
java.util.concurrent.CompletionException: java.io.IOException: org.apache.ratis.thirdparty.io.grpc.StatusRuntimeException: UNAVAILABLE: io exception
	at java.base/java.util.concurrent.CompletableFuture.encodeThrowable(CompletableFuture.java:331)
	at java.base/java.util.concurrent.CompletableFuture.completeThrowable(CompletableFuture.java:346)
	at java.base/java.util.concurrent.CompletableFuture$UniApply.tryFire(CompletableFuture.java:632)
	at java.base/java.util.concurrent.CompletableFuture.postComplete(CompletableFuture.java:506)
	at java.base/java.util.concurrent.CompletableFuture.completeExceptionally(CompletableFuture.java:2094)
	at org.apache.ratis.grpc.client.GrpcClientProtocolClient$AsyncStreamObservers.completeReplyExceptionally(GrpcClientProtocolClient.java:394)
	at org.apache.ratis.grpc.client.GrpcClientProtocolClient$AsyncStreamObservers.access$000(GrpcClientProtocolClient.java:300)
	at org.apache.ratis.grpc.client.GrpcClientProtocolClient$AsyncStreamObservers$1.onError(GrpcClientProtocolClient.java:331)
	at org.apache.ratis.thirdparty.io.grpc.stub.ClientCalls$StreamObserverToCallListenerAdapter.onClose(ClientCalls.java:481)
	at org.apache.ratis.thirdparty.io.grpc.PartialForwardingClientCallListener.onClose(PartialForwardingClientCallListener.java:39)
	at org.apache.ratis.thirdparty.io.grpc.ForwardingClientCallListener.onClose(ForwardingClientCallListener.java:23)
	at org.apache.ratis.grpc.metrics.intercept.client.MetricClientCallListener.onClose(MetricClientCallListener.java:47)
	at org.apache.ratis.thirdparty.io.grpc.internal.DelayedClientCall$DelayedListener$3.run(DelayedClientCall.java:489)
	at org.apache.ratis.thirdparty.io.grpc.internal.DelayedClientCall$DelayedListener.delayOrExecute(DelayedClientCall.java:453)
	at org.apache.ratis.thirdparty.io.grpc.internal.DelayedClientCall$DelayedListener.onClose(DelayedClientCall.java:486)
	at org.apache.ratis.thirdparty.io.grpc.internal.ClientCallImpl.closeObserver(ClientCallImpl.java:567)
	at org.apache.ratis.thirdparty.io.grpc.internal.ClientCallImpl.access$300(ClientCallImpl.java:71)
	at org.apache.ratis.thirdparty.io.grpc.internal.ClientCallImpl$ClientStreamListenerImpl$1StreamClosed.runInternal(ClientCallImpl.java:735)
	at org.apache.ratis.thirdparty.io.grpc.internal.ClientCallImpl$ClientStreamListenerImpl$1StreamClosed.runInContext(ClientCallImpl.java:716)
	at org.apache.ratis.thirdparty.io.grpc.internal.ContextRunnable.run(ContextRunnable.java:37)
	at org.apache.ratis.thirdparty.io.grpc.internal.SerializingExecutor.run(SerializingExecutor.java:133)
	at java.base/java.util.concurrent.ThreadPoolExecutor.runWorker(ThreadPoolExecutor.java:1128)
	at java.base/java.util.concurrent.ThreadPoolExecutor$Worker.run(ThreadPoolExecutor.java:628)
	at java.base/java.lang.Thread.run(Thread.java:829)
Caused by: java.io.IOException: org.apache.ratis.thirdparty.io.grpc.StatusRuntimeException: UNAVAILABLE: io exception
	at org.apache.ratis.grpc.GrpcUtil.unwrapException(GrpcUtil.java:99)
	at org.apache.ratis.grpc.GrpcUtil.unwrapIOException(GrpcUtil.java:159)
	at org.apache.ratis.grpc.client.GrpcClientProtocolClient$AsyncStreamObservers$1.onError(GrpcClientProtocolClient.java:330)
	... 16 more
Caused by: org.apache.ratis.thirdparty.io.grpc.StatusRuntimeException: UNAVAILABLE: io exception
	at org.apache.ratis.thirdparty.io.grpc.Status.asRuntimeException(Status.java:537)
	... 16 more
Caused by: org.apache.ratis.thirdparty.io.netty.channel.AbstractChannel$AnnotatedConnectException: finishConnect(..) failed: Connection refused: localhost/127.0.0.1:36299
Caused by: java.net.ConnectException: finishConnect(..) failed: Connection refused
	at org.apache.ratis.thirdparty.io.netty.channel.unix.Errors.newConnectException0(Errors.java:166)
	at org.apache.ratis.thirdparty.io.netty.channel.unix.Errors.handleConnectErrno(Errors.java:131)
	at org.apache.ratis.thirdparty.io.netty.channel.unix.Socket.finishConnect(Socket.java:359)
	at org.apache.ratis.thirdparty.io.netty.channel.epoll.AbstractEpollChannel$AbstractEpollUnsafe.doFinishConnect(AbstractEpollChannel.java:710)
	at org.apache.ratis.thirdparty.io.netty.channel.epoll.AbstractEpollChannel$AbstractEpollUnsafe.finishConnect(AbstractEpollChannel.java:687)
	at org.apache.ratis.thirdparty.io.netty.channel.epoll.AbstractEpollChannel$AbstractEpollUnsafe.epollOutReady(AbstractEpollChannel.java:567)
	at org.apache.ratis.thirdparty.io.netty.channel.epoll.EpollEventLoop.processReady(EpollEventLoop.java:499)
	at org.apache.ratis.thirdparty.io.netty.channel.epoll.EpollEventLoop.run(EpollEventLoop.java:407)
	at org.apache.ratis.thirdparty.io.netty.util.concurrent.SingleThreadEventExecutor$4.run(SingleThreadEventExecutor.java:997)
	at org.apache.ratis.thirdparty.io.netty.util.internal.ThreadExecutorMap$2.run(ThreadExecutorMap.java:74)
	at org.apache.ratis.thirdparty.io.netty.util.concurrent.FastThreadLocalRunnable.run(FastThreadLocalRunnable.java:30)
	at java.base/java.lang.Thread.run(Thread.java:829)
2023-12-01 03:55:46,332 [grpc-default-executor-5] ERROR impl.OrderedAsync (OrderedAsync.java:lambda$sendRequest$9(247)) - client-915AA7F58988: Failed* RaftClientRequest:client-915AA7F58988->s2@group-FB8FFDFFFB35, cid=6, seq=1*, Watch(0), null
java.util.concurrent.CompletionException: java.io.IOException: org.apache.ratis.thirdparty.io.grpc.StatusRuntimeException: UNAVAILABLE: io exception
	at java.base/java.util.concurrent.CompletableFuture.encodeThrowable(CompletableFuture.java:331)
	at java.base/java.util.concurrent.CompletableFuture.completeThrowable(CompletableFuture.java:346)
	at java.base/java.util.concurrent.CompletableFuture$UniApply.tryFire(CompletableFuture.java:632)
	at java.base/java.util.concurrent.CompletableFuture.postComplete(CompletableFuture.java:506)
	at java.base/java.util.concurrent.CompletableFuture.completeExceptionally(CompletableFuture.java:2094)
	at org.apache.ratis.grpc.client.GrpcClientProtocolClient$AsyncStreamObservers.completeReplyExceptionally(GrpcClientProtocolClient.java:394)
	at org.apache.ratis.grpc.client.GrpcClientProtocolClient$AsyncStreamObservers.access$000(GrpcClientProtocolClient.java:300)
	at org.apache.ratis.grpc.client.GrpcClientProtocolClient$AsyncStreamObservers$1.onError(GrpcClientProtocolClient.java:331)
	at org.apache.ratis.thirdparty.io.grpc.stub.ClientCalls$StreamObserverToCallListenerAdapter.onClose(ClientCalls.java:481)
	at org.apache.ratis.thirdparty.io.grpc.PartialForwardingClientCallListener.onClose(PartialForwardingClientCallListener.java:39)
	at org.apache.ratis.thirdparty.io.grpc.ForwardingClientCallListener.onClose(ForwardingClientCallListener.java:23)
	at org.apache.ratis.grpc.metrics.intercept.client.MetricClientCallListener.onClose(MetricClientCallListener.java:47)
	at org.apache.ratis.thirdparty.io.grpc.internal.DelayedClientCall$DelayedListener$3.run(DelayedClientCall.java:489)
	at org.apache.ratis.thirdparty.io.grpc.internal.DelayedClientCall$DelayedListener.delayOrExecute(DelayedClientCall.java:453)
	at org.apache.ratis.thirdparty.io.grpc.internal.DelayedClientCall$DelayedListener.onClose(DelayedClientCall.java:486)
	at org.apache.ratis.thirdparty.io.grpc.internal.ClientCallImpl.closeObserver(ClientCallImpl.java:567)
	at org.apache.ratis.thirdparty.io.grpc.internal.ClientCallImpl.access$300(ClientCallImpl.java:71)
	at org.apache.ratis.thirdparty.io.grpc.internal.ClientCallImpl$ClientStreamListenerImpl$1StreamClosed.runInternal(ClientCallImpl.java:735)
	at org.apache.ratis.thirdparty.io.grpc.internal.ClientCallImpl$ClientStreamListenerImpl$1StreamClosed.runInContext(ClientCallImpl.java:716)
	at org.apache.ratis.thirdparty.io.grpc.internal.ContextRunnable.run(ContextRunnable.java:37)
	at org.apache.ratis.thirdparty.io.grpc.internal.SerializingExecutor.run(SerializingExecutor.java:133)
	at java.base/java.util.concurrent.ThreadPoolExecutor.runWorker(ThreadPoolExecutor.java:1128)
	at java.base/java.util.concurrent.ThreadPoolExecutor$Worker.run(ThreadPoolExecutor.java:628)
	at java.base/java.lang.Thread.run(Thread.java:829)
Caused by: java.io.IOException: org.apache.ratis.thirdparty.io.grpc.StatusRuntimeException: UNAVAILABLE: io exception
	at org.apache.ratis.grpc.GrpcUtil.unwrapException(GrpcUtil.java:99)
	at org.apache.ratis.grpc.GrpcUtil.unwrapIOException(GrpcUtil.java:159)
	at org.apache.ratis.grpc.client.GrpcClientProtocolClient$AsyncStreamObservers$1.onError(GrpcClientProtocolClient.java:330)
	... 16 more
Caused by: org.apache.ratis.thirdparty.io.grpc.StatusRuntimeException: UNAVAILABLE: io exception
	at org.apache.ratis.thirdparty.io.grpc.Status.asRuntimeException(Status.java:537)
	... 16 more
Caused by: org.apache.ratis.thirdparty.io.netty.channel.AbstractChannel$AnnotatedConnectException: finishConnect(..) failed: Connection refused: localhost/127.0.0.1:34227
Caused by: java.net.ConnectException: finishConnect(..) failed: Connection refused
	at org.apache.ratis.thirdparty.io.netty.channel.unix.Errors.newConnectException0(Errors.java:166)
	at org.apache.ratis.thirdparty.io.netty.channel.unix.Errors.handleConnectErrno(Errors.java:131)
	at org.apache.ratis.thirdparty.io.netty.channel.unix.Socket.finishConnect(Socket.java:359)
	at org.apache.ratis.thirdparty.io.netty.channel.epoll.AbstractEpollChannel$AbstractEpollUnsafe.doFinishConnect(AbstractEpollChannel.java:710)
	at org.apache.ratis.thirdparty.io.netty.channel.epoll.AbstractEpollChannel$AbstractEpollUnsafe.finishConnect(AbstractEpollChannel.java:687)
	at org.apache.ratis.thirdparty.io.netty.channel.epoll.AbstractEpollChannel$AbstractEpollUnsafe.epollOutReady(AbstractEpollChannel.java:567)
	at org.apache.ratis.thirdparty.io.netty.channel.epoll.EpollEventLoop.processReady(EpollEventLoop.java:499)
	at org.apache.ratis.thirdparty.io.netty.channel.epoll.EpollEventLoop.run(EpollEventLoop.java:407)
	at org.apache.ratis.thirdparty.io.netty.util.concurrent.SingleThreadEventExecutor$4.run(SingleThreadEventExecutor.java:997)
	at org.apache.ratis.thirdparty.io.netty.util.internal.ThreadExecutorMap$2.run(ThreadExecutorMap.java:74)
	at org.apache.ratis.thirdparty.io.netty.util.concurrent.FastThreadLocalRunnable.run(FastThreadLocalRunnable.java:30)
	at java.base/java.lang.Thread.run(Thread.java:829)
2023-12-01 03:55:46,380 [s0@group-AF32D02DB247-FollowerState] INFO  impl.FollowerState (FollowerState.java:run(143)) - s0@group-AF32D02DB247-FollowerState: change to CANDIDATE, lastRpcElapsedTime:180380553ns, electionTimeout:180ms
2023-12-01 03:55:46,380 [s0@group-AF32D02DB247-FollowerState] INFO  impl.RoleInfo (RoleInfo.java:shutdownFollowerState(110)) - s0: shutdown s0@group-AF32D02DB247-FollowerState
2023-12-01 03:55:46,380 [s0@group-AF32D02DB247-FollowerState] INFO  server.RaftServer$Division (RaftServerImpl.java:setRole(379)) - s0@group-AF32D02DB247: changes role from  FOLLOWER to CANDIDATE at term 0 for changeToCandidate
2023-12-01 03:55:46,380 [s0@group-AF32D02DB247-FollowerState] INFO  server.RaftServerConfigKeys (ConfUtils.java:logGet(46)) - raft.server.leaderelection.pre-vote = true (default)
2023-12-01 03:55:46,380 [s0@group-AF32D02DB247-FollowerState] INFO  impl.RoleInfo (RoleInfo.java:updateAndGet(139)) - s0: start s0@group-AF32D02DB247-LeaderElection6
2023-12-01 03:55:46,381 [s0@group-AF32D02DB247-LeaderElection6] INFO  impl.LeaderElection (LeaderElection.java:askForVotes(323)) - s0@group-AF32D02DB247-LeaderElection6 PRE_VOTE round 0: submit vote requests at term 0 for -1: peers:[s0|localhost:45041, s1|localhost:39833, s2|localhost:45561]|listeners:[], old=null
2023-12-01 03:55:46,381 [s0@group-AF32D02DB247-LeaderElection6-1] INFO  server.GrpcServerProtocolClient (GrpcServerProtocolClient.java:<init>(65)) - Build channel for s1
2023-12-01 03:55:46,381 [s0@group-AF32D02DB247-LeaderElection6] INFO  server.RaftServerConfigKeys (ConfUtils.java:logFallback(53)) - raft.server.rpc.first-election.timeout.min = 150ms (fallback to raft.server.rpc.timeout.min)
2023-12-01 03:55:46,381 [s0@group-AF32D02DB247-LeaderElection6-2] INFO  server.GrpcServerProtocolClient (GrpcServerProtocolClient.java:<init>(65)) - Build channel for s2
2023-12-01 03:55:46,381 [s0@group-AF32D02DB247-LeaderElection6] INFO  server.RaftServerConfigKeys (ConfUtils.java:logFallback(53)) - raft.server.rpc.first-election.timeout.max = 300ms (fallback to raft.server.rpc.timeout.max)
2023-12-01 03:55:46,388 [grpc-default-executor-5] INFO  server.RaftServer$Division (RaftServerImpl.java:requestVote(1377)) - s2@group-AF32D02DB247: receive requestVote(PRE_VOTE, s0, group-AF32D02DB247, 0, (t:0, i:0))
2023-12-01 03:55:46,389 [grpc-default-executor-5] INFO  impl.VoteContext (VoteContext.java:log(49)) - s2@group-AF32D02DB247-FOLLOWER: accept PRE_VOTE from s0: our priority 0 <= candidate's priority 0
2023-12-01 03:55:46,389 [grpc-default-executor-5] INFO  server.RaftServer$Division (RaftServerImpl.java:requestVote(1410)) - s2@group-AF32D02DB247 replies to PRE_VOTE vote request: s0<-s2#0:OK-t0. Peer's state: s2@group-AF32D02DB247:t0, leader=null, voted=, raftlog=Memoized:s2@group-AF32D02DB247-SegmentedRaftLog:OPENED:c-1, conf=-1: peers:[s0|localhost:45041, s1|localhost:39833, s2|localhost:45561]|listeners:[], old=null
2023-12-01 03:55:46,390 [s0@group-AF32D02DB247-LeaderElection6] INFO  impl.LeaderElection (LeaderElection.java:logAndReturn(89)) - s0@group-AF32D02DB247-LeaderElection6: PRE_VOTE PASSED received 1 response(s) and 0 exception(s):
2023-12-01 03:55:46,390 [s0@group-AF32D02DB247-LeaderElection6] INFO  impl.LeaderElection (LeaderElection.java:logAndReturn(93)) -   Response 0: s0<-s2#0:OK-t0
2023-12-01 03:55:46,390 [s0@group-AF32D02DB247-LeaderElection6] INFO  impl.LeaderElection (LeaderElection.java:askForVotes(325)) - s0@group-AF32D02DB247-LeaderElection6 PRE_VOTE round 0: result PASSED
2023-12-01 03:55:46,390 [s0@group-AF32D02DB247-LeaderElection6] TRACE util.FileUtils (LogUtils.java:supplyAndLog(69)) - Successfully supplied FileChannel.open /home/runner/work/ratis/ratis/ratis-test/target/test/data/1b1d21a/MiniRaftClusterWithGrpc658d130c/s0/9ea313d8-2788-4135-8171-af32d02db247/current/raft-meta.tmp with options [CREATE, WRITE]: sun.nio.ch.FileChannelImpl@71d54aa9
2023-12-01 03:55:46,390 [grpc-default-executor-5] INFO  server.RaftServer$Division (RaftServerImpl.java:requestVote(1377)) - s1@group-AF32D02DB247: receive requestVote(PRE_VOTE, s0, group-AF32D02DB247, 0, (t:0, i:0))
2023-12-01 03:55:46,390 [grpc-default-executor-5] INFO  impl.VoteContext (VoteContext.java:log(49)) - s1@group-AF32D02DB247-FOLLOWER: accept PRE_VOTE from s0: our priority 0 <= candidate's priority 0
2023-12-01 03:55:46,390 [grpc-default-executor-5] INFO  server.RaftServer$Division (RaftServerImpl.java:requestVote(1410)) - s1@group-AF32D02DB247 replies to PRE_VOTE vote request: s0<-s1#0:OK-t0. Peer's state: s1@group-AF32D02DB247:t0, leader=null, voted=, raftlog=Memoized:s1@group-AF32D02DB247-SegmentedRaftLog:OPENED:c-1, conf=-1: peers:[s0|localhost:45041, s1|localhost:39833, s2|localhost:45561]|listeners:[], old=null
2023-12-01 03:55:46,391 [s0@group-AF32D02DB247-LeaderElection6] TRACE util.FileUtils (LogUtils.java:runAndLog(49)) - Successfully ran Atomic Files.move /home/runner/work/ratis/ratis/ratis-test/target/test/data/1b1d21a/MiniRaftClusterWithGrpc658d130c/s0/9ea313d8-2788-4135-8171-af32d02db247/current/raft-meta.tmp to /home/runner/work/ratis/ratis/ratis-test/target/test/data/1b1d21a/MiniRaftClusterWithGrpc658d130c/s0/9ea313d8-2788-4135-8171-af32d02db247/current/raft-meta with options [REPLACE_EXISTING]
2023-12-01 03:55:46,392 [s0@group-AF32D02DB247-LeaderElection6] INFO  impl.LeaderElection (LeaderElection.java:askForVotes(323)) - s0@group-AF32D02DB247-LeaderElection6 ELECTION round 0: submit vote requests at term 1 for -1: peers:[s0|localhost:45041, s1|localhost:39833, s2|localhost:45561]|listeners:[], old=null
2023-12-01 03:55:46,392 [s0@group-AF32D02DB247-LeaderElection6] INFO  server.RaftServerConfigKeys (ConfUtils.java:logFallback(53)) - raft.server.rpc.first-election.timeout.min = 150ms (fallback to raft.server.rpc.timeout.min)
2023-12-01 03:55:46,392 [s0@group-AF32D02DB247-LeaderElection6] INFO  server.RaftServerConfigKeys (ConfUtils.java:logFallback(53)) - raft.server.rpc.first-election.timeout.max = 300ms (fallback to raft.server.rpc.timeout.max)
2023-12-01 03:55:46,393 [grpc-default-executor-5] INFO  server.RaftServer$Division (RaftServerImpl.java:requestVote(1377)) - s1@group-AF32D02DB247: receive requestVote(ELECTION, s0, group-AF32D02DB247, 1, (t:0, i:0))
2023-12-01 03:55:46,393 [grpc-default-executor-5] INFO  impl.VoteContext (VoteContext.java:log(49)) - s1@group-AF32D02DB247-FOLLOWER: accept ELECTION from s0: our priority 0 <= candidate's priority 0
2023-12-01 03:55:46,393 [grpc-default-executor-5] INFO  server.RaftServer$Division (RaftServerImpl.java:setRole(379)) - s1@group-AF32D02DB247: changes role from  FOLLOWER to FOLLOWER at term 1 for candidate:s0
2023-12-01 03:55:46,393 [grpc-default-executor-5] INFO  impl.RoleInfo (RoleInfo.java:shutdownFollowerState(110)) - s1: shutdown s1@group-AF32D02DB247-FollowerState
2023-12-01 03:55:46,393 [grpc-default-executor-5] INFO  impl.RoleInfo (RoleInfo.java:updateAndGet(139)) - s1: start s1@group-AF32D02DB247-FollowerState
2023-12-01 03:55:46,393 [s1@group-AF32D02DB247-FollowerState] INFO  impl.FollowerState (FollowerState.java:run(152)) - s1@group-AF32D02DB247-FollowerState was interrupted
2023-12-01 03:55:46,394 [grpc-default-executor-5] INFO  server.RaftServer$Division (RaftServerImpl.java:setFirstElection(564)) - s1@group-AF32D02DB247: set firstElectionSinceStartup to false for candidate:s0
2023-12-01 03:55:46,394 [grpc-default-executor-5] TRACE util.FileUtils (LogUtils.java:supplyAndLog(69)) - Successfully supplied FileChannel.open /home/runner/work/ratis/ratis/ratis-test/target/test/data/1b1d21a/MiniRaftClusterWithGrpc658d130c/s1/9ea313d8-2788-4135-8171-af32d02db247/current/raft-meta.tmp with options [CREATE, WRITE]: sun.nio.ch.FileChannelImpl@395cc45
2023-12-01 03:55:46,395 [grpc-default-executor-11] INFO  server.RaftServer$Division (RaftServerImpl.java:requestVote(1377)) - s2@group-AF32D02DB247: receive requestVote(ELECTION, s0, group-AF32D02DB247, 1, (t:0, i:0))
2023-12-01 03:55:46,395 [grpc-default-executor-11] INFO  impl.VoteContext (VoteContext.java:log(49)) - s2@group-AF32D02DB247-FOLLOWER: accept ELECTION from s0: our priority 0 <= candidate's priority 0
2023-12-01 03:55:46,395 [grpc-default-executor-11] INFO  server.RaftServer$Division (RaftServerImpl.java:setRole(379)) - s2@group-AF32D02DB247: changes role from  FOLLOWER to FOLLOWER at term 1 for candidate:s0
2023-12-01 03:55:46,395 [grpc-default-executor-11] INFO  impl.RoleInfo (RoleInfo.java:shutdownFollowerState(110)) - s2: shutdown s2@group-AF32D02DB247-FollowerState
2023-12-01 03:55:46,395 [s2@group-AF32D02DB247-FollowerState] INFO  impl.FollowerState (FollowerState.java:run(152)) - s2@group-AF32D02DB247-FollowerState was interrupted
2023-12-01 03:55:46,395 [grpc-default-executor-5] TRACE util.FileUtils (LogUtils.java:runAndLog(49)) - Successfully ran Atomic Files.move /home/runner/work/ratis/ratis/ratis-test/target/test/data/1b1d21a/MiniRaftClusterWithGrpc658d130c/s1/9ea313d8-2788-4135-8171-af32d02db247/current/raft-meta.tmp to /home/runner/work/ratis/ratis/ratis-test/target/test/data/1b1d21a/MiniRaftClusterWithGrpc658d130c/s1/9ea313d8-2788-4135-8171-af32d02db247/current/raft-meta with options [REPLACE_EXISTING]
2023-12-01 03:55:46,395 [grpc-default-executor-5] INFO  server.RaftServer$Division (RaftServerImpl.java:requestVote(1410)) - s1@group-AF32D02DB247 replies to ELECTION vote request: s0<-s1#0:OK-t1. Peer's state: s1@group-AF32D02DB247:t1, leader=null, voted=s0, raftlog=Memoized:s1@group-AF32D02DB247-SegmentedRaftLog:OPENED:c-1, conf=-1: peers:[s0|localhost:45041, s1|localhost:39833, s2|localhost:45561]|listeners:[], old=null
2023-12-01 03:55:46,396 [s0@group-AF32D02DB247-LeaderElection6] INFO  impl.LeaderElection (LeaderElection.java:logAndReturn(89)) - s0@group-AF32D02DB247-LeaderElection6: ELECTION PASSED received 1 response(s) and 0 exception(s):
2023-12-01 03:55:46,396 [s0@group-AF32D02DB247-LeaderElection6] INFO  impl.LeaderElection (LeaderElection.java:logAndReturn(93)) -   Response 0: s0<-s1#0:OK-t1
2023-12-01 03:55:46,396 [s0@group-AF32D02DB247-LeaderElection6] INFO  impl.LeaderElection (LeaderElection.java:askForVotes(325)) - s0@group-AF32D02DB247-LeaderElection6 ELECTION round 0: result PASSED
2023-12-01 03:55:46,396 [s0@group-AF32D02DB247-LeaderElection6] INFO  impl.RoleInfo (RoleInfo.java:shutdownLeaderElection(130)) - s0: shutdown s0@group-AF32D02DB247-LeaderElection6
2023-12-01 03:55:46,396 [s0@group-AF32D02DB247-LeaderElection6] INFO  server.RaftServer$Division (RaftServerImpl.java:setRole(379)) - s0@group-AF32D02DB247: changes role from CANDIDATE to LEADER at term 1 for changeToLeader
2023-12-01 03:55:46,396 [s0@group-AF32D02DB247-LeaderElection6] INFO  server.RaftServerConfigKeys (ConfUtils.java:logGet(46)) - raft.server.staging.catchup.gap = 1000 (default)
2023-12-01 03:55:46,396 [s0@group-AF32D02DB247-LeaderElection6] INFO  server.RaftServerConfigKeys (ConfUtils.java:logGet(46)) - raft.server.write.element-limit = 4096 (default)
2023-12-01 03:55:46,397 [grpc-default-executor-11] INFO  impl.RoleInfo (RoleInfo.java:updateAndGet(139)) - s2: start s2@group-AF32D02DB247-FollowerState
2023-12-01 03:55:46,397 [s0@group-AF32D02DB247-LeaderElection6] INFO  server.RaftServerConfigKeys (ConfUtils.java:logGet(46)) - raft.server.write.byte-limit = 64MB (=67108864) (default)
2023-12-01 03:55:46,397 [grpc-default-executor-11] INFO  server.RaftServer$Division (RaftServerImpl.java:setFirstElection(564)) - s2@group-AF32D02DB247: set firstElectionSinceStartup to false for candidate:s0
2023-12-01 03:55:46,397 [s0@group-AF32D02DB247-LeaderElection6] INFO  server.RaftServerConfigKeys (ConfUtils.java:logGet(46)) - raft.server.watch.timeout = 10s (default)
2023-12-01 03:55:46,397 [grpc-default-executor-11] TRACE util.FileUtils (LogUtils.java:supplyAndLog(69)) - Successfully supplied FileChannel.open /home/runner/work/ratis/ratis/ratis-test/target/test/data/1b1d21a/MiniRaftClusterWithGrpc658d130c/s2/9ea313d8-2788-4135-8171-af32d02db247/current/raft-meta.tmp with options [CREATE, WRITE]: sun.nio.ch.FileChannelImpl@6b54065
2023-12-01 03:55:46,397 [s0@group-AF32D02DB247-LeaderElection6] INFO  server.RaftServerConfigKeys (ConfUtils.java:logGet(46)) - raft.server.watch.timeout.denomination = 1s (default)
2023-12-01 03:55:46,397 [s0@group-AF32D02DB247-LeaderElection6] INFO  server.RaftServerConfigKeys (ConfUtils.java:logGet(46)) - raft.server.watch.element-limit = 65536 (default)
2023-12-01 03:55:46,397 [s0@group-AF32D02DB247-LeaderElection6] INFO  server.RaftServerConfigKeys (ConfUtils.java:logGet(46)) - raft.server.read.leader.lease.enabled = false (default)
2023-12-01 03:55:46,397 [s0@group-AF32D02DB247-LeaderElection6] INFO  server.RaftServerConfigKeys (ConfUtils.java:logGet(46)) - raft.server.read.leader.lease.timeout.ratio = 0.9 (default)
2023-12-01 03:55:46,397 [s0@group-AF32D02DB247-LeaderElection6] INFO  server.RaftServerConfigKeys (ConfUtils.java:logGet(46)) - raft.server.rpc.timeout.min = 150ms (default)
2023-12-01 03:55:46,397 [s0@group-AF32D02DB247-LeaderElection6] INFO  server.RaftServerConfigKeys (ConfUtils.java:logGet(46)) - raft.server.write.element-limit = 4096 (default)
2023-12-01 03:55:46,397 [s0@group-AF32D02DB247-LeaderElection6] INFO  server.RaftServerConfigKeys (ConfUtils.java:logGet(46)) - raft.server.write.follower.gap.ratio.max = -1.0 (default)
2023-12-01 03:55:46,398 [s0@group-AF32D02DB247-LeaderElection6] INFO  server.RaftServerConfigKeys (ConfUtils.java:logGet(46)) - raft.server.log.appender.snapshot.chunk.size.max = 16MB (=16777216) (default)
2023-12-01 03:55:46,398 [s0@group-AF32D02DB247-LeaderElection6] INFO  server.RaftServerConfigKeys (ConfUtils.java:logGet(46)) - raft.server.log.appender.buffer.byte-limit = 4MB (=4194304) (default)
2023-12-01 03:55:46,398 [grpc-default-executor-11] TRACE util.FileUtils (LogUtils.java:runAndLog(49)) - Successfully ran Atomic Files.move /home/runner/work/ratis/ratis/ratis-test/target/test/data/1b1d21a/MiniRaftClusterWithGrpc658d130c/s2/9ea313d8-2788-4135-8171-af32d02db247/current/raft-meta.tmp to /home/runner/work/ratis/ratis/ratis-test/target/test/data/1b1d21a/MiniRaftClusterWithGrpc658d130c/s2/9ea313d8-2788-4135-8171-af32d02db247/current/raft-meta with options [REPLACE_EXISTING]
2023-12-01 03:55:46,398 [s0@group-AF32D02DB247-LeaderElection6] INFO  server.RaftServerConfigKeys (ConfUtils.java:logGet(46)) - raft.server.log.appender.buffer.element-limit = 0 (default)
2023-12-01 03:55:46,398 [grpc-default-executor-11] INFO  server.RaftServer$Division (RaftServerImpl.java:requestVote(1410)) - s2@group-AF32D02DB247 replies to ELECTION vote request: s0<-s2#0:OK-t1. Peer's state: s2@group-AF32D02DB247:t1, leader=null, voted=s0, raftlog=Memoized:s2@group-AF32D02DB247-SegmentedRaftLog:OPENED:c-1, conf=-1: peers:[s0|localhost:45041, s1|localhost:39833, s2|localhost:45561]|listeners:[], old=null
2023-12-01 03:55:46,398 [s0@group-AF32D02DB247-LeaderElection6] INFO  server.RaftServerConfigKeys (ConfUtils.java:logGet(46)) - raft.server.log.appender.wait-time.min = 1ms (default)
2023-12-01 03:55:46,398 [s0@group-AF32D02DB247-LeaderElection6] INFO  grpc.GrpcConfigKeys (ConfUtils.java:logGet(46)) - raft.grpc.server.leader.outstanding.appends.max = 8 (default)
2023-12-01 03:55:46,398 [s0@group-AF32D02DB247-LeaderElection6] INFO  server.RaftServerConfigKeys (ConfUtils.java:logGet(46)) - raft.server.rpc.request.timeout = 3000ms (default)
2023-12-01 03:55:46,398 [s0@group-AF32D02DB247-LeaderElection6] INFO  grpc.GrpcConfigKeys (ConfUtils.java:logGet(46)) - raft.grpc.server.install_snapshot.request.element-limit = 8 (default)
2023-12-01 03:55:46,398 [s0@group-AF32D02DB247-LeaderElection6] INFO  grpc.GrpcConfigKeys (ConfUtils.java:logGet(46)) - raft.grpc.server.install_snapshot.request.timeout = 3000ms (default)
2023-12-01 03:55:46,398 [s0@group-AF32D02DB247-LeaderElection6] INFO  server.RaftServerConfigKeys (ConfUtils.java:logGet(46)) - raft.server.log.appender.install.snapshot.enabled = true (default)
2023-12-01 03:55:46,398 [s0@group-AF32D02DB247-LeaderElection6] INFO  grpc.GrpcConfigKeys (ConfUtils.java:logGet(46)) - raft.grpc.server.heartbeat.channel = true (default)
2023-12-01 03:55:46,399 [s0@group-AF32D02DB247-LeaderElection6] INFO  server.RaftServerConfigKeys (ConfUtils.java:logGet(46)) - raft.server.log.appender.snapshot.chunk.size.max = 16MB (=16777216) (default)
2023-12-01 03:55:46,399 [s0@group-AF32D02DB247-LeaderElection6] INFO  server.RaftServerConfigKeys (ConfUtils.java:logGet(46)) - raft.server.log.appender.buffer.byte-limit = 4MB (=4194304) (default)
2023-12-01 03:55:46,399 [s0@group-AF32D02DB247-LeaderElection6] INFO  server.RaftServerConfigKeys (ConfUtils.java:logGet(46)) - raft.server.log.appender.buffer.element-limit = 0 (default)
2023-12-01 03:55:46,399 [s0@group-AF32D02DB247-LeaderElection6] INFO  server.RaftServerConfigKeys (ConfUtils.java:logGet(46)) - raft.server.log.appender.wait-time.min = 1ms (default)
2023-12-01 03:55:46,399 [s0@group-AF32D02DB247-LeaderElection6] INFO  grpc.GrpcConfigKeys (ConfUtils.java:logGet(46)) - raft.grpc.server.leader.outstanding.appends.max = 8 (default)
2023-12-01 03:55:46,399 [s0@group-AF32D02DB247-LeaderElection6] INFO  server.RaftServerConfigKeys (ConfUtils.java:logGet(46)) - raft.server.rpc.request.timeout = 3000ms (default)
2023-12-01 03:55:46,399 [s0@group-AF32D02DB247-LeaderElection6] INFO  grpc.GrpcConfigKeys (ConfUtils.java:logGet(46)) - raft.grpc.server.install_snapshot.request.element-limit = 8 (default)
2023-12-01 03:55:46,399 [s0@group-AF32D02DB247-LeaderElection6] INFO  grpc.GrpcConfigKeys (ConfUtils.java:logGet(46)) - raft.grpc.server.install_snapshot.request.timeout = 3000ms (default)
2023-12-01 03:55:46,399 [s0@group-AF32D02DB247-LeaderElection6] INFO  server.RaftServerConfigKeys (ConfUtils.java:logGet(46)) - raft.server.log.appender.install.snapshot.enabled = true (default)
2023-12-01 03:55:46,399 [s0@group-AF32D02DB247-LeaderElection6] INFO  grpc.GrpcConfigKeys (ConfUtils.java:logGet(46)) - raft.grpc.server.heartbeat.channel = true (default)
2023-12-01 03:55:46,399 [s0@group-AF32D02DB247-LeaderElection6] INFO  impl.RoleInfo (RoleInfo.java:updateAndGet(139)) - s0: start s0@group-AF32D02DB247-LeaderStateImpl
2023-12-01 03:55:46,399 [s0@group-AF32D02DB247-LeaderElection6] INFO  server.RaftServer$Division (RaftServerImpl.java:setFirstElection(564)) - s0@group-AF32D02DB247: set firstElectionSinceStartup to false for becomeLeader
2023-12-01 03:55:46,399 [s0@group-AF32D02DB247-LeaderElection6] INFO  server.RaftServer$Division (ServerState.java:setLeader(265)) - s0@group-AF32D02DB247: change Leader from null to s0 at term 1 for becomeLeader, leader elected after 213ms
2023-12-01 03:55:46,399 [s0@group-AF32D02DB247-LeaderElection6] INFO  segmented.SegmentedRaftLogWorker (SegmentedRaftLogWorker.java:startLogSegment(430)) - s0@group-AF32D02DB247-SegmentedRaftLogWorker: Starting segment from index:0
2023-12-01 03:55:46,400 [s0@group-AF32D02DB247-SegmentedRaftLogWorker] INFO  segmented.BufferedWriteChannel (BufferedWriteChannel.java:open(62)) - open log_inprogress_0 at position 0
2023-12-01 03:55:46,400 [s0@group-AF32D02DB247-LeaderElection6] INFO  server.RaftServer$Division (ServerState.java:setRaftConf(382)) - s0@group-AF32D02DB247: set configuration 0: peers:[s0|localhost:45041, s1|localhost:39833, s2|localhost:45561]|listeners:[], old=null
2023-12-01 03:55:46,411 [s0@group-AF32D02DB247-SegmentedRaftLogWorker] INFO  segmented.SegmentedRaftLogWorker (SegmentedRaftLogWorker.java:execute(634)) - s0@group-AF32D02DB247-SegmentedRaftLogWorker: created new log segment /home/runner/work/ratis/ratis/ratis-test/target/test/data/1b1d21a/MiniRaftClusterWithGrpc658d130c/s0/9ea313d8-2788-4135-8171-af32d02db247/current/log_inprogress_0
2023-12-01 03:55:46,416 [s1-server-thread1] DEBUG server.RaftServer$Division (RaftServerImpl.java:logAppendEntries(1504)) - s1@group-AF32D02DB247: receive appendEntries(s0, 1, null, -1, true, commits:[s0:c-1, s1:c-1, s2:c-1], cId:1, entries: [(t:1, i:0), CONFIGURATIONENTRY(current:id: "s0"
address: "localhost:45041"
dataStreamAddress: "localhost:45841"
clientAddress: "localhost:36431"
adminAddress: "localhost:39095"
startupRole: FOLLOWER
,id: "s1"
address: "localhost:39833"
dataStreamAddress: "localhost:43747"
clientAddress: "localhost:40087"
adminAddress: "localhost:43521"
startupRole: FOLLOWER
,id: "s2"
address: "localhost:45561"
dataStreamAddress: "localhost:46075"
clientAddress: "localhost:43917"
adminAddress: "localhost:41665"
startupRole: FOLLOWER
, old:)]
2023-12-01 03:55:46,417 [s1-server-thread1] INFO  server.RaftServer$Division (ServerState.java:setLeader(265)) - s1@group-AF32D02DB247: change Leader from null to s0 at term 1 for appendEntries, leader elected after 228ms
2023-12-01 03:55:46,418 [s2-server-thread1] INFO  server.RaftServer$Division (ServerState.java:setLeader(265)) - s2@group-AF32D02DB247: change Leader from null to s0 at term 1 for appendEntries, leader elected after 225ms
2023-12-01 03:55:46,418 [s1-server-thread1] INFO  server.RaftServer$Division (ServerState.java:setRaftConf(382)) - s1@group-AF32D02DB247: set configuration 0: peers:[s0|localhost:45041, s1|localhost:39833, s2|localhost:45561]|listeners:[], old=null
2023-12-01 03:55:46,419 [s1-server-thread1] INFO  segmented.SegmentedRaftLogWorker (SegmentedRaftLogWorker.java:startLogSegment(430)) - s1@group-AF32D02DB247-SegmentedRaftLogWorker: Starting segment from index:0
2023-12-01 03:55:46,419 [s1@group-AF32D02DB247-SegmentedRaftLogWorker] INFO  segmented.BufferedWriteChannel (BufferedWriteChannel.java:open(62)) - open log_inprogress_0 at position 0
2023-12-01 03:55:46,426 [s1@group-AF32D02DB247-SegmentedRaftLogWorker] INFO  segmented.SegmentedRaftLogWorker (SegmentedRaftLogWorker.java:execute(634)) - s1@group-AF32D02DB247-SegmentedRaftLogWorker: created new log segment /home/runner/work/ratis/ratis/ratis-test/target/test/data/1b1d21a/MiniRaftClusterWithGrpc658d130c/s1/9ea313d8-2788-4135-8171-af32d02db247/current/log_inprogress_0
2023-12-01 03:55:46,426 [s1-server-thread1] DEBUG server.RaftServer$Division (RaftServerImpl.java:logAppendEntries(1504)) - s1@group-AF32D02DB247: succeeded to handle AppendEntries. Reply: s0<-s1#1:OK-t1,SUCCESS,nextIndex=1,followerCommit=-1,matchIndex=0
2023-12-01 03:55:46,427 [s0@group-AF32D02DB247-StateMachineUpdater] TRACE util.FileUtils (LogUtils.java:supplyAndLog(69)) - Successfully supplied FileChannel.open /home/runner/work/ratis/ratis/ratis-test/target/test/data/1b1d21a/MiniRaftClusterWithGrpc658d130c/s0/9ea313d8-2788-4135-8171-af32d02db247/current/raft-meta.conf.tmp with options [CREATE, WRITE]: sun.nio.ch.FileChannelImpl@ba89922
2023-12-01 03:55:46,429 [s2-server-thread3] DEBUG server.RaftServer$Division (RaftServerImpl.java:logAppendEntries(1504)) - s2@group-AF32D02DB247: receive appendEntries(s0, 1, null, -1, true, commits:[s0:c-1, s1:c-1, s2:c-1], cId:1, entries: [(t:1, i:0), CONFIGURATIONENTRY(current:id: "s0"
address: "localhost:45041"
dataStreamAddress: "localhost:45841"
clientAddress: "localhost:36431"
adminAddress: "localhost:39095"
startupRole: FOLLOWER
,id: "s1"
address: "localhost:39833"
dataStreamAddress: "localhost:43747"
clientAddress: "localhost:40087"
adminAddress: "localhost:43521"
startupRole: FOLLOWER
,id: "s2"
address: "localhost:45561"
dataStreamAddress: "localhost:46075"
clientAddress: "localhost:43917"
adminAddress: "localhost:41665"
startupRole: FOLLOWER
, old:)]
2023-12-01 03:55:46,430 [s2-server-thread3] INFO  server.RaftServer$Division (ServerState.java:setRaftConf(382)) - s2@group-AF32D02DB247: set configuration 0: peers:[s0|localhost:45041, s1|localhost:39833, s2|localhost:45561]|listeners:[], old=null
2023-12-01 03:55:46,430 [s0@group-AF32D02DB247-StateMachineUpdater] TRACE util.FileUtils (LogUtils.java:runAndLog(49)) - Successfully ran Atomic Files.move /home/runner/work/ratis/ratis/ratis-test/target/test/data/1b1d21a/MiniRaftClusterWithGrpc658d130c/s0/9ea313d8-2788-4135-8171-af32d02db247/current/raft-meta.conf.tmp to /home/runner/work/ratis/ratis/ratis-test/target/test/data/1b1d21a/MiniRaftClusterWithGrpc658d130c/s0/9ea313d8-2788-4135-8171-af32d02db247/current/raft-meta.conf with options [REPLACE_EXISTING]
2023-12-01 03:55:46,430 [s2-server-thread3] INFO  segmented.SegmentedRaftLogWorker (SegmentedRaftLogWorker.java:startLogSegment(430)) - s2@group-AF32D02DB247-SegmentedRaftLogWorker: Starting segment from index:0
2023-12-01 03:55:46,430 [s0@group-AF32D02DB247-StateMachineUpdater] INFO  server.RaftServer$Division (LeaderStateImpl.java:isApplied(320)) - leader is ready since appliedIndex == 0 >= startIndex == 0
2023-12-01 03:55:46,430 [s2@group-AF32D02DB247-SegmentedRaftLogWorker] INFO  segmented.BufferedWriteChannel (BufferedWriteChannel.java:open(62)) - open log_inprogress_0 at position 0
2023-12-01 03:55:46,437 [s2@group-AF32D02DB247-SegmentedRaftLogWorker] INFO  segmented.SegmentedRaftLogWorker (SegmentedRaftLogWorker.java:execute(634)) - s2@group-AF32D02DB247-SegmentedRaftLogWorker: created new log segment /home/runner/work/ratis/ratis/ratis-test/target/test/data/1b1d21a/MiniRaftClusterWithGrpc658d130c/s2/9ea313d8-2788-4135-8171-af32d02db247/current/log_inprogress_0
2023-12-01 03:55:46,437 [s2-server-thread3] DEBUG server.RaftServer$Division (RaftServerImpl.java:logAppendEntries(1504)) - s2@group-AF32D02DB247: succeeded to handle AppendEntries. Reply: s0<-s2#1:OK-t1,SUCCESS,nextIndex=1,followerCommit=-1,matchIndex=0
2023-12-01 03:55:46,438 [grpc-default-executor-3] ERROR impl.OrderedAsync (OrderedAsync.java:lambda$sendRequest$9(247)) - client-915AA7F58988: Failed* RaftClientRequest:client-915AA7F58988->s1@group-FB8FFDFFFB35, cid=6, seq=1*, Watch(0), null
java.util.concurrent.CompletionException: java.io.IOException: org.apache.ratis.thirdparty.io.grpc.StatusRuntimeException: UNAVAILABLE: io exception
	at java.base/java.util.concurrent.CompletableFuture.encodeThrowable(CompletableFuture.java:331)
	at java.base/java.util.concurrent.CompletableFuture.completeThrowable(CompletableFuture.java:346)
	at java.base/java.util.concurrent.CompletableFuture$UniApply.tryFire(CompletableFuture.java:632)
	at java.base/java.util.concurrent.CompletableFuture.postComplete(CompletableFuture.java:506)
	at java.base/java.util.concurrent.CompletableFuture.completeExceptionally(CompletableFuture.java:2094)
	at org.apache.ratis.grpc.client.GrpcClientProtocolClient$AsyncStreamObservers.completeReplyExceptionally(GrpcClientProtocolClient.java:394)
	at org.apache.ratis.grpc.client.GrpcClientProtocolClient$AsyncStreamObservers.access$000(GrpcClientProtocolClient.java:300)
	at org.apache.ratis.grpc.client.GrpcClientProtocolClient$AsyncStreamObservers$1.onError(GrpcClientProtocolClient.java:331)
	at org.apache.ratis.thirdparty.io.grpc.stub.ClientCalls$StreamObserverToCallListenerAdapter.onClose(ClientCalls.java:481)
	at org.apache.ratis.thirdparty.io.grpc.PartialForwardingClientCallListener.onClose(PartialForwardingClientCallListener.java:39)
	at org.apache.ratis.thirdparty.io.grpc.ForwardingClientCallListener.onClose(ForwardingClientCallListener.java:23)
	at org.apache.ratis.grpc.metrics.intercept.client.MetricClientCallListener.onClose(MetricClientCallListener.java:47)
	at org.apache.ratis.thirdparty.io.grpc.internal.DelayedClientCall$DelayedListener$3.run(DelayedClientCall.java:489)
	at org.apache.ratis.thirdparty.io.grpc.internal.DelayedClientCall$DelayedListener.delayOrExecute(DelayedClientCall.java:453)
	at org.apache.ratis.thirdparty.io.grpc.internal.DelayedClientCall$DelayedListener.onClose(DelayedClientCall.java:486)
	at org.apache.ratis.thirdparty.io.grpc.internal.ClientCallImpl.closeObserver(ClientCallImpl.java:567)
	at org.apache.ratis.thirdparty.io.grpc.internal.ClientCallImpl.access$300(ClientCallImpl.java:71)
	at org.apache.ratis.thirdparty.io.grpc.internal.ClientCallImpl$ClientStreamListenerImpl$1StreamClosed.runInternal(ClientCallImpl.java:735)
	at org.apache.ratis.thirdparty.io.grpc.internal.ClientCallImpl$ClientStreamListenerImpl$1StreamClosed.runInContext(ClientCallImpl.java:716)
	at org.apache.ratis.thirdparty.io.grpc.internal.ContextRunnable.run(ContextRunnable.java:37)
	at org.apache.ratis.thirdparty.io.grpc.internal.SerializingExecutor.run(SerializingExecutor.java:133)
	at java.base/java.util.concurrent.ThreadPoolExecutor.runWorker(ThreadPoolExecutor.java:1128)
	at java.base/java.util.concurrent.ThreadPoolExecutor$Worker.run(ThreadPoolExecutor.java:628)
	at java.base/java.lang.Thread.run(Thread.java:829)
Caused by: java.io.IOException: org.apache.ratis.thirdparty.io.grpc.StatusRuntimeException: UNAVAILABLE: io exception
	at org.apache.ratis.grpc.GrpcUtil.unwrapException(GrpcUtil.java:99)
	at org.apache.ratis.grpc.GrpcUtil.unwrapIOException(GrpcUtil.java:159)
	at org.apache.ratis.grpc.client.GrpcClientProtocolClient$AsyncStreamObservers$1.onError(GrpcClientProtocolClient.java:330)
	... 16 more
Caused by: org.apache.ratis.thirdparty.io.grpc.StatusRuntimeException: UNAVAILABLE: io exception
	at org.apache.ratis.thirdparty.io.grpc.Status.asRuntimeException(Status.java:537)
	... 16 more
Caused by: org.apache.ratis.thirdparty.io.netty.channel.AbstractChannel$AnnotatedConnectException: finishConnect(..) failed: Connection refused: localhost/127.0.0.1:36299
Caused by: java.net.ConnectException: finishConnect(..) failed: Connection refused
	at org.apache.ratis.thirdparty.io.netty.channel.unix.Errors.newConnectException0(Errors.java:166)
	at org.apache.ratis.thirdparty.io.netty.channel.unix.Errors.handleConnectErrno(Errors.java:131)
	at org.apache.ratis.thirdparty.io.netty.channel.unix.Socket.finishConnect(Socket.java:359)
	at org.apache.ratis.thirdparty.io.netty.channel.epoll.AbstractEpollChannel$AbstractEpollUnsafe.doFinishConnect(AbstractEpollChannel.java:710)
	at org.apache.ratis.thirdparty.io.netty.channel.epoll.AbstractEpollChannel$AbstractEpollUnsafe.finishConnect(AbstractEpollChannel.java:687)
	at org.apache.ratis.thirdparty.io.netty.channel.epoll.AbstractEpollChannel$AbstractEpollUnsafe.epollOutReady(AbstractEpollChannel.java:567)
	at org.apache.ratis.thirdparty.io.netty.channel.epoll.EpollEventLoop.processReady(EpollEventLoop.java:499)
	at org.apache.ratis.thirdparty.io.netty.channel.epoll.EpollEventLoop.run(EpollEventLoop.java:407)
	at org.apache.ratis.thirdparty.io.netty.util.concurrent.SingleThreadEventExecutor$4.run(SingleThreadEventExecutor.java:997)
	at org.apache.ratis.thirdparty.io.netty.util.internal.ThreadExecutorMap$2.run(ThreadExecutorMap.java:74)
	at org.apache.ratis.thirdparty.io.netty.util.concurrent.FastThreadLocalRunnable.run(FastThreadLocalRunnable.java:30)
	at java.base/java.lang.Thread.run(Thread.java:829)
2023-12-01 03:55:46,505 [s1@group-AF32D02DB247-StateMachineUpdater] TRACE util.FileUtils (LogUtils.java:supplyAndLog(69)) - Successfully supplied FileChannel.open /home/runner/work/ratis/ratis/ratis-test/target/test/data/1b1d21a/MiniRaftClusterWithGrpc658d130c/s1/9ea313d8-2788-4135-8171-af32d02db247/current/raft-meta.conf.tmp with options [CREATE, WRITE]: sun.nio.ch.FileChannelImpl@5380b8e0
2023-12-01 03:55:46,507 [s1@group-AF32D02DB247-StateMachineUpdater] TRACE util.FileUtils (LogUtils.java:runAndLog(49)) - Successfully ran Atomic Files.move /home/runner/work/ratis/ratis/ratis-test/target/test/data/1b1d21a/MiniRaftClusterWithGrpc658d130c/s1/9ea313d8-2788-4135-8171-af32d02db247/current/raft-meta.conf.tmp to /home/runner/work/ratis/ratis/ratis-test/target/test/data/1b1d21a/MiniRaftClusterWithGrpc658d130c/s1/9ea313d8-2788-4135-8171-af32d02db247/current/raft-meta.conf with options [REPLACE_EXISTING]
2023-12-01 03:55:46,516 [s2@group-AF32D02DB247-StateMachineUpdater] TRACE util.FileUtils (LogUtils.java:supplyAndLog(69)) - Successfully supplied FileChannel.open /home/runner/work/ratis/ratis/ratis-test/target/test/data/1b1d21a/MiniRaftClusterWithGrpc658d130c/s2/9ea313d8-2788-4135-8171-af32d02db247/current/raft-meta.conf.tmp with options [CREATE, WRITE]: sun.nio.ch.FileChannelImpl@6386949c
2023-12-01 03:55:46,517 [s2@group-AF32D02DB247-StateMachineUpdater] TRACE util.FileUtils (LogUtils.java:runAndLog(49)) - Successfully ran Atomic Files.move /home/runner/work/ratis/ratis/ratis-test/target/test/data/1b1d21a/MiniRaftClusterWithGrpc658d130c/s2/9ea313d8-2788-4135-8171-af32d02db247/current/raft-meta.conf.tmp to /home/runner/work/ratis/ratis/ratis-test/target/test/data/1b1d21a/MiniRaftClusterWithGrpc658d130c/s2/9ea313d8-2788-4135-8171-af32d02db247/current/raft-meta.conf with options [REPLACE_EXISTING]
2023-12-01 03:55:46,542 [grpc-default-executor-10] ERROR impl.OrderedAsync (OrderedAsync.java:lambda$sendRequest$9(247)) - client-915AA7F58988: Failed* RaftClientRequest:client-915AA7F58988->s0@group-FB8FFDFFFB35, cid=6, seq=1*, Watch(0), null
java.util.concurrent.CompletionException: java.io.IOException: org.apache.ratis.thirdparty.io.grpc.StatusRuntimeException: UNAVAILABLE: io exception
	at java.base/java.util.concurrent.CompletableFuture.encodeThrowable(CompletableFuture.java:331)
	at java.base/java.util.concurrent.CompletableFuture.completeThrowable(CompletableFuture.java:346)
	at java.base/java.util.concurrent.CompletableFuture$UniApply.tryFire(CompletableFuture.java:632)
	at java.base/java.util.concurrent.CompletableFuture.postComplete(CompletableFuture.java:506)
	at java.base/java.util.concurrent.CompletableFuture.completeExceptionally(CompletableFuture.java:2094)
	at org.apache.ratis.grpc.client.GrpcClientProtocolClient$AsyncStreamObservers.completeReplyExceptionally(GrpcClientProtocolClient.java:394)
	at org.apache.ratis.grpc.client.GrpcClientProtocolClient$AsyncStreamObservers.access$000(GrpcClientProtocolClient.java:300)
	at org.apache.ratis.grpc.client.GrpcClientProtocolClient$AsyncStreamObservers$1.onError(GrpcClientProtocolClient.java:331)
	at org.apache.ratis.thirdparty.io.grpc.stub.ClientCalls$StreamObserverToCallListenerAdapter.onClose(ClientCalls.java:481)
	at org.apache.ratis.thirdparty.io.grpc.PartialForwardingClientCallListener.onClose(PartialForwardingClientCallListener.java:39)
	at org.apache.ratis.thirdparty.io.grpc.ForwardingClientCallListener.onClose(ForwardingClientCallListener.java:23)
	at org.apache.ratis.grpc.metrics.intercept.client.MetricClientCallListener.onClose(MetricClientCallListener.java:47)
	at org.apache.ratis.thirdparty.io.grpc.internal.DelayedClientCall$DelayedListener$3.run(DelayedClientCall.java:489)
	at org.apache.ratis.thirdparty.io.grpc.internal.DelayedClientCall$DelayedListener.delayOrExecute(DelayedClientCall.java:453)
	at org.apache.ratis.thirdparty.io.grpc.internal.DelayedClientCall$DelayedListener.onClose(DelayedClientCall.java:486)
	at org.apache.ratis.thirdparty.io.grpc.internal.ClientCallImpl.closeObserver(ClientCallImpl.java:567)
	at org.apache.ratis.thirdparty.io.grpc.internal.ClientCallImpl.access$300(ClientCallImpl.java:71)
	at org.apache.ratis.thirdparty.io.grpc.internal.ClientCallImpl$ClientStreamListenerImpl$1StreamClosed.runInternal(ClientCallImpl.java:735)
	at org.apache.ratis.thirdparty.io.grpc.internal.ClientCallImpl$ClientStreamListenerImpl$1StreamClosed.runInContext(ClientCallImpl.java:716)
	at org.apache.ratis.thirdparty.io.grpc.internal.ContextRunnable.run(ContextRunnable.java:37)
	at org.apache.ratis.thirdparty.io.grpc.internal.SerializingExecutor.run(SerializingExecutor.java:133)
	at java.base/java.util.concurrent.ThreadPoolExecutor.runWorker(ThreadPoolExecutor.java:1128)
	at java.base/java.util.concurrent.ThreadPoolExecutor$Worker.run(ThreadPoolExecutor.java:628)
	at java.base/java.lang.Thread.run(Thread.java:829)
Caused by: java.io.IOException: org.apache.ratis.thirdparty.io.grpc.StatusRuntimeException: UNAVAILABLE: io exception
	at org.apache.ratis.grpc.GrpcUtil.unwrapException(GrpcUtil.java:99)
	at org.apache.ratis.grpc.GrpcUtil.unwrapIOException(GrpcUtil.java:159)
	at org.apache.ratis.grpc.client.GrpcClientProtocolClient$AsyncStreamObservers$1.onError(GrpcClientProtocolClient.java:330)
	... 16 more
Caused by: org.apache.ratis.thirdparty.io.grpc.StatusRuntimeException: UNAVAILABLE: io exception
	at org.apache.ratis.thirdparty.io.grpc.Status.asRuntimeException(Status.java:537)
	... 16 more
Caused by: org.apache.ratis.thirdparty.io.netty.channel.AbstractChannel$AnnotatedConnectException: finishConnect(..) failed: Connection refused: localhost/127.0.0.1:34265
Caused by: java.net.ConnectException: finishConnect(..) failed: Connection refused
	at org.apache.ratis.thirdparty.io.netty.channel.unix.Errors.newConnectException0(Errors.java:166)
	at org.apache.ratis.thirdparty.io.netty.channel.unix.Errors.handleConnectErrno(Errors.java:131)
	at org.apache.ratis.thirdparty.io.netty.channel.unix.Socket.finishConnect(Socket.java:359)
	at org.apache.ratis.thirdparty.io.netty.channel.epoll.AbstractEpollChannel$AbstractEpollUnsafe.doFinishConnect(AbstractEpollChannel.java:710)
	at org.apache.ratis.thirdparty.io.netty.channel.epoll.AbstractEpollChannel$AbstractEpollUnsafe.finishConnect(AbstractEpollChannel.java:687)
	at org.apache.ratis.thirdparty.io.netty.channel.epoll.AbstractEpollChannel$AbstractEpollUnsafe.epollOutReady(AbstractEpollChannel.java:567)
	at org.apache.ratis.thirdparty.io.netty.channel.epoll.EpollEventLoop.processReady(EpollEventLoop.java:499)
	at org.apache.ratis.thirdparty.io.netty.channel.epoll.EpollEventLoop.run(EpollEventLoop.java:407)
	at org.apache.ratis.thirdparty.io.netty.util.concurrent.SingleThreadEventExecutor$4.run(SingleThreadEventExecutor.java:997)
	at org.apache.ratis.thirdparty.io.netty.util.internal.ThreadExecutorMap$2.run(ThreadExecutorMap.java:74)
	at org.apache.ratis.thirdparty.io.netty.util.concurrent.FastThreadLocalRunnable.run(FastThreadLocalRunnable.java:30)
	at java.base/java.lang.Thread.run(Thread.java:829)
2023-12-01 03:55:46,646 [grpc-default-executor-3] ERROR impl.OrderedAsync (OrderedAsync.java:lambda$sendRequest$9(247)) - client-915AA7F58988: Failed* RaftClientRequest:client-915AA7F58988->s2@group-FB8FFDFFFB35, cid=6, seq=1*, Watch(0), null
java.util.concurrent.CompletionException: java.io.IOException: org.apache.ratis.thirdparty.io.grpc.StatusRuntimeException: UNAVAILABLE: io exception
	at java.base/java.util.concurrent.CompletableFuture.encodeThrowable(CompletableFuture.java:331)
	at java.base/java.util.concurrent.CompletableFuture.completeThrowable(CompletableFuture.java:346)
	at java.base/java.util.concurrent.CompletableFuture$UniApply.tryFire(CompletableFuture.java:632)
	at java.base/java.util.concurrent.CompletableFuture.postComplete(CompletableFuture.java:506)
	at java.base/java.util.concurrent.CompletableFuture.completeExceptionally(CompletableFuture.java:2094)
	at org.apache.ratis.grpc.client.GrpcClientProtocolClient$AsyncStreamObservers.completeReplyExceptionally(GrpcClientProtocolClient.java:394)
	at org.apache.ratis.grpc.client.GrpcClientProtocolClient$AsyncStreamObservers.access$000(GrpcClientProtocolClient.java:300)
	at org.apache.ratis.grpc.client.GrpcClientProtocolClient$AsyncStreamObservers$1.onError(GrpcClientProtocolClient.java:331)
	at org.apache.ratis.thirdparty.io.grpc.stub.ClientCalls$StreamObserverToCallListenerAdapter.onClose(ClientCalls.java:481)
	at org.apache.ratis.thirdparty.io.grpc.PartialForwardingClientCallListener.onClose(PartialForwardingClientCallListener.java:39)
	at org.apache.ratis.thirdparty.io.grpc.ForwardingClientCallListener.onClose(ForwardingClientCallListener.java:23)
	at org.apache.ratis.grpc.metrics.intercept.client.MetricClientCallListener.onClose(MetricClientCallListener.java:47)
	at org.apache.ratis.thirdparty.io.grpc.internal.DelayedClientCall$DelayedListener$3.run(DelayedClientCall.java:489)
	at org.apache.ratis.thirdparty.io.grpc.internal.DelayedClientCall$DelayedListener.delayOrExecute(DelayedClientCall.java:453)
	at org.apache.ratis.thirdparty.io.grpc.internal.DelayedClientCall$DelayedListener.onClose(DelayedClientCall.java:486)
	at org.apache.ratis.thirdparty.io.grpc.internal.ClientCallImpl.closeObserver(ClientCallImpl.java:567)
	at org.apache.ratis.thirdparty.io.grpc.internal.ClientCallImpl.access$300(ClientCallImpl.java:71)
	at org.apache.ratis.thirdparty.io.grpc.internal.ClientCallImpl$ClientStreamListenerImpl$1StreamClosed.runInternal(ClientCallImpl.java:735)
	at org.apache.ratis.thirdparty.io.grpc.internal.ClientCallImpl$ClientStreamListenerImpl$1StreamClosed.runInContext(ClientCallImpl.java:716)
	at org.apache.ratis.thirdparty.io.grpc.internal.ContextRunnable.run(ContextRunnable.java:37)
	at org.apache.ratis.thirdparty.io.grpc.internal.SerializingExecutor.run(SerializingExecutor.java:133)
	at java.base/java.util.concurrent.ThreadPoolExecutor.runWorker(ThreadPoolExecutor.java:1128)
	at java.base/java.util.concurrent.ThreadPoolExecutor$Worker.run(ThreadPoolExecutor.java:628)
	at java.base/java.lang.Thread.run(Thread.java:829)
Caused by: java.io.IOException: org.apache.ratis.thirdparty.io.grpc.StatusRuntimeException: UNAVAILABLE: io exception
	at org.apache.ratis.grpc.GrpcUtil.unwrapException(GrpcUtil.java:99)
	at org.apache.ratis.grpc.GrpcUtil.unwrapIOException(GrpcUtil.java:159)
	at org.apache.ratis.grpc.client.GrpcClientProtocolClient$AsyncStreamObservers$1.onError(GrpcClientProtocolClient.java:330)
	... 16 more
Caused by: org.apache.ratis.thirdparty.io.grpc.StatusRuntimeException: UNAVAILABLE: io exception
	at org.apache.ratis.thirdparty.io.grpc.Status.asRuntimeException(Status.java:537)
	... 16 more
Caused by: org.apache.ratis.thirdparty.io.netty.channel.AbstractChannel$AnnotatedConnectException: finishConnect(..) failed: Connection refused: localhost/127.0.0.1:34227
Caused by: java.net.ConnectException: finishConnect(..) failed: Connection refused
	at org.apache.ratis.thirdparty.io.netty.channel.unix.Errors.newConnectException0(Errors.java:166)
	at org.apache.ratis.thirdparty.io.netty.channel.unix.Errors.handleConnectErrno(Errors.java:131)
	at org.apache.ratis.thirdparty.io.netty.channel.unix.Socket.finishConnect(Socket.java:359)
	at org.apache.ratis.thirdparty.io.netty.channel.epoll.AbstractEpollChannel$AbstractEpollUnsafe.doFinishConnect(AbstractEpollChannel.java:710)
	at org.apache.ratis.thirdparty.io.netty.channel.epoll.AbstractEpollChannel$AbstractEpollUnsafe.finishConnect(AbstractEpollChannel.java:687)
	at org.apache.ratis.thirdparty.io.netty.channel.epoll.AbstractEpollChannel$AbstractEpollUnsafe.epollOutReady(AbstractEpollChannel.java:567)
	at org.apache.ratis.thirdparty.io.netty.channel.epoll.EpollEventLoop.processReady(EpollEventLoop.java:499)
	at org.apache.ratis.thirdparty.io.netty.channel.epoll.EpollEventLoop.run(EpollEventLoop.java:407)
	at org.apache.ratis.thirdparty.io.netty.util.concurrent.SingleThreadEventExecutor$4.run(SingleThreadEventExecutor.java:997)
	at org.apache.ratis.thirdparty.io.netty.util.internal.ThreadExecutorMap$2.run(ThreadExecutorMap.java:74)
	at org.apache.ratis.thirdparty.io.netty.util.concurrent.FastThreadLocalRunnable.run(FastThreadLocalRunnable.java:30)
	at java.base/java.lang.Thread.run(Thread.java:829)
2023-12-01 03:55:46,672 [Time-limited test] INFO  ratis.RaftTestUtil (RaftTestUtil.java:waitForLeader(119)) - printing ALL groups
  s0:  RUNNING    LEADER s0@group-AF32D02DB247:t1, leader=s0, voted=s0, raftlog=Memoized:s0@group-AF32D02DB247-SegmentedRaftLog:OPENED:c0, conf=0: peers:[s0|localhost:45041, s1|localhost:39833, s2|localhost:45561]|listeners:[], old=null RUNNING
  s1:  RUNNING  FOLLOWER s1@group-AF32D02DB247:t1, leader=s0, voted=s0, raftlog=Memoized:s1@group-AF32D02DB247-SegmentedRaftLog:OPENED:c0, conf=0: peers:[s0|localhost:45041, s1|localhost:39833, s2|localhost:45561]|listeners:[], old=null RUNNING
  s2:  RUNNING  FOLLOWER s2@group-AF32D02DB247:t1, leader=s0, voted=s0, raftlog=Memoized:s2@group-AF32D02DB247-SegmentedRaftLog:OPENED:c0, conf=0: peers:[s0|localhost:45041, s1|localhost:39833, s2|localhost:45561]|listeners:[], old=null RUNNING
2023-12-01 03:55:46,677 [s0-client-thread1] DEBUG server.RaftServer$Division (RaftServerImpl.java:submitClientRequestAsync(893)) - s0@group-AF32D02DB247: receive client request(RaftClientRequest:client-8EADA7FFE351->s0@group-AF32D02DB247, cid=12, seq=null, RW, Message:6669727374206d736720...(size=30))
2023-12-01 03:55:46,677 [s0-client-thread1] DEBUG server.RaftServer$Division (LeaderStateImpl.java:addPendingRequest(522)) - s0@group-AF32D02DB247-LeaderStateImpl: addPendingRequest at RaftClientRequest:client-8EADA7FFE351->s0@group-AF32D02DB247, cid=12, seq=null, RW, Message:6669727374206d736720...(size=30), entry=(t:1, i:1), STATEMACHINELOGENTRY, 12@client-8EADA7FFE351
2023-12-01 03:55:46,678 [s2-server-thread2] DEBUG server.RaftServer$Division (RaftServerImpl.java:logAppendEntries(1504)) - s2@group-AF32D02DB247: receive appendEntries(s0, 1, (t:1, i:0), 0, true, commits:[s0:c0, s1:c0, s2:c0], cId:8, entries: [(t:1, i:1), STATEMACHINELOGENTRY, 12@client-8EADA7FFE351]
2023-12-01 03:55:46,682 [s2-server-thread2] DEBUG server.RaftServer$Division (RaftServerImpl.java:logAppendEntries(1504)) - s2@group-AF32D02DB247: succeeded to handle AppendEntries. Reply: s0<-s2#8:OK-t1,SUCCESS,nextIndex=2,followerCommit=0,matchIndex=1
2023-12-01 03:55:46,683 [s2-server-thread2] DEBUG server.RaftServer$Division (RaftServerImpl.java:logAppendEntries(1504)) - s2@group-AF32D02DB247: receive appendEntries(s0, 1, (t:1, i:1), 1, true, commits:[s0:c1, s1:c0, s2:c0], cId:9, entries: [(t:1, i:2), METADATAENTRY(c:1)]
2023-12-01 03:55:46,684 [s2-server-thread2] DEBUG server.RaftServer$Division (RaftServerImpl.java:logAppendEntries(1504)) - s2@group-AF32D02DB247: succeeded to handle AppendEntries. Reply: s0<-s2#9:OK-t1,SUCCESS,nextIndex=3,followerCommit=1,matchIndex=2
2023-12-01 03:55:46,684 [s2@group-AF32D02DB247-StateMachineUpdater] INFO  impl.SimpleStateMachine4Testing (SimpleStateMachine4Testing.java:applyTransaction(248)) - applyTransaction for log index 1
2023-12-01 03:55:46,684 [s2@group-AF32D02DB247-StateMachineUpdater] INFO  impl.SimpleStateMachine4Testing (SimpleStateMachine4Testing.java:put(205)) - s2: put 1, first msg ... -> (t:1, i:1), STATEMACHINELOGENTRY, 12@client-8EADA7FFE351
2023-12-01 03:55:46,684 [s0@group-AF32D02DB247-StateMachineUpdater] INFO  impl.SimpleStateMachine4Testing (SimpleStateMachine4Testing.java:applyTransaction(248)) - applyTransaction for log index 1
2023-12-01 03:55:46,684 [s0@group-AF32D02DB247-StateMachineUpdater] INFO  impl.SimpleStateMachine4Testing (SimpleStateMachine4Testing.java:put(205)) - s0: put 1, first msg ... -> (t:1, i:1), STATEMACHINELOGENTRY, 12@client-8EADA7FFE351
2023-12-01 03:55:46,685 [s1-server-thread2] DEBUG server.RaftServer$Division (RaftServerImpl.java:logAppendEntries(1504)) - s1@group-AF32D02DB247: receive appendEntries(s0, 1, (t:1, i:0), 0, true, commits:[s0:c0, s1:c0, s2:c0], cId:7, entries: [(t:1, i:1), STATEMACHINELOGENTRY, 12@client-8EADA7FFE351]
2023-12-01 03:55:46,686 [s1-server-thread2] DEBUG server.RaftServer$Division (RaftServerImpl.java:logAppendEntries(1504)) - s1@group-AF32D02DB247: succeeded to handle AppendEntries. Reply: s0<-s1#7:OK-t1,SUCCESS,nextIndex=2,followerCommit=0,matchIndex=1
2023-12-01 03:55:46,687 [s1-server-thread3] DEBUG server.RaftServer$Division (RaftServerImpl.java:logAppendEntries(1504)) - s1@group-AF32D02DB247: receive appendEntries(s0, 1, (t:1, i:1), 1, true, commits:[s0:c1, s1:c0, s2:c0], cId:8, entries: [(t:1, i:2), METADATAENTRY(c:1)]
2023-12-01 03:55:46,688 [s1-server-thread3] DEBUG server.RaftServer$Division (RaftServerImpl.java:logAppendEntries(1504)) - s1@group-AF32D02DB247: succeeded to handle AppendEntries. Reply: s0<-s1#8:OK-t1,SUCCESS,nextIndex=3,followerCommit=1,matchIndex=2
2023-12-01 03:55:46,688 [s1@group-AF32D02DB247-StateMachineUpdater] INFO  impl.SimpleStateMachine4Testing (SimpleStateMachine4Testing.java:applyTransaction(248)) - applyTransaction for log index 1
2023-12-01 03:55:46,688 [s1@group-AF32D02DB247-StateMachineUpdater] INFO  impl.SimpleStateMachine4Testing (SimpleStateMachine4Testing.java:put(205)) - s1: put 1, first msg ... -> (t:1, i:1), STATEMACHINELOGENTRY, 12@client-8EADA7FFE351
2023-12-01 03:55:46,698 [s0-client-thread1] DEBUG server.RaftServer$Division (RaftServerImpl.java:submitClientRequestAsync(893)) - s0@group-AF32D02DB247: receive client request(RaftClientRequest:client-57431FAC9ACC->s0@group-AF32D02DB247, cid=999, seq=null, RW, Message:6d657373616765)
2023-12-01 03:55:46,698 [s0-client-thread1] DEBUG server.RaftServer$Division (LeaderStateImpl.java:addPendingRequest(522)) - s0@group-AF32D02DB247-LeaderStateImpl: addPendingRequest at RaftClientRequest:client-57431FAC9ACC->s0@group-AF32D02DB247, cid=999, seq=null, RW, Message:6d657373616765, entry=(t:1, i:3), STATEMACHINELOGENTRY, 999@client-57431FAC9ACC
2023-12-01 03:55:46,699 [s1-server-thread3] DEBUG server.RaftServer$Division (RaftServerImpl.java:logAppendEntries(1504)) - s1@group-AF32D02DB247: receive appendEntries(s0, 1, (t:1, i:2), 2, true, commits:[s0:c2, s1:c1, s2:c1], cId:12, entries: [(t:1, i:3), STATEMACHINELOGENTRY, 999@client-57431FAC9ACC]
2023-12-01 03:55:46,700 [s2-server-thread2] DEBUG server.RaftServer$Division (RaftServerImpl.java:logAppendEntries(1504)) - s2@group-AF32D02DB247: receive appendEntries(s0, 1, (t:1, i:2), 2, true, commits:[s0:c2, s1:c1, s2:c1], cId:12, entries: [(t:1, i:3), STATEMACHINELOGENTRY, 999@client-57431FAC9ACC]
2023-12-01 03:55:46,700 [s1-server-thread3] DEBUG server.RaftServer$Division (RaftServerImpl.java:logAppendEntries(1504)) - s1@group-AF32D02DB247: succeeded to handle AppendEntries. Reply: s0<-s1#12:OK-t1,SUCCESS,nextIndex=4,followerCommit=2,matchIndex=3
2023-12-01 03:55:46,700 [s2-server-thread2] DEBUG server.RaftServer$Division (RaftServerImpl.java:logAppendEntries(1504)) - s2@group-AF32D02DB247: succeeded to handle AppendEntries. Reply: s0<-s2#12:OK-t1,SUCCESS,nextIndex=4,followerCommit=2,matchIndex=3
2023-12-01 03:55:46,701 [s0@group-AF32D02DB247-StateMachineUpdater] INFO  impl.SimpleStateMachine4Testing (SimpleStateMachine4Testing.java:applyTransaction(248)) - applyTransaction for log index 3
2023-12-01 03:55:46,701 [s0@group-AF32D02DB247-StateMachineUpdater] INFO  impl.SimpleStateMachine4Testing (SimpleStateMachine4Testing.java:put(205)) - s0: put 3, message -> (t:1, i:3), STATEMACHINELOGENTRY, 999@client-57431FAC9ACC
2023-12-01 03:55:46,702 [s2-server-thread2] DEBUG server.RaftServer$Division (RaftServerImpl.java:logAppendEntries(1504)) - s2@group-AF32D02DB247: receive appendEntries(s0, 1, (t:1, i:3), 3, true, commits:[s0:c3, s1:c2, s2:c2], cId:13, entries: [(t:1, i:4), METADATAENTRY(c:3)]
2023-12-01 03:55:46,703 [s1-server-thread3] DEBUG server.RaftServer$Division (RaftServerImpl.java:logAppendEntries(1504)) - s1@group-AF32D02DB247: receive appendEntries(s0, 1, (t:1, i:3), 3, true, commits:[s0:c3, s1:c2, s2:c2], cId:13, entries: [(t:1, i:4), METADATAENTRY(c:3)]
2023-12-01 03:55:46,704 [s1-server-thread3] DEBUG server.RaftServer$Division (RaftServerImpl.java:logAppendEntries(1504)) - s1@group-AF32D02DB247: succeeded to handle AppendEntries. Reply: s0<-s1#13:OK-t1,SUCCESS,nextIndex=5,followerCommit=3,matchIndex=4
2023-12-01 03:55:46,704 [s1@group-AF32D02DB247-StateMachineUpdater] INFO  impl.SimpleStateMachine4Testing (SimpleStateMachine4Testing.java:applyTransaction(248)) - applyTransaction for log index 3
2023-12-01 03:55:46,704 [s1@group-AF32D02DB247-StateMachineUpdater] INFO  impl.SimpleStateMachine4Testing (SimpleStateMachine4Testing.java:put(205)) - s1: put 3, message -> (t:1, i:3), STATEMACHINELOGENTRY, 999@client-57431FAC9ACC
2023-12-01 03:55:46,704 [s2-server-thread2] DEBUG server.RaftServer$Division (RaftServerImpl.java:logAppendEntries(1504)) - s2@group-AF32D02DB247: succeeded to handle AppendEntries. Reply: s0<-s2#13:OK-t1,SUCCESS,nextIndex=5,followerCommit=3,matchIndex=4
2023-12-01 03:55:46,704 [s2@group-AF32D02DB247-StateMachineUpdater] INFO  impl.SimpleStateMachine4Testing (SimpleStateMachine4Testing.java:applyTransaction(248)) - applyTransaction for log index 3
2023-12-01 03:55:46,704 [s2@group-AF32D02DB247-StateMachineUpdater] INFO  impl.SimpleStateMachine4Testing (SimpleStateMachine4Testing.java:put(205)) - s2: put 3, message -> (t:1, i:3), STATEMACHINELOGENTRY, 999@client-57431FAC9ACC
2023-12-01 03:55:46,707 [s0-client-thread1] DEBUG server.RaftServer$Division (RaftServerImpl.java:submitClientRequestAsync(893)) - s0@group-AF32D02DB247: receive client request(RaftClientRequest:client-57431FAC9ACC->s0@group-AF32D02DB247, cid=999, seq=null, RW, Message:6d657373616765)
2023-12-01 03:55:46,710 [s0-client-thread1] DEBUG server.RaftServer$Division (RaftServerImpl.java:submitClientRequestAsync(893)) - s0@group-AF32D02DB247: receive client request(RaftClientRequest:client-57431FAC9ACC->s0@group-AF32D02DB247, cid=999, seq=null, RW, Message:6d657373616765)
2023-12-01 03:55:46,714 [s0-client-thread1] DEBUG server.RaftServer$Division (RaftServerImpl.java:submitClientRequestAsync(893)) - s0@group-AF32D02DB247: receive client request(RaftClientRequest:client-57431FAC9ACC->s0@group-AF32D02DB247, cid=999, seq=null, RW, Message:6d657373616765)
2023-12-01 03:55:46,717 [s0-client-thread1] DEBUG server.RaftServer$Division (RaftServerImpl.java:submitClientRequestAsync(893)) - s0@group-AF32D02DB247: receive client request(RaftClientRequest:client-57431FAC9ACC->s0@group-AF32D02DB247, cid=999, seq=null, RW, Message:6d657373616765)
2023-12-01 03:55:46,719 [s0-client-thread1] DEBUG server.RaftServer$Division (RaftServerImpl.java:submitClientRequestAsync(893)) - s0@group-AF32D02DB247: receive client request(RaftClientRequest:client-57431FAC9ACC->s0@group-AF32D02DB247, cid=999, seq=null, RW, Message:6d657373616765)
2023-12-01 03:55:46,722 [Time-limited test] INFO  grpc.TestRetryCacheWithGrpc (RetryCacheTests.java:assertServer(96)) - check server s0
2023-12-01 03:55:46,722 [Time-limited test] INFO  grpc.TestRetryCacheWithGrpc (RetryCacheTests.java:assertServer(96)) - check server s1
2023-12-01 03:55:46,749 [grpc-default-executor-3] ERROR impl.OrderedAsync (OrderedAsync.java:lambda$sendRequest$9(247)) - client-915AA7F58988: Failed* RaftClientRequest:client-915AA7F58988->s0@group-FB8FFDFFFB35, cid=6, seq=1*, Watch(0), null
java.util.concurrent.CompletionException: java.io.IOException: org.apache.ratis.thirdparty.io.grpc.StatusRuntimeException: UNAVAILABLE: io exception
	at java.base/java.util.concurrent.CompletableFuture.encodeThrowable(CompletableFuture.java:331)
	at java.base/java.util.concurrent.CompletableFuture.completeThrowable(CompletableFuture.java:346)
	at java.base/java.util.concurrent.CompletableFuture$UniApply.tryFire(CompletableFuture.java:632)
	at java.base/java.util.concurrent.CompletableFuture.postComplete(CompletableFuture.java:506)
	at java.base/java.util.concurrent.CompletableFuture.completeExceptionally(CompletableFuture.java:2094)
	at org.apache.ratis.grpc.client.GrpcClientProtocolClient$AsyncStreamObservers.completeReplyExceptionally(GrpcClientProtocolClient.java:394)
	at org.apache.ratis.grpc.client.GrpcClientProtocolClient$AsyncStreamObservers.access$000(GrpcClientProtocolClient.java:300)
	at org.apache.ratis.grpc.client.GrpcClientProtocolClient$AsyncStreamObservers$1.onError(GrpcClientProtocolClient.java:331)
	at org.apache.ratis.thirdparty.io.grpc.stub.ClientCalls$StreamObserverToCallListenerAdapter.onClose(ClientCalls.java:481)
	at org.apache.ratis.thirdparty.io.grpc.PartialForwardingClientCallListener.onClose(PartialForwardingClientCallListener.java:39)
	at org.apache.ratis.thirdparty.io.grpc.ForwardingClientCallListener.onClose(ForwardingClientCallListener.java:23)
	at org.apache.ratis.grpc.metrics.intercept.client.MetricClientCallListener.onClose(MetricClientCallListener.java:47)
	at org.apache.ratis.thirdparty.io.grpc.internal.DelayedClientCall$DelayedListener$3.run(DelayedClientCall.java:489)
	at org.apache.ratis.thirdparty.io.grpc.internal.DelayedClientCall$DelayedListener.delayOrExecute(DelayedClientCall.java:453)
	at org.apache.ratis.thirdparty.io.grpc.internal.DelayedClientCall$DelayedListener.onClose(DelayedClientCall.java:486)
	at org.apache.ratis.thirdparty.io.grpc.internal.ClientCallImpl.closeObserver(ClientCallImpl.java:567)
	at org.apache.ratis.thirdparty.io.grpc.internal.ClientCallImpl.access$300(ClientCallImpl.java:71)
	at org.apache.ratis.thirdparty.io.grpc.internal.ClientCallImpl$ClientStreamListenerImpl$1StreamClosed.runInternal(ClientCallImpl.java:735)
	at org.apache.ratis.thirdparty.io.grpc.internal.ClientCallImpl$ClientStreamListenerImpl$1StreamClosed.runInContext(ClientCallImpl.java:716)
	at org.apache.ratis.thirdparty.io.grpc.internal.ContextRunnable.run(ContextRunnable.java:37)
	at org.apache.ratis.thirdparty.io.grpc.internal.SerializingExecutor.run(SerializingExecutor.java:133)
	at java.base/java.util.concurrent.ThreadPoolExecutor.runWorker(ThreadPoolExecutor.java:1128)
	at java.base/java.util.concurrent.ThreadPoolExecutor$Worker.run(ThreadPoolExecutor.java:628)
	at java.base/java.lang.Thread.run(Thread.java:829)
Caused by: java.io.IOException: org.apache.ratis.thirdparty.io.grpc.StatusRuntimeException: UNAVAILABLE: io exception
	at org.apache.ratis.grpc.GrpcUtil.unwrapException(GrpcUtil.java:99)
	at org.apache.ratis.grpc.GrpcUtil.unwrapIOException(GrpcUtil.java:159)
	at org.apache.ratis.grpc.client.GrpcClientProtocolClient$AsyncStreamObservers$1.onError(GrpcClientProtocolClient.java:330)
	... 16 more
Caused by: org.apache.ratis.thirdparty.io.grpc.StatusRuntimeException: UNAVAILABLE: io exception
	at org.apache.ratis.thirdparty.io.grpc.Status.asRuntimeException(Status.java:537)
	... 16 more
Caused by: org.apache.ratis.thirdparty.io.netty.channel.AbstractChannel$AnnotatedConnectException: finishConnect(..) failed: Connection refused: localhost/127.0.0.1:34265
Caused by: java.net.ConnectException: finishConnect(..) failed: Connection refused
	at org.apache.ratis.thirdparty.io.netty.channel.unix.Errors.newConnectException0(Errors.java:166)
	at org.apache.ratis.thirdparty.io.netty.channel.unix.Errors.handleConnectErrno(Errors.java:131)
	at org.apache.ratis.thirdparty.io.netty.channel.unix.Socket.finishConnect(Socket.java:359)
	at org.apache.ratis.thirdparty.io.netty.channel.epoll.AbstractEpollChannel$AbstractEpollUnsafe.doFinishConnect(AbstractEpollChannel.java:710)
	at org.apache.ratis.thirdparty.io.netty.channel.epoll.AbstractEpollChannel$AbstractEpollUnsafe.finishConnect(AbstractEpollChannel.java:687)
	at org.apache.ratis.thirdparty.io.netty.channel.epoll.AbstractEpollChannel$AbstractEpollUnsafe.epollOutReady(AbstractEpollChannel.java:567)
	at org.apache.ratis.thirdparty.io.netty.channel.epoll.EpollEventLoop.processReady(EpollEventLoop.java:499)
	at org.apache.ratis.thirdparty.io.netty.channel.epoll.EpollEventLoop.run(EpollEventLoop.java:407)
	at org.apache.ratis.thirdparty.io.netty.util.concurrent.SingleThreadEventExecutor$4.run(SingleThreadEventExecutor.java:997)
	at org.apache.ratis.thirdparty.io.netty.util.internal.ThreadExecutorMap$2.run(ThreadExecutorMap.java:74)
	at org.apache.ratis.thirdparty.io.netty.util.concurrent.FastThreadLocalRunnable.run(FastThreadLocalRunnable.java:30)
	at java.base/java.lang.Thread.run(Thread.java:829)
2023-12-01 03:55:46,854 [grpc-default-executor-11] ERROR impl.OrderedAsync (OrderedAsync.java:lambda$sendRequest$9(247)) - client-915AA7F58988: Failed* RaftClientRequest:client-915AA7F58988->s2@group-FB8FFDFFFB35, cid=6, seq=1*, Watch(0), null
java.util.concurrent.CompletionException: java.io.IOException: org.apache.ratis.thirdparty.io.grpc.StatusRuntimeException: UNAVAILABLE: io exception
	at java.base/java.util.concurrent.CompletableFuture.encodeThrowable(CompletableFuture.java:331)
	at java.base/java.util.concurrent.CompletableFuture.completeThrowable(CompletableFuture.java:346)
	at java.base/java.util.concurrent.CompletableFuture$UniApply.tryFire(CompletableFuture.java:632)
	at java.base/java.util.concurrent.CompletableFuture.postComplete(CompletableFuture.java:506)
	at java.base/java.util.concurrent.CompletableFuture.completeExceptionally(CompletableFuture.java:2094)
	at org.apache.ratis.grpc.client.GrpcClientProtocolClient$AsyncStreamObservers.completeReplyExceptionally(GrpcClientProtocolClient.java:394)
	at org.apache.ratis.grpc.client.GrpcClientProtocolClient$AsyncStreamObservers.access$000(GrpcClientProtocolClient.java:300)
	at org.apache.ratis.grpc.client.GrpcClientProtocolClient$AsyncStreamObservers$1.onError(GrpcClientProtocolClient.java:331)
	at org.apache.ratis.thirdparty.io.grpc.stub.ClientCalls$StreamObserverToCallListenerAdapter.onClose(ClientCalls.java:481)
	at org.apache.ratis.thirdparty.io.grpc.PartialForwardingClientCallListener.onClose(PartialForwardingClientCallListener.java:39)
	at org.apache.ratis.thirdparty.io.grpc.ForwardingClientCallListener.onClose(ForwardingClientCallListener.java:23)
	at org.apache.ratis.grpc.metrics.intercept.client.MetricClientCallListener.onClose(MetricClientCallListener.java:47)
	at org.apache.ratis.thirdparty.io.grpc.internal.DelayedClientCall$DelayedListener$3.run(DelayedClientCall.java:489)
	at org.apache.ratis.thirdparty.io.grpc.internal.DelayedClientCall$DelayedListener.delayOrExecute(DelayedClientCall.java:453)
	at org.apache.ratis.thirdparty.io.grpc.internal.DelayedClientCall$DelayedListener.onClose(DelayedClientCall.java:486)
	at org.apache.ratis.thirdparty.io.grpc.internal.ClientCallImpl.closeObserver(ClientCallImpl.java:567)
	at org.apache.ratis.thirdparty.io.grpc.internal.ClientCallImpl.access$300(ClientCallImpl.java:71)
	at org.apache.ratis.thirdparty.io.grpc.internal.ClientCallImpl$ClientStreamListenerImpl$1StreamClosed.runInternal(ClientCallImpl.java:735)
	at org.apache.ratis.thirdparty.io.grpc.internal.ClientCallImpl$ClientStreamListenerImpl$1StreamClosed.runInContext(ClientCallImpl.java:716)
	at org.apache.ratis.thirdparty.io.grpc.internal.ContextRunnable.run(ContextRunnable.java:37)
	at org.apache.ratis.thirdparty.io.grpc.internal.SerializingExecutor.run(SerializingExecutor.java:133)
	at java.base/java.util.concurrent.ThreadPoolExecutor.runWorker(ThreadPoolExecutor.java:1128)
	at java.base/java.util.concurrent.ThreadPoolExecutor$Worker.run(ThreadPoolExecutor.java:628)
	at java.base/java.lang.Thread.run(Thread.java:829)
Caused by: java.io.IOException: org.apache.ratis.thirdparty.io.grpc.StatusRuntimeException: UNAVAILABLE: io exception
	at org.apache.ratis.grpc.GrpcUtil.unwrapException(GrpcUtil.java:99)
	at org.apache.ratis.grpc.GrpcUtil.unwrapIOException(GrpcUtil.java:159)
	at org.apache.ratis.grpc.client.GrpcClientProtocolClient$AsyncStreamObservers$1.onError(GrpcClientProtocolClient.java:330)
	... 16 more
Caused by: org.apache.ratis.thirdparty.io.grpc.StatusRuntimeException: UNAVAILABLE: io exception
	at org.apache.ratis.thirdparty.io.grpc.Status.asRuntimeException(Status.java:537)
	... 16 more
Caused by: org.apache.ratis.thirdparty.io.netty.channel.AbstractChannel$AnnotatedConnectException: finishConnect(..) failed: Connection refused: localhost/127.0.0.1:34227
Caused by: java.net.ConnectException: finishConnect(..) failed: Connection refused
	at org.apache.ratis.thirdparty.io.netty.channel.unix.Errors.newConnectException0(Errors.java:166)
	at org.apache.ratis.thirdparty.io.netty.channel.unix.Errors.handleConnectErrno(Errors.java:131)
	at org.apache.ratis.thirdparty.io.netty.channel.unix.Socket.finishConnect(Socket.java:359)
	at org.apache.ratis.thirdparty.io.netty.channel.epoll.AbstractEpollChannel$AbstractEpollUnsafe.doFinishConnect(AbstractEpollChannel.java:710)
	at org.apache.ratis.thirdparty.io.netty.channel.epoll.AbstractEpollChannel$AbstractEpollUnsafe.finishConnect(AbstractEpollChannel.java:687)
	at org.apache.ratis.thirdparty.io.netty.channel.epoll.AbstractEpollChannel$AbstractEpollUnsafe.epollOutReady(AbstractEpollChannel.java:567)
	at org.apache.ratis.thirdparty.io.netty.channel.epoll.EpollEventLoop.processReady(EpollEventLoop.java:499)
	at org.apache.ratis.thirdparty.io.netty.channel.epoll.EpollEventLoop.run(EpollEventLoop.java:407)
	at org.apache.ratis.thirdparty.io.netty.util.concurrent.SingleThreadEventExecutor$4.run(SingleThreadEventExecutor.java:997)
	at org.apache.ratis.thirdparty.io.netty.util.internal.ThreadExecutorMap$2.run(ThreadExecutorMap.java:74)
	at org.apache.ratis.thirdparty.io.netty.util.concurrent.FastThreadLocalRunnable.run(FastThreadLocalRunnable.java:30)
	at java.base/java.lang.Thread.run(Thread.java:829)
2023-12-01 03:55:46,958 [grpc-default-executor-10] ERROR impl.OrderedAsync (OrderedAsync.java:lambda$sendRequest$9(247)) - client-915AA7F58988: Failed* RaftClientRequest:client-915AA7F58988->s0@group-FB8FFDFFFB35, cid=6, seq=1*, Watch(0), null
java.util.concurrent.CompletionException: java.io.IOException: org.apache.ratis.thirdparty.io.grpc.StatusRuntimeException: UNAVAILABLE: io exception
	at java.base/java.util.concurrent.CompletableFuture.encodeThrowable(CompletableFuture.java:331)
	at java.base/java.util.concurrent.CompletableFuture.completeThrowable(CompletableFuture.java:346)
	at java.base/java.util.concurrent.CompletableFuture$UniApply.tryFire(CompletableFuture.java:632)
	at java.base/java.util.concurrent.CompletableFuture.postComplete(CompletableFuture.java:506)
	at java.base/java.util.concurrent.CompletableFuture.completeExceptionally(CompletableFuture.java:2094)
	at org.apache.ratis.grpc.client.GrpcClientProtocolClient$AsyncStreamObservers.completeReplyExceptionally(GrpcClientProtocolClient.java:394)
	at org.apache.ratis.grpc.client.GrpcClientProtocolClient$AsyncStreamObservers.access$000(GrpcClientProtocolClient.java:300)
	at org.apache.ratis.grpc.client.GrpcClientProtocolClient$AsyncStreamObservers$1.onError(GrpcClientProtocolClient.java:331)
	at org.apache.ratis.thirdparty.io.grpc.stub.ClientCalls$StreamObserverToCallListenerAdapter.onClose(ClientCalls.java:481)
	at org.apache.ratis.thirdparty.io.grpc.PartialForwardingClientCallListener.onClose(PartialForwardingClientCallListener.java:39)
	at org.apache.ratis.thirdparty.io.grpc.ForwardingClientCallListener.onClose(ForwardingClientCallListener.java:23)
	at org.apache.ratis.grpc.metrics.intercept.client.MetricClientCallListener.onClose(MetricClientCallListener.java:47)
	at org.apache.ratis.thirdparty.io.grpc.internal.DelayedClientCall$DelayedListener$3.run(DelayedClientCall.java:489)
	at org.apache.ratis.thirdparty.io.grpc.internal.DelayedClientCall$DelayedListener.delayOrExecute(DelayedClientCall.java:453)
	at org.apache.ratis.thirdparty.io.grpc.internal.DelayedClientCall$DelayedListener.onClose(DelayedClientCall.java:486)
	at org.apache.ratis.thirdparty.io.grpc.internal.ClientCallImpl.closeObserver(ClientCallImpl.java:567)
	at org.apache.ratis.thirdparty.io.grpc.internal.ClientCallImpl.access$300(ClientCallImpl.java:71)
	at org.apache.ratis.thirdparty.io.grpc.internal.ClientCallImpl$ClientStreamListenerImpl$1StreamClosed.runInternal(ClientCallImpl.java:735)
	at org.apache.ratis.thirdparty.io.grpc.internal.ClientCallImpl$ClientStreamListenerImpl$1StreamClosed.runInContext(ClientCallImpl.java:716)
	at org.apache.ratis.thirdparty.io.grpc.internal.ContextRunnable.run(ContextRunnable.java:37)
	at org.apache.ratis.thirdparty.io.grpc.internal.SerializingExecutor.run(SerializingExecutor.java:133)
	at java.base/java.util.concurrent.ThreadPoolExecutor.runWorker(ThreadPoolExecutor.java:1128)
	at java.base/java.util.concurrent.ThreadPoolExecutor$Worker.run(ThreadPoolExecutor.java:628)
	at java.base/java.lang.Thread.run(Thread.java:829)
Caused by: java.io.IOException: org.apache.ratis.thirdparty.io.grpc.StatusRuntimeException: UNAVAILABLE: io exception
	at org.apache.ratis.grpc.GrpcUtil.unwrapException(GrpcUtil.java:99)
	at org.apache.ratis.grpc.GrpcUtil.unwrapIOException(GrpcUtil.java:159)
	at org.apache.ratis.grpc.client.GrpcClientProtocolClient$AsyncStreamObservers$1.onError(GrpcClientProtocolClient.java:330)
	... 16 more
Caused by: org.apache.ratis.thirdparty.io.grpc.StatusRuntimeException: UNAVAILABLE: io exception
	at org.apache.ratis.thirdparty.io.grpc.Status.asRuntimeException(Status.java:537)
	... 16 more
Caused by: org.apache.ratis.thirdparty.io.netty.channel.AbstractChannel$AnnotatedConnectException: finishConnect(..) failed: Connection refused: localhost/127.0.0.1:34265
Caused by: java.net.ConnectException: finishConnect(..) failed: Connection refused
	at org.apache.ratis.thirdparty.io.netty.channel.unix.Errors.newConnectException0(Errors.java:166)
	at org.apache.ratis.thirdparty.io.netty.channel.unix.Errors.handleConnectErrno(Errors.java:131)
	at org.apache.ratis.thirdparty.io.netty.channel.unix.Socket.finishConnect(Socket.java:359)
	at org.apache.ratis.thirdparty.io.netty.channel.epoll.AbstractEpollChannel$AbstractEpollUnsafe.doFinishConnect(AbstractEpollChannel.java:710)
	at org.apache.ratis.thirdparty.io.netty.channel.epoll.AbstractEpollChannel$AbstractEpollUnsafe.finishConnect(AbstractEpollChannel.java:687)
	at org.apache.ratis.thirdparty.io.netty.channel.epoll.AbstractEpollChannel$AbstractEpollUnsafe.epollOutReady(AbstractEpollChannel.java:567)
	at org.apache.ratis.thirdparty.io.netty.channel.epoll.EpollEventLoop.processReady(EpollEventLoop.java:499)
	at org.apache.ratis.thirdparty.io.netty.channel.epoll.EpollEventLoop.run(EpollEventLoop.java:407)
	at org.apache.ratis.thirdparty.io.netty.util.concurrent.SingleThreadEventExecutor$4.run(SingleThreadEventExecutor.java:997)
	at org.apache.ratis.thirdparty.io.netty.util.internal.ThreadExecutorMap$2.run(ThreadExecutorMap.java:74)
	at org.apache.ratis.thirdparty.io.netty.util.concurrent.FastThreadLocalRunnable.run(FastThreadLocalRunnable.java:30)
	at java.base/java.lang.Thread.run(Thread.java:829)
2023-12-01 03:55:47,062 [grpc-default-executor-10] ERROR impl.OrderedAsync (OrderedAsync.java:lambda$sendRequest$9(247)) - client-915AA7F58988: Failed* RaftClientRequest:client-915AA7F58988->s2@group-FB8FFDFFFB35, cid=6, seq=1*, Watch(0), null
java.util.concurrent.CompletionException: java.io.IOException: org.apache.ratis.thirdparty.io.grpc.StatusRuntimeException: UNAVAILABLE: io exception
	at java.base/java.util.concurrent.CompletableFuture.encodeThrowable(CompletableFuture.java:331)
	at java.base/java.util.concurrent.CompletableFuture.completeThrowable(CompletableFuture.java:346)
	at java.base/java.util.concurrent.CompletableFuture$UniApply.tryFire(CompletableFuture.java:632)
	at java.base/java.util.concurrent.CompletableFuture.postComplete(CompletableFuture.java:506)
	at java.base/java.util.concurrent.CompletableFuture.completeExceptionally(CompletableFuture.java:2094)
	at org.apache.ratis.grpc.client.GrpcClientProtocolClient$AsyncStreamObservers.completeReplyExceptionally(GrpcClientProtocolClient.java:394)
	at org.apache.ratis.grpc.client.GrpcClientProtocolClient$AsyncStreamObservers.access$000(GrpcClientProtocolClient.java:300)
	at org.apache.ratis.grpc.client.GrpcClientProtocolClient$AsyncStreamObservers$1.onError(GrpcClientProtocolClient.java:331)
	at org.apache.ratis.thirdparty.io.grpc.stub.ClientCalls$StreamObserverToCallListenerAdapter.onClose(ClientCalls.java:481)
	at org.apache.ratis.thirdparty.io.grpc.PartialForwardingClientCallListener.onClose(PartialForwardingClientCallListener.java:39)
	at org.apache.ratis.thirdparty.io.grpc.ForwardingClientCallListener.onClose(ForwardingClientCallListener.java:23)
	at org.apache.ratis.grpc.metrics.intercept.client.MetricClientCallListener.onClose(MetricClientCallListener.java:47)
	at org.apache.ratis.thirdparty.io.grpc.internal.DelayedClientCall$DelayedListener$3.run(DelayedClientCall.java:489)
	at org.apache.ratis.thirdparty.io.grpc.internal.DelayedClientCall$DelayedListener.delayOrExecute(DelayedClientCall.java:453)
	at org.apache.ratis.thirdparty.io.grpc.internal.DelayedClientCall$DelayedListener.onClose(DelayedClientCall.java:486)
	at org.apache.ratis.thirdparty.io.grpc.internal.ClientCallImpl.closeObserver(ClientCallImpl.java:567)
	at org.apache.ratis.thirdparty.io.grpc.internal.ClientCallImpl.access$300(ClientCallImpl.java:71)
	at org.apache.ratis.thirdparty.io.grpc.internal.ClientCallImpl$ClientStreamListenerImpl$1StreamClosed.runInternal(ClientCallImpl.java:735)
	at org.apache.ratis.thirdparty.io.grpc.internal.ClientCallImpl$ClientStreamListenerImpl$1StreamClosed.runInContext(ClientCallImpl.java:716)
	at org.apache.ratis.thirdparty.io.grpc.internal.ContextRunnable.run(ContextRunnable.java:37)
	at org.apache.ratis.thirdparty.io.grpc.internal.SerializingExecutor.run(SerializingExecutor.java:133)
	at java.base/java.util.concurrent.ThreadPoolExecutor.runWorker(ThreadPoolExecutor.java:1128)
	at java.base/java.util.concurrent.ThreadPoolExecutor$Worker.run(ThreadPoolExecutor.java:628)
	at java.base/java.lang.Thread.run(Thread.java:829)
Caused by: java.io.IOException: org.apache.ratis.thirdparty.io.grpc.StatusRuntimeException: UNAVAILABLE: io exception
	at org.apache.ratis.grpc.GrpcUtil.unwrapException(GrpcUtil.java:99)
	at org.apache.ratis.grpc.GrpcUtil.unwrapIOException(GrpcUtil.java:159)
	at org.apache.ratis.grpc.client.GrpcClientProtocolClient$AsyncStreamObservers$1.onError(GrpcClientProtocolClient.java:330)
	... 16 more
Caused by: org.apache.ratis.thirdparty.io.grpc.StatusRuntimeException: UNAVAILABLE: io exception
	at org.apache.ratis.thirdparty.io.grpc.Status.asRuntimeException(Status.java:537)
	... 16 more
Caused by: org.apache.ratis.thirdparty.io.netty.channel.AbstractChannel$AnnotatedConnectException: finishConnect(..) failed: Connection refused: localhost/127.0.0.1:34227
Caused by: java.net.ConnectException: finishConnect(..) failed: Connection refused
	at org.apache.ratis.thirdparty.io.netty.channel.unix.Errors.newConnectException0(Errors.java:166)
	at org.apache.ratis.thirdparty.io.netty.channel.unix.Errors.handleConnectErrno(Errors.java:131)
	at org.apache.ratis.thirdparty.io.netty.channel.unix.Socket.finishConnect(Socket.java:359)
	at org.apache.ratis.thirdparty.io.netty.channel.epoll.AbstractEpollChannel$AbstractEpollUnsafe.doFinishConnect(AbstractEpollChannel.java:710)
	at org.apache.ratis.thirdparty.io.netty.channel.epoll.AbstractEpollChannel$AbstractEpollUnsafe.finishConnect(AbstractEpollChannel.java:687)
	at org.apache.ratis.thirdparty.io.netty.channel.epoll.AbstractEpollChannel$AbstractEpollUnsafe.epollOutReady(AbstractEpollChannel.java:567)
	at org.apache.ratis.thirdparty.io.netty.channel.epoll.EpollEventLoop.processReady(EpollEventLoop.java:499)
	at org.apache.ratis.thirdparty.io.netty.channel.epoll.EpollEventLoop.run(EpollEventLoop.java:407)
	at org.apache.ratis.thirdparty.io.netty.util.concurrent.SingleThreadEventExecutor$4.run(SingleThreadEventExecutor.java:997)
	at org.apache.ratis.thirdparty.io.netty.util.internal.ThreadExecutorMap$2.run(ThreadExecutorMap.java:74)
	at org.apache.ratis.thirdparty.io.netty.util.concurrent.FastThreadLocalRunnable.run(FastThreadLocalRunnable.java:30)
	at java.base/java.lang.Thread.run(Thread.java:829)
2023-12-01 03:55:47,165 [grpc-default-executor-3] ERROR impl.OrderedAsync (OrderedAsync.java:lambda$sendRequest$9(247)) - client-915AA7F58988: Failed* RaftClientRequest:client-915AA7F58988->s0@group-FB8FFDFFFB35, cid=6, seq=1*, Watch(0), null
java.util.concurrent.CompletionException: java.io.IOException: org.apache.ratis.thirdparty.io.grpc.StatusRuntimeException: UNAVAILABLE: io exception
	at java.base/java.util.concurrent.CompletableFuture.encodeThrowable(CompletableFuture.java:331)
	at java.base/java.util.concurrent.CompletableFuture.completeThrowable(CompletableFuture.java:346)
	at java.base/java.util.concurrent.CompletableFuture$UniApply.tryFire(CompletableFuture.java:632)
	at java.base/java.util.concurrent.CompletableFuture.postComplete(CompletableFuture.java:506)
	at java.base/java.util.concurrent.CompletableFuture.completeExceptionally(CompletableFuture.java:2094)
	at org.apache.ratis.grpc.client.GrpcClientProtocolClient$AsyncStreamObservers.completeReplyExceptionally(GrpcClientProtocolClient.java:394)
	at org.apache.ratis.grpc.client.GrpcClientProtocolClient$AsyncStreamObservers.access$000(GrpcClientProtocolClient.java:300)
	at org.apache.ratis.grpc.client.GrpcClientProtocolClient$AsyncStreamObservers$1.onError(GrpcClientProtocolClient.java:331)
	at org.apache.ratis.thirdparty.io.grpc.stub.ClientCalls$StreamObserverToCallListenerAdapter.onClose(ClientCalls.java:481)
	at org.apache.ratis.thirdparty.io.grpc.PartialForwardingClientCallListener.onClose(PartialForwardingClientCallListener.java:39)
	at org.apache.ratis.thirdparty.io.grpc.ForwardingClientCallListener.onClose(ForwardingClientCallListener.java:23)
	at org.apache.ratis.grpc.metrics.intercept.client.MetricClientCallListener.onClose(MetricClientCallListener.java:47)
	at org.apache.ratis.thirdparty.io.grpc.internal.DelayedClientCall$DelayedListener$3.run(DelayedClientCall.java:489)
	at org.apache.ratis.thirdparty.io.grpc.internal.DelayedClientCall$DelayedListener.delayOrExecute(DelayedClientCall.java:453)
	at org.apache.ratis.thirdparty.io.grpc.internal.DelayedClientCall$DelayedListener.onClose(DelayedClientCall.java:486)
	at org.apache.ratis.thirdparty.io.grpc.internal.ClientCallImpl.closeObserver(ClientCallImpl.java:567)
	at org.apache.ratis.thirdparty.io.grpc.internal.ClientCallImpl.access$300(ClientCallImpl.java:71)
	at org.apache.ratis.thirdparty.io.grpc.internal.ClientCallImpl$ClientStreamListenerImpl$1StreamClosed.runInternal(ClientCallImpl.java:735)
	at org.apache.ratis.thirdparty.io.grpc.internal.ClientCallImpl$ClientStreamListenerImpl$1StreamClosed.runInContext(ClientCallImpl.java:716)
	at org.apache.ratis.thirdparty.io.grpc.internal.ContextRunnable.run(ContextRunnable.java:37)
	at org.apache.ratis.thirdparty.io.grpc.internal.SerializingExecutor.run(SerializingExecutor.java:133)
	at java.base/java.util.concurrent.ThreadPoolExecutor.runWorker(ThreadPoolExecutor.java:1128)
	at java.base/java.util.concurrent.ThreadPoolExecutor$Worker.run(ThreadPoolExecutor.java:628)
	at java.base/java.lang.Thread.run(Thread.java:829)
Caused by: java.io.IOException: org.apache.ratis.thirdparty.io.grpc.StatusRuntimeException: UNAVAILABLE: io exception
	at org.apache.ratis.grpc.GrpcUtil.unwrapException(GrpcUtil.java:99)
	at org.apache.ratis.grpc.GrpcUtil.unwrapIOException(GrpcUtil.java:159)
	at org.apache.ratis.grpc.client.GrpcClientProtocolClient$AsyncStreamObservers$1.onError(GrpcClientProtocolClient.java:330)
	... 16 more
Caused by: org.apache.ratis.thirdparty.io.grpc.StatusRuntimeException: UNAVAILABLE: io exception
	at org.apache.ratis.thirdparty.io.grpc.Status.asRuntimeException(Status.java:537)
	... 16 more
Caused by: org.apache.ratis.thirdparty.io.netty.channel.AbstractChannel$AnnotatedConnectException: finishConnect(..) failed: Connection refused: localhost/127.0.0.1:34265
Caused by: java.net.ConnectException: finishConnect(..) failed: Connection refused
	at org.apache.ratis.thirdparty.io.netty.channel.unix.Errors.newConnectException0(Errors.java:166)
	at org.apache.ratis.thirdparty.io.netty.channel.unix.Errors.handleConnectErrno(Errors.java:131)
	at org.apache.ratis.thirdparty.io.netty.channel.unix.Socket.finishConnect(Socket.java:359)
	at org.apache.ratis.thirdparty.io.netty.channel.epoll.AbstractEpollChannel$AbstractEpollUnsafe.doFinishConnect(AbstractEpollChannel.java:710)
	at org.apache.ratis.thirdparty.io.netty.channel.epoll.AbstractEpollChannel$AbstractEpollUnsafe.finishConnect(AbstractEpollChannel.java:687)
	at org.apache.ratis.thirdparty.io.netty.channel.epoll.AbstractEpollChannel$AbstractEpollUnsafe.epollOutReady(AbstractEpollChannel.java:567)
	at org.apache.ratis.thirdparty.io.netty.channel.epoll.EpollEventLoop.processReady(EpollEventLoop.java:499)
	at org.apache.ratis.thirdparty.io.netty.channel.epoll.EpollEventLoop.run(EpollEventLoop.java:407)
	at org.apache.ratis.thirdparty.io.netty.util.concurrent.SingleThreadEventExecutor$4.run(SingleThreadEventExecutor.java:997)
	at org.apache.ratis.thirdparty.io.netty.util.internal.ThreadExecutorMap$2.run(ThreadExecutorMap.java:74)
	at org.apache.ratis.thirdparty.io.netty.util.concurrent.FastThreadLocalRunnable.run(FastThreadLocalRunnable.java:30)
	at java.base/java.lang.Thread.run(Thread.java:829)
2023-12-01 03:55:47,269 [grpc-default-executor-10] ERROR impl.OrderedAsync (OrderedAsync.java:lambda$sendRequest$9(247)) - client-915AA7F58988: Failed* RaftClientRequest:client-915AA7F58988->s1@group-FB8FFDFFFB35, cid=6, seq=1*, Watch(0), null
java.util.concurrent.CompletionException: java.io.IOException: org.apache.ratis.thirdparty.io.grpc.StatusRuntimeException: UNAVAILABLE: io exception
	at java.base/java.util.concurrent.CompletableFuture.encodeThrowable(CompletableFuture.java:331)
	at java.base/java.util.concurrent.CompletableFuture.completeThrowable(CompletableFuture.java:346)
	at java.base/java.util.concurrent.CompletableFuture$UniApply.tryFire(CompletableFuture.java:632)
	at java.base/java.util.concurrent.CompletableFuture.postComplete(CompletableFuture.java:506)
	at java.base/java.util.concurrent.CompletableFuture.completeExceptionally(CompletableFuture.java:2094)
	at org.apache.ratis.grpc.client.GrpcClientProtocolClient$AsyncStreamObservers.completeReplyExceptionally(GrpcClientProtocolClient.java:394)
	at org.apache.ratis.grpc.client.GrpcClientProtocolClient$AsyncStreamObservers.access$000(GrpcClientProtocolClient.java:300)
	at org.apache.ratis.grpc.client.GrpcClientProtocolClient$AsyncStreamObservers$1.onError(GrpcClientProtocolClient.java:331)
	at org.apache.ratis.thirdparty.io.grpc.stub.ClientCalls$StreamObserverToCallListenerAdapter.onClose(ClientCalls.java:481)
	at org.apache.ratis.thirdparty.io.grpc.PartialForwardingClientCallListener.onClose(PartialForwardingClientCallListener.java:39)
	at org.apache.ratis.thirdparty.io.grpc.ForwardingClientCallListener.onClose(ForwardingClientCallListener.java:23)
	at org.apache.ratis.grpc.metrics.intercept.client.MetricClientCallListener.onClose(MetricClientCallListener.java:47)
	at org.apache.ratis.thirdparty.io.grpc.internal.DelayedClientCall$DelayedListener$3.run(DelayedClientCall.java:489)
	at org.apache.ratis.thirdparty.io.grpc.internal.DelayedClientCall$DelayedListener.delayOrExecute(DelayedClientCall.java:453)
	at org.apache.ratis.thirdparty.io.grpc.internal.DelayedClientCall$DelayedListener.onClose(DelayedClientCall.java:486)
	at org.apache.ratis.thirdparty.io.grpc.internal.ClientCallImpl.closeObserver(ClientCallImpl.java:567)
	at org.apache.ratis.thirdparty.io.grpc.internal.ClientCallImpl.access$300(ClientCallImpl.java:71)
	at org.apache.ratis.thirdparty.io.grpc.internal.ClientCallImpl$ClientStreamListenerImpl$1StreamClosed.runInternal(ClientCallImpl.java:735)
	at org.apache.ratis.thirdparty.io.grpc.internal.ClientCallImpl$ClientStreamListenerImpl$1StreamClosed.runInContext(ClientCallImpl.java:716)
	at org.apache.ratis.thirdparty.io.grpc.internal.ContextRunnable.run(ContextRunnable.java:37)
	at org.apache.ratis.thirdparty.io.grpc.internal.SerializingExecutor.run(SerializingExecutor.java:133)
	at java.base/java.util.concurrent.ThreadPoolExecutor.runWorker(ThreadPoolExecutor.java:1128)
	at java.base/java.util.concurrent.ThreadPoolExecutor$Worker.run(ThreadPoolExecutor.java:628)
	at java.base/java.lang.Thread.run(Thread.java:829)
Caused by: java.io.IOException: org.apache.ratis.thirdparty.io.grpc.StatusRuntimeException: UNAVAILABLE: io exception
	at org.apache.ratis.grpc.GrpcUtil.unwrapException(GrpcUtil.java:99)
	at org.apache.ratis.grpc.GrpcUtil.unwrapIOException(GrpcUtil.java:159)
	at org.apache.ratis.grpc.client.GrpcClientProtocolClient$AsyncStreamObservers$1.onError(GrpcClientProtocolClient.java:330)
	... 16 more
Caused by: org.apache.ratis.thirdparty.io.grpc.StatusRuntimeException: UNAVAILABLE: io exception
	at org.apache.ratis.thirdparty.io.grpc.Status.asRuntimeException(Status.java:537)
	... 16 more
Caused by: org.apache.ratis.thirdparty.io.netty.channel.AbstractChannel$AnnotatedConnectException: finishConnect(..) failed: Connection refused: localhost/127.0.0.1:36299
Caused by: java.net.ConnectException: finishConnect(..) failed: Connection refused
	at org.apache.ratis.thirdparty.io.netty.channel.unix.Errors.newConnectException0(Errors.java:166)
	at org.apache.ratis.thirdparty.io.netty.channel.unix.Errors.handleConnectErrno(Errors.java:131)
	at org.apache.ratis.thirdparty.io.netty.channel.unix.Socket.finishConnect(Socket.java:359)
	at org.apache.ratis.thirdparty.io.netty.channel.epoll.AbstractEpollChannel$AbstractEpollUnsafe.doFinishConnect(AbstractEpollChannel.java:710)
	at org.apache.ratis.thirdparty.io.netty.channel.epoll.AbstractEpollChannel$AbstractEpollUnsafe.finishConnect(AbstractEpollChannel.java:687)
	at org.apache.ratis.thirdparty.io.netty.channel.epoll.AbstractEpollChannel$AbstractEpollUnsafe.epollOutReady(AbstractEpollChannel.java:567)
	at org.apache.ratis.thirdparty.io.netty.channel.epoll.EpollEventLoop.processReady(EpollEventLoop.java:499)
	at org.apache.ratis.thirdparty.io.netty.channel.epoll.EpollEventLoop.run(EpollEventLoop.java:407)
	at org.apache.ratis.thirdparty.io.netty.util.concurrent.SingleThreadEventExecutor$4.run(SingleThreadEventExecutor.java:997)
	at org.apache.ratis.thirdparty.io.netty.util.internal.ThreadExecutorMap$2.run(ThreadExecutorMap.java:74)
	at org.apache.ratis.thirdparty.io.netty.util.concurrent.FastThreadLocalRunnable.run(FastThreadLocalRunnable.java:30)
	at java.base/java.lang.Thread.run(Thread.java:829)
2023-12-01 03:55:47,373 [grpc-default-executor-11] ERROR impl.OrderedAsync (OrderedAsync.java:lambda$sendRequest$9(247)) - client-915AA7F58988: Failed* RaftClientRequest:client-915AA7F58988->s0@group-FB8FFDFFFB35, cid=6, seq=1*, Watch(0), null
java.util.concurrent.CompletionException: java.io.IOException: org.apache.ratis.thirdparty.io.grpc.StatusRuntimeException: UNAVAILABLE: io exception
	at java.base/java.util.concurrent.CompletableFuture.encodeThrowable(CompletableFuture.java:331)
	at java.base/java.util.concurrent.CompletableFuture.completeThrowable(CompletableFuture.java:346)
	at java.base/java.util.concurrent.CompletableFuture$UniApply.tryFire(CompletableFuture.java:632)
	at java.base/java.util.concurrent.CompletableFuture.postComplete(CompletableFuture.java:506)
	at java.base/java.util.concurrent.CompletableFuture.completeExceptionally(CompletableFuture.java:2094)
	at org.apache.ratis.grpc.client.GrpcClientProtocolClient$AsyncStreamObservers.completeReplyExceptionally(GrpcClientProtocolClient.java:394)
	at org.apache.ratis.grpc.client.GrpcClientProtocolClient$AsyncStreamObservers.access$000(GrpcClientProtocolClient.java:300)
	at org.apache.ratis.grpc.client.GrpcClientProtocolClient$AsyncStreamObservers$1.onError(GrpcClientProtocolClient.java:331)
	at org.apache.ratis.thirdparty.io.grpc.stub.ClientCalls$StreamObserverToCallListenerAdapter.onClose(ClientCalls.java:481)
	at org.apache.ratis.thirdparty.io.grpc.PartialForwardingClientCallListener.onClose(PartialForwardingClientCallListener.java:39)
	at org.apache.ratis.thirdparty.io.grpc.ForwardingClientCallListener.onClose(ForwardingClientCallListener.java:23)
	at org.apache.ratis.grpc.metrics.intercept.client.MetricClientCallListener.onClose(MetricClientCallListener.java:47)
	at org.apache.ratis.thirdparty.io.grpc.internal.DelayedClientCall$DelayedListener$3.run(DelayedClientCall.java:489)
	at org.apache.ratis.thirdparty.io.grpc.internal.DelayedClientCall$DelayedListener.delayOrExecute(DelayedClientCall.java:453)
	at org.apache.ratis.thirdparty.io.grpc.internal.DelayedClientCall$DelayedListener.onClose(DelayedClientCall.java:486)
	at org.apache.ratis.thirdparty.io.grpc.internal.ClientCallImpl.closeObserver(ClientCallImpl.java:567)
	at org.apache.ratis.thirdparty.io.grpc.internal.ClientCallImpl.access$300(ClientCallImpl.java:71)
	at org.apache.ratis.thirdparty.io.grpc.internal.ClientCallImpl$ClientStreamListenerImpl$1StreamClosed.runInternal(ClientCallImpl.java:735)
	at org.apache.ratis.thirdparty.io.grpc.internal.ClientCallImpl$ClientStreamListenerImpl$1StreamClosed.runInContext(ClientCallImpl.java:716)
	at org.apache.ratis.thirdparty.io.grpc.internal.ContextRunnable.run(ContextRunnable.java:37)
	at org.apache.ratis.thirdparty.io.grpc.internal.SerializingExecutor.run(SerializingExecutor.java:133)
	at java.base/java.util.concurrent.ThreadPoolExecutor.runWorker(ThreadPoolExecutor.java:1128)
	at java.base/java.util.concurrent.ThreadPoolExecutor$Worker.run(ThreadPoolExecutor.java:628)
	at java.base/java.lang.Thread.run(Thread.java:829)
Caused by: java.io.IOException: org.apache.ratis.thirdparty.io.grpc.StatusRuntimeException: UNAVAILABLE: io exception
	at org.apache.ratis.grpc.GrpcUtil.unwrapException(GrpcUtil.java:99)
	at org.apache.ratis.grpc.GrpcUtil.unwrapIOException(GrpcUtil.java:159)
	at org.apache.ratis.grpc.client.GrpcClientProtocolClient$AsyncStreamObservers$1.onError(GrpcClientProtocolClient.java:330)
	... 16 more
Caused by: org.apache.ratis.thirdparty.io.grpc.StatusRuntimeException: UNAVAILABLE: io exception
	at org.apache.ratis.thirdparty.io.grpc.Status.asRuntimeException(Status.java:537)
	... 16 more
Caused by: org.apache.ratis.thirdparty.io.netty.channel.AbstractChannel$AnnotatedConnectException: finishConnect(..) failed: Connection refused: localhost/127.0.0.1:34265
Caused by: java.net.ConnectException: finishConnect(..) failed: Connection refused
	at org.apache.ratis.thirdparty.io.netty.channel.unix.Errors.newConnectException0(Errors.java:166)
	at org.apache.ratis.thirdparty.io.netty.channel.unix.Errors.handleConnectErrno(Errors.java:131)
	at org.apache.ratis.thirdparty.io.netty.channel.unix.Socket.finishConnect(Socket.java:359)
	at org.apache.ratis.thirdparty.io.netty.channel.epoll.AbstractEpollChannel$AbstractEpollUnsafe.doFinishConnect(AbstractEpollChannel.java:710)
	at org.apache.ratis.thirdparty.io.netty.channel.epoll.AbstractEpollChannel$AbstractEpollUnsafe.finishConnect(AbstractEpollChannel.java:687)
	at org.apache.ratis.thirdparty.io.netty.channel.epoll.AbstractEpollChannel$AbstractEpollUnsafe.epollOutReady(AbstractEpollChannel.java:567)
	at org.apache.ratis.thirdparty.io.netty.channel.epoll.EpollEventLoop.processReady(EpollEventLoop.java:499)
	at org.apache.ratis.thirdparty.io.netty.channel.epoll.EpollEventLoop.run(EpollEventLoop.java:407)
	at org.apache.ratis.thirdparty.io.netty.util.concurrent.SingleThreadEventExecutor$4.run(SingleThreadEventExecutor.java:997)
	at org.apache.ratis.thirdparty.io.netty.util.internal.ThreadExecutorMap$2.run(ThreadExecutorMap.java:74)
	at org.apache.ratis.thirdparty.io.netty.util.concurrent.FastThreadLocalRunnable.run(FastThreadLocalRunnable.java:30)
	at java.base/java.lang.Thread.run(Thread.java:829)
2023-12-01 03:55:47,478 [grpc-default-executor-11] ERROR impl.OrderedAsync (OrderedAsync.java:lambda$sendRequest$9(247)) - client-915AA7F58988: Failed* RaftClientRequest:client-915AA7F58988->s2@group-FB8FFDFFFB35, cid=6, seq=1*, Watch(0), null
java.util.concurrent.CompletionException: java.io.IOException: org.apache.ratis.thirdparty.io.grpc.StatusRuntimeException: UNAVAILABLE: io exception
	at java.base/java.util.concurrent.CompletableFuture.encodeThrowable(CompletableFuture.java:331)
	at java.base/java.util.concurrent.CompletableFuture.completeThrowable(CompletableFuture.java:346)
	at java.base/java.util.concurrent.CompletableFuture$UniApply.tryFire(CompletableFuture.java:632)
	at java.base/java.util.concurrent.CompletableFuture.postComplete(CompletableFuture.java:506)
	at java.base/java.util.concurrent.CompletableFuture.completeExceptionally(CompletableFuture.java:2094)
	at org.apache.ratis.grpc.client.GrpcClientProtocolClient$AsyncStreamObservers.completeReplyExceptionally(GrpcClientProtocolClient.java:394)
	at org.apache.ratis.grpc.client.GrpcClientProtocolClient$AsyncStreamObservers.access$000(GrpcClientProtocolClient.java:300)
	at org.apache.ratis.grpc.client.GrpcClientProtocolClient$AsyncStreamObservers$1.onError(GrpcClientProtocolClient.java:331)
	at org.apache.ratis.thirdparty.io.grpc.stub.ClientCalls$StreamObserverToCallListenerAdapter.onClose(ClientCalls.java:481)
	at org.apache.ratis.thirdparty.io.grpc.PartialForwardingClientCallListener.onClose(PartialForwardingClientCallListener.java:39)
	at org.apache.ratis.thirdparty.io.grpc.ForwardingClientCallListener.onClose(ForwardingClientCallListener.java:23)
	at org.apache.ratis.grpc.metrics.intercept.client.MetricClientCallListener.onClose(MetricClientCallListener.java:47)
	at org.apache.ratis.thirdparty.io.grpc.internal.DelayedClientCall$DelayedListener$3.run(DelayedClientCall.java:489)
	at org.apache.ratis.thirdparty.io.grpc.internal.DelayedClientCall$DelayedListener.delayOrExecute(DelayedClientCall.java:453)
	at org.apache.ratis.thirdparty.io.grpc.internal.DelayedClientCall$DelayedListener.onClose(DelayedClientCall.java:486)
	at org.apache.ratis.thirdparty.io.grpc.internal.ClientCallImpl.closeObserver(ClientCallImpl.java:567)
	at org.apache.ratis.thirdparty.io.grpc.internal.ClientCallImpl.access$300(ClientCallImpl.java:71)
	at org.apache.ratis.thirdparty.io.grpc.internal.ClientCallImpl$ClientStreamListenerImpl$1StreamClosed.runInternal(ClientCallImpl.java:735)
	at org.apache.ratis.thirdparty.io.grpc.internal.ClientCallImpl$ClientStreamListenerImpl$1StreamClosed.runInContext(ClientCallImpl.java:716)
	at org.apache.ratis.thirdparty.io.grpc.internal.ContextRunnable.run(ContextRunnable.java:37)
	at org.apache.ratis.thirdparty.io.grpc.internal.SerializingExecutor.run(SerializingExecutor.java:133)
	at java.base/java.util.concurrent.ThreadPoolExecutor.runWorker(ThreadPoolExecutor.java:1128)
	at java.base/java.util.concurrent.ThreadPoolExecutor$Worker.run(ThreadPoolExecutor.java:628)
	at java.base/java.lang.Thread.run(Thread.java:829)
Caused by: java.io.IOException: org.apache.ratis.thirdparty.io.grpc.StatusRuntimeException: UNAVAILABLE: io exception
	at org.apache.ratis.grpc.GrpcUtil.unwrapException(GrpcUtil.java:99)
	at org.apache.ratis.grpc.GrpcUtil.unwrapIOException(GrpcUtil.java:159)
	at org.apache.ratis.grpc.client.GrpcClientProtocolClient$AsyncStreamObservers$1.onError(GrpcClientProtocolClient.java:330)
	... 16 more
Caused by: org.apache.ratis.thirdparty.io.grpc.StatusRuntimeException: UNAVAILABLE: io exception
	at org.apache.ratis.thirdparty.io.grpc.Status.asRuntimeException(Status.java:537)
	... 16 more
Caused by: org.apache.ratis.thirdparty.io.netty.channel.AbstractChannel$AnnotatedConnectException: finishConnect(..) failed: Connection refused: localhost/127.0.0.1:34227
Caused by: java.net.ConnectException: finishConnect(..) failed: Connection refused
	at org.apache.ratis.thirdparty.io.netty.channel.unix.Errors.newConnectException0(Errors.java:166)
	at org.apache.ratis.thirdparty.io.netty.channel.unix.Errors.handleConnectErrno(Errors.java:131)
	at org.apache.ratis.thirdparty.io.netty.channel.unix.Socket.finishConnect(Socket.java:359)
	at org.apache.ratis.thirdparty.io.netty.channel.epoll.AbstractEpollChannel$AbstractEpollUnsafe.doFinishConnect(AbstractEpollChannel.java:710)
	at org.apache.ratis.thirdparty.io.netty.channel.epoll.AbstractEpollChannel$AbstractEpollUnsafe.finishConnect(AbstractEpollChannel.java:687)
	at org.apache.ratis.thirdparty.io.netty.channel.epoll.AbstractEpollChannel$AbstractEpollUnsafe.epollOutReady(AbstractEpollChannel.java:567)
	at org.apache.ratis.thirdparty.io.netty.channel.epoll.EpollEventLoop.processReady(EpollEventLoop.java:499)
	at org.apache.ratis.thirdparty.io.netty.channel.epoll.EpollEventLoop.run(EpollEventLoop.java:407)
	at org.apache.ratis.thirdparty.io.netty.util.concurrent.SingleThreadEventExecutor$4.run(SingleThreadEventExecutor.java:997)
	at org.apache.ratis.thirdparty.io.netty.util.internal.ThreadExecutorMap$2.run(ThreadExecutorMap.java:74)
	at org.apache.ratis.thirdparty.io.netty.util.concurrent.FastThreadLocalRunnable.run(FastThreadLocalRunnable.java:30)
	at java.base/java.lang.Thread.run(Thread.java:829)
2023-12-01 03:55:47,583 [grpc-default-executor-11] ERROR impl.OrderedAsync (OrderedAsync.java:lambda$sendRequest$9(247)) - client-915AA7F58988: Failed* RaftClientRequest:client-915AA7F58988->s1@group-FB8FFDFFFB35, cid=6, seq=1*, Watch(0), null
java.util.concurrent.CompletionException: java.io.IOException: org.apache.ratis.thirdparty.io.grpc.StatusRuntimeException: UNAVAILABLE: io exception
	at java.base/java.util.concurrent.CompletableFuture.encodeThrowable(CompletableFuture.java:331)
	at java.base/java.util.concurrent.CompletableFuture.completeThrowable(CompletableFuture.java:346)
	at java.base/java.util.concurrent.CompletableFuture$UniApply.tryFire(CompletableFuture.java:632)
	at java.base/java.util.concurrent.CompletableFuture.postComplete(CompletableFuture.java:506)
	at java.base/java.util.concurrent.CompletableFuture.completeExceptionally(CompletableFuture.java:2094)
	at org.apache.ratis.grpc.client.GrpcClientProtocolClient$AsyncStreamObservers.completeReplyExceptionally(GrpcClientProtocolClient.java:394)
	at org.apache.ratis.grpc.client.GrpcClientProtocolClient$AsyncStreamObservers.access$000(GrpcClientProtocolClient.java:300)
	at org.apache.ratis.grpc.client.GrpcClientProtocolClient$AsyncStreamObservers$1.onError(GrpcClientProtocolClient.java:331)
	at org.apache.ratis.thirdparty.io.grpc.stub.ClientCalls$StreamObserverToCallListenerAdapter.onClose(ClientCalls.java:481)
	at org.apache.ratis.thirdparty.io.grpc.PartialForwardingClientCallListener.onClose(PartialForwardingClientCallListener.java:39)
	at org.apache.ratis.thirdparty.io.grpc.ForwardingClientCallListener.onClose(ForwardingClientCallListener.java:23)
	at org.apache.ratis.grpc.metrics.intercept.client.MetricClientCallListener.onClose(MetricClientCallListener.java:47)
	at org.apache.ratis.thirdparty.io.grpc.internal.DelayedClientCall$DelayedListener$3.run(DelayedClientCall.java:489)
	at org.apache.ratis.thirdparty.io.grpc.internal.DelayedClientCall$DelayedListener.delayOrExecute(DelayedClientCall.java:453)
	at org.apache.ratis.thirdparty.io.grpc.internal.DelayedClientCall$DelayedListener.onClose(DelayedClientCall.java:486)
	at org.apache.ratis.thirdparty.io.grpc.internal.ClientCallImpl.closeObserver(ClientCallImpl.java:567)
	at org.apache.ratis.thirdparty.io.grpc.internal.ClientCallImpl.access$300(ClientCallImpl.java:71)
	at org.apache.ratis.thirdparty.io.grpc.internal.ClientCallImpl$ClientStreamListenerImpl$1StreamClosed.runInternal(ClientCallImpl.java:735)
	at org.apache.ratis.thirdparty.io.grpc.internal.ClientCallImpl$ClientStreamListenerImpl$1StreamClosed.runInContext(ClientCallImpl.java:716)
	at org.apache.ratis.thirdparty.io.grpc.internal.ContextRunnable.run(ContextRunnable.java:37)
	at org.apache.ratis.thirdparty.io.grpc.internal.SerializingExecutor.run(SerializingExecutor.java:133)
	at java.base/java.util.concurrent.ThreadPoolExecutor.runWorker(ThreadPoolExecutor.java:1128)
	at java.base/java.util.concurrent.ThreadPoolExecutor$Worker.run(ThreadPoolExecutor.java:628)
	at java.base/java.lang.Thread.run(Thread.java:829)
Caused by: java.io.IOException: org.apache.ratis.thirdparty.io.grpc.StatusRuntimeException: UNAVAILABLE: io exception
	at org.apache.ratis.grpc.GrpcUtil.unwrapException(GrpcUtil.java:99)
	at org.apache.ratis.grpc.GrpcUtil.unwrapIOException(GrpcUtil.java:159)
	at org.apache.ratis.grpc.client.GrpcClientProtocolClient$AsyncStreamObservers$1.onError(GrpcClientProtocolClient.java:330)
	... 16 more
Caused by: org.apache.ratis.thirdparty.io.grpc.StatusRuntimeException: UNAVAILABLE: io exception
	at org.apache.ratis.thirdparty.io.grpc.Status.asRuntimeException(Status.java:537)
	... 16 more
Caused by: org.apache.ratis.thirdparty.io.netty.channel.AbstractChannel$AnnotatedConnectException: finishConnect(..) failed: Connection refused: localhost/127.0.0.1:36299
Caused by: java.net.ConnectException: finishConnect(..) failed: Connection refused
	at org.apache.ratis.thirdparty.io.netty.channel.unix.Errors.newConnectException0(Errors.java:166)
	at org.apache.ratis.thirdparty.io.netty.channel.unix.Errors.handleConnectErrno(Errors.java:131)
	at org.apache.ratis.thirdparty.io.netty.channel.unix.Socket.finishConnect(Socket.java:359)
	at org.apache.ratis.thirdparty.io.netty.channel.epoll.AbstractEpollChannel$AbstractEpollUnsafe.doFinishConnect(AbstractEpollChannel.java:710)
	at org.apache.ratis.thirdparty.io.netty.channel.epoll.AbstractEpollChannel$AbstractEpollUnsafe.finishConnect(AbstractEpollChannel.java:687)
	at org.apache.ratis.thirdparty.io.netty.channel.epoll.AbstractEpollChannel$AbstractEpollUnsafe.epollOutReady(AbstractEpollChannel.java:567)
	at org.apache.ratis.thirdparty.io.netty.channel.epoll.EpollEventLoop.processReady(EpollEventLoop.java:499)
	at org.apache.ratis.thirdparty.io.netty.channel.epoll.EpollEventLoop.run(EpollEventLoop.java:407)
	at org.apache.ratis.thirdparty.io.netty.util.concurrent.SingleThreadEventExecutor$4.run(SingleThreadEventExecutor.java:997)
	at org.apache.ratis.thirdparty.io.netty.util.internal.ThreadExecutorMap$2.run(ThreadExecutorMap.java:74)
	at org.apache.ratis.thirdparty.io.netty.util.concurrent.FastThreadLocalRunnable.run(FastThreadLocalRunnable.java:30)
	at java.base/java.lang.Thread.run(Thread.java:829)
2023-12-01 03:55:47,686 [grpc-default-executor-11] ERROR impl.OrderedAsync (OrderedAsync.java:lambda$sendRequest$9(247)) - client-915AA7F58988: Failed* RaftClientRequest:client-915AA7F58988->s0@group-FB8FFDFFFB35, cid=6, seq=1*, Watch(0), null
java.util.concurrent.CompletionException: java.io.IOException: org.apache.ratis.thirdparty.io.grpc.StatusRuntimeException: UNAVAILABLE: io exception
	at java.base/java.util.concurrent.CompletableFuture.encodeThrowable(CompletableFuture.java:331)
	at java.base/java.util.concurrent.CompletableFuture.completeThrowable(CompletableFuture.java:346)
	at java.base/java.util.concurrent.CompletableFuture$UniApply.tryFire(CompletableFuture.java:632)
	at java.base/java.util.concurrent.CompletableFuture.postComplete(CompletableFuture.java:506)
	at java.base/java.util.concurrent.CompletableFuture.completeExceptionally(CompletableFuture.java:2094)
	at org.apache.ratis.grpc.client.GrpcClientProtocolClient$AsyncStreamObservers.completeReplyExceptionally(GrpcClientProtocolClient.java:394)
	at org.apache.ratis.grpc.client.GrpcClientProtocolClient$AsyncStreamObservers.access$000(GrpcClientProtocolClient.java:300)
	at org.apache.ratis.grpc.client.GrpcClientProtocolClient$AsyncStreamObservers$1.onError(GrpcClientProtocolClient.java:331)
	at org.apache.ratis.thirdparty.io.grpc.stub.ClientCalls$StreamObserverToCallListenerAdapter.onClose(ClientCalls.java:481)
	at org.apache.ratis.thirdparty.io.grpc.PartialForwardingClientCallListener.onClose(PartialForwardingClientCallListener.java:39)
	at org.apache.ratis.thirdparty.io.grpc.ForwardingClientCallListener.onClose(ForwardingClientCallListener.java:23)
	at org.apache.ratis.grpc.metrics.intercept.client.MetricClientCallListener.onClose(MetricClientCallListener.java:47)
	at org.apache.ratis.thirdparty.io.grpc.internal.DelayedClientCall$DelayedListener$3.run(DelayedClientCall.java:489)
	at org.apache.ratis.thirdparty.io.grpc.internal.DelayedClientCall$DelayedListener.delayOrExecute(DelayedClientCall.java:453)
	at org.apache.ratis.thirdparty.io.grpc.internal.DelayedClientCall$DelayedListener.onClose(DelayedClientCall.java:486)
	at org.apache.ratis.thirdparty.io.grpc.internal.ClientCallImpl.closeObserver(ClientCallImpl.java:567)
	at org.apache.ratis.thirdparty.io.grpc.internal.ClientCallImpl.access$300(ClientCallImpl.java:71)
	at org.apache.ratis.thirdparty.io.grpc.internal.ClientCallImpl$ClientStreamListenerImpl$1StreamClosed.runInternal(ClientCallImpl.java:735)
	at org.apache.ratis.thirdparty.io.grpc.internal.ClientCallImpl$ClientStreamListenerImpl$1StreamClosed.runInContext(ClientCallImpl.java:716)
	at org.apache.ratis.thirdparty.io.grpc.internal.ContextRunnable.run(ContextRunnable.java:37)
	at org.apache.ratis.thirdparty.io.grpc.internal.SerializingExecutor.run(SerializingExecutor.java:133)
	at java.base/java.util.concurrent.ThreadPoolExecutor.runWorker(ThreadPoolExecutor.java:1128)
	at java.base/java.util.concurrent.ThreadPoolExecutor$Worker.run(ThreadPoolExecutor.java:628)
	at java.base/java.lang.Thread.run(Thread.java:829)
Caused by: java.io.IOException: org.apache.ratis.thirdparty.io.grpc.StatusRuntimeException: UNAVAILABLE: io exception
	at org.apache.ratis.grpc.GrpcUtil.unwrapException(GrpcUtil.java:99)
	at org.apache.ratis.grpc.GrpcUtil.unwrapIOException(GrpcUtil.java:159)
	at org.apache.ratis.grpc.client.GrpcClientProtocolClient$AsyncStreamObservers$1.onError(GrpcClientProtocolClient.java:330)
	... 16 more
Caused by: org.apache.ratis.thirdparty.io.grpc.StatusRuntimeException: UNAVAILABLE: io exception
	at org.apache.ratis.thirdparty.io.grpc.Status.asRuntimeException(Status.java:537)
	... 16 more
Caused by: org.apache.ratis.thirdparty.io.netty.channel.AbstractChannel$AnnotatedConnectException: finishConnect(..) failed: Connection refused: localhost/127.0.0.1:34265
Caused by: java.net.ConnectException: finishConnect(..) failed: Connection refused
	at org.apache.ratis.thirdparty.io.netty.channel.unix.Errors.newConnectException0(Errors.java:166)
	at org.apache.ratis.thirdparty.io.netty.channel.unix.Errors.handleConnectErrno(Errors.java:131)
	at org.apache.ratis.thirdparty.io.netty.channel.unix.Socket.finishConnect(Socket.java:359)
	at org.apache.ratis.thirdparty.io.netty.channel.epoll.AbstractEpollChannel$AbstractEpollUnsafe.doFinishConnect(AbstractEpollChannel.java:710)
	at org.apache.ratis.thirdparty.io.netty.channel.epoll.AbstractEpollChannel$AbstractEpollUnsafe.finishConnect(AbstractEpollChannel.java:687)
	at org.apache.ratis.thirdparty.io.netty.channel.epoll.AbstractEpollChannel$AbstractEpollUnsafe.epollOutReady(AbstractEpollChannel.java:567)
	at org.apache.ratis.thirdparty.io.netty.channel.epoll.EpollEventLoop.processReady(EpollEventLoop.java:499)
	at org.apache.ratis.thirdparty.io.netty.channel.epoll.EpollEventLoop.run(EpollEventLoop.java:407)
	at org.apache.ratis.thirdparty.io.netty.util.concurrent.SingleThreadEventExecutor$4.run(SingleThreadEventExecutor.java:997)
	at org.apache.ratis.thirdparty.io.netty.util.internal.ThreadExecutorMap$2.run(ThreadExecutorMap.java:74)
	at org.apache.ratis.thirdparty.io.netty.util.concurrent.FastThreadLocalRunnable.run(FastThreadLocalRunnable.java:30)
	at java.base/java.lang.Thread.run(Thread.java:829)
2023-12-01 03:55:47,723 [Time-limited test] INFO  grpc.TestRetryCacheWithGrpc (RetryCacheTests.java:assertServer(96)) - check server s2
2023-12-01 03:55:47,724 [Time-limited test] INFO  impl.MiniRaftCluster (MiniRaftCluster.java:shutdown(831)) - ************************************************************** 
2023-12-01 03:55:47,724 [Time-limited test] INFO  impl.MiniRaftCluster (MiniRaftCluster.java:shutdown(832)) - *** 
2023-12-01 03:55:47,724 [Time-limited test] INFO  impl.MiniRaftCluster (MiniRaftCluster.java:shutdown(833)) - ***     Stopping MiniRaftClusterWithGrpc
2023-12-01 03:55:47,724 [Time-limited test] INFO  impl.MiniRaftCluster (MiniRaftCluster.java:shutdown(834)) - *** 
2023-12-01 03:55:47,724 [Time-limited test] INFO  impl.MiniRaftCluster (MiniRaftCluster.java:shutdown(835)) - ************************************************************** 
2023-12-01 03:55:47,724 [Time-limited test] INFO  impl.MiniRaftCluster (MiniRaftCluster.java:shutdown(836)) - printing ALL groups
  s0:  RUNNING    LEADER s0@group-AF32D02DB247:t1, leader=s0, voted=s0, raftlog=Memoized:s0@group-AF32D02DB247-SegmentedRaftLog:OPENED:c4, conf=0: peers:[s0|localhost:45041, s1|localhost:39833, s2|localhost:45561]|listeners:[], old=null RUNNING
  s1:  RUNNING  FOLLOWER s1@group-AF32D02DB247:t1, leader=s0, voted=s0, raftlog=Memoized:s1@group-AF32D02DB247-SegmentedRaftLog:OPENED:c4, conf=0: peers:[s0|localhost:45041, s1|localhost:39833, s2|localhost:45561]|listeners:[], old=null RUNNING
  s2:  RUNNING  FOLLOWER s2@group-AF32D02DB247:t1, leader=s0, voted=s0, raftlog=Memoized:s2@group-AF32D02DB247-SegmentedRaftLog:OPENED:c4, conf=0: peers:[s0|localhost:45041, s1|localhost:39833, s2|localhost:45561]|listeners:[], old=null RUNNING
2023-12-01 03:55:47,724 [MiniRaftCluster-7] INFO  server.RaftServer (RaftServerProxy.java:lambda$close$9(416)) - s0: close
2023-12-01 03:55:47,725 [MiniRaftCluster-9] INFO  server.RaftServer (RaftServerProxy.java:lambda$close$9(416)) - s2: close
2023-12-01 03:55:47,725 [MiniRaftCluster-8] INFO  server.RaftServer (RaftServerProxy.java:lambda$close$9(416)) - s1: close
2023-12-01 03:55:47,725 [MiniRaftCluster-9] INFO  server.GrpcService (GrpcService.java:closeImpl(311)) - s2: shutdown server org.apache.ratis.grpc.server.GrpcClientProtocolService now
2023-12-01 03:55:47,725 [s2-impl-thread1] INFO  server.RaftServer$Division (RaftServerImpl.java:lambda$close$3(516)) - s2@group-AF32D02DB247: shutdown
2023-12-01 03:55:47,725 [s2-impl-thread1] INFO  util.JmxRegister (JmxRegister.java:unregister(73)) - Successfully un-registered JMX Bean with object name Ratis:service=RaftServer,group=group-AF32D02DB247,id=s2
2023-12-01 03:55:47,725 [s2-impl-thread1] INFO  impl.RoleInfo (RoleInfo.java:shutdownFollowerState(110)) - s2: shutdown s2@group-AF32D02DB247-FollowerState
2023-12-01 03:55:47,725 [s2-impl-thread1] INFO  impl.StateMachineUpdater (StateMachineUpdater.java:stopAndJoin(157)) - s2@group-AF32D02DB247-StateMachineUpdater: set stopIndex = 4
2023-12-01 03:55:47,725 [s2@group-AF32D02DB247-FollowerState] INFO  impl.FollowerState (FollowerState.java:run(152)) - s2@group-AF32D02DB247-FollowerState was interrupted
2023-12-01 03:55:47,725 [MiniRaftCluster-9] INFO  server.GrpcService (GrpcService.java:closeImpl(320)) - s2: shutdown server org.apache.ratis.grpc.server.GrpcClientProtocolService successfully
2023-12-01 03:55:47,725 [MiniRaftCluster-9] INFO  server.GrpcService (GrpcService.java:closeImpl(311)) - s2: shutdown server GrpcServerProtocolService now
2023-12-01 03:55:47,725 [s0-impl-thread1] INFO  server.RaftServer$Division (RaftServerImpl.java:lambda$close$3(516)) - s0@group-AF32D02DB247: shutdown
2023-12-01 03:55:47,725 [MiniRaftCluster-7] INFO  server.GrpcService (GrpcService.java:closeImpl(311)) - s0: shutdown server org.apache.ratis.grpc.server.GrpcClientProtocolService now
2023-12-01 03:55:47,726 [s0-impl-thread1] INFO  util.JmxRegister (JmxRegister.java:unregister(73)) - Successfully un-registered JMX Bean with object name Ratis:service=RaftServer,group=group-AF32D02DB247,id=s0
2023-12-01 03:55:47,726 [s0-impl-thread1] INFO  impl.RoleInfo (RoleInfo.java:shutdownLeaderState(94)) - s0: shutdown s0@group-AF32D02DB247-LeaderStateImpl
2023-12-01 03:55:47,726 [s0@group-AF32D02DB247->s1-GrpcLogAppender-LogAppenderDaemon] WARN  server.GrpcLogAppender (GrpcLogAppender.java:mayWait(212)) - s0@group-AF32D02DB247->s1-GrpcLogAppender: Wait interrupted by java.lang.InterruptedException
2023-12-01 03:55:47,726 [s0-impl-thread1] INFO  impl.PendingRequests (PendingRequests.java:sendNotLeaderResponses(289)) - s0@group-AF32D02DB247-PendingRequests: sendNotLeaderResponses
2023-12-01 03:55:47,726 [s0@group-AF32D02DB247->s2-GrpcLogAppender-LogAppenderDaemon] WARN  server.GrpcLogAppender (GrpcLogAppender.java:mayWait(212)) - s0@group-AF32D02DB247->s2-GrpcLogAppender: Wait interrupted by java.lang.InterruptedException
2023-12-01 03:55:47,726 [s2-impl-thread1] INFO  server.RaftServer$Division (ServerState.java:close(423)) - s2@group-AF32D02DB247: applyIndex: 4
2023-12-01 03:55:47,726 [s2@group-AF32D02DB247-cacheEviction-AwaitToRun] INFO  util.AwaitToRun (AwaitToRun.java:run(49)) - s2@group-AF32D02DB247-cacheEviction-AwaitToRun-AwaitForSignal is interrupted
2023-12-01 03:55:47,729 [s1-impl-thread1] INFO  server.RaftServer$Division (RaftServerImpl.java:lambda$close$3(516)) - s1@group-AF32D02DB247: shutdown
2023-12-01 03:55:47,729 [grpc-default-executor-10] INFO  server.GrpcServerProtocolService (GrpcServerProtocolService.java:onCompleted(157)) - s1: Completed APPEND_ENTRIES, lastRequest: s0->s1#13-t1,previous=(t:1, i:3),leaderCommit=3,initializing? true,entries: size=1, first=(t:1, i:4), METADATAENTRY(c:3)
2023-12-01 03:55:47,729 [s1-impl-thread1] INFO  util.JmxRegister (JmxRegister.java:unregister(73)) - Successfully un-registered JMX Bean with object name Ratis:service=RaftServer,group=group-AF32D02DB247,id=s1
2023-12-01 03:55:47,729 [s1-impl-thread1] INFO  impl.RoleInfo (RoleInfo.java:shutdownFollowerState(110)) - s1: shutdown s1@group-AF32D02DB247-FollowerState
2023-12-01 03:55:47,729 [s1-impl-thread1] INFO  impl.StateMachineUpdater (StateMachineUpdater.java:stopAndJoin(157)) - s1@group-AF32D02DB247-StateMachineUpdater: set stopIndex = 4
2023-12-01 03:55:47,730 [s1-impl-thread1] INFO  server.RaftServer$Division (ServerState.java:close(423)) - s1@group-AF32D02DB247: applyIndex: 4
2023-12-01 03:55:47,730 [s0-impl-thread1] INFO  impl.StateMachineUpdater (StateMachineUpdater.java:stopAndJoin(157)) - s0@group-AF32D02DB247-StateMachineUpdater: set stopIndex = 4
2023-12-01 03:55:47,729 [MiniRaftCluster-8] INFO  server.GrpcService (GrpcService.java:closeImpl(311)) - s1: shutdown server org.apache.ratis.grpc.server.GrpcClientProtocolService now
2023-12-01 03:55:47,730 [grpc-default-executor-10] INFO  server.GrpcServerProtocolService (GrpcServerProtocolService.java:lambda$onCompleted$5(159)) - s1: Completed APPEND_ENTRIES, lastReply: null
2023-12-01 03:55:47,732 [grpc-default-executor-4] INFO  server.GrpcLogAppender (GrpcLogAppender.java:onError(457)) - s0@group-AF32D02DB247->s2-GrpcLogAppender is already stopped
2023-12-01 03:55:47,732 [s1@group-AF32D02DB247-cacheEviction-AwaitToRun] INFO  util.AwaitToRun (AwaitToRun.java:run(49)) - s1@group-AF32D02DB247-cacheEviction-AwaitToRun-AwaitForSignal is interrupted
2023-12-01 03:55:47,732 [grpc-default-executor-1] INFO  server.GrpcLogAppender (GrpcLogAppender.java:onCompleted(469)) - s0@group-AF32D02DB247->s1-AppendLogResponseHandler: follower responses appendEntries COMPLETED
2023-12-01 03:55:47,732 [grpc-default-executor-1] WARN  server.GrpcLogAppender (GrpcLogAppender.java:resetClient(149)) - s0@group-AF32D02DB247->s1-GrpcLogAppender: Failed to getClient for s1
org.apache.ratis.protocol.exceptions.AlreadyClosedException: s0 is already CLOSED
	at org.apache.ratis.util.PeerProxyMap$PeerAndProxy.getProxy(PeerProxyMap.java:61)
	at org.apache.ratis.util.PeerProxyMap.getProxy(PeerProxyMap.java:110)
	at org.apache.ratis.grpc.server.GrpcLogAppender.getClient(GrpcLogAppender.java:121)
	at org.apache.ratis.grpc.server.GrpcLogAppender.resetClient(GrpcLogAppender.java:126)
	at org.apache.ratis.grpc.server.GrpcLogAppender.access$800(GrpcLogAppender.java:61)
	at org.apache.ratis.grpc.server.GrpcLogAppender$AppendLogResponseHandler.onCompleted(GrpcLogAppender.java:471)
	at org.apache.ratis.thirdparty.io.grpc.stub.ClientCalls$StreamObserverToCallListenerAdapter.onClose(ClientCalls.java:479)
	at org.apache.ratis.thirdparty.io.grpc.internal.ClientCallImpl.closeObserver(ClientCallImpl.java:567)
	at org.apache.ratis.thirdparty.io.grpc.internal.ClientCallImpl.access$300(ClientCallImpl.java:71)
	at org.apache.ratis.thirdparty.io.grpc.internal.ClientCallImpl$ClientStreamListenerImpl$1StreamClosed.runInternal(ClientCallImpl.java:735)
	at org.apache.ratis.thirdparty.io.grpc.internal.ClientCallImpl$ClientStreamListenerImpl$1StreamClosed.runInContext(ClientCallImpl.java:716)
	at org.apache.ratis.thirdparty.io.grpc.internal.ContextRunnable.run(ContextRunnable.java:37)
	at org.apache.ratis.thirdparty.io.grpc.internal.SerializingExecutor.run(SerializingExecutor.java:133)
	at java.base/java.util.concurrent.ThreadPoolExecutor.runWorker(ThreadPoolExecutor.java:1128)
	at java.base/java.util.concurrent.ThreadPoolExecutor$Worker.run(ThreadPoolExecutor.java:628)
	at java.base/java.lang.Thread.run(Thread.java:829)
2023-12-01 03:55:47,730 [Thread-241] INFO  server.GrpcServerProtocolClient (GrpcServerProtocolClient.java:close(103)) - s2 Close channels
2023-12-01 03:55:47,730 [Thread-240] INFO  server.GrpcServerProtocolClient (GrpcServerProtocolClient.java:close(103)) - s1 Close channels
2023-12-01 03:55:47,730 [grpc-default-executor-3] INFO  server.GrpcServerProtocolService (GrpcServerProtocolService.java:onCompleted(157)) - s1: Completed APPEND_ENTRIES, lastRequest: null
2023-12-01 03:55:47,733 [grpc-default-executor-9] WARN  server.GrpcServerProtocolService (LogUtils.java:warn(121)) - s2: APPEND_ENTRIES onError, lastRequest: s0->s2#13-t1,previous=(t:1, i:3),leaderCommit=3,initializing? true,entries: size=1, first=(t:1, i:4), METADATAENTRY(c:3): org.apache.ratis.thirdparty.io.grpc.StatusRuntimeException: CANCELLED: client cancelled
2023-12-01 03:55:47,733 [MiniRaftCluster-9] INFO  server.GrpcService (GrpcService.java:closeImpl(320)) - s2: shutdown server GrpcServerProtocolService successfully
2023-12-01 03:55:47,733 [grpc-default-executor-3] INFO  server.GrpcServerProtocolService (GrpcServerProtocolService.java:lambda$onCompleted$5(159)) - s1: Completed APPEND_ENTRIES, lastReply: serverReply {
  requestorId: "s0"
  replyId: "s1"
  raftGroupId {
    id: "\236\243\023\330\'\210A5\201q\2572\320-\262G"
  }
  callId: 28
  success: true
}
term: 1
nextIndex: 5
followerCommit: 4
matchIndex: 18446744073709551615
isHearbeat: true

2023-12-01 03:55:47,729 [grpc-default-executor-11] INFO  server.GrpcServerProtocolService (GrpcServerProtocolService.java:onCompleted(157)) - s2: Completed APPEND_ENTRIES, lastRequest: null
2023-12-01 03:55:47,733 [MiniRaftCluster-8] INFO  server.GrpcService (GrpcService.java:closeImpl(320)) - s1: shutdown server org.apache.ratis.grpc.server.GrpcClientProtocolService successfully
2023-12-01 03:55:47,733 [MiniRaftCluster-8] INFO  server.GrpcService (GrpcService.java:closeImpl(311)) - s1: shutdown server GrpcServerProtocolService now
2023-12-01 03:55:47,733 [grpc-default-executor-11] INFO  server.GrpcServerProtocolService (GrpcServerProtocolService.java:lambda$onCompleted$5(159)) - s2: Completed APPEND_ENTRIES, lastReply: serverReply {
  requestorId: "s0"
  replyId: "s2"
  raftGroupId {
    id: "\236\243\023\330\'\210A5\201q\2572\320-\262G"
  }
  callId: 28
  success: true
}
term: 1
nextIndex: 5
followerCommit: 4
matchIndex: 18446744073709551615
isHearbeat: true

2023-12-01 03:55:47,729 [s1@group-AF32D02DB247-FollowerState] INFO  impl.FollowerState (FollowerState.java:run(152)) - s1@group-AF32D02DB247-FollowerState was interrupted
2023-12-01 03:55:47,733 [MiniRaftCluster-9] INFO  server.GrpcService (GrpcService.java:closeImpl(311)) - s2: shutdown server org.apache.ratis.grpc.server.GrpcAdminProtocolService now
2023-12-01 03:55:47,732 [s0-impl-thread1] INFO  server.RaftServer$Division (ServerState.java:close(423)) - s0@group-AF32D02DB247: applyIndex: 4
2023-12-01 03:55:47,734 [s0@group-AF32D02DB247-cacheEviction-AwaitToRun] INFO  util.AwaitToRun (AwaitToRun.java:run(49)) - s0@group-AF32D02DB247-cacheEviction-AwaitToRun-AwaitForSignal is interrupted
2023-12-01 03:55:47,732 [grpc-default-executor-4] INFO  server.GrpcLogAppender (GrpcLogAppender.java:onError(457)) - s0@group-AF32D02DB247->s2-GrpcLogAppender is already stopped
2023-12-01 03:55:47,735 [MiniRaftCluster-9] INFO  server.GrpcService (GrpcService.java:closeImpl(320)) - s2: shutdown server org.apache.ratis.grpc.server.GrpcAdminProtocolService successfully
2023-12-01 03:55:47,736 [MiniRaftCluster-8] INFO  server.GrpcService (GrpcService.java:closeImpl(320)) - s1: shutdown server GrpcServerProtocolService successfully
2023-12-01 03:55:47,736 [MiniRaftCluster-8] INFO  server.GrpcService (GrpcService.java:closeImpl(311)) - s1: shutdown server org.apache.ratis.grpc.server.GrpcAdminProtocolService now
2023-12-01 03:55:47,736 [grpc-default-executor-11] INFO  server.GrpcLogAppender (GrpcLogAppender.java:onCompleted(469)) - s0@group-AF32D02DB247->s1-AppendLogResponseHandler: follower responses appendEntries COMPLETED
2023-12-01 03:55:47,737 [grpc-default-executor-11] WARN  server.GrpcLogAppender (GrpcLogAppender.java:resetClient(149)) - s0@group-AF32D02DB247->s1-GrpcLogAppender: Failed to getClient for s1
org.apache.ratis.protocol.exceptions.AlreadyClosedException: s0 is already CLOSED
	at org.apache.ratis.util.PeerProxyMap$PeerAndProxy.getProxy(PeerProxyMap.java:61)
	at org.apache.ratis.util.PeerProxyMap.getProxy(PeerProxyMap.java:110)
	at org.apache.ratis.grpc.server.GrpcLogAppender.getClient(GrpcLogAppender.java:121)
	at org.apache.ratis.grpc.server.GrpcLogAppender.resetClient(GrpcLogAppender.java:126)
	at org.apache.ratis.grpc.server.GrpcLogAppender.access$800(GrpcLogAppender.java:61)
	at org.apache.ratis.grpc.server.GrpcLogAppender$AppendLogResponseHandler.onCompleted(GrpcLogAppender.java:471)
	at org.apache.ratis.thirdparty.io.grpc.stub.ClientCalls$StreamObserverToCallListenerAdapter.onClose(ClientCalls.java:479)
	at org.apache.ratis.thirdparty.io.grpc.internal.DelayedClientCall$DelayedListener$3.run(DelayedClientCall.java:489)
	at org.apache.ratis.thirdparty.io.grpc.internal.DelayedClientCall$DelayedListener.delayOrExecute(DelayedClientCall.java:453)
	at org.apache.ratis.thirdparty.io.grpc.internal.DelayedClientCall$DelayedListener.onClose(DelayedClientCall.java:486)
	at org.apache.ratis.thirdparty.io.grpc.internal.ClientCallImpl.closeObserver(ClientCallImpl.java:567)
	at org.apache.ratis.thirdparty.io.grpc.internal.ClientCallImpl.access$300(ClientCallImpl.java:71)
	at org.apache.ratis.thirdparty.io.grpc.internal.ClientCallImpl$ClientStreamListenerImpl$1StreamClosed.runInternal(ClientCallImpl.java:735)
	at org.apache.ratis.thirdparty.io.grpc.internal.ClientCallImpl$ClientStreamListenerImpl$1StreamClosed.runInContext(ClientCallImpl.java:716)
	at org.apache.ratis.thirdparty.io.grpc.internal.ContextRunnable.run(ContextRunnable.java:37)
	at org.apache.ratis.thirdparty.io.grpc.internal.SerializingExecutor.run(SerializingExecutor.java:133)
	at java.base/java.util.concurrent.ThreadPoolExecutor.runWorker(ThreadPoolExecutor.java:1128)
	at java.base/java.util.concurrent.ThreadPoolExecutor$Worker.run(ThreadPoolExecutor.java:628)
	at java.base/java.lang.Thread.run(Thread.java:829)
2023-12-01 03:55:47,737 [MiniRaftCluster-7] INFO  server.GrpcService (GrpcService.java:closeImpl(320)) - s0: shutdown server org.apache.ratis.grpc.server.GrpcClientProtocolService successfully
2023-12-01 03:55:47,737 [MiniRaftCluster-7] INFO  server.GrpcService (GrpcService.java:closeImpl(311)) - s0: shutdown server GrpcServerProtocolService now
2023-12-01 03:55:47,739 [MiniRaftCluster-7] INFO  server.GrpcService (GrpcService.java:closeImpl(320)) - s0: shutdown server GrpcServerProtocolService successfully
2023-12-01 03:55:47,739 [MiniRaftCluster-7] INFO  server.GrpcService (GrpcService.java:closeImpl(311)) - s0: shutdown server org.apache.ratis.grpc.server.GrpcAdminProtocolService now
2023-12-01 03:55:47,739 [MiniRaftCluster-8] INFO  server.GrpcService (GrpcService.java:closeImpl(320)) - s1: shutdown server org.apache.ratis.grpc.server.GrpcAdminProtocolService successfully
2023-12-01 03:55:47,740 [MiniRaftCluster-7] INFO  server.GrpcService (GrpcService.java:closeImpl(320)) - s0: shutdown server org.apache.ratis.grpc.server.GrpcAdminProtocolService successfully
2023-12-01 03:55:47,789 [grpc-default-executor-4] ERROR impl.OrderedAsync (OrderedAsync.java:lambda$sendRequest$9(247)) - client-915AA7F58988: Failed* RaftClientRequest:client-915AA7F58988->s1@group-FB8FFDFFFB35, cid=6, seq=1*, Watch(0), null
java.util.concurrent.CompletionException: java.io.IOException: org.apache.ratis.thirdparty.io.grpc.StatusRuntimeException: UNAVAILABLE: io exception
	at java.base/java.util.concurrent.CompletableFuture.encodeThrowable(CompletableFuture.java:331)
	at java.base/java.util.concurrent.CompletableFuture.completeThrowable(CompletableFuture.java:346)
	at java.base/java.util.concurrent.CompletableFuture$UniApply.tryFire(CompletableFuture.java:632)
	at java.base/java.util.concurrent.CompletableFuture.postComplete(CompletableFuture.java:506)
	at java.base/java.util.concurrent.CompletableFuture.completeExceptionally(CompletableFuture.java:2094)
	at org.apache.ratis.grpc.client.GrpcClientProtocolClient$AsyncStreamObservers.completeReplyExceptionally(GrpcClientProtocolClient.java:394)
	at org.apache.ratis.grpc.client.GrpcClientProtocolClient$AsyncStreamObservers.access$000(GrpcClientProtocolClient.java:300)
	at org.apache.ratis.grpc.client.GrpcClientProtocolClient$AsyncStreamObservers$1.onError(GrpcClientProtocolClient.java:331)
	at org.apache.ratis.thirdparty.io.grpc.stub.ClientCalls$StreamObserverToCallListenerAdapter.onClose(ClientCalls.java:481)
	at org.apache.ratis.thirdparty.io.grpc.PartialForwardingClientCallListener.onClose(PartialForwardingClientCallListener.java:39)
	at org.apache.ratis.thirdparty.io.grpc.ForwardingClientCallListener.onClose(ForwardingClientCallListener.java:23)
	at org.apache.ratis.grpc.metrics.intercept.client.MetricClientCallListener.onClose(MetricClientCallListener.java:47)
	at org.apache.ratis.thirdparty.io.grpc.internal.DelayedClientCall$DelayedListener$3.run(DelayedClientCall.java:489)
	at org.apache.ratis.thirdparty.io.grpc.internal.DelayedClientCall$DelayedListener.delayOrExecute(DelayedClientCall.java:453)
	at org.apache.ratis.thirdparty.io.grpc.internal.DelayedClientCall$DelayedListener.onClose(DelayedClientCall.java:486)
	at org.apache.ratis.thirdparty.io.grpc.internal.ClientCallImpl.closeObserver(ClientCallImpl.java:567)
	at org.apache.ratis.thirdparty.io.grpc.internal.ClientCallImpl.access$300(ClientCallImpl.java:71)
	at org.apache.ratis.thirdparty.io.grpc.internal.ClientCallImpl$ClientStreamListenerImpl$1StreamClosed.runInternal(ClientCallImpl.java:735)
	at org.apache.ratis.thirdparty.io.grpc.internal.ClientCallImpl$ClientStreamListenerImpl$1StreamClosed.runInContext(ClientCallImpl.java:716)
	at org.apache.ratis.thirdparty.io.grpc.internal.ContextRunnable.run(ContextRunnable.java:37)
	at org.apache.ratis.thirdparty.io.grpc.internal.SerializingExecutor.run(SerializingExecutor.java:133)
	at java.base/java.util.concurrent.ThreadPoolExecutor.runWorker(ThreadPoolExecutor.java:1128)
	at java.base/java.util.concurrent.ThreadPoolExecutor$Worker.run(ThreadPoolExecutor.java:628)
	at java.base/java.lang.Thread.run(Thread.java:829)
Caused by: java.io.IOException: org.apache.ratis.thirdparty.io.grpc.StatusRuntimeException: UNAVAILABLE: io exception
	at org.apache.ratis.grpc.GrpcUtil.unwrapException(GrpcUtil.java:99)
	at org.apache.ratis.grpc.GrpcUtil.unwrapIOException(GrpcUtil.java:159)
	at org.apache.ratis.grpc.client.GrpcClientProtocolClient$AsyncStreamObservers$1.onError(GrpcClientProtocolClient.java:330)
	... 16 more
Caused by: org.apache.ratis.thirdparty.io.grpc.StatusRuntimeException: UNAVAILABLE: io exception
	at org.apache.ratis.thirdparty.io.grpc.Status.asRuntimeException(Status.java:537)
	... 16 more
Caused by: org.apache.ratis.thirdparty.io.netty.channel.AbstractChannel$AnnotatedConnectException: finishConnect(..) failed: Connection refused: localhost/127.0.0.1:36299
Caused by: java.net.ConnectException: finishConnect(..) failed: Connection refused
	at org.apache.ratis.thirdparty.io.netty.channel.unix.Errors.newConnectException0(Errors.java:166)
	at org.apache.ratis.thirdparty.io.netty.channel.unix.Errors.handleConnectErrno(Errors.java:131)
	at org.apache.ratis.thirdparty.io.netty.channel.unix.Socket.finishConnect(Socket.java:359)
	at org.apache.ratis.thirdparty.io.netty.channel.epoll.AbstractEpollChannel$AbstractEpollUnsafe.doFinishConnect(AbstractEpollChannel.java:710)
	at org.apache.ratis.thirdparty.io.netty.channel.epoll.AbstractEpollChannel$AbstractEpollUnsafe.finishConnect(AbstractEpollChannel.java:687)
	at org.apache.ratis.thirdparty.io.netty.channel.epoll.AbstractEpollChannel$AbstractEpollUnsafe.epollOutReady(AbstractEpollChannel.java:567)
	at org.apache.ratis.thirdparty.io.netty.channel.epoll.EpollEventLoop.processReady(EpollEventLoop.java:499)
	at org.apache.ratis.thirdparty.io.netty.channel.epoll.EpollEventLoop.run(EpollEventLoop.java:407)
	at org.apache.ratis.thirdparty.io.netty.util.concurrent.SingleThreadEventExecutor$4.run(SingleThreadEventExecutor.java:997)
	at org.apache.ratis.thirdparty.io.netty.util.internal.ThreadExecutorMap$2.run(ThreadExecutorMap.java:74)
	at org.apache.ratis.thirdparty.io.netty.util.concurrent.FastThreadLocalRunnable.run(FastThreadLocalRunnable.java:30)
	at java.base/java.lang.Thread.run(Thread.java:829)
2023-12-01 03:55:47,893 [grpc-default-executor-3] ERROR impl.OrderedAsync (OrderedAsync.java:lambda$sendRequest$9(247)) - client-915AA7F58988: Failed* RaftClientRequest:client-915AA7F58988->s2@group-FB8FFDFFFB35, cid=6, seq=1*, Watch(0), null
java.util.concurrent.CompletionException: java.io.IOException: org.apache.ratis.thirdparty.io.grpc.StatusRuntimeException: UNAVAILABLE: io exception
	at java.base/java.util.concurrent.CompletableFuture.encodeThrowable(CompletableFuture.java:331)
	at java.base/java.util.concurrent.CompletableFuture.completeThrowable(CompletableFuture.java:346)
	at java.base/java.util.concurrent.CompletableFuture$UniApply.tryFire(CompletableFuture.java:632)
	at java.base/java.util.concurrent.CompletableFuture.postComplete(CompletableFuture.java:506)
	at java.base/java.util.concurrent.CompletableFuture.completeExceptionally(CompletableFuture.java:2094)
	at org.apache.ratis.grpc.client.GrpcClientProtocolClient$AsyncStreamObservers.completeReplyExceptionally(GrpcClientProtocolClient.java:394)
	at org.apache.ratis.grpc.client.GrpcClientProtocolClient$AsyncStreamObservers.access$000(GrpcClientProtocolClient.java:300)
	at org.apache.ratis.grpc.client.GrpcClientProtocolClient$AsyncStreamObservers$1.onError(GrpcClientProtocolClient.java:331)
	at org.apache.ratis.thirdparty.io.grpc.stub.ClientCalls$StreamObserverToCallListenerAdapter.onClose(ClientCalls.java:481)
	at org.apache.ratis.thirdparty.io.grpc.PartialForwardingClientCallListener.onClose(PartialForwardingClientCallListener.java:39)
	at org.apache.ratis.thirdparty.io.grpc.ForwardingClientCallListener.onClose(ForwardingClientCallListener.java:23)
	at org.apache.ratis.grpc.metrics.intercept.client.MetricClientCallListener.onClose(MetricClientCallListener.java:47)
	at org.apache.ratis.thirdparty.io.grpc.internal.DelayedClientCall$DelayedListener$3.run(DelayedClientCall.java:489)
	at org.apache.ratis.thirdparty.io.grpc.internal.DelayedClientCall$DelayedListener.delayOrExecute(DelayedClientCall.java:453)
	at org.apache.ratis.thirdparty.io.grpc.internal.DelayedClientCall$DelayedListener.onClose(DelayedClientCall.java:486)
	at org.apache.ratis.thirdparty.io.grpc.internal.ClientCallImpl.closeObserver(ClientCallImpl.java:567)
	at org.apache.ratis.thirdparty.io.grpc.internal.ClientCallImpl.access$300(ClientCallImpl.java:71)
	at org.apache.ratis.thirdparty.io.grpc.internal.ClientCallImpl$ClientStreamListenerImpl$1StreamClosed.runInternal(ClientCallImpl.java:735)
	at org.apache.ratis.thirdparty.io.grpc.internal.ClientCallImpl$ClientStreamListenerImpl$1StreamClosed.runInContext(ClientCallImpl.java:716)
	at org.apache.ratis.thirdparty.io.grpc.internal.ContextRunnable.run(ContextRunnable.java:37)
	at org.apache.ratis.thirdparty.io.grpc.internal.SerializingExecutor.run(SerializingExecutor.java:133)
	at java.base/java.util.concurrent.ThreadPoolExecutor.runWorker(ThreadPoolExecutor.java:1128)
	at java.base/java.util.concurrent.ThreadPoolExecutor$Worker.run(ThreadPoolExecutor.java:628)
	at java.base/java.lang.Thread.run(Thread.java:829)
Caused by: java.io.IOException: org.apache.ratis.thirdparty.io.grpc.StatusRuntimeException: UNAVAILABLE: io exception
	at org.apache.ratis.grpc.GrpcUtil.unwrapException(GrpcUtil.java:99)
	at org.apache.ratis.grpc.GrpcUtil.unwrapIOException(GrpcUtil.java:159)
	at org.apache.ratis.grpc.client.GrpcClientProtocolClient$AsyncStreamObservers$1.onError(GrpcClientProtocolClient.java:330)
	... 16 more
Caused by: org.apache.ratis.thirdparty.io.grpc.StatusRuntimeException: UNAVAILABLE: io exception
	at org.apache.ratis.thirdparty.io.grpc.Status.asRuntimeException(Status.java:537)
	... 16 more
Caused by: org.apache.ratis.thirdparty.io.netty.channel.AbstractChannel$AnnotatedConnectException: finishConnect(..) failed: Connection refused: localhost/127.0.0.1:34227
Caused by: java.net.ConnectException: finishConnect(..) failed: Connection refused
	at org.apache.ratis.thirdparty.io.netty.channel.unix.Errors.newConnectException0(Errors.java:166)
	at org.apache.ratis.thirdparty.io.netty.channel.unix.Errors.handleConnectErrno(Errors.java:131)
	at org.apache.ratis.thirdparty.io.netty.channel.unix.Socket.finishConnect(Socket.java:359)
	at org.apache.ratis.thirdparty.io.netty.channel.epoll.AbstractEpollChannel$AbstractEpollUnsafe.doFinishConnect(AbstractEpollChannel.java:710)
	at org.apache.ratis.thirdparty.io.netty.channel.epoll.AbstractEpollChannel$AbstractEpollUnsafe.finishConnect(AbstractEpollChannel.java:687)
	at org.apache.ratis.thirdparty.io.netty.channel.epoll.AbstractEpollChannel$AbstractEpollUnsafe.epollOutReady(AbstractEpollChannel.java:567)
	at org.apache.ratis.thirdparty.io.netty.channel.epoll.EpollEventLoop.processReady(EpollEventLoop.java:499)
	at org.apache.ratis.thirdparty.io.netty.channel.epoll.EpollEventLoop.run(EpollEventLoop.java:407)
	at org.apache.ratis.thirdparty.io.netty.util.concurrent.SingleThreadEventExecutor$4.run(SingleThreadEventExecutor.java:997)
	at org.apache.ratis.thirdparty.io.netty.util.internal.ThreadExecutorMap$2.run(ThreadExecutorMap.java:74)
	at org.apache.ratis.thirdparty.io.netty.util.concurrent.FastThreadLocalRunnable.run(FastThreadLocalRunnable.java:30)
	at java.base/java.lang.Thread.run(Thread.java:829)
2023-12-01 03:55:47,997 [grpc-default-executor-4] ERROR impl.OrderedAsync (OrderedAsync.java:lambda$sendRequest$9(247)) - client-915AA7F58988: Failed* RaftClientRequest:client-915AA7F58988->s1@group-FB8FFDFFFB35, cid=6, seq=1*, Watch(0), null
java.util.concurrent.CompletionException: java.io.IOException: org.apache.ratis.thirdparty.io.grpc.StatusRuntimeException: UNAVAILABLE: io exception
	at java.base/java.util.concurrent.CompletableFuture.encodeThrowable(CompletableFuture.java:331)
	at java.base/java.util.concurrent.CompletableFuture.completeThrowable(CompletableFuture.java:346)
	at java.base/java.util.concurrent.CompletableFuture$UniApply.tryFire(CompletableFuture.java:632)
	at java.base/java.util.concurrent.CompletableFuture.postComplete(CompletableFuture.java:506)
	at java.base/java.util.concurrent.CompletableFuture.completeExceptionally(CompletableFuture.java:2094)
	at org.apache.ratis.grpc.client.GrpcClientProtocolClient$AsyncStreamObservers.completeReplyExceptionally(GrpcClientProtocolClient.java:394)
	at org.apache.ratis.grpc.client.GrpcClientProtocolClient$AsyncStreamObservers.access$000(GrpcClientProtocolClient.java:300)
	at org.apache.ratis.grpc.client.GrpcClientProtocolClient$AsyncStreamObservers$1.onError(GrpcClientProtocolClient.java:331)
	at org.apache.ratis.thirdparty.io.grpc.stub.ClientCalls$StreamObserverToCallListenerAdapter.onClose(ClientCalls.java:481)
	at org.apache.ratis.thirdparty.io.grpc.PartialForwardingClientCallListener.onClose(PartialForwardingClientCallListener.java:39)
	at org.apache.ratis.thirdparty.io.grpc.ForwardingClientCallListener.onClose(ForwardingClientCallListener.java:23)
	at org.apache.ratis.grpc.metrics.intercept.client.MetricClientCallListener.onClose(MetricClientCallListener.java:47)
	at org.apache.ratis.thirdparty.io.grpc.internal.DelayedClientCall$DelayedListener$3.run(DelayedClientCall.java:489)
	at org.apache.ratis.thirdparty.io.grpc.internal.DelayedClientCall$DelayedListener.delayOrExecute(DelayedClientCall.java:453)
	at org.apache.ratis.thirdparty.io.grpc.internal.DelayedClientCall$DelayedListener.onClose(DelayedClientCall.java:486)
	at org.apache.ratis.thirdparty.io.grpc.internal.ClientCallImpl.closeObserver(ClientCallImpl.java:567)
	at org.apache.ratis.thirdparty.io.grpc.internal.ClientCallImpl.access$300(ClientCallImpl.java:71)
	at org.apache.ratis.thirdparty.io.grpc.internal.ClientCallImpl$ClientStreamListenerImpl$1StreamClosed.runInternal(ClientCallImpl.java:735)
	at org.apache.ratis.thirdparty.io.grpc.internal.ClientCallImpl$ClientStreamListenerImpl$1StreamClosed.runInContext(ClientCallImpl.java:716)
	at org.apache.ratis.thirdparty.io.grpc.internal.ContextRunnable.run(ContextRunnable.java:37)
	at org.apache.ratis.thirdparty.io.grpc.internal.SerializingExecutor.run(SerializingExecutor.java:133)
	at java.base/java.util.concurrent.ThreadPoolExecutor.runWorker(ThreadPoolExecutor.java:1128)
	at java.base/java.util.concurrent.ThreadPoolExecutor$Worker.run(ThreadPoolExecutor.java:628)
	at java.base/java.lang.Thread.run(Thread.java:829)
Caused by: java.io.IOException: org.apache.ratis.thirdparty.io.grpc.StatusRuntimeException: UNAVAILABLE: io exception
	at org.apache.ratis.grpc.GrpcUtil.unwrapException(GrpcUtil.java:99)
	at org.apache.ratis.grpc.GrpcUtil.unwrapIOException(GrpcUtil.java:159)
	at org.apache.ratis.grpc.client.GrpcClientProtocolClient$AsyncStreamObservers$1.onError(GrpcClientProtocolClient.java:330)
	... 16 more
Caused by: org.apache.ratis.thirdparty.io.grpc.StatusRuntimeException: UNAVAILABLE: io exception
	at org.apache.ratis.thirdparty.io.grpc.Status.asRuntimeException(Status.java:537)
	... 16 more
Caused by: org.apache.ratis.thirdparty.io.netty.channel.AbstractChannel$AnnotatedConnectException: finishConnect(..) failed: Connection refused: localhost/127.0.0.1:36299
Caused by: java.net.ConnectException: finishConnect(..) failed: Connection refused
	at org.apache.ratis.thirdparty.io.netty.channel.unix.Errors.newConnectException0(Errors.java:166)
	at org.apache.ratis.thirdparty.io.netty.channel.unix.Errors.handleConnectErrno(Errors.java:131)
	at org.apache.ratis.thirdparty.io.netty.channel.unix.Socket.finishConnect(Socket.java:359)
	at org.apache.ratis.thirdparty.io.netty.channel.epoll.AbstractEpollChannel$AbstractEpollUnsafe.doFinishConnect(AbstractEpollChannel.java:710)
	at org.apache.ratis.thirdparty.io.netty.channel.epoll.AbstractEpollChannel$AbstractEpollUnsafe.finishConnect(AbstractEpollChannel.java:687)
	at org.apache.ratis.thirdparty.io.netty.channel.epoll.AbstractEpollChannel$AbstractEpollUnsafe.epollOutReady(AbstractEpollChannel.java:567)
	at org.apache.ratis.thirdparty.io.netty.channel.epoll.EpollEventLoop.processReady(EpollEventLoop.java:499)
	at org.apache.ratis.thirdparty.io.netty.channel.epoll.EpollEventLoop.run(EpollEventLoop.java:407)
	at org.apache.ratis.thirdparty.io.netty.util.concurrent.SingleThreadEventExecutor$4.run(SingleThreadEventExecutor.java:997)
	at org.apache.ratis.thirdparty.io.netty.util.internal.ThreadExecutorMap$2.run(ThreadExecutorMap.java:74)
	at org.apache.ratis.thirdparty.io.netty.util.concurrent.FastThreadLocalRunnable.run(FastThreadLocalRunnable.java:30)
	at java.base/java.lang.Thread.run(Thread.java:829)
2023-12-01 03:55:48,101 [grpc-default-executor-3] ERROR impl.OrderedAsync (OrderedAsync.java:lambda$sendRequest$9(247)) - client-915AA7F58988: Failed* RaftClientRequest:client-915AA7F58988->s2@group-FB8FFDFFFB35, cid=6, seq=1*, Watch(0), null
java.util.concurrent.CompletionException: java.io.IOException: org.apache.ratis.thirdparty.io.grpc.StatusRuntimeException: UNAVAILABLE: io exception
	at java.base/java.util.concurrent.CompletableFuture.encodeThrowable(CompletableFuture.java:331)
	at java.base/java.util.concurrent.CompletableFuture.completeThrowable(CompletableFuture.java:346)
	at java.base/java.util.concurrent.CompletableFuture$UniApply.tryFire(CompletableFuture.java:632)
	at java.base/java.util.concurrent.CompletableFuture.postComplete(CompletableFuture.java:506)
	at java.base/java.util.concurrent.CompletableFuture.completeExceptionally(CompletableFuture.java:2094)
	at org.apache.ratis.grpc.client.GrpcClientProtocolClient$AsyncStreamObservers.completeReplyExceptionally(GrpcClientProtocolClient.java:394)
	at org.apache.ratis.grpc.client.GrpcClientProtocolClient$AsyncStreamObservers.access$000(GrpcClientProtocolClient.java:300)
	at org.apache.ratis.grpc.client.GrpcClientProtocolClient$AsyncStreamObservers$1.onError(GrpcClientProtocolClient.java:331)
	at org.apache.ratis.thirdparty.io.grpc.stub.ClientCalls$StreamObserverToCallListenerAdapter.onClose(ClientCalls.java:481)
	at org.apache.ratis.thirdparty.io.grpc.PartialForwardingClientCallListener.onClose(PartialForwardingClientCallListener.java:39)
	at org.apache.ratis.thirdparty.io.grpc.ForwardingClientCallListener.onClose(ForwardingClientCallListener.java:23)
	at org.apache.ratis.grpc.metrics.intercept.client.MetricClientCallListener.onClose(MetricClientCallListener.java:47)
	at org.apache.ratis.thirdparty.io.grpc.internal.DelayedClientCall$DelayedListener$3.run(DelayedClientCall.java:489)
	at org.apache.ratis.thirdparty.io.grpc.internal.DelayedClientCall$DelayedListener.delayOrExecute(DelayedClientCall.java:453)
	at org.apache.ratis.thirdparty.io.grpc.internal.DelayedClientCall$DelayedListener.onClose(DelayedClientCall.java:486)
	at org.apache.ratis.thirdparty.io.grpc.internal.ClientCallImpl.closeObserver(ClientCallImpl.java:567)
	at org.apache.ratis.thirdparty.io.grpc.internal.ClientCallImpl.access$300(ClientCallImpl.java:71)
	at org.apache.ratis.thirdparty.io.grpc.internal.ClientCallImpl$ClientStreamListenerImpl$1StreamClosed.runInternal(ClientCallImpl.java:735)
	at org.apache.ratis.thirdparty.io.grpc.internal.ClientCallImpl$ClientStreamListenerImpl$1StreamClosed.runInContext(ClientCallImpl.java:716)
	at org.apache.ratis.thirdparty.io.grpc.internal.ContextRunnable.run(ContextRunnable.java:37)
	at org.apache.ratis.thirdparty.io.grpc.internal.SerializingExecutor.run(SerializingExecutor.java:133)
	at java.base/java.util.concurrent.ThreadPoolExecutor.runWorker(ThreadPoolExecutor.java:1128)
	at java.base/java.util.concurrent.ThreadPoolExecutor$Worker.run(ThreadPoolExecutor.java:628)
	at java.base/java.lang.Thread.run(Thread.java:829)
Caused by: java.io.IOException: org.apache.ratis.thirdparty.io.grpc.StatusRuntimeException: UNAVAILABLE: io exception
	at org.apache.ratis.grpc.GrpcUtil.unwrapException(GrpcUtil.java:99)
	at org.apache.ratis.grpc.GrpcUtil.unwrapIOException(GrpcUtil.java:159)
	at org.apache.ratis.grpc.client.GrpcClientProtocolClient$AsyncStreamObservers$1.onError(GrpcClientProtocolClient.java:330)
	... 16 more
Caused by: org.apache.ratis.thirdparty.io.grpc.StatusRuntimeException: UNAVAILABLE: io exception
	at org.apache.ratis.thirdparty.io.grpc.Status.asRuntimeException(Status.java:537)
	... 16 more
Caused by: org.apache.ratis.thirdparty.io.netty.channel.AbstractChannel$AnnotatedConnectException: finishConnect(..) failed: Connection refused: localhost/127.0.0.1:34227
Caused by: java.net.ConnectException: finishConnect(..) failed: Connection refused
	at org.apache.ratis.thirdparty.io.netty.channel.unix.Errors.newConnectException0(Errors.java:166)
	at org.apache.ratis.thirdparty.io.netty.channel.unix.Errors.handleConnectErrno(Errors.java:131)
	at org.apache.ratis.thirdparty.io.netty.channel.unix.Socket.finishConnect(Socket.java:359)
	at org.apache.ratis.thirdparty.io.netty.channel.epoll.AbstractEpollChannel$AbstractEpollUnsafe.doFinishConnect(AbstractEpollChannel.java:710)
	at org.apache.ratis.thirdparty.io.netty.channel.epoll.AbstractEpollChannel$AbstractEpollUnsafe.finishConnect(AbstractEpollChannel.java:687)
	at org.apache.ratis.thirdparty.io.netty.channel.epoll.AbstractEpollChannel$AbstractEpollUnsafe.epollOutReady(AbstractEpollChannel.java:567)
	at org.apache.ratis.thirdparty.io.netty.channel.epoll.EpollEventLoop.processReady(EpollEventLoop.java:499)
	at org.apache.ratis.thirdparty.io.netty.channel.epoll.EpollEventLoop.run(EpollEventLoop.java:407)
	at org.apache.ratis.thirdparty.io.netty.util.concurrent.SingleThreadEventExecutor$4.run(SingleThreadEventExecutor.java:997)
	at org.apache.ratis.thirdparty.io.netty.util.internal.ThreadExecutorMap$2.run(ThreadExecutorMap.java:74)
	at org.apache.ratis.thirdparty.io.netty.util.concurrent.FastThreadLocalRunnable.run(FastThreadLocalRunnable.java:30)
	at java.base/java.lang.Thread.run(Thread.java:829)
2023-12-01 03:55:48,205 [grpc-default-executor-11] ERROR impl.OrderedAsync (OrderedAsync.java:lambda$sendRequest$9(247)) - client-915AA7F58988: Failed* RaftClientRequest:client-915AA7F58988->s0@group-FB8FFDFFFB35, cid=6, seq=1*, Watch(0), null
java.util.concurrent.CompletionException: java.io.IOException: org.apache.ratis.thirdparty.io.grpc.StatusRuntimeException: UNAVAILABLE: io exception
	at java.base/java.util.concurrent.CompletableFuture.encodeThrowable(CompletableFuture.java:331)
	at java.base/java.util.concurrent.CompletableFuture.completeThrowable(CompletableFuture.java:346)
	at java.base/java.util.concurrent.CompletableFuture$UniApply.tryFire(CompletableFuture.java:632)
	at java.base/java.util.concurrent.CompletableFuture.postComplete(CompletableFuture.java:506)
	at java.base/java.util.concurrent.CompletableFuture.completeExceptionally(CompletableFuture.java:2094)
	at org.apache.ratis.grpc.client.GrpcClientProtocolClient$AsyncStreamObservers.completeReplyExceptionally(GrpcClientProtocolClient.java:394)
	at org.apache.ratis.grpc.client.GrpcClientProtocolClient$AsyncStreamObservers.access$000(GrpcClientProtocolClient.java:300)
	at org.apache.ratis.grpc.client.GrpcClientProtocolClient$AsyncStreamObservers$1.onError(GrpcClientProtocolClient.java:331)
	at org.apache.ratis.thirdparty.io.grpc.stub.ClientCalls$StreamObserverToCallListenerAdapter.onClose(ClientCalls.java:481)
	at org.apache.ratis.thirdparty.io.grpc.PartialForwardingClientCallListener.onClose(PartialForwardingClientCallListener.java:39)
	at org.apache.ratis.thirdparty.io.grpc.ForwardingClientCallListener.onClose(ForwardingClientCallListener.java:23)
	at org.apache.ratis.grpc.metrics.intercept.client.MetricClientCallListener.onClose(MetricClientCallListener.java:47)
	at org.apache.ratis.thirdparty.io.grpc.internal.DelayedClientCall$DelayedListener$3.run(DelayedClientCall.java:489)
	at org.apache.ratis.thirdparty.io.grpc.internal.DelayedClientCall$DelayedListener.delayOrExecute(DelayedClientCall.java:453)
	at org.apache.ratis.thirdparty.io.grpc.internal.DelayedClientCall$DelayedListener.onClose(DelayedClientCall.java:486)
	at org.apache.ratis.thirdparty.io.grpc.internal.ClientCallImpl.closeObserver(ClientCallImpl.java:567)
	at org.apache.ratis.thirdparty.io.grpc.internal.ClientCallImpl.access$300(ClientCallImpl.java:71)
	at org.apache.ratis.thirdparty.io.grpc.internal.ClientCallImpl$ClientStreamListenerImpl$1StreamClosed.runInternal(ClientCallImpl.java:735)
	at org.apache.ratis.thirdparty.io.grpc.internal.ClientCallImpl$ClientStreamListenerImpl$1StreamClosed.runInContext(ClientCallImpl.java:716)
	at org.apache.ratis.thirdparty.io.grpc.internal.ContextRunnable.run(ContextRunnable.java:37)
	at org.apache.ratis.thirdparty.io.grpc.internal.SerializingExecutor.run(SerializingExecutor.java:133)
	at java.base/java.util.concurrent.ThreadPoolExecutor.runWorker(ThreadPoolExecutor.java:1128)
	at java.base/java.util.concurrent.ThreadPoolExecutor$Worker.run(ThreadPoolExecutor.java:628)
	at java.base/java.lang.Thread.run(Thread.java:829)
Caused by: java.io.IOException: org.apache.ratis.thirdparty.io.grpc.StatusRuntimeException: UNAVAILABLE: io exception
	at org.apache.ratis.grpc.GrpcUtil.unwrapException(GrpcUtil.java:99)
	at org.apache.ratis.grpc.GrpcUtil.unwrapIOException(GrpcUtil.java:159)
	at org.apache.ratis.grpc.client.GrpcClientProtocolClient$AsyncStreamObservers$1.onError(GrpcClientProtocolClient.java:330)
	... 16 more
Caused by: org.apache.ratis.thirdparty.io.grpc.StatusRuntimeException: UNAVAILABLE: io exception
	at org.apache.ratis.thirdparty.io.grpc.Status.asRuntimeException(Status.java:537)
	... 16 more
Caused by: org.apache.ratis.thirdparty.io.netty.channel.AbstractChannel$AnnotatedConnectException: finishConnect(..) failed: Connection refused: localhost/127.0.0.1:34265
Caused by: java.net.ConnectException: finishConnect(..) failed: Connection refused
	at org.apache.ratis.thirdparty.io.netty.channel.unix.Errors.newConnectException0(Errors.java:166)
	at org.apache.ratis.thirdparty.io.netty.channel.unix.Errors.handleConnectErrno(Errors.java:131)
	at org.apache.ratis.thirdparty.io.netty.channel.unix.Socket.finishConnect(Socket.java:359)
	at org.apache.ratis.thirdparty.io.netty.channel.epoll.AbstractEpollChannel$AbstractEpollUnsafe.doFinishConnect(AbstractEpollChannel.java:710)
	at org.apache.ratis.thirdparty.io.netty.channel.epoll.AbstractEpollChannel$AbstractEpollUnsafe.finishConnect(AbstractEpollChannel.java:687)
	at org.apache.ratis.thirdparty.io.netty.channel.epoll.AbstractEpollChannel$AbstractEpollUnsafe.epollOutReady(AbstractEpollChannel.java:567)
	at org.apache.ratis.thirdparty.io.netty.channel.epoll.EpollEventLoop.processReady(EpollEventLoop.java:499)
	at org.apache.ratis.thirdparty.io.netty.channel.epoll.EpollEventLoop.run(EpollEventLoop.java:407)
	at org.apache.ratis.thirdparty.io.netty.util.concurrent.SingleThreadEventExecutor$4.run(SingleThreadEventExecutor.java:997)
	at org.apache.ratis.thirdparty.io.netty.util.internal.ThreadExecutorMap$2.run(ThreadExecutorMap.java:74)
	at org.apache.ratis.thirdparty.io.netty.util.concurrent.FastThreadLocalRunnable.run(FastThreadLocalRunnable.java:30)
	at java.base/java.lang.Thread.run(Thread.java:829)
2023-12-01 03:55:48,308 [grpc-default-executor-4] ERROR impl.OrderedAsync (OrderedAsync.java:lambda$sendRequest$9(247)) - client-915AA7F58988: Failed* RaftClientRequest:client-915AA7F58988->s2@group-FB8FFDFFFB35, cid=6, seq=1*, Watch(0), null
java.util.concurrent.CompletionException: java.io.IOException: org.apache.ratis.thirdparty.io.grpc.StatusRuntimeException: UNAVAILABLE: io exception
	at java.base/java.util.concurrent.CompletableFuture.encodeThrowable(CompletableFuture.java:331)
	at java.base/java.util.concurrent.CompletableFuture.completeThrowable(CompletableFuture.java:346)
	at java.base/java.util.concurrent.CompletableFuture$UniApply.tryFire(CompletableFuture.java:632)
	at java.base/java.util.concurrent.CompletableFuture.postComplete(CompletableFuture.java:506)
	at java.base/java.util.concurrent.CompletableFuture.completeExceptionally(CompletableFuture.java:2094)
	at org.apache.ratis.grpc.client.GrpcClientProtocolClient$AsyncStreamObservers.completeReplyExceptionally(GrpcClientProtocolClient.java:394)
	at org.apache.ratis.grpc.client.GrpcClientProtocolClient$AsyncStreamObservers.access$000(GrpcClientProtocolClient.java:300)
	at org.apache.ratis.grpc.client.GrpcClientProtocolClient$AsyncStreamObservers$1.onError(GrpcClientProtocolClient.java:331)
	at org.apache.ratis.thirdparty.io.grpc.stub.ClientCalls$StreamObserverToCallListenerAdapter.onClose(ClientCalls.java:481)
	at org.apache.ratis.thirdparty.io.grpc.PartialForwardingClientCallListener.onClose(PartialForwardingClientCallListener.java:39)
	at org.apache.ratis.thirdparty.io.grpc.ForwardingClientCallListener.onClose(ForwardingClientCallListener.java:23)
	at org.apache.ratis.grpc.metrics.intercept.client.MetricClientCallListener.onClose(MetricClientCallListener.java:47)
	at org.apache.ratis.thirdparty.io.grpc.internal.DelayedClientCall$DelayedListener$3.run(DelayedClientCall.java:489)
	at org.apache.ratis.thirdparty.io.grpc.internal.DelayedClientCall$DelayedListener.delayOrExecute(DelayedClientCall.java:453)
	at org.apache.ratis.thirdparty.io.grpc.internal.DelayedClientCall$DelayedListener.onClose(DelayedClientCall.java:486)
	at org.apache.ratis.thirdparty.io.grpc.internal.ClientCallImpl.closeObserver(ClientCallImpl.java:567)
	at org.apache.ratis.thirdparty.io.grpc.internal.ClientCallImpl.access$300(ClientCallImpl.java:71)
	at org.apache.ratis.thirdparty.io.grpc.internal.ClientCallImpl$ClientStreamListenerImpl$1StreamClosed.runInternal(ClientCallImpl.java:735)
	at org.apache.ratis.thirdparty.io.grpc.internal.ClientCallImpl$ClientStreamListenerImpl$1StreamClosed.runInContext(ClientCallImpl.java:716)
	at org.apache.ratis.thirdparty.io.grpc.internal.ContextRunnable.run(ContextRunnable.java:37)
	at org.apache.ratis.thirdparty.io.grpc.internal.SerializingExecutor.run(SerializingExecutor.java:133)
	at java.base/java.util.concurrent.ThreadPoolExecutor.runWorker(ThreadPoolExecutor.java:1128)
	at java.base/java.util.concurrent.ThreadPoolExecutor$Worker.run(ThreadPoolExecutor.java:628)
	at java.base/java.lang.Thread.run(Thread.java:829)
Caused by: java.io.IOException: org.apache.ratis.thirdparty.io.grpc.StatusRuntimeException: UNAVAILABLE: io exception
	at org.apache.ratis.grpc.GrpcUtil.unwrapException(GrpcUtil.java:99)
	at org.apache.ratis.grpc.GrpcUtil.unwrapIOException(GrpcUtil.java:159)
	at org.apache.ratis.grpc.client.GrpcClientProtocolClient$AsyncStreamObservers$1.onError(GrpcClientProtocolClient.java:330)
	... 16 more
Caused by: org.apache.ratis.thirdparty.io.grpc.StatusRuntimeException: UNAVAILABLE: io exception
	at org.apache.ratis.thirdparty.io.grpc.Status.asRuntimeException(Status.java:537)
	... 16 more
Caused by: org.apache.ratis.thirdparty.io.netty.channel.AbstractChannel$AnnotatedConnectException: finishConnect(..) failed: Connection refused: localhost/127.0.0.1:34227
Caused by: java.net.ConnectException: finishConnect(..) failed: Connection refused
	at org.apache.ratis.thirdparty.io.netty.channel.unix.Errors.newConnectException0(Errors.java:166)
	at org.apache.ratis.thirdparty.io.netty.channel.unix.Errors.handleConnectErrno(Errors.java:131)
	at org.apache.ratis.thirdparty.io.netty.channel.unix.Socket.finishConnect(Socket.java:359)
	at org.apache.ratis.thirdparty.io.netty.channel.epoll.AbstractEpollChannel$AbstractEpollUnsafe.doFinishConnect(AbstractEpollChannel.java:710)
	at org.apache.ratis.thirdparty.io.netty.channel.epoll.AbstractEpollChannel$AbstractEpollUnsafe.finishConnect(AbstractEpollChannel.java:687)
	at org.apache.ratis.thirdparty.io.netty.channel.epoll.AbstractEpollChannel$AbstractEpollUnsafe.epollOutReady(AbstractEpollChannel.java:567)
	at org.apache.ratis.thirdparty.io.netty.channel.epoll.EpollEventLoop.processReady(EpollEventLoop.java:499)
	at org.apache.ratis.thirdparty.io.netty.channel.epoll.EpollEventLoop.run(EpollEventLoop.java:407)
	at org.apache.ratis.thirdparty.io.netty.util.concurrent.SingleThreadEventExecutor$4.run(SingleThreadEventExecutor.java:997)
	at org.apache.ratis.thirdparty.io.netty.util.internal.ThreadExecutorMap$2.run(ThreadExecutorMap.java:74)
	at org.apache.ratis.thirdparty.io.netty.util.concurrent.FastThreadLocalRunnable.run(FastThreadLocalRunnable.java:30)
	at java.base/java.lang.Thread.run(Thread.java:829)
2023-12-01 03:55:48,412 [grpc-default-executor-11] ERROR impl.OrderedAsync (OrderedAsync.java:lambda$sendRequest$9(247)) - client-915AA7F58988: Failed* RaftClientRequest:client-915AA7F58988->s0@group-FB8FFDFFFB35, cid=6, seq=1*, Watch(0), null
java.util.concurrent.CompletionException: java.io.IOException: org.apache.ratis.thirdparty.io.grpc.StatusRuntimeException: UNAVAILABLE: io exception
	at java.base/java.util.concurrent.CompletableFuture.encodeThrowable(CompletableFuture.java:331)
	at java.base/java.util.concurrent.CompletableFuture.completeThrowable(CompletableFuture.java:346)
	at java.base/java.util.concurrent.CompletableFuture$UniApply.tryFire(CompletableFuture.java:632)
	at java.base/java.util.concurrent.CompletableFuture.postComplete(CompletableFuture.java:506)
	at java.base/java.util.concurrent.CompletableFuture.completeExceptionally(CompletableFuture.java:2094)
	at org.apache.ratis.grpc.client.GrpcClientProtocolClient$AsyncStreamObservers.completeReplyExceptionally(GrpcClientProtocolClient.java:394)
	at org.apache.ratis.grpc.client.GrpcClientProtocolClient$AsyncStreamObservers.access$000(GrpcClientProtocolClient.java:300)
	at org.apache.ratis.grpc.client.GrpcClientProtocolClient$AsyncStreamObservers$1.onError(GrpcClientProtocolClient.java:331)
	at org.apache.ratis.thirdparty.io.grpc.stub.ClientCalls$StreamObserverToCallListenerAdapter.onClose(ClientCalls.java:481)
	at org.apache.ratis.thirdparty.io.grpc.PartialForwardingClientCallListener.onClose(PartialForwardingClientCallListener.java:39)
	at org.apache.ratis.thirdparty.io.grpc.ForwardingClientCallListener.onClose(ForwardingClientCallListener.java:23)
	at org.apache.ratis.grpc.metrics.intercept.client.MetricClientCallListener.onClose(MetricClientCallListener.java:47)
	at org.apache.ratis.thirdparty.io.grpc.internal.DelayedClientCall$DelayedListener$3.run(DelayedClientCall.java:489)
	at org.apache.ratis.thirdparty.io.grpc.internal.DelayedClientCall$DelayedListener.delayOrExecute(DelayedClientCall.java:453)
	at org.apache.ratis.thirdparty.io.grpc.internal.DelayedClientCall$DelayedListener.onClose(DelayedClientCall.java:486)
	at org.apache.ratis.thirdparty.io.grpc.internal.ClientCallImpl.closeObserver(ClientCallImpl.java:567)
	at org.apache.ratis.thirdparty.io.grpc.internal.ClientCallImpl.access$300(ClientCallImpl.java:71)
	at org.apache.ratis.thirdparty.io.grpc.internal.ClientCallImpl$ClientStreamListenerImpl$1StreamClosed.runInternal(ClientCallImpl.java:735)
	at org.apache.ratis.thirdparty.io.grpc.internal.ClientCallImpl$ClientStreamListenerImpl$1StreamClosed.runInContext(ClientCallImpl.java:716)
	at org.apache.ratis.thirdparty.io.grpc.internal.ContextRunnable.run(ContextRunnable.java:37)
	at org.apache.ratis.thirdparty.io.grpc.internal.SerializingExecutor.run(SerializingExecutor.java:133)
	at java.base/java.util.concurrent.ThreadPoolExecutor.runWorker(ThreadPoolExecutor.java:1128)
	at java.base/java.util.concurrent.ThreadPoolExecutor$Worker.run(ThreadPoolExecutor.java:628)
	at java.base/java.lang.Thread.run(Thread.java:829)
Caused by: java.io.IOException: org.apache.ratis.thirdparty.io.grpc.StatusRuntimeException: UNAVAILABLE: io exception
	at org.apache.ratis.grpc.GrpcUtil.unwrapException(GrpcUtil.java:99)
	at org.apache.ratis.grpc.GrpcUtil.unwrapIOException(GrpcUtil.java:159)
	at org.apache.ratis.grpc.client.GrpcClientProtocolClient$AsyncStreamObservers$1.onError(GrpcClientProtocolClient.java:330)
	... 16 more
Caused by: org.apache.ratis.thirdparty.io.grpc.StatusRuntimeException: UNAVAILABLE: io exception
	at org.apache.ratis.thirdparty.io.grpc.Status.asRuntimeException(Status.java:537)
	... 16 more
Caused by: org.apache.ratis.thirdparty.io.netty.channel.AbstractChannel$AnnotatedConnectException: finishConnect(..) failed: Connection refused: localhost/127.0.0.1:34265
Caused by: java.net.ConnectException: finishConnect(..) failed: Connection refused
	at org.apache.ratis.thirdparty.io.netty.channel.unix.Errors.newConnectException0(Errors.java:166)
	at org.apache.ratis.thirdparty.io.netty.channel.unix.Errors.handleConnectErrno(Errors.java:131)
	at org.apache.ratis.thirdparty.io.netty.channel.unix.Socket.finishConnect(Socket.java:359)
	at org.apache.ratis.thirdparty.io.netty.channel.epoll.AbstractEpollChannel$AbstractEpollUnsafe.doFinishConnect(AbstractEpollChannel.java:710)
	at org.apache.ratis.thirdparty.io.netty.channel.epoll.AbstractEpollChannel$AbstractEpollUnsafe.finishConnect(AbstractEpollChannel.java:687)
	at org.apache.ratis.thirdparty.io.netty.channel.epoll.AbstractEpollChannel$AbstractEpollUnsafe.epollOutReady(AbstractEpollChannel.java:567)
	at org.apache.ratis.thirdparty.io.netty.channel.epoll.EpollEventLoop.processReady(EpollEventLoop.java:499)
	at org.apache.ratis.thirdparty.io.netty.channel.epoll.EpollEventLoop.run(EpollEventLoop.java:407)
	at org.apache.ratis.thirdparty.io.netty.util.concurrent.SingleThreadEventExecutor$4.run(SingleThreadEventExecutor.java:997)
	at org.apache.ratis.thirdparty.io.netty.util.internal.ThreadExecutorMap$2.run(ThreadExecutorMap.java:74)
	at org.apache.ratis.thirdparty.io.netty.util.concurrent.FastThreadLocalRunnable.run(FastThreadLocalRunnable.java:30)
	at java.base/java.lang.Thread.run(Thread.java:829)
2023-12-01 03:55:48,515 [grpc-default-executor-3] ERROR impl.OrderedAsync (OrderedAsync.java:lambda$sendRequest$9(247)) - client-915AA7F58988: Failed* RaftClientRequest:client-915AA7F58988->s1@group-FB8FFDFFFB35, cid=6, seq=1*, Watch(0), null
java.util.concurrent.CompletionException: java.io.IOException: org.apache.ratis.thirdparty.io.grpc.StatusRuntimeException: UNAVAILABLE: io exception
	at java.base/java.util.concurrent.CompletableFuture.encodeThrowable(CompletableFuture.java:331)
	at java.base/java.util.concurrent.CompletableFuture.completeThrowable(CompletableFuture.java:346)
	at java.base/java.util.concurrent.CompletableFuture$UniApply.tryFire(CompletableFuture.java:632)
	at java.base/java.util.concurrent.CompletableFuture.postComplete(CompletableFuture.java:506)
	at java.base/java.util.concurrent.CompletableFuture.completeExceptionally(CompletableFuture.java:2094)
	at org.apache.ratis.grpc.client.GrpcClientProtocolClient$AsyncStreamObservers.completeReplyExceptionally(GrpcClientProtocolClient.java:394)
	at org.apache.ratis.grpc.client.GrpcClientProtocolClient$AsyncStreamObservers.access$000(GrpcClientProtocolClient.java:300)
	at org.apache.ratis.grpc.client.GrpcClientProtocolClient$AsyncStreamObservers$1.onError(GrpcClientProtocolClient.java:331)
	at org.apache.ratis.thirdparty.io.grpc.stub.ClientCalls$StreamObserverToCallListenerAdapter.onClose(ClientCalls.java:481)
	at org.apache.ratis.thirdparty.io.grpc.PartialForwardingClientCallListener.onClose(PartialForwardingClientCallListener.java:39)
	at org.apache.ratis.thirdparty.io.grpc.ForwardingClientCallListener.onClose(ForwardingClientCallListener.java:23)
	at org.apache.ratis.grpc.metrics.intercept.client.MetricClientCallListener.onClose(MetricClientCallListener.java:47)
	at org.apache.ratis.thirdparty.io.grpc.internal.DelayedClientCall$DelayedListener$3.run(DelayedClientCall.java:489)
	at org.apache.ratis.thirdparty.io.grpc.internal.DelayedClientCall$DelayedListener.delayOrExecute(DelayedClientCall.java:453)
	at org.apache.ratis.thirdparty.io.grpc.internal.DelayedClientCall$DelayedListener.onClose(DelayedClientCall.java:486)
	at org.apache.ratis.thirdparty.io.grpc.internal.ClientCallImpl.closeObserver(ClientCallImpl.java:567)
	at org.apache.ratis.thirdparty.io.grpc.internal.ClientCallImpl.access$300(ClientCallImpl.java:71)
	at org.apache.ratis.thirdparty.io.grpc.internal.ClientCallImpl$ClientStreamListenerImpl$1StreamClosed.runInternal(ClientCallImpl.java:735)
	at org.apache.ratis.thirdparty.io.grpc.internal.ClientCallImpl$ClientStreamListenerImpl$1StreamClosed.runInContext(ClientCallImpl.java:716)
	at org.apache.ratis.thirdparty.io.grpc.internal.ContextRunnable.run(ContextRunnable.java:37)
	at org.apache.ratis.thirdparty.io.grpc.internal.SerializingExecutor.run(SerializingExecutor.java:133)
	at java.base/java.util.concurrent.ThreadPoolExecutor.runWorker(ThreadPoolExecutor.java:1128)
	at java.base/java.util.concurrent.ThreadPoolExecutor$Worker.run(ThreadPoolExecutor.java:628)
	at java.base/java.lang.Thread.run(Thread.java:829)
Caused by: java.io.IOException: org.apache.ratis.thirdparty.io.grpc.StatusRuntimeException: UNAVAILABLE: io exception
	at org.apache.ratis.grpc.GrpcUtil.unwrapException(GrpcUtil.java:99)
	at org.apache.ratis.grpc.GrpcUtil.unwrapIOException(GrpcUtil.java:159)
	at org.apache.ratis.grpc.client.GrpcClientProtocolClient$AsyncStreamObservers$1.onError(GrpcClientProtocolClient.java:330)
	... 16 more
Caused by: org.apache.ratis.thirdparty.io.grpc.StatusRuntimeException: UNAVAILABLE: io exception
	at org.apache.ratis.thirdparty.io.grpc.Status.asRuntimeException(Status.java:537)
	... 16 more
Caused by: org.apache.ratis.thirdparty.io.netty.channel.AbstractChannel$AnnotatedConnectException: finishConnect(..) failed: Connection refused: localhost/127.0.0.1:36299
Caused by: java.net.ConnectException: finishConnect(..) failed: Connection refused
	at org.apache.ratis.thirdparty.io.netty.channel.unix.Errors.newConnectException0(Errors.java:166)
	at org.apache.ratis.thirdparty.io.netty.channel.unix.Errors.handleConnectErrno(Errors.java:131)
	at org.apache.ratis.thirdparty.io.netty.channel.unix.Socket.finishConnect(Socket.java:359)
	at org.apache.ratis.thirdparty.io.netty.channel.epoll.AbstractEpollChannel$AbstractEpollUnsafe.doFinishConnect(AbstractEpollChannel.java:710)
	at org.apache.ratis.thirdparty.io.netty.channel.epoll.AbstractEpollChannel$AbstractEpollUnsafe.finishConnect(AbstractEpollChannel.java:687)
	at org.apache.ratis.thirdparty.io.netty.channel.epoll.AbstractEpollChannel$AbstractEpollUnsafe.epollOutReady(AbstractEpollChannel.java:567)
	at org.apache.ratis.thirdparty.io.netty.channel.epoll.EpollEventLoop.processReady(EpollEventLoop.java:499)
	at org.apache.ratis.thirdparty.io.netty.channel.epoll.EpollEventLoop.run(EpollEventLoop.java:407)
	at org.apache.ratis.thirdparty.io.netty.util.concurrent.SingleThreadEventExecutor$4.run(SingleThreadEventExecutor.java:997)
	at org.apache.ratis.thirdparty.io.netty.util.internal.ThreadExecutorMap$2.run(ThreadExecutorMap.java:74)
	at org.apache.ratis.thirdparty.io.netty.util.concurrent.FastThreadLocalRunnable.run(FastThreadLocalRunnable.java:30)
	at java.base/java.lang.Thread.run(Thread.java:829)
2023-12-01 03:55:48,619 [grpc-default-executor-11] ERROR impl.OrderedAsync (OrderedAsync.java:lambda$sendRequest$9(247)) - client-915AA7F58988: Failed* RaftClientRequest:client-915AA7F58988->s0@group-FB8FFDFFFB35, cid=6, seq=1*, Watch(0), null
java.util.concurrent.CompletionException: java.io.IOException: org.apache.ratis.thirdparty.io.grpc.StatusRuntimeException: UNAVAILABLE: io exception
	at java.base/java.util.concurrent.CompletableFuture.encodeThrowable(CompletableFuture.java:331)
	at java.base/java.util.concurrent.CompletableFuture.completeThrowable(CompletableFuture.java:346)
	at java.base/java.util.concurrent.CompletableFuture$UniApply.tryFire(CompletableFuture.java:632)
	at java.base/java.util.concurrent.CompletableFuture.postComplete(CompletableFuture.java:506)
	at java.base/java.util.concurrent.CompletableFuture.completeExceptionally(CompletableFuture.java:2094)
	at org.apache.ratis.grpc.client.GrpcClientProtocolClient$AsyncStreamObservers.completeReplyExceptionally(GrpcClientProtocolClient.java:394)
	at org.apache.ratis.grpc.client.GrpcClientProtocolClient$AsyncStreamObservers.access$000(GrpcClientProtocolClient.java:300)
	at org.apache.ratis.grpc.client.GrpcClientProtocolClient$AsyncStreamObservers$1.onError(GrpcClientProtocolClient.java:331)
	at org.apache.ratis.thirdparty.io.grpc.stub.ClientCalls$StreamObserverToCallListenerAdapter.onClose(ClientCalls.java:481)
	at org.apache.ratis.thirdparty.io.grpc.PartialForwardingClientCallListener.onClose(PartialForwardingClientCallListener.java:39)
	at org.apache.ratis.thirdparty.io.grpc.ForwardingClientCallListener.onClose(ForwardingClientCallListener.java:23)
	at org.apache.ratis.grpc.metrics.intercept.client.MetricClientCallListener.onClose(MetricClientCallListener.java:47)
	at org.apache.ratis.thirdparty.io.grpc.internal.DelayedClientCall$DelayedListener$3.run(DelayedClientCall.java:489)
	at org.apache.ratis.thirdparty.io.grpc.internal.DelayedClientCall$DelayedListener.delayOrExecute(DelayedClientCall.java:453)
	at org.apache.ratis.thirdparty.io.grpc.internal.DelayedClientCall$DelayedListener.onClose(DelayedClientCall.java:486)
	at org.apache.ratis.thirdparty.io.grpc.internal.ClientCallImpl.closeObserver(ClientCallImpl.java:567)
	at org.apache.ratis.thirdparty.io.grpc.internal.ClientCallImpl.access$300(ClientCallImpl.java:71)
	at org.apache.ratis.thirdparty.io.grpc.internal.ClientCallImpl$ClientStreamListenerImpl$1StreamClosed.runInternal(ClientCallImpl.java:735)
	at org.apache.ratis.thirdparty.io.grpc.internal.ClientCallImpl$ClientStreamListenerImpl$1StreamClosed.runInContext(ClientCallImpl.java:716)
	at org.apache.ratis.thirdparty.io.grpc.internal.ContextRunnable.run(ContextRunnable.java:37)
	at org.apache.ratis.thirdparty.io.grpc.internal.SerializingExecutor.run(SerializingExecutor.java:133)
	at java.base/java.util.concurrent.ThreadPoolExecutor.runWorker(ThreadPoolExecutor.java:1128)
	at java.base/java.util.concurrent.ThreadPoolExecutor$Worker.run(ThreadPoolExecutor.java:628)
	at java.base/java.lang.Thread.run(Thread.java:829)
Caused by: java.io.IOException: org.apache.ratis.thirdparty.io.grpc.StatusRuntimeException: UNAVAILABLE: io exception
	at org.apache.ratis.grpc.GrpcUtil.unwrapException(GrpcUtil.java:99)
	at org.apache.ratis.grpc.GrpcUtil.unwrapIOException(GrpcUtil.java:159)
	at org.apache.ratis.grpc.client.GrpcClientProtocolClient$AsyncStreamObservers$1.onError(GrpcClientProtocolClient.java:330)
	... 16 more
Caused by: org.apache.ratis.thirdparty.io.grpc.StatusRuntimeException: UNAVAILABLE: io exception
	at org.apache.ratis.thirdparty.io.grpc.Status.asRuntimeException(Status.java:537)
	... 16 more
Caused by: org.apache.ratis.thirdparty.io.netty.channel.AbstractChannel$AnnotatedConnectException: finishConnect(..) failed: Connection refused: localhost/127.0.0.1:34265
Caused by: java.net.ConnectException: finishConnect(..) failed: Connection refused
	at org.apache.ratis.thirdparty.io.netty.channel.unix.Errors.newConnectException0(Errors.java:166)
	at org.apache.ratis.thirdparty.io.netty.channel.unix.Errors.handleConnectErrno(Errors.java:131)
	at org.apache.ratis.thirdparty.io.netty.channel.unix.Socket.finishConnect(Socket.java:359)
	at org.apache.ratis.thirdparty.io.netty.channel.epoll.AbstractEpollChannel$AbstractEpollUnsafe.doFinishConnect(AbstractEpollChannel.java:710)
	at org.apache.ratis.thirdparty.io.netty.channel.epoll.AbstractEpollChannel$AbstractEpollUnsafe.finishConnect(AbstractEpollChannel.java:687)
	at org.apache.ratis.thirdparty.io.netty.channel.epoll.AbstractEpollChannel$AbstractEpollUnsafe.epollOutReady(AbstractEpollChannel.java:567)
	at org.apache.ratis.thirdparty.io.netty.channel.epoll.EpollEventLoop.processReady(EpollEventLoop.java:499)
	at org.apache.ratis.thirdparty.io.netty.channel.epoll.EpollEventLoop.run(EpollEventLoop.java:407)
	at org.apache.ratis.thirdparty.io.netty.util.concurrent.SingleThreadEventExecutor$4.run(SingleThreadEventExecutor.java:997)
	at org.apache.ratis.thirdparty.io.netty.util.internal.ThreadExecutorMap$2.run(ThreadExecutorMap.java:74)
	at org.apache.ratis.thirdparty.io.netty.util.concurrent.FastThreadLocalRunnable.run(FastThreadLocalRunnable.java:30)
	at java.base/java.lang.Thread.run(Thread.java:829)
2023-12-01 03:55:48,702 [s0-impl-thread1] INFO  segmented.SegmentedRaftLogWorker (SegmentedRaftLogWorker.java:close(245)) - s0@group-AF32D02DB247-SegmentedRaftLogWorker close()
2023-12-01 03:55:48,703 [JvmPauseMonitor6] INFO  util.JvmPauseMonitor (JvmPauseMonitor.java:run(152)) - JvmPauseMonitor-s0: Stopped
2023-12-01 03:55:48,704 [s2-impl-thread1] INFO  segmented.SegmentedRaftLogWorker (SegmentedRaftLogWorker.java:close(245)) - s2@group-AF32D02DB247-SegmentedRaftLogWorker close()
2023-12-01 03:55:48,705 [s1-impl-thread1] INFO  segmented.SegmentedRaftLogWorker (SegmentedRaftLogWorker.java:close(245)) - s1@group-AF32D02DB247-SegmentedRaftLogWorker close()
2023-12-01 03:55:48,705 [JvmPauseMonitor8] INFO  util.JvmPauseMonitor (JvmPauseMonitor.java:run(152)) - JvmPauseMonitor-s2: Stopped
2023-12-01 03:55:48,706 [JvmPauseMonitor7] INFO  util.JvmPauseMonitor (JvmPauseMonitor.java:run(152)) - JvmPauseMonitor-s1: Stopped
2023-12-01 03:55:48,706 [Time-limited test] INFO  impl.MiniRaftCluster (MiniRaftCluster.java:shutdown(855)) - MiniRaftClusterWithGrpc shutdown completed
]]></system-out>
  </testcase>
  <testcase name="testRetryOnNewLeader" classname="org.apache.ratis.grpc.TestRetryCacheWithGrpc" time="3.482">
    <system-out><![CDATA[2023-12-01 03:55:48,706 [main] INFO  util.LogUtils (Slf4jUtils.java:setLogLevel(38)) - Successfully set org.apache.ratis.conf.ConfUtils log level to WARN
2023-12-01 03:55:48,706 [main] INFO  util.LogUtils (Slf4jUtils.java:setLogLevel(38)) - Successfully set org.apache.ratis.util.FileUtils log level to TRACE
2023-12-01 03:55:48,706 [main] INFO  util.LogUtils (Slf4jUtils.java:setLogLevel(38)) - Successfully set org.apache.ratis.server.RetryCache log level to TRACE
2023-12-01 03:55:48,709 [Time-limited test] INFO  impl.MiniRaftCluster (MiniRaftCluster.java:runWithNewCluster(135)) - Running runWithNewCluster
2023-12-01 03:55:48,710 [Time-limited test] INFO  impl.MiniRaftCluster (MiniRaftCluster.java:<init>(306)) - new MiniRaftClusterWithGrpc with group-B93FFF3E6E7E:[s0|localhost:42131, s1|localhost:43397, s2|localhost:34445]
2023-12-01 03:55:48,710 [Time-limited test] INFO  impl.MiniRaftCluster (MiniRaftCluster.java:start(339)) - .............................................................. 
2023-12-01 03:55:48,710 [Time-limited test] INFO  impl.MiniRaftCluster (MiniRaftCluster.java:start(340)) - ... 
2023-12-01 03:55:48,710 [Time-limited test] INFO  impl.MiniRaftCluster (MiniRaftCluster.java:start(341)) - ...     Starting MiniRaftClusterWithGrpc
2023-12-01 03:55:48,710 [Time-limited test] INFO  impl.MiniRaftCluster (MiniRaftCluster.java:start(342)) - ... 
2023-12-01 03:55:48,710 [Time-limited test] INFO  impl.MiniRaftCluster (MiniRaftCluster.java:start(343)) - .............................................................. 
2023-12-01 03:55:48,710 [Time-limited test] INFO  impl.MiniRaftCluster (MiniRaftCluster.java:initServers(318)) - servers = {}
2023-12-01 03:55:48,710 [Time-limited test] INFO  impl.MiniRaftCluster (MiniRaftCluster.java:newRaftServer(382)) - newRaftServer: s0, group-B93FFF3E6E7E:[s0|localhost:42131, s1|localhost:43397, s2|localhost:34445], format? true
2023-12-01 03:55:48,710 [Time-limited test] TRACE util.FileUtils (FileUtils.java:deleteFully(305)) - deleteFully target/test/data/1b1d21a/MiniRaftClusterWithGrpc65a5be97/s0
2023-12-01 03:55:48,710 [Time-limited test] TRACE util.FileUtils (FileUtils.java:deleteFully(318)) - deleteFully: target/test/data/1b1d21a/MiniRaftClusterWithGrpc65a5be97/s0 does not exist.
2023-12-01 03:55:48,710 [Time-limited test] INFO  impl.MiniRaftCluster (MiniRaftCluster.java:newRaftServer(387)) - Formatted directory target/test/data/1b1d21a/MiniRaftClusterWithGrpc65a5be97/s0
2023-12-01 03:55:48,711 [Time-limited test] INFO  server.RaftServer (ConfUtils.java:logGet(46)) - raft.rpc.type = GRPC (default)
2023-12-01 03:55:48,711 [Time-limited test] INFO  grpc.GrpcConfigKeys (ConfUtils.java:logFallback(53)) - raft.grpc.admin.host = null (fallback to raft.grpc.server.host)
2023-12-01 03:55:48,711 [Time-limited test] INFO  grpc.GrpcConfigKeys (ConfUtils.java:logGet(46)) - raft.grpc.admin.port = 36935 (custom)
2023-12-01 03:55:48,711 [Time-limited test] INFO  grpc.GrpcConfigKeys (ConfUtils.java:logFallback(53)) - raft.grpc.client.host = null (fallback to raft.grpc.server.host)
2023-12-01 03:55:48,711 [Time-limited test] INFO  grpc.GrpcConfigKeys (ConfUtils.java:logGet(46)) - raft.grpc.client.port = 41903 (custom)
2023-12-01 03:55:48,711 [Time-limited test] INFO  grpc.GrpcConfigKeys (ConfUtils.java:logGet(46)) - raft.grpc.server.host = null (default)
2023-12-01 03:55:48,711 [Time-limited test] INFO  grpc.GrpcConfigKeys (ConfUtils.java:logGet(46)) - raft.grpc.server.port = 42131 (custom)
2023-12-01 03:55:48,711 [Time-limited test] INFO  server.GrpcService (ConfUtils.java:logGet(46)) - raft.grpc.message.size.max = 64MB (=67108864) (default)
2023-12-01 03:55:48,711 [Time-limited test] INFO  server.RaftServerConfigKeys (ConfUtils.java:logGet(46)) - raft.server.log.appender.buffer.byte-limit = 4MB (=4194304) (default)
2023-12-01 03:55:48,711 [Time-limited test] INFO  server.GrpcService (ConfUtils.java:logGet(46)) - raft.grpc.flow.control.window = 1MB (=1048576) (default)
2023-12-01 03:55:48,712 [Time-limited test] INFO  server.RaftServerConfigKeys (ConfUtils.java:logGet(46)) - raft.server.rpc.request.timeout = 3000ms (default)
2023-12-01 03:55:48,712 [Time-limited test] INFO  grpc.GrpcConfigKeys (ConfUtils.java:logGet(46)) - raft.grpc.server.heartbeat.channel = true (default)
2023-12-01 03:55:48,712 [Time-limited test] INFO  grpc.GrpcConfigKeys (ConfUtils.java:logGet(46)) - raft.grpc.server.async.request.thread.pool.cached = true (default)
2023-12-01 03:55:48,712 [Time-limited test] INFO  grpc.GrpcConfigKeys (ConfUtils.java:logGet(46)) - raft.grpc.server.async.request.thread.pool.size = 32 (default)
2023-12-01 03:55:48,713 [Time-limited test] INFO  impl.DataStreamServerImpl (ConfUtils.java:logGet(46)) - raft.datastream.type = DISABLED (default)
2023-12-01 03:55:48,713 [Time-limited test] INFO  server.RaftServerConfigKeys (ConfUtils.java:logGet(46)) - raft.server.sleep.deviation.threshold = 300ms (default)
2023-12-01 03:55:48,713 [Time-limited test] INFO  server.RaftServerConfigKeys (ConfUtils.java:logGet(46)) - raft.server.close.threshold = 60s (default)
2023-12-01 03:55:48,713 [Time-limited test] INFO  server.RaftServerConfigKeys (ConfUtils.java:logGet(46)) - raft.server.leaderelection.leader.step-down.wait-time = 10s (default)
2023-12-01 03:55:48,713 [Time-limited test] INFO  server.RaftServerConfigKeys (ConfUtils.java:logGet(46)) - raft.server.storage.dir = [/home/runner/work/ratis/ratis/ratis-test/target/test/data/1b1d21a/MiniRaftClusterWithGrpc65a5be97/s0] (custom)
2023-12-01 03:55:48,713 [Time-limited test] INFO  server.RaftServerConfigKeys (ConfUtils.java:logGet(46)) - raft.server.threadpool.proxy.cached = true (default)
2023-12-01 03:55:48,713 [Time-limited test] INFO  server.RaftServerConfigKeys (ConfUtils.java:logGet(46)) - raft.server.threadpool.proxy.size = 0 (default)
2023-12-01 03:55:48,714 [Time-limited test] INFO  server.RaftServer (RaftServerProxy.java:addNew(100)) - s0: addNew group-B93FFF3E6E7E:[s0|localhost:42131, s1|localhost:43397, s2|localhost:34445] returns group-B93FFF3E6E7E:java.util.concurrent.CompletableFuture@4b6ce579[Not completed]
2023-12-01 03:55:48,714 [Time-limited test] INFO  impl.MiniRaftCluster (MiniRaftCluster.java:newRaftServer(382)) - newRaftServer: s1, group-B93FFF3E6E7E:[s0|localhost:42131, s1|localhost:43397, s2|localhost:34445], format? true
2023-12-01 03:55:48,714 [Time-limited test] TRACE util.FileUtils (FileUtils.java:deleteFully(305)) - deleteFully target/test/data/1b1d21a/MiniRaftClusterWithGrpc65a5be97/s1
2023-12-01 03:55:48,714 [s0-groupManagement] INFO  server.RaftServerConfigKeys (ConfUtils.java:logGet(46)) - raft.server.log.segment.size.max = 32MB (=33554432) (default)
2023-12-01 03:55:48,714 [Time-limited test] TRACE util.FileUtils (FileUtils.java:deleteFully(318)) - deleteFully: target/test/data/1b1d21a/MiniRaftClusterWithGrpc65a5be97/s1 does not exist.
2023-12-01 03:55:48,714 [s0-groupManagement] INFO  server.RaftServerConfigKeys (ConfUtils.java:logGet(46)) - raft.server.log.preallocated.size = 4MB (=4194304) (default)
2023-12-01 03:55:48,714 [Time-limited test] INFO  impl.MiniRaftCluster (MiniRaftCluster.java:newRaftServer(387)) - Formatted directory target/test/data/1b1d21a/MiniRaftClusterWithGrpc65a5be97/s1
2023-12-01 03:55:48,714 [s0-groupManagement] INFO  server.RaftServerConfigKeys (ConfUtils.java:logGet(46)) - raft.server.log.write.buffer.size = 8MB (=8388608) (default)
2023-12-01 03:55:48,714 [s0-groupManagement] INFO  server.RaftServer$Division (RaftServerImpl.java:<init>(256)) - s0: new RaftServerImpl for group-B93FFF3E6E7E:[s0|localhost:42131, s1|localhost:43397, s2|localhost:34445] with SimpleStateMachine4Testing:uninitialized
2023-12-01 03:55:48,714 [s0-groupManagement] INFO  server.RaftServerConfigKeys (ConfUtils.java:logGet(46)) - raft.server.rpc.timeout.min = 150ms (default)
2023-12-01 03:55:48,714 [Time-limited test] INFO  server.RaftServer (ConfUtils.java:logGet(46)) - raft.rpc.type = GRPC (default)
2023-12-01 03:55:48,714 [s0-groupManagement] INFO  server.RaftServerConfigKeys (ConfUtils.java:logGet(46)) - raft.server.rpc.timeout.max = 300ms (default)
2023-12-01 03:55:48,714 [Time-limited test] INFO  grpc.GrpcConfigKeys (ConfUtils.java:logFallback(53)) - raft.grpc.admin.host = null (fallback to raft.grpc.server.host)
2023-12-01 03:55:48,715 [s0-groupManagement] INFO  server.RaftServerConfigKeys (ConfUtils.java:logGet(46)) - raft.server.rpc.sleep.time = 25ms (default)
2023-12-01 03:55:48,715 [Time-limited test] INFO  grpc.GrpcConfigKeys (ConfUtils.java:logGet(46)) - raft.grpc.admin.port = 43233 (custom)
2023-12-01 03:55:48,715 [s0-groupManagement] INFO  server.RaftServerConfigKeys (ConfUtils.java:logGet(46)) - raft.server.rpc.slowness.timeout = 60s (default)
2023-12-01 03:55:48,715 [Time-limited test] INFO  grpc.GrpcConfigKeys (ConfUtils.java:logFallback(53)) - raft.grpc.client.host = null (fallback to raft.grpc.server.host)
2023-12-01 03:55:48,715 [s0-groupManagement] INFO  server.RaftServerConfigKeys (ConfUtils.java:logGet(46)) - raft.server.leaderelection.leader.step-down.wait-time = 10s (default)
2023-12-01 03:55:48,715 [Time-limited test] INFO  grpc.GrpcConfigKeys (ConfUtils.java:logGet(46)) - raft.grpc.client.port = 45665 (custom)
2023-12-01 03:55:48,715 [s0-groupManagement] INFO  server.RaftServerConfigKeys (ConfUtils.java:logGet(46)) - raft.server.leaderelection.member.majority-add = false (default)
2023-12-01 03:55:48,715 [Time-limited test] INFO  grpc.GrpcConfigKeys (ConfUtils.java:logGet(46)) - raft.grpc.server.host = null (default)
2023-12-01 03:55:48,715 [s0-groupManagement] INFO  server.RaftServerConfigKeys (ConfUtils.java:logGet(46)) - raft.server.sleep.deviation.threshold = 300ms (default)
2023-12-01 03:55:48,715 [Time-limited test] INFO  grpc.GrpcConfigKeys (ConfUtils.java:logGet(46)) - raft.grpc.server.port = 43397 (custom)
2023-12-01 03:55:48,715 [s0-groupManagement] INFO  server.RaftServer$Division (ServerState.java:<init>(113)) - s0@group-B93FFF3E6E7E: ConfigurationManager, init=-1: peers:[s0|localhost:42131, s1|localhost:43397, s2|localhost:34445]|listeners:[], old=null, confs=<EMPTY_MAP>
2023-12-01 03:55:48,715 [Time-limited test] INFO  server.GrpcService (ConfUtils.java:logGet(46)) - raft.grpc.message.size.max = 64MB (=67108864) (default)
2023-12-01 03:55:48,715 [s0-groupManagement] INFO  server.RaftServerConfigKeys (ConfUtils.java:logGet(46)) - raft.server.notification.no-leader.timeout = 60s (default)
2023-12-01 03:55:48,715 [Time-limited test] INFO  server.RaftServerConfigKeys (ConfUtils.java:logGet(46)) - raft.server.log.appender.buffer.byte-limit = 4MB (=4194304) (default)
2023-12-01 03:55:48,715 [s0-groupManagement] INFO  server.RaftServerConfigKeys (ConfUtils.java:logGet(46)) - raft.server.read.timeout = 10s (default)
2023-12-01 03:55:48,715 [Time-limited test] INFO  server.GrpcService (ConfUtils.java:logGet(46)) - raft.grpc.flow.control.window = 1MB (=1048576) (default)
2023-12-01 03:55:48,715 [s0-groupManagement] INFO  server.RaftServerConfigKeys (ConfUtils.java:logGet(46)) - raft.server.retrycache.expirytime = 60s (default)
2023-12-01 03:55:48,715 [Time-limited test] INFO  server.RaftServerConfigKeys (ConfUtils.java:logGet(46)) - raft.server.rpc.request.timeout = 3000ms (default)
2023-12-01 03:55:48,715 [s0-groupManagement] INFO  server.RaftServerConfigKeys (ConfUtils.java:logGet(46)) - raft.server.retrycache.statistics.expirytime = 100ms (default)
2023-12-01 03:55:48,716 [Time-limited test] INFO  grpc.GrpcConfigKeys (ConfUtils.java:logGet(46)) - raft.grpc.server.heartbeat.channel = true (default)
2023-12-01 03:55:48,716 [Time-limited test] INFO  grpc.GrpcConfigKeys (ConfUtils.java:logGet(46)) - raft.grpc.server.async.request.thread.pool.cached = true (default)
2023-12-01 03:55:48,716 [s0-groupManagement] INFO  server.RaftServerConfigKeys (ConfUtils.java:logGet(46)) - raft.server.read.option = DEFAULT (default)
2023-12-01 03:55:48,716 [Time-limited test] INFO  grpc.GrpcConfigKeys (ConfUtils.java:logGet(46)) - raft.grpc.server.async.request.thread.pool.size = 32 (default)
2023-12-01 03:55:48,716 [s0-groupManagement] INFO  server.RaftServerConfigKeys (ConfUtils.java:logGet(46)) - raft.server.read.read-after-write-consistent.write-index-cache.expiry-time = 60s (default)
2023-12-01 03:55:48,717 [s0-groupManagement] INFO  server.RaftServerConfigKeys (ConfUtils.java:logGet(46)) - raft.server.rpc.request.timeout = 3000ms (default)
2023-12-01 03:55:48,717 [s0-groupManagement] INFO  server.RaftServerConfigKeys (ConfUtils.java:logGet(46)) - raft.server.log.appender.install.snapshot.enabled = true (default)
2023-12-01 03:55:48,717 [Time-limited test] INFO  impl.DataStreamServerImpl (ConfUtils.java:logGet(46)) - raft.datastream.type = DISABLED (default)
2023-12-01 03:55:48,717 [s0-groupManagement] INFO  server.RaftServerConfigKeys (ConfUtils.java:logGet(46)) - raft.server.threadpool.server.cached = true (default)
2023-12-01 03:55:48,717 [Time-limited test] INFO  server.RaftServerConfigKeys (ConfUtils.java:logGet(46)) - raft.server.sleep.deviation.threshold = 300ms (default)
2023-12-01 03:55:48,717 [s0-groupManagement] INFO  server.RaftServerConfigKeys (ConfUtils.java:logGet(46)) - raft.server.threadpool.server.size = 0 (default)
2023-12-01 03:55:48,717 [Time-limited test] INFO  server.RaftServerConfigKeys (ConfUtils.java:logGet(46)) - raft.server.close.threshold = 60s (default)
2023-12-01 03:55:48,717 [s0-groupManagement] INFO  server.RaftServerConfigKeys (ConfUtils.java:logGet(46)) - raft.server.threadpool.client.cached = true (default)
2023-12-01 03:55:48,717 [Time-limited test] INFO  server.RaftServerConfigKeys (ConfUtils.java:logGet(46)) - raft.server.leaderelection.leader.step-down.wait-time = 10s (default)
2023-12-01 03:55:48,717 [s0-groupManagement] INFO  server.RaftServerConfigKeys (ConfUtils.java:logGet(46)) - raft.server.threadpool.client.size = 0 (default)
2023-12-01 03:55:48,717 [Time-limited test] INFO  server.RaftServerConfigKeys (ConfUtils.java:logGet(46)) - raft.server.storage.dir = [/home/runner/work/ratis/ratis/ratis-test/target/test/data/1b1d21a/MiniRaftClusterWithGrpc65a5be97/s1] (custom)
2023-12-01 03:55:48,717 [Time-limited test] INFO  server.RaftServerConfigKeys (ConfUtils.java:logGet(46)) - raft.server.threadpool.proxy.cached = true (default)
2023-12-01 03:55:48,717 [Time-limited test] INFO  server.RaftServerConfigKeys (ConfUtils.java:logGet(46)) - raft.server.threadpool.proxy.size = 0 (default)
2023-12-01 03:55:48,717 [Time-limited test] INFO  server.RaftServer (RaftServerProxy.java:addNew(100)) - s1: addNew group-B93FFF3E6E7E:[s0|localhost:42131, s1|localhost:43397, s2|localhost:34445] returns group-B93FFF3E6E7E:java.util.concurrent.CompletableFuture@7286087[Not completed]
2023-12-01 03:55:48,718 [s1-groupManagement] INFO  server.RaftServerConfigKeys (ConfUtils.java:logGet(46)) - raft.server.log.segment.size.max = 32MB (=33554432) (default)
2023-12-01 03:55:48,718 [Time-limited test] INFO  impl.MiniRaftCluster (MiniRaftCluster.java:newRaftServer(382)) - newRaftServer: s2, group-B93FFF3E6E7E:[s0|localhost:42131, s1|localhost:43397, s2|localhost:34445], format? true
2023-12-01 03:55:48,718 [s1-groupManagement] INFO  server.RaftServerConfigKeys (ConfUtils.java:logGet(46)) - raft.server.log.preallocated.size = 4MB (=4194304) (default)
2023-12-01 03:55:48,718 [Time-limited test] TRACE util.FileUtils (FileUtils.java:deleteFully(305)) - deleteFully target/test/data/1b1d21a/MiniRaftClusterWithGrpc65a5be97/s2
2023-12-01 03:55:48,718 [s1-groupManagement] INFO  server.RaftServerConfigKeys (ConfUtils.java:logGet(46)) - raft.server.log.write.buffer.size = 8MB (=8388608) (default)
2023-12-01 03:55:48,718 [s1-groupManagement] INFO  server.RaftServer$Division (RaftServerImpl.java:<init>(256)) - s1: new RaftServerImpl for group-B93FFF3E6E7E:[s0|localhost:42131, s1|localhost:43397, s2|localhost:34445] with SimpleStateMachine4Testing:uninitialized
2023-12-01 03:55:48,718 [Time-limited test] TRACE util.FileUtils (FileUtils.java:deleteFully(318)) - deleteFully: target/test/data/1b1d21a/MiniRaftClusterWithGrpc65a5be97/s2 does not exist.
2023-12-01 03:55:48,718 [s1-groupManagement] INFO  server.RaftServerConfigKeys (ConfUtils.java:logGet(46)) - raft.server.rpc.timeout.min = 150ms (default)
2023-12-01 03:55:48,718 [Time-limited test] INFO  impl.MiniRaftCluster (MiniRaftCluster.java:newRaftServer(387)) - Formatted directory target/test/data/1b1d21a/MiniRaftClusterWithGrpc65a5be97/s2
2023-12-01 03:55:48,718 [s1-groupManagement] INFO  server.RaftServerConfigKeys (ConfUtils.java:logGet(46)) - raft.server.rpc.timeout.max = 300ms (default)
2023-12-01 03:55:48,718 [s1-groupManagement] INFO  server.RaftServerConfigKeys (ConfUtils.java:logGet(46)) - raft.server.rpc.sleep.time = 25ms (default)
2023-12-01 03:55:48,718 [s1-groupManagement] INFO  server.RaftServerConfigKeys (ConfUtils.java:logGet(46)) - raft.server.rpc.slowness.timeout = 60s (default)
2023-12-01 03:55:48,718 [s1-groupManagement] INFO  server.RaftServerConfigKeys (ConfUtils.java:logGet(46)) - raft.server.leaderelection.leader.step-down.wait-time = 10s (default)
2023-12-01 03:55:48,718 [s1-groupManagement] INFO  server.RaftServerConfigKeys (ConfUtils.java:logGet(46)) - raft.server.leaderelection.member.majority-add = false (default)
2023-12-01 03:55:48,718 [s1-groupManagement] INFO  server.RaftServerConfigKeys (ConfUtils.java:logGet(46)) - raft.server.sleep.deviation.threshold = 300ms (default)
2023-12-01 03:55:48,718 [Time-limited test] INFO  server.RaftServer (ConfUtils.java:logGet(46)) - raft.rpc.type = GRPC (default)
2023-12-01 03:55:48,718 [s1-groupManagement] INFO  server.RaftServer$Division (ServerState.java:<init>(113)) - s1@group-B93FFF3E6E7E: ConfigurationManager, init=-1: peers:[s0|localhost:42131, s1|localhost:43397, s2|localhost:34445]|listeners:[], old=null, confs=<EMPTY_MAP>
2023-12-01 03:55:48,718 [Time-limited test] INFO  grpc.GrpcConfigKeys (ConfUtils.java:logFallback(53)) - raft.grpc.admin.host = null (fallback to raft.grpc.server.host)
2023-12-01 03:55:48,718 [s1-groupManagement] INFO  server.RaftServerConfigKeys (ConfUtils.java:logGet(46)) - raft.server.notification.no-leader.timeout = 60s (default)
2023-12-01 03:55:48,718 [Time-limited test] INFO  grpc.GrpcConfigKeys (ConfUtils.java:logGet(46)) - raft.grpc.admin.port = 44199 (custom)
2023-12-01 03:55:48,718 [s1-groupManagement] INFO  server.RaftServerConfigKeys (ConfUtils.java:logGet(46)) - raft.server.read.timeout = 10s (default)
2023-12-01 03:55:48,718 [Time-limited test] INFO  grpc.GrpcConfigKeys (ConfUtils.java:logFallback(53)) - raft.grpc.client.host = null (fallback to raft.grpc.server.host)
2023-12-01 03:55:48,718 [s1-groupManagement] INFO  server.RaftServerConfigKeys (ConfUtils.java:logGet(46)) - raft.server.retrycache.expirytime = 60s (default)
2023-12-01 03:55:48,718 [Time-limited test] INFO  grpc.GrpcConfigKeys (ConfUtils.java:logGet(46)) - raft.grpc.client.port = 33973 (custom)
2023-12-01 03:55:48,718 [s1-groupManagement] INFO  server.RaftServerConfigKeys (ConfUtils.java:logGet(46)) - raft.server.retrycache.statistics.expirytime = 100ms (default)
2023-12-01 03:55:48,719 [Time-limited test] INFO  grpc.GrpcConfigKeys (ConfUtils.java:logGet(46)) - raft.grpc.server.host = null (default)
2023-12-01 03:55:48,719 [s1-groupManagement] INFO  server.RaftServerConfigKeys (ConfUtils.java:logGet(46)) - raft.server.read.option = DEFAULT (default)
2023-12-01 03:55:48,719 [Time-limited test] INFO  grpc.GrpcConfigKeys (ConfUtils.java:logGet(46)) - raft.grpc.server.port = 34445 (custom)
2023-12-01 03:55:48,719 [s1-groupManagement] INFO  server.RaftServerConfigKeys (ConfUtils.java:logGet(46)) - raft.server.read.read-after-write-consistent.write-index-cache.expiry-time = 60s (default)
2023-12-01 03:55:48,719 [Time-limited test] INFO  server.GrpcService (ConfUtils.java:logGet(46)) - raft.grpc.message.size.max = 64MB (=67108864) (default)
2023-12-01 03:55:48,719 [Time-limited test] INFO  server.RaftServerConfigKeys (ConfUtils.java:logGet(46)) - raft.server.log.appender.buffer.byte-limit = 4MB (=4194304) (default)
2023-12-01 03:55:48,719 [Time-limited test] INFO  server.GrpcService (ConfUtils.java:logGet(46)) - raft.grpc.flow.control.window = 1MB (=1048576) (default)
2023-12-01 03:55:48,719 [Time-limited test] INFO  server.RaftServerConfigKeys (ConfUtils.java:logGet(46)) - raft.server.rpc.request.timeout = 3000ms (default)
2023-12-01 03:55:48,719 [Time-limited test] INFO  grpc.GrpcConfigKeys (ConfUtils.java:logGet(46)) - raft.grpc.server.heartbeat.channel = true (default)
2023-12-01 03:55:48,719 [Time-limited test] INFO  grpc.GrpcConfigKeys (ConfUtils.java:logGet(46)) - raft.grpc.server.async.request.thread.pool.cached = true (default)
2023-12-01 03:55:48,719 [Time-limited test] INFO  grpc.GrpcConfigKeys (ConfUtils.java:logGet(46)) - raft.grpc.server.async.request.thread.pool.size = 32 (default)
2023-12-01 03:55:48,720 [s1-groupManagement] INFO  server.RaftServerConfigKeys (ConfUtils.java:logGet(46)) - raft.server.rpc.request.timeout = 3000ms (default)
2023-12-01 03:55:48,720 [s1-groupManagement] INFO  server.RaftServerConfigKeys (ConfUtils.java:logGet(46)) - raft.server.log.appender.install.snapshot.enabled = true (default)
2023-12-01 03:55:48,720 [s1-groupManagement] INFO  server.RaftServerConfigKeys (ConfUtils.java:logGet(46)) - raft.server.threadpool.server.cached = true (default)
2023-12-01 03:55:48,720 [s1-groupManagement] INFO  server.RaftServerConfigKeys (ConfUtils.java:logGet(46)) - raft.server.threadpool.server.size = 0 (default)
2023-12-01 03:55:48,720 [s1-groupManagement] INFO  server.RaftServerConfigKeys (ConfUtils.java:logGet(46)) - raft.server.threadpool.client.cached = true (default)
2023-12-01 03:55:48,720 [s1-groupManagement] INFO  server.RaftServerConfigKeys (ConfUtils.java:logGet(46)) - raft.server.threadpool.client.size = 0 (default)
2023-12-01 03:55:48,722 [Time-limited test] INFO  impl.DataStreamServerImpl (ConfUtils.java:logGet(46)) - raft.datastream.type = DISABLED (default)
2023-12-01 03:55:48,722 [Time-limited test] INFO  server.RaftServerConfigKeys (ConfUtils.java:logGet(46)) - raft.server.sleep.deviation.threshold = 300ms (default)
2023-12-01 03:55:48,722 [Time-limited test] INFO  server.RaftServerConfigKeys (ConfUtils.java:logGet(46)) - raft.server.close.threshold = 60s (default)
2023-12-01 03:55:48,722 [Time-limited test] INFO  server.RaftServerConfigKeys (ConfUtils.java:logGet(46)) - raft.server.leaderelection.leader.step-down.wait-time = 10s (default)
2023-12-01 03:55:48,722 [Time-limited test] INFO  server.RaftServerConfigKeys (ConfUtils.java:logGet(46)) - raft.server.storage.dir = [/home/runner/work/ratis/ratis/ratis-test/target/test/data/1b1d21a/MiniRaftClusterWithGrpc65a5be97/s2] (custom)
2023-12-01 03:55:48,722 [Time-limited test] INFO  server.RaftServerConfigKeys (ConfUtils.java:logGet(46)) - raft.server.threadpool.proxy.cached = true (default)
2023-12-01 03:55:48,722 [Time-limited test] INFO  server.RaftServerConfigKeys (ConfUtils.java:logGet(46)) - raft.server.threadpool.proxy.size = 0 (default)
2023-12-01 03:55:48,722 [grpc-default-executor-4] ERROR impl.OrderedAsync (OrderedAsync.java:lambda$sendRequest$9(247)) - client-915AA7F58988: Failed* RaftClientRequest:client-915AA7F58988->s2@group-FB8FFDFFFB35, cid=6, seq=1*, Watch(0), null
java.util.concurrent.CompletionException: java.io.IOException: org.apache.ratis.thirdparty.io.grpc.StatusRuntimeException: UNAVAILABLE: io exception
	at java.base/java.util.concurrent.CompletableFuture.encodeThrowable(CompletableFuture.java:331)
	at java.base/java.util.concurrent.CompletableFuture.completeThrowable(CompletableFuture.java:346)
	at java.base/java.util.concurrent.CompletableFuture$UniApply.tryFire(CompletableFuture.java:632)
	at java.base/java.util.concurrent.CompletableFuture.postComplete(CompletableFuture.java:506)
	at java.base/java.util.concurrent.CompletableFuture.completeExceptionally(CompletableFuture.java:2094)
	at org.apache.ratis.grpc.client.GrpcClientProtocolClient$AsyncStreamObservers.completeReplyExceptionally(GrpcClientProtocolClient.java:394)
	at org.apache.ratis.grpc.client.GrpcClientProtocolClient$AsyncStreamObservers.access$000(GrpcClientProtocolClient.java:300)
	at org.apache.ratis.grpc.client.GrpcClientProtocolClient$AsyncStreamObservers$1.onError(GrpcClientProtocolClient.java:331)
	at org.apache.ratis.thirdparty.io.grpc.stub.ClientCalls$StreamObserverToCallListenerAdapter.onClose(ClientCalls.java:481)
	at org.apache.ratis.thirdparty.io.grpc.PartialForwardingClientCallListener.onClose(PartialForwardingClientCallListener.java:39)
	at org.apache.ratis.thirdparty.io.grpc.ForwardingClientCallListener.onClose(ForwardingClientCallListener.java:23)
	at org.apache.ratis.grpc.metrics.intercept.client.MetricClientCallListener.onClose(MetricClientCallListener.java:47)
	at org.apache.ratis.thirdparty.io.grpc.internal.DelayedClientCall$DelayedListener$3.run(DelayedClientCall.java:489)
	at org.apache.ratis.thirdparty.io.grpc.internal.DelayedClientCall$DelayedListener.delayOrExecute(DelayedClientCall.java:453)
	at org.apache.ratis.thirdparty.io.grpc.internal.DelayedClientCall$DelayedListener.onClose(DelayedClientCall.java:486)
	at org.apache.ratis.thirdparty.io.grpc.internal.ClientCallImpl.closeObserver(ClientCallImpl.java:567)
	at org.apache.ratis.thirdparty.io.grpc.internal.ClientCallImpl.access$300(ClientCallImpl.java:71)
	at org.apache.ratis.thirdparty.io.grpc.internal.ClientCallImpl$ClientStreamListenerImpl$1StreamClosed.runInternal(ClientCallImpl.java:735)
	at org.apache.ratis.thirdparty.io.grpc.internal.ClientCallImpl$ClientStreamListenerImpl$1StreamClosed.runInContext(ClientCallImpl.java:716)
	at org.apache.ratis.thirdparty.io.grpc.internal.ContextRunnable.run(ContextRunnable.java:37)
	at org.apache.ratis.thirdparty.io.grpc.internal.SerializingExecutor.run(SerializingExecutor.java:133)
	at java.base/java.util.concurrent.ThreadPoolExecutor.runWorker(ThreadPoolExecutor.java:1128)
	at java.base/java.util.concurrent.ThreadPoolExecutor$Worker.run(ThreadPoolExecutor.java:628)
	at java.base/java.lang.Thread.run(Thread.java:829)
Caused by: java.io.IOException: org.apache.ratis.thirdparty.io.grpc.StatusRuntimeException: UNAVAILABLE: io exception
	at org.apache.ratis.grpc.GrpcUtil.unwrapException(GrpcUtil.java:99)
	at org.apache.ratis.grpc.GrpcUtil.unwrapIOException(GrpcUtil.java:159)
	at org.apache.ratis.grpc.client.GrpcClientProtocolClient$AsyncStreamObservers$1.onError(GrpcClientProtocolClient.java:330)
	... 16 more
Caused by: org.apache.ratis.thirdparty.io.grpc.StatusRuntimeException: UNAVAILABLE: io exception
	at org.apache.ratis.thirdparty.io.grpc.Status.asRuntimeException(Status.java:537)
	... 16 more
Caused by: org.apache.ratis.thirdparty.io.netty.channel.AbstractChannel$AnnotatedConnectException: finishConnect(..) failed: Connection refused: localhost/127.0.0.1:34227
Caused by: java.net.ConnectException: finishConnect(..) failed: Connection refused
	at org.apache.ratis.thirdparty.io.netty.channel.unix.Errors.newConnectException0(Errors.java:166)
	at org.apache.ratis.thirdparty.io.netty.channel.unix.Errors.handleConnectErrno(Errors.java:131)
	at org.apache.ratis.thirdparty.io.netty.channel.unix.Socket.finishConnect(Socket.java:359)
	at org.apache.ratis.thirdparty.io.netty.channel.epoll.AbstractEpollChannel$AbstractEpollUnsafe.doFinishConnect(AbstractEpollChannel.java:710)
	at org.apache.ratis.thirdparty.io.netty.channel.epoll.AbstractEpollChannel$AbstractEpollUnsafe.finishConnect(AbstractEpollChannel.java:687)
	at org.apache.ratis.thirdparty.io.netty.channel.epoll.AbstractEpollChannel$AbstractEpollUnsafe.epollOutReady(AbstractEpollChannel.java:567)
	at org.apache.ratis.thirdparty.io.netty.channel.epoll.EpollEventLoop.processReady(EpollEventLoop.java:499)
	at org.apache.ratis.thirdparty.io.netty.channel.epoll.EpollEventLoop.run(EpollEventLoop.java:407)
	at org.apache.ratis.thirdparty.io.netty.util.concurrent.SingleThreadEventExecutor$4.run(SingleThreadEventExecutor.java:997)
	at org.apache.ratis.thirdparty.io.netty.util.internal.ThreadExecutorMap$2.run(ThreadExecutorMap.java:74)
	at org.apache.ratis.thirdparty.io.netty.util.concurrent.FastThreadLocalRunnable.run(FastThreadLocalRunnable.java:30)
	at java.base/java.lang.Thread.run(Thread.java:829)
2023-12-01 03:55:48,723 [Time-limited test] INFO  server.RaftServer (RaftServerProxy.java:addNew(100)) - s2: addNew group-B93FFF3E6E7E:[s0|localhost:42131, s1|localhost:43397, s2|localhost:34445] returns group-B93FFF3E6E7E:java.util.concurrent.CompletableFuture@58c49102[Not completed]
2023-12-01 03:55:48,723 [s2-groupManagement] INFO  server.RaftServerConfigKeys (ConfUtils.java:logGet(46)) - raft.server.log.segment.size.max = 32MB (=33554432) (default)
2023-12-01 03:55:48,723 [s0-impl-thread1] INFO  server.RaftServerConfigKeys (ConfUtils.java:logGet(46)) - raft.server.storage.free-space.min = 0MB (=0) (default)
2023-12-01 03:55:48,723 [s2-groupManagement] INFO  server.RaftServerConfigKeys (ConfUtils.java:logGet(46)) - raft.server.log.preallocated.size = 4MB (=4194304) (default)
2023-12-01 03:55:48,723 [s0-impl-thread1] INFO  server.RaftServerConfigKeys (ConfUtils.java:logGet(46)) - raft.server.log.corruption.policy = EXCEPTION (default)
2023-12-01 03:55:48,723 [s2-groupManagement] INFO  server.RaftServerConfigKeys (ConfUtils.java:logGet(46)) - raft.server.log.write.buffer.size = 8MB (=8388608) (default)
2023-12-01 03:55:48,723 [s0-impl-thread1] INFO  server.RaftServerConfigKeys (ConfUtils.java:logGet(46)) - raft.server.storage.dir = [/home/runner/work/ratis/ratis/ratis-test/target/test/data/1b1d21a/MiniRaftClusterWithGrpc65a5be97/s0] (custom)
2023-12-01 03:55:48,723 [s2-groupManagement] INFO  server.RaftServer$Division (RaftServerImpl.java:<init>(256)) - s2: new RaftServerImpl for group-B93FFF3E6E7E:[s0|localhost:42131, s1|localhost:43397, s2|localhost:34445] with SimpleStateMachine4Testing:uninitialized
2023-12-01 03:55:48,723 [s2-groupManagement] INFO  server.RaftServerConfigKeys (ConfUtils.java:logGet(46)) - raft.server.rpc.timeout.min = 150ms (default)
2023-12-01 03:55:48,723 [s2-groupManagement] INFO  server.RaftServerConfigKeys (ConfUtils.java:logGet(46)) - raft.server.rpc.timeout.max = 300ms (default)
2023-12-01 03:55:48,723 [s2-groupManagement] INFO  server.RaftServerConfigKeys (ConfUtils.java:logGet(46)) - raft.server.rpc.sleep.time = 25ms (default)
2023-12-01 03:55:48,723 [s0-impl-thread1] INFO  storage.RaftStorageDirectory (RaftStorageDirectoryImpl.java:analyzeStorage(138)) - The storage directory /home/runner/work/ratis/ratis/ratis-test/target/test/data/1b1d21a/MiniRaftClusterWithGrpc65a5be97/s0/54092739-1e46-4bd5-803a-b93fff3e6e7e does not exist. Creating ...
2023-12-01 03:55:48,723 [s2-groupManagement] INFO  server.RaftServerConfigKeys (ConfUtils.java:logGet(46)) - raft.server.rpc.slowness.timeout = 60s (default)
2023-12-01 03:55:48,723 [s2-groupManagement] INFO  server.RaftServerConfigKeys (ConfUtils.java:logGet(46)) - raft.server.leaderelection.leader.step-down.wait-time = 10s (default)
2023-12-01 03:55:48,723 [s2-groupManagement] INFO  server.RaftServerConfigKeys (ConfUtils.java:logGet(46)) - raft.server.leaderelection.member.majority-add = false (default)
2023-12-01 03:55:48,723 [s2-groupManagement] INFO  server.RaftServerConfigKeys (ConfUtils.java:logGet(46)) - raft.server.sleep.deviation.threshold = 300ms (default)
2023-12-01 03:55:48,724 [s2-groupManagement] INFO  server.RaftServer$Division (ServerState.java:<init>(113)) - s2@group-B93FFF3E6E7E: ConfigurationManager, init=-1: peers:[s0|localhost:42131, s1|localhost:43397, s2|localhost:34445]|listeners:[], old=null, confs=<EMPTY_MAP>
2023-12-01 03:55:48,724 [s2-groupManagement] INFO  server.RaftServerConfigKeys (ConfUtils.java:logGet(46)) - raft.server.notification.no-leader.timeout = 60s (default)
2023-12-01 03:55:48,724 [s2-groupManagement] INFO  server.RaftServerConfigKeys (ConfUtils.java:logGet(46)) - raft.server.read.timeout = 10s (default)
2023-12-01 03:55:48,724 [s0-impl-thread1] TRACE util.FileUtils (LogUtils.java:runAndLog(49)) - Successfully ran Files.createDirectories /home/runner/work/ratis/ratis/ratis-test/target/test/data/1b1d21a/MiniRaftClusterWithGrpc65a5be97/s0/54092739-1e46-4bd5-803a-b93fff3e6e7e
2023-12-01 03:55:48,730 [s2-groupManagement] INFO  server.RaftServerConfigKeys (ConfUtils.java:logGet(46)) - raft.server.retrycache.expirytime = 60s (default)
2023-12-01 03:55:48,730 [s2-groupManagement] INFO  server.RaftServerConfigKeys (ConfUtils.java:logGet(46)) - raft.server.retrycache.statistics.expirytime = 100ms (default)
2023-12-01 03:55:48,731 [s2-groupManagement] INFO  server.RaftServerConfigKeys (ConfUtils.java:logGet(46)) - raft.server.read.option = DEFAULT (default)
2023-12-01 03:55:48,731 [s2-groupManagement] INFO  server.RaftServerConfigKeys (ConfUtils.java:logGet(46)) - raft.server.read.read-after-write-consistent.write-index-cache.expiry-time = 60s (default)
2023-12-01 03:55:48,731 [s0-impl-thread1] INFO  storage.RaftStorageDirectory (RaftStorageDirectoryImpl.java:tryLock(232)) - Lock on /home/runner/work/ratis/ratis/ratis-test/target/test/data/1b1d21a/MiniRaftClusterWithGrpc65a5be97/s0/54092739-1e46-4bd5-803a-b93fff3e6e7e/in_use.lock acquired by nodename 4676@fv-az912-722
2023-12-01 03:55:48,731 [s0-impl-thread1] TRACE util.FileUtils (LogUtils.java:runAndLog(49)) - Successfully ran Files.createDirectories /home/runner/work/ratis/ratis/ratis-test/target/test/data/1b1d21a/MiniRaftClusterWithGrpc65a5be97/s0/54092739-1e46-4bd5-803a-b93fff3e6e7e/current
2023-12-01 03:55:48,731 [s2-groupManagement] INFO  server.RaftServerConfigKeys (ConfUtils.java:logGet(46)) - raft.server.rpc.request.timeout = 3000ms (default)
2023-12-01 03:55:48,732 [s0-impl-thread1] TRACE util.FileUtils (LogUtils.java:runAndLog(49)) - Successfully ran Files.createDirectories /home/runner/work/ratis/ratis/ratis-test/target/test/data/1b1d21a/MiniRaftClusterWithGrpc65a5be97/s0/54092739-1e46-4bd5-803a-b93fff3e6e7e/sm
2023-12-01 03:55:48,732 [s2-groupManagement] INFO  server.RaftServerConfigKeys (ConfUtils.java:logGet(46)) - raft.server.log.appender.install.snapshot.enabled = true (default)
2023-12-01 03:55:48,732 [s2-groupManagement] INFO  server.RaftServerConfigKeys (ConfUtils.java:logGet(46)) - raft.server.threadpool.server.cached = true (default)
2023-12-01 03:55:48,732 [s2-groupManagement] INFO  server.RaftServerConfigKeys (ConfUtils.java:logGet(46)) - raft.server.threadpool.server.size = 0 (default)
2023-12-01 03:55:48,732 [s0-impl-thread1] TRACE util.FileUtils (LogUtils.java:supplyAndLog(69)) - Successfully supplied FileChannel.open /home/runner/work/ratis/ratis/ratis-test/target/test/data/1b1d21a/MiniRaftClusterWithGrpc65a5be97/s0/54092739-1e46-4bd5-803a-b93fff3e6e7e/current/raft-meta.tmp with options [CREATE, WRITE]: sun.nio.ch.FileChannelImpl@343e02b2
2023-12-01 03:55:48,732 [s2-groupManagement] INFO  server.RaftServerConfigKeys (ConfUtils.java:logGet(46)) - raft.server.threadpool.client.cached = true (default)
2023-12-01 03:55:48,732 [s2-groupManagement] INFO  server.RaftServerConfigKeys (ConfUtils.java:logGet(46)) - raft.server.threadpool.client.size = 0 (default)
2023-12-01 03:55:48,733 [s0-impl-thread1] TRACE util.FileUtils (LogUtils.java:runAndLog(49)) - Successfully ran Atomic Files.move /home/runner/work/ratis/ratis/ratis-test/target/test/data/1b1d21a/MiniRaftClusterWithGrpc65a5be97/s0/54092739-1e46-4bd5-803a-b93fff3e6e7e/current/raft-meta.tmp to /home/runner/work/ratis/ratis/ratis-test/target/test/data/1b1d21a/MiniRaftClusterWithGrpc65a5be97/s0/54092739-1e46-4bd5-803a-b93fff3e6e7e/current/raft-meta with options [REPLACE_EXISTING]
2023-12-01 03:55:48,733 [s0-impl-thread1] INFO  storage.RaftStorage (RaftStorageImpl.java:format(99)) - Storage directory /home/runner/work/ratis/ratis/ratis-test/target/test/data/1b1d21a/MiniRaftClusterWithGrpc65a5be97/s0/54092739-1e46-4bd5-803a-b93fff3e6e7e has been successfully formatted.
2023-12-01 03:55:48,733 [s0-impl-thread1] TRACE util.FileUtils (LogUtils.java:supplyAndLog(61)) - Failed to Files.newInputStream /home/runner/work/ratis/ratis/ratis-test/target/test/data/1b1d21a/MiniRaftClusterWithGrpc65a5be97/s0/54092739-1e46-4bd5-803a-b93fff3e6e7e/current/raft-meta.conf with options []
java.nio.file.NoSuchFileException: /home/runner/work/ratis/ratis/ratis-test/target/test/data/1b1d21a/MiniRaftClusterWithGrpc65a5be97/s0/54092739-1e46-4bd5-803a-b93fff3e6e7e/current/raft-meta.conf
	at java.base/sun.nio.fs.UnixException.translateToIOException(UnixException.java:92)
	at java.base/sun.nio.fs.UnixException.rethrowAsIOException(UnixException.java:111)
	at java.base/sun.nio.fs.UnixException.rethrowAsIOException(UnixException.java:116)
	at java.base/sun.nio.fs.UnixFileSystemProvider.newByteChannel(UnixFileSystemProvider.java:219)
	at java.base/java.nio.file.Files.newByteChannel(Files.java:371)
	at java.base/java.nio.file.Files.newByteChannel(Files.java:422)
	at java.base/java.nio.file.spi.FileSystemProvider.newInputStream(FileSystemProvider.java:420)
	at java.base/java.nio.file.Files.newInputStream(Files.java:156)
	at org.apache.ratis.util.FileUtils.lambda$newInputStream$2(FileUtils.java:73)
	at org.apache.ratis.util.LogUtils.supplyAndLog(LogUtils.java:58)
	at org.apache.ratis.util.FileUtils.newInputStream(FileUtils.java:72)
	at org.apache.ratis.util.FileUtils.newInputStream(FileUtils.java:68)
	at org.apache.ratis.server.storage.RaftStorageImpl.readRaftConfiguration(RaftStorageImpl.java:156)
	at org.apache.ratis.server.impl.ServerState.initialize(ServerState.java:141)
	at org.apache.ratis.server.impl.RaftServerImpl.start(RaftServerImpl.java:388)
	at org.apache.ratis.util.ConcurrentUtils.accept(ConcurrentUtils.java:203)
	at org.apache.ratis.util.ConcurrentUtils.lambda$parallelForEachAsync$4(ConcurrentUtils.java:182)
	at java.base/java.util.concurrent.ThreadPoolExecutor.runWorker(ThreadPoolExecutor.java:1128)
	at java.base/java.util.concurrent.ThreadPoolExecutor$Worker.run(ThreadPoolExecutor.java:628)
	at java.base/java.lang.Thread.run(Thread.java:829)
2023-12-01 03:55:48,733 [s0-impl-thread1] INFO  impl.SimpleStateMachine4Testing (SimpleStateMachine4Testing.java:initialize(213)) - Initializing SimpleStateMachine4Testing:uninitialized
2023-12-01 03:55:48,733 [s0-impl-thread1] INFO  impl.SimpleStateMachine4Testing (SimpleStateMachine4Testing.java:loadSnapshot(296)) - Loading snapshot null
2023-12-01 03:55:48,733 [s0-impl-thread1] INFO  server.RaftServerConfigKeys (ConfUtils.java:logGet(46)) - raft.server.log.use.memory = false (default)
2023-12-01 03:55:48,733 [s0-impl-thread1] INFO  server.RaftServerConfigKeys (ConfUtils.java:logGet(46)) - raft.server.log.purge.gap = 1024 (default)
2023-12-01 03:55:48,733 [s0-impl-thread1] INFO  server.RaftServerConfigKeys (ConfUtils.java:logGet(46)) - raft.server.log.appender.buffer.byte-limit = 4MB (=4194304) (default)
2023-12-01 03:55:48,733 [s0-impl-thread1] INFO  server.RaftServerConfigKeys (ConfUtils.java:logGet(46)) - raft.server.log.statemachine.data.read.timeout = 1000ms (default)
2023-12-01 03:55:48,733 [s0-impl-thread1] INFO  server.RaftServerConfigKeys (ConfUtils.java:logGet(46)) - raft.server.log.purge.preservation.log.num = 0 (default)
2023-12-01 03:55:48,733 [s0-impl-thread1] INFO  server.RaftServerConfigKeys (ConfUtils.java:logGet(46)) - raft.server.log.segment.size.max = 32MB (=33554432) (default)
2023-12-01 03:55:48,734 [s0-impl-thread1] INFO  server.RaftServerConfigKeys (ConfUtils.java:logGet(46)) - raft.server.log.segment.cache.num.max = 6 (default)
2023-12-01 03:55:48,734 [s0-impl-thread1] INFO  server.RaftServerConfigKeys (ConfUtils.java:logGet(46)) - raft.server.log.segment.cache.size.max = 200MB (=209715200) (default)
2023-12-01 03:55:48,734 [s0-impl-thread1] INFO  server.RaftServerConfigKeys (ConfUtils.java:logGet(46)) - raft.server.log.appender.buffer.byte-limit = 4MB (=4194304) (default)
2023-12-01 03:55:48,734 [s0-impl-thread1] INFO  util.AwaitToRun (AwaitToRun.java:start(81)) - Thread[s0@group-B93FFF3E6E7E-cacheEviction-AwaitToRun,5,main] started
2023-12-01 03:55:48,734 [s0-impl-thread1] INFO  segmented.SegmentedRaftLogWorker (SegmentedRaftLogWorker.java:<init>(182)) - new s0@group-B93FFF3E6E7E-SegmentedRaftLogWorker for RaftStorageImpl:Storage Directory /home/runner/work/ratis/ratis/ratis-test/target/test/data/1b1d21a/MiniRaftClusterWithGrpc65a5be97/s0/54092739-1e46-4bd5-803a-b93fff3e6e7e
2023-12-01 03:55:48,734 [s0-impl-thread1] INFO  server.RaftServerConfigKeys (ConfUtils.java:logGet(46)) - raft.server.log.queue.byte-limit = 64MB (=67108864) (default)
2023-12-01 03:55:48,734 [s0-impl-thread1] INFO  server.RaftServerConfigKeys (ConfUtils.java:logGet(46)) - raft.server.log.queue.element-limit = 4096 (default)
2023-12-01 03:55:48,734 [s0-impl-thread1] INFO  server.RaftServerConfigKeys (ConfUtils.java:logGet(46)) - raft.server.log.segment.size.max = 32MB (=33554432) (default)
2023-12-01 03:55:48,734 [s0-impl-thread1] INFO  server.RaftServerConfigKeys (ConfUtils.java:logGet(46)) - raft.server.log.preallocated.size = 4MB (=4194304) (default)
2023-12-01 03:55:48,734 [s0-impl-thread1] INFO  server.RaftServerConfigKeys (ConfUtils.java:logGet(46)) - raft.server.log.force.sync.num = 128 (default)
2023-12-01 03:55:48,734 [s0-impl-thread1] INFO  server.RaftServerConfigKeys (ConfUtils.java:logGet(46)) - raft.server.log.statemachine.data.sync = true (default)
2023-12-01 03:55:48,734 [s0-impl-thread1] INFO  server.RaftServerConfigKeys (ConfUtils.java:logGet(46)) - raft.server.log.statemachine.data.sync.timeout = 10s (default)
2023-12-01 03:55:48,734 [s0-impl-thread1] INFO  server.RaftServerConfigKeys (ConfUtils.java:logGet(46)) - raft.server.log.statemachine.data.sync.timeout.retry = -1 (default)
2023-12-01 03:55:48,734 [s0-impl-thread1] INFO  server.RaftServerConfigKeys (ConfUtils.java:logGet(46)) - raft.server.log.write.buffer.size = 8MB (=8388608) (default)
2023-12-01 03:55:48,736 [s0-impl-thread1] INFO  server.RaftServerConfigKeys (ConfUtils.java:logGet(46)) - raft.server.log.appender.buffer.byte-limit = 4MB (=4194304) (default)
2023-12-01 03:55:48,736 [s0-impl-thread1] INFO  server.RaftServerConfigKeys (ConfUtils.java:logGet(46)) - raft.server.log.unsafe-flush.enabled = false (default)
2023-12-01 03:55:48,736 [s0-impl-thread1] INFO  server.RaftServerConfigKeys (ConfUtils.java:logGet(46)) - raft.server.log.async-flush.enabled = false (default)
2023-12-01 03:55:48,736 [s0-impl-thread1] INFO  server.RaftServerConfigKeys (ConfUtils.java:logGet(46)) - raft.server.log.statemachine.data.caching.enabled = false (default)
2023-12-01 03:55:48,736 [s0-impl-thread1] INFO  segmented.SegmentedRaftLogWorker (SegmentedRaftLogWorker.java:lambda$new$0(134)) - s0@group-B93FFF3E6E7E-SegmentedRaftLogWorker: flushIndex: setUnconditionally 0 -> -1
2023-12-01 03:55:48,736 [s0-impl-thread1] INFO  segmented.SegmentedRaftLogWorker (SegmentedRaftLogWorker.java:lambda$new$0(134)) - s0@group-B93FFF3E6E7E-SegmentedRaftLogWorker: safeCacheEvictIndex: setUnconditionally 0 -> -1
2023-12-01 03:55:48,736 [s0-impl-thread1] INFO  server.RaftServer$Division (RaftServerImpl.java:start(392)) - s0@group-B93FFF3E6E7E: start as a follower, conf=-1: peers:[s0|localhost:42131, s1|localhost:43397, s2|localhost:34445]|listeners:[], old=null
2023-12-01 03:55:48,736 [s0-impl-thread1] INFO  server.RaftServer$Division (RaftServerImpl.java:setRole(379)) - s0@group-B93FFF3E6E7E: changes role from      null to FOLLOWER at term 0 for startAsFollower
2023-12-01 03:55:48,736 [s0-impl-thread1] INFO  impl.RoleInfo (RoleInfo.java:updateAndGet(139)) - s0: start s0@group-B93FFF3E6E7E-FollowerState
2023-12-01 03:55:48,736 [s0@group-B93FFF3E6E7E-FollowerState] INFO  server.RaftServerConfigKeys (ConfUtils.java:logFallback(53)) - raft.server.rpc.first-election.timeout.min = 150ms (fallback to raft.server.rpc.timeout.min)
2023-12-01 03:55:48,736 [s0@group-B93FFF3E6E7E-FollowerState] INFO  server.RaftServerConfigKeys (ConfUtils.java:logFallback(53)) - raft.server.rpc.first-election.timeout.max = 300ms (fallback to raft.server.rpc.timeout.max)
2023-12-01 03:55:48,736 [s0-impl-thread1] INFO  util.JmxRegister (JmxRegister.java:tryRegister(44)) - Successfully registered JMX Bean with object name Ratis:service=RaftServer,group=group-B93FFF3E6E7E,id=s0
2023-12-01 03:55:48,737 [s0-impl-thread1] INFO  server.RaftServerConfigKeys (ConfUtils.java:logGet(46)) - raft.server.snapshot.trigger-when-stop.enabled = true (default)
2023-12-01 03:55:48,737 [s0-impl-thread1] INFO  server.RaftServerConfigKeys (ConfUtils.java:logGet(46)) - raft.server.snapshot.auto.trigger.enabled = false (default)
2023-12-01 03:55:48,737 [s0-impl-thread1] INFO  server.RaftServerConfigKeys (ConfUtils.java:logGet(46)) - raft.server.snapshot.retention.file.num = -1 (default)
2023-12-01 03:55:48,737 [s0-impl-thread1] INFO  server.RaftServerConfigKeys (ConfUtils.java:logGet(46)) - raft.server.log.purge.upto.snapshot.index = false (default)
2023-12-01 03:55:48,737 [Time-limited test] INFO  server.RaftServer (RaftServerProxy.java:startImpl(406)) - s0: start RPC server
2023-12-01 03:55:48,738 [Time-limited test] INFO  server.GrpcService (GrpcService.java:startImpl(302)) - s0: GrpcService started, listening on 41903
2023-12-01 03:55:48,738 [Time-limited test] INFO  server.GrpcService (GrpcService.java:startImpl(302)) - s0: GrpcService started, listening on 42131
2023-12-01 03:55:48,738 [Time-limited test] INFO  server.GrpcService (GrpcService.java:startImpl(302)) - s0: GrpcService started, listening on 36935
2023-12-01 03:55:48,738 [JvmPauseMonitor9] INFO  util.JvmPauseMonitor (JvmPauseMonitor.java:run(146)) - JvmPauseMonitor-s0: Started
2023-12-01 03:55:48,739 [s1-impl-thread1] INFO  server.RaftServerConfigKeys (ConfUtils.java:logGet(46)) - raft.server.storage.free-space.min = 0MB (=0) (default)
2023-12-01 03:55:48,739 [s1-impl-thread1] INFO  server.RaftServerConfigKeys (ConfUtils.java:logGet(46)) - raft.server.log.corruption.policy = EXCEPTION (default)
2023-12-01 03:55:48,739 [s1-impl-thread1] INFO  server.RaftServerConfigKeys (ConfUtils.java:logGet(46)) - raft.server.storage.dir = [/home/runner/work/ratis/ratis/ratis-test/target/test/data/1b1d21a/MiniRaftClusterWithGrpc65a5be97/s1] (custom)
2023-12-01 03:55:48,739 [s1-impl-thread1] INFO  storage.RaftStorageDirectory (RaftStorageDirectoryImpl.java:analyzeStorage(138)) - The storage directory /home/runner/work/ratis/ratis/ratis-test/target/test/data/1b1d21a/MiniRaftClusterWithGrpc65a5be97/s1/54092739-1e46-4bd5-803a-b93fff3e6e7e does not exist. Creating ...
2023-12-01 03:55:48,739 [s1-impl-thread1] TRACE util.FileUtils (LogUtils.java:runAndLog(49)) - Successfully ran Files.createDirectories /home/runner/work/ratis/ratis/ratis-test/target/test/data/1b1d21a/MiniRaftClusterWithGrpc65a5be97/s1/54092739-1e46-4bd5-803a-b93fff3e6e7e
2023-12-01 03:55:48,740 [s1-impl-thread1] INFO  storage.RaftStorageDirectory (RaftStorageDirectoryImpl.java:tryLock(232)) - Lock on /home/runner/work/ratis/ratis/ratis-test/target/test/data/1b1d21a/MiniRaftClusterWithGrpc65a5be97/s1/54092739-1e46-4bd5-803a-b93fff3e6e7e/in_use.lock acquired by nodename 4676@fv-az912-722
2023-12-01 03:55:48,740 [s1-impl-thread1] TRACE util.FileUtils (LogUtils.java:runAndLog(49)) - Successfully ran Files.createDirectories /home/runner/work/ratis/ratis/ratis-test/target/test/data/1b1d21a/MiniRaftClusterWithGrpc65a5be97/s1/54092739-1e46-4bd5-803a-b93fff3e6e7e/current
2023-12-01 03:55:48,740 [s1-impl-thread1] TRACE util.FileUtils (LogUtils.java:runAndLog(49)) - Successfully ran Files.createDirectories /home/runner/work/ratis/ratis/ratis-test/target/test/data/1b1d21a/MiniRaftClusterWithGrpc65a5be97/s1/54092739-1e46-4bd5-803a-b93fff3e6e7e/sm
2023-12-01 03:55:48,740 [s1-impl-thread1] TRACE util.FileUtils (LogUtils.java:supplyAndLog(69)) - Successfully supplied FileChannel.open /home/runner/work/ratis/ratis/ratis-test/target/test/data/1b1d21a/MiniRaftClusterWithGrpc65a5be97/s1/54092739-1e46-4bd5-803a-b93fff3e6e7e/current/raft-meta.tmp with options [CREATE, WRITE]: sun.nio.ch.FileChannelImpl@fe69b9e
2023-12-01 03:55:48,741 [s1-impl-thread1] TRACE util.FileUtils (LogUtils.java:runAndLog(49)) - Successfully ran Atomic Files.move /home/runner/work/ratis/ratis/ratis-test/target/test/data/1b1d21a/MiniRaftClusterWithGrpc65a5be97/s1/54092739-1e46-4bd5-803a-b93fff3e6e7e/current/raft-meta.tmp to /home/runner/work/ratis/ratis/ratis-test/target/test/data/1b1d21a/MiniRaftClusterWithGrpc65a5be97/s1/54092739-1e46-4bd5-803a-b93fff3e6e7e/current/raft-meta with options [REPLACE_EXISTING]
2023-12-01 03:55:48,741 [s1-impl-thread1] INFO  storage.RaftStorage (RaftStorageImpl.java:format(99)) - Storage directory /home/runner/work/ratis/ratis/ratis-test/target/test/data/1b1d21a/MiniRaftClusterWithGrpc65a5be97/s1/54092739-1e46-4bd5-803a-b93fff3e6e7e has been successfully formatted.
2023-12-01 03:55:48,741 [s1-impl-thread1] TRACE util.FileUtils (LogUtils.java:supplyAndLog(61)) - Failed to Files.newInputStream /home/runner/work/ratis/ratis/ratis-test/target/test/data/1b1d21a/MiniRaftClusterWithGrpc65a5be97/s1/54092739-1e46-4bd5-803a-b93fff3e6e7e/current/raft-meta.conf with options []
java.nio.file.NoSuchFileException: /home/runner/work/ratis/ratis/ratis-test/target/test/data/1b1d21a/MiniRaftClusterWithGrpc65a5be97/s1/54092739-1e46-4bd5-803a-b93fff3e6e7e/current/raft-meta.conf
	at java.base/sun.nio.fs.UnixException.translateToIOException(UnixException.java:92)
	at java.base/sun.nio.fs.UnixException.rethrowAsIOException(UnixException.java:111)
	at java.base/sun.nio.fs.UnixException.rethrowAsIOException(UnixException.java:116)
	at java.base/sun.nio.fs.UnixFileSystemProvider.newByteChannel(UnixFileSystemProvider.java:219)
	at java.base/java.nio.file.Files.newByteChannel(Files.java:371)
	at java.base/java.nio.file.Files.newByteChannel(Files.java:422)
	at java.base/java.nio.file.spi.FileSystemProvider.newInputStream(FileSystemProvider.java:420)
	at java.base/java.nio.file.Files.newInputStream(Files.java:156)
	at org.apache.ratis.util.FileUtils.lambda$newInputStream$2(FileUtils.java:73)
	at org.apache.ratis.util.LogUtils.supplyAndLog(LogUtils.java:58)
	at org.apache.ratis.util.FileUtils.newInputStream(FileUtils.java:72)
	at org.apache.ratis.util.FileUtils.newInputStream(FileUtils.java:68)
	at org.apache.ratis.server.storage.RaftStorageImpl.readRaftConfiguration(RaftStorageImpl.java:156)
	at org.apache.ratis.server.impl.ServerState.initialize(ServerState.java:141)
	at org.apache.ratis.server.impl.RaftServerImpl.start(RaftServerImpl.java:388)
	at org.apache.ratis.util.ConcurrentUtils.accept(ConcurrentUtils.java:203)
	at org.apache.ratis.util.ConcurrentUtils.lambda$parallelForEachAsync$4(ConcurrentUtils.java:182)
	at java.base/java.util.concurrent.ThreadPoolExecutor.runWorker(ThreadPoolExecutor.java:1128)
	at java.base/java.util.concurrent.ThreadPoolExecutor$Worker.run(ThreadPoolExecutor.java:628)
	at java.base/java.lang.Thread.run(Thread.java:829)
2023-12-01 03:55:48,741 [s1-impl-thread1] INFO  impl.SimpleStateMachine4Testing (SimpleStateMachine4Testing.java:initialize(213)) - Initializing SimpleStateMachine4Testing:uninitialized
2023-12-01 03:55:48,741 [s1-impl-thread1] INFO  impl.SimpleStateMachine4Testing (SimpleStateMachine4Testing.java:loadSnapshot(296)) - Loading snapshot null
2023-12-01 03:55:48,741 [s1-impl-thread1] INFO  server.RaftServerConfigKeys (ConfUtils.java:logGet(46)) - raft.server.log.use.memory = false (default)
2023-12-01 03:55:48,741 [s1-impl-thread1] INFO  server.RaftServerConfigKeys (ConfUtils.java:logGet(46)) - raft.server.log.purge.gap = 1024 (default)
2023-12-01 03:55:48,741 [s1-impl-thread1] INFO  server.RaftServerConfigKeys (ConfUtils.java:logGet(46)) - raft.server.log.appender.buffer.byte-limit = 4MB (=4194304) (default)
2023-12-01 03:55:48,741 [s1-impl-thread1] INFO  server.RaftServerConfigKeys (ConfUtils.java:logGet(46)) - raft.server.log.statemachine.data.read.timeout = 1000ms (default)
2023-12-01 03:55:48,741 [s1-impl-thread1] INFO  server.RaftServerConfigKeys (ConfUtils.java:logGet(46)) - raft.server.log.purge.preservation.log.num = 0 (default)
2023-12-01 03:55:48,742 [s1-impl-thread1] INFO  server.RaftServerConfigKeys (ConfUtils.java:logGet(46)) - raft.server.log.segment.size.max = 32MB (=33554432) (default)
2023-12-01 03:55:48,742 [s1-impl-thread1] INFO  server.RaftServerConfigKeys (ConfUtils.java:logGet(46)) - raft.server.log.segment.cache.num.max = 6 (default)
2023-12-01 03:55:48,742 [s1-impl-thread1] INFO  server.RaftServerConfigKeys (ConfUtils.java:logGet(46)) - raft.server.log.segment.cache.size.max = 200MB (=209715200) (default)
2023-12-01 03:55:48,742 [s1-impl-thread1] INFO  server.RaftServerConfigKeys (ConfUtils.java:logGet(46)) - raft.server.log.appender.buffer.byte-limit = 4MB (=4194304) (default)
2023-12-01 03:55:48,742 [s1-impl-thread1] INFO  util.AwaitToRun (AwaitToRun.java:start(81)) - Thread[s1@group-B93FFF3E6E7E-cacheEviction-AwaitToRun,5,main] started
2023-12-01 03:55:48,742 [s1-impl-thread1] INFO  segmented.SegmentedRaftLogWorker (SegmentedRaftLogWorker.java:<init>(182)) - new s1@group-B93FFF3E6E7E-SegmentedRaftLogWorker for RaftStorageImpl:Storage Directory /home/runner/work/ratis/ratis/ratis-test/target/test/data/1b1d21a/MiniRaftClusterWithGrpc65a5be97/s1/54092739-1e46-4bd5-803a-b93fff3e6e7e
2023-12-01 03:55:48,742 [s1-impl-thread1] INFO  server.RaftServerConfigKeys (ConfUtils.java:logGet(46)) - raft.server.log.queue.byte-limit = 64MB (=67108864) (default)
2023-12-01 03:55:48,742 [s1-impl-thread1] INFO  server.RaftServerConfigKeys (ConfUtils.java:logGet(46)) - raft.server.log.queue.element-limit = 4096 (default)
2023-12-01 03:55:48,742 [s1-impl-thread1] INFO  server.RaftServerConfigKeys (ConfUtils.java:logGet(46)) - raft.server.log.segment.size.max = 32MB (=33554432) (default)
2023-12-01 03:55:48,742 [s1-impl-thread1] INFO  server.RaftServerConfigKeys (ConfUtils.java:logGet(46)) - raft.server.log.preallocated.size = 4MB (=4194304) (default)
2023-12-01 03:55:48,742 [s1-impl-thread1] INFO  server.RaftServerConfigKeys (ConfUtils.java:logGet(46)) - raft.server.log.force.sync.num = 128 (default)
2023-12-01 03:55:48,742 [s1-impl-thread1] INFO  server.RaftServerConfigKeys (ConfUtils.java:logGet(46)) - raft.server.log.statemachine.data.sync = true (default)
2023-12-01 03:55:48,742 [s1-impl-thread1] INFO  server.RaftServerConfigKeys (ConfUtils.java:logGet(46)) - raft.server.log.statemachine.data.sync.timeout = 10s (default)
2023-12-01 03:55:48,742 [s1-impl-thread1] INFO  server.RaftServerConfigKeys (ConfUtils.java:logGet(46)) - raft.server.log.statemachine.data.sync.timeout.retry = -1 (default)
2023-12-01 03:55:48,742 [s1-impl-thread1] INFO  server.RaftServerConfigKeys (ConfUtils.java:logGet(46)) - raft.server.log.write.buffer.size = 8MB (=8388608) (default)
2023-12-01 03:55:48,744 [s1-impl-thread1] INFO  server.RaftServerConfigKeys (ConfUtils.java:logGet(46)) - raft.server.log.appender.buffer.byte-limit = 4MB (=4194304) (default)
2023-12-01 03:55:48,744 [s1-impl-thread1] INFO  server.RaftServerConfigKeys (ConfUtils.java:logGet(46)) - raft.server.log.unsafe-flush.enabled = false (default)
2023-12-01 03:55:48,744 [s1-impl-thread1] INFO  server.RaftServerConfigKeys (ConfUtils.java:logGet(46)) - raft.server.log.async-flush.enabled = false (default)
2023-12-01 03:55:48,744 [s1-impl-thread1] INFO  server.RaftServerConfigKeys (ConfUtils.java:logGet(46)) - raft.server.log.statemachine.data.caching.enabled = false (default)
2023-12-01 03:55:48,744 [s1-impl-thread1] INFO  segmented.SegmentedRaftLogWorker (SegmentedRaftLogWorker.java:lambda$new$0(134)) - s1@group-B93FFF3E6E7E-SegmentedRaftLogWorker: flushIndex: setUnconditionally 0 -> -1
2023-12-01 03:55:48,744 [s1-impl-thread1] INFO  segmented.SegmentedRaftLogWorker (SegmentedRaftLogWorker.java:lambda$new$0(134)) - s1@group-B93FFF3E6E7E-SegmentedRaftLogWorker: safeCacheEvictIndex: setUnconditionally 0 -> -1
2023-12-01 03:55:48,744 [s1-impl-thread1] INFO  server.RaftServer$Division (RaftServerImpl.java:start(392)) - s1@group-B93FFF3E6E7E: start as a follower, conf=-1: peers:[s0|localhost:42131, s1|localhost:43397, s2|localhost:34445]|listeners:[], old=null
2023-12-01 03:55:48,744 [s1-impl-thread1] INFO  server.RaftServer$Division (RaftServerImpl.java:setRole(379)) - s1@group-B93FFF3E6E7E: changes role from      null to FOLLOWER at term 0 for startAsFollower
2023-12-01 03:55:48,744 [s1-impl-thread1] INFO  impl.RoleInfo (RoleInfo.java:updateAndGet(139)) - s1: start s1@group-B93FFF3E6E7E-FollowerState
2023-12-01 03:55:48,744 [s1@group-B93FFF3E6E7E-FollowerState] INFO  server.RaftServerConfigKeys (ConfUtils.java:logFallback(53)) - raft.server.rpc.first-election.timeout.min = 150ms (fallback to raft.server.rpc.timeout.min)
2023-12-01 03:55:48,744 [s1-impl-thread1] INFO  util.JmxRegister (JmxRegister.java:tryRegister(44)) - Successfully registered JMX Bean with object name Ratis:service=RaftServer,group=group-B93FFF3E6E7E,id=s1
2023-12-01 03:55:48,744 [s1@group-B93FFF3E6E7E-FollowerState] INFO  server.RaftServerConfigKeys (ConfUtils.java:logFallback(53)) - raft.server.rpc.first-election.timeout.max = 300ms (fallback to raft.server.rpc.timeout.max)
2023-12-01 03:55:48,744 [s1-impl-thread1] INFO  server.RaftServerConfigKeys (ConfUtils.java:logGet(46)) - raft.server.snapshot.trigger-when-stop.enabled = true (default)
2023-12-01 03:55:48,744 [s1-impl-thread1] INFO  server.RaftServerConfigKeys (ConfUtils.java:logGet(46)) - raft.server.snapshot.auto.trigger.enabled = false (default)
2023-12-01 03:55:48,744 [s1-impl-thread1] INFO  server.RaftServerConfigKeys (ConfUtils.java:logGet(46)) - raft.server.snapshot.retention.file.num = -1 (default)
2023-12-01 03:55:48,744 [s1-impl-thread1] INFO  server.RaftServerConfigKeys (ConfUtils.java:logGet(46)) - raft.server.log.purge.upto.snapshot.index = false (default)
2023-12-01 03:55:48,744 [Time-limited test] INFO  server.RaftServer (RaftServerProxy.java:startImpl(406)) - s1: start RPC server
2023-12-01 03:55:48,745 [Time-limited test] INFO  server.GrpcService (GrpcService.java:startImpl(302)) - s1: GrpcService started, listening on 45665
2023-12-01 03:55:48,745 [Time-limited test] INFO  server.GrpcService (GrpcService.java:startImpl(302)) - s1: GrpcService started, listening on 43397
2023-12-01 03:55:48,745 [Time-limited test] INFO  server.GrpcService (GrpcService.java:startImpl(302)) - s1: GrpcService started, listening on 43233
2023-12-01 03:55:48,746 [JvmPauseMonitor10] INFO  util.JvmPauseMonitor (JvmPauseMonitor.java:run(146)) - JvmPauseMonitor-s1: Started
2023-12-01 03:55:48,746 [s2-impl-thread1] INFO  server.RaftServerConfigKeys (ConfUtils.java:logGet(46)) - raft.server.storage.free-space.min = 0MB (=0) (default)
2023-12-01 03:55:48,746 [s2-impl-thread1] INFO  server.RaftServerConfigKeys (ConfUtils.java:logGet(46)) - raft.server.log.corruption.policy = EXCEPTION (default)
2023-12-01 03:55:48,746 [s2-impl-thread1] INFO  server.RaftServerConfigKeys (ConfUtils.java:logGet(46)) - raft.server.storage.dir = [/home/runner/work/ratis/ratis/ratis-test/target/test/data/1b1d21a/MiniRaftClusterWithGrpc65a5be97/s2] (custom)
2023-12-01 03:55:48,746 [s2-impl-thread1] INFO  storage.RaftStorageDirectory (RaftStorageDirectoryImpl.java:analyzeStorage(138)) - The storage directory /home/runner/work/ratis/ratis/ratis-test/target/test/data/1b1d21a/MiniRaftClusterWithGrpc65a5be97/s2/54092739-1e46-4bd5-803a-b93fff3e6e7e does not exist. Creating ...
2023-12-01 03:55:48,746 [s2-impl-thread1] TRACE util.FileUtils (LogUtils.java:runAndLog(49)) - Successfully ran Files.createDirectories /home/runner/work/ratis/ratis/ratis-test/target/test/data/1b1d21a/MiniRaftClusterWithGrpc65a5be97/s2/54092739-1e46-4bd5-803a-b93fff3e6e7e
2023-12-01 03:55:48,747 [s2-impl-thread1] INFO  storage.RaftStorageDirectory (RaftStorageDirectoryImpl.java:tryLock(232)) - Lock on /home/runner/work/ratis/ratis/ratis-test/target/test/data/1b1d21a/MiniRaftClusterWithGrpc65a5be97/s2/54092739-1e46-4bd5-803a-b93fff3e6e7e/in_use.lock acquired by nodename 4676@fv-az912-722
2023-12-01 03:55:48,747 [s2-impl-thread1] TRACE util.FileUtils (LogUtils.java:runAndLog(49)) - Successfully ran Files.createDirectories /home/runner/work/ratis/ratis/ratis-test/target/test/data/1b1d21a/MiniRaftClusterWithGrpc65a5be97/s2/54092739-1e46-4bd5-803a-b93fff3e6e7e/current
2023-12-01 03:55:48,747 [s2-impl-thread1] TRACE util.FileUtils (LogUtils.java:runAndLog(49)) - Successfully ran Files.createDirectories /home/runner/work/ratis/ratis/ratis-test/target/test/data/1b1d21a/MiniRaftClusterWithGrpc65a5be97/s2/54092739-1e46-4bd5-803a-b93fff3e6e7e/sm
2023-12-01 03:55:48,747 [s2-impl-thread1] TRACE util.FileUtils (LogUtils.java:supplyAndLog(69)) - Successfully supplied FileChannel.open /home/runner/work/ratis/ratis/ratis-test/target/test/data/1b1d21a/MiniRaftClusterWithGrpc65a5be97/s2/54092739-1e46-4bd5-803a-b93fff3e6e7e/current/raft-meta.tmp with options [CREATE, WRITE]: sun.nio.ch.FileChannelImpl@7e5e289c
2023-12-01 03:55:48,748 [s2-impl-thread1] TRACE util.FileUtils (LogUtils.java:runAndLog(49)) - Successfully ran Atomic Files.move /home/runner/work/ratis/ratis/ratis-test/target/test/data/1b1d21a/MiniRaftClusterWithGrpc65a5be97/s2/54092739-1e46-4bd5-803a-b93fff3e6e7e/current/raft-meta.tmp to /home/runner/work/ratis/ratis/ratis-test/target/test/data/1b1d21a/MiniRaftClusterWithGrpc65a5be97/s2/54092739-1e46-4bd5-803a-b93fff3e6e7e/current/raft-meta with options [REPLACE_EXISTING]
2023-12-01 03:55:48,748 [s2-impl-thread1] INFO  storage.RaftStorage (RaftStorageImpl.java:format(99)) - Storage directory /home/runner/work/ratis/ratis/ratis-test/target/test/data/1b1d21a/MiniRaftClusterWithGrpc65a5be97/s2/54092739-1e46-4bd5-803a-b93fff3e6e7e has been successfully formatted.
2023-12-01 03:55:48,748 [s2-impl-thread1] TRACE util.FileUtils (LogUtils.java:supplyAndLog(61)) - Failed to Files.newInputStream /home/runner/work/ratis/ratis/ratis-test/target/test/data/1b1d21a/MiniRaftClusterWithGrpc65a5be97/s2/54092739-1e46-4bd5-803a-b93fff3e6e7e/current/raft-meta.conf with options []
java.nio.file.NoSuchFileException: /home/runner/work/ratis/ratis/ratis-test/target/test/data/1b1d21a/MiniRaftClusterWithGrpc65a5be97/s2/54092739-1e46-4bd5-803a-b93fff3e6e7e/current/raft-meta.conf
	at java.base/sun.nio.fs.UnixException.translateToIOException(UnixException.java:92)
	at java.base/sun.nio.fs.UnixException.rethrowAsIOException(UnixException.java:111)
	at java.base/sun.nio.fs.UnixException.rethrowAsIOException(UnixException.java:116)
	at java.base/sun.nio.fs.UnixFileSystemProvider.newByteChannel(UnixFileSystemProvider.java:219)
	at java.base/java.nio.file.Files.newByteChannel(Files.java:371)
	at java.base/java.nio.file.Files.newByteChannel(Files.java:422)
	at java.base/java.nio.file.spi.FileSystemProvider.newInputStream(FileSystemProvider.java:420)
	at java.base/java.nio.file.Files.newInputStream(Files.java:156)
	at org.apache.ratis.util.FileUtils.lambda$newInputStream$2(FileUtils.java:73)
	at org.apache.ratis.util.LogUtils.supplyAndLog(LogUtils.java:58)
	at org.apache.ratis.util.FileUtils.newInputStream(FileUtils.java:72)
	at org.apache.ratis.util.FileUtils.newInputStream(FileUtils.java:68)
	at org.apache.ratis.server.storage.RaftStorageImpl.readRaftConfiguration(RaftStorageImpl.java:156)
	at org.apache.ratis.server.impl.ServerState.initialize(ServerState.java:141)
	at org.apache.ratis.server.impl.RaftServerImpl.start(RaftServerImpl.java:388)
	at org.apache.ratis.util.ConcurrentUtils.accept(ConcurrentUtils.java:203)
	at org.apache.ratis.util.ConcurrentUtils.lambda$parallelForEachAsync$4(ConcurrentUtils.java:182)
	at java.base/java.util.concurrent.ThreadPoolExecutor.runWorker(ThreadPoolExecutor.java:1128)
	at java.base/java.util.concurrent.ThreadPoolExecutor$Worker.run(ThreadPoolExecutor.java:628)
	at java.base/java.lang.Thread.run(Thread.java:829)
2023-12-01 03:55:48,748 [s2-impl-thread1] INFO  impl.SimpleStateMachine4Testing (SimpleStateMachine4Testing.java:initialize(213)) - Initializing SimpleStateMachine4Testing:uninitialized
2023-12-01 03:55:48,748 [s2-impl-thread1] INFO  impl.SimpleStateMachine4Testing (SimpleStateMachine4Testing.java:loadSnapshot(296)) - Loading snapshot null
2023-12-01 03:55:48,748 [s2-impl-thread1] INFO  server.RaftServerConfigKeys (ConfUtils.java:logGet(46)) - raft.server.log.use.memory = false (default)
2023-12-01 03:55:48,748 [s2-impl-thread1] INFO  server.RaftServerConfigKeys (ConfUtils.java:logGet(46)) - raft.server.log.purge.gap = 1024 (default)
2023-12-01 03:55:48,748 [s2-impl-thread1] INFO  server.RaftServerConfigKeys (ConfUtils.java:logGet(46)) - raft.server.log.appender.buffer.byte-limit = 4MB (=4194304) (default)
2023-12-01 03:55:48,748 [s2-impl-thread1] INFO  server.RaftServerConfigKeys (ConfUtils.java:logGet(46)) - raft.server.log.statemachine.data.read.timeout = 1000ms (default)
2023-12-01 03:55:48,748 [s2-impl-thread1] INFO  server.RaftServerConfigKeys (ConfUtils.java:logGet(46)) - raft.server.log.purge.preservation.log.num = 0 (default)
2023-12-01 03:55:48,748 [s2-impl-thread1] INFO  server.RaftServerConfigKeys (ConfUtils.java:logGet(46)) - raft.server.log.segment.size.max = 32MB (=33554432) (default)
2023-12-01 03:55:48,749 [s2-impl-thread1] INFO  server.RaftServerConfigKeys (ConfUtils.java:logGet(46)) - raft.server.log.segment.cache.num.max = 6 (default)
2023-12-01 03:55:48,749 [s2-impl-thread1] INFO  server.RaftServerConfigKeys (ConfUtils.java:logGet(46)) - raft.server.log.segment.cache.size.max = 200MB (=209715200) (default)
2023-12-01 03:55:48,749 [s2-impl-thread1] INFO  server.RaftServerConfigKeys (ConfUtils.java:logGet(46)) - raft.server.log.appender.buffer.byte-limit = 4MB (=4194304) (default)
2023-12-01 03:55:48,749 [s2-impl-thread1] INFO  util.AwaitToRun (AwaitToRun.java:start(81)) - Thread[s2@group-B93FFF3E6E7E-cacheEviction-AwaitToRun,5,main] started
2023-12-01 03:55:48,749 [s2-impl-thread1] INFO  segmented.SegmentedRaftLogWorker (SegmentedRaftLogWorker.java:<init>(182)) - new s2@group-B93FFF3E6E7E-SegmentedRaftLogWorker for RaftStorageImpl:Storage Directory /home/runner/work/ratis/ratis/ratis-test/target/test/data/1b1d21a/MiniRaftClusterWithGrpc65a5be97/s2/54092739-1e46-4bd5-803a-b93fff3e6e7e
2023-12-01 03:55:48,749 [s2-impl-thread1] INFO  server.RaftServerConfigKeys (ConfUtils.java:logGet(46)) - raft.server.log.queue.byte-limit = 64MB (=67108864) (default)
2023-12-01 03:55:48,749 [s2-impl-thread1] INFO  server.RaftServerConfigKeys (ConfUtils.java:logGet(46)) - raft.server.log.queue.element-limit = 4096 (default)
2023-12-01 03:55:48,749 [s2-impl-thread1] INFO  server.RaftServerConfigKeys (ConfUtils.java:logGet(46)) - raft.server.log.segment.size.max = 32MB (=33554432) (default)
2023-12-01 03:55:48,749 [s2-impl-thread1] INFO  server.RaftServerConfigKeys (ConfUtils.java:logGet(46)) - raft.server.log.preallocated.size = 4MB (=4194304) (default)
2023-12-01 03:55:48,749 [s2-impl-thread1] INFO  server.RaftServerConfigKeys (ConfUtils.java:logGet(46)) - raft.server.log.force.sync.num = 128 (default)
2023-12-01 03:55:48,749 [s2-impl-thread1] INFO  server.RaftServerConfigKeys (ConfUtils.java:logGet(46)) - raft.server.log.statemachine.data.sync = true (default)
2023-12-01 03:55:48,749 [s2-impl-thread1] INFO  server.RaftServerConfigKeys (ConfUtils.java:logGet(46)) - raft.server.log.statemachine.data.sync.timeout = 10s (default)
2023-12-01 03:55:48,749 [s2-impl-thread1] INFO  server.RaftServerConfigKeys (ConfUtils.java:logGet(46)) - raft.server.log.statemachine.data.sync.timeout.retry = -1 (default)
2023-12-01 03:55:48,749 [s2-impl-thread1] INFO  server.RaftServerConfigKeys (ConfUtils.java:logGet(46)) - raft.server.log.write.buffer.size = 8MB (=8388608) (default)
2023-12-01 03:55:48,751 [s2-impl-thread1] INFO  server.RaftServerConfigKeys (ConfUtils.java:logGet(46)) - raft.server.log.appender.buffer.byte-limit = 4MB (=4194304) (default)
2023-12-01 03:55:48,751 [s2-impl-thread1] INFO  server.RaftServerConfigKeys (ConfUtils.java:logGet(46)) - raft.server.log.unsafe-flush.enabled = false (default)
2023-12-01 03:55:48,751 [s2-impl-thread1] INFO  server.RaftServerConfigKeys (ConfUtils.java:logGet(46)) - raft.server.log.async-flush.enabled = false (default)
2023-12-01 03:55:48,751 [s2-impl-thread1] INFO  server.RaftServerConfigKeys (ConfUtils.java:logGet(46)) - raft.server.log.statemachine.data.caching.enabled = false (default)
2023-12-01 03:55:48,751 [s2-impl-thread1] INFO  segmented.SegmentedRaftLogWorker (SegmentedRaftLogWorker.java:lambda$new$0(134)) - s2@group-B93FFF3E6E7E-SegmentedRaftLogWorker: flushIndex: setUnconditionally 0 -> -1
2023-12-01 03:55:48,751 [s2-impl-thread1] INFO  segmented.SegmentedRaftLogWorker (SegmentedRaftLogWorker.java:lambda$new$0(134)) - s2@group-B93FFF3E6E7E-SegmentedRaftLogWorker: safeCacheEvictIndex: setUnconditionally 0 -> -1
2023-12-01 03:55:48,751 [s2-impl-thread1] INFO  server.RaftServer$Division (RaftServerImpl.java:start(392)) - s2@group-B93FFF3E6E7E: start as a follower, conf=-1: peers:[s0|localhost:42131, s1|localhost:43397, s2|localhost:34445]|listeners:[], old=null
2023-12-01 03:55:48,751 [s2-impl-thread1] INFO  server.RaftServer$Division (RaftServerImpl.java:setRole(379)) - s2@group-B93FFF3E6E7E: changes role from      null to FOLLOWER at term 0 for startAsFollower
2023-12-01 03:55:48,751 [s2-impl-thread1] INFO  impl.RoleInfo (RoleInfo.java:updateAndGet(139)) - s2: start s2@group-B93FFF3E6E7E-FollowerState
2023-12-01 03:55:48,751 [s2@group-B93FFF3E6E7E-FollowerState] INFO  server.RaftServerConfigKeys (ConfUtils.java:logFallback(53)) - raft.server.rpc.first-election.timeout.min = 150ms (fallback to raft.server.rpc.timeout.min)
2023-12-01 03:55:48,751 [s2-impl-thread1] INFO  util.JmxRegister (JmxRegister.java:tryRegister(44)) - Successfully registered JMX Bean with object name Ratis:service=RaftServer,group=group-B93FFF3E6E7E,id=s2
2023-12-01 03:55:48,751 [s2@group-B93FFF3E6E7E-FollowerState] INFO  server.RaftServerConfigKeys (ConfUtils.java:logFallback(53)) - raft.server.rpc.first-election.timeout.max = 300ms (fallback to raft.server.rpc.timeout.max)
2023-12-01 03:55:48,751 [s2-impl-thread1] INFO  server.RaftServerConfigKeys (ConfUtils.java:logGet(46)) - raft.server.snapshot.trigger-when-stop.enabled = true (default)
2023-12-01 03:55:48,751 [s2-impl-thread1] INFO  server.RaftServerConfigKeys (ConfUtils.java:logGet(46)) - raft.server.snapshot.auto.trigger.enabled = false (default)
2023-12-01 03:55:48,751 [s2-impl-thread1] INFO  server.RaftServerConfigKeys (ConfUtils.java:logGet(46)) - raft.server.snapshot.retention.file.num = -1 (default)
2023-12-01 03:55:48,751 [s2-impl-thread1] INFO  server.RaftServerConfigKeys (ConfUtils.java:logGet(46)) - raft.server.log.purge.upto.snapshot.index = false (default)
2023-12-01 03:55:48,752 [Time-limited test] INFO  server.RaftServer (RaftServerProxy.java:startImpl(406)) - s2: start RPC server
2023-12-01 03:55:48,752 [Time-limited test] INFO  server.GrpcService (GrpcService.java:startImpl(302)) - s2: GrpcService started, listening on 33973
2023-12-01 03:55:48,752 [Time-limited test] INFO  server.GrpcService (GrpcService.java:startImpl(302)) - s2: GrpcService started, listening on 34445
2023-12-01 03:55:48,753 [Time-limited test] INFO  server.GrpcService (GrpcService.java:startImpl(302)) - s2: GrpcService started, listening on 44199
2023-12-01 03:55:48,753 [JvmPauseMonitor11] INFO  util.JvmPauseMonitor (JvmPauseMonitor.java:run(146)) - JvmPauseMonitor-s2: Started
2023-12-01 03:55:48,753 [Time-limited test] INFO  server.RaftServerConfigKeys (ConfUtils.java:logGet(46)) - raft.server.rpc.timeout.max = 300ms (default)
2023-12-01 03:55:48,753 [Time-limited test] INFO  ratis.RaftTestUtil (RaftTestUtil.java:waitForLeader(100)) - printing ALL groups
  s0:  RUNNING  FOLLOWER s0@group-B93FFF3E6E7E:t0, leader=null, voted=, raftlog=Memoized:s0@group-B93FFF3E6E7E-SegmentedRaftLog:OPENED:c-1, conf=-1: peers:[s0|localhost:42131, s1|localhost:43397, s2|localhost:34445]|listeners:[], old=null RUNNING
  s1:  RUNNING  FOLLOWER s1@group-B93FFF3E6E7E:t0, leader=null, voted=, raftlog=Memoized:s1@group-B93FFF3E6E7E-SegmentedRaftLog:OPENED:c-1, conf=-1: peers:[s0|localhost:42131, s1|localhost:43397, s2|localhost:34445]|listeners:[], old=null RUNNING
  s2:  RUNNING  FOLLOWER s2@group-B93FFF3E6E7E:t0, leader=null, voted=, raftlog=Memoized:s2@group-B93FFF3E6E7E-SegmentedRaftLog:OPENED:c-1, conf=-1: peers:[s0|localhost:42131, s1|localhost:43397, s2|localhost:34445]|listeners:[], old=null RUNNING
2023-12-01 03:55:48,753 [Time-limited test] WARN  ratis.RaftTestUtil (JavaUtils.java:attempt(223)) - FAILED "waitForLeader-null-(expectLeader? true)", attempt #1/100: java.lang.IllegalStateException: No leader yet : printing ALL groups
  s0:  RUNNING  FOLLOWER s0@group-B93FFF3E6E7E:t0, leader=null, voted=, raftlog=Memoized:s0@group-B93FFF3E6E7E-SegmentedRaftLog:OPENED:c-1, conf=-1: peers:[s0|localhost:42131, s1|localhost:43397, s2|localhost:34445]|listeners:[], old=null RUNNING
  s1:  RUNNING  FOLLOWER s1@group-B93FFF3E6E7E:t0, leader=null, voted=, raftlog=Memoized:s1@group-B93FFF3E6E7E-SegmentedRaftLog:OPENED:c-1, conf=-1: peers:[s0|localhost:42131, s1|localhost:43397, s2|localhost:34445]|listeners:[], old=null RUNNING
  s2:  RUNNING  FOLLOWER s2@group-B93FFF3E6E7E:t0, leader=null, voted=, raftlog=Memoized:s2@group-B93FFF3E6E7E-SegmentedRaftLog:OPENED:c-1, conf=-1: peers:[s0|localhost:42131, s1|localhost:43397, s2|localhost:34445]|listeners:[], old=null RUNNING, sleep 450ms and then retry.
java.lang.IllegalStateException: No leader yet : printing ALL groups
  s0:  RUNNING  FOLLOWER s0@group-B93FFF3E6E7E:t0, leader=null, voted=, raftlog=Memoized:s0@group-B93FFF3E6E7E-SegmentedRaftLog:OPENED:c-1, conf=-1: peers:[s0|localhost:42131, s1|localhost:43397, s2|localhost:34445]|listeners:[], old=null RUNNING
  s1:  RUNNING  FOLLOWER s1@group-B93FFF3E6E7E:t0, leader=null, voted=, raftlog=Memoized:s1@group-B93FFF3E6E7E-SegmentedRaftLog:OPENED:c-1, conf=-1: peers:[s0|localhost:42131, s1|localhost:43397, s2|localhost:34445]|listeners:[], old=null RUNNING
  s2:  RUNNING  FOLLOWER s2@group-B93FFF3E6E7E:t0, leader=null, voted=, raftlog=Memoized:s2@group-B93FFF3E6E7E-SegmentedRaftLog:OPENED:c-1, conf=-1: peers:[s0|localhost:42131, s1|localhost:43397, s2|localhost:34445]|listeners:[], old=null RUNNING
	at org.apache.ratis.server.impl.MiniRaftCluster.newIllegalStateExceptionForNoLeaders(MiniRaftCluster.java:581)
	at org.apache.ratis.RaftTestUtil.lambda$waitForLeader$1(RaftTestUtil.java:104)
	at org.apache.ratis.server.impl.MiniRaftCluster.getLeader(MiniRaftCluster.java:615)
	at org.apache.ratis.server.impl.MiniRaftCluster.getLeader(MiniRaftCluster.java:608)
	at org.apache.ratis.RaftTestUtil.lambda$waitForLeader$3(RaftTestUtil.java:112)
	at org.apache.ratis.util.JavaUtils.attempt(JavaUtils.java:217)
	at org.apache.ratis.util.JavaUtils.attemptRepeatedly(JavaUtils.java:203)
	at org.apache.ratis.RaftTestUtil.waitForLeader(RaftTestUtil.java:111)
	at org.apache.ratis.RaftTestUtil.waitForLeader(RaftTestUtil.java:92)
	at org.apache.ratis.RaftTestUtil.waitForLeader(RaftTestUtil.java:87)
	at org.apache.ratis.RetryCacheTests.runTestRetryOnNewLeader(RetryCacheTests.java:127)
	at org.apache.ratis.server.impl.MiniRaftCluster$Factory$Get.runWithNewCluster(MiniRaftCluster.java:141)
	at org.apache.ratis.server.impl.MiniRaftCluster$Factory$Get.runWithNewCluster(MiniRaftCluster.java:121)
	at org.apache.ratis.RetryCacheTests.testRetryOnNewLeader(RetryCacheTests.java:123)
	at java.base/jdk.internal.reflect.NativeMethodAccessorImpl.invoke0(Native Method)
	at java.base/jdk.internal.reflect.NativeMethodAccessorImpl.invoke(NativeMethodAccessorImpl.java:62)
	at java.base/jdk.internal.reflect.DelegatingMethodAccessorImpl.invoke(DelegatingMethodAccessorImpl.java:43)
	at java.base/java.lang.reflect.Method.invoke(Method.java:566)
	at org.junit.runners.model.FrameworkMethod$1.runReflectiveCall(FrameworkMethod.java:59)
	at org.junit.internal.runners.model.ReflectiveCallable.run(ReflectiveCallable.java:12)
	at org.junit.runners.model.FrameworkMethod.invokeExplosively(FrameworkMethod.java:56)
	at org.junit.internal.runners.statements.InvokeMethod.evaluate(InvokeMethod.java:17)
	at org.junit.internal.runners.statements.RunAfters.evaluate(RunAfters.java:27)
	at org.junit.internal.runners.statements.FailOnTimeout$CallableStatement.call(FailOnTimeout.java:299)
	at org.junit.internal.runners.statements.FailOnTimeout$CallableStatement.call(FailOnTimeout.java:293)
	at java.base/java.util.concurrent.FutureTask.run(FutureTask.java:264)
	at java.base/java.lang.Thread.run(Thread.java:829)
2023-12-01 03:55:48,826 [grpc-default-executor-11] ERROR impl.OrderedAsync (OrderedAsync.java:lambda$sendRequest$9(247)) - client-915AA7F58988: Failed* RaftClientRequest:client-915AA7F58988->s1@group-FB8FFDFFFB35, cid=6, seq=1*, Watch(0), null
java.util.concurrent.CompletionException: java.io.IOException: org.apache.ratis.thirdparty.io.grpc.StatusRuntimeException: UNAVAILABLE: io exception
	at java.base/java.util.concurrent.CompletableFuture.encodeThrowable(CompletableFuture.java:331)
	at java.base/java.util.concurrent.CompletableFuture.completeThrowable(CompletableFuture.java:346)
	at java.base/java.util.concurrent.CompletableFuture$UniApply.tryFire(CompletableFuture.java:632)
	at java.base/java.util.concurrent.CompletableFuture.postComplete(CompletableFuture.java:506)
	at java.base/java.util.concurrent.CompletableFuture.completeExceptionally(CompletableFuture.java:2094)
	at org.apache.ratis.grpc.client.GrpcClientProtocolClient$AsyncStreamObservers.completeReplyExceptionally(GrpcClientProtocolClient.java:394)
	at org.apache.ratis.grpc.client.GrpcClientProtocolClient$AsyncStreamObservers.access$000(GrpcClientProtocolClient.java:300)
	at org.apache.ratis.grpc.client.GrpcClientProtocolClient$AsyncStreamObservers$1.onError(GrpcClientProtocolClient.java:331)
	at org.apache.ratis.thirdparty.io.grpc.stub.ClientCalls$StreamObserverToCallListenerAdapter.onClose(ClientCalls.java:481)
	at org.apache.ratis.thirdparty.io.grpc.PartialForwardingClientCallListener.onClose(PartialForwardingClientCallListener.java:39)
	at org.apache.ratis.thirdparty.io.grpc.ForwardingClientCallListener.onClose(ForwardingClientCallListener.java:23)
	at org.apache.ratis.grpc.metrics.intercept.client.MetricClientCallListener.onClose(MetricClientCallListener.java:47)
	at org.apache.ratis.thirdparty.io.grpc.internal.DelayedClientCall$DelayedListener$3.run(DelayedClientCall.java:489)
	at org.apache.ratis.thirdparty.io.grpc.internal.DelayedClientCall$DelayedListener.delayOrExecute(DelayedClientCall.java:453)
	at org.apache.ratis.thirdparty.io.grpc.internal.DelayedClientCall$DelayedListener.onClose(DelayedClientCall.java:486)
	at org.apache.ratis.thirdparty.io.grpc.internal.ClientCallImpl.closeObserver(ClientCallImpl.java:567)
	at org.apache.ratis.thirdparty.io.grpc.internal.ClientCallImpl.access$300(ClientCallImpl.java:71)
	at org.apache.ratis.thirdparty.io.grpc.internal.ClientCallImpl$ClientStreamListenerImpl$1StreamClosed.runInternal(ClientCallImpl.java:735)
	at org.apache.ratis.thirdparty.io.grpc.internal.ClientCallImpl$ClientStreamListenerImpl$1StreamClosed.runInContext(ClientCallImpl.java:716)
	at org.apache.ratis.thirdparty.io.grpc.internal.ContextRunnable.run(ContextRunnable.java:37)
	at org.apache.ratis.thirdparty.io.grpc.internal.SerializingExecutor.run(SerializingExecutor.java:133)
	at java.base/java.util.concurrent.ThreadPoolExecutor.runWorker(ThreadPoolExecutor.java:1128)
	at java.base/java.util.concurrent.ThreadPoolExecutor$Worker.run(ThreadPoolExecutor.java:628)
	at java.base/java.lang.Thread.run(Thread.java:829)
Caused by: java.io.IOException: org.apache.ratis.thirdparty.io.grpc.StatusRuntimeException: UNAVAILABLE: io exception
	at org.apache.ratis.grpc.GrpcUtil.unwrapException(GrpcUtil.java:99)
	at org.apache.ratis.grpc.GrpcUtil.unwrapIOException(GrpcUtil.java:159)
	at org.apache.ratis.grpc.client.GrpcClientProtocolClient$AsyncStreamObservers$1.onError(GrpcClientProtocolClient.java:330)
	... 16 more
Caused by: org.apache.ratis.thirdparty.io.grpc.StatusRuntimeException: UNAVAILABLE: io exception
	at org.apache.ratis.thirdparty.io.grpc.Status.asRuntimeException(Status.java:537)
	... 16 more
Caused by: org.apache.ratis.thirdparty.io.netty.channel.AbstractChannel$AnnotatedConnectException: finishConnect(..) failed: Connection refused: localhost/127.0.0.1:36299
Caused by: java.net.ConnectException: finishConnect(..) failed: Connection refused
	at org.apache.ratis.thirdparty.io.netty.channel.unix.Errors.newConnectException0(Errors.java:166)
	at org.apache.ratis.thirdparty.io.netty.channel.unix.Errors.handleConnectErrno(Errors.java:131)
	at org.apache.ratis.thirdparty.io.netty.channel.unix.Socket.finishConnect(Socket.java:359)
	at org.apache.ratis.thirdparty.io.netty.channel.epoll.AbstractEpollChannel$AbstractEpollUnsafe.doFinishConnect(AbstractEpollChannel.java:710)
	at org.apache.ratis.thirdparty.io.netty.channel.epoll.AbstractEpollChannel$AbstractEpollUnsafe.finishConnect(AbstractEpollChannel.java:687)
	at org.apache.ratis.thirdparty.io.netty.channel.epoll.AbstractEpollChannel$AbstractEpollUnsafe.epollOutReady(AbstractEpollChannel.java:567)
	at org.apache.ratis.thirdparty.io.netty.channel.epoll.EpollEventLoop.processReady(EpollEventLoop.java:499)
	at org.apache.ratis.thirdparty.io.netty.channel.epoll.EpollEventLoop.run(EpollEventLoop.java:407)
	at org.apache.ratis.thirdparty.io.netty.util.concurrent.SingleThreadEventExecutor$4.run(SingleThreadEventExecutor.java:997)
	at org.apache.ratis.thirdparty.io.netty.util.internal.ThreadExecutorMap$2.run(ThreadExecutorMap.java:74)
	at org.apache.ratis.thirdparty.io.netty.util.concurrent.FastThreadLocalRunnable.run(FastThreadLocalRunnable.java:30)
	at java.base/java.lang.Thread.run(Thread.java:829)
2023-12-01 03:55:48,912 [s1@group-B93FFF3E6E7E-FollowerState] INFO  impl.FollowerState (FollowerState.java:run(143)) - s1@group-B93FFF3E6E7E-FollowerState: change to CANDIDATE, lastRpcElapsedTime:168335151ns, electionTimeout:168ms
2023-12-01 03:55:48,913 [s1@group-B93FFF3E6E7E-FollowerState] INFO  impl.RoleInfo (RoleInfo.java:shutdownFollowerState(110)) - s1: shutdown s1@group-B93FFF3E6E7E-FollowerState
2023-12-01 03:55:48,913 [s1@group-B93FFF3E6E7E-FollowerState] INFO  server.RaftServer$Division (RaftServerImpl.java:setRole(379)) - s1@group-B93FFF3E6E7E: changes role from  FOLLOWER to CANDIDATE at term 0 for changeToCandidate
2023-12-01 03:55:48,913 [s1@group-B93FFF3E6E7E-FollowerState] INFO  server.RaftServerConfigKeys (ConfUtils.java:logGet(46)) - raft.server.leaderelection.pre-vote = true (default)
2023-12-01 03:55:48,913 [s1@group-B93FFF3E6E7E-FollowerState] INFO  impl.RoleInfo (RoleInfo.java:updateAndGet(139)) - s1: start s1@group-B93FFF3E6E7E-LeaderElection7
2023-12-01 03:55:48,913 [s1@group-B93FFF3E6E7E-LeaderElection7] INFO  impl.LeaderElection (LeaderElection.java:askForVotes(323)) - s1@group-B93FFF3E6E7E-LeaderElection7 PRE_VOTE round 0: submit vote requests at term 0 for -1: peers:[s0|localhost:42131, s1|localhost:43397, s2|localhost:34445]|listeners:[], old=null
2023-12-01 03:55:48,914 [s1@group-B93FFF3E6E7E-LeaderElection7-1] INFO  server.GrpcServerProtocolClient (GrpcServerProtocolClient.java:<init>(65)) - Build channel for s0
2023-12-01 03:55:48,914 [s1@group-B93FFF3E6E7E-LeaderElection7] INFO  server.RaftServerConfigKeys (ConfUtils.java:logFallback(53)) - raft.server.rpc.first-election.timeout.min = 150ms (fallback to raft.server.rpc.timeout.min)
2023-12-01 03:55:48,914 [s1@group-B93FFF3E6E7E-LeaderElection7-2] INFO  server.GrpcServerProtocolClient (GrpcServerProtocolClient.java:<init>(65)) - Build channel for s2
2023-12-01 03:55:48,914 [s1@group-B93FFF3E6E7E-LeaderElection7] INFO  server.RaftServerConfigKeys (ConfUtils.java:logFallback(53)) - raft.server.rpc.first-election.timeout.max = 300ms (fallback to raft.server.rpc.timeout.max)
2023-12-01 03:55:48,918 [grpc-default-executor-11] INFO  server.RaftServer$Division (RaftServerImpl.java:requestVote(1377)) - s2@group-B93FFF3E6E7E: receive requestVote(PRE_VOTE, s1, group-B93FFF3E6E7E, 0, (t:0, i:0))
2023-12-01 03:55:48,918 [grpc-default-executor-4] INFO  server.RaftServer$Division (RaftServerImpl.java:requestVote(1377)) - s0@group-B93FFF3E6E7E: receive requestVote(PRE_VOTE, s1, group-B93FFF3E6E7E, 0, (t:0, i:0))
2023-12-01 03:55:48,919 [grpc-default-executor-11] INFO  impl.VoteContext (VoteContext.java:log(49)) - s2@group-B93FFF3E6E7E-FOLLOWER: accept PRE_VOTE from s1: our priority 0 <= candidate's priority 0
2023-12-01 03:55:48,919 [grpc-default-executor-4] INFO  impl.VoteContext (VoteContext.java:log(49)) - s0@group-B93FFF3E6E7E-FOLLOWER: accept PRE_VOTE from s1: our priority 0 <= candidate's priority 0
2023-12-01 03:55:48,919 [grpc-default-executor-11] INFO  server.RaftServer$Division (RaftServerImpl.java:requestVote(1410)) - s2@group-B93FFF3E6E7E replies to PRE_VOTE vote request: s1<-s2#0:OK-t0. Peer's state: s2@group-B93FFF3E6E7E:t0, leader=null, voted=, raftlog=Memoized:s2@group-B93FFF3E6E7E-SegmentedRaftLog:OPENED:c-1, conf=-1: peers:[s0|localhost:42131, s1|localhost:43397, s2|localhost:34445]|listeners:[], old=null
2023-12-01 03:55:48,919 [grpc-default-executor-4] INFO  server.RaftServer$Division (RaftServerImpl.java:requestVote(1410)) - s0@group-B93FFF3E6E7E replies to PRE_VOTE vote request: s1<-s0#0:OK-t0. Peer's state: s0@group-B93FFF3E6E7E:t0, leader=null, voted=, raftlog=Memoized:s0@group-B93FFF3E6E7E-SegmentedRaftLog:OPENED:c-1, conf=-1: peers:[s0|localhost:42131, s1|localhost:43397, s2|localhost:34445]|listeners:[], old=null
2023-12-01 03:55:48,920 [s1@group-B93FFF3E6E7E-LeaderElection7] INFO  impl.LeaderElection (LeaderElection.java:logAndReturn(89)) - s1@group-B93FFF3E6E7E-LeaderElection7: PRE_VOTE PASSED received 1 response(s) and 0 exception(s):
2023-12-01 03:55:48,920 [s1@group-B93FFF3E6E7E-LeaderElection7] INFO  impl.LeaderElection (LeaderElection.java:logAndReturn(93)) -   Response 0: s1<-s0#0:OK-t0
2023-12-01 03:55:48,920 [s1@group-B93FFF3E6E7E-LeaderElection7] INFO  impl.LeaderElection (LeaderElection.java:askForVotes(325)) - s1@group-B93FFF3E6E7E-LeaderElection7 PRE_VOTE round 0: result PASSED
2023-12-01 03:55:48,920 [s1@group-B93FFF3E6E7E-LeaderElection7] TRACE util.FileUtils (LogUtils.java:supplyAndLog(69)) - Successfully supplied FileChannel.open /home/runner/work/ratis/ratis/ratis-test/target/test/data/1b1d21a/MiniRaftClusterWithGrpc65a5be97/s1/54092739-1e46-4bd5-803a-b93fff3e6e7e/current/raft-meta.tmp with options [CREATE, WRITE]: sun.nio.ch.FileChannelImpl@557e44c6
2023-12-01 03:55:48,922 [s1@group-B93FFF3E6E7E-LeaderElection7] TRACE util.FileUtils (LogUtils.java:runAndLog(49)) - Successfully ran Atomic Files.move /home/runner/work/ratis/ratis/ratis-test/target/test/data/1b1d21a/MiniRaftClusterWithGrpc65a5be97/s1/54092739-1e46-4bd5-803a-b93fff3e6e7e/current/raft-meta.tmp to /home/runner/work/ratis/ratis/ratis-test/target/test/data/1b1d21a/MiniRaftClusterWithGrpc65a5be97/s1/54092739-1e46-4bd5-803a-b93fff3e6e7e/current/raft-meta with options [REPLACE_EXISTING]
2023-12-01 03:55:48,922 [s1@group-B93FFF3E6E7E-LeaderElection7] INFO  impl.LeaderElection (LeaderElection.java:askForVotes(323)) - s1@group-B93FFF3E6E7E-LeaderElection7 ELECTION round 0: submit vote requests at term 1 for -1: peers:[s0|localhost:42131, s1|localhost:43397, s2|localhost:34445]|listeners:[], old=null
2023-12-01 03:55:48,922 [s1@group-B93FFF3E6E7E-LeaderElection7] INFO  server.RaftServerConfigKeys (ConfUtils.java:logFallback(53)) - raft.server.rpc.first-election.timeout.min = 150ms (fallback to raft.server.rpc.timeout.min)
2023-12-01 03:55:48,922 [s1@group-B93FFF3E6E7E-LeaderElection7] INFO  server.RaftServerConfigKeys (ConfUtils.java:logFallback(53)) - raft.server.rpc.first-election.timeout.max = 300ms (fallback to raft.server.rpc.timeout.max)
2023-12-01 03:55:48,923 [grpc-default-executor-4] INFO  server.RaftServer$Division (RaftServerImpl.java:requestVote(1377)) - s0@group-B93FFF3E6E7E: receive requestVote(ELECTION, s1, group-B93FFF3E6E7E, 1, (t:0, i:0))
2023-12-01 03:55:48,923 [grpc-default-executor-4] INFO  impl.VoteContext (VoteContext.java:log(49)) - s0@group-B93FFF3E6E7E-FOLLOWER: accept ELECTION from s1: our priority 0 <= candidate's priority 0
2023-12-01 03:55:48,923 [grpc-default-executor-11] INFO  server.RaftServer$Division (RaftServerImpl.java:requestVote(1377)) - s2@group-B93FFF3E6E7E: receive requestVote(ELECTION, s1, group-B93FFF3E6E7E, 1, (t:0, i:0))
2023-12-01 03:55:48,923 [grpc-default-executor-4] INFO  server.RaftServer$Division (RaftServerImpl.java:setRole(379)) - s0@group-B93FFF3E6E7E: changes role from  FOLLOWER to FOLLOWER at term 1 for candidate:s1
2023-12-01 03:55:48,923 [grpc-default-executor-4] INFO  impl.RoleInfo (RoleInfo.java:shutdownFollowerState(110)) - s0: shutdown s0@group-B93FFF3E6E7E-FollowerState
2023-12-01 03:55:48,923 [grpc-default-executor-11] INFO  impl.VoteContext (VoteContext.java:log(49)) - s2@group-B93FFF3E6E7E-FOLLOWER: accept ELECTION from s1: our priority 0 <= candidate's priority 0
2023-12-01 03:55:48,923 [s0@group-B93FFF3E6E7E-FollowerState] INFO  impl.FollowerState (FollowerState.java:run(152)) - s0@group-B93FFF3E6E7E-FollowerState was interrupted
2023-12-01 03:55:48,923 [grpc-default-executor-11] INFO  server.RaftServer$Division (RaftServerImpl.java:setRole(379)) - s2@group-B93FFF3E6E7E: changes role from  FOLLOWER to FOLLOWER at term 1 for candidate:s1
2023-12-01 03:55:48,924 [grpc-default-executor-11] INFO  impl.RoleInfo (RoleInfo.java:shutdownFollowerState(110)) - s2: shutdown s2@group-B93FFF3E6E7E-FollowerState
2023-12-01 03:55:48,923 [grpc-default-executor-4] INFO  impl.RoleInfo (RoleInfo.java:updateAndGet(139)) - s0: start s0@group-B93FFF3E6E7E-FollowerState
2023-12-01 03:55:48,924 [grpc-default-executor-11] INFO  impl.RoleInfo (RoleInfo.java:updateAndGet(139)) - s2: start s2@group-B93FFF3E6E7E-FollowerState
2023-12-01 03:55:48,924 [grpc-default-executor-4] INFO  server.RaftServer$Division (RaftServerImpl.java:setFirstElection(564)) - s0@group-B93FFF3E6E7E: set firstElectionSinceStartup to false for candidate:s1
2023-12-01 03:55:48,924 [grpc-default-executor-11] INFO  server.RaftServer$Division (RaftServerImpl.java:setFirstElection(564)) - s2@group-B93FFF3E6E7E: set firstElectionSinceStartup to false for candidate:s1
2023-12-01 03:55:48,924 [grpc-default-executor-4] TRACE util.FileUtils (LogUtils.java:supplyAndLog(69)) - Successfully supplied FileChannel.open /home/runner/work/ratis/ratis/ratis-test/target/test/data/1b1d21a/MiniRaftClusterWithGrpc65a5be97/s0/54092739-1e46-4bd5-803a-b93fff3e6e7e/current/raft-meta.tmp with options [CREATE, WRITE]: sun.nio.ch.FileChannelImpl@545f0223
2023-12-01 03:55:48,924 [grpc-default-executor-11] TRACE util.FileUtils (LogUtils.java:supplyAndLog(69)) - Successfully supplied FileChannel.open /home/runner/work/ratis/ratis/ratis-test/target/test/data/1b1d21a/MiniRaftClusterWithGrpc65a5be97/s2/54092739-1e46-4bd5-803a-b93fff3e6e7e/current/raft-meta.tmp with options [CREATE, WRITE]: sun.nio.ch.FileChannelImpl@4bc73e94
2023-12-01 03:55:48,925 [grpc-default-executor-4] TRACE util.FileUtils (LogUtils.java:runAndLog(49)) - Successfully ran Atomic Files.move /home/runner/work/ratis/ratis/ratis-test/target/test/data/1b1d21a/MiniRaftClusterWithGrpc65a5be97/s0/54092739-1e46-4bd5-803a-b93fff3e6e7e/current/raft-meta.tmp to /home/runner/work/ratis/ratis/ratis-test/target/test/data/1b1d21a/MiniRaftClusterWithGrpc65a5be97/s0/54092739-1e46-4bd5-803a-b93fff3e6e7e/current/raft-meta with options [REPLACE_EXISTING]
2023-12-01 03:55:48,925 [grpc-default-executor-4] INFO  server.RaftServer$Division (RaftServerImpl.java:requestVote(1410)) - s0@group-B93FFF3E6E7E replies to ELECTION vote request: s1<-s0#0:OK-t1. Peer's state: s0@group-B93FFF3E6E7E:t1, leader=null, voted=s1, raftlog=Memoized:s0@group-B93FFF3E6E7E-SegmentedRaftLog:OPENED:c-1, conf=-1: peers:[s0|localhost:42131, s1|localhost:43397, s2|localhost:34445]|listeners:[], old=null
2023-12-01 03:55:48,925 [grpc-default-executor-11] TRACE util.FileUtils (LogUtils.java:runAndLog(49)) - Successfully ran Atomic Files.move /home/runner/work/ratis/ratis/ratis-test/target/test/data/1b1d21a/MiniRaftClusterWithGrpc65a5be97/s2/54092739-1e46-4bd5-803a-b93fff3e6e7e/current/raft-meta.tmp to /home/runner/work/ratis/ratis/ratis-test/target/test/data/1b1d21a/MiniRaftClusterWithGrpc65a5be97/s2/54092739-1e46-4bd5-803a-b93fff3e6e7e/current/raft-meta with options [REPLACE_EXISTING]
2023-12-01 03:55:48,926 [grpc-default-executor-11] INFO  server.RaftServer$Division (RaftServerImpl.java:requestVote(1410)) - s2@group-B93FFF3E6E7E replies to ELECTION vote request: s1<-s2#0:OK-t1. Peer's state: s2@group-B93FFF3E6E7E:t1, leader=null, voted=s1, raftlog=Memoized:s2@group-B93FFF3E6E7E-SegmentedRaftLog:OPENED:c-1, conf=-1: peers:[s0|localhost:42131, s1|localhost:43397, s2|localhost:34445]|listeners:[], old=null
2023-12-01 03:55:48,926 [s2@group-B93FFF3E6E7E-FollowerState] INFO  impl.FollowerState (FollowerState.java:run(152)) - s2@group-B93FFF3E6E7E-FollowerState was interrupted
2023-12-01 03:55:48,926 [s1@group-B93FFF3E6E7E-LeaderElection7] INFO  impl.LeaderElection (LeaderElection.java:logAndReturn(89)) - s1@group-B93FFF3E6E7E-LeaderElection7: ELECTION PASSED received 1 response(s) and 0 exception(s):
2023-12-01 03:55:48,926 [s1@group-B93FFF3E6E7E-LeaderElection7] INFO  impl.LeaderElection (LeaderElection.java:logAndReturn(93)) -   Response 0: s1<-s2#0:OK-t1
2023-12-01 03:55:48,926 [s1@group-B93FFF3E6E7E-LeaderElection7] INFO  impl.LeaderElection (LeaderElection.java:askForVotes(325)) - s1@group-B93FFF3E6E7E-LeaderElection7 ELECTION round 0: result PASSED
2023-12-01 03:55:48,926 [s1@group-B93FFF3E6E7E-LeaderElection7] INFO  impl.RoleInfo (RoleInfo.java:shutdownLeaderElection(130)) - s1: shutdown s1@group-B93FFF3E6E7E-LeaderElection7
2023-12-01 03:55:48,926 [s1@group-B93FFF3E6E7E-LeaderElection7] INFO  server.RaftServer$Division (RaftServerImpl.java:setRole(379)) - s1@group-B93FFF3E6E7E: changes role from CANDIDATE to LEADER at term 1 for changeToLeader
2023-12-01 03:55:48,926 [s1@group-B93FFF3E6E7E-LeaderElection7] INFO  server.RaftServerConfigKeys (ConfUtils.java:logGet(46)) - raft.server.staging.catchup.gap = 1000 (default)
2023-12-01 03:55:48,927 [s1@group-B93FFF3E6E7E-LeaderElection7] INFO  server.RaftServerConfigKeys (ConfUtils.java:logGet(46)) - raft.server.write.element-limit = 4096 (default)
2023-12-01 03:55:48,927 [s1@group-B93FFF3E6E7E-LeaderElection7] INFO  server.RaftServerConfigKeys (ConfUtils.java:logGet(46)) - raft.server.write.byte-limit = 64MB (=67108864) (default)
2023-12-01 03:55:48,927 [s1@group-B93FFF3E6E7E-LeaderElection7] INFO  server.RaftServerConfigKeys (ConfUtils.java:logGet(46)) - raft.server.watch.timeout = 10s (default)
2023-12-01 03:55:48,927 [s1@group-B93FFF3E6E7E-LeaderElection7] INFO  server.RaftServerConfigKeys (ConfUtils.java:logGet(46)) - raft.server.watch.timeout.denomination = 1s (default)
2023-12-01 03:55:48,927 [s1@group-B93FFF3E6E7E-LeaderElection7] INFO  server.RaftServerConfigKeys (ConfUtils.java:logGet(46)) - raft.server.watch.element-limit = 65536 (default)
2023-12-01 03:55:48,927 [s1@group-B93FFF3E6E7E-LeaderElection7] INFO  server.RaftServerConfigKeys (ConfUtils.java:logGet(46)) - raft.server.read.leader.lease.enabled = false (default)
2023-12-01 03:55:48,927 [s1@group-B93FFF3E6E7E-LeaderElection7] INFO  server.RaftServerConfigKeys (ConfUtils.java:logGet(46)) - raft.server.read.leader.lease.timeout.ratio = 0.9 (default)
2023-12-01 03:55:48,927 [s1@group-B93FFF3E6E7E-LeaderElection7] INFO  server.RaftServerConfigKeys (ConfUtils.java:logGet(46)) - raft.server.rpc.timeout.min = 150ms (default)
2023-12-01 03:55:48,927 [s1@group-B93FFF3E6E7E-LeaderElection7] INFO  server.RaftServerConfigKeys (ConfUtils.java:logGet(46)) - raft.server.write.element-limit = 4096 (default)
2023-12-01 03:55:48,927 [s1@group-B93FFF3E6E7E-LeaderElection7] INFO  server.RaftServerConfigKeys (ConfUtils.java:logGet(46)) - raft.server.write.follower.gap.ratio.max = -1.0 (default)
2023-12-01 03:55:48,927 [s1@group-B93FFF3E6E7E-LeaderElection7] INFO  server.RaftServerConfigKeys (ConfUtils.java:logGet(46)) - raft.server.log.appender.snapshot.chunk.size.max = 16MB (=16777216) (default)
2023-12-01 03:55:48,928 [s1@group-B93FFF3E6E7E-LeaderElection7] INFO  server.RaftServerConfigKeys (ConfUtils.java:logGet(46)) - raft.server.log.appender.buffer.byte-limit = 4MB (=4194304) (default)
2023-12-01 03:55:48,928 [s1@group-B93FFF3E6E7E-LeaderElection7] INFO  server.RaftServerConfigKeys (ConfUtils.java:logGet(46)) - raft.server.log.appender.buffer.element-limit = 0 (default)
2023-12-01 03:55:48,928 [s1@group-B93FFF3E6E7E-LeaderElection7] INFO  server.RaftServerConfigKeys (ConfUtils.java:logGet(46)) - raft.server.log.appender.wait-time.min = 1ms (default)
2023-12-01 03:55:48,928 [s1@group-B93FFF3E6E7E-LeaderElection7] INFO  grpc.GrpcConfigKeys (ConfUtils.java:logGet(46)) - raft.grpc.server.leader.outstanding.appends.max = 8 (default)
2023-12-01 03:55:48,928 [s1@group-B93FFF3E6E7E-LeaderElection7] INFO  server.RaftServerConfigKeys (ConfUtils.java:logGet(46)) - raft.server.rpc.request.timeout = 3000ms (default)
2023-12-01 03:55:48,928 [s1@group-B93FFF3E6E7E-LeaderElection7] INFO  grpc.GrpcConfigKeys (ConfUtils.java:logGet(46)) - raft.grpc.server.install_snapshot.request.element-limit = 8 (default)
2023-12-01 03:55:48,928 [s1@group-B93FFF3E6E7E-LeaderElection7] INFO  grpc.GrpcConfigKeys (ConfUtils.java:logGet(46)) - raft.grpc.server.install_snapshot.request.timeout = 3000ms (default)
2023-12-01 03:55:48,928 [s1@group-B93FFF3E6E7E-LeaderElection7] INFO  server.RaftServerConfigKeys (ConfUtils.java:logGet(46)) - raft.server.log.appender.install.snapshot.enabled = true (default)
2023-12-01 03:55:48,928 [s1@group-B93FFF3E6E7E-LeaderElection7] INFO  grpc.GrpcConfigKeys (ConfUtils.java:logGet(46)) - raft.grpc.server.heartbeat.channel = true (default)
2023-12-01 03:55:48,928 [s1@group-B93FFF3E6E7E-LeaderElection7] INFO  server.RaftServerConfigKeys (ConfUtils.java:logGet(46)) - raft.server.log.appender.snapshot.chunk.size.max = 16MB (=16777216) (default)
2023-12-01 03:55:48,928 [s1@group-B93FFF3E6E7E-LeaderElection7] INFO  server.RaftServerConfigKeys (ConfUtils.java:logGet(46)) - raft.server.log.appender.buffer.byte-limit = 4MB (=4194304) (default)
2023-12-01 03:55:48,928 [s1@group-B93FFF3E6E7E-LeaderElection7] INFO  server.RaftServerConfigKeys (ConfUtils.java:logGet(46)) - raft.server.log.appender.buffer.element-limit = 0 (default)
2023-12-01 03:55:48,928 [s1@group-B93FFF3E6E7E-LeaderElection7] INFO  server.RaftServerConfigKeys (ConfUtils.java:logGet(46)) - raft.server.log.appender.wait-time.min = 1ms (default)
2023-12-01 03:55:48,929 [s1@group-B93FFF3E6E7E-LeaderElection7] INFO  grpc.GrpcConfigKeys (ConfUtils.java:logGet(46)) - raft.grpc.server.leader.outstanding.appends.max = 8 (default)
2023-12-01 03:55:48,929 [s1@group-B93FFF3E6E7E-LeaderElection7] INFO  server.RaftServerConfigKeys (ConfUtils.java:logGet(46)) - raft.server.rpc.request.timeout = 3000ms (default)
2023-12-01 03:55:48,929 [s1@group-B93FFF3E6E7E-LeaderElection7] INFO  grpc.GrpcConfigKeys (ConfUtils.java:logGet(46)) - raft.grpc.server.install_snapshot.request.element-limit = 8 (default)
2023-12-01 03:55:48,929 [s1@group-B93FFF3E6E7E-LeaderElection7] INFO  grpc.GrpcConfigKeys (ConfUtils.java:logGet(46)) - raft.grpc.server.install_snapshot.request.timeout = 3000ms (default)
2023-12-01 03:55:48,929 [s1@group-B93FFF3E6E7E-LeaderElection7] INFO  server.RaftServerConfigKeys (ConfUtils.java:logGet(46)) - raft.server.log.appender.install.snapshot.enabled = true (default)
2023-12-01 03:55:48,929 [s1@group-B93FFF3E6E7E-LeaderElection7] INFO  grpc.GrpcConfigKeys (ConfUtils.java:logGet(46)) - raft.grpc.server.heartbeat.channel = true (default)
2023-12-01 03:55:48,929 [grpc-default-executor-3] ERROR impl.OrderedAsync (OrderedAsync.java:lambda$sendRequest$9(247)) - client-915AA7F58988: Failed* RaftClientRequest:client-915AA7F58988->s0@group-FB8FFDFFFB35, cid=6, seq=1*, Watch(0), null
java.util.concurrent.CompletionException: java.io.IOException: org.apache.ratis.thirdparty.io.grpc.StatusRuntimeException: UNAVAILABLE: io exception
	at java.base/java.util.concurrent.CompletableFuture.encodeThrowable(CompletableFuture.java:331)
	at java.base/java.util.concurrent.CompletableFuture.completeThrowable(CompletableFuture.java:346)
	at java.base/java.util.concurrent.CompletableFuture$UniApply.tryFire(CompletableFuture.java:632)
	at java.base/java.util.concurrent.CompletableFuture.postComplete(CompletableFuture.java:506)
	at java.base/java.util.concurrent.CompletableFuture.completeExceptionally(CompletableFuture.java:2094)
	at org.apache.ratis.grpc.client.GrpcClientProtocolClient$AsyncStreamObservers.completeReplyExceptionally(GrpcClientProtocolClient.java:394)
	at org.apache.ratis.grpc.client.GrpcClientProtocolClient$AsyncStreamObservers.access$000(GrpcClientProtocolClient.java:300)
	at org.apache.ratis.grpc.client.GrpcClientProtocolClient$AsyncStreamObservers$1.onError(GrpcClientProtocolClient.java:331)
	at org.apache.ratis.thirdparty.io.grpc.stub.ClientCalls$StreamObserverToCallListenerAdapter.onClose(ClientCalls.java:481)
	at org.apache.ratis.thirdparty.io.grpc.PartialForwardingClientCallListener.onClose(PartialForwardingClientCallListener.java:39)
	at org.apache.ratis.thirdparty.io.grpc.ForwardingClientCallListener.onClose(ForwardingClientCallListener.java:23)
	at org.apache.ratis.grpc.metrics.intercept.client.MetricClientCallListener.onClose(MetricClientCallListener.java:47)
	at org.apache.ratis.thirdparty.io.grpc.internal.DelayedClientCall$DelayedListener$3.run(DelayedClientCall.java:489)
	at org.apache.ratis.thirdparty.io.grpc.internal.DelayedClientCall$DelayedListener.delayOrExecute(DelayedClientCall.java:453)
	at org.apache.ratis.thirdparty.io.grpc.internal.DelayedClientCall$DelayedListener.onClose(DelayedClientCall.java:486)
	at org.apache.ratis.thirdparty.io.grpc.internal.ClientCallImpl.closeObserver(ClientCallImpl.java:567)
	at org.apache.ratis.thirdparty.io.grpc.internal.ClientCallImpl.access$300(ClientCallImpl.java:71)
	at org.apache.ratis.thirdparty.io.grpc.internal.ClientCallImpl$ClientStreamListenerImpl$1StreamClosed.runInternal(ClientCallImpl.java:735)
	at org.apache.ratis.thirdparty.io.grpc.internal.ClientCallImpl$ClientStreamListenerImpl$1StreamClosed.runInContext(ClientCallImpl.java:716)
	at org.apache.ratis.thirdparty.io.grpc.internal.ContextRunnable.run(ContextRunnable.java:37)
	at org.apache.ratis.thirdparty.io.grpc.internal.SerializingExecutor.run(SerializingExecutor.java:133)
	at java.base/java.util.concurrent.ThreadPoolExecutor.runWorker(ThreadPoolExecutor.java:1128)
	at java.base/java.util.concurrent.ThreadPoolExecutor$Worker.run(ThreadPoolExecutor.java:628)
	at java.base/java.lang.Thread.run(Thread.java:829)
Caused by: java.io.IOException: org.apache.ratis.thirdparty.io.grpc.StatusRuntimeException: UNAVAILABLE: io exception
	at org.apache.ratis.grpc.GrpcUtil.unwrapException(GrpcUtil.java:99)
	at org.apache.ratis.grpc.GrpcUtil.unwrapIOException(GrpcUtil.java:159)
	at org.apache.ratis.grpc.client.GrpcClientProtocolClient$AsyncStreamObservers$1.onError(GrpcClientProtocolClient.java:330)
	... 16 more
Caused by: org.apache.ratis.thirdparty.io.grpc.StatusRuntimeException: UNAVAILABLE: io exception
	at org.apache.ratis.thirdparty.io.grpc.Status.asRuntimeException(Status.java:537)
	... 16 more
Caused by: org.apache.ratis.thirdparty.io.netty.channel.AbstractChannel$AnnotatedConnectException: finishConnect(..) failed: Connection refused: localhost/127.0.0.1:34265
Caused by: java.net.ConnectException: finishConnect(..) failed: Connection refused
	at org.apache.ratis.thirdparty.io.netty.channel.unix.Errors.newConnectException0(Errors.java:166)
	at org.apache.ratis.thirdparty.io.netty.channel.unix.Errors.handleConnectErrno(Errors.java:131)
	at org.apache.ratis.thirdparty.io.netty.channel.unix.Socket.finishConnect(Socket.java:359)
	at org.apache.ratis.thirdparty.io.netty.channel.epoll.AbstractEpollChannel$AbstractEpollUnsafe.doFinishConnect(AbstractEpollChannel.java:710)
	at org.apache.ratis.thirdparty.io.netty.channel.epoll.AbstractEpollChannel$AbstractEpollUnsafe.finishConnect(AbstractEpollChannel.java:687)
	at org.apache.ratis.thirdparty.io.netty.channel.epoll.AbstractEpollChannel$AbstractEpollUnsafe.epollOutReady(AbstractEpollChannel.java:567)
	at org.apache.ratis.thirdparty.io.netty.channel.epoll.EpollEventLoop.processReady(EpollEventLoop.java:499)
	at org.apache.ratis.thirdparty.io.netty.channel.epoll.EpollEventLoop.run(EpollEventLoop.java:407)
	at org.apache.ratis.thirdparty.io.netty.util.concurrent.SingleThreadEventExecutor$4.run(SingleThreadEventExecutor.java:997)
	at org.apache.ratis.thirdparty.io.netty.util.internal.ThreadExecutorMap$2.run(ThreadExecutorMap.java:74)
	at org.apache.ratis.thirdparty.io.netty.util.concurrent.FastThreadLocalRunnable.run(FastThreadLocalRunnable.java:30)
	at java.base/java.lang.Thread.run(Thread.java:829)
2023-12-01 03:55:48,929 [s1@group-B93FFF3E6E7E-LeaderElection7] INFO  impl.RoleInfo (RoleInfo.java:updateAndGet(139)) - s1: start s1@group-B93FFF3E6E7E-LeaderStateImpl
2023-12-01 03:55:48,929 [s1@group-B93FFF3E6E7E-LeaderElection7] INFO  server.RaftServer$Division (RaftServerImpl.java:setFirstElection(564)) - s1@group-B93FFF3E6E7E: set firstElectionSinceStartup to false for becomeLeader
2023-12-01 03:55:48,930 [s1@group-B93FFF3E6E7E-LeaderElection7] INFO  server.RaftServer$Division (ServerState.java:setLeader(265)) - s1@group-B93FFF3E6E7E: change Leader from null to s1 at term 1 for becomeLeader, leader elected after 211ms
2023-12-01 03:55:48,930 [s1@group-B93FFF3E6E7E-LeaderElection7] INFO  segmented.SegmentedRaftLogWorker (SegmentedRaftLogWorker.java:startLogSegment(430)) - s1@group-B93FFF3E6E7E-SegmentedRaftLogWorker: Starting segment from index:0
2023-12-01 03:55:48,930 [s1@group-B93FFF3E6E7E-SegmentedRaftLogWorker] INFO  segmented.BufferedWriteChannel (BufferedWriteChannel.java:open(62)) - open log_inprogress_0 at position 0
2023-12-01 03:55:48,930 [s1@group-B93FFF3E6E7E-LeaderElection7] INFO  server.RaftServer$Division (ServerState.java:setRaftConf(382)) - s1@group-B93FFF3E6E7E: set configuration 0: peers:[s0|localhost:42131, s1|localhost:43397, s2|localhost:34445]|listeners:[], old=null
2023-12-01 03:55:48,938 [s0-server-thread1] INFO  server.RaftServer$Division (ServerState.java:setLeader(265)) - s0@group-B93FFF3E6E7E: change Leader from null to s1 at term 1 for appendEntries, leader elected after 222ms
2023-12-01 03:55:48,939 [s1@group-B93FFF3E6E7E-SegmentedRaftLogWorker] INFO  segmented.SegmentedRaftLogWorker (SegmentedRaftLogWorker.java:execute(634)) - s1@group-B93FFF3E6E7E-SegmentedRaftLogWorker: created new log segment /home/runner/work/ratis/ratis/ratis-test/target/test/data/1b1d21a/MiniRaftClusterWithGrpc65a5be97/s1/54092739-1e46-4bd5-803a-b93fff3e6e7e/current/log_inprogress_0
2023-12-01 03:55:48,939 [s0-server-thread1] DEBUG server.RaftServer$Division (RaftServerImpl.java:logAppendEntries(1504)) - s0@group-B93FFF3E6E7E: receive appendEntries(s1, 1, null, -1, true, commits:[s1:c-1, s0:c-1, s2:c-1], cId:1, entries: [(t:1, i:0), CONFIGURATIONENTRY(current:id: "s0"
address: "localhost:42131"
dataStreamAddress: "localhost:39763"
clientAddress: "localhost:41903"
adminAddress: "localhost:36935"
startupRole: FOLLOWER
,id: "s1"
address: "localhost:43397"
dataStreamAddress: "localhost:34637"
clientAddress: "localhost:45665"
adminAddress: "localhost:43233"
startupRole: FOLLOWER
,id: "s2"
address: "localhost:34445"
dataStreamAddress: "localhost:34463"
clientAddress: "localhost:33973"
adminAddress: "localhost:44199"
startupRole: FOLLOWER
, old:)]
2023-12-01 03:55:48,941 [s2-server-thread1] INFO  server.RaftServer$Division (ServerState.java:setLeader(265)) - s2@group-B93FFF3E6E7E: change Leader from null to s1 at term 1 for appendEntries, leader elected after 217ms
2023-12-01 03:55:48,941 [s0-server-thread1] INFO  server.RaftServer$Division (ServerState.java:setRaftConf(382)) - s0@group-B93FFF3E6E7E: set configuration 0: peers:[s0|localhost:42131, s1|localhost:43397, s2|localhost:34445]|listeners:[], old=null
2023-12-01 03:55:48,941 [s0-server-thread1] INFO  segmented.SegmentedRaftLogWorker (SegmentedRaftLogWorker.java:startLogSegment(430)) - s0@group-B93FFF3E6E7E-SegmentedRaftLogWorker: Starting segment from index:0
2023-12-01 03:55:48,941 [s2-server-thread2] DEBUG server.RaftServer$Division (RaftServerImpl.java:logAppendEntries(1504)) - s2@group-B93FFF3E6E7E: receive appendEntries(s1, 1, null, -1, true, commits:[s1:c-1, s0:c-1, s2:c-1], cId:1, entries: [(t:1, i:0), CONFIGURATIONENTRY(current:id: "s0"
address: "localhost:42131"
dataStreamAddress: "localhost:39763"
clientAddress: "localhost:41903"
adminAddress: "localhost:36935"
startupRole: FOLLOWER
,id: "s1"
address: "localhost:43397"
dataStreamAddress: "localhost:34637"
clientAddress: "localhost:45665"
adminAddress: "localhost:43233"
startupRole: FOLLOWER
,id: "s2"
address: "localhost:34445"
dataStreamAddress: "localhost:34463"
clientAddress: "localhost:33973"
adminAddress: "localhost:44199"
startupRole: FOLLOWER
, old:)]
2023-12-01 03:55:48,941 [s0@group-B93FFF3E6E7E-SegmentedRaftLogWorker] INFO  segmented.BufferedWriteChannel (BufferedWriteChannel.java:open(62)) - open log_inprogress_0 at position 0
2023-12-01 03:55:48,942 [s2-server-thread2] INFO  server.RaftServer$Division (ServerState.java:setRaftConf(382)) - s2@group-B93FFF3E6E7E: set configuration 0: peers:[s0|localhost:42131, s1|localhost:43397, s2|localhost:34445]|listeners:[], old=null
2023-12-01 03:55:48,942 [s2-server-thread2] INFO  segmented.SegmentedRaftLogWorker (SegmentedRaftLogWorker.java:startLogSegment(430)) - s2@group-B93FFF3E6E7E-SegmentedRaftLogWorker: Starting segment from index:0
2023-12-01 03:55:48,942 [s2@group-B93FFF3E6E7E-SegmentedRaftLogWorker] INFO  segmented.BufferedWriteChannel (BufferedWriteChannel.java:open(62)) - open log_inprogress_0 at position 0
2023-12-01 03:55:48,987 [s2@group-B93FFF3E6E7E-SegmentedRaftLogWorker] INFO  segmented.SegmentedRaftLogWorker (SegmentedRaftLogWorker.java:execute(634)) - s2@group-B93FFF3E6E7E-SegmentedRaftLogWorker: created new log segment /home/runner/work/ratis/ratis/ratis-test/target/test/data/1b1d21a/MiniRaftClusterWithGrpc65a5be97/s2/54092739-1e46-4bd5-803a-b93fff3e6e7e/current/log_inprogress_0
2023-12-01 03:55:48,987 [s0@group-B93FFF3E6E7E-SegmentedRaftLogWorker] INFO  segmented.SegmentedRaftLogWorker (SegmentedRaftLogWorker.java:execute(634)) - s0@group-B93FFF3E6E7E-SegmentedRaftLogWorker: created new log segment /home/runner/work/ratis/ratis/ratis-test/target/test/data/1b1d21a/MiniRaftClusterWithGrpc65a5be97/s0/54092739-1e46-4bd5-803a-b93fff3e6e7e/current/log_inprogress_0
2023-12-01 03:55:48,988 [s2-server-thread3] DEBUG server.RaftServer$Division (RaftServerImpl.java:logAppendEntries(1504)) - s2@group-B93FFF3E6E7E: succeeded to handle AppendEntries. Reply: s1<-s2#1:OK-t1,SUCCESS,nextIndex=1,followerCommit=-1,matchIndex=0
2023-12-01 03:55:48,988 [s0-server-thread2] DEBUG server.RaftServer$Division (RaftServerImpl.java:logAppendEntries(1504)) - s0@group-B93FFF3E6E7E: succeeded to handle AppendEntries. Reply: s1<-s0#1:OK-t1,SUCCESS,nextIndex=1,followerCommit=-1,matchIndex=0
2023-12-01 03:55:48,989 [s1@group-B93FFF3E6E7E-StateMachineUpdater] TRACE util.FileUtils (LogUtils.java:supplyAndLog(69)) - Successfully supplied FileChannel.open /home/runner/work/ratis/ratis/ratis-test/target/test/data/1b1d21a/MiniRaftClusterWithGrpc65a5be97/s1/54092739-1e46-4bd5-803a-b93fff3e6e7e/current/raft-meta.conf.tmp with options [CREATE, WRITE]: sun.nio.ch.FileChannelImpl@1e6a4acf
2023-12-01 03:55:48,991 [s1@group-B93FFF3E6E7E-StateMachineUpdater] TRACE util.FileUtils (LogUtils.java:runAndLog(49)) - Successfully ran Atomic Files.move /home/runner/work/ratis/ratis/ratis-test/target/test/data/1b1d21a/MiniRaftClusterWithGrpc65a5be97/s1/54092739-1e46-4bd5-803a-b93fff3e6e7e/current/raft-meta.conf.tmp to /home/runner/work/ratis/ratis/ratis-test/target/test/data/1b1d21a/MiniRaftClusterWithGrpc65a5be97/s1/54092739-1e46-4bd5-803a-b93fff3e6e7e/current/raft-meta.conf with options [REPLACE_EXISTING]
2023-12-01 03:55:48,991 [s1@group-B93FFF3E6E7E-StateMachineUpdater] INFO  server.RaftServer$Division (LeaderStateImpl.java:isApplied(320)) - leader is ready since appliedIndex == 0 >= startIndex == 0
2023-12-01 03:55:49,033 [grpc-default-executor-11] ERROR impl.OrderedAsync (OrderedAsync.java:lambda$sendRequest$9(247)) - client-915AA7F58988: Failed* RaftClientRequest:client-915AA7F58988->s1@group-FB8FFDFFFB35, cid=6, seq=1*, Watch(0), null
java.util.concurrent.CompletionException: java.io.IOException: org.apache.ratis.thirdparty.io.grpc.StatusRuntimeException: UNAVAILABLE: io exception
	at java.base/java.util.concurrent.CompletableFuture.encodeThrowable(CompletableFuture.java:331)
	at java.base/java.util.concurrent.CompletableFuture.completeThrowable(CompletableFuture.java:346)
	at java.base/java.util.concurrent.CompletableFuture$UniApply.tryFire(CompletableFuture.java:632)
	at java.base/java.util.concurrent.CompletableFuture.postComplete(CompletableFuture.java:506)
	at java.base/java.util.concurrent.CompletableFuture.completeExceptionally(CompletableFuture.java:2094)
	at org.apache.ratis.grpc.client.GrpcClientProtocolClient$AsyncStreamObservers.completeReplyExceptionally(GrpcClientProtocolClient.java:394)
	at org.apache.ratis.grpc.client.GrpcClientProtocolClient$AsyncStreamObservers.access$000(GrpcClientProtocolClient.java:300)
	at org.apache.ratis.grpc.client.GrpcClientProtocolClient$AsyncStreamObservers$1.onError(GrpcClientProtocolClient.java:331)
	at org.apache.ratis.thirdparty.io.grpc.stub.ClientCalls$StreamObserverToCallListenerAdapter.onClose(ClientCalls.java:481)
	at org.apache.ratis.thirdparty.io.grpc.PartialForwardingClientCallListener.onClose(PartialForwardingClientCallListener.java:39)
	at org.apache.ratis.thirdparty.io.grpc.ForwardingClientCallListener.onClose(ForwardingClientCallListener.java:23)
	at org.apache.ratis.grpc.metrics.intercept.client.MetricClientCallListener.onClose(MetricClientCallListener.java:47)
	at org.apache.ratis.thirdparty.io.grpc.internal.DelayedClientCall$DelayedListener$3.run(DelayedClientCall.java:489)
	at org.apache.ratis.thirdparty.io.grpc.internal.DelayedClientCall$DelayedListener.delayOrExecute(DelayedClientCall.java:453)
	at org.apache.ratis.thirdparty.io.grpc.internal.DelayedClientCall$DelayedListener.onClose(DelayedClientCall.java:486)
	at org.apache.ratis.thirdparty.io.grpc.internal.ClientCallImpl.closeObserver(ClientCallImpl.java:567)
	at org.apache.ratis.thirdparty.io.grpc.internal.ClientCallImpl.access$300(ClientCallImpl.java:71)
	at org.apache.ratis.thirdparty.io.grpc.internal.ClientCallImpl$ClientStreamListenerImpl$1StreamClosed.runInternal(ClientCallImpl.java:735)
	at org.apache.ratis.thirdparty.io.grpc.internal.ClientCallImpl$ClientStreamListenerImpl$1StreamClosed.runInContext(ClientCallImpl.java:716)
	at org.apache.ratis.thirdparty.io.grpc.internal.ContextRunnable.run(ContextRunnable.java:37)
	at org.apache.ratis.thirdparty.io.grpc.internal.SerializingExecutor.run(SerializingExecutor.java:133)
	at java.base/java.util.concurrent.ThreadPoolExecutor.runWorker(ThreadPoolExecutor.java:1128)
	at java.base/java.util.concurrent.ThreadPoolExecutor$Worker.run(ThreadPoolExecutor.java:628)
	at java.base/java.lang.Thread.run(Thread.java:829)
Caused by: java.io.IOException: org.apache.ratis.thirdparty.io.grpc.StatusRuntimeException: UNAVAILABLE: io exception
	at org.apache.ratis.grpc.GrpcUtil.unwrapException(GrpcUtil.java:99)
	at org.apache.ratis.grpc.GrpcUtil.unwrapIOException(GrpcUtil.java:159)
	at org.apache.ratis.grpc.client.GrpcClientProtocolClient$AsyncStreamObservers$1.onError(GrpcClientProtocolClient.java:330)
	... 16 more
Caused by: org.apache.ratis.thirdparty.io.grpc.StatusRuntimeException: UNAVAILABLE: io exception
	at org.apache.ratis.thirdparty.io.grpc.Status.asRuntimeException(Status.java:537)
	... 16 more
Caused by: org.apache.ratis.thirdparty.io.netty.channel.AbstractChannel$AnnotatedConnectException: finishConnect(..) failed: Connection refused: localhost/127.0.0.1:36299
Caused by: java.net.ConnectException: finishConnect(..) failed: Connection refused
	at org.apache.ratis.thirdparty.io.netty.channel.unix.Errors.newConnectException0(Errors.java:166)
	at org.apache.ratis.thirdparty.io.netty.channel.unix.Errors.handleConnectErrno(Errors.java:131)
	at org.apache.ratis.thirdparty.io.netty.channel.unix.Socket.finishConnect(Socket.java:359)
	at org.apache.ratis.thirdparty.io.netty.channel.epoll.AbstractEpollChannel$AbstractEpollUnsafe.doFinishConnect(AbstractEpollChannel.java:710)
	at org.apache.ratis.thirdparty.io.netty.channel.epoll.AbstractEpollChannel$AbstractEpollUnsafe.finishConnect(AbstractEpollChannel.java:687)
	at org.apache.ratis.thirdparty.io.netty.channel.epoll.AbstractEpollChannel$AbstractEpollUnsafe.epollOutReady(AbstractEpollChannel.java:567)
	at org.apache.ratis.thirdparty.io.netty.channel.epoll.EpollEventLoop.processReady(EpollEventLoop.java:499)
	at org.apache.ratis.thirdparty.io.netty.channel.epoll.EpollEventLoop.run(EpollEventLoop.java:407)
	at org.apache.ratis.thirdparty.io.netty.util.concurrent.SingleThreadEventExecutor$4.run(SingleThreadEventExecutor.java:997)
	at org.apache.ratis.thirdparty.io.netty.util.internal.ThreadExecutorMap$2.run(ThreadExecutorMap.java:74)
	at org.apache.ratis.thirdparty.io.netty.util.concurrent.FastThreadLocalRunnable.run(FastThreadLocalRunnable.java:30)
	at java.base/java.lang.Thread.run(Thread.java:829)
2023-12-01 03:55:49,065 [s2@group-B93FFF3E6E7E-StateMachineUpdater] TRACE util.FileUtils (LogUtils.java:supplyAndLog(69)) - Successfully supplied FileChannel.open /home/runner/work/ratis/ratis/ratis-test/target/test/data/1b1d21a/MiniRaftClusterWithGrpc65a5be97/s2/54092739-1e46-4bd5-803a-b93fff3e6e7e/current/raft-meta.conf.tmp with options [CREATE, WRITE]: sun.nio.ch.FileChannelImpl@735ec488
2023-12-01 03:55:49,065 [s0@group-B93FFF3E6E7E-StateMachineUpdater] TRACE util.FileUtils (LogUtils.java:supplyAndLog(69)) - Successfully supplied FileChannel.open /home/runner/work/ratis/ratis/ratis-test/target/test/data/1b1d21a/MiniRaftClusterWithGrpc65a5be97/s0/54092739-1e46-4bd5-803a-b93fff3e6e7e/current/raft-meta.conf.tmp with options [CREATE, WRITE]: sun.nio.ch.FileChannelImpl@5e88a19d
2023-12-01 03:55:49,067 [s0@group-B93FFF3E6E7E-StateMachineUpdater] TRACE util.FileUtils (LogUtils.java:runAndLog(49)) - Successfully ran Atomic Files.move /home/runner/work/ratis/ratis/ratis-test/target/test/data/1b1d21a/MiniRaftClusterWithGrpc65a5be97/s0/54092739-1e46-4bd5-803a-b93fff3e6e7e/current/raft-meta.conf.tmp to /home/runner/work/ratis/ratis/ratis-test/target/test/data/1b1d21a/MiniRaftClusterWithGrpc65a5be97/s0/54092739-1e46-4bd5-803a-b93fff3e6e7e/current/raft-meta.conf with options [REPLACE_EXISTING]
2023-12-01 03:55:49,068 [s2@group-B93FFF3E6E7E-StateMachineUpdater] TRACE util.FileUtils (LogUtils.java:runAndLog(49)) - Successfully ran Atomic Files.move /home/runner/work/ratis/ratis/ratis-test/target/test/data/1b1d21a/MiniRaftClusterWithGrpc65a5be97/s2/54092739-1e46-4bd5-803a-b93fff3e6e7e/current/raft-meta.conf.tmp to /home/runner/work/ratis/ratis/ratis-test/target/test/data/1b1d21a/MiniRaftClusterWithGrpc65a5be97/s2/54092739-1e46-4bd5-803a-b93fff3e6e7e/current/raft-meta.conf with options [REPLACE_EXISTING]
2023-12-01 03:55:49,136 [grpc-default-executor-11] ERROR impl.OrderedAsync (OrderedAsync.java:lambda$sendRequest$9(247)) - client-915AA7F58988: Failed* RaftClientRequest:client-915AA7F58988->s2@group-FB8FFDFFFB35, cid=6, seq=1*, Watch(0), null
java.util.concurrent.CompletionException: java.io.IOException: org.apache.ratis.thirdparty.io.grpc.StatusRuntimeException: UNAVAILABLE: io exception
	at java.base/java.util.concurrent.CompletableFuture.encodeThrowable(CompletableFuture.java:331)
	at java.base/java.util.concurrent.CompletableFuture.completeThrowable(CompletableFuture.java:346)
	at java.base/java.util.concurrent.CompletableFuture$UniApply.tryFire(CompletableFuture.java:632)
	at java.base/java.util.concurrent.CompletableFuture.postComplete(CompletableFuture.java:506)
	at java.base/java.util.concurrent.CompletableFuture.completeExceptionally(CompletableFuture.java:2094)
	at org.apache.ratis.grpc.client.GrpcClientProtocolClient$AsyncStreamObservers.completeReplyExceptionally(GrpcClientProtocolClient.java:394)
	at org.apache.ratis.grpc.client.GrpcClientProtocolClient$AsyncStreamObservers.access$000(GrpcClientProtocolClient.java:300)
	at org.apache.ratis.grpc.client.GrpcClientProtocolClient$AsyncStreamObservers$1.onError(GrpcClientProtocolClient.java:331)
	at org.apache.ratis.thirdparty.io.grpc.stub.ClientCalls$StreamObserverToCallListenerAdapter.onClose(ClientCalls.java:481)
	at org.apache.ratis.thirdparty.io.grpc.PartialForwardingClientCallListener.onClose(PartialForwardingClientCallListener.java:39)
	at org.apache.ratis.thirdparty.io.grpc.ForwardingClientCallListener.onClose(ForwardingClientCallListener.java:23)
	at org.apache.ratis.grpc.metrics.intercept.client.MetricClientCallListener.onClose(MetricClientCallListener.java:47)
	at org.apache.ratis.thirdparty.io.grpc.internal.DelayedClientCall$DelayedListener$3.run(DelayedClientCall.java:489)
	at org.apache.ratis.thirdparty.io.grpc.internal.DelayedClientCall$DelayedListener.delayOrExecute(DelayedClientCall.java:453)
	at org.apache.ratis.thirdparty.io.grpc.internal.DelayedClientCall$DelayedListener.onClose(DelayedClientCall.java:486)
	at org.apache.ratis.thirdparty.io.grpc.internal.ClientCallImpl.closeObserver(ClientCallImpl.java:567)
	at org.apache.ratis.thirdparty.io.grpc.internal.ClientCallImpl.access$300(ClientCallImpl.java:71)
	at org.apache.ratis.thirdparty.io.grpc.internal.ClientCallImpl$ClientStreamListenerImpl$1StreamClosed.runInternal(ClientCallImpl.java:735)
	at org.apache.ratis.thirdparty.io.grpc.internal.ClientCallImpl$ClientStreamListenerImpl$1StreamClosed.runInContext(ClientCallImpl.java:716)
	at org.apache.ratis.thirdparty.io.grpc.internal.ContextRunnable.run(ContextRunnable.java:37)
	at org.apache.ratis.thirdparty.io.grpc.internal.SerializingExecutor.run(SerializingExecutor.java:133)
	at java.base/java.util.concurrent.ThreadPoolExecutor.runWorker(ThreadPoolExecutor.java:1128)
	at java.base/java.util.concurrent.ThreadPoolExecutor$Worker.run(ThreadPoolExecutor.java:628)
	at java.base/java.lang.Thread.run(Thread.java:829)
Caused by: java.io.IOException: org.apache.ratis.thirdparty.io.grpc.StatusRuntimeException: UNAVAILABLE: io exception
	at org.apache.ratis.grpc.GrpcUtil.unwrapException(GrpcUtil.java:99)
	at org.apache.ratis.grpc.GrpcUtil.unwrapIOException(GrpcUtil.java:159)
	at org.apache.ratis.grpc.client.GrpcClientProtocolClient$AsyncStreamObservers$1.onError(GrpcClientProtocolClient.java:330)
	... 16 more
Caused by: org.apache.ratis.thirdparty.io.grpc.StatusRuntimeException: UNAVAILABLE: io exception
	at org.apache.ratis.thirdparty.io.grpc.Status.asRuntimeException(Status.java:537)
	... 16 more
Caused by: org.apache.ratis.thirdparty.io.netty.channel.AbstractChannel$AnnotatedConnectException: finishConnect(..) failed: Connection refused: localhost/127.0.0.1:34227
Caused by: java.net.ConnectException: finishConnect(..) failed: Connection refused
	at org.apache.ratis.thirdparty.io.netty.channel.unix.Errors.newConnectException0(Errors.java:166)
	at org.apache.ratis.thirdparty.io.netty.channel.unix.Errors.handleConnectErrno(Errors.java:131)
	at org.apache.ratis.thirdparty.io.netty.channel.unix.Socket.finishConnect(Socket.java:359)
	at org.apache.ratis.thirdparty.io.netty.channel.epoll.AbstractEpollChannel$AbstractEpollUnsafe.doFinishConnect(AbstractEpollChannel.java:710)
	at org.apache.ratis.thirdparty.io.netty.channel.epoll.AbstractEpollChannel$AbstractEpollUnsafe.finishConnect(AbstractEpollChannel.java:687)
	at org.apache.ratis.thirdparty.io.netty.channel.epoll.AbstractEpollChannel$AbstractEpollUnsafe.epollOutReady(AbstractEpollChannel.java:567)
	at org.apache.ratis.thirdparty.io.netty.channel.epoll.EpollEventLoop.processReady(EpollEventLoop.java:499)
	at org.apache.ratis.thirdparty.io.netty.channel.epoll.EpollEventLoop.run(EpollEventLoop.java:407)
	at org.apache.ratis.thirdparty.io.netty.util.concurrent.SingleThreadEventExecutor$4.run(SingleThreadEventExecutor.java:997)
	at org.apache.ratis.thirdparty.io.netty.util.internal.ThreadExecutorMap$2.run(ThreadExecutorMap.java:74)
	at org.apache.ratis.thirdparty.io.netty.util.concurrent.FastThreadLocalRunnable.run(FastThreadLocalRunnable.java:30)
	at java.base/java.lang.Thread.run(Thread.java:829)
2023-12-01 03:55:49,204 [Time-limited test] INFO  ratis.RaftTestUtil (RaftTestUtil.java:waitForLeader(119)) - printing ALL groups
  s0:  RUNNING  FOLLOWER s0@group-B93FFF3E6E7E:t1, leader=s1, voted=s1, raftlog=Memoized:s0@group-B93FFF3E6E7E-SegmentedRaftLog:OPENED:c0, conf=0: peers:[s0|localhost:42131, s1|localhost:43397, s2|localhost:34445]|listeners:[], old=null RUNNING
  s1:  RUNNING    LEADER s1@group-B93FFF3E6E7E:t1, leader=s1, voted=s1, raftlog=Memoized:s1@group-B93FFF3E6E7E-SegmentedRaftLog:OPENED:c0, conf=0: peers:[s0|localhost:42131, s1|localhost:43397, s2|localhost:34445]|listeners:[], old=null RUNNING
  s2:  RUNNING  FOLLOWER s2@group-B93FFF3E6E7E:t1, leader=s1, voted=s1, raftlog=Memoized:s2@group-B93FFF3E6E7E-SegmentedRaftLog:OPENED:c0, conf=0: peers:[s0|localhost:42131, s1|localhost:43397, s2|localhost:34445]|listeners:[], old=null RUNNING
2023-12-01 03:55:49,208 [s1-client-thread1] DEBUG server.RaftServer$Division (RaftServerImpl.java:submitClientRequestAsync(893)) - s1@group-B93FFF3E6E7E: receive client request(RaftClientRequest:client-0BB1F05575FE->s1@group-B93FFF3E6E7E, cid=13, seq=null, RW, Message:6669727374206d736720...(size=30))
2023-12-01 03:55:49,209 [s1-client-thread1] DEBUG server.RaftServer$Division (LeaderStateImpl.java:addPendingRequest(522)) - s1@group-B93FFF3E6E7E-LeaderStateImpl: addPendingRequest at RaftClientRequest:client-0BB1F05575FE->s1@group-B93FFF3E6E7E, cid=13, seq=null, RW, Message:6669727374206d736720...(size=30), entry=(t:1, i:1), STATEMACHINELOGENTRY, 13@client-0BB1F05575FE
2023-12-01 03:55:49,210 [s2-server-thread3] DEBUG server.RaftServer$Division (RaftServerImpl.java:logAppendEntries(1504)) - s2@group-B93FFF3E6E7E: receive appendEntries(s1, 1, (t:1, i:0), 0, true, commits:[s1:c0, s0:c0, s2:c0], cId:5, entries: [(t:1, i:1), STATEMACHINELOGENTRY, 13@client-0BB1F05575FE]
2023-12-01 03:55:49,210 [s0-server-thread2] DEBUG server.RaftServer$Division (RaftServerImpl.java:logAppendEntries(1504)) - s0@group-B93FFF3E6E7E: receive appendEntries(s1, 1, (t:1, i:0), 0, true, commits:[s1:c0, s0:c0, s2:c0], cId:5, entries: [(t:1, i:1), STATEMACHINELOGENTRY, 13@client-0BB1F05575FE]
2023-12-01 03:55:49,211 [s2-server-thread3] DEBUG server.RaftServer$Division (RaftServerImpl.java:logAppendEntries(1504)) - s2@group-B93FFF3E6E7E: succeeded to handle AppendEntries. Reply: s1<-s2#5:OK-t1,SUCCESS,nextIndex=2,followerCommit=0,matchIndex=1
2023-12-01 03:55:49,211 [s0-server-thread2] DEBUG server.RaftServer$Division (RaftServerImpl.java:logAppendEntries(1504)) - s0@group-B93FFF3E6E7E: succeeded to handle AppendEntries. Reply: s1<-s0#5:OK-t1,SUCCESS,nextIndex=2,followerCommit=0,matchIndex=1
2023-12-01 03:55:49,212 [s1@group-B93FFF3E6E7E-StateMachineUpdater] INFO  impl.SimpleStateMachine4Testing (SimpleStateMachine4Testing.java:applyTransaction(248)) - applyTransaction for log index 1
2023-12-01 03:55:49,212 [s1@group-B93FFF3E6E7E-StateMachineUpdater] INFO  impl.SimpleStateMachine4Testing (SimpleStateMachine4Testing.java:put(205)) - s1: put 1, first msg ... -> (t:1, i:1), STATEMACHINELOGENTRY, 13@client-0BB1F05575FE
2023-12-01 03:55:49,213 [s2-server-thread3] DEBUG server.RaftServer$Division (RaftServerImpl.java:logAppendEntries(1504)) - s2@group-B93FFF3E6E7E: receive appendEntries(s1, 1, (t:1, i:1), 1, true, commits:[s1:c1, s0:c0, s2:c0], cId:6, entries: [(t:1, i:2), METADATAENTRY(c:1)]
2023-12-01 03:55:49,214 [s2-server-thread3] DEBUG server.RaftServer$Division (RaftServerImpl.java:logAppendEntries(1504)) - s2@group-B93FFF3E6E7E: succeeded to handle AppendEntries. Reply: s1<-s2#6:OK-t1,SUCCESS,nextIndex=3,followerCommit=1,matchIndex=2
2023-12-01 03:55:49,214 [s2@group-B93FFF3E6E7E-StateMachineUpdater] INFO  impl.SimpleStateMachine4Testing (SimpleStateMachine4Testing.java:applyTransaction(248)) - applyTransaction for log index 1
2023-12-01 03:55:49,214 [s2@group-B93FFF3E6E7E-StateMachineUpdater] INFO  impl.SimpleStateMachine4Testing (SimpleStateMachine4Testing.java:put(205)) - s2: put 1, first msg ... -> (t:1, i:1), STATEMACHINELOGENTRY, 13@client-0BB1F05575FE
2023-12-01 03:55:49,215 [s0-server-thread2] DEBUG server.RaftServer$Division (RaftServerImpl.java:logAppendEntries(1504)) - s0@group-B93FFF3E6E7E: receive appendEntries(s1, 1, (t:1, i:1), 1, true, commits:[s1:c1, s0:c0, s2:c0], cId:6, entries: [(t:1, i:2), METADATAENTRY(c:1)]
2023-12-01 03:55:49,215 [s0-server-thread2] DEBUG server.RaftServer$Division (RaftServerImpl.java:logAppendEntries(1504)) - s0@group-B93FFF3E6E7E: succeeded to handle AppendEntries. Reply: s1<-s0#6:OK-t1,SUCCESS,nextIndex=3,followerCommit=1,matchIndex=2
2023-12-01 03:55:49,215 [s0@group-B93FFF3E6E7E-StateMachineUpdater] INFO  impl.SimpleStateMachine4Testing (SimpleStateMachine4Testing.java:applyTransaction(248)) - applyTransaction for log index 1
2023-12-01 03:55:49,215 [s0@group-B93FFF3E6E7E-StateMachineUpdater] INFO  impl.SimpleStateMachine4Testing (SimpleStateMachine4Testing.java:put(205)) - s0: put 1, first msg ... -> (t:1, i:1), STATEMACHINELOGENTRY, 13@client-0BB1F05575FE
2023-12-01 03:55:49,221 [s1-client-thread1] DEBUG server.RaftServer$Division (RaftServerImpl.java:submitClientRequestAsync(893)) - s1@group-B93FFF3E6E7E: receive client request(RaftClientRequest:client-79DD4F4D9A17->s1@group-B93FFF3E6E7E, cid=999, seq=null, RW, Message:6d657373616765)
2023-12-01 03:55:49,221 [s1-client-thread1] DEBUG server.RaftServer$Division (LeaderStateImpl.java:addPendingRequest(522)) - s1@group-B93FFF3E6E7E-LeaderStateImpl: addPendingRequest at RaftClientRequest:client-79DD4F4D9A17->s1@group-B93FFF3E6E7E, cid=999, seq=null, RW, Message:6d657373616765, entry=(t:1, i:3), STATEMACHINELOGENTRY, 999@client-79DD4F4D9A17
2023-12-01 03:55:49,222 [s0-server-thread2] DEBUG server.RaftServer$Division (RaftServerImpl.java:logAppendEntries(1504)) - s0@group-B93FFF3E6E7E: receive appendEntries(s1, 1, (t:1, i:2), 2, true, commits:[s1:c2, s0:c1, s2:c1], cId:10, entries: [(t:1, i:3), STATEMACHINELOGENTRY, 999@client-79DD4F4D9A17]
2023-12-01 03:55:49,223 [s2-server-thread3] DEBUG server.RaftServer$Division (RaftServerImpl.java:logAppendEntries(1504)) - s2@group-B93FFF3E6E7E: receive appendEntries(s1, 1, (t:1, i:2), 2, true, commits:[s1:c2, s0:c1, s2:c1], cId:9, entries: [(t:1, i:3), STATEMACHINELOGENTRY, 999@client-79DD4F4D9A17]
2023-12-01 03:55:49,223 [s2-server-thread3] DEBUG server.RaftServer$Division (RaftServerImpl.java:logAppendEntries(1504)) - s2@group-B93FFF3E6E7E: succeeded to handle AppendEntries. Reply: s1<-s2#9:OK-t1,SUCCESS,nextIndex=4,followerCommit=2,matchIndex=3
2023-12-01 03:55:49,223 [s0-server-thread2] DEBUG server.RaftServer$Division (RaftServerImpl.java:logAppendEntries(1504)) - s0@group-B93FFF3E6E7E: succeeded to handle AppendEntries. Reply: s1<-s0#10:OK-t1,SUCCESS,nextIndex=4,followerCommit=2,matchIndex=3
2023-12-01 03:55:49,224 [s1@group-B93FFF3E6E7E-StateMachineUpdater] INFO  impl.SimpleStateMachine4Testing (SimpleStateMachine4Testing.java:applyTransaction(248)) - applyTransaction for log index 3
2023-12-01 03:55:49,224 [s1@group-B93FFF3E6E7E-StateMachineUpdater] INFO  impl.SimpleStateMachine4Testing (SimpleStateMachine4Testing.java:put(205)) - s1: put 3, message -> (t:1, i:3), STATEMACHINELOGENTRY, 999@client-79DD4F4D9A17
2023-12-01 03:55:49,225 [Time-limited test] INFO  impl.MiniRaftCluster (MiniRaftCluster.java:addNewPeers(464)) - Add new peers [s3, s4]
2023-12-01 03:55:49,225 [s2-server-thread3] DEBUG server.RaftServer$Division (RaftServerImpl.java:logAppendEntries(1504)) - s2@group-B93FFF3E6E7E: receive appendEntries(s1, 1, (t:1, i:3), 3, true, commits:[s1:c3, s0:c2, s2:c2], cId:10, entries: [(t:1, i:4), METADATAENTRY(c:3)]
2023-12-01 03:55:49,226 [s2-server-thread3] DEBUG server.RaftServer$Division (RaftServerImpl.java:logAppendEntries(1504)) - s2@group-B93FFF3E6E7E: succeeded to handle AppendEntries. Reply: s1<-s2#10:OK-t1,SUCCESS,nextIndex=5,followerCommit=3,matchIndex=4
2023-12-01 03:55:49,226 [Time-limited test] INFO  impl.MiniRaftCluster (MiniRaftCluster.java:newRaftServer(382)) - newRaftServer: s3, group-B93FFF3E6E7E:[s3, s4, s0|localhost:42131, s1|localhost:43397, s2|localhost:34445], format? true
2023-12-01 03:55:49,226 [Time-limited test] TRACE util.FileUtils (FileUtils.java:deleteFully(305)) - deleteFully target/test/data/1b1d21a/MiniRaftClusterWithGrpc65a5be97/s3
2023-12-01 03:55:49,226 [s2@group-B93FFF3E6E7E-StateMachineUpdater] INFO  impl.SimpleStateMachine4Testing (SimpleStateMachine4Testing.java:applyTransaction(248)) - applyTransaction for log index 3
2023-12-01 03:55:49,226 [s2@group-B93FFF3E6E7E-StateMachineUpdater] INFO  impl.SimpleStateMachine4Testing (SimpleStateMachine4Testing.java:put(205)) - s2: put 3, message -> (t:1, i:3), STATEMACHINELOGENTRY, 999@client-79DD4F4D9A17
2023-12-01 03:55:49,226 [Time-limited test] TRACE util.FileUtils (FileUtils.java:deleteFully(318)) - deleteFully: target/test/data/1b1d21a/MiniRaftClusterWithGrpc65a5be97/s3 does not exist.
2023-12-01 03:55:49,226 [Time-limited test] INFO  impl.MiniRaftCluster (MiniRaftCluster.java:newRaftServer(387)) - Formatted directory target/test/data/1b1d21a/MiniRaftClusterWithGrpc65a5be97/s3
2023-12-01 03:55:49,226 [Time-limited test] INFO  server.RaftServer (ConfUtils.java:logGet(46)) - raft.rpc.type = GRPC (default)
2023-12-01 03:55:49,227 [Time-limited test] INFO  grpc.GrpcConfigKeys (ConfUtils.java:logFallback(53)) - raft.grpc.admin.host = null (fallback to raft.grpc.server.host)
2023-12-01 03:55:49,227 [Time-limited test] INFO  grpc.GrpcConfigKeys (ConfUtils.java:logFallback(53)) - raft.grpc.admin.port = 39245 (fallback to raft.grpc.server.port)
2023-12-01 03:55:49,227 [Time-limited test] INFO  grpc.GrpcConfigKeys (ConfUtils.java:logFallback(53)) - raft.grpc.client.host = null (fallback to raft.grpc.server.host)
2023-12-01 03:55:49,227 [Time-limited test] INFO  grpc.GrpcConfigKeys (ConfUtils.java:logFallback(53)) - raft.grpc.client.port = 39245 (fallback to raft.grpc.server.port)
2023-12-01 03:55:49,227 [s0-server-thread2] DEBUG server.RaftServer$Division (RaftServerImpl.java:logAppendEntries(1504)) - s0@group-B93FFF3E6E7E: receive appendEntries(s1, 1, (t:1, i:3), 3, true, commits:[s1:c3, s0:c2, s2:c2], cId:11, entries: [(t:1, i:4), METADATAENTRY(c:3)]
2023-12-01 03:55:49,227 [Time-limited test] INFO  grpc.GrpcConfigKeys (ConfUtils.java:logGet(46)) - raft.grpc.server.host = null (default)
2023-12-01 03:55:49,227 [Time-limited test] INFO  grpc.GrpcConfigKeys (ConfUtils.java:logGet(46)) - raft.grpc.server.port = 39245 (custom)
2023-12-01 03:55:49,227 [Time-limited test] INFO  server.GrpcService (ConfUtils.java:logGet(46)) - raft.grpc.message.size.max = 64MB (=67108864) (default)
2023-12-01 03:55:49,227 [Time-limited test] INFO  server.RaftServerConfigKeys (ConfUtils.java:logGet(46)) - raft.server.log.appender.buffer.byte-limit = 4MB (=4194304) (default)
2023-12-01 03:55:49,227 [Time-limited test] INFO  server.GrpcService (ConfUtils.java:logGet(46)) - raft.grpc.flow.control.window = 1MB (=1048576) (default)
2023-12-01 03:55:49,227 [Time-limited test] INFO  server.RaftServerConfigKeys (ConfUtils.java:logGet(46)) - raft.server.rpc.request.timeout = 3000ms (default)
2023-12-01 03:55:49,227 [s0-server-thread1] DEBUG server.RaftServer$Division (RaftServerImpl.java:logAppendEntries(1504)) - s0@group-B93FFF3E6E7E: succeeded to handle AppendEntries. Reply: s1<-s0#11:OK-t1,SUCCESS,nextIndex=5,followerCommit=3,matchIndex=4
2023-12-01 03:55:49,227 [Time-limited test] INFO  grpc.GrpcConfigKeys (ConfUtils.java:logGet(46)) - raft.grpc.server.heartbeat.channel = true (default)
2023-12-01 03:55:49,228 [Time-limited test] INFO  grpc.GrpcConfigKeys (ConfUtils.java:logGet(46)) - raft.grpc.server.async.request.thread.pool.cached = true (default)
2023-12-01 03:55:49,228 [s0@group-B93FFF3E6E7E-StateMachineUpdater] INFO  impl.SimpleStateMachine4Testing (SimpleStateMachine4Testing.java:applyTransaction(248)) - applyTransaction for log index 3
2023-12-01 03:55:49,228 [Time-limited test] INFO  grpc.GrpcConfigKeys (ConfUtils.java:logGet(46)) - raft.grpc.server.async.request.thread.pool.size = 32 (default)
2023-12-01 03:55:49,228 [s0@group-B93FFF3E6E7E-StateMachineUpdater] INFO  impl.SimpleStateMachine4Testing (SimpleStateMachine4Testing.java:put(205)) - s0: put 3, message -> (t:1, i:3), STATEMACHINELOGENTRY, 999@client-79DD4F4D9A17
2023-12-01 03:55:49,228 [Time-limited test] INFO  impl.DataStreamServerImpl (ConfUtils.java:logGet(46)) - raft.datastream.type = DISABLED (default)
2023-12-01 03:55:49,228 [Time-limited test] INFO  server.RaftServerConfigKeys (ConfUtils.java:logGet(46)) - raft.server.sleep.deviation.threshold = 300ms (default)
2023-12-01 03:55:49,228 [Time-limited test] INFO  server.RaftServerConfigKeys (ConfUtils.java:logGet(46)) - raft.server.close.threshold = 60s (default)
2023-12-01 03:55:49,228 [Time-limited test] INFO  server.RaftServerConfigKeys (ConfUtils.java:logGet(46)) - raft.server.leaderelection.leader.step-down.wait-time = 10s (default)
2023-12-01 03:55:49,229 [Time-limited test] INFO  server.RaftServerConfigKeys (ConfUtils.java:logGet(46)) - raft.server.storage.dir = [/home/runner/work/ratis/ratis/ratis-test/target/test/data/1b1d21a/MiniRaftClusterWithGrpc65a5be97/s3] (custom)
2023-12-01 03:55:49,229 [Time-limited test] INFO  server.RaftServerConfigKeys (ConfUtils.java:logGet(46)) - raft.server.threadpool.proxy.cached = true (default)
2023-12-01 03:55:49,229 [Time-limited test] INFO  server.RaftServerConfigKeys (ConfUtils.java:logGet(46)) - raft.server.threadpool.proxy.size = 0 (default)
2023-12-01 03:55:49,229 [Time-limited test] INFO  server.RaftServer (RaftServerProxy.java:addNew(100)) - s3: addNew group-B93FFF3E6E7E:[s3, s4, s0|localhost:42131, s1|localhost:43397, s2|localhost:34445] returns group-B93FFF3E6E7E:java.util.concurrent.CompletableFuture@210d1359[Not completed]
2023-12-01 03:55:49,229 [Time-limited test] INFO  impl.MiniRaftCluster (MiniRaftCluster.java:newRaftServer(382)) - newRaftServer: s4, group-B93FFF3E6E7E:[s3, s4, s0|localhost:42131, s1|localhost:43397, s2|localhost:34445], format? true
2023-12-01 03:55:49,230 [Time-limited test] TRACE util.FileUtils (FileUtils.java:deleteFully(305)) - deleteFully target/test/data/1b1d21a/MiniRaftClusterWithGrpc65a5be97/s4
2023-12-01 03:55:49,230 [s3-groupManagement] INFO  server.RaftServerConfigKeys (ConfUtils.java:logGet(46)) - raft.server.log.segment.size.max = 32MB (=33554432) (default)
2023-12-01 03:55:49,230 [Time-limited test] TRACE util.FileUtils (FileUtils.java:deleteFully(318)) - deleteFully: target/test/data/1b1d21a/MiniRaftClusterWithGrpc65a5be97/s4 does not exist.
2023-12-01 03:55:49,230 [s3-groupManagement] INFO  server.RaftServerConfigKeys (ConfUtils.java:logGet(46)) - raft.server.log.preallocated.size = 4MB (=4194304) (default)
2023-12-01 03:55:49,230 [Time-limited test] INFO  impl.MiniRaftCluster (MiniRaftCluster.java:newRaftServer(387)) - Formatted directory target/test/data/1b1d21a/MiniRaftClusterWithGrpc65a5be97/s4
2023-12-01 03:55:49,230 [s3-groupManagement] INFO  server.RaftServerConfigKeys (ConfUtils.java:logGet(46)) - raft.server.log.write.buffer.size = 8MB (=8388608) (default)
2023-12-01 03:55:49,230 [s3-groupManagement] INFO  server.RaftServer$Division (RaftServerImpl.java:<init>(256)) - s3: new RaftServerImpl for group-B93FFF3E6E7E:[s3, s4, s0|localhost:42131, s1|localhost:43397, s2|localhost:34445] with SimpleStateMachine4Testing:uninitialized
2023-12-01 03:55:49,230 [Time-limited test] INFO  server.RaftServer (ConfUtils.java:logGet(46)) - raft.rpc.type = GRPC (default)
2023-12-01 03:55:49,230 [s3-groupManagement] INFO  server.RaftServerConfigKeys (ConfUtils.java:logGet(46)) - raft.server.rpc.timeout.min = 150ms (default)
2023-12-01 03:55:49,230 [s3-groupManagement] INFO  server.RaftServerConfigKeys (ConfUtils.java:logGet(46)) - raft.server.rpc.timeout.max = 300ms (default)
2023-12-01 03:55:49,230 [Time-limited test] INFO  grpc.GrpcConfigKeys (ConfUtils.java:logFallback(53)) - raft.grpc.admin.host = null (fallback to raft.grpc.server.host)
2023-12-01 03:55:49,230 [s3-groupManagement] INFO  server.RaftServerConfigKeys (ConfUtils.java:logGet(46)) - raft.server.rpc.sleep.time = 25ms (default)
2023-12-01 03:55:49,230 [Time-limited test] INFO  grpc.GrpcConfigKeys (ConfUtils.java:logFallback(53)) - raft.grpc.admin.port = 41791 (fallback to raft.grpc.server.port)
2023-12-01 03:55:49,230 [s3-groupManagement] INFO  server.RaftServerConfigKeys (ConfUtils.java:logGet(46)) - raft.server.rpc.slowness.timeout = 60s (default)
2023-12-01 03:55:49,230 [Time-limited test] INFO  grpc.GrpcConfigKeys (ConfUtils.java:logFallback(53)) - raft.grpc.client.host = null (fallback to raft.grpc.server.host)
2023-12-01 03:55:49,230 [s3-groupManagement] INFO  server.RaftServerConfigKeys (ConfUtils.java:logGet(46)) - raft.server.leaderelection.leader.step-down.wait-time = 10s (default)
2023-12-01 03:55:49,230 [Time-limited test] INFO  grpc.GrpcConfigKeys (ConfUtils.java:logFallback(53)) - raft.grpc.client.port = 41791 (fallback to raft.grpc.server.port)
2023-12-01 03:55:49,230 [s3-groupManagement] INFO  server.RaftServerConfigKeys (ConfUtils.java:logGet(46)) - raft.server.leaderelection.member.majority-add = false (default)
2023-12-01 03:55:49,230 [Time-limited test] INFO  grpc.GrpcConfigKeys (ConfUtils.java:logGet(46)) - raft.grpc.server.host = null (default)
2023-12-01 03:55:49,230 [s3-groupManagement] INFO  server.RaftServerConfigKeys (ConfUtils.java:logGet(46)) - raft.server.sleep.deviation.threshold = 300ms (default)
2023-12-01 03:55:49,230 [Time-limited test] INFO  grpc.GrpcConfigKeys (ConfUtils.java:logGet(46)) - raft.grpc.server.port = 41791 (custom)
2023-12-01 03:55:49,230 [s3-groupManagement] INFO  server.RaftServer$Division (ServerState.java:<init>(113)) - s3@group-B93FFF3E6E7E: ConfigurationManager, init=-1: peers:[s3, s4, s0|localhost:42131, s1|localhost:43397, s2|localhost:34445]|listeners:[], old=null, confs=<EMPTY_MAP>
2023-12-01 03:55:49,230 [Time-limited test] INFO  server.GrpcService (ConfUtils.java:logGet(46)) - raft.grpc.message.size.max = 64MB (=67108864) (default)
2023-12-01 03:55:49,231 [s3-groupManagement] INFO  server.RaftServerConfigKeys (ConfUtils.java:logGet(46)) - raft.server.notification.no-leader.timeout = 60s (default)
2023-12-01 03:55:49,231 [Time-limited test] INFO  server.RaftServerConfigKeys (ConfUtils.java:logGet(46)) - raft.server.log.appender.buffer.byte-limit = 4MB (=4194304) (default)
2023-12-01 03:55:49,231 [s3-groupManagement] INFO  server.RaftServerConfigKeys (ConfUtils.java:logGet(46)) - raft.server.read.timeout = 10s (default)
2023-12-01 03:55:49,231 [Time-limited test] INFO  server.GrpcService (ConfUtils.java:logGet(46)) - raft.grpc.flow.control.window = 1MB (=1048576) (default)
2023-12-01 03:55:49,231 [s3-groupManagement] INFO  server.RaftServerConfigKeys (ConfUtils.java:logGet(46)) - raft.server.retrycache.expirytime = 60s (default)
2023-12-01 03:55:49,231 [Time-limited test] INFO  server.RaftServerConfigKeys (ConfUtils.java:logGet(46)) - raft.server.rpc.request.timeout = 3000ms (default)
2023-12-01 03:55:49,231 [s3-groupManagement] INFO  server.RaftServerConfigKeys (ConfUtils.java:logGet(46)) - raft.server.retrycache.statistics.expirytime = 100ms (default)
2023-12-01 03:55:49,231 [Time-limited test] INFO  grpc.GrpcConfigKeys (ConfUtils.java:logGet(46)) - raft.grpc.server.heartbeat.channel = true (default)
2023-12-01 03:55:49,231 [Time-limited test] INFO  grpc.GrpcConfigKeys (ConfUtils.java:logGet(46)) - raft.grpc.server.async.request.thread.pool.cached = true (default)
2023-12-01 03:55:49,231 [s3-groupManagement] INFO  server.RaftServerConfigKeys (ConfUtils.java:logGet(46)) - raft.server.read.option = DEFAULT (default)
2023-12-01 03:55:49,231 [Time-limited test] INFO  grpc.GrpcConfigKeys (ConfUtils.java:logGet(46)) - raft.grpc.server.async.request.thread.pool.size = 32 (default)
2023-12-01 03:55:49,231 [s3-groupManagement] INFO  server.RaftServerConfigKeys (ConfUtils.java:logGet(46)) - raft.server.read.read-after-write-consistent.write-index-cache.expiry-time = 60s (default)
2023-12-01 03:55:49,231 [Time-limited test] INFO  impl.DataStreamServerImpl (ConfUtils.java:logGet(46)) - raft.datastream.type = DISABLED (default)
2023-12-01 03:55:49,231 [Time-limited test] INFO  server.RaftServerConfigKeys (ConfUtils.java:logGet(46)) - raft.server.sleep.deviation.threshold = 300ms (default)
2023-12-01 03:55:49,231 [Time-limited test] INFO  server.RaftServerConfigKeys (ConfUtils.java:logGet(46)) - raft.server.close.threshold = 60s (default)
2023-12-01 03:55:49,232 [Time-limited test] INFO  server.RaftServerConfigKeys (ConfUtils.java:logGet(46)) - raft.server.leaderelection.leader.step-down.wait-time = 10s (default)
2023-12-01 03:55:49,232 [Time-limited test] INFO  server.RaftServerConfigKeys (ConfUtils.java:logGet(46)) - raft.server.storage.dir = [/home/runner/work/ratis/ratis/ratis-test/target/test/data/1b1d21a/MiniRaftClusterWithGrpc65a5be97/s4] (custom)
2023-12-01 03:55:49,232 [Time-limited test] INFO  server.RaftServerConfigKeys (ConfUtils.java:logGet(46)) - raft.server.threadpool.proxy.cached = true (default)
2023-12-01 03:55:49,232 [Time-limited test] INFO  server.RaftServerConfigKeys (ConfUtils.java:logGet(46)) - raft.server.threadpool.proxy.size = 0 (default)
2023-12-01 03:55:49,232 [s3-groupManagement] INFO  server.RaftServerConfigKeys (ConfUtils.java:logGet(46)) - raft.server.rpc.request.timeout = 3000ms (default)
2023-12-01 03:55:49,232 [s3-groupManagement] INFO  server.RaftServerConfigKeys (ConfUtils.java:logGet(46)) - raft.server.log.appender.install.snapshot.enabled = true (default)
2023-12-01 03:55:49,232 [s3-groupManagement] INFO  server.RaftServerConfigKeys (ConfUtils.java:logGet(46)) - raft.server.threadpool.server.cached = true (default)
2023-12-01 03:55:49,232 [s3-groupManagement] INFO  server.RaftServerConfigKeys (ConfUtils.java:logGet(46)) - raft.server.threadpool.server.size = 0 (default)
2023-12-01 03:55:49,232 [s3-groupManagement] INFO  server.RaftServerConfigKeys (ConfUtils.java:logGet(46)) - raft.server.threadpool.client.cached = true (default)
2023-12-01 03:55:49,232 [s3-groupManagement] INFO  server.RaftServerConfigKeys (ConfUtils.java:logGet(46)) - raft.server.threadpool.client.size = 0 (default)
2023-12-01 03:55:49,232 [Time-limited test] INFO  server.RaftServer (RaftServerProxy.java:addNew(100)) - s4: addNew group-B93FFF3E6E7E:[s3, s4, s0|localhost:42131, s1|localhost:43397, s2|localhost:34445] returns group-B93FFF3E6E7E:java.util.concurrent.CompletableFuture@24734982[Not completed]
2023-12-01 03:55:49,232 [s3-impl-thread1] INFO  server.RaftServerConfigKeys (ConfUtils.java:logGet(46)) - raft.server.storage.free-space.min = 0MB (=0) (default)
2023-12-01 03:55:49,232 [s3-impl-thread1] INFO  server.RaftServerConfigKeys (ConfUtils.java:logGet(46)) - raft.server.log.corruption.policy = EXCEPTION (default)
2023-12-01 03:55:49,232 [s4-groupManagement] INFO  server.RaftServerConfigKeys (ConfUtils.java:logGet(46)) - raft.server.log.segment.size.max = 32MB (=33554432) (default)
2023-12-01 03:55:49,232 [s4-groupManagement] INFO  server.RaftServerConfigKeys (ConfUtils.java:logGet(46)) - raft.server.log.preallocated.size = 4MB (=4194304) (default)
2023-12-01 03:55:49,232 [s3-impl-thread1] INFO  server.RaftServerConfigKeys (ConfUtils.java:logGet(46)) - raft.server.storage.dir = [/home/runner/work/ratis/ratis/ratis-test/target/test/data/1b1d21a/MiniRaftClusterWithGrpc65a5be97/s3] (custom)
2023-12-01 03:55:49,232 [s4-groupManagement] INFO  server.RaftServerConfigKeys (ConfUtils.java:logGet(46)) - raft.server.log.write.buffer.size = 8MB (=8388608) (default)
2023-12-01 03:55:49,233 [s4-groupManagement] INFO  server.RaftServer$Division (RaftServerImpl.java:<init>(256)) - s4: new RaftServerImpl for group-B93FFF3E6E7E:[s3, s4, s0|localhost:42131, s1|localhost:43397, s2|localhost:34445] with SimpleStateMachine4Testing:uninitialized
2023-12-01 03:55:49,233 [s4-groupManagement] INFO  server.RaftServerConfigKeys (ConfUtils.java:logGet(46)) - raft.server.rpc.timeout.min = 150ms (default)
2023-12-01 03:55:49,233 [s3-impl-thread1] INFO  storage.RaftStorageDirectory (RaftStorageDirectoryImpl.java:analyzeStorage(138)) - The storage directory /home/runner/work/ratis/ratis/ratis-test/target/test/data/1b1d21a/MiniRaftClusterWithGrpc65a5be97/s3/54092739-1e46-4bd5-803a-b93fff3e6e7e does not exist. Creating ...
2023-12-01 03:55:49,233 [s4-groupManagement] INFO  server.RaftServerConfigKeys (ConfUtils.java:logGet(46)) - raft.server.rpc.timeout.max = 300ms (default)
2023-12-01 03:55:49,233 [s4-groupManagement] INFO  server.RaftServerConfigKeys (ConfUtils.java:logGet(46)) - raft.server.rpc.sleep.time = 25ms (default)
2023-12-01 03:55:49,233 [s4-groupManagement] INFO  server.RaftServerConfigKeys (ConfUtils.java:logGet(46)) - raft.server.rpc.slowness.timeout = 60s (default)
2023-12-01 03:55:49,233 [s4-groupManagement] INFO  server.RaftServerConfigKeys (ConfUtils.java:logGet(46)) - raft.server.leaderelection.leader.step-down.wait-time = 10s (default)
2023-12-01 03:55:49,233 [s4-groupManagement] INFO  server.RaftServerConfigKeys (ConfUtils.java:logGet(46)) - raft.server.leaderelection.member.majority-add = false (default)
2023-12-01 03:55:49,233 [s4-groupManagement] INFO  server.RaftServerConfigKeys (ConfUtils.java:logGet(46)) - raft.server.sleep.deviation.threshold = 300ms (default)
2023-12-01 03:55:49,233 [s4-groupManagement] INFO  server.RaftServer$Division (ServerState.java:<init>(113)) - s4@group-B93FFF3E6E7E: ConfigurationManager, init=-1: peers:[s3, s4, s0|localhost:42131, s1|localhost:43397, s2|localhost:34445]|listeners:[], old=null, confs=<EMPTY_MAP>
2023-12-01 03:55:49,233 [s3-impl-thread1] TRACE util.FileUtils (LogUtils.java:runAndLog(49)) - Successfully ran Files.createDirectories /home/runner/work/ratis/ratis/ratis-test/target/test/data/1b1d21a/MiniRaftClusterWithGrpc65a5be97/s3/54092739-1e46-4bd5-803a-b93fff3e6e7e
2023-12-01 03:55:49,233 [s4-groupManagement] INFO  server.RaftServerConfigKeys (ConfUtils.java:logGet(46)) - raft.server.notification.no-leader.timeout = 60s (default)
2023-12-01 03:55:49,233 [s4-groupManagement] INFO  server.RaftServerConfigKeys (ConfUtils.java:logGet(46)) - raft.server.read.timeout = 10s (default)
2023-12-01 03:55:49,233 [s4-groupManagement] INFO  server.RaftServerConfigKeys (ConfUtils.java:logGet(46)) - raft.server.retrycache.expirytime = 60s (default)
2023-12-01 03:55:49,233 [s4-groupManagement] INFO  server.RaftServerConfigKeys (ConfUtils.java:logGet(46)) - raft.server.retrycache.statistics.expirytime = 100ms (default)
2023-12-01 03:55:49,233 [s4-groupManagement] INFO  server.RaftServerConfigKeys (ConfUtils.java:logGet(46)) - raft.server.read.option = DEFAULT (default)
2023-12-01 03:55:49,233 [s4-groupManagement] INFO  server.RaftServerConfigKeys (ConfUtils.java:logGet(46)) - raft.server.read.read-after-write-consistent.write-index-cache.expiry-time = 60s (default)
2023-12-01 03:55:49,234 [s3-impl-thread1] INFO  storage.RaftStorageDirectory (RaftStorageDirectoryImpl.java:tryLock(232)) - Lock on /home/runner/work/ratis/ratis/ratis-test/target/test/data/1b1d21a/MiniRaftClusterWithGrpc65a5be97/s3/54092739-1e46-4bd5-803a-b93fff3e6e7e/in_use.lock acquired by nodename 4676@fv-az912-722
2023-12-01 03:55:49,234 [s3-impl-thread1] TRACE util.FileUtils (LogUtils.java:runAndLog(49)) - Successfully ran Files.createDirectories /home/runner/work/ratis/ratis/ratis-test/target/test/data/1b1d21a/MiniRaftClusterWithGrpc65a5be97/s3/54092739-1e46-4bd5-803a-b93fff3e6e7e/current
2023-12-01 03:55:49,234 [s4-groupManagement] INFO  server.RaftServerConfigKeys (ConfUtils.java:logGet(46)) - raft.server.rpc.request.timeout = 3000ms (default)
2023-12-01 03:55:49,234 [s3-impl-thread1] TRACE util.FileUtils (LogUtils.java:runAndLog(49)) - Successfully ran Files.createDirectories /home/runner/work/ratis/ratis/ratis-test/target/test/data/1b1d21a/MiniRaftClusterWithGrpc65a5be97/s3/54092739-1e46-4bd5-803a-b93fff3e6e7e/sm
2023-12-01 03:55:49,234 [s4-groupManagement] INFO  server.RaftServerConfigKeys (ConfUtils.java:logGet(46)) - raft.server.log.appender.install.snapshot.enabled = true (default)
2023-12-01 03:55:49,234 [s4-groupManagement] INFO  server.RaftServerConfigKeys (ConfUtils.java:logGet(46)) - raft.server.threadpool.server.cached = true (default)
2023-12-01 03:55:49,234 [s3-impl-thread1] TRACE util.FileUtils (LogUtils.java:supplyAndLog(69)) - Successfully supplied FileChannel.open /home/runner/work/ratis/ratis/ratis-test/target/test/data/1b1d21a/MiniRaftClusterWithGrpc65a5be97/s3/54092739-1e46-4bd5-803a-b93fff3e6e7e/current/raft-meta.tmp with options [CREATE, WRITE]: sun.nio.ch.FileChannelImpl@4095c157
2023-12-01 03:55:49,234 [s4-groupManagement] INFO  server.RaftServerConfigKeys (ConfUtils.java:logGet(46)) - raft.server.threadpool.server.size = 0 (default)
2023-12-01 03:55:49,234 [s4-groupManagement] INFO  server.RaftServerConfigKeys (ConfUtils.java:logGet(46)) - raft.server.threadpool.client.cached = true (default)
2023-12-01 03:55:49,234 [s4-groupManagement] INFO  server.RaftServerConfigKeys (ConfUtils.java:logGet(46)) - raft.server.threadpool.client.size = 0 (default)
2023-12-01 03:55:49,235 [s3-impl-thread1] TRACE util.FileUtils (LogUtils.java:runAndLog(49)) - Successfully ran Atomic Files.move /home/runner/work/ratis/ratis/ratis-test/target/test/data/1b1d21a/MiniRaftClusterWithGrpc65a5be97/s3/54092739-1e46-4bd5-803a-b93fff3e6e7e/current/raft-meta.tmp to /home/runner/work/ratis/ratis/ratis-test/target/test/data/1b1d21a/MiniRaftClusterWithGrpc65a5be97/s3/54092739-1e46-4bd5-803a-b93fff3e6e7e/current/raft-meta with options [REPLACE_EXISTING]
2023-12-01 03:55:49,235 [s3-impl-thread1] INFO  storage.RaftStorage (RaftStorageImpl.java:format(99)) - Storage directory /home/runner/work/ratis/ratis/ratis-test/target/test/data/1b1d21a/MiniRaftClusterWithGrpc65a5be97/s3/54092739-1e46-4bd5-803a-b93fff3e6e7e has been successfully formatted.
2023-12-01 03:55:49,235 [s3-impl-thread1] TRACE util.FileUtils (LogUtils.java:supplyAndLog(61)) - Failed to Files.newInputStream /home/runner/work/ratis/ratis/ratis-test/target/test/data/1b1d21a/MiniRaftClusterWithGrpc65a5be97/s3/54092739-1e46-4bd5-803a-b93fff3e6e7e/current/raft-meta.conf with options []
java.nio.file.NoSuchFileException: /home/runner/work/ratis/ratis/ratis-test/target/test/data/1b1d21a/MiniRaftClusterWithGrpc65a5be97/s3/54092739-1e46-4bd5-803a-b93fff3e6e7e/current/raft-meta.conf
	at java.base/sun.nio.fs.UnixException.translateToIOException(UnixException.java:92)
	at java.base/sun.nio.fs.UnixException.rethrowAsIOException(UnixException.java:111)
	at java.base/sun.nio.fs.UnixException.rethrowAsIOException(UnixException.java:116)
	at java.base/sun.nio.fs.UnixFileSystemProvider.newByteChannel(UnixFileSystemProvider.java:219)
	at java.base/java.nio.file.Files.newByteChannel(Files.java:371)
	at java.base/java.nio.file.Files.newByteChannel(Files.java:422)
	at java.base/java.nio.file.spi.FileSystemProvider.newInputStream(FileSystemProvider.java:420)
	at java.base/java.nio.file.Files.newInputStream(Files.java:156)
	at org.apache.ratis.util.FileUtils.lambda$newInputStream$2(FileUtils.java:73)
	at org.apache.ratis.util.LogUtils.supplyAndLog(LogUtils.java:58)
	at org.apache.ratis.util.FileUtils.newInputStream(FileUtils.java:72)
	at org.apache.ratis.util.FileUtils.newInputStream(FileUtils.java:68)
	at org.apache.ratis.server.storage.RaftStorageImpl.readRaftConfiguration(RaftStorageImpl.java:156)
	at org.apache.ratis.server.impl.ServerState.initialize(ServerState.java:141)
	at org.apache.ratis.server.impl.RaftServerImpl.start(RaftServerImpl.java:388)
	at org.apache.ratis.util.ConcurrentUtils.accept(ConcurrentUtils.java:203)
	at org.apache.ratis.util.ConcurrentUtils.lambda$parallelForEachAsync$4(ConcurrentUtils.java:182)
	at java.base/java.util.concurrent.ThreadPoolExecutor.runWorker(ThreadPoolExecutor.java:1128)
	at java.base/java.util.concurrent.ThreadPoolExecutor$Worker.run(ThreadPoolExecutor.java:628)
	at java.base/java.lang.Thread.run(Thread.java:829)
2023-12-01 03:55:49,235 [s3-impl-thread1] INFO  impl.SimpleStateMachine4Testing (SimpleStateMachine4Testing.java:initialize(213)) - Initializing SimpleStateMachine4Testing:uninitialized
2023-12-01 03:55:49,235 [s3-impl-thread1] INFO  impl.SimpleStateMachine4Testing (SimpleStateMachine4Testing.java:loadSnapshot(296)) - Loading snapshot null
2023-12-01 03:55:49,235 [s3-impl-thread1] INFO  server.RaftServerConfigKeys (ConfUtils.java:logGet(46)) - raft.server.log.use.memory = false (default)
2023-12-01 03:55:49,235 [s3-impl-thread1] INFO  server.RaftServerConfigKeys (ConfUtils.java:logGet(46)) - raft.server.log.purge.gap = 1024 (default)
2023-12-01 03:55:49,235 [s3-impl-thread1] INFO  server.RaftServerConfigKeys (ConfUtils.java:logGet(46)) - raft.server.log.appender.buffer.byte-limit = 4MB (=4194304) (default)
2023-12-01 03:55:49,235 [s3-impl-thread1] INFO  server.RaftServerConfigKeys (ConfUtils.java:logGet(46)) - raft.server.log.statemachine.data.read.timeout = 1000ms (default)
2023-12-01 03:55:49,236 [s3-impl-thread1] INFO  server.RaftServerConfigKeys (ConfUtils.java:logGet(46)) - raft.server.log.purge.preservation.log.num = 0 (default)
2023-12-01 03:55:49,236 [s3-impl-thread1] INFO  server.RaftServerConfigKeys (ConfUtils.java:logGet(46)) - raft.server.log.segment.size.max = 32MB (=33554432) (default)
2023-12-01 03:55:49,236 [s3-impl-thread1] INFO  server.RaftServerConfigKeys (ConfUtils.java:logGet(46)) - raft.server.log.segment.cache.num.max = 6 (default)
2023-12-01 03:55:49,236 [s3-impl-thread1] INFO  server.RaftServerConfigKeys (ConfUtils.java:logGet(46)) - raft.server.log.segment.cache.size.max = 200MB (=209715200) (default)
2023-12-01 03:55:49,236 [s3-impl-thread1] INFO  server.RaftServerConfigKeys (ConfUtils.java:logGet(46)) - raft.server.log.appender.buffer.byte-limit = 4MB (=4194304) (default)
2023-12-01 03:55:49,236 [s3-impl-thread1] INFO  util.AwaitToRun (AwaitToRun.java:start(81)) - Thread[s3@group-B93FFF3E6E7E-cacheEviction-AwaitToRun,5,main] started
2023-12-01 03:55:49,236 [s3-impl-thread1] INFO  segmented.SegmentedRaftLogWorker (SegmentedRaftLogWorker.java:<init>(182)) - new s3@group-B93FFF3E6E7E-SegmentedRaftLogWorker for RaftStorageImpl:Storage Directory /home/runner/work/ratis/ratis/ratis-test/target/test/data/1b1d21a/MiniRaftClusterWithGrpc65a5be97/s3/54092739-1e46-4bd5-803a-b93fff3e6e7e
2023-12-01 03:55:49,236 [s3-impl-thread1] INFO  server.RaftServerConfigKeys (ConfUtils.java:logGet(46)) - raft.server.log.queue.byte-limit = 64MB (=67108864) (default)
2023-12-01 03:55:49,236 [s3-impl-thread1] INFO  server.RaftServerConfigKeys (ConfUtils.java:logGet(46)) - raft.server.log.queue.element-limit = 4096 (default)
2023-12-01 03:55:49,236 [s3-impl-thread1] INFO  server.RaftServerConfigKeys (ConfUtils.java:logGet(46)) - raft.server.log.segment.size.max = 32MB (=33554432) (default)
2023-12-01 03:55:49,236 [s3-impl-thread1] INFO  server.RaftServerConfigKeys (ConfUtils.java:logGet(46)) - raft.server.log.preallocated.size = 4MB (=4194304) (default)
2023-12-01 03:55:49,236 [s3-impl-thread1] INFO  server.RaftServerConfigKeys (ConfUtils.java:logGet(46)) - raft.server.log.force.sync.num = 128 (default)
2023-12-01 03:55:49,236 [s3-impl-thread1] INFO  server.RaftServerConfigKeys (ConfUtils.java:logGet(46)) - raft.server.log.statemachine.data.sync = true (default)
2023-12-01 03:55:49,236 [s3-impl-thread1] INFO  server.RaftServerConfigKeys (ConfUtils.java:logGet(46)) - raft.server.log.statemachine.data.sync.timeout = 10s (default)
2023-12-01 03:55:49,236 [s3-impl-thread1] INFO  server.RaftServerConfigKeys (ConfUtils.java:logGet(46)) - raft.server.log.statemachine.data.sync.timeout.retry = -1 (default)
2023-12-01 03:55:49,236 [s3-impl-thread1] INFO  server.RaftServerConfigKeys (ConfUtils.java:logGet(46)) - raft.server.log.write.buffer.size = 8MB (=8388608) (default)
2023-12-01 03:55:49,238 [s3-impl-thread1] INFO  server.RaftServerConfigKeys (ConfUtils.java:logGet(46)) - raft.server.log.appender.buffer.byte-limit = 4MB (=4194304) (default)
2023-12-01 03:55:49,238 [s3-impl-thread1] INFO  server.RaftServerConfigKeys (ConfUtils.java:logGet(46)) - raft.server.log.unsafe-flush.enabled = false (default)
2023-12-01 03:55:49,238 [s3-impl-thread1] INFO  server.RaftServerConfigKeys (ConfUtils.java:logGet(46)) - raft.server.log.async-flush.enabled = false (default)
2023-12-01 03:55:49,238 [s3-impl-thread1] INFO  server.RaftServerConfigKeys (ConfUtils.java:logGet(46)) - raft.server.log.statemachine.data.caching.enabled = false (default)
2023-12-01 03:55:49,238 [s3-impl-thread1] INFO  segmented.SegmentedRaftLogWorker (SegmentedRaftLogWorker.java:lambda$new$0(134)) - s3@group-B93FFF3E6E7E-SegmentedRaftLogWorker: flushIndex: setUnconditionally 0 -> -1
2023-12-01 03:55:49,238 [s3-impl-thread1] INFO  segmented.SegmentedRaftLogWorker (SegmentedRaftLogWorker.java:lambda$new$0(134)) - s3@group-B93FFF3E6E7E-SegmentedRaftLogWorker: safeCacheEvictIndex: setUnconditionally 0 -> -1
2023-12-01 03:55:49,241 [s3-impl-thread1] INFO  server.RaftServer$Division (RaftServerImpl.java:start(392)) - s3@group-B93FFF3E6E7E: start as a follower, conf=-1: peers:[s3, s4, s0|localhost:42131, s1|localhost:43397, s2|localhost:34445]|listeners:[], old=null
2023-12-01 03:55:49,241 [s3-impl-thread1] INFO  server.RaftServer$Division (RaftServerImpl.java:setRole(379)) - s3@group-B93FFF3E6E7E: changes role from      null to FOLLOWER at term 0 for startAsFollower
2023-12-01 03:55:49,241 [grpc-default-executor-11] ERROR impl.OrderedAsync (OrderedAsync.java:lambda$sendRequest$9(247)) - client-915AA7F58988: Failed* RaftClientRequest:client-915AA7F58988->s0@group-FB8FFDFFFB35, cid=6, seq=1*, Watch(0), null
java.util.concurrent.CompletionException: java.io.IOException: org.apache.ratis.thirdparty.io.grpc.StatusRuntimeException: UNAVAILABLE: io exception
	at java.base/java.util.concurrent.CompletableFuture.encodeThrowable(CompletableFuture.java:331)
	at java.base/java.util.concurrent.CompletableFuture.completeThrowable(CompletableFuture.java:346)
	at java.base/java.util.concurrent.CompletableFuture$UniApply.tryFire(CompletableFuture.java:632)
	at java.base/java.util.concurrent.CompletableFuture.postComplete(CompletableFuture.java:506)
	at java.base/java.util.concurrent.CompletableFuture.completeExceptionally(CompletableFuture.java:2094)
	at org.apache.ratis.grpc.client.GrpcClientProtocolClient$AsyncStreamObservers.completeReplyExceptionally(GrpcClientProtocolClient.java:394)
	at org.apache.ratis.grpc.client.GrpcClientProtocolClient$AsyncStreamObservers.access$000(GrpcClientProtocolClient.java:300)
	at org.apache.ratis.grpc.client.GrpcClientProtocolClient$AsyncStreamObservers$1.onError(GrpcClientProtocolClient.java:331)
	at org.apache.ratis.thirdparty.io.grpc.stub.ClientCalls$StreamObserverToCallListenerAdapter.onClose(ClientCalls.java:481)
	at org.apache.ratis.thirdparty.io.grpc.PartialForwardingClientCallListener.onClose(PartialForwardingClientCallListener.java:39)
	at org.apache.ratis.thirdparty.io.grpc.ForwardingClientCallListener.onClose(ForwardingClientCallListener.java:23)
	at org.apache.ratis.grpc.metrics.intercept.client.MetricClientCallListener.onClose(MetricClientCallListener.java:47)
	at org.apache.ratis.thirdparty.io.grpc.internal.DelayedClientCall$DelayedListener$3.run(DelayedClientCall.java:489)
	at org.apache.ratis.thirdparty.io.grpc.internal.DelayedClientCall$DelayedListener.delayOrExecute(DelayedClientCall.java:453)
	at org.apache.ratis.thirdparty.io.grpc.internal.DelayedClientCall$DelayedListener.onClose(DelayedClientCall.java:486)
	at org.apache.ratis.thirdparty.io.grpc.internal.ClientCallImpl.closeObserver(ClientCallImpl.java:567)
	at org.apache.ratis.thirdparty.io.grpc.internal.ClientCallImpl.access$300(ClientCallImpl.java:71)
	at org.apache.ratis.thirdparty.io.grpc.internal.ClientCallImpl$ClientStreamListenerImpl$1StreamClosed.runInternal(ClientCallImpl.java:735)
	at org.apache.ratis.thirdparty.io.grpc.internal.ClientCallImpl$ClientStreamListenerImpl$1StreamClosed.runInContext(ClientCallImpl.java:716)
	at org.apache.ratis.thirdparty.io.grpc.internal.ContextRunnable.run(ContextRunnable.java:37)
	at org.apache.ratis.thirdparty.io.grpc.internal.SerializingExecutor.run(SerializingExecutor.java:133)
	at java.base/java.util.concurrent.ThreadPoolExecutor.runWorker(ThreadPoolExecutor.java:1128)
	at java.base/java.util.concurrent.ThreadPoolExecutor$Worker.run(ThreadPoolExecutor.java:628)
	at java.base/java.lang.Thread.run(Thread.java:829)
Caused by: java.io.IOException: org.apache.ratis.thirdparty.io.grpc.StatusRuntimeException: UNAVAILABLE: io exception
	at org.apache.ratis.grpc.GrpcUtil.unwrapException(GrpcUtil.java:99)
	at org.apache.ratis.grpc.GrpcUtil.unwrapIOException(GrpcUtil.java:159)
	at org.apache.ratis.grpc.client.GrpcClientProtocolClient$AsyncStreamObservers$1.onError(GrpcClientProtocolClient.java:330)
	... 16 more
Caused by: org.apache.ratis.thirdparty.io.grpc.StatusRuntimeException: UNAVAILABLE: io exception
	at org.apache.ratis.thirdparty.io.grpc.Status.asRuntimeException(Status.java:537)
	... 16 more
Caused by: org.apache.ratis.thirdparty.io.netty.channel.AbstractChannel$AnnotatedConnectException: finishConnect(..) failed: Connection refused: localhost/127.0.0.1:34265
Caused by: java.net.ConnectException: finishConnect(..) failed: Connection refused
	at org.apache.ratis.thirdparty.io.netty.channel.unix.Errors.newConnectException0(Errors.java:166)
	at org.apache.ratis.thirdparty.io.netty.channel.unix.Errors.handleConnectErrno(Errors.java:131)
	at org.apache.ratis.thirdparty.io.netty.channel.unix.Socket.finishConnect(Socket.java:359)
	at org.apache.ratis.thirdparty.io.netty.channel.epoll.AbstractEpollChannel$AbstractEpollUnsafe.doFinishConnect(AbstractEpollChannel.java:710)
	at org.apache.ratis.thirdparty.io.netty.channel.epoll.AbstractEpollChannel$AbstractEpollUnsafe.finishConnect(AbstractEpollChannel.java:687)
	at org.apache.ratis.thirdparty.io.netty.channel.epoll.AbstractEpollChannel$AbstractEpollUnsafe.epollOutReady(AbstractEpollChannel.java:567)
	at org.apache.ratis.thirdparty.io.netty.channel.epoll.EpollEventLoop.processReady(EpollEventLoop.java:499)
	at org.apache.ratis.thirdparty.io.netty.channel.epoll.EpollEventLoop.run(EpollEventLoop.java:407)
	at org.apache.ratis.thirdparty.io.netty.util.concurrent.SingleThreadEventExecutor$4.run(SingleThreadEventExecutor.java:997)
	at org.apache.ratis.thirdparty.io.netty.util.internal.ThreadExecutorMap$2.run(ThreadExecutorMap.java:74)
	at org.apache.ratis.thirdparty.io.netty.util.concurrent.FastThreadLocalRunnable.run(FastThreadLocalRunnable.java:30)
	at java.base/java.lang.Thread.run(Thread.java:829)
2023-12-01 03:55:49,241 [s3-impl-thread1] INFO  impl.RoleInfo (RoleInfo.java:updateAndGet(139)) - s3: start s3@group-B93FFF3E6E7E-FollowerState
2023-12-01 03:55:49,242 [s3@group-B93FFF3E6E7E-FollowerState] INFO  server.RaftServerConfigKeys (ConfUtils.java:logFallback(53)) - raft.server.rpc.first-election.timeout.min = 150ms (fallback to raft.server.rpc.timeout.min)
2023-12-01 03:55:49,242 [s3@group-B93FFF3E6E7E-FollowerState] INFO  server.RaftServerConfigKeys (ConfUtils.java:logFallback(53)) - raft.server.rpc.first-election.timeout.max = 300ms (fallback to raft.server.rpc.timeout.max)
2023-12-01 03:55:49,242 [s3-impl-thread1] INFO  util.JmxRegister (JmxRegister.java:tryRegister(44)) - Successfully registered JMX Bean with object name Ratis:service=RaftServer,group=group-B93FFF3E6E7E,id=s3
2023-12-01 03:55:49,242 [s3-impl-thread1] INFO  server.RaftServerConfigKeys (ConfUtils.java:logGet(46)) - raft.server.snapshot.trigger-when-stop.enabled = true (default)
2023-12-01 03:55:49,242 [s3-impl-thread1] INFO  server.RaftServerConfigKeys (ConfUtils.java:logGet(46)) - raft.server.snapshot.auto.trigger.enabled = false (default)
2023-12-01 03:55:49,242 [s3-impl-thread1] INFO  server.RaftServerConfigKeys (ConfUtils.java:logGet(46)) - raft.server.snapshot.retention.file.num = -1 (default)
2023-12-01 03:55:49,242 [s3-impl-thread1] INFO  server.RaftServerConfigKeys (ConfUtils.java:logGet(46)) - raft.server.log.purge.upto.snapshot.index = false (default)
2023-12-01 03:55:49,242 [Time-limited test] INFO  server.RaftServer (RaftServerProxy.java:startImpl(406)) - s3: start RPC server
2023-12-01 03:55:49,243 [Time-limited test] INFO  server.GrpcService (GrpcService.java:startImpl(302)) - s3: GrpcService started, listening on 39245
2023-12-01 03:55:49,243 [JvmPauseMonitor12] INFO  util.JvmPauseMonitor (JvmPauseMonitor.java:run(146)) - JvmPauseMonitor-s3: Started
2023-12-01 03:55:49,243 [s4-impl-thread1] INFO  server.RaftServerConfigKeys (ConfUtils.java:logGet(46)) - raft.server.storage.free-space.min = 0MB (=0) (default)
2023-12-01 03:55:49,243 [s4-impl-thread1] INFO  server.RaftServerConfigKeys (ConfUtils.java:logGet(46)) - raft.server.log.corruption.policy = EXCEPTION (default)
2023-12-01 03:55:49,243 [s4-impl-thread1] INFO  server.RaftServerConfigKeys (ConfUtils.java:logGet(46)) - raft.server.storage.dir = [/home/runner/work/ratis/ratis/ratis-test/target/test/data/1b1d21a/MiniRaftClusterWithGrpc65a5be97/s4] (custom)
2023-12-01 03:55:49,243 [s4-impl-thread1] INFO  storage.RaftStorageDirectory (RaftStorageDirectoryImpl.java:analyzeStorage(138)) - The storage directory /home/runner/work/ratis/ratis/ratis-test/target/test/data/1b1d21a/MiniRaftClusterWithGrpc65a5be97/s4/54092739-1e46-4bd5-803a-b93fff3e6e7e does not exist. Creating ...
2023-12-01 03:55:49,244 [s4-impl-thread1] TRACE util.FileUtils (LogUtils.java:runAndLog(49)) - Successfully ran Files.createDirectories /home/runner/work/ratis/ratis/ratis-test/target/test/data/1b1d21a/MiniRaftClusterWithGrpc65a5be97/s4/54092739-1e46-4bd5-803a-b93fff3e6e7e
2023-12-01 03:55:49,244 [s4-impl-thread1] INFO  storage.RaftStorageDirectory (RaftStorageDirectoryImpl.java:tryLock(232)) - Lock on /home/runner/work/ratis/ratis/ratis-test/target/test/data/1b1d21a/MiniRaftClusterWithGrpc65a5be97/s4/54092739-1e46-4bd5-803a-b93fff3e6e7e/in_use.lock acquired by nodename 4676@fv-az912-722
2023-12-01 03:55:49,244 [s4-impl-thread1] TRACE util.FileUtils (LogUtils.java:runAndLog(49)) - Successfully ran Files.createDirectories /home/runner/work/ratis/ratis/ratis-test/target/test/data/1b1d21a/MiniRaftClusterWithGrpc65a5be97/s4/54092739-1e46-4bd5-803a-b93fff3e6e7e/current
2023-12-01 03:55:49,244 [s4-impl-thread1] TRACE util.FileUtils (LogUtils.java:runAndLog(49)) - Successfully ran Files.createDirectories /home/runner/work/ratis/ratis/ratis-test/target/test/data/1b1d21a/MiniRaftClusterWithGrpc65a5be97/s4/54092739-1e46-4bd5-803a-b93fff3e6e7e/sm
2023-12-01 03:55:49,244 [s4-impl-thread1] TRACE util.FileUtils (LogUtils.java:supplyAndLog(69)) - Successfully supplied FileChannel.open /home/runner/work/ratis/ratis/ratis-test/target/test/data/1b1d21a/MiniRaftClusterWithGrpc65a5be97/s4/54092739-1e46-4bd5-803a-b93fff3e6e7e/current/raft-meta.tmp with options [CREATE, WRITE]: sun.nio.ch.FileChannelImpl@35189127
2023-12-01 03:55:49,245 [s4-impl-thread1] TRACE util.FileUtils (LogUtils.java:runAndLog(49)) - Successfully ran Atomic Files.move /home/runner/work/ratis/ratis/ratis-test/target/test/data/1b1d21a/MiniRaftClusterWithGrpc65a5be97/s4/54092739-1e46-4bd5-803a-b93fff3e6e7e/current/raft-meta.tmp to /home/runner/work/ratis/ratis/ratis-test/target/test/data/1b1d21a/MiniRaftClusterWithGrpc65a5be97/s4/54092739-1e46-4bd5-803a-b93fff3e6e7e/current/raft-meta with options [REPLACE_EXISTING]
2023-12-01 03:55:49,245 [s4-impl-thread1] INFO  storage.RaftStorage (RaftStorageImpl.java:format(99)) - Storage directory /home/runner/work/ratis/ratis/ratis-test/target/test/data/1b1d21a/MiniRaftClusterWithGrpc65a5be97/s4/54092739-1e46-4bd5-803a-b93fff3e6e7e has been successfully formatted.
2023-12-01 03:55:49,245 [s4-impl-thread1] TRACE util.FileUtils (LogUtils.java:supplyAndLog(61)) - Failed to Files.newInputStream /home/runner/work/ratis/ratis/ratis-test/target/test/data/1b1d21a/MiniRaftClusterWithGrpc65a5be97/s4/54092739-1e46-4bd5-803a-b93fff3e6e7e/current/raft-meta.conf with options []
java.nio.file.NoSuchFileException: /home/runner/work/ratis/ratis/ratis-test/target/test/data/1b1d21a/MiniRaftClusterWithGrpc65a5be97/s4/54092739-1e46-4bd5-803a-b93fff3e6e7e/current/raft-meta.conf
	at java.base/sun.nio.fs.UnixException.translateToIOException(UnixException.java:92)
	at java.base/sun.nio.fs.UnixException.rethrowAsIOException(UnixException.java:111)
	at java.base/sun.nio.fs.UnixException.rethrowAsIOException(UnixException.java:116)
	at java.base/sun.nio.fs.UnixFileSystemProvider.newByteChannel(UnixFileSystemProvider.java:219)
	at java.base/java.nio.file.Files.newByteChannel(Files.java:371)
	at java.base/java.nio.file.Files.newByteChannel(Files.java:422)
	at java.base/java.nio.file.spi.FileSystemProvider.newInputStream(FileSystemProvider.java:420)
	at java.base/java.nio.file.Files.newInputStream(Files.java:156)
	at org.apache.ratis.util.FileUtils.lambda$newInputStream$2(FileUtils.java:73)
	at org.apache.ratis.util.LogUtils.supplyAndLog(LogUtils.java:58)
	at org.apache.ratis.util.FileUtils.newInputStream(FileUtils.java:72)
	at org.apache.ratis.util.FileUtils.newInputStream(FileUtils.java:68)
	at org.apache.ratis.server.storage.RaftStorageImpl.readRaftConfiguration(RaftStorageImpl.java:156)
	at org.apache.ratis.server.impl.ServerState.initialize(ServerState.java:141)
	at org.apache.ratis.server.impl.RaftServerImpl.start(RaftServerImpl.java:388)
	at org.apache.ratis.util.ConcurrentUtils.accept(ConcurrentUtils.java:203)
	at org.apache.ratis.util.ConcurrentUtils.lambda$parallelForEachAsync$4(ConcurrentUtils.java:182)
	at java.base/java.util.concurrent.ThreadPoolExecutor.runWorker(ThreadPoolExecutor.java:1128)
	at java.base/java.util.concurrent.ThreadPoolExecutor$Worker.run(ThreadPoolExecutor.java:628)
	at java.base/java.lang.Thread.run(Thread.java:829)
2023-12-01 03:55:49,245 [s4-impl-thread1] INFO  impl.SimpleStateMachine4Testing (SimpleStateMachine4Testing.java:initialize(213)) - Initializing SimpleStateMachine4Testing:uninitialized
2023-12-01 03:55:49,245 [s4-impl-thread1] INFO  impl.SimpleStateMachine4Testing (SimpleStateMachine4Testing.java:loadSnapshot(296)) - Loading snapshot null
2023-12-01 03:55:49,245 [s4-impl-thread1] INFO  server.RaftServerConfigKeys (ConfUtils.java:logGet(46)) - raft.server.log.use.memory = false (default)
2023-12-01 03:55:49,246 [s4-impl-thread1] INFO  server.RaftServerConfigKeys (ConfUtils.java:logGet(46)) - raft.server.log.purge.gap = 1024 (default)
2023-12-01 03:55:49,246 [s4-impl-thread1] INFO  server.RaftServerConfigKeys (ConfUtils.java:logGet(46)) - raft.server.log.appender.buffer.byte-limit = 4MB (=4194304) (default)
2023-12-01 03:55:49,246 [s4-impl-thread1] INFO  server.RaftServerConfigKeys (ConfUtils.java:logGet(46)) - raft.server.log.statemachine.data.read.timeout = 1000ms (default)
2023-12-01 03:55:49,246 [s4-impl-thread1] INFO  server.RaftServerConfigKeys (ConfUtils.java:logGet(46)) - raft.server.log.purge.preservation.log.num = 0 (default)
2023-12-01 03:55:49,246 [s4-impl-thread1] INFO  server.RaftServerConfigKeys (ConfUtils.java:logGet(46)) - raft.server.log.segment.size.max = 32MB (=33554432) (default)
2023-12-01 03:55:49,246 [s4-impl-thread1] INFO  server.RaftServerConfigKeys (ConfUtils.java:logGet(46)) - raft.server.log.segment.cache.num.max = 6 (default)
2023-12-01 03:55:49,246 [s4-impl-thread1] INFO  server.RaftServerConfigKeys (ConfUtils.java:logGet(46)) - raft.server.log.segment.cache.size.max = 200MB (=209715200) (default)
2023-12-01 03:55:49,246 [s4-impl-thread1] INFO  server.RaftServerConfigKeys (ConfUtils.java:logGet(46)) - raft.server.log.appender.buffer.byte-limit = 4MB (=4194304) (default)
2023-12-01 03:55:49,246 [s4-impl-thread1] INFO  util.AwaitToRun (AwaitToRun.java:start(81)) - Thread[s4@group-B93FFF3E6E7E-cacheEviction-AwaitToRun,5,main] started
2023-12-01 03:55:49,246 [s4-impl-thread1] INFO  segmented.SegmentedRaftLogWorker (SegmentedRaftLogWorker.java:<init>(182)) - new s4@group-B93FFF3E6E7E-SegmentedRaftLogWorker for RaftStorageImpl:Storage Directory /home/runner/work/ratis/ratis/ratis-test/target/test/data/1b1d21a/MiniRaftClusterWithGrpc65a5be97/s4/54092739-1e46-4bd5-803a-b93fff3e6e7e
2023-12-01 03:55:49,246 [s4-impl-thread1] INFO  server.RaftServerConfigKeys (ConfUtils.java:logGet(46)) - raft.server.log.queue.byte-limit = 64MB (=67108864) (default)
2023-12-01 03:55:49,247 [s4-impl-thread1] INFO  server.RaftServerConfigKeys (ConfUtils.java:logGet(46)) - raft.server.log.queue.element-limit = 4096 (default)
2023-12-01 03:55:49,247 [s4-impl-thread1] INFO  server.RaftServerConfigKeys (ConfUtils.java:logGet(46)) - raft.server.log.segment.size.max = 32MB (=33554432) (default)
2023-12-01 03:55:49,247 [s4-impl-thread1] INFO  server.RaftServerConfigKeys (ConfUtils.java:logGet(46)) - raft.server.log.preallocated.size = 4MB (=4194304) (default)
2023-12-01 03:55:49,247 [s4-impl-thread1] INFO  server.RaftServerConfigKeys (ConfUtils.java:logGet(46)) - raft.server.log.force.sync.num = 128 (default)
2023-12-01 03:55:49,247 [s4-impl-thread1] INFO  server.RaftServerConfigKeys (ConfUtils.java:logGet(46)) - raft.server.log.statemachine.data.sync = true (default)
2023-12-01 03:55:49,247 [s4-impl-thread1] INFO  server.RaftServerConfigKeys (ConfUtils.java:logGet(46)) - raft.server.log.statemachine.data.sync.timeout = 10s (default)
2023-12-01 03:55:49,247 [s4-impl-thread1] INFO  server.RaftServerConfigKeys (ConfUtils.java:logGet(46)) - raft.server.log.statemachine.data.sync.timeout.retry = -1 (default)
2023-12-01 03:55:49,247 [s4-impl-thread1] INFO  server.RaftServerConfigKeys (ConfUtils.java:logGet(46)) - raft.server.log.write.buffer.size = 8MB (=8388608) (default)
2023-12-01 03:55:49,248 [s4-impl-thread1] INFO  server.RaftServerConfigKeys (ConfUtils.java:logGet(46)) - raft.server.log.appender.buffer.byte-limit = 4MB (=4194304) (default)
2023-12-01 03:55:49,248 [s4-impl-thread1] INFO  server.RaftServerConfigKeys (ConfUtils.java:logGet(46)) - raft.server.log.unsafe-flush.enabled = false (default)
2023-12-01 03:55:49,248 [s4-impl-thread1] INFO  server.RaftServerConfigKeys (ConfUtils.java:logGet(46)) - raft.server.log.async-flush.enabled = false (default)
2023-12-01 03:55:49,248 [s4-impl-thread1] INFO  server.RaftServerConfigKeys (ConfUtils.java:logGet(46)) - raft.server.log.statemachine.data.caching.enabled = false (default)
2023-12-01 03:55:49,248 [s4-impl-thread1] INFO  segmented.SegmentedRaftLogWorker (SegmentedRaftLogWorker.java:lambda$new$0(134)) - s4@group-B93FFF3E6E7E-SegmentedRaftLogWorker: flushIndex: setUnconditionally 0 -> -1
2023-12-01 03:55:49,248 [s4-impl-thread1] INFO  segmented.SegmentedRaftLogWorker (SegmentedRaftLogWorker.java:lambda$new$0(134)) - s4@group-B93FFF3E6E7E-SegmentedRaftLogWorker: safeCacheEvictIndex: setUnconditionally 0 -> -1
2023-12-01 03:55:49,248 [s4-impl-thread1] INFO  server.RaftServer$Division (RaftServerImpl.java:start(392)) - s4@group-B93FFF3E6E7E: start as a follower, conf=-1: peers:[s3, s4, s0|localhost:42131, s1|localhost:43397, s2|localhost:34445]|listeners:[], old=null
2023-12-01 03:55:49,248 [s4-impl-thread1] INFO  server.RaftServer$Division (RaftServerImpl.java:setRole(379)) - s4@group-B93FFF3E6E7E: changes role from      null to FOLLOWER at term 0 for startAsFollower
2023-12-01 03:55:49,249 [s4-impl-thread1] INFO  impl.RoleInfo (RoleInfo.java:updateAndGet(139)) - s4: start s4@group-B93FFF3E6E7E-FollowerState
2023-12-01 03:55:49,249 [s4@group-B93FFF3E6E7E-FollowerState] INFO  server.RaftServerConfigKeys (ConfUtils.java:logFallback(53)) - raft.server.rpc.first-election.timeout.min = 150ms (fallback to raft.server.rpc.timeout.min)
2023-12-01 03:55:49,249 [s4@group-B93FFF3E6E7E-FollowerState] INFO  server.RaftServerConfigKeys (ConfUtils.java:logFallback(53)) - raft.server.rpc.first-election.timeout.max = 300ms (fallback to raft.server.rpc.timeout.max)
2023-12-01 03:55:49,249 [s4-impl-thread1] INFO  util.JmxRegister (JmxRegister.java:tryRegister(44)) - Successfully registered JMX Bean with object name Ratis:service=RaftServer,group=group-B93FFF3E6E7E,id=s4
2023-12-01 03:55:49,249 [s4-impl-thread1] INFO  server.RaftServerConfigKeys (ConfUtils.java:logGet(46)) - raft.server.snapshot.trigger-when-stop.enabled = true (default)
2023-12-01 03:55:49,249 [s4-impl-thread1] INFO  server.RaftServerConfigKeys (ConfUtils.java:logGet(46)) - raft.server.snapshot.auto.trigger.enabled = false (default)
2023-12-01 03:55:49,249 [s4-impl-thread1] INFO  server.RaftServerConfigKeys (ConfUtils.java:logGet(46)) - raft.server.snapshot.retention.file.num = -1 (default)
2023-12-01 03:55:49,249 [s4-impl-thread1] INFO  server.RaftServerConfigKeys (ConfUtils.java:logGet(46)) - raft.server.log.purge.upto.snapshot.index = false (default)
2023-12-01 03:55:49,249 [Time-limited test] INFO  server.RaftServer (RaftServerProxy.java:startImpl(406)) - s4: start RPC server
2023-12-01 03:55:49,250 [Time-limited test] INFO  server.GrpcService (GrpcService.java:startImpl(302)) - s4: GrpcService started, listening on 41791
2023-12-01 03:55:49,250 [JvmPauseMonitor13] INFO  util.JvmPauseMonitor (JvmPauseMonitor.java:run(146)) - JvmPauseMonitor-s4: Started
2023-12-01 03:55:49,250 [Time-limited test] INFO  server.RaftServerConfigKeys (ConfUtils.java:logGet(46)) - raft.server.rpc.timeout.max = 300ms (default)
2023-12-01 03:55:49,251 [Time-limited test] INFO  ratis.RaftTestUtil (RaftTestUtil.java:waitForLeader(100)) - printing ALL groups
  s3:  RUNNING  FOLLOWER s3@group-B93FFF3E6E7E:t0, leader=null, voted=, raftlog=Memoized:s3@group-B93FFF3E6E7E-SegmentedRaftLog:OPENED:c-1, conf=-1: peers:[s3, s4, s0|localhost:42131, s1|localhost:43397, s2|localhost:34445]|listeners:[], old=null RUNNING
  s4:  RUNNING  FOLLOWER s4@group-B93FFF3E6E7E:t0, leader=null, voted=, raftlog=Memoized:s4@group-B93FFF3E6E7E-SegmentedRaftLog:OPENED:c-1, conf=-1: peers:[s3, s4, s0|localhost:42131, s1|localhost:43397, s2|localhost:34445]|listeners:[], old=null RUNNING
  s0:  RUNNING  FOLLOWER s0@group-B93FFF3E6E7E:t1, leader=s1, voted=s1, raftlog=Memoized:s0@group-B93FFF3E6E7E-SegmentedRaftLog:OPENED:c3, conf=0: peers:[s0|localhost:42131, s1|localhost:43397, s2|localhost:34445]|listeners:[], old=null RUNNING
  s1:  RUNNING    LEADER s1@group-B93FFF3E6E7E:t1, leader=s1, voted=s1, raftlog=Memoized:s1@group-B93FFF3E6E7E-SegmentedRaftLog:OPENED:c4, conf=0: peers:[s0|localhost:42131, s1|localhost:43397, s2|localhost:34445]|listeners:[], old=null RUNNING
  s2:  RUNNING  FOLLOWER s2@group-B93FFF3E6E7E:t1, leader=s1, voted=s1, raftlog=Memoized:s2@group-B93FFF3E6E7E-SegmentedRaftLog:OPENED:c3, conf=0: peers:[s0|localhost:42131, s1|localhost:43397, s2|localhost:34445]|listeners:[], old=null RUNNING
2023-12-01 03:55:49,251 [Time-limited test] INFO  ratis.RaftTestUtil (RaftTestUtil.java:waitForLeader(119)) - printing ALL groups
  s3:  RUNNING  FOLLOWER s3@group-B93FFF3E6E7E:t0, leader=null, voted=, raftlog=Memoized:s3@group-B93FFF3E6E7E-SegmentedRaftLog:OPENED:c-1, conf=-1: peers:[s3, s4, s0|localhost:42131, s1|localhost:43397, s2|localhost:34445]|listeners:[], old=null RUNNING
  s4:  RUNNING  FOLLOWER s4@group-B93FFF3E6E7E:t0, leader=null, voted=, raftlog=Memoized:s4@group-B93FFF3E6E7E-SegmentedRaftLog:OPENED:c-1, conf=-1: peers:[s3, s4, s0|localhost:42131, s1|localhost:43397, s2|localhost:34445]|listeners:[], old=null RUNNING
  s0:  RUNNING  FOLLOWER s0@group-B93FFF3E6E7E:t1, leader=s1, voted=s1, raftlog=Memoized:s0@group-B93FFF3E6E7E-SegmentedRaftLog:OPENED:c3, conf=0: peers:[s0|localhost:42131, s1|localhost:43397, s2|localhost:34445]|listeners:[], old=null RUNNING
  s1:  RUNNING    LEADER s1@group-B93FFF3E6E7E:t1, leader=s1, voted=s1, raftlog=Memoized:s1@group-B93FFF3E6E7E-SegmentedRaftLog:OPENED:c4, conf=0: peers:[s0|localhost:42131, s1|localhost:43397, s2|localhost:34445]|listeners:[], old=null RUNNING
  s2:  RUNNING  FOLLOWER s2@group-B93FFF3E6E7E:t1, leader=s1, voted=s1, raftlog=Memoized:s2@group-B93FFF3E6E7E-SegmentedRaftLog:OPENED:c3, conf=0: peers:[s0|localhost:42131, s1|localhost:43397, s2|localhost:34445]|listeners:[], old=null RUNNING
2023-12-01 03:55:49,252 [Time-limited test] INFO  impl.MiniRaftCluster (MiniRaftCluster.java:setConfiguration(819)) - Start changing the configuration: [s3|0.0.0.0:39245, s4|0.0.0.0:41791, s0|localhost:42131, s1|localhost:43397, s2|localhost:34445]
2023-12-01 03:55:49,259 [s3-server-thread1] INFO  server.RaftServer$Division (RaftServerImpl.java:setConfigurationAsync(1264)) - s3@group-B93FFF3E6E7E: receive setConfiguration SetConfigurationRequest:client-7EF651ED16B5->s3@group-B93FFF3E6E7E, cid=14, seq=null, RW, null, SET_UNCONDITIONALLY, servers:[s3|0.0.0.0:39245, s4|0.0.0.0:41791, s0|localhost:42131, s1|localhost:43397, s2|localhost:34445], listeners:[]
2023-12-01 03:55:49,344 [grpc-default-executor-11] ERROR impl.OrderedAsync (OrderedAsync.java:lambda$sendRequest$9(247)) - client-915AA7F58988: Failed* RaftClientRequest:client-915AA7F58988->s2@group-FB8FFDFFFB35, cid=6, seq=1*, Watch(0), null
java.util.concurrent.CompletionException: java.io.IOException: org.apache.ratis.thirdparty.io.grpc.StatusRuntimeException: UNAVAILABLE: io exception
	at java.base/java.util.concurrent.CompletableFuture.encodeThrowable(CompletableFuture.java:331)
	at java.base/java.util.concurrent.CompletableFuture.completeThrowable(CompletableFuture.java:346)
	at java.base/java.util.concurrent.CompletableFuture$UniApply.tryFire(CompletableFuture.java:632)
	at java.base/java.util.concurrent.CompletableFuture.postComplete(CompletableFuture.java:506)
	at java.base/java.util.concurrent.CompletableFuture.completeExceptionally(CompletableFuture.java:2094)
	at org.apache.ratis.grpc.client.GrpcClientProtocolClient$AsyncStreamObservers.completeReplyExceptionally(GrpcClientProtocolClient.java:394)
	at org.apache.ratis.grpc.client.GrpcClientProtocolClient$AsyncStreamObservers.access$000(GrpcClientProtocolClient.java:300)
	at org.apache.ratis.grpc.client.GrpcClientProtocolClient$AsyncStreamObservers$1.onError(GrpcClientProtocolClient.java:331)
	at org.apache.ratis.thirdparty.io.grpc.stub.ClientCalls$StreamObserverToCallListenerAdapter.onClose(ClientCalls.java:481)
	at org.apache.ratis.thirdparty.io.grpc.PartialForwardingClientCallListener.onClose(PartialForwardingClientCallListener.java:39)
	at org.apache.ratis.thirdparty.io.grpc.ForwardingClientCallListener.onClose(ForwardingClientCallListener.java:23)
	at org.apache.ratis.grpc.metrics.intercept.client.MetricClientCallListener.onClose(MetricClientCallListener.java:47)
	at org.apache.ratis.thirdparty.io.grpc.internal.DelayedClientCall$DelayedListener$3.run(DelayedClientCall.java:489)
	at org.apache.ratis.thirdparty.io.grpc.internal.DelayedClientCall$DelayedListener.delayOrExecute(DelayedClientCall.java:453)
	at org.apache.ratis.thirdparty.io.grpc.internal.DelayedClientCall$DelayedListener.onClose(DelayedClientCall.java:486)
	at org.apache.ratis.thirdparty.io.grpc.internal.ClientCallImpl.closeObserver(ClientCallImpl.java:567)
	at org.apache.ratis.thirdparty.io.grpc.internal.ClientCallImpl.access$300(ClientCallImpl.java:71)
	at org.apache.ratis.thirdparty.io.grpc.internal.ClientCallImpl$ClientStreamListenerImpl$1StreamClosed.runInternal(ClientCallImpl.java:735)
	at org.apache.ratis.thirdparty.io.grpc.internal.ClientCallImpl$ClientStreamListenerImpl$1StreamClosed.runInContext(ClientCallImpl.java:716)
	at org.apache.ratis.thirdparty.io.grpc.internal.ContextRunnable.run(ContextRunnable.java:37)
	at org.apache.ratis.thirdparty.io.grpc.internal.SerializingExecutor.run(SerializingExecutor.java:133)
	at java.base/java.util.concurrent.ThreadPoolExecutor.runWorker(ThreadPoolExecutor.java:1128)
	at java.base/java.util.concurrent.ThreadPoolExecutor$Worker.run(ThreadPoolExecutor.java:628)
	at java.base/java.lang.Thread.run(Thread.java:829)
Caused by: java.io.IOException: org.apache.ratis.thirdparty.io.grpc.StatusRuntimeException: UNAVAILABLE: io exception
	at org.apache.ratis.grpc.GrpcUtil.unwrapException(GrpcUtil.java:99)
	at org.apache.ratis.grpc.GrpcUtil.unwrapIOException(GrpcUtil.java:159)
	at org.apache.ratis.grpc.client.GrpcClientProtocolClient$AsyncStreamObservers$1.onError(GrpcClientProtocolClient.java:330)
	... 16 more
Caused by: org.apache.ratis.thirdparty.io.grpc.StatusRuntimeException: UNAVAILABLE: io exception
	at org.apache.ratis.thirdparty.io.grpc.Status.asRuntimeException(Status.java:537)
	... 16 more
Caused by: org.apache.ratis.thirdparty.io.netty.channel.AbstractChannel$AnnotatedConnectException: finishConnect(..) failed: Connection refused: localhost/127.0.0.1:34227
Caused by: java.net.ConnectException: finishConnect(..) failed: Connection refused
	at org.apache.ratis.thirdparty.io.netty.channel.unix.Errors.newConnectException0(Errors.java:166)
	at org.apache.ratis.thirdparty.io.netty.channel.unix.Errors.handleConnectErrno(Errors.java:131)
	at org.apache.ratis.thirdparty.io.netty.channel.unix.Socket.finishConnect(Socket.java:359)
	at org.apache.ratis.thirdparty.io.netty.channel.epoll.AbstractEpollChannel$AbstractEpollUnsafe.doFinishConnect(AbstractEpollChannel.java:710)
	at org.apache.ratis.thirdparty.io.netty.channel.epoll.AbstractEpollChannel$AbstractEpollUnsafe.finishConnect(AbstractEpollChannel.java:687)
	at org.apache.ratis.thirdparty.io.netty.channel.epoll.AbstractEpollChannel$AbstractEpollUnsafe.epollOutReady(AbstractEpollChannel.java:567)
	at org.apache.ratis.thirdparty.io.netty.channel.epoll.EpollEventLoop.processReady(EpollEventLoop.java:499)
	at org.apache.ratis.thirdparty.io.netty.channel.epoll.EpollEventLoop.run(EpollEventLoop.java:407)
	at org.apache.ratis.thirdparty.io.netty.util.concurrent.SingleThreadEventExecutor$4.run(SingleThreadEventExecutor.java:997)
	at org.apache.ratis.thirdparty.io.netty.util.internal.ThreadExecutorMap$2.run(ThreadExecutorMap.java:74)
	at org.apache.ratis.thirdparty.io.netty.util.concurrent.FastThreadLocalRunnable.run(FastThreadLocalRunnable.java:30)
	at java.base/java.lang.Thread.run(Thread.java:829)
2023-12-01 03:55:49,364 [s4-server-thread1] INFO  server.RaftServer$Division (RaftServerImpl.java:setConfigurationAsync(1264)) - s4@group-B93FFF3E6E7E: receive setConfiguration SetConfigurationRequest:client-7EF651ED16B5->s4@group-B93FFF3E6E7E, cid=14, seq=null, RW, null, SET_UNCONDITIONALLY, servers:[s3|0.0.0.0:39245, s4|0.0.0.0:41791, s0|localhost:42131, s1|localhost:43397, s2|localhost:34445], listeners:[]
2023-12-01 03:55:49,448 [grpc-default-executor-9] ERROR impl.OrderedAsync (OrderedAsync.java:lambda$sendRequest$9(247)) - client-915AA7F58988: Failed* RaftClientRequest:client-915AA7F58988->s0@group-FB8FFDFFFB35, cid=6, seq=1*, Watch(0), null
java.util.concurrent.CompletionException: java.io.IOException: org.apache.ratis.thirdparty.io.grpc.StatusRuntimeException: UNAVAILABLE: io exception
	at java.base/java.util.concurrent.CompletableFuture.encodeThrowable(CompletableFuture.java:331)
	at java.base/java.util.concurrent.CompletableFuture.completeThrowable(CompletableFuture.java:346)
	at java.base/java.util.concurrent.CompletableFuture$UniApply.tryFire(CompletableFuture.java:632)
	at java.base/java.util.concurrent.CompletableFuture.postComplete(CompletableFuture.java:506)
	at java.base/java.util.concurrent.CompletableFuture.completeExceptionally(CompletableFuture.java:2094)
	at org.apache.ratis.grpc.client.GrpcClientProtocolClient$AsyncStreamObservers.completeReplyExceptionally(GrpcClientProtocolClient.java:394)
	at org.apache.ratis.grpc.client.GrpcClientProtocolClient$AsyncStreamObservers.access$000(GrpcClientProtocolClient.java:300)
	at org.apache.ratis.grpc.client.GrpcClientProtocolClient$AsyncStreamObservers$1.onError(GrpcClientProtocolClient.java:331)
	at org.apache.ratis.thirdparty.io.grpc.stub.ClientCalls$StreamObserverToCallListenerAdapter.onClose(ClientCalls.java:481)
	at org.apache.ratis.thirdparty.io.grpc.PartialForwardingClientCallListener.onClose(PartialForwardingClientCallListener.java:39)
	at org.apache.ratis.thirdparty.io.grpc.ForwardingClientCallListener.onClose(ForwardingClientCallListener.java:23)
	at org.apache.ratis.grpc.metrics.intercept.client.MetricClientCallListener.onClose(MetricClientCallListener.java:47)
	at org.apache.ratis.thirdparty.io.grpc.internal.DelayedClientCall$DelayedListener$3.run(DelayedClientCall.java:489)
	at org.apache.ratis.thirdparty.io.grpc.internal.DelayedClientCall$DelayedListener.delayOrExecute(DelayedClientCall.java:453)
	at org.apache.ratis.thirdparty.io.grpc.internal.DelayedClientCall$DelayedListener.onClose(DelayedClientCall.java:486)
	at org.apache.ratis.thirdparty.io.grpc.internal.ClientCallImpl.closeObserver(ClientCallImpl.java:567)
	at org.apache.ratis.thirdparty.io.grpc.internal.ClientCallImpl.access$300(ClientCallImpl.java:71)
	at org.apache.ratis.thirdparty.io.grpc.internal.ClientCallImpl$ClientStreamListenerImpl$1StreamClosed.runInternal(ClientCallImpl.java:735)
	at org.apache.ratis.thirdparty.io.grpc.internal.ClientCallImpl$ClientStreamListenerImpl$1StreamClosed.runInContext(ClientCallImpl.java:716)
	at org.apache.ratis.thirdparty.io.grpc.internal.ContextRunnable.run(ContextRunnable.java:37)
	at org.apache.ratis.thirdparty.io.grpc.internal.SerializingExecutor.run(SerializingExecutor.java:133)
	at java.base/java.util.concurrent.ThreadPoolExecutor.runWorker(ThreadPoolExecutor.java:1128)
	at java.base/java.util.concurrent.ThreadPoolExecutor$Worker.run(ThreadPoolExecutor.java:628)
	at java.base/java.lang.Thread.run(Thread.java:829)
Caused by: java.io.IOException: org.apache.ratis.thirdparty.io.grpc.StatusRuntimeException: UNAVAILABLE: io exception
	at org.apache.ratis.grpc.GrpcUtil.unwrapException(GrpcUtil.java:99)
	at org.apache.ratis.grpc.GrpcUtil.unwrapIOException(GrpcUtil.java:159)
	at org.apache.ratis.grpc.client.GrpcClientProtocolClient$AsyncStreamObservers$1.onError(GrpcClientProtocolClient.java:330)
	... 16 more
Caused by: org.apache.ratis.thirdparty.io.grpc.StatusRuntimeException: UNAVAILABLE: io exception
	at org.apache.ratis.thirdparty.io.grpc.Status.asRuntimeException(Status.java:537)
	... 16 more
Caused by: org.apache.ratis.thirdparty.io.netty.channel.AbstractChannel$AnnotatedConnectException: finishConnect(..) failed: Connection refused: localhost/127.0.0.1:34265
Caused by: java.net.ConnectException: finishConnect(..) failed: Connection refused
	at org.apache.ratis.thirdparty.io.netty.channel.unix.Errors.newConnectException0(Errors.java:166)
	at org.apache.ratis.thirdparty.io.netty.channel.unix.Errors.handleConnectErrno(Errors.java:131)
	at org.apache.ratis.thirdparty.io.netty.channel.unix.Socket.finishConnect(Socket.java:359)
	at org.apache.ratis.thirdparty.io.netty.channel.epoll.AbstractEpollChannel$AbstractEpollUnsafe.doFinishConnect(AbstractEpollChannel.java:710)
	at org.apache.ratis.thirdparty.io.netty.channel.epoll.AbstractEpollChannel$AbstractEpollUnsafe.finishConnect(AbstractEpollChannel.java:687)
	at org.apache.ratis.thirdparty.io.netty.channel.epoll.AbstractEpollChannel$AbstractEpollUnsafe.epollOutReady(AbstractEpollChannel.java:567)
	at org.apache.ratis.thirdparty.io.netty.channel.epoll.EpollEventLoop.processReady(EpollEventLoop.java:499)
	at org.apache.ratis.thirdparty.io.netty.channel.epoll.EpollEventLoop.run(EpollEventLoop.java:407)
	at org.apache.ratis.thirdparty.io.netty.util.concurrent.SingleThreadEventExecutor$4.run(SingleThreadEventExecutor.java:997)
	at org.apache.ratis.thirdparty.io.netty.util.internal.ThreadExecutorMap$2.run(ThreadExecutorMap.java:74)
	at org.apache.ratis.thirdparty.io.netty.util.concurrent.FastThreadLocalRunnable.run(FastThreadLocalRunnable.java:30)
	at java.base/java.lang.Thread.run(Thread.java:829)
2023-12-01 03:55:49,469 [s2-server-thread2] INFO  server.RaftServer$Division (RaftServerImpl.java:setConfigurationAsync(1264)) - s2@group-B93FFF3E6E7E: receive setConfiguration SetConfigurationRequest:client-7EF651ED16B5->s2@group-B93FFF3E6E7E, cid=14, seq=null, RW, null, SET_UNCONDITIONALLY, servers:[s3|0.0.0.0:39245, s4|0.0.0.0:41791, s0|localhost:42131, s1|localhost:43397, s2|localhost:34445], listeners:[]
2023-12-01 03:55:49,502 [s3@group-B93FFF3E6E7E-FollowerState] INFO  impl.FollowerState (FollowerState.java:run(143)) - s3@group-B93FFF3E6E7E-FollowerState: change to CANDIDATE, lastRpcElapsedTime:260782466ns, electionTimeout:260ms
2023-12-01 03:55:49,502 [s3@group-B93FFF3E6E7E-FollowerState] INFO  impl.RoleInfo (RoleInfo.java:shutdownFollowerState(110)) - s3: shutdown s3@group-B93FFF3E6E7E-FollowerState
2023-12-01 03:55:49,502 [s3@group-B93FFF3E6E7E-FollowerState] INFO  server.RaftServer$Division (RaftServerImpl.java:setRole(379)) - s3@group-B93FFF3E6E7E: changes role from  FOLLOWER to CANDIDATE at term 0 for changeToCandidate
2023-12-01 03:55:49,502 [s3@group-B93FFF3E6E7E-FollowerState] INFO  server.RaftServerConfigKeys (ConfUtils.java:logGet(46)) - raft.server.leaderelection.pre-vote = true (default)
2023-12-01 03:55:49,502 [s3@group-B93FFF3E6E7E-FollowerState] INFO  impl.RoleInfo (RoleInfo.java:updateAndGet(139)) - s3: start s3@group-B93FFF3E6E7E-LeaderElection8
2023-12-01 03:55:49,503 [s3@group-B93FFF3E6E7E-LeaderElection8] INFO  impl.LeaderElection (LeaderElection.java:askForVotes(323)) - s3@group-B93FFF3E6E7E-LeaderElection8 PRE_VOTE round 0: submit vote requests at term 0 for -1: peers:[s3, s4, s0|localhost:42131, s1|localhost:43397, s2|localhost:34445]|listeners:[], old=null
2023-12-01 03:55:49,503 [s3@group-B93FFF3E6E7E-LeaderElection8-1] INFO  server.GrpcServerProtocolClient (GrpcServerProtocolClient.java:<init>(65)) - Build channel for s4
2023-12-01 03:55:49,503 [s3@group-B93FFF3E6E7E-LeaderElection8-2] INFO  server.GrpcServerProtocolClient (GrpcServerProtocolClient.java:<init>(65)) - Build channel for s0
2023-12-01 03:55:49,503 [s3@group-B93FFF3E6E7E-LeaderElection8-3] INFO  server.GrpcServerProtocolClient (GrpcServerProtocolClient.java:<init>(65)) - Build channel for s1
2023-12-01 03:55:49,503 [s3@group-B93FFF3E6E7E-LeaderElection8] INFO  server.RaftServerConfigKeys (ConfUtils.java:logFallback(53)) - raft.server.rpc.first-election.timeout.min = 150ms (fallback to raft.server.rpc.timeout.min)
2023-12-01 03:55:49,503 [s3@group-B93FFF3E6E7E-LeaderElection8] INFO  server.RaftServerConfigKeys (ConfUtils.java:logFallback(53)) - raft.server.rpc.first-election.timeout.max = 300ms (fallback to raft.server.rpc.timeout.max)
2023-12-01 03:55:49,504 [s3@group-B93FFF3E6E7E-LeaderElection8] INFO  impl.LeaderElection (LogUtils.java:infoOrTrace(136)) - s3@group-B93FFF3E6E7E-LeaderElection8 got exception when requesting votes: java.util.concurrent.ExecutionException: java.lang.NullPointerException: target
2023-12-01 03:55:49,504 [s3@group-B93FFF3E6E7E-LeaderElection8-4] INFO  server.GrpcServerProtocolClient (GrpcServerProtocolClient.java:<init>(65)) - Build channel for s2
2023-12-01 03:55:49,508 [grpc-default-executor-4] INFO  server.RaftServer$Division (RaftServerImpl.java:requestVote(1377)) - s2@group-B93FFF3E6E7E: receive requestVote(PRE_VOTE, s3, group-B93FFF3E6E7E, 0, (t:0, i:0))
2023-12-01 03:55:49,508 [grpc-default-executor-4] INFO  impl.VoteContext (VoteContext.java:log(49)) - s2@group-B93FFF3E6E7E-FOLLOWER: reject PRE_VOTE from s3: s3 is not in current conf [s0|localhost:42131, s1|localhost:43397, s2|localhost:34445]
2023-12-01 03:55:49,508 [grpc-default-executor-4] INFO  server.RaftServer$Division (RaftServerImpl.java:requestVote(1410)) - s2@group-B93FFF3E6E7E replies to PRE_VOTE vote request: s3<-s2#0:FAIL-t1. Peer's state: s2@group-B93FFF3E6E7E:t1, leader=s1, voted=s1, raftlog=Memoized:s2@group-B93FFF3E6E7E-SegmentedRaftLog:OPENED:c4, conf=0: peers:[s0|localhost:42131, s1|localhost:43397, s2|localhost:34445]|listeners:[], old=null
2023-12-01 03:55:49,508 [grpc-default-executor-9] INFO  server.RaftServer$Division (RaftServerImpl.java:requestVote(1377)) - s1@group-B93FFF3E6E7E: receive requestVote(PRE_VOTE, s3, group-B93FFF3E6E7E, 0, (t:0, i:0))
2023-12-01 03:55:49,508 [grpc-default-executor-9] INFO  impl.VoteContext (VoteContext.java:log(49)) - s1@group-B93FFF3E6E7E-LEADER: reject PRE_VOTE from s3: s3 is not in current conf [s0|localhost:42131, s1|localhost:43397, s2|localhost:34445]
2023-12-01 03:55:49,508 [grpc-default-executor-9] INFO  server.RaftServer$Division (RaftServerImpl.java:requestVote(1410)) - s1@group-B93FFF3E6E7E replies to PRE_VOTE vote request: s3<-s1#0:FAIL-t1. Peer's state: s1@group-B93FFF3E6E7E:t1, leader=s1, voted=s1, raftlog=Memoized:s1@group-B93FFF3E6E7E-SegmentedRaftLog:OPENED:c4, conf=0: peers:[s0|localhost:42131, s1|localhost:43397, s2|localhost:34445]|listeners:[], old=null
2023-12-01 03:55:49,509 [grpc-default-executor-4] INFO  server.RaftServer$Division (RaftServerImpl.java:requestVote(1377)) - s0@group-B93FFF3E6E7E: receive requestVote(PRE_VOTE, s3, group-B93FFF3E6E7E, 0, (t:0, i:0))
2023-12-01 03:55:49,509 [grpc-default-executor-4] INFO  impl.VoteContext (VoteContext.java:log(49)) - s0@group-B93FFF3E6E7E-FOLLOWER: reject PRE_VOTE from s3: s3 is not in current conf [s0|localhost:42131, s1|localhost:43397, s2|localhost:34445]
2023-12-01 03:55:49,509 [grpc-default-executor-4] INFO  server.RaftServer$Division (RaftServerImpl.java:requestVote(1410)) - s0@group-B93FFF3E6E7E replies to PRE_VOTE vote request: s3<-s0#0:FAIL-t1. Peer's state: s0@group-B93FFF3E6E7E:t1, leader=s1, voted=s1, raftlog=Memoized:s0@group-B93FFF3E6E7E-SegmentedRaftLog:OPENED:c4, conf=0: peers:[s0|localhost:42131, s1|localhost:43397, s2|localhost:34445]|listeners:[], old=null
2023-12-01 03:55:49,510 [s3@group-B93FFF3E6E7E-LeaderElection8] INFO  impl.LeaderElection (LeaderElection.java:logAndReturn(89)) - s3@group-B93FFF3E6E7E-LeaderElection8: PRE_VOTE DISCOVERED_A_NEW_TERM (term=1) received 1 response(s) and 1 exception(s):
2023-12-01 03:55:49,510 [s3@group-B93FFF3E6E7E-LeaderElection8] INFO  impl.LeaderElection (LeaderElection.java:logAndReturn(93)) -   Response 0: s3<-s2#0:FAIL-t1
2023-12-01 03:55:49,510 [s3@group-B93FFF3E6E7E-LeaderElection8] INFO  impl.LeaderElection (LogUtils.java:infoOrTrace(136)) -   Exception 1: java.util.concurrent.ExecutionException: java.lang.NullPointerException: target
2023-12-01 03:55:49,510 [s3@group-B93FFF3E6E7E-LeaderElection8] INFO  impl.LeaderElection (LeaderElection.java:askForVotes(325)) - s3@group-B93FFF3E6E7E-LeaderElection8 PRE_VOTE round 0: result DISCOVERED_A_NEW_TERM (term=1)
2023-12-01 03:55:49,510 [s3@group-B93FFF3E6E7E-LeaderElection8] INFO  server.RaftServer$Division (RaftServerImpl.java:setRole(379)) - s3@group-B93FFF3E6E7E: changes role from CANDIDATE to FOLLOWER at term 1 for DISCOVERED_A_NEW_TERM (term=1)
2023-12-01 03:55:49,510 [s3@group-B93FFF3E6E7E-LeaderElection8] INFO  impl.RoleInfo (RoleInfo.java:shutdownLeaderElection(130)) - s3: shutdown s3@group-B93FFF3E6E7E-LeaderElection8
2023-12-01 03:55:49,510 [s3@group-B93FFF3E6E7E-LeaderElection8] INFO  impl.RoleInfo (RoleInfo.java:updateAndGet(139)) - s3: start s3@group-B93FFF3E6E7E-FollowerState
2023-12-01 03:55:49,510 [s3@group-B93FFF3E6E7E-LeaderElection8] INFO  server.RaftServer$Division (RaftServerImpl.java:setFirstElection(564)) - s3@group-B93FFF3E6E7E: set firstElectionSinceStartup to false for DISCOVERED_A_NEW_TERM (term=1)
2023-12-01 03:55:49,510 [s3@group-B93FFF3E6E7E-LeaderElection8] TRACE util.FileUtils (LogUtils.java:supplyAndLog(69)) - Successfully supplied FileChannel.open /home/runner/work/ratis/ratis/ratis-test/target/test/data/1b1d21a/MiniRaftClusterWithGrpc65a5be97/s3/54092739-1e46-4bd5-803a-b93fff3e6e7e/current/raft-meta.tmp with options [CREATE, WRITE]: sun.nio.ch.FileChannelImpl@7d276011
2023-12-01 03:55:49,512 [s3@group-B93FFF3E6E7E-LeaderElection8] TRACE util.FileUtils (LogUtils.java:runAndLog(49)) - Successfully ran Atomic Files.move /home/runner/work/ratis/ratis/ratis-test/target/test/data/1b1d21a/MiniRaftClusterWithGrpc65a5be97/s3/54092739-1e46-4bd5-803a-b93fff3e6e7e/current/raft-meta.tmp to /home/runner/work/ratis/ratis/ratis-test/target/test/data/1b1d21a/MiniRaftClusterWithGrpc65a5be97/s3/54092739-1e46-4bd5-803a-b93fff3e6e7e/current/raft-meta with options [REPLACE_EXISTING]
2023-12-01 03:55:49,524 [s4@group-B93FFF3E6E7E-FollowerState] INFO  impl.FollowerState (FollowerState.java:run(143)) - s4@group-B93FFF3E6E7E-FollowerState: change to CANDIDATE, lastRpcElapsedTime:275301299ns, electionTimeout:275ms
2023-12-01 03:55:49,524 [s4@group-B93FFF3E6E7E-FollowerState] INFO  impl.RoleInfo (RoleInfo.java:shutdownFollowerState(110)) - s4: shutdown s4@group-B93FFF3E6E7E-FollowerState
2023-12-01 03:55:49,524 [s4@group-B93FFF3E6E7E-FollowerState] INFO  server.RaftServer$Division (RaftServerImpl.java:setRole(379)) - s4@group-B93FFF3E6E7E: changes role from  FOLLOWER to CANDIDATE at term 0 for changeToCandidate
2023-12-01 03:55:49,524 [s4@group-B93FFF3E6E7E-FollowerState] INFO  server.RaftServerConfigKeys (ConfUtils.java:logGet(46)) - raft.server.leaderelection.pre-vote = true (default)
2023-12-01 03:55:49,524 [s4@group-B93FFF3E6E7E-FollowerState] INFO  impl.RoleInfo (RoleInfo.java:updateAndGet(139)) - s4: start s4@group-B93FFF3E6E7E-LeaderElection9
2023-12-01 03:55:49,524 [s4@group-B93FFF3E6E7E-LeaderElection9] INFO  impl.LeaderElection (LeaderElection.java:askForVotes(323)) - s4@group-B93FFF3E6E7E-LeaderElection9 PRE_VOTE round 0: submit vote requests at term 0 for -1: peers:[s3, s4, s0|localhost:42131, s1|localhost:43397, s2|localhost:34445]|listeners:[], old=null
2023-12-01 03:55:49,525 [s4@group-B93FFF3E6E7E-LeaderElection9-1] INFO  server.GrpcServerProtocolClient (GrpcServerProtocolClient.java:<init>(65)) - Build channel for s3
2023-12-01 03:55:49,525 [s4@group-B93FFF3E6E7E-LeaderElection9-2] INFO  server.GrpcServerProtocolClient (GrpcServerProtocolClient.java:<init>(65)) - Build channel for s0
2023-12-01 03:55:49,525 [s4@group-B93FFF3E6E7E-LeaderElection9-3] INFO  server.GrpcServerProtocolClient (GrpcServerProtocolClient.java:<init>(65)) - Build channel for s1
2023-12-01 03:55:49,525 [s4@group-B93FFF3E6E7E-LeaderElection9] INFO  server.RaftServerConfigKeys (ConfUtils.java:logFallback(53)) - raft.server.rpc.first-election.timeout.min = 150ms (fallback to raft.server.rpc.timeout.min)
2023-12-01 03:55:49,525 [s4@group-B93FFF3E6E7E-LeaderElection9-4] INFO  server.GrpcServerProtocolClient (GrpcServerProtocolClient.java:<init>(65)) - Build channel for s2
2023-12-01 03:55:49,525 [s4@group-B93FFF3E6E7E-LeaderElection9] INFO  server.RaftServerConfigKeys (ConfUtils.java:logFallback(53)) - raft.server.rpc.first-election.timeout.max = 300ms (fallback to raft.server.rpc.timeout.max)
2023-12-01 03:55:49,525 [s4@group-B93FFF3E6E7E-LeaderElection9] INFO  impl.LeaderElection (LogUtils.java:infoOrTrace(136)) - s4@group-B93FFF3E6E7E-LeaderElection9 got exception when requesting votes: java.util.concurrent.ExecutionException: java.lang.NullPointerException: target
2023-12-01 03:55:49,529 [grpc-default-executor-4] INFO  server.RaftServer$Division (RaftServerImpl.java:requestVote(1377)) - s0@group-B93FFF3E6E7E: receive requestVote(PRE_VOTE, s4, group-B93FFF3E6E7E, 0, (t:0, i:0))
2023-12-01 03:55:49,529 [grpc-default-executor-4] INFO  impl.VoteContext (VoteContext.java:log(49)) - s0@group-B93FFF3E6E7E-FOLLOWER: reject PRE_VOTE from s4: s4 is not in current conf [s0|localhost:42131, s1|localhost:43397, s2|localhost:34445]
2023-12-01 03:55:49,529 [grpc-default-executor-4] INFO  server.RaftServer$Division (RaftServerImpl.java:requestVote(1410)) - s0@group-B93FFF3E6E7E replies to PRE_VOTE vote request: s4<-s0#0:FAIL-t1. Peer's state: s0@group-B93FFF3E6E7E:t1, leader=s1, voted=s1, raftlog=Memoized:s0@group-B93FFF3E6E7E-SegmentedRaftLog:OPENED:c4, conf=0: peers:[s0|localhost:42131, s1|localhost:43397, s2|localhost:34445]|listeners:[], old=null
2023-12-01 03:55:49,530 [grpc-default-executor-4] INFO  server.RaftServer$Division (RaftServerImpl.java:requestVote(1377)) - s2@group-B93FFF3E6E7E: receive requestVote(PRE_VOTE, s4, group-B93FFF3E6E7E, 0, (t:0, i:0))
2023-12-01 03:55:49,530 [grpc-default-executor-4] INFO  impl.VoteContext (VoteContext.java:log(49)) - s2@group-B93FFF3E6E7E-FOLLOWER: reject PRE_VOTE from s4: s4 is not in current conf [s0|localhost:42131, s1|localhost:43397, s2|localhost:34445]
2023-12-01 03:55:49,530 [grpc-default-executor-4] INFO  server.RaftServer$Division (RaftServerImpl.java:requestVote(1410)) - s2@group-B93FFF3E6E7E replies to PRE_VOTE vote request: s4<-s2#0:FAIL-t1. Peer's state: s2@group-B93FFF3E6E7E:t1, leader=s1, voted=s1, raftlog=Memoized:s2@group-B93FFF3E6E7E-SegmentedRaftLog:OPENED:c4, conf=0: peers:[s0|localhost:42131, s1|localhost:43397, s2|localhost:34445]|listeners:[], old=null
2023-12-01 03:55:49,531 [s4@group-B93FFF3E6E7E-LeaderElection9] INFO  impl.LeaderElection (LeaderElection.java:logAndReturn(89)) - s4@group-B93FFF3E6E7E-LeaderElection9: PRE_VOTE DISCOVERED_A_NEW_TERM (term=1) received 1 response(s) and 1 exception(s):
2023-12-01 03:55:49,531 [s4@group-B93FFF3E6E7E-LeaderElection9] INFO  impl.LeaderElection (LeaderElection.java:logAndReturn(93)) -   Response 0: s4<-s0#0:FAIL-t1
2023-12-01 03:55:49,531 [s4@group-B93FFF3E6E7E-LeaderElection9] INFO  impl.LeaderElection (LogUtils.java:infoOrTrace(136)) -   Exception 1: java.util.concurrent.ExecutionException: java.lang.NullPointerException: target
2023-12-01 03:55:49,531 [s4@group-B93FFF3E6E7E-LeaderElection9] INFO  impl.LeaderElection (LeaderElection.java:askForVotes(325)) - s4@group-B93FFF3E6E7E-LeaderElection9 PRE_VOTE round 0: result DISCOVERED_A_NEW_TERM (term=1)
2023-12-01 03:55:49,531 [s4@group-B93FFF3E6E7E-LeaderElection9] INFO  server.RaftServer$Division (RaftServerImpl.java:setRole(379)) - s4@group-B93FFF3E6E7E: changes role from CANDIDATE to FOLLOWER at term 1 for DISCOVERED_A_NEW_TERM (term=1)
2023-12-01 03:55:49,531 [s4@group-B93FFF3E6E7E-LeaderElection9] INFO  impl.RoleInfo (RoleInfo.java:shutdownLeaderElection(130)) - s4: shutdown s4@group-B93FFF3E6E7E-LeaderElection9
2023-12-01 03:55:49,531 [s4@group-B93FFF3E6E7E-LeaderElection9] INFO  impl.RoleInfo (RoleInfo.java:updateAndGet(139)) - s4: start s4@group-B93FFF3E6E7E-FollowerState
2023-12-01 03:55:49,531 [s4@group-B93FFF3E6E7E-LeaderElection9] INFO  server.RaftServer$Division (RaftServerImpl.java:setFirstElection(564)) - s4@group-B93FFF3E6E7E: set firstElectionSinceStartup to false for DISCOVERED_A_NEW_TERM (term=1)
2023-12-01 03:55:49,531 [grpc-default-executor-4] INFO  server.RaftServer$Division (RaftServerImpl.java:requestVote(1377)) - s1@group-B93FFF3E6E7E: receive requestVote(PRE_VOTE, s4, group-B93FFF3E6E7E, 0, (t:0, i:0))
2023-12-01 03:55:49,531 [grpc-default-executor-4] INFO  impl.VoteContext (VoteContext.java:log(49)) - s1@group-B93FFF3E6E7E-LEADER: reject PRE_VOTE from s4: s4 is not in current conf [s0|localhost:42131, s1|localhost:43397, s2|localhost:34445]
2023-12-01 03:55:49,531 [s4@group-B93FFF3E6E7E-LeaderElection9] TRACE util.FileUtils (LogUtils.java:supplyAndLog(69)) - Successfully supplied FileChannel.open /home/runner/work/ratis/ratis/ratis-test/target/test/data/1b1d21a/MiniRaftClusterWithGrpc65a5be97/s4/54092739-1e46-4bd5-803a-b93fff3e6e7e/current/raft-meta.tmp with options [CREATE, WRITE]: sun.nio.ch.FileChannelImpl@736bda60
2023-12-01 03:55:49,531 [grpc-default-executor-4] INFO  server.RaftServer$Division (RaftServerImpl.java:requestVote(1410)) - s1@group-B93FFF3E6E7E replies to PRE_VOTE vote request: s4<-s1#0:FAIL-t1. Peer's state: s1@group-B93FFF3E6E7E:t1, leader=s1, voted=s1, raftlog=Memoized:s1@group-B93FFF3E6E7E-SegmentedRaftLog:OPENED:c4, conf=0: peers:[s0|localhost:42131, s1|localhost:43397, s2|localhost:34445]|listeners:[], old=null
2023-12-01 03:55:49,533 [s4@group-B93FFF3E6E7E-LeaderElection9] TRACE util.FileUtils (LogUtils.java:runAndLog(49)) - Successfully ran Atomic Files.move /home/runner/work/ratis/ratis/ratis-test/target/test/data/1b1d21a/MiniRaftClusterWithGrpc65a5be97/s4/54092739-1e46-4bd5-803a-b93fff3e6e7e/current/raft-meta.tmp to /home/runner/work/ratis/ratis/ratis-test/target/test/data/1b1d21a/MiniRaftClusterWithGrpc65a5be97/s4/54092739-1e46-4bd5-803a-b93fff3e6e7e/current/raft-meta with options [REPLACE_EXISTING]
2023-12-01 03:55:49,552 [grpc-default-executor-9] ERROR impl.OrderedAsync (OrderedAsync.java:lambda$sendRequest$9(247)) - client-915AA7F58988: Failed* RaftClientRequest:client-915AA7F58988->s1@group-FB8FFDFFFB35, cid=6, seq=1*, Watch(0), null
java.util.concurrent.CompletionException: java.io.IOException: org.apache.ratis.thirdparty.io.grpc.StatusRuntimeException: UNAVAILABLE: io exception
	at java.base/java.util.concurrent.CompletableFuture.encodeThrowable(CompletableFuture.java:331)
	at java.base/java.util.concurrent.CompletableFuture.completeThrowable(CompletableFuture.java:346)
	at java.base/java.util.concurrent.CompletableFuture$UniApply.tryFire(CompletableFuture.java:632)
	at java.base/java.util.concurrent.CompletableFuture.postComplete(CompletableFuture.java:506)
	at java.base/java.util.concurrent.CompletableFuture.completeExceptionally(CompletableFuture.java:2094)
	at org.apache.ratis.grpc.client.GrpcClientProtocolClient$AsyncStreamObservers.completeReplyExceptionally(GrpcClientProtocolClient.java:394)
	at org.apache.ratis.grpc.client.GrpcClientProtocolClient$AsyncStreamObservers.access$000(GrpcClientProtocolClient.java:300)
	at org.apache.ratis.grpc.client.GrpcClientProtocolClient$AsyncStreamObservers$1.onError(GrpcClientProtocolClient.java:331)
	at org.apache.ratis.thirdparty.io.grpc.stub.ClientCalls$StreamObserverToCallListenerAdapter.onClose(ClientCalls.java:481)
	at org.apache.ratis.thirdparty.io.grpc.PartialForwardingClientCallListener.onClose(PartialForwardingClientCallListener.java:39)
	at org.apache.ratis.thirdparty.io.grpc.ForwardingClientCallListener.onClose(ForwardingClientCallListener.java:23)
	at org.apache.ratis.grpc.metrics.intercept.client.MetricClientCallListener.onClose(MetricClientCallListener.java:47)
	at org.apache.ratis.thirdparty.io.grpc.internal.DelayedClientCall$DelayedListener$3.run(DelayedClientCall.java:489)
	at org.apache.ratis.thirdparty.io.grpc.internal.DelayedClientCall$DelayedListener.delayOrExecute(DelayedClientCall.java:453)
	at org.apache.ratis.thirdparty.io.grpc.internal.DelayedClientCall$DelayedListener.onClose(DelayedClientCall.java:486)
	at org.apache.ratis.thirdparty.io.grpc.internal.ClientCallImpl.closeObserver(ClientCallImpl.java:567)
	at org.apache.ratis.thirdparty.io.grpc.internal.ClientCallImpl.access$300(ClientCallImpl.java:71)
	at org.apache.ratis.thirdparty.io.grpc.internal.ClientCallImpl$ClientStreamListenerImpl$1StreamClosed.runInternal(ClientCallImpl.java:735)
	at org.apache.ratis.thirdparty.io.grpc.internal.ClientCallImpl$ClientStreamListenerImpl$1StreamClosed.runInContext(ClientCallImpl.java:716)
	at org.apache.ratis.thirdparty.io.grpc.internal.ContextRunnable.run(ContextRunnable.java:37)
	at org.apache.ratis.thirdparty.io.grpc.internal.SerializingExecutor.run(SerializingExecutor.java:133)
	at java.base/java.util.concurrent.ThreadPoolExecutor.runWorker(ThreadPoolExecutor.java:1128)
	at java.base/java.util.concurrent.ThreadPoolExecutor$Worker.run(ThreadPoolExecutor.java:628)
	at java.base/java.lang.Thread.run(Thread.java:829)
Caused by: java.io.IOException: org.apache.ratis.thirdparty.io.grpc.StatusRuntimeException: UNAVAILABLE: io exception
	at org.apache.ratis.grpc.GrpcUtil.unwrapException(GrpcUtil.java:99)
	at org.apache.ratis.grpc.GrpcUtil.unwrapIOException(GrpcUtil.java:159)
	at org.apache.ratis.grpc.client.GrpcClientProtocolClient$AsyncStreamObservers$1.onError(GrpcClientProtocolClient.java:330)
	... 16 more
Caused by: org.apache.ratis.thirdparty.io.grpc.StatusRuntimeException: UNAVAILABLE: io exception
	at org.apache.ratis.thirdparty.io.grpc.Status.asRuntimeException(Status.java:537)
	... 16 more
Caused by: org.apache.ratis.thirdparty.io.netty.channel.AbstractChannel$AnnotatedConnectException: finishConnect(..) failed: Connection refused: localhost/127.0.0.1:36299
Caused by: java.net.ConnectException: finishConnect(..) failed: Connection refused
	at org.apache.ratis.thirdparty.io.netty.channel.unix.Errors.newConnectException0(Errors.java:166)
	at org.apache.ratis.thirdparty.io.netty.channel.unix.Errors.handleConnectErrno(Errors.java:131)
	at org.apache.ratis.thirdparty.io.netty.channel.unix.Socket.finishConnect(Socket.java:359)
	at org.apache.ratis.thirdparty.io.netty.channel.epoll.AbstractEpollChannel$AbstractEpollUnsafe.doFinishConnect(AbstractEpollChannel.java:710)
	at org.apache.ratis.thirdparty.io.netty.channel.epoll.AbstractEpollChannel$AbstractEpollUnsafe.finishConnect(AbstractEpollChannel.java:687)
	at org.apache.ratis.thirdparty.io.netty.channel.epoll.AbstractEpollChannel$AbstractEpollUnsafe.epollOutReady(AbstractEpollChannel.java:567)
	at org.apache.ratis.thirdparty.io.netty.channel.epoll.EpollEventLoop.processReady(EpollEventLoop.java:499)
	at org.apache.ratis.thirdparty.io.netty.channel.epoll.EpollEventLoop.run(EpollEventLoop.java:407)
	at org.apache.ratis.thirdparty.io.netty.util.concurrent.SingleThreadEventExecutor$4.run(SingleThreadEventExecutor.java:997)
	at org.apache.ratis.thirdparty.io.netty.util.internal.ThreadExecutorMap$2.run(ThreadExecutorMap.java:74)
	at org.apache.ratis.thirdparty.io.netty.util.concurrent.FastThreadLocalRunnable.run(FastThreadLocalRunnable.java:30)
	at java.base/java.lang.Thread.run(Thread.java:829)
2023-12-01 03:55:49,574 [s1-server-thread1] INFO  server.RaftServer$Division (RaftServerImpl.java:setConfigurationAsync(1264)) - s1@group-B93FFF3E6E7E: receive setConfiguration SetConfigurationRequest:client-7EF651ED16B5->s1@group-B93FFF3E6E7E, cid=14, seq=null, RW, null, SET_UNCONDITIONALLY, servers:[s3|0.0.0.0:39245, s4|0.0.0.0:41791, s0|localhost:42131, s1|localhost:43397, s2|localhost:34445], listeners:[]
2023-12-01 03:55:49,574 [s1-server-thread1] INFO  server.RaftServer$Division (LeaderStateImpl.java:startSetConfiguration(488)) - s1@group-B93FFF3E6E7E-LeaderStateImpl: startSetConfiguration SetConfigurationRequest:client-7EF651ED16B5->s1@group-B93FFF3E6E7E, cid=14, seq=null, RW, null, SET_UNCONDITIONALLY, servers:[s3|0.0.0.0:39245, s4|0.0.0.0:41791, s0|localhost:42131, s1|localhost:43397, s2|localhost:34445], listeners:[]
2023-12-01 03:55:49,575 [s1-server-thread1] INFO  server.RaftServerConfigKeys (ConfUtils.java:logGet(46)) - raft.server.log.appender.snapshot.chunk.size.max = 16MB (=16777216) (default)
2023-12-01 03:55:49,575 [s1-server-thread1] INFO  server.RaftServerConfigKeys (ConfUtils.java:logGet(46)) - raft.server.log.appender.buffer.byte-limit = 4MB (=4194304) (default)
2023-12-01 03:55:49,575 [s1-server-thread1] INFO  server.RaftServerConfigKeys (ConfUtils.java:logGet(46)) - raft.server.log.appender.buffer.element-limit = 0 (default)
2023-12-01 03:55:49,575 [s1-server-thread1] INFO  server.RaftServerConfigKeys (ConfUtils.java:logGet(46)) - raft.server.log.appender.wait-time.min = 1ms (default)
2023-12-01 03:55:49,575 [s1-server-thread1] INFO  grpc.GrpcConfigKeys (ConfUtils.java:logGet(46)) - raft.grpc.server.leader.outstanding.appends.max = 8 (default)
2023-12-01 03:55:49,575 [s1-server-thread1] INFO  server.RaftServerConfigKeys (ConfUtils.java:logGet(46)) - raft.server.rpc.request.timeout = 3000ms (default)
2023-12-01 03:55:49,576 [s1-server-thread1] INFO  grpc.GrpcConfigKeys (ConfUtils.java:logGet(46)) - raft.grpc.server.install_snapshot.request.element-limit = 8 (default)
2023-12-01 03:55:49,576 [s1-server-thread1] INFO  grpc.GrpcConfigKeys (ConfUtils.java:logGet(46)) - raft.grpc.server.install_snapshot.request.timeout = 3000ms (default)
2023-12-01 03:55:49,576 [s1-server-thread1] INFO  server.RaftServerConfigKeys (ConfUtils.java:logGet(46)) - raft.server.log.appender.install.snapshot.enabled = true (default)
2023-12-01 03:55:49,576 [s1-server-thread1] INFO  grpc.GrpcConfigKeys (ConfUtils.java:logGet(46)) - raft.grpc.server.heartbeat.channel = true (default)
2023-12-01 03:55:49,576 [s1-server-thread1] INFO  server.RaftServerConfigKeys (ConfUtils.java:logGet(46)) - raft.server.log.appender.snapshot.chunk.size.max = 16MB (=16777216) (default)
2023-12-01 03:55:49,576 [s1-server-thread1] INFO  server.RaftServerConfigKeys (ConfUtils.java:logGet(46)) - raft.server.log.appender.buffer.byte-limit = 4MB (=4194304) (default)
2023-12-01 03:55:49,576 [s1-server-thread1] INFO  server.RaftServerConfigKeys (ConfUtils.java:logGet(46)) - raft.server.log.appender.buffer.element-limit = 0 (default)
2023-12-01 03:55:49,576 [s1-server-thread1] INFO  server.RaftServerConfigKeys (ConfUtils.java:logGet(46)) - raft.server.log.appender.wait-time.min = 1ms (default)
2023-12-01 03:55:49,576 [s1-server-thread1] INFO  grpc.GrpcConfigKeys (ConfUtils.java:logGet(46)) - raft.grpc.server.leader.outstanding.appends.max = 8 (default)
2023-12-01 03:55:49,576 [s1-server-thread1] INFO  server.RaftServerConfigKeys (ConfUtils.java:logGet(46)) - raft.server.rpc.request.timeout = 3000ms (default)
2023-12-01 03:55:49,577 [s1-server-thread1] INFO  grpc.GrpcConfigKeys (ConfUtils.java:logGet(46)) - raft.grpc.server.install_snapshot.request.element-limit = 8 (default)
2023-12-01 03:55:49,577 [s1-server-thread1] INFO  grpc.GrpcConfigKeys (ConfUtils.java:logGet(46)) - raft.grpc.server.install_snapshot.request.timeout = 3000ms (default)
2023-12-01 03:55:49,577 [s1-server-thread1] INFO  server.RaftServerConfigKeys (ConfUtils.java:logGet(46)) - raft.server.log.appender.install.snapshot.enabled = true (default)
2023-12-01 03:55:49,577 [s1-server-thread1] INFO  grpc.GrpcConfigKeys (ConfUtils.java:logGet(46)) - raft.grpc.server.heartbeat.channel = true (default)
2023-12-01 03:55:49,577 [s1@group-B93FFF3E6E7E->s3-GrpcLogAppender-LogAppenderDaemon] INFO  leader.FollowerInfo (FollowerInfoImpl.java:setAttemptedToInstallSnapshot(154)) - Follower s1@group-B93FFF3E6E7E->s3 acknowledged installing snapshot
2023-12-01 03:55:49,577 [s1@group-B93FFF3E6E7E->s4-GrpcLogAppender-LogAppenderDaemon] INFO  leader.FollowerInfo (FollowerInfoImpl.java:setAttemptedToInstallSnapshot(154)) - Follower s1@group-B93FFF3E6E7E->s4 acknowledged installing snapshot
2023-12-01 03:55:49,578 [s1@group-B93FFF3E6E7E->s3-GrpcLogAppender-LogAppenderDaemon] INFO  server.GrpcServerProtocolClient (GrpcServerProtocolClient.java:<init>(65)) - Build channel for s3
2023-12-01 03:55:49,578 [s1@group-B93FFF3E6E7E->s4-GrpcLogAppender-LogAppenderDaemon] INFO  server.GrpcServerProtocolClient (GrpcServerProtocolClient.java:<init>(65)) - Build channel for s4
2023-12-01 03:55:49,586 [s3-server-thread1] INFO  server.RaftServer$Division (ServerState.java:setLeader(265)) - s3@group-B93FFF3E6E7E: change Leader from null to s1 at term 1 for appendEntries, leader elected after 355ms
2023-12-01 03:55:49,587 [s4-server-thread1] INFO  server.RaftServer$Division (ServerState.java:setLeader(265)) - s4@group-B93FFF3E6E7E: change Leader from null to s1 at term 1 for appendEntries, leader elected after 354ms
2023-12-01 03:55:49,588 [s3-server-thread3] DEBUG server.RaftServer$Division (RaftServerImpl.java:logAppendEntries(1504)) - s3@group-B93FFF3E6E7E: receive appendEntries(s1, 1, null, 4, false, commits:[s1:c4, s0:c4, s2:c4, s3:c-1, s4:c-1], cId:1, entries: [(t:1, i:0), CONFIGURATIONENTRY(current:id: "s0"
address: "localhost:42131"
dataStreamAddress: "localhost:39763"
clientAddress: "localhost:41903"
adminAddress: "localhost:36935"
startupRole: FOLLOWER
,id: "s1"
address: "localhost:43397"
dataStreamAddress: "localhost:34637"
clientAddress: "localhost:45665"
adminAddress: "localhost:43233"
startupRole: FOLLOWER
,id: "s2"
address: "localhost:34445"
dataStreamAddress: "localhost:34463"
clientAddress: "localhost:33973"
adminAddress: "localhost:44199"
startupRole: FOLLOWER
, old:), (t:1, i:1), STATEMACHINELOGENTRY, 13@client-0BB1F05575FE, (t:1, i:2), METADATAENTRY(c:1), (t:1, i:3), STATEMACHINELOGENTRY, 999@client-79DD4F4D9A17, (t:1, i:4), METADATAENTRY(c:3)]
2023-12-01 03:55:49,590 [s3-server-thread3] INFO  server.RaftServer$Division (ServerState.java:setRaftConf(382)) - s3@group-B93FFF3E6E7E: set configuration 0: peers:[s0|localhost:42131, s1|localhost:43397, s2|localhost:34445]|listeners:[], old=null
2023-12-01 03:55:49,590 [s3-server-thread3] INFO  segmented.SegmentedRaftLogWorker (SegmentedRaftLogWorker.java:startLogSegment(430)) - s3@group-B93FFF3E6E7E-SegmentedRaftLogWorker: Starting segment from index:0
2023-12-01 03:55:49,590 [s3@group-B93FFF3E6E7E-SegmentedRaftLogWorker] INFO  segmented.BufferedWriteChannel (BufferedWriteChannel.java:open(62)) - open log_inprogress_0 at position 0
2023-12-01 03:55:49,594 [s4-server-thread3] DEBUG server.RaftServer$Division (RaftServerImpl.java:logAppendEntries(1504)) - s4@group-B93FFF3E6E7E: receive appendEntries(s1, 1, null, 4, false, commits:[s1:c4, s0:c4, s2:c4, s3:c-1, s4:c-1], cId:1, entries: [(t:1, i:0), CONFIGURATIONENTRY(current:id: "s0"
address: "localhost:42131"
dataStreamAddress: "localhost:39763"
clientAddress: "localhost:41903"
adminAddress: "localhost:36935"
startupRole: FOLLOWER
,id: "s1"
address: "localhost:43397"
dataStreamAddress: "localhost:34637"
clientAddress: "localhost:45665"
adminAddress: "localhost:43233"
startupRole: FOLLOWER
,id: "s2"
address: "localhost:34445"
dataStreamAddress: "localhost:34463"
clientAddress: "localhost:33973"
adminAddress: "localhost:44199"
startupRole: FOLLOWER
, old:), (t:1, i:1), STATEMACHINELOGENTRY, 13@client-0BB1F05575FE, (t:1, i:2), METADATAENTRY(c:1), (t:1, i:3), STATEMACHINELOGENTRY, 999@client-79DD4F4D9A17, (t:1, i:4), METADATAENTRY(c:3)]
2023-12-01 03:55:49,594 [s4-server-thread3] INFO  server.RaftServer$Division (ServerState.java:setRaftConf(382)) - s4@group-B93FFF3E6E7E: set configuration 0: peers:[s0|localhost:42131, s1|localhost:43397, s2|localhost:34445]|listeners:[], old=null
2023-12-01 03:55:49,594 [s4-server-thread3] INFO  segmented.SegmentedRaftLogWorker (SegmentedRaftLogWorker.java:startLogSegment(430)) - s4@group-B93FFF3E6E7E-SegmentedRaftLogWorker: Starting segment from index:0
2023-12-01 03:55:49,594 [s4@group-B93FFF3E6E7E-SegmentedRaftLogWorker] INFO  segmented.BufferedWriteChannel (BufferedWriteChannel.java:open(62)) - open log_inprogress_0 at position 0
2023-12-01 03:55:49,603 [s3@group-B93FFF3E6E7E-SegmentedRaftLogWorker] INFO  segmented.SegmentedRaftLogWorker (SegmentedRaftLogWorker.java:execute(634)) - s3@group-B93FFF3E6E7E-SegmentedRaftLogWorker: created new log segment /home/runner/work/ratis/ratis/ratis-test/target/test/data/1b1d21a/MiniRaftClusterWithGrpc65a5be97/s3/54092739-1e46-4bd5-803a-b93fff3e6e7e/current/log_inprogress_0
2023-12-01 03:55:49,604 [s4@group-B93FFF3E6E7E-SegmentedRaftLogWorker] INFO  segmented.SegmentedRaftLogWorker (SegmentedRaftLogWorker.java:execute(634)) - s4@group-B93FFF3E6E7E-SegmentedRaftLogWorker: created new log segment /home/runner/work/ratis/ratis/ratis-test/target/test/data/1b1d21a/MiniRaftClusterWithGrpc65a5be97/s4/54092739-1e46-4bd5-803a-b93fff3e6e7e/current/log_inprogress_0
2023-12-01 03:55:49,604 [s3-server-thread3] DEBUG server.RaftServer$Division (RaftServerImpl.java:logAppendEntries(1504)) - s3@group-B93FFF3E6E7E: succeeded to handle AppendEntries. Reply: s1<-s3#1:OK-t1,SUCCESS,nextIndex=5,followerCommit=4,matchIndex=4
2023-12-01 03:55:49,604 [s3@group-B93FFF3E6E7E-StateMachineUpdater] TRACE util.FileUtils (LogUtils.java:supplyAndLog(69)) - Successfully supplied FileChannel.open /home/runner/work/ratis/ratis/ratis-test/target/test/data/1b1d21a/MiniRaftClusterWithGrpc65a5be97/s3/54092739-1e46-4bd5-803a-b93fff3e6e7e/current/raft-meta.conf.tmp with options [CREATE, WRITE]: sun.nio.ch.FileChannelImpl@48ca5ac9
2023-12-01 03:55:49,604 [s4-server-thread3] DEBUG server.RaftServer$Division (RaftServerImpl.java:logAppendEntries(1504)) - s4@group-B93FFF3E6E7E: succeeded to handle AppendEntries. Reply: s1<-s4#1:OK-t1,SUCCESS,nextIndex=5,followerCommit=4,matchIndex=4
2023-12-01 03:55:49,604 [s4@group-B93FFF3E6E7E-StateMachineUpdater] TRACE util.FileUtils (LogUtils.java:supplyAndLog(69)) - Successfully supplied FileChannel.open /home/runner/work/ratis/ratis/ratis-test/target/test/data/1b1d21a/MiniRaftClusterWithGrpc65a5be97/s4/54092739-1e46-4bd5-803a-b93fff3e6e7e/current/raft-meta.conf.tmp with options [CREATE, WRITE]: sun.nio.ch.FileChannelImpl@179e02b8
2023-12-01 03:55:49,606 [s4@group-B93FFF3E6E7E-StateMachineUpdater] TRACE util.FileUtils (LogUtils.java:runAndLog(49)) - Successfully ran Atomic Files.move /home/runner/work/ratis/ratis/ratis-test/target/test/data/1b1d21a/MiniRaftClusterWithGrpc65a5be97/s4/54092739-1e46-4bd5-803a-b93fff3e6e7e/current/raft-meta.conf.tmp to /home/runner/work/ratis/ratis/ratis-test/target/test/data/1b1d21a/MiniRaftClusterWithGrpc65a5be97/s4/54092739-1e46-4bd5-803a-b93fff3e6e7e/current/raft-meta.conf with options [REPLACE_EXISTING]
2023-12-01 03:55:49,606 [s3@group-B93FFF3E6E7E-StateMachineUpdater] TRACE util.FileUtils (LogUtils.java:runAndLog(49)) - Successfully ran Atomic Files.move /home/runner/work/ratis/ratis/ratis-test/target/test/data/1b1d21a/MiniRaftClusterWithGrpc65a5be97/s3/54092739-1e46-4bd5-803a-b93fff3e6e7e/current/raft-meta.conf.tmp to /home/runner/work/ratis/ratis/ratis-test/target/test/data/1b1d21a/MiniRaftClusterWithGrpc65a5be97/s3/54092739-1e46-4bd5-803a-b93fff3e6e7e/current/raft-meta.conf with options [REPLACE_EXISTING]
2023-12-01 03:55:49,606 [s4@group-B93FFF3E6E7E-StateMachineUpdater] INFO  impl.SimpleStateMachine4Testing (SimpleStateMachine4Testing.java:applyTransaction(248)) - applyTransaction for log index 1
2023-12-01 03:55:49,608 [s4@group-B93FFF3E6E7E-StateMachineUpdater] INFO  impl.SimpleStateMachine4Testing (SimpleStateMachine4Testing.java:put(205)) - s4: put 1, first msg ... -> (t:1, i:1), STATEMACHINELOGENTRY, 13@client-0BB1F05575FE
2023-12-01 03:55:49,609 [s3@group-B93FFF3E6E7E-StateMachineUpdater] INFO  impl.SimpleStateMachine4Testing (SimpleStateMachine4Testing.java:applyTransaction(248)) - applyTransaction for log index 1
2023-12-01 03:55:49,609 [s3@group-B93FFF3E6E7E-StateMachineUpdater] INFO  impl.SimpleStateMachine4Testing (SimpleStateMachine4Testing.java:put(205)) - s3: put 1, first msg ... -> (t:1, i:1), STATEMACHINELOGENTRY, 13@client-0BB1F05575FE
2023-12-01 03:55:49,609 [s4@group-B93FFF3E6E7E-StateMachineUpdater] INFO  impl.SimpleStateMachine4Testing (SimpleStateMachine4Testing.java:applyTransaction(248)) - applyTransaction for log index 3
2023-12-01 03:55:49,609 [s4@group-B93FFF3E6E7E-StateMachineUpdater] INFO  impl.SimpleStateMachine4Testing (SimpleStateMachine4Testing.java:put(205)) - s4: put 3, message -> (t:1, i:3), STATEMACHINELOGENTRY, 999@client-79DD4F4D9A17
2023-12-01 03:55:49,609 [s3@group-B93FFF3E6E7E-StateMachineUpdater] INFO  impl.SimpleStateMachine4Testing (SimpleStateMachine4Testing.java:applyTransaction(248)) - applyTransaction for log index 3
2023-12-01 03:55:49,609 [s3@group-B93FFF3E6E7E-StateMachineUpdater] INFO  impl.SimpleStateMachine4Testing (SimpleStateMachine4Testing.java:put(205)) - s3: put 3, message -> (t:1, i:3), STATEMACHINELOGENTRY, 999@client-79DD4F4D9A17
2023-12-01 03:55:49,609 [s1@group-B93FFF3E6E7E-LeaderStateImpl] INFO  server.RaftServer$Division (ServerState.java:setRaftConf(382)) - s1@group-B93FFF3E6E7E: set configuration 5: peers:[s3|0.0.0.0:39245, s4|0.0.0.0:41791, s0|localhost:42131, s1|localhost:43397, s2|localhost:34445]|listeners:[], old=peers:[s0|localhost:42131, s1|localhost:43397, s2|localhost:34445]|listeners:[]
2023-12-01 03:55:49,611 [s0-server-thread1] DEBUG server.RaftServer$Division (RaftServerImpl.java:logAppendEntries(1504)) - s0@group-B93FFF3E6E7E: receive appendEntries(s1, 1, (t:1, i:4), 4, true, commits:[s1:c4, s0:c4, s2:c4, s3:c4, s4:c4], cId:20, entries: [(t:1, i:5), CONFIGURATIONENTRY(current:id: "s3"
address: "0.0.0.0:39245"
clientAddress: "0.0.0.0:39245"
adminAddress: "0.0.0.0:39245"
startupRole: FOLLOWER
,id: "s4"
address: "0.0.0.0:41791"
clientAddress: "0.0.0.0:41791"
adminAddress: "0.0.0.0:41791"
startupRole: FOLLOWER
,id: "s0"
address: "localhost:42131"
dataStreamAddress: "localhost:39763"
clientAddress: "localhost:41903"
adminAddress: "localhost:36935"
startupRole: FOLLOWER
,id: "s1"
address: "localhost:43397"
dataStreamAddress: "localhost:34637"
clientAddress: "localhost:45665"
adminAddress: "localhost:43233"
startupRole: FOLLOWER
,id: "s2"
address: "localhost:34445"
dataStreamAddress: "localhost:34463"
clientAddress: "localhost:33973"
adminAddress: "localhost:44199"
startupRole: FOLLOWER
, old:id: "s0"
address: "localhost:42131"
dataStreamAddress: "localhost:39763"
clientAddress: "localhost:41903"
adminAddress: "localhost:36935"
startupRole: FOLLOWER
,id: "s1"
address: "localhost:43397"
dataStreamAddress: "localhost:34637"
clientAddress: "localhost:45665"
adminAddress: "localhost:43233"
startupRole: FOLLOWER
,id: "s2"
address: "localhost:34445"
dataStreamAddress: "localhost:34463"
clientAddress: "localhost:33973"
adminAddress: "localhost:44199"
startupRole: FOLLOWER
)]
2023-12-01 03:55:49,611 [s0-server-thread1] INFO  server.RaftServer$Division (ServerState.java:setRaftConf(382)) - s0@group-B93FFF3E6E7E: set configuration 5: peers:[s3|0.0.0.0:39245, s4|0.0.0.0:41791, s0|localhost:42131, s1|localhost:43397, s2|localhost:34445]|listeners:[], old=peers:[s0|localhost:42131, s1|localhost:43397, s2|localhost:34445]|listeners:[]
2023-12-01 03:55:49,612 [s0-server-thread1] DEBUG server.RaftServer$Division (RaftServerImpl.java:logAppendEntries(1504)) - s0@group-B93FFF3E6E7E: succeeded to handle AppendEntries. Reply: s1<-s0#20:OK-t1,SUCCESS,nextIndex=6,followerCommit=4,matchIndex=5
2023-12-01 03:55:49,612 [s3-server-thread3] DEBUG server.RaftServer$Division (RaftServerImpl.java:logAppendEntries(1504)) - s3@group-B93FFF3E6E7E: receive appendEntries(s1, 1, (t:1, i:4), 4, true, commits:[s1:c4, s0:c4, s2:c4, s3:c4, s4:c4], cId:3, entries: [(t:1, i:5), CONFIGURATIONENTRY(current:id: "s3"
address: "0.0.0.0:39245"
clientAddress: "0.0.0.0:39245"
adminAddress: "0.0.0.0:39245"
startupRole: FOLLOWER
,id: "s4"
address: "0.0.0.0:41791"
clientAddress: "0.0.0.0:41791"
adminAddress: "0.0.0.0:41791"
startupRole: FOLLOWER
,id: "s0"
address: "localhost:42131"
dataStreamAddress: "localhost:39763"
clientAddress: "localhost:41903"
adminAddress: "localhost:36935"
startupRole: FOLLOWER
,id: "s1"
address: "localhost:43397"
dataStreamAddress: "localhost:34637"
clientAddress: "localhost:45665"
adminAddress: "localhost:43233"
startupRole: FOLLOWER
,id: "s2"
address: "localhost:34445"
dataStreamAddress: "localhost:34463"
clientAddress: "localhost:33973"
adminAddress: "localhost:44199"
startupRole: FOLLOWER
, old:id: "s0"
address: "localhost:42131"
dataStreamAddress: "localhost:39763"
clientAddress: "localhost:41903"
adminAddress: "localhost:36935"
startupRole: FOLLOWER
,id: "s1"
address: "localhost:43397"
dataStreamAddress: "localhost:34637"
clientAddress: "localhost:45665"
adminAddress: "localhost:43233"
startupRole: FOLLOWER
,id: "s2"
address: "localhost:34445"
dataStreamAddress: "localhost:34463"
clientAddress: "localhost:33973"
adminAddress: "localhost:44199"
startupRole: FOLLOWER
)]
2023-12-01 03:55:49,612 [s3-server-thread3] INFO  server.RaftServer$Division (ServerState.java:setRaftConf(382)) - s3@group-B93FFF3E6E7E: set configuration 5: peers:[s3|0.0.0.0:39245, s4|0.0.0.0:41791, s0|localhost:42131, s1|localhost:43397, s2|localhost:34445]|listeners:[], old=peers:[s0|localhost:42131, s1|localhost:43397, s2|localhost:34445]|listeners:[]
2023-12-01 03:55:49,613 [s3-server-thread3] DEBUG server.RaftServer$Division (RaftServerImpl.java:logAppendEntries(1504)) - s3@group-B93FFF3E6E7E: succeeded to handle AppendEntries. Reply: s1<-s3#3:OK-t1,SUCCESS,nextIndex=6,followerCommit=4,matchIndex=5
2023-12-01 03:55:49,613 [s4-server-thread3] DEBUG server.RaftServer$Division (RaftServerImpl.java:logAppendEntries(1504)) - s4@group-B93FFF3E6E7E: receive appendEntries(s1, 1, (t:1, i:4), 4, true, commits:[s1:c4, s0:c4, s2:c4, s3:c4, s4:c4], cId:3, entries: [(t:1, i:5), CONFIGURATIONENTRY(current:id: "s3"
address: "0.0.0.0:39245"
clientAddress: "0.0.0.0:39245"
adminAddress: "0.0.0.0:39245"
startupRole: FOLLOWER
,id: "s4"
address: "0.0.0.0:41791"
clientAddress: "0.0.0.0:41791"
adminAddress: "0.0.0.0:41791"
startupRole: FOLLOWER
,id: "s0"
address: "localhost:42131"
dataStreamAddress: "localhost:39763"
clientAddress: "localhost:41903"
adminAddress: "localhost:36935"
startupRole: FOLLOWER
,id: "s1"
address: "localhost:43397"
dataStreamAddress: "localhost:34637"
clientAddress: "localhost:45665"
adminAddress: "localhost:43233"
startupRole: FOLLOWER
,id: "s2"
address: "localhost:34445"
dataStreamAddress: "localhost:34463"
clientAddress: "localhost:33973"
adminAddress: "localhost:44199"
startupRole: FOLLOWER
, old:id: "s0"
address: "localhost:42131"
dataStreamAddress: "localhost:39763"
clientAddress: "localhost:41903"
adminAddress: "localhost:36935"
startupRole: FOLLOWER
,id: "s1"
address: "localhost:43397"
dataStreamAddress: "localhost:34637"
clientAddress: "localhost:45665"
adminAddress: "localhost:43233"
startupRole: FOLLOWER
,id: "s2"
address: "localhost:34445"
dataStreamAddress: "localhost:34463"
clientAddress: "localhost:33973"
adminAddress: "localhost:44199"
startupRole: FOLLOWER
)]
2023-12-01 03:55:49,613 [s4-server-thread3] INFO  server.RaftServer$Division (ServerState.java:setRaftConf(382)) - s4@group-B93FFF3E6E7E: set configuration 5: peers:[s3|0.0.0.0:39245, s4|0.0.0.0:41791, s0|localhost:42131, s1|localhost:43397, s2|localhost:34445]|listeners:[], old=peers:[s0|localhost:42131, s1|localhost:43397, s2|localhost:34445]|listeners:[]
2023-12-01 03:55:49,614 [s1@group-B93FFF3E6E7E-StateMachineUpdater] TRACE util.FileUtils (LogUtils.java:supplyAndLog(69)) - Successfully supplied FileChannel.open /home/runner/work/ratis/ratis/ratis-test/target/test/data/1b1d21a/MiniRaftClusterWithGrpc65a5be97/s1/54092739-1e46-4bd5-803a-b93fff3e6e7e/current/raft-meta.conf.tmp with options [CREATE, WRITE]: sun.nio.ch.FileChannelImpl@149221bf
2023-12-01 03:55:49,614 [s2-server-thread2] DEBUG server.RaftServer$Division (RaftServerImpl.java:logAppendEntries(1504)) - s2@group-B93FFF3E6E7E: receive appendEntries(s1, 1, (t:1, i:4), 4, true, commits:[s1:c4, s0:c4, s2:c4, s3:c4, s4:c4], cId:18, entries: [(t:1, i:5), CONFIGURATIONENTRY(current:id: "s3"
address: "0.0.0.0:39245"
clientAddress: "0.0.0.0:39245"
adminAddress: "0.0.0.0:39245"
startupRole: FOLLOWER
,id: "s4"
address: "0.0.0.0:41791"
clientAddress: "0.0.0.0:41791"
adminAddress: "0.0.0.0:41791"
startupRole: FOLLOWER
,id: "s0"
address: "localhost:42131"
dataStreamAddress: "localhost:39763"
clientAddress: "localhost:41903"
adminAddress: "localhost:36935"
startupRole: FOLLOWER
,id: "s1"
address: "localhost:43397"
dataStreamAddress: "localhost:34637"
clientAddress: "localhost:45665"
adminAddress: "localhost:43233"
startupRole: FOLLOWER
,id: "s2"
address: "localhost:34445"
dataStreamAddress: "localhost:34463"
clientAddress: "localhost:33973"
adminAddress: "localhost:44199"
startupRole: FOLLOWER
, old:id: "s0"
address: "localhost:42131"
dataStreamAddress: "localhost:39763"
clientAddress: "localhost:41903"
adminAddress: "localhost:36935"
startupRole: FOLLOWER
,id: "s1"
address: "localhost:43397"
dataStreamAddress: "localhost:34637"
clientAddress: "localhost:45665"
adminAddress: "localhost:43233"
startupRole: FOLLOWER
,id: "s2"
address: "localhost:34445"
dataStreamAddress: "localhost:34463"
clientAddress: "localhost:33973"
adminAddress: "localhost:44199"
startupRole: FOLLOWER
)]
2023-12-01 03:55:49,614 [s2-server-thread2] INFO  server.RaftServer$Division (ServerState.java:setRaftConf(382)) - s2@group-B93FFF3E6E7E: set configuration 5: peers:[s3|0.0.0.0:39245, s4|0.0.0.0:41791, s0|localhost:42131, s1|localhost:43397, s2|localhost:34445]|listeners:[], old=peers:[s0|localhost:42131, s1|localhost:43397, s2|localhost:34445]|listeners:[]
2023-12-01 03:55:49,615 [s2-server-thread2] DEBUG server.RaftServer$Division (RaftServerImpl.java:logAppendEntries(1504)) - s2@group-B93FFF3E6E7E: succeeded to handle AppendEntries. Reply: s1<-s2#18:OK-t1,SUCCESS,nextIndex=6,followerCommit=4,matchIndex=5
2023-12-01 03:55:49,615 [s2-server-thread3] DEBUG server.RaftServer$Division (RaftServerImpl.java:logAppendEntries(1504)) - s2@group-B93FFF3E6E7E: receive appendEntries(s1, 1, (t:1, i:5), 5, true, commits:[s1:c5, s0:c4, s2:c4, s3:c4, s4:c4], cId:19, entries: [(t:1, i:6), METADATAENTRY(c:5)]
2023-12-01 03:55:49,615 [s0-server-thread1] DEBUG server.RaftServer$Division (RaftServerImpl.java:logAppendEntries(1504)) - s0@group-B93FFF3E6E7E: receive appendEntries(s1, 1, (t:1, i:5), 5, true, commits:[s1:c5, s0:c4, s2:c4, s3:c4, s4:c4], cId:21, entries: [(t:1, i:6), METADATAENTRY(c:5)]
2023-12-01 03:55:49,615 [s4-server-thread3] DEBUG server.RaftServer$Division (RaftServerImpl.java:logAppendEntries(1504)) - s4@group-B93FFF3E6E7E: succeeded to handle AppendEntries. Reply: s1<-s4#3:OK-t1,SUCCESS,nextIndex=6,followerCommit=4,matchIndex=5
2023-12-01 03:55:49,616 [s0-server-thread1] DEBUG server.RaftServer$Division (RaftServerImpl.java:logAppendEntries(1504)) - s0@group-B93FFF3E6E7E: succeeded to handle AppendEntries. Reply: s1<-s0#21:OK-t1,SUCCESS,nextIndex=7,followerCommit=5,matchIndex=6
2023-12-01 03:55:49,616 [s0@group-B93FFF3E6E7E-StateMachineUpdater] TRACE util.FileUtils (LogUtils.java:supplyAndLog(69)) - Successfully supplied FileChannel.open /home/runner/work/ratis/ratis/ratis-test/target/test/data/1b1d21a/MiniRaftClusterWithGrpc65a5be97/s0/54092739-1e46-4bd5-803a-b93fff3e6e7e/current/raft-meta.conf.tmp with options [CREATE, WRITE]: sun.nio.ch.FileChannelImpl@504f443c
2023-12-01 03:55:49,616 [s2-server-thread2] DEBUG server.RaftServer$Division (RaftServerImpl.java:logAppendEntries(1504)) - s2@group-B93FFF3E6E7E: succeeded to handle AppendEntries. Reply: s1<-s2#19:OK-t1,SUCCESS,nextIndex=7,followerCommit=5,matchIndex=6
2023-12-01 03:55:49,617 [s2@group-B93FFF3E6E7E-StateMachineUpdater] TRACE util.FileUtils (LogUtils.java:supplyAndLog(69)) - Successfully supplied FileChannel.open /home/runner/work/ratis/ratis/ratis-test/target/test/data/1b1d21a/MiniRaftClusterWithGrpc65a5be97/s2/54092739-1e46-4bd5-803a-b93fff3e6e7e/current/raft-meta.conf.tmp with options [CREATE, WRITE]: sun.nio.ch.FileChannelImpl@7d992493
2023-12-01 03:55:49,617 [s1@group-B93FFF3E6E7E-LeaderStateImpl] INFO  server.RaftServer$Division (ServerState.java:setRaftConf(382)) - s1@group-B93FFF3E6E7E: set configuration 7: peers:[s3|0.0.0.0:39245, s4|0.0.0.0:41791, s0|localhost:42131, s1|localhost:43397, s2|localhost:34445]|listeners:[], old=null
2023-12-01 03:55:49,618 [s4-server-thread3] DEBUG server.RaftServer$Division (RaftServerImpl.java:logAppendEntries(1504)) - s4@group-B93FFF3E6E7E: receive appendEntries(s1, 1, (t:1, i:5), 5, true, commits:[s1:c5, s0:c4, s2:c4, s3:c4, s4:c4], cId:4, entries: [(t:1, i:6), METADATAENTRY(c:5), (t:1, i:7), CONFIGURATIONENTRY(current:id: "s3"
address: "0.0.0.0:39245"
clientAddress: "0.0.0.0:39245"
adminAddress: "0.0.0.0:39245"
startupRole: FOLLOWER
,id: "s4"
address: "0.0.0.0:41791"
clientAddress: "0.0.0.0:41791"
adminAddress: "0.0.0.0:41791"
startupRole: FOLLOWER
,id: "s0"
address: "localhost:42131"
dataStreamAddress: "localhost:39763"
clientAddress: "localhost:41903"
adminAddress: "localhost:36935"
startupRole: FOLLOWER
,id: "s1"
address: "localhost:43397"
dataStreamAddress: "localhost:34637"
clientAddress: "localhost:45665"
adminAddress: "localhost:43233"
startupRole: FOLLOWER
,id: "s2"
address: "localhost:34445"
dataStreamAddress: "localhost:34463"
clientAddress: "localhost:33973"
adminAddress: "localhost:44199"
startupRole: FOLLOWER
, old:)]
2023-12-01 03:55:49,618 [s4-server-thread3] INFO  server.RaftServer$Division (ServerState.java:setRaftConf(382)) - s4@group-B93FFF3E6E7E: set configuration 7: peers:[s3|0.0.0.0:39245, s4|0.0.0.0:41791, s0|localhost:42131, s1|localhost:43397, s2|localhost:34445]|listeners:[], old=null
2023-12-01 03:55:49,616 [s1@group-B93FFF3E6E7E-StateMachineUpdater] TRACE util.FileUtils (LogUtils.java:runAndLog(49)) - Successfully ran Atomic Files.move /home/runner/work/ratis/ratis/ratis-test/target/test/data/1b1d21a/MiniRaftClusterWithGrpc65a5be97/s1/54092739-1e46-4bd5-803a-b93fff3e6e7e/current/raft-meta.conf.tmp to /home/runner/work/ratis/ratis/ratis-test/target/test/data/1b1d21a/MiniRaftClusterWithGrpc65a5be97/s1/54092739-1e46-4bd5-803a-b93fff3e6e7e/current/raft-meta.conf with options [REPLACE_EXISTING]
2023-12-01 03:55:49,619 [s2-server-thread2] DEBUG server.RaftServer$Division (RaftServerImpl.java:logAppendEntries(1504)) - s2@group-B93FFF3E6E7E: receive appendEntries(s1, 1, (t:1, i:6), 5, true, commits:[s1:c5, s0:c4, s2:c4, s3:c4, s4:c4], cId:20, entries: [(t:1, i:7), CONFIGURATIONENTRY(current:id: "s3"
address: "0.0.0.0:39245"
clientAddress: "0.0.0.0:39245"
adminAddress: "0.0.0.0:39245"
startupRole: FOLLOWER
,id: "s4"
address: "0.0.0.0:41791"
clientAddress: "0.0.0.0:41791"
adminAddress: "0.0.0.0:41791"
startupRole: FOLLOWER
,id: "s0"
address: "localhost:42131"
dataStreamAddress: "localhost:39763"
clientAddress: "localhost:41903"
adminAddress: "localhost:36935"
startupRole: FOLLOWER
,id: "s1"
address: "localhost:43397"
dataStreamAddress: "localhost:34637"
clientAddress: "localhost:45665"
adminAddress: "localhost:43233"
startupRole: FOLLOWER
,id: "s2"
address: "localhost:34445"
dataStreamAddress: "localhost:34463"
clientAddress: "localhost:33973"
adminAddress: "localhost:44199"
startupRole: FOLLOWER
, old:)]
2023-12-01 03:55:49,619 [s2-server-thread2] INFO  server.RaftServer$Division (ServerState.java:setRaftConf(382)) - s2@group-B93FFF3E6E7E: set configuration 7: peers:[s3|0.0.0.0:39245, s4|0.0.0.0:41791, s0|localhost:42131, s1|localhost:43397, s2|localhost:34445]|listeners:[], old=null
2023-12-01 03:55:49,619 [s0@group-B93FFF3E6E7E-StateMachineUpdater] TRACE util.FileUtils (LogUtils.java:runAndLog(49)) - Successfully ran Atomic Files.move /home/runner/work/ratis/ratis/ratis-test/target/test/data/1b1d21a/MiniRaftClusterWithGrpc65a5be97/s0/54092739-1e46-4bd5-803a-b93fff3e6e7e/current/raft-meta.conf.tmp to /home/runner/work/ratis/ratis/ratis-test/target/test/data/1b1d21a/MiniRaftClusterWithGrpc65a5be97/s0/54092739-1e46-4bd5-803a-b93fff3e6e7e/current/raft-meta.conf with options [REPLACE_EXISTING]
2023-12-01 03:55:49,619 [s2@group-B93FFF3E6E7E-StateMachineUpdater] TRACE util.FileUtils (LogUtils.java:runAndLog(49)) - Successfully ran Atomic Files.move /home/runner/work/ratis/ratis/ratis-test/target/test/data/1b1d21a/MiniRaftClusterWithGrpc65a5be97/s2/54092739-1e46-4bd5-803a-b93fff3e6e7e/current/raft-meta.conf.tmp to /home/runner/work/ratis/ratis/ratis-test/target/test/data/1b1d21a/MiniRaftClusterWithGrpc65a5be97/s2/54092739-1e46-4bd5-803a-b93fff3e6e7e/current/raft-meta.conf with options [REPLACE_EXISTING]
2023-12-01 03:55:49,620 [s3-server-thread3] DEBUG server.RaftServer$Division (RaftServerImpl.java:logAppendEntries(1504)) - s3@group-B93FFF3E6E7E: receive appendEntries(s1, 1, (t:1, i:5), 5, true, commits:[s1:c5, s0:c4, s2:c4, s3:c4, s4:c4], cId:4, entries: [(t:1, i:6), METADATAENTRY(c:5), (t:1, i:7), CONFIGURATIONENTRY(current:id: "s3"
address: "0.0.0.0:39245"
clientAddress: "0.0.0.0:39245"
adminAddress: "0.0.0.0:39245"
startupRole: FOLLOWER
,id: "s4"
address: "0.0.0.0:41791"
clientAddress: "0.0.0.0:41791"
adminAddress: "0.0.0.0:41791"
startupRole: FOLLOWER
,id: "s0"
address: "localhost:42131"
dataStreamAddress: "localhost:39763"
clientAddress: "localhost:41903"
adminAddress: "localhost:36935"
startupRole: FOLLOWER
,id: "s1"
address: "localhost:43397"
dataStreamAddress: "localhost:34637"
clientAddress: "localhost:45665"
adminAddress: "localhost:43233"
startupRole: FOLLOWER
,id: "s2"
address: "localhost:34445"
dataStreamAddress: "localhost:34463"
clientAddress: "localhost:33973"
adminAddress: "localhost:44199"
startupRole: FOLLOWER
, old:)]
2023-12-01 03:55:49,620 [s2-server-thread2] DEBUG server.RaftServer$Division (RaftServerImpl.java:logAppendEntries(1504)) - s2@group-B93FFF3E6E7E: succeeded to handle AppendEntries. Reply: s1<-s2#20:OK-t1,SUCCESS,nextIndex=8,followerCommit=5,matchIndex=7
2023-12-01 03:55:49,620 [s3-server-thread3] INFO  server.RaftServer$Division (ServerState.java:setRaftConf(382)) - s3@group-B93FFF3E6E7E: set configuration 7: peers:[s3|0.0.0.0:39245, s4|0.0.0.0:41791, s0|localhost:42131, s1|localhost:43397, s2|localhost:34445]|listeners:[], old=null
2023-12-01 03:55:49,620 [s0-server-thread1] DEBUG server.RaftServer$Division (RaftServerImpl.java:logAppendEntries(1504)) - s0@group-B93FFF3E6E7E: receive appendEntries(s1, 1, (t:1, i:6), 5, true, commits:[s1:c5, s0:c4, s2:c4, s3:c4, s4:c4], cId:22, entries: [(t:1, i:7), CONFIGURATIONENTRY(current:id: "s3"
address: "0.0.0.0:39245"
clientAddress: "0.0.0.0:39245"
adminAddress: "0.0.0.0:39245"
startupRole: FOLLOWER
,id: "s4"
address: "0.0.0.0:41791"
clientAddress: "0.0.0.0:41791"
adminAddress: "0.0.0.0:41791"
startupRole: FOLLOWER
,id: "s0"
address: "localhost:42131"
dataStreamAddress: "localhost:39763"
clientAddress: "localhost:41903"
adminAddress: "localhost:36935"
startupRole: FOLLOWER
,id: "s1"
address: "localhost:43397"
dataStreamAddress: "localhost:34637"
clientAddress: "localhost:45665"
adminAddress: "localhost:43233"
startupRole: FOLLOWER
,id: "s2"
address: "localhost:34445"
dataStreamAddress: "localhost:34463"
clientAddress: "localhost:33973"
adminAddress: "localhost:44199"
startupRole: FOLLOWER
, old:)]
2023-12-01 03:55:49,620 [s0-server-thread1] INFO  server.RaftServer$Division (ServerState.java:setRaftConf(382)) - s0@group-B93FFF3E6E7E: set configuration 7: peers:[s3|0.0.0.0:39245, s4|0.0.0.0:41791, s0|localhost:42131, s1|localhost:43397, s2|localhost:34445]|listeners:[], old=null
2023-12-01 03:55:49,621 [s0-server-thread1] DEBUG server.RaftServer$Division (RaftServerImpl.java:logAppendEntries(1504)) - s0@group-B93FFF3E6E7E: succeeded to handle AppendEntries. Reply: s1<-s0#22:OK-t1,SUCCESS,nextIndex=8,followerCommit=5,matchIndex=7
2023-12-01 03:55:49,621 [s3-server-thread3] DEBUG server.RaftServer$Division (RaftServerImpl.java:logAppendEntries(1504)) - s3@group-B93FFF3E6E7E: succeeded to handle AppendEntries. Reply: s1<-s3#4:OK-t1,SUCCESS,nextIndex=8,followerCommit=5,matchIndex=7
2023-12-01 03:55:49,621 [s3@group-B93FFF3E6E7E-StateMachineUpdater] TRACE util.FileUtils (LogUtils.java:supplyAndLog(69)) - Successfully supplied FileChannel.open /home/runner/work/ratis/ratis/ratis-test/target/test/data/1b1d21a/MiniRaftClusterWithGrpc65a5be97/s3/54092739-1e46-4bd5-803a-b93fff3e6e7e/current/raft-meta.conf.tmp with options [CREATE, WRITE]: sun.nio.ch.FileChannelImpl@460dbda0
2023-12-01 03:55:49,622 [s1@group-B93FFF3E6E7E-StateMachineUpdater] TRACE util.FileUtils (LogUtils.java:supplyAndLog(69)) - Successfully supplied FileChannel.open /home/runner/work/ratis/ratis/ratis-test/target/test/data/1b1d21a/MiniRaftClusterWithGrpc65a5be97/s1/54092739-1e46-4bd5-803a-b93fff3e6e7e/current/raft-meta.conf.tmp with options [CREATE, WRITE]: sun.nio.ch.FileChannelImpl@5190ad49
2023-12-01 03:55:49,624 [s3@group-B93FFF3E6E7E-StateMachineUpdater] TRACE util.FileUtils (LogUtils.java:runAndLog(49)) - Successfully ran Atomic Files.move /home/runner/work/ratis/ratis/ratis-test/target/test/data/1b1d21a/MiniRaftClusterWithGrpc65a5be97/s3/54092739-1e46-4bd5-803a-b93fff3e6e7e/current/raft-meta.conf.tmp to /home/runner/work/ratis/ratis/ratis-test/target/test/data/1b1d21a/MiniRaftClusterWithGrpc65a5be97/s3/54092739-1e46-4bd5-803a-b93fff3e6e7e/current/raft-meta.conf with options [REPLACE_EXISTING]
2023-12-01 03:55:49,625 [s1@group-B93FFF3E6E7E-StateMachineUpdater] TRACE util.FileUtils (LogUtils.java:runAndLog(49)) - Successfully ran Atomic Files.move /home/runner/work/ratis/ratis/ratis-test/target/test/data/1b1d21a/MiniRaftClusterWithGrpc65a5be97/s1/54092739-1e46-4bd5-803a-b93fff3e6e7e/current/raft-meta.conf.tmp to /home/runner/work/ratis/ratis/ratis-test/target/test/data/1b1d21a/MiniRaftClusterWithGrpc65a5be97/s1/54092739-1e46-4bd5-803a-b93fff3e6e7e/current/raft-meta.conf with options [REPLACE_EXISTING]
2023-12-01 03:55:49,625 [s3-server-thread3] DEBUG server.RaftServer$Division (RaftServerImpl.java:logAppendEntries(1504)) - s3@group-B93FFF3E6E7E: receive appendEntries(s1, 1, (t:1, i:7), 7, true, commits:[s1:c7, s0:c5, s2:c5, s3:c5, s4:c4], cId:9, entries: [(t:1, i:8), METADATAENTRY(c:7)]
2023-12-01 03:55:49,625 [s4@group-B93FFF3E6E7E-StateMachineUpdater] TRACE util.FileUtils (LogUtils.java:supplyAndLog(69)) - Successfully supplied FileChannel.open /home/runner/work/ratis/ratis/ratis-test/target/test/data/1b1d21a/MiniRaftClusterWithGrpc65a5be97/s4/54092739-1e46-4bd5-803a-b93fff3e6e7e/current/raft-meta.conf.tmp with options [CREATE, WRITE]: sun.nio.ch.FileChannelImpl@1959fe3b
2023-12-01 03:55:49,625 [s4-server-thread2] DEBUG server.RaftServer$Division (RaftServerImpl.java:logAppendEntries(1504)) - s4@group-B93FFF3E6E7E: receive appendEntries(s1, 1, (t:1, i:7), 7, true, commits:[s1:c7, s0:c5, s2:c5, s3:c5, s4:c4], cId:9, entries: [(t:1, i:8), METADATAENTRY(c:7)]
2023-12-01 03:55:49,625 [s2-server-thread2] DEBUG server.RaftServer$Division (RaftServerImpl.java:logAppendEntries(1504)) - s2@group-B93FFF3E6E7E: receive appendEntries(s1, 1, (t:1, i:7), 7, true, commits:[s1:c7, s0:c5, s2:c5, s3:c5, s4:c4], cId:24, entries: [(t:1, i:8), METADATAENTRY(c:7)]
2023-12-01 03:55:49,625 [s0-server-thread1] DEBUG server.RaftServer$Division (RaftServerImpl.java:logAppendEntries(1504)) - s0@group-B93FFF3E6E7E: receive appendEntries(s1, 1, (t:1, i:7), 7, true, commits:[s1:c7, s0:c5, s2:c5, s3:c5, s4:c4], cId:27, entries: [(t:1, i:8), METADATAENTRY(c:7)]
2023-12-01 03:55:49,625 [s3-server-thread3] DEBUG server.RaftServer$Division (RaftServerImpl.java:logAppendEntries(1504)) - s3@group-B93FFF3E6E7E: succeeded to handle AppendEntries. Reply: s1<-s3#9:OK-t1,SUCCESS,nextIndex=9,followerCommit=7,matchIndex=8
2023-12-01 03:55:49,626 [s2-server-thread2] DEBUG server.RaftServer$Division (RaftServerImpl.java:logAppendEntries(1504)) - s2@group-B93FFF3E6E7E: succeeded to handle AppendEntries. Reply: s1<-s2#24:OK-t1,SUCCESS,nextIndex=9,followerCommit=7,matchIndex=8
2023-12-01 03:55:49,626 [s0-server-thread1] DEBUG server.RaftServer$Division (RaftServerImpl.java:logAppendEntries(1504)) - s0@group-B93FFF3E6E7E: succeeded to handle AppendEntries. Reply: s1<-s0#27:OK-t1,SUCCESS,nextIndex=9,followerCommit=7,matchIndex=8
2023-12-01 03:55:49,626 [s0@group-B93FFF3E6E7E-StateMachineUpdater] TRACE util.FileUtils (LogUtils.java:supplyAndLog(69)) - Successfully supplied FileChannel.open /home/runner/work/ratis/ratis/ratis-test/target/test/data/1b1d21a/MiniRaftClusterWithGrpc65a5be97/s0/54092739-1e46-4bd5-803a-b93fff3e6e7e/current/raft-meta.conf.tmp with options [CREATE, WRITE]: sun.nio.ch.FileChannelImpl@5470caed
2023-12-01 03:55:49,627 [s4-server-thread3] DEBUG server.RaftServer$Division (RaftServerImpl.java:logAppendEntries(1504)) - s4@group-B93FFF3E6E7E: succeeded to handle AppendEntries. Reply: s1<-s4#4:OK-t1,SUCCESS,nextIndex=8,followerCommit=5,matchIndex=7
2023-12-01 03:55:49,627 [s4@group-B93FFF3E6E7E-StateMachineUpdater] TRACE util.FileUtils (LogUtils.java:runAndLog(49)) - Successfully ran Atomic Files.move /home/runner/work/ratis/ratis/ratis-test/target/test/data/1b1d21a/MiniRaftClusterWithGrpc65a5be97/s4/54092739-1e46-4bd5-803a-b93fff3e6e7e/current/raft-meta.conf.tmp to /home/runner/work/ratis/ratis/ratis-test/target/test/data/1b1d21a/MiniRaftClusterWithGrpc65a5be97/s4/54092739-1e46-4bd5-803a-b93fff3e6e7e/current/raft-meta.conf with options [REPLACE_EXISTING]
2023-12-01 03:55:49,628 [s2@group-B93FFF3E6E7E-StateMachineUpdater] TRACE util.FileUtils (LogUtils.java:supplyAndLog(69)) - Successfully supplied FileChannel.open /home/runner/work/ratis/ratis/ratis-test/target/test/data/1b1d21a/MiniRaftClusterWithGrpc65a5be97/s2/54092739-1e46-4bd5-803a-b93fff3e6e7e/current/raft-meta.conf.tmp with options [CREATE, WRITE]: sun.nio.ch.FileChannelImpl@79a6aff8
2023-12-01 03:55:49,628 [s4-server-thread2] DEBUG server.RaftServer$Division (RaftServerImpl.java:logAppendEntries(1504)) - s4@group-B93FFF3E6E7E: succeeded to handle AppendEntries. Reply: s1<-s4#9:OK-t1,SUCCESS,nextIndex=9,followerCommit=7,matchIndex=8
2023-12-01 03:55:49,628 [s4@group-B93FFF3E6E7E-StateMachineUpdater] TRACE util.FileUtils (LogUtils.java:supplyAndLog(69)) - Successfully supplied FileChannel.open /home/runner/work/ratis/ratis/ratis-test/target/test/data/1b1d21a/MiniRaftClusterWithGrpc65a5be97/s4/54092739-1e46-4bd5-803a-b93fff3e6e7e/current/raft-meta.conf.tmp with options [CREATE, WRITE]: sun.nio.ch.FileChannelImpl@1d6669c8
2023-12-01 03:55:49,629 [s3@group-B93FFF3E6E7E-StateMachineUpdater] TRACE util.FileUtils (LogUtils.java:supplyAndLog(69)) - Successfully supplied FileChannel.open /home/runner/work/ratis/ratis/ratis-test/target/test/data/1b1d21a/MiniRaftClusterWithGrpc65a5be97/s3/54092739-1e46-4bd5-803a-b93fff3e6e7e/current/raft-meta.conf.tmp with options [CREATE, WRITE]: sun.nio.ch.FileChannelImpl@423231b9
2023-12-01 03:55:49,629 [s2@group-B93FFF3E6E7E-StateMachineUpdater] TRACE util.FileUtils (LogUtils.java:runAndLog(49)) - Successfully ran Atomic Files.move /home/runner/work/ratis/ratis/ratis-test/target/test/data/1b1d21a/MiniRaftClusterWithGrpc65a5be97/s2/54092739-1e46-4bd5-803a-b93fff3e6e7e/current/raft-meta.conf.tmp to /home/runner/work/ratis/ratis/ratis-test/target/test/data/1b1d21a/MiniRaftClusterWithGrpc65a5be97/s2/54092739-1e46-4bd5-803a-b93fff3e6e7e/current/raft-meta.conf with options [REPLACE_EXISTING]
2023-12-01 03:55:49,630 [s4@group-B93FFF3E6E7E-StateMachineUpdater] TRACE util.FileUtils (LogUtils.java:runAndLog(49)) - Successfully ran Atomic Files.move /home/runner/work/ratis/ratis/ratis-test/target/test/data/1b1d21a/MiniRaftClusterWithGrpc65a5be97/s4/54092739-1e46-4bd5-803a-b93fff3e6e7e/current/raft-meta.conf.tmp to /home/runner/work/ratis/ratis/ratis-test/target/test/data/1b1d21a/MiniRaftClusterWithGrpc65a5be97/s4/54092739-1e46-4bd5-803a-b93fff3e6e7e/current/raft-meta.conf with options [REPLACE_EXISTING]
2023-12-01 03:55:49,634 [s3@group-B93FFF3E6E7E-StateMachineUpdater] TRACE util.FileUtils (LogUtils.java:runAndLog(49)) - Successfully ran Atomic Files.move /home/runner/work/ratis/ratis/ratis-test/target/test/data/1b1d21a/MiniRaftClusterWithGrpc65a5be97/s3/54092739-1e46-4bd5-803a-b93fff3e6e7e/current/raft-meta.conf.tmp to /home/runner/work/ratis/ratis/ratis-test/target/test/data/1b1d21a/MiniRaftClusterWithGrpc65a5be97/s3/54092739-1e46-4bd5-803a-b93fff3e6e7e/current/raft-meta.conf with options [REPLACE_EXISTING]
2023-12-01 03:55:49,637 [s0@group-B93FFF3E6E7E-StateMachineUpdater] TRACE util.FileUtils (LogUtils.java:runAndLog(49)) - Successfully ran Atomic Files.move /home/runner/work/ratis/ratis/ratis-test/target/test/data/1b1d21a/MiniRaftClusterWithGrpc65a5be97/s0/54092739-1e46-4bd5-803a-b93fff3e6e7e/current/raft-meta.conf.tmp to /home/runner/work/ratis/ratis/ratis-test/target/test/data/1b1d21a/MiniRaftClusterWithGrpc65a5be97/s0/54092739-1e46-4bd5-803a-b93fff3e6e7e/current/raft-meta.conf with options [REPLACE_EXISTING]
2023-12-01 03:55:49,641 [Time-limited test] INFO  impl.MiniRaftCluster (MiniRaftCluster.java:setConfiguration(819)) - Start changing the configuration: [s3|0.0.0.0:39245, s4|0.0.0.0:41791, s2|localhost:34445]
2023-12-01 03:55:49,645 [s3-server-thread3] INFO  server.RaftServer$Division (RaftServerImpl.java:setConfigurationAsync(1264)) - s3@group-B93FFF3E6E7E: receive setConfiguration SetConfigurationRequest:client-7896FECDAEE6->s3@group-B93FFF3E6E7E, cid=15, seq=null, RW, null, SET_UNCONDITIONALLY, servers:[s3|0.0.0.0:39245, s4|0.0.0.0:41791, s2|localhost:34445], listeners:[]
2023-12-01 03:55:49,656 [grpc-default-executor-11] ERROR impl.OrderedAsync (OrderedAsync.java:lambda$sendRequest$9(247)) - client-915AA7F58988: Failed* RaftClientRequest:client-915AA7F58988->s0@group-FB8FFDFFFB35, cid=6, seq=1*, Watch(0), null
java.util.concurrent.CompletionException: java.io.IOException: org.apache.ratis.thirdparty.io.grpc.StatusRuntimeException: UNAVAILABLE: io exception
	at java.base/java.util.concurrent.CompletableFuture.encodeThrowable(CompletableFuture.java:331)
	at java.base/java.util.concurrent.CompletableFuture.completeThrowable(CompletableFuture.java:346)
	at java.base/java.util.concurrent.CompletableFuture$UniApply.tryFire(CompletableFuture.java:632)
	at java.base/java.util.concurrent.CompletableFuture.postComplete(CompletableFuture.java:506)
	at java.base/java.util.concurrent.CompletableFuture.completeExceptionally(CompletableFuture.java:2094)
	at org.apache.ratis.grpc.client.GrpcClientProtocolClient$AsyncStreamObservers.completeReplyExceptionally(GrpcClientProtocolClient.java:394)
	at org.apache.ratis.grpc.client.GrpcClientProtocolClient$AsyncStreamObservers.access$000(GrpcClientProtocolClient.java:300)
	at org.apache.ratis.grpc.client.GrpcClientProtocolClient$AsyncStreamObservers$1.onError(GrpcClientProtocolClient.java:331)
	at org.apache.ratis.thirdparty.io.grpc.stub.ClientCalls$StreamObserverToCallListenerAdapter.onClose(ClientCalls.java:481)
	at org.apache.ratis.thirdparty.io.grpc.PartialForwardingClientCallListener.onClose(PartialForwardingClientCallListener.java:39)
	at org.apache.ratis.thirdparty.io.grpc.ForwardingClientCallListener.onClose(ForwardingClientCallListener.java:23)
	at org.apache.ratis.grpc.metrics.intercept.client.MetricClientCallListener.onClose(MetricClientCallListener.java:47)
	at org.apache.ratis.thirdparty.io.grpc.internal.DelayedClientCall$DelayedListener$3.run(DelayedClientCall.java:489)
	at org.apache.ratis.thirdparty.io.grpc.internal.DelayedClientCall$DelayedListener.drainPendingCallbacks(DelayedClientCall.java:528)
	at org.apache.ratis.thirdparty.io.grpc.internal.DelayedClientCall$1DrainListenerRunnable.runInContext(DelayedClientCall.java:317)
	at org.apache.ratis.thirdparty.io.grpc.internal.ContextRunnable.run(ContextRunnable.java:37)
	at java.base/java.util.concurrent.ThreadPoolExecutor.runWorker(ThreadPoolExecutor.java:1128)
	at java.base/java.util.concurrent.ThreadPoolExecutor$Worker.run(ThreadPoolExecutor.java:628)
	at java.base/java.lang.Thread.run(Thread.java:829)
Caused by: java.io.IOException: org.apache.ratis.thirdparty.io.grpc.StatusRuntimeException: UNAVAILABLE: io exception
	at org.apache.ratis.grpc.GrpcUtil.unwrapException(GrpcUtil.java:99)
	at org.apache.ratis.grpc.GrpcUtil.unwrapIOException(GrpcUtil.java:159)
	at org.apache.ratis.grpc.client.GrpcClientProtocolClient$AsyncStreamObservers$1.onError(GrpcClientProtocolClient.java:330)
	... 11 more
Caused by: org.apache.ratis.thirdparty.io.grpc.StatusRuntimeException: UNAVAILABLE: io exception
	at org.apache.ratis.thirdparty.io.grpc.Status.asRuntimeException(Status.java:537)
	... 11 more
Caused by: org.apache.ratis.thirdparty.io.netty.channel.AbstractChannel$AnnotatedConnectException: finishConnect(..) failed: Connection refused: localhost/127.0.0.1:34265
Caused by: java.net.ConnectException: finishConnect(..) failed: Connection refused
	at org.apache.ratis.thirdparty.io.netty.channel.unix.Errors.newConnectException0(Errors.java:166)
	at org.apache.ratis.thirdparty.io.netty.channel.unix.Errors.handleConnectErrno(Errors.java:131)
	at org.apache.ratis.thirdparty.io.netty.channel.unix.Socket.finishConnect(Socket.java:359)
	at org.apache.ratis.thirdparty.io.netty.channel.epoll.AbstractEpollChannel$AbstractEpollUnsafe.doFinishConnect(AbstractEpollChannel.java:710)
	at org.apache.ratis.thirdparty.io.netty.channel.epoll.AbstractEpollChannel$AbstractEpollUnsafe.finishConnect(AbstractEpollChannel.java:687)
	at org.apache.ratis.thirdparty.io.netty.channel.epoll.AbstractEpollChannel$AbstractEpollUnsafe.epollOutReady(AbstractEpollChannel.java:567)
	at org.apache.ratis.thirdparty.io.netty.channel.epoll.EpollEventLoop.processReady(EpollEventLoop.java:499)
	at org.apache.ratis.thirdparty.io.netty.channel.epoll.EpollEventLoop.run(EpollEventLoop.java:407)
	at org.apache.ratis.thirdparty.io.netty.util.concurrent.SingleThreadEventExecutor$4.run(SingleThreadEventExecutor.java:997)
	at org.apache.ratis.thirdparty.io.netty.util.internal.ThreadExecutorMap$2.run(ThreadExecutorMap.java:74)
	at org.apache.ratis.thirdparty.io.netty.util.concurrent.FastThreadLocalRunnable.run(FastThreadLocalRunnable.java:30)
	at java.base/java.lang.Thread.run(Thread.java:829)
2023-12-01 03:55:49,750 [s1-server-thread1] INFO  server.RaftServer$Division (RaftServerImpl.java:setConfigurationAsync(1264)) - s1@group-B93FFF3E6E7E: receive setConfiguration SetConfigurationRequest:client-7896FECDAEE6->s1@group-B93FFF3E6E7E, cid=15, seq=null, RW, null, SET_UNCONDITIONALLY, servers:[s3|0.0.0.0:39245, s4|0.0.0.0:41791, s2|localhost:34445], listeners:[]
2023-12-01 03:55:49,750 [s1-server-thread1] INFO  server.RaftServer$Division (LeaderStateImpl.java:startSetConfiguration(488)) - s1@group-B93FFF3E6E7E-LeaderStateImpl: startSetConfiguration SetConfigurationRequest:client-7896FECDAEE6->s1@group-B93FFF3E6E7E, cid=15, seq=null, RW, null, SET_UNCONDITIONALLY, servers:[s3|0.0.0.0:39245, s4|0.0.0.0:41791, s2|localhost:34445], listeners:[]
2023-12-01 03:55:49,751 [s1-server-thread1] INFO  server.RaftServer$Division (ServerState.java:setRaftConf(382)) - s1@group-B93FFF3E6E7E: set configuration 9: peers:[s3|0.0.0.0:39245, s4|0.0.0.0:41791, s2|localhost:34445]|listeners:[], old=peers:[s3|0.0.0.0:39245, s4|0.0.0.0:41791, s0|localhost:42131, s1|localhost:43397, s2|localhost:34445]|listeners:[]
2023-12-01 03:55:49,753 [s3-server-thread2] DEBUG server.RaftServer$Division (RaftServerImpl.java:logAppendEntries(1504)) - s3@group-B93FFF3E6E7E: receive appendEntries(s1, 1, (t:1, i:8), 8, true, commits:[s1:c8, s0:c8, s2:c8, s3:c8, s4:c8], cId:17, entries: [(t:1, i:9), CONFIGURATIONENTRY(current:id: "s3"
address: "0.0.0.0:39245"
clientAddress: "0.0.0.0:39245"
adminAddress: "0.0.0.0:39245"
startupRole: FOLLOWER
,id: "s4"
address: "0.0.0.0:41791"
clientAddress: "0.0.0.0:41791"
adminAddress: "0.0.0.0:41791"
startupRole: FOLLOWER
,id: "s2"
address: "localhost:34445"
dataStreamAddress: "localhost:34463"
clientAddress: "localhost:33973"
adminAddress: "localhost:44199"
startupRole: FOLLOWER
, old:id: "s3"
address: "0.0.0.0:39245"
clientAddress: "0.0.0.0:39245"
adminAddress: "0.0.0.0:39245"
startupRole: FOLLOWER
,id: "s4"
address: "0.0.0.0:41791"
clientAddress: "0.0.0.0:41791"
adminAddress: "0.0.0.0:41791"
startupRole: FOLLOWER
,id: "s0"
address: "localhost:42131"
dataStreamAddress: "localhost:39763"
clientAddress: "localhost:41903"
adminAddress: "localhost:36935"
startupRole: FOLLOWER
,id: "s1"
address: "localhost:43397"
dataStreamAddress: "localhost:34637"
clientAddress: "localhost:45665"
adminAddress: "localhost:43233"
startupRole: FOLLOWER
,id: "s2"
address: "localhost:34445"
dataStreamAddress: "localhost:34463"
clientAddress: "localhost:33973"
adminAddress: "localhost:44199"
startupRole: FOLLOWER
)]
2023-12-01 03:55:49,753 [s0-server-thread2] DEBUG server.RaftServer$Division (RaftServerImpl.java:logAppendEntries(1504)) - s0@group-B93FFF3E6E7E: receive appendEntries(s1, 1, (t:1, i:8), 8, true, commits:[s1:c8, s0:c8, s2:c8, s3:c8, s4:c8], cId:36, entries: [(t:1, i:9), CONFIGURATIONENTRY(current:id: "s3"
address: "0.0.0.0:39245"
clientAddress: "0.0.0.0:39245"
adminAddress: "0.0.0.0:39245"
startupRole: FOLLOWER
,id: "s4"
address: "0.0.0.0:41791"
clientAddress: "0.0.0.0:41791"
adminAddress: "0.0.0.0:41791"
startupRole: FOLLOWER
,id: "s2"
address: "localhost:34445"
dataStreamAddress: "localhost:34463"
clientAddress: "localhost:33973"
adminAddress: "localhost:44199"
startupRole: FOLLOWER
, old:id: "s3"
address: "0.0.0.0:39245"
clientAddress: "0.0.0.0:39245"
adminAddress: "0.0.0.0:39245"
startupRole: FOLLOWER
,id: "s4"
address: "0.0.0.0:41791"
clientAddress: "0.0.0.0:41791"
adminAddress: "0.0.0.0:41791"
startupRole: FOLLOWER
,id: "s0"
address: "localhost:42131"
dataStreamAddress: "localhost:39763"
clientAddress: "localhost:41903"
adminAddress: "localhost:36935"
startupRole: FOLLOWER
,id: "s1"
address: "localhost:43397"
dataStreamAddress: "localhost:34637"
clientAddress: "localhost:45665"
adminAddress: "localhost:43233"
startupRole: FOLLOWER
,id: "s2"
address: "localhost:34445"
dataStreamAddress: "localhost:34463"
clientAddress: "localhost:33973"
adminAddress: "localhost:44199"
startupRole: FOLLOWER
)]
2023-12-01 03:55:49,753 [s3-server-thread2] INFO  server.RaftServer$Division (ServerState.java:setRaftConf(382)) - s3@group-B93FFF3E6E7E: set configuration 9: peers:[s3|0.0.0.0:39245, s4|0.0.0.0:41791, s2|localhost:34445]|listeners:[], old=peers:[s3|0.0.0.0:39245, s4|0.0.0.0:41791, s0|localhost:42131, s1|localhost:43397, s2|localhost:34445]|listeners:[]
2023-12-01 03:55:49,753 [s0-server-thread2] INFO  server.RaftServer$Division (ServerState.java:setRaftConf(382)) - s0@group-B93FFF3E6E7E: set configuration 9: peers:[s3|0.0.0.0:39245, s4|0.0.0.0:41791, s2|localhost:34445]|listeners:[], old=peers:[s3|0.0.0.0:39245, s4|0.0.0.0:41791, s0|localhost:42131, s1|localhost:43397, s2|localhost:34445]|listeners:[]
2023-12-01 03:55:49,754 [s0-server-thread2] DEBUG server.RaftServer$Division (RaftServerImpl.java:logAppendEntries(1504)) - s0@group-B93FFF3E6E7E: succeeded to handle AppendEntries. Reply: s1<-s0#36:OK-t1,SUCCESS,nextIndex=10,followerCommit=8,matchIndex=9
2023-12-01 03:55:49,754 [s3-server-thread2] DEBUG server.RaftServer$Division (RaftServerImpl.java:logAppendEntries(1504)) - s3@group-B93FFF3E6E7E: succeeded to handle AppendEntries. Reply: s1<-s3#17:OK-t1,SUCCESS,nextIndex=10,followerCommit=8,matchIndex=9
2023-12-01 03:55:49,754 [s4-server-thread3] DEBUG server.RaftServer$Division (RaftServerImpl.java:logAppendEntries(1504)) - s4@group-B93FFF3E6E7E: receive appendEntries(s1, 1, (t:1, i:8), 8, true, commits:[s1:c8, s0:c8, s2:c8, s3:c8, s4:c8], cId:18, entries: [(t:1, i:9), CONFIGURATIONENTRY(current:id: "s3"
address: "0.0.0.0:39245"
clientAddress: "0.0.0.0:39245"
adminAddress: "0.0.0.0:39245"
startupRole: FOLLOWER
,id: "s4"
address: "0.0.0.0:41791"
clientAddress: "0.0.0.0:41791"
adminAddress: "0.0.0.0:41791"
startupRole: FOLLOWER
,id: "s2"
address: "localhost:34445"
dataStreamAddress: "localhost:34463"
clientAddress: "localhost:33973"
adminAddress: "localhost:44199"
startupRole: FOLLOWER
, old:id: "s3"
address: "0.0.0.0:39245"
clientAddress: "0.0.0.0:39245"
adminAddress: "0.0.0.0:39245"
startupRole: FOLLOWER
,id: "s4"
address: "0.0.0.0:41791"
clientAddress: "0.0.0.0:41791"
adminAddress: "0.0.0.0:41791"
startupRole: FOLLOWER
,id: "s0"
address: "localhost:42131"
dataStreamAddress: "localhost:39763"
clientAddress: "localhost:41903"
adminAddress: "localhost:36935"
startupRole: FOLLOWER
,id: "s1"
address: "localhost:43397"
dataStreamAddress: "localhost:34637"
clientAddress: "localhost:45665"
adminAddress: "localhost:43233"
startupRole: FOLLOWER
,id: "s2"
address: "localhost:34445"
dataStreamAddress: "localhost:34463"
clientAddress: "localhost:33973"
adminAddress: "localhost:44199"
startupRole: FOLLOWER
)]
2023-12-01 03:55:49,754 [s4-server-thread3] INFO  server.RaftServer$Division (ServerState.java:setRaftConf(382)) - s4@group-B93FFF3E6E7E: set configuration 9: peers:[s3|0.0.0.0:39245, s4|0.0.0.0:41791, s2|localhost:34445]|listeners:[], old=peers:[s3|0.0.0.0:39245, s4|0.0.0.0:41791, s0|localhost:42131, s1|localhost:43397, s2|localhost:34445]|listeners:[]
2023-12-01 03:55:49,755 [s2-server-thread3] DEBUG server.RaftServer$Division (RaftServerImpl.java:logAppendEntries(1504)) - s2@group-B93FFF3E6E7E: receive appendEntries(s1, 1, (t:1, i:8), 8, true, commits:[s1:c8, s0:c8, s2:c8, s3:c8, s4:c8], cId:30, entries: [(t:1, i:9), CONFIGURATIONENTRY(current:id: "s3"
address: "0.0.0.0:39245"
clientAddress: "0.0.0.0:39245"
adminAddress: "0.0.0.0:39245"
startupRole: FOLLOWER
,id: "s4"
address: "0.0.0.0:41791"
clientAddress: "0.0.0.0:41791"
adminAddress: "0.0.0.0:41791"
startupRole: FOLLOWER
,id: "s2"
address: "localhost:34445"
dataStreamAddress: "localhost:34463"
clientAddress: "localhost:33973"
adminAddress: "localhost:44199"
startupRole: FOLLOWER
, old:id: "s3"
address: "0.0.0.0:39245"
clientAddress: "0.0.0.0:39245"
adminAddress: "0.0.0.0:39245"
startupRole: FOLLOWER
,id: "s4"
address: "0.0.0.0:41791"
clientAddress: "0.0.0.0:41791"
adminAddress: "0.0.0.0:41791"
startupRole: FOLLOWER
,id: "s0"
address: "localhost:42131"
dataStreamAddress: "localhost:39763"
clientAddress: "localhost:41903"
adminAddress: "localhost:36935"
startupRole: FOLLOWER
,id: "s1"
address: "localhost:43397"
dataStreamAddress: "localhost:34637"
clientAddress: "localhost:45665"
adminAddress: "localhost:43233"
startupRole: FOLLOWER
,id: "s2"
address: "localhost:34445"
dataStreamAddress: "localhost:34463"
clientAddress: "localhost:33973"
adminAddress: "localhost:44199"
startupRole: FOLLOWER
)]
2023-12-01 03:55:49,755 [s4-server-thread3] DEBUG server.RaftServer$Division (RaftServerImpl.java:logAppendEntries(1504)) - s4@group-B93FFF3E6E7E: succeeded to handle AppendEntries. Reply: s1<-s4#18:OK-t1,SUCCESS,nextIndex=10,followerCommit=8,matchIndex=9
2023-12-01 03:55:49,755 [s2-server-thread3] INFO  server.RaftServer$Division (ServerState.java:setRaftConf(382)) - s2@group-B93FFF3E6E7E: set configuration 9: peers:[s3|0.0.0.0:39245, s4|0.0.0.0:41791, s2|localhost:34445]|listeners:[], old=peers:[s3|0.0.0.0:39245, s4|0.0.0.0:41791, s0|localhost:42131, s1|localhost:43397, s2|localhost:34445]|listeners:[]
2023-12-01 03:55:49,755 [s2-server-thread3] DEBUG server.RaftServer$Division (RaftServerImpl.java:logAppendEntries(1504)) - s2@group-B93FFF3E6E7E: succeeded to handle AppendEntries. Reply: s1<-s2#30:OK-t1,SUCCESS,nextIndex=10,followerCommit=8,matchIndex=9
2023-12-01 03:55:49,756 [s1@group-B93FFF3E6E7E-LeaderStateImpl] INFO  server.RaftServer$Division (ServerState.java:setRaftConf(382)) - s1@group-B93FFF3E6E7E: set configuration 11: peers:[s3|0.0.0.0:39245, s4|0.0.0.0:41791, s2|localhost:34445]|listeners:[], old=null
2023-12-01 03:55:49,756 [s1@group-B93FFF3E6E7E-StateMachineUpdater] TRACE util.FileUtils (LogUtils.java:supplyAndLog(69)) - Successfully supplied FileChannel.open /home/runner/work/ratis/ratis/ratis-test/target/test/data/1b1d21a/MiniRaftClusterWithGrpc65a5be97/s1/54092739-1e46-4bd5-803a-b93fff3e6e7e/current/raft-meta.conf.tmp with options [CREATE, WRITE]: sun.nio.ch.FileChannelImpl@1d60a986
2023-12-01 03:55:49,756 [s2-server-thread3] DEBUG server.RaftServer$Division (RaftServerImpl.java:logAppendEntries(1504)) - s2@group-B93FFF3E6E7E: receive appendEntries(s1, 1, (t:1, i:9), 9, true, commits:[s1:c9, s0:c8, s2:c8, s3:c8, s4:c8], cId:31, entries: [(t:1, i:10), METADATAENTRY(c:9)]
2023-12-01 03:55:49,757 [s2-server-thread3] DEBUG server.RaftServer$Division (RaftServerImpl.java:logAppendEntries(1504)) - s2@group-B93FFF3E6E7E: succeeded to handle AppendEntries. Reply: s1<-s2#31:OK-t1,SUCCESS,nextIndex=11,followerCommit=9,matchIndex=10
2023-12-01 03:55:49,757 [s2@group-B93FFF3E6E7E-StateMachineUpdater] TRACE util.FileUtils (LogUtils.java:supplyAndLog(69)) - Successfully supplied FileChannel.open /home/runner/work/ratis/ratis/ratis-test/target/test/data/1b1d21a/MiniRaftClusterWithGrpc65a5be97/s2/54092739-1e46-4bd5-803a-b93fff3e6e7e/current/raft-meta.conf.tmp with options [CREATE, WRITE]: sun.nio.ch.FileChannelImpl@3ca42ea8
2023-12-01 03:55:49,759 [s2@group-B93FFF3E6E7E-StateMachineUpdater] TRACE util.FileUtils (LogUtils.java:runAndLog(49)) - Successfully ran Atomic Files.move /home/runner/work/ratis/ratis/ratis-test/target/test/data/1b1d21a/MiniRaftClusterWithGrpc65a5be97/s2/54092739-1e46-4bd5-803a-b93fff3e6e7e/current/raft-meta.conf.tmp to /home/runner/work/ratis/ratis/ratis-test/target/test/data/1b1d21a/MiniRaftClusterWithGrpc65a5be97/s2/54092739-1e46-4bd5-803a-b93fff3e6e7e/current/raft-meta.conf with options [REPLACE_EXISTING]
2023-12-01 03:55:49,759 [s1@group-B93FFF3E6E7E-StateMachineUpdater] TRACE util.FileUtils (LogUtils.java:runAndLog(49)) - Successfully ran Atomic Files.move /home/runner/work/ratis/ratis/ratis-test/target/test/data/1b1d21a/MiniRaftClusterWithGrpc65a5be97/s1/54092739-1e46-4bd5-803a-b93fff3e6e7e/current/raft-meta.conf.tmp to /home/runner/work/ratis/ratis/ratis-test/target/test/data/1b1d21a/MiniRaftClusterWithGrpc65a5be97/s1/54092739-1e46-4bd5-803a-b93fff3e6e7e/current/raft-meta.conf with options [REPLACE_EXISTING]
2023-12-01 03:55:49,760 [s3-server-thread2] DEBUG server.RaftServer$Division (RaftServerImpl.java:logAppendEntries(1504)) - s3@group-B93FFF3E6E7E: receive appendEntries(s1, 1, (t:1, i:9), 9, true, commits:[s1:c9, s2:c9, s3:c8, s4:c8], cId:18, entries: [(t:1, i:10), METADATAENTRY(c:9), (t:1, i:11), CONFIGURATIONENTRY(current:id: "s3"
address: "0.0.0.0:39245"
clientAddress: "0.0.0.0:39245"
adminAddress: "0.0.0.0:39245"
startupRole: FOLLOWER
,id: "s4"
address: "0.0.0.0:41791"
clientAddress: "0.0.0.0:41791"
adminAddress: "0.0.0.0:41791"
startupRole: FOLLOWER
,id: "s2"
address: "localhost:34445"
dataStreamAddress: "localhost:34463"
clientAddress: "localhost:33973"
adminAddress: "localhost:44199"
startupRole: FOLLOWER
, old:)]
2023-12-01 03:55:49,760 [s3-server-thread2] INFO  server.RaftServer$Division (ServerState.java:setRaftConf(382)) - s3@group-B93FFF3E6E7E: set configuration 11: peers:[s3|0.0.0.0:39245, s4|0.0.0.0:41791, s2|localhost:34445]|listeners:[], old=null
2023-12-01 03:55:49,761 [s2-server-thread3] DEBUG server.RaftServer$Division (RaftServerImpl.java:logAppendEntries(1504)) - s2@group-B93FFF3E6E7E: receive appendEntries(s1, 1, (t:1, i:10), 9, true, commits:[s1:c9, s2:c8, s3:c8, s4:c8], cId:32, entries: [(t:1, i:11), CONFIGURATIONENTRY(current:id: "s3"
address: "0.0.0.0:39245"
clientAddress: "0.0.0.0:39245"
adminAddress: "0.0.0.0:39245"
startupRole: FOLLOWER
,id: "s4"
address: "0.0.0.0:41791"
clientAddress: "0.0.0.0:41791"
adminAddress: "0.0.0.0:41791"
startupRole: FOLLOWER
,id: "s2"
address: "localhost:34445"
dataStreamAddress: "localhost:34463"
clientAddress: "localhost:33973"
adminAddress: "localhost:44199"
startupRole: FOLLOWER
, old:)]
2023-12-01 03:55:49,761 [s2-server-thread3] INFO  server.RaftServer$Division (ServerState.java:setRaftConf(382)) - s2@group-B93FFF3E6E7E: set configuration 11: peers:[s3|0.0.0.0:39245, s4|0.0.0.0:41791, s2|localhost:34445]|listeners:[], old=null
2023-12-01 03:55:49,762 [s2-server-thread3] DEBUG server.RaftServer$Division (RaftServerImpl.java:logAppendEntries(1504)) - s2@group-B93FFF3E6E7E: succeeded to handle AppendEntries. Reply: s1<-s2#32:OK-t1,SUCCESS,nextIndex=12,followerCommit=9,matchIndex=11
2023-12-01 03:55:49,763 [grpc-default-executor-9] ERROR impl.OrderedAsync (OrderedAsync.java:lambda$sendRequest$9(247)) - client-915AA7F58988: Failed* RaftClientRequest:client-915AA7F58988->s1@group-FB8FFDFFFB35, cid=6, seq=1*, Watch(0), null
java.util.concurrent.CompletionException: java.io.IOException: org.apache.ratis.thirdparty.io.grpc.StatusRuntimeException: UNAVAILABLE: io exception
	at java.base/java.util.concurrent.CompletableFuture.encodeThrowable(CompletableFuture.java:331)
	at java.base/java.util.concurrent.CompletableFuture.completeThrowable(CompletableFuture.java:346)
	at java.base/java.util.concurrent.CompletableFuture$UniApply.tryFire(CompletableFuture.java:632)
	at java.base/java.util.concurrent.CompletableFuture.postComplete(CompletableFuture.java:506)
	at java.base/java.util.concurrent.CompletableFuture.completeExceptionally(CompletableFuture.java:2094)
	at org.apache.ratis.grpc.client.GrpcClientProtocolClient$AsyncStreamObservers.completeReplyExceptionally(GrpcClientProtocolClient.java:394)
	at org.apache.ratis.grpc.client.GrpcClientProtocolClient$AsyncStreamObservers.access$000(GrpcClientProtocolClient.java:300)
	at org.apache.ratis.grpc.client.GrpcClientProtocolClient$AsyncStreamObservers$1.onError(GrpcClientProtocolClient.java:331)
	at org.apache.ratis.thirdparty.io.grpc.stub.ClientCalls$StreamObserverToCallListenerAdapter.onClose(ClientCalls.java:481)
	at org.apache.ratis.thirdparty.io.grpc.PartialForwardingClientCallListener.onClose(PartialForwardingClientCallListener.java:39)
	at org.apache.ratis.thirdparty.io.grpc.ForwardingClientCallListener.onClose(ForwardingClientCallListener.java:23)
	at org.apache.ratis.grpc.metrics.intercept.client.MetricClientCallListener.onClose(MetricClientCallListener.java:47)
	at org.apache.ratis.thirdparty.io.grpc.internal.DelayedClientCall$DelayedListener$3.run(DelayedClientCall.java:489)
	at org.apache.ratis.thirdparty.io.grpc.internal.DelayedClientCall$DelayedListener.delayOrExecute(DelayedClientCall.java:453)
	at org.apache.ratis.thirdparty.io.grpc.internal.DelayedClientCall$DelayedListener.onClose(DelayedClientCall.java:486)
	at org.apache.ratis.thirdparty.io.grpc.internal.ClientCallImpl.closeObserver(ClientCallImpl.java:567)
	at org.apache.ratis.thirdparty.io.grpc.internal.ClientCallImpl.access$300(ClientCallImpl.java:71)
	at org.apache.ratis.thirdparty.io.grpc.internal.ClientCallImpl$ClientStreamListenerImpl$1StreamClosed.runInternal(ClientCallImpl.java:735)
	at org.apache.ratis.thirdparty.io.grpc.internal.ClientCallImpl$ClientStreamListenerImpl$1StreamClosed.runInContext(ClientCallImpl.java:716)
	at org.apache.ratis.thirdparty.io.grpc.internal.ContextRunnable.run(ContextRunnable.java:37)
	at org.apache.ratis.thirdparty.io.grpc.internal.SerializingExecutor.run(SerializingExecutor.java:133)
	at java.base/java.util.concurrent.ThreadPoolExecutor.runWorker(ThreadPoolExecutor.java:1128)
	at java.base/java.util.concurrent.ThreadPoolExecutor$Worker.run(ThreadPoolExecutor.java:628)
	at java.base/java.lang.Thread.run(Thread.java:829)
Caused by: java.io.IOException: org.apache.ratis.thirdparty.io.grpc.StatusRuntimeException: UNAVAILABLE: io exception
	at org.apache.ratis.grpc.GrpcUtil.unwrapException(GrpcUtil.java:99)
	at org.apache.ratis.grpc.GrpcUtil.unwrapIOException(GrpcUtil.java:159)
	at org.apache.ratis.grpc.client.GrpcClientProtocolClient$AsyncStreamObservers$1.onError(GrpcClientProtocolClient.java:330)
	... 16 more
Caused by: org.apache.ratis.thirdparty.io.grpc.StatusRuntimeException: UNAVAILABLE: io exception
	at org.apache.ratis.thirdparty.io.grpc.Status.asRuntimeException(Status.java:537)
	... 16 more
Caused by: org.apache.ratis.thirdparty.io.netty.channel.AbstractChannel$AnnotatedConnectException: finishConnect(..) failed: Connection refused: localhost/127.0.0.1:36299
Caused by: java.net.ConnectException: finishConnect(..) failed: Connection refused
	at org.apache.ratis.thirdparty.io.netty.channel.unix.Errors.newConnectException0(Errors.java:166)
	at org.apache.ratis.thirdparty.io.netty.channel.unix.Errors.handleConnectErrno(Errors.java:131)
	at org.apache.ratis.thirdparty.io.netty.channel.unix.Socket.finishConnect(Socket.java:359)
	at org.apache.ratis.thirdparty.io.netty.channel.epoll.AbstractEpollChannel$AbstractEpollUnsafe.doFinishConnect(AbstractEpollChannel.java:710)
	at org.apache.ratis.thirdparty.io.netty.channel.epoll.AbstractEpollChannel$AbstractEpollUnsafe.finishConnect(AbstractEpollChannel.java:687)
	at org.apache.ratis.thirdparty.io.netty.channel.epoll.AbstractEpollChannel$AbstractEpollUnsafe.epollOutReady(AbstractEpollChannel.java:567)
	at org.apache.ratis.thirdparty.io.netty.channel.epoll.EpollEventLoop.processReady(EpollEventLoop.java:499)
	at org.apache.ratis.thirdparty.io.netty.channel.epoll.EpollEventLoop.run(EpollEventLoop.java:407)
	at org.apache.ratis.thirdparty.io.netty.util.concurrent.SingleThreadEventExecutor$4.run(SingleThreadEventExecutor.java:997)
	at org.apache.ratis.thirdparty.io.netty.util.internal.ThreadExecutorMap$2.run(ThreadExecutorMap.java:74)
	at org.apache.ratis.thirdparty.io.netty.util.concurrent.FastThreadLocalRunnable.run(FastThreadLocalRunnable.java:30)
	at java.base/java.lang.Thread.run(Thread.java:829)
2023-12-01 03:55:49,763 [s3-server-thread2] DEBUG server.RaftServer$Division (RaftServerImpl.java:logAppendEntries(1504)) - s3@group-B93FFF3E6E7E: succeeded to handle AppendEntries. Reply: s1<-s3#18:OK-t1,SUCCESS,nextIndex=12,followerCommit=9,matchIndex=11
2023-12-01 03:55:49,763 [s3@group-B93FFF3E6E7E-StateMachineUpdater] TRACE util.FileUtils (LogUtils.java:supplyAndLog(69)) - Successfully supplied FileChannel.open /home/runner/work/ratis/ratis/ratis-test/target/test/data/1b1d21a/MiniRaftClusterWithGrpc65a5be97/s3/54092739-1e46-4bd5-803a-b93fff3e6e7e/current/raft-meta.conf.tmp with options [CREATE, WRITE]: sun.nio.ch.FileChannelImpl@730b79b
2023-12-01 03:55:49,765 [grpc-default-executor-9] INFO  server.GrpcServerProtocolService (GrpcServerProtocolService.java:onCompleted(157)) - s0: Completed APPEND_ENTRIES, lastRequest: s1->s0#36-t1,previous=(t:1, i:8),leaderCommit=8,initializing? true,entries: size=1, first=(t:1, i:9), CONFIGURATIONENTRY(current:id: "s3"
address: "0.0.0.0:39245"
clientAddress: "0.0.0.0:39245"
adminAddress: "0.0.0.0:39245"
startupRole: FOLLOWER
,id: "s4"
address: "0.0.0.0:41791"
clientAddress: "0.0.0.0:41791"
adminAddress: "0.0.0.0:41791"
startupRole: FOLLOWER
,id: "s2"
address: "localhost:34445"
dataStreamAddress: "localhost:34463"
clientAddress: "localhost:33973"
adminAddress: "localhost:44199"
startupRole: FOLLOWER
, old:id: "s3"
address: "0.0.0.0:39245"
clientAddress: "0.0.0.0:39245"
adminAddress: "0.0.0.0:39245"
startupRole: FOLLOWER
,id: "s4"
address: "0.0.0.0:41791"
clientAddress: "0.0.0.0:41791"
adminAddress: "0.0.0.0:41791"
startupRole: FOLLOWER
,id: "s0"
address: "localhost:42131"
dataStreamAddress: "localhost:39763"
clientAddress: "localhost:41903"
adminAddress: "localhost:36935"
startupRole: FOLLOWER
,id: "s1"
address: "localhost:43397"
dataStreamAddress: "localhost:34637"
clientAddress: "localhost:45665"
adminAddress: "localhost:43233"
startupRole: FOLLOWER
,id: "s2"
address: "localhost:34445"
dataStreamAddress: "localhost:34463"
clientAddress: "localhost:33973"
adminAddress: "localhost:44199"
startupRole: FOLLOWER
)
2023-12-01 03:55:49,765 [grpc-default-executor-9] INFO  server.GrpcServerProtocolService (GrpcServerProtocolService.java:lambda$onCompleted$5(159)) - s0: Completed APPEND_ENTRIES, lastReply: null
2023-12-01 03:55:49,765 [grpc-default-executor-11] INFO  server.GrpcServerProtocolService (GrpcServerProtocolService.java:onCompleted(157)) - s0: Completed APPEND_ENTRIES, lastRequest: null
2023-12-01 03:55:49,765 [s3@group-B93FFF3E6E7E-StateMachineUpdater] TRACE util.FileUtils (LogUtils.java:runAndLog(49)) - Successfully ran Atomic Files.move /home/runner/work/ratis/ratis/ratis-test/target/test/data/1b1d21a/MiniRaftClusterWithGrpc65a5be97/s3/54092739-1e46-4bd5-803a-b93fff3e6e7e/current/raft-meta.conf.tmp to /home/runner/work/ratis/ratis/ratis-test/target/test/data/1b1d21a/MiniRaftClusterWithGrpc65a5be97/s3/54092739-1e46-4bd5-803a-b93fff3e6e7e/current/raft-meta.conf with options [REPLACE_EXISTING]
2023-12-01 03:55:49,765 [grpc-default-executor-11] INFO  server.GrpcServerProtocolService (GrpcServerProtocolService.java:lambda$onCompleted$5(159)) - s0: Completed APPEND_ENTRIES, lastReply: serverReply {
  requestorId: "s1"
  replyId: "s0"
  raftGroupId {
    id: "T\t\'9\036FK\325\200:\271?\377>n~"
  }
  callId: 35
  success: true
}
term: 1
nextIndex: 9
followerCommit: 8
matchIndex: 18446744073709551615
isHearbeat: true

2023-12-01 03:55:49,766 [s4-server-thread3] DEBUG server.RaftServer$Division (RaftServerImpl.java:logAppendEntries(1504)) - s4@group-B93FFF3E6E7E: receive appendEntries(s1, 1, (t:1, i:9), 9, true, commits:[s1:c9, s2:c9, s3:c8, s4:c8], cId:19, entries: [(t:1, i:10), METADATAENTRY(c:9), (t:1, i:11), CONFIGURATIONENTRY(current:id: "s3"
address: "0.0.0.0:39245"
clientAddress: "0.0.0.0:39245"
adminAddress: "0.0.0.0:39245"
startupRole: FOLLOWER
,id: "s4"
address: "0.0.0.0:41791"
clientAddress: "0.0.0.0:41791"
adminAddress: "0.0.0.0:41791"
startupRole: FOLLOWER
,id: "s2"
address: "localhost:34445"
dataStreamAddress: "localhost:34463"
clientAddress: "localhost:33973"
adminAddress: "localhost:44199"
startupRole: FOLLOWER
, old:)]
2023-12-01 03:55:49,766 [s4-server-thread3] INFO  server.RaftServer$Division (ServerState.java:setRaftConf(382)) - s4@group-B93FFF3E6E7E: set configuration 11: peers:[s3|0.0.0.0:39245, s4|0.0.0.0:41791, s2|localhost:34445]|listeners:[], old=null
2023-12-01 03:55:49,767 [s4-server-thread3] DEBUG server.RaftServer$Division (RaftServerImpl.java:logAppendEntries(1504)) - s4@group-B93FFF3E6E7E: succeeded to handle AppendEntries. Reply: s1<-s4#19:OK-t1,SUCCESS,nextIndex=12,followerCommit=9,matchIndex=11
2023-12-01 03:55:49,767 [s4@group-B93FFF3E6E7E-StateMachineUpdater] TRACE util.FileUtils (LogUtils.java:supplyAndLog(69)) - Successfully supplied FileChannel.open /home/runner/work/ratis/ratis/ratis-test/target/test/data/1b1d21a/MiniRaftClusterWithGrpc65a5be97/s4/54092739-1e46-4bd5-803a-b93fff3e6e7e/current/raft-meta.conf.tmp with options [CREATE, WRITE]: sun.nio.ch.FileChannelImpl@5864f400
2023-12-01 03:55:49,767 [s1@group-B93FFF3E6E7E-LeaderStateImpl] INFO  server.RaftServer$Division (LeaderStateImpl.java:checkAndUpdateConfiguration(973)) - s1@group-B93FFF3E6E7E-LeaderStateImpl is not included in the new configuration 11: peers:[s3|0.0.0.0:39245, s4|0.0.0.0:41791, s2|localhost:34445]|listeners:[], old=null. Will shutdown server...
2023-12-01 03:55:49,768 [s1@group-B93FFF3E6E7E-StateMachineUpdater] TRACE util.FileUtils (LogUtils.java:supplyAndLog(69)) - Successfully supplied FileChannel.open /home/runner/work/ratis/ratis/ratis-test/target/test/data/1b1d21a/MiniRaftClusterWithGrpc65a5be97/s1/54092739-1e46-4bd5-803a-b93fff3e6e7e/current/raft-meta.conf.tmp with options [CREATE, WRITE]: sun.nio.ch.FileChannelImpl@608b1b6f
2023-12-01 03:55:49,768 [s3-server-thread2] DEBUG server.RaftServer$Division (RaftServerImpl.java:logAppendEntries(1504)) - s3@group-B93FFF3E6E7E: receive appendEntries(s1, 1, (t:1, i:11), 11, true, commits:[s1:c11, s2:c9, s3:c9, s4:c8], cId:20, entries: [(t:1, i:12), METADATAENTRY(c:11)]
2023-12-01 03:55:49,769 [s4@group-B93FFF3E6E7E-StateMachineUpdater] TRACE util.FileUtils (LogUtils.java:runAndLog(49)) - Successfully ran Atomic Files.move /home/runner/work/ratis/ratis/ratis-test/target/test/data/1b1d21a/MiniRaftClusterWithGrpc65a5be97/s4/54092739-1e46-4bd5-803a-b93fff3e6e7e/current/raft-meta.conf.tmp to /home/runner/work/ratis/ratis/ratis-test/target/test/data/1b1d21a/MiniRaftClusterWithGrpc65a5be97/s4/54092739-1e46-4bd5-803a-b93fff3e6e7e/current/raft-meta.conf with options [REPLACE_EXISTING]
2023-12-01 03:55:49,769 [s1@group-B93FFF3E6E7E-StateMachineUpdater] TRACE util.FileUtils (LogUtils.java:runAndLog(49)) - Successfully ran Atomic Files.move /home/runner/work/ratis/ratis/ratis-test/target/test/data/1b1d21a/MiniRaftClusterWithGrpc65a5be97/s1/54092739-1e46-4bd5-803a-b93fff3e6e7e/current/raft-meta.conf.tmp to /home/runner/work/ratis/ratis/ratis-test/target/test/data/1b1d21a/MiniRaftClusterWithGrpc65a5be97/s1/54092739-1e46-4bd5-803a-b93fff3e6e7e/current/raft-meta.conf with options [REPLACE_EXISTING]
2023-12-01 03:55:49,769 [grpc-default-executor-3] INFO  server.GrpcLogAppender (GrpcLogAppender.java:onCompleted(469)) - s1@group-B93FFF3E6E7E->s0-AppendLogResponseHandler: follower responses appendEntries COMPLETED
2023-12-01 03:55:49,770 [s4-server-thread3] DEBUG server.RaftServer$Division (RaftServerImpl.java:logAppendEntries(1504)) - s4@group-B93FFF3E6E7E: receive appendEntries(s1, 1, (t:1, i:11), 11, true, commits:[s1:c11, s2:c9, s3:c9, s4:c8], cId:22, entries: [(t:1, i:12), METADATAENTRY(c:11)]
2023-12-01 03:55:49,770 [s3-server-thread2] DEBUG server.RaftServer$Division (RaftServerImpl.java:logAppendEntries(1504)) - s3@group-B93FFF3E6E7E: succeeded to handle AppendEntries. Reply: s1<-s3#20:OK-t1,SUCCESS,nextIndex=13,followerCommit=11,matchIndex=12
2023-12-01 03:55:49,770 [s3@group-B93FFF3E6E7E-StateMachineUpdater] TRACE util.FileUtils (LogUtils.java:supplyAndLog(69)) - Successfully supplied FileChannel.open /home/runner/work/ratis/ratis/ratis-test/target/test/data/1b1d21a/MiniRaftClusterWithGrpc65a5be97/s3/54092739-1e46-4bd5-803a-b93fff3e6e7e/current/raft-meta.conf.tmp with options [CREATE, WRITE]: sun.nio.ch.FileChannelImpl@1db6b9a6
2023-12-01 03:55:49,771 [grpc-default-executor-9] INFO  server.GrpcLogAppender (GrpcLogAppender.java:onCompleted(469)) - s1@group-B93FFF3E6E7E->s0-AppendLogResponseHandler: follower responses appendEntries COMPLETED
2023-12-01 03:55:49,771 [s4-server-thread3] DEBUG server.RaftServer$Division (RaftServerImpl.java:logAppendEntries(1504)) - s4@group-B93FFF3E6E7E: succeeded to handle AppendEntries. Reply: s1<-s4#22:OK-t1,SUCCESS,nextIndex=13,followerCommit=11,matchIndex=12
2023-12-01 03:55:49,771 [s4@group-B93FFF3E6E7E-StateMachineUpdater] TRACE util.FileUtils (LogUtils.java:supplyAndLog(69)) - Successfully supplied FileChannel.open /home/runner/work/ratis/ratis/ratis-test/target/test/data/1b1d21a/MiniRaftClusterWithGrpc65a5be97/s4/54092739-1e46-4bd5-803a-b93fff3e6e7e/current/raft-meta.conf.tmp with options [CREATE, WRITE]: sun.nio.ch.FileChannelImpl@3f08a676
2023-12-01 03:55:49,772 [s2-server-thread3] DEBUG server.RaftServer$Division (RaftServerImpl.java:logAppendEntries(1504)) - s2@group-B93FFF3E6E7E: receive appendEntries(s1, 1, (t:1, i:11), 11, true, commits:[s1:c11, s2:c9, s3:c9, s4:c8], cId:34, entries: [(t:1, i:12), METADATAENTRY(c:11)]
2023-12-01 03:55:49,772 [s3@group-B93FFF3E6E7E-StateMachineUpdater] TRACE util.FileUtils (LogUtils.java:runAndLog(49)) - Successfully ran Atomic Files.move /home/runner/work/ratis/ratis/ratis-test/target/test/data/1b1d21a/MiniRaftClusterWithGrpc65a5be97/s3/54092739-1e46-4bd5-803a-b93fff3e6e7e/current/raft-meta.conf.tmp to /home/runner/work/ratis/ratis/ratis-test/target/test/data/1b1d21a/MiniRaftClusterWithGrpc65a5be97/s3/54092739-1e46-4bd5-803a-b93fff3e6e7e/current/raft-meta.conf with options [REPLACE_EXISTING]
2023-12-01 03:55:49,772 [s2@group-B93FFF3E6E7E-StateMachineUpdater] TRACE util.FileUtils (LogUtils.java:supplyAndLog(69)) - Successfully supplied FileChannel.open /home/runner/work/ratis/ratis/ratis-test/target/test/data/1b1d21a/MiniRaftClusterWithGrpc65a5be97/s2/54092739-1e46-4bd5-803a-b93fff3e6e7e/current/raft-meta.conf.tmp with options [CREATE, WRITE]: sun.nio.ch.FileChannelImpl@39dbd730
2023-12-01 03:55:49,772 [s2-server-thread3] DEBUG server.RaftServer$Division (RaftServerImpl.java:logAppendEntries(1504)) - s2@group-B93FFF3E6E7E: succeeded to handle AppendEntries. Reply: s1<-s2#34:OK-t1,SUCCESS,nextIndex=13,followerCommit=11,matchIndex=12
2023-12-01 03:55:49,773 [s2@group-B93FFF3E6E7E-StateMachineUpdater] TRACE util.FileUtils (LogUtils.java:runAndLog(49)) - Successfully ran Atomic Files.move /home/runner/work/ratis/ratis/ratis-test/target/test/data/1b1d21a/MiniRaftClusterWithGrpc65a5be97/s2/54092739-1e46-4bd5-803a-b93fff3e6e7e/current/raft-meta.conf.tmp to /home/runner/work/ratis/ratis/ratis-test/target/test/data/1b1d21a/MiniRaftClusterWithGrpc65a5be97/s2/54092739-1e46-4bd5-803a-b93fff3e6e7e/current/raft-meta.conf with options [REPLACE_EXISTING]
2023-12-01 03:55:49,774 [s4@group-B93FFF3E6E7E-StateMachineUpdater] TRACE util.FileUtils (LogUtils.java:runAndLog(49)) - Successfully ran Atomic Files.move /home/runner/work/ratis/ratis/ratis-test/target/test/data/1b1d21a/MiniRaftClusterWithGrpc65a5be97/s4/54092739-1e46-4bd5-803a-b93fff3e6e7e/current/raft-meta.conf.tmp to /home/runner/work/ratis/ratis/ratis-test/target/test/data/1b1d21a/MiniRaftClusterWithGrpc65a5be97/s4/54092739-1e46-4bd5-803a-b93fff3e6e7e/current/raft-meta.conf with options [REPLACE_EXISTING]
2023-12-01 03:55:49,784 [Time-limited test] INFO  server.RaftServerConfigKeys (ConfUtils.java:logGet(46)) - raft.server.rpc.timeout.max = 300ms (default)
2023-12-01 03:55:49,784 [Time-limited test] INFO  ratis.RaftTestUtil (RaftTestUtil.java:waitForLeader(100)) - printing ALL groups
  s3:  RUNNING  FOLLOWER s3@group-B93FFF3E6E7E:t1, leader=s1, voted=null, raftlog=Memoized:s3@group-B93FFF3E6E7E-SegmentedRaftLog:OPENED:c11, conf=11: peers:[s3|0.0.0.0:39245, s4|0.0.0.0:41791, s2|localhost:34445]|listeners:[], old=null RUNNING
  s4:  RUNNING  FOLLOWER s4@group-B93FFF3E6E7E:t1, leader=s1, voted=null, raftlog=Memoized:s4@group-B93FFF3E6E7E-SegmentedRaftLog:OPENED:c11, conf=11: peers:[s3|0.0.0.0:39245, s4|0.0.0.0:41791, s2|localhost:34445]|listeners:[], old=null RUNNING
  s0:  RUNNING  FOLLOWER s0@group-B93FFF3E6E7E:t1, leader=s1, voted=s1, raftlog=Memoized:s0@group-B93FFF3E6E7E-SegmentedRaftLog:OPENED:c8, conf=9: peers:[s3|0.0.0.0:39245, s4|0.0.0.0:41791, s2|localhost:34445]|listeners:[], old=peers:[s3|0.0.0.0:39245, s4|0.0.0.0:41791, s0|localhost:42131, s1|localhost:43397, s2|localhost:34445]|listeners:[] RUNNING
  s1:  RUNNING    LEADER s1@group-B93FFF3E6E7E:t1, leader=s1, voted=s1, raftlog=Memoized:s1@group-B93FFF3E6E7E-SegmentedRaftLog:OPENED:c11, conf=11: peers:[s3|0.0.0.0:39245, s4|0.0.0.0:41791, s2|localhost:34445]|listeners:[], old=null RUNNING
  s2:  RUNNING  FOLLOWER s2@group-B93FFF3E6E7E:t1, leader=s1, voted=s1, raftlog=Memoized:s2@group-B93FFF3E6E7E-SegmentedRaftLog:OPENED:c11, conf=11: peers:[s3|0.0.0.0:39245, s4|0.0.0.0:41791, s2|localhost:34445]|listeners:[], old=null RUNNING
2023-12-01 03:55:49,784 [Time-limited test] INFO  ratis.RaftTestUtil (RaftTestUtil.java:waitForLeader(119)) - printing ALL groups
  s3:  RUNNING  FOLLOWER s3@group-B93FFF3E6E7E:t1, leader=s1, voted=null, raftlog=Memoized:s3@group-B93FFF3E6E7E-SegmentedRaftLog:OPENED:c11, conf=11: peers:[s3|0.0.0.0:39245, s4|0.0.0.0:41791, s2|localhost:34445]|listeners:[], old=null RUNNING
  s4:  RUNNING  FOLLOWER s4@group-B93FFF3E6E7E:t1, leader=s1, voted=null, raftlog=Memoized:s4@group-B93FFF3E6E7E-SegmentedRaftLog:OPENED:c11, conf=11: peers:[s3|0.0.0.0:39245, s4|0.0.0.0:41791, s2|localhost:34445]|listeners:[], old=null RUNNING
  s0:  RUNNING  FOLLOWER s0@group-B93FFF3E6E7E:t1, leader=s1, voted=s1, raftlog=Memoized:s0@group-B93FFF3E6E7E-SegmentedRaftLog:OPENED:c8, conf=9: peers:[s3|0.0.0.0:39245, s4|0.0.0.0:41791, s2|localhost:34445]|listeners:[], old=peers:[s3|0.0.0.0:39245, s4|0.0.0.0:41791, s0|localhost:42131, s1|localhost:43397, s2|localhost:34445]|listeners:[] RUNNING
  s1:  RUNNING    LEADER s1@group-B93FFF3E6E7E:t1, leader=s1, voted=s1, raftlog=Memoized:s1@group-B93FFF3E6E7E-SegmentedRaftLog:OPENED:c11, conf=11: peers:[s3|0.0.0.0:39245, s4|0.0.0.0:41791, s2|localhost:34445]|listeners:[], old=null RUNNING
  s2:  RUNNING  FOLLOWER s2@group-B93FFF3E6E7E:t1, leader=s1, voted=s1, raftlog=Memoized:s2@group-B93FFF3E6E7E-SegmentedRaftLog:OPENED:c11, conf=11: peers:[s3|0.0.0.0:39245, s4|0.0.0.0:41791, s2|localhost:34445]|listeners:[], old=null RUNNING
2023-12-01 03:55:49,784 [Time-limited test] WARN  grpc.TestRetryCacheWithGrpc (JavaUtils.java:attempt(223)) - FAILED "wait for a leader different than s1", attempt #1/10: java.lang.AssertionError: Values should be different. Actual: s1, sleep 100ms and then retry.
java.lang.AssertionError: Values should be different. Actual: s1
	at org.junit.Assert.fail(Assert.java:89)
	at org.junit.Assert.failEquals(Assert.java:187)
	at org.junit.Assert.assertNotEquals(Assert.java:163)
	at org.junit.Assert.assertNotEquals(Assert.java:177)
	at org.apache.ratis.RetryCacheTests.lambda$runTestRetryOnNewLeader$1(RetryCacheTests.java:148)
	at org.apache.ratis.util.JavaUtils.attempt(JavaUtils.java:217)
	at org.apache.ratis.util.JavaUtils.attemptRepeatedly(JavaUtils.java:203)
	at org.apache.ratis.RetryCacheTests.runTestRetryOnNewLeader(RetryCacheTests.java:146)
	at org.apache.ratis.server.impl.MiniRaftCluster$Factory$Get.runWithNewCluster(MiniRaftCluster.java:141)
	at org.apache.ratis.server.impl.MiniRaftCluster$Factory$Get.runWithNewCluster(MiniRaftCluster.java:121)
	at org.apache.ratis.RetryCacheTests.testRetryOnNewLeader(RetryCacheTests.java:123)
	at java.base/jdk.internal.reflect.NativeMethodAccessorImpl.invoke0(Native Method)
	at java.base/jdk.internal.reflect.NativeMethodAccessorImpl.invoke(NativeMethodAccessorImpl.java:62)
	at java.base/jdk.internal.reflect.DelegatingMethodAccessorImpl.invoke(DelegatingMethodAccessorImpl.java:43)
	at java.base/java.lang.reflect.Method.invoke(Method.java:566)
	at org.junit.runners.model.FrameworkMethod$1.runReflectiveCall(FrameworkMethod.java:59)
	at org.junit.internal.runners.model.ReflectiveCallable.run(ReflectiveCallable.java:12)
	at org.junit.runners.model.FrameworkMethod.invokeExplosively(FrameworkMethod.java:56)
	at org.junit.internal.runners.statements.InvokeMethod.evaluate(InvokeMethod.java:17)
	at org.junit.internal.runners.statements.RunAfters.evaluate(RunAfters.java:27)
	at org.junit.internal.runners.statements.FailOnTimeout$CallableStatement.call(FailOnTimeout.java:299)
	at org.junit.internal.runners.statements.FailOnTimeout$CallableStatement.call(FailOnTimeout.java:293)
	at java.base/java.util.concurrent.FutureTask.run(FutureTask.java:264)
	at java.base/java.lang.Thread.run(Thread.java:829)
2023-12-01 03:55:49,865 [grpc-default-executor-9] ERROR impl.OrderedAsync (OrderedAsync.java:lambda$sendRequest$9(247)) - client-915AA7F58988: Failed* RaftClientRequest:client-915AA7F58988->s0@group-FB8FFDFFFB35, cid=6, seq=1*, Watch(0), null
java.util.concurrent.CompletionException: java.io.IOException: org.apache.ratis.thirdparty.io.grpc.StatusRuntimeException: UNAVAILABLE: io exception
	at java.base/java.util.concurrent.CompletableFuture.encodeThrowable(CompletableFuture.java:331)
	at java.base/java.util.concurrent.CompletableFuture.completeThrowable(CompletableFuture.java:346)
	at java.base/java.util.concurrent.CompletableFuture$UniApply.tryFire(CompletableFuture.java:632)
	at java.base/java.util.concurrent.CompletableFuture.postComplete(CompletableFuture.java:506)
	at java.base/java.util.concurrent.CompletableFuture.completeExceptionally(CompletableFuture.java:2094)
	at org.apache.ratis.grpc.client.GrpcClientProtocolClient$AsyncStreamObservers.completeReplyExceptionally(GrpcClientProtocolClient.java:394)
	at org.apache.ratis.grpc.client.GrpcClientProtocolClient$AsyncStreamObservers.access$000(GrpcClientProtocolClient.java:300)
	at org.apache.ratis.grpc.client.GrpcClientProtocolClient$AsyncStreamObservers$1.onError(GrpcClientProtocolClient.java:331)
	at org.apache.ratis.thirdparty.io.grpc.stub.ClientCalls$StreamObserverToCallListenerAdapter.onClose(ClientCalls.java:481)
	at org.apache.ratis.thirdparty.io.grpc.PartialForwardingClientCallListener.onClose(PartialForwardingClientCallListener.java:39)
	at org.apache.ratis.thirdparty.io.grpc.ForwardingClientCallListener.onClose(ForwardingClientCallListener.java:23)
	at org.apache.ratis.grpc.metrics.intercept.client.MetricClientCallListener.onClose(MetricClientCallListener.java:47)
	at org.apache.ratis.thirdparty.io.grpc.internal.DelayedClientCall$DelayedListener$3.run(DelayedClientCall.java:489)
	at org.apache.ratis.thirdparty.io.grpc.internal.DelayedClientCall$DelayedListener.delayOrExecute(DelayedClientCall.java:453)
	at org.apache.ratis.thirdparty.io.grpc.internal.DelayedClientCall$DelayedListener.onClose(DelayedClientCall.java:486)
	at org.apache.ratis.thirdparty.io.grpc.internal.ClientCallImpl.closeObserver(ClientCallImpl.java:567)
	at org.apache.ratis.thirdparty.io.grpc.internal.ClientCallImpl.access$300(ClientCallImpl.java:71)
	at org.apache.ratis.thirdparty.io.grpc.internal.ClientCallImpl$ClientStreamListenerImpl$1StreamClosed.runInternal(ClientCallImpl.java:735)
	at org.apache.ratis.thirdparty.io.grpc.internal.ClientCallImpl$ClientStreamListenerImpl$1StreamClosed.runInContext(ClientCallImpl.java:716)
	at org.apache.ratis.thirdparty.io.grpc.internal.ContextRunnable.run(ContextRunnable.java:37)
	at org.apache.ratis.thirdparty.io.grpc.internal.SerializingExecutor.run(SerializingExecutor.java:133)
	at java.base/java.util.concurrent.ThreadPoolExecutor.runWorker(ThreadPoolExecutor.java:1128)
	at java.base/java.util.concurrent.ThreadPoolExecutor$Worker.run(ThreadPoolExecutor.java:628)
	at java.base/java.lang.Thread.run(Thread.java:829)
Caused by: java.io.IOException: org.apache.ratis.thirdparty.io.grpc.StatusRuntimeException: UNAVAILABLE: io exception
	at org.apache.ratis.grpc.GrpcUtil.unwrapException(GrpcUtil.java:99)
	at org.apache.ratis.grpc.GrpcUtil.unwrapIOException(GrpcUtil.java:159)
	at org.apache.ratis.grpc.client.GrpcClientProtocolClient$AsyncStreamObservers$1.onError(GrpcClientProtocolClient.java:330)
	... 16 more
Caused by: org.apache.ratis.thirdparty.io.grpc.StatusRuntimeException: UNAVAILABLE: io exception
	at org.apache.ratis.thirdparty.io.grpc.Status.asRuntimeException(Status.java:537)
	... 16 more
Caused by: org.apache.ratis.thirdparty.io.netty.channel.AbstractChannel$AnnotatedConnectException: finishConnect(..) failed: Connection refused: localhost/127.0.0.1:34265
Caused by: java.net.ConnectException: finishConnect(..) failed: Connection refused
	at org.apache.ratis.thirdparty.io.netty.channel.unix.Errors.newConnectException0(Errors.java:166)
	at org.apache.ratis.thirdparty.io.netty.channel.unix.Errors.handleConnectErrno(Errors.java:131)
	at org.apache.ratis.thirdparty.io.netty.channel.unix.Socket.finishConnect(Socket.java:359)
	at org.apache.ratis.thirdparty.io.netty.channel.epoll.AbstractEpollChannel$AbstractEpollUnsafe.doFinishConnect(AbstractEpollChannel.java:710)
	at org.apache.ratis.thirdparty.io.netty.channel.epoll.AbstractEpollChannel$AbstractEpollUnsafe.finishConnect(AbstractEpollChannel.java:687)
	at org.apache.ratis.thirdparty.io.netty.channel.epoll.AbstractEpollChannel$AbstractEpollUnsafe.epollOutReady(AbstractEpollChannel.java:567)
	at org.apache.ratis.thirdparty.io.netty.channel.epoll.EpollEventLoop.processReady(EpollEventLoop.java:499)
	at org.apache.ratis.thirdparty.io.netty.channel.epoll.EpollEventLoop.run(EpollEventLoop.java:407)
	at org.apache.ratis.thirdparty.io.netty.util.concurrent.SingleThreadEventExecutor$4.run(SingleThreadEventExecutor.java:997)
	at org.apache.ratis.thirdparty.io.netty.util.internal.ThreadExecutorMap$2.run(ThreadExecutorMap.java:74)
	at org.apache.ratis.thirdparty.io.netty.util.concurrent.FastThreadLocalRunnable.run(FastThreadLocalRunnable.java:30)
	at java.base/java.lang.Thread.run(Thread.java:829)
2023-12-01 03:55:49,885 [Time-limited test] INFO  server.RaftServerConfigKeys (ConfUtils.java:logGet(46)) - raft.server.rpc.timeout.max = 300ms (default)
2023-12-01 03:55:49,885 [Time-limited test] INFO  ratis.RaftTestUtil (RaftTestUtil.java:waitForLeader(100)) - printing ALL groups
  s3:  RUNNING  FOLLOWER s3@group-B93FFF3E6E7E:t1, leader=s1, voted=null, raftlog=Memoized:s3@group-B93FFF3E6E7E-SegmentedRaftLog:OPENED:c11, conf=11: peers:[s3|0.0.0.0:39245, s4|0.0.0.0:41791, s2|localhost:34445]|listeners:[], old=null RUNNING
  s4:  RUNNING  FOLLOWER s4@group-B93FFF3E6E7E:t1, leader=s1, voted=null, raftlog=Memoized:s4@group-B93FFF3E6E7E-SegmentedRaftLog:OPENED:c11, conf=11: peers:[s3|0.0.0.0:39245, s4|0.0.0.0:41791, s2|localhost:34445]|listeners:[], old=null RUNNING
  s0:  RUNNING  FOLLOWER s0@group-B93FFF3E6E7E:t1, leader=s1, voted=s1, raftlog=Memoized:s0@group-B93FFF3E6E7E-SegmentedRaftLog:OPENED:c8, conf=9: peers:[s3|0.0.0.0:39245, s4|0.0.0.0:41791, s2|localhost:34445]|listeners:[], old=peers:[s3|0.0.0.0:39245, s4|0.0.0.0:41791, s0|localhost:42131, s1|localhost:43397, s2|localhost:34445]|listeners:[] RUNNING
  s1:  RUNNING    LEADER s1@group-B93FFF3E6E7E:t1, leader=s1, voted=s1, raftlog=Memoized:s1@group-B93FFF3E6E7E-SegmentedRaftLog:OPENED:c11, conf=11: peers:[s3|0.0.0.0:39245, s4|0.0.0.0:41791, s2|localhost:34445]|listeners:[], old=null RUNNING
  s2:  RUNNING  FOLLOWER s2@group-B93FFF3E6E7E:t1, leader=s1, voted=s1, raftlog=Memoized:s2@group-B93FFF3E6E7E-SegmentedRaftLog:OPENED:c11, conf=11: peers:[s3|0.0.0.0:39245, s4|0.0.0.0:41791, s2|localhost:34445]|listeners:[], old=null RUNNING
2023-12-01 03:55:49,885 [Time-limited test] INFO  ratis.RaftTestUtil (RaftTestUtil.java:waitForLeader(119)) - printing ALL groups
  s3:  RUNNING  FOLLOWER s3@group-B93FFF3E6E7E:t1, leader=s1, voted=null, raftlog=Memoized:s3@group-B93FFF3E6E7E-SegmentedRaftLog:OPENED:c11, conf=11: peers:[s3|0.0.0.0:39245, s4|0.0.0.0:41791, s2|localhost:34445]|listeners:[], old=null RUNNING
  s4:  RUNNING  FOLLOWER s4@group-B93FFF3E6E7E:t1, leader=s1, voted=null, raftlog=Memoized:s4@group-B93FFF3E6E7E-SegmentedRaftLog:OPENED:c11, conf=11: peers:[s3|0.0.0.0:39245, s4|0.0.0.0:41791, s2|localhost:34445]|listeners:[], old=null RUNNING
  s0:  RUNNING  FOLLOWER s0@group-B93FFF3E6E7E:t1, leader=s1, voted=s1, raftlog=Memoized:s0@group-B93FFF3E6E7E-SegmentedRaftLog:OPENED:c8, conf=9: peers:[s3|0.0.0.0:39245, s4|0.0.0.0:41791, s2|localhost:34445]|listeners:[], old=peers:[s3|0.0.0.0:39245, s4|0.0.0.0:41791, s0|localhost:42131, s1|localhost:43397, s2|localhost:34445]|listeners:[] RUNNING
  s1:  RUNNING    LEADER s1@group-B93FFF3E6E7E:t1, leader=s1, voted=s1, raftlog=Memoized:s1@group-B93FFF3E6E7E-SegmentedRaftLog:OPENED:c11, conf=11: peers:[s3|0.0.0.0:39245, s4|0.0.0.0:41791, s2|localhost:34445]|listeners:[], old=null RUNNING
  s2:  RUNNING  FOLLOWER s2@group-B93FFF3E6E7E:t1, leader=s1, voted=s1, raftlog=Memoized:s2@group-B93FFF3E6E7E-SegmentedRaftLog:OPENED:c11, conf=11: peers:[s3|0.0.0.0:39245, s4|0.0.0.0:41791, s2|localhost:34445]|listeners:[], old=null RUNNING
2023-12-01 03:55:49,885 [Time-limited test] WARN  grpc.TestRetryCacheWithGrpc (JavaUtils.java:attempt(223)) - FAILED "wait for a leader different than s1", attempt #2/10: java.lang.AssertionError: Values should be different. Actual: s1, sleep 100ms and then retry.
java.lang.AssertionError: Values should be different. Actual: s1
	at org.junit.Assert.fail(Assert.java:89)
	at org.junit.Assert.failEquals(Assert.java:187)
	at org.junit.Assert.assertNotEquals(Assert.java:163)
	at org.junit.Assert.assertNotEquals(Assert.java:177)
	at org.apache.ratis.RetryCacheTests.lambda$runTestRetryOnNewLeader$1(RetryCacheTests.java:148)
	at org.apache.ratis.util.JavaUtils.attempt(JavaUtils.java:217)
	at org.apache.ratis.util.JavaUtils.attemptRepeatedly(JavaUtils.java:203)
	at org.apache.ratis.RetryCacheTests.runTestRetryOnNewLeader(RetryCacheTests.java:146)
	at org.apache.ratis.server.impl.MiniRaftCluster$Factory$Get.runWithNewCluster(MiniRaftCluster.java:141)
	at org.apache.ratis.server.impl.MiniRaftCluster$Factory$Get.runWithNewCluster(MiniRaftCluster.java:121)
	at org.apache.ratis.RetryCacheTests.testRetryOnNewLeader(RetryCacheTests.java:123)
	at java.base/jdk.internal.reflect.NativeMethodAccessorImpl.invoke0(Native Method)
	at java.base/jdk.internal.reflect.NativeMethodAccessorImpl.invoke(NativeMethodAccessorImpl.java:62)
	at java.base/jdk.internal.reflect.DelegatingMethodAccessorImpl.invoke(DelegatingMethodAccessorImpl.java:43)
	at java.base/java.lang.reflect.Method.invoke(Method.java:566)
	at org.junit.runners.model.FrameworkMethod$1.runReflectiveCall(FrameworkMethod.java:59)
	at org.junit.internal.runners.model.ReflectiveCallable.run(ReflectiveCallable.java:12)
	at org.junit.runners.model.FrameworkMethod.invokeExplosively(FrameworkMethod.java:56)
	at org.junit.internal.runners.statements.InvokeMethod.evaluate(InvokeMethod.java:17)
	at org.junit.internal.runners.statements.RunAfters.evaluate(RunAfters.java:27)
	at org.junit.internal.runners.statements.FailOnTimeout$CallableStatement.call(FailOnTimeout.java:299)
	at org.junit.internal.runners.statements.FailOnTimeout$CallableStatement.call(FailOnTimeout.java:293)
	at java.base/java.util.concurrent.FutureTask.run(FutureTask.java:264)
	at java.base/java.lang.Thread.run(Thread.java:829)
2023-12-01 03:55:49,917 [s1@group-B93FFF3E6E7E-LeaderStateImpl] INFO  server.RaftServer$Division (RaftServerImpl.java:lambda$close$3(516)) - s1@group-B93FFF3E6E7E: shutdown
2023-12-01 03:55:49,918 [s1@group-B93FFF3E6E7E-LeaderStateImpl] INFO  util.JmxRegister (JmxRegister.java:unregister(73)) - Successfully un-registered JMX Bean with object name Ratis:service=RaftServer,group=group-B93FFF3E6E7E,id=s1
2023-12-01 03:55:49,918 [s1@group-B93FFF3E6E7E-LeaderStateImpl] INFO  impl.RoleInfo (RoleInfo.java:shutdownLeaderState(94)) - s1: shutdown s1@group-B93FFF3E6E7E-LeaderStateImpl
2023-12-01 03:55:49,918 [s1@group-B93FFF3E6E7E->s2-GrpcLogAppender-LogAppenderDaemon] WARN  server.GrpcLogAppender (GrpcLogAppender.java:mayWait(212)) - s1@group-B93FFF3E6E7E->s2-GrpcLogAppender: Wait interrupted by java.lang.InterruptedException
2023-12-01 03:55:49,918 [s1@group-B93FFF3E6E7E-LeaderStateImpl] INFO  impl.PendingRequests (PendingRequests.java:sendNotLeaderResponses(289)) - s1@group-B93FFF3E6E7E-PendingRequests: sendNotLeaderResponses
2023-12-01 03:55:49,918 [s1@group-B93FFF3E6E7E->s4-GrpcLogAppender-LogAppenderDaemon] WARN  server.GrpcLogAppender (GrpcLogAppender.java:mayWait(212)) - s1@group-B93FFF3E6E7E->s4-GrpcLogAppender: Wait interrupted by java.lang.InterruptedException
2023-12-01 03:55:49,918 [grpc-default-executor-3] INFO  server.GrpcServerProtocolService (GrpcServerProtocolService.java:onCompleted(157)) - s2: Completed APPEND_ENTRIES, lastRequest: s1->s2#34-t1,previous=(t:1, i:11),leaderCommit=11,initializing? true,entries: size=1, first=(t:1, i:12), METADATAENTRY(c:11)
2023-12-01 03:55:49,918 [s1@group-B93FFF3E6E7E->s3-GrpcLogAppender-LogAppenderDaemon] WARN  server.GrpcLogAppender (GrpcLogAppender.java:mayWait(212)) - s1@group-B93FFF3E6E7E->s3-GrpcLogAppender: Wait interrupted by java.lang.InterruptedException
2023-12-01 03:55:49,918 [grpc-default-executor-3] INFO  server.GrpcServerProtocolService (GrpcServerProtocolService.java:lambda$onCompleted$5(159)) - s2: Completed APPEND_ENTRIES, lastReply: null
2023-12-01 03:55:49,919 [s1@group-B93FFF3E6E7E-LeaderStateImpl] INFO  impl.StateMachineUpdater (StateMachineUpdater.java:stopAndJoin(157)) - s1@group-B93FFF3E6E7E-StateMachineUpdater: set stopIndex = 11
2023-12-01 03:55:49,919 [grpc-default-executor-9] INFO  server.GrpcServerProtocolService (GrpcServerProtocolService.java:onCompleted(157)) - s2: Completed APPEND_ENTRIES, lastRequest: null
2023-12-01 03:55:49,919 [s1@group-B93FFF3E6E7E-LeaderStateImpl] INFO  server.RaftServer$Division (ServerState.java:close(423)) - s1@group-B93FFF3E6E7E: applyIndex: 11
2023-12-01 03:55:49,919 [grpc-default-executor-4] INFO  server.GrpcServerProtocolService (GrpcServerProtocolService.java:onCompleted(157)) - s4: Completed APPEND_ENTRIES, lastRequest: null
2023-12-01 03:55:49,920 [grpc-default-executor-10] INFO  server.GrpcServerProtocolService (GrpcServerProtocolService.java:onCompleted(157)) - s4: Completed APPEND_ENTRIES, lastRequest: s1->s4#22-t1,previous=(t:1, i:11),leaderCommit=11,initializing? true,entries: size=1, first=(t:1, i:12), METADATAENTRY(c:11)
2023-12-01 03:55:49,920 [grpc-default-executor-1] INFO  server.GrpcServerProtocolService (GrpcServerProtocolService.java:onCompleted(157)) - s3: Completed APPEND_ENTRIES, lastRequest: s1->s3#20-t1,previous=(t:1, i:11),leaderCommit=11,initializing? true,entries: size=1, first=(t:1, i:12), METADATAENTRY(c:11)
2023-12-01 03:55:49,920 [grpc-default-executor-10] INFO  server.GrpcServerProtocolService (GrpcServerProtocolService.java:lambda$onCompleted$5(159)) - s4: Completed APPEND_ENTRIES, lastReply: null
2023-12-01 03:55:49,920 [grpc-default-executor-1] INFO  server.GrpcServerProtocolService (GrpcServerProtocolService.java:lambda$onCompleted$5(159)) - s3: Completed APPEND_ENTRIES, lastReply: null
2023-12-01 03:55:49,920 [grpc-default-executor-11] INFO  server.GrpcLogAppender (GrpcLogAppender.java:onCompleted(469)) - s1@group-B93FFF3E6E7E->s2-AppendLogResponseHandler: follower responses appendEntries COMPLETED
2023-12-01 03:55:49,920 [s1@group-B93FFF3E6E7E-cacheEviction-AwaitToRun] INFO  util.AwaitToRun (AwaitToRun.java:run(49)) - s1@group-B93FFF3E6E7E-cacheEviction-AwaitToRun-AwaitForSignal is interrupted
2023-12-01 03:55:49,920 [grpc-default-executor-1] INFO  server.GrpcLogAppender (GrpcLogAppender.java:onCompleted(469)) - s1@group-B93FFF3E6E7E->s3-AppendLogResponseHandler: follower responses appendEntries COMPLETED
2023-12-01 03:55:49,920 [grpc-default-executor-3] INFO  server.GrpcServerProtocolService (GrpcServerProtocolService.java:onCompleted(157)) - s3: Completed APPEND_ENTRIES, lastRequest: null
2023-12-01 03:55:49,922 [grpc-default-executor-1] INFO  server.GrpcLogAppender (GrpcLogAppender.java:onCompleted(469)) - s1@group-B93FFF3E6E7E->s4-AppendLogResponseHandler: follower responses appendEntries COMPLETED
2023-12-01 03:55:49,922 [grpc-default-executor-9] INFO  server.GrpcServerProtocolService (GrpcServerProtocolService.java:lambda$onCompleted$5(159)) - s2: Completed APPEND_ENTRIES, lastReply: serverReply {
  requestorId: "s1"
  replyId: "s2"
  raftGroupId {
    id: "T\t\'9\036FK\325\200:\271?\377>n~"
  }
  callId: 38
  success: true
}
term: 1
nextIndex: 13
followerCommit: 11
matchIndex: 18446744073709551615
isHearbeat: true

2023-12-01 03:55:49,922 [grpc-default-executor-4] INFO  server.GrpcServerProtocolService (GrpcServerProtocolService.java:lambda$onCompleted$5(159)) - s4: Completed APPEND_ENTRIES, lastReply: serverReply {
  requestorId: "s1"
  replyId: "s4"
  raftGroupId {
    id: "T\t\'9\036FK\325\200:\271?\377>n~"
  }
  callId: 25
  success: true
}
term: 1
nextIndex: 13
followerCommit: 11
matchIndex: 18446744073709551615
isHearbeat: true

2023-12-01 03:55:49,922 [grpc-default-executor-3] INFO  server.GrpcServerProtocolService (GrpcServerProtocolService.java:lambda$onCompleted$5(159)) - s3: Completed APPEND_ENTRIES, lastReply: serverReply {
  requestorId: "s1"
  replyId: "s3"
  raftGroupId {
    id: "T\t\'9\036FK\325\200:\271?\377>n~"
  }
  callId: 21
  success: true
}
term: 1
nextIndex: 13
followerCommit: 11
matchIndex: 18446744073709551615
isHearbeat: true

2023-12-01 03:55:49,922 [grpc-default-executor-3] INFO  server.GrpcLogAppender (GrpcLogAppender.java:onCompleted(469)) - s1@group-B93FFF3E6E7E->s2-AppendLogResponseHandler: follower responses appendEntries COMPLETED
2023-12-01 03:55:49,922 [grpc-default-executor-1] INFO  server.GrpcLogAppender (GrpcLogAppender.java:onCompleted(469)) - s1@group-B93FFF3E6E7E->s3-AppendLogResponseHandler: follower responses appendEntries COMPLETED
2023-12-01 03:55:49,922 [grpc-default-executor-4] INFO  server.GrpcLogAppender (GrpcLogAppender.java:onCompleted(469)) - s1@group-B93FFF3E6E7E->s4-AppendLogResponseHandler: follower responses appendEntries COMPLETED
2023-12-01 03:55:49,968 [grpc-default-executor-1] ERROR impl.OrderedAsync (OrderedAsync.java:lambda$sendRequest$9(247)) - client-915AA7F58988: Failed* RaftClientRequest:client-915AA7F58988->s2@group-FB8FFDFFFB35, cid=6, seq=1*, Watch(0), null
java.util.concurrent.CompletionException: java.io.IOException: org.apache.ratis.thirdparty.io.grpc.StatusRuntimeException: UNAVAILABLE: io exception
	at java.base/java.util.concurrent.CompletableFuture.encodeThrowable(CompletableFuture.java:331)
	at java.base/java.util.concurrent.CompletableFuture.completeThrowable(CompletableFuture.java:346)
	at java.base/java.util.concurrent.CompletableFuture$UniApply.tryFire(CompletableFuture.java:632)
	at java.base/java.util.concurrent.CompletableFuture.postComplete(CompletableFuture.java:506)
	at java.base/java.util.concurrent.CompletableFuture.completeExceptionally(CompletableFuture.java:2094)
	at org.apache.ratis.grpc.client.GrpcClientProtocolClient$AsyncStreamObservers.completeReplyExceptionally(GrpcClientProtocolClient.java:394)
	at org.apache.ratis.grpc.client.GrpcClientProtocolClient$AsyncStreamObservers.access$000(GrpcClientProtocolClient.java:300)
	at org.apache.ratis.grpc.client.GrpcClientProtocolClient$AsyncStreamObservers$1.onError(GrpcClientProtocolClient.java:331)
	at org.apache.ratis.thirdparty.io.grpc.stub.ClientCalls$StreamObserverToCallListenerAdapter.onClose(ClientCalls.java:481)
	at org.apache.ratis.thirdparty.io.grpc.PartialForwardingClientCallListener.onClose(PartialForwardingClientCallListener.java:39)
	at org.apache.ratis.thirdparty.io.grpc.ForwardingClientCallListener.onClose(ForwardingClientCallListener.java:23)
	at org.apache.ratis.grpc.metrics.intercept.client.MetricClientCallListener.onClose(MetricClientCallListener.java:47)
	at org.apache.ratis.thirdparty.io.grpc.internal.DelayedClientCall$DelayedListener$3.run(DelayedClientCall.java:489)
	at org.apache.ratis.thirdparty.io.grpc.internal.DelayedClientCall$DelayedListener.delayOrExecute(DelayedClientCall.java:453)
	at org.apache.ratis.thirdparty.io.grpc.internal.DelayedClientCall$DelayedListener.onClose(DelayedClientCall.java:486)
	at org.apache.ratis.thirdparty.io.grpc.internal.ClientCallImpl.closeObserver(ClientCallImpl.java:567)
	at org.apache.ratis.thirdparty.io.grpc.internal.ClientCallImpl.access$300(ClientCallImpl.java:71)
	at org.apache.ratis.thirdparty.io.grpc.internal.ClientCallImpl$ClientStreamListenerImpl$1StreamClosed.runInternal(ClientCallImpl.java:735)
	at org.apache.ratis.thirdparty.io.grpc.internal.ClientCallImpl$ClientStreamListenerImpl$1StreamClosed.runInContext(ClientCallImpl.java:716)
	at org.apache.ratis.thirdparty.io.grpc.internal.ContextRunnable.run(ContextRunnable.java:37)
	at org.apache.ratis.thirdparty.io.grpc.internal.SerializingExecutor.run(SerializingExecutor.java:133)
	at java.base/java.util.concurrent.ThreadPoolExecutor.runWorker(ThreadPoolExecutor.java:1128)
	at java.base/java.util.concurrent.ThreadPoolExecutor$Worker.run(ThreadPoolExecutor.java:628)
	at java.base/java.lang.Thread.run(Thread.java:829)
Caused by: java.io.IOException: org.apache.ratis.thirdparty.io.grpc.StatusRuntimeException: UNAVAILABLE: io exception
	at org.apache.ratis.grpc.GrpcUtil.unwrapException(GrpcUtil.java:99)
	at org.apache.ratis.grpc.GrpcUtil.unwrapIOException(GrpcUtil.java:159)
	at org.apache.ratis.grpc.client.GrpcClientProtocolClient$AsyncStreamObservers$1.onError(GrpcClientProtocolClient.java:330)
	... 16 more
Caused by: org.apache.ratis.thirdparty.io.grpc.StatusRuntimeException: UNAVAILABLE: io exception
	at org.apache.ratis.thirdparty.io.grpc.Status.asRuntimeException(Status.java:537)
	... 16 more
Caused by: org.apache.ratis.thirdparty.io.netty.channel.AbstractChannel$AnnotatedConnectException: finishConnect(..) failed: Connection refused: localhost/127.0.0.1:34227
Caused by: java.net.ConnectException: finishConnect(..) failed: Connection refused
	at org.apache.ratis.thirdparty.io.netty.channel.unix.Errors.newConnectException0(Errors.java:166)
	at org.apache.ratis.thirdparty.io.netty.channel.unix.Errors.handleConnectErrno(Errors.java:131)
	at org.apache.ratis.thirdparty.io.netty.channel.unix.Socket.finishConnect(Socket.java:359)
	at org.apache.ratis.thirdparty.io.netty.channel.epoll.AbstractEpollChannel$AbstractEpollUnsafe.doFinishConnect(AbstractEpollChannel.java:710)
	at org.apache.ratis.thirdparty.io.netty.channel.epoll.AbstractEpollChannel$AbstractEpollUnsafe.finishConnect(AbstractEpollChannel.java:687)
	at org.apache.ratis.thirdparty.io.netty.channel.epoll.AbstractEpollChannel$AbstractEpollUnsafe.epollOutReady(AbstractEpollChannel.java:567)
	at org.apache.ratis.thirdparty.io.netty.channel.epoll.EpollEventLoop.processReady(EpollEventLoop.java:499)
	at org.apache.ratis.thirdparty.io.netty.channel.epoll.EpollEventLoop.run(EpollEventLoop.java:407)
	at org.apache.ratis.thirdparty.io.netty.util.concurrent.SingleThreadEventExecutor$4.run(SingleThreadEventExecutor.java:997)
	at org.apache.ratis.thirdparty.io.netty.util.internal.ThreadExecutorMap$2.run(ThreadExecutorMap.java:74)
	at org.apache.ratis.thirdparty.io.netty.util.concurrent.FastThreadLocalRunnable.run(FastThreadLocalRunnable.java:30)
	at java.base/java.lang.Thread.run(Thread.java:829)
2023-12-01 03:55:49,977 [s0@group-B93FFF3E6E7E-FollowerState] INFO  impl.FollowerState (FollowerState.java:run(143)) - s0@group-B93FFF3E6E7E-FollowerState: change to CANDIDATE, lastRpcElapsedTime:223584953ns, electionTimeout:162ms
2023-12-01 03:55:49,977 [s0@group-B93FFF3E6E7E-FollowerState] INFO  impl.RoleInfo (RoleInfo.java:shutdownFollowerState(110)) - s0: shutdown s0@group-B93FFF3E6E7E-FollowerState
2023-12-01 03:55:49,977 [s0@group-B93FFF3E6E7E-FollowerState] INFO  server.RaftServer$Division (RaftServerImpl.java:setRole(379)) - s0@group-B93FFF3E6E7E: changes role from  FOLLOWER to CANDIDATE at term 1 for changeToCandidate
2023-12-01 03:55:49,977 [s0@group-B93FFF3E6E7E-FollowerState] INFO  server.RaftServerConfigKeys (ConfUtils.java:logGet(46)) - raft.server.leaderelection.pre-vote = true (default)
2023-12-01 03:55:49,977 [s0@group-B93FFF3E6E7E-FollowerState] INFO  impl.RoleInfo (RoleInfo.java:updateAndGet(139)) - s0: start s0@group-B93FFF3E6E7E-LeaderElection10
2023-12-01 03:55:49,978 [s0@group-B93FFF3E6E7E-LeaderElection10] INFO  server.RaftServer$Division (ServerState.java:setLeader(265)) - s0@group-B93FFF3E6E7E: change Leader from s1 to null at term 1 for PRE_VOTE
2023-12-01 03:55:49,978 [s0@group-B93FFF3E6E7E-LeaderElection10] INFO  impl.LeaderElection (LeaderElection.java:askForVotes(323)) - s0@group-B93FFF3E6E7E-LeaderElection10 PRE_VOTE round 0: submit vote requests at term 1 for 9: peers:[s3|0.0.0.0:39245, s4|0.0.0.0:41791, s2|localhost:34445]|listeners:[], old=peers:[s3|0.0.0.0:39245, s4|0.0.0.0:41791, s0|localhost:42131, s1|localhost:43397, s2|localhost:34445]|listeners:[]
2023-12-01 03:55:49,978 [s0@group-B93FFF3E6E7E-LeaderElection10] INFO  impl.LeaderElection (LeaderElection.java:askForVotes(325)) - s0@group-B93FFF3E6E7E-LeaderElection10 PRE_VOTE round 0: result NOT_IN_CONF (term=1)
2023-12-01 03:55:49,978 [s0@group-B93FFF3E6E7E-LeaderElection10] INFO  server.RaftServer (RaftServerProxy.java:lambda$close$9(416)) - s0: close
2023-12-01 03:55:49,978 [s0-impl-thread1] INFO  server.RaftServer$Division (RaftServerImpl.java:lambda$close$3(516)) - s0@group-B93FFF3E6E7E: shutdown
2023-12-01 03:55:49,978 [s0@group-B93FFF3E6E7E-LeaderElection10] INFO  server.GrpcService (GrpcService.java:closeImpl(311)) - s0: shutdown server org.apache.ratis.grpc.server.GrpcClientProtocolService now
2023-12-01 03:55:49,978 [s0-impl-thread1] INFO  util.JmxRegister (JmxRegister.java:unregister(73)) - Successfully un-registered JMX Bean with object name Ratis:service=RaftServer,group=group-B93FFF3E6E7E,id=s0
2023-12-01 03:55:49,978 [s0-impl-thread1] INFO  impl.RoleInfo (RoleInfo.java:shutdownLeaderElection(130)) - s0: shutdown s0@group-B93FFF3E6E7E-LeaderElection10
2023-12-01 03:55:49,978 [s0-impl-thread1] INFO  impl.StateMachineUpdater (StateMachineUpdater.java:stopAndJoin(157)) - s0@group-B93FFF3E6E7E-StateMachineUpdater: set stopIndex = 8
2023-12-01 03:55:49,978 [s0-impl-thread1] INFO  server.RaftServer$Division (ServerState.java:close(423)) - s0@group-B93FFF3E6E7E: applyIndex: 8
2023-12-01 03:55:49,979 [s0@group-B93FFF3E6E7E-cacheEviction-AwaitToRun] INFO  util.AwaitToRun (AwaitToRun.java:run(49)) - s0@group-B93FFF3E6E7E-cacheEviction-AwaitToRun-AwaitForSignal is interrupted
2023-12-01 03:55:49,979 [s0@group-B93FFF3E6E7E-LeaderElection10] INFO  server.GrpcService (GrpcService.java:closeImpl(320)) - s0: shutdown server org.apache.ratis.grpc.server.GrpcClientProtocolService successfully
2023-12-01 03:55:49,979 [s0@group-B93FFF3E6E7E-LeaderElection10] INFO  server.GrpcService (GrpcService.java:closeImpl(311)) - s0: shutdown server GrpcServerProtocolService now
2023-12-01 03:55:49,980 [s0@group-B93FFF3E6E7E-LeaderElection10] INFO  server.GrpcService (GrpcService.java:closeImpl(320)) - s0: shutdown server GrpcServerProtocolService successfully
2023-12-01 03:55:49,980 [s0@group-B93FFF3E6E7E-LeaderElection10] INFO  server.GrpcService (GrpcService.java:closeImpl(311)) - s0: shutdown server org.apache.ratis.grpc.server.GrpcAdminProtocolService now
2023-12-01 03:55:49,982 [s0@group-B93FFF3E6E7E-LeaderElection10] INFO  server.GrpcService (GrpcService.java:closeImpl(320)) - s0: shutdown server org.apache.ratis.grpc.server.GrpcAdminProtocolService successfully
2023-12-01 03:55:49,985 [Time-limited test] INFO  server.RaftServerConfigKeys (ConfUtils.java:logGet(46)) - raft.server.rpc.timeout.max = 300ms (default)
2023-12-01 03:55:49,986 [Time-limited test] INFO  ratis.RaftTestUtil (RaftTestUtil.java:waitForLeader(100)) - printing ALL groups
  s3:  RUNNING  FOLLOWER s3@group-B93FFF3E6E7E:t1, leader=s1, voted=null, raftlog=Memoized:s3@group-B93FFF3E6E7E-SegmentedRaftLog:OPENED:c11, conf=11: peers:[s3|0.0.0.0:39245, s4|0.0.0.0:41791, s2|localhost:34445]|listeners:[], old=null RUNNING
  s4:  RUNNING  FOLLOWER s4@group-B93FFF3E6E7E:t1, leader=s1, voted=null, raftlog=Memoized:s4@group-B93FFF3E6E7E-SegmentedRaftLog:OPENED:c11, conf=11: peers:[s3|0.0.0.0:39245, s4|0.0.0.0:41791, s2|localhost:34445]|listeners:[], old=null RUNNING
  s0:  CLOSING CANDIDATE s0@group-B93FFF3E6E7E:t1, leader=null, voted=s1, raftlog=Memoized:s0@group-B93FFF3E6E7E-SegmentedRaftLog:CLOSED:c8, conf=9: peers:[s3|0.0.0.0:39245, s4|0.0.0.0:41791, s2|localhost:34445]|listeners:[], old=peers:[s3|0.0.0.0:39245, s4|0.0.0.0:41791, s0|localhost:42131, s1|localhost:43397, s2|localhost:34445]|listeners:[] CLOSING
  s1:  RUNNING    LEADER s1@group-B93FFF3E6E7E:t1, leader=s1, voted=s1, raftlog=Memoized:s1@group-B93FFF3E6E7E-SegmentedRaftLog:CLOSED:c11, conf=11: peers:[s3|0.0.0.0:39245, s4|0.0.0.0:41791, s2|localhost:34445]|listeners:[], old=null CLOSING
  s2:  RUNNING  FOLLOWER s2@group-B93FFF3E6E7E:t1, leader=s1, voted=s1, raftlog=Memoized:s2@group-B93FFF3E6E7E-SegmentedRaftLog:OPENED:c11, conf=11: peers:[s3|0.0.0.0:39245, s4|0.0.0.0:41791, s2|localhost:34445]|listeners:[], old=null RUNNING
2023-12-01 03:55:49,986 [Time-limited test] WARN  ratis.RaftTestUtil (JavaUtils.java:attempt(223)) - FAILED "waitForLeader-null-(expectLeader? true)", attempt #1/100: java.lang.IllegalStateException: No leader yet : printing ALL groups
  s3:  RUNNING  FOLLOWER s3@group-B93FFF3E6E7E:t1, leader=s1, voted=null, raftlog=Memoized:s3@group-B93FFF3E6E7E-SegmentedRaftLog:OPENED:c11, conf=11: peers:[s3|0.0.0.0:39245, s4|0.0.0.0:41791, s2|localhost:34445]|listeners:[], old=null RUNNING
  s4:  RUNNING  FOLLOWER s4@group-B93FFF3E6E7E:t1, leader=s1, voted=null, raftlog=Memoized:s4@group-B93FFF3E6E7E-SegmentedRaftLog:OPENED:c11, conf=11: peers:[s3|0.0.0.0:39245, s4|0.0.0.0:41791, s2|localhost:34445]|listeners:[], old=null RUNNING
  s0:  CLOSING CANDIDATE s0@group-B93FFF3E6E7E:t1, leader=null, voted=s1, raftlog=Memoized:s0@group-B93FFF3E6E7E-SegmentedRaftLog:CLOSED:c8, conf=9: peers:[s3|0.0.0.0:39245, s4|0.0.0.0:41791, s2|localhost:34445]|listeners:[], old=peers:[s3|0.0.0.0:39245, s4|0.0.0.0:41791, s0|localhost:42131, s1|localhost:43397, s2|localhost:34445]|listeners:[] CLOSING
  s1:  RUNNING    LEADER s1@group-B93FFF3E6E7E:t1, leader=s1, voted=s1, raftlog=Memoized:s1@group-B93FFF3E6E7E-SegmentedRaftLog:CLOSED:c11, conf=11: peers:[s3|0.0.0.0:39245, s4|0.0.0.0:41791, s2|localhost:34445]|listeners:[], old=null CLOSING
  s2:  RUNNING  FOLLOWER s2@group-B93FFF3E6E7E:t1, leader=s1, voted=s1, raftlog=Memoized:s2@group-B93FFF3E6E7E-SegmentedRaftLog:OPENED:c11, conf=11: peers:[s3|0.0.0.0:39245, s4|0.0.0.0:41791, s2|localhost:34445]|listeners:[], old=null RUNNING, sleep 450ms and then retry.
java.lang.IllegalStateException: No leader yet : printing ALL groups
  s3:  RUNNING  FOLLOWER s3@group-B93FFF3E6E7E:t1, leader=s1, voted=null, raftlog=Memoized:s3@group-B93FFF3E6E7E-SegmentedRaftLog:OPENED:c11, conf=11: peers:[s3|0.0.0.0:39245, s4|0.0.0.0:41791, s2|localhost:34445]|listeners:[], old=null RUNNING
  s4:  RUNNING  FOLLOWER s4@group-B93FFF3E6E7E:t1, leader=s1, voted=null, raftlog=Memoized:s4@group-B93FFF3E6E7E-SegmentedRaftLog:OPENED:c11, conf=11: peers:[s3|0.0.0.0:39245, s4|0.0.0.0:41791, s2|localhost:34445]|listeners:[], old=null RUNNING
  s0:  CLOSING CANDIDATE s0@group-B93FFF3E6E7E:t1, leader=null, voted=s1, raftlog=Memoized:s0@group-B93FFF3E6E7E-SegmentedRaftLog:CLOSED:c8, conf=9: peers:[s3|0.0.0.0:39245, s4|0.0.0.0:41791, s2|localhost:34445]|listeners:[], old=peers:[s3|0.0.0.0:39245, s4|0.0.0.0:41791, s0|localhost:42131, s1|localhost:43397, s2|localhost:34445]|listeners:[] CLOSING
  s1:  RUNNING    LEADER s1@group-B93FFF3E6E7E:t1, leader=s1, voted=s1, raftlog=Memoized:s1@group-B93FFF3E6E7E-SegmentedRaftLog:CLOSED:c11, conf=11: peers:[s3|0.0.0.0:39245, s4|0.0.0.0:41791, s2|localhost:34445]|listeners:[], old=null CLOSING
  s2:  RUNNING  FOLLOWER s2@group-B93FFF3E6E7E:t1, leader=s1, voted=s1, raftlog=Memoized:s2@group-B93FFF3E6E7E-SegmentedRaftLog:OPENED:c11, conf=11: peers:[s3|0.0.0.0:39245, s4|0.0.0.0:41791, s2|localhost:34445]|listeners:[], old=null RUNNING
	at org.apache.ratis.server.impl.MiniRaftCluster.newIllegalStateExceptionForNoLeaders(MiniRaftCluster.java:581)
	at org.apache.ratis.RaftTestUtil.lambda$waitForLeader$1(RaftTestUtil.java:104)
	at org.apache.ratis.server.impl.MiniRaftCluster.getLeader(MiniRaftCluster.java:615)
	at org.apache.ratis.server.impl.MiniRaftCluster.getLeader(MiniRaftCluster.java:608)
	at org.apache.ratis.RaftTestUtil.lambda$waitForLeader$3(RaftTestUtil.java:112)
	at org.apache.ratis.util.JavaUtils.attempt(JavaUtils.java:217)
	at org.apache.ratis.util.JavaUtils.attemptRepeatedly(JavaUtils.java:203)
	at org.apache.ratis.RaftTestUtil.waitForLeader(RaftTestUtil.java:111)
	at org.apache.ratis.RaftTestUtil.waitForLeader(RaftTestUtil.java:92)
	at org.apache.ratis.RaftTestUtil.waitForLeader(RaftTestUtil.java:87)
	at org.apache.ratis.RetryCacheTests.lambda$runTestRetryOnNewLeader$1(RetryCacheTests.java:147)
	at org.apache.ratis.util.JavaUtils.attempt(JavaUtils.java:217)
	at org.apache.ratis.util.JavaUtils.attemptRepeatedly(JavaUtils.java:203)
	at org.apache.ratis.RetryCacheTests.runTestRetryOnNewLeader(RetryCacheTests.java:146)
	at org.apache.ratis.server.impl.MiniRaftCluster$Factory$Get.runWithNewCluster(MiniRaftCluster.java:141)
	at org.apache.ratis.server.impl.MiniRaftCluster$Factory$Get.runWithNewCluster(MiniRaftCluster.java:121)
	at org.apache.ratis.RetryCacheTests.testRetryOnNewLeader(RetryCacheTests.java:123)
	at java.base/jdk.internal.reflect.NativeMethodAccessorImpl.invoke0(Native Method)
	at java.base/jdk.internal.reflect.NativeMethodAccessorImpl.invoke(NativeMethodAccessorImpl.java:62)
	at java.base/jdk.internal.reflect.DelegatingMethodAccessorImpl.invoke(DelegatingMethodAccessorImpl.java:43)
	at java.base/java.lang.reflect.Method.invoke(Method.java:566)
	at org.junit.runners.model.FrameworkMethod$1.runReflectiveCall(FrameworkMethod.java:59)
	at org.junit.internal.runners.model.ReflectiveCallable.run(ReflectiveCallable.java:12)
	at org.junit.runners.model.FrameworkMethod.invokeExplosively(FrameworkMethod.java:56)
	at org.junit.internal.runners.statements.InvokeMethod.evaluate(InvokeMethod.java:17)
	at org.junit.internal.runners.statements.RunAfters.evaluate(RunAfters.java:27)
	at org.junit.internal.runners.statements.FailOnTimeout$CallableStatement.call(FailOnTimeout.java:299)
	at org.junit.internal.runners.statements.FailOnTimeout$CallableStatement.call(FailOnTimeout.java:293)
	at java.base/java.util.concurrent.FutureTask.run(FutureTask.java:264)
	at java.base/java.lang.Thread.run(Thread.java:829)
2023-12-01 03:55:50,071 [grpc-default-executor-3] ERROR impl.OrderedAsync (OrderedAsync.java:lambda$sendRequest$9(247)) - client-915AA7F58988: Failed* RaftClientRequest:client-915AA7F58988->s1@group-FB8FFDFFFB35, cid=6, seq=1*, Watch(0), null
java.util.concurrent.CompletionException: java.io.IOException: org.apache.ratis.thirdparty.io.grpc.StatusRuntimeException: UNAVAILABLE: io exception
	at java.base/java.util.concurrent.CompletableFuture.encodeThrowable(CompletableFuture.java:331)
	at java.base/java.util.concurrent.CompletableFuture.completeThrowable(CompletableFuture.java:346)
	at java.base/java.util.concurrent.CompletableFuture$UniApply.tryFire(CompletableFuture.java:632)
	at java.base/java.util.concurrent.CompletableFuture.postComplete(CompletableFuture.java:506)
	at java.base/java.util.concurrent.CompletableFuture.completeExceptionally(CompletableFuture.java:2094)
	at org.apache.ratis.grpc.client.GrpcClientProtocolClient$AsyncStreamObservers.completeReplyExceptionally(GrpcClientProtocolClient.java:394)
	at org.apache.ratis.grpc.client.GrpcClientProtocolClient$AsyncStreamObservers.access$000(GrpcClientProtocolClient.java:300)
	at org.apache.ratis.grpc.client.GrpcClientProtocolClient$AsyncStreamObservers$1.onError(GrpcClientProtocolClient.java:331)
	at org.apache.ratis.thirdparty.io.grpc.stub.ClientCalls$StreamObserverToCallListenerAdapter.onClose(ClientCalls.java:481)
	at org.apache.ratis.thirdparty.io.grpc.PartialForwardingClientCallListener.onClose(PartialForwardingClientCallListener.java:39)
	at org.apache.ratis.thirdparty.io.grpc.ForwardingClientCallListener.onClose(ForwardingClientCallListener.java:23)
	at org.apache.ratis.grpc.metrics.intercept.client.MetricClientCallListener.onClose(MetricClientCallListener.java:47)
	at org.apache.ratis.thirdparty.io.grpc.internal.DelayedClientCall$DelayedListener$3.run(DelayedClientCall.java:489)
	at org.apache.ratis.thirdparty.io.grpc.internal.DelayedClientCall$DelayedListener.delayOrExecute(DelayedClientCall.java:453)
	at org.apache.ratis.thirdparty.io.grpc.internal.DelayedClientCall$DelayedListener.onClose(DelayedClientCall.java:486)
	at org.apache.ratis.thirdparty.io.grpc.internal.ClientCallImpl.closeObserver(ClientCallImpl.java:567)
	at org.apache.ratis.thirdparty.io.grpc.internal.ClientCallImpl.access$300(ClientCallImpl.java:71)
	at org.apache.ratis.thirdparty.io.grpc.internal.ClientCallImpl$ClientStreamListenerImpl$1StreamClosed.runInternal(ClientCallImpl.java:735)
	at org.apache.ratis.thirdparty.io.grpc.internal.ClientCallImpl$ClientStreamListenerImpl$1StreamClosed.runInContext(ClientCallImpl.java:716)
	at org.apache.ratis.thirdparty.io.grpc.internal.ContextRunnable.run(ContextRunnable.java:37)
	at org.apache.ratis.thirdparty.io.grpc.internal.SerializingExecutor.run(SerializingExecutor.java:133)
	at java.base/java.util.concurrent.ThreadPoolExecutor.runWorker(ThreadPoolExecutor.java:1128)
	at java.base/java.util.concurrent.ThreadPoolExecutor$Worker.run(ThreadPoolExecutor.java:628)
	at java.base/java.lang.Thread.run(Thread.java:829)
Caused by: java.io.IOException: org.apache.ratis.thirdparty.io.grpc.StatusRuntimeException: UNAVAILABLE: io exception
	at org.apache.ratis.grpc.GrpcUtil.unwrapException(GrpcUtil.java:99)
	at org.apache.ratis.grpc.GrpcUtil.unwrapIOException(GrpcUtil.java:159)
	at org.apache.ratis.grpc.client.GrpcClientProtocolClient$AsyncStreamObservers$1.onError(GrpcClientProtocolClient.java:330)
	... 16 more
Caused by: org.apache.ratis.thirdparty.io.grpc.StatusRuntimeException: UNAVAILABLE: io exception
	at org.apache.ratis.thirdparty.io.grpc.Status.asRuntimeException(Status.java:537)
	... 16 more
Caused by: org.apache.ratis.thirdparty.io.netty.channel.AbstractChannel$AnnotatedConnectException: finishConnect(..) failed: Connection refused: localhost/127.0.0.1:36299
Caused by: java.net.ConnectException: finishConnect(..) failed: Connection refused
	at org.apache.ratis.thirdparty.io.netty.channel.unix.Errors.newConnectException0(Errors.java:166)
	at org.apache.ratis.thirdparty.io.netty.channel.unix.Errors.handleConnectErrno(Errors.java:131)
	at org.apache.ratis.thirdparty.io.netty.channel.unix.Socket.finishConnect(Socket.java:359)
	at org.apache.ratis.thirdparty.io.netty.channel.epoll.AbstractEpollChannel$AbstractEpollUnsafe.doFinishConnect(AbstractEpollChannel.java:710)
	at org.apache.ratis.thirdparty.io.netty.channel.epoll.AbstractEpollChannel$AbstractEpollUnsafe.finishConnect(AbstractEpollChannel.java:687)
	at org.apache.ratis.thirdparty.io.netty.channel.epoll.AbstractEpollChannel$AbstractEpollUnsafe.epollOutReady(AbstractEpollChannel.java:567)
	at org.apache.ratis.thirdparty.io.netty.channel.epoll.EpollEventLoop.processReady(EpollEventLoop.java:499)
	at org.apache.ratis.thirdparty.io.netty.channel.epoll.EpollEventLoop.run(EpollEventLoop.java:407)
	at org.apache.ratis.thirdparty.io.netty.util.concurrent.SingleThreadEventExecutor$4.run(SingleThreadEventExecutor.java:997)
	at org.apache.ratis.thirdparty.io.netty.util.internal.ThreadExecutorMap$2.run(ThreadExecutorMap.java:74)
	at org.apache.ratis.thirdparty.io.netty.util.concurrent.FastThreadLocalRunnable.run(FastThreadLocalRunnable.java:30)
	at java.base/java.lang.Thread.run(Thread.java:829)
2023-12-01 03:55:50,146 [s2@group-B93FFF3E6E7E-FollowerState] INFO  impl.FollowerState (FollowerState.java:run(143)) - s2@group-B93FFF3E6E7E-FollowerState: change to CANDIDATE, lastRpcElapsedTime:296107438ns, electionTimeout:258ms
2023-12-01 03:55:50,146 [s2@group-B93FFF3E6E7E-FollowerState] INFO  impl.RoleInfo (RoleInfo.java:shutdownFollowerState(110)) - s2: shutdown s2@group-B93FFF3E6E7E-FollowerState
2023-12-01 03:55:50,146 [s2@group-B93FFF3E6E7E-FollowerState] INFO  server.RaftServer$Division (RaftServerImpl.java:setRole(379)) - s2@group-B93FFF3E6E7E: changes role from  FOLLOWER to CANDIDATE at term 1 for changeToCandidate
2023-12-01 03:55:50,146 [s2@group-B93FFF3E6E7E-FollowerState] INFO  server.RaftServerConfigKeys (ConfUtils.java:logGet(46)) - raft.server.leaderelection.pre-vote = true (default)
2023-12-01 03:55:50,146 [s2@group-B93FFF3E6E7E-FollowerState] INFO  impl.RoleInfo (RoleInfo.java:updateAndGet(139)) - s2: start s2@group-B93FFF3E6E7E-LeaderElection11
2023-12-01 03:55:50,147 [s2@group-B93FFF3E6E7E-LeaderElection11] INFO  server.RaftServer$Division (ServerState.java:setLeader(265)) - s2@group-B93FFF3E6E7E: change Leader from s1 to null at term 1 for PRE_VOTE
2023-12-01 03:55:50,147 [s2@group-B93FFF3E6E7E-LeaderElection11] INFO  impl.LeaderElection (LeaderElection.java:askForVotes(323)) - s2@group-B93FFF3E6E7E-LeaderElection11 PRE_VOTE round 0: submit vote requests at term 1 for 11: peers:[s3|0.0.0.0:39245, s4|0.0.0.0:41791, s2|localhost:34445]|listeners:[], old=null
2023-12-01 03:55:50,147 [s2@group-B93FFF3E6E7E-LeaderElection11-1] INFO  server.GrpcServerProtocolClient (GrpcServerProtocolClient.java:<init>(65)) - Build channel for s3
2023-12-01 03:55:50,147 [s2@group-B93FFF3E6E7E-LeaderElection11-2] INFO  server.GrpcServerProtocolClient (GrpcServerProtocolClient.java:<init>(65)) - Build channel for s4
2023-12-01 03:55:50,150 [grpc-default-executor-4] INFO  server.RaftServer$Division (RaftServerImpl.java:requestVote(1377)) - s4@group-B93FFF3E6E7E: receive requestVote(PRE_VOTE, s2, group-B93FFF3E6E7E, 1, (t:1, i:12))
2023-12-01 03:55:50,150 [grpc-default-executor-3] INFO  server.RaftServer$Division (RaftServerImpl.java:requestVote(1377)) - s3@group-B93FFF3E6E7E: receive requestVote(PRE_VOTE, s2, group-B93FFF3E6E7E, 1, (t:1, i:12))
2023-12-01 03:55:50,151 [grpc-default-executor-3] INFO  impl.VoteContext (VoteContext.java:log(49)) - s3@group-B93FFF3E6E7E-FOLLOWER: accept PRE_VOTE from s2: our priority 0 <= candidate's priority 0
2023-12-01 03:55:50,151 [grpc-default-executor-4] INFO  impl.VoteContext (VoteContext.java:log(49)) - s4@group-B93FFF3E6E7E-FOLLOWER: accept PRE_VOTE from s2: our priority 0 <= candidate's priority 0
2023-12-01 03:55:50,151 [grpc-default-executor-3] INFO  server.RaftServer$Division (RaftServerImpl.java:requestVote(1410)) - s3@group-B93FFF3E6E7E replies to PRE_VOTE vote request: s2<-s3#0:OK-t1. Peer's state: s3@group-B93FFF3E6E7E:t1, leader=s1, voted=null, raftlog=Memoized:s3@group-B93FFF3E6E7E-SegmentedRaftLog:OPENED:c11, conf=11: peers:[s3|0.0.0.0:39245, s4|0.0.0.0:41791, s2|localhost:34445]|listeners:[], old=null
2023-12-01 03:55:50,151 [grpc-default-executor-4] INFO  server.RaftServer$Division (RaftServerImpl.java:requestVote(1410)) - s4@group-B93FFF3E6E7E replies to PRE_VOTE vote request: s2<-s4#0:OK-t1. Peer's state: s4@group-B93FFF3E6E7E:t1, leader=s1, voted=null, raftlog=Memoized:s4@group-B93FFF3E6E7E-SegmentedRaftLog:OPENED:c11, conf=11: peers:[s3|0.0.0.0:39245, s4|0.0.0.0:41791, s2|localhost:34445]|listeners:[], old=null
2023-12-01 03:55:50,152 [s2@group-B93FFF3E6E7E-LeaderElection11] INFO  impl.LeaderElection (LeaderElection.java:logAndReturn(89)) - s2@group-B93FFF3E6E7E-LeaderElection11: PRE_VOTE PASSED received 1 response(s) and 0 exception(s):
2023-12-01 03:55:50,152 [s2@group-B93FFF3E6E7E-LeaderElection11] INFO  impl.LeaderElection (LeaderElection.java:logAndReturn(93)) -   Response 0: s2<-s4#0:OK-t1
2023-12-01 03:55:50,152 [s2@group-B93FFF3E6E7E-LeaderElection11] INFO  impl.LeaderElection (LeaderElection.java:askForVotes(325)) - s2@group-B93FFF3E6E7E-LeaderElection11 PRE_VOTE round 0: result PASSED
2023-12-01 03:55:50,152 [s2@group-B93FFF3E6E7E-LeaderElection11] TRACE util.FileUtils (LogUtils.java:supplyAndLog(69)) - Successfully supplied FileChannel.open /home/runner/work/ratis/ratis/ratis-test/target/test/data/1b1d21a/MiniRaftClusterWithGrpc65a5be97/s2/54092739-1e46-4bd5-803a-b93fff3e6e7e/current/raft-meta.tmp with options [CREATE, WRITE]: sun.nio.ch.FileChannelImpl@55cee99f
2023-12-01 03:55:50,153 [s2@group-B93FFF3E6E7E-LeaderElection11] TRACE util.FileUtils (LogUtils.java:runAndLog(49)) - Successfully ran Atomic Files.move /home/runner/work/ratis/ratis/ratis-test/target/test/data/1b1d21a/MiniRaftClusterWithGrpc65a5be97/s2/54092739-1e46-4bd5-803a-b93fff3e6e7e/current/raft-meta.tmp to /home/runner/work/ratis/ratis/ratis-test/target/test/data/1b1d21a/MiniRaftClusterWithGrpc65a5be97/s2/54092739-1e46-4bd5-803a-b93fff3e6e7e/current/raft-meta with options [REPLACE_EXISTING]
2023-12-01 03:55:50,153 [s2@group-B93FFF3E6E7E-LeaderElection11] INFO  impl.LeaderElection (LeaderElection.java:askForVotes(323)) - s2@group-B93FFF3E6E7E-LeaderElection11 ELECTION round 0: submit vote requests at term 2 for 11: peers:[s3|0.0.0.0:39245, s4|0.0.0.0:41791, s2|localhost:34445]|listeners:[], old=null
2023-12-01 03:55:50,154 [grpc-default-executor-4] INFO  server.RaftServer$Division (RaftServerImpl.java:requestVote(1377)) - s3@group-B93FFF3E6E7E: receive requestVote(ELECTION, s2, group-B93FFF3E6E7E, 2, (t:1, i:12))
2023-12-01 03:55:50,154 [grpc-default-executor-4] INFO  impl.VoteContext (VoteContext.java:log(49)) - s3@group-B93FFF3E6E7E-FOLLOWER: accept ELECTION from s2: our priority 0 <= candidate's priority 0
2023-12-01 03:55:50,155 [grpc-default-executor-3] INFO  server.RaftServer$Division (RaftServerImpl.java:requestVote(1377)) - s4@group-B93FFF3E6E7E: receive requestVote(ELECTION, s2, group-B93FFF3E6E7E, 2, (t:1, i:12))
2023-12-01 03:55:50,155 [grpc-default-executor-4] INFO  server.RaftServer$Division (ServerState.java:setLeader(265)) - s3@group-B93FFF3E6E7E: change Leader from s1 to null at term 2 for updateCurrentTerm
2023-12-01 03:55:50,155 [grpc-default-executor-3] INFO  impl.VoteContext (VoteContext.java:log(49)) - s4@group-B93FFF3E6E7E-FOLLOWER: accept ELECTION from s2: our priority 0 <= candidate's priority 0
2023-12-01 03:55:50,155 [grpc-default-executor-4] INFO  server.RaftServer$Division (RaftServerImpl.java:setRole(379)) - s3@group-B93FFF3E6E7E: changes role from  FOLLOWER to FOLLOWER at term 2 for candidate:s2
2023-12-01 03:55:50,155 [grpc-default-executor-3] INFO  server.RaftServer$Division (ServerState.java:setLeader(265)) - s4@group-B93FFF3E6E7E: change Leader from s1 to null at term 2 for updateCurrentTerm
2023-12-01 03:55:50,155 [grpc-default-executor-4] INFO  impl.RoleInfo (RoleInfo.java:shutdownFollowerState(110)) - s3: shutdown s3@group-B93FFF3E6E7E-FollowerState
2023-12-01 03:55:50,155 [grpc-default-executor-3] INFO  server.RaftServer$Division (RaftServerImpl.java:setRole(379)) - s4@group-B93FFF3E6E7E: changes role from  FOLLOWER to FOLLOWER at term 2 for candidate:s2
2023-12-01 03:55:50,155 [grpc-default-executor-3] INFO  impl.RoleInfo (RoleInfo.java:shutdownFollowerState(110)) - s4: shutdown s4@group-B93FFF3E6E7E-FollowerState
2023-12-01 03:55:50,155 [s3@group-B93FFF3E6E7E-FollowerState] INFO  impl.FollowerState (FollowerState.java:run(152)) - s3@group-B93FFF3E6E7E-FollowerState was interrupted
2023-12-01 03:55:50,155 [grpc-default-executor-3] INFO  impl.RoleInfo (RoleInfo.java:updateAndGet(139)) - s4: start s4@group-B93FFF3E6E7E-FollowerState
2023-12-01 03:55:50,155 [grpc-default-executor-4] INFO  impl.RoleInfo (RoleInfo.java:updateAndGet(139)) - s3: start s3@group-B93FFF3E6E7E-FollowerState
2023-12-01 03:55:50,155 [grpc-default-executor-3] TRACE util.FileUtils (LogUtils.java:supplyAndLog(69)) - Successfully supplied FileChannel.open /home/runner/work/ratis/ratis/ratis-test/target/test/data/1b1d21a/MiniRaftClusterWithGrpc65a5be97/s4/54092739-1e46-4bd5-803a-b93fff3e6e7e/current/raft-meta.tmp with options [CREATE, WRITE]: sun.nio.ch.FileChannelImpl@7fb9c7b7
2023-12-01 03:55:50,155 [grpc-default-executor-4] TRACE util.FileUtils (LogUtils.java:supplyAndLog(69)) - Successfully supplied FileChannel.open /home/runner/work/ratis/ratis/ratis-test/target/test/data/1b1d21a/MiniRaftClusterWithGrpc65a5be97/s3/54092739-1e46-4bd5-803a-b93fff3e6e7e/current/raft-meta.tmp with options [CREATE, WRITE]: sun.nio.ch.FileChannelImpl@24e11bfb
2023-12-01 03:55:50,155 [s4@group-B93FFF3E6E7E-FollowerState] INFO  impl.FollowerState (FollowerState.java:run(152)) - s4@group-B93FFF3E6E7E-FollowerState was interrupted
2023-12-01 03:55:50,156 [grpc-default-executor-4] TRACE util.FileUtils (LogUtils.java:runAndLog(49)) - Successfully ran Atomic Files.move /home/runner/work/ratis/ratis/ratis-test/target/test/data/1b1d21a/MiniRaftClusterWithGrpc65a5be97/s3/54092739-1e46-4bd5-803a-b93fff3e6e7e/current/raft-meta.tmp to /home/runner/work/ratis/ratis/ratis-test/target/test/data/1b1d21a/MiniRaftClusterWithGrpc65a5be97/s3/54092739-1e46-4bd5-803a-b93fff3e6e7e/current/raft-meta with options [REPLACE_EXISTING]
2023-12-01 03:55:50,156 [grpc-default-executor-4] INFO  server.RaftServer$Division (RaftServerImpl.java:requestVote(1410)) - s3@group-B93FFF3E6E7E replies to ELECTION vote request: s2<-s3#0:OK-t2. Peer's state: s3@group-B93FFF3E6E7E:t2, leader=null, voted=s2, raftlog=Memoized:s3@group-B93FFF3E6E7E-SegmentedRaftLog:OPENED:c11, conf=11: peers:[s3|0.0.0.0:39245, s4|0.0.0.0:41791, s2|localhost:34445]|listeners:[], old=null
2023-12-01 03:55:50,157 [grpc-default-executor-3] TRACE util.FileUtils (LogUtils.java:runAndLog(49)) - Successfully ran Atomic Files.move /home/runner/work/ratis/ratis/ratis-test/target/test/data/1b1d21a/MiniRaftClusterWithGrpc65a5be97/s4/54092739-1e46-4bd5-803a-b93fff3e6e7e/current/raft-meta.tmp to /home/runner/work/ratis/ratis/ratis-test/target/test/data/1b1d21a/MiniRaftClusterWithGrpc65a5be97/s4/54092739-1e46-4bd5-803a-b93fff3e6e7e/current/raft-meta with options [REPLACE_EXISTING]
2023-12-01 03:55:50,157 [grpc-default-executor-3] INFO  server.RaftServer$Division (RaftServerImpl.java:requestVote(1410)) - s4@group-B93FFF3E6E7E replies to ELECTION vote request: s2<-s4#0:OK-t2. Peer's state: s4@group-B93FFF3E6E7E:t2, leader=null, voted=s2, raftlog=Memoized:s4@group-B93FFF3E6E7E-SegmentedRaftLog:OPENED:c11, conf=11: peers:[s3|0.0.0.0:39245, s4|0.0.0.0:41791, s2|localhost:34445]|listeners:[], old=null
2023-12-01 03:55:50,157 [s2@group-B93FFF3E6E7E-LeaderElection11] INFO  impl.LeaderElection (LeaderElection.java:logAndReturn(89)) - s2@group-B93FFF3E6E7E-LeaderElection11: ELECTION PASSED received 1 response(s) and 0 exception(s):
2023-12-01 03:55:50,157 [s2@group-B93FFF3E6E7E-LeaderElection11] INFO  impl.LeaderElection (LeaderElection.java:logAndReturn(93)) -   Response 0: s2<-s3#0:OK-t2
2023-12-01 03:55:50,157 [s2@group-B93FFF3E6E7E-LeaderElection11] INFO  impl.LeaderElection (LeaderElection.java:askForVotes(325)) - s2@group-B93FFF3E6E7E-LeaderElection11 ELECTION round 0: result PASSED
2023-12-01 03:55:50,157 [s2@group-B93FFF3E6E7E-LeaderElection11] INFO  impl.RoleInfo (RoleInfo.java:shutdownLeaderElection(130)) - s2: shutdown s2@group-B93FFF3E6E7E-LeaderElection11
2023-12-01 03:55:50,157 [s2@group-B93FFF3E6E7E-LeaderElection11] INFO  server.RaftServer$Division (RaftServerImpl.java:setRole(379)) - s2@group-B93FFF3E6E7E: changes role from CANDIDATE to LEADER at term 2 for changeToLeader
2023-12-01 03:55:50,157 [s2@group-B93FFF3E6E7E-LeaderElection11] INFO  server.RaftServerConfigKeys (ConfUtils.java:logGet(46)) - raft.server.staging.catchup.gap = 1000 (default)
2023-12-01 03:55:50,157 [s2@group-B93FFF3E6E7E-LeaderElection11] INFO  server.RaftServerConfigKeys (ConfUtils.java:logGet(46)) - raft.server.write.element-limit = 4096 (default)
2023-12-01 03:55:50,157 [s2@group-B93FFF3E6E7E-LeaderElection11] INFO  server.RaftServerConfigKeys (ConfUtils.java:logGet(46)) - raft.server.write.byte-limit = 64MB (=67108864) (default)
2023-12-01 03:55:50,157 [s2@group-B93FFF3E6E7E-LeaderElection11] INFO  server.RaftServerConfigKeys (ConfUtils.java:logGet(46)) - raft.server.watch.timeout = 10s (default)
2023-12-01 03:55:50,158 [s2@group-B93FFF3E6E7E-LeaderElection11] INFO  server.RaftServerConfigKeys (ConfUtils.java:logGet(46)) - raft.server.watch.timeout.denomination = 1s (default)
2023-12-01 03:55:50,158 [s2@group-B93FFF3E6E7E-LeaderElection11] INFO  server.RaftServerConfigKeys (ConfUtils.java:logGet(46)) - raft.server.watch.element-limit = 65536 (default)
2023-12-01 03:55:50,158 [s2@group-B93FFF3E6E7E-LeaderElection11] INFO  server.RaftServerConfigKeys (ConfUtils.java:logGet(46)) - raft.server.read.leader.lease.enabled = false (default)
2023-12-01 03:55:50,158 [s2@group-B93FFF3E6E7E-LeaderElection11] INFO  server.RaftServerConfigKeys (ConfUtils.java:logGet(46)) - raft.server.read.leader.lease.timeout.ratio = 0.9 (default)
2023-12-01 03:55:50,158 [s2@group-B93FFF3E6E7E-LeaderElection11] INFO  server.RaftServerConfigKeys (ConfUtils.java:logGet(46)) - raft.server.rpc.timeout.min = 150ms (default)
2023-12-01 03:55:50,158 [s2@group-B93FFF3E6E7E-LeaderElection11] INFO  server.RaftServerConfigKeys (ConfUtils.java:logGet(46)) - raft.server.write.element-limit = 4096 (default)
2023-12-01 03:55:50,158 [s2@group-B93FFF3E6E7E-LeaderElection11] INFO  server.RaftServerConfigKeys (ConfUtils.java:logGet(46)) - raft.server.write.follower.gap.ratio.max = -1.0 (default)
2023-12-01 03:55:50,158 [s2@group-B93FFF3E6E7E-LeaderElection11] INFO  server.RaftServerConfigKeys (ConfUtils.java:logGet(46)) - raft.server.log.appender.snapshot.chunk.size.max = 16MB (=16777216) (default)
2023-12-01 03:55:50,158 [s2@group-B93FFF3E6E7E-LeaderElection11] INFO  server.RaftServerConfigKeys (ConfUtils.java:logGet(46)) - raft.server.log.appender.buffer.byte-limit = 4MB (=4194304) (default)
2023-12-01 03:55:50,158 [s2@group-B93FFF3E6E7E-LeaderElection11] INFO  server.RaftServerConfigKeys (ConfUtils.java:logGet(46)) - raft.server.log.appender.buffer.element-limit = 0 (default)
2023-12-01 03:55:50,158 [s2@group-B93FFF3E6E7E-LeaderElection11] INFO  server.RaftServerConfigKeys (ConfUtils.java:logGet(46)) - raft.server.log.appender.wait-time.min = 1ms (default)
2023-12-01 03:55:50,158 [s2@group-B93FFF3E6E7E-LeaderElection11] INFO  grpc.GrpcConfigKeys (ConfUtils.java:logGet(46)) - raft.grpc.server.leader.outstanding.appends.max = 8 (default)
2023-12-01 03:55:50,158 [s2@group-B93FFF3E6E7E-LeaderElection11] INFO  server.RaftServerConfigKeys (ConfUtils.java:logGet(46)) - raft.server.rpc.request.timeout = 3000ms (default)
2023-12-01 03:55:50,158 [s2@group-B93FFF3E6E7E-LeaderElection11] INFO  grpc.GrpcConfigKeys (ConfUtils.java:logGet(46)) - raft.grpc.server.install_snapshot.request.element-limit = 8 (default)
2023-12-01 03:55:50,159 [s2@group-B93FFF3E6E7E-LeaderElection11] INFO  grpc.GrpcConfigKeys (ConfUtils.java:logGet(46)) - raft.grpc.server.install_snapshot.request.timeout = 3000ms (default)
2023-12-01 03:55:50,159 [s2@group-B93FFF3E6E7E-LeaderElection11] INFO  server.RaftServerConfigKeys (ConfUtils.java:logGet(46)) - raft.server.log.appender.install.snapshot.enabled = true (default)
2023-12-01 03:55:50,159 [s2@group-B93FFF3E6E7E-LeaderElection11] INFO  grpc.GrpcConfigKeys (ConfUtils.java:logGet(46)) - raft.grpc.server.heartbeat.channel = true (default)
2023-12-01 03:55:50,159 [s2@group-B93FFF3E6E7E-LeaderElection11] INFO  server.RaftServerConfigKeys (ConfUtils.java:logGet(46)) - raft.server.log.appender.snapshot.chunk.size.max = 16MB (=16777216) (default)
2023-12-01 03:55:50,159 [s2@group-B93FFF3E6E7E-LeaderElection11] INFO  server.RaftServerConfigKeys (ConfUtils.java:logGet(46)) - raft.server.log.appender.buffer.byte-limit = 4MB (=4194304) (default)
2023-12-01 03:55:50,159 [s2@group-B93FFF3E6E7E-LeaderElection11] INFO  server.RaftServerConfigKeys (ConfUtils.java:logGet(46)) - raft.server.log.appender.buffer.element-limit = 0 (default)
2023-12-01 03:55:50,159 [s2@group-B93FFF3E6E7E-LeaderElection11] INFO  server.RaftServerConfigKeys (ConfUtils.java:logGet(46)) - raft.server.log.appender.wait-time.min = 1ms (default)
2023-12-01 03:55:50,159 [s2@group-B93FFF3E6E7E-LeaderElection11] INFO  grpc.GrpcConfigKeys (ConfUtils.java:logGet(46)) - raft.grpc.server.leader.outstanding.appends.max = 8 (default)
2023-12-01 03:55:50,159 [s2@group-B93FFF3E6E7E-LeaderElection11] INFO  server.RaftServerConfigKeys (ConfUtils.java:logGet(46)) - raft.server.rpc.request.timeout = 3000ms (default)
2023-12-01 03:55:50,159 [s2@group-B93FFF3E6E7E-LeaderElection11] INFO  grpc.GrpcConfigKeys (ConfUtils.java:logGet(46)) - raft.grpc.server.install_snapshot.request.element-limit = 8 (default)
2023-12-01 03:55:50,159 [s2@group-B93FFF3E6E7E-LeaderElection11] INFO  grpc.GrpcConfigKeys (ConfUtils.java:logGet(46)) - raft.grpc.server.install_snapshot.request.timeout = 3000ms (default)
2023-12-01 03:55:50,160 [s2@group-B93FFF3E6E7E-LeaderElection11] INFO  server.RaftServerConfigKeys (ConfUtils.java:logGet(46)) - raft.server.log.appender.install.snapshot.enabled = true (default)
2023-12-01 03:55:50,160 [s2@group-B93FFF3E6E7E-LeaderElection11] INFO  grpc.GrpcConfigKeys (ConfUtils.java:logGet(46)) - raft.grpc.server.heartbeat.channel = true (default)
2023-12-01 03:55:50,160 [s2@group-B93FFF3E6E7E-LeaderElection11] INFO  impl.RoleInfo (RoleInfo.java:updateAndGet(139)) - s2: start s2@group-B93FFF3E6E7E-LeaderStateImpl
2023-12-01 03:55:50,160 [s2@group-B93FFF3E6E7E-LeaderElection11] INFO  server.RaftServer$Division (ServerState.java:setLeader(265)) - s2@group-B93FFF3E6E7E: change Leader from null to s2 at term 2 for becomeLeader, leader elected after 13ms
2023-12-01 03:55:50,160 [s2@group-B93FFF3E6E7E-LeaderElection11] INFO  segmented.SegmentedRaftLogWorker (SegmentedRaftLogWorker.java:rollLogSegment(435)) - s2@group-B93FFF3E6E7E-SegmentedRaftLogWorker: Rolling segment log-0_12 to index:12
2023-12-01 03:55:50,161 [s2@group-B93FFF3E6E7E-LeaderElection11] INFO  server.RaftServer$Division (ServerState.java:setRaftConf(382)) - s2@group-B93FFF3E6E7E: set configuration 13: peers:[s3|0.0.0.0:39245, s4|0.0.0.0:41791, s2|localhost:34445]|listeners:[], old=null
2023-12-01 03:55:50,161 [s2@group-B93FFF3E6E7E-SegmentedRaftLogWorker] TRACE util.FileUtils (LogUtils.java:runAndLog(49)) - Successfully ran Atomic Files.move /home/runner/work/ratis/ratis/ratis-test/target/test/data/1b1d21a/MiniRaftClusterWithGrpc65a5be97/s2/54092739-1e46-4bd5-803a-b93fff3e6e7e/current/log_inprogress_0 to /home/runner/work/ratis/ratis/ratis-test/target/test/data/1b1d21a/MiniRaftClusterWithGrpc65a5be97/s2/54092739-1e46-4bd5-803a-b93fff3e6e7e/current/log_0-12
2023-12-01 03:55:50,162 [s2@group-B93FFF3E6E7E-SegmentedRaftLogWorker] INFO  segmented.SegmentedRaftLogWorker (SegmentedRaftLogWorker.java:execute(591)) - s2@group-B93FFF3E6E7E-SegmentedRaftLogWorker: Rolled log segment from /home/runner/work/ratis/ratis/ratis-test/target/test/data/1b1d21a/MiniRaftClusterWithGrpc65a5be97/s2/54092739-1e46-4bd5-803a-b93fff3e6e7e/current/log_inprogress_0 to /home/runner/work/ratis/ratis/ratis-test/target/test/data/1b1d21a/MiniRaftClusterWithGrpc65a5be97/s2/54092739-1e46-4bd5-803a-b93fff3e6e7e/current/log_0-12
2023-12-01 03:55:50,162 [s2@group-B93FFF3E6E7E-SegmentedRaftLogWorker] INFO  segmented.BufferedWriteChannel (BufferedWriteChannel.java:open(62)) - open log_inprogress_13 at position 0
2023-12-01 03:55:50,168 [s4-server-thread2] INFO  server.RaftServer$Division (ServerState.java:setLeader(265)) - s4@group-B93FFF3E6E7E: change Leader from null to s2 at term 2 for appendEntries, leader elected after 13ms
2023-12-01 03:55:50,169 [s4-server-thread3] DEBUG server.RaftServer$Division (RaftServerImpl.java:logAppendEntries(1504)) - s4@group-B93FFF3E6E7E: receive appendEntries(s2, 2, (t:1, i:12), 11, true, commits:[s2:c11, s3:c11, s4:c11], cId:1, entries: [(t:2, i:13), CONFIGURATIONENTRY(current:id: "s3"
address: "0.0.0.0:39245"
clientAddress: "0.0.0.0:39245"
adminAddress: "0.0.0.0:39245"
startupRole: FOLLOWER
,id: "s4"
address: "0.0.0.0:41791"
clientAddress: "0.0.0.0:41791"
adminAddress: "0.0.0.0:41791"
startupRole: FOLLOWER
,id: "s2"
address: "localhost:34445"
dataStreamAddress: "localhost:34463"
clientAddress: "localhost:33973"
adminAddress: "localhost:44199"
startupRole: FOLLOWER
, old:)]
2023-12-01 03:55:50,170 [s4-server-thread3] INFO  server.RaftServer$Division (ServerState.java:setRaftConf(382)) - s4@group-B93FFF3E6E7E: set configuration 13: peers:[s3|0.0.0.0:39245, s4|0.0.0.0:41791, s2|localhost:34445]|listeners:[], old=null
2023-12-01 03:55:50,170 [s3-server-thread3] INFO  server.RaftServer$Division (ServerState.java:setLeader(265)) - s3@group-B93FFF3E6E7E: change Leader from null to s2 at term 2 for appendEntries, leader elected after 15ms
2023-12-01 03:55:50,170 [s4-server-thread3] INFO  segmented.SegmentedRaftLogWorker (SegmentedRaftLogWorker.java:rollLogSegment(435)) - s4@group-B93FFF3E6E7E-SegmentedRaftLogWorker: Rolling segment log-0_12 to index:12
2023-12-01 03:55:50,171 [s2@group-B93FFF3E6E7E-SegmentedRaftLogWorker] INFO  segmented.SegmentedRaftLogWorker (SegmentedRaftLogWorker.java:execute(634)) - s2@group-B93FFF3E6E7E-SegmentedRaftLogWorker: created new log segment /home/runner/work/ratis/ratis/ratis-test/target/test/data/1b1d21a/MiniRaftClusterWithGrpc65a5be97/s2/54092739-1e46-4bd5-803a-b93fff3e6e7e/current/log_inprogress_13
2023-12-01 03:55:50,171 [s4@group-B93FFF3E6E7E-SegmentedRaftLogWorker] TRACE util.FileUtils (LogUtils.java:runAndLog(49)) - Successfully ran Atomic Files.move /home/runner/work/ratis/ratis/ratis-test/target/test/data/1b1d21a/MiniRaftClusterWithGrpc65a5be97/s4/54092739-1e46-4bd5-803a-b93fff3e6e7e/current/log_inprogress_0 to /home/runner/work/ratis/ratis/ratis-test/target/test/data/1b1d21a/MiniRaftClusterWithGrpc65a5be97/s4/54092739-1e46-4bd5-803a-b93fff3e6e7e/current/log_0-12
2023-12-01 03:55:50,171 [s4@group-B93FFF3E6E7E-SegmentedRaftLogWorker] INFO  segmented.SegmentedRaftLogWorker (SegmentedRaftLogWorker.java:execute(591)) - s4@group-B93FFF3E6E7E-SegmentedRaftLogWorker: Rolled log segment from /home/runner/work/ratis/ratis/ratis-test/target/test/data/1b1d21a/MiniRaftClusterWithGrpc65a5be97/s4/54092739-1e46-4bd5-803a-b93fff3e6e7e/current/log_inprogress_0 to /home/runner/work/ratis/ratis/ratis-test/target/test/data/1b1d21a/MiniRaftClusterWithGrpc65a5be97/s4/54092739-1e46-4bd5-803a-b93fff3e6e7e/current/log_0-12
2023-12-01 03:55:50,171 [s4@group-B93FFF3E6E7E-SegmentedRaftLogWorker] INFO  segmented.BufferedWriteChannel (BufferedWriteChannel.java:open(62)) - open log_inprogress_13 at position 0
2023-12-01 03:55:50,171 [s3-server-thread2] DEBUG server.RaftServer$Division (RaftServerImpl.java:logAppendEntries(1504)) - s3@group-B93FFF3E6E7E: receive appendEntries(s2, 2, (t:1, i:12), 11, true, commits:[s2:c11, s3:c11, s4:c11], cId:1, entries: [(t:2, i:13), CONFIGURATIONENTRY(current:id: "s3"
address: "0.0.0.0:39245"
clientAddress: "0.0.0.0:39245"
adminAddress: "0.0.0.0:39245"
startupRole: FOLLOWER
,id: "s4"
address: "0.0.0.0:41791"
clientAddress: "0.0.0.0:41791"
adminAddress: "0.0.0.0:41791"
startupRole: FOLLOWER
,id: "s2"
address: "localhost:34445"
dataStreamAddress: "localhost:34463"
clientAddress: "localhost:33973"
adminAddress: "localhost:44199"
startupRole: FOLLOWER
, old:)]
2023-12-01 03:55:50,171 [s3-server-thread2] INFO  server.RaftServer$Division (ServerState.java:setRaftConf(382)) - s3@group-B93FFF3E6E7E: set configuration 13: peers:[s3|0.0.0.0:39245, s4|0.0.0.0:41791, s2|localhost:34445]|listeners:[], old=null
2023-12-01 03:55:50,172 [s3-server-thread2] INFO  segmented.SegmentedRaftLogWorker (SegmentedRaftLogWorker.java:rollLogSegment(435)) - s3@group-B93FFF3E6E7E-SegmentedRaftLogWorker: Rolling segment log-0_12 to index:12
2023-12-01 03:55:50,173 [s3@group-B93FFF3E6E7E-SegmentedRaftLogWorker] TRACE util.FileUtils (LogUtils.java:runAndLog(49)) - Successfully ran Atomic Files.move /home/runner/work/ratis/ratis/ratis-test/target/test/data/1b1d21a/MiniRaftClusterWithGrpc65a5be97/s3/54092739-1e46-4bd5-803a-b93fff3e6e7e/current/log_inprogress_0 to /home/runner/work/ratis/ratis/ratis-test/target/test/data/1b1d21a/MiniRaftClusterWithGrpc65a5be97/s3/54092739-1e46-4bd5-803a-b93fff3e6e7e/current/log_0-12
2023-12-01 03:55:50,173 [s3@group-B93FFF3E6E7E-SegmentedRaftLogWorker] INFO  segmented.SegmentedRaftLogWorker (SegmentedRaftLogWorker.java:execute(591)) - s3@group-B93FFF3E6E7E-SegmentedRaftLogWorker: Rolled log segment from /home/runner/work/ratis/ratis/ratis-test/target/test/data/1b1d21a/MiniRaftClusterWithGrpc65a5be97/s3/54092739-1e46-4bd5-803a-b93fff3e6e7e/current/log_inprogress_0 to /home/runner/work/ratis/ratis/ratis-test/target/test/data/1b1d21a/MiniRaftClusterWithGrpc65a5be97/s3/54092739-1e46-4bd5-803a-b93fff3e6e7e/current/log_0-12
2023-12-01 03:55:50,173 [s3@group-B93FFF3E6E7E-SegmentedRaftLogWorker] INFO  segmented.BufferedWriteChannel (BufferedWriteChannel.java:open(62)) - open log_inprogress_13 at position 0
2023-12-01 03:55:50,176 [grpc-default-executor-1] ERROR impl.OrderedAsync (OrderedAsync.java:lambda$sendRequest$9(247)) - client-915AA7F58988: Failed* RaftClientRequest:client-915AA7F58988->s2@group-FB8FFDFFFB35, cid=6, seq=1*, Watch(0), null
java.util.concurrent.CompletionException: java.io.IOException: org.apache.ratis.thirdparty.io.grpc.StatusRuntimeException: UNAVAILABLE: io exception
	at java.base/java.util.concurrent.CompletableFuture.encodeThrowable(CompletableFuture.java:331)
	at java.base/java.util.concurrent.CompletableFuture.completeThrowable(CompletableFuture.java:346)
	at java.base/java.util.concurrent.CompletableFuture$UniApply.tryFire(CompletableFuture.java:632)
	at java.base/java.util.concurrent.CompletableFuture.postComplete(CompletableFuture.java:506)
	at java.base/java.util.concurrent.CompletableFuture.completeExceptionally(CompletableFuture.java:2094)
	at org.apache.ratis.grpc.client.GrpcClientProtocolClient$AsyncStreamObservers.completeReplyExceptionally(GrpcClientProtocolClient.java:394)
	at org.apache.ratis.grpc.client.GrpcClientProtocolClient$AsyncStreamObservers.access$000(GrpcClientProtocolClient.java:300)
	at org.apache.ratis.grpc.client.GrpcClientProtocolClient$AsyncStreamObservers$1.onError(GrpcClientProtocolClient.java:331)
	at org.apache.ratis.thirdparty.io.grpc.stub.ClientCalls$StreamObserverToCallListenerAdapter.onClose(ClientCalls.java:481)
	at org.apache.ratis.thirdparty.io.grpc.PartialForwardingClientCallListener.onClose(PartialForwardingClientCallListener.java:39)
	at org.apache.ratis.thirdparty.io.grpc.ForwardingClientCallListener.onClose(ForwardingClientCallListener.java:23)
	at org.apache.ratis.grpc.metrics.intercept.client.MetricClientCallListener.onClose(MetricClientCallListener.java:47)
	at org.apache.ratis.thirdparty.io.grpc.internal.DelayedClientCall$DelayedListener$3.run(DelayedClientCall.java:489)
	at org.apache.ratis.thirdparty.io.grpc.internal.DelayedClientCall$DelayedListener.delayOrExecute(DelayedClientCall.java:453)
	at org.apache.ratis.thirdparty.io.grpc.internal.DelayedClientCall$DelayedListener.onClose(DelayedClientCall.java:486)
	at org.apache.ratis.thirdparty.io.grpc.internal.ClientCallImpl.closeObserver(ClientCallImpl.java:567)
	at org.apache.ratis.thirdparty.io.grpc.internal.ClientCallImpl.access$300(ClientCallImpl.java:71)
	at org.apache.ratis.thirdparty.io.grpc.internal.ClientCallImpl$ClientStreamListenerImpl$1StreamClosed.runInternal(ClientCallImpl.java:735)
	at org.apache.ratis.thirdparty.io.grpc.internal.ClientCallImpl$ClientStreamListenerImpl$1StreamClosed.runInContext(ClientCallImpl.java:716)
	at org.apache.ratis.thirdparty.io.grpc.internal.ContextRunnable.run(ContextRunnable.java:37)
	at org.apache.ratis.thirdparty.io.grpc.internal.SerializingExecutor.run(SerializingExecutor.java:133)
	at java.base/java.util.concurrent.ThreadPoolExecutor.runWorker(ThreadPoolExecutor.java:1128)
	at java.base/java.util.concurrent.ThreadPoolExecutor$Worker.run(ThreadPoolExecutor.java:628)
	at java.base/java.lang.Thread.run(Thread.java:829)
Caused by: java.io.IOException: org.apache.ratis.thirdparty.io.grpc.StatusRuntimeException: UNAVAILABLE: io exception
	at org.apache.ratis.grpc.GrpcUtil.unwrapException(GrpcUtil.java:99)
	at org.apache.ratis.grpc.GrpcUtil.unwrapIOException(GrpcUtil.java:159)
	at org.apache.ratis.grpc.client.GrpcClientProtocolClient$AsyncStreamObservers$1.onError(GrpcClientProtocolClient.java:330)
	... 16 more
Caused by: org.apache.ratis.thirdparty.io.grpc.StatusRuntimeException: UNAVAILABLE: io exception
	at org.apache.ratis.thirdparty.io.grpc.Status.asRuntimeException(Status.java:537)
	... 16 more
Caused by: org.apache.ratis.thirdparty.io.netty.channel.AbstractChannel$AnnotatedConnectException: finishConnect(..) failed: Connection refused: localhost/127.0.0.1:34227
Caused by: java.net.ConnectException: finishConnect(..) failed: Connection refused
	at org.apache.ratis.thirdparty.io.netty.channel.unix.Errors.newConnectException0(Errors.java:166)
	at org.apache.ratis.thirdparty.io.netty.channel.unix.Errors.handleConnectErrno(Errors.java:131)
	at org.apache.ratis.thirdparty.io.netty.channel.unix.Socket.finishConnect(Socket.java:359)
	at org.apache.ratis.thirdparty.io.netty.channel.epoll.AbstractEpollChannel$AbstractEpollUnsafe.doFinishConnect(AbstractEpollChannel.java:710)
	at org.apache.ratis.thirdparty.io.netty.channel.epoll.AbstractEpollChannel$AbstractEpollUnsafe.finishConnect(AbstractEpollChannel.java:687)
	at org.apache.ratis.thirdparty.io.netty.channel.epoll.AbstractEpollChannel$AbstractEpollUnsafe.epollOutReady(AbstractEpollChannel.java:567)
	at org.apache.ratis.thirdparty.io.netty.channel.epoll.EpollEventLoop.processReady(EpollEventLoop.java:499)
	at org.apache.ratis.thirdparty.io.netty.channel.epoll.EpollEventLoop.run(EpollEventLoop.java:407)
	at org.apache.ratis.thirdparty.io.netty.util.concurrent.SingleThreadEventExecutor$4.run(SingleThreadEventExecutor.java:997)
	at org.apache.ratis.thirdparty.io.netty.util.internal.ThreadExecutorMap$2.run(ThreadExecutorMap.java:74)
	at org.apache.ratis.thirdparty.io.netty.util.concurrent.FastThreadLocalRunnable.run(FastThreadLocalRunnable.java:30)
	at java.base/java.lang.Thread.run(Thread.java:829)
2023-12-01 03:55:50,182 [s4@group-B93FFF3E6E7E-SegmentedRaftLogWorker] INFO  segmented.SegmentedRaftLogWorker (SegmentedRaftLogWorker.java:execute(634)) - s4@group-B93FFF3E6E7E-SegmentedRaftLogWorker: created new log segment /home/runner/work/ratis/ratis/ratis-test/target/test/data/1b1d21a/MiniRaftClusterWithGrpc65a5be97/s4/54092739-1e46-4bd5-803a-b93fff3e6e7e/current/log_inprogress_13
2023-12-01 03:55:50,182 [s3@group-B93FFF3E6E7E-SegmentedRaftLogWorker] INFO  segmented.SegmentedRaftLogWorker (SegmentedRaftLogWorker.java:execute(634)) - s3@group-B93FFF3E6E7E-SegmentedRaftLogWorker: created new log segment /home/runner/work/ratis/ratis/ratis-test/target/test/data/1b1d21a/MiniRaftClusterWithGrpc65a5be97/s3/54092739-1e46-4bd5-803a-b93fff3e6e7e/current/log_inprogress_13
2023-12-01 03:55:50,182 [s4-server-thread3] DEBUG server.RaftServer$Division (RaftServerImpl.java:logAppendEntries(1504)) - s4@group-B93FFF3E6E7E: succeeded to handle AppendEntries. Reply: s2<-s4#1:OK-t2,SUCCESS,nextIndex=14,followerCommit=11,matchIndex=13
2023-12-01 03:55:50,183 [s3-server-thread2] DEBUG server.RaftServer$Division (RaftServerImpl.java:logAppendEntries(1504)) - s3@group-B93FFF3E6E7E: succeeded to handle AppendEntries. Reply: s2<-s3#1:OK-t2,SUCCESS,nextIndex=14,followerCommit=11,matchIndex=13
2023-12-01 03:55:50,184 [s2@group-B93FFF3E6E7E-StateMachineUpdater] TRACE util.FileUtils (LogUtils.java:supplyAndLog(69)) - Successfully supplied FileChannel.open /home/runner/work/ratis/ratis/ratis-test/target/test/data/1b1d21a/MiniRaftClusterWithGrpc65a5be97/s2/54092739-1e46-4bd5-803a-b93fff3e6e7e/current/raft-meta.conf.tmp with options [CREATE, WRITE]: sun.nio.ch.FileChannelImpl@dd2d124
2023-12-01 03:55:50,184 [s3-server-thread2] DEBUG server.RaftServer$Division (RaftServerImpl.java:logAppendEntries(1504)) - s3@group-B93FFF3E6E7E: receive appendEntries(s2, 2, (t:2, i:13), 13, true, commits:[s2:c13, s3:c11, s4:c11], cId:2, entries: [(t:2, i:14), METADATAENTRY(c:13)]
2023-12-01 03:55:50,185 [s4-server-thread3] DEBUG server.RaftServer$Division (RaftServerImpl.java:logAppendEntries(1504)) - s4@group-B93FFF3E6E7E: receive appendEntries(s2, 2, (t:2, i:13), 13, true, commits:[s2:c13, s3:c11, s4:c11], cId:2, entries: [(t:2, i:14), METADATAENTRY(c:13)]
2023-12-01 03:55:50,185 [s2@group-B93FFF3E6E7E-StateMachineUpdater] TRACE util.FileUtils (LogUtils.java:runAndLog(49)) - Successfully ran Atomic Files.move /home/runner/work/ratis/ratis/ratis-test/target/test/data/1b1d21a/MiniRaftClusterWithGrpc65a5be97/s2/54092739-1e46-4bd5-803a-b93fff3e6e7e/current/raft-meta.conf.tmp to /home/runner/work/ratis/ratis/ratis-test/target/test/data/1b1d21a/MiniRaftClusterWithGrpc65a5be97/s2/54092739-1e46-4bd5-803a-b93fff3e6e7e/current/raft-meta.conf with options [REPLACE_EXISTING]
2023-12-01 03:55:50,185 [s2@group-B93FFF3E6E7E-StateMachineUpdater] INFO  server.RaftServer$Division (LeaderStateImpl.java:isApplied(320)) - leader is ready since appliedIndex == 13 >= startIndex == 13
2023-12-01 03:55:50,185 [s4-server-thread3] DEBUG server.RaftServer$Division (RaftServerImpl.java:logAppendEntries(1504)) - s4@group-B93FFF3E6E7E: succeeded to handle AppendEntries. Reply: s2<-s4#2:OK-t2,SUCCESS,nextIndex=15,followerCommit=13,matchIndex=14
2023-12-01 03:55:50,185 [s3@group-B93FFF3E6E7E-StateMachineUpdater] TRACE util.FileUtils (LogUtils.java:supplyAndLog(69)) - Successfully supplied FileChannel.open /home/runner/work/ratis/ratis/ratis-test/target/test/data/1b1d21a/MiniRaftClusterWithGrpc65a5be97/s3/54092739-1e46-4bd5-803a-b93fff3e6e7e/current/raft-meta.conf.tmp with options [CREATE, WRITE]: sun.nio.ch.FileChannelImpl@367df70d
2023-12-01 03:55:50,185 [s4@group-B93FFF3E6E7E-StateMachineUpdater] TRACE util.FileUtils (LogUtils.java:supplyAndLog(69)) - Successfully supplied FileChannel.open /home/runner/work/ratis/ratis/ratis-test/target/test/data/1b1d21a/MiniRaftClusterWithGrpc65a5be97/s4/54092739-1e46-4bd5-803a-b93fff3e6e7e/current/raft-meta.conf.tmp with options [CREATE, WRITE]: sun.nio.ch.FileChannelImpl@69f62f8a
2023-12-01 03:55:50,186 [s3-server-thread2] DEBUG server.RaftServer$Division (RaftServerImpl.java:logAppendEntries(1504)) - s3@group-B93FFF3E6E7E: succeeded to handle AppendEntries. Reply: s2<-s3#2:OK-t2,SUCCESS,nextIndex=15,followerCommit=13,matchIndex=14
2023-12-01 03:55:50,187 [s3@group-B93FFF3E6E7E-StateMachineUpdater] TRACE util.FileUtils (LogUtils.java:runAndLog(49)) - Successfully ran Atomic Files.move /home/runner/work/ratis/ratis/ratis-test/target/test/data/1b1d21a/MiniRaftClusterWithGrpc65a5be97/s3/54092739-1e46-4bd5-803a-b93fff3e6e7e/current/raft-meta.conf.tmp to /home/runner/work/ratis/ratis/ratis-test/target/test/data/1b1d21a/MiniRaftClusterWithGrpc65a5be97/s3/54092739-1e46-4bd5-803a-b93fff3e6e7e/current/raft-meta.conf with options [REPLACE_EXISTING]
2023-12-01 03:55:50,195 [s4@group-B93FFF3E6E7E-StateMachineUpdater] TRACE util.FileUtils (LogUtils.java:runAndLog(49)) - Successfully ran Atomic Files.move /home/runner/work/ratis/ratis/ratis-test/target/test/data/1b1d21a/MiniRaftClusterWithGrpc65a5be97/s4/54092739-1e46-4bd5-803a-b93fff3e6e7e/current/raft-meta.conf.tmp to /home/runner/work/ratis/ratis/ratis-test/target/test/data/1b1d21a/MiniRaftClusterWithGrpc65a5be97/s4/54092739-1e46-4bd5-803a-b93fff3e6e7e/current/raft-meta.conf with options [REPLACE_EXISTING]
2023-12-01 03:55:50,278 [grpc-default-executor-9] ERROR impl.OrderedAsync (OrderedAsync.java:lambda$sendRequest$9(247)) - client-915AA7F58988: Failed* RaftClientRequest:client-915AA7F58988->s1@group-FB8FFDFFFB35, cid=6, seq=1*, Watch(0), null
java.util.concurrent.CompletionException: java.io.IOException: org.apache.ratis.thirdparty.io.grpc.StatusRuntimeException: UNAVAILABLE: io exception
	at java.base/java.util.concurrent.CompletableFuture.encodeThrowable(CompletableFuture.java:331)
	at java.base/java.util.concurrent.CompletableFuture.completeThrowable(CompletableFuture.java:346)
	at java.base/java.util.concurrent.CompletableFuture$UniApply.tryFire(CompletableFuture.java:632)
	at java.base/java.util.concurrent.CompletableFuture.postComplete(CompletableFuture.java:506)
	at java.base/java.util.concurrent.CompletableFuture.completeExceptionally(CompletableFuture.java:2094)
	at org.apache.ratis.grpc.client.GrpcClientProtocolClient$AsyncStreamObservers.completeReplyExceptionally(GrpcClientProtocolClient.java:394)
	at org.apache.ratis.grpc.client.GrpcClientProtocolClient$AsyncStreamObservers.access$000(GrpcClientProtocolClient.java:300)
	at org.apache.ratis.grpc.client.GrpcClientProtocolClient$AsyncStreamObservers$1.onError(GrpcClientProtocolClient.java:331)
	at org.apache.ratis.thirdparty.io.grpc.stub.ClientCalls$StreamObserverToCallListenerAdapter.onClose(ClientCalls.java:481)
	at org.apache.ratis.thirdparty.io.grpc.PartialForwardingClientCallListener.onClose(PartialForwardingClientCallListener.java:39)
	at org.apache.ratis.thirdparty.io.grpc.ForwardingClientCallListener.onClose(ForwardingClientCallListener.java:23)
	at org.apache.ratis.grpc.metrics.intercept.client.MetricClientCallListener.onClose(MetricClientCallListener.java:47)
	at org.apache.ratis.thirdparty.io.grpc.internal.DelayedClientCall$DelayedListener$3.run(DelayedClientCall.java:489)
	at org.apache.ratis.thirdparty.io.grpc.internal.DelayedClientCall$DelayedListener.delayOrExecute(DelayedClientCall.java:453)
	at org.apache.ratis.thirdparty.io.grpc.internal.DelayedClientCall$DelayedListener.onClose(DelayedClientCall.java:486)
	at org.apache.ratis.thirdparty.io.grpc.internal.ClientCallImpl.closeObserver(ClientCallImpl.java:567)
	at org.apache.ratis.thirdparty.io.grpc.internal.ClientCallImpl.access$300(ClientCallImpl.java:71)
	at org.apache.ratis.thirdparty.io.grpc.internal.ClientCallImpl$ClientStreamListenerImpl$1StreamClosed.runInternal(ClientCallImpl.java:735)
	at org.apache.ratis.thirdparty.io.grpc.internal.ClientCallImpl$ClientStreamListenerImpl$1StreamClosed.runInContext(ClientCallImpl.java:716)
	at org.apache.ratis.thirdparty.io.grpc.internal.ContextRunnable.run(ContextRunnable.java:37)
	at org.apache.ratis.thirdparty.io.grpc.internal.SerializingExecutor.run(SerializingExecutor.java:133)
	at java.base/java.util.concurrent.ThreadPoolExecutor.runWorker(ThreadPoolExecutor.java:1128)
	at java.base/java.util.concurrent.ThreadPoolExecutor$Worker.run(ThreadPoolExecutor.java:628)
	at java.base/java.lang.Thread.run(Thread.java:829)
Caused by: java.io.IOException: org.apache.ratis.thirdparty.io.grpc.StatusRuntimeException: UNAVAILABLE: io exception
	at org.apache.ratis.grpc.GrpcUtil.unwrapException(GrpcUtil.java:99)
	at org.apache.ratis.grpc.GrpcUtil.unwrapIOException(GrpcUtil.java:159)
	at org.apache.ratis.grpc.client.GrpcClientProtocolClient$AsyncStreamObservers$1.onError(GrpcClientProtocolClient.java:330)
	... 16 more
Caused by: org.apache.ratis.thirdparty.io.grpc.StatusRuntimeException: UNAVAILABLE: io exception
	at org.apache.ratis.thirdparty.io.grpc.Status.asRuntimeException(Status.java:537)
	... 16 more
Caused by: org.apache.ratis.thirdparty.io.netty.channel.AbstractChannel$AnnotatedConnectException: finishConnect(..) failed: Connection refused: localhost/127.0.0.1:36299
Caused by: java.net.ConnectException: finishConnect(..) failed: Connection refused
	at org.apache.ratis.thirdparty.io.netty.channel.unix.Errors.newConnectException0(Errors.java:166)
	at org.apache.ratis.thirdparty.io.netty.channel.unix.Errors.handleConnectErrno(Errors.java:131)
	at org.apache.ratis.thirdparty.io.netty.channel.unix.Socket.finishConnect(Socket.java:359)
	at org.apache.ratis.thirdparty.io.netty.channel.epoll.AbstractEpollChannel$AbstractEpollUnsafe.doFinishConnect(AbstractEpollChannel.java:710)
	at org.apache.ratis.thirdparty.io.netty.channel.epoll.AbstractEpollChannel$AbstractEpollUnsafe.finishConnect(AbstractEpollChannel.java:687)
	at org.apache.ratis.thirdparty.io.netty.channel.epoll.AbstractEpollChannel$AbstractEpollUnsafe.epollOutReady(AbstractEpollChannel.java:567)
	at org.apache.ratis.thirdparty.io.netty.channel.epoll.EpollEventLoop.processReady(EpollEventLoop.java:499)
	at org.apache.ratis.thirdparty.io.netty.channel.epoll.EpollEventLoop.run(EpollEventLoop.java:407)
	at org.apache.ratis.thirdparty.io.netty.util.concurrent.SingleThreadEventExecutor$4.run(SingleThreadEventExecutor.java:997)
	at org.apache.ratis.thirdparty.io.netty.util.internal.ThreadExecutorMap$2.run(ThreadExecutorMap.java:74)
	at org.apache.ratis.thirdparty.io.netty.util.concurrent.FastThreadLocalRunnable.run(FastThreadLocalRunnable.java:30)
	at java.base/java.lang.Thread.run(Thread.java:829)
2023-12-01 03:55:50,381 [grpc-default-executor-1] ERROR impl.OrderedAsync (OrderedAsync.java:lambda$sendRequest$9(247)) - client-915AA7F58988: Failed* RaftClientRequest:client-915AA7F58988->s0@group-FB8FFDFFFB35, cid=6, seq=1*, Watch(0), null
java.util.concurrent.CompletionException: java.io.IOException: org.apache.ratis.thirdparty.io.grpc.StatusRuntimeException: UNAVAILABLE: io exception
	at java.base/java.util.concurrent.CompletableFuture.encodeThrowable(CompletableFuture.java:331)
	at java.base/java.util.concurrent.CompletableFuture.completeThrowable(CompletableFuture.java:346)
	at java.base/java.util.concurrent.CompletableFuture$UniApply.tryFire(CompletableFuture.java:632)
	at java.base/java.util.concurrent.CompletableFuture.postComplete(CompletableFuture.java:506)
	at java.base/java.util.concurrent.CompletableFuture.completeExceptionally(CompletableFuture.java:2094)
	at org.apache.ratis.grpc.client.GrpcClientProtocolClient$AsyncStreamObservers.completeReplyExceptionally(GrpcClientProtocolClient.java:394)
	at org.apache.ratis.grpc.client.GrpcClientProtocolClient$AsyncStreamObservers.access$000(GrpcClientProtocolClient.java:300)
	at org.apache.ratis.grpc.client.GrpcClientProtocolClient$AsyncStreamObservers$1.onError(GrpcClientProtocolClient.java:331)
	at org.apache.ratis.thirdparty.io.grpc.stub.ClientCalls$StreamObserverToCallListenerAdapter.onClose(ClientCalls.java:481)
	at org.apache.ratis.thirdparty.io.grpc.PartialForwardingClientCallListener.onClose(PartialForwardingClientCallListener.java:39)
	at org.apache.ratis.thirdparty.io.grpc.ForwardingClientCallListener.onClose(ForwardingClientCallListener.java:23)
	at org.apache.ratis.grpc.metrics.intercept.client.MetricClientCallListener.onClose(MetricClientCallListener.java:47)
	at org.apache.ratis.thirdparty.io.grpc.internal.DelayedClientCall$DelayedListener$3.run(DelayedClientCall.java:489)
	at org.apache.ratis.thirdparty.io.grpc.internal.DelayedClientCall$DelayedListener.delayOrExecute(DelayedClientCall.java:453)
	at org.apache.ratis.thirdparty.io.grpc.internal.DelayedClientCall$DelayedListener.onClose(DelayedClientCall.java:486)
	at org.apache.ratis.thirdparty.io.grpc.internal.ClientCallImpl.closeObserver(ClientCallImpl.java:567)
	at org.apache.ratis.thirdparty.io.grpc.internal.ClientCallImpl.access$300(ClientCallImpl.java:71)
	at org.apache.ratis.thirdparty.io.grpc.internal.ClientCallImpl$ClientStreamListenerImpl$1StreamClosed.runInternal(ClientCallImpl.java:735)
	at org.apache.ratis.thirdparty.io.grpc.internal.ClientCallImpl$ClientStreamListenerImpl$1StreamClosed.runInContext(ClientCallImpl.java:716)
	at org.apache.ratis.thirdparty.io.grpc.internal.ContextRunnable.run(ContextRunnable.java:37)
	at org.apache.ratis.thirdparty.io.grpc.internal.SerializingExecutor.run(SerializingExecutor.java:133)
	at java.base/java.util.concurrent.ThreadPoolExecutor.runWorker(ThreadPoolExecutor.java:1128)
	at java.base/java.util.concurrent.ThreadPoolExecutor$Worker.run(ThreadPoolExecutor.java:628)
	at java.base/java.lang.Thread.run(Thread.java:829)
Caused by: java.io.IOException: org.apache.ratis.thirdparty.io.grpc.StatusRuntimeException: UNAVAILABLE: io exception
	at org.apache.ratis.grpc.GrpcUtil.unwrapException(GrpcUtil.java:99)
	at org.apache.ratis.grpc.GrpcUtil.unwrapIOException(GrpcUtil.java:159)
	at org.apache.ratis.grpc.client.GrpcClientProtocolClient$AsyncStreamObservers$1.onError(GrpcClientProtocolClient.java:330)
	... 16 more
Caused by: org.apache.ratis.thirdparty.io.grpc.StatusRuntimeException: UNAVAILABLE: io exception
	at org.apache.ratis.thirdparty.io.grpc.Status.asRuntimeException(Status.java:537)
	... 16 more
Caused by: org.apache.ratis.thirdparty.io.netty.channel.AbstractChannel$AnnotatedConnectException: finishConnect(..) failed: Connection refused: localhost/127.0.0.1:34265
Caused by: java.net.ConnectException: finishConnect(..) failed: Connection refused
	at org.apache.ratis.thirdparty.io.netty.channel.unix.Errors.newConnectException0(Errors.java:166)
	at org.apache.ratis.thirdparty.io.netty.channel.unix.Errors.handleConnectErrno(Errors.java:131)
	at org.apache.ratis.thirdparty.io.netty.channel.unix.Socket.finishConnect(Socket.java:359)
	at org.apache.ratis.thirdparty.io.netty.channel.epoll.AbstractEpollChannel$AbstractEpollUnsafe.doFinishConnect(AbstractEpollChannel.java:710)
	at org.apache.ratis.thirdparty.io.netty.channel.epoll.AbstractEpollChannel$AbstractEpollUnsafe.finishConnect(AbstractEpollChannel.java:687)
	at org.apache.ratis.thirdparty.io.netty.channel.epoll.AbstractEpollChannel$AbstractEpollUnsafe.epollOutReady(AbstractEpollChannel.java:567)
	at org.apache.ratis.thirdparty.io.netty.channel.epoll.EpollEventLoop.processReady(EpollEventLoop.java:499)
	at org.apache.ratis.thirdparty.io.netty.channel.epoll.EpollEventLoop.run(EpollEventLoop.java:407)
	at org.apache.ratis.thirdparty.io.netty.util.concurrent.SingleThreadEventExecutor$4.run(SingleThreadEventExecutor.java:997)
	at org.apache.ratis.thirdparty.io.netty.util.internal.ThreadExecutorMap$2.run(ThreadExecutorMap.java:74)
	at org.apache.ratis.thirdparty.io.netty.util.concurrent.FastThreadLocalRunnable.run(FastThreadLocalRunnable.java:30)
	at java.base/java.lang.Thread.run(Thread.java:829)
2023-12-01 03:55:50,436 [Time-limited test] INFO  ratis.RaftTestUtil (RaftTestUtil.java:waitForLeader(119)) - printing ALL groups
  s3:  RUNNING  FOLLOWER s3@group-B93FFF3E6E7E:t2, leader=s2, voted=s2, raftlog=Memoized:s3@group-B93FFF3E6E7E-SegmentedRaftLog:OPENED:c14, conf=13: peers:[s3|0.0.0.0:39245, s4|0.0.0.0:41791, s2|localhost:34445]|listeners:[], old=null RUNNING
  s4:  RUNNING  FOLLOWER s4@group-B93FFF3E6E7E:t2, leader=s2, voted=s2, raftlog=Memoized:s4@group-B93FFF3E6E7E-SegmentedRaftLog:OPENED:c14, conf=13: peers:[s3|0.0.0.0:39245, s4|0.0.0.0:41791, s2|localhost:34445]|listeners:[], old=null RUNNING
  s0:  CLOSING CANDIDATE s0@group-B93FFF3E6E7E:t1, leader=null, voted=s1, raftlog=Memoized:s0@group-B93FFF3E6E7E-SegmentedRaftLog:CLOSED:c8, conf=9: peers:[s3|0.0.0.0:39245, s4|0.0.0.0:41791, s2|localhost:34445]|listeners:[], old=peers:[s3|0.0.0.0:39245, s4|0.0.0.0:41791, s0|localhost:42131, s1|localhost:43397, s2|localhost:34445]|listeners:[] CLOSING
  s1:  RUNNING    LEADER s1@group-B93FFF3E6E7E:t1, leader=s1, voted=s1, raftlog=Memoized:s1@group-B93FFF3E6E7E-SegmentedRaftLog:CLOSED:c11, conf=11: peers:[s3|0.0.0.0:39245, s4|0.0.0.0:41791, s2|localhost:34445]|listeners:[], old=null CLOSING
  s2:  RUNNING    LEADER s2@group-B93FFF3E6E7E:t2, leader=s2, voted=s2, raftlog=Memoized:s2@group-B93FFF3E6E7E-SegmentedRaftLog:OPENED:c14, conf=13: peers:[s3|0.0.0.0:39245, s4|0.0.0.0:41791, s2|localhost:34445]|listeners:[], old=null RUNNING
2023-12-01 03:55:50,440 [s2-client-thread1] DEBUG server.RaftServer$Division (RaftServerImpl.java:submitClientRequestAsync(893)) - s2@group-B93FFF3E6E7E: receive client request(RaftClientRequest:client-79DD4F4D9A17->s2@group-B93FFF3E6E7E, cid=999, seq=null, RW, Message:6d657373616765)
2023-12-01 03:55:50,441 [Time-limited test] INFO  grpc.TestRetryCacheWithGrpc (RetryCacheTests.java:runTestRetryOnNewLeader(159)) - successfully sent out the retry request_0
2023-12-01 03:55:50,482 [grpc-default-executor-3] ERROR impl.OrderedAsync (OrderedAsync.java:lambda$sendRequest$9(247)) - client-915AA7F58988: Failed* RaftClientRequest:client-915AA7F58988->s1@group-FB8FFDFFFB35, cid=6, seq=1*, Watch(0), null
java.util.concurrent.CompletionException: java.io.IOException: org.apache.ratis.thirdparty.io.grpc.StatusRuntimeException: UNAVAILABLE: io exception
	at java.base/java.util.concurrent.CompletableFuture.encodeThrowable(CompletableFuture.java:331)
	at java.base/java.util.concurrent.CompletableFuture.completeThrowable(CompletableFuture.java:346)
	at java.base/java.util.concurrent.CompletableFuture$UniApply.tryFire(CompletableFuture.java:632)
	at java.base/java.util.concurrent.CompletableFuture.postComplete(CompletableFuture.java:506)
	at java.base/java.util.concurrent.CompletableFuture.completeExceptionally(CompletableFuture.java:2094)
	at org.apache.ratis.grpc.client.GrpcClientProtocolClient$AsyncStreamObservers.completeReplyExceptionally(GrpcClientProtocolClient.java:394)
	at org.apache.ratis.grpc.client.GrpcClientProtocolClient$AsyncStreamObservers.access$000(GrpcClientProtocolClient.java:300)
	at org.apache.ratis.grpc.client.GrpcClientProtocolClient$AsyncStreamObservers$1.onError(GrpcClientProtocolClient.java:331)
	at org.apache.ratis.thirdparty.io.grpc.stub.ClientCalls$StreamObserverToCallListenerAdapter.onClose(ClientCalls.java:481)
	at org.apache.ratis.thirdparty.io.grpc.PartialForwardingClientCallListener.onClose(PartialForwardingClientCallListener.java:39)
	at org.apache.ratis.thirdparty.io.grpc.ForwardingClientCallListener.onClose(ForwardingClientCallListener.java:23)
	at org.apache.ratis.grpc.metrics.intercept.client.MetricClientCallListener.onClose(MetricClientCallListener.java:47)
	at org.apache.ratis.thirdparty.io.grpc.internal.DelayedClientCall$DelayedListener$3.run(DelayedClientCall.java:489)
	at org.apache.ratis.thirdparty.io.grpc.internal.DelayedClientCall$DelayedListener.delayOrExecute(DelayedClientCall.java:453)
	at org.apache.ratis.thirdparty.io.grpc.internal.DelayedClientCall$DelayedListener.onClose(DelayedClientCall.java:486)
	at org.apache.ratis.thirdparty.io.grpc.internal.ClientCallImpl.closeObserver(ClientCallImpl.java:567)
	at org.apache.ratis.thirdparty.io.grpc.internal.ClientCallImpl.access$300(ClientCallImpl.java:71)
	at org.apache.ratis.thirdparty.io.grpc.internal.ClientCallImpl$ClientStreamListenerImpl$1StreamClosed.runInternal(ClientCallImpl.java:735)
	at org.apache.ratis.thirdparty.io.grpc.internal.ClientCallImpl$ClientStreamListenerImpl$1StreamClosed.runInContext(ClientCallImpl.java:716)
	at org.apache.ratis.thirdparty.io.grpc.internal.ContextRunnable.run(ContextRunnable.java:37)
	at org.apache.ratis.thirdparty.io.grpc.internal.SerializingExecutor.run(SerializingExecutor.java:133)
	at java.base/java.util.concurrent.ThreadPoolExecutor.runWorker(ThreadPoolExecutor.java:1128)
	at java.base/java.util.concurrent.ThreadPoolExecutor$Worker.run(ThreadPoolExecutor.java:628)
	at java.base/java.lang.Thread.run(Thread.java:829)
Caused by: java.io.IOException: org.apache.ratis.thirdparty.io.grpc.StatusRuntimeException: UNAVAILABLE: io exception
	at org.apache.ratis.grpc.GrpcUtil.unwrapException(GrpcUtil.java:99)
	at org.apache.ratis.grpc.GrpcUtil.unwrapIOException(GrpcUtil.java:159)
	at org.apache.ratis.grpc.client.GrpcClientProtocolClient$AsyncStreamObservers$1.onError(GrpcClientProtocolClient.java:330)
	... 16 more
Caused by: org.apache.ratis.thirdparty.io.grpc.StatusRuntimeException: UNAVAILABLE: io exception
	at org.apache.ratis.thirdparty.io.grpc.Status.asRuntimeException(Status.java:537)
	... 16 more
Caused by: org.apache.ratis.thirdparty.io.netty.channel.AbstractChannel$AnnotatedConnectException: finishConnect(..) failed: Connection refused: localhost/127.0.0.1:36299
Caused by: java.net.ConnectException: finishConnect(..) failed: Connection refused
	at org.apache.ratis.thirdparty.io.netty.channel.unix.Errors.newConnectException0(Errors.java:166)
	at org.apache.ratis.thirdparty.io.netty.channel.unix.Errors.handleConnectErrno(Errors.java:131)
	at org.apache.ratis.thirdparty.io.netty.channel.unix.Socket.finishConnect(Socket.java:359)
	at org.apache.ratis.thirdparty.io.netty.channel.epoll.AbstractEpollChannel$AbstractEpollUnsafe.doFinishConnect(AbstractEpollChannel.java:710)
	at org.apache.ratis.thirdparty.io.netty.channel.epoll.AbstractEpollChannel$AbstractEpollUnsafe.finishConnect(AbstractEpollChannel.java:687)
	at org.apache.ratis.thirdparty.io.netty.channel.epoll.AbstractEpollChannel$AbstractEpollUnsafe.epollOutReady(AbstractEpollChannel.java:567)
	at org.apache.ratis.thirdparty.io.netty.channel.epoll.EpollEventLoop.processReady(EpollEventLoop.java:499)
	at org.apache.ratis.thirdparty.io.netty.channel.epoll.EpollEventLoop.run(EpollEventLoop.java:407)
	at org.apache.ratis.thirdparty.io.netty.util.concurrent.SingleThreadEventExecutor$4.run(SingleThreadEventExecutor.java:997)
	at org.apache.ratis.thirdparty.io.netty.util.internal.ThreadExecutorMap$2.run(ThreadExecutorMap.java:74)
	at org.apache.ratis.thirdparty.io.netty.util.concurrent.FastThreadLocalRunnable.run(FastThreadLocalRunnable.java:30)
	at java.base/java.lang.Thread.run(Thread.java:829)
2023-12-01 03:55:50,542 [s2-client-thread1] DEBUG server.RaftServer$Division (RaftServerImpl.java:submitClientRequestAsync(893)) - s2@group-B93FFF3E6E7E: receive client request(RaftClientRequest:client-79DD4F4D9A17->s2@group-B93FFF3E6E7E, cid=999, seq=null, RW, Message:6d657373616765)
2023-12-01 03:55:50,543 [Time-limited test] INFO  grpc.TestRetryCacheWithGrpc (RetryCacheTests.java:runTestRetryOnNewLeader(159)) - successfully sent out the retry request_1
2023-12-01 03:55:50,584 [grpc-default-executor-1] ERROR impl.OrderedAsync (OrderedAsync.java:lambda$sendRequest$9(247)) - client-915AA7F58988: Failed* RaftClientRequest:client-915AA7F58988->s0@group-FB8FFDFFFB35, cid=6, seq=1*, Watch(0), null
java.util.concurrent.CompletionException: java.io.IOException: org.apache.ratis.thirdparty.io.grpc.StatusRuntimeException: UNAVAILABLE: io exception
	at java.base/java.util.concurrent.CompletableFuture.encodeThrowable(CompletableFuture.java:331)
	at java.base/java.util.concurrent.CompletableFuture.completeThrowable(CompletableFuture.java:346)
	at java.base/java.util.concurrent.CompletableFuture$UniApply.tryFire(CompletableFuture.java:632)
	at java.base/java.util.concurrent.CompletableFuture.postComplete(CompletableFuture.java:506)
	at java.base/java.util.concurrent.CompletableFuture.completeExceptionally(CompletableFuture.java:2094)
	at org.apache.ratis.grpc.client.GrpcClientProtocolClient$AsyncStreamObservers.completeReplyExceptionally(GrpcClientProtocolClient.java:394)
	at org.apache.ratis.grpc.client.GrpcClientProtocolClient$AsyncStreamObservers.access$000(GrpcClientProtocolClient.java:300)
	at org.apache.ratis.grpc.client.GrpcClientProtocolClient$AsyncStreamObservers$1.onError(GrpcClientProtocolClient.java:331)
	at org.apache.ratis.thirdparty.io.grpc.stub.ClientCalls$StreamObserverToCallListenerAdapter.onClose(ClientCalls.java:481)
	at org.apache.ratis.thirdparty.io.grpc.PartialForwardingClientCallListener.onClose(PartialForwardingClientCallListener.java:39)
	at org.apache.ratis.thirdparty.io.grpc.ForwardingClientCallListener.onClose(ForwardingClientCallListener.java:23)
	at org.apache.ratis.grpc.metrics.intercept.client.MetricClientCallListener.onClose(MetricClientCallListener.java:47)
	at org.apache.ratis.thirdparty.io.grpc.internal.DelayedClientCall$DelayedListener$3.run(DelayedClientCall.java:489)
	at org.apache.ratis.thirdparty.io.grpc.internal.DelayedClientCall$DelayedListener.delayOrExecute(DelayedClientCall.java:453)
	at org.apache.ratis.thirdparty.io.grpc.internal.DelayedClientCall$DelayedListener.onClose(DelayedClientCall.java:486)
	at org.apache.ratis.thirdparty.io.grpc.internal.ClientCallImpl.closeObserver(ClientCallImpl.java:567)
	at org.apache.ratis.thirdparty.io.grpc.internal.ClientCallImpl.access$300(ClientCallImpl.java:71)
	at org.apache.ratis.thirdparty.io.grpc.internal.ClientCallImpl$ClientStreamListenerImpl$1StreamClosed.runInternal(ClientCallImpl.java:735)
	at org.apache.ratis.thirdparty.io.grpc.internal.ClientCallImpl$ClientStreamListenerImpl$1StreamClosed.runInContext(ClientCallImpl.java:716)
	at org.apache.ratis.thirdparty.io.grpc.internal.ContextRunnable.run(ContextRunnable.java:37)
	at org.apache.ratis.thirdparty.io.grpc.internal.SerializingExecutor.run(SerializingExecutor.java:133)
	at java.base/java.util.concurrent.ThreadPoolExecutor.runWorker(ThreadPoolExecutor.java:1128)
	at java.base/java.util.concurrent.ThreadPoolExecutor$Worker.run(ThreadPoolExecutor.java:628)
	at java.base/java.lang.Thread.run(Thread.java:829)
Caused by: java.io.IOException: org.apache.ratis.thirdparty.io.grpc.StatusRuntimeException: UNAVAILABLE: io exception
	at org.apache.ratis.grpc.GrpcUtil.unwrapException(GrpcUtil.java:99)
	at org.apache.ratis.grpc.GrpcUtil.unwrapIOException(GrpcUtil.java:159)
	at org.apache.ratis.grpc.client.GrpcClientProtocolClient$AsyncStreamObservers$1.onError(GrpcClientProtocolClient.java:330)
	... 16 more
Caused by: org.apache.ratis.thirdparty.io.grpc.StatusRuntimeException: UNAVAILABLE: io exception
	at org.apache.ratis.thirdparty.io.grpc.Status.asRuntimeException(Status.java:537)
	... 16 more
Caused by: org.apache.ratis.thirdparty.io.netty.channel.AbstractChannel$AnnotatedConnectException: finishConnect(..) failed: Connection refused: localhost/127.0.0.1:34265
Caused by: java.net.ConnectException: finishConnect(..) failed: Connection refused
	at org.apache.ratis.thirdparty.io.netty.channel.unix.Errors.newConnectException0(Errors.java:166)
	at org.apache.ratis.thirdparty.io.netty.channel.unix.Errors.handleConnectErrno(Errors.java:131)
	at org.apache.ratis.thirdparty.io.netty.channel.unix.Socket.finishConnect(Socket.java:359)
	at org.apache.ratis.thirdparty.io.netty.channel.epoll.AbstractEpollChannel$AbstractEpollUnsafe.doFinishConnect(AbstractEpollChannel.java:710)
	at org.apache.ratis.thirdparty.io.netty.channel.epoll.AbstractEpollChannel$AbstractEpollUnsafe.finishConnect(AbstractEpollChannel.java:687)
	at org.apache.ratis.thirdparty.io.netty.channel.epoll.AbstractEpollChannel$AbstractEpollUnsafe.epollOutReady(AbstractEpollChannel.java:567)
	at org.apache.ratis.thirdparty.io.netty.channel.epoll.EpollEventLoop.processReady(EpollEventLoop.java:499)
	at org.apache.ratis.thirdparty.io.netty.channel.epoll.EpollEventLoop.run(EpollEventLoop.java:407)
	at org.apache.ratis.thirdparty.io.netty.util.concurrent.SingleThreadEventExecutor$4.run(SingleThreadEventExecutor.java:997)
	at org.apache.ratis.thirdparty.io.netty.util.internal.ThreadExecutorMap$2.run(ThreadExecutorMap.java:74)
	at org.apache.ratis.thirdparty.io.netty.util.concurrent.FastThreadLocalRunnable.run(FastThreadLocalRunnable.java:30)
	at java.base/java.lang.Thread.run(Thread.java:829)
2023-12-01 03:55:50,644 [s2-client-thread1] DEBUG server.RaftServer$Division (RaftServerImpl.java:submitClientRequestAsync(893)) - s2@group-B93FFF3E6E7E: receive client request(RaftClientRequest:client-79DD4F4D9A17->s2@group-B93FFF3E6E7E, cid=999, seq=null, RW, Message:6d657373616765)
2023-12-01 03:55:50,645 [Time-limited test] INFO  grpc.TestRetryCacheWithGrpc (RetryCacheTests.java:runTestRetryOnNewLeader(159)) - successfully sent out the retry request_2
2023-12-01 03:55:50,687 [grpc-default-executor-3] ERROR impl.OrderedAsync (OrderedAsync.java:lambda$sendRequest$9(247)) - client-915AA7F58988: Failed* RaftClientRequest:client-915AA7F58988->s1@group-FB8FFDFFFB35, cid=6, seq=1*, Watch(0), null
java.util.concurrent.CompletionException: java.io.IOException: org.apache.ratis.thirdparty.io.grpc.StatusRuntimeException: UNAVAILABLE: io exception
	at java.base/java.util.concurrent.CompletableFuture.encodeThrowable(CompletableFuture.java:331)
	at java.base/java.util.concurrent.CompletableFuture.completeThrowable(CompletableFuture.java:346)
	at java.base/java.util.concurrent.CompletableFuture$UniApply.tryFire(CompletableFuture.java:632)
	at java.base/java.util.concurrent.CompletableFuture.postComplete(CompletableFuture.java:506)
	at java.base/java.util.concurrent.CompletableFuture.completeExceptionally(CompletableFuture.java:2094)
	at org.apache.ratis.grpc.client.GrpcClientProtocolClient$AsyncStreamObservers.completeReplyExceptionally(GrpcClientProtocolClient.java:394)
	at org.apache.ratis.grpc.client.GrpcClientProtocolClient$AsyncStreamObservers.access$000(GrpcClientProtocolClient.java:300)
	at org.apache.ratis.grpc.client.GrpcClientProtocolClient$AsyncStreamObservers$1.onError(GrpcClientProtocolClient.java:331)
	at org.apache.ratis.thirdparty.io.grpc.stub.ClientCalls$StreamObserverToCallListenerAdapter.onClose(ClientCalls.java:481)
	at org.apache.ratis.thirdparty.io.grpc.PartialForwardingClientCallListener.onClose(PartialForwardingClientCallListener.java:39)
	at org.apache.ratis.thirdparty.io.grpc.ForwardingClientCallListener.onClose(ForwardingClientCallListener.java:23)
	at org.apache.ratis.grpc.metrics.intercept.client.MetricClientCallListener.onClose(MetricClientCallListener.java:47)
	at org.apache.ratis.thirdparty.io.grpc.internal.DelayedClientCall$DelayedListener$3.run(DelayedClientCall.java:489)
	at org.apache.ratis.thirdparty.io.grpc.internal.DelayedClientCall$DelayedListener.delayOrExecute(DelayedClientCall.java:453)
	at org.apache.ratis.thirdparty.io.grpc.internal.DelayedClientCall$DelayedListener.onClose(DelayedClientCall.java:486)
	at org.apache.ratis.thirdparty.io.grpc.internal.ClientCallImpl.closeObserver(ClientCallImpl.java:567)
	at org.apache.ratis.thirdparty.io.grpc.internal.ClientCallImpl.access$300(ClientCallImpl.java:71)
	at org.apache.ratis.thirdparty.io.grpc.internal.ClientCallImpl$ClientStreamListenerImpl$1StreamClosed.runInternal(ClientCallImpl.java:735)
	at org.apache.ratis.thirdparty.io.grpc.internal.ClientCallImpl$ClientStreamListenerImpl$1StreamClosed.runInContext(ClientCallImpl.java:716)
	at org.apache.ratis.thirdparty.io.grpc.internal.ContextRunnable.run(ContextRunnable.java:37)
	at org.apache.ratis.thirdparty.io.grpc.internal.SerializingExecutor.run(SerializingExecutor.java:133)
	at java.base/java.util.concurrent.ThreadPoolExecutor.runWorker(ThreadPoolExecutor.java:1128)
	at java.base/java.util.concurrent.ThreadPoolExecutor$Worker.run(ThreadPoolExecutor.java:628)
	at java.base/java.lang.Thread.run(Thread.java:829)
Caused by: java.io.IOException: org.apache.ratis.thirdparty.io.grpc.StatusRuntimeException: UNAVAILABLE: io exception
	at org.apache.ratis.grpc.GrpcUtil.unwrapException(GrpcUtil.java:99)
	at org.apache.ratis.grpc.GrpcUtil.unwrapIOException(GrpcUtil.java:159)
	at org.apache.ratis.grpc.client.GrpcClientProtocolClient$AsyncStreamObservers$1.onError(GrpcClientProtocolClient.java:330)
	... 16 more
Caused by: org.apache.ratis.thirdparty.io.grpc.StatusRuntimeException: UNAVAILABLE: io exception
	at org.apache.ratis.thirdparty.io.grpc.Status.asRuntimeException(Status.java:537)
	... 16 more
Caused by: org.apache.ratis.thirdparty.io.netty.channel.AbstractChannel$AnnotatedConnectException: finishConnect(..) failed: Connection refused: localhost/127.0.0.1:36299
Caused by: java.net.ConnectException: finishConnect(..) failed: Connection refused
	at org.apache.ratis.thirdparty.io.netty.channel.unix.Errors.newConnectException0(Errors.java:166)
	at org.apache.ratis.thirdparty.io.netty.channel.unix.Errors.handleConnectErrno(Errors.java:131)
	at org.apache.ratis.thirdparty.io.netty.channel.unix.Socket.finishConnect(Socket.java:359)
	at org.apache.ratis.thirdparty.io.netty.channel.epoll.AbstractEpollChannel$AbstractEpollUnsafe.doFinishConnect(AbstractEpollChannel.java:710)
	at org.apache.ratis.thirdparty.io.netty.channel.epoll.AbstractEpollChannel$AbstractEpollUnsafe.finishConnect(AbstractEpollChannel.java:687)
	at org.apache.ratis.thirdparty.io.netty.channel.epoll.AbstractEpollChannel$AbstractEpollUnsafe.epollOutReady(AbstractEpollChannel.java:567)
	at org.apache.ratis.thirdparty.io.netty.channel.epoll.EpollEventLoop.processReady(EpollEventLoop.java:499)
	at org.apache.ratis.thirdparty.io.netty.channel.epoll.EpollEventLoop.run(EpollEventLoop.java:407)
	at org.apache.ratis.thirdparty.io.netty.util.concurrent.SingleThreadEventExecutor$4.run(SingleThreadEventExecutor.java:997)
	at org.apache.ratis.thirdparty.io.netty.util.internal.ThreadExecutorMap$2.run(ThreadExecutorMap.java:74)
	at org.apache.ratis.thirdparty.io.netty.util.concurrent.FastThreadLocalRunnable.run(FastThreadLocalRunnable.java:30)
	at java.base/java.lang.Thread.run(Thread.java:829)
2023-12-01 03:55:50,746 [s2-client-thread1] DEBUG server.RaftServer$Division (RaftServerImpl.java:submitClientRequestAsync(893)) - s2@group-B93FFF3E6E7E: receive client request(RaftClientRequest:client-79DD4F4D9A17->s2@group-B93FFF3E6E7E, cid=999, seq=null, RW, Message:6d657373616765)
2023-12-01 03:55:50,747 [Time-limited test] INFO  grpc.TestRetryCacheWithGrpc (RetryCacheTests.java:runTestRetryOnNewLeader(159)) - successfully sent out the retry request_3
2023-12-01 03:55:50,754 [s0-impl-thread1] INFO  segmented.SegmentedRaftLogWorker (SegmentedRaftLogWorker.java:close(245)) - s0@group-B93FFF3E6E7E-SegmentedRaftLogWorker close()
2023-12-01 03:55:50,755 [JvmPauseMonitor9] INFO  util.JvmPauseMonitor (JvmPauseMonitor.java:run(152)) - JvmPauseMonitor-s0: Stopped
2023-12-01 03:55:50,768 [s1@group-B93FFF3E6E7E-LeaderStateImpl] INFO  segmented.SegmentedRaftLogWorker (SegmentedRaftLogWorker.java:close(245)) - s1@group-B93FFF3E6E7E-SegmentedRaftLogWorker close()
2023-12-01 03:55:50,789 [grpc-default-executor-1] ERROR impl.OrderedAsync (OrderedAsync.java:lambda$sendRequest$9(247)) - client-915AA7F58988: Failed* RaftClientRequest:client-915AA7F58988->s2@group-FB8FFDFFFB35, cid=6, seq=1*, Watch(0), null
java.util.concurrent.CompletionException: java.io.IOException: org.apache.ratis.thirdparty.io.grpc.StatusRuntimeException: UNAVAILABLE: io exception
	at java.base/java.util.concurrent.CompletableFuture.encodeThrowable(CompletableFuture.java:331)
	at java.base/java.util.concurrent.CompletableFuture.completeThrowable(CompletableFuture.java:346)
	at java.base/java.util.concurrent.CompletableFuture$UniApply.tryFire(CompletableFuture.java:632)
	at java.base/java.util.concurrent.CompletableFuture.postComplete(CompletableFuture.java:506)
	at java.base/java.util.concurrent.CompletableFuture.completeExceptionally(CompletableFuture.java:2094)
	at org.apache.ratis.grpc.client.GrpcClientProtocolClient$AsyncStreamObservers.completeReplyExceptionally(GrpcClientProtocolClient.java:394)
	at org.apache.ratis.grpc.client.GrpcClientProtocolClient$AsyncStreamObservers.access$000(GrpcClientProtocolClient.java:300)
	at org.apache.ratis.grpc.client.GrpcClientProtocolClient$AsyncStreamObservers$1.onError(GrpcClientProtocolClient.java:331)
	at org.apache.ratis.thirdparty.io.grpc.stub.ClientCalls$StreamObserverToCallListenerAdapter.onClose(ClientCalls.java:481)
	at org.apache.ratis.thirdparty.io.grpc.PartialForwardingClientCallListener.onClose(PartialForwardingClientCallListener.java:39)
	at org.apache.ratis.thirdparty.io.grpc.ForwardingClientCallListener.onClose(ForwardingClientCallListener.java:23)
	at org.apache.ratis.grpc.metrics.intercept.client.MetricClientCallListener.onClose(MetricClientCallListener.java:47)
	at org.apache.ratis.thirdparty.io.grpc.internal.DelayedClientCall$DelayedListener$3.run(DelayedClientCall.java:489)
	at org.apache.ratis.thirdparty.io.grpc.internal.DelayedClientCall$DelayedListener.delayOrExecute(DelayedClientCall.java:453)
	at org.apache.ratis.thirdparty.io.grpc.internal.DelayedClientCall$DelayedListener.onClose(DelayedClientCall.java:486)
	at org.apache.ratis.thirdparty.io.grpc.internal.ClientCallImpl.closeObserver(ClientCallImpl.java:567)
	at org.apache.ratis.thirdparty.io.grpc.internal.ClientCallImpl.access$300(ClientCallImpl.java:71)
	at org.apache.ratis.thirdparty.io.grpc.internal.ClientCallImpl$ClientStreamListenerImpl$1StreamClosed.runInternal(ClientCallImpl.java:735)
	at org.apache.ratis.thirdparty.io.grpc.internal.ClientCallImpl$ClientStreamListenerImpl$1StreamClosed.runInContext(ClientCallImpl.java:716)
	at org.apache.ratis.thirdparty.io.grpc.internal.ContextRunnable.run(ContextRunnable.java:37)
	at org.apache.ratis.thirdparty.io.grpc.internal.SerializingExecutor.run(SerializingExecutor.java:133)
	at java.base/java.util.concurrent.ThreadPoolExecutor.runWorker(ThreadPoolExecutor.java:1128)
	at java.base/java.util.concurrent.ThreadPoolExecutor$Worker.run(ThreadPoolExecutor.java:628)
	at java.base/java.lang.Thread.run(Thread.java:829)
Caused by: java.io.IOException: org.apache.ratis.thirdparty.io.grpc.StatusRuntimeException: UNAVAILABLE: io exception
	at org.apache.ratis.grpc.GrpcUtil.unwrapException(GrpcUtil.java:99)
	at org.apache.ratis.grpc.GrpcUtil.unwrapIOException(GrpcUtil.java:159)
	at org.apache.ratis.grpc.client.GrpcClientProtocolClient$AsyncStreamObservers$1.onError(GrpcClientProtocolClient.java:330)
	... 16 more
Caused by: org.apache.ratis.thirdparty.io.grpc.StatusRuntimeException: UNAVAILABLE: io exception
	at org.apache.ratis.thirdparty.io.grpc.Status.asRuntimeException(Status.java:537)
	... 16 more
Caused by: org.apache.ratis.thirdparty.io.netty.channel.AbstractChannel$AnnotatedConnectException: finishConnect(..) failed: Connection refused: localhost/127.0.0.1:34227
Caused by: java.net.ConnectException: finishConnect(..) failed: Connection refused
	at org.apache.ratis.thirdparty.io.netty.channel.unix.Errors.newConnectException0(Errors.java:166)
	at org.apache.ratis.thirdparty.io.netty.channel.unix.Errors.handleConnectErrno(Errors.java:131)
	at org.apache.ratis.thirdparty.io.netty.channel.unix.Socket.finishConnect(Socket.java:359)
	at org.apache.ratis.thirdparty.io.netty.channel.epoll.AbstractEpollChannel$AbstractEpollUnsafe.doFinishConnect(AbstractEpollChannel.java:710)
	at org.apache.ratis.thirdparty.io.netty.channel.epoll.AbstractEpollChannel$AbstractEpollUnsafe.finishConnect(AbstractEpollChannel.java:687)
	at org.apache.ratis.thirdparty.io.netty.channel.epoll.AbstractEpollChannel$AbstractEpollUnsafe.epollOutReady(AbstractEpollChannel.java:567)
	at org.apache.ratis.thirdparty.io.netty.channel.epoll.EpollEventLoop.processReady(EpollEventLoop.java:499)
	at org.apache.ratis.thirdparty.io.netty.channel.epoll.EpollEventLoop.run(EpollEventLoop.java:407)
	at org.apache.ratis.thirdparty.io.netty.util.concurrent.SingleThreadEventExecutor$4.run(SingleThreadEventExecutor.java:997)
	at org.apache.ratis.thirdparty.io.netty.util.internal.ThreadExecutorMap$2.run(ThreadExecutorMap.java:74)
	at org.apache.ratis.thirdparty.io.netty.util.concurrent.FastThreadLocalRunnable.run(FastThreadLocalRunnable.java:30)
	at java.base/java.lang.Thread.run(Thread.java:829)
2023-12-01 03:55:50,848 [s2-client-thread1] DEBUG server.RaftServer$Division (RaftServerImpl.java:submitClientRequestAsync(893)) - s2@group-B93FFF3E6E7E: receive client request(RaftClientRequest:client-79DD4F4D9A17->s2@group-B93FFF3E6E7E, cid=999, seq=null, RW, Message:6d657373616765)
2023-12-01 03:55:50,849 [Time-limited test] INFO  grpc.TestRetryCacheWithGrpc (RetryCacheTests.java:runTestRetryOnNewLeader(159)) - successfully sent out the retry request_4
2023-12-01 03:55:50,892 [grpc-default-executor-9] ERROR impl.OrderedAsync (OrderedAsync.java:lambda$sendRequest$9(247)) - client-915AA7F58988: Failed* RaftClientRequest:client-915AA7F58988->s1@group-FB8FFDFFFB35, cid=6, seq=1*, Watch(0), null
java.util.concurrent.CompletionException: java.io.IOException: org.apache.ratis.thirdparty.io.grpc.StatusRuntimeException: UNAVAILABLE: io exception
	at java.base/java.util.concurrent.CompletableFuture.encodeThrowable(CompletableFuture.java:331)
	at java.base/java.util.concurrent.CompletableFuture.completeThrowable(CompletableFuture.java:346)
	at java.base/java.util.concurrent.CompletableFuture$UniApply.tryFire(CompletableFuture.java:632)
	at java.base/java.util.concurrent.CompletableFuture.postComplete(CompletableFuture.java:506)
	at java.base/java.util.concurrent.CompletableFuture.completeExceptionally(CompletableFuture.java:2094)
	at org.apache.ratis.grpc.client.GrpcClientProtocolClient$AsyncStreamObservers.completeReplyExceptionally(GrpcClientProtocolClient.java:394)
	at org.apache.ratis.grpc.client.GrpcClientProtocolClient$AsyncStreamObservers.access$000(GrpcClientProtocolClient.java:300)
	at org.apache.ratis.grpc.client.GrpcClientProtocolClient$AsyncStreamObservers$1.onError(GrpcClientProtocolClient.java:331)
	at org.apache.ratis.thirdparty.io.grpc.stub.ClientCalls$StreamObserverToCallListenerAdapter.onClose(ClientCalls.java:481)
	at org.apache.ratis.thirdparty.io.grpc.PartialForwardingClientCallListener.onClose(PartialForwardingClientCallListener.java:39)
	at org.apache.ratis.thirdparty.io.grpc.ForwardingClientCallListener.onClose(ForwardingClientCallListener.java:23)
	at org.apache.ratis.grpc.metrics.intercept.client.MetricClientCallListener.onClose(MetricClientCallListener.java:47)
	at org.apache.ratis.thirdparty.io.grpc.internal.DelayedClientCall$DelayedListener$3.run(DelayedClientCall.java:489)
	at org.apache.ratis.thirdparty.io.grpc.internal.DelayedClientCall$DelayedListener.delayOrExecute(DelayedClientCall.java:453)
	at org.apache.ratis.thirdparty.io.grpc.internal.DelayedClientCall$DelayedListener.onClose(DelayedClientCall.java:486)
	at org.apache.ratis.thirdparty.io.grpc.internal.ClientCallImpl.closeObserver(ClientCallImpl.java:567)
	at org.apache.ratis.thirdparty.io.grpc.internal.ClientCallImpl.access$300(ClientCallImpl.java:71)
	at org.apache.ratis.thirdparty.io.grpc.internal.ClientCallImpl$ClientStreamListenerImpl$1StreamClosed.runInternal(ClientCallImpl.java:735)
	at org.apache.ratis.thirdparty.io.grpc.internal.ClientCallImpl$ClientStreamListenerImpl$1StreamClosed.runInContext(ClientCallImpl.java:716)
	at org.apache.ratis.thirdparty.io.grpc.internal.ContextRunnable.run(ContextRunnable.java:37)
	at org.apache.ratis.thirdparty.io.grpc.internal.SerializingExecutor.run(SerializingExecutor.java:133)
	at java.base/java.util.concurrent.ThreadPoolExecutor.runWorker(ThreadPoolExecutor.java:1128)
	at java.base/java.util.concurrent.ThreadPoolExecutor$Worker.run(ThreadPoolExecutor.java:628)
	at java.base/java.lang.Thread.run(Thread.java:829)
Caused by: java.io.IOException: org.apache.ratis.thirdparty.io.grpc.StatusRuntimeException: UNAVAILABLE: io exception
	at org.apache.ratis.grpc.GrpcUtil.unwrapException(GrpcUtil.java:99)
	at org.apache.ratis.grpc.GrpcUtil.unwrapIOException(GrpcUtil.java:159)
	at org.apache.ratis.grpc.client.GrpcClientProtocolClient$AsyncStreamObservers$1.onError(GrpcClientProtocolClient.java:330)
	... 16 more
Caused by: org.apache.ratis.thirdparty.io.grpc.StatusRuntimeException: UNAVAILABLE: io exception
	at org.apache.ratis.thirdparty.io.grpc.Status.asRuntimeException(Status.java:537)
	... 16 more
Caused by: org.apache.ratis.thirdparty.io.netty.channel.AbstractChannel$AnnotatedConnectException: finishConnect(..) failed: Connection refused: localhost/127.0.0.1:36299
Caused by: java.net.ConnectException: finishConnect(..) failed: Connection refused
	at org.apache.ratis.thirdparty.io.netty.channel.unix.Errors.newConnectException0(Errors.java:166)
	at org.apache.ratis.thirdparty.io.netty.channel.unix.Errors.handleConnectErrno(Errors.java:131)
	at org.apache.ratis.thirdparty.io.netty.channel.unix.Socket.finishConnect(Socket.java:359)
	at org.apache.ratis.thirdparty.io.netty.channel.epoll.AbstractEpollChannel$AbstractEpollUnsafe.doFinishConnect(AbstractEpollChannel.java:710)
	at org.apache.ratis.thirdparty.io.netty.channel.epoll.AbstractEpollChannel$AbstractEpollUnsafe.finishConnect(AbstractEpollChannel.java:687)
	at org.apache.ratis.thirdparty.io.netty.channel.epoll.AbstractEpollChannel$AbstractEpollUnsafe.epollOutReady(AbstractEpollChannel.java:567)
	at org.apache.ratis.thirdparty.io.netty.channel.epoll.EpollEventLoop.processReady(EpollEventLoop.java:499)
	at org.apache.ratis.thirdparty.io.netty.channel.epoll.EpollEventLoop.run(EpollEventLoop.java:407)
	at org.apache.ratis.thirdparty.io.netty.util.concurrent.SingleThreadEventExecutor$4.run(SingleThreadEventExecutor.java:997)
	at org.apache.ratis.thirdparty.io.netty.util.internal.ThreadExecutorMap$2.run(ThreadExecutorMap.java:74)
	at org.apache.ratis.thirdparty.io.netty.util.concurrent.FastThreadLocalRunnable.run(FastThreadLocalRunnable.java:30)
	at java.base/java.lang.Thread.run(Thread.java:829)
2023-12-01 03:55:50,951 [s2-client-thread1] DEBUG server.RaftServer$Division (RaftServerImpl.java:submitClientRequestAsync(893)) - s2@group-B93FFF3E6E7E: receive client request(RaftClientRequest:client-79DD4F4D9A17->s2@group-B93FFF3E6E7E, cid=999, seq=null, RW, Message:6d657373616765)
2023-12-01 03:55:50,952 [Time-limited test] INFO  grpc.TestRetryCacheWithGrpc (RetryCacheTests.java:runTestRetryOnNewLeader(159)) - successfully sent out the retry request_5
2023-12-01 03:55:50,995 [grpc-default-executor-1] ERROR impl.OrderedAsync (OrderedAsync.java:lambda$sendRequest$9(247)) - client-915AA7F58988: Failed* RaftClientRequest:client-915AA7F58988->s0@group-FB8FFDFFFB35, cid=6, seq=1*, Watch(0), null
java.util.concurrent.CompletionException: java.io.IOException: org.apache.ratis.thirdparty.io.grpc.StatusRuntimeException: UNAVAILABLE: io exception
	at java.base/java.util.concurrent.CompletableFuture.encodeThrowable(CompletableFuture.java:331)
	at java.base/java.util.concurrent.CompletableFuture.completeThrowable(CompletableFuture.java:346)
	at java.base/java.util.concurrent.CompletableFuture$UniApply.tryFire(CompletableFuture.java:632)
	at java.base/java.util.concurrent.CompletableFuture.postComplete(CompletableFuture.java:506)
	at java.base/java.util.concurrent.CompletableFuture.completeExceptionally(CompletableFuture.java:2094)
	at org.apache.ratis.grpc.client.GrpcClientProtocolClient$AsyncStreamObservers.completeReplyExceptionally(GrpcClientProtocolClient.java:394)
	at org.apache.ratis.grpc.client.GrpcClientProtocolClient$AsyncStreamObservers.access$000(GrpcClientProtocolClient.java:300)
	at org.apache.ratis.grpc.client.GrpcClientProtocolClient$AsyncStreamObservers$1.onError(GrpcClientProtocolClient.java:331)
	at org.apache.ratis.thirdparty.io.grpc.stub.ClientCalls$StreamObserverToCallListenerAdapter.onClose(ClientCalls.java:481)
	at org.apache.ratis.thirdparty.io.grpc.PartialForwardingClientCallListener.onClose(PartialForwardingClientCallListener.java:39)
	at org.apache.ratis.thirdparty.io.grpc.ForwardingClientCallListener.onClose(ForwardingClientCallListener.java:23)
	at org.apache.ratis.grpc.metrics.intercept.client.MetricClientCallListener.onClose(MetricClientCallListener.java:47)
	at org.apache.ratis.thirdparty.io.grpc.internal.DelayedClientCall$DelayedListener$3.run(DelayedClientCall.java:489)
	at org.apache.ratis.thirdparty.io.grpc.internal.DelayedClientCall$DelayedListener.delayOrExecute(DelayedClientCall.java:453)
	at org.apache.ratis.thirdparty.io.grpc.internal.DelayedClientCall$DelayedListener.onClose(DelayedClientCall.java:486)
	at org.apache.ratis.thirdparty.io.grpc.internal.ClientCallImpl.closeObserver(ClientCallImpl.java:567)
	at org.apache.ratis.thirdparty.io.grpc.internal.ClientCallImpl.access$300(ClientCallImpl.java:71)
	at org.apache.ratis.thirdparty.io.grpc.internal.ClientCallImpl$ClientStreamListenerImpl$1StreamClosed.runInternal(ClientCallImpl.java:735)
	at org.apache.ratis.thirdparty.io.grpc.internal.ClientCallImpl$ClientStreamListenerImpl$1StreamClosed.runInContext(ClientCallImpl.java:716)
	at org.apache.ratis.thirdparty.io.grpc.internal.ContextRunnable.run(ContextRunnable.java:37)
	at org.apache.ratis.thirdparty.io.grpc.internal.SerializingExecutor.run(SerializingExecutor.java:133)
	at java.base/java.util.concurrent.ThreadPoolExecutor.runWorker(ThreadPoolExecutor.java:1128)
	at java.base/java.util.concurrent.ThreadPoolExecutor$Worker.run(ThreadPoolExecutor.java:628)
	at java.base/java.lang.Thread.run(Thread.java:829)
Caused by: java.io.IOException: org.apache.ratis.thirdparty.io.grpc.StatusRuntimeException: UNAVAILABLE: io exception
	at org.apache.ratis.grpc.GrpcUtil.unwrapException(GrpcUtil.java:99)
	at org.apache.ratis.grpc.GrpcUtil.unwrapIOException(GrpcUtil.java:159)
	at org.apache.ratis.grpc.client.GrpcClientProtocolClient$AsyncStreamObservers$1.onError(GrpcClientProtocolClient.java:330)
	... 16 more
Caused by: org.apache.ratis.thirdparty.io.grpc.StatusRuntimeException: UNAVAILABLE: io exception
	at org.apache.ratis.thirdparty.io.grpc.Status.asRuntimeException(Status.java:537)
	... 16 more
Caused by: org.apache.ratis.thirdparty.io.netty.channel.AbstractChannel$AnnotatedConnectException: finishConnect(..) failed: Connection refused: localhost/127.0.0.1:34265
Caused by: java.net.ConnectException: finishConnect(..) failed: Connection refused
	at org.apache.ratis.thirdparty.io.netty.channel.unix.Errors.newConnectException0(Errors.java:166)
	at org.apache.ratis.thirdparty.io.netty.channel.unix.Errors.handleConnectErrno(Errors.java:131)
	at org.apache.ratis.thirdparty.io.netty.channel.unix.Socket.finishConnect(Socket.java:359)
	at org.apache.ratis.thirdparty.io.netty.channel.epoll.AbstractEpollChannel$AbstractEpollUnsafe.doFinishConnect(AbstractEpollChannel.java:710)
	at org.apache.ratis.thirdparty.io.netty.channel.epoll.AbstractEpollChannel$AbstractEpollUnsafe.finishConnect(AbstractEpollChannel.java:687)
	at org.apache.ratis.thirdparty.io.netty.channel.epoll.AbstractEpollChannel$AbstractEpollUnsafe.epollOutReady(AbstractEpollChannel.java:567)
	at org.apache.ratis.thirdparty.io.netty.channel.epoll.EpollEventLoop.processReady(EpollEventLoop.java:499)
	at org.apache.ratis.thirdparty.io.netty.channel.epoll.EpollEventLoop.run(EpollEventLoop.java:407)
	at org.apache.ratis.thirdparty.io.netty.util.concurrent.SingleThreadEventExecutor$4.run(SingleThreadEventExecutor.java:997)
	at org.apache.ratis.thirdparty.io.netty.util.internal.ThreadExecutorMap$2.run(ThreadExecutorMap.java:74)
	at org.apache.ratis.thirdparty.io.netty.util.concurrent.FastThreadLocalRunnable.run(FastThreadLocalRunnable.java:30)
	at java.base/java.lang.Thread.run(Thread.java:829)
2023-12-01 03:55:51,054 [s2-client-thread1] DEBUG server.RaftServer$Division (RaftServerImpl.java:submitClientRequestAsync(893)) - s2@group-B93FFF3E6E7E: receive client request(RaftClientRequest:client-79DD4F4D9A17->s2@group-B93FFF3E6E7E, cid=999, seq=null, RW, Message:6d657373616765)
2023-12-01 03:55:51,055 [Time-limited test] INFO  grpc.TestRetryCacheWithGrpc (RetryCacheTests.java:runTestRetryOnNewLeader(159)) - successfully sent out the retry request_6
2023-12-01 03:55:51,098 [grpc-default-executor-3] ERROR impl.OrderedAsync (OrderedAsync.java:lambda$sendRequest$9(247)) - client-915AA7F58988: Failed* RaftClientRequest:client-915AA7F58988->s2@group-FB8FFDFFFB35, cid=6, seq=1*, Watch(0), null
java.util.concurrent.CompletionException: java.io.IOException: org.apache.ratis.thirdparty.io.grpc.StatusRuntimeException: UNAVAILABLE: io exception
	at java.base/java.util.concurrent.CompletableFuture.encodeThrowable(CompletableFuture.java:331)
	at java.base/java.util.concurrent.CompletableFuture.completeThrowable(CompletableFuture.java:346)
	at java.base/java.util.concurrent.CompletableFuture$UniApply.tryFire(CompletableFuture.java:632)
	at java.base/java.util.concurrent.CompletableFuture.postComplete(CompletableFuture.java:506)
	at java.base/java.util.concurrent.CompletableFuture.completeExceptionally(CompletableFuture.java:2094)
	at org.apache.ratis.grpc.client.GrpcClientProtocolClient$AsyncStreamObservers.completeReplyExceptionally(GrpcClientProtocolClient.java:394)
	at org.apache.ratis.grpc.client.GrpcClientProtocolClient$AsyncStreamObservers.access$000(GrpcClientProtocolClient.java:300)
	at org.apache.ratis.grpc.client.GrpcClientProtocolClient$AsyncStreamObservers$1.onError(GrpcClientProtocolClient.java:331)
	at org.apache.ratis.thirdparty.io.grpc.stub.ClientCalls$StreamObserverToCallListenerAdapter.onClose(ClientCalls.java:481)
	at org.apache.ratis.thirdparty.io.grpc.PartialForwardingClientCallListener.onClose(PartialForwardingClientCallListener.java:39)
	at org.apache.ratis.thirdparty.io.grpc.ForwardingClientCallListener.onClose(ForwardingClientCallListener.java:23)
	at org.apache.ratis.grpc.metrics.intercept.client.MetricClientCallListener.onClose(MetricClientCallListener.java:47)
	at org.apache.ratis.thirdparty.io.grpc.internal.DelayedClientCall$DelayedListener$3.run(DelayedClientCall.java:489)
	at org.apache.ratis.thirdparty.io.grpc.internal.DelayedClientCall$DelayedListener.delayOrExecute(DelayedClientCall.java:453)
	at org.apache.ratis.thirdparty.io.grpc.internal.DelayedClientCall$DelayedListener.onClose(DelayedClientCall.java:486)
	at org.apache.ratis.thirdparty.io.grpc.internal.ClientCallImpl.closeObserver(ClientCallImpl.java:567)
	at org.apache.ratis.thirdparty.io.grpc.internal.ClientCallImpl.access$300(ClientCallImpl.java:71)
	at org.apache.ratis.thirdparty.io.grpc.internal.ClientCallImpl$ClientStreamListenerImpl$1StreamClosed.runInternal(ClientCallImpl.java:735)
	at org.apache.ratis.thirdparty.io.grpc.internal.ClientCallImpl$ClientStreamListenerImpl$1StreamClosed.runInContext(ClientCallImpl.java:716)
	at org.apache.ratis.thirdparty.io.grpc.internal.ContextRunnable.run(ContextRunnable.java:37)
	at org.apache.ratis.thirdparty.io.grpc.internal.SerializingExecutor.run(SerializingExecutor.java:133)
	at java.base/java.util.concurrent.ThreadPoolExecutor.runWorker(ThreadPoolExecutor.java:1128)
	at java.base/java.util.concurrent.ThreadPoolExecutor$Worker.run(ThreadPoolExecutor.java:628)
	at java.base/java.lang.Thread.run(Thread.java:829)
Caused by: java.io.IOException: org.apache.ratis.thirdparty.io.grpc.StatusRuntimeException: UNAVAILABLE: io exception
	at org.apache.ratis.grpc.GrpcUtil.unwrapException(GrpcUtil.java:99)
	at org.apache.ratis.grpc.GrpcUtil.unwrapIOException(GrpcUtil.java:159)
	at org.apache.ratis.grpc.client.GrpcClientProtocolClient$AsyncStreamObservers$1.onError(GrpcClientProtocolClient.java:330)
	... 16 more
Caused by: org.apache.ratis.thirdparty.io.grpc.StatusRuntimeException: UNAVAILABLE: io exception
	at org.apache.ratis.thirdparty.io.grpc.Status.asRuntimeException(Status.java:537)
	... 16 more
Caused by: org.apache.ratis.thirdparty.io.netty.channel.AbstractChannel$AnnotatedConnectException: finishConnect(..) failed: Connection refused: localhost/127.0.0.1:34227
Caused by: java.net.ConnectException: finishConnect(..) failed: Connection refused
	at org.apache.ratis.thirdparty.io.netty.channel.unix.Errors.newConnectException0(Errors.java:166)
	at org.apache.ratis.thirdparty.io.netty.channel.unix.Errors.handleConnectErrno(Errors.java:131)
	at org.apache.ratis.thirdparty.io.netty.channel.unix.Socket.finishConnect(Socket.java:359)
	at org.apache.ratis.thirdparty.io.netty.channel.epoll.AbstractEpollChannel$AbstractEpollUnsafe.doFinishConnect(AbstractEpollChannel.java:710)
	at org.apache.ratis.thirdparty.io.netty.channel.epoll.AbstractEpollChannel$AbstractEpollUnsafe.finishConnect(AbstractEpollChannel.java:687)
	at org.apache.ratis.thirdparty.io.netty.channel.epoll.AbstractEpollChannel$AbstractEpollUnsafe.epollOutReady(AbstractEpollChannel.java:567)
	at org.apache.ratis.thirdparty.io.netty.channel.epoll.EpollEventLoop.processReady(EpollEventLoop.java:499)
	at org.apache.ratis.thirdparty.io.netty.channel.epoll.EpollEventLoop.run(EpollEventLoop.java:407)
	at org.apache.ratis.thirdparty.io.netty.util.concurrent.SingleThreadEventExecutor$4.run(SingleThreadEventExecutor.java:997)
	at org.apache.ratis.thirdparty.io.netty.util.internal.ThreadExecutorMap$2.run(ThreadExecutorMap.java:74)
	at org.apache.ratis.thirdparty.io.netty.util.concurrent.FastThreadLocalRunnable.run(FastThreadLocalRunnable.java:30)
	at java.base/java.lang.Thread.run(Thread.java:829)
2023-12-01 03:55:51,156 [s2-client-thread1] DEBUG server.RaftServer$Division (RaftServerImpl.java:submitClientRequestAsync(893)) - s2@group-B93FFF3E6E7E: receive client request(RaftClientRequest:client-79DD4F4D9A17->s2@group-B93FFF3E6E7E, cid=999, seq=null, RW, Message:6d657373616765)
2023-12-01 03:55:51,157 [Time-limited test] INFO  grpc.TestRetryCacheWithGrpc (RetryCacheTests.java:runTestRetryOnNewLeader(159)) - successfully sent out the retry request_7
2023-12-01 03:55:51,201 [grpc-default-executor-9] ERROR impl.OrderedAsync (OrderedAsync.java:lambda$sendRequest$9(247)) - client-915AA7F58988: Failed* RaftClientRequest:client-915AA7F58988->s0@group-FB8FFDFFFB35, cid=6, seq=1*, Watch(0), null
java.util.concurrent.CompletionException: java.io.IOException: org.apache.ratis.thirdparty.io.grpc.StatusRuntimeException: UNAVAILABLE: io exception
	at java.base/java.util.concurrent.CompletableFuture.encodeThrowable(CompletableFuture.java:331)
	at java.base/java.util.concurrent.CompletableFuture.completeThrowable(CompletableFuture.java:346)
	at java.base/java.util.concurrent.CompletableFuture$UniApply.tryFire(CompletableFuture.java:632)
	at java.base/java.util.concurrent.CompletableFuture.postComplete(CompletableFuture.java:506)
	at java.base/java.util.concurrent.CompletableFuture.completeExceptionally(CompletableFuture.java:2094)
	at org.apache.ratis.grpc.client.GrpcClientProtocolClient$AsyncStreamObservers.completeReplyExceptionally(GrpcClientProtocolClient.java:394)
	at org.apache.ratis.grpc.client.GrpcClientProtocolClient$AsyncStreamObservers.access$000(GrpcClientProtocolClient.java:300)
	at org.apache.ratis.grpc.client.GrpcClientProtocolClient$AsyncStreamObservers$1.onError(GrpcClientProtocolClient.java:331)
	at org.apache.ratis.thirdparty.io.grpc.stub.ClientCalls$StreamObserverToCallListenerAdapter.onClose(ClientCalls.java:481)
	at org.apache.ratis.thirdparty.io.grpc.PartialForwardingClientCallListener.onClose(PartialForwardingClientCallListener.java:39)
	at org.apache.ratis.thirdparty.io.grpc.ForwardingClientCallListener.onClose(ForwardingClientCallListener.java:23)
	at org.apache.ratis.grpc.metrics.intercept.client.MetricClientCallListener.onClose(MetricClientCallListener.java:47)
	at org.apache.ratis.thirdparty.io.grpc.internal.DelayedClientCall$DelayedListener$3.run(DelayedClientCall.java:489)
	at org.apache.ratis.thirdparty.io.grpc.internal.DelayedClientCall$DelayedListener.delayOrExecute(DelayedClientCall.java:453)
	at org.apache.ratis.thirdparty.io.grpc.internal.DelayedClientCall$DelayedListener.onClose(DelayedClientCall.java:486)
	at org.apache.ratis.thirdparty.io.grpc.internal.ClientCallImpl.closeObserver(ClientCallImpl.java:567)
	at org.apache.ratis.thirdparty.io.grpc.internal.ClientCallImpl.access$300(ClientCallImpl.java:71)
	at org.apache.ratis.thirdparty.io.grpc.internal.ClientCallImpl$ClientStreamListenerImpl$1StreamClosed.runInternal(ClientCallImpl.java:735)
	at org.apache.ratis.thirdparty.io.grpc.internal.ClientCallImpl$ClientStreamListenerImpl$1StreamClosed.runInContext(ClientCallImpl.java:716)
	at org.apache.ratis.thirdparty.io.grpc.internal.ContextRunnable.run(ContextRunnable.java:37)
	at org.apache.ratis.thirdparty.io.grpc.internal.SerializingExecutor.run(SerializingExecutor.java:133)
	at java.base/java.util.concurrent.ThreadPoolExecutor.runWorker(ThreadPoolExecutor.java:1128)
	at java.base/java.util.concurrent.ThreadPoolExecutor$Worker.run(ThreadPoolExecutor.java:628)
	at java.base/java.lang.Thread.run(Thread.java:829)
Caused by: java.io.IOException: org.apache.ratis.thirdparty.io.grpc.StatusRuntimeException: UNAVAILABLE: io exception
	at org.apache.ratis.grpc.GrpcUtil.unwrapException(GrpcUtil.java:99)
	at org.apache.ratis.grpc.GrpcUtil.unwrapIOException(GrpcUtil.java:159)
	at org.apache.ratis.grpc.client.GrpcClientProtocolClient$AsyncStreamObservers$1.onError(GrpcClientProtocolClient.java:330)
	... 16 more
Caused by: org.apache.ratis.thirdparty.io.grpc.StatusRuntimeException: UNAVAILABLE: io exception
	at org.apache.ratis.thirdparty.io.grpc.Status.asRuntimeException(Status.java:537)
	... 16 more
Caused by: org.apache.ratis.thirdparty.io.netty.channel.AbstractChannel$AnnotatedConnectException: finishConnect(..) failed: Connection refused: localhost/127.0.0.1:34265
Caused by: java.net.ConnectException: finishConnect(..) failed: Connection refused
	at org.apache.ratis.thirdparty.io.netty.channel.unix.Errors.newConnectException0(Errors.java:166)
	at org.apache.ratis.thirdparty.io.netty.channel.unix.Errors.handleConnectErrno(Errors.java:131)
	at org.apache.ratis.thirdparty.io.netty.channel.unix.Socket.finishConnect(Socket.java:359)
	at org.apache.ratis.thirdparty.io.netty.channel.epoll.AbstractEpollChannel$AbstractEpollUnsafe.doFinishConnect(AbstractEpollChannel.java:710)
	at org.apache.ratis.thirdparty.io.netty.channel.epoll.AbstractEpollChannel$AbstractEpollUnsafe.finishConnect(AbstractEpollChannel.java:687)
	at org.apache.ratis.thirdparty.io.netty.channel.epoll.AbstractEpollChannel$AbstractEpollUnsafe.epollOutReady(AbstractEpollChannel.java:567)
	at org.apache.ratis.thirdparty.io.netty.channel.epoll.EpollEventLoop.processReady(EpollEventLoop.java:499)
	at org.apache.ratis.thirdparty.io.netty.channel.epoll.EpollEventLoop.run(EpollEventLoop.java:407)
	at org.apache.ratis.thirdparty.io.netty.util.concurrent.SingleThreadEventExecutor$4.run(SingleThreadEventExecutor.java:997)
	at org.apache.ratis.thirdparty.io.netty.util.internal.ThreadExecutorMap$2.run(ThreadExecutorMap.java:74)
	at org.apache.ratis.thirdparty.io.netty.util.concurrent.FastThreadLocalRunnable.run(FastThreadLocalRunnable.java:30)
	at java.base/java.lang.Thread.run(Thread.java:829)
2023-12-01 03:55:51,259 [s2-client-thread1] DEBUG server.RaftServer$Division (RaftServerImpl.java:submitClientRequestAsync(893)) - s2@group-B93FFF3E6E7E: receive client request(RaftClientRequest:client-79DD4F4D9A17->s2@group-B93FFF3E6E7E, cid=999, seq=null, RW, Message:6d657373616765)
2023-12-01 03:55:51,260 [Time-limited test] INFO  grpc.TestRetryCacheWithGrpc (RetryCacheTests.java:runTestRetryOnNewLeader(159)) - successfully sent out the retry request_8
2023-12-01 03:55:51,303 [grpc-default-executor-1] ERROR impl.OrderedAsync (OrderedAsync.java:lambda$sendRequest$9(247)) - client-915AA7F58988: Failed* RaftClientRequest:client-915AA7F58988->s2@group-FB8FFDFFFB35, cid=6, seq=1*, Watch(0), null
java.util.concurrent.CompletionException: java.io.IOException: org.apache.ratis.thirdparty.io.grpc.StatusRuntimeException: UNAVAILABLE: io exception
	at java.base/java.util.concurrent.CompletableFuture.encodeThrowable(CompletableFuture.java:331)
	at java.base/java.util.concurrent.CompletableFuture.completeThrowable(CompletableFuture.java:346)
	at java.base/java.util.concurrent.CompletableFuture$UniApply.tryFire(CompletableFuture.java:632)
	at java.base/java.util.concurrent.CompletableFuture.postComplete(CompletableFuture.java:506)
	at java.base/java.util.concurrent.CompletableFuture.completeExceptionally(CompletableFuture.java:2094)
	at org.apache.ratis.grpc.client.GrpcClientProtocolClient$AsyncStreamObservers.completeReplyExceptionally(GrpcClientProtocolClient.java:394)
	at org.apache.ratis.grpc.client.GrpcClientProtocolClient$AsyncStreamObservers.access$000(GrpcClientProtocolClient.java:300)
	at org.apache.ratis.grpc.client.GrpcClientProtocolClient$AsyncStreamObservers$1.onError(GrpcClientProtocolClient.java:331)
	at org.apache.ratis.thirdparty.io.grpc.stub.ClientCalls$StreamObserverToCallListenerAdapter.onClose(ClientCalls.java:481)
	at org.apache.ratis.thirdparty.io.grpc.PartialForwardingClientCallListener.onClose(PartialForwardingClientCallListener.java:39)
	at org.apache.ratis.thirdparty.io.grpc.ForwardingClientCallListener.onClose(ForwardingClientCallListener.java:23)
	at org.apache.ratis.grpc.metrics.intercept.client.MetricClientCallListener.onClose(MetricClientCallListener.java:47)
	at org.apache.ratis.thirdparty.io.grpc.internal.DelayedClientCall$DelayedListener$3.run(DelayedClientCall.java:489)
	at org.apache.ratis.thirdparty.io.grpc.internal.DelayedClientCall$DelayedListener.delayOrExecute(DelayedClientCall.java:453)
	at org.apache.ratis.thirdparty.io.grpc.internal.DelayedClientCall$DelayedListener.onClose(DelayedClientCall.java:486)
	at org.apache.ratis.thirdparty.io.grpc.internal.ClientCallImpl.closeObserver(ClientCallImpl.java:567)
	at org.apache.ratis.thirdparty.io.grpc.internal.ClientCallImpl.access$300(ClientCallImpl.java:71)
	at org.apache.ratis.thirdparty.io.grpc.internal.ClientCallImpl$ClientStreamListenerImpl$1StreamClosed.runInternal(ClientCallImpl.java:735)
	at org.apache.ratis.thirdparty.io.grpc.internal.ClientCallImpl$ClientStreamListenerImpl$1StreamClosed.runInContext(ClientCallImpl.java:716)
	at org.apache.ratis.thirdparty.io.grpc.internal.ContextRunnable.run(ContextRunnable.java:37)
	at org.apache.ratis.thirdparty.io.grpc.internal.SerializingExecutor.run(SerializingExecutor.java:133)
	at java.base/java.util.concurrent.ThreadPoolExecutor.runWorker(ThreadPoolExecutor.java:1128)
	at java.base/java.util.concurrent.ThreadPoolExecutor$Worker.run(ThreadPoolExecutor.java:628)
	at java.base/java.lang.Thread.run(Thread.java:829)
Caused by: java.io.IOException: org.apache.ratis.thirdparty.io.grpc.StatusRuntimeException: UNAVAILABLE: io exception
	at org.apache.ratis.grpc.GrpcUtil.unwrapException(GrpcUtil.java:99)
	at org.apache.ratis.grpc.GrpcUtil.unwrapIOException(GrpcUtil.java:159)
	at org.apache.ratis.grpc.client.GrpcClientProtocolClient$AsyncStreamObservers$1.onError(GrpcClientProtocolClient.java:330)
	... 16 more
Caused by: org.apache.ratis.thirdparty.io.grpc.StatusRuntimeException: UNAVAILABLE: io exception
	at org.apache.ratis.thirdparty.io.grpc.Status.asRuntimeException(Status.java:537)
	... 16 more
Caused by: org.apache.ratis.thirdparty.io.netty.channel.AbstractChannel$AnnotatedConnectException: finishConnect(..) failed: Connection refused: localhost/127.0.0.1:34227
Caused by: java.net.ConnectException: finishConnect(..) failed: Connection refused
	at org.apache.ratis.thirdparty.io.netty.channel.unix.Errors.newConnectException0(Errors.java:166)
	at org.apache.ratis.thirdparty.io.netty.channel.unix.Errors.handleConnectErrno(Errors.java:131)
	at org.apache.ratis.thirdparty.io.netty.channel.unix.Socket.finishConnect(Socket.java:359)
	at org.apache.ratis.thirdparty.io.netty.channel.epoll.AbstractEpollChannel$AbstractEpollUnsafe.doFinishConnect(AbstractEpollChannel.java:710)
	at org.apache.ratis.thirdparty.io.netty.channel.epoll.AbstractEpollChannel$AbstractEpollUnsafe.finishConnect(AbstractEpollChannel.java:687)
	at org.apache.ratis.thirdparty.io.netty.channel.epoll.AbstractEpollChannel$AbstractEpollUnsafe.epollOutReady(AbstractEpollChannel.java:567)
	at org.apache.ratis.thirdparty.io.netty.channel.epoll.EpollEventLoop.processReady(EpollEventLoop.java:499)
	at org.apache.ratis.thirdparty.io.netty.channel.epoll.EpollEventLoop.run(EpollEventLoop.java:407)
	at org.apache.ratis.thirdparty.io.netty.util.concurrent.SingleThreadEventExecutor$4.run(SingleThreadEventExecutor.java:997)
	at org.apache.ratis.thirdparty.io.netty.util.internal.ThreadExecutorMap$2.run(ThreadExecutorMap.java:74)
	at org.apache.ratis.thirdparty.io.netty.util.concurrent.FastThreadLocalRunnable.run(FastThreadLocalRunnable.java:30)
	at java.base/java.lang.Thread.run(Thread.java:829)
2023-12-01 03:55:51,361 [s2-client-thread1] DEBUG server.RaftServer$Division (RaftServerImpl.java:submitClientRequestAsync(893)) - s2@group-B93FFF3E6E7E: receive client request(RaftClientRequest:client-79DD4F4D9A17->s2@group-B93FFF3E6E7E, cid=999, seq=null, RW, Message:6d657373616765)
2023-12-01 03:55:51,362 [Time-limited test] INFO  grpc.TestRetryCacheWithGrpc (RetryCacheTests.java:runTestRetryOnNewLeader(159)) - successfully sent out the retry request_9
2023-12-01 03:55:51,406 [grpc-default-executor-1] ERROR impl.OrderedAsync (OrderedAsync.java:lambda$sendRequest$9(247)) - client-915AA7F58988: Failed* RaftClientRequest:client-915AA7F58988->s1@group-FB8FFDFFFB35, cid=6, seq=1*, Watch(0), null
java.util.concurrent.CompletionException: java.io.IOException: org.apache.ratis.thirdparty.io.grpc.StatusRuntimeException: UNAVAILABLE: io exception
	at java.base/java.util.concurrent.CompletableFuture.encodeThrowable(CompletableFuture.java:331)
	at java.base/java.util.concurrent.CompletableFuture.completeThrowable(CompletableFuture.java:346)
	at java.base/java.util.concurrent.CompletableFuture$UniApply.tryFire(CompletableFuture.java:632)
	at java.base/java.util.concurrent.CompletableFuture.postComplete(CompletableFuture.java:506)
	at java.base/java.util.concurrent.CompletableFuture.completeExceptionally(CompletableFuture.java:2094)
	at org.apache.ratis.grpc.client.GrpcClientProtocolClient$AsyncStreamObservers.completeReplyExceptionally(GrpcClientProtocolClient.java:394)
	at org.apache.ratis.grpc.client.GrpcClientProtocolClient$AsyncStreamObservers.access$000(GrpcClientProtocolClient.java:300)
	at org.apache.ratis.grpc.client.GrpcClientProtocolClient$AsyncStreamObservers$1.onError(GrpcClientProtocolClient.java:331)
	at org.apache.ratis.thirdparty.io.grpc.stub.ClientCalls$StreamObserverToCallListenerAdapter.onClose(ClientCalls.java:481)
	at org.apache.ratis.thirdparty.io.grpc.PartialForwardingClientCallListener.onClose(PartialForwardingClientCallListener.java:39)
	at org.apache.ratis.thirdparty.io.grpc.ForwardingClientCallListener.onClose(ForwardingClientCallListener.java:23)
	at org.apache.ratis.grpc.metrics.intercept.client.MetricClientCallListener.onClose(MetricClientCallListener.java:47)
	at org.apache.ratis.thirdparty.io.grpc.internal.DelayedClientCall$DelayedListener$3.run(DelayedClientCall.java:489)
	at org.apache.ratis.thirdparty.io.grpc.internal.DelayedClientCall$DelayedListener.delayOrExecute(DelayedClientCall.java:453)
	at org.apache.ratis.thirdparty.io.grpc.internal.DelayedClientCall$DelayedListener.onClose(DelayedClientCall.java:486)
	at org.apache.ratis.thirdparty.io.grpc.internal.ClientCallImpl.closeObserver(ClientCallImpl.java:567)
	at org.apache.ratis.thirdparty.io.grpc.internal.ClientCallImpl.access$300(ClientCallImpl.java:71)
	at org.apache.ratis.thirdparty.io.grpc.internal.ClientCallImpl$ClientStreamListenerImpl$1StreamClosed.runInternal(ClientCallImpl.java:735)
	at org.apache.ratis.thirdparty.io.grpc.internal.ClientCallImpl$ClientStreamListenerImpl$1StreamClosed.runInContext(ClientCallImpl.java:716)
	at org.apache.ratis.thirdparty.io.grpc.internal.ContextRunnable.run(ContextRunnable.java:37)
	at org.apache.ratis.thirdparty.io.grpc.internal.SerializingExecutor.run(SerializingExecutor.java:133)
	at java.base/java.util.concurrent.ThreadPoolExecutor.runWorker(ThreadPoolExecutor.java:1128)
	at java.base/java.util.concurrent.ThreadPoolExecutor$Worker.run(ThreadPoolExecutor.java:628)
	at java.base/java.lang.Thread.run(Thread.java:829)
Caused by: java.io.IOException: org.apache.ratis.thirdparty.io.grpc.StatusRuntimeException: UNAVAILABLE: io exception
	at org.apache.ratis.grpc.GrpcUtil.unwrapException(GrpcUtil.java:99)
	at org.apache.ratis.grpc.GrpcUtil.unwrapIOException(GrpcUtil.java:159)
	at org.apache.ratis.grpc.client.GrpcClientProtocolClient$AsyncStreamObservers$1.onError(GrpcClientProtocolClient.java:330)
	... 16 more
Caused by: org.apache.ratis.thirdparty.io.grpc.StatusRuntimeException: UNAVAILABLE: io exception
	at org.apache.ratis.thirdparty.io.grpc.Status.asRuntimeException(Status.java:537)
	... 16 more
Caused by: org.apache.ratis.thirdparty.io.netty.channel.AbstractChannel$AnnotatedConnectException: finishConnect(..) failed: Connection refused: localhost/127.0.0.1:36299
Caused by: java.net.ConnectException: finishConnect(..) failed: Connection refused
	at org.apache.ratis.thirdparty.io.netty.channel.unix.Errors.newConnectException0(Errors.java:166)
	at org.apache.ratis.thirdparty.io.netty.channel.unix.Errors.handleConnectErrno(Errors.java:131)
	at org.apache.ratis.thirdparty.io.netty.channel.unix.Socket.finishConnect(Socket.java:359)
	at org.apache.ratis.thirdparty.io.netty.channel.epoll.AbstractEpollChannel$AbstractEpollUnsafe.doFinishConnect(AbstractEpollChannel.java:710)
	at org.apache.ratis.thirdparty.io.netty.channel.epoll.AbstractEpollChannel$AbstractEpollUnsafe.finishConnect(AbstractEpollChannel.java:687)
	at org.apache.ratis.thirdparty.io.netty.channel.epoll.AbstractEpollChannel$AbstractEpollUnsafe.epollOutReady(AbstractEpollChannel.java:567)
	at org.apache.ratis.thirdparty.io.netty.channel.epoll.EpollEventLoop.processReady(EpollEventLoop.java:499)
	at org.apache.ratis.thirdparty.io.netty.channel.epoll.EpollEventLoop.run(EpollEventLoop.java:407)
	at org.apache.ratis.thirdparty.io.netty.util.concurrent.SingleThreadEventExecutor$4.run(SingleThreadEventExecutor.java:997)
	at org.apache.ratis.thirdparty.io.netty.util.internal.ThreadExecutorMap$2.run(ThreadExecutorMap.java:74)
	at org.apache.ratis.thirdparty.io.netty.util.concurrent.FastThreadLocalRunnable.run(FastThreadLocalRunnable.java:30)
	at java.base/java.lang.Thread.run(Thread.java:829)
2023-12-01 03:55:51,463 [Time-limited test] INFO  impl.MiniRaftCluster (MiniRaftCluster.java:shutdown(831)) - ************************************************************** 
2023-12-01 03:55:51,463 [Time-limited test] INFO  impl.MiniRaftCluster (MiniRaftCluster.java:shutdown(832)) - *** 
2023-12-01 03:55:51,463 [Time-limited test] INFO  impl.MiniRaftCluster (MiniRaftCluster.java:shutdown(833)) - ***     Stopping MiniRaftClusterWithGrpc
2023-12-01 03:55:51,463 [Time-limited test] INFO  impl.MiniRaftCluster (MiniRaftCluster.java:shutdown(834)) - *** 
2023-12-01 03:55:51,463 [Time-limited test] INFO  impl.MiniRaftCluster (MiniRaftCluster.java:shutdown(835)) - ************************************************************** 
2023-12-01 03:55:51,464 [Time-limited test] INFO  impl.MiniRaftCluster (MiniRaftCluster.java:shutdown(836)) - printing ALL groups
  s3:  RUNNING  FOLLOWER s3@group-B93FFF3E6E7E:t2, leader=s2, voted=s2, raftlog=Memoized:s3@group-B93FFF3E6E7E-SegmentedRaftLog:OPENED:c14, conf=13: peers:[s3|0.0.0.0:39245, s4|0.0.0.0:41791, s2|localhost:34445]|listeners:[], old=null RUNNING
  s4:  RUNNING  FOLLOWER s4@group-B93FFF3E6E7E:t2, leader=s2, voted=s2, raftlog=Memoized:s4@group-B93FFF3E6E7E-SegmentedRaftLog:OPENED:c14, conf=13: peers:[s3|0.0.0.0:39245, s4|0.0.0.0:41791, s2|localhost:34445]|listeners:[], old=null RUNNING
  s0:   CLOSED CANDIDATE s0@group-B93FFF3E6E7E:t1, leader=null, voted=s1, raftlog=Memoized:s0@group-B93FFF3E6E7E-SegmentedRaftLog:CLOSED:c8, conf=9: peers:[s3|0.0.0.0:39245, s4|0.0.0.0:41791, s2|localhost:34445]|listeners:[], old=peers:[s3|0.0.0.0:39245, s4|0.0.0.0:41791, s0|localhost:42131, s1|localhost:43397, s2|localhost:34445]|listeners:[] CLOSED
  s1:  RUNNING    LEADER s1@group-B93FFF3E6E7E:t1, leader=s1, voted=s1, raftlog=Memoized:s1@group-B93FFF3E6E7E-SegmentedRaftLog:CLOSED:c11, conf=11: peers:[s3|0.0.0.0:39245, s4|0.0.0.0:41791, s2|localhost:34445]|listeners:[], old=null CLOSED
  s2:  RUNNING    LEADER s2@group-B93FFF3E6E7E:t2, leader=s2, voted=s2, raftlog=Memoized:s2@group-B93FFF3E6E7E-SegmentedRaftLog:OPENED:c14, conf=13: peers:[s3|0.0.0.0:39245, s4|0.0.0.0:41791, s2|localhost:34445]|listeners:[], old=null RUNNING
2023-12-01 03:55:51,464 [MiniRaftCluster-10] INFO  server.RaftServer (RaftServerProxy.java:lambda$close$9(416)) - s3: close
2023-12-01 03:55:51,464 [s3-impl-thread1] INFO  server.RaftServer$Division (RaftServerImpl.java:lambda$close$3(516)) - s3@group-B93FFF3E6E7E: shutdown
2023-12-01 03:55:51,464 [MiniRaftCluster-10] INFO  server.GrpcService (GrpcService.java:closeImpl(311)) - s3: shutdown server GrpcServerProtocolService now
2023-12-01 03:55:51,464 [s3-impl-thread1] INFO  util.JmxRegister (JmxRegister.java:unregister(73)) - Successfully un-registered JMX Bean with object name Ratis:service=RaftServer,group=group-B93FFF3E6E7E,id=s3
2023-12-01 03:55:51,464 [s3-impl-thread1] INFO  impl.RoleInfo (RoleInfo.java:shutdownFollowerState(110)) - s3: shutdown s3@group-B93FFF3E6E7E-FollowerState
2023-12-01 03:55:51,464 [s3-impl-thread1] INFO  impl.StateMachineUpdater (StateMachineUpdater.java:stopAndJoin(157)) - s3@group-B93FFF3E6E7E-StateMachineUpdater: set stopIndex = 14
2023-12-01 03:55:51,464 [s3@group-B93FFF3E6E7E-FollowerState] INFO  impl.FollowerState (FollowerState.java:run(152)) - s3@group-B93FFF3E6E7E-FollowerState was interrupted
2023-12-01 03:55:51,464 [s3-impl-thread1] INFO  server.RaftServer$Division (ServerState.java:close(423)) - s3@group-B93FFF3E6E7E: applyIndex: 14
2023-12-01 03:55:51,464 [s3@group-B93FFF3E6E7E-cacheEviction-AwaitToRun] INFO  util.AwaitToRun (AwaitToRun.java:run(49)) - s3@group-B93FFF3E6E7E-cacheEviction-AwaitToRun-AwaitForSignal is interrupted
2023-12-01 03:55:51,465 [grpc-default-executor-1] WARN  server.GrpcServerProtocolService (LogUtils.java:warn(121)) - s3: APPEND_ENTRIES onError, lastRequest: s2->s3#2-t2,previous=(t:2, i:13),leaderCommit=13,initializing? true,entries: size=1, first=(t:2, i:14), METADATAENTRY(c:13): org.apache.ratis.thirdparty.io.grpc.StatusRuntimeException: CANCELLED: client cancelled
2023-12-01 03:55:51,465 [grpc-default-executor-1] WARN  server.GrpcLogAppender (LogUtils.java:warn(121)) - s2@group-B93FFF3E6E7E->s3-AppendLogResponseHandler: Failed appendEntries: org.apache.ratis.thirdparty.io.grpc.StatusRuntimeException: CANCELLED: RST_STREAM closed stream. HTTP/2 error code: CANCEL
2023-12-01 03:55:51,465 [grpc-default-executor-1] WARN  server.GrpcLogAppender (GrpcLogAppender.java:resetClient(140)) - s2@group-B93FFF3E6E7E->s3-GrpcLogAppender: Follower failed and request == null,  keep nextIndex (15) unchanged and retry.
2023-12-01 03:55:51,466 [MiniRaftCluster-13] INFO  server.RaftServer (RaftServerProxy.java:lambda$close$9(416)) - s1: close
2023-12-01 03:55:51,466 [grpc-default-executor-9] WARN  server.GrpcServerProtocolService (LogUtils.java:warn(121)) - s3: APPEND_ENTRIES onError, lastRequest: null: org.apache.ratis.thirdparty.io.grpc.StatusRuntimeException: CANCELLED: client cancelled
2023-12-01 03:55:51,466 [grpc-default-executor-9] WARN  server.GrpcLogAppender (LogUtils.java:warn(121)) - s2@group-B93FFF3E6E7E->s3-AppendLogResponseHandler: Failed appendEntries: org.apache.ratis.thirdparty.io.grpc.StatusRuntimeException: CANCELLED: RST_STREAM closed stream. HTTP/2 error code: CANCEL
2023-12-01 03:55:51,466 [MiniRaftCluster-11] INFO  server.RaftServer (RaftServerProxy.java:lambda$close$9(416)) - s4: close
2023-12-01 03:55:51,466 [grpc-default-executor-9] WARN  server.GrpcLogAppender (GrpcLogAppender.java:resetClient(140)) - s2@group-B93FFF3E6E7E->s3-GrpcLogAppender: Follower failed and request == null,  keep nextIndex (15) unchanged and retry.
2023-12-01 03:55:51,466 [MiniRaftCluster-14] INFO  server.RaftServer (RaftServerProxy.java:lambda$close$9(416)) - s2: close
2023-12-01 03:55:51,466 [Thread-392] INFO  server.GrpcServerProtocolClient (GrpcServerProtocolClient.java:close(103)) - s0 Close channels
2023-12-01 03:55:51,467 [Thread-393] INFO  server.GrpcServerProtocolClient (GrpcServerProtocolClient.java:close(103)) - s1 Close channels
2023-12-01 03:55:51,466 [s4-impl-thread1] INFO  server.RaftServer$Division (RaftServerImpl.java:lambda$close$3(516)) - s4@group-B93FFF3E6E7E: shutdown
2023-12-01 03:55:51,467 [s4-impl-thread1] INFO  util.JmxRegister (JmxRegister.java:unregister(73)) - Successfully un-registered JMX Bean with object name Ratis:service=RaftServer,group=group-B93FFF3E6E7E,id=s4
2023-12-01 03:55:51,467 [s4-impl-thread1] INFO  impl.RoleInfo (RoleInfo.java:shutdownFollowerState(110)) - s4: shutdown s4@group-B93FFF3E6E7E-FollowerState
2023-12-01 03:55:51,467 [s4-impl-thread1] INFO  impl.StateMachineUpdater (StateMachineUpdater.java:stopAndJoin(157)) - s4@group-B93FFF3E6E7E-StateMachineUpdater: set stopIndex = 14
2023-12-01 03:55:51,467 [s4@group-B93FFF3E6E7E-FollowerState] INFO  impl.FollowerState (FollowerState.java:run(152)) - s4@group-B93FFF3E6E7E-FollowerState was interrupted
2023-12-01 03:55:51,467 [s4-impl-thread1] INFO  server.RaftServer$Division (ServerState.java:close(423)) - s4@group-B93FFF3E6E7E: applyIndex: 14
2023-12-01 03:55:51,466 [MiniRaftCluster-11] INFO  server.GrpcService (GrpcService.java:closeImpl(311)) - s4: shutdown server GrpcServerProtocolService now
2023-12-01 03:55:51,466 [MiniRaftCluster-13] INFO  server.GrpcService (GrpcService.java:closeImpl(311)) - s1: shutdown server org.apache.ratis.grpc.server.GrpcClientProtocolService now
2023-12-01 03:55:51,467 [s4@group-B93FFF3E6E7E-cacheEviction-AwaitToRun] INFO  util.AwaitToRun (AwaitToRun.java:run(49)) - s4@group-B93FFF3E6E7E-cacheEviction-AwaitToRun-AwaitForSignal is interrupted
2023-12-01 03:55:51,467 [grpc-default-executor-3] WARN  server.GrpcServerProtocolService (LogUtils.java:warn(121)) - s4: APPEND_ENTRIES onError, lastRequest: s2->s4#2-t2,previous=(t:2, i:13),leaderCommit=13,initializing? true,entries: size=1, first=(t:2, i:14), METADATAENTRY(c:13): org.apache.ratis.thirdparty.io.grpc.StatusRuntimeException: CANCELLED: client cancelled
2023-12-01 03:55:51,468 [grpc-default-executor-9] WARN  server.GrpcLogAppender (LogUtils.java:warn(121)) - s2@group-B93FFF3E6E7E->s4-AppendLogResponseHandler: Failed appendEntries: org.apache.ratis.thirdparty.io.grpc.StatusRuntimeException: CANCELLED: RST_STREAM closed stream. HTTP/2 error code: CANCEL
2023-12-01 03:55:51,468 [grpc-default-executor-9] WARN  server.GrpcLogAppender (GrpcLogAppender.java:resetClient(140)) - s2@group-B93FFF3E6E7E->s4-GrpcLogAppender: Follower failed and request == null,  keep nextIndex (15) unchanged and retry.
2023-12-01 03:55:51,468 [grpc-default-executor-9] WARN  server.GrpcLogAppender (LogUtils.java:warn(121)) - s2@group-B93FFF3E6E7E->s4-AppendLogResponseHandler: Failed appendEntries: org.apache.ratis.thirdparty.io.grpc.StatusRuntimeException: CANCELLED: RST_STREAM closed stream. HTTP/2 error code: CANCEL
2023-12-01 03:55:51,468 [grpc-default-executor-3] WARN  server.GrpcServerProtocolService (LogUtils.java:warn(121)) - s4: APPEND_ENTRIES onError, lastRequest: null: org.apache.ratis.thirdparty.io.grpc.StatusRuntimeException: CANCELLED: client cancelled
2023-12-01 03:55:51,468 [grpc-default-executor-9] WARN  server.GrpcLogAppender (GrpcLogAppender.java:resetClient(140)) - s2@group-B93FFF3E6E7E->s4-GrpcLogAppender: Follower failed and request == null,  keep nextIndex (15) unchanged and retry.
2023-12-01 03:55:51,470 [Thread-394] INFO  server.GrpcServerProtocolClient (GrpcServerProtocolClient.java:close(103)) - s2 Close channels
2023-12-01 03:55:51,470 [Thread-396] INFO  server.GrpcServerProtocolClient (GrpcServerProtocolClient.java:close(103)) - s3 Close channels
2023-12-01 03:55:51,470 [Thread-399] INFO  server.GrpcServerProtocolClient (GrpcServerProtocolClient.java:close(103)) - s0 Close channels
2023-12-01 03:55:51,470 [Thread-400] INFO  server.GrpcServerProtocolClient (GrpcServerProtocolClient.java:close(103)) - s1 Close channels
2023-12-01 03:55:51,471 [MiniRaftCluster-10] INFO  server.GrpcService (GrpcService.java:closeImpl(320)) - s3: shutdown server GrpcServerProtocolService successfully
2023-12-01 03:55:51,473 [Thread-401] INFO  server.GrpcServerProtocolClient (GrpcServerProtocolClient.java:close(103)) - s2 Close channels
2023-12-01 03:55:51,473 [MiniRaftCluster-14] INFO  server.GrpcService (GrpcService.java:closeImpl(311)) - s2: shutdown server org.apache.ratis.grpc.server.GrpcClientProtocolService now
2023-12-01 03:55:51,473 [s2-impl-thread1] INFO  server.RaftServer$Division (RaftServerImpl.java:lambda$close$3(516)) - s2@group-B93FFF3E6E7E: shutdown
2023-12-01 03:55:51,473 [s2-impl-thread1] INFO  util.JmxRegister (JmxRegister.java:unregister(73)) - Successfully un-registered JMX Bean with object name Ratis:service=RaftServer,group=group-B93FFF3E6E7E,id=s2
2023-12-01 03:55:51,473 [s2-impl-thread1] INFO  impl.RoleInfo (RoleInfo.java:shutdownLeaderState(94)) - s2: shutdown s2@group-B93FFF3E6E7E-LeaderStateImpl
2023-12-01 03:55:51,474 [s2@group-B93FFF3E6E7E->s3-GrpcLogAppender-LogAppenderDaemon] WARN  server.GrpcLogAppender (GrpcLogAppender.java:mayWait(212)) - s2@group-B93FFF3E6E7E->s3-GrpcLogAppender: Wait interrupted by java.lang.InterruptedException
2023-12-01 03:55:51,474 [s2-impl-thread1] INFO  impl.PendingRequests (PendingRequests.java:sendNotLeaderResponses(289)) - s2@group-B93FFF3E6E7E-PendingRequests: sendNotLeaderResponses
2023-12-01 03:55:51,474 [s2@group-B93FFF3E6E7E->s4-GrpcLogAppender-LogAppenderDaemon] WARN  server.GrpcLogAppender (GrpcLogAppender.java:mayWait(212)) - s2@group-B93FFF3E6E7E->s4-GrpcLogAppender: Wait interrupted by java.lang.InterruptedException
2023-12-01 03:55:51,474 [Thread-402] INFO  server.GrpcServerProtocolClient (GrpcServerProtocolClient.java:close(103)) - s3 Close channels
2023-12-01 03:55:51,474 [Thread-403] INFO  server.GrpcServerProtocolClient (GrpcServerProtocolClient.java:close(103)) - s4 Close channels
2023-12-01 03:55:51,474 [Thread-397] INFO  server.GrpcServerProtocolClient (GrpcServerProtocolClient.java:close(103)) - s4 Close channels
2023-12-01 03:55:51,475 [Thread-406] INFO  server.GrpcServerProtocolClient (GrpcServerProtocolClient.java:close(103)) - s0 Close channels
2023-12-01 03:55:51,475 [MiniRaftCluster-11] INFO  server.GrpcService (GrpcService.java:closeImpl(320)) - s4: shutdown server GrpcServerProtocolService successfully
2023-12-01 03:55:51,477 [s2-impl-thread1] INFO  impl.StateMachineUpdater (StateMachineUpdater.java:stopAndJoin(157)) - s2@group-B93FFF3E6E7E-StateMachineUpdater: set stopIndex = 14
2023-12-01 03:55:51,477 [MiniRaftCluster-14] INFO  server.GrpcService (GrpcService.java:closeImpl(320)) - s2: shutdown server org.apache.ratis.grpc.server.GrpcClientProtocolService successfully
2023-12-01 03:55:51,477 [MiniRaftCluster-14] INFO  server.GrpcService (GrpcService.java:closeImpl(311)) - s2: shutdown server GrpcServerProtocolService now
2023-12-01 03:55:51,477 [s2-impl-thread1] INFO  server.RaftServer$Division (ServerState.java:close(423)) - s2@group-B93FFF3E6E7E: applyIndex: 14
2023-12-01 03:55:51,477 [s2@group-B93FFF3E6E7E-cacheEviction-AwaitToRun] INFO  util.AwaitToRun (AwaitToRun.java:run(49)) - s2@group-B93FFF3E6E7E-cacheEviction-AwaitToRun-AwaitForSignal is interrupted
2023-12-01 03:55:51,478 [Thread-409] INFO  server.GrpcServerProtocolClient (GrpcServerProtocolClient.java:close(103)) - s2 Close channels
2023-12-01 03:55:51,479 [MiniRaftCluster-13] INFO  server.GrpcService (GrpcService.java:closeImpl(320)) - s1: shutdown server org.apache.ratis.grpc.server.GrpcClientProtocolService successfully
2023-12-01 03:55:51,479 [MiniRaftCluster-13] INFO  server.GrpcService (GrpcService.java:closeImpl(311)) - s1: shutdown server GrpcServerProtocolService now
2023-12-01 03:55:51,479 [MiniRaftCluster-14] INFO  server.GrpcService (GrpcService.java:closeImpl(320)) - s2: shutdown server GrpcServerProtocolService successfully
2023-12-01 03:55:51,479 [MiniRaftCluster-14] INFO  server.GrpcService (GrpcService.java:closeImpl(311)) - s2: shutdown server org.apache.ratis.grpc.server.GrpcAdminProtocolService now
2023-12-01 03:55:51,480 [MiniRaftCluster-14] INFO  server.GrpcService (GrpcService.java:closeImpl(320)) - s2: shutdown server org.apache.ratis.grpc.server.GrpcAdminProtocolService successfully
2023-12-01 03:55:51,480 [MiniRaftCluster-13] INFO  server.GrpcService (GrpcService.java:closeImpl(320)) - s1: shutdown server GrpcServerProtocolService successfully
2023-12-01 03:55:51,480 [MiniRaftCluster-13] INFO  server.GrpcService (GrpcService.java:closeImpl(311)) - s1: shutdown server org.apache.ratis.grpc.server.GrpcAdminProtocolService now
2023-12-01 03:55:51,481 [MiniRaftCluster-13] INFO  server.GrpcService (GrpcService.java:closeImpl(320)) - s1: shutdown server org.apache.ratis.grpc.server.GrpcAdminProtocolService successfully
2023-12-01 03:55:51,481 [JvmPauseMonitor10] INFO  util.JvmPauseMonitor (JvmPauseMonitor.java:run(152)) - JvmPauseMonitor-s1: Stopped
2023-12-01 03:55:51,508 [grpc-default-executor-3] ERROR impl.OrderedAsync (OrderedAsync.java:lambda$sendRequest$9(247)) - client-915AA7F58988: Failed* RaftClientRequest:client-915AA7F58988->s2@group-FB8FFDFFFB35, cid=6, seq=1*, Watch(0), null
java.util.concurrent.CompletionException: java.io.IOException: org.apache.ratis.thirdparty.io.grpc.StatusRuntimeException: UNAVAILABLE: io exception
	at java.base/java.util.concurrent.CompletableFuture.encodeThrowable(CompletableFuture.java:331)
	at java.base/java.util.concurrent.CompletableFuture.completeThrowable(CompletableFuture.java:346)
	at java.base/java.util.concurrent.CompletableFuture$UniApply.tryFire(CompletableFuture.java:632)
	at java.base/java.util.concurrent.CompletableFuture.postComplete(CompletableFuture.java:506)
	at java.base/java.util.concurrent.CompletableFuture.completeExceptionally(CompletableFuture.java:2094)
	at org.apache.ratis.grpc.client.GrpcClientProtocolClient$AsyncStreamObservers.completeReplyExceptionally(GrpcClientProtocolClient.java:394)
	at org.apache.ratis.grpc.client.GrpcClientProtocolClient$AsyncStreamObservers.access$000(GrpcClientProtocolClient.java:300)
	at org.apache.ratis.grpc.client.GrpcClientProtocolClient$AsyncStreamObservers$1.onError(GrpcClientProtocolClient.java:331)
	at org.apache.ratis.thirdparty.io.grpc.stub.ClientCalls$StreamObserverToCallListenerAdapter.onClose(ClientCalls.java:481)
	at org.apache.ratis.thirdparty.io.grpc.PartialForwardingClientCallListener.onClose(PartialForwardingClientCallListener.java:39)
	at org.apache.ratis.thirdparty.io.grpc.ForwardingClientCallListener.onClose(ForwardingClientCallListener.java:23)
	at org.apache.ratis.grpc.metrics.intercept.client.MetricClientCallListener.onClose(MetricClientCallListener.java:47)
	at org.apache.ratis.thirdparty.io.grpc.internal.DelayedClientCall$DelayedListener$3.run(DelayedClientCall.java:489)
	at org.apache.ratis.thirdparty.io.grpc.internal.DelayedClientCall$DelayedListener.delayOrExecute(DelayedClientCall.java:453)
	at org.apache.ratis.thirdparty.io.grpc.internal.DelayedClientCall$DelayedListener.onClose(DelayedClientCall.java:486)
	at org.apache.ratis.thirdparty.io.grpc.internal.ClientCallImpl.closeObserver(ClientCallImpl.java:567)
	at org.apache.ratis.thirdparty.io.grpc.internal.ClientCallImpl.access$300(ClientCallImpl.java:71)
	at org.apache.ratis.thirdparty.io.grpc.internal.ClientCallImpl$ClientStreamListenerImpl$1StreamClosed.runInternal(ClientCallImpl.java:735)
	at org.apache.ratis.thirdparty.io.grpc.internal.ClientCallImpl$ClientStreamListenerImpl$1StreamClosed.runInContext(ClientCallImpl.java:716)
	at org.apache.ratis.thirdparty.io.grpc.internal.ContextRunnable.run(ContextRunnable.java:37)
	at org.apache.ratis.thirdparty.io.grpc.internal.SerializingExecutor.run(SerializingExecutor.java:133)
	at java.base/java.util.concurrent.ThreadPoolExecutor.runWorker(ThreadPoolExecutor.java:1128)
	at java.base/java.util.concurrent.ThreadPoolExecutor$Worker.run(ThreadPoolExecutor.java:628)
	at java.base/java.lang.Thread.run(Thread.java:829)
Caused by: java.io.IOException: org.apache.ratis.thirdparty.io.grpc.StatusRuntimeException: UNAVAILABLE: io exception
	at org.apache.ratis.grpc.GrpcUtil.unwrapException(GrpcUtil.java:99)
	at org.apache.ratis.grpc.GrpcUtil.unwrapIOException(GrpcUtil.java:159)
	at org.apache.ratis.grpc.client.GrpcClientProtocolClient$AsyncStreamObservers$1.onError(GrpcClientProtocolClient.java:330)
	... 16 more
Caused by: org.apache.ratis.thirdparty.io.grpc.StatusRuntimeException: UNAVAILABLE: io exception
	at org.apache.ratis.thirdparty.io.grpc.Status.asRuntimeException(Status.java:537)
	... 16 more
Caused by: org.apache.ratis.thirdparty.io.netty.channel.AbstractChannel$AnnotatedConnectException: finishConnect(..) failed: Connection refused: localhost/127.0.0.1:34227
Caused by: java.net.ConnectException: finishConnect(..) failed: Connection refused
	at org.apache.ratis.thirdparty.io.netty.channel.unix.Errors.newConnectException0(Errors.java:166)
	at org.apache.ratis.thirdparty.io.netty.channel.unix.Errors.handleConnectErrno(Errors.java:131)
	at org.apache.ratis.thirdparty.io.netty.channel.unix.Socket.finishConnect(Socket.java:359)
	at org.apache.ratis.thirdparty.io.netty.channel.epoll.AbstractEpollChannel$AbstractEpollUnsafe.doFinishConnect(AbstractEpollChannel.java:710)
	at org.apache.ratis.thirdparty.io.netty.channel.epoll.AbstractEpollChannel$AbstractEpollUnsafe.finishConnect(AbstractEpollChannel.java:687)
	at org.apache.ratis.thirdparty.io.netty.channel.epoll.AbstractEpollChannel$AbstractEpollUnsafe.epollOutReady(AbstractEpollChannel.java:567)
	at org.apache.ratis.thirdparty.io.netty.channel.epoll.EpollEventLoop.processReady(EpollEventLoop.java:499)
	at org.apache.ratis.thirdparty.io.netty.channel.epoll.EpollEventLoop.run(EpollEventLoop.java:407)
	at org.apache.ratis.thirdparty.io.netty.util.concurrent.SingleThreadEventExecutor$4.run(SingleThreadEventExecutor.java:997)
	at org.apache.ratis.thirdparty.io.netty.util.internal.ThreadExecutorMap$2.run(ThreadExecutorMap.java:74)
	at org.apache.ratis.thirdparty.io.netty.util.concurrent.FastThreadLocalRunnable.run(FastThreadLocalRunnable.java:30)
	at java.base/java.lang.Thread.run(Thread.java:829)
2023-12-01 03:55:51,609 [grpc-default-executor-1] ERROR impl.OrderedAsync (OrderedAsync.java:lambda$sendRequest$9(247)) - client-915AA7F58988: Failed* RaftClientRequest:client-915AA7F58988->s1@group-FB8FFDFFFB35, cid=6, seq=1*, Watch(0), null
java.util.concurrent.CompletionException: java.io.IOException: org.apache.ratis.thirdparty.io.grpc.StatusRuntimeException: UNAVAILABLE: io exception
	at java.base/java.util.concurrent.CompletableFuture.encodeThrowable(CompletableFuture.java:331)
	at java.base/java.util.concurrent.CompletableFuture.completeThrowable(CompletableFuture.java:346)
	at java.base/java.util.concurrent.CompletableFuture$UniApply.tryFire(CompletableFuture.java:632)
	at java.base/java.util.concurrent.CompletableFuture.postComplete(CompletableFuture.java:506)
	at java.base/java.util.concurrent.CompletableFuture.completeExceptionally(CompletableFuture.java:2094)
	at org.apache.ratis.grpc.client.GrpcClientProtocolClient$AsyncStreamObservers.completeReplyExceptionally(GrpcClientProtocolClient.java:394)
	at org.apache.ratis.grpc.client.GrpcClientProtocolClient$AsyncStreamObservers.access$000(GrpcClientProtocolClient.java:300)
	at org.apache.ratis.grpc.client.GrpcClientProtocolClient$AsyncStreamObservers$1.onError(GrpcClientProtocolClient.java:331)
	at org.apache.ratis.thirdparty.io.grpc.stub.ClientCalls$StreamObserverToCallListenerAdapter.onClose(ClientCalls.java:481)
	at org.apache.ratis.thirdparty.io.grpc.PartialForwardingClientCallListener.onClose(PartialForwardingClientCallListener.java:39)
	at org.apache.ratis.thirdparty.io.grpc.ForwardingClientCallListener.onClose(ForwardingClientCallListener.java:23)
	at org.apache.ratis.grpc.metrics.intercept.client.MetricClientCallListener.onClose(MetricClientCallListener.java:47)
	at org.apache.ratis.thirdparty.io.grpc.internal.DelayedClientCall$DelayedListener$3.run(DelayedClientCall.java:489)
	at org.apache.ratis.thirdparty.io.grpc.internal.DelayedClientCall$DelayedListener.delayOrExecute(DelayedClientCall.java:453)
	at org.apache.ratis.thirdparty.io.grpc.internal.DelayedClientCall$DelayedListener.onClose(DelayedClientCall.java:486)
	at org.apache.ratis.thirdparty.io.grpc.internal.ClientCallImpl.closeObserver(ClientCallImpl.java:567)
	at org.apache.ratis.thirdparty.io.grpc.internal.ClientCallImpl.access$300(ClientCallImpl.java:71)
	at org.apache.ratis.thirdparty.io.grpc.internal.ClientCallImpl$ClientStreamListenerImpl$1StreamClosed.runInternal(ClientCallImpl.java:735)
	at org.apache.ratis.thirdparty.io.grpc.internal.ClientCallImpl$ClientStreamListenerImpl$1StreamClosed.runInContext(ClientCallImpl.java:716)
	at org.apache.ratis.thirdparty.io.grpc.internal.ContextRunnable.run(ContextRunnable.java:37)
	at org.apache.ratis.thirdparty.io.grpc.internal.SerializingExecutor.run(SerializingExecutor.java:133)
	at java.base/java.util.concurrent.ThreadPoolExecutor.runWorker(ThreadPoolExecutor.java:1128)
	at java.base/java.util.concurrent.ThreadPoolExecutor$Worker.run(ThreadPoolExecutor.java:628)
	at java.base/java.lang.Thread.run(Thread.java:829)
Caused by: java.io.IOException: org.apache.ratis.thirdparty.io.grpc.StatusRuntimeException: UNAVAILABLE: io exception
	at org.apache.ratis.grpc.GrpcUtil.unwrapException(GrpcUtil.java:99)
	at org.apache.ratis.grpc.GrpcUtil.unwrapIOException(GrpcUtil.java:159)
	at org.apache.ratis.grpc.client.GrpcClientProtocolClient$AsyncStreamObservers$1.onError(GrpcClientProtocolClient.java:330)
	... 16 more
Caused by: org.apache.ratis.thirdparty.io.grpc.StatusRuntimeException: UNAVAILABLE: io exception
	at org.apache.ratis.thirdparty.io.grpc.Status.asRuntimeException(Status.java:537)
	... 16 more
Caused by: org.apache.ratis.thirdparty.io.netty.channel.AbstractChannel$AnnotatedConnectException: finishConnect(..) failed: Connection refused: localhost/127.0.0.1:36299
Caused by: java.net.ConnectException: finishConnect(..) failed: Connection refused
	at org.apache.ratis.thirdparty.io.netty.channel.unix.Errors.newConnectException0(Errors.java:166)
	at org.apache.ratis.thirdparty.io.netty.channel.unix.Errors.handleConnectErrno(Errors.java:131)
	at org.apache.ratis.thirdparty.io.netty.channel.unix.Socket.finishConnect(Socket.java:359)
	at org.apache.ratis.thirdparty.io.netty.channel.epoll.AbstractEpollChannel$AbstractEpollUnsafe.doFinishConnect(AbstractEpollChannel.java:710)
	at org.apache.ratis.thirdparty.io.netty.channel.epoll.AbstractEpollChannel$AbstractEpollUnsafe.finishConnect(AbstractEpollChannel.java:687)
	at org.apache.ratis.thirdparty.io.netty.channel.epoll.AbstractEpollChannel$AbstractEpollUnsafe.epollOutReady(AbstractEpollChannel.java:567)
	at org.apache.ratis.thirdparty.io.netty.channel.epoll.EpollEventLoop.processReady(EpollEventLoop.java:499)
	at org.apache.ratis.thirdparty.io.netty.channel.epoll.EpollEventLoop.run(EpollEventLoop.java:407)
	at org.apache.ratis.thirdparty.io.netty.util.concurrent.SingleThreadEventExecutor$4.run(SingleThreadEventExecutor.java:997)
	at org.apache.ratis.thirdparty.io.netty.util.internal.ThreadExecutorMap$2.run(ThreadExecutorMap.java:74)
	at org.apache.ratis.thirdparty.io.netty.util.concurrent.FastThreadLocalRunnable.run(FastThreadLocalRunnable.java:30)
	at java.base/java.lang.Thread.run(Thread.java:829)
2023-12-01 03:55:51,711 [grpc-default-executor-3] ERROR impl.OrderedAsync (OrderedAsync.java:lambda$sendRequest$9(247)) - client-915AA7F58988: Failed* RaftClientRequest:client-915AA7F58988->s2@group-FB8FFDFFFB35, cid=6, seq=1*, Watch(0), null
java.util.concurrent.CompletionException: java.io.IOException: org.apache.ratis.thirdparty.io.grpc.StatusRuntimeException: UNAVAILABLE: io exception
	at java.base/java.util.concurrent.CompletableFuture.encodeThrowable(CompletableFuture.java:331)
	at java.base/java.util.concurrent.CompletableFuture.completeThrowable(CompletableFuture.java:346)
	at java.base/java.util.concurrent.CompletableFuture$UniApply.tryFire(CompletableFuture.java:632)
	at java.base/java.util.concurrent.CompletableFuture.postComplete(CompletableFuture.java:506)
	at java.base/java.util.concurrent.CompletableFuture.completeExceptionally(CompletableFuture.java:2094)
	at org.apache.ratis.grpc.client.GrpcClientProtocolClient$AsyncStreamObservers.completeReplyExceptionally(GrpcClientProtocolClient.java:394)
	at org.apache.ratis.grpc.client.GrpcClientProtocolClient$AsyncStreamObservers.access$000(GrpcClientProtocolClient.java:300)
	at org.apache.ratis.grpc.client.GrpcClientProtocolClient$AsyncStreamObservers$1.onError(GrpcClientProtocolClient.java:331)
	at org.apache.ratis.thirdparty.io.grpc.stub.ClientCalls$StreamObserverToCallListenerAdapter.onClose(ClientCalls.java:481)
	at org.apache.ratis.thirdparty.io.grpc.PartialForwardingClientCallListener.onClose(PartialForwardingClientCallListener.java:39)
	at org.apache.ratis.thirdparty.io.grpc.ForwardingClientCallListener.onClose(ForwardingClientCallListener.java:23)
	at org.apache.ratis.grpc.metrics.intercept.client.MetricClientCallListener.onClose(MetricClientCallListener.java:47)
	at org.apache.ratis.thirdparty.io.grpc.internal.DelayedClientCall$DelayedListener$3.run(DelayedClientCall.java:489)
	at org.apache.ratis.thirdparty.io.grpc.internal.DelayedClientCall$DelayedListener.delayOrExecute(DelayedClientCall.java:453)
	at org.apache.ratis.thirdparty.io.grpc.internal.DelayedClientCall$DelayedListener.onClose(DelayedClientCall.java:486)
	at org.apache.ratis.thirdparty.io.grpc.internal.ClientCallImpl.closeObserver(ClientCallImpl.java:567)
	at org.apache.ratis.thirdparty.io.grpc.internal.ClientCallImpl.access$300(ClientCallImpl.java:71)
	at org.apache.ratis.thirdparty.io.grpc.internal.ClientCallImpl$ClientStreamListenerImpl$1StreamClosed.runInternal(ClientCallImpl.java:735)
	at org.apache.ratis.thirdparty.io.grpc.internal.ClientCallImpl$ClientStreamListenerImpl$1StreamClosed.runInContext(ClientCallImpl.java:716)
	at org.apache.ratis.thirdparty.io.grpc.internal.ContextRunnable.run(ContextRunnable.java:37)
	at org.apache.ratis.thirdparty.io.grpc.internal.SerializingExecutor.run(SerializingExecutor.java:133)
	at java.base/java.util.concurrent.ThreadPoolExecutor.runWorker(ThreadPoolExecutor.java:1128)
	at java.base/java.util.concurrent.ThreadPoolExecutor$Worker.run(ThreadPoolExecutor.java:628)
	at java.base/java.lang.Thread.run(Thread.java:829)
Caused by: java.io.IOException: org.apache.ratis.thirdparty.io.grpc.StatusRuntimeException: UNAVAILABLE: io exception
	at org.apache.ratis.grpc.GrpcUtil.unwrapException(GrpcUtil.java:99)
	at org.apache.ratis.grpc.GrpcUtil.unwrapIOException(GrpcUtil.java:159)
	at org.apache.ratis.grpc.client.GrpcClientProtocolClient$AsyncStreamObservers$1.onError(GrpcClientProtocolClient.java:330)
	... 16 more
Caused by: org.apache.ratis.thirdparty.io.grpc.StatusRuntimeException: UNAVAILABLE: io exception
	at org.apache.ratis.thirdparty.io.grpc.Status.asRuntimeException(Status.java:537)
	... 16 more
Caused by: org.apache.ratis.thirdparty.io.netty.channel.AbstractChannel$AnnotatedConnectException: finishConnect(..) failed: Connection refused: localhost/127.0.0.1:34227
Caused by: java.net.ConnectException: finishConnect(..) failed: Connection refused
	at org.apache.ratis.thirdparty.io.netty.channel.unix.Errors.newConnectException0(Errors.java:166)
	at org.apache.ratis.thirdparty.io.netty.channel.unix.Errors.handleConnectErrno(Errors.java:131)
	at org.apache.ratis.thirdparty.io.netty.channel.unix.Socket.finishConnect(Socket.java:359)
	at org.apache.ratis.thirdparty.io.netty.channel.epoll.AbstractEpollChannel$AbstractEpollUnsafe.doFinishConnect(AbstractEpollChannel.java:710)
	at org.apache.ratis.thirdparty.io.netty.channel.epoll.AbstractEpollChannel$AbstractEpollUnsafe.finishConnect(AbstractEpollChannel.java:687)
	at org.apache.ratis.thirdparty.io.netty.channel.epoll.AbstractEpollChannel$AbstractEpollUnsafe.epollOutReady(AbstractEpollChannel.java:567)
	at org.apache.ratis.thirdparty.io.netty.channel.epoll.EpollEventLoop.processReady(EpollEventLoop.java:499)
	at org.apache.ratis.thirdparty.io.netty.channel.epoll.EpollEventLoop.run(EpollEventLoop.java:407)
	at org.apache.ratis.thirdparty.io.netty.util.concurrent.SingleThreadEventExecutor$4.run(SingleThreadEventExecutor.java:997)
	at org.apache.ratis.thirdparty.io.netty.util.internal.ThreadExecutorMap$2.run(ThreadExecutorMap.java:74)
	at org.apache.ratis.thirdparty.io.netty.util.concurrent.FastThreadLocalRunnable.run(FastThreadLocalRunnable.java:30)
	at java.base/java.lang.Thread.run(Thread.java:829)
2023-12-01 03:55:51,813 [grpc-default-executor-9] ERROR impl.OrderedAsync (OrderedAsync.java:lambda$sendRequest$9(247)) - client-915AA7F58988: Failed* RaftClientRequest:client-915AA7F58988->s0@group-FB8FFDFFFB35, cid=6, seq=1*, Watch(0), null
java.util.concurrent.CompletionException: java.io.IOException: org.apache.ratis.thirdparty.io.grpc.StatusRuntimeException: UNAVAILABLE: io exception
	at java.base/java.util.concurrent.CompletableFuture.encodeThrowable(CompletableFuture.java:331)
	at java.base/java.util.concurrent.CompletableFuture.completeThrowable(CompletableFuture.java:346)
	at java.base/java.util.concurrent.CompletableFuture$UniApply.tryFire(CompletableFuture.java:632)
	at java.base/java.util.concurrent.CompletableFuture.postComplete(CompletableFuture.java:506)
	at java.base/java.util.concurrent.CompletableFuture.completeExceptionally(CompletableFuture.java:2094)
	at org.apache.ratis.grpc.client.GrpcClientProtocolClient$AsyncStreamObservers.completeReplyExceptionally(GrpcClientProtocolClient.java:394)
	at org.apache.ratis.grpc.client.GrpcClientProtocolClient$AsyncStreamObservers.access$000(GrpcClientProtocolClient.java:300)
	at org.apache.ratis.grpc.client.GrpcClientProtocolClient$AsyncStreamObservers$1.onError(GrpcClientProtocolClient.java:331)
	at org.apache.ratis.thirdparty.io.grpc.stub.ClientCalls$StreamObserverToCallListenerAdapter.onClose(ClientCalls.java:481)
	at org.apache.ratis.thirdparty.io.grpc.PartialForwardingClientCallListener.onClose(PartialForwardingClientCallListener.java:39)
	at org.apache.ratis.thirdparty.io.grpc.ForwardingClientCallListener.onClose(ForwardingClientCallListener.java:23)
	at org.apache.ratis.grpc.metrics.intercept.client.MetricClientCallListener.onClose(MetricClientCallListener.java:47)
	at org.apache.ratis.thirdparty.io.grpc.internal.DelayedClientCall$DelayedListener$3.run(DelayedClientCall.java:489)
	at org.apache.ratis.thirdparty.io.grpc.internal.DelayedClientCall$DelayedListener.delayOrExecute(DelayedClientCall.java:453)
	at org.apache.ratis.thirdparty.io.grpc.internal.DelayedClientCall$DelayedListener.onClose(DelayedClientCall.java:486)
	at org.apache.ratis.thirdparty.io.grpc.internal.ClientCallImpl.closeObserver(ClientCallImpl.java:567)
	at org.apache.ratis.thirdparty.io.grpc.internal.ClientCallImpl.access$300(ClientCallImpl.java:71)
	at org.apache.ratis.thirdparty.io.grpc.internal.ClientCallImpl$ClientStreamListenerImpl$1StreamClosed.runInternal(ClientCallImpl.java:735)
	at org.apache.ratis.thirdparty.io.grpc.internal.ClientCallImpl$ClientStreamListenerImpl$1StreamClosed.runInContext(ClientCallImpl.java:716)
	at org.apache.ratis.thirdparty.io.grpc.internal.ContextRunnable.run(ContextRunnable.java:37)
	at org.apache.ratis.thirdparty.io.grpc.internal.SerializingExecutor.run(SerializingExecutor.java:133)
	at java.base/java.util.concurrent.ThreadPoolExecutor.runWorker(ThreadPoolExecutor.java:1128)
	at java.base/java.util.concurrent.ThreadPoolExecutor$Worker.run(ThreadPoolExecutor.java:628)
	at java.base/java.lang.Thread.run(Thread.java:829)
Caused by: java.io.IOException: org.apache.ratis.thirdparty.io.grpc.StatusRuntimeException: UNAVAILABLE: io exception
	at org.apache.ratis.grpc.GrpcUtil.unwrapException(GrpcUtil.java:99)
	at org.apache.ratis.grpc.GrpcUtil.unwrapIOException(GrpcUtil.java:159)
	at org.apache.ratis.grpc.client.GrpcClientProtocolClient$AsyncStreamObservers$1.onError(GrpcClientProtocolClient.java:330)
	... 16 more
Caused by: org.apache.ratis.thirdparty.io.grpc.StatusRuntimeException: UNAVAILABLE: io exception
	at org.apache.ratis.thirdparty.io.grpc.Status.asRuntimeException(Status.java:537)
	... 16 more
Caused by: org.apache.ratis.thirdparty.io.netty.channel.AbstractChannel$AnnotatedConnectException: finishConnect(..) failed: Connection refused: localhost/127.0.0.1:34265
Caused by: java.net.ConnectException: finishConnect(..) failed: Connection refused
	at org.apache.ratis.thirdparty.io.netty.channel.unix.Errors.newConnectException0(Errors.java:166)
	at org.apache.ratis.thirdparty.io.netty.channel.unix.Errors.handleConnectErrno(Errors.java:131)
	at org.apache.ratis.thirdparty.io.netty.channel.unix.Socket.finishConnect(Socket.java:359)
	at org.apache.ratis.thirdparty.io.netty.channel.epoll.AbstractEpollChannel$AbstractEpollUnsafe.doFinishConnect(AbstractEpollChannel.java:710)
	at org.apache.ratis.thirdparty.io.netty.channel.epoll.AbstractEpollChannel$AbstractEpollUnsafe.finishConnect(AbstractEpollChannel.java:687)
	at org.apache.ratis.thirdparty.io.netty.channel.epoll.AbstractEpollChannel$AbstractEpollUnsafe.epollOutReady(AbstractEpollChannel.java:567)
	at org.apache.ratis.thirdparty.io.netty.channel.epoll.EpollEventLoop.processReady(EpollEventLoop.java:499)
	at org.apache.ratis.thirdparty.io.netty.channel.epoll.EpollEventLoop.run(EpollEventLoop.java:407)
	at org.apache.ratis.thirdparty.io.netty.util.concurrent.SingleThreadEventExecutor$4.run(SingleThreadEventExecutor.java:997)
	at org.apache.ratis.thirdparty.io.netty.util.internal.ThreadExecutorMap$2.run(ThreadExecutorMap.java:74)
	at org.apache.ratis.thirdparty.io.netty.util.concurrent.FastThreadLocalRunnable.run(FastThreadLocalRunnable.java:30)
	at java.base/java.lang.Thread.run(Thread.java:829)
2023-12-01 03:55:51,916 [grpc-default-executor-1] ERROR impl.OrderedAsync (OrderedAsync.java:lambda$sendRequest$9(247)) - client-915AA7F58988: Failed* RaftClientRequest:client-915AA7F58988->s1@group-FB8FFDFFFB35, cid=6, seq=1*, Watch(0), null
java.util.concurrent.CompletionException: java.io.IOException: org.apache.ratis.thirdparty.io.grpc.StatusRuntimeException: UNAVAILABLE: io exception
	at java.base/java.util.concurrent.CompletableFuture.encodeThrowable(CompletableFuture.java:331)
	at java.base/java.util.concurrent.CompletableFuture.completeThrowable(CompletableFuture.java:346)
	at java.base/java.util.concurrent.CompletableFuture$UniApply.tryFire(CompletableFuture.java:632)
	at java.base/java.util.concurrent.CompletableFuture.postComplete(CompletableFuture.java:506)
	at java.base/java.util.concurrent.CompletableFuture.completeExceptionally(CompletableFuture.java:2094)
	at org.apache.ratis.grpc.client.GrpcClientProtocolClient$AsyncStreamObservers.completeReplyExceptionally(GrpcClientProtocolClient.java:394)
	at org.apache.ratis.grpc.client.GrpcClientProtocolClient$AsyncStreamObservers.access$000(GrpcClientProtocolClient.java:300)
	at org.apache.ratis.grpc.client.GrpcClientProtocolClient$AsyncStreamObservers$1.onError(GrpcClientProtocolClient.java:331)
	at org.apache.ratis.thirdparty.io.grpc.stub.ClientCalls$StreamObserverToCallListenerAdapter.onClose(ClientCalls.java:481)
	at org.apache.ratis.thirdparty.io.grpc.PartialForwardingClientCallListener.onClose(PartialForwardingClientCallListener.java:39)
	at org.apache.ratis.thirdparty.io.grpc.ForwardingClientCallListener.onClose(ForwardingClientCallListener.java:23)
	at org.apache.ratis.grpc.metrics.intercept.client.MetricClientCallListener.onClose(MetricClientCallListener.java:47)
	at org.apache.ratis.thirdparty.io.grpc.internal.DelayedClientCall$DelayedListener$3.run(DelayedClientCall.java:489)
	at org.apache.ratis.thirdparty.io.grpc.internal.DelayedClientCall$DelayedListener.delayOrExecute(DelayedClientCall.java:453)
	at org.apache.ratis.thirdparty.io.grpc.internal.DelayedClientCall$DelayedListener.onClose(DelayedClientCall.java:486)
	at org.apache.ratis.thirdparty.io.grpc.internal.ClientCallImpl.closeObserver(ClientCallImpl.java:567)
	at org.apache.ratis.thirdparty.io.grpc.internal.ClientCallImpl.access$300(ClientCallImpl.java:71)
	at org.apache.ratis.thirdparty.io.grpc.internal.ClientCallImpl$ClientStreamListenerImpl$1StreamClosed.runInternal(ClientCallImpl.java:735)
	at org.apache.ratis.thirdparty.io.grpc.internal.ClientCallImpl$ClientStreamListenerImpl$1StreamClosed.runInContext(ClientCallImpl.java:716)
	at org.apache.ratis.thirdparty.io.grpc.internal.ContextRunnable.run(ContextRunnable.java:37)
	at org.apache.ratis.thirdparty.io.grpc.internal.SerializingExecutor.run(SerializingExecutor.java:133)
	at java.base/java.util.concurrent.ThreadPoolExecutor.runWorker(ThreadPoolExecutor.java:1128)
	at java.base/java.util.concurrent.ThreadPoolExecutor$Worker.run(ThreadPoolExecutor.java:628)
	at java.base/java.lang.Thread.run(Thread.java:829)
Caused by: java.io.IOException: org.apache.ratis.thirdparty.io.grpc.StatusRuntimeException: UNAVAILABLE: io exception
	at org.apache.ratis.grpc.GrpcUtil.unwrapException(GrpcUtil.java:99)
	at org.apache.ratis.grpc.GrpcUtil.unwrapIOException(GrpcUtil.java:159)
	at org.apache.ratis.grpc.client.GrpcClientProtocolClient$AsyncStreamObservers$1.onError(GrpcClientProtocolClient.java:330)
	... 16 more
Caused by: org.apache.ratis.thirdparty.io.grpc.StatusRuntimeException: UNAVAILABLE: io exception
	at org.apache.ratis.thirdparty.io.grpc.Status.asRuntimeException(Status.java:537)
	... 16 more
Caused by: org.apache.ratis.thirdparty.io.netty.channel.AbstractChannel$AnnotatedConnectException: finishConnect(..) failed: Connection refused: localhost/127.0.0.1:36299
Caused by: java.net.ConnectException: finishConnect(..) failed: Connection refused
	at org.apache.ratis.thirdparty.io.netty.channel.unix.Errors.newConnectException0(Errors.java:166)
	at org.apache.ratis.thirdparty.io.netty.channel.unix.Errors.handleConnectErrno(Errors.java:131)
	at org.apache.ratis.thirdparty.io.netty.channel.unix.Socket.finishConnect(Socket.java:359)
	at org.apache.ratis.thirdparty.io.netty.channel.epoll.AbstractEpollChannel$AbstractEpollUnsafe.doFinishConnect(AbstractEpollChannel.java:710)
	at org.apache.ratis.thirdparty.io.netty.channel.epoll.AbstractEpollChannel$AbstractEpollUnsafe.finishConnect(AbstractEpollChannel.java:687)
	at org.apache.ratis.thirdparty.io.netty.channel.epoll.AbstractEpollChannel$AbstractEpollUnsafe.epollOutReady(AbstractEpollChannel.java:567)
	at org.apache.ratis.thirdparty.io.netty.channel.epoll.EpollEventLoop.processReady(EpollEventLoop.java:499)
	at org.apache.ratis.thirdparty.io.netty.channel.epoll.EpollEventLoop.run(EpollEventLoop.java:407)
	at org.apache.ratis.thirdparty.io.netty.util.concurrent.SingleThreadEventExecutor$4.run(SingleThreadEventExecutor.java:997)
	at org.apache.ratis.thirdparty.io.netty.util.internal.ThreadExecutorMap$2.run(ThreadExecutorMap.java:74)
	at org.apache.ratis.thirdparty.io.netty.util.concurrent.FastThreadLocalRunnable.run(FastThreadLocalRunnable.java:30)
	at java.base/java.lang.Thread.run(Thread.java:829)
2023-12-01 03:55:52,018 [grpc-default-executor-3] ERROR impl.OrderedAsync (OrderedAsync.java:lambda$sendRequest$9(247)) - client-915AA7F58988: Failed* RaftClientRequest:client-915AA7F58988->s2@group-FB8FFDFFFB35, cid=6, seq=1*, Watch(0), null
java.util.concurrent.CompletionException: java.io.IOException: org.apache.ratis.thirdparty.io.grpc.StatusRuntimeException: UNAVAILABLE: io exception
	at java.base/java.util.concurrent.CompletableFuture.encodeThrowable(CompletableFuture.java:331)
	at java.base/java.util.concurrent.CompletableFuture.completeThrowable(CompletableFuture.java:346)
	at java.base/java.util.concurrent.CompletableFuture$UniApply.tryFire(CompletableFuture.java:632)
	at java.base/java.util.concurrent.CompletableFuture.postComplete(CompletableFuture.java:506)
	at java.base/java.util.concurrent.CompletableFuture.completeExceptionally(CompletableFuture.java:2094)
	at org.apache.ratis.grpc.client.GrpcClientProtocolClient$AsyncStreamObservers.completeReplyExceptionally(GrpcClientProtocolClient.java:394)
	at org.apache.ratis.grpc.client.GrpcClientProtocolClient$AsyncStreamObservers.access$000(GrpcClientProtocolClient.java:300)
	at org.apache.ratis.grpc.client.GrpcClientProtocolClient$AsyncStreamObservers$1.onError(GrpcClientProtocolClient.java:331)
	at org.apache.ratis.thirdparty.io.grpc.stub.ClientCalls$StreamObserverToCallListenerAdapter.onClose(ClientCalls.java:481)
	at org.apache.ratis.thirdparty.io.grpc.PartialForwardingClientCallListener.onClose(PartialForwardingClientCallListener.java:39)
	at org.apache.ratis.thirdparty.io.grpc.ForwardingClientCallListener.onClose(ForwardingClientCallListener.java:23)
	at org.apache.ratis.grpc.metrics.intercept.client.MetricClientCallListener.onClose(MetricClientCallListener.java:47)
	at org.apache.ratis.thirdparty.io.grpc.internal.DelayedClientCall$DelayedListener$3.run(DelayedClientCall.java:489)
	at org.apache.ratis.thirdparty.io.grpc.internal.DelayedClientCall$DelayedListener.delayOrExecute(DelayedClientCall.java:453)
	at org.apache.ratis.thirdparty.io.grpc.internal.DelayedClientCall$DelayedListener.onClose(DelayedClientCall.java:486)
	at org.apache.ratis.thirdparty.io.grpc.internal.ClientCallImpl.closeObserver(ClientCallImpl.java:567)
	at org.apache.ratis.thirdparty.io.grpc.internal.ClientCallImpl.access$300(ClientCallImpl.java:71)
	at org.apache.ratis.thirdparty.io.grpc.internal.ClientCallImpl$ClientStreamListenerImpl$1StreamClosed.runInternal(ClientCallImpl.java:735)
	at org.apache.ratis.thirdparty.io.grpc.internal.ClientCallImpl$ClientStreamListenerImpl$1StreamClosed.runInContext(ClientCallImpl.java:716)
	at org.apache.ratis.thirdparty.io.grpc.internal.ContextRunnable.run(ContextRunnable.java:37)
	at org.apache.ratis.thirdparty.io.grpc.internal.SerializingExecutor.run(SerializingExecutor.java:133)
	at java.base/java.util.concurrent.ThreadPoolExecutor.runWorker(ThreadPoolExecutor.java:1128)
	at java.base/java.util.concurrent.ThreadPoolExecutor$Worker.run(ThreadPoolExecutor.java:628)
	at java.base/java.lang.Thread.run(Thread.java:829)
Caused by: java.io.IOException: org.apache.ratis.thirdparty.io.grpc.StatusRuntimeException: UNAVAILABLE: io exception
	at org.apache.ratis.grpc.GrpcUtil.unwrapException(GrpcUtil.java:99)
	at org.apache.ratis.grpc.GrpcUtil.unwrapIOException(GrpcUtil.java:159)
	at org.apache.ratis.grpc.client.GrpcClientProtocolClient$AsyncStreamObservers$1.onError(GrpcClientProtocolClient.java:330)
	... 16 more
Caused by: org.apache.ratis.thirdparty.io.grpc.StatusRuntimeException: UNAVAILABLE: io exception
	at org.apache.ratis.thirdparty.io.grpc.Status.asRuntimeException(Status.java:537)
	... 16 more
Caused by: org.apache.ratis.thirdparty.io.netty.channel.AbstractChannel$AnnotatedConnectException: finishConnect(..) failed: Connection refused: localhost/127.0.0.1:34227
Caused by: java.net.ConnectException: finishConnect(..) failed: Connection refused
	at org.apache.ratis.thirdparty.io.netty.channel.unix.Errors.newConnectException0(Errors.java:166)
	at org.apache.ratis.thirdparty.io.netty.channel.unix.Errors.handleConnectErrno(Errors.java:131)
	at org.apache.ratis.thirdparty.io.netty.channel.unix.Socket.finishConnect(Socket.java:359)
	at org.apache.ratis.thirdparty.io.netty.channel.epoll.AbstractEpollChannel$AbstractEpollUnsafe.doFinishConnect(AbstractEpollChannel.java:710)
	at org.apache.ratis.thirdparty.io.netty.channel.epoll.AbstractEpollChannel$AbstractEpollUnsafe.finishConnect(AbstractEpollChannel.java:687)
	at org.apache.ratis.thirdparty.io.netty.channel.epoll.AbstractEpollChannel$AbstractEpollUnsafe.epollOutReady(AbstractEpollChannel.java:567)
	at org.apache.ratis.thirdparty.io.netty.channel.epoll.EpollEventLoop.processReady(EpollEventLoop.java:499)
	at org.apache.ratis.thirdparty.io.netty.channel.epoll.EpollEventLoop.run(EpollEventLoop.java:407)
	at org.apache.ratis.thirdparty.io.netty.util.concurrent.SingleThreadEventExecutor$4.run(SingleThreadEventExecutor.java:997)
	at org.apache.ratis.thirdparty.io.netty.util.internal.ThreadExecutorMap$2.run(ThreadExecutorMap.java:74)
	at org.apache.ratis.thirdparty.io.netty.util.concurrent.FastThreadLocalRunnable.run(FastThreadLocalRunnable.java:30)
	at java.base/java.lang.Thread.run(Thread.java:829)
2023-12-01 03:55:52,120 [grpc-default-executor-1] ERROR impl.OrderedAsync (OrderedAsync.java:lambda$sendRequest$9(247)) - client-915AA7F58988: Failed* RaftClientRequest:client-915AA7F58988->s0@group-FB8FFDFFFB35, cid=6, seq=1*, Watch(0), null
java.util.concurrent.CompletionException: java.io.IOException: org.apache.ratis.thirdparty.io.grpc.StatusRuntimeException: UNAVAILABLE: io exception
	at java.base/java.util.concurrent.CompletableFuture.encodeThrowable(CompletableFuture.java:331)
	at java.base/java.util.concurrent.CompletableFuture.completeThrowable(CompletableFuture.java:346)
	at java.base/java.util.concurrent.CompletableFuture$UniApply.tryFire(CompletableFuture.java:632)
	at java.base/java.util.concurrent.CompletableFuture.postComplete(CompletableFuture.java:506)
	at java.base/java.util.concurrent.CompletableFuture.completeExceptionally(CompletableFuture.java:2094)
	at org.apache.ratis.grpc.client.GrpcClientProtocolClient$AsyncStreamObservers.completeReplyExceptionally(GrpcClientProtocolClient.java:394)
	at org.apache.ratis.grpc.client.GrpcClientProtocolClient$AsyncStreamObservers.access$000(GrpcClientProtocolClient.java:300)
	at org.apache.ratis.grpc.client.GrpcClientProtocolClient$AsyncStreamObservers$1.onError(GrpcClientProtocolClient.java:331)
	at org.apache.ratis.thirdparty.io.grpc.stub.ClientCalls$StreamObserverToCallListenerAdapter.onClose(ClientCalls.java:481)
	at org.apache.ratis.thirdparty.io.grpc.PartialForwardingClientCallListener.onClose(PartialForwardingClientCallListener.java:39)
	at org.apache.ratis.thirdparty.io.grpc.ForwardingClientCallListener.onClose(ForwardingClientCallListener.java:23)
	at org.apache.ratis.grpc.metrics.intercept.client.MetricClientCallListener.onClose(MetricClientCallListener.java:47)
	at org.apache.ratis.thirdparty.io.grpc.internal.DelayedClientCall$DelayedListener$3.run(DelayedClientCall.java:489)
	at org.apache.ratis.thirdparty.io.grpc.internal.DelayedClientCall$DelayedListener.delayOrExecute(DelayedClientCall.java:453)
	at org.apache.ratis.thirdparty.io.grpc.internal.DelayedClientCall$DelayedListener.onClose(DelayedClientCall.java:486)
	at org.apache.ratis.thirdparty.io.grpc.internal.ClientCallImpl.closeObserver(ClientCallImpl.java:567)
	at org.apache.ratis.thirdparty.io.grpc.internal.ClientCallImpl.access$300(ClientCallImpl.java:71)
	at org.apache.ratis.thirdparty.io.grpc.internal.ClientCallImpl$ClientStreamListenerImpl$1StreamClosed.runInternal(ClientCallImpl.java:735)
	at org.apache.ratis.thirdparty.io.grpc.internal.ClientCallImpl$ClientStreamListenerImpl$1StreamClosed.runInContext(ClientCallImpl.java:716)
	at org.apache.ratis.thirdparty.io.grpc.internal.ContextRunnable.run(ContextRunnable.java:37)
	at org.apache.ratis.thirdparty.io.grpc.internal.SerializingExecutor.run(SerializingExecutor.java:133)
	at java.base/java.util.concurrent.ThreadPoolExecutor.runWorker(ThreadPoolExecutor.java:1128)
	at java.base/java.util.concurrent.ThreadPoolExecutor$Worker.run(ThreadPoolExecutor.java:628)
	at java.base/java.lang.Thread.run(Thread.java:829)
Caused by: java.io.IOException: org.apache.ratis.thirdparty.io.grpc.StatusRuntimeException: UNAVAILABLE: io exception
	at org.apache.ratis.grpc.GrpcUtil.unwrapException(GrpcUtil.java:99)
	at org.apache.ratis.grpc.GrpcUtil.unwrapIOException(GrpcUtil.java:159)
	at org.apache.ratis.grpc.client.GrpcClientProtocolClient$AsyncStreamObservers$1.onError(GrpcClientProtocolClient.java:330)
	... 16 more
Caused by: org.apache.ratis.thirdparty.io.grpc.StatusRuntimeException: UNAVAILABLE: io exception
	at org.apache.ratis.thirdparty.io.grpc.Status.asRuntimeException(Status.java:537)
	... 16 more
Caused by: org.apache.ratis.thirdparty.io.netty.channel.AbstractChannel$AnnotatedConnectException: finishConnect(..) failed: Connection refused: localhost/127.0.0.1:34265
Caused by: java.net.ConnectException: finishConnect(..) failed: Connection refused
	at org.apache.ratis.thirdparty.io.netty.channel.unix.Errors.newConnectException0(Errors.java:166)
	at org.apache.ratis.thirdparty.io.netty.channel.unix.Errors.handleConnectErrno(Errors.java:131)
	at org.apache.ratis.thirdparty.io.netty.channel.unix.Socket.finishConnect(Socket.java:359)
	at org.apache.ratis.thirdparty.io.netty.channel.epoll.AbstractEpollChannel$AbstractEpollUnsafe.doFinishConnect(AbstractEpollChannel.java:710)
	at org.apache.ratis.thirdparty.io.netty.channel.epoll.AbstractEpollChannel$AbstractEpollUnsafe.finishConnect(AbstractEpollChannel.java:687)
	at org.apache.ratis.thirdparty.io.netty.channel.epoll.AbstractEpollChannel$AbstractEpollUnsafe.epollOutReady(AbstractEpollChannel.java:567)
	at org.apache.ratis.thirdparty.io.netty.channel.epoll.EpollEventLoop.processReady(EpollEventLoop.java:499)
	at org.apache.ratis.thirdparty.io.netty.channel.epoll.EpollEventLoop.run(EpollEventLoop.java:407)
	at org.apache.ratis.thirdparty.io.netty.util.concurrent.SingleThreadEventExecutor$4.run(SingleThreadEventExecutor.java:997)
	at org.apache.ratis.thirdparty.io.netty.util.internal.ThreadExecutorMap$2.run(ThreadExecutorMap.java:74)
	at org.apache.ratis.thirdparty.io.netty.util.concurrent.FastThreadLocalRunnable.run(FastThreadLocalRunnable.java:30)
	at java.base/java.lang.Thread.run(Thread.java:829)
2023-12-01 03:55:52,185 [s2-impl-thread1] INFO  segmented.SegmentedRaftLogWorker (SegmentedRaftLogWorker.java:close(245)) - s2@group-B93FFF3E6E7E-SegmentedRaftLogWorker close()
2023-12-01 03:55:52,185 [JvmPauseMonitor11] INFO  util.JvmPauseMonitor (JvmPauseMonitor.java:run(152)) - JvmPauseMonitor-s2: Stopped
2023-12-01 03:55:52,186 [s3-impl-thread1] INFO  segmented.SegmentedRaftLogWorker (SegmentedRaftLogWorker.java:close(245)) - s3@group-B93FFF3E6E7E-SegmentedRaftLogWorker close()
2023-12-01 03:55:52,187 [s4-impl-thread1] INFO  segmented.SegmentedRaftLogWorker (SegmentedRaftLogWorker.java:close(245)) - s4@group-B93FFF3E6E7E-SegmentedRaftLogWorker close()
2023-12-01 03:55:52,187 [JvmPauseMonitor12] INFO  util.JvmPauseMonitor (JvmPauseMonitor.java:run(152)) - JvmPauseMonitor-s3: Stopped
2023-12-01 03:55:52,188 [JvmPauseMonitor13] INFO  util.JvmPauseMonitor (JvmPauseMonitor.java:run(152)) - JvmPauseMonitor-s4: Stopped
2023-12-01 03:55:52,188 [Time-limited test] INFO  impl.MiniRaftCluster (MiniRaftCluster.java:shutdown(855)) - MiniRaftClusterWithGrpc shutdown completed
]]></system-out>
  </testcase>
</testsuite>