<?xml version="1.0" encoding="UTF-8"?>
<testsuite xmlns:xsi="http://www.w3.org/2001/XMLSchema-instance" xsi:noNamespaceSchemaLocation="https://maven.apache.org/surefire/maven-surefire-plugin/xsd/surefire-test-report-3.0.xsd" version="3.0" name="org.apache.ratis.TestMultiRaftGroup" time="242.931" tests="3" errors="3" skipped="0" failures="0">
  <properties>
    <property name="awt.toolkit" value="sun.awt.X11.XToolkit"/>
    <property name="file.encoding.pkg" value="sun.io"/>
    <property name="java.specification.version" value="1.8"/>
    <property name="sun.cpu.isalist" value=""/>
    <property name="sun.jnu.encoding" value="UTF-8"/>
    <property name="java.class.path" value="/home/runner/work/ratis/ratis/ratis-examples/target/test-classes:/home/runner/work/ratis/ratis/ratis-examples/target/classes:/home/runner/.m2/repository/org/apache/ratis/ratis-thirdparty-misc/1.0.7/ratis-thirdparty-misc-1.0.7.jar:/home/runner/work/ratis/ratis/ratis-proto/target/classes:/home/runner/work/ratis/ratis/ratis-tools/target/classes:/home/runner/work/ratis/ratis/ratis-common/target/classes:/home/runner/work/ratis/ratis/ratis-common/target/test-classes:/home/runner/work/ratis/ratis/ratis-client/target/classes:/home/runner/work/ratis/ratis/ratis-server/target/classes:/home/runner/work/ratis/ratis/ratis-server-api/target/classes:/home/runner/work/ratis/ratis/ratis-metrics-api/target/classes:/home/runner/work/ratis/ratis/ratis-server/target/test-classes:/home/runner/work/ratis/ratis/ratis-metrics-default/target/classes:/home/runner/work/ratis/ratis/ratis-grpc/target/classes:/home/runner/work/ratis/ratis/ratis-grpc/target/test-classes:/home/runner/work/ratis/ratis/ratis-netty/target/classes:/home/runner/work/ratis/ratis/ratis-netty/target/test-classes:/home/runner/work/ratis/ratis/ratis-test/target/test-classes:/home/runner/.m2/repository/com/beust/jcommander/1.82/jcommander-1.82.jar:/home/runner/.m2/repository/org/slf4j/slf4j-api/2.0.7/slf4j-api-2.0.7.jar:/home/runner/.m2/repository/org/slf4j/slf4j-reload4j/2.0.7/slf4j-reload4j-2.0.7.jar:/home/runner/.m2/repository/ch/qos/reload4j/reload4j/1.2.22/reload4j-1.2.22.jar:/home/runner/.m2/repository/junit/junit/4.13.2/junit-4.13.2.jar:/home/runner/.m2/repository/org/hamcrest/hamcrest-core/1.3/hamcrest-core-1.3.jar:/home/runner/.m2/repository/org/junit/jupiter/junit-jupiter-engine/5.11.2/junit-jupiter-engine-5.11.2.jar:/home/runner/.m2/repository/org/junit/platform/junit-platform-engine/1.11.2/junit-platform-engine-1.11.2.jar:/home/runner/.m2/repository/org/apiguardian/apiguardian-api/1.1.2/apiguardian-api-1.1.2.jar:/home/runner/.m2/repository/org/junit/jupiter/junit-jupiter-api/5.11.2/junit-jupiter-api-5.11.2.jar:/home/runner/.m2/repository/org/opentest4j/opentest4j/1.3.0/opentest4j-1.3.0.jar:/home/runner/.m2/repository/org/junit/platform/junit-platform-commons/1.11.2/junit-platform-commons-1.11.2.jar:/home/runner/.m2/repository/org/junit/jupiter/junit-jupiter-params/5.11.2/junit-jupiter-params-5.11.2.jar:"/>
    <property name="java.vm.vendor" value="Temurin"/>
    <property name="sun.arch.data.model" value="64"/>
    <property name="java.vendor.url" value="https://adoptium.net/"/>
    <property name="user.timezone" value="Etc/UTC"/>
    <property name="java.vm.specification.version" value="1.8"/>
    <property name="os.name" value="Linux"/>
    <property name="sun.java.launcher" value="SUN_STANDARD"/>
    <property name="sun.boot.library.path" value="/usr/lib/jvm/temurin-8-jdk-amd64/jre/lib/amd64"/>
    <property name="sun.java.command" value="/home/runner/work/ratis/ratis/ratis-examples/target/surefire/surefirebooter5828093518116746174.jar /home/runner/work/ratis/ratis/ratis-examples/target/surefire 2024-12-14T12-16-47_107-jvmRun1 surefire7751496174325317228tmp surefire_446455453555857737616tmp"/>
    <property name="surefire.test.class.path" value="/home/runner/work/ratis/ratis/ratis-examples/target/test-classes:/home/runner/work/ratis/ratis/ratis-examples/target/classes:/home/runner/.m2/repository/org/apache/ratis/ratis-thirdparty-misc/1.0.7/ratis-thirdparty-misc-1.0.7.jar:/home/runner/work/ratis/ratis/ratis-proto/target/classes:/home/runner/work/ratis/ratis/ratis-tools/target/classes:/home/runner/work/ratis/ratis/ratis-common/target/classes:/home/runner/work/ratis/ratis/ratis-common/target/test-classes:/home/runner/work/ratis/ratis/ratis-client/target/classes:/home/runner/work/ratis/ratis/ratis-server/target/classes:/home/runner/work/ratis/ratis/ratis-server-api/target/classes:/home/runner/work/ratis/ratis/ratis-metrics-api/target/classes:/home/runner/work/ratis/ratis/ratis-server/target/test-classes:/home/runner/work/ratis/ratis/ratis-metrics-default/target/classes:/home/runner/work/ratis/ratis/ratis-grpc/target/classes:/home/runner/work/ratis/ratis/ratis-grpc/target/test-classes:/home/runner/work/ratis/ratis/ratis-netty/target/classes:/home/runner/work/ratis/ratis/ratis-netty/target/test-classes:/home/runner/work/ratis/ratis/ratis-test/target/test-classes:/home/runner/.m2/repository/com/beust/jcommander/1.82/jcommander-1.82.jar:/home/runner/.m2/repository/org/slf4j/slf4j-api/2.0.7/slf4j-api-2.0.7.jar:/home/runner/.m2/repository/org/slf4j/slf4j-reload4j/2.0.7/slf4j-reload4j-2.0.7.jar:/home/runner/.m2/repository/ch/qos/reload4j/reload4j/1.2.22/reload4j-1.2.22.jar:/home/runner/.m2/repository/junit/junit/4.13.2/junit-4.13.2.jar:/home/runner/.m2/repository/org/hamcrest/hamcrest-core/1.3/hamcrest-core-1.3.jar:/home/runner/.m2/repository/org/junit/jupiter/junit-jupiter-engine/5.11.2/junit-jupiter-engine-5.11.2.jar:/home/runner/.m2/repository/org/junit/platform/junit-platform-engine/1.11.2/junit-platform-engine-1.11.2.jar:/home/runner/.m2/repository/org/apiguardian/apiguardian-api/1.1.2/apiguardian-api-1.1.2.jar:/home/runner/.m2/repository/org/junit/jupiter/junit-jupiter-api/5.11.2/junit-jupiter-api-5.11.2.jar:/home/runner/.m2/repository/org/opentest4j/opentest4j/1.3.0/opentest4j-1.3.0.jar:/home/runner/.m2/repository/org/junit/platform/junit-platform-commons/1.11.2/junit-platform-commons-1.11.2.jar:/home/runner/.m2/repository/org/junit/jupiter/junit-jupiter-params/5.11.2/junit-jupiter-params-5.11.2.jar:"/>
    <property name="sun.cpu.endian" value="little"/>
    <property name="user.home" value="/home/runner"/>
    <property name="user.language" value="en"/>
    <property name="java.specification.vendor" value="Oracle Corporation"/>
    <property name="java.home" value="/usr/lib/jvm/temurin-8-jdk-amd64/jre"/>
    <property name="basedir" value="/home/runner/work/ratis/ratis/ratis-examples"/>
    <property name="file.separator" value="/"/>
    <property name="line.separator" value="&#10;"/>
    <property name="java.vm.specification.vendor" value="Oracle Corporation"/>
    <property name="java.specification.name" value="Java Platform API Specification"/>
    <property name="java.awt.graphicsenv" value="sun.awt.X11GraphicsEnvironment"/>
    <property name="surefire.real.class.path" value="/home/runner/work/ratis/ratis/ratis-examples/target/surefire/surefirebooter5828093518116746174.jar:/home/runner/.m2/repository/org/jacoco/org.jacoco.agent/0.8.12/org.jacoco.agent-0.8.12-runtime.jar"/>
    <property name="sun.boot.class.path" value="/usr/lib/jvm/temurin-8-jdk-amd64/jre/lib/resources.jar:/usr/lib/jvm/temurin-8-jdk-amd64/jre/lib/rt.jar:/usr/lib/jvm/temurin-8-jdk-amd64/jre/lib/sunrsasign.jar:/usr/lib/jvm/temurin-8-jdk-amd64/jre/lib/jsse.jar:/usr/lib/jvm/temurin-8-jdk-amd64/jre/lib/jce.jar:/usr/lib/jvm/temurin-8-jdk-amd64/jre/lib/charsets.jar:/usr/lib/jvm/temurin-8-jdk-amd64/jre/lib/jfr.jar:/usr/lib/jvm/temurin-8-jdk-amd64/jre/classes"/>
    <property name="sun.management.compiler" value="HotSpot 64-Bit Tiered Compilers"/>
    <property name="java.runtime.version" value="1.8.0_432-b06"/>
    <property name="java.net.preferIPv4Stack" value="true"/>
    <property name="user.name" value="runner"/>
    <property name="path.separator" value=":"/>
    <property name="os.version" value="5.15.0-1074-azure"/>
    <property name="java.endorsed.dirs" value="/usr/lib/jvm/temurin-8-jdk-amd64/jre/lib/endorsed"/>
    <property name="java.runtime.name" value="OpenJDK Runtime Environment"/>
    <property name="file.encoding" value="UTF-8"/>
    <property name="java.vm.name" value="OpenJDK 64-Bit Server VM"/>
    <property name="localRepository" value="/home/runner/.m2/repository"/>
    <property name="java.vendor.url.bug" value="https://github.com/adoptium/adoptium-support/issues"/>
    <property name="java.io.tmpdir" value="/tmp"/>
    <property name="java.version" value="1.8.0_432"/>
    <property name="user.dir" value="/home/runner/work/ratis/ratis/ratis-examples"/>
    <property name="os.arch" value="amd64"/>
    <property name="ratis.tmp.dir" value="/home/runner/work/ratis/ratis/ratis-examples/target/tmp"/>
    <property name="java.vm.specification.name" value="Java Virtual Machine Specification"/>
    <property name="java.awt.printerjob" value="sun.print.PSPrinterJob"/>
    <property name="ratis.log.dir" value="/home/runner/work/ratis/ratis/ratis-examples/target/log"/>
    <property name="sun.os.patch.level" value="unknown"/>
    <property name="org.apache.ratis.thirdparty.io.netty.allocator.useCacheForAllThreads" value="false"/>
    <property name="java.library.path" value="/usr/java/packages/lib/amd64:/usr/lib64:/lib64:/lib:/usr/lib"/>
    <property name="java.vm.info" value="mixed mode"/>
    <property name="java.vendor" value="Temurin"/>
    <property name="java.vm.version" value="25.432-b06"/>
    <property name="java.specification.maintenance.version" value="6"/>
    <property name="java.ext.dirs" value="/usr/lib/jvm/temurin-8-jdk-amd64/jre/lib/ext:/usr/java/packages/lib/ext"/>
    <property name="sun.io.unicode.encoding" value="UnicodeLittle"/>
    <property name="java.class.version" value="52.0"/>
  </properties>
  <testcase name="testMultiRaftGroup(MiniRaftCluster)[1]" classname="org.apache.ratis.TestMultiRaftGroup" time="79.722">
    <error type="java.lang.IllegalStateException"><![CDATA[java.lang.IllegalStateException: #leaks = 1 > 0, #leaks == set.size = 1
	at org.apache.ratis.util.Preconditions.assertTrue(Preconditions.java:77)
	at org.apache.ratis.util.LeakDetector$LeakTrackerSet.assertNoLeaks(LeakDetector.java:100)
	at org.apache.ratis.util.LeakDetector$LeakTrackerSet.getNumLeaks(LeakDetector.java:94)
	at org.apache.ratis.util.LeakDetector.assertNoLeaks(LeakDetector.java:174)
	at org.apache.ratis.server.impl.MiniRaftCluster.shutdown(MiniRaftCluster.java:894)
	at org.apache.ratis.server.impl.GroupManagementBaseTest.runMultiGroupTest(GroupManagementBaseTest.java:341)
	at org.apache.ratis.TestMultiRaftGroup.runTestMultiRaftGroup(TestMultiRaftGroup.java:63)
	at org.apache.ratis.TestMultiRaftGroup.runTestMultiRaftGroup(TestMultiRaftGroup.java:49)
	at org.apache.ratis.TestMultiRaftGroup.testMultiRaftGroup(TestMultiRaftGroup.java:45)
	at java.lang.reflect.Method.invoke(Method.java:498)
	at java.util.stream.ForEachOps$ForEachOp$OfRef.accept(ForEachOps.java:183)
	at java.util.stream.ReferencePipeline$3$1.accept(ReferencePipeline.java:193)
	at java.util.stream.ReferencePipeline$2$1.accept(ReferencePipeline.java:175)
	at java.util.stream.ReferencePipeline$3$1.accept(ReferencePipeline.java:193)
	at java.util.stream.ForEachOps$ForEachOp$OfRef.accept(ForEachOps.java:183)
	at java.util.stream.ReferencePipeline$3$1.accept(ReferencePipeline.java:193)
	at java.util.stream.ForEachOps$ForEachOp$OfRef.accept(ForEachOps.java:183)
	at java.util.stream.ForEachOps$ForEachOp$OfRef.accept(ForEachOps.java:183)
	at java.util.stream.ReferencePipeline$3$1.accept(ReferencePipeline.java:193)
	at java.util.ArrayList$ArrayListSpliterator.forEachRemaining(ArrayList.java:1384)
	at java.util.stream.ReferencePipeline$Head.forEach(ReferencePipeline.java:647)
	at java.util.stream.ReferencePipeline$7$1.accept(ReferencePipeline.java:272)
	at java.util.stream.ReferencePipeline$3$1.accept(ReferencePipeline.java:193)
	at java.util.stream.ReferencePipeline$3$1.accept(ReferencePipeline.java:193)
	at java.util.stream.ReferencePipeline$3$1.accept(ReferencePipeline.java:193)
	at java.util.Spliterators$ArraySpliterator.forEachRemaining(Spliterators.java:948)
	at java.util.stream.AbstractPipeline.copyInto(AbstractPipeline.java:482)
	at java.util.stream.AbstractPipeline.wrapAndCopyInto(AbstractPipeline.java:472)
	at java.util.stream.ForEachOps$ForEachOp.evaluateSequential(ForEachOps.java:150)
	at java.util.stream.ForEachOps$ForEachOp$OfRef.evaluateSequential(ForEachOps.java:173)
	at java.util.stream.AbstractPipeline.evaluate(AbstractPipeline.java:234)
	at java.util.stream.ReferencePipeline.forEach(ReferencePipeline.java:485)
	at java.util.stream.ReferencePipeline$7$1.accept(ReferencePipeline.java:272)
	at java.util.ArrayList$ArrayListSpliterator.forEachRemaining(ArrayList.java:1384)
	at java.util.stream.AbstractPipeline.copyInto(AbstractPipeline.java:482)
	at java.util.stream.AbstractPipeline.wrapAndCopyInto(AbstractPipeline.java:472)
	at java.util.stream.ForEachOps$ForEachOp.evaluateSequential(ForEachOps.java:150)
	at java.util.stream.ForEachOps$ForEachOp$OfRef.evaluateSequential(ForEachOps.java:173)
	at java.util.stream.AbstractPipeline.evaluate(AbstractPipeline.java:234)
	at java.util.stream.ReferencePipeline.forEach(ReferencePipeline.java:485)
	at java.util.stream.ReferencePipeline$7$1.accept(ReferencePipeline.java:272)
	at java.util.stream.ReferencePipeline$3$1.accept(ReferencePipeline.java:193)
	at java.util.stream.ReferencePipeline$3$1.accept(ReferencePipeline.java:193)
	at java.util.stream.ReferencePipeline$3$1.accept(ReferencePipeline.java:193)
	at java.util.ArrayList$ArrayListSpliterator.forEachRemaining(ArrayList.java:1384)
	at java.util.stream.AbstractPipeline.copyInto(AbstractPipeline.java:482)
	at java.util.stream.AbstractPipeline.wrapAndCopyInto(AbstractPipeline.java:472)
	at java.util.stream.ForEachOps$ForEachOp.evaluateSequential(ForEachOps.java:150)
	at java.util.stream.ForEachOps$ForEachOp$OfRef.evaluateSequential(ForEachOps.java:173)
	at java.util.stream.AbstractPipeline.evaluate(AbstractPipeline.java:234)
	at java.util.stream.ReferencePipeline.forEach(ReferencePipeline.java:485)
	at java.util.stream.ReferencePipeline$7$1.accept(ReferencePipeline.java:272)
	at java.util.ArrayList$ArrayListSpliterator.forEachRemaining(ArrayList.java:1384)
	at java.util.stream.AbstractPipeline.copyInto(AbstractPipeline.java:482)
	at java.util.stream.AbstractPipeline.wrapAndCopyInto(AbstractPipeline.java:472)
	at java.util.stream.ForEachOps$ForEachOp.evaluateSequential(ForEachOps.java:150)
	at java.util.stream.ForEachOps$ForEachOp$OfRef.evaluateSequential(ForEachOps.java:173)
	at java.util.stream.AbstractPipeline.evaluate(AbstractPipeline.java:234)
	at java.util.stream.ReferencePipeline.forEach(ReferencePipeline.java:485)
	at java.util.ArrayList.forEach(ArrayList.java:1259)
	at java.util.ArrayList.forEach(ArrayList.java:1259)
	Suppressed: org.junit.platform.commons.JUnitException: Failed to close extension context
		... 51 more
	Caused by: java.lang.IllegalStateException: #leaks = 1 > 0, #leaks == set.size = 1
		at org.apache.ratis.util.Preconditions.assertTrue(Preconditions.java:77)
		at org.apache.ratis.util.LeakDetector$LeakTrackerSet.assertNoLeaks(LeakDetector.java:100)
		at org.apache.ratis.util.LeakDetector$LeakTrackerSet.getNumLeaks(LeakDetector.java:94)
		at org.apache.ratis.util.LeakDetector.assertNoLeaks(LeakDetector.java:174)
		at org.apache.ratis.server.impl.MiniRaftCluster.shutdown(MiniRaftCluster.java:894)
		at org.apache.ratis.server.impl.MiniRaftCluster.close(MiniRaftCluster.java:843)
		at java.util.stream.ForEachOps$ForEachOp$OfRef.accept(ForEachOps.java:183)
		at java.util.ArrayList.forEach(ArrayList.java:1259)
		at java.util.stream.SortedOps$RefSortingSink.end(SortedOps.java:395)
		at java.util.stream.Sink$ChainedReference.end(Sink.java:258)
		at java.util.stream.Sink$ChainedReference.end(Sink.java:258)
		at java.util.stream.AbstractPipeline.copyInto(AbstractPipeline.java:483)
		at java.util.stream.AbstractPipeline.wrapAndCopyInto(AbstractPipeline.java:472)
		at java.util.stream.ForEachOps$ForEachOp.evaluateSequential(ForEachOps.java:150)
		at java.util.stream.ForEachOps$ForEachOp$OfRef.evaluateSequential(ForEachOps.java:173)
		at java.util.stream.AbstractPipeline.evaluate(AbstractPipeline.java:234)
		at java.util.stream.ReferencePipeline.forEach(ReferencePipeline.java:485)
		... 51 more
]]></error>
    <system-out><![CDATA[2024-12-14 12:23:15,612 INFO  simulation.MiniRaftClusterWithSimulatedRpc (ConfUtils.java:logGet(46)) - org.apache.ratis.server.simulation.SimulatedRequestReply.simulateLatencyMs = 0 (custom)
2024-12-14 12:23:15,725 INFO  impl.MiniRaftCluster (MiniRaftCluster.java:<init>(319)) - new MiniRaftClusterWithSimulatedRpc with group-E0CF8C87AB81:[]
2024-12-14 12:23:15,739 INFO  impl.MiniRaftCluster (MiniRaftCluster.java:<init>(319)) - new MiniRaftClusterWithGrpc with group-40388BE3F4D5:[]
2024-12-14 12:23:15,746 INFO  impl.MiniRaftCluster (MiniRaftCluster.java:<init>(319)) - new MiniRaftClusterWithNetty with group-0A0C1A18FF69:[]
2024-12-14 12:23:15,747 INFO  examples.ParameterizedBaseTest (ParameterizedBaseTest.java:getMiniRaftClusters(109)) - 0: MiniRaftClusterWithSimulatedRpc
2024-12-14 12:23:15,747 INFO  examples.ParameterizedBaseTest (ParameterizedBaseTest.java:getMiniRaftClusters(109)) - 1: MiniRaftClusterWithGrpc
2024-12-14 12:23:15,748 INFO  examples.ParameterizedBaseTest (ParameterizedBaseTest.java:getMiniRaftClusters(109)) - 2: MiniRaftClusterWithNetty
2024-12-14 12:23:15,748 INFO  examples.ParameterizedBaseTest (ParameterizedBaseTest.java:getMiniRaftClusters(111)) - #clusters = 3
2024-12-14 12:23:15,781 INFO  util.LogUtils (Slf4jUtils.java:setLogLevel(38)) - Successfully set org.apache.ratis.conf.ConfUtils log level to WARN
2024-12-14 12:23:15,785 INFO  util.LogUtils (Slf4jUtils.java:setLogLevel(38)) - Successfully set org.apache.ratis.util.FileUtils log level to TRACE
2024-12-14 12:23:15,822 INFO  impl.GroupManagementBaseTest (GroupManagementBaseTest.java:runMultiGroupTest(251)) - 

runMultiGroupTest with MiniRaftClusterWithSimulatedRpc[3, 6, 9, 12, 15]chosen=2: printing ALL groups
2024-12-14 12:23:15,834 INFO  impl.GroupManagementBaseTest (GroupManagementBaseTest.java:runMultiGroupTest(258)) - ids: [s0, s1, s2, s3, s4, s5, s6, s7, s8, s9, s10, s11, s12, s13, s14]
2024-12-14 12:23:15,835 INFO  impl.MiniRaftCluster (MiniRaftCluster.java:newRaftServer(396)) - newRaftServer: s0, group-E0CF8C87AB81:[], format? true
2024-12-14 12:23:15,837 TRACE util.FileUtils (FileUtils.java:deleteFully(307)) - deleteFully target/test/data/da5193cb/MiniRaftClusterWithSimulatedRpced10c1e3/s0
2024-12-14 12:23:15,839 TRACE util.FileUtils (FileUtils.java:deleteFully(320)) - deleteFully: target/test/data/da5193cb/MiniRaftClusterWithSimulatedRpced10c1e3/s0 does not exist.
2024-12-14 12:23:15,840 INFO  impl.MiniRaftCluster (MiniRaftCluster.java:newRaftServer(401)) - Formatted directory target/test/data/da5193cb/MiniRaftClusterWithSimulatedRpced10c1e3/s0
2024-12-14 12:23:15,861 INFO  server.RaftServer (ConfUtils.java:logGet(46)) - raft.rpc.type = org.apache.ratis.server.simulation.SimulatedRpc (custom)
2024-12-14 12:23:15,874 INFO  impl.DataStreamServerImpl (ConfUtils.java:logGet(46)) - raft.datastream.type = DISABLED (default)
2024-12-14 12:23:15,878 INFO  server.RaftServerConfigKeys (ConfUtils.java:logGet(46)) - raft.server.sleep.deviation.threshold = 300ms (default)
2024-12-14 12:23:15,879 INFO  server.RaftServerConfigKeys (ConfUtils.java:logGet(46)) - raft.server.close.threshold = 60s (default)
2024-12-14 12:23:15,880 INFO  server.RaftServerConfigKeys (ConfUtils.java:logGet(46)) - raft.server.leaderelection.leader.step-down.wait-time = 10s (default)
2024-12-14 12:23:15,908 INFO  server.RaftServerConfigKeys (ConfUtils.java:logGet(46)) - raft.server.storage.dir = [/home/runner/work/ratis/ratis/ratis-examples/target/test/data/da5193cb/MiniRaftClusterWithSimulatedRpced10c1e3/s0] (custom)
2024-12-14 12:23:15,910 INFO  server.RaftServerConfigKeys (ConfUtils.java:logGet(46)) - raft.server.threadpool.proxy.cached = true (default)
2024-12-14 12:23:15,911 INFO  server.RaftServerConfigKeys (ConfUtils.java:logGet(46)) - raft.server.threadpool.proxy.size = 0 (default)
2024-12-14 12:23:15,930 INFO  server.RaftServer (RaftServerProxy.java:addNew(101)) - s0: addNew group-E0CF8C87AB81:[] returns group-E0CF8C87AB81:java.util.concurrent.CompletableFuture@43f0c2d1[Not completed]
2024-12-14 12:23:15,936 INFO  impl.MiniRaftCluster (MiniRaftCluster.java:newRaftServer(396)) - newRaftServer: s1, group-E0CF8C87AB81:[], format? true
2024-12-14 12:23:15,937 TRACE util.FileUtils (FileUtils.java:deleteFully(307)) - deleteFully target/test/data/da5193cb/MiniRaftClusterWithSimulatedRpced10c1e3/s1
2024-12-14 12:23:15,937 TRACE util.FileUtils (FileUtils.java:deleteFully(320)) - deleteFully: target/test/data/da5193cb/MiniRaftClusterWithSimulatedRpced10c1e3/s1 does not exist.
2024-12-14 12:23:15,938 INFO  impl.MiniRaftCluster (MiniRaftCluster.java:newRaftServer(401)) - Formatted directory target/test/data/da5193cb/MiniRaftClusterWithSimulatedRpced10c1e3/s1
2024-12-14 12:23:15,938 INFO  server.RaftServer (ConfUtils.java:logGet(46)) - raft.rpc.type = org.apache.ratis.server.simulation.SimulatedRpc (custom)
2024-12-14 12:23:15,940 INFO  impl.DataStreamServerImpl (ConfUtils.java:logGet(46)) - raft.datastream.type = DISABLED (default)
2024-12-14 12:23:15,940 INFO  server.RaftServerConfigKeys (ConfUtils.java:logGet(46)) - raft.server.sleep.deviation.threshold = 300ms (default)
2024-12-14 12:23:15,941 INFO  server.RaftServerConfigKeys (ConfUtils.java:logGet(46)) - raft.server.close.threshold = 60s (default)
2024-12-14 12:23:15,941 INFO  server.RaftServerConfigKeys (ConfUtils.java:logGet(46)) - raft.server.leaderelection.leader.step-down.wait-time = 10s (default)
2024-12-14 12:23:15,942 INFO  server.RaftServerConfigKeys (ConfUtils.java:logGet(46)) - raft.server.storage.dir = [/home/runner/work/ratis/ratis/ratis-examples/target/test/data/da5193cb/MiniRaftClusterWithSimulatedRpced10c1e3/s1] (custom)
2024-12-14 12:23:15,943 INFO  server.RaftServerConfigKeys (ConfUtils.java:logGet(46)) - raft.server.threadpool.proxy.cached = true (default)
2024-12-14 12:23:15,944 INFO  server.RaftServerConfigKeys (ConfUtils.java:logGet(46)) - raft.server.threadpool.proxy.size = 0 (default)
2024-12-14 12:23:15,946 INFO  server.RaftServer$Division (RaftServerImpl.java:<init>(256)) - s0: new RaftServerImpl for group-E0CF8C87AB81:[] with ArithmeticStateMachine:uninitialized
2024-12-14 12:23:15,949 INFO  server.RaftServerConfigKeys (ConfUtils.java:logGet(46)) - raft.server.rpc.timeout.min = 300ms (custom)
2024-12-14 12:23:15,949 INFO  server.RaftServerConfigKeys (ConfUtils.java:logGet(46)) - raft.server.rpc.timeout.max = 600ms (custom)
2024-12-14 12:23:15,949 INFO  server.RaftServer (RaftServerProxy.java:addNew(101)) - s1: addNew group-E0CF8C87AB81:[] returns group-E0CF8C87AB81:java.util.concurrent.CompletableFuture@7a904f32[Not completed]
2024-12-14 12:23:15,949 INFO  server.RaftServer$Division (RaftServerImpl.java:<init>(256)) - s1: new RaftServerImpl for group-E0CF8C87AB81:[] with ArithmeticStateMachine:uninitialized
2024-12-14 12:23:15,949 INFO  server.RaftServerConfigKeys (ConfUtils.java:logGet(46)) - raft.server.rpc.sleep.time = 25ms (default)
2024-12-14 12:23:15,950 INFO  server.RaftServerConfigKeys (ConfUtils.java:logGet(46)) - raft.server.rpc.timeout.min = 300ms (custom)
2024-12-14 12:23:15,949 INFO  impl.MiniRaftCluster (MiniRaftCluster.java:newRaftServer(396)) - newRaftServer: s2, group-E0CF8C87AB81:[], format? true
2024-12-14 12:23:15,950 INFO  server.RaftServerConfigKeys (ConfUtils.java:logGet(46)) - raft.server.rpc.timeout.max = 600ms (custom)
2024-12-14 12:23:15,950 INFO  server.RaftServerConfigKeys (ConfUtils.java:logGet(46)) - raft.server.rpc.slowness.timeout = 60s (default)
2024-12-14 12:23:15,950 INFO  server.RaftServerConfigKeys (ConfUtils.java:logGet(46)) - raft.server.rpc.sleep.time = 25ms (default)
2024-12-14 12:23:15,950 TRACE util.FileUtils (FileUtils.java:deleteFully(307)) - deleteFully target/test/data/da5193cb/MiniRaftClusterWithSimulatedRpced10c1e3/s2
2024-12-14 12:23:15,951 INFO  server.RaftServerConfigKeys (ConfUtils.java:logGet(46)) - raft.server.rpc.slowness.timeout = 60s (default)
2024-12-14 12:23:15,951 TRACE util.FileUtils (FileUtils.java:deleteFully(320)) - deleteFully: target/test/data/da5193cb/MiniRaftClusterWithSimulatedRpced10c1e3/s2 does not exist.
2024-12-14 12:23:15,952 INFO  impl.MiniRaftCluster (MiniRaftCluster.java:newRaftServer(401)) - Formatted directory target/test/data/da5193cb/MiniRaftClusterWithSimulatedRpced10c1e3/s2
2024-12-14 12:23:15,952 INFO  server.RaftServer (ConfUtils.java:logGet(46)) - raft.rpc.type = org.apache.ratis.server.simulation.SimulatedRpc (custom)
2024-12-14 12:23:15,951 INFO  server.RaftServerConfigKeys (ConfUtils.java:logGet(46)) - raft.server.leaderelection.leader.step-down.wait-time = 10s (default)
2024-12-14 12:23:15,953 INFO  impl.DataStreamServerImpl (ConfUtils.java:logGet(46)) - raft.datastream.type = DISABLED (default)
2024-12-14 12:23:15,953 INFO  server.RaftServerConfigKeys (ConfUtils.java:logGet(46)) - raft.server.sleep.deviation.threshold = 300ms (default)
2024-12-14 12:23:15,954 INFO  server.RaftServerConfigKeys (ConfUtils.java:logGet(46)) - raft.server.close.threshold = 60s (default)
2024-12-14 12:23:15,954 INFO  server.RaftServerConfigKeys (ConfUtils.java:logGet(46)) - raft.server.leaderelection.leader.step-down.wait-time = 10s (default)
2024-12-14 12:23:15,954 INFO  server.RaftServerConfigKeys (ConfUtils.java:logGet(46)) - raft.server.storage.dir = [/home/runner/work/ratis/ratis/ratis-examples/target/test/data/da5193cb/MiniRaftClusterWithSimulatedRpced10c1e3/s2] (custom)
2024-12-14 12:23:15,955 INFO  server.RaftServerConfigKeys (ConfUtils.java:logGet(46)) - raft.server.threadpool.proxy.cached = true (default)
2024-12-14 12:23:15,955 INFO  server.RaftServerConfigKeys (ConfUtils.java:logGet(46)) - raft.server.threadpool.proxy.size = 0 (default)
2024-12-14 12:23:15,951 INFO  server.RaftServerConfigKeys (ConfUtils.java:logGet(46)) - raft.server.leaderelection.leader.step-down.wait-time = 10s (default)
2024-12-14 12:23:15,956 INFO  server.RaftServerConfigKeys (ConfUtils.java:logGet(46)) - raft.server.leaderelection.member.majority-add = false (default)
2024-12-14 12:23:15,956 INFO  server.RaftServerConfigKeys (ConfUtils.java:logGet(46)) - raft.server.sleep.deviation.threshold = 300ms (default)
2024-12-14 12:23:15,953 INFO  server.RaftServerConfigKeys (ConfUtils.java:logGet(46)) - raft.server.leaderelection.member.majority-add = false (default)
2024-12-14 12:23:15,957 INFO  server.RaftServerConfigKeys (ConfUtils.java:logGet(46)) - raft.server.sleep.deviation.threshold = 300ms (default)
2024-12-14 12:23:15,965 INFO  server.RaftServer (RaftServerProxy.java:addNew(101)) - s2: addNew group-E0CF8C87AB81:[] returns group-E0CF8C87AB81:java.util.concurrent.CompletableFuture@4eed2acf[Not completed]
2024-12-14 12:23:15,965 INFO  impl.MiniRaftCluster (MiniRaftCluster.java:newRaftServer(396)) - newRaftServer: s3, group-E0CF8C87AB81:[], format? true
2024-12-14 12:23:15,965 TRACE util.FileUtils (FileUtils.java:deleteFully(307)) - deleteFully target/test/data/da5193cb/MiniRaftClusterWithSimulatedRpced10c1e3/s3
2024-12-14 12:23:15,966 TRACE util.FileUtils (FileUtils.java:deleteFully(320)) - deleteFully: target/test/data/da5193cb/MiniRaftClusterWithSimulatedRpced10c1e3/s3 does not exist.
2024-12-14 12:23:15,966 INFO  impl.MiniRaftCluster (MiniRaftCluster.java:newRaftServer(401)) - Formatted directory target/test/data/da5193cb/MiniRaftClusterWithSimulatedRpced10c1e3/s3
2024-12-14 12:23:15,967 INFO  server.RaftServer (ConfUtils.java:logGet(46)) - raft.rpc.type = org.apache.ratis.server.simulation.SimulatedRpc (custom)
2024-12-14 12:23:15,967 INFO  impl.DataStreamServerImpl (ConfUtils.java:logGet(46)) - raft.datastream.type = DISABLED (default)
2024-12-14 12:23:15,968 INFO  server.RaftServerConfigKeys (ConfUtils.java:logGet(46)) - raft.server.sleep.deviation.threshold = 300ms (default)
2024-12-14 12:23:15,968 INFO  server.RaftServerConfigKeys (ConfUtils.java:logGet(46)) - raft.server.close.threshold = 60s (default)
2024-12-14 12:23:15,968 INFO  server.RaftServerConfigKeys (ConfUtils.java:logGet(46)) - raft.server.leaderelection.leader.step-down.wait-time = 10s (default)
2024-12-14 12:23:15,969 INFO  server.RaftServerConfigKeys (ConfUtils.java:logGet(46)) - raft.server.storage.dir = [/home/runner/work/ratis/ratis/ratis-examples/target/test/data/da5193cb/MiniRaftClusterWithSimulatedRpced10c1e3/s3] (custom)
2024-12-14 12:23:15,969 INFO  server.RaftServerConfigKeys (ConfUtils.java:logGet(46)) - raft.server.threadpool.proxy.cached = true (default)
2024-12-14 12:23:15,970 INFO  server.RaftServer$Division (ServerState.java:<init>(114)) - s1@group-E0CF8C87AB81: ConfigurationManager, init=conf: {index: -1, cur=peers:[]|listeners:[], old=null}, confs=<EMPTY_MAP>
2024-12-14 12:23:15,970 INFO  server.RaftServer$Division (RaftServerImpl.java:<init>(256)) - s2: new RaftServerImpl for group-E0CF8C87AB81:[] with ArithmeticStateMachine:uninitialized
2024-12-14 12:23:15,970 INFO  server.RaftServerConfigKeys (ConfUtils.java:logGet(46)) - raft.server.rpc.timeout.min = 300ms (custom)
2024-12-14 12:23:15,970 INFO  server.RaftServerConfigKeys (ConfUtils.java:logGet(46)) - raft.server.rpc.timeout.max = 600ms (custom)
2024-12-14 12:23:15,971 INFO  server.RaftServerConfigKeys (ConfUtils.java:logGet(46)) - raft.server.rpc.sleep.time = 25ms (default)
2024-12-14 12:23:15,971 INFO  server.RaftServerConfigKeys (ConfUtils.java:logGet(46)) - raft.server.rpc.slowness.timeout = 60s (default)
2024-12-14 12:23:15,971 INFO  server.RaftServerConfigKeys (ConfUtils.java:logGet(46)) - raft.server.leaderelection.leader.step-down.wait-time = 10s (default)
2024-12-14 12:23:15,971 INFO  server.RaftServerConfigKeys (ConfUtils.java:logGet(46)) - raft.server.leaderelection.member.majority-add = false (default)
2024-12-14 12:23:15,971 INFO  server.RaftServerConfigKeys (ConfUtils.java:logGet(46)) - raft.server.sleep.deviation.threshold = 300ms (default)
2024-12-14 12:23:15,971 INFO  server.RaftServer$Division (ServerState.java:<init>(114)) - s2@group-E0CF8C87AB81: ConfigurationManager, init=conf: {index: -1, cur=peers:[]|listeners:[], old=null}, confs=<EMPTY_MAP>
2024-12-14 12:23:15,973 INFO  server.RaftServer$Division (ServerState.java:<init>(114)) - s0@group-E0CF8C87AB81: ConfigurationManager, init=conf: {index: -1, cur=peers:[]|listeners:[], old=null}, confs=<EMPTY_MAP>
2024-12-14 12:23:15,970 INFO  server.RaftServerConfigKeys (ConfUtils.java:logGet(46)) - raft.server.threadpool.proxy.size = 0 (default)
2024-12-14 12:23:15,981 INFO  server.RaftServerConfigKeys (ConfUtils.java:logGet(46)) - raft.server.notification.no-leader.timeout = 60s (default)
2024-12-14 12:23:15,981 INFO  server.RaftServerConfigKeys (ConfUtils.java:logGet(46)) - raft.server.notification.no-leader.timeout = 60s (default)
2024-12-14 12:23:15,983 INFO  server.RaftServer (RaftServerProxy.java:addNew(101)) - s3: addNew group-E0CF8C87AB81:[] returns group-E0CF8C87AB81:java.util.concurrent.CompletableFuture@642505c7[Not completed]
2024-12-14 12:23:15,983 INFO  impl.MiniRaftCluster (MiniRaftCluster.java:newRaftServer(396)) - newRaftServer: s4, group-E0CF8C87AB81:[], format? true
2024-12-14 12:23:15,983 TRACE util.FileUtils (FileUtils.java:deleteFully(307)) - deleteFully target/test/data/da5193cb/MiniRaftClusterWithSimulatedRpced10c1e3/s4
2024-12-14 12:23:15,984 TRACE util.FileUtils (FileUtils.java:deleteFully(320)) - deleteFully: target/test/data/da5193cb/MiniRaftClusterWithSimulatedRpced10c1e3/s4 does not exist.
2024-12-14 12:23:15,984 INFO  impl.MiniRaftCluster (MiniRaftCluster.java:newRaftServer(401)) - Formatted directory target/test/data/da5193cb/MiniRaftClusterWithSimulatedRpced10c1e3/s4
2024-12-14 12:23:15,985 INFO  server.RaftServer (ConfUtils.java:logGet(46)) - raft.rpc.type = org.apache.ratis.server.simulation.SimulatedRpc (custom)
2024-12-14 12:23:15,985 INFO  impl.DataStreamServerImpl (ConfUtils.java:logGet(46)) - raft.datastream.type = DISABLED (default)
2024-12-14 12:23:15,986 INFO  server.RaftServerConfigKeys (ConfUtils.java:logGet(46)) - raft.server.sleep.deviation.threshold = 300ms (default)
2024-12-14 12:23:15,986 INFO  server.RaftServerConfigKeys (ConfUtils.java:logGet(46)) - raft.server.close.threshold = 60s (default)
2024-12-14 12:23:15,986 INFO  server.RaftServerConfigKeys (ConfUtils.java:logGet(46)) - raft.server.leaderelection.leader.step-down.wait-time = 10s (default)
2024-12-14 12:23:15,987 INFO  server.RaftServerConfigKeys (ConfUtils.java:logGet(46)) - raft.server.storage.dir = [/home/runner/work/ratis/ratis/ratis-examples/target/test/data/da5193cb/MiniRaftClusterWithSimulatedRpced10c1e3/s4] (custom)
2024-12-14 12:23:15,987 INFO  server.RaftServerConfigKeys (ConfUtils.java:logGet(46)) - raft.server.threadpool.proxy.cached = true (default)
2024-12-14 12:23:15,987 INFO  server.RaftServerConfigKeys (ConfUtils.java:logGet(46)) - raft.server.threadpool.proxy.size = 0 (default)
2024-12-14 12:23:15,989 INFO  server.RaftServerConfigKeys (ConfUtils.java:logGet(46)) - raft.server.read.timeout = 10s (default)
2024-12-14 12:23:15,981 INFO  server.RaftServerConfigKeys (ConfUtils.java:logGet(46)) - raft.server.notification.no-leader.timeout = 60s (default)
2024-12-14 12:23:15,990 INFO  server.RaftServerConfigKeys (ConfUtils.java:logGet(46)) - raft.server.read.timeout = 10s (default)
2024-12-14 12:23:15,991 INFO  server.RaftServerConfigKeys (ConfUtils.java:logGet(46)) - raft.server.read.timeout = 10s (default)
2024-12-14 12:23:15,992 INFO  server.RaftServer$Division (RaftServerImpl.java:<init>(256)) - s3: new RaftServerImpl for group-E0CF8C87AB81:[] with ArithmeticStateMachine:uninitialized
2024-12-14 12:23:15,997 INFO  server.RaftServer (RaftServerProxy.java:addNew(101)) - s4: addNew group-E0CF8C87AB81:[] returns group-E0CF8C87AB81:java.util.concurrent.CompletableFuture@61d84e08[Not completed]
2024-12-14 12:23:15,997 INFO  server.RaftServerConfigKeys (ConfUtils.java:logGet(46)) - raft.server.rpc.timeout.min = 300ms (custom)
2024-12-14 12:23:15,997 INFO  impl.MiniRaftCluster (MiniRaftCluster.java:newRaftServer(396)) - newRaftServer: s5, group-E0CF8C87AB81:[], format? true
2024-12-14 12:23:15,997 INFO  server.RaftServer$Division (RaftServerImpl.java:<init>(256)) - s4: new RaftServerImpl for group-E0CF8C87AB81:[] with ArithmeticStateMachine:uninitialized
2024-12-14 12:23:15,998 INFO  server.RaftServerConfigKeys (ConfUtils.java:logGet(46)) - raft.server.rpc.timeout.min = 300ms (custom)
2024-12-14 12:23:15,998 INFO  server.RaftServerConfigKeys (ConfUtils.java:logGet(46)) - raft.server.rpc.timeout.max = 600ms (custom)
2024-12-14 12:23:15,998 INFO  server.RaftServerConfigKeys (ConfUtils.java:logGet(46)) - raft.server.rpc.sleep.time = 25ms (default)
2024-12-14 12:23:15,998 INFO  server.RaftServerConfigKeys (ConfUtils.java:logGet(46)) - raft.server.rpc.slowness.timeout = 60s (default)
2024-12-14 12:23:15,998 INFO  server.RaftServerConfigKeys (ConfUtils.java:logGet(46)) - raft.server.leaderelection.leader.step-down.wait-time = 10s (default)
2024-12-14 12:23:15,998 INFO  server.RaftServerConfigKeys (ConfUtils.java:logGet(46)) - raft.server.leaderelection.member.majority-add = false (default)
2024-12-14 12:23:15,999 INFO  server.RaftServerConfigKeys (ConfUtils.java:logGet(46)) - raft.server.sleep.deviation.threshold = 300ms (default)
2024-12-14 12:23:15,999 INFO  server.RaftServer$Division (ServerState.java:<init>(114)) - s4@group-E0CF8C87AB81: ConfigurationManager, init=conf: {index: -1, cur=peers:[]|listeners:[], old=null}, confs=<EMPTY_MAP>
2024-12-14 12:23:15,999 INFO  server.RaftServerConfigKeys (ConfUtils.java:logGet(46)) - raft.server.notification.no-leader.timeout = 60s (default)
2024-12-14 12:23:15,999 INFO  server.RaftServerConfigKeys (ConfUtils.java:logGet(46)) - raft.server.read.timeout = 10s (default)
2024-12-14 12:23:15,997 TRACE util.FileUtils (FileUtils.java:deleteFully(307)) - deleteFully target/test/data/da5193cb/MiniRaftClusterWithSimulatedRpced10c1e3/s5
2024-12-14 12:23:16,000 TRACE util.FileUtils (FileUtils.java:deleteFully(320)) - deleteFully: target/test/data/da5193cb/MiniRaftClusterWithSimulatedRpced10c1e3/s5 does not exist.
2024-12-14 12:23:16,000 INFO  impl.MiniRaftCluster (MiniRaftCluster.java:newRaftServer(401)) - Formatted directory target/test/data/da5193cb/MiniRaftClusterWithSimulatedRpced10c1e3/s5
2024-12-14 12:23:16,001 INFO  server.RaftServer (ConfUtils.java:logGet(46)) - raft.rpc.type = org.apache.ratis.server.simulation.SimulatedRpc (custom)
2024-12-14 12:23:16,001 INFO  server.RaftServerConfigKeys (ConfUtils.java:logGet(46)) - raft.server.retrycache.expirytime = 60s (default)
2024-12-14 12:23:16,001 INFO  server.RaftServerConfigKeys (ConfUtils.java:logGet(46)) - raft.server.retrycache.statistics.expirytime = 100ms (default)
2024-12-14 12:23:16,001 INFO  server.RaftServerConfigKeys (ConfUtils.java:logGet(46)) - raft.server.rpc.timeout.max = 600ms (custom)
2024-12-14 12:23:16,002 INFO  server.RaftServerConfigKeys (ConfUtils.java:logGet(46)) - raft.server.rpc.sleep.time = 25ms (default)
2024-12-14 12:23:16,003 INFO  server.RaftServerConfigKeys (ConfUtils.java:logGet(46)) - raft.server.rpc.slowness.timeout = 60s (default)
2024-12-14 12:23:16,003 INFO  server.RaftServerConfigKeys (ConfUtils.java:logGet(46)) - raft.server.leaderelection.leader.step-down.wait-time = 10s (default)
2024-12-14 12:23:16,003 INFO  server.RaftServerConfigKeys (ConfUtils.java:logGet(46)) - raft.server.leaderelection.member.majority-add = false (default)
2024-12-14 12:23:16,003 INFO  server.RaftServerConfigKeys (ConfUtils.java:logGet(46)) - raft.server.sleep.deviation.threshold = 300ms (default)
2024-12-14 12:23:16,001 INFO  impl.DataStreamServerImpl (ConfUtils.java:logGet(46)) - raft.datastream.type = DISABLED (default)
2024-12-14 12:23:16,004 INFO  server.RaftServerConfigKeys (ConfUtils.java:logGet(46)) - raft.server.sleep.deviation.threshold = 300ms (default)
2024-12-14 12:23:16,004 INFO  server.RaftServerConfigKeys (ConfUtils.java:logGet(46)) - raft.server.close.threshold = 60s (default)
2024-12-14 12:23:16,005 INFO  server.RaftServerConfigKeys (ConfUtils.java:logGet(46)) - raft.server.leaderelection.leader.step-down.wait-time = 10s (default)
2024-12-14 12:23:16,005 INFO  server.RaftServerConfigKeys (ConfUtils.java:logGet(46)) - raft.server.storage.dir = [/home/runner/work/ratis/ratis/ratis-examples/target/test/data/da5193cb/MiniRaftClusterWithSimulatedRpced10c1e3/s5] (custom)
2024-12-14 12:23:16,005 INFO  server.RaftServerConfigKeys (ConfUtils.java:logGet(46)) - raft.server.threadpool.proxy.cached = true (default)
2024-12-14 12:23:16,006 INFO  server.RaftServerConfigKeys (ConfUtils.java:logGet(46)) - raft.server.threadpool.proxy.size = 0 (default)
2024-12-14 12:23:16,006 INFO  server.RaftServer$Division (ServerState.java:<init>(114)) - s3@group-E0CF8C87AB81: ConfigurationManager, init=conf: {index: -1, cur=peers:[]|listeners:[], old=null}, confs=<EMPTY_MAP>
2024-12-14 12:23:16,006 INFO  server.RaftServerConfigKeys (ConfUtils.java:logGet(46)) - raft.server.retrycache.expirytime = 60s (default)
2024-12-14 12:23:16,006 INFO  server.RaftServerConfigKeys (ConfUtils.java:logGet(46)) - raft.server.retrycache.expirytime = 60s (default)
2024-12-14 12:23:16,007 INFO  server.RaftServerConfigKeys (ConfUtils.java:logGet(46)) - raft.server.retrycache.statistics.expirytime = 100ms (default)
2024-12-14 12:23:16,006 INFO  server.RaftServerConfigKeys (ConfUtils.java:logGet(46)) - raft.server.retrycache.expirytime = 60s (default)
2024-12-14 12:23:16,007 INFO  server.RaftServerConfigKeys (ConfUtils.java:logGet(46)) - raft.server.retrycache.statistics.expirytime = 100ms (default)
2024-12-14 12:23:16,009 INFO  server.RaftServerConfigKeys (ConfUtils.java:logGet(46)) - raft.server.retrycache.statistics.expirytime = 100ms (default)
2024-12-14 12:23:16,009 INFO  server.RaftServerConfigKeys (ConfUtils.java:logGet(46)) - raft.server.read.option = DEFAULT (default)
2024-12-14 12:23:16,009 INFO  server.RaftServerConfigKeys (ConfUtils.java:logGet(46)) - raft.server.read.option = DEFAULT (default)
2024-12-14 12:23:16,009 INFO  server.RaftServerConfigKeys (ConfUtils.java:logGet(46)) - raft.server.notification.no-leader.timeout = 60s (default)
2024-12-14 12:23:16,010 INFO  server.RaftServerConfigKeys (ConfUtils.java:logGet(46)) - raft.server.read.timeout = 10s (default)
2024-12-14 12:23:16,010 INFO  server.RaftServerConfigKeys (ConfUtils.java:logGet(46)) - raft.server.retrycache.expirytime = 60s (default)
2024-12-14 12:23:16,010 INFO  server.RaftServerConfigKeys (ConfUtils.java:logGet(46)) - raft.server.retrycache.statistics.expirytime = 100ms (default)
2024-12-14 12:23:16,010 INFO  server.RaftServerConfigKeys (ConfUtils.java:logGet(46)) - raft.server.read.option = DEFAULT (default)
2024-12-14 12:23:16,010 INFO  server.RaftServerConfigKeys (ConfUtils.java:logGet(46)) - raft.server.read.read-after-write-consistent.write-index-cache.expiry-time = 60s (default)
2024-12-14 12:23:16,010 INFO  server.RaftServerConfigKeys (ConfUtils.java:logGet(46)) - raft.server.read.option = DEFAULT (default)
2024-12-14 12:23:16,010 INFO  server.RaftServerConfigKeys (ConfUtils.java:logGet(46)) - raft.server.read.read-after-write-consistent.write-index-cache.expiry-time = 60s (default)
2024-12-14 12:23:16,010 INFO  server.RaftServerConfigKeys (ConfUtils.java:logGet(46)) - raft.server.read.read-after-write-consistent.write-index-cache.expiry-time = 60s (default)
2024-12-14 12:23:16,010 INFO  server.RaftServerConfigKeys (ConfUtils.java:logGet(46)) - raft.server.read.read-after-write-consistent.write-index-cache.expiry-time = 60s (default)
2024-12-14 12:23:16,012 INFO  server.RaftServerConfigKeys (ConfUtils.java:logGet(46)) - raft.server.read.option = DEFAULT (default)
2024-12-14 12:23:16,012 INFO  server.RaftServerConfigKeys (ConfUtils.java:logGet(46)) - raft.server.read.read-after-write-consistent.write-index-cache.expiry-time = 60s (default)
2024-12-14 12:23:16,017 INFO  server.RaftServer (RaftServerProxy.java:addNew(101)) - s5: addNew group-E0CF8C87AB81:[] returns group-E0CF8C87AB81:java.util.concurrent.CompletableFuture@52d6cd34[Not completed]
2024-12-14 12:23:16,017 INFO  impl.MiniRaftCluster (MiniRaftCluster.java:newRaftServer(396)) - newRaftServer: s6, group-E0CF8C87AB81:[], format? true
2024-12-14 12:23:16,017 TRACE util.FileUtils (FileUtils.java:deleteFully(307)) - deleteFully target/test/data/da5193cb/MiniRaftClusterWithSimulatedRpced10c1e3/s6
2024-12-14 12:23:16,018 TRACE util.FileUtils (FileUtils.java:deleteFully(320)) - deleteFully: target/test/data/da5193cb/MiniRaftClusterWithSimulatedRpced10c1e3/s6 does not exist.
2024-12-14 12:23:16,018 INFO  impl.MiniRaftCluster (MiniRaftCluster.java:newRaftServer(401)) - Formatted directory target/test/data/da5193cb/MiniRaftClusterWithSimulatedRpced10c1e3/s6
2024-12-14 12:23:16,019 INFO  server.RaftServer (ConfUtils.java:logGet(46)) - raft.rpc.type = org.apache.ratis.server.simulation.SimulatedRpc (custom)
2024-12-14 12:23:16,019 INFO  impl.DataStreamServerImpl (ConfUtils.java:logGet(46)) - raft.datastream.type = DISABLED (default)
2024-12-14 12:23:16,020 INFO  server.RaftServerConfigKeys (ConfUtils.java:logGet(46)) - raft.server.sleep.deviation.threshold = 300ms (default)
2024-12-14 12:23:16,020 INFO  server.RaftServerConfigKeys (ConfUtils.java:logGet(46)) - raft.server.close.threshold = 60s (default)
2024-12-14 12:23:16,020 INFO  server.RaftServerConfigKeys (ConfUtils.java:logGet(46)) - raft.server.leaderelection.leader.step-down.wait-time = 10s (default)
2024-12-14 12:23:16,021 INFO  server.RaftServerConfigKeys (ConfUtils.java:logGet(46)) - raft.server.storage.dir = [/home/runner/work/ratis/ratis/ratis-examples/target/test/data/da5193cb/MiniRaftClusterWithSimulatedRpced10c1e3/s6] (custom)
2024-12-14 12:23:16,021 INFO  server.RaftServerConfigKeys (ConfUtils.java:logGet(46)) - raft.server.threadpool.proxy.cached = true (default)
2024-12-14 12:23:16,022 INFO  server.RaftServerConfigKeys (ConfUtils.java:logGet(46)) - raft.server.threadpool.proxy.size = 0 (default)
2024-12-14 12:23:16,023 INFO  server.RaftServer$Division (RaftServerImpl.java:<init>(256)) - s5: new RaftServerImpl for group-E0CF8C87AB81:[] with ArithmeticStateMachine:uninitialized
2024-12-14 12:23:16,023 INFO  server.RaftServerConfigKeys (ConfUtils.java:logGet(46)) - raft.server.rpc.timeout.min = 300ms (custom)
2024-12-14 12:23:16,024 INFO  server.RaftServerConfigKeys (ConfUtils.java:logGet(46)) - raft.server.rpc.timeout.max = 600ms (custom)
2024-12-14 12:23:16,024 INFO  server.RaftServerConfigKeys (ConfUtils.java:logGet(46)) - raft.server.rpc.sleep.time = 25ms (default)
2024-12-14 12:23:16,024 INFO  server.RaftServerConfigKeys (ConfUtils.java:logGet(46)) - raft.server.rpc.slowness.timeout = 60s (default)
2024-12-14 12:23:16,024 INFO  server.RaftServerConfigKeys (ConfUtils.java:logGet(46)) - raft.server.leaderelection.leader.step-down.wait-time = 10s (default)
2024-12-14 12:23:16,025 INFO  server.RaftServerConfigKeys (ConfUtils.java:logGet(46)) - raft.server.leaderelection.member.majority-add = false (default)
2024-12-14 12:23:16,025 INFO  server.RaftServerConfigKeys (ConfUtils.java:logGet(46)) - raft.server.sleep.deviation.threshold = 300ms (default)
2024-12-14 12:23:16,025 INFO  server.RaftServer$Division (ServerState.java:<init>(114)) - s5@group-E0CF8C87AB81: ConfigurationManager, init=conf: {index: -1, cur=peers:[]|listeners:[], old=null}, confs=<EMPTY_MAP>
2024-12-14 12:23:16,025 INFO  server.RaftServerConfigKeys (ConfUtils.java:logGet(46)) - raft.server.notification.no-leader.timeout = 60s (default)
2024-12-14 12:23:16,026 INFO  server.RaftServerConfigKeys (ConfUtils.java:logGet(46)) - raft.server.read.timeout = 10s (default)
2024-12-14 12:23:16,026 INFO  server.RaftServerConfigKeys (ConfUtils.java:logGet(46)) - raft.server.retrycache.expirytime = 60s (default)
2024-12-14 12:23:16,026 INFO  server.RaftServerConfigKeys (ConfUtils.java:logGet(46)) - raft.server.retrycache.statistics.expirytime = 100ms (default)
2024-12-14 12:23:16,026 INFO  server.RaftServerConfigKeys (ConfUtils.java:logGet(46)) - raft.server.read.option = DEFAULT (default)
2024-12-14 12:23:16,026 INFO  server.RaftServerConfigKeys (ConfUtils.java:logGet(46)) - raft.server.read.read-after-write-consistent.write-index-cache.expiry-time = 60s (default)
2024-12-14 12:23:16,032 INFO  server.RaftServer (RaftServerProxy.java:addNew(101)) - s6: addNew group-E0CF8C87AB81:[] returns group-E0CF8C87AB81:java.util.concurrent.CompletableFuture@6428591a[Not completed]
2024-12-14 12:23:16,032 INFO  impl.MiniRaftCluster (MiniRaftCluster.java:newRaftServer(396)) - newRaftServer: s7, group-E0CF8C87AB81:[], format? true
2024-12-14 12:23:16,033 TRACE util.FileUtils (FileUtils.java:deleteFully(307)) - deleteFully target/test/data/da5193cb/MiniRaftClusterWithSimulatedRpced10c1e3/s7
2024-12-14 12:23:16,033 TRACE util.FileUtils (FileUtils.java:deleteFully(320)) - deleteFully: target/test/data/da5193cb/MiniRaftClusterWithSimulatedRpced10c1e3/s7 does not exist.
2024-12-14 12:23:16,034 INFO  impl.MiniRaftCluster (MiniRaftCluster.java:newRaftServer(401)) - Formatted directory target/test/data/da5193cb/MiniRaftClusterWithSimulatedRpced10c1e3/s7
2024-12-14 12:23:16,034 INFO  server.RaftServer (ConfUtils.java:logGet(46)) - raft.rpc.type = org.apache.ratis.server.simulation.SimulatedRpc (custom)
2024-12-14 12:23:16,035 INFO  impl.DataStreamServerImpl (ConfUtils.java:logGet(46)) - raft.datastream.type = DISABLED (default)
2024-12-14 12:23:16,035 INFO  server.RaftServerConfigKeys (ConfUtils.java:logGet(46)) - raft.server.sleep.deviation.threshold = 300ms (default)
2024-12-14 12:23:16,035 INFO  server.RaftServerConfigKeys (ConfUtils.java:logGet(46)) - raft.server.close.threshold = 60s (default)
2024-12-14 12:23:16,036 INFO  server.RaftServerConfigKeys (ConfUtils.java:logGet(46)) - raft.server.leaderelection.leader.step-down.wait-time = 10s (default)
2024-12-14 12:23:16,036 INFO  server.RaftServerConfigKeys (ConfUtils.java:logGet(46)) - raft.server.storage.dir = [/home/runner/work/ratis/ratis/ratis-examples/target/test/data/da5193cb/MiniRaftClusterWithSimulatedRpced10c1e3/s7] (custom)
2024-12-14 12:23:16,036 INFO  server.RaftServerConfigKeys (ConfUtils.java:logGet(46)) - raft.server.threadpool.proxy.cached = true (default)
2024-12-14 12:23:16,037 INFO  server.RaftServerConfigKeys (ConfUtils.java:logGet(46)) - raft.server.threadpool.proxy.size = 0 (default)
2024-12-14 12:23:16,037 INFO  server.RaftServer$Division (RaftServerImpl.java:<init>(256)) - s6: new RaftServerImpl for group-E0CF8C87AB81:[] with ArithmeticStateMachine:uninitialized
2024-12-14 12:23:16,037 INFO  server.RaftServerConfigKeys (ConfUtils.java:logGet(46)) - raft.server.rpc.timeout.min = 300ms (custom)
2024-12-14 12:23:16,038 INFO  server.RaftServerConfigKeys (ConfUtils.java:logGet(46)) - raft.server.rpc.timeout.max = 600ms (custom)
2024-12-14 12:23:16,038 INFO  server.RaftServerConfigKeys (ConfUtils.java:logGet(46)) - raft.server.rpc.sleep.time = 25ms (default)
2024-12-14 12:23:16,038 INFO  server.RaftServerConfigKeys (ConfUtils.java:logGet(46)) - raft.server.rpc.slowness.timeout = 60s (default)
2024-12-14 12:23:16,038 INFO  server.RaftServerConfigKeys (ConfUtils.java:logGet(46)) - raft.server.leaderelection.leader.step-down.wait-time = 10s (default)
2024-12-14 12:23:16,038 INFO  server.RaftServerConfigKeys (ConfUtils.java:logGet(46)) - raft.server.leaderelection.member.majority-add = false (default)
2024-12-14 12:23:16,038 INFO  server.RaftServerConfigKeys (ConfUtils.java:logGet(46)) - raft.server.sleep.deviation.threshold = 300ms (default)
2024-12-14 12:23:16,038 INFO  server.RaftServer$Division (ServerState.java:<init>(114)) - s6@group-E0CF8C87AB81: ConfigurationManager, init=conf: {index: -1, cur=peers:[]|listeners:[], old=null}, confs=<EMPTY_MAP>
2024-12-14 12:23:16,039 INFO  server.RaftServerConfigKeys (ConfUtils.java:logGet(46)) - raft.server.notification.no-leader.timeout = 60s (default)
2024-12-14 12:23:16,039 INFO  server.RaftServerConfigKeys (ConfUtils.java:logGet(46)) - raft.server.read.timeout = 10s (default)
2024-12-14 12:23:16,039 INFO  server.RaftServerConfigKeys (ConfUtils.java:logGet(46)) - raft.server.retrycache.expirytime = 60s (default)
2024-12-14 12:23:16,039 INFO  server.RaftServerConfigKeys (ConfUtils.java:logGet(46)) - raft.server.retrycache.statistics.expirytime = 100ms (default)
2024-12-14 12:23:16,039 INFO  server.RaftServerConfigKeys (ConfUtils.java:logGet(46)) - raft.server.read.option = DEFAULT (default)
2024-12-14 12:23:16,039 INFO  server.RaftServerConfigKeys (ConfUtils.java:logGet(46)) - raft.server.read.read-after-write-consistent.write-index-cache.expiry-time = 60s (default)
2024-12-14 12:23:16,044 INFO  server.RaftServer (RaftServerProxy.java:addNew(101)) - s7: addNew group-E0CF8C87AB81:[] returns group-E0CF8C87AB81:java.util.concurrent.CompletableFuture@2a685eba[Not completed]
2024-12-14 12:23:16,044 INFO  impl.MiniRaftCluster (MiniRaftCluster.java:newRaftServer(396)) - newRaftServer: s8, group-E0CF8C87AB81:[], format? true
2024-12-14 12:23:16,045 TRACE util.FileUtils (FileUtils.java:deleteFully(307)) - deleteFully target/test/data/da5193cb/MiniRaftClusterWithSimulatedRpced10c1e3/s8
2024-12-14 12:23:16,045 TRACE util.FileUtils (FileUtils.java:deleteFully(320)) - deleteFully: target/test/data/da5193cb/MiniRaftClusterWithSimulatedRpced10c1e3/s8 does not exist.
2024-12-14 12:23:16,045 INFO  impl.MiniRaftCluster (MiniRaftCluster.java:newRaftServer(401)) - Formatted directory target/test/data/da5193cb/MiniRaftClusterWithSimulatedRpced10c1e3/s8
2024-12-14 12:23:16,046 INFO  server.RaftServer (ConfUtils.java:logGet(46)) - raft.rpc.type = org.apache.ratis.server.simulation.SimulatedRpc (custom)
2024-12-14 12:23:16,046 INFO  impl.DataStreamServerImpl (ConfUtils.java:logGet(46)) - raft.datastream.type = DISABLED (default)
2024-12-14 12:23:16,047 INFO  server.RaftServerConfigKeys (ConfUtils.java:logGet(46)) - raft.server.sleep.deviation.threshold = 300ms (default)
2024-12-14 12:23:16,047 INFO  server.RaftServerConfigKeys (ConfUtils.java:logGet(46)) - raft.server.close.threshold = 60s (default)
2024-12-14 12:23:16,047 INFO  server.RaftServerConfigKeys (ConfUtils.java:logGet(46)) - raft.server.leaderelection.leader.step-down.wait-time = 10s (default)
2024-12-14 12:23:16,048 INFO  server.RaftServerConfigKeys (ConfUtils.java:logGet(46)) - raft.server.storage.dir = [/home/runner/work/ratis/ratis/ratis-examples/target/test/data/da5193cb/MiniRaftClusterWithSimulatedRpced10c1e3/s8] (custom)
2024-12-14 12:23:16,048 INFO  server.RaftServerConfigKeys (ConfUtils.java:logGet(46)) - raft.server.threadpool.proxy.cached = true (default)
2024-12-14 12:23:16,048 INFO  server.RaftServerConfigKeys (ConfUtils.java:logGet(46)) - raft.server.threadpool.proxy.size = 0 (default)
2024-12-14 12:23:16,051 INFO  server.RaftServer$Division (RaftServerImpl.java:<init>(256)) - s7: new RaftServerImpl for group-E0CF8C87AB81:[] with ArithmeticStateMachine:uninitialized
2024-12-14 12:23:16,051 INFO  server.RaftServerConfigKeys (ConfUtils.java:logGet(46)) - raft.server.rpc.timeout.min = 300ms (custom)
2024-12-14 12:23:16,051 INFO  server.RaftServerConfigKeys (ConfUtils.java:logGet(46)) - raft.server.rpc.timeout.max = 600ms (custom)
2024-12-14 12:23:16,052 INFO  server.RaftServerConfigKeys (ConfUtils.java:logGet(46)) - raft.server.rpc.sleep.time = 25ms (default)
2024-12-14 12:23:16,052 INFO  server.RaftServerConfigKeys (ConfUtils.java:logGet(46)) - raft.server.rpc.slowness.timeout = 60s (default)
2024-12-14 12:23:16,052 INFO  server.RaftServerConfigKeys (ConfUtils.java:logGet(46)) - raft.server.leaderelection.leader.step-down.wait-time = 10s (default)
2024-12-14 12:23:16,052 INFO  server.RaftServerConfigKeys (ConfUtils.java:logGet(46)) - raft.server.leaderelection.member.majority-add = false (default)
2024-12-14 12:23:16,052 INFO  server.RaftServerConfigKeys (ConfUtils.java:logGet(46)) - raft.server.sleep.deviation.threshold = 300ms (default)
2024-12-14 12:23:16,052 INFO  server.RaftServer$Division (ServerState.java:<init>(114)) - s7@group-E0CF8C87AB81: ConfigurationManager, init=conf: {index: -1, cur=peers:[]|listeners:[], old=null}, confs=<EMPTY_MAP>
2024-12-14 12:23:16,052 INFO  server.RaftServerConfigKeys (ConfUtils.java:logGet(46)) - raft.server.notification.no-leader.timeout = 60s (default)
2024-12-14 12:23:16,053 INFO  server.RaftServerConfigKeys (ConfUtils.java:logGet(46)) - raft.server.read.timeout = 10s (default)
2024-12-14 12:23:16,053 INFO  server.RaftServerConfigKeys (ConfUtils.java:logGet(46)) - raft.server.retrycache.expirytime = 60s (default)
2024-12-14 12:23:16,053 INFO  server.RaftServerConfigKeys (ConfUtils.java:logGet(46)) - raft.server.retrycache.statistics.expirytime = 100ms (default)
2024-12-14 12:23:16,053 INFO  server.RaftServerConfigKeys (ConfUtils.java:logGet(46)) - raft.server.read.option = DEFAULT (default)
2024-12-14 12:23:16,053 INFO  server.RaftServerConfigKeys (ConfUtils.java:logGet(46)) - raft.server.read.read-after-write-consistent.write-index-cache.expiry-time = 60s (default)
2024-12-14 12:23:16,055 INFO  server.RaftServer (RaftServerProxy.java:addNew(101)) - s8: addNew group-E0CF8C87AB81:[] returns group-E0CF8C87AB81:java.util.concurrent.CompletableFuture@75a118e6[Not completed]
2024-12-14 12:23:16,056 INFO  server.RaftServer$Division (RaftServerImpl.java:<init>(256)) - s8: new RaftServerImpl for group-E0CF8C87AB81:[] with ArithmeticStateMachine:uninitialized
2024-12-14 12:23:16,056 INFO  server.RaftServerConfigKeys (ConfUtils.java:logGet(46)) - raft.server.rpc.timeout.min = 300ms (custom)
2024-12-14 12:23:16,056 INFO  server.RaftServerConfigKeys (ConfUtils.java:logGet(46)) - raft.server.rpc.timeout.max = 600ms (custom)
2024-12-14 12:23:16,056 INFO  server.RaftServerConfigKeys (ConfUtils.java:logGet(46)) - raft.server.rpc.sleep.time = 25ms (default)
2024-12-14 12:23:16,057 INFO  server.RaftServerConfigKeys (ConfUtils.java:logGet(46)) - raft.server.rpc.slowness.timeout = 60s (default)
2024-12-14 12:23:16,057 INFO  server.RaftServerConfigKeys (ConfUtils.java:logGet(46)) - raft.server.leaderelection.leader.step-down.wait-time = 10s (default)
2024-12-14 12:23:16,057 INFO  server.RaftServerConfigKeys (ConfUtils.java:logGet(46)) - raft.server.leaderelection.member.majority-add = false (default)
2024-12-14 12:23:16,058 INFO  impl.MiniRaftCluster (MiniRaftCluster.java:newRaftServer(396)) - newRaftServer: s9, group-E0CF8C87AB81:[], format? true
2024-12-14 12:23:16,058 TRACE util.FileUtils (FileUtils.java:deleteFully(307)) - deleteFully target/test/data/da5193cb/MiniRaftClusterWithSimulatedRpced10c1e3/s9
2024-12-14 12:23:16,059 TRACE util.FileUtils (FileUtils.java:deleteFully(320)) - deleteFully: target/test/data/da5193cb/MiniRaftClusterWithSimulatedRpced10c1e3/s9 does not exist.
2024-12-14 12:23:16,059 INFO  impl.MiniRaftCluster (MiniRaftCluster.java:newRaftServer(401)) - Formatted directory target/test/data/da5193cb/MiniRaftClusterWithSimulatedRpced10c1e3/s9
2024-12-14 12:23:16,059 INFO  server.RaftServer (ConfUtils.java:logGet(46)) - raft.rpc.type = org.apache.ratis.server.simulation.SimulatedRpc (custom)
2024-12-14 12:23:16,058 INFO  server.RaftServerConfigKeys (ConfUtils.java:logGet(46)) - raft.server.sleep.deviation.threshold = 300ms (default)
2024-12-14 12:23:16,060 INFO  server.RaftServer$Division (ServerState.java:<init>(114)) - s8@group-E0CF8C87AB81: ConfigurationManager, init=conf: {index: -1, cur=peers:[]|listeners:[], old=null}, confs=<EMPTY_MAP>
2024-12-14 12:23:16,060 INFO  impl.DataStreamServerImpl (ConfUtils.java:logGet(46)) - raft.datastream.type = DISABLED (default)
2024-12-14 12:23:16,060 INFO  server.RaftServerConfigKeys (ConfUtils.java:logGet(46)) - raft.server.sleep.deviation.threshold = 300ms (default)
2024-12-14 12:23:16,061 INFO  server.RaftServerConfigKeys (ConfUtils.java:logGet(46)) - raft.server.close.threshold = 60s (default)
2024-12-14 12:23:16,061 INFO  server.RaftServerConfigKeys (ConfUtils.java:logGet(46)) - raft.server.leaderelection.leader.step-down.wait-time = 10s (default)
2024-12-14 12:23:16,061 INFO  server.RaftServerConfigKeys (ConfUtils.java:logGet(46)) - raft.server.storage.dir = [/home/runner/work/ratis/ratis/ratis-examples/target/test/data/da5193cb/MiniRaftClusterWithSimulatedRpced10c1e3/s9] (custom)
2024-12-14 12:23:16,060 INFO  server.RaftServerConfigKeys (ConfUtils.java:logGet(46)) - raft.server.notification.no-leader.timeout = 60s (default)
2024-12-14 12:23:16,062 INFO  server.RaftServerConfigKeys (ConfUtils.java:logGet(46)) - raft.server.threadpool.proxy.cached = true (default)
2024-12-14 12:23:16,062 INFO  server.RaftServerConfigKeys (ConfUtils.java:logGet(46)) - raft.server.threadpool.proxy.size = 0 (default)
2024-12-14 12:23:16,062 INFO  server.RaftServerConfigKeys (ConfUtils.java:logGet(46)) - raft.server.read.timeout = 10s (default)
2024-12-14 12:23:16,063 INFO  server.RaftServerConfigKeys (ConfUtils.java:logGet(46)) - raft.server.retrycache.expirytime = 60s (default)
2024-12-14 12:23:16,063 INFO  server.RaftServerConfigKeys (ConfUtils.java:logGet(46)) - raft.server.retrycache.statistics.expirytime = 100ms (default)
2024-12-14 12:23:16,063 INFO  server.RaftServerConfigKeys (ConfUtils.java:logGet(46)) - raft.server.read.option = DEFAULT (default)
2024-12-14 12:23:16,063 INFO  server.RaftServerConfigKeys (ConfUtils.java:logGet(46)) - raft.server.read.read-after-write-consistent.write-index-cache.expiry-time = 60s (default)
2024-12-14 12:23:16,074 INFO  server.RaftServer (RaftServerProxy.java:addNew(101)) - s9: addNew group-E0CF8C87AB81:[] returns group-E0CF8C87AB81:java.util.concurrent.CompletableFuture@acdcf71[Not completed]
2024-12-14 12:23:16,075 INFO  impl.MiniRaftCluster (MiniRaftCluster.java:newRaftServer(396)) - newRaftServer: s10, group-E0CF8C87AB81:[], format? true
2024-12-14 12:23:16,075 TRACE util.FileUtils (FileUtils.java:deleteFully(307)) - deleteFully target/test/data/da5193cb/MiniRaftClusterWithSimulatedRpced10c1e3/s10
2024-12-14 12:23:16,075 TRACE util.FileUtils (FileUtils.java:deleteFully(320)) - deleteFully: target/test/data/da5193cb/MiniRaftClusterWithSimulatedRpced10c1e3/s10 does not exist.
2024-12-14 12:23:16,076 INFO  impl.MiniRaftCluster (MiniRaftCluster.java:newRaftServer(401)) - Formatted directory target/test/data/da5193cb/MiniRaftClusterWithSimulatedRpced10c1e3/s10
2024-12-14 12:23:16,076 INFO  server.RaftServer (ConfUtils.java:logGet(46)) - raft.rpc.type = org.apache.ratis.server.simulation.SimulatedRpc (custom)
2024-12-14 12:23:16,077 INFO  impl.DataStreamServerImpl (ConfUtils.java:logGet(46)) - raft.datastream.type = DISABLED (default)
2024-12-14 12:23:16,077 INFO  server.RaftServerConfigKeys (ConfUtils.java:logGet(46)) - raft.server.sleep.deviation.threshold = 300ms (default)
2024-12-14 12:23:16,077 INFO  server.RaftServerConfigKeys (ConfUtils.java:logGet(46)) - raft.server.close.threshold = 60s (default)
2024-12-14 12:23:16,078 INFO  server.RaftServerConfigKeys (ConfUtils.java:logGet(46)) - raft.server.leaderelection.leader.step-down.wait-time = 10s (default)
2024-12-14 12:23:16,078 INFO  server.RaftServerConfigKeys (ConfUtils.java:logGet(46)) - raft.server.storage.dir = [/home/runner/work/ratis/ratis/ratis-examples/target/test/data/da5193cb/MiniRaftClusterWithSimulatedRpced10c1e3/s10] (custom)
2024-12-14 12:23:16,078 INFO  server.RaftServerConfigKeys (ConfUtils.java:logGet(46)) - raft.server.threadpool.proxy.cached = true (default)
2024-12-14 12:23:16,079 INFO  server.RaftServerConfigKeys (ConfUtils.java:logGet(46)) - raft.server.threadpool.proxy.size = 0 (default)
2024-12-14 12:23:16,079 INFO  server.RaftServer$Division (RaftServerImpl.java:<init>(256)) - s9: new RaftServerImpl for group-E0CF8C87AB81:[] with ArithmeticStateMachine:uninitialized
2024-12-14 12:23:16,080 INFO  server.RaftServerConfigKeys (ConfUtils.java:logGet(46)) - raft.server.rpc.timeout.min = 300ms (custom)
2024-12-14 12:23:16,080 INFO  server.RaftServerConfigKeys (ConfUtils.java:logGet(46)) - raft.server.rpc.timeout.max = 600ms (custom)
2024-12-14 12:23:16,080 INFO  server.RaftServerConfigKeys (ConfUtils.java:logGet(46)) - raft.server.rpc.sleep.time = 25ms (default)
2024-12-14 12:23:16,080 INFO  server.RaftServerConfigKeys (ConfUtils.java:logGet(46)) - raft.server.rpc.slowness.timeout = 60s (default)
2024-12-14 12:23:16,080 INFO  server.RaftServerConfigKeys (ConfUtils.java:logGet(46)) - raft.server.leaderelection.leader.step-down.wait-time = 10s (default)
2024-12-14 12:23:16,080 INFO  server.RaftServerConfigKeys (ConfUtils.java:logGet(46)) - raft.server.leaderelection.member.majority-add = false (default)
2024-12-14 12:23:16,080 INFO  server.RaftServerConfigKeys (ConfUtils.java:logGet(46)) - raft.server.sleep.deviation.threshold = 300ms (default)
2024-12-14 12:23:16,081 INFO  server.RaftServer$Division (ServerState.java:<init>(114)) - s9@group-E0CF8C87AB81: ConfigurationManager, init=conf: {index: -1, cur=peers:[]|listeners:[], old=null}, confs=<EMPTY_MAP>
2024-12-14 12:23:16,081 INFO  server.RaftServerConfigKeys (ConfUtils.java:logGet(46)) - raft.server.notification.no-leader.timeout = 60s (default)
2024-12-14 12:23:16,081 INFO  server.RaftServerConfigKeys (ConfUtils.java:logGet(46)) - raft.server.read.timeout = 10s (default)
2024-12-14 12:23:16,081 INFO  server.RaftServerConfigKeys (ConfUtils.java:logGet(46)) - raft.server.retrycache.expirytime = 60s (default)
2024-12-14 12:23:16,081 INFO  server.RaftServerConfigKeys (ConfUtils.java:logGet(46)) - raft.server.retrycache.statistics.expirytime = 100ms (default)
2024-12-14 12:23:16,082 INFO  server.RaftServerConfigKeys (ConfUtils.java:logGet(46)) - raft.server.read.option = DEFAULT (default)
2024-12-14 12:23:16,082 INFO  server.RaftServerConfigKeys (ConfUtils.java:logGet(46)) - raft.server.read.read-after-write-consistent.write-index-cache.expiry-time = 60s (default)
2024-12-14 12:23:16,086 INFO  server.RaftServer (RaftServerProxy.java:addNew(101)) - s10: addNew group-E0CF8C87AB81:[] returns group-E0CF8C87AB81:java.util.concurrent.CompletableFuture@f08fdce[Not completed]
2024-12-14 12:23:16,086 INFO  server.RaftServer$Division (RaftServerImpl.java:<init>(256)) - s10: new RaftServerImpl for group-E0CF8C87AB81:[] with ArithmeticStateMachine:uninitialized
2024-12-14 12:23:16,086 INFO  impl.MiniRaftCluster (MiniRaftCluster.java:newRaftServer(396)) - newRaftServer: s11, group-E0CF8C87AB81:[], format? true
2024-12-14 12:23:16,088 INFO  server.RaftServerConfigKeys (ConfUtils.java:logGet(46)) - raft.server.rpc.timeout.min = 300ms (custom)
2024-12-14 12:23:16,088 TRACE util.FileUtils (FileUtils.java:deleteFully(307)) - deleteFully target/test/data/da5193cb/MiniRaftClusterWithSimulatedRpced10c1e3/s11
2024-12-14 12:23:16,088 TRACE util.FileUtils (FileUtils.java:deleteFully(320)) - deleteFully: target/test/data/da5193cb/MiniRaftClusterWithSimulatedRpced10c1e3/s11 does not exist.
2024-12-14 12:23:16,088 INFO  impl.MiniRaftCluster (MiniRaftCluster.java:newRaftServer(401)) - Formatted directory target/test/data/da5193cb/MiniRaftClusterWithSimulatedRpced10c1e3/s11
2024-12-14 12:23:16,088 INFO  server.RaftServerConfigKeys (ConfUtils.java:logGet(46)) - raft.server.rpc.timeout.max = 600ms (custom)
2024-12-14 12:23:16,089 INFO  server.RaftServer (ConfUtils.java:logGet(46)) - raft.rpc.type = org.apache.ratis.server.simulation.SimulatedRpc (custom)
2024-12-14 12:23:16,089 INFO  server.RaftServerConfigKeys (ConfUtils.java:logGet(46)) - raft.server.rpc.sleep.time = 25ms (default)
2024-12-14 12:23:16,089 INFO  server.RaftServerConfigKeys (ConfUtils.java:logGet(46)) - raft.server.rpc.slowness.timeout = 60s (default)
2024-12-14 12:23:16,089 INFO  impl.DataStreamServerImpl (ConfUtils.java:logGet(46)) - raft.datastream.type = DISABLED (default)
2024-12-14 12:23:16,089 INFO  server.RaftServerConfigKeys (ConfUtils.java:logGet(46)) - raft.server.leaderelection.leader.step-down.wait-time = 10s (default)
2024-12-14 12:23:16,089 INFO  server.RaftServerConfigKeys (ConfUtils.java:logGet(46)) - raft.server.sleep.deviation.threshold = 300ms (default)
2024-12-14 12:23:16,090 INFO  server.RaftServerConfigKeys (ConfUtils.java:logGet(46)) - raft.server.leaderelection.member.majority-add = false (default)
2024-12-14 12:23:16,090 INFO  server.RaftServerConfigKeys (ConfUtils.java:logGet(46)) - raft.server.close.threshold = 60s (default)
2024-12-14 12:23:16,090 INFO  server.RaftServerConfigKeys (ConfUtils.java:logGet(46)) - raft.server.sleep.deviation.threshold = 300ms (default)
2024-12-14 12:23:16,090 INFO  server.RaftServerConfigKeys (ConfUtils.java:logGet(46)) - raft.server.leaderelection.leader.step-down.wait-time = 10s (default)
2024-12-14 12:23:16,090 INFO  server.RaftServer$Division (ServerState.java:<init>(114)) - s10@group-E0CF8C87AB81: ConfigurationManager, init=conf: {index: -1, cur=peers:[]|listeners:[], old=null}, confs=<EMPTY_MAP>
2024-12-14 12:23:16,091 INFO  server.RaftServerConfigKeys (ConfUtils.java:logGet(46)) - raft.server.storage.dir = [/home/runner/work/ratis/ratis/ratis-examples/target/test/data/da5193cb/MiniRaftClusterWithSimulatedRpced10c1e3/s11] (custom)
2024-12-14 12:23:16,091 INFO  server.RaftServerConfigKeys (ConfUtils.java:logGet(46)) - raft.server.threadpool.proxy.cached = true (default)
2024-12-14 12:23:16,091 INFO  server.RaftServerConfigKeys (ConfUtils.java:logGet(46)) - raft.server.threadpool.proxy.size = 0 (default)
2024-12-14 12:23:16,091 INFO  server.RaftServerConfigKeys (ConfUtils.java:logGet(46)) - raft.server.notification.no-leader.timeout = 60s (default)
2024-12-14 12:23:16,092 INFO  server.RaftServerConfigKeys (ConfUtils.java:logGet(46)) - raft.server.read.timeout = 10s (default)
2024-12-14 12:23:16,093 INFO  server.RaftServer$Division (RaftServerImpl.java:<init>(256)) - s11: new RaftServerImpl for group-E0CF8C87AB81:[] with ArithmeticStateMachine:uninitialized
2024-12-14 12:23:16,092 INFO  server.RaftServer (RaftServerProxy.java:addNew(101)) - s11: addNew group-E0CF8C87AB81:[] returns group-E0CF8C87AB81:java.util.concurrent.CompletableFuture@4492eede[Not completed]
2024-12-14 12:23:16,093 INFO  server.RaftServerConfigKeys (ConfUtils.java:logGet(46)) - raft.server.rpc.timeout.min = 300ms (custom)
2024-12-14 12:23:16,093 INFO  server.RaftServerConfigKeys (ConfUtils.java:logGet(46)) - raft.server.retrycache.expirytime = 60s (default)
2024-12-14 12:23:16,093 INFO  server.RaftServerConfigKeys (ConfUtils.java:logGet(46)) - raft.server.rpc.timeout.max = 600ms (custom)
2024-12-14 12:23:16,093 INFO  impl.MiniRaftCluster (MiniRaftCluster.java:newRaftServer(396)) - newRaftServer: s12, group-E0CF8C87AB81:[], format? true
2024-12-14 12:23:16,094 INFO  server.RaftServerConfigKeys (ConfUtils.java:logGet(46)) - raft.server.rpc.sleep.time = 25ms (default)
2024-12-14 12:23:16,093 INFO  server.RaftServerConfigKeys (ConfUtils.java:logGet(46)) - raft.server.retrycache.statistics.expirytime = 100ms (default)
2024-12-14 12:23:16,095 INFO  server.RaftServerConfigKeys (ConfUtils.java:logGet(46)) - raft.server.read.option = DEFAULT (default)
2024-12-14 12:23:16,095 INFO  server.RaftServerConfigKeys (ConfUtils.java:logGet(46)) - raft.server.read.read-after-write-consistent.write-index-cache.expiry-time = 60s (default)
2024-12-14 12:23:16,094 TRACE util.FileUtils (FileUtils.java:deleteFully(307)) - deleteFully target/test/data/da5193cb/MiniRaftClusterWithSimulatedRpced10c1e3/s12
2024-12-14 12:23:16,095 TRACE util.FileUtils (FileUtils.java:deleteFully(320)) - deleteFully: target/test/data/da5193cb/MiniRaftClusterWithSimulatedRpced10c1e3/s12 does not exist.
2024-12-14 12:23:16,096 INFO  impl.MiniRaftCluster (MiniRaftCluster.java:newRaftServer(401)) - Formatted directory target/test/data/da5193cb/MiniRaftClusterWithSimulatedRpced10c1e3/s12
2024-12-14 12:23:16,096 INFO  server.RaftServer (ConfUtils.java:logGet(46)) - raft.rpc.type = org.apache.ratis.server.simulation.SimulatedRpc (custom)
2024-12-14 12:23:16,096 INFO  impl.DataStreamServerImpl (ConfUtils.java:logGet(46)) - raft.datastream.type = DISABLED (default)
2024-12-14 12:23:16,097 INFO  server.RaftServerConfigKeys (ConfUtils.java:logGet(46)) - raft.server.sleep.deviation.threshold = 300ms (default)
2024-12-14 12:23:16,097 INFO  server.RaftServerConfigKeys (ConfUtils.java:logGet(46)) - raft.server.close.threshold = 60s (default)
2024-12-14 12:23:16,097 INFO  server.RaftServerConfigKeys (ConfUtils.java:logGet(46)) - raft.server.leaderelection.leader.step-down.wait-time = 10s (default)
2024-12-14 12:23:16,098 INFO  server.RaftServerConfigKeys (ConfUtils.java:logGet(46)) - raft.server.storage.dir = [/home/runner/work/ratis/ratis/ratis-examples/target/test/data/da5193cb/MiniRaftClusterWithSimulatedRpced10c1e3/s12] (custom)
2024-12-14 12:23:16,098 INFO  server.RaftServerConfigKeys (ConfUtils.java:logGet(46)) - raft.server.threadpool.proxy.cached = true (default)
2024-12-14 12:23:16,098 INFO  server.RaftServerConfigKeys (ConfUtils.java:logGet(46)) - raft.server.threadpool.proxy.size = 0 (default)
2024-12-14 12:23:16,101 INFO  server.RaftServerConfigKeys (ConfUtils.java:logGet(46)) - raft.server.rpc.slowness.timeout = 60s (default)
2024-12-14 12:23:16,101 INFO  server.RaftServerConfigKeys (ConfUtils.java:logGet(46)) - raft.server.leaderelection.leader.step-down.wait-time = 10s (default)
2024-12-14 12:23:16,101 INFO  server.RaftServerConfigKeys (ConfUtils.java:logGet(46)) - raft.server.leaderelection.member.majority-add = false (default)
2024-12-14 12:23:16,101 INFO  server.RaftServerConfigKeys (ConfUtils.java:logGet(46)) - raft.server.sleep.deviation.threshold = 300ms (default)
2024-12-14 12:23:16,101 INFO  server.RaftServer$Division (ServerState.java:<init>(114)) - s11@group-E0CF8C87AB81: ConfigurationManager, init=conf: {index: -1, cur=peers:[]|listeners:[], old=null}, confs=<EMPTY_MAP>
2024-12-14 12:23:16,101 INFO  server.RaftServerConfigKeys (ConfUtils.java:logGet(46)) - raft.server.notification.no-leader.timeout = 60s (default)
2024-12-14 12:23:16,102 INFO  server.RaftServerConfigKeys (ConfUtils.java:logGet(46)) - raft.server.read.timeout = 10s (default)
2024-12-14 12:23:16,106 INFO  server.RaftServerConfigKeys (ConfUtils.java:logGet(46)) - raft.server.retrycache.expirytime = 60s (default)
2024-12-14 12:23:16,106 INFO  server.RaftServerConfigKeys (ConfUtils.java:logGet(46)) - raft.server.retrycache.statistics.expirytime = 100ms (default)
2024-12-14 12:23:16,106 INFO  server.RaftServerConfigKeys (ConfUtils.java:logGet(46)) - raft.server.read.option = DEFAULT (default)
2024-12-14 12:23:16,106 INFO  server.RaftServerConfigKeys (ConfUtils.java:logGet(46)) - raft.server.read.read-after-write-consistent.write-index-cache.expiry-time = 60s (default)
2024-12-14 12:23:16,109 INFO  server.RaftServer (RaftServerProxy.java:addNew(101)) - s12: addNew group-E0CF8C87AB81:[] returns group-E0CF8C87AB81:java.util.concurrent.CompletableFuture@5c1f6d57[Not completed]
2024-12-14 12:23:16,110 INFO  impl.MiniRaftCluster (MiniRaftCluster.java:newRaftServer(396)) - newRaftServer: s13, group-E0CF8C87AB81:[], format? true
2024-12-14 12:23:16,110 TRACE util.FileUtils (FileUtils.java:deleteFully(307)) - deleteFully target/test/data/da5193cb/MiniRaftClusterWithSimulatedRpced10c1e3/s13
2024-12-14 12:23:16,110 TRACE util.FileUtils (FileUtils.java:deleteFully(320)) - deleteFully: target/test/data/da5193cb/MiniRaftClusterWithSimulatedRpced10c1e3/s13 does not exist.
2024-12-14 12:23:16,110 INFO  impl.MiniRaftCluster (MiniRaftCluster.java:newRaftServer(401)) - Formatted directory target/test/data/da5193cb/MiniRaftClusterWithSimulatedRpced10c1e3/s13
2024-12-14 12:23:16,111 INFO  server.RaftServer (ConfUtils.java:logGet(46)) - raft.rpc.type = org.apache.ratis.server.simulation.SimulatedRpc (custom)
2024-12-14 12:23:16,111 INFO  impl.DataStreamServerImpl (ConfUtils.java:logGet(46)) - raft.datastream.type = DISABLED (default)
2024-12-14 12:23:16,112 INFO  server.RaftServerConfigKeys (ConfUtils.java:logGet(46)) - raft.server.sleep.deviation.threshold = 300ms (default)
2024-12-14 12:23:16,112 INFO  server.RaftServerConfigKeys (ConfUtils.java:logGet(46)) - raft.server.close.threshold = 60s (default)
2024-12-14 12:23:16,112 INFO  server.RaftServerConfigKeys (ConfUtils.java:logGet(46)) - raft.server.leaderelection.leader.step-down.wait-time = 10s (default)
2024-12-14 12:23:16,113 INFO  server.RaftServerConfigKeys (ConfUtils.java:logGet(46)) - raft.server.storage.dir = [/home/runner/work/ratis/ratis/ratis-examples/target/test/data/da5193cb/MiniRaftClusterWithSimulatedRpced10c1e3/s13] (custom)
2024-12-14 12:23:16,113 INFO  server.RaftServerConfigKeys (ConfUtils.java:logGet(46)) - raft.server.threadpool.proxy.cached = true (default)
2024-12-14 12:23:16,113 INFO  server.RaftServerConfigKeys (ConfUtils.java:logGet(46)) - raft.server.threadpool.proxy.size = 0 (default)
2024-12-14 12:23:16,114 INFO  server.RaftServer$Division (RaftServerImpl.java:<init>(256)) - s12: new RaftServerImpl for group-E0CF8C87AB81:[] with ArithmeticStateMachine:uninitialized
2024-12-14 12:23:16,114 INFO  server.RaftServerConfigKeys (ConfUtils.java:logGet(46)) - raft.server.rpc.timeout.min = 300ms (custom)
2024-12-14 12:23:16,114 INFO  server.RaftServerConfigKeys (ConfUtils.java:logGet(46)) - raft.server.rpc.timeout.max = 600ms (custom)
2024-12-14 12:23:16,114 INFO  server.RaftServerConfigKeys (ConfUtils.java:logGet(46)) - raft.server.rpc.sleep.time = 25ms (default)
2024-12-14 12:23:16,114 INFO  server.RaftServerConfigKeys (ConfUtils.java:logGet(46)) - raft.server.rpc.slowness.timeout = 60s (default)
2024-12-14 12:23:16,115 INFO  server.RaftServerConfigKeys (ConfUtils.java:logGet(46)) - raft.server.leaderelection.leader.step-down.wait-time = 10s (default)
2024-12-14 12:23:16,115 INFO  server.RaftServerConfigKeys (ConfUtils.java:logGet(46)) - raft.server.leaderelection.member.majority-add = false (default)
2024-12-14 12:23:16,115 INFO  server.RaftServerConfigKeys (ConfUtils.java:logGet(46)) - raft.server.sleep.deviation.threshold = 300ms (default)
2024-12-14 12:23:16,115 INFO  server.RaftServer$Division (ServerState.java:<init>(114)) - s12@group-E0CF8C87AB81: ConfigurationManager, init=conf: {index: -1, cur=peers:[]|listeners:[], old=null}, confs=<EMPTY_MAP>
2024-12-14 12:23:16,115 INFO  server.RaftServerConfigKeys (ConfUtils.java:logGet(46)) - raft.server.notification.no-leader.timeout = 60s (default)
2024-12-14 12:23:16,115 INFO  server.RaftServerConfigKeys (ConfUtils.java:logGet(46)) - raft.server.read.timeout = 10s (default)
2024-12-14 12:23:16,116 INFO  server.RaftServerConfigKeys (ConfUtils.java:logGet(46)) - raft.server.retrycache.expirytime = 60s (default)
2024-12-14 12:23:16,116 INFO  server.RaftServerConfigKeys (ConfUtils.java:logGet(46)) - raft.server.retrycache.statistics.expirytime = 100ms (default)
2024-12-14 12:23:16,116 INFO  server.RaftServerConfigKeys (ConfUtils.java:logGet(46)) - raft.server.read.option = DEFAULT (default)
2024-12-14 12:23:16,116 INFO  server.RaftServerConfigKeys (ConfUtils.java:logGet(46)) - raft.server.read.read-after-write-consistent.write-index-cache.expiry-time = 60s (default)
2024-12-14 12:23:16,118 INFO  server.RaftServer (RaftServerProxy.java:addNew(101)) - s13: addNew group-E0CF8C87AB81:[] returns group-E0CF8C87AB81:java.util.concurrent.CompletableFuture@7be71476[Not completed]
2024-12-14 12:23:16,119 INFO  impl.MiniRaftCluster (MiniRaftCluster.java:newRaftServer(396)) - newRaftServer: s14, group-E0CF8C87AB81:[], format? true
2024-12-14 12:23:16,119 TRACE util.FileUtils (FileUtils.java:deleteFully(307)) - deleteFully target/test/data/da5193cb/MiniRaftClusterWithSimulatedRpced10c1e3/s14
2024-12-14 12:23:16,119 TRACE util.FileUtils (FileUtils.java:deleteFully(320)) - deleteFully: target/test/data/da5193cb/MiniRaftClusterWithSimulatedRpced10c1e3/s14 does not exist.
2024-12-14 12:23:16,120 INFO  impl.MiniRaftCluster (MiniRaftCluster.java:newRaftServer(401)) - Formatted directory target/test/data/da5193cb/MiniRaftClusterWithSimulatedRpced10c1e3/s14
2024-12-14 12:23:16,120 INFO  server.RaftServer (ConfUtils.java:logGet(46)) - raft.rpc.type = org.apache.ratis.server.simulation.SimulatedRpc (custom)
2024-12-14 12:23:16,121 INFO  impl.DataStreamServerImpl (ConfUtils.java:logGet(46)) - raft.datastream.type = DISABLED (default)
2024-12-14 12:23:16,121 INFO  server.RaftServerConfigKeys (ConfUtils.java:logGet(46)) - raft.server.sleep.deviation.threshold = 300ms (default)
2024-12-14 12:23:16,121 INFO  server.RaftServerConfigKeys (ConfUtils.java:logGet(46)) - raft.server.close.threshold = 60s (default)
2024-12-14 12:23:16,122 INFO  server.RaftServerConfigKeys (ConfUtils.java:logGet(46)) - raft.server.leaderelection.leader.step-down.wait-time = 10s (default)
2024-12-14 12:23:16,122 INFO  server.RaftServerConfigKeys (ConfUtils.java:logGet(46)) - raft.server.storage.dir = [/home/runner/work/ratis/ratis/ratis-examples/target/test/data/da5193cb/MiniRaftClusterWithSimulatedRpced10c1e3/s14] (custom)
2024-12-14 12:23:16,122 INFO  server.RaftServerConfigKeys (ConfUtils.java:logGet(46)) - raft.server.threadpool.proxy.cached = true (default)
2024-12-14 12:23:16,123 INFO  server.RaftServerConfigKeys (ConfUtils.java:logGet(46)) - raft.server.threadpool.proxy.size = 0 (default)
2024-12-14 12:23:16,127 INFO  server.RaftServer$Division (RaftServerImpl.java:<init>(256)) - s13: new RaftServerImpl for group-E0CF8C87AB81:[] with ArithmeticStateMachine:uninitialized
2024-12-14 12:23:16,127 INFO  server.RaftServerConfigKeys (ConfUtils.java:logGet(46)) - raft.server.rpc.timeout.min = 300ms (custom)
2024-12-14 12:23:16,128 INFO  server.RaftServerConfigKeys (ConfUtils.java:logGet(46)) - raft.server.rpc.timeout.max = 600ms (custom)
2024-12-14 12:23:16,128 INFO  server.RaftServerConfigKeys (ConfUtils.java:logGet(46)) - raft.server.rpc.sleep.time = 25ms (default)
2024-12-14 12:23:16,128 INFO  server.RaftServerConfigKeys (ConfUtils.java:logGet(46)) - raft.server.rpc.slowness.timeout = 60s (default)
2024-12-14 12:23:16,128 INFO  server.RaftServerConfigKeys (ConfUtils.java:logGet(46)) - raft.server.leaderelection.leader.step-down.wait-time = 10s (default)
2024-12-14 12:23:16,128 INFO  server.RaftServerConfigKeys (ConfUtils.java:logGet(46)) - raft.server.leaderelection.member.majority-add = false (default)
2024-12-14 12:23:16,128 INFO  server.RaftServerConfigKeys (ConfUtils.java:logGet(46)) - raft.server.sleep.deviation.threshold = 300ms (default)
2024-12-14 12:23:16,128 INFO  server.RaftServer$Division (ServerState.java:<init>(114)) - s13@group-E0CF8C87AB81: ConfigurationManager, init=conf: {index: -1, cur=peers:[]|listeners:[], old=null}, confs=<EMPTY_MAP>
2024-12-14 12:23:16,129 INFO  server.RaftServerConfigKeys (ConfUtils.java:logGet(46)) - raft.server.notification.no-leader.timeout = 60s (default)
2024-12-14 12:23:16,129 INFO  server.RaftServerConfigKeys (ConfUtils.java:logGet(46)) - raft.server.read.timeout = 10s (default)
2024-12-14 12:23:16,129 INFO  server.RaftServerConfigKeys (ConfUtils.java:logGet(46)) - raft.server.retrycache.expirytime = 60s (default)
2024-12-14 12:23:16,129 INFO  server.RaftServerConfigKeys (ConfUtils.java:logGet(46)) - raft.server.retrycache.statistics.expirytime = 100ms (default)
2024-12-14 12:23:16,129 INFO  server.RaftServerConfigKeys (ConfUtils.java:logGet(46)) - raft.server.read.option = DEFAULT (default)
2024-12-14 12:23:16,129 INFO  server.RaftServerConfigKeys (ConfUtils.java:logGet(46)) - raft.server.read.read-after-write-consistent.write-index-cache.expiry-time = 60s (default)
2024-12-14 12:23:16,134 INFO  server.RaftServer (RaftServerProxy.java:addNew(101)) - s14: addNew group-E0CF8C87AB81:[] returns group-E0CF8C87AB81:java.util.concurrent.CompletableFuture@5580d62f[Not completed]
2024-12-14 12:23:16,135 INFO  impl.GroupManagementBaseTest (GroupManagementBaseTest.java:runMultiGroupTest(260)) - putNewServer: printing ALL groups
  s3:      NEW group-E0CF8C87AB81:java.util.concurrent.CompletableFuture@642505c7[Not completed]
  s4:      NEW group-E0CF8C87AB81:java.util.concurrent.CompletableFuture@61d84e08[Not completed]
  s5:      NEW group-E0CF8C87AB81:java.util.concurrent.CompletableFuture@52d6cd34[Not completed]
  s6:      NEW group-E0CF8C87AB81:java.util.concurrent.CompletableFuture@6428591a[Not completed]
  s7:      NEW group-E0CF8C87AB81:java.util.concurrent.CompletableFuture@2a685eba[Not completed]
  s8:      NEW group-E0CF8C87AB81:java.util.concurrent.CompletableFuture@75a118e6[Not completed]
  s9:      NEW group-E0CF8C87AB81:java.util.concurrent.CompletableFuture@acdcf71[Not completed]
  s11:      NEW group-E0CF8C87AB81:java.util.concurrent.CompletableFuture@4492eede[Not completed]
  s10:      NEW group-E0CF8C87AB81:java.util.concurrent.CompletableFuture@f08fdce[Not completed]
  s13:      NEW group-E0CF8C87AB81:java.util.concurrent.CompletableFuture@7be71476[Not completed]
  s12:      NEW group-E0CF8C87AB81:java.util.concurrent.CompletableFuture@5c1f6d57[Not completed]
  s14:      NEW group-E0CF8C87AB81:java.util.concurrent.CompletableFuture@5580d62f[Not completed]
  s0:      NEW group-E0CF8C87AB81:java.util.concurrent.CompletableFuture@43f0c2d1[Not completed]
  s1:      NEW group-E0CF8C87AB81:java.util.concurrent.CompletableFuture@7a904f32[Not completed]
  s2:      NEW group-E0CF8C87AB81:java.util.concurrent.CompletableFuture@4eed2acf[Not completed]
2024-12-14 12:23:16,135 INFO  server.RaftServer$Division (RaftServerImpl.java:<init>(256)) - s14: new RaftServerImpl for group-E0CF8C87AB81:[] with ArithmeticStateMachine:uninitialized
2024-12-14 12:23:16,135 INFO  server.RaftServerConfigKeys (ConfUtils.java:logGet(46)) - raft.server.rpc.timeout.min = 300ms (custom)
2024-12-14 12:23:16,135 INFO  server.RaftServerConfigKeys (ConfUtils.java:logGet(46)) - raft.server.rpc.timeout.max = 600ms (custom)
2024-12-14 12:23:16,135 INFO  server.RaftServerConfigKeys (ConfUtils.java:logGet(46)) - raft.server.rpc.sleep.time = 25ms (default)
2024-12-14 12:23:16,136 INFO  server.RaftServerConfigKeys (ConfUtils.java:logGet(46)) - raft.server.rpc.slowness.timeout = 60s (default)
2024-12-14 12:23:16,136 INFO  server.RaftServerConfigKeys (ConfUtils.java:logGet(46)) - raft.server.leaderelection.leader.step-down.wait-time = 10s (default)
2024-12-14 12:23:16,136 INFO  server.RaftServerConfigKeys (ConfUtils.java:logGet(46)) - raft.server.leaderelection.member.majority-add = false (default)
2024-12-14 12:23:16,136 INFO  server.RaftServerConfigKeys (ConfUtils.java:logGet(46)) - raft.server.sleep.deviation.threshold = 300ms (default)
2024-12-14 12:23:16,136 INFO  server.RaftServer$Division (ServerState.java:<init>(114)) - s14@group-E0CF8C87AB81: ConfigurationManager, init=conf: {index: -1, cur=peers:[]|listeners:[], old=null}, confs=<EMPTY_MAP>
2024-12-14 12:23:16,136 INFO  server.RaftServerConfigKeys (ConfUtils.java:logGet(46)) - raft.server.notification.no-leader.timeout = 60s (default)
2024-12-14 12:23:16,136 INFO  server.RaftServerConfigKeys (ConfUtils.java:logGet(46)) - raft.server.read.timeout = 10s (default)
2024-12-14 12:23:16,136 INFO  server.RaftServerConfigKeys (ConfUtils.java:logGet(46)) - raft.server.retrycache.expirytime = 60s (default)
2024-12-14 12:23:16,143 INFO  server.RaftServerConfigKeys (ConfUtils.java:logGet(46)) - raft.server.retrycache.statistics.expirytime = 100ms (default)
2024-12-14 12:23:16,143 INFO  server.RaftServerConfigKeys (ConfUtils.java:logGet(46)) - raft.server.read.option = DEFAULT (default)
2024-12-14 12:23:16,144 INFO  server.RaftServerConfigKeys (ConfUtils.java:logGet(46)) - raft.server.read.read-after-write-consistent.write-index-cache.expiry-time = 60s (default)
2024-12-14 12:23:16,147 INFO  server.RaftServerConfigKeys (ConfUtils.java:logGet(46)) - raft.server.rpc.request.timeout = 3000ms (default)
2024-12-14 12:23:16,150 INFO  server.RaftServerConfigKeys (ConfUtils.java:logGet(46)) - raft.server.rpc.request.timeout = 3000ms (default)
2024-12-14 12:23:16,151 INFO  server.RaftServerConfigKeys (ConfUtils.java:logGet(46)) - raft.server.rpc.request.timeout = 3000ms (default)
2024-12-14 12:23:16,151 INFO  server.RaftServerConfigKeys (ConfUtils.java:logGet(46)) - raft.server.rpc.request.timeout = 3000ms (default)
2024-12-14 12:23:16,153 INFO  server.RaftServerConfigKeys (ConfUtils.java:logGet(46)) - raft.server.log.appender.install.snapshot.enabled = true (default)
2024-12-14 12:23:16,153 INFO  server.RaftServerConfigKeys (ConfUtils.java:logGet(46)) - raft.server.threadpool.server.cached = true (default)
2024-12-14 12:23:16,154 INFO  server.RaftServerConfigKeys (ConfUtils.java:logGet(46)) - raft.server.threadpool.server.size = 0 (default)
2024-12-14 12:23:16,154 INFO  server.RaftServerConfigKeys (ConfUtils.java:logGet(46)) - raft.server.threadpool.client.cached = true (default)
2024-12-14 12:23:16,154 INFO  server.RaftServerConfigKeys (ConfUtils.java:logGet(46)) - raft.server.threadpool.client.size = 0 (default)
2024-12-14 12:23:16,155 INFO  server.RaftServerConfigKeys (ConfUtils.java:logGet(46)) - raft.server.log.appender.install.snapshot.enabled = true (default)
2024-12-14 12:23:16,155 INFO  server.RaftServerConfigKeys (ConfUtils.java:logGet(46)) - raft.server.threadpool.server.cached = true (default)
2024-12-14 12:23:16,155 INFO  server.RaftServerConfigKeys (ConfUtils.java:logGet(46)) - raft.server.threadpool.server.size = 0 (default)
2024-12-14 12:23:16,155 INFO  server.RaftServerConfigKeys (ConfUtils.java:logGet(46)) - raft.server.threadpool.client.cached = true (default)
2024-12-14 12:23:16,155 INFO  server.RaftServerConfigKeys (ConfUtils.java:logGet(46)) - raft.server.threadpool.client.size = 0 (default)
2024-12-14 12:23:16,155 INFO  server.RaftServerConfigKeys (ConfUtils.java:logGet(46)) - raft.server.log.appender.install.snapshot.enabled = true (default)
2024-12-14 12:23:16,155 INFO  server.RaftServerConfigKeys (ConfUtils.java:logGet(46)) - raft.server.threadpool.server.cached = true (default)
2024-12-14 12:23:16,155 INFO  server.RaftServerConfigKeys (ConfUtils.java:logGet(46)) - raft.server.threadpool.server.size = 0 (default)
2024-12-14 12:23:16,156 INFO  server.RaftServerConfigKeys (ConfUtils.java:logGet(46)) - raft.server.threadpool.client.cached = true (default)
2024-12-14 12:23:16,156 INFO  server.RaftServerConfigKeys (ConfUtils.java:logGet(46)) - raft.server.threadpool.client.size = 0 (default)
2024-12-14 12:23:16,156 INFO  server.RaftServerConfigKeys (ConfUtils.java:logGet(46)) - raft.server.log.appender.install.snapshot.enabled = true (default)
2024-12-14 12:23:16,156 INFO  server.RaftServerConfigKeys (ConfUtils.java:logGet(46)) - raft.server.threadpool.server.cached = true (default)
2024-12-14 12:23:16,156 INFO  server.RaftServerConfigKeys (ConfUtils.java:logGet(46)) - raft.server.threadpool.server.size = 0 (default)
2024-12-14 12:23:16,156 INFO  server.RaftServerConfigKeys (ConfUtils.java:logGet(46)) - raft.server.threadpool.client.cached = true (default)
2024-12-14 12:23:16,156 INFO  server.RaftServerConfigKeys (ConfUtils.java:logGet(46)) - raft.server.threadpool.client.size = 0 (default)
2024-12-14 12:23:16,158 INFO  server.RaftServerConfigKeys (ConfUtils.java:logGet(46)) - raft.server.rpc.request.timeout = 3000ms (default)
2024-12-14 12:23:16,158 INFO  server.RaftServerConfigKeys (ConfUtils.java:logGet(46)) - raft.server.log.appender.install.snapshot.enabled = true (default)
2024-12-14 12:23:16,158 INFO  server.RaftServerConfigKeys (ConfUtils.java:logGet(46)) - raft.server.threadpool.server.cached = true (default)
2024-12-14 12:23:16,158 INFO  server.RaftServerConfigKeys (ConfUtils.java:logGet(46)) - raft.server.rpc.request.timeout = 3000ms (default)
2024-12-14 12:23:16,158 INFO  server.RaftServerConfigKeys (ConfUtils.java:logGet(46)) - raft.server.threadpool.server.size = 0 (default)
2024-12-14 12:23:16,158 INFO  server.RaftServerConfigKeys (ConfUtils.java:logGet(46)) - raft.server.threadpool.client.cached = true (default)
2024-12-14 12:23:16,159 INFO  server.RaftServerConfigKeys (ConfUtils.java:logGet(46)) - raft.server.threadpool.client.size = 0 (default)
2024-12-14 12:23:16,158 INFO  server.RaftServerConfigKeys (ConfUtils.java:logGet(46)) - raft.server.log.appender.install.snapshot.enabled = true (default)
2024-12-14 12:23:16,159 INFO  server.RaftServerConfigKeys (ConfUtils.java:logGet(46)) - raft.server.threadpool.server.cached = true (default)
2024-12-14 12:23:16,159 INFO  server.RaftServerConfigKeys (ConfUtils.java:logGet(46)) - raft.server.threadpool.server.size = 0 (default)
2024-12-14 12:23:16,159 INFO  server.RaftServerConfigKeys (ConfUtils.java:logGet(46)) - raft.server.threadpool.client.cached = true (default)
2024-12-14 12:23:16,159 INFO  server.RaftServerConfigKeys (ConfUtils.java:logGet(46)) - raft.server.threadpool.client.size = 0 (default)
2024-12-14 12:23:16,158 INFO  server.RaftServerConfigKeys (ConfUtils.java:logGet(46)) - raft.server.rpc.request.timeout = 3000ms (default)
2024-12-14 12:23:16,159 INFO  server.RaftServerConfigKeys (ConfUtils.java:logGet(46)) - raft.server.log.appender.install.snapshot.enabled = true (default)
2024-12-14 12:23:16,160 INFO  server.RaftServerConfigKeys (ConfUtils.java:logGet(46)) - raft.server.threadpool.server.cached = true (default)
2024-12-14 12:23:16,160 INFO  server.RaftServerConfigKeys (ConfUtils.java:logGet(46)) - raft.server.threadpool.server.size = 0 (default)
2024-12-14 12:23:16,160 INFO  server.RaftServerConfigKeys (ConfUtils.java:logGet(46)) - raft.server.threadpool.client.cached = true (default)
2024-12-14 12:23:16,160 INFO  server.RaftServerConfigKeys (ConfUtils.java:logGet(46)) - raft.server.threadpool.client.size = 0 (default)
2024-12-14 12:23:16,164 INFO  server.RaftServerConfigKeys (ConfUtils.java:logGet(46)) - raft.server.rpc.request.timeout = 3000ms (default)
2024-12-14 12:23:16,164 INFO  server.RaftServerConfigKeys (ConfUtils.java:logGet(46)) - raft.server.log.appender.install.snapshot.enabled = true (default)
2024-12-14 12:23:16,164 INFO  server.RaftServerConfigKeys (ConfUtils.java:logGet(46)) - raft.server.threadpool.server.cached = true (default)
2024-12-14 12:23:16,164 INFO  server.RaftServerConfigKeys (ConfUtils.java:logGet(46)) - raft.server.threadpool.server.size = 0 (default)
2024-12-14 12:23:16,164 INFO  server.RaftServerConfigKeys (ConfUtils.java:logGet(46)) - raft.server.threadpool.client.cached = true (default)
2024-12-14 12:23:16,164 INFO  server.RaftServerConfigKeys (ConfUtils.java:logGet(46)) - raft.server.threadpool.client.size = 0 (default)
2024-12-14 12:23:16,165 INFO  server.RaftServerConfigKeys (ConfUtils.java:logGet(46)) - raft.server.rpc.request.timeout = 3000ms (default)
2024-12-14 12:23:16,165 INFO  server.RaftServerConfigKeys (ConfUtils.java:logGet(46)) - raft.server.log.appender.install.snapshot.enabled = true (default)
2024-12-14 12:23:16,165 INFO  server.RaftServerConfigKeys (ConfUtils.java:logGet(46)) - raft.server.threadpool.server.cached = true (default)
2024-12-14 12:23:16,166 INFO  server.RaftServerConfigKeys (ConfUtils.java:logGet(46)) - raft.server.threadpool.server.size = 0 (default)
2024-12-14 12:23:16,166 INFO  server.RaftServerConfigKeys (ConfUtils.java:logGet(46)) - raft.server.threadpool.client.cached = true (default)
2024-12-14 12:23:16,166 INFO  server.RaftServerConfigKeys (ConfUtils.java:logGet(46)) - raft.server.threadpool.client.size = 0 (default)
2024-12-14 12:23:16,168 INFO  server.RaftServerConfigKeys (ConfUtils.java:logGet(46)) - raft.server.rpc.request.timeout = 3000ms (default)
2024-12-14 12:23:16,168 INFO  server.RaftServerConfigKeys (ConfUtils.java:logGet(46)) - raft.server.log.appender.install.snapshot.enabled = true (default)
2024-12-14 12:23:16,169 INFO  server.RaftServerConfigKeys (ConfUtils.java:logGet(46)) - raft.server.threadpool.server.cached = true (default)
2024-12-14 12:23:16,169 INFO  server.RaftServerConfigKeys (ConfUtils.java:logGet(46)) - raft.server.threadpool.server.size = 0 (default)
2024-12-14 12:23:16,169 INFO  server.RaftServerConfigKeys (ConfUtils.java:logGet(46)) - raft.server.threadpool.client.cached = true (default)
2024-12-14 12:23:16,169 INFO  server.RaftServerConfigKeys (ConfUtils.java:logGet(46)) - raft.server.threadpool.client.size = 0 (default)
2024-12-14 12:23:16,170 INFO  server.RaftServerConfigKeys (ConfUtils.java:logGet(46)) - raft.server.rpc.request.timeout = 3000ms (default)
2024-12-14 12:23:16,170 INFO  server.RaftServerConfigKeys (ConfUtils.java:logGet(46)) - raft.server.log.appender.install.snapshot.enabled = true (default)
2024-12-14 12:23:16,170 INFO  server.RaftServerConfigKeys (ConfUtils.java:logGet(46)) - raft.server.threadpool.server.cached = true (default)
2024-12-14 12:23:16,170 INFO  server.RaftServerConfigKeys (ConfUtils.java:logGet(46)) - raft.server.threadpool.server.size = 0 (default)
2024-12-14 12:23:16,170 INFO  server.RaftServerConfigKeys (ConfUtils.java:logGet(46)) - raft.server.threadpool.client.cached = true (default)
2024-12-14 12:23:16,170 INFO  server.RaftServerConfigKeys (ConfUtils.java:logGet(46)) - raft.server.threadpool.client.size = 0 (default)
2024-12-14 12:23:16,171 INFO  server.RaftServerConfigKeys (ConfUtils.java:logGet(46)) - raft.server.rpc.request.timeout = 3000ms (default)
2024-12-14 12:23:16,172 INFO  server.RaftServerConfigKeys (ConfUtils.java:logGet(46)) - raft.server.log.appender.install.snapshot.enabled = true (default)
2024-12-14 12:23:16,172 INFO  server.RaftServerConfigKeys (ConfUtils.java:logGet(46)) - raft.server.threadpool.server.cached = true (default)
2024-12-14 12:23:16,172 INFO  server.RaftServerConfigKeys (ConfUtils.java:logGet(46)) - raft.server.threadpool.server.size = 0 (default)
2024-12-14 12:23:16,172 INFO  server.RaftServerConfigKeys (ConfUtils.java:logGet(46)) - raft.server.threadpool.client.cached = true (default)
2024-12-14 12:23:16,173 INFO  server.RaftServerConfigKeys (ConfUtils.java:logGet(46)) - raft.server.threadpool.client.size = 0 (default)
2024-12-14 12:23:16,174 INFO  server.RaftServerConfigKeys (ConfUtils.java:logGet(46)) - raft.server.rpc.request.timeout = 3000ms (default)
2024-12-14 12:23:16,174 INFO  server.RaftServerConfigKeys (ConfUtils.java:logGet(46)) - raft.server.log.appender.install.snapshot.enabled = true (default)
2024-12-14 12:23:16,174 INFO  server.RaftServerConfigKeys (ConfUtils.java:logGet(46)) - raft.server.threadpool.server.cached = true (default)
2024-12-14 12:23:16,174 INFO  server.RaftServerConfigKeys (ConfUtils.java:logGet(46)) - raft.server.threadpool.server.size = 0 (default)
2024-12-14 12:23:16,174 INFO  server.RaftServerConfigKeys (ConfUtils.java:logGet(46)) - raft.server.threadpool.client.cached = true (default)
2024-12-14 12:23:16,175 INFO  server.RaftServerConfigKeys (ConfUtils.java:logGet(46)) - raft.server.threadpool.client.size = 0 (default)
2024-12-14 12:23:16,179 INFO  server.RaftServerConfigKeys (ConfUtils.java:logGet(46)) - raft.server.rpc.request.timeout = 3000ms (default)
2024-12-14 12:23:16,179 INFO  server.RaftServerConfigKeys (ConfUtils.java:logGet(46)) - raft.server.log.appender.install.snapshot.enabled = true (default)
2024-12-14 12:23:16,179 INFO  server.RaftServerConfigKeys (ConfUtils.java:logGet(46)) - raft.server.threadpool.server.cached = true (default)
2024-12-14 12:23:16,179 INFO  server.RaftServerConfigKeys (ConfUtils.java:logGet(46)) - raft.server.threadpool.server.size = 0 (default)
2024-12-14 12:23:16,180 INFO  server.RaftServerConfigKeys (ConfUtils.java:logGet(46)) - raft.server.threadpool.client.cached = true (default)
2024-12-14 12:23:16,180 INFO  server.RaftServerConfigKeys (ConfUtils.java:logGet(46)) - raft.server.rpc.request.timeout = 3000ms (default)
2024-12-14 12:23:16,180 INFO  server.RaftServerConfigKeys (ConfUtils.java:logGet(46)) - raft.server.threadpool.client.size = 0 (default)
2024-12-14 12:23:16,180 INFO  server.RaftServerConfigKeys (ConfUtils.java:logGet(46)) - raft.server.log.appender.install.snapshot.enabled = true (default)
2024-12-14 12:23:16,180 INFO  server.RaftServerConfigKeys (ConfUtils.java:logGet(46)) - raft.server.threadpool.server.cached = true (default)
2024-12-14 12:23:16,180 INFO  server.RaftServerConfigKeys (ConfUtils.java:logGet(46)) - raft.server.threadpool.server.size = 0 (default)
2024-12-14 12:23:16,180 INFO  server.RaftServerConfigKeys (ConfUtils.java:logGet(46)) - raft.server.threadpool.client.cached = true (default)
2024-12-14 12:23:16,180 INFO  server.RaftServerConfigKeys (ConfUtils.java:logGet(46)) - raft.server.threadpool.client.size = 0 (default)
2024-12-14 12:23:17,135 INFO  impl.MiniRaftCluster (MiniRaftCluster.java:start(352)) - .............................................................. 
2024-12-14 12:23:17,136 INFO  impl.MiniRaftCluster (MiniRaftCluster.java:start(353)) - ... 
2024-12-14 12:23:17,136 INFO  impl.MiniRaftCluster (MiniRaftCluster.java:start(354)) - ...     Starting MiniRaftClusterWithSimulatedRpc
2024-12-14 12:23:17,136 INFO  impl.MiniRaftCluster (MiniRaftCluster.java:start(355)) - ... 
2024-12-14 12:23:17,136 INFO  impl.MiniRaftCluster (MiniRaftCluster.java:start(356)) - .............................................................. 
2024-12-14 12:23:17,137 INFO  impl.MiniRaftCluster (MiniRaftCluster.java:initServers(331)) - servers = {s3=s3:      NEW      null s3@group-E0CF8C87AB81:t0, leader=null, voted=null, raftlog=UNINITIALIZED, conf=conf: {index: -1, cur=peers:[]|listeners:[], old=null} NEW, s4=s4:      NEW      null s4@group-E0CF8C87AB81:t0, leader=null, voted=null, raftlog=UNINITIALIZED, conf=conf: {index: -1, cur=peers:[]|listeners:[], old=null} NEW, s5=s5:      NEW      null s5@group-E0CF8C87AB81:t0, leader=null, voted=null, raftlog=UNINITIALIZED, conf=conf: {index: -1, cur=peers:[]|listeners:[], old=null} NEW, s6=s6:      NEW      null s6@group-E0CF8C87AB81:t0, leader=null, voted=null, raftlog=UNINITIALIZED, conf=conf: {index: -1, cur=peers:[]|listeners:[], old=null} NEW, s7=s7:      NEW      null s7@group-E0CF8C87AB81:t0, leader=null, voted=null, raftlog=UNINITIALIZED, conf=conf: {index: -1, cur=peers:[]|listeners:[], old=null} NEW, s8=s8:      NEW      null s8@group-E0CF8C87AB81:t0, leader=null, voted=null, raftlog=UNINITIALIZED, conf=conf: {index: -1, cur=peers:[]|listeners:[], old=null} NEW, s9=s9:      NEW      null s9@group-E0CF8C87AB81:t0, leader=null, voted=null, raftlog=UNINITIALIZED, conf=conf: {index: -1, cur=peers:[]|listeners:[], old=null} NEW, s11=s11:      NEW      null s11@group-E0CF8C87AB81:t0, leader=null, voted=null, raftlog=UNINITIALIZED, conf=conf: {index: -1, cur=peers:[]|listeners:[], old=null} NEW, s10=s10:      NEW      null s10@group-E0CF8C87AB81:t0, leader=null, voted=null, raftlog=UNINITIALIZED, conf=conf: {index: -1, cur=peers:[]|listeners:[], old=null} NEW, s13=s13:      NEW      null s13@group-E0CF8C87AB81:t0, leader=null, voted=null, raftlog=UNINITIALIZED, conf=conf: {index: -1, cur=peers:[]|listeners:[], old=null} NEW, s12=s12:      NEW      null s12@group-E0CF8C87AB81:t0, leader=null, voted=null, raftlog=UNINITIALIZED, conf=conf: {index: -1, cur=peers:[]|listeners:[], old=null} NEW, s14=s14:      NEW      null s14@group-E0CF8C87AB81:t0, leader=null, voted=null, raftlog=UNINITIALIZED, conf=conf: {index: -1, cur=peers:[]|listeners:[], old=null} NEW, s0=s0:      NEW      null s0@group-E0CF8C87AB81:t0, leader=null, voted=null, raftlog=UNINITIALIZED, conf=conf: {index: -1, cur=peers:[]|listeners:[], old=null} NEW, s1=s1:      NEW      null s1@group-E0CF8C87AB81:t0, leader=null, voted=null, raftlog=UNINITIALIZED, conf=conf: {index: -1, cur=peers:[]|listeners:[], old=null} NEW, s2=s2:      NEW      null s2@group-E0CF8C87AB81:t0, leader=null, voted=null, raftlog=UNINITIALIZED, conf=conf: {index: -1, cur=peers:[]|listeners:[], old=null} NEW}
2024-12-14 12:23:17,142 INFO  server.RaftServerConfigKeys (ConfUtils.java:logGet(46)) - raft.server.storage.free-space.min = 0MB (=0) (default)
2024-12-14 12:23:17,144 INFO  server.RaftServerConfigKeys (ConfUtils.java:logGet(46)) - raft.server.log.corruption.policy = EXCEPTION (default)
2024-12-14 12:23:17,144 INFO  server.RaftServerConfigKeys (ConfUtils.java:logGet(46)) - raft.server.storage.dir = [/home/runner/work/ratis/ratis/ratis-examples/target/test/data/da5193cb/MiniRaftClusterWithSimulatedRpced10c1e3/s3] (custom)
2024-12-14 12:23:17,150 INFO  storage.RaftStorageDirectory (RaftStorageDirectoryImpl.java:analyzeStorage(138)) - The storage directory /home/runner/work/ratis/ratis/ratis-examples/target/test/data/da5193cb/MiniRaftClusterWithSimulatedRpced10c1e3/s3/13ca47b2-d3ce-472f-ae05-e0cf8c87ab81 does not exist. Creating ...
2024-12-14 12:23:17,151 TRACE util.FileUtils (LogUtils.java:runAndLog(49)) - Successfully ran Files.createDirectories /home/runner/work/ratis/ratis/ratis-examples/target/test/data/da5193cb/MiniRaftClusterWithSimulatedRpced10c1e3/s3/13ca47b2-d3ce-472f-ae05-e0cf8c87ab81
2024-12-14 12:23:17,154 INFO  storage.RaftStorageDirectory (RaftStorageDirectoryImpl.java:tryLock(229)) - Lock on /home/runner/work/ratis/ratis/ratis-examples/target/test/data/da5193cb/MiniRaftClusterWithSimulatedRpced10c1e3/s3/13ca47b2-d3ce-472f-ae05-e0cf8c87ab81/in_use.lock acquired by nodename 14700@fv-az733-880
2024-12-14 12:23:17,154 TRACE util.FileUtils (LogUtils.java:runAndLog(49)) - Successfully ran Files.createDirectories /home/runner/work/ratis/ratis/ratis-examples/target/test/data/da5193cb/MiniRaftClusterWithSimulatedRpced10c1e3/s3/13ca47b2-d3ce-472f-ae05-e0cf8c87ab81/current
2024-12-14 12:23:17,154 TRACE util.FileUtils (LogUtils.java:runAndLog(49)) - Successfully ran Files.createDirectories /home/runner/work/ratis/ratis/ratis-examples/target/test/data/da5193cb/MiniRaftClusterWithSimulatedRpced10c1e3/s3/13ca47b2-d3ce-472f-ae05-e0cf8c87ab81/sm
2024-12-14 12:23:17,213 TRACE util.FileUtils (LogUtils.java:supplyAndLog(69)) - Successfully supplied FileChannel.open /home/runner/work/ratis/ratis/ratis-examples/target/test/data/da5193cb/MiniRaftClusterWithSimulatedRpced10c1e3/s3/13ca47b2-d3ce-472f-ae05-e0cf8c87ab81/current/raft-meta.tmp with options [CREATE, WRITE]: sun.nio.ch.FileChannelImpl@68212297
2024-12-14 12:23:17,218 TRACE util.FileUtils (LogUtils.java:runAndLog(49)) - Successfully ran Atomic Files.move /home/runner/work/ratis/ratis/ratis-examples/target/test/data/da5193cb/MiniRaftClusterWithSimulatedRpced10c1e3/s3/13ca47b2-d3ce-472f-ae05-e0cf8c87ab81/current/raft-meta.tmp to /home/runner/work/ratis/ratis/ratis-examples/target/test/data/da5193cb/MiniRaftClusterWithSimulatedRpced10c1e3/s3/13ca47b2-d3ce-472f-ae05-e0cf8c87ab81/current/raft-meta with options [REPLACE_EXISTING]
2024-12-14 12:23:17,218 INFO  storage.RaftStorage (RaftStorageImpl.java:format(98)) - Storage directory /home/runner/work/ratis/ratis/ratis-examples/target/test/data/da5193cb/MiniRaftClusterWithSimulatedRpced10c1e3/s3/13ca47b2-d3ce-472f-ae05-e0cf8c87ab81 has been successfully formatted.
2024-12-14 12:23:17,220 WARN  statemachine.StateMachine (ArithmeticStateMachine.java:loadSnapshot(115)) - The snapshot info is null.
2024-12-14 12:23:17,222 INFO  server.RaftServerConfigKeys (ConfUtils.java:logGet(46)) - raft.server.log.use.memory = false (default)
2024-12-14 12:23:17,232 INFO  server.RaftServerConfigKeys (ConfUtils.java:logGet(46)) - raft.server.log.purge.gap = 1024 (default)
2024-12-14 12:23:17,233 INFO  server.RaftServerConfigKeys (ConfUtils.java:logGet(46)) - raft.server.log.appender.buffer.byte-limit = 4MB (=4194304) (default)
2024-12-14 12:23:17,234 INFO  server.RaftServerConfigKeys (ConfUtils.java:logGet(46)) - raft.server.log.statemachine.data.read.timeout = 1000ms (default)
2024-12-14 12:23:17,234 INFO  server.RaftServerConfigKeys (ConfUtils.java:logGet(46)) - raft.server.log.purge.preservation.log.num = 0 (default)
2024-12-14 12:23:17,238 INFO  server.RaftServerConfigKeys (ConfUtils.java:logGet(46)) - raft.server.log.segment.size.max = 32MB (=33554432) (default)
2024-12-14 12:23:17,246 INFO  server.RaftServerConfigKeys (ConfUtils.java:logGet(46)) - raft.server.log.segment.cache.num.max = 6 (default)
2024-12-14 12:23:17,246 INFO  server.RaftServerConfigKeys (ConfUtils.java:logGet(46)) - raft.server.log.segment.cache.size.max = 200MB (=209715200) (default)
2024-12-14 12:23:17,246 INFO  server.RaftServerConfigKeys (ConfUtils.java:logGet(46)) - raft.server.log.appender.buffer.byte-limit = 4MB (=4194304) (default)
2024-12-14 12:23:17,248 INFO  util.AwaitToRun (AwaitToRun.java:start(81)) - Thread[s3@group-E0CF8C87AB81-cacheEviction-AwaitToRun,5,main] started
2024-12-14 12:23:17,253 INFO  segmented.SegmentedRaftLogWorker (SegmentedRaftLogWorker.java:<init>(189)) - new s3@group-E0CF8C87AB81-SegmentedRaftLogWorker for RaftStorageImpl:Storage Directory /home/runner/work/ratis/ratis/ratis-examples/target/test/data/da5193cb/MiniRaftClusterWithSimulatedRpced10c1e3/s3/13ca47b2-d3ce-472f-ae05-e0cf8c87ab81
2024-12-14 12:23:17,253 INFO  server.RaftServerConfigKeys (ConfUtils.java:logGet(46)) - raft.server.log.queue.byte-limit = 64MB (=67108864) (default)
2024-12-14 12:23:17,254 INFO  server.RaftServerConfigKeys (ConfUtils.java:logGet(46)) - raft.server.log.queue.element-limit = 4096 (default)
2024-12-14 12:23:17,256 INFO  server.RaftServerConfigKeys (ConfUtils.java:logGet(46)) - raft.server.log.segment.size.max = 32MB (=33554432) (default)
2024-12-14 12:23:17,256 INFO  server.RaftServerConfigKeys (ConfUtils.java:logGet(46)) - raft.server.log.preallocated.size = 4MB (=4194304) (default)
2024-12-14 12:23:17,256 INFO  server.RaftServerConfigKeys (ConfUtils.java:logGet(46)) - raft.server.log.force.sync.num = 128 (default)
2024-12-14 12:23:17,257 INFO  server.RaftServerConfigKeys (ConfUtils.java:logGet(46)) - raft.server.log.statemachine.data.sync = true (default)
2024-12-14 12:23:17,257 INFO  server.RaftServerConfigKeys (ConfUtils.java:logGet(46)) - raft.server.log.statemachine.data.sync.timeout = 10s (default)
2024-12-14 12:23:17,257 INFO  server.RaftServerConfigKeys (ConfUtils.java:logGet(46)) - raft.server.log.statemachine.data.sync.timeout.retry = -1 (default)
2024-12-14 12:23:17,259 INFO  server.RaftServerConfigKeys (ConfUtils.java:logGet(46)) - raft.server.log.write.buffer.size = 8MB (=8388608) (default)
2024-12-14 12:23:17,261 INFO  server.RaftServerConfigKeys (ConfUtils.java:logGet(46)) - raft.server.log.appender.buffer.byte-limit = 4MB (=4194304) (default)
2024-12-14 12:23:17,261 INFO  server.RaftServerConfigKeys (ConfUtils.java:logGet(46)) - raft.server.log.unsafe-flush.enabled = false (default)
2024-12-14 12:23:17,261 INFO  server.RaftServerConfigKeys (ConfUtils.java:logGet(46)) - raft.server.log.async-flush.enabled = false (default)
2024-12-14 12:23:17,262 INFO  server.RaftServerConfigKeys (ConfUtils.java:logGet(46)) - raft.server.log.statemachine.data.caching.enabled = false (default)
2024-12-14 12:23:17,269 INFO  segmented.SegmentedRaftLogWorker (SegmentedRaftLogWorker.java:lambda$new$0(140)) - s3@group-E0CF8C87AB81-SegmentedRaftLogWorker: flushIndex: setUnconditionally 0 -> -1
2024-12-14 12:23:17,269 INFO  segmented.SegmentedRaftLogWorker (SegmentedRaftLogWorker.java:lambda$new$0(140)) - s3@group-E0CF8C87AB81-SegmentedRaftLogWorker: safeCacheEvictIndex: setUnconditionally 0 -> -1
2024-12-14 12:23:17,271 INFO  server.RaftServer$Division (RaftServerImpl.java:start(398)) - s3@group-E0CF8C87AB81: start with initializing state, conf=conf: {index: -1, cur=peers:[]|listeners:[], old=null}
2024-12-14 12:23:17,272 INFO  server.RaftServer$Division (RaftServerImpl.java:setRole(379)) - s3@group-E0CF8C87AB81: changes role from      null to FOLLOWER at term 0 for start
2024-12-14 12:23:17,273 INFO  util.JmxRegister (JmxRegister.java:tryRegister(44)) - Successfully registered JMX Bean with object name Ratis:service=RaftServer,group=group-E0CF8C87AB81,id=s3
2024-12-14 12:23:17,273 INFO  util.JmxRegister (JmxRegister.java:register(58)) - register mxBean class org.apache.ratis.server.impl.RaftServerJmxAdapter as Ratis:service=RaftServer,group=group-E0CF8C87AB81,id=s3
2024-12-14 12:23:17,276 INFO  server.RaftServerConfigKeys (ConfUtils.java:logGet(46)) - raft.server.snapshot.trigger-when-stop.enabled = true (default)
2024-12-14 12:23:17,276 INFO  server.RaftServerConfigKeys (ConfUtils.java:logGet(46)) - raft.server.snapshot.trigger-when-remove.enabled = true (default)
2024-12-14 12:23:17,276 INFO  server.RaftServerConfigKeys (ConfUtils.java:logGet(46)) - raft.server.snapshot.auto.trigger.enabled = false (default)
2024-12-14 12:23:17,276 INFO  server.RaftServerConfigKeys (ConfUtils.java:logGet(46)) - raft.server.snapshot.retention.file.num = -1 (default)
2024-12-14 12:23:17,277 INFO  server.RaftServerConfigKeys (ConfUtils.java:logGet(46)) - raft.server.log.purge.upto.snapshot.index = false (default)
2024-12-14 12:23:17,282 INFO  server.RaftServer$Division (RaftServerImpl.java:start(406)) - s3@group-E0CF8C87AB81: Successfully started.
2024-12-14 12:23:17,282 INFO  server.RaftServer (RaftServerProxy.java:startImpl(408)) - s3: start RPC server
2024-12-14 12:23:17,285 INFO  util.JvmPauseMonitor (JvmPauseMonitor.java:run(146)) - JvmPauseMonitor-s3: Started
2024-12-14 12:23:17,286 INFO  server.RaftServerConfigKeys (ConfUtils.java:logGet(46)) - raft.server.storage.free-space.min = 0MB (=0) (default)
2024-12-14 12:23:17,286 INFO  server.RaftServerConfigKeys (ConfUtils.java:logGet(46)) - raft.server.log.corruption.policy = EXCEPTION (default)
2024-12-14 12:23:17,286 INFO  server.RaftServerConfigKeys (ConfUtils.java:logGet(46)) - raft.server.storage.dir = [/home/runner/work/ratis/ratis/ratis-examples/target/test/data/da5193cb/MiniRaftClusterWithSimulatedRpced10c1e3/s4] (custom)
2024-12-14 12:23:17,286 INFO  storage.RaftStorageDirectory (RaftStorageDirectoryImpl.java:analyzeStorage(138)) - The storage directory /home/runner/work/ratis/ratis/ratis-examples/target/test/data/da5193cb/MiniRaftClusterWithSimulatedRpced10c1e3/s4/13ca47b2-d3ce-472f-ae05-e0cf8c87ab81 does not exist. Creating ...
2024-12-14 12:23:17,287 TRACE util.FileUtils (LogUtils.java:runAndLog(49)) - Successfully ran Files.createDirectories /home/runner/work/ratis/ratis/ratis-examples/target/test/data/da5193cb/MiniRaftClusterWithSimulatedRpced10c1e3/s4/13ca47b2-d3ce-472f-ae05-e0cf8c87ab81
2024-12-14 12:23:17,288 INFO  storage.RaftStorageDirectory (RaftStorageDirectoryImpl.java:tryLock(229)) - Lock on /home/runner/work/ratis/ratis/ratis-examples/target/test/data/da5193cb/MiniRaftClusterWithSimulatedRpced10c1e3/s4/13ca47b2-d3ce-472f-ae05-e0cf8c87ab81/in_use.lock acquired by nodename 14700@fv-az733-880
2024-12-14 12:23:17,289 TRACE util.FileUtils (LogUtils.java:runAndLog(49)) - Successfully ran Files.createDirectories /home/runner/work/ratis/ratis/ratis-examples/target/test/data/da5193cb/MiniRaftClusterWithSimulatedRpced10c1e3/s4/13ca47b2-d3ce-472f-ae05-e0cf8c87ab81/current
2024-12-14 12:23:17,289 TRACE util.FileUtils (LogUtils.java:runAndLog(49)) - Successfully ran Files.createDirectories /home/runner/work/ratis/ratis/ratis-examples/target/test/data/da5193cb/MiniRaftClusterWithSimulatedRpced10c1e3/s4/13ca47b2-d3ce-472f-ae05-e0cf8c87ab81/sm
2024-12-14 12:23:17,289 TRACE util.FileUtils (LogUtils.java:supplyAndLog(69)) - Successfully supplied FileChannel.open /home/runner/work/ratis/ratis/ratis-examples/target/test/data/da5193cb/MiniRaftClusterWithSimulatedRpced10c1e3/s4/13ca47b2-d3ce-472f-ae05-e0cf8c87ab81/current/raft-meta.tmp with options [CREATE, WRITE]: sun.nio.ch.FileChannelImpl@17206199
2024-12-14 12:23:17,293 TRACE util.FileUtils (LogUtils.java:runAndLog(49)) - Successfully ran Atomic Files.move /home/runner/work/ratis/ratis/ratis-examples/target/test/data/da5193cb/MiniRaftClusterWithSimulatedRpced10c1e3/s4/13ca47b2-d3ce-472f-ae05-e0cf8c87ab81/current/raft-meta.tmp to /home/runner/work/ratis/ratis/ratis-examples/target/test/data/da5193cb/MiniRaftClusterWithSimulatedRpced10c1e3/s4/13ca47b2-d3ce-472f-ae05-e0cf8c87ab81/current/raft-meta with options [REPLACE_EXISTING]
2024-12-14 12:23:17,293 INFO  storage.RaftStorage (RaftStorageImpl.java:format(98)) - Storage directory /home/runner/work/ratis/ratis/ratis-examples/target/test/data/da5193cb/MiniRaftClusterWithSimulatedRpced10c1e3/s4/13ca47b2-d3ce-472f-ae05-e0cf8c87ab81 has been successfully formatted.
2024-12-14 12:23:17,293 WARN  statemachine.StateMachine (ArithmeticStateMachine.java:loadSnapshot(115)) - The snapshot info is null.
2024-12-14 12:23:17,293 INFO  server.RaftServerConfigKeys (ConfUtils.java:logGet(46)) - raft.server.log.use.memory = false (default)
2024-12-14 12:23:17,294 INFO  server.RaftServerConfigKeys (ConfUtils.java:logGet(46)) - raft.server.log.purge.gap = 1024 (default)
2024-12-14 12:23:17,294 INFO  server.RaftServerConfigKeys (ConfUtils.java:logGet(46)) - raft.server.log.appender.buffer.byte-limit = 4MB (=4194304) (default)
2024-12-14 12:23:17,294 INFO  server.RaftServerConfigKeys (ConfUtils.java:logGet(46)) - raft.server.log.statemachine.data.read.timeout = 1000ms (default)
2024-12-14 12:23:17,294 INFO  server.RaftServerConfigKeys (ConfUtils.java:logGet(46)) - raft.server.log.purge.preservation.log.num = 0 (default)
2024-12-14 12:23:17,295 INFO  server.RaftServerConfigKeys (ConfUtils.java:logGet(46)) - raft.server.log.segment.size.max = 32MB (=33554432) (default)
2024-12-14 12:23:17,296 INFO  server.RaftServerConfigKeys (ConfUtils.java:logGet(46)) - raft.server.log.segment.cache.num.max = 6 (default)
2024-12-14 12:23:17,296 INFO  server.RaftServerConfigKeys (ConfUtils.java:logGet(46)) - raft.server.log.segment.cache.size.max = 200MB (=209715200) (default)
2024-12-14 12:23:17,296 INFO  server.RaftServerConfigKeys (ConfUtils.java:logGet(46)) - raft.server.log.appender.buffer.byte-limit = 4MB (=4194304) (default)
2024-12-14 12:23:17,297 INFO  util.AwaitToRun (AwaitToRun.java:start(81)) - Thread[s4@group-E0CF8C87AB81-cacheEviction-AwaitToRun,5,main] started
2024-12-14 12:23:17,297 INFO  segmented.SegmentedRaftLogWorker (SegmentedRaftLogWorker.java:<init>(189)) - new s4@group-E0CF8C87AB81-SegmentedRaftLogWorker for RaftStorageImpl:Storage Directory /home/runner/work/ratis/ratis/ratis-examples/target/test/data/da5193cb/MiniRaftClusterWithSimulatedRpced10c1e3/s4/13ca47b2-d3ce-472f-ae05-e0cf8c87ab81
2024-12-14 12:23:17,297 INFO  server.RaftServerConfigKeys (ConfUtils.java:logGet(46)) - raft.server.log.queue.byte-limit = 64MB (=67108864) (default)
2024-12-14 12:23:17,297 INFO  server.RaftServerConfigKeys (ConfUtils.java:logGet(46)) - raft.server.log.queue.element-limit = 4096 (default)
2024-12-14 12:23:17,297 INFO  server.RaftServerConfigKeys (ConfUtils.java:logGet(46)) - raft.server.log.segment.size.max = 32MB (=33554432) (default)
2024-12-14 12:23:17,297 INFO  server.RaftServerConfigKeys (ConfUtils.java:logGet(46)) - raft.server.log.preallocated.size = 4MB (=4194304) (default)
2024-12-14 12:23:17,298 INFO  server.RaftServerConfigKeys (ConfUtils.java:logGet(46)) - raft.server.log.force.sync.num = 128 (default)
2024-12-14 12:23:17,298 INFO  server.RaftServerConfigKeys (ConfUtils.java:logGet(46)) - raft.server.log.statemachine.data.sync = true (default)
2024-12-14 12:23:17,298 INFO  server.RaftServerConfigKeys (ConfUtils.java:logGet(46)) - raft.server.log.statemachine.data.sync.timeout = 10s (default)
2024-12-14 12:23:17,298 INFO  server.RaftServerConfigKeys (ConfUtils.java:logGet(46)) - raft.server.log.statemachine.data.sync.timeout.retry = -1 (default)
2024-12-14 12:23:17,298 INFO  server.RaftServerConfigKeys (ConfUtils.java:logGet(46)) - raft.server.log.write.buffer.size = 8MB (=8388608) (default)
2024-12-14 12:23:17,300 INFO  server.RaftServerConfigKeys (ConfUtils.java:logGet(46)) - raft.server.log.appender.buffer.byte-limit = 4MB (=4194304) (default)
2024-12-14 12:23:17,300 INFO  server.RaftServerConfigKeys (ConfUtils.java:logGet(46)) - raft.server.log.unsafe-flush.enabled = false (default)
2024-12-14 12:23:17,300 INFO  server.RaftServerConfigKeys (ConfUtils.java:logGet(46)) - raft.server.log.async-flush.enabled = false (default)
2024-12-14 12:23:17,300 INFO  server.RaftServerConfigKeys (ConfUtils.java:logGet(46)) - raft.server.log.statemachine.data.caching.enabled = false (default)
2024-12-14 12:23:17,300 INFO  segmented.SegmentedRaftLogWorker (SegmentedRaftLogWorker.java:lambda$new$0(140)) - s4@group-E0CF8C87AB81-SegmentedRaftLogWorker: flushIndex: setUnconditionally 0 -> -1
2024-12-14 12:23:17,301 INFO  segmented.SegmentedRaftLogWorker (SegmentedRaftLogWorker.java:lambda$new$0(140)) - s4@group-E0CF8C87AB81-SegmentedRaftLogWorker: safeCacheEvictIndex: setUnconditionally 0 -> -1
2024-12-14 12:23:17,301 INFO  server.RaftServer$Division (RaftServerImpl.java:start(398)) - s4@group-E0CF8C87AB81: start with initializing state, conf=conf: {index: -1, cur=peers:[]|listeners:[], old=null}
2024-12-14 12:23:17,301 INFO  server.RaftServer$Division (RaftServerImpl.java:setRole(379)) - s4@group-E0CF8C87AB81: changes role from      null to FOLLOWER at term 0 for start
2024-12-14 12:23:17,301 INFO  util.JmxRegister (JmxRegister.java:tryRegister(44)) - Successfully registered JMX Bean with object name Ratis:service=RaftServer,group=group-E0CF8C87AB81,id=s4
2024-12-14 12:23:17,301 INFO  util.JmxRegister (JmxRegister.java:register(58)) - register mxBean class org.apache.ratis.server.impl.RaftServerJmxAdapter as Ratis:service=RaftServer,group=group-E0CF8C87AB81,id=s4
2024-12-14 12:23:17,301 INFO  server.RaftServerConfigKeys (ConfUtils.java:logGet(46)) - raft.server.snapshot.trigger-when-stop.enabled = true (default)
2024-12-14 12:23:17,301 INFO  server.RaftServerConfigKeys (ConfUtils.java:logGet(46)) - raft.server.snapshot.trigger-when-remove.enabled = true (default)
2024-12-14 12:23:17,302 INFO  server.RaftServerConfigKeys (ConfUtils.java:logGet(46)) - raft.server.snapshot.auto.trigger.enabled = false (default)
2024-12-14 12:23:17,302 INFO  server.RaftServerConfigKeys (ConfUtils.java:logGet(46)) - raft.server.snapshot.retention.file.num = -1 (default)
2024-12-14 12:23:17,302 INFO  server.RaftServerConfigKeys (ConfUtils.java:logGet(46)) - raft.server.log.purge.upto.snapshot.index = false (default)
2024-12-14 12:23:17,302 INFO  server.RaftServer$Division (RaftServerImpl.java:start(406)) - s4@group-E0CF8C87AB81: Successfully started.
2024-12-14 12:23:17,302 INFO  server.RaftServer (RaftServerProxy.java:startImpl(408)) - s4: start RPC server
2024-12-14 12:23:17,306 INFO  util.JvmPauseMonitor (JvmPauseMonitor.java:run(146)) - JvmPauseMonitor-s4: Started
2024-12-14 12:23:17,306 INFO  server.RaftServerConfigKeys (ConfUtils.java:logGet(46)) - raft.server.storage.free-space.min = 0MB (=0) (default)
2024-12-14 12:23:17,306 INFO  server.RaftServerConfigKeys (ConfUtils.java:logGet(46)) - raft.server.log.corruption.policy = EXCEPTION (default)
2024-12-14 12:23:17,306 INFO  server.RaftServerConfigKeys (ConfUtils.java:logGet(46)) - raft.server.storage.dir = [/home/runner/work/ratis/ratis/ratis-examples/target/test/data/da5193cb/MiniRaftClusterWithSimulatedRpced10c1e3/s5] (custom)
2024-12-14 12:23:17,306 INFO  storage.RaftStorageDirectory (RaftStorageDirectoryImpl.java:analyzeStorage(138)) - The storage directory /home/runner/work/ratis/ratis/ratis-examples/target/test/data/da5193cb/MiniRaftClusterWithSimulatedRpced10c1e3/s5/13ca47b2-d3ce-472f-ae05-e0cf8c87ab81 does not exist. Creating ...
2024-12-14 12:23:17,307 TRACE util.FileUtils (LogUtils.java:runAndLog(49)) - Successfully ran Files.createDirectories /home/runner/work/ratis/ratis/ratis-examples/target/test/data/da5193cb/MiniRaftClusterWithSimulatedRpced10c1e3/s5/13ca47b2-d3ce-472f-ae05-e0cf8c87ab81
2024-12-14 12:23:17,309 INFO  storage.RaftStorageDirectory (RaftStorageDirectoryImpl.java:tryLock(229)) - Lock on /home/runner/work/ratis/ratis/ratis-examples/target/test/data/da5193cb/MiniRaftClusterWithSimulatedRpced10c1e3/s5/13ca47b2-d3ce-472f-ae05-e0cf8c87ab81/in_use.lock acquired by nodename 14700@fv-az733-880
2024-12-14 12:23:17,309 TRACE util.FileUtils (LogUtils.java:runAndLog(49)) - Successfully ran Files.createDirectories /home/runner/work/ratis/ratis/ratis-examples/target/test/data/da5193cb/MiniRaftClusterWithSimulatedRpced10c1e3/s5/13ca47b2-d3ce-472f-ae05-e0cf8c87ab81/current
2024-12-14 12:23:17,309 TRACE util.FileUtils (LogUtils.java:runAndLog(49)) - Successfully ran Files.createDirectories /home/runner/work/ratis/ratis/ratis-examples/target/test/data/da5193cb/MiniRaftClusterWithSimulatedRpced10c1e3/s5/13ca47b2-d3ce-472f-ae05-e0cf8c87ab81/sm
2024-12-14 12:23:17,309 TRACE util.FileUtils (LogUtils.java:supplyAndLog(69)) - Successfully supplied FileChannel.open /home/runner/work/ratis/ratis/ratis-examples/target/test/data/da5193cb/MiniRaftClusterWithSimulatedRpced10c1e3/s5/13ca47b2-d3ce-472f-ae05-e0cf8c87ab81/current/raft-meta.tmp with options [CREATE, WRITE]: sun.nio.ch.FileChannelImpl@4dc64fe4
2024-12-14 12:23:17,313 TRACE util.FileUtils (LogUtils.java:runAndLog(49)) - Successfully ran Atomic Files.move /home/runner/work/ratis/ratis/ratis-examples/target/test/data/da5193cb/MiniRaftClusterWithSimulatedRpced10c1e3/s5/13ca47b2-d3ce-472f-ae05-e0cf8c87ab81/current/raft-meta.tmp to /home/runner/work/ratis/ratis/ratis-examples/target/test/data/da5193cb/MiniRaftClusterWithSimulatedRpced10c1e3/s5/13ca47b2-d3ce-472f-ae05-e0cf8c87ab81/current/raft-meta with options [REPLACE_EXISTING]
2024-12-14 12:23:17,313 INFO  storage.RaftStorage (RaftStorageImpl.java:format(98)) - Storage directory /home/runner/work/ratis/ratis/ratis-examples/target/test/data/da5193cb/MiniRaftClusterWithSimulatedRpced10c1e3/s5/13ca47b2-d3ce-472f-ae05-e0cf8c87ab81 has been successfully formatted.
2024-12-14 12:23:17,314 WARN  statemachine.StateMachine (ArithmeticStateMachine.java:loadSnapshot(115)) - The snapshot info is null.
2024-12-14 12:23:17,314 INFO  server.RaftServerConfigKeys (ConfUtils.java:logGet(46)) - raft.server.log.use.memory = false (default)
2024-12-14 12:23:17,314 INFO  server.RaftServerConfigKeys (ConfUtils.java:logGet(46)) - raft.server.log.purge.gap = 1024 (default)
2024-12-14 12:23:17,314 INFO  server.RaftServerConfigKeys (ConfUtils.java:logGet(46)) - raft.server.log.appender.buffer.byte-limit = 4MB (=4194304) (default)
2024-12-14 12:23:17,314 INFO  server.RaftServerConfigKeys (ConfUtils.java:logGet(46)) - raft.server.log.statemachine.data.read.timeout = 1000ms (default)
2024-12-14 12:23:17,314 INFO  server.RaftServerConfigKeys (ConfUtils.java:logGet(46)) - raft.server.log.purge.preservation.log.num = 0 (default)
2024-12-14 12:23:17,315 INFO  server.RaftServerConfigKeys (ConfUtils.java:logGet(46)) - raft.server.log.segment.size.max = 32MB (=33554432) (default)
2024-12-14 12:23:17,315 INFO  server.RaftServerConfigKeys (ConfUtils.java:logGet(46)) - raft.server.log.segment.cache.num.max = 6 (default)
2024-12-14 12:23:17,315 INFO  server.RaftServerConfigKeys (ConfUtils.java:logGet(46)) - raft.server.log.segment.cache.size.max = 200MB (=209715200) (default)
2024-12-14 12:23:17,315 INFO  server.RaftServerConfigKeys (ConfUtils.java:logGet(46)) - raft.server.log.appender.buffer.byte-limit = 4MB (=4194304) (default)
2024-12-14 12:23:17,316 INFO  util.AwaitToRun (AwaitToRun.java:start(81)) - Thread[s5@group-E0CF8C87AB81-cacheEviction-AwaitToRun,5,main] started
2024-12-14 12:23:17,316 INFO  segmented.SegmentedRaftLogWorker (SegmentedRaftLogWorker.java:<init>(189)) - new s5@group-E0CF8C87AB81-SegmentedRaftLogWorker for RaftStorageImpl:Storage Directory /home/runner/work/ratis/ratis/ratis-examples/target/test/data/da5193cb/MiniRaftClusterWithSimulatedRpced10c1e3/s5/13ca47b2-d3ce-472f-ae05-e0cf8c87ab81
2024-12-14 12:23:17,316 INFO  server.RaftServerConfigKeys (ConfUtils.java:logGet(46)) - raft.server.log.queue.byte-limit = 64MB (=67108864) (default)
2024-12-14 12:23:17,316 INFO  server.RaftServerConfigKeys (ConfUtils.java:logGet(46)) - raft.server.log.queue.element-limit = 4096 (default)
2024-12-14 12:23:17,316 INFO  server.RaftServerConfigKeys (ConfUtils.java:logGet(46)) - raft.server.log.segment.size.max = 32MB (=33554432) (default)
2024-12-14 12:23:17,316 INFO  server.RaftServerConfigKeys (ConfUtils.java:logGet(46)) - raft.server.log.preallocated.size = 4MB (=4194304) (default)
2024-12-14 12:23:17,316 INFO  server.RaftServerConfigKeys (ConfUtils.java:logGet(46)) - raft.server.log.force.sync.num = 128 (default)
2024-12-14 12:23:17,316 INFO  server.RaftServerConfigKeys (ConfUtils.java:logGet(46)) - raft.server.log.statemachine.data.sync = true (default)
2024-12-14 12:23:17,316 INFO  server.RaftServerConfigKeys (ConfUtils.java:logGet(46)) - raft.server.log.statemachine.data.sync.timeout = 10s (default)
2024-12-14 12:23:17,317 INFO  server.RaftServerConfigKeys (ConfUtils.java:logGet(46)) - raft.server.log.statemachine.data.sync.timeout.retry = -1 (default)
2024-12-14 12:23:17,317 INFO  server.RaftServerConfigKeys (ConfUtils.java:logGet(46)) - raft.server.log.write.buffer.size = 8MB (=8388608) (default)
2024-12-14 12:23:17,319 INFO  server.RaftServerConfigKeys (ConfUtils.java:logGet(46)) - raft.server.log.appender.buffer.byte-limit = 4MB (=4194304) (default)
2024-12-14 12:23:17,319 INFO  server.RaftServerConfigKeys (ConfUtils.java:logGet(46)) - raft.server.log.unsafe-flush.enabled = false (default)
2024-12-14 12:23:17,319 INFO  server.RaftServerConfigKeys (ConfUtils.java:logGet(46)) - raft.server.log.async-flush.enabled = false (default)
2024-12-14 12:23:17,319 INFO  server.RaftServerConfigKeys (ConfUtils.java:logGet(46)) - raft.server.log.statemachine.data.caching.enabled = false (default)
2024-12-14 12:23:17,319 INFO  segmented.SegmentedRaftLogWorker (SegmentedRaftLogWorker.java:lambda$new$0(140)) - s5@group-E0CF8C87AB81-SegmentedRaftLogWorker: flushIndex: setUnconditionally 0 -> -1
2024-12-14 12:23:17,319 INFO  segmented.SegmentedRaftLogWorker (SegmentedRaftLogWorker.java:lambda$new$0(140)) - s5@group-E0CF8C87AB81-SegmentedRaftLogWorker: safeCacheEvictIndex: setUnconditionally 0 -> -1
2024-12-14 12:23:17,320 INFO  server.RaftServer$Division (RaftServerImpl.java:start(398)) - s5@group-E0CF8C87AB81: start with initializing state, conf=conf: {index: -1, cur=peers:[]|listeners:[], old=null}
2024-12-14 12:23:17,320 INFO  server.RaftServer$Division (RaftServerImpl.java:setRole(379)) - s5@group-E0CF8C87AB81: changes role from      null to FOLLOWER at term 0 for start
2024-12-14 12:23:17,320 INFO  util.JmxRegister (JmxRegister.java:tryRegister(44)) - Successfully registered JMX Bean with object name Ratis:service=RaftServer,group=group-E0CF8C87AB81,id=s5
2024-12-14 12:23:17,320 INFO  util.JmxRegister (JmxRegister.java:register(58)) - register mxBean class org.apache.ratis.server.impl.RaftServerJmxAdapter as Ratis:service=RaftServer,group=group-E0CF8C87AB81,id=s5
2024-12-14 12:23:17,320 INFO  server.RaftServerConfigKeys (ConfUtils.java:logGet(46)) - raft.server.snapshot.trigger-when-stop.enabled = true (default)
2024-12-14 12:23:17,320 INFO  server.RaftServerConfigKeys (ConfUtils.java:logGet(46)) - raft.server.snapshot.trigger-when-remove.enabled = true (default)
2024-12-14 12:23:17,320 INFO  server.RaftServerConfigKeys (ConfUtils.java:logGet(46)) - raft.server.snapshot.auto.trigger.enabled = false (default)
2024-12-14 12:23:17,320 INFO  server.RaftServerConfigKeys (ConfUtils.java:logGet(46)) - raft.server.snapshot.retention.file.num = -1 (default)
2024-12-14 12:23:17,321 INFO  server.RaftServerConfigKeys (ConfUtils.java:logGet(46)) - raft.server.log.purge.upto.snapshot.index = false (default)
2024-12-14 12:23:17,321 INFO  server.RaftServer$Division (RaftServerImpl.java:start(406)) - s5@group-E0CF8C87AB81: Successfully started.
2024-12-14 12:23:17,321 INFO  server.RaftServer (RaftServerProxy.java:startImpl(408)) - s5: start RPC server
2024-12-14 12:23:17,323 INFO  util.JvmPauseMonitor (JvmPauseMonitor.java:run(146)) - JvmPauseMonitor-s5: Started
2024-12-14 12:23:17,323 INFO  server.RaftServerConfigKeys (ConfUtils.java:logGet(46)) - raft.server.storage.free-space.min = 0MB (=0) (default)
2024-12-14 12:23:17,324 INFO  server.RaftServerConfigKeys (ConfUtils.java:logGet(46)) - raft.server.log.corruption.policy = EXCEPTION (default)
2024-12-14 12:23:17,324 INFO  server.RaftServerConfigKeys (ConfUtils.java:logGet(46)) - raft.server.storage.dir = [/home/runner/work/ratis/ratis/ratis-examples/target/test/data/da5193cb/MiniRaftClusterWithSimulatedRpced10c1e3/s6] (custom)
2024-12-14 12:23:17,324 INFO  storage.RaftStorageDirectory (RaftStorageDirectoryImpl.java:analyzeStorage(138)) - The storage directory /home/runner/work/ratis/ratis/ratis-examples/target/test/data/da5193cb/MiniRaftClusterWithSimulatedRpced10c1e3/s6/13ca47b2-d3ce-472f-ae05-e0cf8c87ab81 does not exist. Creating ...
2024-12-14 12:23:17,325 TRACE util.FileUtils (LogUtils.java:runAndLog(49)) - Successfully ran Files.createDirectories /home/runner/work/ratis/ratis/ratis-examples/target/test/data/da5193cb/MiniRaftClusterWithSimulatedRpced10c1e3/s6/13ca47b2-d3ce-472f-ae05-e0cf8c87ab81
2024-12-14 12:23:17,326 INFO  storage.RaftStorageDirectory (RaftStorageDirectoryImpl.java:tryLock(229)) - Lock on /home/runner/work/ratis/ratis/ratis-examples/target/test/data/da5193cb/MiniRaftClusterWithSimulatedRpced10c1e3/s6/13ca47b2-d3ce-472f-ae05-e0cf8c87ab81/in_use.lock acquired by nodename 14700@fv-az733-880
2024-12-14 12:23:17,326 TRACE util.FileUtils (LogUtils.java:runAndLog(49)) - Successfully ran Files.createDirectories /home/runner/work/ratis/ratis/ratis-examples/target/test/data/da5193cb/MiniRaftClusterWithSimulatedRpced10c1e3/s6/13ca47b2-d3ce-472f-ae05-e0cf8c87ab81/current
2024-12-14 12:23:17,326 TRACE util.FileUtils (LogUtils.java:runAndLog(49)) - Successfully ran Files.createDirectories /home/runner/work/ratis/ratis/ratis-examples/target/test/data/da5193cb/MiniRaftClusterWithSimulatedRpced10c1e3/s6/13ca47b2-d3ce-472f-ae05-e0cf8c87ab81/sm
2024-12-14 12:23:17,326 TRACE util.FileUtils (LogUtils.java:supplyAndLog(69)) - Successfully supplied FileChannel.open /home/runner/work/ratis/ratis/ratis-examples/target/test/data/da5193cb/MiniRaftClusterWithSimulatedRpced10c1e3/s6/13ca47b2-d3ce-472f-ae05-e0cf8c87ab81/current/raft-meta.tmp with options [CREATE, WRITE]: sun.nio.ch.FileChannelImpl@5f2bde22
2024-12-14 12:23:17,328 TRACE util.FileUtils (LogUtils.java:runAndLog(49)) - Successfully ran Atomic Files.move /home/runner/work/ratis/ratis/ratis-examples/target/test/data/da5193cb/MiniRaftClusterWithSimulatedRpced10c1e3/s6/13ca47b2-d3ce-472f-ae05-e0cf8c87ab81/current/raft-meta.tmp to /home/runner/work/ratis/ratis/ratis-examples/target/test/data/da5193cb/MiniRaftClusterWithSimulatedRpced10c1e3/s6/13ca47b2-d3ce-472f-ae05-e0cf8c87ab81/current/raft-meta with options [REPLACE_EXISTING]
2024-12-14 12:23:17,328 INFO  storage.RaftStorage (RaftStorageImpl.java:format(98)) - Storage directory /home/runner/work/ratis/ratis/ratis-examples/target/test/data/da5193cb/MiniRaftClusterWithSimulatedRpced10c1e3/s6/13ca47b2-d3ce-472f-ae05-e0cf8c87ab81 has been successfully formatted.
2024-12-14 12:23:17,328 WARN  statemachine.StateMachine (ArithmeticStateMachine.java:loadSnapshot(115)) - The snapshot info is null.
2024-12-14 12:23:17,328 INFO  server.RaftServerConfigKeys (ConfUtils.java:logGet(46)) - raft.server.log.use.memory = false (default)
2024-12-14 12:23:17,328 INFO  server.RaftServerConfigKeys (ConfUtils.java:logGet(46)) - raft.server.log.purge.gap = 1024 (default)
2024-12-14 12:23:17,329 INFO  server.RaftServerConfigKeys (ConfUtils.java:logGet(46)) - raft.server.log.appender.buffer.byte-limit = 4MB (=4194304) (default)
2024-12-14 12:23:17,329 INFO  server.RaftServerConfigKeys (ConfUtils.java:logGet(46)) - raft.server.log.statemachine.data.read.timeout = 1000ms (default)
2024-12-14 12:23:17,329 INFO  server.RaftServerConfigKeys (ConfUtils.java:logGet(46)) - raft.server.log.purge.preservation.log.num = 0 (default)
2024-12-14 12:23:17,330 INFO  server.RaftServerConfigKeys (ConfUtils.java:logGet(46)) - raft.server.log.segment.size.max = 32MB (=33554432) (default)
2024-12-14 12:23:17,330 INFO  server.RaftServerConfigKeys (ConfUtils.java:logGet(46)) - raft.server.log.segment.cache.num.max = 6 (default)
2024-12-14 12:23:17,330 INFO  server.RaftServerConfigKeys (ConfUtils.java:logGet(46)) - raft.server.log.segment.cache.size.max = 200MB (=209715200) (default)
2024-12-14 12:23:17,330 INFO  server.RaftServerConfigKeys (ConfUtils.java:logGet(46)) - raft.server.log.appender.buffer.byte-limit = 4MB (=4194304) (default)
2024-12-14 12:23:17,331 INFO  util.AwaitToRun (AwaitToRun.java:start(81)) - Thread[s6@group-E0CF8C87AB81-cacheEviction-AwaitToRun,5,main] started
2024-12-14 12:23:17,331 INFO  segmented.SegmentedRaftLogWorker (SegmentedRaftLogWorker.java:<init>(189)) - new s6@group-E0CF8C87AB81-SegmentedRaftLogWorker for RaftStorageImpl:Storage Directory /home/runner/work/ratis/ratis/ratis-examples/target/test/data/da5193cb/MiniRaftClusterWithSimulatedRpced10c1e3/s6/13ca47b2-d3ce-472f-ae05-e0cf8c87ab81
2024-12-14 12:23:17,331 INFO  server.RaftServerConfigKeys (ConfUtils.java:logGet(46)) - raft.server.log.queue.byte-limit = 64MB (=67108864) (default)
2024-12-14 12:23:17,331 INFO  server.RaftServerConfigKeys (ConfUtils.java:logGet(46)) - raft.server.log.queue.element-limit = 4096 (default)
2024-12-14 12:23:17,331 INFO  server.RaftServerConfigKeys (ConfUtils.java:logGet(46)) - raft.server.log.segment.size.max = 32MB (=33554432) (default)
2024-12-14 12:23:17,331 INFO  server.RaftServerConfigKeys (ConfUtils.java:logGet(46)) - raft.server.log.preallocated.size = 4MB (=4194304) (default)
2024-12-14 12:23:17,331 INFO  server.RaftServerConfigKeys (ConfUtils.java:logGet(46)) - raft.server.log.force.sync.num = 128 (default)
2024-12-14 12:23:17,332 INFO  server.RaftServerConfigKeys (ConfUtils.java:logGet(46)) - raft.server.log.statemachine.data.sync = true (default)
2024-12-14 12:23:17,332 INFO  server.RaftServerConfigKeys (ConfUtils.java:logGet(46)) - raft.server.log.statemachine.data.sync.timeout = 10s (default)
2024-12-14 12:23:17,332 INFO  server.RaftServerConfigKeys (ConfUtils.java:logGet(46)) - raft.server.log.statemachine.data.sync.timeout.retry = -1 (default)
2024-12-14 12:23:17,332 INFO  server.RaftServerConfigKeys (ConfUtils.java:logGet(46)) - raft.server.log.write.buffer.size = 8MB (=8388608) (default)
2024-12-14 12:23:17,334 INFO  server.RaftServerConfigKeys (ConfUtils.java:logGet(46)) - raft.server.log.appender.buffer.byte-limit = 4MB (=4194304) (default)
2024-12-14 12:23:17,334 INFO  server.RaftServerConfigKeys (ConfUtils.java:logGet(46)) - raft.server.log.unsafe-flush.enabled = false (default)
2024-12-14 12:23:17,334 INFO  server.RaftServerConfigKeys (ConfUtils.java:logGet(46)) - raft.server.log.async-flush.enabled = false (default)
2024-12-14 12:23:17,335 INFO  server.RaftServerConfigKeys (ConfUtils.java:logGet(46)) - raft.server.log.statemachine.data.caching.enabled = false (default)
2024-12-14 12:23:17,335 INFO  segmented.SegmentedRaftLogWorker (SegmentedRaftLogWorker.java:lambda$new$0(140)) - s6@group-E0CF8C87AB81-SegmentedRaftLogWorker: flushIndex: setUnconditionally 0 -> -1
2024-12-14 12:23:17,335 INFO  segmented.SegmentedRaftLogWorker (SegmentedRaftLogWorker.java:lambda$new$0(140)) - s6@group-E0CF8C87AB81-SegmentedRaftLogWorker: safeCacheEvictIndex: setUnconditionally 0 -> -1
2024-12-14 12:23:17,336 INFO  server.RaftServer$Division (RaftServerImpl.java:start(398)) - s6@group-E0CF8C87AB81: start with initializing state, conf=conf: {index: -1, cur=peers:[]|listeners:[], old=null}
2024-12-14 12:23:17,336 INFO  server.RaftServer$Division (RaftServerImpl.java:setRole(379)) - s6@group-E0CF8C87AB81: changes role from      null to FOLLOWER at term 0 for start
2024-12-14 12:23:17,336 INFO  util.JmxRegister (JmxRegister.java:tryRegister(44)) - Successfully registered JMX Bean with object name Ratis:service=RaftServer,group=group-E0CF8C87AB81,id=s6
2024-12-14 12:23:17,336 INFO  util.JmxRegister (JmxRegister.java:register(58)) - register mxBean class org.apache.ratis.server.impl.RaftServerJmxAdapter as Ratis:service=RaftServer,group=group-E0CF8C87AB81,id=s6
2024-12-14 12:23:17,336 INFO  server.RaftServerConfigKeys (ConfUtils.java:logGet(46)) - raft.server.snapshot.trigger-when-stop.enabled = true (default)
2024-12-14 12:23:17,336 INFO  server.RaftServerConfigKeys (ConfUtils.java:logGet(46)) - raft.server.snapshot.trigger-when-remove.enabled = true (default)
2024-12-14 12:23:17,337 INFO  server.RaftServerConfigKeys (ConfUtils.java:logGet(46)) - raft.server.snapshot.auto.trigger.enabled = false (default)
2024-12-14 12:23:17,337 INFO  server.RaftServerConfigKeys (ConfUtils.java:logGet(46)) - raft.server.snapshot.retention.file.num = -1 (default)
2024-12-14 12:23:17,337 INFO  server.RaftServerConfigKeys (ConfUtils.java:logGet(46)) - raft.server.log.purge.upto.snapshot.index = false (default)
2024-12-14 12:23:17,337 INFO  server.RaftServer$Division (RaftServerImpl.java:start(406)) - s6@group-E0CF8C87AB81: Successfully started.
2024-12-14 12:23:17,337 INFO  server.RaftServer (RaftServerProxy.java:startImpl(408)) - s6: start RPC server
2024-12-14 12:23:17,341 INFO  util.JvmPauseMonitor (JvmPauseMonitor.java:run(146)) - JvmPauseMonitor-s6: Started
2024-12-14 12:23:17,341 INFO  server.RaftServerConfigKeys (ConfUtils.java:logGet(46)) - raft.server.storage.free-space.min = 0MB (=0) (default)
2024-12-14 12:23:17,341 INFO  server.RaftServerConfigKeys (ConfUtils.java:logGet(46)) - raft.server.log.corruption.policy = EXCEPTION (default)
2024-12-14 12:23:17,341 INFO  server.RaftServerConfigKeys (ConfUtils.java:logGet(46)) - raft.server.storage.dir = [/home/runner/work/ratis/ratis/ratis-examples/target/test/data/da5193cb/MiniRaftClusterWithSimulatedRpced10c1e3/s7] (custom)
2024-12-14 12:23:17,341 INFO  storage.RaftStorageDirectory (RaftStorageDirectoryImpl.java:analyzeStorage(138)) - The storage directory /home/runner/work/ratis/ratis/ratis-examples/target/test/data/da5193cb/MiniRaftClusterWithSimulatedRpced10c1e3/s7/13ca47b2-d3ce-472f-ae05-e0cf8c87ab81 does not exist. Creating ...
2024-12-14 12:23:17,342 TRACE util.FileUtils (LogUtils.java:runAndLog(49)) - Successfully ran Files.createDirectories /home/runner/work/ratis/ratis/ratis-examples/target/test/data/da5193cb/MiniRaftClusterWithSimulatedRpced10c1e3/s7/13ca47b2-d3ce-472f-ae05-e0cf8c87ab81
2024-12-14 12:23:17,343 INFO  storage.RaftStorageDirectory (RaftStorageDirectoryImpl.java:tryLock(229)) - Lock on /home/runner/work/ratis/ratis/ratis-examples/target/test/data/da5193cb/MiniRaftClusterWithSimulatedRpced10c1e3/s7/13ca47b2-d3ce-472f-ae05-e0cf8c87ab81/in_use.lock acquired by nodename 14700@fv-az733-880
2024-12-14 12:23:17,343 TRACE util.FileUtils (LogUtils.java:runAndLog(49)) - Successfully ran Files.createDirectories /home/runner/work/ratis/ratis/ratis-examples/target/test/data/da5193cb/MiniRaftClusterWithSimulatedRpced10c1e3/s7/13ca47b2-d3ce-472f-ae05-e0cf8c87ab81/current
2024-12-14 12:23:17,344 TRACE util.FileUtils (LogUtils.java:runAndLog(49)) - Successfully ran Files.createDirectories /home/runner/work/ratis/ratis/ratis-examples/target/test/data/da5193cb/MiniRaftClusterWithSimulatedRpced10c1e3/s7/13ca47b2-d3ce-472f-ae05-e0cf8c87ab81/sm
2024-12-14 12:23:17,344 TRACE util.FileUtils (LogUtils.java:supplyAndLog(69)) - Successfully supplied FileChannel.open /home/runner/work/ratis/ratis/ratis-examples/target/test/data/da5193cb/MiniRaftClusterWithSimulatedRpced10c1e3/s7/13ca47b2-d3ce-472f-ae05-e0cf8c87ab81/current/raft-meta.tmp with options [CREATE, WRITE]: sun.nio.ch.FileChannelImpl@3c55a1d0
2024-12-14 12:23:17,345 TRACE util.FileUtils (LogUtils.java:runAndLog(49)) - Successfully ran Atomic Files.move /home/runner/work/ratis/ratis/ratis-examples/target/test/data/da5193cb/MiniRaftClusterWithSimulatedRpced10c1e3/s7/13ca47b2-d3ce-472f-ae05-e0cf8c87ab81/current/raft-meta.tmp to /home/runner/work/ratis/ratis/ratis-examples/target/test/data/da5193cb/MiniRaftClusterWithSimulatedRpced10c1e3/s7/13ca47b2-d3ce-472f-ae05-e0cf8c87ab81/current/raft-meta with options [REPLACE_EXISTING]
2024-12-14 12:23:17,345 INFO  storage.RaftStorage (RaftStorageImpl.java:format(98)) - Storage directory /home/runner/work/ratis/ratis/ratis-examples/target/test/data/da5193cb/MiniRaftClusterWithSimulatedRpced10c1e3/s7/13ca47b2-d3ce-472f-ae05-e0cf8c87ab81 has been successfully formatted.
2024-12-14 12:23:17,346 WARN  statemachine.StateMachine (ArithmeticStateMachine.java:loadSnapshot(115)) - The snapshot info is null.
2024-12-14 12:23:17,346 INFO  server.RaftServerConfigKeys (ConfUtils.java:logGet(46)) - raft.server.log.use.memory = false (default)
2024-12-14 12:23:17,346 INFO  server.RaftServerConfigKeys (ConfUtils.java:logGet(46)) - raft.server.log.purge.gap = 1024 (default)
2024-12-14 12:23:17,346 INFO  server.RaftServerConfigKeys (ConfUtils.java:logGet(46)) - raft.server.log.appender.buffer.byte-limit = 4MB (=4194304) (default)
2024-12-14 12:23:17,346 INFO  server.RaftServerConfigKeys (ConfUtils.java:logGet(46)) - raft.server.log.statemachine.data.read.timeout = 1000ms (default)
2024-12-14 12:23:17,346 INFO  server.RaftServerConfigKeys (ConfUtils.java:logGet(46)) - raft.server.log.purge.preservation.log.num = 0 (default)
2024-12-14 12:23:17,347 INFO  server.RaftServerConfigKeys (ConfUtils.java:logGet(46)) - raft.server.log.segment.size.max = 32MB (=33554432) (default)
2024-12-14 12:23:17,347 INFO  server.RaftServerConfigKeys (ConfUtils.java:logGet(46)) - raft.server.log.segment.cache.num.max = 6 (default)
2024-12-14 12:23:17,347 INFO  server.RaftServerConfigKeys (ConfUtils.java:logGet(46)) - raft.server.log.segment.cache.size.max = 200MB (=209715200) (default)
2024-12-14 12:23:17,347 INFO  server.RaftServerConfigKeys (ConfUtils.java:logGet(46)) - raft.server.log.appender.buffer.byte-limit = 4MB (=4194304) (default)
2024-12-14 12:23:17,348 INFO  util.AwaitToRun (AwaitToRun.java:start(81)) - Thread[s7@group-E0CF8C87AB81-cacheEviction-AwaitToRun,5,main] started
2024-12-14 12:23:17,348 INFO  segmented.SegmentedRaftLogWorker (SegmentedRaftLogWorker.java:<init>(189)) - new s7@group-E0CF8C87AB81-SegmentedRaftLogWorker for RaftStorageImpl:Storage Directory /home/runner/work/ratis/ratis/ratis-examples/target/test/data/da5193cb/MiniRaftClusterWithSimulatedRpced10c1e3/s7/13ca47b2-d3ce-472f-ae05-e0cf8c87ab81
2024-12-14 12:23:17,348 INFO  server.RaftServerConfigKeys (ConfUtils.java:logGet(46)) - raft.server.log.queue.byte-limit = 64MB (=67108864) (default)
2024-12-14 12:23:17,348 INFO  server.RaftServerConfigKeys (ConfUtils.java:logGet(46)) - raft.server.log.queue.element-limit = 4096 (default)
2024-12-14 12:23:17,348 INFO  server.RaftServerConfigKeys (ConfUtils.java:logGet(46)) - raft.server.log.segment.size.max = 32MB (=33554432) (default)
2024-12-14 12:23:17,348 INFO  server.RaftServerConfigKeys (ConfUtils.java:logGet(46)) - raft.server.log.preallocated.size = 4MB (=4194304) (default)
2024-12-14 12:23:17,348 INFO  server.RaftServerConfigKeys (ConfUtils.java:logGet(46)) - raft.server.log.force.sync.num = 128 (default)
2024-12-14 12:23:17,348 INFO  server.RaftServerConfigKeys (ConfUtils.java:logGet(46)) - raft.server.log.statemachine.data.sync = true (default)
2024-12-14 12:23:17,348 INFO  server.RaftServerConfigKeys (ConfUtils.java:logGet(46)) - raft.server.log.statemachine.data.sync.timeout = 10s (default)
2024-12-14 12:23:17,349 INFO  server.RaftServerConfigKeys (ConfUtils.java:logGet(46)) - raft.server.log.statemachine.data.sync.timeout.retry = -1 (default)
2024-12-14 12:23:17,349 INFO  server.RaftServerConfigKeys (ConfUtils.java:logGet(46)) - raft.server.log.write.buffer.size = 8MB (=8388608) (default)
2024-12-14 12:23:17,351 INFO  server.RaftServerConfigKeys (ConfUtils.java:logGet(46)) - raft.server.log.appender.buffer.byte-limit = 4MB (=4194304) (default)
2024-12-14 12:23:17,351 INFO  server.RaftServerConfigKeys (ConfUtils.java:logGet(46)) - raft.server.log.unsafe-flush.enabled = false (default)
2024-12-14 12:23:17,351 INFO  server.RaftServerConfigKeys (ConfUtils.java:logGet(46)) - raft.server.log.async-flush.enabled = false (default)
2024-12-14 12:23:17,351 INFO  server.RaftServerConfigKeys (ConfUtils.java:logGet(46)) - raft.server.log.statemachine.data.caching.enabled = false (default)
2024-12-14 12:23:17,351 INFO  segmented.SegmentedRaftLogWorker (SegmentedRaftLogWorker.java:lambda$new$0(140)) - s7@group-E0CF8C87AB81-SegmentedRaftLogWorker: flushIndex: setUnconditionally 0 -> -1
2024-12-14 12:23:17,351 INFO  segmented.SegmentedRaftLogWorker (SegmentedRaftLogWorker.java:lambda$new$0(140)) - s7@group-E0CF8C87AB81-SegmentedRaftLogWorker: safeCacheEvictIndex: setUnconditionally 0 -> -1
2024-12-14 12:23:17,352 INFO  server.RaftServer$Division (RaftServerImpl.java:start(398)) - s7@group-E0CF8C87AB81: start with initializing state, conf=conf: {index: -1, cur=peers:[]|listeners:[], old=null}
2024-12-14 12:23:17,352 INFO  server.RaftServer$Division (RaftServerImpl.java:setRole(379)) - s7@group-E0CF8C87AB81: changes role from      null to FOLLOWER at term 0 for start
2024-12-14 12:23:17,352 INFO  util.JmxRegister (JmxRegister.java:tryRegister(44)) - Successfully registered JMX Bean with object name Ratis:service=RaftServer,group=group-E0CF8C87AB81,id=s7
2024-12-14 12:23:17,352 INFO  util.JmxRegister (JmxRegister.java:register(58)) - register mxBean class org.apache.ratis.server.impl.RaftServerJmxAdapter as Ratis:service=RaftServer,group=group-E0CF8C87AB81,id=s7
2024-12-14 12:23:17,352 INFO  server.RaftServerConfigKeys (ConfUtils.java:logGet(46)) - raft.server.snapshot.trigger-when-stop.enabled = true (default)
2024-12-14 12:23:17,352 INFO  server.RaftServerConfigKeys (ConfUtils.java:logGet(46)) - raft.server.snapshot.trigger-when-remove.enabled = true (default)
2024-12-14 12:23:17,352 INFO  server.RaftServerConfigKeys (ConfUtils.java:logGet(46)) - raft.server.snapshot.auto.trigger.enabled = false (default)
2024-12-14 12:23:17,353 INFO  server.RaftServerConfigKeys (ConfUtils.java:logGet(46)) - raft.server.snapshot.retention.file.num = -1 (default)
2024-12-14 12:23:17,353 INFO  server.RaftServerConfigKeys (ConfUtils.java:logGet(46)) - raft.server.log.purge.upto.snapshot.index = false (default)
2024-12-14 12:23:17,353 INFO  server.RaftServer$Division (RaftServerImpl.java:start(406)) - s7@group-E0CF8C87AB81: Successfully started.
2024-12-14 12:23:17,353 INFO  server.RaftServer (RaftServerProxy.java:startImpl(408)) - s7: start RPC server
2024-12-14 12:23:17,354 INFO  util.JvmPauseMonitor (JvmPauseMonitor.java:run(146)) - JvmPauseMonitor-s7: Started
2024-12-14 12:23:17,354 INFO  server.RaftServerConfigKeys (ConfUtils.java:logGet(46)) - raft.server.storage.free-space.min = 0MB (=0) (default)
2024-12-14 12:23:17,354 INFO  server.RaftServerConfigKeys (ConfUtils.java:logGet(46)) - raft.server.log.corruption.policy = EXCEPTION (default)
2024-12-14 12:23:17,354 INFO  server.RaftServerConfigKeys (ConfUtils.java:logGet(46)) - raft.server.storage.dir = [/home/runner/work/ratis/ratis/ratis-examples/target/test/data/da5193cb/MiniRaftClusterWithSimulatedRpced10c1e3/s8] (custom)
2024-12-14 12:23:17,355 INFO  storage.RaftStorageDirectory (RaftStorageDirectoryImpl.java:analyzeStorage(138)) - The storage directory /home/runner/work/ratis/ratis/ratis-examples/target/test/data/da5193cb/MiniRaftClusterWithSimulatedRpced10c1e3/s8/13ca47b2-d3ce-472f-ae05-e0cf8c87ab81 does not exist. Creating ...
2024-12-14 12:23:17,355 TRACE util.FileUtils (LogUtils.java:runAndLog(49)) - Successfully ran Files.createDirectories /home/runner/work/ratis/ratis/ratis-examples/target/test/data/da5193cb/MiniRaftClusterWithSimulatedRpced10c1e3/s8/13ca47b2-d3ce-472f-ae05-e0cf8c87ab81
2024-12-14 12:23:17,356 INFO  storage.RaftStorageDirectory (RaftStorageDirectoryImpl.java:tryLock(229)) - Lock on /home/runner/work/ratis/ratis/ratis-examples/target/test/data/da5193cb/MiniRaftClusterWithSimulatedRpced10c1e3/s8/13ca47b2-d3ce-472f-ae05-e0cf8c87ab81/in_use.lock acquired by nodename 14700@fv-az733-880
2024-12-14 12:23:17,356 TRACE util.FileUtils (LogUtils.java:runAndLog(49)) - Successfully ran Files.createDirectories /home/runner/work/ratis/ratis/ratis-examples/target/test/data/da5193cb/MiniRaftClusterWithSimulatedRpced10c1e3/s8/13ca47b2-d3ce-472f-ae05-e0cf8c87ab81/current
2024-12-14 12:23:17,356 TRACE util.FileUtils (LogUtils.java:runAndLog(49)) - Successfully ran Files.createDirectories /home/runner/work/ratis/ratis/ratis-examples/target/test/data/da5193cb/MiniRaftClusterWithSimulatedRpced10c1e3/s8/13ca47b2-d3ce-472f-ae05-e0cf8c87ab81/sm
2024-12-14 12:23:17,356 TRACE util.FileUtils (LogUtils.java:supplyAndLog(69)) - Successfully supplied FileChannel.open /home/runner/work/ratis/ratis/ratis-examples/target/test/data/da5193cb/MiniRaftClusterWithSimulatedRpced10c1e3/s8/13ca47b2-d3ce-472f-ae05-e0cf8c87ab81/current/raft-meta.tmp with options [CREATE, WRITE]: sun.nio.ch.FileChannelImpl@3d575566
2024-12-14 12:23:17,358 TRACE util.FileUtils (LogUtils.java:runAndLog(49)) - Successfully ran Atomic Files.move /home/runner/work/ratis/ratis/ratis-examples/target/test/data/da5193cb/MiniRaftClusterWithSimulatedRpced10c1e3/s8/13ca47b2-d3ce-472f-ae05-e0cf8c87ab81/current/raft-meta.tmp to /home/runner/work/ratis/ratis/ratis-examples/target/test/data/da5193cb/MiniRaftClusterWithSimulatedRpced10c1e3/s8/13ca47b2-d3ce-472f-ae05-e0cf8c87ab81/current/raft-meta with options [REPLACE_EXISTING]
2024-12-14 12:23:17,358 INFO  storage.RaftStorage (RaftStorageImpl.java:format(98)) - Storage directory /home/runner/work/ratis/ratis/ratis-examples/target/test/data/da5193cb/MiniRaftClusterWithSimulatedRpced10c1e3/s8/13ca47b2-d3ce-472f-ae05-e0cf8c87ab81 has been successfully formatted.
2024-12-14 12:23:17,358 WARN  statemachine.StateMachine (ArithmeticStateMachine.java:loadSnapshot(115)) - The snapshot info is null.
2024-12-14 12:23:17,358 INFO  server.RaftServerConfigKeys (ConfUtils.java:logGet(46)) - raft.server.log.use.memory = false (default)
2024-12-14 12:23:17,359 INFO  server.RaftServerConfigKeys (ConfUtils.java:logGet(46)) - raft.server.log.purge.gap = 1024 (default)
2024-12-14 12:23:17,359 INFO  server.RaftServerConfigKeys (ConfUtils.java:logGet(46)) - raft.server.log.appender.buffer.byte-limit = 4MB (=4194304) (default)
2024-12-14 12:23:17,359 INFO  server.RaftServerConfigKeys (ConfUtils.java:logGet(46)) - raft.server.log.statemachine.data.read.timeout = 1000ms (default)
2024-12-14 12:23:17,359 INFO  server.RaftServerConfigKeys (ConfUtils.java:logGet(46)) - raft.server.log.purge.preservation.log.num = 0 (default)
2024-12-14 12:23:17,360 INFO  server.RaftServerConfigKeys (ConfUtils.java:logGet(46)) - raft.server.log.segment.size.max = 32MB (=33554432) (default)
2024-12-14 12:23:17,360 INFO  server.RaftServerConfigKeys (ConfUtils.java:logGet(46)) - raft.server.log.segment.cache.num.max = 6 (default)
2024-12-14 12:23:17,360 INFO  server.RaftServerConfigKeys (ConfUtils.java:logGet(46)) - raft.server.log.segment.cache.size.max = 200MB (=209715200) (default)
2024-12-14 12:23:17,360 INFO  server.RaftServerConfigKeys (ConfUtils.java:logGet(46)) - raft.server.log.appender.buffer.byte-limit = 4MB (=4194304) (default)
2024-12-14 12:23:17,360 INFO  util.AwaitToRun (AwaitToRun.java:start(81)) - Thread[s8@group-E0CF8C87AB81-cacheEviction-AwaitToRun,5,main] started
2024-12-14 12:23:17,360 INFO  segmented.SegmentedRaftLogWorker (SegmentedRaftLogWorker.java:<init>(189)) - new s8@group-E0CF8C87AB81-SegmentedRaftLogWorker for RaftStorageImpl:Storage Directory /home/runner/work/ratis/ratis/ratis-examples/target/test/data/da5193cb/MiniRaftClusterWithSimulatedRpced10c1e3/s8/13ca47b2-d3ce-472f-ae05-e0cf8c87ab81
2024-12-14 12:23:17,361 INFO  server.RaftServerConfigKeys (ConfUtils.java:logGet(46)) - raft.server.log.queue.byte-limit = 64MB (=67108864) (default)
2024-12-14 12:23:17,361 INFO  server.RaftServerConfigKeys (ConfUtils.java:logGet(46)) - raft.server.log.queue.element-limit = 4096 (default)
2024-12-14 12:23:17,361 INFO  server.RaftServerConfigKeys (ConfUtils.java:logGet(46)) - raft.server.log.segment.size.max = 32MB (=33554432) (default)
2024-12-14 12:23:17,361 INFO  server.RaftServerConfigKeys (ConfUtils.java:logGet(46)) - raft.server.log.preallocated.size = 4MB (=4194304) (default)
2024-12-14 12:23:17,361 INFO  server.RaftServerConfigKeys (ConfUtils.java:logGet(46)) - raft.server.log.force.sync.num = 128 (default)
2024-12-14 12:23:17,361 INFO  server.RaftServerConfigKeys (ConfUtils.java:logGet(46)) - raft.server.log.statemachine.data.sync = true (default)
2024-12-14 12:23:17,361 INFO  server.RaftServerConfigKeys (ConfUtils.java:logGet(46)) - raft.server.log.statemachine.data.sync.timeout = 10s (default)
2024-12-14 12:23:17,361 INFO  server.RaftServerConfigKeys (ConfUtils.java:logGet(46)) - raft.server.log.statemachine.data.sync.timeout.retry = -1 (default)
2024-12-14 12:23:17,362 INFO  server.RaftServerConfigKeys (ConfUtils.java:logGet(46)) - raft.server.log.write.buffer.size = 8MB (=8388608) (default)
2024-12-14 12:23:17,363 INFO  server.RaftServerConfigKeys (ConfUtils.java:logGet(46)) - raft.server.log.appender.buffer.byte-limit = 4MB (=4194304) (default)
2024-12-14 12:23:17,363 INFO  server.RaftServerConfigKeys (ConfUtils.java:logGet(46)) - raft.server.log.unsafe-flush.enabled = false (default)
2024-12-14 12:23:17,363 INFO  server.RaftServerConfigKeys (ConfUtils.java:logGet(46)) - raft.server.log.async-flush.enabled = false (default)
2024-12-14 12:23:17,364 INFO  server.RaftServerConfigKeys (ConfUtils.java:logGet(46)) - raft.server.log.statemachine.data.caching.enabled = false (default)
2024-12-14 12:23:17,364 INFO  segmented.SegmentedRaftLogWorker (SegmentedRaftLogWorker.java:lambda$new$0(140)) - s8@group-E0CF8C87AB81-SegmentedRaftLogWorker: flushIndex: setUnconditionally 0 -> -1
2024-12-14 12:23:17,364 INFO  segmented.SegmentedRaftLogWorker (SegmentedRaftLogWorker.java:lambda$new$0(140)) - s8@group-E0CF8C87AB81-SegmentedRaftLogWorker: safeCacheEvictIndex: setUnconditionally 0 -> -1
2024-12-14 12:23:17,364 INFO  server.RaftServer$Division (RaftServerImpl.java:start(398)) - s8@group-E0CF8C87AB81: start with initializing state, conf=conf: {index: -1, cur=peers:[]|listeners:[], old=null}
2024-12-14 12:23:17,364 INFO  server.RaftServer$Division (RaftServerImpl.java:setRole(379)) - s8@group-E0CF8C87AB81: changes role from      null to FOLLOWER at term 0 for start
2024-12-14 12:23:17,364 INFO  util.JmxRegister (JmxRegister.java:tryRegister(44)) - Successfully registered JMX Bean with object name Ratis:service=RaftServer,group=group-E0CF8C87AB81,id=s8
2024-12-14 12:23:17,365 INFO  util.JmxRegister (JmxRegister.java:register(58)) - register mxBean class org.apache.ratis.server.impl.RaftServerJmxAdapter as Ratis:service=RaftServer,group=group-E0CF8C87AB81,id=s8
2024-12-14 12:23:17,365 INFO  server.RaftServerConfigKeys (ConfUtils.java:logGet(46)) - raft.server.snapshot.trigger-when-stop.enabled = true (default)
2024-12-14 12:23:17,365 INFO  server.RaftServerConfigKeys (ConfUtils.java:logGet(46)) - raft.server.snapshot.trigger-when-remove.enabled = true (default)
2024-12-14 12:23:17,365 INFO  server.RaftServerConfigKeys (ConfUtils.java:logGet(46)) - raft.server.snapshot.auto.trigger.enabled = false (default)
2024-12-14 12:23:17,365 INFO  server.RaftServerConfigKeys (ConfUtils.java:logGet(46)) - raft.server.snapshot.retention.file.num = -1 (default)
2024-12-14 12:23:17,365 INFO  server.RaftServerConfigKeys (ConfUtils.java:logGet(46)) - raft.server.log.purge.upto.snapshot.index = false (default)
2024-12-14 12:23:17,366 INFO  server.RaftServer$Division (RaftServerImpl.java:start(406)) - s8@group-E0CF8C87AB81: Successfully started.
2024-12-14 12:23:17,366 INFO  server.RaftServer (RaftServerProxy.java:startImpl(408)) - s8: start RPC server
2024-12-14 12:23:17,368 INFO  util.JvmPauseMonitor (JvmPauseMonitor.java:run(146)) - JvmPauseMonitor-s8: Started
2024-12-14 12:23:17,368 INFO  server.RaftServerConfigKeys (ConfUtils.java:logGet(46)) - raft.server.storage.free-space.min = 0MB (=0) (default)
2024-12-14 12:23:17,368 INFO  server.RaftServerConfigKeys (ConfUtils.java:logGet(46)) - raft.server.log.corruption.policy = EXCEPTION (default)
2024-12-14 12:23:17,368 INFO  server.RaftServerConfigKeys (ConfUtils.java:logGet(46)) - raft.server.storage.dir = [/home/runner/work/ratis/ratis/ratis-examples/target/test/data/da5193cb/MiniRaftClusterWithSimulatedRpced10c1e3/s9] (custom)
2024-12-14 12:23:17,368 INFO  storage.RaftStorageDirectory (RaftStorageDirectoryImpl.java:analyzeStorage(138)) - The storage directory /home/runner/work/ratis/ratis/ratis-examples/target/test/data/da5193cb/MiniRaftClusterWithSimulatedRpced10c1e3/s9/13ca47b2-d3ce-472f-ae05-e0cf8c87ab81 does not exist. Creating ...
2024-12-14 12:23:17,369 TRACE util.FileUtils (LogUtils.java:runAndLog(49)) - Successfully ran Files.createDirectories /home/runner/work/ratis/ratis/ratis-examples/target/test/data/da5193cb/MiniRaftClusterWithSimulatedRpced10c1e3/s9/13ca47b2-d3ce-472f-ae05-e0cf8c87ab81
2024-12-14 12:23:17,370 INFO  storage.RaftStorageDirectory (RaftStorageDirectoryImpl.java:tryLock(229)) - Lock on /home/runner/work/ratis/ratis/ratis-examples/target/test/data/da5193cb/MiniRaftClusterWithSimulatedRpced10c1e3/s9/13ca47b2-d3ce-472f-ae05-e0cf8c87ab81/in_use.lock acquired by nodename 14700@fv-az733-880
2024-12-14 12:23:17,370 TRACE util.FileUtils (LogUtils.java:runAndLog(49)) - Successfully ran Files.createDirectories /home/runner/work/ratis/ratis/ratis-examples/target/test/data/da5193cb/MiniRaftClusterWithSimulatedRpced10c1e3/s9/13ca47b2-d3ce-472f-ae05-e0cf8c87ab81/current
2024-12-14 12:23:17,370 TRACE util.FileUtils (LogUtils.java:runAndLog(49)) - Successfully ran Files.createDirectories /home/runner/work/ratis/ratis/ratis-examples/target/test/data/da5193cb/MiniRaftClusterWithSimulatedRpced10c1e3/s9/13ca47b2-d3ce-472f-ae05-e0cf8c87ab81/sm
2024-12-14 12:23:17,370 TRACE util.FileUtils (LogUtils.java:supplyAndLog(69)) - Successfully supplied FileChannel.open /home/runner/work/ratis/ratis/ratis-examples/target/test/data/da5193cb/MiniRaftClusterWithSimulatedRpced10c1e3/s9/13ca47b2-d3ce-472f-ae05-e0cf8c87ab81/current/raft-meta.tmp with options [CREATE, WRITE]: sun.nio.ch.FileChannelImpl@157cfe44
2024-12-14 12:23:17,373 TRACE util.FileUtils (LogUtils.java:runAndLog(49)) - Successfully ran Atomic Files.move /home/runner/work/ratis/ratis/ratis-examples/target/test/data/da5193cb/MiniRaftClusterWithSimulatedRpced10c1e3/s9/13ca47b2-d3ce-472f-ae05-e0cf8c87ab81/current/raft-meta.tmp to /home/runner/work/ratis/ratis/ratis-examples/target/test/data/da5193cb/MiniRaftClusterWithSimulatedRpced10c1e3/s9/13ca47b2-d3ce-472f-ae05-e0cf8c87ab81/current/raft-meta with options [REPLACE_EXISTING]
2024-12-14 12:23:17,373 INFO  storage.RaftStorage (RaftStorageImpl.java:format(98)) - Storage directory /home/runner/work/ratis/ratis/ratis-examples/target/test/data/da5193cb/MiniRaftClusterWithSimulatedRpced10c1e3/s9/13ca47b2-d3ce-472f-ae05-e0cf8c87ab81 has been successfully formatted.
2024-12-14 12:23:17,374 WARN  statemachine.StateMachine (ArithmeticStateMachine.java:loadSnapshot(115)) - The snapshot info is null.
2024-12-14 12:23:17,374 INFO  server.RaftServerConfigKeys (ConfUtils.java:logGet(46)) - raft.server.log.use.memory = false (default)
2024-12-14 12:23:17,374 INFO  server.RaftServerConfigKeys (ConfUtils.java:logGet(46)) - raft.server.log.purge.gap = 1024 (default)
2024-12-14 12:23:17,374 INFO  server.RaftServerConfigKeys (ConfUtils.java:logGet(46)) - raft.server.log.appender.buffer.byte-limit = 4MB (=4194304) (default)
2024-12-14 12:23:17,374 INFO  server.RaftServerConfigKeys (ConfUtils.java:logGet(46)) - raft.server.log.statemachine.data.read.timeout = 1000ms (default)
2024-12-14 12:23:17,374 INFO  server.RaftServerConfigKeys (ConfUtils.java:logGet(46)) - raft.server.log.purge.preservation.log.num = 0 (default)
2024-12-14 12:23:17,375 INFO  server.RaftServerConfigKeys (ConfUtils.java:logGet(46)) - raft.server.log.segment.size.max = 32MB (=33554432) (default)
2024-12-14 12:23:17,375 INFO  server.RaftServerConfigKeys (ConfUtils.java:logGet(46)) - raft.server.log.segment.cache.num.max = 6 (default)
2024-12-14 12:23:17,375 INFO  server.RaftServerConfigKeys (ConfUtils.java:logGet(46)) - raft.server.log.segment.cache.size.max = 200MB (=209715200) (default)
2024-12-14 12:23:17,376 INFO  server.RaftServerConfigKeys (ConfUtils.java:logGet(46)) - raft.server.log.appender.buffer.byte-limit = 4MB (=4194304) (default)
2024-12-14 12:23:17,377 INFO  util.AwaitToRun (AwaitToRun.java:start(81)) - Thread[s9@group-E0CF8C87AB81-cacheEviction-AwaitToRun,5,main] started
2024-12-14 12:23:17,378 INFO  segmented.SegmentedRaftLogWorker (SegmentedRaftLogWorker.java:<init>(189)) - new s9@group-E0CF8C87AB81-SegmentedRaftLogWorker for RaftStorageImpl:Storage Directory /home/runner/work/ratis/ratis/ratis-examples/target/test/data/da5193cb/MiniRaftClusterWithSimulatedRpced10c1e3/s9/13ca47b2-d3ce-472f-ae05-e0cf8c87ab81
2024-12-14 12:23:17,378 INFO  server.RaftServerConfigKeys (ConfUtils.java:logGet(46)) - raft.server.log.queue.byte-limit = 64MB (=67108864) (default)
2024-12-14 12:23:17,378 INFO  server.RaftServerConfigKeys (ConfUtils.java:logGet(46)) - raft.server.log.queue.element-limit = 4096 (default)
2024-12-14 12:23:17,378 INFO  server.RaftServerConfigKeys (ConfUtils.java:logGet(46)) - raft.server.log.segment.size.max = 32MB (=33554432) (default)
2024-12-14 12:23:17,378 INFO  server.RaftServerConfigKeys (ConfUtils.java:logGet(46)) - raft.server.log.preallocated.size = 4MB (=4194304) (default)
2024-12-14 12:23:17,378 INFO  server.RaftServerConfigKeys (ConfUtils.java:logGet(46)) - raft.server.log.force.sync.num = 128 (default)
2024-12-14 12:23:17,378 INFO  server.RaftServerConfigKeys (ConfUtils.java:logGet(46)) - raft.server.log.statemachine.data.sync = true (default)
2024-12-14 12:23:17,378 INFO  server.RaftServerConfigKeys (ConfUtils.java:logGet(46)) - raft.server.log.statemachine.data.sync.timeout = 10s (default)
2024-12-14 12:23:17,378 INFO  server.RaftServerConfigKeys (ConfUtils.java:logGet(46)) - raft.server.log.statemachine.data.sync.timeout.retry = -1 (default)
2024-12-14 12:23:17,378 INFO  server.RaftServerConfigKeys (ConfUtils.java:logGet(46)) - raft.server.log.write.buffer.size = 8MB (=8388608) (default)
2024-12-14 12:23:17,381 INFO  server.RaftServerConfigKeys (ConfUtils.java:logGet(46)) - raft.server.log.appender.buffer.byte-limit = 4MB (=4194304) (default)
2024-12-14 12:23:17,381 INFO  server.RaftServerConfigKeys (ConfUtils.java:logGet(46)) - raft.server.log.unsafe-flush.enabled = false (default)
2024-12-14 12:23:17,381 INFO  server.RaftServerConfigKeys (ConfUtils.java:logGet(46)) - raft.server.log.async-flush.enabled = false (default)
2024-12-14 12:23:17,381 INFO  server.RaftServerConfigKeys (ConfUtils.java:logGet(46)) - raft.server.log.statemachine.data.caching.enabled = false (default)
2024-12-14 12:23:17,381 INFO  segmented.SegmentedRaftLogWorker (SegmentedRaftLogWorker.java:lambda$new$0(140)) - s9@group-E0CF8C87AB81-SegmentedRaftLogWorker: flushIndex: setUnconditionally 0 -> -1
2024-12-14 12:23:17,382 INFO  segmented.SegmentedRaftLogWorker (SegmentedRaftLogWorker.java:lambda$new$0(140)) - s9@group-E0CF8C87AB81-SegmentedRaftLogWorker: safeCacheEvictIndex: setUnconditionally 0 -> -1
2024-12-14 12:23:17,382 INFO  server.RaftServer$Division (RaftServerImpl.java:start(398)) - s9@group-E0CF8C87AB81: start with initializing state, conf=conf: {index: -1, cur=peers:[]|listeners:[], old=null}
2024-12-14 12:23:17,382 INFO  server.RaftServer$Division (RaftServerImpl.java:setRole(379)) - s9@group-E0CF8C87AB81: changes role from      null to FOLLOWER at term 0 for start
2024-12-14 12:23:17,382 INFO  util.JmxRegister (JmxRegister.java:tryRegister(44)) - Successfully registered JMX Bean with object name Ratis:service=RaftServer,group=group-E0CF8C87AB81,id=s9
2024-12-14 12:23:17,382 INFO  util.JmxRegister (JmxRegister.java:register(58)) - register mxBean class org.apache.ratis.server.impl.RaftServerJmxAdapter as Ratis:service=RaftServer,group=group-E0CF8C87AB81,id=s9
2024-12-14 12:23:17,382 INFO  server.RaftServerConfigKeys (ConfUtils.java:logGet(46)) - raft.server.snapshot.trigger-when-stop.enabled = true (default)
2024-12-14 12:23:17,382 INFO  server.RaftServerConfigKeys (ConfUtils.java:logGet(46)) - raft.server.snapshot.trigger-when-remove.enabled = true (default)
2024-12-14 12:23:17,382 INFO  server.RaftServerConfigKeys (ConfUtils.java:logGet(46)) - raft.server.snapshot.auto.trigger.enabled = false (default)
2024-12-14 12:23:17,383 INFO  server.RaftServerConfigKeys (ConfUtils.java:logGet(46)) - raft.server.snapshot.retention.file.num = -1 (default)
2024-12-14 12:23:17,383 INFO  server.RaftServerConfigKeys (ConfUtils.java:logGet(46)) - raft.server.log.purge.upto.snapshot.index = false (default)
2024-12-14 12:23:17,383 INFO  server.RaftServer$Division (RaftServerImpl.java:start(406)) - s9@group-E0CF8C87AB81: Successfully started.
2024-12-14 12:23:17,383 INFO  server.RaftServer (RaftServerProxy.java:startImpl(408)) - s9: start RPC server
2024-12-14 12:23:17,384 INFO  util.JvmPauseMonitor (JvmPauseMonitor.java:run(146)) - JvmPauseMonitor-s9: Started
2024-12-14 12:23:17,384 INFO  server.RaftServerConfigKeys (ConfUtils.java:logGet(46)) - raft.server.storage.free-space.min = 0MB (=0) (default)
2024-12-14 12:23:17,384 INFO  server.RaftServerConfigKeys (ConfUtils.java:logGet(46)) - raft.server.log.corruption.policy = EXCEPTION (default)
2024-12-14 12:23:17,384 INFO  server.RaftServerConfigKeys (ConfUtils.java:logGet(46)) - raft.server.storage.dir = [/home/runner/work/ratis/ratis/ratis-examples/target/test/data/da5193cb/MiniRaftClusterWithSimulatedRpced10c1e3/s11] (custom)
2024-12-14 12:23:17,385 INFO  storage.RaftStorageDirectory (RaftStorageDirectoryImpl.java:analyzeStorage(138)) - The storage directory /home/runner/work/ratis/ratis/ratis-examples/target/test/data/da5193cb/MiniRaftClusterWithSimulatedRpced10c1e3/s11/13ca47b2-d3ce-472f-ae05-e0cf8c87ab81 does not exist. Creating ...
2024-12-14 12:23:17,385 TRACE util.FileUtils (LogUtils.java:runAndLog(49)) - Successfully ran Files.createDirectories /home/runner/work/ratis/ratis/ratis-examples/target/test/data/da5193cb/MiniRaftClusterWithSimulatedRpced10c1e3/s11/13ca47b2-d3ce-472f-ae05-e0cf8c87ab81
2024-12-14 12:23:17,386 INFO  storage.RaftStorageDirectory (RaftStorageDirectoryImpl.java:tryLock(229)) - Lock on /home/runner/work/ratis/ratis/ratis-examples/target/test/data/da5193cb/MiniRaftClusterWithSimulatedRpced10c1e3/s11/13ca47b2-d3ce-472f-ae05-e0cf8c87ab81/in_use.lock acquired by nodename 14700@fv-az733-880
2024-12-14 12:23:17,386 TRACE util.FileUtils (LogUtils.java:runAndLog(49)) - Successfully ran Files.createDirectories /home/runner/work/ratis/ratis/ratis-examples/target/test/data/da5193cb/MiniRaftClusterWithSimulatedRpced10c1e3/s11/13ca47b2-d3ce-472f-ae05-e0cf8c87ab81/current
2024-12-14 12:23:17,386 TRACE util.FileUtils (LogUtils.java:runAndLog(49)) - Successfully ran Files.createDirectories /home/runner/work/ratis/ratis/ratis-examples/target/test/data/da5193cb/MiniRaftClusterWithSimulatedRpced10c1e3/s11/13ca47b2-d3ce-472f-ae05-e0cf8c87ab81/sm
2024-12-14 12:23:17,387 TRACE util.FileUtils (LogUtils.java:supplyAndLog(69)) - Successfully supplied FileChannel.open /home/runner/work/ratis/ratis/ratis-examples/target/test/data/da5193cb/MiniRaftClusterWithSimulatedRpced10c1e3/s11/13ca47b2-d3ce-472f-ae05-e0cf8c87ab81/current/raft-meta.tmp with options [CREATE, WRITE]: sun.nio.ch.FileChannelImpl@896c352
2024-12-14 12:23:17,389 TRACE util.FileUtils (LogUtils.java:runAndLog(49)) - Successfully ran Atomic Files.move /home/runner/work/ratis/ratis/ratis-examples/target/test/data/da5193cb/MiniRaftClusterWithSimulatedRpced10c1e3/s11/13ca47b2-d3ce-472f-ae05-e0cf8c87ab81/current/raft-meta.tmp to /home/runner/work/ratis/ratis/ratis-examples/target/test/data/da5193cb/MiniRaftClusterWithSimulatedRpced10c1e3/s11/13ca47b2-d3ce-472f-ae05-e0cf8c87ab81/current/raft-meta with options [REPLACE_EXISTING]
2024-12-14 12:23:17,389 INFO  storage.RaftStorage (RaftStorageImpl.java:format(98)) - Storage directory /home/runner/work/ratis/ratis/ratis-examples/target/test/data/da5193cb/MiniRaftClusterWithSimulatedRpced10c1e3/s11/13ca47b2-d3ce-472f-ae05-e0cf8c87ab81 has been successfully formatted.
2024-12-14 12:23:17,389 WARN  statemachine.StateMachine (ArithmeticStateMachine.java:loadSnapshot(115)) - The snapshot info is null.
2024-12-14 12:23:17,389 INFO  server.RaftServerConfigKeys (ConfUtils.java:logGet(46)) - raft.server.log.use.memory = false (default)
2024-12-14 12:23:17,389 INFO  server.RaftServerConfigKeys (ConfUtils.java:logGet(46)) - raft.server.log.purge.gap = 1024 (default)
2024-12-14 12:23:17,389 INFO  server.RaftServerConfigKeys (ConfUtils.java:logGet(46)) - raft.server.log.appender.buffer.byte-limit = 4MB (=4194304) (default)
2024-12-14 12:23:17,390 INFO  server.RaftServerConfigKeys (ConfUtils.java:logGet(46)) - raft.server.log.statemachine.data.read.timeout = 1000ms (default)
2024-12-14 12:23:17,390 INFO  server.RaftServerConfigKeys (ConfUtils.java:logGet(46)) - raft.server.log.purge.preservation.log.num = 0 (default)
2024-12-14 12:23:17,390 INFO  server.RaftServerConfigKeys (ConfUtils.java:logGet(46)) - raft.server.log.segment.size.max = 32MB (=33554432) (default)
2024-12-14 12:23:17,390 INFO  server.RaftServerConfigKeys (ConfUtils.java:logGet(46)) - raft.server.log.segment.cache.num.max = 6 (default)
2024-12-14 12:23:17,390 INFO  server.RaftServerConfigKeys (ConfUtils.java:logGet(46)) - raft.server.log.segment.cache.size.max = 200MB (=209715200) (default)
2024-12-14 12:23:17,390 INFO  server.RaftServerConfigKeys (ConfUtils.java:logGet(46)) - raft.server.log.appender.buffer.byte-limit = 4MB (=4194304) (default)
2024-12-14 12:23:17,391 INFO  util.AwaitToRun (AwaitToRun.java:start(81)) - Thread[s11@group-E0CF8C87AB81-cacheEviction-AwaitToRun,5,main] started
2024-12-14 12:23:17,391 INFO  segmented.SegmentedRaftLogWorker (SegmentedRaftLogWorker.java:<init>(189)) - new s11@group-E0CF8C87AB81-SegmentedRaftLogWorker for RaftStorageImpl:Storage Directory /home/runner/work/ratis/ratis/ratis-examples/target/test/data/da5193cb/MiniRaftClusterWithSimulatedRpced10c1e3/s11/13ca47b2-d3ce-472f-ae05-e0cf8c87ab81
2024-12-14 12:23:17,391 INFO  server.RaftServerConfigKeys (ConfUtils.java:logGet(46)) - raft.server.log.queue.byte-limit = 64MB (=67108864) (default)
2024-12-14 12:23:17,391 INFO  server.RaftServerConfigKeys (ConfUtils.java:logGet(46)) - raft.server.log.queue.element-limit = 4096 (default)
2024-12-14 12:23:17,391 INFO  server.RaftServerConfigKeys (ConfUtils.java:logGet(46)) - raft.server.log.segment.size.max = 32MB (=33554432) (default)
2024-12-14 12:23:17,391 INFO  server.RaftServerConfigKeys (ConfUtils.java:logGet(46)) - raft.server.log.preallocated.size = 4MB (=4194304) (default)
2024-12-14 12:23:17,391 INFO  server.RaftServerConfigKeys (ConfUtils.java:logGet(46)) - raft.server.log.force.sync.num = 128 (default)
2024-12-14 12:23:17,391 INFO  server.RaftServerConfigKeys (ConfUtils.java:logGet(46)) - raft.server.log.statemachine.data.sync = true (default)
2024-12-14 12:23:17,391 INFO  server.RaftServerConfigKeys (ConfUtils.java:logGet(46)) - raft.server.log.statemachine.data.sync.timeout = 10s (default)
2024-12-14 12:23:17,391 INFO  server.RaftServerConfigKeys (ConfUtils.java:logGet(46)) - raft.server.log.statemachine.data.sync.timeout.retry = -1 (default)
2024-12-14 12:23:17,392 INFO  server.RaftServerConfigKeys (ConfUtils.java:logGet(46)) - raft.server.log.write.buffer.size = 8MB (=8388608) (default)
2024-12-14 12:23:17,394 INFO  server.RaftServerConfigKeys (ConfUtils.java:logGet(46)) - raft.server.log.appender.buffer.byte-limit = 4MB (=4194304) (default)
2024-12-14 12:23:17,394 INFO  server.RaftServerConfigKeys (ConfUtils.java:logGet(46)) - raft.server.log.unsafe-flush.enabled = false (default)
2024-12-14 12:23:17,394 INFO  server.RaftServerConfigKeys (ConfUtils.java:logGet(46)) - raft.server.log.async-flush.enabled = false (default)
2024-12-14 12:23:17,394 INFO  server.RaftServerConfigKeys (ConfUtils.java:logGet(46)) - raft.server.log.statemachine.data.caching.enabled = false (default)
2024-12-14 12:23:17,394 INFO  segmented.SegmentedRaftLogWorker (SegmentedRaftLogWorker.java:lambda$new$0(140)) - s11@group-E0CF8C87AB81-SegmentedRaftLogWorker: flushIndex: setUnconditionally 0 -> -1
2024-12-14 12:23:17,395 INFO  segmented.SegmentedRaftLogWorker (SegmentedRaftLogWorker.java:lambda$new$0(140)) - s11@group-E0CF8C87AB81-SegmentedRaftLogWorker: safeCacheEvictIndex: setUnconditionally 0 -> -1
2024-12-14 12:23:17,395 INFO  server.RaftServer$Division (RaftServerImpl.java:start(398)) - s11@group-E0CF8C87AB81: start with initializing state, conf=conf: {index: -1, cur=peers:[]|listeners:[], old=null}
2024-12-14 12:23:17,395 INFO  server.RaftServer$Division (RaftServerImpl.java:setRole(379)) - s11@group-E0CF8C87AB81: changes role from      null to FOLLOWER at term 0 for start
2024-12-14 12:23:17,395 INFO  util.JmxRegister (JmxRegister.java:tryRegister(44)) - Successfully registered JMX Bean with object name Ratis:service=RaftServer,group=group-E0CF8C87AB81,id=s11
2024-12-14 12:23:17,395 INFO  util.JmxRegister (JmxRegister.java:register(58)) - register mxBean class org.apache.ratis.server.impl.RaftServerJmxAdapter as Ratis:service=RaftServer,group=group-E0CF8C87AB81,id=s11
2024-12-14 12:23:17,395 INFO  server.RaftServerConfigKeys (ConfUtils.java:logGet(46)) - raft.server.snapshot.trigger-when-stop.enabled = true (default)
2024-12-14 12:23:17,395 INFO  server.RaftServerConfigKeys (ConfUtils.java:logGet(46)) - raft.server.snapshot.trigger-when-remove.enabled = true (default)
2024-12-14 12:23:17,395 INFO  server.RaftServerConfigKeys (ConfUtils.java:logGet(46)) - raft.server.snapshot.auto.trigger.enabled = false (default)
2024-12-14 12:23:17,396 INFO  server.RaftServerConfigKeys (ConfUtils.java:logGet(46)) - raft.server.snapshot.retention.file.num = -1 (default)
2024-12-14 12:23:17,396 INFO  server.RaftServerConfigKeys (ConfUtils.java:logGet(46)) - raft.server.log.purge.upto.snapshot.index = false (default)
2024-12-14 12:23:17,396 INFO  server.RaftServer$Division (RaftServerImpl.java:start(406)) - s11@group-E0CF8C87AB81: Successfully started.
2024-12-14 12:23:17,396 INFO  server.RaftServer (RaftServerProxy.java:startImpl(408)) - s11: start RPC server
2024-12-14 12:23:17,397 INFO  util.JvmPauseMonitor (JvmPauseMonitor.java:run(146)) - JvmPauseMonitor-s11: Started
2024-12-14 12:23:17,397 INFO  server.RaftServerConfigKeys (ConfUtils.java:logGet(46)) - raft.server.storage.free-space.min = 0MB (=0) (default)
2024-12-14 12:23:17,397 INFO  server.RaftServerConfigKeys (ConfUtils.java:logGet(46)) - raft.server.log.corruption.policy = EXCEPTION (default)
2024-12-14 12:23:17,397 INFO  server.RaftServerConfigKeys (ConfUtils.java:logGet(46)) - raft.server.storage.dir = [/home/runner/work/ratis/ratis/ratis-examples/target/test/data/da5193cb/MiniRaftClusterWithSimulatedRpced10c1e3/s10] (custom)
2024-12-14 12:23:17,398 INFO  storage.RaftStorageDirectory (RaftStorageDirectoryImpl.java:analyzeStorage(138)) - The storage directory /home/runner/work/ratis/ratis/ratis-examples/target/test/data/da5193cb/MiniRaftClusterWithSimulatedRpced10c1e3/s10/13ca47b2-d3ce-472f-ae05-e0cf8c87ab81 does not exist. Creating ...
2024-12-14 12:23:17,398 TRACE util.FileUtils (LogUtils.java:runAndLog(49)) - Successfully ran Files.createDirectories /home/runner/work/ratis/ratis/ratis-examples/target/test/data/da5193cb/MiniRaftClusterWithSimulatedRpced10c1e3/s10/13ca47b2-d3ce-472f-ae05-e0cf8c87ab81
2024-12-14 12:23:17,399 INFO  storage.RaftStorageDirectory (RaftStorageDirectoryImpl.java:tryLock(229)) - Lock on /home/runner/work/ratis/ratis/ratis-examples/target/test/data/da5193cb/MiniRaftClusterWithSimulatedRpced10c1e3/s10/13ca47b2-d3ce-472f-ae05-e0cf8c87ab81/in_use.lock acquired by nodename 14700@fv-az733-880
2024-12-14 12:23:17,399 TRACE util.FileUtils (LogUtils.java:runAndLog(49)) - Successfully ran Files.createDirectories /home/runner/work/ratis/ratis/ratis-examples/target/test/data/da5193cb/MiniRaftClusterWithSimulatedRpced10c1e3/s10/13ca47b2-d3ce-472f-ae05-e0cf8c87ab81/current
2024-12-14 12:23:17,399 TRACE util.FileUtils (LogUtils.java:runAndLog(49)) - Successfully ran Files.createDirectories /home/runner/work/ratis/ratis/ratis-examples/target/test/data/da5193cb/MiniRaftClusterWithSimulatedRpced10c1e3/s10/13ca47b2-d3ce-472f-ae05-e0cf8c87ab81/sm
2024-12-14 12:23:17,399 TRACE util.FileUtils (LogUtils.java:supplyAndLog(69)) - Successfully supplied FileChannel.open /home/runner/work/ratis/ratis/ratis-examples/target/test/data/da5193cb/MiniRaftClusterWithSimulatedRpced10c1e3/s10/13ca47b2-d3ce-472f-ae05-e0cf8c87ab81/current/raft-meta.tmp with options [CREATE, WRITE]: sun.nio.ch.FileChannelImpl@4a042a56
2024-12-14 12:23:17,400 TRACE util.FileUtils (LogUtils.java:runAndLog(49)) - Successfully ran Atomic Files.move /home/runner/work/ratis/ratis/ratis-examples/target/test/data/da5193cb/MiniRaftClusterWithSimulatedRpced10c1e3/s10/13ca47b2-d3ce-472f-ae05-e0cf8c87ab81/current/raft-meta.tmp to /home/runner/work/ratis/ratis/ratis-examples/target/test/data/da5193cb/MiniRaftClusterWithSimulatedRpced10c1e3/s10/13ca47b2-d3ce-472f-ae05-e0cf8c87ab81/current/raft-meta with options [REPLACE_EXISTING]
2024-12-14 12:23:17,400 INFO  storage.RaftStorage (RaftStorageImpl.java:format(98)) - Storage directory /home/runner/work/ratis/ratis/ratis-examples/target/test/data/da5193cb/MiniRaftClusterWithSimulatedRpced10c1e3/s10/13ca47b2-d3ce-472f-ae05-e0cf8c87ab81 has been successfully formatted.
2024-12-14 12:23:17,401 WARN  statemachine.StateMachine (ArithmeticStateMachine.java:loadSnapshot(115)) - The snapshot info is null.
2024-12-14 12:23:17,401 INFO  server.RaftServerConfigKeys (ConfUtils.java:logGet(46)) - raft.server.log.use.memory = false (default)
2024-12-14 12:23:17,401 INFO  server.RaftServerConfigKeys (ConfUtils.java:logGet(46)) - raft.server.log.purge.gap = 1024 (default)
2024-12-14 12:23:17,401 INFO  server.RaftServerConfigKeys (ConfUtils.java:logGet(46)) - raft.server.log.appender.buffer.byte-limit = 4MB (=4194304) (default)
2024-12-14 12:23:17,401 INFO  server.RaftServerConfigKeys (ConfUtils.java:logGet(46)) - raft.server.log.statemachine.data.read.timeout = 1000ms (default)
2024-12-14 12:23:17,401 INFO  server.RaftServerConfigKeys (ConfUtils.java:logGet(46)) - raft.server.log.purge.preservation.log.num = 0 (default)
2024-12-14 12:23:17,402 INFO  server.RaftServerConfigKeys (ConfUtils.java:logGet(46)) - raft.server.log.segment.size.max = 32MB (=33554432) (default)
2024-12-14 12:23:17,402 INFO  server.RaftServerConfigKeys (ConfUtils.java:logGet(46)) - raft.server.log.segment.cache.num.max = 6 (default)
2024-12-14 12:23:17,402 INFO  server.RaftServerConfigKeys (ConfUtils.java:logGet(46)) - raft.server.log.segment.cache.size.max = 200MB (=209715200) (default)
2024-12-14 12:23:17,402 INFO  server.RaftServerConfigKeys (ConfUtils.java:logGet(46)) - raft.server.log.appender.buffer.byte-limit = 4MB (=4194304) (default)
2024-12-14 12:23:17,403 INFO  util.AwaitToRun (AwaitToRun.java:start(81)) - Thread[s10@group-E0CF8C87AB81-cacheEviction-AwaitToRun,5,main] started
2024-12-14 12:23:17,403 INFO  segmented.SegmentedRaftLogWorker (SegmentedRaftLogWorker.java:<init>(189)) - new s10@group-E0CF8C87AB81-SegmentedRaftLogWorker for RaftStorageImpl:Storage Directory /home/runner/work/ratis/ratis/ratis-examples/target/test/data/da5193cb/MiniRaftClusterWithSimulatedRpced10c1e3/s10/13ca47b2-d3ce-472f-ae05-e0cf8c87ab81
2024-12-14 12:23:17,403 INFO  server.RaftServerConfigKeys (ConfUtils.java:logGet(46)) - raft.server.log.queue.byte-limit = 64MB (=67108864) (default)
2024-12-14 12:23:17,403 INFO  server.RaftServerConfigKeys (ConfUtils.java:logGet(46)) - raft.server.log.queue.element-limit = 4096 (default)
2024-12-14 12:23:17,403 INFO  server.RaftServerConfigKeys (ConfUtils.java:logGet(46)) - raft.server.log.segment.size.max = 32MB (=33554432) (default)
2024-12-14 12:23:17,403 INFO  server.RaftServerConfigKeys (ConfUtils.java:logGet(46)) - raft.server.log.preallocated.size = 4MB (=4194304) (default)
2024-12-14 12:23:17,403 INFO  server.RaftServerConfigKeys (ConfUtils.java:logGet(46)) - raft.server.log.force.sync.num = 128 (default)
2024-12-14 12:23:17,403 INFO  server.RaftServerConfigKeys (ConfUtils.java:logGet(46)) - raft.server.log.statemachine.data.sync = true (default)
2024-12-14 12:23:17,403 INFO  server.RaftServerConfigKeys (ConfUtils.java:logGet(46)) - raft.server.log.statemachine.data.sync.timeout = 10s (default)
2024-12-14 12:23:17,403 INFO  server.RaftServerConfigKeys (ConfUtils.java:logGet(46)) - raft.server.log.statemachine.data.sync.timeout.retry = -1 (default)
2024-12-14 12:23:17,404 INFO  server.RaftServerConfigKeys (ConfUtils.java:logGet(46)) - raft.server.log.write.buffer.size = 8MB (=8388608) (default)
2024-12-14 12:23:17,405 INFO  server.RaftServerConfigKeys (ConfUtils.java:logGet(46)) - raft.server.log.appender.buffer.byte-limit = 4MB (=4194304) (default)
2024-12-14 12:23:17,405 INFO  server.RaftServerConfigKeys (ConfUtils.java:logGet(46)) - raft.server.log.unsafe-flush.enabled = false (default)
2024-12-14 12:23:17,405 INFO  server.RaftServerConfigKeys (ConfUtils.java:logGet(46)) - raft.server.log.async-flush.enabled = false (default)
2024-12-14 12:23:17,406 INFO  server.RaftServerConfigKeys (ConfUtils.java:logGet(46)) - raft.server.log.statemachine.data.caching.enabled = false (default)
2024-12-14 12:23:17,406 INFO  segmented.SegmentedRaftLogWorker (SegmentedRaftLogWorker.java:lambda$new$0(140)) - s10@group-E0CF8C87AB81-SegmentedRaftLogWorker: flushIndex: setUnconditionally 0 -> -1
2024-12-14 12:23:17,406 INFO  segmented.SegmentedRaftLogWorker (SegmentedRaftLogWorker.java:lambda$new$0(140)) - s10@group-E0CF8C87AB81-SegmentedRaftLogWorker: safeCacheEvictIndex: setUnconditionally 0 -> -1
2024-12-14 12:23:17,406 INFO  server.RaftServer$Division (RaftServerImpl.java:start(398)) - s10@group-E0CF8C87AB81: start with initializing state, conf=conf: {index: -1, cur=peers:[]|listeners:[], old=null}
2024-12-14 12:23:17,406 INFO  server.RaftServer$Division (RaftServerImpl.java:setRole(379)) - s10@group-E0CF8C87AB81: changes role from      null to FOLLOWER at term 0 for start
2024-12-14 12:23:17,406 INFO  util.JmxRegister (JmxRegister.java:tryRegister(44)) - Successfully registered JMX Bean with object name Ratis:service=RaftServer,group=group-E0CF8C87AB81,id=s10
2024-12-14 12:23:17,406 INFO  util.JmxRegister (JmxRegister.java:register(58)) - register mxBean class org.apache.ratis.server.impl.RaftServerJmxAdapter as Ratis:service=RaftServer,group=group-E0CF8C87AB81,id=s10
2024-12-14 12:23:17,407 INFO  server.RaftServerConfigKeys (ConfUtils.java:logGet(46)) - raft.server.snapshot.trigger-when-stop.enabled = true (default)
2024-12-14 12:23:17,407 INFO  server.RaftServerConfigKeys (ConfUtils.java:logGet(46)) - raft.server.snapshot.trigger-when-remove.enabled = true (default)
2024-12-14 12:23:17,407 INFO  server.RaftServerConfigKeys (ConfUtils.java:logGet(46)) - raft.server.snapshot.auto.trigger.enabled = false (default)
2024-12-14 12:23:17,407 INFO  server.RaftServerConfigKeys (ConfUtils.java:logGet(46)) - raft.server.snapshot.retention.file.num = -1 (default)
2024-12-14 12:23:17,407 INFO  server.RaftServerConfigKeys (ConfUtils.java:logGet(46)) - raft.server.log.purge.upto.snapshot.index = false (default)
2024-12-14 12:23:17,407 INFO  server.RaftServer$Division (RaftServerImpl.java:start(406)) - s10@group-E0CF8C87AB81: Successfully started.
2024-12-14 12:23:17,407 INFO  server.RaftServer (RaftServerProxy.java:startImpl(408)) - s10: start RPC server
2024-12-14 12:23:17,408 INFO  util.JvmPauseMonitor (JvmPauseMonitor.java:run(146)) - JvmPauseMonitor-s10: Started
2024-12-14 12:23:17,408 INFO  server.RaftServerConfigKeys (ConfUtils.java:logGet(46)) - raft.server.storage.free-space.min = 0MB (=0) (default)
2024-12-14 12:23:17,409 INFO  server.RaftServerConfigKeys (ConfUtils.java:logGet(46)) - raft.server.log.corruption.policy = EXCEPTION (default)
2024-12-14 12:23:17,409 INFO  server.RaftServerConfigKeys (ConfUtils.java:logGet(46)) - raft.server.storage.dir = [/home/runner/work/ratis/ratis/ratis-examples/target/test/data/da5193cb/MiniRaftClusterWithSimulatedRpced10c1e3/s13] (custom)
2024-12-14 12:23:17,409 INFO  storage.RaftStorageDirectory (RaftStorageDirectoryImpl.java:analyzeStorage(138)) - The storage directory /home/runner/work/ratis/ratis/ratis-examples/target/test/data/da5193cb/MiniRaftClusterWithSimulatedRpced10c1e3/s13/13ca47b2-d3ce-472f-ae05-e0cf8c87ab81 does not exist. Creating ...
2024-12-14 12:23:17,409 TRACE util.FileUtils (LogUtils.java:runAndLog(49)) - Successfully ran Files.createDirectories /home/runner/work/ratis/ratis/ratis-examples/target/test/data/da5193cb/MiniRaftClusterWithSimulatedRpced10c1e3/s13/13ca47b2-d3ce-472f-ae05-e0cf8c87ab81
2024-12-14 12:23:17,410 INFO  storage.RaftStorageDirectory (RaftStorageDirectoryImpl.java:tryLock(229)) - Lock on /home/runner/work/ratis/ratis/ratis-examples/target/test/data/da5193cb/MiniRaftClusterWithSimulatedRpced10c1e3/s13/13ca47b2-d3ce-472f-ae05-e0cf8c87ab81/in_use.lock acquired by nodename 14700@fv-az733-880
2024-12-14 12:23:17,410 TRACE util.FileUtils (LogUtils.java:runAndLog(49)) - Successfully ran Files.createDirectories /home/runner/work/ratis/ratis/ratis-examples/target/test/data/da5193cb/MiniRaftClusterWithSimulatedRpced10c1e3/s13/13ca47b2-d3ce-472f-ae05-e0cf8c87ab81/current
2024-12-14 12:23:17,410 TRACE util.FileUtils (LogUtils.java:runAndLog(49)) - Successfully ran Files.createDirectories /home/runner/work/ratis/ratis/ratis-examples/target/test/data/da5193cb/MiniRaftClusterWithSimulatedRpced10c1e3/s13/13ca47b2-d3ce-472f-ae05-e0cf8c87ab81/sm
2024-12-14 12:23:17,410 TRACE util.FileUtils (LogUtils.java:supplyAndLog(69)) - Successfully supplied FileChannel.open /home/runner/work/ratis/ratis/ratis-examples/target/test/data/da5193cb/MiniRaftClusterWithSimulatedRpced10c1e3/s13/13ca47b2-d3ce-472f-ae05-e0cf8c87ab81/current/raft-meta.tmp with options [CREATE, WRITE]: sun.nio.ch.FileChannelImpl@c97ae21
2024-12-14 12:23:17,412 TRACE util.FileUtils (LogUtils.java:runAndLog(49)) - Successfully ran Atomic Files.move /home/runner/work/ratis/ratis/ratis-examples/target/test/data/da5193cb/MiniRaftClusterWithSimulatedRpced10c1e3/s13/13ca47b2-d3ce-472f-ae05-e0cf8c87ab81/current/raft-meta.tmp to /home/runner/work/ratis/ratis/ratis-examples/target/test/data/da5193cb/MiniRaftClusterWithSimulatedRpced10c1e3/s13/13ca47b2-d3ce-472f-ae05-e0cf8c87ab81/current/raft-meta with options [REPLACE_EXISTING]
2024-12-14 12:23:17,412 INFO  storage.RaftStorage (RaftStorageImpl.java:format(98)) - Storage directory /home/runner/work/ratis/ratis/ratis-examples/target/test/data/da5193cb/MiniRaftClusterWithSimulatedRpced10c1e3/s13/13ca47b2-d3ce-472f-ae05-e0cf8c87ab81 has been successfully formatted.
2024-12-14 12:23:17,412 WARN  statemachine.StateMachine (ArithmeticStateMachine.java:loadSnapshot(115)) - The snapshot info is null.
2024-12-14 12:23:17,412 INFO  server.RaftServerConfigKeys (ConfUtils.java:logGet(46)) - raft.server.log.use.memory = false (default)
2024-12-14 12:23:17,412 INFO  server.RaftServerConfigKeys (ConfUtils.java:logGet(46)) - raft.server.log.purge.gap = 1024 (default)
2024-12-14 12:23:17,412 INFO  server.RaftServerConfigKeys (ConfUtils.java:logGet(46)) - raft.server.log.appender.buffer.byte-limit = 4MB (=4194304) (default)
2024-12-14 12:23:17,412 INFO  server.RaftServerConfigKeys (ConfUtils.java:logGet(46)) - raft.server.log.statemachine.data.read.timeout = 1000ms (default)
2024-12-14 12:23:17,412 INFO  server.RaftServerConfigKeys (ConfUtils.java:logGet(46)) - raft.server.log.purge.preservation.log.num = 0 (default)
2024-12-14 12:23:17,413 INFO  server.RaftServerConfigKeys (ConfUtils.java:logGet(46)) - raft.server.log.segment.size.max = 32MB (=33554432) (default)
2024-12-14 12:23:17,413 INFO  server.RaftServerConfigKeys (ConfUtils.java:logGet(46)) - raft.server.log.segment.cache.num.max = 6 (default)
2024-12-14 12:23:17,413 INFO  server.RaftServerConfigKeys (ConfUtils.java:logGet(46)) - raft.server.log.segment.cache.size.max = 200MB (=209715200) (default)
2024-12-14 12:23:17,413 INFO  server.RaftServerConfigKeys (ConfUtils.java:logGet(46)) - raft.server.log.appender.buffer.byte-limit = 4MB (=4194304) (default)
2024-12-14 12:23:17,414 INFO  util.AwaitToRun (AwaitToRun.java:start(81)) - Thread[s13@group-E0CF8C87AB81-cacheEviction-AwaitToRun,5,main] started
2024-12-14 12:23:17,414 INFO  segmented.SegmentedRaftLogWorker (SegmentedRaftLogWorker.java:<init>(189)) - new s13@group-E0CF8C87AB81-SegmentedRaftLogWorker for RaftStorageImpl:Storage Directory /home/runner/work/ratis/ratis/ratis-examples/target/test/data/da5193cb/MiniRaftClusterWithSimulatedRpced10c1e3/s13/13ca47b2-d3ce-472f-ae05-e0cf8c87ab81
2024-12-14 12:23:17,414 INFO  server.RaftServerConfigKeys (ConfUtils.java:logGet(46)) - raft.server.log.queue.byte-limit = 64MB (=67108864) (default)
2024-12-14 12:23:17,414 INFO  server.RaftServerConfigKeys (ConfUtils.java:logGet(46)) - raft.server.log.queue.element-limit = 4096 (default)
2024-12-14 12:23:17,414 INFO  server.RaftServerConfigKeys (ConfUtils.java:logGet(46)) - raft.server.log.segment.size.max = 32MB (=33554432) (default)
2024-12-14 12:23:17,414 INFO  server.RaftServerConfigKeys (ConfUtils.java:logGet(46)) - raft.server.log.preallocated.size = 4MB (=4194304) (default)
2024-12-14 12:23:17,414 INFO  server.RaftServerConfigKeys (ConfUtils.java:logGet(46)) - raft.server.log.force.sync.num = 128 (default)
2024-12-14 12:23:17,414 INFO  server.RaftServerConfigKeys (ConfUtils.java:logGet(46)) - raft.server.log.statemachine.data.sync = true (default)
2024-12-14 12:23:17,414 INFO  server.RaftServerConfigKeys (ConfUtils.java:logGet(46)) - raft.server.log.statemachine.data.sync.timeout = 10s (default)
2024-12-14 12:23:17,414 INFO  server.RaftServerConfigKeys (ConfUtils.java:logGet(46)) - raft.server.log.statemachine.data.sync.timeout.retry = -1 (default)
2024-12-14 12:23:17,414 INFO  server.RaftServerConfigKeys (ConfUtils.java:logGet(46)) - raft.server.log.write.buffer.size = 8MB (=8388608) (default)
2024-12-14 12:23:17,416 INFO  server.RaftServerConfigKeys (ConfUtils.java:logGet(46)) - raft.server.log.appender.buffer.byte-limit = 4MB (=4194304) (default)
2024-12-14 12:23:17,416 INFO  server.RaftServerConfigKeys (ConfUtils.java:logGet(46)) - raft.server.log.unsafe-flush.enabled = false (default)
2024-12-14 12:23:17,416 INFO  server.RaftServerConfigKeys (ConfUtils.java:logGet(46)) - raft.server.log.async-flush.enabled = false (default)
2024-12-14 12:23:17,416 INFO  server.RaftServerConfigKeys (ConfUtils.java:logGet(46)) - raft.server.log.statemachine.data.caching.enabled = false (default)
2024-12-14 12:23:17,417 INFO  segmented.SegmentedRaftLogWorker (SegmentedRaftLogWorker.java:lambda$new$0(140)) - s13@group-E0CF8C87AB81-SegmentedRaftLogWorker: flushIndex: setUnconditionally 0 -> -1
2024-12-14 12:23:17,417 INFO  segmented.SegmentedRaftLogWorker (SegmentedRaftLogWorker.java:lambda$new$0(140)) - s13@group-E0CF8C87AB81-SegmentedRaftLogWorker: safeCacheEvictIndex: setUnconditionally 0 -> -1
2024-12-14 12:23:17,417 INFO  server.RaftServer$Division (RaftServerImpl.java:start(398)) - s13@group-E0CF8C87AB81: start with initializing state, conf=conf: {index: -1, cur=peers:[]|listeners:[], old=null}
2024-12-14 12:23:17,418 INFO  server.RaftServer$Division (RaftServerImpl.java:setRole(379)) - s13@group-E0CF8C87AB81: changes role from      null to FOLLOWER at term 0 for start
2024-12-14 12:23:17,418 INFO  util.JmxRegister (JmxRegister.java:tryRegister(44)) - Successfully registered JMX Bean with object name Ratis:service=RaftServer,group=group-E0CF8C87AB81,id=s13
2024-12-14 12:23:17,418 INFO  util.JmxRegister (JmxRegister.java:register(58)) - register mxBean class org.apache.ratis.server.impl.RaftServerJmxAdapter as Ratis:service=RaftServer,group=group-E0CF8C87AB81,id=s13
2024-12-14 12:23:17,418 INFO  server.RaftServerConfigKeys (ConfUtils.java:logGet(46)) - raft.server.snapshot.trigger-when-stop.enabled = true (default)
2024-12-14 12:23:17,418 INFO  server.RaftServerConfigKeys (ConfUtils.java:logGet(46)) - raft.server.snapshot.trigger-when-remove.enabled = true (default)
2024-12-14 12:23:17,418 INFO  server.RaftServerConfigKeys (ConfUtils.java:logGet(46)) - raft.server.snapshot.auto.trigger.enabled = false (default)
2024-12-14 12:23:17,418 INFO  server.RaftServerConfigKeys (ConfUtils.java:logGet(46)) - raft.server.snapshot.retention.file.num = -1 (default)
2024-12-14 12:23:17,418 INFO  server.RaftServerConfigKeys (ConfUtils.java:logGet(46)) - raft.server.log.purge.upto.snapshot.index = false (default)
2024-12-14 12:23:17,419 INFO  server.RaftServer$Division (RaftServerImpl.java:start(406)) - s13@group-E0CF8C87AB81: Successfully started.
2024-12-14 12:23:17,419 INFO  server.RaftServer (RaftServerProxy.java:startImpl(408)) - s13: start RPC server
2024-12-14 12:23:17,420 INFO  util.JvmPauseMonitor (JvmPauseMonitor.java:run(146)) - JvmPauseMonitor-s13: Started
2024-12-14 12:23:17,420 INFO  server.RaftServerConfigKeys (ConfUtils.java:logGet(46)) - raft.server.storage.free-space.min = 0MB (=0) (default)
2024-12-14 12:23:17,420 INFO  server.RaftServerConfigKeys (ConfUtils.java:logGet(46)) - raft.server.log.corruption.policy = EXCEPTION (default)
2024-12-14 12:23:17,421 INFO  server.RaftServerConfigKeys (ConfUtils.java:logGet(46)) - raft.server.storage.dir = [/home/runner/work/ratis/ratis/ratis-examples/target/test/data/da5193cb/MiniRaftClusterWithSimulatedRpced10c1e3/s12] (custom)
2024-12-14 12:23:17,421 INFO  storage.RaftStorageDirectory (RaftStorageDirectoryImpl.java:analyzeStorage(138)) - The storage directory /home/runner/work/ratis/ratis/ratis-examples/target/test/data/da5193cb/MiniRaftClusterWithSimulatedRpced10c1e3/s12/13ca47b2-d3ce-472f-ae05-e0cf8c87ab81 does not exist. Creating ...
2024-12-14 12:23:17,421 TRACE util.FileUtils (LogUtils.java:runAndLog(49)) - Successfully ran Files.createDirectories /home/runner/work/ratis/ratis/ratis-examples/target/test/data/da5193cb/MiniRaftClusterWithSimulatedRpced10c1e3/s12/13ca47b2-d3ce-472f-ae05-e0cf8c87ab81
2024-12-14 12:23:17,422 INFO  storage.RaftStorageDirectory (RaftStorageDirectoryImpl.java:tryLock(229)) - Lock on /home/runner/work/ratis/ratis/ratis-examples/target/test/data/da5193cb/MiniRaftClusterWithSimulatedRpced10c1e3/s12/13ca47b2-d3ce-472f-ae05-e0cf8c87ab81/in_use.lock acquired by nodename 14700@fv-az733-880
2024-12-14 12:23:17,423 TRACE util.FileUtils (LogUtils.java:runAndLog(49)) - Successfully ran Files.createDirectories /home/runner/work/ratis/ratis/ratis-examples/target/test/data/da5193cb/MiniRaftClusterWithSimulatedRpced10c1e3/s12/13ca47b2-d3ce-472f-ae05-e0cf8c87ab81/current
2024-12-14 12:23:17,423 TRACE util.FileUtils (LogUtils.java:runAndLog(49)) - Successfully ran Files.createDirectories /home/runner/work/ratis/ratis/ratis-examples/target/test/data/da5193cb/MiniRaftClusterWithSimulatedRpced10c1e3/s12/13ca47b2-d3ce-472f-ae05-e0cf8c87ab81/sm
2024-12-14 12:23:17,423 TRACE util.FileUtils (LogUtils.java:supplyAndLog(69)) - Successfully supplied FileChannel.open /home/runner/work/ratis/ratis/ratis-examples/target/test/data/da5193cb/MiniRaftClusterWithSimulatedRpced10c1e3/s12/13ca47b2-d3ce-472f-ae05-e0cf8c87ab81/current/raft-meta.tmp with options [CREATE, WRITE]: sun.nio.ch.FileChannelImpl@6c14048d
2024-12-14 12:23:17,424 TRACE util.FileUtils (LogUtils.java:runAndLog(49)) - Successfully ran Atomic Files.move /home/runner/work/ratis/ratis/ratis-examples/target/test/data/da5193cb/MiniRaftClusterWithSimulatedRpced10c1e3/s12/13ca47b2-d3ce-472f-ae05-e0cf8c87ab81/current/raft-meta.tmp to /home/runner/work/ratis/ratis/ratis-examples/target/test/data/da5193cb/MiniRaftClusterWithSimulatedRpced10c1e3/s12/13ca47b2-d3ce-472f-ae05-e0cf8c87ab81/current/raft-meta with options [REPLACE_EXISTING]
2024-12-14 12:23:17,424 INFO  storage.RaftStorage (RaftStorageImpl.java:format(98)) - Storage directory /home/runner/work/ratis/ratis/ratis-examples/target/test/data/da5193cb/MiniRaftClusterWithSimulatedRpced10c1e3/s12/13ca47b2-d3ce-472f-ae05-e0cf8c87ab81 has been successfully formatted.
2024-12-14 12:23:17,425 WARN  statemachine.StateMachine (ArithmeticStateMachine.java:loadSnapshot(115)) - The snapshot info is null.
2024-12-14 12:23:17,425 INFO  server.RaftServerConfigKeys (ConfUtils.java:logGet(46)) - raft.server.log.use.memory = false (default)
2024-12-14 12:23:17,425 INFO  server.RaftServerConfigKeys (ConfUtils.java:logGet(46)) - raft.server.log.purge.gap = 1024 (default)
2024-12-14 12:23:17,425 INFO  server.RaftServerConfigKeys (ConfUtils.java:logGet(46)) - raft.server.log.appender.buffer.byte-limit = 4MB (=4194304) (default)
2024-12-14 12:23:17,425 INFO  server.RaftServerConfigKeys (ConfUtils.java:logGet(46)) - raft.server.log.statemachine.data.read.timeout = 1000ms (default)
2024-12-14 12:23:17,425 INFO  server.RaftServerConfigKeys (ConfUtils.java:logGet(46)) - raft.server.log.purge.preservation.log.num = 0 (default)
2024-12-14 12:23:17,426 INFO  server.RaftServerConfigKeys (ConfUtils.java:logGet(46)) - raft.server.log.segment.size.max = 32MB (=33554432) (default)
2024-12-14 12:23:17,426 INFO  server.RaftServerConfigKeys (ConfUtils.java:logGet(46)) - raft.server.log.segment.cache.num.max = 6 (default)
2024-12-14 12:23:17,426 INFO  server.RaftServerConfigKeys (ConfUtils.java:logGet(46)) - raft.server.log.segment.cache.size.max = 200MB (=209715200) (default)
2024-12-14 12:23:17,426 INFO  server.RaftServerConfigKeys (ConfUtils.java:logGet(46)) - raft.server.log.appender.buffer.byte-limit = 4MB (=4194304) (default)
2024-12-14 12:23:17,426 INFO  util.AwaitToRun (AwaitToRun.java:start(81)) - Thread[s12@group-E0CF8C87AB81-cacheEviction-AwaitToRun,5,main] started
2024-12-14 12:23:17,426 INFO  segmented.SegmentedRaftLogWorker (SegmentedRaftLogWorker.java:<init>(189)) - new s12@group-E0CF8C87AB81-SegmentedRaftLogWorker for RaftStorageImpl:Storage Directory /home/runner/work/ratis/ratis/ratis-examples/target/test/data/da5193cb/MiniRaftClusterWithSimulatedRpced10c1e3/s12/13ca47b2-d3ce-472f-ae05-e0cf8c87ab81
2024-12-14 12:23:17,426 INFO  server.RaftServerConfigKeys (ConfUtils.java:logGet(46)) - raft.server.log.queue.byte-limit = 64MB (=67108864) (default)
2024-12-14 12:23:17,426 INFO  server.RaftServerConfigKeys (ConfUtils.java:logGet(46)) - raft.server.log.queue.element-limit = 4096 (default)
2024-12-14 12:23:17,426 INFO  server.RaftServerConfigKeys (ConfUtils.java:logGet(46)) - raft.server.log.segment.size.max = 32MB (=33554432) (default)
2024-12-14 12:23:17,426 INFO  server.RaftServerConfigKeys (ConfUtils.java:logGet(46)) - raft.server.log.preallocated.size = 4MB (=4194304) (default)
2024-12-14 12:23:17,426 INFO  server.RaftServerConfigKeys (ConfUtils.java:logGet(46)) - raft.server.log.force.sync.num = 128 (default)
2024-12-14 12:23:17,426 INFO  server.RaftServerConfigKeys (ConfUtils.java:logGet(46)) - raft.server.log.statemachine.data.sync = true (default)
2024-12-14 12:23:17,427 INFO  server.RaftServerConfigKeys (ConfUtils.java:logGet(46)) - raft.server.log.statemachine.data.sync.timeout = 10s (default)
2024-12-14 12:23:17,427 INFO  server.RaftServerConfigKeys (ConfUtils.java:logGet(46)) - raft.server.log.statemachine.data.sync.timeout.retry = -1 (default)
2024-12-14 12:23:17,427 INFO  server.RaftServerConfigKeys (ConfUtils.java:logGet(46)) - raft.server.log.write.buffer.size = 8MB (=8388608) (default)
2024-12-14 12:23:17,428 INFO  server.RaftServerConfigKeys (ConfUtils.java:logGet(46)) - raft.server.log.appender.buffer.byte-limit = 4MB (=4194304) (default)
2024-12-14 12:23:17,428 INFO  server.RaftServerConfigKeys (ConfUtils.java:logGet(46)) - raft.server.log.unsafe-flush.enabled = false (default)
2024-12-14 12:23:17,428 INFO  server.RaftServerConfigKeys (ConfUtils.java:logGet(46)) - raft.server.log.async-flush.enabled = false (default)
2024-12-14 12:23:17,428 INFO  server.RaftServerConfigKeys (ConfUtils.java:logGet(46)) - raft.server.log.statemachine.data.caching.enabled = false (default)
2024-12-14 12:23:17,429 INFO  segmented.SegmentedRaftLogWorker (SegmentedRaftLogWorker.java:lambda$new$0(140)) - s12@group-E0CF8C87AB81-SegmentedRaftLogWorker: flushIndex: setUnconditionally 0 -> -1
2024-12-14 12:23:17,429 INFO  segmented.SegmentedRaftLogWorker (SegmentedRaftLogWorker.java:lambda$new$0(140)) - s12@group-E0CF8C87AB81-SegmentedRaftLogWorker: safeCacheEvictIndex: setUnconditionally 0 -> -1
2024-12-14 12:23:17,429 INFO  server.RaftServer$Division (RaftServerImpl.java:start(398)) - s12@group-E0CF8C87AB81: start with initializing state, conf=conf: {index: -1, cur=peers:[]|listeners:[], old=null}
2024-12-14 12:23:17,429 INFO  server.RaftServer$Division (RaftServerImpl.java:setRole(379)) - s12@group-E0CF8C87AB81: changes role from      null to FOLLOWER at term 0 for start
2024-12-14 12:23:17,429 INFO  util.JmxRegister (JmxRegister.java:tryRegister(44)) - Successfully registered JMX Bean with object name Ratis:service=RaftServer,group=group-E0CF8C87AB81,id=s12
2024-12-14 12:23:17,429 INFO  util.JmxRegister (JmxRegister.java:register(58)) - register mxBean class org.apache.ratis.server.impl.RaftServerJmxAdapter as Ratis:service=RaftServer,group=group-E0CF8C87AB81,id=s12
2024-12-14 12:23:17,429 INFO  server.RaftServerConfigKeys (ConfUtils.java:logGet(46)) - raft.server.snapshot.trigger-when-stop.enabled = true (default)
2024-12-14 12:23:17,429 INFO  server.RaftServerConfigKeys (ConfUtils.java:logGet(46)) - raft.server.snapshot.trigger-when-remove.enabled = true (default)
2024-12-14 12:23:17,429 INFO  server.RaftServerConfigKeys (ConfUtils.java:logGet(46)) - raft.server.snapshot.auto.trigger.enabled = false (default)
2024-12-14 12:23:17,429 INFO  server.RaftServerConfigKeys (ConfUtils.java:logGet(46)) - raft.server.snapshot.retention.file.num = -1 (default)
2024-12-14 12:23:17,430 INFO  server.RaftServerConfigKeys (ConfUtils.java:logGet(46)) - raft.server.log.purge.upto.snapshot.index = false (default)
2024-12-14 12:23:17,430 INFO  server.RaftServer$Division (RaftServerImpl.java:start(406)) - s12@group-E0CF8C87AB81: Successfully started.
2024-12-14 12:23:17,430 INFO  server.RaftServer (RaftServerProxy.java:startImpl(408)) - s12: start RPC server
2024-12-14 12:23:17,431 INFO  util.JvmPauseMonitor (JvmPauseMonitor.java:run(146)) - JvmPauseMonitor-s12: Started
2024-12-14 12:23:17,431 INFO  server.RaftServerConfigKeys (ConfUtils.java:logGet(46)) - raft.server.storage.free-space.min = 0MB (=0) (default)
2024-12-14 12:23:17,431 INFO  server.RaftServerConfigKeys (ConfUtils.java:logGet(46)) - raft.server.log.corruption.policy = EXCEPTION (default)
2024-12-14 12:23:17,431 INFO  server.RaftServerConfigKeys (ConfUtils.java:logGet(46)) - raft.server.storage.dir = [/home/runner/work/ratis/ratis/ratis-examples/target/test/data/da5193cb/MiniRaftClusterWithSimulatedRpced10c1e3/s14] (custom)
2024-12-14 12:23:17,431 INFO  storage.RaftStorageDirectory (RaftStorageDirectoryImpl.java:analyzeStorage(138)) - The storage directory /home/runner/work/ratis/ratis/ratis-examples/target/test/data/da5193cb/MiniRaftClusterWithSimulatedRpced10c1e3/s14/13ca47b2-d3ce-472f-ae05-e0cf8c87ab81 does not exist. Creating ...
2024-12-14 12:23:17,432 TRACE util.FileUtils (LogUtils.java:runAndLog(49)) - Successfully ran Files.createDirectories /home/runner/work/ratis/ratis/ratis-examples/target/test/data/da5193cb/MiniRaftClusterWithSimulatedRpced10c1e3/s14/13ca47b2-d3ce-472f-ae05-e0cf8c87ab81
2024-12-14 12:23:17,433 INFO  storage.RaftStorageDirectory (RaftStorageDirectoryImpl.java:tryLock(229)) - Lock on /home/runner/work/ratis/ratis/ratis-examples/target/test/data/da5193cb/MiniRaftClusterWithSimulatedRpced10c1e3/s14/13ca47b2-d3ce-472f-ae05-e0cf8c87ab81/in_use.lock acquired by nodename 14700@fv-az733-880
2024-12-14 12:23:17,433 TRACE util.FileUtils (LogUtils.java:runAndLog(49)) - Successfully ran Files.createDirectories /home/runner/work/ratis/ratis/ratis-examples/target/test/data/da5193cb/MiniRaftClusterWithSimulatedRpced10c1e3/s14/13ca47b2-d3ce-472f-ae05-e0cf8c87ab81/current
2024-12-14 12:23:17,433 TRACE util.FileUtils (LogUtils.java:runAndLog(49)) - Successfully ran Files.createDirectories /home/runner/work/ratis/ratis/ratis-examples/target/test/data/da5193cb/MiniRaftClusterWithSimulatedRpced10c1e3/s14/13ca47b2-d3ce-472f-ae05-e0cf8c87ab81/sm
2024-12-14 12:23:17,433 TRACE util.FileUtils (LogUtils.java:supplyAndLog(69)) - Successfully supplied FileChannel.open /home/runner/work/ratis/ratis/ratis-examples/target/test/data/da5193cb/MiniRaftClusterWithSimulatedRpced10c1e3/s14/13ca47b2-d3ce-472f-ae05-e0cf8c87ab81/current/raft-meta.tmp with options [CREATE, WRITE]: sun.nio.ch.FileChannelImpl@713ea0c4
2024-12-14 12:23:17,434 TRACE util.FileUtils (LogUtils.java:runAndLog(49)) - Successfully ran Atomic Files.move /home/runner/work/ratis/ratis/ratis-examples/target/test/data/da5193cb/MiniRaftClusterWithSimulatedRpced10c1e3/s14/13ca47b2-d3ce-472f-ae05-e0cf8c87ab81/current/raft-meta.tmp to /home/runner/work/ratis/ratis/ratis-examples/target/test/data/da5193cb/MiniRaftClusterWithSimulatedRpced10c1e3/s14/13ca47b2-d3ce-472f-ae05-e0cf8c87ab81/current/raft-meta with options [REPLACE_EXISTING]
2024-12-14 12:23:17,434 INFO  storage.RaftStorage (RaftStorageImpl.java:format(98)) - Storage directory /home/runner/work/ratis/ratis/ratis-examples/target/test/data/da5193cb/MiniRaftClusterWithSimulatedRpced10c1e3/s14/13ca47b2-d3ce-472f-ae05-e0cf8c87ab81 has been successfully formatted.
2024-12-14 12:23:17,434 WARN  statemachine.StateMachine (ArithmeticStateMachine.java:loadSnapshot(115)) - The snapshot info is null.
2024-12-14 12:23:17,434 INFO  server.RaftServerConfigKeys (ConfUtils.java:logGet(46)) - raft.server.log.use.memory = false (default)
2024-12-14 12:23:17,435 INFO  server.RaftServerConfigKeys (ConfUtils.java:logGet(46)) - raft.server.log.purge.gap = 1024 (default)
2024-12-14 12:23:17,435 INFO  server.RaftServerConfigKeys (ConfUtils.java:logGet(46)) - raft.server.log.appender.buffer.byte-limit = 4MB (=4194304) (default)
2024-12-14 12:23:17,435 INFO  server.RaftServerConfigKeys (ConfUtils.java:logGet(46)) - raft.server.log.statemachine.data.read.timeout = 1000ms (default)
2024-12-14 12:23:17,435 INFO  server.RaftServerConfigKeys (ConfUtils.java:logGet(46)) - raft.server.log.purge.preservation.log.num = 0 (default)
2024-12-14 12:23:17,435 INFO  server.RaftServerConfigKeys (ConfUtils.java:logGet(46)) - raft.server.log.segment.size.max = 32MB (=33554432) (default)
2024-12-14 12:23:17,435 INFO  server.RaftServerConfigKeys (ConfUtils.java:logGet(46)) - raft.server.log.segment.cache.num.max = 6 (default)
2024-12-14 12:23:17,435 INFO  server.RaftServerConfigKeys (ConfUtils.java:logGet(46)) - raft.server.log.segment.cache.size.max = 200MB (=209715200) (default)
2024-12-14 12:23:17,435 INFO  server.RaftServerConfigKeys (ConfUtils.java:logGet(46)) - raft.server.log.appender.buffer.byte-limit = 4MB (=4194304) (default)
2024-12-14 12:23:17,436 INFO  util.AwaitToRun (AwaitToRun.java:start(81)) - Thread[s14@group-E0CF8C87AB81-cacheEviction-AwaitToRun,5,main] started
2024-12-14 12:23:17,436 INFO  segmented.SegmentedRaftLogWorker (SegmentedRaftLogWorker.java:<init>(189)) - new s14@group-E0CF8C87AB81-SegmentedRaftLogWorker for RaftStorageImpl:Storage Directory /home/runner/work/ratis/ratis/ratis-examples/target/test/data/da5193cb/MiniRaftClusterWithSimulatedRpced10c1e3/s14/13ca47b2-d3ce-472f-ae05-e0cf8c87ab81
2024-12-14 12:23:17,436 INFO  server.RaftServerConfigKeys (ConfUtils.java:logGet(46)) - raft.server.log.queue.byte-limit = 64MB (=67108864) (default)
2024-12-14 12:23:17,436 INFO  server.RaftServerConfigKeys (ConfUtils.java:logGet(46)) - raft.server.log.queue.element-limit = 4096 (default)
2024-12-14 12:23:17,436 INFO  server.RaftServerConfigKeys (ConfUtils.java:logGet(46)) - raft.server.log.segment.size.max = 32MB (=33554432) (default)
2024-12-14 12:23:17,436 INFO  server.RaftServerConfigKeys (ConfUtils.java:logGet(46)) - raft.server.log.preallocated.size = 4MB (=4194304) (default)
2024-12-14 12:23:17,436 INFO  server.RaftServerConfigKeys (ConfUtils.java:logGet(46)) - raft.server.log.force.sync.num = 128 (default)
2024-12-14 12:23:17,436 INFO  server.RaftServerConfigKeys (ConfUtils.java:logGet(46)) - raft.server.log.statemachine.data.sync = true (default)
2024-12-14 12:23:17,437 INFO  server.RaftServerConfigKeys (ConfUtils.java:logGet(46)) - raft.server.log.statemachine.data.sync.timeout = 10s (default)
2024-12-14 12:23:17,437 INFO  server.RaftServerConfigKeys (ConfUtils.java:logGet(46)) - raft.server.log.statemachine.data.sync.timeout.retry = -1 (default)
2024-12-14 12:23:17,437 INFO  server.RaftServerConfigKeys (ConfUtils.java:logGet(46)) - raft.server.log.write.buffer.size = 8MB (=8388608) (default)
2024-12-14 12:23:17,439 INFO  server.RaftServerConfigKeys (ConfUtils.java:logGet(46)) - raft.server.log.appender.buffer.byte-limit = 4MB (=4194304) (default)
2024-12-14 12:23:17,440 INFO  server.RaftServerConfigKeys (ConfUtils.java:logGet(46)) - raft.server.log.unsafe-flush.enabled = false (default)
2024-12-14 12:23:17,440 INFO  server.RaftServerConfigKeys (ConfUtils.java:logGet(46)) - raft.server.log.async-flush.enabled = false (default)
2024-12-14 12:23:17,440 INFO  server.RaftServerConfigKeys (ConfUtils.java:logGet(46)) - raft.server.log.statemachine.data.caching.enabled = false (default)
2024-12-14 12:23:17,440 INFO  segmented.SegmentedRaftLogWorker (SegmentedRaftLogWorker.java:lambda$new$0(140)) - s14@group-E0CF8C87AB81-SegmentedRaftLogWorker: flushIndex: setUnconditionally 0 -> -1
2024-12-14 12:23:17,440 INFO  segmented.SegmentedRaftLogWorker (SegmentedRaftLogWorker.java:lambda$new$0(140)) - s14@group-E0CF8C87AB81-SegmentedRaftLogWorker: safeCacheEvictIndex: setUnconditionally 0 -> -1
2024-12-14 12:23:17,441 INFO  server.RaftServer$Division (RaftServerImpl.java:start(398)) - s14@group-E0CF8C87AB81: start with initializing state, conf=conf: {index: -1, cur=peers:[]|listeners:[], old=null}
2024-12-14 12:23:17,441 INFO  server.RaftServer$Division (RaftServerImpl.java:setRole(379)) - s14@group-E0CF8C87AB81: changes role from      null to FOLLOWER at term 0 for start
2024-12-14 12:23:17,441 INFO  util.JmxRegister (JmxRegister.java:tryRegister(44)) - Successfully registered JMX Bean with object name Ratis:service=RaftServer,group=group-E0CF8C87AB81,id=s14
2024-12-14 12:23:17,441 INFO  util.JmxRegister (JmxRegister.java:register(58)) - register mxBean class org.apache.ratis.server.impl.RaftServerJmxAdapter as Ratis:service=RaftServer,group=group-E0CF8C87AB81,id=s14
2024-12-14 12:23:17,441 INFO  server.RaftServerConfigKeys (ConfUtils.java:logGet(46)) - raft.server.snapshot.trigger-when-stop.enabled = true (default)
2024-12-14 12:23:17,441 INFO  server.RaftServerConfigKeys (ConfUtils.java:logGet(46)) - raft.server.snapshot.trigger-when-remove.enabled = true (default)
2024-12-14 12:23:17,441 INFO  server.RaftServerConfigKeys (ConfUtils.java:logGet(46)) - raft.server.snapshot.auto.trigger.enabled = false (default)
2024-12-14 12:23:17,441 INFO  server.RaftServerConfigKeys (ConfUtils.java:logGet(46)) - raft.server.snapshot.retention.file.num = -1 (default)
2024-12-14 12:23:17,441 INFO  server.RaftServerConfigKeys (ConfUtils.java:logGet(46)) - raft.server.log.purge.upto.snapshot.index = false (default)
2024-12-14 12:23:17,442 INFO  server.RaftServer$Division (RaftServerImpl.java:start(406)) - s14@group-E0CF8C87AB81: Successfully started.
2024-12-14 12:23:17,442 INFO  server.RaftServer (RaftServerProxy.java:startImpl(408)) - s14: start RPC server
2024-12-14 12:23:17,444 INFO  util.JvmPauseMonitor (JvmPauseMonitor.java:run(146)) - JvmPauseMonitor-s14: Started
2024-12-14 12:23:17,444 INFO  server.RaftServerConfigKeys (ConfUtils.java:logGet(46)) - raft.server.storage.free-space.min = 0MB (=0) (default)
2024-12-14 12:23:17,444 INFO  server.RaftServerConfigKeys (ConfUtils.java:logGet(46)) - raft.server.log.corruption.policy = EXCEPTION (default)
2024-12-14 12:23:17,444 INFO  server.RaftServerConfigKeys (ConfUtils.java:logGet(46)) - raft.server.storage.dir = [/home/runner/work/ratis/ratis/ratis-examples/target/test/data/da5193cb/MiniRaftClusterWithSimulatedRpced10c1e3/s0] (custom)
2024-12-14 12:23:17,444 INFO  storage.RaftStorageDirectory (RaftStorageDirectoryImpl.java:analyzeStorage(138)) - The storage directory /home/runner/work/ratis/ratis/ratis-examples/target/test/data/da5193cb/MiniRaftClusterWithSimulatedRpced10c1e3/s0/13ca47b2-d3ce-472f-ae05-e0cf8c87ab81 does not exist. Creating ...
2024-12-14 12:23:17,444 TRACE util.FileUtils (LogUtils.java:runAndLog(49)) - Successfully ran Files.createDirectories /home/runner/work/ratis/ratis/ratis-examples/target/test/data/da5193cb/MiniRaftClusterWithSimulatedRpced10c1e3/s0/13ca47b2-d3ce-472f-ae05-e0cf8c87ab81
2024-12-14 12:23:17,445 INFO  storage.RaftStorageDirectory (RaftStorageDirectoryImpl.java:tryLock(229)) - Lock on /home/runner/work/ratis/ratis/ratis-examples/target/test/data/da5193cb/MiniRaftClusterWithSimulatedRpced10c1e3/s0/13ca47b2-d3ce-472f-ae05-e0cf8c87ab81/in_use.lock acquired by nodename 14700@fv-az733-880
2024-12-14 12:23:17,445 TRACE util.FileUtils (LogUtils.java:runAndLog(49)) - Successfully ran Files.createDirectories /home/runner/work/ratis/ratis/ratis-examples/target/test/data/da5193cb/MiniRaftClusterWithSimulatedRpced10c1e3/s0/13ca47b2-d3ce-472f-ae05-e0cf8c87ab81/current
2024-12-14 12:23:17,446 TRACE util.FileUtils (LogUtils.java:runAndLog(49)) - Successfully ran Files.createDirectories /home/runner/work/ratis/ratis/ratis-examples/target/test/data/da5193cb/MiniRaftClusterWithSimulatedRpced10c1e3/s0/13ca47b2-d3ce-472f-ae05-e0cf8c87ab81/sm
2024-12-14 12:23:17,446 TRACE util.FileUtils (LogUtils.java:supplyAndLog(69)) - Successfully supplied FileChannel.open /home/runner/work/ratis/ratis/ratis-examples/target/test/data/da5193cb/MiniRaftClusterWithSimulatedRpced10c1e3/s0/13ca47b2-d3ce-472f-ae05-e0cf8c87ab81/current/raft-meta.tmp with options [CREATE, WRITE]: sun.nio.ch.FileChannelImpl@4d3c4278
2024-12-14 12:23:17,447 TRACE util.FileUtils (LogUtils.java:runAndLog(49)) - Successfully ran Atomic Files.move /home/runner/work/ratis/ratis/ratis-examples/target/test/data/da5193cb/MiniRaftClusterWithSimulatedRpced10c1e3/s0/13ca47b2-d3ce-472f-ae05-e0cf8c87ab81/current/raft-meta.tmp to /home/runner/work/ratis/ratis/ratis-examples/target/test/data/da5193cb/MiniRaftClusterWithSimulatedRpced10c1e3/s0/13ca47b2-d3ce-472f-ae05-e0cf8c87ab81/current/raft-meta with options [REPLACE_EXISTING]
2024-12-14 12:23:17,447 INFO  storage.RaftStorage (RaftStorageImpl.java:format(98)) - Storage directory /home/runner/work/ratis/ratis/ratis-examples/target/test/data/da5193cb/MiniRaftClusterWithSimulatedRpced10c1e3/s0/13ca47b2-d3ce-472f-ae05-e0cf8c87ab81 has been successfully formatted.
2024-12-14 12:23:17,448 WARN  statemachine.StateMachine (ArithmeticStateMachine.java:loadSnapshot(115)) - The snapshot info is null.
2024-12-14 12:23:17,448 INFO  server.RaftServerConfigKeys (ConfUtils.java:logGet(46)) - raft.server.log.use.memory = false (default)
2024-12-14 12:23:17,448 INFO  server.RaftServerConfigKeys (ConfUtils.java:logGet(46)) - raft.server.log.purge.gap = 1024 (default)
2024-12-14 12:23:17,448 INFO  server.RaftServerConfigKeys (ConfUtils.java:logGet(46)) - raft.server.log.appender.buffer.byte-limit = 4MB (=4194304) (default)
2024-12-14 12:23:17,448 INFO  server.RaftServerConfigKeys (ConfUtils.java:logGet(46)) - raft.server.log.statemachine.data.read.timeout = 1000ms (default)
2024-12-14 12:23:17,448 INFO  server.RaftServerConfigKeys (ConfUtils.java:logGet(46)) - raft.server.log.purge.preservation.log.num = 0 (default)
2024-12-14 12:23:17,448 INFO  server.RaftServerConfigKeys (ConfUtils.java:logGet(46)) - raft.server.log.segment.size.max = 32MB (=33554432) (default)
2024-12-14 12:23:17,449 INFO  server.RaftServerConfigKeys (ConfUtils.java:logGet(46)) - raft.server.log.segment.cache.num.max = 6 (default)
2024-12-14 12:23:17,449 INFO  server.RaftServerConfigKeys (ConfUtils.java:logGet(46)) - raft.server.log.segment.cache.size.max = 200MB (=209715200) (default)
2024-12-14 12:23:17,449 INFO  server.RaftServerConfigKeys (ConfUtils.java:logGet(46)) - raft.server.log.appender.buffer.byte-limit = 4MB (=4194304) (default)
2024-12-14 12:23:17,449 INFO  util.AwaitToRun (AwaitToRun.java:start(81)) - Thread[s0@group-E0CF8C87AB81-cacheEviction-AwaitToRun,5,main] started
2024-12-14 12:23:17,449 INFO  segmented.SegmentedRaftLogWorker (SegmentedRaftLogWorker.java:<init>(189)) - new s0@group-E0CF8C87AB81-SegmentedRaftLogWorker for RaftStorageImpl:Storage Directory /home/runner/work/ratis/ratis/ratis-examples/target/test/data/da5193cb/MiniRaftClusterWithSimulatedRpced10c1e3/s0/13ca47b2-d3ce-472f-ae05-e0cf8c87ab81
2024-12-14 12:23:17,449 INFO  server.RaftServerConfigKeys (ConfUtils.java:logGet(46)) - raft.server.log.queue.byte-limit = 64MB (=67108864) (default)
2024-12-14 12:23:17,449 INFO  server.RaftServerConfigKeys (ConfUtils.java:logGet(46)) - raft.server.log.queue.element-limit = 4096 (default)
2024-12-14 12:23:17,449 INFO  server.RaftServerConfigKeys (ConfUtils.java:logGet(46)) - raft.server.log.segment.size.max = 32MB (=33554432) (default)
2024-12-14 12:23:17,449 INFO  server.RaftServerConfigKeys (ConfUtils.java:logGet(46)) - raft.server.log.preallocated.size = 4MB (=4194304) (default)
2024-12-14 12:23:17,450 INFO  server.RaftServerConfigKeys (ConfUtils.java:logGet(46)) - raft.server.log.force.sync.num = 128 (default)
2024-12-14 12:23:17,450 INFO  server.RaftServerConfigKeys (ConfUtils.java:logGet(46)) - raft.server.log.statemachine.data.sync = true (default)
2024-12-14 12:23:17,450 INFO  server.RaftServerConfigKeys (ConfUtils.java:logGet(46)) - raft.server.log.statemachine.data.sync.timeout = 10s (default)
2024-12-14 12:23:17,450 INFO  server.RaftServerConfigKeys (ConfUtils.java:logGet(46)) - raft.server.log.statemachine.data.sync.timeout.retry = -1 (default)
2024-12-14 12:23:17,450 INFO  server.RaftServerConfigKeys (ConfUtils.java:logGet(46)) - raft.server.log.write.buffer.size = 8MB (=8388608) (default)
2024-12-14 12:23:17,452 INFO  server.RaftServerConfigKeys (ConfUtils.java:logGet(46)) - raft.server.log.appender.buffer.byte-limit = 4MB (=4194304) (default)
2024-12-14 12:23:17,452 INFO  server.RaftServerConfigKeys (ConfUtils.java:logGet(46)) - raft.server.log.unsafe-flush.enabled = false (default)
2024-12-14 12:23:17,452 INFO  server.RaftServerConfigKeys (ConfUtils.java:logGet(46)) - raft.server.log.async-flush.enabled = false (default)
2024-12-14 12:23:17,452 INFO  server.RaftServerConfigKeys (ConfUtils.java:logGet(46)) - raft.server.log.statemachine.data.caching.enabled = false (default)
2024-12-14 12:23:17,453 INFO  segmented.SegmentedRaftLogWorker (SegmentedRaftLogWorker.java:lambda$new$0(140)) - s0@group-E0CF8C87AB81-SegmentedRaftLogWorker: flushIndex: setUnconditionally 0 -> -1
2024-12-14 12:23:17,453 INFO  segmented.SegmentedRaftLogWorker (SegmentedRaftLogWorker.java:lambda$new$0(140)) - s0@group-E0CF8C87AB81-SegmentedRaftLogWorker: safeCacheEvictIndex: setUnconditionally 0 -> -1
2024-12-14 12:23:17,454 INFO  server.RaftServer$Division (RaftServerImpl.java:start(398)) - s0@group-E0CF8C87AB81: start with initializing state, conf=conf: {index: -1, cur=peers:[]|listeners:[], old=null}
2024-12-14 12:23:17,454 INFO  server.RaftServer$Division (RaftServerImpl.java:setRole(379)) - s0@group-E0CF8C87AB81: changes role from      null to FOLLOWER at term 0 for start
2024-12-14 12:23:17,455 INFO  util.JmxRegister (JmxRegister.java:tryRegister(44)) - Successfully registered JMX Bean with object name Ratis:service=RaftServer,group=group-E0CF8C87AB81,id=s0
2024-12-14 12:23:17,455 INFO  util.JmxRegister (JmxRegister.java:register(58)) - register mxBean class org.apache.ratis.server.impl.RaftServerJmxAdapter as Ratis:service=RaftServer,group=group-E0CF8C87AB81,id=s0
2024-12-14 12:23:17,455 INFO  server.RaftServerConfigKeys (ConfUtils.java:logGet(46)) - raft.server.snapshot.trigger-when-stop.enabled = true (default)
2024-12-14 12:23:17,455 INFO  server.RaftServerConfigKeys (ConfUtils.java:logGet(46)) - raft.server.snapshot.trigger-when-remove.enabled = true (default)
2024-12-14 12:23:17,455 INFO  server.RaftServerConfigKeys (ConfUtils.java:logGet(46)) - raft.server.snapshot.auto.trigger.enabled = false (default)
2024-12-14 12:23:17,455 INFO  server.RaftServerConfigKeys (ConfUtils.java:logGet(46)) - raft.server.snapshot.retention.file.num = -1 (default)
2024-12-14 12:23:17,455 INFO  server.RaftServerConfigKeys (ConfUtils.java:logGet(46)) - raft.server.log.purge.upto.snapshot.index = false (default)
2024-12-14 12:23:17,456 INFO  server.RaftServer$Division (RaftServerImpl.java:start(406)) - s0@group-E0CF8C87AB81: Successfully started.
2024-12-14 12:23:17,456 INFO  server.RaftServer (RaftServerProxy.java:startImpl(408)) - s0: start RPC server
2024-12-14 12:23:17,457 INFO  util.JvmPauseMonitor (JvmPauseMonitor.java:run(146)) - JvmPauseMonitor-s0: Started
2024-12-14 12:23:17,457 INFO  server.RaftServerConfigKeys (ConfUtils.java:logGet(46)) - raft.server.storage.free-space.min = 0MB (=0) (default)
2024-12-14 12:23:17,457 INFO  server.RaftServerConfigKeys (ConfUtils.java:logGet(46)) - raft.server.log.corruption.policy = EXCEPTION (default)
2024-12-14 12:23:17,457 INFO  server.RaftServerConfigKeys (ConfUtils.java:logGet(46)) - raft.server.storage.dir = [/home/runner/work/ratis/ratis/ratis-examples/target/test/data/da5193cb/MiniRaftClusterWithSimulatedRpced10c1e3/s1] (custom)
2024-12-14 12:23:17,458 INFO  storage.RaftStorageDirectory (RaftStorageDirectoryImpl.java:analyzeStorage(138)) - The storage directory /home/runner/work/ratis/ratis/ratis-examples/target/test/data/da5193cb/MiniRaftClusterWithSimulatedRpced10c1e3/s1/13ca47b2-d3ce-472f-ae05-e0cf8c87ab81 does not exist. Creating ...
2024-12-14 12:23:17,458 TRACE util.FileUtils (LogUtils.java:runAndLog(49)) - Successfully ran Files.createDirectories /home/runner/work/ratis/ratis/ratis-examples/target/test/data/da5193cb/MiniRaftClusterWithSimulatedRpced10c1e3/s1/13ca47b2-d3ce-472f-ae05-e0cf8c87ab81
2024-12-14 12:23:17,459 INFO  storage.RaftStorageDirectory (RaftStorageDirectoryImpl.java:tryLock(229)) - Lock on /home/runner/work/ratis/ratis/ratis-examples/target/test/data/da5193cb/MiniRaftClusterWithSimulatedRpced10c1e3/s1/13ca47b2-d3ce-472f-ae05-e0cf8c87ab81/in_use.lock acquired by nodename 14700@fv-az733-880
2024-12-14 12:23:17,459 TRACE util.FileUtils (LogUtils.java:runAndLog(49)) - Successfully ran Files.createDirectories /home/runner/work/ratis/ratis/ratis-examples/target/test/data/da5193cb/MiniRaftClusterWithSimulatedRpced10c1e3/s1/13ca47b2-d3ce-472f-ae05-e0cf8c87ab81/current
2024-12-14 12:23:17,460 TRACE util.FileUtils (LogUtils.java:runAndLog(49)) - Successfully ran Files.createDirectories /home/runner/work/ratis/ratis/ratis-examples/target/test/data/da5193cb/MiniRaftClusterWithSimulatedRpced10c1e3/s1/13ca47b2-d3ce-472f-ae05-e0cf8c87ab81/sm
2024-12-14 12:23:17,460 TRACE util.FileUtils (LogUtils.java:supplyAndLog(69)) - Successfully supplied FileChannel.open /home/runner/work/ratis/ratis/ratis-examples/target/test/data/da5193cb/MiniRaftClusterWithSimulatedRpced10c1e3/s1/13ca47b2-d3ce-472f-ae05-e0cf8c87ab81/current/raft-meta.tmp with options [CREATE, WRITE]: sun.nio.ch.FileChannelImpl@5f03d6fa
2024-12-14 12:23:17,461 TRACE util.FileUtils (LogUtils.java:runAndLog(49)) - Successfully ran Atomic Files.move /home/runner/work/ratis/ratis/ratis-examples/target/test/data/da5193cb/MiniRaftClusterWithSimulatedRpced10c1e3/s1/13ca47b2-d3ce-472f-ae05-e0cf8c87ab81/current/raft-meta.tmp to /home/runner/work/ratis/ratis/ratis-examples/target/test/data/da5193cb/MiniRaftClusterWithSimulatedRpced10c1e3/s1/13ca47b2-d3ce-472f-ae05-e0cf8c87ab81/current/raft-meta with options [REPLACE_EXISTING]
2024-12-14 12:23:17,461 INFO  storage.RaftStorage (RaftStorageImpl.java:format(98)) - Storage directory /home/runner/work/ratis/ratis/ratis-examples/target/test/data/da5193cb/MiniRaftClusterWithSimulatedRpced10c1e3/s1/13ca47b2-d3ce-472f-ae05-e0cf8c87ab81 has been successfully formatted.
2024-12-14 12:23:17,461 WARN  statemachine.StateMachine (ArithmeticStateMachine.java:loadSnapshot(115)) - The snapshot info is null.
2024-12-14 12:23:17,462 INFO  server.RaftServerConfigKeys (ConfUtils.java:logGet(46)) - raft.server.log.use.memory = false (default)
2024-12-14 12:23:17,462 INFO  server.RaftServerConfigKeys (ConfUtils.java:logGet(46)) - raft.server.log.purge.gap = 1024 (default)
2024-12-14 12:23:17,462 INFO  server.RaftServerConfigKeys (ConfUtils.java:logGet(46)) - raft.server.log.appender.buffer.byte-limit = 4MB (=4194304) (default)
2024-12-14 12:23:17,462 INFO  server.RaftServerConfigKeys (ConfUtils.java:logGet(46)) - raft.server.log.statemachine.data.read.timeout = 1000ms (default)
2024-12-14 12:23:17,462 INFO  server.RaftServerConfigKeys (ConfUtils.java:logGet(46)) - raft.server.log.purge.preservation.log.num = 0 (default)
2024-12-14 12:23:17,463 INFO  server.RaftServerConfigKeys (ConfUtils.java:logGet(46)) - raft.server.log.segment.size.max = 32MB (=33554432) (default)
2024-12-14 12:23:17,463 INFO  server.RaftServerConfigKeys (ConfUtils.java:logGet(46)) - raft.server.log.segment.cache.num.max = 6 (default)
2024-12-14 12:23:17,463 INFO  server.RaftServerConfigKeys (ConfUtils.java:logGet(46)) - raft.server.log.segment.cache.size.max = 200MB (=209715200) (default)
2024-12-14 12:23:17,463 INFO  server.RaftServerConfigKeys (ConfUtils.java:logGet(46)) - raft.server.log.appender.buffer.byte-limit = 4MB (=4194304) (default)
2024-12-14 12:23:17,463 INFO  util.AwaitToRun (AwaitToRun.java:start(81)) - Thread[s1@group-E0CF8C87AB81-cacheEviction-AwaitToRun,5,main] started
2024-12-14 12:23:17,463 INFO  segmented.SegmentedRaftLogWorker (SegmentedRaftLogWorker.java:<init>(189)) - new s1@group-E0CF8C87AB81-SegmentedRaftLogWorker for RaftStorageImpl:Storage Directory /home/runner/work/ratis/ratis/ratis-examples/target/test/data/da5193cb/MiniRaftClusterWithSimulatedRpced10c1e3/s1/13ca47b2-d3ce-472f-ae05-e0cf8c87ab81
2024-12-14 12:23:17,463 INFO  server.RaftServerConfigKeys (ConfUtils.java:logGet(46)) - raft.server.log.queue.byte-limit = 64MB (=67108864) (default)
2024-12-14 12:23:17,463 INFO  server.RaftServerConfigKeys (ConfUtils.java:logGet(46)) - raft.server.log.queue.element-limit = 4096 (default)
2024-12-14 12:23:17,463 INFO  server.RaftServerConfigKeys (ConfUtils.java:logGet(46)) - raft.server.log.segment.size.max = 32MB (=33554432) (default)
2024-12-14 12:23:17,464 INFO  server.RaftServerConfigKeys (ConfUtils.java:logGet(46)) - raft.server.log.preallocated.size = 4MB (=4194304) (default)
2024-12-14 12:23:17,464 INFO  server.RaftServerConfigKeys (ConfUtils.java:logGet(46)) - raft.server.log.force.sync.num = 128 (default)
2024-12-14 12:23:17,464 INFO  server.RaftServerConfigKeys (ConfUtils.java:logGet(46)) - raft.server.log.statemachine.data.sync = true (default)
2024-12-14 12:23:17,464 INFO  server.RaftServerConfigKeys (ConfUtils.java:logGet(46)) - raft.server.log.statemachine.data.sync.timeout = 10s (default)
2024-12-14 12:23:17,464 INFO  server.RaftServerConfigKeys (ConfUtils.java:logGet(46)) - raft.server.log.statemachine.data.sync.timeout.retry = -1 (default)
2024-12-14 12:23:17,464 INFO  server.RaftServerConfigKeys (ConfUtils.java:logGet(46)) - raft.server.log.write.buffer.size = 8MB (=8388608) (default)
2024-12-14 12:23:17,466 INFO  server.RaftServerConfigKeys (ConfUtils.java:logGet(46)) - raft.server.log.appender.buffer.byte-limit = 4MB (=4194304) (default)
2024-12-14 12:23:17,466 INFO  server.RaftServerConfigKeys (ConfUtils.java:logGet(46)) - raft.server.log.unsafe-flush.enabled = false (default)
2024-12-14 12:23:17,466 INFO  server.RaftServerConfigKeys (ConfUtils.java:logGet(46)) - raft.server.log.async-flush.enabled = false (default)
2024-12-14 12:23:17,466 INFO  server.RaftServerConfigKeys (ConfUtils.java:logGet(46)) - raft.server.log.statemachine.data.caching.enabled = false (default)
2024-12-14 12:23:17,466 INFO  segmented.SegmentedRaftLogWorker (SegmentedRaftLogWorker.java:lambda$new$0(140)) - s1@group-E0CF8C87AB81-SegmentedRaftLogWorker: flushIndex: setUnconditionally 0 -> -1
2024-12-14 12:23:17,466 INFO  segmented.SegmentedRaftLogWorker (SegmentedRaftLogWorker.java:lambda$new$0(140)) - s1@group-E0CF8C87AB81-SegmentedRaftLogWorker: safeCacheEvictIndex: setUnconditionally 0 -> -1
2024-12-14 12:23:17,466 INFO  server.RaftServer$Division (RaftServerImpl.java:start(398)) - s1@group-E0CF8C87AB81: start with initializing state, conf=conf: {index: -1, cur=peers:[]|listeners:[], old=null}
2024-12-14 12:23:17,466 INFO  server.RaftServer$Division (RaftServerImpl.java:setRole(379)) - s1@group-E0CF8C87AB81: changes role from      null to FOLLOWER at term 0 for start
2024-12-14 12:23:17,467 INFO  util.JmxRegister (JmxRegister.java:tryRegister(44)) - Successfully registered JMX Bean with object name Ratis:service=RaftServer,group=group-E0CF8C87AB81,id=s1
2024-12-14 12:23:17,467 INFO  util.JmxRegister (JmxRegister.java:register(58)) - register mxBean class org.apache.ratis.server.impl.RaftServerJmxAdapter as Ratis:service=RaftServer,group=group-E0CF8C87AB81,id=s1
2024-12-14 12:23:17,467 INFO  server.RaftServerConfigKeys (ConfUtils.java:logGet(46)) - raft.server.snapshot.trigger-when-stop.enabled = true (default)
2024-12-14 12:23:17,467 INFO  server.RaftServerConfigKeys (ConfUtils.java:logGet(46)) - raft.server.snapshot.trigger-when-remove.enabled = true (default)
2024-12-14 12:23:17,467 INFO  server.RaftServerConfigKeys (ConfUtils.java:logGet(46)) - raft.server.snapshot.auto.trigger.enabled = false (default)
2024-12-14 12:23:17,467 INFO  server.RaftServerConfigKeys (ConfUtils.java:logGet(46)) - raft.server.snapshot.retention.file.num = -1 (default)
2024-12-14 12:23:17,467 INFO  server.RaftServerConfigKeys (ConfUtils.java:logGet(46)) - raft.server.log.purge.upto.snapshot.index = false (default)
2024-12-14 12:23:17,467 INFO  server.RaftServer$Division (RaftServerImpl.java:start(406)) - s1@group-E0CF8C87AB81: Successfully started.
2024-12-14 12:23:17,467 INFO  server.RaftServer (RaftServerProxy.java:startImpl(408)) - s1: start RPC server
2024-12-14 12:23:17,468 INFO  util.JvmPauseMonitor (JvmPauseMonitor.java:run(146)) - JvmPauseMonitor-s1: Started
2024-12-14 12:23:17,468 INFO  server.RaftServerConfigKeys (ConfUtils.java:logGet(46)) - raft.server.storage.free-space.min = 0MB (=0) (default)
2024-12-14 12:23:17,468 INFO  server.RaftServerConfigKeys (ConfUtils.java:logGet(46)) - raft.server.log.corruption.policy = EXCEPTION (default)
2024-12-14 12:23:17,468 INFO  server.RaftServerConfigKeys (ConfUtils.java:logGet(46)) - raft.server.storage.dir = [/home/runner/work/ratis/ratis/ratis-examples/target/test/data/da5193cb/MiniRaftClusterWithSimulatedRpced10c1e3/s2] (custom)
2024-12-14 12:23:17,469 INFO  storage.RaftStorageDirectory (RaftStorageDirectoryImpl.java:analyzeStorage(138)) - The storage directory /home/runner/work/ratis/ratis/ratis-examples/target/test/data/da5193cb/MiniRaftClusterWithSimulatedRpced10c1e3/s2/13ca47b2-d3ce-472f-ae05-e0cf8c87ab81 does not exist. Creating ...
2024-12-14 12:23:17,469 TRACE util.FileUtils (LogUtils.java:runAndLog(49)) - Successfully ran Files.createDirectories /home/runner/work/ratis/ratis/ratis-examples/target/test/data/da5193cb/MiniRaftClusterWithSimulatedRpced10c1e3/s2/13ca47b2-d3ce-472f-ae05-e0cf8c87ab81
2024-12-14 12:23:17,470 INFO  storage.RaftStorageDirectory (RaftStorageDirectoryImpl.java:tryLock(229)) - Lock on /home/runner/work/ratis/ratis/ratis-examples/target/test/data/da5193cb/MiniRaftClusterWithSimulatedRpced10c1e3/s2/13ca47b2-d3ce-472f-ae05-e0cf8c87ab81/in_use.lock acquired by nodename 14700@fv-az733-880
2024-12-14 12:23:17,470 TRACE util.FileUtils (LogUtils.java:runAndLog(49)) - Successfully ran Files.createDirectories /home/runner/work/ratis/ratis/ratis-examples/target/test/data/da5193cb/MiniRaftClusterWithSimulatedRpced10c1e3/s2/13ca47b2-d3ce-472f-ae05-e0cf8c87ab81/current
2024-12-14 12:23:17,470 TRACE util.FileUtils (LogUtils.java:runAndLog(49)) - Successfully ran Files.createDirectories /home/runner/work/ratis/ratis/ratis-examples/target/test/data/da5193cb/MiniRaftClusterWithSimulatedRpced10c1e3/s2/13ca47b2-d3ce-472f-ae05-e0cf8c87ab81/sm
2024-12-14 12:23:17,470 TRACE util.FileUtils (LogUtils.java:supplyAndLog(69)) - Successfully supplied FileChannel.open /home/runner/work/ratis/ratis/ratis-examples/target/test/data/da5193cb/MiniRaftClusterWithSimulatedRpced10c1e3/s2/13ca47b2-d3ce-472f-ae05-e0cf8c87ab81/current/raft-meta.tmp with options [CREATE, WRITE]: sun.nio.ch.FileChannelImpl@3c088886
2024-12-14 12:23:17,471 TRACE util.FileUtils (LogUtils.java:runAndLog(49)) - Successfully ran Atomic Files.move /home/runner/work/ratis/ratis/ratis-examples/target/test/data/da5193cb/MiniRaftClusterWithSimulatedRpced10c1e3/s2/13ca47b2-d3ce-472f-ae05-e0cf8c87ab81/current/raft-meta.tmp to /home/runner/work/ratis/ratis/ratis-examples/target/test/data/da5193cb/MiniRaftClusterWithSimulatedRpced10c1e3/s2/13ca47b2-d3ce-472f-ae05-e0cf8c87ab81/current/raft-meta with options [REPLACE_EXISTING]
2024-12-14 12:23:17,471 INFO  storage.RaftStorage (RaftStorageImpl.java:format(98)) - Storage directory /home/runner/work/ratis/ratis/ratis-examples/target/test/data/da5193cb/MiniRaftClusterWithSimulatedRpced10c1e3/s2/13ca47b2-d3ce-472f-ae05-e0cf8c87ab81 has been successfully formatted.
2024-12-14 12:23:17,471 WARN  statemachine.StateMachine (ArithmeticStateMachine.java:loadSnapshot(115)) - The snapshot info is null.
2024-12-14 12:23:17,472 INFO  server.RaftServerConfigKeys (ConfUtils.java:logGet(46)) - raft.server.log.use.memory = false (default)
2024-12-14 12:23:17,472 INFO  server.RaftServerConfigKeys (ConfUtils.java:logGet(46)) - raft.server.log.purge.gap = 1024 (default)
2024-12-14 12:23:17,472 INFO  server.RaftServerConfigKeys (ConfUtils.java:logGet(46)) - raft.server.log.appender.buffer.byte-limit = 4MB (=4194304) (default)
2024-12-14 12:23:17,472 INFO  server.RaftServerConfigKeys (ConfUtils.java:logGet(46)) - raft.server.log.statemachine.data.read.timeout = 1000ms (default)
2024-12-14 12:23:17,472 INFO  server.RaftServerConfigKeys (ConfUtils.java:logGet(46)) - raft.server.log.purge.preservation.log.num = 0 (default)
2024-12-14 12:23:17,472 INFO  server.RaftServerConfigKeys (ConfUtils.java:logGet(46)) - raft.server.log.segment.size.max = 32MB (=33554432) (default)
2024-12-14 12:23:17,472 INFO  server.RaftServerConfigKeys (ConfUtils.java:logGet(46)) - raft.server.log.segment.cache.num.max = 6 (default)
2024-12-14 12:23:17,472 INFO  server.RaftServerConfigKeys (ConfUtils.java:logGet(46)) - raft.server.log.segment.cache.size.max = 200MB (=209715200) (default)
2024-12-14 12:23:17,472 INFO  server.RaftServerConfigKeys (ConfUtils.java:logGet(46)) - raft.server.log.appender.buffer.byte-limit = 4MB (=4194304) (default)
2024-12-14 12:23:17,473 INFO  util.AwaitToRun (AwaitToRun.java:start(81)) - Thread[s2@group-E0CF8C87AB81-cacheEviction-AwaitToRun,5,main] started
2024-12-14 12:23:17,473 INFO  segmented.SegmentedRaftLogWorker (SegmentedRaftLogWorker.java:<init>(189)) - new s2@group-E0CF8C87AB81-SegmentedRaftLogWorker for RaftStorageImpl:Storage Directory /home/runner/work/ratis/ratis/ratis-examples/target/test/data/da5193cb/MiniRaftClusterWithSimulatedRpced10c1e3/s2/13ca47b2-d3ce-472f-ae05-e0cf8c87ab81
2024-12-14 12:23:17,473 INFO  server.RaftServerConfigKeys (ConfUtils.java:logGet(46)) - raft.server.log.queue.byte-limit = 64MB (=67108864) (default)
2024-12-14 12:23:17,473 INFO  server.RaftServerConfigKeys (ConfUtils.java:logGet(46)) - raft.server.log.queue.element-limit = 4096 (default)
2024-12-14 12:23:17,473 INFO  server.RaftServerConfigKeys (ConfUtils.java:logGet(46)) - raft.server.log.segment.size.max = 32MB (=33554432) (default)
2024-12-14 12:23:17,473 INFO  server.RaftServerConfigKeys (ConfUtils.java:logGet(46)) - raft.server.log.preallocated.size = 4MB (=4194304) (default)
2024-12-14 12:23:17,473 INFO  server.RaftServerConfigKeys (ConfUtils.java:logGet(46)) - raft.server.log.force.sync.num = 128 (default)
2024-12-14 12:23:17,473 INFO  server.RaftServerConfigKeys (ConfUtils.java:logGet(46)) - raft.server.log.statemachine.data.sync = true (default)
2024-12-14 12:23:17,473 INFO  server.RaftServerConfigKeys (ConfUtils.java:logGet(46)) - raft.server.log.statemachine.data.sync.timeout = 10s (default)
2024-12-14 12:23:17,473 INFO  server.RaftServerConfigKeys (ConfUtils.java:logGet(46)) - raft.server.log.statemachine.data.sync.timeout.retry = -1 (default)
2024-12-14 12:23:17,474 INFO  server.RaftServerConfigKeys (ConfUtils.java:logGet(46)) - raft.server.log.write.buffer.size = 8MB (=8388608) (default)
2024-12-14 12:23:17,475 INFO  server.RaftServerConfigKeys (ConfUtils.java:logGet(46)) - raft.server.log.appender.buffer.byte-limit = 4MB (=4194304) (default)
2024-12-14 12:23:17,475 INFO  server.RaftServerConfigKeys (ConfUtils.java:logGet(46)) - raft.server.log.unsafe-flush.enabled = false (default)
2024-12-14 12:23:17,475 INFO  server.RaftServerConfigKeys (ConfUtils.java:logGet(46)) - raft.server.log.async-flush.enabled = false (default)
2024-12-14 12:23:17,475 INFO  server.RaftServerConfigKeys (ConfUtils.java:logGet(46)) - raft.server.log.statemachine.data.caching.enabled = false (default)
2024-12-14 12:23:17,475 INFO  segmented.SegmentedRaftLogWorker (SegmentedRaftLogWorker.java:lambda$new$0(140)) - s2@group-E0CF8C87AB81-SegmentedRaftLogWorker: flushIndex: setUnconditionally 0 -> -1
2024-12-14 12:23:17,476 INFO  segmented.SegmentedRaftLogWorker (SegmentedRaftLogWorker.java:lambda$new$0(140)) - s2@group-E0CF8C87AB81-SegmentedRaftLogWorker: safeCacheEvictIndex: setUnconditionally 0 -> -1
2024-12-14 12:23:17,476 INFO  server.RaftServer$Division (RaftServerImpl.java:start(398)) - s2@group-E0CF8C87AB81: start with initializing state, conf=conf: {index: -1, cur=peers:[]|listeners:[], old=null}
2024-12-14 12:23:17,476 INFO  server.RaftServer$Division (RaftServerImpl.java:setRole(379)) - s2@group-E0CF8C87AB81: changes role from      null to FOLLOWER at term 0 for start
2024-12-14 12:23:17,476 INFO  util.JmxRegister (JmxRegister.java:tryRegister(44)) - Successfully registered JMX Bean with object name Ratis:service=RaftServer,group=group-E0CF8C87AB81,id=s2
2024-12-14 12:23:17,476 INFO  util.JmxRegister (JmxRegister.java:register(58)) - register mxBean class org.apache.ratis.server.impl.RaftServerJmxAdapter as Ratis:service=RaftServer,group=group-E0CF8C87AB81,id=s2
2024-12-14 12:23:17,476 INFO  server.RaftServerConfigKeys (ConfUtils.java:logGet(46)) - raft.server.snapshot.trigger-when-stop.enabled = true (default)
2024-12-14 12:23:17,476 INFO  server.RaftServerConfigKeys (ConfUtils.java:logGet(46)) - raft.server.snapshot.trigger-when-remove.enabled = true (default)
2024-12-14 12:23:17,476 INFO  server.RaftServerConfigKeys (ConfUtils.java:logGet(46)) - raft.server.snapshot.auto.trigger.enabled = false (default)
2024-12-14 12:23:17,476 INFO  server.RaftServerConfigKeys (ConfUtils.java:logGet(46)) - raft.server.snapshot.retention.file.num = -1 (default)
2024-12-14 12:23:17,477 INFO  server.RaftServerConfigKeys (ConfUtils.java:logGet(46)) - raft.server.log.purge.upto.snapshot.index = false (default)
2024-12-14 12:23:17,477 INFO  server.RaftServer$Division (RaftServerImpl.java:start(406)) - s2@group-E0CF8C87AB81: Successfully started.
2024-12-14 12:23:17,477 INFO  server.RaftServer (RaftServerProxy.java:startImpl(408)) - s2: start RPC server
2024-12-14 12:23:17,478 INFO  util.JvmPauseMonitor (JvmPauseMonitor.java:run(146)) - JvmPauseMonitor-s2: Started
2024-12-14 12:23:18,480 INFO  impl.GroupManagementBaseTest (GroupManagementBaseTest.java:runMultiGroupTest(267)) - start: printing ALL groups
  s3:  RUNNING  FOLLOWER s3@group-E0CF8C87AB81:t0, leader=null, voted=, raftlog=Memoized:s3@group-E0CF8C87AB81-SegmentedRaftLog:OPENED:c-1:lastnull, conf=conf: {index: -1, cur=peers:[]|listeners:[], old=null} STARTING
  s4:  RUNNING  FOLLOWER s4@group-E0CF8C87AB81:t0, leader=null, voted=, raftlog=Memoized:s4@group-E0CF8C87AB81-SegmentedRaftLog:OPENED:c-1:lastnull, conf=conf: {index: -1, cur=peers:[]|listeners:[], old=null} STARTING
  s5:  RUNNING  FOLLOWER s5@group-E0CF8C87AB81:t0, leader=null, voted=, raftlog=Memoized:s5@group-E0CF8C87AB81-SegmentedRaftLog:OPENED:c-1:lastnull, conf=conf: {index: -1, cur=peers:[]|listeners:[], old=null} STARTING
  s6:  RUNNING  FOLLOWER s6@group-E0CF8C87AB81:t0, leader=null, voted=, raftlog=Memoized:s6@group-E0CF8C87AB81-SegmentedRaftLog:OPENED:c-1:lastnull, conf=conf: {index: -1, cur=peers:[]|listeners:[], old=null} STARTING
  s7:  RUNNING  FOLLOWER s7@group-E0CF8C87AB81:t0, leader=null, voted=, raftlog=Memoized:s7@group-E0CF8C87AB81-SegmentedRaftLog:OPENED:c-1:lastnull, conf=conf: {index: -1, cur=peers:[]|listeners:[], old=null} STARTING
  s8:  RUNNING  FOLLOWER s8@group-E0CF8C87AB81:t0, leader=null, voted=, raftlog=Memoized:s8@group-E0CF8C87AB81-SegmentedRaftLog:OPENED:c-1:lastnull, conf=conf: {index: -1, cur=peers:[]|listeners:[], old=null} STARTING
  s9:  RUNNING  FOLLOWER s9@group-E0CF8C87AB81:t0, leader=null, voted=, raftlog=Memoized:s9@group-E0CF8C87AB81-SegmentedRaftLog:OPENED:c-1:lastnull, conf=conf: {index: -1, cur=peers:[]|listeners:[], old=null} STARTING
  s11:  RUNNING  FOLLOWER s11@group-E0CF8C87AB81:t0, leader=null, voted=, raftlog=Memoized:s11@group-E0CF8C87AB81-SegmentedRaftLog:OPENED:c-1:lastnull, conf=conf: {index: -1, cur=peers:[]|listeners:[], old=null} STARTING
  s10:  RUNNING  FOLLOWER s10@group-E0CF8C87AB81:t0, leader=null, voted=, raftlog=Memoized:s10@group-E0CF8C87AB81-SegmentedRaftLog:OPENED:c-1:lastnull, conf=conf: {index: -1, cur=peers:[]|listeners:[], old=null} STARTING
  s13:  RUNNING  FOLLOWER s13@group-E0CF8C87AB81:t0, leader=null, voted=, raftlog=Memoized:s13@group-E0CF8C87AB81-SegmentedRaftLog:OPENED:c-1:lastnull, conf=conf: {index: -1, cur=peers:[]|listeners:[], old=null} STARTING
  s12:  RUNNING  FOLLOWER s12@group-E0CF8C87AB81:t0, leader=null, voted=, raftlog=Memoized:s12@group-E0CF8C87AB81-SegmentedRaftLog:OPENED:c-1:lastnull, conf=conf: {index: -1, cur=peers:[]|listeners:[], old=null} STARTING
  s14:  RUNNING  FOLLOWER s14@group-E0CF8C87AB81:t0, leader=null, voted=, raftlog=Memoized:s14@group-E0CF8C87AB81-SegmentedRaftLog:OPENED:c-1:lastnull, conf=conf: {index: -1, cur=peers:[]|listeners:[], old=null} STARTING
  s0:  RUNNING  FOLLOWER s0@group-E0CF8C87AB81:t0, leader=null, voted=, raftlog=Memoized:s0@group-E0CF8C87AB81-SegmentedRaftLog:OPENED:c-1:lastnull, conf=conf: {index: -1, cur=peers:[]|listeners:[], old=null} STARTING
  s1:  RUNNING  FOLLOWER s1@group-E0CF8C87AB81:t0, leader=null, voted=, raftlog=Memoized:s1@group-E0CF8C87AB81-SegmentedRaftLog:OPENED:c-1:lastnull, conf=conf: {index: -1, cur=peers:[]|listeners:[], old=null} STARTING
  s2:  RUNNING  FOLLOWER s2@group-E0CF8C87AB81:t0, leader=null, voted=, raftlog=Memoized:s2@group-E0CF8C87AB81-SegmentedRaftLog:OPENED:c-1:lastnull, conf=conf: {index: -1, cur=peers:[]|listeners:[], old=null} STARTING
2024-12-14 12:23:18,485 INFO  impl.GroupManagementBaseTest (GroupManagementBaseTest.java:runMultiGroupTest(281)) - 0) starting group-794ED3AF1AED:[s10, s0, s1]
2024-12-14 12:23:18,525 INFO  server.RaftServer (RaftServerProxy.java:addNew(101)) - s0: addNew group-794ED3AF1AED:[s10, s0, s1] returns group-794ED3AF1AED:java.util.concurrent.CompletableFuture@51a76514[Not completed]
2024-12-14 12:23:18,525 INFO  server.RaftServer$Division (RaftServerImpl.java:<init>(256)) - s0: new RaftServerImpl for group-794ED3AF1AED:[s10, s0, s1] with ArithmeticStateMachine:uninitialized
2024-12-14 12:23:18,525 INFO  server.RaftServerConfigKeys (ConfUtils.java:logGet(46)) - raft.server.rpc.timeout.min = 300ms (custom)
2024-12-14 12:23:18,525 INFO  server.RaftServerConfigKeys (ConfUtils.java:logGet(46)) - raft.server.rpc.timeout.max = 600ms (custom)
2024-12-14 12:23:18,526 INFO  server.RaftServerConfigKeys (ConfUtils.java:logGet(46)) - raft.server.rpc.sleep.time = 25ms (default)
2024-12-14 12:23:18,526 INFO  server.RaftServerConfigKeys (ConfUtils.java:logGet(46)) - raft.server.rpc.slowness.timeout = 60s (default)
2024-12-14 12:23:18,526 INFO  server.RaftServerConfigKeys (ConfUtils.java:logGet(46)) - raft.server.leaderelection.leader.step-down.wait-time = 10s (default)
2024-12-14 12:23:18,526 INFO  server.RaftServerConfigKeys (ConfUtils.java:logGet(46)) - raft.server.leaderelection.member.majority-add = false (default)
2024-12-14 12:23:18,526 INFO  server.RaftServerConfigKeys (ConfUtils.java:logGet(46)) - raft.server.sleep.deviation.threshold = 300ms (default)
2024-12-14 12:23:18,526 INFO  server.RaftServer$Division (ServerState.java:<init>(114)) - s0@group-794ED3AF1AED: ConfigurationManager, init=conf: {index: -1, cur=peers:[s10, s0, s1]|listeners:[], old=null}, confs=<EMPTY_MAP>
2024-12-14 12:23:18,526 INFO  server.RaftServerConfigKeys (ConfUtils.java:logGet(46)) - raft.server.notification.no-leader.timeout = 60s (default)
2024-12-14 12:23:18,526 INFO  server.RaftServerConfigKeys (ConfUtils.java:logGet(46)) - raft.server.read.timeout = 10s (default)
2024-12-14 12:23:18,527 INFO  server.RaftServerConfigKeys (ConfUtils.java:logGet(46)) - raft.server.retrycache.expirytime = 60s (default)
2024-12-14 12:23:18,527 INFO  server.RaftServerConfigKeys (ConfUtils.java:logGet(46)) - raft.server.retrycache.statistics.expirytime = 100ms (default)
2024-12-14 12:23:18,527 INFO  server.RaftServerConfigKeys (ConfUtils.java:logGet(46)) - raft.server.read.option = DEFAULT (default)
2024-12-14 12:23:18,527 INFO  server.RaftServerConfigKeys (ConfUtils.java:logGet(46)) - raft.server.read.read-after-write-consistent.write-index-cache.expiry-time = 60s (default)
2024-12-14 12:23:18,528 INFO  server.RaftServerConfigKeys (ConfUtils.java:logGet(46)) - raft.server.rpc.request.timeout = 3000ms (default)
2024-12-14 12:23:18,529 INFO  server.RaftServerConfigKeys (ConfUtils.java:logGet(46)) - raft.server.log.appender.install.snapshot.enabled = true (default)
2024-12-14 12:23:18,529 INFO  server.RaftServerConfigKeys (ConfUtils.java:logGet(46)) - raft.server.threadpool.server.cached = true (default)
2024-12-14 12:23:18,529 INFO  server.RaftServerConfigKeys (ConfUtils.java:logGet(46)) - raft.server.threadpool.server.size = 0 (default)
2024-12-14 12:23:18,529 INFO  server.RaftServerConfigKeys (ConfUtils.java:logGet(46)) - raft.server.threadpool.client.cached = true (default)
2024-12-14 12:23:18,529 INFO  server.RaftServerConfigKeys (ConfUtils.java:logGet(46)) - raft.server.threadpool.client.size = 0 (default)
2024-12-14 12:23:18,529 INFO  server.RaftServerConfigKeys (ConfUtils.java:logGet(46)) - raft.server.storage.free-space.min = 0MB (=0) (default)
2024-12-14 12:23:18,529 INFO  server.RaftServerConfigKeys (ConfUtils.java:logGet(46)) - raft.server.log.corruption.policy = EXCEPTION (default)
2024-12-14 12:23:18,529 INFO  server.RaftServerConfigKeys (ConfUtils.java:logGet(46)) - raft.server.storage.dir = [/home/runner/work/ratis/ratis/ratis-examples/target/test/data/da5193cb/MiniRaftClusterWithSimulatedRpced10c1e3/s0] (custom)
2024-12-14 12:23:18,530 INFO  storage.RaftStorageDirectory (RaftStorageDirectoryImpl.java:analyzeStorage(138)) - The storage directory /home/runner/work/ratis/ratis/ratis-examples/target/test/data/da5193cb/MiniRaftClusterWithSimulatedRpced10c1e3/s0/1e73b397-51fd-48d6-9868-794ed3af1aed does not exist. Creating ...
2024-12-14 12:23:18,530 TRACE util.FileUtils (LogUtils.java:runAndLog(49)) - Successfully ran Files.createDirectories /home/runner/work/ratis/ratis/ratis-examples/target/test/data/da5193cb/MiniRaftClusterWithSimulatedRpced10c1e3/s0/1e73b397-51fd-48d6-9868-794ed3af1aed
2024-12-14 12:23:18,532 INFO  storage.RaftStorageDirectory (RaftStorageDirectoryImpl.java:tryLock(229)) - Lock on /home/runner/work/ratis/ratis/ratis-examples/target/test/data/da5193cb/MiniRaftClusterWithSimulatedRpced10c1e3/s0/1e73b397-51fd-48d6-9868-794ed3af1aed/in_use.lock acquired by nodename 14700@fv-az733-880
2024-12-14 12:23:18,532 TRACE util.FileUtils (LogUtils.java:runAndLog(49)) - Successfully ran Files.createDirectories /home/runner/work/ratis/ratis/ratis-examples/target/test/data/da5193cb/MiniRaftClusterWithSimulatedRpced10c1e3/s0/1e73b397-51fd-48d6-9868-794ed3af1aed/current
2024-12-14 12:23:18,532 TRACE util.FileUtils (LogUtils.java:runAndLog(49)) - Successfully ran Files.createDirectories /home/runner/work/ratis/ratis/ratis-examples/target/test/data/da5193cb/MiniRaftClusterWithSimulatedRpced10c1e3/s0/1e73b397-51fd-48d6-9868-794ed3af1aed/sm
2024-12-14 12:23:18,532 TRACE util.FileUtils (LogUtils.java:supplyAndLog(69)) - Successfully supplied FileChannel.open /home/runner/work/ratis/ratis/ratis-examples/target/test/data/da5193cb/MiniRaftClusterWithSimulatedRpced10c1e3/s0/1e73b397-51fd-48d6-9868-794ed3af1aed/current/raft-meta.tmp with options [CREATE, WRITE]: sun.nio.ch.FileChannelImpl@1083ebc9
2024-12-14 12:23:18,534 TRACE util.FileUtils (LogUtils.java:runAndLog(49)) - Successfully ran Atomic Files.move /home/runner/work/ratis/ratis/ratis-examples/target/test/data/da5193cb/MiniRaftClusterWithSimulatedRpced10c1e3/s0/1e73b397-51fd-48d6-9868-794ed3af1aed/current/raft-meta.tmp to /home/runner/work/ratis/ratis/ratis-examples/target/test/data/da5193cb/MiniRaftClusterWithSimulatedRpced10c1e3/s0/1e73b397-51fd-48d6-9868-794ed3af1aed/current/raft-meta with options [REPLACE_EXISTING]
2024-12-14 12:23:18,534 INFO  storage.RaftStorage (RaftStorageImpl.java:format(98)) - Storage directory /home/runner/work/ratis/ratis/ratis-examples/target/test/data/da5193cb/MiniRaftClusterWithSimulatedRpced10c1e3/s0/1e73b397-51fd-48d6-9868-794ed3af1aed has been successfully formatted.
2024-12-14 12:23:18,534 WARN  statemachine.StateMachine (ArithmeticStateMachine.java:loadSnapshot(115)) - The snapshot info is null.
2024-12-14 12:23:18,534 INFO  server.RaftServerConfigKeys (ConfUtils.java:logGet(46)) - raft.server.log.use.memory = false (default)
2024-12-14 12:23:18,534 INFO  server.RaftServerConfigKeys (ConfUtils.java:logGet(46)) - raft.server.log.purge.gap = 1024 (default)
2024-12-14 12:23:18,534 INFO  server.RaftServerConfigKeys (ConfUtils.java:logGet(46)) - raft.server.log.appender.buffer.byte-limit = 4MB (=4194304) (default)
2024-12-14 12:23:18,534 INFO  server.RaftServerConfigKeys (ConfUtils.java:logGet(46)) - raft.server.log.statemachine.data.read.timeout = 1000ms (default)
2024-12-14 12:23:18,534 INFO  server.RaftServerConfigKeys (ConfUtils.java:logGet(46)) - raft.server.log.purge.preservation.log.num = 0 (default)
2024-12-14 12:23:18,535 INFO  server.RaftServerConfigKeys (ConfUtils.java:logGet(46)) - raft.server.log.segment.size.max = 32MB (=33554432) (default)
2024-12-14 12:23:18,535 INFO  server.RaftServerConfigKeys (ConfUtils.java:logGet(46)) - raft.server.log.segment.cache.num.max = 6 (default)
2024-12-14 12:23:18,535 INFO  server.RaftServerConfigKeys (ConfUtils.java:logGet(46)) - raft.server.log.segment.cache.size.max = 200MB (=209715200) (default)
2024-12-14 12:23:18,535 INFO  server.RaftServerConfigKeys (ConfUtils.java:logGet(46)) - raft.server.log.appender.buffer.byte-limit = 4MB (=4194304) (default)
2024-12-14 12:23:18,536 INFO  util.AwaitToRun (AwaitToRun.java:start(81)) - Thread[s0@group-794ED3AF1AED-cacheEviction-AwaitToRun,5,main] started
2024-12-14 12:23:18,536 INFO  segmented.SegmentedRaftLogWorker (SegmentedRaftLogWorker.java:<init>(189)) - new s0@group-794ED3AF1AED-SegmentedRaftLogWorker for RaftStorageImpl:Storage Directory /home/runner/work/ratis/ratis/ratis-examples/target/test/data/da5193cb/MiniRaftClusterWithSimulatedRpced10c1e3/s0/1e73b397-51fd-48d6-9868-794ed3af1aed
2024-12-14 12:23:18,536 INFO  server.RaftServerConfigKeys (ConfUtils.java:logGet(46)) - raft.server.log.queue.byte-limit = 64MB (=67108864) (default)
2024-12-14 12:23:18,536 INFO  server.RaftServerConfigKeys (ConfUtils.java:logGet(46)) - raft.server.log.queue.element-limit = 4096 (default)
2024-12-14 12:23:18,536 INFO  server.RaftServerConfigKeys (ConfUtils.java:logGet(46)) - raft.server.log.segment.size.max = 32MB (=33554432) (default)
2024-12-14 12:23:18,536 INFO  server.RaftServerConfigKeys (ConfUtils.java:logGet(46)) - raft.server.log.preallocated.size = 4MB (=4194304) (default)
2024-12-14 12:23:18,536 INFO  server.RaftServerConfigKeys (ConfUtils.java:logGet(46)) - raft.server.log.force.sync.num = 128 (default)
2024-12-14 12:23:18,536 INFO  server.RaftServerConfigKeys (ConfUtils.java:logGet(46)) - raft.server.log.statemachine.data.sync = true (default)
2024-12-14 12:23:18,536 INFO  server.RaftServerConfigKeys (ConfUtils.java:logGet(46)) - raft.server.log.statemachine.data.sync.timeout = 10s (default)
2024-12-14 12:23:18,536 INFO  server.RaftServerConfigKeys (ConfUtils.java:logGet(46)) - raft.server.log.statemachine.data.sync.timeout.retry = -1 (default)
2024-12-14 12:23:18,536 INFO  server.RaftServerConfigKeys (ConfUtils.java:logGet(46)) - raft.server.log.write.buffer.size = 8MB (=8388608) (default)
2024-12-14 12:23:18,538 INFO  server.RaftServerConfigKeys (ConfUtils.java:logGet(46)) - raft.server.log.appender.buffer.byte-limit = 4MB (=4194304) (default)
2024-12-14 12:23:18,538 INFO  server.RaftServerConfigKeys (ConfUtils.java:logGet(46)) - raft.server.log.unsafe-flush.enabled = false (default)
2024-12-14 12:23:18,538 INFO  server.RaftServerConfigKeys (ConfUtils.java:logGet(46)) - raft.server.log.async-flush.enabled = false (default)
2024-12-14 12:23:18,538 INFO  server.RaftServerConfigKeys (ConfUtils.java:logGet(46)) - raft.server.log.statemachine.data.caching.enabled = false (default)
2024-12-14 12:23:18,539 INFO  segmented.SegmentedRaftLogWorker (SegmentedRaftLogWorker.java:lambda$new$0(140)) - s0@group-794ED3AF1AED-SegmentedRaftLogWorker: flushIndex: setUnconditionally 0 -> -1
2024-12-14 12:23:18,539 INFO  segmented.SegmentedRaftLogWorker (SegmentedRaftLogWorker.java:lambda$new$0(140)) - s0@group-794ED3AF1AED-SegmentedRaftLogWorker: safeCacheEvictIndex: setUnconditionally 0 -> -1
2024-12-14 12:23:18,539 INFO  server.RaftServer$Division (RaftServerImpl.java:start(392)) - s0@group-794ED3AF1AED: start as a follower, conf=conf: {index: -1, cur=peers:[s10, s0, s1]|listeners:[], old=null}
2024-12-14 12:23:18,539 INFO  server.RaftServer$Division (RaftServerImpl.java:setRole(379)) - s0@group-794ED3AF1AED: changes role from      null to FOLLOWER at term 0 for startAsFollower
2024-12-14 12:23:18,540 INFO  impl.RoleInfo (RoleInfo.java:updateAndGet(148)) - s0: start s0@group-794ED3AF1AED-FollowerState
2024-12-14 12:23:18,541 INFO  server.RaftServerConfigKeys (ConfUtils.java:logFallback(53)) - raft.server.rpc.first-election.timeout.min = 300ms (fallback to raft.server.rpc.timeout.min)
2024-12-14 12:23:18,541 INFO  server.RaftServerConfigKeys (ConfUtils.java:logFallback(53)) - raft.server.rpc.first-election.timeout.max = 600ms (fallback to raft.server.rpc.timeout.max)
2024-12-14 12:23:18,541 INFO  util.JmxRegister (JmxRegister.java:tryRegister(44)) - Successfully registered JMX Bean with object name Ratis:service=RaftServer,group=group-794ED3AF1AED,id=s0
2024-12-14 12:23:18,541 INFO  util.JmxRegister (JmxRegister.java:register(58)) - register mxBean class org.apache.ratis.server.impl.RaftServerJmxAdapter as Ratis:service=RaftServer,group=group-794ED3AF1AED,id=s0
2024-12-14 12:23:18,541 INFO  server.RaftServerConfigKeys (ConfUtils.java:logGet(46)) - raft.server.snapshot.trigger-when-stop.enabled = true (default)
2024-12-14 12:23:18,541 INFO  server.RaftServerConfigKeys (ConfUtils.java:logGet(46)) - raft.server.snapshot.trigger-when-remove.enabled = true (default)
2024-12-14 12:23:18,542 INFO  server.RaftServerConfigKeys (ConfUtils.java:logGet(46)) - raft.server.snapshot.auto.trigger.enabled = false (default)
2024-12-14 12:23:18,542 INFO  server.RaftServerConfigKeys (ConfUtils.java:logGet(46)) - raft.server.snapshot.retention.file.num = -1 (default)
2024-12-14 12:23:18,542 INFO  server.RaftServerConfigKeys (ConfUtils.java:logGet(46)) - raft.server.log.purge.upto.snapshot.index = false (default)
2024-12-14 12:23:18,542 INFO  server.RaftServer$Division (RaftServerImpl.java:start(406)) - s0@group-794ED3AF1AED: Successfully started.
2024-12-14 12:23:18,554 INFO  server.RaftServer (RaftServerProxy.java:addNew(101)) - s1: addNew group-794ED3AF1AED:[s10, s0, s1] returns group-794ED3AF1AED:java.util.concurrent.CompletableFuture@59a34eaf[Not completed]
2024-12-14 12:23:18,554 INFO  server.RaftServer$Division (RaftServerImpl.java:<init>(256)) - s1: new RaftServerImpl for group-794ED3AF1AED:[s10, s0, s1] with ArithmeticStateMachine:uninitialized
2024-12-14 12:23:18,555 INFO  server.RaftServerConfigKeys (ConfUtils.java:logGet(46)) - raft.server.rpc.timeout.min = 300ms (custom)
2024-12-14 12:23:18,555 INFO  server.RaftServerConfigKeys (ConfUtils.java:logGet(46)) - raft.server.rpc.timeout.max = 600ms (custom)
2024-12-14 12:23:18,555 INFO  server.RaftServerConfigKeys (ConfUtils.java:logGet(46)) - raft.server.rpc.sleep.time = 25ms (default)
2024-12-14 12:23:18,555 INFO  server.RaftServerConfigKeys (ConfUtils.java:logGet(46)) - raft.server.rpc.slowness.timeout = 60s (default)
2024-12-14 12:23:18,555 INFO  server.RaftServerConfigKeys (ConfUtils.java:logGet(46)) - raft.server.leaderelection.leader.step-down.wait-time = 10s (default)
2024-12-14 12:23:18,555 INFO  server.RaftServerConfigKeys (ConfUtils.java:logGet(46)) - raft.server.leaderelection.member.majority-add = false (default)
2024-12-14 12:23:18,555 INFO  server.RaftServerConfigKeys (ConfUtils.java:logGet(46)) - raft.server.sleep.deviation.threshold = 300ms (default)
2024-12-14 12:23:18,555 INFO  server.RaftServer$Division (ServerState.java:<init>(114)) - s1@group-794ED3AF1AED: ConfigurationManager, init=conf: {index: -1, cur=peers:[s10, s0, s1]|listeners:[], old=null}, confs=<EMPTY_MAP>
2024-12-14 12:23:18,555 INFO  server.RaftServerConfigKeys (ConfUtils.java:logGet(46)) - raft.server.notification.no-leader.timeout = 60s (default)
2024-12-14 12:23:18,555 INFO  server.RaftServerConfigKeys (ConfUtils.java:logGet(46)) - raft.server.read.timeout = 10s (default)
2024-12-14 12:23:18,556 INFO  server.RaftServerConfigKeys (ConfUtils.java:logGet(46)) - raft.server.retrycache.expirytime = 60s (default)
2024-12-14 12:23:18,556 INFO  server.RaftServerConfigKeys (ConfUtils.java:logGet(46)) - raft.server.retrycache.statistics.expirytime = 100ms (default)
2024-12-14 12:23:18,556 INFO  server.RaftServerConfigKeys (ConfUtils.java:logGet(46)) - raft.server.read.option = DEFAULT (default)
2024-12-14 12:23:18,556 INFO  server.RaftServerConfigKeys (ConfUtils.java:logGet(46)) - raft.server.read.read-after-write-consistent.write-index-cache.expiry-time = 60s (default)
2024-12-14 12:23:18,558 INFO  server.RaftServerConfigKeys (ConfUtils.java:logGet(46)) - raft.server.rpc.request.timeout = 3000ms (default)
2024-12-14 12:23:18,558 INFO  server.RaftServerConfigKeys (ConfUtils.java:logGet(46)) - raft.server.log.appender.install.snapshot.enabled = true (default)
2024-12-14 12:23:18,558 INFO  server.RaftServerConfigKeys (ConfUtils.java:logGet(46)) - raft.server.threadpool.server.cached = true (default)
2024-12-14 12:23:18,558 INFO  server.RaftServerConfigKeys (ConfUtils.java:logGet(46)) - raft.server.threadpool.server.size = 0 (default)
2024-12-14 12:23:18,558 INFO  server.RaftServerConfigKeys (ConfUtils.java:logGet(46)) - raft.server.threadpool.client.cached = true (default)
2024-12-14 12:23:18,558 INFO  server.RaftServerConfigKeys (ConfUtils.java:logGet(46)) - raft.server.threadpool.client.size = 0 (default)
2024-12-14 12:23:18,558 INFO  server.RaftServerConfigKeys (ConfUtils.java:logGet(46)) - raft.server.storage.free-space.min = 0MB (=0) (default)
2024-12-14 12:23:18,558 INFO  server.RaftServerConfigKeys (ConfUtils.java:logGet(46)) - raft.server.log.corruption.policy = EXCEPTION (default)
2024-12-14 12:23:18,558 INFO  server.RaftServerConfigKeys (ConfUtils.java:logGet(46)) - raft.server.storage.dir = [/home/runner/work/ratis/ratis/ratis-examples/target/test/data/da5193cb/MiniRaftClusterWithSimulatedRpced10c1e3/s1] (custom)
2024-12-14 12:23:18,559 INFO  storage.RaftStorageDirectory (RaftStorageDirectoryImpl.java:analyzeStorage(138)) - The storage directory /home/runner/work/ratis/ratis/ratis-examples/target/test/data/da5193cb/MiniRaftClusterWithSimulatedRpced10c1e3/s1/1e73b397-51fd-48d6-9868-794ed3af1aed does not exist. Creating ...
2024-12-14 12:23:18,559 TRACE util.FileUtils (LogUtils.java:runAndLog(49)) - Successfully ran Files.createDirectories /home/runner/work/ratis/ratis/ratis-examples/target/test/data/da5193cb/MiniRaftClusterWithSimulatedRpced10c1e3/s1/1e73b397-51fd-48d6-9868-794ed3af1aed
2024-12-14 12:23:18,560 INFO  storage.RaftStorageDirectory (RaftStorageDirectoryImpl.java:tryLock(229)) - Lock on /home/runner/work/ratis/ratis/ratis-examples/target/test/data/da5193cb/MiniRaftClusterWithSimulatedRpced10c1e3/s1/1e73b397-51fd-48d6-9868-794ed3af1aed/in_use.lock acquired by nodename 14700@fv-az733-880
2024-12-14 12:23:18,560 TRACE util.FileUtils (LogUtils.java:runAndLog(49)) - Successfully ran Files.createDirectories /home/runner/work/ratis/ratis/ratis-examples/target/test/data/da5193cb/MiniRaftClusterWithSimulatedRpced10c1e3/s1/1e73b397-51fd-48d6-9868-794ed3af1aed/current
2024-12-14 12:23:18,560 TRACE util.FileUtils (LogUtils.java:runAndLog(49)) - Successfully ran Files.createDirectories /home/runner/work/ratis/ratis/ratis-examples/target/test/data/da5193cb/MiniRaftClusterWithSimulatedRpced10c1e3/s1/1e73b397-51fd-48d6-9868-794ed3af1aed/sm
2024-12-14 12:23:18,561 TRACE util.FileUtils (LogUtils.java:supplyAndLog(69)) - Successfully supplied FileChannel.open /home/runner/work/ratis/ratis/ratis-examples/target/test/data/da5193cb/MiniRaftClusterWithSimulatedRpced10c1e3/s1/1e73b397-51fd-48d6-9868-794ed3af1aed/current/raft-meta.tmp with options [CREATE, WRITE]: sun.nio.ch.FileChannelImpl@5591266
2024-12-14 12:23:18,562 TRACE util.FileUtils (LogUtils.java:runAndLog(49)) - Successfully ran Atomic Files.move /home/runner/work/ratis/ratis/ratis-examples/target/test/data/da5193cb/MiniRaftClusterWithSimulatedRpced10c1e3/s1/1e73b397-51fd-48d6-9868-794ed3af1aed/current/raft-meta.tmp to /home/runner/work/ratis/ratis/ratis-examples/target/test/data/da5193cb/MiniRaftClusterWithSimulatedRpced10c1e3/s1/1e73b397-51fd-48d6-9868-794ed3af1aed/current/raft-meta with options [REPLACE_EXISTING]
2024-12-14 12:23:18,562 INFO  storage.RaftStorage (RaftStorageImpl.java:format(98)) - Storage directory /home/runner/work/ratis/ratis/ratis-examples/target/test/data/da5193cb/MiniRaftClusterWithSimulatedRpced10c1e3/s1/1e73b397-51fd-48d6-9868-794ed3af1aed has been successfully formatted.
2024-12-14 12:23:18,562 WARN  statemachine.StateMachine (ArithmeticStateMachine.java:loadSnapshot(115)) - The snapshot info is null.
2024-12-14 12:23:18,562 INFO  server.RaftServerConfigKeys (ConfUtils.java:logGet(46)) - raft.server.log.use.memory = false (default)
2024-12-14 12:23:18,562 INFO  server.RaftServerConfigKeys (ConfUtils.java:logGet(46)) - raft.server.log.purge.gap = 1024 (default)
2024-12-14 12:23:18,562 INFO  server.RaftServerConfigKeys (ConfUtils.java:logGet(46)) - raft.server.log.appender.buffer.byte-limit = 4MB (=4194304) (default)
2024-12-14 12:23:18,562 INFO  server.RaftServerConfigKeys (ConfUtils.java:logGet(46)) - raft.server.log.statemachine.data.read.timeout = 1000ms (default)
2024-12-14 12:23:18,562 INFO  server.RaftServerConfigKeys (ConfUtils.java:logGet(46)) - raft.server.log.purge.preservation.log.num = 0 (default)
2024-12-14 12:23:18,563 INFO  server.RaftServerConfigKeys (ConfUtils.java:logGet(46)) - raft.server.log.segment.size.max = 32MB (=33554432) (default)
2024-12-14 12:23:18,563 INFO  server.RaftServerConfigKeys (ConfUtils.java:logGet(46)) - raft.server.log.segment.cache.num.max = 6 (default)
2024-12-14 12:23:18,563 INFO  server.RaftServerConfigKeys (ConfUtils.java:logGet(46)) - raft.server.log.segment.cache.size.max = 200MB (=209715200) (default)
2024-12-14 12:23:18,563 INFO  server.RaftServerConfigKeys (ConfUtils.java:logGet(46)) - raft.server.log.appender.buffer.byte-limit = 4MB (=4194304) (default)
2024-12-14 12:23:18,563 INFO  util.AwaitToRun (AwaitToRun.java:start(81)) - Thread[s1@group-794ED3AF1AED-cacheEviction-AwaitToRun,5,main] started
2024-12-14 12:23:18,563 INFO  segmented.SegmentedRaftLogWorker (SegmentedRaftLogWorker.java:<init>(189)) - new s1@group-794ED3AF1AED-SegmentedRaftLogWorker for RaftStorageImpl:Storage Directory /home/runner/work/ratis/ratis/ratis-examples/target/test/data/da5193cb/MiniRaftClusterWithSimulatedRpced10c1e3/s1/1e73b397-51fd-48d6-9868-794ed3af1aed
2024-12-14 12:23:18,563 INFO  server.RaftServerConfigKeys (ConfUtils.java:logGet(46)) - raft.server.log.queue.byte-limit = 64MB (=67108864) (default)
2024-12-14 12:23:18,564 INFO  server.RaftServerConfigKeys (ConfUtils.java:logGet(46)) - raft.server.log.queue.element-limit = 4096 (default)
2024-12-14 12:23:18,564 INFO  server.RaftServerConfigKeys (ConfUtils.java:logGet(46)) - raft.server.log.segment.size.max = 32MB (=33554432) (default)
2024-12-14 12:23:18,564 INFO  server.RaftServerConfigKeys (ConfUtils.java:logGet(46)) - raft.server.log.preallocated.size = 4MB (=4194304) (default)
2024-12-14 12:23:18,564 INFO  server.RaftServerConfigKeys (ConfUtils.java:logGet(46)) - raft.server.log.force.sync.num = 128 (default)
2024-12-14 12:23:18,564 INFO  server.RaftServerConfigKeys (ConfUtils.java:logGet(46)) - raft.server.log.statemachine.data.sync = true (default)
2024-12-14 12:23:18,564 INFO  server.RaftServerConfigKeys (ConfUtils.java:logGet(46)) - raft.server.log.statemachine.data.sync.timeout = 10s (default)
2024-12-14 12:23:18,564 INFO  server.RaftServerConfigKeys (ConfUtils.java:logGet(46)) - raft.server.log.statemachine.data.sync.timeout.retry = -1 (default)
2024-12-14 12:23:18,564 INFO  server.RaftServerConfigKeys (ConfUtils.java:logGet(46)) - raft.server.log.write.buffer.size = 8MB (=8388608) (default)
2024-12-14 12:23:18,566 INFO  server.RaftServerConfigKeys (ConfUtils.java:logGet(46)) - raft.server.log.appender.buffer.byte-limit = 4MB (=4194304) (default)
2024-12-14 12:23:18,566 INFO  server.RaftServerConfigKeys (ConfUtils.java:logGet(46)) - raft.server.log.unsafe-flush.enabled = false (default)
2024-12-14 12:23:18,566 INFO  server.RaftServerConfigKeys (ConfUtils.java:logGet(46)) - raft.server.log.async-flush.enabled = false (default)
2024-12-14 12:23:18,566 INFO  server.RaftServerConfigKeys (ConfUtils.java:logGet(46)) - raft.server.log.statemachine.data.caching.enabled = false (default)
2024-12-14 12:23:18,566 INFO  segmented.SegmentedRaftLogWorker (SegmentedRaftLogWorker.java:lambda$new$0(140)) - s1@group-794ED3AF1AED-SegmentedRaftLogWorker: flushIndex: setUnconditionally 0 -> -1
2024-12-14 12:23:18,566 INFO  segmented.SegmentedRaftLogWorker (SegmentedRaftLogWorker.java:lambda$new$0(140)) - s1@group-794ED3AF1AED-SegmentedRaftLogWorker: safeCacheEvictIndex: setUnconditionally 0 -> -1
2024-12-14 12:23:18,566 INFO  server.RaftServer$Division (RaftServerImpl.java:start(392)) - s1@group-794ED3AF1AED: start as a follower, conf=conf: {index: -1, cur=peers:[s10, s0, s1]|listeners:[], old=null}
2024-12-14 12:23:18,567 INFO  server.RaftServer$Division (RaftServerImpl.java:setRole(379)) - s1@group-794ED3AF1AED: changes role from      null to FOLLOWER at term 0 for startAsFollower
2024-12-14 12:23:18,567 INFO  impl.RoleInfo (RoleInfo.java:updateAndGet(148)) - s1: start s1@group-794ED3AF1AED-FollowerState
2024-12-14 12:23:18,567 INFO  util.JmxRegister (JmxRegister.java:tryRegister(44)) - Successfully registered JMX Bean with object name Ratis:service=RaftServer,group=group-794ED3AF1AED,id=s1
2024-12-14 12:23:18,567 INFO  util.JmxRegister (JmxRegister.java:register(58)) - register mxBean class org.apache.ratis.server.impl.RaftServerJmxAdapter as Ratis:service=RaftServer,group=group-794ED3AF1AED,id=s1
2024-12-14 12:23:18,567 INFO  server.RaftServerConfigKeys (ConfUtils.java:logGet(46)) - raft.server.snapshot.trigger-when-stop.enabled = true (default)
2024-12-14 12:23:18,567 INFO  server.RaftServerConfigKeys (ConfUtils.java:logGet(46)) - raft.server.snapshot.trigger-when-remove.enabled = true (default)
2024-12-14 12:23:18,567 INFO  server.RaftServerConfigKeys (ConfUtils.java:logGet(46)) - raft.server.snapshot.auto.trigger.enabled = false (default)
2024-12-14 12:23:18,567 INFO  server.RaftServerConfigKeys (ConfUtils.java:logGet(46)) - raft.server.snapshot.retention.file.num = -1 (default)
2024-12-14 12:23:18,567 INFO  server.RaftServerConfigKeys (ConfUtils.java:logGet(46)) - raft.server.log.purge.upto.snapshot.index = false (default)
2024-12-14 12:23:18,568 INFO  server.RaftServer$Division (RaftServerImpl.java:start(406)) - s1@group-794ED3AF1AED: Successfully started.
2024-12-14 12:23:18,568 INFO  server.RaftServerConfigKeys (ConfUtils.java:logFallback(53)) - raft.server.rpc.first-election.timeout.min = 300ms (fallback to raft.server.rpc.timeout.min)
2024-12-14 12:23:18,568 INFO  server.RaftServerConfigKeys (ConfUtils.java:logFallback(53)) - raft.server.rpc.first-election.timeout.max = 600ms (fallback to raft.server.rpc.timeout.max)
2024-12-14 12:23:18,569 INFO  server.RaftServer (RaftServerProxy.java:addNew(101)) - s10: addNew group-794ED3AF1AED:[s10, s0, s1] returns group-794ED3AF1AED:java.util.concurrent.CompletableFuture@6ed97d30[Not completed]
2024-12-14 12:23:18,569 INFO  server.RaftServer$Division (RaftServerImpl.java:<init>(256)) - s10: new RaftServerImpl for group-794ED3AF1AED:[s10, s0, s1] with ArithmeticStateMachine:uninitialized
2024-12-14 12:23:18,570 INFO  server.RaftServerConfigKeys (ConfUtils.java:logGet(46)) - raft.server.rpc.timeout.min = 300ms (custom)
2024-12-14 12:23:18,570 INFO  server.RaftServerConfigKeys (ConfUtils.java:logGet(46)) - raft.server.rpc.timeout.max = 600ms (custom)
2024-12-14 12:23:18,570 INFO  server.RaftServerConfigKeys (ConfUtils.java:logGet(46)) - raft.server.rpc.sleep.time = 25ms (default)
2024-12-14 12:23:18,570 INFO  server.RaftServerConfigKeys (ConfUtils.java:logGet(46)) - raft.server.rpc.slowness.timeout = 60s (default)
2024-12-14 12:23:18,570 INFO  server.RaftServerConfigKeys (ConfUtils.java:logGet(46)) - raft.server.leaderelection.leader.step-down.wait-time = 10s (default)
2024-12-14 12:23:18,570 INFO  server.RaftServerConfigKeys (ConfUtils.java:logGet(46)) - raft.server.leaderelection.member.majority-add = false (default)
2024-12-14 12:23:18,570 INFO  server.RaftServerConfigKeys (ConfUtils.java:logGet(46)) - raft.server.sleep.deviation.threshold = 300ms (default)
2024-12-14 12:23:18,570 INFO  server.RaftServer$Division (ServerState.java:<init>(114)) - s10@group-794ED3AF1AED: ConfigurationManager, init=conf: {index: -1, cur=peers:[s10, s0, s1]|listeners:[], old=null}, confs=<EMPTY_MAP>
2024-12-14 12:23:18,570 INFO  server.RaftServerConfigKeys (ConfUtils.java:logGet(46)) - raft.server.notification.no-leader.timeout = 60s (default)
2024-12-14 12:23:18,570 INFO  server.RaftServerConfigKeys (ConfUtils.java:logGet(46)) - raft.server.read.timeout = 10s (default)
2024-12-14 12:23:18,570 INFO  server.RaftServerConfigKeys (ConfUtils.java:logGet(46)) - raft.server.retrycache.expirytime = 60s (default)
2024-12-14 12:23:18,570 INFO  server.RaftServerConfigKeys (ConfUtils.java:logGet(46)) - raft.server.retrycache.statistics.expirytime = 100ms (default)
2024-12-14 12:23:18,571 INFO  server.RaftServerConfigKeys (ConfUtils.java:logGet(46)) - raft.server.read.option = DEFAULT (default)
2024-12-14 12:23:18,571 INFO  server.RaftServerConfigKeys (ConfUtils.java:logGet(46)) - raft.server.read.read-after-write-consistent.write-index-cache.expiry-time = 60s (default)
2024-12-14 12:23:18,572 INFO  server.RaftServerConfigKeys (ConfUtils.java:logGet(46)) - raft.server.rpc.request.timeout = 3000ms (default)
2024-12-14 12:23:18,572 INFO  server.RaftServerConfigKeys (ConfUtils.java:logGet(46)) - raft.server.log.appender.install.snapshot.enabled = true (default)
2024-12-14 12:23:18,572 INFO  server.RaftServerConfigKeys (ConfUtils.java:logGet(46)) - raft.server.threadpool.server.cached = true (default)
2024-12-14 12:23:18,572 INFO  server.RaftServerConfigKeys (ConfUtils.java:logGet(46)) - raft.server.threadpool.server.size = 0 (default)
2024-12-14 12:23:18,572 INFO  server.RaftServerConfigKeys (ConfUtils.java:logGet(46)) - raft.server.threadpool.client.cached = true (default)
2024-12-14 12:23:18,572 INFO  server.RaftServerConfigKeys (ConfUtils.java:logGet(46)) - raft.server.threadpool.client.size = 0 (default)
2024-12-14 12:23:18,572 INFO  server.RaftServerConfigKeys (ConfUtils.java:logGet(46)) - raft.server.storage.free-space.min = 0MB (=0) (default)
2024-12-14 12:23:18,572 INFO  server.RaftServerConfigKeys (ConfUtils.java:logGet(46)) - raft.server.log.corruption.policy = EXCEPTION (default)
2024-12-14 12:23:18,572 INFO  server.RaftServerConfigKeys (ConfUtils.java:logGet(46)) - raft.server.storage.dir = [/home/runner/work/ratis/ratis/ratis-examples/target/test/data/da5193cb/MiniRaftClusterWithSimulatedRpced10c1e3/s10] (custom)
2024-12-14 12:23:18,573 INFO  storage.RaftStorageDirectory (RaftStorageDirectoryImpl.java:analyzeStorage(138)) - The storage directory /home/runner/work/ratis/ratis/ratis-examples/target/test/data/da5193cb/MiniRaftClusterWithSimulatedRpced10c1e3/s10/1e73b397-51fd-48d6-9868-794ed3af1aed does not exist. Creating ...
2024-12-14 12:23:18,573 TRACE util.FileUtils (LogUtils.java:runAndLog(49)) - Successfully ran Files.createDirectories /home/runner/work/ratis/ratis/ratis-examples/target/test/data/da5193cb/MiniRaftClusterWithSimulatedRpced10c1e3/s10/1e73b397-51fd-48d6-9868-794ed3af1aed
2024-12-14 12:23:18,574 INFO  storage.RaftStorageDirectory (RaftStorageDirectoryImpl.java:tryLock(229)) - Lock on /home/runner/work/ratis/ratis/ratis-examples/target/test/data/da5193cb/MiniRaftClusterWithSimulatedRpced10c1e3/s10/1e73b397-51fd-48d6-9868-794ed3af1aed/in_use.lock acquired by nodename 14700@fv-az733-880
2024-12-14 12:23:18,575 TRACE util.FileUtils (LogUtils.java:runAndLog(49)) - Successfully ran Files.createDirectories /home/runner/work/ratis/ratis/ratis-examples/target/test/data/da5193cb/MiniRaftClusterWithSimulatedRpced10c1e3/s10/1e73b397-51fd-48d6-9868-794ed3af1aed/current
2024-12-14 12:23:18,575 TRACE util.FileUtils (LogUtils.java:runAndLog(49)) - Successfully ran Files.createDirectories /home/runner/work/ratis/ratis/ratis-examples/target/test/data/da5193cb/MiniRaftClusterWithSimulatedRpced10c1e3/s10/1e73b397-51fd-48d6-9868-794ed3af1aed/sm
2024-12-14 12:23:18,575 TRACE util.FileUtils (LogUtils.java:supplyAndLog(69)) - Successfully supplied FileChannel.open /home/runner/work/ratis/ratis/ratis-examples/target/test/data/da5193cb/MiniRaftClusterWithSimulatedRpced10c1e3/s10/1e73b397-51fd-48d6-9868-794ed3af1aed/current/raft-meta.tmp with options [CREATE, WRITE]: sun.nio.ch.FileChannelImpl@711e15c1
2024-12-14 12:23:18,576 TRACE util.FileUtils (LogUtils.java:runAndLog(49)) - Successfully ran Atomic Files.move /home/runner/work/ratis/ratis/ratis-examples/target/test/data/da5193cb/MiniRaftClusterWithSimulatedRpced10c1e3/s10/1e73b397-51fd-48d6-9868-794ed3af1aed/current/raft-meta.tmp to /home/runner/work/ratis/ratis/ratis-examples/target/test/data/da5193cb/MiniRaftClusterWithSimulatedRpced10c1e3/s10/1e73b397-51fd-48d6-9868-794ed3af1aed/current/raft-meta with options [REPLACE_EXISTING]
2024-12-14 12:23:18,576 INFO  storage.RaftStorage (RaftStorageImpl.java:format(98)) - Storage directory /home/runner/work/ratis/ratis/ratis-examples/target/test/data/da5193cb/MiniRaftClusterWithSimulatedRpced10c1e3/s10/1e73b397-51fd-48d6-9868-794ed3af1aed has been successfully formatted.
2024-12-14 12:23:18,576 WARN  statemachine.StateMachine (ArithmeticStateMachine.java:loadSnapshot(115)) - The snapshot info is null.
2024-12-14 12:23:18,576 INFO  server.RaftServerConfigKeys (ConfUtils.java:logGet(46)) - raft.server.log.use.memory = false (default)
2024-12-14 12:23:18,576 INFO  server.RaftServerConfigKeys (ConfUtils.java:logGet(46)) - raft.server.log.purge.gap = 1024 (default)
2024-12-14 12:23:18,577 INFO  server.RaftServerConfigKeys (ConfUtils.java:logGet(46)) - raft.server.log.appender.buffer.byte-limit = 4MB (=4194304) (default)
2024-12-14 12:23:18,577 INFO  server.RaftServerConfigKeys (ConfUtils.java:logGet(46)) - raft.server.log.statemachine.data.read.timeout = 1000ms (default)
2024-12-14 12:23:18,577 INFO  server.RaftServerConfigKeys (ConfUtils.java:logGet(46)) - raft.server.log.purge.preservation.log.num = 0 (default)
2024-12-14 12:23:18,577 INFO  server.RaftServerConfigKeys (ConfUtils.java:logGet(46)) - raft.server.log.segment.size.max = 32MB (=33554432) (default)
2024-12-14 12:23:18,577 INFO  server.RaftServerConfigKeys (ConfUtils.java:logGet(46)) - raft.server.log.segment.cache.num.max = 6 (default)
2024-12-14 12:23:18,577 INFO  server.RaftServerConfigKeys (ConfUtils.java:logGet(46)) - raft.server.log.segment.cache.size.max = 200MB (=209715200) (default)
2024-12-14 12:23:18,577 INFO  server.RaftServerConfigKeys (ConfUtils.java:logGet(46)) - raft.server.log.appender.buffer.byte-limit = 4MB (=4194304) (default)
2024-12-14 12:23:18,578 INFO  util.AwaitToRun (AwaitToRun.java:start(81)) - Thread[s10@group-794ED3AF1AED-cacheEviction-AwaitToRun,5,main] started
2024-12-14 12:23:18,578 INFO  segmented.SegmentedRaftLogWorker (SegmentedRaftLogWorker.java:<init>(189)) - new s10@group-794ED3AF1AED-SegmentedRaftLogWorker for RaftStorageImpl:Storage Directory /home/runner/work/ratis/ratis/ratis-examples/target/test/data/da5193cb/MiniRaftClusterWithSimulatedRpced10c1e3/s10/1e73b397-51fd-48d6-9868-794ed3af1aed
2024-12-14 12:23:18,578 INFO  server.RaftServerConfigKeys (ConfUtils.java:logGet(46)) - raft.server.log.queue.byte-limit = 64MB (=67108864) (default)
2024-12-14 12:23:18,578 INFO  server.RaftServerConfigKeys (ConfUtils.java:logGet(46)) - raft.server.log.queue.element-limit = 4096 (default)
2024-12-14 12:23:18,578 INFO  server.RaftServerConfigKeys (ConfUtils.java:logGet(46)) - raft.server.log.segment.size.max = 32MB (=33554432) (default)
2024-12-14 12:23:18,578 INFO  server.RaftServerConfigKeys (ConfUtils.java:logGet(46)) - raft.server.log.preallocated.size = 4MB (=4194304) (default)
2024-12-14 12:23:18,578 INFO  server.RaftServerConfigKeys (ConfUtils.java:logGet(46)) - raft.server.log.force.sync.num = 128 (default)
2024-12-14 12:23:18,578 INFO  server.RaftServerConfigKeys (ConfUtils.java:logGet(46)) - raft.server.log.statemachine.data.sync = true (default)
2024-12-14 12:23:18,578 INFO  server.RaftServerConfigKeys (ConfUtils.java:logGet(46)) - raft.server.log.statemachine.data.sync.timeout = 10s (default)
2024-12-14 12:23:18,578 INFO  server.RaftServerConfigKeys (ConfUtils.java:logGet(46)) - raft.server.log.statemachine.data.sync.timeout.retry = -1 (default)
2024-12-14 12:23:18,579 INFO  server.RaftServerConfigKeys (ConfUtils.java:logGet(46)) - raft.server.log.write.buffer.size = 8MB (=8388608) (default)
2024-12-14 12:23:18,580 INFO  server.RaftServerConfigKeys (ConfUtils.java:logGet(46)) - raft.server.log.appender.buffer.byte-limit = 4MB (=4194304) (default)
2024-12-14 12:23:18,581 INFO  server.RaftServerConfigKeys (ConfUtils.java:logGet(46)) - raft.server.log.unsafe-flush.enabled = false (default)
2024-12-14 12:23:18,581 INFO  server.RaftServerConfigKeys (ConfUtils.java:logGet(46)) - raft.server.log.async-flush.enabled = false (default)
2024-12-14 12:23:18,581 INFO  server.RaftServerConfigKeys (ConfUtils.java:logGet(46)) - raft.server.log.statemachine.data.caching.enabled = false (default)
2024-12-14 12:23:18,581 INFO  segmented.SegmentedRaftLogWorker (SegmentedRaftLogWorker.java:lambda$new$0(140)) - s10@group-794ED3AF1AED-SegmentedRaftLogWorker: flushIndex: setUnconditionally 0 -> -1
2024-12-14 12:23:18,581 INFO  segmented.SegmentedRaftLogWorker (SegmentedRaftLogWorker.java:lambda$new$0(140)) - s10@group-794ED3AF1AED-SegmentedRaftLogWorker: safeCacheEvictIndex: setUnconditionally 0 -> -1
2024-12-14 12:23:18,582 INFO  server.RaftServer$Division (RaftServerImpl.java:start(392)) - s10@group-794ED3AF1AED: start as a follower, conf=conf: {index: -1, cur=peers:[s10, s0, s1]|listeners:[], old=null}
2024-12-14 12:23:18,582 INFO  server.RaftServer$Division (RaftServerImpl.java:setRole(379)) - s10@group-794ED3AF1AED: changes role from      null to FOLLOWER at term 0 for startAsFollower
2024-12-14 12:23:18,583 INFO  impl.RoleInfo (RoleInfo.java:updateAndGet(148)) - s10: start s10@group-794ED3AF1AED-FollowerState
2024-12-14 12:23:18,587 INFO  util.JmxRegister (JmxRegister.java:tryRegister(44)) - Successfully registered JMX Bean with object name Ratis:service=RaftServer,group=group-794ED3AF1AED,id=s10
2024-12-14 12:23:18,587 INFO  util.JmxRegister (JmxRegister.java:register(58)) - register mxBean class org.apache.ratis.server.impl.RaftServerJmxAdapter as Ratis:service=RaftServer,group=group-794ED3AF1AED,id=s10
2024-12-14 12:23:18,587 INFO  server.RaftServerConfigKeys (ConfUtils.java:logGet(46)) - raft.server.snapshot.trigger-when-stop.enabled = true (default)
2024-12-14 12:23:18,587 INFO  server.RaftServerConfigKeys (ConfUtils.java:logFallback(53)) - raft.server.rpc.first-election.timeout.min = 300ms (fallback to raft.server.rpc.timeout.min)
2024-12-14 12:23:18,587 INFO  server.RaftServerConfigKeys (ConfUtils.java:logGet(46)) - raft.server.snapshot.trigger-when-remove.enabled = true (default)
2024-12-14 12:23:18,588 INFO  server.RaftServerConfigKeys (ConfUtils.java:logGet(46)) - raft.server.snapshot.auto.trigger.enabled = false (default)
2024-12-14 12:23:18,588 INFO  server.RaftServerConfigKeys (ConfUtils.java:logGet(46)) - raft.server.snapshot.retention.file.num = -1 (default)
2024-12-14 12:23:18,588 INFO  server.RaftServerConfigKeys (ConfUtils.java:logGet(46)) - raft.server.log.purge.upto.snapshot.index = false (default)
2024-12-14 12:23:18,588 INFO  server.RaftServerConfigKeys (ConfUtils.java:logFallback(53)) - raft.server.rpc.first-election.timeout.max = 600ms (fallback to raft.server.rpc.timeout.max)
2024-12-14 12:23:18,588 INFO  server.RaftServer$Division (RaftServerImpl.java:start(406)) - s10@group-794ED3AF1AED: Successfully started.
2024-12-14 12:23:18,589 INFO  server.RaftServerConfigKeys (ConfUtils.java:logGet(46)) - raft.server.rpc.timeout.max = 600ms (custom)
2024-12-14 12:23:18,591 INFO  ratis.RaftTestUtil (RaftTestUtil.java:waitForLeader(107)) - printing group-794ED3AF1AED
  s10:  RUNNING [
   FOLLOWER s10@group-E0CF8C87AB81:t0, leader=null, voted=, raftlog=Memoized:s10@group-E0CF8C87AB81-SegmentedRaftLog:OPENED:c-1:lastnull, conf=conf: {index: -1, cur=peers:[]|listeners:[], old=null} STARTING
   FOLLOWER s10@group-794ED3AF1AED:t0, leader=null, voted=, raftlog=Memoized:s10@group-794ED3AF1AED-SegmentedRaftLog:OPENED:c-1:lastnull, conf=conf: {index: -1, cur=peers:[s10, s0, s1]|listeners:[], old=null} RUNNING] size=2
  s0:  RUNNING [
   FOLLOWER s0@group-E0CF8C87AB81:t0, leader=null, voted=, raftlog=Memoized:s0@group-E0CF8C87AB81-SegmentedRaftLog:OPENED:c-1:lastnull, conf=conf: {index: -1, cur=peers:[]|listeners:[], old=null} STARTING
   FOLLOWER s0@group-794ED3AF1AED:t0, leader=null, voted=, raftlog=Memoized:s0@group-794ED3AF1AED-SegmentedRaftLog:OPENED:c-1:lastnull, conf=conf: {index: -1, cur=peers:[s10, s0, s1]|listeners:[], old=null} RUNNING] size=2
  s1:  RUNNING [
   FOLLOWER s1@group-E0CF8C87AB81:t0, leader=null, voted=, raftlog=Memoized:s1@group-E0CF8C87AB81-SegmentedRaftLog:OPENED:c-1:lastnull, conf=conf: {index: -1, cur=peers:[]|listeners:[], old=null} STARTING
   FOLLOWER s1@group-794ED3AF1AED:t0, leader=null, voted=, raftlog=Memoized:s1@group-794ED3AF1AED-SegmentedRaftLog:OPENED:c-1:lastnull, conf=conf: {index: -1, cur=peers:[s10, s0, s1]|listeners:[], old=null} RUNNING] size=2
2024-12-14 12:23:18,593 WARN  ratis.RaftTestUtil (RaftTestUtil.java:lambda$waitForLeader$3(126)) - Attempt #1 failed: java.lang.IllegalStateException: No leader yet  for group-794ED3AF1AED: printing group-794ED3AF1AED
  s10:  RUNNING [
   FOLLOWER s10@group-E0CF8C87AB81:t0, leader=null, voted=, raftlog=Memoized:s10@group-E0CF8C87AB81-SegmentedRaftLog:OPENED:c-1:lastnull, conf=conf: {index: -1, cur=peers:[]|listeners:[], old=null} STARTING
   FOLLOWER s10@group-794ED3AF1AED:t0, leader=null, voted=, raftlog=Memoized:s10@group-794ED3AF1AED-SegmentedRaftLog:OPENED:c-1:lastnull, conf=conf: {index: -1, cur=peers:[s10, s0, s1]|listeners:[], old=null} RUNNING] size=2
  s0:  RUNNING [
   FOLLOWER s0@group-E0CF8C87AB81:t0, leader=null, voted=, raftlog=Memoized:s0@group-E0CF8C87AB81-SegmentedRaftLog:OPENED:c-1:lastnull, conf=conf: {index: -1, cur=peers:[]|listeners:[], old=null} STARTING
   FOLLOWER s0@group-794ED3AF1AED:t0, leader=null, voted=, raftlog=Memoized:s0@group-794ED3AF1AED-SegmentedRaftLog:OPENED:c-1:lastnull, conf=conf: {index: -1, cur=peers:[s10, s0, s1]|listeners:[], old=null} RUNNING] size=2
  s1:  RUNNING [
   FOLLOWER s1@group-E0CF8C87AB81:t0, leader=null, voted=, raftlog=Memoized:s1@group-E0CF8C87AB81-SegmentedRaftLog:OPENED:c-1:lastnull, conf=conf: {index: -1, cur=peers:[]|listeners:[], old=null} STARTING
   FOLLOWER s1@group-794ED3AF1AED:t0, leader=null, voted=, raftlog=Memoized:s1@group-794ED3AF1AED-SegmentedRaftLog:OPENED:c-1:lastnull, conf=conf: {index: -1, cur=peers:[s10, s0, s1]|listeners:[], old=null} RUNNING] size=2
2024-12-14 12:23:19,034 INFO  impl.FollowerState (FollowerState.java:runImpl(161)) - s1@group-794ED3AF1AED-FollowerState: change to CANDIDATE, lastRpcElapsedTime:466822061ns, electionTimeout:464ms
2024-12-14 12:23:19,034 INFO  impl.RoleInfo (RoleInfo.java:shutdownFollowerState(121)) - s1: shutdown s1@group-794ED3AF1AED-FollowerState
2024-12-14 12:23:19,034 INFO  server.RaftServer$Division (RaftServerImpl.java:setRole(379)) - s1@group-794ED3AF1AED: changes role from  FOLLOWER to CANDIDATE at term 0 for changeToCandidate
2024-12-14 12:23:19,037 INFO  server.RaftServerConfigKeys (ConfUtils.java:logGet(46)) - raft.server.leaderelection.pre-vote = true (default)
2024-12-14 12:23:19,037 INFO  impl.RoleInfo (RoleInfo.java:updateAndGet(148)) - s1: start s1@group-794ED3AF1AED-LeaderElection1
2024-12-14 12:23:19,040 INFO  impl.LeaderElection (LeaderElection.java:askForVotes(332)) - s1@group-794ED3AF1AED-LeaderElection1 PRE_VOTE round 0: submit vote requests at term 0 for conf: {index: -1, cur=peers:[s10, s0, s1]|listeners:[], old=null}
2024-12-14 12:23:19,061 INFO  server.RaftServerConfigKeys (ConfUtils.java:logFallback(53)) - raft.server.rpc.first-election.timeout.min = 300ms (fallback to raft.server.rpc.timeout.min)
2024-12-14 12:23:19,061 INFO  server.RaftServerConfigKeys (ConfUtils.java:logFallback(53)) - raft.server.rpc.first-election.timeout.max = 600ms (fallback to raft.server.rpc.timeout.max)
2024-12-14 12:23:19,066 INFO  server.RaftServer$Division (RaftServerImpl.java:requestVote(1452)) - s0@group-794ED3AF1AED: receive requestVote(PRE_VOTE, s1, group-794ED3AF1AED, 0, (t:0, i:0))
2024-12-14 12:23:19,067 INFO  server.RaftServer$Division (RaftServerImpl.java:requestVote(1452)) - s10@group-794ED3AF1AED: receive requestVote(PRE_VOTE, s1, group-794ED3AF1AED, 0, (t:0, i:0))
2024-12-14 12:23:19,069 INFO  impl.VoteContext (VoteContext.java:log(49)) - s10@group-794ED3AF1AED-FOLLOWER: accept PRE_VOTE from s1: our priority 0 <= candidate's priority 0
2024-12-14 12:23:19,071 INFO  impl.VoteContext (VoteContext.java:log(49)) - s0@group-794ED3AF1AED-FOLLOWER: accept PRE_VOTE from s1: our priority 0 <= candidate's priority 0
2024-12-14 12:23:19,081 INFO  server.RaftServer$Division (RaftServerImpl.java:requestVote(1486)) - s10@group-794ED3AF1AED replies to PRE_VOTE vote request: s1<-s10#0:OK-t0. Peer's state: s10@group-794ED3AF1AED:t0, leader=null, voted=, raftlog=Memoized:s10@group-794ED3AF1AED-SegmentedRaftLog:OPENED:c-1:lastnull, conf=conf: {index: -1, cur=peers:[s10, s0, s1]|listeners:[], old=null}
2024-12-14 12:23:19,081 INFO  server.RaftServer$Division (RaftServerImpl.java:requestVote(1486)) - s0@group-794ED3AF1AED replies to PRE_VOTE vote request: s1<-s0#0:OK-t0. Peer's state: s0@group-794ED3AF1AED:t0, leader=null, voted=, raftlog=Memoized:s0@group-794ED3AF1AED-SegmentedRaftLog:OPENED:c-1:lastnull, conf=conf: {index: -1, cur=peers:[s10, s0, s1]|listeners:[], old=null}
2024-12-14 12:23:19,081 INFO  server.RaftServerConfigKeys (ConfUtils.java:logFallback(53)) - raft.server.rpc.first-election.timeout.min = 300ms (fallback to raft.server.rpc.timeout.min)
2024-12-14 12:23:19,081 INFO  server.RaftServerConfigKeys (ConfUtils.java:logFallback(53)) - raft.server.rpc.first-election.timeout.max = 600ms (fallback to raft.server.rpc.timeout.max)
2024-12-14 12:23:19,083 INFO  impl.LeaderElection (LeaderElection.java:logAndReturn(90)) - s1@group-794ED3AF1AED-LeaderElection1: PRE_VOTE PASSED received 1 response(s) and 0 exception(s):
2024-12-14 12:23:19,083 INFO  impl.LeaderElection (LeaderElection.java:logAndReturn(94)) -   Response 0: s1<-s0#0:OK-t0
2024-12-14 12:23:19,083 INFO  impl.LeaderElection (LeaderElection.java:askForVotes(334)) - s1@group-794ED3AF1AED-LeaderElection1 PRE_VOTE round 0: result PASSED
2024-12-14 12:23:19,084 TRACE util.FileUtils (LogUtils.java:supplyAndLog(69)) - Successfully supplied FileChannel.open /home/runner/work/ratis/ratis/ratis-examples/target/test/data/da5193cb/MiniRaftClusterWithSimulatedRpced10c1e3/s1/1e73b397-51fd-48d6-9868-794ed3af1aed/current/raft-meta.tmp with options [CREATE, WRITE]: sun.nio.ch.FileChannelImpl@4a2ed94c
2024-12-14 12:23:19,085 TRACE util.FileUtils (LogUtils.java:runAndLog(49)) - Successfully ran Atomic Files.move /home/runner/work/ratis/ratis/ratis-examples/target/test/data/da5193cb/MiniRaftClusterWithSimulatedRpced10c1e3/s1/1e73b397-51fd-48d6-9868-794ed3af1aed/current/raft-meta.tmp to /home/runner/work/ratis/ratis/ratis-examples/target/test/data/da5193cb/MiniRaftClusterWithSimulatedRpced10c1e3/s1/1e73b397-51fd-48d6-9868-794ed3af1aed/current/raft-meta with options [REPLACE_EXISTING]
2024-12-14 12:23:19,085 INFO  impl.LeaderElection (LeaderElection.java:askForVotes(332)) - s1@group-794ED3AF1AED-LeaderElection1 ELECTION round 0: submit vote requests at term 1 for conf: {index: -1, cur=peers:[s10, s0, s1]|listeners:[], old=null}
2024-12-14 12:23:19,086 INFO  server.RaftServerConfigKeys (ConfUtils.java:logFallback(53)) - raft.server.rpc.first-election.timeout.min = 300ms (fallback to raft.server.rpc.timeout.min)
2024-12-14 12:23:19,086 INFO  server.RaftServerConfigKeys (ConfUtils.java:logFallback(53)) - raft.server.rpc.first-election.timeout.max = 600ms (fallback to raft.server.rpc.timeout.max)
2024-12-14 12:23:19,086 INFO  server.RaftServer$Division (RaftServerImpl.java:requestVote(1452)) - s10@group-794ED3AF1AED: receive requestVote(ELECTION, s1, group-794ED3AF1AED, 1, (t:0, i:0))
2024-12-14 12:23:19,086 INFO  impl.VoteContext (VoteContext.java:log(49)) - s10@group-794ED3AF1AED-FOLLOWER: accept ELECTION from s1: our priority 0 <= candidate's priority 0
2024-12-14 12:23:19,087 INFO  server.RaftServer$Division (RaftServerImpl.java:setRole(379)) - s10@group-794ED3AF1AED: changes role from  FOLLOWER to FOLLOWER at term 0 for candidate:s1
2024-12-14 12:23:19,087 INFO  impl.RoleInfo (RoleInfo.java:shutdownFollowerState(121)) - s10: shutdown s10@group-794ED3AF1AED-FollowerState
2024-12-14 12:23:19,087 INFO  impl.FollowerState (FollowerState.java:runImpl(170)) - s10@group-794ED3AF1AED-FollowerState was interrupted
2024-12-14 12:23:19,087 INFO  impl.RoleInfo (RoleInfo.java:updateAndGet(148)) - s10: start s10@group-794ED3AF1AED-FollowerState
2024-12-14 12:23:19,088 INFO  server.RaftServer$Division (RaftServerImpl.java:setFirstElection(563)) - s10@group-794ED3AF1AED: set firstElectionSinceStartup to false for candidate:s1
2024-12-14 12:23:19,088 TRACE util.FileUtils (LogUtils.java:supplyAndLog(69)) - Successfully supplied FileChannel.open /home/runner/work/ratis/ratis/ratis-examples/target/test/data/da5193cb/MiniRaftClusterWithSimulatedRpced10c1e3/s10/1e73b397-51fd-48d6-9868-794ed3af1aed/current/raft-meta.tmp with options [CREATE, WRITE]: sun.nio.ch.FileChannelImpl@460916c
2024-12-14 12:23:19,089 INFO  server.RaftServer$Division (RaftServerImpl.java:requestVote(1452)) - s0@group-794ED3AF1AED: receive requestVote(ELECTION, s1, group-794ED3AF1AED, 1, (t:0, i:0))
2024-12-14 12:23:19,089 INFO  impl.VoteContext (VoteContext.java:log(49)) - s0@group-794ED3AF1AED-FOLLOWER: accept ELECTION from s1: our priority 0 <= candidate's priority 0
2024-12-14 12:23:19,089 INFO  server.RaftServer$Division (RaftServerImpl.java:setRole(379)) - s0@group-794ED3AF1AED: changes role from  FOLLOWER to FOLLOWER at term 0 for candidate:s1
2024-12-14 12:23:19,089 INFO  impl.RoleInfo (RoleInfo.java:shutdownFollowerState(121)) - s0: shutdown s0@group-794ED3AF1AED-FollowerState
2024-12-14 12:23:19,089 TRACE util.FileUtils (LogUtils.java:runAndLog(49)) - Successfully ran Atomic Files.move /home/runner/work/ratis/ratis/ratis-examples/target/test/data/da5193cb/MiniRaftClusterWithSimulatedRpced10c1e3/s10/1e73b397-51fd-48d6-9868-794ed3af1aed/current/raft-meta.tmp to /home/runner/work/ratis/ratis/ratis-examples/target/test/data/da5193cb/MiniRaftClusterWithSimulatedRpced10c1e3/s10/1e73b397-51fd-48d6-9868-794ed3af1aed/current/raft-meta with options [REPLACE_EXISTING]
2024-12-14 12:23:19,089 INFO  impl.FollowerState (FollowerState.java:runImpl(170)) - s0@group-794ED3AF1AED-FollowerState was interrupted
2024-12-14 12:23:19,089 INFO  server.RaftServer$Division (RaftServerImpl.java:requestVote(1486)) - s10@group-794ED3AF1AED replies to ELECTION vote request: s1<-s10#0:OK-t1. Peer's state: s10@group-794ED3AF1AED:t1, leader=null, voted=s1, raftlog=Memoized:s10@group-794ED3AF1AED-SegmentedRaftLog:OPENED:c-1:lastnull, conf=conf: {index: -1, cur=peers:[s10, s0, s1]|listeners:[], old=null}
2024-12-14 12:23:19,089 INFO  impl.RoleInfo (RoleInfo.java:updateAndGet(148)) - s0: start s0@group-794ED3AF1AED-FollowerState
2024-12-14 12:23:19,090 INFO  impl.LeaderElection (LeaderElection.java:logAndReturn(90)) - s1@group-794ED3AF1AED-LeaderElection1: ELECTION PASSED received 1 response(s) and 0 exception(s):
2024-12-14 12:23:19,090 INFO  impl.LeaderElection (LeaderElection.java:logAndReturn(94)) -   Response 0: s1<-s10#0:OK-t1
2024-12-14 12:23:19,093 INFO  server.RaftServer$Division (RaftServerImpl.java:setFirstElection(563)) - s0@group-794ED3AF1AED: set firstElectionSinceStartup to false for candidate:s1
2024-12-14 12:23:19,093 TRACE util.FileUtils (LogUtils.java:supplyAndLog(69)) - Successfully supplied FileChannel.open /home/runner/work/ratis/ratis/ratis-examples/target/test/data/da5193cb/MiniRaftClusterWithSimulatedRpced10c1e3/s0/1e73b397-51fd-48d6-9868-794ed3af1aed/current/raft-meta.tmp with options [CREATE, WRITE]: sun.nio.ch.FileChannelImpl@4f942d1
2024-12-14 12:23:19,093 INFO  impl.LeaderElection (LeaderElection.java:askForVotes(334)) - s1@group-794ED3AF1AED-LeaderElection1 ELECTION round 0: result PASSED
2024-12-14 12:23:19,093 INFO  impl.RoleInfo (RoleInfo.java:shutdownLeaderElection(141)) - s1: shutdown s1@group-794ED3AF1AED-LeaderElection1
2024-12-14 12:23:19,094 TRACE util.FileUtils (LogUtils.java:runAndLog(49)) - Successfully ran Atomic Files.move /home/runner/work/ratis/ratis/ratis-examples/target/test/data/da5193cb/MiniRaftClusterWithSimulatedRpced10c1e3/s0/1e73b397-51fd-48d6-9868-794ed3af1aed/current/raft-meta.tmp to /home/runner/work/ratis/ratis/ratis-examples/target/test/data/da5193cb/MiniRaftClusterWithSimulatedRpced10c1e3/s0/1e73b397-51fd-48d6-9868-794ed3af1aed/current/raft-meta with options [REPLACE_EXISTING]
2024-12-14 12:23:19,094 INFO  server.RaftServer$Division (RaftServerImpl.java:requestVote(1486)) - s0@group-794ED3AF1AED replies to ELECTION vote request: s1<-s0#0:OK-t1. Peer's state: s0@group-794ED3AF1AED:t1, leader=null, voted=s1, raftlog=Memoized:s0@group-794ED3AF1AED-SegmentedRaftLog:OPENED:c-1:lastnull, conf=conf: {index: -1, cur=peers:[s10, s0, s1]|listeners:[], old=null}
2024-12-14 12:23:19,095 INFO  server.RaftServer$Division (RaftServerImpl.java:setRole(379)) - s1@group-794ED3AF1AED: changes role from CANDIDATE to LEADER at term 1 for changeToLeader
2024-12-14 12:23:19,104 INFO  server.RaftServerConfigKeys (ConfUtils.java:logGet(46)) - raft.server.staging.catchup.gap = 1000 (default)
2024-12-14 12:23:19,110 INFO  server.RaftServerConfigKeys (ConfUtils.java:logGet(46)) - raft.server.write.element-limit = 4096 (default)
2024-12-14 12:23:19,111 INFO  server.RaftServerConfigKeys (ConfUtils.java:logGet(46)) - raft.server.write.byte-limit = 64MB (=67108864) (default)
2024-12-14 12:23:19,115 INFO  server.RaftServerConfigKeys (ConfUtils.java:logGet(46)) - raft.server.watch.timeout = 10s (default)
2024-12-14 12:23:19,116 INFO  server.RaftServerConfigKeys (ConfUtils.java:logGet(46)) - raft.server.watch.timeout.denomination = 1s (default)
2024-12-14 12:23:19,116 INFO  server.RaftServerConfigKeys (ConfUtils.java:logGet(46)) - raft.server.watch.element-limit = 65536 (default)
2024-12-14 12:23:19,124 INFO  server.RaftServerConfigKeys (ConfUtils.java:logGet(46)) - raft.server.read.leader.lease.enabled = false (default)
2024-12-14 12:23:19,126 INFO  server.RaftServerConfigKeys (ConfUtils.java:logGet(46)) - raft.server.read.leader.lease.timeout.ratio = 0.9 (default)
2024-12-14 12:23:19,126 INFO  server.RaftServerConfigKeys (ConfUtils.java:logGet(46)) - raft.server.rpc.timeout.min = 300ms (custom)
2024-12-14 12:23:19,127 INFO  server.RaftServerConfigKeys (ConfUtils.java:logGet(46)) - raft.server.log.log-metadata.enabled = true (default)
2024-12-14 12:23:19,127 INFO  server.RaftServerConfigKeys (ConfUtils.java:logGet(46)) - raft.server.write.element-limit = 4096 (default)
2024-12-14 12:23:19,127 INFO  server.RaftServerConfigKeys (ConfUtils.java:logGet(46)) - raft.server.write.follower.gap.ratio.max = -1.0 (default)
2024-12-14 12:23:19,136 INFO  server.RaftServerConfigKeys (ConfUtils.java:logGet(46)) - raft.server.log.appender.snapshot.chunk.size.max = 16MB (=16777216) (default)
2024-12-14 12:23:19,137 INFO  server.RaftServerConfigKeys (ConfUtils.java:logGet(46)) - raft.server.log.appender.buffer.byte-limit = 4MB (=4194304) (default)
2024-12-14 12:23:19,137 INFO  server.RaftServerConfigKeys (ConfUtils.java:logGet(46)) - raft.server.log.appender.buffer.element-limit = 0 (default)
2024-12-14 12:23:19,140 INFO  server.RaftServerConfigKeys (ConfUtils.java:logGet(46)) - raft.server.log.appender.wait-time.min = 1ms (default)
2024-12-14 12:23:19,140 INFO  server.RaftServerConfigKeys (ConfUtils.java:logGet(46)) - raft.server.log.appender.snapshot.chunk.size.max = 16MB (=16777216) (default)
2024-12-14 12:23:19,140 INFO  server.RaftServerConfigKeys (ConfUtils.java:logGet(46)) - raft.server.log.appender.buffer.byte-limit = 4MB (=4194304) (default)
2024-12-14 12:23:19,140 INFO  server.RaftServerConfigKeys (ConfUtils.java:logGet(46)) - raft.server.log.appender.buffer.element-limit = 0 (default)
2024-12-14 12:23:19,140 INFO  server.RaftServerConfigKeys (ConfUtils.java:logGet(46)) - raft.server.log.appender.wait-time.min = 1ms (default)
2024-12-14 12:23:19,141 INFO  impl.RoleInfo (RoleInfo.java:updateAndGet(148)) - s1: start s1@group-794ED3AF1AED-LeaderStateImpl
2024-12-14 12:23:19,141 INFO  server.RaftServer$Division (RaftServerImpl.java:setFirstElection(563)) - s1@group-794ED3AF1AED: set firstElectionSinceStartup to false for becomeLeader
2024-12-14 12:23:19,142 INFO  server.RaftServer$Division (ServerState.java:setLeader(272)) - s1@group-794ED3AF1AED: change Leader from null to s1 at term 1 for becomeLeader, leader elected after 586ms
2024-12-14 12:23:19,165 INFO  util.LeakDetector (LeakDetector.java:start(124)) - Starting leak detector thread SIMPLE0.
2024-12-14 12:23:19,358 INFO  segmented.SegmentedRaftLogWorker (SegmentedRaftLogWorker.java:startLogSegment(443)) - s1@group-794ED3AF1AED-SegmentedRaftLogWorker: Starting segment from index:0
2024-12-14 12:23:19,372 INFO  server.RaftServer$Division (ServerState.java:setRaftConf(386)) - s1@group-794ED3AF1AED: set configuration conf: {index: 0, cur=peers:[s10, s0, s1]|listeners:[], old=null}
2024-12-14 12:23:19,407 INFO  segmented.BufferedWriteChannel (BufferedWriteChannel.java:open(61)) - open log_inprogress_0 at position 0
2024-12-14 12:23:19,412 INFO  server.RaftServer$Division (ServerState.java:setLeader(272)) - s0@group-794ED3AF1AED: change Leader from null to s1 at term 1 for appendEntries, leader elected after 886ms
2024-12-14 12:23:19,417 INFO  server.RaftServer$Division (ServerState.java:setLeader(272)) - s10@group-794ED3AF1AED: change Leader from null to s1 at term 1 for appendEntries, leader elected after 846ms
2024-12-14 12:23:19,425 INFO  segmented.SegmentedRaftLogWorker (SegmentedRaftLogWorker.java:execute(667)) - s1@group-794ED3AF1AED-SegmentedRaftLogWorker: created new log segment /home/runner/work/ratis/ratis/ratis-examples/target/test/data/da5193cb/MiniRaftClusterWithSimulatedRpced10c1e3/s1/1e73b397-51fd-48d6-9868-794ed3af1aed/current/log_inprogress_0
2024-12-14 12:23:19,439 INFO  server.RaftServer$Division (ServerState.java:setRaftConf(386)) - s10@group-794ED3AF1AED: set configuration conf: {index: 0, cur=peers:[s10|, s0|, s1|]|listeners:[], old=null}
2024-12-14 12:23:19,441 INFO  server.RaftServer$Division (ServerState.java:setRaftConf(386)) - s0@group-794ED3AF1AED: set configuration conf: {index: 0, cur=peers:[s10|, s0|, s1|]|listeners:[], old=null}
2024-12-14 12:23:19,441 INFO  segmented.SegmentedRaftLogWorker (SegmentedRaftLogWorker.java:startLogSegment(443)) - s10@group-794ED3AF1AED-SegmentedRaftLogWorker: Starting segment from index:0
2024-12-14 12:23:19,442 INFO  segmented.SegmentedRaftLogWorker (SegmentedRaftLogWorker.java:startLogSegment(443)) - s0@group-794ED3AF1AED-SegmentedRaftLogWorker: Starting segment from index:0
2024-12-14 12:23:19,442 INFO  segmented.BufferedWriteChannel (BufferedWriteChannel.java:open(61)) - open log_inprogress_0 at position 0
2024-12-14 12:23:19,449 INFO  segmented.BufferedWriteChannel (BufferedWriteChannel.java:open(61)) - open log_inprogress_0 at position 0
2024-12-14 12:23:19,455 INFO  segmented.SegmentedRaftLogWorker (SegmentedRaftLogWorker.java:execute(667)) - s10@group-794ED3AF1AED-SegmentedRaftLogWorker: created new log segment /home/runner/work/ratis/ratis/ratis-examples/target/test/data/da5193cb/MiniRaftClusterWithSimulatedRpced10c1e3/s10/1e73b397-51fd-48d6-9868-794ed3af1aed/current/log_inprogress_0
2024-12-14 12:23:19,460 INFO  segmented.SegmentedRaftLogWorker (SegmentedRaftLogWorker.java:execute(667)) - s0@group-794ED3AF1AED-SegmentedRaftLogWorker: created new log segment /home/runner/work/ratis/ratis/ratis-examples/target/test/data/da5193cb/MiniRaftClusterWithSimulatedRpced10c1e3/s0/1e73b397-51fd-48d6-9868-794ed3af1aed/current/log_inprogress_0
2024-12-14 12:23:19,463 TRACE util.FileUtils (LogUtils.java:supplyAndLog(69)) - Successfully supplied FileChannel.open /home/runner/work/ratis/ratis/ratis-examples/target/test/data/da5193cb/MiniRaftClusterWithSimulatedRpced10c1e3/s1/1e73b397-51fd-48d6-9868-794ed3af1aed/current/raft-meta.conf.tmp with options [CREATE, WRITE]: sun.nio.ch.FileChannelImpl@1271f474
2024-12-14 12:23:19,465 TRACE util.FileUtils (LogUtils.java:runAndLog(49)) - Successfully ran Atomic Files.move /home/runner/work/ratis/ratis/ratis-examples/target/test/data/da5193cb/MiniRaftClusterWithSimulatedRpced10c1e3/s1/1e73b397-51fd-48d6-9868-794ed3af1aed/current/raft-meta.conf.tmp to /home/runner/work/ratis/ratis/ratis-examples/target/test/data/da5193cb/MiniRaftClusterWithSimulatedRpced10c1e3/s1/1e73b397-51fd-48d6-9868-794ed3af1aed/current/raft-meta.conf with options [REPLACE_EXISTING]
2024-12-14 12:23:19,465 INFO  server.RaftServer$Division (LeaderStateImpl.java:checkStartIndex(314)) - Leader s1@group-794ED3AF1AED-LeaderStateImpl is ready since appliedIndex == startIndex == 0
2024-12-14 12:23:19,495 INFO  ratis.RaftTestUtil (RaftTestUtil.java:waitForLeader(131)) - printing group-794ED3AF1AED
  s10:  RUNNING [
   FOLLOWER s10@group-E0CF8C87AB81:t0, leader=null, voted=, raftlog=Memoized:s10@group-E0CF8C87AB81-SegmentedRaftLog:OPENED:c-1:lastnull, conf=conf: {index: -1, cur=peers:[]|listeners:[], old=null} STARTING
   FOLLOWER s10@group-794ED3AF1AED:t1, leader=s1, voted=s1, raftlog=Memoized:s10@group-794ED3AF1AED-SegmentedRaftLog:OPENED:c-1:last(t:1, i:0), conf=conf: {index: 0, cur=peers:[s10|, s0|, s1|]|listeners:[], old=null} RUNNING] size=2
  s0:  RUNNING [
   FOLLOWER s0@group-E0CF8C87AB81:t0, leader=null, voted=, raftlog=Memoized:s0@group-E0CF8C87AB81-SegmentedRaftLog:OPENED:c-1:lastnull, conf=conf: {index: -1, cur=peers:[]|listeners:[], old=null} STARTING
   FOLLOWER s0@group-794ED3AF1AED:t1, leader=s1, voted=s1, raftlog=Memoized:s0@group-794ED3AF1AED-SegmentedRaftLog:OPENED:c-1:last(t:1, i:0), conf=conf: {index: 0, cur=peers:[s10|, s0|, s1|]|listeners:[], old=null} RUNNING] size=2
  s1:  RUNNING [
   FOLLOWER s1@group-E0CF8C87AB81:t0, leader=null, voted=, raftlog=Memoized:s1@group-E0CF8C87AB81-SegmentedRaftLog:OPENED:c-1:lastnull, conf=conf: {index: -1, cur=peers:[]|listeners:[], old=null} STARTING
     LEADER s1@group-794ED3AF1AED:t1, leader=s1, voted=s1, raftlog=Memoized:s1@group-794ED3AF1AED-SegmentedRaftLog:OPENED:c0:last(t:1, i:0), conf=conf: {index: 0, cur=peers:[s10, s0, s1]|listeners:[], old=null} RUNNING] size=2
2024-12-14 12:23:19,613 TRACE util.FileUtils (LogUtils.java:supplyAndLog(69)) - Successfully supplied FileChannel.open /home/runner/work/ratis/ratis/ratis-examples/target/test/data/da5193cb/MiniRaftClusterWithSimulatedRpced10c1e3/s10/1e73b397-51fd-48d6-9868-794ed3af1aed/current/raft-meta.conf.tmp with options [CREATE, WRITE]: sun.nio.ch.FileChannelImpl@e6b67c9
2024-12-14 12:23:19,614 TRACE util.FileUtils (LogUtils.java:runAndLog(49)) - Successfully ran Atomic Files.move /home/runner/work/ratis/ratis/ratis-examples/target/test/data/da5193cb/MiniRaftClusterWithSimulatedRpced10c1e3/s10/1e73b397-51fd-48d6-9868-794ed3af1aed/current/raft-meta.conf.tmp to /home/runner/work/ratis/ratis/ratis-examples/target/test/data/da5193cb/MiniRaftClusterWithSimulatedRpced10c1e3/s10/1e73b397-51fd-48d6-9868-794ed3af1aed/current/raft-meta.conf with options [REPLACE_EXISTING]
2024-12-14 12:23:19,618 TRACE util.FileUtils (LogUtils.java:supplyAndLog(69)) - Successfully supplied FileChannel.open /home/runner/work/ratis/ratis/ratis-examples/target/test/data/da5193cb/MiniRaftClusterWithSimulatedRpced10c1e3/s0/1e73b397-51fd-48d6-9868-794ed3af1aed/current/raft-meta.conf.tmp with options [CREATE, WRITE]: sun.nio.ch.FileChannelImpl@1a0da618
2024-12-14 12:23:19,620 TRACE util.FileUtils (LogUtils.java:runAndLog(49)) - Successfully ran Atomic Files.move /home/runner/work/ratis/ratis/ratis-examples/target/test/data/da5193cb/MiniRaftClusterWithSimulatedRpced10c1e3/s0/1e73b397-51fd-48d6-9868-794ed3af1aed/current/raft-meta.conf.tmp to /home/runner/work/ratis/ratis/ratis-examples/target/test/data/da5193cb/MiniRaftClusterWithSimulatedRpced10c1e3/s0/1e73b397-51fd-48d6-9868-794ed3af1aed/current/raft-meta.conf with options [REPLACE_EXISTING]
2024-12-14 12:23:19,640 INFO  statemachine.StateMachine (ArithmeticStateMachine.java:applyTransaction(181)) - LEADER:s1-1: a = 3 = 3
2024-12-14 12:23:19,672 INFO  statemachine.StateMachine (ArithmeticStateMachine.java:applyTransaction(181)) - LEADER:s1-3: b = 4 = 4
2024-12-14 12:23:19,691 INFO  statemachine.StateMachine (ArithmeticStateMachine.java:applyTransaction(181)) - LEADER:s1-5: c = √(a^2 + b^2) = 5
2024-12-14 12:23:19,697 INFO  statemachine.StateMachine (ArithmeticStateMachine.java:applyTransaction(181)) - LEADER:s1-7: a = null = null
2024-12-14 12:23:19,703 INFO  statemachine.StateMachine (ArithmeticStateMachine.java:applyTransaction(181)) - LEADER:s1-9: b = null = null
2024-12-14 12:23:19,709 INFO  statemachine.StateMachine (ArithmeticStateMachine.java:applyTransaction(181)) - LEADER:s1-11: c = null = null
2024-12-14 12:23:19,714 INFO  statemachine.StateMachine (ArithmeticStateMachine.java:applyTransaction(181)) - LEADER:s1-13: a = 5 = 5
2024-12-14 12:23:19,720 INFO  statemachine.StateMachine (ArithmeticStateMachine.java:applyTransaction(181)) - LEADER:s1-15: b = 12 = 12
2024-12-14 12:23:19,725 INFO  statemachine.StateMachine (ArithmeticStateMachine.java:applyTransaction(181)) - LEADER:s1-17: c = √(a^2 + b^2) = 13
2024-12-14 12:23:19,730 INFO  statemachine.StateMachine (ArithmeticStateMachine.java:applyTransaction(181)) - LEADER:s1-19: a = null = null
2024-12-14 12:23:19,736 INFO  statemachine.StateMachine (ArithmeticStateMachine.java:applyTransaction(181)) - LEADER:s1-21: b = null = null
2024-12-14 12:23:19,741 INFO  statemachine.StateMachine (ArithmeticStateMachine.java:applyTransaction(181)) - LEADER:s1-23: c = null = null
2024-12-14 12:23:19,746 INFO  statemachine.StateMachine (ArithmeticStateMachine.java:applyTransaction(181)) - LEADER:s1-25: a = 7 = 7
2024-12-14 12:23:19,752 INFO  statemachine.StateMachine (ArithmeticStateMachine.java:applyTransaction(181)) - LEADER:s1-27: b = 24 = 24
2024-12-14 12:23:19,758 INFO  statemachine.StateMachine (ArithmeticStateMachine.java:applyTransaction(181)) - LEADER:s1-29: c = √(a^2 + b^2) = 25
2024-12-14 12:23:19,762 INFO  statemachine.StateMachine (ArithmeticStateMachine.java:applyTransaction(181)) - LEADER:s1-31: a = null = null
2024-12-14 12:23:19,767 INFO  statemachine.StateMachine (ArithmeticStateMachine.java:applyTransaction(181)) - LEADER:s1-33: b = null = null
2024-12-14 12:23:19,771 INFO  statemachine.StateMachine (ArithmeticStateMachine.java:applyTransaction(181)) - LEADER:s1-35: c = null = null
2024-12-14 12:23:19,777 INFO  statemachine.StateMachine (ArithmeticStateMachine.java:applyTransaction(181)) - LEADER:s1-37: a = 9 = 9
2024-12-14 12:23:19,783 INFO  statemachine.StateMachine (ArithmeticStateMachine.java:applyTransaction(181)) - LEADER:s1-39: b = 40 = 40
2024-12-14 12:23:19,786 INFO  statemachine.StateMachine (ArithmeticStateMachine.java:applyTransaction(181)) - LEADER:s1-41: c = √(a^2 + b^2) = 41
2024-12-14 12:23:19,790 INFO  statemachine.StateMachine (ArithmeticStateMachine.java:applyTransaction(181)) - LEADER:s1-43: a = null = null
2024-12-14 12:23:19,799 INFO  statemachine.StateMachine (ArithmeticStateMachine.java:applyTransaction(181)) - LEADER:s1-45: b = null = null
2024-12-14 12:23:19,803 INFO  statemachine.StateMachine (ArithmeticStateMachine.java:applyTransaction(181)) - LEADER:s1-47: c = null = null
2024-12-14 12:23:19,806 INFO  statemachine.StateMachine (ArithmeticStateMachine.java:applyTransaction(181)) - LEADER:s1-49: a = 11 = 11
2024-12-14 12:23:19,810 INFO  statemachine.StateMachine (ArithmeticStateMachine.java:applyTransaction(181)) - LEADER:s1-51: b = 60 = 60
2024-12-14 12:23:19,814 INFO  statemachine.StateMachine (ArithmeticStateMachine.java:applyTransaction(181)) - LEADER:s1-53: c = √(a^2 + b^2) = 61
2024-12-14 12:23:19,818 INFO  statemachine.StateMachine (ArithmeticStateMachine.java:applyTransaction(181)) - LEADER:s1-55: a = null = null
2024-12-14 12:23:19,823 INFO  statemachine.StateMachine (ArithmeticStateMachine.java:applyTransaction(181)) - LEADER:s1-57: b = null = null
2024-12-14 12:23:19,827 INFO  statemachine.StateMachine (ArithmeticStateMachine.java:applyTransaction(181)) - LEADER:s1-59: c = null = null
2024-12-14 12:23:19,831 INFO  statemachine.StateMachine (ArithmeticStateMachine.java:applyTransaction(181)) - LEADER:s1-61: a = 13 = 13
2024-12-14 12:23:19,834 INFO  statemachine.StateMachine (ArithmeticStateMachine.java:applyTransaction(181)) - LEADER:s1-63: b = 84 = 84
2024-12-14 12:23:19,838 INFO  statemachine.StateMachine (ArithmeticStateMachine.java:applyTransaction(181)) - LEADER:s1-65: c = √(a^2 + b^2) = 85
2024-12-14 12:23:19,842 INFO  statemachine.StateMachine (ArithmeticStateMachine.java:applyTransaction(181)) - LEADER:s1-67: a = null = null
2024-12-14 12:23:19,846 INFO  statemachine.StateMachine (ArithmeticStateMachine.java:applyTransaction(181)) - LEADER:s1-69: b = null = null
2024-12-14 12:23:19,851 INFO  statemachine.StateMachine (ArithmeticStateMachine.java:applyTransaction(181)) - LEADER:s1-71: c = null = null
2024-12-14 12:23:19,855 INFO  statemachine.StateMachine (ArithmeticStateMachine.java:applyTransaction(181)) - LEADER:s1-73: a = 15 = 15
2024-12-14 12:23:19,859 INFO  statemachine.StateMachine (ArithmeticStateMachine.java:applyTransaction(181)) - LEADER:s1-75: b = 112 = 112
2024-12-14 12:23:19,862 INFO  statemachine.StateMachine (ArithmeticStateMachine.java:applyTransaction(181)) - LEADER:s1-77: c = √(a^2 + b^2) = 113
2024-12-14 12:23:19,868 INFO  statemachine.StateMachine (ArithmeticStateMachine.java:applyTransaction(181)) - LEADER:s1-79: a = null = null
2024-12-14 12:23:19,871 INFO  statemachine.StateMachine (ArithmeticStateMachine.java:applyTransaction(181)) - LEADER:s1-81: b = null = null
2024-12-14 12:23:19,874 INFO  statemachine.StateMachine (ArithmeticStateMachine.java:applyTransaction(181)) - LEADER:s1-83: c = null = null
2024-12-14 12:23:19,877 INFO  statemachine.StateMachine (ArithmeticStateMachine.java:applyTransaction(181)) - LEADER:s1-85: a = 17 = 17
2024-12-14 12:23:19,879 INFO  statemachine.StateMachine (ArithmeticStateMachine.java:applyTransaction(181)) - LEADER:s1-87: b = 144 = 144
2024-12-14 12:23:19,883 INFO  statemachine.StateMachine (ArithmeticStateMachine.java:applyTransaction(181)) - LEADER:s1-89: c = √(a^2 + b^2) = 145
2024-12-14 12:23:19,885 INFO  statemachine.StateMachine (ArithmeticStateMachine.java:applyTransaction(181)) - LEADER:s1-91: a = null = null
2024-12-14 12:23:19,889 INFO  statemachine.StateMachine (ArithmeticStateMachine.java:applyTransaction(181)) - LEADER:s1-93: b = null = null
2024-12-14 12:23:19,891 INFO  statemachine.StateMachine (ArithmeticStateMachine.java:applyTransaction(181)) - LEADER:s1-95: c = null = null
2024-12-14 12:23:19,894 INFO  statemachine.StateMachine (ArithmeticStateMachine.java:applyTransaction(181)) - LEADER:s1-97: a = 19 = 19
2024-12-14 12:23:19,897 INFO  statemachine.StateMachine (ArithmeticStateMachine.java:applyTransaction(181)) - LEADER:s1-99: b = 180 = 180
2024-12-14 12:23:19,900 INFO  statemachine.StateMachine (ArithmeticStateMachine.java:applyTransaction(181)) - LEADER:s1-101: c = √(a^2 + b^2) = 181
2024-12-14 12:23:19,903 INFO  statemachine.StateMachine (ArithmeticStateMachine.java:applyTransaction(181)) - LEADER:s1-103: a = null = null
2024-12-14 12:23:19,906 INFO  statemachine.StateMachine (ArithmeticStateMachine.java:applyTransaction(181)) - LEADER:s1-105: b = null = null
2024-12-14 12:23:19,909 INFO  statemachine.StateMachine (ArithmeticStateMachine.java:applyTransaction(181)) - LEADER:s1-107: c = null = null
2024-12-14 12:23:19,912 INFO  statemachine.StateMachine (ArithmeticStateMachine.java:applyTransaction(181)) - LEADER:s1-109: a = 21 = 21
2024-12-14 12:23:19,915 INFO  statemachine.StateMachine (ArithmeticStateMachine.java:applyTransaction(181)) - LEADER:s1-111: b = 220 = 220
2024-12-14 12:23:19,919 INFO  statemachine.StateMachine (ArithmeticStateMachine.java:applyTransaction(181)) - LEADER:s1-113: c = √(a^2 + b^2) = 221
2024-12-14 12:23:19,922 INFO  statemachine.StateMachine (ArithmeticStateMachine.java:applyTransaction(181)) - LEADER:s1-115: a = null = null
2024-12-14 12:23:19,925 INFO  statemachine.StateMachine (ArithmeticStateMachine.java:applyTransaction(181)) - LEADER:s1-117: b = null = null
2024-12-14 12:23:19,928 INFO  statemachine.StateMachine (ArithmeticStateMachine.java:applyTransaction(181)) - LEADER:s1-119: c = null = null
2024-12-14 12:23:19,928 INFO  impl.GroupManagementBaseTest (GroupManagementBaseTest.java:runMultiGroupTest(281)) - 1) starting group-154805CE7F48:[s11, s13, s12]
2024-12-14 12:23:19,929 INFO  server.RaftServer (RaftServerProxy.java:addNew(101)) - s11: addNew group-154805CE7F48:[s11, s13, s12] returns group-154805CE7F48:java.util.concurrent.CompletableFuture@720a0123[Not completed]
2024-12-14 12:23:19,929 INFO  server.RaftServer$Division (RaftServerImpl.java:<init>(256)) - s11: new RaftServerImpl for group-154805CE7F48:[s11, s13, s12] with ArithmeticStateMachine:uninitialized
2024-12-14 12:23:19,930 INFO  server.RaftServerConfigKeys (ConfUtils.java:logGet(46)) - raft.server.rpc.timeout.min = 300ms (custom)
2024-12-14 12:23:19,930 INFO  server.RaftServerConfigKeys (ConfUtils.java:logGet(46)) - raft.server.rpc.timeout.max = 600ms (custom)
2024-12-14 12:23:19,930 INFO  server.RaftServerConfigKeys (ConfUtils.java:logGet(46)) - raft.server.rpc.sleep.time = 25ms (default)
2024-12-14 12:23:19,930 INFO  server.RaftServerConfigKeys (ConfUtils.java:logGet(46)) - raft.server.rpc.slowness.timeout = 60s (default)
2024-12-14 12:23:19,930 INFO  server.RaftServerConfigKeys (ConfUtils.java:logGet(46)) - raft.server.leaderelection.leader.step-down.wait-time = 10s (default)
2024-12-14 12:23:19,930 INFO  server.RaftServerConfigKeys (ConfUtils.java:logGet(46)) - raft.server.leaderelection.member.majority-add = false (default)
2024-12-14 12:23:19,930 INFO  server.RaftServerConfigKeys (ConfUtils.java:logGet(46)) - raft.server.sleep.deviation.threshold = 300ms (default)
2024-12-14 12:23:19,930 INFO  server.RaftServer$Division (ServerState.java:<init>(114)) - s11@group-154805CE7F48: ConfigurationManager, init=conf: {index: -1, cur=peers:[s11, s13, s12]|listeners:[], old=null}, confs=<EMPTY_MAP>
2024-12-14 12:23:19,930 INFO  server.RaftServerConfigKeys (ConfUtils.java:logGet(46)) - raft.server.notification.no-leader.timeout = 60s (default)
2024-12-14 12:23:19,930 INFO  server.RaftServerConfigKeys (ConfUtils.java:logGet(46)) - raft.server.read.timeout = 10s (default)
2024-12-14 12:23:19,930 INFO  server.RaftServerConfigKeys (ConfUtils.java:logGet(46)) - raft.server.retrycache.expirytime = 60s (default)
2024-12-14 12:23:19,930 INFO  server.RaftServerConfigKeys (ConfUtils.java:logGet(46)) - raft.server.retrycache.statistics.expirytime = 100ms (default)
2024-12-14 12:23:19,930 INFO  server.RaftServerConfigKeys (ConfUtils.java:logGet(46)) - raft.server.read.option = DEFAULT (default)
2024-12-14 12:23:19,931 INFO  server.RaftServerConfigKeys (ConfUtils.java:logGet(46)) - raft.server.read.read-after-write-consistent.write-index-cache.expiry-time = 60s (default)
2024-12-14 12:23:19,931 INFO  server.RaftServerConfigKeys (ConfUtils.java:logGet(46)) - raft.server.rpc.request.timeout = 3000ms (default)
2024-12-14 12:23:19,931 INFO  server.RaftServerConfigKeys (ConfUtils.java:logGet(46)) - raft.server.log.appender.install.snapshot.enabled = true (default)
2024-12-14 12:23:19,932 INFO  server.RaftServerConfigKeys (ConfUtils.java:logGet(46)) - raft.server.threadpool.server.cached = true (default)
2024-12-14 12:23:19,932 INFO  server.RaftServerConfigKeys (ConfUtils.java:logGet(46)) - raft.server.threadpool.server.size = 0 (default)
2024-12-14 12:23:19,932 INFO  server.RaftServerConfigKeys (ConfUtils.java:logGet(46)) - raft.server.threadpool.client.cached = true (default)
2024-12-14 12:23:19,932 INFO  server.RaftServerConfigKeys (ConfUtils.java:logGet(46)) - raft.server.threadpool.client.size = 0 (default)
2024-12-14 12:23:19,932 INFO  server.RaftServerConfigKeys (ConfUtils.java:logGet(46)) - raft.server.storage.free-space.min = 0MB (=0) (default)
2024-12-14 12:23:19,932 INFO  server.RaftServerConfigKeys (ConfUtils.java:logGet(46)) - raft.server.log.corruption.policy = EXCEPTION (default)
2024-12-14 12:23:19,932 INFO  server.RaftServerConfigKeys (ConfUtils.java:logGet(46)) - raft.server.storage.dir = [/home/runner/work/ratis/ratis/ratis-examples/target/test/data/da5193cb/MiniRaftClusterWithSimulatedRpced10c1e3/s11] (custom)
2024-12-14 12:23:19,932 INFO  storage.RaftStorageDirectory (RaftStorageDirectoryImpl.java:analyzeStorage(138)) - The storage directory /home/runner/work/ratis/ratis/ratis-examples/target/test/data/da5193cb/MiniRaftClusterWithSimulatedRpced10c1e3/s11/f379d0f3-361a-49f9-93e7-154805ce7f48 does not exist. Creating ...
2024-12-14 12:23:19,932 TRACE util.FileUtils (LogUtils.java:runAndLog(49)) - Successfully ran Files.createDirectories /home/runner/work/ratis/ratis/ratis-examples/target/test/data/da5193cb/MiniRaftClusterWithSimulatedRpced10c1e3/s11/f379d0f3-361a-49f9-93e7-154805ce7f48
2024-12-14 12:23:19,933 INFO  storage.RaftStorageDirectory (RaftStorageDirectoryImpl.java:tryLock(229)) - Lock on /home/runner/work/ratis/ratis/ratis-examples/target/test/data/da5193cb/MiniRaftClusterWithSimulatedRpced10c1e3/s11/f379d0f3-361a-49f9-93e7-154805ce7f48/in_use.lock acquired by nodename 14700@fv-az733-880
2024-12-14 12:23:19,933 TRACE util.FileUtils (LogUtils.java:runAndLog(49)) - Successfully ran Files.createDirectories /home/runner/work/ratis/ratis/ratis-examples/target/test/data/da5193cb/MiniRaftClusterWithSimulatedRpced10c1e3/s11/f379d0f3-361a-49f9-93e7-154805ce7f48/current
2024-12-14 12:23:19,934 TRACE util.FileUtils (LogUtils.java:runAndLog(49)) - Successfully ran Files.createDirectories /home/runner/work/ratis/ratis/ratis-examples/target/test/data/da5193cb/MiniRaftClusterWithSimulatedRpced10c1e3/s11/f379d0f3-361a-49f9-93e7-154805ce7f48/sm
2024-12-14 12:23:19,934 TRACE util.FileUtils (LogUtils.java:supplyAndLog(69)) - Successfully supplied FileChannel.open /home/runner/work/ratis/ratis/ratis-examples/target/test/data/da5193cb/MiniRaftClusterWithSimulatedRpced10c1e3/s11/f379d0f3-361a-49f9-93e7-154805ce7f48/current/raft-meta.tmp with options [CREATE, WRITE]: sun.nio.ch.FileChannelImpl@799ebd8f
2024-12-14 12:23:19,935 TRACE util.FileUtils (LogUtils.java:runAndLog(49)) - Successfully ran Atomic Files.move /home/runner/work/ratis/ratis/ratis-examples/target/test/data/da5193cb/MiniRaftClusterWithSimulatedRpced10c1e3/s11/f379d0f3-361a-49f9-93e7-154805ce7f48/current/raft-meta.tmp to /home/runner/work/ratis/ratis/ratis-examples/target/test/data/da5193cb/MiniRaftClusterWithSimulatedRpced10c1e3/s11/f379d0f3-361a-49f9-93e7-154805ce7f48/current/raft-meta with options [REPLACE_EXISTING]
2024-12-14 12:23:19,935 INFO  storage.RaftStorage (RaftStorageImpl.java:format(98)) - Storage directory /home/runner/work/ratis/ratis/ratis-examples/target/test/data/da5193cb/MiniRaftClusterWithSimulatedRpced10c1e3/s11/f379d0f3-361a-49f9-93e7-154805ce7f48 has been successfully formatted.
2024-12-14 12:23:19,935 WARN  statemachine.StateMachine (ArithmeticStateMachine.java:loadSnapshot(115)) - The snapshot info is null.
2024-12-14 12:23:19,935 INFO  server.RaftServerConfigKeys (ConfUtils.java:logGet(46)) - raft.server.log.use.memory = false (default)
2024-12-14 12:23:19,935 INFO  server.RaftServerConfigKeys (ConfUtils.java:logGet(46)) - raft.server.log.purge.gap = 1024 (default)
2024-12-14 12:23:19,935 INFO  server.RaftServerConfigKeys (ConfUtils.java:logGet(46)) - raft.server.log.appender.buffer.byte-limit = 4MB (=4194304) (default)
2024-12-14 12:23:19,935 INFO  server.RaftServerConfigKeys (ConfUtils.java:logGet(46)) - raft.server.log.statemachine.data.read.timeout = 1000ms (default)
2024-12-14 12:23:19,935 INFO  server.RaftServerConfigKeys (ConfUtils.java:logGet(46)) - raft.server.log.purge.preservation.log.num = 0 (default)
2024-12-14 12:23:19,936 INFO  server.RaftServerConfigKeys (ConfUtils.java:logGet(46)) - raft.server.log.segment.size.max = 32MB (=33554432) (default)
2024-12-14 12:23:19,936 INFO  server.RaftServerConfigKeys (ConfUtils.java:logGet(46)) - raft.server.log.segment.cache.num.max = 6 (default)
2024-12-14 12:23:19,936 INFO  server.RaftServerConfigKeys (ConfUtils.java:logGet(46)) - raft.server.log.segment.cache.size.max = 200MB (=209715200) (default)
2024-12-14 12:23:19,936 INFO  server.RaftServerConfigKeys (ConfUtils.java:logGet(46)) - raft.server.log.appender.buffer.byte-limit = 4MB (=4194304) (default)
2024-12-14 12:23:19,936 INFO  util.AwaitToRun (AwaitToRun.java:start(81)) - Thread[s11@group-154805CE7F48-cacheEviction-AwaitToRun,5,main] started
2024-12-14 12:23:19,936 INFO  segmented.SegmentedRaftLogWorker (SegmentedRaftLogWorker.java:<init>(189)) - new s11@group-154805CE7F48-SegmentedRaftLogWorker for RaftStorageImpl:Storage Directory /home/runner/work/ratis/ratis/ratis-examples/target/test/data/da5193cb/MiniRaftClusterWithSimulatedRpced10c1e3/s11/f379d0f3-361a-49f9-93e7-154805ce7f48
2024-12-14 12:23:19,936 INFO  server.RaftServerConfigKeys (ConfUtils.java:logGet(46)) - raft.server.log.queue.byte-limit = 64MB (=67108864) (default)
2024-12-14 12:23:19,936 INFO  server.RaftServerConfigKeys (ConfUtils.java:logGet(46)) - raft.server.log.queue.element-limit = 4096 (default)
2024-12-14 12:23:19,936 INFO  server.RaftServerConfigKeys (ConfUtils.java:logGet(46)) - raft.server.log.segment.size.max = 32MB (=33554432) (default)
2024-12-14 12:23:19,936 INFO  server.RaftServerConfigKeys (ConfUtils.java:logGet(46)) - raft.server.log.preallocated.size = 4MB (=4194304) (default)
2024-12-14 12:23:19,936 INFO  server.RaftServerConfigKeys (ConfUtils.java:logGet(46)) - raft.server.log.force.sync.num = 128 (default)
2024-12-14 12:23:19,936 INFO  server.RaftServerConfigKeys (ConfUtils.java:logGet(46)) - raft.server.log.statemachine.data.sync = true (default)
2024-12-14 12:23:19,937 INFO  server.RaftServerConfigKeys (ConfUtils.java:logGet(46)) - raft.server.log.statemachine.data.sync.timeout = 10s (default)
2024-12-14 12:23:19,937 INFO  server.RaftServerConfigKeys (ConfUtils.java:logGet(46)) - raft.server.log.statemachine.data.sync.timeout.retry = -1 (default)
2024-12-14 12:23:19,937 INFO  server.RaftServerConfigKeys (ConfUtils.java:logGet(46)) - raft.server.log.write.buffer.size = 8MB (=8388608) (default)
2024-12-14 12:23:19,939 INFO  server.RaftServerConfigKeys (ConfUtils.java:logGet(46)) - raft.server.log.appender.buffer.byte-limit = 4MB (=4194304) (default)
2024-12-14 12:23:19,939 INFO  server.RaftServerConfigKeys (ConfUtils.java:logGet(46)) - raft.server.log.unsafe-flush.enabled = false (default)
2024-12-14 12:23:19,939 INFO  server.RaftServerConfigKeys (ConfUtils.java:logGet(46)) - raft.server.log.async-flush.enabled = false (default)
2024-12-14 12:23:19,939 INFO  server.RaftServerConfigKeys (ConfUtils.java:logGet(46)) - raft.server.log.statemachine.data.caching.enabled = false (default)
2024-12-14 12:23:19,939 INFO  segmented.SegmentedRaftLogWorker (SegmentedRaftLogWorker.java:lambda$new$0(140)) - s11@group-154805CE7F48-SegmentedRaftLogWorker: flushIndex: setUnconditionally 0 -> -1
2024-12-14 12:23:19,940 INFO  segmented.SegmentedRaftLogWorker (SegmentedRaftLogWorker.java:lambda$new$0(140)) - s11@group-154805CE7F48-SegmentedRaftLogWorker: safeCacheEvictIndex: setUnconditionally 0 -> -1
2024-12-14 12:23:19,940 INFO  server.RaftServer$Division (RaftServerImpl.java:start(392)) - s11@group-154805CE7F48: start as a follower, conf=conf: {index: -1, cur=peers:[s11, s13, s12]|listeners:[], old=null}
2024-12-14 12:23:19,940 INFO  server.RaftServer$Division (RaftServerImpl.java:setRole(379)) - s11@group-154805CE7F48: changes role from      null to FOLLOWER at term 0 for startAsFollower
2024-12-14 12:23:19,940 INFO  impl.RoleInfo (RoleInfo.java:updateAndGet(148)) - s11: start s11@group-154805CE7F48-FollowerState
2024-12-14 12:23:19,940 INFO  util.JmxRegister (JmxRegister.java:tryRegister(44)) - Successfully registered JMX Bean with object name Ratis:service=RaftServer,group=group-154805CE7F48,id=s11
2024-12-14 12:23:19,941 INFO  util.JmxRegister (JmxRegister.java:register(58)) - register mxBean class org.apache.ratis.server.impl.RaftServerJmxAdapter as Ratis:service=RaftServer,group=group-154805CE7F48,id=s11
2024-12-14 12:23:19,941 INFO  server.RaftServerConfigKeys (ConfUtils.java:logGet(46)) - raft.server.snapshot.trigger-when-stop.enabled = true (default)
2024-12-14 12:23:19,941 INFO  server.RaftServerConfigKeys (ConfUtils.java:logGet(46)) - raft.server.snapshot.trigger-when-remove.enabled = true (default)
2024-12-14 12:23:19,941 INFO  server.RaftServerConfigKeys (ConfUtils.java:logFallback(53)) - raft.server.rpc.first-election.timeout.min = 300ms (fallback to raft.server.rpc.timeout.min)
2024-12-14 12:23:19,941 INFO  server.RaftServerConfigKeys (ConfUtils.java:logGet(46)) - raft.server.snapshot.auto.trigger.enabled = false (default)
2024-12-14 12:23:19,941 INFO  server.RaftServerConfigKeys (ConfUtils.java:logGet(46)) - raft.server.snapshot.retention.file.num = -1 (default)
2024-12-14 12:23:19,941 INFO  server.RaftServerConfigKeys (ConfUtils.java:logGet(46)) - raft.server.log.purge.upto.snapshot.index = false (default)
2024-12-14 12:23:19,941 INFO  server.RaftServerConfigKeys (ConfUtils.java:logFallback(53)) - raft.server.rpc.first-election.timeout.max = 600ms (fallback to raft.server.rpc.timeout.max)
2024-12-14 12:23:19,942 INFO  server.RaftServer$Division (RaftServerImpl.java:start(406)) - s11@group-154805CE7F48: Successfully started.
2024-12-14 12:23:19,943 INFO  server.RaftServer (RaftServerProxy.java:addNew(101)) - s12: addNew group-154805CE7F48:[s11, s13, s12] returns group-154805CE7F48:java.util.concurrent.CompletableFuture@94741d6[Not completed]
2024-12-14 12:23:19,943 INFO  server.RaftServer$Division (RaftServerImpl.java:<init>(256)) - s12: new RaftServerImpl for group-154805CE7F48:[s11, s13, s12] with ArithmeticStateMachine:uninitialized
2024-12-14 12:23:19,943 INFO  server.RaftServerConfigKeys (ConfUtils.java:logGet(46)) - raft.server.rpc.timeout.min = 300ms (custom)
2024-12-14 12:23:19,943 INFO  server.RaftServerConfigKeys (ConfUtils.java:logGet(46)) - raft.server.rpc.timeout.max = 600ms (custom)
2024-12-14 12:23:19,943 INFO  server.RaftServerConfigKeys (ConfUtils.java:logGet(46)) - raft.server.rpc.sleep.time = 25ms (default)
2024-12-14 12:23:19,944 INFO  server.RaftServerConfigKeys (ConfUtils.java:logGet(46)) - raft.server.rpc.slowness.timeout = 60s (default)
2024-12-14 12:23:19,944 INFO  server.RaftServerConfigKeys (ConfUtils.java:logGet(46)) - raft.server.leaderelection.leader.step-down.wait-time = 10s (default)
2024-12-14 12:23:19,944 INFO  server.RaftServerConfigKeys (ConfUtils.java:logGet(46)) - raft.server.leaderelection.member.majority-add = false (default)
2024-12-14 12:23:19,944 INFO  server.RaftServerConfigKeys (ConfUtils.java:logGet(46)) - raft.server.sleep.deviation.threshold = 300ms (default)
2024-12-14 12:23:19,944 INFO  server.RaftServer$Division (ServerState.java:<init>(114)) - s12@group-154805CE7F48: ConfigurationManager, init=conf: {index: -1, cur=peers:[s11, s13, s12]|listeners:[], old=null}, confs=<EMPTY_MAP>
2024-12-14 12:23:19,944 INFO  server.RaftServerConfigKeys (ConfUtils.java:logGet(46)) - raft.server.notification.no-leader.timeout = 60s (default)
2024-12-14 12:23:19,944 INFO  server.RaftServerConfigKeys (ConfUtils.java:logGet(46)) - raft.server.read.timeout = 10s (default)
2024-12-14 12:23:19,944 INFO  server.RaftServerConfigKeys (ConfUtils.java:logGet(46)) - raft.server.retrycache.expirytime = 60s (default)
2024-12-14 12:23:19,944 INFO  server.RaftServerConfigKeys (ConfUtils.java:logGet(46)) - raft.server.retrycache.statistics.expirytime = 100ms (default)
2024-12-14 12:23:19,944 INFO  server.RaftServerConfigKeys (ConfUtils.java:logGet(46)) - raft.server.read.option = DEFAULT (default)
2024-12-14 12:23:19,944 INFO  server.RaftServerConfigKeys (ConfUtils.java:logGet(46)) - raft.server.read.read-after-write-consistent.write-index-cache.expiry-time = 60s (default)
2024-12-14 12:23:19,945 INFO  server.RaftServerConfigKeys (ConfUtils.java:logGet(46)) - raft.server.rpc.request.timeout = 3000ms (default)
2024-12-14 12:23:19,946 INFO  server.RaftServerConfigKeys (ConfUtils.java:logGet(46)) - raft.server.log.appender.install.snapshot.enabled = true (default)
2024-12-14 12:23:19,946 INFO  server.RaftServerConfigKeys (ConfUtils.java:logGet(46)) - raft.server.threadpool.server.cached = true (default)
2024-12-14 12:23:19,946 INFO  server.RaftServerConfigKeys (ConfUtils.java:logGet(46)) - raft.server.threadpool.server.size = 0 (default)
2024-12-14 12:23:19,946 INFO  server.RaftServerConfigKeys (ConfUtils.java:logGet(46)) - raft.server.threadpool.client.cached = true (default)
2024-12-14 12:23:19,946 INFO  server.RaftServerConfigKeys (ConfUtils.java:logGet(46)) - raft.server.threadpool.client.size = 0 (default)
2024-12-14 12:23:19,946 INFO  server.RaftServerConfigKeys (ConfUtils.java:logGet(46)) - raft.server.storage.free-space.min = 0MB (=0) (default)
2024-12-14 12:23:19,946 INFO  server.RaftServerConfigKeys (ConfUtils.java:logGet(46)) - raft.server.log.corruption.policy = EXCEPTION (default)
2024-12-14 12:23:19,946 INFO  server.RaftServerConfigKeys (ConfUtils.java:logGet(46)) - raft.server.storage.dir = [/home/runner/work/ratis/ratis/ratis-examples/target/test/data/da5193cb/MiniRaftClusterWithSimulatedRpced10c1e3/s12] (custom)
2024-12-14 12:23:19,947 INFO  storage.RaftStorageDirectory (RaftStorageDirectoryImpl.java:analyzeStorage(138)) - The storage directory /home/runner/work/ratis/ratis/ratis-examples/target/test/data/da5193cb/MiniRaftClusterWithSimulatedRpced10c1e3/s12/f379d0f3-361a-49f9-93e7-154805ce7f48 does not exist. Creating ...
2024-12-14 12:23:19,947 TRACE util.FileUtils (LogUtils.java:runAndLog(49)) - Successfully ran Files.createDirectories /home/runner/work/ratis/ratis/ratis-examples/target/test/data/da5193cb/MiniRaftClusterWithSimulatedRpced10c1e3/s12/f379d0f3-361a-49f9-93e7-154805ce7f48
2024-12-14 12:23:19,948 INFO  storage.RaftStorageDirectory (RaftStorageDirectoryImpl.java:tryLock(229)) - Lock on /home/runner/work/ratis/ratis/ratis-examples/target/test/data/da5193cb/MiniRaftClusterWithSimulatedRpced10c1e3/s12/f379d0f3-361a-49f9-93e7-154805ce7f48/in_use.lock acquired by nodename 14700@fv-az733-880
2024-12-14 12:23:19,948 TRACE util.FileUtils (LogUtils.java:runAndLog(49)) - Successfully ran Files.createDirectories /home/runner/work/ratis/ratis/ratis-examples/target/test/data/da5193cb/MiniRaftClusterWithSimulatedRpced10c1e3/s12/f379d0f3-361a-49f9-93e7-154805ce7f48/current
2024-12-14 12:23:19,948 TRACE util.FileUtils (LogUtils.java:runAndLog(49)) - Successfully ran Files.createDirectories /home/runner/work/ratis/ratis/ratis-examples/target/test/data/da5193cb/MiniRaftClusterWithSimulatedRpced10c1e3/s12/f379d0f3-361a-49f9-93e7-154805ce7f48/sm
2024-12-14 12:23:19,948 TRACE util.FileUtils (LogUtils.java:supplyAndLog(69)) - Successfully supplied FileChannel.open /home/runner/work/ratis/ratis/ratis-examples/target/test/data/da5193cb/MiniRaftClusterWithSimulatedRpced10c1e3/s12/f379d0f3-361a-49f9-93e7-154805ce7f48/current/raft-meta.tmp with options [CREATE, WRITE]: sun.nio.ch.FileChannelImpl@3aaaac2e
2024-12-14 12:23:19,949 TRACE util.FileUtils (LogUtils.java:runAndLog(49)) - Successfully ran Atomic Files.move /home/runner/work/ratis/ratis/ratis-examples/target/test/data/da5193cb/MiniRaftClusterWithSimulatedRpced10c1e3/s12/f379d0f3-361a-49f9-93e7-154805ce7f48/current/raft-meta.tmp to /home/runner/work/ratis/ratis/ratis-examples/target/test/data/da5193cb/MiniRaftClusterWithSimulatedRpced10c1e3/s12/f379d0f3-361a-49f9-93e7-154805ce7f48/current/raft-meta with options [REPLACE_EXISTING]
2024-12-14 12:23:19,949 INFO  storage.RaftStorage (RaftStorageImpl.java:format(98)) - Storage directory /home/runner/work/ratis/ratis/ratis-examples/target/test/data/da5193cb/MiniRaftClusterWithSimulatedRpced10c1e3/s12/f379d0f3-361a-49f9-93e7-154805ce7f48 has been successfully formatted.
2024-12-14 12:23:19,950 WARN  statemachine.StateMachine (ArithmeticStateMachine.java:loadSnapshot(115)) - The snapshot info is null.
2024-12-14 12:23:19,950 INFO  server.RaftServerConfigKeys (ConfUtils.java:logGet(46)) - raft.server.log.use.memory = false (default)
2024-12-14 12:23:19,950 INFO  server.RaftServerConfigKeys (ConfUtils.java:logGet(46)) - raft.server.log.purge.gap = 1024 (default)
2024-12-14 12:23:19,950 INFO  server.RaftServerConfigKeys (ConfUtils.java:logGet(46)) - raft.server.log.appender.buffer.byte-limit = 4MB (=4194304) (default)
2024-12-14 12:23:19,950 INFO  server.RaftServerConfigKeys (ConfUtils.java:logGet(46)) - raft.server.log.statemachine.data.read.timeout = 1000ms (default)
2024-12-14 12:23:19,950 INFO  server.RaftServerConfigKeys (ConfUtils.java:logGet(46)) - raft.server.log.purge.preservation.log.num = 0 (default)
2024-12-14 12:23:19,951 INFO  server.RaftServerConfigKeys (ConfUtils.java:logGet(46)) - raft.server.log.segment.size.max = 32MB (=33554432) (default)
2024-12-14 12:23:19,951 INFO  server.RaftServerConfigKeys (ConfUtils.java:logGet(46)) - raft.server.log.segment.cache.num.max = 6 (default)
2024-12-14 12:23:19,951 INFO  server.RaftServerConfigKeys (ConfUtils.java:logGet(46)) - raft.server.log.segment.cache.size.max = 200MB (=209715200) (default)
2024-12-14 12:23:19,951 INFO  server.RaftServerConfigKeys (ConfUtils.java:logGet(46)) - raft.server.log.appender.buffer.byte-limit = 4MB (=4194304) (default)
2024-12-14 12:23:19,951 INFO  util.AwaitToRun (AwaitToRun.java:start(81)) - Thread[s12@group-154805CE7F48-cacheEviction-AwaitToRun,5,main] started
2024-12-14 12:23:19,951 INFO  segmented.SegmentedRaftLogWorker (SegmentedRaftLogWorker.java:<init>(189)) - new s12@group-154805CE7F48-SegmentedRaftLogWorker for RaftStorageImpl:Storage Directory /home/runner/work/ratis/ratis/ratis-examples/target/test/data/da5193cb/MiniRaftClusterWithSimulatedRpced10c1e3/s12/f379d0f3-361a-49f9-93e7-154805ce7f48
2024-12-14 12:23:19,951 INFO  server.RaftServerConfigKeys (ConfUtils.java:logGet(46)) - raft.server.log.queue.byte-limit = 64MB (=67108864) (default)
2024-12-14 12:23:19,951 INFO  server.RaftServerConfigKeys (ConfUtils.java:logGet(46)) - raft.server.log.queue.element-limit = 4096 (default)
2024-12-14 12:23:19,952 INFO  server.RaftServerConfigKeys (ConfUtils.java:logGet(46)) - raft.server.log.segment.size.max = 32MB (=33554432) (default)
2024-12-14 12:23:19,952 INFO  server.RaftServerConfigKeys (ConfUtils.java:logGet(46)) - raft.server.log.preallocated.size = 4MB (=4194304) (default)
2024-12-14 12:23:19,952 INFO  server.RaftServerConfigKeys (ConfUtils.java:logGet(46)) - raft.server.log.force.sync.num = 128 (default)
2024-12-14 12:23:19,952 INFO  server.RaftServerConfigKeys (ConfUtils.java:logGet(46)) - raft.server.log.statemachine.data.sync = true (default)
2024-12-14 12:23:19,952 INFO  server.RaftServerConfigKeys (ConfUtils.java:logGet(46)) - raft.server.log.statemachine.data.sync.timeout = 10s (default)
2024-12-14 12:23:19,952 INFO  server.RaftServerConfigKeys (ConfUtils.java:logGet(46)) - raft.server.log.statemachine.data.sync.timeout.retry = -1 (default)
2024-12-14 12:23:19,952 INFO  server.RaftServerConfigKeys (ConfUtils.java:logGet(46)) - raft.server.log.write.buffer.size = 8MB (=8388608) (default)
2024-12-14 12:23:19,954 INFO  server.RaftServerConfigKeys (ConfUtils.java:logGet(46)) - raft.server.log.appender.buffer.byte-limit = 4MB (=4194304) (default)
2024-12-14 12:23:19,954 INFO  server.RaftServerConfigKeys (ConfUtils.java:logGet(46)) - raft.server.log.unsafe-flush.enabled = false (default)
2024-12-14 12:23:19,955 INFO  server.RaftServerConfigKeys (ConfUtils.java:logGet(46)) - raft.server.log.async-flush.enabled = false (default)
2024-12-14 12:23:19,955 INFO  server.RaftServerConfigKeys (ConfUtils.java:logGet(46)) - raft.server.log.statemachine.data.caching.enabled = false (default)
2024-12-14 12:23:19,955 INFO  segmented.SegmentedRaftLogWorker (SegmentedRaftLogWorker.java:lambda$new$0(140)) - s12@group-154805CE7F48-SegmentedRaftLogWorker: flushIndex: setUnconditionally 0 -> -1
2024-12-14 12:23:19,955 INFO  segmented.SegmentedRaftLogWorker (SegmentedRaftLogWorker.java:lambda$new$0(140)) - s12@group-154805CE7F48-SegmentedRaftLogWorker: safeCacheEvictIndex: setUnconditionally 0 -> -1
2024-12-14 12:23:19,956 INFO  server.RaftServer$Division (RaftServerImpl.java:start(392)) - s12@group-154805CE7F48: start as a follower, conf=conf: {index: -1, cur=peers:[s11, s13, s12]|listeners:[], old=null}
2024-12-14 12:23:19,956 INFO  server.RaftServer$Division (RaftServerImpl.java:setRole(379)) - s12@group-154805CE7F48: changes role from      null to FOLLOWER at term 0 for startAsFollower
2024-12-14 12:23:19,956 INFO  impl.RoleInfo (RoleInfo.java:updateAndGet(148)) - s12: start s12@group-154805CE7F48-FollowerState
2024-12-14 12:23:19,956 INFO  util.JmxRegister (JmxRegister.java:tryRegister(44)) - Successfully registered JMX Bean with object name Ratis:service=RaftServer,group=group-154805CE7F48,id=s12
2024-12-14 12:23:19,956 INFO  util.JmxRegister (JmxRegister.java:register(58)) - register mxBean class org.apache.ratis.server.impl.RaftServerJmxAdapter as Ratis:service=RaftServer,group=group-154805CE7F48,id=s12
2024-12-14 12:23:19,956 INFO  server.RaftServerConfigKeys (ConfUtils.java:logGet(46)) - raft.server.snapshot.trigger-when-stop.enabled = true (default)
2024-12-14 12:23:19,957 INFO  server.RaftServerConfigKeys (ConfUtils.java:logGet(46)) - raft.server.snapshot.trigger-when-remove.enabled = true (default)
2024-12-14 12:23:19,957 INFO  server.RaftServerConfigKeys (ConfUtils.java:logGet(46)) - raft.server.snapshot.auto.trigger.enabled = false (default)
2024-12-14 12:23:19,957 INFO  server.RaftServerConfigKeys (ConfUtils.java:logGet(46)) - raft.server.snapshot.retention.file.num = -1 (default)
2024-12-14 12:23:19,957 INFO  server.RaftServerConfigKeys (ConfUtils.java:logGet(46)) - raft.server.log.purge.upto.snapshot.index = false (default)
2024-12-14 12:23:19,957 INFO  server.RaftServer$Division (RaftServerImpl.java:start(406)) - s12@group-154805CE7F48: Successfully started.
2024-12-14 12:23:19,958 INFO  server.RaftServerConfigKeys (ConfUtils.java:logFallback(53)) - raft.server.rpc.first-election.timeout.min = 300ms (fallback to raft.server.rpc.timeout.min)
2024-12-14 12:23:19,958 INFO  server.RaftServerConfigKeys (ConfUtils.java:logFallback(53)) - raft.server.rpc.first-election.timeout.max = 600ms (fallback to raft.server.rpc.timeout.max)
2024-12-14 12:23:19,960 INFO  server.RaftServer (RaftServerProxy.java:addNew(101)) - s13: addNew group-154805CE7F48:[s11, s13, s12] returns group-154805CE7F48:java.util.concurrent.CompletableFuture@18678bb7[Not completed]
2024-12-14 12:23:19,960 INFO  server.RaftServer$Division (RaftServerImpl.java:<init>(256)) - s13: new RaftServerImpl for group-154805CE7F48:[s11, s13, s12] with ArithmeticStateMachine:uninitialized
2024-12-14 12:23:19,961 INFO  server.RaftServerConfigKeys (ConfUtils.java:logGet(46)) - raft.server.rpc.timeout.min = 300ms (custom)
2024-12-14 12:23:19,961 INFO  server.RaftServerConfigKeys (ConfUtils.java:logGet(46)) - raft.server.rpc.timeout.max = 600ms (custom)
2024-12-14 12:23:19,961 INFO  server.RaftServerConfigKeys (ConfUtils.java:logGet(46)) - raft.server.rpc.sleep.time = 25ms (default)
2024-12-14 12:23:19,961 INFO  server.RaftServerConfigKeys (ConfUtils.java:logGet(46)) - raft.server.rpc.slowness.timeout = 60s (default)
2024-12-14 12:23:19,961 INFO  server.RaftServerConfigKeys (ConfUtils.java:logGet(46)) - raft.server.leaderelection.leader.step-down.wait-time = 10s (default)
2024-12-14 12:23:19,961 INFO  server.RaftServerConfigKeys (ConfUtils.java:logGet(46)) - raft.server.leaderelection.member.majority-add = false (default)
2024-12-14 12:23:19,961 INFO  server.RaftServerConfigKeys (ConfUtils.java:logGet(46)) - raft.server.sleep.deviation.threshold = 300ms (default)
2024-12-14 12:23:19,961 INFO  server.RaftServer$Division (ServerState.java:<init>(114)) - s13@group-154805CE7F48: ConfigurationManager, init=conf: {index: -1, cur=peers:[s11, s13, s12]|listeners:[], old=null}, confs=<EMPTY_MAP>
2024-12-14 12:23:19,961 INFO  server.RaftServerConfigKeys (ConfUtils.java:logGet(46)) - raft.server.notification.no-leader.timeout = 60s (default)
2024-12-14 12:23:19,961 INFO  server.RaftServerConfigKeys (ConfUtils.java:logGet(46)) - raft.server.read.timeout = 10s (default)
2024-12-14 12:23:19,961 INFO  server.RaftServerConfigKeys (ConfUtils.java:logGet(46)) - raft.server.retrycache.expirytime = 60s (default)
2024-12-14 12:23:19,962 INFO  server.RaftServerConfigKeys (ConfUtils.java:logGet(46)) - raft.server.retrycache.statistics.expirytime = 100ms (default)
2024-12-14 12:23:19,962 INFO  server.RaftServerConfigKeys (ConfUtils.java:logGet(46)) - raft.server.read.option = DEFAULT (default)
2024-12-14 12:23:19,962 INFO  server.RaftServerConfigKeys (ConfUtils.java:logGet(46)) - raft.server.read.read-after-write-consistent.write-index-cache.expiry-time = 60s (default)
2024-12-14 12:23:19,963 INFO  server.RaftServerConfigKeys (ConfUtils.java:logGet(46)) - raft.server.rpc.request.timeout = 3000ms (default)
2024-12-14 12:23:19,963 INFO  server.RaftServerConfigKeys (ConfUtils.java:logGet(46)) - raft.server.log.appender.install.snapshot.enabled = true (default)
2024-12-14 12:23:19,963 INFO  server.RaftServerConfigKeys (ConfUtils.java:logGet(46)) - raft.server.threadpool.server.cached = true (default)
2024-12-14 12:23:19,963 INFO  server.RaftServerConfigKeys (ConfUtils.java:logGet(46)) - raft.server.threadpool.server.size = 0 (default)
2024-12-14 12:23:19,963 INFO  server.RaftServerConfigKeys (ConfUtils.java:logGet(46)) - raft.server.threadpool.client.cached = true (default)
2024-12-14 12:23:19,963 INFO  server.RaftServerConfigKeys (ConfUtils.java:logGet(46)) - raft.server.threadpool.client.size = 0 (default)
2024-12-14 12:23:19,963 INFO  server.RaftServerConfigKeys (ConfUtils.java:logGet(46)) - raft.server.storage.free-space.min = 0MB (=0) (default)
2024-12-14 12:23:19,963 INFO  server.RaftServerConfigKeys (ConfUtils.java:logGet(46)) - raft.server.log.corruption.policy = EXCEPTION (default)
2024-12-14 12:23:19,963 INFO  server.RaftServerConfigKeys (ConfUtils.java:logGet(46)) - raft.server.storage.dir = [/home/runner/work/ratis/ratis/ratis-examples/target/test/data/da5193cb/MiniRaftClusterWithSimulatedRpced10c1e3/s13] (custom)
2024-12-14 12:23:19,964 INFO  storage.RaftStorageDirectory (RaftStorageDirectoryImpl.java:analyzeStorage(138)) - The storage directory /home/runner/work/ratis/ratis/ratis-examples/target/test/data/da5193cb/MiniRaftClusterWithSimulatedRpced10c1e3/s13/f379d0f3-361a-49f9-93e7-154805ce7f48 does not exist. Creating ...
2024-12-14 12:23:19,964 TRACE util.FileUtils (LogUtils.java:runAndLog(49)) - Successfully ran Files.createDirectories /home/runner/work/ratis/ratis/ratis-examples/target/test/data/da5193cb/MiniRaftClusterWithSimulatedRpced10c1e3/s13/f379d0f3-361a-49f9-93e7-154805ce7f48
2024-12-14 12:23:19,965 INFO  storage.RaftStorageDirectory (RaftStorageDirectoryImpl.java:tryLock(229)) - Lock on /home/runner/work/ratis/ratis/ratis-examples/target/test/data/da5193cb/MiniRaftClusterWithSimulatedRpced10c1e3/s13/f379d0f3-361a-49f9-93e7-154805ce7f48/in_use.lock acquired by nodename 14700@fv-az733-880
2024-12-14 12:23:19,965 TRACE util.FileUtils (LogUtils.java:runAndLog(49)) - Successfully ran Files.createDirectories /home/runner/work/ratis/ratis/ratis-examples/target/test/data/da5193cb/MiniRaftClusterWithSimulatedRpced10c1e3/s13/f379d0f3-361a-49f9-93e7-154805ce7f48/current
2024-12-14 12:23:19,965 TRACE util.FileUtils (LogUtils.java:runAndLog(49)) - Successfully ran Files.createDirectories /home/runner/work/ratis/ratis/ratis-examples/target/test/data/da5193cb/MiniRaftClusterWithSimulatedRpced10c1e3/s13/f379d0f3-361a-49f9-93e7-154805ce7f48/sm
2024-12-14 12:23:19,966 TRACE util.FileUtils (LogUtils.java:supplyAndLog(69)) - Successfully supplied FileChannel.open /home/runner/work/ratis/ratis/ratis-examples/target/test/data/da5193cb/MiniRaftClusterWithSimulatedRpced10c1e3/s13/f379d0f3-361a-49f9-93e7-154805ce7f48/current/raft-meta.tmp with options [CREATE, WRITE]: sun.nio.ch.FileChannelImpl@36904f0a
2024-12-14 12:23:19,967 TRACE util.FileUtils (LogUtils.java:runAndLog(49)) - Successfully ran Atomic Files.move /home/runner/work/ratis/ratis/ratis-examples/target/test/data/da5193cb/MiniRaftClusterWithSimulatedRpced10c1e3/s13/f379d0f3-361a-49f9-93e7-154805ce7f48/current/raft-meta.tmp to /home/runner/work/ratis/ratis/ratis-examples/target/test/data/da5193cb/MiniRaftClusterWithSimulatedRpced10c1e3/s13/f379d0f3-361a-49f9-93e7-154805ce7f48/current/raft-meta with options [REPLACE_EXISTING]
2024-12-14 12:23:19,967 INFO  storage.RaftStorage (RaftStorageImpl.java:format(98)) - Storage directory /home/runner/work/ratis/ratis/ratis-examples/target/test/data/da5193cb/MiniRaftClusterWithSimulatedRpced10c1e3/s13/f379d0f3-361a-49f9-93e7-154805ce7f48 has been successfully formatted.
2024-12-14 12:23:19,967 WARN  statemachine.StateMachine (ArithmeticStateMachine.java:loadSnapshot(115)) - The snapshot info is null.
2024-12-14 12:23:19,967 INFO  server.RaftServerConfigKeys (ConfUtils.java:logGet(46)) - raft.server.log.use.memory = false (default)
2024-12-14 12:23:19,967 INFO  server.RaftServerConfigKeys (ConfUtils.java:logGet(46)) - raft.server.log.purge.gap = 1024 (default)
2024-12-14 12:23:19,967 INFO  server.RaftServerConfigKeys (ConfUtils.java:logGet(46)) - raft.server.log.appender.buffer.byte-limit = 4MB (=4194304) (default)
2024-12-14 12:23:19,967 INFO  server.RaftServerConfigKeys (ConfUtils.java:logGet(46)) - raft.server.log.statemachine.data.read.timeout = 1000ms (default)
2024-12-14 12:23:19,967 INFO  server.RaftServerConfigKeys (ConfUtils.java:logGet(46)) - raft.server.log.purge.preservation.log.num = 0 (default)
2024-12-14 12:23:19,968 INFO  server.RaftServerConfigKeys (ConfUtils.java:logGet(46)) - raft.server.log.segment.size.max = 32MB (=33554432) (default)
2024-12-14 12:23:19,968 INFO  server.RaftServerConfigKeys (ConfUtils.java:logGet(46)) - raft.server.log.segment.cache.num.max = 6 (default)
2024-12-14 12:23:19,968 INFO  server.RaftServerConfigKeys (ConfUtils.java:logGet(46)) - raft.server.log.segment.cache.size.max = 200MB (=209715200) (default)
2024-12-14 12:23:19,968 INFO  server.RaftServerConfigKeys (ConfUtils.java:logGet(46)) - raft.server.log.appender.buffer.byte-limit = 4MB (=4194304) (default)
2024-12-14 12:23:19,969 INFO  util.AwaitToRun (AwaitToRun.java:start(81)) - Thread[s13@group-154805CE7F48-cacheEviction-AwaitToRun,5,main] started
2024-12-14 12:23:19,969 INFO  segmented.SegmentedRaftLogWorker (SegmentedRaftLogWorker.java:<init>(189)) - new s13@group-154805CE7F48-SegmentedRaftLogWorker for RaftStorageImpl:Storage Directory /home/runner/work/ratis/ratis/ratis-examples/target/test/data/da5193cb/MiniRaftClusterWithSimulatedRpced10c1e3/s13/f379d0f3-361a-49f9-93e7-154805ce7f48
2024-12-14 12:23:19,969 INFO  server.RaftServerConfigKeys (ConfUtils.java:logGet(46)) - raft.server.log.queue.byte-limit = 64MB (=67108864) (default)
2024-12-14 12:23:19,969 INFO  server.RaftServerConfigKeys (ConfUtils.java:logGet(46)) - raft.server.log.queue.element-limit = 4096 (default)
2024-12-14 12:23:19,969 INFO  server.RaftServerConfigKeys (ConfUtils.java:logGet(46)) - raft.server.log.segment.size.max = 32MB (=33554432) (default)
2024-12-14 12:23:19,969 INFO  server.RaftServerConfigKeys (ConfUtils.java:logGet(46)) - raft.server.log.preallocated.size = 4MB (=4194304) (default)
2024-12-14 12:23:19,969 INFO  server.RaftServerConfigKeys (ConfUtils.java:logGet(46)) - raft.server.log.force.sync.num = 128 (default)
2024-12-14 12:23:19,969 INFO  server.RaftServerConfigKeys (ConfUtils.java:logGet(46)) - raft.server.log.statemachine.data.sync = true (default)
2024-12-14 12:23:19,969 INFO  server.RaftServerConfigKeys (ConfUtils.java:logGet(46)) - raft.server.log.statemachine.data.sync.timeout = 10s (default)
2024-12-14 12:23:19,969 INFO  server.RaftServerConfigKeys (ConfUtils.java:logGet(46)) - raft.server.log.statemachine.data.sync.timeout.retry = -1 (default)
2024-12-14 12:23:19,970 INFO  server.RaftServerConfigKeys (ConfUtils.java:logGet(46)) - raft.server.log.write.buffer.size = 8MB (=8388608) (default)
2024-12-14 12:23:19,972 INFO  server.RaftServerConfigKeys (ConfUtils.java:logGet(46)) - raft.server.log.appender.buffer.byte-limit = 4MB (=4194304) (default)
2024-12-14 12:23:19,972 INFO  server.RaftServerConfigKeys (ConfUtils.java:logGet(46)) - raft.server.log.unsafe-flush.enabled = false (default)
2024-12-14 12:23:19,972 INFO  server.RaftServerConfigKeys (ConfUtils.java:logGet(46)) - raft.server.log.async-flush.enabled = false (default)
2024-12-14 12:23:19,972 INFO  server.RaftServerConfigKeys (ConfUtils.java:logGet(46)) - raft.server.log.statemachine.data.caching.enabled = false (default)
2024-12-14 12:23:19,973 INFO  segmented.SegmentedRaftLogWorker (SegmentedRaftLogWorker.java:lambda$new$0(140)) - s13@group-154805CE7F48-SegmentedRaftLogWorker: flushIndex: setUnconditionally 0 -> -1
2024-12-14 12:23:19,973 INFO  segmented.SegmentedRaftLogWorker (SegmentedRaftLogWorker.java:lambda$new$0(140)) - s13@group-154805CE7F48-SegmentedRaftLogWorker: safeCacheEvictIndex: setUnconditionally 0 -> -1
2024-12-14 12:23:19,973 INFO  server.RaftServer$Division (RaftServerImpl.java:start(392)) - s13@group-154805CE7F48: start as a follower, conf=conf: {index: -1, cur=peers:[s11, s13, s12]|listeners:[], old=null}
2024-12-14 12:23:19,973 INFO  server.RaftServer$Division (RaftServerImpl.java:setRole(379)) - s13@group-154805CE7F48: changes role from      null to FOLLOWER at term 0 for startAsFollower
2024-12-14 12:23:19,973 INFO  impl.RoleInfo (RoleInfo.java:updateAndGet(148)) - s13: start s13@group-154805CE7F48-FollowerState
2024-12-14 12:23:19,974 INFO  server.RaftServerConfigKeys (ConfUtils.java:logFallback(53)) - raft.server.rpc.first-election.timeout.min = 300ms (fallback to raft.server.rpc.timeout.min)
2024-12-14 12:23:19,974 INFO  server.RaftServerConfigKeys (ConfUtils.java:logFallback(53)) - raft.server.rpc.first-election.timeout.max = 600ms (fallback to raft.server.rpc.timeout.max)
2024-12-14 12:23:19,974 INFO  util.JmxRegister (JmxRegister.java:tryRegister(44)) - Successfully registered JMX Bean with object name Ratis:service=RaftServer,group=group-154805CE7F48,id=s13
2024-12-14 12:23:19,974 INFO  util.JmxRegister (JmxRegister.java:register(58)) - register mxBean class org.apache.ratis.server.impl.RaftServerJmxAdapter as Ratis:service=RaftServer,group=group-154805CE7F48,id=s13
2024-12-14 12:23:19,974 INFO  server.RaftServerConfigKeys (ConfUtils.java:logGet(46)) - raft.server.snapshot.trigger-when-stop.enabled = true (default)
2024-12-14 12:23:19,974 INFO  server.RaftServerConfigKeys (ConfUtils.java:logGet(46)) - raft.server.snapshot.trigger-when-remove.enabled = true (default)
2024-12-14 12:23:19,974 INFO  server.RaftServerConfigKeys (ConfUtils.java:logGet(46)) - raft.server.snapshot.auto.trigger.enabled = false (default)
2024-12-14 12:23:19,974 INFO  server.RaftServerConfigKeys (ConfUtils.java:logGet(46)) - raft.server.snapshot.retention.file.num = -1 (default)
2024-12-14 12:23:19,975 INFO  server.RaftServerConfigKeys (ConfUtils.java:logGet(46)) - raft.server.log.purge.upto.snapshot.index = false (default)
2024-12-14 12:23:19,975 INFO  server.RaftServer$Division (RaftServerImpl.java:start(406)) - s13@group-154805CE7F48: Successfully started.
2024-12-14 12:23:19,976 INFO  server.RaftServerConfigKeys (ConfUtils.java:logGet(46)) - raft.server.rpc.timeout.max = 600ms (custom)
2024-12-14 12:23:19,977 INFO  ratis.RaftTestUtil (RaftTestUtil.java:waitForLeader(107)) - printing group-154805CE7F48
  s11:  RUNNING [
   FOLLOWER s11@group-154805CE7F48:t0, leader=null, voted=, raftlog=Memoized:s11@group-154805CE7F48-SegmentedRaftLog:OPENED:c-1:lastnull, conf=conf: {index: -1, cur=peers:[s11, s13, s12]|listeners:[], old=null} RUNNING
   FOLLOWER s11@group-E0CF8C87AB81:t0, leader=null, voted=, raftlog=Memoized:s11@group-E0CF8C87AB81-SegmentedRaftLog:OPENED:c-1:lastnull, conf=conf: {index: -1, cur=peers:[]|listeners:[], old=null} STARTING] size=2
  s13:  RUNNING [
   FOLLOWER s13@group-154805CE7F48:t0, leader=null, voted=, raftlog=Memoized:s13@group-154805CE7F48-SegmentedRaftLog:OPENED:c-1:lastnull, conf=conf: {index: -1, cur=peers:[s11, s13, s12]|listeners:[], old=null} RUNNING
   FOLLOWER s13@group-E0CF8C87AB81:t0, leader=null, voted=, raftlog=Memoized:s13@group-E0CF8C87AB81-SegmentedRaftLog:OPENED:c-1:lastnull, conf=conf: {index: -1, cur=peers:[]|listeners:[], old=null} STARTING] size=2
  s12:  RUNNING [
   FOLLOWER s12@group-154805CE7F48:t0, leader=null, voted=, raftlog=Memoized:s12@group-154805CE7F48-SegmentedRaftLog:OPENED:c-1:lastnull, conf=conf: {index: -1, cur=peers:[s11, s13, s12]|listeners:[], old=null} RUNNING
   FOLLOWER s12@group-E0CF8C87AB81:t0, leader=null, voted=, raftlog=Memoized:s12@group-E0CF8C87AB81-SegmentedRaftLog:OPENED:c-1:lastnull, conf=conf: {index: -1, cur=peers:[]|listeners:[], old=null} STARTING] size=2
2024-12-14 12:23:19,978 WARN  ratis.RaftTestUtil (RaftTestUtil.java:lambda$waitForLeader$3(126)) - Attempt #1 failed: java.lang.IllegalStateException: No leader yet  for group-154805CE7F48: printing group-154805CE7F48
  s11:  RUNNING [
   FOLLOWER s11@group-154805CE7F48:t0, leader=null, voted=, raftlog=Memoized:s11@group-154805CE7F48-SegmentedRaftLog:OPENED:c-1:lastnull, conf=conf: {index: -1, cur=peers:[s11, s13, s12]|listeners:[], old=null} RUNNING
   FOLLOWER s11@group-E0CF8C87AB81:t0, leader=null, voted=, raftlog=Memoized:s11@group-E0CF8C87AB81-SegmentedRaftLog:OPENED:c-1:lastnull, conf=conf: {index: -1, cur=peers:[]|listeners:[], old=null} STARTING] size=2
  s13:  RUNNING [
   FOLLOWER s13@group-154805CE7F48:t0, leader=null, voted=, raftlog=Memoized:s13@group-154805CE7F48-SegmentedRaftLog:OPENED:c-1:lastnull, conf=conf: {index: -1, cur=peers:[s11, s13, s12]|listeners:[], old=null} RUNNING
   FOLLOWER s13@group-E0CF8C87AB81:t0, leader=null, voted=, raftlog=Memoized:s13@group-E0CF8C87AB81-SegmentedRaftLog:OPENED:c-1:lastnull, conf=conf: {index: -1, cur=peers:[]|listeners:[], old=null} STARTING] size=2
  s12:  RUNNING [
   FOLLOWER s12@group-154805CE7F48:t0, leader=null, voted=, raftlog=Memoized:s12@group-154805CE7F48-SegmentedRaftLog:OPENED:c-1:lastnull, conf=conf: {index: -1, cur=peers:[s11, s13, s12]|listeners:[], old=null} RUNNING
   FOLLOWER s12@group-E0CF8C87AB81:t0, leader=null, voted=, raftlog=Memoized:s12@group-E0CF8C87AB81-SegmentedRaftLog:OPENED:c-1:lastnull, conf=conf: {index: -1, cur=peers:[]|listeners:[], old=null} STARTING] size=2
2024-12-14 12:23:20,274 INFO  impl.FollowerState (FollowerState.java:runImpl(161)) - s11@group-154805CE7F48-FollowerState: change to CANDIDATE, lastRpcElapsedTime:334264569ns, electionTimeout:333ms
2024-12-14 12:23:20,275 INFO  impl.RoleInfo (RoleInfo.java:shutdownFollowerState(121)) - s11: shutdown s11@group-154805CE7F48-FollowerState
2024-12-14 12:23:20,275 INFO  server.RaftServer$Division (RaftServerImpl.java:setRole(379)) - s11@group-154805CE7F48: changes role from  FOLLOWER to CANDIDATE at term 0 for changeToCandidate
2024-12-14 12:23:20,275 INFO  server.RaftServerConfigKeys (ConfUtils.java:logGet(46)) - raft.server.leaderelection.pre-vote = true (default)
2024-12-14 12:23:20,275 INFO  impl.RoleInfo (RoleInfo.java:updateAndGet(148)) - s11: start s11@group-154805CE7F48-LeaderElection2
2024-12-14 12:23:20,276 INFO  impl.LeaderElection (LeaderElection.java:askForVotes(332)) - s11@group-154805CE7F48-LeaderElection2 PRE_VOTE round 0: submit vote requests at term 0 for conf: {index: -1, cur=peers:[s11, s13, s12]|listeners:[], old=null}
2024-12-14 12:23:20,277 INFO  server.RaftServerConfigKeys (ConfUtils.java:logFallback(53)) - raft.server.rpc.first-election.timeout.min = 300ms (fallback to raft.server.rpc.timeout.min)
2024-12-14 12:23:20,277 INFO  server.RaftServer$Division (RaftServerImpl.java:requestVote(1452)) - s13@group-154805CE7F48: receive requestVote(PRE_VOTE, s11, group-154805CE7F48, 0, (t:0, i:0))
2024-12-14 12:23:20,277 INFO  server.RaftServerConfigKeys (ConfUtils.java:logFallback(53)) - raft.server.rpc.first-election.timeout.max = 600ms (fallback to raft.server.rpc.timeout.max)
2024-12-14 12:23:20,277 INFO  server.RaftServer$Division (RaftServerImpl.java:requestVote(1452)) - s12@group-154805CE7F48: receive requestVote(PRE_VOTE, s11, group-154805CE7F48, 0, (t:0, i:0))
2024-12-14 12:23:20,277 INFO  impl.VoteContext (VoteContext.java:log(49)) - s13@group-154805CE7F48-FOLLOWER: accept PRE_VOTE from s11: our priority 0 <= candidate's priority 0
2024-12-14 12:23:20,277 INFO  impl.VoteContext (VoteContext.java:log(49)) - s12@group-154805CE7F48-FOLLOWER: accept PRE_VOTE from s11: our priority 0 <= candidate's priority 0
2024-12-14 12:23:20,277 INFO  server.RaftServer$Division (RaftServerImpl.java:requestVote(1486)) - s13@group-154805CE7F48 replies to PRE_VOTE vote request: s11<-s13#0:OK-t0. Peer's state: s13@group-154805CE7F48:t0, leader=null, voted=, raftlog=Memoized:s13@group-154805CE7F48-SegmentedRaftLog:OPENED:c-1:lastnull, conf=conf: {index: -1, cur=peers:[s11, s13, s12]|listeners:[], old=null}
2024-12-14 12:23:20,277 INFO  server.RaftServer$Division (RaftServerImpl.java:requestVote(1486)) - s12@group-154805CE7F48 replies to PRE_VOTE vote request: s11<-s12#0:OK-t0. Peer's state: s12@group-154805CE7F48:t0, leader=null, voted=, raftlog=Memoized:s12@group-154805CE7F48-SegmentedRaftLog:OPENED:c-1:lastnull, conf=conf: {index: -1, cur=peers:[s11, s13, s12]|listeners:[], old=null}
2024-12-14 12:23:20,277 INFO  impl.LeaderElection (LeaderElection.java:logAndReturn(90)) - s11@group-154805CE7F48-LeaderElection2: PRE_VOTE PASSED received 1 response(s) and 0 exception(s):
2024-12-14 12:23:20,277 INFO  impl.LeaderElection (LeaderElection.java:logAndReturn(94)) -   Response 0: s11<-s13#0:OK-t0
2024-12-14 12:23:20,277 INFO  impl.LeaderElection (LeaderElection.java:askForVotes(334)) - s11@group-154805CE7F48-LeaderElection2 PRE_VOTE round 0: result PASSED
2024-12-14 12:23:20,278 TRACE util.FileUtils (LogUtils.java:supplyAndLog(69)) - Successfully supplied FileChannel.open /home/runner/work/ratis/ratis/ratis-examples/target/test/data/da5193cb/MiniRaftClusterWithSimulatedRpced10c1e3/s11/f379d0f3-361a-49f9-93e7-154805ce7f48/current/raft-meta.tmp with options [CREATE, WRITE]: sun.nio.ch.FileChannelImpl@77450173
2024-12-14 12:23:20,279 TRACE util.FileUtils (LogUtils.java:runAndLog(49)) - Successfully ran Atomic Files.move /home/runner/work/ratis/ratis/ratis-examples/target/test/data/da5193cb/MiniRaftClusterWithSimulatedRpced10c1e3/s11/f379d0f3-361a-49f9-93e7-154805ce7f48/current/raft-meta.tmp to /home/runner/work/ratis/ratis/ratis-examples/target/test/data/da5193cb/MiniRaftClusterWithSimulatedRpced10c1e3/s11/f379d0f3-361a-49f9-93e7-154805ce7f48/current/raft-meta with options [REPLACE_EXISTING]
2024-12-14 12:23:20,280 INFO  impl.LeaderElection (LeaderElection.java:askForVotes(332)) - s11@group-154805CE7F48-LeaderElection2 ELECTION round 0: submit vote requests at term 1 for conf: {index: -1, cur=peers:[s11, s13, s12]|listeners:[], old=null}
2024-12-14 12:23:20,280 INFO  server.RaftServerConfigKeys (ConfUtils.java:logFallback(53)) - raft.server.rpc.first-election.timeout.min = 300ms (fallback to raft.server.rpc.timeout.min)
2024-12-14 12:23:20,280 INFO  server.RaftServer$Division (RaftServerImpl.java:requestVote(1452)) - s13@group-154805CE7F48: receive requestVote(ELECTION, s11, group-154805CE7F48, 1, (t:0, i:0))
2024-12-14 12:23:20,280 INFO  server.RaftServerConfigKeys (ConfUtils.java:logFallback(53)) - raft.server.rpc.first-election.timeout.max = 600ms (fallback to raft.server.rpc.timeout.max)
2024-12-14 12:23:20,280 INFO  server.RaftServer$Division (RaftServerImpl.java:requestVote(1452)) - s12@group-154805CE7F48: receive requestVote(ELECTION, s11, group-154805CE7F48, 1, (t:0, i:0))
2024-12-14 12:23:20,280 INFO  impl.VoteContext (VoteContext.java:log(49)) - s13@group-154805CE7F48-FOLLOWER: accept ELECTION from s11: our priority 0 <= candidate's priority 0
2024-12-14 12:23:20,281 INFO  impl.VoteContext (VoteContext.java:log(49)) - s12@group-154805CE7F48-FOLLOWER: accept ELECTION from s11: our priority 0 <= candidate's priority 0
2024-12-14 12:23:20,281 INFO  server.RaftServer$Division (RaftServerImpl.java:setRole(379)) - s13@group-154805CE7F48: changes role from  FOLLOWER to FOLLOWER at term 0 for candidate:s11
2024-12-14 12:23:20,281 INFO  impl.RoleInfo (RoleInfo.java:shutdownFollowerState(121)) - s13: shutdown s13@group-154805CE7F48-FollowerState
2024-12-14 12:23:20,281 INFO  server.RaftServer$Division (RaftServerImpl.java:setRole(379)) - s12@group-154805CE7F48: changes role from  FOLLOWER to FOLLOWER at term 0 for candidate:s11
2024-12-14 12:23:20,281 INFO  impl.RoleInfo (RoleInfo.java:shutdownFollowerState(121)) - s12: shutdown s12@group-154805CE7F48-FollowerState
2024-12-14 12:23:20,281 INFO  impl.RoleInfo (RoleInfo.java:updateAndGet(148)) - s13: start s13@group-154805CE7F48-FollowerState
2024-12-14 12:23:20,282 INFO  impl.FollowerState (FollowerState.java:runImpl(170)) - s12@group-154805CE7F48-FollowerState was interrupted
2024-12-14 12:23:20,282 INFO  server.RaftServer$Division (RaftServerImpl.java:setFirstElection(563)) - s13@group-154805CE7F48: set firstElectionSinceStartup to false for candidate:s11
2024-12-14 12:23:20,282 TRACE util.FileUtils (LogUtils.java:supplyAndLog(69)) - Successfully supplied FileChannel.open /home/runner/work/ratis/ratis/ratis-examples/target/test/data/da5193cb/MiniRaftClusterWithSimulatedRpced10c1e3/s13/f379d0f3-361a-49f9-93e7-154805ce7f48/current/raft-meta.tmp with options [CREATE, WRITE]: sun.nio.ch.FileChannelImpl@29069096
2024-12-14 12:23:20,282 INFO  impl.RoleInfo (RoleInfo.java:updateAndGet(148)) - s12: start s12@group-154805CE7F48-FollowerState
2024-12-14 12:23:20,282 INFO  impl.FollowerState (FollowerState.java:runImpl(170)) - s13@group-154805CE7F48-FollowerState was interrupted
2024-12-14 12:23:20,285 TRACE util.FileUtils (LogUtils.java:runAndLog(49)) - Successfully ran Atomic Files.move /home/runner/work/ratis/ratis/ratis-examples/target/test/data/da5193cb/MiniRaftClusterWithSimulatedRpced10c1e3/s13/f379d0f3-361a-49f9-93e7-154805ce7f48/current/raft-meta.tmp to /home/runner/work/ratis/ratis/ratis-examples/target/test/data/da5193cb/MiniRaftClusterWithSimulatedRpced10c1e3/s13/f379d0f3-361a-49f9-93e7-154805ce7f48/current/raft-meta with options [REPLACE_EXISTING]
2024-12-14 12:23:20,285 INFO  server.RaftServer$Division (RaftServerImpl.java:requestVote(1486)) - s13@group-154805CE7F48 replies to ELECTION vote request: s11<-s13#0:OK-t1. Peer's state: s13@group-154805CE7F48:t1, leader=null, voted=s11, raftlog=Memoized:s13@group-154805CE7F48-SegmentedRaftLog:OPENED:c-1:lastnull, conf=conf: {index: -1, cur=peers:[s11, s13, s12]|listeners:[], old=null}
2024-12-14 12:23:20,285 INFO  server.RaftServer$Division (RaftServerImpl.java:setFirstElection(563)) - s12@group-154805CE7F48: set firstElectionSinceStartup to false for candidate:s11
2024-12-14 12:23:20,285 INFO  impl.LeaderElection (LeaderElection.java:logAndReturn(90)) - s11@group-154805CE7F48-LeaderElection2: ELECTION PASSED received 1 response(s) and 0 exception(s):
2024-12-14 12:23:20,285 INFO  impl.LeaderElection (LeaderElection.java:logAndReturn(94)) -   Response 0: s11<-s13#0:OK-t1
2024-12-14 12:23:20,285 TRACE util.FileUtils (LogUtils.java:supplyAndLog(69)) - Successfully supplied FileChannel.open /home/runner/work/ratis/ratis/ratis-examples/target/test/data/da5193cb/MiniRaftClusterWithSimulatedRpced10c1e3/s12/f379d0f3-361a-49f9-93e7-154805ce7f48/current/raft-meta.tmp with options [CREATE, WRITE]: sun.nio.ch.FileChannelImpl@33d6ef9
2024-12-14 12:23:20,285 INFO  impl.LeaderElection (LeaderElection.java:askForVotes(334)) - s11@group-154805CE7F48-LeaderElection2 ELECTION round 0: result PASSED
2024-12-14 12:23:20,289 INFO  impl.RoleInfo (RoleInfo.java:shutdownLeaderElection(141)) - s11: shutdown s11@group-154805CE7F48-LeaderElection2
2024-12-14 12:23:20,289 INFO  server.RaftServer$Division (RaftServerImpl.java:setRole(379)) - s11@group-154805CE7F48: changes role from CANDIDATE to LEADER at term 1 for changeToLeader
2024-12-14 12:23:20,289 INFO  server.RaftServerConfigKeys (ConfUtils.java:logGet(46)) - raft.server.staging.catchup.gap = 1000 (default)
2024-12-14 12:23:20,289 INFO  server.RaftServerConfigKeys (ConfUtils.java:logGet(46)) - raft.server.write.element-limit = 4096 (default)
2024-12-14 12:23:20,289 INFO  server.RaftServerConfigKeys (ConfUtils.java:logGet(46)) - raft.server.write.byte-limit = 64MB (=67108864) (default)
2024-12-14 12:23:20,290 INFO  server.RaftServerConfigKeys (ConfUtils.java:logGet(46)) - raft.server.watch.timeout = 10s (default)
2024-12-14 12:23:20,290 INFO  server.RaftServerConfigKeys (ConfUtils.java:logGet(46)) - raft.server.watch.timeout.denomination = 1s (default)
2024-12-14 12:23:20,290 TRACE util.FileUtils (LogUtils.java:runAndLog(49)) - Successfully ran Atomic Files.move /home/runner/work/ratis/ratis/ratis-examples/target/test/data/da5193cb/MiniRaftClusterWithSimulatedRpced10c1e3/s12/f379d0f3-361a-49f9-93e7-154805ce7f48/current/raft-meta.tmp to /home/runner/work/ratis/ratis/ratis-examples/target/test/data/da5193cb/MiniRaftClusterWithSimulatedRpced10c1e3/s12/f379d0f3-361a-49f9-93e7-154805ce7f48/current/raft-meta with options [REPLACE_EXISTING]
2024-12-14 12:23:20,290 INFO  server.RaftServerConfigKeys (ConfUtils.java:logGet(46)) - raft.server.watch.element-limit = 65536 (default)
2024-12-14 12:23:20,290 INFO  server.RaftServer$Division (RaftServerImpl.java:requestVote(1486)) - s12@group-154805CE7F48 replies to ELECTION vote request: s11<-s12#0:OK-t1. Peer's state: s12@group-154805CE7F48:t1, leader=null, voted=s11, raftlog=Memoized:s12@group-154805CE7F48-SegmentedRaftLog:OPENED:c-1:lastnull, conf=conf: {index: -1, cur=peers:[s11, s13, s12]|listeners:[], old=null}
2024-12-14 12:23:20,292 INFO  server.RaftServerConfigKeys (ConfUtils.java:logGet(46)) - raft.server.read.leader.lease.enabled = false (default)
2024-12-14 12:23:20,293 INFO  server.RaftServerConfigKeys (ConfUtils.java:logGet(46)) - raft.server.read.leader.lease.timeout.ratio = 0.9 (default)
2024-12-14 12:23:20,293 INFO  server.RaftServerConfigKeys (ConfUtils.java:logGet(46)) - raft.server.rpc.timeout.min = 300ms (custom)
2024-12-14 12:23:20,293 INFO  server.RaftServerConfigKeys (ConfUtils.java:logGet(46)) - raft.server.log.log-metadata.enabled = true (default)
2024-12-14 12:23:20,293 INFO  server.RaftServerConfigKeys (ConfUtils.java:logGet(46)) - raft.server.write.element-limit = 4096 (default)
2024-12-14 12:23:20,293 INFO  server.RaftServerConfigKeys (ConfUtils.java:logGet(46)) - raft.server.write.follower.gap.ratio.max = -1.0 (default)
2024-12-14 12:23:20,293 INFO  server.RaftServerConfigKeys (ConfUtils.java:logGet(46)) - raft.server.log.appender.snapshot.chunk.size.max = 16MB (=16777216) (default)
2024-12-14 12:23:20,293 INFO  server.RaftServerConfigKeys (ConfUtils.java:logGet(46)) - raft.server.log.appender.buffer.byte-limit = 4MB (=4194304) (default)
2024-12-14 12:23:20,293 INFO  server.RaftServerConfigKeys (ConfUtils.java:logGet(46)) - raft.server.log.appender.buffer.element-limit = 0 (default)
2024-12-14 12:23:20,294 INFO  server.RaftServerConfigKeys (ConfUtils.java:logGet(46)) - raft.server.log.appender.wait-time.min = 1ms (default)
2024-12-14 12:23:20,294 INFO  server.RaftServerConfigKeys (ConfUtils.java:logGet(46)) - raft.server.log.appender.snapshot.chunk.size.max = 16MB (=16777216) (default)
2024-12-14 12:23:20,294 INFO  server.RaftServerConfigKeys (ConfUtils.java:logGet(46)) - raft.server.log.appender.buffer.byte-limit = 4MB (=4194304) (default)
2024-12-14 12:23:20,294 INFO  server.RaftServerConfigKeys (ConfUtils.java:logGet(46)) - raft.server.log.appender.buffer.element-limit = 0 (default)
2024-12-14 12:23:20,294 INFO  server.RaftServerConfigKeys (ConfUtils.java:logGet(46)) - raft.server.log.appender.wait-time.min = 1ms (default)
2024-12-14 12:23:20,295 INFO  impl.RoleInfo (RoleInfo.java:updateAndGet(148)) - s11: start s11@group-154805CE7F48-LeaderStateImpl
2024-12-14 12:23:20,295 INFO  server.RaftServer$Division (RaftServerImpl.java:setFirstElection(563)) - s11@group-154805CE7F48: set firstElectionSinceStartup to false for becomeLeader
2024-12-14 12:23:20,295 INFO  server.RaftServer$Division (ServerState.java:setLeader(272)) - s11@group-154805CE7F48: change Leader from null to s11 at term 1 for becomeLeader, leader elected after 364ms
2024-12-14 12:23:20,295 INFO  segmented.SegmentedRaftLogWorker (SegmentedRaftLogWorker.java:startLogSegment(443)) - s11@group-154805CE7F48-SegmentedRaftLogWorker: Starting segment from index:0
2024-12-14 12:23:20,296 INFO  server.RaftServer$Division (ServerState.java:setRaftConf(386)) - s11@group-154805CE7F48: set configuration conf: {index: 0, cur=peers:[s11, s13, s12]|listeners:[], old=null}
2024-12-14 12:23:20,298 INFO  segmented.BufferedWriteChannel (BufferedWriteChannel.java:open(61)) - open log_inprogress_0 at position 0
2024-12-14 12:23:20,299 INFO  server.RaftServer$Division (ServerState.java:setLeader(272)) - s12@group-154805CE7F48: change Leader from null to s11 at term 1 for appendEntries, leader elected after 354ms
2024-12-14 12:23:20,300 INFO  server.RaftServer$Division (ServerState.java:setRaftConf(386)) - s12@group-154805CE7F48: set configuration conf: {index: 0, cur=peers:[s11|, s13|, s12|]|listeners:[], old=null}
2024-12-14 12:23:20,300 INFO  segmented.SegmentedRaftLogWorker (SegmentedRaftLogWorker.java:startLogSegment(443)) - s12@group-154805CE7F48-SegmentedRaftLogWorker: Starting segment from index:0
2024-12-14 12:23:20,301 INFO  segmented.BufferedWriteChannel (BufferedWriteChannel.java:open(61)) - open log_inprogress_0 at position 0
2024-12-14 12:23:20,301 INFO  server.RaftServer$Division (ServerState.java:setLeader(272)) - s13@group-154805CE7F48: change Leader from null to s11 at term 1 for appendEntries, leader elected after 339ms
2024-12-14 12:23:20,305 INFO  server.RaftServer$Division (ServerState.java:setRaftConf(386)) - s13@group-154805CE7F48: set configuration conf: {index: 0, cur=peers:[s11|, s13|, s12|]|listeners:[], old=null}
2024-12-14 12:23:20,305 INFO  segmented.SegmentedRaftLogWorker (SegmentedRaftLogWorker.java:startLogSegment(443)) - s13@group-154805CE7F48-SegmentedRaftLogWorker: Starting segment from index:0
2024-12-14 12:23:20,306 INFO  segmented.BufferedWriteChannel (BufferedWriteChannel.java:open(61)) - open log_inprogress_0 at position 0
2024-12-14 12:23:20,312 INFO  segmented.SegmentedRaftLogWorker (SegmentedRaftLogWorker.java:execute(667)) - s11@group-154805CE7F48-SegmentedRaftLogWorker: created new log segment /home/runner/work/ratis/ratis/ratis-examples/target/test/data/da5193cb/MiniRaftClusterWithSimulatedRpced10c1e3/s11/f379d0f3-361a-49f9-93e7-154805ce7f48/current/log_inprogress_0
2024-12-14 12:23:20,314 INFO  segmented.SegmentedRaftLogWorker (SegmentedRaftLogWorker.java:execute(667)) - s12@group-154805CE7F48-SegmentedRaftLogWorker: created new log segment /home/runner/work/ratis/ratis/ratis-examples/target/test/data/da5193cb/MiniRaftClusterWithSimulatedRpced10c1e3/s12/f379d0f3-361a-49f9-93e7-154805ce7f48/current/log_inprogress_0
2024-12-14 12:23:20,316 TRACE util.FileUtils (LogUtils.java:supplyAndLog(69)) - Successfully supplied FileChannel.open /home/runner/work/ratis/ratis/ratis-examples/target/test/data/da5193cb/MiniRaftClusterWithSimulatedRpced10c1e3/s11/f379d0f3-361a-49f9-93e7-154805ce7f48/current/raft-meta.conf.tmp with options [CREATE, WRITE]: sun.nio.ch.FileChannelImpl@6b1a8e4f
2024-12-14 12:23:20,317 TRACE util.FileUtils (LogUtils.java:runAndLog(49)) - Successfully ran Atomic Files.move /home/runner/work/ratis/ratis/ratis-examples/target/test/data/da5193cb/MiniRaftClusterWithSimulatedRpced10c1e3/s11/f379d0f3-361a-49f9-93e7-154805ce7f48/current/raft-meta.conf.tmp to /home/runner/work/ratis/ratis/ratis-examples/target/test/data/da5193cb/MiniRaftClusterWithSimulatedRpced10c1e3/s11/f379d0f3-361a-49f9-93e7-154805ce7f48/current/raft-meta.conf with options [REPLACE_EXISTING]
2024-12-14 12:23:20,317 INFO  server.RaftServer$Division (LeaderStateImpl.java:checkStartIndex(314)) - Leader s11@group-154805CE7F48-LeaderStateImpl is ready since appliedIndex == startIndex == 0
2024-12-14 12:23:20,317 INFO  segmented.SegmentedRaftLogWorker (SegmentedRaftLogWorker.java:execute(667)) - s13@group-154805CE7F48-SegmentedRaftLogWorker: created new log segment /home/runner/work/ratis/ratis/ratis-examples/target/test/data/da5193cb/MiniRaftClusterWithSimulatedRpced10c1e3/s13/f379d0f3-361a-49f9-93e7-154805ce7f48/current/log_inprogress_0
2024-12-14 12:23:20,469 TRACE util.FileUtils (LogUtils.java:supplyAndLog(69)) - Successfully supplied FileChannel.open /home/runner/work/ratis/ratis/ratis-examples/target/test/data/da5193cb/MiniRaftClusterWithSimulatedRpced10c1e3/s12/f379d0f3-361a-49f9-93e7-154805ce7f48/current/raft-meta.conf.tmp with options [CREATE, WRITE]: sun.nio.ch.FileChannelImpl@39793e68
2024-12-14 12:23:20,470 TRACE util.FileUtils (LogUtils.java:supplyAndLog(69)) - Successfully supplied FileChannel.open /home/runner/work/ratis/ratis/ratis-examples/target/test/data/da5193cb/MiniRaftClusterWithSimulatedRpced10c1e3/s13/f379d0f3-361a-49f9-93e7-154805ce7f48/current/raft-meta.conf.tmp with options [CREATE, WRITE]: sun.nio.ch.FileChannelImpl@2a5ee5a3
2024-12-14 12:23:20,471 TRACE util.FileUtils (LogUtils.java:runAndLog(49)) - Successfully ran Atomic Files.move /home/runner/work/ratis/ratis/ratis-examples/target/test/data/da5193cb/MiniRaftClusterWithSimulatedRpced10c1e3/s12/f379d0f3-361a-49f9-93e7-154805ce7f48/current/raft-meta.conf.tmp to /home/runner/work/ratis/ratis/ratis-examples/target/test/data/da5193cb/MiniRaftClusterWithSimulatedRpced10c1e3/s12/f379d0f3-361a-49f9-93e7-154805ce7f48/current/raft-meta.conf with options [REPLACE_EXISTING]
2024-12-14 12:23:20,471 TRACE util.FileUtils (LogUtils.java:runAndLog(49)) - Successfully ran Atomic Files.move /home/runner/work/ratis/ratis/ratis-examples/target/test/data/da5193cb/MiniRaftClusterWithSimulatedRpced10c1e3/s13/f379d0f3-361a-49f9-93e7-154805ce7f48/current/raft-meta.conf.tmp to /home/runner/work/ratis/ratis/ratis-examples/target/test/data/da5193cb/MiniRaftClusterWithSimulatedRpced10c1e3/s13/f379d0f3-361a-49f9-93e7-154805ce7f48/current/raft-meta.conf with options [REPLACE_EXISTING]
2024-12-14 12:23:20,879 INFO  ratis.RaftTestUtil (RaftTestUtil.java:waitForLeader(131)) - printing group-154805CE7F48
  s11:  RUNNING [
     LEADER s11@group-154805CE7F48:t1, leader=s11, voted=s11, raftlog=Memoized:s11@group-154805CE7F48-SegmentedRaftLog:OPENED:c0:last(t:1, i:0), conf=conf: {index: 0, cur=peers:[s11, s13, s12]|listeners:[], old=null} RUNNING
   FOLLOWER s11@group-E0CF8C87AB81:t0, leader=null, voted=, raftlog=Memoized:s11@group-E0CF8C87AB81-SegmentedRaftLog:OPENED:c-1:lastnull, conf=conf: {index: -1, cur=peers:[]|listeners:[], old=null} STARTING] size=2
  s13:  RUNNING [
   FOLLOWER s13@group-154805CE7F48:t1, leader=s11, voted=s11, raftlog=Memoized:s13@group-154805CE7F48-SegmentedRaftLog:OPENED:c0:last(t:1, i:0), conf=conf: {index: 0, cur=peers:[s11|, s13|, s12|]|listeners:[], old=null} RUNNING
   FOLLOWER s13@group-E0CF8C87AB81:t0, leader=null, voted=, raftlog=Memoized:s13@group-E0CF8C87AB81-SegmentedRaftLog:OPENED:c-1:lastnull, conf=conf: {index: -1, cur=peers:[]|listeners:[], old=null} STARTING] size=2
  s12:  RUNNING [
   FOLLOWER s12@group-154805CE7F48:t1, leader=s11, voted=s11, raftlog=Memoized:s12@group-154805CE7F48-SegmentedRaftLog:OPENED:c0:last(t:1, i:0), conf=conf: {index: 0, cur=peers:[s11|, s13|, s12|]|listeners:[], old=null} RUNNING
   FOLLOWER s12@group-E0CF8C87AB81:t0, leader=null, voted=, raftlog=Memoized:s12@group-E0CF8C87AB81-SegmentedRaftLog:OPENED:c-1:lastnull, conf=conf: {index: -1, cur=peers:[]|listeners:[], old=null} STARTING] size=2
2024-12-14 12:23:20,882 INFO  statemachine.StateMachine (ArithmeticStateMachine.java:applyTransaction(181)) - LEADER:s11-1: a = 23 = 23
2024-12-14 12:23:20,914 INFO  statemachine.StateMachine (ArithmeticStateMachine.java:applyTransaction(181)) - LEADER:s11-3: b = 264 = 264
2024-12-14 12:23:20,917 INFO  statemachine.StateMachine (ArithmeticStateMachine.java:applyTransaction(181)) - LEADER:s11-5: c = √(a^2 + b^2) = 265
2024-12-14 12:23:20,920 INFO  statemachine.StateMachine (ArithmeticStateMachine.java:applyTransaction(181)) - LEADER:s11-7: a = null = null
2024-12-14 12:23:20,923 INFO  statemachine.StateMachine (ArithmeticStateMachine.java:applyTransaction(181)) - LEADER:s11-9: b = null = null
2024-12-14 12:23:20,925 INFO  statemachine.StateMachine (ArithmeticStateMachine.java:applyTransaction(181)) - LEADER:s11-11: c = null = null
2024-12-14 12:23:20,928 INFO  statemachine.StateMachine (ArithmeticStateMachine.java:applyTransaction(181)) - LEADER:s11-13: a = 25 = 25
2024-12-14 12:23:20,932 INFO  statemachine.StateMachine (ArithmeticStateMachine.java:applyTransaction(181)) - LEADER:s11-15: b = 312 = 312
2024-12-14 12:23:20,936 INFO  statemachine.StateMachine (ArithmeticStateMachine.java:applyTransaction(181)) - LEADER:s11-17: c = √(a^2 + b^2) = 313
2024-12-14 12:23:20,939 INFO  statemachine.StateMachine (ArithmeticStateMachine.java:applyTransaction(181)) - LEADER:s11-19: a = null = null
2024-12-14 12:23:20,942 INFO  statemachine.StateMachine (ArithmeticStateMachine.java:applyTransaction(181)) - LEADER:s11-21: b = null = null
2024-12-14 12:23:20,945 INFO  statemachine.StateMachine (ArithmeticStateMachine.java:applyTransaction(181)) - LEADER:s11-23: c = null = null
2024-12-14 12:23:20,948 INFO  statemachine.StateMachine (ArithmeticStateMachine.java:applyTransaction(181)) - LEADER:s11-25: a = 27 = 27
2024-12-14 12:23:20,951 INFO  statemachine.StateMachine (ArithmeticStateMachine.java:applyTransaction(181)) - LEADER:s11-27: b = 364 = 364
2024-12-14 12:23:20,955 INFO  statemachine.StateMachine (ArithmeticStateMachine.java:applyTransaction(181)) - LEADER:s11-29: c = √(a^2 + b^2) = 365
2024-12-14 12:23:20,958 INFO  statemachine.StateMachine (ArithmeticStateMachine.java:applyTransaction(181)) - LEADER:s11-31: a = null = null
2024-12-14 12:23:20,961 INFO  statemachine.StateMachine (ArithmeticStateMachine.java:applyTransaction(181)) - LEADER:s11-33: b = null = null
2024-12-14 12:23:20,963 INFO  statemachine.StateMachine (ArithmeticStateMachine.java:applyTransaction(181)) - LEADER:s11-35: c = null = null
2024-12-14 12:23:20,967 INFO  statemachine.StateMachine (ArithmeticStateMachine.java:applyTransaction(181)) - LEADER:s11-37: a = 29 = 29
2024-12-14 12:23:20,970 INFO  statemachine.StateMachine (ArithmeticStateMachine.java:applyTransaction(181)) - LEADER:s11-39: b = 420 = 420
2024-12-14 12:23:20,972 INFO  statemachine.StateMachine (ArithmeticStateMachine.java:applyTransaction(181)) - LEADER:s11-41: c = √(a^2 + b^2) = 421
2024-12-14 12:23:20,974 INFO  statemachine.StateMachine (ArithmeticStateMachine.java:applyTransaction(181)) - LEADER:s11-43: a = null = null
2024-12-14 12:23:20,977 INFO  statemachine.StateMachine (ArithmeticStateMachine.java:applyTransaction(181)) - LEADER:s11-45: b = null = null
2024-12-14 12:23:20,980 INFO  statemachine.StateMachine (ArithmeticStateMachine.java:applyTransaction(181)) - LEADER:s11-47: c = null = null
2024-12-14 12:23:20,983 INFO  statemachine.StateMachine (ArithmeticStateMachine.java:applyTransaction(181)) - LEADER:s11-49: a = 31 = 31
2024-12-14 12:23:20,986 INFO  statemachine.StateMachine (ArithmeticStateMachine.java:applyTransaction(181)) - LEADER:s11-51: b = 480 = 480
2024-12-14 12:23:20,988 INFO  statemachine.StateMachine (ArithmeticStateMachine.java:applyTransaction(181)) - LEADER:s11-53: c = √(a^2 + b^2) = 481
2024-12-14 12:23:20,991 INFO  statemachine.StateMachine (ArithmeticStateMachine.java:applyTransaction(181)) - LEADER:s11-55: a = null = null
2024-12-14 12:23:20,993 INFO  statemachine.StateMachine (ArithmeticStateMachine.java:applyTransaction(181)) - LEADER:s11-57: b = null = null
2024-12-14 12:23:20,996 INFO  statemachine.StateMachine (ArithmeticStateMachine.java:applyTransaction(181)) - LEADER:s11-59: c = null = null
2024-12-14 12:23:20,998 INFO  statemachine.StateMachine (ArithmeticStateMachine.java:applyTransaction(181)) - LEADER:s11-61: a = 33 = 33
2024-12-14 12:23:21,001 INFO  statemachine.StateMachine (ArithmeticStateMachine.java:applyTransaction(181)) - LEADER:s11-63: b = 544 = 544
2024-12-14 12:23:21,004 INFO  statemachine.StateMachine (ArithmeticStateMachine.java:applyTransaction(181)) - LEADER:s11-65: c = √(a^2 + b^2) = 545
2024-12-14 12:23:21,006 INFO  statemachine.StateMachine (ArithmeticStateMachine.java:applyTransaction(181)) - LEADER:s11-67: a = null = null
2024-12-14 12:23:21,008 INFO  statemachine.StateMachine (ArithmeticStateMachine.java:applyTransaction(181)) - LEADER:s11-69: b = null = null
2024-12-14 12:23:21,011 INFO  statemachine.StateMachine (ArithmeticStateMachine.java:applyTransaction(181)) - LEADER:s11-71: c = null = null
2024-12-14 12:23:21,015 INFO  statemachine.StateMachine (ArithmeticStateMachine.java:applyTransaction(181)) - LEADER:s11-73: a = 35 = 35
2024-12-14 12:23:21,017 INFO  statemachine.StateMachine (ArithmeticStateMachine.java:applyTransaction(181)) - LEADER:s11-75: b = 612 = 612
2024-12-14 12:23:21,020 INFO  statemachine.StateMachine (ArithmeticStateMachine.java:applyTransaction(181)) - LEADER:s11-77: c = √(a^2 + b^2) = 613
2024-12-14 12:23:21,024 INFO  statemachine.StateMachine (ArithmeticStateMachine.java:applyTransaction(181)) - LEADER:s11-79: a = null = null
2024-12-14 12:23:21,027 INFO  statemachine.StateMachine (ArithmeticStateMachine.java:applyTransaction(181)) - LEADER:s11-81: b = null = null
2024-12-14 12:23:21,029 INFO  statemachine.StateMachine (ArithmeticStateMachine.java:applyTransaction(181)) - LEADER:s11-83: c = null = null
2024-12-14 12:23:21,032 INFO  statemachine.StateMachine (ArithmeticStateMachine.java:applyTransaction(181)) - LEADER:s11-85: a = 37 = 37
2024-12-14 12:23:21,034 INFO  statemachine.StateMachine (ArithmeticStateMachine.java:applyTransaction(181)) - LEADER:s11-87: b = 684 = 684
2024-12-14 12:23:21,037 INFO  statemachine.StateMachine (ArithmeticStateMachine.java:applyTransaction(181)) - LEADER:s11-89: c = √(a^2 + b^2) = 685
2024-12-14 12:23:21,039 INFO  statemachine.StateMachine (ArithmeticStateMachine.java:applyTransaction(181)) - LEADER:s11-91: a = null = null
2024-12-14 12:23:21,042 INFO  statemachine.StateMachine (ArithmeticStateMachine.java:applyTransaction(181)) - LEADER:s11-93: b = null = null
2024-12-14 12:23:21,044 INFO  statemachine.StateMachine (ArithmeticStateMachine.java:applyTransaction(181)) - LEADER:s11-95: c = null = null
2024-12-14 12:23:21,047 INFO  statemachine.StateMachine (ArithmeticStateMachine.java:applyTransaction(181)) - LEADER:s11-97: a = 39 = 39
2024-12-14 12:23:21,050 INFO  statemachine.StateMachine (ArithmeticStateMachine.java:applyTransaction(181)) - LEADER:s11-99: b = 760 = 760
2024-12-14 12:23:21,053 INFO  statemachine.StateMachine (ArithmeticStateMachine.java:applyTransaction(181)) - LEADER:s11-101: c = √(a^2 + b^2) = 761
2024-12-14 12:23:21,055 INFO  statemachine.StateMachine (ArithmeticStateMachine.java:applyTransaction(181)) - LEADER:s11-103: a = null = null
2024-12-14 12:23:21,058 INFO  statemachine.StateMachine (ArithmeticStateMachine.java:applyTransaction(181)) - LEADER:s11-105: b = null = null
2024-12-14 12:23:21,061 INFO  statemachine.StateMachine (ArithmeticStateMachine.java:applyTransaction(181)) - LEADER:s11-107: c = null = null
2024-12-14 12:23:21,063 INFO  statemachine.StateMachine (ArithmeticStateMachine.java:applyTransaction(181)) - LEADER:s11-109: a = 41 = 41
2024-12-14 12:23:21,066 INFO  statemachine.StateMachine (ArithmeticStateMachine.java:applyTransaction(181)) - LEADER:s11-111: b = 840 = 840
2024-12-14 12:23:21,068 INFO  statemachine.StateMachine (ArithmeticStateMachine.java:applyTransaction(181)) - LEADER:s11-113: c = √(a^2 + b^2) = 841
2024-12-14 12:23:21,071 INFO  statemachine.StateMachine (ArithmeticStateMachine.java:applyTransaction(181)) - LEADER:s11-115: a = null = null
2024-12-14 12:23:21,073 INFO  statemachine.StateMachine (ArithmeticStateMachine.java:applyTransaction(181)) - LEADER:s11-117: b = null = null
2024-12-14 12:23:21,076 INFO  statemachine.StateMachine (ArithmeticStateMachine.java:applyTransaction(181)) - LEADER:s11-119: c = null = null
2024-12-14 12:23:21,076 INFO  impl.GroupManagementBaseTest (GroupManagementBaseTest.java:runMultiGroupTest(281)) - 2) starting group-4E8C8EA4E78F:[s3, s14, s2]
2024-12-14 12:23:21,078 INFO  server.RaftServer (RaftServerProxy.java:addNew(101)) - s14: addNew group-4E8C8EA4E78F:[s3, s14, s2] returns group-4E8C8EA4E78F:java.util.concurrent.CompletableFuture@2183fe59[Not completed]
2024-12-14 12:23:21,078 INFO  server.RaftServer$Division (RaftServerImpl.java:<init>(256)) - s14: new RaftServerImpl for group-4E8C8EA4E78F:[s3, s14, s2] with ArithmeticStateMachine:uninitialized
2024-12-14 12:23:21,078 INFO  server.RaftServerConfigKeys (ConfUtils.java:logGet(46)) - raft.server.rpc.timeout.min = 300ms (custom)
2024-12-14 12:23:21,078 INFO  server.RaftServerConfigKeys (ConfUtils.java:logGet(46)) - raft.server.rpc.timeout.max = 600ms (custom)
2024-12-14 12:23:21,078 INFO  server.RaftServerConfigKeys (ConfUtils.java:logGet(46)) - raft.server.rpc.sleep.time = 25ms (default)
2024-12-14 12:23:21,078 INFO  server.RaftServerConfigKeys (ConfUtils.java:logGet(46)) - raft.server.rpc.slowness.timeout = 60s (default)
2024-12-14 12:23:21,078 INFO  server.RaftServerConfigKeys (ConfUtils.java:logGet(46)) - raft.server.leaderelection.leader.step-down.wait-time = 10s (default)
2024-12-14 12:23:21,078 INFO  server.RaftServerConfigKeys (ConfUtils.java:logGet(46)) - raft.server.leaderelection.member.majority-add = false (default)
2024-12-14 12:23:21,079 INFO  server.RaftServerConfigKeys (ConfUtils.java:logGet(46)) - raft.server.sleep.deviation.threshold = 300ms (default)
2024-12-14 12:23:21,079 INFO  server.RaftServer$Division (ServerState.java:<init>(114)) - s14@group-4E8C8EA4E78F: ConfigurationManager, init=conf: {index: -1, cur=peers:[s3, s14, s2]|listeners:[], old=null}, confs=<EMPTY_MAP>
2024-12-14 12:23:21,079 INFO  server.RaftServerConfigKeys (ConfUtils.java:logGet(46)) - raft.server.notification.no-leader.timeout = 60s (default)
2024-12-14 12:23:21,079 INFO  server.RaftServerConfigKeys (ConfUtils.java:logGet(46)) - raft.server.read.timeout = 10s (default)
2024-12-14 12:23:21,079 INFO  server.RaftServerConfigKeys (ConfUtils.java:logGet(46)) - raft.server.retrycache.expirytime = 60s (default)
2024-12-14 12:23:21,079 INFO  server.RaftServerConfigKeys (ConfUtils.java:logGet(46)) - raft.server.retrycache.statistics.expirytime = 100ms (default)
2024-12-14 12:23:21,079 INFO  server.RaftServerConfigKeys (ConfUtils.java:logGet(46)) - raft.server.read.option = DEFAULT (default)
2024-12-14 12:23:21,079 INFO  server.RaftServerConfigKeys (ConfUtils.java:logGet(46)) - raft.server.read.read-after-write-consistent.write-index-cache.expiry-time = 60s (default)
2024-12-14 12:23:21,080 INFO  server.RaftServerConfigKeys (ConfUtils.java:logGet(46)) - raft.server.rpc.request.timeout = 3000ms (default)
2024-12-14 12:23:21,081 INFO  server.RaftServerConfigKeys (ConfUtils.java:logGet(46)) - raft.server.log.appender.install.snapshot.enabled = true (default)
2024-12-14 12:23:21,081 INFO  server.RaftServerConfigKeys (ConfUtils.java:logGet(46)) - raft.server.threadpool.server.cached = true (default)
2024-12-14 12:23:21,081 INFO  server.RaftServerConfigKeys (ConfUtils.java:logGet(46)) - raft.server.threadpool.server.size = 0 (default)
2024-12-14 12:23:21,081 INFO  server.RaftServerConfigKeys (ConfUtils.java:logGet(46)) - raft.server.threadpool.client.cached = true (default)
2024-12-14 12:23:21,081 INFO  server.RaftServerConfigKeys (ConfUtils.java:logGet(46)) - raft.server.threadpool.client.size = 0 (default)
2024-12-14 12:23:21,081 INFO  server.RaftServerConfigKeys (ConfUtils.java:logGet(46)) - raft.server.storage.free-space.min = 0MB (=0) (default)
2024-12-14 12:23:21,081 INFO  server.RaftServerConfigKeys (ConfUtils.java:logGet(46)) - raft.server.log.corruption.policy = EXCEPTION (default)
2024-12-14 12:23:21,081 INFO  server.RaftServerConfigKeys (ConfUtils.java:logGet(46)) - raft.server.storage.dir = [/home/runner/work/ratis/ratis/ratis-examples/target/test/data/da5193cb/MiniRaftClusterWithSimulatedRpced10c1e3/s14] (custom)
2024-12-14 12:23:21,082 INFO  storage.RaftStorageDirectory (RaftStorageDirectoryImpl.java:analyzeStorage(138)) - The storage directory /home/runner/work/ratis/ratis/ratis-examples/target/test/data/da5193cb/MiniRaftClusterWithSimulatedRpced10c1e3/s14/4ab7e727-f211-4630-9abd-4e8c8ea4e78f does not exist. Creating ...
2024-12-14 12:23:21,082 TRACE util.FileUtils (LogUtils.java:runAndLog(49)) - Successfully ran Files.createDirectories /home/runner/work/ratis/ratis/ratis-examples/target/test/data/da5193cb/MiniRaftClusterWithSimulatedRpced10c1e3/s14/4ab7e727-f211-4630-9abd-4e8c8ea4e78f
2024-12-14 12:23:21,083 INFO  storage.RaftStorageDirectory (RaftStorageDirectoryImpl.java:tryLock(229)) - Lock on /home/runner/work/ratis/ratis/ratis-examples/target/test/data/da5193cb/MiniRaftClusterWithSimulatedRpced10c1e3/s14/4ab7e727-f211-4630-9abd-4e8c8ea4e78f/in_use.lock acquired by nodename 14700@fv-az733-880
2024-12-14 12:23:21,083 TRACE util.FileUtils (LogUtils.java:runAndLog(49)) - Successfully ran Files.createDirectories /home/runner/work/ratis/ratis/ratis-examples/target/test/data/da5193cb/MiniRaftClusterWithSimulatedRpced10c1e3/s14/4ab7e727-f211-4630-9abd-4e8c8ea4e78f/current
2024-12-14 12:23:21,083 TRACE util.FileUtils (LogUtils.java:runAndLog(49)) - Successfully ran Files.createDirectories /home/runner/work/ratis/ratis/ratis-examples/target/test/data/da5193cb/MiniRaftClusterWithSimulatedRpced10c1e3/s14/4ab7e727-f211-4630-9abd-4e8c8ea4e78f/sm
2024-12-14 12:23:21,083 TRACE util.FileUtils (LogUtils.java:supplyAndLog(69)) - Successfully supplied FileChannel.open /home/runner/work/ratis/ratis/ratis-examples/target/test/data/da5193cb/MiniRaftClusterWithSimulatedRpced10c1e3/s14/4ab7e727-f211-4630-9abd-4e8c8ea4e78f/current/raft-meta.tmp with options [CREATE, WRITE]: sun.nio.ch.FileChannelImpl@7ef41fab
2024-12-14 12:23:21,085 TRACE util.FileUtils (LogUtils.java:runAndLog(49)) - Successfully ran Atomic Files.move /home/runner/work/ratis/ratis/ratis-examples/target/test/data/da5193cb/MiniRaftClusterWithSimulatedRpced10c1e3/s14/4ab7e727-f211-4630-9abd-4e8c8ea4e78f/current/raft-meta.tmp to /home/runner/work/ratis/ratis/ratis-examples/target/test/data/da5193cb/MiniRaftClusterWithSimulatedRpced10c1e3/s14/4ab7e727-f211-4630-9abd-4e8c8ea4e78f/current/raft-meta with options [REPLACE_EXISTING]
2024-12-14 12:23:21,085 INFO  storage.RaftStorage (RaftStorageImpl.java:format(98)) - Storage directory /home/runner/work/ratis/ratis/ratis-examples/target/test/data/da5193cb/MiniRaftClusterWithSimulatedRpced10c1e3/s14/4ab7e727-f211-4630-9abd-4e8c8ea4e78f has been successfully formatted.
2024-12-14 12:23:21,085 WARN  statemachine.StateMachine (ArithmeticStateMachine.java:loadSnapshot(115)) - The snapshot info is null.
2024-12-14 12:23:21,085 INFO  server.RaftServerConfigKeys (ConfUtils.java:logGet(46)) - raft.server.log.use.memory = false (default)
2024-12-14 12:23:21,085 INFO  server.RaftServerConfigKeys (ConfUtils.java:logGet(46)) - raft.server.log.purge.gap = 1024 (default)
2024-12-14 12:23:21,085 INFO  server.RaftServerConfigKeys (ConfUtils.java:logGet(46)) - raft.server.log.appender.buffer.byte-limit = 4MB (=4194304) (default)
2024-12-14 12:23:21,085 INFO  server.RaftServerConfigKeys (ConfUtils.java:logGet(46)) - raft.server.log.statemachine.data.read.timeout = 1000ms (default)
2024-12-14 12:23:21,085 INFO  server.RaftServerConfigKeys (ConfUtils.java:logGet(46)) - raft.server.log.purge.preservation.log.num = 0 (default)
2024-12-14 12:23:21,086 INFO  server.RaftServerConfigKeys (ConfUtils.java:logGet(46)) - raft.server.log.segment.size.max = 32MB (=33554432) (default)
2024-12-14 12:23:21,086 INFO  server.RaftServerConfigKeys (ConfUtils.java:logGet(46)) - raft.server.log.segment.cache.num.max = 6 (default)
2024-12-14 12:23:21,086 INFO  server.RaftServerConfigKeys (ConfUtils.java:logGet(46)) - raft.server.log.segment.cache.size.max = 200MB (=209715200) (default)
2024-12-14 12:23:21,086 INFO  server.RaftServerConfigKeys (ConfUtils.java:logGet(46)) - raft.server.log.appender.buffer.byte-limit = 4MB (=4194304) (default)
2024-12-14 12:23:21,086 INFO  util.AwaitToRun (AwaitToRun.java:start(81)) - Thread[s14@group-4E8C8EA4E78F-cacheEviction-AwaitToRun,5,main] started
2024-12-14 12:23:21,086 INFO  segmented.SegmentedRaftLogWorker (SegmentedRaftLogWorker.java:<init>(189)) - new s14@group-4E8C8EA4E78F-SegmentedRaftLogWorker for RaftStorageImpl:Storage Directory /home/runner/work/ratis/ratis/ratis-examples/target/test/data/da5193cb/MiniRaftClusterWithSimulatedRpced10c1e3/s14/4ab7e727-f211-4630-9abd-4e8c8ea4e78f
2024-12-14 12:23:21,086 INFO  server.RaftServerConfigKeys (ConfUtils.java:logGet(46)) - raft.server.log.queue.byte-limit = 64MB (=67108864) (default)
2024-12-14 12:23:21,086 INFO  server.RaftServerConfigKeys (ConfUtils.java:logGet(46)) - raft.server.log.queue.element-limit = 4096 (default)
2024-12-14 12:23:21,086 INFO  server.RaftServerConfigKeys (ConfUtils.java:logGet(46)) - raft.server.log.segment.size.max = 32MB (=33554432) (default)
2024-12-14 12:23:21,086 INFO  server.RaftServerConfigKeys (ConfUtils.java:logGet(46)) - raft.server.log.preallocated.size = 4MB (=4194304) (default)
2024-12-14 12:23:21,086 INFO  server.RaftServerConfigKeys (ConfUtils.java:logGet(46)) - raft.server.log.force.sync.num = 128 (default)
2024-12-14 12:23:21,087 INFO  server.RaftServerConfigKeys (ConfUtils.java:logGet(46)) - raft.server.log.statemachine.data.sync = true (default)
2024-12-14 12:23:21,087 INFO  server.RaftServerConfigKeys (ConfUtils.java:logGet(46)) - raft.server.log.statemachine.data.sync.timeout = 10s (default)
2024-12-14 12:23:21,087 INFO  server.RaftServerConfigKeys (ConfUtils.java:logGet(46)) - raft.server.log.statemachine.data.sync.timeout.retry = -1 (default)
2024-12-14 12:23:21,087 INFO  server.RaftServerConfigKeys (ConfUtils.java:logGet(46)) - raft.server.log.write.buffer.size = 8MB (=8388608) (default)
2024-12-14 12:23:21,088 INFO  server.RaftServerConfigKeys (ConfUtils.java:logGet(46)) - raft.server.log.appender.buffer.byte-limit = 4MB (=4194304) (default)
2024-12-14 12:23:21,088 INFO  server.RaftServerConfigKeys (ConfUtils.java:logGet(46)) - raft.server.log.unsafe-flush.enabled = false (default)
2024-12-14 12:23:21,088 INFO  server.RaftServerConfigKeys (ConfUtils.java:logGet(46)) - raft.server.log.async-flush.enabled = false (default)
2024-12-14 12:23:21,089 INFO  server.RaftServerConfigKeys (ConfUtils.java:logGet(46)) - raft.server.log.statemachine.data.caching.enabled = false (default)
2024-12-14 12:23:21,089 INFO  segmented.SegmentedRaftLogWorker (SegmentedRaftLogWorker.java:lambda$new$0(140)) - s14@group-4E8C8EA4E78F-SegmentedRaftLogWorker: flushIndex: setUnconditionally 0 -> -1
2024-12-14 12:23:21,089 INFO  segmented.SegmentedRaftLogWorker (SegmentedRaftLogWorker.java:lambda$new$0(140)) - s14@group-4E8C8EA4E78F-SegmentedRaftLogWorker: safeCacheEvictIndex: setUnconditionally 0 -> -1
2024-12-14 12:23:21,089 INFO  server.RaftServer$Division (RaftServerImpl.java:start(392)) - s14@group-4E8C8EA4E78F: start as a follower, conf=conf: {index: -1, cur=peers:[s3, s14, s2]|listeners:[], old=null}
2024-12-14 12:23:21,089 INFO  server.RaftServer$Division (RaftServerImpl.java:setRole(379)) - s14@group-4E8C8EA4E78F: changes role from      null to FOLLOWER at term 0 for startAsFollower
2024-12-14 12:23:21,089 INFO  impl.RoleInfo (RoleInfo.java:updateAndGet(148)) - s14: start s14@group-4E8C8EA4E78F-FollowerState
2024-12-14 12:23:21,090 INFO  server.RaftServerConfigKeys (ConfUtils.java:logFallback(53)) - raft.server.rpc.first-election.timeout.min = 300ms (fallback to raft.server.rpc.timeout.min)
2024-12-14 12:23:21,090 INFO  util.JmxRegister (JmxRegister.java:tryRegister(44)) - Successfully registered JMX Bean with object name Ratis:service=RaftServer,group=group-4E8C8EA4E78F,id=s14
2024-12-14 12:23:21,090 INFO  util.JmxRegister (JmxRegister.java:register(58)) - register mxBean class org.apache.ratis.server.impl.RaftServerJmxAdapter as Ratis:service=RaftServer,group=group-4E8C8EA4E78F,id=s14
2024-12-14 12:23:21,090 INFO  server.RaftServerConfigKeys (ConfUtils.java:logFallback(53)) - raft.server.rpc.first-election.timeout.max = 600ms (fallback to raft.server.rpc.timeout.max)
2024-12-14 12:23:21,090 INFO  server.RaftServerConfigKeys (ConfUtils.java:logGet(46)) - raft.server.snapshot.trigger-when-stop.enabled = true (default)
2024-12-14 12:23:21,090 INFO  server.RaftServerConfigKeys (ConfUtils.java:logGet(46)) - raft.server.snapshot.trigger-when-remove.enabled = true (default)
2024-12-14 12:23:21,090 INFO  server.RaftServerConfigKeys (ConfUtils.java:logGet(46)) - raft.server.snapshot.auto.trigger.enabled = false (default)
2024-12-14 12:23:21,090 INFO  server.RaftServerConfigKeys (ConfUtils.java:logGet(46)) - raft.server.snapshot.retention.file.num = -1 (default)
2024-12-14 12:23:21,090 INFO  server.RaftServerConfigKeys (ConfUtils.java:logGet(46)) - raft.server.log.purge.upto.snapshot.index = false (default)
2024-12-14 12:23:21,091 INFO  server.RaftServer$Division (RaftServerImpl.java:start(406)) - s14@group-4E8C8EA4E78F: Successfully started.
2024-12-14 12:23:21,097 INFO  server.RaftServer (RaftServerProxy.java:addNew(101)) - s2: addNew group-4E8C8EA4E78F:[s3, s14, s2] returns group-4E8C8EA4E78F:java.util.concurrent.CompletableFuture@5873dc7d[Not completed]
2024-12-14 12:23:21,097 INFO  server.RaftServer$Division (RaftServerImpl.java:<init>(256)) - s2: new RaftServerImpl for group-4E8C8EA4E78F:[s3, s14, s2] with ArithmeticStateMachine:uninitialized
2024-12-14 12:23:21,097 INFO  server.RaftServerConfigKeys (ConfUtils.java:logGet(46)) - raft.server.rpc.timeout.min = 300ms (custom)
2024-12-14 12:23:21,097 INFO  server.RaftServerConfigKeys (ConfUtils.java:logGet(46)) - raft.server.rpc.timeout.max = 600ms (custom)
2024-12-14 12:23:21,097 INFO  server.RaftServerConfigKeys (ConfUtils.java:logGet(46)) - raft.server.rpc.sleep.time = 25ms (default)
2024-12-14 12:23:21,097 INFO  server.RaftServerConfigKeys (ConfUtils.java:logGet(46)) - raft.server.rpc.slowness.timeout = 60s (default)
2024-12-14 12:23:21,097 INFO  server.RaftServerConfigKeys (ConfUtils.java:logGet(46)) - raft.server.leaderelection.leader.step-down.wait-time = 10s (default)
2024-12-14 12:23:21,097 INFO  server.RaftServerConfigKeys (ConfUtils.java:logGet(46)) - raft.server.leaderelection.member.majority-add = false (default)
2024-12-14 12:23:21,097 INFO  server.RaftServerConfigKeys (ConfUtils.java:logGet(46)) - raft.server.sleep.deviation.threshold = 300ms (default)
2024-12-14 12:23:21,097 INFO  server.RaftServer$Division (ServerState.java:<init>(114)) - s2@group-4E8C8EA4E78F: ConfigurationManager, init=conf: {index: -1, cur=peers:[s3, s14, s2]|listeners:[], old=null}, confs=<EMPTY_MAP>
2024-12-14 12:23:21,097 INFO  server.RaftServerConfigKeys (ConfUtils.java:logGet(46)) - raft.server.notification.no-leader.timeout = 60s (default)
2024-12-14 12:23:21,098 INFO  server.RaftServerConfigKeys (ConfUtils.java:logGet(46)) - raft.server.read.timeout = 10s (default)
2024-12-14 12:23:21,098 INFO  server.RaftServerConfigKeys (ConfUtils.java:logGet(46)) - raft.server.retrycache.expirytime = 60s (default)
2024-12-14 12:23:21,098 INFO  server.RaftServerConfigKeys (ConfUtils.java:logGet(46)) - raft.server.retrycache.statistics.expirytime = 100ms (default)
2024-12-14 12:23:21,098 INFO  server.RaftServerConfigKeys (ConfUtils.java:logGet(46)) - raft.server.read.option = DEFAULT (default)
2024-12-14 12:23:21,098 INFO  server.RaftServerConfigKeys (ConfUtils.java:logGet(46)) - raft.server.read.read-after-write-consistent.write-index-cache.expiry-time = 60s (default)
2024-12-14 12:23:21,099 INFO  server.RaftServerConfigKeys (ConfUtils.java:logGet(46)) - raft.server.rpc.request.timeout = 3000ms (default)
2024-12-14 12:23:21,099 INFO  server.RaftServerConfigKeys (ConfUtils.java:logGet(46)) - raft.server.log.appender.install.snapshot.enabled = true (default)
2024-12-14 12:23:21,099 INFO  server.RaftServerConfigKeys (ConfUtils.java:logGet(46)) - raft.server.threadpool.server.cached = true (default)
2024-12-14 12:23:21,099 INFO  server.RaftServerConfigKeys (ConfUtils.java:logGet(46)) - raft.server.threadpool.server.size = 0 (default)
2024-12-14 12:23:21,100 INFO  server.RaftServerConfigKeys (ConfUtils.java:logGet(46)) - raft.server.threadpool.client.cached = true (default)
2024-12-14 12:23:21,100 INFO  server.RaftServerConfigKeys (ConfUtils.java:logGet(46)) - raft.server.threadpool.client.size = 0 (default)
2024-12-14 12:23:21,100 INFO  server.RaftServerConfigKeys (ConfUtils.java:logGet(46)) - raft.server.storage.free-space.min = 0MB (=0) (default)
2024-12-14 12:23:21,100 INFO  server.RaftServerConfigKeys (ConfUtils.java:logGet(46)) - raft.server.log.corruption.policy = EXCEPTION (default)
2024-12-14 12:23:21,100 INFO  server.RaftServerConfigKeys (ConfUtils.java:logGet(46)) - raft.server.storage.dir = [/home/runner/work/ratis/ratis/ratis-examples/target/test/data/da5193cb/MiniRaftClusterWithSimulatedRpced10c1e3/s2] (custom)
2024-12-14 12:23:21,100 INFO  storage.RaftStorageDirectory (RaftStorageDirectoryImpl.java:analyzeStorage(138)) - The storage directory /home/runner/work/ratis/ratis/ratis-examples/target/test/data/da5193cb/MiniRaftClusterWithSimulatedRpced10c1e3/s2/4ab7e727-f211-4630-9abd-4e8c8ea4e78f does not exist. Creating ...
2024-12-14 12:23:21,100 TRACE util.FileUtils (LogUtils.java:runAndLog(49)) - Successfully ran Files.createDirectories /home/runner/work/ratis/ratis/ratis-examples/target/test/data/da5193cb/MiniRaftClusterWithSimulatedRpced10c1e3/s2/4ab7e727-f211-4630-9abd-4e8c8ea4e78f
2024-12-14 12:23:21,102 INFO  storage.RaftStorageDirectory (RaftStorageDirectoryImpl.java:tryLock(229)) - Lock on /home/runner/work/ratis/ratis/ratis-examples/target/test/data/da5193cb/MiniRaftClusterWithSimulatedRpced10c1e3/s2/4ab7e727-f211-4630-9abd-4e8c8ea4e78f/in_use.lock acquired by nodename 14700@fv-az733-880
2024-12-14 12:23:21,102 TRACE util.FileUtils (LogUtils.java:runAndLog(49)) - Successfully ran Files.createDirectories /home/runner/work/ratis/ratis/ratis-examples/target/test/data/da5193cb/MiniRaftClusterWithSimulatedRpced10c1e3/s2/4ab7e727-f211-4630-9abd-4e8c8ea4e78f/current
2024-12-14 12:23:21,102 TRACE util.FileUtils (LogUtils.java:runAndLog(49)) - Successfully ran Files.createDirectories /home/runner/work/ratis/ratis/ratis-examples/target/test/data/da5193cb/MiniRaftClusterWithSimulatedRpced10c1e3/s2/4ab7e727-f211-4630-9abd-4e8c8ea4e78f/sm
2024-12-14 12:23:21,102 TRACE util.FileUtils (LogUtils.java:supplyAndLog(69)) - Successfully supplied FileChannel.open /home/runner/work/ratis/ratis/ratis-examples/target/test/data/da5193cb/MiniRaftClusterWithSimulatedRpced10c1e3/s2/4ab7e727-f211-4630-9abd-4e8c8ea4e78f/current/raft-meta.tmp with options [CREATE, WRITE]: sun.nio.ch.FileChannelImpl@25dcd29
2024-12-14 12:23:21,103 TRACE util.FileUtils (LogUtils.java:runAndLog(49)) - Successfully ran Atomic Files.move /home/runner/work/ratis/ratis/ratis-examples/target/test/data/da5193cb/MiniRaftClusterWithSimulatedRpced10c1e3/s2/4ab7e727-f211-4630-9abd-4e8c8ea4e78f/current/raft-meta.tmp to /home/runner/work/ratis/ratis/ratis-examples/target/test/data/da5193cb/MiniRaftClusterWithSimulatedRpced10c1e3/s2/4ab7e727-f211-4630-9abd-4e8c8ea4e78f/current/raft-meta with options [REPLACE_EXISTING]
2024-12-14 12:23:21,103 INFO  storage.RaftStorage (RaftStorageImpl.java:format(98)) - Storage directory /home/runner/work/ratis/ratis/ratis-examples/target/test/data/da5193cb/MiniRaftClusterWithSimulatedRpced10c1e3/s2/4ab7e727-f211-4630-9abd-4e8c8ea4e78f has been successfully formatted.
2024-12-14 12:23:21,103 WARN  statemachine.StateMachine (ArithmeticStateMachine.java:loadSnapshot(115)) - The snapshot info is null.
2024-12-14 12:23:21,103 INFO  server.RaftServerConfigKeys (ConfUtils.java:logGet(46)) - raft.server.log.use.memory = false (default)
2024-12-14 12:23:21,104 INFO  server.RaftServerConfigKeys (ConfUtils.java:logGet(46)) - raft.server.log.purge.gap = 1024 (default)
2024-12-14 12:23:21,104 INFO  server.RaftServerConfigKeys (ConfUtils.java:logGet(46)) - raft.server.log.appender.buffer.byte-limit = 4MB (=4194304) (default)
2024-12-14 12:23:21,104 INFO  server.RaftServerConfigKeys (ConfUtils.java:logGet(46)) - raft.server.log.statemachine.data.read.timeout = 1000ms (default)
2024-12-14 12:23:21,104 INFO  server.RaftServerConfigKeys (ConfUtils.java:logGet(46)) - raft.server.log.purge.preservation.log.num = 0 (default)
2024-12-14 12:23:21,104 INFO  server.RaftServerConfigKeys (ConfUtils.java:logGet(46)) - raft.server.log.segment.size.max = 32MB (=33554432) (default)
2024-12-14 12:23:21,104 INFO  server.RaftServerConfigKeys (ConfUtils.java:logGet(46)) - raft.server.log.segment.cache.num.max = 6 (default)
2024-12-14 12:23:21,104 INFO  server.RaftServerConfigKeys (ConfUtils.java:logGet(46)) - raft.server.log.segment.cache.size.max = 200MB (=209715200) (default)
2024-12-14 12:23:21,104 INFO  server.RaftServerConfigKeys (ConfUtils.java:logGet(46)) - raft.server.log.appender.buffer.byte-limit = 4MB (=4194304) (default)
2024-12-14 12:23:21,105 INFO  util.AwaitToRun (AwaitToRun.java:start(81)) - Thread[s2@group-4E8C8EA4E78F-cacheEviction-AwaitToRun,5,main] started
2024-12-14 12:23:21,105 INFO  segmented.SegmentedRaftLogWorker (SegmentedRaftLogWorker.java:<init>(189)) - new s2@group-4E8C8EA4E78F-SegmentedRaftLogWorker for RaftStorageImpl:Storage Directory /home/runner/work/ratis/ratis/ratis-examples/target/test/data/da5193cb/MiniRaftClusterWithSimulatedRpced10c1e3/s2/4ab7e727-f211-4630-9abd-4e8c8ea4e78f
2024-12-14 12:23:21,105 INFO  server.RaftServerConfigKeys (ConfUtils.java:logGet(46)) - raft.server.log.queue.byte-limit = 64MB (=67108864) (default)
2024-12-14 12:23:21,105 INFO  server.RaftServerConfigKeys (ConfUtils.java:logGet(46)) - raft.server.log.queue.element-limit = 4096 (default)
2024-12-14 12:23:21,105 INFO  server.RaftServerConfigKeys (ConfUtils.java:logGet(46)) - raft.server.log.segment.size.max = 32MB (=33554432) (default)
2024-12-14 12:23:21,105 INFO  server.RaftServerConfigKeys (ConfUtils.java:logGet(46)) - raft.server.log.preallocated.size = 4MB (=4194304) (default)
2024-12-14 12:23:21,105 INFO  server.RaftServerConfigKeys (ConfUtils.java:logGet(46)) - raft.server.log.force.sync.num = 128 (default)
2024-12-14 12:23:21,105 INFO  server.RaftServerConfigKeys (ConfUtils.java:logGet(46)) - raft.server.log.statemachine.data.sync = true (default)
2024-12-14 12:23:21,106 INFO  server.RaftServerConfigKeys (ConfUtils.java:logGet(46)) - raft.server.log.statemachine.data.sync.timeout = 10s (default)
2024-12-14 12:23:21,106 INFO  server.RaftServerConfigKeys (ConfUtils.java:logGet(46)) - raft.server.log.statemachine.data.sync.timeout.retry = -1 (default)
2024-12-14 12:23:21,106 INFO  server.RaftServerConfigKeys (ConfUtils.java:logGet(46)) - raft.server.log.write.buffer.size = 8MB (=8388608) (default)
2024-12-14 12:23:21,108 INFO  server.RaftServerConfigKeys (ConfUtils.java:logGet(46)) - raft.server.log.appender.buffer.byte-limit = 4MB (=4194304) (default)
2024-12-14 12:23:21,108 INFO  server.RaftServerConfigKeys (ConfUtils.java:logGet(46)) - raft.server.log.unsafe-flush.enabled = false (default)
2024-12-14 12:23:21,108 INFO  server.RaftServerConfigKeys (ConfUtils.java:logGet(46)) - raft.server.log.async-flush.enabled = false (default)
2024-12-14 12:23:21,108 INFO  server.RaftServerConfigKeys (ConfUtils.java:logGet(46)) - raft.server.log.statemachine.data.caching.enabled = false (default)
2024-12-14 12:23:21,108 INFO  segmented.SegmentedRaftLogWorker (SegmentedRaftLogWorker.java:lambda$new$0(140)) - s2@group-4E8C8EA4E78F-SegmentedRaftLogWorker: flushIndex: setUnconditionally 0 -> -1
2024-12-14 12:23:21,108 INFO  segmented.SegmentedRaftLogWorker (SegmentedRaftLogWorker.java:lambda$new$0(140)) - s2@group-4E8C8EA4E78F-SegmentedRaftLogWorker: safeCacheEvictIndex: setUnconditionally 0 -> -1
2024-12-14 12:23:21,109 INFO  server.RaftServer$Division (RaftServerImpl.java:start(392)) - s2@group-4E8C8EA4E78F: start as a follower, conf=conf: {index: -1, cur=peers:[s3, s14, s2]|listeners:[], old=null}
2024-12-14 12:23:21,109 INFO  server.RaftServer$Division (RaftServerImpl.java:setRole(379)) - s2@group-4E8C8EA4E78F: changes role from      null to FOLLOWER at term 0 for startAsFollower
2024-12-14 12:23:21,109 INFO  impl.RoleInfo (RoleInfo.java:updateAndGet(148)) - s2: start s2@group-4E8C8EA4E78F-FollowerState
2024-12-14 12:23:21,109 INFO  util.JmxRegister (JmxRegister.java:tryRegister(44)) - Successfully registered JMX Bean with object name Ratis:service=RaftServer,group=group-4E8C8EA4E78F,id=s2
2024-12-14 12:23:21,109 INFO  util.JmxRegister (JmxRegister.java:register(58)) - register mxBean class org.apache.ratis.server.impl.RaftServerJmxAdapter as Ratis:service=RaftServer,group=group-4E8C8EA4E78F,id=s2
2024-12-14 12:23:21,109 INFO  server.RaftServerConfigKeys (ConfUtils.java:logFallback(53)) - raft.server.rpc.first-election.timeout.min = 300ms (fallback to raft.server.rpc.timeout.min)
2024-12-14 12:23:21,109 INFO  server.RaftServerConfigKeys (ConfUtils.java:logGet(46)) - raft.server.snapshot.trigger-when-stop.enabled = true (default)
2024-12-14 12:23:21,109 INFO  server.RaftServerConfigKeys (ConfUtils.java:logFallback(53)) - raft.server.rpc.first-election.timeout.max = 600ms (fallback to raft.server.rpc.timeout.max)
2024-12-14 12:23:21,110 INFO  server.RaftServerConfigKeys (ConfUtils.java:logGet(46)) - raft.server.snapshot.trigger-when-remove.enabled = true (default)
2024-12-14 12:23:21,110 INFO  server.RaftServerConfigKeys (ConfUtils.java:logGet(46)) - raft.server.snapshot.auto.trigger.enabled = false (default)
2024-12-14 12:23:21,110 INFO  server.RaftServerConfigKeys (ConfUtils.java:logGet(46)) - raft.server.snapshot.retention.file.num = -1 (default)
2024-12-14 12:23:21,110 INFO  server.RaftServerConfigKeys (ConfUtils.java:logGet(46)) - raft.server.log.purge.upto.snapshot.index = false (default)
2024-12-14 12:23:21,110 INFO  server.RaftServer$Division (RaftServerImpl.java:start(406)) - s2@group-4E8C8EA4E78F: Successfully started.
2024-12-14 12:23:21,111 INFO  server.RaftServer (RaftServerProxy.java:addNew(101)) - s3: addNew group-4E8C8EA4E78F:[s3, s14, s2] returns group-4E8C8EA4E78F:java.util.concurrent.CompletableFuture@4df5906b[Not completed]
2024-12-14 12:23:21,112 INFO  server.RaftServer$Division (RaftServerImpl.java:<init>(256)) - s3: new RaftServerImpl for group-4E8C8EA4E78F:[s3, s14, s2] with ArithmeticStateMachine:uninitialized
2024-12-14 12:23:21,112 INFO  server.RaftServerConfigKeys (ConfUtils.java:logGet(46)) - raft.server.rpc.timeout.min = 300ms (custom)
2024-12-14 12:23:21,112 INFO  server.RaftServerConfigKeys (ConfUtils.java:logGet(46)) - raft.server.rpc.timeout.max = 600ms (custom)
2024-12-14 12:23:21,112 INFO  server.RaftServerConfigKeys (ConfUtils.java:logGet(46)) - raft.server.rpc.sleep.time = 25ms (default)
2024-12-14 12:23:21,112 INFO  server.RaftServerConfigKeys (ConfUtils.java:logGet(46)) - raft.server.rpc.slowness.timeout = 60s (default)
2024-12-14 12:23:21,112 INFO  server.RaftServerConfigKeys (ConfUtils.java:logGet(46)) - raft.server.leaderelection.leader.step-down.wait-time = 10s (default)
2024-12-14 12:23:21,112 INFO  server.RaftServerConfigKeys (ConfUtils.java:logGet(46)) - raft.server.leaderelection.member.majority-add = false (default)
2024-12-14 12:23:21,112 INFO  server.RaftServerConfigKeys (ConfUtils.java:logGet(46)) - raft.server.sleep.deviation.threshold = 300ms (default)
2024-12-14 12:23:21,112 INFO  server.RaftServer$Division (ServerState.java:<init>(114)) - s3@group-4E8C8EA4E78F: ConfigurationManager, init=conf: {index: -1, cur=peers:[s3, s14, s2]|listeners:[], old=null}, confs=<EMPTY_MAP>
2024-12-14 12:23:21,112 INFO  server.RaftServerConfigKeys (ConfUtils.java:logGet(46)) - raft.server.notification.no-leader.timeout = 60s (default)
2024-12-14 12:23:21,112 INFO  server.RaftServerConfigKeys (ConfUtils.java:logGet(46)) - raft.server.read.timeout = 10s (default)
2024-12-14 12:23:21,112 INFO  server.RaftServerConfigKeys (ConfUtils.java:logGet(46)) - raft.server.retrycache.expirytime = 60s (default)
2024-12-14 12:23:21,112 INFO  server.RaftServerConfigKeys (ConfUtils.java:logGet(46)) - raft.server.retrycache.statistics.expirytime = 100ms (default)
2024-12-14 12:23:21,112 INFO  server.RaftServerConfigKeys (ConfUtils.java:logGet(46)) - raft.server.read.option = DEFAULT (default)
2024-12-14 12:23:21,113 INFO  server.RaftServerConfigKeys (ConfUtils.java:logGet(46)) - raft.server.read.read-after-write-consistent.write-index-cache.expiry-time = 60s (default)
2024-12-14 12:23:21,114 INFO  server.RaftServerConfigKeys (ConfUtils.java:logGet(46)) - raft.server.rpc.request.timeout = 3000ms (default)
2024-12-14 12:23:21,114 INFO  server.RaftServerConfigKeys (ConfUtils.java:logGet(46)) - raft.server.log.appender.install.snapshot.enabled = true (default)
2024-12-14 12:23:21,114 INFO  server.RaftServerConfigKeys (ConfUtils.java:logGet(46)) - raft.server.threadpool.server.cached = true (default)
2024-12-14 12:23:21,114 INFO  server.RaftServerConfigKeys (ConfUtils.java:logGet(46)) - raft.server.threadpool.server.size = 0 (default)
2024-12-14 12:23:21,114 INFO  server.RaftServerConfigKeys (ConfUtils.java:logGet(46)) - raft.server.threadpool.client.cached = true (default)
2024-12-14 12:23:21,114 INFO  server.RaftServerConfigKeys (ConfUtils.java:logGet(46)) - raft.server.threadpool.client.size = 0 (default)
2024-12-14 12:23:21,114 INFO  server.RaftServerConfigKeys (ConfUtils.java:logGet(46)) - raft.server.storage.free-space.min = 0MB (=0) (default)
2024-12-14 12:23:21,114 INFO  server.RaftServerConfigKeys (ConfUtils.java:logGet(46)) - raft.server.log.corruption.policy = EXCEPTION (default)
2024-12-14 12:23:21,114 INFO  server.RaftServerConfigKeys (ConfUtils.java:logGet(46)) - raft.server.storage.dir = [/home/runner/work/ratis/ratis/ratis-examples/target/test/data/da5193cb/MiniRaftClusterWithSimulatedRpced10c1e3/s3] (custom)
2024-12-14 12:23:21,115 INFO  storage.RaftStorageDirectory (RaftStorageDirectoryImpl.java:analyzeStorage(138)) - The storage directory /home/runner/work/ratis/ratis/ratis-examples/target/test/data/da5193cb/MiniRaftClusterWithSimulatedRpced10c1e3/s3/4ab7e727-f211-4630-9abd-4e8c8ea4e78f does not exist. Creating ...
2024-12-14 12:23:21,115 TRACE util.FileUtils (LogUtils.java:runAndLog(49)) - Successfully ran Files.createDirectories /home/runner/work/ratis/ratis/ratis-examples/target/test/data/da5193cb/MiniRaftClusterWithSimulatedRpced10c1e3/s3/4ab7e727-f211-4630-9abd-4e8c8ea4e78f
2024-12-14 12:23:21,116 INFO  storage.RaftStorageDirectory (RaftStorageDirectoryImpl.java:tryLock(229)) - Lock on /home/runner/work/ratis/ratis/ratis-examples/target/test/data/da5193cb/MiniRaftClusterWithSimulatedRpced10c1e3/s3/4ab7e727-f211-4630-9abd-4e8c8ea4e78f/in_use.lock acquired by nodename 14700@fv-az733-880
2024-12-14 12:23:21,116 TRACE util.FileUtils (LogUtils.java:runAndLog(49)) - Successfully ran Files.createDirectories /home/runner/work/ratis/ratis/ratis-examples/target/test/data/da5193cb/MiniRaftClusterWithSimulatedRpced10c1e3/s3/4ab7e727-f211-4630-9abd-4e8c8ea4e78f/current
2024-12-14 12:23:21,116 TRACE util.FileUtils (LogUtils.java:runAndLog(49)) - Successfully ran Files.createDirectories /home/runner/work/ratis/ratis/ratis-examples/target/test/data/da5193cb/MiniRaftClusterWithSimulatedRpced10c1e3/s3/4ab7e727-f211-4630-9abd-4e8c8ea4e78f/sm
2024-12-14 12:23:21,116 TRACE util.FileUtils (LogUtils.java:supplyAndLog(69)) - Successfully supplied FileChannel.open /home/runner/work/ratis/ratis/ratis-examples/target/test/data/da5193cb/MiniRaftClusterWithSimulatedRpced10c1e3/s3/4ab7e727-f211-4630-9abd-4e8c8ea4e78f/current/raft-meta.tmp with options [CREATE, WRITE]: sun.nio.ch.FileChannelImpl@1428c4aa
2024-12-14 12:23:21,118 TRACE util.FileUtils (LogUtils.java:runAndLog(49)) - Successfully ran Atomic Files.move /home/runner/work/ratis/ratis/ratis-examples/target/test/data/da5193cb/MiniRaftClusterWithSimulatedRpced10c1e3/s3/4ab7e727-f211-4630-9abd-4e8c8ea4e78f/current/raft-meta.tmp to /home/runner/work/ratis/ratis/ratis-examples/target/test/data/da5193cb/MiniRaftClusterWithSimulatedRpced10c1e3/s3/4ab7e727-f211-4630-9abd-4e8c8ea4e78f/current/raft-meta with options [REPLACE_EXISTING]
2024-12-14 12:23:21,118 INFO  storage.RaftStorage (RaftStorageImpl.java:format(98)) - Storage directory /home/runner/work/ratis/ratis/ratis-examples/target/test/data/da5193cb/MiniRaftClusterWithSimulatedRpced10c1e3/s3/4ab7e727-f211-4630-9abd-4e8c8ea4e78f has been successfully formatted.
2024-12-14 12:23:21,118 WARN  statemachine.StateMachine (ArithmeticStateMachine.java:loadSnapshot(115)) - The snapshot info is null.
2024-12-14 12:23:21,118 INFO  server.RaftServerConfigKeys (ConfUtils.java:logGet(46)) - raft.server.log.use.memory = false (default)
2024-12-14 12:23:21,118 INFO  server.RaftServerConfigKeys (ConfUtils.java:logGet(46)) - raft.server.log.purge.gap = 1024 (default)
2024-12-14 12:23:21,118 INFO  server.RaftServerConfigKeys (ConfUtils.java:logGet(46)) - raft.server.log.appender.buffer.byte-limit = 4MB (=4194304) (default)
2024-12-14 12:23:21,118 INFO  server.RaftServerConfigKeys (ConfUtils.java:logGet(46)) - raft.server.log.statemachine.data.read.timeout = 1000ms (default)
2024-12-14 12:23:21,118 INFO  server.RaftServerConfigKeys (ConfUtils.java:logGet(46)) - raft.server.log.purge.preservation.log.num = 0 (default)
2024-12-14 12:23:21,119 INFO  server.RaftServerConfigKeys (ConfUtils.java:logGet(46)) - raft.server.log.segment.size.max = 32MB (=33554432) (default)
2024-12-14 12:23:21,119 INFO  server.RaftServerConfigKeys (ConfUtils.java:logGet(46)) - raft.server.log.segment.cache.num.max = 6 (default)
2024-12-14 12:23:21,119 INFO  server.RaftServerConfigKeys (ConfUtils.java:logGet(46)) - raft.server.log.segment.cache.size.max = 200MB (=209715200) (default)
2024-12-14 12:23:21,119 INFO  server.RaftServerConfigKeys (ConfUtils.java:logGet(46)) - raft.server.log.appender.buffer.byte-limit = 4MB (=4194304) (default)
2024-12-14 12:23:21,119 INFO  util.AwaitToRun (AwaitToRun.java:start(81)) - Thread[s3@group-4E8C8EA4E78F-cacheEviction-AwaitToRun,5,main] started
2024-12-14 12:23:21,119 INFO  segmented.SegmentedRaftLogWorker (SegmentedRaftLogWorker.java:<init>(189)) - new s3@group-4E8C8EA4E78F-SegmentedRaftLogWorker for RaftStorageImpl:Storage Directory /home/runner/work/ratis/ratis/ratis-examples/target/test/data/da5193cb/MiniRaftClusterWithSimulatedRpced10c1e3/s3/4ab7e727-f211-4630-9abd-4e8c8ea4e78f
2024-12-14 12:23:21,119 INFO  server.RaftServerConfigKeys (ConfUtils.java:logGet(46)) - raft.server.log.queue.byte-limit = 64MB (=67108864) (default)
2024-12-14 12:23:21,119 INFO  server.RaftServerConfigKeys (ConfUtils.java:logGet(46)) - raft.server.log.queue.element-limit = 4096 (default)
2024-12-14 12:23:21,120 INFO  server.RaftServerConfigKeys (ConfUtils.java:logGet(46)) - raft.server.log.segment.size.max = 32MB (=33554432) (default)
2024-12-14 12:23:21,120 INFO  server.RaftServerConfigKeys (ConfUtils.java:logGet(46)) - raft.server.log.preallocated.size = 4MB (=4194304) (default)
2024-12-14 12:23:21,120 INFO  server.RaftServerConfigKeys (ConfUtils.java:logGet(46)) - raft.server.log.force.sync.num = 128 (default)
2024-12-14 12:23:21,120 INFO  server.RaftServerConfigKeys (ConfUtils.java:logGet(46)) - raft.server.log.statemachine.data.sync = true (default)
2024-12-14 12:23:21,120 INFO  server.RaftServerConfigKeys (ConfUtils.java:logGet(46)) - raft.server.log.statemachine.data.sync.timeout = 10s (default)
2024-12-14 12:23:21,120 INFO  server.RaftServerConfigKeys (ConfUtils.java:logGet(46)) - raft.server.log.statemachine.data.sync.timeout.retry = -1 (default)
2024-12-14 12:23:21,120 INFO  server.RaftServerConfigKeys (ConfUtils.java:logGet(46)) - raft.server.log.write.buffer.size = 8MB (=8388608) (default)
2024-12-14 12:23:21,122 INFO  server.RaftServerConfigKeys (ConfUtils.java:logGet(46)) - raft.server.log.appender.buffer.byte-limit = 4MB (=4194304) (default)
2024-12-14 12:23:21,122 INFO  server.RaftServerConfigKeys (ConfUtils.java:logGet(46)) - raft.server.log.unsafe-flush.enabled = false (default)
2024-12-14 12:23:21,122 INFO  server.RaftServerConfigKeys (ConfUtils.java:logGet(46)) - raft.server.log.async-flush.enabled = false (default)
2024-12-14 12:23:21,122 INFO  server.RaftServerConfigKeys (ConfUtils.java:logGet(46)) - raft.server.log.statemachine.data.caching.enabled = false (default)
2024-12-14 12:23:21,122 INFO  segmented.SegmentedRaftLogWorker (SegmentedRaftLogWorker.java:lambda$new$0(140)) - s3@group-4E8C8EA4E78F-SegmentedRaftLogWorker: flushIndex: setUnconditionally 0 -> -1
2024-12-14 12:23:21,122 INFO  segmented.SegmentedRaftLogWorker (SegmentedRaftLogWorker.java:lambda$new$0(140)) - s3@group-4E8C8EA4E78F-SegmentedRaftLogWorker: safeCacheEvictIndex: setUnconditionally 0 -> -1
2024-12-14 12:23:21,122 INFO  server.RaftServer$Division (RaftServerImpl.java:start(392)) - s3@group-4E8C8EA4E78F: start as a follower, conf=conf: {index: -1, cur=peers:[s3, s14, s2]|listeners:[], old=null}
2024-12-14 12:23:21,122 INFO  server.RaftServer$Division (RaftServerImpl.java:setRole(379)) - s3@group-4E8C8EA4E78F: changes role from      null to FOLLOWER at term 0 for startAsFollower
2024-12-14 12:23:21,122 INFO  impl.RoleInfo (RoleInfo.java:updateAndGet(148)) - s3: start s3@group-4E8C8EA4E78F-FollowerState
2024-12-14 12:23:21,123 INFO  util.JmxRegister (JmxRegister.java:tryRegister(44)) - Successfully registered JMX Bean with object name Ratis:service=RaftServer,group=group-4E8C8EA4E78F,id=s3
2024-12-14 12:23:21,123 INFO  util.JmxRegister (JmxRegister.java:register(58)) - register mxBean class org.apache.ratis.server.impl.RaftServerJmxAdapter as Ratis:service=RaftServer,group=group-4E8C8EA4E78F,id=s3
2024-12-14 12:23:21,123 INFO  server.RaftServerConfigKeys (ConfUtils.java:logGet(46)) - raft.server.snapshot.trigger-when-stop.enabled = true (default)
2024-12-14 12:23:21,123 INFO  server.RaftServerConfigKeys (ConfUtils.java:logGet(46)) - raft.server.snapshot.trigger-when-remove.enabled = true (default)
2024-12-14 12:23:21,123 INFO  server.RaftServerConfigKeys (ConfUtils.java:logGet(46)) - raft.server.snapshot.auto.trigger.enabled = false (default)
2024-12-14 12:23:21,123 INFO  server.RaftServerConfigKeys (ConfUtils.java:logGet(46)) - raft.server.snapshot.retention.file.num = -1 (default)
2024-12-14 12:23:21,123 INFO  server.RaftServerConfigKeys (ConfUtils.java:logGet(46)) - raft.server.log.purge.upto.snapshot.index = false (default)
2024-12-14 12:23:21,123 INFO  server.RaftServerConfigKeys (ConfUtils.java:logFallback(53)) - raft.server.rpc.first-election.timeout.min = 300ms (fallback to raft.server.rpc.timeout.min)
2024-12-14 12:23:21,123 INFO  server.RaftServer$Division (RaftServerImpl.java:start(406)) - s3@group-4E8C8EA4E78F: Successfully started.
2024-12-14 12:23:21,123 INFO  server.RaftServerConfigKeys (ConfUtils.java:logFallback(53)) - raft.server.rpc.first-election.timeout.max = 600ms (fallback to raft.server.rpc.timeout.max)
2024-12-14 12:23:21,124 INFO  server.RaftServerConfigKeys (ConfUtils.java:logGet(46)) - raft.server.rpc.timeout.max = 600ms (custom)
2024-12-14 12:23:21,126 INFO  ratis.RaftTestUtil (RaftTestUtil.java:waitForLeader(107)) - printing group-4E8C8EA4E78F
  s3:  RUNNING [
   FOLLOWER s3@group-E0CF8C87AB81:t0, leader=null, voted=, raftlog=Memoized:s3@group-E0CF8C87AB81-SegmentedRaftLog:OPENED:c-1:lastnull, conf=conf: {index: -1, cur=peers:[]|listeners:[], old=null} STARTING
   FOLLOWER s3@group-4E8C8EA4E78F:t0, leader=null, voted=, raftlog=Memoized:s3@group-4E8C8EA4E78F-SegmentedRaftLog:OPENED:c-1:lastnull, conf=conf: {index: -1, cur=peers:[s3, s14, s2]|listeners:[], old=null} RUNNING] size=2
  s14:  RUNNING [
   FOLLOWER s14@group-E0CF8C87AB81:t0, leader=null, voted=, raftlog=Memoized:s14@group-E0CF8C87AB81-SegmentedRaftLog:OPENED:c-1:lastnull, conf=conf: {index: -1, cur=peers:[]|listeners:[], old=null} STARTING
   FOLLOWER s14@group-4E8C8EA4E78F:t0, leader=null, voted=, raftlog=Memoized:s14@group-4E8C8EA4E78F-SegmentedRaftLog:OPENED:c-1:lastnull, conf=conf: {index: -1, cur=peers:[s3, s14, s2]|listeners:[], old=null} RUNNING] size=2
  s2:  RUNNING [
   FOLLOWER s2@group-E0CF8C87AB81:t0, leader=null, voted=, raftlog=Memoized:s2@group-E0CF8C87AB81-SegmentedRaftLog:OPENED:c-1:lastnull, conf=conf: {index: -1, cur=peers:[]|listeners:[], old=null} STARTING
   FOLLOWER s2@group-4E8C8EA4E78F:t0, leader=null, voted=, raftlog=Memoized:s2@group-4E8C8EA4E78F-SegmentedRaftLog:OPENED:c-1:lastnull, conf=conf: {index: -1, cur=peers:[s3, s14, s2]|listeners:[], old=null} RUNNING] size=2
2024-12-14 12:23:21,126 WARN  ratis.RaftTestUtil (RaftTestUtil.java:lambda$waitForLeader$3(126)) - Attempt #1 failed: java.lang.IllegalStateException: No leader yet  for group-4E8C8EA4E78F: printing group-4E8C8EA4E78F
  s3:  RUNNING [
   FOLLOWER s3@group-E0CF8C87AB81:t0, leader=null, voted=, raftlog=Memoized:s3@group-E0CF8C87AB81-SegmentedRaftLog:OPENED:c-1:lastnull, conf=conf: {index: -1, cur=peers:[]|listeners:[], old=null} STARTING
   FOLLOWER s3@group-4E8C8EA4E78F:t0, leader=null, voted=, raftlog=Memoized:s3@group-4E8C8EA4E78F-SegmentedRaftLog:OPENED:c-1:lastnull, conf=conf: {index: -1, cur=peers:[s3, s14, s2]|listeners:[], old=null} RUNNING] size=2
  s14:  RUNNING [
   FOLLOWER s14@group-E0CF8C87AB81:t0, leader=null, voted=, raftlog=Memoized:s14@group-E0CF8C87AB81-SegmentedRaftLog:OPENED:c-1:lastnull, conf=conf: {index: -1, cur=peers:[]|listeners:[], old=null} STARTING
   FOLLOWER s14@group-4E8C8EA4E78F:t0, leader=null, voted=, raftlog=Memoized:s14@group-4E8C8EA4E78F-SegmentedRaftLog:OPENED:c-1:lastnull, conf=conf: {index: -1, cur=peers:[s3, s14, s2]|listeners:[], old=null} RUNNING] size=2
  s2:  RUNNING [
   FOLLOWER s2@group-E0CF8C87AB81:t0, leader=null, voted=, raftlog=Memoized:s2@group-E0CF8C87AB81-SegmentedRaftLog:OPENED:c-1:lastnull, conf=conf: {index: -1, cur=peers:[]|listeners:[], old=null} STARTING
   FOLLOWER s2@group-4E8C8EA4E78F:t0, leader=null, voted=, raftlog=Memoized:s2@group-4E8C8EA4E78F-SegmentedRaftLog:OPENED:c-1:lastnull, conf=conf: {index: -1, cur=peers:[s3, s14, s2]|listeners:[], old=null} RUNNING] size=2
2024-12-14 12:23:21,465 INFO  impl.FollowerState (FollowerState.java:runImpl(161)) - s3@group-4E8C8EA4E78F-FollowerState: change to CANDIDATE, lastRpcElapsedTime:342301284ns, electionTimeout:341ms
2024-12-14 12:23:21,465 INFO  impl.RoleInfo (RoleInfo.java:shutdownFollowerState(121)) - s3: shutdown s3@group-4E8C8EA4E78F-FollowerState
2024-12-14 12:23:21,465 INFO  server.RaftServer$Division (RaftServerImpl.java:setRole(379)) - s3@group-4E8C8EA4E78F: changes role from  FOLLOWER to CANDIDATE at term 0 for changeToCandidate
2024-12-14 12:23:21,466 INFO  server.RaftServerConfigKeys (ConfUtils.java:logGet(46)) - raft.server.leaderelection.pre-vote = true (default)
2024-12-14 12:23:21,466 INFO  impl.RoleInfo (RoleInfo.java:updateAndGet(148)) - s3: start s3@group-4E8C8EA4E78F-LeaderElection3
2024-12-14 12:23:21,466 INFO  impl.LeaderElection (LeaderElection.java:askForVotes(332)) - s3@group-4E8C8EA4E78F-LeaderElection3 PRE_VOTE round 0: submit vote requests at term 0 for conf: {index: -1, cur=peers:[s3, s14, s2]|listeners:[], old=null}
2024-12-14 12:23:21,467 INFO  server.RaftServerConfigKeys (ConfUtils.java:logFallback(53)) - raft.server.rpc.first-election.timeout.min = 300ms (fallback to raft.server.rpc.timeout.min)
2024-12-14 12:23:21,467 INFO  server.RaftServer$Division (RaftServerImpl.java:requestVote(1452)) - s14@group-4E8C8EA4E78F: receive requestVote(PRE_VOTE, s3, group-4E8C8EA4E78F, 0, (t:0, i:0))
2024-12-14 12:23:21,467 INFO  server.RaftServerConfigKeys (ConfUtils.java:logFallback(53)) - raft.server.rpc.first-election.timeout.max = 600ms (fallback to raft.server.rpc.timeout.max)
2024-12-14 12:23:21,467 INFO  server.RaftServer$Division (RaftServerImpl.java:requestVote(1452)) - s2@group-4E8C8EA4E78F: receive requestVote(PRE_VOTE, s3, group-4E8C8EA4E78F, 0, (t:0, i:0))
2024-12-14 12:23:21,467 INFO  impl.VoteContext (VoteContext.java:log(49)) - s14@group-4E8C8EA4E78F-FOLLOWER: accept PRE_VOTE from s3: our priority 0 <= candidate's priority 0
2024-12-14 12:23:21,468 INFO  impl.VoteContext (VoteContext.java:log(49)) - s2@group-4E8C8EA4E78F-FOLLOWER: accept PRE_VOTE from s3: our priority 0 <= candidate's priority 0
2024-12-14 12:23:21,468 INFO  server.RaftServer$Division (RaftServerImpl.java:requestVote(1486)) - s14@group-4E8C8EA4E78F replies to PRE_VOTE vote request: s3<-s14#0:OK-t0. Peer's state: s14@group-4E8C8EA4E78F:t0, leader=null, voted=, raftlog=Memoized:s14@group-4E8C8EA4E78F-SegmentedRaftLog:OPENED:c-1:lastnull, conf=conf: {index: -1, cur=peers:[s3, s14, s2]|listeners:[], old=null}
2024-12-14 12:23:21,468 INFO  server.RaftServer$Division (RaftServerImpl.java:requestVote(1486)) - s2@group-4E8C8EA4E78F replies to PRE_VOTE vote request: s3<-s2#0:OK-t0. Peer's state: s2@group-4E8C8EA4E78F:t0, leader=null, voted=, raftlog=Memoized:s2@group-4E8C8EA4E78F-SegmentedRaftLog:OPENED:c-1:lastnull, conf=conf: {index: -1, cur=peers:[s3, s14, s2]|listeners:[], old=null}
2024-12-14 12:23:21,468 INFO  impl.LeaderElection (LeaderElection.java:logAndReturn(90)) - s3@group-4E8C8EA4E78F-LeaderElection3: PRE_VOTE PASSED received 1 response(s) and 0 exception(s):
2024-12-14 12:23:21,468 INFO  impl.LeaderElection (LeaderElection.java:logAndReturn(94)) -   Response 0: s3<-s14#0:OK-t0
2024-12-14 12:23:21,468 INFO  impl.LeaderElection (LeaderElection.java:askForVotes(334)) - s3@group-4E8C8EA4E78F-LeaderElection3 PRE_VOTE round 0: result PASSED
2024-12-14 12:23:21,469 INFO  server.RaftServerConfigKeys (ConfUtils.java:logFallback(53)) - raft.server.rpc.first-election.timeout.min = 300ms (fallback to raft.server.rpc.timeout.min)
2024-12-14 12:23:21,469 INFO  server.RaftServerConfigKeys (ConfUtils.java:logFallback(53)) - raft.server.rpc.first-election.timeout.max = 600ms (fallback to raft.server.rpc.timeout.max)
2024-12-14 12:23:21,469 TRACE util.FileUtils (LogUtils.java:supplyAndLog(69)) - Successfully supplied FileChannel.open /home/runner/work/ratis/ratis/ratis-examples/target/test/data/da5193cb/MiniRaftClusterWithSimulatedRpced10c1e3/s3/4ab7e727-f211-4630-9abd-4e8c8ea4e78f/current/raft-meta.tmp with options [CREATE, WRITE]: sun.nio.ch.FileChannelImpl@3ae17bb4
2024-12-14 12:23:21,471 TRACE util.FileUtils (LogUtils.java:runAndLog(49)) - Successfully ran Atomic Files.move /home/runner/work/ratis/ratis/ratis-examples/target/test/data/da5193cb/MiniRaftClusterWithSimulatedRpced10c1e3/s3/4ab7e727-f211-4630-9abd-4e8c8ea4e78f/current/raft-meta.tmp to /home/runner/work/ratis/ratis/ratis-examples/target/test/data/da5193cb/MiniRaftClusterWithSimulatedRpced10c1e3/s3/4ab7e727-f211-4630-9abd-4e8c8ea4e78f/current/raft-meta with options [REPLACE_EXISTING]
2024-12-14 12:23:21,471 INFO  impl.LeaderElection (LeaderElection.java:askForVotes(332)) - s3@group-4E8C8EA4E78F-LeaderElection3 ELECTION round 0: submit vote requests at term 1 for conf: {index: -1, cur=peers:[s3, s14, s2]|listeners:[], old=null}
2024-12-14 12:23:21,472 INFO  server.RaftServerConfigKeys (ConfUtils.java:logFallback(53)) - raft.server.rpc.first-election.timeout.min = 300ms (fallback to raft.server.rpc.timeout.min)
2024-12-14 12:23:21,472 INFO  server.RaftServer$Division (RaftServerImpl.java:requestVote(1452)) - s14@group-4E8C8EA4E78F: receive requestVote(ELECTION, s3, group-4E8C8EA4E78F, 1, (t:0, i:0))
2024-12-14 12:23:21,472 INFO  server.RaftServerConfigKeys (ConfUtils.java:logFallback(53)) - raft.server.rpc.first-election.timeout.max = 600ms (fallback to raft.server.rpc.timeout.max)
2024-12-14 12:23:21,472 INFO  server.RaftServer$Division (RaftServerImpl.java:requestVote(1452)) - s2@group-4E8C8EA4E78F: receive requestVote(ELECTION, s3, group-4E8C8EA4E78F, 1, (t:0, i:0))
2024-12-14 12:23:21,472 INFO  impl.VoteContext (VoteContext.java:log(49)) - s2@group-4E8C8EA4E78F-FOLLOWER: accept ELECTION from s3: our priority 0 <= candidate's priority 0
2024-12-14 12:23:21,472 INFO  server.RaftServer$Division (RaftServerImpl.java:setRole(379)) - s2@group-4E8C8EA4E78F: changes role from  FOLLOWER to FOLLOWER at term 0 for candidate:s3
2024-12-14 12:23:21,472 INFO  impl.RoleInfo (RoleInfo.java:shutdownFollowerState(121)) - s2: shutdown s2@group-4E8C8EA4E78F-FollowerState
2024-12-14 12:23:21,473 INFO  impl.RoleInfo (RoleInfo.java:updateAndGet(148)) - s2: start s2@group-4E8C8EA4E78F-FollowerState
2024-12-14 12:23:21,473 INFO  impl.VoteContext (VoteContext.java:log(49)) - s14@group-4E8C8EA4E78F-FOLLOWER: accept ELECTION from s3: our priority 0 <= candidate's priority 0
2024-12-14 12:23:21,473 INFO  impl.FollowerState (FollowerState.java:runImpl(170)) - s2@group-4E8C8EA4E78F-FollowerState was interrupted
2024-12-14 12:23:21,473 INFO  server.RaftServer$Division (RaftServerImpl.java:setRole(379)) - s14@group-4E8C8EA4E78F: changes role from  FOLLOWER to FOLLOWER at term 0 for candidate:s3
2024-12-14 12:23:21,473 INFO  server.RaftServer$Division (RaftServerImpl.java:setFirstElection(563)) - s2@group-4E8C8EA4E78F: set firstElectionSinceStartup to false for candidate:s3
2024-12-14 12:23:21,473 INFO  impl.RoleInfo (RoleInfo.java:shutdownFollowerState(121)) - s14: shutdown s14@group-4E8C8EA4E78F-FollowerState
2024-12-14 12:23:21,474 TRACE util.FileUtils (LogUtils.java:supplyAndLog(69)) - Successfully supplied FileChannel.open /home/runner/work/ratis/ratis/ratis-examples/target/test/data/da5193cb/MiniRaftClusterWithSimulatedRpced10c1e3/s2/4ab7e727-f211-4630-9abd-4e8c8ea4e78f/current/raft-meta.tmp with options [CREATE, WRITE]: sun.nio.ch.FileChannelImpl@7f24fa0c
2024-12-14 12:23:21,474 INFO  impl.RoleInfo (RoleInfo.java:updateAndGet(148)) - s14: start s14@group-4E8C8EA4E78F-FollowerState
2024-12-14 12:23:21,474 INFO  impl.FollowerState (FollowerState.java:runImpl(170)) - s14@group-4E8C8EA4E78F-FollowerState was interrupted
2024-12-14 12:23:21,474 INFO  server.RaftServer$Division (RaftServerImpl.java:setFirstElection(563)) - s14@group-4E8C8EA4E78F: set firstElectionSinceStartup to false for candidate:s3
2024-12-14 12:23:21,475 TRACE util.FileUtils (LogUtils.java:supplyAndLog(69)) - Successfully supplied FileChannel.open /home/runner/work/ratis/ratis/ratis-examples/target/test/data/da5193cb/MiniRaftClusterWithSimulatedRpced10c1e3/s14/4ab7e727-f211-4630-9abd-4e8c8ea4e78f/current/raft-meta.tmp with options [CREATE, WRITE]: sun.nio.ch.FileChannelImpl@5f7ad31a
2024-12-14 12:23:21,475 TRACE util.FileUtils (LogUtils.java:runAndLog(49)) - Successfully ran Atomic Files.move /home/runner/work/ratis/ratis/ratis-examples/target/test/data/da5193cb/MiniRaftClusterWithSimulatedRpced10c1e3/s2/4ab7e727-f211-4630-9abd-4e8c8ea4e78f/current/raft-meta.tmp to /home/runner/work/ratis/ratis/ratis-examples/target/test/data/da5193cb/MiniRaftClusterWithSimulatedRpced10c1e3/s2/4ab7e727-f211-4630-9abd-4e8c8ea4e78f/current/raft-meta with options [REPLACE_EXISTING]
2024-12-14 12:23:21,475 INFO  server.RaftServer$Division (RaftServerImpl.java:requestVote(1486)) - s2@group-4E8C8EA4E78F replies to ELECTION vote request: s3<-s2#0:OK-t1. Peer's state: s2@group-4E8C8EA4E78F:t1, leader=null, voted=s3, raftlog=Memoized:s2@group-4E8C8EA4E78F-SegmentedRaftLog:OPENED:c-1:lastnull, conf=conf: {index: -1, cur=peers:[s3, s14, s2]|listeners:[], old=null}
2024-12-14 12:23:21,476 INFO  impl.LeaderElection (LeaderElection.java:logAndReturn(90)) - s3@group-4E8C8EA4E78F-LeaderElection3: ELECTION PASSED received 1 response(s) and 0 exception(s):
2024-12-14 12:23:21,476 TRACE util.FileUtils (LogUtils.java:runAndLog(49)) - Successfully ran Atomic Files.move /home/runner/work/ratis/ratis/ratis-examples/target/test/data/da5193cb/MiniRaftClusterWithSimulatedRpced10c1e3/s14/4ab7e727-f211-4630-9abd-4e8c8ea4e78f/current/raft-meta.tmp to /home/runner/work/ratis/ratis/ratis-examples/target/test/data/da5193cb/MiniRaftClusterWithSimulatedRpced10c1e3/s14/4ab7e727-f211-4630-9abd-4e8c8ea4e78f/current/raft-meta with options [REPLACE_EXISTING]
2024-12-14 12:23:21,476 INFO  impl.LeaderElection (LeaderElection.java:logAndReturn(94)) -   Response 0: s3<-s2#0:OK-t1
2024-12-14 12:23:21,476 INFO  server.RaftServer$Division (RaftServerImpl.java:requestVote(1486)) - s14@group-4E8C8EA4E78F replies to ELECTION vote request: s3<-s14#0:OK-t1. Peer's state: s14@group-4E8C8EA4E78F:t1, leader=null, voted=s3, raftlog=Memoized:s14@group-4E8C8EA4E78F-SegmentedRaftLog:OPENED:c-1:lastnull, conf=conf: {index: -1, cur=peers:[s3, s14, s2]|listeners:[], old=null}
2024-12-14 12:23:21,476 INFO  impl.LeaderElection (LeaderElection.java:askForVotes(334)) - s3@group-4E8C8EA4E78F-LeaderElection3 ELECTION round 0: result PASSED
2024-12-14 12:23:21,476 INFO  impl.RoleInfo (RoleInfo.java:shutdownLeaderElection(141)) - s3: shutdown s3@group-4E8C8EA4E78F-LeaderElection3
2024-12-14 12:23:21,476 INFO  server.RaftServer$Division (RaftServerImpl.java:setRole(379)) - s3@group-4E8C8EA4E78F: changes role from CANDIDATE to LEADER at term 1 for changeToLeader
2024-12-14 12:23:21,476 INFO  server.RaftServerConfigKeys (ConfUtils.java:logGet(46)) - raft.server.staging.catchup.gap = 1000 (default)
2024-12-14 12:23:21,476 INFO  server.RaftServerConfigKeys (ConfUtils.java:logGet(46)) - raft.server.write.element-limit = 4096 (default)
2024-12-14 12:23:21,476 INFO  server.RaftServerConfigKeys (ConfUtils.java:logGet(46)) - raft.server.write.byte-limit = 64MB (=67108864) (default)
2024-12-14 12:23:21,477 INFO  server.RaftServerConfigKeys (ConfUtils.java:logGet(46)) - raft.server.watch.timeout = 10s (default)
2024-12-14 12:23:21,477 INFO  server.RaftServerConfigKeys (ConfUtils.java:logGet(46)) - raft.server.watch.timeout.denomination = 1s (default)
2024-12-14 12:23:21,477 INFO  server.RaftServerConfigKeys (ConfUtils.java:logGet(46)) - raft.server.watch.element-limit = 65536 (default)
2024-12-14 12:23:21,477 INFO  server.RaftServerConfigKeys (ConfUtils.java:logGet(46)) - raft.server.read.leader.lease.enabled = false (default)
2024-12-14 12:23:21,477 INFO  server.RaftServerConfigKeys (ConfUtils.java:logGet(46)) - raft.server.read.leader.lease.timeout.ratio = 0.9 (default)
2024-12-14 12:23:21,477 INFO  server.RaftServerConfigKeys (ConfUtils.java:logGet(46)) - raft.server.rpc.timeout.min = 300ms (custom)
2024-12-14 12:23:21,478 INFO  server.RaftServerConfigKeys (ConfUtils.java:logGet(46)) - raft.server.log.log-metadata.enabled = true (default)
2024-12-14 12:23:21,478 INFO  server.RaftServerConfigKeys (ConfUtils.java:logGet(46)) - raft.server.write.element-limit = 4096 (default)
2024-12-14 12:23:21,478 INFO  server.RaftServerConfigKeys (ConfUtils.java:logGet(46)) - raft.server.write.follower.gap.ratio.max = -1.0 (default)
2024-12-14 12:23:21,478 INFO  server.RaftServerConfigKeys (ConfUtils.java:logGet(46)) - raft.server.log.appender.snapshot.chunk.size.max = 16MB (=16777216) (default)
2024-12-14 12:23:21,478 INFO  server.RaftServerConfigKeys (ConfUtils.java:logGet(46)) - raft.server.log.appender.buffer.byte-limit = 4MB (=4194304) (default)
2024-12-14 12:23:21,478 INFO  server.RaftServerConfigKeys (ConfUtils.java:logGet(46)) - raft.server.log.appender.buffer.element-limit = 0 (default)
2024-12-14 12:23:21,478 INFO  server.RaftServerConfigKeys (ConfUtils.java:logGet(46)) - raft.server.log.appender.wait-time.min = 1ms (default)
2024-12-14 12:23:21,478 INFO  server.RaftServerConfigKeys (ConfUtils.java:logGet(46)) - raft.server.log.appender.snapshot.chunk.size.max = 16MB (=16777216) (default)
2024-12-14 12:23:21,478 INFO  server.RaftServerConfigKeys (ConfUtils.java:logGet(46)) - raft.server.log.appender.buffer.byte-limit = 4MB (=4194304) (default)
2024-12-14 12:23:21,478 INFO  server.RaftServerConfigKeys (ConfUtils.java:logGet(46)) - raft.server.log.appender.buffer.element-limit = 0 (default)
2024-12-14 12:23:21,479 INFO  server.RaftServerConfigKeys (ConfUtils.java:logGet(46)) - raft.server.log.appender.wait-time.min = 1ms (default)
2024-12-14 12:23:21,479 INFO  impl.RoleInfo (RoleInfo.java:updateAndGet(148)) - s3: start s3@group-4E8C8EA4E78F-LeaderStateImpl
2024-12-14 12:23:21,479 INFO  server.RaftServer$Division (RaftServerImpl.java:setFirstElection(563)) - s3@group-4E8C8EA4E78F: set firstElectionSinceStartup to false for becomeLeader
2024-12-14 12:23:21,479 INFO  server.RaftServer$Division (ServerState.java:setLeader(272)) - s3@group-4E8C8EA4E78F: change Leader from null to s3 at term 1 for becomeLeader, leader elected after 366ms
2024-12-14 12:23:21,479 INFO  segmented.SegmentedRaftLogWorker (SegmentedRaftLogWorker.java:startLogSegment(443)) - s3@group-4E8C8EA4E78F-SegmentedRaftLogWorker: Starting segment from index:0
2024-12-14 12:23:21,479 INFO  server.RaftServer$Division (ServerState.java:setRaftConf(386)) - s3@group-4E8C8EA4E78F: set configuration conf: {index: 0, cur=peers:[s3, s14, s2]|listeners:[], old=null}
2024-12-14 12:23:21,480 INFO  segmented.BufferedWriteChannel (BufferedWriteChannel.java:open(61)) - open log_inprogress_0 at position 0
2024-12-14 12:23:21,482 INFO  server.RaftServer$Division (ServerState.java:setLeader(272)) - s2@group-4E8C8EA4E78F: change Leader from null to s3 at term 1 for appendEntries, leader elected after 384ms
2024-12-14 12:23:21,485 INFO  server.RaftServer$Division (ServerState.java:setLeader(272)) - s14@group-4E8C8EA4E78F: change Leader from null to s3 at term 1 for appendEntries, leader elected after 406ms
2024-12-14 12:23:21,486 INFO  server.RaftServer$Division (ServerState.java:setRaftConf(386)) - s2@group-4E8C8EA4E78F: set configuration conf: {index: 0, cur=peers:[s3|, s14|, s2|]|listeners:[], old=null}
2024-12-14 12:23:21,486 INFO  segmented.SegmentedRaftLogWorker (SegmentedRaftLogWorker.java:startLogSegment(443)) - s2@group-4E8C8EA4E78F-SegmentedRaftLogWorker: Starting segment from index:0
2024-12-14 12:23:21,486 INFO  segmented.BufferedWriteChannel (BufferedWriteChannel.java:open(61)) - open log_inprogress_0 at position 0
2024-12-14 12:23:21,487 INFO  server.RaftServer$Division (ServerState.java:setRaftConf(386)) - s14@group-4E8C8EA4E78F: set configuration conf: {index: 0, cur=peers:[s3|, s14|, s2|]|listeners:[], old=null}
2024-12-14 12:23:21,487 INFO  segmented.SegmentedRaftLogWorker (SegmentedRaftLogWorker.java:startLogSegment(443)) - s14@group-4E8C8EA4E78F-SegmentedRaftLogWorker: Starting segment from index:0
2024-12-14 12:23:21,487 INFO  segmented.BufferedWriteChannel (BufferedWriteChannel.java:open(61)) - open log_inprogress_0 at position 0
2024-12-14 12:23:21,490 INFO  segmented.SegmentedRaftLogWorker (SegmentedRaftLogWorker.java:execute(667)) - s3@group-4E8C8EA4E78F-SegmentedRaftLogWorker: created new log segment /home/runner/work/ratis/ratis/ratis-examples/target/test/data/da5193cb/MiniRaftClusterWithSimulatedRpced10c1e3/s3/4ab7e727-f211-4630-9abd-4e8c8ea4e78f/current/log_inprogress_0
2024-12-14 12:23:21,500 INFO  segmented.SegmentedRaftLogWorker (SegmentedRaftLogWorker.java:execute(667)) - s2@group-4E8C8EA4E78F-SegmentedRaftLogWorker: created new log segment /home/runner/work/ratis/ratis/ratis-examples/target/test/data/da5193cb/MiniRaftClusterWithSimulatedRpced10c1e3/s2/4ab7e727-f211-4630-9abd-4e8c8ea4e78f/current/log_inprogress_0
2024-12-14 12:23:21,500 TRACE util.FileUtils (LogUtils.java:supplyAndLog(69)) - Successfully supplied FileChannel.open /home/runner/work/ratis/ratis/ratis-examples/target/test/data/da5193cb/MiniRaftClusterWithSimulatedRpced10c1e3/s3/4ab7e727-f211-4630-9abd-4e8c8ea4e78f/current/raft-meta.conf.tmp with options [CREATE, WRITE]: sun.nio.ch.FileChannelImpl@20c0a3c5
2024-12-14 12:23:21,500 INFO  segmented.SegmentedRaftLogWorker (SegmentedRaftLogWorker.java:execute(667)) - s14@group-4E8C8EA4E78F-SegmentedRaftLogWorker: created new log segment /home/runner/work/ratis/ratis/ratis-examples/target/test/data/da5193cb/MiniRaftClusterWithSimulatedRpced10c1e3/s14/4ab7e727-f211-4630-9abd-4e8c8ea4e78f/current/log_inprogress_0
2024-12-14 12:23:21,501 TRACE util.FileUtils (LogUtils.java:runAndLog(49)) - Successfully ran Atomic Files.move /home/runner/work/ratis/ratis/ratis-examples/target/test/data/da5193cb/MiniRaftClusterWithSimulatedRpced10c1e3/s3/4ab7e727-f211-4630-9abd-4e8c8ea4e78f/current/raft-meta.conf.tmp to /home/runner/work/ratis/ratis/ratis-examples/target/test/data/da5193cb/MiniRaftClusterWithSimulatedRpced10c1e3/s3/4ab7e727-f211-4630-9abd-4e8c8ea4e78f/current/raft-meta.conf with options [REPLACE_EXISTING]
2024-12-14 12:23:21,501 INFO  server.RaftServer$Division (LeaderStateImpl.java:checkStartIndex(314)) - Leader s3@group-4E8C8EA4E78F-LeaderStateImpl is ready since appliedIndex == startIndex == 0
2024-12-14 12:23:21,652 TRACE util.FileUtils (LogUtils.java:supplyAndLog(69)) - Successfully supplied FileChannel.open /home/runner/work/ratis/ratis/ratis-examples/target/test/data/da5193cb/MiniRaftClusterWithSimulatedRpced10c1e3/s2/4ab7e727-f211-4630-9abd-4e8c8ea4e78f/current/raft-meta.conf.tmp with options [CREATE, WRITE]: sun.nio.ch.FileChannelImpl@481feec5
2024-12-14 12:23:21,653 TRACE util.FileUtils (LogUtils.java:supplyAndLog(69)) - Successfully supplied FileChannel.open /home/runner/work/ratis/ratis/ratis-examples/target/test/data/da5193cb/MiniRaftClusterWithSimulatedRpced10c1e3/s14/4ab7e727-f211-4630-9abd-4e8c8ea4e78f/current/raft-meta.conf.tmp with options [CREATE, WRITE]: sun.nio.ch.FileChannelImpl@39a2c998
2024-12-14 12:23:21,654 TRACE util.FileUtils (LogUtils.java:runAndLog(49)) - Successfully ran Atomic Files.move /home/runner/work/ratis/ratis/ratis-examples/target/test/data/da5193cb/MiniRaftClusterWithSimulatedRpced10c1e3/s14/4ab7e727-f211-4630-9abd-4e8c8ea4e78f/current/raft-meta.conf.tmp to /home/runner/work/ratis/ratis/ratis-examples/target/test/data/da5193cb/MiniRaftClusterWithSimulatedRpced10c1e3/s14/4ab7e727-f211-4630-9abd-4e8c8ea4e78f/current/raft-meta.conf with options [REPLACE_EXISTING]
2024-12-14 12:23:21,654 TRACE util.FileUtils (LogUtils.java:runAndLog(49)) - Successfully ran Atomic Files.move /home/runner/work/ratis/ratis/ratis-examples/target/test/data/da5193cb/MiniRaftClusterWithSimulatedRpced10c1e3/s2/4ab7e727-f211-4630-9abd-4e8c8ea4e78f/current/raft-meta.conf.tmp to /home/runner/work/ratis/ratis/ratis-examples/target/test/data/da5193cb/MiniRaftClusterWithSimulatedRpced10c1e3/s2/4ab7e727-f211-4630-9abd-4e8c8ea4e78f/current/raft-meta.conf with options [REPLACE_EXISTING]
2024-12-14 12:23:22,027 INFO  ratis.RaftTestUtil (RaftTestUtil.java:waitForLeader(131)) - printing group-4E8C8EA4E78F
  s3:  RUNNING [
   FOLLOWER s3@group-E0CF8C87AB81:t0, leader=null, voted=, raftlog=Memoized:s3@group-E0CF8C87AB81-SegmentedRaftLog:OPENED:c-1:lastnull, conf=conf: {index: -1, cur=peers:[]|listeners:[], old=null} STARTING
     LEADER s3@group-4E8C8EA4E78F:t1, leader=s3, voted=s3, raftlog=Memoized:s3@group-4E8C8EA4E78F-SegmentedRaftLog:OPENED:c0:last(t:1, i:0), conf=conf: {index: 0, cur=peers:[s3, s14, s2]|listeners:[], old=null} RUNNING] size=2
  s14:  RUNNING [
   FOLLOWER s14@group-E0CF8C87AB81:t0, leader=null, voted=, raftlog=Memoized:s14@group-E0CF8C87AB81-SegmentedRaftLog:OPENED:c-1:lastnull, conf=conf: {index: -1, cur=peers:[]|listeners:[], old=null} STARTING
   FOLLOWER s14@group-4E8C8EA4E78F:t1, leader=s3, voted=s3, raftlog=Memoized:s14@group-4E8C8EA4E78F-SegmentedRaftLog:OPENED:c0:last(t:1, i:0), conf=conf: {index: 0, cur=peers:[s3|, s14|, s2|]|listeners:[], old=null} RUNNING] size=2
  s2:  RUNNING [
   FOLLOWER s2@group-E0CF8C87AB81:t0, leader=null, voted=, raftlog=Memoized:s2@group-E0CF8C87AB81-SegmentedRaftLog:OPENED:c-1:lastnull, conf=conf: {index: -1, cur=peers:[]|listeners:[], old=null} STARTING
   FOLLOWER s2@group-4E8C8EA4E78F:t1, leader=s3, voted=s3, raftlog=Memoized:s2@group-4E8C8EA4E78F-SegmentedRaftLog:OPENED:c0:last(t:1, i:0), conf=conf: {index: 0, cur=peers:[s3|, s14|, s2|]|listeners:[], old=null} RUNNING] size=2
2024-12-14 12:23:22,031 INFO  statemachine.StateMachine (ArithmeticStateMachine.java:applyTransaction(181)) - LEADER:s3-1: a = 43 = 43
2024-12-14 12:23:22,033 INFO  statemachine.StateMachine (ArithmeticStateMachine.java:applyTransaction(181)) - LEADER:s3-3: b = 924 = 924
2024-12-14 12:23:22,036 INFO  statemachine.StateMachine (ArithmeticStateMachine.java:applyTransaction(181)) - LEADER:s3-5: c = √(a^2 + b^2) = 925
2024-12-14 12:23:22,038 INFO  statemachine.StateMachine (ArithmeticStateMachine.java:applyTransaction(181)) - LEADER:s3-7: a = null = null
2024-12-14 12:23:22,043 INFO  statemachine.StateMachine (ArithmeticStateMachine.java:applyTransaction(181)) - LEADER:s3-9: b = null = null
2024-12-14 12:23:22,046 INFO  statemachine.StateMachine (ArithmeticStateMachine.java:applyTransaction(181)) - LEADER:s3-11: c = null = null
2024-12-14 12:23:22,048 INFO  statemachine.StateMachine (ArithmeticStateMachine.java:applyTransaction(181)) - LEADER:s3-13: a = 45 = 45
2024-12-14 12:23:22,051 INFO  statemachine.StateMachine (ArithmeticStateMachine.java:applyTransaction(181)) - LEADER:s3-15: b = 1012 = 1012
2024-12-14 12:23:22,053 INFO  statemachine.StateMachine (ArithmeticStateMachine.java:applyTransaction(181)) - LEADER:s3-17: c = √(a^2 + b^2) = 1013
2024-12-14 12:23:22,055 INFO  statemachine.StateMachine (ArithmeticStateMachine.java:applyTransaction(181)) - LEADER:s3-19: a = null = null
2024-12-14 12:23:22,057 INFO  statemachine.StateMachine (ArithmeticStateMachine.java:applyTransaction(181)) - LEADER:s3-21: b = null = null
2024-12-14 12:23:22,060 INFO  statemachine.StateMachine (ArithmeticStateMachine.java:applyTransaction(181)) - LEADER:s3-23: c = null = null
2024-12-14 12:23:22,062 INFO  statemachine.StateMachine (ArithmeticStateMachine.java:applyTransaction(181)) - LEADER:s3-25: a = 47 = 47
2024-12-14 12:23:22,065 INFO  statemachine.StateMachine (ArithmeticStateMachine.java:applyTransaction(181)) - LEADER:s3-27: b = 1104 = 1104
2024-12-14 12:23:22,067 INFO  statemachine.StateMachine (ArithmeticStateMachine.java:applyTransaction(181)) - LEADER:s3-29: c = √(a^2 + b^2) = 1105
2024-12-14 12:23:22,069 INFO  statemachine.StateMachine (ArithmeticStateMachine.java:applyTransaction(181)) - LEADER:s3-31: a = null = null
2024-12-14 12:23:22,072 INFO  statemachine.StateMachine (ArithmeticStateMachine.java:applyTransaction(181)) - LEADER:s3-33: b = null = null
2024-12-14 12:23:22,077 INFO  statemachine.StateMachine (ArithmeticStateMachine.java:applyTransaction(181)) - LEADER:s3-35: c = null = null
2024-12-14 12:23:22,079 INFO  statemachine.StateMachine (ArithmeticStateMachine.java:applyTransaction(181)) - LEADER:s3-37: a = 49 = 49
2024-12-14 12:23:22,081 INFO  statemachine.StateMachine (ArithmeticStateMachine.java:applyTransaction(181)) - LEADER:s3-39: b = 1200 = 1200
2024-12-14 12:23:22,084 INFO  statemachine.StateMachine (ArithmeticStateMachine.java:applyTransaction(181)) - LEADER:s3-41: c = √(a^2 + b^2) = 1201
2024-12-14 12:23:22,086 INFO  statemachine.StateMachine (ArithmeticStateMachine.java:applyTransaction(181)) - LEADER:s3-43: a = null = null
2024-12-14 12:23:22,088 INFO  statemachine.StateMachine (ArithmeticStateMachine.java:applyTransaction(181)) - LEADER:s3-45: b = null = null
2024-12-14 12:23:22,090 INFO  statemachine.StateMachine (ArithmeticStateMachine.java:applyTransaction(181)) - LEADER:s3-47: c = null = null
2024-12-14 12:23:22,092 INFO  statemachine.StateMachine (ArithmeticStateMachine.java:applyTransaction(181)) - LEADER:s3-49: a = 51 = 51
2024-12-14 12:23:22,094 INFO  statemachine.StateMachine (ArithmeticStateMachine.java:applyTransaction(181)) - LEADER:s3-51: b = 1300 = 1300
2024-12-14 12:23:22,097 INFO  statemachine.StateMachine (ArithmeticStateMachine.java:applyTransaction(181)) - LEADER:s3-53: c = √(a^2 + b^2) = 1301
2024-12-14 12:23:22,099 INFO  statemachine.StateMachine (ArithmeticStateMachine.java:applyTransaction(181)) - LEADER:s3-55: a = null = null
2024-12-14 12:23:22,101 INFO  statemachine.StateMachine (ArithmeticStateMachine.java:applyTransaction(181)) - LEADER:s3-57: b = null = null
2024-12-14 12:23:22,105 INFO  statemachine.StateMachine (ArithmeticStateMachine.java:applyTransaction(181)) - LEADER:s3-59: c = null = null
2024-12-14 12:23:22,107 INFO  statemachine.StateMachine (ArithmeticStateMachine.java:applyTransaction(181)) - LEADER:s3-61: a = 53 = 53
2024-12-14 12:23:22,109 INFO  statemachine.StateMachine (ArithmeticStateMachine.java:applyTransaction(181)) - LEADER:s3-63: b = 1404 = 1404
2024-12-14 12:23:22,111 INFO  statemachine.StateMachine (ArithmeticStateMachine.java:applyTransaction(181)) - LEADER:s3-65: c = √(a^2 + b^2) = 1405
2024-12-14 12:23:22,114 INFO  statemachine.StateMachine (ArithmeticStateMachine.java:applyTransaction(181)) - LEADER:s3-67: a = null = null
2024-12-14 12:23:22,116 INFO  statemachine.StateMachine (ArithmeticStateMachine.java:applyTransaction(181)) - LEADER:s3-69: b = null = null
2024-12-14 12:23:22,118 INFO  statemachine.StateMachine (ArithmeticStateMachine.java:applyTransaction(181)) - LEADER:s3-71: c = null = null
2024-12-14 12:23:22,121 INFO  statemachine.StateMachine (ArithmeticStateMachine.java:applyTransaction(181)) - LEADER:s3-73: a = 55 = 55
2024-12-14 12:23:22,124 INFO  statemachine.StateMachine (ArithmeticStateMachine.java:applyTransaction(181)) - LEADER:s3-75: b = 1512 = 1512
2024-12-14 12:23:22,126 INFO  statemachine.StateMachine (ArithmeticStateMachine.java:applyTransaction(181)) - LEADER:s3-77: c = √(a^2 + b^2) = 1513
2024-12-14 12:23:22,129 INFO  statemachine.StateMachine (ArithmeticStateMachine.java:applyTransaction(181)) - LEADER:s3-79: a = null = null
2024-12-14 12:23:22,132 INFO  statemachine.StateMachine (ArithmeticStateMachine.java:applyTransaction(181)) - LEADER:s3-81: b = null = null
2024-12-14 12:23:22,134 INFO  statemachine.StateMachine (ArithmeticStateMachine.java:applyTransaction(181)) - LEADER:s3-83: c = null = null
2024-12-14 12:23:22,137 INFO  statemachine.StateMachine (ArithmeticStateMachine.java:applyTransaction(181)) - LEADER:s3-85: a = 57 = 57
2024-12-14 12:23:22,139 INFO  statemachine.StateMachine (ArithmeticStateMachine.java:applyTransaction(181)) - LEADER:s3-87: b = 1624 = 1624
2024-12-14 12:23:22,141 INFO  statemachine.StateMachine (ArithmeticStateMachine.java:applyTransaction(181)) - LEADER:s3-89: c = √(a^2 + b^2) = 1625
2024-12-14 12:23:22,143 INFO  statemachine.StateMachine (ArithmeticStateMachine.java:applyTransaction(181)) - LEADER:s3-91: a = null = null
2024-12-14 12:23:22,146 INFO  statemachine.StateMachine (ArithmeticStateMachine.java:applyTransaction(181)) - LEADER:s3-93: b = null = null
2024-12-14 12:23:22,148 INFO  statemachine.StateMachine (ArithmeticStateMachine.java:applyTransaction(181)) - LEADER:s3-95: c = null = null
2024-12-14 12:23:22,150 INFO  statemachine.StateMachine (ArithmeticStateMachine.java:applyTransaction(181)) - LEADER:s3-97: a = 59 = 59
2024-12-14 12:23:22,153 INFO  statemachine.StateMachine (ArithmeticStateMachine.java:applyTransaction(181)) - LEADER:s3-99: b = 1740 = 1740
2024-12-14 12:23:22,155 INFO  statemachine.StateMachine (ArithmeticStateMachine.java:applyTransaction(181)) - LEADER:s3-101: c = √(a^2 + b^2) = 1741
2024-12-14 12:23:22,157 INFO  statemachine.StateMachine (ArithmeticStateMachine.java:applyTransaction(181)) - LEADER:s3-103: a = null = null
2024-12-14 12:23:22,159 INFO  statemachine.StateMachine (ArithmeticStateMachine.java:applyTransaction(181)) - LEADER:s3-105: b = null = null
2024-12-14 12:23:22,161 INFO  statemachine.StateMachine (ArithmeticStateMachine.java:applyTransaction(181)) - LEADER:s3-107: c = null = null
2024-12-14 12:23:22,164 INFO  statemachine.StateMachine (ArithmeticStateMachine.java:applyTransaction(181)) - LEADER:s3-109: a = 61 = 61
2024-12-14 12:23:22,167 INFO  statemachine.StateMachine (ArithmeticStateMachine.java:applyTransaction(181)) - LEADER:s3-111: b = 1860 = 1860
2024-12-14 12:23:22,169 INFO  statemachine.StateMachine (ArithmeticStateMachine.java:applyTransaction(181)) - LEADER:s3-113: c = √(a^2 + b^2) = 1861
2024-12-14 12:23:22,171 INFO  statemachine.StateMachine (ArithmeticStateMachine.java:applyTransaction(181)) - LEADER:s3-115: a = null = null
2024-12-14 12:23:22,173 INFO  statemachine.StateMachine (ArithmeticStateMachine.java:applyTransaction(181)) - LEADER:s3-117: b = null = null
2024-12-14 12:23:22,175 INFO  statemachine.StateMachine (ArithmeticStateMachine.java:applyTransaction(181)) - LEADER:s3-119: c = null = null
2024-12-14 12:23:22,176 INFO  impl.GroupManagementBaseTest (GroupManagementBaseTest.java:runMultiGroupTest(281)) - 3) starting group-9B578AD62455:[s4, s5, s6]
2024-12-14 12:23:22,177 INFO  server.RaftServer (RaftServerProxy.java:addNew(101)) - s4: addNew group-9B578AD62455:[s4, s5, s6] returns group-9B578AD62455:java.util.concurrent.CompletableFuture@3ce1722c[Not completed]
2024-12-14 12:23:22,177 INFO  server.RaftServer$Division (RaftServerImpl.java:<init>(256)) - s4: new RaftServerImpl for group-9B578AD62455:[s4, s5, s6] with ArithmeticStateMachine:uninitialized
2024-12-14 12:23:22,177 INFO  server.RaftServerConfigKeys (ConfUtils.java:logGet(46)) - raft.server.rpc.timeout.min = 300ms (custom)
2024-12-14 12:23:22,177 INFO  server.RaftServerConfigKeys (ConfUtils.java:logGet(46)) - raft.server.rpc.timeout.max = 600ms (custom)
2024-12-14 12:23:22,178 INFO  server.RaftServerConfigKeys (ConfUtils.java:logGet(46)) - raft.server.rpc.sleep.time = 25ms (default)
2024-12-14 12:23:22,178 INFO  server.RaftServerConfigKeys (ConfUtils.java:logGet(46)) - raft.server.rpc.slowness.timeout = 60s (default)
2024-12-14 12:23:22,178 INFO  server.RaftServerConfigKeys (ConfUtils.java:logGet(46)) - raft.server.leaderelection.leader.step-down.wait-time = 10s (default)
2024-12-14 12:23:22,178 INFO  server.RaftServerConfigKeys (ConfUtils.java:logGet(46)) - raft.server.leaderelection.member.majority-add = false (default)
2024-12-14 12:23:22,178 INFO  server.RaftServerConfigKeys (ConfUtils.java:logGet(46)) - raft.server.sleep.deviation.threshold = 300ms (default)
2024-12-14 12:23:22,178 INFO  server.RaftServer$Division (ServerState.java:<init>(114)) - s4@group-9B578AD62455: ConfigurationManager, init=conf: {index: -1, cur=peers:[s4, s5, s6]|listeners:[], old=null}, confs=<EMPTY_MAP>
2024-12-14 12:23:22,178 INFO  server.RaftServerConfigKeys (ConfUtils.java:logGet(46)) - raft.server.notification.no-leader.timeout = 60s (default)
2024-12-14 12:23:22,178 INFO  server.RaftServerConfigKeys (ConfUtils.java:logGet(46)) - raft.server.read.timeout = 10s (default)
2024-12-14 12:23:22,178 INFO  server.RaftServerConfigKeys (ConfUtils.java:logGet(46)) - raft.server.retrycache.expirytime = 60s (default)
2024-12-14 12:23:22,178 INFO  server.RaftServerConfigKeys (ConfUtils.java:logGet(46)) - raft.server.retrycache.statistics.expirytime = 100ms (default)
2024-12-14 12:23:22,178 INFO  server.RaftServerConfigKeys (ConfUtils.java:logGet(46)) - raft.server.read.option = DEFAULT (default)
2024-12-14 12:23:22,178 INFO  server.RaftServerConfigKeys (ConfUtils.java:logGet(46)) - raft.server.read.read-after-write-consistent.write-index-cache.expiry-time = 60s (default)
2024-12-14 12:23:22,179 INFO  server.RaftServerConfigKeys (ConfUtils.java:logGet(46)) - raft.server.rpc.request.timeout = 3000ms (default)
2024-12-14 12:23:22,179 INFO  server.RaftServerConfigKeys (ConfUtils.java:logGet(46)) - raft.server.log.appender.install.snapshot.enabled = true (default)
2024-12-14 12:23:22,180 INFO  server.RaftServerConfigKeys (ConfUtils.java:logGet(46)) - raft.server.threadpool.server.cached = true (default)
2024-12-14 12:23:22,180 INFO  server.RaftServerConfigKeys (ConfUtils.java:logGet(46)) - raft.server.threadpool.server.size = 0 (default)
2024-12-14 12:23:22,180 INFO  server.RaftServerConfigKeys (ConfUtils.java:logGet(46)) - raft.server.threadpool.client.cached = true (default)
2024-12-14 12:23:22,180 INFO  server.RaftServerConfigKeys (ConfUtils.java:logGet(46)) - raft.server.threadpool.client.size = 0 (default)
2024-12-14 12:23:22,180 INFO  server.RaftServerConfigKeys (ConfUtils.java:logGet(46)) - raft.server.storage.free-space.min = 0MB (=0) (default)
2024-12-14 12:23:22,180 INFO  server.RaftServerConfigKeys (ConfUtils.java:logGet(46)) - raft.server.log.corruption.policy = EXCEPTION (default)
2024-12-14 12:23:22,180 INFO  server.RaftServerConfigKeys (ConfUtils.java:logGet(46)) - raft.server.storage.dir = [/home/runner/work/ratis/ratis/ratis-examples/target/test/data/da5193cb/MiniRaftClusterWithSimulatedRpced10c1e3/s4] (custom)
2024-12-14 12:23:22,180 INFO  storage.RaftStorageDirectory (RaftStorageDirectoryImpl.java:analyzeStorage(138)) - The storage directory /home/runner/work/ratis/ratis/ratis-examples/target/test/data/da5193cb/MiniRaftClusterWithSimulatedRpced10c1e3/s4/5db8f141-c3ca-46e1-bc0a-9b578ad62455 does not exist. Creating ...
2024-12-14 12:23:22,181 TRACE util.FileUtils (LogUtils.java:runAndLog(49)) - Successfully ran Files.createDirectories /home/runner/work/ratis/ratis/ratis-examples/target/test/data/da5193cb/MiniRaftClusterWithSimulatedRpced10c1e3/s4/5db8f141-c3ca-46e1-bc0a-9b578ad62455
2024-12-14 12:23:22,182 INFO  storage.RaftStorageDirectory (RaftStorageDirectoryImpl.java:tryLock(229)) - Lock on /home/runner/work/ratis/ratis/ratis-examples/target/test/data/da5193cb/MiniRaftClusterWithSimulatedRpced10c1e3/s4/5db8f141-c3ca-46e1-bc0a-9b578ad62455/in_use.lock acquired by nodename 14700@fv-az733-880
2024-12-14 12:23:22,182 TRACE util.FileUtils (LogUtils.java:runAndLog(49)) - Successfully ran Files.createDirectories /home/runner/work/ratis/ratis/ratis-examples/target/test/data/da5193cb/MiniRaftClusterWithSimulatedRpced10c1e3/s4/5db8f141-c3ca-46e1-bc0a-9b578ad62455/current
2024-12-14 12:23:22,182 TRACE util.FileUtils (LogUtils.java:runAndLog(49)) - Successfully ran Files.createDirectories /home/runner/work/ratis/ratis/ratis-examples/target/test/data/da5193cb/MiniRaftClusterWithSimulatedRpced10c1e3/s4/5db8f141-c3ca-46e1-bc0a-9b578ad62455/sm
2024-12-14 12:23:22,182 TRACE util.FileUtils (LogUtils.java:supplyAndLog(69)) - Successfully supplied FileChannel.open /home/runner/work/ratis/ratis/ratis-examples/target/test/data/da5193cb/MiniRaftClusterWithSimulatedRpced10c1e3/s4/5db8f141-c3ca-46e1-bc0a-9b578ad62455/current/raft-meta.tmp with options [CREATE, WRITE]: sun.nio.ch.FileChannelImpl@729a3f90
2024-12-14 12:23:22,183 TRACE util.FileUtils (LogUtils.java:runAndLog(49)) - Successfully ran Atomic Files.move /home/runner/work/ratis/ratis/ratis-examples/target/test/data/da5193cb/MiniRaftClusterWithSimulatedRpced10c1e3/s4/5db8f141-c3ca-46e1-bc0a-9b578ad62455/current/raft-meta.tmp to /home/runner/work/ratis/ratis/ratis-examples/target/test/data/da5193cb/MiniRaftClusterWithSimulatedRpced10c1e3/s4/5db8f141-c3ca-46e1-bc0a-9b578ad62455/current/raft-meta with options [REPLACE_EXISTING]
2024-12-14 12:23:22,184 INFO  storage.RaftStorage (RaftStorageImpl.java:format(98)) - Storage directory /home/runner/work/ratis/ratis/ratis-examples/target/test/data/da5193cb/MiniRaftClusterWithSimulatedRpced10c1e3/s4/5db8f141-c3ca-46e1-bc0a-9b578ad62455 has been successfully formatted.
2024-12-14 12:23:22,184 WARN  statemachine.StateMachine (ArithmeticStateMachine.java:loadSnapshot(115)) - The snapshot info is null.
2024-12-14 12:23:22,184 INFO  server.RaftServerConfigKeys (ConfUtils.java:logGet(46)) - raft.server.log.use.memory = false (default)
2024-12-14 12:23:22,184 INFO  server.RaftServerConfigKeys (ConfUtils.java:logGet(46)) - raft.server.log.purge.gap = 1024 (default)
2024-12-14 12:23:22,184 INFO  server.RaftServerConfigKeys (ConfUtils.java:logGet(46)) - raft.server.log.appender.buffer.byte-limit = 4MB (=4194304) (default)
2024-12-14 12:23:22,184 INFO  server.RaftServerConfigKeys (ConfUtils.java:logGet(46)) - raft.server.log.statemachine.data.read.timeout = 1000ms (default)
2024-12-14 12:23:22,184 INFO  server.RaftServerConfigKeys (ConfUtils.java:logGet(46)) - raft.server.log.purge.preservation.log.num = 0 (default)
2024-12-14 12:23:22,185 INFO  server.RaftServerConfigKeys (ConfUtils.java:logGet(46)) - raft.server.log.segment.size.max = 32MB (=33554432) (default)
2024-12-14 12:23:22,185 INFO  server.RaftServerConfigKeys (ConfUtils.java:logGet(46)) - raft.server.log.segment.cache.num.max = 6 (default)
2024-12-14 12:23:22,185 INFO  server.RaftServerConfigKeys (ConfUtils.java:logGet(46)) - raft.server.log.segment.cache.size.max = 200MB (=209715200) (default)
2024-12-14 12:23:22,185 INFO  server.RaftServerConfigKeys (ConfUtils.java:logGet(46)) - raft.server.log.appender.buffer.byte-limit = 4MB (=4194304) (default)
2024-12-14 12:23:22,185 INFO  util.AwaitToRun (AwaitToRun.java:start(81)) - Thread[s4@group-9B578AD62455-cacheEviction-AwaitToRun,5,main] started
2024-12-14 12:23:22,185 INFO  segmented.SegmentedRaftLogWorker (SegmentedRaftLogWorker.java:<init>(189)) - new s4@group-9B578AD62455-SegmentedRaftLogWorker for RaftStorageImpl:Storage Directory /home/runner/work/ratis/ratis/ratis-examples/target/test/data/da5193cb/MiniRaftClusterWithSimulatedRpced10c1e3/s4/5db8f141-c3ca-46e1-bc0a-9b578ad62455
2024-12-14 12:23:22,185 INFO  server.RaftServerConfigKeys (ConfUtils.java:logGet(46)) - raft.server.log.queue.byte-limit = 64MB (=67108864) (default)
2024-12-14 12:23:22,185 INFO  server.RaftServerConfigKeys (ConfUtils.java:logGet(46)) - raft.server.log.queue.element-limit = 4096 (default)
2024-12-14 12:23:22,186 INFO  server.RaftServerConfigKeys (ConfUtils.java:logGet(46)) - raft.server.log.segment.size.max = 32MB (=33554432) (default)
2024-12-14 12:23:22,186 INFO  server.RaftServerConfigKeys (ConfUtils.java:logGet(46)) - raft.server.log.preallocated.size = 4MB (=4194304) (default)
2024-12-14 12:23:22,186 INFO  server.RaftServerConfigKeys (ConfUtils.java:logGet(46)) - raft.server.log.force.sync.num = 128 (default)
2024-12-14 12:23:22,186 INFO  server.RaftServerConfigKeys (ConfUtils.java:logGet(46)) - raft.server.log.statemachine.data.sync = true (default)
2024-12-14 12:23:22,186 INFO  server.RaftServerConfigKeys (ConfUtils.java:logGet(46)) - raft.server.log.statemachine.data.sync.timeout = 10s (default)
2024-12-14 12:23:22,186 INFO  server.RaftServerConfigKeys (ConfUtils.java:logGet(46)) - raft.server.log.statemachine.data.sync.timeout.retry = -1 (default)
2024-12-14 12:23:22,186 INFO  server.RaftServerConfigKeys (ConfUtils.java:logGet(46)) - raft.server.log.write.buffer.size = 8MB (=8388608) (default)
2024-12-14 12:23:22,188 INFO  server.RaftServerConfigKeys (ConfUtils.java:logGet(46)) - raft.server.log.appender.buffer.byte-limit = 4MB (=4194304) (default)
2024-12-14 12:23:22,188 INFO  server.RaftServerConfigKeys (ConfUtils.java:logGet(46)) - raft.server.log.unsafe-flush.enabled = false (default)
2024-12-14 12:23:22,188 INFO  server.RaftServerConfigKeys (ConfUtils.java:logGet(46)) - raft.server.log.async-flush.enabled = false (default)
2024-12-14 12:23:22,188 INFO  server.RaftServerConfigKeys (ConfUtils.java:logGet(46)) - raft.server.log.statemachine.data.caching.enabled = false (default)
2024-12-14 12:23:22,189 INFO  segmented.SegmentedRaftLogWorker (SegmentedRaftLogWorker.java:lambda$new$0(140)) - s4@group-9B578AD62455-SegmentedRaftLogWorker: flushIndex: setUnconditionally 0 -> -1
2024-12-14 12:23:22,189 INFO  segmented.SegmentedRaftLogWorker (SegmentedRaftLogWorker.java:lambda$new$0(140)) - s4@group-9B578AD62455-SegmentedRaftLogWorker: safeCacheEvictIndex: setUnconditionally 0 -> -1
2024-12-14 12:23:22,189 INFO  server.RaftServer$Division (RaftServerImpl.java:start(392)) - s4@group-9B578AD62455: start as a follower, conf=conf: {index: -1, cur=peers:[s4, s5, s6]|listeners:[], old=null}
2024-12-14 12:23:22,189 INFO  server.RaftServer$Division (RaftServerImpl.java:setRole(379)) - s4@group-9B578AD62455: changes role from      null to FOLLOWER at term 0 for startAsFollower
2024-12-14 12:23:22,189 INFO  impl.RoleInfo (RoleInfo.java:updateAndGet(148)) - s4: start s4@group-9B578AD62455-FollowerState
2024-12-14 12:23:22,189 INFO  util.JmxRegister (JmxRegister.java:tryRegister(44)) - Successfully registered JMX Bean with object name Ratis:service=RaftServer,group=group-9B578AD62455,id=s4
2024-12-14 12:23:22,189 INFO  util.JmxRegister (JmxRegister.java:register(58)) - register mxBean class org.apache.ratis.server.impl.RaftServerJmxAdapter as Ratis:service=RaftServer,group=group-9B578AD62455,id=s4
2024-12-14 12:23:22,190 INFO  server.RaftServerConfigKeys (ConfUtils.java:logGet(46)) - raft.server.snapshot.trigger-when-stop.enabled = true (default)
2024-12-14 12:23:22,190 INFO  server.RaftServerConfigKeys (ConfUtils.java:logGet(46)) - raft.server.snapshot.trigger-when-remove.enabled = true (default)
2024-12-14 12:23:22,190 INFO  server.RaftServerConfigKeys (ConfUtils.java:logGet(46)) - raft.server.snapshot.auto.trigger.enabled = false (default)
2024-12-14 12:23:22,190 INFO  server.RaftServerConfigKeys (ConfUtils.java:logGet(46)) - raft.server.snapshot.retention.file.num = -1 (default)
2024-12-14 12:23:22,190 INFO  server.RaftServerConfigKeys (ConfUtils.java:logGet(46)) - raft.server.log.purge.upto.snapshot.index = false (default)
2024-12-14 12:23:22,189 INFO  server.RaftServerConfigKeys (ConfUtils.java:logFallback(53)) - raft.server.rpc.first-election.timeout.min = 300ms (fallback to raft.server.rpc.timeout.min)
2024-12-14 12:23:22,190 INFO  server.RaftServerConfigKeys (ConfUtils.java:logFallback(53)) - raft.server.rpc.first-election.timeout.max = 600ms (fallback to raft.server.rpc.timeout.max)
2024-12-14 12:23:22,190 INFO  server.RaftServer$Division (RaftServerImpl.java:start(406)) - s4@group-9B578AD62455: Successfully started.
2024-12-14 12:23:22,191 INFO  server.RaftServer (RaftServerProxy.java:addNew(101)) - s5: addNew group-9B578AD62455:[s4, s5, s6] returns group-9B578AD62455:java.util.concurrent.CompletableFuture@40776e33[Not completed]
2024-12-14 12:23:22,191 INFO  server.RaftServer$Division (RaftServerImpl.java:<init>(256)) - s5: new RaftServerImpl for group-9B578AD62455:[s4, s5, s6] with ArithmeticStateMachine:uninitialized
2024-12-14 12:23:22,191 INFO  server.RaftServerConfigKeys (ConfUtils.java:logGet(46)) - raft.server.rpc.timeout.min = 300ms (custom)
2024-12-14 12:23:22,191 INFO  server.RaftServerConfigKeys (ConfUtils.java:logGet(46)) - raft.server.rpc.timeout.max = 600ms (custom)
2024-12-14 12:23:22,191 INFO  server.RaftServerConfigKeys (ConfUtils.java:logGet(46)) - raft.server.rpc.sleep.time = 25ms (default)
2024-12-14 12:23:22,192 INFO  server.RaftServerConfigKeys (ConfUtils.java:logGet(46)) - raft.server.rpc.slowness.timeout = 60s (default)
2024-12-14 12:23:22,192 INFO  server.RaftServerConfigKeys (ConfUtils.java:logGet(46)) - raft.server.leaderelection.leader.step-down.wait-time = 10s (default)
2024-12-14 12:23:22,192 INFO  server.RaftServerConfigKeys (ConfUtils.java:logGet(46)) - raft.server.leaderelection.member.majority-add = false (default)
2024-12-14 12:23:22,192 INFO  server.RaftServerConfigKeys (ConfUtils.java:logGet(46)) - raft.server.sleep.deviation.threshold = 300ms (default)
2024-12-14 12:23:22,192 INFO  server.RaftServer$Division (ServerState.java:<init>(114)) - s5@group-9B578AD62455: ConfigurationManager, init=conf: {index: -1, cur=peers:[s4, s5, s6]|listeners:[], old=null}, confs=<EMPTY_MAP>
2024-12-14 12:23:22,192 INFO  server.RaftServerConfigKeys (ConfUtils.java:logGet(46)) - raft.server.notification.no-leader.timeout = 60s (default)
2024-12-14 12:23:22,192 INFO  server.RaftServerConfigKeys (ConfUtils.java:logGet(46)) - raft.server.read.timeout = 10s (default)
2024-12-14 12:23:22,192 INFO  server.RaftServerConfigKeys (ConfUtils.java:logGet(46)) - raft.server.retrycache.expirytime = 60s (default)
2024-12-14 12:23:22,192 INFO  server.RaftServerConfigKeys (ConfUtils.java:logGet(46)) - raft.server.retrycache.statistics.expirytime = 100ms (default)
2024-12-14 12:23:22,192 INFO  server.RaftServerConfigKeys (ConfUtils.java:logGet(46)) - raft.server.read.option = DEFAULT (default)
2024-12-14 12:23:22,192 INFO  server.RaftServerConfigKeys (ConfUtils.java:logGet(46)) - raft.server.read.read-after-write-consistent.write-index-cache.expiry-time = 60s (default)
2024-12-14 12:23:22,193 INFO  server.RaftServerConfigKeys (ConfUtils.java:logGet(46)) - raft.server.rpc.request.timeout = 3000ms (default)
2024-12-14 12:23:22,193 INFO  server.RaftServerConfigKeys (ConfUtils.java:logGet(46)) - raft.server.log.appender.install.snapshot.enabled = true (default)
2024-12-14 12:23:22,193 INFO  server.RaftServerConfigKeys (ConfUtils.java:logGet(46)) - raft.server.threadpool.server.cached = true (default)
2024-12-14 12:23:22,193 INFO  server.RaftServerConfigKeys (ConfUtils.java:logGet(46)) - raft.server.threadpool.server.size = 0 (default)
2024-12-14 12:23:22,193 INFO  server.RaftServerConfigKeys (ConfUtils.java:logGet(46)) - raft.server.threadpool.client.cached = true (default)
2024-12-14 12:23:22,193 INFO  server.RaftServerConfigKeys (ConfUtils.java:logGet(46)) - raft.server.threadpool.client.size = 0 (default)
2024-12-14 12:23:22,194 INFO  server.RaftServerConfigKeys (ConfUtils.java:logGet(46)) - raft.server.storage.free-space.min = 0MB (=0) (default)
2024-12-14 12:23:22,194 INFO  server.RaftServerConfigKeys (ConfUtils.java:logGet(46)) - raft.server.log.corruption.policy = EXCEPTION (default)
2024-12-14 12:23:22,194 INFO  server.RaftServerConfigKeys (ConfUtils.java:logGet(46)) - raft.server.storage.dir = [/home/runner/work/ratis/ratis/ratis-examples/target/test/data/da5193cb/MiniRaftClusterWithSimulatedRpced10c1e3/s5] (custom)
2024-12-14 12:23:22,194 INFO  storage.RaftStorageDirectory (RaftStorageDirectoryImpl.java:analyzeStorage(138)) - The storage directory /home/runner/work/ratis/ratis/ratis-examples/target/test/data/da5193cb/MiniRaftClusterWithSimulatedRpced10c1e3/s5/5db8f141-c3ca-46e1-bc0a-9b578ad62455 does not exist. Creating ...
2024-12-14 12:23:22,194 TRACE util.FileUtils (LogUtils.java:runAndLog(49)) - Successfully ran Files.createDirectories /home/runner/work/ratis/ratis/ratis-examples/target/test/data/da5193cb/MiniRaftClusterWithSimulatedRpced10c1e3/s5/5db8f141-c3ca-46e1-bc0a-9b578ad62455
2024-12-14 12:23:22,195 INFO  storage.RaftStorageDirectory (RaftStorageDirectoryImpl.java:tryLock(229)) - Lock on /home/runner/work/ratis/ratis/ratis-examples/target/test/data/da5193cb/MiniRaftClusterWithSimulatedRpced10c1e3/s5/5db8f141-c3ca-46e1-bc0a-9b578ad62455/in_use.lock acquired by nodename 14700@fv-az733-880
2024-12-14 12:23:22,195 TRACE util.FileUtils (LogUtils.java:runAndLog(49)) - Successfully ran Files.createDirectories /home/runner/work/ratis/ratis/ratis-examples/target/test/data/da5193cb/MiniRaftClusterWithSimulatedRpced10c1e3/s5/5db8f141-c3ca-46e1-bc0a-9b578ad62455/current
2024-12-14 12:23:22,195 TRACE util.FileUtils (LogUtils.java:runAndLog(49)) - Successfully ran Files.createDirectories /home/runner/work/ratis/ratis/ratis-examples/target/test/data/da5193cb/MiniRaftClusterWithSimulatedRpced10c1e3/s5/5db8f141-c3ca-46e1-bc0a-9b578ad62455/sm
2024-12-14 12:23:22,196 TRACE util.FileUtils (LogUtils.java:supplyAndLog(69)) - Successfully supplied FileChannel.open /home/runner/work/ratis/ratis/ratis-examples/target/test/data/da5193cb/MiniRaftClusterWithSimulatedRpced10c1e3/s5/5db8f141-c3ca-46e1-bc0a-9b578ad62455/current/raft-meta.tmp with options [CREATE, WRITE]: sun.nio.ch.FileChannelImpl@4bb24f02
2024-12-14 12:23:22,197 TRACE util.FileUtils (LogUtils.java:runAndLog(49)) - Successfully ran Atomic Files.move /home/runner/work/ratis/ratis/ratis-examples/target/test/data/da5193cb/MiniRaftClusterWithSimulatedRpced10c1e3/s5/5db8f141-c3ca-46e1-bc0a-9b578ad62455/current/raft-meta.tmp to /home/runner/work/ratis/ratis/ratis-examples/target/test/data/da5193cb/MiniRaftClusterWithSimulatedRpced10c1e3/s5/5db8f141-c3ca-46e1-bc0a-9b578ad62455/current/raft-meta with options [REPLACE_EXISTING]
2024-12-14 12:23:22,197 INFO  storage.RaftStorage (RaftStorageImpl.java:format(98)) - Storage directory /home/runner/work/ratis/ratis/ratis-examples/target/test/data/da5193cb/MiniRaftClusterWithSimulatedRpced10c1e3/s5/5db8f141-c3ca-46e1-bc0a-9b578ad62455 has been successfully formatted.
2024-12-14 12:23:22,197 WARN  statemachine.StateMachine (ArithmeticStateMachine.java:loadSnapshot(115)) - The snapshot info is null.
2024-12-14 12:23:22,197 INFO  server.RaftServerConfigKeys (ConfUtils.java:logGet(46)) - raft.server.log.use.memory = false (default)
2024-12-14 12:23:22,197 INFO  server.RaftServerConfigKeys (ConfUtils.java:logGet(46)) - raft.server.log.purge.gap = 1024 (default)
2024-12-14 12:23:22,197 INFO  server.RaftServerConfigKeys (ConfUtils.java:logGet(46)) - raft.server.log.appender.buffer.byte-limit = 4MB (=4194304) (default)
2024-12-14 12:23:22,197 INFO  server.RaftServerConfigKeys (ConfUtils.java:logGet(46)) - raft.server.log.statemachine.data.read.timeout = 1000ms (default)
2024-12-14 12:23:22,198 INFO  server.RaftServerConfigKeys (ConfUtils.java:logGet(46)) - raft.server.log.purge.preservation.log.num = 0 (default)
2024-12-14 12:23:22,198 INFO  server.RaftServerConfigKeys (ConfUtils.java:logGet(46)) - raft.server.log.segment.size.max = 32MB (=33554432) (default)
2024-12-14 12:23:22,198 INFO  server.RaftServerConfigKeys (ConfUtils.java:logGet(46)) - raft.server.log.segment.cache.num.max = 6 (default)
2024-12-14 12:23:22,198 INFO  server.RaftServerConfigKeys (ConfUtils.java:logGet(46)) - raft.server.log.segment.cache.size.max = 200MB (=209715200) (default)
2024-12-14 12:23:22,198 INFO  server.RaftServerConfigKeys (ConfUtils.java:logGet(46)) - raft.server.log.appender.buffer.byte-limit = 4MB (=4194304) (default)
2024-12-14 12:23:22,198 INFO  util.AwaitToRun (AwaitToRun.java:start(81)) - Thread[s5@group-9B578AD62455-cacheEviction-AwaitToRun,5,main] started
2024-12-14 12:23:22,199 INFO  segmented.SegmentedRaftLogWorker (SegmentedRaftLogWorker.java:<init>(189)) - new s5@group-9B578AD62455-SegmentedRaftLogWorker for RaftStorageImpl:Storage Directory /home/runner/work/ratis/ratis/ratis-examples/target/test/data/da5193cb/MiniRaftClusterWithSimulatedRpced10c1e3/s5/5db8f141-c3ca-46e1-bc0a-9b578ad62455
2024-12-14 12:23:22,199 INFO  server.RaftServerConfigKeys (ConfUtils.java:logGet(46)) - raft.server.log.queue.byte-limit = 64MB (=67108864) (default)
2024-12-14 12:23:22,199 INFO  server.RaftServerConfigKeys (ConfUtils.java:logGet(46)) - raft.server.log.queue.element-limit = 4096 (default)
2024-12-14 12:23:22,199 INFO  server.RaftServerConfigKeys (ConfUtils.java:logGet(46)) - raft.server.log.segment.size.max = 32MB (=33554432) (default)
2024-12-14 12:23:22,199 INFO  server.RaftServerConfigKeys (ConfUtils.java:logGet(46)) - raft.server.log.preallocated.size = 4MB (=4194304) (default)
2024-12-14 12:23:22,199 INFO  server.RaftServerConfigKeys (ConfUtils.java:logGet(46)) - raft.server.log.force.sync.num = 128 (default)
2024-12-14 12:23:22,199 INFO  server.RaftServerConfigKeys (ConfUtils.java:logGet(46)) - raft.server.log.statemachine.data.sync = true (default)
2024-12-14 12:23:22,199 INFO  server.RaftServerConfigKeys (ConfUtils.java:logGet(46)) - raft.server.log.statemachine.data.sync.timeout = 10s (default)
2024-12-14 12:23:22,199 INFO  server.RaftServerConfigKeys (ConfUtils.java:logGet(46)) - raft.server.log.statemachine.data.sync.timeout.retry = -1 (default)
2024-12-14 12:23:22,199 INFO  server.RaftServerConfigKeys (ConfUtils.java:logGet(46)) - raft.server.log.write.buffer.size = 8MB (=8388608) (default)
2024-12-14 12:23:22,201 INFO  server.RaftServerConfigKeys (ConfUtils.java:logGet(46)) - raft.server.log.appender.buffer.byte-limit = 4MB (=4194304) (default)
2024-12-14 12:23:22,201 INFO  server.RaftServerConfigKeys (ConfUtils.java:logGet(46)) - raft.server.log.unsafe-flush.enabled = false (default)
2024-12-14 12:23:22,202 INFO  server.RaftServerConfigKeys (ConfUtils.java:logGet(46)) - raft.server.log.async-flush.enabled = false (default)
2024-12-14 12:23:22,202 INFO  server.RaftServerConfigKeys (ConfUtils.java:logGet(46)) - raft.server.log.statemachine.data.caching.enabled = false (default)
2024-12-14 12:23:22,202 INFO  segmented.SegmentedRaftLogWorker (SegmentedRaftLogWorker.java:lambda$new$0(140)) - s5@group-9B578AD62455-SegmentedRaftLogWorker: flushIndex: setUnconditionally 0 -> -1
2024-12-14 12:23:22,202 INFO  segmented.SegmentedRaftLogWorker (SegmentedRaftLogWorker.java:lambda$new$0(140)) - s5@group-9B578AD62455-SegmentedRaftLogWorker: safeCacheEvictIndex: setUnconditionally 0 -> -1
2024-12-14 12:23:22,202 INFO  server.RaftServer$Division (RaftServerImpl.java:start(392)) - s5@group-9B578AD62455: start as a follower, conf=conf: {index: -1, cur=peers:[s4, s5, s6]|listeners:[], old=null}
2024-12-14 12:23:22,202 INFO  server.RaftServer$Division (RaftServerImpl.java:setRole(379)) - s5@group-9B578AD62455: changes role from      null to FOLLOWER at term 0 for startAsFollower
2024-12-14 12:23:22,202 INFO  impl.RoleInfo (RoleInfo.java:updateAndGet(148)) - s5: start s5@group-9B578AD62455-FollowerState
2024-12-14 12:23:22,203 INFO  util.JmxRegister (JmxRegister.java:tryRegister(44)) - Successfully registered JMX Bean with object name Ratis:service=RaftServer,group=group-9B578AD62455,id=s5
2024-12-14 12:23:22,203 INFO  util.JmxRegister (JmxRegister.java:register(58)) - register mxBean class org.apache.ratis.server.impl.RaftServerJmxAdapter as Ratis:service=RaftServer,group=group-9B578AD62455,id=s5
2024-12-14 12:23:22,203 INFO  server.RaftServerConfigKeys (ConfUtils.java:logGet(46)) - raft.server.snapshot.trigger-when-stop.enabled = true (default)
2024-12-14 12:23:22,203 INFO  server.RaftServerConfigKeys (ConfUtils.java:logGet(46)) - raft.server.snapshot.trigger-when-remove.enabled = true (default)
2024-12-14 12:23:22,203 INFO  server.RaftServerConfigKeys (ConfUtils.java:logGet(46)) - raft.server.snapshot.auto.trigger.enabled = false (default)
2024-12-14 12:23:22,203 INFO  server.RaftServerConfigKeys (ConfUtils.java:logGet(46)) - raft.server.snapshot.retention.file.num = -1 (default)
2024-12-14 12:23:22,203 INFO  server.RaftServerConfigKeys (ConfUtils.java:logGet(46)) - raft.server.log.purge.upto.snapshot.index = false (default)
2024-12-14 12:23:22,203 INFO  server.RaftServerConfigKeys (ConfUtils.java:logFallback(53)) - raft.server.rpc.first-election.timeout.min = 300ms (fallback to raft.server.rpc.timeout.min)
2024-12-14 12:23:22,203 INFO  server.RaftServerConfigKeys (ConfUtils.java:logFallback(53)) - raft.server.rpc.first-election.timeout.max = 600ms (fallback to raft.server.rpc.timeout.max)
2024-12-14 12:23:22,203 INFO  server.RaftServer$Division (RaftServerImpl.java:start(406)) - s5@group-9B578AD62455: Successfully started.
2024-12-14 12:23:22,204 INFO  server.RaftServer (RaftServerProxy.java:addNew(101)) - s6: addNew group-9B578AD62455:[s4, s5, s6] returns group-9B578AD62455:java.util.concurrent.CompletableFuture@4e6be59a[Not completed]
2024-12-14 12:23:22,205 INFO  server.RaftServer$Division (RaftServerImpl.java:<init>(256)) - s6: new RaftServerImpl for group-9B578AD62455:[s4, s5, s6] with ArithmeticStateMachine:uninitialized
2024-12-14 12:23:22,205 INFO  server.RaftServerConfigKeys (ConfUtils.java:logGet(46)) - raft.server.rpc.timeout.min = 300ms (custom)
2024-12-14 12:23:22,205 INFO  server.RaftServerConfigKeys (ConfUtils.java:logGet(46)) - raft.server.rpc.timeout.max = 600ms (custom)
2024-12-14 12:23:22,205 INFO  server.RaftServerConfigKeys (ConfUtils.java:logGet(46)) - raft.server.rpc.sleep.time = 25ms (default)
2024-12-14 12:23:22,205 INFO  server.RaftServerConfigKeys (ConfUtils.java:logGet(46)) - raft.server.rpc.slowness.timeout = 60s (default)
2024-12-14 12:23:22,205 INFO  server.RaftServerConfigKeys (ConfUtils.java:logGet(46)) - raft.server.leaderelection.leader.step-down.wait-time = 10s (default)
2024-12-14 12:23:22,205 INFO  server.RaftServerConfigKeys (ConfUtils.java:logGet(46)) - raft.server.leaderelection.member.majority-add = false (default)
2024-12-14 12:23:22,205 INFO  server.RaftServerConfigKeys (ConfUtils.java:logGet(46)) - raft.server.sleep.deviation.threshold = 300ms (default)
2024-12-14 12:23:22,205 INFO  server.RaftServer$Division (ServerState.java:<init>(114)) - s6@group-9B578AD62455: ConfigurationManager, init=conf: {index: -1, cur=peers:[s4, s5, s6]|listeners:[], old=null}, confs=<EMPTY_MAP>
2024-12-14 12:23:22,205 INFO  server.RaftServerConfigKeys (ConfUtils.java:logGet(46)) - raft.server.notification.no-leader.timeout = 60s (default)
2024-12-14 12:23:22,205 INFO  server.RaftServerConfigKeys (ConfUtils.java:logGet(46)) - raft.server.read.timeout = 10s (default)
2024-12-14 12:23:22,206 INFO  server.RaftServerConfigKeys (ConfUtils.java:logGet(46)) - raft.server.retrycache.expirytime = 60s (default)
2024-12-14 12:23:22,206 INFO  server.RaftServerConfigKeys (ConfUtils.java:logGet(46)) - raft.server.retrycache.statistics.expirytime = 100ms (default)
2024-12-14 12:23:22,206 INFO  server.RaftServerConfigKeys (ConfUtils.java:logGet(46)) - raft.server.read.option = DEFAULT (default)
2024-12-14 12:23:22,206 INFO  server.RaftServerConfigKeys (ConfUtils.java:logGet(46)) - raft.server.read.read-after-write-consistent.write-index-cache.expiry-time = 60s (default)
2024-12-14 12:23:22,207 INFO  server.RaftServerConfigKeys (ConfUtils.java:logGet(46)) - raft.server.rpc.request.timeout = 3000ms (default)
2024-12-14 12:23:22,207 INFO  server.RaftServerConfigKeys (ConfUtils.java:logGet(46)) - raft.server.log.appender.install.snapshot.enabled = true (default)
2024-12-14 12:23:22,207 INFO  server.RaftServerConfigKeys (ConfUtils.java:logGet(46)) - raft.server.threadpool.server.cached = true (default)
2024-12-14 12:23:22,207 INFO  server.RaftServerConfigKeys (ConfUtils.java:logGet(46)) - raft.server.threadpool.server.size = 0 (default)
2024-12-14 12:23:22,207 INFO  server.RaftServerConfigKeys (ConfUtils.java:logGet(46)) - raft.server.threadpool.client.cached = true (default)
2024-12-14 12:23:22,207 INFO  server.RaftServerConfigKeys (ConfUtils.java:logGet(46)) - raft.server.threadpool.client.size = 0 (default)
2024-12-14 12:23:22,207 INFO  server.RaftServerConfigKeys (ConfUtils.java:logGet(46)) - raft.server.storage.free-space.min = 0MB (=0) (default)
2024-12-14 12:23:22,207 INFO  server.RaftServerConfigKeys (ConfUtils.java:logGet(46)) - raft.server.log.corruption.policy = EXCEPTION (default)
2024-12-14 12:23:22,207 INFO  server.RaftServerConfigKeys (ConfUtils.java:logGet(46)) - raft.server.storage.dir = [/home/runner/work/ratis/ratis/ratis-examples/target/test/data/da5193cb/MiniRaftClusterWithSimulatedRpced10c1e3/s6] (custom)
2024-12-14 12:23:22,208 INFO  storage.RaftStorageDirectory (RaftStorageDirectoryImpl.java:analyzeStorage(138)) - The storage directory /home/runner/work/ratis/ratis/ratis-examples/target/test/data/da5193cb/MiniRaftClusterWithSimulatedRpced10c1e3/s6/5db8f141-c3ca-46e1-bc0a-9b578ad62455 does not exist. Creating ...
2024-12-14 12:23:22,208 TRACE util.FileUtils (LogUtils.java:runAndLog(49)) - Successfully ran Files.createDirectories /home/runner/work/ratis/ratis/ratis-examples/target/test/data/da5193cb/MiniRaftClusterWithSimulatedRpced10c1e3/s6/5db8f141-c3ca-46e1-bc0a-9b578ad62455
2024-12-14 12:23:22,209 INFO  storage.RaftStorageDirectory (RaftStorageDirectoryImpl.java:tryLock(229)) - Lock on /home/runner/work/ratis/ratis/ratis-examples/target/test/data/da5193cb/MiniRaftClusterWithSimulatedRpced10c1e3/s6/5db8f141-c3ca-46e1-bc0a-9b578ad62455/in_use.lock acquired by nodename 14700@fv-az733-880
2024-12-14 12:23:22,209 TRACE util.FileUtils (LogUtils.java:runAndLog(49)) - Successfully ran Files.createDirectories /home/runner/work/ratis/ratis/ratis-examples/target/test/data/da5193cb/MiniRaftClusterWithSimulatedRpced10c1e3/s6/5db8f141-c3ca-46e1-bc0a-9b578ad62455/current
2024-12-14 12:23:22,209 TRACE util.FileUtils (LogUtils.java:runAndLog(49)) - Successfully ran Files.createDirectories /home/runner/work/ratis/ratis/ratis-examples/target/test/data/da5193cb/MiniRaftClusterWithSimulatedRpced10c1e3/s6/5db8f141-c3ca-46e1-bc0a-9b578ad62455/sm
2024-12-14 12:23:22,209 TRACE util.FileUtils (LogUtils.java:supplyAndLog(69)) - Successfully supplied FileChannel.open /home/runner/work/ratis/ratis/ratis-examples/target/test/data/da5193cb/MiniRaftClusterWithSimulatedRpced10c1e3/s6/5db8f141-c3ca-46e1-bc0a-9b578ad62455/current/raft-meta.tmp with options [CREATE, WRITE]: sun.nio.ch.FileChannelImpl@5f78a112
2024-12-14 12:23:22,211 TRACE util.FileUtils (LogUtils.java:runAndLog(49)) - Successfully ran Atomic Files.move /home/runner/work/ratis/ratis/ratis-examples/target/test/data/da5193cb/MiniRaftClusterWithSimulatedRpced10c1e3/s6/5db8f141-c3ca-46e1-bc0a-9b578ad62455/current/raft-meta.tmp to /home/runner/work/ratis/ratis/ratis-examples/target/test/data/da5193cb/MiniRaftClusterWithSimulatedRpced10c1e3/s6/5db8f141-c3ca-46e1-bc0a-9b578ad62455/current/raft-meta with options [REPLACE_EXISTING]
2024-12-14 12:23:22,211 INFO  storage.RaftStorage (RaftStorageImpl.java:format(98)) - Storage directory /home/runner/work/ratis/ratis/ratis-examples/target/test/data/da5193cb/MiniRaftClusterWithSimulatedRpced10c1e3/s6/5db8f141-c3ca-46e1-bc0a-9b578ad62455 has been successfully formatted.
2024-12-14 12:23:22,211 WARN  statemachine.StateMachine (ArithmeticStateMachine.java:loadSnapshot(115)) - The snapshot info is null.
2024-12-14 12:23:22,211 INFO  server.RaftServerConfigKeys (ConfUtils.java:logGet(46)) - raft.server.log.use.memory = false (default)
2024-12-14 12:23:22,211 INFO  server.RaftServerConfigKeys (ConfUtils.java:logGet(46)) - raft.server.log.purge.gap = 1024 (default)
2024-12-14 12:23:22,211 INFO  server.RaftServerConfigKeys (ConfUtils.java:logGet(46)) - raft.server.log.appender.buffer.byte-limit = 4MB (=4194304) (default)
2024-12-14 12:23:22,211 INFO  server.RaftServerConfigKeys (ConfUtils.java:logGet(46)) - raft.server.log.statemachine.data.read.timeout = 1000ms (default)
2024-12-14 12:23:22,211 INFO  server.RaftServerConfigKeys (ConfUtils.java:logGet(46)) - raft.server.log.purge.preservation.log.num = 0 (default)
2024-12-14 12:23:22,212 INFO  server.RaftServerConfigKeys (ConfUtils.java:logGet(46)) - raft.server.log.segment.size.max = 32MB (=33554432) (default)
2024-12-14 12:23:22,212 INFO  server.RaftServerConfigKeys (ConfUtils.java:logGet(46)) - raft.server.log.segment.cache.num.max = 6 (default)
2024-12-14 12:23:22,212 INFO  server.RaftServerConfigKeys (ConfUtils.java:logGet(46)) - raft.server.log.segment.cache.size.max = 200MB (=209715200) (default)
2024-12-14 12:23:22,212 INFO  server.RaftServerConfigKeys (ConfUtils.java:logGet(46)) - raft.server.log.appender.buffer.byte-limit = 4MB (=4194304) (default)
2024-12-14 12:23:22,212 INFO  util.AwaitToRun (AwaitToRun.java:start(81)) - Thread[s6@group-9B578AD62455-cacheEviction-AwaitToRun,5,main] started
2024-12-14 12:23:22,212 INFO  segmented.SegmentedRaftLogWorker (SegmentedRaftLogWorker.java:<init>(189)) - new s6@group-9B578AD62455-SegmentedRaftLogWorker for RaftStorageImpl:Storage Directory /home/runner/work/ratis/ratis/ratis-examples/target/test/data/da5193cb/MiniRaftClusterWithSimulatedRpced10c1e3/s6/5db8f141-c3ca-46e1-bc0a-9b578ad62455
2024-12-14 12:23:22,213 INFO  server.RaftServerConfigKeys (ConfUtils.java:logGet(46)) - raft.server.log.queue.byte-limit = 64MB (=67108864) (default)
2024-12-14 12:23:22,213 INFO  server.RaftServerConfigKeys (ConfUtils.java:logGet(46)) - raft.server.log.queue.element-limit = 4096 (default)
2024-12-14 12:23:22,213 INFO  server.RaftServerConfigKeys (ConfUtils.java:logGet(46)) - raft.server.log.segment.size.max = 32MB (=33554432) (default)
2024-12-14 12:23:22,213 INFO  server.RaftServerConfigKeys (ConfUtils.java:logGet(46)) - raft.server.log.preallocated.size = 4MB (=4194304) (default)
2024-12-14 12:23:22,213 INFO  server.RaftServerConfigKeys (ConfUtils.java:logGet(46)) - raft.server.log.force.sync.num = 128 (default)
2024-12-14 12:23:22,213 INFO  server.RaftServerConfigKeys (ConfUtils.java:logGet(46)) - raft.server.log.statemachine.data.sync = true (default)
2024-12-14 12:23:22,213 INFO  server.RaftServerConfigKeys (ConfUtils.java:logGet(46)) - raft.server.log.statemachine.data.sync.timeout = 10s (default)
2024-12-14 12:23:22,213 INFO  server.RaftServerConfigKeys (ConfUtils.java:logGet(46)) - raft.server.log.statemachine.data.sync.timeout.retry = -1 (default)
2024-12-14 12:23:22,213 INFO  server.RaftServerConfigKeys (ConfUtils.java:logGet(46)) - raft.server.log.write.buffer.size = 8MB (=8388608) (default)
2024-12-14 12:23:22,215 INFO  server.RaftServerConfigKeys (ConfUtils.java:logGet(46)) - raft.server.log.appender.buffer.byte-limit = 4MB (=4194304) (default)
2024-12-14 12:23:22,215 INFO  server.RaftServerConfigKeys (ConfUtils.java:logGet(46)) - raft.server.log.unsafe-flush.enabled = false (default)
2024-12-14 12:23:22,215 INFO  server.RaftServerConfigKeys (ConfUtils.java:logGet(46)) - raft.server.log.async-flush.enabled = false (default)
2024-12-14 12:23:22,215 INFO  server.RaftServerConfigKeys (ConfUtils.java:logGet(46)) - raft.server.log.statemachine.data.caching.enabled = false (default)
2024-12-14 12:23:22,216 INFO  segmented.SegmentedRaftLogWorker (SegmentedRaftLogWorker.java:lambda$new$0(140)) - s6@group-9B578AD62455-SegmentedRaftLogWorker: flushIndex: setUnconditionally 0 -> -1
2024-12-14 12:23:22,216 INFO  segmented.SegmentedRaftLogWorker (SegmentedRaftLogWorker.java:lambda$new$0(140)) - s6@group-9B578AD62455-SegmentedRaftLogWorker: safeCacheEvictIndex: setUnconditionally 0 -> -1
2024-12-14 12:23:22,216 INFO  server.RaftServer$Division (RaftServerImpl.java:start(392)) - s6@group-9B578AD62455: start as a follower, conf=conf: {index: -1, cur=peers:[s4, s5, s6]|listeners:[], old=null}
2024-12-14 12:23:22,216 INFO  server.RaftServer$Division (RaftServerImpl.java:setRole(379)) - s6@group-9B578AD62455: changes role from      null to FOLLOWER at term 0 for startAsFollower
2024-12-14 12:23:22,216 INFO  impl.RoleInfo (RoleInfo.java:updateAndGet(148)) - s6: start s6@group-9B578AD62455-FollowerState
2024-12-14 12:23:22,216 INFO  util.JmxRegister (JmxRegister.java:tryRegister(44)) - Successfully registered JMX Bean with object name Ratis:service=RaftServer,group=group-9B578AD62455,id=s6
2024-12-14 12:23:22,216 INFO  util.JmxRegister (JmxRegister.java:register(58)) - register mxBean class org.apache.ratis.server.impl.RaftServerJmxAdapter as Ratis:service=RaftServer,group=group-9B578AD62455,id=s6
2024-12-14 12:23:22,216 INFO  server.RaftServerConfigKeys (ConfUtils.java:logFallback(53)) - raft.server.rpc.first-election.timeout.min = 300ms (fallback to raft.server.rpc.timeout.min)
2024-12-14 12:23:22,217 INFO  server.RaftServerConfigKeys (ConfUtils.java:logGet(46)) - raft.server.snapshot.trigger-when-stop.enabled = true (default)
2024-12-14 12:23:22,217 INFO  server.RaftServerConfigKeys (ConfUtils.java:logFallback(53)) - raft.server.rpc.first-election.timeout.max = 600ms (fallback to raft.server.rpc.timeout.max)
2024-12-14 12:23:22,217 INFO  server.RaftServerConfigKeys (ConfUtils.java:logGet(46)) - raft.server.snapshot.trigger-when-remove.enabled = true (default)
2024-12-14 12:23:22,217 INFO  server.RaftServerConfigKeys (ConfUtils.java:logGet(46)) - raft.server.snapshot.auto.trigger.enabled = false (default)
2024-12-14 12:23:22,217 INFO  server.RaftServerConfigKeys (ConfUtils.java:logGet(46)) - raft.server.snapshot.retention.file.num = -1 (default)
2024-12-14 12:23:22,217 INFO  server.RaftServerConfigKeys (ConfUtils.java:logGet(46)) - raft.server.log.purge.upto.snapshot.index = false (default)
2024-12-14 12:23:22,218 INFO  server.RaftServer$Division (RaftServerImpl.java:start(406)) - s6@group-9B578AD62455: Successfully started.
2024-12-14 12:23:22,218 INFO  server.RaftServerConfigKeys (ConfUtils.java:logGet(46)) - raft.server.rpc.timeout.max = 600ms (custom)
2024-12-14 12:23:22,220 INFO  ratis.RaftTestUtil (RaftTestUtil.java:waitForLeader(107)) - printing group-9B578AD62455
  s4:  RUNNING [
   FOLLOWER s4@group-E0CF8C87AB81:t0, leader=null, voted=, raftlog=Memoized:s4@group-E0CF8C87AB81-SegmentedRaftLog:OPENED:c-1:lastnull, conf=conf: {index: -1, cur=peers:[]|listeners:[], old=null} STARTING
   FOLLOWER s4@group-9B578AD62455:t0, leader=null, voted=, raftlog=Memoized:s4@group-9B578AD62455-SegmentedRaftLog:OPENED:c-1:lastnull, conf=conf: {index: -1, cur=peers:[s4, s5, s6]|listeners:[], old=null} RUNNING] size=2
  s5:  RUNNING [
   FOLLOWER s5@group-E0CF8C87AB81:t0, leader=null, voted=, raftlog=Memoized:s5@group-E0CF8C87AB81-SegmentedRaftLog:OPENED:c-1:lastnull, conf=conf: {index: -1, cur=peers:[]|listeners:[], old=null} STARTING
   FOLLOWER s5@group-9B578AD62455:t0, leader=null, voted=, raftlog=Memoized:s5@group-9B578AD62455-SegmentedRaftLog:OPENED:c-1:lastnull, conf=conf: {index: -1, cur=peers:[s4, s5, s6]|listeners:[], old=null} RUNNING] size=2
  s6:  RUNNING [
   FOLLOWER s6@group-E0CF8C87AB81:t0, leader=null, voted=, raftlog=Memoized:s6@group-E0CF8C87AB81-SegmentedRaftLog:OPENED:c-1:lastnull, conf=conf: {index: -1, cur=peers:[]|listeners:[], old=null} STARTING
   FOLLOWER s6@group-9B578AD62455:t0, leader=null, voted=, raftlog=Memoized:s6@group-9B578AD62455-SegmentedRaftLog:OPENED:c-1:lastnull, conf=conf: {index: -1, cur=peers:[s4, s5, s6]|listeners:[], old=null} RUNNING] size=2
2024-12-14 12:23:22,220 WARN  ratis.RaftTestUtil (RaftTestUtil.java:lambda$waitForLeader$3(126)) - Attempt #1 failed: java.lang.IllegalStateException: No leader yet  for group-9B578AD62455: printing group-9B578AD62455
  s4:  RUNNING [
   FOLLOWER s4@group-E0CF8C87AB81:t0, leader=null, voted=, raftlog=Memoized:s4@group-E0CF8C87AB81-SegmentedRaftLog:OPENED:c-1:lastnull, conf=conf: {index: -1, cur=peers:[]|listeners:[], old=null} STARTING
   FOLLOWER s4@group-9B578AD62455:t0, leader=null, voted=, raftlog=Memoized:s4@group-9B578AD62455-SegmentedRaftLog:OPENED:c-1:lastnull, conf=conf: {index: -1, cur=peers:[s4, s5, s6]|listeners:[], old=null} RUNNING] size=2
  s5:  RUNNING [
   FOLLOWER s5@group-E0CF8C87AB81:t0, leader=null, voted=, raftlog=Memoized:s5@group-E0CF8C87AB81-SegmentedRaftLog:OPENED:c-1:lastnull, conf=conf: {index: -1, cur=peers:[]|listeners:[], old=null} STARTING
   FOLLOWER s5@group-9B578AD62455:t0, leader=null, voted=, raftlog=Memoized:s5@group-9B578AD62455-SegmentedRaftLog:OPENED:c-1:lastnull, conf=conf: {index: -1, cur=peers:[s4, s5, s6]|listeners:[], old=null} RUNNING] size=2
  s6:  RUNNING [
   FOLLOWER s6@group-E0CF8C87AB81:t0, leader=null, voted=, raftlog=Memoized:s6@group-E0CF8C87AB81-SegmentedRaftLog:OPENED:c-1:lastnull, conf=conf: {index: -1, cur=peers:[]|listeners:[], old=null} STARTING
   FOLLOWER s6@group-9B578AD62455:t0, leader=null, voted=, raftlog=Memoized:s6@group-9B578AD62455-SegmentedRaftLog:OPENED:c-1:lastnull, conf=conf: {index: -1, cur=peers:[s4, s5, s6]|listeners:[], old=null} RUNNING] size=2
2024-12-14 12:23:22,541 INFO  impl.FollowerState (FollowerState.java:runImpl(161)) - s5@group-9B578AD62455-FollowerState: change to CANDIDATE, lastRpcElapsedTime:338247004ns, electionTimeout:337ms
2024-12-14 12:23:22,541 INFO  impl.RoleInfo (RoleInfo.java:shutdownFollowerState(121)) - s5: shutdown s5@group-9B578AD62455-FollowerState
2024-12-14 12:23:22,541 INFO  server.RaftServer$Division (RaftServerImpl.java:setRole(379)) - s5@group-9B578AD62455: changes role from  FOLLOWER to CANDIDATE at term 0 for changeToCandidate
2024-12-14 12:23:22,542 INFO  server.RaftServerConfigKeys (ConfUtils.java:logGet(46)) - raft.server.leaderelection.pre-vote = true (default)
2024-12-14 12:23:22,542 INFO  impl.RoleInfo (RoleInfo.java:updateAndGet(148)) - s5: start s5@group-9B578AD62455-LeaderElection4
2024-12-14 12:23:22,543 INFO  impl.LeaderElection (LeaderElection.java:askForVotes(332)) - s5@group-9B578AD62455-LeaderElection4 PRE_VOTE round 0: submit vote requests at term 0 for conf: {index: -1, cur=peers:[s4, s5, s6]|listeners:[], old=null}
2024-12-14 12:23:22,543 INFO  server.RaftServer$Division (RaftServerImpl.java:requestVote(1452)) - s4@group-9B578AD62455: receive requestVote(PRE_VOTE, s5, group-9B578AD62455, 0, (t:0, i:0))
2024-12-14 12:23:22,544 INFO  impl.VoteContext (VoteContext.java:log(49)) - s4@group-9B578AD62455-FOLLOWER: accept PRE_VOTE from s5: our priority 0 <= candidate's priority 0
2024-12-14 12:23:22,544 INFO  server.RaftServer$Division (RaftServerImpl.java:requestVote(1452)) - s6@group-9B578AD62455: receive requestVote(PRE_VOTE, s5, group-9B578AD62455, 0, (t:0, i:0))
2024-12-14 12:23:22,544 INFO  server.RaftServerConfigKeys (ConfUtils.java:logFallback(53)) - raft.server.rpc.first-election.timeout.min = 300ms (fallback to raft.server.rpc.timeout.min)
2024-12-14 12:23:22,544 INFO  impl.VoteContext (VoteContext.java:log(49)) - s6@group-9B578AD62455-FOLLOWER: accept PRE_VOTE from s5: our priority 0 <= candidate's priority 0
2024-12-14 12:23:22,544 INFO  server.RaftServer$Division (RaftServerImpl.java:requestVote(1486)) - s4@group-9B578AD62455 replies to PRE_VOTE vote request: s5<-s4#0:OK-t0. Peer's state: s4@group-9B578AD62455:t0, leader=null, voted=, raftlog=Memoized:s4@group-9B578AD62455-SegmentedRaftLog:OPENED:c-1:lastnull, conf=conf: {index: -1, cur=peers:[s4, s5, s6]|listeners:[], old=null}
2024-12-14 12:23:22,544 INFO  server.RaftServer$Division (RaftServerImpl.java:requestVote(1486)) - s6@group-9B578AD62455 replies to PRE_VOTE vote request: s5<-s6#0:OK-t0. Peer's state: s6@group-9B578AD62455:t0, leader=null, voted=, raftlog=Memoized:s6@group-9B578AD62455-SegmentedRaftLog:OPENED:c-1:lastnull, conf=conf: {index: -1, cur=peers:[s4, s5, s6]|listeners:[], old=null}
2024-12-14 12:23:22,544 INFO  server.RaftServerConfigKeys (ConfUtils.java:logFallback(53)) - raft.server.rpc.first-election.timeout.max = 600ms (fallback to raft.server.rpc.timeout.max)
2024-12-14 12:23:22,544 INFO  impl.LeaderElection (LeaderElection.java:logAndReturn(90)) - s5@group-9B578AD62455-LeaderElection4: PRE_VOTE PASSED received 1 response(s) and 0 exception(s):
2024-12-14 12:23:22,544 INFO  impl.LeaderElection (LeaderElection.java:logAndReturn(94)) -   Response 0: s5<-s4#0:OK-t0
2024-12-14 12:23:22,544 INFO  impl.LeaderElection (LeaderElection.java:askForVotes(334)) - s5@group-9B578AD62455-LeaderElection4 PRE_VOTE round 0: result PASSED
2024-12-14 12:23:22,545 TRACE util.FileUtils (LogUtils.java:supplyAndLog(69)) - Successfully supplied FileChannel.open /home/runner/work/ratis/ratis/ratis-examples/target/test/data/da5193cb/MiniRaftClusterWithSimulatedRpced10c1e3/s5/5db8f141-c3ca-46e1-bc0a-9b578ad62455/current/raft-meta.tmp with options [CREATE, WRITE]: sun.nio.ch.FileChannelImpl@55587ebb
2024-12-14 12:23:22,546 TRACE util.FileUtils (LogUtils.java:runAndLog(49)) - Successfully ran Atomic Files.move /home/runner/work/ratis/ratis/ratis-examples/target/test/data/da5193cb/MiniRaftClusterWithSimulatedRpced10c1e3/s5/5db8f141-c3ca-46e1-bc0a-9b578ad62455/current/raft-meta.tmp to /home/runner/work/ratis/ratis/ratis-examples/target/test/data/da5193cb/MiniRaftClusterWithSimulatedRpced10c1e3/s5/5db8f141-c3ca-46e1-bc0a-9b578ad62455/current/raft-meta with options [REPLACE_EXISTING]
2024-12-14 12:23:22,546 INFO  impl.LeaderElection (LeaderElection.java:askForVotes(332)) - s5@group-9B578AD62455-LeaderElection4 ELECTION round 0: submit vote requests at term 1 for conf: {index: -1, cur=peers:[s4, s5, s6]|listeners:[], old=null}
2024-12-14 12:23:22,547 INFO  server.RaftServerConfigKeys (ConfUtils.java:logFallback(53)) - raft.server.rpc.first-election.timeout.min = 300ms (fallback to raft.server.rpc.timeout.min)
2024-12-14 12:23:22,547 INFO  server.RaftServerConfigKeys (ConfUtils.java:logFallback(53)) - raft.server.rpc.first-election.timeout.max = 600ms (fallback to raft.server.rpc.timeout.max)
2024-12-14 12:23:22,547 INFO  server.RaftServer$Division (RaftServerImpl.java:requestVote(1452)) - s4@group-9B578AD62455: receive requestVote(ELECTION, s5, group-9B578AD62455, 1, (t:0, i:0))
2024-12-14 12:23:22,547 INFO  server.RaftServer$Division (RaftServerImpl.java:requestVote(1452)) - s6@group-9B578AD62455: receive requestVote(ELECTION, s5, group-9B578AD62455, 1, (t:0, i:0))
2024-12-14 12:23:22,550 INFO  impl.VoteContext (VoteContext.java:log(49)) - s4@group-9B578AD62455-FOLLOWER: accept ELECTION from s5: our priority 0 <= candidate's priority 0
2024-12-14 12:23:22,550 INFO  impl.VoteContext (VoteContext.java:log(49)) - s6@group-9B578AD62455-FOLLOWER: accept ELECTION from s5: our priority 0 <= candidate's priority 0
2024-12-14 12:23:22,550 INFO  server.RaftServer$Division (RaftServerImpl.java:setRole(379)) - s4@group-9B578AD62455: changes role from  FOLLOWER to FOLLOWER at term 0 for candidate:s5
2024-12-14 12:23:22,550 INFO  server.RaftServer$Division (RaftServerImpl.java:setRole(379)) - s6@group-9B578AD62455: changes role from  FOLLOWER to FOLLOWER at term 0 for candidate:s5
2024-12-14 12:23:22,550 INFO  impl.RoleInfo (RoleInfo.java:shutdownFollowerState(121)) - s6: shutdown s6@group-9B578AD62455-FollowerState
2024-12-14 12:23:22,550 INFO  impl.RoleInfo (RoleInfo.java:shutdownFollowerState(121)) - s4: shutdown s4@group-9B578AD62455-FollowerState
2024-12-14 12:23:22,551 INFO  impl.FollowerState (FollowerState.java:runImpl(170)) - s6@group-9B578AD62455-FollowerState was interrupted
2024-12-14 12:23:22,551 INFO  impl.RoleInfo (RoleInfo.java:updateAndGet(148)) - s6: start s6@group-9B578AD62455-FollowerState
2024-12-14 12:23:22,551 INFO  impl.FollowerState (FollowerState.java:runImpl(170)) - s4@group-9B578AD62455-FollowerState was interrupted
2024-12-14 12:23:22,551 INFO  impl.RoleInfo (RoleInfo.java:updateAndGet(148)) - s4: start s4@group-9B578AD62455-FollowerState
2024-12-14 12:23:22,552 INFO  server.RaftServer$Division (RaftServerImpl.java:setFirstElection(563)) - s6@group-9B578AD62455: set firstElectionSinceStartup to false for candidate:s5
2024-12-14 12:23:22,552 INFO  server.RaftServer$Division (RaftServerImpl.java:setFirstElection(563)) - s4@group-9B578AD62455: set firstElectionSinceStartup to false for candidate:s5
2024-12-14 12:23:22,552 TRACE util.FileUtils (LogUtils.java:supplyAndLog(69)) - Successfully supplied FileChannel.open /home/runner/work/ratis/ratis/ratis-examples/target/test/data/da5193cb/MiniRaftClusterWithSimulatedRpced10c1e3/s6/5db8f141-c3ca-46e1-bc0a-9b578ad62455/current/raft-meta.tmp with options [CREATE, WRITE]: sun.nio.ch.FileChannelImpl@70a968b4
2024-12-14 12:23:22,552 TRACE util.FileUtils (LogUtils.java:supplyAndLog(69)) - Successfully supplied FileChannel.open /home/runner/work/ratis/ratis/ratis-examples/target/test/data/da5193cb/MiniRaftClusterWithSimulatedRpced10c1e3/s4/5db8f141-c3ca-46e1-bc0a-9b578ad62455/current/raft-meta.tmp with options [CREATE, WRITE]: sun.nio.ch.FileChannelImpl@a2b4fd1
2024-12-14 12:23:22,553 TRACE util.FileUtils (LogUtils.java:runAndLog(49)) - Successfully ran Atomic Files.move /home/runner/work/ratis/ratis/ratis-examples/target/test/data/da5193cb/MiniRaftClusterWithSimulatedRpced10c1e3/s6/5db8f141-c3ca-46e1-bc0a-9b578ad62455/current/raft-meta.tmp to /home/runner/work/ratis/ratis/ratis-examples/target/test/data/da5193cb/MiniRaftClusterWithSimulatedRpced10c1e3/s6/5db8f141-c3ca-46e1-bc0a-9b578ad62455/current/raft-meta with options [REPLACE_EXISTING]
2024-12-14 12:23:22,553 INFO  server.RaftServer$Division (RaftServerImpl.java:requestVote(1486)) - s6@group-9B578AD62455 replies to ELECTION vote request: s5<-s6#0:OK-t1. Peer's state: s6@group-9B578AD62455:t1, leader=null, voted=s5, raftlog=Memoized:s6@group-9B578AD62455-SegmentedRaftLog:OPENED:c-1:lastnull, conf=conf: {index: -1, cur=peers:[s4, s5, s6]|listeners:[], old=null}
2024-12-14 12:23:22,553 INFO  impl.LeaderElection (LeaderElection.java:logAndReturn(90)) - s5@group-9B578AD62455-LeaderElection4: ELECTION PASSED received 1 response(s) and 0 exception(s):
2024-12-14 12:23:22,553 INFO  impl.LeaderElection (LeaderElection.java:logAndReturn(94)) -   Response 0: s5<-s6#0:OK-t1
2024-12-14 12:23:22,553 TRACE util.FileUtils (LogUtils.java:runAndLog(49)) - Successfully ran Atomic Files.move /home/runner/work/ratis/ratis/ratis-examples/target/test/data/da5193cb/MiniRaftClusterWithSimulatedRpced10c1e3/s4/5db8f141-c3ca-46e1-bc0a-9b578ad62455/current/raft-meta.tmp to /home/runner/work/ratis/ratis/ratis-examples/target/test/data/da5193cb/MiniRaftClusterWithSimulatedRpced10c1e3/s4/5db8f141-c3ca-46e1-bc0a-9b578ad62455/current/raft-meta with options [REPLACE_EXISTING]
2024-12-14 12:23:22,554 INFO  impl.LeaderElection (LeaderElection.java:askForVotes(334)) - s5@group-9B578AD62455-LeaderElection4 ELECTION round 0: result PASSED
2024-12-14 12:23:22,554 INFO  server.RaftServer$Division (RaftServerImpl.java:requestVote(1486)) - s4@group-9B578AD62455 replies to ELECTION vote request: s5<-s4#0:OK-t1. Peer's state: s4@group-9B578AD62455:t1, leader=null, voted=s5, raftlog=Memoized:s4@group-9B578AD62455-SegmentedRaftLog:OPENED:c-1:lastnull, conf=conf: {index: -1, cur=peers:[s4, s5, s6]|listeners:[], old=null}
2024-12-14 12:23:22,554 INFO  impl.RoleInfo (RoleInfo.java:shutdownLeaderElection(141)) - s5: shutdown s5@group-9B578AD62455-LeaderElection4
2024-12-14 12:23:22,554 INFO  server.RaftServer$Division (RaftServerImpl.java:setRole(379)) - s5@group-9B578AD62455: changes role from CANDIDATE to LEADER at term 1 for changeToLeader
2024-12-14 12:23:22,555 INFO  server.RaftServerConfigKeys (ConfUtils.java:logGet(46)) - raft.server.staging.catchup.gap = 1000 (default)
2024-12-14 12:23:22,555 INFO  server.RaftServerConfigKeys (ConfUtils.java:logGet(46)) - raft.server.write.element-limit = 4096 (default)
2024-12-14 12:23:22,555 INFO  server.RaftServerConfigKeys (ConfUtils.java:logGet(46)) - raft.server.write.byte-limit = 64MB (=67108864) (default)
2024-12-14 12:23:22,555 INFO  server.RaftServerConfigKeys (ConfUtils.java:logGet(46)) - raft.server.watch.timeout = 10s (default)
2024-12-14 12:23:22,555 INFO  server.RaftServerConfigKeys (ConfUtils.java:logGet(46)) - raft.server.watch.timeout.denomination = 1s (default)
2024-12-14 12:23:22,555 INFO  server.RaftServerConfigKeys (ConfUtils.java:logGet(46)) - raft.server.watch.element-limit = 65536 (default)
2024-12-14 12:23:22,555 INFO  server.RaftServerConfigKeys (ConfUtils.java:logGet(46)) - raft.server.read.leader.lease.enabled = false (default)
2024-12-14 12:23:22,555 INFO  server.RaftServerConfigKeys (ConfUtils.java:logGet(46)) - raft.server.read.leader.lease.timeout.ratio = 0.9 (default)
2024-12-14 12:23:22,555 INFO  server.RaftServerConfigKeys (ConfUtils.java:logGet(46)) - raft.server.rpc.timeout.min = 300ms (custom)
2024-12-14 12:23:22,556 INFO  server.RaftServerConfigKeys (ConfUtils.java:logGet(46)) - raft.server.log.log-metadata.enabled = true (default)
2024-12-14 12:23:22,556 INFO  server.RaftServerConfigKeys (ConfUtils.java:logGet(46)) - raft.server.write.element-limit = 4096 (default)
2024-12-14 12:23:22,556 INFO  server.RaftServerConfigKeys (ConfUtils.java:logGet(46)) - raft.server.write.follower.gap.ratio.max = -1.0 (default)
2024-12-14 12:23:22,556 INFO  server.RaftServerConfigKeys (ConfUtils.java:logGet(46)) - raft.server.log.appender.snapshot.chunk.size.max = 16MB (=16777216) (default)
2024-12-14 12:23:22,556 INFO  server.RaftServerConfigKeys (ConfUtils.java:logGet(46)) - raft.server.log.appender.buffer.byte-limit = 4MB (=4194304) (default)
2024-12-14 12:23:22,556 INFO  server.RaftServerConfigKeys (ConfUtils.java:logGet(46)) - raft.server.log.appender.buffer.element-limit = 0 (default)
2024-12-14 12:23:22,556 INFO  server.RaftServerConfigKeys (ConfUtils.java:logGet(46)) - raft.server.log.appender.wait-time.min = 1ms (default)
2024-12-14 12:23:22,557 INFO  server.RaftServerConfigKeys (ConfUtils.java:logGet(46)) - raft.server.log.appender.snapshot.chunk.size.max = 16MB (=16777216) (default)
2024-12-14 12:23:22,557 INFO  server.RaftServerConfigKeys (ConfUtils.java:logGet(46)) - raft.server.log.appender.buffer.byte-limit = 4MB (=4194304) (default)
2024-12-14 12:23:22,557 INFO  server.RaftServerConfigKeys (ConfUtils.java:logGet(46)) - raft.server.log.appender.buffer.element-limit = 0 (default)
2024-12-14 12:23:22,557 INFO  server.RaftServerConfigKeys (ConfUtils.java:logGet(46)) - raft.server.log.appender.wait-time.min = 1ms (default)
2024-12-14 12:23:22,557 INFO  impl.RoleInfo (RoleInfo.java:updateAndGet(148)) - s5: start s5@group-9B578AD62455-LeaderStateImpl
2024-12-14 12:23:22,557 INFO  server.RaftServer$Division (RaftServerImpl.java:setFirstElection(563)) - s5@group-9B578AD62455: set firstElectionSinceStartup to false for becomeLeader
2024-12-14 12:23:22,557 INFO  server.RaftServer$Division (ServerState.java:setLeader(272)) - s5@group-9B578AD62455: change Leader from null to s5 at term 1 for becomeLeader, leader elected after 365ms
2024-12-14 12:23:22,557 INFO  segmented.SegmentedRaftLogWorker (SegmentedRaftLogWorker.java:startLogSegment(443)) - s5@group-9B578AD62455-SegmentedRaftLogWorker: Starting segment from index:0
2024-12-14 12:23:22,558 INFO  server.RaftServer$Division (ServerState.java:setRaftConf(386)) - s5@group-9B578AD62455: set configuration conf: {index: 0, cur=peers:[s4, s5, s6]|listeners:[], old=null}
2024-12-14 12:23:22,558 INFO  segmented.BufferedWriteChannel (BufferedWriteChannel.java:open(61)) - open log_inprogress_0 at position 0
2024-12-14 12:23:22,559 INFO  server.RaftServer$Division (ServerState.java:setLeader(272)) - s4@group-9B578AD62455: change Leader from null to s5 at term 1 for appendEntries, leader elected after 380ms
2024-12-14 12:23:22,559 INFO  server.RaftServer$Division (ServerState.java:setLeader(272)) - s6@group-9B578AD62455: change Leader from null to s5 at term 1 for appendEntries, leader elected after 353ms
2024-12-14 12:23:22,564 INFO  server.RaftServer$Division (ServerState.java:setRaftConf(386)) - s6@group-9B578AD62455: set configuration conf: {index: 0, cur=peers:[s4|, s5|, s6|]|listeners:[], old=null}
2024-12-14 12:23:22,564 INFO  server.RaftServer$Division (ServerState.java:setRaftConf(386)) - s4@group-9B578AD62455: set configuration conf: {index: 0, cur=peers:[s4|, s5|, s6|]|listeners:[], old=null}
2024-12-14 12:23:22,564 INFO  segmented.SegmentedRaftLogWorker (SegmentedRaftLogWorker.java:startLogSegment(443)) - s6@group-9B578AD62455-SegmentedRaftLogWorker: Starting segment from index:0
2024-12-14 12:23:22,565 INFO  segmented.SegmentedRaftLogWorker (SegmentedRaftLogWorker.java:startLogSegment(443)) - s4@group-9B578AD62455-SegmentedRaftLogWorker: Starting segment from index:0
2024-12-14 12:23:22,565 INFO  segmented.BufferedWriteChannel (BufferedWriteChannel.java:open(61)) - open log_inprogress_0 at position 0
2024-12-14 12:23:22,565 INFO  segmented.BufferedWriteChannel (BufferedWriteChannel.java:open(61)) - open log_inprogress_0 at position 0
2024-12-14 12:23:22,569 INFO  segmented.SegmentedRaftLogWorker (SegmentedRaftLogWorker.java:execute(667)) - s5@group-9B578AD62455-SegmentedRaftLogWorker: created new log segment /home/runner/work/ratis/ratis/ratis-examples/target/test/data/da5193cb/MiniRaftClusterWithSimulatedRpced10c1e3/s5/5db8f141-c3ca-46e1-bc0a-9b578ad62455/current/log_inprogress_0
2024-12-14 12:23:22,577 INFO  segmented.SegmentedRaftLogWorker (SegmentedRaftLogWorker.java:execute(667)) - s4@group-9B578AD62455-SegmentedRaftLogWorker: created new log segment /home/runner/work/ratis/ratis/ratis-examples/target/test/data/da5193cb/MiniRaftClusterWithSimulatedRpced10c1e3/s4/5db8f141-c3ca-46e1-bc0a-9b578ad62455/current/log_inprogress_0
2024-12-14 12:23:22,578 TRACE util.FileUtils (LogUtils.java:supplyAndLog(69)) - Successfully supplied FileChannel.open /home/runner/work/ratis/ratis/ratis-examples/target/test/data/da5193cb/MiniRaftClusterWithSimulatedRpced10c1e3/s5/5db8f141-c3ca-46e1-bc0a-9b578ad62455/current/raft-meta.conf.tmp with options [CREATE, WRITE]: sun.nio.ch.FileChannelImpl@d852f97
2024-12-14 12:23:22,578 INFO  segmented.SegmentedRaftLogWorker (SegmentedRaftLogWorker.java:execute(667)) - s6@group-9B578AD62455-SegmentedRaftLogWorker: created new log segment /home/runner/work/ratis/ratis/ratis-examples/target/test/data/da5193cb/MiniRaftClusterWithSimulatedRpced10c1e3/s6/5db8f141-c3ca-46e1-bc0a-9b578ad62455/current/log_inprogress_0
2024-12-14 12:23:22,578 TRACE util.FileUtils (LogUtils.java:runAndLog(49)) - Successfully ran Atomic Files.move /home/runner/work/ratis/ratis/ratis-examples/target/test/data/da5193cb/MiniRaftClusterWithSimulatedRpced10c1e3/s5/5db8f141-c3ca-46e1-bc0a-9b578ad62455/current/raft-meta.conf.tmp to /home/runner/work/ratis/ratis/ratis-examples/target/test/data/da5193cb/MiniRaftClusterWithSimulatedRpced10c1e3/s5/5db8f141-c3ca-46e1-bc0a-9b578ad62455/current/raft-meta.conf with options [REPLACE_EXISTING]
2024-12-14 12:23:22,579 INFO  server.RaftServer$Division (LeaderStateImpl.java:checkStartIndex(314)) - Leader s5@group-9B578AD62455-LeaderStateImpl is ready since appliedIndex == startIndex == 0
2024-12-14 12:23:22,729 TRACE util.FileUtils (LogUtils.java:supplyAndLog(69)) - Successfully supplied FileChannel.open /home/runner/work/ratis/ratis/ratis-examples/target/test/data/da5193cb/MiniRaftClusterWithSimulatedRpced10c1e3/s4/5db8f141-c3ca-46e1-bc0a-9b578ad62455/current/raft-meta.conf.tmp with options [CREATE, WRITE]: sun.nio.ch.FileChannelImpl@4a228222
2024-12-14 12:23:22,730 TRACE util.FileUtils (LogUtils.java:supplyAndLog(69)) - Successfully supplied FileChannel.open /home/runner/work/ratis/ratis/ratis-examples/target/test/data/da5193cb/MiniRaftClusterWithSimulatedRpced10c1e3/s6/5db8f141-c3ca-46e1-bc0a-9b578ad62455/current/raft-meta.conf.tmp with options [CREATE, WRITE]: sun.nio.ch.FileChannelImpl@20e93d9b
2024-12-14 12:23:22,730 TRACE util.FileUtils (LogUtils.java:runAndLog(49)) - Successfully ran Atomic Files.move /home/runner/work/ratis/ratis/ratis-examples/target/test/data/da5193cb/MiniRaftClusterWithSimulatedRpced10c1e3/s4/5db8f141-c3ca-46e1-bc0a-9b578ad62455/current/raft-meta.conf.tmp to /home/runner/work/ratis/ratis/ratis-examples/target/test/data/da5193cb/MiniRaftClusterWithSimulatedRpced10c1e3/s4/5db8f141-c3ca-46e1-bc0a-9b578ad62455/current/raft-meta.conf with options [REPLACE_EXISTING]
2024-12-14 12:23:22,731 TRACE util.FileUtils (LogUtils.java:runAndLog(49)) - Successfully ran Atomic Files.move /home/runner/work/ratis/ratis/ratis-examples/target/test/data/da5193cb/MiniRaftClusterWithSimulatedRpced10c1e3/s6/5db8f141-c3ca-46e1-bc0a-9b578ad62455/current/raft-meta.conf.tmp to /home/runner/work/ratis/ratis/ratis-examples/target/test/data/da5193cb/MiniRaftClusterWithSimulatedRpced10c1e3/s6/5db8f141-c3ca-46e1-bc0a-9b578ad62455/current/raft-meta.conf with options [REPLACE_EXISTING]
2024-12-14 12:23:23,121 INFO  ratis.RaftTestUtil (RaftTestUtil.java:waitForLeader(131)) - printing group-9B578AD62455
  s4:  RUNNING [
   FOLLOWER s4@group-E0CF8C87AB81:t0, leader=null, voted=, raftlog=Memoized:s4@group-E0CF8C87AB81-SegmentedRaftLog:OPENED:c-1:lastnull, conf=conf: {index: -1, cur=peers:[]|listeners:[], old=null} STARTING
   FOLLOWER s4@group-9B578AD62455:t1, leader=s5, voted=s5, raftlog=Memoized:s4@group-9B578AD62455-SegmentedRaftLog:OPENED:c0:last(t:1, i:0), conf=conf: {index: 0, cur=peers:[s4|, s5|, s6|]|listeners:[], old=null} RUNNING] size=2
  s5:  RUNNING [
   FOLLOWER s5@group-E0CF8C87AB81:t0, leader=null, voted=, raftlog=Memoized:s5@group-E0CF8C87AB81-SegmentedRaftLog:OPENED:c-1:lastnull, conf=conf: {index: -1, cur=peers:[]|listeners:[], old=null} STARTING
     LEADER s5@group-9B578AD62455:t1, leader=s5, voted=s5, raftlog=Memoized:s5@group-9B578AD62455-SegmentedRaftLog:OPENED:c0:last(t:1, i:0), conf=conf: {index: 0, cur=peers:[s4, s5, s6]|listeners:[], old=null} RUNNING] size=2
  s6:  RUNNING [
   FOLLOWER s6@group-E0CF8C87AB81:t0, leader=null, voted=, raftlog=Memoized:s6@group-E0CF8C87AB81-SegmentedRaftLog:OPENED:c-1:lastnull, conf=conf: {index: -1, cur=peers:[]|listeners:[], old=null} STARTING
   FOLLOWER s6@group-9B578AD62455:t1, leader=s5, voted=s5, raftlog=Memoized:s6@group-9B578AD62455-SegmentedRaftLog:OPENED:c0:last(t:1, i:0), conf=conf: {index: 0, cur=peers:[s4|, s5|, s6|]|listeners:[], old=null} RUNNING] size=2
2024-12-14 12:23:23,225 INFO  statemachine.StateMachine (ArithmeticStateMachine.java:applyTransaction(181)) - LEADER:s5-1: a = 63 = 63
2024-12-14 12:23:23,228 INFO  statemachine.StateMachine (ArithmeticStateMachine.java:applyTransaction(181)) - LEADER:s5-3: b = 1984 = 1984
2024-12-14 12:23:23,237 INFO  statemachine.StateMachine (ArithmeticStateMachine.java:applyTransaction(181)) - LEADER:s5-5: c = √(a^2 + b^2) = 1985
2024-12-14 12:23:23,240 INFO  statemachine.StateMachine (ArithmeticStateMachine.java:applyTransaction(181)) - LEADER:s5-7: a = null = null
2024-12-14 12:23:23,241 INFO  statemachine.StateMachine (ArithmeticStateMachine.java:applyTransaction(181)) - LEADER:s5-9: b = null = null
2024-12-14 12:23:23,243 INFO  statemachine.StateMachine (ArithmeticStateMachine.java:applyTransaction(181)) - LEADER:s5-11: c = null = null
2024-12-14 12:23:23,245 INFO  statemachine.StateMachine (ArithmeticStateMachine.java:applyTransaction(181)) - LEADER:s5-13: a = 65 = 65
2024-12-14 12:23:23,247 INFO  statemachine.StateMachine (ArithmeticStateMachine.java:applyTransaction(181)) - LEADER:s5-15: b = 2112 = 2112
2024-12-14 12:23:23,250 INFO  statemachine.StateMachine (ArithmeticStateMachine.java:applyTransaction(181)) - LEADER:s5-17: c = √(a^2 + b^2) = 2113
2024-12-14 12:23:23,252 INFO  statemachine.StateMachine (ArithmeticStateMachine.java:applyTransaction(181)) - LEADER:s5-19: a = null = null
2024-12-14 12:23:23,254 INFO  statemachine.StateMachine (ArithmeticStateMachine.java:applyTransaction(181)) - LEADER:s5-21: b = null = null
2024-12-14 12:23:23,261 INFO  statemachine.StateMachine (ArithmeticStateMachine.java:applyTransaction(181)) - LEADER:s5-23: c = null = null
2024-12-14 12:23:23,262 INFO  statemachine.StateMachine (ArithmeticStateMachine.java:applyTransaction(181)) - LEADER:s5-25: a = 67 = 67
2024-12-14 12:23:23,264 INFO  statemachine.StateMachine (ArithmeticStateMachine.java:applyTransaction(181)) - LEADER:s5-27: b = 2244 = 2244
2024-12-14 12:23:23,266 INFO  statemachine.StateMachine (ArithmeticStateMachine.java:applyTransaction(181)) - LEADER:s5-29: c = √(a^2 + b^2) = 2245
2024-12-14 12:23:23,268 INFO  statemachine.StateMachine (ArithmeticStateMachine.java:applyTransaction(181)) - LEADER:s5-31: a = null = null
2024-12-14 12:23:23,271 INFO  statemachine.StateMachine (ArithmeticStateMachine.java:applyTransaction(181)) - LEADER:s5-33: b = null = null
2024-12-14 12:23:23,273 INFO  statemachine.StateMachine (ArithmeticStateMachine.java:applyTransaction(181)) - LEADER:s5-35: c = null = null
2024-12-14 12:23:23,275 INFO  statemachine.StateMachine (ArithmeticStateMachine.java:applyTransaction(181)) - LEADER:s5-37: a = 69 = 69
2024-12-14 12:23:23,285 INFO  statemachine.StateMachine (ArithmeticStateMachine.java:applyTransaction(181)) - LEADER:s5-39: b = 2380 = 2380
2024-12-14 12:23:23,287 INFO  statemachine.StateMachine (ArithmeticStateMachine.java:applyTransaction(181)) - LEADER:s5-41: c = √(a^2 + b^2) = 2381
2024-12-14 12:23:23,289 INFO  statemachine.StateMachine (ArithmeticStateMachine.java:applyTransaction(181)) - LEADER:s5-43: a = null = null
2024-12-14 12:23:23,291 INFO  statemachine.StateMachine (ArithmeticStateMachine.java:applyTransaction(181)) - LEADER:s5-45: b = null = null
2024-12-14 12:23:23,292 INFO  statemachine.StateMachine (ArithmeticStateMachine.java:applyTransaction(181)) - LEADER:s5-47: c = null = null
2024-12-14 12:23:23,294 INFO  statemachine.StateMachine (ArithmeticStateMachine.java:applyTransaction(181)) - LEADER:s5-49: a = 71 = 71
2024-12-14 12:23:23,297 INFO  statemachine.StateMachine (ArithmeticStateMachine.java:applyTransaction(181)) - LEADER:s5-51: b = 2520 = 2520
2024-12-14 12:23:23,299 INFO  statemachine.StateMachine (ArithmeticStateMachine.java:applyTransaction(181)) - LEADER:s5-53: c = √(a^2 + b^2) = 2521
2024-12-14 12:23:23,301 INFO  statemachine.StateMachine (ArithmeticStateMachine.java:applyTransaction(181)) - LEADER:s5-55: a = null = null
2024-12-14 12:23:23,303 INFO  statemachine.StateMachine (ArithmeticStateMachine.java:applyTransaction(181)) - LEADER:s5-57: b = null = null
2024-12-14 12:23:23,305 INFO  statemachine.StateMachine (ArithmeticStateMachine.java:applyTransaction(181)) - LEADER:s5-59: c = null = null
2024-12-14 12:23:23,307 INFO  statemachine.StateMachine (ArithmeticStateMachine.java:applyTransaction(181)) - LEADER:s5-61: a = 73 = 73
2024-12-14 12:23:23,309 INFO  statemachine.StateMachine (ArithmeticStateMachine.java:applyTransaction(181)) - LEADER:s5-63: b = 2664 = 2664
2024-12-14 12:23:23,311 INFO  statemachine.StateMachine (ArithmeticStateMachine.java:applyTransaction(181)) - LEADER:s5-65: c = √(a^2 + b^2) = 2665
2024-12-14 12:23:23,313 INFO  statemachine.StateMachine (ArithmeticStateMachine.java:applyTransaction(181)) - LEADER:s5-67: a = null = null
2024-12-14 12:23:23,316 INFO  statemachine.StateMachine (ArithmeticStateMachine.java:applyTransaction(181)) - LEADER:s5-69: b = null = null
2024-12-14 12:23:23,318 INFO  statemachine.StateMachine (ArithmeticStateMachine.java:applyTransaction(181)) - LEADER:s5-71: c = null = null
2024-12-14 12:23:23,320 INFO  statemachine.StateMachine (ArithmeticStateMachine.java:applyTransaction(181)) - LEADER:s5-73: a = 75 = 75
2024-12-14 12:23:23,322 INFO  statemachine.StateMachine (ArithmeticStateMachine.java:applyTransaction(181)) - LEADER:s5-75: b = 2812 = 2812
2024-12-14 12:23:23,325 INFO  statemachine.StateMachine (ArithmeticStateMachine.java:applyTransaction(181)) - LEADER:s5-77: c = √(a^2 + b^2) = 2813
2024-12-14 12:23:23,326 INFO  statemachine.StateMachine (ArithmeticStateMachine.java:applyTransaction(181)) - LEADER:s5-79: a = null = null
2024-12-14 12:23:23,329 INFO  statemachine.StateMachine (ArithmeticStateMachine.java:applyTransaction(181)) - LEADER:s5-81: b = null = null
2024-12-14 12:23:23,331 INFO  statemachine.StateMachine (ArithmeticStateMachine.java:applyTransaction(181)) - LEADER:s5-83: c = null = null
2024-12-14 12:23:23,333 INFO  statemachine.StateMachine (ArithmeticStateMachine.java:applyTransaction(181)) - LEADER:s5-85: a = 77 = 77
2024-12-14 12:23:23,335 INFO  statemachine.StateMachine (ArithmeticStateMachine.java:applyTransaction(181)) - LEADER:s5-87: b = 2964 = 2964
2024-12-14 12:23:23,337 INFO  statemachine.StateMachine (ArithmeticStateMachine.java:applyTransaction(181)) - LEADER:s5-89: c = √(a^2 + b^2) = 2965
2024-12-14 12:23:23,339 INFO  statemachine.StateMachine (ArithmeticStateMachine.java:applyTransaction(181)) - LEADER:s5-91: a = null = null
2024-12-14 12:23:23,341 INFO  statemachine.StateMachine (ArithmeticStateMachine.java:applyTransaction(181)) - LEADER:s5-93: b = null = null
2024-12-14 12:23:23,342 INFO  statemachine.StateMachine (ArithmeticStateMachine.java:applyTransaction(181)) - LEADER:s5-95: c = null = null
2024-12-14 12:23:23,344 INFO  statemachine.StateMachine (ArithmeticStateMachine.java:applyTransaction(181)) - LEADER:s5-97: a = 79 = 79
2024-12-14 12:23:23,351 INFO  statemachine.StateMachine (ArithmeticStateMachine.java:applyTransaction(181)) - LEADER:s5-99: b = 3120 = 3120
2024-12-14 12:23:23,353 INFO  statemachine.StateMachine (ArithmeticStateMachine.java:applyTransaction(181)) - LEADER:s5-101: c = √(a^2 + b^2) = 3121
2024-12-14 12:23:23,355 INFO  statemachine.StateMachine (ArithmeticStateMachine.java:applyTransaction(181)) - LEADER:s5-103: a = null = null
2024-12-14 12:23:23,357 INFO  statemachine.StateMachine (ArithmeticStateMachine.java:applyTransaction(181)) - LEADER:s5-105: b = null = null
2024-12-14 12:23:23,362 INFO  statemachine.StateMachine (ArithmeticStateMachine.java:applyTransaction(181)) - LEADER:s5-107: c = null = null
2024-12-14 12:23:23,364 INFO  statemachine.StateMachine (ArithmeticStateMachine.java:applyTransaction(181)) - LEADER:s5-109: a = 81 = 81
2024-12-14 12:23:23,366 INFO  statemachine.StateMachine (ArithmeticStateMachine.java:applyTransaction(181)) - LEADER:s5-111: b = 3280 = 3280
2024-12-14 12:23:23,368 INFO  statemachine.StateMachine (ArithmeticStateMachine.java:applyTransaction(181)) - LEADER:s5-113: c = √(a^2 + b^2) = 3281
2024-12-14 12:23:23,370 INFO  statemachine.StateMachine (ArithmeticStateMachine.java:applyTransaction(181)) - LEADER:s5-115: a = null = null
2024-12-14 12:23:23,373 INFO  statemachine.StateMachine (ArithmeticStateMachine.java:applyTransaction(181)) - LEADER:s5-117: b = null = null
2024-12-14 12:23:23,378 INFO  statemachine.StateMachine (ArithmeticStateMachine.java:applyTransaction(181)) - LEADER:s5-119: c = null = null
2024-12-14 12:23:23,378 INFO  impl.GroupManagementBaseTest (GroupManagementBaseTest.java:runMultiGroupTest(281)) - 4) starting group-2C253C6A579F:[s7, s8, s9]
2024-12-14 12:23:23,379 INFO  server.RaftServer (RaftServerProxy.java:addNew(101)) - s7: addNew group-2C253C6A579F:[s7, s8, s9] returns group-2C253C6A579F:java.util.concurrent.CompletableFuture@5a261bfe[Not completed]
2024-12-14 12:23:23,379 INFO  server.RaftServer$Division (RaftServerImpl.java:<init>(256)) - s7: new RaftServerImpl for group-2C253C6A579F:[s7, s8, s9] with ArithmeticStateMachine:uninitialized
2024-12-14 12:23:23,380 INFO  server.RaftServerConfigKeys (ConfUtils.java:logGet(46)) - raft.server.rpc.timeout.min = 300ms (custom)
2024-12-14 12:23:23,380 INFO  server.RaftServerConfigKeys (ConfUtils.java:logGet(46)) - raft.server.rpc.timeout.max = 600ms (custom)
2024-12-14 12:23:23,380 INFO  server.RaftServerConfigKeys (ConfUtils.java:logGet(46)) - raft.server.rpc.sleep.time = 25ms (default)
2024-12-14 12:23:23,380 INFO  server.RaftServerConfigKeys (ConfUtils.java:logGet(46)) - raft.server.rpc.slowness.timeout = 60s (default)
2024-12-14 12:23:23,380 INFO  server.RaftServerConfigKeys (ConfUtils.java:logGet(46)) - raft.server.leaderelection.leader.step-down.wait-time = 10s (default)
2024-12-14 12:23:23,380 INFO  server.RaftServerConfigKeys (ConfUtils.java:logGet(46)) - raft.server.leaderelection.member.majority-add = false (default)
2024-12-14 12:23:23,380 INFO  server.RaftServerConfigKeys (ConfUtils.java:logGet(46)) - raft.server.sleep.deviation.threshold = 300ms (default)
2024-12-14 12:23:23,380 INFO  server.RaftServer$Division (ServerState.java:<init>(114)) - s7@group-2C253C6A579F: ConfigurationManager, init=conf: {index: -1, cur=peers:[s7, s8, s9]|listeners:[], old=null}, confs=<EMPTY_MAP>
2024-12-14 12:23:23,380 INFO  server.RaftServerConfigKeys (ConfUtils.java:logGet(46)) - raft.server.notification.no-leader.timeout = 60s (default)
2024-12-14 12:23:23,380 INFO  server.RaftServerConfigKeys (ConfUtils.java:logGet(46)) - raft.server.read.timeout = 10s (default)
2024-12-14 12:23:23,380 INFO  server.RaftServerConfigKeys (ConfUtils.java:logGet(46)) - raft.server.retrycache.expirytime = 60s (default)
2024-12-14 12:23:23,380 INFO  server.RaftServerConfigKeys (ConfUtils.java:logGet(46)) - raft.server.retrycache.statistics.expirytime = 100ms (default)
2024-12-14 12:23:23,381 INFO  server.RaftServerConfigKeys (ConfUtils.java:logGet(46)) - raft.server.read.option = DEFAULT (default)
2024-12-14 12:23:23,381 INFO  server.RaftServerConfigKeys (ConfUtils.java:logGet(46)) - raft.server.read.read-after-write-consistent.write-index-cache.expiry-time = 60s (default)
2024-12-14 12:23:23,382 INFO  server.RaftServerConfigKeys (ConfUtils.java:logGet(46)) - raft.server.rpc.request.timeout = 3000ms (default)
2024-12-14 12:23:23,382 INFO  server.RaftServerConfigKeys (ConfUtils.java:logGet(46)) - raft.server.log.appender.install.snapshot.enabled = true (default)
2024-12-14 12:23:23,382 INFO  server.RaftServerConfigKeys (ConfUtils.java:logGet(46)) - raft.server.threadpool.server.cached = true (default)
2024-12-14 12:23:23,382 INFO  server.RaftServerConfigKeys (ConfUtils.java:logGet(46)) - raft.server.threadpool.server.size = 0 (default)
2024-12-14 12:23:23,382 INFO  server.RaftServerConfigKeys (ConfUtils.java:logGet(46)) - raft.server.threadpool.client.cached = true (default)
2024-12-14 12:23:23,382 INFO  server.RaftServerConfigKeys (ConfUtils.java:logGet(46)) - raft.server.threadpool.client.size = 0 (default)
2024-12-14 12:23:23,382 INFO  server.RaftServerConfigKeys (ConfUtils.java:logGet(46)) - raft.server.storage.free-space.min = 0MB (=0) (default)
2024-12-14 12:23:23,382 INFO  server.RaftServerConfigKeys (ConfUtils.java:logGet(46)) - raft.server.log.corruption.policy = EXCEPTION (default)
2024-12-14 12:23:23,382 INFO  server.RaftServerConfigKeys (ConfUtils.java:logGet(46)) - raft.server.storage.dir = [/home/runner/work/ratis/ratis/ratis-examples/target/test/data/da5193cb/MiniRaftClusterWithSimulatedRpced10c1e3/s7] (custom)
2024-12-14 12:23:23,383 INFO  storage.RaftStorageDirectory (RaftStorageDirectoryImpl.java:analyzeStorage(138)) - The storage directory /home/runner/work/ratis/ratis/ratis-examples/target/test/data/da5193cb/MiniRaftClusterWithSimulatedRpced10c1e3/s7/8f1a452b-eb4f-415b-bd54-2c253c6a579f does not exist. Creating ...
2024-12-14 12:23:23,383 TRACE util.FileUtils (LogUtils.java:runAndLog(49)) - Successfully ran Files.createDirectories /home/runner/work/ratis/ratis/ratis-examples/target/test/data/da5193cb/MiniRaftClusterWithSimulatedRpced10c1e3/s7/8f1a452b-eb4f-415b-bd54-2c253c6a579f
2024-12-14 12:23:23,384 INFO  storage.RaftStorageDirectory (RaftStorageDirectoryImpl.java:tryLock(229)) - Lock on /home/runner/work/ratis/ratis/ratis-examples/target/test/data/da5193cb/MiniRaftClusterWithSimulatedRpced10c1e3/s7/8f1a452b-eb4f-415b-bd54-2c253c6a579f/in_use.lock acquired by nodename 14700@fv-az733-880
2024-12-14 12:23:23,384 TRACE util.FileUtils (LogUtils.java:runAndLog(49)) - Successfully ran Files.createDirectories /home/runner/work/ratis/ratis/ratis-examples/target/test/data/da5193cb/MiniRaftClusterWithSimulatedRpced10c1e3/s7/8f1a452b-eb4f-415b-bd54-2c253c6a579f/current
2024-12-14 12:23:23,384 TRACE util.FileUtils (LogUtils.java:runAndLog(49)) - Successfully ran Files.createDirectories /home/runner/work/ratis/ratis/ratis-examples/target/test/data/da5193cb/MiniRaftClusterWithSimulatedRpced10c1e3/s7/8f1a452b-eb4f-415b-bd54-2c253c6a579f/sm
2024-12-14 12:23:23,384 TRACE util.FileUtils (LogUtils.java:supplyAndLog(69)) - Successfully supplied FileChannel.open /home/runner/work/ratis/ratis/ratis-examples/target/test/data/da5193cb/MiniRaftClusterWithSimulatedRpced10c1e3/s7/8f1a452b-eb4f-415b-bd54-2c253c6a579f/current/raft-meta.tmp with options [CREATE, WRITE]: sun.nio.ch.FileChannelImpl@ec9ca93
2024-12-14 12:23:23,385 TRACE util.FileUtils (LogUtils.java:runAndLog(49)) - Successfully ran Atomic Files.move /home/runner/work/ratis/ratis/ratis-examples/target/test/data/da5193cb/MiniRaftClusterWithSimulatedRpced10c1e3/s7/8f1a452b-eb4f-415b-bd54-2c253c6a579f/current/raft-meta.tmp to /home/runner/work/ratis/ratis/ratis-examples/target/test/data/da5193cb/MiniRaftClusterWithSimulatedRpced10c1e3/s7/8f1a452b-eb4f-415b-bd54-2c253c6a579f/current/raft-meta with options [REPLACE_EXISTING]
2024-12-14 12:23:23,385 INFO  storage.RaftStorage (RaftStorageImpl.java:format(98)) - Storage directory /home/runner/work/ratis/ratis/ratis-examples/target/test/data/da5193cb/MiniRaftClusterWithSimulatedRpced10c1e3/s7/8f1a452b-eb4f-415b-bd54-2c253c6a579f has been successfully formatted.
2024-12-14 12:23:23,386 WARN  statemachine.StateMachine (ArithmeticStateMachine.java:loadSnapshot(115)) - The snapshot info is null.
2024-12-14 12:23:23,386 INFO  server.RaftServerConfigKeys (ConfUtils.java:logGet(46)) - raft.server.log.use.memory = false (default)
2024-12-14 12:23:23,386 INFO  server.RaftServerConfigKeys (ConfUtils.java:logGet(46)) - raft.server.log.purge.gap = 1024 (default)
2024-12-14 12:23:23,386 INFO  server.RaftServerConfigKeys (ConfUtils.java:logGet(46)) - raft.server.log.appender.buffer.byte-limit = 4MB (=4194304) (default)
2024-12-14 12:23:23,386 INFO  server.RaftServerConfigKeys (ConfUtils.java:logGet(46)) - raft.server.log.statemachine.data.read.timeout = 1000ms (default)
2024-12-14 12:23:23,386 INFO  server.RaftServerConfigKeys (ConfUtils.java:logGet(46)) - raft.server.log.purge.preservation.log.num = 0 (default)
2024-12-14 12:23:23,386 INFO  server.RaftServerConfigKeys (ConfUtils.java:logGet(46)) - raft.server.log.segment.size.max = 32MB (=33554432) (default)
2024-12-14 12:23:23,387 INFO  server.RaftServerConfigKeys (ConfUtils.java:logGet(46)) - raft.server.log.segment.cache.num.max = 6 (default)
2024-12-14 12:23:23,387 INFO  server.RaftServerConfigKeys (ConfUtils.java:logGet(46)) - raft.server.log.segment.cache.size.max = 200MB (=209715200) (default)
2024-12-14 12:23:23,387 INFO  server.RaftServerConfigKeys (ConfUtils.java:logGet(46)) - raft.server.log.appender.buffer.byte-limit = 4MB (=4194304) (default)
2024-12-14 12:23:23,387 INFO  util.AwaitToRun (AwaitToRun.java:start(81)) - Thread[s7@group-2C253C6A579F-cacheEviction-AwaitToRun,5,main] started
2024-12-14 12:23:23,387 INFO  segmented.SegmentedRaftLogWorker (SegmentedRaftLogWorker.java:<init>(189)) - new s7@group-2C253C6A579F-SegmentedRaftLogWorker for RaftStorageImpl:Storage Directory /home/runner/work/ratis/ratis/ratis-examples/target/test/data/da5193cb/MiniRaftClusterWithSimulatedRpced10c1e3/s7/8f1a452b-eb4f-415b-bd54-2c253c6a579f
2024-12-14 12:23:23,387 INFO  server.RaftServerConfigKeys (ConfUtils.java:logGet(46)) - raft.server.log.queue.byte-limit = 64MB (=67108864) (default)
2024-12-14 12:23:23,387 INFO  server.RaftServerConfigKeys (ConfUtils.java:logGet(46)) - raft.server.log.queue.element-limit = 4096 (default)
2024-12-14 12:23:23,387 INFO  server.RaftServerConfigKeys (ConfUtils.java:logGet(46)) - raft.server.log.segment.size.max = 32MB (=33554432) (default)
2024-12-14 12:23:23,387 INFO  server.RaftServerConfigKeys (ConfUtils.java:logGet(46)) - raft.server.log.preallocated.size = 4MB (=4194304) (default)
2024-12-14 12:23:23,387 INFO  server.RaftServerConfigKeys (ConfUtils.java:logGet(46)) - raft.server.log.force.sync.num = 128 (default)
2024-12-14 12:23:23,387 INFO  server.RaftServerConfigKeys (ConfUtils.java:logGet(46)) - raft.server.log.statemachine.data.sync = true (default)
2024-12-14 12:23:23,387 INFO  server.RaftServerConfigKeys (ConfUtils.java:logGet(46)) - raft.server.log.statemachine.data.sync.timeout = 10s (default)
2024-12-14 12:23:23,387 INFO  server.RaftServerConfigKeys (ConfUtils.java:logGet(46)) - raft.server.log.statemachine.data.sync.timeout.retry = -1 (default)
2024-12-14 12:23:23,388 INFO  server.RaftServerConfigKeys (ConfUtils.java:logGet(46)) - raft.server.log.write.buffer.size = 8MB (=8388608) (default)
2024-12-14 12:23:23,390 INFO  server.RaftServerConfigKeys (ConfUtils.java:logGet(46)) - raft.server.log.appender.buffer.byte-limit = 4MB (=4194304) (default)
2024-12-14 12:23:23,390 INFO  server.RaftServerConfigKeys (ConfUtils.java:logGet(46)) - raft.server.log.unsafe-flush.enabled = false (default)
2024-12-14 12:23:23,390 INFO  server.RaftServerConfigKeys (ConfUtils.java:logGet(46)) - raft.server.log.async-flush.enabled = false (default)
2024-12-14 12:23:23,390 INFO  server.RaftServerConfigKeys (ConfUtils.java:logGet(46)) - raft.server.log.statemachine.data.caching.enabled = false (default)
2024-12-14 12:23:23,390 INFO  segmented.SegmentedRaftLogWorker (SegmentedRaftLogWorker.java:lambda$new$0(140)) - s7@group-2C253C6A579F-SegmentedRaftLogWorker: flushIndex: setUnconditionally 0 -> -1
2024-12-14 12:23:23,391 INFO  segmented.SegmentedRaftLogWorker (SegmentedRaftLogWorker.java:lambda$new$0(140)) - s7@group-2C253C6A579F-SegmentedRaftLogWorker: safeCacheEvictIndex: setUnconditionally 0 -> -1
2024-12-14 12:23:23,391 INFO  server.RaftServer$Division (RaftServerImpl.java:start(392)) - s7@group-2C253C6A579F: start as a follower, conf=conf: {index: -1, cur=peers:[s7, s8, s9]|listeners:[], old=null}
2024-12-14 12:23:23,391 INFO  server.RaftServer$Division (RaftServerImpl.java:setRole(379)) - s7@group-2C253C6A579F: changes role from      null to FOLLOWER at term 0 for startAsFollower
2024-12-14 12:23:23,391 INFO  impl.RoleInfo (RoleInfo.java:updateAndGet(148)) - s7: start s7@group-2C253C6A579F-FollowerState
2024-12-14 12:23:23,391 INFO  server.RaftServerConfigKeys (ConfUtils.java:logFallback(53)) - raft.server.rpc.first-election.timeout.min = 300ms (fallback to raft.server.rpc.timeout.min)
2024-12-14 12:23:23,391 INFO  util.JmxRegister (JmxRegister.java:tryRegister(44)) - Successfully registered JMX Bean with object name Ratis:service=RaftServer,group=group-2C253C6A579F,id=s7
2024-12-14 12:23:23,391 INFO  util.JmxRegister (JmxRegister.java:register(58)) - register mxBean class org.apache.ratis.server.impl.RaftServerJmxAdapter as Ratis:service=RaftServer,group=group-2C253C6A579F,id=s7
2024-12-14 12:23:23,391 INFO  server.RaftServerConfigKeys (ConfUtils.java:logFallback(53)) - raft.server.rpc.first-election.timeout.max = 600ms (fallback to raft.server.rpc.timeout.max)
2024-12-14 12:23:23,392 INFO  server.RaftServerConfigKeys (ConfUtils.java:logGet(46)) - raft.server.snapshot.trigger-when-stop.enabled = true (default)
2024-12-14 12:23:23,392 INFO  server.RaftServerConfigKeys (ConfUtils.java:logGet(46)) - raft.server.snapshot.trigger-when-remove.enabled = true (default)
2024-12-14 12:23:23,392 INFO  server.RaftServerConfigKeys (ConfUtils.java:logGet(46)) - raft.server.snapshot.auto.trigger.enabled = false (default)
2024-12-14 12:23:23,392 INFO  server.RaftServerConfigKeys (ConfUtils.java:logGet(46)) - raft.server.snapshot.retention.file.num = -1 (default)
2024-12-14 12:23:23,392 INFO  server.RaftServerConfigKeys (ConfUtils.java:logGet(46)) - raft.server.log.purge.upto.snapshot.index = false (default)
2024-12-14 12:23:23,392 INFO  server.RaftServer$Division (RaftServerImpl.java:start(406)) - s7@group-2C253C6A579F: Successfully started.
2024-12-14 12:23:23,394 INFO  server.RaftServer (RaftServerProxy.java:addNew(101)) - s8: addNew group-2C253C6A579F:[s7, s8, s9] returns group-2C253C6A579F:java.util.concurrent.CompletableFuture@60943ef5[Not completed]
2024-12-14 12:23:23,394 INFO  server.RaftServer$Division (RaftServerImpl.java:<init>(256)) - s8: new RaftServerImpl for group-2C253C6A579F:[s7, s8, s9] with ArithmeticStateMachine:uninitialized
2024-12-14 12:23:23,394 INFO  server.RaftServerConfigKeys (ConfUtils.java:logGet(46)) - raft.server.rpc.timeout.min = 300ms (custom)
2024-12-14 12:23:23,394 INFO  server.RaftServerConfigKeys (ConfUtils.java:logGet(46)) - raft.server.rpc.timeout.max = 600ms (custom)
2024-12-14 12:23:23,394 INFO  server.RaftServerConfigKeys (ConfUtils.java:logGet(46)) - raft.server.rpc.sleep.time = 25ms (default)
2024-12-14 12:23:23,394 INFO  server.RaftServerConfigKeys (ConfUtils.java:logGet(46)) - raft.server.rpc.slowness.timeout = 60s (default)
2024-12-14 12:23:23,394 INFO  server.RaftServerConfigKeys (ConfUtils.java:logGet(46)) - raft.server.leaderelection.leader.step-down.wait-time = 10s (default)
2024-12-14 12:23:23,394 INFO  server.RaftServerConfigKeys (ConfUtils.java:logGet(46)) - raft.server.leaderelection.member.majority-add = false (default)
2024-12-14 12:23:23,394 INFO  server.RaftServerConfigKeys (ConfUtils.java:logGet(46)) - raft.server.sleep.deviation.threshold = 300ms (default)
2024-12-14 12:23:23,394 INFO  server.RaftServer$Division (ServerState.java:<init>(114)) - s8@group-2C253C6A579F: ConfigurationManager, init=conf: {index: -1, cur=peers:[s7, s8, s9]|listeners:[], old=null}, confs=<EMPTY_MAP>
2024-12-14 12:23:23,395 INFO  server.RaftServerConfigKeys (ConfUtils.java:logGet(46)) - raft.server.notification.no-leader.timeout = 60s (default)
2024-12-14 12:23:23,395 INFO  server.RaftServerConfigKeys (ConfUtils.java:logGet(46)) - raft.server.read.timeout = 10s (default)
2024-12-14 12:23:23,395 INFO  server.RaftServerConfigKeys (ConfUtils.java:logGet(46)) - raft.server.retrycache.expirytime = 60s (default)
2024-12-14 12:23:23,395 INFO  server.RaftServerConfigKeys (ConfUtils.java:logGet(46)) - raft.server.retrycache.statistics.expirytime = 100ms (default)
2024-12-14 12:23:23,395 INFO  server.RaftServerConfigKeys (ConfUtils.java:logGet(46)) - raft.server.read.option = DEFAULT (default)
2024-12-14 12:23:23,395 INFO  server.RaftServerConfigKeys (ConfUtils.java:logGet(46)) - raft.server.read.read-after-write-consistent.write-index-cache.expiry-time = 60s (default)
2024-12-14 12:23:23,396 INFO  server.RaftServerConfigKeys (ConfUtils.java:logGet(46)) - raft.server.rpc.request.timeout = 3000ms (default)
2024-12-14 12:23:23,396 INFO  server.RaftServerConfigKeys (ConfUtils.java:logGet(46)) - raft.server.log.appender.install.snapshot.enabled = true (default)
2024-12-14 12:23:23,396 INFO  server.RaftServerConfigKeys (ConfUtils.java:logGet(46)) - raft.server.threadpool.server.cached = true (default)
2024-12-14 12:23:23,396 INFO  server.RaftServerConfigKeys (ConfUtils.java:logGet(46)) - raft.server.threadpool.server.size = 0 (default)
2024-12-14 12:23:23,396 INFO  server.RaftServerConfigKeys (ConfUtils.java:logGet(46)) - raft.server.threadpool.client.cached = true (default)
2024-12-14 12:23:23,396 INFO  server.RaftServerConfigKeys (ConfUtils.java:logGet(46)) - raft.server.threadpool.client.size = 0 (default)
2024-12-14 12:23:23,396 INFO  server.RaftServerConfigKeys (ConfUtils.java:logGet(46)) - raft.server.storage.free-space.min = 0MB (=0) (default)
2024-12-14 12:23:23,396 INFO  server.RaftServerConfigKeys (ConfUtils.java:logGet(46)) - raft.server.log.corruption.policy = EXCEPTION (default)
2024-12-14 12:23:23,396 INFO  server.RaftServerConfigKeys (ConfUtils.java:logGet(46)) - raft.server.storage.dir = [/home/runner/work/ratis/ratis/ratis-examples/target/test/data/da5193cb/MiniRaftClusterWithSimulatedRpced10c1e3/s8] (custom)
2024-12-14 12:23:23,397 INFO  storage.RaftStorageDirectory (RaftStorageDirectoryImpl.java:analyzeStorage(138)) - The storage directory /home/runner/work/ratis/ratis/ratis-examples/target/test/data/da5193cb/MiniRaftClusterWithSimulatedRpced10c1e3/s8/8f1a452b-eb4f-415b-bd54-2c253c6a579f does not exist. Creating ...
2024-12-14 12:23:23,397 TRACE util.FileUtils (LogUtils.java:runAndLog(49)) - Successfully ran Files.createDirectories /home/runner/work/ratis/ratis/ratis-examples/target/test/data/da5193cb/MiniRaftClusterWithSimulatedRpced10c1e3/s8/8f1a452b-eb4f-415b-bd54-2c253c6a579f
2024-12-14 12:23:23,398 INFO  storage.RaftStorageDirectory (RaftStorageDirectoryImpl.java:tryLock(229)) - Lock on /home/runner/work/ratis/ratis/ratis-examples/target/test/data/da5193cb/MiniRaftClusterWithSimulatedRpced10c1e3/s8/8f1a452b-eb4f-415b-bd54-2c253c6a579f/in_use.lock acquired by nodename 14700@fv-az733-880
2024-12-14 12:23:23,398 TRACE util.FileUtils (LogUtils.java:runAndLog(49)) - Successfully ran Files.createDirectories /home/runner/work/ratis/ratis/ratis-examples/target/test/data/da5193cb/MiniRaftClusterWithSimulatedRpced10c1e3/s8/8f1a452b-eb4f-415b-bd54-2c253c6a579f/current
2024-12-14 12:23:23,398 TRACE util.FileUtils (LogUtils.java:runAndLog(49)) - Successfully ran Files.createDirectories /home/runner/work/ratis/ratis/ratis-examples/target/test/data/da5193cb/MiniRaftClusterWithSimulatedRpced10c1e3/s8/8f1a452b-eb4f-415b-bd54-2c253c6a579f/sm
2024-12-14 12:23:23,399 TRACE util.FileUtils (LogUtils.java:supplyAndLog(69)) - Successfully supplied FileChannel.open /home/runner/work/ratis/ratis/ratis-examples/target/test/data/da5193cb/MiniRaftClusterWithSimulatedRpced10c1e3/s8/8f1a452b-eb4f-415b-bd54-2c253c6a579f/current/raft-meta.tmp with options [CREATE, WRITE]: sun.nio.ch.FileChannelImpl@7d837b36
2024-12-14 12:23:23,402 TRACE util.FileUtils (LogUtils.java:runAndLog(49)) - Successfully ran Atomic Files.move /home/runner/work/ratis/ratis/ratis-examples/target/test/data/da5193cb/MiniRaftClusterWithSimulatedRpced10c1e3/s8/8f1a452b-eb4f-415b-bd54-2c253c6a579f/current/raft-meta.tmp to /home/runner/work/ratis/ratis/ratis-examples/target/test/data/da5193cb/MiniRaftClusterWithSimulatedRpced10c1e3/s8/8f1a452b-eb4f-415b-bd54-2c253c6a579f/current/raft-meta with options [REPLACE_EXISTING]
2024-12-14 12:23:23,402 INFO  storage.RaftStorage (RaftStorageImpl.java:format(98)) - Storage directory /home/runner/work/ratis/ratis/ratis-examples/target/test/data/da5193cb/MiniRaftClusterWithSimulatedRpced10c1e3/s8/8f1a452b-eb4f-415b-bd54-2c253c6a579f has been successfully formatted.
2024-12-14 12:23:23,402 WARN  statemachine.StateMachine (ArithmeticStateMachine.java:loadSnapshot(115)) - The snapshot info is null.
2024-12-14 12:23:23,402 INFO  server.RaftServerConfigKeys (ConfUtils.java:logGet(46)) - raft.server.log.use.memory = false (default)
2024-12-14 12:23:23,402 INFO  server.RaftServerConfigKeys (ConfUtils.java:logGet(46)) - raft.server.log.purge.gap = 1024 (default)
2024-12-14 12:23:23,402 INFO  server.RaftServerConfigKeys (ConfUtils.java:logGet(46)) - raft.server.log.appender.buffer.byte-limit = 4MB (=4194304) (default)
2024-12-14 12:23:23,402 INFO  server.RaftServerConfigKeys (ConfUtils.java:logGet(46)) - raft.server.log.statemachine.data.read.timeout = 1000ms (default)
2024-12-14 12:23:23,402 INFO  server.RaftServerConfigKeys (ConfUtils.java:logGet(46)) - raft.server.log.purge.preservation.log.num = 0 (default)
2024-12-14 12:23:23,403 INFO  server.RaftServerConfigKeys (ConfUtils.java:logGet(46)) - raft.server.log.segment.size.max = 32MB (=33554432) (default)
2024-12-14 12:23:23,403 INFO  server.RaftServerConfigKeys (ConfUtils.java:logGet(46)) - raft.server.log.segment.cache.num.max = 6 (default)
2024-12-14 12:23:23,403 INFO  server.RaftServerConfigKeys (ConfUtils.java:logGet(46)) - raft.server.log.segment.cache.size.max = 200MB (=209715200) (default)
2024-12-14 12:23:23,403 INFO  server.RaftServerConfigKeys (ConfUtils.java:logGet(46)) - raft.server.log.appender.buffer.byte-limit = 4MB (=4194304) (default)
2024-12-14 12:23:23,403 INFO  util.AwaitToRun (AwaitToRun.java:start(81)) - Thread[s8@group-2C253C6A579F-cacheEviction-AwaitToRun,5,main] started
2024-12-14 12:23:23,403 INFO  segmented.SegmentedRaftLogWorker (SegmentedRaftLogWorker.java:<init>(189)) - new s8@group-2C253C6A579F-SegmentedRaftLogWorker for RaftStorageImpl:Storage Directory /home/runner/work/ratis/ratis/ratis-examples/target/test/data/da5193cb/MiniRaftClusterWithSimulatedRpced10c1e3/s8/8f1a452b-eb4f-415b-bd54-2c253c6a579f
2024-12-14 12:23:23,403 INFO  server.RaftServerConfigKeys (ConfUtils.java:logGet(46)) - raft.server.log.queue.byte-limit = 64MB (=67108864) (default)
2024-12-14 12:23:23,403 INFO  server.RaftServerConfigKeys (ConfUtils.java:logGet(46)) - raft.server.log.queue.element-limit = 4096 (default)
2024-12-14 12:23:23,404 INFO  server.RaftServerConfigKeys (ConfUtils.java:logGet(46)) - raft.server.log.segment.size.max = 32MB (=33554432) (default)
2024-12-14 12:23:23,404 INFO  server.RaftServerConfigKeys (ConfUtils.java:logGet(46)) - raft.server.log.preallocated.size = 4MB (=4194304) (default)
2024-12-14 12:23:23,404 INFO  server.RaftServerConfigKeys (ConfUtils.java:logGet(46)) - raft.server.log.force.sync.num = 128 (default)
2024-12-14 12:23:23,404 INFO  server.RaftServerConfigKeys (ConfUtils.java:logGet(46)) - raft.server.log.statemachine.data.sync = true (default)
2024-12-14 12:23:23,404 INFO  server.RaftServerConfigKeys (ConfUtils.java:logGet(46)) - raft.server.log.statemachine.data.sync.timeout = 10s (default)
2024-12-14 12:23:23,404 INFO  server.RaftServerConfigKeys (ConfUtils.java:logGet(46)) - raft.server.log.statemachine.data.sync.timeout.retry = -1 (default)
2024-12-14 12:23:23,404 INFO  server.RaftServerConfigKeys (ConfUtils.java:logGet(46)) - raft.server.log.write.buffer.size = 8MB (=8388608) (default)
2024-12-14 12:23:23,406 INFO  server.RaftServerConfigKeys (ConfUtils.java:logGet(46)) - raft.server.log.appender.buffer.byte-limit = 4MB (=4194304) (default)
2024-12-14 12:23:23,406 INFO  server.RaftServerConfigKeys (ConfUtils.java:logGet(46)) - raft.server.log.unsafe-flush.enabled = false (default)
2024-12-14 12:23:23,406 INFO  server.RaftServerConfigKeys (ConfUtils.java:logGet(46)) - raft.server.log.async-flush.enabled = false (default)
2024-12-14 12:23:23,406 INFO  server.RaftServerConfigKeys (ConfUtils.java:logGet(46)) - raft.server.log.statemachine.data.caching.enabled = false (default)
2024-12-14 12:23:23,407 INFO  segmented.SegmentedRaftLogWorker (SegmentedRaftLogWorker.java:lambda$new$0(140)) - s8@group-2C253C6A579F-SegmentedRaftLogWorker: flushIndex: setUnconditionally 0 -> -1
2024-12-14 12:23:23,407 INFO  segmented.SegmentedRaftLogWorker (SegmentedRaftLogWorker.java:lambda$new$0(140)) - s8@group-2C253C6A579F-SegmentedRaftLogWorker: safeCacheEvictIndex: setUnconditionally 0 -> -1
2024-12-14 12:23:23,407 INFO  server.RaftServer$Division (RaftServerImpl.java:start(392)) - s8@group-2C253C6A579F: start as a follower, conf=conf: {index: -1, cur=peers:[s7, s8, s9]|listeners:[], old=null}
2024-12-14 12:23:23,407 INFO  server.RaftServer$Division (RaftServerImpl.java:setRole(379)) - s8@group-2C253C6A579F: changes role from      null to FOLLOWER at term 0 for startAsFollower
2024-12-14 12:23:23,407 INFO  impl.RoleInfo (RoleInfo.java:updateAndGet(148)) - s8: start s8@group-2C253C6A579F-FollowerState
2024-12-14 12:23:23,407 INFO  util.JmxRegister (JmxRegister.java:tryRegister(44)) - Successfully registered JMX Bean with object name Ratis:service=RaftServer,group=group-2C253C6A579F,id=s8
2024-12-14 12:23:23,407 INFO  util.JmxRegister (JmxRegister.java:register(58)) - register mxBean class org.apache.ratis.server.impl.RaftServerJmxAdapter as Ratis:service=RaftServer,group=group-2C253C6A579F,id=s8
2024-12-14 12:23:23,407 INFO  server.RaftServerConfigKeys (ConfUtils.java:logGet(46)) - raft.server.snapshot.trigger-when-stop.enabled = true (default)
2024-12-14 12:23:23,408 INFO  server.RaftServerConfigKeys (ConfUtils.java:logGet(46)) - raft.server.snapshot.trigger-when-remove.enabled = true (default)
2024-12-14 12:23:23,408 INFO  server.RaftServerConfigKeys (ConfUtils.java:logGet(46)) - raft.server.snapshot.auto.trigger.enabled = false (default)
2024-12-14 12:23:23,408 INFO  server.RaftServerConfigKeys (ConfUtils.java:logGet(46)) - raft.server.snapshot.retention.file.num = -1 (default)
2024-12-14 12:23:23,408 INFO  server.RaftServerConfigKeys (ConfUtils.java:logGet(46)) - raft.server.log.purge.upto.snapshot.index = false (default)
2024-12-14 12:23:23,408 INFO  server.RaftServer$Division (RaftServerImpl.java:start(406)) - s8@group-2C253C6A579F: Successfully started.
2024-12-14 12:23:23,408 INFO  server.RaftServerConfigKeys (ConfUtils.java:logFallback(53)) - raft.server.rpc.first-election.timeout.min = 300ms (fallback to raft.server.rpc.timeout.min)
2024-12-14 12:23:23,409 INFO  server.RaftServer (RaftServerProxy.java:addNew(101)) - s9: addNew group-2C253C6A579F:[s7, s8, s9] returns group-2C253C6A579F:java.util.concurrent.CompletableFuture@11c5705d[Not completed]
2024-12-14 12:23:23,409 INFO  server.RaftServer$Division (RaftServerImpl.java:<init>(256)) - s9: new RaftServerImpl for group-2C253C6A579F:[s7, s8, s9] with ArithmeticStateMachine:uninitialized
2024-12-14 12:23:23,412 INFO  server.RaftServerConfigKeys (ConfUtils.java:logFallback(53)) - raft.server.rpc.first-election.timeout.max = 600ms (fallback to raft.server.rpc.timeout.max)
2024-12-14 12:23:23,412 INFO  server.RaftServerConfigKeys (ConfUtils.java:logGet(46)) - raft.server.rpc.timeout.min = 300ms (custom)
2024-12-14 12:23:23,412 INFO  server.RaftServerConfigKeys (ConfUtils.java:logGet(46)) - raft.server.rpc.timeout.max = 600ms (custom)
2024-12-14 12:23:23,412 INFO  server.RaftServerConfigKeys (ConfUtils.java:logGet(46)) - raft.server.rpc.sleep.time = 25ms (default)
2024-12-14 12:23:23,412 INFO  server.RaftServerConfigKeys (ConfUtils.java:logGet(46)) - raft.server.rpc.slowness.timeout = 60s (default)
2024-12-14 12:23:23,412 INFO  server.RaftServerConfigKeys (ConfUtils.java:logGet(46)) - raft.server.leaderelection.leader.step-down.wait-time = 10s (default)
2024-12-14 12:23:23,412 INFO  server.RaftServerConfigKeys (ConfUtils.java:logGet(46)) - raft.server.leaderelection.member.majority-add = false (default)
2024-12-14 12:23:23,412 INFO  server.RaftServerConfigKeys (ConfUtils.java:logGet(46)) - raft.server.sleep.deviation.threshold = 300ms (default)
2024-12-14 12:23:23,413 INFO  server.RaftServer$Division (ServerState.java:<init>(114)) - s9@group-2C253C6A579F: ConfigurationManager, init=conf: {index: -1, cur=peers:[s7, s8, s9]|listeners:[], old=null}, confs=<EMPTY_MAP>
2024-12-14 12:23:23,413 INFO  server.RaftServerConfigKeys (ConfUtils.java:logGet(46)) - raft.server.notification.no-leader.timeout = 60s (default)
2024-12-14 12:23:23,413 INFO  server.RaftServerConfigKeys (ConfUtils.java:logGet(46)) - raft.server.read.timeout = 10s (default)
2024-12-14 12:23:23,413 INFO  server.RaftServerConfigKeys (ConfUtils.java:logGet(46)) - raft.server.retrycache.expirytime = 60s (default)
2024-12-14 12:23:23,413 INFO  server.RaftServerConfigKeys (ConfUtils.java:logGet(46)) - raft.server.retrycache.statistics.expirytime = 100ms (default)
2024-12-14 12:23:23,413 INFO  server.RaftServerConfigKeys (ConfUtils.java:logGet(46)) - raft.server.read.option = DEFAULT (default)
2024-12-14 12:23:23,413 INFO  server.RaftServerConfigKeys (ConfUtils.java:logGet(46)) - raft.server.read.read-after-write-consistent.write-index-cache.expiry-time = 60s (default)
2024-12-14 12:23:23,414 INFO  server.RaftServerConfigKeys (ConfUtils.java:logGet(46)) - raft.server.rpc.request.timeout = 3000ms (default)
2024-12-14 12:23:23,414 INFO  server.RaftServerConfigKeys (ConfUtils.java:logGet(46)) - raft.server.log.appender.install.snapshot.enabled = true (default)
2024-12-14 12:23:23,414 INFO  server.RaftServerConfigKeys (ConfUtils.java:logGet(46)) - raft.server.threadpool.server.cached = true (default)
2024-12-14 12:23:23,414 INFO  server.RaftServerConfigKeys (ConfUtils.java:logGet(46)) - raft.server.threadpool.server.size = 0 (default)
2024-12-14 12:23:23,414 INFO  server.RaftServerConfigKeys (ConfUtils.java:logGet(46)) - raft.server.threadpool.client.cached = true (default)
2024-12-14 12:23:23,414 INFO  server.RaftServerConfigKeys (ConfUtils.java:logGet(46)) - raft.server.threadpool.client.size = 0 (default)
2024-12-14 12:23:23,414 INFO  server.RaftServerConfigKeys (ConfUtils.java:logGet(46)) - raft.server.storage.free-space.min = 0MB (=0) (default)
2024-12-14 12:23:23,414 INFO  server.RaftServerConfigKeys (ConfUtils.java:logGet(46)) - raft.server.log.corruption.policy = EXCEPTION (default)
2024-12-14 12:23:23,414 INFO  server.RaftServerConfigKeys (ConfUtils.java:logGet(46)) - raft.server.storage.dir = [/home/runner/work/ratis/ratis/ratis-examples/target/test/data/da5193cb/MiniRaftClusterWithSimulatedRpced10c1e3/s9] (custom)
2024-12-14 12:23:23,415 INFO  storage.RaftStorageDirectory (RaftStorageDirectoryImpl.java:analyzeStorage(138)) - The storage directory /home/runner/work/ratis/ratis/ratis-examples/target/test/data/da5193cb/MiniRaftClusterWithSimulatedRpced10c1e3/s9/8f1a452b-eb4f-415b-bd54-2c253c6a579f does not exist. Creating ...
2024-12-14 12:23:23,415 TRACE util.FileUtils (LogUtils.java:runAndLog(49)) - Successfully ran Files.createDirectories /home/runner/work/ratis/ratis/ratis-examples/target/test/data/da5193cb/MiniRaftClusterWithSimulatedRpced10c1e3/s9/8f1a452b-eb4f-415b-bd54-2c253c6a579f
2024-12-14 12:23:23,416 INFO  storage.RaftStorageDirectory (RaftStorageDirectoryImpl.java:tryLock(229)) - Lock on /home/runner/work/ratis/ratis/ratis-examples/target/test/data/da5193cb/MiniRaftClusterWithSimulatedRpced10c1e3/s9/8f1a452b-eb4f-415b-bd54-2c253c6a579f/in_use.lock acquired by nodename 14700@fv-az733-880
2024-12-14 12:23:23,416 TRACE util.FileUtils (LogUtils.java:runAndLog(49)) - Successfully ran Files.createDirectories /home/runner/work/ratis/ratis/ratis-examples/target/test/data/da5193cb/MiniRaftClusterWithSimulatedRpced10c1e3/s9/8f1a452b-eb4f-415b-bd54-2c253c6a579f/current
2024-12-14 12:23:23,416 TRACE util.FileUtils (LogUtils.java:runAndLog(49)) - Successfully ran Files.createDirectories /home/runner/work/ratis/ratis/ratis-examples/target/test/data/da5193cb/MiniRaftClusterWithSimulatedRpced10c1e3/s9/8f1a452b-eb4f-415b-bd54-2c253c6a579f/sm
2024-12-14 12:23:23,416 TRACE util.FileUtils (LogUtils.java:supplyAndLog(69)) - Successfully supplied FileChannel.open /home/runner/work/ratis/ratis/ratis-examples/target/test/data/da5193cb/MiniRaftClusterWithSimulatedRpced10c1e3/s9/8f1a452b-eb4f-415b-bd54-2c253c6a579f/current/raft-meta.tmp with options [CREATE, WRITE]: sun.nio.ch.FileChannelImpl@937b10a
2024-12-14 12:23:23,417 TRACE util.FileUtils (LogUtils.java:runAndLog(49)) - Successfully ran Atomic Files.move /home/runner/work/ratis/ratis/ratis-examples/target/test/data/da5193cb/MiniRaftClusterWithSimulatedRpced10c1e3/s9/8f1a452b-eb4f-415b-bd54-2c253c6a579f/current/raft-meta.tmp to /home/runner/work/ratis/ratis/ratis-examples/target/test/data/da5193cb/MiniRaftClusterWithSimulatedRpced10c1e3/s9/8f1a452b-eb4f-415b-bd54-2c253c6a579f/current/raft-meta with options [REPLACE_EXISTING]
2024-12-14 12:23:23,417 INFO  storage.RaftStorage (RaftStorageImpl.java:format(98)) - Storage directory /home/runner/work/ratis/ratis/ratis-examples/target/test/data/da5193cb/MiniRaftClusterWithSimulatedRpced10c1e3/s9/8f1a452b-eb4f-415b-bd54-2c253c6a579f has been successfully formatted.
2024-12-14 12:23:23,417 WARN  statemachine.StateMachine (ArithmeticStateMachine.java:loadSnapshot(115)) - The snapshot info is null.
2024-12-14 12:23:23,417 INFO  server.RaftServerConfigKeys (ConfUtils.java:logGet(46)) - raft.server.log.use.memory = false (default)
2024-12-14 12:23:23,418 INFO  server.RaftServerConfigKeys (ConfUtils.java:logGet(46)) - raft.server.log.purge.gap = 1024 (default)
2024-12-14 12:23:23,418 INFO  server.RaftServerConfigKeys (ConfUtils.java:logGet(46)) - raft.server.log.appender.buffer.byte-limit = 4MB (=4194304) (default)
2024-12-14 12:23:23,418 INFO  server.RaftServerConfigKeys (ConfUtils.java:logGet(46)) - raft.server.log.statemachine.data.read.timeout = 1000ms (default)
2024-12-14 12:23:23,418 INFO  server.RaftServerConfigKeys (ConfUtils.java:logGet(46)) - raft.server.log.purge.preservation.log.num = 0 (default)
2024-12-14 12:23:23,418 INFO  server.RaftServerConfigKeys (ConfUtils.java:logGet(46)) - raft.server.log.segment.size.max = 32MB (=33554432) (default)
2024-12-14 12:23:23,418 INFO  server.RaftServerConfigKeys (ConfUtils.java:logGet(46)) - raft.server.log.segment.cache.num.max = 6 (default)
2024-12-14 12:23:23,418 INFO  server.RaftServerConfigKeys (ConfUtils.java:logGet(46)) - raft.server.log.segment.cache.size.max = 200MB (=209715200) (default)
2024-12-14 12:23:23,418 INFO  server.RaftServerConfigKeys (ConfUtils.java:logGet(46)) - raft.server.log.appender.buffer.byte-limit = 4MB (=4194304) (default)
2024-12-14 12:23:23,419 INFO  util.AwaitToRun (AwaitToRun.java:start(81)) - Thread[s9@group-2C253C6A579F-cacheEviction-AwaitToRun,5,main] started
2024-12-14 12:23:23,419 INFO  segmented.SegmentedRaftLogWorker (SegmentedRaftLogWorker.java:<init>(189)) - new s9@group-2C253C6A579F-SegmentedRaftLogWorker for RaftStorageImpl:Storage Directory /home/runner/work/ratis/ratis/ratis-examples/target/test/data/da5193cb/MiniRaftClusterWithSimulatedRpced10c1e3/s9/8f1a452b-eb4f-415b-bd54-2c253c6a579f
2024-12-14 12:23:23,419 INFO  server.RaftServerConfigKeys (ConfUtils.java:logGet(46)) - raft.server.log.queue.byte-limit = 64MB (=67108864) (default)
2024-12-14 12:23:23,419 INFO  server.RaftServerConfigKeys (ConfUtils.java:logGet(46)) - raft.server.log.queue.element-limit = 4096 (default)
2024-12-14 12:23:23,419 INFO  server.RaftServerConfigKeys (ConfUtils.java:logGet(46)) - raft.server.log.segment.size.max = 32MB (=33554432) (default)
2024-12-14 12:23:23,419 INFO  server.RaftServerConfigKeys (ConfUtils.java:logGet(46)) - raft.server.log.preallocated.size = 4MB (=4194304) (default)
2024-12-14 12:23:23,419 INFO  server.RaftServerConfigKeys (ConfUtils.java:logGet(46)) - raft.server.log.force.sync.num = 128 (default)
2024-12-14 12:23:23,419 INFO  server.RaftServerConfigKeys (ConfUtils.java:logGet(46)) - raft.server.log.statemachine.data.sync = true (default)
2024-12-14 12:23:23,419 INFO  server.RaftServerConfigKeys (ConfUtils.java:logGet(46)) - raft.server.log.statemachine.data.sync.timeout = 10s (default)
2024-12-14 12:23:23,419 INFO  server.RaftServerConfigKeys (ConfUtils.java:logGet(46)) - raft.server.log.statemachine.data.sync.timeout.retry = -1 (default)
2024-12-14 12:23:23,419 INFO  server.RaftServerConfigKeys (ConfUtils.java:logGet(46)) - raft.server.log.write.buffer.size = 8MB (=8388608) (default)
2024-12-14 12:23:23,421 INFO  server.RaftServerConfigKeys (ConfUtils.java:logGet(46)) - raft.server.log.appender.buffer.byte-limit = 4MB (=4194304) (default)
2024-12-14 12:23:23,421 INFO  server.RaftServerConfigKeys (ConfUtils.java:logGet(46)) - raft.server.log.unsafe-flush.enabled = false (default)
2024-12-14 12:23:23,421 INFO  server.RaftServerConfigKeys (ConfUtils.java:logGet(46)) - raft.server.log.async-flush.enabled = false (default)
2024-12-14 12:23:23,421 INFO  server.RaftServerConfigKeys (ConfUtils.java:logGet(46)) - raft.server.log.statemachine.data.caching.enabled = false (default)
2024-12-14 12:23:23,421 INFO  segmented.SegmentedRaftLogWorker (SegmentedRaftLogWorker.java:lambda$new$0(140)) - s9@group-2C253C6A579F-SegmentedRaftLogWorker: flushIndex: setUnconditionally 0 -> -1
2024-12-14 12:23:23,421 INFO  segmented.SegmentedRaftLogWorker (SegmentedRaftLogWorker.java:lambda$new$0(140)) - s9@group-2C253C6A579F-SegmentedRaftLogWorker: safeCacheEvictIndex: setUnconditionally 0 -> -1
2024-12-14 12:23:23,421 INFO  server.RaftServer$Division (RaftServerImpl.java:start(392)) - s9@group-2C253C6A579F: start as a follower, conf=conf: {index: -1, cur=peers:[s7, s8, s9]|listeners:[], old=null}
2024-12-14 12:23:23,422 INFO  server.RaftServer$Division (RaftServerImpl.java:setRole(379)) - s9@group-2C253C6A579F: changes role from      null to FOLLOWER at term 0 for startAsFollower
2024-12-14 12:23:23,422 INFO  impl.RoleInfo (RoleInfo.java:updateAndGet(148)) - s9: start s9@group-2C253C6A579F-FollowerState
2024-12-14 12:23:23,422 INFO  server.RaftServerConfigKeys (ConfUtils.java:logFallback(53)) - raft.server.rpc.first-election.timeout.min = 300ms (fallback to raft.server.rpc.timeout.min)
2024-12-14 12:23:23,422 INFO  util.JmxRegister (JmxRegister.java:tryRegister(44)) - Successfully registered JMX Bean with object name Ratis:service=RaftServer,group=group-2C253C6A579F,id=s9
2024-12-14 12:23:23,422 INFO  util.JmxRegister (JmxRegister.java:register(58)) - register mxBean class org.apache.ratis.server.impl.RaftServerJmxAdapter as Ratis:service=RaftServer,group=group-2C253C6A579F,id=s9
2024-12-14 12:23:23,422 INFO  server.RaftServerConfigKeys (ConfUtils.java:logFallback(53)) - raft.server.rpc.first-election.timeout.max = 600ms (fallback to raft.server.rpc.timeout.max)
2024-12-14 12:23:23,422 INFO  server.RaftServerConfigKeys (ConfUtils.java:logGet(46)) - raft.server.snapshot.trigger-when-stop.enabled = true (default)
2024-12-14 12:23:23,422 INFO  server.RaftServerConfigKeys (ConfUtils.java:logGet(46)) - raft.server.snapshot.trigger-when-remove.enabled = true (default)
2024-12-14 12:23:23,422 INFO  server.RaftServerConfigKeys (ConfUtils.java:logGet(46)) - raft.server.snapshot.auto.trigger.enabled = false (default)
2024-12-14 12:23:23,422 INFO  server.RaftServerConfigKeys (ConfUtils.java:logGet(46)) - raft.server.snapshot.retention.file.num = -1 (default)
2024-12-14 12:23:23,422 INFO  server.RaftServerConfigKeys (ConfUtils.java:logGet(46)) - raft.server.log.purge.upto.snapshot.index = false (default)
2024-12-14 12:23:23,423 INFO  server.RaftServer$Division (RaftServerImpl.java:start(406)) - s9@group-2C253C6A579F: Successfully started.
2024-12-14 12:23:23,423 INFO  server.RaftServerConfigKeys (ConfUtils.java:logGet(46)) - raft.server.rpc.timeout.max = 600ms (custom)
2024-12-14 12:23:23,424 INFO  ratis.RaftTestUtil (RaftTestUtil.java:waitForLeader(107)) - printing group-2C253C6A579F
  s7:  RUNNING [
   FOLLOWER s7@group-2C253C6A579F:t0, leader=null, voted=, raftlog=Memoized:s7@group-2C253C6A579F-SegmentedRaftLog:OPENED:c-1:lastnull, conf=conf: {index: -1, cur=peers:[s7, s8, s9]|listeners:[], old=null} RUNNING
   FOLLOWER s7@group-E0CF8C87AB81:t0, leader=null, voted=, raftlog=Memoized:s7@group-E0CF8C87AB81-SegmentedRaftLog:OPENED:c-1:lastnull, conf=conf: {index: -1, cur=peers:[]|listeners:[], old=null} STARTING] size=2
  s8:  RUNNING [
   FOLLOWER s8@group-2C253C6A579F:t0, leader=null, voted=, raftlog=Memoized:s8@group-2C253C6A579F-SegmentedRaftLog:OPENED:c-1:lastnull, conf=conf: {index: -1, cur=peers:[s7, s8, s9]|listeners:[], old=null} RUNNING
   FOLLOWER s8@group-E0CF8C87AB81:t0, leader=null, voted=, raftlog=Memoized:s8@group-E0CF8C87AB81-SegmentedRaftLog:OPENED:c-1:lastnull, conf=conf: {index: -1, cur=peers:[]|listeners:[], old=null} STARTING] size=2
  s9:  RUNNING [
   FOLLOWER s9@group-2C253C6A579F:t0, leader=null, voted=, raftlog=Memoized:s9@group-2C253C6A579F-SegmentedRaftLog:OPENED:c-1:lastnull, conf=conf: {index: -1, cur=peers:[s7, s8, s9]|listeners:[], old=null} RUNNING
   FOLLOWER s9@group-E0CF8C87AB81:t0, leader=null, voted=, raftlog=Memoized:s9@group-E0CF8C87AB81-SegmentedRaftLog:OPENED:c-1:lastnull, conf=conf: {index: -1, cur=peers:[]|listeners:[], old=null} STARTING] size=2
2024-12-14 12:23:23,425 WARN  ratis.RaftTestUtil (RaftTestUtil.java:lambda$waitForLeader$3(126)) - Attempt #1 failed: java.lang.IllegalStateException: No leader yet  for group-2C253C6A579F: printing group-2C253C6A579F
  s7:  RUNNING [
   FOLLOWER s7@group-2C253C6A579F:t0, leader=null, voted=, raftlog=Memoized:s7@group-2C253C6A579F-SegmentedRaftLog:OPENED:c-1:lastnull, conf=conf: {index: -1, cur=peers:[s7, s8, s9]|listeners:[], old=null} RUNNING
   FOLLOWER s7@group-E0CF8C87AB81:t0, leader=null, voted=, raftlog=Memoized:s7@group-E0CF8C87AB81-SegmentedRaftLog:OPENED:c-1:lastnull, conf=conf: {index: -1, cur=peers:[]|listeners:[], old=null} STARTING] size=2
  s8:  RUNNING [
   FOLLOWER s8@group-2C253C6A579F:t0, leader=null, voted=, raftlog=Memoized:s8@group-2C253C6A579F-SegmentedRaftLog:OPENED:c-1:lastnull, conf=conf: {index: -1, cur=peers:[s7, s8, s9]|listeners:[], old=null} RUNNING
   FOLLOWER s8@group-E0CF8C87AB81:t0, leader=null, voted=, raftlog=Memoized:s8@group-E0CF8C87AB81-SegmentedRaftLog:OPENED:c-1:lastnull, conf=conf: {index: -1, cur=peers:[]|listeners:[], old=null} STARTING] size=2
  s9:  RUNNING [
   FOLLOWER s9@group-2C253C6A579F:t0, leader=null, voted=, raftlog=Memoized:s9@group-2C253C6A579F-SegmentedRaftLog:OPENED:c-1:lastnull, conf=conf: {index: -1, cur=peers:[s7, s8, s9]|listeners:[], old=null} RUNNING
   FOLLOWER s9@group-E0CF8C87AB81:t0, leader=null, voted=, raftlog=Memoized:s9@group-E0CF8C87AB81-SegmentedRaftLog:OPENED:c-1:lastnull, conf=conf: {index: -1, cur=peers:[]|listeners:[], old=null} STARTING] size=2
2024-12-14 12:23:23,702 INFO  impl.FollowerState (FollowerState.java:runImpl(161)) - s7@group-2C253C6A579F-FollowerState: change to CANDIDATE, lastRpcElapsedTime:310721809ns, electionTimeout:310ms
2024-12-14 12:23:23,702 INFO  impl.RoleInfo (RoleInfo.java:shutdownFollowerState(121)) - s7: shutdown s7@group-2C253C6A579F-FollowerState
2024-12-14 12:23:23,702 INFO  server.RaftServer$Division (RaftServerImpl.java:setRole(379)) - s7@group-2C253C6A579F: changes role from  FOLLOWER to CANDIDATE at term 0 for changeToCandidate
2024-12-14 12:23:23,703 INFO  server.RaftServerConfigKeys (ConfUtils.java:logGet(46)) - raft.server.leaderelection.pre-vote = true (default)
2024-12-14 12:23:23,703 INFO  impl.RoleInfo (RoleInfo.java:updateAndGet(148)) - s7: start s7@group-2C253C6A579F-LeaderElection5
2024-12-14 12:23:23,704 INFO  impl.LeaderElection (LeaderElection.java:askForVotes(332)) - s7@group-2C253C6A579F-LeaderElection5 PRE_VOTE round 0: submit vote requests at term 0 for conf: {index: -1, cur=peers:[s7, s8, s9]|listeners:[], old=null}
2024-12-14 12:23:23,704 INFO  server.RaftServerConfigKeys (ConfUtils.java:logFallback(53)) - raft.server.rpc.first-election.timeout.min = 300ms (fallback to raft.server.rpc.timeout.min)
2024-12-14 12:23:23,704 INFO  server.RaftServer$Division (RaftServerImpl.java:requestVote(1452)) - s8@group-2C253C6A579F: receive requestVote(PRE_VOTE, s7, group-2C253C6A579F, 0, (t:0, i:0))
2024-12-14 12:23:23,705 INFO  server.RaftServerConfigKeys (ConfUtils.java:logFallback(53)) - raft.server.rpc.first-election.timeout.max = 600ms (fallback to raft.server.rpc.timeout.max)
2024-12-14 12:23:23,705 INFO  impl.VoteContext (VoteContext.java:log(49)) - s8@group-2C253C6A579F-FOLLOWER: accept PRE_VOTE from s7: our priority 0 <= candidate's priority 0
2024-12-14 12:23:23,705 INFO  server.RaftServer$Division (RaftServerImpl.java:requestVote(1486)) - s8@group-2C253C6A579F replies to PRE_VOTE vote request: s7<-s8#0:OK-t0. Peer's state: s8@group-2C253C6A579F:t0, leader=null, voted=, raftlog=Memoized:s8@group-2C253C6A579F-SegmentedRaftLog:OPENED:c-1:lastnull, conf=conf: {index: -1, cur=peers:[s7, s8, s9]|listeners:[], old=null}
2024-12-14 12:23:23,705 INFO  impl.LeaderElection (LeaderElection.java:logAndReturn(90)) - s7@group-2C253C6A579F-LeaderElection5: PRE_VOTE PASSED received 1 response(s) and 0 exception(s):
2024-12-14 12:23:23,705 INFO  server.RaftServer$Division (RaftServerImpl.java:requestVote(1452)) - s9@group-2C253C6A579F: receive requestVote(PRE_VOTE, s7, group-2C253C6A579F, 0, (t:0, i:0))
2024-12-14 12:23:23,705 INFO  impl.LeaderElection (LeaderElection.java:logAndReturn(94)) -   Response 0: s7<-s8#0:OK-t0
2024-12-14 12:23:23,705 INFO  impl.VoteContext (VoteContext.java:log(49)) - s9@group-2C253C6A579F-FOLLOWER: accept PRE_VOTE from s7: our priority 0 <= candidate's priority 0
2024-12-14 12:23:23,705 INFO  impl.LeaderElection (LeaderElection.java:askForVotes(334)) - s7@group-2C253C6A579F-LeaderElection5 PRE_VOTE round 0: result PASSED
2024-12-14 12:23:23,705 INFO  server.RaftServer$Division (RaftServerImpl.java:requestVote(1486)) - s9@group-2C253C6A579F replies to PRE_VOTE vote request: s7<-s9#0:OK-t0. Peer's state: s9@group-2C253C6A579F:t0, leader=null, voted=, raftlog=Memoized:s9@group-2C253C6A579F-SegmentedRaftLog:OPENED:c-1:lastnull, conf=conf: {index: -1, cur=peers:[s7, s8, s9]|listeners:[], old=null}
2024-12-14 12:23:23,706 TRACE util.FileUtils (LogUtils.java:supplyAndLog(69)) - Successfully supplied FileChannel.open /home/runner/work/ratis/ratis/ratis-examples/target/test/data/da5193cb/MiniRaftClusterWithSimulatedRpced10c1e3/s7/8f1a452b-eb4f-415b-bd54-2c253c6a579f/current/raft-meta.tmp with options [CREATE, WRITE]: sun.nio.ch.FileChannelImpl@f7330ef
2024-12-14 12:23:23,707 TRACE util.FileUtils (LogUtils.java:runAndLog(49)) - Successfully ran Atomic Files.move /home/runner/work/ratis/ratis/ratis-examples/target/test/data/da5193cb/MiniRaftClusterWithSimulatedRpced10c1e3/s7/8f1a452b-eb4f-415b-bd54-2c253c6a579f/current/raft-meta.tmp to /home/runner/work/ratis/ratis/ratis-examples/target/test/data/da5193cb/MiniRaftClusterWithSimulatedRpced10c1e3/s7/8f1a452b-eb4f-415b-bd54-2c253c6a579f/current/raft-meta with options [REPLACE_EXISTING]
2024-12-14 12:23:23,707 INFO  impl.LeaderElection (LeaderElection.java:askForVotes(332)) - s7@group-2C253C6A579F-LeaderElection5 ELECTION round 0: submit vote requests at term 1 for conf: {index: -1, cur=peers:[s7, s8, s9]|listeners:[], old=null}
2024-12-14 12:23:23,707 INFO  server.RaftServerConfigKeys (ConfUtils.java:logFallback(53)) - raft.server.rpc.first-election.timeout.min = 300ms (fallback to raft.server.rpc.timeout.min)
2024-12-14 12:23:23,707 INFO  server.RaftServer$Division (RaftServerImpl.java:requestVote(1452)) - s9@group-2C253C6A579F: receive requestVote(ELECTION, s7, group-2C253C6A579F, 1, (t:0, i:0))
2024-12-14 12:23:23,707 INFO  server.RaftServerConfigKeys (ConfUtils.java:logFallback(53)) - raft.server.rpc.first-election.timeout.max = 600ms (fallback to raft.server.rpc.timeout.max)
2024-12-14 12:23:23,707 INFO  server.RaftServer$Division (RaftServerImpl.java:requestVote(1452)) - s8@group-2C253C6A579F: receive requestVote(ELECTION, s7, group-2C253C6A579F, 1, (t:0, i:0))
2024-12-14 12:23:23,707 INFO  impl.VoteContext (VoteContext.java:log(49)) - s9@group-2C253C6A579F-FOLLOWER: accept ELECTION from s7: our priority 0 <= candidate's priority 0
2024-12-14 12:23:23,708 INFO  server.RaftServer$Division (RaftServerImpl.java:setRole(379)) - s9@group-2C253C6A579F: changes role from  FOLLOWER to FOLLOWER at term 0 for candidate:s7
2024-12-14 12:23:23,708 INFO  impl.RoleInfo (RoleInfo.java:shutdownFollowerState(121)) - s9: shutdown s9@group-2C253C6A579F-FollowerState
2024-12-14 12:23:23,708 INFO  impl.VoteContext (VoteContext.java:log(49)) - s8@group-2C253C6A579F-FOLLOWER: accept ELECTION from s7: our priority 0 <= candidate's priority 0
2024-12-14 12:23:23,708 INFO  impl.RoleInfo (RoleInfo.java:updateAndGet(148)) - s9: start s9@group-2C253C6A579F-FollowerState
2024-12-14 12:23:23,708 INFO  impl.FollowerState (FollowerState.java:runImpl(170)) - s9@group-2C253C6A579F-FollowerState was interrupted
2024-12-14 12:23:23,708 INFO  server.RaftServer$Division (RaftServerImpl.java:setRole(379)) - s8@group-2C253C6A579F: changes role from  FOLLOWER to FOLLOWER at term 0 for candidate:s7
2024-12-14 12:23:23,709 INFO  impl.RoleInfo (RoleInfo.java:shutdownFollowerState(121)) - s8: shutdown s8@group-2C253C6A579F-FollowerState
2024-12-14 12:23:23,708 INFO  server.RaftServer$Division (RaftServerImpl.java:setFirstElection(563)) - s9@group-2C253C6A579F: set firstElectionSinceStartup to false for candidate:s7
2024-12-14 12:23:23,709 INFO  impl.FollowerState (FollowerState.java:runImpl(170)) - s8@group-2C253C6A579F-FollowerState was interrupted
2024-12-14 12:23:23,709 TRACE util.FileUtils (LogUtils.java:supplyAndLog(69)) - Successfully supplied FileChannel.open /home/runner/work/ratis/ratis/ratis-examples/target/test/data/da5193cb/MiniRaftClusterWithSimulatedRpced10c1e3/s9/8f1a452b-eb4f-415b-bd54-2c253c6a579f/current/raft-meta.tmp with options [CREATE, WRITE]: sun.nio.ch.FileChannelImpl@2d148dcc
2024-12-14 12:23:23,710 INFO  impl.RoleInfo (RoleInfo.java:updateAndGet(148)) - s8: start s8@group-2C253C6A579F-FollowerState
2024-12-14 12:23:23,710 TRACE util.FileUtils (LogUtils.java:runAndLog(49)) - Successfully ran Atomic Files.move /home/runner/work/ratis/ratis/ratis-examples/target/test/data/da5193cb/MiniRaftClusterWithSimulatedRpced10c1e3/s9/8f1a452b-eb4f-415b-bd54-2c253c6a579f/current/raft-meta.tmp to /home/runner/work/ratis/ratis/ratis-examples/target/test/data/da5193cb/MiniRaftClusterWithSimulatedRpced10c1e3/s9/8f1a452b-eb4f-415b-bd54-2c253c6a579f/current/raft-meta with options [REPLACE_EXISTING]
2024-12-14 12:23:23,710 INFO  server.RaftServer$Division (RaftServerImpl.java:setFirstElection(563)) - s8@group-2C253C6A579F: set firstElectionSinceStartup to false for candidate:s7
2024-12-14 12:23:23,710 INFO  server.RaftServer$Division (RaftServerImpl.java:requestVote(1486)) - s9@group-2C253C6A579F replies to ELECTION vote request: s7<-s9#0:OK-t1. Peer's state: s9@group-2C253C6A579F:t1, leader=null, voted=s7, raftlog=Memoized:s9@group-2C253C6A579F-SegmentedRaftLog:OPENED:c-1:lastnull, conf=conf: {index: -1, cur=peers:[s7, s8, s9]|listeners:[], old=null}
2024-12-14 12:23:23,710 TRACE util.FileUtils (LogUtils.java:supplyAndLog(69)) - Successfully supplied FileChannel.open /home/runner/work/ratis/ratis/ratis-examples/target/test/data/da5193cb/MiniRaftClusterWithSimulatedRpced10c1e3/s8/8f1a452b-eb4f-415b-bd54-2c253c6a579f/current/raft-meta.tmp with options [CREATE, WRITE]: sun.nio.ch.FileChannelImpl@615ea420
2024-12-14 12:23:23,710 INFO  impl.LeaderElection (LeaderElection.java:logAndReturn(90)) - s7@group-2C253C6A579F-LeaderElection5: ELECTION PASSED received 1 response(s) and 0 exception(s):
2024-12-14 12:23:23,711 INFO  impl.LeaderElection (LeaderElection.java:logAndReturn(94)) -   Response 0: s7<-s9#0:OK-t1
2024-12-14 12:23:23,711 INFO  impl.LeaderElection (LeaderElection.java:askForVotes(334)) - s7@group-2C253C6A579F-LeaderElection5 ELECTION round 0: result PASSED
2024-12-14 12:23:23,711 INFO  impl.RoleInfo (RoleInfo.java:shutdownLeaderElection(141)) - s7: shutdown s7@group-2C253C6A579F-LeaderElection5
2024-12-14 12:23:23,711 INFO  server.RaftServer$Division (RaftServerImpl.java:setRole(379)) - s7@group-2C253C6A579F: changes role from CANDIDATE to LEADER at term 1 for changeToLeader
2024-12-14 12:23:23,711 INFO  server.RaftServerConfigKeys (ConfUtils.java:logGet(46)) - raft.server.staging.catchup.gap = 1000 (default)
2024-12-14 12:23:23,711 INFO  server.RaftServerConfigKeys (ConfUtils.java:logGet(46)) - raft.server.write.element-limit = 4096 (default)
2024-12-14 12:23:23,712 INFO  server.RaftServerConfigKeys (ConfUtils.java:logGet(46)) - raft.server.write.byte-limit = 64MB (=67108864) (default)
2024-12-14 12:23:23,712 INFO  server.RaftServerConfigKeys (ConfUtils.java:logGet(46)) - raft.server.watch.timeout = 10s (default)
2024-12-14 12:23:23,712 INFO  server.RaftServerConfigKeys (ConfUtils.java:logGet(46)) - raft.server.watch.timeout.denomination = 1s (default)
2024-12-14 12:23:23,712 INFO  server.RaftServerConfigKeys (ConfUtils.java:logGet(46)) - raft.server.watch.element-limit = 65536 (default)
2024-12-14 12:23:23,712 TRACE util.FileUtils (LogUtils.java:runAndLog(49)) - Successfully ran Atomic Files.move /home/runner/work/ratis/ratis/ratis-examples/target/test/data/da5193cb/MiniRaftClusterWithSimulatedRpced10c1e3/s8/8f1a452b-eb4f-415b-bd54-2c253c6a579f/current/raft-meta.tmp to /home/runner/work/ratis/ratis/ratis-examples/target/test/data/da5193cb/MiniRaftClusterWithSimulatedRpced10c1e3/s8/8f1a452b-eb4f-415b-bd54-2c253c6a579f/current/raft-meta with options [REPLACE_EXISTING]
2024-12-14 12:23:23,712 INFO  server.RaftServer$Division (RaftServerImpl.java:requestVote(1486)) - s8@group-2C253C6A579F replies to ELECTION vote request: s7<-s8#0:OK-t1. Peer's state: s8@group-2C253C6A579F:t1, leader=null, voted=s7, raftlog=Memoized:s8@group-2C253C6A579F-SegmentedRaftLog:OPENED:c-1:lastnull, conf=conf: {index: -1, cur=peers:[s7, s8, s9]|listeners:[], old=null}
2024-12-14 12:23:23,712 INFO  server.RaftServerConfigKeys (ConfUtils.java:logGet(46)) - raft.server.read.leader.lease.enabled = false (default)
2024-12-14 12:23:23,712 INFO  server.RaftServerConfigKeys (ConfUtils.java:logGet(46)) - raft.server.read.leader.lease.timeout.ratio = 0.9 (default)
2024-12-14 12:23:23,712 INFO  server.RaftServerConfigKeys (ConfUtils.java:logGet(46)) - raft.server.rpc.timeout.min = 300ms (custom)
2024-12-14 12:23:23,712 INFO  server.RaftServerConfigKeys (ConfUtils.java:logGet(46)) - raft.server.log.log-metadata.enabled = true (default)
2024-12-14 12:23:23,713 INFO  server.RaftServerConfigKeys (ConfUtils.java:logGet(46)) - raft.server.write.element-limit = 4096 (default)
2024-12-14 12:23:23,713 INFO  server.RaftServerConfigKeys (ConfUtils.java:logGet(46)) - raft.server.write.follower.gap.ratio.max = -1.0 (default)
2024-12-14 12:23:23,713 INFO  server.RaftServerConfigKeys (ConfUtils.java:logGet(46)) - raft.server.log.appender.snapshot.chunk.size.max = 16MB (=16777216) (default)
2024-12-14 12:23:23,713 INFO  server.RaftServerConfigKeys (ConfUtils.java:logGet(46)) - raft.server.log.appender.buffer.byte-limit = 4MB (=4194304) (default)
2024-12-14 12:23:23,713 INFO  server.RaftServerConfigKeys (ConfUtils.java:logGet(46)) - raft.server.log.appender.buffer.element-limit = 0 (default)
2024-12-14 12:23:23,713 INFO  server.RaftServerConfigKeys (ConfUtils.java:logGet(46)) - raft.server.log.appender.wait-time.min = 1ms (default)
2024-12-14 12:23:23,713 INFO  server.RaftServerConfigKeys (ConfUtils.java:logGet(46)) - raft.server.log.appender.snapshot.chunk.size.max = 16MB (=16777216) (default)
2024-12-14 12:23:23,713 INFO  server.RaftServerConfigKeys (ConfUtils.java:logGet(46)) - raft.server.log.appender.buffer.byte-limit = 4MB (=4194304) (default)
2024-12-14 12:23:23,713 INFO  server.RaftServerConfigKeys (ConfUtils.java:logGet(46)) - raft.server.log.appender.buffer.element-limit = 0 (default)
2024-12-14 12:23:23,714 INFO  server.RaftServerConfigKeys (ConfUtils.java:logGet(46)) - raft.server.log.appender.wait-time.min = 1ms (default)
2024-12-14 12:23:23,714 INFO  impl.RoleInfo (RoleInfo.java:updateAndGet(148)) - s7: start s7@group-2C253C6A579F-LeaderStateImpl
2024-12-14 12:23:23,714 INFO  server.RaftServer$Division (RaftServerImpl.java:setFirstElection(563)) - s7@group-2C253C6A579F: set firstElectionSinceStartup to false for becomeLeader
2024-12-14 12:23:23,714 INFO  server.RaftServer$Division (ServerState.java:setLeader(272)) - s7@group-2C253C6A579F: change Leader from null to s7 at term 1 for becomeLeader, leader elected after 333ms
2024-12-14 12:23:23,714 INFO  segmented.SegmentedRaftLogWorker (SegmentedRaftLogWorker.java:startLogSegment(443)) - s7@group-2C253C6A579F-SegmentedRaftLogWorker: Starting segment from index:0
2024-12-14 12:23:23,714 INFO  server.RaftServer$Division (ServerState.java:setRaftConf(386)) - s7@group-2C253C6A579F: set configuration conf: {index: 0, cur=peers:[s7, s8, s9]|listeners:[], old=null}
2024-12-14 12:23:23,714 INFO  segmented.BufferedWriteChannel (BufferedWriteChannel.java:open(61)) - open log_inprogress_0 at position 0
2024-12-14 12:23:23,720 INFO  server.RaftServer$Division (ServerState.java:setLeader(272)) - s8@group-2C253C6A579F: change Leader from null to s7 at term 1 for appendEntries, leader elected after 325ms
2024-12-14 12:23:23,720 INFO  server.RaftServer$Division (ServerState.java:setLeader(272)) - s9@group-2C253C6A579F: change Leader from null to s7 at term 1 for appendEntries, leader elected after 307ms
2024-12-14 12:23:23,721 INFO  server.RaftServer$Division (ServerState.java:setRaftConf(386)) - s8@group-2C253C6A579F: set configuration conf: {index: 0, cur=peers:[s7|, s8|, s9|]|listeners:[], old=null}
2024-12-14 12:23:23,721 INFO  segmented.SegmentedRaftLogWorker (SegmentedRaftLogWorker.java:startLogSegment(443)) - s8@group-2C253C6A579F-SegmentedRaftLogWorker: Starting segment from index:0
2024-12-14 12:23:23,722 INFO  segmented.BufferedWriteChannel (BufferedWriteChannel.java:open(61)) - open log_inprogress_0 at position 0
2024-12-14 12:23:23,723 INFO  server.RaftServer$Division (ServerState.java:setRaftConf(386)) - s9@group-2C253C6A579F: set configuration conf: {index: 0, cur=peers:[s7|, s8|, s9|]|listeners:[], old=null}
2024-12-14 12:23:23,723 INFO  segmented.SegmentedRaftLogWorker (SegmentedRaftLogWorker.java:startLogSegment(443)) - s9@group-2C253C6A579F-SegmentedRaftLogWorker: Starting segment from index:0
2024-12-14 12:23:23,724 INFO  segmented.BufferedWriteChannel (BufferedWriteChannel.java:open(61)) - open log_inprogress_0 at position 0
2024-12-14 12:23:23,726 INFO  segmented.SegmentedRaftLogWorker (SegmentedRaftLogWorker.java:execute(667)) - s7@group-2C253C6A579F-SegmentedRaftLogWorker: created new log segment /home/runner/work/ratis/ratis/ratis-examples/target/test/data/da5193cb/MiniRaftClusterWithSimulatedRpced10c1e3/s7/8f1a452b-eb4f-415b-bd54-2c253c6a579f/current/log_inprogress_0
2024-12-14 12:23:23,736 INFO  segmented.SegmentedRaftLogWorker (SegmentedRaftLogWorker.java:execute(667)) - s9@group-2C253C6A579F-SegmentedRaftLogWorker: created new log segment /home/runner/work/ratis/ratis/ratis-examples/target/test/data/da5193cb/MiniRaftClusterWithSimulatedRpced10c1e3/s9/8f1a452b-eb4f-415b-bd54-2c253c6a579f/current/log_inprogress_0
2024-12-14 12:23:23,737 TRACE util.FileUtils (LogUtils.java:supplyAndLog(69)) - Successfully supplied FileChannel.open /home/runner/work/ratis/ratis/ratis-examples/target/test/data/da5193cb/MiniRaftClusterWithSimulatedRpced10c1e3/s7/8f1a452b-eb4f-415b-bd54-2c253c6a579f/current/raft-meta.conf.tmp with options [CREATE, WRITE]: sun.nio.ch.FileChannelImpl@333e8ce5
2024-12-14 12:23:23,737 INFO  segmented.SegmentedRaftLogWorker (SegmentedRaftLogWorker.java:execute(667)) - s8@group-2C253C6A579F-SegmentedRaftLogWorker: created new log segment /home/runner/work/ratis/ratis/ratis-examples/target/test/data/da5193cb/MiniRaftClusterWithSimulatedRpced10c1e3/s8/8f1a452b-eb4f-415b-bd54-2c253c6a579f/current/log_inprogress_0
2024-12-14 12:23:23,738 TRACE util.FileUtils (LogUtils.java:runAndLog(49)) - Successfully ran Atomic Files.move /home/runner/work/ratis/ratis/ratis-examples/target/test/data/da5193cb/MiniRaftClusterWithSimulatedRpced10c1e3/s7/8f1a452b-eb4f-415b-bd54-2c253c6a579f/current/raft-meta.conf.tmp to /home/runner/work/ratis/ratis/ratis-examples/target/test/data/da5193cb/MiniRaftClusterWithSimulatedRpced10c1e3/s7/8f1a452b-eb4f-415b-bd54-2c253c6a579f/current/raft-meta.conf with options [REPLACE_EXISTING]
2024-12-14 12:23:23,738 INFO  server.RaftServer$Division (LeaderStateImpl.java:checkStartIndex(314)) - Leader s7@group-2C253C6A579F-LeaderStateImpl is ready since appliedIndex == startIndex == 0
2024-12-14 12:23:23,888 TRACE util.FileUtils (LogUtils.java:supplyAndLog(69)) - Successfully supplied FileChannel.open /home/runner/work/ratis/ratis/ratis-examples/target/test/data/da5193cb/MiniRaftClusterWithSimulatedRpced10c1e3/s9/8f1a452b-eb4f-415b-bd54-2c253c6a579f/current/raft-meta.conf.tmp with options [CREATE, WRITE]: sun.nio.ch.FileChannelImpl@32e3bbb
2024-12-14 12:23:23,889 TRACE util.FileUtils (LogUtils.java:supplyAndLog(69)) - Successfully supplied FileChannel.open /home/runner/work/ratis/ratis/ratis-examples/target/test/data/da5193cb/MiniRaftClusterWithSimulatedRpced10c1e3/s8/8f1a452b-eb4f-415b-bd54-2c253c6a579f/current/raft-meta.conf.tmp with options [CREATE, WRITE]: sun.nio.ch.FileChannelImpl@3939b381
2024-12-14 12:23:23,889 TRACE util.FileUtils (LogUtils.java:runAndLog(49)) - Successfully ran Atomic Files.move /home/runner/work/ratis/ratis/ratis-examples/target/test/data/da5193cb/MiniRaftClusterWithSimulatedRpced10c1e3/s8/8f1a452b-eb4f-415b-bd54-2c253c6a579f/current/raft-meta.conf.tmp to /home/runner/work/ratis/ratis/ratis-examples/target/test/data/da5193cb/MiniRaftClusterWithSimulatedRpced10c1e3/s8/8f1a452b-eb4f-415b-bd54-2c253c6a579f/current/raft-meta.conf with options [REPLACE_EXISTING]
2024-12-14 12:23:23,889 TRACE util.FileUtils (LogUtils.java:runAndLog(49)) - Successfully ran Atomic Files.move /home/runner/work/ratis/ratis/ratis-examples/target/test/data/da5193cb/MiniRaftClusterWithSimulatedRpced10c1e3/s9/8f1a452b-eb4f-415b-bd54-2c253c6a579f/current/raft-meta.conf.tmp to /home/runner/work/ratis/ratis/ratis-examples/target/test/data/da5193cb/MiniRaftClusterWithSimulatedRpced10c1e3/s9/8f1a452b-eb4f-415b-bd54-2c253c6a579f/current/raft-meta.conf with options [REPLACE_EXISTING]
2024-12-14 12:23:24,325 INFO  ratis.RaftTestUtil (RaftTestUtil.java:waitForLeader(131)) - printing group-2C253C6A579F
  s7:  RUNNING [
     LEADER s7@group-2C253C6A579F:t1, leader=s7, voted=s7, raftlog=Memoized:s7@group-2C253C6A579F-SegmentedRaftLog:OPENED:c0:last(t:1, i:0), conf=conf: {index: 0, cur=peers:[s7, s8, s9]|listeners:[], old=null} RUNNING
   FOLLOWER s7@group-E0CF8C87AB81:t0, leader=null, voted=, raftlog=Memoized:s7@group-E0CF8C87AB81-SegmentedRaftLog:OPENED:c-1:lastnull, conf=conf: {index: -1, cur=peers:[]|listeners:[], old=null} STARTING] size=2
  s8:  RUNNING [
   FOLLOWER s8@group-2C253C6A579F:t1, leader=s7, voted=s7, raftlog=Memoized:s8@group-2C253C6A579F-SegmentedRaftLog:OPENED:c0:last(t:1, i:0), conf=conf: {index: 0, cur=peers:[s7|, s8|, s9|]|listeners:[], old=null} RUNNING
   FOLLOWER s8@group-E0CF8C87AB81:t0, leader=null, voted=, raftlog=Memoized:s8@group-E0CF8C87AB81-SegmentedRaftLog:OPENED:c-1:lastnull, conf=conf: {index: -1, cur=peers:[]|listeners:[], old=null} STARTING] size=2
  s9:  RUNNING [
   FOLLOWER s9@group-2C253C6A579F:t1, leader=s7, voted=s7, raftlog=Memoized:s9@group-2C253C6A579F-SegmentedRaftLog:OPENED:c0:last(t:1, i:0), conf=conf: {index: 0, cur=peers:[s7|, s8|, s9|]|listeners:[], old=null} RUNNING
   FOLLOWER s9@group-E0CF8C87AB81:t0, leader=null, voted=, raftlog=Memoized:s9@group-E0CF8C87AB81-SegmentedRaftLog:OPENED:c-1:lastnull, conf=conf: {index: -1, cur=peers:[]|listeners:[], old=null} STARTING] size=2
2024-12-14 12:23:24,328 INFO  statemachine.StateMachine (ArithmeticStateMachine.java:applyTransaction(181)) - LEADER:s7-1: a = 83 = 83
2024-12-14 12:23:24,330 INFO  statemachine.StateMachine (ArithmeticStateMachine.java:applyTransaction(181)) - LEADER:s7-3: b = 3444 = 3444
2024-12-14 12:23:24,333 INFO  statemachine.StateMachine (ArithmeticStateMachine.java:applyTransaction(181)) - LEADER:s7-5: c = √(a^2 + b^2) = 3445
2024-12-14 12:23:24,341 INFO  statemachine.StateMachine (ArithmeticStateMachine.java:applyTransaction(181)) - LEADER:s7-7: a = null = null
2024-12-14 12:23:24,342 INFO  statemachine.StateMachine (ArithmeticStateMachine.java:applyTransaction(181)) - LEADER:s7-9: b = null = null
2024-12-14 12:23:24,344 INFO  statemachine.StateMachine (ArithmeticStateMachine.java:applyTransaction(181)) - LEADER:s7-11: c = null = null
2024-12-14 12:23:24,345 INFO  statemachine.StateMachine (ArithmeticStateMachine.java:applyTransaction(181)) - LEADER:s7-13: a = 85 = 85
2024-12-14 12:23:24,347 INFO  statemachine.StateMachine (ArithmeticStateMachine.java:applyTransaction(181)) - LEADER:s7-15: b = 3612 = 3612
2024-12-14 12:23:24,349 INFO  statemachine.StateMachine (ArithmeticStateMachine.java:applyTransaction(181)) - LEADER:s7-17: c = √(a^2 + b^2) = 3613
2024-12-14 12:23:24,350 INFO  statemachine.StateMachine (ArithmeticStateMachine.java:applyTransaction(181)) - LEADER:s7-19: a = null = null
2024-12-14 12:23:24,352 INFO  statemachine.StateMachine (ArithmeticStateMachine.java:applyTransaction(181)) - LEADER:s7-21: b = null = null
2024-12-14 12:23:24,354 INFO  statemachine.StateMachine (ArithmeticStateMachine.java:applyTransaction(181)) - LEADER:s7-23: c = null = null
2024-12-14 12:23:24,355 INFO  statemachine.StateMachine (ArithmeticStateMachine.java:applyTransaction(181)) - LEADER:s7-25: a = 87 = 87
2024-12-14 12:23:24,357 INFO  statemachine.StateMachine (ArithmeticStateMachine.java:applyTransaction(181)) - LEADER:s7-27: b = 3784 = 3784
2024-12-14 12:23:24,358 INFO  statemachine.StateMachine (ArithmeticStateMachine.java:applyTransaction(181)) - LEADER:s7-29: c = √(a^2 + b^2) = 3785
2024-12-14 12:23:24,360 INFO  statemachine.StateMachine (ArithmeticStateMachine.java:applyTransaction(181)) - LEADER:s7-31: a = null = null
2024-12-14 12:23:24,362 INFO  statemachine.StateMachine (ArithmeticStateMachine.java:applyTransaction(181)) - LEADER:s7-33: b = null = null
2024-12-14 12:23:24,364 INFO  statemachine.StateMachine (ArithmeticStateMachine.java:applyTransaction(181)) - LEADER:s7-35: c = null = null
2024-12-14 12:23:24,366 INFO  statemachine.StateMachine (ArithmeticStateMachine.java:applyTransaction(181)) - LEADER:s7-37: a = 89 = 89
2024-12-14 12:23:24,367 INFO  statemachine.StateMachine (ArithmeticStateMachine.java:applyTransaction(181)) - LEADER:s7-39: b = 3960 = 3960
2024-12-14 12:23:24,369 INFO  statemachine.StateMachine (ArithmeticStateMachine.java:applyTransaction(181)) - LEADER:s7-41: c = √(a^2 + b^2) = 3961
2024-12-14 12:23:24,371 INFO  statemachine.StateMachine (ArithmeticStateMachine.java:applyTransaction(181)) - LEADER:s7-43: a = null = null
2024-12-14 12:23:24,372 INFO  statemachine.StateMachine (ArithmeticStateMachine.java:applyTransaction(181)) - LEADER:s7-45: b = null = null
2024-12-14 12:23:24,374 INFO  statemachine.StateMachine (ArithmeticStateMachine.java:applyTransaction(181)) - LEADER:s7-47: c = null = null
2024-12-14 12:23:24,376 INFO  statemachine.StateMachine (ArithmeticStateMachine.java:applyTransaction(181)) - LEADER:s7-49: a = 91 = 91
2024-12-14 12:23:24,378 INFO  statemachine.StateMachine (ArithmeticStateMachine.java:applyTransaction(181)) - LEADER:s7-51: b = 4140 = 4140
2024-12-14 12:23:24,379 INFO  statemachine.StateMachine (ArithmeticStateMachine.java:applyTransaction(181)) - LEADER:s7-53: c = √(a^2 + b^2) = 4141
2024-12-14 12:23:24,381 INFO  statemachine.StateMachine (ArithmeticStateMachine.java:applyTransaction(181)) - LEADER:s7-55: a = null = null
2024-12-14 12:23:24,382 INFO  statemachine.StateMachine (ArithmeticStateMachine.java:applyTransaction(181)) - LEADER:s7-57: b = null = null
2024-12-14 12:23:24,384 INFO  statemachine.StateMachine (ArithmeticStateMachine.java:applyTransaction(181)) - LEADER:s7-59: c = null = null
2024-12-14 12:23:24,385 INFO  statemachine.StateMachine (ArithmeticStateMachine.java:applyTransaction(181)) - LEADER:s7-61: a = 93 = 93
2024-12-14 12:23:24,387 INFO  statemachine.StateMachine (ArithmeticStateMachine.java:applyTransaction(181)) - LEADER:s7-63: b = 4324 = 4324
2024-12-14 12:23:24,389 INFO  statemachine.StateMachine (ArithmeticStateMachine.java:applyTransaction(181)) - LEADER:s7-65: c = √(a^2 + b^2) = 4325
2024-12-14 12:23:24,390 INFO  statemachine.StateMachine (ArithmeticStateMachine.java:applyTransaction(181)) - LEADER:s7-67: a = null = null
2024-12-14 12:23:24,392 INFO  statemachine.StateMachine (ArithmeticStateMachine.java:applyTransaction(181)) - LEADER:s7-69: b = null = null
2024-12-14 12:23:24,393 INFO  statemachine.StateMachine (ArithmeticStateMachine.java:applyTransaction(181)) - LEADER:s7-71: c = null = null
2024-12-14 12:23:24,395 INFO  statemachine.StateMachine (ArithmeticStateMachine.java:applyTransaction(181)) - LEADER:s7-73: a = 95 = 95
2024-12-14 12:23:24,397 INFO  statemachine.StateMachine (ArithmeticStateMachine.java:applyTransaction(181)) - LEADER:s7-75: b = 4512 = 4512
2024-12-14 12:23:24,398 INFO  statemachine.StateMachine (ArithmeticStateMachine.java:applyTransaction(181)) - LEADER:s7-77: c = √(a^2 + b^2) = 4513
2024-12-14 12:23:24,400 INFO  statemachine.StateMachine (ArithmeticStateMachine.java:applyTransaction(181)) - LEADER:s7-79: a = null = null
2024-12-14 12:23:24,402 INFO  statemachine.StateMachine (ArithmeticStateMachine.java:applyTransaction(181)) - LEADER:s7-81: b = null = null
2024-12-14 12:23:24,403 INFO  statemachine.StateMachine (ArithmeticStateMachine.java:applyTransaction(181)) - LEADER:s7-83: c = null = null
2024-12-14 12:23:24,404 INFO  statemachine.StateMachine (ArithmeticStateMachine.java:applyTransaction(181)) - LEADER:s7-85: a = 97 = 97
2024-12-14 12:23:24,406 INFO  statemachine.StateMachine (ArithmeticStateMachine.java:applyTransaction(181)) - LEADER:s7-87: b = 4704 = 4704
2024-12-14 12:23:24,407 INFO  statemachine.StateMachine (ArithmeticStateMachine.java:applyTransaction(181)) - LEADER:s7-89: c = √(a^2 + b^2) = 4705
2024-12-14 12:23:24,409 INFO  statemachine.StateMachine (ArithmeticStateMachine.java:applyTransaction(181)) - LEADER:s7-91: a = null = null
2024-12-14 12:23:24,410 INFO  statemachine.StateMachine (ArithmeticStateMachine.java:applyTransaction(181)) - LEADER:s7-93: b = null = null
2024-12-14 12:23:24,411 INFO  statemachine.StateMachine (ArithmeticStateMachine.java:applyTransaction(181)) - LEADER:s7-95: c = null = null
2024-12-14 12:23:24,413 INFO  statemachine.StateMachine (ArithmeticStateMachine.java:applyTransaction(181)) - LEADER:s7-97: a = 99 = 99
2024-12-14 12:23:24,414 INFO  statemachine.StateMachine (ArithmeticStateMachine.java:applyTransaction(181)) - LEADER:s7-99: b = 4900 = 4900
2024-12-14 12:23:24,416 INFO  statemachine.StateMachine (ArithmeticStateMachine.java:applyTransaction(181)) - LEADER:s7-101: c = √(a^2 + b^2) = 4901
2024-12-14 12:23:24,417 INFO  statemachine.StateMachine (ArithmeticStateMachine.java:applyTransaction(181)) - LEADER:s7-103: a = null = null
2024-12-14 12:23:24,419 INFO  statemachine.StateMachine (ArithmeticStateMachine.java:applyTransaction(181)) - LEADER:s7-105: b = null = null
2024-12-14 12:23:24,421 INFO  statemachine.StateMachine (ArithmeticStateMachine.java:applyTransaction(181)) - LEADER:s7-107: c = null = null
2024-12-14 12:23:24,423 INFO  statemachine.StateMachine (ArithmeticStateMachine.java:applyTransaction(181)) - LEADER:s7-109: a = 101 = 101
2024-12-14 12:23:24,424 INFO  statemachine.StateMachine (ArithmeticStateMachine.java:applyTransaction(181)) - LEADER:s7-111: b = 5100 = 5100
2024-12-14 12:23:24,426 INFO  statemachine.StateMachine (ArithmeticStateMachine.java:applyTransaction(181)) - LEADER:s7-113: c = √(a^2 + b^2) = 5101
2024-12-14 12:23:24,427 INFO  statemachine.StateMachine (ArithmeticStateMachine.java:applyTransaction(181)) - LEADER:s7-115: a = null = null
2024-12-14 12:23:24,429 INFO  statemachine.StateMachine (ArithmeticStateMachine.java:applyTransaction(181)) - LEADER:s7-117: b = null = null
2024-12-14 12:23:24,430 INFO  statemachine.StateMachine (ArithmeticStateMachine.java:applyTransaction(181)) - LEADER:s7-119: c = null = null
| MiniRaftClusterWithSimulatedRpc[3, 6, 9, 12, 15]chosen=2 | start groups | 304 |
2024-12-14 12:23:24,432 INFO  impl.GroupManagementBaseTest (GroupManagementBaseTest.java:runMultiGroupTest(291)) - start groups: printing ALL groups
  s3:  RUNNING [
   FOLLOWER s3@group-E0CF8C87AB81:t0, leader=null, voted=, raftlog=Memoized:s3@group-E0CF8C87AB81-SegmentedRaftLog:OPENED:c-1:lastnull, conf=conf: {index: -1, cur=peers:[]|listeners:[], old=null} STARTING
     LEADER s3@group-4E8C8EA4E78F:t1, leader=s3, voted=s3, raftlog=Memoized:s3@group-4E8C8EA4E78F-SegmentedRaftLog:OPENED:c120:last(t:1, i:120), conf=conf: {index: 0, cur=peers:[s3, s14, s2]|listeners:[], old=null} RUNNING] size=2
  s4:  RUNNING [
   FOLLOWER s4@group-E0CF8C87AB81:t0, leader=null, voted=, raftlog=Memoized:s4@group-E0CF8C87AB81-SegmentedRaftLog:OPENED:c-1:lastnull, conf=conf: {index: -1, cur=peers:[]|listeners:[], old=null} STARTING
   FOLLOWER s4@group-9B578AD62455:t1, leader=s5, voted=s5, raftlog=Memoized:s4@group-9B578AD62455-SegmentedRaftLog:OPENED:c120:last(t:1, i:120), conf=conf: {index: 0, cur=peers:[s4|, s5|, s6|]|listeners:[], old=null} RUNNING] size=2
  s5:  RUNNING [
   FOLLOWER s5@group-E0CF8C87AB81:t0, leader=null, voted=, raftlog=Memoized:s5@group-E0CF8C87AB81-SegmentedRaftLog:OPENED:c-1:lastnull, conf=conf: {index: -1, cur=peers:[]|listeners:[], old=null} STARTING
     LEADER s5@group-9B578AD62455:t1, leader=s5, voted=s5, raftlog=Memoized:s5@group-9B578AD62455-SegmentedRaftLog:OPENED:c120:last(t:1, i:120), conf=conf: {index: 0, cur=peers:[s4, s5, s6]|listeners:[], old=null} RUNNING] size=2
  s6:  RUNNING [
   FOLLOWER s6@group-E0CF8C87AB81:t0, leader=null, voted=, raftlog=Memoized:s6@group-E0CF8C87AB81-SegmentedRaftLog:OPENED:c-1:lastnull, conf=conf: {index: -1, cur=peers:[]|listeners:[], old=null} STARTING
   FOLLOWER s6@group-9B578AD62455:t1, leader=s5, voted=s5, raftlog=Memoized:s6@group-9B578AD62455-SegmentedRaftLog:OPENED:c120:last(t:1, i:120), conf=conf: {index: 0, cur=peers:[s4|, s5|, s6|]|listeners:[], old=null} RUNNING] size=2
  s7:  RUNNING [
     LEADER s7@group-2C253C6A579F:t1, leader=s7, voted=s7, raftlog=Memoized:s7@group-2C253C6A579F-SegmentedRaftLog:OPENED:c120:last(t:1, i:120), conf=conf: {index: 0, cur=peers:[s7, s8, s9]|listeners:[], old=null} RUNNING
   FOLLOWER s7@group-E0CF8C87AB81:t0, leader=null, voted=, raftlog=Memoized:s7@group-E0CF8C87AB81-SegmentedRaftLog:OPENED:c-1:lastnull, conf=conf: {index: -1, cur=peers:[]|listeners:[], old=null} STARTING] size=2
  s8:  RUNNING [
   FOLLOWER s8@group-2C253C6A579F:t1, leader=s7, voted=s7, raftlog=Memoized:s8@group-2C253C6A579F-SegmentedRaftLog:OPENED:c119:last(t:1, i:120), conf=conf: {index: 0, cur=peers:[s7|, s8|, s9|]|listeners:[], old=null} RUNNING
   FOLLOWER s8@group-E0CF8C87AB81:t0, leader=null, voted=, raftlog=Memoized:s8@group-E0CF8C87AB81-SegmentedRaftLog:OPENED:c-1:lastnull, conf=conf: {index: -1, cur=peers:[]|listeners:[], old=null} STARTING] size=2
  s9:  RUNNING [
   FOLLOWER s9@group-2C253C6A579F:t1, leader=s7, voted=s7, raftlog=Memoized:s9@group-2C253C6A579F-SegmentedRaftLog:OPENED:c119:last(t:1, i:120), conf=conf: {index: 0, cur=peers:[s7|, s8|, s9|]|listeners:[], old=null} RUNNING
   FOLLOWER s9@group-E0CF8C87AB81:t0, leader=null, voted=, raftlog=Memoized:s9@group-E0CF8C87AB81-SegmentedRaftLog:OPENED:c-1:lastnull, conf=conf: {index: -1, cur=peers:[]|listeners:[], old=null} STARTING] size=2
  s11:  RUNNING [
     LEADER s11@group-154805CE7F48:t1, leader=s11, voted=s11, raftlog=Memoized:s11@group-154805CE7F48-SegmentedRaftLog:OPENED:c120:last(t:1, i:120), conf=conf: {index: 0, cur=peers:[s11, s13, s12]|listeners:[], old=null} RUNNING
   FOLLOWER s11@group-E0CF8C87AB81:t0, leader=null, voted=, raftlog=Memoized:s11@group-E0CF8C87AB81-SegmentedRaftLog:OPENED:c-1:lastnull, conf=conf: {index: -1, cur=peers:[]|listeners:[], old=null} STARTING] size=2
  s10:  RUNNING [
   FOLLOWER s10@group-E0CF8C87AB81:t0, leader=null, voted=, raftlog=Memoized:s10@group-E0CF8C87AB81-SegmentedRaftLog:OPENED:c-1:lastnull, conf=conf: {index: -1, cur=peers:[]|listeners:[], old=null} STARTING
   FOLLOWER s10@group-794ED3AF1AED:t1, leader=s1, voted=s1, raftlog=Memoized:s10@group-794ED3AF1AED-SegmentedRaftLog:OPENED:c120:last(t:1, i:120), conf=conf: {index: 0, cur=peers:[s10|, s0|, s1|]|listeners:[], old=null} RUNNING] size=2
  s13:  RUNNING [
   FOLLOWER s13@group-154805CE7F48:t1, leader=s11, voted=s11, raftlog=Memoized:s13@group-154805CE7F48-SegmentedRaftLog:OPENED:c120:last(t:1, i:120), conf=conf: {index: 0, cur=peers:[s11|, s13|, s12|]|listeners:[], old=null} RUNNING
   FOLLOWER s13@group-E0CF8C87AB81:t0, leader=null, voted=, raftlog=Memoized:s13@group-E0CF8C87AB81-SegmentedRaftLog:OPENED:c-1:lastnull, conf=conf: {index: -1, cur=peers:[]|listeners:[], old=null} STARTING] size=2
  s12:  RUNNING [
   FOLLOWER s12@group-154805CE7F48:t1, leader=s11, voted=s11, raftlog=Memoized:s12@group-154805CE7F48-SegmentedRaftLog:OPENED:c120:last(t:1, i:120), conf=conf: {index: 0, cur=peers:[s11|, s13|, s12|]|listeners:[], old=null} RUNNING
   FOLLOWER s12@group-E0CF8C87AB81:t0, leader=null, voted=, raftlog=Memoized:s12@group-E0CF8C87AB81-SegmentedRaftLog:OPENED:c-1:lastnull, conf=conf: {index: -1, cur=peers:[]|listeners:[], old=null} STARTING] size=2
  s14:  RUNNING [
   FOLLOWER s14@group-E0CF8C87AB81:t0, leader=null, voted=, raftlog=Memoized:s14@group-E0CF8C87AB81-SegmentedRaftLog:OPENED:c-1:lastnull, conf=conf: {index: -1, cur=peers:[]|listeners:[], old=null} STARTING
   FOLLOWER s14@group-4E8C8EA4E78F:t1, leader=s3, voted=s3, raftlog=Memoized:s14@group-4E8C8EA4E78F-SegmentedRaftLog:OPENED:c120:last(t:1, i:120), conf=conf: {index: 0, cur=peers:[s3|, s14|, s2|]|listeners:[], old=null} RUNNING] size=2
  s0:  RUNNING [
   FOLLOWER s0@group-E0CF8C87AB81:t0, leader=null, voted=, raftlog=Memoized:s0@group-E0CF8C87AB81-SegmentedRaftLog:OPENED:c-1:lastnull, conf=conf: {index: -1, cur=peers:[]|listeners:[], old=null} STARTING
   FOLLOWER s0@group-794ED3AF1AED:t1, leader=s1, voted=s1, raftlog=Memoized:s0@group-794ED3AF1AED-SegmentedRaftLog:OPENED:c120:last(t:1, i:120), conf=conf: {index: 0, cur=peers:[s10|, s0|, s1|]|listeners:[], old=null} RUNNING] size=2
  s1:  RUNNING [
   FOLLOWER s1@group-E0CF8C87AB81:t0, leader=null, voted=, raftlog=Memoized:s1@group-E0CF8C87AB81-SegmentedRaftLog:OPENED:c-1:lastnull, conf=conf: {index: -1, cur=peers:[]|listeners:[], old=null} STARTING
     LEADER s1@group-794ED3AF1AED:t1, leader=s1, voted=s1, raftlog=Memoized:s1@group-794ED3AF1AED-SegmentedRaftLog:OPENED:c120:last(t:1, i:120), conf=conf: {index: 0, cur=peers:[s10, s0, s1]|listeners:[], old=null} RUNNING] size=2
  s2:  RUNNING [
   FOLLOWER s2@group-E0CF8C87AB81:t0, leader=null, voted=, raftlog=Memoized:s2@group-E0CF8C87AB81-SegmentedRaftLog:OPENED:c-1:lastnull, conf=conf: {index: -1, cur=peers:[]|listeners:[], old=null} STARTING
   FOLLOWER s2@group-4E8C8EA4E78F:t1, leader=s3, voted=s3, raftlog=Memoized:s2@group-4E8C8EA4E78F-SegmentedRaftLog:OPENED:c120:last(t:1, i:120), conf=conf: {index: 0, cur=peers:[s3|, s14|, s2|]|listeners:[], old=null} RUNNING] size=2
2024-12-14 12:23:24,433 INFO  impl.GroupManagementBaseTest (GroupManagementBaseTest.java:runMultiGroupTest(294)) - chosen = 2, group-4E8C8EA4E78F:[s3, s14, s2]
2024-12-14 12:23:24,433 INFO  impl.GroupManagementBaseTest (GroupManagementBaseTest.java:runMultiGroupTest(299)) - 0) close printing group-794ED3AF1AED
  s10:  RUNNING [
   FOLLOWER s10@group-E0CF8C87AB81:t0, leader=null, voted=, raftlog=Memoized:s10@group-E0CF8C87AB81-SegmentedRaftLog:OPENED:c-1:lastnull, conf=conf: {index: -1, cur=peers:[]|listeners:[], old=null} STARTING
   FOLLOWER s10@group-794ED3AF1AED:t1, leader=s1, voted=s1, raftlog=Memoized:s10@group-794ED3AF1AED-SegmentedRaftLog:OPENED:c120:last(t:1, i:120), conf=conf: {index: 0, cur=peers:[s10|, s0|, s1|]|listeners:[], old=null} RUNNING] size=2
  s0:  RUNNING [
   FOLLOWER s0@group-E0CF8C87AB81:t0, leader=null, voted=, raftlog=Memoized:s0@group-E0CF8C87AB81-SegmentedRaftLog:OPENED:c-1:lastnull, conf=conf: {index: -1, cur=peers:[]|listeners:[], old=null} STARTING
   FOLLOWER s0@group-794ED3AF1AED:t1, leader=s1, voted=s1, raftlog=Memoized:s0@group-794ED3AF1AED-SegmentedRaftLog:OPENED:c120:last(t:1, i:120), conf=conf: {index: 0, cur=peers:[s10|, s0|, s1|]|listeners:[], old=null} RUNNING] size=2
  s1:  RUNNING [
   FOLLOWER s1@group-E0CF8C87AB81:t0, leader=null, voted=, raftlog=Memoized:s1@group-E0CF8C87AB81-SegmentedRaftLog:OPENED:c-1:lastnull, conf=conf: {index: -1, cur=peers:[]|listeners:[], old=null} STARTING
     LEADER s1@group-794ED3AF1AED:t1, leader=s1, voted=s1, raftlog=Memoized:s1@group-794ED3AF1AED-SegmentedRaftLog:OPENED:c120:last(t:1, i:120), conf=conf: {index: 0, cur=peers:[s10, s0, s1]|listeners:[], old=null} RUNNING] size=2
2024-12-14 12:23:24,438 INFO  server.RaftServer (RaftServerProxy.java:remove(112)) - s10: remove  FOLLOWER s10@group-794ED3AF1AED:t1, leader=s1, voted=s1, raftlog=Memoized:s10@group-794ED3AF1AED-SegmentedRaftLog:OPENED:c120:last(t:1, i:120), conf=conf: {index: 0, cur=peers:[s10|, s0|, s1|]|listeners:[], old=null} RUNNING
2024-12-14 12:23:24,439 INFO  server.RaftServer$Division (RaftServerImpl.java:lambda$close$1(514)) - s10@group-794ED3AF1AED: shutdown
2024-12-14 12:23:24,440 INFO  util.JmxRegister (JmxRegister.java:unregister(74)) - Successfully un-registered JMX Bean with object name Ratis:service=RaftServer,group=group-794ED3AF1AED,id=s10
2024-12-14 12:23:24,440 INFO  impl.RoleInfo (RoleInfo.java:shutdownFollowerState(121)) - s10: shutdown s10@group-794ED3AF1AED-FollowerState
2024-12-14 12:23:24,440 INFO  impl.StateMachineUpdater (StateMachineUpdater.java:stopAndJoin(164)) - s10@group-794ED3AF1AED-StateMachineUpdater: set stopIndex = 120
2024-12-14 12:23:24,440 INFO  impl.StateMachineUpdater (StateMachineUpdater.java:stop(141)) - s10@group-794ED3AF1AED-StateMachineUpdater: closing ArithmeticStateMachine, lastApplied=(t:1, i:120)
2024-12-14 12:23:24,441 INFO  impl.FollowerState (FollowerState.java:runImpl(170)) - s10@group-794ED3AF1AED-FollowerState was interrupted
2024-12-14 12:23:24,441 INFO  raftlog.RaftLog (SegmentedRaftLog.java:close(568)) - Start closing s10@group-794ED3AF1AED-SegmentedRaftLog:OPENED:c120:last(t:1, i:120)
2024-12-14 12:23:24,442 INFO  util.AwaitToRun (AwaitToRun.java:run(49)) - s10@group-794ED3AF1AED-cacheEviction-AwaitToRun-AwaitForSignal is interrupted
2024-12-14 12:23:24,442 INFO  segmented.LogSegment (LogSegment.java:close(349)) - Successfully closed EntryCache-log_inprogress_0
2024-12-14 12:23:24,456 WARN  leader.LogAppender (LogAppenderDefault.java:sendAppendEntriesWithRetries(85)) - s1@group-794ED3AF1AED->s10-LogAppenderDefault: Failed to appendEntries (retry=0)
org.apache.ratis.protocol.exceptions.GroupMismatchException: s10: group-794ED3AF1AED not found.
	at org.apache.ratis.server.impl.RaftServerProxy$ImplMap.get(RaftServerProxy.java:156)
	at org.apache.ratis.server.impl.RaftServerProxy.getImplFuture(RaftServerProxy.java:366)
	at org.apache.ratis.server.impl.RaftServerProxy.getImpl(RaftServerProxy.java:375)
	at org.apache.ratis.server.impl.RaftServerProxy.getImpl(RaftServerProxy.java:370)
	at org.apache.ratis.server.impl.RaftServerProxy.appendEntries(RaftServerProxy.java:671)
	at org.apache.ratis.server.simulation.SimulatedServerRpc$1.handleRequest(SimulatedServerRpc.java:163)
	at org.apache.ratis.server.simulation.SimulatedServerRpc$1.handleRequest(SimulatedServerRpc.java:153)
	at org.apache.ratis.server.simulation.RequestHandler.handleRequest(RequestHandler.java:91)
	at org.apache.ratis.server.simulation.RequestHandler$HandlerDaemon.run(RequestHandler.java:125)
2024-12-14 12:23:24,532 WARN  leader.LogAppender (LogAppenderDefault.java:sendAppendEntriesWithRetries(85)) - s1@group-794ED3AF1AED->s10-LogAppenderDefault: Failed to appendEntries (retry=0)
org.apache.ratis.protocol.exceptions.GroupMismatchException: s10: group-794ED3AF1AED not found.
	at org.apache.ratis.server.impl.RaftServerProxy$ImplMap.get(RaftServerProxy.java:156)
	at org.apache.ratis.server.impl.RaftServerProxy.getImplFuture(RaftServerProxy.java:366)
	at org.apache.ratis.server.impl.RaftServerProxy.getImpl(RaftServerProxy.java:375)
	at org.apache.ratis.server.impl.RaftServerProxy.getImpl(RaftServerProxy.java:370)
	at org.apache.ratis.server.impl.RaftServerProxy.appendEntries(RaftServerProxy.java:671)
	at org.apache.ratis.server.simulation.SimulatedServerRpc$1.handleRequest(SimulatedServerRpc.java:163)
	at org.apache.ratis.server.simulation.SimulatedServerRpc$1.handleRequest(SimulatedServerRpc.java:153)
	at org.apache.ratis.server.simulation.RequestHandler.handleRequest(RequestHandler.java:91)
	at org.apache.ratis.server.simulation.RequestHandler$HandlerDaemon.run(RequestHandler.java:125)
2024-12-14 12:23:24,608 WARN  leader.LogAppender (LogAppenderDefault.java:sendAppendEntriesWithRetries(85)) - s1@group-794ED3AF1AED->s10-LogAppenderDefault: Failed to appendEntries (retry=0)
org.apache.ratis.protocol.exceptions.GroupMismatchException: s10: group-794ED3AF1AED not found.
	at org.apache.ratis.server.impl.RaftServerProxy$ImplMap.get(RaftServerProxy.java:156)
	at org.apache.ratis.server.impl.RaftServerProxy.getImplFuture(RaftServerProxy.java:366)
	at org.apache.ratis.server.impl.RaftServerProxy.getImpl(RaftServerProxy.java:375)
	at org.apache.ratis.server.impl.RaftServerProxy.getImpl(RaftServerProxy.java:370)
	at org.apache.ratis.server.impl.RaftServerProxy.appendEntries(RaftServerProxy.java:671)
	at org.apache.ratis.server.simulation.SimulatedServerRpc$1.handleRequest(SimulatedServerRpc.java:163)
	at org.apache.ratis.server.simulation.SimulatedServerRpc$1.handleRequest(SimulatedServerRpc.java:153)
	at org.apache.ratis.server.simulation.RequestHandler.handleRequest(RequestHandler.java:91)
	at org.apache.ratis.server.simulation.RequestHandler$HandlerDaemon.run(RequestHandler.java:125)
2024-12-14 12:23:24,684 WARN  leader.LogAppender (LogAppenderDefault.java:sendAppendEntriesWithRetries(85)) - s1@group-794ED3AF1AED->s10-LogAppenderDefault: Failed to appendEntries (retry=0)
org.apache.ratis.protocol.exceptions.GroupMismatchException: s10: group-794ED3AF1AED not found.
	at org.apache.ratis.server.impl.RaftServerProxy$ImplMap.get(RaftServerProxy.java:156)
	at org.apache.ratis.server.impl.RaftServerProxy.getImplFuture(RaftServerProxy.java:366)
	at org.apache.ratis.server.impl.RaftServerProxy.getImpl(RaftServerProxy.java:375)
	at org.apache.ratis.server.impl.RaftServerProxy.getImpl(RaftServerProxy.java:370)
	at org.apache.ratis.server.impl.RaftServerProxy.appendEntries(RaftServerProxy.java:671)
	at org.apache.ratis.server.simulation.SimulatedServerRpc$1.handleRequest(SimulatedServerRpc.java:163)
	at org.apache.ratis.server.simulation.SimulatedServerRpc$1.handleRequest(SimulatedServerRpc.java:153)
	at org.apache.ratis.server.simulation.RequestHandler.handleRequest(RequestHandler.java:91)
	at org.apache.ratis.server.simulation.RequestHandler$HandlerDaemon.run(RequestHandler.java:125)
2024-12-14 12:23:24,760 WARN  leader.LogAppender (LogAppenderDefault.java:sendAppendEntriesWithRetries(85)) - s1@group-794ED3AF1AED->s10-LogAppenderDefault: Failed to appendEntries (retry=0)
org.apache.ratis.protocol.exceptions.GroupMismatchException: s10: group-794ED3AF1AED not found.
	at org.apache.ratis.server.impl.RaftServerProxy$ImplMap.get(RaftServerProxy.java:156)
	at org.apache.ratis.server.impl.RaftServerProxy.getImplFuture(RaftServerProxy.java:366)
	at org.apache.ratis.server.impl.RaftServerProxy.getImpl(RaftServerProxy.java:375)
	at org.apache.ratis.server.impl.RaftServerProxy.getImpl(RaftServerProxy.java:370)
	at org.apache.ratis.server.impl.RaftServerProxy.appendEntries(RaftServerProxy.java:671)
	at org.apache.ratis.server.simulation.SimulatedServerRpc$1.handleRequest(SimulatedServerRpc.java:163)
	at org.apache.ratis.server.simulation.SimulatedServerRpc$1.handleRequest(SimulatedServerRpc.java:153)
	at org.apache.ratis.server.simulation.RequestHandler.handleRequest(RequestHandler.java:91)
	at org.apache.ratis.server.simulation.RequestHandler$HandlerDaemon.run(RequestHandler.java:125)
2024-12-14 12:23:24,836 WARN  leader.LogAppender (LogAppenderDefault.java:sendAppendEntriesWithRetries(85)) - s1@group-794ED3AF1AED->s10-LogAppenderDefault: Failed to appendEntries (retry=0)
org.apache.ratis.protocol.exceptions.GroupMismatchException: s10: group-794ED3AF1AED not found.
	at org.apache.ratis.server.impl.RaftServerProxy$ImplMap.get(RaftServerProxy.java:156)
	at org.apache.ratis.server.impl.RaftServerProxy.getImplFuture(RaftServerProxy.java:366)
	at org.apache.ratis.server.impl.RaftServerProxy.getImpl(RaftServerProxy.java:375)
	at org.apache.ratis.server.impl.RaftServerProxy.getImpl(RaftServerProxy.java:370)
	at org.apache.ratis.server.impl.RaftServerProxy.appendEntries(RaftServerProxy.java:671)
	at org.apache.ratis.server.simulation.SimulatedServerRpc$1.handleRequest(SimulatedServerRpc.java:163)
	at org.apache.ratis.server.simulation.SimulatedServerRpc$1.handleRequest(SimulatedServerRpc.java:153)
	at org.apache.ratis.server.simulation.RequestHandler.handleRequest(RequestHandler.java:91)
	at org.apache.ratis.server.simulation.RequestHandler$HandlerDaemon.run(RequestHandler.java:125)
2024-12-14 12:23:24,912 WARN  leader.LogAppender (LogAppenderDefault.java:sendAppendEntriesWithRetries(85)) - s1@group-794ED3AF1AED->s10-LogAppenderDefault: Failed to appendEntries (retry=0)
org.apache.ratis.protocol.exceptions.GroupMismatchException: s10: group-794ED3AF1AED not found.
	at org.apache.ratis.server.impl.RaftServerProxy$ImplMap.get(RaftServerProxy.java:156)
	at org.apache.ratis.server.impl.RaftServerProxy.getImplFuture(RaftServerProxy.java:366)
	at org.apache.ratis.server.impl.RaftServerProxy.getImpl(RaftServerProxy.java:375)
	at org.apache.ratis.server.impl.RaftServerProxy.getImpl(RaftServerProxy.java:370)
	at org.apache.ratis.server.impl.RaftServerProxy.appendEntries(RaftServerProxy.java:671)
	at org.apache.ratis.server.simulation.SimulatedServerRpc$1.handleRequest(SimulatedServerRpc.java:163)
	at org.apache.ratis.server.simulation.SimulatedServerRpc$1.handleRequest(SimulatedServerRpc.java:153)
	at org.apache.ratis.server.simulation.RequestHandler.handleRequest(RequestHandler.java:91)
	at org.apache.ratis.server.simulation.RequestHandler$HandlerDaemon.run(RequestHandler.java:125)
2024-12-14 12:23:24,958 INFO  segmented.SegmentedRaftLogWorker (SegmentedRaftLogWorker.java:close(254)) - s10@group-794ED3AF1AED-SegmentedRaftLogWorker close()
2024-12-14 12:23:24,958 INFO  raftlog.RaftLog (SegmentedRaftLog.java:close(576)) - Successfully closed s10@group-794ED3AF1AED-SegmentedRaftLog:CLOSED:c120
2024-12-14 12:23:24,960 TRACE util.FileUtils (FileUtils.java:deleteFully(307)) - deleteFully /home/runner/work/ratis/ratis/ratis-examples/target/test/data/da5193cb/MiniRaftClusterWithSimulatedRpced10c1e3/s10/1e73b397-51fd-48d6-9868-794ed3af1aed
2024-12-14 12:23:24,962 TRACE util.FileUtils (LogUtils.java:runAndLog(49)) - Successfully ran Files.delete /home/runner/work/ratis/ratis/ratis-examples/target/test/data/da5193cb/MiniRaftClusterWithSimulatedRpced10c1e3/s10/1e73b397-51fd-48d6-9868-794ed3af1aed/current/raft-meta.conf
2024-12-14 12:23:24,962 TRACE util.FileUtils (LogUtils.java:runAndLog(49)) - Successfully ran Files.delete /home/runner/work/ratis/ratis/ratis-examples/target/test/data/da5193cb/MiniRaftClusterWithSimulatedRpced10c1e3/s10/1e73b397-51fd-48d6-9868-794ed3af1aed/current/log_inprogress_0
2024-12-14 12:23:24,962 TRACE util.FileUtils (LogUtils.java:runAndLog(49)) - Successfully ran Files.delete /home/runner/work/ratis/ratis/ratis-examples/target/test/data/da5193cb/MiniRaftClusterWithSimulatedRpced10c1e3/s10/1e73b397-51fd-48d6-9868-794ed3af1aed/current/raft-meta
2024-12-14 12:23:24,962 TRACE util.FileUtils (LogUtils.java:runAndLog(49)) - Successfully ran Files.delete /home/runner/work/ratis/ratis/ratis-examples/target/test/data/da5193cb/MiniRaftClusterWithSimulatedRpced10c1e3/s10/1e73b397-51fd-48d6-9868-794ed3af1aed/current
2024-12-14 12:23:24,962 TRACE util.FileUtils (LogUtils.java:runAndLog(49)) - Successfully ran Files.delete /home/runner/work/ratis/ratis/ratis-examples/target/test/data/da5193cb/MiniRaftClusterWithSimulatedRpced10c1e3/s10/1e73b397-51fd-48d6-9868-794ed3af1aed/in_use.lock
2024-12-14 12:23:24,962 TRACE util.FileUtils (LogUtils.java:runAndLog(49)) - Successfully ran Files.delete /home/runner/work/ratis/ratis/ratis-examples/target/test/data/da5193cb/MiniRaftClusterWithSimulatedRpced10c1e3/s10/1e73b397-51fd-48d6-9868-794ed3af1aed/sm
2024-12-14 12:23:24,962 TRACE util.FileUtils (LogUtils.java:runAndLog(49)) - Successfully ran Files.delete /home/runner/work/ratis/ratis/ratis-examples/target/test/data/da5193cb/MiniRaftClusterWithSimulatedRpced10c1e3/s10/1e73b397-51fd-48d6-9868-794ed3af1aed
2024-12-14 12:23:24,963 INFO  server.RaftServer$Division (RaftServerImpl.java:groupRemove(484)) - s10@group-794ED3AF1AED: Succeed to remove RaftStorageDirectory Storage Directory /home/runner/work/ratis/ratis/ratis-examples/target/test/data/da5193cb/MiniRaftClusterWithSimulatedRpced10c1e3/s10/1e73b397-51fd-48d6-9868-794ed3af1aed
2024-12-14 12:23:24,963 INFO  server.RaftServer (RaftServerProxy.java:remove(112)) - s0: remove  FOLLOWER s0@group-794ED3AF1AED:t1, leader=s1, voted=s1, raftlog=Memoized:s0@group-794ED3AF1AED-SegmentedRaftLog:OPENED:c120:last(t:1, i:120), conf=conf: {index: 0, cur=peers:[s10|, s0|, s1|]|listeners:[], old=null} RUNNING
2024-12-14 12:23:24,963 INFO  server.RaftServer$Division (RaftServerImpl.java:lambda$close$1(514)) - s0@group-794ED3AF1AED: shutdown
2024-12-14 12:23:24,964 INFO  util.JmxRegister (JmxRegister.java:unregister(74)) - Successfully un-registered JMX Bean with object name Ratis:service=RaftServer,group=group-794ED3AF1AED,id=s0
2024-12-14 12:23:24,964 INFO  impl.RoleInfo (RoleInfo.java:shutdownFollowerState(121)) - s0: shutdown s0@group-794ED3AF1AED-FollowerState
2024-12-14 12:23:24,964 INFO  impl.StateMachineUpdater (StateMachineUpdater.java:stopAndJoin(164)) - s0@group-794ED3AF1AED-StateMachineUpdater: set stopIndex = 120
2024-12-14 12:23:24,964 INFO  impl.FollowerState (FollowerState.java:runImpl(170)) - s0@group-794ED3AF1AED-FollowerState was interrupted
2024-12-14 12:23:24,964 INFO  impl.StateMachineUpdater (StateMachineUpdater.java:stop(141)) - s0@group-794ED3AF1AED-StateMachineUpdater: closing ArithmeticStateMachine, lastApplied=(t:1, i:120)
2024-12-14 12:23:24,964 INFO  raftlog.RaftLog (SegmentedRaftLog.java:close(568)) - Start closing s0@group-794ED3AF1AED-SegmentedRaftLog:OPENED:c120:last(t:1, i:120)
2024-12-14 12:23:24,964 INFO  util.AwaitToRun (AwaitToRun.java:run(49)) - s0@group-794ED3AF1AED-cacheEviction-AwaitToRun-AwaitForSignal is interrupted
2024-12-14 12:23:24,965 INFO  segmented.LogSegment (LogSegment.java:close(349)) - Successfully closed EntryCache-log_inprogress_0
2024-12-14 12:23:24,988 WARN  leader.LogAppender (LogAppenderDefault.java:sendAppendEntriesWithRetries(85)) - s1@group-794ED3AF1AED->s10-LogAppenderDefault: Failed to appendEntries (retry=0)
org.apache.ratis.protocol.exceptions.GroupMismatchException: s10: group-794ED3AF1AED not found.
	at org.apache.ratis.server.impl.RaftServerProxy$ImplMap.get(RaftServerProxy.java:156)
	at org.apache.ratis.server.impl.RaftServerProxy.getImplFuture(RaftServerProxy.java:366)
	at org.apache.ratis.server.impl.RaftServerProxy.getImpl(RaftServerProxy.java:375)
	at org.apache.ratis.server.impl.RaftServerProxy.getImpl(RaftServerProxy.java:370)
	at org.apache.ratis.server.impl.RaftServerProxy.appendEntries(RaftServerProxy.java:671)
	at org.apache.ratis.server.simulation.SimulatedServerRpc$1.handleRequest(SimulatedServerRpc.java:163)
	at org.apache.ratis.server.simulation.SimulatedServerRpc$1.handleRequest(SimulatedServerRpc.java:153)
	at org.apache.ratis.server.simulation.RequestHandler.handleRequest(RequestHandler.java:91)
	at org.apache.ratis.server.simulation.RequestHandler$HandlerDaemon.run(RequestHandler.java:125)
2024-12-14 12:23:25,064 WARN  leader.LogAppender (LogAppenderDefault.java:sendAppendEntriesWithRetries(85)) - s1@group-794ED3AF1AED->s10-LogAppenderDefault: Failed to appendEntries (retry=0)
org.apache.ratis.protocol.exceptions.GroupMismatchException: s10: group-794ED3AF1AED not found.
	at org.apache.ratis.server.impl.RaftServerProxy$ImplMap.get(RaftServerProxy.java:156)
	at org.apache.ratis.server.impl.RaftServerProxy.getImplFuture(RaftServerProxy.java:366)
	at org.apache.ratis.server.impl.RaftServerProxy.getImpl(RaftServerProxy.java:375)
	at org.apache.ratis.server.impl.RaftServerProxy.getImpl(RaftServerProxy.java:370)
	at org.apache.ratis.server.impl.RaftServerProxy.appendEntries(RaftServerProxy.java:671)
	at org.apache.ratis.server.simulation.SimulatedServerRpc$1.handleRequest(SimulatedServerRpc.java:163)
	at org.apache.ratis.server.simulation.SimulatedServerRpc$1.handleRequest(SimulatedServerRpc.java:153)
	at org.apache.ratis.server.simulation.RequestHandler.handleRequest(RequestHandler.java:91)
	at org.apache.ratis.server.simulation.RequestHandler$HandlerDaemon.run(RequestHandler.java:125)
2024-12-14 12:23:25,080 WARN  leader.LogAppender (LogAppenderDefault.java:sendAppendEntriesWithRetries(85)) - s1@group-794ED3AF1AED->s0-LogAppenderDefault: Failed to appendEntries (retry=0)
org.apache.ratis.protocol.exceptions.GroupMismatchException: s0: group-794ED3AF1AED not found.
	at org.apache.ratis.server.impl.RaftServerProxy$ImplMap.get(RaftServerProxy.java:156)
	at org.apache.ratis.server.impl.RaftServerProxy.getImplFuture(RaftServerProxy.java:366)
	at org.apache.ratis.server.impl.RaftServerProxy.getImpl(RaftServerProxy.java:375)
	at org.apache.ratis.server.impl.RaftServerProxy.getImpl(RaftServerProxy.java:370)
	at org.apache.ratis.server.impl.RaftServerProxy.appendEntries(RaftServerProxy.java:671)
	at org.apache.ratis.server.simulation.SimulatedServerRpc$1.handleRequest(SimulatedServerRpc.java:163)
	at org.apache.ratis.server.simulation.SimulatedServerRpc$1.handleRequest(SimulatedServerRpc.java:153)
	at org.apache.ratis.server.simulation.RequestHandler.handleRequest(RequestHandler.java:91)
	at org.apache.ratis.server.simulation.RequestHandler$HandlerDaemon.run(RequestHandler.java:125)
2024-12-14 12:23:25,140 WARN  leader.LogAppender (LogAppenderDefault.java:sendAppendEntriesWithRetries(85)) - s1@group-794ED3AF1AED->s10-LogAppenderDefault: Failed to appendEntries (retry=0)
org.apache.ratis.protocol.exceptions.GroupMismatchException: s10: group-794ED3AF1AED not found.
	at org.apache.ratis.server.impl.RaftServerProxy$ImplMap.get(RaftServerProxy.java:156)
	at org.apache.ratis.server.impl.RaftServerProxy.getImplFuture(RaftServerProxy.java:366)
	at org.apache.ratis.server.impl.RaftServerProxy.getImpl(RaftServerProxy.java:375)
	at org.apache.ratis.server.impl.RaftServerProxy.getImpl(RaftServerProxy.java:370)
	at org.apache.ratis.server.impl.RaftServerProxy.appendEntries(RaftServerProxy.java:671)
	at org.apache.ratis.server.simulation.SimulatedServerRpc$1.handleRequest(SimulatedServerRpc.java:163)
	at org.apache.ratis.server.simulation.SimulatedServerRpc$1.handleRequest(SimulatedServerRpc.java:153)
	at org.apache.ratis.server.simulation.RequestHandler.handleRequest(RequestHandler.java:91)
	at org.apache.ratis.server.simulation.RequestHandler$HandlerDaemon.run(RequestHandler.java:125)
2024-12-14 12:23:25,156 WARN  leader.LogAppender (LogAppenderDefault.java:sendAppendEntriesWithRetries(85)) - s1@group-794ED3AF1AED->s0-LogAppenderDefault: Failed to appendEntries (retry=0)
org.apache.ratis.protocol.exceptions.GroupMismatchException: s0: group-794ED3AF1AED not found.
	at org.apache.ratis.server.impl.RaftServerProxy$ImplMap.get(RaftServerProxy.java:156)
	at org.apache.ratis.server.impl.RaftServerProxy.getImplFuture(RaftServerProxy.java:366)
	at org.apache.ratis.server.impl.RaftServerProxy.getImpl(RaftServerProxy.java:375)
	at org.apache.ratis.server.impl.RaftServerProxy.getImpl(RaftServerProxy.java:370)
	at org.apache.ratis.server.impl.RaftServerProxy.appendEntries(RaftServerProxy.java:671)
	at org.apache.ratis.server.simulation.SimulatedServerRpc$1.handleRequest(SimulatedServerRpc.java:163)
	at org.apache.ratis.server.simulation.SimulatedServerRpc$1.handleRequest(SimulatedServerRpc.java:153)
	at org.apache.ratis.server.simulation.RequestHandler.handleRequest(RequestHandler.java:91)
	at org.apache.ratis.server.simulation.RequestHandler$HandlerDaemon.run(RequestHandler.java:125)
2024-12-14 12:23:25,216 WARN  leader.LogAppender (LogAppenderDefault.java:sendAppendEntriesWithRetries(85)) - s1@group-794ED3AF1AED->s10-LogAppenderDefault: Failed to appendEntries (retry=0)
org.apache.ratis.protocol.exceptions.GroupMismatchException: s10: group-794ED3AF1AED not found.
	at org.apache.ratis.server.impl.RaftServerProxy$ImplMap.get(RaftServerProxy.java:156)
	at org.apache.ratis.server.impl.RaftServerProxy.getImplFuture(RaftServerProxy.java:366)
	at org.apache.ratis.server.impl.RaftServerProxy.getImpl(RaftServerProxy.java:375)
	at org.apache.ratis.server.impl.RaftServerProxy.getImpl(RaftServerProxy.java:370)
	at org.apache.ratis.server.impl.RaftServerProxy.appendEntries(RaftServerProxy.java:671)
	at org.apache.ratis.server.simulation.SimulatedServerRpc$1.handleRequest(SimulatedServerRpc.java:163)
	at org.apache.ratis.server.simulation.SimulatedServerRpc$1.handleRequest(SimulatedServerRpc.java:153)
	at org.apache.ratis.server.simulation.RequestHandler.handleRequest(RequestHandler.java:91)
	at org.apache.ratis.server.simulation.RequestHandler$HandlerDaemon.run(RequestHandler.java:125)
2024-12-14 12:23:25,232 WARN  leader.LogAppender (LogAppenderDefault.java:sendAppendEntriesWithRetries(85)) - s1@group-794ED3AF1AED->s0-LogAppenderDefault: Failed to appendEntries (retry=0)
org.apache.ratis.protocol.exceptions.GroupMismatchException: s0: group-794ED3AF1AED not found.
	at org.apache.ratis.server.impl.RaftServerProxy$ImplMap.get(RaftServerProxy.java:156)
	at org.apache.ratis.server.impl.RaftServerProxy.getImplFuture(RaftServerProxy.java:366)
	at org.apache.ratis.server.impl.RaftServerProxy.getImpl(RaftServerProxy.java:375)
	at org.apache.ratis.server.impl.RaftServerProxy.getImpl(RaftServerProxy.java:370)
	at org.apache.ratis.server.impl.RaftServerProxy.appendEntries(RaftServerProxy.java:671)
	at org.apache.ratis.server.simulation.SimulatedServerRpc$1.handleRequest(SimulatedServerRpc.java:163)
	at org.apache.ratis.server.simulation.SimulatedServerRpc$1.handleRequest(SimulatedServerRpc.java:153)
	at org.apache.ratis.server.simulation.RequestHandler.handleRequest(RequestHandler.java:91)
	at org.apache.ratis.server.simulation.RequestHandler$HandlerDaemon.run(RequestHandler.java:125)
2024-12-14 12:23:25,292 WARN  leader.LogAppender (LogAppenderDefault.java:sendAppendEntriesWithRetries(85)) - s1@group-794ED3AF1AED->s10-LogAppenderDefault: Failed to appendEntries (retry=0)
org.apache.ratis.protocol.exceptions.GroupMismatchException: s10: group-794ED3AF1AED not found.
	at org.apache.ratis.server.impl.RaftServerProxy$ImplMap.get(RaftServerProxy.java:156)
	at org.apache.ratis.server.impl.RaftServerProxy.getImplFuture(RaftServerProxy.java:366)
	at org.apache.ratis.server.impl.RaftServerProxy.getImpl(RaftServerProxy.java:375)
	at org.apache.ratis.server.impl.RaftServerProxy.getImpl(RaftServerProxy.java:370)
	at org.apache.ratis.server.impl.RaftServerProxy.appendEntries(RaftServerProxy.java:671)
	at org.apache.ratis.server.simulation.SimulatedServerRpc$1.handleRequest(SimulatedServerRpc.java:163)
	at org.apache.ratis.server.simulation.SimulatedServerRpc$1.handleRequest(SimulatedServerRpc.java:153)
	at org.apache.ratis.server.simulation.RequestHandler.handleRequest(RequestHandler.java:91)
	at org.apache.ratis.server.simulation.RequestHandler$HandlerDaemon.run(RequestHandler.java:125)
2024-12-14 12:23:25,307 WARN  leader.LogAppender (LogAppenderDefault.java:sendAppendEntriesWithRetries(85)) - s1@group-794ED3AF1AED->s0-LogAppenderDefault: Failed to appendEntries (retry=0)
org.apache.ratis.protocol.exceptions.GroupMismatchException: s0: group-794ED3AF1AED not found.
	at org.apache.ratis.server.impl.RaftServerProxy$ImplMap.get(RaftServerProxy.java:156)
	at org.apache.ratis.server.impl.RaftServerProxy.getImplFuture(RaftServerProxy.java:366)
	at org.apache.ratis.server.impl.RaftServerProxy.getImpl(RaftServerProxy.java:375)
	at org.apache.ratis.server.impl.RaftServerProxy.getImpl(RaftServerProxy.java:370)
	at org.apache.ratis.server.impl.RaftServerProxy.appendEntries(RaftServerProxy.java:671)
	at org.apache.ratis.server.simulation.SimulatedServerRpc$1.handleRequest(SimulatedServerRpc.java:163)
	at org.apache.ratis.server.simulation.SimulatedServerRpc$1.handleRequest(SimulatedServerRpc.java:153)
	at org.apache.ratis.server.simulation.RequestHandler.handleRequest(RequestHandler.java:91)
	at org.apache.ratis.server.simulation.RequestHandler$HandlerDaemon.run(RequestHandler.java:125)
2024-12-14 12:23:25,368 WARN  leader.LogAppender (LogAppenderDefault.java:sendAppendEntriesWithRetries(85)) - s1@group-794ED3AF1AED->s10-LogAppenderDefault: Failed to appendEntries (retry=0)
org.apache.ratis.protocol.exceptions.GroupMismatchException: s10: group-794ED3AF1AED not found.
	at org.apache.ratis.server.impl.RaftServerProxy$ImplMap.get(RaftServerProxy.java:156)
	at org.apache.ratis.server.impl.RaftServerProxy.getImplFuture(RaftServerProxy.java:366)
	at org.apache.ratis.server.impl.RaftServerProxy.getImpl(RaftServerProxy.java:375)
	at org.apache.ratis.server.impl.RaftServerProxy.getImpl(RaftServerProxy.java:370)
	at org.apache.ratis.server.impl.RaftServerProxy.appendEntries(RaftServerProxy.java:671)
	at org.apache.ratis.server.simulation.SimulatedServerRpc$1.handleRequest(SimulatedServerRpc.java:163)
	at org.apache.ratis.server.simulation.SimulatedServerRpc$1.handleRequest(SimulatedServerRpc.java:153)
	at org.apache.ratis.server.simulation.RequestHandler.handleRequest(RequestHandler.java:91)
	at org.apache.ratis.server.simulation.RequestHandler$HandlerDaemon.run(RequestHandler.java:125)
2024-12-14 12:23:25,383 WARN  leader.LogAppender (LogAppenderDefault.java:sendAppendEntriesWithRetries(85)) - s1@group-794ED3AF1AED->s0-LogAppenderDefault: Failed to appendEntries (retry=0)
org.apache.ratis.protocol.exceptions.GroupMismatchException: s0: group-794ED3AF1AED not found.
	at org.apache.ratis.server.impl.RaftServerProxy$ImplMap.get(RaftServerProxy.java:156)
	at org.apache.ratis.server.impl.RaftServerProxy.getImplFuture(RaftServerProxy.java:366)
	at org.apache.ratis.server.impl.RaftServerProxy.getImpl(RaftServerProxy.java:375)
	at org.apache.ratis.server.impl.RaftServerProxy.getImpl(RaftServerProxy.java:370)
	at org.apache.ratis.server.impl.RaftServerProxy.appendEntries(RaftServerProxy.java:671)
	at org.apache.ratis.server.simulation.SimulatedServerRpc$1.handleRequest(SimulatedServerRpc.java:163)
	at org.apache.ratis.server.simulation.SimulatedServerRpc$1.handleRequest(SimulatedServerRpc.java:153)
	at org.apache.ratis.server.simulation.RequestHandler.handleRequest(RequestHandler.java:91)
	at org.apache.ratis.server.simulation.RequestHandler$HandlerDaemon.run(RequestHandler.java:125)
2024-12-14 12:23:25,444 WARN  leader.LogAppender (LogAppenderDefault.java:sendAppendEntriesWithRetries(85)) - s1@group-794ED3AF1AED->s10-LogAppenderDefault: Failed to appendEntries (retry=0)
org.apache.ratis.protocol.exceptions.GroupMismatchException: s10: group-794ED3AF1AED not found.
	at org.apache.ratis.server.impl.RaftServerProxy$ImplMap.get(RaftServerProxy.java:156)
	at org.apache.ratis.server.impl.RaftServerProxy.getImplFuture(RaftServerProxy.java:366)
	at org.apache.ratis.server.impl.RaftServerProxy.getImpl(RaftServerProxy.java:375)
	at org.apache.ratis.server.impl.RaftServerProxy.getImpl(RaftServerProxy.java:370)
	at org.apache.ratis.server.impl.RaftServerProxy.appendEntries(RaftServerProxy.java:671)
	at org.apache.ratis.server.simulation.SimulatedServerRpc$1.handleRequest(SimulatedServerRpc.java:163)
	at org.apache.ratis.server.simulation.SimulatedServerRpc$1.handleRequest(SimulatedServerRpc.java:153)
	at org.apache.ratis.server.simulation.RequestHandler.handleRequest(RequestHandler.java:91)
	at org.apache.ratis.server.simulation.RequestHandler$HandlerDaemon.run(RequestHandler.java:125)
2024-12-14 12:23:25,459 WARN  leader.LogAppender (LogAppenderDefault.java:sendAppendEntriesWithRetries(85)) - s1@group-794ED3AF1AED->s0-LogAppenderDefault: Failed to appendEntries (retry=0)
org.apache.ratis.protocol.exceptions.GroupMismatchException: s0: group-794ED3AF1AED not found.
	at org.apache.ratis.server.impl.RaftServerProxy$ImplMap.get(RaftServerProxy.java:156)
	at org.apache.ratis.server.impl.RaftServerProxy.getImplFuture(RaftServerProxy.java:366)
	at org.apache.ratis.server.impl.RaftServerProxy.getImpl(RaftServerProxy.java:375)
	at org.apache.ratis.server.impl.RaftServerProxy.getImpl(RaftServerProxy.java:370)
	at org.apache.ratis.server.impl.RaftServerProxy.appendEntries(RaftServerProxy.java:671)
	at org.apache.ratis.server.simulation.SimulatedServerRpc$1.handleRequest(SimulatedServerRpc.java:163)
	at org.apache.ratis.server.simulation.SimulatedServerRpc$1.handleRequest(SimulatedServerRpc.java:153)
	at org.apache.ratis.server.simulation.RequestHandler.handleRequest(RequestHandler.java:91)
	at org.apache.ratis.server.simulation.RequestHandler$HandlerDaemon.run(RequestHandler.java:125)
2024-12-14 12:23:25,520 WARN  leader.LogAppender (LogAppenderDefault.java:sendAppendEntriesWithRetries(85)) - s1@group-794ED3AF1AED->s10-LogAppenderDefault: Failed to appendEntries (retry=0)
org.apache.ratis.protocol.exceptions.GroupMismatchException: s10: group-794ED3AF1AED not found.
	at org.apache.ratis.server.impl.RaftServerProxy$ImplMap.get(RaftServerProxy.java:156)
	at org.apache.ratis.server.impl.RaftServerProxy.getImplFuture(RaftServerProxy.java:366)
	at org.apache.ratis.server.impl.RaftServerProxy.getImpl(RaftServerProxy.java:375)
	at org.apache.ratis.server.impl.RaftServerProxy.getImpl(RaftServerProxy.java:370)
	at org.apache.ratis.server.impl.RaftServerProxy.appendEntries(RaftServerProxy.java:671)
	at org.apache.ratis.server.simulation.SimulatedServerRpc$1.handleRequest(SimulatedServerRpc.java:163)
	at org.apache.ratis.server.simulation.SimulatedServerRpc$1.handleRequest(SimulatedServerRpc.java:153)
	at org.apache.ratis.server.simulation.RequestHandler.handleRequest(RequestHandler.java:91)
	at org.apache.ratis.server.simulation.RequestHandler$HandlerDaemon.run(RequestHandler.java:125)
2024-12-14 12:23:25,534 WARN  leader.LogAppender (LogAppenderDefault.java:sendAppendEntriesWithRetries(85)) - s1@group-794ED3AF1AED->s0-LogAppenderDefault: Failed to appendEntries (retry=0)
org.apache.ratis.protocol.exceptions.GroupMismatchException: s0: group-794ED3AF1AED not found.
	at org.apache.ratis.server.impl.RaftServerProxy$ImplMap.get(RaftServerProxy.java:156)
	at org.apache.ratis.server.impl.RaftServerProxy.getImplFuture(RaftServerProxy.java:366)
	at org.apache.ratis.server.impl.RaftServerProxy.getImpl(RaftServerProxy.java:375)
	at org.apache.ratis.server.impl.RaftServerProxy.getImpl(RaftServerProxy.java:370)
	at org.apache.ratis.server.impl.RaftServerProxy.appendEntries(RaftServerProxy.java:671)
	at org.apache.ratis.server.simulation.SimulatedServerRpc$1.handleRequest(SimulatedServerRpc.java:163)
	at org.apache.ratis.server.simulation.SimulatedServerRpc$1.handleRequest(SimulatedServerRpc.java:153)
	at org.apache.ratis.server.simulation.RequestHandler.handleRequest(RequestHandler.java:91)
	at org.apache.ratis.server.simulation.RequestHandler$HandlerDaemon.run(RequestHandler.java:125)
2024-12-14 12:23:25,596 WARN  leader.LogAppender (LogAppenderDefault.java:sendAppendEntriesWithRetries(85)) - s1@group-794ED3AF1AED->s10-LogAppenderDefault: Failed to appendEntries (retry=0)
org.apache.ratis.protocol.exceptions.GroupMismatchException: s10: group-794ED3AF1AED not found.
	at org.apache.ratis.server.impl.RaftServerProxy$ImplMap.get(RaftServerProxy.java:156)
	at org.apache.ratis.server.impl.RaftServerProxy.getImplFuture(RaftServerProxy.java:366)
	at org.apache.ratis.server.impl.RaftServerProxy.getImpl(RaftServerProxy.java:375)
	at org.apache.ratis.server.impl.RaftServerProxy.getImpl(RaftServerProxy.java:370)
	at org.apache.ratis.server.impl.RaftServerProxy.appendEntries(RaftServerProxy.java:671)
	at org.apache.ratis.server.simulation.SimulatedServerRpc$1.handleRequest(SimulatedServerRpc.java:163)
	at org.apache.ratis.server.simulation.SimulatedServerRpc$1.handleRequest(SimulatedServerRpc.java:153)
	at org.apache.ratis.server.simulation.RequestHandler.handleRequest(RequestHandler.java:91)
	at org.apache.ratis.server.simulation.RequestHandler$HandlerDaemon.run(RequestHandler.java:125)
2024-12-14 12:23:25,610 WARN  leader.LogAppender (LogAppenderDefault.java:sendAppendEntriesWithRetries(85)) - s1@group-794ED3AF1AED->s0-LogAppenderDefault: Failed to appendEntries (retry=0)
org.apache.ratis.protocol.exceptions.GroupMismatchException: s0: group-794ED3AF1AED not found.
	at org.apache.ratis.server.impl.RaftServerProxy$ImplMap.get(RaftServerProxy.java:156)
	at org.apache.ratis.server.impl.RaftServerProxy.getImplFuture(RaftServerProxy.java:366)
	at org.apache.ratis.server.impl.RaftServerProxy.getImpl(RaftServerProxy.java:375)
	at org.apache.ratis.server.impl.RaftServerProxy.getImpl(RaftServerProxy.java:370)
	at org.apache.ratis.server.impl.RaftServerProxy.appendEntries(RaftServerProxy.java:671)
	at org.apache.ratis.server.simulation.SimulatedServerRpc$1.handleRequest(SimulatedServerRpc.java:163)
	at org.apache.ratis.server.simulation.SimulatedServerRpc$1.handleRequest(SimulatedServerRpc.java:153)
	at org.apache.ratis.server.simulation.RequestHandler.handleRequest(RequestHandler.java:91)
	at org.apache.ratis.server.simulation.RequestHandler$HandlerDaemon.run(RequestHandler.java:125)
2024-12-14 12:23:25,671 WARN  leader.LogAppender (LogAppenderDefault.java:sendAppendEntriesWithRetries(85)) - s1@group-794ED3AF1AED->s10-LogAppenderDefault: Failed to appendEntries (retry=0)
org.apache.ratis.protocol.exceptions.GroupMismatchException: s10: group-794ED3AF1AED not found.
	at org.apache.ratis.server.impl.RaftServerProxy$ImplMap.get(RaftServerProxy.java:156)
	at org.apache.ratis.server.impl.RaftServerProxy.getImplFuture(RaftServerProxy.java:366)
	at org.apache.ratis.server.impl.RaftServerProxy.getImpl(RaftServerProxy.java:375)
	at org.apache.ratis.server.impl.RaftServerProxy.getImpl(RaftServerProxy.java:370)
	at org.apache.ratis.server.impl.RaftServerProxy.appendEntries(RaftServerProxy.java:671)
	at org.apache.ratis.server.simulation.SimulatedServerRpc$1.handleRequest(SimulatedServerRpc.java:163)
	at org.apache.ratis.server.simulation.SimulatedServerRpc$1.handleRequest(SimulatedServerRpc.java:153)
	at org.apache.ratis.server.simulation.RequestHandler.handleRequest(RequestHandler.java:91)
	at org.apache.ratis.server.simulation.RequestHandler$HandlerDaemon.run(RequestHandler.java:125)
2024-12-14 12:23:25,685 WARN  leader.LogAppender (LogAppenderDefault.java:sendAppendEntriesWithRetries(85)) - s1@group-794ED3AF1AED->s0-LogAppenderDefault: Failed to appendEntries (retry=0)
org.apache.ratis.protocol.exceptions.GroupMismatchException: s0: group-794ED3AF1AED not found.
	at org.apache.ratis.server.impl.RaftServerProxy$ImplMap.get(RaftServerProxy.java:156)
	at org.apache.ratis.server.impl.RaftServerProxy.getImplFuture(RaftServerProxy.java:366)
	at org.apache.ratis.server.impl.RaftServerProxy.getImpl(RaftServerProxy.java:375)
	at org.apache.ratis.server.impl.RaftServerProxy.getImpl(RaftServerProxy.java:370)
	at org.apache.ratis.server.impl.RaftServerProxy.appendEntries(RaftServerProxy.java:671)
	at org.apache.ratis.server.simulation.SimulatedServerRpc$1.handleRequest(SimulatedServerRpc.java:163)
	at org.apache.ratis.server.simulation.SimulatedServerRpc$1.handleRequest(SimulatedServerRpc.java:153)
	at org.apache.ratis.server.simulation.RequestHandler.handleRequest(RequestHandler.java:91)
	at org.apache.ratis.server.simulation.RequestHandler$HandlerDaemon.run(RequestHandler.java:125)
2024-12-14 12:23:25,747 WARN  leader.LogAppender (LogAppenderDefault.java:sendAppendEntriesWithRetries(85)) - s1@group-794ED3AF1AED->s10-LogAppenderDefault: Failed to appendEntries (retry=0)
org.apache.ratis.protocol.exceptions.GroupMismatchException: s10: group-794ED3AF1AED not found.
	at org.apache.ratis.server.impl.RaftServerProxy$ImplMap.get(RaftServerProxy.java:156)
	at org.apache.ratis.server.impl.RaftServerProxy.getImplFuture(RaftServerProxy.java:366)
	at org.apache.ratis.server.impl.RaftServerProxy.getImpl(RaftServerProxy.java:375)
	at org.apache.ratis.server.impl.RaftServerProxy.getImpl(RaftServerProxy.java:370)
	at org.apache.ratis.server.impl.RaftServerProxy.appendEntries(RaftServerProxy.java:671)
	at org.apache.ratis.server.simulation.SimulatedServerRpc$1.handleRequest(SimulatedServerRpc.java:163)
	at org.apache.ratis.server.simulation.SimulatedServerRpc$1.handleRequest(SimulatedServerRpc.java:153)
	at org.apache.ratis.server.simulation.RequestHandler.handleRequest(RequestHandler.java:91)
	at org.apache.ratis.server.simulation.RequestHandler$HandlerDaemon.run(RequestHandler.java:125)
2024-12-14 12:23:25,761 WARN  leader.LogAppender (LogAppenderDefault.java:sendAppendEntriesWithRetries(85)) - s1@group-794ED3AF1AED->s0-LogAppenderDefault: Failed to appendEntries (retry=0)
org.apache.ratis.protocol.exceptions.GroupMismatchException: s0: group-794ED3AF1AED not found.
	at org.apache.ratis.server.impl.RaftServerProxy$ImplMap.get(RaftServerProxy.java:156)
	at org.apache.ratis.server.impl.RaftServerProxy.getImplFuture(RaftServerProxy.java:366)
	at org.apache.ratis.server.impl.RaftServerProxy.getImpl(RaftServerProxy.java:375)
	at org.apache.ratis.server.impl.RaftServerProxy.getImpl(RaftServerProxy.java:370)
	at org.apache.ratis.server.impl.RaftServerProxy.appendEntries(RaftServerProxy.java:671)
	at org.apache.ratis.server.simulation.SimulatedServerRpc$1.handleRequest(SimulatedServerRpc.java:163)
	at org.apache.ratis.server.simulation.SimulatedServerRpc$1.handleRequest(SimulatedServerRpc.java:153)
	at org.apache.ratis.server.simulation.RequestHandler.handleRequest(RequestHandler.java:91)
	at org.apache.ratis.server.simulation.RequestHandler$HandlerDaemon.run(RequestHandler.java:125)
2024-12-14 12:23:25,823 WARN  leader.LogAppender (LogAppenderDefault.java:sendAppendEntriesWithRetries(85)) - s1@group-794ED3AF1AED->s10-LogAppenderDefault: Failed to appendEntries (retry=0)
org.apache.ratis.protocol.exceptions.GroupMismatchException: s10: group-794ED3AF1AED not found.
	at org.apache.ratis.server.impl.RaftServerProxy$ImplMap.get(RaftServerProxy.java:156)
	at org.apache.ratis.server.impl.RaftServerProxy.getImplFuture(RaftServerProxy.java:366)
	at org.apache.ratis.server.impl.RaftServerProxy.getImpl(RaftServerProxy.java:375)
	at org.apache.ratis.server.impl.RaftServerProxy.getImpl(RaftServerProxy.java:370)
	at org.apache.ratis.server.impl.RaftServerProxy.appendEntries(RaftServerProxy.java:671)
	at org.apache.ratis.server.simulation.SimulatedServerRpc$1.handleRequest(SimulatedServerRpc.java:163)
	at org.apache.ratis.server.simulation.SimulatedServerRpc$1.handleRequest(SimulatedServerRpc.java:153)
	at org.apache.ratis.server.simulation.RequestHandler.handleRequest(RequestHandler.java:91)
	at org.apache.ratis.server.simulation.RequestHandler$HandlerDaemon.run(RequestHandler.java:125)
2024-12-14 12:23:25,837 WARN  leader.LogAppender (LogAppenderDefault.java:sendAppendEntriesWithRetries(85)) - s1@group-794ED3AF1AED->s0-LogAppenderDefault: Failed to appendEntries (retry=0)
org.apache.ratis.protocol.exceptions.GroupMismatchException: s0: group-794ED3AF1AED not found.
	at org.apache.ratis.server.impl.RaftServerProxy$ImplMap.get(RaftServerProxy.java:156)
	at org.apache.ratis.server.impl.RaftServerProxy.getImplFuture(RaftServerProxy.java:366)
	at org.apache.ratis.server.impl.RaftServerProxy.getImpl(RaftServerProxy.java:375)
	at org.apache.ratis.server.impl.RaftServerProxy.getImpl(RaftServerProxy.java:370)
	at org.apache.ratis.server.impl.RaftServerProxy.appendEntries(RaftServerProxy.java:671)
	at org.apache.ratis.server.simulation.SimulatedServerRpc$1.handleRequest(SimulatedServerRpc.java:163)
	at org.apache.ratis.server.simulation.SimulatedServerRpc$1.handleRequest(SimulatedServerRpc.java:153)
	at org.apache.ratis.server.simulation.RequestHandler.handleRequest(RequestHandler.java:91)
	at org.apache.ratis.server.simulation.RequestHandler$HandlerDaemon.run(RequestHandler.java:125)
2024-12-14 12:23:25,899 WARN  leader.LogAppender (LogAppenderDefault.java:sendAppendEntriesWithRetries(85)) - s1@group-794ED3AF1AED->s10-LogAppenderDefault: Failed to appendEntries (retry=0)
org.apache.ratis.protocol.exceptions.GroupMismatchException: s10: group-794ED3AF1AED not found.
	at org.apache.ratis.server.impl.RaftServerProxy$ImplMap.get(RaftServerProxy.java:156)
	at org.apache.ratis.server.impl.RaftServerProxy.getImplFuture(RaftServerProxy.java:366)
	at org.apache.ratis.server.impl.RaftServerProxy.getImpl(RaftServerProxy.java:375)
	at org.apache.ratis.server.impl.RaftServerProxy.getImpl(RaftServerProxy.java:370)
	at org.apache.ratis.server.impl.RaftServerProxy.appendEntries(RaftServerProxy.java:671)
	at org.apache.ratis.server.simulation.SimulatedServerRpc$1.handleRequest(SimulatedServerRpc.java:163)
	at org.apache.ratis.server.simulation.SimulatedServerRpc$1.handleRequest(SimulatedServerRpc.java:153)
	at org.apache.ratis.server.simulation.RequestHandler.handleRequest(RequestHandler.java:91)
	at org.apache.ratis.server.simulation.RequestHandler$HandlerDaemon.run(RequestHandler.java:125)
2024-12-14 12:23:25,913 WARN  leader.LogAppender (LogAppenderDefault.java:sendAppendEntriesWithRetries(85)) - s1@group-794ED3AF1AED->s0-LogAppenderDefault: Failed to appendEntries (retry=0)
org.apache.ratis.protocol.exceptions.GroupMismatchException: s0: group-794ED3AF1AED not found.
	at org.apache.ratis.server.impl.RaftServerProxy$ImplMap.get(RaftServerProxy.java:156)
	at org.apache.ratis.server.impl.RaftServerProxy.getImplFuture(RaftServerProxy.java:366)
	at org.apache.ratis.server.impl.RaftServerProxy.getImpl(RaftServerProxy.java:375)
	at org.apache.ratis.server.impl.RaftServerProxy.getImpl(RaftServerProxy.java:370)
	at org.apache.ratis.server.impl.RaftServerProxy.appendEntries(RaftServerProxy.java:671)
	at org.apache.ratis.server.simulation.SimulatedServerRpc$1.handleRequest(SimulatedServerRpc.java:163)
	at org.apache.ratis.server.simulation.SimulatedServerRpc$1.handleRequest(SimulatedServerRpc.java:153)
	at org.apache.ratis.server.simulation.RequestHandler.handleRequest(RequestHandler.java:91)
	at org.apache.ratis.server.simulation.RequestHandler$HandlerDaemon.run(RequestHandler.java:125)
2024-12-14 12:23:25,932 INFO  segmented.SegmentedRaftLogWorker (SegmentedRaftLogWorker.java:close(254)) - s0@group-794ED3AF1AED-SegmentedRaftLogWorker close()
2024-12-14 12:23:25,932 INFO  raftlog.RaftLog (SegmentedRaftLog.java:close(576)) - Successfully closed s0@group-794ED3AF1AED-SegmentedRaftLog:CLOSED:c120
2024-12-14 12:23:25,933 TRACE util.FileUtils (FileUtils.java:deleteFully(307)) - deleteFully /home/runner/work/ratis/ratis/ratis-examples/target/test/data/da5193cb/MiniRaftClusterWithSimulatedRpced10c1e3/s0/1e73b397-51fd-48d6-9868-794ed3af1aed
2024-12-14 12:23:25,933 TRACE util.FileUtils (LogUtils.java:runAndLog(49)) - Successfully ran Files.delete /home/runner/work/ratis/ratis/ratis-examples/target/test/data/da5193cb/MiniRaftClusterWithSimulatedRpced10c1e3/s0/1e73b397-51fd-48d6-9868-794ed3af1aed/current/raft-meta.conf
2024-12-14 12:23:25,933 TRACE util.FileUtils (LogUtils.java:runAndLog(49)) - Successfully ran Files.delete /home/runner/work/ratis/ratis/ratis-examples/target/test/data/da5193cb/MiniRaftClusterWithSimulatedRpced10c1e3/s0/1e73b397-51fd-48d6-9868-794ed3af1aed/current/log_inprogress_0
2024-12-14 12:23:25,933 TRACE util.FileUtils (LogUtils.java:runAndLog(49)) - Successfully ran Files.delete /home/runner/work/ratis/ratis/ratis-examples/target/test/data/da5193cb/MiniRaftClusterWithSimulatedRpced10c1e3/s0/1e73b397-51fd-48d6-9868-794ed3af1aed/current/raft-meta
2024-12-14 12:23:25,933 TRACE util.FileUtils (LogUtils.java:runAndLog(49)) - Successfully ran Files.delete /home/runner/work/ratis/ratis/ratis-examples/target/test/data/da5193cb/MiniRaftClusterWithSimulatedRpced10c1e3/s0/1e73b397-51fd-48d6-9868-794ed3af1aed/current
2024-12-14 12:23:25,934 TRACE util.FileUtils (LogUtils.java:runAndLog(49)) - Successfully ran Files.delete /home/runner/work/ratis/ratis/ratis-examples/target/test/data/da5193cb/MiniRaftClusterWithSimulatedRpced10c1e3/s0/1e73b397-51fd-48d6-9868-794ed3af1aed/in_use.lock
2024-12-14 12:23:25,934 TRACE util.FileUtils (LogUtils.java:runAndLog(49)) - Successfully ran Files.delete /home/runner/work/ratis/ratis/ratis-examples/target/test/data/da5193cb/MiniRaftClusterWithSimulatedRpced10c1e3/s0/1e73b397-51fd-48d6-9868-794ed3af1aed/sm
2024-12-14 12:23:25,934 TRACE util.FileUtils (LogUtils.java:runAndLog(49)) - Successfully ran Files.delete /home/runner/work/ratis/ratis/ratis-examples/target/test/data/da5193cb/MiniRaftClusterWithSimulatedRpced10c1e3/s0/1e73b397-51fd-48d6-9868-794ed3af1aed
2024-12-14 12:23:25,934 INFO  server.RaftServer$Division (RaftServerImpl.java:groupRemove(484)) - s0@group-794ED3AF1AED: Succeed to remove RaftStorageDirectory Storage Directory /home/runner/work/ratis/ratis/ratis-examples/target/test/data/da5193cb/MiniRaftClusterWithSimulatedRpced10c1e3/s0/1e73b397-51fd-48d6-9868-794ed3af1aed
2024-12-14 12:23:25,935 INFO  server.RaftServer (RaftServerProxy.java:remove(112)) - s1: remove    LEADER s1@group-794ED3AF1AED:t1, leader=s1, voted=s1, raftlog=Memoized:s1@group-794ED3AF1AED-SegmentedRaftLog:OPENED:c120:last(t:1, i:120), conf=conf: {index: 0, cur=peers:[s10, s0, s1]|listeners:[], old=null} RUNNING
2024-12-14 12:23:25,935 INFO  server.RaftServer$Division (RaftServerImpl.java:lambda$close$1(514)) - s1@group-794ED3AF1AED: shutdown
2024-12-14 12:23:25,935 INFO  util.JmxRegister (JmxRegister.java:unregister(74)) - Successfully un-registered JMX Bean with object name Ratis:service=RaftServer,group=group-794ED3AF1AED,id=s1
2024-12-14 12:23:25,935 INFO  impl.RoleInfo (RoleInfo.java:shutdownLeaderState(103)) - s1: shutdown s1@group-794ED3AF1AED-LeaderStateImpl
2024-12-14 12:23:25,935 INFO  leader.LogAppenderDaemon (LogAppenderDaemon.java:run(85)) - s1@group-794ED3AF1AED->s0-LogAppenderDefault-LogAppenderDaemon was interrupted: java.lang.InterruptedException: sleep interrupted
2024-12-14 12:23:25,935 INFO  impl.PendingRequests (PendingRequests.java:sendNotLeaderResponses(287)) - s1@group-794ED3AF1AED-PendingRequests: sendNotLeaderResponses
2024-12-14 12:23:25,935 INFO  leader.LogAppenderDaemon (LogAppenderDaemon.java:run(85)) - s1@group-794ED3AF1AED->s10-LogAppenderDefault-LogAppenderDaemon was interrupted: java.lang.InterruptedException
2024-12-14 12:23:25,939 INFO  impl.StateMachineUpdater (StateMachineUpdater.java:stopAndJoin(164)) - s1@group-794ED3AF1AED-StateMachineUpdater: set stopIndex = 120
2024-12-14 12:23:25,939 INFO  impl.StateMachineUpdater (StateMachineUpdater.java:stop(141)) - s1@group-794ED3AF1AED-StateMachineUpdater: closing ArithmeticStateMachine, lastApplied=(t:1, i:120)
2024-12-14 12:23:25,939 INFO  raftlog.RaftLog (SegmentedRaftLog.java:close(568)) - Start closing s1@group-794ED3AF1AED-SegmentedRaftLog:OPENED:c120:last(t:1, i:120)
2024-12-14 12:23:25,939 INFO  util.AwaitToRun (AwaitToRun.java:run(49)) - s1@group-794ED3AF1AED-cacheEviction-AwaitToRun-AwaitForSignal is interrupted
2024-12-14 12:23:25,940 INFO  segmented.LogSegment (LogSegment.java:close(349)) - Successfully closed EntryCache-log_inprogress_0
2024-12-14 12:23:26,930 INFO  segmented.SegmentedRaftLogWorker (SegmentedRaftLogWorker.java:close(254)) - s1@group-794ED3AF1AED-SegmentedRaftLogWorker close()
2024-12-14 12:23:26,931 INFO  raftlog.RaftLog (SegmentedRaftLog.java:close(576)) - Successfully closed s1@group-794ED3AF1AED-SegmentedRaftLog:CLOSED:c120
2024-12-14 12:23:26,931 TRACE util.FileUtils (FileUtils.java:deleteFully(307)) - deleteFully /home/runner/work/ratis/ratis/ratis-examples/target/test/data/da5193cb/MiniRaftClusterWithSimulatedRpced10c1e3/s1/1e73b397-51fd-48d6-9868-794ed3af1aed
2024-12-14 12:23:26,931 TRACE util.FileUtils (LogUtils.java:runAndLog(49)) - Successfully ran Files.delete /home/runner/work/ratis/ratis/ratis-examples/target/test/data/da5193cb/MiniRaftClusterWithSimulatedRpced10c1e3/s1/1e73b397-51fd-48d6-9868-794ed3af1aed/current/raft-meta.conf
2024-12-14 12:23:26,932 TRACE util.FileUtils (LogUtils.java:runAndLog(49)) - Successfully ran Files.delete /home/runner/work/ratis/ratis/ratis-examples/target/test/data/da5193cb/MiniRaftClusterWithSimulatedRpced10c1e3/s1/1e73b397-51fd-48d6-9868-794ed3af1aed/current/log_inprogress_0
2024-12-14 12:23:26,932 TRACE util.FileUtils (LogUtils.java:runAndLog(49)) - Successfully ran Files.delete /home/runner/work/ratis/ratis/ratis-examples/target/test/data/da5193cb/MiniRaftClusterWithSimulatedRpced10c1e3/s1/1e73b397-51fd-48d6-9868-794ed3af1aed/current/raft-meta
2024-12-14 12:23:26,932 TRACE util.FileUtils (LogUtils.java:runAndLog(49)) - Successfully ran Files.delete /home/runner/work/ratis/ratis/ratis-examples/target/test/data/da5193cb/MiniRaftClusterWithSimulatedRpced10c1e3/s1/1e73b397-51fd-48d6-9868-794ed3af1aed/current
2024-12-14 12:23:26,932 TRACE util.FileUtils (LogUtils.java:runAndLog(49)) - Successfully ran Files.delete /home/runner/work/ratis/ratis/ratis-examples/target/test/data/da5193cb/MiniRaftClusterWithSimulatedRpced10c1e3/s1/1e73b397-51fd-48d6-9868-794ed3af1aed/in_use.lock
2024-12-14 12:23:26,932 TRACE util.FileUtils (LogUtils.java:runAndLog(49)) - Successfully ran Files.delete /home/runner/work/ratis/ratis/ratis-examples/target/test/data/da5193cb/MiniRaftClusterWithSimulatedRpced10c1e3/s1/1e73b397-51fd-48d6-9868-794ed3af1aed/sm
2024-12-14 12:23:26,932 TRACE util.FileUtils (LogUtils.java:runAndLog(49)) - Successfully ran Files.delete /home/runner/work/ratis/ratis/ratis-examples/target/test/data/da5193cb/MiniRaftClusterWithSimulatedRpced10c1e3/s1/1e73b397-51fd-48d6-9868-794ed3af1aed
2024-12-14 12:23:26,932 INFO  server.RaftServer$Division (RaftServerImpl.java:groupRemove(484)) - s1@group-794ED3AF1AED: Succeed to remove RaftStorageDirectory Storage Directory /home/runner/work/ratis/ratis/ratis-examples/target/test/data/da5193cb/MiniRaftClusterWithSimulatedRpced10c1e3/s1/1e73b397-51fd-48d6-9868-794ed3af1aed
2024-12-14 12:23:26,933 INFO  impl.GroupManagementBaseTest (GroupManagementBaseTest.java:runMultiGroupTest(299)) - 1) close printing group-154805CE7F48
  s11:  RUNNING [
     LEADER s11@group-154805CE7F48:t1, leader=s11, voted=s11, raftlog=Memoized:s11@group-154805CE7F48-SegmentedRaftLog:OPENED:c120:last(t:1, i:120), conf=conf: {index: 0, cur=peers:[s11, s13, s12]|listeners:[], old=null} RUNNING
   FOLLOWER s11@group-E0CF8C87AB81:t0, leader=null, voted=, raftlog=Memoized:s11@group-E0CF8C87AB81-SegmentedRaftLog:OPENED:c-1:lastnull, conf=conf: {index: -1, cur=peers:[]|listeners:[], old=null} STARTING] size=2
  s13:  RUNNING [
   FOLLOWER s13@group-154805CE7F48:t1, leader=s11, voted=s11, raftlog=Memoized:s13@group-154805CE7F48-SegmentedRaftLog:OPENED:c120:last(t:1, i:120), conf=conf: {index: 0, cur=peers:[s11|, s13|, s12|]|listeners:[], old=null} RUNNING
   FOLLOWER s13@group-E0CF8C87AB81:t0, leader=null, voted=, raftlog=Memoized:s13@group-E0CF8C87AB81-SegmentedRaftLog:OPENED:c-1:lastnull, conf=conf: {index: -1, cur=peers:[]|listeners:[], old=null} STARTING] size=2
  s12:  RUNNING [
   FOLLOWER s12@group-154805CE7F48:t1, leader=s11, voted=s11, raftlog=Memoized:s12@group-154805CE7F48-SegmentedRaftLog:OPENED:c120:last(t:1, i:120), conf=conf: {index: 0, cur=peers:[s11|, s13|, s12|]|listeners:[], old=null} RUNNING
   FOLLOWER s12@group-E0CF8C87AB81:t0, leader=null, voted=, raftlog=Memoized:s12@group-E0CF8C87AB81-SegmentedRaftLog:OPENED:c-1:lastnull, conf=conf: {index: -1, cur=peers:[]|listeners:[], old=null} STARTING] size=2
2024-12-14 12:23:26,933 INFO  server.RaftServer (RaftServerProxy.java:remove(112)) - s11: remove    LEADER s11@group-154805CE7F48:t1, leader=s11, voted=s11, raftlog=Memoized:s11@group-154805CE7F48-SegmentedRaftLog:OPENED:c120:last(t:1, i:120), conf=conf: {index: 0, cur=peers:[s11, s13, s12]|listeners:[], old=null} RUNNING
2024-12-14 12:23:26,933 INFO  server.RaftServer$Division (RaftServerImpl.java:lambda$close$1(514)) - s11@group-154805CE7F48: shutdown
2024-12-14 12:23:26,933 INFO  util.JmxRegister (JmxRegister.java:unregister(74)) - Successfully un-registered JMX Bean with object name Ratis:service=RaftServer,group=group-154805CE7F48,id=s11
2024-12-14 12:23:26,933 INFO  impl.RoleInfo (RoleInfo.java:shutdownLeaderState(103)) - s11: shutdown s11@group-154805CE7F48-LeaderStateImpl
2024-12-14 12:23:26,934 INFO  leader.LogAppenderDaemon (LogAppenderDaemon.java:run(85)) - s11@group-154805CE7F48->s13-LogAppenderDefault-LogAppenderDaemon was interrupted: java.lang.InterruptedException
2024-12-14 12:23:26,934 INFO  impl.PendingRequests (PendingRequests.java:sendNotLeaderResponses(287)) - s11@group-154805CE7F48-PendingRequests: sendNotLeaderResponses
2024-12-14 12:23:26,934 INFO  leader.LogAppenderDaemon (LogAppenderDaemon.java:run(85)) - s11@group-154805CE7F48->s12-LogAppenderDefault-LogAppenderDaemon was interrupted: java.lang.InterruptedException
2024-12-14 12:23:26,935 INFO  impl.StateMachineUpdater (StateMachineUpdater.java:stopAndJoin(164)) - s11@group-154805CE7F48-StateMachineUpdater: set stopIndex = 120
2024-12-14 12:23:26,935 INFO  impl.StateMachineUpdater (StateMachineUpdater.java:stop(141)) - s11@group-154805CE7F48-StateMachineUpdater: closing ArithmeticStateMachine, lastApplied=(t:1, i:120)
2024-12-14 12:23:26,935 INFO  raftlog.RaftLog (SegmentedRaftLog.java:close(568)) - Start closing s11@group-154805CE7F48-SegmentedRaftLog:OPENED:c120:last(t:1, i:120)
2024-12-14 12:23:26,935 INFO  util.AwaitToRun (AwaitToRun.java:run(49)) - s11@group-154805CE7F48-cacheEviction-AwaitToRun-AwaitForSignal is interrupted
2024-12-14 12:23:26,936 INFO  segmented.LogSegment (LogSegment.java:close(349)) - Successfully closed EntryCache-log_inprogress_0
2024-12-14 12:23:27,080 INFO  segmented.SegmentedRaftLogWorker (SegmentedRaftLogWorker.java:close(254)) - s11@group-154805CE7F48-SegmentedRaftLogWorker close()
2024-12-14 12:23:27,081 INFO  raftlog.RaftLog (SegmentedRaftLog.java:close(576)) - Successfully closed s11@group-154805CE7F48-SegmentedRaftLog:CLOSED:c120
2024-12-14 12:23:27,081 TRACE util.FileUtils (FileUtils.java:deleteFully(307)) - deleteFully /home/runner/work/ratis/ratis/ratis-examples/target/test/data/da5193cb/MiniRaftClusterWithSimulatedRpced10c1e3/s11/f379d0f3-361a-49f9-93e7-154805ce7f48
2024-12-14 12:23:27,081 TRACE util.FileUtils (LogUtils.java:runAndLog(49)) - Successfully ran Files.delete /home/runner/work/ratis/ratis/ratis-examples/target/test/data/da5193cb/MiniRaftClusterWithSimulatedRpced10c1e3/s11/f379d0f3-361a-49f9-93e7-154805ce7f48/current/raft-meta.conf
2024-12-14 12:23:27,081 TRACE util.FileUtils (LogUtils.java:runAndLog(49)) - Successfully ran Files.delete /home/runner/work/ratis/ratis/ratis-examples/target/test/data/da5193cb/MiniRaftClusterWithSimulatedRpced10c1e3/s11/f379d0f3-361a-49f9-93e7-154805ce7f48/current/log_inprogress_0
2024-12-14 12:23:27,081 TRACE util.FileUtils (LogUtils.java:runAndLog(49)) - Successfully ran Files.delete /home/runner/work/ratis/ratis/ratis-examples/target/test/data/da5193cb/MiniRaftClusterWithSimulatedRpced10c1e3/s11/f379d0f3-361a-49f9-93e7-154805ce7f48/current/raft-meta
2024-12-14 12:23:27,082 TRACE util.FileUtils (LogUtils.java:runAndLog(49)) - Successfully ran Files.delete /home/runner/work/ratis/ratis/ratis-examples/target/test/data/da5193cb/MiniRaftClusterWithSimulatedRpced10c1e3/s11/f379d0f3-361a-49f9-93e7-154805ce7f48/current
2024-12-14 12:23:27,082 TRACE util.FileUtils (LogUtils.java:runAndLog(49)) - Successfully ran Files.delete /home/runner/work/ratis/ratis/ratis-examples/target/test/data/da5193cb/MiniRaftClusterWithSimulatedRpced10c1e3/s11/f379d0f3-361a-49f9-93e7-154805ce7f48/in_use.lock
2024-12-14 12:23:27,082 TRACE util.FileUtils (LogUtils.java:runAndLog(49)) - Successfully ran Files.delete /home/runner/work/ratis/ratis/ratis-examples/target/test/data/da5193cb/MiniRaftClusterWithSimulatedRpced10c1e3/s11/f379d0f3-361a-49f9-93e7-154805ce7f48/sm
2024-12-14 12:23:27,082 TRACE util.FileUtils (LogUtils.java:runAndLog(49)) - Successfully ran Files.delete /home/runner/work/ratis/ratis/ratis-examples/target/test/data/da5193cb/MiniRaftClusterWithSimulatedRpced10c1e3/s11/f379d0f3-361a-49f9-93e7-154805ce7f48
2024-12-14 12:23:27,082 INFO  server.RaftServer$Division (RaftServerImpl.java:groupRemove(484)) - s11@group-154805CE7F48: Succeed to remove RaftStorageDirectory Storage Directory /home/runner/work/ratis/ratis/ratis-examples/target/test/data/da5193cb/MiniRaftClusterWithSimulatedRpced10c1e3/s11/f379d0f3-361a-49f9-93e7-154805ce7f48
2024-12-14 12:23:27,083 INFO  server.RaftServer (RaftServerProxy.java:remove(112)) - s13: remove  FOLLOWER s13@group-154805CE7F48:t1, leader=s11, voted=s11, raftlog=Memoized:s13@group-154805CE7F48-SegmentedRaftLog:OPENED:c120:last(t:1, i:120), conf=conf: {index: 0, cur=peers:[s11|, s13|, s12|]|listeners:[], old=null} RUNNING
2024-12-14 12:23:27,083 INFO  server.RaftServer$Division (RaftServerImpl.java:lambda$close$1(514)) - s13@group-154805CE7F48: shutdown
2024-12-14 12:23:27,083 INFO  util.JmxRegister (JmxRegister.java:unregister(74)) - Successfully un-registered JMX Bean with object name Ratis:service=RaftServer,group=group-154805CE7F48,id=s13
2024-12-14 12:23:27,083 INFO  impl.RoleInfo (RoleInfo.java:shutdownFollowerState(121)) - s13: shutdown s13@group-154805CE7F48-FollowerState
2024-12-14 12:23:27,083 INFO  impl.StateMachineUpdater (StateMachineUpdater.java:stopAndJoin(164)) - s13@group-154805CE7F48-StateMachineUpdater: set stopIndex = 120
2024-12-14 12:23:27,083 INFO  impl.FollowerState (FollowerState.java:runImpl(170)) - s13@group-154805CE7F48-FollowerState was interrupted
2024-12-14 12:23:27,083 INFO  impl.StateMachineUpdater (StateMachineUpdater.java:stop(141)) - s13@group-154805CE7F48-StateMachineUpdater: closing ArithmeticStateMachine, lastApplied=(t:1, i:120)
2024-12-14 12:23:27,084 INFO  raftlog.RaftLog (SegmentedRaftLog.java:close(568)) - Start closing s13@group-154805CE7F48-SegmentedRaftLog:OPENED:c120:last(t:1, i:120)
2024-12-14 12:23:27,084 INFO  util.AwaitToRun (AwaitToRun.java:run(49)) - s13@group-154805CE7F48-cacheEviction-AwaitToRun-AwaitForSignal is interrupted
2024-12-14 12:23:27,084 INFO  segmented.LogSegment (LogSegment.java:close(349)) - Successfully closed EntryCache-log_inprogress_0
2024-12-14 12:23:27,480 INFO  impl.MiniRaftCluster (MiniRaftCluster.java:lambda$null$7(362)) - TIMED-PRINT: printing ALL groups
  s3:  RUNNING [
   FOLLOWER s3@group-E0CF8C87AB81:t0, leader=null, voted=, raftlog=Memoized:s3@group-E0CF8C87AB81-SegmentedRaftLog:OPENED:c-1:lastnull, conf=conf: {index: -1, cur=peers:[]|listeners:[], old=null} STARTING
     LEADER s3@group-4E8C8EA4E78F:t1, leader=s3, voted=s3, raftlog=Memoized:s3@group-4E8C8EA4E78F-SegmentedRaftLog:OPENED:c120:last(t:1, i:120), conf=conf: {index: 0, cur=peers:[s3, s14, s2]|listeners:[], old=null} RUNNING] size=2
  s4:  RUNNING [
   FOLLOWER s4@group-E0CF8C87AB81:t0, leader=null, voted=, raftlog=Memoized:s4@group-E0CF8C87AB81-SegmentedRaftLog:OPENED:c-1:lastnull, conf=conf: {index: -1, cur=peers:[]|listeners:[], old=null} STARTING
   FOLLOWER s4@group-9B578AD62455:t1, leader=s5, voted=s5, raftlog=Memoized:s4@group-9B578AD62455-SegmentedRaftLog:OPENED:c120:last(t:1, i:120), conf=conf: {index: 0, cur=peers:[s4|, s5|, s6|]|listeners:[], old=null} RUNNING] size=2
  s5:  RUNNING [
   FOLLOWER s5@group-E0CF8C87AB81:t0, leader=null, voted=, raftlog=Memoized:s5@group-E0CF8C87AB81-SegmentedRaftLog:OPENED:c-1:lastnull, conf=conf: {index: -1, cur=peers:[]|listeners:[], old=null} STARTING
     LEADER s5@group-9B578AD62455:t1, leader=s5, voted=s5, raftlog=Memoized:s5@group-9B578AD62455-SegmentedRaftLog:OPENED:c120:last(t:1, i:120), conf=conf: {index: 0, cur=peers:[s4, s5, s6]|listeners:[], old=null} RUNNING] size=2
  s6:  RUNNING [
   FOLLOWER s6@group-E0CF8C87AB81:t0, leader=null, voted=, raftlog=Memoized:s6@group-E0CF8C87AB81-SegmentedRaftLog:OPENED:c-1:lastnull, conf=conf: {index: -1, cur=peers:[]|listeners:[], old=null} STARTING
   FOLLOWER s6@group-9B578AD62455:t1, leader=s5, voted=s5, raftlog=Memoized:s6@group-9B578AD62455-SegmentedRaftLog:OPENED:c120:last(t:1, i:120), conf=conf: {index: 0, cur=peers:[s4|, s5|, s6|]|listeners:[], old=null} RUNNING] size=2
  s7:  RUNNING [
     LEADER s7@group-2C253C6A579F:t1, leader=s7, voted=s7, raftlog=Memoized:s7@group-2C253C6A579F-SegmentedRaftLog:OPENED:c120:last(t:1, i:120), conf=conf: {index: 0, cur=peers:[s7, s8, s9]|listeners:[], old=null} RUNNING
   FOLLOWER s7@group-E0CF8C87AB81:t0, leader=null, voted=, raftlog=Memoized:s7@group-E0CF8C87AB81-SegmentedRaftLog:OPENED:c-1:lastnull, conf=conf: {index: -1, cur=peers:[]|listeners:[], old=null} STARTING] size=2
  s8:  RUNNING [
   FOLLOWER s8@group-2C253C6A579F:t1, leader=s7, voted=s7, raftlog=Memoized:s8@group-2C253C6A579F-SegmentedRaftLog:OPENED:c120:last(t:1, i:120), conf=conf: {index: 0, cur=peers:[s7|, s8|, s9|]|listeners:[], old=null} RUNNING
   FOLLOWER s8@group-E0CF8C87AB81:t0, leader=null, voted=, raftlog=Memoized:s8@group-E0CF8C87AB81-SegmentedRaftLog:OPENED:c-1:lastnull, conf=conf: {index: -1, cur=peers:[]|listeners:[], old=null} STARTING] size=2
  s9:  RUNNING [
   FOLLOWER s9@group-2C253C6A579F:t1, leader=s7, voted=s7, raftlog=Memoized:s9@group-2C253C6A579F-SegmentedRaftLog:OPENED:c120:last(t:1, i:120), conf=conf: {index: 0, cur=peers:[s7|, s8|, s9|]|listeners:[], old=null} RUNNING
   FOLLOWER s9@group-E0CF8C87AB81:t0, leader=null, voted=, raftlog=Memoized:s9@group-E0CF8C87AB81-SegmentedRaftLog:OPENED:c-1:lastnull, conf=conf: {index: -1, cur=peers:[]|listeners:[], old=null} STARTING] size=2
  s11:  RUNNING  FOLLOWER s11@group-E0CF8C87AB81:t0, leader=null, voted=, raftlog=Memoized:s11@group-E0CF8C87AB81-SegmentedRaftLog:OPENED:c-1:lastnull, conf=conf: {index: -1, cur=peers:[]|listeners:[], old=null} STARTING
  s10:  RUNNING  FOLLOWER s10@group-E0CF8C87AB81:t0, leader=null, voted=, raftlog=Memoized:s10@group-E0CF8C87AB81-SegmentedRaftLog:OPENED:c-1:lastnull, conf=conf: {index: -1, cur=peers:[]|listeners:[], old=null} STARTING
  s13:  RUNNING  FOLLOWER s13@group-E0CF8C87AB81:t0, leader=null, voted=, raftlog=Memoized:s13@group-E0CF8C87AB81-SegmentedRaftLog:OPENED:c-1:lastnull, conf=conf: {index: -1, cur=peers:[]|listeners:[], old=null} STARTING
  s12:  RUNNING [
   FOLLOWER s12@group-154805CE7F48:t1, leader=s11, voted=s11, raftlog=Memoized:s12@group-154805CE7F48-SegmentedRaftLog:OPENED:c120:last(t:1, i:120), conf=conf: {index: 0, cur=peers:[s11|, s13|, s12|]|listeners:[], old=null} RUNNING
   FOLLOWER s12@group-E0CF8C87AB81:t0, leader=null, voted=, raftlog=Memoized:s12@group-E0CF8C87AB81-SegmentedRaftLog:OPENED:c-1:lastnull, conf=conf: {index: -1, cur=peers:[]|listeners:[], old=null} STARTING] size=2
  s14:  RUNNING [
   FOLLOWER s14@group-E0CF8C87AB81:t0, leader=null, voted=, raftlog=Memoized:s14@group-E0CF8C87AB81-SegmentedRaftLog:OPENED:c-1:lastnull, conf=conf: {index: -1, cur=peers:[]|listeners:[], old=null} STARTING
   FOLLOWER s14@group-4E8C8EA4E78F:t1, leader=s3, voted=s3, raftlog=Memoized:s14@group-4E8C8EA4E78F-SegmentedRaftLog:OPENED:c120:last(t:1, i:120), conf=conf: {index: 0, cur=peers:[s3|, s14|, s2|]|listeners:[], old=null} RUNNING] size=2
  s0:  RUNNING  FOLLOWER s0@group-E0CF8C87AB81:t0, leader=null, voted=, raftlog=Memoized:s0@group-E0CF8C87AB81-SegmentedRaftLog:OPENED:c-1:lastnull, conf=conf: {index: -1, cur=peers:[]|listeners:[], old=null} STARTING
  s1:  RUNNING  FOLLOWER s1@group-E0CF8C87AB81:t0, leader=null, voted=, raftlog=Memoized:s1@group-E0CF8C87AB81-SegmentedRaftLog:OPENED:c-1:lastnull, conf=conf: {index: -1, cur=peers:[]|listeners:[], old=null} STARTING
  s2:  RUNNING [
   FOLLOWER s2@group-E0CF8C87AB81:t0, leader=null, voted=, raftlog=Memoized:s2@group-E0CF8C87AB81-SegmentedRaftLog:OPENED:c-1:lastnull, conf=conf: {index: -1, cur=peers:[]|listeners:[], old=null} STARTING
   FOLLOWER s2@group-4E8C8EA4E78F:t1, leader=s3, voted=s3, raftlog=Memoized:s2@group-4E8C8EA4E78F-SegmentedRaftLog:OPENED:c120:last(t:1, i:120), conf=conf: {index: 0, cur=peers:[s3|, s14|, s2|]|listeners:[], old=null} RUNNING] size=2
2024-12-14 12:23:27,531 INFO  impl.FollowerState (FollowerState.java:runImpl(161)) - s12@group-154805CE7F48-FollowerState: change to CANDIDATE, lastRpcElapsedTime:729793806ns, electionTimeout:459ms
2024-12-14 12:23:27,532 INFO  impl.RoleInfo (RoleInfo.java:shutdownFollowerState(121)) - s12: shutdown s12@group-154805CE7F48-FollowerState
2024-12-14 12:23:27,532 INFO  server.RaftServer$Division (RaftServerImpl.java:setRole(379)) - s12@group-154805CE7F48: changes role from  FOLLOWER to CANDIDATE at term 1 for changeToCandidate
2024-12-14 12:23:27,532 INFO  server.RaftServerConfigKeys (ConfUtils.java:logGet(46)) - raft.server.leaderelection.pre-vote = true (default)
2024-12-14 12:23:27,532 INFO  impl.RoleInfo (RoleInfo.java:updateAndGet(148)) - s12: start s12@group-154805CE7F48-LeaderElection6
2024-12-14 12:23:27,532 INFO  server.RaftServer$Division (ServerState.java:setLeader(272)) - s12@group-154805CE7F48: change Leader from s11 to null at term 1 for PRE_VOTE
2024-12-14 12:23:27,533 INFO  impl.LeaderElection (LeaderElection.java:askForVotes(332)) - s12@group-154805CE7F48-LeaderElection6 PRE_VOTE round 0: submit vote requests at term 1 for conf: {index: 0, cur=peers:[s11|, s13|, s12|]|listeners:[], old=null}
2024-12-14 12:23:27,534 INFO  impl.LeaderElection (LogUtils.java:infoOrTrace(142)) - s12@group-154805CE7F48-LeaderElection6 got exception when requesting votes: java.util.concurrent.ExecutionException: org.apache.ratis.protocol.exceptions.GroupMismatchException: s11: group-154805CE7F48 not found.
2024-12-14 12:23:27,534 INFO  impl.LeaderElection (LogUtils.java:infoOrTrace(142)) - s12@group-154805CE7F48-LeaderElection6 got exception when requesting votes: java.util.concurrent.ExecutionException: org.apache.ratis.protocol.exceptions.GroupMismatchException: s13: group-154805CE7F48 not found.
2024-12-14 12:23:27,534 INFO  impl.LeaderElection (LeaderElection.java:logAndReturn(90)) - s12@group-154805CE7F48-LeaderElection6: PRE_VOTE REJECTED received 0 response(s) and 2 exception(s):
2024-12-14 12:23:27,534 INFO  impl.LeaderElection (LogUtils.java:infoOrTrace(142)) -   Exception 0: java.util.concurrent.ExecutionException: org.apache.ratis.protocol.exceptions.GroupMismatchException: s11: group-154805CE7F48 not found.
2024-12-14 12:23:27,534 INFO  impl.LeaderElection (LogUtils.java:infoOrTrace(142)) -   Exception 1: java.util.concurrent.ExecutionException: org.apache.ratis.protocol.exceptions.GroupMismatchException: s13: group-154805CE7F48 not found.
2024-12-14 12:23:27,534 INFO  impl.LeaderElection (LeaderElection.java:askForVotes(334)) - s12@group-154805CE7F48-LeaderElection6 PRE_VOTE round 0: result REJECTED
2024-12-14 12:23:27,534 INFO  server.RaftServer$Division (RaftServerImpl.java:setRole(379)) - s12@group-154805CE7F48: changes role from CANDIDATE to FOLLOWER at term 1 for REJECTED
2024-12-14 12:23:27,534 INFO  impl.RoleInfo (RoleInfo.java:shutdownLeaderElection(141)) - s12: shutdown s12@group-154805CE7F48-LeaderElection6
2024-12-14 12:23:27,535 INFO  impl.RoleInfo (RoleInfo.java:updateAndGet(148)) - s12: start s12@group-154805CE7F48-FollowerState
2024-12-14 12:23:27,971 INFO  impl.FollowerState (FollowerState.java:runImpl(161)) - s12@group-154805CE7F48-FollowerState: change to CANDIDATE, lastRpcElapsedTime:436305015ns, electionTimeout:436ms
2024-12-14 12:23:27,971 INFO  impl.RoleInfo (RoleInfo.java:shutdownFollowerState(121)) - s12: shutdown s12@group-154805CE7F48-FollowerState
2024-12-14 12:23:27,971 INFO  server.RaftServer$Division (RaftServerImpl.java:setRole(379)) - s12@group-154805CE7F48: changes role from  FOLLOWER to CANDIDATE at term 1 for changeToCandidate
2024-12-14 12:23:27,971 INFO  server.RaftServerConfigKeys (ConfUtils.java:logGet(46)) - raft.server.leaderelection.pre-vote = true (default)
2024-12-14 12:23:27,971 INFO  impl.RoleInfo (RoleInfo.java:updateAndGet(148)) - s12: start s12@group-154805CE7F48-LeaderElection7
2024-12-14 12:23:27,972 INFO  impl.LeaderElection (LeaderElection.java:askForVotes(332)) - s12@group-154805CE7F48-LeaderElection7 PRE_VOTE round 0: submit vote requests at term 1 for conf: {index: 0, cur=peers:[s11|, s13|, s12|]|listeners:[], old=null}
2024-12-14 12:23:27,972 INFO  impl.LeaderElection (LogUtils.java:infoOrTrace(142)) - s12@group-154805CE7F48-LeaderElection7 got exception when requesting votes: java.util.concurrent.ExecutionException: org.apache.ratis.protocol.exceptions.GroupMismatchException: s11: group-154805CE7F48 not found.
2024-12-14 12:23:27,973 INFO  impl.LeaderElection (LogUtils.java:infoOrTrace(142)) - s12@group-154805CE7F48-LeaderElection7 got exception when requesting votes: java.util.concurrent.ExecutionException: org.apache.ratis.protocol.exceptions.GroupMismatchException: s13: group-154805CE7F48 not found.
2024-12-14 12:23:27,973 INFO  impl.LeaderElection (LeaderElection.java:logAndReturn(90)) - s12@group-154805CE7F48-LeaderElection7: PRE_VOTE REJECTED received 0 response(s) and 2 exception(s):
2024-12-14 12:23:27,973 INFO  impl.LeaderElection (LogUtils.java:infoOrTrace(142)) -   Exception 0: java.util.concurrent.ExecutionException: org.apache.ratis.protocol.exceptions.GroupMismatchException: s11: group-154805CE7F48 not found.
2024-12-14 12:23:27,973 INFO  impl.LeaderElection (LogUtils.java:infoOrTrace(142)) -   Exception 1: java.util.concurrent.ExecutionException: org.apache.ratis.protocol.exceptions.GroupMismatchException: s13: group-154805CE7F48 not found.
2024-12-14 12:23:27,973 INFO  impl.LeaderElection (LeaderElection.java:askForVotes(334)) - s12@group-154805CE7F48-LeaderElection7 PRE_VOTE round 0: result REJECTED
2024-12-14 12:23:27,973 INFO  server.RaftServer$Division (RaftServerImpl.java:setRole(379)) - s12@group-154805CE7F48: changes role from CANDIDATE to FOLLOWER at term 1 for REJECTED
2024-12-14 12:23:27,973 INFO  impl.RoleInfo (RoleInfo.java:shutdownLeaderElection(141)) - s12: shutdown s12@group-154805CE7F48-LeaderElection7
2024-12-14 12:23:27,973 INFO  impl.RoleInfo (RoleInfo.java:updateAndGet(148)) - s12: start s12@group-154805CE7F48-FollowerState
2024-12-14 12:23:28,080 INFO  segmented.SegmentedRaftLogWorker (SegmentedRaftLogWorker.java:close(254)) - s13@group-154805CE7F48-SegmentedRaftLogWorker close()
2024-12-14 12:23:28,081 INFO  raftlog.RaftLog (SegmentedRaftLog.java:close(576)) - Successfully closed s13@group-154805CE7F48-SegmentedRaftLog:CLOSED:c120
2024-12-14 12:23:28,082 TRACE util.FileUtils (FileUtils.java:deleteFully(307)) - deleteFully /home/runner/work/ratis/ratis/ratis-examples/target/test/data/da5193cb/MiniRaftClusterWithSimulatedRpced10c1e3/s13/f379d0f3-361a-49f9-93e7-154805ce7f48
2024-12-14 12:23:28,082 TRACE util.FileUtils (LogUtils.java:runAndLog(49)) - Successfully ran Files.delete /home/runner/work/ratis/ratis/ratis-examples/target/test/data/da5193cb/MiniRaftClusterWithSimulatedRpced10c1e3/s13/f379d0f3-361a-49f9-93e7-154805ce7f48/current/raft-meta.conf
2024-12-14 12:23:28,082 TRACE util.FileUtils (LogUtils.java:runAndLog(49)) - Successfully ran Files.delete /home/runner/work/ratis/ratis/ratis-examples/target/test/data/da5193cb/MiniRaftClusterWithSimulatedRpced10c1e3/s13/f379d0f3-361a-49f9-93e7-154805ce7f48/current/log_inprogress_0
2024-12-14 12:23:28,082 TRACE util.FileUtils (LogUtils.java:runAndLog(49)) - Successfully ran Files.delete /home/runner/work/ratis/ratis/ratis-examples/target/test/data/da5193cb/MiniRaftClusterWithSimulatedRpced10c1e3/s13/f379d0f3-361a-49f9-93e7-154805ce7f48/current/raft-meta
2024-12-14 12:23:28,082 TRACE util.FileUtils (LogUtils.java:runAndLog(49)) - Successfully ran Files.delete /home/runner/work/ratis/ratis/ratis-examples/target/test/data/da5193cb/MiniRaftClusterWithSimulatedRpced10c1e3/s13/f379d0f3-361a-49f9-93e7-154805ce7f48/current
2024-12-14 12:23:28,082 TRACE util.FileUtils (LogUtils.java:runAndLog(49)) - Successfully ran Files.delete /home/runner/work/ratis/ratis/ratis-examples/target/test/data/da5193cb/MiniRaftClusterWithSimulatedRpced10c1e3/s13/f379d0f3-361a-49f9-93e7-154805ce7f48/in_use.lock
2024-12-14 12:23:28,082 TRACE util.FileUtils (LogUtils.java:runAndLog(49)) - Successfully ran Files.delete /home/runner/work/ratis/ratis/ratis-examples/target/test/data/da5193cb/MiniRaftClusterWithSimulatedRpced10c1e3/s13/f379d0f3-361a-49f9-93e7-154805ce7f48/sm
2024-12-14 12:23:28,082 TRACE util.FileUtils (LogUtils.java:runAndLog(49)) - Successfully ran Files.delete /home/runner/work/ratis/ratis/ratis-examples/target/test/data/da5193cb/MiniRaftClusterWithSimulatedRpced10c1e3/s13/f379d0f3-361a-49f9-93e7-154805ce7f48
2024-12-14 12:23:28,083 INFO  server.RaftServer$Division (RaftServerImpl.java:groupRemove(484)) - s13@group-154805CE7F48: Succeed to remove RaftStorageDirectory Storage Directory /home/runner/work/ratis/ratis/ratis-examples/target/test/data/da5193cb/MiniRaftClusterWithSimulatedRpced10c1e3/s13/f379d0f3-361a-49f9-93e7-154805ce7f48
2024-12-14 12:23:28,083 INFO  server.RaftServer (RaftServerProxy.java:remove(112)) - s12: remove  FOLLOWER s12@group-154805CE7F48:t1, leader=null, voted=s11, raftlog=Memoized:s12@group-154805CE7F48-SegmentedRaftLog:OPENED:c120:last(t:1, i:120), conf=conf: {index: 0, cur=peers:[s11|, s13|, s12|]|listeners:[], old=null} RUNNING
2024-12-14 12:23:28,083 INFO  server.RaftServer$Division (RaftServerImpl.java:lambda$close$1(514)) - s12@group-154805CE7F48: shutdown
2024-12-14 12:23:28,083 INFO  util.JmxRegister (JmxRegister.java:unregister(74)) - Successfully un-registered JMX Bean with object name Ratis:service=RaftServer,group=group-154805CE7F48,id=s12
2024-12-14 12:23:28,083 INFO  impl.RoleInfo (RoleInfo.java:shutdownFollowerState(121)) - s12: shutdown s12@group-154805CE7F48-FollowerState
2024-12-14 12:23:28,084 INFO  impl.StateMachineUpdater (StateMachineUpdater.java:stopAndJoin(164)) - s12@group-154805CE7F48-StateMachineUpdater: set stopIndex = 120
2024-12-14 12:23:28,084 INFO  impl.StateMachineUpdater (StateMachineUpdater.java:stop(141)) - s12@group-154805CE7F48-StateMachineUpdater: closing ArithmeticStateMachine, lastApplied=(t:1, i:120)
2024-12-14 12:23:28,084 INFO  impl.FollowerState (FollowerState.java:runImpl(170)) - s12@group-154805CE7F48-FollowerState was interrupted
2024-12-14 12:23:28,084 INFO  raftlog.RaftLog (SegmentedRaftLog.java:close(568)) - Start closing s12@group-154805CE7F48-SegmentedRaftLog:OPENED:c120:last(t:1, i:120)
2024-12-14 12:23:28,084 INFO  util.AwaitToRun (AwaitToRun.java:run(49)) - s12@group-154805CE7F48-cacheEviction-AwaitToRun-AwaitForSignal is interrupted
2024-12-14 12:23:28,084 INFO  segmented.LogSegment (LogSegment.java:close(349)) - Successfully closed EntryCache-log_inprogress_0
2024-12-14 12:23:29,081 INFO  segmented.SegmentedRaftLogWorker (SegmentedRaftLogWorker.java:close(254)) - s12@group-154805CE7F48-SegmentedRaftLogWorker close()
2024-12-14 12:23:29,082 INFO  raftlog.RaftLog (SegmentedRaftLog.java:close(576)) - Successfully closed s12@group-154805CE7F48-SegmentedRaftLog:CLOSED:c120
2024-12-14 12:23:29,083 TRACE util.FileUtils (FileUtils.java:deleteFully(307)) - deleteFully /home/runner/work/ratis/ratis/ratis-examples/target/test/data/da5193cb/MiniRaftClusterWithSimulatedRpced10c1e3/s12/f379d0f3-361a-49f9-93e7-154805ce7f48
2024-12-14 12:23:29,083 TRACE util.FileUtils (LogUtils.java:runAndLog(49)) - Successfully ran Files.delete /home/runner/work/ratis/ratis/ratis-examples/target/test/data/da5193cb/MiniRaftClusterWithSimulatedRpced10c1e3/s12/f379d0f3-361a-49f9-93e7-154805ce7f48/current/raft-meta.conf
2024-12-14 12:23:29,083 TRACE util.FileUtils (LogUtils.java:runAndLog(49)) - Successfully ran Files.delete /home/runner/work/ratis/ratis/ratis-examples/target/test/data/da5193cb/MiniRaftClusterWithSimulatedRpced10c1e3/s12/f379d0f3-361a-49f9-93e7-154805ce7f48/current/log_inprogress_0
2024-12-14 12:23:29,084 TRACE util.FileUtils (LogUtils.java:runAndLog(49)) - Successfully ran Files.delete /home/runner/work/ratis/ratis/ratis-examples/target/test/data/da5193cb/MiniRaftClusterWithSimulatedRpced10c1e3/s12/f379d0f3-361a-49f9-93e7-154805ce7f48/current/raft-meta
2024-12-14 12:23:29,084 TRACE util.FileUtils (LogUtils.java:runAndLog(49)) - Successfully ran Files.delete /home/runner/work/ratis/ratis/ratis-examples/target/test/data/da5193cb/MiniRaftClusterWithSimulatedRpced10c1e3/s12/f379d0f3-361a-49f9-93e7-154805ce7f48/current
2024-12-14 12:23:29,084 TRACE util.FileUtils (LogUtils.java:runAndLog(49)) - Successfully ran Files.delete /home/runner/work/ratis/ratis/ratis-examples/target/test/data/da5193cb/MiniRaftClusterWithSimulatedRpced10c1e3/s12/f379d0f3-361a-49f9-93e7-154805ce7f48/in_use.lock
2024-12-14 12:23:29,084 TRACE util.FileUtils (LogUtils.java:runAndLog(49)) - Successfully ran Files.delete /home/runner/work/ratis/ratis/ratis-examples/target/test/data/da5193cb/MiniRaftClusterWithSimulatedRpced10c1e3/s12/f379d0f3-361a-49f9-93e7-154805ce7f48/sm
2024-12-14 12:23:29,084 TRACE util.FileUtils (LogUtils.java:runAndLog(49)) - Successfully ran Files.delete /home/runner/work/ratis/ratis/ratis-examples/target/test/data/da5193cb/MiniRaftClusterWithSimulatedRpced10c1e3/s12/f379d0f3-361a-49f9-93e7-154805ce7f48
2024-12-14 12:23:29,084 INFO  server.RaftServer$Division (RaftServerImpl.java:groupRemove(484)) - s12@group-154805CE7F48: Succeed to remove RaftStorageDirectory Storage Directory /home/runner/work/ratis/ratis/ratis-examples/target/test/data/da5193cb/MiniRaftClusterWithSimulatedRpced10c1e3/s12/f379d0f3-361a-49f9-93e7-154805ce7f48
2024-12-14 12:23:29,085 INFO  impl.GroupManagementBaseTest (GroupManagementBaseTest.java:runMultiGroupTest(299)) - 3) close printing group-9B578AD62455
  s4:  RUNNING [
   FOLLOWER s4@group-E0CF8C87AB81:t0, leader=null, voted=, raftlog=Memoized:s4@group-E0CF8C87AB81-SegmentedRaftLog:OPENED:c-1:lastnull, conf=conf: {index: -1, cur=peers:[]|listeners:[], old=null} STARTING
   FOLLOWER s4@group-9B578AD62455:t1, leader=s5, voted=s5, raftlog=Memoized:s4@group-9B578AD62455-SegmentedRaftLog:OPENED:c120:last(t:1, i:120), conf=conf: {index: 0, cur=peers:[s4|, s5|, s6|]|listeners:[], old=null} RUNNING] size=2
  s5:  RUNNING [
   FOLLOWER s5@group-E0CF8C87AB81:t0, leader=null, voted=, raftlog=Memoized:s5@group-E0CF8C87AB81-SegmentedRaftLog:OPENED:c-1:lastnull, conf=conf: {index: -1, cur=peers:[]|listeners:[], old=null} STARTING
     LEADER s5@group-9B578AD62455:t1, leader=s5, voted=s5, raftlog=Memoized:s5@group-9B578AD62455-SegmentedRaftLog:OPENED:c120:last(t:1, i:120), conf=conf: {index: 0, cur=peers:[s4, s5, s6]|listeners:[], old=null} RUNNING] size=2
  s6:  RUNNING [
   FOLLOWER s6@group-E0CF8C87AB81:t0, leader=null, voted=, raftlog=Memoized:s6@group-E0CF8C87AB81-SegmentedRaftLog:OPENED:c-1:lastnull, conf=conf: {index: -1, cur=peers:[]|listeners:[], old=null} STARTING
   FOLLOWER s6@group-9B578AD62455:t1, leader=s5, voted=s5, raftlog=Memoized:s6@group-9B578AD62455-SegmentedRaftLog:OPENED:c120:last(t:1, i:120), conf=conf: {index: 0, cur=peers:[s4|, s5|, s6|]|listeners:[], old=null} RUNNING] size=2
2024-12-14 12:23:29,085 INFO  server.RaftServer (RaftServerProxy.java:remove(112)) - s4: remove  FOLLOWER s4@group-9B578AD62455:t1, leader=s5, voted=s5, raftlog=Memoized:s4@group-9B578AD62455-SegmentedRaftLog:OPENED:c120:last(t:1, i:120), conf=conf: {index: 0, cur=peers:[s4|, s5|, s6|]|listeners:[], old=null} RUNNING
2024-12-14 12:23:29,085 INFO  server.RaftServer$Division (RaftServerImpl.java:lambda$close$1(514)) - s4@group-9B578AD62455: shutdown
2024-12-14 12:23:29,085 INFO  util.JmxRegister (JmxRegister.java:unregister(74)) - Successfully un-registered JMX Bean with object name Ratis:service=RaftServer,group=group-9B578AD62455,id=s4
2024-12-14 12:23:29,086 INFO  impl.RoleInfo (RoleInfo.java:shutdownFollowerState(121)) - s4: shutdown s4@group-9B578AD62455-FollowerState
2024-12-14 12:23:29,086 INFO  impl.StateMachineUpdater (StateMachineUpdater.java:stopAndJoin(164)) - s4@group-9B578AD62455-StateMachineUpdater: set stopIndex = 120
2024-12-14 12:23:29,086 INFO  impl.FollowerState (FollowerState.java:runImpl(170)) - s4@group-9B578AD62455-FollowerState was interrupted
2024-12-14 12:23:29,086 INFO  impl.StateMachineUpdater (StateMachineUpdater.java:stop(141)) - s4@group-9B578AD62455-StateMachineUpdater: closing ArithmeticStateMachine, lastApplied=(t:1, i:120)
2024-12-14 12:23:29,086 INFO  raftlog.RaftLog (SegmentedRaftLog.java:close(568)) - Start closing s4@group-9B578AD62455-SegmentedRaftLog:OPENED:c120:last(t:1, i:120)
2024-12-14 12:23:29,086 INFO  util.AwaitToRun (AwaitToRun.java:run(49)) - s4@group-9B578AD62455-cacheEviction-AwaitToRun-AwaitForSignal is interrupted
2024-12-14 12:23:29,087 INFO  segmented.LogSegment (LogSegment.java:close(349)) - Successfully closed EntryCache-log_inprogress_0
2024-12-14 12:23:29,096 WARN  leader.LogAppender (LogAppenderDefault.java:sendAppendEntriesWithRetries(85)) - s5@group-9B578AD62455->s4-LogAppenderDefault: Failed to appendEntries (retry=0)
org.apache.ratis.protocol.exceptions.GroupMismatchException: s4: group-9B578AD62455 not found.
	at org.apache.ratis.server.impl.RaftServerProxy$ImplMap.get(RaftServerProxy.java:156)
	at org.apache.ratis.server.impl.RaftServerProxy.getImplFuture(RaftServerProxy.java:366)
	at org.apache.ratis.server.impl.RaftServerProxy.getImpl(RaftServerProxy.java:375)
	at org.apache.ratis.server.impl.RaftServerProxy.getImpl(RaftServerProxy.java:370)
	at org.apache.ratis.server.impl.RaftServerProxy.appendEntries(RaftServerProxy.java:671)
	at org.apache.ratis.server.simulation.SimulatedServerRpc$1.handleRequest(SimulatedServerRpc.java:163)
	at org.apache.ratis.server.simulation.SimulatedServerRpc$1.handleRequest(SimulatedServerRpc.java:153)
	at org.apache.ratis.server.simulation.RequestHandler.handleRequest(RequestHandler.java:91)
	at org.apache.ratis.server.simulation.RequestHandler$HandlerDaemon.run(RequestHandler.java:125)
2024-12-14 12:23:29,172 WARN  leader.LogAppender (LogAppenderDefault.java:sendAppendEntriesWithRetries(85)) - s5@group-9B578AD62455->s4-LogAppenderDefault: Failed to appendEntries (retry=0)
org.apache.ratis.protocol.exceptions.GroupMismatchException: s4: group-9B578AD62455 not found.
	at org.apache.ratis.server.impl.RaftServerProxy$ImplMap.get(RaftServerProxy.java:156)
	at org.apache.ratis.server.impl.RaftServerProxy.getImplFuture(RaftServerProxy.java:366)
	at org.apache.ratis.server.impl.RaftServerProxy.getImpl(RaftServerProxy.java:375)
	at org.apache.ratis.server.impl.RaftServerProxy.getImpl(RaftServerProxy.java:370)
	at org.apache.ratis.server.impl.RaftServerProxy.appendEntries(RaftServerProxy.java:671)
	at org.apache.ratis.server.simulation.SimulatedServerRpc$1.handleRequest(SimulatedServerRpc.java:163)
	at org.apache.ratis.server.simulation.SimulatedServerRpc$1.handleRequest(SimulatedServerRpc.java:153)
	at org.apache.ratis.server.simulation.RequestHandler.handleRequest(RequestHandler.java:91)
	at org.apache.ratis.server.simulation.RequestHandler$HandlerDaemon.run(RequestHandler.java:125)
2024-12-14 12:23:29,248 WARN  leader.LogAppender (LogAppenderDefault.java:sendAppendEntriesWithRetries(85)) - s5@group-9B578AD62455->s4-LogAppenderDefault: Failed to appendEntries (retry=0)
org.apache.ratis.protocol.exceptions.GroupMismatchException: s4: group-9B578AD62455 not found.
	at org.apache.ratis.server.impl.RaftServerProxy$ImplMap.get(RaftServerProxy.java:156)
	at org.apache.ratis.server.impl.RaftServerProxy.getImplFuture(RaftServerProxy.java:366)
	at org.apache.ratis.server.impl.RaftServerProxy.getImpl(RaftServerProxy.java:375)
	at org.apache.ratis.server.impl.RaftServerProxy.getImpl(RaftServerProxy.java:370)
	at org.apache.ratis.server.impl.RaftServerProxy.appendEntries(RaftServerProxy.java:671)
	at org.apache.ratis.server.simulation.SimulatedServerRpc$1.handleRequest(SimulatedServerRpc.java:163)
	at org.apache.ratis.server.simulation.SimulatedServerRpc$1.handleRequest(SimulatedServerRpc.java:153)
	at org.apache.ratis.server.simulation.RequestHandler.handleRequest(RequestHandler.java:91)
	at org.apache.ratis.server.simulation.RequestHandler$HandlerDaemon.run(RequestHandler.java:125)
2024-12-14 12:23:29,324 WARN  leader.LogAppender (LogAppenderDefault.java:sendAppendEntriesWithRetries(85)) - s5@group-9B578AD62455->s4-LogAppenderDefault: Failed to appendEntries (retry=0)
org.apache.ratis.protocol.exceptions.GroupMismatchException: s4: group-9B578AD62455 not found.
	at org.apache.ratis.server.impl.RaftServerProxy$ImplMap.get(RaftServerProxy.java:156)
	at org.apache.ratis.server.impl.RaftServerProxy.getImplFuture(RaftServerProxy.java:366)
	at org.apache.ratis.server.impl.RaftServerProxy.getImpl(RaftServerProxy.java:375)
	at org.apache.ratis.server.impl.RaftServerProxy.getImpl(RaftServerProxy.java:370)
	at org.apache.ratis.server.impl.RaftServerProxy.appendEntries(RaftServerProxy.java:671)
	at org.apache.ratis.server.simulation.SimulatedServerRpc$1.handleRequest(SimulatedServerRpc.java:163)
	at org.apache.ratis.server.simulation.SimulatedServerRpc$1.handleRequest(SimulatedServerRpc.java:153)
	at org.apache.ratis.server.simulation.RequestHandler.handleRequest(RequestHandler.java:91)
	at org.apache.ratis.server.simulation.RequestHandler$HandlerDaemon.run(RequestHandler.java:125)
2024-12-14 12:23:29,381 INFO  segmented.SegmentedRaftLogWorker (SegmentedRaftLogWorker.java:close(254)) - s4@group-9B578AD62455-SegmentedRaftLogWorker close()
2024-12-14 12:23:29,382 INFO  raftlog.RaftLog (SegmentedRaftLog.java:close(576)) - Successfully closed s4@group-9B578AD62455-SegmentedRaftLog:CLOSED:c120
2024-12-14 12:23:29,383 TRACE util.FileUtils (FileUtils.java:deleteFully(307)) - deleteFully /home/runner/work/ratis/ratis/ratis-examples/target/test/data/da5193cb/MiniRaftClusterWithSimulatedRpced10c1e3/s4/5db8f141-c3ca-46e1-bc0a-9b578ad62455
2024-12-14 12:23:29,383 TRACE util.FileUtils (LogUtils.java:runAndLog(49)) - Successfully ran Files.delete /home/runner/work/ratis/ratis/ratis-examples/target/test/data/da5193cb/MiniRaftClusterWithSimulatedRpced10c1e3/s4/5db8f141-c3ca-46e1-bc0a-9b578ad62455/current/raft-meta.conf
2024-12-14 12:23:29,383 TRACE util.FileUtils (LogUtils.java:runAndLog(49)) - Successfully ran Files.delete /home/runner/work/ratis/ratis/ratis-examples/target/test/data/da5193cb/MiniRaftClusterWithSimulatedRpced10c1e3/s4/5db8f141-c3ca-46e1-bc0a-9b578ad62455/current/log_inprogress_0
2024-12-14 12:23:29,383 TRACE util.FileUtils (LogUtils.java:runAndLog(49)) - Successfully ran Files.delete /home/runner/work/ratis/ratis/ratis-examples/target/test/data/da5193cb/MiniRaftClusterWithSimulatedRpced10c1e3/s4/5db8f141-c3ca-46e1-bc0a-9b578ad62455/current/raft-meta
2024-12-14 12:23:29,384 TRACE util.FileUtils (LogUtils.java:runAndLog(49)) - Successfully ran Files.delete /home/runner/work/ratis/ratis/ratis-examples/target/test/data/da5193cb/MiniRaftClusterWithSimulatedRpced10c1e3/s4/5db8f141-c3ca-46e1-bc0a-9b578ad62455/current
2024-12-14 12:23:29,384 TRACE util.FileUtils (LogUtils.java:runAndLog(49)) - Successfully ran Files.delete /home/runner/work/ratis/ratis/ratis-examples/target/test/data/da5193cb/MiniRaftClusterWithSimulatedRpced10c1e3/s4/5db8f141-c3ca-46e1-bc0a-9b578ad62455/in_use.lock
2024-12-14 12:23:29,384 TRACE util.FileUtils (LogUtils.java:runAndLog(49)) - Successfully ran Files.delete /home/runner/work/ratis/ratis/ratis-examples/target/test/data/da5193cb/MiniRaftClusterWithSimulatedRpced10c1e3/s4/5db8f141-c3ca-46e1-bc0a-9b578ad62455/sm
2024-12-14 12:23:29,384 TRACE util.FileUtils (LogUtils.java:runAndLog(49)) - Successfully ran Files.delete /home/runner/work/ratis/ratis/ratis-examples/target/test/data/da5193cb/MiniRaftClusterWithSimulatedRpced10c1e3/s4/5db8f141-c3ca-46e1-bc0a-9b578ad62455
2024-12-14 12:23:29,384 INFO  server.RaftServer$Division (RaftServerImpl.java:groupRemove(484)) - s4@group-9B578AD62455: Succeed to remove RaftStorageDirectory Storage Directory /home/runner/work/ratis/ratis/ratis-examples/target/test/data/da5193cb/MiniRaftClusterWithSimulatedRpced10c1e3/s4/5db8f141-c3ca-46e1-bc0a-9b578ad62455
2024-12-14 12:23:29,385 INFO  server.RaftServer (RaftServerProxy.java:remove(112)) - s5: remove    LEADER s5@group-9B578AD62455:t1, leader=s5, voted=s5, raftlog=Memoized:s5@group-9B578AD62455-SegmentedRaftLog:OPENED:c120:last(t:1, i:120), conf=conf: {index: 0, cur=peers:[s4, s5, s6]|listeners:[], old=null} RUNNING
2024-12-14 12:23:29,385 INFO  server.RaftServer$Division (RaftServerImpl.java:lambda$close$1(514)) - s5@group-9B578AD62455: shutdown
2024-12-14 12:23:29,385 INFO  util.JmxRegister (JmxRegister.java:unregister(74)) - Successfully un-registered JMX Bean with object name Ratis:service=RaftServer,group=group-9B578AD62455,id=s5
2024-12-14 12:23:29,385 INFO  impl.RoleInfo (RoleInfo.java:shutdownLeaderState(103)) - s5: shutdown s5@group-9B578AD62455-LeaderStateImpl
2024-12-14 12:23:29,385 INFO  leader.LogAppenderDaemon (LogAppenderDaemon.java:run(85)) - s5@group-9B578AD62455->s4-LogAppenderDefault-LogAppenderDaemon was interrupted: java.lang.InterruptedException
2024-12-14 12:23:29,385 INFO  impl.PendingRequests (PendingRequests.java:sendNotLeaderResponses(287)) - s5@group-9B578AD62455-PendingRequests: sendNotLeaderResponses
2024-12-14 12:23:29,385 INFO  leader.LogAppenderDaemon (LogAppenderDaemon.java:run(85)) - s5@group-9B578AD62455->s6-LogAppenderDefault-LogAppenderDaemon was interrupted: java.lang.InterruptedException
2024-12-14 12:23:29,386 INFO  impl.StateMachineUpdater (StateMachineUpdater.java:stopAndJoin(164)) - s5@group-9B578AD62455-StateMachineUpdater: set stopIndex = 120
2024-12-14 12:23:29,386 INFO  impl.StateMachineUpdater (StateMachineUpdater.java:stop(141)) - s5@group-9B578AD62455-StateMachineUpdater: closing ArithmeticStateMachine, lastApplied=(t:1, i:120)
2024-12-14 12:23:29,387 INFO  raftlog.RaftLog (SegmentedRaftLog.java:close(568)) - Start closing s5@group-9B578AD62455-SegmentedRaftLog:OPENED:c120:last(t:1, i:120)
2024-12-14 12:23:29,387 INFO  util.AwaitToRun (AwaitToRun.java:run(49)) - s5@group-9B578AD62455-cacheEviction-AwaitToRun-AwaitForSignal is interrupted
2024-12-14 12:23:29,388 INFO  segmented.LogSegment (LogSegment.java:close(349)) - Successfully closed EntryCache-log_inprogress_0
2024-12-14 12:23:29,731 INFO  impl.FollowerState (FollowerState.java:runImpl(161)) - s6@group-9B578AD62455-FollowerState: change to CANDIDATE, lastRpcElapsedTime:484071506ns, electionTimeout:427ms
2024-12-14 12:23:29,731 INFO  impl.RoleInfo (RoleInfo.java:shutdownFollowerState(121)) - s6: shutdown s6@group-9B578AD62455-FollowerState
2024-12-14 12:23:29,731 INFO  server.RaftServer$Division (RaftServerImpl.java:setRole(379)) - s6@group-9B578AD62455: changes role from  FOLLOWER to CANDIDATE at term 1 for changeToCandidate
2024-12-14 12:23:29,732 INFO  server.RaftServerConfigKeys (ConfUtils.java:logGet(46)) - raft.server.leaderelection.pre-vote = true (default)
2024-12-14 12:23:29,732 INFO  impl.RoleInfo (RoleInfo.java:updateAndGet(148)) - s6: start s6@group-9B578AD62455-LeaderElection8
2024-12-14 12:23:29,733 INFO  server.RaftServer$Division (ServerState.java:setLeader(272)) - s6@group-9B578AD62455: change Leader from s5 to null at term 1 for PRE_VOTE
2024-12-14 12:23:29,733 INFO  impl.LeaderElection (LeaderElection.java:askForVotes(332)) - s6@group-9B578AD62455-LeaderElection8 PRE_VOTE round 0: submit vote requests at term 1 for conf: {index: 0, cur=peers:[s4|, s5|, s6|]|listeners:[], old=null}
2024-12-14 12:23:29,733 INFO  impl.LeaderElection (LogUtils.java:infoOrTrace(142)) - s6@group-9B578AD62455-LeaderElection8 got exception when requesting votes: java.util.concurrent.ExecutionException: org.apache.ratis.protocol.exceptions.GroupMismatchException: s4: group-9B578AD62455 not found.
2024-12-14 12:23:29,733 INFO  impl.LeaderElection (LogUtils.java:infoOrTrace(142)) - s6@group-9B578AD62455-LeaderElection8 got exception when requesting votes: java.util.concurrent.ExecutionException: org.apache.ratis.protocol.exceptions.GroupMismatchException: s5: group-9B578AD62455 not found.
2024-12-14 12:23:29,733 INFO  impl.LeaderElection (LeaderElection.java:logAndReturn(90)) - s6@group-9B578AD62455-LeaderElection8: PRE_VOTE REJECTED received 0 response(s) and 2 exception(s):
2024-12-14 12:23:29,733 INFO  impl.LeaderElection (LogUtils.java:infoOrTrace(142)) -   Exception 0: java.util.concurrent.ExecutionException: org.apache.ratis.protocol.exceptions.GroupMismatchException: s4: group-9B578AD62455 not found.
2024-12-14 12:23:29,734 INFO  impl.LeaderElection (LogUtils.java:infoOrTrace(142)) -   Exception 1: java.util.concurrent.ExecutionException: org.apache.ratis.protocol.exceptions.GroupMismatchException: s5: group-9B578AD62455 not found.
2024-12-14 12:23:29,734 INFO  impl.LeaderElection (LeaderElection.java:askForVotes(334)) - s6@group-9B578AD62455-LeaderElection8 PRE_VOTE round 0: result REJECTED
2024-12-14 12:23:29,734 INFO  server.RaftServer$Division (RaftServerImpl.java:setRole(379)) - s6@group-9B578AD62455: changes role from CANDIDATE to FOLLOWER at term 1 for REJECTED
2024-12-14 12:23:29,734 INFO  impl.RoleInfo (RoleInfo.java:shutdownLeaderElection(141)) - s6: shutdown s6@group-9B578AD62455-LeaderElection8
2024-12-14 12:23:29,734 INFO  impl.RoleInfo (RoleInfo.java:updateAndGet(148)) - s6: start s6@group-9B578AD62455-FollowerState
2024-12-14 12:23:30,090 INFO  impl.FollowerState (FollowerState.java:runImpl(161)) - s6@group-9B578AD62455-FollowerState: change to CANDIDATE, lastRpcElapsedTime:356277736ns, electionTimeout:356ms
2024-12-14 12:23:30,090 INFO  impl.RoleInfo (RoleInfo.java:shutdownFollowerState(121)) - s6: shutdown s6@group-9B578AD62455-FollowerState
2024-12-14 12:23:30,090 INFO  server.RaftServer$Division (RaftServerImpl.java:setRole(379)) - s6@group-9B578AD62455: changes role from  FOLLOWER to CANDIDATE at term 1 for changeToCandidate
2024-12-14 12:23:30,090 INFO  server.RaftServerConfigKeys (ConfUtils.java:logGet(46)) - raft.server.leaderelection.pre-vote = true (default)
2024-12-14 12:23:30,090 INFO  impl.RoleInfo (RoleInfo.java:updateAndGet(148)) - s6: start s6@group-9B578AD62455-LeaderElection9
2024-12-14 12:23:30,091 INFO  impl.LeaderElection (LeaderElection.java:askForVotes(332)) - s6@group-9B578AD62455-LeaderElection9 PRE_VOTE round 0: submit vote requests at term 1 for conf: {index: 0, cur=peers:[s4|, s5|, s6|]|listeners:[], old=null}
2024-12-14 12:23:30,091 INFO  impl.LeaderElection (LogUtils.java:infoOrTrace(142)) - s6@group-9B578AD62455-LeaderElection9 got exception when requesting votes: java.util.concurrent.ExecutionException: org.apache.ratis.protocol.exceptions.GroupMismatchException: s4: group-9B578AD62455 not found.
2024-12-14 12:23:30,092 INFO  impl.LeaderElection (LogUtils.java:infoOrTrace(142)) - s6@group-9B578AD62455-LeaderElection9 got exception when requesting votes: java.util.concurrent.ExecutionException: org.apache.ratis.protocol.exceptions.GroupMismatchException: s5: group-9B578AD62455 not found.
2024-12-14 12:23:30,092 INFO  impl.LeaderElection (LeaderElection.java:logAndReturn(90)) - s6@group-9B578AD62455-LeaderElection9: PRE_VOTE REJECTED received 0 response(s) and 2 exception(s):
2024-12-14 12:23:30,092 INFO  impl.LeaderElection (LogUtils.java:infoOrTrace(142)) -   Exception 0: java.util.concurrent.ExecutionException: org.apache.ratis.protocol.exceptions.GroupMismatchException: s4: group-9B578AD62455 not found.
2024-12-14 12:23:30,092 INFO  impl.LeaderElection (LogUtils.java:infoOrTrace(142)) -   Exception 1: java.util.concurrent.ExecutionException: org.apache.ratis.protocol.exceptions.GroupMismatchException: s5: group-9B578AD62455 not found.
2024-12-14 12:23:30,092 INFO  impl.LeaderElection (LeaderElection.java:askForVotes(334)) - s6@group-9B578AD62455-LeaderElection9 PRE_VOTE round 0: result REJECTED
2024-12-14 12:23:30,092 INFO  server.RaftServer$Division (RaftServerImpl.java:setRole(379)) - s6@group-9B578AD62455: changes role from CANDIDATE to FOLLOWER at term 1 for REJECTED
2024-12-14 12:23:30,092 INFO  impl.RoleInfo (RoleInfo.java:shutdownLeaderElection(141)) - s6: shutdown s6@group-9B578AD62455-LeaderElection9
2024-12-14 12:23:30,092 INFO  impl.RoleInfo (RoleInfo.java:updateAndGet(148)) - s6: start s6@group-9B578AD62455-FollowerState
2024-12-14 12:23:30,380 INFO  segmented.SegmentedRaftLogWorker (SegmentedRaftLogWorker.java:close(254)) - s5@group-9B578AD62455-SegmentedRaftLogWorker close()
2024-12-14 12:23:30,381 INFO  raftlog.RaftLog (SegmentedRaftLog.java:close(576)) - Successfully closed s5@group-9B578AD62455-SegmentedRaftLog:CLOSED:c120
2024-12-14 12:23:30,381 TRACE util.FileUtils (FileUtils.java:deleteFully(307)) - deleteFully /home/runner/work/ratis/ratis/ratis-examples/target/test/data/da5193cb/MiniRaftClusterWithSimulatedRpced10c1e3/s5/5db8f141-c3ca-46e1-bc0a-9b578ad62455
2024-12-14 12:23:30,381 TRACE util.FileUtils (LogUtils.java:runAndLog(49)) - Successfully ran Files.delete /home/runner/work/ratis/ratis/ratis-examples/target/test/data/da5193cb/MiniRaftClusterWithSimulatedRpced10c1e3/s5/5db8f141-c3ca-46e1-bc0a-9b578ad62455/current/raft-meta.conf
2024-12-14 12:23:30,381 TRACE util.FileUtils (LogUtils.java:runAndLog(49)) - Successfully ran Files.delete /home/runner/work/ratis/ratis/ratis-examples/target/test/data/da5193cb/MiniRaftClusterWithSimulatedRpced10c1e3/s5/5db8f141-c3ca-46e1-bc0a-9b578ad62455/current/log_inprogress_0
2024-12-14 12:23:30,382 TRACE util.FileUtils (LogUtils.java:runAndLog(49)) - Successfully ran Files.delete /home/runner/work/ratis/ratis/ratis-examples/target/test/data/da5193cb/MiniRaftClusterWithSimulatedRpced10c1e3/s5/5db8f141-c3ca-46e1-bc0a-9b578ad62455/current/raft-meta
2024-12-14 12:23:30,382 TRACE util.FileUtils (LogUtils.java:runAndLog(49)) - Successfully ran Files.delete /home/runner/work/ratis/ratis/ratis-examples/target/test/data/da5193cb/MiniRaftClusterWithSimulatedRpced10c1e3/s5/5db8f141-c3ca-46e1-bc0a-9b578ad62455/current
2024-12-14 12:23:30,382 TRACE util.FileUtils (LogUtils.java:runAndLog(49)) - Successfully ran Files.delete /home/runner/work/ratis/ratis/ratis-examples/target/test/data/da5193cb/MiniRaftClusterWithSimulatedRpced10c1e3/s5/5db8f141-c3ca-46e1-bc0a-9b578ad62455/in_use.lock
2024-12-14 12:23:30,382 TRACE util.FileUtils (LogUtils.java:runAndLog(49)) - Successfully ran Files.delete /home/runner/work/ratis/ratis/ratis-examples/target/test/data/da5193cb/MiniRaftClusterWithSimulatedRpced10c1e3/s5/5db8f141-c3ca-46e1-bc0a-9b578ad62455/sm
2024-12-14 12:23:30,382 TRACE util.FileUtils (LogUtils.java:runAndLog(49)) - Successfully ran Files.delete /home/runner/work/ratis/ratis/ratis-examples/target/test/data/da5193cb/MiniRaftClusterWithSimulatedRpced10c1e3/s5/5db8f141-c3ca-46e1-bc0a-9b578ad62455
2024-12-14 12:23:30,382 INFO  server.RaftServer$Division (RaftServerImpl.java:groupRemove(484)) - s5@group-9B578AD62455: Succeed to remove RaftStorageDirectory Storage Directory /home/runner/work/ratis/ratis/ratis-examples/target/test/data/da5193cb/MiniRaftClusterWithSimulatedRpced10c1e3/s5/5db8f141-c3ca-46e1-bc0a-9b578ad62455
2024-12-14 12:23:30,383 INFO  server.RaftServer (RaftServerProxy.java:remove(112)) - s6: remove  FOLLOWER s6@group-9B578AD62455:t1, leader=null, voted=s5, raftlog=Memoized:s6@group-9B578AD62455-SegmentedRaftLog:OPENED:c120:last(t:1, i:120), conf=conf: {index: 0, cur=peers:[s4|, s5|, s6|]|listeners:[], old=null} RUNNING
2024-12-14 12:23:30,383 INFO  server.RaftServer$Division (RaftServerImpl.java:lambda$close$1(514)) - s6@group-9B578AD62455: shutdown
2024-12-14 12:23:30,383 INFO  util.JmxRegister (JmxRegister.java:unregister(74)) - Successfully un-registered JMX Bean with object name Ratis:service=RaftServer,group=group-9B578AD62455,id=s6
2024-12-14 12:23:30,383 INFO  impl.RoleInfo (RoleInfo.java:shutdownFollowerState(121)) - s6: shutdown s6@group-9B578AD62455-FollowerState
2024-12-14 12:23:30,383 INFO  impl.StateMachineUpdater (StateMachineUpdater.java:stopAndJoin(164)) - s6@group-9B578AD62455-StateMachineUpdater: set stopIndex = 120
2024-12-14 12:23:30,383 INFO  impl.StateMachineUpdater (StateMachineUpdater.java:stop(141)) - s6@group-9B578AD62455-StateMachineUpdater: closing ArithmeticStateMachine, lastApplied=(t:1, i:120)
2024-12-14 12:23:30,383 INFO  impl.FollowerState (FollowerState.java:runImpl(170)) - s6@group-9B578AD62455-FollowerState was interrupted
2024-12-14 12:23:30,385 INFO  raftlog.RaftLog (SegmentedRaftLog.java:close(568)) - Start closing s6@group-9B578AD62455-SegmentedRaftLog:OPENED:c120:last(t:1, i:120)
2024-12-14 12:23:30,385 INFO  util.AwaitToRun (AwaitToRun.java:run(49)) - s6@group-9B578AD62455-cacheEviction-AwaitToRun-AwaitForSignal is interrupted
2024-12-14 12:23:30,385 INFO  segmented.LogSegment (LogSegment.java:close(349)) - Successfully closed EntryCache-log_inprogress_0
2024-12-14 12:23:31,382 INFO  segmented.SegmentedRaftLogWorker (SegmentedRaftLogWorker.java:close(254)) - s6@group-9B578AD62455-SegmentedRaftLogWorker close()
2024-12-14 12:23:31,382 INFO  raftlog.RaftLog (SegmentedRaftLog.java:close(576)) - Successfully closed s6@group-9B578AD62455-SegmentedRaftLog:CLOSED:c120
2024-12-14 12:23:31,383 TRACE util.FileUtils (FileUtils.java:deleteFully(307)) - deleteFully /home/runner/work/ratis/ratis/ratis-examples/target/test/data/da5193cb/MiniRaftClusterWithSimulatedRpced10c1e3/s6/5db8f141-c3ca-46e1-bc0a-9b578ad62455
2024-12-14 12:23:31,383 TRACE util.FileUtils (LogUtils.java:runAndLog(49)) - Successfully ran Files.delete /home/runner/work/ratis/ratis/ratis-examples/target/test/data/da5193cb/MiniRaftClusterWithSimulatedRpced10c1e3/s6/5db8f141-c3ca-46e1-bc0a-9b578ad62455/current/raft-meta.conf
2024-12-14 12:23:31,383 TRACE util.FileUtils (LogUtils.java:runAndLog(49)) - Successfully ran Files.delete /home/runner/work/ratis/ratis/ratis-examples/target/test/data/da5193cb/MiniRaftClusterWithSimulatedRpced10c1e3/s6/5db8f141-c3ca-46e1-bc0a-9b578ad62455/current/log_inprogress_0
2024-12-14 12:23:31,383 TRACE util.FileUtils (LogUtils.java:runAndLog(49)) - Successfully ran Files.delete /home/runner/work/ratis/ratis/ratis-examples/target/test/data/da5193cb/MiniRaftClusterWithSimulatedRpced10c1e3/s6/5db8f141-c3ca-46e1-bc0a-9b578ad62455/current/raft-meta
2024-12-14 12:23:31,383 TRACE util.FileUtils (LogUtils.java:runAndLog(49)) - Successfully ran Files.delete /home/runner/work/ratis/ratis/ratis-examples/target/test/data/da5193cb/MiniRaftClusterWithSimulatedRpced10c1e3/s6/5db8f141-c3ca-46e1-bc0a-9b578ad62455/current
2024-12-14 12:23:31,383 TRACE util.FileUtils (LogUtils.java:runAndLog(49)) - Successfully ran Files.delete /home/runner/work/ratis/ratis/ratis-examples/target/test/data/da5193cb/MiniRaftClusterWithSimulatedRpced10c1e3/s6/5db8f141-c3ca-46e1-bc0a-9b578ad62455/in_use.lock
2024-12-14 12:23:31,384 TRACE util.FileUtils (LogUtils.java:runAndLog(49)) - Successfully ran Files.delete /home/runner/work/ratis/ratis/ratis-examples/target/test/data/da5193cb/MiniRaftClusterWithSimulatedRpced10c1e3/s6/5db8f141-c3ca-46e1-bc0a-9b578ad62455/sm
2024-12-14 12:23:31,384 TRACE util.FileUtils (LogUtils.java:runAndLog(49)) - Successfully ran Files.delete /home/runner/work/ratis/ratis/ratis-examples/target/test/data/da5193cb/MiniRaftClusterWithSimulatedRpced10c1e3/s6/5db8f141-c3ca-46e1-bc0a-9b578ad62455
2024-12-14 12:23:31,384 INFO  server.RaftServer$Division (RaftServerImpl.java:groupRemove(484)) - s6@group-9B578AD62455: Succeed to remove RaftStorageDirectory Storage Directory /home/runner/work/ratis/ratis/ratis-examples/target/test/data/da5193cb/MiniRaftClusterWithSimulatedRpced10c1e3/s6/5db8f141-c3ca-46e1-bc0a-9b578ad62455
2024-12-14 12:23:31,384 INFO  impl.GroupManagementBaseTest (GroupManagementBaseTest.java:runMultiGroupTest(299)) - 4) close printing group-2C253C6A579F
  s7:  RUNNING [
     LEADER s7@group-2C253C6A579F:t1, leader=s7, voted=s7, raftlog=Memoized:s7@group-2C253C6A579F-SegmentedRaftLog:OPENED:c120:last(t:1, i:120), conf=conf: {index: 0, cur=peers:[s7, s8, s9]|listeners:[], old=null} RUNNING
   FOLLOWER s7@group-E0CF8C87AB81:t0, leader=null, voted=, raftlog=Memoized:s7@group-E0CF8C87AB81-SegmentedRaftLog:OPENED:c-1:lastnull, conf=conf: {index: -1, cur=peers:[]|listeners:[], old=null} STARTING] size=2
  s8:  RUNNING [
   FOLLOWER s8@group-2C253C6A579F:t1, leader=s7, voted=s7, raftlog=Memoized:s8@group-2C253C6A579F-SegmentedRaftLog:OPENED:c120:last(t:1, i:120), conf=conf: {index: 0, cur=peers:[s7|, s8|, s9|]|listeners:[], old=null} RUNNING
   FOLLOWER s8@group-E0CF8C87AB81:t0, leader=null, voted=, raftlog=Memoized:s8@group-E0CF8C87AB81-SegmentedRaftLog:OPENED:c-1:lastnull, conf=conf: {index: -1, cur=peers:[]|listeners:[], old=null} STARTING] size=2
  s9:  RUNNING [
   FOLLOWER s9@group-2C253C6A579F:t1, leader=s7, voted=s7, raftlog=Memoized:s9@group-2C253C6A579F-SegmentedRaftLog:OPENED:c120:last(t:1, i:120), conf=conf: {index: 0, cur=peers:[s7|, s8|, s9|]|listeners:[], old=null} RUNNING
   FOLLOWER s9@group-E0CF8C87AB81:t0, leader=null, voted=, raftlog=Memoized:s9@group-E0CF8C87AB81-SegmentedRaftLog:OPENED:c-1:lastnull, conf=conf: {index: -1, cur=peers:[]|listeners:[], old=null} STARTING] size=2
2024-12-14 12:23:31,385 INFO  server.RaftServer (RaftServerProxy.java:remove(112)) - s7: remove    LEADER s7@group-2C253C6A579F:t1, leader=s7, voted=s7, raftlog=Memoized:s7@group-2C253C6A579F-SegmentedRaftLog:OPENED:c120:last(t:1, i:120), conf=conf: {index: 0, cur=peers:[s7, s8, s9]|listeners:[], old=null} RUNNING
2024-12-14 12:23:31,385 INFO  server.RaftServer$Division (RaftServerImpl.java:lambda$close$1(514)) - s7@group-2C253C6A579F: shutdown
2024-12-14 12:23:31,385 INFO  util.JmxRegister (JmxRegister.java:unregister(74)) - Successfully un-registered JMX Bean with object name Ratis:service=RaftServer,group=group-2C253C6A579F,id=s7
2024-12-14 12:23:31,385 INFO  impl.RoleInfo (RoleInfo.java:shutdownLeaderState(103)) - s7: shutdown s7@group-2C253C6A579F-LeaderStateImpl
2024-12-14 12:23:31,385 INFO  impl.PendingRequests (PendingRequests.java:sendNotLeaderResponses(287)) - s7@group-2C253C6A579F-PendingRequests: sendNotLeaderResponses
2024-12-14 12:23:31,385 INFO  leader.LogAppenderDaemon (LogAppenderDaemon.java:run(85)) - s7@group-2C253C6A579F->s9-LogAppenderDefault-LogAppenderDaemon was interrupted: java.lang.InterruptedException
2024-12-14 12:23:31,385 INFO  leader.LogAppenderDaemon (LogAppenderDaemon.java:run(85)) - s7@group-2C253C6A579F->s8-LogAppenderDefault-LogAppenderDaemon was interrupted: java.lang.InterruptedException
2024-12-14 12:23:31,387 INFO  impl.StateMachineUpdater (StateMachineUpdater.java:stopAndJoin(164)) - s7@group-2C253C6A579F-StateMachineUpdater: set stopIndex = 120
2024-12-14 12:23:31,387 INFO  impl.StateMachineUpdater (StateMachineUpdater.java:stop(141)) - s7@group-2C253C6A579F-StateMachineUpdater: closing ArithmeticStateMachine, lastApplied=(t:1, i:120)
2024-12-14 12:23:31,387 INFO  raftlog.RaftLog (SegmentedRaftLog.java:close(568)) - Start closing s7@group-2C253C6A579F-SegmentedRaftLog:OPENED:c120:last(t:1, i:120)
2024-12-14 12:23:31,387 INFO  util.AwaitToRun (AwaitToRun.java:run(49)) - s7@group-2C253C6A579F-cacheEviction-AwaitToRun-AwaitForSignal is interrupted
2024-12-14 12:23:31,387 INFO  segmented.LogSegment (LogSegment.java:close(349)) - Successfully closed EntryCache-log_inprogress_0
2024-12-14 12:23:31,433 INFO  segmented.SegmentedRaftLogWorker (SegmentedRaftLogWorker.java:close(254)) - s7@group-2C253C6A579F-SegmentedRaftLogWorker close()
2024-12-14 12:23:31,433 INFO  raftlog.RaftLog (SegmentedRaftLog.java:close(576)) - Successfully closed s7@group-2C253C6A579F-SegmentedRaftLog:CLOSED:c120
2024-12-14 12:23:31,434 TRACE util.FileUtils (FileUtils.java:deleteFully(307)) - deleteFully /home/runner/work/ratis/ratis/ratis-examples/target/test/data/da5193cb/MiniRaftClusterWithSimulatedRpced10c1e3/s7/8f1a452b-eb4f-415b-bd54-2c253c6a579f
2024-12-14 12:23:31,434 TRACE util.FileUtils (LogUtils.java:runAndLog(49)) - Successfully ran Files.delete /home/runner/work/ratis/ratis/ratis-examples/target/test/data/da5193cb/MiniRaftClusterWithSimulatedRpced10c1e3/s7/8f1a452b-eb4f-415b-bd54-2c253c6a579f/current/raft-meta.conf
2024-12-14 12:23:31,434 TRACE util.FileUtils (LogUtils.java:runAndLog(49)) - Successfully ran Files.delete /home/runner/work/ratis/ratis/ratis-examples/target/test/data/da5193cb/MiniRaftClusterWithSimulatedRpced10c1e3/s7/8f1a452b-eb4f-415b-bd54-2c253c6a579f/current/log_inprogress_0
2024-12-14 12:23:31,434 TRACE util.FileUtils (LogUtils.java:runAndLog(49)) - Successfully ran Files.delete /home/runner/work/ratis/ratis/ratis-examples/target/test/data/da5193cb/MiniRaftClusterWithSimulatedRpced10c1e3/s7/8f1a452b-eb4f-415b-bd54-2c253c6a579f/current/raft-meta
2024-12-14 12:23:31,434 TRACE util.FileUtils (LogUtils.java:runAndLog(49)) - Successfully ran Files.delete /home/runner/work/ratis/ratis/ratis-examples/target/test/data/da5193cb/MiniRaftClusterWithSimulatedRpced10c1e3/s7/8f1a452b-eb4f-415b-bd54-2c253c6a579f/current
2024-12-14 12:23:31,434 TRACE util.FileUtils (LogUtils.java:runAndLog(49)) - Successfully ran Files.delete /home/runner/work/ratis/ratis/ratis-examples/target/test/data/da5193cb/MiniRaftClusterWithSimulatedRpced10c1e3/s7/8f1a452b-eb4f-415b-bd54-2c253c6a579f/in_use.lock
2024-12-14 12:23:31,435 TRACE util.FileUtils (LogUtils.java:runAndLog(49)) - Successfully ran Files.delete /home/runner/work/ratis/ratis/ratis-examples/target/test/data/da5193cb/MiniRaftClusterWithSimulatedRpced10c1e3/s7/8f1a452b-eb4f-415b-bd54-2c253c6a579f/sm
2024-12-14 12:23:31,435 TRACE util.FileUtils (LogUtils.java:runAndLog(49)) - Successfully ran Files.delete /home/runner/work/ratis/ratis/ratis-examples/target/test/data/da5193cb/MiniRaftClusterWithSimulatedRpced10c1e3/s7/8f1a452b-eb4f-415b-bd54-2c253c6a579f
2024-12-14 12:23:31,435 INFO  server.RaftServer$Division (RaftServerImpl.java:groupRemove(484)) - s7@group-2C253C6A579F: Succeed to remove RaftStorageDirectory Storage Directory /home/runner/work/ratis/ratis/ratis-examples/target/test/data/da5193cb/MiniRaftClusterWithSimulatedRpced10c1e3/s7/8f1a452b-eb4f-415b-bd54-2c253c6a579f
2024-12-14 12:23:31,435 INFO  server.RaftServer (RaftServerProxy.java:remove(112)) - s8: remove  FOLLOWER s8@group-2C253C6A579F:t1, leader=s7, voted=s7, raftlog=Memoized:s8@group-2C253C6A579F-SegmentedRaftLog:OPENED:c120:last(t:1, i:120), conf=conf: {index: 0, cur=peers:[s7|, s8|, s9|]|listeners:[], old=null} RUNNING
2024-12-14 12:23:31,435 INFO  server.RaftServer$Division (RaftServerImpl.java:lambda$close$1(514)) - s8@group-2C253C6A579F: shutdown
2024-12-14 12:23:31,435 INFO  util.JmxRegister (JmxRegister.java:unregister(74)) - Successfully un-registered JMX Bean with object name Ratis:service=RaftServer,group=group-2C253C6A579F,id=s8
2024-12-14 12:23:31,435 INFO  impl.RoleInfo (RoleInfo.java:shutdownFollowerState(121)) - s8: shutdown s8@group-2C253C6A579F-FollowerState
2024-12-14 12:23:31,435 INFO  impl.StateMachineUpdater (StateMachineUpdater.java:stopAndJoin(164)) - s8@group-2C253C6A579F-StateMachineUpdater: set stopIndex = 120
2024-12-14 12:23:31,435 INFO  impl.StateMachineUpdater (StateMachineUpdater.java:stop(141)) - s8@group-2C253C6A579F-StateMachineUpdater: closing ArithmeticStateMachine, lastApplied=(t:1, i:120)
2024-12-14 12:23:31,435 INFO  impl.FollowerState (FollowerState.java:runImpl(170)) - s8@group-2C253C6A579F-FollowerState was interrupted
2024-12-14 12:23:31,436 INFO  raftlog.RaftLog (SegmentedRaftLog.java:close(568)) - Start closing s8@group-2C253C6A579F-SegmentedRaftLog:OPENED:c120:last(t:1, i:120)
2024-12-14 12:23:31,436 INFO  util.AwaitToRun (AwaitToRun.java:run(49)) - s8@group-2C253C6A579F-cacheEviction-AwaitToRun-AwaitForSignal is interrupted
2024-12-14 12:23:31,436 INFO  segmented.LogSegment (LogSegment.java:close(349)) - Successfully closed EntryCache-log_inprogress_0
2024-12-14 12:23:32,382 INFO  impl.FollowerState (FollowerState.java:runImpl(161)) - s9@group-2C253C6A579F-FollowerState: change to CANDIDATE, lastRpcElapsedTime:1027354811ns, electionTimeout:538ms
2024-12-14 12:23:32,382 INFO  impl.RoleInfo (RoleInfo.java:shutdownFollowerState(121)) - s9: shutdown s9@group-2C253C6A579F-FollowerState
2024-12-14 12:23:32,382 INFO  server.RaftServer$Division (RaftServerImpl.java:setRole(379)) - s9@group-2C253C6A579F: changes role from  FOLLOWER to CANDIDATE at term 1 for changeToCandidate
2024-12-14 12:23:32,382 INFO  server.RaftServerConfigKeys (ConfUtils.java:logGet(46)) - raft.server.leaderelection.pre-vote = true (default)
2024-12-14 12:23:32,382 INFO  impl.RoleInfo (RoleInfo.java:updateAndGet(148)) - s9: start s9@group-2C253C6A579F-LeaderElection10
2024-12-14 12:23:32,382 INFO  server.RaftServer$Division (ServerState.java:setLeader(272)) - s9@group-2C253C6A579F: change Leader from s7 to null at term 1 for PRE_VOTE
2024-12-14 12:23:32,382 INFO  impl.LeaderElection (LeaderElection.java:askForVotes(332)) - s9@group-2C253C6A579F-LeaderElection10 PRE_VOTE round 0: submit vote requests at term 1 for conf: {index: 0, cur=peers:[s7|, s8|, s9|]|listeners:[], old=null}
2024-12-14 12:23:32,383 INFO  impl.LeaderElection (LogUtils.java:infoOrTrace(142)) - s9@group-2C253C6A579F-LeaderElection10 got exception when requesting votes: java.util.concurrent.ExecutionException: org.apache.ratis.protocol.exceptions.GroupMismatchException: s7: group-2C253C6A579F not found.
2024-12-14 12:23:32,383 INFO  impl.LeaderElection (LogUtils.java:infoOrTrace(142)) - s9@group-2C253C6A579F-LeaderElection10 got exception when requesting votes: java.util.concurrent.ExecutionException: org.apache.ratis.protocol.exceptions.GroupMismatchException: s8: group-2C253C6A579F not found.
2024-12-14 12:23:32,383 INFO  impl.LeaderElection (LeaderElection.java:logAndReturn(90)) - s9@group-2C253C6A579F-LeaderElection10: PRE_VOTE REJECTED received 0 response(s) and 2 exception(s):
2024-12-14 12:23:32,383 INFO  impl.LeaderElection (LogUtils.java:infoOrTrace(142)) -   Exception 0: java.util.concurrent.ExecutionException: org.apache.ratis.protocol.exceptions.GroupMismatchException: s7: group-2C253C6A579F not found.
2024-12-14 12:23:32,383 INFO  impl.LeaderElection (LogUtils.java:infoOrTrace(142)) -   Exception 1: java.util.concurrent.ExecutionException: org.apache.ratis.protocol.exceptions.GroupMismatchException: s8: group-2C253C6A579F not found.
2024-12-14 12:23:32,383 INFO  impl.LeaderElection (LeaderElection.java:askForVotes(334)) - s9@group-2C253C6A579F-LeaderElection10 PRE_VOTE round 0: result REJECTED
2024-12-14 12:23:32,383 INFO  server.RaftServer$Division (RaftServerImpl.java:setRole(379)) - s9@group-2C253C6A579F: changes role from CANDIDATE to FOLLOWER at term 1 for REJECTED
2024-12-14 12:23:32,383 INFO  impl.RoleInfo (RoleInfo.java:shutdownLeaderElection(141)) - s9: shutdown s9@group-2C253C6A579F-LeaderElection10
2024-12-14 12:23:32,383 INFO  impl.RoleInfo (RoleInfo.java:updateAndGet(148)) - s9: start s9@group-2C253C6A579F-FollowerState
2024-12-14 12:23:32,434 INFO  segmented.SegmentedRaftLogWorker (SegmentedRaftLogWorker.java:close(254)) - s8@group-2C253C6A579F-SegmentedRaftLogWorker close()
2024-12-14 12:23:32,435 INFO  raftlog.RaftLog (SegmentedRaftLog.java:close(576)) - Successfully closed s8@group-2C253C6A579F-SegmentedRaftLog:CLOSED:c120
2024-12-14 12:23:32,435 TRACE util.FileUtils (FileUtils.java:deleteFully(307)) - deleteFully /home/runner/work/ratis/ratis/ratis-examples/target/test/data/da5193cb/MiniRaftClusterWithSimulatedRpced10c1e3/s8/8f1a452b-eb4f-415b-bd54-2c253c6a579f
2024-12-14 12:23:32,435 TRACE util.FileUtils (LogUtils.java:runAndLog(49)) - Successfully ran Files.delete /home/runner/work/ratis/ratis/ratis-examples/target/test/data/da5193cb/MiniRaftClusterWithSimulatedRpced10c1e3/s8/8f1a452b-eb4f-415b-bd54-2c253c6a579f/current/raft-meta.conf
2024-12-14 12:23:32,435 TRACE util.FileUtils (LogUtils.java:runAndLog(49)) - Successfully ran Files.delete /home/runner/work/ratis/ratis/ratis-examples/target/test/data/da5193cb/MiniRaftClusterWithSimulatedRpced10c1e3/s8/8f1a452b-eb4f-415b-bd54-2c253c6a579f/current/log_inprogress_0
2024-12-14 12:23:32,435 TRACE util.FileUtils (LogUtils.java:runAndLog(49)) - Successfully ran Files.delete /home/runner/work/ratis/ratis/ratis-examples/target/test/data/da5193cb/MiniRaftClusterWithSimulatedRpced10c1e3/s8/8f1a452b-eb4f-415b-bd54-2c253c6a579f/current/raft-meta
2024-12-14 12:23:32,436 TRACE util.FileUtils (LogUtils.java:runAndLog(49)) - Successfully ran Files.delete /home/runner/work/ratis/ratis/ratis-examples/target/test/data/da5193cb/MiniRaftClusterWithSimulatedRpced10c1e3/s8/8f1a452b-eb4f-415b-bd54-2c253c6a579f/current
2024-12-14 12:23:32,436 TRACE util.FileUtils (LogUtils.java:runAndLog(49)) - Successfully ran Files.delete /home/runner/work/ratis/ratis/ratis-examples/target/test/data/da5193cb/MiniRaftClusterWithSimulatedRpced10c1e3/s8/8f1a452b-eb4f-415b-bd54-2c253c6a579f/in_use.lock
2024-12-14 12:23:32,436 TRACE util.FileUtils (LogUtils.java:runAndLog(49)) - Successfully ran Files.delete /home/runner/work/ratis/ratis/ratis-examples/target/test/data/da5193cb/MiniRaftClusterWithSimulatedRpced10c1e3/s8/8f1a452b-eb4f-415b-bd54-2c253c6a579f/sm
2024-12-14 12:23:32,436 TRACE util.FileUtils (LogUtils.java:runAndLog(49)) - Successfully ran Files.delete /home/runner/work/ratis/ratis/ratis-examples/target/test/data/da5193cb/MiniRaftClusterWithSimulatedRpced10c1e3/s8/8f1a452b-eb4f-415b-bd54-2c253c6a579f
2024-12-14 12:23:32,436 INFO  server.RaftServer$Division (RaftServerImpl.java:groupRemove(484)) - s8@group-2C253C6A579F: Succeed to remove RaftStorageDirectory Storage Directory /home/runner/work/ratis/ratis/ratis-examples/target/test/data/da5193cb/MiniRaftClusterWithSimulatedRpced10c1e3/s8/8f1a452b-eb4f-415b-bd54-2c253c6a579f
2024-12-14 12:23:32,437 INFO  server.RaftServer (RaftServerProxy.java:remove(112)) - s9: remove  FOLLOWER s9@group-2C253C6A579F:t1, leader=null, voted=s7, raftlog=Memoized:s9@group-2C253C6A579F-SegmentedRaftLog:OPENED:c120:last(t:1, i:120), conf=conf: {index: 0, cur=peers:[s7|, s8|, s9|]|listeners:[], old=null} RUNNING
2024-12-14 12:23:32,438 INFO  server.RaftServer$Division (RaftServerImpl.java:lambda$close$1(514)) - s9@group-2C253C6A579F: shutdown
2024-12-14 12:23:32,438 INFO  util.JmxRegister (JmxRegister.java:unregister(74)) - Successfully un-registered JMX Bean with object name Ratis:service=RaftServer,group=group-2C253C6A579F,id=s9
2024-12-14 12:23:32,438 INFO  impl.RoleInfo (RoleInfo.java:shutdownFollowerState(121)) - s9: shutdown s9@group-2C253C6A579F-FollowerState
2024-12-14 12:23:32,438 INFO  impl.StateMachineUpdater (StateMachineUpdater.java:stopAndJoin(164)) - s9@group-2C253C6A579F-StateMachineUpdater: set stopIndex = 120
2024-12-14 12:23:32,438 INFO  impl.StateMachineUpdater (StateMachineUpdater.java:stop(141)) - s9@group-2C253C6A579F-StateMachineUpdater: closing ArithmeticStateMachine, lastApplied=(t:1, i:120)
2024-12-14 12:23:32,438 INFO  raftlog.RaftLog (SegmentedRaftLog.java:close(568)) - Start closing s9@group-2C253C6A579F-SegmentedRaftLog:OPENED:c120:last(t:1, i:120)
2024-12-14 12:23:32,439 INFO  util.AwaitToRun (AwaitToRun.java:run(49)) - s9@group-2C253C6A579F-cacheEviction-AwaitToRun-AwaitForSignal is interrupted
2024-12-14 12:23:32,439 INFO  segmented.LogSegment (LogSegment.java:close(349)) - Successfully closed EntryCache-log_inprogress_0
2024-12-14 12:23:32,441 INFO  impl.FollowerState (FollowerState.java:runImpl(170)) - s9@group-2C253C6A579F-FollowerState was interrupted
2024-12-14 12:23:33,434 INFO  segmented.SegmentedRaftLogWorker (SegmentedRaftLogWorker.java:close(254)) - s9@group-2C253C6A579F-SegmentedRaftLogWorker close()
2024-12-14 12:23:33,434 INFO  raftlog.RaftLog (SegmentedRaftLog.java:close(576)) - Successfully closed s9@group-2C253C6A579F-SegmentedRaftLog:CLOSED:c120
2024-12-14 12:23:33,434 TRACE util.FileUtils (FileUtils.java:deleteFully(307)) - deleteFully /home/runner/work/ratis/ratis/ratis-examples/target/test/data/da5193cb/MiniRaftClusterWithSimulatedRpced10c1e3/s9/8f1a452b-eb4f-415b-bd54-2c253c6a579f
2024-12-14 12:23:33,435 TRACE util.FileUtils (LogUtils.java:runAndLog(49)) - Successfully ran Files.delete /home/runner/work/ratis/ratis/ratis-examples/target/test/data/da5193cb/MiniRaftClusterWithSimulatedRpced10c1e3/s9/8f1a452b-eb4f-415b-bd54-2c253c6a579f/current/raft-meta.conf
2024-12-14 12:23:33,435 TRACE util.FileUtils (LogUtils.java:runAndLog(49)) - Successfully ran Files.delete /home/runner/work/ratis/ratis/ratis-examples/target/test/data/da5193cb/MiniRaftClusterWithSimulatedRpced10c1e3/s9/8f1a452b-eb4f-415b-bd54-2c253c6a579f/current/log_inprogress_0
2024-12-14 12:23:33,435 TRACE util.FileUtils (LogUtils.java:runAndLog(49)) - Successfully ran Files.delete /home/runner/work/ratis/ratis/ratis-examples/target/test/data/da5193cb/MiniRaftClusterWithSimulatedRpced10c1e3/s9/8f1a452b-eb4f-415b-bd54-2c253c6a579f/current/raft-meta
2024-12-14 12:23:33,435 TRACE util.FileUtils (LogUtils.java:runAndLog(49)) - Successfully ran Files.delete /home/runner/work/ratis/ratis/ratis-examples/target/test/data/da5193cb/MiniRaftClusterWithSimulatedRpced10c1e3/s9/8f1a452b-eb4f-415b-bd54-2c253c6a579f/current
2024-12-14 12:23:33,435 TRACE util.FileUtils (LogUtils.java:runAndLog(49)) - Successfully ran Files.delete /home/runner/work/ratis/ratis/ratis-examples/target/test/data/da5193cb/MiniRaftClusterWithSimulatedRpced10c1e3/s9/8f1a452b-eb4f-415b-bd54-2c253c6a579f/in_use.lock
2024-12-14 12:23:33,435 TRACE util.FileUtils (LogUtils.java:runAndLog(49)) - Successfully ran Files.delete /home/runner/work/ratis/ratis/ratis-examples/target/test/data/da5193cb/MiniRaftClusterWithSimulatedRpced10c1e3/s9/8f1a452b-eb4f-415b-bd54-2c253c6a579f/sm
2024-12-14 12:23:33,435 TRACE util.FileUtils (LogUtils.java:runAndLog(49)) - Successfully ran Files.delete /home/runner/work/ratis/ratis/ratis-examples/target/test/data/da5193cb/MiniRaftClusterWithSimulatedRpced10c1e3/s9/8f1a452b-eb4f-415b-bd54-2c253c6a579f
2024-12-14 12:23:33,435 INFO  server.RaftServer$Division (RaftServerImpl.java:groupRemove(484)) - s9@group-2C253C6A579F: Succeed to remove RaftStorageDirectory Storage Directory /home/runner/work/ratis/ratis/ratis-examples/target/test/data/da5193cb/MiniRaftClusterWithSimulatedRpced10c1e3/s9/8f1a452b-eb4f-415b-bd54-2c253c6a579f
| MiniRaftClusterWithSimulatedRpc[3, 6, 9, 12, 15]chosen=2 | close groups | 242 |
2024-12-14 12:23:33,436 INFO  impl.GroupManagementBaseTest (GroupManagementBaseTest.java:runMultiGroupTest(316)) - close groups: printing ALL groups
  s3:  RUNNING [
   FOLLOWER s3@group-E0CF8C87AB81:t0, leader=null, voted=, raftlog=Memoized:s3@group-E0CF8C87AB81-SegmentedRaftLog:OPENED:c-1:lastnull, conf=conf: {index: -1, cur=peers:[]|listeners:[], old=null} STARTING
     LEADER s3@group-4E8C8EA4E78F:t1, leader=s3, voted=s3, raftlog=Memoized:s3@group-4E8C8EA4E78F-SegmentedRaftLog:OPENED:c120:last(t:1, i:120), conf=conf: {index: 0, cur=peers:[s3, s14, s2]|listeners:[], old=null} RUNNING] size=2
  s4:  RUNNING  FOLLOWER s4@group-E0CF8C87AB81:t0, leader=null, voted=, raftlog=Memoized:s4@group-E0CF8C87AB81-SegmentedRaftLog:OPENED:c-1:lastnull, conf=conf: {index: -1, cur=peers:[]|listeners:[], old=null} STARTING
  s5:  RUNNING  FOLLOWER s5@group-E0CF8C87AB81:t0, leader=null, voted=, raftlog=Memoized:s5@group-E0CF8C87AB81-SegmentedRaftLog:OPENED:c-1:lastnull, conf=conf: {index: -1, cur=peers:[]|listeners:[], old=null} STARTING
  s6:  RUNNING  FOLLOWER s6@group-E0CF8C87AB81:t0, leader=null, voted=, raftlog=Memoized:s6@group-E0CF8C87AB81-SegmentedRaftLog:OPENED:c-1:lastnull, conf=conf: {index: -1, cur=peers:[]|listeners:[], old=null} STARTING
  s7:  RUNNING  FOLLOWER s7@group-E0CF8C87AB81:t0, leader=null, voted=, raftlog=Memoized:s7@group-E0CF8C87AB81-SegmentedRaftLog:OPENED:c-1:lastnull, conf=conf: {index: -1, cur=peers:[]|listeners:[], old=null} STARTING
  s8:  RUNNING  FOLLOWER s8@group-E0CF8C87AB81:t0, leader=null, voted=, raftlog=Memoized:s8@group-E0CF8C87AB81-SegmentedRaftLog:OPENED:c-1:lastnull, conf=conf: {index: -1, cur=peers:[]|listeners:[], old=null} STARTING
  s9:  RUNNING  FOLLOWER s9@group-E0CF8C87AB81:t0, leader=null, voted=, raftlog=Memoized:s9@group-E0CF8C87AB81-SegmentedRaftLog:OPENED:c-1:lastnull, conf=conf: {index: -1, cur=peers:[]|listeners:[], old=null} STARTING
  s11:  RUNNING  FOLLOWER s11@group-E0CF8C87AB81:t0, leader=null, voted=, raftlog=Memoized:s11@group-E0CF8C87AB81-SegmentedRaftLog:OPENED:c-1:lastnull, conf=conf: {index: -1, cur=peers:[]|listeners:[], old=null} STARTING
  s10:  RUNNING  FOLLOWER s10@group-E0CF8C87AB81:t0, leader=null, voted=, raftlog=Memoized:s10@group-E0CF8C87AB81-SegmentedRaftLog:OPENED:c-1:lastnull, conf=conf: {index: -1, cur=peers:[]|listeners:[], old=null} STARTING
  s13:  RUNNING  FOLLOWER s13@group-E0CF8C87AB81:t0, leader=null, voted=, raftlog=Memoized:s13@group-E0CF8C87AB81-SegmentedRaftLog:OPENED:c-1:lastnull, conf=conf: {index: -1, cur=peers:[]|listeners:[], old=null} STARTING
  s12:  RUNNING  FOLLOWER s12@group-E0CF8C87AB81:t0, leader=null, voted=, raftlog=Memoized:s12@group-E0CF8C87AB81-SegmentedRaftLog:OPENED:c-1:lastnull, conf=conf: {index: -1, cur=peers:[]|listeners:[], old=null} STARTING
  s14:  RUNNING [
   FOLLOWER s14@group-E0CF8C87AB81:t0, leader=null, voted=, raftlog=Memoized:s14@group-E0CF8C87AB81-SegmentedRaftLog:OPENED:c-1:lastnull, conf=conf: {index: -1, cur=peers:[]|listeners:[], old=null} STARTING
   FOLLOWER s14@group-4E8C8EA4E78F:t1, leader=s3, voted=s3, raftlog=Memoized:s14@group-4E8C8EA4E78F-SegmentedRaftLog:OPENED:c120:last(t:1, i:120), conf=conf: {index: 0, cur=peers:[s3|, s14|, s2|]|listeners:[], old=null} RUNNING] size=2
  s0:  RUNNING  FOLLOWER s0@group-E0CF8C87AB81:t0, leader=null, voted=, raftlog=Memoized:s0@group-E0CF8C87AB81-SegmentedRaftLog:OPENED:c-1:lastnull, conf=conf: {index: -1, cur=peers:[]|listeners:[], old=null} STARTING
  s1:  RUNNING  FOLLOWER s1@group-E0CF8C87AB81:t0, leader=null, voted=, raftlog=Memoized:s1@group-E0CF8C87AB81-SegmentedRaftLog:OPENED:c-1:lastnull, conf=conf: {index: -1, cur=peers:[]|listeners:[], old=null} STARTING
  s2:  RUNNING [
   FOLLOWER s2@group-E0CF8C87AB81:t0, leader=null, voted=, raftlog=Memoized:s2@group-E0CF8C87AB81-SegmentedRaftLog:OPENED:c-1:lastnull, conf=conf: {index: -1, cur=peers:[]|listeners:[], old=null} STARTING
   FOLLOWER s2@group-4E8C8EA4E78F:t1, leader=s3, voted=s3, raftlog=Memoized:s2@group-4E8C8EA4E78F-SegmentedRaftLog:OPENED:c120:last(t:1, i:120), conf=conf: {index: 0, cur=peers:[s3|, s14|, s2|]|listeners:[], old=null} RUNNING] size=2
2024-12-14 12:23:33,437 INFO  impl.GroupManagementBaseTest (GroupManagementBaseTest.java:runMultiGroupTest(322)) - 0) groupAdd: printing group-794ED3AF1AED
2024-12-14 12:23:33,437 INFO  server.RaftServer (RaftServerProxy.java:addNew(101)) - s10: addNew group-4E8C8EA4E78F:[] returns group-4E8C8EA4E78F:java.util.concurrent.CompletableFuture@64211640[Not completed]
2024-12-14 12:23:33,438 INFO  server.RaftServer$Division (RaftServerImpl.java:<init>(256)) - s10: new RaftServerImpl for group-4E8C8EA4E78F:[] with ArithmeticStateMachine:uninitialized
2024-12-14 12:23:33,438 INFO  server.RaftServerConfigKeys (ConfUtils.java:logGet(46)) - raft.server.rpc.timeout.min = 300ms (custom)
2024-12-14 12:23:33,438 INFO  server.RaftServerConfigKeys (ConfUtils.java:logGet(46)) - raft.server.rpc.timeout.max = 600ms (custom)
2024-12-14 12:23:33,439 INFO  server.RaftServerConfigKeys (ConfUtils.java:logGet(46)) - raft.server.rpc.sleep.time = 25ms (default)
2024-12-14 12:23:33,439 INFO  server.RaftServerConfigKeys (ConfUtils.java:logGet(46)) - raft.server.rpc.slowness.timeout = 60s (default)
2024-12-14 12:23:33,439 INFO  server.RaftServerConfigKeys (ConfUtils.java:logGet(46)) - raft.server.leaderelection.leader.step-down.wait-time = 10s (default)
2024-12-14 12:23:33,439 INFO  server.RaftServerConfigKeys (ConfUtils.java:logGet(46)) - raft.server.leaderelection.member.majority-add = false (default)
2024-12-14 12:23:33,439 INFO  server.RaftServerConfigKeys (ConfUtils.java:logGet(46)) - raft.server.sleep.deviation.threshold = 300ms (default)
2024-12-14 12:23:33,439 INFO  server.RaftServer$Division (ServerState.java:<init>(114)) - s10@group-4E8C8EA4E78F: ConfigurationManager, init=conf: {index: -1, cur=peers:[]|listeners:[], old=null}, confs=<EMPTY_MAP>
2024-12-14 12:23:33,439 INFO  server.RaftServerConfigKeys (ConfUtils.java:logGet(46)) - raft.server.notification.no-leader.timeout = 60s (default)
2024-12-14 12:23:33,439 INFO  server.RaftServerConfigKeys (ConfUtils.java:logGet(46)) - raft.server.read.timeout = 10s (default)
2024-12-14 12:23:33,439 INFO  server.RaftServerConfigKeys (ConfUtils.java:logGet(46)) - raft.server.retrycache.expirytime = 60s (default)
2024-12-14 12:23:33,439 INFO  server.RaftServerConfigKeys (ConfUtils.java:logGet(46)) - raft.server.retrycache.statistics.expirytime = 100ms (default)
2024-12-14 12:23:33,439 INFO  server.RaftServerConfigKeys (ConfUtils.java:logGet(46)) - raft.server.read.option = DEFAULT (default)
2024-12-14 12:23:33,439 INFO  server.RaftServerConfigKeys (ConfUtils.java:logGet(46)) - raft.server.read.read-after-write-consistent.write-index-cache.expiry-time = 60s (default)
2024-12-14 12:23:33,440 INFO  server.RaftServerConfigKeys (ConfUtils.java:logGet(46)) - raft.server.rpc.request.timeout = 3000ms (default)
2024-12-14 12:23:33,441 INFO  server.RaftServerConfigKeys (ConfUtils.java:logGet(46)) - raft.server.log.appender.install.snapshot.enabled = true (default)
2024-12-14 12:23:33,441 INFO  server.RaftServerConfigKeys (ConfUtils.java:logGet(46)) - raft.server.threadpool.server.cached = true (default)
2024-12-14 12:23:33,441 INFO  server.RaftServerConfigKeys (ConfUtils.java:logGet(46)) - raft.server.threadpool.server.size = 0 (default)
2024-12-14 12:23:33,441 INFO  server.RaftServerConfigKeys (ConfUtils.java:logGet(46)) - raft.server.threadpool.client.cached = true (default)
2024-12-14 12:23:33,441 INFO  server.RaftServerConfigKeys (ConfUtils.java:logGet(46)) - raft.server.threadpool.client.size = 0 (default)
2024-12-14 12:23:33,441 INFO  server.RaftServerConfigKeys (ConfUtils.java:logGet(46)) - raft.server.storage.free-space.min = 0MB (=0) (default)
2024-12-14 12:23:33,441 INFO  server.RaftServerConfigKeys (ConfUtils.java:logGet(46)) - raft.server.log.corruption.policy = EXCEPTION (default)
2024-12-14 12:23:33,441 INFO  server.RaftServerConfigKeys (ConfUtils.java:logGet(46)) - raft.server.storage.dir = [/home/runner/work/ratis/ratis/ratis-examples/target/test/data/da5193cb/MiniRaftClusterWithSimulatedRpced10c1e3/s10] (custom)
2024-12-14 12:23:33,441 INFO  storage.RaftStorageDirectory (RaftStorageDirectoryImpl.java:analyzeStorage(138)) - The storage directory /home/runner/work/ratis/ratis/ratis-examples/target/test/data/da5193cb/MiniRaftClusterWithSimulatedRpced10c1e3/s10/4ab7e727-f211-4630-9abd-4e8c8ea4e78f does not exist. Creating ...
2024-12-14 12:23:33,441 TRACE util.FileUtils (LogUtils.java:runAndLog(49)) - Successfully ran Files.createDirectories /home/runner/work/ratis/ratis/ratis-examples/target/test/data/da5193cb/MiniRaftClusterWithSimulatedRpced10c1e3/s10/4ab7e727-f211-4630-9abd-4e8c8ea4e78f
2024-12-14 12:23:33,443 INFO  storage.RaftStorageDirectory (RaftStorageDirectoryImpl.java:tryLock(229)) - Lock on /home/runner/work/ratis/ratis/ratis-examples/target/test/data/da5193cb/MiniRaftClusterWithSimulatedRpced10c1e3/s10/4ab7e727-f211-4630-9abd-4e8c8ea4e78f/in_use.lock acquired by nodename 14700@fv-az733-880
2024-12-14 12:23:33,443 TRACE util.FileUtils (LogUtils.java:runAndLog(49)) - Successfully ran Files.createDirectories /home/runner/work/ratis/ratis/ratis-examples/target/test/data/da5193cb/MiniRaftClusterWithSimulatedRpced10c1e3/s10/4ab7e727-f211-4630-9abd-4e8c8ea4e78f/current
2024-12-14 12:23:33,443 TRACE util.FileUtils (LogUtils.java:runAndLog(49)) - Successfully ran Files.createDirectories /home/runner/work/ratis/ratis/ratis-examples/target/test/data/da5193cb/MiniRaftClusterWithSimulatedRpced10c1e3/s10/4ab7e727-f211-4630-9abd-4e8c8ea4e78f/sm
2024-12-14 12:23:33,443 TRACE util.FileUtils (LogUtils.java:supplyAndLog(69)) - Successfully supplied FileChannel.open /home/runner/work/ratis/ratis/ratis-examples/target/test/data/da5193cb/MiniRaftClusterWithSimulatedRpced10c1e3/s10/4ab7e727-f211-4630-9abd-4e8c8ea4e78f/current/raft-meta.tmp with options [CREATE, WRITE]: sun.nio.ch.FileChannelImpl@7461ab26
2024-12-14 12:23:33,444 TRACE util.FileUtils (LogUtils.java:runAndLog(49)) - Successfully ran Atomic Files.move /home/runner/work/ratis/ratis/ratis-examples/target/test/data/da5193cb/MiniRaftClusterWithSimulatedRpced10c1e3/s10/4ab7e727-f211-4630-9abd-4e8c8ea4e78f/current/raft-meta.tmp to /home/runner/work/ratis/ratis/ratis-examples/target/test/data/da5193cb/MiniRaftClusterWithSimulatedRpced10c1e3/s10/4ab7e727-f211-4630-9abd-4e8c8ea4e78f/current/raft-meta with options [REPLACE_EXISTING]
2024-12-14 12:23:33,444 INFO  storage.RaftStorage (RaftStorageImpl.java:format(98)) - Storage directory /home/runner/work/ratis/ratis/ratis-examples/target/test/data/da5193cb/MiniRaftClusterWithSimulatedRpced10c1e3/s10/4ab7e727-f211-4630-9abd-4e8c8ea4e78f has been successfully formatted.
2024-12-14 12:23:33,444 WARN  statemachine.StateMachine (ArithmeticStateMachine.java:loadSnapshot(115)) - The snapshot info is null.
2024-12-14 12:23:33,445 INFO  server.RaftServerConfigKeys (ConfUtils.java:logGet(46)) - raft.server.log.use.memory = false (default)
2024-12-14 12:23:33,445 INFO  server.RaftServerConfigKeys (ConfUtils.java:logGet(46)) - raft.server.log.purge.gap = 1024 (default)
2024-12-14 12:23:33,445 INFO  server.RaftServerConfigKeys (ConfUtils.java:logGet(46)) - raft.server.log.appender.buffer.byte-limit = 4MB (=4194304) (default)
2024-12-14 12:23:33,445 INFO  server.RaftServerConfigKeys (ConfUtils.java:logGet(46)) - raft.server.log.statemachine.data.read.timeout = 1000ms (default)
2024-12-14 12:23:33,445 INFO  server.RaftServerConfigKeys (ConfUtils.java:logGet(46)) - raft.server.log.purge.preservation.log.num = 0 (default)
2024-12-14 12:23:33,445 INFO  server.RaftServerConfigKeys (ConfUtils.java:logGet(46)) - raft.server.log.segment.size.max = 32MB (=33554432) (default)
2024-12-14 12:23:33,445 INFO  server.RaftServerConfigKeys (ConfUtils.java:logGet(46)) - raft.server.log.segment.cache.num.max = 6 (default)
2024-12-14 12:23:33,445 INFO  server.RaftServerConfigKeys (ConfUtils.java:logGet(46)) - raft.server.log.segment.cache.size.max = 200MB (=209715200) (default)
2024-12-14 12:23:33,445 INFO  server.RaftServerConfigKeys (ConfUtils.java:logGet(46)) - raft.server.log.appender.buffer.byte-limit = 4MB (=4194304) (default)
2024-12-14 12:23:33,446 INFO  util.AwaitToRun (AwaitToRun.java:start(81)) - Thread[s10@group-4E8C8EA4E78F-cacheEviction-AwaitToRun,5,main] started
2024-12-14 12:23:33,446 INFO  segmented.SegmentedRaftLogWorker (SegmentedRaftLogWorker.java:<init>(189)) - new s10@group-4E8C8EA4E78F-SegmentedRaftLogWorker for RaftStorageImpl:Storage Directory /home/runner/work/ratis/ratis/ratis-examples/target/test/data/da5193cb/MiniRaftClusterWithSimulatedRpced10c1e3/s10/4ab7e727-f211-4630-9abd-4e8c8ea4e78f
2024-12-14 12:23:33,446 INFO  server.RaftServerConfigKeys (ConfUtils.java:logGet(46)) - raft.server.log.queue.byte-limit = 64MB (=67108864) (default)
2024-12-14 12:23:33,446 INFO  server.RaftServerConfigKeys (ConfUtils.java:logGet(46)) - raft.server.log.queue.element-limit = 4096 (default)
2024-12-14 12:23:33,446 INFO  server.RaftServerConfigKeys (ConfUtils.java:logGet(46)) - raft.server.log.segment.size.max = 32MB (=33554432) (default)
2024-12-14 12:23:33,446 INFO  server.RaftServerConfigKeys (ConfUtils.java:logGet(46)) - raft.server.log.preallocated.size = 4MB (=4194304) (default)
2024-12-14 12:23:33,446 INFO  server.RaftServerConfigKeys (ConfUtils.java:logGet(46)) - raft.server.log.force.sync.num = 128 (default)
2024-12-14 12:23:33,446 INFO  server.RaftServerConfigKeys (ConfUtils.java:logGet(46)) - raft.server.log.statemachine.data.sync = true (default)
2024-12-14 12:23:33,446 INFO  server.RaftServerConfigKeys (ConfUtils.java:logGet(46)) - raft.server.log.statemachine.data.sync.timeout = 10s (default)
2024-12-14 12:23:33,446 INFO  server.RaftServerConfigKeys (ConfUtils.java:logGet(46)) - raft.server.log.statemachine.data.sync.timeout.retry = -1 (default)
2024-12-14 12:23:33,446 INFO  server.RaftServerConfigKeys (ConfUtils.java:logGet(46)) - raft.server.log.write.buffer.size = 8MB (=8388608) (default)
2024-12-14 12:23:33,448 INFO  server.RaftServerConfigKeys (ConfUtils.java:logGet(46)) - raft.server.log.appender.buffer.byte-limit = 4MB (=4194304) (default)
2024-12-14 12:23:33,448 INFO  server.RaftServerConfigKeys (ConfUtils.java:logGet(46)) - raft.server.log.unsafe-flush.enabled = false (default)
2024-12-14 12:23:33,448 INFO  server.RaftServerConfigKeys (ConfUtils.java:logGet(46)) - raft.server.log.async-flush.enabled = false (default)
2024-12-14 12:23:33,448 INFO  server.RaftServerConfigKeys (ConfUtils.java:logGet(46)) - raft.server.log.statemachine.data.caching.enabled = false (default)
2024-12-14 12:23:33,448 INFO  segmented.SegmentedRaftLogWorker (SegmentedRaftLogWorker.java:lambda$new$0(140)) - s10@group-4E8C8EA4E78F-SegmentedRaftLogWorker: flushIndex: setUnconditionally 0 -> -1
2024-12-14 12:23:33,448 INFO  segmented.SegmentedRaftLogWorker (SegmentedRaftLogWorker.java:lambda$new$0(140)) - s10@group-4E8C8EA4E78F-SegmentedRaftLogWorker: safeCacheEvictIndex: setUnconditionally 0 -> -1
2024-12-14 12:23:33,448 INFO  server.RaftServer$Division (RaftServerImpl.java:start(398)) - s10@group-4E8C8EA4E78F: start with initializing state, conf=conf: {index: -1, cur=peers:[]|listeners:[], old=null}
2024-12-14 12:23:33,448 INFO  server.RaftServer$Division (RaftServerImpl.java:setRole(379)) - s10@group-4E8C8EA4E78F: changes role from      null to FOLLOWER at term 0 for start
2024-12-14 12:23:33,449 INFO  util.JmxRegister (JmxRegister.java:tryRegister(44)) - Successfully registered JMX Bean with object name Ratis:service=RaftServer,group=group-4E8C8EA4E78F,id=s10
2024-12-14 12:23:33,449 INFO  util.JmxRegister (JmxRegister.java:register(58)) - register mxBean class org.apache.ratis.server.impl.RaftServerJmxAdapter as Ratis:service=RaftServer,group=group-4E8C8EA4E78F,id=s10
2024-12-14 12:23:33,449 INFO  server.RaftServerConfigKeys (ConfUtils.java:logGet(46)) - raft.server.snapshot.trigger-when-stop.enabled = true (default)
2024-12-14 12:23:33,449 INFO  server.RaftServerConfigKeys (ConfUtils.java:logGet(46)) - raft.server.snapshot.trigger-when-remove.enabled = true (default)
2024-12-14 12:23:33,449 INFO  server.RaftServerConfigKeys (ConfUtils.java:logGet(46)) - raft.server.snapshot.auto.trigger.enabled = false (default)
2024-12-14 12:23:33,449 INFO  server.RaftServerConfigKeys (ConfUtils.java:logGet(46)) - raft.server.snapshot.retention.file.num = -1 (default)
2024-12-14 12:23:33,449 INFO  server.RaftServerConfigKeys (ConfUtils.java:logGet(46)) - raft.server.log.purge.upto.snapshot.index = false (default)
2024-12-14 12:23:33,449 INFO  server.RaftServer$Division (RaftServerImpl.java:start(406)) - s10@group-4E8C8EA4E78F: Successfully started.
2024-12-14 12:23:33,450 INFO  server.RaftServer (RaftServerProxy.java:addNew(101)) - s0: addNew group-4E8C8EA4E78F:[] returns group-4E8C8EA4E78F:java.util.concurrent.CompletableFuture@fc5ed1d[Not completed]
2024-12-14 12:23:33,450 INFO  server.RaftServer$Division (RaftServerImpl.java:<init>(256)) - s0: new RaftServerImpl for group-4E8C8EA4E78F:[] with ArithmeticStateMachine:uninitialized
2024-12-14 12:23:33,450 INFO  server.RaftServerConfigKeys (ConfUtils.java:logGet(46)) - raft.server.rpc.timeout.min = 300ms (custom)
2024-12-14 12:23:33,450 INFO  server.RaftServerConfigKeys (ConfUtils.java:logGet(46)) - raft.server.rpc.timeout.max = 600ms (custom)
2024-12-14 12:23:33,450 INFO  server.RaftServerConfigKeys (ConfUtils.java:logGet(46)) - raft.server.rpc.sleep.time = 25ms (default)
2024-12-14 12:23:33,450 INFO  server.RaftServerConfigKeys (ConfUtils.java:logGet(46)) - raft.server.rpc.slowness.timeout = 60s (default)
2024-12-14 12:23:33,450 INFO  server.RaftServerConfigKeys (ConfUtils.java:logGet(46)) - raft.server.leaderelection.leader.step-down.wait-time = 10s (default)
2024-12-14 12:23:33,450 INFO  server.RaftServerConfigKeys (ConfUtils.java:logGet(46)) - raft.server.leaderelection.member.majority-add = false (default)
2024-12-14 12:23:33,450 INFO  server.RaftServerConfigKeys (ConfUtils.java:logGet(46)) - raft.server.sleep.deviation.threshold = 300ms (default)
2024-12-14 12:23:33,450 INFO  server.RaftServer$Division (ServerState.java:<init>(114)) - s0@group-4E8C8EA4E78F: ConfigurationManager, init=conf: {index: -1, cur=peers:[]|listeners:[], old=null}, confs=<EMPTY_MAP>
2024-12-14 12:23:33,450 INFO  server.RaftServerConfigKeys (ConfUtils.java:logGet(46)) - raft.server.notification.no-leader.timeout = 60s (default)
2024-12-14 12:23:33,450 INFO  server.RaftServerConfigKeys (ConfUtils.java:logGet(46)) - raft.server.read.timeout = 10s (default)
2024-12-14 12:23:33,450 INFO  server.RaftServerConfigKeys (ConfUtils.java:logGet(46)) - raft.server.retrycache.expirytime = 60s (default)
2024-12-14 12:23:33,450 INFO  server.RaftServerConfigKeys (ConfUtils.java:logGet(46)) - raft.server.retrycache.statistics.expirytime = 100ms (default)
2024-12-14 12:23:33,450 INFO  server.RaftServerConfigKeys (ConfUtils.java:logGet(46)) - raft.server.read.option = DEFAULT (default)
2024-12-14 12:23:33,450 INFO  server.RaftServerConfigKeys (ConfUtils.java:logGet(46)) - raft.server.read.read-after-write-consistent.write-index-cache.expiry-time = 60s (default)
2024-12-14 12:23:33,451 INFO  server.RaftServerConfigKeys (ConfUtils.java:logGet(46)) - raft.server.rpc.request.timeout = 3000ms (default)
2024-12-14 12:23:33,451 INFO  server.RaftServerConfigKeys (ConfUtils.java:logGet(46)) - raft.server.log.appender.install.snapshot.enabled = true (default)
2024-12-14 12:23:33,451 INFO  server.RaftServerConfigKeys (ConfUtils.java:logGet(46)) - raft.server.threadpool.server.cached = true (default)
2024-12-14 12:23:33,451 INFO  server.RaftServerConfigKeys (ConfUtils.java:logGet(46)) - raft.server.threadpool.server.size = 0 (default)
2024-12-14 12:23:33,451 INFO  server.RaftServerConfigKeys (ConfUtils.java:logGet(46)) - raft.server.threadpool.client.cached = true (default)
2024-12-14 12:23:33,451 INFO  server.RaftServerConfigKeys (ConfUtils.java:logGet(46)) - raft.server.threadpool.client.size = 0 (default)
2024-12-14 12:23:33,451 INFO  server.RaftServerConfigKeys (ConfUtils.java:logGet(46)) - raft.server.storage.free-space.min = 0MB (=0) (default)
2024-12-14 12:23:33,451 INFO  server.RaftServerConfigKeys (ConfUtils.java:logGet(46)) - raft.server.log.corruption.policy = EXCEPTION (default)
2024-12-14 12:23:33,452 INFO  server.RaftServerConfigKeys (ConfUtils.java:logGet(46)) - raft.server.storage.dir = [/home/runner/work/ratis/ratis/ratis-examples/target/test/data/da5193cb/MiniRaftClusterWithSimulatedRpced10c1e3/s0] (custom)
2024-12-14 12:23:33,452 INFO  storage.RaftStorageDirectory (RaftStorageDirectoryImpl.java:analyzeStorage(138)) - The storage directory /home/runner/work/ratis/ratis/ratis-examples/target/test/data/da5193cb/MiniRaftClusterWithSimulatedRpced10c1e3/s0/4ab7e727-f211-4630-9abd-4e8c8ea4e78f does not exist. Creating ...
2024-12-14 12:23:33,452 TRACE util.FileUtils (LogUtils.java:runAndLog(49)) - Successfully ran Files.createDirectories /home/runner/work/ratis/ratis/ratis-examples/target/test/data/da5193cb/MiniRaftClusterWithSimulatedRpced10c1e3/s0/4ab7e727-f211-4630-9abd-4e8c8ea4e78f
2024-12-14 12:23:33,453 INFO  storage.RaftStorageDirectory (RaftStorageDirectoryImpl.java:tryLock(229)) - Lock on /home/runner/work/ratis/ratis/ratis-examples/target/test/data/da5193cb/MiniRaftClusterWithSimulatedRpced10c1e3/s0/4ab7e727-f211-4630-9abd-4e8c8ea4e78f/in_use.lock acquired by nodename 14700@fv-az733-880
2024-12-14 12:23:33,453 TRACE util.FileUtils (LogUtils.java:runAndLog(49)) - Successfully ran Files.createDirectories /home/runner/work/ratis/ratis/ratis-examples/target/test/data/da5193cb/MiniRaftClusterWithSimulatedRpced10c1e3/s0/4ab7e727-f211-4630-9abd-4e8c8ea4e78f/current
2024-12-14 12:23:33,453 TRACE util.FileUtils (LogUtils.java:runAndLog(49)) - Successfully ran Files.createDirectories /home/runner/work/ratis/ratis/ratis-examples/target/test/data/da5193cb/MiniRaftClusterWithSimulatedRpced10c1e3/s0/4ab7e727-f211-4630-9abd-4e8c8ea4e78f/sm
2024-12-14 12:23:33,453 TRACE util.FileUtils (LogUtils.java:supplyAndLog(69)) - Successfully supplied FileChannel.open /home/runner/work/ratis/ratis/ratis-examples/target/test/data/da5193cb/MiniRaftClusterWithSimulatedRpced10c1e3/s0/4ab7e727-f211-4630-9abd-4e8c8ea4e78f/current/raft-meta.tmp with options [CREATE, WRITE]: sun.nio.ch.FileChannelImpl@16de896d
2024-12-14 12:23:33,455 TRACE util.FileUtils (LogUtils.java:runAndLog(49)) - Successfully ran Atomic Files.move /home/runner/work/ratis/ratis/ratis-examples/target/test/data/da5193cb/MiniRaftClusterWithSimulatedRpced10c1e3/s0/4ab7e727-f211-4630-9abd-4e8c8ea4e78f/current/raft-meta.tmp to /home/runner/work/ratis/ratis/ratis-examples/target/test/data/da5193cb/MiniRaftClusterWithSimulatedRpced10c1e3/s0/4ab7e727-f211-4630-9abd-4e8c8ea4e78f/current/raft-meta with options [REPLACE_EXISTING]
2024-12-14 12:23:33,455 INFO  storage.RaftStorage (RaftStorageImpl.java:format(98)) - Storage directory /home/runner/work/ratis/ratis/ratis-examples/target/test/data/da5193cb/MiniRaftClusterWithSimulatedRpced10c1e3/s0/4ab7e727-f211-4630-9abd-4e8c8ea4e78f has been successfully formatted.
2024-12-14 12:23:33,455 WARN  statemachine.StateMachine (ArithmeticStateMachine.java:loadSnapshot(115)) - The snapshot info is null.
2024-12-14 12:23:33,455 INFO  server.RaftServerConfigKeys (ConfUtils.java:logGet(46)) - raft.server.log.use.memory = false (default)
2024-12-14 12:23:33,455 INFO  server.RaftServerConfigKeys (ConfUtils.java:logGet(46)) - raft.server.log.purge.gap = 1024 (default)
2024-12-14 12:23:33,455 INFO  server.RaftServerConfigKeys (ConfUtils.java:logGet(46)) - raft.server.log.appender.buffer.byte-limit = 4MB (=4194304) (default)
2024-12-14 12:23:33,455 INFO  server.RaftServerConfigKeys (ConfUtils.java:logGet(46)) - raft.server.log.statemachine.data.read.timeout = 1000ms (default)
2024-12-14 12:23:33,456 INFO  server.RaftServerConfigKeys (ConfUtils.java:logGet(46)) - raft.server.log.purge.preservation.log.num = 0 (default)
2024-12-14 12:23:33,456 INFO  server.RaftServerConfigKeys (ConfUtils.java:logGet(46)) - raft.server.log.segment.size.max = 32MB (=33554432) (default)
2024-12-14 12:23:33,456 INFO  server.RaftServerConfigKeys (ConfUtils.java:logGet(46)) - raft.server.log.segment.cache.num.max = 6 (default)
2024-12-14 12:23:33,456 INFO  server.RaftServerConfigKeys (ConfUtils.java:logGet(46)) - raft.server.log.segment.cache.size.max = 200MB (=209715200) (default)
2024-12-14 12:23:33,456 INFO  server.RaftServerConfigKeys (ConfUtils.java:logGet(46)) - raft.server.log.appender.buffer.byte-limit = 4MB (=4194304) (default)
2024-12-14 12:23:33,456 INFO  util.AwaitToRun (AwaitToRun.java:start(81)) - Thread[s0@group-4E8C8EA4E78F-cacheEviction-AwaitToRun,5,main] started
2024-12-14 12:23:33,456 INFO  segmented.SegmentedRaftLogWorker (SegmentedRaftLogWorker.java:<init>(189)) - new s0@group-4E8C8EA4E78F-SegmentedRaftLogWorker for RaftStorageImpl:Storage Directory /home/runner/work/ratis/ratis/ratis-examples/target/test/data/da5193cb/MiniRaftClusterWithSimulatedRpced10c1e3/s0/4ab7e727-f211-4630-9abd-4e8c8ea4e78f
2024-12-14 12:23:33,456 INFO  server.RaftServerConfigKeys (ConfUtils.java:logGet(46)) - raft.server.log.queue.byte-limit = 64MB (=67108864) (default)
2024-12-14 12:23:33,456 INFO  server.RaftServerConfigKeys (ConfUtils.java:logGet(46)) - raft.server.log.queue.element-limit = 4096 (default)
2024-12-14 12:23:33,456 INFO  server.RaftServerConfigKeys (ConfUtils.java:logGet(46)) - raft.server.log.segment.size.max = 32MB (=33554432) (default)
2024-12-14 12:23:33,456 INFO  server.RaftServerConfigKeys (ConfUtils.java:logGet(46)) - raft.server.log.preallocated.size = 4MB (=4194304) (default)
2024-12-14 12:23:33,456 INFO  server.RaftServerConfigKeys (ConfUtils.java:logGet(46)) - raft.server.log.force.sync.num = 128 (default)
2024-12-14 12:23:33,457 INFO  server.RaftServerConfigKeys (ConfUtils.java:logGet(46)) - raft.server.log.statemachine.data.sync = true (default)
2024-12-14 12:23:33,457 INFO  server.RaftServerConfigKeys (ConfUtils.java:logGet(46)) - raft.server.log.statemachine.data.sync.timeout = 10s (default)
2024-12-14 12:23:33,457 INFO  server.RaftServerConfigKeys (ConfUtils.java:logGet(46)) - raft.server.log.statemachine.data.sync.timeout.retry = -1 (default)
2024-12-14 12:23:33,457 INFO  server.RaftServerConfigKeys (ConfUtils.java:logGet(46)) - raft.server.log.write.buffer.size = 8MB (=8388608) (default)
2024-12-14 12:23:33,458 INFO  server.RaftServerConfigKeys (ConfUtils.java:logGet(46)) - raft.server.log.appender.buffer.byte-limit = 4MB (=4194304) (default)
2024-12-14 12:23:33,458 INFO  server.RaftServerConfigKeys (ConfUtils.java:logGet(46)) - raft.server.log.unsafe-flush.enabled = false (default)
2024-12-14 12:23:33,458 INFO  server.RaftServerConfigKeys (ConfUtils.java:logGet(46)) - raft.server.log.async-flush.enabled = false (default)
2024-12-14 12:23:33,458 INFO  server.RaftServerConfigKeys (ConfUtils.java:logGet(46)) - raft.server.log.statemachine.data.caching.enabled = false (default)
2024-12-14 12:23:33,459 INFO  segmented.SegmentedRaftLogWorker (SegmentedRaftLogWorker.java:lambda$new$0(140)) - s0@group-4E8C8EA4E78F-SegmentedRaftLogWorker: flushIndex: setUnconditionally 0 -> -1
2024-12-14 12:23:33,459 INFO  segmented.SegmentedRaftLogWorker (SegmentedRaftLogWorker.java:lambda$new$0(140)) - s0@group-4E8C8EA4E78F-SegmentedRaftLogWorker: safeCacheEvictIndex: setUnconditionally 0 -> -1
2024-12-14 12:23:33,459 INFO  server.RaftServer$Division (RaftServerImpl.java:start(398)) - s0@group-4E8C8EA4E78F: start with initializing state, conf=conf: {index: -1, cur=peers:[]|listeners:[], old=null}
2024-12-14 12:23:33,459 INFO  server.RaftServer$Division (RaftServerImpl.java:setRole(379)) - s0@group-4E8C8EA4E78F: changes role from      null to FOLLOWER at term 0 for start
2024-12-14 12:23:33,459 INFO  util.JmxRegister (JmxRegister.java:tryRegister(44)) - Successfully registered JMX Bean with object name Ratis:service=RaftServer,group=group-4E8C8EA4E78F,id=s0
2024-12-14 12:23:33,459 INFO  util.JmxRegister (JmxRegister.java:register(58)) - register mxBean class org.apache.ratis.server.impl.RaftServerJmxAdapter as Ratis:service=RaftServer,group=group-4E8C8EA4E78F,id=s0
2024-12-14 12:23:33,459 INFO  server.RaftServerConfigKeys (ConfUtils.java:logGet(46)) - raft.server.snapshot.trigger-when-stop.enabled = true (default)
2024-12-14 12:23:33,459 INFO  server.RaftServerConfigKeys (ConfUtils.java:logGet(46)) - raft.server.snapshot.trigger-when-remove.enabled = true (default)
2024-12-14 12:23:33,459 INFO  server.RaftServerConfigKeys (ConfUtils.java:logGet(46)) - raft.server.snapshot.auto.trigger.enabled = false (default)
2024-12-14 12:23:33,459 INFO  server.RaftServerConfigKeys (ConfUtils.java:logGet(46)) - raft.server.snapshot.retention.file.num = -1 (default)
2024-12-14 12:23:33,459 INFO  server.RaftServerConfigKeys (ConfUtils.java:logGet(46)) - raft.server.log.purge.upto.snapshot.index = false (default)
2024-12-14 12:23:33,460 INFO  server.RaftServer$Division (RaftServerImpl.java:start(406)) - s0@group-4E8C8EA4E78F: Successfully started.
2024-12-14 12:23:33,461 INFO  server.RaftServer (RaftServerProxy.java:addNew(101)) - s1: addNew group-4E8C8EA4E78F:[] returns group-4E8C8EA4E78F:java.util.concurrent.CompletableFuture@3e76a102[Not completed]
2024-12-14 12:23:33,461 INFO  server.RaftServer$Division (RaftServerImpl.java:<init>(256)) - s1: new RaftServerImpl for group-4E8C8EA4E78F:[] with ArithmeticStateMachine:uninitialized
2024-12-14 12:23:33,461 INFO  server.RaftServerConfigKeys (ConfUtils.java:logGet(46)) - raft.server.rpc.timeout.min = 300ms (custom)
2024-12-14 12:23:33,461 INFO  server.RaftServerConfigKeys (ConfUtils.java:logGet(46)) - raft.server.rpc.timeout.max = 600ms (custom)
2024-12-14 12:23:33,461 INFO  server.RaftServerConfigKeys (ConfUtils.java:logGet(46)) - raft.server.rpc.sleep.time = 25ms (default)
2024-12-14 12:23:33,461 INFO  server.RaftServerConfigKeys (ConfUtils.java:logGet(46)) - raft.server.rpc.slowness.timeout = 60s (default)
2024-12-14 12:23:33,461 INFO  server.RaftServerConfigKeys (ConfUtils.java:logGet(46)) - raft.server.leaderelection.leader.step-down.wait-time = 10s (default)
2024-12-14 12:23:33,462 INFO  server.RaftServerConfigKeys (ConfUtils.java:logGet(46)) - raft.server.leaderelection.member.majority-add = false (default)
2024-12-14 12:23:33,462 INFO  server.RaftServerConfigKeys (ConfUtils.java:logGet(46)) - raft.server.sleep.deviation.threshold = 300ms (default)
2024-12-14 12:23:33,462 INFO  server.RaftServer$Division (ServerState.java:<init>(114)) - s1@group-4E8C8EA4E78F: ConfigurationManager, init=conf: {index: -1, cur=peers:[]|listeners:[], old=null}, confs=<EMPTY_MAP>
2024-12-14 12:23:33,462 INFO  server.RaftServerConfigKeys (ConfUtils.java:logGet(46)) - raft.server.notification.no-leader.timeout = 60s (default)
2024-12-14 12:23:33,462 INFO  server.RaftServerConfigKeys (ConfUtils.java:logGet(46)) - raft.server.read.timeout = 10s (default)
2024-12-14 12:23:33,462 INFO  server.RaftServerConfigKeys (ConfUtils.java:logGet(46)) - raft.server.retrycache.expirytime = 60s (default)
2024-12-14 12:23:33,462 INFO  server.RaftServerConfigKeys (ConfUtils.java:logGet(46)) - raft.server.retrycache.statistics.expirytime = 100ms (default)
2024-12-14 12:23:33,462 INFO  server.RaftServerConfigKeys (ConfUtils.java:logGet(46)) - raft.server.read.option = DEFAULT (default)
2024-12-14 12:23:33,462 INFO  server.RaftServerConfigKeys (ConfUtils.java:logGet(46)) - raft.server.read.read-after-write-consistent.write-index-cache.expiry-time = 60s (default)
2024-12-14 12:23:33,463 INFO  server.RaftServerConfigKeys (ConfUtils.java:logGet(46)) - raft.server.rpc.request.timeout = 3000ms (default)
2024-12-14 12:23:33,463 INFO  server.RaftServerConfigKeys (ConfUtils.java:logGet(46)) - raft.server.log.appender.install.snapshot.enabled = true (default)
2024-12-14 12:23:33,463 INFO  server.RaftServerConfigKeys (ConfUtils.java:logGet(46)) - raft.server.threadpool.server.cached = true (default)
2024-12-14 12:23:33,463 INFO  server.RaftServerConfigKeys (ConfUtils.java:logGet(46)) - raft.server.threadpool.server.size = 0 (default)
2024-12-14 12:23:33,463 INFO  server.RaftServerConfigKeys (ConfUtils.java:logGet(46)) - raft.server.threadpool.client.cached = true (default)
2024-12-14 12:23:33,463 INFO  server.RaftServerConfigKeys (ConfUtils.java:logGet(46)) - raft.server.threadpool.client.size = 0 (default)
2024-12-14 12:23:33,463 INFO  server.RaftServerConfigKeys (ConfUtils.java:logGet(46)) - raft.server.storage.free-space.min = 0MB (=0) (default)
2024-12-14 12:23:33,463 INFO  server.RaftServerConfigKeys (ConfUtils.java:logGet(46)) - raft.server.log.corruption.policy = EXCEPTION (default)
2024-12-14 12:23:33,464 INFO  server.RaftServerConfigKeys (ConfUtils.java:logGet(46)) - raft.server.storage.dir = [/home/runner/work/ratis/ratis/ratis-examples/target/test/data/da5193cb/MiniRaftClusterWithSimulatedRpced10c1e3/s1] (custom)
2024-12-14 12:23:33,464 INFO  storage.RaftStorageDirectory (RaftStorageDirectoryImpl.java:analyzeStorage(138)) - The storage directory /home/runner/work/ratis/ratis/ratis-examples/target/test/data/da5193cb/MiniRaftClusterWithSimulatedRpced10c1e3/s1/4ab7e727-f211-4630-9abd-4e8c8ea4e78f does not exist. Creating ...
2024-12-14 12:23:33,464 TRACE util.FileUtils (LogUtils.java:runAndLog(49)) - Successfully ran Files.createDirectories /home/runner/work/ratis/ratis/ratis-examples/target/test/data/da5193cb/MiniRaftClusterWithSimulatedRpced10c1e3/s1/4ab7e727-f211-4630-9abd-4e8c8ea4e78f
2024-12-14 12:23:33,465 INFO  storage.RaftStorageDirectory (RaftStorageDirectoryImpl.java:tryLock(229)) - Lock on /home/runner/work/ratis/ratis/ratis-examples/target/test/data/da5193cb/MiniRaftClusterWithSimulatedRpced10c1e3/s1/4ab7e727-f211-4630-9abd-4e8c8ea4e78f/in_use.lock acquired by nodename 14700@fv-az733-880
2024-12-14 12:23:33,465 TRACE util.FileUtils (LogUtils.java:runAndLog(49)) - Successfully ran Files.createDirectories /home/runner/work/ratis/ratis/ratis-examples/target/test/data/da5193cb/MiniRaftClusterWithSimulatedRpced10c1e3/s1/4ab7e727-f211-4630-9abd-4e8c8ea4e78f/current
2024-12-14 12:23:33,465 TRACE util.FileUtils (LogUtils.java:runAndLog(49)) - Successfully ran Files.createDirectories /home/runner/work/ratis/ratis/ratis-examples/target/test/data/da5193cb/MiniRaftClusterWithSimulatedRpced10c1e3/s1/4ab7e727-f211-4630-9abd-4e8c8ea4e78f/sm
2024-12-14 12:23:33,465 TRACE util.FileUtils (LogUtils.java:supplyAndLog(69)) - Successfully supplied FileChannel.open /home/runner/work/ratis/ratis/ratis-examples/target/test/data/da5193cb/MiniRaftClusterWithSimulatedRpced10c1e3/s1/4ab7e727-f211-4630-9abd-4e8c8ea4e78f/current/raft-meta.tmp with options [CREATE, WRITE]: sun.nio.ch.FileChannelImpl@23f7af14
2024-12-14 12:23:33,467 TRACE util.FileUtils (LogUtils.java:runAndLog(49)) - Successfully ran Atomic Files.move /home/runner/work/ratis/ratis/ratis-examples/target/test/data/da5193cb/MiniRaftClusterWithSimulatedRpced10c1e3/s1/4ab7e727-f211-4630-9abd-4e8c8ea4e78f/current/raft-meta.tmp to /home/runner/work/ratis/ratis/ratis-examples/target/test/data/da5193cb/MiniRaftClusterWithSimulatedRpced10c1e3/s1/4ab7e727-f211-4630-9abd-4e8c8ea4e78f/current/raft-meta with options [REPLACE_EXISTING]
2024-12-14 12:23:33,467 INFO  storage.RaftStorage (RaftStorageImpl.java:format(98)) - Storage directory /home/runner/work/ratis/ratis/ratis-examples/target/test/data/da5193cb/MiniRaftClusterWithSimulatedRpced10c1e3/s1/4ab7e727-f211-4630-9abd-4e8c8ea4e78f has been successfully formatted.
2024-12-14 12:23:33,467 WARN  statemachine.StateMachine (ArithmeticStateMachine.java:loadSnapshot(115)) - The snapshot info is null.
2024-12-14 12:23:33,467 INFO  server.RaftServerConfigKeys (ConfUtils.java:logGet(46)) - raft.server.log.use.memory = false (default)
2024-12-14 12:23:33,468 INFO  server.RaftServerConfigKeys (ConfUtils.java:logGet(46)) - raft.server.log.purge.gap = 1024 (default)
2024-12-14 12:23:33,468 INFO  server.RaftServerConfigKeys (ConfUtils.java:logGet(46)) - raft.server.log.appender.buffer.byte-limit = 4MB (=4194304) (default)
2024-12-14 12:23:33,468 INFO  server.RaftServerConfigKeys (ConfUtils.java:logGet(46)) - raft.server.log.statemachine.data.read.timeout = 1000ms (default)
2024-12-14 12:23:33,468 INFO  server.RaftServerConfigKeys (ConfUtils.java:logGet(46)) - raft.server.log.purge.preservation.log.num = 0 (default)
2024-12-14 12:23:33,468 INFO  server.RaftServerConfigKeys (ConfUtils.java:logGet(46)) - raft.server.log.segment.size.max = 32MB (=33554432) (default)
2024-12-14 12:23:33,468 INFO  server.RaftServerConfigKeys (ConfUtils.java:logGet(46)) - raft.server.log.segment.cache.num.max = 6 (default)
2024-12-14 12:23:33,468 INFO  server.RaftServerConfigKeys (ConfUtils.java:logGet(46)) - raft.server.log.segment.cache.size.max = 200MB (=209715200) (default)
2024-12-14 12:23:33,468 INFO  server.RaftServerConfigKeys (ConfUtils.java:logGet(46)) - raft.server.log.appender.buffer.byte-limit = 4MB (=4194304) (default)
2024-12-14 12:23:33,468 INFO  util.AwaitToRun (AwaitToRun.java:start(81)) - Thread[s1@group-4E8C8EA4E78F-cacheEviction-AwaitToRun,5,main] started
2024-12-14 12:23:33,468 INFO  segmented.SegmentedRaftLogWorker (SegmentedRaftLogWorker.java:<init>(189)) - new s1@group-4E8C8EA4E78F-SegmentedRaftLogWorker for RaftStorageImpl:Storage Directory /home/runner/work/ratis/ratis/ratis-examples/target/test/data/da5193cb/MiniRaftClusterWithSimulatedRpced10c1e3/s1/4ab7e727-f211-4630-9abd-4e8c8ea4e78f
2024-12-14 12:23:33,468 INFO  server.RaftServerConfigKeys (ConfUtils.java:logGet(46)) - raft.server.log.queue.byte-limit = 64MB (=67108864) (default)
2024-12-14 12:23:33,469 INFO  server.RaftServerConfigKeys (ConfUtils.java:logGet(46)) - raft.server.log.queue.element-limit = 4096 (default)
2024-12-14 12:23:33,469 INFO  server.RaftServerConfigKeys (ConfUtils.java:logGet(46)) - raft.server.log.segment.size.max = 32MB (=33554432) (default)
2024-12-14 12:23:33,469 INFO  server.RaftServerConfigKeys (ConfUtils.java:logGet(46)) - raft.server.log.preallocated.size = 4MB (=4194304) (default)
2024-12-14 12:23:33,469 INFO  server.RaftServerConfigKeys (ConfUtils.java:logGet(46)) - raft.server.log.force.sync.num = 128 (default)
2024-12-14 12:23:33,469 INFO  server.RaftServerConfigKeys (ConfUtils.java:logGet(46)) - raft.server.log.statemachine.data.sync = true (default)
2024-12-14 12:23:33,469 INFO  server.RaftServerConfigKeys (ConfUtils.java:logGet(46)) - raft.server.log.statemachine.data.sync.timeout = 10s (default)
2024-12-14 12:23:33,469 INFO  server.RaftServerConfigKeys (ConfUtils.java:logGet(46)) - raft.server.log.statemachine.data.sync.timeout.retry = -1 (default)
2024-12-14 12:23:33,469 INFO  server.RaftServerConfigKeys (ConfUtils.java:logGet(46)) - raft.server.log.write.buffer.size = 8MB (=8388608) (default)
2024-12-14 12:23:33,470 INFO  server.RaftServerConfigKeys (ConfUtils.java:logGet(46)) - raft.server.log.appender.buffer.byte-limit = 4MB (=4194304) (default)
2024-12-14 12:23:33,470 INFO  server.RaftServerConfigKeys (ConfUtils.java:logGet(46)) - raft.server.log.unsafe-flush.enabled = false (default)
2024-12-14 12:23:33,471 INFO  server.RaftServerConfigKeys (ConfUtils.java:logGet(46)) - raft.server.log.async-flush.enabled = false (default)
2024-12-14 12:23:33,471 INFO  server.RaftServerConfigKeys (ConfUtils.java:logGet(46)) - raft.server.log.statemachine.data.caching.enabled = false (default)
2024-12-14 12:23:33,471 INFO  segmented.SegmentedRaftLogWorker (SegmentedRaftLogWorker.java:lambda$new$0(140)) - s1@group-4E8C8EA4E78F-SegmentedRaftLogWorker: flushIndex: setUnconditionally 0 -> -1
2024-12-14 12:23:33,471 INFO  segmented.SegmentedRaftLogWorker (SegmentedRaftLogWorker.java:lambda$new$0(140)) - s1@group-4E8C8EA4E78F-SegmentedRaftLogWorker: safeCacheEvictIndex: setUnconditionally 0 -> -1
2024-12-14 12:23:33,471 INFO  server.RaftServer$Division (RaftServerImpl.java:start(398)) - s1@group-4E8C8EA4E78F: start with initializing state, conf=conf: {index: -1, cur=peers:[]|listeners:[], old=null}
2024-12-14 12:23:33,471 INFO  server.RaftServer$Division (RaftServerImpl.java:setRole(379)) - s1@group-4E8C8EA4E78F: changes role from      null to FOLLOWER at term 0 for start
2024-12-14 12:23:33,471 INFO  util.JmxRegister (JmxRegister.java:tryRegister(44)) - Successfully registered JMX Bean with object name Ratis:service=RaftServer,group=group-4E8C8EA4E78F,id=s1
2024-12-14 12:23:33,471 INFO  util.JmxRegister (JmxRegister.java:register(58)) - register mxBean class org.apache.ratis.server.impl.RaftServerJmxAdapter as Ratis:service=RaftServer,group=group-4E8C8EA4E78F,id=s1
2024-12-14 12:23:33,471 INFO  server.RaftServerConfigKeys (ConfUtils.java:logGet(46)) - raft.server.snapshot.trigger-when-stop.enabled = true (default)
2024-12-14 12:23:33,471 INFO  server.RaftServerConfigKeys (ConfUtils.java:logGet(46)) - raft.server.snapshot.trigger-when-remove.enabled = true (default)
2024-12-14 12:23:33,471 INFO  server.RaftServerConfigKeys (ConfUtils.java:logGet(46)) - raft.server.snapshot.auto.trigger.enabled = false (default)
2024-12-14 12:23:33,472 INFO  server.RaftServerConfigKeys (ConfUtils.java:logGet(46)) - raft.server.snapshot.retention.file.num = -1 (default)
2024-12-14 12:23:33,472 INFO  server.RaftServerConfigKeys (ConfUtils.java:logGet(46)) - raft.server.log.purge.upto.snapshot.index = false (default)
2024-12-14 12:23:33,472 INFO  server.RaftServer$Division (RaftServerImpl.java:start(406)) - s1@group-4E8C8EA4E78F: Successfully started.
2024-12-14 12:23:33,472 INFO  impl.GroupManagementBaseTest (GroupManagementBaseTest.java:runMultiGroupTest(322)) - 1) groupAdd: printing group-154805CE7F48
2024-12-14 12:23:33,473 INFO  server.RaftServer (RaftServerProxy.java:addNew(101)) - s11: addNew group-4E8C8EA4E78F:[] returns group-4E8C8EA4E78F:java.util.concurrent.CompletableFuture@3508bf30[Not completed]
2024-12-14 12:23:33,473 INFO  server.RaftServer$Division (RaftServerImpl.java:<init>(256)) - s11: new RaftServerImpl for group-4E8C8EA4E78F:[] with ArithmeticStateMachine:uninitialized
2024-12-14 12:23:33,473 INFO  server.RaftServerConfigKeys (ConfUtils.java:logGet(46)) - raft.server.rpc.timeout.min = 300ms (custom)
2024-12-14 12:23:33,473 INFO  server.RaftServerConfigKeys (ConfUtils.java:logGet(46)) - raft.server.rpc.timeout.max = 600ms (custom)
2024-12-14 12:23:33,473 INFO  server.RaftServerConfigKeys (ConfUtils.java:logGet(46)) - raft.server.rpc.sleep.time = 25ms (default)
2024-12-14 12:23:33,473 INFO  server.RaftServerConfigKeys (ConfUtils.java:logGet(46)) - raft.server.rpc.slowness.timeout = 60s (default)
2024-12-14 12:23:33,473 INFO  server.RaftServerConfigKeys (ConfUtils.java:logGet(46)) - raft.server.leaderelection.leader.step-down.wait-time = 10s (default)
2024-12-14 12:23:33,473 INFO  server.RaftServerConfigKeys (ConfUtils.java:logGet(46)) - raft.server.leaderelection.member.majority-add = false (default)
2024-12-14 12:23:33,473 INFO  server.RaftServerConfigKeys (ConfUtils.java:logGet(46)) - raft.server.sleep.deviation.threshold = 300ms (default)
2024-12-14 12:23:33,473 INFO  server.RaftServer$Division (ServerState.java:<init>(114)) - s11@group-4E8C8EA4E78F: ConfigurationManager, init=conf: {index: -1, cur=peers:[]|listeners:[], old=null}, confs=<EMPTY_MAP>
2024-12-14 12:23:33,474 INFO  server.RaftServerConfigKeys (ConfUtils.java:logGet(46)) - raft.server.notification.no-leader.timeout = 60s (default)
2024-12-14 12:23:33,474 INFO  server.RaftServerConfigKeys (ConfUtils.java:logGet(46)) - raft.server.read.timeout = 10s (default)
2024-12-14 12:23:33,474 INFO  server.RaftServerConfigKeys (ConfUtils.java:logGet(46)) - raft.server.retrycache.expirytime = 60s (default)
2024-12-14 12:23:33,474 INFO  server.RaftServerConfigKeys (ConfUtils.java:logGet(46)) - raft.server.retrycache.statistics.expirytime = 100ms (default)
2024-12-14 12:23:33,474 INFO  server.RaftServerConfigKeys (ConfUtils.java:logGet(46)) - raft.server.read.option = DEFAULT (default)
2024-12-14 12:23:33,474 INFO  server.RaftServerConfigKeys (ConfUtils.java:logGet(46)) - raft.server.read.read-after-write-consistent.write-index-cache.expiry-time = 60s (default)
2024-12-14 12:23:33,475 INFO  server.RaftServerConfigKeys (ConfUtils.java:logGet(46)) - raft.server.rpc.request.timeout = 3000ms (default)
2024-12-14 12:23:33,475 INFO  server.RaftServerConfigKeys (ConfUtils.java:logGet(46)) - raft.server.log.appender.install.snapshot.enabled = true (default)
2024-12-14 12:23:33,475 INFO  server.RaftServerConfigKeys (ConfUtils.java:logGet(46)) - raft.server.threadpool.server.cached = true (default)
2024-12-14 12:23:33,475 INFO  server.RaftServerConfigKeys (ConfUtils.java:logGet(46)) - raft.server.threadpool.server.size = 0 (default)
2024-12-14 12:23:33,475 INFO  server.RaftServerConfigKeys (ConfUtils.java:logGet(46)) - raft.server.threadpool.client.cached = true (default)
2024-12-14 12:23:33,475 INFO  server.RaftServerConfigKeys (ConfUtils.java:logGet(46)) - raft.server.threadpool.client.size = 0 (default)
2024-12-14 12:23:33,475 INFO  server.RaftServerConfigKeys (ConfUtils.java:logGet(46)) - raft.server.storage.free-space.min = 0MB (=0) (default)
2024-12-14 12:23:33,475 INFO  server.RaftServerConfigKeys (ConfUtils.java:logGet(46)) - raft.server.log.corruption.policy = EXCEPTION (default)
2024-12-14 12:23:33,475 INFO  server.RaftServerConfigKeys (ConfUtils.java:logGet(46)) - raft.server.storage.dir = [/home/runner/work/ratis/ratis/ratis-examples/target/test/data/da5193cb/MiniRaftClusterWithSimulatedRpced10c1e3/s11] (custom)
2024-12-14 12:23:33,476 INFO  storage.RaftStorageDirectory (RaftStorageDirectoryImpl.java:analyzeStorage(138)) - The storage directory /home/runner/work/ratis/ratis/ratis-examples/target/test/data/da5193cb/MiniRaftClusterWithSimulatedRpced10c1e3/s11/4ab7e727-f211-4630-9abd-4e8c8ea4e78f does not exist. Creating ...
2024-12-14 12:23:33,476 TRACE util.FileUtils (LogUtils.java:runAndLog(49)) - Successfully ran Files.createDirectories /home/runner/work/ratis/ratis/ratis-examples/target/test/data/da5193cb/MiniRaftClusterWithSimulatedRpced10c1e3/s11/4ab7e727-f211-4630-9abd-4e8c8ea4e78f
2024-12-14 12:23:33,477 INFO  storage.RaftStorageDirectory (RaftStorageDirectoryImpl.java:tryLock(229)) - Lock on /home/runner/work/ratis/ratis/ratis-examples/target/test/data/da5193cb/MiniRaftClusterWithSimulatedRpced10c1e3/s11/4ab7e727-f211-4630-9abd-4e8c8ea4e78f/in_use.lock acquired by nodename 14700@fv-az733-880
2024-12-14 12:23:33,477 TRACE util.FileUtils (LogUtils.java:runAndLog(49)) - Successfully ran Files.createDirectories /home/runner/work/ratis/ratis/ratis-examples/target/test/data/da5193cb/MiniRaftClusterWithSimulatedRpced10c1e3/s11/4ab7e727-f211-4630-9abd-4e8c8ea4e78f/current
2024-12-14 12:23:33,477 TRACE util.FileUtils (LogUtils.java:runAndLog(49)) - Successfully ran Files.createDirectories /home/runner/work/ratis/ratis/ratis-examples/target/test/data/da5193cb/MiniRaftClusterWithSimulatedRpced10c1e3/s11/4ab7e727-f211-4630-9abd-4e8c8ea4e78f/sm
2024-12-14 12:23:33,477 TRACE util.FileUtils (LogUtils.java:supplyAndLog(69)) - Successfully supplied FileChannel.open /home/runner/work/ratis/ratis/ratis-examples/target/test/data/da5193cb/MiniRaftClusterWithSimulatedRpced10c1e3/s11/4ab7e727-f211-4630-9abd-4e8c8ea4e78f/current/raft-meta.tmp with options [CREATE, WRITE]: sun.nio.ch.FileChannelImpl@63f3c15d
2024-12-14 12:23:33,478 TRACE util.FileUtils (LogUtils.java:runAndLog(49)) - Successfully ran Atomic Files.move /home/runner/work/ratis/ratis/ratis-examples/target/test/data/da5193cb/MiniRaftClusterWithSimulatedRpced10c1e3/s11/4ab7e727-f211-4630-9abd-4e8c8ea4e78f/current/raft-meta.tmp to /home/runner/work/ratis/ratis/ratis-examples/target/test/data/da5193cb/MiniRaftClusterWithSimulatedRpced10c1e3/s11/4ab7e727-f211-4630-9abd-4e8c8ea4e78f/current/raft-meta with options [REPLACE_EXISTING]
2024-12-14 12:23:33,478 INFO  storage.RaftStorage (RaftStorageImpl.java:format(98)) - Storage directory /home/runner/work/ratis/ratis/ratis-examples/target/test/data/da5193cb/MiniRaftClusterWithSimulatedRpced10c1e3/s11/4ab7e727-f211-4630-9abd-4e8c8ea4e78f has been successfully formatted.
2024-12-14 12:23:33,479 WARN  statemachine.StateMachine (ArithmeticStateMachine.java:loadSnapshot(115)) - The snapshot info is null.
2024-12-14 12:23:33,479 INFO  server.RaftServerConfigKeys (ConfUtils.java:logGet(46)) - raft.server.log.use.memory = false (default)
2024-12-14 12:23:33,479 INFO  server.RaftServerConfigKeys (ConfUtils.java:logGet(46)) - raft.server.log.purge.gap = 1024 (default)
2024-12-14 12:23:33,479 INFO  server.RaftServerConfigKeys (ConfUtils.java:logGet(46)) - raft.server.log.appender.buffer.byte-limit = 4MB (=4194304) (default)
2024-12-14 12:23:33,479 INFO  server.RaftServerConfigKeys (ConfUtils.java:logGet(46)) - raft.server.log.statemachine.data.read.timeout = 1000ms (default)
2024-12-14 12:23:33,479 INFO  server.RaftServerConfigKeys (ConfUtils.java:logGet(46)) - raft.server.log.purge.preservation.log.num = 0 (default)
2024-12-14 12:23:33,480 INFO  server.RaftServerConfigKeys (ConfUtils.java:logGet(46)) - raft.server.log.segment.size.max = 32MB (=33554432) (default)
2024-12-14 12:23:33,480 INFO  server.RaftServerConfigKeys (ConfUtils.java:logGet(46)) - raft.server.log.segment.cache.num.max = 6 (default)
2024-12-14 12:23:33,480 INFO  server.RaftServerConfigKeys (ConfUtils.java:logGet(46)) - raft.server.log.segment.cache.size.max = 200MB (=209715200) (default)
2024-12-14 12:23:33,480 INFO  server.RaftServerConfigKeys (ConfUtils.java:logGet(46)) - raft.server.log.appender.buffer.byte-limit = 4MB (=4194304) (default)
2024-12-14 12:23:33,480 INFO  util.AwaitToRun (AwaitToRun.java:start(81)) - Thread[s11@group-4E8C8EA4E78F-cacheEviction-AwaitToRun,5,main] started
2024-12-14 12:23:33,480 INFO  segmented.SegmentedRaftLogWorker (SegmentedRaftLogWorker.java:<init>(189)) - new s11@group-4E8C8EA4E78F-SegmentedRaftLogWorker for RaftStorageImpl:Storage Directory /home/runner/work/ratis/ratis/ratis-examples/target/test/data/da5193cb/MiniRaftClusterWithSimulatedRpced10c1e3/s11/4ab7e727-f211-4630-9abd-4e8c8ea4e78f
2024-12-14 12:23:33,480 INFO  server.RaftServerConfigKeys (ConfUtils.java:logGet(46)) - raft.server.log.queue.byte-limit = 64MB (=67108864) (default)
2024-12-14 12:23:33,480 INFO  server.RaftServerConfigKeys (ConfUtils.java:logGet(46)) - raft.server.log.queue.element-limit = 4096 (default)
2024-12-14 12:23:33,480 INFO  server.RaftServerConfigKeys (ConfUtils.java:logGet(46)) - raft.server.log.segment.size.max = 32MB (=33554432) (default)
2024-12-14 12:23:33,481 INFO  server.RaftServerConfigKeys (ConfUtils.java:logGet(46)) - raft.server.log.preallocated.size = 4MB (=4194304) (default)
2024-12-14 12:23:33,481 INFO  server.RaftServerConfigKeys (ConfUtils.java:logGet(46)) - raft.server.log.force.sync.num = 128 (default)
2024-12-14 12:23:33,481 INFO  server.RaftServerConfigKeys (ConfUtils.java:logGet(46)) - raft.server.log.statemachine.data.sync = true (default)
2024-12-14 12:23:33,481 INFO  server.RaftServerConfigKeys (ConfUtils.java:logGet(46)) - raft.server.log.statemachine.data.sync.timeout = 10s (default)
2024-12-14 12:23:33,481 INFO  server.RaftServerConfigKeys (ConfUtils.java:logGet(46)) - raft.server.log.statemachine.data.sync.timeout.retry = -1 (default)
2024-12-14 12:23:33,481 INFO  server.RaftServerConfigKeys (ConfUtils.java:logGet(46)) - raft.server.log.write.buffer.size = 8MB (=8388608) (default)
2024-12-14 12:23:33,482 INFO  server.RaftServerConfigKeys (ConfUtils.java:logGet(46)) - raft.server.log.appender.buffer.byte-limit = 4MB (=4194304) (default)
2024-12-14 12:23:33,482 INFO  server.RaftServerConfigKeys (ConfUtils.java:logGet(46)) - raft.server.log.unsafe-flush.enabled = false (default)
2024-12-14 12:23:33,483 INFO  server.RaftServerConfigKeys (ConfUtils.java:logGet(46)) - raft.server.log.async-flush.enabled = false (default)
2024-12-14 12:23:33,483 INFO  server.RaftServerConfigKeys (ConfUtils.java:logGet(46)) - raft.server.log.statemachine.data.caching.enabled = false (default)
2024-12-14 12:23:33,483 INFO  segmented.SegmentedRaftLogWorker (SegmentedRaftLogWorker.java:lambda$new$0(140)) - s11@group-4E8C8EA4E78F-SegmentedRaftLogWorker: flushIndex: setUnconditionally 0 -> -1
2024-12-14 12:23:33,483 INFO  segmented.SegmentedRaftLogWorker (SegmentedRaftLogWorker.java:lambda$new$0(140)) - s11@group-4E8C8EA4E78F-SegmentedRaftLogWorker: safeCacheEvictIndex: setUnconditionally 0 -> -1
2024-12-14 12:23:33,483 INFO  server.RaftServer$Division (RaftServerImpl.java:start(398)) - s11@group-4E8C8EA4E78F: start with initializing state, conf=conf: {index: -1, cur=peers:[]|listeners:[], old=null}
2024-12-14 12:23:33,483 INFO  server.RaftServer$Division (RaftServerImpl.java:setRole(379)) - s11@group-4E8C8EA4E78F: changes role from      null to FOLLOWER at term 0 for start
2024-12-14 12:23:33,483 INFO  util.JmxRegister (JmxRegister.java:tryRegister(44)) - Successfully registered JMX Bean with object name Ratis:service=RaftServer,group=group-4E8C8EA4E78F,id=s11
2024-12-14 12:23:33,483 INFO  util.JmxRegister (JmxRegister.java:register(58)) - register mxBean class org.apache.ratis.server.impl.RaftServerJmxAdapter as Ratis:service=RaftServer,group=group-4E8C8EA4E78F,id=s11
2024-12-14 12:23:33,483 INFO  server.RaftServerConfigKeys (ConfUtils.java:logGet(46)) - raft.server.snapshot.trigger-when-stop.enabled = true (default)
2024-12-14 12:23:33,483 INFO  server.RaftServerConfigKeys (ConfUtils.java:logGet(46)) - raft.server.snapshot.trigger-when-remove.enabled = true (default)
2024-12-14 12:23:33,483 INFO  server.RaftServerConfigKeys (ConfUtils.java:logGet(46)) - raft.server.snapshot.auto.trigger.enabled = false (default)
2024-12-14 12:23:33,483 INFO  server.RaftServerConfigKeys (ConfUtils.java:logGet(46)) - raft.server.snapshot.retention.file.num = -1 (default)
2024-12-14 12:23:33,483 INFO  server.RaftServerConfigKeys (ConfUtils.java:logGet(46)) - raft.server.log.purge.upto.snapshot.index = false (default)
2024-12-14 12:23:33,484 INFO  server.RaftServer$Division (RaftServerImpl.java:start(406)) - s11@group-4E8C8EA4E78F: Successfully started.
2024-12-14 12:23:33,484 INFO  server.RaftServer (RaftServerProxy.java:addNew(101)) - s13: addNew group-4E8C8EA4E78F:[] returns group-4E8C8EA4E78F:java.util.concurrent.CompletableFuture@4a9cdac[Not completed]
2024-12-14 12:23:33,484 INFO  server.RaftServer$Division (RaftServerImpl.java:<init>(256)) - s13: new RaftServerImpl for group-4E8C8EA4E78F:[] with ArithmeticStateMachine:uninitialized
2024-12-14 12:23:33,484 INFO  server.RaftServerConfigKeys (ConfUtils.java:logGet(46)) - raft.server.rpc.timeout.min = 300ms (custom)
2024-12-14 12:23:33,484 INFO  server.RaftServerConfigKeys (ConfUtils.java:logGet(46)) - raft.server.rpc.timeout.max = 600ms (custom)
2024-12-14 12:23:33,484 INFO  server.RaftServerConfigKeys (ConfUtils.java:logGet(46)) - raft.server.rpc.sleep.time = 25ms (default)
2024-12-14 12:23:33,484 INFO  server.RaftServerConfigKeys (ConfUtils.java:logGet(46)) - raft.server.rpc.slowness.timeout = 60s (default)
2024-12-14 12:23:33,484 INFO  server.RaftServerConfigKeys (ConfUtils.java:logGet(46)) - raft.server.leaderelection.leader.step-down.wait-time = 10s (default)
2024-12-14 12:23:33,485 INFO  server.RaftServerConfigKeys (ConfUtils.java:logGet(46)) - raft.server.leaderelection.member.majority-add = false (default)
2024-12-14 12:23:33,485 INFO  server.RaftServerConfigKeys (ConfUtils.java:logGet(46)) - raft.server.sleep.deviation.threshold = 300ms (default)
2024-12-14 12:23:33,485 INFO  server.RaftServer$Division (ServerState.java:<init>(114)) - s13@group-4E8C8EA4E78F: ConfigurationManager, init=conf: {index: -1, cur=peers:[]|listeners:[], old=null}, confs=<EMPTY_MAP>
2024-12-14 12:23:33,485 INFO  server.RaftServerConfigKeys (ConfUtils.java:logGet(46)) - raft.server.notification.no-leader.timeout = 60s (default)
2024-12-14 12:23:33,485 INFO  server.RaftServerConfigKeys (ConfUtils.java:logGet(46)) - raft.server.read.timeout = 10s (default)
2024-12-14 12:23:33,485 INFO  server.RaftServerConfigKeys (ConfUtils.java:logGet(46)) - raft.server.retrycache.expirytime = 60s (default)
2024-12-14 12:23:33,485 INFO  server.RaftServerConfigKeys (ConfUtils.java:logGet(46)) - raft.server.retrycache.statistics.expirytime = 100ms (default)
2024-12-14 12:23:33,485 INFO  server.RaftServerConfigKeys (ConfUtils.java:logGet(46)) - raft.server.read.option = DEFAULT (default)
2024-12-14 12:23:33,485 INFO  server.RaftServerConfigKeys (ConfUtils.java:logGet(46)) - raft.server.read.read-after-write-consistent.write-index-cache.expiry-time = 60s (default)
2024-12-14 12:23:33,486 INFO  server.RaftServerConfigKeys (ConfUtils.java:logGet(46)) - raft.server.rpc.request.timeout = 3000ms (default)
2024-12-14 12:23:33,486 INFO  server.RaftServerConfigKeys (ConfUtils.java:logGet(46)) - raft.server.log.appender.install.snapshot.enabled = true (default)
2024-12-14 12:23:33,486 INFO  server.RaftServerConfigKeys (ConfUtils.java:logGet(46)) - raft.server.threadpool.server.cached = true (default)
2024-12-14 12:23:33,486 INFO  server.RaftServerConfigKeys (ConfUtils.java:logGet(46)) - raft.server.threadpool.server.size = 0 (default)
2024-12-14 12:23:33,486 INFO  server.RaftServerConfigKeys (ConfUtils.java:logGet(46)) - raft.server.threadpool.client.cached = true (default)
2024-12-14 12:23:33,486 INFO  server.RaftServerConfigKeys (ConfUtils.java:logGet(46)) - raft.server.threadpool.client.size = 0 (default)
2024-12-14 12:23:33,486 INFO  server.RaftServerConfigKeys (ConfUtils.java:logGet(46)) - raft.server.storage.free-space.min = 0MB (=0) (default)
2024-12-14 12:23:33,486 INFO  server.RaftServerConfigKeys (ConfUtils.java:logGet(46)) - raft.server.log.corruption.policy = EXCEPTION (default)
2024-12-14 12:23:33,486 INFO  server.RaftServerConfigKeys (ConfUtils.java:logGet(46)) - raft.server.storage.dir = [/home/runner/work/ratis/ratis/ratis-examples/target/test/data/da5193cb/MiniRaftClusterWithSimulatedRpced10c1e3/s13] (custom)
2024-12-14 12:23:33,486 INFO  storage.RaftStorageDirectory (RaftStorageDirectoryImpl.java:analyzeStorage(138)) - The storage directory /home/runner/work/ratis/ratis/ratis-examples/target/test/data/da5193cb/MiniRaftClusterWithSimulatedRpced10c1e3/s13/4ab7e727-f211-4630-9abd-4e8c8ea4e78f does not exist. Creating ...
2024-12-14 12:23:33,486 TRACE util.FileUtils (LogUtils.java:runAndLog(49)) - Successfully ran Files.createDirectories /home/runner/work/ratis/ratis/ratis-examples/target/test/data/da5193cb/MiniRaftClusterWithSimulatedRpced10c1e3/s13/4ab7e727-f211-4630-9abd-4e8c8ea4e78f
2024-12-14 12:23:33,488 INFO  storage.RaftStorageDirectory (RaftStorageDirectoryImpl.java:tryLock(229)) - Lock on /home/runner/work/ratis/ratis/ratis-examples/target/test/data/da5193cb/MiniRaftClusterWithSimulatedRpced10c1e3/s13/4ab7e727-f211-4630-9abd-4e8c8ea4e78f/in_use.lock acquired by nodename 14700@fv-az733-880
2024-12-14 12:23:33,488 TRACE util.FileUtils (LogUtils.java:runAndLog(49)) - Successfully ran Files.createDirectories /home/runner/work/ratis/ratis/ratis-examples/target/test/data/da5193cb/MiniRaftClusterWithSimulatedRpced10c1e3/s13/4ab7e727-f211-4630-9abd-4e8c8ea4e78f/current
2024-12-14 12:23:33,488 TRACE util.FileUtils (LogUtils.java:runAndLog(49)) - Successfully ran Files.createDirectories /home/runner/work/ratis/ratis/ratis-examples/target/test/data/da5193cb/MiniRaftClusterWithSimulatedRpced10c1e3/s13/4ab7e727-f211-4630-9abd-4e8c8ea4e78f/sm
2024-12-14 12:23:33,488 TRACE util.FileUtils (LogUtils.java:supplyAndLog(69)) - Successfully supplied FileChannel.open /home/runner/work/ratis/ratis/ratis-examples/target/test/data/da5193cb/MiniRaftClusterWithSimulatedRpced10c1e3/s13/4ab7e727-f211-4630-9abd-4e8c8ea4e78f/current/raft-meta.tmp with options [CREATE, WRITE]: sun.nio.ch.FileChannelImpl@796aad93
2024-12-14 12:23:33,491 TRACE util.FileUtils (LogUtils.java:runAndLog(49)) - Successfully ran Atomic Files.move /home/runner/work/ratis/ratis/ratis-examples/target/test/data/da5193cb/MiniRaftClusterWithSimulatedRpced10c1e3/s13/4ab7e727-f211-4630-9abd-4e8c8ea4e78f/current/raft-meta.tmp to /home/runner/work/ratis/ratis/ratis-examples/target/test/data/da5193cb/MiniRaftClusterWithSimulatedRpced10c1e3/s13/4ab7e727-f211-4630-9abd-4e8c8ea4e78f/current/raft-meta with options [REPLACE_EXISTING]
2024-12-14 12:23:33,491 INFO  storage.RaftStorage (RaftStorageImpl.java:format(98)) - Storage directory /home/runner/work/ratis/ratis/ratis-examples/target/test/data/da5193cb/MiniRaftClusterWithSimulatedRpced10c1e3/s13/4ab7e727-f211-4630-9abd-4e8c8ea4e78f has been successfully formatted.
2024-12-14 12:23:33,491 WARN  statemachine.StateMachine (ArithmeticStateMachine.java:loadSnapshot(115)) - The snapshot info is null.
2024-12-14 12:23:33,492 INFO  server.RaftServerConfigKeys (ConfUtils.java:logGet(46)) - raft.server.log.use.memory = false (default)
2024-12-14 12:23:33,492 INFO  server.RaftServerConfigKeys (ConfUtils.java:logGet(46)) - raft.server.log.purge.gap = 1024 (default)
2024-12-14 12:23:33,492 INFO  server.RaftServerConfigKeys (ConfUtils.java:logGet(46)) - raft.server.log.appender.buffer.byte-limit = 4MB (=4194304) (default)
2024-12-14 12:23:33,492 INFO  server.RaftServerConfigKeys (ConfUtils.java:logGet(46)) - raft.server.log.statemachine.data.read.timeout = 1000ms (default)
2024-12-14 12:23:33,492 INFO  server.RaftServerConfigKeys (ConfUtils.java:logGet(46)) - raft.server.log.purge.preservation.log.num = 0 (default)
2024-12-14 12:23:33,492 INFO  server.RaftServerConfigKeys (ConfUtils.java:logGet(46)) - raft.server.log.segment.size.max = 32MB (=33554432) (default)
2024-12-14 12:23:33,492 INFO  server.RaftServerConfigKeys (ConfUtils.java:logGet(46)) - raft.server.log.segment.cache.num.max = 6 (default)
2024-12-14 12:23:33,492 INFO  server.RaftServerConfigKeys (ConfUtils.java:logGet(46)) - raft.server.log.segment.cache.size.max = 200MB (=209715200) (default)
2024-12-14 12:23:33,492 INFO  server.RaftServerConfigKeys (ConfUtils.java:logGet(46)) - raft.server.log.appender.buffer.byte-limit = 4MB (=4194304) (default)
2024-12-14 12:23:33,492 INFO  util.AwaitToRun (AwaitToRun.java:start(81)) - Thread[s13@group-4E8C8EA4E78F-cacheEviction-AwaitToRun,5,main] started
2024-12-14 12:23:33,492 INFO  segmented.SegmentedRaftLogWorker (SegmentedRaftLogWorker.java:<init>(189)) - new s13@group-4E8C8EA4E78F-SegmentedRaftLogWorker for RaftStorageImpl:Storage Directory /home/runner/work/ratis/ratis/ratis-examples/target/test/data/da5193cb/MiniRaftClusterWithSimulatedRpced10c1e3/s13/4ab7e727-f211-4630-9abd-4e8c8ea4e78f
2024-12-14 12:23:33,492 INFO  server.RaftServerConfigKeys (ConfUtils.java:logGet(46)) - raft.server.log.queue.byte-limit = 64MB (=67108864) (default)
2024-12-14 12:23:33,493 INFO  server.RaftServerConfigKeys (ConfUtils.java:logGet(46)) - raft.server.log.queue.element-limit = 4096 (default)
2024-12-14 12:23:33,493 INFO  server.RaftServerConfigKeys (ConfUtils.java:logGet(46)) - raft.server.log.segment.size.max = 32MB (=33554432) (default)
2024-12-14 12:23:33,493 INFO  server.RaftServerConfigKeys (ConfUtils.java:logGet(46)) - raft.server.log.preallocated.size = 4MB (=4194304) (default)
2024-12-14 12:23:33,493 INFO  server.RaftServerConfigKeys (ConfUtils.java:logGet(46)) - raft.server.log.force.sync.num = 128 (default)
2024-12-14 12:23:33,493 INFO  server.RaftServerConfigKeys (ConfUtils.java:logGet(46)) - raft.server.log.statemachine.data.sync = true (default)
2024-12-14 12:23:33,493 INFO  server.RaftServerConfigKeys (ConfUtils.java:logGet(46)) - raft.server.log.statemachine.data.sync.timeout = 10s (default)
2024-12-14 12:23:33,493 INFO  server.RaftServerConfigKeys (ConfUtils.java:logGet(46)) - raft.server.log.statemachine.data.sync.timeout.retry = -1 (default)
2024-12-14 12:23:33,493 INFO  server.RaftServerConfigKeys (ConfUtils.java:logGet(46)) - raft.server.log.write.buffer.size = 8MB (=8388608) (default)
2024-12-14 12:23:33,495 INFO  server.RaftServerConfigKeys (ConfUtils.java:logGet(46)) - raft.server.log.appender.buffer.byte-limit = 4MB (=4194304) (default)
2024-12-14 12:23:33,495 INFO  server.RaftServerConfigKeys (ConfUtils.java:logGet(46)) - raft.server.log.unsafe-flush.enabled = false (default)
2024-12-14 12:23:33,495 INFO  server.RaftServerConfigKeys (ConfUtils.java:logGet(46)) - raft.server.log.async-flush.enabled = false (default)
2024-12-14 12:23:33,495 INFO  server.RaftServerConfigKeys (ConfUtils.java:logGet(46)) - raft.server.log.statemachine.data.caching.enabled = false (default)
2024-12-14 12:23:33,495 INFO  segmented.SegmentedRaftLogWorker (SegmentedRaftLogWorker.java:lambda$new$0(140)) - s13@group-4E8C8EA4E78F-SegmentedRaftLogWorker: flushIndex: setUnconditionally 0 -> -1
2024-12-14 12:23:33,495 INFO  segmented.SegmentedRaftLogWorker (SegmentedRaftLogWorker.java:lambda$new$0(140)) - s13@group-4E8C8EA4E78F-SegmentedRaftLogWorker: safeCacheEvictIndex: setUnconditionally 0 -> -1
2024-12-14 12:23:33,495 INFO  server.RaftServer$Division (RaftServerImpl.java:start(398)) - s13@group-4E8C8EA4E78F: start with initializing state, conf=conf: {index: -1, cur=peers:[]|listeners:[], old=null}
2024-12-14 12:23:33,495 INFO  server.RaftServer$Division (RaftServerImpl.java:setRole(379)) - s13@group-4E8C8EA4E78F: changes role from      null to FOLLOWER at term 0 for start
2024-12-14 12:23:33,495 INFO  util.JmxRegister (JmxRegister.java:tryRegister(44)) - Successfully registered JMX Bean with object name Ratis:service=RaftServer,group=group-4E8C8EA4E78F,id=s13
2024-12-14 12:23:33,495 INFO  util.JmxRegister (JmxRegister.java:register(58)) - register mxBean class org.apache.ratis.server.impl.RaftServerJmxAdapter as Ratis:service=RaftServer,group=group-4E8C8EA4E78F,id=s13
2024-12-14 12:23:33,496 INFO  server.RaftServerConfigKeys (ConfUtils.java:logGet(46)) - raft.server.snapshot.trigger-when-stop.enabled = true (default)
2024-12-14 12:23:33,496 INFO  server.RaftServerConfigKeys (ConfUtils.java:logGet(46)) - raft.server.snapshot.trigger-when-remove.enabled = true (default)
2024-12-14 12:23:33,496 INFO  server.RaftServerConfigKeys (ConfUtils.java:logGet(46)) - raft.server.snapshot.auto.trigger.enabled = false (default)
2024-12-14 12:23:33,496 INFO  server.RaftServerConfigKeys (ConfUtils.java:logGet(46)) - raft.server.snapshot.retention.file.num = -1 (default)
2024-12-14 12:23:33,496 INFO  server.RaftServerConfigKeys (ConfUtils.java:logGet(46)) - raft.server.log.purge.upto.snapshot.index = false (default)
2024-12-14 12:23:33,496 INFO  server.RaftServer$Division (RaftServerImpl.java:start(406)) - s13@group-4E8C8EA4E78F: Successfully started.
2024-12-14 12:23:33,497 INFO  server.RaftServer (RaftServerProxy.java:addNew(101)) - s12: addNew group-4E8C8EA4E78F:[] returns group-4E8C8EA4E78F:java.util.concurrent.CompletableFuture@7a80bf93[Not completed]
2024-12-14 12:23:33,497 INFO  server.RaftServer$Division (RaftServerImpl.java:<init>(256)) - s12: new RaftServerImpl for group-4E8C8EA4E78F:[] with ArithmeticStateMachine:uninitialized
2024-12-14 12:23:33,497 INFO  server.RaftServerConfigKeys (ConfUtils.java:logGet(46)) - raft.server.rpc.timeout.min = 300ms (custom)
2024-12-14 12:23:33,497 INFO  server.RaftServerConfigKeys (ConfUtils.java:logGet(46)) - raft.server.rpc.timeout.max = 600ms (custom)
2024-12-14 12:23:33,497 INFO  server.RaftServerConfigKeys (ConfUtils.java:logGet(46)) - raft.server.rpc.sleep.time = 25ms (default)
2024-12-14 12:23:33,497 INFO  server.RaftServerConfigKeys (ConfUtils.java:logGet(46)) - raft.server.rpc.slowness.timeout = 60s (default)
2024-12-14 12:23:33,497 INFO  server.RaftServerConfigKeys (ConfUtils.java:logGet(46)) - raft.server.leaderelection.leader.step-down.wait-time = 10s (default)
2024-12-14 12:23:33,497 INFO  server.RaftServerConfigKeys (ConfUtils.java:logGet(46)) - raft.server.leaderelection.member.majority-add = false (default)
2024-12-14 12:23:33,497 INFO  server.RaftServerConfigKeys (ConfUtils.java:logGet(46)) - raft.server.sleep.deviation.threshold = 300ms (default)
2024-12-14 12:23:33,497 INFO  server.RaftServer$Division (ServerState.java:<init>(114)) - s12@group-4E8C8EA4E78F: ConfigurationManager, init=conf: {index: -1, cur=peers:[]|listeners:[], old=null}, confs=<EMPTY_MAP>
2024-12-14 12:23:33,497 INFO  server.RaftServerConfigKeys (ConfUtils.java:logGet(46)) - raft.server.notification.no-leader.timeout = 60s (default)
2024-12-14 12:23:33,497 INFO  server.RaftServerConfigKeys (ConfUtils.java:logGet(46)) - raft.server.read.timeout = 10s (default)
2024-12-14 12:23:33,498 INFO  server.RaftServerConfigKeys (ConfUtils.java:logGet(46)) - raft.server.retrycache.expirytime = 60s (default)
2024-12-14 12:23:33,498 INFO  server.RaftServerConfigKeys (ConfUtils.java:logGet(46)) - raft.server.retrycache.statistics.expirytime = 100ms (default)
2024-12-14 12:23:33,498 INFO  server.RaftServerConfigKeys (ConfUtils.java:logGet(46)) - raft.server.read.option = DEFAULT (default)
2024-12-14 12:23:33,498 INFO  server.RaftServerConfigKeys (ConfUtils.java:logGet(46)) - raft.server.read.read-after-write-consistent.write-index-cache.expiry-time = 60s (default)
2024-12-14 12:23:33,498 INFO  server.RaftServerConfigKeys (ConfUtils.java:logGet(46)) - raft.server.rpc.request.timeout = 3000ms (default)
2024-12-14 12:23:33,498 INFO  server.RaftServerConfigKeys (ConfUtils.java:logGet(46)) - raft.server.log.appender.install.snapshot.enabled = true (default)
2024-12-14 12:23:33,499 INFO  server.RaftServerConfigKeys (ConfUtils.java:logGet(46)) - raft.server.threadpool.server.cached = true (default)
2024-12-14 12:23:33,499 INFO  server.RaftServerConfigKeys (ConfUtils.java:logGet(46)) - raft.server.threadpool.server.size = 0 (default)
2024-12-14 12:23:33,499 INFO  server.RaftServerConfigKeys (ConfUtils.java:logGet(46)) - raft.server.threadpool.client.cached = true (default)
2024-12-14 12:23:33,499 INFO  server.RaftServerConfigKeys (ConfUtils.java:logGet(46)) - raft.server.threadpool.client.size = 0 (default)
2024-12-14 12:23:33,499 INFO  server.RaftServerConfigKeys (ConfUtils.java:logGet(46)) - raft.server.storage.free-space.min = 0MB (=0) (default)
2024-12-14 12:23:33,499 INFO  server.RaftServerConfigKeys (ConfUtils.java:logGet(46)) - raft.server.log.corruption.policy = EXCEPTION (default)
2024-12-14 12:23:33,499 INFO  server.RaftServerConfigKeys (ConfUtils.java:logGet(46)) - raft.server.storage.dir = [/home/runner/work/ratis/ratis/ratis-examples/target/test/data/da5193cb/MiniRaftClusterWithSimulatedRpced10c1e3/s12] (custom)
2024-12-14 12:23:33,499 INFO  storage.RaftStorageDirectory (RaftStorageDirectoryImpl.java:analyzeStorage(138)) - The storage directory /home/runner/work/ratis/ratis/ratis-examples/target/test/data/da5193cb/MiniRaftClusterWithSimulatedRpced10c1e3/s12/4ab7e727-f211-4630-9abd-4e8c8ea4e78f does not exist. Creating ...
2024-12-14 12:23:33,499 TRACE util.FileUtils (LogUtils.java:runAndLog(49)) - Successfully ran Files.createDirectories /home/runner/work/ratis/ratis/ratis-examples/target/test/data/da5193cb/MiniRaftClusterWithSimulatedRpced10c1e3/s12/4ab7e727-f211-4630-9abd-4e8c8ea4e78f
2024-12-14 12:23:33,501 INFO  storage.RaftStorageDirectory (RaftStorageDirectoryImpl.java:tryLock(229)) - Lock on /home/runner/work/ratis/ratis/ratis-examples/target/test/data/da5193cb/MiniRaftClusterWithSimulatedRpced10c1e3/s12/4ab7e727-f211-4630-9abd-4e8c8ea4e78f/in_use.lock acquired by nodename 14700@fv-az733-880
2024-12-14 12:23:33,501 TRACE util.FileUtils (LogUtils.java:runAndLog(49)) - Successfully ran Files.createDirectories /home/runner/work/ratis/ratis/ratis-examples/target/test/data/da5193cb/MiniRaftClusterWithSimulatedRpced10c1e3/s12/4ab7e727-f211-4630-9abd-4e8c8ea4e78f/current
2024-12-14 12:23:33,501 TRACE util.FileUtils (LogUtils.java:runAndLog(49)) - Successfully ran Files.createDirectories /home/runner/work/ratis/ratis/ratis-examples/target/test/data/da5193cb/MiniRaftClusterWithSimulatedRpced10c1e3/s12/4ab7e727-f211-4630-9abd-4e8c8ea4e78f/sm
2024-12-14 12:23:33,501 TRACE util.FileUtils (LogUtils.java:supplyAndLog(69)) - Successfully supplied FileChannel.open /home/runner/work/ratis/ratis/ratis-examples/target/test/data/da5193cb/MiniRaftClusterWithSimulatedRpced10c1e3/s12/4ab7e727-f211-4630-9abd-4e8c8ea4e78f/current/raft-meta.tmp with options [CREATE, WRITE]: sun.nio.ch.FileChannelImpl@57574677
2024-12-14 12:23:33,504 TRACE util.FileUtils (LogUtils.java:runAndLog(49)) - Successfully ran Atomic Files.move /home/runner/work/ratis/ratis/ratis-examples/target/test/data/da5193cb/MiniRaftClusterWithSimulatedRpced10c1e3/s12/4ab7e727-f211-4630-9abd-4e8c8ea4e78f/current/raft-meta.tmp to /home/runner/work/ratis/ratis/ratis-examples/target/test/data/da5193cb/MiniRaftClusterWithSimulatedRpced10c1e3/s12/4ab7e727-f211-4630-9abd-4e8c8ea4e78f/current/raft-meta with options [REPLACE_EXISTING]
2024-12-14 12:23:33,504 INFO  storage.RaftStorage (RaftStorageImpl.java:format(98)) - Storage directory /home/runner/work/ratis/ratis/ratis-examples/target/test/data/da5193cb/MiniRaftClusterWithSimulatedRpced10c1e3/s12/4ab7e727-f211-4630-9abd-4e8c8ea4e78f has been successfully formatted.
2024-12-14 12:23:33,504 WARN  statemachine.StateMachine (ArithmeticStateMachine.java:loadSnapshot(115)) - The snapshot info is null.
2024-12-14 12:23:33,504 INFO  server.RaftServerConfigKeys (ConfUtils.java:logGet(46)) - raft.server.log.use.memory = false (default)
2024-12-14 12:23:33,504 INFO  server.RaftServerConfigKeys (ConfUtils.java:logGet(46)) - raft.server.log.purge.gap = 1024 (default)
2024-12-14 12:23:33,504 INFO  server.RaftServerConfigKeys (ConfUtils.java:logGet(46)) - raft.server.log.appender.buffer.byte-limit = 4MB (=4194304) (default)
2024-12-14 12:23:33,504 INFO  server.RaftServerConfigKeys (ConfUtils.java:logGet(46)) - raft.server.log.statemachine.data.read.timeout = 1000ms (default)
2024-12-14 12:23:33,504 INFO  server.RaftServerConfigKeys (ConfUtils.java:logGet(46)) - raft.server.log.purge.preservation.log.num = 0 (default)
2024-12-14 12:23:33,505 INFO  server.RaftServerConfigKeys (ConfUtils.java:logGet(46)) - raft.server.log.segment.size.max = 32MB (=33554432) (default)
2024-12-14 12:23:33,505 INFO  server.RaftServerConfigKeys (ConfUtils.java:logGet(46)) - raft.server.log.segment.cache.num.max = 6 (default)
2024-12-14 12:23:33,505 INFO  server.RaftServerConfigKeys (ConfUtils.java:logGet(46)) - raft.server.log.segment.cache.size.max = 200MB (=209715200) (default)
2024-12-14 12:23:33,505 INFO  server.RaftServerConfigKeys (ConfUtils.java:logGet(46)) - raft.server.log.appender.buffer.byte-limit = 4MB (=4194304) (default)
2024-12-14 12:23:33,505 INFO  util.AwaitToRun (AwaitToRun.java:start(81)) - Thread[s12@group-4E8C8EA4E78F-cacheEviction-AwaitToRun,5,main] started
2024-12-14 12:23:33,505 INFO  segmented.SegmentedRaftLogWorker (SegmentedRaftLogWorker.java:<init>(189)) - new s12@group-4E8C8EA4E78F-SegmentedRaftLogWorker for RaftStorageImpl:Storage Directory /home/runner/work/ratis/ratis/ratis-examples/target/test/data/da5193cb/MiniRaftClusterWithSimulatedRpced10c1e3/s12/4ab7e727-f211-4630-9abd-4e8c8ea4e78f
2024-12-14 12:23:33,505 INFO  server.RaftServerConfigKeys (ConfUtils.java:logGet(46)) - raft.server.log.queue.byte-limit = 64MB (=67108864) (default)
2024-12-14 12:23:33,505 INFO  server.RaftServerConfigKeys (ConfUtils.java:logGet(46)) - raft.server.log.queue.element-limit = 4096 (default)
2024-12-14 12:23:33,505 INFO  server.RaftServerConfigKeys (ConfUtils.java:logGet(46)) - raft.server.log.segment.size.max = 32MB (=33554432) (default)
2024-12-14 12:23:33,505 INFO  server.RaftServerConfigKeys (ConfUtils.java:logGet(46)) - raft.server.log.preallocated.size = 4MB (=4194304) (default)
2024-12-14 12:23:33,505 INFO  server.RaftServerConfigKeys (ConfUtils.java:logGet(46)) - raft.server.log.force.sync.num = 128 (default)
2024-12-14 12:23:33,505 INFO  server.RaftServerConfigKeys (ConfUtils.java:logGet(46)) - raft.server.log.statemachine.data.sync = true (default)
2024-12-14 12:23:33,506 INFO  server.RaftServerConfigKeys (ConfUtils.java:logGet(46)) - raft.server.log.statemachine.data.sync.timeout = 10s (default)
2024-12-14 12:23:33,506 INFO  server.RaftServerConfigKeys (ConfUtils.java:logGet(46)) - raft.server.log.statemachine.data.sync.timeout.retry = -1 (default)
2024-12-14 12:23:33,506 INFO  server.RaftServerConfigKeys (ConfUtils.java:logGet(46)) - raft.server.log.write.buffer.size = 8MB (=8388608) (default)
2024-12-14 12:23:33,507 INFO  server.RaftServerConfigKeys (ConfUtils.java:logGet(46)) - raft.server.log.appender.buffer.byte-limit = 4MB (=4194304) (default)
2024-12-14 12:23:33,508 INFO  server.RaftServerConfigKeys (ConfUtils.java:logGet(46)) - raft.server.log.unsafe-flush.enabled = false (default)
2024-12-14 12:23:33,508 INFO  server.RaftServerConfigKeys (ConfUtils.java:logGet(46)) - raft.server.log.async-flush.enabled = false (default)
2024-12-14 12:23:33,508 INFO  server.RaftServerConfigKeys (ConfUtils.java:logGet(46)) - raft.server.log.statemachine.data.caching.enabled = false (default)
2024-12-14 12:23:33,508 INFO  segmented.SegmentedRaftLogWorker (SegmentedRaftLogWorker.java:lambda$new$0(140)) - s12@group-4E8C8EA4E78F-SegmentedRaftLogWorker: flushIndex: setUnconditionally 0 -> -1
2024-12-14 12:23:33,508 INFO  segmented.SegmentedRaftLogWorker (SegmentedRaftLogWorker.java:lambda$new$0(140)) - s12@group-4E8C8EA4E78F-SegmentedRaftLogWorker: safeCacheEvictIndex: setUnconditionally 0 -> -1
2024-12-14 12:23:33,508 INFO  server.RaftServer$Division (RaftServerImpl.java:start(398)) - s12@group-4E8C8EA4E78F: start with initializing state, conf=conf: {index: -1, cur=peers:[]|listeners:[], old=null}
2024-12-14 12:23:33,508 INFO  server.RaftServer$Division (RaftServerImpl.java:setRole(379)) - s12@group-4E8C8EA4E78F: changes role from      null to FOLLOWER at term 0 for start
2024-12-14 12:23:33,508 INFO  util.JmxRegister (JmxRegister.java:tryRegister(44)) - Successfully registered JMX Bean with object name Ratis:service=RaftServer,group=group-4E8C8EA4E78F,id=s12
2024-12-14 12:23:33,508 INFO  util.JmxRegister (JmxRegister.java:register(58)) - register mxBean class org.apache.ratis.server.impl.RaftServerJmxAdapter as Ratis:service=RaftServer,group=group-4E8C8EA4E78F,id=s12
2024-12-14 12:23:33,508 INFO  server.RaftServerConfigKeys (ConfUtils.java:logGet(46)) - raft.server.snapshot.trigger-when-stop.enabled = true (default)
2024-12-14 12:23:33,509 INFO  server.RaftServerConfigKeys (ConfUtils.java:logGet(46)) - raft.server.snapshot.trigger-when-remove.enabled = true (default)
2024-12-14 12:23:33,509 INFO  server.RaftServerConfigKeys (ConfUtils.java:logGet(46)) - raft.server.snapshot.auto.trigger.enabled = false (default)
2024-12-14 12:23:33,509 INFO  server.RaftServerConfigKeys (ConfUtils.java:logGet(46)) - raft.server.snapshot.retention.file.num = -1 (default)
2024-12-14 12:23:33,509 INFO  server.RaftServerConfigKeys (ConfUtils.java:logGet(46)) - raft.server.log.purge.upto.snapshot.index = false (default)
2024-12-14 12:23:33,509 INFO  server.RaftServer$Division (RaftServerImpl.java:start(406)) - s12@group-4E8C8EA4E78F: Successfully started.
2024-12-14 12:23:33,509 INFO  impl.GroupManagementBaseTest (GroupManagementBaseTest.java:runMultiGroupTest(322)) - 3) groupAdd: printing group-9B578AD62455
2024-12-14 12:23:33,510 INFO  server.RaftServer (RaftServerProxy.java:addNew(101)) - s4: addNew group-4E8C8EA4E78F:[] returns group-4E8C8EA4E78F:java.util.concurrent.CompletableFuture@3619195c[Not completed]
2024-12-14 12:23:33,510 INFO  server.RaftServer$Division (RaftServerImpl.java:<init>(256)) - s4: new RaftServerImpl for group-4E8C8EA4E78F:[] with ArithmeticStateMachine:uninitialized
2024-12-14 12:23:33,510 INFO  server.RaftServerConfigKeys (ConfUtils.java:logGet(46)) - raft.server.rpc.timeout.min = 300ms (custom)
2024-12-14 12:23:33,510 INFO  server.RaftServerConfigKeys (ConfUtils.java:logGet(46)) - raft.server.rpc.timeout.max = 600ms (custom)
2024-12-14 12:23:33,510 INFO  server.RaftServerConfigKeys (ConfUtils.java:logGet(46)) - raft.server.rpc.sleep.time = 25ms (default)
2024-12-14 12:23:33,510 INFO  server.RaftServerConfigKeys (ConfUtils.java:logGet(46)) - raft.server.rpc.slowness.timeout = 60s (default)
2024-12-14 12:23:33,510 INFO  server.RaftServerConfigKeys (ConfUtils.java:logGet(46)) - raft.server.leaderelection.leader.step-down.wait-time = 10s (default)
2024-12-14 12:23:33,510 INFO  server.RaftServerConfigKeys (ConfUtils.java:logGet(46)) - raft.server.leaderelection.member.majority-add = false (default)
2024-12-14 12:23:33,510 INFO  server.RaftServerConfigKeys (ConfUtils.java:logGet(46)) - raft.server.sleep.deviation.threshold = 300ms (default)
2024-12-14 12:23:33,510 INFO  server.RaftServer$Division (ServerState.java:<init>(114)) - s4@group-4E8C8EA4E78F: ConfigurationManager, init=conf: {index: -1, cur=peers:[]|listeners:[], old=null}, confs=<EMPTY_MAP>
2024-12-14 12:23:33,510 INFO  server.RaftServerConfigKeys (ConfUtils.java:logGet(46)) - raft.server.notification.no-leader.timeout = 60s (default)
2024-12-14 12:23:33,510 INFO  server.RaftServerConfigKeys (ConfUtils.java:logGet(46)) - raft.server.read.timeout = 10s (default)
2024-12-14 12:23:33,510 INFO  server.RaftServerConfigKeys (ConfUtils.java:logGet(46)) - raft.server.retrycache.expirytime = 60s (default)
2024-12-14 12:23:33,511 INFO  server.RaftServerConfigKeys (ConfUtils.java:logGet(46)) - raft.server.retrycache.statistics.expirytime = 100ms (default)
2024-12-14 12:23:33,511 INFO  server.RaftServerConfigKeys (ConfUtils.java:logGet(46)) - raft.server.read.option = DEFAULT (default)
2024-12-14 12:23:33,511 INFO  server.RaftServerConfigKeys (ConfUtils.java:logGet(46)) - raft.server.read.read-after-write-consistent.write-index-cache.expiry-time = 60s (default)
2024-12-14 12:23:33,511 INFO  server.RaftServerConfigKeys (ConfUtils.java:logGet(46)) - raft.server.rpc.request.timeout = 3000ms (default)
2024-12-14 12:23:33,511 INFO  server.RaftServerConfigKeys (ConfUtils.java:logGet(46)) - raft.server.log.appender.install.snapshot.enabled = true (default)
2024-12-14 12:23:33,511 INFO  server.RaftServerConfigKeys (ConfUtils.java:logGet(46)) - raft.server.threadpool.server.cached = true (default)
2024-12-14 12:23:33,511 INFO  server.RaftServerConfigKeys (ConfUtils.java:logGet(46)) - raft.server.threadpool.server.size = 0 (default)
2024-12-14 12:23:33,511 INFO  server.RaftServerConfigKeys (ConfUtils.java:logGet(46)) - raft.server.threadpool.client.cached = true (default)
2024-12-14 12:23:33,511 INFO  server.RaftServerConfigKeys (ConfUtils.java:logGet(46)) - raft.server.threadpool.client.size = 0 (default)
2024-12-14 12:23:33,512 INFO  server.RaftServerConfigKeys (ConfUtils.java:logGet(46)) - raft.server.storage.free-space.min = 0MB (=0) (default)
2024-12-14 12:23:33,512 INFO  server.RaftServerConfigKeys (ConfUtils.java:logGet(46)) - raft.server.log.corruption.policy = EXCEPTION (default)
2024-12-14 12:23:33,512 INFO  server.RaftServerConfigKeys (ConfUtils.java:logGet(46)) - raft.server.storage.dir = [/home/runner/work/ratis/ratis/ratis-examples/target/test/data/da5193cb/MiniRaftClusterWithSimulatedRpced10c1e3/s4] (custom)
2024-12-14 12:23:33,512 INFO  storage.RaftStorageDirectory (RaftStorageDirectoryImpl.java:analyzeStorage(138)) - The storage directory /home/runner/work/ratis/ratis/ratis-examples/target/test/data/da5193cb/MiniRaftClusterWithSimulatedRpced10c1e3/s4/4ab7e727-f211-4630-9abd-4e8c8ea4e78f does not exist. Creating ...
2024-12-14 12:23:33,512 TRACE util.FileUtils (LogUtils.java:runAndLog(49)) - Successfully ran Files.createDirectories /home/runner/work/ratis/ratis/ratis-examples/target/test/data/da5193cb/MiniRaftClusterWithSimulatedRpced10c1e3/s4/4ab7e727-f211-4630-9abd-4e8c8ea4e78f
2024-12-14 12:23:33,519 INFO  storage.RaftStorageDirectory (RaftStorageDirectoryImpl.java:tryLock(229)) - Lock on /home/runner/work/ratis/ratis/ratis-examples/target/test/data/da5193cb/MiniRaftClusterWithSimulatedRpced10c1e3/s4/4ab7e727-f211-4630-9abd-4e8c8ea4e78f/in_use.lock acquired by nodename 14700@fv-az733-880
2024-12-14 12:23:33,519 TRACE util.FileUtils (LogUtils.java:runAndLog(49)) - Successfully ran Files.createDirectories /home/runner/work/ratis/ratis/ratis-examples/target/test/data/da5193cb/MiniRaftClusterWithSimulatedRpced10c1e3/s4/4ab7e727-f211-4630-9abd-4e8c8ea4e78f/current
2024-12-14 12:23:33,519 TRACE util.FileUtils (LogUtils.java:runAndLog(49)) - Successfully ran Files.createDirectories /home/runner/work/ratis/ratis/ratis-examples/target/test/data/da5193cb/MiniRaftClusterWithSimulatedRpced10c1e3/s4/4ab7e727-f211-4630-9abd-4e8c8ea4e78f/sm
2024-12-14 12:23:33,519 TRACE util.FileUtils (LogUtils.java:supplyAndLog(69)) - Successfully supplied FileChannel.open /home/runner/work/ratis/ratis/ratis-examples/target/test/data/da5193cb/MiniRaftClusterWithSimulatedRpced10c1e3/s4/4ab7e727-f211-4630-9abd-4e8c8ea4e78f/current/raft-meta.tmp with options [CREATE, WRITE]: sun.nio.ch.FileChannelImpl@16ceeb35
2024-12-14 12:23:33,520 TRACE util.FileUtils (LogUtils.java:runAndLog(49)) - Successfully ran Atomic Files.move /home/runner/work/ratis/ratis/ratis-examples/target/test/data/da5193cb/MiniRaftClusterWithSimulatedRpced10c1e3/s4/4ab7e727-f211-4630-9abd-4e8c8ea4e78f/current/raft-meta.tmp to /home/runner/work/ratis/ratis/ratis-examples/target/test/data/da5193cb/MiniRaftClusterWithSimulatedRpced10c1e3/s4/4ab7e727-f211-4630-9abd-4e8c8ea4e78f/current/raft-meta with options [REPLACE_EXISTING]
2024-12-14 12:23:33,521 INFO  storage.RaftStorage (RaftStorageImpl.java:format(98)) - Storage directory /home/runner/work/ratis/ratis/ratis-examples/target/test/data/da5193cb/MiniRaftClusterWithSimulatedRpced10c1e3/s4/4ab7e727-f211-4630-9abd-4e8c8ea4e78f has been successfully formatted.
2024-12-14 12:23:33,521 WARN  statemachine.StateMachine (ArithmeticStateMachine.java:loadSnapshot(115)) - The snapshot info is null.
2024-12-14 12:23:33,521 INFO  server.RaftServerConfigKeys (ConfUtils.java:logGet(46)) - raft.server.log.use.memory = false (default)
2024-12-14 12:23:33,521 INFO  server.RaftServerConfigKeys (ConfUtils.java:logGet(46)) - raft.server.log.purge.gap = 1024 (default)
2024-12-14 12:23:33,521 INFO  server.RaftServerConfigKeys (ConfUtils.java:logGet(46)) - raft.server.log.appender.buffer.byte-limit = 4MB (=4194304) (default)
2024-12-14 12:23:33,521 INFO  server.RaftServerConfigKeys (ConfUtils.java:logGet(46)) - raft.server.log.statemachine.data.read.timeout = 1000ms (default)
2024-12-14 12:23:33,521 INFO  server.RaftServerConfigKeys (ConfUtils.java:logGet(46)) - raft.server.log.purge.preservation.log.num = 0 (default)
2024-12-14 12:23:33,523 INFO  server.RaftServerConfigKeys (ConfUtils.java:logGet(46)) - raft.server.log.segment.size.max = 32MB (=33554432) (default)
2024-12-14 12:23:33,523 INFO  server.RaftServerConfigKeys (ConfUtils.java:logGet(46)) - raft.server.log.segment.cache.num.max = 6 (default)
2024-12-14 12:23:33,523 INFO  server.RaftServerConfigKeys (ConfUtils.java:logGet(46)) - raft.server.log.segment.cache.size.max = 200MB (=209715200) (default)
2024-12-14 12:23:33,523 INFO  server.RaftServerConfigKeys (ConfUtils.java:logGet(46)) - raft.server.log.appender.buffer.byte-limit = 4MB (=4194304) (default)
2024-12-14 12:23:33,523 INFO  util.AwaitToRun (AwaitToRun.java:start(81)) - Thread[s4@group-4E8C8EA4E78F-cacheEviction-AwaitToRun,5,main] started
2024-12-14 12:23:33,523 INFO  segmented.SegmentedRaftLogWorker (SegmentedRaftLogWorker.java:<init>(189)) - new s4@group-4E8C8EA4E78F-SegmentedRaftLogWorker for RaftStorageImpl:Storage Directory /home/runner/work/ratis/ratis/ratis-examples/target/test/data/da5193cb/MiniRaftClusterWithSimulatedRpced10c1e3/s4/4ab7e727-f211-4630-9abd-4e8c8ea4e78f
2024-12-14 12:23:33,523 INFO  server.RaftServerConfigKeys (ConfUtils.java:logGet(46)) - raft.server.log.queue.byte-limit = 64MB (=67108864) (default)
2024-12-14 12:23:33,523 INFO  server.RaftServerConfigKeys (ConfUtils.java:logGet(46)) - raft.server.log.queue.element-limit = 4096 (default)
2024-12-14 12:23:33,523 INFO  server.RaftServerConfigKeys (ConfUtils.java:logGet(46)) - raft.server.log.segment.size.max = 32MB (=33554432) (default)
2024-12-14 12:23:33,524 INFO  server.RaftServerConfigKeys (ConfUtils.java:logGet(46)) - raft.server.log.preallocated.size = 4MB (=4194304) (default)
2024-12-14 12:23:33,524 INFO  server.RaftServerConfigKeys (ConfUtils.java:logGet(46)) - raft.server.log.force.sync.num = 128 (default)
2024-12-14 12:23:33,524 INFO  server.RaftServerConfigKeys (ConfUtils.java:logGet(46)) - raft.server.log.statemachine.data.sync = true (default)
2024-12-14 12:23:33,524 INFO  server.RaftServerConfigKeys (ConfUtils.java:logGet(46)) - raft.server.log.statemachine.data.sync.timeout = 10s (default)
2024-12-14 12:23:33,524 INFO  server.RaftServerConfigKeys (ConfUtils.java:logGet(46)) - raft.server.log.statemachine.data.sync.timeout.retry = -1 (default)
2024-12-14 12:23:33,524 INFO  server.RaftServerConfigKeys (ConfUtils.java:logGet(46)) - raft.server.log.write.buffer.size = 8MB (=8388608) (default)
2024-12-14 12:23:33,526 INFO  server.RaftServerConfigKeys (ConfUtils.java:logGet(46)) - raft.server.log.appender.buffer.byte-limit = 4MB (=4194304) (default)
2024-12-14 12:23:33,526 INFO  server.RaftServerConfigKeys (ConfUtils.java:logGet(46)) - raft.server.log.unsafe-flush.enabled = false (default)
2024-12-14 12:23:33,526 INFO  server.RaftServerConfigKeys (ConfUtils.java:logGet(46)) - raft.server.log.async-flush.enabled = false (default)
2024-12-14 12:23:33,526 INFO  server.RaftServerConfigKeys (ConfUtils.java:logGet(46)) - raft.server.log.statemachine.data.caching.enabled = false (default)
2024-12-14 12:23:33,526 INFO  segmented.SegmentedRaftLogWorker (SegmentedRaftLogWorker.java:lambda$new$0(140)) - s4@group-4E8C8EA4E78F-SegmentedRaftLogWorker: flushIndex: setUnconditionally 0 -> -1
2024-12-14 12:23:33,526 INFO  segmented.SegmentedRaftLogWorker (SegmentedRaftLogWorker.java:lambda$new$0(140)) - s4@group-4E8C8EA4E78F-SegmentedRaftLogWorker: safeCacheEvictIndex: setUnconditionally 0 -> -1
2024-12-14 12:23:33,527 INFO  server.RaftServer$Division (RaftServerImpl.java:start(398)) - s4@group-4E8C8EA4E78F: start with initializing state, conf=conf: {index: -1, cur=peers:[]|listeners:[], old=null}
2024-12-14 12:23:33,527 INFO  server.RaftServer$Division (RaftServerImpl.java:setRole(379)) - s4@group-4E8C8EA4E78F: changes role from      null to FOLLOWER at term 0 for start
2024-12-14 12:23:33,527 INFO  util.JmxRegister (JmxRegister.java:tryRegister(44)) - Successfully registered JMX Bean with object name Ratis:service=RaftServer,group=group-4E8C8EA4E78F,id=s4
2024-12-14 12:23:33,527 INFO  util.JmxRegister (JmxRegister.java:register(58)) - register mxBean class org.apache.ratis.server.impl.RaftServerJmxAdapter as Ratis:service=RaftServer,group=group-4E8C8EA4E78F,id=s4
2024-12-14 12:23:33,527 INFO  server.RaftServerConfigKeys (ConfUtils.java:logGet(46)) - raft.server.snapshot.trigger-when-stop.enabled = true (default)
2024-12-14 12:23:33,527 INFO  server.RaftServerConfigKeys (ConfUtils.java:logGet(46)) - raft.server.snapshot.trigger-when-remove.enabled = true (default)
2024-12-14 12:23:33,527 INFO  server.RaftServerConfigKeys (ConfUtils.java:logGet(46)) - raft.server.snapshot.auto.trigger.enabled = false (default)
2024-12-14 12:23:33,527 INFO  server.RaftServerConfigKeys (ConfUtils.java:logGet(46)) - raft.server.snapshot.retention.file.num = -1 (default)
2024-12-14 12:23:33,527 INFO  server.RaftServerConfigKeys (ConfUtils.java:logGet(46)) - raft.server.log.purge.upto.snapshot.index = false (default)
2024-12-14 12:23:33,528 INFO  server.RaftServer$Division (RaftServerImpl.java:start(406)) - s4@group-4E8C8EA4E78F: Successfully started.
2024-12-14 12:23:33,528 INFO  server.RaftServer (RaftServerProxy.java:addNew(101)) - s5: addNew group-4E8C8EA4E78F:[] returns group-4E8C8EA4E78F:java.util.concurrent.CompletableFuture@66533e87[Not completed]
2024-12-14 12:23:33,528 INFO  server.RaftServer$Division (RaftServerImpl.java:<init>(256)) - s5: new RaftServerImpl for group-4E8C8EA4E78F:[] with ArithmeticStateMachine:uninitialized
2024-12-14 12:23:33,529 INFO  server.RaftServerConfigKeys (ConfUtils.java:logGet(46)) - raft.server.rpc.timeout.min = 300ms (custom)
2024-12-14 12:23:33,529 INFO  server.RaftServerConfigKeys (ConfUtils.java:logGet(46)) - raft.server.rpc.timeout.max = 600ms (custom)
2024-12-14 12:23:33,529 INFO  server.RaftServerConfigKeys (ConfUtils.java:logGet(46)) - raft.server.rpc.sleep.time = 25ms (default)
2024-12-14 12:23:33,529 INFO  server.RaftServerConfigKeys (ConfUtils.java:logGet(46)) - raft.server.rpc.slowness.timeout = 60s (default)
2024-12-14 12:23:33,529 INFO  server.RaftServerConfigKeys (ConfUtils.java:logGet(46)) - raft.server.leaderelection.leader.step-down.wait-time = 10s (default)
2024-12-14 12:23:33,529 INFO  server.RaftServerConfigKeys (ConfUtils.java:logGet(46)) - raft.server.leaderelection.member.majority-add = false (default)
2024-12-14 12:23:33,529 INFO  server.RaftServerConfigKeys (ConfUtils.java:logGet(46)) - raft.server.sleep.deviation.threshold = 300ms (default)
2024-12-14 12:23:33,529 INFO  server.RaftServer$Division (ServerState.java:<init>(114)) - s5@group-4E8C8EA4E78F: ConfigurationManager, init=conf: {index: -1, cur=peers:[]|listeners:[], old=null}, confs=<EMPTY_MAP>
2024-12-14 12:23:33,529 INFO  server.RaftServerConfigKeys (ConfUtils.java:logGet(46)) - raft.server.notification.no-leader.timeout = 60s (default)
2024-12-14 12:23:33,529 INFO  server.RaftServerConfigKeys (ConfUtils.java:logGet(46)) - raft.server.read.timeout = 10s (default)
2024-12-14 12:23:33,529 INFO  server.RaftServerConfigKeys (ConfUtils.java:logGet(46)) - raft.server.retrycache.expirytime = 60s (default)
2024-12-14 12:23:33,529 INFO  server.RaftServerConfigKeys (ConfUtils.java:logGet(46)) - raft.server.retrycache.statistics.expirytime = 100ms (default)
2024-12-14 12:23:33,529 INFO  server.RaftServerConfigKeys (ConfUtils.java:logGet(46)) - raft.server.read.option = DEFAULT (default)
2024-12-14 12:23:33,529 INFO  server.RaftServerConfigKeys (ConfUtils.java:logGet(46)) - raft.server.read.read-after-write-consistent.write-index-cache.expiry-time = 60s (default)
2024-12-14 12:23:33,530 INFO  server.RaftServerConfigKeys (ConfUtils.java:logGet(46)) - raft.server.rpc.request.timeout = 3000ms (default)
2024-12-14 12:23:33,530 INFO  server.RaftServerConfigKeys (ConfUtils.java:logGet(46)) - raft.server.log.appender.install.snapshot.enabled = true (default)
2024-12-14 12:23:33,530 INFO  server.RaftServerConfigKeys (ConfUtils.java:logGet(46)) - raft.server.threadpool.server.cached = true (default)
2024-12-14 12:23:33,530 INFO  server.RaftServerConfigKeys (ConfUtils.java:logGet(46)) - raft.server.threadpool.server.size = 0 (default)
2024-12-14 12:23:33,530 INFO  server.RaftServerConfigKeys (ConfUtils.java:logGet(46)) - raft.server.threadpool.client.cached = true (default)
2024-12-14 12:23:33,530 INFO  server.RaftServerConfigKeys (ConfUtils.java:logGet(46)) - raft.server.threadpool.client.size = 0 (default)
2024-12-14 12:23:33,531 INFO  server.RaftServerConfigKeys (ConfUtils.java:logGet(46)) - raft.server.storage.free-space.min = 0MB (=0) (default)
2024-12-14 12:23:33,531 INFO  server.RaftServerConfigKeys (ConfUtils.java:logGet(46)) - raft.server.log.corruption.policy = EXCEPTION (default)
2024-12-14 12:23:33,531 INFO  server.RaftServerConfigKeys (ConfUtils.java:logGet(46)) - raft.server.storage.dir = [/home/runner/work/ratis/ratis/ratis-examples/target/test/data/da5193cb/MiniRaftClusterWithSimulatedRpced10c1e3/s5] (custom)
2024-12-14 12:23:33,531 INFO  storage.RaftStorageDirectory (RaftStorageDirectoryImpl.java:analyzeStorage(138)) - The storage directory /home/runner/work/ratis/ratis/ratis-examples/target/test/data/da5193cb/MiniRaftClusterWithSimulatedRpced10c1e3/s5/4ab7e727-f211-4630-9abd-4e8c8ea4e78f does not exist. Creating ...
2024-12-14 12:23:33,531 TRACE util.FileUtils (LogUtils.java:runAndLog(49)) - Successfully ran Files.createDirectories /home/runner/work/ratis/ratis/ratis-examples/target/test/data/da5193cb/MiniRaftClusterWithSimulatedRpced10c1e3/s5/4ab7e727-f211-4630-9abd-4e8c8ea4e78f
2024-12-14 12:23:33,534 INFO  storage.RaftStorageDirectory (RaftStorageDirectoryImpl.java:tryLock(229)) - Lock on /home/runner/work/ratis/ratis/ratis-examples/target/test/data/da5193cb/MiniRaftClusterWithSimulatedRpced10c1e3/s5/4ab7e727-f211-4630-9abd-4e8c8ea4e78f/in_use.lock acquired by nodename 14700@fv-az733-880
2024-12-14 12:23:33,534 TRACE util.FileUtils (LogUtils.java:runAndLog(49)) - Successfully ran Files.createDirectories /home/runner/work/ratis/ratis/ratis-examples/target/test/data/da5193cb/MiniRaftClusterWithSimulatedRpced10c1e3/s5/4ab7e727-f211-4630-9abd-4e8c8ea4e78f/current
2024-12-14 12:23:33,534 TRACE util.FileUtils (LogUtils.java:runAndLog(49)) - Successfully ran Files.createDirectories /home/runner/work/ratis/ratis/ratis-examples/target/test/data/da5193cb/MiniRaftClusterWithSimulatedRpced10c1e3/s5/4ab7e727-f211-4630-9abd-4e8c8ea4e78f/sm
2024-12-14 12:23:33,534 TRACE util.FileUtils (LogUtils.java:supplyAndLog(69)) - Successfully supplied FileChannel.open /home/runner/work/ratis/ratis/ratis-examples/target/test/data/da5193cb/MiniRaftClusterWithSimulatedRpced10c1e3/s5/4ab7e727-f211-4630-9abd-4e8c8ea4e78f/current/raft-meta.tmp with options [CREATE, WRITE]: sun.nio.ch.FileChannelImpl@231d196e
2024-12-14 12:23:33,535 TRACE util.FileUtils (LogUtils.java:runAndLog(49)) - Successfully ran Atomic Files.move /home/runner/work/ratis/ratis/ratis-examples/target/test/data/da5193cb/MiniRaftClusterWithSimulatedRpced10c1e3/s5/4ab7e727-f211-4630-9abd-4e8c8ea4e78f/current/raft-meta.tmp to /home/runner/work/ratis/ratis/ratis-examples/target/test/data/da5193cb/MiniRaftClusterWithSimulatedRpced10c1e3/s5/4ab7e727-f211-4630-9abd-4e8c8ea4e78f/current/raft-meta with options [REPLACE_EXISTING]
2024-12-14 12:23:33,535 INFO  storage.RaftStorage (RaftStorageImpl.java:format(98)) - Storage directory /home/runner/work/ratis/ratis/ratis-examples/target/test/data/da5193cb/MiniRaftClusterWithSimulatedRpced10c1e3/s5/4ab7e727-f211-4630-9abd-4e8c8ea4e78f has been successfully formatted.
2024-12-14 12:23:33,536 WARN  statemachine.StateMachine (ArithmeticStateMachine.java:loadSnapshot(115)) - The snapshot info is null.
2024-12-14 12:23:33,536 INFO  server.RaftServerConfigKeys (ConfUtils.java:logGet(46)) - raft.server.log.use.memory = false (default)
2024-12-14 12:23:33,536 INFO  server.RaftServerConfigKeys (ConfUtils.java:logGet(46)) - raft.server.log.purge.gap = 1024 (default)
2024-12-14 12:23:33,536 INFO  server.RaftServerConfigKeys (ConfUtils.java:logGet(46)) - raft.server.log.appender.buffer.byte-limit = 4MB (=4194304) (default)
2024-12-14 12:23:33,536 INFO  server.RaftServerConfigKeys (ConfUtils.java:logGet(46)) - raft.server.log.statemachine.data.read.timeout = 1000ms (default)
2024-12-14 12:23:33,536 INFO  server.RaftServerConfigKeys (ConfUtils.java:logGet(46)) - raft.server.log.purge.preservation.log.num = 0 (default)
2024-12-14 12:23:33,536 INFO  server.RaftServerConfigKeys (ConfUtils.java:logGet(46)) - raft.server.log.segment.size.max = 32MB (=33554432) (default)
2024-12-14 12:23:33,536 INFO  server.RaftServerConfigKeys (ConfUtils.java:logGet(46)) - raft.server.log.segment.cache.num.max = 6 (default)
2024-12-14 12:23:33,536 INFO  server.RaftServerConfigKeys (ConfUtils.java:logGet(46)) - raft.server.log.segment.cache.size.max = 200MB (=209715200) (default)
2024-12-14 12:23:33,536 INFO  server.RaftServerConfigKeys (ConfUtils.java:logGet(46)) - raft.server.log.appender.buffer.byte-limit = 4MB (=4194304) (default)
2024-12-14 12:23:33,536 INFO  util.AwaitToRun (AwaitToRun.java:start(81)) - Thread[s5@group-4E8C8EA4E78F-cacheEviction-AwaitToRun,5,main] started
2024-12-14 12:23:33,537 INFO  segmented.SegmentedRaftLogWorker (SegmentedRaftLogWorker.java:<init>(189)) - new s5@group-4E8C8EA4E78F-SegmentedRaftLogWorker for RaftStorageImpl:Storage Directory /home/runner/work/ratis/ratis/ratis-examples/target/test/data/da5193cb/MiniRaftClusterWithSimulatedRpced10c1e3/s5/4ab7e727-f211-4630-9abd-4e8c8ea4e78f
2024-12-14 12:23:33,537 INFO  server.RaftServerConfigKeys (ConfUtils.java:logGet(46)) - raft.server.log.queue.byte-limit = 64MB (=67108864) (default)
2024-12-14 12:23:33,537 INFO  server.RaftServerConfigKeys (ConfUtils.java:logGet(46)) - raft.server.log.queue.element-limit = 4096 (default)
2024-12-14 12:23:33,537 INFO  server.RaftServerConfigKeys (ConfUtils.java:logGet(46)) - raft.server.log.segment.size.max = 32MB (=33554432) (default)
2024-12-14 12:23:33,537 INFO  server.RaftServerConfigKeys (ConfUtils.java:logGet(46)) - raft.server.log.preallocated.size = 4MB (=4194304) (default)
2024-12-14 12:23:33,537 INFO  server.RaftServerConfigKeys (ConfUtils.java:logGet(46)) - raft.server.log.force.sync.num = 128 (default)
2024-12-14 12:23:33,537 INFO  server.RaftServerConfigKeys (ConfUtils.java:logGet(46)) - raft.server.log.statemachine.data.sync = true (default)
2024-12-14 12:23:33,537 INFO  server.RaftServerConfigKeys (ConfUtils.java:logGet(46)) - raft.server.log.statemachine.data.sync.timeout = 10s (default)
2024-12-14 12:23:33,537 INFO  server.RaftServerConfigKeys (ConfUtils.java:logGet(46)) - raft.server.log.statemachine.data.sync.timeout.retry = -1 (default)
2024-12-14 12:23:33,538 INFO  server.RaftServerConfigKeys (ConfUtils.java:logGet(46)) - raft.server.log.write.buffer.size = 8MB (=8388608) (default)
2024-12-14 12:23:33,539 INFO  server.RaftServerConfigKeys (ConfUtils.java:logGet(46)) - raft.server.log.appender.buffer.byte-limit = 4MB (=4194304) (default)
2024-12-14 12:23:33,540 INFO  server.RaftServerConfigKeys (ConfUtils.java:logGet(46)) - raft.server.log.unsafe-flush.enabled = false (default)
2024-12-14 12:23:33,540 INFO  server.RaftServerConfigKeys (ConfUtils.java:logGet(46)) - raft.server.log.async-flush.enabled = false (default)
2024-12-14 12:23:33,540 INFO  server.RaftServerConfigKeys (ConfUtils.java:logGet(46)) - raft.server.log.statemachine.data.caching.enabled = false (default)
2024-12-14 12:23:33,540 INFO  segmented.SegmentedRaftLogWorker (SegmentedRaftLogWorker.java:lambda$new$0(140)) - s5@group-4E8C8EA4E78F-SegmentedRaftLogWorker: flushIndex: setUnconditionally 0 -> -1
2024-12-14 12:23:33,540 INFO  segmented.SegmentedRaftLogWorker (SegmentedRaftLogWorker.java:lambda$new$0(140)) - s5@group-4E8C8EA4E78F-SegmentedRaftLogWorker: safeCacheEvictIndex: setUnconditionally 0 -> -1
2024-12-14 12:23:33,540 INFO  server.RaftServer$Division (RaftServerImpl.java:start(398)) - s5@group-4E8C8EA4E78F: start with initializing state, conf=conf: {index: -1, cur=peers:[]|listeners:[], old=null}
2024-12-14 12:23:33,540 INFO  server.RaftServer$Division (RaftServerImpl.java:setRole(379)) - s5@group-4E8C8EA4E78F: changes role from      null to FOLLOWER at term 0 for start
2024-12-14 12:23:33,542 INFO  util.JmxRegister (JmxRegister.java:tryRegister(44)) - Successfully registered JMX Bean with object name Ratis:service=RaftServer,group=group-4E8C8EA4E78F,id=s5
2024-12-14 12:23:33,542 INFO  util.JmxRegister (JmxRegister.java:register(58)) - register mxBean class org.apache.ratis.server.impl.RaftServerJmxAdapter as Ratis:service=RaftServer,group=group-4E8C8EA4E78F,id=s5
2024-12-14 12:23:33,542 INFO  server.RaftServerConfigKeys (ConfUtils.java:logGet(46)) - raft.server.snapshot.trigger-when-stop.enabled = true (default)
2024-12-14 12:23:33,542 INFO  server.RaftServerConfigKeys (ConfUtils.java:logGet(46)) - raft.server.snapshot.trigger-when-remove.enabled = true (default)
2024-12-14 12:23:33,542 INFO  server.RaftServerConfigKeys (ConfUtils.java:logGet(46)) - raft.server.snapshot.auto.trigger.enabled = false (default)
2024-12-14 12:23:33,542 INFO  server.RaftServerConfigKeys (ConfUtils.java:logGet(46)) - raft.server.snapshot.retention.file.num = -1 (default)
2024-12-14 12:23:33,542 INFO  server.RaftServerConfigKeys (ConfUtils.java:logGet(46)) - raft.server.log.purge.upto.snapshot.index = false (default)
2024-12-14 12:23:33,542 INFO  server.RaftServer$Division (RaftServerImpl.java:start(406)) - s5@group-4E8C8EA4E78F: Successfully started.
2024-12-14 12:23:33,543 INFO  server.RaftServer (RaftServerProxy.java:addNew(101)) - s6: addNew group-4E8C8EA4E78F:[] returns group-4E8C8EA4E78F:java.util.concurrent.CompletableFuture@7752f464[Not completed]
2024-12-14 12:23:33,543 INFO  server.RaftServer$Division (RaftServerImpl.java:<init>(256)) - s6: new RaftServerImpl for group-4E8C8EA4E78F:[] with ArithmeticStateMachine:uninitialized
2024-12-14 12:23:33,543 INFO  server.RaftServerConfigKeys (ConfUtils.java:logGet(46)) - raft.server.rpc.timeout.min = 300ms (custom)
2024-12-14 12:23:33,543 INFO  server.RaftServerConfigKeys (ConfUtils.java:logGet(46)) - raft.server.rpc.timeout.max = 600ms (custom)
2024-12-14 12:23:33,543 INFO  server.RaftServerConfigKeys (ConfUtils.java:logGet(46)) - raft.server.rpc.sleep.time = 25ms (default)
2024-12-14 12:23:33,543 INFO  server.RaftServerConfigKeys (ConfUtils.java:logGet(46)) - raft.server.rpc.slowness.timeout = 60s (default)
2024-12-14 12:23:33,543 INFO  server.RaftServerConfigKeys (ConfUtils.java:logGet(46)) - raft.server.leaderelection.leader.step-down.wait-time = 10s (default)
2024-12-14 12:23:33,543 INFO  server.RaftServerConfigKeys (ConfUtils.java:logGet(46)) - raft.server.leaderelection.member.majority-add = false (default)
2024-12-14 12:23:33,543 INFO  server.RaftServerConfigKeys (ConfUtils.java:logGet(46)) - raft.server.sleep.deviation.threshold = 300ms (default)
2024-12-14 12:23:33,543 INFO  server.RaftServer$Division (ServerState.java:<init>(114)) - s6@group-4E8C8EA4E78F: ConfigurationManager, init=conf: {index: -1, cur=peers:[]|listeners:[], old=null}, confs=<EMPTY_MAP>
2024-12-14 12:23:33,543 INFO  server.RaftServerConfigKeys (ConfUtils.java:logGet(46)) - raft.server.notification.no-leader.timeout = 60s (default)
2024-12-14 12:23:33,544 INFO  server.RaftServerConfigKeys (ConfUtils.java:logGet(46)) - raft.server.read.timeout = 10s (default)
2024-12-14 12:23:33,544 INFO  server.RaftServerConfigKeys (ConfUtils.java:logGet(46)) - raft.server.retrycache.expirytime = 60s (default)
2024-12-14 12:23:33,544 INFO  server.RaftServerConfigKeys (ConfUtils.java:logGet(46)) - raft.server.retrycache.statistics.expirytime = 100ms (default)
2024-12-14 12:23:33,544 INFO  server.RaftServerConfigKeys (ConfUtils.java:logGet(46)) - raft.server.read.option = DEFAULT (default)
2024-12-14 12:23:33,544 INFO  server.RaftServerConfigKeys (ConfUtils.java:logGet(46)) - raft.server.read.read-after-write-consistent.write-index-cache.expiry-time = 60s (default)
2024-12-14 12:23:33,544 INFO  server.RaftServerConfigKeys (ConfUtils.java:logGet(46)) - raft.server.rpc.request.timeout = 3000ms (default)
2024-12-14 12:23:33,544 INFO  server.RaftServerConfigKeys (ConfUtils.java:logGet(46)) - raft.server.log.appender.install.snapshot.enabled = true (default)
2024-12-14 12:23:33,544 INFO  server.RaftServerConfigKeys (ConfUtils.java:logGet(46)) - raft.server.threadpool.server.cached = true (default)
2024-12-14 12:23:33,544 INFO  server.RaftServerConfigKeys (ConfUtils.java:logGet(46)) - raft.server.threadpool.server.size = 0 (default)
2024-12-14 12:23:33,544 INFO  server.RaftServerConfigKeys (ConfUtils.java:logGet(46)) - raft.server.threadpool.client.cached = true (default)
2024-12-14 12:23:33,544 INFO  server.RaftServerConfigKeys (ConfUtils.java:logGet(46)) - raft.server.threadpool.client.size = 0 (default)
2024-12-14 12:23:33,544 INFO  server.RaftServerConfigKeys (ConfUtils.java:logGet(46)) - raft.server.storage.free-space.min = 0MB (=0) (default)
2024-12-14 12:23:33,544 INFO  server.RaftServerConfigKeys (ConfUtils.java:logGet(46)) - raft.server.log.corruption.policy = EXCEPTION (default)
2024-12-14 12:23:33,545 INFO  server.RaftServerConfigKeys (ConfUtils.java:logGet(46)) - raft.server.storage.dir = [/home/runner/work/ratis/ratis/ratis-examples/target/test/data/da5193cb/MiniRaftClusterWithSimulatedRpced10c1e3/s6] (custom)
2024-12-14 12:23:33,545 INFO  storage.RaftStorageDirectory (RaftStorageDirectoryImpl.java:analyzeStorage(138)) - The storage directory /home/runner/work/ratis/ratis/ratis-examples/target/test/data/da5193cb/MiniRaftClusterWithSimulatedRpced10c1e3/s6/4ab7e727-f211-4630-9abd-4e8c8ea4e78f does not exist. Creating ...
2024-12-14 12:23:33,545 TRACE util.FileUtils (LogUtils.java:runAndLog(49)) - Successfully ran Files.createDirectories /home/runner/work/ratis/ratis/ratis-examples/target/test/data/da5193cb/MiniRaftClusterWithSimulatedRpced10c1e3/s6/4ab7e727-f211-4630-9abd-4e8c8ea4e78f
2024-12-14 12:23:33,547 INFO  storage.RaftStorageDirectory (RaftStorageDirectoryImpl.java:tryLock(229)) - Lock on /home/runner/work/ratis/ratis/ratis-examples/target/test/data/da5193cb/MiniRaftClusterWithSimulatedRpced10c1e3/s6/4ab7e727-f211-4630-9abd-4e8c8ea4e78f/in_use.lock acquired by nodename 14700@fv-az733-880
2024-12-14 12:23:33,547 TRACE util.FileUtils (LogUtils.java:runAndLog(49)) - Successfully ran Files.createDirectories /home/runner/work/ratis/ratis/ratis-examples/target/test/data/da5193cb/MiniRaftClusterWithSimulatedRpced10c1e3/s6/4ab7e727-f211-4630-9abd-4e8c8ea4e78f/current
2024-12-14 12:23:33,547 TRACE util.FileUtils (LogUtils.java:runAndLog(49)) - Successfully ran Files.createDirectories /home/runner/work/ratis/ratis/ratis-examples/target/test/data/da5193cb/MiniRaftClusterWithSimulatedRpced10c1e3/s6/4ab7e727-f211-4630-9abd-4e8c8ea4e78f/sm
2024-12-14 12:23:33,547 TRACE util.FileUtils (LogUtils.java:supplyAndLog(69)) - Successfully supplied FileChannel.open /home/runner/work/ratis/ratis/ratis-examples/target/test/data/da5193cb/MiniRaftClusterWithSimulatedRpced10c1e3/s6/4ab7e727-f211-4630-9abd-4e8c8ea4e78f/current/raft-meta.tmp with options [CREATE, WRITE]: sun.nio.ch.FileChannelImpl@3fc099a
2024-12-14 12:23:33,549 TRACE util.FileUtils (LogUtils.java:runAndLog(49)) - Successfully ran Atomic Files.move /home/runner/work/ratis/ratis/ratis-examples/target/test/data/da5193cb/MiniRaftClusterWithSimulatedRpced10c1e3/s6/4ab7e727-f211-4630-9abd-4e8c8ea4e78f/current/raft-meta.tmp to /home/runner/work/ratis/ratis/ratis-examples/target/test/data/da5193cb/MiniRaftClusterWithSimulatedRpced10c1e3/s6/4ab7e727-f211-4630-9abd-4e8c8ea4e78f/current/raft-meta with options [REPLACE_EXISTING]
2024-12-14 12:23:33,549 INFO  storage.RaftStorage (RaftStorageImpl.java:format(98)) - Storage directory /home/runner/work/ratis/ratis/ratis-examples/target/test/data/da5193cb/MiniRaftClusterWithSimulatedRpced10c1e3/s6/4ab7e727-f211-4630-9abd-4e8c8ea4e78f has been successfully formatted.
2024-12-14 12:23:33,549 WARN  statemachine.StateMachine (ArithmeticStateMachine.java:loadSnapshot(115)) - The snapshot info is null.
2024-12-14 12:23:33,549 INFO  server.RaftServerConfigKeys (ConfUtils.java:logGet(46)) - raft.server.log.use.memory = false (default)
2024-12-14 12:23:33,549 INFO  server.RaftServerConfigKeys (ConfUtils.java:logGet(46)) - raft.server.log.purge.gap = 1024 (default)
2024-12-14 12:23:33,550 INFO  server.RaftServerConfigKeys (ConfUtils.java:logGet(46)) - raft.server.log.appender.buffer.byte-limit = 4MB (=4194304) (default)
2024-12-14 12:23:33,550 INFO  server.RaftServerConfigKeys (ConfUtils.java:logGet(46)) - raft.server.log.statemachine.data.read.timeout = 1000ms (default)
2024-12-14 12:23:33,550 INFO  server.RaftServerConfigKeys (ConfUtils.java:logGet(46)) - raft.server.log.purge.preservation.log.num = 0 (default)
2024-12-14 12:23:33,550 INFO  server.RaftServerConfigKeys (ConfUtils.java:logGet(46)) - raft.server.log.segment.size.max = 32MB (=33554432) (default)
2024-12-14 12:23:33,550 INFO  server.RaftServerConfigKeys (ConfUtils.java:logGet(46)) - raft.server.log.segment.cache.num.max = 6 (default)
2024-12-14 12:23:33,550 INFO  server.RaftServerConfigKeys (ConfUtils.java:logGet(46)) - raft.server.log.segment.cache.size.max = 200MB (=209715200) (default)
2024-12-14 12:23:33,550 INFO  server.RaftServerConfigKeys (ConfUtils.java:logGet(46)) - raft.server.log.appender.buffer.byte-limit = 4MB (=4194304) (default)
2024-12-14 12:23:33,550 INFO  util.AwaitToRun (AwaitToRun.java:start(81)) - Thread[s6@group-4E8C8EA4E78F-cacheEviction-AwaitToRun,5,main] started
2024-12-14 12:23:33,550 INFO  segmented.SegmentedRaftLogWorker (SegmentedRaftLogWorker.java:<init>(189)) - new s6@group-4E8C8EA4E78F-SegmentedRaftLogWorker for RaftStorageImpl:Storage Directory /home/runner/work/ratis/ratis/ratis-examples/target/test/data/da5193cb/MiniRaftClusterWithSimulatedRpced10c1e3/s6/4ab7e727-f211-4630-9abd-4e8c8ea4e78f
2024-12-14 12:23:33,550 INFO  server.RaftServerConfigKeys (ConfUtils.java:logGet(46)) - raft.server.log.queue.byte-limit = 64MB (=67108864) (default)
2024-12-14 12:23:33,550 INFO  server.RaftServerConfigKeys (ConfUtils.java:logGet(46)) - raft.server.log.queue.element-limit = 4096 (default)
2024-12-14 12:23:33,550 INFO  server.RaftServerConfigKeys (ConfUtils.java:logGet(46)) - raft.server.log.segment.size.max = 32MB (=33554432) (default)
2024-12-14 12:23:33,551 INFO  server.RaftServerConfigKeys (ConfUtils.java:logGet(46)) - raft.server.log.preallocated.size = 4MB (=4194304) (default)
2024-12-14 12:23:33,551 INFO  server.RaftServerConfigKeys (ConfUtils.java:logGet(46)) - raft.server.log.force.sync.num = 128 (default)
2024-12-14 12:23:33,551 INFO  server.RaftServerConfigKeys (ConfUtils.java:logGet(46)) - raft.server.log.statemachine.data.sync = true (default)
2024-12-14 12:23:33,551 INFO  server.RaftServerConfigKeys (ConfUtils.java:logGet(46)) - raft.server.log.statemachine.data.sync.timeout = 10s (default)
2024-12-14 12:23:33,551 INFO  server.RaftServerConfigKeys (ConfUtils.java:logGet(46)) - raft.server.log.statemachine.data.sync.timeout.retry = -1 (default)
2024-12-14 12:23:33,551 INFO  server.RaftServerConfigKeys (ConfUtils.java:logGet(46)) - raft.server.log.write.buffer.size = 8MB (=8388608) (default)
2024-12-14 12:23:33,553 INFO  server.RaftServerConfigKeys (ConfUtils.java:logGet(46)) - raft.server.log.appender.buffer.byte-limit = 4MB (=4194304) (default)
2024-12-14 12:23:33,553 INFO  server.RaftServerConfigKeys (ConfUtils.java:logGet(46)) - raft.server.log.unsafe-flush.enabled = false (default)
2024-12-14 12:23:33,553 INFO  server.RaftServerConfigKeys (ConfUtils.java:logGet(46)) - raft.server.log.async-flush.enabled = false (default)
2024-12-14 12:23:33,553 INFO  server.RaftServerConfigKeys (ConfUtils.java:logGet(46)) - raft.server.log.statemachine.data.caching.enabled = false (default)
2024-12-14 12:23:33,553 INFO  segmented.SegmentedRaftLogWorker (SegmentedRaftLogWorker.java:lambda$new$0(140)) - s6@group-4E8C8EA4E78F-SegmentedRaftLogWorker: flushIndex: setUnconditionally 0 -> -1
2024-12-14 12:23:33,553 INFO  segmented.SegmentedRaftLogWorker (SegmentedRaftLogWorker.java:lambda$new$0(140)) - s6@group-4E8C8EA4E78F-SegmentedRaftLogWorker: safeCacheEvictIndex: setUnconditionally 0 -> -1
2024-12-14 12:23:33,553 INFO  server.RaftServer$Division (RaftServerImpl.java:start(398)) - s6@group-4E8C8EA4E78F: start with initializing state, conf=conf: {index: -1, cur=peers:[]|listeners:[], old=null}
2024-12-14 12:23:33,554 INFO  server.RaftServer$Division (RaftServerImpl.java:setRole(379)) - s6@group-4E8C8EA4E78F: changes role from      null to FOLLOWER at term 0 for start
2024-12-14 12:23:33,554 INFO  util.JmxRegister (JmxRegister.java:tryRegister(44)) - Successfully registered JMX Bean with object name Ratis:service=RaftServer,group=group-4E8C8EA4E78F,id=s6
2024-12-14 12:23:33,554 INFO  util.JmxRegister (JmxRegister.java:register(58)) - register mxBean class org.apache.ratis.server.impl.RaftServerJmxAdapter as Ratis:service=RaftServer,group=group-4E8C8EA4E78F,id=s6
2024-12-14 12:23:33,554 INFO  server.RaftServerConfigKeys (ConfUtils.java:logGet(46)) - raft.server.snapshot.trigger-when-stop.enabled = true (default)
2024-12-14 12:23:33,554 INFO  server.RaftServerConfigKeys (ConfUtils.java:logGet(46)) - raft.server.snapshot.trigger-when-remove.enabled = true (default)
2024-12-14 12:23:33,554 INFO  server.RaftServerConfigKeys (ConfUtils.java:logGet(46)) - raft.server.snapshot.auto.trigger.enabled = false (default)
2024-12-14 12:23:33,554 INFO  server.RaftServerConfigKeys (ConfUtils.java:logGet(46)) - raft.server.snapshot.retention.file.num = -1 (default)
2024-12-14 12:23:33,554 INFO  server.RaftServerConfigKeys (ConfUtils.java:logGet(46)) - raft.server.log.purge.upto.snapshot.index = false (default)
2024-12-14 12:23:33,554 INFO  server.RaftServer$Division (RaftServerImpl.java:start(406)) - s6@group-4E8C8EA4E78F: Successfully started.
2024-12-14 12:23:33,555 INFO  impl.GroupManagementBaseTest (GroupManagementBaseTest.java:runMultiGroupTest(322)) - 4) groupAdd: printing group-2C253C6A579F
2024-12-14 12:23:33,557 INFO  server.RaftServer (RaftServerProxy.java:addNew(101)) - s7: addNew group-4E8C8EA4E78F:[] returns group-4E8C8EA4E78F:java.util.concurrent.CompletableFuture@4a333876[Not completed]
2024-12-14 12:23:33,557 INFO  server.RaftServer$Division (RaftServerImpl.java:<init>(256)) - s7: new RaftServerImpl for group-4E8C8EA4E78F:[] with ArithmeticStateMachine:uninitialized
2024-12-14 12:23:33,557 INFO  server.RaftServerConfigKeys (ConfUtils.java:logGet(46)) - raft.server.rpc.timeout.min = 300ms (custom)
2024-12-14 12:23:33,557 INFO  server.RaftServerConfigKeys (ConfUtils.java:logGet(46)) - raft.server.rpc.timeout.max = 600ms (custom)
2024-12-14 12:23:33,557 INFO  server.RaftServerConfigKeys (ConfUtils.java:logGet(46)) - raft.server.rpc.sleep.time = 25ms (default)
2024-12-14 12:23:33,557 INFO  server.RaftServerConfigKeys (ConfUtils.java:logGet(46)) - raft.server.rpc.slowness.timeout = 60s (default)
2024-12-14 12:23:33,557 INFO  server.RaftServerConfigKeys (ConfUtils.java:logGet(46)) - raft.server.leaderelection.leader.step-down.wait-time = 10s (default)
2024-12-14 12:23:33,557 INFO  server.RaftServerConfigKeys (ConfUtils.java:logGet(46)) - raft.server.leaderelection.member.majority-add = false (default)
2024-12-14 12:23:33,557 INFO  server.RaftServerConfigKeys (ConfUtils.java:logGet(46)) - raft.server.sleep.deviation.threshold = 300ms (default)
2024-12-14 12:23:33,557 INFO  server.RaftServer$Division (ServerState.java:<init>(114)) - s7@group-4E8C8EA4E78F: ConfigurationManager, init=conf: {index: -1, cur=peers:[]|listeners:[], old=null}, confs=<EMPTY_MAP>
2024-12-14 12:23:33,557 INFO  server.RaftServerConfigKeys (ConfUtils.java:logGet(46)) - raft.server.notification.no-leader.timeout = 60s (default)
2024-12-14 12:23:33,557 INFO  server.RaftServerConfigKeys (ConfUtils.java:logGet(46)) - raft.server.read.timeout = 10s (default)
2024-12-14 12:23:33,557 INFO  server.RaftServerConfigKeys (ConfUtils.java:logGet(46)) - raft.server.retrycache.expirytime = 60s (default)
2024-12-14 12:23:33,557 INFO  server.RaftServerConfigKeys (ConfUtils.java:logGet(46)) - raft.server.retrycache.statistics.expirytime = 100ms (default)
2024-12-14 12:23:33,558 INFO  server.RaftServerConfigKeys (ConfUtils.java:logGet(46)) - raft.server.read.option = DEFAULT (default)
2024-12-14 12:23:33,558 INFO  server.RaftServerConfigKeys (ConfUtils.java:logGet(46)) - raft.server.read.read-after-write-consistent.write-index-cache.expiry-time = 60s (default)
2024-12-14 12:23:33,558 INFO  server.RaftServerConfigKeys (ConfUtils.java:logGet(46)) - raft.server.rpc.request.timeout = 3000ms (default)
2024-12-14 12:23:33,558 INFO  server.RaftServerConfigKeys (ConfUtils.java:logGet(46)) - raft.server.log.appender.install.snapshot.enabled = true (default)
2024-12-14 12:23:33,558 INFO  server.RaftServerConfigKeys (ConfUtils.java:logGet(46)) - raft.server.threadpool.server.cached = true (default)
2024-12-14 12:23:33,558 INFO  server.RaftServerConfigKeys (ConfUtils.java:logGet(46)) - raft.server.threadpool.server.size = 0 (default)
2024-12-14 12:23:33,559 INFO  server.RaftServerConfigKeys (ConfUtils.java:logGet(46)) - raft.server.threadpool.client.cached = true (default)
2024-12-14 12:23:33,559 INFO  server.RaftServerConfigKeys (ConfUtils.java:logGet(46)) - raft.server.threadpool.client.size = 0 (default)
2024-12-14 12:23:33,559 INFO  server.RaftServerConfigKeys (ConfUtils.java:logGet(46)) - raft.server.storage.free-space.min = 0MB (=0) (default)
2024-12-14 12:23:33,559 INFO  server.RaftServerConfigKeys (ConfUtils.java:logGet(46)) - raft.server.log.corruption.policy = EXCEPTION (default)
2024-12-14 12:23:33,559 INFO  server.RaftServerConfigKeys (ConfUtils.java:logGet(46)) - raft.server.storage.dir = [/home/runner/work/ratis/ratis/ratis-examples/target/test/data/da5193cb/MiniRaftClusterWithSimulatedRpced10c1e3/s7] (custom)
2024-12-14 12:23:33,559 INFO  storage.RaftStorageDirectory (RaftStorageDirectoryImpl.java:analyzeStorage(138)) - The storage directory /home/runner/work/ratis/ratis/ratis-examples/target/test/data/da5193cb/MiniRaftClusterWithSimulatedRpced10c1e3/s7/4ab7e727-f211-4630-9abd-4e8c8ea4e78f does not exist. Creating ...
2024-12-14 12:23:33,559 TRACE util.FileUtils (LogUtils.java:runAndLog(49)) - Successfully ran Files.createDirectories /home/runner/work/ratis/ratis/ratis-examples/target/test/data/da5193cb/MiniRaftClusterWithSimulatedRpced10c1e3/s7/4ab7e727-f211-4630-9abd-4e8c8ea4e78f
2024-12-14 12:23:33,562 INFO  storage.RaftStorageDirectory (RaftStorageDirectoryImpl.java:tryLock(229)) - Lock on /home/runner/work/ratis/ratis/ratis-examples/target/test/data/da5193cb/MiniRaftClusterWithSimulatedRpced10c1e3/s7/4ab7e727-f211-4630-9abd-4e8c8ea4e78f/in_use.lock acquired by nodename 14700@fv-az733-880
2024-12-14 12:23:33,562 TRACE util.FileUtils (LogUtils.java:runAndLog(49)) - Successfully ran Files.createDirectories /home/runner/work/ratis/ratis/ratis-examples/target/test/data/da5193cb/MiniRaftClusterWithSimulatedRpced10c1e3/s7/4ab7e727-f211-4630-9abd-4e8c8ea4e78f/current
2024-12-14 12:23:33,562 TRACE util.FileUtils (LogUtils.java:runAndLog(49)) - Successfully ran Files.createDirectories /home/runner/work/ratis/ratis/ratis-examples/target/test/data/da5193cb/MiniRaftClusterWithSimulatedRpced10c1e3/s7/4ab7e727-f211-4630-9abd-4e8c8ea4e78f/sm
2024-12-14 12:23:33,562 TRACE util.FileUtils (LogUtils.java:supplyAndLog(69)) - Successfully supplied FileChannel.open /home/runner/work/ratis/ratis/ratis-examples/target/test/data/da5193cb/MiniRaftClusterWithSimulatedRpced10c1e3/s7/4ab7e727-f211-4630-9abd-4e8c8ea4e78f/current/raft-meta.tmp with options [CREATE, WRITE]: sun.nio.ch.FileChannelImpl@41332f01
2024-12-14 12:23:33,564 TRACE util.FileUtils (LogUtils.java:runAndLog(49)) - Successfully ran Atomic Files.move /home/runner/work/ratis/ratis/ratis-examples/target/test/data/da5193cb/MiniRaftClusterWithSimulatedRpced10c1e3/s7/4ab7e727-f211-4630-9abd-4e8c8ea4e78f/current/raft-meta.tmp to /home/runner/work/ratis/ratis/ratis-examples/target/test/data/da5193cb/MiniRaftClusterWithSimulatedRpced10c1e3/s7/4ab7e727-f211-4630-9abd-4e8c8ea4e78f/current/raft-meta with options [REPLACE_EXISTING]
2024-12-14 12:23:33,564 INFO  storage.RaftStorage (RaftStorageImpl.java:format(98)) - Storage directory /home/runner/work/ratis/ratis/ratis-examples/target/test/data/da5193cb/MiniRaftClusterWithSimulatedRpced10c1e3/s7/4ab7e727-f211-4630-9abd-4e8c8ea4e78f has been successfully formatted.
2024-12-14 12:23:33,564 WARN  statemachine.StateMachine (ArithmeticStateMachine.java:loadSnapshot(115)) - The snapshot info is null.
2024-12-14 12:23:33,564 INFO  server.RaftServerConfigKeys (ConfUtils.java:logGet(46)) - raft.server.log.use.memory = false (default)
2024-12-14 12:23:33,564 INFO  server.RaftServerConfigKeys (ConfUtils.java:logGet(46)) - raft.server.log.purge.gap = 1024 (default)
2024-12-14 12:23:33,564 INFO  server.RaftServerConfigKeys (ConfUtils.java:logGet(46)) - raft.server.log.appender.buffer.byte-limit = 4MB (=4194304) (default)
2024-12-14 12:23:33,564 INFO  server.RaftServerConfigKeys (ConfUtils.java:logGet(46)) - raft.server.log.statemachine.data.read.timeout = 1000ms (default)
2024-12-14 12:23:33,564 INFO  server.RaftServerConfigKeys (ConfUtils.java:logGet(46)) - raft.server.log.purge.preservation.log.num = 0 (default)
2024-12-14 12:23:33,565 INFO  server.RaftServerConfigKeys (ConfUtils.java:logGet(46)) - raft.server.log.segment.size.max = 32MB (=33554432) (default)
2024-12-14 12:23:33,565 INFO  server.RaftServerConfigKeys (ConfUtils.java:logGet(46)) - raft.server.log.segment.cache.num.max = 6 (default)
2024-12-14 12:23:33,565 INFO  server.RaftServerConfigKeys (ConfUtils.java:logGet(46)) - raft.server.log.segment.cache.size.max = 200MB (=209715200) (default)
2024-12-14 12:23:33,565 INFO  server.RaftServerConfigKeys (ConfUtils.java:logGet(46)) - raft.server.log.appender.buffer.byte-limit = 4MB (=4194304) (default)
2024-12-14 12:23:33,565 INFO  util.AwaitToRun (AwaitToRun.java:start(81)) - Thread[s7@group-4E8C8EA4E78F-cacheEviction-AwaitToRun,5,main] started
2024-12-14 12:23:33,565 INFO  segmented.SegmentedRaftLogWorker (SegmentedRaftLogWorker.java:<init>(189)) - new s7@group-4E8C8EA4E78F-SegmentedRaftLogWorker for RaftStorageImpl:Storage Directory /home/runner/work/ratis/ratis/ratis-examples/target/test/data/da5193cb/MiniRaftClusterWithSimulatedRpced10c1e3/s7/4ab7e727-f211-4630-9abd-4e8c8ea4e78f
2024-12-14 12:23:33,565 INFO  server.RaftServerConfigKeys (ConfUtils.java:logGet(46)) - raft.server.log.queue.byte-limit = 64MB (=67108864) (default)
2024-12-14 12:23:33,565 INFO  server.RaftServerConfigKeys (ConfUtils.java:logGet(46)) - raft.server.log.queue.element-limit = 4096 (default)
2024-12-14 12:23:33,565 INFO  server.RaftServerConfigKeys (ConfUtils.java:logGet(46)) - raft.server.log.segment.size.max = 32MB (=33554432) (default)
2024-12-14 12:23:33,565 INFO  server.RaftServerConfigKeys (ConfUtils.java:logGet(46)) - raft.server.log.preallocated.size = 4MB (=4194304) (default)
2024-12-14 12:23:33,565 INFO  server.RaftServerConfigKeys (ConfUtils.java:logGet(46)) - raft.server.log.force.sync.num = 128 (default)
2024-12-14 12:23:33,565 INFO  server.RaftServerConfigKeys (ConfUtils.java:logGet(46)) - raft.server.log.statemachine.data.sync = true (default)
2024-12-14 12:23:33,565 INFO  server.RaftServerConfigKeys (ConfUtils.java:logGet(46)) - raft.server.log.statemachine.data.sync.timeout = 10s (default)
2024-12-14 12:23:33,566 INFO  server.RaftServerConfigKeys (ConfUtils.java:logGet(46)) - raft.server.log.statemachine.data.sync.timeout.retry = -1 (default)
2024-12-14 12:23:33,566 INFO  server.RaftServerConfigKeys (ConfUtils.java:logGet(46)) - raft.server.log.write.buffer.size = 8MB (=8388608) (default)
2024-12-14 12:23:33,568 INFO  server.RaftServerConfigKeys (ConfUtils.java:logGet(46)) - raft.server.log.appender.buffer.byte-limit = 4MB (=4194304) (default)
2024-12-14 12:23:33,568 INFO  server.RaftServerConfigKeys (ConfUtils.java:logGet(46)) - raft.server.log.unsafe-flush.enabled = false (default)
2024-12-14 12:23:33,568 INFO  server.RaftServerConfigKeys (ConfUtils.java:logGet(46)) - raft.server.log.async-flush.enabled = false (default)
2024-12-14 12:23:33,568 INFO  server.RaftServerConfigKeys (ConfUtils.java:logGet(46)) - raft.server.log.statemachine.data.caching.enabled = false (default)
2024-12-14 12:23:33,568 INFO  segmented.SegmentedRaftLogWorker (SegmentedRaftLogWorker.java:lambda$new$0(140)) - s7@group-4E8C8EA4E78F-SegmentedRaftLogWorker: flushIndex: setUnconditionally 0 -> -1
2024-12-14 12:23:33,568 INFO  segmented.SegmentedRaftLogWorker (SegmentedRaftLogWorker.java:lambda$new$0(140)) - s7@group-4E8C8EA4E78F-SegmentedRaftLogWorker: safeCacheEvictIndex: setUnconditionally 0 -> -1
2024-12-14 12:23:33,568 INFO  server.RaftServer$Division (RaftServerImpl.java:start(398)) - s7@group-4E8C8EA4E78F: start with initializing state, conf=conf: {index: -1, cur=peers:[]|listeners:[], old=null}
2024-12-14 12:23:33,568 INFO  server.RaftServer$Division (RaftServerImpl.java:setRole(379)) - s7@group-4E8C8EA4E78F: changes role from      null to FOLLOWER at term 0 for start
2024-12-14 12:23:33,568 INFO  util.JmxRegister (JmxRegister.java:tryRegister(44)) - Successfully registered JMX Bean with object name Ratis:service=RaftServer,group=group-4E8C8EA4E78F,id=s7
2024-12-14 12:23:33,568 INFO  util.JmxRegister (JmxRegister.java:register(58)) - register mxBean class org.apache.ratis.server.impl.RaftServerJmxAdapter as Ratis:service=RaftServer,group=group-4E8C8EA4E78F,id=s7
2024-12-14 12:23:33,569 INFO  server.RaftServerConfigKeys (ConfUtils.java:logGet(46)) - raft.server.snapshot.trigger-when-stop.enabled = true (default)
2024-12-14 12:23:33,569 INFO  server.RaftServerConfigKeys (ConfUtils.java:logGet(46)) - raft.server.snapshot.trigger-when-remove.enabled = true (default)
2024-12-14 12:23:33,569 INFO  server.RaftServerConfigKeys (ConfUtils.java:logGet(46)) - raft.server.snapshot.auto.trigger.enabled = false (default)
2024-12-14 12:23:33,569 INFO  server.RaftServerConfigKeys (ConfUtils.java:logGet(46)) - raft.server.snapshot.retention.file.num = -1 (default)
2024-12-14 12:23:33,569 INFO  server.RaftServerConfigKeys (ConfUtils.java:logGet(46)) - raft.server.log.purge.upto.snapshot.index = false (default)
2024-12-14 12:23:33,569 INFO  server.RaftServer$Division (RaftServerImpl.java:start(406)) - s7@group-4E8C8EA4E78F: Successfully started.
2024-12-14 12:23:33,570 INFO  server.RaftServer (RaftServerProxy.java:addNew(101)) - s8: addNew group-4E8C8EA4E78F:[] returns group-4E8C8EA4E78F:java.util.concurrent.CompletableFuture@5b860c6e[Not completed]
2024-12-14 12:23:33,570 INFO  server.RaftServer$Division (RaftServerImpl.java:<init>(256)) - s8: new RaftServerImpl for group-4E8C8EA4E78F:[] with ArithmeticStateMachine:uninitialized
2024-12-14 12:23:33,570 INFO  server.RaftServerConfigKeys (ConfUtils.java:logGet(46)) - raft.server.rpc.timeout.min = 300ms (custom)
2024-12-14 12:23:33,570 INFO  server.RaftServerConfigKeys (ConfUtils.java:logGet(46)) - raft.server.rpc.timeout.max = 600ms (custom)
2024-12-14 12:23:33,570 INFO  server.RaftServerConfigKeys (ConfUtils.java:logGet(46)) - raft.server.rpc.sleep.time = 25ms (default)
2024-12-14 12:23:33,570 INFO  server.RaftServerConfigKeys (ConfUtils.java:logGet(46)) - raft.server.rpc.slowness.timeout = 60s (default)
2024-12-14 12:23:33,570 INFO  server.RaftServerConfigKeys (ConfUtils.java:logGet(46)) - raft.server.leaderelection.leader.step-down.wait-time = 10s (default)
2024-12-14 12:23:33,570 INFO  server.RaftServerConfigKeys (ConfUtils.java:logGet(46)) - raft.server.leaderelection.member.majority-add = false (default)
2024-12-14 12:23:33,570 INFO  server.RaftServerConfigKeys (ConfUtils.java:logGet(46)) - raft.server.sleep.deviation.threshold = 300ms (default)
2024-12-14 12:23:33,570 INFO  server.RaftServer$Division (ServerState.java:<init>(114)) - s8@group-4E8C8EA4E78F: ConfigurationManager, init=conf: {index: -1, cur=peers:[]|listeners:[], old=null}, confs=<EMPTY_MAP>
2024-12-14 12:23:33,570 INFO  server.RaftServerConfigKeys (ConfUtils.java:logGet(46)) - raft.server.notification.no-leader.timeout = 60s (default)
2024-12-14 12:23:33,570 INFO  server.RaftServerConfigKeys (ConfUtils.java:logGet(46)) - raft.server.read.timeout = 10s (default)
2024-12-14 12:23:33,570 INFO  server.RaftServerConfigKeys (ConfUtils.java:logGet(46)) - raft.server.retrycache.expirytime = 60s (default)
2024-12-14 12:23:33,570 INFO  server.RaftServerConfigKeys (ConfUtils.java:logGet(46)) - raft.server.retrycache.statistics.expirytime = 100ms (default)
2024-12-14 12:23:33,570 INFO  server.RaftServerConfigKeys (ConfUtils.java:logGet(46)) - raft.server.read.option = DEFAULT (default)
2024-12-14 12:23:33,570 INFO  server.RaftServerConfigKeys (ConfUtils.java:logGet(46)) - raft.server.read.read-after-write-consistent.write-index-cache.expiry-time = 60s (default)
2024-12-14 12:23:33,571 INFO  server.RaftServerConfigKeys (ConfUtils.java:logGet(46)) - raft.server.rpc.request.timeout = 3000ms (default)
2024-12-14 12:23:33,571 INFO  server.RaftServerConfigKeys (ConfUtils.java:logGet(46)) - raft.server.log.appender.install.snapshot.enabled = true (default)
2024-12-14 12:23:33,571 INFO  server.RaftServerConfigKeys (ConfUtils.java:logGet(46)) - raft.server.threadpool.server.cached = true (default)
2024-12-14 12:23:33,571 INFO  server.RaftServerConfigKeys (ConfUtils.java:logGet(46)) - raft.server.threadpool.server.size = 0 (default)
2024-12-14 12:23:33,571 INFO  server.RaftServerConfigKeys (ConfUtils.java:logGet(46)) - raft.server.threadpool.client.cached = true (default)
2024-12-14 12:23:33,571 INFO  server.RaftServerConfigKeys (ConfUtils.java:logGet(46)) - raft.server.threadpool.client.size = 0 (default)
2024-12-14 12:23:33,571 INFO  server.RaftServerConfigKeys (ConfUtils.java:logGet(46)) - raft.server.storage.free-space.min = 0MB (=0) (default)
2024-12-14 12:23:33,571 INFO  server.RaftServerConfigKeys (ConfUtils.java:logGet(46)) - raft.server.log.corruption.policy = EXCEPTION (default)
2024-12-14 12:23:33,571 INFO  server.RaftServerConfigKeys (ConfUtils.java:logGet(46)) - raft.server.storage.dir = [/home/runner/work/ratis/ratis/ratis-examples/target/test/data/da5193cb/MiniRaftClusterWithSimulatedRpced10c1e3/s8] (custom)
2024-12-14 12:23:33,571 INFO  storage.RaftStorageDirectory (RaftStorageDirectoryImpl.java:analyzeStorage(138)) - The storage directory /home/runner/work/ratis/ratis/ratis-examples/target/test/data/da5193cb/MiniRaftClusterWithSimulatedRpced10c1e3/s8/4ab7e727-f211-4630-9abd-4e8c8ea4e78f does not exist. Creating ...
2024-12-14 12:23:33,572 TRACE util.FileUtils (LogUtils.java:runAndLog(49)) - Successfully ran Files.createDirectories /home/runner/work/ratis/ratis/ratis-examples/target/test/data/da5193cb/MiniRaftClusterWithSimulatedRpced10c1e3/s8/4ab7e727-f211-4630-9abd-4e8c8ea4e78f
2024-12-14 12:23:33,573 INFO  storage.RaftStorageDirectory (RaftStorageDirectoryImpl.java:tryLock(229)) - Lock on /home/runner/work/ratis/ratis/ratis-examples/target/test/data/da5193cb/MiniRaftClusterWithSimulatedRpced10c1e3/s8/4ab7e727-f211-4630-9abd-4e8c8ea4e78f/in_use.lock acquired by nodename 14700@fv-az733-880
2024-12-14 12:23:33,573 TRACE util.FileUtils (LogUtils.java:runAndLog(49)) - Successfully ran Files.createDirectories /home/runner/work/ratis/ratis/ratis-examples/target/test/data/da5193cb/MiniRaftClusterWithSimulatedRpced10c1e3/s8/4ab7e727-f211-4630-9abd-4e8c8ea4e78f/current
2024-12-14 12:23:33,573 TRACE util.FileUtils (LogUtils.java:runAndLog(49)) - Successfully ran Files.createDirectories /home/runner/work/ratis/ratis/ratis-examples/target/test/data/da5193cb/MiniRaftClusterWithSimulatedRpced10c1e3/s8/4ab7e727-f211-4630-9abd-4e8c8ea4e78f/sm
2024-12-14 12:23:33,573 TRACE util.FileUtils (LogUtils.java:supplyAndLog(69)) - Successfully supplied FileChannel.open /home/runner/work/ratis/ratis/ratis-examples/target/test/data/da5193cb/MiniRaftClusterWithSimulatedRpced10c1e3/s8/4ab7e727-f211-4630-9abd-4e8c8ea4e78f/current/raft-meta.tmp with options [CREATE, WRITE]: sun.nio.ch.FileChannelImpl@45ab103
2024-12-14 12:23:33,575 TRACE util.FileUtils (LogUtils.java:runAndLog(49)) - Successfully ran Atomic Files.move /home/runner/work/ratis/ratis/ratis-examples/target/test/data/da5193cb/MiniRaftClusterWithSimulatedRpced10c1e3/s8/4ab7e727-f211-4630-9abd-4e8c8ea4e78f/current/raft-meta.tmp to /home/runner/work/ratis/ratis/ratis-examples/target/test/data/da5193cb/MiniRaftClusterWithSimulatedRpced10c1e3/s8/4ab7e727-f211-4630-9abd-4e8c8ea4e78f/current/raft-meta with options [REPLACE_EXISTING]
2024-12-14 12:23:33,575 INFO  storage.RaftStorage (RaftStorageImpl.java:format(98)) - Storage directory /home/runner/work/ratis/ratis/ratis-examples/target/test/data/da5193cb/MiniRaftClusterWithSimulatedRpced10c1e3/s8/4ab7e727-f211-4630-9abd-4e8c8ea4e78f has been successfully formatted.
2024-12-14 12:23:33,575 WARN  statemachine.StateMachine (ArithmeticStateMachine.java:loadSnapshot(115)) - The snapshot info is null.
2024-12-14 12:23:33,575 INFO  server.RaftServerConfigKeys (ConfUtils.java:logGet(46)) - raft.server.log.use.memory = false (default)
2024-12-14 12:23:33,575 INFO  server.RaftServerConfigKeys (ConfUtils.java:logGet(46)) - raft.server.log.purge.gap = 1024 (default)
2024-12-14 12:23:33,575 INFO  server.RaftServerConfigKeys (ConfUtils.java:logGet(46)) - raft.server.log.appender.buffer.byte-limit = 4MB (=4194304) (default)
2024-12-14 12:23:33,575 INFO  server.RaftServerConfigKeys (ConfUtils.java:logGet(46)) - raft.server.log.statemachine.data.read.timeout = 1000ms (default)
2024-12-14 12:23:33,575 INFO  server.RaftServerConfigKeys (ConfUtils.java:logGet(46)) - raft.server.log.purge.preservation.log.num = 0 (default)
2024-12-14 12:23:33,576 INFO  server.RaftServerConfigKeys (ConfUtils.java:logGet(46)) - raft.server.log.segment.size.max = 32MB (=33554432) (default)
2024-12-14 12:23:33,576 INFO  server.RaftServerConfigKeys (ConfUtils.java:logGet(46)) - raft.server.log.segment.cache.num.max = 6 (default)
2024-12-14 12:23:33,576 INFO  server.RaftServerConfigKeys (ConfUtils.java:logGet(46)) - raft.server.log.segment.cache.size.max = 200MB (=209715200) (default)
2024-12-14 12:23:33,576 INFO  server.RaftServerConfigKeys (ConfUtils.java:logGet(46)) - raft.server.log.appender.buffer.byte-limit = 4MB (=4194304) (default)
2024-12-14 12:23:33,576 INFO  util.AwaitToRun (AwaitToRun.java:start(81)) - Thread[s8@group-4E8C8EA4E78F-cacheEviction-AwaitToRun,5,main] started
2024-12-14 12:23:33,576 INFO  segmented.SegmentedRaftLogWorker (SegmentedRaftLogWorker.java:<init>(189)) - new s8@group-4E8C8EA4E78F-SegmentedRaftLogWorker for RaftStorageImpl:Storage Directory /home/runner/work/ratis/ratis/ratis-examples/target/test/data/da5193cb/MiniRaftClusterWithSimulatedRpced10c1e3/s8/4ab7e727-f211-4630-9abd-4e8c8ea4e78f
2024-12-14 12:23:33,576 INFO  server.RaftServerConfigKeys (ConfUtils.java:logGet(46)) - raft.server.log.queue.byte-limit = 64MB (=67108864) (default)
2024-12-14 12:23:33,576 INFO  server.RaftServerConfigKeys (ConfUtils.java:logGet(46)) - raft.server.log.queue.element-limit = 4096 (default)
2024-12-14 12:23:33,576 INFO  server.RaftServerConfigKeys (ConfUtils.java:logGet(46)) - raft.server.log.segment.size.max = 32MB (=33554432) (default)
2024-12-14 12:23:33,576 INFO  server.RaftServerConfigKeys (ConfUtils.java:logGet(46)) - raft.server.log.preallocated.size = 4MB (=4194304) (default)
2024-12-14 12:23:33,576 INFO  server.RaftServerConfigKeys (ConfUtils.java:logGet(46)) - raft.server.log.force.sync.num = 128 (default)
2024-12-14 12:23:33,576 INFO  server.RaftServerConfigKeys (ConfUtils.java:logGet(46)) - raft.server.log.statemachine.data.sync = true (default)
2024-12-14 12:23:33,576 INFO  server.RaftServerConfigKeys (ConfUtils.java:logGet(46)) - raft.server.log.statemachine.data.sync.timeout = 10s (default)
2024-12-14 12:23:33,576 INFO  server.RaftServerConfigKeys (ConfUtils.java:logGet(46)) - raft.server.log.statemachine.data.sync.timeout.retry = -1 (default)
2024-12-14 12:23:33,576 INFO  server.RaftServerConfigKeys (ConfUtils.java:logGet(46)) - raft.server.log.write.buffer.size = 8MB (=8388608) (default)
2024-12-14 12:23:33,578 INFO  server.RaftServerConfigKeys (ConfUtils.java:logGet(46)) - raft.server.log.appender.buffer.byte-limit = 4MB (=4194304) (default)
2024-12-14 12:23:33,578 INFO  server.RaftServerConfigKeys (ConfUtils.java:logGet(46)) - raft.server.log.unsafe-flush.enabled = false (default)
2024-12-14 12:23:33,578 INFO  server.RaftServerConfigKeys (ConfUtils.java:logGet(46)) - raft.server.log.async-flush.enabled = false (default)
2024-12-14 12:23:33,578 INFO  server.RaftServerConfigKeys (ConfUtils.java:logGet(46)) - raft.server.log.statemachine.data.caching.enabled = false (default)
2024-12-14 12:23:33,579 INFO  segmented.SegmentedRaftLogWorker (SegmentedRaftLogWorker.java:lambda$new$0(140)) - s8@group-4E8C8EA4E78F-SegmentedRaftLogWorker: flushIndex: setUnconditionally 0 -> -1
2024-12-14 12:23:33,579 INFO  segmented.SegmentedRaftLogWorker (SegmentedRaftLogWorker.java:lambda$new$0(140)) - s8@group-4E8C8EA4E78F-SegmentedRaftLogWorker: safeCacheEvictIndex: setUnconditionally 0 -> -1
2024-12-14 12:23:33,579 INFO  server.RaftServer$Division (RaftServerImpl.java:start(398)) - s8@group-4E8C8EA4E78F: start with initializing state, conf=conf: {index: -1, cur=peers:[]|listeners:[], old=null}
2024-12-14 12:23:33,579 INFO  server.RaftServer$Division (RaftServerImpl.java:setRole(379)) - s8@group-4E8C8EA4E78F: changes role from      null to FOLLOWER at term 0 for start
2024-12-14 12:23:33,579 INFO  util.JmxRegister (JmxRegister.java:tryRegister(44)) - Successfully registered JMX Bean with object name Ratis:service=RaftServer,group=group-4E8C8EA4E78F,id=s8
2024-12-14 12:23:33,579 INFO  util.JmxRegister (JmxRegister.java:register(58)) - register mxBean class org.apache.ratis.server.impl.RaftServerJmxAdapter as Ratis:service=RaftServer,group=group-4E8C8EA4E78F,id=s8
2024-12-14 12:23:33,579 INFO  server.RaftServerConfigKeys (ConfUtils.java:logGet(46)) - raft.server.snapshot.trigger-when-stop.enabled = true (default)
2024-12-14 12:23:33,579 INFO  server.RaftServerConfigKeys (ConfUtils.java:logGet(46)) - raft.server.snapshot.trigger-when-remove.enabled = true (default)
2024-12-14 12:23:33,579 INFO  server.RaftServerConfigKeys (ConfUtils.java:logGet(46)) - raft.server.snapshot.auto.trigger.enabled = false (default)
2024-12-14 12:23:33,579 INFO  server.RaftServerConfigKeys (ConfUtils.java:logGet(46)) - raft.server.snapshot.retention.file.num = -1 (default)
2024-12-14 12:23:33,579 INFO  server.RaftServerConfigKeys (ConfUtils.java:logGet(46)) - raft.server.log.purge.upto.snapshot.index = false (default)
2024-12-14 12:23:33,580 INFO  server.RaftServer$Division (RaftServerImpl.java:start(406)) - s8@group-4E8C8EA4E78F: Successfully started.
2024-12-14 12:23:33,580 INFO  server.RaftServer (RaftServerProxy.java:addNew(101)) - s9: addNew group-4E8C8EA4E78F:[] returns group-4E8C8EA4E78F:java.util.concurrent.CompletableFuture@3413ff90[Not completed]
2024-12-14 12:23:33,580 INFO  server.RaftServer$Division (RaftServerImpl.java:<init>(256)) - s9: new RaftServerImpl for group-4E8C8EA4E78F:[] with ArithmeticStateMachine:uninitialized
2024-12-14 12:23:33,580 INFO  server.RaftServerConfigKeys (ConfUtils.java:logGet(46)) - raft.server.rpc.timeout.min = 300ms (custom)
2024-12-14 12:23:33,581 INFO  server.RaftServerConfigKeys (ConfUtils.java:logGet(46)) - raft.server.rpc.timeout.max = 600ms (custom)
2024-12-14 12:23:33,581 INFO  server.RaftServerConfigKeys (ConfUtils.java:logGet(46)) - raft.server.rpc.sleep.time = 25ms (default)
2024-12-14 12:23:33,581 INFO  server.RaftServerConfigKeys (ConfUtils.java:logGet(46)) - raft.server.rpc.slowness.timeout = 60s (default)
2024-12-14 12:23:33,581 INFO  server.RaftServerConfigKeys (ConfUtils.java:logGet(46)) - raft.server.leaderelection.leader.step-down.wait-time = 10s (default)
2024-12-14 12:23:33,581 INFO  server.RaftServerConfigKeys (ConfUtils.java:logGet(46)) - raft.server.leaderelection.member.majority-add = false (default)
2024-12-14 12:23:33,581 INFO  server.RaftServerConfigKeys (ConfUtils.java:logGet(46)) - raft.server.sleep.deviation.threshold = 300ms (default)
2024-12-14 12:23:33,581 INFO  server.RaftServer$Division (ServerState.java:<init>(114)) - s9@group-4E8C8EA4E78F: ConfigurationManager, init=conf: {index: -1, cur=peers:[]|listeners:[], old=null}, confs=<EMPTY_MAP>
2024-12-14 12:23:33,581 INFO  server.RaftServerConfigKeys (ConfUtils.java:logGet(46)) - raft.server.notification.no-leader.timeout = 60s (default)
2024-12-14 12:23:33,581 INFO  server.RaftServerConfigKeys (ConfUtils.java:logGet(46)) - raft.server.read.timeout = 10s (default)
2024-12-14 12:23:33,581 INFO  server.RaftServerConfigKeys (ConfUtils.java:logGet(46)) - raft.server.retrycache.expirytime = 60s (default)
2024-12-14 12:23:33,581 INFO  server.RaftServerConfigKeys (ConfUtils.java:logGet(46)) - raft.server.retrycache.statistics.expirytime = 100ms (default)
2024-12-14 12:23:33,581 INFO  server.RaftServerConfigKeys (ConfUtils.java:logGet(46)) - raft.server.read.option = DEFAULT (default)
2024-12-14 12:23:33,581 INFO  server.RaftServerConfigKeys (ConfUtils.java:logGet(46)) - raft.server.read.read-after-write-consistent.write-index-cache.expiry-time = 60s (default)
2024-12-14 12:23:33,582 INFO  server.RaftServerConfigKeys (ConfUtils.java:logGet(46)) - raft.server.rpc.request.timeout = 3000ms (default)
2024-12-14 12:23:33,582 INFO  server.RaftServerConfigKeys (ConfUtils.java:logGet(46)) - raft.server.log.appender.install.snapshot.enabled = true (default)
2024-12-14 12:23:33,582 INFO  server.RaftServerConfigKeys (ConfUtils.java:logGet(46)) - raft.server.threadpool.server.cached = true (default)
2024-12-14 12:23:33,582 INFO  server.RaftServerConfigKeys (ConfUtils.java:logGet(46)) - raft.server.threadpool.server.size = 0 (default)
2024-12-14 12:23:33,582 INFO  server.RaftServerConfigKeys (ConfUtils.java:logGet(46)) - raft.server.threadpool.client.cached = true (default)
2024-12-14 12:23:33,582 INFO  server.RaftServerConfigKeys (ConfUtils.java:logGet(46)) - raft.server.threadpool.client.size = 0 (default)
2024-12-14 12:23:33,582 INFO  server.RaftServerConfigKeys (ConfUtils.java:logGet(46)) - raft.server.storage.free-space.min = 0MB (=0) (default)
2024-12-14 12:23:33,582 INFO  server.RaftServerConfigKeys (ConfUtils.java:logGet(46)) - raft.server.log.corruption.policy = EXCEPTION (default)
2024-12-14 12:23:33,582 INFO  server.RaftServerConfigKeys (ConfUtils.java:logGet(46)) - raft.server.storage.dir = [/home/runner/work/ratis/ratis/ratis-examples/target/test/data/da5193cb/MiniRaftClusterWithSimulatedRpced10c1e3/s9] (custom)
2024-12-14 12:23:33,583 INFO  storage.RaftStorageDirectory (RaftStorageDirectoryImpl.java:analyzeStorage(138)) - The storage directory /home/runner/work/ratis/ratis/ratis-examples/target/test/data/da5193cb/MiniRaftClusterWithSimulatedRpced10c1e3/s9/4ab7e727-f211-4630-9abd-4e8c8ea4e78f does not exist. Creating ...
2024-12-14 12:23:33,583 TRACE util.FileUtils (LogUtils.java:runAndLog(49)) - Successfully ran Files.createDirectories /home/runner/work/ratis/ratis/ratis-examples/target/test/data/da5193cb/MiniRaftClusterWithSimulatedRpced10c1e3/s9/4ab7e727-f211-4630-9abd-4e8c8ea4e78f
2024-12-14 12:23:33,584 INFO  storage.RaftStorageDirectory (RaftStorageDirectoryImpl.java:tryLock(229)) - Lock on /home/runner/work/ratis/ratis/ratis-examples/target/test/data/da5193cb/MiniRaftClusterWithSimulatedRpced10c1e3/s9/4ab7e727-f211-4630-9abd-4e8c8ea4e78f/in_use.lock acquired by nodename 14700@fv-az733-880
2024-12-14 12:23:33,584 TRACE util.FileUtils (LogUtils.java:runAndLog(49)) - Successfully ran Files.createDirectories /home/runner/work/ratis/ratis/ratis-examples/target/test/data/da5193cb/MiniRaftClusterWithSimulatedRpced10c1e3/s9/4ab7e727-f211-4630-9abd-4e8c8ea4e78f/current
2024-12-14 12:23:33,584 TRACE util.FileUtils (LogUtils.java:runAndLog(49)) - Successfully ran Files.createDirectories /home/runner/work/ratis/ratis/ratis-examples/target/test/data/da5193cb/MiniRaftClusterWithSimulatedRpced10c1e3/s9/4ab7e727-f211-4630-9abd-4e8c8ea4e78f/sm
2024-12-14 12:23:33,584 TRACE util.FileUtils (LogUtils.java:supplyAndLog(69)) - Successfully supplied FileChannel.open /home/runner/work/ratis/ratis/ratis-examples/target/test/data/da5193cb/MiniRaftClusterWithSimulatedRpced10c1e3/s9/4ab7e727-f211-4630-9abd-4e8c8ea4e78f/current/raft-meta.tmp with options [CREATE, WRITE]: sun.nio.ch.FileChannelImpl@31246a68
2024-12-14 12:23:33,585 TRACE util.FileUtils (LogUtils.java:runAndLog(49)) - Successfully ran Atomic Files.move /home/runner/work/ratis/ratis/ratis-examples/target/test/data/da5193cb/MiniRaftClusterWithSimulatedRpced10c1e3/s9/4ab7e727-f211-4630-9abd-4e8c8ea4e78f/current/raft-meta.tmp to /home/runner/work/ratis/ratis/ratis-examples/target/test/data/da5193cb/MiniRaftClusterWithSimulatedRpced10c1e3/s9/4ab7e727-f211-4630-9abd-4e8c8ea4e78f/current/raft-meta with options [REPLACE_EXISTING]
2024-12-14 12:23:33,585 INFO  storage.RaftStorage (RaftStorageImpl.java:format(98)) - Storage directory /home/runner/work/ratis/ratis/ratis-examples/target/test/data/da5193cb/MiniRaftClusterWithSimulatedRpced10c1e3/s9/4ab7e727-f211-4630-9abd-4e8c8ea4e78f has been successfully formatted.
2024-12-14 12:23:33,586 WARN  statemachine.StateMachine (ArithmeticStateMachine.java:loadSnapshot(115)) - The snapshot info is null.
2024-12-14 12:23:33,586 INFO  server.RaftServerConfigKeys (ConfUtils.java:logGet(46)) - raft.server.log.use.memory = false (default)
2024-12-14 12:23:33,586 INFO  server.RaftServerConfigKeys (ConfUtils.java:logGet(46)) - raft.server.log.purge.gap = 1024 (default)
2024-12-14 12:23:33,586 INFO  server.RaftServerConfigKeys (ConfUtils.java:logGet(46)) - raft.server.log.appender.buffer.byte-limit = 4MB (=4194304) (default)
2024-12-14 12:23:33,586 INFO  server.RaftServerConfigKeys (ConfUtils.java:logGet(46)) - raft.server.log.statemachine.data.read.timeout = 1000ms (default)
2024-12-14 12:23:33,586 INFO  server.RaftServerConfigKeys (ConfUtils.java:logGet(46)) - raft.server.log.purge.preservation.log.num = 0 (default)
2024-12-14 12:23:33,586 INFO  server.RaftServerConfigKeys (ConfUtils.java:logGet(46)) - raft.server.log.segment.size.max = 32MB (=33554432) (default)
2024-12-14 12:23:33,586 INFO  server.RaftServerConfigKeys (ConfUtils.java:logGet(46)) - raft.server.log.segment.cache.num.max = 6 (default)
2024-12-14 12:23:33,587 INFO  server.RaftServerConfigKeys (ConfUtils.java:logGet(46)) - raft.server.log.segment.cache.size.max = 200MB (=209715200) (default)
2024-12-14 12:23:33,587 INFO  server.RaftServerConfigKeys (ConfUtils.java:logGet(46)) - raft.server.log.appender.buffer.byte-limit = 4MB (=4194304) (default)
2024-12-14 12:23:33,587 INFO  util.AwaitToRun (AwaitToRun.java:start(81)) - Thread[s9@group-4E8C8EA4E78F-cacheEviction-AwaitToRun,5,main] started
2024-12-14 12:23:33,587 INFO  segmented.SegmentedRaftLogWorker (SegmentedRaftLogWorker.java:<init>(189)) - new s9@group-4E8C8EA4E78F-SegmentedRaftLogWorker for RaftStorageImpl:Storage Directory /home/runner/work/ratis/ratis/ratis-examples/target/test/data/da5193cb/MiniRaftClusterWithSimulatedRpced10c1e3/s9/4ab7e727-f211-4630-9abd-4e8c8ea4e78f
2024-12-14 12:23:33,587 INFO  server.RaftServerConfigKeys (ConfUtils.java:logGet(46)) - raft.server.log.queue.byte-limit = 64MB (=67108864) (default)
2024-12-14 12:23:33,587 INFO  server.RaftServerConfigKeys (ConfUtils.java:logGet(46)) - raft.server.log.queue.element-limit = 4096 (default)
2024-12-14 12:23:33,587 INFO  server.RaftServerConfigKeys (ConfUtils.java:logGet(46)) - raft.server.log.segment.size.max = 32MB (=33554432) (default)
2024-12-14 12:23:33,587 INFO  server.RaftServerConfigKeys (ConfUtils.java:logGet(46)) - raft.server.log.preallocated.size = 4MB (=4194304) (default)
2024-12-14 12:23:33,588 INFO  server.RaftServerConfigKeys (ConfUtils.java:logGet(46)) - raft.server.log.force.sync.num = 128 (default)
2024-12-14 12:23:33,588 INFO  server.RaftServerConfigKeys (ConfUtils.java:logGet(46)) - raft.server.log.statemachine.data.sync = true (default)
2024-12-14 12:23:33,588 INFO  server.RaftServerConfigKeys (ConfUtils.java:logGet(46)) - raft.server.log.statemachine.data.sync.timeout = 10s (default)
2024-12-14 12:23:33,588 INFO  server.RaftServerConfigKeys (ConfUtils.java:logGet(46)) - raft.server.log.statemachine.data.sync.timeout.retry = -1 (default)
2024-12-14 12:23:33,588 INFO  server.RaftServerConfigKeys (ConfUtils.java:logGet(46)) - raft.server.log.write.buffer.size = 8MB (=8388608) (default)
2024-12-14 12:23:33,589 INFO  server.RaftServerConfigKeys (ConfUtils.java:logGet(46)) - raft.server.log.appender.buffer.byte-limit = 4MB (=4194304) (default)
2024-12-14 12:23:33,589 INFO  server.RaftServerConfigKeys (ConfUtils.java:logGet(46)) - raft.server.log.unsafe-flush.enabled = false (default)
2024-12-14 12:23:33,590 INFO  server.RaftServerConfigKeys (ConfUtils.java:logGet(46)) - raft.server.log.async-flush.enabled = false (default)
2024-12-14 12:23:33,590 INFO  server.RaftServerConfigKeys (ConfUtils.java:logGet(46)) - raft.server.log.statemachine.data.caching.enabled = false (default)
2024-12-14 12:23:33,590 INFO  segmented.SegmentedRaftLogWorker (SegmentedRaftLogWorker.java:lambda$new$0(140)) - s9@group-4E8C8EA4E78F-SegmentedRaftLogWorker: flushIndex: setUnconditionally 0 -> -1
2024-12-14 12:23:33,590 INFO  segmented.SegmentedRaftLogWorker (SegmentedRaftLogWorker.java:lambda$new$0(140)) - s9@group-4E8C8EA4E78F-SegmentedRaftLogWorker: safeCacheEvictIndex: setUnconditionally 0 -> -1
2024-12-14 12:23:33,590 INFO  server.RaftServer$Division (RaftServerImpl.java:start(398)) - s9@group-4E8C8EA4E78F: start with initializing state, conf=conf: {index: -1, cur=peers:[]|listeners:[], old=null}
2024-12-14 12:23:33,590 INFO  server.RaftServer$Division (RaftServerImpl.java:setRole(379)) - s9@group-4E8C8EA4E78F: changes role from      null to FOLLOWER at term 0 for start
2024-12-14 12:23:33,590 INFO  util.JmxRegister (JmxRegister.java:tryRegister(44)) - Successfully registered JMX Bean with object name Ratis:service=RaftServer,group=group-4E8C8EA4E78F,id=s9
2024-12-14 12:23:33,590 INFO  util.JmxRegister (JmxRegister.java:register(58)) - register mxBean class org.apache.ratis.server.impl.RaftServerJmxAdapter as Ratis:service=RaftServer,group=group-4E8C8EA4E78F,id=s9
2024-12-14 12:23:33,590 INFO  server.RaftServerConfigKeys (ConfUtils.java:logGet(46)) - raft.server.snapshot.trigger-when-stop.enabled = true (default)
2024-12-14 12:23:33,590 INFO  server.RaftServerConfigKeys (ConfUtils.java:logGet(46)) - raft.server.snapshot.trigger-when-remove.enabled = true (default)
2024-12-14 12:23:33,590 INFO  server.RaftServerConfigKeys (ConfUtils.java:logGet(46)) - raft.server.snapshot.auto.trigger.enabled = false (default)
2024-12-14 12:23:33,591 INFO  server.RaftServerConfigKeys (ConfUtils.java:logGet(46)) - raft.server.snapshot.retention.file.num = -1 (default)
2024-12-14 12:23:33,591 INFO  server.RaftServerConfigKeys (ConfUtils.java:logGet(46)) - raft.server.log.purge.upto.snapshot.index = false (default)
2024-12-14 12:23:33,591 INFO  server.RaftServer$Division (RaftServerImpl.java:start(406)) - s9@group-4E8C8EA4E78F: Successfully started.
2024-12-14 12:23:33,597 INFO  impl.GroupManagementBaseTest (GroupManagementBaseTest.java:runMultiGroupTest(330)) - 2) setConfiguration: printing group-4E8C8EA4E78F
  s3:  RUNNING [
   FOLLOWER s3@group-E0CF8C87AB81:t0, leader=null, voted=, raftlog=Memoized:s3@group-E0CF8C87AB81-SegmentedRaftLog:OPENED:c-1:lastnull, conf=conf: {index: -1, cur=peers:[]|listeners:[], old=null} STARTING
     LEADER s3@group-4E8C8EA4E78F:t1, leader=s3, voted=s3, raftlog=Memoized:s3@group-4E8C8EA4E78F-SegmentedRaftLog:OPENED:c120:last(t:1, i:120), conf=conf: {index: 0, cur=peers:[s3, s14, s2]|listeners:[], old=null} RUNNING] size=2
  s4:  RUNNING [
   FOLLOWER s4@group-E0CF8C87AB81:t0, leader=null, voted=, raftlog=Memoized:s4@group-E0CF8C87AB81-SegmentedRaftLog:OPENED:c-1:lastnull, conf=conf: {index: -1, cur=peers:[]|listeners:[], old=null} STARTING
   FOLLOWER s4@group-4E8C8EA4E78F:t0, leader=null, voted=, raftlog=Memoized:s4@group-4E8C8EA4E78F-SegmentedRaftLog:OPENED:c-1:lastnull, conf=conf: {index: -1, cur=peers:[]|listeners:[], old=null} STARTING] size=2
  s5:  RUNNING [
   FOLLOWER s5@group-E0CF8C87AB81:t0, leader=null, voted=, raftlog=Memoized:s5@group-E0CF8C87AB81-SegmentedRaftLog:OPENED:c-1:lastnull, conf=conf: {index: -1, cur=peers:[]|listeners:[], old=null} STARTING
   FOLLOWER s5@group-4E8C8EA4E78F:t0, leader=null, voted=, raftlog=Memoized:s5@group-4E8C8EA4E78F-SegmentedRaftLog:OPENED:c-1:lastnull, conf=conf: {index: -1, cur=peers:[]|listeners:[], old=null} STARTING] size=2
  s6:  RUNNING [
   FOLLOWER s6@group-E0CF8C87AB81:t0, leader=null, voted=, raftlog=Memoized:s6@group-E0CF8C87AB81-SegmentedRaftLog:OPENED:c-1:lastnull, conf=conf: {index: -1, cur=peers:[]|listeners:[], old=null} STARTING
   FOLLOWER s6@group-4E8C8EA4E78F:t0, leader=null, voted=, raftlog=Memoized:s6@group-4E8C8EA4E78F-SegmentedRaftLog:OPENED:c-1:lastnull, conf=conf: {index: -1, cur=peers:[]|listeners:[], old=null} STARTING] size=2
  s7:  RUNNING [
   FOLLOWER s7@group-E0CF8C87AB81:t0, leader=null, voted=, raftlog=Memoized:s7@group-E0CF8C87AB81-SegmentedRaftLog:OPENED:c-1:lastnull, conf=conf: {index: -1, cur=peers:[]|listeners:[], old=null} STARTING
   FOLLOWER s7@group-4E8C8EA4E78F:t0, leader=null, voted=, raftlog=Memoized:s7@group-4E8C8EA4E78F-SegmentedRaftLog:OPENED:c-1:lastnull, conf=conf: {index: -1, cur=peers:[]|listeners:[], old=null} STARTING] size=2
  s8:  RUNNING [
   FOLLOWER s8@group-E0CF8C87AB81:t0, leader=null, voted=, raftlog=Memoized:s8@group-E0CF8C87AB81-SegmentedRaftLog:OPENED:c-1:lastnull, conf=conf: {index: -1, cur=peers:[]|listeners:[], old=null} STARTING
   FOLLOWER s8@group-4E8C8EA4E78F:t0, leader=null, voted=, raftlog=Memoized:s8@group-4E8C8EA4E78F-SegmentedRaftLog:OPENED:c-1:lastnull, conf=conf: {index: -1, cur=peers:[]|listeners:[], old=null} STARTING] size=2
  s9:  RUNNING [
   FOLLOWER s9@group-E0CF8C87AB81:t0, leader=null, voted=, raftlog=Memoized:s9@group-E0CF8C87AB81-SegmentedRaftLog:OPENED:c-1:lastnull, conf=conf: {index: -1, cur=peers:[]|listeners:[], old=null} STARTING
   FOLLOWER s9@group-4E8C8EA4E78F:t0, leader=null, voted=, raftlog=Memoized:s9@group-4E8C8EA4E78F-SegmentedRaftLog:OPENED:c-1:lastnull, conf=conf: {index: -1, cur=peers:[]|listeners:[], old=null} STARTING] size=2
  s11:  RUNNING [
   FOLLOWER s11@group-E0CF8C87AB81:t0, leader=null, voted=, raftlog=Memoized:s11@group-E0CF8C87AB81-SegmentedRaftLog:OPENED:c-1:lastnull, conf=conf: {index: -1, cur=peers:[]|listeners:[], old=null} STARTING
   FOLLOWER s11@group-4E8C8EA4E78F:t0, leader=null, voted=, raftlog=Memoized:s11@group-4E8C8EA4E78F-SegmentedRaftLog:OPENED:c-1:lastnull, conf=conf: {index: -1, cur=peers:[]|listeners:[], old=null} STARTING] size=2
  s10:  RUNNING [
   FOLLOWER s10@group-E0CF8C87AB81:t0, leader=null, voted=, raftlog=Memoized:s10@group-E0CF8C87AB81-SegmentedRaftLog:OPENED:c-1:lastnull, conf=conf: {index: -1, cur=peers:[]|listeners:[], old=null} STARTING
   FOLLOWER s10@group-4E8C8EA4E78F:t0, leader=null, voted=, raftlog=Memoized:s10@group-4E8C8EA4E78F-SegmentedRaftLog:OPENED:c-1:lastnull, conf=conf: {index: -1, cur=peers:[]|listeners:[], old=null} STARTING] size=2
  s13:  RUNNING [
   FOLLOWER s13@group-E0CF8C87AB81:t0, leader=null, voted=, raftlog=Memoized:s13@group-E0CF8C87AB81-SegmentedRaftLog:OPENED:c-1:lastnull, conf=conf: {index: -1, cur=peers:[]|listeners:[], old=null} STARTING
   FOLLOWER s13@group-4E8C8EA4E78F:t0, leader=null, voted=, raftlog=Memoized:s13@group-4E8C8EA4E78F-SegmentedRaftLog:OPENED:c-1:lastnull, conf=conf: {index: -1, cur=peers:[]|listeners:[], old=null} STARTING] size=2
  s12:  RUNNING [
   FOLLOWER s12@group-E0CF8C87AB81:t0, leader=null, voted=, raftlog=Memoized:s12@group-E0CF8C87AB81-SegmentedRaftLog:OPENED:c-1:lastnull, conf=conf: {index: -1, cur=peers:[]|listeners:[], old=null} STARTING
   FOLLOWER s12@group-4E8C8EA4E78F:t0, leader=null, voted=, raftlog=Memoized:s12@group-4E8C8EA4E78F-SegmentedRaftLog:OPENED:c-1:lastnull, conf=conf: {index: -1, cur=peers:[]|listeners:[], old=null} STARTING] size=2
  s14:  RUNNING [
   FOLLOWER s14@group-E0CF8C87AB81:t0, leader=null, voted=, raftlog=Memoized:s14@group-E0CF8C87AB81-SegmentedRaftLog:OPENED:c-1:lastnull, conf=conf: {index: -1, cur=peers:[]|listeners:[], old=null} STARTING
   FOLLOWER s14@group-4E8C8EA4E78F:t1, leader=s3, voted=s3, raftlog=Memoized:s14@group-4E8C8EA4E78F-SegmentedRaftLog:OPENED:c120:last(t:1, i:120), conf=conf: {index: 0, cur=peers:[s3|, s14|, s2|]|listeners:[], old=null} RUNNING] size=2
  s0:  RUNNING [
   FOLLOWER s0@group-E0CF8C87AB81:t0, leader=null, voted=, raftlog=Memoized:s0@group-E0CF8C87AB81-SegmentedRaftLog:OPENED:c-1:lastnull, conf=conf: {index: -1, cur=peers:[]|listeners:[], old=null} STARTING
   FOLLOWER s0@group-4E8C8EA4E78F:t0, leader=null, voted=, raftlog=Memoized:s0@group-4E8C8EA4E78F-SegmentedRaftLog:OPENED:c-1:lastnull, conf=conf: {index: -1, cur=peers:[]|listeners:[], old=null} STARTING] size=2
  s1:  RUNNING [
   FOLLOWER s1@group-E0CF8C87AB81:t0, leader=null, voted=, raftlog=Memoized:s1@group-E0CF8C87AB81-SegmentedRaftLog:OPENED:c-1:lastnull, conf=conf: {index: -1, cur=peers:[]|listeners:[], old=null} STARTING
   FOLLOWER s1@group-4E8C8EA4E78F:t0, leader=null, voted=, raftlog=Memoized:s1@group-4E8C8EA4E78F-SegmentedRaftLog:OPENED:c-1:lastnull, conf=conf: {index: -1, cur=peers:[]|listeners:[], old=null} STARTING] size=2
  s2:  RUNNING [
   FOLLOWER s2@group-E0CF8C87AB81:t0, leader=null, voted=, raftlog=Memoized:s2@group-E0CF8C87AB81-SegmentedRaftLog:OPENED:c-1:lastnull, conf=conf: {index: -1, cur=peers:[]|listeners:[], old=null} STARTING
   FOLLOWER s2@group-4E8C8EA4E78F:t1, leader=s3, voted=s3, raftlog=Memoized:s2@group-4E8C8EA4E78F-SegmentedRaftLog:OPENED:c120:last(t:1, i:120), conf=conf: {index: 0, cur=peers:[s3|, s14|, s2|]|listeners:[], old=null} RUNNING] size=2
2024-12-14 12:23:33,605 INFO  server.RaftServer$Division (RaftServerImpl.java:setConfigurationAsync(1341)) - s3@group-4E8C8EA4E78F: receive setConfiguration SetConfigurationRequest:client-632822642509->s3@group-4E8C8EA4E78F, cid=2010, seq=null, RW, null, SET_UNCONDITIONALLY, servers:[s3, s14, s0, s1, s2], listeners:[]
2024-12-14 12:23:33,605 INFO  server.RaftServer$Division (LeaderStateImpl.java:startSetConfiguration(486)) - s3@group-4E8C8EA4E78F-LeaderStateImpl: startSetConfiguration SetConfigurationRequest:client-632822642509->s3@group-4E8C8EA4E78F, cid=2010, seq=null, RW, null, SET_UNCONDITIONALLY, servers:[s3, s14, s0, s1, s2], listeners:[]
2024-12-14 12:23:33,606 INFO  server.RaftServerConfigKeys (ConfUtils.java:logGet(46)) - raft.server.log.appender.snapshot.chunk.size.max = 16MB (=16777216) (default)
2024-12-14 12:23:33,606 INFO  server.RaftServerConfigKeys (ConfUtils.java:logGet(46)) - raft.server.log.appender.buffer.byte-limit = 4MB (=4194304) (default)
2024-12-14 12:23:33,607 INFO  server.RaftServerConfigKeys (ConfUtils.java:logGet(46)) - raft.server.log.appender.buffer.element-limit = 0 (default)
2024-12-14 12:23:33,607 INFO  server.RaftServerConfigKeys (ConfUtils.java:logGet(46)) - raft.server.log.appender.wait-time.min = 1ms (default)
2024-12-14 12:23:33,607 INFO  server.RaftServerConfigKeys (ConfUtils.java:logGet(46)) - raft.server.log.appender.snapshot.chunk.size.max = 16MB (=16777216) (default)
2024-12-14 12:23:33,607 INFO  server.RaftServerConfigKeys (ConfUtils.java:logGet(46)) - raft.server.log.appender.buffer.byte-limit = 4MB (=4194304) (default)
2024-12-14 12:23:33,607 INFO  server.RaftServerConfigKeys (ConfUtils.java:logGet(46)) - raft.server.log.appender.buffer.element-limit = 0 (default)
2024-12-14 12:23:33,607 INFO  server.RaftServerConfigKeys (ConfUtils.java:logGet(46)) - raft.server.log.appender.wait-time.min = 1ms (default)
2024-12-14 12:23:33,608 INFO  leader.FollowerInfo (FollowerInfoImpl.java:setAttemptedToInstallSnapshot(154)) - Follower s3@group-4E8C8EA4E78F->s1 acknowledged installing snapshot
2024-12-14 12:23:33,608 INFO  leader.FollowerInfo (FollowerInfoImpl.java:setAttemptedToInstallSnapshot(154)) - Follower s3@group-4E8C8EA4E78F->s0 acknowledged installing snapshot
2024-12-14 12:23:33,609 TRACE util.FileUtils (LogUtils.java:supplyAndLog(69)) - Successfully supplied FileChannel.open /home/runner/work/ratis/ratis/ratis-examples/target/test/data/da5193cb/MiniRaftClusterWithSimulatedRpced10c1e3/s0/4ab7e727-f211-4630-9abd-4e8c8ea4e78f/current/raft-meta.tmp with options [CREATE, WRITE]: sun.nio.ch.FileChannelImpl@42a147ef
2024-12-14 12:23:33,609 TRACE util.FileUtils (LogUtils.java:supplyAndLog(69)) - Successfully supplied FileChannel.open /home/runner/work/ratis/ratis/ratis-examples/target/test/data/da5193cb/MiniRaftClusterWithSimulatedRpced10c1e3/s1/4ab7e727-f211-4630-9abd-4e8c8ea4e78f/current/raft-meta.tmp with options [CREATE, WRITE]: sun.nio.ch.FileChannelImpl@b7e3025
2024-12-14 12:23:33,610 TRACE util.FileUtils (LogUtils.java:runAndLog(49)) - Successfully ran Atomic Files.move /home/runner/work/ratis/ratis/ratis-examples/target/test/data/da5193cb/MiniRaftClusterWithSimulatedRpced10c1e3/s0/4ab7e727-f211-4630-9abd-4e8c8ea4e78f/current/raft-meta.tmp to /home/runner/work/ratis/ratis/ratis-examples/target/test/data/da5193cb/MiniRaftClusterWithSimulatedRpced10c1e3/s0/4ab7e727-f211-4630-9abd-4e8c8ea4e78f/current/raft-meta with options [REPLACE_EXISTING]
2024-12-14 12:23:33,610 INFO  server.RaftServer$Division (RaftServerImpl.java:setFirstElection(563)) - s0@group-4E8C8EA4E78F: set firstElectionSinceStartup to false for appendEntries
2024-12-14 12:23:33,610 INFO  server.RaftServer$Division (ServerState.java:setLeader(272)) - s0@group-4E8C8EA4E78F: change Leader from null to s3 at term 1 for appendEntries, leader elected after 159ms
2024-12-14 12:23:33,610 TRACE util.FileUtils (LogUtils.java:runAndLog(49)) - Successfully ran Atomic Files.move /home/runner/work/ratis/ratis/ratis-examples/target/test/data/da5193cb/MiniRaftClusterWithSimulatedRpced10c1e3/s1/4ab7e727-f211-4630-9abd-4e8c8ea4e78f/current/raft-meta.tmp to /home/runner/work/ratis/ratis/ratis-examples/target/test/data/da5193cb/MiniRaftClusterWithSimulatedRpced10c1e3/s1/4ab7e727-f211-4630-9abd-4e8c8ea4e78f/current/raft-meta with options [REPLACE_EXISTING]
2024-12-14 12:23:33,610 INFO  server.RaftServer$Division (RaftServerImpl.java:setFirstElection(563)) - s1@group-4E8C8EA4E78F: set firstElectionSinceStartup to false for appendEntries
2024-12-14 12:23:33,610 INFO  server.RaftServer$Division (ServerState.java:setLeader(272)) - s1@group-4E8C8EA4E78F: change Leader from null to s3 at term 1 for appendEntries, leader elected after 148ms
2024-12-14 12:23:33,614 INFO  server.RaftServer$Division (ServerState.java:setRaftConf(386)) - s0@group-4E8C8EA4E78F: set configuration conf: {index: 0, cur=peers:[s3|, s14|, s2|]|listeners:[], old=null}
2024-12-14 12:23:33,614 INFO  server.RaftServer$Division (ServerState.java:setRaftConf(386)) - s1@group-4E8C8EA4E78F: set configuration conf: {index: 0, cur=peers:[s3|, s14|, s2|]|listeners:[], old=null}
2024-12-14 12:23:33,614 INFO  segmented.SegmentedRaftLogWorker (SegmentedRaftLogWorker.java:startLogSegment(443)) - s0@group-4E8C8EA4E78F-SegmentedRaftLogWorker: Starting segment from index:0
2024-12-14 12:23:33,614 INFO  segmented.SegmentedRaftLogWorker (SegmentedRaftLogWorker.java:startLogSegment(443)) - s1@group-4E8C8EA4E78F-SegmentedRaftLogWorker: Starting segment from index:0
2024-12-14 12:23:33,615 INFO  segmented.BufferedWriteChannel (BufferedWriteChannel.java:open(61)) - open log_inprogress_0 at position 0
2024-12-14 12:23:33,620 INFO  segmented.BufferedWriteChannel (BufferedWriteChannel.java:open(61)) - open log_inprogress_0 at position 0
2024-12-14 12:23:33,625 INFO  segmented.SegmentedRaftLogWorker (SegmentedRaftLogWorker.java:execute(667)) - s0@group-4E8C8EA4E78F-SegmentedRaftLogWorker: created new log segment /home/runner/work/ratis/ratis/ratis-examples/target/test/data/da5193cb/MiniRaftClusterWithSimulatedRpced10c1e3/s0/4ab7e727-f211-4630-9abd-4e8c8ea4e78f/current/log_inprogress_0
2024-12-14 12:23:33,628 TRACE util.FileUtils (LogUtils.java:supplyAndLog(69)) - Successfully supplied FileChannel.open /home/runner/work/ratis/ratis/ratis-examples/target/test/data/da5193cb/MiniRaftClusterWithSimulatedRpced10c1e3/s0/4ab7e727-f211-4630-9abd-4e8c8ea4e78f/current/raft-meta.conf.tmp with options [CREATE, WRITE]: sun.nio.ch.FileChannelImpl@26488b8
2024-12-14 12:23:33,630 INFO  server.RaftServer$Division (ServerState.java:setRaftConf(386)) - s3@group-4E8C8EA4E78F: set configuration conf: {index: 121, cur=peers:[s3, s14, s0, s1, s2]|listeners:[], old=peers:[s3, s14, s2]|listeners:[]}
2024-12-14 12:23:33,631 INFO  server.RaftServer$Division (ServerState.java:setRaftConf(386)) - s14@group-4E8C8EA4E78F: set configuration conf: {index: 121, cur=peers:[s3|, s14|, s0|, s1|, s2|]|listeners:[], old=peers:[s3|, s14|, s2|]|listeners:[]}
2024-12-14 12:23:33,631 INFO  server.RaftServer$Division (ServerState.java:setRaftConf(386)) - s0@group-4E8C8EA4E78F: set configuration conf: {index: 121, cur=peers:[s3|, s14|, s0|, s1|, s2|]|listeners:[], old=peers:[s3|, s14|, s2|]|listeners:[]}
2024-12-14 12:23:33,631 INFO  server.RaftServer$Division (ServerState.java:setRaftConf(386)) - s2@group-4E8C8EA4E78F: set configuration conf: {index: 121, cur=peers:[s3|, s14|, s0|, s1|, s2|]|listeners:[], old=peers:[s3|, s14|, s2|]|listeners:[]}
2024-12-14 12:23:33,631 INFO  segmented.SegmentedRaftLogWorker (SegmentedRaftLogWorker.java:execute(667)) - s1@group-4E8C8EA4E78F-SegmentedRaftLogWorker: created new log segment /home/runner/work/ratis/ratis/ratis-examples/target/test/data/da5193cb/MiniRaftClusterWithSimulatedRpced10c1e3/s1/4ab7e727-f211-4630-9abd-4e8c8ea4e78f/current/log_inprogress_0
2024-12-14 12:23:33,631 TRACE util.FileUtils (LogUtils.java:runAndLog(49)) - Successfully ran Atomic Files.move /home/runner/work/ratis/ratis/ratis-examples/target/test/data/da5193cb/MiniRaftClusterWithSimulatedRpced10c1e3/s0/4ab7e727-f211-4630-9abd-4e8c8ea4e78f/current/raft-meta.conf.tmp to /home/runner/work/ratis/ratis/ratis-examples/target/test/data/da5193cb/MiniRaftClusterWithSimulatedRpced10c1e3/s0/4ab7e727-f211-4630-9abd-4e8c8ea4e78f/current/raft-meta.conf with options [REPLACE_EXISTING]
2024-12-14 12:23:33,632 TRACE util.FileUtils (LogUtils.java:supplyAndLog(69)) - Successfully supplied FileChannel.open /home/runner/work/ratis/ratis/ratis-examples/target/test/data/da5193cb/MiniRaftClusterWithSimulatedRpced10c1e3/s3/4ab7e727-f211-4630-9abd-4e8c8ea4e78f/current/raft-meta.conf.tmp with options [CREATE, WRITE]: sun.nio.ch.FileChannelImpl@6f3a5396
2024-12-14 12:23:33,633 INFO  impl.RoleInfo (RoleInfo.java:updateAndGet(148)) - s0: start s0@group-4E8C8EA4E78F-FollowerState
2024-12-14 12:23:33,633 TRACE util.FileUtils (LogUtils.java:supplyAndLog(69)) - Successfully supplied FileChannel.open /home/runner/work/ratis/ratis/ratis-examples/target/test/data/da5193cb/MiniRaftClusterWithSimulatedRpced10c1e3/s2/4ab7e727-f211-4630-9abd-4e8c8ea4e78f/current/raft-meta.conf.tmp with options [CREATE, WRITE]: sun.nio.ch.FileChannelImpl@46d819b6
2024-12-14 12:23:33,633 TRACE util.FileUtils (LogUtils.java:supplyAndLog(69)) - Successfully supplied FileChannel.open /home/runner/work/ratis/ratis/ratis-examples/target/test/data/da5193cb/MiniRaftClusterWithSimulatedRpced10c1e3/s14/4ab7e727-f211-4630-9abd-4e8c8ea4e78f/current/raft-meta.conf.tmp with options [CREATE, WRITE]: sun.nio.ch.FileChannelImpl@376520dc
2024-12-14 12:23:33,634 INFO  server.RaftServer$Division (ServerState.java:setRaftConf(386)) - s3@group-4E8C8EA4E78F: set configuration conf: {index: 123, cur=peers:[s3, s14, s0, s1, s2]|listeners:[], old=null}
2024-12-14 12:23:33,634 INFO  server.RaftServer$Division (ServerState.java:setRaftConf(386)) - s14@group-4E8C8EA4E78F: set configuration conf: {index: 123, cur=peers:[s3|, s14|, s0|, s1|, s2|]|listeners:[], old=null}
2024-12-14 12:23:33,634 INFO  server.RaftServer$Division (ServerState.java:setRaftConf(386)) - s2@group-4E8C8EA4E78F: set configuration conf: {index: 123, cur=peers:[s3|, s14|, s0|, s1|, s2|]|listeners:[], old=null}
2024-12-14 12:23:33,636 TRACE util.FileUtils (LogUtils.java:runAndLog(49)) - Successfully ran Atomic Files.move /home/runner/work/ratis/ratis/ratis-examples/target/test/data/da5193cb/MiniRaftClusterWithSimulatedRpced10c1e3/s2/4ab7e727-f211-4630-9abd-4e8c8ea4e78f/current/raft-meta.conf.tmp to /home/runner/work/ratis/ratis/ratis-examples/target/test/data/da5193cb/MiniRaftClusterWithSimulatedRpced10c1e3/s2/4ab7e727-f211-4630-9abd-4e8c8ea4e78f/current/raft-meta.conf with options [REPLACE_EXISTING]
2024-12-14 12:23:33,636 TRACE util.FileUtils (LogUtils.java:runAndLog(49)) - Successfully ran Atomic Files.move /home/runner/work/ratis/ratis/ratis-examples/target/test/data/da5193cb/MiniRaftClusterWithSimulatedRpced10c1e3/s14/4ab7e727-f211-4630-9abd-4e8c8ea4e78f/current/raft-meta.conf.tmp to /home/runner/work/ratis/ratis/ratis-examples/target/test/data/da5193cb/MiniRaftClusterWithSimulatedRpced10c1e3/s14/4ab7e727-f211-4630-9abd-4e8c8ea4e78f/current/raft-meta.conf with options [REPLACE_EXISTING]
2024-12-14 12:23:33,638 TRACE util.FileUtils (LogUtils.java:runAndLog(49)) - Successfully ran Atomic Files.move /home/runner/work/ratis/ratis/ratis-examples/target/test/data/da5193cb/MiniRaftClusterWithSimulatedRpced10c1e3/s3/4ab7e727-f211-4630-9abd-4e8c8ea4e78f/current/raft-meta.conf.tmp to /home/runner/work/ratis/ratis/ratis-examples/target/test/data/da5193cb/MiniRaftClusterWithSimulatedRpced10c1e3/s3/4ab7e727-f211-4630-9abd-4e8c8ea4e78f/current/raft-meta.conf with options [REPLACE_EXISTING]
2024-12-14 12:23:33,638 INFO  server.RaftServer$Division (ServerState.java:setRaftConf(386)) - s0@group-4E8C8EA4E78F: set configuration conf: {index: 123, cur=peers:[s3|, s14|, s0|, s1|, s2|]|listeners:[], old=null}
2024-12-14 12:23:33,638 TRACE util.FileUtils (LogUtils.java:supplyAndLog(69)) - Successfully supplied FileChannel.open /home/runner/work/ratis/ratis/ratis-examples/target/test/data/da5193cb/MiniRaftClusterWithSimulatedRpced10c1e3/s3/4ab7e727-f211-4630-9abd-4e8c8ea4e78f/current/raft-meta.conf.tmp with options [CREATE, WRITE]: sun.nio.ch.FileChannelImpl@4ac11b3f
2024-12-14 12:23:33,641 INFO  impl.RoleInfo (RoleInfo.java:updateAndGet(148)) - s1: start s1@group-4E8C8EA4E78F-FollowerState
2024-12-14 12:23:33,639 TRACE util.FileUtils (LogUtils.java:supplyAndLog(69)) - Successfully supplied FileChannel.open /home/runner/work/ratis/ratis/ratis-examples/target/test/data/da5193cb/MiniRaftClusterWithSimulatedRpced10c1e3/s2/4ab7e727-f211-4630-9abd-4e8c8ea4e78f/current/raft-meta.conf.tmp with options [CREATE, WRITE]: sun.nio.ch.FileChannelImpl@42e785b5
2024-12-14 12:23:33,639 TRACE util.FileUtils (LogUtils.java:supplyAndLog(69)) - Successfully supplied FileChannel.open /home/runner/work/ratis/ratis/ratis-examples/target/test/data/da5193cb/MiniRaftClusterWithSimulatedRpced10c1e3/s1/4ab7e727-f211-4630-9abd-4e8c8ea4e78f/current/raft-meta.conf.tmp with options [CREATE, WRITE]: sun.nio.ch.FileChannelImpl@18b70ab5
2024-12-14 12:23:33,641 INFO  server.RaftServer$Division (ServerState.java:setRaftConf(386)) - s1@group-4E8C8EA4E78F: set configuration conf: {index: 121, cur=peers:[s3|, s14|, s0|, s1|, s2|]|listeners:[], old=peers:[s3|, s14|, s2|]|listeners:[]}
2024-12-14 12:23:33,641 INFO  server.RaftServer$Division (ServerState.java:setRaftConf(386)) - s1@group-4E8C8EA4E78F: set configuration conf: {index: 123, cur=peers:[s3|, s14|, s0|, s1|, s2|]|listeners:[], old=null}
2024-12-14 12:23:33,642 TRACE util.FileUtils (LogUtils.java:runAndLog(49)) - Successfully ran Atomic Files.move /home/runner/work/ratis/ratis/ratis-examples/target/test/data/da5193cb/MiniRaftClusterWithSimulatedRpced10c1e3/s3/4ab7e727-f211-4630-9abd-4e8c8ea4e78f/current/raft-meta.conf.tmp to /home/runner/work/ratis/ratis/ratis-examples/target/test/data/da5193cb/MiniRaftClusterWithSimulatedRpced10c1e3/s3/4ab7e727-f211-4630-9abd-4e8c8ea4e78f/current/raft-meta.conf with options [REPLACE_EXISTING]
2024-12-14 12:23:33,643 TRACE util.FileUtils (LogUtils.java:runAndLog(49)) - Successfully ran Atomic Files.move /home/runner/work/ratis/ratis/ratis-examples/target/test/data/da5193cb/MiniRaftClusterWithSimulatedRpced10c1e3/s1/4ab7e727-f211-4630-9abd-4e8c8ea4e78f/current/raft-meta.conf.tmp to /home/runner/work/ratis/ratis/ratis-examples/target/test/data/da5193cb/MiniRaftClusterWithSimulatedRpced10c1e3/s1/4ab7e727-f211-4630-9abd-4e8c8ea4e78f/current/raft-meta.conf with options [REPLACE_EXISTING]
2024-12-14 12:23:33,643 TRACE util.FileUtils (LogUtils.java:supplyAndLog(69)) - Successfully supplied FileChannel.open /home/runner/work/ratis/ratis/ratis-examples/target/test/data/da5193cb/MiniRaftClusterWithSimulatedRpced10c1e3/s0/4ab7e727-f211-4630-9abd-4e8c8ea4e78f/current/raft-meta.conf.tmp with options [CREATE, WRITE]: sun.nio.ch.FileChannelImpl@ca37684
2024-12-14 12:23:33,643 INFO  server.RaftServer$Division (RaftServerImpl.java:setConfigurationAsync(1341)) - s3@group-4E8C8EA4E78F: receive setConfiguration SetConfigurationRequest:client-632822642509->s3@group-4E8C8EA4E78F, cid=2029, seq=null, RW, null, SET_UNCONDITIONALLY, servers:[s3, s11, s10, s13, s12, s14, s0, s1, s2], listeners:[]
2024-12-14 12:23:33,644 TRACE util.FileUtils (LogUtils.java:runAndLog(49)) - Successfully ran Atomic Files.move /home/runner/work/ratis/ratis/ratis-examples/target/test/data/da5193cb/MiniRaftClusterWithSimulatedRpced10c1e3/s2/4ab7e727-f211-4630-9abd-4e8c8ea4e78f/current/raft-meta.conf.tmp to /home/runner/work/ratis/ratis/ratis-examples/target/test/data/da5193cb/MiniRaftClusterWithSimulatedRpced10c1e3/s2/4ab7e727-f211-4630-9abd-4e8c8ea4e78f/current/raft-meta.conf with options [REPLACE_EXISTING]
2024-12-14 12:23:33,644 INFO  server.RaftServer$Division (LeaderStateImpl.java:startSetConfiguration(486)) - s3@group-4E8C8EA4E78F-LeaderStateImpl: startSetConfiguration SetConfigurationRequest:client-632822642509->s3@group-4E8C8EA4E78F, cid=2029, seq=null, RW, null, SET_UNCONDITIONALLY, servers:[s3, s11, s10, s13, s12, s14, s0, s1, s2], listeners:[]
2024-12-14 12:23:33,645 INFO  server.RaftServerConfigKeys (ConfUtils.java:logGet(46)) - raft.server.log.appender.snapshot.chunk.size.max = 16MB (=16777216) (default)
2024-12-14 12:23:33,645 INFO  server.RaftServerConfigKeys (ConfUtils.java:logGet(46)) - raft.server.log.appender.buffer.byte-limit = 4MB (=4194304) (default)
2024-12-14 12:23:33,645 INFO  server.RaftServerConfigKeys (ConfUtils.java:logGet(46)) - raft.server.log.appender.buffer.element-limit = 0 (default)
2024-12-14 12:23:33,645 INFO  server.RaftServerConfigKeys (ConfUtils.java:logGet(46)) - raft.server.log.appender.wait-time.min = 1ms (default)
2024-12-14 12:23:33,645 INFO  server.RaftServerConfigKeys (ConfUtils.java:logGet(46)) - raft.server.log.appender.snapshot.chunk.size.max = 16MB (=16777216) (default)
2024-12-14 12:23:33,645 INFO  server.RaftServerConfigKeys (ConfUtils.java:logGet(46)) - raft.server.log.appender.buffer.byte-limit = 4MB (=4194304) (default)
2024-12-14 12:23:33,645 TRACE util.FileUtils (LogUtils.java:runAndLog(49)) - Successfully ran Atomic Files.move /home/runner/work/ratis/ratis/ratis-examples/target/test/data/da5193cb/MiniRaftClusterWithSimulatedRpced10c1e3/s0/4ab7e727-f211-4630-9abd-4e8c8ea4e78f/current/raft-meta.conf.tmp to /home/runner/work/ratis/ratis/ratis-examples/target/test/data/da5193cb/MiniRaftClusterWithSimulatedRpced10c1e3/s0/4ab7e727-f211-4630-9abd-4e8c8ea4e78f/current/raft-meta.conf with options [REPLACE_EXISTING]
2024-12-14 12:23:33,646 TRACE util.FileUtils (LogUtils.java:supplyAndLog(69)) - Successfully supplied FileChannel.open /home/runner/work/ratis/ratis/ratis-examples/target/test/data/da5193cb/MiniRaftClusterWithSimulatedRpced10c1e3/s0/4ab7e727-f211-4630-9abd-4e8c8ea4e78f/current/raft-meta.conf.tmp with options [CREATE, WRITE]: sun.nio.ch.FileChannelImpl@89ce3c8
2024-12-14 12:23:33,645 INFO  server.RaftServerConfigKeys (ConfUtils.java:logGet(46)) - raft.server.log.appender.buffer.element-limit = 0 (default)
2024-12-14 12:23:33,646 INFO  server.RaftServerConfigKeys (ConfUtils.java:logGet(46)) - raft.server.log.appender.wait-time.min = 1ms (default)
2024-12-14 12:23:33,646 INFO  server.RaftServerConfigKeys (ConfUtils.java:logGet(46)) - raft.server.log.appender.snapshot.chunk.size.max = 16MB (=16777216) (default)
2024-12-14 12:23:33,646 INFO  server.RaftServerConfigKeys (ConfUtils.java:logGet(46)) - raft.server.log.appender.buffer.byte-limit = 4MB (=4194304) (default)
2024-12-14 12:23:33,647 INFO  server.RaftServerConfigKeys (ConfUtils.java:logGet(46)) - raft.server.log.appender.buffer.element-limit = 0 (default)
2024-12-14 12:23:33,647 INFO  server.RaftServerConfigKeys (ConfUtils.java:logGet(46)) - raft.server.log.appender.wait-time.min = 1ms (default)
2024-12-14 12:23:33,647 INFO  server.RaftServerConfigKeys (ConfUtils.java:logGet(46)) - raft.server.log.appender.snapshot.chunk.size.max = 16MB (=16777216) (default)
2024-12-14 12:23:33,647 INFO  server.RaftServerConfigKeys (ConfUtils.java:logGet(46)) - raft.server.log.appender.buffer.byte-limit = 4MB (=4194304) (default)
2024-12-14 12:23:33,648 INFO  server.RaftServerConfigKeys (ConfUtils.java:logGet(46)) - raft.server.log.appender.buffer.element-limit = 0 (default)
2024-12-14 12:23:33,648 INFO  server.RaftServerConfigKeys (ConfUtils.java:logGet(46)) - raft.server.log.appender.wait-time.min = 1ms (default)
2024-12-14 12:23:33,647 TRACE util.FileUtils (LogUtils.java:supplyAndLog(69)) - Successfully supplied FileChannel.open /home/runner/work/ratis/ratis/ratis-examples/target/test/data/da5193cb/MiniRaftClusterWithSimulatedRpced10c1e3/s1/4ab7e727-f211-4630-9abd-4e8c8ea4e78f/current/raft-meta.conf.tmp with options [CREATE, WRITE]: sun.nio.ch.FileChannelImpl@1670e7d3
2024-12-14 12:23:33,648 TRACE util.FileUtils (LogUtils.java:runAndLog(49)) - Successfully ran Atomic Files.move /home/runner/work/ratis/ratis/ratis-examples/target/test/data/da5193cb/MiniRaftClusterWithSimulatedRpced10c1e3/s0/4ab7e727-f211-4630-9abd-4e8c8ea4e78f/current/raft-meta.conf.tmp to /home/runner/work/ratis/ratis/ratis-examples/target/test/data/da5193cb/MiniRaftClusterWithSimulatedRpced10c1e3/s0/4ab7e727-f211-4630-9abd-4e8c8ea4e78f/current/raft-meta.conf with options [REPLACE_EXISTING]
2024-12-14 12:23:33,648 TRACE util.FileUtils (LogUtils.java:supplyAndLog(69)) - Successfully supplied FileChannel.open /home/runner/work/ratis/ratis/ratis-examples/target/test/data/da5193cb/MiniRaftClusterWithSimulatedRpced10c1e3/s14/4ab7e727-f211-4630-9abd-4e8c8ea4e78f/current/raft-meta.conf.tmp with options [CREATE, WRITE]: sun.nio.ch.FileChannelImpl@335aa2e8
2024-12-14 12:23:33,649 INFO  leader.FollowerInfo (FollowerInfoImpl.java:setAttemptedToInstallSnapshot(154)) - Follower s3@group-4E8C8EA4E78F->s11 acknowledged installing snapshot
2024-12-14 12:23:33,650 INFO  leader.FollowerInfo (FollowerInfoImpl.java:setAttemptedToInstallSnapshot(154)) - Follower s3@group-4E8C8EA4E78F->s10 acknowledged installing snapshot
2024-12-14 12:23:33,650 TRACE util.FileUtils (LogUtils.java:runAndLog(49)) - Successfully ran Atomic Files.move /home/runner/work/ratis/ratis/ratis-examples/target/test/data/da5193cb/MiniRaftClusterWithSimulatedRpced10c1e3/s1/4ab7e727-f211-4630-9abd-4e8c8ea4e78f/current/raft-meta.conf.tmp to /home/runner/work/ratis/ratis/ratis-examples/target/test/data/da5193cb/MiniRaftClusterWithSimulatedRpced10c1e3/s1/4ab7e727-f211-4630-9abd-4e8c8ea4e78f/current/raft-meta.conf with options [REPLACE_EXISTING]
2024-12-14 12:23:33,650 TRACE util.FileUtils (LogUtils.java:supplyAndLog(69)) - Successfully supplied FileChannel.open /home/runner/work/ratis/ratis/ratis-examples/target/test/data/da5193cb/MiniRaftClusterWithSimulatedRpced10c1e3/s1/4ab7e727-f211-4630-9abd-4e8c8ea4e78f/current/raft-meta.conf.tmp with options [CREATE, WRITE]: sun.nio.ch.FileChannelImpl@124f61c5
2024-12-14 12:23:33,650 INFO  leader.FollowerInfo (FollowerInfoImpl.java:setAttemptedToInstallSnapshot(154)) - Follower s3@group-4E8C8EA4E78F->s13 acknowledged installing snapshot
2024-12-14 12:23:33,650 TRACE util.FileUtils (LogUtils.java:supplyAndLog(69)) - Successfully supplied FileChannel.open /home/runner/work/ratis/ratis/ratis-examples/target/test/data/da5193cb/MiniRaftClusterWithSimulatedRpced10c1e3/s10/4ab7e727-f211-4630-9abd-4e8c8ea4e78f/current/raft-meta.tmp with options [CREATE, WRITE]: sun.nio.ch.FileChannelImpl@30f86d99
2024-12-14 12:23:33,651 TRACE util.FileUtils (LogUtils.java:runAndLog(49)) - Successfully ran Atomic Files.move /home/runner/work/ratis/ratis/ratis-examples/target/test/data/da5193cb/MiniRaftClusterWithSimulatedRpced10c1e3/s14/4ab7e727-f211-4630-9abd-4e8c8ea4e78f/current/raft-meta.conf.tmp to /home/runner/work/ratis/ratis/ratis-examples/target/test/data/da5193cb/MiniRaftClusterWithSimulatedRpced10c1e3/s14/4ab7e727-f211-4630-9abd-4e8c8ea4e78f/current/raft-meta.conf with options [REPLACE_EXISTING]
2024-12-14 12:23:33,651 TRACE util.FileUtils (LogUtils.java:supplyAndLog(69)) - Successfully supplied FileChannel.open /home/runner/work/ratis/ratis/ratis-examples/target/test/data/da5193cb/MiniRaftClusterWithSimulatedRpced10c1e3/s13/4ab7e727-f211-4630-9abd-4e8c8ea4e78f/current/raft-meta.tmp with options [CREATE, WRITE]: sun.nio.ch.FileChannelImpl@3d31db3e
2024-12-14 12:23:33,652 TRACE util.FileUtils (LogUtils.java:runAndLog(49)) - Successfully ran Atomic Files.move /home/runner/work/ratis/ratis/ratis-examples/target/test/data/da5193cb/MiniRaftClusterWithSimulatedRpced10c1e3/s13/4ab7e727-f211-4630-9abd-4e8c8ea4e78f/current/raft-meta.tmp to /home/runner/work/ratis/ratis/ratis-examples/target/test/data/da5193cb/MiniRaftClusterWithSimulatedRpced10c1e3/s13/4ab7e727-f211-4630-9abd-4e8c8ea4e78f/current/raft-meta with options [REPLACE_EXISTING]
2024-12-14 12:23:33,653 INFO  server.RaftServer$Division (RaftServerImpl.java:setFirstElection(563)) - s13@group-4E8C8EA4E78F: set firstElectionSinceStartup to false for appendEntries
2024-12-14 12:23:33,653 TRACE util.FileUtils (LogUtils.java:runAndLog(49)) - Successfully ran Atomic Files.move /home/runner/work/ratis/ratis/ratis-examples/target/test/data/da5193cb/MiniRaftClusterWithSimulatedRpced10c1e3/s1/4ab7e727-f211-4630-9abd-4e8c8ea4e78f/current/raft-meta.conf.tmp to /home/runner/work/ratis/ratis/ratis-examples/target/test/data/da5193cb/MiniRaftClusterWithSimulatedRpced10c1e3/s1/4ab7e727-f211-4630-9abd-4e8c8ea4e78f/current/raft-meta.conf with options [REPLACE_EXISTING]
2024-12-14 12:23:33,653 TRACE util.FileUtils (LogUtils.java:runAndLog(49)) - Successfully ran Atomic Files.move /home/runner/work/ratis/ratis/ratis-examples/target/test/data/da5193cb/MiniRaftClusterWithSimulatedRpced10c1e3/s10/4ab7e727-f211-4630-9abd-4e8c8ea4e78f/current/raft-meta.tmp to /home/runner/work/ratis/ratis/ratis-examples/target/test/data/da5193cb/MiniRaftClusterWithSimulatedRpced10c1e3/s10/4ab7e727-f211-4630-9abd-4e8c8ea4e78f/current/raft-meta with options [REPLACE_EXISTING]
2024-12-14 12:23:33,653 INFO  server.RaftServer$Division (RaftServerImpl.java:setFirstElection(563)) - s10@group-4E8C8EA4E78F: set firstElectionSinceStartup to false for appendEntries
2024-12-14 12:23:33,653 INFO  server.RaftServer$Division (ServerState.java:setLeader(272)) - s10@group-4E8C8EA4E78F: change Leader from null to s3 at term 1 for appendEntries, leader elected after 214ms
2024-12-14 12:23:33,653 INFO  server.RaftServer$Division (ServerState.java:setLeader(272)) - s13@group-4E8C8EA4E78F: change Leader from null to s3 at term 1 for appendEntries, leader elected after 167ms
2024-12-14 12:23:33,657 INFO  leader.FollowerInfo (FollowerInfoImpl.java:setAttemptedToInstallSnapshot(154)) - Follower s3@group-4E8C8EA4E78F->s12 acknowledged installing snapshot
2024-12-14 12:23:33,657 TRACE util.FileUtils (LogUtils.java:supplyAndLog(69)) - Successfully supplied FileChannel.open /home/runner/work/ratis/ratis/ratis-examples/target/test/data/da5193cb/MiniRaftClusterWithSimulatedRpced10c1e3/s11/4ab7e727-f211-4630-9abd-4e8c8ea4e78f/current/raft-meta.tmp with options [CREATE, WRITE]: sun.nio.ch.FileChannelImpl@197e6b86
2024-12-14 12:23:33,657 TRACE util.FileUtils (LogUtils.java:supplyAndLog(69)) - Successfully supplied FileChannel.open /home/runner/work/ratis/ratis/ratis-examples/target/test/data/da5193cb/MiniRaftClusterWithSimulatedRpced10c1e3/s12/4ab7e727-f211-4630-9abd-4e8c8ea4e78f/current/raft-meta.tmp with options [CREATE, WRITE]: sun.nio.ch.FileChannelImpl@678a002b
2024-12-14 12:23:33,659 TRACE util.FileUtils (LogUtils.java:runAndLog(49)) - Successfully ran Atomic Files.move /home/runner/work/ratis/ratis/ratis-examples/target/test/data/da5193cb/MiniRaftClusterWithSimulatedRpced10c1e3/s11/4ab7e727-f211-4630-9abd-4e8c8ea4e78f/current/raft-meta.tmp to /home/runner/work/ratis/ratis/ratis-examples/target/test/data/da5193cb/MiniRaftClusterWithSimulatedRpced10c1e3/s11/4ab7e727-f211-4630-9abd-4e8c8ea4e78f/current/raft-meta with options [REPLACE_EXISTING]
2024-12-14 12:23:33,659 INFO  server.RaftServer$Division (RaftServerImpl.java:setFirstElection(563)) - s11@group-4E8C8EA4E78F: set firstElectionSinceStartup to false for appendEntries
2024-12-14 12:23:33,659 INFO  server.RaftServer$Division (ServerState.java:setLeader(272)) - s11@group-4E8C8EA4E78F: change Leader from null to s3 at term 1 for appendEntries, leader elected after 185ms
2024-12-14 12:23:33,659 TRACE util.FileUtils (LogUtils.java:runAndLog(49)) - Successfully ran Atomic Files.move /home/runner/work/ratis/ratis/ratis-examples/target/test/data/da5193cb/MiniRaftClusterWithSimulatedRpced10c1e3/s12/4ab7e727-f211-4630-9abd-4e8c8ea4e78f/current/raft-meta.tmp to /home/runner/work/ratis/ratis/ratis-examples/target/test/data/da5193cb/MiniRaftClusterWithSimulatedRpced10c1e3/s12/4ab7e727-f211-4630-9abd-4e8c8ea4e78f/current/raft-meta with options [REPLACE_EXISTING]
2024-12-14 12:23:33,659 INFO  server.RaftServer$Division (RaftServerImpl.java:setFirstElection(563)) - s12@group-4E8C8EA4E78F: set firstElectionSinceStartup to false for appendEntries
2024-12-14 12:23:33,659 INFO  server.RaftServer$Division (ServerState.java:setLeader(272)) - s12@group-4E8C8EA4E78F: change Leader from null to s3 at term 1 for appendEntries, leader elected after 161ms
2024-12-14 12:23:33,665 INFO  server.RaftServer$Division (ServerState.java:setRaftConf(386)) - s13@group-4E8C8EA4E78F: set configuration conf: {index: 0, cur=peers:[s3|, s14|, s2|]|listeners:[], old=null}
2024-12-14 12:23:33,665 INFO  server.RaftServer$Division (ServerState.java:setRaftConf(386)) - s13@group-4E8C8EA4E78F: set configuration conf: {index: 121, cur=peers:[s3|, s14|, s0|, s1|, s2|]|listeners:[], old=peers:[s3|, s14|, s2|]|listeners:[]}
2024-12-14 12:23:33,665 INFO  server.RaftServer$Division (ServerState.java:setRaftConf(386)) - s13@group-4E8C8EA4E78F: set configuration conf: {index: 123, cur=peers:[s3|, s14|, s0|, s1|, s2|]|listeners:[], old=null}
2024-12-14 12:23:33,665 INFO  segmented.SegmentedRaftLogWorker (SegmentedRaftLogWorker.java:startLogSegment(443)) - s13@group-4E8C8EA4E78F-SegmentedRaftLogWorker: Starting segment from index:0
2024-12-14 12:23:33,667 INFO  segmented.BufferedWriteChannel (BufferedWriteChannel.java:open(61)) - open log_inprogress_0 at position 0
2024-12-14 12:23:33,669 INFO  server.RaftServer$Division (ServerState.java:setRaftConf(386)) - s11@group-4E8C8EA4E78F: set configuration conf: {index: 0, cur=peers:[s3|, s14|, s2|]|listeners:[], old=null}
2024-12-14 12:23:33,669 INFO  server.RaftServer$Division (ServerState.java:setRaftConf(386)) - s11@group-4E8C8EA4E78F: set configuration conf: {index: 121, cur=peers:[s3|, s14|, s0|, s1|, s2|]|listeners:[], old=peers:[s3|, s14|, s2|]|listeners:[]}
2024-12-14 12:23:33,669 INFO  server.RaftServer$Division (ServerState.java:setRaftConf(386)) - s11@group-4E8C8EA4E78F: set configuration conf: {index: 123, cur=peers:[s3|, s14|, s0|, s1|, s2|]|listeners:[], old=null}
2024-12-14 12:23:33,669 INFO  segmented.SegmentedRaftLogWorker (SegmentedRaftLogWorker.java:startLogSegment(443)) - s11@group-4E8C8EA4E78F-SegmentedRaftLogWorker: Starting segment from index:0
2024-12-14 12:23:33,674 INFO  segmented.BufferedWriteChannel (BufferedWriteChannel.java:open(61)) - open log_inprogress_0 at position 0
2024-12-14 12:23:33,677 INFO  server.RaftServer$Division (ServerState.java:setRaftConf(386)) - s10@group-4E8C8EA4E78F: set configuration conf: {index: 0, cur=peers:[s3|, s14|, s2|]|listeners:[], old=null}
2024-12-14 12:23:33,678 INFO  server.RaftServer$Division (ServerState.java:setRaftConf(386)) - s10@group-4E8C8EA4E78F: set configuration conf: {index: 121, cur=peers:[s3|, s14|, s0|, s1|, s2|]|listeners:[], old=peers:[s3|, s14|, s2|]|listeners:[]}
2024-12-14 12:23:33,678 INFO  server.RaftServer$Division (ServerState.java:setRaftConf(386)) - s10@group-4E8C8EA4E78F: set configuration conf: {index: 123, cur=peers:[s3|, s14|, s0|, s1|, s2|]|listeners:[], old=null}
2024-12-14 12:23:33,678 INFO  segmented.SegmentedRaftLogWorker (SegmentedRaftLogWorker.java:startLogSegment(443)) - s10@group-4E8C8EA4E78F-SegmentedRaftLogWorker: Starting segment from index:0
2024-12-14 12:23:33,678 INFO  segmented.BufferedWriteChannel (BufferedWriteChannel.java:open(61)) - open log_inprogress_0 at position 0
2024-12-14 12:23:33,679 INFO  server.RaftServer$Division (ServerState.java:setRaftConf(386)) - s12@group-4E8C8EA4E78F: set configuration conf: {index: 0, cur=peers:[s3|, s14|, s2|]|listeners:[], old=null}
2024-12-14 12:23:33,680 INFO  server.RaftServer$Division (ServerState.java:setRaftConf(386)) - s12@group-4E8C8EA4E78F: set configuration conf: {index: 121, cur=peers:[s3|, s14|, s0|, s1|, s2|]|listeners:[], old=peers:[s3|, s14|, s2|]|listeners:[]}
2024-12-14 12:23:33,680 INFO  server.RaftServer$Division (ServerState.java:setRaftConf(386)) - s12@group-4E8C8EA4E78F: set configuration conf: {index: 123, cur=peers:[s3|, s14|, s0|, s1|, s2|]|listeners:[], old=null}
2024-12-14 12:23:33,680 INFO  segmented.SegmentedRaftLogWorker (SegmentedRaftLogWorker.java:startLogSegment(443)) - s12@group-4E8C8EA4E78F-SegmentedRaftLogWorker: Starting segment from index:0
2024-12-14 12:23:33,680 INFO  segmented.BufferedWriteChannel (BufferedWriteChannel.java:open(61)) - open log_inprogress_0 at position 0
2024-12-14 12:23:33,681 INFO  segmented.SegmentedRaftLogWorker (SegmentedRaftLogWorker.java:execute(667)) - s13@group-4E8C8EA4E78F-SegmentedRaftLogWorker: created new log segment /home/runner/work/ratis/ratis/ratis-examples/target/test/data/da5193cb/MiniRaftClusterWithSimulatedRpced10c1e3/s13/4ab7e727-f211-4630-9abd-4e8c8ea4e78f/current/log_inprogress_0
2024-12-14 12:23:33,686 INFO  server.RaftServer$Division (ServerState.java:setRaftConf(386)) - s3@group-4E8C8EA4E78F: set configuration conf: {index: 125, cur=peers:[s3, s11, s10, s13, s12, s14, s0, s1, s2]|listeners:[], old=peers:[s3, s14, s0, s1, s2]|listeners:[]}
2024-12-14 12:23:33,686 TRACE util.FileUtils (LogUtils.java:supplyAndLog(69)) - Successfully supplied FileChannel.open /home/runner/work/ratis/ratis/ratis-examples/target/test/data/da5193cb/MiniRaftClusterWithSimulatedRpced10c1e3/s13/4ab7e727-f211-4630-9abd-4e8c8ea4e78f/current/raft-meta.conf.tmp with options [CREATE, WRITE]: sun.nio.ch.FileChannelImpl@1854f998
2024-12-14 12:23:33,686 INFO  server.RaftServer$Division (ServerState.java:setRaftConf(386)) - s1@group-4E8C8EA4E78F: set configuration conf: {index: 125, cur=peers:[s3|, s11|, s10|, s13|, s12|, s14|, s0|, s1|, s2|]|listeners:[], old=peers:[s3|, s14|, s0|, s1|, s2|]|listeners:[]}
2024-12-14 12:23:33,687 INFO  server.RaftServer$Division (ServerState.java:setRaftConf(386)) - s2@group-4E8C8EA4E78F: set configuration conf: {index: 125, cur=peers:[s3|, s11|, s10|, s13|, s12|, s14|, s0|, s1|, s2|]|listeners:[], old=peers:[s3|, s14|, s0|, s1|, s2|]|listeners:[]}
2024-12-14 12:23:33,687 INFO  server.RaftServer$Division (ServerState.java:setRaftConf(386)) - s14@group-4E8C8EA4E78F: set configuration conf: {index: 125, cur=peers:[s3|, s11|, s10|, s13|, s12|, s14|, s0|, s1|, s2|]|listeners:[], old=peers:[s3|, s14|, s0|, s1|, s2|]|listeners:[]}
2024-12-14 12:23:33,688 INFO  impl.RoleInfo (RoleInfo.java:updateAndGet(148)) - s13: start s13@group-4E8C8EA4E78F-FollowerState
2024-12-14 12:23:33,688 INFO  server.RaftServer$Division (ServerState.java:setRaftConf(386)) - s0@group-4E8C8EA4E78F: set configuration conf: {index: 125, cur=peers:[s3|, s11|, s10|, s13|, s12|, s14|, s0|, s1|, s2|]|listeners:[], old=peers:[s3|, s14|, s0|, s1|, s2|]|listeners:[]}
2024-12-14 12:23:33,689 INFO  server.RaftServer$Division (ServerState.java:setRaftConf(386)) - s13@group-4E8C8EA4E78F: set configuration conf: {index: 125, cur=peers:[s3|, s11|, s10|, s13|, s12|, s14|, s0|, s1|, s2|]|listeners:[], old=peers:[s3|, s14|, s0|, s1|, s2|]|listeners:[]}
2024-12-14 12:23:33,689 INFO  segmented.SegmentedRaftLogWorker (SegmentedRaftLogWorker.java:execute(667)) - s11@group-4E8C8EA4E78F-SegmentedRaftLogWorker: created new log segment /home/runner/work/ratis/ratis/ratis-examples/target/test/data/da5193cb/MiniRaftClusterWithSimulatedRpced10c1e3/s11/4ab7e727-f211-4630-9abd-4e8c8ea4e78f/current/log_inprogress_0
2024-12-14 12:23:33,690 INFO  server.RaftServer$Division (ServerState.java:setRaftConf(386)) - s3@group-4E8C8EA4E78F: set configuration conf: {index: 127, cur=peers:[s3, s11, s10, s13, s12, s14, s0, s1, s2]|listeners:[], old=null}
2024-12-14 12:23:33,690 TRACE util.FileUtils (LogUtils.java:supplyAndLog(69)) - Successfully supplied FileChannel.open /home/runner/work/ratis/ratis/ratis-examples/target/test/data/da5193cb/MiniRaftClusterWithSimulatedRpced10c1e3/s3/4ab7e727-f211-4630-9abd-4e8c8ea4e78f/current/raft-meta.conf.tmp with options [CREATE, WRITE]: sun.nio.ch.FileChannelImpl@5e9ff9fb
2024-12-14 12:23:33,691 INFO  server.RaftServer$Division (ServerState.java:setRaftConf(386)) - s1@group-4E8C8EA4E78F: set configuration conf: {index: 127, cur=peers:[s3|, s11|, s10|, s13|, s12|, s14|, s0|, s1|, s2|]|listeners:[], old=null}
2024-12-14 12:23:33,692 INFO  server.RaftServer$Division (ServerState.java:setRaftConf(386)) - s2@group-4E8C8EA4E78F: set configuration conf: {index: 127, cur=peers:[s3|, s11|, s10|, s13|, s12|, s14|, s0|, s1|, s2|]|listeners:[], old=null}
2024-12-14 12:23:33,692 INFO  segmented.SegmentedRaftLogWorker (SegmentedRaftLogWorker.java:execute(667)) - s10@group-4E8C8EA4E78F-SegmentedRaftLogWorker: created new log segment /home/runner/work/ratis/ratis/ratis-examples/target/test/data/da5193cb/MiniRaftClusterWithSimulatedRpced10c1e3/s10/4ab7e727-f211-4630-9abd-4e8c8ea4e78f/current/log_inprogress_0
2024-12-14 12:23:33,693 INFO  server.RaftServer$Division (ServerState.java:setRaftConf(386)) - s14@group-4E8C8EA4E78F: set configuration conf: {index: 127, cur=peers:[s3|, s11|, s10|, s13|, s12|, s14|, s0|, s1|, s2|]|listeners:[], old=null}
2024-12-14 12:23:33,694 TRACE util.FileUtils (LogUtils.java:supplyAndLog(69)) - Successfully supplied FileChannel.open /home/runner/work/ratis/ratis/ratis-examples/target/test/data/da5193cb/MiniRaftClusterWithSimulatedRpced10c1e3/s1/4ab7e727-f211-4630-9abd-4e8c8ea4e78f/current/raft-meta.conf.tmp with options [CREATE, WRITE]: sun.nio.ch.FileChannelImpl@574dede8
2024-12-14 12:23:33,694 TRACE util.FileUtils (LogUtils.java:supplyAndLog(69)) - Successfully supplied FileChannel.open /home/runner/work/ratis/ratis/ratis-examples/target/test/data/da5193cb/MiniRaftClusterWithSimulatedRpced10c1e3/s2/4ab7e727-f211-4630-9abd-4e8c8ea4e78f/current/raft-meta.conf.tmp with options [CREATE, WRITE]: sun.nio.ch.FileChannelImpl@7e5138d
2024-12-14 12:23:33,694 TRACE util.FileUtils (LogUtils.java:runAndLog(49)) - Successfully ran Atomic Files.move /home/runner/work/ratis/ratis/ratis-examples/target/test/data/da5193cb/MiniRaftClusterWithSimulatedRpced10c1e3/s3/4ab7e727-f211-4630-9abd-4e8c8ea4e78f/current/raft-meta.conf.tmp to /home/runner/work/ratis/ratis/ratis-examples/target/test/data/da5193cb/MiniRaftClusterWithSimulatedRpced10c1e3/s3/4ab7e727-f211-4630-9abd-4e8c8ea4e78f/current/raft-meta.conf with options [REPLACE_EXISTING]
2024-12-14 12:23:33,695 TRACE util.FileUtils (LogUtils.java:runAndLog(49)) - Successfully ran Atomic Files.move /home/runner/work/ratis/ratis/ratis-examples/target/test/data/da5193cb/MiniRaftClusterWithSimulatedRpced10c1e3/s13/4ab7e727-f211-4630-9abd-4e8c8ea4e78f/current/raft-meta.conf.tmp to /home/runner/work/ratis/ratis/ratis-examples/target/test/data/da5193cb/MiniRaftClusterWithSimulatedRpced10c1e3/s13/4ab7e727-f211-4630-9abd-4e8c8ea4e78f/current/raft-meta.conf with options [REPLACE_EXISTING]
2024-12-14 12:23:33,692 INFO  server.RaftServer$Division (ServerState.java:setRaftConf(386)) - s0@group-4E8C8EA4E78F: set configuration conf: {index: 127, cur=peers:[s3|, s11|, s10|, s13|, s12|, s14|, s0|, s1|, s2|]|listeners:[], old=null}
2024-12-14 12:23:33,695 TRACE util.FileUtils (LogUtils.java:supplyAndLog(69)) - Successfully supplied FileChannel.open /home/runner/work/ratis/ratis/ratis-examples/target/test/data/da5193cb/MiniRaftClusterWithSimulatedRpced10c1e3/s14/4ab7e727-f211-4630-9abd-4e8c8ea4e78f/current/raft-meta.conf.tmp with options [CREATE, WRITE]: sun.nio.ch.FileChannelImpl@76582ae7
2024-12-14 12:23:33,701 INFO  impl.RoleInfo (RoleInfo.java:updateAndGet(148)) - s11: start s11@group-4E8C8EA4E78F-FollowerState
2024-12-14 12:23:33,702 TRACE util.FileUtils (LogUtils.java:supplyAndLog(69)) - Successfully supplied FileChannel.open /home/runner/work/ratis/ratis/ratis-examples/target/test/data/da5193cb/MiniRaftClusterWithSimulatedRpced10c1e3/s11/4ab7e727-f211-4630-9abd-4e8c8ea4e78f/current/raft-meta.conf.tmp with options [CREATE, WRITE]: sun.nio.ch.FileChannelImpl@44d5df17
2024-12-14 12:23:33,702 INFO  server.RaftServer$Division (ServerState.java:setRaftConf(386)) - s11@group-4E8C8EA4E78F: set configuration conf: {index: 125, cur=peers:[s3|, s11|, s10|, s13|, s12|, s14|, s0|, s1|, s2|]|listeners:[], old=peers:[s3|, s14|, s0|, s1|, s2|]|listeners:[]}
2024-12-14 12:23:33,702 INFO  server.RaftServer$Division (ServerState.java:setRaftConf(386)) - s11@group-4E8C8EA4E78F: set configuration conf: {index: 127, cur=peers:[s3|, s11|, s10|, s13|, s12|, s14|, s0|, s1|, s2|]|listeners:[], old=null}
2024-12-14 12:23:33,703 INFO  segmented.SegmentedRaftLogWorker (SegmentedRaftLogWorker.java:execute(667)) - s12@group-4E8C8EA4E78F-SegmentedRaftLogWorker: created new log segment /home/runner/work/ratis/ratis/ratis-examples/target/test/data/da5193cb/MiniRaftClusterWithSimulatedRpced10c1e3/s12/4ab7e727-f211-4630-9abd-4e8c8ea4e78f/current/log_inprogress_0
2024-12-14 12:23:33,704 TRACE util.FileUtils (LogUtils.java:supplyAndLog(69)) - Successfully supplied FileChannel.open /home/runner/work/ratis/ratis/ratis-examples/target/test/data/da5193cb/MiniRaftClusterWithSimulatedRpced10c1e3/s3/4ab7e727-f211-4630-9abd-4e8c8ea4e78f/current/raft-meta.conf.tmp with options [CREATE, WRITE]: sun.nio.ch.FileChannelImpl@328eeffd
2024-12-14 12:23:33,705 INFO  server.RaftServer$Division (RaftServerImpl.java:setConfigurationAsync(1341)) - s3@group-4E8C8EA4E78F: receive setConfiguration SetConfigurationRequest:client-632822642509->s3@group-4E8C8EA4E78F, cid=2052, seq=null, RW, null, SET_UNCONDITIONALLY, servers:[s3, s4, s5, s6, s7, s8, s9, s11, s10, s13, s12, s14, s0, s1, s2], listeners:[]
2024-12-14 12:23:33,705 INFO  server.RaftServer$Division (LeaderStateImpl.java:startSetConfiguration(486)) - s3@group-4E8C8EA4E78F-LeaderStateImpl: startSetConfiguration SetConfigurationRequest:client-632822642509->s3@group-4E8C8EA4E78F, cid=2052, seq=null, RW, null, SET_UNCONDITIONALLY, servers:[s3, s4, s5, s6, s7, s8, s9, s11, s10, s13, s12, s14, s0, s1, s2], listeners:[]
2024-12-14 12:23:33,706 INFO  server.RaftServerConfigKeys (ConfUtils.java:logGet(46)) - raft.server.log.appender.snapshot.chunk.size.max = 16MB (=16777216) (default)
2024-12-14 12:23:33,706 INFO  server.RaftServerConfigKeys (ConfUtils.java:logGet(46)) - raft.server.log.appender.buffer.byte-limit = 4MB (=4194304) (default)
2024-12-14 12:23:33,706 INFO  server.RaftServerConfigKeys (ConfUtils.java:logGet(46)) - raft.server.log.appender.buffer.element-limit = 0 (default)
2024-12-14 12:23:33,706 INFO  server.RaftServerConfigKeys (ConfUtils.java:logGet(46)) - raft.server.log.appender.wait-time.min = 1ms (default)
2024-12-14 12:23:33,706 INFO  server.RaftServerConfigKeys (ConfUtils.java:logGet(46)) - raft.server.log.appender.snapshot.chunk.size.max = 16MB (=16777216) (default)
2024-12-14 12:23:33,706 INFO  server.RaftServerConfigKeys (ConfUtils.java:logGet(46)) - raft.server.log.appender.buffer.byte-limit = 4MB (=4194304) (default)
2024-12-14 12:23:33,706 INFO  server.RaftServerConfigKeys (ConfUtils.java:logGet(46)) - raft.server.log.appender.buffer.element-limit = 0 (default)
2024-12-14 12:23:33,709 INFO  server.RaftServerConfigKeys (ConfUtils.java:logGet(46)) - raft.server.log.appender.wait-time.min = 1ms (default)
2024-12-14 12:23:33,709 INFO  server.RaftServerConfigKeys (ConfUtils.java:logGet(46)) - raft.server.log.appender.snapshot.chunk.size.max = 16MB (=16777216) (default)
2024-12-14 12:23:33,709 INFO  server.RaftServerConfigKeys (ConfUtils.java:logGet(46)) - raft.server.log.appender.buffer.byte-limit = 4MB (=4194304) (default)
2024-12-14 12:23:33,709 INFO  server.RaftServerConfigKeys (ConfUtils.java:logGet(46)) - raft.server.log.appender.buffer.element-limit = 0 (default)
2024-12-14 12:23:33,709 INFO  server.RaftServerConfigKeys (ConfUtils.java:logGet(46)) - raft.server.log.appender.wait-time.min = 1ms (default)
2024-12-14 12:23:33,710 INFO  server.RaftServerConfigKeys (ConfUtils.java:logGet(46)) - raft.server.log.appender.snapshot.chunk.size.max = 16MB (=16777216) (default)
2024-12-14 12:23:33,710 INFO  server.RaftServerConfigKeys (ConfUtils.java:logGet(46)) - raft.server.log.appender.buffer.byte-limit = 4MB (=4194304) (default)
2024-12-14 12:23:33,710 INFO  server.RaftServerConfigKeys (ConfUtils.java:logGet(46)) - raft.server.log.appender.buffer.element-limit = 0 (default)
2024-12-14 12:23:33,710 INFO  server.RaftServerConfigKeys (ConfUtils.java:logGet(46)) - raft.server.log.appender.wait-time.min = 1ms (default)
2024-12-14 12:23:33,710 INFO  server.RaftServerConfigKeys (ConfUtils.java:logGet(46)) - raft.server.log.appender.snapshot.chunk.size.max = 16MB (=16777216) (default)
2024-12-14 12:23:33,710 INFO  server.RaftServerConfigKeys (ConfUtils.java:logGet(46)) - raft.server.log.appender.buffer.byte-limit = 4MB (=4194304) (default)
2024-12-14 12:23:33,710 INFO  server.RaftServerConfigKeys (ConfUtils.java:logGet(46)) - raft.server.log.appender.buffer.element-limit = 0 (default)
2024-12-14 12:23:33,710 INFO  server.RaftServerConfigKeys (ConfUtils.java:logGet(46)) - raft.server.log.appender.wait-time.min = 1ms (default)
2024-12-14 12:23:33,711 INFO  server.RaftServerConfigKeys (ConfUtils.java:logGet(46)) - raft.server.log.appender.snapshot.chunk.size.max = 16MB (=16777216) (default)
2024-12-14 12:23:33,711 INFO  server.RaftServerConfigKeys (ConfUtils.java:logGet(46)) - raft.server.log.appender.buffer.byte-limit = 4MB (=4194304) (default)
2024-12-14 12:23:33,711 INFO  server.RaftServerConfigKeys (ConfUtils.java:logGet(46)) - raft.server.log.appender.buffer.element-limit = 0 (default)
2024-12-14 12:23:33,711 INFO  server.RaftServerConfigKeys (ConfUtils.java:logGet(46)) - raft.server.log.appender.wait-time.min = 1ms (default)
2024-12-14 12:23:33,705 TRACE util.FileUtils (LogUtils.java:runAndLog(49)) - Successfully ran Atomic Files.move /home/runner/work/ratis/ratis/ratis-examples/target/test/data/da5193cb/MiniRaftClusterWithSimulatedRpced10c1e3/s2/4ab7e727-f211-4630-9abd-4e8c8ea4e78f/current/raft-meta.conf.tmp to /home/runner/work/ratis/ratis/ratis-examples/target/test/data/da5193cb/MiniRaftClusterWithSimulatedRpced10c1e3/s2/4ab7e727-f211-4630-9abd-4e8c8ea4e78f/current/raft-meta.conf with options [REPLACE_EXISTING]
2024-12-14 12:23:33,711 TRACE util.FileUtils (LogUtils.java:supplyAndLog(69)) - Successfully supplied FileChannel.open /home/runner/work/ratis/ratis/ratis-examples/target/test/data/da5193cb/MiniRaftClusterWithSimulatedRpced10c1e3/s2/4ab7e727-f211-4630-9abd-4e8c8ea4e78f/current/raft-meta.conf.tmp with options [CREATE, WRITE]: sun.nio.ch.FileChannelImpl@303bac72
2024-12-14 12:23:33,705 TRACE util.FileUtils (LogUtils.java:supplyAndLog(69)) - Successfully supplied FileChannel.open /home/runner/work/ratis/ratis/ratis-examples/target/test/data/da5193cb/MiniRaftClusterWithSimulatedRpced10c1e3/s0/4ab7e727-f211-4630-9abd-4e8c8ea4e78f/current/raft-meta.conf.tmp with options [CREATE, WRITE]: sun.nio.ch.FileChannelImpl@4d9e7cbf
2024-12-14 12:23:33,704 TRACE util.FileUtils (LogUtils.java:runAndLog(49)) - Successfully ran Atomic Files.move /home/runner/work/ratis/ratis/ratis-examples/target/test/data/da5193cb/MiniRaftClusterWithSimulatedRpced10c1e3/s14/4ab7e727-f211-4630-9abd-4e8c8ea4e78f/current/raft-meta.conf.tmp to /home/runner/work/ratis/ratis/ratis-examples/target/test/data/da5193cb/MiniRaftClusterWithSimulatedRpced10c1e3/s14/4ab7e727-f211-4630-9abd-4e8c8ea4e78f/current/raft-meta.conf with options [REPLACE_EXISTING]
2024-12-14 12:23:33,704 TRACE util.FileUtils (LogUtils.java:runAndLog(49)) - Successfully ran Atomic Files.move /home/runner/work/ratis/ratis/ratis-examples/target/test/data/da5193cb/MiniRaftClusterWithSimulatedRpced10c1e3/s11/4ab7e727-f211-4630-9abd-4e8c8ea4e78f/current/raft-meta.conf.tmp to /home/runner/work/ratis/ratis/ratis-examples/target/test/data/da5193cb/MiniRaftClusterWithSimulatedRpced10c1e3/s11/4ab7e727-f211-4630-9abd-4e8c8ea4e78f/current/raft-meta.conf with options [REPLACE_EXISTING]
2024-12-14 12:23:33,704 TRACE util.FileUtils (LogUtils.java:runAndLog(49)) - Successfully ran Atomic Files.move /home/runner/work/ratis/ratis/ratis-examples/target/test/data/da5193cb/MiniRaftClusterWithSimulatedRpced10c1e3/s1/4ab7e727-f211-4630-9abd-4e8c8ea4e78f/current/raft-meta.conf.tmp to /home/runner/work/ratis/ratis/ratis-examples/target/test/data/da5193cb/MiniRaftClusterWithSimulatedRpced10c1e3/s1/4ab7e727-f211-4630-9abd-4e8c8ea4e78f/current/raft-meta.conf with options [REPLACE_EXISTING]
2024-12-14 12:23:33,713 TRACE util.FileUtils (LogUtils.java:supplyAndLog(69)) - Successfully supplied FileChannel.open /home/runner/work/ratis/ratis/ratis-examples/target/test/data/da5193cb/MiniRaftClusterWithSimulatedRpced10c1e3/s1/4ab7e727-f211-4630-9abd-4e8c8ea4e78f/current/raft-meta.conf.tmp with options [CREATE, WRITE]: sun.nio.ch.FileChannelImpl@778fa716
2024-12-14 12:23:33,713 TRACE util.FileUtils (LogUtils.java:supplyAndLog(69)) - Successfully supplied FileChannel.open /home/runner/work/ratis/ratis/ratis-examples/target/test/data/da5193cb/MiniRaftClusterWithSimulatedRpced10c1e3/s14/4ab7e727-f211-4630-9abd-4e8c8ea4e78f/current/raft-meta.conf.tmp with options [CREATE, WRITE]: sun.nio.ch.FileChannelImpl@5919c3bd
2024-12-14 12:23:33,710 INFO  server.RaftServer$Division (ServerState.java:setRaftConf(386)) - s13@group-4E8C8EA4E78F: set configuration conf: {index: 127, cur=peers:[s3|, s11|, s10|, s13|, s12|, s14|, s0|, s1|, s2|]|listeners:[], old=null}
2024-12-14 12:23:33,709 TRACE util.FileUtils (LogUtils.java:supplyAndLog(69)) - Successfully supplied FileChannel.open /home/runner/work/ratis/ratis/ratis-examples/target/test/data/da5193cb/MiniRaftClusterWithSimulatedRpced10c1e3/s13/4ab7e727-f211-4630-9abd-4e8c8ea4e78f/current/raft-meta.conf.tmp with options [CREATE, WRITE]: sun.nio.ch.FileChannelImpl@169314e2
2024-12-14 12:23:33,709 TRACE util.FileUtils (LogUtils.java:supplyAndLog(69)) - Successfully supplied FileChannel.open /home/runner/work/ratis/ratis/ratis-examples/target/test/data/da5193cb/MiniRaftClusterWithSimulatedRpced10c1e3/s12/4ab7e727-f211-4630-9abd-4e8c8ea4e78f/current/raft-meta.conf.tmp with options [CREATE, WRITE]: sun.nio.ch.FileChannelImpl@5844e298
2024-12-14 12:23:33,707 TRACE util.FileUtils (LogUtils.java:runAndLog(49)) - Successfully ran Atomic Files.move /home/runner/work/ratis/ratis/ratis-examples/target/test/data/da5193cb/MiniRaftClusterWithSimulatedRpced10c1e3/s3/4ab7e727-f211-4630-9abd-4e8c8ea4e78f/current/raft-meta.conf.tmp to /home/runner/work/ratis/ratis/ratis-examples/target/test/data/da5193cb/MiniRaftClusterWithSimulatedRpced10c1e3/s3/4ab7e727-f211-4630-9abd-4e8c8ea4e78f/current/raft-meta.conf with options [REPLACE_EXISTING]
2024-12-14 12:23:33,715 TRACE util.FileUtils (LogUtils.java:runAndLog(49)) - Successfully ran Atomic Files.move /home/runner/work/ratis/ratis/ratis-examples/target/test/data/da5193cb/MiniRaftClusterWithSimulatedRpced10c1e3/s2/4ab7e727-f211-4630-9abd-4e8c8ea4e78f/current/raft-meta.conf.tmp to /home/runner/work/ratis/ratis/ratis-examples/target/test/data/da5193cb/MiniRaftClusterWithSimulatedRpced10c1e3/s2/4ab7e727-f211-4630-9abd-4e8c8ea4e78f/current/raft-meta.conf with options [REPLACE_EXISTING]
2024-12-14 12:23:33,715 TRACE util.FileUtils (LogUtils.java:runAndLog(49)) - Successfully ran Atomic Files.move /home/runner/work/ratis/ratis/ratis-examples/target/test/data/da5193cb/MiniRaftClusterWithSimulatedRpced10c1e3/s0/4ab7e727-f211-4630-9abd-4e8c8ea4e78f/current/raft-meta.conf.tmp to /home/runner/work/ratis/ratis/ratis-examples/target/test/data/da5193cb/MiniRaftClusterWithSimulatedRpced10c1e3/s0/4ab7e727-f211-4630-9abd-4e8c8ea4e78f/current/raft-meta.conf with options [REPLACE_EXISTING]
2024-12-14 12:23:33,715 TRACE util.FileUtils (LogUtils.java:supplyAndLog(69)) - Successfully supplied FileChannel.open /home/runner/work/ratis/ratis/ratis-examples/target/test/data/da5193cb/MiniRaftClusterWithSimulatedRpced10c1e3/s0/4ab7e727-f211-4630-9abd-4e8c8ea4e78f/current/raft-meta.conf.tmp with options [CREATE, WRITE]: sun.nio.ch.FileChannelImpl@6b990cfc
2024-12-14 12:23:33,717 TRACE util.FileUtils (LogUtils.java:supplyAndLog(69)) - Successfully supplied FileChannel.open /home/runner/work/ratis/ratis/ratis-examples/target/test/data/da5193cb/MiniRaftClusterWithSimulatedRpced10c1e3/s11/4ab7e727-f211-4630-9abd-4e8c8ea4e78f/current/raft-meta.conf.tmp with options [CREATE, WRITE]: sun.nio.ch.FileChannelImpl@4a1239fd
2024-12-14 12:23:33,707 INFO  impl.RoleInfo (RoleInfo.java:updateAndGet(148)) - s12: start s12@group-4E8C8EA4E78F-FollowerState
2024-12-14 12:23:33,716 TRACE util.FileUtils (LogUtils.java:runAndLog(49)) - Successfully ran Atomic Files.move /home/runner/work/ratis/ratis/ratis-examples/target/test/data/da5193cb/MiniRaftClusterWithSimulatedRpced10c1e3/s14/4ab7e727-f211-4630-9abd-4e8c8ea4e78f/current/raft-meta.conf.tmp to /home/runner/work/ratis/ratis/ratis-examples/target/test/data/da5193cb/MiniRaftClusterWithSimulatedRpced10c1e3/s14/4ab7e727-f211-4630-9abd-4e8c8ea4e78f/current/raft-meta.conf with options [REPLACE_EXISTING]
2024-12-14 12:23:33,716 TRACE util.FileUtils (LogUtils.java:runAndLog(49)) - Successfully ran Atomic Files.move /home/runner/work/ratis/ratis/ratis-examples/target/test/data/da5193cb/MiniRaftClusterWithSimulatedRpced10c1e3/s1/4ab7e727-f211-4630-9abd-4e8c8ea4e78f/current/raft-meta.conf.tmp to /home/runner/work/ratis/ratis/ratis-examples/target/test/data/da5193cb/MiniRaftClusterWithSimulatedRpced10c1e3/s1/4ab7e727-f211-4630-9abd-4e8c8ea4e78f/current/raft-meta.conf with options [REPLACE_EXISTING]
2024-12-14 12:23:33,716 TRACE util.FileUtils (LogUtils.java:runAndLog(49)) - Successfully ran Atomic Files.move /home/runner/work/ratis/ratis/ratis-examples/target/test/data/da5193cb/MiniRaftClusterWithSimulatedRpced10c1e3/s13/4ab7e727-f211-4630-9abd-4e8c8ea4e78f/current/raft-meta.conf.tmp to /home/runner/work/ratis/ratis/ratis-examples/target/test/data/da5193cb/MiniRaftClusterWithSimulatedRpced10c1e3/s13/4ab7e727-f211-4630-9abd-4e8c8ea4e78f/current/raft-meta.conf with options [REPLACE_EXISTING]
2024-12-14 12:23:33,716 TRACE util.FileUtils (LogUtils.java:runAndLog(49)) - Successfully ran Atomic Files.move /home/runner/work/ratis/ratis/ratis-examples/target/test/data/da5193cb/MiniRaftClusterWithSimulatedRpced10c1e3/s12/4ab7e727-f211-4630-9abd-4e8c8ea4e78f/current/raft-meta.conf.tmp to /home/runner/work/ratis/ratis/ratis-examples/target/test/data/da5193cb/MiniRaftClusterWithSimulatedRpced10c1e3/s12/4ab7e727-f211-4630-9abd-4e8c8ea4e78f/current/raft-meta.conf with options [REPLACE_EXISTING]
2024-12-14 12:23:33,717 TRACE util.FileUtils (LogUtils.java:supplyAndLog(69)) - Successfully supplied FileChannel.open /home/runner/work/ratis/ratis/ratis-examples/target/test/data/da5193cb/MiniRaftClusterWithSimulatedRpced10c1e3/s13/4ab7e727-f211-4630-9abd-4e8c8ea4e78f/current/raft-meta.conf.tmp with options [CREATE, WRITE]: sun.nio.ch.FileChannelImpl@12ac92e8
2024-12-14 12:23:33,718 TRACE util.FileUtils (LogUtils.java:runAndLog(49)) - Successfully ran Atomic Files.move /home/runner/work/ratis/ratis/ratis-examples/target/test/data/da5193cb/MiniRaftClusterWithSimulatedRpced10c1e3/s0/4ab7e727-f211-4630-9abd-4e8c8ea4e78f/current/raft-meta.conf.tmp to /home/runner/work/ratis/ratis/ratis-examples/target/test/data/da5193cb/MiniRaftClusterWithSimulatedRpced10c1e3/s0/4ab7e727-f211-4630-9abd-4e8c8ea4e78f/current/raft-meta.conf with options [REPLACE_EXISTING]
2024-12-14 12:23:33,719 TRACE util.FileUtils (LogUtils.java:runAndLog(49)) - Successfully ran Atomic Files.move /home/runner/work/ratis/ratis/ratis-examples/target/test/data/da5193cb/MiniRaftClusterWithSimulatedRpced10c1e3/s11/4ab7e727-f211-4630-9abd-4e8c8ea4e78f/current/raft-meta.conf.tmp to /home/runner/work/ratis/ratis/ratis-examples/target/test/data/da5193cb/MiniRaftClusterWithSimulatedRpced10c1e3/s11/4ab7e727-f211-4630-9abd-4e8c8ea4e78f/current/raft-meta.conf with options [REPLACE_EXISTING]
2024-12-14 12:23:33,719 TRACE util.FileUtils (LogUtils.java:supplyAndLog(69)) - Successfully supplied FileChannel.open /home/runner/work/ratis/ratis/ratis-examples/target/test/data/da5193cb/MiniRaftClusterWithSimulatedRpced10c1e3/s11/4ab7e727-f211-4630-9abd-4e8c8ea4e78f/current/raft-meta.conf.tmp with options [CREATE, WRITE]: sun.nio.ch.FileChannelImpl@4e2db467
2024-12-14 12:23:33,719 TRACE util.FileUtils (LogUtils.java:runAndLog(49)) - Successfully ran Atomic Files.move /home/runner/work/ratis/ratis/ratis-examples/target/test/data/da5193cb/MiniRaftClusterWithSimulatedRpced10c1e3/s13/4ab7e727-f211-4630-9abd-4e8c8ea4e78f/current/raft-meta.conf.tmp to /home/runner/work/ratis/ratis/ratis-examples/target/test/data/da5193cb/MiniRaftClusterWithSimulatedRpced10c1e3/s13/4ab7e727-f211-4630-9abd-4e8c8ea4e78f/current/raft-meta.conf with options [REPLACE_EXISTING]
2024-12-14 12:23:33,719 TRACE util.FileUtils (LogUtils.java:supplyAndLog(69)) - Successfully supplied FileChannel.open /home/runner/work/ratis/ratis/ratis-examples/target/test/data/da5193cb/MiniRaftClusterWithSimulatedRpced10c1e3/s13/4ab7e727-f211-4630-9abd-4e8c8ea4e78f/current/raft-meta.conf.tmp with options [CREATE, WRITE]: sun.nio.ch.FileChannelImpl@57ae1ed9
2024-12-14 12:23:33,720 INFO  leader.FollowerInfo (FollowerInfoImpl.java:setAttemptedToInstallSnapshot(154)) - Follower s3@group-4E8C8EA4E78F->s5 acknowledged installing snapshot
2024-12-14 12:23:33,720 INFO  leader.FollowerInfo (FollowerInfoImpl.java:setAttemptedToInstallSnapshot(154)) - Follower s3@group-4E8C8EA4E78F->s6 acknowledged installing snapshot
2024-12-14 12:23:33,721 TRACE util.FileUtils (LogUtils.java:runAndLog(49)) - Successfully ran Atomic Files.move /home/runner/work/ratis/ratis/ratis-examples/target/test/data/da5193cb/MiniRaftClusterWithSimulatedRpced10c1e3/s11/4ab7e727-f211-4630-9abd-4e8c8ea4e78f/current/raft-meta.conf.tmp to /home/runner/work/ratis/ratis/ratis-examples/target/test/data/da5193cb/MiniRaftClusterWithSimulatedRpced10c1e3/s11/4ab7e727-f211-4630-9abd-4e8c8ea4e78f/current/raft-meta.conf with options [REPLACE_EXISTING]
2024-12-14 12:23:33,721 TRACE util.FileUtils (LogUtils.java:runAndLog(49)) - Successfully ran Atomic Files.move /home/runner/work/ratis/ratis/ratis-examples/target/test/data/da5193cb/MiniRaftClusterWithSimulatedRpced10c1e3/s13/4ab7e727-f211-4630-9abd-4e8c8ea4e78f/current/raft-meta.conf.tmp to /home/runner/work/ratis/ratis/ratis-examples/target/test/data/da5193cb/MiniRaftClusterWithSimulatedRpced10c1e3/s13/4ab7e727-f211-4630-9abd-4e8c8ea4e78f/current/raft-meta.conf with options [REPLACE_EXISTING]
2024-12-14 12:23:33,721 TRACE util.FileUtils (LogUtils.java:supplyAndLog(69)) - Successfully supplied FileChannel.open /home/runner/work/ratis/ratis/ratis-examples/target/test/data/da5193cb/MiniRaftClusterWithSimulatedRpced10c1e3/s11/4ab7e727-f211-4630-9abd-4e8c8ea4e78f/current/raft-meta.conf.tmp with options [CREATE, WRITE]: sun.nio.ch.FileChannelImpl@b2f33c6
2024-12-14 12:23:33,721 TRACE util.FileUtils (LogUtils.java:supplyAndLog(69)) - Successfully supplied FileChannel.open /home/runner/work/ratis/ratis/ratis-examples/target/test/data/da5193cb/MiniRaftClusterWithSimulatedRpced10c1e3/s13/4ab7e727-f211-4630-9abd-4e8c8ea4e78f/current/raft-meta.conf.tmp with options [CREATE, WRITE]: sun.nio.ch.FileChannelImpl@6809b58d
2024-12-14 12:23:33,722 TRACE util.FileUtils (LogUtils.java:supplyAndLog(69)) - Successfully supplied FileChannel.open /home/runner/work/ratis/ratis/ratis-examples/target/test/data/da5193cb/MiniRaftClusterWithSimulatedRpced10c1e3/s6/4ab7e727-f211-4630-9abd-4e8c8ea4e78f/current/raft-meta.tmp with options [CREATE, WRITE]: sun.nio.ch.FileChannelImpl@6eedd71f
2024-12-14 12:23:33,723 TRACE util.FileUtils (LogUtils.java:runAndLog(49)) - Successfully ran Atomic Files.move /home/runner/work/ratis/ratis/ratis-examples/target/test/data/da5193cb/MiniRaftClusterWithSimulatedRpced10c1e3/s6/4ab7e727-f211-4630-9abd-4e8c8ea4e78f/current/raft-meta.tmp to /home/runner/work/ratis/ratis/ratis-examples/target/test/data/da5193cb/MiniRaftClusterWithSimulatedRpced10c1e3/s6/4ab7e727-f211-4630-9abd-4e8c8ea4e78f/current/raft-meta with options [REPLACE_EXISTING]
2024-12-14 12:23:33,723 INFO  server.RaftServer$Division (RaftServerImpl.java:setFirstElection(563)) - s6@group-4E8C8EA4E78F: set firstElectionSinceStartup to false for appendEntries
2024-12-14 12:23:33,723 INFO  server.RaftServer$Division (ServerState.java:setLeader(272)) - s6@group-4E8C8EA4E78F: change Leader from null to s3 at term 1 for appendEntries, leader elected after 179ms
2024-12-14 12:23:33,723 TRACE util.FileUtils (LogUtils.java:runAndLog(49)) - Successfully ran Atomic Files.move /home/runner/work/ratis/ratis/ratis-examples/target/test/data/da5193cb/MiniRaftClusterWithSimulatedRpced10c1e3/s13/4ab7e727-f211-4630-9abd-4e8c8ea4e78f/current/raft-meta.conf.tmp to /home/runner/work/ratis/ratis/ratis-examples/target/test/data/da5193cb/MiniRaftClusterWithSimulatedRpced10c1e3/s13/4ab7e727-f211-4630-9abd-4e8c8ea4e78f/current/raft-meta.conf with options [REPLACE_EXISTING]
2024-12-14 12:23:33,723 TRACE util.FileUtils (LogUtils.java:runAndLog(49)) - Successfully ran Atomic Files.move /home/runner/work/ratis/ratis/ratis-examples/target/test/data/da5193cb/MiniRaftClusterWithSimulatedRpced10c1e3/s11/4ab7e727-f211-4630-9abd-4e8c8ea4e78f/current/raft-meta.conf.tmp to /home/runner/work/ratis/ratis/ratis-examples/target/test/data/da5193cb/MiniRaftClusterWithSimulatedRpced10c1e3/s11/4ab7e727-f211-4630-9abd-4e8c8ea4e78f/current/raft-meta.conf with options [REPLACE_EXISTING]
2024-12-14 12:23:33,723 TRACE util.FileUtils (LogUtils.java:supplyAndLog(69)) - Successfully supplied FileChannel.open /home/runner/work/ratis/ratis/ratis-examples/target/test/data/da5193cb/MiniRaftClusterWithSimulatedRpced10c1e3/s11/4ab7e727-f211-4630-9abd-4e8c8ea4e78f/current/raft-meta.conf.tmp with options [CREATE, WRITE]: sun.nio.ch.FileChannelImpl@616878d3
2024-12-14 12:23:33,725 TRACE util.FileUtils (LogUtils.java:runAndLog(49)) - Successfully ran Atomic Files.move /home/runner/work/ratis/ratis/ratis-examples/target/test/data/da5193cb/MiniRaftClusterWithSimulatedRpced10c1e3/s11/4ab7e727-f211-4630-9abd-4e8c8ea4e78f/current/raft-meta.conf.tmp to /home/runner/work/ratis/ratis/ratis-examples/target/test/data/da5193cb/MiniRaftClusterWithSimulatedRpced10c1e3/s11/4ab7e727-f211-4630-9abd-4e8c8ea4e78f/current/raft-meta.conf with options [REPLACE_EXISTING]
2024-12-14 12:23:33,725 INFO  leader.FollowerInfo (FollowerInfoImpl.java:setAttemptedToInstallSnapshot(154)) - Follower s3@group-4E8C8EA4E78F->s7 acknowledged installing snapshot
2024-12-14 12:23:33,729 TRACE util.FileUtils (LogUtils.java:supplyAndLog(69)) - Successfully supplied FileChannel.open /home/runner/work/ratis/ratis/ratis-examples/target/test/data/da5193cb/MiniRaftClusterWithSimulatedRpced10c1e3/s10/4ab7e727-f211-4630-9abd-4e8c8ea4e78f/current/raft-meta.conf.tmp with options [CREATE, WRITE]: sun.nio.ch.FileChannelImpl@35940d8b
2024-12-14 12:23:33,729 TRACE util.FileUtils (LogUtils.java:supplyAndLog(69)) - Successfully supplied FileChannel.open /home/runner/work/ratis/ratis/ratis-examples/target/test/data/da5193cb/MiniRaftClusterWithSimulatedRpced10c1e3/s7/4ab7e727-f211-4630-9abd-4e8c8ea4e78f/current/raft-meta.tmp with options [CREATE, WRITE]: sun.nio.ch.FileChannelImpl@9122f9c
2024-12-14 12:23:33,729 TRACE util.FileUtils (LogUtils.java:supplyAndLog(69)) - Successfully supplied FileChannel.open /home/runner/work/ratis/ratis/ratis-examples/target/test/data/da5193cb/MiniRaftClusterWithSimulatedRpced10c1e3/s5/4ab7e727-f211-4630-9abd-4e8c8ea4e78f/current/raft-meta.tmp with options [CREATE, WRITE]: sun.nio.ch.FileChannelImpl@9d856c
2024-12-14 12:23:33,732 TRACE util.FileUtils (LogUtils.java:runAndLog(49)) - Successfully ran Atomic Files.move /home/runner/work/ratis/ratis/ratis-examples/target/test/data/da5193cb/MiniRaftClusterWithSimulatedRpced10c1e3/s7/4ab7e727-f211-4630-9abd-4e8c8ea4e78f/current/raft-meta.tmp to /home/runner/work/ratis/ratis/ratis-examples/target/test/data/da5193cb/MiniRaftClusterWithSimulatedRpced10c1e3/s7/4ab7e727-f211-4630-9abd-4e8c8ea4e78f/current/raft-meta with options [REPLACE_EXISTING]
2024-12-14 12:23:33,732 TRACE util.FileUtils (LogUtils.java:runAndLog(49)) - Successfully ran Atomic Files.move /home/runner/work/ratis/ratis/ratis-examples/target/test/data/da5193cb/MiniRaftClusterWithSimulatedRpced10c1e3/s5/4ab7e727-f211-4630-9abd-4e8c8ea4e78f/current/raft-meta.tmp to /home/runner/work/ratis/ratis/ratis-examples/target/test/data/da5193cb/MiniRaftClusterWithSimulatedRpced10c1e3/s5/4ab7e727-f211-4630-9abd-4e8c8ea4e78f/current/raft-meta with options [REPLACE_EXISTING]
2024-12-14 12:23:33,732 INFO  server.RaftServer$Division (RaftServerImpl.java:setFirstElection(563)) - s7@group-4E8C8EA4E78F: set firstElectionSinceStartup to false for appendEntries
2024-12-14 12:23:33,732 INFO  server.RaftServer$Division (ServerState.java:setLeader(272)) - s7@group-4E8C8EA4E78F: change Leader from null to s3 at term 1 for appendEntries, leader elected after 174ms
2024-12-14 12:23:33,732 INFO  server.RaftServer$Division (RaftServerImpl.java:setFirstElection(563)) - s5@group-4E8C8EA4E78F: set firstElectionSinceStartup to false for appendEntries
2024-12-14 12:23:33,732 INFO  server.RaftServer$Division (ServerState.java:setLeader(272)) - s5@group-4E8C8EA4E78F: change Leader from null to s3 at term 1 for appendEntries, leader elected after 202ms
2024-12-14 12:23:33,732 INFO  server.RaftServer$Division (ServerState.java:setRaftConf(386)) - s12@group-4E8C8EA4E78F: set configuration conf: {index: 125, cur=peers:[s3|, s11|, s10|, s13|, s12|, s14|, s0|, s1|, s2|]|listeners:[], old=peers:[s3|, s14|, s0|, s1|, s2|]|listeners:[]}
2024-12-14 12:23:33,732 INFO  server.RaftServer$Division (ServerState.java:setRaftConf(386)) - s12@group-4E8C8EA4E78F: set configuration conf: {index: 127, cur=peers:[s3|, s11|, s10|, s13|, s12|, s14|, s0|, s1|, s2|]|listeners:[], old=null}
2024-12-14 12:23:33,736 TRACE util.FileUtils (LogUtils.java:runAndLog(49)) - Successfully ran Atomic Files.move /home/runner/work/ratis/ratis/ratis-examples/target/test/data/da5193cb/MiniRaftClusterWithSimulatedRpced10c1e3/s10/4ab7e727-f211-4630-9abd-4e8c8ea4e78f/current/raft-meta.conf.tmp to /home/runner/work/ratis/ratis/ratis-examples/target/test/data/da5193cb/MiniRaftClusterWithSimulatedRpced10c1e3/s10/4ab7e727-f211-4630-9abd-4e8c8ea4e78f/current/raft-meta.conf with options [REPLACE_EXISTING]
2024-12-14 12:23:33,736 INFO  leader.FollowerInfo (FollowerInfoImpl.java:setAttemptedToInstallSnapshot(154)) - Follower s3@group-4E8C8EA4E78F->s9 acknowledged installing snapshot
2024-12-14 12:23:33,737 INFO  leader.FollowerInfo (FollowerInfoImpl.java:setAttemptedToInstallSnapshot(154)) - Follower s3@group-4E8C8EA4E78F->s4 acknowledged installing snapshot
2024-12-14 12:23:33,736 INFO  leader.FollowerInfo (FollowerInfoImpl.java:setAttemptedToInstallSnapshot(154)) - Follower s3@group-4E8C8EA4E78F->s8 acknowledged installing snapshot
2024-12-14 12:23:33,739 TRACE util.FileUtils (LogUtils.java:supplyAndLog(69)) - Successfully supplied FileChannel.open /home/runner/work/ratis/ratis/ratis-examples/target/test/data/da5193cb/MiniRaftClusterWithSimulatedRpced10c1e3/s10/4ab7e727-f211-4630-9abd-4e8c8ea4e78f/current/raft-meta.conf.tmp with options [CREATE, WRITE]: sun.nio.ch.FileChannelImpl@3b53e549
2024-12-14 12:23:33,740 TRACE util.FileUtils (LogUtils.java:runAndLog(49)) - Successfully ran Atomic Files.move /home/runner/work/ratis/ratis/ratis-examples/target/test/data/da5193cb/MiniRaftClusterWithSimulatedRpced10c1e3/s10/4ab7e727-f211-4630-9abd-4e8c8ea4e78f/current/raft-meta.conf.tmp to /home/runner/work/ratis/ratis/ratis-examples/target/test/data/da5193cb/MiniRaftClusterWithSimulatedRpced10c1e3/s10/4ab7e727-f211-4630-9abd-4e8c8ea4e78f/current/raft-meta.conf with options [REPLACE_EXISTING]
2024-12-14 12:23:33,740 TRACE util.FileUtils (LogUtils.java:supplyAndLog(69)) - Successfully supplied FileChannel.open /home/runner/work/ratis/ratis/ratis-examples/target/test/data/da5193cb/MiniRaftClusterWithSimulatedRpced10c1e3/s10/4ab7e727-f211-4630-9abd-4e8c8ea4e78f/current/raft-meta.conf.tmp with options [CREATE, WRITE]: sun.nio.ch.FileChannelImpl@3f6c66fb
2024-12-14 12:23:33,741 TRACE util.FileUtils (LogUtils.java:supplyAndLog(69)) - Successfully supplied FileChannel.open /home/runner/work/ratis/ratis/ratis-examples/target/test/data/da5193cb/MiniRaftClusterWithSimulatedRpced10c1e3/s12/4ab7e727-f211-4630-9abd-4e8c8ea4e78f/current/raft-meta.conf.tmp with options [CREATE, WRITE]: sun.nio.ch.FileChannelImpl@568307e0
2024-12-14 12:23:33,741 TRACE util.FileUtils (LogUtils.java:runAndLog(49)) - Successfully ran Atomic Files.move /home/runner/work/ratis/ratis/ratis-examples/target/test/data/da5193cb/MiniRaftClusterWithSimulatedRpced10c1e3/s10/4ab7e727-f211-4630-9abd-4e8c8ea4e78f/current/raft-meta.conf.tmp to /home/runner/work/ratis/ratis/ratis-examples/target/test/data/da5193cb/MiniRaftClusterWithSimulatedRpced10c1e3/s10/4ab7e727-f211-4630-9abd-4e8c8ea4e78f/current/raft-meta.conf with options [REPLACE_EXISTING]
2024-12-14 12:23:33,742 TRACE util.FileUtils (LogUtils.java:supplyAndLog(69)) - Successfully supplied FileChannel.open /home/runner/work/ratis/ratis/ratis-examples/target/test/data/da5193cb/MiniRaftClusterWithSimulatedRpced10c1e3/s9/4ab7e727-f211-4630-9abd-4e8c8ea4e78f/current/raft-meta.tmp with options [CREATE, WRITE]: sun.nio.ch.FileChannelImpl@2c7fa6d6
2024-12-14 12:23:33,743 TRACE util.FileUtils (LogUtils.java:supplyAndLog(69)) - Successfully supplied FileChannel.open /home/runner/work/ratis/ratis/ratis-examples/target/test/data/da5193cb/MiniRaftClusterWithSimulatedRpced10c1e3/s4/4ab7e727-f211-4630-9abd-4e8c8ea4e78f/current/raft-meta.tmp with options [CREATE, WRITE]: sun.nio.ch.FileChannelImpl@75d6c1d0
2024-12-14 12:23:33,743 TRACE util.FileUtils (LogUtils.java:runAndLog(49)) - Successfully ran Atomic Files.move /home/runner/work/ratis/ratis/ratis-examples/target/test/data/da5193cb/MiniRaftClusterWithSimulatedRpced10c1e3/s12/4ab7e727-f211-4630-9abd-4e8c8ea4e78f/current/raft-meta.conf.tmp to /home/runner/work/ratis/ratis/ratis-examples/target/test/data/da5193cb/MiniRaftClusterWithSimulatedRpced10c1e3/s12/4ab7e727-f211-4630-9abd-4e8c8ea4e78f/current/raft-meta.conf with options [REPLACE_EXISTING]
2024-12-14 12:23:33,743 TRACE util.FileUtils (LogUtils.java:supplyAndLog(69)) - Successfully supplied FileChannel.open /home/runner/work/ratis/ratis/ratis-examples/target/test/data/da5193cb/MiniRaftClusterWithSimulatedRpced10c1e3/s12/4ab7e727-f211-4630-9abd-4e8c8ea4e78f/current/raft-meta.conf.tmp with options [CREATE, WRITE]: sun.nio.ch.FileChannelImpl@52bc89e8
2024-12-14 12:23:33,745 TRACE util.FileUtils (LogUtils.java:runAndLog(49)) - Successfully ran Atomic Files.move /home/runner/work/ratis/ratis/ratis-examples/target/test/data/da5193cb/MiniRaftClusterWithSimulatedRpced10c1e3/s4/4ab7e727-f211-4630-9abd-4e8c8ea4e78f/current/raft-meta.tmp to /home/runner/work/ratis/ratis/ratis-examples/target/test/data/da5193cb/MiniRaftClusterWithSimulatedRpced10c1e3/s4/4ab7e727-f211-4630-9abd-4e8c8ea4e78f/current/raft-meta with options [REPLACE_EXISTING]
2024-12-14 12:23:33,745 INFO  server.RaftServer$Division (RaftServerImpl.java:setFirstElection(563)) - s4@group-4E8C8EA4E78F: set firstElectionSinceStartup to false for appendEntries
2024-12-14 12:23:33,745 TRACE util.FileUtils (LogUtils.java:supplyAndLog(69)) - Successfully supplied FileChannel.open /home/runner/work/ratis/ratis/ratis-examples/target/test/data/da5193cb/MiniRaftClusterWithSimulatedRpced10c1e3/s8/4ab7e727-f211-4630-9abd-4e8c8ea4e78f/current/raft-meta.tmp with options [CREATE, WRITE]: sun.nio.ch.FileChannelImpl@5be4eab1
2024-12-14 12:23:33,745 INFO  server.RaftServer$Division (ServerState.java:setLeader(272)) - s4@group-4E8C8EA4E78F: change Leader from null to s3 at term 1 for appendEntries, leader elected after 235ms
2024-12-14 12:23:33,746 TRACE util.FileUtils (LogUtils.java:runAndLog(49)) - Successfully ran Atomic Files.move /home/runner/work/ratis/ratis/ratis-examples/target/test/data/da5193cb/MiniRaftClusterWithSimulatedRpced10c1e3/s12/4ab7e727-f211-4630-9abd-4e8c8ea4e78f/current/raft-meta.conf.tmp to /home/runner/work/ratis/ratis/ratis-examples/target/test/data/da5193cb/MiniRaftClusterWithSimulatedRpced10c1e3/s12/4ab7e727-f211-4630-9abd-4e8c8ea4e78f/current/raft-meta.conf with options [REPLACE_EXISTING]
2024-12-14 12:23:33,746 INFO  impl.RoleInfo (RoleInfo.java:updateAndGet(148)) - s10: start s10@group-4E8C8EA4E78F-FollowerState
2024-12-14 12:23:33,746 INFO  server.RaftServer$Division (ServerState.java:setRaftConf(386)) - s7@group-4E8C8EA4E78F: set configuration conf: {index: 0, cur=peers:[s3|, s14|, s2|]|listeners:[], old=null}
2024-12-14 12:23:33,746 INFO  server.RaftServer$Division (ServerState.java:setRaftConf(386)) - s6@group-4E8C8EA4E78F: set configuration conf: {index: 0, cur=peers:[s3|, s14|, s2|]|listeners:[], old=null}
2024-12-14 12:23:33,746 INFO  server.RaftServer$Division (ServerState.java:setRaftConf(386)) - s7@group-4E8C8EA4E78F: set configuration conf: {index: 121, cur=peers:[s3|, s14|, s0|, s1|, s2|]|listeners:[], old=peers:[s3|, s14|, s2|]|listeners:[]}
2024-12-14 12:23:33,746 INFO  server.RaftServer$Division (ServerState.java:setRaftConf(386)) - s6@group-4E8C8EA4E78F: set configuration conf: {index: 121, cur=peers:[s3|, s14|, s0|, s1|, s2|]|listeners:[], old=peers:[s3|, s14|, s2|]|listeners:[]}
2024-12-14 12:23:33,746 INFO  server.RaftServer$Division (ServerState.java:setRaftConf(386)) - s6@group-4E8C8EA4E78F: set configuration conf: {index: 123, cur=peers:[s3|, s14|, s0|, s1|, s2|]|listeners:[], old=null}
2024-12-14 12:23:33,746 INFO  server.RaftServer$Division (ServerState.java:setRaftConf(386)) - s7@group-4E8C8EA4E78F: set configuration conf: {index: 123, cur=peers:[s3|, s14|, s0|, s1|, s2|]|listeners:[], old=null}
2024-12-14 12:23:33,746 INFO  server.RaftServer$Division (ServerState.java:setRaftConf(386)) - s6@group-4E8C8EA4E78F: set configuration conf: {index: 125, cur=peers:[s3|, s11|, s10|, s13|, s12|, s14|, s0|, s1|, s2|]|listeners:[], old=peers:[s3|, s14|, s0|, s1|, s2|]|listeners:[]}
2024-12-14 12:23:33,747 INFO  server.RaftServer$Division (ServerState.java:setRaftConf(386)) - s7@group-4E8C8EA4E78F: set configuration conf: {index: 125, cur=peers:[s3|, s11|, s10|, s13|, s12|, s14|, s0|, s1|, s2|]|listeners:[], old=peers:[s3|, s14|, s0|, s1|, s2|]|listeners:[]}
2024-12-14 12:23:33,747 INFO  server.RaftServer$Division (ServerState.java:setRaftConf(386)) - s7@group-4E8C8EA4E78F: set configuration conf: {index: 127, cur=peers:[s3|, s11|, s10|, s13|, s12|, s14|, s0|, s1|, s2|]|listeners:[], old=null}
2024-12-14 12:23:33,747 INFO  segmented.SegmentedRaftLogWorker (SegmentedRaftLogWorker.java:startLogSegment(443)) - s7@group-4E8C8EA4E78F-SegmentedRaftLogWorker: Starting segment from index:0
2024-12-14 12:23:33,746 INFO  server.RaftServer$Division (ServerState.java:setRaftConf(386)) - s10@group-4E8C8EA4E78F: set configuration conf: {index: 125, cur=peers:[s3|, s11|, s10|, s13|, s12|, s14|, s0|, s1|, s2|]|listeners:[], old=peers:[s3|, s14|, s0|, s1|, s2|]|listeners:[]}
2024-12-14 12:23:33,747 TRACE util.FileUtils (LogUtils.java:supplyAndLog(69)) - Successfully supplied FileChannel.open /home/runner/work/ratis/ratis/ratis-examples/target/test/data/da5193cb/MiniRaftClusterWithSimulatedRpced10c1e3/s12/4ab7e727-f211-4630-9abd-4e8c8ea4e78f/current/raft-meta.conf.tmp with options [CREATE, WRITE]: sun.nio.ch.FileChannelImpl@17be0ddb
2024-12-14 12:23:33,747 INFO  server.RaftServer$Division (ServerState.java:setRaftConf(386)) - s6@group-4E8C8EA4E78F: set configuration conf: {index: 127, cur=peers:[s3|, s11|, s10|, s13|, s12|, s14|, s0|, s1|, s2|]|listeners:[], old=null}
2024-12-14 12:23:33,747 INFO  segmented.SegmentedRaftLogWorker (SegmentedRaftLogWorker.java:startLogSegment(443)) - s6@group-4E8C8EA4E78F-SegmentedRaftLogWorker: Starting segment from index:0
2024-12-14 12:23:33,748 TRACE util.FileUtils (LogUtils.java:runAndLog(49)) - Successfully ran Atomic Files.move /home/runner/work/ratis/ratis/ratis-examples/target/test/data/da5193cb/MiniRaftClusterWithSimulatedRpced10c1e3/s9/4ab7e727-f211-4630-9abd-4e8c8ea4e78f/current/raft-meta.tmp to /home/runner/work/ratis/ratis/ratis-examples/target/test/data/da5193cb/MiniRaftClusterWithSimulatedRpced10c1e3/s9/4ab7e727-f211-4630-9abd-4e8c8ea4e78f/current/raft-meta with options [REPLACE_EXISTING]
2024-12-14 12:23:33,748 INFO  server.RaftServer$Division (RaftServerImpl.java:setFirstElection(563)) - s9@group-4E8C8EA4E78F: set firstElectionSinceStartup to false for appendEntries
2024-12-14 12:23:33,748 INFO  server.RaftServer$Division (ServerState.java:setLeader(272)) - s9@group-4E8C8EA4E78F: change Leader from null to s3 at term 1 for appendEntries, leader elected after 167ms
2024-12-14 12:23:33,748 TRACE util.FileUtils (LogUtils.java:runAndLog(49)) - Successfully ran Atomic Files.move /home/runner/work/ratis/ratis/ratis-examples/target/test/data/da5193cb/MiniRaftClusterWithSimulatedRpced10c1e3/s8/4ab7e727-f211-4630-9abd-4e8c8ea4e78f/current/raft-meta.tmp to /home/runner/work/ratis/ratis/ratis-examples/target/test/data/da5193cb/MiniRaftClusterWithSimulatedRpced10c1e3/s8/4ab7e727-f211-4630-9abd-4e8c8ea4e78f/current/raft-meta with options [REPLACE_EXISTING]
2024-12-14 12:23:33,749 INFO  server.RaftServer$Division (RaftServerImpl.java:setFirstElection(563)) - s8@group-4E8C8EA4E78F: set firstElectionSinceStartup to false for appendEntries
2024-12-14 12:23:33,749 INFO  server.RaftServer$Division (ServerState.java:setLeader(272)) - s8@group-4E8C8EA4E78F: change Leader from null to s3 at term 1 for appendEntries, leader elected after 178ms
2024-12-14 12:23:33,747 INFO  server.RaftServer$Division (ServerState.java:setRaftConf(386)) - s10@group-4E8C8EA4E78F: set configuration conf: {index: 127, cur=peers:[s3|, s11|, s10|, s13|, s12|, s14|, s0|, s1|, s2|]|listeners:[], old=null}
2024-12-14 12:23:33,755 INFO  segmented.BufferedWriteChannel (BufferedWriteChannel.java:open(61)) - open log_inprogress_0 at position 0
2024-12-14 12:23:33,757 TRACE util.FileUtils (LogUtils.java:supplyAndLog(69)) - Successfully supplied FileChannel.open /home/runner/work/ratis/ratis/ratis-examples/target/test/data/da5193cb/MiniRaftClusterWithSimulatedRpced10c1e3/s10/4ab7e727-f211-4630-9abd-4e8c8ea4e78f/current/raft-meta.conf.tmp with options [CREATE, WRITE]: sun.nio.ch.FileChannelImpl@7a6eef72
2024-12-14 12:23:33,758 TRACE util.FileUtils (LogUtils.java:runAndLog(49)) - Successfully ran Atomic Files.move /home/runner/work/ratis/ratis/ratis-examples/target/test/data/da5193cb/MiniRaftClusterWithSimulatedRpced10c1e3/s12/4ab7e727-f211-4630-9abd-4e8c8ea4e78f/current/raft-meta.conf.tmp to /home/runner/work/ratis/ratis/ratis-examples/target/test/data/da5193cb/MiniRaftClusterWithSimulatedRpced10c1e3/s12/4ab7e727-f211-4630-9abd-4e8c8ea4e78f/current/raft-meta.conf with options [REPLACE_EXISTING]
2024-12-14 12:23:33,758 TRACE util.FileUtils (LogUtils.java:supplyAndLog(69)) - Successfully supplied FileChannel.open /home/runner/work/ratis/ratis/ratis-examples/target/test/data/da5193cb/MiniRaftClusterWithSimulatedRpced10c1e3/s12/4ab7e727-f211-4630-9abd-4e8c8ea4e78f/current/raft-meta.conf.tmp with options [CREATE, WRITE]: sun.nio.ch.FileChannelImpl@68117d96
2024-12-14 12:23:33,758 INFO  server.RaftServer$Division (ServerState.java:setRaftConf(386)) - s5@group-4E8C8EA4E78F: set configuration conf: {index: 0, cur=peers:[s3|, s14|, s2|]|listeners:[], old=null}
2024-12-14 12:23:33,758 INFO  server.RaftServer$Division (ServerState.java:setRaftConf(386)) - s5@group-4E8C8EA4E78F: set configuration conf: {index: 121, cur=peers:[s3|, s14|, s0|, s1|, s2|]|listeners:[], old=peers:[s3|, s14|, s2|]|listeners:[]}
2024-12-14 12:23:33,758 INFO  server.RaftServer$Division (ServerState.java:setRaftConf(386)) - s5@group-4E8C8EA4E78F: set configuration conf: {index: 123, cur=peers:[s3|, s14|, s0|, s1|, s2|]|listeners:[], old=null}
2024-12-14 12:23:33,758 INFO  server.RaftServer$Division (ServerState.java:setRaftConf(386)) - s5@group-4E8C8EA4E78F: set configuration conf: {index: 125, cur=peers:[s3|, s11|, s10|, s13|, s12|, s14|, s0|, s1|, s2|]|listeners:[], old=peers:[s3|, s14|, s0|, s1|, s2|]|listeners:[]}
2024-12-14 12:23:33,758 INFO  segmented.BufferedWriteChannel (BufferedWriteChannel.java:open(61)) - open log_inprogress_0 at position 0
2024-12-14 12:23:33,758 INFO  server.RaftServer$Division (ServerState.java:setRaftConf(386)) - s5@group-4E8C8EA4E78F: set configuration conf: {index: 127, cur=peers:[s3|, s11|, s10|, s13|, s12|, s14|, s0|, s1|, s2|]|listeners:[], old=null}
2024-12-14 12:23:33,759 INFO  segmented.SegmentedRaftLogWorker (SegmentedRaftLogWorker.java:startLogSegment(443)) - s5@group-4E8C8EA4E78F-SegmentedRaftLogWorker: Starting segment from index:0
2024-12-14 12:23:33,759 INFO  segmented.BufferedWriteChannel (BufferedWriteChannel.java:open(61)) - open log_inprogress_0 at position 0
2024-12-14 12:23:33,770 TRACE util.FileUtils (LogUtils.java:runAndLog(49)) - Successfully ran Atomic Files.move /home/runner/work/ratis/ratis/ratis-examples/target/test/data/da5193cb/MiniRaftClusterWithSimulatedRpced10c1e3/s12/4ab7e727-f211-4630-9abd-4e8c8ea4e78f/current/raft-meta.conf.tmp to /home/runner/work/ratis/ratis/ratis-examples/target/test/data/da5193cb/MiniRaftClusterWithSimulatedRpced10c1e3/s12/4ab7e727-f211-4630-9abd-4e8c8ea4e78f/current/raft-meta.conf with options [REPLACE_EXISTING]
2024-12-14 12:23:33,770 INFO  server.RaftServer$Division (ServerState.java:setRaftConf(386)) - s8@group-4E8C8EA4E78F: set configuration conf: {index: 0, cur=peers:[s3|, s14|, s2|]|listeners:[], old=null}
2024-12-14 12:23:33,770 INFO  server.RaftServer$Division (ServerState.java:setRaftConf(386)) - s8@group-4E8C8EA4E78F: set configuration conf: {index: 121, cur=peers:[s3|, s14|, s0|, s1|, s2|]|listeners:[], old=peers:[s3|, s14|, s2|]|listeners:[]}
2024-12-14 12:23:33,770 INFO  server.RaftServer$Division (ServerState.java:setRaftConf(386)) - s8@group-4E8C8EA4E78F: set configuration conf: {index: 123, cur=peers:[s3|, s14|, s0|, s1|, s2|]|listeners:[], old=null}
2024-12-14 12:23:33,770 INFO  server.RaftServer$Division (ServerState.java:setRaftConf(386)) - s8@group-4E8C8EA4E78F: set configuration conf: {index: 125, cur=peers:[s3|, s11|, s10|, s13|, s12|, s14|, s0|, s1|, s2|]|listeners:[], old=peers:[s3|, s14|, s0|, s1|, s2|]|listeners:[]}
2024-12-14 12:23:33,770 INFO  server.RaftServer$Division (ServerState.java:setRaftConf(386)) - s8@group-4E8C8EA4E78F: set configuration conf: {index: 127, cur=peers:[s3|, s11|, s10|, s13|, s12|, s14|, s0|, s1|, s2|]|listeners:[], old=null}
2024-12-14 12:23:33,770 INFO  segmented.SegmentedRaftLogWorker (SegmentedRaftLogWorker.java:startLogSegment(443)) - s8@group-4E8C8EA4E78F-SegmentedRaftLogWorker: Starting segment from index:0
2024-12-14 12:23:33,770 INFO  segmented.BufferedWriteChannel (BufferedWriteChannel.java:open(61)) - open log_inprogress_0 at position 0
2024-12-14 12:23:33,772 TRACE util.FileUtils (LogUtils.java:runAndLog(49)) - Successfully ran Atomic Files.move /home/runner/work/ratis/ratis/ratis-examples/target/test/data/da5193cb/MiniRaftClusterWithSimulatedRpced10c1e3/s10/4ab7e727-f211-4630-9abd-4e8c8ea4e78f/current/raft-meta.conf.tmp to /home/runner/work/ratis/ratis/ratis-examples/target/test/data/da5193cb/MiniRaftClusterWithSimulatedRpced10c1e3/s10/4ab7e727-f211-4630-9abd-4e8c8ea4e78f/current/raft-meta.conf with options [REPLACE_EXISTING]
2024-12-14 12:23:33,772 TRACE util.FileUtils (LogUtils.java:supplyAndLog(69)) - Successfully supplied FileChannel.open /home/runner/work/ratis/ratis/ratis-examples/target/test/data/da5193cb/MiniRaftClusterWithSimulatedRpced10c1e3/s10/4ab7e727-f211-4630-9abd-4e8c8ea4e78f/current/raft-meta.conf.tmp with options [CREATE, WRITE]: sun.nio.ch.FileChannelImpl@6f834de1
2024-12-14 12:23:33,779 INFO  server.RaftServer$Division (ServerState.java:setRaftConf(386)) - s4@group-4E8C8EA4E78F: set configuration conf: {index: 0, cur=peers:[s3|, s14|, s2|]|listeners:[], old=null}
2024-12-14 12:23:33,779 INFO  server.RaftServer$Division (ServerState.java:setRaftConf(386)) - s9@group-4E8C8EA4E78F: set configuration conf: {index: 0, cur=peers:[s3|, s14|, s2|]|listeners:[], old=null}
2024-12-14 12:23:33,779 INFO  server.RaftServer$Division (ServerState.java:setRaftConf(386)) - s4@group-4E8C8EA4E78F: set configuration conf: {index: 121, cur=peers:[s3|, s14|, s0|, s1|, s2|]|listeners:[], old=peers:[s3|, s14|, s2|]|listeners:[]}
2024-12-14 12:23:33,779 INFO  server.RaftServer$Division (ServerState.java:setRaftConf(386)) - s4@group-4E8C8EA4E78F: set configuration conf: {index: 123, cur=peers:[s3|, s14|, s0|, s1|, s2|]|listeners:[], old=null}
2024-12-14 12:23:33,779 INFO  server.RaftServer$Division (ServerState.java:setRaftConf(386)) - s4@group-4E8C8EA4E78F: set configuration conf: {index: 125, cur=peers:[s3|, s11|, s10|, s13|, s12|, s14|, s0|, s1|, s2|]|listeners:[], old=peers:[s3|, s14|, s0|, s1|, s2|]|listeners:[]}
2024-12-14 12:23:33,780 INFO  server.RaftServer$Division (ServerState.java:setRaftConf(386)) - s4@group-4E8C8EA4E78F: set configuration conf: {index: 127, cur=peers:[s3|, s11|, s10|, s13|, s12|, s14|, s0|, s1|, s2|]|listeners:[], old=null}
2024-12-14 12:23:33,780 INFO  segmented.SegmentedRaftLogWorker (SegmentedRaftLogWorker.java:startLogSegment(443)) - s4@group-4E8C8EA4E78F-SegmentedRaftLogWorker: Starting segment from index:0
2024-12-14 12:23:33,779 INFO  server.RaftServer$Division (ServerState.java:setRaftConf(386)) - s9@group-4E8C8EA4E78F: set configuration conf: {index: 121, cur=peers:[s3|, s14|, s0|, s1|, s2|]|listeners:[], old=peers:[s3|, s14|, s2|]|listeners:[]}
2024-12-14 12:23:33,781 INFO  server.RaftServer$Division (ServerState.java:setRaftConf(386)) - s9@group-4E8C8EA4E78F: set configuration conf: {index: 123, cur=peers:[s3|, s14|, s0|, s1|, s2|]|listeners:[], old=null}
2024-12-14 12:23:33,781 INFO  server.RaftServer$Division (ServerState.java:setRaftConf(386)) - s9@group-4E8C8EA4E78F: set configuration conf: {index: 125, cur=peers:[s3|, s11|, s10|, s13|, s12|, s14|, s0|, s1|, s2|]|listeners:[], old=peers:[s3|, s14|, s0|, s1|, s2|]|listeners:[]}
2024-12-14 12:23:33,781 INFO  server.RaftServer$Division (ServerState.java:setRaftConf(386)) - s9@group-4E8C8EA4E78F: set configuration conf: {index: 127, cur=peers:[s3|, s11|, s10|, s13|, s12|, s14|, s0|, s1|, s2|]|listeners:[], old=null}
2024-12-14 12:23:33,781 INFO  segmented.SegmentedRaftLogWorker (SegmentedRaftLogWorker.java:startLogSegment(443)) - s9@group-4E8C8EA4E78F-SegmentedRaftLogWorker: Starting segment from index:0
2024-12-14 12:23:33,783 INFO  segmented.BufferedWriteChannel (BufferedWriteChannel.java:open(61)) - open log_inprogress_0 at position 0
2024-12-14 12:23:33,785 INFO  segmented.BufferedWriteChannel (BufferedWriteChannel.java:open(61)) - open log_inprogress_0 at position 0
2024-12-14 12:23:33,785 INFO  segmented.SegmentedRaftLogWorker (SegmentedRaftLogWorker.java:execute(667)) - s7@group-4E8C8EA4E78F-SegmentedRaftLogWorker: created new log segment /home/runner/work/ratis/ratis/ratis-examples/target/test/data/da5193cb/MiniRaftClusterWithSimulatedRpced10c1e3/s7/4ab7e727-f211-4630-9abd-4e8c8ea4e78f/current/log_inprogress_0
2024-12-14 12:23:33,786 INFO  segmented.SegmentedRaftLogWorker (SegmentedRaftLogWorker.java:execute(667)) - s6@group-4E8C8EA4E78F-SegmentedRaftLogWorker: created new log segment /home/runner/work/ratis/ratis/ratis-examples/target/test/data/da5193cb/MiniRaftClusterWithSimulatedRpced10c1e3/s6/4ab7e727-f211-4630-9abd-4e8c8ea4e78f/current/log_inprogress_0
2024-12-14 12:23:33,787 TRACE util.FileUtils (LogUtils.java:runAndLog(49)) - Successfully ran Atomic Files.move /home/runner/work/ratis/ratis/ratis-examples/target/test/data/da5193cb/MiniRaftClusterWithSimulatedRpced10c1e3/s10/4ab7e727-f211-4630-9abd-4e8c8ea4e78f/current/raft-meta.conf.tmp to /home/runner/work/ratis/ratis/ratis-examples/target/test/data/da5193cb/MiniRaftClusterWithSimulatedRpced10c1e3/s10/4ab7e727-f211-4630-9abd-4e8c8ea4e78f/current/raft-meta.conf with options [REPLACE_EXISTING]
2024-12-14 12:23:33,790 INFO  segmented.SegmentedRaftLogWorker (SegmentedRaftLogWorker.java:execute(667)) - s5@group-4E8C8EA4E78F-SegmentedRaftLogWorker: created new log segment /home/runner/work/ratis/ratis/ratis-examples/target/test/data/da5193cb/MiniRaftClusterWithSimulatedRpced10c1e3/s5/4ab7e727-f211-4630-9abd-4e8c8ea4e78f/current/log_inprogress_0
2024-12-14 12:23:33,791 TRACE util.FileUtils (LogUtils.java:supplyAndLog(69)) - Successfully supplied FileChannel.open /home/runner/work/ratis/ratis/ratis-examples/target/test/data/da5193cb/MiniRaftClusterWithSimulatedRpced10c1e3/s6/4ab7e727-f211-4630-9abd-4e8c8ea4e78f/current/raft-meta.conf.tmp with options [CREATE, WRITE]: sun.nio.ch.FileChannelImpl@eff291b
2024-12-14 12:23:33,792 INFO  server.RaftServer$Division (ServerState.java:setRaftConf(386)) - s3@group-4E8C8EA4E78F: set configuration conf: {index: 129, cur=peers:[s3, s4, s5, s6, s7, s8, s9, s11, s10, s13, s12, s14, s0, s1, s2]|listeners:[], old=peers:[s3, s11, s10, s13, s12, s14, s0, s1, s2]|listeners:[]}
2024-12-14 12:23:33,793 INFO  server.RaftServer$Division (ServerState.java:setRaftConf(386)) - s12@group-4E8C8EA4E78F: set configuration conf: {index: 129, cur=peers:[s3|, s4|, s5|, s6|, s7|, s8|, s9|, s11|, s10|, s13|, s12|, s14|, s0|, s1|, s2|]|listeners:[], old=peers:[s3|, s11|, s10|, s13|, s12|, s14|, s0|, s1|, s2|]|listeners:[]}
2024-12-14 12:23:33,793 INFO  server.RaftServer$Division (ServerState.java:setRaftConf(386)) - s0@group-4E8C8EA4E78F: set configuration conf: {index: 129, cur=peers:[s3|, s4|, s5|, s6|, s7|, s8|, s9|, s11|, s10|, s13|, s12|, s14|, s0|, s1|, s2|]|listeners:[], old=peers:[s3|, s11|, s10|, s13|, s12|, s14|, s0|, s1|, s2|]|listeners:[]}
2024-12-14 12:23:33,794 INFO  server.RaftServer$Division (ServerState.java:setRaftConf(386)) - s13@group-4E8C8EA4E78F: set configuration conf: {index: 129, cur=peers:[s3|, s4|, s5|, s6|, s7|, s8|, s9|, s11|, s10|, s13|, s12|, s14|, s0|, s1|, s2|]|listeners:[], old=peers:[s3|, s11|, s10|, s13|, s12|, s14|, s0|, s1|, s2|]|listeners:[]}
2024-12-14 12:23:33,793 INFO  server.RaftServer$Division (ServerState.java:setRaftConf(386)) - s14@group-4E8C8EA4E78F: set configuration conf: {index: 129, cur=peers:[s3|, s4|, s5|, s6|, s7|, s8|, s9|, s11|, s10|, s13|, s12|, s14|, s0|, s1|, s2|]|listeners:[], old=peers:[s3|, s11|, s10|, s13|, s12|, s14|, s0|, s1|, s2|]|listeners:[]}
2024-12-14 12:23:33,794 INFO  server.RaftServer$Division (ServerState.java:setRaftConf(386)) - s10@group-4E8C8EA4E78F: set configuration conf: {index: 129, cur=peers:[s3|, s4|, s5|, s6|, s7|, s8|, s9|, s11|, s10|, s13|, s12|, s14|, s0|, s1|, s2|]|listeners:[], old=peers:[s3|, s11|, s10|, s13|, s12|, s14|, s0|, s1|, s2|]|listeners:[]}
2024-12-14 12:23:33,794 INFO  server.RaftServer$Division (ServerState.java:setRaftConf(386)) - s11@group-4E8C8EA4E78F: set configuration conf: {index: 129, cur=peers:[s3|, s4|, s5|, s6|, s7|, s8|, s9|, s11|, s10|, s13|, s12|, s14|, s0|, s1|, s2|]|listeners:[], old=peers:[s3|, s11|, s10|, s13|, s12|, s14|, s0|, s1|, s2|]|listeners:[]}
2024-12-14 12:23:33,795 INFO  server.RaftServer$Division (ServerState.java:setRaftConf(386)) - s2@group-4E8C8EA4E78F: set configuration conf: {index: 129, cur=peers:[s3|, s4|, s5|, s6|, s7|, s8|, s9|, s11|, s10|, s13|, s12|, s14|, s0|, s1|, s2|]|listeners:[], old=peers:[s3|, s11|, s10|, s13|, s12|, s14|, s0|, s1|, s2|]|listeners:[]}
2024-12-14 12:23:33,798 INFO  impl.RoleInfo (RoleInfo.java:updateAndGet(148)) - s6: start s6@group-4E8C8EA4E78F-FollowerState
2024-12-14 12:23:33,798 INFO  segmented.SegmentedRaftLogWorker (SegmentedRaftLogWorker.java:execute(667)) - s8@group-4E8C8EA4E78F-SegmentedRaftLogWorker: created new log segment /home/runner/work/ratis/ratis/ratis-examples/target/test/data/da5193cb/MiniRaftClusterWithSimulatedRpced10c1e3/s8/4ab7e727-f211-4630-9abd-4e8c8ea4e78f/current/log_inprogress_0
2024-12-14 12:23:33,799 INFO  segmented.SegmentedRaftLogWorker (SegmentedRaftLogWorker.java:execute(667)) - s9@group-4E8C8EA4E78F-SegmentedRaftLogWorker: created new log segment /home/runner/work/ratis/ratis/ratis-examples/target/test/data/da5193cb/MiniRaftClusterWithSimulatedRpced10c1e3/s9/4ab7e727-f211-4630-9abd-4e8c8ea4e78f/current/log_inprogress_0
2024-12-14 12:23:33,799 INFO  server.RaftServer$Division (ServerState.java:setRaftConf(386)) - s6@group-4E8C8EA4E78F: set configuration conf: {index: 129, cur=peers:[s3|, s4|, s5|, s6|, s7|, s8|, s9|, s11|, s10|, s13|, s12|, s14|, s0|, s1|, s2|]|listeners:[], old=peers:[s3|, s11|, s10|, s13|, s12|, s14|, s0|, s1|, s2|]|listeners:[]}
2024-12-14 12:23:33,799 INFO  segmented.SegmentedRaftLogWorker (SegmentedRaftLogWorker.java:execute(667)) - s4@group-4E8C8EA4E78F-SegmentedRaftLogWorker: created new log segment /home/runner/work/ratis/ratis/ratis-examples/target/test/data/da5193cb/MiniRaftClusterWithSimulatedRpced10c1e3/s4/4ab7e727-f211-4630-9abd-4e8c8ea4e78f/current/log_inprogress_0
2024-12-14 12:23:33,799 TRACE util.FileUtils (LogUtils.java:runAndLog(49)) - Successfully ran Atomic Files.move /home/runner/work/ratis/ratis/ratis-examples/target/test/data/da5193cb/MiniRaftClusterWithSimulatedRpced10c1e3/s6/4ab7e727-f211-4630-9abd-4e8c8ea4e78f/current/raft-meta.conf.tmp to /home/runner/work/ratis/ratis/ratis-examples/target/test/data/da5193cb/MiniRaftClusterWithSimulatedRpced10c1e3/s6/4ab7e727-f211-4630-9abd-4e8c8ea4e78f/current/raft-meta.conf with options [REPLACE_EXISTING]
2024-12-14 12:23:33,802 TRACE util.FileUtils (LogUtils.java:supplyAndLog(69)) - Successfully supplied FileChannel.open /home/runner/work/ratis/ratis/ratis-examples/target/test/data/da5193cb/MiniRaftClusterWithSimulatedRpced10c1e3/s8/4ab7e727-f211-4630-9abd-4e8c8ea4e78f/current/raft-meta.conf.tmp with options [CREATE, WRITE]: sun.nio.ch.FileChannelImpl@2ba29454
2024-12-14 12:23:33,803 INFO  server.RaftServer$Division (ServerState.java:setRaftConf(386)) - s1@group-4E8C8EA4E78F: set configuration conf: {index: 129, cur=peers:[s3|, s4|, s5|, s6|, s7|, s8|, s9|, s11|, s10|, s13|, s12|, s14|, s0|, s1|, s2|]|listeners:[], old=peers:[s3|, s11|, s10|, s13|, s12|, s14|, s0|, s1|, s2|]|listeners:[]}
2024-12-14 12:23:33,803 INFO  impl.RoleInfo (RoleInfo.java:updateAndGet(148)) - s7: start s7@group-4E8C8EA4E78F-FollowerState
2024-12-14 12:23:33,803 INFO  server.RaftServer$Division (ServerState.java:setRaftConf(386)) - s3@group-4E8C8EA4E78F: set configuration conf: {index: 131, cur=peers:[s3, s4, s5, s6, s7, s8, s9, s11, s10, s13, s12, s14, s0, s1, s2]|listeners:[], old=null}
2024-12-14 12:23:33,804 TRACE util.FileUtils (LogUtils.java:supplyAndLog(69)) - Successfully supplied FileChannel.open /home/runner/work/ratis/ratis/ratis-examples/target/test/data/da5193cb/MiniRaftClusterWithSimulatedRpced10c1e3/s3/4ab7e727-f211-4630-9abd-4e8c8ea4e78f/current/raft-meta.conf.tmp with options [CREATE, WRITE]: sun.nio.ch.FileChannelImpl@f15acd9
2024-12-14 12:23:33,804 TRACE util.FileUtils (LogUtils.java:supplyAndLog(69)) - Successfully supplied FileChannel.open /home/runner/work/ratis/ratis/ratis-examples/target/test/data/da5193cb/MiniRaftClusterWithSimulatedRpced10c1e3/s1/4ab7e727-f211-4630-9abd-4e8c8ea4e78f/current/raft-meta.conf.tmp with options [CREATE, WRITE]: sun.nio.ch.FileChannelImpl@6650984b
2024-12-14 12:23:33,804 INFO  server.RaftServer$Division (ServerState.java:setRaftConf(386)) - s6@group-4E8C8EA4E78F: set configuration conf: {index: 131, cur=peers:[s3|, s4|, s5|, s6|, s7|, s8|, s9|, s11|, s10|, s13|, s12|, s14|, s0|, s1|, s2|]|listeners:[], old=null}
2024-12-14 12:23:33,805 INFO  server.RaftServer$Division (ServerState.java:setRaftConf(386)) - s12@group-4E8C8EA4E78F: set configuration conf: {index: 131, cur=peers:[s3|, s4|, s5|, s6|, s7|, s8|, s9|, s11|, s10|, s13|, s12|, s14|, s0|, s1|, s2|]|listeners:[], old=null}
2024-12-14 12:23:33,805 INFO  server.RaftServer$Division (ServerState.java:setRaftConf(386)) - s2@group-4E8C8EA4E78F: set configuration conf: {index: 131, cur=peers:[s3|, s4|, s5|, s6|, s7|, s8|, s9|, s11|, s10|, s13|, s12|, s14|, s0|, s1|, s2|]|listeners:[], old=null}
2024-12-14 12:23:33,805 INFO  server.RaftServer$Division (ServerState.java:setRaftConf(386)) - s1@group-4E8C8EA4E78F: set configuration conf: {index: 131, cur=peers:[s3|, s4|, s5|, s6|, s7|, s8|, s9|, s11|, s10|, s13|, s12|, s14|, s0|, s1|, s2|]|listeners:[], old=null}
2024-12-14 12:23:33,806 INFO  server.RaftServer$Division (ServerState.java:setRaftConf(386)) - s0@group-4E8C8EA4E78F: set configuration conf: {index: 131, cur=peers:[s3|, s4|, s5|, s6|, s7|, s8|, s9|, s11|, s10|, s13|, s12|, s14|, s0|, s1|, s2|]|listeners:[], old=null}
2024-12-14 12:23:33,806 TRACE util.FileUtils (LogUtils.java:runAndLog(49)) - Successfully ran Atomic Files.move /home/runner/work/ratis/ratis/ratis-examples/target/test/data/da5193cb/MiniRaftClusterWithSimulatedRpced10c1e3/s8/4ab7e727-f211-4630-9abd-4e8c8ea4e78f/current/raft-meta.conf.tmp to /home/runner/work/ratis/ratis/ratis-examples/target/test/data/da5193cb/MiniRaftClusterWithSimulatedRpced10c1e3/s8/4ab7e727-f211-4630-9abd-4e8c8ea4e78f/current/raft-meta.conf with options [REPLACE_EXISTING]
2024-12-14 12:23:33,806 TRACE util.FileUtils (LogUtils.java:runAndLog(49)) - Successfully ran Atomic Files.move /home/runner/work/ratis/ratis/ratis-examples/target/test/data/da5193cb/MiniRaftClusterWithSimulatedRpced10c1e3/s1/4ab7e727-f211-4630-9abd-4e8c8ea4e78f/current/raft-meta.conf.tmp to /home/runner/work/ratis/ratis/ratis-examples/target/test/data/da5193cb/MiniRaftClusterWithSimulatedRpced10c1e3/s1/4ab7e727-f211-4630-9abd-4e8c8ea4e78f/current/raft-meta.conf with options [REPLACE_EXISTING]
2024-12-14 12:23:33,806 TRACE util.FileUtils (LogUtils.java:supplyAndLog(69)) - Successfully supplied FileChannel.open /home/runner/work/ratis/ratis/ratis-examples/target/test/data/da5193cb/MiniRaftClusterWithSimulatedRpced10c1e3/s12/4ab7e727-f211-4630-9abd-4e8c8ea4e78f/current/raft-meta.conf.tmp with options [CREATE, WRITE]: sun.nio.ch.FileChannelImpl@26e3db73
2024-12-14 12:23:33,806 TRACE util.FileUtils (LogUtils.java:supplyAndLog(69)) - Successfully supplied FileChannel.open /home/runner/work/ratis/ratis/ratis-examples/target/test/data/da5193cb/MiniRaftClusterWithSimulatedRpced10c1e3/s0/4ab7e727-f211-4630-9abd-4e8c8ea4e78f/current/raft-meta.conf.tmp with options [CREATE, WRITE]: sun.nio.ch.FileChannelImpl@7c19505d
2024-12-14 12:23:33,806 INFO  server.RaftServer$Division (ServerState.java:setRaftConf(386)) - s11@group-4E8C8EA4E78F: set configuration conf: {index: 131, cur=peers:[s3|, s4|, s5|, s6|, s7|, s8|, s9|, s11|, s10|, s13|, s12|, s14|, s0|, s1|, s2|]|listeners:[], old=null}
2024-12-14 12:23:33,807 TRACE util.FileUtils (LogUtils.java:supplyAndLog(69)) - Successfully supplied FileChannel.open /home/runner/work/ratis/ratis/ratis-examples/target/test/data/da5193cb/MiniRaftClusterWithSimulatedRpced10c1e3/s2/4ab7e727-f211-4630-9abd-4e8c8ea4e78f/current/raft-meta.conf.tmp with options [CREATE, WRITE]: sun.nio.ch.FileChannelImpl@3628166a
2024-12-14 12:23:33,808 TRACE util.FileUtils (LogUtils.java:supplyAndLog(69)) - Successfully supplied FileChannel.open /home/runner/work/ratis/ratis/ratis-examples/target/test/data/da5193cb/MiniRaftClusterWithSimulatedRpced10c1e3/s11/4ab7e727-f211-4630-9abd-4e8c8ea4e78f/current/raft-meta.conf.tmp with options [CREATE, WRITE]: sun.nio.ch.FileChannelImpl@3a6e78d2
2024-12-14 12:23:33,808 TRACE util.FileUtils (LogUtils.java:runAndLog(49)) - Successfully ran Atomic Files.move /home/runner/work/ratis/ratis/ratis-examples/target/test/data/da5193cb/MiniRaftClusterWithSimulatedRpced10c1e3/s3/4ab7e727-f211-4630-9abd-4e8c8ea4e78f/current/raft-meta.conf.tmp to /home/runner/work/ratis/ratis/ratis-examples/target/test/data/da5193cb/MiniRaftClusterWithSimulatedRpced10c1e3/s3/4ab7e727-f211-4630-9abd-4e8c8ea4e78f/current/raft-meta.conf with options [REPLACE_EXISTING]
2024-12-14 12:23:33,808 TRACE util.FileUtils (LogUtils.java:runAndLog(49)) - Successfully ran Atomic Files.move /home/runner/work/ratis/ratis/ratis-examples/target/test/data/da5193cb/MiniRaftClusterWithSimulatedRpced10c1e3/s12/4ab7e727-f211-4630-9abd-4e8c8ea4e78f/current/raft-meta.conf.tmp to /home/runner/work/ratis/ratis/ratis-examples/target/test/data/da5193cb/MiniRaftClusterWithSimulatedRpced10c1e3/s12/4ab7e727-f211-4630-9abd-4e8c8ea4e78f/current/raft-meta.conf with options [REPLACE_EXISTING]
2024-12-14 12:23:33,809 TRACE util.FileUtils (LogUtils.java:runAndLog(49)) - Successfully ran Atomic Files.move /home/runner/work/ratis/ratis/ratis-examples/target/test/data/da5193cb/MiniRaftClusterWithSimulatedRpced10c1e3/s0/4ab7e727-f211-4630-9abd-4e8c8ea4e78f/current/raft-meta.conf.tmp to /home/runner/work/ratis/ratis/ratis-examples/target/test/data/da5193cb/MiniRaftClusterWithSimulatedRpced10c1e3/s0/4ab7e727-f211-4630-9abd-4e8c8ea4e78f/current/raft-meta.conf with options [REPLACE_EXISTING]
2024-12-14 12:23:33,809 TRACE util.FileUtils (LogUtils.java:runAndLog(49)) - Successfully ran Atomic Files.move /home/runner/work/ratis/ratis/ratis-examples/target/test/data/da5193cb/MiniRaftClusterWithSimulatedRpced10c1e3/s2/4ab7e727-f211-4630-9abd-4e8c8ea4e78f/current/raft-meta.conf.tmp to /home/runner/work/ratis/ratis/ratis-examples/target/test/data/da5193cb/MiniRaftClusterWithSimulatedRpced10c1e3/s2/4ab7e727-f211-4630-9abd-4e8c8ea4e78f/current/raft-meta.conf with options [REPLACE_EXISTING]
2024-12-14 12:23:33,809 INFO  server.RaftServer$Division (ServerState.java:setRaftConf(386)) - s7@group-4E8C8EA4E78F: set configuration conf: {index: 129, cur=peers:[s3|, s4|, s5|, s6|, s7|, s8|, s9|, s11|, s10|, s13|, s12|, s14|, s0|, s1|, s2|]|listeners:[], old=peers:[s3|, s11|, s10|, s13|, s12|, s14|, s0|, s1|, s2|]|listeners:[]}
2024-12-14 12:23:33,809 TRACE util.FileUtils (LogUtils.java:runAndLog(49)) - Successfully ran Atomic Files.move /home/runner/work/ratis/ratis/ratis-examples/target/test/data/da5193cb/MiniRaftClusterWithSimulatedRpced10c1e3/s11/4ab7e727-f211-4630-9abd-4e8c8ea4e78f/current/raft-meta.conf.tmp to /home/runner/work/ratis/ratis/ratis-examples/target/test/data/da5193cb/MiniRaftClusterWithSimulatedRpced10c1e3/s11/4ab7e727-f211-4630-9abd-4e8c8ea4e78f/current/raft-meta.conf with options [REPLACE_EXISTING]
2024-12-14 12:23:33,812 TRACE util.FileUtils (LogUtils.java:supplyAndLog(69)) - Successfully supplied FileChannel.open /home/runner/work/ratis/ratis/ratis-examples/target/test/data/da5193cb/MiniRaftClusterWithSimulatedRpced10c1e3/s7/4ab7e727-f211-4630-9abd-4e8c8ea4e78f/current/raft-meta.conf.tmp with options [CREATE, WRITE]: sun.nio.ch.FileChannelImpl@29b09292
2024-12-14 12:23:33,813 INFO  server.RaftServer$Division (ServerState.java:setRaftConf(386)) - s14@group-4E8C8EA4E78F: set configuration conf: {index: 131, cur=peers:[s3|, s4|, s5|, s6|, s7|, s8|, s9|, s11|, s10|, s13|, s12|, s14|, s0|, s1|, s2|]|listeners:[], old=null}
2024-12-14 12:23:33,813 TRACE util.FileUtils (LogUtils.java:supplyAndLog(69)) - Successfully supplied FileChannel.open /home/runner/work/ratis/ratis/ratis-examples/target/test/data/da5193cb/MiniRaftClusterWithSimulatedRpced10c1e3/s14/4ab7e727-f211-4630-9abd-4e8c8ea4e78f/current/raft-meta.conf.tmp with options [CREATE, WRITE]: sun.nio.ch.FileChannelImpl@47647b82
2024-12-14 12:23:33,814 TRACE util.FileUtils (LogUtils.java:runAndLog(49)) - Successfully ran Atomic Files.move /home/runner/work/ratis/ratis/ratis-examples/target/test/data/da5193cb/MiniRaftClusterWithSimulatedRpced10c1e3/s7/4ab7e727-f211-4630-9abd-4e8c8ea4e78f/current/raft-meta.conf.tmp to /home/runner/work/ratis/ratis/ratis-examples/target/test/data/da5193cb/MiniRaftClusterWithSimulatedRpced10c1e3/s7/4ab7e727-f211-4630-9abd-4e8c8ea4e78f/current/raft-meta.conf with options [REPLACE_EXISTING]
2024-12-14 12:23:33,816 TRACE util.FileUtils (LogUtils.java:supplyAndLog(69)) - Successfully supplied FileChannel.open /home/runner/work/ratis/ratis/ratis-examples/target/test/data/da5193cb/MiniRaftClusterWithSimulatedRpced10c1e3/s8/4ab7e727-f211-4630-9abd-4e8c8ea4e78f/current/raft-meta.conf.tmp with options [CREATE, WRITE]: sun.nio.ch.FileChannelImpl@25657f50
2024-12-14 12:23:33,818 INFO  server.RaftServerConfigKeys (ConfUtils.java:logGet(46)) - raft.server.rpc.timeout.max = 600ms (custom)
2024-12-14 12:23:33,820 TRACE util.FileUtils (LogUtils.java:supplyAndLog(69)) - Successfully supplied FileChannel.open /home/runner/work/ratis/ratis/ratis-examples/target/test/data/da5193cb/MiniRaftClusterWithSimulatedRpced10c1e3/s6/4ab7e727-f211-4630-9abd-4e8c8ea4e78f/current/raft-meta.conf.tmp with options [CREATE, WRITE]: sun.nio.ch.FileChannelImpl@38d6b4
2024-12-14 12:23:33,820 TRACE util.FileUtils (LogUtils.java:supplyAndLog(69)) - Successfully supplied FileChannel.open /home/runner/work/ratis/ratis/ratis-examples/target/test/data/da5193cb/MiniRaftClusterWithSimulatedRpced10c1e3/s5/4ab7e727-f211-4630-9abd-4e8c8ea4e78f/current/raft-meta.conf.tmp with options [CREATE, WRITE]: sun.nio.ch.FileChannelImpl@4d6dc33f
2024-12-14 12:23:33,820 INFO  server.RaftServer$Division (ServerState.java:setRaftConf(386)) - s7@group-4E8C8EA4E78F: set configuration conf: {index: 131, cur=peers:[s3|, s4|, s5|, s6|, s7|, s8|, s9|, s11|, s10|, s13|, s12|, s14|, s0|, s1|, s2|]|listeners:[], old=null}
2024-12-14 12:23:33,818 INFO  server.RaftServer$Division (ServerState.java:setRaftConf(386)) - s13@group-4E8C8EA4E78F: set configuration conf: {index: 131, cur=peers:[s3|, s4|, s5|, s6|, s7|, s8|, s9|, s11|, s10|, s13|, s12|, s14|, s0|, s1|, s2|]|listeners:[], old=null}
2024-12-14 12:23:33,820 INFO  impl.RoleInfo (RoleInfo.java:updateAndGet(148)) - s4: start s4@group-4E8C8EA4E78F-FollowerState
2024-12-14 12:23:33,818 INFO  impl.RoleInfo (RoleInfo.java:updateAndGet(148)) - s9: start s9@group-4E8C8EA4E78F-FollowerState
2024-12-14 12:23:33,817 INFO  impl.RoleInfo (RoleInfo.java:updateAndGet(148)) - s8: start s8@group-4E8C8EA4E78F-FollowerState
2024-12-14 12:23:33,817 INFO  server.RaftServer$Division (ServerState.java:setRaftConf(386)) - s10@group-4E8C8EA4E78F: set configuration conf: {index: 131, cur=peers:[s3|, s4|, s5|, s6|, s7|, s8|, s9|, s11|, s10|, s13|, s12|, s14|, s0|, s1|, s2|]|listeners:[], old=null}
2024-12-14 12:23:33,821 INFO  server.RaftServer$Division (ServerState.java:setRaftConf(386)) - s4@group-4E8C8EA4E78F: set configuration conf: {index: 129, cur=peers:[s3|, s4|, s5|, s6|, s7|, s8|, s9|, s11|, s10|, s13|, s12|, s14|, s0|, s1|, s2|]|listeners:[], old=peers:[s3|, s11|, s10|, s13|, s12|, s14|, s0|, s1|, s2|]|listeners:[]}
2024-12-14 12:23:33,821 INFO  server.RaftServer$Division (ServerState.java:setRaftConf(386)) - s4@group-4E8C8EA4E78F: set configuration conf: {index: 131, cur=peers:[s3|, s4|, s5|, s6|, s7|, s8|, s9|, s11|, s10|, s13|, s12|, s14|, s0|, s1|, s2|]|listeners:[], old=null}
2024-12-14 12:23:33,816 TRACE util.FileUtils (LogUtils.java:runAndLog(49)) - Successfully ran Atomic Files.move /home/runner/work/ratis/ratis/ratis-examples/target/test/data/da5193cb/MiniRaftClusterWithSimulatedRpced10c1e3/s14/4ab7e727-f211-4630-9abd-4e8c8ea4e78f/current/raft-meta.conf.tmp to /home/runner/work/ratis/ratis/ratis-examples/target/test/data/da5193cb/MiniRaftClusterWithSimulatedRpced10c1e3/s14/4ab7e727-f211-4630-9abd-4e8c8ea4e78f/current/raft-meta.conf with options [REPLACE_EXISTING]
2024-12-14 12:23:33,820 TRACE util.FileUtils (LogUtils.java:supplyAndLog(69)) - Successfully supplied FileChannel.open /home/runner/work/ratis/ratis/ratis-examples/target/test/data/da5193cb/MiniRaftClusterWithSimulatedRpced10c1e3/s11/4ab7e727-f211-4630-9abd-4e8c8ea4e78f/current/raft-meta.conf.tmp with options [CREATE, WRITE]: sun.nio.ch.FileChannelImpl@19c36d74
2024-12-14 12:23:33,822 INFO  ratis.RaftTestUtil (RaftTestUtil.java:waitForLeader(107)) - printing ALL groups
  s3:  RUNNING [
   FOLLOWER s3@group-E0CF8C87AB81:t0, leader=null, voted=, raftlog=Memoized:s3@group-E0CF8C87AB81-SegmentedRaftLog:OPENED:c-1:lastnull, conf=conf: {index: -1, cur=peers:[]|listeners:[], old=null} STARTING
     LEADER s3@group-4E8C8EA4E78F:t1, leader=s3, voted=s3, raftlog=Memoized:s3@group-4E8C8EA4E78F-SegmentedRaftLog:OPENED:c131:last(t:1, i:132), conf=conf: {index: 131, cur=peers:[s3, s4, s5, s6, s7, s8, s9, s11, s10, s13, s12, s14, s0, s1, s2]|listeners:[], old=null} RUNNING] size=2
  s4:  RUNNING [
   FOLLOWER s4@group-E0CF8C87AB81:t0, leader=null, voted=, raftlog=Memoized:s4@group-E0CF8C87AB81-SegmentedRaftLog:OPENED:c-1:lastnull, conf=conf: {index: -1, cur=peers:[]|listeners:[], old=null} STARTING
   FOLLOWER s4@group-4E8C8EA4E78F:t1, leader=s3, voted=null, raftlog=Memoized:s4@group-4E8C8EA4E78F-SegmentedRaftLog:OPENED:c128:last(t:1, i:128), conf=conf: {index: 127, cur=peers:[s3|, s11|, s10|, s13|, s12|, s14|, s0|, s1|, s2|]|listeners:[], old=null} STARTING] size=2
  s5:  RUNNING [
   FOLLOWER s5@group-E0CF8C87AB81:t0, leader=null, voted=, raftlog=Memoized:s5@group-E0CF8C87AB81-SegmentedRaftLog:OPENED:c-1:lastnull, conf=conf: {index: -1, cur=peers:[]|listeners:[], old=null} STARTING
   FOLLOWER s5@group-4E8C8EA4E78F:t1, leader=s3, voted=null, raftlog=Memoized:s5@group-4E8C8EA4E78F-SegmentedRaftLog:OPENED:c128:last(t:1, i:128), conf=conf: {index: 127, cur=peers:[s3|, s11|, s10|, s13|, s12|, s14|, s0|, s1|, s2|]|listeners:[], old=null} STARTING] size=2
  s6:  RUNNING [
   FOLLOWER s6@group-E0CF8C87AB81:t0, leader=null, voted=, raftlog=Memoized:s6@group-E0CF8C87AB81-SegmentedRaftLog:OPENED:c-1:lastnull, conf=conf: {index: -1, cur=peers:[]|listeners:[], old=null} STARTING
   FOLLOWER s6@group-4E8C8EA4E78F:t1, leader=s3, voted=null, raftlog=Memoized:s6@group-4E8C8EA4E78F-SegmentedRaftLog:OPENED:c129:last(t:1, i:132), conf=conf: {index: 131, cur=peers:[s3|, s4|, s5|, s6|, s7|, s8|, s9|, s11|, s10|, s13|, s12|, s14|, s0|, s1|, s2|]|listeners:[], old=null} RUNNING] size=2
  s7:  RUNNING [
   FOLLOWER s7@group-E0CF8C87AB81:t0, leader=null, voted=, raftlog=Memoized:s7@group-E0CF8C87AB81-SegmentedRaftLog:OPENED:c-1:lastnull, conf=conf: {index: -1, cur=peers:[]|listeners:[], old=null} STARTING
   FOLLOWER s7@group-4E8C8EA4E78F:t1, leader=s3, voted=null, raftlog=Memoized:s7@group-4E8C8EA4E78F-SegmentedRaftLog:OPENED:c128:last(t:1, i:129), conf=conf: {index: 129, cur=peers:[s3|, s4|, s5|, s6|, s7|, s8|, s9|, s11|, s10|, s13|, s12|, s14|, s0|, s1|, s2|]|listeners:[], old=peers:[s3|, s11|, s10|, s13|, s12|, s14|, s0|, s1|, s2|]|listeners:[]} RUNNING] size=2
  s8:  RUNNING [
   FOLLOWER s8@group-E0CF8C87AB81:t0, leader=null, voted=, raftlog=Memoized:s8@group-E0CF8C87AB81-SegmentedRaftLog:OPENED:c-1:lastnull, conf=conf: {index: -1, cur=peers:[]|listeners:[], old=null} STARTING
   FOLLOWER s8@group-4E8C8EA4E78F:t1, leader=s3, voted=null, raftlog=Memoized:s8@group-4E8C8EA4E78F-SegmentedRaftLog:OPENED:c128:last(t:1, i:128), conf=conf: {index: 127, cur=peers:[s3|, s11|, s10|, s13|, s12|, s14|, s0|, s1|, s2|]|listeners:[], old=null} RUNNING] size=2
  s9:  RUNNING [
   FOLLOWER s9@group-E0CF8C87AB81:t0, leader=null, voted=, raftlog=Memoized:s9@group-E0CF8C87AB81-SegmentedRaftLog:OPENED:c-1:lastnull, conf=conf: {index: -1, cur=peers:[]|listeners:[], old=null} STARTING
   FOLLOWER s9@group-4E8C8EA4E78F:t1, leader=s3, voted=null, raftlog=Memoized:s9@group-4E8C8EA4E78F-SegmentedRaftLog:OPENED:c128:last(t:1, i:128), conf=conf: {index: 127, cur=peers:[s3|, s11|, s10|, s13|, s12|, s14|, s0|, s1|, s2|]|listeners:[], old=null} RUNNING] size=2
  s11:  RUNNING [
   FOLLOWER s11@group-E0CF8C87AB81:t0, leader=null, voted=, raftlog=Memoized:s11@group-E0CF8C87AB81-SegmentedRaftLog:OPENED:c-1:lastnull, conf=conf: {index: -1, cur=peers:[]|listeners:[], old=null} STARTING
   FOLLOWER s11@group-4E8C8EA4E78F:t1, leader=s3, voted=null, raftlog=Memoized:s11@group-4E8C8EA4E78F-SegmentedRaftLog:OPENED:c129:last(t:1, i:132), conf=conf: {index: 131, cur=peers:[s3|, s4|, s5|, s6|, s7|, s8|, s9|, s11|, s10|, s13|, s12|, s14|, s0|, s1|, s2|]|listeners:[], old=null} RUNNING] size=2
  s10:  RUNNING [
   FOLLOWER s10@group-E0CF8C87AB81:t0, leader=null, voted=, raftlog=Memoized:s10@group-E0CF8C87AB81-SegmentedRaftLog:OPENED:c-1:lastnull, conf=conf: {index: -1, cur=peers:[]|listeners:[], old=null} STARTING
   FOLLOWER s10@group-4E8C8EA4E78F:t1, leader=s3, voted=null, raftlog=Memoized:s10@group-4E8C8EA4E78F-SegmentedRaftLog:OPENED:c128:last(t:1, i:129), conf=conf: {index: 131, cur=peers:[s3|, s4|, s5|, s6|, s7|, s8|, s9|, s11|, s10|, s13|, s12|, s14|, s0|, s1|, s2|]|listeners:[], old=null} RUNNING] size=2
  s13:  RUNNING [
   FOLLOWER s13@group-E0CF8C87AB81:t0, leader=null, voted=, raftlog=Memoized:s13@group-E0CF8C87AB81-SegmentedRaftLog:OPENED:c-1:lastnull, conf=conf: {index: -1, cur=peers:[]|listeners:[], old=null} STARTING
   FOLLOWER s13@group-4E8C8EA4E78F:t1, leader=s3, voted=null, raftlog=Memoized:s13@group-4E8C8EA4E78F-SegmentedRaftLog:OPENED:c128:last(t:1, i:129), conf=conf: {index: 131, cur=peers:[s3|, s4|, s5|, s6|, s7|, s8|, s9|, s11|, s10|, s13|, s12|, s14|, s0|, s1|, s2|]|listeners:[], old=null} RUNNING] size=2
  s12:  RUNNING [
   FOLLOWER s12@group-E0CF8C87AB81:t0, leader=null, voted=, raftlog=Memoized:s12@group-E0CF8C87AB81-SegmentedRaftLog:OPENED:c-1:lastnull, conf=conf: {index: -1, cur=peers:[]|listeners:[], old=null} STARTING
   FOLLOWER s12@group-4E8C8EA4E78F:t1, leader=s3, voted=null, raftlog=Memoized:s12@group-4E8C8EA4E78F-SegmentedRaftLog:OPENED:c129:last(t:1, i:131), conf=conf: {index: 131, cur=peers:[s3|, s4|, s5|, s6|, s7|, s8|, s9|, s11|, s10|, s13|, s12|, s14|, s0|, s1|, s2|]|listeners:[], old=null} RUNNING] size=2
  s14:  RUNNING [
   FOLLOWER s14@group-E0CF8C87AB81:t0, leader=null, voted=, raftlog=Memoized:s14@group-E0CF8C87AB81-SegmentedRaftLog:OPENED:c-1:lastnull, conf=conf: {index: -1, cur=peers:[]|listeners:[], old=null} STARTING
   FOLLOWER s14@group-4E8C8EA4E78F:t1, leader=s3, voted=s3, raftlog=Memoized:s14@group-4E8C8EA4E78F-SegmentedRaftLog:OPENED:c131:last(t:1, i:132), conf=conf: {index: 131, cur=peers:[s3|, s4|, s5|, s6|, s7|, s8|, s9|, s11|, s10|, s13|, s12|, s14|, s0|, s1|, s2|]|listeners:[], old=null} RUNNING] size=2
  s0:  RUNNING [
   FOLLOWER s0@group-E0CF8C87AB81:t0, leader=null, voted=, raftlog=Memoized:s0@group-E0CF8C87AB81-SegmentedRaftLog:OPENED:c-1:lastnull, conf=conf: {index: -1, cur=peers:[]|listeners:[], old=null} STARTING
   FOLLOWER s0@group-4E8C8EA4E78F:t1, leader=s3, voted=null, raftlog=Memoized:s0@group-4E8C8EA4E78F-SegmentedRaftLog:OPENED:c131:last(t:1, i:132), conf=conf: {index: 131, cur=peers:[s3|, s4|, s5|, s6|, s7|, s8|, s9|, s11|, s10|, s13|, s12|, s14|, s0|, s1|, s2|]|listeners:[], old=null} RUNNING] size=2
  s1:  RUNNING [
   FOLLOWER s1@group-E0CF8C87AB81:t0, leader=null, voted=, raftlog=Memoized:s1@group-E0CF8C87AB81-SegmentedRaftLog:OPENED:c-1:lastnull, conf=conf: {index: -1, cur=peers:[]|listeners:[], old=null} STARTING
   FOLLOWER s1@group-4E8C8EA4E78F:t1, leader=s3, voted=null, raftlog=Memoized:s1@group-4E8C8EA4E78F-SegmentedRaftLog:OPENED:c131:last(t:1, i:132), conf=conf: {index: 131, cur=peers:[s3|, s4|, s5|, s6|, s7|, s8|, s9|, s11|, s10|, s13|, s12|, s14|, s0|, s1|, s2|]|listeners:[], old=null} RUNNING] size=2
  s2:  RUNNING [
   FOLLOWER s2@group-E0CF8C87AB81:t0, leader=null, voted=, raftlog=Memoized:s2@group-E0CF8C87AB81-SegmentedRaftLog:OPENED:c-1:lastnull, conf=conf: {index: -1, cur=peers:[]|listeners:[], old=null} STARTING
   FOLLOWER s2@group-4E8C8EA4E78F:t1, leader=s3, voted=s3, raftlog=Memoized:s2@group-4E8C8EA4E78F-SegmentedRaftLog:OPENED:c131:last(t:1, i:132), conf=conf: {index: 131, cur=peers:[s3|, s4|, s5|, s6|, s7|, s8|, s9|, s11|, s10|, s13|, s12|, s14|, s0|, s1|, s2|]|listeners:[], old=null} RUNNING] size=2
2024-12-14 12:23:33,823 TRACE util.FileUtils (LogUtils.java:supplyAndLog(69)) - Successfully supplied FileChannel.open /home/runner/work/ratis/ratis/ratis-examples/target/test/data/da5193cb/MiniRaftClusterWithSimulatedRpced10c1e3/s1/4ab7e727-f211-4630-9abd-4e8c8ea4e78f/current/raft-meta.conf.tmp with options [CREATE, WRITE]: sun.nio.ch.FileChannelImpl@f788c0d
2024-12-14 12:23:33,823 TRACE util.FileUtils (LogUtils.java:supplyAndLog(69)) - Successfully supplied FileChannel.open /home/runner/work/ratis/ratis/ratis-examples/target/test/data/da5193cb/MiniRaftClusterWithSimulatedRpced10c1e3/s0/4ab7e727-f211-4630-9abd-4e8c8ea4e78f/current/raft-meta.conf.tmp with options [CREATE, WRITE]: sun.nio.ch.FileChannelImpl@13f47eb5
2024-12-14 12:23:33,829 TRACE util.FileUtils (LogUtils.java:supplyAndLog(69)) - Successfully supplied FileChannel.open /home/runner/work/ratis/ratis/ratis-examples/target/test/data/da5193cb/MiniRaftClusterWithSimulatedRpced10c1e3/s9/4ab7e727-f211-4630-9abd-4e8c8ea4e78f/current/raft-meta.conf.tmp with options [CREATE, WRITE]: sun.nio.ch.FileChannelImpl@3d3f849
2024-12-14 12:23:33,824 INFO  ratis.RaftTestUtil (RaftTestUtil.java:waitForLeader(131)) - printing ALL groups
  s3:  RUNNING [
   FOLLOWER s3@group-E0CF8C87AB81:t0, leader=null, voted=, raftlog=Memoized:s3@group-E0CF8C87AB81-SegmentedRaftLog:OPENED:c-1:lastnull, conf=conf: {index: -1, cur=peers:[]|listeners:[], old=null} STARTING
     LEADER s3@group-4E8C8EA4E78F:t1, leader=s3, voted=s3, raftlog=Memoized:s3@group-4E8C8EA4E78F-SegmentedRaftLog:OPENED:c132:last(t:1, i:132), conf=conf: {index: 131, cur=peers:[s3, s4, s5, s6, s7, s8, s9, s11, s10, s13, s12, s14, s0, s1, s2]|listeners:[], old=null} RUNNING] size=2
  s4:  RUNNING [
   FOLLOWER s4@group-E0CF8C87AB81:t0, leader=null, voted=, raftlog=Memoized:s4@group-E0CF8C87AB81-SegmentedRaftLog:OPENED:c-1:lastnull, conf=conf: {index: -1, cur=peers:[]|listeners:[], old=null} STARTING
   FOLLOWER s4@group-4E8C8EA4E78F:t1, leader=s3, voted=null, raftlog=Memoized:s4@group-4E8C8EA4E78F-SegmentedRaftLog:OPENED:c128:last(t:1, i:132), conf=conf: {index: 131, cur=peers:[s3|, s4|, s5|, s6|, s7|, s8|, s9|, s11|, s10|, s13|, s12|, s14|, s0|, s1|, s2|]|listeners:[], old=null} RUNNING] size=2
  s5:  RUNNING [
   FOLLOWER s5@group-E0CF8C87AB81:t0, leader=null, voted=, raftlog=Memoized:s5@group-E0CF8C87AB81-SegmentedRaftLog:OPENED:c-1:lastnull, conf=conf: {index: -1, cur=peers:[]|listeners:[], old=null} STARTING
   FOLLOWER s5@group-4E8C8EA4E78F:t1, leader=s3, voted=null, raftlog=Memoized:s5@group-4E8C8EA4E78F-SegmentedRaftLog:OPENED:c128:last(t:1, i:128), conf=conf: {index: 127, cur=peers:[s3|, s11|, s10|, s13|, s12|, s14|, s0|, s1|, s2|]|listeners:[], old=null} STARTING] size=2
  s6:  RUNNING [
   FOLLOWER s6@group-E0CF8C87AB81:t0, leader=null, voted=, raftlog=Memoized:s6@group-E0CF8C87AB81-SegmentedRaftLog:OPENED:c-1:lastnull, conf=conf: {index: -1, cur=peers:[]|listeners:[], old=null} STARTING
   FOLLOWER s6@group-4E8C8EA4E78F:t1, leader=s3, voted=null, raftlog=Memoized:s6@group-4E8C8EA4E78F-SegmentedRaftLog:OPENED:c131:last(t:1, i:132), conf=conf: {index: 131, cur=peers:[s3|, s4|, s5|, s6|, s7|, s8|, s9|, s11|, s10|, s13|, s12|, s14|, s0|, s1|, s2|]|listeners:[], old=null} RUNNING] size=2
  s7:  RUNNING [
   FOLLOWER s7@group-E0CF8C87AB81:t0, leader=null, voted=, raftlog=Memoized:s7@group-E0CF8C87AB81-SegmentedRaftLog:OPENED:c-1:lastnull, conf=conf: {index: -1, cur=peers:[]|listeners:[], old=null} STARTING
   FOLLOWER s7@group-4E8C8EA4E78F:t1, leader=s3, voted=null, raftlog=Memoized:s7@group-4E8C8EA4E78F-SegmentedRaftLog:OPENED:c128:last(t:1, i:132), conf=conf: {index: 131, cur=peers:[s3|, s4|, s5|, s6|, s7|, s8|, s9|, s11|, s10|, s13|, s12|, s14|, s0|, s1|, s2|]|listeners:[], old=null} RUNNING] size=2
  s8:  RUNNING [
   FOLLOWER s8@group-E0CF8C87AB81:t0, leader=null, voted=, raftlog=Memoized:s8@group-E0CF8C87AB81-SegmentedRaftLog:OPENED:c-1:lastnull, conf=conf: {index: -1, cur=peers:[]|listeners:[], old=null} STARTING
   FOLLOWER s8@group-4E8C8EA4E78F:t1, leader=s3, voted=null, raftlog=Memoized:s8@group-4E8C8EA4E78F-SegmentedRaftLog:OPENED:c128:last(t:1, i:128), conf=conf: {index: 127, cur=peers:[s3|, s11|, s10|, s13|, s12|, s14|, s0|, s1|, s2|]|listeners:[], old=null} RUNNING] size=2
  s9:  RUNNING [
   FOLLOWER s9@group-E0CF8C87AB81:t0, leader=null, voted=, raftlog=Memoized:s9@group-E0CF8C87AB81-SegmentedRaftLog:OPENED:c-1:lastnull, conf=conf: {index: -1, cur=peers:[]|listeners:[], old=null} STARTING
   FOLLOWER s9@group-4E8C8EA4E78F:t1, leader=s3, voted=null, raftlog=Memoized:s9@group-4E8C8EA4E78F-SegmentedRaftLog:OPENED:c128:last(t:1, i:128), conf=conf: {index: 127, cur=peers:[s3|, s11|, s10|, s13|, s12|, s14|, s0|, s1|, s2|]|listeners:[], old=null} RUNNING] size=2
  s11:  RUNNING [
   FOLLOWER s11@group-E0CF8C87AB81:t0, leader=null, voted=, raftlog=Memoized:s11@group-E0CF8C87AB81-SegmentedRaftLog:OPENED:c-1:lastnull, conf=conf: {index: -1, cur=peers:[]|listeners:[], old=null} STARTING
   FOLLOWER s11@group-4E8C8EA4E78F:t1, leader=s3, voted=null, raftlog=Memoized:s11@group-4E8C8EA4E78F-SegmentedRaftLog:OPENED:c131:last(t:1, i:132), conf=conf: {index: 131, cur=peers:[s3|, s4|, s5|, s6|, s7|, s8|, s9|, s11|, s10|, s13|, s12|, s14|, s0|, s1|, s2|]|listeners:[], old=null} RUNNING] size=2
  s10:  RUNNING [
   FOLLOWER s10@group-E0CF8C87AB81:t0, leader=null, voted=, raftlog=Memoized:s10@group-E0CF8C87AB81-SegmentedRaftLog:OPENED:c-1:lastnull, conf=conf: {index: -1, cur=peers:[]|listeners:[], old=null} STARTING
   FOLLOWER s10@group-4E8C8EA4E78F:t1, leader=s3, voted=null, raftlog=Memoized:s10@group-4E8C8EA4E78F-SegmentedRaftLog:OPENED:c128:last(t:1, i:131), conf=conf: {index: 131, cur=peers:[s3|, s4|, s5|, s6|, s7|, s8|, s9|, s11|, s10|, s13|, s12|, s14|, s0|, s1|, s2|]|listeners:[], old=null} RUNNING] size=2
  s13:  RUNNING [
   FOLLOWER s13@group-E0CF8C87AB81:t0, leader=null, voted=, raftlog=Memoized:s13@group-E0CF8C87AB81-SegmentedRaftLog:OPENED:c-1:lastnull, conf=conf: {index: -1, cur=peers:[]|listeners:[], old=null} STARTING
   FOLLOWER s13@group-4E8C8EA4E78F:t1, leader=s3, voted=null, raftlog=Memoized:s13@group-4E8C8EA4E78F-SegmentedRaftLog:OPENED:c128:last(t:1, i:131), conf=conf: {index: 131, cur=peers:[s3|, s4|, s5|, s6|, s7|, s8|, s9|, s11|, s10|, s13|, s12|, s14|, s0|, s1|, s2|]|listeners:[], old=null} RUNNING] size=2
  s12:  RUNNING [
   FOLLOWER s12@group-E0CF8C87AB81:t0, leader=null, voted=, raftlog=Memoized:s12@group-E0CF8C87AB81-SegmentedRaftLog:OPENED:c-1:lastnull, conf=conf: {index: -1, cur=peers:[]|listeners:[], old=null} STARTING
   FOLLOWER s12@group-4E8C8EA4E78F:t1, leader=s3, voted=null, raftlog=Memoized:s12@group-4E8C8EA4E78F-SegmentedRaftLog:OPENED:c131:last(t:1, i:132), conf=conf: {index: 131, cur=peers:[s3|, s4|, s5|, s6|, s7|, s8|, s9|, s11|, s10|, s13|, s12|, s14|, s0|, s1|, s2|]|listeners:[], old=null} RUNNING] size=2
  s14:  RUNNING [
   FOLLOWER s14@group-E0CF8C87AB81:t0, leader=null, voted=, raftlog=Memoized:s14@group-E0CF8C87AB81-SegmentedRaftLog:OPENED:c-1:lastnull, conf=conf: {index: -1, cur=peers:[]|listeners:[], old=null} STARTING
   FOLLOWER s14@group-4E8C8EA4E78F:t1, leader=s3, voted=s3, raftlog=Memoized:s14@group-4E8C8EA4E78F-SegmentedRaftLog:OPENED:c131:last(t:1, i:132), conf=conf: {index: 131, cur=peers:[s3|, s4|, s5|, s6|, s7|, s8|, s9|, s11|, s10|, s13|, s12|, s14|, s0|, s1|, s2|]|listeners:[], old=null} RUNNING] size=2
  s0:  RUNNING [
   FOLLOWER s0@group-E0CF8C87AB81:t0, leader=null, voted=, raftlog=Memoized:s0@group-E0CF8C87AB81-SegmentedRaftLog:OPENED:c-1:lastnull, conf=conf: {index: -1, cur=peers:[]|listeners:[], old=null} STARTING
   FOLLOWER s0@group-4E8C8EA4E78F:t1, leader=s3, voted=null, raftlog=Memoized:s0@group-4E8C8EA4E78F-SegmentedRaftLog:OPENED:c131:last(t:1, i:132), conf=conf: {index: 131, cur=peers:[s3|, s4|, s5|, s6|, s7|, s8|, s9|, s11|, s10|, s13|, s12|, s14|, s0|, s1|, s2|]|listeners:[], old=null} RUNNING] size=2
  s1:  RUNNING [
   FOLLOWER s1@group-E0CF8C87AB81:t0, leader=null, voted=, raftlog=Memoized:s1@group-E0CF8C87AB81-SegmentedRaftLog:OPENED:c-1:lastnull, conf=conf: {index: -1, cur=peers:[]|listeners:[], old=null} STARTING
   FOLLOWER s1@group-4E8C8EA4E78F:t1, leader=s3, voted=null, raftlog=Memoized:s1@group-4E8C8EA4E78F-SegmentedRaftLog:OPENED:c131:last(t:1, i:132), conf=conf: {index: 131, cur=peers:[s3|, s4|, s5|, s6|, s7|, s8|, s9|, s11|, s10|, s13|, s12|, s14|, s0|, s1|, s2|]|listeners:[], old=null} RUNNING] size=2
  s2:  RUNNING [
   FOLLOWER s2@group-E0CF8C87AB81:t0, leader=null, voted=, raftlog=Memoized:s2@group-E0CF8C87AB81-SegmentedRaftLog:OPENED:c-1:lastnull, conf=conf: {index: -1, cur=peers:[]|listeners:[], old=null} STARTING
   FOLLOWER s2@group-4E8C8EA4E78F:t1, leader=s3, voted=s3, raftlog=Memoized:s2@group-4E8C8EA4E78F-SegmentedRaftLog:OPENED:c131:last(t:1, i:132), conf=conf: {index: 131, cur=peers:[s3|, s4|, s5|, s6|, s7|, s8|, s9|, s11|, s10|, s13|, s12|, s14|, s0|, s1|, s2|]|listeners:[], old=null} RUNNING] size=2
2024-12-14 12:23:33,830 TRACE util.FileUtils (LogUtils.java:runAndLog(49)) - Successfully ran Atomic Files.move /home/runner/work/ratis/ratis/ratis-examples/target/test/data/da5193cb/MiniRaftClusterWithSimulatedRpced10c1e3/s1/4ab7e727-f211-4630-9abd-4e8c8ea4e78f/current/raft-meta.conf.tmp to /home/runner/work/ratis/ratis/ratis-examples/target/test/data/da5193cb/MiniRaftClusterWithSimulatedRpced10c1e3/s1/4ab7e727-f211-4630-9abd-4e8c8ea4e78f/current/raft-meta.conf with options [REPLACE_EXISTING]
2024-12-14 12:23:33,830 TRACE util.FileUtils (LogUtils.java:runAndLog(49)) - Successfully ran Atomic Files.move /home/runner/work/ratis/ratis/ratis-examples/target/test/data/da5193cb/MiniRaftClusterWithSimulatedRpced10c1e3/s9/4ab7e727-f211-4630-9abd-4e8c8ea4e78f/current/raft-meta.conf.tmp to /home/runner/work/ratis/ratis/ratis-examples/target/test/data/da5193cb/MiniRaftClusterWithSimulatedRpced10c1e3/s9/4ab7e727-f211-4630-9abd-4e8c8ea4e78f/current/raft-meta.conf with options [REPLACE_EXISTING]
2024-12-14 12:23:33,832 TRACE util.FileUtils (LogUtils.java:runAndLog(49)) - Successfully ran Atomic Files.move /home/runner/work/ratis/ratis/ratis-examples/target/test/data/da5193cb/MiniRaftClusterWithSimulatedRpced10c1e3/s0/4ab7e727-f211-4630-9abd-4e8c8ea4e78f/current/raft-meta.conf.tmp to /home/runner/work/ratis/ratis/ratis-examples/target/test/data/da5193cb/MiniRaftClusterWithSimulatedRpced10c1e3/s0/4ab7e727-f211-4630-9abd-4e8c8ea4e78f/current/raft-meta.conf with options [REPLACE_EXISTING]
2024-12-14 12:23:33,824 TRACE util.FileUtils (LogUtils.java:supplyAndLog(69)) - Successfully supplied FileChannel.open /home/runner/work/ratis/ratis/ratis-examples/target/test/data/da5193cb/MiniRaftClusterWithSimulatedRpced10c1e3/s14/4ab7e727-f211-4630-9abd-4e8c8ea4e78f/current/raft-meta.conf.tmp with options [CREATE, WRITE]: sun.nio.ch.FileChannelImpl@21cfcc64
2024-12-14 12:23:33,839 TRACE util.FileUtils (LogUtils.java:supplyAndLog(69)) - Successfully supplied FileChannel.open /home/runner/work/ratis/ratis/ratis-examples/target/test/data/da5193cb/MiniRaftClusterWithSimulatedRpced10c1e3/s9/4ab7e727-f211-4630-9abd-4e8c8ea4e78f/current/raft-meta.conf.tmp with options [CREATE, WRITE]: sun.nio.ch.FileChannelImpl@d140643
2024-12-14 12:23:33,824 TRACE util.FileUtils (LogUtils.java:supplyAndLog(69)) - Successfully supplied FileChannel.open /home/runner/work/ratis/ratis/ratis-examples/target/test/data/da5193cb/MiniRaftClusterWithSimulatedRpced10c1e3/s3/4ab7e727-f211-4630-9abd-4e8c8ea4e78f/current/raft-meta.conf.tmp with options [CREATE, WRITE]: sun.nio.ch.FileChannelImpl@4dcf56e7
2024-12-14 12:23:33,824 TRACE util.FileUtils (LogUtils.java:supplyAndLog(69)) - Successfully supplied FileChannel.open /home/runner/work/ratis/ratis/ratis-examples/target/test/data/da5193cb/MiniRaftClusterWithSimulatedRpced10c1e3/s2/4ab7e727-f211-4630-9abd-4e8c8ea4e78f/current/raft-meta.conf.tmp with options [CREATE, WRITE]: sun.nio.ch.FileChannelImpl@481cf737
2024-12-14 12:23:33,824 TRACE util.FileUtils (LogUtils.java:supplyAndLog(69)) - Successfully supplied FileChannel.open /home/runner/work/ratis/ratis/ratis-examples/target/test/data/da5193cb/MiniRaftClusterWithSimulatedRpced10c1e3/s10/4ab7e727-f211-4630-9abd-4e8c8ea4e78f/current/raft-meta.conf.tmp with options [CREATE, WRITE]: sun.nio.ch.FileChannelImpl@4b5e94f5
2024-12-14 12:23:33,824 TRACE util.FileUtils (LogUtils.java:supplyAndLog(69)) - Successfully supplied FileChannel.open /home/runner/work/ratis/ratis/ratis-examples/target/test/data/da5193cb/MiniRaftClusterWithSimulatedRpced10c1e3/s13/4ab7e727-f211-4630-9abd-4e8c8ea4e78f/current/raft-meta.conf.tmp with options [CREATE, WRITE]: sun.nio.ch.FileChannelImpl@66b3886a
2024-12-14 12:23:33,823 TRACE util.FileUtils (LogUtils.java:supplyAndLog(69)) - Successfully supplied FileChannel.open /home/runner/work/ratis/ratis/ratis-examples/target/test/data/da5193cb/MiniRaftClusterWithSimulatedRpced10c1e3/s7/4ab7e727-f211-4630-9abd-4e8c8ea4e78f/current/raft-meta.conf.tmp with options [CREATE, WRITE]: sun.nio.ch.FileChannelImpl@277779d4
2024-12-14 12:23:33,823 TRACE util.FileUtils (LogUtils.java:runAndLog(49)) - Successfully ran Atomic Files.move /home/runner/work/ratis/ratis/ratis-examples/target/test/data/da5193cb/MiniRaftClusterWithSimulatedRpced10c1e3/s6/4ab7e727-f211-4630-9abd-4e8c8ea4e78f/current/raft-meta.conf.tmp to /home/runner/work/ratis/ratis/ratis-examples/target/test/data/da5193cb/MiniRaftClusterWithSimulatedRpced10c1e3/s6/4ab7e727-f211-4630-9abd-4e8c8ea4e78f/current/raft-meta.conf with options [REPLACE_EXISTING]
2024-12-14 12:23:33,842 TRACE util.FileUtils (LogUtils.java:supplyAndLog(69)) - Successfully supplied FileChannel.open /home/runner/work/ratis/ratis/ratis-examples/target/test/data/da5193cb/MiniRaftClusterWithSimulatedRpced10c1e3/s6/4ab7e727-f211-4630-9abd-4e8c8ea4e78f/current/raft-meta.conf.tmp with options [CREATE, WRITE]: sun.nio.ch.FileChannelImpl@407426b
2024-12-14 12:23:33,823 TRACE util.FileUtils (LogUtils.java:runAndLog(49)) - Successfully ran Atomic Files.move /home/runner/work/ratis/ratis/ratis-examples/target/test/data/da5193cb/MiniRaftClusterWithSimulatedRpced10c1e3/s5/4ab7e727-f211-4630-9abd-4e8c8ea4e78f/current/raft-meta.conf.tmp to /home/runner/work/ratis/ratis/ratis-examples/target/test/data/da5193cb/MiniRaftClusterWithSimulatedRpced10c1e3/s5/4ab7e727-f211-4630-9abd-4e8c8ea4e78f/current/raft-meta.conf with options [REPLACE_EXISTING]
2024-12-14 12:23:33,843 TRACE util.FileUtils (LogUtils.java:runAndLog(49)) - Successfully ran Atomic Files.move /home/runner/work/ratis/ratis/ratis-examples/target/test/data/da5193cb/MiniRaftClusterWithSimulatedRpced10c1e3/s14/4ab7e727-f211-4630-9abd-4e8c8ea4e78f/current/raft-meta.conf.tmp to /home/runner/work/ratis/ratis/ratis-examples/target/test/data/da5193cb/MiniRaftClusterWithSimulatedRpced10c1e3/s14/4ab7e727-f211-4630-9abd-4e8c8ea4e78f/current/raft-meta.conf with options [REPLACE_EXISTING]
2024-12-14 12:23:33,823 TRACE util.FileUtils (LogUtils.java:supplyAndLog(69)) - Successfully supplied FileChannel.open /home/runner/work/ratis/ratis/ratis-examples/target/test/data/da5193cb/MiniRaftClusterWithSimulatedRpced10c1e3/s12/4ab7e727-f211-4630-9abd-4e8c8ea4e78f/current/raft-meta.conf.tmp with options [CREATE, WRITE]: sun.nio.ch.FileChannelImpl@10a6f58e
2024-12-14 12:23:33,823 TRACE util.FileUtils (LogUtils.java:supplyAndLog(69)) - Successfully supplied FileChannel.open /home/runner/work/ratis/ratis/ratis-examples/target/test/data/da5193cb/MiniRaftClusterWithSimulatedRpced10c1e3/s4/4ab7e727-f211-4630-9abd-4e8c8ea4e78f/current/raft-meta.conf.tmp with options [CREATE, WRITE]: sun.nio.ch.FileChannelImpl@3ae3f1ca
2024-12-14 12:23:33,844 TRACE util.FileUtils (LogUtils.java:runAndLog(49)) - Successfully ran Atomic Files.move /home/runner/work/ratis/ratis/ratis-examples/target/test/data/da5193cb/MiniRaftClusterWithSimulatedRpced10c1e3/s13/4ab7e727-f211-4630-9abd-4e8c8ea4e78f/current/raft-meta.conf.tmp to /home/runner/work/ratis/ratis/ratis-examples/target/test/data/da5193cb/MiniRaftClusterWithSimulatedRpced10c1e3/s13/4ab7e727-f211-4630-9abd-4e8c8ea4e78f/current/raft-meta.conf with options [REPLACE_EXISTING]
2024-12-14 12:23:33,832 INFO  server.RaftServer$Division (ServerState.java:setRaftConf(386)) - s8@group-4E8C8EA4E78F: set configuration conf: {index: 129, cur=peers:[s3|, s4|, s5|, s6|, s7|, s8|, s9|, s11|, s10|, s13|, s12|, s14|, s0|, s1|, s2|]|listeners:[], old=peers:[s3|, s11|, s10|, s13|, s12|, s14|, s0|, s1|, s2|]|listeners:[]}
2024-12-14 12:23:33,832 TRACE util.FileUtils (LogUtils.java:runAndLog(49)) - Successfully ran Atomic Files.move /home/runner/work/ratis/ratis/ratis-examples/target/test/data/da5193cb/MiniRaftClusterWithSimulatedRpced10c1e3/s11/4ab7e727-f211-4630-9abd-4e8c8ea4e78f/current/raft-meta.conf.tmp to /home/runner/work/ratis/ratis/ratis-examples/target/test/data/da5193cb/MiniRaftClusterWithSimulatedRpced10c1e3/s11/4ab7e727-f211-4630-9abd-4e8c8ea4e78f/current/raft-meta.conf with options [REPLACE_EXISTING]
2024-12-14 12:23:33,845 INFO  server.RaftServer$Division (ServerState.java:setRaftConf(386)) - s8@group-4E8C8EA4E78F: set configuration conf: {index: 131, cur=peers:[s3|, s4|, s5|, s6|, s7|, s8|, s9|, s11|, s10|, s13|, s12|, s14|, s0|, s1|, s2|]|listeners:[], old=null}
2024-12-14 12:23:33,830 TRACE util.FileUtils (LogUtils.java:runAndLog(49)) - Successfully ran Atomic Files.move /home/runner/work/ratis/ratis/ratis-examples/target/test/data/da5193cb/MiniRaftClusterWithSimulatedRpced10c1e3/s8/4ab7e727-f211-4630-9abd-4e8c8ea4e78f/current/raft-meta.conf.tmp to /home/runner/work/ratis/ratis/ratis-examples/target/test/data/da5193cb/MiniRaftClusterWithSimulatedRpced10c1e3/s8/4ab7e727-f211-4630-9abd-4e8c8ea4e78f/current/raft-meta.conf with options [REPLACE_EXISTING]
2024-12-14 12:23:33,829 INFO  impl.RoleInfo (RoleInfo.java:updateAndGet(148)) - s5: start s5@group-4E8C8EA4E78F-FollowerState
2024-12-14 12:23:33,829 INFO  server.RaftServer$Division (ServerState.java:setRaftConf(386)) - s9@group-4E8C8EA4E78F: set configuration conf: {index: 129, cur=peers:[s3|, s4|, s5|, s6|, s7|, s8|, s9|, s11|, s10|, s13|, s12|, s14|, s0|, s1|, s2|]|listeners:[], old=peers:[s3|, s11|, s10|, s13|, s12|, s14|, s0|, s1|, s2|]|listeners:[]}
2024-12-14 12:23:33,845 INFO  server.RaftServer$Division (ServerState.java:setRaftConf(386)) - s9@group-4E8C8EA4E78F: set configuration conf: {index: 131, cur=peers:[s3|, s4|, s5|, s6|, s7|, s8|, s9|, s11|, s10|, s13|, s12|, s14|, s0|, s1|, s2|]|listeners:[], old=null}
2024-12-14 12:23:33,846 TRACE util.FileUtils (LogUtils.java:supplyAndLog(69)) - Successfully supplied FileChannel.open /home/runner/work/ratis/ratis/ratis-examples/target/test/data/da5193cb/MiniRaftClusterWithSimulatedRpced10c1e3/s5/4ab7e727-f211-4630-9abd-4e8c8ea4e78f/current/raft-meta.conf.tmp with options [CREATE, WRITE]: sun.nio.ch.FileChannelImpl@43aa34e2
2024-12-14 12:23:33,846 TRACE util.FileUtils (LogUtils.java:runAndLog(49)) - Successfully ran Atomic Files.move /home/runner/work/ratis/ratis/ratis-examples/target/test/data/da5193cb/MiniRaftClusterWithSimulatedRpced10c1e3/s2/4ab7e727-f211-4630-9abd-4e8c8ea4e78f/current/raft-meta.conf.tmp to /home/runner/work/ratis/ratis/ratis-examples/target/test/data/da5193cb/MiniRaftClusterWithSimulatedRpced10c1e3/s2/4ab7e727-f211-4630-9abd-4e8c8ea4e78f/current/raft-meta.conf with options [REPLACE_EXISTING]
2024-12-14 12:23:33,846 TRACE util.FileUtils (LogUtils.java:runAndLog(49)) - Successfully ran Atomic Files.move /home/runner/work/ratis/ratis/ratis-examples/target/test/data/da5193cb/MiniRaftClusterWithSimulatedRpced10c1e3/s3/4ab7e727-f211-4630-9abd-4e8c8ea4e78f/current/raft-meta.conf.tmp to /home/runner/work/ratis/ratis/ratis-examples/target/test/data/da5193cb/MiniRaftClusterWithSimulatedRpced10c1e3/s3/4ab7e727-f211-4630-9abd-4e8c8ea4e78f/current/raft-meta.conf with options [REPLACE_EXISTING]
2024-12-14 12:23:33,846 INFO  statemachine.StateMachine (ArithmeticStateMachine.java:applyTransaction(181)) - LEADER:s3-133: a = 103 = 103
2024-12-14 12:23:33,846 TRACE util.FileUtils (LogUtils.java:supplyAndLog(69)) - Successfully supplied FileChannel.open /home/runner/work/ratis/ratis/ratis-examples/target/test/data/da5193cb/MiniRaftClusterWithSimulatedRpced10c1e3/s8/4ab7e727-f211-4630-9abd-4e8c8ea4e78f/current/raft-meta.conf.tmp with options [CREATE, WRITE]: sun.nio.ch.FileChannelImpl@215aff24
2024-12-14 12:23:33,847 INFO  server.RaftServer$Division (ServerState.java:setRaftConf(386)) - s5@group-4E8C8EA4E78F: set configuration conf: {index: 129, cur=peers:[s3|, s4|, s5|, s6|, s7|, s8|, s9|, s11|, s10|, s13|, s12|, s14|, s0|, s1|, s2|]|listeners:[], old=peers:[s3|, s11|, s10|, s13|, s12|, s14|, s0|, s1|, s2|]|listeners:[]}
2024-12-14 12:23:33,847 INFO  server.RaftServer$Division (ServerState.java:setRaftConf(386)) - s5@group-4E8C8EA4E78F: set configuration conf: {index: 131, cur=peers:[s3|, s4|, s5|, s6|, s7|, s8|, s9|, s11|, s10|, s13|, s12|, s14|, s0|, s1|, s2|]|listeners:[], old=null}
2024-12-14 12:23:33,847 TRACE util.FileUtils (LogUtils.java:supplyAndLog(69)) - Successfully supplied FileChannel.open /home/runner/work/ratis/ratis/ratis-examples/target/test/data/da5193cb/MiniRaftClusterWithSimulatedRpced10c1e3/s13/4ab7e727-f211-4630-9abd-4e8c8ea4e78f/current/raft-meta.conf.tmp with options [CREATE, WRITE]: sun.nio.ch.FileChannelImpl@10fe7d86
2024-12-14 12:23:33,847 TRACE util.FileUtils (LogUtils.java:runAndLog(49)) - Successfully ran Atomic Files.move /home/runner/work/ratis/ratis/ratis-examples/target/test/data/da5193cb/MiniRaftClusterWithSimulatedRpced10c1e3/s10/4ab7e727-f211-4630-9abd-4e8c8ea4e78f/current/raft-meta.conf.tmp to /home/runner/work/ratis/ratis/ratis-examples/target/test/data/da5193cb/MiniRaftClusterWithSimulatedRpced10c1e3/s10/4ab7e727-f211-4630-9abd-4e8c8ea4e78f/current/raft-meta.conf with options [REPLACE_EXISTING]
2024-12-14 12:23:33,848 TRACE util.FileUtils (LogUtils.java:runAndLog(49)) - Successfully ran Atomic Files.move /home/runner/work/ratis/ratis/ratis-examples/target/test/data/da5193cb/MiniRaftClusterWithSimulatedRpced10c1e3/s7/4ab7e727-f211-4630-9abd-4e8c8ea4e78f/current/raft-meta.conf.tmp to /home/runner/work/ratis/ratis/ratis-examples/target/test/data/da5193cb/MiniRaftClusterWithSimulatedRpced10c1e3/s7/4ab7e727-f211-4630-9abd-4e8c8ea4e78f/current/raft-meta.conf with options [REPLACE_EXISTING]
2024-12-14 12:23:33,848 TRACE util.FileUtils (LogUtils.java:runAndLog(49)) - Successfully ran Atomic Files.move /home/runner/work/ratis/ratis/ratis-examples/target/test/data/da5193cb/MiniRaftClusterWithSimulatedRpced10c1e3/s4/4ab7e727-f211-4630-9abd-4e8c8ea4e78f/current/raft-meta.conf.tmp to /home/runner/work/ratis/ratis/ratis-examples/target/test/data/da5193cb/MiniRaftClusterWithSimulatedRpced10c1e3/s4/4ab7e727-f211-4630-9abd-4e8c8ea4e78f/current/raft-meta.conf with options [REPLACE_EXISTING]
2024-12-14 12:23:33,849 TRACE util.FileUtils (LogUtils.java:supplyAndLog(69)) - Successfully supplied FileChannel.open /home/runner/work/ratis/ratis/ratis-examples/target/test/data/da5193cb/MiniRaftClusterWithSimulatedRpced10c1e3/s10/4ab7e727-f211-4630-9abd-4e8c8ea4e78f/current/raft-meta.conf.tmp with options [CREATE, WRITE]: sun.nio.ch.FileChannelImpl@175968db
2024-12-14 12:23:33,850 TRACE util.FileUtils (LogUtils.java:runAndLog(49)) - Successfully ran Atomic Files.move /home/runner/work/ratis/ratis/ratis-examples/target/test/data/da5193cb/MiniRaftClusterWithSimulatedRpced10c1e3/s13/4ab7e727-f211-4630-9abd-4e8c8ea4e78f/current/raft-meta.conf.tmp to /home/runner/work/ratis/ratis/ratis-examples/target/test/data/da5193cb/MiniRaftClusterWithSimulatedRpced10c1e3/s13/4ab7e727-f211-4630-9abd-4e8c8ea4e78f/current/raft-meta.conf with options [REPLACE_EXISTING]
2024-12-14 12:23:33,850 INFO  statemachine.StateMachine (ArithmeticStateMachine.java:applyTransaction(181)) - LEADER:s3-135: b = 5304 = 5304
2024-12-14 12:23:33,850 TRACE util.FileUtils (LogUtils.java:runAndLog(49)) - Successfully ran Atomic Files.move /home/runner/work/ratis/ratis/ratis-examples/target/test/data/da5193cb/MiniRaftClusterWithSimulatedRpced10c1e3/s9/4ab7e727-f211-4630-9abd-4e8c8ea4e78f/current/raft-meta.conf.tmp to /home/runner/work/ratis/ratis/ratis-examples/target/test/data/da5193cb/MiniRaftClusterWithSimulatedRpced10c1e3/s9/4ab7e727-f211-4630-9abd-4e8c8ea4e78f/current/raft-meta.conf with options [REPLACE_EXISTING]
2024-12-14 12:23:33,851 TRACE util.FileUtils (LogUtils.java:supplyAndLog(69)) - Successfully supplied FileChannel.open /home/runner/work/ratis/ratis/ratis-examples/target/test/data/da5193cb/MiniRaftClusterWithSimulatedRpced10c1e3/s9/4ab7e727-f211-4630-9abd-4e8c8ea4e78f/current/raft-meta.conf.tmp with options [CREATE, WRITE]: sun.nio.ch.FileChannelImpl@92b9339
2024-12-14 12:23:33,851 TRACE util.FileUtils (LogUtils.java:runAndLog(49)) - Successfully ran Atomic Files.move /home/runner/work/ratis/ratis/ratis-examples/target/test/data/da5193cb/MiniRaftClusterWithSimulatedRpced10c1e3/s6/4ab7e727-f211-4630-9abd-4e8c8ea4e78f/current/raft-meta.conf.tmp to /home/runner/work/ratis/ratis/ratis-examples/target/test/data/da5193cb/MiniRaftClusterWithSimulatedRpced10c1e3/s6/4ab7e727-f211-4630-9abd-4e8c8ea4e78f/current/raft-meta.conf with options [REPLACE_EXISTING]
2024-12-14 12:23:33,851 TRACE util.FileUtils (LogUtils.java:supplyAndLog(69)) - Successfully supplied FileChannel.open /home/runner/work/ratis/ratis/ratis-examples/target/test/data/da5193cb/MiniRaftClusterWithSimulatedRpced10c1e3/s6/4ab7e727-f211-4630-9abd-4e8c8ea4e78f/current/raft-meta.conf.tmp with options [CREATE, WRITE]: sun.nio.ch.FileChannelImpl@4105dc8f
2024-12-14 12:23:33,853 TRACE util.FileUtils (LogUtils.java:supplyAndLog(69)) - Successfully supplied FileChannel.open /home/runner/work/ratis/ratis/ratis-examples/target/test/data/da5193cb/MiniRaftClusterWithSimulatedRpced10c1e3/s4/4ab7e727-f211-4630-9abd-4e8c8ea4e78f/current/raft-meta.conf.tmp with options [CREATE, WRITE]: sun.nio.ch.FileChannelImpl@342408e6
2024-12-14 12:23:33,854 TRACE util.FileUtils (LogUtils.java:runAndLog(49)) - Successfully ran Atomic Files.move /home/runner/work/ratis/ratis/ratis-examples/target/test/data/da5193cb/MiniRaftClusterWithSimulatedRpced10c1e3/s12/4ab7e727-f211-4630-9abd-4e8c8ea4e78f/current/raft-meta.conf.tmp to /home/runner/work/ratis/ratis/ratis-examples/target/test/data/da5193cb/MiniRaftClusterWithSimulatedRpced10c1e3/s12/4ab7e727-f211-4630-9abd-4e8c8ea4e78f/current/raft-meta.conf with options [REPLACE_EXISTING]
2024-12-14 12:23:33,854 TRACE util.FileUtils (LogUtils.java:supplyAndLog(69)) - Successfully supplied FileChannel.open /home/runner/work/ratis/ratis/ratis-examples/target/test/data/da5193cb/MiniRaftClusterWithSimulatedRpced10c1e3/s7/4ab7e727-f211-4630-9abd-4e8c8ea4e78f/current/raft-meta.conf.tmp with options [CREATE, WRITE]: sun.nio.ch.FileChannelImpl@2348f9e2
2024-12-14 12:23:33,855 TRACE util.FileUtils (LogUtils.java:runAndLog(49)) - Successfully ran Atomic Files.move /home/runner/work/ratis/ratis/ratis-examples/target/test/data/da5193cb/MiniRaftClusterWithSimulatedRpced10c1e3/s8/4ab7e727-f211-4630-9abd-4e8c8ea4e78f/current/raft-meta.conf.tmp to /home/runner/work/ratis/ratis/ratis-examples/target/test/data/da5193cb/MiniRaftClusterWithSimulatedRpced10c1e3/s8/4ab7e727-f211-4630-9abd-4e8c8ea4e78f/current/raft-meta.conf with options [REPLACE_EXISTING]
2024-12-14 12:23:33,855 TRACE util.FileUtils (LogUtils.java:supplyAndLog(69)) - Successfully supplied FileChannel.open /home/runner/work/ratis/ratis/ratis-examples/target/test/data/da5193cb/MiniRaftClusterWithSimulatedRpced10c1e3/s8/4ab7e727-f211-4630-9abd-4e8c8ea4e78f/current/raft-meta.conf.tmp with options [CREATE, WRITE]: sun.nio.ch.FileChannelImpl@6458756b
2024-12-14 12:23:33,856 TRACE util.FileUtils (LogUtils.java:runAndLog(49)) - Successfully ran Atomic Files.move /home/runner/work/ratis/ratis/ratis-examples/target/test/data/da5193cb/MiniRaftClusterWithSimulatedRpced10c1e3/s10/4ab7e727-f211-4630-9abd-4e8c8ea4e78f/current/raft-meta.conf.tmp to /home/runner/work/ratis/ratis/ratis-examples/target/test/data/da5193cb/MiniRaftClusterWithSimulatedRpced10c1e3/s10/4ab7e727-f211-4630-9abd-4e8c8ea4e78f/current/raft-meta.conf with options [REPLACE_EXISTING]
2024-12-14 12:23:33,857 TRACE util.FileUtils (LogUtils.java:runAndLog(49)) - Successfully ran Atomic Files.move /home/runner/work/ratis/ratis/ratis-examples/target/test/data/da5193cb/MiniRaftClusterWithSimulatedRpced10c1e3/s9/4ab7e727-f211-4630-9abd-4e8c8ea4e78f/current/raft-meta.conf.tmp to /home/runner/work/ratis/ratis/ratis-examples/target/test/data/da5193cb/MiniRaftClusterWithSimulatedRpced10c1e3/s9/4ab7e727-f211-4630-9abd-4e8c8ea4e78f/current/raft-meta.conf with options [REPLACE_EXISTING]
2024-12-14 12:23:33,857 TRACE util.FileUtils (LogUtils.java:runAndLog(49)) - Successfully ran Atomic Files.move /home/runner/work/ratis/ratis/ratis-examples/target/test/data/da5193cb/MiniRaftClusterWithSimulatedRpced10c1e3/s7/4ab7e727-f211-4630-9abd-4e8c8ea4e78f/current/raft-meta.conf.tmp to /home/runner/work/ratis/ratis/ratis-examples/target/test/data/da5193cb/MiniRaftClusterWithSimulatedRpced10c1e3/s7/4ab7e727-f211-4630-9abd-4e8c8ea4e78f/current/raft-meta.conf with options [REPLACE_EXISTING]
2024-12-14 12:23:33,857 TRACE util.FileUtils (LogUtils.java:supplyAndLog(69)) - Successfully supplied FileChannel.open /home/runner/work/ratis/ratis/ratis-examples/target/test/data/da5193cb/MiniRaftClusterWithSimulatedRpced10c1e3/s9/4ab7e727-f211-4630-9abd-4e8c8ea4e78f/current/raft-meta.conf.tmp with options [CREATE, WRITE]: sun.nio.ch.FileChannelImpl@4c290c78
2024-12-14 12:23:33,858 TRACE util.FileUtils (LogUtils.java:runAndLog(49)) - Successfully ran Atomic Files.move /home/runner/work/ratis/ratis/ratis-examples/target/test/data/da5193cb/MiniRaftClusterWithSimulatedRpced10c1e3/s6/4ab7e727-f211-4630-9abd-4e8c8ea4e78f/current/raft-meta.conf.tmp to /home/runner/work/ratis/ratis/ratis-examples/target/test/data/da5193cb/MiniRaftClusterWithSimulatedRpced10c1e3/s6/4ab7e727-f211-4630-9abd-4e8c8ea4e78f/current/raft-meta.conf with options [REPLACE_EXISTING]
2024-12-14 12:23:33,858 TRACE util.FileUtils (LogUtils.java:supplyAndLog(69)) - Successfully supplied FileChannel.open /home/runner/work/ratis/ratis/ratis-examples/target/test/data/da5193cb/MiniRaftClusterWithSimulatedRpced10c1e3/s6/4ab7e727-f211-4630-9abd-4e8c8ea4e78f/current/raft-meta.conf.tmp with options [CREATE, WRITE]: sun.nio.ch.FileChannelImpl@36458245
2024-12-14 12:23:33,857 TRACE util.FileUtils (LogUtils.java:supplyAndLog(69)) - Successfully supplied FileChannel.open /home/runner/work/ratis/ratis/ratis-examples/target/test/data/da5193cb/MiniRaftClusterWithSimulatedRpced10c1e3/s7/4ab7e727-f211-4630-9abd-4e8c8ea4e78f/current/raft-meta.conf.tmp with options [CREATE, WRITE]: sun.nio.ch.FileChannelImpl@664a73ef
2024-12-14 12:23:33,859 TRACE util.FileUtils (LogUtils.java:runAndLog(49)) - Successfully ran Atomic Files.move /home/runner/work/ratis/ratis/ratis-examples/target/test/data/da5193cb/MiniRaftClusterWithSimulatedRpced10c1e3/s8/4ab7e727-f211-4630-9abd-4e8c8ea4e78f/current/raft-meta.conf.tmp to /home/runner/work/ratis/ratis/ratis-examples/target/test/data/da5193cb/MiniRaftClusterWithSimulatedRpced10c1e3/s8/4ab7e727-f211-4630-9abd-4e8c8ea4e78f/current/raft-meta.conf with options [REPLACE_EXISTING]
2024-12-14 12:23:33,859 TRACE util.FileUtils (LogUtils.java:supplyAndLog(69)) - Successfully supplied FileChannel.open /home/runner/work/ratis/ratis/ratis-examples/target/test/data/da5193cb/MiniRaftClusterWithSimulatedRpced10c1e3/s8/4ab7e727-f211-4630-9abd-4e8c8ea4e78f/current/raft-meta.conf.tmp with options [CREATE, WRITE]: sun.nio.ch.FileChannelImpl@5be74d80
2024-12-14 12:23:33,859 INFO  statemachine.StateMachine (ArithmeticStateMachine.java:applyTransaction(181)) - LEADER:s3-137: c = √(a^2 + b^2) = 5305
2024-12-14 12:23:33,861 TRACE util.FileUtils (LogUtils.java:runAndLog(49)) - Successfully ran Atomic Files.move /home/runner/work/ratis/ratis/ratis-examples/target/test/data/da5193cb/MiniRaftClusterWithSimulatedRpced10c1e3/s6/4ab7e727-f211-4630-9abd-4e8c8ea4e78f/current/raft-meta.conf.tmp to /home/runner/work/ratis/ratis/ratis-examples/target/test/data/da5193cb/MiniRaftClusterWithSimulatedRpced10c1e3/s6/4ab7e727-f211-4630-9abd-4e8c8ea4e78f/current/raft-meta.conf with options [REPLACE_EXISTING]
2024-12-14 12:23:33,862 TRACE util.FileUtils (LogUtils.java:supplyAndLog(69)) - Successfully supplied FileChannel.open /home/runner/work/ratis/ratis/ratis-examples/target/test/data/da5193cb/MiniRaftClusterWithSimulatedRpced10c1e3/s6/4ab7e727-f211-4630-9abd-4e8c8ea4e78f/current/raft-meta.conf.tmp with options [CREATE, WRITE]: sun.nio.ch.FileChannelImpl@708e7f4f
2024-12-14 12:23:33,859 TRACE util.FileUtils (LogUtils.java:runAndLog(49)) - Successfully ran Atomic Files.move /home/runner/work/ratis/ratis/ratis-examples/target/test/data/da5193cb/MiniRaftClusterWithSimulatedRpced10c1e3/s5/4ab7e727-f211-4630-9abd-4e8c8ea4e78f/current/raft-meta.conf.tmp to /home/runner/work/ratis/ratis/ratis-examples/target/test/data/da5193cb/MiniRaftClusterWithSimulatedRpced10c1e3/s5/4ab7e727-f211-4630-9abd-4e8c8ea4e78f/current/raft-meta.conf with options [REPLACE_EXISTING]
2024-12-14 12:23:33,863 TRACE util.FileUtils (LogUtils.java:supplyAndLog(69)) - Successfully supplied FileChannel.open /home/runner/work/ratis/ratis/ratis-examples/target/test/data/da5193cb/MiniRaftClusterWithSimulatedRpced10c1e3/s5/4ab7e727-f211-4630-9abd-4e8c8ea4e78f/current/raft-meta.conf.tmp with options [CREATE, WRITE]: sun.nio.ch.FileChannelImpl@4795a84f
2024-12-14 12:23:33,862 TRACE util.FileUtils (LogUtils.java:runAndLog(49)) - Successfully ran Atomic Files.move /home/runner/work/ratis/ratis/ratis-examples/target/test/data/da5193cb/MiniRaftClusterWithSimulatedRpced10c1e3/s7/4ab7e727-f211-4630-9abd-4e8c8ea4e78f/current/raft-meta.conf.tmp to /home/runner/work/ratis/ratis/ratis-examples/target/test/data/da5193cb/MiniRaftClusterWithSimulatedRpced10c1e3/s7/4ab7e727-f211-4630-9abd-4e8c8ea4e78f/current/raft-meta.conf with options [REPLACE_EXISTING]
2024-12-14 12:23:33,864 INFO  statemachine.StateMachine (ArithmeticStateMachine.java:applyTransaction(181)) - LEADER:s3-139: a = null = null
2024-12-14 12:23:33,864 TRACE util.FileUtils (LogUtils.java:supplyAndLog(69)) - Successfully supplied FileChannel.open /home/runner/work/ratis/ratis/ratis-examples/target/test/data/da5193cb/MiniRaftClusterWithSimulatedRpced10c1e3/s7/4ab7e727-f211-4630-9abd-4e8c8ea4e78f/current/raft-meta.conf.tmp with options [CREATE, WRITE]: sun.nio.ch.FileChannelImpl@4b4359b6
2024-12-14 12:23:33,866 TRACE util.FileUtils (LogUtils.java:runAndLog(49)) - Successfully ran Atomic Files.move /home/runner/work/ratis/ratis/ratis-examples/target/test/data/da5193cb/MiniRaftClusterWithSimulatedRpced10c1e3/s8/4ab7e727-f211-4630-9abd-4e8c8ea4e78f/current/raft-meta.conf.tmp to /home/runner/work/ratis/ratis/ratis-examples/target/test/data/da5193cb/MiniRaftClusterWithSimulatedRpced10c1e3/s8/4ab7e727-f211-4630-9abd-4e8c8ea4e78f/current/raft-meta.conf with options [REPLACE_EXISTING]
2024-12-14 12:23:33,866 TRACE util.FileUtils (LogUtils.java:supplyAndLog(69)) - Successfully supplied FileChannel.open /home/runner/work/ratis/ratis/ratis-examples/target/test/data/da5193cb/MiniRaftClusterWithSimulatedRpced10c1e3/s8/4ab7e727-f211-4630-9abd-4e8c8ea4e78f/current/raft-meta.conf.tmp with options [CREATE, WRITE]: sun.nio.ch.FileChannelImpl@55763653
2024-12-14 12:23:33,867 TRACE util.FileUtils (LogUtils.java:runAndLog(49)) - Successfully ran Atomic Files.move /home/runner/work/ratis/ratis/ratis-examples/target/test/data/da5193cb/MiniRaftClusterWithSimulatedRpced10c1e3/s4/4ab7e727-f211-4630-9abd-4e8c8ea4e78f/current/raft-meta.conf.tmp to /home/runner/work/ratis/ratis/ratis-examples/target/test/data/da5193cb/MiniRaftClusterWithSimulatedRpced10c1e3/s4/4ab7e727-f211-4630-9abd-4e8c8ea4e78f/current/raft-meta.conf with options [REPLACE_EXISTING]
2024-12-14 12:23:33,868 INFO  statemachine.StateMachine (ArithmeticStateMachine.java:applyTransaction(181)) - LEADER:s3-141: b = null = null
2024-12-14 12:23:33,869 TRACE util.FileUtils (LogUtils.java:runAndLog(49)) - Successfully ran Atomic Files.move /home/runner/work/ratis/ratis/ratis-examples/target/test/data/da5193cb/MiniRaftClusterWithSimulatedRpced10c1e3/s6/4ab7e727-f211-4630-9abd-4e8c8ea4e78f/current/raft-meta.conf.tmp to /home/runner/work/ratis/ratis/ratis-examples/target/test/data/da5193cb/MiniRaftClusterWithSimulatedRpced10c1e3/s6/4ab7e727-f211-4630-9abd-4e8c8ea4e78f/current/raft-meta.conf with options [REPLACE_EXISTING]
2024-12-14 12:23:33,869 TRACE util.FileUtils (LogUtils.java:supplyAndLog(69)) - Successfully supplied FileChannel.open /home/runner/work/ratis/ratis/ratis-examples/target/test/data/da5193cb/MiniRaftClusterWithSimulatedRpced10c1e3/s6/4ab7e727-f211-4630-9abd-4e8c8ea4e78f/current/raft-meta.conf.tmp with options [CREATE, WRITE]: sun.nio.ch.FileChannelImpl@4e247f2f
2024-12-14 12:23:33,869 TRACE util.FileUtils (LogUtils.java:runAndLog(49)) - Successfully ran Atomic Files.move /home/runner/work/ratis/ratis/ratis-examples/target/test/data/da5193cb/MiniRaftClusterWithSimulatedRpced10c1e3/s7/4ab7e727-f211-4630-9abd-4e8c8ea4e78f/current/raft-meta.conf.tmp to /home/runner/work/ratis/ratis/ratis-examples/target/test/data/da5193cb/MiniRaftClusterWithSimulatedRpced10c1e3/s7/4ab7e727-f211-4630-9abd-4e8c8ea4e78f/current/raft-meta.conf with options [REPLACE_EXISTING]
2024-12-14 12:23:33,870 TRACE util.FileUtils (LogUtils.java:supplyAndLog(69)) - Successfully supplied FileChannel.open /home/runner/work/ratis/ratis/ratis-examples/target/test/data/da5193cb/MiniRaftClusterWithSimulatedRpced10c1e3/s7/4ab7e727-f211-4630-9abd-4e8c8ea4e78f/current/raft-meta.conf.tmp with options [CREATE, WRITE]: sun.nio.ch.FileChannelImpl@576630d3
2024-12-14 12:23:33,870 TRACE util.FileUtils (LogUtils.java:runAndLog(49)) - Successfully ran Atomic Files.move /home/runner/work/ratis/ratis/ratis-examples/target/test/data/da5193cb/MiniRaftClusterWithSimulatedRpced10c1e3/s8/4ab7e727-f211-4630-9abd-4e8c8ea4e78f/current/raft-meta.conf.tmp to /home/runner/work/ratis/ratis/ratis-examples/target/test/data/da5193cb/MiniRaftClusterWithSimulatedRpced10c1e3/s8/4ab7e727-f211-4630-9abd-4e8c8ea4e78f/current/raft-meta.conf with options [REPLACE_EXISTING]
2024-12-14 12:23:33,870 TRACE util.FileUtils (LogUtils.java:supplyAndLog(69)) - Successfully supplied FileChannel.open /home/runner/work/ratis/ratis/ratis-examples/target/test/data/da5193cb/MiniRaftClusterWithSimulatedRpced10c1e3/s8/4ab7e727-f211-4630-9abd-4e8c8ea4e78f/current/raft-meta.conf.tmp with options [CREATE, WRITE]: sun.nio.ch.FileChannelImpl@23235006
2024-12-14 12:23:33,871 TRACE util.FileUtils (LogUtils.java:runAndLog(49)) - Successfully ran Atomic Files.move /home/runner/work/ratis/ratis/ratis-examples/target/test/data/da5193cb/MiniRaftClusterWithSimulatedRpced10c1e3/s9/4ab7e727-f211-4630-9abd-4e8c8ea4e78f/current/raft-meta.conf.tmp to /home/runner/work/ratis/ratis/ratis-examples/target/test/data/da5193cb/MiniRaftClusterWithSimulatedRpced10c1e3/s9/4ab7e727-f211-4630-9abd-4e8c8ea4e78f/current/raft-meta.conf with options [REPLACE_EXISTING]
2024-12-14 12:23:33,871 TRACE util.FileUtils (LogUtils.java:supplyAndLog(69)) - Successfully supplied FileChannel.open /home/runner/work/ratis/ratis/ratis-examples/target/test/data/da5193cb/MiniRaftClusterWithSimulatedRpced10c1e3/s9/4ab7e727-f211-4630-9abd-4e8c8ea4e78f/current/raft-meta.conf.tmp with options [CREATE, WRITE]: sun.nio.ch.FileChannelImpl@50a4b404
2024-12-14 12:23:33,871 TRACE util.FileUtils (LogUtils.java:supplyAndLog(69)) - Successfully supplied FileChannel.open /home/runner/work/ratis/ratis/ratis-examples/target/test/data/da5193cb/MiniRaftClusterWithSimulatedRpced10c1e3/s4/4ab7e727-f211-4630-9abd-4e8c8ea4e78f/current/raft-meta.conf.tmp with options [CREATE, WRITE]: sun.nio.ch.FileChannelImpl@301b9aba
2024-12-14 12:23:33,873 INFO  statemachine.StateMachine (ArithmeticStateMachine.java:applyTransaction(181)) - LEADER:s3-143: c = null = null
2024-12-14 12:23:33,873 TRACE util.FileUtils (LogUtils.java:runAndLog(49)) - Successfully ran Atomic Files.move /home/runner/work/ratis/ratis/ratis-examples/target/test/data/da5193cb/MiniRaftClusterWithSimulatedRpced10c1e3/s6/4ab7e727-f211-4630-9abd-4e8c8ea4e78f/current/raft-meta.conf.tmp to /home/runner/work/ratis/ratis/ratis-examples/target/test/data/da5193cb/MiniRaftClusterWithSimulatedRpced10c1e3/s6/4ab7e727-f211-4630-9abd-4e8c8ea4e78f/current/raft-meta.conf with options [REPLACE_EXISTING]
2024-12-14 12:23:33,873 TRACE util.FileUtils (LogUtils.java:runAndLog(49)) - Successfully ran Atomic Files.move /home/runner/work/ratis/ratis/ratis-examples/target/test/data/da5193cb/MiniRaftClusterWithSimulatedRpced10c1e3/s7/4ab7e727-f211-4630-9abd-4e8c8ea4e78f/current/raft-meta.conf.tmp to /home/runner/work/ratis/ratis/ratis-examples/target/test/data/da5193cb/MiniRaftClusterWithSimulatedRpced10c1e3/s7/4ab7e727-f211-4630-9abd-4e8c8ea4e78f/current/raft-meta.conf with options [REPLACE_EXISTING]
2024-12-14 12:23:33,874 TRACE util.FileUtils (LogUtils.java:runAndLog(49)) - Successfully ran Atomic Files.move /home/runner/work/ratis/ratis/ratis-examples/target/test/data/da5193cb/MiniRaftClusterWithSimulatedRpced10c1e3/s8/4ab7e727-f211-4630-9abd-4e8c8ea4e78f/current/raft-meta.conf.tmp to /home/runner/work/ratis/ratis/ratis-examples/target/test/data/da5193cb/MiniRaftClusterWithSimulatedRpced10c1e3/s8/4ab7e727-f211-4630-9abd-4e8c8ea4e78f/current/raft-meta.conf with options [REPLACE_EXISTING]
2024-12-14 12:23:33,874 TRACE util.FileUtils (LogUtils.java:runAndLog(49)) - Successfully ran Atomic Files.move /home/runner/work/ratis/ratis/ratis-examples/target/test/data/da5193cb/MiniRaftClusterWithSimulatedRpced10c1e3/s9/4ab7e727-f211-4630-9abd-4e8c8ea4e78f/current/raft-meta.conf.tmp to /home/runner/work/ratis/ratis/ratis-examples/target/test/data/da5193cb/MiniRaftClusterWithSimulatedRpced10c1e3/s9/4ab7e727-f211-4630-9abd-4e8c8ea4e78f/current/raft-meta.conf with options [REPLACE_EXISTING]
2024-12-14 12:23:33,875 TRACE util.FileUtils (LogUtils.java:supplyAndLog(69)) - Successfully supplied FileChannel.open /home/runner/work/ratis/ratis/ratis-examples/target/test/data/da5193cb/MiniRaftClusterWithSimulatedRpced10c1e3/s9/4ab7e727-f211-4630-9abd-4e8c8ea4e78f/current/raft-meta.conf.tmp with options [CREATE, WRITE]: sun.nio.ch.FileChannelImpl@7daf864d
2024-12-14 12:23:33,875 TRACE util.FileUtils (LogUtils.java:supplyAndLog(69)) - Successfully supplied FileChannel.open /home/runner/work/ratis/ratis/ratis-examples/target/test/data/da5193cb/MiniRaftClusterWithSimulatedRpced10c1e3/s7/4ab7e727-f211-4630-9abd-4e8c8ea4e78f/current/raft-meta.conf.tmp with options [CREATE, WRITE]: sun.nio.ch.FileChannelImpl@33854434
2024-12-14 12:23:33,876 TRACE util.FileUtils (LogUtils.java:runAndLog(49)) - Successfully ran Atomic Files.move /home/runner/work/ratis/ratis/ratis-examples/target/test/data/da5193cb/MiniRaftClusterWithSimulatedRpced10c1e3/s4/4ab7e727-f211-4630-9abd-4e8c8ea4e78f/current/raft-meta.conf.tmp to /home/runner/work/ratis/ratis/ratis-examples/target/test/data/da5193cb/MiniRaftClusterWithSimulatedRpced10c1e3/s4/4ab7e727-f211-4630-9abd-4e8c8ea4e78f/current/raft-meta.conf with options [REPLACE_EXISTING]
2024-12-14 12:23:33,876 TRACE util.FileUtils (LogUtils.java:supplyAndLog(69)) - Successfully supplied FileChannel.open /home/runner/work/ratis/ratis/ratis-examples/target/test/data/da5193cb/MiniRaftClusterWithSimulatedRpced10c1e3/s4/4ab7e727-f211-4630-9abd-4e8c8ea4e78f/current/raft-meta.conf.tmp with options [CREATE, WRITE]: sun.nio.ch.FileChannelImpl@751902dd
2024-12-14 12:23:33,877 INFO  statemachine.StateMachine (ArithmeticStateMachine.java:applyTransaction(181)) - LEADER:s3-145: a = 105 = 105
2024-12-14 12:23:33,878 TRACE util.FileUtils (LogUtils.java:runAndLog(49)) - Successfully ran Atomic Files.move /home/runner/work/ratis/ratis/ratis-examples/target/test/data/da5193cb/MiniRaftClusterWithSimulatedRpced10c1e3/s7/4ab7e727-f211-4630-9abd-4e8c8ea4e78f/current/raft-meta.conf.tmp to /home/runner/work/ratis/ratis/ratis-examples/target/test/data/da5193cb/MiniRaftClusterWithSimulatedRpced10c1e3/s7/4ab7e727-f211-4630-9abd-4e8c8ea4e78f/current/raft-meta.conf with options [REPLACE_EXISTING]
2024-12-14 12:23:33,880 INFO  statemachine.StateMachine (ArithmeticStateMachine.java:applyTransaction(181)) - LEADER:s3-147: b = 5512 = 5512
2024-12-14 12:23:33,882 TRACE util.FileUtils (LogUtils.java:runAndLog(49)) - Successfully ran Atomic Files.move /home/runner/work/ratis/ratis/ratis-examples/target/test/data/da5193cb/MiniRaftClusterWithSimulatedRpced10c1e3/s9/4ab7e727-f211-4630-9abd-4e8c8ea4e78f/current/raft-meta.conf.tmp to /home/runner/work/ratis/ratis/ratis-examples/target/test/data/da5193cb/MiniRaftClusterWithSimulatedRpced10c1e3/s9/4ab7e727-f211-4630-9abd-4e8c8ea4e78f/current/raft-meta.conf with options [REPLACE_EXISTING]
2024-12-14 12:23:33,882 TRACE util.FileUtils (LogUtils.java:supplyAndLog(69)) - Successfully supplied FileChannel.open /home/runner/work/ratis/ratis/ratis-examples/target/test/data/da5193cb/MiniRaftClusterWithSimulatedRpced10c1e3/s9/4ab7e727-f211-4630-9abd-4e8c8ea4e78f/current/raft-meta.conf.tmp with options [CREATE, WRITE]: sun.nio.ch.FileChannelImpl@28c8609a
2024-12-14 12:23:33,884 INFO  statemachine.StateMachine (ArithmeticStateMachine.java:applyTransaction(181)) - LEADER:s3-149: c = √(a^2 + b^2) = 5513
2024-12-14 12:23:33,885 TRACE util.FileUtils (LogUtils.java:runAndLog(49)) - Successfully ran Atomic Files.move /home/runner/work/ratis/ratis/ratis-examples/target/test/data/da5193cb/MiniRaftClusterWithSimulatedRpced10c1e3/s9/4ab7e727-f211-4630-9abd-4e8c8ea4e78f/current/raft-meta.conf.tmp to /home/runner/work/ratis/ratis/ratis-examples/target/test/data/da5193cb/MiniRaftClusterWithSimulatedRpced10c1e3/s9/4ab7e727-f211-4630-9abd-4e8c8ea4e78f/current/raft-meta.conf with options [REPLACE_EXISTING]
2024-12-14 12:23:33,887 INFO  statemachine.StateMachine (ArithmeticStateMachine.java:applyTransaction(181)) - LEADER:s3-151: a = null = null
2024-12-14 12:23:33,888 TRACE util.FileUtils (LogUtils.java:runAndLog(49)) - Successfully ran Atomic Files.move /home/runner/work/ratis/ratis/ratis-examples/target/test/data/da5193cb/MiniRaftClusterWithSimulatedRpced10c1e3/s4/4ab7e727-f211-4630-9abd-4e8c8ea4e78f/current/raft-meta.conf.tmp to /home/runner/work/ratis/ratis/ratis-examples/target/test/data/da5193cb/MiniRaftClusterWithSimulatedRpced10c1e3/s4/4ab7e727-f211-4630-9abd-4e8c8ea4e78f/current/raft-meta.conf with options [REPLACE_EXISTING]
2024-12-14 12:23:33,888 TRACE util.FileUtils (LogUtils.java:supplyAndLog(69)) - Successfully supplied FileChannel.open /home/runner/work/ratis/ratis/ratis-examples/target/test/data/da5193cb/MiniRaftClusterWithSimulatedRpced10c1e3/s4/4ab7e727-f211-4630-9abd-4e8c8ea4e78f/current/raft-meta.conf.tmp with options [CREATE, WRITE]: sun.nio.ch.FileChannelImpl@5051d015
2024-12-14 12:23:33,891 INFO  statemachine.StateMachine (ArithmeticStateMachine.java:applyTransaction(181)) - LEADER:s3-153: b = null = null
2024-12-14 12:23:33,894 INFO  statemachine.StateMachine (ArithmeticStateMachine.java:applyTransaction(181)) - LEADER:s3-155: c = null = null
2024-12-14 12:23:33,898 TRACE util.FileUtils (LogUtils.java:runAndLog(49)) - Successfully ran Atomic Files.move /home/runner/work/ratis/ratis/ratis-examples/target/test/data/da5193cb/MiniRaftClusterWithSimulatedRpced10c1e3/s4/4ab7e727-f211-4630-9abd-4e8c8ea4e78f/current/raft-meta.conf.tmp to /home/runner/work/ratis/ratis/ratis-examples/target/test/data/da5193cb/MiniRaftClusterWithSimulatedRpced10c1e3/s4/4ab7e727-f211-4630-9abd-4e8c8ea4e78f/current/raft-meta.conf with options [REPLACE_EXISTING]
2024-12-14 12:23:33,899 INFO  statemachine.StateMachine (ArithmeticStateMachine.java:applyTransaction(181)) - LEADER:s3-157: a = 107 = 107
2024-12-14 12:23:33,900 TRACE util.FileUtils (LogUtils.java:supplyAndLog(69)) - Successfully supplied FileChannel.open /home/runner/work/ratis/ratis/ratis-examples/target/test/data/da5193cb/MiniRaftClusterWithSimulatedRpced10c1e3/s4/4ab7e727-f211-4630-9abd-4e8c8ea4e78f/current/raft-meta.conf.tmp with options [CREATE, WRITE]: sun.nio.ch.FileChannelImpl@44a691c1
2024-12-14 12:23:33,902 INFO  statemachine.StateMachine (ArithmeticStateMachine.java:applyTransaction(181)) - LEADER:s3-159: b = 5724 = 5724
2024-12-14 12:23:33,904 TRACE util.FileUtils (LogUtils.java:runAndLog(49)) - Successfully ran Atomic Files.move /home/runner/work/ratis/ratis/ratis-examples/target/test/data/da5193cb/MiniRaftClusterWithSimulatedRpced10c1e3/s4/4ab7e727-f211-4630-9abd-4e8c8ea4e78f/current/raft-meta.conf.tmp to /home/runner/work/ratis/ratis/ratis-examples/target/test/data/da5193cb/MiniRaftClusterWithSimulatedRpced10c1e3/s4/4ab7e727-f211-4630-9abd-4e8c8ea4e78f/current/raft-meta.conf with options [REPLACE_EXISTING]
2024-12-14 12:23:33,904 TRACE util.FileUtils (LogUtils.java:supplyAndLog(69)) - Successfully supplied FileChannel.open /home/runner/work/ratis/ratis/ratis-examples/target/test/data/da5193cb/MiniRaftClusterWithSimulatedRpced10c1e3/s4/4ab7e727-f211-4630-9abd-4e8c8ea4e78f/current/raft-meta.conf.tmp with options [CREATE, WRITE]: sun.nio.ch.FileChannelImpl@28041da5
2024-12-14 12:23:33,906 INFO  statemachine.StateMachine (ArithmeticStateMachine.java:applyTransaction(181)) - LEADER:s3-161: c = √(a^2 + b^2) = 5725
2024-12-14 12:23:33,907 TRACE util.FileUtils (LogUtils.java:runAndLog(49)) - Successfully ran Atomic Files.move /home/runner/work/ratis/ratis/ratis-examples/target/test/data/da5193cb/MiniRaftClusterWithSimulatedRpced10c1e3/s4/4ab7e727-f211-4630-9abd-4e8c8ea4e78f/current/raft-meta.conf.tmp to /home/runner/work/ratis/ratis/ratis-examples/target/test/data/da5193cb/MiniRaftClusterWithSimulatedRpced10c1e3/s4/4ab7e727-f211-4630-9abd-4e8c8ea4e78f/current/raft-meta.conf with options [REPLACE_EXISTING]
2024-12-14 12:23:33,909 INFO  statemachine.StateMachine (ArithmeticStateMachine.java:applyTransaction(181)) - LEADER:s3-163: a = null = null
2024-12-14 12:23:33,913 INFO  statemachine.StateMachine (ArithmeticStateMachine.java:applyTransaction(181)) - LEADER:s3-165: b = null = null
2024-12-14 12:23:33,916 INFO  statemachine.StateMachine (ArithmeticStateMachine.java:applyTransaction(181)) - LEADER:s3-167: c = null = null
2024-12-14 12:23:33,920 INFO  statemachine.StateMachine (ArithmeticStateMachine.java:applyTransaction(181)) - LEADER:s3-169: a = 109 = 109
2024-12-14 12:23:33,923 INFO  statemachine.StateMachine (ArithmeticStateMachine.java:applyTransaction(181)) - LEADER:s3-171: b = 5940 = 5940
2024-12-14 12:23:33,927 TRACE util.FileUtils (LogUtils.java:runAndLog(49)) - Successfully ran Atomic Files.move /home/runner/work/ratis/ratis/ratis-examples/target/test/data/da5193cb/MiniRaftClusterWithSimulatedRpced10c1e3/s5/4ab7e727-f211-4630-9abd-4e8c8ea4e78f/current/raft-meta.conf.tmp to /home/runner/work/ratis/ratis/ratis-examples/target/test/data/da5193cb/MiniRaftClusterWithSimulatedRpced10c1e3/s5/4ab7e727-f211-4630-9abd-4e8c8ea4e78f/current/raft-meta.conf with options [REPLACE_EXISTING]
2024-12-14 12:23:33,927 TRACE util.FileUtils (LogUtils.java:supplyAndLog(69)) - Successfully supplied FileChannel.open /home/runner/work/ratis/ratis/ratis-examples/target/test/data/da5193cb/MiniRaftClusterWithSimulatedRpced10c1e3/s5/4ab7e727-f211-4630-9abd-4e8c8ea4e78f/current/raft-meta.conf.tmp with options [CREATE, WRITE]: sun.nio.ch.FileChannelImpl@2973ed9
2024-12-14 12:23:33,928 INFO  statemachine.StateMachine (ArithmeticStateMachine.java:applyTransaction(181)) - LEADER:s3-173: c = √(a^2 + b^2) = 5941
2024-12-14 12:23:33,931 TRACE util.FileUtils (LogUtils.java:runAndLog(49)) - Successfully ran Atomic Files.move /home/runner/work/ratis/ratis/ratis-examples/target/test/data/da5193cb/MiniRaftClusterWithSimulatedRpced10c1e3/s5/4ab7e727-f211-4630-9abd-4e8c8ea4e78f/current/raft-meta.conf.tmp to /home/runner/work/ratis/ratis/ratis-examples/target/test/data/da5193cb/MiniRaftClusterWithSimulatedRpced10c1e3/s5/4ab7e727-f211-4630-9abd-4e8c8ea4e78f/current/raft-meta.conf with options [REPLACE_EXISTING]
2024-12-14 12:23:33,932 INFO  statemachine.StateMachine (ArithmeticStateMachine.java:applyTransaction(181)) - LEADER:s3-175: a = null = null
2024-12-14 12:23:33,933 TRACE util.FileUtils (LogUtils.java:supplyAndLog(69)) - Successfully supplied FileChannel.open /home/runner/work/ratis/ratis/ratis-examples/target/test/data/da5193cb/MiniRaftClusterWithSimulatedRpced10c1e3/s5/4ab7e727-f211-4630-9abd-4e8c8ea4e78f/current/raft-meta.conf.tmp with options [CREATE, WRITE]: sun.nio.ch.FileChannelImpl@21c0618f
2024-12-14 12:23:33,936 INFO  statemachine.StateMachine (ArithmeticStateMachine.java:applyTransaction(181)) - LEADER:s3-177: b = null = null
2024-12-14 12:23:33,936 TRACE util.FileUtils (LogUtils.java:runAndLog(49)) - Successfully ran Atomic Files.move /home/runner/work/ratis/ratis/ratis-examples/target/test/data/da5193cb/MiniRaftClusterWithSimulatedRpced10c1e3/s5/4ab7e727-f211-4630-9abd-4e8c8ea4e78f/current/raft-meta.conf.tmp to /home/runner/work/ratis/ratis/ratis-examples/target/test/data/da5193cb/MiniRaftClusterWithSimulatedRpced10c1e3/s5/4ab7e727-f211-4630-9abd-4e8c8ea4e78f/current/raft-meta.conf with options [REPLACE_EXISTING]
2024-12-14 12:23:33,936 TRACE util.FileUtils (LogUtils.java:supplyAndLog(69)) - Successfully supplied FileChannel.open /home/runner/work/ratis/ratis/ratis-examples/target/test/data/da5193cb/MiniRaftClusterWithSimulatedRpced10c1e3/s5/4ab7e727-f211-4630-9abd-4e8c8ea4e78f/current/raft-meta.conf.tmp with options [CREATE, WRITE]: sun.nio.ch.FileChannelImpl@335f5c71
2024-12-14 12:23:33,940 INFO  statemachine.StateMachine (ArithmeticStateMachine.java:applyTransaction(181)) - LEADER:s3-179: c = null = null
2024-12-14 12:23:33,945 INFO  statemachine.StateMachine (ArithmeticStateMachine.java:applyTransaction(181)) - LEADER:s3-181: a = 111 = 111
2024-12-14 12:23:33,948 TRACE util.FileUtils (LogUtils.java:runAndLog(49)) - Successfully ran Atomic Files.move /home/runner/work/ratis/ratis/ratis-examples/target/test/data/da5193cb/MiniRaftClusterWithSimulatedRpced10c1e3/s5/4ab7e727-f211-4630-9abd-4e8c8ea4e78f/current/raft-meta.conf.tmp to /home/runner/work/ratis/ratis/ratis-examples/target/test/data/da5193cb/MiniRaftClusterWithSimulatedRpced10c1e3/s5/4ab7e727-f211-4630-9abd-4e8c8ea4e78f/current/raft-meta.conf with options [REPLACE_EXISTING]
2024-12-14 12:23:33,948 TRACE util.FileUtils (LogUtils.java:supplyAndLog(69)) - Successfully supplied FileChannel.open /home/runner/work/ratis/ratis/ratis-examples/target/test/data/da5193cb/MiniRaftClusterWithSimulatedRpced10c1e3/s5/4ab7e727-f211-4630-9abd-4e8c8ea4e78f/current/raft-meta.conf.tmp with options [CREATE, WRITE]: sun.nio.ch.FileChannelImpl@59e25d85
2024-12-14 12:23:33,950 INFO  statemachine.StateMachine (ArithmeticStateMachine.java:applyTransaction(181)) - LEADER:s3-183: b = 6160 = 6160
2024-12-14 12:23:33,953 INFO  statemachine.StateMachine (ArithmeticStateMachine.java:applyTransaction(181)) - LEADER:s3-185: c = √(a^2 + b^2) = 6161
2024-12-14 12:23:33,958 TRACE util.FileUtils (LogUtils.java:runAndLog(49)) - Successfully ran Atomic Files.move /home/runner/work/ratis/ratis/ratis-examples/target/test/data/da5193cb/MiniRaftClusterWithSimulatedRpced10c1e3/s5/4ab7e727-f211-4630-9abd-4e8c8ea4e78f/current/raft-meta.conf.tmp to /home/runner/work/ratis/ratis/ratis-examples/target/test/data/da5193cb/MiniRaftClusterWithSimulatedRpced10c1e3/s5/4ab7e727-f211-4630-9abd-4e8c8ea4e78f/current/raft-meta.conf with options [REPLACE_EXISTING]
2024-12-14 12:23:33,959 INFO  statemachine.StateMachine (ArithmeticStateMachine.java:applyTransaction(181)) - LEADER:s3-187: a = null = null
2024-12-14 12:23:33,962 INFO  statemachine.StateMachine (ArithmeticStateMachine.java:applyTransaction(181)) - LEADER:s3-189: b = null = null
2024-12-14 12:23:33,967 INFO  statemachine.StateMachine (ArithmeticStateMachine.java:applyTransaction(181)) - LEADER:s3-191: c = null = null
2024-12-14 12:23:33,971 INFO  statemachine.StateMachine (ArithmeticStateMachine.java:applyTransaction(181)) - LEADER:s3-193: a = 113 = 113
2024-12-14 12:23:33,975 INFO  statemachine.StateMachine (ArithmeticStateMachine.java:applyTransaction(181)) - LEADER:s3-195: b = 6384 = 6384
2024-12-14 12:23:33,980 INFO  statemachine.StateMachine (ArithmeticStateMachine.java:applyTransaction(181)) - LEADER:s3-197: c = √(a^2 + b^2) = 6385
2024-12-14 12:23:33,984 INFO  statemachine.StateMachine (ArithmeticStateMachine.java:applyTransaction(181)) - LEADER:s3-199: a = null = null
2024-12-14 12:23:33,989 INFO  statemachine.StateMachine (ArithmeticStateMachine.java:applyTransaction(181)) - LEADER:s3-201: b = null = null
2024-12-14 12:23:33,994 INFO  statemachine.StateMachine (ArithmeticStateMachine.java:applyTransaction(181)) - LEADER:s3-203: c = null = null
2024-12-14 12:23:33,998 INFO  statemachine.StateMachine (ArithmeticStateMachine.java:applyTransaction(181)) - LEADER:s3-205: a = 115 = 115
2024-12-14 12:23:34,002 INFO  statemachine.StateMachine (ArithmeticStateMachine.java:applyTransaction(181)) - LEADER:s3-207: b = 6612 = 6612
2024-12-14 12:23:34,007 INFO  statemachine.StateMachine (ArithmeticStateMachine.java:applyTransaction(181)) - LEADER:s3-209: c = √(a^2 + b^2) = 6613
2024-12-14 12:23:34,012 INFO  statemachine.StateMachine (ArithmeticStateMachine.java:applyTransaction(181)) - LEADER:s3-211: a = null = null
2024-12-14 12:23:34,017 INFO  statemachine.StateMachine (ArithmeticStateMachine.java:applyTransaction(181)) - LEADER:s3-213: b = null = null
2024-12-14 12:23:34,021 INFO  statemachine.StateMachine (ArithmeticStateMachine.java:applyTransaction(181)) - LEADER:s3-215: c = null = null
2024-12-14 12:23:34,025 INFO  statemachine.StateMachine (ArithmeticStateMachine.java:applyTransaction(181)) - LEADER:s3-217: a = 117 = 117
2024-12-14 12:23:34,032 INFO  statemachine.StateMachine (ArithmeticStateMachine.java:applyTransaction(181)) - LEADER:s3-219: b = 6844 = 6844
2024-12-14 12:23:34,036 INFO  statemachine.StateMachine (ArithmeticStateMachine.java:applyTransaction(181)) - LEADER:s3-221: c = √(a^2 + b^2) = 6845
2024-12-14 12:23:34,040 INFO  statemachine.StateMachine (ArithmeticStateMachine.java:applyTransaction(181)) - LEADER:s3-223: a = null = null
2024-12-14 12:23:34,044 INFO  statemachine.StateMachine (ArithmeticStateMachine.java:applyTransaction(181)) - LEADER:s3-225: b = null = null
2024-12-14 12:23:34,048 INFO  statemachine.StateMachine (ArithmeticStateMachine.java:applyTransaction(181)) - LEADER:s3-227: c = null = null
2024-12-14 12:23:34,052 INFO  statemachine.StateMachine (ArithmeticStateMachine.java:applyTransaction(181)) - LEADER:s3-229: a = 119 = 119
2024-12-14 12:23:34,056 INFO  statemachine.StateMachine (ArithmeticStateMachine.java:applyTransaction(181)) - LEADER:s3-231: b = 7080 = 7080
2024-12-14 12:23:34,060 TRACE util.FileUtils (LogUtils.java:supplyAndLog(69)) - Successfully supplied Files.newInputStream /home/runner/work/ratis/ratis/ratis-examples/target/test/data/da5193cb/MiniRaftClusterWithSimulatedRpced10c1e3/s3/4ab7e727-f211-4630-9abd-4e8c8ea4e78f/current/log_inprogress_0 with options []: sun.nio.ch.ChannelInputStream@dacd2f2
2024-12-14 12:23:34,060 INFO  statemachine.StateMachine (ArithmeticStateMachine.java:applyTransaction(181)) - LEADER:s3-233: c = √(a^2 + b^2) = 7081
2024-12-14 12:23:34,065 INFO  statemachine.StateMachine (ArithmeticStateMachine.java:applyTransaction(181)) - LEADER:s3-235: a = null = null
2024-12-14 12:23:34,070 INFO  statemachine.StateMachine (ArithmeticStateMachine.java:applyTransaction(181)) - LEADER:s3-237: b = null = null
2024-12-14 12:23:34,074 INFO  statemachine.StateMachine (ArithmeticStateMachine.java:applyTransaction(181)) - LEADER:s3-239: c = null = null
2024-12-14 12:23:34,078 INFO  statemachine.StateMachine (ArithmeticStateMachine.java:applyTransaction(181)) - LEADER:s3-241: a = 121 = 121
2024-12-14 12:23:34,082 INFO  statemachine.StateMachine (ArithmeticStateMachine.java:applyTransaction(181)) - LEADER:s3-243: b = 7320 = 7320
2024-12-14 12:23:34,087 INFO  statemachine.StateMachine (ArithmeticStateMachine.java:applyTransaction(181)) - LEADER:s3-245: c = √(a^2 + b^2) = 7321
2024-12-14 12:23:34,090 INFO  statemachine.StateMachine (ArithmeticStateMachine.java:applyTransaction(181)) - LEADER:s3-247: a = null = null
2024-12-14 12:23:34,095 INFO  statemachine.StateMachine (ArithmeticStateMachine.java:applyTransaction(181)) - LEADER:s3-249: b = null = null
2024-12-14 12:23:34,098 INFO  statemachine.StateMachine (ArithmeticStateMachine.java:applyTransaction(181)) - LEADER:s3-251: c = null = null
2024-12-14 12:23:34,099 INFO  impl.GroupManagementBaseTest (GroupManagementBaseTest.java:runMultiGroupTest(338)) - update groups: printing ALL groups
  s3:  RUNNING [
   FOLLOWER s3@group-E0CF8C87AB81:t0, leader=null, voted=, raftlog=Memoized:s3@group-E0CF8C87AB81-SegmentedRaftLog:OPENED:c-1:lastnull, conf=conf: {index: -1, cur=peers:[]|listeners:[], old=null} STARTING
     LEADER s3@group-4E8C8EA4E78F:t1, leader=s3, voted=s3, raftlog=Memoized:s3@group-4E8C8EA4E78F-SegmentedRaftLog:OPENED:c251:last(t:1, i:251), conf=conf: {index: 131, cur=peers:[s3, s4, s5, s6, s7, s8, s9, s11, s10, s13, s12, s14, s0, s1, s2]|listeners:[], old=null} RUNNING] size=2
  s4:  RUNNING [
   FOLLOWER s4@group-E0CF8C87AB81:t0, leader=null, voted=, raftlog=Memoized:s4@group-E0CF8C87AB81-SegmentedRaftLog:OPENED:c-1:lastnull, conf=conf: {index: -1, cur=peers:[]|listeners:[], old=null} STARTING
   FOLLOWER s4@group-4E8C8EA4E78F:t1, leader=s3, voted=null, raftlog=Memoized:s4@group-4E8C8EA4E78F-SegmentedRaftLog:OPENED:c249:last(t:1, i:251), conf=conf: {index: 131, cur=peers:[s3|, s4|, s5|, s6|, s7|, s8|, s9|, s11|, s10|, s13|, s12|, s14|, s0|, s1|, s2|]|listeners:[], old=null} RUNNING] size=2
  s5:  RUNNING [
   FOLLOWER s5@group-E0CF8C87AB81:t0, leader=null, voted=, raftlog=Memoized:s5@group-E0CF8C87AB81-SegmentedRaftLog:OPENED:c-1:lastnull, conf=conf: {index: -1, cur=peers:[]|listeners:[], old=null} STARTING
   FOLLOWER s5@group-4E8C8EA4E78F:t1, leader=s3, voted=null, raftlog=Memoized:s5@group-4E8C8EA4E78F-SegmentedRaftLog:OPENED:c249:last(t:1, i:251), conf=conf: {index: 131, cur=peers:[s3|, s4|, s5|, s6|, s7|, s8|, s9|, s11|, s10|, s13|, s12|, s14|, s0|, s1|, s2|]|listeners:[], old=null} RUNNING] size=2
  s6:  RUNNING [
   FOLLOWER s6@group-E0CF8C87AB81:t0, leader=null, voted=, raftlog=Memoized:s6@group-E0CF8C87AB81-SegmentedRaftLog:OPENED:c-1:lastnull, conf=conf: {index: -1, cur=peers:[]|listeners:[], old=null} STARTING
   FOLLOWER s6@group-4E8C8EA4E78F:t1, leader=s3, voted=null, raftlog=Memoized:s6@group-4E8C8EA4E78F-SegmentedRaftLog:OPENED:c249:last(t:1, i:251), conf=conf: {index: 131, cur=peers:[s3|, s4|, s5|, s6|, s7|, s8|, s9|, s11|, s10|, s13|, s12|, s14|, s0|, s1|, s2|]|listeners:[], old=null} RUNNING] size=2
  s7:  RUNNING [
   FOLLOWER s7@group-E0CF8C87AB81:t0, leader=null, voted=, raftlog=Memoized:s7@group-E0CF8C87AB81-SegmentedRaftLog:OPENED:c-1:lastnull, conf=conf: {index: -1, cur=peers:[]|listeners:[], old=null} STARTING
   FOLLOWER s7@group-4E8C8EA4E78F:t1, leader=s3, voted=null, raftlog=Memoized:s7@group-4E8C8EA4E78F-SegmentedRaftLog:OPENED:c249:last(t:1, i:251), conf=conf: {index: 131, cur=peers:[s3|, s4|, s5|, s6|, s7|, s8|, s9|, s11|, s10|, s13|, s12|, s14|, s0|, s1|, s2|]|listeners:[], old=null} RUNNING] size=2
  s8:  RUNNING [
   FOLLOWER s8@group-E0CF8C87AB81:t0, leader=null, voted=, raftlog=Memoized:s8@group-E0CF8C87AB81-SegmentedRaftLog:OPENED:c-1:lastnull, conf=conf: {index: -1, cur=peers:[]|listeners:[], old=null} STARTING
   FOLLOWER s8@group-4E8C8EA4E78F:t1, leader=s3, voted=null, raftlog=Memoized:s8@group-4E8C8EA4E78F-SegmentedRaftLog:OPENED:c249:last(t:1, i:251), conf=conf: {index: 131, cur=peers:[s3|, s4|, s5|, s6|, s7|, s8|, s9|, s11|, s10|, s13|, s12|, s14|, s0|, s1|, s2|]|listeners:[], old=null} RUNNING] size=2
  s9:  RUNNING [
   FOLLOWER s9@group-E0CF8C87AB81:t0, leader=null, voted=, raftlog=Memoized:s9@group-E0CF8C87AB81-SegmentedRaftLog:OPENED:c-1:lastnull, conf=conf: {index: -1, cur=peers:[]|listeners:[], old=null} STARTING
   FOLLOWER s9@group-4E8C8EA4E78F:t1, leader=s3, voted=null, raftlog=Memoized:s9@group-4E8C8EA4E78F-SegmentedRaftLog:OPENED:c249:last(t:1, i:251), conf=conf: {index: 131, cur=peers:[s3|, s4|, s5|, s6|, s7|, s8|, s9|, s11|, s10|, s13|, s12|, s14|, s0|, s1|, s2|]|listeners:[], old=null} RUNNING] size=2
  s11:  RUNNING [
   FOLLOWER s11@group-E0CF8C87AB81:t0, leader=null, voted=, raftlog=Memoized:s11@group-E0CF8C87AB81-SegmentedRaftLog:OPENED:c-1:lastnull, conf=conf: {index: -1, cur=peers:[]|listeners:[], old=null} STARTING
   FOLLOWER s11@group-4E8C8EA4E78F:t1, leader=s3, voted=null, raftlog=Memoized:s11@group-4E8C8EA4E78F-SegmentedRaftLog:OPENED:c249:last(t:1, i:251), conf=conf: {index: 131, cur=peers:[s3|, s4|, s5|, s6|, s7|, s8|, s9|, s11|, s10|, s13|, s12|, s14|, s0|, s1|, s2|]|listeners:[], old=null} RUNNING] size=2
  s10:  RUNNING [
   FOLLOWER s10@group-E0CF8C87AB81:t0, leader=null, voted=, raftlog=Memoized:s10@group-E0CF8C87AB81-SegmentedRaftLog:OPENED:c-1:lastnull, conf=conf: {index: -1, cur=peers:[]|listeners:[], old=null} STARTING
   FOLLOWER s10@group-4E8C8EA4E78F:t1, leader=s3, voted=null, raftlog=Memoized:s10@group-4E8C8EA4E78F-SegmentedRaftLog:OPENED:c217:last(t:1, i:218), conf=conf: {index: 131, cur=peers:[s3|, s4|, s5|, s6|, s7|, s8|, s9|, s11|, s10|, s13|, s12|, s14|, s0|, s1|, s2|]|listeners:[], old=null} RUNNING] size=2
  s13:  RUNNING [
   FOLLOWER s13@group-E0CF8C87AB81:t0, leader=null, voted=, raftlog=Memoized:s13@group-E0CF8C87AB81-SegmentedRaftLog:OPENED:c-1:lastnull, conf=conf: {index: -1, cur=peers:[]|listeners:[], old=null} STARTING
   FOLLOWER s13@group-4E8C8EA4E78F:t1, leader=s3, voted=null, raftlog=Memoized:s13@group-4E8C8EA4E78F-SegmentedRaftLog:OPENED:c249:last(t:1, i:251), conf=conf: {index: 131, cur=peers:[s3|, s4|, s5|, s6|, s7|, s8|, s9|, s11|, s10|, s13|, s12|, s14|, s0|, s1|, s2|]|listeners:[], old=null} RUNNING] size=2
  s12:  RUNNING [
   FOLLOWER s12@group-E0CF8C87AB81:t0, leader=null, voted=, raftlog=Memoized:s12@group-E0CF8C87AB81-SegmentedRaftLog:OPENED:c-1:lastnull, conf=conf: {index: -1, cur=peers:[]|listeners:[], old=null} STARTING
   FOLLOWER s12@group-4E8C8EA4E78F:t1, leader=s3, voted=null, raftlog=Memoized:s12@group-4E8C8EA4E78F-SegmentedRaftLog:OPENED:c249:last(t:1, i:251), conf=conf: {index: 131, cur=peers:[s3|, s4|, s5|, s6|, s7|, s8|, s9|, s11|, s10|, s13|, s12|, s14|, s0|, s1|, s2|]|listeners:[], old=null} RUNNING] size=2
  s14:  RUNNING [
   FOLLOWER s14@group-E0CF8C87AB81:t0, leader=null, voted=, raftlog=Memoized:s14@group-E0CF8C87AB81-SegmentedRaftLog:OPENED:c-1:lastnull, conf=conf: {index: -1, cur=peers:[]|listeners:[], old=null} STARTING
   FOLLOWER s14@group-4E8C8EA4E78F:t1, leader=s3, voted=s3, raftlog=Memoized:s14@group-4E8C8EA4E78F-SegmentedRaftLog:OPENED:c249:last(t:1, i:251), conf=conf: {index: 131, cur=peers:[s3|, s4|, s5|, s6|, s7|, s8|, s9|, s11|, s10|, s13|, s12|, s14|, s0|, s1|, s2|]|listeners:[], old=null} RUNNING] size=2
  s0:  RUNNING [
   FOLLOWER s0@group-E0CF8C87AB81:t0, leader=null, voted=, raftlog=Memoized:s0@group-E0CF8C87AB81-SegmentedRaftLog:OPENED:c-1:lastnull, conf=conf: {index: -1, cur=peers:[]|listeners:[], old=null} STARTING
   FOLLOWER s0@group-4E8C8EA4E78F:t1, leader=s3, voted=null, raftlog=Memoized:s0@group-4E8C8EA4E78F-SegmentedRaftLog:OPENED:c249:last(t:1, i:251), conf=conf: {index: 131, cur=peers:[s3|, s4|, s5|, s6|, s7|, s8|, s9|, s11|, s10|, s13|, s12|, s14|, s0|, s1|, s2|]|listeners:[], old=null} RUNNING] size=2
  s1:  RUNNING [
   FOLLOWER s1@group-E0CF8C87AB81:t0, leader=null, voted=, raftlog=Memoized:s1@group-E0CF8C87AB81-SegmentedRaftLog:OPENED:c-1:lastnull, conf=conf: {index: -1, cur=peers:[]|listeners:[], old=null} STARTING
   FOLLOWER s1@group-4E8C8EA4E78F:t1, leader=s3, voted=null, raftlog=Memoized:s1@group-4E8C8EA4E78F-SegmentedRaftLog:OPENED:c217:last(t:1, i:218), conf=conf: {index: 131, cur=peers:[s3|, s4|, s5|, s6|, s7|, s8|, s9|, s11|, s10|, s13|, s12|, s14|, s0|, s1|, s2|]|listeners:[], old=null} RUNNING] size=2
  s2:  RUNNING [
   FOLLOWER s2@group-E0CF8C87AB81:t0, leader=null, voted=, raftlog=Memoized:s2@group-E0CF8C87AB81-SegmentedRaftLog:OPENED:c-1:lastnull, conf=conf: {index: -1, cur=peers:[]|listeners:[], old=null} STARTING
   FOLLOWER s2@group-4E8C8EA4E78F:t1, leader=s3, voted=s3, raftlog=Memoized:s2@group-4E8C8EA4E78F-SegmentedRaftLog:OPENED:c217:last(t:1, i:218), conf=conf: {index: 131, cur=peers:[s3|, s4|, s5|, s6|, s7|, s8|, s9|, s11|, s10|, s13|, s12|, s14|, s0|, s1|, s2|]|listeners:[], old=null} RUNNING] size=2
| MiniRaftClusterWithSimulatedRpc[3, 6, 9, 12, 15]chosen=2 | update groups | 321 |
2024-12-14 12:23:34,101 INFO  impl.MiniRaftCluster (MiniRaftCluster.java:shutdown(847)) - ************************************************************** 
2024-12-14 12:23:34,102 INFO  impl.MiniRaftCluster (MiniRaftCluster.java:shutdown(848)) - *** 
2024-12-14 12:23:34,102 INFO  impl.MiniRaftCluster (MiniRaftCluster.java:shutdown(849)) - ***     Stopping MiniRaftClusterWithSimulatedRpc
2024-12-14 12:23:34,102 INFO  impl.MiniRaftCluster (MiniRaftCluster.java:shutdown(850)) - *** 
2024-12-14 12:23:34,102 INFO  impl.MiniRaftCluster (MiniRaftCluster.java:shutdown(851)) - ************************************************************** 
2024-12-14 12:23:34,102 INFO  impl.MiniRaftCluster (MiniRaftCluster.java:shutdown(852)) - printing ALL groups
  s3:  RUNNING [
   FOLLOWER s3@group-E0CF8C87AB81:t0, leader=null, voted=, raftlog=Memoized:s3@group-E0CF8C87AB81-SegmentedRaftLog:OPENED:c-1:lastnull, conf=conf: {index: -1, cur=peers:[]|listeners:[], old=null} STARTING
     LEADER s3@group-4E8C8EA4E78F:t1, leader=s3, voted=s3, raftlog=Memoized:s3@group-4E8C8EA4E78F-SegmentedRaftLog:OPENED:c251:last(t:1, i:251), conf=conf: {index: 131, cur=peers:[s3, s4, s5, s6, s7, s8, s9, s11, s10, s13, s12, s14, s0, s1, s2]|listeners:[], old=null} RUNNING] size=2
  s4:  RUNNING [
   FOLLOWER s4@group-E0CF8C87AB81:t0, leader=null, voted=, raftlog=Memoized:s4@group-E0CF8C87AB81-SegmentedRaftLog:OPENED:c-1:lastnull, conf=conf: {index: -1, cur=peers:[]|listeners:[], old=null} STARTING
   FOLLOWER s4@group-4E8C8EA4E78F:t1, leader=s3, voted=null, raftlog=Memoized:s4@group-4E8C8EA4E78F-SegmentedRaftLog:OPENED:c249:last(t:1, i:251), conf=conf: {index: 131, cur=peers:[s3|, s4|, s5|, s6|, s7|, s8|, s9|, s11|, s10|, s13|, s12|, s14|, s0|, s1|, s2|]|listeners:[], old=null} RUNNING] size=2
  s5:  RUNNING [
   FOLLOWER s5@group-E0CF8C87AB81:t0, leader=null, voted=, raftlog=Memoized:s5@group-E0CF8C87AB81-SegmentedRaftLog:OPENED:c-1:lastnull, conf=conf: {index: -1, cur=peers:[]|listeners:[], old=null} STARTING
   FOLLOWER s5@group-4E8C8EA4E78F:t1, leader=s3, voted=null, raftlog=Memoized:s5@group-4E8C8EA4E78F-SegmentedRaftLog:OPENED:c249:last(t:1, i:251), conf=conf: {index: 131, cur=peers:[s3|, s4|, s5|, s6|, s7|, s8|, s9|, s11|, s10|, s13|, s12|, s14|, s0|, s1|, s2|]|listeners:[], old=null} RUNNING] size=2
  s6:  RUNNING [
   FOLLOWER s6@group-E0CF8C87AB81:t0, leader=null, voted=, raftlog=Memoized:s6@group-E0CF8C87AB81-SegmentedRaftLog:OPENED:c-1:lastnull, conf=conf: {index: -1, cur=peers:[]|listeners:[], old=null} STARTING
   FOLLOWER s6@group-4E8C8EA4E78F:t1, leader=s3, voted=null, raftlog=Memoized:s6@group-4E8C8EA4E78F-SegmentedRaftLog:OPENED:c249:last(t:1, i:251), conf=conf: {index: 131, cur=peers:[s3|, s4|, s5|, s6|, s7|, s8|, s9|, s11|, s10|, s13|, s12|, s14|, s0|, s1|, s2|]|listeners:[], old=null} RUNNING] size=2
  s7:  RUNNING [
   FOLLOWER s7@group-E0CF8C87AB81:t0, leader=null, voted=, raftlog=Memoized:s7@group-E0CF8C87AB81-SegmentedRaftLog:OPENED:c-1:lastnull, conf=conf: {index: -1, cur=peers:[]|listeners:[], old=null} STARTING
   FOLLOWER s7@group-4E8C8EA4E78F:t1, leader=s3, voted=null, raftlog=Memoized:s7@group-4E8C8EA4E78F-SegmentedRaftLog:OPENED:c249:last(t:1, i:251), conf=conf: {index: 131, cur=peers:[s3|, s4|, s5|, s6|, s7|, s8|, s9|, s11|, s10|, s13|, s12|, s14|, s0|, s1|, s2|]|listeners:[], old=null} RUNNING] size=2
  s8:  RUNNING [
   FOLLOWER s8@group-E0CF8C87AB81:t0, leader=null, voted=, raftlog=Memoized:s8@group-E0CF8C87AB81-SegmentedRaftLog:OPENED:c-1:lastnull, conf=conf: {index: -1, cur=peers:[]|listeners:[], old=null} STARTING
   FOLLOWER s8@group-4E8C8EA4E78F:t1, leader=s3, voted=null, raftlog=Memoized:s8@group-4E8C8EA4E78F-SegmentedRaftLog:OPENED:c249:last(t:1, i:251), conf=conf: {index: 131, cur=peers:[s3|, s4|, s5|, s6|, s7|, s8|, s9|, s11|, s10|, s13|, s12|, s14|, s0|, s1|, s2|]|listeners:[], old=null} RUNNING] size=2
  s9:  RUNNING [
   FOLLOWER s9@group-E0CF8C87AB81:t0, leader=null, voted=, raftlog=Memoized:s9@group-E0CF8C87AB81-SegmentedRaftLog:OPENED:c-1:lastnull, conf=conf: {index: -1, cur=peers:[]|listeners:[], old=null} STARTING
   FOLLOWER s9@group-4E8C8EA4E78F:t1, leader=s3, voted=null, raftlog=Memoized:s9@group-4E8C8EA4E78F-SegmentedRaftLog:OPENED:c249:last(t:1, i:251), conf=conf: {index: 131, cur=peers:[s3|, s4|, s5|, s6|, s7|, s8|, s9|, s11|, s10|, s13|, s12|, s14|, s0|, s1|, s2|]|listeners:[], old=null} RUNNING] size=2
  s11:  RUNNING [
   FOLLOWER s11@group-E0CF8C87AB81:t0, leader=null, voted=, raftlog=Memoized:s11@group-E0CF8C87AB81-SegmentedRaftLog:OPENED:c-1:lastnull, conf=conf: {index: -1, cur=peers:[]|listeners:[], old=null} STARTING
   FOLLOWER s11@group-4E8C8EA4E78F:t1, leader=s3, voted=null, raftlog=Memoized:s11@group-4E8C8EA4E78F-SegmentedRaftLog:OPENED:c249:last(t:1, i:251), conf=conf: {index: 131, cur=peers:[s3|, s4|, s5|, s6|, s7|, s8|, s9|, s11|, s10|, s13|, s12|, s14|, s0|, s1|, s2|]|listeners:[], old=null} RUNNING] size=2
  s10:  RUNNING [
   FOLLOWER s10@group-E0CF8C87AB81:t0, leader=null, voted=, raftlog=Memoized:s10@group-E0CF8C87AB81-SegmentedRaftLog:OPENED:c-1:lastnull, conf=conf: {index: -1, cur=peers:[]|listeners:[], old=null} STARTING
   FOLLOWER s10@group-4E8C8EA4E78F:t1, leader=s3, voted=null, raftlog=Memoized:s10@group-4E8C8EA4E78F-SegmentedRaftLog:OPENED:c217:last(t:1, i:218), conf=conf: {index: 131, cur=peers:[s3|, s4|, s5|, s6|, s7|, s8|, s9|, s11|, s10|, s13|, s12|, s14|, s0|, s1|, s2|]|listeners:[], old=null} RUNNING] size=2
  s13:  RUNNING [
   FOLLOWER s13@group-E0CF8C87AB81:t0, leader=null, voted=, raftlog=Memoized:s13@group-E0CF8C87AB81-SegmentedRaftLog:OPENED:c-1:lastnull, conf=conf: {index: -1, cur=peers:[]|listeners:[], old=null} STARTING
   FOLLOWER s13@group-4E8C8EA4E78F:t1, leader=s3, voted=null, raftlog=Memoized:s13@group-4E8C8EA4E78F-SegmentedRaftLog:OPENED:c249:last(t:1, i:251), conf=conf: {index: 131, cur=peers:[s3|, s4|, s5|, s6|, s7|, s8|, s9|, s11|, s10|, s13|, s12|, s14|, s0|, s1|, s2|]|listeners:[], old=null} RUNNING] size=2
  s12:  RUNNING [
   FOLLOWER s12@group-E0CF8C87AB81:t0, leader=null, voted=, raftlog=Memoized:s12@group-E0CF8C87AB81-SegmentedRaftLog:OPENED:c-1:lastnull, conf=conf: {index: -1, cur=peers:[]|listeners:[], old=null} STARTING
   FOLLOWER s12@group-4E8C8EA4E78F:t1, leader=s3, voted=null, raftlog=Memoized:s12@group-4E8C8EA4E78F-SegmentedRaftLog:OPENED:c249:last(t:1, i:251), conf=conf: {index: 131, cur=peers:[s3|, s4|, s5|, s6|, s7|, s8|, s9|, s11|, s10|, s13|, s12|, s14|, s0|, s1|, s2|]|listeners:[], old=null} RUNNING] size=2
  s14:  RUNNING [
   FOLLOWER s14@group-E0CF8C87AB81:t0, leader=null, voted=, raftlog=Memoized:s14@group-E0CF8C87AB81-SegmentedRaftLog:OPENED:c-1:lastnull, conf=conf: {index: -1, cur=peers:[]|listeners:[], old=null} STARTING
   FOLLOWER s14@group-4E8C8EA4E78F:t1, leader=s3, voted=s3, raftlog=Memoized:s14@group-4E8C8EA4E78F-SegmentedRaftLog:OPENED:c249:last(t:1, i:251), conf=conf: {index: 131, cur=peers:[s3|, s4|, s5|, s6|, s7|, s8|, s9|, s11|, s10|, s13|, s12|, s14|, s0|, s1|, s2|]|listeners:[], old=null} RUNNING] size=2
  s0:  RUNNING [
   FOLLOWER s0@group-E0CF8C87AB81:t0, leader=null, voted=, raftlog=Memoized:s0@group-E0CF8C87AB81-SegmentedRaftLog:OPENED:c-1:lastnull, conf=conf: {index: -1, cur=peers:[]|listeners:[], old=null} STARTING
   FOLLOWER s0@group-4E8C8EA4E78F:t1, leader=s3, voted=null, raftlog=Memoized:s0@group-4E8C8EA4E78F-SegmentedRaftLog:OPENED:c249:last(t:1, i:251), conf=conf: {index: 131, cur=peers:[s3|, s4|, s5|, s6|, s7|, s8|, s9|, s11|, s10|, s13|, s12|, s14|, s0|, s1|, s2|]|listeners:[], old=null} RUNNING] size=2
  s1:  RUNNING [
   FOLLOWER s1@group-E0CF8C87AB81:t0, leader=null, voted=, raftlog=Memoized:s1@group-E0CF8C87AB81-SegmentedRaftLog:OPENED:c-1:lastnull, conf=conf: {index: -1, cur=peers:[]|listeners:[], old=null} STARTING
   FOLLOWER s1@group-4E8C8EA4E78F:t1, leader=s3, voted=null, raftlog=Memoized:s1@group-4E8C8EA4E78F-SegmentedRaftLog:OPENED:c217:last(t:1, i:218), conf=conf: {index: 131, cur=peers:[s3|, s4|, s5|, s6|, s7|, s8|, s9|, s11|, s10|, s13|, s12|, s14|, s0|, s1|, s2|]|listeners:[], old=null} RUNNING] size=2
  s2:  RUNNING [
   FOLLOWER s2@group-E0CF8C87AB81:t0, leader=null, voted=, raftlog=Memoized:s2@group-E0CF8C87AB81-SegmentedRaftLog:OPENED:c-1:lastnull, conf=conf: {index: -1, cur=peers:[]|listeners:[], old=null} STARTING
   FOLLOWER s2@group-4E8C8EA4E78F:t1, leader=s3, voted=s3, raftlog=Memoized:s2@group-4E8C8EA4E78F-SegmentedRaftLog:OPENED:c217:last(t:1, i:218), conf=conf: {index: 131, cur=peers:[s3|, s4|, s5|, s6|, s7|, s8|, s9|, s11|, s10|, s13|, s12|, s14|, s0|, s1|, s2|]|listeners:[], old=null} RUNNING] size=2
2024-12-14 12:23:34,105 INFO  server.RaftServer (RaftServerProxy.java:lambda$close$9(418)) - s3: close
2024-12-14 12:23:34,106 INFO  server.RaftServer (RaftServerProxy.java:lambda$close$9(418)) - s1: close
2024-12-14 12:23:34,106 INFO  server.RaftServer (RaftServerProxy.java:lambda$close$9(418)) - s0: close
2024-12-14 12:23:34,115 INFO  server.RaftServer$Division (RaftServerImpl.java:lambda$close$1(514)) - s1@group-E0CF8C87AB81: shutdown
2024-12-14 12:23:34,115 INFO  util.JmxRegister (JmxRegister.java:unregister(74)) - Successfully un-registered JMX Bean with object name Ratis:service=RaftServer,group=group-E0CF8C87AB81,id=s1
2024-12-14 12:23:34,115 INFO  impl.StateMachineUpdater (StateMachineUpdater.java:stopAndJoin(164)) - s1@group-E0CF8C87AB81-StateMachineUpdater: set stopIndex = -1
2024-12-14 12:23:34,115 INFO  simulation.RequestHandler (RequestHandler.java:run(127)) - s1.clientHandler0 is interrupted by java.io.InterruptedIOException: 
2024-12-14 12:23:34,106 INFO  server.RaftServer (RaftServerProxy.java:lambda$close$9(418)) - s14: close
2024-12-14 12:23:34,106 INFO  server.RaftServer (RaftServerProxy.java:lambda$close$9(418)) - s12: close
2024-12-14 12:23:34,106 INFO  server.RaftServer (RaftServerProxy.java:lambda$close$9(418)) - s13: close
2024-12-14 12:23:34,106 INFO  server.RaftServer (RaftServerProxy.java:lambda$close$9(418)) - s10: close
2024-12-14 12:23:34,116 INFO  simulation.RequestHandler (RequestHandler.java:run(127)) - s0.clientHandler0 is interrupted by java.io.InterruptedIOException: 
2024-12-14 12:23:34,106 INFO  server.RaftServer (RaftServerProxy.java:lambda$close$9(418)) - s11: close
2024-12-14 12:23:34,106 INFO  server.RaftServer (RaftServerProxy.java:lambda$close$9(418)) - s9: close
2024-12-14 12:23:34,116 INFO  server.RaftServer$Division (RaftServerImpl.java:lambda$close$1(514)) - s9@group-E0CF8C87AB81: shutdown
2024-12-14 12:23:34,116 INFO  util.JmxRegister (JmxRegister.java:unregister(74)) - Successfully un-registered JMX Bean with object name Ratis:service=RaftServer,group=group-E0CF8C87AB81,id=s9
2024-12-14 12:23:34,116 INFO  server.RaftServer$Division (RaftServerImpl.java:lambda$close$1(514)) - s13@group-E0CF8C87AB81: shutdown
2024-12-14 12:23:34,116 INFO  simulation.RequestHandler (RequestHandler.java:run(127)) - s9.clientHandler1 is interrupted by java.io.InterruptedIOException: 
2024-12-14 12:23:34,116 INFO  simulation.RequestHandler (RequestHandler.java:run(127)) - s9.clientHandler2 is interrupted by java.io.InterruptedIOException: 
2024-12-14 12:23:34,116 INFO  simulation.RequestHandler (RequestHandler.java:run(127)) - s0.clientHandler1 is interrupted by java.io.InterruptedIOException: 
2024-12-14 12:23:34,117 INFO  simulation.RequestHandler (RequestHandler.java:run(127)) - s0.clientHandler2 is interrupted by java.io.InterruptedIOException: 
2024-12-14 12:23:34,117 INFO  server.RaftServer$Division (RaftServerImpl.java:lambda$close$1(514)) - s9@group-4E8C8EA4E78F: shutdown
2024-12-14 12:23:34,117 INFO  util.JmxRegister (JmxRegister.java:unregister(74)) - Successfully un-registered JMX Bean with object name Ratis:service=RaftServer,group=group-4E8C8EA4E78F,id=s9
2024-12-14 12:23:34,117 INFO  impl.RoleInfo (RoleInfo.java:shutdownFollowerState(121)) - s9: shutdown s9@group-4E8C8EA4E78F-FollowerState
2024-12-14 12:23:34,117 INFO  impl.StateMachineUpdater (StateMachineUpdater.java:stop(141)) - s9@group-4E8C8EA4E78F-StateMachineUpdater: closing ArithmeticStateMachine, lastApplied=(t:1, i:251)
2024-12-14 12:23:34,117 INFO  impl.StateMachineUpdater (StateMachineUpdater.java:stopAndJoin(164)) - s9@group-4E8C8EA4E78F-StateMachineUpdater: set stopIndex = 251
2024-12-14 12:23:34,117 INFO  raftlog.RaftLog (SegmentedRaftLog.java:close(568)) - Start closing s9@group-4E8C8EA4E78F-SegmentedRaftLog:OPENED:c251:last(t:1, i:252)
2024-12-14 12:23:34,121 INFO  simulation.RequestHandler (RequestHandler.java:run(127)) - s1.clientHandler1 is interrupted by java.io.InterruptedIOException: 
2024-12-14 12:23:34,121 INFO  impl.FollowerState (FollowerState.java:runImpl(170)) - s9@group-4E8C8EA4E78F-FollowerState was interrupted
2024-12-14 12:23:34,106 INFO  server.RaftServer (RaftServerProxy.java:lambda$close$9(418)) - s8: close
2024-12-14 12:23:34,124 INFO  server.RaftServer$Division (RaftServerImpl.java:lambda$close$1(514)) - s12@group-E0CF8C87AB81: shutdown
2024-12-14 12:23:34,106 INFO  server.RaftServer (RaftServerProxy.java:lambda$close$9(418)) - s7: close
2024-12-14 12:23:34,125 INFO  simulation.RequestHandler (RequestHandler.java:run(127)) - s12.clientHandler0 is interrupted by java.io.InterruptedIOException: 
2024-12-14 12:23:34,125 INFO  simulation.RequestHandler (RequestHandler.java:run(127)) - s12.clientHandler1 is interrupted by java.io.InterruptedIOException: 
2024-12-14 12:23:34,125 INFO  server.RaftServer$Division (RaftServerImpl.java:lambda$close$1(514)) - s0@group-4E8C8EA4E78F: shutdown
2024-12-14 12:23:34,125 INFO  util.JmxRegister (JmxRegister.java:unregister(74)) - Successfully un-registered JMX Bean with object name Ratis:service=RaftServer,group=group-4E8C8EA4E78F,id=s0
2024-12-14 12:23:34,125 INFO  impl.RoleInfo (RoleInfo.java:shutdownFollowerState(121)) - s0: shutdown s0@group-4E8C8EA4E78F-FollowerState
2024-12-14 12:23:34,125 INFO  impl.StateMachineUpdater (StateMachineUpdater.java:stop(141)) - s0@group-4E8C8EA4E78F-StateMachineUpdater: closing ArithmeticStateMachine, lastApplied=(t:1, i:251)
2024-12-14 12:23:34,125 INFO  impl.StateMachineUpdater (StateMachineUpdater.java:stopAndJoin(164)) - s0@group-4E8C8EA4E78F-StateMachineUpdater: set stopIndex = 251
2024-12-14 12:23:34,126 INFO  raftlog.RaftLog (SegmentedRaftLog.java:close(568)) - Start closing s0@group-4E8C8EA4E78F-SegmentedRaftLog:OPENED:c251:last(t:1, i:252)
2024-12-14 12:23:34,126 INFO  util.AwaitToRun (AwaitToRun.java:run(49)) - s0@group-4E8C8EA4E78F-cacheEviction-AwaitToRun-AwaitForSignal is interrupted
2024-12-14 12:23:34,126 INFO  segmented.LogSegment (LogSegment.java:close(349)) - Successfully closed EntryCache-log_inprogress_0
2024-12-14 12:23:34,105 INFO  server.RaftServer (RaftServerProxy.java:lambda$close$9(418)) - s6: close
2024-12-14 12:23:34,105 INFO  server.RaftServer (RaftServerProxy.java:lambda$close$9(418)) - s5: close
2024-12-14 12:23:34,105 INFO  server.RaftServer (RaftServerProxy.java:lambda$close$9(418)) - s4: close
2024-12-14 12:23:34,125 INFO  impl.FollowerState (FollowerState.java:runImpl(170)) - s0@group-4E8C8EA4E78F-FollowerState was interrupted
2024-12-14 12:23:34,125 INFO  simulation.RequestHandler (RequestHandler.java:run(127)) - s12.clientHandler2 is interrupted by java.io.InterruptedIOException: 
2024-12-14 12:23:34,125 INFO  util.JmxRegister (JmxRegister.java:unregister(74)) - Successfully un-registered JMX Bean with object name Ratis:service=RaftServer,group=group-E0CF8C87AB81,id=s12
2024-12-14 12:23:34,125 INFO  server.RaftServer$Division (RaftServerImpl.java:lambda$close$1(514)) - s14@group-E0CF8C87AB81: shutdown
2024-12-14 12:23:34,129 INFO  util.JmxRegister (JmxRegister.java:unregister(74)) - Successfully un-registered JMX Bean with object name Ratis:service=RaftServer,group=group-E0CF8C87AB81,id=s14
2024-12-14 12:23:34,121 INFO  simulation.RequestHandler (RequestHandler.java:run(127)) - s0.serverHandler2 is interrupted by java.io.InterruptedIOException: 
2024-12-14 12:23:34,121 INFO  simulation.RequestHandler (RequestHandler.java:run(127)) - s0.serverHandler0 is interrupted by java.io.InterruptedIOException: 
2024-12-14 12:23:34,121 INFO  util.AwaitToRun (AwaitToRun.java:run(49)) - s9@group-4E8C8EA4E78F-cacheEviction-AwaitToRun-AwaitForSignal is interrupted
2024-12-14 12:23:34,116 INFO  util.JmxRegister (JmxRegister.java:unregister(74)) - Successfully un-registered JMX Bean with object name Ratis:service=RaftServer,group=group-E0CF8C87AB81,id=s13
2024-12-14 12:23:34,116 INFO  simulation.RequestHandler (RequestHandler.java:run(127)) - s9.clientHandler0 is interrupted by java.io.InterruptedIOException: 
2024-12-14 12:23:34,115 INFO  server.RaftServer$Division (RaftServerImpl.java:lambda$close$1(514)) - s0@group-E0CF8C87AB81: shutdown
2024-12-14 12:23:34,130 INFO  util.JmxRegister (JmxRegister.java:unregister(74)) - Successfully un-registered JMX Bean with object name Ratis:service=RaftServer,group=group-E0CF8C87AB81,id=s0
2024-12-14 12:23:34,115 INFO  impl.StateMachineUpdater (StateMachineUpdater.java:stop(141)) - s1@group-E0CF8C87AB81-StateMachineUpdater: closing ArithmeticStateMachine, lastApplied=(t:0, i:~)
2024-12-14 12:23:34,115 INFO  simulation.RequestHandler (RequestHandler.java:run(127)) - s1.clientHandler2 is interrupted by java.io.InterruptedIOException: 
2024-12-14 12:23:34,115 INFO  server.RaftServer$Division (RaftServerImpl.java:lambda$close$1(514)) - s1@group-4E8C8EA4E78F: shutdown
2024-12-14 12:23:34,130 INFO  util.JmxRegister (JmxRegister.java:unregister(74)) - Successfully un-registered JMX Bean with object name Ratis:service=RaftServer,group=group-4E8C8EA4E78F,id=s1
2024-12-14 12:23:34,130 INFO  impl.RoleInfo (RoleInfo.java:shutdownFollowerState(121)) - s1: shutdown s1@group-4E8C8EA4E78F-FollowerState
2024-12-14 12:23:34,114 INFO  server.RaftServer (RaftServerProxy.java:lambda$close$9(418)) - s2: close
2024-12-14 12:23:34,113 INFO  server.RaftServer$Division (RaftServerImpl.java:lambda$close$1(514)) - s3@group-4E8C8EA4E78F: shutdown
2024-12-14 12:23:34,113 INFO  simulation.RequestHandler (RequestHandler.java:run(127)) - s3.clientHandler2 is interrupted by java.io.InterruptedIOException: 
2024-12-14 12:23:34,113 INFO  simulation.RequestHandler (RequestHandler.java:run(127)) - s3.clientHandler1 is interrupted by java.io.InterruptedIOException: 
2024-12-14 12:23:34,113 INFO  simulation.RequestHandler (RequestHandler.java:run(127)) - s3.clientHandler0 is interrupted by java.io.InterruptedIOException: 
2024-12-14 12:23:34,109 INFO  server.RaftServer$Division (RaftServerImpl.java:lambda$close$1(514)) - s3@group-E0CF8C87AB81: shutdown
2024-12-14 12:23:34,130 INFO  util.JmxRegister (JmxRegister.java:unregister(74)) - Successfully un-registered JMX Bean with object name Ratis:service=RaftServer,group=group-4E8C8EA4E78F,id=s3
2024-12-14 12:23:34,131 INFO  impl.RoleInfo (RoleInfo.java:shutdownLeaderState(103)) - s3: shutdown s3@group-4E8C8EA4E78F-LeaderStateImpl
2024-12-14 12:23:34,130 INFO  segmented.LogSegment (LogSegment.java:close(349)) - Successfully closed EntryCache-log_inprogress_0
2024-12-14 12:23:34,130 INFO  raftlog.RaftLog (SegmentedRaftLog.java:close(568)) - Start closing s1@group-E0CF8C87AB81-SegmentedRaftLog:OPENED:c-1:lastnull
2024-12-14 12:23:34,129 INFO  server.RaftServer$Division (RaftServerImpl.java:lambda$close$1(514)) - s12@group-4E8C8EA4E78F: shutdown
2024-12-14 12:23:34,133 INFO  server.RaftServer$Division (RaftServerImpl.java:lambda$close$1(514)) - s7@group-E0CF8C87AB81: shutdown
2024-12-14 12:23:34,133 INFO  util.JmxRegister (JmxRegister.java:unregister(74)) - Successfully un-registered JMX Bean with object name Ratis:service=RaftServer,group=group-E0CF8C87AB81,id=s7
2024-12-14 12:23:34,131 INFO  util.JmxRegister (JmxRegister.java:unregister(74)) - Successfully un-registered JMX Bean with object name Ratis:service=RaftServer,group=group-E0CF8C87AB81,id=s3
2024-12-14 12:23:34,133 INFO  util.JmxRegister (JmxRegister.java:unregister(74)) - Successfully un-registered JMX Bean with object name Ratis:service=RaftServer,group=group-4E8C8EA4E78F,id=s12
2024-12-14 12:23:34,133 INFO  impl.RoleInfo (RoleInfo.java:shutdownFollowerState(121)) - s12: shutdown s12@group-4E8C8EA4E78F-FollowerState
2024-12-14 12:23:34,137 INFO  impl.StateMachineUpdater (StateMachineUpdater.java:stopAndJoin(164)) - s9@group-E0CF8C87AB81-StateMachineUpdater: set stopIndex = -1
2024-12-14 12:23:34,137 INFO  server.RaftServer$Division (RaftServerImpl.java:lambda$close$1(514)) - s13@group-4E8C8EA4E78F: shutdown
2024-12-14 12:23:34,137 INFO  simulation.RequestHandler (RequestHandler.java:run(127)) - s13.clientHandler2 is interrupted by java.io.InterruptedIOException: 
2024-12-14 12:23:34,137 INFO  impl.StateMachineUpdater (StateMachineUpdater.java:stop(141)) - s9@group-E0CF8C87AB81-StateMachineUpdater: closing ArithmeticStateMachine, lastApplied=(t:0, i:~)
2024-12-14 12:23:34,137 INFO  server.RaftServer$Division (RaftServerImpl.java:lambda$close$1(514)) - s10@group-E0CF8C87AB81: shutdown
2024-12-14 12:23:34,137 INFO  util.JmxRegister (JmxRegister.java:unregister(74)) - Successfully un-registered JMX Bean with object name Ratis:service=RaftServer,group=group-E0CF8C87AB81,id=s10
2024-12-14 12:23:34,137 INFO  raftlog.RaftLog (SegmentedRaftLog.java:close(568)) - Start closing s9@group-E0CF8C87AB81-SegmentedRaftLog:OPENED:c-1:lastnull
2024-12-14 12:23:34,137 INFO  simulation.RequestHandler (RequestHandler.java:run(127)) - s13.clientHandler1 is interrupted by java.io.InterruptedIOException: 
2024-12-14 12:23:34,137 INFO  simulation.RequestHandler (RequestHandler.java:run(127)) - s13.clientHandler0 is interrupted by java.io.InterruptedIOException: 
2024-12-14 12:23:34,137 INFO  util.JmxRegister (JmxRegister.java:unregister(74)) - Successfully un-registered JMX Bean with object name Ratis:service=RaftServer,group=group-4E8C8EA4E78F,id=s13
2024-12-14 12:23:34,139 INFO  impl.RoleInfo (RoleInfo.java:shutdownFollowerState(121)) - s13: shutdown s13@group-4E8C8EA4E78F-FollowerState
2024-12-14 12:23:34,140 INFO  impl.StateMachineUpdater (StateMachineUpdater.java:stop(141)) - s13@group-E0CF8C87AB81-StateMachineUpdater: closing ArithmeticStateMachine, lastApplied=(t:0, i:~)
2024-12-14 12:23:34,141 INFO  impl.StateMachineUpdater (StateMachineUpdater.java:stopAndJoin(164)) - s3@group-E0CF8C87AB81-StateMachineUpdater: set stopIndex = -1
2024-12-14 12:23:34,141 INFO  impl.FollowerState (FollowerState.java:runImpl(170)) - s12@group-4E8C8EA4E78F-FollowerState was interrupted
2024-12-14 12:23:34,141 INFO  util.AwaitToRun (AwaitToRun.java:run(49)) - s1@group-E0CF8C87AB81-cacheEviction-AwaitToRun-AwaitForSignal is interrupted
2024-12-14 12:23:34,141 INFO  impl.StateMachineUpdater (StateMachineUpdater.java:stop(141)) - s3@group-E0CF8C87AB81-StateMachineUpdater: closing ArithmeticStateMachine, lastApplied=(t:0, i:~)
2024-12-14 12:23:34,142 INFO  simulation.RequestHandler (RequestHandler.java:run(127)) - s3.serverHandler0 is interrupted by java.io.InterruptedIOException: 
2024-12-14 12:23:34,142 INFO  simulation.RequestHandler (RequestHandler.java:run(127)) - s3.serverHandler2 is interrupted by java.io.InterruptedIOException: 
2024-12-14 12:23:34,142 INFO  simulation.RequestHandler (RequestHandler.java:run(127)) - s1.serverHandler2 is interrupted by java.io.InterruptedIOException: 
2024-12-14 12:23:34,142 INFO  simulation.RequestHandler (RequestHandler.java:run(127)) - s1.serverHandler1 is interrupted by java.io.InterruptedIOException: 
2024-12-14 12:23:34,142 INFO  simulation.RequestHandler (RequestHandler.java:run(127)) - s3.serverHandler1 is interrupted by java.io.InterruptedIOException: 
2024-12-14 12:23:34,142 INFO  impl.StateMachineUpdater (StateMachineUpdater.java:stopAndJoin(164)) - s12@group-4E8C8EA4E78F-StateMachineUpdater: set stopIndex = 251
2024-12-14 12:23:34,141 INFO  impl.StateMachineUpdater (StateMachineUpdater.java:stopAndJoin(164)) - s7@group-E0CF8C87AB81-StateMachineUpdater: set stopIndex = -1
2024-12-14 12:23:34,142 INFO  raftlog.RaftLog (SegmentedRaftLog.java:close(568)) - Start closing s3@group-E0CF8C87AB81-SegmentedRaftLog:OPENED:c-1:lastnull
2024-12-14 12:23:34,142 INFO  server.RaftServer$Division (RaftServerImpl.java:lambda$close$1(514)) - s2@group-E0CF8C87AB81: shutdown
2024-12-14 12:23:34,143 INFO  util.JmxRegister (JmxRegister.java:unregister(74)) - Successfully un-registered JMX Bean with object name Ratis:service=RaftServer,group=group-E0CF8C87AB81,id=s2
2024-12-14 12:23:34,142 INFO  simulation.RequestHandler (RequestHandler.java:run(127)) - s1.serverHandler0 is interrupted by java.io.InterruptedIOException: 
2024-12-14 12:23:34,142 INFO  impl.StateMachineUpdater (StateMachineUpdater.java:stop(141)) - s12@group-4E8C8EA4E78F-StateMachineUpdater: closing ArithmeticStateMachine, lastApplied=(t:1, i:251)
2024-12-14 12:23:34,143 INFO  server.RaftServer$Division (RaftServerImpl.java:lambda$close$1(514)) - s10@group-4E8C8EA4E78F: shutdown
2024-12-14 12:23:34,142 INFO  leader.LogAppenderDaemon (LogAppenderDaemon.java:run(85)) - s3@group-4E8C8EA4E78F->s14-LogAppenderDefault-LogAppenderDaemon was interrupted: java.lang.InterruptedException
2024-12-14 12:23:34,141 INFO  impl.StateMachineUpdater (StateMachineUpdater.java:stop(141)) - s7@group-E0CF8C87AB81-StateMachineUpdater: closing ArithmeticStateMachine, lastApplied=(t:0, i:~)
2024-12-14 12:23:34,143 INFO  raftlog.RaftLog (SegmentedRaftLog.java:close(568)) - Start closing s7@group-E0CF8C87AB81-SegmentedRaftLog:OPENED:c-1:lastnull
2024-12-14 12:23:34,143 INFO  util.JmxRegister (JmxRegister.java:unregister(74)) - Successfully un-registered JMX Bean with object name Ratis:service=RaftServer,group=group-4E8C8EA4E78F,id=s10
2024-12-14 12:23:34,143 INFO  impl.RoleInfo (RoleInfo.java:shutdownFollowerState(121)) - s10: shutdown s10@group-4E8C8EA4E78F-FollowerState
2024-12-14 12:23:34,143 INFO  raftlog.RaftLog (SegmentedRaftLog.java:close(568)) - Start closing s12@group-4E8C8EA4E78F-SegmentedRaftLog:OPENED:c251:last(t:1, i:252)
2024-12-14 12:23:34,144 INFO  impl.StateMachineUpdater (StateMachineUpdater.java:stopAndJoin(164)) - s1@group-4E8C8EA4E78F-StateMachineUpdater: set stopIndex = 217
2024-12-14 12:23:34,144 INFO  impl.FollowerState (FollowerState.java:runImpl(170)) - s1@group-4E8C8EA4E78F-FollowerState was interrupted
2024-12-14 12:23:34,144 INFO  simulation.RequestHandler (RequestHandler.java:run(127)) - s2.clientHandler2 is interrupted by java.io.InterruptedIOException: 
2024-12-14 12:23:34,144 INFO  impl.StateMachineUpdater (StateMachineUpdater.java:stopAndJoin(164)) - s0@group-E0CF8C87AB81-StateMachineUpdater: set stopIndex = -1
2024-12-14 12:23:34,144 INFO  server.RaftServer$Division (RaftServerImpl.java:lambda$close$1(514)) - s2@group-4E8C8EA4E78F: shutdown
2024-12-14 12:23:34,144 INFO  util.JmxRegister (JmxRegister.java:unregister(74)) - Successfully un-registered JMX Bean with object name Ratis:service=RaftServer,group=group-4E8C8EA4E78F,id=s2
2024-12-14 12:23:34,144 INFO  impl.RoleInfo (RoleInfo.java:shutdownFollowerState(121)) - s2: shutdown s2@group-4E8C8EA4E78F-FollowerState
2024-12-14 12:23:34,145 INFO  simulation.RequestHandler (RequestHandler.java:run(127)) - s9.serverHandler1 is interrupted by java.io.InterruptedIOException: 
2024-12-14 12:23:34,145 INFO  impl.StateMachineUpdater (StateMachineUpdater.java:stopAndJoin(164)) - s14@group-E0CF8C87AB81-StateMachineUpdater: set stopIndex = -1
2024-12-14 12:23:34,144 INFO  impl.StateMachineUpdater (StateMachineUpdater.java:stop(141)) - s1@group-4E8C8EA4E78F-StateMachineUpdater: closing ArithmeticStateMachine, lastApplied=(t:1, i:217)
2024-12-14 12:23:34,145 INFO  impl.StateMachineUpdater (StateMachineUpdater.java:stop(141)) - s12@group-E0CF8C87AB81-StateMachineUpdater: closing ArithmeticStateMachine, lastApplied=(t:0, i:~)
2024-12-14 12:23:34,146 INFO  simulation.RequestHandler (RequestHandler.java:run(127)) - s4.clientHandler1 is interrupted by java.io.InterruptedIOException: 
2024-12-14 12:23:34,144 INFO  simulation.RequestHandler (RequestHandler.java:run(127)) - s2.clientHandler1 is interrupted by java.io.InterruptedIOException: 
2024-12-14 12:23:34,144 INFO  simulation.RequestHandler (RequestHandler.java:run(127)) - s2.clientHandler0 is interrupted by java.io.InterruptedIOException: 
2024-12-14 12:23:34,149 INFO  raftlog.RaftLog (SegmentedRaftLog.java:close(568)) - Start closing s1@group-4E8C8EA4E78F-SegmentedRaftLog:OPENED:c217:last(t:1, i:218)
2024-12-14 12:23:34,146 INFO  server.RaftServer$Division (RaftServerImpl.java:lambda$close$1(514)) - s8@group-E0CF8C87AB81: shutdown
2024-12-14 12:23:34,153 INFO  util.JmxRegister (JmxRegister.java:unregister(74)) - Successfully un-registered JMX Bean with object name Ratis:service=RaftServer,group=group-E0CF8C87AB81,id=s8
2024-12-14 12:23:34,146 INFO  simulation.RequestHandler (RequestHandler.java:run(127)) - s14.clientHandler2 is interrupted by java.io.InterruptedIOException: 
2024-12-14 12:23:34,146 INFO  simulation.RequestHandler (RequestHandler.java:run(127)) - s14.clientHandler1 is interrupted by java.io.InterruptedIOException: 
2024-12-14 12:23:34,146 INFO  simulation.RequestHandler (RequestHandler.java:run(127)) - s14.clientHandler0 is interrupted by java.io.InterruptedIOException: 
2024-12-14 12:23:34,146 INFO  simulation.RequestHandler (RequestHandler.java:run(127)) - s4.clientHandler2 is interrupted by java.io.InterruptedIOException: 
2024-12-14 12:23:34,146 INFO  simulation.RequestHandler (RequestHandler.java:run(127)) - s5.clientHandler1 is interrupted by java.io.InterruptedIOException: 
2024-12-14 12:23:34,146 INFO  server.RaftServer$Division (RaftServerImpl.java:lambda$close$1(514)) - s4@group-4E8C8EA4E78F: shutdown
2024-12-14 12:23:34,146 INFO  simulation.RequestHandler (RequestHandler.java:run(127)) - s5.clientHandler2 is interrupted by java.io.InterruptedIOException: 
2024-12-14 12:23:34,146 INFO  simulation.RequestHandler (RequestHandler.java:run(127)) - s5.clientHandler0 is interrupted by java.io.InterruptedIOException: 
2024-12-14 12:23:34,146 INFO  simulation.RequestHandler (RequestHandler.java:run(127)) - s4.clientHandler0 is interrupted by java.io.InterruptedIOException: 
2024-12-14 12:23:34,146 INFO  server.RaftServer$Division (RaftServerImpl.java:lambda$close$1(514)) - s6@group-E0CF8C87AB81: shutdown
2024-12-14 12:23:34,156 INFO  util.JmxRegister (JmxRegister.java:unregister(74)) - Successfully un-registered JMX Bean with object name Ratis:service=RaftServer,group=group-E0CF8C87AB81,id=s6
2024-12-14 12:23:34,146 INFO  server.RaftServer$Division (RaftServerImpl.java:lambda$close$1(514)) - s4@group-E0CF8C87AB81: shutdown
2024-12-14 12:23:34,156 INFO  util.JmxRegister (JmxRegister.java:unregister(74)) - Successfully un-registered JMX Bean with object name Ratis:service=RaftServer,group=group-E0CF8C87AB81,id=s4
2024-12-14 12:23:34,146 INFO  simulation.RequestHandler (RequestHandler.java:run(127)) - s7.clientHandler1 is interrupted by java.io.InterruptedIOException: 
2024-12-14 12:23:34,146 INFO  server.RaftServer$Division (RaftServerImpl.java:lambda$close$1(514)) - s7@group-4E8C8EA4E78F: shutdown
2024-12-14 12:23:34,146 INFO  simulation.RequestHandler (RequestHandler.java:run(127)) - s7.clientHandler0 is interrupted by java.io.InterruptedIOException: 
2024-12-14 12:23:34,146 INFO  simulation.RequestHandler (RequestHandler.java:run(127)) - s7.clientHandler2 is interrupted by java.io.InterruptedIOException: 
2024-12-14 12:23:34,146 INFO  server.RaftServer$Division (RaftServerImpl.java:lambda$close$1(514)) - s5@group-E0CF8C87AB81: shutdown
2024-12-14 12:23:34,157 INFO  util.JmxRegister (JmxRegister.java:unregister(74)) - Successfully un-registered JMX Bean with object name Ratis:service=RaftServer,group=group-E0CF8C87AB81,id=s5
2024-12-14 12:23:34,145 INFO  simulation.RequestHandler (RequestHandler.java:run(127)) - s12.serverHandler1 is interrupted by java.io.InterruptedIOException: 
2024-12-14 12:23:34,145 INFO  impl.StateMachineUpdater (StateMachineUpdater.java:stopAndJoin(164)) - s12@group-E0CF8C87AB81-StateMachineUpdater: set stopIndex = -1
2024-12-14 12:23:34,157 INFO  raftlog.RaftLog (SegmentedRaftLog.java:close(568)) - Start closing s12@group-E0CF8C87AB81-SegmentedRaftLog:OPENED:c-1:lastnull
2024-12-14 12:23:34,145 INFO  simulation.RequestHandler (RequestHandler.java:run(127)) - s12.serverHandler0 is interrupted by java.io.InterruptedIOException: 
2024-12-14 12:23:34,145 INFO  impl.StateMachineUpdater (StateMachineUpdater.java:stop(141)) - s14@group-E0CF8C87AB81-StateMachineUpdater: closing ArithmeticStateMachine, lastApplied=(t:0, i:~)
2024-12-14 12:23:34,145 INFO  impl.StateMachineUpdater (StateMachineUpdater.java:stop(141)) - s2@group-4E8C8EA4E78F-StateMachineUpdater: closing ArithmeticStateMachine, lastApplied=(t:1, i:217)
2024-12-14 12:23:34,158 INFO  raftlog.RaftLog (SegmentedRaftLog.java:close(568)) - Start closing s14@group-E0CF8C87AB81-SegmentedRaftLog:OPENED:c-1:lastnull
2024-12-14 12:23:34,145 INFO  impl.FollowerState (FollowerState.java:runImpl(170)) - s2@group-4E8C8EA4E78F-FollowerState was interrupted
2024-12-14 12:23:34,145 INFO  impl.StateMachineUpdater (StateMachineUpdater.java:stopAndJoin(164)) - s2@group-4E8C8EA4E78F-StateMachineUpdater: set stopIndex = 217
2024-12-14 12:23:34,144 INFO  impl.StateMachineUpdater (StateMachineUpdater.java:stopAndJoin(164)) - s13@group-E0CF8C87AB81-StateMachineUpdater: set stopIndex = -1
2024-12-14 12:23:34,158 INFO  raftlog.RaftLog (SegmentedRaftLog.java:close(568)) - Start closing s13@group-E0CF8C87AB81-SegmentedRaftLog:OPENED:c-1:lastnull
2024-12-14 12:23:34,144 INFO  simulation.RequestHandler (RequestHandler.java:run(127)) - s9.serverHandler0 is interrupted by java.io.InterruptedIOException: 
2024-12-14 12:23:34,144 INFO  impl.StateMachineUpdater (StateMachineUpdater.java:stop(141)) - s0@group-E0CF8C87AB81-StateMachineUpdater: closing ArithmeticStateMachine, lastApplied=(t:0, i:~)
2024-12-14 12:23:34,158 INFO  raftlog.RaftLog (SegmentedRaftLog.java:close(568)) - Start closing s2@group-4E8C8EA4E78F-SegmentedRaftLog:OPENED:c217:last(t:1, i:218)
2024-12-14 12:23:34,158 INFO  raftlog.RaftLog (SegmentedRaftLog.java:close(568)) - Start closing s0@group-E0CF8C87AB81-SegmentedRaftLog:OPENED:c-1:lastnull
2024-12-14 12:23:34,157 INFO  util.JmxRegister (JmxRegister.java:unregister(74)) - Successfully un-registered JMX Bean with object name Ratis:service=RaftServer,group=group-4E8C8EA4E78F,id=s4
2024-12-14 12:23:34,157 INFO  util.JmxRegister (JmxRegister.java:unregister(74)) - Successfully un-registered JMX Bean with object name Ratis:service=RaftServer,group=group-4E8C8EA4E78F,id=s7
2024-12-14 12:23:34,153 INFO  server.RaftServer$Division (RaftServerImpl.java:lambda$close$1(514)) - s14@group-4E8C8EA4E78F: shutdown
2024-12-14 12:23:34,153 INFO  server.RaftServer$Division (RaftServerImpl.java:lambda$close$1(514)) - s5@group-4E8C8EA4E78F: shutdown
2024-12-14 12:23:34,159 INFO  util.JmxRegister (JmxRegister.java:unregister(74)) - Successfully un-registered JMX Bean with object name Ratis:service=RaftServer,group=group-4E8C8EA4E78F,id=s14
2024-12-14 12:23:34,159 INFO  impl.RoleInfo (RoleInfo.java:shutdownFollowerState(121)) - s4: shutdown s4@group-4E8C8EA4E78F-FollowerState
2024-12-14 12:23:34,159 INFO  impl.PendingRequests (PendingRequests.java:sendNotLeaderResponses(287)) - s3@group-4E8C8EA4E78F-PendingRequests: sendNotLeaderResponses
2024-12-14 12:23:34,159 INFO  impl.RoleInfo (RoleInfo.java:shutdownFollowerState(121)) - s7: shutdown s7@group-4E8C8EA4E78F-FollowerState
2024-12-14 12:23:34,160 INFO  impl.StateMachineUpdater (StateMachineUpdater.java:stop(141)) - s2@group-E0CF8C87AB81-StateMachineUpdater: closing ArithmeticStateMachine, lastApplied=(t:0, i:~)
2024-12-14 12:23:34,160 INFO  server.RaftServer$Division (RaftServerImpl.java:lambda$close$1(514)) - s8@group-4E8C8EA4E78F: shutdown
2024-12-14 12:23:34,160 INFO  impl.StateMachineUpdater (StateMachineUpdater.java:stop(141)) - s10@group-E0CF8C87AB81-StateMachineUpdater: closing ArithmeticStateMachine, lastApplied=(t:0, i:~)
2024-12-14 12:23:34,160 INFO  simulation.RequestHandler (RequestHandler.java:run(127)) - s10.clientHandler1 is interrupted by java.io.InterruptedIOException: 
2024-12-14 12:23:34,161 WARN  leader.LogAppenderDaemon (LogAppenderDaemon.java:run(89)) - s3@group-4E8C8EA4E78F->s1-LogAppenderDefault-LogAppenderDaemon failed
org.apache.ratis.server.raftlog.RaftLogIOException: java.nio.channels.ClosedChannelException
	at org.apache.ratis.server.raftlog.segmented.LogSegment.loadCache(LogSegment.java:505)
	at org.apache.ratis.server.raftlog.segmented.SegmentedRaftLog.retainLog(SegmentedRaftLog.java:322)
	at org.apache.ratis.server.raftlog.segmented.SegmentedRaftLog.retainEntryWithData(SegmentedRaftLog.java:332)
	at org.apache.ratis.server.leader.LogAppenderBase.nextAppendEntriesRequest(LogAppenderBase.java:264)
	at org.apache.ratis.server.leader.LogAppenderDefault.sendAppendEntriesWithRetries(LogAppenderDefault.java:63)
	at org.apache.ratis.server.leader.LogAppenderDefault.run(LogAppenderDefault.java:168)
	at org.apache.ratis.server.leader.LogAppenderDaemon.run(LogAppenderDaemon.java:80)
	at java.lang.Thread.run(Thread.java:750)
Caused by: java.nio.channels.ClosedChannelException
	at sun.nio.ch.FileChannelImpl.ensureOpen(FileChannelImpl.java:110)
	at sun.nio.ch.FileChannelImpl.read(FileChannelImpl.java:147)
	at sun.nio.ch.ChannelInputStream.read(ChannelInputStream.java:65)
	at sun.nio.ch.ChannelInputStream.read(ChannelInputStream.java:109)
	at sun.nio.ch.ChannelInputStream.read(ChannelInputStream.java:103)
	at java.io.BufferedInputStream.fill(BufferedInputStream.java:246)
	at java.io.BufferedInputStream.skip(BufferedInputStream.java:380)
	at java.io.FilterInputStream.skip(FilterInputStream.java:151)
	at org.apache.ratis.server.raftlog.segmented.SegmentedRaftLogReader$LimitedInputStream.skip(SegmentedRaftLogReader.java:138)
	at java.io.FilterInputStream.skip(FilterInputStream.java:151)
	at org.apache.ratis.util.IOUtils.skipFully(IOUtils.java:157)
	at org.apache.ratis.server.raftlog.segmented.SegmentedRaftLogReader.verifyTerminator(SegmentedRaftLogReader.java:260)
	at org.apache.ratis.server.raftlog.segmented.SegmentedRaftLogReader.decodeEntry(SegmentedRaftLogReader.java:291)
	at org.apache.ratis.server.raftlog.segmented.SegmentedRaftLogReader.readEntry(SegmentedRaftLogReader.java:204)
	at org.apache.ratis.server.raftlog.segmented.SegmentedRaftLogInputStream.nextEntry(SegmentedRaftLogInputStream.java:114)
	at org.apache.ratis.server.raftlog.segmented.LogSegment.readSegmentFile(LogSegment.java:177)
	at org.apache.ratis.server.raftlog.segmented.LogSegment$LogEntryLoader.load(LogSegment.java:283)
	at org.apache.ratis.server.raftlog.segmented.LogSegment.loadCache(LogSegment.java:503)
	... 7 more
2024-12-14 12:23:34,160 INFO  server.RaftServer$Division (RaftServerImpl.java:lambda$close$1(514)) - s11@group-E0CF8C87AB81: shutdown
2024-12-14 12:23:34,161 INFO  util.JmxRegister (JmxRegister.java:unregister(74)) - Successfully un-registered JMX Bean with object name Ratis:service=RaftServer,group=group-E0CF8C87AB81,id=s11
2024-12-14 12:23:34,160 INFO  simulation.RequestHandler (RequestHandler.java:run(127)) - s10.clientHandler2 is interrupted by java.io.InterruptedIOException: 
2024-12-14 12:23:34,160 INFO  impl.StateMachineUpdater (StateMachineUpdater.java:stopAndJoin(164)) - s10@group-E0CF8C87AB81-StateMachineUpdater: set stopIndex = -1
2024-12-14 12:23:34,162 INFO  raftlog.RaftLog (SegmentedRaftLog.java:close(568)) - Start closing s10@group-E0CF8C87AB81-SegmentedRaftLog:OPENED:c-1:lastnull
2024-12-14 12:23:34,162 INFO  simulation.RequestHandler (RequestHandler.java:run(127)) - s11.clientHandler0 is interrupted by java.io.InterruptedIOException: 
2024-12-14 12:23:34,160 INFO  util.AwaitToRun (AwaitToRun.java:run(49)) - s9@group-E0CF8C87AB81-cacheEviction-AwaitToRun-AwaitForSignal is interrupted
2024-12-14 12:23:34,160 INFO  simulation.RequestHandler (RequestHandler.java:run(127)) - s13.serverHandler1 is interrupted by java.io.InterruptedIOException: 
2024-12-14 12:23:34,160 INFO  simulation.RequestHandler (RequestHandler.java:run(127)) - s13.serverHandler0 is interrupted by java.io.InterruptedIOException: 
2024-12-14 12:23:34,162 INFO  simulation.RequestHandler (RequestHandler.java:run(127)) - s7.serverHandler2 is interrupted by java.io.InterruptedIOException: 
2024-12-14 12:23:34,162 INFO  simulation.RequestHandler (RequestHandler.java:run(127)) - s7.serverHandler1 is interrupted by java.io.InterruptedIOException: 
2024-12-14 12:23:34,162 INFO  impl.StateMachineUpdater (StateMachineUpdater.java:stopAndJoin(164)) - s4@group-E0CF8C87AB81-StateMachineUpdater: set stopIndex = -1
2024-12-14 12:23:34,163 INFO  impl.StateMachineUpdater (StateMachineUpdater.java:stopAndJoin(164)) - s6@group-E0CF8C87AB81-StateMachineUpdater: set stopIndex = -1
2024-12-14 12:23:34,163 INFO  simulation.RequestHandler (RequestHandler.java:run(127)) - s4.serverHandler0 is interrupted by java.io.InterruptedIOException: 
2024-12-14 12:23:34,163 INFO  simulation.RequestHandler (RequestHandler.java:run(127)) - s4.serverHandler2 is interrupted by java.io.InterruptedIOException: 
2024-12-14 12:23:34,163 INFO  simulation.RequestHandler (RequestHandler.java:run(127)) - s5.serverHandler0 is interrupted by java.io.InterruptedIOException: 
2024-12-14 12:23:34,163 INFO  simulation.RequestHandler (RequestHandler.java:run(127)) - s5.serverHandler1 is interrupted by java.io.InterruptedIOException: 
2024-12-14 12:23:34,160 INFO  impl.StateMachineUpdater (StateMachineUpdater.java:stop(141)) - s13@group-4E8C8EA4E78F-StateMachineUpdater: closing ArithmeticStateMachine, lastApplied=(t:1, i:251)
2024-12-14 12:23:34,160 INFO  impl.FollowerState (FollowerState.java:runImpl(170)) - s13@group-4E8C8EA4E78F-FollowerState was interrupted
2024-12-14 12:23:34,163 INFO  impl.StateMachineUpdater (StateMachineUpdater.java:stopAndJoin(164)) - s8@group-E0CF8C87AB81-StateMachineUpdater: set stopIndex = -1
2024-12-14 12:23:34,160 INFO  impl.StateMachineUpdater (StateMachineUpdater.java:stopAndJoin(164)) - s13@group-4E8C8EA4E78F-StateMachineUpdater: set stopIndex = 251
2024-12-14 12:23:34,164 INFO  raftlog.RaftLog (SegmentedRaftLog.java:close(568)) - Start closing s13@group-4E8C8EA4E78F-SegmentedRaftLog:OPENED:c251:last(t:1, i:252)
2024-12-14 12:23:34,160 INFO  leader.LogAppenderDaemon (LogAppenderDaemon.java:run(85)) - s3@group-4E8C8EA4E78F->s7-LogAppenderDefault-LogAppenderDaemon was interrupted: java.lang.InterruptedException
2024-12-14 12:23:34,164 INFO  util.AwaitToRun (AwaitToRun.java:run(49)) - s1@group-4E8C8EA4E78F-cacheEviction-AwaitToRun-AwaitForSignal is interrupted
2024-12-14 12:23:34,160 INFO  leader.LogAppenderDaemon (LogAppenderDaemon.java:run(85)) - s3@group-4E8C8EA4E78F->s6-LogAppenderDefault-LogAppenderDaemon was interrupted: java.lang.InterruptedException
2024-12-14 12:23:34,160 INFO  impl.FollowerState (FollowerState.java:runImpl(170)) - s4@group-4E8C8EA4E78F-FollowerState was interrupted
2024-12-14 12:23:34,160 INFO  leader.LogAppenderDaemon (LogAppenderDaemon.java:run(85)) - s3@group-4E8C8EA4E78F->s5-LogAppenderDefault-LogAppenderDaemon was interrupted: java.lang.InterruptedException
2024-12-14 12:23:34,160 INFO  leader.LogAppenderDaemon (LogAppenderDaemon.java:run(85)) - s3@group-4E8C8EA4E78F->s12-LogAppenderDefault-LogAppenderDaemon was interrupted: java.lang.InterruptedException
2024-12-14 12:23:34,160 INFO  leader.LogAppenderDaemon (LogAppenderDaemon.java:run(85)) - s3@group-4E8C8EA4E78F->s9-LogAppenderDefault-LogAppenderDaemon was interrupted: java.lang.InterruptedException
2024-12-14 12:23:34,160 INFO  leader.LogAppenderDaemon (LogAppenderDaemon.java:run(85)) - s3@group-4E8C8EA4E78F->s13-LogAppenderDefault-LogAppenderDaemon was interrupted: java.lang.InterruptedException
2024-12-14 12:23:34,160 INFO  simulation.RequestHandler (RequestHandler.java:run(127)) - s10.clientHandler0 is interrupted by java.io.InterruptedIOException: 
2024-12-14 12:23:34,160 INFO  leader.LogAppenderDaemon (LogAppenderDaemon.java:run(85)) - s3@group-4E8C8EA4E78F->s11-LogAppenderDefault-LogAppenderDaemon was interrupted: java.lang.InterruptedException
2024-12-14 12:23:34,159 INFO  leader.LogAppenderDaemon (LogAppenderDaemon.java:run(85)) - s3@group-4E8C8EA4E78F->s0-LogAppenderDefault-LogAppenderDaemon was interrupted: java.lang.InterruptedException
2024-12-14 12:23:34,159 INFO  impl.StateMachineUpdater (StateMachineUpdater.java:stopAndJoin(164)) - s4@group-4E8C8EA4E78F-StateMachineUpdater: set stopIndex = 251
2024-12-14 12:23:34,159 INFO  impl.StateMachineUpdater (StateMachineUpdater.java:stop(141)) - s4@group-4E8C8EA4E78F-StateMachineUpdater: closing ArithmeticStateMachine, lastApplied=(t:1, i:251)
2024-12-14 12:23:34,159 INFO  leader.LogAppenderDaemon (LogAppenderDaemon.java:run(85)) - s3@group-4E8C8EA4E78F->s8-LogAppenderDefault-LogAppenderDaemon was interrupted: java.lang.InterruptedException
2024-12-14 12:23:34,159 INFO  leader.LogAppenderDaemon (LogAppenderDaemon.java:run(85)) - s3@group-4E8C8EA4E78F->s4-LogAppenderDefault-LogAppenderDaemon was interrupted: java.lang.InterruptedException
2024-12-14 12:23:34,159 INFO  util.AwaitToRun (AwaitToRun.java:run(49)) - s3@group-E0CF8C87AB81-cacheEviction-AwaitToRun-AwaitForSignal is interrupted
2024-12-14 12:23:34,159 INFO  impl.StateMachineUpdater (StateMachineUpdater.java:stopAndJoin(164)) - s2@group-E0CF8C87AB81-StateMachineUpdater: set stopIndex = -1
2024-12-14 12:23:34,165 INFO  raftlog.RaftLog (SegmentedRaftLog.java:close(568)) - Start closing s2@group-E0CF8C87AB81-SegmentedRaftLog:OPENED:c-1:lastnull
2024-12-14 12:23:34,159 INFO  util.AwaitToRun (AwaitToRun.java:run(49)) - s7@group-E0CF8C87AB81-cacheEviction-AwaitToRun-AwaitForSignal is interrupted
2024-12-14 12:23:34,159 INFO  impl.StateMachineUpdater (StateMachineUpdater.java:stop(141)) - s10@group-4E8C8EA4E78F-StateMachineUpdater: closing ArithmeticStateMachine, lastApplied=(t:1, i:217)
2024-12-14 12:23:34,166 INFO  raftlog.RaftLog (SegmentedRaftLog.java:close(568)) - Start closing s4@group-4E8C8EA4E78F-SegmentedRaftLog:OPENED:c251:last(t:1, i:252)
2024-12-14 12:23:34,159 INFO  simulation.RequestHandler (RequestHandler.java:run(127)) - s8.clientHandler2 is interrupted by java.io.InterruptedIOException: 
2024-12-14 12:23:34,159 INFO  impl.FollowerState (FollowerState.java:runImpl(170)) - s10@group-4E8C8EA4E78F-FollowerState was interrupted
2024-12-14 12:23:34,159 INFO  simulation.RequestHandler (RequestHandler.java:run(127)) - s8.clientHandler1 is interrupted by java.io.InterruptedIOException: 
2024-12-14 12:23:34,159 INFO  impl.StateMachineUpdater (StateMachineUpdater.java:stopAndJoin(164)) - s10@group-4E8C8EA4E78F-StateMachineUpdater: set stopIndex = 217
2024-12-14 12:23:34,166 INFO  raftlog.RaftLog (SegmentedRaftLog.java:close(568)) - Start closing s10@group-4E8C8EA4E78F-SegmentedRaftLog:OPENED:c217:last(t:1, i:218)
2024-12-14 12:23:34,159 INFO  simulation.RequestHandler (RequestHandler.java:run(127)) - s8.clientHandler0 is interrupted by java.io.InterruptedIOException: 
2024-12-14 12:23:34,159 INFO  util.AwaitToRun (AwaitToRun.java:run(49)) - s12@group-4E8C8EA4E78F-cacheEviction-AwaitToRun-AwaitForSignal is interrupted
2024-12-14 12:23:34,159 INFO  impl.RoleInfo (RoleInfo.java:shutdownFollowerState(121)) - s14: shutdown s14@group-4E8C8EA4E78F-FollowerState
2024-12-14 12:23:34,159 INFO  util.JmxRegister (JmxRegister.java:unregister(74)) - Successfully un-registered JMX Bean with object name Ratis:service=RaftServer,group=group-4E8C8EA4E78F,id=s5
2024-12-14 12:23:34,167 INFO  impl.RoleInfo (RoleInfo.java:shutdownFollowerState(121)) - s5: shutdown s5@group-4E8C8EA4E78F-FollowerState
2024-12-14 12:23:34,165 INFO  segmented.LogSegment (LogSegment.java:close(349)) - Successfully closed EntryCache-log_inprogress_0
2024-12-14 12:23:34,164 INFO  util.AwaitToRun (AwaitToRun.java:run(49)) - s14@group-E0CF8C87AB81-cacheEviction-AwaitToRun-AwaitForSignal is interrupted
2024-12-14 12:23:34,164 INFO  impl.StateMachineUpdater (StateMachineUpdater.java:stop(141)) - s6@group-E0CF8C87AB81-StateMachineUpdater: closing ArithmeticStateMachine, lastApplied=(t:0, i:~)
2024-12-14 12:23:34,164 INFO  impl.StateMachineUpdater (StateMachineUpdater.java:stop(141)) - s4@group-E0CF8C87AB81-StateMachineUpdater: closing ArithmeticStateMachine, lastApplied=(t:0, i:~)
2024-12-14 12:23:34,167 INFO  simulation.RequestHandler (RequestHandler.java:run(127)) - s6.clientHandler0 is interrupted by java.io.InterruptedIOException: 
2024-12-14 12:23:34,164 INFO  impl.StateMachineUpdater (StateMachineUpdater.java:stop(141)) - s5@group-E0CF8C87AB81-StateMachineUpdater: closing ArithmeticStateMachine, lastApplied=(t:0, i:~)
2024-12-14 12:23:34,167 INFO  impl.StateMachineUpdater (StateMachineUpdater.java:stopAndJoin(164)) - s5@group-4E8C8EA4E78F-StateMachineUpdater: set stopIndex = 251
2024-12-14 12:23:34,167 INFO  impl.StateMachineUpdater (StateMachineUpdater.java:stopAndJoin(164)) - s14@group-4E8C8EA4E78F-StateMachineUpdater: set stopIndex = 251
2024-12-14 12:23:34,167 INFO  impl.StateMachineUpdater (StateMachineUpdater.java:stop(141)) - s5@group-4E8C8EA4E78F-StateMachineUpdater: closing ArithmeticStateMachine, lastApplied=(t:1, i:251)
2024-12-14 12:23:34,168 INFO  impl.FollowerState (FollowerState.java:runImpl(170)) - s5@group-4E8C8EA4E78F-FollowerState was interrupted
2024-12-14 12:23:34,168 INFO  util.AwaitToRun (AwaitToRun.java:run(49)) - s10@group-4E8C8EA4E78F-cacheEviction-AwaitToRun-AwaitForSignal is interrupted
2024-12-14 12:23:34,164 INFO  util.AwaitToRun (AwaitToRun.java:run(49)) - s12@group-E0CF8C87AB81-cacheEviction-AwaitToRun-AwaitForSignal is interrupted
2024-12-14 12:23:34,164 INFO  impl.StateMachineUpdater (StateMachineUpdater.java:stop(141)) - s8@group-E0CF8C87AB81-StateMachineUpdater: closing ArithmeticStateMachine, lastApplied=(t:0, i:~)
2024-12-14 12:23:34,164 INFO  simulation.RequestHandler (RequestHandler.java:run(127)) - s2.serverHandler2 is interrupted by java.io.InterruptedIOException: 
2024-12-14 12:23:34,169 INFO  raftlog.RaftLog (SegmentedRaftLog.java:close(568)) - Start closing s8@group-E0CF8C87AB81-SegmentedRaftLog:OPENED:c-1:lastnull
2024-12-14 12:23:34,169 INFO  simulation.RequestHandler (RequestHandler.java:run(127)) - s10.serverHandler0 is interrupted by java.io.InterruptedIOException: 
2024-12-14 12:23:34,169 INFO  util.AwaitToRun (AwaitToRun.java:run(49)) - s8@group-E0CF8C87AB81-cacheEviction-AwaitToRun-AwaitForSignal is interrupted
2024-12-14 12:23:34,164 INFO  simulation.RequestHandler (RequestHandler.java:run(127)) - s2.serverHandler1 is interrupted by java.io.InterruptedIOException: 
2024-12-14 12:23:34,164 INFO  simulation.RequestHandler (RequestHandler.java:run(127)) - s2.serverHandler0 is interrupted by java.io.InterruptedIOException: 
2024-12-14 12:23:34,170 INFO  impl.StateMachineUpdater (StateMachineUpdater.java:stop(141)) - s7@group-4E8C8EA4E78F-StateMachineUpdater: closing ArithmeticStateMachine, lastApplied=(t:1, i:251)
2024-12-14 12:23:34,163 INFO  simulation.RequestHandler (RequestHandler.java:run(127)) - s14.serverHandler2 is interrupted by java.io.InterruptedIOException: 
2024-12-14 12:23:34,163 INFO  simulation.RequestHandler (RequestHandler.java:run(127)) - s14.serverHandler1 is interrupted by java.io.InterruptedIOException: 
2024-12-14 12:23:34,162 INFO  impl.StateMachineUpdater (StateMachineUpdater.java:stopAndJoin(164)) - s5@group-E0CF8C87AB81-StateMachineUpdater: set stopIndex = -1
2024-12-14 12:23:34,162 INFO  util.AwaitToRun (AwaitToRun.java:run(49)) - s13@group-E0CF8C87AB81-cacheEviction-AwaitToRun-AwaitForSignal is interrupted
2024-12-14 12:23:34,162 INFO  util.AwaitToRun (AwaitToRun.java:run(49)) - s10@group-E0CF8C87AB81-cacheEviction-AwaitToRun-AwaitForSignal is interrupted
2024-12-14 12:23:34,162 INFO  util.AwaitToRun (AwaitToRun.java:run(49)) - s2@group-4E8C8EA4E78F-cacheEviction-AwaitToRun-AwaitForSignal is interrupted
2024-12-14 12:23:34,162 INFO  simulation.RequestHandler (RequestHandler.java:run(127)) - s11.clientHandler1 is interrupted by java.io.InterruptedIOException: 
2024-12-14 12:23:34,172 INFO  impl.FollowerState (FollowerState.java:runImpl(170)) - s7@group-4E8C8EA4E78F-FollowerState was interrupted
2024-12-14 12:23:34,173 INFO  simulation.RequestHandler (RequestHandler.java:run(127)) - s10.serverHandler1 is interrupted by java.io.InterruptedIOException: 
2024-12-14 12:23:34,162 INFO  util.AwaitToRun (AwaitToRun.java:run(49)) - s0@group-E0CF8C87AB81-cacheEviction-AwaitToRun-AwaitForSignal is interrupted
2024-12-14 12:23:34,161 INFO  leader.LogAppender (LogAppenderDefault.java:sendAppendEntriesWithRetries(71)) - s3@group-4E8C8EA4E78F->s2-LogAppenderDefault is stopped. Skip appendEntries.
2024-12-14 12:23:34,173 INFO  segmented.LogSegment (LogSegment.java:close(349)) - Successfully closed EntryCache-log_inprogress_0
2024-12-14 12:23:34,161 INFO  leader.LogAppender (LogAppenderDefault.java:sendAppendEntriesWithRetries(71)) - s3@group-4E8C8EA4E78F->s10-LogAppenderDefault is stopped. Skip appendEntries.
2024-12-14 12:23:34,161 INFO  util.JmxRegister (JmxRegister.java:unregister(74)) - Successfully un-registered JMX Bean with object name Ratis:service=RaftServer,group=group-4E8C8EA4E78F,id=s8
2024-12-14 12:23:34,177 INFO  impl.RoleInfo (RoleInfo.java:shutdownFollowerState(121)) - s8: shutdown s8@group-4E8C8EA4E78F-FollowerState
2024-12-14 12:23:34,173 INFO  simulation.RequestHandler (RequestHandler.java:run(127)) - s10.serverHandler2 is interrupted by java.io.InterruptedIOException: 
2024-12-14 12:23:34,172 INFO  raftlog.RaftLog (SegmentedRaftLog.java:close(568)) - Start closing s5@group-E0CF8C87AB81-SegmentedRaftLog:OPENED:c-1:lastnull
2024-12-14 12:23:34,177 INFO  impl.StateMachineUpdater (StateMachineUpdater.java:stop(141)) - s3@group-4E8C8EA4E78F-StateMachineUpdater: closing ArithmeticStateMachine, lastApplied=(t:1, i:252)
2024-12-14 12:23:34,170 INFO  impl.StateMachineUpdater (StateMachineUpdater.java:stopAndJoin(164)) - s7@group-4E8C8EA4E78F-StateMachineUpdater: set stopIndex = 251
2024-12-14 12:23:34,169 INFO  impl.StateMachineUpdater (StateMachineUpdater.java:stop(141)) - s11@group-E0CF8C87AB81-StateMachineUpdater: closing ArithmeticStateMachine, lastApplied=(t:0, i:~)
2024-12-14 12:23:34,169 INFO  impl.StateMachineUpdater (StateMachineUpdater.java:stopAndJoin(164)) - s11@group-E0CF8C87AB81-StateMachineUpdater: set stopIndex = -1
2024-12-14 12:23:34,178 INFO  raftlog.RaftLog (SegmentedRaftLog.java:close(568)) - Start closing s11@group-E0CF8C87AB81-SegmentedRaftLog:OPENED:c-1:lastnull
2024-12-14 12:23:34,169 INFO  simulation.RequestHandler (RequestHandler.java:run(127)) - s11.clientHandler2 is interrupted by java.io.InterruptedIOException: 
2024-12-14 12:23:34,169 INFO  util.AwaitToRun (AwaitToRun.java:run(49)) - s13@group-4E8C8EA4E78F-cacheEviction-AwaitToRun-AwaitForSignal is interrupted
2024-12-14 12:23:34,178 INFO  simulation.RequestHandler (RequestHandler.java:run(127)) - s11.serverHandler0 is interrupted by java.io.InterruptedIOException: 
2024-12-14 12:23:34,178 INFO  server.RaftServer$Division (RaftServerImpl.java:lambda$close$1(514)) - s11@group-4E8C8EA4E78F: shutdown
2024-12-14 12:23:34,169 INFO  segmented.LogSegment (LogSegment.java:close(349)) - Successfully closed EntryCache-log_inprogress_0
2024-12-14 12:23:34,168 INFO  segmented.LogSegment (LogSegment.java:close(349)) - Successfully closed EntryCache-log_inprogress_0
2024-12-14 12:23:34,168 INFO  util.AwaitToRun (AwaitToRun.java:run(49)) - s2@group-E0CF8C87AB81-cacheEviction-AwaitToRun-AwaitForSignal is interrupted
2024-12-14 12:23:34,168 INFO  util.AwaitToRun (AwaitToRun.java:run(49)) - s4@group-4E8C8EA4E78F-cacheEviction-AwaitToRun-AwaitForSignal is interrupted
2024-12-14 12:23:34,168 INFO  raftlog.RaftLog (SegmentedRaftLog.java:close(568)) - Start closing s5@group-4E8C8EA4E78F-SegmentedRaftLog:OPENED:c251:last(t:1, i:252)
2024-12-14 12:23:34,168 INFO  impl.FollowerState (FollowerState.java:runImpl(170)) - s14@group-4E8C8EA4E78F-FollowerState was interrupted
2024-12-14 12:23:34,168 INFO  simulation.RequestHandler (RequestHandler.java:run(127)) - s6.clientHandler2 is interrupted by java.io.InterruptedIOException: 
2024-12-14 12:23:34,179 INFO  util.AwaitToRun (AwaitToRun.java:run(49)) - s5@group-4E8C8EA4E78F-cacheEviction-AwaitToRun-AwaitForSignal is interrupted
2024-12-14 12:23:34,168 INFO  simulation.RequestHandler (RequestHandler.java:run(127)) - s6.clientHandler1 is interrupted by java.io.InterruptedIOException: 
2024-12-14 12:23:34,179 INFO  simulation.RequestHandler (RequestHandler.java:run(127)) - s6.serverHandler1 is interrupted by java.io.InterruptedIOException: 
2024-12-14 12:23:34,179 INFO  segmented.LogSegment (LogSegment.java:close(349)) - Successfully closed EntryCache-log_inprogress_0
2024-12-14 12:23:34,179 INFO  simulation.RequestHandler (RequestHandler.java:run(127)) - s6.serverHandler2 is interrupted by java.io.InterruptedIOException: 
2024-12-14 12:23:34,181 INFO  simulation.RequestHandler (RequestHandler.java:run(127)) - s11.serverHandler2 is interrupted by java.io.InterruptedIOException: 
2024-12-14 12:23:34,167 INFO  server.RaftServer$Division (RaftServerImpl.java:lambda$close$1(514)) - s6@group-4E8C8EA4E78F: shutdown
2024-12-14 12:23:34,167 INFO  simulation.RequestHandler (RequestHandler.java:run(127)) - s8.serverHandler1 is interrupted by java.io.InterruptedIOException: 
2024-12-14 12:23:34,167 INFO  simulation.RequestHandler (RequestHandler.java:run(127)) - s8.serverHandler0 is interrupted by java.io.InterruptedIOException: 
2024-12-14 12:23:34,167 INFO  impl.StateMachineUpdater (StateMachineUpdater.java:stop(141)) - s14@group-4E8C8EA4E78F-StateMachineUpdater: closing ArithmeticStateMachine, lastApplied=(t:1, i:251)
2024-12-14 12:23:34,182 INFO  raftlog.RaftLog (SegmentedRaftLog.java:close(568)) - Start closing s14@group-4E8C8EA4E78F-SegmentedRaftLog:OPENED:c251:last(t:1, i:252)
2024-12-14 12:23:34,182 INFO  util.AwaitToRun (AwaitToRun.java:run(49)) - s14@group-4E8C8EA4E78F-cacheEviction-AwaitToRun-AwaitForSignal is interrupted
2024-12-14 12:23:34,167 INFO  raftlog.RaftLog (SegmentedRaftLog.java:close(568)) - Start closing s4@group-E0CF8C87AB81-SegmentedRaftLog:OPENED:c-1:lastnull
2024-12-14 12:23:34,167 INFO  raftlog.RaftLog (SegmentedRaftLog.java:close(568)) - Start closing s6@group-E0CF8C87AB81-SegmentedRaftLog:OPENED:c-1:lastnull
2024-12-14 12:23:34,182 INFO  util.AwaitToRun (AwaitToRun.java:run(49)) - s4@group-E0CF8C87AB81-cacheEviction-AwaitToRun-AwaitForSignal is interrupted
2024-12-14 12:23:34,183 INFO  util.AwaitToRun (AwaitToRun.java:run(49)) - s6@group-E0CF8C87AB81-cacheEviction-AwaitToRun-AwaitForSignal is interrupted
2024-12-14 12:23:34,183 INFO  util.JmxRegister (JmxRegister.java:unregister(74)) - Successfully un-registered JMX Bean with object name Ratis:service=RaftServer,group=group-4E8C8EA4E78F,id=s6
2024-12-14 12:23:34,183 INFO  impl.RoleInfo (RoleInfo.java:shutdownFollowerState(121)) - s6: shutdown s6@group-4E8C8EA4E78F-FollowerState
2024-12-14 12:23:34,183 INFO  impl.StateMachineUpdater (StateMachineUpdater.java:stopAndJoin(164)) - s6@group-4E8C8EA4E78F-StateMachineUpdater: set stopIndex = 251
2024-12-14 12:23:34,183 INFO  impl.FollowerState (FollowerState.java:runImpl(170)) - s6@group-4E8C8EA4E78F-FollowerState was interrupted
2024-12-14 12:23:34,181 INFO  util.JmxRegister (JmxRegister.java:unregister(74)) - Successfully un-registered JMX Bean with object name Ratis:service=RaftServer,group=group-4E8C8EA4E78F,id=s11
2024-12-14 12:23:34,186 INFO  impl.RoleInfo (RoleInfo.java:shutdownFollowerState(121)) - s11: shutdown s11@group-4E8C8EA4E78F-FollowerState
2024-12-14 12:23:34,179 INFO  segmented.LogSegment (LogSegment.java:close(349)) - Successfully closed EntryCache-log_inprogress_0
2024-12-14 12:23:34,178 INFO  segmented.LogSegment (LogSegment.java:close(349)) - Successfully closed EntryCache-log_inprogress_0
2024-12-14 12:23:34,178 INFO  util.AwaitToRun (AwaitToRun.java:run(49)) - s11@group-E0CF8C87AB81-cacheEviction-AwaitToRun-AwaitForSignal is interrupted
2024-12-14 12:23:34,178 INFO  raftlog.RaftLog (SegmentedRaftLog.java:close(568)) - Start closing s7@group-4E8C8EA4E78F-SegmentedRaftLog:OPENED:c251:last(t:1, i:252)
2024-12-14 12:23:34,177 INFO  util.AwaitToRun (AwaitToRun.java:run(49)) - s5@group-E0CF8C87AB81-cacheEviction-AwaitToRun-AwaitForSignal is interrupted
2024-12-14 12:23:34,177 INFO  impl.StateMachineUpdater (StateMachineUpdater.java:stopAndJoin(164)) - s3@group-4E8C8EA4E78F-StateMachineUpdater: set stopIndex = 252
2024-12-14 12:23:34,187 INFO  raftlog.RaftLog (SegmentedRaftLog.java:close(568)) - Start closing s3@group-4E8C8EA4E78F-SegmentedRaftLog:OPENED:c252:last(t:1, i:252)
2024-12-14 12:23:34,177 INFO  impl.StateMachineUpdater (StateMachineUpdater.java:stopAndJoin(164)) - s8@group-4E8C8EA4E78F-StateMachineUpdater: set stopIndex = 251
2024-12-14 12:23:34,177 INFO  impl.StateMachineUpdater (StateMachineUpdater.java:stop(141)) - s8@group-4E8C8EA4E78F-StateMachineUpdater: closing ArithmeticStateMachine, lastApplied=(t:1, i:251)
2024-12-14 12:23:34,177 INFO  impl.FollowerState (FollowerState.java:runImpl(170)) - s8@group-4E8C8EA4E78F-FollowerState was interrupted
2024-12-14 12:23:34,187 INFO  util.AwaitToRun (AwaitToRun.java:run(49)) - s3@group-4E8C8EA4E78F-cacheEviction-AwaitToRun-AwaitForSignal is interrupted
2024-12-14 12:23:34,187 INFO  util.AwaitToRun (AwaitToRun.java:run(49)) - s7@group-4E8C8EA4E78F-cacheEviction-AwaitToRun-AwaitForSignal is interrupted
2024-12-14 12:23:34,188 INFO  segmented.LogSegment (LogSegment.java:close(349)) - Successfully closed EntryCache-log_inprogress_0
2024-12-14 12:23:34,188 INFO  segmented.LogSegment (LogSegment.java:close(349)) - Successfully closed EntryCache-log_inprogress_0
2024-12-14 12:23:34,186 INFO  impl.StateMachineUpdater (StateMachineUpdater.java:stopAndJoin(164)) - s11@group-4E8C8EA4E78F-StateMachineUpdater: set stopIndex = 251
2024-12-14 12:23:34,186 INFO  impl.StateMachineUpdater (StateMachineUpdater.java:stop(141)) - s11@group-4E8C8EA4E78F-StateMachineUpdater: closing ArithmeticStateMachine, lastApplied=(t:1, i:251)
2024-12-14 12:23:34,186 INFO  impl.FollowerState (FollowerState.java:runImpl(170)) - s11@group-4E8C8EA4E78F-FollowerState was interrupted
2024-12-14 12:23:34,183 INFO  impl.StateMachineUpdater (StateMachineUpdater.java:stop(141)) - s6@group-4E8C8EA4E78F-StateMachineUpdater: closing ArithmeticStateMachine, lastApplied=(t:1, i:251)
2024-12-14 12:23:34,183 INFO  segmented.LogSegment (LogSegment.java:close(349)) - Successfully closed EntryCache-log_inprogress_0
2024-12-14 12:23:34,187 INFO  raftlog.RaftLog (SegmentedRaftLog.java:close(568)) - Start closing s8@group-4E8C8EA4E78F-SegmentedRaftLog:OPENED:c251:last(t:1, i:252)
2024-12-14 12:23:34,189 INFO  raftlog.RaftLog (SegmentedRaftLog.java:close(568)) - Start closing s6@group-4E8C8EA4E78F-SegmentedRaftLog:OPENED:c251:last(t:1, i:252)
2024-12-14 12:23:34,189 INFO  util.AwaitToRun (AwaitToRun.java:run(49)) - s6@group-4E8C8EA4E78F-cacheEviction-AwaitToRun-AwaitForSignal is interrupted
2024-12-14 12:23:34,189 INFO  raftlog.RaftLog (SegmentedRaftLog.java:close(568)) - Start closing s11@group-4E8C8EA4E78F-SegmentedRaftLog:OPENED:c251:last(t:1, i:252)
2024-12-14 12:23:34,189 INFO  util.AwaitToRun (AwaitToRun.java:run(49)) - s8@group-4E8C8EA4E78F-cacheEviction-AwaitToRun-AwaitForSignal is interrupted
2024-12-14 12:23:34,189 INFO  util.AwaitToRun (AwaitToRun.java:run(49)) - s11@group-4E8C8EA4E78F-cacheEviction-AwaitToRun-AwaitForSignal is interrupted
2024-12-14 12:23:34,189 INFO  segmented.LogSegment (LogSegment.java:close(349)) - Successfully closed EntryCache-log_inprogress_0
2024-12-14 12:23:34,190 INFO  segmented.LogSegment (LogSegment.java:close(349)) - Successfully closed EntryCache-log_inprogress_0
2024-12-14 12:23:34,190 INFO  segmented.LogSegment (LogSegment.java:close(349)) - Successfully closed EntryCache-log_inprogress_0
2024-12-14 12:23:34,276 INFO  segmented.SegmentedRaftLogWorker (SegmentedRaftLogWorker.java:close(254)) - s3@group-E0CF8C87AB81-SegmentedRaftLogWorker close()
2024-12-14 12:23:34,276 INFO  raftlog.RaftLog (SegmentedRaftLog.java:close(576)) - Successfully closed s3@group-E0CF8C87AB81-SegmentedRaftLog:CLOSED:c-1
2024-12-14 12:23:34,304 INFO  segmented.SegmentedRaftLogWorker (SegmentedRaftLogWorker.java:close(254)) - s4@group-E0CF8C87AB81-SegmentedRaftLogWorker close()
2024-12-14 12:23:34,304 INFO  raftlog.RaftLog (SegmentedRaftLog.java:close(576)) - Successfully closed s4@group-E0CF8C87AB81-SegmentedRaftLog:CLOSED:c-1
2024-12-14 12:23:34,323 INFO  segmented.SegmentedRaftLogWorker (SegmentedRaftLogWorker.java:close(254)) - s5@group-E0CF8C87AB81-SegmentedRaftLogWorker close()
2024-12-14 12:23:34,323 INFO  raftlog.RaftLog (SegmentedRaftLog.java:close(576)) - Successfully closed s5@group-E0CF8C87AB81-SegmentedRaftLog:CLOSED:c-1
2024-12-14 12:23:34,338 INFO  segmented.SegmentedRaftLogWorker (SegmentedRaftLogWorker.java:close(254)) - s6@group-E0CF8C87AB81-SegmentedRaftLogWorker close()
2024-12-14 12:23:34,338 INFO  raftlog.RaftLog (SegmentedRaftLog.java:close(576)) - Successfully closed s6@group-E0CF8C87AB81-SegmentedRaftLog:CLOSED:c-1
2024-12-14 12:23:34,353 INFO  segmented.SegmentedRaftLogWorker (SegmentedRaftLogWorker.java:close(254)) - s7@group-E0CF8C87AB81-SegmentedRaftLogWorker close()
2024-12-14 12:23:34,354 INFO  raftlog.RaftLog (SegmentedRaftLog.java:close(576)) - Successfully closed s7@group-E0CF8C87AB81-SegmentedRaftLog:CLOSED:c-1
2024-12-14 12:23:34,366 INFO  segmented.SegmentedRaftLogWorker (SegmentedRaftLogWorker.java:close(254)) - s8@group-E0CF8C87AB81-SegmentedRaftLogWorker close()
2024-12-14 12:23:34,366 INFO  raftlog.RaftLog (SegmentedRaftLog.java:close(576)) - Successfully closed s8@group-E0CF8C87AB81-SegmentedRaftLog:CLOSED:c-1
2024-12-14 12:23:34,384 INFO  segmented.SegmentedRaftLogWorker (SegmentedRaftLogWorker.java:close(254)) - s9@group-E0CF8C87AB81-SegmentedRaftLogWorker close()
2024-12-14 12:23:34,385 INFO  raftlog.RaftLog (SegmentedRaftLog.java:close(576)) - Successfully closed s9@group-E0CF8C87AB81-SegmentedRaftLog:CLOSED:c-1
2024-12-14 12:23:34,400 INFO  segmented.SegmentedRaftLogWorker (SegmentedRaftLogWorker.java:close(254)) - s11@group-E0CF8C87AB81-SegmentedRaftLogWorker close()
2024-12-14 12:23:34,400 INFO  raftlog.RaftLog (SegmentedRaftLog.java:close(576)) - Successfully closed s11@group-E0CF8C87AB81-SegmentedRaftLog:CLOSED:c-1
2024-12-14 12:23:34,408 INFO  segmented.SegmentedRaftLogWorker (SegmentedRaftLogWorker.java:close(254)) - s10@group-E0CF8C87AB81-SegmentedRaftLogWorker close()
2024-12-14 12:23:34,408 INFO  raftlog.RaftLog (SegmentedRaftLog.java:close(576)) - Successfully closed s10@group-E0CF8C87AB81-SegmentedRaftLog:CLOSED:c-1
2024-12-14 12:23:34,420 INFO  segmented.SegmentedRaftLogWorker (SegmentedRaftLogWorker.java:close(254)) - s13@group-E0CF8C87AB81-SegmentedRaftLogWorker close()
2024-12-14 12:23:34,420 INFO  raftlog.RaftLog (SegmentedRaftLog.java:close(576)) - Successfully closed s13@group-E0CF8C87AB81-SegmentedRaftLog:CLOSED:c-1
2024-12-14 12:23:34,431 INFO  segmented.SegmentedRaftLogWorker (SegmentedRaftLogWorker.java:close(254)) - s12@group-E0CF8C87AB81-SegmentedRaftLogWorker close()
2024-12-14 12:23:34,431 INFO  raftlog.RaftLog (SegmentedRaftLog.java:close(576)) - Successfully closed s12@group-E0CF8C87AB81-SegmentedRaftLog:CLOSED:c-1
2024-12-14 12:23:34,443 INFO  segmented.SegmentedRaftLogWorker (SegmentedRaftLogWorker.java:close(254)) - s14@group-E0CF8C87AB81-SegmentedRaftLogWorker close()
2024-12-14 12:23:34,443 INFO  raftlog.RaftLog (SegmentedRaftLog.java:close(576)) - Successfully closed s14@group-E0CF8C87AB81-SegmentedRaftLog:CLOSED:c-1
2024-12-14 12:23:34,456 INFO  segmented.SegmentedRaftLogWorker (SegmentedRaftLogWorker.java:close(254)) - s0@group-E0CF8C87AB81-SegmentedRaftLogWorker close()
2024-12-14 12:23:34,456 INFO  raftlog.RaftLog (SegmentedRaftLog.java:close(576)) - Successfully closed s0@group-E0CF8C87AB81-SegmentedRaftLog:CLOSED:c-1
2024-12-14 12:23:34,468 INFO  segmented.SegmentedRaftLogWorker (SegmentedRaftLogWorker.java:close(254)) - s1@group-E0CF8C87AB81-SegmentedRaftLogWorker close()
2024-12-14 12:23:34,468 INFO  raftlog.RaftLog (SegmentedRaftLog.java:close(576)) - Successfully closed s1@group-E0CF8C87AB81-SegmentedRaftLog:CLOSED:c-1
2024-12-14 12:23:34,478 INFO  segmented.SegmentedRaftLogWorker (SegmentedRaftLogWorker.java:close(254)) - s2@group-E0CF8C87AB81-SegmentedRaftLogWorker close()
2024-12-14 12:23:34,478 INFO  raftlog.RaftLog (SegmentedRaftLog.java:close(576)) - Successfully closed s2@group-E0CF8C87AB81-SegmentedRaftLog:CLOSED:c-1
2024-12-14 12:23:35,029 INFO  segmented.SegmentedRaftLogWorker (SegmentedRaftLogWorker.java:close(254)) - s2@group-4E8C8EA4E78F-SegmentedRaftLogWorker close()
2024-12-14 12:23:35,029 INFO  segmented.SegmentedRaftLogWorker (SegmentedRaftLogWorker.java:close(254)) - s10@group-4E8C8EA4E78F-SegmentedRaftLogWorker close()
2024-12-14 12:23:35,029 INFO  segmented.SegmentedRaftLogWorker (SegmentedRaftLogWorker.java:close(254)) - s1@group-4E8C8EA4E78F-SegmentedRaftLogWorker close()
2024-12-14 12:23:35,032 INFO  raftlog.RaftLog (SegmentedRaftLog.java:close(576)) - Successfully closed s2@group-4E8C8EA4E78F-SegmentedRaftLog:CLOSED:c217
2024-12-14 12:23:35,032 INFO  raftlog.RaftLog (SegmentedRaftLog.java:close(576)) - Successfully closed s10@group-4E8C8EA4E78F-SegmentedRaftLog:CLOSED:c217
2024-12-14 12:23:35,033 INFO  raftlog.RaftLog (SegmentedRaftLog.java:close(576)) - Successfully closed s1@group-4E8C8EA4E78F-SegmentedRaftLog:CLOSED:c217
2024-12-14 12:23:35,038 INFO  util.JvmPauseMonitor (JvmPauseMonitor.java:run(152)) - JvmPauseMonitor-s10: Stopped
2024-12-14 12:23:35,039 INFO  util.JvmPauseMonitor (JvmPauseMonitor.java:run(152)) - JvmPauseMonitor-s2: Stopped
2024-12-14 12:23:35,039 INFO  util.JvmPauseMonitor (JvmPauseMonitor.java:run(152)) - JvmPauseMonitor-s1: Stopped
2024-12-14 12:23:35,107 WARN  impl.MiniRaftCluster (MiniRaftCluster.java:shutdown(872)) - 1/30: Not yet able to shutdown executor, will wait again ...
2024-12-14 12:23:35,109 INFO  segmented.SegmentedRaftLogWorker (SegmentedRaftLogWorker.java:close(254)) - s3@group-4E8C8EA4E78F-SegmentedRaftLogWorker close()
2024-12-14 12:23:35,112 INFO  raftlog.RaftLog (SegmentedRaftLog.java:close(576)) - Successfully closed s3@group-4E8C8EA4E78F-SegmentedRaftLog:CLOSED:c252
2024-12-14 12:23:35,113 INFO  segmented.SegmentedRaftLogWorker (SegmentedRaftLogWorker.java:close(254)) - s11@group-4E8C8EA4E78F-SegmentedRaftLogWorker close()
2024-12-14 12:23:35,114 INFO  util.JvmPauseMonitor (JvmPauseMonitor.java:run(152)) - JvmPauseMonitor-s3: Stopped
2024-12-14 12:23:35,114 INFO  segmented.SegmentedRaftLogWorker (SegmentedRaftLogWorker.java:close(254)) - s14@group-4E8C8EA4E78F-SegmentedRaftLogWorker close()
2024-12-14 12:23:35,115 INFO  segmented.SegmentedRaftLogWorker (SegmentedRaftLogWorker.java:close(254)) - s7@group-4E8C8EA4E78F-SegmentedRaftLogWorker close()
2024-12-14 12:23:35,115 INFO  segmented.SegmentedRaftLogWorker (SegmentedRaftLogWorker.java:close(254)) - s0@group-4E8C8EA4E78F-SegmentedRaftLogWorker close()
2024-12-14 12:23:35,116 INFO  segmented.SegmentedRaftLogWorker (SegmentedRaftLogWorker.java:close(254)) - s6@group-4E8C8EA4E78F-SegmentedRaftLogWorker close()
2024-12-14 12:23:35,116 INFO  segmented.SegmentedRaftLogWorker (SegmentedRaftLogWorker.java:close(254)) - s4@group-4E8C8EA4E78F-SegmentedRaftLogWorker close()
2024-12-14 12:23:35,116 INFO  segmented.SegmentedRaftLogWorker (SegmentedRaftLogWorker.java:close(254)) - s12@group-4E8C8EA4E78F-SegmentedRaftLogWorker close()
2024-12-14 12:23:35,116 INFO  raftlog.RaftLog (SegmentedRaftLog.java:close(576)) - Successfully closed s14@group-4E8C8EA4E78F-SegmentedRaftLog:CLOSED:c251
2024-12-14 12:23:35,116 INFO  segmented.SegmentedRaftLogWorker (SegmentedRaftLogWorker.java:close(254)) - s8@group-4E8C8EA4E78F-SegmentedRaftLogWorker close()
2024-12-14 12:23:35,117 INFO  segmented.SegmentedRaftLogWorker (SegmentedRaftLogWorker.java:close(254)) - s5@group-4E8C8EA4E78F-SegmentedRaftLogWorker close()
2024-12-14 12:23:35,117 INFO  segmented.SegmentedRaftLogWorker (SegmentedRaftLogWorker.java:close(254)) - s13@group-4E8C8EA4E78F-SegmentedRaftLogWorker close()
2024-12-14 12:23:35,117 INFO  util.JvmPauseMonitor (JvmPauseMonitor.java:run(152)) - JvmPauseMonitor-s14: Stopped
2024-12-14 12:23:35,117 INFO  segmented.SegmentedRaftLogWorker (SegmentedRaftLogWorker.java:close(254)) - s9@group-4E8C8EA4E78F-SegmentedRaftLogWorker close()
2024-12-14 12:23:35,123 INFO  raftlog.RaftLog (SegmentedRaftLog.java:close(576)) - Successfully closed s9@group-4E8C8EA4E78F-SegmentedRaftLog:CLOSED:c251
2024-12-14 12:23:35,123 INFO  raftlog.RaftLog (SegmentedRaftLog.java:close(576)) - Successfully closed s7@group-4E8C8EA4E78F-SegmentedRaftLog:CLOSED:c251
2024-12-14 12:23:35,124 INFO  raftlog.RaftLog (SegmentedRaftLog.java:close(576)) - Successfully closed s13@group-4E8C8EA4E78F-SegmentedRaftLog:CLOSED:c251
2024-12-14 12:23:35,124 INFO  raftlog.RaftLog (SegmentedRaftLog.java:close(576)) - Successfully closed s11@group-4E8C8EA4E78F-SegmentedRaftLog:CLOSED:c251
2024-12-14 12:23:35,124 INFO  raftlog.RaftLog (SegmentedRaftLog.java:close(576)) - Successfully closed s0@group-4E8C8EA4E78F-SegmentedRaftLog:CLOSED:c251
2024-12-14 12:23:35,124 INFO  raftlog.RaftLog (SegmentedRaftLog.java:close(576)) - Successfully closed s4@group-4E8C8EA4E78F-SegmentedRaftLog:CLOSED:c251
2024-12-14 12:23:35,124 INFO  raftlog.RaftLog (SegmentedRaftLog.java:close(576)) - Successfully closed s8@group-4E8C8EA4E78F-SegmentedRaftLog:CLOSED:c251
2024-12-14 12:23:35,124 INFO  raftlog.RaftLog (SegmentedRaftLog.java:close(576)) - Successfully closed s12@group-4E8C8EA4E78F-SegmentedRaftLog:CLOSED:c251
2024-12-14 12:23:35,124 INFO  raftlog.RaftLog (SegmentedRaftLog.java:close(576)) - Successfully closed s6@group-4E8C8EA4E78F-SegmentedRaftLog:CLOSED:c251
2024-12-14 12:23:35,125 INFO  raftlog.RaftLog (SegmentedRaftLog.java:close(576)) - Successfully closed s5@group-4E8C8EA4E78F-SegmentedRaftLog:CLOSED:c251
2024-12-14 12:23:35,132 INFO  util.JvmPauseMonitor (JvmPauseMonitor.java:run(152)) - JvmPauseMonitor-s9: Stopped
2024-12-14 12:23:35,133 INFO  util.JvmPauseMonitor (JvmPauseMonitor.java:run(152)) - JvmPauseMonitor-s7: Stopped
2024-12-14 12:23:35,134 INFO  util.JvmPauseMonitor (JvmPauseMonitor.java:run(152)) - JvmPauseMonitor-s13: Stopped
2024-12-14 12:23:35,134 INFO  util.JvmPauseMonitor (JvmPauseMonitor.java:run(152)) - JvmPauseMonitor-s11: Stopped
2024-12-14 12:23:35,134 INFO  util.JvmPauseMonitor (JvmPauseMonitor.java:run(152)) - JvmPauseMonitor-s4: Stopped
2024-12-14 12:23:35,134 INFO  util.JvmPauseMonitor (JvmPauseMonitor.java:run(152)) - JvmPauseMonitor-s0: Stopped
2024-12-14 12:23:35,134 INFO  util.JvmPauseMonitor (JvmPauseMonitor.java:run(152)) - JvmPauseMonitor-s8: Stopped
2024-12-14 12:23:35,135 INFO  util.JvmPauseMonitor (JvmPauseMonitor.java:run(152)) - JvmPauseMonitor-s6: Stopped
2024-12-14 12:23:35,135 INFO  util.JvmPauseMonitor (JvmPauseMonitor.java:run(152)) - JvmPauseMonitor-s5: Stopped
2024-12-14 12:23:35,135 INFO  util.JvmPauseMonitor (JvmPauseMonitor.java:run(152)) - JvmPauseMonitor-s12: Stopped
2024-12-14 12:23:35,136 INFO  impl.MiniRaftCluster (MiniRaftCluster.java:shutdown(885)) - MiniRaftClusterWithSimulatedRpc shutdown completed
2024-12-14 12:23:35,136 INFO  ratis.RaftTestUtil (RaftTestUtil.java:gc(596)) - gc 0
2024-12-14 12:23:35,302 WARN  util.ReferenceCountedLeakDetector (ReferenceCountedLeakDetector.java:logLeakMessage(167)) - LEAK: (class org.apache.ratis.proto.RaftProtos$LogEntryProto, count=1, value=term: 1
index: 219
stateMachineLogEntry {
  logData: "\001\001b\002@\272\274\000\000\000\000\000"
  clientId: "\250\365\177G\370\377H\331\264H8\347;\202\215\215"
  callId: 3131
}
)
2024-12-14 12:23:35,302 WARN  util.LeakDetector (LeakDetector.java:assertNoLeaks(171)) - 0/30) numLeaks == 1 > 0, will wait and retry ...
2024-12-14 12:23:36,303 WARN  util.ReferenceCountedLeakDetector (ReferenceCountedLeakDetector.java:logLeakMessage(167)) - LEAK: (class org.apache.ratis.proto.RaftProtos$LogEntryProto, count=1, value=term: 1
index: 219
stateMachineLogEntry {
  logData: "\001\001b\002@\272\274\000\000\000\000\000"
  clientId: "\250\365\177G\370\377H\331\264H8\347;\202\215\215"
  callId: 3131
}
)
2024-12-14 12:23:36,303 WARN  util.LeakDetector (LeakDetector.java:assertNoLeaks(171)) - 1/30) numLeaks == 1 > 0, will wait and retry ...
2024-12-14 12:23:37,303 WARN  util.ReferenceCountedLeakDetector (ReferenceCountedLeakDetector.java:logLeakMessage(167)) - LEAK: (class org.apache.ratis.proto.RaftProtos$LogEntryProto, count=1, value=term: 1
index: 219
stateMachineLogEntry {
  logData: "\001\001b\002@\272\274\000\000\000\000\000"
  clientId: "\250\365\177G\370\377H\331\264H8\347;\202\215\215"
  callId: 3131
}
)
2024-12-14 12:23:37,304 WARN  util.LeakDetector (LeakDetector.java:assertNoLeaks(171)) - 2/30) numLeaks == 1 > 0, will wait and retry ...
2024-12-14 12:23:38,304 WARN  util.ReferenceCountedLeakDetector (ReferenceCountedLeakDetector.java:logLeakMessage(167)) - LEAK: (class org.apache.ratis.proto.RaftProtos$LogEntryProto, count=1, value=term: 1
index: 219
stateMachineLogEntry {
  logData: "\001\001b\002@\272\274\000\000\000\000\000"
  clientId: "\250\365\177G\370\377H\331\264H8\347;\202\215\215"
  callId: 3131
}
)
2024-12-14 12:23:38,304 WARN  util.LeakDetector (LeakDetector.java:assertNoLeaks(171)) - 3/30) numLeaks == 1 > 0, will wait and retry ...
2024-12-14 12:23:39,305 WARN  util.ReferenceCountedLeakDetector (ReferenceCountedLeakDetector.java:logLeakMessage(167)) - LEAK: (class org.apache.ratis.proto.RaftProtos$LogEntryProto, count=1, value=term: 1
index: 219
stateMachineLogEntry {
  logData: "\001\001b\002@\272\274\000\000\000\000\000"
  clientId: "\250\365\177G\370\377H\331\264H8\347;\202\215\215"
  callId: 3131
}
)
2024-12-14 12:23:39,305 WARN  util.LeakDetector (LeakDetector.java:assertNoLeaks(171)) - 4/30) numLeaks == 1 > 0, will wait and retry ...
2024-12-14 12:23:40,305 WARN  util.ReferenceCountedLeakDetector (ReferenceCountedLeakDetector.java:logLeakMessage(167)) - LEAK: (class org.apache.ratis.proto.RaftProtos$LogEntryProto, count=1, value=term: 1
index: 219
stateMachineLogEntry {
  logData: "\001\001b\002@\272\274\000\000\000\000\000"
  clientId: "\250\365\177G\370\377H\331\264H8\347;\202\215\215"
  callId: 3131
}
)
2024-12-14 12:23:40,306 WARN  util.LeakDetector (LeakDetector.java:assertNoLeaks(171)) - 5/30) numLeaks == 1 > 0, will wait and retry ...
2024-12-14 12:23:41,306 WARN  util.ReferenceCountedLeakDetector (ReferenceCountedLeakDetector.java:logLeakMessage(167)) - LEAK: (class org.apache.ratis.proto.RaftProtos$LogEntryProto, count=1, value=term: 1
index: 219
stateMachineLogEntry {
  logData: "\001\001b\002@\272\274\000\000\000\000\000"
  clientId: "\250\365\177G\370\377H\331\264H8\347;\202\215\215"
  callId: 3131
}
)
2024-12-14 12:23:41,306 WARN  util.LeakDetector (LeakDetector.java:assertNoLeaks(171)) - 6/30) numLeaks == 1 > 0, will wait and retry ...
2024-12-14 12:23:42,307 WARN  util.ReferenceCountedLeakDetector (ReferenceCountedLeakDetector.java:logLeakMessage(167)) - LEAK: (class org.apache.ratis.proto.RaftProtos$LogEntryProto, count=1, value=term: 1
index: 219
stateMachineLogEntry {
  logData: "\001\001b\002@\272\274\000\000\000\000\000"
  clientId: "\250\365\177G\370\377H\331\264H8\347;\202\215\215"
  callId: 3131
}
)
2024-12-14 12:23:42,307 WARN  util.LeakDetector (LeakDetector.java:assertNoLeaks(171)) - 7/30) numLeaks == 1 > 0, will wait and retry ...
2024-12-14 12:23:43,307 WARN  util.ReferenceCountedLeakDetector (ReferenceCountedLeakDetector.java:logLeakMessage(167)) - LEAK: (class org.apache.ratis.proto.RaftProtos$LogEntryProto, count=1, value=term: 1
index: 219
stateMachineLogEntry {
  logData: "\001\001b\002@\272\274\000\000\000\000\000"
  clientId: "\250\365\177G\370\377H\331\264H8\347;\202\215\215"
  callId: 3131
}
)
2024-12-14 12:23:43,308 WARN  util.LeakDetector (LeakDetector.java:assertNoLeaks(171)) - 8/30) numLeaks == 1 > 0, will wait and retry ...
2024-12-14 12:23:44,308 WARN  util.ReferenceCountedLeakDetector (ReferenceCountedLeakDetector.java:logLeakMessage(167)) - LEAK: (class org.apache.ratis.proto.RaftProtos$LogEntryProto, count=1, value=term: 1
index: 219
stateMachineLogEntry {
  logData: "\001\001b\002@\272\274\000\000\000\000\000"
  clientId: "\250\365\177G\370\377H\331\264H8\347;\202\215\215"
  callId: 3131
}
)
2024-12-14 12:23:44,309 WARN  util.LeakDetector (LeakDetector.java:assertNoLeaks(171)) - 9/30) numLeaks == 1 > 0, will wait and retry ...
2024-12-14 12:23:45,309 WARN  util.ReferenceCountedLeakDetector (ReferenceCountedLeakDetector.java:logLeakMessage(167)) - LEAK: (class org.apache.ratis.proto.RaftProtos$LogEntryProto, count=1, value=term: 1
index: 219
stateMachineLogEntry {
  logData: "\001\001b\002@\272\274\000\000\000\000\000"
  clientId: "\250\365\177G\370\377H\331\264H8\347;\202\215\215"
  callId: 3131
}
)
2024-12-14 12:23:45,309 WARN  util.LeakDetector (LeakDetector.java:assertNoLeaks(171)) - 10/30) numLeaks == 1 > 0, will wait and retry ...
2024-12-14 12:23:46,310 WARN  util.ReferenceCountedLeakDetector (ReferenceCountedLeakDetector.java:logLeakMessage(167)) - LEAK: (class org.apache.ratis.proto.RaftProtos$LogEntryProto, count=1, value=term: 1
index: 219
stateMachineLogEntry {
  logData: "\001\001b\002@\272\274\000\000\000\000\000"
  clientId: "\250\365\177G\370\377H\331\264H8\347;\202\215\215"
  callId: 3131
}
)
2024-12-14 12:23:46,310 WARN  util.LeakDetector (LeakDetector.java:assertNoLeaks(171)) - 11/30) numLeaks == 1 > 0, will wait and retry ...
2024-12-14 12:23:47,310 WARN  util.ReferenceCountedLeakDetector (ReferenceCountedLeakDetector.java:logLeakMessage(167)) - LEAK: (class org.apache.ratis.proto.RaftProtos$LogEntryProto, count=1, value=term: 1
index: 219
stateMachineLogEntry {
  logData: "\001\001b\002@\272\274\000\000\000\000\000"
  clientId: "\250\365\177G\370\377H\331\264H8\347;\202\215\215"
  callId: 3131
}
)
2024-12-14 12:23:47,311 WARN  util.LeakDetector (LeakDetector.java:assertNoLeaks(171)) - 12/30) numLeaks == 1 > 0, will wait and retry ...
2024-12-14 12:23:48,311 WARN  util.ReferenceCountedLeakDetector (ReferenceCountedLeakDetector.java:logLeakMessage(167)) - LEAK: (class org.apache.ratis.proto.RaftProtos$LogEntryProto, count=1, value=term: 1
index: 219
stateMachineLogEntry {
  logData: "\001\001b\002@\272\274\000\000\000\000\000"
  clientId: "\250\365\177G\370\377H\331\264H8\347;\202\215\215"
  callId: 3131
}
)
2024-12-14 12:23:48,311 WARN  util.LeakDetector (LeakDetector.java:assertNoLeaks(171)) - 13/30) numLeaks == 1 > 0, will wait and retry ...
2024-12-14 12:23:49,312 WARN  util.ReferenceCountedLeakDetector (ReferenceCountedLeakDetector.java:logLeakMessage(167)) - LEAK: (class org.apache.ratis.proto.RaftProtos$LogEntryProto, count=1, value=term: 1
index: 219
stateMachineLogEntry {
  logData: "\001\001b\002@\272\274\000\000\000\000\000"
  clientId: "\250\365\177G\370\377H\331\264H8\347;\202\215\215"
  callId: 3131
}
)
2024-12-14 12:23:49,312 WARN  util.LeakDetector (LeakDetector.java:assertNoLeaks(171)) - 14/30) numLeaks == 1 > 0, will wait and retry ...
2024-12-14 12:23:50,312 WARN  util.ReferenceCountedLeakDetector (ReferenceCountedLeakDetector.java:logLeakMessage(167)) - LEAK: (class org.apache.ratis.proto.RaftProtos$LogEntryProto, count=1, value=term: 1
index: 219
stateMachineLogEntry {
  logData: "\001\001b\002@\272\274\000\000\000\000\000"
  clientId: "\250\365\177G\370\377H\331\264H8\347;\202\215\215"
  callId: 3131
}
)
2024-12-14 12:23:50,313 WARN  util.LeakDetector (LeakDetector.java:assertNoLeaks(171)) - 15/30) numLeaks == 1 > 0, will wait and retry ...
2024-12-14 12:23:51,313 WARN  util.ReferenceCountedLeakDetector (ReferenceCountedLeakDetector.java:logLeakMessage(167)) - LEAK: (class org.apache.ratis.proto.RaftProtos$LogEntryProto, count=1, value=term: 1
index: 219
stateMachineLogEntry {
  logData: "\001\001b\002@\272\274\000\000\000\000\000"
  clientId: "\250\365\177G\370\377H\331\264H8\347;\202\215\215"
  callId: 3131
}
)
2024-12-14 12:23:51,313 WARN  util.LeakDetector (LeakDetector.java:assertNoLeaks(171)) - 16/30) numLeaks == 1 > 0, will wait and retry ...
2024-12-14 12:23:52,314 WARN  util.ReferenceCountedLeakDetector (ReferenceCountedLeakDetector.java:logLeakMessage(167)) - LEAK: (class org.apache.ratis.proto.RaftProtos$LogEntryProto, count=1, value=term: 1
index: 219
stateMachineLogEntry {
  logData: "\001\001b\002@\272\274\000\000\000\000\000"
  clientId: "\250\365\177G\370\377H\331\264H8\347;\202\215\215"
  callId: 3131
}
)
2024-12-14 12:23:52,314 WARN  util.LeakDetector (LeakDetector.java:assertNoLeaks(171)) - 17/30) numLeaks == 1 > 0, will wait and retry ...
2024-12-14 12:23:53,314 WARN  util.ReferenceCountedLeakDetector (ReferenceCountedLeakDetector.java:logLeakMessage(167)) - LEAK: (class org.apache.ratis.proto.RaftProtos$LogEntryProto, count=1, value=term: 1
index: 219
stateMachineLogEntry {
  logData: "\001\001b\002@\272\274\000\000\000\000\000"
  clientId: "\250\365\177G\370\377H\331\264H8\347;\202\215\215"
  callId: 3131
}
)
2024-12-14 12:23:53,315 WARN  util.LeakDetector (LeakDetector.java:assertNoLeaks(171)) - 18/30) numLeaks == 1 > 0, will wait and retry ...
2024-12-14 12:23:54,315 WARN  util.ReferenceCountedLeakDetector (ReferenceCountedLeakDetector.java:logLeakMessage(167)) - LEAK: (class org.apache.ratis.proto.RaftProtos$LogEntryProto, count=1, value=term: 1
index: 219
stateMachineLogEntry {
  logData: "\001\001b\002@\272\274\000\000\000\000\000"
  clientId: "\250\365\177G\370\377H\331\264H8\347;\202\215\215"
  callId: 3131
}
)
2024-12-14 12:23:54,315 WARN  util.LeakDetector (LeakDetector.java:assertNoLeaks(171)) - 19/30) numLeaks == 1 > 0, will wait and retry ...
2024-12-14 12:23:55,316 WARN  util.ReferenceCountedLeakDetector (ReferenceCountedLeakDetector.java:logLeakMessage(167)) - LEAK: (class org.apache.ratis.proto.RaftProtos$LogEntryProto, count=1, value=term: 1
index: 219
stateMachineLogEntry {
  logData: "\001\001b\002@\272\274\000\000\000\000\000"
  clientId: "\250\365\177G\370\377H\331\264H8\347;\202\215\215"
  callId: 3131
}
)
2024-12-14 12:23:55,316 WARN  util.LeakDetector (LeakDetector.java:assertNoLeaks(171)) - 20/30) numLeaks == 1 > 0, will wait and retry ...
2024-12-14 12:23:56,316 WARN  util.ReferenceCountedLeakDetector (ReferenceCountedLeakDetector.java:logLeakMessage(167)) - LEAK: (class org.apache.ratis.proto.RaftProtos$LogEntryProto, count=1, value=term: 1
index: 219
stateMachineLogEntry {
  logData: "\001\001b\002@\272\274\000\000\000\000\000"
  clientId: "\250\365\177G\370\377H\331\264H8\347;\202\215\215"
  callId: 3131
}
)
2024-12-14 12:23:56,317 WARN  util.LeakDetector (LeakDetector.java:assertNoLeaks(171)) - 21/30) numLeaks == 1 > 0, will wait and retry ...
2024-12-14 12:23:57,317 WARN  util.ReferenceCountedLeakDetector (ReferenceCountedLeakDetector.java:logLeakMessage(167)) - LEAK: (class org.apache.ratis.proto.RaftProtos$LogEntryProto, count=1, value=term: 1
index: 219
stateMachineLogEntry {
  logData: "\001\001b\002@\272\274\000\000\000\000\000"
  clientId: "\250\365\177G\370\377H\331\264H8\347;\202\215\215"
  callId: 3131
}
)
2024-12-14 12:23:57,317 WARN  util.LeakDetector (LeakDetector.java:assertNoLeaks(171)) - 22/30) numLeaks == 1 > 0, will wait and retry ...
2024-12-14 12:23:58,318 WARN  util.ReferenceCountedLeakDetector (ReferenceCountedLeakDetector.java:logLeakMessage(167)) - LEAK: (class org.apache.ratis.proto.RaftProtos$LogEntryProto, count=1, value=term: 1
index: 219
stateMachineLogEntry {
  logData: "\001\001b\002@\272\274\000\000\000\000\000"
  clientId: "\250\365\177G\370\377H\331\264H8\347;\202\215\215"
  callId: 3131
}
)
2024-12-14 12:23:58,318 WARN  util.LeakDetector (LeakDetector.java:assertNoLeaks(171)) - 23/30) numLeaks == 1 > 0, will wait and retry ...
2024-12-14 12:23:59,318 WARN  util.ReferenceCountedLeakDetector (ReferenceCountedLeakDetector.java:logLeakMessage(167)) - LEAK: (class org.apache.ratis.proto.RaftProtos$LogEntryProto, count=1, value=term: 1
index: 219
stateMachineLogEntry {
  logData: "\001\001b\002@\272\274\000\000\000\000\000"
  clientId: "\250\365\177G\370\377H\331\264H8\347;\202\215\215"
  callId: 3131
}
)
2024-12-14 12:23:59,319 WARN  util.LeakDetector (LeakDetector.java:assertNoLeaks(171)) - 24/30) numLeaks == 1 > 0, will wait and retry ...
2024-12-14 12:24:00,319 WARN  util.ReferenceCountedLeakDetector (ReferenceCountedLeakDetector.java:logLeakMessage(167)) - LEAK: (class org.apache.ratis.proto.RaftProtos$LogEntryProto, count=1, value=term: 1
index: 219
stateMachineLogEntry {
  logData: "\001\001b\002@\272\274\000\000\000\000\000"
  clientId: "\250\365\177G\370\377H\331\264H8\347;\202\215\215"
  callId: 3131
}
)
2024-12-14 12:24:00,320 WARN  util.LeakDetector (LeakDetector.java:assertNoLeaks(171)) - 25/30) numLeaks == 1 > 0, will wait and retry ...
2024-12-14 12:24:01,320 WARN  util.ReferenceCountedLeakDetector (ReferenceCountedLeakDetector.java:logLeakMessage(167)) - LEAK: (class org.apache.ratis.proto.RaftProtos$LogEntryProto, count=1, value=term: 1
index: 219
stateMachineLogEntry {
  logData: "\001\001b\002@\272\274\000\000\000\000\000"
  clientId: "\250\365\177G\370\377H\331\264H8\347;\202\215\215"
  callId: 3131
}
)
2024-12-14 12:24:01,320 WARN  util.LeakDetector (LeakDetector.java:assertNoLeaks(171)) - 26/30) numLeaks == 1 > 0, will wait and retry ...
2024-12-14 12:24:02,321 WARN  util.ReferenceCountedLeakDetector (ReferenceCountedLeakDetector.java:logLeakMessage(167)) - LEAK: (class org.apache.ratis.proto.RaftProtos$LogEntryProto, count=1, value=term: 1
index: 219
stateMachineLogEntry {
  logData: "\001\001b\002@\272\274\000\000\000\000\000"
  clientId: "\250\365\177G\370\377H\331\264H8\347;\202\215\215"
  callId: 3131
}
)
2024-12-14 12:24:02,321 WARN  util.LeakDetector (LeakDetector.java:assertNoLeaks(171)) - 27/30) numLeaks == 1 > 0, will wait and retry ...
2024-12-14 12:24:03,321 WARN  util.ReferenceCountedLeakDetector (ReferenceCountedLeakDetector.java:logLeakMessage(167)) - LEAK: (class org.apache.ratis.proto.RaftProtos$LogEntryProto, count=1, value=term: 1
index: 219
stateMachineLogEntry {
  logData: "\001\001b\002@\272\274\000\000\000\000\000"
  clientId: "\250\365\177G\370\377H\331\264H8\347;\202\215\215"
  callId: 3131
}
)
2024-12-14 12:24:03,322 WARN  util.LeakDetector (LeakDetector.java:assertNoLeaks(171)) - 28/30) numLeaks == 1 > 0, will wait and retry ...
2024-12-14 12:24:04,322 WARN  util.ReferenceCountedLeakDetector (ReferenceCountedLeakDetector.java:logLeakMessage(167)) - LEAK: (class org.apache.ratis.proto.RaftProtos$LogEntryProto, count=1, value=term: 1
index: 219
stateMachineLogEntry {
  logData: "\001\001b\002@\272\274\000\000\000\000\000"
  clientId: "\250\365\177G\370\377H\331\264H8\347;\202\215\215"
  callId: 3131
}
)
2024-12-14 12:24:04,322 WARN  util.LeakDetector (LeakDetector.java:assertNoLeaks(171)) - 29/30) numLeaks == 1 > 0, will wait and retry ...
2024-12-14 12:24:05,322 WARN  util.ReferenceCountedLeakDetector (ReferenceCountedLeakDetector.java:logLeakMessage(167)) - LEAK: (class org.apache.ratis.proto.RaftProtos$LogEntryProto, count=1, value=term: 1
index: 219
stateMachineLogEntry {
  logData: "\001\001b\002@\272\274\000\000\000\000\000"
  clientId: "\250\365\177G\370\377H\331\264H8\347;\202\215\215"
  callId: 3131
}
)
2024-12-14 12:24:05,334 INFO  impl.MiniRaftCluster (MiniRaftCluster.java:shutdown(847)) - ************************************************************** 
2024-12-14 12:24:05,335 INFO  impl.MiniRaftCluster (MiniRaftCluster.java:shutdown(848)) - *** 
2024-12-14 12:24:05,335 INFO  impl.MiniRaftCluster (MiniRaftCluster.java:shutdown(849)) - ***     Stopping MiniRaftClusterWithSimulatedRpc
2024-12-14 12:24:05,335 INFO  impl.MiniRaftCluster (MiniRaftCluster.java:shutdown(850)) - *** 
2024-12-14 12:24:05,335 INFO  impl.MiniRaftCluster (MiniRaftCluster.java:shutdown(851)) - ************************************************************** 
2024-12-14 12:24:05,336 INFO  impl.MiniRaftCluster (MiniRaftCluster.java:shutdown(852)) - printing ALL groups
  s3:   CLOSED [
   FOLLOWER s3@group-E0CF8C87AB81:t0, leader=null, voted=, raftlog=Memoized:s3@group-E0CF8C87AB81-SegmentedRaftLog:CLOSED:c-1, conf=conf: {index: -1, cur=peers:[]|listeners:[], old=null} CLOSED
     LEADER s3@group-4E8C8EA4E78F:t1, leader=s3, voted=s3, raftlog=Memoized:s3@group-4E8C8EA4E78F-SegmentedRaftLog:CLOSED:c252, conf=conf: {index: 131, cur=peers:[s3, s4, s5, s6, s7, s8, s9, s11, s10, s13, s12, s14, s0, s1, s2]|listeners:[], old=null} CLOSED] size=2
  s4:   CLOSED [
   FOLLOWER s4@group-E0CF8C87AB81:t0, leader=null, voted=, raftlog=Memoized:s4@group-E0CF8C87AB81-SegmentedRaftLog:CLOSED:c-1, conf=conf: {index: -1, cur=peers:[]|listeners:[], old=null} CLOSED
   FOLLOWER s4@group-4E8C8EA4E78F:t1, leader=s3, voted=null, raftlog=Memoized:s4@group-4E8C8EA4E78F-SegmentedRaftLog:CLOSED:c251, conf=conf: {index: 131, cur=peers:[s3|, s4|, s5|, s6|, s7|, s8|, s9|, s11|, s10|, s13|, s12|, s14|, s0|, s1|, s2|]|listeners:[], old=null} CLOSED] size=2
  s5:   CLOSED [
   FOLLOWER s5@group-E0CF8C87AB81:t0, leader=null, voted=, raftlog=Memoized:s5@group-E0CF8C87AB81-SegmentedRaftLog:CLOSED:c-1, conf=conf: {index: -1, cur=peers:[]|listeners:[], old=null} CLOSED
   FOLLOWER s5@group-4E8C8EA4E78F:t1, leader=s3, voted=null, raftlog=Memoized:s5@group-4E8C8EA4E78F-SegmentedRaftLog:CLOSED:c251, conf=conf: {index: 131, cur=peers:[s3|, s4|, s5|, s6|, s7|, s8|, s9|, s11|, s10|, s13|, s12|, s14|, s0|, s1|, s2|]|listeners:[], old=null} CLOSED] size=2
  s6:   CLOSED [
   FOLLOWER s6@group-E0CF8C87AB81:t0, leader=null, voted=, raftlog=Memoized:s6@group-E0CF8C87AB81-SegmentedRaftLog:CLOSED:c-1, conf=conf: {index: -1, cur=peers:[]|listeners:[], old=null} CLOSED
   FOLLOWER s6@group-4E8C8EA4E78F:t1, leader=s3, voted=null, raftlog=Memoized:s6@group-4E8C8EA4E78F-SegmentedRaftLog:CLOSED:c251, conf=conf: {index: 131, cur=peers:[s3|, s4|, s5|, s6|, s7|, s8|, s9|, s11|, s10|, s13|, s12|, s14|, s0|, s1|, s2|]|listeners:[], old=null} CLOSED] size=2
  s7:   CLOSED [
   FOLLOWER s7@group-E0CF8C87AB81:t0, leader=null, voted=, raftlog=Memoized:s7@group-E0CF8C87AB81-SegmentedRaftLog:CLOSED:c-1, conf=conf: {index: -1, cur=peers:[]|listeners:[], old=null} CLOSED
   FOLLOWER s7@group-4E8C8EA4E78F:t1, leader=s3, voted=null, raftlog=Memoized:s7@group-4E8C8EA4E78F-SegmentedRaftLog:CLOSED:c251, conf=conf: {index: 131, cur=peers:[s3|, s4|, s5|, s6|, s7|, s8|, s9|, s11|, s10|, s13|, s12|, s14|, s0|, s1|, s2|]|listeners:[], old=null} CLOSED] size=2
  s8:   CLOSED [
   FOLLOWER s8@group-E0CF8C87AB81:t0, leader=null, voted=, raftlog=Memoized:s8@group-E0CF8C87AB81-SegmentedRaftLog:CLOSED:c-1, conf=conf: {index: -1, cur=peers:[]|listeners:[], old=null} CLOSED
   FOLLOWER s8@group-4E8C8EA4E78F:t1, leader=s3, voted=null, raftlog=Memoized:s8@group-4E8C8EA4E78F-SegmentedRaftLog:CLOSED:c251, conf=conf: {index: 131, cur=peers:[s3|, s4|, s5|, s6|, s7|, s8|, s9|, s11|, s10|, s13|, s12|, s14|, s0|, s1|, s2|]|listeners:[], old=null} CLOSED] size=2
  s9:   CLOSED [
   FOLLOWER s9@group-E0CF8C87AB81:t0, leader=null, voted=, raftlog=Memoized:s9@group-E0CF8C87AB81-SegmentedRaftLog:CLOSED:c-1, conf=conf: {index: -1, cur=peers:[]|listeners:[], old=null} CLOSED
   FOLLOWER s9@group-4E8C8EA4E78F:t1, leader=s3, voted=null, raftlog=Memoized:s9@group-4E8C8EA4E78F-SegmentedRaftLog:CLOSED:c251, conf=conf: {index: 131, cur=peers:[s3|, s4|, s5|, s6|, s7|, s8|, s9|, s11|, s10|, s13|, s12|, s14|, s0|, s1|, s2|]|listeners:[], old=null} CLOSED] size=2
  s11:   CLOSED [
   FOLLOWER s11@group-E0CF8C87AB81:t0, leader=null, voted=, raftlog=Memoized:s11@group-E0CF8C87AB81-SegmentedRaftLog:CLOSED:c-1, conf=conf: {index: -1, cur=peers:[]|listeners:[], old=null} CLOSED
   FOLLOWER s11@group-4E8C8EA4E78F:t1, leader=s3, voted=null, raftlog=Memoized:s11@group-4E8C8EA4E78F-SegmentedRaftLog:CLOSED:c251, conf=conf: {index: 131, cur=peers:[s3|, s4|, s5|, s6|, s7|, s8|, s9|, s11|, s10|, s13|, s12|, s14|, s0|, s1|, s2|]|listeners:[], old=null} CLOSED] size=2
  s10:   CLOSED [
   FOLLOWER s10@group-E0CF8C87AB81:t0, leader=null, voted=, raftlog=Memoized:s10@group-E0CF8C87AB81-SegmentedRaftLog:CLOSED:c-1, conf=conf: {index: -1, cur=peers:[]|listeners:[], old=null} CLOSED
   FOLLOWER s10@group-4E8C8EA4E78F:t1, leader=s3, voted=null, raftlog=Memoized:s10@group-4E8C8EA4E78F-SegmentedRaftLog:CLOSED:c217, conf=conf: {index: 131, cur=peers:[s3|, s4|, s5|, s6|, s7|, s8|, s9|, s11|, s10|, s13|, s12|, s14|, s0|, s1|, s2|]|listeners:[], old=null} CLOSED] size=2
  s13:   CLOSED [
   FOLLOWER s13@group-E0CF8C87AB81:t0, leader=null, voted=, raftlog=Memoized:s13@group-E0CF8C87AB81-SegmentedRaftLog:CLOSED:c-1, conf=conf: {index: -1, cur=peers:[]|listeners:[], old=null} CLOSED
   FOLLOWER s13@group-4E8C8EA4E78F:t1, leader=s3, voted=null, raftlog=Memoized:s13@group-4E8C8EA4E78F-SegmentedRaftLog:CLOSED:c251, conf=conf: {index: 131, cur=peers:[s3|, s4|, s5|, s6|, s7|, s8|, s9|, s11|, s10|, s13|, s12|, s14|, s0|, s1|, s2|]|listeners:[], old=null} CLOSED] size=2
  s12:   CLOSED [
   FOLLOWER s12@group-E0CF8C87AB81:t0, leader=null, voted=, raftlog=Memoized:s12@group-E0CF8C87AB81-SegmentedRaftLog:CLOSED:c-1, conf=conf: {index: -1, cur=peers:[]|listeners:[], old=null} CLOSED
   FOLLOWER s12@group-4E8C8EA4E78F:t1, leader=s3, voted=null, raftlog=Memoized:s12@group-4E8C8EA4E78F-SegmentedRaftLog:CLOSED:c251, conf=conf: {index: 131, cur=peers:[s3|, s4|, s5|, s6|, s7|, s8|, s9|, s11|, s10|, s13|, s12|, s14|, s0|, s1|, s2|]|listeners:[], old=null} CLOSED] size=2
  s14:   CLOSED [
   FOLLOWER s14@group-E0CF8C87AB81:t0, leader=null, voted=, raftlog=Memoized:s14@group-E0CF8C87AB81-SegmentedRaftLog:CLOSED:c-1, conf=conf: {index: -1, cur=peers:[]|listeners:[], old=null} CLOSED
   FOLLOWER s14@group-4E8C8EA4E78F:t1, leader=s3, voted=s3, raftlog=Memoized:s14@group-4E8C8EA4E78F-SegmentedRaftLog:CLOSED:c251, conf=conf: {index: 131, cur=peers:[s3|, s4|, s5|, s6|, s7|, s8|, s9|, s11|, s10|, s13|, s12|, s14|, s0|, s1|, s2|]|listeners:[], old=null} CLOSED] size=2
  s0:   CLOSED [
   FOLLOWER s0@group-E0CF8C87AB81:t0, leader=null, voted=, raftlog=Memoized:s0@group-E0CF8C87AB81-SegmentedRaftLog:CLOSED:c-1, conf=conf: {index: -1, cur=peers:[]|listeners:[], old=null} CLOSED
   FOLLOWER s0@group-4E8C8EA4E78F:t1, leader=s3, voted=null, raftlog=Memoized:s0@group-4E8C8EA4E78F-SegmentedRaftLog:CLOSED:c251, conf=conf: {index: 131, cur=peers:[s3|, s4|, s5|, s6|, s7|, s8|, s9|, s11|, s10|, s13|, s12|, s14|, s0|, s1|, s2|]|listeners:[], old=null} CLOSED] size=2
  s1:   CLOSED [
   FOLLOWER s1@group-E0CF8C87AB81:t0, leader=null, voted=, raftlog=Memoized:s1@group-E0CF8C87AB81-SegmentedRaftLog:CLOSED:c-1, conf=conf: {index: -1, cur=peers:[]|listeners:[], old=null} CLOSED
   FOLLOWER s1@group-4E8C8EA4E78F:t1, leader=s3, voted=null, raftlog=Memoized:s1@group-4E8C8EA4E78F-SegmentedRaftLog:CLOSED:c217, conf=conf: {index: 131, cur=peers:[s3|, s4|, s5|, s6|, s7|, s8|, s9|, s11|, s10|, s13|, s12|, s14|, s0|, s1|, s2|]|listeners:[], old=null} CLOSED] size=2
  s2:   CLOSED [
   FOLLOWER s2@group-E0CF8C87AB81:t0, leader=null, voted=, raftlog=Memoized:s2@group-E0CF8C87AB81-SegmentedRaftLog:CLOSED:c-1, conf=conf: {index: -1, cur=peers:[]|listeners:[], old=null} CLOSED
   FOLLOWER s2@group-4E8C8EA4E78F:t1, leader=s3, voted=s3, raftlog=Memoized:s2@group-4E8C8EA4E78F-SegmentedRaftLog:CLOSED:c217, conf=conf: {index: 131, cur=peers:[s3|, s4|, s5|, s6|, s7|, s8|, s9|, s11|, s10|, s13|, s12|, s14|, s0|, s1|, s2|]|listeners:[], old=null} CLOSED] size=2
2024-12-14 12:24:05,339 INFO  impl.MiniRaftCluster (MiniRaftCluster.java:shutdown(885)) - MiniRaftClusterWithSimulatedRpc shutdown completed
2024-12-14 12:24:05,339 INFO  ratis.RaftTestUtil (RaftTestUtil.java:gc(596)) - gc 0
2024-12-14 12:24:05,486 WARN  util.ReferenceCountedLeakDetector (ReferenceCountedLeakDetector.java:logLeakMessage(167)) - LEAK: (class org.apache.ratis.proto.RaftProtos$LogEntryProto, count=1, value=term: 1
index: 219
stateMachineLogEntry {
  logData: "\001\001b\002@\272\274\000\000\000\000\000"
  clientId: "\250\365\177G\370\377H\331\264H8\347;\202\215\215"
  callId: 3131
}
)
2024-12-14 12:24:05,486 WARN  util.LeakDetector (LeakDetector.java:assertNoLeaks(171)) - 0/30) numLeaks == 1 > 0, will wait and retry ...
2024-12-14 12:24:06,486 WARN  util.ReferenceCountedLeakDetector (ReferenceCountedLeakDetector.java:logLeakMessage(167)) - LEAK: (class org.apache.ratis.proto.RaftProtos$LogEntryProto, count=1, value=term: 1
index: 219
stateMachineLogEntry {
  logData: "\001\001b\002@\272\274\000\000\000\000\000"
  clientId: "\250\365\177G\370\377H\331\264H8\347;\202\215\215"
  callId: 3131
}
)
2024-12-14 12:24:06,487 WARN  util.LeakDetector (LeakDetector.java:assertNoLeaks(171)) - 1/30) numLeaks == 1 > 0, will wait and retry ...
2024-12-14 12:24:07,487 WARN  util.ReferenceCountedLeakDetector (ReferenceCountedLeakDetector.java:logLeakMessage(167)) - LEAK: (class org.apache.ratis.proto.RaftProtos$LogEntryProto, count=1, value=term: 1
index: 219
stateMachineLogEntry {
  logData: "\001\001b\002@\272\274\000\000\000\000\000"
  clientId: "\250\365\177G\370\377H\331\264H8\347;\202\215\215"
  callId: 3131
}
)
2024-12-14 12:24:07,488 WARN  util.LeakDetector (LeakDetector.java:assertNoLeaks(171)) - 2/30) numLeaks == 1 > 0, will wait and retry ...
2024-12-14 12:24:08,488 WARN  util.ReferenceCountedLeakDetector (ReferenceCountedLeakDetector.java:logLeakMessage(167)) - LEAK: (class org.apache.ratis.proto.RaftProtos$LogEntryProto, count=1, value=term: 1
index: 219
stateMachineLogEntry {
  logData: "\001\001b\002@\272\274\000\000\000\000\000"
  clientId: "\250\365\177G\370\377H\331\264H8\347;\202\215\215"
  callId: 3131
}
)
2024-12-14 12:24:08,488 WARN  util.LeakDetector (LeakDetector.java:assertNoLeaks(171)) - 3/30) numLeaks == 1 > 0, will wait and retry ...
2024-12-14 12:24:09,489 WARN  util.ReferenceCountedLeakDetector (ReferenceCountedLeakDetector.java:logLeakMessage(167)) - LEAK: (class org.apache.ratis.proto.RaftProtos$LogEntryProto, count=1, value=term: 1
index: 219
stateMachineLogEntry {
  logData: "\001\001b\002@\272\274\000\000\000\000\000"
  clientId: "\250\365\177G\370\377H\331\264H8\347;\202\215\215"
  callId: 3131
}
)
2024-12-14 12:24:09,489 WARN  util.LeakDetector (LeakDetector.java:assertNoLeaks(171)) - 4/30) numLeaks == 1 > 0, will wait and retry ...
2024-12-14 12:24:10,489 WARN  util.ReferenceCountedLeakDetector (ReferenceCountedLeakDetector.java:logLeakMessage(167)) - LEAK: (class org.apache.ratis.proto.RaftProtos$LogEntryProto, count=1, value=term: 1
index: 219
stateMachineLogEntry {
  logData: "\001\001b\002@\272\274\000\000\000\000\000"
  clientId: "\250\365\177G\370\377H\331\264H8\347;\202\215\215"
  callId: 3131
}
)
2024-12-14 12:24:10,490 WARN  util.LeakDetector (LeakDetector.java:assertNoLeaks(171)) - 5/30) numLeaks == 1 > 0, will wait and retry ...
2024-12-14 12:24:11,490 WARN  util.ReferenceCountedLeakDetector (ReferenceCountedLeakDetector.java:logLeakMessage(167)) - LEAK: (class org.apache.ratis.proto.RaftProtos$LogEntryProto, count=1, value=term: 1
index: 219
stateMachineLogEntry {
  logData: "\001\001b\002@\272\274\000\000\000\000\000"
  clientId: "\250\365\177G\370\377H\331\264H8\347;\202\215\215"
  callId: 3131
}
)
2024-12-14 12:24:11,490 WARN  util.LeakDetector (LeakDetector.java:assertNoLeaks(171)) - 6/30) numLeaks == 1 > 0, will wait and retry ...
2024-12-14 12:24:12,490 WARN  util.ReferenceCountedLeakDetector (ReferenceCountedLeakDetector.java:logLeakMessage(167)) - LEAK: (class org.apache.ratis.proto.RaftProtos$LogEntryProto, count=1, value=term: 1
index: 219
stateMachineLogEntry {
  logData: "\001\001b\002@\272\274\000\000\000\000\000"
  clientId: "\250\365\177G\370\377H\331\264H8\347;\202\215\215"
  callId: 3131
}
)
2024-12-14 12:24:12,491 WARN  util.LeakDetector (LeakDetector.java:assertNoLeaks(171)) - 7/30) numLeaks == 1 > 0, will wait and retry ...
2024-12-14 12:24:13,491 WARN  util.ReferenceCountedLeakDetector (ReferenceCountedLeakDetector.java:logLeakMessage(167)) - LEAK: (class org.apache.ratis.proto.RaftProtos$LogEntryProto, count=1, value=term: 1
index: 219
stateMachineLogEntry {
  logData: "\001\001b\002@\272\274\000\000\000\000\000"
  clientId: "\250\365\177G\370\377H\331\264H8\347;\202\215\215"
  callId: 3131
}
)
2024-12-14 12:24:13,492 WARN  util.LeakDetector (LeakDetector.java:assertNoLeaks(171)) - 8/30) numLeaks == 1 > 0, will wait and retry ...
2024-12-14 12:24:14,492 WARN  util.ReferenceCountedLeakDetector (ReferenceCountedLeakDetector.java:logLeakMessage(167)) - LEAK: (class org.apache.ratis.proto.RaftProtos$LogEntryProto, count=1, value=term: 1
index: 219
stateMachineLogEntry {
  logData: "\001\001b\002@\272\274\000\000\000\000\000"
  clientId: "\250\365\177G\370\377H\331\264H8\347;\202\215\215"
  callId: 3131
}
)
2024-12-14 12:24:14,492 WARN  util.LeakDetector (LeakDetector.java:assertNoLeaks(171)) - 9/30) numLeaks == 1 > 0, will wait and retry ...
2024-12-14 12:24:15,492 WARN  util.ReferenceCountedLeakDetector (ReferenceCountedLeakDetector.java:logLeakMessage(167)) - LEAK: (class org.apache.ratis.proto.RaftProtos$LogEntryProto, count=1, value=term: 1
index: 219
stateMachineLogEntry {
  logData: "\001\001b\002@\272\274\000\000\000\000\000"
  clientId: "\250\365\177G\370\377H\331\264H8\347;\202\215\215"
  callId: 3131
}
)
2024-12-14 12:24:15,493 WARN  util.LeakDetector (LeakDetector.java:assertNoLeaks(171)) - 10/30) numLeaks == 1 > 0, will wait and retry ...
2024-12-14 12:24:16,493 WARN  util.ReferenceCountedLeakDetector (ReferenceCountedLeakDetector.java:logLeakMessage(167)) - LEAK: (class org.apache.ratis.proto.RaftProtos$LogEntryProto, count=1, value=term: 1
index: 219
stateMachineLogEntry {
  logData: "\001\001b\002@\272\274\000\000\000\000\000"
  clientId: "\250\365\177G\370\377H\331\264H8\347;\202\215\215"
  callId: 3131
}
)
2024-12-14 12:24:16,493 WARN  util.LeakDetector (LeakDetector.java:assertNoLeaks(171)) - 11/30) numLeaks == 1 > 0, will wait and retry ...
2024-12-14 12:24:17,494 WARN  util.ReferenceCountedLeakDetector (ReferenceCountedLeakDetector.java:logLeakMessage(167)) - LEAK: (class org.apache.ratis.proto.RaftProtos$LogEntryProto, count=1, value=term: 1
index: 219
stateMachineLogEntry {
  logData: "\001\001b\002@\272\274\000\000\000\000\000"
  clientId: "\250\365\177G\370\377H\331\264H8\347;\202\215\215"
  callId: 3131
}
)
2024-12-14 12:24:17,494 WARN  util.LeakDetector (LeakDetector.java:assertNoLeaks(171)) - 12/30) numLeaks == 1 > 0, will wait and retry ...
2024-12-14 12:24:18,494 WARN  util.ReferenceCountedLeakDetector (ReferenceCountedLeakDetector.java:logLeakMessage(167)) - LEAK: (class org.apache.ratis.proto.RaftProtos$LogEntryProto, count=1, value=term: 1
index: 219
stateMachineLogEntry {
  logData: "\001\001b\002@\272\274\000\000\000\000\000"
  clientId: "\250\365\177G\370\377H\331\264H8\347;\202\215\215"
  callId: 3131
}
)
2024-12-14 12:24:18,495 WARN  util.LeakDetector (LeakDetector.java:assertNoLeaks(171)) - 13/30) numLeaks == 1 > 0, will wait and retry ...
2024-12-14 12:24:19,495 WARN  util.ReferenceCountedLeakDetector (ReferenceCountedLeakDetector.java:logLeakMessage(167)) - LEAK: (class org.apache.ratis.proto.RaftProtos$LogEntryProto, count=1, value=term: 1
index: 219
stateMachineLogEntry {
  logData: "\001\001b\002@\272\274\000\000\000\000\000"
  clientId: "\250\365\177G\370\377H\331\264H8\347;\202\215\215"
  callId: 3131
}
)
2024-12-14 12:24:19,495 WARN  util.LeakDetector (LeakDetector.java:assertNoLeaks(171)) - 14/30) numLeaks == 1 > 0, will wait and retry ...
2024-12-14 12:24:20,496 WARN  util.ReferenceCountedLeakDetector (ReferenceCountedLeakDetector.java:logLeakMessage(167)) - LEAK: (class org.apache.ratis.proto.RaftProtos$LogEntryProto, count=1, value=term: 1
index: 219
stateMachineLogEntry {
  logData: "\001\001b\002@\272\274\000\000\000\000\000"
  clientId: "\250\365\177G\370\377H\331\264H8\347;\202\215\215"
  callId: 3131
}
)
2024-12-14 12:24:20,496 WARN  util.LeakDetector (LeakDetector.java:assertNoLeaks(171)) - 15/30) numLeaks == 1 > 0, will wait and retry ...
2024-12-14 12:24:21,496 WARN  util.ReferenceCountedLeakDetector (ReferenceCountedLeakDetector.java:logLeakMessage(167)) - LEAK: (class org.apache.ratis.proto.RaftProtos$LogEntryProto, count=1, value=term: 1
index: 219
stateMachineLogEntry {
  logData: "\001\001b\002@\272\274\000\000\000\000\000"
  clientId: "\250\365\177G\370\377H\331\264H8\347;\202\215\215"
  callId: 3131
}
)
2024-12-14 12:24:21,496 WARN  util.LeakDetector (LeakDetector.java:assertNoLeaks(171)) - 16/30) numLeaks == 1 > 0, will wait and retry ...
2024-12-14 12:24:22,497 WARN  util.ReferenceCountedLeakDetector (ReferenceCountedLeakDetector.java:logLeakMessage(167)) - LEAK: (class org.apache.ratis.proto.RaftProtos$LogEntryProto, count=1, value=term: 1
index: 219
stateMachineLogEntry {
  logData: "\001\001b\002@\272\274\000\000\000\000\000"
  clientId: "\250\365\177G\370\377H\331\264H8\347;\202\215\215"
  callId: 3131
}
)
2024-12-14 12:24:22,497 WARN  util.LeakDetector (LeakDetector.java:assertNoLeaks(171)) - 17/30) numLeaks == 1 > 0, will wait and retry ...
2024-12-14 12:24:23,497 WARN  util.ReferenceCountedLeakDetector (ReferenceCountedLeakDetector.java:logLeakMessage(167)) - LEAK: (class org.apache.ratis.proto.RaftProtos$LogEntryProto, count=1, value=term: 1
index: 219
stateMachineLogEntry {
  logData: "\001\001b\002@\272\274\000\000\000\000\000"
  clientId: "\250\365\177G\370\377H\331\264H8\347;\202\215\215"
  callId: 3131
}
)
2024-12-14 12:24:23,498 WARN  util.LeakDetector (LeakDetector.java:assertNoLeaks(171)) - 18/30) numLeaks == 1 > 0, will wait and retry ...
2024-12-14 12:24:24,498 WARN  util.ReferenceCountedLeakDetector (ReferenceCountedLeakDetector.java:logLeakMessage(167)) - LEAK: (class org.apache.ratis.proto.RaftProtos$LogEntryProto, count=1, value=term: 1
index: 219
stateMachineLogEntry {
  logData: "\001\001b\002@\272\274\000\000\000\000\000"
  clientId: "\250\365\177G\370\377H\331\264H8\347;\202\215\215"
  callId: 3131
}
)
2024-12-14 12:24:24,498 WARN  util.LeakDetector (LeakDetector.java:assertNoLeaks(171)) - 19/30) numLeaks == 1 > 0, will wait and retry ...
2024-12-14 12:24:25,499 WARN  util.ReferenceCountedLeakDetector (ReferenceCountedLeakDetector.java:logLeakMessage(167)) - LEAK: (class org.apache.ratis.proto.RaftProtos$LogEntryProto, count=1, value=term: 1
index: 219
stateMachineLogEntry {
  logData: "\001\001b\002@\272\274\000\000\000\000\000"
  clientId: "\250\365\177G\370\377H\331\264H8\347;\202\215\215"
  callId: 3131
}
)
2024-12-14 12:24:25,499 WARN  util.LeakDetector (LeakDetector.java:assertNoLeaks(171)) - 20/30) numLeaks == 1 > 0, will wait and retry ...
2024-12-14 12:24:26,499 WARN  util.ReferenceCountedLeakDetector (ReferenceCountedLeakDetector.java:logLeakMessage(167)) - LEAK: (class org.apache.ratis.proto.RaftProtos$LogEntryProto, count=1, value=term: 1
index: 219
stateMachineLogEntry {
  logData: "\001\001b\002@\272\274\000\000\000\000\000"
  clientId: "\250\365\177G\370\377H\331\264H8\347;\202\215\215"
  callId: 3131
}
)
2024-12-14 12:24:26,500 WARN  util.LeakDetector (LeakDetector.java:assertNoLeaks(171)) - 21/30) numLeaks == 1 > 0, will wait and retry ...
2024-12-14 12:24:27,500 WARN  util.ReferenceCountedLeakDetector (ReferenceCountedLeakDetector.java:logLeakMessage(167)) - LEAK: (class org.apache.ratis.proto.RaftProtos$LogEntryProto, count=1, value=term: 1
index: 219
stateMachineLogEntry {
  logData: "\001\001b\002@\272\274\000\000\000\000\000"
  clientId: "\250\365\177G\370\377H\331\264H8\347;\202\215\215"
  callId: 3131
}
)
2024-12-14 12:24:27,500 WARN  util.LeakDetector (LeakDetector.java:assertNoLeaks(171)) - 22/30) numLeaks == 1 > 0, will wait and retry ...
2024-12-14 12:24:28,500 WARN  util.ReferenceCountedLeakDetector (ReferenceCountedLeakDetector.java:logLeakMessage(167)) - LEAK: (class org.apache.ratis.proto.RaftProtos$LogEntryProto, count=1, value=term: 1
index: 219
stateMachineLogEntry {
  logData: "\001\001b\002@\272\274\000\000\000\000\000"
  clientId: "\250\365\177G\370\377H\331\264H8\347;\202\215\215"
  callId: 3131
}
)
2024-12-14 12:24:28,501 WARN  util.LeakDetector (LeakDetector.java:assertNoLeaks(171)) - 23/30) numLeaks == 1 > 0, will wait and retry ...
2024-12-14 12:24:29,501 WARN  util.ReferenceCountedLeakDetector (ReferenceCountedLeakDetector.java:logLeakMessage(167)) - LEAK: (class org.apache.ratis.proto.RaftProtos$LogEntryProto, count=1, value=term: 1
index: 219
stateMachineLogEntry {
  logData: "\001\001b\002@\272\274\000\000\000\000\000"
  clientId: "\250\365\177G\370\377H\331\264H8\347;\202\215\215"
  callId: 3131
}
)
2024-12-14 12:24:29,501 WARN  util.LeakDetector (LeakDetector.java:assertNoLeaks(171)) - 24/30) numLeaks == 1 > 0, will wait and retry ...
2024-12-14 12:24:30,502 WARN  util.ReferenceCountedLeakDetector (ReferenceCountedLeakDetector.java:logLeakMessage(167)) - LEAK: (class org.apache.ratis.proto.RaftProtos$LogEntryProto, count=1, value=term: 1
index: 219
stateMachineLogEntry {
  logData: "\001\001b\002@\272\274\000\000\000\000\000"
  clientId: "\250\365\177G\370\377H\331\264H8\347;\202\215\215"
  callId: 3131
}
)
2024-12-14 12:24:30,502 WARN  util.LeakDetector (LeakDetector.java:assertNoLeaks(171)) - 25/30) numLeaks == 1 > 0, will wait and retry ...
2024-12-14 12:24:31,502 WARN  util.ReferenceCountedLeakDetector (ReferenceCountedLeakDetector.java:logLeakMessage(167)) - LEAK: (class org.apache.ratis.proto.RaftProtos$LogEntryProto, count=1, value=term: 1
index: 219
stateMachineLogEntry {
  logData: "\001\001b\002@\272\274\000\000\000\000\000"
  clientId: "\250\365\177G\370\377H\331\264H8\347;\202\215\215"
  callId: 3131
}
)
2024-12-14 12:24:31,503 WARN  util.LeakDetector (LeakDetector.java:assertNoLeaks(171)) - 26/30) numLeaks == 1 > 0, will wait and retry ...
2024-12-14 12:24:32,503 WARN  util.ReferenceCountedLeakDetector (ReferenceCountedLeakDetector.java:logLeakMessage(167)) - LEAK: (class org.apache.ratis.proto.RaftProtos$LogEntryProto, count=1, value=term: 1
index: 219
stateMachineLogEntry {
  logData: "\001\001b\002@\272\274\000\000\000\000\000"
  clientId: "\250\365\177G\370\377H\331\264H8\347;\202\215\215"
  callId: 3131
}
)
2024-12-14 12:24:32,503 WARN  util.LeakDetector (LeakDetector.java:assertNoLeaks(171)) - 27/30) numLeaks == 1 > 0, will wait and retry ...
2024-12-14 12:24:33,504 WARN  util.ReferenceCountedLeakDetector (ReferenceCountedLeakDetector.java:logLeakMessage(167)) - LEAK: (class org.apache.ratis.proto.RaftProtos$LogEntryProto, count=1, value=term: 1
index: 219
stateMachineLogEntry {
  logData: "\001\001b\002@\272\274\000\000\000\000\000"
  clientId: "\250\365\177G\370\377H\331\264H8\347;\202\215\215"
  callId: 3131
}
)
2024-12-14 12:24:33,504 WARN  util.LeakDetector (LeakDetector.java:assertNoLeaks(171)) - 28/30) numLeaks == 1 > 0, will wait and retry ...
2024-12-14 12:24:34,504 WARN  util.ReferenceCountedLeakDetector (ReferenceCountedLeakDetector.java:logLeakMessage(167)) - LEAK: (class org.apache.ratis.proto.RaftProtos$LogEntryProto, count=1, value=term: 1
index: 219
stateMachineLogEntry {
  logData: "\001\001b\002@\272\274\000\000\000\000\000"
  clientId: "\250\365\177G\370\377H\331\264H8\347;\202\215\215"
  callId: 3131
}
)
2024-12-14 12:24:34,505 WARN  util.LeakDetector (LeakDetector.java:assertNoLeaks(171)) - 29/30) numLeaks == 1 > 0, will wait and retry ...
2024-12-14 12:24:35,505 WARN  util.ReferenceCountedLeakDetector (ReferenceCountedLeakDetector.java:logLeakMessage(167)) - LEAK: (class org.apache.ratis.proto.RaftProtos$LogEntryProto, count=1, value=term: 1
index: 219
stateMachineLogEntry {
  logData: "\001\001b\002@\272\274\000\000\000\000\000"
  clientId: "\250\365\177G\370\377H\331\264H8\347;\202\215\215"
  callId: 3131
}
)
]]></system-out>
  </testcase>
  <testcase name="testMultiRaftGroup(MiniRaftCluster)[2]" classname="org.apache.ratis.TestMultiRaftGroup" time="83.14">
    <error type="java.lang.IllegalStateException"><![CDATA[java.lang.IllegalStateException: #leaks = 1 > 0, #leaks == set.size = 1
	at org.apache.ratis.util.Preconditions.assertTrue(Preconditions.java:77)
	at org.apache.ratis.util.LeakDetector$LeakTrackerSet.assertNoLeaks(LeakDetector.java:100)
	at org.apache.ratis.util.LeakDetector$LeakTrackerSet.getNumLeaks(LeakDetector.java:94)
	at org.apache.ratis.util.LeakDetector.assertNoLeaks(LeakDetector.java:174)
	at org.apache.ratis.server.impl.MiniRaftCluster.shutdown(MiniRaftCluster.java:894)
	at org.apache.ratis.grpc.MiniRaftClusterWithGrpc.shutdown(MiniRaftClusterWithGrpc.java:97)
	at org.apache.ratis.server.impl.GroupManagementBaseTest.runMultiGroupTest(GroupManagementBaseTest.java:341)
	at org.apache.ratis.TestMultiRaftGroup.runTestMultiRaftGroup(TestMultiRaftGroup.java:63)
	at org.apache.ratis.TestMultiRaftGroup.runTestMultiRaftGroup(TestMultiRaftGroup.java:49)
	at org.apache.ratis.TestMultiRaftGroup.testMultiRaftGroup(TestMultiRaftGroup.java:45)
	at java.lang.reflect.Method.invoke(Method.java:498)
	at java.util.stream.ForEachOps$ForEachOp$OfRef.accept(ForEachOps.java:183)
	at java.util.stream.ReferencePipeline$3$1.accept(ReferencePipeline.java:193)
	at java.util.stream.ReferencePipeline$2$1.accept(ReferencePipeline.java:175)
	at java.util.stream.ReferencePipeline$3$1.accept(ReferencePipeline.java:193)
	at java.util.stream.ForEachOps$ForEachOp$OfRef.accept(ForEachOps.java:183)
	at java.util.stream.ReferencePipeline$3$1.accept(ReferencePipeline.java:193)
	at java.util.stream.ForEachOps$ForEachOp$OfRef.accept(ForEachOps.java:183)
	at java.util.stream.ForEachOps$ForEachOp$OfRef.accept(ForEachOps.java:183)
	at java.util.stream.ReferencePipeline$3$1.accept(ReferencePipeline.java:193)
	at java.util.ArrayList$ArrayListSpliterator.forEachRemaining(ArrayList.java:1384)
	at java.util.stream.ReferencePipeline$Head.forEach(ReferencePipeline.java:647)
	at java.util.stream.ReferencePipeline$7$1.accept(ReferencePipeline.java:272)
	at java.util.stream.ReferencePipeline$3$1.accept(ReferencePipeline.java:193)
	at java.util.stream.ReferencePipeline$3$1.accept(ReferencePipeline.java:193)
	at java.util.stream.ReferencePipeline$3$1.accept(ReferencePipeline.java:193)
	at java.util.Spliterators$ArraySpliterator.forEachRemaining(Spliterators.java:948)
	at java.util.stream.AbstractPipeline.copyInto(AbstractPipeline.java:482)
	at java.util.stream.AbstractPipeline.wrapAndCopyInto(AbstractPipeline.java:472)
	at java.util.stream.ForEachOps$ForEachOp.evaluateSequential(ForEachOps.java:150)
	at java.util.stream.ForEachOps$ForEachOp$OfRef.evaluateSequential(ForEachOps.java:173)
	at java.util.stream.AbstractPipeline.evaluate(AbstractPipeline.java:234)
	at java.util.stream.ReferencePipeline.forEach(ReferencePipeline.java:485)
	at java.util.stream.ReferencePipeline$7$1.accept(ReferencePipeline.java:272)
	at java.util.ArrayList$ArrayListSpliterator.forEachRemaining(ArrayList.java:1384)
	at java.util.stream.AbstractPipeline.copyInto(AbstractPipeline.java:482)
	at java.util.stream.AbstractPipeline.wrapAndCopyInto(AbstractPipeline.java:472)
	at java.util.stream.ForEachOps$ForEachOp.evaluateSequential(ForEachOps.java:150)
	at java.util.stream.ForEachOps$ForEachOp$OfRef.evaluateSequential(ForEachOps.java:173)
	at java.util.stream.AbstractPipeline.evaluate(AbstractPipeline.java:234)
	at java.util.stream.ReferencePipeline.forEach(ReferencePipeline.java:485)
	at java.util.stream.ReferencePipeline$7$1.accept(ReferencePipeline.java:272)
	at java.util.stream.ReferencePipeline$3$1.accept(ReferencePipeline.java:193)
	at java.util.stream.ReferencePipeline$3$1.accept(ReferencePipeline.java:193)
	at java.util.stream.ReferencePipeline$3$1.accept(ReferencePipeline.java:193)
	at java.util.ArrayList$ArrayListSpliterator.forEachRemaining(ArrayList.java:1384)
	at java.util.stream.AbstractPipeline.copyInto(AbstractPipeline.java:482)
	at java.util.stream.AbstractPipeline.wrapAndCopyInto(AbstractPipeline.java:472)
	at java.util.stream.ForEachOps$ForEachOp.evaluateSequential(ForEachOps.java:150)
	at java.util.stream.ForEachOps$ForEachOp$OfRef.evaluateSequential(ForEachOps.java:173)
	at java.util.stream.AbstractPipeline.evaluate(AbstractPipeline.java:234)
	at java.util.stream.ReferencePipeline.forEach(ReferencePipeline.java:485)
	at java.util.stream.ReferencePipeline$7$1.accept(ReferencePipeline.java:272)
	at java.util.ArrayList$ArrayListSpliterator.forEachRemaining(ArrayList.java:1384)
	at java.util.stream.AbstractPipeline.copyInto(AbstractPipeline.java:482)
	at java.util.stream.AbstractPipeline.wrapAndCopyInto(AbstractPipeline.java:472)
	at java.util.stream.ForEachOps$ForEachOp.evaluateSequential(ForEachOps.java:150)
	at java.util.stream.ForEachOps$ForEachOp$OfRef.evaluateSequential(ForEachOps.java:173)
	at java.util.stream.AbstractPipeline.evaluate(AbstractPipeline.java:234)
	at java.util.stream.ReferencePipeline.forEach(ReferencePipeline.java:485)
	at java.util.ArrayList.forEach(ArrayList.java:1259)
	at java.util.ArrayList.forEach(ArrayList.java:1259)
	Suppressed: org.junit.platform.commons.JUnitException: Failed to close extension context
		... 51 more
	Caused by: java.lang.IllegalStateException: #leaks = 1 > 0, #leaks == set.size = 1
		at org.apache.ratis.util.Preconditions.assertTrue(Preconditions.java:77)
		at org.apache.ratis.util.LeakDetector$LeakTrackerSet.assertNoLeaks(LeakDetector.java:100)
		at org.apache.ratis.util.LeakDetector$LeakTrackerSet.getNumLeaks(LeakDetector.java:94)
		at org.apache.ratis.util.LeakDetector.assertNoLeaks(LeakDetector.java:174)
		at org.apache.ratis.server.impl.MiniRaftCluster.shutdown(MiniRaftCluster.java:894)
		at org.apache.ratis.grpc.MiniRaftClusterWithGrpc.shutdown(MiniRaftClusterWithGrpc.java:97)
		at org.apache.ratis.server.impl.MiniRaftCluster.close(MiniRaftCluster.java:843)
		at java.util.stream.ForEachOps$ForEachOp$OfRef.accept(ForEachOps.java:183)
		at java.util.ArrayList.forEach(ArrayList.java:1259)
		at java.util.stream.SortedOps$RefSortingSink.end(SortedOps.java:395)
		at java.util.stream.Sink$ChainedReference.end(Sink.java:258)
		at java.util.stream.Sink$ChainedReference.end(Sink.java:258)
		at java.util.stream.AbstractPipeline.copyInto(AbstractPipeline.java:483)
		at java.util.stream.AbstractPipeline.wrapAndCopyInto(AbstractPipeline.java:472)
		at java.util.stream.ForEachOps$ForEachOp.evaluateSequential(ForEachOps.java:150)
		at java.util.stream.ForEachOps$ForEachOp$OfRef.evaluateSequential(ForEachOps.java:173)
		at java.util.stream.AbstractPipeline.evaluate(AbstractPipeline.java:234)
		at java.util.stream.ReferencePipeline.forEach(ReferencePipeline.java:485)
		... 51 more
]]></error>
    <system-out><![CDATA[2024-12-14 12:24:35,518 INFO  util.LogUtils (Slf4jUtils.java:setLogLevel(38)) - Successfully set org.apache.ratis.conf.ConfUtils log level to WARN
2024-12-14 12:24:35,518 INFO  util.LogUtils (Slf4jUtils.java:setLogLevel(38)) - Successfully set org.apache.ratis.util.FileUtils log level to TRACE
2024-12-14 12:24:35,519 INFO  impl.GroupManagementBaseTest (GroupManagementBaseTest.java:runMultiGroupTest(251)) - 

runMultiGroupTest with MiniRaftClusterWithGrpc[3, 6, 9, 12, 15]chosen=3: printing ALL groups
2024-12-14 12:24:35,519 INFO  impl.GroupManagementBaseTest (GroupManagementBaseTest.java:runMultiGroupTest(258)) - ids: [s0, s1, s2, s3, s4, s5, s6, s7, s8, s9, s10, s11, s12, s13, s14]
2024-12-14 12:24:35,520 INFO  impl.MiniRaftCluster (MiniRaftCluster.java:newRaftServer(396)) - newRaftServer: s0, group-40388BE3F4D5:[], format? true
2024-12-14 12:24:35,520 TRACE util.FileUtils (FileUtils.java:deleteFully(307)) - deleteFully target/test/data/da5193cb/MiniRaftClusterWithGrpca0a5e6cd/s0
2024-12-14 12:24:35,520 TRACE util.FileUtils (FileUtils.java:deleteFully(320)) - deleteFully: target/test/data/da5193cb/MiniRaftClusterWithGrpca0a5e6cd/s0 does not exist.
2024-12-14 12:24:35,520 INFO  impl.MiniRaftCluster (MiniRaftCluster.java:newRaftServer(401)) - Formatted directory target/test/data/da5193cb/MiniRaftClusterWithGrpca0a5e6cd/s0
2024-12-14 12:24:35,528 INFO  server.RaftServer (ConfUtils.java:logGet(46)) - raft.rpc.type = GRPC (default)
2024-12-14 12:24:35,596 INFO  grpc.GrpcConfigKeys (ConfUtils.java:logFallback(53)) - raft.grpc.admin.host = null (fallback to raft.grpc.server.host)
2024-12-14 12:24:35,596 INFO  grpc.GrpcConfigKeys (ConfUtils.java:logFallback(53)) - raft.grpc.admin.port = 15000 (fallback to raft.grpc.server.port)
2024-12-14 12:24:35,597 INFO  grpc.GrpcConfigKeys (ConfUtils.java:logFallback(53)) - raft.grpc.client.host = null (fallback to raft.grpc.server.host)
2024-12-14 12:24:35,597 INFO  grpc.GrpcConfigKeys (ConfUtils.java:logFallback(53)) - raft.grpc.client.port = 15000 (fallback to raft.grpc.server.port)
2024-12-14 12:24:35,598 INFO  grpc.GrpcConfigKeys (ConfUtils.java:logGet(46)) - raft.grpc.server.host = null (default)
2024-12-14 12:24:35,598 INFO  grpc.GrpcConfigKeys (ConfUtils.java:logGet(46)) - raft.grpc.server.port = 15000 (custom)
2024-12-14 12:24:35,598 INFO  server.GrpcServicesImpl (ConfUtils.java:logGet(46)) - raft.grpc.message.size.max = 64MB (=67108864) (default)
2024-12-14 12:24:35,599 INFO  server.GrpcServicesImpl (ConfUtils.java:logGet(46)) - raft.grpc.flow.control.window = 1MB (=1048576) (default)
2024-12-14 12:24:35,599 INFO  server.RaftServerConfigKeys (ConfUtils.java:logGet(46)) - raft.server.rpc.request.timeout = 3000ms (default)
2024-12-14 12:24:35,600 INFO  grpc.GrpcConfigKeys (ConfUtils.java:logGet(46)) - raft.grpc.server.heartbeat.channel = true (default)
2024-12-14 12:24:35,600 INFO  grpc.GrpcConfigKeys (ConfUtils.java:logGet(46)) - raft.grpc.server.zerocopy.enabled = true (custom)
2024-12-14 12:24:35,600 INFO  server.RaftServerConfigKeys (ConfUtils.java:logGet(46)) - raft.server.log.appender.buffer.byte-limit = 4MB (=4194304) (default)
2024-12-14 12:24:35,605 INFO  grpc.GrpcConfigKeys (ConfUtils.java:logGet(46)) - raft.grpc.server.async.request.thread.pool.cached = true (default)
2024-12-14 12:24:35,605 INFO  grpc.GrpcConfigKeys (ConfUtils.java:logGet(46)) - raft.grpc.server.async.request.thread.pool.size = 32 (default)
2024-12-14 12:24:35,890 INFO  impl.DataStreamServerImpl (ConfUtils.java:logGet(46)) - raft.datastream.type = DISABLED (default)
2024-12-14 12:24:35,891 INFO  server.RaftServerConfigKeys (ConfUtils.java:logGet(46)) - raft.server.sleep.deviation.threshold = 300ms (default)
2024-12-14 12:24:35,891 INFO  server.RaftServerConfigKeys (ConfUtils.java:logGet(46)) - raft.server.close.threshold = 60s (default)
2024-12-14 12:24:35,891 INFO  server.RaftServerConfigKeys (ConfUtils.java:logGet(46)) - raft.server.leaderelection.leader.step-down.wait-time = 10s (default)
2024-12-14 12:24:35,892 INFO  server.RaftServerConfigKeys (ConfUtils.java:logGet(46)) - raft.server.storage.dir = [/home/runner/work/ratis/ratis/ratis-examples/target/test/data/da5193cb/MiniRaftClusterWithGrpca0a5e6cd/s0] (custom)
2024-12-14 12:24:35,892 INFO  server.RaftServerConfigKeys (ConfUtils.java:logGet(46)) - raft.server.threadpool.proxy.cached = true (default)
2024-12-14 12:24:35,892 INFO  server.RaftServerConfigKeys (ConfUtils.java:logGet(46)) - raft.server.threadpool.proxy.size = 0 (default)
2024-12-14 12:24:35,892 INFO  server.RaftServer (RaftServerProxy.java:addNew(101)) - s0: addNew group-40388BE3F4D5:[] returns group-40388BE3F4D5:java.util.concurrent.CompletableFuture@2f4545c6[Not completed]
2024-12-14 12:24:35,893 INFO  impl.MiniRaftCluster (MiniRaftCluster.java:newRaftServer(396)) - newRaftServer: s1, group-40388BE3F4D5:[], format? true
2024-12-14 12:24:35,893 TRACE util.FileUtils (FileUtils.java:deleteFully(307)) - deleteFully target/test/data/da5193cb/MiniRaftClusterWithGrpca0a5e6cd/s1
2024-12-14 12:24:35,893 TRACE util.FileUtils (FileUtils.java:deleteFully(320)) - deleteFully: target/test/data/da5193cb/MiniRaftClusterWithGrpca0a5e6cd/s1 does not exist.
2024-12-14 12:24:35,893 INFO  impl.MiniRaftCluster (MiniRaftCluster.java:newRaftServer(401)) - Formatted directory target/test/data/da5193cb/MiniRaftClusterWithGrpca0a5e6cd/s1
2024-12-14 12:24:35,893 INFO  server.RaftServer (ConfUtils.java:logGet(46)) - raft.rpc.type = GRPC (default)
2024-12-14 12:24:35,894 INFO  grpc.GrpcConfigKeys (ConfUtils.java:logFallback(53)) - raft.grpc.admin.host = null (fallback to raft.grpc.server.host)
2024-12-14 12:24:35,894 INFO  server.RaftServer$Division (RaftServerImpl.java:<init>(256)) - s0: new RaftServerImpl for group-40388BE3F4D5:[] with ArithmeticStateMachine:uninitialized
2024-12-14 12:24:35,894 INFO  grpc.GrpcConfigKeys (ConfUtils.java:logFallback(53)) - raft.grpc.admin.port = 15001 (fallback to raft.grpc.server.port)
2024-12-14 12:24:35,894 INFO  server.RaftServerConfigKeys (ConfUtils.java:logGet(46)) - raft.server.rpc.timeout.min = 300ms (custom)
2024-12-14 12:24:35,894 INFO  grpc.GrpcConfigKeys (ConfUtils.java:logFallback(53)) - raft.grpc.client.host = null (fallback to raft.grpc.server.host)
2024-12-14 12:24:35,894 INFO  server.RaftServerConfigKeys (ConfUtils.java:logGet(46)) - raft.server.rpc.timeout.max = 600ms (custom)
2024-12-14 12:24:35,895 INFO  grpc.GrpcConfigKeys (ConfUtils.java:logFallback(53)) - raft.grpc.client.port = 15001 (fallback to raft.grpc.server.port)
2024-12-14 12:24:35,895 INFO  server.RaftServerConfigKeys (ConfUtils.java:logGet(46)) - raft.server.rpc.sleep.time = 25ms (default)
2024-12-14 12:24:35,895 INFO  grpc.GrpcConfigKeys (ConfUtils.java:logGet(46)) - raft.grpc.server.host = null (default)
2024-12-14 12:24:35,895 INFO  server.RaftServerConfigKeys (ConfUtils.java:logGet(46)) - raft.server.rpc.slowness.timeout = 60s (default)
2024-12-14 12:24:35,895 INFO  grpc.GrpcConfigKeys (ConfUtils.java:logGet(46)) - raft.grpc.server.port = 15001 (custom)
2024-12-14 12:24:35,895 INFO  server.RaftServerConfigKeys (ConfUtils.java:logGet(46)) - raft.server.leaderelection.leader.step-down.wait-time = 10s (default)
2024-12-14 12:24:35,895 INFO  server.GrpcServicesImpl (ConfUtils.java:logGet(46)) - raft.grpc.message.size.max = 64MB (=67108864) (default)
2024-12-14 12:24:35,895 INFO  server.RaftServerConfigKeys (ConfUtils.java:logGet(46)) - raft.server.leaderelection.member.majority-add = false (default)
2024-12-14 12:24:35,895 INFO  server.GrpcServicesImpl (ConfUtils.java:logGet(46)) - raft.grpc.flow.control.window = 1MB (=1048576) (default)
2024-12-14 12:24:35,895 INFO  server.RaftServerConfigKeys (ConfUtils.java:logGet(46)) - raft.server.sleep.deviation.threshold = 300ms (default)
2024-12-14 12:24:35,896 INFO  server.RaftServerConfigKeys (ConfUtils.java:logGet(46)) - raft.server.rpc.request.timeout = 3000ms (default)
2024-12-14 12:24:35,896 INFO  grpc.GrpcConfigKeys (ConfUtils.java:logGet(46)) - raft.grpc.server.heartbeat.channel = true (default)
2024-12-14 12:24:35,896 INFO  grpc.GrpcConfigKeys (ConfUtils.java:logGet(46)) - raft.grpc.server.zerocopy.enabled = true (custom)
2024-12-14 12:24:35,896 INFO  server.RaftServerConfigKeys (ConfUtils.java:logGet(46)) - raft.server.log.appender.buffer.byte-limit = 4MB (=4194304) (default)
2024-12-14 12:24:35,896 INFO  server.RaftServer$Division (ServerState.java:<init>(114)) - s0@group-40388BE3F4D5: ConfigurationManager, init=conf: {index: -1, cur=peers:[]|listeners:[], old=null}, confs=<EMPTY_MAP>
2024-12-14 12:24:35,896 INFO  grpc.GrpcConfigKeys (ConfUtils.java:logGet(46)) - raft.grpc.server.async.request.thread.pool.cached = true (default)
2024-12-14 12:24:35,897 INFO  server.RaftServerConfigKeys (ConfUtils.java:logGet(46)) - raft.server.notification.no-leader.timeout = 60s (default)
2024-12-14 12:24:35,897 INFO  grpc.GrpcConfigKeys (ConfUtils.java:logGet(46)) - raft.grpc.server.async.request.thread.pool.size = 32 (default)
2024-12-14 12:24:35,897 INFO  server.RaftServerConfigKeys (ConfUtils.java:logGet(46)) - raft.server.read.timeout = 10s (default)
2024-12-14 12:24:35,897 INFO  server.RaftServerConfigKeys (ConfUtils.java:logGet(46)) - raft.server.retrycache.expirytime = 60s (default)
2024-12-14 12:24:35,897 INFO  server.RaftServerConfigKeys (ConfUtils.java:logGet(46)) - raft.server.retrycache.statistics.expirytime = 100ms (default)
2024-12-14 12:24:35,898 INFO  server.RaftServerConfigKeys (ConfUtils.java:logGet(46)) - raft.server.read.option = DEFAULT (default)
2024-12-14 12:24:35,898 INFO  server.RaftServerConfigKeys (ConfUtils.java:logGet(46)) - raft.server.read.read-after-write-consistent.write-index-cache.expiry-time = 60s (default)
2024-12-14 12:24:35,898 INFO  impl.DataStreamServerImpl (ConfUtils.java:logGet(46)) - raft.datastream.type = DISABLED (default)
2024-12-14 12:24:35,898 INFO  server.RaftServerConfigKeys (ConfUtils.java:logGet(46)) - raft.server.sleep.deviation.threshold = 300ms (default)
2024-12-14 12:24:35,898 INFO  server.RaftServerConfigKeys (ConfUtils.java:logGet(46)) - raft.server.close.threshold = 60s (default)
2024-12-14 12:24:35,899 INFO  server.RaftServerConfigKeys (ConfUtils.java:logGet(46)) - raft.server.leaderelection.leader.step-down.wait-time = 10s (default)
2024-12-14 12:24:35,899 INFO  server.RaftServerConfigKeys (ConfUtils.java:logGet(46)) - raft.server.storage.dir = [/home/runner/work/ratis/ratis/ratis-examples/target/test/data/da5193cb/MiniRaftClusterWithGrpca0a5e6cd/s1] (custom)
2024-12-14 12:24:35,899 INFO  server.RaftServerConfigKeys (ConfUtils.java:logGet(46)) - raft.server.threadpool.proxy.cached = true (default)
2024-12-14 12:24:35,900 INFO  server.RaftServerConfigKeys (ConfUtils.java:logGet(46)) - raft.server.threadpool.proxy.size = 0 (default)
2024-12-14 12:24:35,899 INFO  server.RaftServerConfigKeys (ConfUtils.java:logGet(46)) - raft.server.rpc.request.timeout = 3000ms (default)
2024-12-14 12:24:35,901 INFO  server.RaftServerConfigKeys (ConfUtils.java:logGet(46)) - raft.server.log.appender.install.snapshot.enabled = true (default)
2024-12-14 12:24:35,901 INFO  server.RaftServerConfigKeys (ConfUtils.java:logGet(46)) - raft.server.threadpool.server.cached = true (default)
2024-12-14 12:24:35,901 INFO  server.RaftServerConfigKeys (ConfUtils.java:logGet(46)) - raft.server.threadpool.server.size = 0 (default)
2024-12-14 12:24:35,901 INFO  server.RaftServerConfigKeys (ConfUtils.java:logGet(46)) - raft.server.threadpool.client.cached = true (default)
2024-12-14 12:24:35,901 INFO  server.RaftServerConfigKeys (ConfUtils.java:logGet(46)) - raft.server.threadpool.client.size = 0 (default)
2024-12-14 12:24:35,905 INFO  server.RaftServer (RaftServerProxy.java:addNew(101)) - s1: addNew group-40388BE3F4D5:[] returns group-40388BE3F4D5:java.util.concurrent.CompletableFuture@6c225adb[Not completed]
2024-12-14 12:24:35,905 INFO  server.RaftServer$Division (RaftServerImpl.java:<init>(256)) - s1: new RaftServerImpl for group-40388BE3F4D5:[] with ArithmeticStateMachine:uninitialized
2024-12-14 12:24:35,905 INFO  impl.MiniRaftCluster (MiniRaftCluster.java:newRaftServer(396)) - newRaftServer: s2, group-40388BE3F4D5:[], format? true
2024-12-14 12:24:35,905 TRACE util.FileUtils (FileUtils.java:deleteFully(307)) - deleteFully target/test/data/da5193cb/MiniRaftClusterWithGrpca0a5e6cd/s2
2024-12-14 12:24:35,905 INFO  server.RaftServerConfigKeys (ConfUtils.java:logGet(46)) - raft.server.rpc.timeout.min = 300ms (custom)
2024-12-14 12:24:35,906 TRACE util.FileUtils (FileUtils.java:deleteFully(320)) - deleteFully: target/test/data/da5193cb/MiniRaftClusterWithGrpca0a5e6cd/s2 does not exist.
2024-12-14 12:24:35,906 INFO  impl.MiniRaftCluster (MiniRaftCluster.java:newRaftServer(401)) - Formatted directory target/test/data/da5193cb/MiniRaftClusterWithGrpca0a5e6cd/s2
2024-12-14 12:24:35,906 INFO  server.RaftServerConfigKeys (ConfUtils.java:logGet(46)) - raft.server.rpc.timeout.max = 600ms (custom)
2024-12-14 12:24:35,906 INFO  server.RaftServerConfigKeys (ConfUtils.java:logGet(46)) - raft.server.rpc.sleep.time = 25ms (default)
2024-12-14 12:24:35,906 INFO  server.RaftServerConfigKeys (ConfUtils.java:logGet(46)) - raft.server.rpc.slowness.timeout = 60s (default)
2024-12-14 12:24:35,906 INFO  server.RaftServerConfigKeys (ConfUtils.java:logGet(46)) - raft.server.leaderelection.leader.step-down.wait-time = 10s (default)
2024-12-14 12:24:35,906 INFO  server.RaftServer (ConfUtils.java:logGet(46)) - raft.rpc.type = GRPC (default)
2024-12-14 12:24:35,906 INFO  server.RaftServerConfigKeys (ConfUtils.java:logGet(46)) - raft.server.leaderelection.member.majority-add = false (default)
2024-12-14 12:24:35,907 INFO  server.RaftServerConfigKeys (ConfUtils.java:logGet(46)) - raft.server.sleep.deviation.threshold = 300ms (default)
2024-12-14 12:24:35,907 INFO  grpc.GrpcConfigKeys (ConfUtils.java:logFallback(53)) - raft.grpc.admin.host = null (fallback to raft.grpc.server.host)
2024-12-14 12:24:35,907 INFO  server.RaftServer$Division (ServerState.java:<init>(114)) - s1@group-40388BE3F4D5: ConfigurationManager, init=conf: {index: -1, cur=peers:[]|listeners:[], old=null}, confs=<EMPTY_MAP>
2024-12-14 12:24:35,907 INFO  grpc.GrpcConfigKeys (ConfUtils.java:logFallback(53)) - raft.grpc.admin.port = 15002 (fallback to raft.grpc.server.port)
2024-12-14 12:24:35,907 INFO  grpc.GrpcConfigKeys (ConfUtils.java:logFallback(53)) - raft.grpc.client.host = null (fallback to raft.grpc.server.host)
2024-12-14 12:24:35,907 INFO  server.RaftServerConfigKeys (ConfUtils.java:logGet(46)) - raft.server.notification.no-leader.timeout = 60s (default)
2024-12-14 12:24:35,908 INFO  grpc.GrpcConfigKeys (ConfUtils.java:logFallback(53)) - raft.grpc.client.port = 15002 (fallback to raft.grpc.server.port)
2024-12-14 12:24:35,908 INFO  grpc.GrpcConfigKeys (ConfUtils.java:logGet(46)) - raft.grpc.server.host = null (default)
2024-12-14 12:24:35,908 INFO  grpc.GrpcConfigKeys (ConfUtils.java:logGet(46)) - raft.grpc.server.port = 15002 (custom)
2024-12-14 12:24:35,908 INFO  server.GrpcServicesImpl (ConfUtils.java:logGet(46)) - raft.grpc.message.size.max = 64MB (=67108864) (default)
2024-12-14 12:24:35,909 INFO  server.GrpcServicesImpl (ConfUtils.java:logGet(46)) - raft.grpc.flow.control.window = 1MB (=1048576) (default)
2024-12-14 12:24:35,909 INFO  server.RaftServerConfigKeys (ConfUtils.java:logGet(46)) - raft.server.rpc.request.timeout = 3000ms (default)
2024-12-14 12:24:35,909 INFO  grpc.GrpcConfigKeys (ConfUtils.java:logGet(46)) - raft.grpc.server.heartbeat.channel = true (default)
2024-12-14 12:24:35,909 INFO  grpc.GrpcConfigKeys (ConfUtils.java:logGet(46)) - raft.grpc.server.zerocopy.enabled = true (custom)
2024-12-14 12:24:35,910 INFO  server.RaftServerConfigKeys (ConfUtils.java:logGet(46)) - raft.server.log.appender.buffer.byte-limit = 4MB (=4194304) (default)
2024-12-14 12:24:35,910 INFO  grpc.GrpcConfigKeys (ConfUtils.java:logGet(46)) - raft.grpc.server.async.request.thread.pool.cached = true (default)
2024-12-14 12:24:35,910 INFO  grpc.GrpcConfigKeys (ConfUtils.java:logGet(46)) - raft.grpc.server.async.request.thread.pool.size = 32 (default)
2024-12-14 12:24:35,908 INFO  server.RaftServerConfigKeys (ConfUtils.java:logGet(46)) - raft.server.read.timeout = 10s (default)
2024-12-14 12:24:35,910 INFO  server.RaftServerConfigKeys (ConfUtils.java:logGet(46)) - raft.server.retrycache.expirytime = 60s (default)
2024-12-14 12:24:35,911 INFO  server.RaftServerConfigKeys (ConfUtils.java:logGet(46)) - raft.server.retrycache.statistics.expirytime = 100ms (default)
2024-12-14 12:24:35,911 INFO  server.RaftServerConfigKeys (ConfUtils.java:logGet(46)) - raft.server.read.option = DEFAULT (default)
2024-12-14 12:24:35,911 INFO  server.RaftServerConfigKeys (ConfUtils.java:logGet(46)) - raft.server.read.read-after-write-consistent.write-index-cache.expiry-time = 60s (default)
2024-12-14 12:24:35,911 INFO  impl.DataStreamServerImpl (ConfUtils.java:logGet(46)) - raft.datastream.type = DISABLED (default)
2024-12-14 12:24:35,911 INFO  server.RaftServerConfigKeys (ConfUtils.java:logGet(46)) - raft.server.sleep.deviation.threshold = 300ms (default)
2024-12-14 12:24:35,912 INFO  server.RaftServerConfigKeys (ConfUtils.java:logGet(46)) - raft.server.close.threshold = 60s (default)
2024-12-14 12:24:35,912 INFO  server.RaftServerConfigKeys (ConfUtils.java:logGet(46)) - raft.server.leaderelection.leader.step-down.wait-time = 10s (default)
2024-12-14 12:24:35,912 INFO  server.RaftServerConfigKeys (ConfUtils.java:logGet(46)) - raft.server.rpc.request.timeout = 3000ms (default)
2024-12-14 12:24:35,912 INFO  server.RaftServerConfigKeys (ConfUtils.java:logGet(46)) - raft.server.storage.dir = [/home/runner/work/ratis/ratis/ratis-examples/target/test/data/da5193cb/MiniRaftClusterWithGrpca0a5e6cd/s2] (custom)
2024-12-14 12:24:35,913 INFO  server.RaftServerConfigKeys (ConfUtils.java:logGet(46)) - raft.server.threadpool.proxy.cached = true (default)
2024-12-14 12:24:35,913 INFO  server.RaftServerConfigKeys (ConfUtils.java:logGet(46)) - raft.server.threadpool.proxy.size = 0 (default)
2024-12-14 12:24:35,912 INFO  server.RaftServerConfigKeys (ConfUtils.java:logGet(46)) - raft.server.log.appender.install.snapshot.enabled = true (default)
2024-12-14 12:24:35,913 INFO  server.RaftServerConfigKeys (ConfUtils.java:logGet(46)) - raft.server.threadpool.server.cached = true (default)
2024-12-14 12:24:35,913 INFO  server.RaftServerConfigKeys (ConfUtils.java:logGet(46)) - raft.server.threadpool.server.size = 0 (default)
2024-12-14 12:24:35,913 INFO  server.RaftServerConfigKeys (ConfUtils.java:logGet(46)) - raft.server.threadpool.client.cached = true (default)
2024-12-14 12:24:35,913 INFO  server.RaftServerConfigKeys (ConfUtils.java:logGet(46)) - raft.server.threadpool.client.size = 0 (default)
2024-12-14 12:24:35,921 INFO  server.RaftServer (RaftServerProxy.java:addNew(101)) - s2: addNew group-40388BE3F4D5:[] returns group-40388BE3F4D5:java.util.concurrent.CompletableFuture@6ed7b9c5[Not completed]
2024-12-14 12:24:35,921 INFO  server.RaftServer$Division (RaftServerImpl.java:<init>(256)) - s2: new RaftServerImpl for group-40388BE3F4D5:[] with ArithmeticStateMachine:uninitialized
2024-12-14 12:24:35,921 INFO  impl.MiniRaftCluster (MiniRaftCluster.java:newRaftServer(396)) - newRaftServer: s3, group-40388BE3F4D5:[], format? true
2024-12-14 12:24:35,921 TRACE util.FileUtils (FileUtils.java:deleteFully(307)) - deleteFully target/test/data/da5193cb/MiniRaftClusterWithGrpca0a5e6cd/s3
2024-12-14 12:24:35,921 INFO  server.RaftServerConfigKeys (ConfUtils.java:logGet(46)) - raft.server.rpc.timeout.min = 300ms (custom)
2024-12-14 12:24:35,921 TRACE util.FileUtils (FileUtils.java:deleteFully(320)) - deleteFully: target/test/data/da5193cb/MiniRaftClusterWithGrpca0a5e6cd/s3 does not exist.
2024-12-14 12:24:35,922 INFO  impl.MiniRaftCluster (MiniRaftCluster.java:newRaftServer(401)) - Formatted directory target/test/data/da5193cb/MiniRaftClusterWithGrpca0a5e6cd/s3
2024-12-14 12:24:35,922 INFO  server.RaftServerConfigKeys (ConfUtils.java:logGet(46)) - raft.server.rpc.timeout.max = 600ms (custom)
2024-12-14 12:24:35,922 INFO  server.RaftServerConfigKeys (ConfUtils.java:logGet(46)) - raft.server.rpc.sleep.time = 25ms (default)
2024-12-14 12:24:35,922 INFO  server.RaftServer (ConfUtils.java:logGet(46)) - raft.rpc.type = GRPC (default)
2024-12-14 12:24:35,922 INFO  server.RaftServerConfigKeys (ConfUtils.java:logGet(46)) - raft.server.rpc.slowness.timeout = 60s (default)
2024-12-14 12:24:35,922 INFO  grpc.GrpcConfigKeys (ConfUtils.java:logFallback(53)) - raft.grpc.admin.host = null (fallback to raft.grpc.server.host)
2024-12-14 12:24:35,922 INFO  server.RaftServerConfigKeys (ConfUtils.java:logGet(46)) - raft.server.leaderelection.leader.step-down.wait-time = 10s (default)
2024-12-14 12:24:35,923 INFO  grpc.GrpcConfigKeys (ConfUtils.java:logFallback(53)) - raft.grpc.admin.port = 15003 (fallback to raft.grpc.server.port)
2024-12-14 12:24:35,923 INFO  grpc.GrpcConfigKeys (ConfUtils.java:logFallback(53)) - raft.grpc.client.host = null (fallback to raft.grpc.server.host)
2024-12-14 12:24:35,923 INFO  server.RaftServerConfigKeys (ConfUtils.java:logGet(46)) - raft.server.leaderelection.member.majority-add = false (default)
2024-12-14 12:24:35,923 INFO  grpc.GrpcConfigKeys (ConfUtils.java:logFallback(53)) - raft.grpc.client.port = 15003 (fallback to raft.grpc.server.port)
2024-12-14 12:24:35,923 INFO  grpc.GrpcConfigKeys (ConfUtils.java:logGet(46)) - raft.grpc.server.host = null (default)
2024-12-14 12:24:35,924 INFO  grpc.GrpcConfigKeys (ConfUtils.java:logGet(46)) - raft.grpc.server.port = 15003 (custom)
2024-12-14 12:24:35,924 INFO  server.GrpcServicesImpl (ConfUtils.java:logGet(46)) - raft.grpc.message.size.max = 64MB (=67108864) (default)
2024-12-14 12:24:35,924 INFO  server.GrpcServicesImpl (ConfUtils.java:logGet(46)) - raft.grpc.flow.control.window = 1MB (=1048576) (default)
2024-12-14 12:24:35,924 INFO  server.RaftServerConfigKeys (ConfUtils.java:logGet(46)) - raft.server.rpc.request.timeout = 3000ms (default)
2024-12-14 12:24:35,924 INFO  grpc.GrpcConfigKeys (ConfUtils.java:logGet(46)) - raft.grpc.server.heartbeat.channel = true (default)
2024-12-14 12:24:35,925 INFO  grpc.GrpcConfigKeys (ConfUtils.java:logGet(46)) - raft.grpc.server.zerocopy.enabled = true (custom)
2024-12-14 12:24:35,925 INFO  server.RaftServerConfigKeys (ConfUtils.java:logGet(46)) - raft.server.log.appender.buffer.byte-limit = 4MB (=4194304) (default)
2024-12-14 12:24:35,925 INFO  grpc.GrpcConfigKeys (ConfUtils.java:logGet(46)) - raft.grpc.server.async.request.thread.pool.cached = true (default)
2024-12-14 12:24:35,925 INFO  grpc.GrpcConfigKeys (ConfUtils.java:logGet(46)) - raft.grpc.server.async.request.thread.pool.size = 32 (default)
2024-12-14 12:24:35,923 INFO  server.RaftServerConfigKeys (ConfUtils.java:logGet(46)) - raft.server.sleep.deviation.threshold = 300ms (default)
2024-12-14 12:24:35,926 INFO  server.RaftServer$Division (ServerState.java:<init>(114)) - s2@group-40388BE3F4D5: ConfigurationManager, init=conf: {index: -1, cur=peers:[]|listeners:[], old=null}, confs=<EMPTY_MAP>
2024-12-14 12:24:35,926 INFO  server.RaftServerConfigKeys (ConfUtils.java:logGet(46)) - raft.server.notification.no-leader.timeout = 60s (default)
2024-12-14 12:24:35,926 INFO  server.RaftServerConfigKeys (ConfUtils.java:logGet(46)) - raft.server.read.timeout = 10s (default)
2024-12-14 12:24:35,926 INFO  server.RaftServerConfigKeys (ConfUtils.java:logGet(46)) - raft.server.retrycache.expirytime = 60s (default)
2024-12-14 12:24:35,926 INFO  server.RaftServerConfigKeys (ConfUtils.java:logGet(46)) - raft.server.retrycache.statistics.expirytime = 100ms (default)
2024-12-14 12:24:35,926 INFO  server.RaftServerConfigKeys (ConfUtils.java:logGet(46)) - raft.server.read.option = DEFAULT (default)
2024-12-14 12:24:35,926 INFO  server.RaftServerConfigKeys (ConfUtils.java:logGet(46)) - raft.server.read.read-after-write-consistent.write-index-cache.expiry-time = 60s (default)
2024-12-14 12:24:35,927 INFO  impl.DataStreamServerImpl (ConfUtils.java:logGet(46)) - raft.datastream.type = DISABLED (default)
2024-12-14 12:24:35,927 INFO  server.RaftServerConfigKeys (ConfUtils.java:logGet(46)) - raft.server.sleep.deviation.threshold = 300ms (default)
2024-12-14 12:24:35,927 INFO  server.RaftServerConfigKeys (ConfUtils.java:logGet(46)) - raft.server.close.threshold = 60s (default)
2024-12-14 12:24:35,927 INFO  server.RaftServerConfigKeys (ConfUtils.java:logGet(46)) - raft.server.leaderelection.leader.step-down.wait-time = 10s (default)
2024-12-14 12:24:35,927 INFO  server.RaftServerConfigKeys (ConfUtils.java:logGet(46)) - raft.server.rpc.request.timeout = 3000ms (default)
2024-12-14 12:24:35,928 INFO  server.RaftServerConfigKeys (ConfUtils.java:logGet(46)) - raft.server.storage.dir = [/home/runner/work/ratis/ratis/ratis-examples/target/test/data/da5193cb/MiniRaftClusterWithGrpca0a5e6cd/s3] (custom)
2024-12-14 12:24:35,928 INFO  server.RaftServerConfigKeys (ConfUtils.java:logGet(46)) - raft.server.threadpool.proxy.cached = true (default)
2024-12-14 12:24:35,928 INFO  server.RaftServerConfigKeys (ConfUtils.java:logGet(46)) - raft.server.threadpool.proxy.size = 0 (default)
2024-12-14 12:24:35,928 INFO  server.RaftServerConfigKeys (ConfUtils.java:logGet(46)) - raft.server.log.appender.install.snapshot.enabled = true (default)
2024-12-14 12:24:35,928 INFO  server.RaftServerConfigKeys (ConfUtils.java:logGet(46)) - raft.server.threadpool.server.cached = true (default)
2024-12-14 12:24:35,929 INFO  server.RaftServerConfigKeys (ConfUtils.java:logGet(46)) - raft.server.threadpool.server.size = 0 (default)
2024-12-14 12:24:35,929 INFO  server.RaftServerConfigKeys (ConfUtils.java:logGet(46)) - raft.server.threadpool.client.cached = true (default)
2024-12-14 12:24:35,929 INFO  server.RaftServerConfigKeys (ConfUtils.java:logGet(46)) - raft.server.threadpool.client.size = 0 (default)
2024-12-14 12:24:35,929 INFO  server.RaftServer (RaftServerProxy.java:addNew(101)) - s3: addNew group-40388BE3F4D5:[] returns group-40388BE3F4D5:java.util.concurrent.CompletableFuture@7f8cd5fc[Not completed]
2024-12-14 12:24:35,929 INFO  impl.MiniRaftCluster (MiniRaftCluster.java:newRaftServer(396)) - newRaftServer: s4, group-40388BE3F4D5:[], format? true
2024-12-14 12:24:35,930 TRACE util.FileUtils (FileUtils.java:deleteFully(307)) - deleteFully target/test/data/da5193cb/MiniRaftClusterWithGrpca0a5e6cd/s4
2024-12-14 12:24:35,929 INFO  server.RaftServer$Division (RaftServerImpl.java:<init>(256)) - s3: new RaftServerImpl for group-40388BE3F4D5:[] with ArithmeticStateMachine:uninitialized
2024-12-14 12:24:35,930 TRACE util.FileUtils (FileUtils.java:deleteFully(320)) - deleteFully: target/test/data/da5193cb/MiniRaftClusterWithGrpca0a5e6cd/s4 does not exist.
2024-12-14 12:24:35,930 INFO  impl.MiniRaftCluster (MiniRaftCluster.java:newRaftServer(401)) - Formatted directory target/test/data/da5193cb/MiniRaftClusterWithGrpca0a5e6cd/s4
2024-12-14 12:24:35,930 INFO  server.RaftServerConfigKeys (ConfUtils.java:logGet(46)) - raft.server.rpc.timeout.min = 300ms (custom)
2024-12-14 12:24:35,930 INFO  server.RaftServer (ConfUtils.java:logGet(46)) - raft.rpc.type = GRPC (default)
2024-12-14 12:24:35,930 INFO  server.RaftServerConfigKeys (ConfUtils.java:logGet(46)) - raft.server.rpc.timeout.max = 600ms (custom)
2024-12-14 12:24:35,931 INFO  grpc.GrpcConfigKeys (ConfUtils.java:logFallback(53)) - raft.grpc.admin.host = null (fallback to raft.grpc.server.host)
2024-12-14 12:24:35,931 INFO  grpc.GrpcConfigKeys (ConfUtils.java:logFallback(53)) - raft.grpc.admin.port = 15004 (fallback to raft.grpc.server.port)
2024-12-14 12:24:35,931 INFO  grpc.GrpcConfigKeys (ConfUtils.java:logFallback(53)) - raft.grpc.client.host = null (fallback to raft.grpc.server.host)
2024-12-14 12:24:35,931 INFO  grpc.GrpcConfigKeys (ConfUtils.java:logFallback(53)) - raft.grpc.client.port = 15004 (fallback to raft.grpc.server.port)
2024-12-14 12:24:35,932 INFO  grpc.GrpcConfigKeys (ConfUtils.java:logGet(46)) - raft.grpc.server.host = null (default)
2024-12-14 12:24:35,932 INFO  grpc.GrpcConfigKeys (ConfUtils.java:logGet(46)) - raft.grpc.server.port = 15004 (custom)
2024-12-14 12:24:35,932 INFO  server.GrpcServicesImpl (ConfUtils.java:logGet(46)) - raft.grpc.message.size.max = 64MB (=67108864) (default)
2024-12-14 12:24:35,932 INFO  server.GrpcServicesImpl (ConfUtils.java:logGet(46)) - raft.grpc.flow.control.window = 1MB (=1048576) (default)
2024-12-14 12:24:35,932 INFO  server.RaftServerConfigKeys (ConfUtils.java:logGet(46)) - raft.server.rpc.request.timeout = 3000ms (default)
2024-12-14 12:24:35,933 INFO  grpc.GrpcConfigKeys (ConfUtils.java:logGet(46)) - raft.grpc.server.heartbeat.channel = true (default)
2024-12-14 12:24:35,933 INFO  grpc.GrpcConfigKeys (ConfUtils.java:logGet(46)) - raft.grpc.server.zerocopy.enabled = true (custom)
2024-12-14 12:24:35,933 INFO  server.RaftServerConfigKeys (ConfUtils.java:logGet(46)) - raft.server.log.appender.buffer.byte-limit = 4MB (=4194304) (default)
2024-12-14 12:24:35,931 INFO  server.RaftServerConfigKeys (ConfUtils.java:logGet(46)) - raft.server.rpc.sleep.time = 25ms (default)
2024-12-14 12:24:35,933 INFO  grpc.GrpcConfigKeys (ConfUtils.java:logGet(46)) - raft.grpc.server.async.request.thread.pool.cached = true (default)
2024-12-14 12:24:35,934 INFO  grpc.GrpcConfigKeys (ConfUtils.java:logGet(46)) - raft.grpc.server.async.request.thread.pool.size = 32 (default)
2024-12-14 12:24:35,933 INFO  server.RaftServerConfigKeys (ConfUtils.java:logGet(46)) - raft.server.rpc.slowness.timeout = 60s (default)
2024-12-14 12:24:35,934 INFO  server.RaftServerConfigKeys (ConfUtils.java:logGet(46)) - raft.server.leaderelection.leader.step-down.wait-time = 10s (default)
2024-12-14 12:24:35,934 INFO  server.RaftServerConfigKeys (ConfUtils.java:logGet(46)) - raft.server.leaderelection.member.majority-add = false (default)
2024-12-14 12:24:35,934 INFO  server.RaftServerConfigKeys (ConfUtils.java:logGet(46)) - raft.server.sleep.deviation.threshold = 300ms (default)
2024-12-14 12:24:35,934 INFO  server.RaftServer$Division (ServerState.java:<init>(114)) - s3@group-40388BE3F4D5: ConfigurationManager, init=conf: {index: -1, cur=peers:[]|listeners:[], old=null}, confs=<EMPTY_MAP>
2024-12-14 12:24:35,934 INFO  server.RaftServerConfigKeys (ConfUtils.java:logGet(46)) - raft.server.notification.no-leader.timeout = 60s (default)
2024-12-14 12:24:35,934 INFO  server.RaftServerConfigKeys (ConfUtils.java:logGet(46)) - raft.server.read.timeout = 10s (default)
2024-12-14 12:24:35,934 INFO  server.RaftServerConfigKeys (ConfUtils.java:logGet(46)) - raft.server.retrycache.expirytime = 60s (default)
2024-12-14 12:24:35,934 INFO  impl.DataStreamServerImpl (ConfUtils.java:logGet(46)) - raft.datastream.type = DISABLED (default)
2024-12-14 12:24:35,935 INFO  server.RaftServerConfigKeys (ConfUtils.java:logGet(46)) - raft.server.sleep.deviation.threshold = 300ms (default)
2024-12-14 12:24:35,935 INFO  server.RaftServerConfigKeys (ConfUtils.java:logGet(46)) - raft.server.close.threshold = 60s (default)
2024-12-14 12:24:35,935 INFO  server.RaftServerConfigKeys (ConfUtils.java:logGet(46)) - raft.server.leaderelection.leader.step-down.wait-time = 10s (default)
2024-12-14 12:24:35,934 INFO  server.RaftServerConfigKeys (ConfUtils.java:logGet(46)) - raft.server.retrycache.statistics.expirytime = 100ms (default)
2024-12-14 12:24:35,935 INFO  server.RaftServerConfigKeys (ConfUtils.java:logGet(46)) - raft.server.storage.dir = [/home/runner/work/ratis/ratis/ratis-examples/target/test/data/da5193cb/MiniRaftClusterWithGrpca0a5e6cd/s4] (custom)
2024-12-14 12:24:35,936 INFO  server.RaftServerConfigKeys (ConfUtils.java:logGet(46)) - raft.server.threadpool.proxy.cached = true (default)
2024-12-14 12:24:35,936 INFO  server.RaftServerConfigKeys (ConfUtils.java:logGet(46)) - raft.server.threadpool.proxy.size = 0 (default)
2024-12-14 12:24:35,935 INFO  server.RaftServerConfigKeys (ConfUtils.java:logGet(46)) - raft.server.read.option = DEFAULT (default)
2024-12-14 12:24:35,936 INFO  server.RaftServerConfigKeys (ConfUtils.java:logGet(46)) - raft.server.read.read-after-write-consistent.write-index-cache.expiry-time = 60s (default)
2024-12-14 12:24:35,937 INFO  server.RaftServerConfigKeys (ConfUtils.java:logGet(46)) - raft.server.rpc.request.timeout = 3000ms (default)
2024-12-14 12:24:35,937 INFO  server.RaftServerConfigKeys (ConfUtils.java:logGet(46)) - raft.server.log.appender.install.snapshot.enabled = true (default)
2024-12-14 12:24:35,937 INFO  server.RaftServerConfigKeys (ConfUtils.java:logGet(46)) - raft.server.threadpool.server.cached = true (default)
2024-12-14 12:24:35,937 INFO  server.RaftServerConfigKeys (ConfUtils.java:logGet(46)) - raft.server.threadpool.server.size = 0 (default)
2024-12-14 12:24:35,937 INFO  server.RaftServerConfigKeys (ConfUtils.java:logGet(46)) - raft.server.threadpool.client.cached = true (default)
2024-12-14 12:24:35,937 INFO  server.RaftServerConfigKeys (ConfUtils.java:logGet(46)) - raft.server.threadpool.client.size = 0 (default)
2024-12-14 12:24:35,937 INFO  server.RaftServer (RaftServerProxy.java:addNew(101)) - s4: addNew group-40388BE3F4D5:[] returns group-40388BE3F4D5:java.util.concurrent.CompletableFuture@62c6db99[Not completed]
2024-12-14 12:24:35,937 INFO  impl.MiniRaftCluster (MiniRaftCluster.java:newRaftServer(396)) - newRaftServer: s5, group-40388BE3F4D5:[], format? true
2024-12-14 12:24:35,938 TRACE util.FileUtils (FileUtils.java:deleteFully(307)) - deleteFully target/test/data/da5193cb/MiniRaftClusterWithGrpca0a5e6cd/s5
2024-12-14 12:24:35,938 TRACE util.FileUtils (FileUtils.java:deleteFully(320)) - deleteFully: target/test/data/da5193cb/MiniRaftClusterWithGrpca0a5e6cd/s5 does not exist.
2024-12-14 12:24:35,938 INFO  impl.MiniRaftCluster (MiniRaftCluster.java:newRaftServer(401)) - Formatted directory target/test/data/da5193cb/MiniRaftClusterWithGrpca0a5e6cd/s5
2024-12-14 12:24:35,938 INFO  server.RaftServer (ConfUtils.java:logGet(46)) - raft.rpc.type = GRPC (default)
2024-12-14 12:24:35,939 INFO  grpc.GrpcConfigKeys (ConfUtils.java:logFallback(53)) - raft.grpc.admin.host = null (fallback to raft.grpc.server.host)
2024-12-14 12:24:35,939 INFO  grpc.GrpcConfigKeys (ConfUtils.java:logFallback(53)) - raft.grpc.admin.port = 15005 (fallback to raft.grpc.server.port)
2024-12-14 12:24:35,939 INFO  grpc.GrpcConfigKeys (ConfUtils.java:logFallback(53)) - raft.grpc.client.host = null (fallback to raft.grpc.server.host)
2024-12-14 12:24:35,939 INFO  grpc.GrpcConfigKeys (ConfUtils.java:logFallback(53)) - raft.grpc.client.port = 15005 (fallback to raft.grpc.server.port)
2024-12-14 12:24:35,940 INFO  grpc.GrpcConfigKeys (ConfUtils.java:logGet(46)) - raft.grpc.server.host = null (default)
2024-12-14 12:24:35,940 INFO  grpc.GrpcConfigKeys (ConfUtils.java:logGet(46)) - raft.grpc.server.port = 15005 (custom)
2024-12-14 12:24:35,940 INFO  server.GrpcServicesImpl (ConfUtils.java:logGet(46)) - raft.grpc.message.size.max = 64MB (=67108864) (default)
2024-12-14 12:24:35,940 INFO  server.GrpcServicesImpl (ConfUtils.java:logGet(46)) - raft.grpc.flow.control.window = 1MB (=1048576) (default)
2024-12-14 12:24:35,937 INFO  server.RaftServer$Division (RaftServerImpl.java:<init>(256)) - s4: new RaftServerImpl for group-40388BE3F4D5:[] with ArithmeticStateMachine:uninitialized
2024-12-14 12:24:35,941 INFO  server.RaftServerConfigKeys (ConfUtils.java:logGet(46)) - raft.server.rpc.request.timeout = 3000ms (default)
2024-12-14 12:24:35,941 INFO  server.RaftServerConfigKeys (ConfUtils.java:logGet(46)) - raft.server.rpc.timeout.min = 300ms (custom)
2024-12-14 12:24:35,941 INFO  grpc.GrpcConfigKeys (ConfUtils.java:logGet(46)) - raft.grpc.server.heartbeat.channel = true (default)
2024-12-14 12:24:35,941 INFO  server.RaftServerConfigKeys (ConfUtils.java:logGet(46)) - raft.server.rpc.timeout.max = 600ms (custom)
2024-12-14 12:24:35,941 INFO  grpc.GrpcConfigKeys (ConfUtils.java:logGet(46)) - raft.grpc.server.zerocopy.enabled = true (custom)
2024-12-14 12:24:35,941 INFO  server.RaftServerConfigKeys (ConfUtils.java:logGet(46)) - raft.server.log.appender.buffer.byte-limit = 4MB (=4194304) (default)
2024-12-14 12:24:35,941 INFO  server.RaftServerConfigKeys (ConfUtils.java:logGet(46)) - raft.server.rpc.sleep.time = 25ms (default)
2024-12-14 12:24:35,942 INFO  grpc.GrpcConfigKeys (ConfUtils.java:logGet(46)) - raft.grpc.server.async.request.thread.pool.cached = true (default)
2024-12-14 12:24:35,942 INFO  server.RaftServerConfigKeys (ConfUtils.java:logGet(46)) - raft.server.rpc.slowness.timeout = 60s (default)
2024-12-14 12:24:35,942 INFO  grpc.GrpcConfigKeys (ConfUtils.java:logGet(46)) - raft.grpc.server.async.request.thread.pool.size = 32 (default)
2024-12-14 12:24:35,942 INFO  server.RaftServerConfigKeys (ConfUtils.java:logGet(46)) - raft.server.leaderelection.leader.step-down.wait-time = 10s (default)
2024-12-14 12:24:35,942 INFO  server.RaftServerConfigKeys (ConfUtils.java:logGet(46)) - raft.server.leaderelection.member.majority-add = false (default)
2024-12-14 12:24:35,942 INFO  server.RaftServerConfigKeys (ConfUtils.java:logGet(46)) - raft.server.sleep.deviation.threshold = 300ms (default)
2024-12-14 12:24:35,942 INFO  server.RaftServer$Division (ServerState.java:<init>(114)) - s4@group-40388BE3F4D5: ConfigurationManager, init=conf: {index: -1, cur=peers:[]|listeners:[], old=null}, confs=<EMPTY_MAP>
2024-12-14 12:24:35,942 INFO  server.RaftServerConfigKeys (ConfUtils.java:logGet(46)) - raft.server.notification.no-leader.timeout = 60s (default)
2024-12-14 12:24:35,942 INFO  server.RaftServerConfigKeys (ConfUtils.java:logGet(46)) - raft.server.read.timeout = 10s (default)
2024-12-14 12:24:35,942 INFO  server.RaftServerConfigKeys (ConfUtils.java:logGet(46)) - raft.server.retrycache.expirytime = 60s (default)
2024-12-14 12:24:35,942 INFO  server.RaftServerConfigKeys (ConfUtils.java:logGet(46)) - raft.server.retrycache.statistics.expirytime = 100ms (default)
2024-12-14 12:24:35,943 INFO  server.RaftServerConfigKeys (ConfUtils.java:logGet(46)) - raft.server.read.option = DEFAULT (default)
2024-12-14 12:24:35,943 INFO  server.RaftServerConfigKeys (ConfUtils.java:logGet(46)) - raft.server.read.read-after-write-consistent.write-index-cache.expiry-time = 60s (default)
2024-12-14 12:24:35,943 INFO  server.RaftServerConfigKeys (ConfUtils.java:logGet(46)) - raft.server.rpc.request.timeout = 3000ms (default)
2024-12-14 12:24:35,943 INFO  server.RaftServerConfigKeys (ConfUtils.java:logGet(46)) - raft.server.log.appender.install.snapshot.enabled = true (default)
2024-12-14 12:24:35,943 INFO  server.RaftServerConfigKeys (ConfUtils.java:logGet(46)) - raft.server.threadpool.server.cached = true (default)
2024-12-14 12:24:35,943 INFO  server.RaftServerConfigKeys (ConfUtils.java:logGet(46)) - raft.server.threadpool.server.size = 0 (default)
2024-12-14 12:24:35,943 INFO  server.RaftServerConfigKeys (ConfUtils.java:logGet(46)) - raft.server.threadpool.client.cached = true (default)
2024-12-14 12:24:35,943 INFO  server.RaftServerConfigKeys (ConfUtils.java:logGet(46)) - raft.server.threadpool.client.size = 0 (default)
2024-12-14 12:24:35,943 INFO  impl.DataStreamServerImpl (ConfUtils.java:logGet(46)) - raft.datastream.type = DISABLED (default)
2024-12-14 12:24:35,944 INFO  server.RaftServerConfigKeys (ConfUtils.java:logGet(46)) - raft.server.sleep.deviation.threshold = 300ms (default)
2024-12-14 12:24:35,944 INFO  server.RaftServerConfigKeys (ConfUtils.java:logGet(46)) - raft.server.close.threshold = 60s (default)
2024-12-14 12:24:35,944 INFO  server.RaftServerConfigKeys (ConfUtils.java:logGet(46)) - raft.server.leaderelection.leader.step-down.wait-time = 10s (default)
2024-12-14 12:24:35,944 INFO  server.RaftServerConfigKeys (ConfUtils.java:logGet(46)) - raft.server.storage.dir = [/home/runner/work/ratis/ratis/ratis-examples/target/test/data/da5193cb/MiniRaftClusterWithGrpca0a5e6cd/s5] (custom)
2024-12-14 12:24:35,944 INFO  server.RaftServerConfigKeys (ConfUtils.java:logGet(46)) - raft.server.threadpool.proxy.cached = true (default)
2024-12-14 12:24:35,945 INFO  server.RaftServerConfigKeys (ConfUtils.java:logGet(46)) - raft.server.threadpool.proxy.size = 0 (default)
2024-12-14 12:24:35,945 INFO  server.RaftServer (RaftServerProxy.java:addNew(101)) - s5: addNew group-40388BE3F4D5:[] returns group-40388BE3F4D5:java.util.concurrent.CompletableFuture@5c316230[Not completed]
2024-12-14 12:24:35,945 INFO  impl.MiniRaftCluster (MiniRaftCluster.java:newRaftServer(396)) - newRaftServer: s6, group-40388BE3F4D5:[], format? true
2024-12-14 12:24:35,946 TRACE util.FileUtils (FileUtils.java:deleteFully(307)) - deleteFully target/test/data/da5193cb/MiniRaftClusterWithGrpca0a5e6cd/s6
2024-12-14 12:24:35,945 INFO  server.RaftServer$Division (RaftServerImpl.java:<init>(256)) - s5: new RaftServerImpl for group-40388BE3F4D5:[] with ArithmeticStateMachine:uninitialized
2024-12-14 12:24:35,946 TRACE util.FileUtils (FileUtils.java:deleteFully(320)) - deleteFully: target/test/data/da5193cb/MiniRaftClusterWithGrpca0a5e6cd/s6 does not exist.
2024-12-14 12:24:35,946 INFO  impl.MiniRaftCluster (MiniRaftCluster.java:newRaftServer(401)) - Formatted directory target/test/data/da5193cb/MiniRaftClusterWithGrpca0a5e6cd/s6
2024-12-14 12:24:35,946 INFO  server.RaftServer (ConfUtils.java:logGet(46)) - raft.rpc.type = GRPC (default)
2024-12-14 12:24:35,947 INFO  grpc.GrpcConfigKeys (ConfUtils.java:logFallback(53)) - raft.grpc.admin.host = null (fallback to raft.grpc.server.host)
2024-12-14 12:24:35,947 INFO  grpc.GrpcConfigKeys (ConfUtils.java:logFallback(53)) - raft.grpc.admin.port = 15006 (fallback to raft.grpc.server.port)
2024-12-14 12:24:35,947 INFO  grpc.GrpcConfigKeys (ConfUtils.java:logFallback(53)) - raft.grpc.client.host = null (fallback to raft.grpc.server.host)
2024-12-14 12:24:35,947 INFO  grpc.GrpcConfigKeys (ConfUtils.java:logFallback(53)) - raft.grpc.client.port = 15006 (fallback to raft.grpc.server.port)
2024-12-14 12:24:35,947 INFO  grpc.GrpcConfigKeys (ConfUtils.java:logGet(46)) - raft.grpc.server.host = null (default)
2024-12-14 12:24:35,948 INFO  grpc.GrpcConfigKeys (ConfUtils.java:logGet(46)) - raft.grpc.server.port = 15006 (custom)
2024-12-14 12:24:35,948 INFO  server.GrpcServicesImpl (ConfUtils.java:logGet(46)) - raft.grpc.message.size.max = 64MB (=67108864) (default)
2024-12-14 12:24:35,948 INFO  server.GrpcServicesImpl (ConfUtils.java:logGet(46)) - raft.grpc.flow.control.window = 1MB (=1048576) (default)
2024-12-14 12:24:35,948 INFO  server.RaftServerConfigKeys (ConfUtils.java:logGet(46)) - raft.server.rpc.request.timeout = 3000ms (default)
2024-12-14 12:24:35,948 INFO  grpc.GrpcConfigKeys (ConfUtils.java:logGet(46)) - raft.grpc.server.heartbeat.channel = true (default)
2024-12-14 12:24:35,946 INFO  server.RaftServerConfigKeys (ConfUtils.java:logGet(46)) - raft.server.rpc.timeout.min = 300ms (custom)
2024-12-14 12:24:35,949 INFO  grpc.GrpcConfigKeys (ConfUtils.java:logGet(46)) - raft.grpc.server.zerocopy.enabled = true (custom)
2024-12-14 12:24:35,949 INFO  server.RaftServerConfigKeys (ConfUtils.java:logGet(46)) - raft.server.log.appender.buffer.byte-limit = 4MB (=4194304) (default)
2024-12-14 12:24:35,949 INFO  server.RaftServerConfigKeys (ConfUtils.java:logGet(46)) - raft.server.rpc.timeout.max = 600ms (custom)
2024-12-14 12:24:35,949 INFO  grpc.GrpcConfigKeys (ConfUtils.java:logGet(46)) - raft.grpc.server.async.request.thread.pool.cached = true (default)
2024-12-14 12:24:35,949 INFO  server.RaftServerConfigKeys (ConfUtils.java:logGet(46)) - raft.server.rpc.sleep.time = 25ms (default)
2024-12-14 12:24:35,949 INFO  grpc.GrpcConfigKeys (ConfUtils.java:logGet(46)) - raft.grpc.server.async.request.thread.pool.size = 32 (default)
2024-12-14 12:24:35,949 INFO  server.RaftServerConfigKeys (ConfUtils.java:logGet(46)) - raft.server.rpc.slowness.timeout = 60s (default)
2024-12-14 12:24:35,950 INFO  server.RaftServerConfigKeys (ConfUtils.java:logGet(46)) - raft.server.leaderelection.leader.step-down.wait-time = 10s (default)
2024-12-14 12:24:35,950 INFO  server.RaftServerConfigKeys (ConfUtils.java:logGet(46)) - raft.server.leaderelection.member.majority-add = false (default)
2024-12-14 12:24:35,950 INFO  server.RaftServerConfigKeys (ConfUtils.java:logGet(46)) - raft.server.sleep.deviation.threshold = 300ms (default)
2024-12-14 12:24:35,950 INFO  server.RaftServer$Division (ServerState.java:<init>(114)) - s5@group-40388BE3F4D5: ConfigurationManager, init=conf: {index: -1, cur=peers:[]|listeners:[], old=null}, confs=<EMPTY_MAP>
2024-12-14 12:24:35,950 INFO  server.RaftServerConfigKeys (ConfUtils.java:logGet(46)) - raft.server.notification.no-leader.timeout = 60s (default)
2024-12-14 12:24:35,950 INFO  server.RaftServerConfigKeys (ConfUtils.java:logGet(46)) - raft.server.read.timeout = 10s (default)
2024-12-14 12:24:35,950 INFO  server.RaftServerConfigKeys (ConfUtils.java:logGet(46)) - raft.server.retrycache.expirytime = 60s (default)
2024-12-14 12:24:35,950 INFO  server.RaftServerConfigKeys (ConfUtils.java:logGet(46)) - raft.server.retrycache.statistics.expirytime = 100ms (default)
2024-12-14 12:24:35,950 INFO  impl.DataStreamServerImpl (ConfUtils.java:logGet(46)) - raft.datastream.type = DISABLED (default)
2024-12-14 12:24:35,951 INFO  server.RaftServerConfigKeys (ConfUtils.java:logGet(46)) - raft.server.read.option = DEFAULT (default)
2024-12-14 12:24:35,951 INFO  server.RaftServerConfigKeys (ConfUtils.java:logGet(46)) - raft.server.sleep.deviation.threshold = 300ms (default)
2024-12-14 12:24:35,951 INFO  server.RaftServerConfigKeys (ConfUtils.java:logGet(46)) - raft.server.close.threshold = 60s (default)
2024-12-14 12:24:35,951 INFO  server.RaftServerConfigKeys (ConfUtils.java:logGet(46)) - raft.server.read.read-after-write-consistent.write-index-cache.expiry-time = 60s (default)
2024-12-14 12:24:35,951 INFO  server.RaftServerConfigKeys (ConfUtils.java:logGet(46)) - raft.server.leaderelection.leader.step-down.wait-time = 10s (default)
2024-12-14 12:24:35,951 INFO  server.RaftServerConfigKeys (ConfUtils.java:logGet(46)) - raft.server.storage.dir = [/home/runner/work/ratis/ratis/ratis-examples/target/test/data/da5193cb/MiniRaftClusterWithGrpca0a5e6cd/s6] (custom)
2024-12-14 12:24:35,952 INFO  server.RaftServerConfigKeys (ConfUtils.java:logGet(46)) - raft.server.threadpool.proxy.cached = true (default)
2024-12-14 12:24:35,952 INFO  server.RaftServerConfigKeys (ConfUtils.java:logGet(46)) - raft.server.threadpool.proxy.size = 0 (default)
2024-12-14 12:24:35,952 INFO  server.RaftServerConfigKeys (ConfUtils.java:logGet(46)) - raft.server.rpc.request.timeout = 3000ms (default)
2024-12-14 12:24:35,952 INFO  server.RaftServerConfigKeys (ConfUtils.java:logGet(46)) - raft.server.log.appender.install.snapshot.enabled = true (default)
2024-12-14 12:24:35,952 INFO  server.RaftServerConfigKeys (ConfUtils.java:logGet(46)) - raft.server.threadpool.server.cached = true (default)
2024-12-14 12:24:35,952 INFO  server.RaftServerConfigKeys (ConfUtils.java:logGet(46)) - raft.server.threadpool.server.size = 0 (default)
2024-12-14 12:24:35,952 INFO  server.RaftServerConfigKeys (ConfUtils.java:logGet(46)) - raft.server.threadpool.client.cached = true (default)
2024-12-14 12:24:35,952 INFO  server.RaftServerConfigKeys (ConfUtils.java:logGet(46)) - raft.server.threadpool.client.size = 0 (default)
2024-12-14 12:24:35,953 INFO  server.RaftServer (RaftServerProxy.java:addNew(101)) - s6: addNew group-40388BE3F4D5:[] returns group-40388BE3F4D5:java.util.concurrent.CompletableFuture@63636de0[Not completed]
2024-12-14 12:24:35,953 INFO  server.RaftServer$Division (RaftServerImpl.java:<init>(256)) - s6: new RaftServerImpl for group-40388BE3F4D5:[] with ArithmeticStateMachine:uninitialized
2024-12-14 12:24:35,953 INFO  impl.MiniRaftCluster (MiniRaftCluster.java:newRaftServer(396)) - newRaftServer: s7, group-40388BE3F4D5:[], format? true
2024-12-14 12:24:35,953 TRACE util.FileUtils (FileUtils.java:deleteFully(307)) - deleteFully target/test/data/da5193cb/MiniRaftClusterWithGrpca0a5e6cd/s7
2024-12-14 12:24:35,953 TRACE util.FileUtils (FileUtils.java:deleteFully(320)) - deleteFully: target/test/data/da5193cb/MiniRaftClusterWithGrpca0a5e6cd/s7 does not exist.
2024-12-14 12:24:35,954 INFO  impl.MiniRaftCluster (MiniRaftCluster.java:newRaftServer(401)) - Formatted directory target/test/data/da5193cb/MiniRaftClusterWithGrpca0a5e6cd/s7
2024-12-14 12:24:35,954 INFO  server.RaftServer (ConfUtils.java:logGet(46)) - raft.rpc.type = GRPC (default)
2024-12-14 12:24:35,954 INFO  grpc.GrpcConfigKeys (ConfUtils.java:logFallback(53)) - raft.grpc.admin.host = null (fallback to raft.grpc.server.host)
2024-12-14 12:24:35,954 INFO  grpc.GrpcConfigKeys (ConfUtils.java:logFallback(53)) - raft.grpc.admin.port = 15007 (fallback to raft.grpc.server.port)
2024-12-14 12:24:35,954 INFO  grpc.GrpcConfigKeys (ConfUtils.java:logFallback(53)) - raft.grpc.client.host = null (fallback to raft.grpc.server.host)
2024-12-14 12:24:35,955 INFO  grpc.GrpcConfigKeys (ConfUtils.java:logFallback(53)) - raft.grpc.client.port = 15007 (fallback to raft.grpc.server.port)
2024-12-14 12:24:35,955 INFO  grpc.GrpcConfigKeys (ConfUtils.java:logGet(46)) - raft.grpc.server.host = null (default)
2024-12-14 12:24:35,955 INFO  grpc.GrpcConfigKeys (ConfUtils.java:logGet(46)) - raft.grpc.server.port = 15007 (custom)
2024-12-14 12:24:35,955 INFO  server.GrpcServicesImpl (ConfUtils.java:logGet(46)) - raft.grpc.message.size.max = 64MB (=67108864) (default)
2024-12-14 12:24:35,956 INFO  server.GrpcServicesImpl (ConfUtils.java:logGet(46)) - raft.grpc.flow.control.window = 1MB (=1048576) (default)
2024-12-14 12:24:35,956 INFO  server.RaftServerConfigKeys (ConfUtils.java:logGet(46)) - raft.server.rpc.request.timeout = 3000ms (default)
2024-12-14 12:24:35,956 INFO  grpc.GrpcConfigKeys (ConfUtils.java:logGet(46)) - raft.grpc.server.heartbeat.channel = true (default)
2024-12-14 12:24:35,956 INFO  grpc.GrpcConfigKeys (ConfUtils.java:logGet(46)) - raft.grpc.server.zerocopy.enabled = true (custom)
2024-12-14 12:24:35,956 INFO  server.RaftServerConfigKeys (ConfUtils.java:logGet(46)) - raft.server.log.appender.buffer.byte-limit = 4MB (=4194304) (default)
2024-12-14 12:24:35,953 INFO  server.RaftServerConfigKeys (ConfUtils.java:logGet(46)) - raft.server.rpc.timeout.min = 300ms (custom)
2024-12-14 12:24:35,957 INFO  grpc.GrpcConfigKeys (ConfUtils.java:logGet(46)) - raft.grpc.server.async.request.thread.pool.cached = true (default)
2024-12-14 12:24:35,957 INFO  server.RaftServerConfigKeys (ConfUtils.java:logGet(46)) - raft.server.rpc.timeout.max = 600ms (custom)
2024-12-14 12:24:35,957 INFO  grpc.GrpcConfigKeys (ConfUtils.java:logGet(46)) - raft.grpc.server.async.request.thread.pool.size = 32 (default)
2024-12-14 12:24:35,957 INFO  server.RaftServerConfigKeys (ConfUtils.java:logGet(46)) - raft.server.rpc.sleep.time = 25ms (default)
2024-12-14 12:24:35,957 INFO  server.RaftServerConfigKeys (ConfUtils.java:logGet(46)) - raft.server.rpc.slowness.timeout = 60s (default)
2024-12-14 12:24:35,958 INFO  impl.DataStreamServerImpl (ConfUtils.java:logGet(46)) - raft.datastream.type = DISABLED (default)
2024-12-14 12:24:35,958 INFO  server.RaftServerConfigKeys (ConfUtils.java:logGet(46)) - raft.server.leaderelection.leader.step-down.wait-time = 10s (default)
2024-12-14 12:24:35,958 INFO  server.RaftServerConfigKeys (ConfUtils.java:logGet(46)) - raft.server.sleep.deviation.threshold = 300ms (default)
2024-12-14 12:24:35,958 INFO  server.RaftServerConfigKeys (ConfUtils.java:logGet(46)) - raft.server.leaderelection.member.majority-add = false (default)
2024-12-14 12:24:35,959 INFO  server.RaftServerConfigKeys (ConfUtils.java:logGet(46)) - raft.server.close.threshold = 60s (default)
2024-12-14 12:24:35,959 INFO  server.RaftServerConfigKeys (ConfUtils.java:logGet(46)) - raft.server.leaderelection.leader.step-down.wait-time = 10s (default)
2024-12-14 12:24:35,959 INFO  server.RaftServerConfigKeys (ConfUtils.java:logGet(46)) - raft.server.sleep.deviation.threshold = 300ms (default)
2024-12-14 12:24:35,959 INFO  server.RaftServerConfigKeys (ConfUtils.java:logGet(46)) - raft.server.storage.dir = [/home/runner/work/ratis/ratis/ratis-examples/target/test/data/da5193cb/MiniRaftClusterWithGrpca0a5e6cd/s7] (custom)
2024-12-14 12:24:35,959 INFO  server.RaftServerConfigKeys (ConfUtils.java:logGet(46)) - raft.server.threadpool.proxy.cached = true (default)
2024-12-14 12:24:35,959 INFO  server.RaftServerConfigKeys (ConfUtils.java:logGet(46)) - raft.server.threadpool.proxy.size = 0 (default)
2024-12-14 12:24:35,959 INFO  server.RaftServer$Division (ServerState.java:<init>(114)) - s6@group-40388BE3F4D5: ConfigurationManager, init=conf: {index: -1, cur=peers:[]|listeners:[], old=null}, confs=<EMPTY_MAP>
2024-12-14 12:24:35,960 INFO  server.RaftServerConfigKeys (ConfUtils.java:logGet(46)) - raft.server.notification.no-leader.timeout = 60s (default)
2024-12-14 12:24:35,960 INFO  server.RaftServerConfigKeys (ConfUtils.java:logGet(46)) - raft.server.read.timeout = 10s (default)
2024-12-14 12:24:35,960 INFO  server.RaftServerConfigKeys (ConfUtils.java:logGet(46)) - raft.server.retrycache.expirytime = 60s (default)
2024-12-14 12:24:35,960 INFO  server.RaftServerConfigKeys (ConfUtils.java:logGet(46)) - raft.server.retrycache.statistics.expirytime = 100ms (default)
2024-12-14 12:24:35,960 INFO  server.RaftServerConfigKeys (ConfUtils.java:logGet(46)) - raft.server.read.option = DEFAULT (default)
2024-12-14 12:24:35,960 INFO  server.RaftServerConfigKeys (ConfUtils.java:logGet(46)) - raft.server.read.read-after-write-consistent.write-index-cache.expiry-time = 60s (default)
2024-12-14 12:24:35,961 INFO  server.RaftServer (RaftServerProxy.java:addNew(101)) - s7: addNew group-40388BE3F4D5:[] returns group-40388BE3F4D5:java.util.concurrent.CompletableFuture@716e6fa5[Not completed]
2024-12-14 12:24:35,961 INFO  impl.MiniRaftCluster (MiniRaftCluster.java:newRaftServer(396)) - newRaftServer: s8, group-40388BE3F4D5:[], format? true
2024-12-14 12:24:35,961 TRACE util.FileUtils (FileUtils.java:deleteFully(307)) - deleteFully target/test/data/da5193cb/MiniRaftClusterWithGrpca0a5e6cd/s8
2024-12-14 12:24:35,961 INFO  server.RaftServerConfigKeys (ConfUtils.java:logGet(46)) - raft.server.rpc.request.timeout = 3000ms (default)
2024-12-14 12:24:35,961 INFO  server.RaftServer$Division (RaftServerImpl.java:<init>(256)) - s7: new RaftServerImpl for group-40388BE3F4D5:[] with ArithmeticStateMachine:uninitialized
2024-12-14 12:24:35,961 INFO  server.RaftServerConfigKeys (ConfUtils.java:logGet(46)) - raft.server.log.appender.install.snapshot.enabled = true (default)
2024-12-14 12:24:35,961 TRACE util.FileUtils (FileUtils.java:deleteFully(320)) - deleteFully: target/test/data/da5193cb/MiniRaftClusterWithGrpca0a5e6cd/s8 does not exist.
2024-12-14 12:24:35,962 INFO  impl.MiniRaftCluster (MiniRaftCluster.java:newRaftServer(401)) - Formatted directory target/test/data/da5193cb/MiniRaftClusterWithGrpca0a5e6cd/s8
2024-12-14 12:24:35,962 INFO  server.RaftServerConfigKeys (ConfUtils.java:logGet(46)) - raft.server.threadpool.server.cached = true (default)
2024-12-14 12:24:35,962 INFO  server.RaftServer (ConfUtils.java:logGet(46)) - raft.rpc.type = GRPC (default)
2024-12-14 12:24:35,962 INFO  grpc.GrpcConfigKeys (ConfUtils.java:logFallback(53)) - raft.grpc.admin.host = null (fallback to raft.grpc.server.host)
2024-12-14 12:24:35,963 INFO  grpc.GrpcConfigKeys (ConfUtils.java:logFallback(53)) - raft.grpc.admin.port = 15008 (fallback to raft.grpc.server.port)
2024-12-14 12:24:35,963 INFO  grpc.GrpcConfigKeys (ConfUtils.java:logFallback(53)) - raft.grpc.client.host = null (fallback to raft.grpc.server.host)
2024-12-14 12:24:35,963 INFO  grpc.GrpcConfigKeys (ConfUtils.java:logFallback(53)) - raft.grpc.client.port = 15008 (fallback to raft.grpc.server.port)
2024-12-14 12:24:35,963 INFO  grpc.GrpcConfigKeys (ConfUtils.java:logGet(46)) - raft.grpc.server.host = null (default)
2024-12-14 12:24:35,963 INFO  grpc.GrpcConfigKeys (ConfUtils.java:logGet(46)) - raft.grpc.server.port = 15008 (custom)
2024-12-14 12:24:35,964 INFO  server.GrpcServicesImpl (ConfUtils.java:logGet(46)) - raft.grpc.message.size.max = 64MB (=67108864) (default)
2024-12-14 12:24:35,964 INFO  server.GrpcServicesImpl (ConfUtils.java:logGet(46)) - raft.grpc.flow.control.window = 1MB (=1048576) (default)
2024-12-14 12:24:35,964 INFO  server.RaftServerConfigKeys (ConfUtils.java:logGet(46)) - raft.server.rpc.request.timeout = 3000ms (default)
2024-12-14 12:24:35,964 INFO  grpc.GrpcConfigKeys (ConfUtils.java:logGet(46)) - raft.grpc.server.heartbeat.channel = true (default)
2024-12-14 12:24:35,965 INFO  grpc.GrpcConfigKeys (ConfUtils.java:logGet(46)) - raft.grpc.server.zerocopy.enabled = true (custom)
2024-12-14 12:24:35,965 INFO  server.RaftServerConfigKeys (ConfUtils.java:logGet(46)) - raft.server.log.appender.buffer.byte-limit = 4MB (=4194304) (default)
2024-12-14 12:24:35,965 INFO  grpc.GrpcConfigKeys (ConfUtils.java:logGet(46)) - raft.grpc.server.async.request.thread.pool.cached = true (default)
2024-12-14 12:24:35,965 INFO  grpc.GrpcConfigKeys (ConfUtils.java:logGet(46)) - raft.grpc.server.async.request.thread.pool.size = 32 (default)
2024-12-14 12:24:35,961 INFO  server.RaftServerConfigKeys (ConfUtils.java:logGet(46)) - raft.server.rpc.timeout.min = 300ms (custom)
2024-12-14 12:24:35,966 INFO  server.RaftServerConfigKeys (ConfUtils.java:logGet(46)) - raft.server.rpc.timeout.max = 600ms (custom)
2024-12-14 12:24:35,966 INFO  server.RaftServerConfigKeys (ConfUtils.java:logGet(46)) - raft.server.rpc.sleep.time = 25ms (default)
2024-12-14 12:24:35,966 INFO  server.RaftServerConfigKeys (ConfUtils.java:logGet(46)) - raft.server.rpc.slowness.timeout = 60s (default)
2024-12-14 12:24:35,966 INFO  server.RaftServerConfigKeys (ConfUtils.java:logGet(46)) - raft.server.leaderelection.leader.step-down.wait-time = 10s (default)
2024-12-14 12:24:35,966 INFO  impl.DataStreamServerImpl (ConfUtils.java:logGet(46)) - raft.datastream.type = DISABLED (default)
2024-12-14 12:24:35,967 INFO  server.RaftServerConfigKeys (ConfUtils.java:logGet(46)) - raft.server.sleep.deviation.threshold = 300ms (default)
2024-12-14 12:24:35,967 INFO  server.RaftServerConfigKeys (ConfUtils.java:logGet(46)) - raft.server.close.threshold = 60s (default)
2024-12-14 12:24:35,967 INFO  server.RaftServerConfigKeys (ConfUtils.java:logGet(46)) - raft.server.leaderelection.leader.step-down.wait-time = 10s (default)
2024-12-14 12:24:35,962 INFO  server.RaftServerConfigKeys (ConfUtils.java:logGet(46)) - raft.server.threadpool.server.size = 0 (default)
2024-12-14 12:24:35,967 INFO  server.RaftServerConfigKeys (ConfUtils.java:logGet(46)) - raft.server.storage.dir = [/home/runner/work/ratis/ratis/ratis-examples/target/test/data/da5193cb/MiniRaftClusterWithGrpca0a5e6cd/s8] (custom)
2024-12-14 12:24:35,968 INFO  server.RaftServerConfigKeys (ConfUtils.java:logGet(46)) - raft.server.threadpool.proxy.cached = true (default)
2024-12-14 12:24:35,968 INFO  server.RaftServerConfigKeys (ConfUtils.java:logGet(46)) - raft.server.threadpool.proxy.size = 0 (default)
2024-12-14 12:24:35,966 INFO  server.RaftServerConfigKeys (ConfUtils.java:logGet(46)) - raft.server.leaderelection.member.majority-add = false (default)
2024-12-14 12:24:35,968 INFO  server.RaftServerConfigKeys (ConfUtils.java:logGet(46)) - raft.server.sleep.deviation.threshold = 300ms (default)
2024-12-14 12:24:35,968 INFO  server.RaftServer$Division (ServerState.java:<init>(114)) - s7@group-40388BE3F4D5: ConfigurationManager, init=conf: {index: -1, cur=peers:[]|listeners:[], old=null}, confs=<EMPTY_MAP>
2024-12-14 12:24:35,968 INFO  server.RaftServerConfigKeys (ConfUtils.java:logGet(46)) - raft.server.notification.no-leader.timeout = 60s (default)
2024-12-14 12:24:35,968 INFO  server.RaftServerConfigKeys (ConfUtils.java:logGet(46)) - raft.server.read.timeout = 10s (default)
2024-12-14 12:24:35,968 INFO  server.RaftServerConfigKeys (ConfUtils.java:logGet(46)) - raft.server.retrycache.expirytime = 60s (default)
2024-12-14 12:24:35,969 INFO  server.RaftServerConfigKeys (ConfUtils.java:logGet(46)) - raft.server.retrycache.statistics.expirytime = 100ms (default)
2024-12-14 12:24:35,969 INFO  server.RaftServer$Division (RaftServerImpl.java:<init>(256)) - s8: new RaftServerImpl for group-40388BE3F4D5:[] with ArithmeticStateMachine:uninitialized
2024-12-14 12:24:35,967 INFO  server.RaftServerConfigKeys (ConfUtils.java:logGet(46)) - raft.server.threadpool.client.cached = true (default)
2024-12-14 12:24:35,969 INFO  server.RaftServerConfigKeys (ConfUtils.java:logGet(46)) - raft.server.threadpool.client.size = 0 (default)
2024-12-14 12:24:35,969 INFO  server.RaftServerConfigKeys (ConfUtils.java:logGet(46)) - raft.server.rpc.timeout.min = 300ms (custom)
2024-12-14 12:24:35,969 INFO  server.RaftServerConfigKeys (ConfUtils.java:logGet(46)) - raft.server.rpc.timeout.max = 600ms (custom)
2024-12-14 12:24:35,969 INFO  server.RaftServerConfigKeys (ConfUtils.java:logGet(46)) - raft.server.rpc.sleep.time = 25ms (default)
2024-12-14 12:24:35,969 INFO  server.RaftServerConfigKeys (ConfUtils.java:logGet(46)) - raft.server.rpc.slowness.timeout = 60s (default)
2024-12-14 12:24:35,969 INFO  server.RaftServerConfigKeys (ConfUtils.java:logGet(46)) - raft.server.leaderelection.leader.step-down.wait-time = 10s (default)
2024-12-14 12:24:35,969 INFO  server.RaftServerConfigKeys (ConfUtils.java:logGet(46)) - raft.server.leaderelection.member.majority-add = false (default)
2024-12-14 12:24:35,969 INFO  server.RaftServerConfigKeys (ConfUtils.java:logGet(46)) - raft.server.sleep.deviation.threshold = 300ms (default)
2024-12-14 12:24:35,969 INFO  server.RaftServer$Division (ServerState.java:<init>(114)) - s8@group-40388BE3F4D5: ConfigurationManager, init=conf: {index: -1, cur=peers:[]|listeners:[], old=null}, confs=<EMPTY_MAP>
2024-12-14 12:24:35,969 INFO  server.RaftServerConfigKeys (ConfUtils.java:logGet(46)) - raft.server.notification.no-leader.timeout = 60s (default)
2024-12-14 12:24:35,969 INFO  server.RaftServerConfigKeys (ConfUtils.java:logGet(46)) - raft.server.read.timeout = 10s (default)
2024-12-14 12:24:35,969 INFO  server.RaftServerConfigKeys (ConfUtils.java:logGet(46)) - raft.server.retrycache.expirytime = 60s (default)
2024-12-14 12:24:35,970 INFO  server.RaftServerConfigKeys (ConfUtils.java:logGet(46)) - raft.server.retrycache.statistics.expirytime = 100ms (default)
2024-12-14 12:24:35,969 INFO  server.RaftServerConfigKeys (ConfUtils.java:logGet(46)) - raft.server.read.option = DEFAULT (default)
2024-12-14 12:24:35,969 INFO  server.RaftServer (RaftServerProxy.java:addNew(101)) - s8: addNew group-40388BE3F4D5:[] returns group-40388BE3F4D5:java.util.concurrent.CompletableFuture@4a3bf37c[Not completed]
2024-12-14 12:24:35,970 INFO  server.RaftServerConfigKeys (ConfUtils.java:logGet(46)) - raft.server.read.read-after-write-consistent.write-index-cache.expiry-time = 60s (default)
2024-12-14 12:24:35,970 INFO  server.RaftServerConfigKeys (ConfUtils.java:logGet(46)) - raft.server.read.option = DEFAULT (default)
2024-12-14 12:24:35,970 INFO  impl.MiniRaftCluster (MiniRaftCluster.java:newRaftServer(396)) - newRaftServer: s9, group-40388BE3F4D5:[], format? true
2024-12-14 12:24:35,970 TRACE util.FileUtils (FileUtils.java:deleteFully(307)) - deleteFully target/test/data/da5193cb/MiniRaftClusterWithGrpca0a5e6cd/s9
2024-12-14 12:24:35,971 TRACE util.FileUtils (FileUtils.java:deleteFully(320)) - deleteFully: target/test/data/da5193cb/MiniRaftClusterWithGrpca0a5e6cd/s9 does not exist.
2024-12-14 12:24:35,971 INFO  impl.MiniRaftCluster (MiniRaftCluster.java:newRaftServer(401)) - Formatted directory target/test/data/da5193cb/MiniRaftClusterWithGrpca0a5e6cd/s9
2024-12-14 12:24:35,971 INFO  server.RaftServerConfigKeys (ConfUtils.java:logGet(46)) - raft.server.rpc.request.timeout = 3000ms (default)
2024-12-14 12:24:35,971 INFO  server.RaftServerConfigKeys (ConfUtils.java:logGet(46)) - raft.server.read.read-after-write-consistent.write-index-cache.expiry-time = 60s (default)
2024-12-14 12:24:35,971 INFO  server.RaftServer (ConfUtils.java:logGet(46)) - raft.rpc.type = GRPC (default)
2024-12-14 12:24:35,972 INFO  server.RaftServerConfigKeys (ConfUtils.java:logGet(46)) - raft.server.log.appender.install.snapshot.enabled = true (default)
2024-12-14 12:24:35,972 INFO  grpc.GrpcConfigKeys (ConfUtils.java:logFallback(53)) - raft.grpc.admin.host = null (fallback to raft.grpc.server.host)
2024-12-14 12:24:35,972 INFO  server.RaftServerConfigKeys (ConfUtils.java:logGet(46)) - raft.server.threadpool.server.cached = true (default)
2024-12-14 12:24:35,972 INFO  grpc.GrpcConfigKeys (ConfUtils.java:logFallback(53)) - raft.grpc.admin.port = 15009 (fallback to raft.grpc.server.port)
2024-12-14 12:24:35,972 INFO  server.RaftServerConfigKeys (ConfUtils.java:logGet(46)) - raft.server.threadpool.server.size = 0 (default)
2024-12-14 12:24:35,972 INFO  grpc.GrpcConfigKeys (ConfUtils.java:logFallback(53)) - raft.grpc.client.host = null (fallback to raft.grpc.server.host)
2024-12-14 12:24:35,972 INFO  server.RaftServerConfigKeys (ConfUtils.java:logGet(46)) - raft.server.threadpool.client.cached = true (default)
2024-12-14 12:24:35,973 INFO  grpc.GrpcConfigKeys (ConfUtils.java:logFallback(53)) - raft.grpc.client.port = 15009 (fallback to raft.grpc.server.port)
2024-12-14 12:24:35,973 INFO  grpc.GrpcConfigKeys (ConfUtils.java:logGet(46)) - raft.grpc.server.host = null (default)
2024-12-14 12:24:35,973 INFO  server.RaftServerConfigKeys (ConfUtils.java:logGet(46)) - raft.server.threadpool.client.size = 0 (default)
2024-12-14 12:24:35,973 INFO  grpc.GrpcConfigKeys (ConfUtils.java:logGet(46)) - raft.grpc.server.port = 15009 (custom)
2024-12-14 12:24:35,974 INFO  server.GrpcServicesImpl (ConfUtils.java:logGet(46)) - raft.grpc.message.size.max = 64MB (=67108864) (default)
2024-12-14 12:24:35,974 INFO  server.GrpcServicesImpl (ConfUtils.java:logGet(46)) - raft.grpc.flow.control.window = 1MB (=1048576) (default)
2024-12-14 12:24:35,974 INFO  server.RaftServerConfigKeys (ConfUtils.java:logGet(46)) - raft.server.rpc.request.timeout = 3000ms (default)
2024-12-14 12:24:35,974 INFO  grpc.GrpcConfigKeys (ConfUtils.java:logGet(46)) - raft.grpc.server.heartbeat.channel = true (default)
2024-12-14 12:24:35,975 INFO  grpc.GrpcConfigKeys (ConfUtils.java:logGet(46)) - raft.grpc.server.zerocopy.enabled = true (custom)
2024-12-14 12:24:35,975 INFO  server.RaftServerConfigKeys (ConfUtils.java:logGet(46)) - raft.server.log.appender.buffer.byte-limit = 4MB (=4194304) (default)
2024-12-14 12:24:35,975 INFO  grpc.GrpcConfigKeys (ConfUtils.java:logGet(46)) - raft.grpc.server.async.request.thread.pool.cached = true (default)
2024-12-14 12:24:35,975 INFO  grpc.GrpcConfigKeys (ConfUtils.java:logGet(46)) - raft.grpc.server.async.request.thread.pool.size = 32 (default)
2024-12-14 12:24:35,976 INFO  impl.DataStreamServerImpl (ConfUtils.java:logGet(46)) - raft.datastream.type = DISABLED (default)
2024-12-14 12:24:35,977 INFO  server.RaftServerConfigKeys (ConfUtils.java:logGet(46)) - raft.server.sleep.deviation.threshold = 300ms (default)
2024-12-14 12:24:35,977 INFO  server.RaftServerConfigKeys (ConfUtils.java:logGet(46)) - raft.server.close.threshold = 60s (default)
2024-12-14 12:24:35,977 INFO  server.RaftServerConfigKeys (ConfUtils.java:logGet(46)) - raft.server.leaderelection.leader.step-down.wait-time = 10s (default)
2024-12-14 12:24:35,977 INFO  server.RaftServerConfigKeys (ConfUtils.java:logGet(46)) - raft.server.storage.dir = [/home/runner/work/ratis/ratis/ratis-examples/target/test/data/da5193cb/MiniRaftClusterWithGrpca0a5e6cd/s9] (custom)
2024-12-14 12:24:35,978 INFO  server.RaftServerConfigKeys (ConfUtils.java:logGet(46)) - raft.server.threadpool.proxy.cached = true (default)
2024-12-14 12:24:35,978 INFO  server.RaftServerConfigKeys (ConfUtils.java:logGet(46)) - raft.server.threadpool.proxy.size = 0 (default)
2024-12-14 12:24:35,979 INFO  server.RaftServerConfigKeys (ConfUtils.java:logGet(46)) - raft.server.rpc.request.timeout = 3000ms (default)
2024-12-14 12:24:35,979 INFO  server.RaftServerConfigKeys (ConfUtils.java:logGet(46)) - raft.server.log.appender.install.snapshot.enabled = true (default)
2024-12-14 12:24:35,979 INFO  server.RaftServerConfigKeys (ConfUtils.java:logGet(46)) - raft.server.threadpool.server.cached = true (default)
2024-12-14 12:24:35,979 INFO  server.RaftServerConfigKeys (ConfUtils.java:logGet(46)) - raft.server.threadpool.server.size = 0 (default)
2024-12-14 12:24:35,979 INFO  server.RaftServerConfigKeys (ConfUtils.java:logGet(46)) - raft.server.threadpool.client.cached = true (default)
2024-12-14 12:24:35,979 INFO  server.RaftServerConfigKeys (ConfUtils.java:logGet(46)) - raft.server.threadpool.client.size = 0 (default)
2024-12-14 12:24:35,979 INFO  server.RaftServer (RaftServerProxy.java:addNew(101)) - s9: addNew group-40388BE3F4D5:[] returns group-40388BE3F4D5:java.util.concurrent.CompletableFuture@27bbe773[Not completed]
2024-12-14 12:24:35,979 INFO  impl.MiniRaftCluster (MiniRaftCluster.java:newRaftServer(396)) - newRaftServer: s10, group-40388BE3F4D5:[], format? true
2024-12-14 12:24:35,980 TRACE util.FileUtils (FileUtils.java:deleteFully(307)) - deleteFully target/test/data/da5193cb/MiniRaftClusterWithGrpca0a5e6cd/s10
2024-12-14 12:24:35,979 INFO  server.RaftServer$Division (RaftServerImpl.java:<init>(256)) - s9: new RaftServerImpl for group-40388BE3F4D5:[] with ArithmeticStateMachine:uninitialized
2024-12-14 12:24:35,980 TRACE util.FileUtils (FileUtils.java:deleteFully(320)) - deleteFully: target/test/data/da5193cb/MiniRaftClusterWithGrpca0a5e6cd/s10 does not exist.
2024-12-14 12:24:35,980 INFO  impl.MiniRaftCluster (MiniRaftCluster.java:newRaftServer(401)) - Formatted directory target/test/data/da5193cb/MiniRaftClusterWithGrpca0a5e6cd/s10
2024-12-14 12:24:35,980 INFO  server.RaftServer (ConfUtils.java:logGet(46)) - raft.rpc.type = GRPC (default)
2024-12-14 12:24:35,980 INFO  server.RaftServerConfigKeys (ConfUtils.java:logGet(46)) - raft.server.rpc.timeout.min = 300ms (custom)
2024-12-14 12:24:35,981 INFO  grpc.GrpcConfigKeys (ConfUtils.java:logFallback(53)) - raft.grpc.admin.host = null (fallback to raft.grpc.server.host)
2024-12-14 12:24:35,981 INFO  server.RaftServerConfigKeys (ConfUtils.java:logGet(46)) - raft.server.rpc.timeout.max = 600ms (custom)
2024-12-14 12:24:35,981 INFO  server.RaftServerConfigKeys (ConfUtils.java:logGet(46)) - raft.server.rpc.sleep.time = 25ms (default)
2024-12-14 12:24:35,981 INFO  server.RaftServerConfigKeys (ConfUtils.java:logGet(46)) - raft.server.rpc.slowness.timeout = 60s (default)
2024-12-14 12:24:35,981 INFO  grpc.GrpcConfigKeys (ConfUtils.java:logFallback(53)) - raft.grpc.admin.port = 15010 (fallback to raft.grpc.server.port)
2024-12-14 12:24:35,982 INFO  grpc.GrpcConfigKeys (ConfUtils.java:logFallback(53)) - raft.grpc.client.host = null (fallback to raft.grpc.server.host)
2024-12-14 12:24:35,981 INFO  server.RaftServerConfigKeys (ConfUtils.java:logGet(46)) - raft.server.leaderelection.leader.step-down.wait-time = 10s (default)
2024-12-14 12:24:35,982 INFO  server.RaftServerConfigKeys (ConfUtils.java:logGet(46)) - raft.server.leaderelection.member.majority-add = false (default)
2024-12-14 12:24:35,982 INFO  grpc.GrpcConfigKeys (ConfUtils.java:logFallback(53)) - raft.grpc.client.port = 15010 (fallback to raft.grpc.server.port)
2024-12-14 12:24:35,982 INFO  grpc.GrpcConfigKeys (ConfUtils.java:logGet(46)) - raft.grpc.server.host = null (default)
2024-12-14 12:24:35,982 INFO  server.RaftServerConfigKeys (ConfUtils.java:logGet(46)) - raft.server.sleep.deviation.threshold = 300ms (default)
2024-12-14 12:24:35,982 INFO  grpc.GrpcConfigKeys (ConfUtils.java:logGet(46)) - raft.grpc.server.port = 15010 (custom)
2024-12-14 12:24:35,983 INFO  server.GrpcServicesImpl (ConfUtils.java:logGet(46)) - raft.grpc.message.size.max = 64MB (=67108864) (default)
2024-12-14 12:24:35,983 INFO  server.GrpcServicesImpl (ConfUtils.java:logGet(46)) - raft.grpc.flow.control.window = 1MB (=1048576) (default)
2024-12-14 12:24:35,983 INFO  server.RaftServerConfigKeys (ConfUtils.java:logGet(46)) - raft.server.rpc.request.timeout = 3000ms (default)
2024-12-14 12:24:35,983 INFO  grpc.GrpcConfigKeys (ConfUtils.java:logGet(46)) - raft.grpc.server.heartbeat.channel = true (default)
2024-12-14 12:24:35,983 INFO  grpc.GrpcConfigKeys (ConfUtils.java:logGet(46)) - raft.grpc.server.zerocopy.enabled = true (custom)
2024-12-14 12:24:35,984 INFO  server.RaftServerConfigKeys (ConfUtils.java:logGet(46)) - raft.server.log.appender.buffer.byte-limit = 4MB (=4194304) (default)
2024-12-14 12:24:35,982 INFO  server.RaftServer$Division (ServerState.java:<init>(114)) - s9@group-40388BE3F4D5: ConfigurationManager, init=conf: {index: -1, cur=peers:[]|listeners:[], old=null}, confs=<EMPTY_MAP>
2024-12-14 12:24:35,984 INFO  grpc.GrpcConfigKeys (ConfUtils.java:logGet(46)) - raft.grpc.server.async.request.thread.pool.cached = true (default)
2024-12-14 12:24:35,984 INFO  grpc.GrpcConfigKeys (ConfUtils.java:logGet(46)) - raft.grpc.server.async.request.thread.pool.size = 32 (default)
2024-12-14 12:24:35,984 INFO  server.RaftServerConfigKeys (ConfUtils.java:logGet(46)) - raft.server.notification.no-leader.timeout = 60s (default)
2024-12-14 12:24:35,985 INFO  server.RaftServerConfigKeys (ConfUtils.java:logGet(46)) - raft.server.read.timeout = 10s (default)
2024-12-14 12:24:35,985 INFO  server.RaftServerConfigKeys (ConfUtils.java:logGet(46)) - raft.server.retrycache.expirytime = 60s (default)
2024-12-14 12:24:35,985 INFO  server.RaftServerConfigKeys (ConfUtils.java:logGet(46)) - raft.server.retrycache.statistics.expirytime = 100ms (default)
2024-12-14 12:24:35,985 INFO  server.RaftServerConfigKeys (ConfUtils.java:logGet(46)) - raft.server.read.option = DEFAULT (default)
2024-12-14 12:24:35,985 INFO  server.RaftServerConfigKeys (ConfUtils.java:logGet(46)) - raft.server.read.read-after-write-consistent.write-index-cache.expiry-time = 60s (default)
2024-12-14 12:24:35,985 INFO  impl.DataStreamServerImpl (ConfUtils.java:logGet(46)) - raft.datastream.type = DISABLED (default)
2024-12-14 12:24:35,985 INFO  server.RaftServerConfigKeys (ConfUtils.java:logGet(46)) - raft.server.sleep.deviation.threshold = 300ms (default)
2024-12-14 12:24:35,986 INFO  server.RaftServerConfigKeys (ConfUtils.java:logGet(46)) - raft.server.close.threshold = 60s (default)
2024-12-14 12:24:35,986 INFO  server.RaftServerConfigKeys (ConfUtils.java:logGet(46)) - raft.server.leaderelection.leader.step-down.wait-time = 10s (default)
2024-12-14 12:24:35,986 INFO  server.RaftServerConfigKeys (ConfUtils.java:logGet(46)) - raft.server.rpc.request.timeout = 3000ms (default)
2024-12-14 12:24:35,986 INFO  server.RaftServerConfigKeys (ConfUtils.java:logGet(46)) - raft.server.storage.dir = [/home/runner/work/ratis/ratis/ratis-examples/target/test/data/da5193cb/MiniRaftClusterWithGrpca0a5e6cd/s10] (custom)
2024-12-14 12:24:35,986 INFO  server.RaftServerConfigKeys (ConfUtils.java:logGet(46)) - raft.server.threadpool.proxy.cached = true (default)
2024-12-14 12:24:35,987 INFO  server.RaftServerConfigKeys (ConfUtils.java:logGet(46)) - raft.server.threadpool.proxy.size = 0 (default)
2024-12-14 12:24:35,986 INFO  server.RaftServerConfigKeys (ConfUtils.java:logGet(46)) - raft.server.log.appender.install.snapshot.enabled = true (default)
2024-12-14 12:24:35,987 INFO  server.RaftServerConfigKeys (ConfUtils.java:logGet(46)) - raft.server.threadpool.server.cached = true (default)
2024-12-14 12:24:35,987 INFO  server.RaftServerConfigKeys (ConfUtils.java:logGet(46)) - raft.server.threadpool.server.size = 0 (default)
2024-12-14 12:24:35,987 INFO  server.RaftServerConfigKeys (ConfUtils.java:logGet(46)) - raft.server.threadpool.client.cached = true (default)
2024-12-14 12:24:35,987 INFO  server.RaftServerConfigKeys (ConfUtils.java:logGet(46)) - raft.server.threadpool.client.size = 0 (default)
2024-12-14 12:24:35,988 INFO  server.RaftServer (RaftServerProxy.java:addNew(101)) - s10: addNew group-40388BE3F4D5:[] returns group-40388BE3F4D5:java.util.concurrent.CompletableFuture@76d0a290[Not completed]
2024-12-14 12:24:35,988 INFO  server.RaftServer$Division (RaftServerImpl.java:<init>(256)) - s10: new RaftServerImpl for group-40388BE3F4D5:[] with ArithmeticStateMachine:uninitialized
2024-12-14 12:24:35,988 INFO  impl.MiniRaftCluster (MiniRaftCluster.java:newRaftServer(396)) - newRaftServer: s11, group-40388BE3F4D5:[], format? true
2024-12-14 12:24:35,989 TRACE util.FileUtils (FileUtils.java:deleteFully(307)) - deleteFully target/test/data/da5193cb/MiniRaftClusterWithGrpca0a5e6cd/s11
2024-12-14 12:24:35,988 INFO  server.RaftServerConfigKeys (ConfUtils.java:logGet(46)) - raft.server.rpc.timeout.min = 300ms (custom)
2024-12-14 12:24:35,989 TRACE util.FileUtils (FileUtils.java:deleteFully(320)) - deleteFully: target/test/data/da5193cb/MiniRaftClusterWithGrpca0a5e6cd/s11 does not exist.
2024-12-14 12:24:35,989 INFO  impl.MiniRaftCluster (MiniRaftCluster.java:newRaftServer(401)) - Formatted directory target/test/data/da5193cb/MiniRaftClusterWithGrpca0a5e6cd/s11
2024-12-14 12:24:35,989 INFO  server.RaftServerConfigKeys (ConfUtils.java:logGet(46)) - raft.server.rpc.timeout.max = 600ms (custom)
2024-12-14 12:24:35,989 INFO  server.RaftServerConfigKeys (ConfUtils.java:logGet(46)) - raft.server.rpc.sleep.time = 25ms (default)
2024-12-14 12:24:35,989 INFO  server.RaftServerConfigKeys (ConfUtils.java:logGet(46)) - raft.server.rpc.slowness.timeout = 60s (default)
2024-12-14 12:24:35,989 INFO  server.RaftServerConfigKeys (ConfUtils.java:logGet(46)) - raft.server.leaderelection.leader.step-down.wait-time = 10s (default)
2024-12-14 12:24:35,989 INFO  server.RaftServer (ConfUtils.java:logGet(46)) - raft.rpc.type = GRPC (default)
2024-12-14 12:24:35,990 INFO  server.RaftServerConfigKeys (ConfUtils.java:logGet(46)) - raft.server.leaderelection.member.majority-add = false (default)
2024-12-14 12:24:35,990 INFO  grpc.GrpcConfigKeys (ConfUtils.java:logFallback(53)) - raft.grpc.admin.host = null (fallback to raft.grpc.server.host)
2024-12-14 12:24:35,990 INFO  server.RaftServerConfigKeys (ConfUtils.java:logGet(46)) - raft.server.sleep.deviation.threshold = 300ms (default)
2024-12-14 12:24:35,990 INFO  grpc.GrpcConfigKeys (ConfUtils.java:logFallback(53)) - raft.grpc.admin.port = 15011 (fallback to raft.grpc.server.port)
2024-12-14 12:24:35,990 INFO  server.RaftServer$Division (ServerState.java:<init>(114)) - s10@group-40388BE3F4D5: ConfigurationManager, init=conf: {index: -1, cur=peers:[]|listeners:[], old=null}, confs=<EMPTY_MAP>
2024-12-14 12:24:35,990 INFO  grpc.GrpcConfigKeys (ConfUtils.java:logFallback(53)) - raft.grpc.client.host = null (fallback to raft.grpc.server.host)
2024-12-14 12:24:35,990 INFO  server.RaftServerConfigKeys (ConfUtils.java:logGet(46)) - raft.server.notification.no-leader.timeout = 60s (default)
2024-12-14 12:24:35,991 INFO  grpc.GrpcConfigKeys (ConfUtils.java:logFallback(53)) - raft.grpc.client.port = 15011 (fallback to raft.grpc.server.port)
2024-12-14 12:24:35,991 INFO  grpc.GrpcConfigKeys (ConfUtils.java:logGet(46)) - raft.grpc.server.host = null (default)
2024-12-14 12:24:35,991 INFO  server.RaftServerConfigKeys (ConfUtils.java:logGet(46)) - raft.server.read.timeout = 10s (default)
2024-12-14 12:24:35,991 INFO  grpc.GrpcConfigKeys (ConfUtils.java:logGet(46)) - raft.grpc.server.port = 15011 (custom)
2024-12-14 12:24:35,991 INFO  server.RaftServerConfigKeys (ConfUtils.java:logGet(46)) - raft.server.retrycache.expirytime = 60s (default)
2024-12-14 12:24:35,991 INFO  server.GrpcServicesImpl (ConfUtils.java:logGet(46)) - raft.grpc.message.size.max = 64MB (=67108864) (default)
2024-12-14 12:24:35,992 INFO  server.GrpcServicesImpl (ConfUtils.java:logGet(46)) - raft.grpc.flow.control.window = 1MB (=1048576) (default)
2024-12-14 12:24:35,991 INFO  server.RaftServerConfigKeys (ConfUtils.java:logGet(46)) - raft.server.retrycache.statistics.expirytime = 100ms (default)
2024-12-14 12:24:35,992 INFO  server.RaftServerConfigKeys (ConfUtils.java:logGet(46)) - raft.server.rpc.request.timeout = 3000ms (default)
2024-12-14 12:24:35,992 INFO  grpc.GrpcConfigKeys (ConfUtils.java:logGet(46)) - raft.grpc.server.heartbeat.channel = true (default)
2024-12-14 12:24:35,992 INFO  grpc.GrpcConfigKeys (ConfUtils.java:logGet(46)) - raft.grpc.server.zerocopy.enabled = true (custom)
2024-12-14 12:24:35,992 INFO  server.RaftServerConfigKeys (ConfUtils.java:logGet(46)) - raft.server.log.appender.buffer.byte-limit = 4MB (=4194304) (default)
2024-12-14 12:24:35,992 INFO  server.RaftServerConfigKeys (ConfUtils.java:logGet(46)) - raft.server.read.option = DEFAULT (default)
2024-12-14 12:24:35,992 INFO  grpc.GrpcConfigKeys (ConfUtils.java:logGet(46)) - raft.grpc.server.async.request.thread.pool.cached = true (default)
2024-12-14 12:24:35,992 INFO  server.RaftServerConfigKeys (ConfUtils.java:logGet(46)) - raft.server.read.read-after-write-consistent.write-index-cache.expiry-time = 60s (default)
2024-12-14 12:24:35,993 INFO  grpc.GrpcConfigKeys (ConfUtils.java:logGet(46)) - raft.grpc.server.async.request.thread.pool.size = 32 (default)
2024-12-14 12:24:35,993 INFO  impl.DataStreamServerImpl (ConfUtils.java:logGet(46)) - raft.datastream.type = DISABLED (default)
2024-12-14 12:24:35,993 INFO  server.RaftServerConfigKeys (ConfUtils.java:logGet(46)) - raft.server.sleep.deviation.threshold = 300ms (default)
2024-12-14 12:24:35,994 INFO  server.RaftServerConfigKeys (ConfUtils.java:logGet(46)) - raft.server.close.threshold = 60s (default)
2024-12-14 12:24:35,994 INFO  server.RaftServerConfigKeys (ConfUtils.java:logGet(46)) - raft.server.leaderelection.leader.step-down.wait-time = 10s (default)
2024-12-14 12:24:35,994 INFO  server.RaftServerConfigKeys (ConfUtils.java:logGet(46)) - raft.server.storage.dir = [/home/runner/work/ratis/ratis/ratis-examples/target/test/data/da5193cb/MiniRaftClusterWithGrpca0a5e6cd/s11] (custom)
2024-12-14 12:24:35,994 INFO  server.RaftServerConfigKeys (ConfUtils.java:logGet(46)) - raft.server.threadpool.proxy.cached = true (default)
2024-12-14 12:24:35,994 INFO  server.RaftServerConfigKeys (ConfUtils.java:logGet(46)) - raft.server.rpc.request.timeout = 3000ms (default)
2024-12-14 12:24:35,994 INFO  server.RaftServerConfigKeys (ConfUtils.java:logGet(46)) - raft.server.threadpool.proxy.size = 0 (default)
2024-12-14 12:24:35,994 INFO  server.RaftServerConfigKeys (ConfUtils.java:logGet(46)) - raft.server.log.appender.install.snapshot.enabled = true (default)
2024-12-14 12:24:35,995 INFO  server.RaftServerConfigKeys (ConfUtils.java:logGet(46)) - raft.server.threadpool.server.cached = true (default)
2024-12-14 12:24:35,995 INFO  server.RaftServerConfigKeys (ConfUtils.java:logGet(46)) - raft.server.threadpool.server.size = 0 (default)
2024-12-14 12:24:35,995 INFO  server.RaftServerConfigKeys (ConfUtils.java:logGet(46)) - raft.server.threadpool.client.cached = true (default)
2024-12-14 12:24:35,995 INFO  server.RaftServerConfigKeys (ConfUtils.java:logGet(46)) - raft.server.threadpool.client.size = 0 (default)
2024-12-14 12:24:35,995 INFO  server.RaftServer (RaftServerProxy.java:addNew(101)) - s11: addNew group-40388BE3F4D5:[] returns group-40388BE3F4D5:java.util.concurrent.CompletableFuture@1e1ea16d[Not completed]
2024-12-14 12:24:35,995 INFO  server.RaftServer$Division (RaftServerImpl.java:<init>(256)) - s11: new RaftServerImpl for group-40388BE3F4D5:[] with ArithmeticStateMachine:uninitialized
2024-12-14 12:24:35,995 INFO  impl.MiniRaftCluster (MiniRaftCluster.java:newRaftServer(396)) - newRaftServer: s12, group-40388BE3F4D5:[], format? true
2024-12-14 12:24:35,995 TRACE util.FileUtils (FileUtils.java:deleteFully(307)) - deleteFully target/test/data/da5193cb/MiniRaftClusterWithGrpca0a5e6cd/s12
2024-12-14 12:24:35,995 INFO  server.RaftServerConfigKeys (ConfUtils.java:logGet(46)) - raft.server.rpc.timeout.min = 300ms (custom)
2024-12-14 12:24:35,996 TRACE util.FileUtils (FileUtils.java:deleteFully(320)) - deleteFully: target/test/data/da5193cb/MiniRaftClusterWithGrpca0a5e6cd/s12 does not exist.
2024-12-14 12:24:35,996 INFO  impl.MiniRaftCluster (MiniRaftCluster.java:newRaftServer(401)) - Formatted directory target/test/data/da5193cb/MiniRaftClusterWithGrpca0a5e6cd/s12
2024-12-14 12:24:35,996 INFO  server.RaftServerConfigKeys (ConfUtils.java:logGet(46)) - raft.server.rpc.timeout.max = 600ms (custom)
2024-12-14 12:24:35,996 INFO  server.RaftServerConfigKeys (ConfUtils.java:logGet(46)) - raft.server.rpc.sleep.time = 25ms (default)
2024-12-14 12:24:35,996 INFO  server.RaftServerConfigKeys (ConfUtils.java:logGet(46)) - raft.server.rpc.slowness.timeout = 60s (default)
2024-12-14 12:24:35,996 INFO  server.RaftServerConfigKeys (ConfUtils.java:logGet(46)) - raft.server.leaderelection.leader.step-down.wait-time = 10s (default)
2024-12-14 12:24:35,996 INFO  server.RaftServer (ConfUtils.java:logGet(46)) - raft.rpc.type = GRPC (default)
2024-12-14 12:24:35,996 INFO  server.RaftServerConfigKeys (ConfUtils.java:logGet(46)) - raft.server.leaderelection.member.majority-add = false (default)
2024-12-14 12:24:35,997 INFO  grpc.GrpcConfigKeys (ConfUtils.java:logFallback(53)) - raft.grpc.admin.host = null (fallback to raft.grpc.server.host)
2024-12-14 12:24:35,997 INFO  server.RaftServerConfigKeys (ConfUtils.java:logGet(46)) - raft.server.sleep.deviation.threshold = 300ms (default)
2024-12-14 12:24:35,997 INFO  grpc.GrpcConfigKeys (ConfUtils.java:logFallback(53)) - raft.grpc.admin.port = 15012 (fallback to raft.grpc.server.port)
2024-12-14 12:24:35,997 INFO  server.RaftServer$Division (ServerState.java:<init>(114)) - s11@group-40388BE3F4D5: ConfigurationManager, init=conf: {index: -1, cur=peers:[]|listeners:[], old=null}, confs=<EMPTY_MAP>
2024-12-14 12:24:35,997 INFO  grpc.GrpcConfigKeys (ConfUtils.java:logFallback(53)) - raft.grpc.client.host = null (fallback to raft.grpc.server.host)
2024-12-14 12:24:35,997 INFO  server.RaftServerConfigKeys (ConfUtils.java:logGet(46)) - raft.server.notification.no-leader.timeout = 60s (default)
2024-12-14 12:24:35,997 INFO  grpc.GrpcConfigKeys (ConfUtils.java:logFallback(53)) - raft.grpc.client.port = 15012 (fallback to raft.grpc.server.port)
2024-12-14 12:24:35,998 INFO  server.RaftServerConfigKeys (ConfUtils.java:logGet(46)) - raft.server.read.timeout = 10s (default)
2024-12-14 12:24:35,998 INFO  grpc.GrpcConfigKeys (ConfUtils.java:logGet(46)) - raft.grpc.server.host = null (default)
2024-12-14 12:24:35,998 INFO  server.RaftServerConfigKeys (ConfUtils.java:logGet(46)) - raft.server.retrycache.expirytime = 60s (default)
2024-12-14 12:24:35,998 INFO  server.RaftServerConfigKeys (ConfUtils.java:logGet(46)) - raft.server.retrycache.statistics.expirytime = 100ms (default)
2024-12-14 12:24:35,998 INFO  grpc.GrpcConfigKeys (ConfUtils.java:logGet(46)) - raft.grpc.server.port = 15012 (custom)
2024-12-14 12:24:35,998 INFO  server.RaftServerConfigKeys (ConfUtils.java:logGet(46)) - raft.server.read.option = DEFAULT (default)
2024-12-14 12:24:35,998 INFO  server.GrpcServicesImpl (ConfUtils.java:logGet(46)) - raft.grpc.message.size.max = 64MB (=67108864) (default)
2024-12-14 12:24:35,998 INFO  server.RaftServerConfigKeys (ConfUtils.java:logGet(46)) - raft.server.read.read-after-write-consistent.write-index-cache.expiry-time = 60s (default)
2024-12-14 12:24:35,999 INFO  server.GrpcServicesImpl (ConfUtils.java:logGet(46)) - raft.grpc.flow.control.window = 1MB (=1048576) (default)
2024-12-14 12:24:35,999 INFO  server.RaftServerConfigKeys (ConfUtils.java:logGet(46)) - raft.server.rpc.request.timeout = 3000ms (default)
2024-12-14 12:24:35,999 INFO  server.RaftServerConfigKeys (ConfUtils.java:logGet(46)) - raft.server.rpc.request.timeout = 3000ms (default)
2024-12-14 12:24:35,999 INFO  grpc.GrpcConfigKeys (ConfUtils.java:logGet(46)) - raft.grpc.server.heartbeat.channel = true (default)
2024-12-14 12:24:35,999 INFO  server.RaftServerConfigKeys (ConfUtils.java:logGet(46)) - raft.server.log.appender.install.snapshot.enabled = true (default)
2024-12-14 12:24:35,999 INFO  grpc.GrpcConfigKeys (ConfUtils.java:logGet(46)) - raft.grpc.server.zerocopy.enabled = true (custom)
2024-12-14 12:24:36,000 INFO  server.RaftServerConfigKeys (ConfUtils.java:logGet(46)) - raft.server.threadpool.server.cached = true (default)
2024-12-14 12:24:36,000 INFO  server.RaftServerConfigKeys (ConfUtils.java:logGet(46)) - raft.server.log.appender.buffer.byte-limit = 4MB (=4194304) (default)
2024-12-14 12:24:36,000 INFO  server.RaftServerConfigKeys (ConfUtils.java:logGet(46)) - raft.server.threadpool.server.size = 0 (default)
2024-12-14 12:24:36,000 INFO  grpc.GrpcConfigKeys (ConfUtils.java:logGet(46)) - raft.grpc.server.async.request.thread.pool.cached = true (default)
2024-12-14 12:24:36,000 INFO  server.RaftServerConfigKeys (ConfUtils.java:logGet(46)) - raft.server.threadpool.client.cached = true (default)
2024-12-14 12:24:36,000 INFO  grpc.GrpcConfigKeys (ConfUtils.java:logGet(46)) - raft.grpc.server.async.request.thread.pool.size = 32 (default)
2024-12-14 12:24:36,000 INFO  server.RaftServerConfigKeys (ConfUtils.java:logGet(46)) - raft.server.threadpool.client.size = 0 (default)
2024-12-14 12:24:36,001 INFO  impl.DataStreamServerImpl (ConfUtils.java:logGet(46)) - raft.datastream.type = DISABLED (default)
2024-12-14 12:24:36,002 INFO  server.RaftServerConfigKeys (ConfUtils.java:logGet(46)) - raft.server.sleep.deviation.threshold = 300ms (default)
2024-12-14 12:24:36,002 INFO  server.RaftServerConfigKeys (ConfUtils.java:logGet(46)) - raft.server.close.threshold = 60s (default)
2024-12-14 12:24:36,002 INFO  server.RaftServerConfigKeys (ConfUtils.java:logGet(46)) - raft.server.leaderelection.leader.step-down.wait-time = 10s (default)
2024-12-14 12:24:36,002 INFO  server.RaftServerConfigKeys (ConfUtils.java:logGet(46)) - raft.server.storage.dir = [/home/runner/work/ratis/ratis/ratis-examples/target/test/data/da5193cb/MiniRaftClusterWithGrpca0a5e6cd/s12] (custom)
2024-12-14 12:24:36,003 INFO  server.RaftServerConfigKeys (ConfUtils.java:logGet(46)) - raft.server.threadpool.proxy.cached = true (default)
2024-12-14 12:24:36,003 INFO  server.RaftServerConfigKeys (ConfUtils.java:logGet(46)) - raft.server.threadpool.proxy.size = 0 (default)
2024-12-14 12:24:36,003 INFO  server.RaftServer (RaftServerProxy.java:addNew(101)) - s12: addNew group-40388BE3F4D5:[] returns group-40388BE3F4D5:java.util.concurrent.CompletableFuture@65e92505[Not completed]
2024-12-14 12:24:36,003 INFO  impl.MiniRaftCluster (MiniRaftCluster.java:newRaftServer(396)) - newRaftServer: s13, group-40388BE3F4D5:[], format? true
2024-12-14 12:24:36,004 TRACE util.FileUtils (FileUtils.java:deleteFully(307)) - deleteFully target/test/data/da5193cb/MiniRaftClusterWithGrpca0a5e6cd/s13
2024-12-14 12:24:36,003 INFO  server.RaftServer$Division (RaftServerImpl.java:<init>(256)) - s12: new RaftServerImpl for group-40388BE3F4D5:[] with ArithmeticStateMachine:uninitialized
2024-12-14 12:24:36,004 TRACE util.FileUtils (FileUtils.java:deleteFully(320)) - deleteFully: target/test/data/da5193cb/MiniRaftClusterWithGrpca0a5e6cd/s13 does not exist.
2024-12-14 12:24:36,004 INFO  impl.MiniRaftCluster (MiniRaftCluster.java:newRaftServer(401)) - Formatted directory target/test/data/da5193cb/MiniRaftClusterWithGrpca0a5e6cd/s13
2024-12-14 12:24:36,005 INFO  server.RaftServer (ConfUtils.java:logGet(46)) - raft.rpc.type = GRPC (default)
2024-12-14 12:24:36,004 INFO  server.RaftServerConfigKeys (ConfUtils.java:logGet(46)) - raft.server.rpc.timeout.min = 300ms (custom)
2024-12-14 12:24:36,005 INFO  grpc.GrpcConfigKeys (ConfUtils.java:logFallback(53)) - raft.grpc.admin.host = null (fallback to raft.grpc.server.host)
2024-12-14 12:24:36,005 INFO  server.RaftServerConfigKeys (ConfUtils.java:logGet(46)) - raft.server.rpc.timeout.max = 600ms (custom)
2024-12-14 12:24:36,005 INFO  grpc.GrpcConfigKeys (ConfUtils.java:logFallback(53)) - raft.grpc.admin.port = 15013 (fallback to raft.grpc.server.port)
2024-12-14 12:24:36,005 INFO  server.RaftServerConfigKeys (ConfUtils.java:logGet(46)) - raft.server.rpc.sleep.time = 25ms (default)
2024-12-14 12:24:36,005 INFO  grpc.GrpcConfigKeys (ConfUtils.java:logFallback(53)) - raft.grpc.client.host = null (fallback to raft.grpc.server.host)
2024-12-14 12:24:36,005 INFO  server.RaftServerConfigKeys (ConfUtils.java:logGet(46)) - raft.server.rpc.slowness.timeout = 60s (default)
2024-12-14 12:24:36,006 INFO  server.RaftServerConfigKeys (ConfUtils.java:logGet(46)) - raft.server.leaderelection.leader.step-down.wait-time = 10s (default)
2024-12-14 12:24:36,006 INFO  grpc.GrpcConfigKeys (ConfUtils.java:logFallback(53)) - raft.grpc.client.port = 15013 (fallback to raft.grpc.server.port)
2024-12-14 12:24:36,006 INFO  server.RaftServerConfigKeys (ConfUtils.java:logGet(46)) - raft.server.leaderelection.member.majority-add = false (default)
2024-12-14 12:24:36,006 INFO  grpc.GrpcConfigKeys (ConfUtils.java:logGet(46)) - raft.grpc.server.host = null (default)
2024-12-14 12:24:36,006 INFO  server.RaftServerConfigKeys (ConfUtils.java:logGet(46)) - raft.server.sleep.deviation.threshold = 300ms (default)
2024-12-14 12:24:36,006 INFO  grpc.GrpcConfigKeys (ConfUtils.java:logGet(46)) - raft.grpc.server.port = 15013 (custom)
2024-12-14 12:24:36,007 INFO  server.GrpcServicesImpl (ConfUtils.java:logGet(46)) - raft.grpc.message.size.max = 64MB (=67108864) (default)
2024-12-14 12:24:36,007 INFO  server.GrpcServicesImpl (ConfUtils.java:logGet(46)) - raft.grpc.flow.control.window = 1MB (=1048576) (default)
2024-12-14 12:24:36,007 INFO  server.RaftServerConfigKeys (ConfUtils.java:logGet(46)) - raft.server.rpc.request.timeout = 3000ms (default)
2024-12-14 12:24:36,007 INFO  grpc.GrpcConfigKeys (ConfUtils.java:logGet(46)) - raft.grpc.server.heartbeat.channel = true (default)
2024-12-14 12:24:36,007 INFO  grpc.GrpcConfigKeys (ConfUtils.java:logGet(46)) - raft.grpc.server.zerocopy.enabled = true (custom)
2024-12-14 12:24:36,008 INFO  server.RaftServerConfigKeys (ConfUtils.java:logGet(46)) - raft.server.log.appender.buffer.byte-limit = 4MB (=4194304) (default)
2024-12-14 12:24:36,008 INFO  grpc.GrpcConfigKeys (ConfUtils.java:logGet(46)) - raft.grpc.server.async.request.thread.pool.cached = true (default)
2024-12-14 12:24:36,008 INFO  grpc.GrpcConfigKeys (ConfUtils.java:logGet(46)) - raft.grpc.server.async.request.thread.pool.size = 32 (default)
2024-12-14 12:24:36,009 INFO  impl.DataStreamServerImpl (ConfUtils.java:logGet(46)) - raft.datastream.type = DISABLED (default)
2024-12-14 12:24:36,009 INFO  server.RaftServerConfigKeys (ConfUtils.java:logGet(46)) - raft.server.sleep.deviation.threshold = 300ms (default)
2024-12-14 12:24:36,009 INFO  server.RaftServerConfigKeys (ConfUtils.java:logGet(46)) - raft.server.close.threshold = 60s (default)
2024-12-14 12:24:36,009 INFO  server.RaftServerConfigKeys (ConfUtils.java:logGet(46)) - raft.server.leaderelection.leader.step-down.wait-time = 10s (default)
2024-12-14 12:24:36,010 INFO  server.RaftServerConfigKeys (ConfUtils.java:logGet(46)) - raft.server.storage.dir = [/home/runner/work/ratis/ratis/ratis-examples/target/test/data/da5193cb/MiniRaftClusterWithGrpca0a5e6cd/s13] (custom)
2024-12-14 12:24:36,010 INFO  server.RaftServerConfigKeys (ConfUtils.java:logGet(46)) - raft.server.threadpool.proxy.cached = true (default)
2024-12-14 12:24:36,010 INFO  server.RaftServerConfigKeys (ConfUtils.java:logGet(46)) - raft.server.threadpool.proxy.size = 0 (default)
2024-12-14 12:24:36,006 INFO  server.RaftServer$Division (ServerState.java:<init>(114)) - s12@group-40388BE3F4D5: ConfigurationManager, init=conf: {index: -1, cur=peers:[]|listeners:[], old=null}, confs=<EMPTY_MAP>
2024-12-14 12:24:36,010 INFO  server.RaftServerConfigKeys (ConfUtils.java:logGet(46)) - raft.server.notification.no-leader.timeout = 60s (default)
2024-12-14 12:24:36,010 INFO  server.RaftServerConfigKeys (ConfUtils.java:logGet(46)) - raft.server.read.timeout = 10s (default)
2024-12-14 12:24:36,010 INFO  server.RaftServerConfigKeys (ConfUtils.java:logGet(46)) - raft.server.retrycache.expirytime = 60s (default)
2024-12-14 12:24:36,010 INFO  server.RaftServerConfigKeys (ConfUtils.java:logGet(46)) - raft.server.retrycache.statistics.expirytime = 100ms (default)
2024-12-14 12:24:36,010 INFO  server.RaftServerConfigKeys (ConfUtils.java:logGet(46)) - raft.server.read.option = DEFAULT (default)
2024-12-14 12:24:36,010 INFO  server.RaftServerConfigKeys (ConfUtils.java:logGet(46)) - raft.server.read.read-after-write-consistent.write-index-cache.expiry-time = 60s (default)
2024-12-14 12:24:36,011 INFO  server.RaftServerConfigKeys (ConfUtils.java:logGet(46)) - raft.server.rpc.request.timeout = 3000ms (default)
2024-12-14 12:24:36,011 INFO  server.RaftServerConfigKeys (ConfUtils.java:logGet(46)) - raft.server.log.appender.install.snapshot.enabled = true (default)
2024-12-14 12:24:36,011 INFO  server.RaftServerConfigKeys (ConfUtils.java:logGet(46)) - raft.server.threadpool.server.cached = true (default)
2024-12-14 12:24:36,011 INFO  server.RaftServerConfigKeys (ConfUtils.java:logGet(46)) - raft.server.threadpool.server.size = 0 (default)
2024-12-14 12:24:36,011 INFO  server.RaftServerConfigKeys (ConfUtils.java:logGet(46)) - raft.server.threadpool.client.cached = true (default)
2024-12-14 12:24:36,011 INFO  server.RaftServerConfigKeys (ConfUtils.java:logGet(46)) - raft.server.threadpool.client.size = 0 (default)
2024-12-14 12:24:36,011 INFO  server.RaftServer (RaftServerProxy.java:addNew(101)) - s13: addNew group-40388BE3F4D5:[] returns group-40388BE3F4D5:java.util.concurrent.CompletableFuture@343727b5[Not completed]
2024-12-14 12:24:36,012 INFO  impl.MiniRaftCluster (MiniRaftCluster.java:newRaftServer(396)) - newRaftServer: s14, group-40388BE3F4D5:[], format? true
2024-12-14 12:24:36,012 TRACE util.FileUtils (FileUtils.java:deleteFully(307)) - deleteFully target/test/data/da5193cb/MiniRaftClusterWithGrpca0a5e6cd/s14
2024-12-14 12:24:36,012 TRACE util.FileUtils (FileUtils.java:deleteFully(320)) - deleteFully: target/test/data/da5193cb/MiniRaftClusterWithGrpca0a5e6cd/s14 does not exist.
2024-12-14 12:24:36,012 INFO  impl.MiniRaftCluster (MiniRaftCluster.java:newRaftServer(401)) - Formatted directory target/test/data/da5193cb/MiniRaftClusterWithGrpca0a5e6cd/s14
2024-12-14 12:24:36,012 INFO  server.RaftServer (ConfUtils.java:logGet(46)) - raft.rpc.type = GRPC (default)
2024-12-14 12:24:36,012 INFO  grpc.GrpcConfigKeys (ConfUtils.java:logFallback(53)) - raft.grpc.admin.host = null (fallback to raft.grpc.server.host)
2024-12-14 12:24:36,012 INFO  grpc.GrpcConfigKeys (ConfUtils.java:logFallback(53)) - raft.grpc.admin.port = 15014 (fallback to raft.grpc.server.port)
2024-12-14 12:24:36,011 INFO  server.RaftServer$Division (RaftServerImpl.java:<init>(256)) - s13: new RaftServerImpl for group-40388BE3F4D5:[] with ArithmeticStateMachine:uninitialized
2024-12-14 12:24:36,013 INFO  grpc.GrpcConfigKeys (ConfUtils.java:logFallback(53)) - raft.grpc.client.host = null (fallback to raft.grpc.server.host)
2024-12-14 12:24:36,013 INFO  server.RaftServerConfigKeys (ConfUtils.java:logGet(46)) - raft.server.rpc.timeout.min = 300ms (custom)
2024-12-14 12:24:36,013 INFO  grpc.GrpcConfigKeys (ConfUtils.java:logFallback(53)) - raft.grpc.client.port = 15014 (fallback to raft.grpc.server.port)
2024-12-14 12:24:36,013 INFO  server.RaftServerConfigKeys (ConfUtils.java:logGet(46)) - raft.server.rpc.timeout.max = 600ms (custom)
2024-12-14 12:24:36,013 INFO  grpc.GrpcConfigKeys (ConfUtils.java:logGet(46)) - raft.grpc.server.host = null (default)
2024-12-14 12:24:36,013 INFO  server.RaftServerConfigKeys (ConfUtils.java:logGet(46)) - raft.server.rpc.sleep.time = 25ms (default)
2024-12-14 12:24:36,013 INFO  grpc.GrpcConfigKeys (ConfUtils.java:logGet(46)) - raft.grpc.server.port = 15014 (custom)
2024-12-14 12:24:36,013 INFO  server.RaftServerConfigKeys (ConfUtils.java:logGet(46)) - raft.server.rpc.slowness.timeout = 60s (default)
2024-12-14 12:24:36,014 INFO  server.GrpcServicesImpl (ConfUtils.java:logGet(46)) - raft.grpc.message.size.max = 64MB (=67108864) (default)
2024-12-14 12:24:36,014 INFO  server.GrpcServicesImpl (ConfUtils.java:logGet(46)) - raft.grpc.flow.control.window = 1MB (=1048576) (default)
2024-12-14 12:24:36,014 INFO  server.RaftServerConfigKeys (ConfUtils.java:logGet(46)) - raft.server.leaderelection.leader.step-down.wait-time = 10s (default)
2024-12-14 12:24:36,014 INFO  server.RaftServerConfigKeys (ConfUtils.java:logGet(46)) - raft.server.rpc.request.timeout = 3000ms (default)
2024-12-14 12:24:36,015 INFO  server.RaftServerConfigKeys (ConfUtils.java:logGet(46)) - raft.server.leaderelection.member.majority-add = false (default)
2024-12-14 12:24:36,016 INFO  grpc.GrpcConfigKeys (ConfUtils.java:logGet(46)) - raft.grpc.server.heartbeat.channel = true (default)
2024-12-14 12:24:36,016 INFO  server.RaftServerConfigKeys (ConfUtils.java:logGet(46)) - raft.server.sleep.deviation.threshold = 300ms (default)
2024-12-14 12:24:36,016 INFO  grpc.GrpcConfigKeys (ConfUtils.java:logGet(46)) - raft.grpc.server.zerocopy.enabled = true (custom)
2024-12-14 12:24:36,016 INFO  server.RaftServer$Division (ServerState.java:<init>(114)) - s13@group-40388BE3F4D5: ConfigurationManager, init=conf: {index: -1, cur=peers:[]|listeners:[], old=null}, confs=<EMPTY_MAP>
2024-12-14 12:24:36,016 INFO  server.RaftServerConfigKeys (ConfUtils.java:logGet(46)) - raft.server.log.appender.buffer.byte-limit = 4MB (=4194304) (default)
2024-12-14 12:24:36,016 INFO  server.RaftServerConfigKeys (ConfUtils.java:logGet(46)) - raft.server.notification.no-leader.timeout = 60s (default)
2024-12-14 12:24:36,016 INFO  grpc.GrpcConfigKeys (ConfUtils.java:logGet(46)) - raft.grpc.server.async.request.thread.pool.cached = true (default)
2024-12-14 12:24:36,016 INFO  server.RaftServerConfigKeys (ConfUtils.java:logGet(46)) - raft.server.read.timeout = 10s (default)
2024-12-14 12:24:36,016 INFO  grpc.GrpcConfigKeys (ConfUtils.java:logGet(46)) - raft.grpc.server.async.request.thread.pool.size = 32 (default)
2024-12-14 12:24:36,017 INFO  server.RaftServerConfigKeys (ConfUtils.java:logGet(46)) - raft.server.retrycache.expirytime = 60s (default)
2024-12-14 12:24:36,017 INFO  server.RaftServerConfigKeys (ConfUtils.java:logGet(46)) - raft.server.retrycache.statistics.expirytime = 100ms (default)
2024-12-14 12:24:36,017 INFO  server.RaftServerConfigKeys (ConfUtils.java:logGet(46)) - raft.server.read.option = DEFAULT (default)
2024-12-14 12:24:36,017 INFO  server.RaftServerConfigKeys (ConfUtils.java:logGet(46)) - raft.server.read.read-after-write-consistent.write-index-cache.expiry-time = 60s (default)
2024-12-14 12:24:36,017 INFO  impl.DataStreamServerImpl (ConfUtils.java:logGet(46)) - raft.datastream.type = DISABLED (default)
2024-12-14 12:24:36,017 INFO  server.RaftServerConfigKeys (ConfUtils.java:logGet(46)) - raft.server.rpc.request.timeout = 3000ms (default)
2024-12-14 12:24:36,018 INFO  server.RaftServerConfigKeys (ConfUtils.java:logGet(46)) - raft.server.sleep.deviation.threshold = 300ms (default)
2024-12-14 12:24:36,018 INFO  server.RaftServerConfigKeys (ConfUtils.java:logGet(46)) - raft.server.close.threshold = 60s (default)
2024-12-14 12:24:36,018 INFO  server.RaftServerConfigKeys (ConfUtils.java:logGet(46)) - raft.server.leaderelection.leader.step-down.wait-time = 10s (default)
2024-12-14 12:24:36,018 INFO  server.RaftServerConfigKeys (ConfUtils.java:logGet(46)) - raft.server.storage.dir = [/home/runner/work/ratis/ratis/ratis-examples/target/test/data/da5193cb/MiniRaftClusterWithGrpca0a5e6cd/s14] (custom)
2024-12-14 12:24:36,019 INFO  server.RaftServerConfigKeys (ConfUtils.java:logGet(46)) - raft.server.threadpool.proxy.cached = true (default)
2024-12-14 12:24:36,019 INFO  server.RaftServerConfigKeys (ConfUtils.java:logGet(46)) - raft.server.threadpool.proxy.size = 0 (default)
2024-12-14 12:24:36,018 INFO  server.RaftServerConfigKeys (ConfUtils.java:logGet(46)) - raft.server.log.appender.install.snapshot.enabled = true (default)
2024-12-14 12:24:36,019 INFO  server.RaftServerConfigKeys (ConfUtils.java:logGet(46)) - raft.server.threadpool.server.cached = true (default)
2024-12-14 12:24:36,019 INFO  server.RaftServerConfigKeys (ConfUtils.java:logGet(46)) - raft.server.threadpool.server.size = 0 (default)
2024-12-14 12:24:36,019 INFO  server.RaftServerConfigKeys (ConfUtils.java:logGet(46)) - raft.server.threadpool.client.cached = true (default)
2024-12-14 12:24:36,019 INFO  server.RaftServerConfigKeys (ConfUtils.java:logGet(46)) - raft.server.threadpool.client.size = 0 (default)
2024-12-14 12:24:36,020 INFO  server.RaftServer (RaftServerProxy.java:addNew(101)) - s14: addNew group-40388BE3F4D5:[] returns group-40388BE3F4D5:java.util.concurrent.CompletableFuture@4a45ca1c[Not completed]
2024-12-14 12:24:36,020 INFO  server.RaftServer$Division (RaftServerImpl.java:<init>(256)) - s14: new RaftServerImpl for group-40388BE3F4D5:[] with ArithmeticStateMachine:uninitialized
2024-12-14 12:24:36,020 INFO  server.RaftServerConfigKeys (ConfUtils.java:logGet(46)) - raft.server.rpc.timeout.min = 300ms (custom)
2024-12-14 12:24:36,021 INFO  server.RaftServerConfigKeys (ConfUtils.java:logGet(46)) - raft.server.rpc.timeout.max = 600ms (custom)
2024-12-14 12:24:36,021 INFO  server.RaftServerConfigKeys (ConfUtils.java:logGet(46)) - raft.server.rpc.sleep.time = 25ms (default)
2024-12-14 12:24:36,021 INFO  server.RaftServerConfigKeys (ConfUtils.java:logGet(46)) - raft.server.rpc.slowness.timeout = 60s (default)
2024-12-14 12:24:36,021 INFO  server.RaftServerConfigKeys (ConfUtils.java:logGet(46)) - raft.server.leaderelection.leader.step-down.wait-time = 10s (default)
2024-12-14 12:24:36,022 INFO  server.RaftServerConfigKeys (ConfUtils.java:logGet(46)) - raft.server.leaderelection.member.majority-add = false (default)
2024-12-14 12:24:36,022 INFO  server.RaftServerConfigKeys (ConfUtils.java:logGet(46)) - raft.server.sleep.deviation.threshold = 300ms (default)
2024-12-14 12:24:36,022 INFO  server.RaftServer$Division (ServerState.java:<init>(114)) - s14@group-40388BE3F4D5: ConfigurationManager, init=conf: {index: -1, cur=peers:[]|listeners:[], old=null}, confs=<EMPTY_MAP>
2024-12-14 12:24:36,022 INFO  server.RaftServerConfigKeys (ConfUtils.java:logGet(46)) - raft.server.notification.no-leader.timeout = 60s (default)
2024-12-14 12:24:36,022 INFO  impl.GroupManagementBaseTest (GroupManagementBaseTest.java:runMultiGroupTest(260)) - putNewServer: printing ALL groups
  s3:      NEW      null s3@group-40388BE3F4D5:t0, leader=null, voted=null, raftlog=UNINITIALIZED, conf=conf: {index: -1, cur=peers:[]|listeners:[], old=null} NEW
  s4:      NEW      null s4@group-40388BE3F4D5:t0, leader=null, voted=null, raftlog=UNINITIALIZED, conf=conf: {index: -1, cur=peers:[]|listeners:[], old=null} NEW
  s5:      NEW      null s5@group-40388BE3F4D5:t0, leader=null, voted=null, raftlog=UNINITIALIZED, conf=conf: {index: -1, cur=peers:[]|listeners:[], old=null} NEW
  s6:      NEW      null s6@group-40388BE3F4D5:t0, leader=null, voted=null, raftlog=UNINITIALIZED, conf=conf: {index: -1, cur=peers:[]|listeners:[], old=null} NEW
  s7:      NEW      null s7@group-40388BE3F4D5:t0, leader=null, voted=null, raftlog=UNINITIALIZED, conf=conf: {index: -1, cur=peers:[]|listeners:[], old=null} NEW
  s8:      NEW      null s8@group-40388BE3F4D5:t0, leader=null, voted=null, raftlog=UNINITIALIZED, conf=conf: {index: -1, cur=peers:[]|listeners:[], old=null} NEW
  s9:      NEW      null s9@group-40388BE3F4D5:t0, leader=null, voted=null, raftlog=UNINITIALIZED, conf=conf: {index: -1, cur=peers:[]|listeners:[], old=null} NEW
  s11:      NEW      null s11@group-40388BE3F4D5:t0, leader=null, voted=null, raftlog=UNINITIALIZED, conf=conf: {index: -1, cur=peers:[]|listeners:[], old=null} NEW
  s10:      NEW      null s10@group-40388BE3F4D5:t0, leader=null, voted=null, raftlog=UNINITIALIZED, conf=conf: {index: -1, cur=peers:[]|listeners:[], old=null} NEW
  s13:      NEW      null s13@group-40388BE3F4D5:t0, leader=null, voted=null, raftlog=UNINITIALIZED, conf=conf: {index: -1, cur=peers:[]|listeners:[], old=null} NEW
  s12:      NEW      null s12@group-40388BE3F4D5:t0, leader=null, voted=null, raftlog=UNINITIALIZED, conf=conf: {index: -1, cur=peers:[]|listeners:[], old=null} NEW
  s14:      NEW group-40388BE3F4D5:java.util.concurrent.CompletableFuture@4a45ca1c[Not completed]
  s0:      NEW      null s0@group-40388BE3F4D5:t0, leader=null, voted=null, raftlog=UNINITIALIZED, conf=conf: {index: -1, cur=peers:[]|listeners:[], old=null} NEW
  s1:      NEW      null s1@group-40388BE3F4D5:t0, leader=null, voted=null, raftlog=UNINITIALIZED, conf=conf: {index: -1, cur=peers:[]|listeners:[], old=null} NEW
  s2:      NEW      null s2@group-40388BE3F4D5:t0, leader=null, voted=null, raftlog=UNINITIALIZED, conf=conf: {index: -1, cur=peers:[]|listeners:[], old=null} NEW
2024-12-14 12:24:36,022 INFO  server.RaftServerConfigKeys (ConfUtils.java:logGet(46)) - raft.server.read.timeout = 10s (default)
2024-12-14 12:24:36,023 INFO  server.RaftServerConfigKeys (ConfUtils.java:logGet(46)) - raft.server.retrycache.expirytime = 60s (default)
2024-12-14 12:24:36,023 INFO  server.RaftServerConfigKeys (ConfUtils.java:logGet(46)) - raft.server.retrycache.statistics.expirytime = 100ms (default)
2024-12-14 12:24:36,023 INFO  server.RaftServerConfigKeys (ConfUtils.java:logGet(46)) - raft.server.read.option = DEFAULT (default)
2024-12-14 12:24:36,023 INFO  server.RaftServerConfigKeys (ConfUtils.java:logGet(46)) - raft.server.read.read-after-write-consistent.write-index-cache.expiry-time = 60s (default)
2024-12-14 12:24:36,023 INFO  server.RaftServerConfigKeys (ConfUtils.java:logGet(46)) - raft.server.rpc.request.timeout = 3000ms (default)
2024-12-14 12:24:36,023 INFO  server.RaftServerConfigKeys (ConfUtils.java:logGet(46)) - raft.server.log.appender.install.snapshot.enabled = true (default)
2024-12-14 12:24:36,023 INFO  server.RaftServerConfigKeys (ConfUtils.java:logGet(46)) - raft.server.threadpool.server.cached = true (default)
2024-12-14 12:24:36,023 INFO  server.RaftServerConfigKeys (ConfUtils.java:logGet(46)) - raft.server.threadpool.server.size = 0 (default)
2024-12-14 12:24:36,023 INFO  server.RaftServerConfigKeys (ConfUtils.java:logGet(46)) - raft.server.threadpool.client.cached = true (default)
2024-12-14 12:24:36,023 INFO  server.RaftServerConfigKeys (ConfUtils.java:logGet(46)) - raft.server.threadpool.client.size = 0 (default)
2024-12-14 12:24:37,023 INFO  impl.MiniRaftCluster (MiniRaftCluster.java:start(352)) - .............................................................. 
2024-12-14 12:24:37,023 INFO  impl.MiniRaftCluster (MiniRaftCluster.java:start(353)) - ... 
2024-12-14 12:24:37,023 INFO  impl.MiniRaftCluster (MiniRaftCluster.java:start(354)) - ...     Starting MiniRaftClusterWithGrpc
2024-12-14 12:24:37,024 INFO  impl.MiniRaftCluster (MiniRaftCluster.java:start(355)) - ... 
2024-12-14 12:24:37,024 INFO  impl.MiniRaftCluster (MiniRaftCluster.java:start(356)) - .............................................................. 
2024-12-14 12:24:37,024 INFO  impl.MiniRaftCluster (MiniRaftCluster.java:initServers(331)) - servers = {s3=s3:      NEW      null s3@group-40388BE3F4D5:t0, leader=null, voted=null, raftlog=UNINITIALIZED, conf=conf: {index: -1, cur=peers:[]|listeners:[], old=null} NEW, s4=s4:      NEW      null s4@group-40388BE3F4D5:t0, leader=null, voted=null, raftlog=UNINITIALIZED, conf=conf: {index: -1, cur=peers:[]|listeners:[], old=null} NEW, s5=s5:      NEW      null s5@group-40388BE3F4D5:t0, leader=null, voted=null, raftlog=UNINITIALIZED, conf=conf: {index: -1, cur=peers:[]|listeners:[], old=null} NEW, s6=s6:      NEW      null s6@group-40388BE3F4D5:t0, leader=null, voted=null, raftlog=UNINITIALIZED, conf=conf: {index: -1, cur=peers:[]|listeners:[], old=null} NEW, s7=s7:      NEW      null s7@group-40388BE3F4D5:t0, leader=null, voted=null, raftlog=UNINITIALIZED, conf=conf: {index: -1, cur=peers:[]|listeners:[], old=null} NEW, s8=s8:      NEW      null s8@group-40388BE3F4D5:t0, leader=null, voted=null, raftlog=UNINITIALIZED, conf=conf: {index: -1, cur=peers:[]|listeners:[], old=null} NEW, s9=s9:      NEW      null s9@group-40388BE3F4D5:t0, leader=null, voted=null, raftlog=UNINITIALIZED, conf=conf: {index: -1, cur=peers:[]|listeners:[], old=null} NEW, s11=s11:      NEW      null s11@group-40388BE3F4D5:t0, leader=null, voted=null, raftlog=UNINITIALIZED, conf=conf: {index: -1, cur=peers:[]|listeners:[], old=null} NEW, s10=s10:      NEW      null s10@group-40388BE3F4D5:t0, leader=null, voted=null, raftlog=UNINITIALIZED, conf=conf: {index: -1, cur=peers:[]|listeners:[], old=null} NEW, s13=s13:      NEW      null s13@group-40388BE3F4D5:t0, leader=null, voted=null, raftlog=UNINITIALIZED, conf=conf: {index: -1, cur=peers:[]|listeners:[], old=null} NEW, s12=s12:      NEW      null s12@group-40388BE3F4D5:t0, leader=null, voted=null, raftlog=UNINITIALIZED, conf=conf: {index: -1, cur=peers:[]|listeners:[], old=null} NEW, s14=s14:      NEW      null s14@group-40388BE3F4D5:t0, leader=null, voted=null, raftlog=UNINITIALIZED, conf=conf: {index: -1, cur=peers:[]|listeners:[], old=null} NEW, s0=s0:      NEW      null s0@group-40388BE3F4D5:t0, leader=null, voted=null, raftlog=UNINITIALIZED, conf=conf: {index: -1, cur=peers:[]|listeners:[], old=null} NEW, s1=s1:      NEW      null s1@group-40388BE3F4D5:t0, leader=null, voted=null, raftlog=UNINITIALIZED, conf=conf: {index: -1, cur=peers:[]|listeners:[], old=null} NEW, s2=s2:      NEW      null s2@group-40388BE3F4D5:t0, leader=null, voted=null, raftlog=UNINITIALIZED, conf=conf: {index: -1, cur=peers:[]|listeners:[], old=null} NEW}
2024-12-14 12:24:37,025 INFO  server.RaftServerConfigKeys (ConfUtils.java:logGet(46)) - raft.server.storage.free-space.min = 0MB (=0) (default)
2024-12-14 12:24:37,025 INFO  server.RaftServerConfigKeys (ConfUtils.java:logGet(46)) - raft.server.log.corruption.policy = EXCEPTION (default)
2024-12-14 12:24:37,025 INFO  server.RaftServerConfigKeys (ConfUtils.java:logGet(46)) - raft.server.storage.dir = [/home/runner/work/ratis/ratis/ratis-examples/target/test/data/da5193cb/MiniRaftClusterWithGrpca0a5e6cd/s3] (custom)
2024-12-14 12:24:37,025 INFO  storage.RaftStorageDirectory (RaftStorageDirectoryImpl.java:analyzeStorage(138)) - The storage directory /home/runner/work/ratis/ratis/ratis-examples/target/test/data/da5193cb/MiniRaftClusterWithGrpca0a5e6cd/s3/ff6bed03-e2b7-47e0-bb0c-40388be3f4d5 does not exist. Creating ...
2024-12-14 12:24:37,025 TRACE util.FileUtils (LogUtils.java:runAndLog(49)) - Successfully ran Files.createDirectories /home/runner/work/ratis/ratis/ratis-examples/target/test/data/da5193cb/MiniRaftClusterWithGrpca0a5e6cd/s3/ff6bed03-e2b7-47e0-bb0c-40388be3f4d5
2024-12-14 12:24:37,026 INFO  storage.RaftStorageDirectory (RaftStorageDirectoryImpl.java:tryLock(229)) - Lock on /home/runner/work/ratis/ratis/ratis-examples/target/test/data/da5193cb/MiniRaftClusterWithGrpca0a5e6cd/s3/ff6bed03-e2b7-47e0-bb0c-40388be3f4d5/in_use.lock acquired by nodename 14700@fv-az733-880
2024-12-14 12:24:37,027 TRACE util.FileUtils (LogUtils.java:runAndLog(49)) - Successfully ran Files.createDirectories /home/runner/work/ratis/ratis/ratis-examples/target/test/data/da5193cb/MiniRaftClusterWithGrpca0a5e6cd/s3/ff6bed03-e2b7-47e0-bb0c-40388be3f4d5/current
2024-12-14 12:24:37,027 TRACE util.FileUtils (LogUtils.java:runAndLog(49)) - Successfully ran Files.createDirectories /home/runner/work/ratis/ratis/ratis-examples/target/test/data/da5193cb/MiniRaftClusterWithGrpca0a5e6cd/s3/ff6bed03-e2b7-47e0-bb0c-40388be3f4d5/sm
2024-12-14 12:24:37,027 TRACE util.FileUtils (LogUtils.java:supplyAndLog(69)) - Successfully supplied FileChannel.open /home/runner/work/ratis/ratis/ratis-examples/target/test/data/da5193cb/MiniRaftClusterWithGrpca0a5e6cd/s3/ff6bed03-e2b7-47e0-bb0c-40388be3f4d5/current/raft-meta.tmp with options [CREATE, WRITE]: sun.nio.ch.FileChannelImpl@71baa0e0
2024-12-14 12:24:37,028 TRACE util.FileUtils (LogUtils.java:runAndLog(49)) - Successfully ran Atomic Files.move /home/runner/work/ratis/ratis/ratis-examples/target/test/data/da5193cb/MiniRaftClusterWithGrpca0a5e6cd/s3/ff6bed03-e2b7-47e0-bb0c-40388be3f4d5/current/raft-meta.tmp to /home/runner/work/ratis/ratis/ratis-examples/target/test/data/da5193cb/MiniRaftClusterWithGrpca0a5e6cd/s3/ff6bed03-e2b7-47e0-bb0c-40388be3f4d5/current/raft-meta with options [REPLACE_EXISTING]
2024-12-14 12:24:37,028 INFO  storage.RaftStorage (RaftStorageImpl.java:format(98)) - Storage directory /home/runner/work/ratis/ratis/ratis-examples/target/test/data/da5193cb/MiniRaftClusterWithGrpca0a5e6cd/s3/ff6bed03-e2b7-47e0-bb0c-40388be3f4d5 has been successfully formatted.
2024-12-14 12:24:37,028 WARN  statemachine.StateMachine (ArithmeticStateMachine.java:loadSnapshot(115)) - The snapshot info is null.
2024-12-14 12:24:37,028 INFO  server.RaftServerConfigKeys (ConfUtils.java:logGet(46)) - raft.server.log.use.memory = false (default)
2024-12-14 12:24:37,028 INFO  server.RaftServerConfigKeys (ConfUtils.java:logGet(46)) - raft.server.log.purge.gap = 1024 (default)
2024-12-14 12:24:37,028 INFO  server.RaftServerConfigKeys (ConfUtils.java:logGet(46)) - raft.server.log.appender.buffer.byte-limit = 4MB (=4194304) (default)
2024-12-14 12:24:37,028 INFO  server.RaftServerConfigKeys (ConfUtils.java:logGet(46)) - raft.server.log.statemachine.data.read.timeout = 1000ms (default)
2024-12-14 12:24:37,028 INFO  server.RaftServerConfigKeys (ConfUtils.java:logGet(46)) - raft.server.log.purge.preservation.log.num = 0 (default)
2024-12-14 12:24:37,029 INFO  server.RaftServerConfigKeys (ConfUtils.java:logGet(46)) - raft.server.log.segment.size.max = 32MB (=33554432) (default)
2024-12-14 12:24:37,029 INFO  server.RaftServerConfigKeys (ConfUtils.java:logGet(46)) - raft.server.log.segment.cache.num.max = 6 (default)
2024-12-14 12:24:37,029 INFO  server.RaftServerConfigKeys (ConfUtils.java:logGet(46)) - raft.server.log.segment.cache.size.max = 200MB (=209715200) (default)
2024-12-14 12:24:37,029 INFO  server.RaftServerConfigKeys (ConfUtils.java:logGet(46)) - raft.server.log.appender.buffer.byte-limit = 4MB (=4194304) (default)
2024-12-14 12:24:37,029 INFO  util.AwaitToRun (AwaitToRun.java:start(81)) - Thread[s3@group-40388BE3F4D5-cacheEviction-AwaitToRun,5,main] started
2024-12-14 12:24:37,029 INFO  segmented.SegmentedRaftLogWorker (SegmentedRaftLogWorker.java:<init>(189)) - new s3@group-40388BE3F4D5-SegmentedRaftLogWorker for RaftStorageImpl:Storage Directory /home/runner/work/ratis/ratis/ratis-examples/target/test/data/da5193cb/MiniRaftClusterWithGrpca0a5e6cd/s3/ff6bed03-e2b7-47e0-bb0c-40388be3f4d5
2024-12-14 12:24:37,029 INFO  server.RaftServerConfigKeys (ConfUtils.java:logGet(46)) - raft.server.log.queue.byte-limit = 64MB (=67108864) (default)
2024-12-14 12:24:37,029 INFO  server.RaftServerConfigKeys (ConfUtils.java:logGet(46)) - raft.server.log.queue.element-limit = 4096 (default)
2024-12-14 12:24:37,029 INFO  server.RaftServerConfigKeys (ConfUtils.java:logGet(46)) - raft.server.log.segment.size.max = 32MB (=33554432) (default)
2024-12-14 12:24:37,029 INFO  server.RaftServerConfigKeys (ConfUtils.java:logGet(46)) - raft.server.log.preallocated.size = 4MB (=4194304) (default)
2024-12-14 12:24:37,029 INFO  server.RaftServerConfigKeys (ConfUtils.java:logGet(46)) - raft.server.log.force.sync.num = 128 (default)
2024-12-14 12:24:37,029 INFO  server.RaftServerConfigKeys (ConfUtils.java:logGet(46)) - raft.server.log.statemachine.data.sync = true (default)
2024-12-14 12:24:37,030 INFO  server.RaftServerConfigKeys (ConfUtils.java:logGet(46)) - raft.server.log.statemachine.data.sync.timeout = 10s (default)
2024-12-14 12:24:37,030 INFO  server.RaftServerConfigKeys (ConfUtils.java:logGet(46)) - raft.server.log.statemachine.data.sync.timeout.retry = -1 (default)
2024-12-14 12:24:37,030 INFO  server.RaftServerConfigKeys (ConfUtils.java:logGet(46)) - raft.server.log.write.buffer.size = 8MB (=8388608) (default)
2024-12-14 12:24:37,030 INFO  server.RaftServerConfigKeys (ConfUtils.java:logGet(46)) - raft.server.log.appender.buffer.byte-limit = 4MB (=4194304) (default)
2024-12-14 12:24:37,030 INFO  server.RaftServerConfigKeys (ConfUtils.java:logGet(46)) - raft.server.log.unsafe-flush.enabled = false (default)
2024-12-14 12:24:37,030 INFO  server.RaftServerConfigKeys (ConfUtils.java:logGet(46)) - raft.server.log.async-flush.enabled = false (default)
2024-12-14 12:24:37,030 INFO  server.RaftServerConfigKeys (ConfUtils.java:logGet(46)) - raft.server.log.statemachine.data.caching.enabled = false (default)
2024-12-14 12:24:37,030 INFO  segmented.SegmentedRaftLogWorker (SegmentedRaftLogWorker.java:lambda$new$0(140)) - s3@group-40388BE3F4D5-SegmentedRaftLogWorker: flushIndex: setUnconditionally 0 -> -1
2024-12-14 12:24:37,030 INFO  segmented.SegmentedRaftLogWorker (SegmentedRaftLogWorker.java:lambda$new$0(140)) - s3@group-40388BE3F4D5-SegmentedRaftLogWorker: safeCacheEvictIndex: setUnconditionally 0 -> -1
2024-12-14 12:24:37,031 INFO  server.RaftServer$Division (RaftServerImpl.java:start(398)) - s3@group-40388BE3F4D5: start with initializing state, conf=conf: {index: -1, cur=peers:[]|listeners:[], old=null}
2024-12-14 12:24:37,031 INFO  server.RaftServer$Division (RaftServerImpl.java:setRole(379)) - s3@group-40388BE3F4D5: changes role from      null to FOLLOWER at term 0 for start
2024-12-14 12:24:37,031 INFO  util.JmxRegister (JmxRegister.java:tryRegister(44)) - Successfully registered JMX Bean with object name Ratis:service=RaftServer,group=group-40388BE3F4D5,id=s3
2024-12-14 12:24:37,031 INFO  util.JmxRegister (JmxRegister.java:register(58)) - register mxBean class org.apache.ratis.server.impl.RaftServerJmxAdapter as Ratis:service=RaftServer,group=group-40388BE3F4D5,id=s3
2024-12-14 12:24:37,031 INFO  server.RaftServerConfigKeys (ConfUtils.java:logGet(46)) - raft.server.snapshot.trigger-when-stop.enabled = true (default)
2024-12-14 12:24:37,031 INFO  server.RaftServerConfigKeys (ConfUtils.java:logGet(46)) - raft.server.snapshot.trigger-when-remove.enabled = true (default)
2024-12-14 12:24:37,032 INFO  server.RaftServerConfigKeys (ConfUtils.java:logGet(46)) - raft.server.snapshot.auto.trigger.enabled = false (default)
2024-12-14 12:24:37,032 INFO  server.RaftServerConfigKeys (ConfUtils.java:logGet(46)) - raft.server.snapshot.retention.file.num = -1 (default)
2024-12-14 12:24:37,032 INFO  server.RaftServerConfigKeys (ConfUtils.java:logGet(46)) - raft.server.log.purge.upto.snapshot.index = false (default)
2024-12-14 12:24:37,032 INFO  server.RaftServer$Division (RaftServerImpl.java:start(406)) - s3@group-40388BE3F4D5: Successfully started.
2024-12-14 12:24:37,032 INFO  server.RaftServer (RaftServerProxy.java:startImpl(408)) - s3: start RPC server
2024-12-14 12:24:37,078 INFO  server.GrpcServicesImpl (GrpcServicesImpl.java:startImpl(353)) - s3: GrpcServicesImpl started, listening on 15003
2024-12-14 12:24:37,078 INFO  util.JvmPauseMonitor (JvmPauseMonitor.java:run(146)) - JvmPauseMonitor-s3: Started
2024-12-14 12:24:37,078 INFO  server.RaftServerConfigKeys (ConfUtils.java:logGet(46)) - raft.server.storage.free-space.min = 0MB (=0) (default)
2024-12-14 12:24:37,079 INFO  server.RaftServerConfigKeys (ConfUtils.java:logGet(46)) - raft.server.log.corruption.policy = EXCEPTION (default)
2024-12-14 12:24:37,079 INFO  server.RaftServerConfigKeys (ConfUtils.java:logGet(46)) - raft.server.storage.dir = [/home/runner/work/ratis/ratis/ratis-examples/target/test/data/da5193cb/MiniRaftClusterWithGrpca0a5e6cd/s4] (custom)
2024-12-14 12:24:37,079 INFO  storage.RaftStorageDirectory (RaftStorageDirectoryImpl.java:analyzeStorage(138)) - The storage directory /home/runner/work/ratis/ratis/ratis-examples/target/test/data/da5193cb/MiniRaftClusterWithGrpca0a5e6cd/s4/ff6bed03-e2b7-47e0-bb0c-40388be3f4d5 does not exist. Creating ...
2024-12-14 12:24:37,079 TRACE util.FileUtils (LogUtils.java:runAndLog(49)) - Successfully ran Files.createDirectories /home/runner/work/ratis/ratis/ratis-examples/target/test/data/da5193cb/MiniRaftClusterWithGrpca0a5e6cd/s4/ff6bed03-e2b7-47e0-bb0c-40388be3f4d5
2024-12-14 12:24:37,080 INFO  storage.RaftStorageDirectory (RaftStorageDirectoryImpl.java:tryLock(229)) - Lock on /home/runner/work/ratis/ratis/ratis-examples/target/test/data/da5193cb/MiniRaftClusterWithGrpca0a5e6cd/s4/ff6bed03-e2b7-47e0-bb0c-40388be3f4d5/in_use.lock acquired by nodename 14700@fv-az733-880
2024-12-14 12:24:37,080 TRACE util.FileUtils (LogUtils.java:runAndLog(49)) - Successfully ran Files.createDirectories /home/runner/work/ratis/ratis/ratis-examples/target/test/data/da5193cb/MiniRaftClusterWithGrpca0a5e6cd/s4/ff6bed03-e2b7-47e0-bb0c-40388be3f4d5/current
2024-12-14 12:24:37,080 TRACE util.FileUtils (LogUtils.java:runAndLog(49)) - Successfully ran Files.createDirectories /home/runner/work/ratis/ratis/ratis-examples/target/test/data/da5193cb/MiniRaftClusterWithGrpca0a5e6cd/s4/ff6bed03-e2b7-47e0-bb0c-40388be3f4d5/sm
2024-12-14 12:24:37,080 TRACE util.FileUtils (LogUtils.java:supplyAndLog(69)) - Successfully supplied FileChannel.open /home/runner/work/ratis/ratis/ratis-examples/target/test/data/da5193cb/MiniRaftClusterWithGrpca0a5e6cd/s4/ff6bed03-e2b7-47e0-bb0c-40388be3f4d5/current/raft-meta.tmp with options [CREATE, WRITE]: sun.nio.ch.FileChannelImpl@3aa06160
2024-12-14 12:24:37,081 TRACE util.FileUtils (LogUtils.java:runAndLog(49)) - Successfully ran Atomic Files.move /home/runner/work/ratis/ratis/ratis-examples/target/test/data/da5193cb/MiniRaftClusterWithGrpca0a5e6cd/s4/ff6bed03-e2b7-47e0-bb0c-40388be3f4d5/current/raft-meta.tmp to /home/runner/work/ratis/ratis/ratis-examples/target/test/data/da5193cb/MiniRaftClusterWithGrpca0a5e6cd/s4/ff6bed03-e2b7-47e0-bb0c-40388be3f4d5/current/raft-meta with options [REPLACE_EXISTING]
2024-12-14 12:24:37,081 INFO  storage.RaftStorage (RaftStorageImpl.java:format(98)) - Storage directory /home/runner/work/ratis/ratis/ratis-examples/target/test/data/da5193cb/MiniRaftClusterWithGrpca0a5e6cd/s4/ff6bed03-e2b7-47e0-bb0c-40388be3f4d5 has been successfully formatted.
2024-12-14 12:24:37,081 WARN  statemachine.StateMachine (ArithmeticStateMachine.java:loadSnapshot(115)) - The snapshot info is null.
2024-12-14 12:24:37,081 INFO  server.RaftServerConfigKeys (ConfUtils.java:logGet(46)) - raft.server.log.use.memory = false (default)
2024-12-14 12:24:37,082 INFO  server.RaftServerConfigKeys (ConfUtils.java:logGet(46)) - raft.server.log.purge.gap = 1024 (default)
2024-12-14 12:24:37,082 INFO  server.RaftServerConfigKeys (ConfUtils.java:logGet(46)) - raft.server.log.appender.buffer.byte-limit = 4MB (=4194304) (default)
2024-12-14 12:24:37,082 INFO  server.RaftServerConfigKeys (ConfUtils.java:logGet(46)) - raft.server.log.statemachine.data.read.timeout = 1000ms (default)
2024-12-14 12:24:37,082 INFO  server.RaftServerConfigKeys (ConfUtils.java:logGet(46)) - raft.server.log.purge.preservation.log.num = 0 (default)
2024-12-14 12:24:37,082 INFO  server.RaftServerConfigKeys (ConfUtils.java:logGet(46)) - raft.server.log.segment.size.max = 32MB (=33554432) (default)
2024-12-14 12:24:37,082 INFO  server.RaftServerConfigKeys (ConfUtils.java:logGet(46)) - raft.server.log.segment.cache.num.max = 6 (default)
2024-12-14 12:24:37,082 INFO  server.RaftServerConfigKeys (ConfUtils.java:logGet(46)) - raft.server.log.segment.cache.size.max = 200MB (=209715200) (default)
2024-12-14 12:24:37,082 INFO  server.RaftServerConfigKeys (ConfUtils.java:logGet(46)) - raft.server.log.appender.buffer.byte-limit = 4MB (=4194304) (default)
2024-12-14 12:24:37,082 INFO  util.AwaitToRun (AwaitToRun.java:start(81)) - Thread[s4@group-40388BE3F4D5-cacheEviction-AwaitToRun,5,main] started
2024-12-14 12:24:37,082 INFO  segmented.SegmentedRaftLogWorker (SegmentedRaftLogWorker.java:<init>(189)) - new s4@group-40388BE3F4D5-SegmentedRaftLogWorker for RaftStorageImpl:Storage Directory /home/runner/work/ratis/ratis/ratis-examples/target/test/data/da5193cb/MiniRaftClusterWithGrpca0a5e6cd/s4/ff6bed03-e2b7-47e0-bb0c-40388be3f4d5
2024-12-14 12:24:37,083 INFO  server.RaftServerConfigKeys (ConfUtils.java:logGet(46)) - raft.server.log.queue.byte-limit = 64MB (=67108864) (default)
2024-12-14 12:24:37,083 INFO  server.RaftServerConfigKeys (ConfUtils.java:logGet(46)) - raft.server.log.queue.element-limit = 4096 (default)
2024-12-14 12:24:37,083 INFO  server.RaftServerConfigKeys (ConfUtils.java:logGet(46)) - raft.server.log.segment.size.max = 32MB (=33554432) (default)
2024-12-14 12:24:37,083 INFO  server.RaftServerConfigKeys (ConfUtils.java:logGet(46)) - raft.server.log.preallocated.size = 4MB (=4194304) (default)
2024-12-14 12:24:37,083 INFO  server.RaftServerConfigKeys (ConfUtils.java:logGet(46)) - raft.server.log.force.sync.num = 128 (default)
2024-12-14 12:24:37,083 INFO  server.RaftServerConfigKeys (ConfUtils.java:logGet(46)) - raft.server.log.statemachine.data.sync = true (default)
2024-12-14 12:24:37,083 INFO  server.RaftServerConfigKeys (ConfUtils.java:logGet(46)) - raft.server.log.statemachine.data.sync.timeout = 10s (default)
2024-12-14 12:24:37,083 INFO  server.RaftServerConfigKeys (ConfUtils.java:logGet(46)) - raft.server.log.statemachine.data.sync.timeout.retry = -1 (default)
2024-12-14 12:24:37,083 INFO  server.RaftServerConfigKeys (ConfUtils.java:logGet(46)) - raft.server.log.write.buffer.size = 8MB (=8388608) (default)
2024-12-14 12:24:37,083 INFO  server.RaftServerConfigKeys (ConfUtils.java:logGet(46)) - raft.server.log.appender.buffer.byte-limit = 4MB (=4194304) (default)
2024-12-14 12:24:37,083 INFO  server.RaftServerConfigKeys (ConfUtils.java:logGet(46)) - raft.server.log.unsafe-flush.enabled = false (default)
2024-12-14 12:24:37,084 INFO  server.RaftServerConfigKeys (ConfUtils.java:logGet(46)) - raft.server.log.async-flush.enabled = false (default)
2024-12-14 12:24:37,084 INFO  server.RaftServerConfigKeys (ConfUtils.java:logGet(46)) - raft.server.log.statemachine.data.caching.enabled = false (default)
2024-12-14 12:24:37,084 INFO  segmented.SegmentedRaftLogWorker (SegmentedRaftLogWorker.java:lambda$new$0(140)) - s4@group-40388BE3F4D5-SegmentedRaftLogWorker: flushIndex: setUnconditionally 0 -> -1
2024-12-14 12:24:37,084 INFO  segmented.SegmentedRaftLogWorker (SegmentedRaftLogWorker.java:lambda$new$0(140)) - s4@group-40388BE3F4D5-SegmentedRaftLogWorker: safeCacheEvictIndex: setUnconditionally 0 -> -1
2024-12-14 12:24:37,084 INFO  server.RaftServer$Division (RaftServerImpl.java:start(398)) - s4@group-40388BE3F4D5: start with initializing state, conf=conf: {index: -1, cur=peers:[]|listeners:[], old=null}
2024-12-14 12:24:37,084 INFO  server.RaftServer$Division (RaftServerImpl.java:setRole(379)) - s4@group-40388BE3F4D5: changes role from      null to FOLLOWER at term 0 for start
2024-12-14 12:24:37,084 INFO  util.JmxRegister (JmxRegister.java:tryRegister(44)) - Successfully registered JMX Bean with object name Ratis:service=RaftServer,group=group-40388BE3F4D5,id=s4
2024-12-14 12:24:37,084 INFO  util.JmxRegister (JmxRegister.java:register(58)) - register mxBean class org.apache.ratis.server.impl.RaftServerJmxAdapter as Ratis:service=RaftServer,group=group-40388BE3F4D5,id=s4
2024-12-14 12:24:37,084 INFO  server.RaftServerConfigKeys (ConfUtils.java:logGet(46)) - raft.server.snapshot.trigger-when-stop.enabled = true (default)
2024-12-14 12:24:37,084 INFO  server.RaftServerConfigKeys (ConfUtils.java:logGet(46)) - raft.server.snapshot.trigger-when-remove.enabled = true (default)
2024-12-14 12:24:37,084 INFO  server.RaftServerConfigKeys (ConfUtils.java:logGet(46)) - raft.server.snapshot.auto.trigger.enabled = false (default)
2024-12-14 12:24:37,084 INFO  server.RaftServerConfigKeys (ConfUtils.java:logGet(46)) - raft.server.snapshot.retention.file.num = -1 (default)
2024-12-14 12:24:37,085 INFO  server.RaftServerConfigKeys (ConfUtils.java:logGet(46)) - raft.server.log.purge.upto.snapshot.index = false (default)
2024-12-14 12:24:37,085 INFO  server.RaftServer$Division (RaftServerImpl.java:start(406)) - s4@group-40388BE3F4D5: Successfully started.
2024-12-14 12:24:37,085 INFO  server.RaftServer (RaftServerProxy.java:startImpl(408)) - s4: start RPC server
2024-12-14 12:24:37,086 INFO  server.GrpcServicesImpl (GrpcServicesImpl.java:startImpl(353)) - s4: GrpcServicesImpl started, listening on 15004
2024-12-14 12:24:37,086 INFO  util.JvmPauseMonitor (JvmPauseMonitor.java:run(146)) - JvmPauseMonitor-s4: Started
2024-12-14 12:24:37,086 INFO  server.RaftServerConfigKeys (ConfUtils.java:logGet(46)) - raft.server.storage.free-space.min = 0MB (=0) (default)
2024-12-14 12:24:37,087 INFO  server.RaftServerConfigKeys (ConfUtils.java:logGet(46)) - raft.server.log.corruption.policy = EXCEPTION (default)
2024-12-14 12:24:37,087 INFO  server.RaftServerConfigKeys (ConfUtils.java:logGet(46)) - raft.server.storage.dir = [/home/runner/work/ratis/ratis/ratis-examples/target/test/data/da5193cb/MiniRaftClusterWithGrpca0a5e6cd/s5] (custom)
2024-12-14 12:24:37,087 INFO  storage.RaftStorageDirectory (RaftStorageDirectoryImpl.java:analyzeStorage(138)) - The storage directory /home/runner/work/ratis/ratis/ratis-examples/target/test/data/da5193cb/MiniRaftClusterWithGrpca0a5e6cd/s5/ff6bed03-e2b7-47e0-bb0c-40388be3f4d5 does not exist. Creating ...
2024-12-14 12:24:37,087 TRACE util.FileUtils (LogUtils.java:runAndLog(49)) - Successfully ran Files.createDirectories /home/runner/work/ratis/ratis/ratis-examples/target/test/data/da5193cb/MiniRaftClusterWithGrpca0a5e6cd/s5/ff6bed03-e2b7-47e0-bb0c-40388be3f4d5
2024-12-14 12:24:37,088 INFO  storage.RaftStorageDirectory (RaftStorageDirectoryImpl.java:tryLock(229)) - Lock on /home/runner/work/ratis/ratis/ratis-examples/target/test/data/da5193cb/MiniRaftClusterWithGrpca0a5e6cd/s5/ff6bed03-e2b7-47e0-bb0c-40388be3f4d5/in_use.lock acquired by nodename 14700@fv-az733-880
2024-12-14 12:24:37,088 TRACE util.FileUtils (LogUtils.java:runAndLog(49)) - Successfully ran Files.createDirectories /home/runner/work/ratis/ratis/ratis-examples/target/test/data/da5193cb/MiniRaftClusterWithGrpca0a5e6cd/s5/ff6bed03-e2b7-47e0-bb0c-40388be3f4d5/current
2024-12-14 12:24:37,088 TRACE util.FileUtils (LogUtils.java:runAndLog(49)) - Successfully ran Files.createDirectories /home/runner/work/ratis/ratis/ratis-examples/target/test/data/da5193cb/MiniRaftClusterWithGrpca0a5e6cd/s5/ff6bed03-e2b7-47e0-bb0c-40388be3f4d5/sm
2024-12-14 12:24:37,088 TRACE util.FileUtils (LogUtils.java:supplyAndLog(69)) - Successfully supplied FileChannel.open /home/runner/work/ratis/ratis/ratis-examples/target/test/data/da5193cb/MiniRaftClusterWithGrpca0a5e6cd/s5/ff6bed03-e2b7-47e0-bb0c-40388be3f4d5/current/raft-meta.tmp with options [CREATE, WRITE]: sun.nio.ch.FileChannelImpl@7fd6bb9
2024-12-14 12:24:37,089 TRACE util.FileUtils (LogUtils.java:runAndLog(49)) - Successfully ran Atomic Files.move /home/runner/work/ratis/ratis/ratis-examples/target/test/data/da5193cb/MiniRaftClusterWithGrpca0a5e6cd/s5/ff6bed03-e2b7-47e0-bb0c-40388be3f4d5/current/raft-meta.tmp to /home/runner/work/ratis/ratis/ratis-examples/target/test/data/da5193cb/MiniRaftClusterWithGrpca0a5e6cd/s5/ff6bed03-e2b7-47e0-bb0c-40388be3f4d5/current/raft-meta with options [REPLACE_EXISTING]
2024-12-14 12:24:37,089 INFO  storage.RaftStorage (RaftStorageImpl.java:format(98)) - Storage directory /home/runner/work/ratis/ratis/ratis-examples/target/test/data/da5193cb/MiniRaftClusterWithGrpca0a5e6cd/s5/ff6bed03-e2b7-47e0-bb0c-40388be3f4d5 has been successfully formatted.
2024-12-14 12:24:37,089 WARN  statemachine.StateMachine (ArithmeticStateMachine.java:loadSnapshot(115)) - The snapshot info is null.
2024-12-14 12:24:37,090 INFO  server.RaftServerConfigKeys (ConfUtils.java:logGet(46)) - raft.server.log.use.memory = false (default)
2024-12-14 12:24:37,090 INFO  server.RaftServerConfigKeys (ConfUtils.java:logGet(46)) - raft.server.log.purge.gap = 1024 (default)
2024-12-14 12:24:37,090 INFO  server.RaftServerConfigKeys (ConfUtils.java:logGet(46)) - raft.server.log.appender.buffer.byte-limit = 4MB (=4194304) (default)
2024-12-14 12:24:37,090 INFO  server.RaftServerConfigKeys (ConfUtils.java:logGet(46)) - raft.server.log.statemachine.data.read.timeout = 1000ms (default)
2024-12-14 12:24:37,090 INFO  server.RaftServerConfigKeys (ConfUtils.java:logGet(46)) - raft.server.log.purge.preservation.log.num = 0 (default)
2024-12-14 12:24:37,090 INFO  server.RaftServerConfigKeys (ConfUtils.java:logGet(46)) - raft.server.log.segment.size.max = 32MB (=33554432) (default)
2024-12-14 12:24:37,090 INFO  server.RaftServerConfigKeys (ConfUtils.java:logGet(46)) - raft.server.log.segment.cache.num.max = 6 (default)
2024-12-14 12:24:37,090 INFO  server.RaftServerConfigKeys (ConfUtils.java:logGet(46)) - raft.server.log.segment.cache.size.max = 200MB (=209715200) (default)
2024-12-14 12:24:37,090 INFO  server.RaftServerConfigKeys (ConfUtils.java:logGet(46)) - raft.server.log.appender.buffer.byte-limit = 4MB (=4194304) (default)
2024-12-14 12:24:37,091 INFO  util.AwaitToRun (AwaitToRun.java:start(81)) - Thread[s5@group-40388BE3F4D5-cacheEviction-AwaitToRun,5,main] started
2024-12-14 12:24:37,091 INFO  segmented.SegmentedRaftLogWorker (SegmentedRaftLogWorker.java:<init>(189)) - new s5@group-40388BE3F4D5-SegmentedRaftLogWorker for RaftStorageImpl:Storage Directory /home/runner/work/ratis/ratis/ratis-examples/target/test/data/da5193cb/MiniRaftClusterWithGrpca0a5e6cd/s5/ff6bed03-e2b7-47e0-bb0c-40388be3f4d5
2024-12-14 12:24:37,091 INFO  server.RaftServerConfigKeys (ConfUtils.java:logGet(46)) - raft.server.log.queue.byte-limit = 64MB (=67108864) (default)
2024-12-14 12:24:37,091 INFO  server.RaftServerConfigKeys (ConfUtils.java:logGet(46)) - raft.server.log.queue.element-limit = 4096 (default)
2024-12-14 12:24:37,091 INFO  server.RaftServerConfigKeys (ConfUtils.java:logGet(46)) - raft.server.log.segment.size.max = 32MB (=33554432) (default)
2024-12-14 12:24:37,091 INFO  server.RaftServerConfigKeys (ConfUtils.java:logGet(46)) - raft.server.log.preallocated.size = 4MB (=4194304) (default)
2024-12-14 12:24:37,091 INFO  server.RaftServerConfigKeys (ConfUtils.java:logGet(46)) - raft.server.log.force.sync.num = 128 (default)
2024-12-14 12:24:37,091 INFO  server.RaftServerConfigKeys (ConfUtils.java:logGet(46)) - raft.server.log.statemachine.data.sync = true (default)
2024-12-14 12:24:37,091 INFO  server.RaftServerConfigKeys (ConfUtils.java:logGet(46)) - raft.server.log.statemachine.data.sync.timeout = 10s (default)
2024-12-14 12:24:37,091 INFO  server.RaftServerConfigKeys (ConfUtils.java:logGet(46)) - raft.server.log.statemachine.data.sync.timeout.retry = -1 (default)
2024-12-14 12:24:37,091 INFO  server.RaftServerConfigKeys (ConfUtils.java:logGet(46)) - raft.server.log.write.buffer.size = 8MB (=8388608) (default)
2024-12-14 12:24:37,093 INFO  server.RaftServerConfigKeys (ConfUtils.java:logGet(46)) - raft.server.log.appender.buffer.byte-limit = 4MB (=4194304) (default)
2024-12-14 12:24:37,094 INFO  server.RaftServerConfigKeys (ConfUtils.java:logGet(46)) - raft.server.log.unsafe-flush.enabled = false (default)
2024-12-14 12:24:37,094 INFO  server.RaftServerConfigKeys (ConfUtils.java:logGet(46)) - raft.server.log.async-flush.enabled = false (default)
2024-12-14 12:24:37,094 INFO  server.RaftServerConfigKeys (ConfUtils.java:logGet(46)) - raft.server.log.statemachine.data.caching.enabled = false (default)
2024-12-14 12:24:37,094 INFO  segmented.SegmentedRaftLogWorker (SegmentedRaftLogWorker.java:lambda$new$0(140)) - s5@group-40388BE3F4D5-SegmentedRaftLogWorker: flushIndex: setUnconditionally 0 -> -1
2024-12-14 12:24:37,094 INFO  segmented.SegmentedRaftLogWorker (SegmentedRaftLogWorker.java:lambda$new$0(140)) - s5@group-40388BE3F4D5-SegmentedRaftLogWorker: safeCacheEvictIndex: setUnconditionally 0 -> -1
2024-12-14 12:24:37,094 INFO  server.RaftServer$Division (RaftServerImpl.java:start(398)) - s5@group-40388BE3F4D5: start with initializing state, conf=conf: {index: -1, cur=peers:[]|listeners:[], old=null}
2024-12-14 12:24:37,094 INFO  server.RaftServer$Division (RaftServerImpl.java:setRole(379)) - s5@group-40388BE3F4D5: changes role from      null to FOLLOWER at term 0 for start
2024-12-14 12:24:37,094 INFO  util.JmxRegister (JmxRegister.java:tryRegister(44)) - Successfully registered JMX Bean with object name Ratis:service=RaftServer,group=group-40388BE3F4D5,id=s5
2024-12-14 12:24:37,094 INFO  util.JmxRegister (JmxRegister.java:register(58)) - register mxBean class org.apache.ratis.server.impl.RaftServerJmxAdapter as Ratis:service=RaftServer,group=group-40388BE3F4D5,id=s5
2024-12-14 12:24:37,094 INFO  server.RaftServerConfigKeys (ConfUtils.java:logGet(46)) - raft.server.snapshot.trigger-when-stop.enabled = true (default)
2024-12-14 12:24:37,094 INFO  server.RaftServerConfigKeys (ConfUtils.java:logGet(46)) - raft.server.snapshot.trigger-when-remove.enabled = true (default)
2024-12-14 12:24:37,094 INFO  server.RaftServerConfigKeys (ConfUtils.java:logGet(46)) - raft.server.snapshot.auto.trigger.enabled = false (default)
2024-12-14 12:24:37,095 INFO  server.RaftServerConfigKeys (ConfUtils.java:logGet(46)) - raft.server.snapshot.retention.file.num = -1 (default)
2024-12-14 12:24:37,095 INFO  server.RaftServerConfigKeys (ConfUtils.java:logGet(46)) - raft.server.log.purge.upto.snapshot.index = false (default)
2024-12-14 12:24:37,095 INFO  server.RaftServer$Division (RaftServerImpl.java:start(406)) - s5@group-40388BE3F4D5: Successfully started.
2024-12-14 12:24:37,095 INFO  server.RaftServer (RaftServerProxy.java:startImpl(408)) - s5: start RPC server
2024-12-14 12:24:37,096 INFO  server.GrpcServicesImpl (GrpcServicesImpl.java:startImpl(353)) - s5: GrpcServicesImpl started, listening on 15005
2024-12-14 12:24:37,096 INFO  util.JvmPauseMonitor (JvmPauseMonitor.java:run(146)) - JvmPauseMonitor-s5: Started
2024-12-14 12:24:37,097 INFO  server.RaftServerConfigKeys (ConfUtils.java:logGet(46)) - raft.server.storage.free-space.min = 0MB (=0) (default)
2024-12-14 12:24:37,097 INFO  server.RaftServerConfigKeys (ConfUtils.java:logGet(46)) - raft.server.log.corruption.policy = EXCEPTION (default)
2024-12-14 12:24:37,097 INFO  server.RaftServerConfigKeys (ConfUtils.java:logGet(46)) - raft.server.storage.dir = [/home/runner/work/ratis/ratis/ratis-examples/target/test/data/da5193cb/MiniRaftClusterWithGrpca0a5e6cd/s6] (custom)
2024-12-14 12:24:37,097 INFO  storage.RaftStorageDirectory (RaftStorageDirectoryImpl.java:analyzeStorage(138)) - The storage directory /home/runner/work/ratis/ratis/ratis-examples/target/test/data/da5193cb/MiniRaftClusterWithGrpca0a5e6cd/s6/ff6bed03-e2b7-47e0-bb0c-40388be3f4d5 does not exist. Creating ...
2024-12-14 12:24:37,097 TRACE util.FileUtils (LogUtils.java:runAndLog(49)) - Successfully ran Files.createDirectories /home/runner/work/ratis/ratis/ratis-examples/target/test/data/da5193cb/MiniRaftClusterWithGrpca0a5e6cd/s6/ff6bed03-e2b7-47e0-bb0c-40388be3f4d5
2024-12-14 12:24:37,098 INFO  storage.RaftStorageDirectory (RaftStorageDirectoryImpl.java:tryLock(229)) - Lock on /home/runner/work/ratis/ratis/ratis-examples/target/test/data/da5193cb/MiniRaftClusterWithGrpca0a5e6cd/s6/ff6bed03-e2b7-47e0-bb0c-40388be3f4d5/in_use.lock acquired by nodename 14700@fv-az733-880
2024-12-14 12:24:37,098 TRACE util.FileUtils (LogUtils.java:runAndLog(49)) - Successfully ran Files.createDirectories /home/runner/work/ratis/ratis/ratis-examples/target/test/data/da5193cb/MiniRaftClusterWithGrpca0a5e6cd/s6/ff6bed03-e2b7-47e0-bb0c-40388be3f4d5/current
2024-12-14 12:24:37,098 TRACE util.FileUtils (LogUtils.java:runAndLog(49)) - Successfully ran Files.createDirectories /home/runner/work/ratis/ratis/ratis-examples/target/test/data/da5193cb/MiniRaftClusterWithGrpca0a5e6cd/s6/ff6bed03-e2b7-47e0-bb0c-40388be3f4d5/sm
2024-12-14 12:24:37,099 TRACE util.FileUtils (LogUtils.java:supplyAndLog(69)) - Successfully supplied FileChannel.open /home/runner/work/ratis/ratis/ratis-examples/target/test/data/da5193cb/MiniRaftClusterWithGrpca0a5e6cd/s6/ff6bed03-e2b7-47e0-bb0c-40388be3f4d5/current/raft-meta.tmp with options [CREATE, WRITE]: sun.nio.ch.FileChannelImpl@653927cf
2024-12-14 12:24:37,099 TRACE util.FileUtils (LogUtils.java:runAndLog(49)) - Successfully ran Atomic Files.move /home/runner/work/ratis/ratis/ratis-examples/target/test/data/da5193cb/MiniRaftClusterWithGrpca0a5e6cd/s6/ff6bed03-e2b7-47e0-bb0c-40388be3f4d5/current/raft-meta.tmp to /home/runner/work/ratis/ratis/ratis-examples/target/test/data/da5193cb/MiniRaftClusterWithGrpca0a5e6cd/s6/ff6bed03-e2b7-47e0-bb0c-40388be3f4d5/current/raft-meta with options [REPLACE_EXISTING]
2024-12-14 12:24:37,099 INFO  storage.RaftStorage (RaftStorageImpl.java:format(98)) - Storage directory /home/runner/work/ratis/ratis/ratis-examples/target/test/data/da5193cb/MiniRaftClusterWithGrpca0a5e6cd/s6/ff6bed03-e2b7-47e0-bb0c-40388be3f4d5 has been successfully formatted.
2024-12-14 12:24:37,100 WARN  statemachine.StateMachine (ArithmeticStateMachine.java:loadSnapshot(115)) - The snapshot info is null.
2024-12-14 12:24:37,100 INFO  server.RaftServerConfigKeys (ConfUtils.java:logGet(46)) - raft.server.log.use.memory = false (default)
2024-12-14 12:24:37,100 INFO  server.RaftServerConfigKeys (ConfUtils.java:logGet(46)) - raft.server.log.purge.gap = 1024 (default)
2024-12-14 12:24:37,100 INFO  server.RaftServerConfigKeys (ConfUtils.java:logGet(46)) - raft.server.log.appender.buffer.byte-limit = 4MB (=4194304) (default)
2024-12-14 12:24:37,100 INFO  server.RaftServerConfigKeys (ConfUtils.java:logGet(46)) - raft.server.log.statemachine.data.read.timeout = 1000ms (default)
2024-12-14 12:24:37,100 INFO  server.RaftServerConfigKeys (ConfUtils.java:logGet(46)) - raft.server.log.purge.preservation.log.num = 0 (default)
2024-12-14 12:24:37,100 INFO  server.RaftServerConfigKeys (ConfUtils.java:logGet(46)) - raft.server.log.segment.size.max = 32MB (=33554432) (default)
2024-12-14 12:24:37,100 INFO  server.RaftServerConfigKeys (ConfUtils.java:logGet(46)) - raft.server.log.segment.cache.num.max = 6 (default)
2024-12-14 12:24:37,100 INFO  server.RaftServerConfigKeys (ConfUtils.java:logGet(46)) - raft.server.log.segment.cache.size.max = 200MB (=209715200) (default)
2024-12-14 12:24:37,100 INFO  server.RaftServerConfigKeys (ConfUtils.java:logGet(46)) - raft.server.log.appender.buffer.byte-limit = 4MB (=4194304) (default)
2024-12-14 12:24:37,101 INFO  util.AwaitToRun (AwaitToRun.java:start(81)) - Thread[s6@group-40388BE3F4D5-cacheEviction-AwaitToRun,5,main] started
2024-12-14 12:24:37,101 INFO  segmented.SegmentedRaftLogWorker (SegmentedRaftLogWorker.java:<init>(189)) - new s6@group-40388BE3F4D5-SegmentedRaftLogWorker for RaftStorageImpl:Storage Directory /home/runner/work/ratis/ratis/ratis-examples/target/test/data/da5193cb/MiniRaftClusterWithGrpca0a5e6cd/s6/ff6bed03-e2b7-47e0-bb0c-40388be3f4d5
2024-12-14 12:24:37,101 INFO  server.RaftServerConfigKeys (ConfUtils.java:logGet(46)) - raft.server.log.queue.byte-limit = 64MB (=67108864) (default)
2024-12-14 12:24:37,101 INFO  server.RaftServerConfigKeys (ConfUtils.java:logGet(46)) - raft.server.log.queue.element-limit = 4096 (default)
2024-12-14 12:24:37,101 INFO  server.RaftServerConfigKeys (ConfUtils.java:logGet(46)) - raft.server.log.segment.size.max = 32MB (=33554432) (default)
2024-12-14 12:24:37,101 INFO  server.RaftServerConfigKeys (ConfUtils.java:logGet(46)) - raft.server.log.preallocated.size = 4MB (=4194304) (default)
2024-12-14 12:24:37,101 INFO  server.RaftServerConfigKeys (ConfUtils.java:logGet(46)) - raft.server.log.force.sync.num = 128 (default)
2024-12-14 12:24:37,101 INFO  server.RaftServerConfigKeys (ConfUtils.java:logGet(46)) - raft.server.log.statemachine.data.sync = true (default)
2024-12-14 12:24:37,101 INFO  server.RaftServerConfigKeys (ConfUtils.java:logGet(46)) - raft.server.log.statemachine.data.sync.timeout = 10s (default)
2024-12-14 12:24:37,101 INFO  server.RaftServerConfigKeys (ConfUtils.java:logGet(46)) - raft.server.log.statemachine.data.sync.timeout.retry = -1 (default)
2024-12-14 12:24:37,101 INFO  server.RaftServerConfigKeys (ConfUtils.java:logGet(46)) - raft.server.log.write.buffer.size = 8MB (=8388608) (default)
2024-12-14 12:24:37,102 INFO  server.RaftServerConfigKeys (ConfUtils.java:logGet(46)) - raft.server.log.appender.buffer.byte-limit = 4MB (=4194304) (default)
2024-12-14 12:24:37,102 INFO  server.RaftServerConfigKeys (ConfUtils.java:logGet(46)) - raft.server.log.unsafe-flush.enabled = false (default)
2024-12-14 12:24:37,102 INFO  server.RaftServerConfigKeys (ConfUtils.java:logGet(46)) - raft.server.log.async-flush.enabled = false (default)
2024-12-14 12:24:37,102 INFO  server.RaftServerConfigKeys (ConfUtils.java:logGet(46)) - raft.server.log.statemachine.data.caching.enabled = false (default)
2024-12-14 12:24:37,102 INFO  segmented.SegmentedRaftLogWorker (SegmentedRaftLogWorker.java:lambda$new$0(140)) - s6@group-40388BE3F4D5-SegmentedRaftLogWorker: flushIndex: setUnconditionally 0 -> -1
2024-12-14 12:24:37,102 INFO  segmented.SegmentedRaftLogWorker (SegmentedRaftLogWorker.java:lambda$new$0(140)) - s6@group-40388BE3F4D5-SegmentedRaftLogWorker: safeCacheEvictIndex: setUnconditionally 0 -> -1
2024-12-14 12:24:37,102 INFO  server.RaftServer$Division (RaftServerImpl.java:start(398)) - s6@group-40388BE3F4D5: start with initializing state, conf=conf: {index: -1, cur=peers:[]|listeners:[], old=null}
2024-12-14 12:24:37,102 INFO  server.RaftServer$Division (RaftServerImpl.java:setRole(379)) - s6@group-40388BE3F4D5: changes role from      null to FOLLOWER at term 0 for start
2024-12-14 12:24:37,102 INFO  util.JmxRegister (JmxRegister.java:tryRegister(44)) - Successfully registered JMX Bean with object name Ratis:service=RaftServer,group=group-40388BE3F4D5,id=s6
2024-12-14 12:24:37,102 INFO  util.JmxRegister (JmxRegister.java:register(58)) - register mxBean class org.apache.ratis.server.impl.RaftServerJmxAdapter as Ratis:service=RaftServer,group=group-40388BE3F4D5,id=s6
2024-12-14 12:24:37,103 INFO  server.RaftServerConfigKeys (ConfUtils.java:logGet(46)) - raft.server.snapshot.trigger-when-stop.enabled = true (default)
2024-12-14 12:24:37,103 INFO  server.RaftServerConfigKeys (ConfUtils.java:logGet(46)) - raft.server.snapshot.trigger-when-remove.enabled = true (default)
2024-12-14 12:24:37,103 INFO  server.RaftServerConfigKeys (ConfUtils.java:logGet(46)) - raft.server.snapshot.auto.trigger.enabled = false (default)
2024-12-14 12:24:37,103 INFO  server.RaftServerConfigKeys (ConfUtils.java:logGet(46)) - raft.server.snapshot.retention.file.num = -1 (default)
2024-12-14 12:24:37,103 INFO  server.RaftServerConfigKeys (ConfUtils.java:logGet(46)) - raft.server.log.purge.upto.snapshot.index = false (default)
2024-12-14 12:24:37,103 INFO  server.RaftServer$Division (RaftServerImpl.java:start(406)) - s6@group-40388BE3F4D5: Successfully started.
2024-12-14 12:24:37,103 INFO  server.RaftServer (RaftServerProxy.java:startImpl(408)) - s6: start RPC server
2024-12-14 12:24:37,105 INFO  server.GrpcServicesImpl (GrpcServicesImpl.java:startImpl(353)) - s6: GrpcServicesImpl started, listening on 15006
2024-12-14 12:24:37,106 INFO  util.JvmPauseMonitor (JvmPauseMonitor.java:run(146)) - JvmPauseMonitor-s6: Started
2024-12-14 12:24:37,106 INFO  server.RaftServerConfigKeys (ConfUtils.java:logGet(46)) - raft.server.storage.free-space.min = 0MB (=0) (default)
2024-12-14 12:24:37,106 INFO  server.RaftServerConfigKeys (ConfUtils.java:logGet(46)) - raft.server.log.corruption.policy = EXCEPTION (default)
2024-12-14 12:24:37,106 INFO  server.RaftServerConfigKeys (ConfUtils.java:logGet(46)) - raft.server.storage.dir = [/home/runner/work/ratis/ratis/ratis-examples/target/test/data/da5193cb/MiniRaftClusterWithGrpca0a5e6cd/s7] (custom)
2024-12-14 12:24:37,106 INFO  storage.RaftStorageDirectory (RaftStorageDirectoryImpl.java:analyzeStorage(138)) - The storage directory /home/runner/work/ratis/ratis/ratis-examples/target/test/data/da5193cb/MiniRaftClusterWithGrpca0a5e6cd/s7/ff6bed03-e2b7-47e0-bb0c-40388be3f4d5 does not exist. Creating ...
2024-12-14 12:24:37,107 TRACE util.FileUtils (LogUtils.java:runAndLog(49)) - Successfully ran Files.createDirectories /home/runner/work/ratis/ratis/ratis-examples/target/test/data/da5193cb/MiniRaftClusterWithGrpca0a5e6cd/s7/ff6bed03-e2b7-47e0-bb0c-40388be3f4d5
2024-12-14 12:24:37,108 INFO  storage.RaftStorageDirectory (RaftStorageDirectoryImpl.java:tryLock(229)) - Lock on /home/runner/work/ratis/ratis/ratis-examples/target/test/data/da5193cb/MiniRaftClusterWithGrpca0a5e6cd/s7/ff6bed03-e2b7-47e0-bb0c-40388be3f4d5/in_use.lock acquired by nodename 14700@fv-az733-880
2024-12-14 12:24:37,108 TRACE util.FileUtils (LogUtils.java:runAndLog(49)) - Successfully ran Files.createDirectories /home/runner/work/ratis/ratis/ratis-examples/target/test/data/da5193cb/MiniRaftClusterWithGrpca0a5e6cd/s7/ff6bed03-e2b7-47e0-bb0c-40388be3f4d5/current
2024-12-14 12:24:37,108 TRACE util.FileUtils (LogUtils.java:runAndLog(49)) - Successfully ran Files.createDirectories /home/runner/work/ratis/ratis/ratis-examples/target/test/data/da5193cb/MiniRaftClusterWithGrpca0a5e6cd/s7/ff6bed03-e2b7-47e0-bb0c-40388be3f4d5/sm
2024-12-14 12:24:37,108 TRACE util.FileUtils (LogUtils.java:supplyAndLog(69)) - Successfully supplied FileChannel.open /home/runner/work/ratis/ratis/ratis-examples/target/test/data/da5193cb/MiniRaftClusterWithGrpca0a5e6cd/s7/ff6bed03-e2b7-47e0-bb0c-40388be3f4d5/current/raft-meta.tmp with options [CREATE, WRITE]: sun.nio.ch.FileChannelImpl@740f9e67
2024-12-14 12:24:37,109 TRACE util.FileUtils (LogUtils.java:runAndLog(49)) - Successfully ran Atomic Files.move /home/runner/work/ratis/ratis/ratis-examples/target/test/data/da5193cb/MiniRaftClusterWithGrpca0a5e6cd/s7/ff6bed03-e2b7-47e0-bb0c-40388be3f4d5/current/raft-meta.tmp to /home/runner/work/ratis/ratis/ratis-examples/target/test/data/da5193cb/MiniRaftClusterWithGrpca0a5e6cd/s7/ff6bed03-e2b7-47e0-bb0c-40388be3f4d5/current/raft-meta with options [REPLACE_EXISTING]
2024-12-14 12:24:37,109 INFO  storage.RaftStorage (RaftStorageImpl.java:format(98)) - Storage directory /home/runner/work/ratis/ratis/ratis-examples/target/test/data/da5193cb/MiniRaftClusterWithGrpca0a5e6cd/s7/ff6bed03-e2b7-47e0-bb0c-40388be3f4d5 has been successfully formatted.
2024-12-14 12:24:37,109 WARN  statemachine.StateMachine (ArithmeticStateMachine.java:loadSnapshot(115)) - The snapshot info is null.
2024-12-14 12:24:37,109 INFO  server.RaftServerConfigKeys (ConfUtils.java:logGet(46)) - raft.server.log.use.memory = false (default)
2024-12-14 12:24:37,110 INFO  server.RaftServerConfigKeys (ConfUtils.java:logGet(46)) - raft.server.log.purge.gap = 1024 (default)
2024-12-14 12:24:37,110 INFO  server.RaftServerConfigKeys (ConfUtils.java:logGet(46)) - raft.server.log.appender.buffer.byte-limit = 4MB (=4194304) (default)
2024-12-14 12:24:37,110 INFO  server.RaftServerConfigKeys (ConfUtils.java:logGet(46)) - raft.server.log.statemachine.data.read.timeout = 1000ms (default)
2024-12-14 12:24:37,110 INFO  server.RaftServerConfigKeys (ConfUtils.java:logGet(46)) - raft.server.log.purge.preservation.log.num = 0 (default)
2024-12-14 12:24:37,110 INFO  server.RaftServerConfigKeys (ConfUtils.java:logGet(46)) - raft.server.log.segment.size.max = 32MB (=33554432) (default)
2024-12-14 12:24:37,110 INFO  server.RaftServerConfigKeys (ConfUtils.java:logGet(46)) - raft.server.log.segment.cache.num.max = 6 (default)
2024-12-14 12:24:37,110 INFO  server.RaftServerConfigKeys (ConfUtils.java:logGet(46)) - raft.server.log.segment.cache.size.max = 200MB (=209715200) (default)
2024-12-14 12:24:37,110 INFO  server.RaftServerConfigKeys (ConfUtils.java:logGet(46)) - raft.server.log.appender.buffer.byte-limit = 4MB (=4194304) (default)
2024-12-14 12:24:37,110 INFO  util.AwaitToRun (AwaitToRun.java:start(81)) - Thread[s7@group-40388BE3F4D5-cacheEviction-AwaitToRun,5,main] started
2024-12-14 12:24:37,110 INFO  segmented.SegmentedRaftLogWorker (SegmentedRaftLogWorker.java:<init>(189)) - new s7@group-40388BE3F4D5-SegmentedRaftLogWorker for RaftStorageImpl:Storage Directory /home/runner/work/ratis/ratis/ratis-examples/target/test/data/da5193cb/MiniRaftClusterWithGrpca0a5e6cd/s7/ff6bed03-e2b7-47e0-bb0c-40388be3f4d5
2024-12-14 12:24:37,110 INFO  server.RaftServerConfigKeys (ConfUtils.java:logGet(46)) - raft.server.log.queue.byte-limit = 64MB (=67108864) (default)
2024-12-14 12:24:37,111 INFO  server.RaftServerConfigKeys (ConfUtils.java:logGet(46)) - raft.server.log.queue.element-limit = 4096 (default)
2024-12-14 12:24:37,111 INFO  server.RaftServerConfigKeys (ConfUtils.java:logGet(46)) - raft.server.log.segment.size.max = 32MB (=33554432) (default)
2024-12-14 12:24:37,111 INFO  server.RaftServerConfigKeys (ConfUtils.java:logGet(46)) - raft.server.log.preallocated.size = 4MB (=4194304) (default)
2024-12-14 12:24:37,111 INFO  server.RaftServerConfigKeys (ConfUtils.java:logGet(46)) - raft.server.log.force.sync.num = 128 (default)
2024-12-14 12:24:37,111 INFO  server.RaftServerConfigKeys (ConfUtils.java:logGet(46)) - raft.server.log.statemachine.data.sync = true (default)
2024-12-14 12:24:37,111 INFO  server.RaftServerConfigKeys (ConfUtils.java:logGet(46)) - raft.server.log.statemachine.data.sync.timeout = 10s (default)
2024-12-14 12:24:37,111 INFO  server.RaftServerConfigKeys (ConfUtils.java:logGet(46)) - raft.server.log.statemachine.data.sync.timeout.retry = -1 (default)
2024-12-14 12:24:37,111 INFO  server.RaftServerConfigKeys (ConfUtils.java:logGet(46)) - raft.server.log.write.buffer.size = 8MB (=8388608) (default)
2024-12-14 12:24:37,112 INFO  server.RaftServerConfigKeys (ConfUtils.java:logGet(46)) - raft.server.log.appender.buffer.byte-limit = 4MB (=4194304) (default)
2024-12-14 12:24:37,112 INFO  server.RaftServerConfigKeys (ConfUtils.java:logGet(46)) - raft.server.log.unsafe-flush.enabled = false (default)
2024-12-14 12:24:37,113 INFO  server.RaftServerConfigKeys (ConfUtils.java:logGet(46)) - raft.server.log.async-flush.enabled = false (default)
2024-12-14 12:24:37,113 INFO  server.RaftServerConfigKeys (ConfUtils.java:logGet(46)) - raft.server.log.statemachine.data.caching.enabled = false (default)
2024-12-14 12:24:37,113 INFO  segmented.SegmentedRaftLogWorker (SegmentedRaftLogWorker.java:lambda$new$0(140)) - s7@group-40388BE3F4D5-SegmentedRaftLogWorker: flushIndex: setUnconditionally 0 -> -1
2024-12-14 12:24:37,113 INFO  segmented.SegmentedRaftLogWorker (SegmentedRaftLogWorker.java:lambda$new$0(140)) - s7@group-40388BE3F4D5-SegmentedRaftLogWorker: safeCacheEvictIndex: setUnconditionally 0 -> -1
2024-12-14 12:24:37,113 INFO  server.RaftServer$Division (RaftServerImpl.java:start(398)) - s7@group-40388BE3F4D5: start with initializing state, conf=conf: {index: -1, cur=peers:[]|listeners:[], old=null}
2024-12-14 12:24:37,113 INFO  server.RaftServer$Division (RaftServerImpl.java:setRole(379)) - s7@group-40388BE3F4D5: changes role from      null to FOLLOWER at term 0 for start
2024-12-14 12:24:37,113 INFO  util.JmxRegister (JmxRegister.java:tryRegister(44)) - Successfully registered JMX Bean with object name Ratis:service=RaftServer,group=group-40388BE3F4D5,id=s7
2024-12-14 12:24:37,113 INFO  util.JmxRegister (JmxRegister.java:register(58)) - register mxBean class org.apache.ratis.server.impl.RaftServerJmxAdapter as Ratis:service=RaftServer,group=group-40388BE3F4D5,id=s7
2024-12-14 12:24:37,113 INFO  server.RaftServerConfigKeys (ConfUtils.java:logGet(46)) - raft.server.snapshot.trigger-when-stop.enabled = true (default)
2024-12-14 12:24:37,113 INFO  server.RaftServerConfigKeys (ConfUtils.java:logGet(46)) - raft.server.snapshot.trigger-when-remove.enabled = true (default)
2024-12-14 12:24:37,113 INFO  server.RaftServerConfigKeys (ConfUtils.java:logGet(46)) - raft.server.snapshot.auto.trigger.enabled = false (default)
2024-12-14 12:24:37,113 INFO  server.RaftServerConfigKeys (ConfUtils.java:logGet(46)) - raft.server.snapshot.retention.file.num = -1 (default)
2024-12-14 12:24:37,113 INFO  server.RaftServerConfigKeys (ConfUtils.java:logGet(46)) - raft.server.log.purge.upto.snapshot.index = false (default)
2024-12-14 12:24:37,114 INFO  server.RaftServer$Division (RaftServerImpl.java:start(406)) - s7@group-40388BE3F4D5: Successfully started.
2024-12-14 12:24:37,114 INFO  server.RaftServer (RaftServerProxy.java:startImpl(408)) - s7: start RPC server
2024-12-14 12:24:37,116 INFO  server.GrpcServicesImpl (GrpcServicesImpl.java:startImpl(353)) - s7: GrpcServicesImpl started, listening on 15007
2024-12-14 12:24:37,116 INFO  server.RaftServerConfigKeys (ConfUtils.java:logGet(46)) - raft.server.storage.free-space.min = 0MB (=0) (default)
2024-12-14 12:24:37,117 INFO  server.RaftServerConfigKeys (ConfUtils.java:logGet(46)) - raft.server.log.corruption.policy = EXCEPTION (default)
2024-12-14 12:24:37,117 INFO  server.RaftServerConfigKeys (ConfUtils.java:logGet(46)) - raft.server.storage.dir = [/home/runner/work/ratis/ratis/ratis-examples/target/test/data/da5193cb/MiniRaftClusterWithGrpca0a5e6cd/s8] (custom)
2024-12-14 12:24:37,117 INFO  storage.RaftStorageDirectory (RaftStorageDirectoryImpl.java:analyzeStorage(138)) - The storage directory /home/runner/work/ratis/ratis/ratis-examples/target/test/data/da5193cb/MiniRaftClusterWithGrpca0a5e6cd/s8/ff6bed03-e2b7-47e0-bb0c-40388be3f4d5 does not exist. Creating ...
2024-12-14 12:24:37,117 TRACE util.FileUtils (LogUtils.java:runAndLog(49)) - Successfully ran Files.createDirectories /home/runner/work/ratis/ratis/ratis-examples/target/test/data/da5193cb/MiniRaftClusterWithGrpca0a5e6cd/s8/ff6bed03-e2b7-47e0-bb0c-40388be3f4d5
2024-12-14 12:24:37,117 INFO  util.JvmPauseMonitor (JvmPauseMonitor.java:run(146)) - JvmPauseMonitor-s7: Started
2024-12-14 12:24:37,118 INFO  storage.RaftStorageDirectory (RaftStorageDirectoryImpl.java:tryLock(229)) - Lock on /home/runner/work/ratis/ratis/ratis-examples/target/test/data/da5193cb/MiniRaftClusterWithGrpca0a5e6cd/s8/ff6bed03-e2b7-47e0-bb0c-40388be3f4d5/in_use.lock acquired by nodename 14700@fv-az733-880
2024-12-14 12:24:37,118 TRACE util.FileUtils (LogUtils.java:runAndLog(49)) - Successfully ran Files.createDirectories /home/runner/work/ratis/ratis/ratis-examples/target/test/data/da5193cb/MiniRaftClusterWithGrpca0a5e6cd/s8/ff6bed03-e2b7-47e0-bb0c-40388be3f4d5/current
2024-12-14 12:24:37,118 TRACE util.FileUtils (LogUtils.java:runAndLog(49)) - Successfully ran Files.createDirectories /home/runner/work/ratis/ratis/ratis-examples/target/test/data/da5193cb/MiniRaftClusterWithGrpca0a5e6cd/s8/ff6bed03-e2b7-47e0-bb0c-40388be3f4d5/sm
2024-12-14 12:24:37,118 TRACE util.FileUtils (LogUtils.java:supplyAndLog(69)) - Successfully supplied FileChannel.open /home/runner/work/ratis/ratis/ratis-examples/target/test/data/da5193cb/MiniRaftClusterWithGrpca0a5e6cd/s8/ff6bed03-e2b7-47e0-bb0c-40388be3f4d5/current/raft-meta.tmp with options [CREATE, WRITE]: sun.nio.ch.FileChannelImpl@3853811f
2024-12-14 12:24:37,119 TRACE util.FileUtils (LogUtils.java:runAndLog(49)) - Successfully ran Atomic Files.move /home/runner/work/ratis/ratis/ratis-examples/target/test/data/da5193cb/MiniRaftClusterWithGrpca0a5e6cd/s8/ff6bed03-e2b7-47e0-bb0c-40388be3f4d5/current/raft-meta.tmp to /home/runner/work/ratis/ratis/ratis-examples/target/test/data/da5193cb/MiniRaftClusterWithGrpca0a5e6cd/s8/ff6bed03-e2b7-47e0-bb0c-40388be3f4d5/current/raft-meta with options [REPLACE_EXISTING]
2024-12-14 12:24:37,119 INFO  storage.RaftStorage (RaftStorageImpl.java:format(98)) - Storage directory /home/runner/work/ratis/ratis/ratis-examples/target/test/data/da5193cb/MiniRaftClusterWithGrpca0a5e6cd/s8/ff6bed03-e2b7-47e0-bb0c-40388be3f4d5 has been successfully formatted.
2024-12-14 12:24:37,120 WARN  statemachine.StateMachine (ArithmeticStateMachine.java:loadSnapshot(115)) - The snapshot info is null.
2024-12-14 12:24:37,120 INFO  server.RaftServerConfigKeys (ConfUtils.java:logGet(46)) - raft.server.log.use.memory = false (default)
2024-12-14 12:24:37,120 INFO  server.RaftServerConfigKeys (ConfUtils.java:logGet(46)) - raft.server.log.purge.gap = 1024 (default)
2024-12-14 12:24:37,120 INFO  server.RaftServerConfigKeys (ConfUtils.java:logGet(46)) - raft.server.log.appender.buffer.byte-limit = 4MB (=4194304) (default)
2024-12-14 12:24:37,120 INFO  server.RaftServerConfigKeys (ConfUtils.java:logGet(46)) - raft.server.log.statemachine.data.read.timeout = 1000ms (default)
2024-12-14 12:24:37,120 INFO  server.RaftServerConfigKeys (ConfUtils.java:logGet(46)) - raft.server.log.purge.preservation.log.num = 0 (default)
2024-12-14 12:24:37,120 INFO  server.RaftServerConfigKeys (ConfUtils.java:logGet(46)) - raft.server.log.segment.size.max = 32MB (=33554432) (default)
2024-12-14 12:24:37,120 INFO  server.RaftServerConfigKeys (ConfUtils.java:logGet(46)) - raft.server.log.segment.cache.num.max = 6 (default)
2024-12-14 12:24:37,120 INFO  server.RaftServerConfigKeys (ConfUtils.java:logGet(46)) - raft.server.log.segment.cache.size.max = 200MB (=209715200) (default)
2024-12-14 12:24:37,120 INFO  server.RaftServerConfigKeys (ConfUtils.java:logGet(46)) - raft.server.log.appender.buffer.byte-limit = 4MB (=4194304) (default)
2024-12-14 12:24:37,121 INFO  util.AwaitToRun (AwaitToRun.java:start(81)) - Thread[s8@group-40388BE3F4D5-cacheEviction-AwaitToRun,5,main] started
2024-12-14 12:24:37,121 INFO  segmented.SegmentedRaftLogWorker (SegmentedRaftLogWorker.java:<init>(189)) - new s8@group-40388BE3F4D5-SegmentedRaftLogWorker for RaftStorageImpl:Storage Directory /home/runner/work/ratis/ratis/ratis-examples/target/test/data/da5193cb/MiniRaftClusterWithGrpca0a5e6cd/s8/ff6bed03-e2b7-47e0-bb0c-40388be3f4d5
2024-12-14 12:24:37,121 INFO  server.RaftServerConfigKeys (ConfUtils.java:logGet(46)) - raft.server.log.queue.byte-limit = 64MB (=67108864) (default)
2024-12-14 12:24:37,121 INFO  server.RaftServerConfigKeys (ConfUtils.java:logGet(46)) - raft.server.log.queue.element-limit = 4096 (default)
2024-12-14 12:24:37,121 INFO  server.RaftServerConfigKeys (ConfUtils.java:logGet(46)) - raft.server.log.segment.size.max = 32MB (=33554432) (default)
2024-12-14 12:24:37,121 INFO  server.RaftServerConfigKeys (ConfUtils.java:logGet(46)) - raft.server.log.preallocated.size = 4MB (=4194304) (default)
2024-12-14 12:24:37,121 INFO  server.RaftServerConfigKeys (ConfUtils.java:logGet(46)) - raft.server.log.force.sync.num = 128 (default)
2024-12-14 12:24:37,121 INFO  server.RaftServerConfigKeys (ConfUtils.java:logGet(46)) - raft.server.log.statemachine.data.sync = true (default)
2024-12-14 12:24:37,121 INFO  server.RaftServerConfigKeys (ConfUtils.java:logGet(46)) - raft.server.log.statemachine.data.sync.timeout = 10s (default)
2024-12-14 12:24:37,121 INFO  server.RaftServerConfigKeys (ConfUtils.java:logGet(46)) - raft.server.log.statemachine.data.sync.timeout.retry = -1 (default)
2024-12-14 12:24:37,121 INFO  server.RaftServerConfigKeys (ConfUtils.java:logGet(46)) - raft.server.log.write.buffer.size = 8MB (=8388608) (default)
2024-12-14 12:24:37,123 INFO  server.RaftServerConfigKeys (ConfUtils.java:logGet(46)) - raft.server.log.appender.buffer.byte-limit = 4MB (=4194304) (default)
2024-12-14 12:24:37,123 INFO  server.RaftServerConfigKeys (ConfUtils.java:logGet(46)) - raft.server.log.unsafe-flush.enabled = false (default)
2024-12-14 12:24:37,123 INFO  server.RaftServerConfigKeys (ConfUtils.java:logGet(46)) - raft.server.log.async-flush.enabled = false (default)
2024-12-14 12:24:37,123 INFO  server.RaftServerConfigKeys (ConfUtils.java:logGet(46)) - raft.server.log.statemachine.data.caching.enabled = false (default)
2024-12-14 12:24:37,123 INFO  segmented.SegmentedRaftLogWorker (SegmentedRaftLogWorker.java:lambda$new$0(140)) - s8@group-40388BE3F4D5-SegmentedRaftLogWorker: flushIndex: setUnconditionally 0 -> -1
2024-12-14 12:24:37,123 INFO  segmented.SegmentedRaftLogWorker (SegmentedRaftLogWorker.java:lambda$new$0(140)) - s8@group-40388BE3F4D5-SegmentedRaftLogWorker: safeCacheEvictIndex: setUnconditionally 0 -> -1
2024-12-14 12:24:37,124 INFO  server.RaftServer$Division (RaftServerImpl.java:start(398)) - s8@group-40388BE3F4D5: start with initializing state, conf=conf: {index: -1, cur=peers:[]|listeners:[], old=null}
2024-12-14 12:24:37,124 INFO  server.RaftServer$Division (RaftServerImpl.java:setRole(379)) - s8@group-40388BE3F4D5: changes role from      null to FOLLOWER at term 0 for start
2024-12-14 12:24:37,124 INFO  util.JmxRegister (JmxRegister.java:tryRegister(44)) - Successfully registered JMX Bean with object name Ratis:service=RaftServer,group=group-40388BE3F4D5,id=s8
2024-12-14 12:24:37,124 INFO  util.JmxRegister (JmxRegister.java:register(58)) - register mxBean class org.apache.ratis.server.impl.RaftServerJmxAdapter as Ratis:service=RaftServer,group=group-40388BE3F4D5,id=s8
2024-12-14 12:24:37,124 INFO  server.RaftServerConfigKeys (ConfUtils.java:logGet(46)) - raft.server.snapshot.trigger-when-stop.enabled = true (default)
2024-12-14 12:24:37,124 INFO  server.RaftServerConfigKeys (ConfUtils.java:logGet(46)) - raft.server.snapshot.trigger-when-remove.enabled = true (default)
2024-12-14 12:24:37,124 INFO  server.RaftServerConfigKeys (ConfUtils.java:logGet(46)) - raft.server.snapshot.auto.trigger.enabled = false (default)
2024-12-14 12:24:37,124 INFO  server.RaftServerConfigKeys (ConfUtils.java:logGet(46)) - raft.server.snapshot.retention.file.num = -1 (default)
2024-12-14 12:24:37,124 INFO  server.RaftServerConfigKeys (ConfUtils.java:logGet(46)) - raft.server.log.purge.upto.snapshot.index = false (default)
2024-12-14 12:24:37,124 INFO  server.RaftServer$Division (RaftServerImpl.java:start(406)) - s8@group-40388BE3F4D5: Successfully started.
2024-12-14 12:24:37,124 INFO  server.RaftServer (RaftServerProxy.java:startImpl(408)) - s8: start RPC server
2024-12-14 12:24:37,125 INFO  server.GrpcServicesImpl (GrpcServicesImpl.java:startImpl(353)) - s8: GrpcServicesImpl started, listening on 15008
2024-12-14 12:24:37,126 INFO  util.JvmPauseMonitor (JvmPauseMonitor.java:run(146)) - JvmPauseMonitor-s8: Started
2024-12-14 12:24:37,126 INFO  server.RaftServerConfigKeys (ConfUtils.java:logGet(46)) - raft.server.storage.free-space.min = 0MB (=0) (default)
2024-12-14 12:24:37,126 INFO  server.RaftServerConfigKeys (ConfUtils.java:logGet(46)) - raft.server.log.corruption.policy = EXCEPTION (default)
2024-12-14 12:24:37,126 INFO  server.RaftServerConfigKeys (ConfUtils.java:logGet(46)) - raft.server.storage.dir = [/home/runner/work/ratis/ratis/ratis-examples/target/test/data/da5193cb/MiniRaftClusterWithGrpca0a5e6cd/s9] (custom)
2024-12-14 12:24:37,126 INFO  storage.RaftStorageDirectory (RaftStorageDirectoryImpl.java:analyzeStorage(138)) - The storage directory /home/runner/work/ratis/ratis/ratis-examples/target/test/data/da5193cb/MiniRaftClusterWithGrpca0a5e6cd/s9/ff6bed03-e2b7-47e0-bb0c-40388be3f4d5 does not exist. Creating ...
2024-12-14 12:24:37,126 TRACE util.FileUtils (LogUtils.java:runAndLog(49)) - Successfully ran Files.createDirectories /home/runner/work/ratis/ratis/ratis-examples/target/test/data/da5193cb/MiniRaftClusterWithGrpca0a5e6cd/s9/ff6bed03-e2b7-47e0-bb0c-40388be3f4d5
2024-12-14 12:24:37,127 INFO  storage.RaftStorageDirectory (RaftStorageDirectoryImpl.java:tryLock(229)) - Lock on /home/runner/work/ratis/ratis/ratis-examples/target/test/data/da5193cb/MiniRaftClusterWithGrpca0a5e6cd/s9/ff6bed03-e2b7-47e0-bb0c-40388be3f4d5/in_use.lock acquired by nodename 14700@fv-az733-880
2024-12-14 12:24:37,127 TRACE util.FileUtils (LogUtils.java:runAndLog(49)) - Successfully ran Files.createDirectories /home/runner/work/ratis/ratis/ratis-examples/target/test/data/da5193cb/MiniRaftClusterWithGrpca0a5e6cd/s9/ff6bed03-e2b7-47e0-bb0c-40388be3f4d5/current
2024-12-14 12:24:37,128 TRACE util.FileUtils (LogUtils.java:runAndLog(49)) - Successfully ran Files.createDirectories /home/runner/work/ratis/ratis/ratis-examples/target/test/data/da5193cb/MiniRaftClusterWithGrpca0a5e6cd/s9/ff6bed03-e2b7-47e0-bb0c-40388be3f4d5/sm
2024-12-14 12:24:37,128 TRACE util.FileUtils (LogUtils.java:supplyAndLog(69)) - Successfully supplied FileChannel.open /home/runner/work/ratis/ratis/ratis-examples/target/test/data/da5193cb/MiniRaftClusterWithGrpca0a5e6cd/s9/ff6bed03-e2b7-47e0-bb0c-40388be3f4d5/current/raft-meta.tmp with options [CREATE, WRITE]: sun.nio.ch.FileChannelImpl@76e45d2d
2024-12-14 12:24:37,129 TRACE util.FileUtils (LogUtils.java:runAndLog(49)) - Successfully ran Atomic Files.move /home/runner/work/ratis/ratis/ratis-examples/target/test/data/da5193cb/MiniRaftClusterWithGrpca0a5e6cd/s9/ff6bed03-e2b7-47e0-bb0c-40388be3f4d5/current/raft-meta.tmp to /home/runner/work/ratis/ratis/ratis-examples/target/test/data/da5193cb/MiniRaftClusterWithGrpca0a5e6cd/s9/ff6bed03-e2b7-47e0-bb0c-40388be3f4d5/current/raft-meta with options [REPLACE_EXISTING]
2024-12-14 12:24:37,129 INFO  storage.RaftStorage (RaftStorageImpl.java:format(98)) - Storage directory /home/runner/work/ratis/ratis/ratis-examples/target/test/data/da5193cb/MiniRaftClusterWithGrpca0a5e6cd/s9/ff6bed03-e2b7-47e0-bb0c-40388be3f4d5 has been successfully formatted.
2024-12-14 12:24:37,129 WARN  statemachine.StateMachine (ArithmeticStateMachine.java:loadSnapshot(115)) - The snapshot info is null.
2024-12-14 12:24:37,129 INFO  server.RaftServerConfigKeys (ConfUtils.java:logGet(46)) - raft.server.log.use.memory = false (default)
2024-12-14 12:24:37,129 INFO  server.RaftServerConfigKeys (ConfUtils.java:logGet(46)) - raft.server.log.purge.gap = 1024 (default)
2024-12-14 12:24:37,129 INFO  server.RaftServerConfigKeys (ConfUtils.java:logGet(46)) - raft.server.log.appender.buffer.byte-limit = 4MB (=4194304) (default)
2024-12-14 12:24:37,129 INFO  server.RaftServerConfigKeys (ConfUtils.java:logGet(46)) - raft.server.log.statemachine.data.read.timeout = 1000ms (default)
2024-12-14 12:24:37,129 INFO  server.RaftServerConfigKeys (ConfUtils.java:logGet(46)) - raft.server.log.purge.preservation.log.num = 0 (default)
2024-12-14 12:24:37,129 INFO  server.RaftServerConfigKeys (ConfUtils.java:logGet(46)) - raft.server.log.segment.size.max = 32MB (=33554432) (default)
2024-12-14 12:24:37,129 INFO  server.RaftServerConfigKeys (ConfUtils.java:logGet(46)) - raft.server.log.segment.cache.num.max = 6 (default)
2024-12-14 12:24:37,130 INFO  server.RaftServerConfigKeys (ConfUtils.java:logGet(46)) - raft.server.log.segment.cache.size.max = 200MB (=209715200) (default)
2024-12-14 12:24:37,130 INFO  server.RaftServerConfigKeys (ConfUtils.java:logGet(46)) - raft.server.log.appender.buffer.byte-limit = 4MB (=4194304) (default)
2024-12-14 12:24:37,130 INFO  util.AwaitToRun (AwaitToRun.java:start(81)) - Thread[s9@group-40388BE3F4D5-cacheEviction-AwaitToRun,5,main] started
2024-12-14 12:24:37,130 INFO  segmented.SegmentedRaftLogWorker (SegmentedRaftLogWorker.java:<init>(189)) - new s9@group-40388BE3F4D5-SegmentedRaftLogWorker for RaftStorageImpl:Storage Directory /home/runner/work/ratis/ratis/ratis-examples/target/test/data/da5193cb/MiniRaftClusterWithGrpca0a5e6cd/s9/ff6bed03-e2b7-47e0-bb0c-40388be3f4d5
2024-12-14 12:24:37,130 INFO  server.RaftServerConfigKeys (ConfUtils.java:logGet(46)) - raft.server.log.queue.byte-limit = 64MB (=67108864) (default)
2024-12-14 12:24:37,130 INFO  server.RaftServerConfigKeys (ConfUtils.java:logGet(46)) - raft.server.log.queue.element-limit = 4096 (default)
2024-12-14 12:24:37,130 INFO  server.RaftServerConfigKeys (ConfUtils.java:logGet(46)) - raft.server.log.segment.size.max = 32MB (=33554432) (default)
2024-12-14 12:24:37,130 INFO  server.RaftServerConfigKeys (ConfUtils.java:logGet(46)) - raft.server.log.preallocated.size = 4MB (=4194304) (default)
2024-12-14 12:24:37,130 INFO  server.RaftServerConfigKeys (ConfUtils.java:logGet(46)) - raft.server.log.force.sync.num = 128 (default)
2024-12-14 12:24:37,130 INFO  server.RaftServerConfigKeys (ConfUtils.java:logGet(46)) - raft.server.log.statemachine.data.sync = true (default)
2024-12-14 12:24:37,130 INFO  server.RaftServerConfigKeys (ConfUtils.java:logGet(46)) - raft.server.log.statemachine.data.sync.timeout = 10s (default)
2024-12-14 12:24:37,130 INFO  server.RaftServerConfigKeys (ConfUtils.java:logGet(46)) - raft.server.log.statemachine.data.sync.timeout.retry = -1 (default)
2024-12-14 12:24:37,130 INFO  server.RaftServerConfigKeys (ConfUtils.java:logGet(46)) - raft.server.log.write.buffer.size = 8MB (=8388608) (default)
2024-12-14 12:24:37,132 INFO  server.RaftServerConfigKeys (ConfUtils.java:logGet(46)) - raft.server.log.appender.buffer.byte-limit = 4MB (=4194304) (default)
2024-12-14 12:24:37,132 INFO  server.RaftServerConfigKeys (ConfUtils.java:logGet(46)) - raft.server.log.unsafe-flush.enabled = false (default)
2024-12-14 12:24:37,132 INFO  server.RaftServerConfigKeys (ConfUtils.java:logGet(46)) - raft.server.log.async-flush.enabled = false (default)
2024-12-14 12:24:37,132 INFO  server.RaftServerConfigKeys (ConfUtils.java:logGet(46)) - raft.server.log.statemachine.data.caching.enabled = false (default)
2024-12-14 12:24:37,132 INFO  segmented.SegmentedRaftLogWorker (SegmentedRaftLogWorker.java:lambda$new$0(140)) - s9@group-40388BE3F4D5-SegmentedRaftLogWorker: flushIndex: setUnconditionally 0 -> -1
2024-12-14 12:24:37,132 INFO  segmented.SegmentedRaftLogWorker (SegmentedRaftLogWorker.java:lambda$new$0(140)) - s9@group-40388BE3F4D5-SegmentedRaftLogWorker: safeCacheEvictIndex: setUnconditionally 0 -> -1
2024-12-14 12:24:37,132 INFO  server.RaftServer$Division (RaftServerImpl.java:start(398)) - s9@group-40388BE3F4D5: start with initializing state, conf=conf: {index: -1, cur=peers:[]|listeners:[], old=null}
2024-12-14 12:24:37,132 INFO  server.RaftServer$Division (RaftServerImpl.java:setRole(379)) - s9@group-40388BE3F4D5: changes role from      null to FOLLOWER at term 0 for start
2024-12-14 12:24:37,133 INFO  util.JmxRegister (JmxRegister.java:tryRegister(44)) - Successfully registered JMX Bean with object name Ratis:service=RaftServer,group=group-40388BE3F4D5,id=s9
2024-12-14 12:24:37,133 INFO  util.JmxRegister (JmxRegister.java:register(58)) - register mxBean class org.apache.ratis.server.impl.RaftServerJmxAdapter as Ratis:service=RaftServer,group=group-40388BE3F4D5,id=s9
2024-12-14 12:24:37,133 INFO  server.RaftServerConfigKeys (ConfUtils.java:logGet(46)) - raft.server.snapshot.trigger-when-stop.enabled = true (default)
2024-12-14 12:24:37,133 INFO  server.RaftServerConfigKeys (ConfUtils.java:logGet(46)) - raft.server.snapshot.trigger-when-remove.enabled = true (default)
2024-12-14 12:24:37,133 INFO  server.RaftServerConfigKeys (ConfUtils.java:logGet(46)) - raft.server.snapshot.auto.trigger.enabled = false (default)
2024-12-14 12:24:37,133 INFO  server.RaftServerConfigKeys (ConfUtils.java:logGet(46)) - raft.server.snapshot.retention.file.num = -1 (default)
2024-12-14 12:24:37,133 INFO  server.RaftServerConfigKeys (ConfUtils.java:logGet(46)) - raft.server.log.purge.upto.snapshot.index = false (default)
2024-12-14 12:24:37,133 INFO  server.RaftServer$Division (RaftServerImpl.java:start(406)) - s9@group-40388BE3F4D5: Successfully started.
2024-12-14 12:24:37,133 INFO  server.RaftServer (RaftServerProxy.java:startImpl(408)) - s9: start RPC server
2024-12-14 12:24:37,135 INFO  server.GrpcServicesImpl (GrpcServicesImpl.java:startImpl(353)) - s9: GrpcServicesImpl started, listening on 15009
2024-12-14 12:24:37,135 INFO  server.RaftServerConfigKeys (ConfUtils.java:logGet(46)) - raft.server.storage.free-space.min = 0MB (=0) (default)
2024-12-14 12:24:37,135 INFO  util.JvmPauseMonitor (JvmPauseMonitor.java:run(146)) - JvmPauseMonitor-s9: Started
2024-12-14 12:24:37,135 INFO  server.RaftServerConfigKeys (ConfUtils.java:logGet(46)) - raft.server.log.corruption.policy = EXCEPTION (default)
2024-12-14 12:24:37,135 INFO  server.RaftServerConfigKeys (ConfUtils.java:logGet(46)) - raft.server.storage.dir = [/home/runner/work/ratis/ratis/ratis-examples/target/test/data/da5193cb/MiniRaftClusterWithGrpca0a5e6cd/s11] (custom)
2024-12-14 12:24:37,136 INFO  storage.RaftStorageDirectory (RaftStorageDirectoryImpl.java:analyzeStorage(138)) - The storage directory /home/runner/work/ratis/ratis/ratis-examples/target/test/data/da5193cb/MiniRaftClusterWithGrpca0a5e6cd/s11/ff6bed03-e2b7-47e0-bb0c-40388be3f4d5 does not exist. Creating ...
2024-12-14 12:24:37,136 TRACE util.FileUtils (LogUtils.java:runAndLog(49)) - Successfully ran Files.createDirectories /home/runner/work/ratis/ratis/ratis-examples/target/test/data/da5193cb/MiniRaftClusterWithGrpca0a5e6cd/s11/ff6bed03-e2b7-47e0-bb0c-40388be3f4d5
2024-12-14 12:24:37,136 INFO  storage.RaftStorageDirectory (RaftStorageDirectoryImpl.java:tryLock(229)) - Lock on /home/runner/work/ratis/ratis/ratis-examples/target/test/data/da5193cb/MiniRaftClusterWithGrpca0a5e6cd/s11/ff6bed03-e2b7-47e0-bb0c-40388be3f4d5/in_use.lock acquired by nodename 14700@fv-az733-880
2024-12-14 12:24:37,137 TRACE util.FileUtils (LogUtils.java:runAndLog(49)) - Successfully ran Files.createDirectories /home/runner/work/ratis/ratis/ratis-examples/target/test/data/da5193cb/MiniRaftClusterWithGrpca0a5e6cd/s11/ff6bed03-e2b7-47e0-bb0c-40388be3f4d5/current
2024-12-14 12:24:37,137 TRACE util.FileUtils (LogUtils.java:runAndLog(49)) - Successfully ran Files.createDirectories /home/runner/work/ratis/ratis/ratis-examples/target/test/data/da5193cb/MiniRaftClusterWithGrpca0a5e6cd/s11/ff6bed03-e2b7-47e0-bb0c-40388be3f4d5/sm
2024-12-14 12:24:37,137 TRACE util.FileUtils (LogUtils.java:supplyAndLog(69)) - Successfully supplied FileChannel.open /home/runner/work/ratis/ratis/ratis-examples/target/test/data/da5193cb/MiniRaftClusterWithGrpca0a5e6cd/s11/ff6bed03-e2b7-47e0-bb0c-40388be3f4d5/current/raft-meta.tmp with options [CREATE, WRITE]: sun.nio.ch.FileChannelImpl@27e049d4
2024-12-14 12:24:37,138 TRACE util.FileUtils (LogUtils.java:runAndLog(49)) - Successfully ran Atomic Files.move /home/runner/work/ratis/ratis/ratis-examples/target/test/data/da5193cb/MiniRaftClusterWithGrpca0a5e6cd/s11/ff6bed03-e2b7-47e0-bb0c-40388be3f4d5/current/raft-meta.tmp to /home/runner/work/ratis/ratis/ratis-examples/target/test/data/da5193cb/MiniRaftClusterWithGrpca0a5e6cd/s11/ff6bed03-e2b7-47e0-bb0c-40388be3f4d5/current/raft-meta with options [REPLACE_EXISTING]
2024-12-14 12:24:37,138 INFO  storage.RaftStorage (RaftStorageImpl.java:format(98)) - Storage directory /home/runner/work/ratis/ratis/ratis-examples/target/test/data/da5193cb/MiniRaftClusterWithGrpca0a5e6cd/s11/ff6bed03-e2b7-47e0-bb0c-40388be3f4d5 has been successfully formatted.
2024-12-14 12:24:37,138 WARN  statemachine.StateMachine (ArithmeticStateMachine.java:loadSnapshot(115)) - The snapshot info is null.
2024-12-14 12:24:37,138 INFO  server.RaftServerConfigKeys (ConfUtils.java:logGet(46)) - raft.server.log.use.memory = false (default)
2024-12-14 12:24:37,138 INFO  server.RaftServerConfigKeys (ConfUtils.java:logGet(46)) - raft.server.log.purge.gap = 1024 (default)
2024-12-14 12:24:37,138 INFO  server.RaftServerConfigKeys (ConfUtils.java:logGet(46)) - raft.server.log.appender.buffer.byte-limit = 4MB (=4194304) (default)
2024-12-14 12:24:37,138 INFO  server.RaftServerConfigKeys (ConfUtils.java:logGet(46)) - raft.server.log.statemachine.data.read.timeout = 1000ms (default)
2024-12-14 12:24:37,138 INFO  server.RaftServerConfigKeys (ConfUtils.java:logGet(46)) - raft.server.log.purge.preservation.log.num = 0 (default)
2024-12-14 12:24:37,138 INFO  server.RaftServerConfigKeys (ConfUtils.java:logGet(46)) - raft.server.log.segment.size.max = 32MB (=33554432) (default)
2024-12-14 12:24:37,138 INFO  server.RaftServerConfigKeys (ConfUtils.java:logGet(46)) - raft.server.log.segment.cache.num.max = 6 (default)
2024-12-14 12:24:37,138 INFO  server.RaftServerConfigKeys (ConfUtils.java:logGet(46)) - raft.server.log.segment.cache.size.max = 200MB (=209715200) (default)
2024-12-14 12:24:37,138 INFO  server.RaftServerConfigKeys (ConfUtils.java:logGet(46)) - raft.server.log.appender.buffer.byte-limit = 4MB (=4194304) (default)
2024-12-14 12:24:37,139 INFO  util.AwaitToRun (AwaitToRun.java:start(81)) - Thread[s11@group-40388BE3F4D5-cacheEviction-AwaitToRun,5,main] started
2024-12-14 12:24:37,139 INFO  segmented.SegmentedRaftLogWorker (SegmentedRaftLogWorker.java:<init>(189)) - new s11@group-40388BE3F4D5-SegmentedRaftLogWorker for RaftStorageImpl:Storage Directory /home/runner/work/ratis/ratis/ratis-examples/target/test/data/da5193cb/MiniRaftClusterWithGrpca0a5e6cd/s11/ff6bed03-e2b7-47e0-bb0c-40388be3f4d5
2024-12-14 12:24:37,139 INFO  server.RaftServerConfigKeys (ConfUtils.java:logGet(46)) - raft.server.log.queue.byte-limit = 64MB (=67108864) (default)
2024-12-14 12:24:37,139 INFO  server.RaftServerConfigKeys (ConfUtils.java:logGet(46)) - raft.server.log.queue.element-limit = 4096 (default)
2024-12-14 12:24:37,139 INFO  server.RaftServerConfigKeys (ConfUtils.java:logGet(46)) - raft.server.log.segment.size.max = 32MB (=33554432) (default)
2024-12-14 12:24:37,139 INFO  server.RaftServerConfigKeys (ConfUtils.java:logGet(46)) - raft.server.log.preallocated.size = 4MB (=4194304) (default)
2024-12-14 12:24:37,139 INFO  server.RaftServerConfigKeys (ConfUtils.java:logGet(46)) - raft.server.log.force.sync.num = 128 (default)
2024-12-14 12:24:37,139 INFO  server.RaftServerConfigKeys (ConfUtils.java:logGet(46)) - raft.server.log.statemachine.data.sync = true (default)
2024-12-14 12:24:37,139 INFO  server.RaftServerConfigKeys (ConfUtils.java:logGet(46)) - raft.server.log.statemachine.data.sync.timeout = 10s (default)
2024-12-14 12:24:37,139 INFO  server.RaftServerConfigKeys (ConfUtils.java:logGet(46)) - raft.server.log.statemachine.data.sync.timeout.retry = -1 (default)
2024-12-14 12:24:37,139 INFO  server.RaftServerConfigKeys (ConfUtils.java:logGet(46)) - raft.server.log.write.buffer.size = 8MB (=8388608) (default)
2024-12-14 12:24:37,141 INFO  server.RaftServerConfigKeys (ConfUtils.java:logGet(46)) - raft.server.log.appender.buffer.byte-limit = 4MB (=4194304) (default)
2024-12-14 12:24:37,141 INFO  server.RaftServerConfigKeys (ConfUtils.java:logGet(46)) - raft.server.log.unsafe-flush.enabled = false (default)
2024-12-14 12:24:37,141 INFO  server.RaftServerConfigKeys (ConfUtils.java:logGet(46)) - raft.server.log.async-flush.enabled = false (default)
2024-12-14 12:24:37,141 INFO  server.RaftServerConfigKeys (ConfUtils.java:logGet(46)) - raft.server.log.statemachine.data.caching.enabled = false (default)
2024-12-14 12:24:37,141 INFO  segmented.SegmentedRaftLogWorker (SegmentedRaftLogWorker.java:lambda$new$0(140)) - s11@group-40388BE3F4D5-SegmentedRaftLogWorker: flushIndex: setUnconditionally 0 -> -1
2024-12-14 12:24:37,141 INFO  segmented.SegmentedRaftLogWorker (SegmentedRaftLogWorker.java:lambda$new$0(140)) - s11@group-40388BE3F4D5-SegmentedRaftLogWorker: safeCacheEvictIndex: setUnconditionally 0 -> -1
2024-12-14 12:24:37,141 INFO  server.RaftServer$Division (RaftServerImpl.java:start(398)) - s11@group-40388BE3F4D5: start with initializing state, conf=conf: {index: -1, cur=peers:[]|listeners:[], old=null}
2024-12-14 12:24:37,141 INFO  server.RaftServer$Division (RaftServerImpl.java:setRole(379)) - s11@group-40388BE3F4D5: changes role from      null to FOLLOWER at term 0 for start
2024-12-14 12:24:37,141 INFO  util.JmxRegister (JmxRegister.java:tryRegister(44)) - Successfully registered JMX Bean with object name Ratis:service=RaftServer,group=group-40388BE3F4D5,id=s11
2024-12-14 12:24:37,142 INFO  util.JmxRegister (JmxRegister.java:register(58)) - register mxBean class org.apache.ratis.server.impl.RaftServerJmxAdapter as Ratis:service=RaftServer,group=group-40388BE3F4D5,id=s11
2024-12-14 12:24:37,142 INFO  server.RaftServerConfigKeys (ConfUtils.java:logGet(46)) - raft.server.snapshot.trigger-when-stop.enabled = true (default)
2024-12-14 12:24:37,142 INFO  server.RaftServerConfigKeys (ConfUtils.java:logGet(46)) - raft.server.snapshot.trigger-when-remove.enabled = true (default)
2024-12-14 12:24:37,142 INFO  server.RaftServerConfigKeys (ConfUtils.java:logGet(46)) - raft.server.snapshot.auto.trigger.enabled = false (default)
2024-12-14 12:24:37,142 INFO  server.RaftServerConfigKeys (ConfUtils.java:logGet(46)) - raft.server.snapshot.retention.file.num = -1 (default)
2024-12-14 12:24:37,142 INFO  server.RaftServerConfigKeys (ConfUtils.java:logGet(46)) - raft.server.log.purge.upto.snapshot.index = false (default)
2024-12-14 12:24:37,142 INFO  server.RaftServer$Division (RaftServerImpl.java:start(406)) - s11@group-40388BE3F4D5: Successfully started.
2024-12-14 12:24:37,142 INFO  server.RaftServer (RaftServerProxy.java:startImpl(408)) - s11: start RPC server
2024-12-14 12:24:37,144 INFO  server.GrpcServicesImpl (GrpcServicesImpl.java:startImpl(353)) - s11: GrpcServicesImpl started, listening on 15011
2024-12-14 12:24:37,145 INFO  server.RaftServerConfigKeys (ConfUtils.java:logGet(46)) - raft.server.storage.free-space.min = 0MB (=0) (default)
2024-12-14 12:24:37,145 INFO  server.RaftServerConfigKeys (ConfUtils.java:logGet(46)) - raft.server.log.corruption.policy = EXCEPTION (default)
2024-12-14 12:24:37,145 INFO  util.JvmPauseMonitor (JvmPauseMonitor.java:run(146)) - JvmPauseMonitor-s11: Started
2024-12-14 12:24:37,145 INFO  server.RaftServerConfigKeys (ConfUtils.java:logGet(46)) - raft.server.storage.dir = [/home/runner/work/ratis/ratis/ratis-examples/target/test/data/da5193cb/MiniRaftClusterWithGrpca0a5e6cd/s10] (custom)
2024-12-14 12:24:37,145 INFO  storage.RaftStorageDirectory (RaftStorageDirectoryImpl.java:analyzeStorage(138)) - The storage directory /home/runner/work/ratis/ratis/ratis-examples/target/test/data/da5193cb/MiniRaftClusterWithGrpca0a5e6cd/s10/ff6bed03-e2b7-47e0-bb0c-40388be3f4d5 does not exist. Creating ...
2024-12-14 12:24:37,145 TRACE util.FileUtils (LogUtils.java:runAndLog(49)) - Successfully ran Files.createDirectories /home/runner/work/ratis/ratis/ratis-examples/target/test/data/da5193cb/MiniRaftClusterWithGrpca0a5e6cd/s10/ff6bed03-e2b7-47e0-bb0c-40388be3f4d5
2024-12-14 12:24:37,146 INFO  storage.RaftStorageDirectory (RaftStorageDirectoryImpl.java:tryLock(229)) - Lock on /home/runner/work/ratis/ratis/ratis-examples/target/test/data/da5193cb/MiniRaftClusterWithGrpca0a5e6cd/s10/ff6bed03-e2b7-47e0-bb0c-40388be3f4d5/in_use.lock acquired by nodename 14700@fv-az733-880
2024-12-14 12:24:37,146 TRACE util.FileUtils (LogUtils.java:runAndLog(49)) - Successfully ran Files.createDirectories /home/runner/work/ratis/ratis/ratis-examples/target/test/data/da5193cb/MiniRaftClusterWithGrpca0a5e6cd/s10/ff6bed03-e2b7-47e0-bb0c-40388be3f4d5/current
2024-12-14 12:24:37,146 TRACE util.FileUtils (LogUtils.java:runAndLog(49)) - Successfully ran Files.createDirectories /home/runner/work/ratis/ratis/ratis-examples/target/test/data/da5193cb/MiniRaftClusterWithGrpca0a5e6cd/s10/ff6bed03-e2b7-47e0-bb0c-40388be3f4d5/sm
2024-12-14 12:24:37,146 TRACE util.FileUtils (LogUtils.java:supplyAndLog(69)) - Successfully supplied FileChannel.open /home/runner/work/ratis/ratis/ratis-examples/target/test/data/da5193cb/MiniRaftClusterWithGrpca0a5e6cd/s10/ff6bed03-e2b7-47e0-bb0c-40388be3f4d5/current/raft-meta.tmp with options [CREATE, WRITE]: sun.nio.ch.FileChannelImpl@2cb46ceb
2024-12-14 12:24:37,147 TRACE util.FileUtils (LogUtils.java:runAndLog(49)) - Successfully ran Atomic Files.move /home/runner/work/ratis/ratis/ratis-examples/target/test/data/da5193cb/MiniRaftClusterWithGrpca0a5e6cd/s10/ff6bed03-e2b7-47e0-bb0c-40388be3f4d5/current/raft-meta.tmp to /home/runner/work/ratis/ratis/ratis-examples/target/test/data/da5193cb/MiniRaftClusterWithGrpca0a5e6cd/s10/ff6bed03-e2b7-47e0-bb0c-40388be3f4d5/current/raft-meta with options [REPLACE_EXISTING]
2024-12-14 12:24:37,148 INFO  storage.RaftStorage (RaftStorageImpl.java:format(98)) - Storage directory /home/runner/work/ratis/ratis/ratis-examples/target/test/data/da5193cb/MiniRaftClusterWithGrpca0a5e6cd/s10/ff6bed03-e2b7-47e0-bb0c-40388be3f4d5 has been successfully formatted.
2024-12-14 12:24:37,148 WARN  statemachine.StateMachine (ArithmeticStateMachine.java:loadSnapshot(115)) - The snapshot info is null.
2024-12-14 12:24:37,148 INFO  server.RaftServerConfigKeys (ConfUtils.java:logGet(46)) - raft.server.log.use.memory = false (default)
2024-12-14 12:24:37,148 INFO  server.RaftServerConfigKeys (ConfUtils.java:logGet(46)) - raft.server.log.purge.gap = 1024 (default)
2024-12-14 12:24:37,148 INFO  server.RaftServerConfigKeys (ConfUtils.java:logGet(46)) - raft.server.log.appender.buffer.byte-limit = 4MB (=4194304) (default)
2024-12-14 12:24:37,148 INFO  server.RaftServerConfigKeys (ConfUtils.java:logGet(46)) - raft.server.log.statemachine.data.read.timeout = 1000ms (default)
2024-12-14 12:24:37,148 INFO  server.RaftServerConfigKeys (ConfUtils.java:logGet(46)) - raft.server.log.purge.preservation.log.num = 0 (default)
2024-12-14 12:24:37,148 INFO  server.RaftServerConfigKeys (ConfUtils.java:logGet(46)) - raft.server.log.segment.size.max = 32MB (=33554432) (default)
2024-12-14 12:24:37,148 INFO  server.RaftServerConfigKeys (ConfUtils.java:logGet(46)) - raft.server.log.segment.cache.num.max = 6 (default)
2024-12-14 12:24:37,148 INFO  server.RaftServerConfigKeys (ConfUtils.java:logGet(46)) - raft.server.log.segment.cache.size.max = 200MB (=209715200) (default)
2024-12-14 12:24:37,149 INFO  server.RaftServerConfigKeys (ConfUtils.java:logGet(46)) - raft.server.log.appender.buffer.byte-limit = 4MB (=4194304) (default)
2024-12-14 12:24:37,149 INFO  util.AwaitToRun (AwaitToRun.java:start(81)) - Thread[s10@group-40388BE3F4D5-cacheEviction-AwaitToRun,5,main] started
2024-12-14 12:24:37,149 INFO  segmented.SegmentedRaftLogWorker (SegmentedRaftLogWorker.java:<init>(189)) - new s10@group-40388BE3F4D5-SegmentedRaftLogWorker for RaftStorageImpl:Storage Directory /home/runner/work/ratis/ratis/ratis-examples/target/test/data/da5193cb/MiniRaftClusterWithGrpca0a5e6cd/s10/ff6bed03-e2b7-47e0-bb0c-40388be3f4d5
2024-12-14 12:24:37,149 INFO  server.RaftServerConfigKeys (ConfUtils.java:logGet(46)) - raft.server.log.queue.byte-limit = 64MB (=67108864) (default)
2024-12-14 12:24:37,149 INFO  server.RaftServerConfigKeys (ConfUtils.java:logGet(46)) - raft.server.log.queue.element-limit = 4096 (default)
2024-12-14 12:24:37,149 INFO  server.RaftServerConfigKeys (ConfUtils.java:logGet(46)) - raft.server.log.segment.size.max = 32MB (=33554432) (default)
2024-12-14 12:24:37,149 INFO  server.RaftServerConfigKeys (ConfUtils.java:logGet(46)) - raft.server.log.preallocated.size = 4MB (=4194304) (default)
2024-12-14 12:24:37,149 INFO  server.RaftServerConfigKeys (ConfUtils.java:logGet(46)) - raft.server.log.force.sync.num = 128 (default)
2024-12-14 12:24:37,149 INFO  server.RaftServerConfigKeys (ConfUtils.java:logGet(46)) - raft.server.log.statemachine.data.sync = true (default)
2024-12-14 12:24:37,149 INFO  server.RaftServerConfigKeys (ConfUtils.java:logGet(46)) - raft.server.log.statemachine.data.sync.timeout = 10s (default)
2024-12-14 12:24:37,149 INFO  server.RaftServerConfigKeys (ConfUtils.java:logGet(46)) - raft.server.log.statemachine.data.sync.timeout.retry = -1 (default)
2024-12-14 12:24:37,150 INFO  server.RaftServerConfigKeys (ConfUtils.java:logGet(46)) - raft.server.log.write.buffer.size = 8MB (=8388608) (default)
2024-12-14 12:24:37,153 INFO  server.RaftServerConfigKeys (ConfUtils.java:logGet(46)) - raft.server.log.appender.buffer.byte-limit = 4MB (=4194304) (default)
2024-12-14 12:24:37,153 INFO  server.RaftServerConfigKeys (ConfUtils.java:logGet(46)) - raft.server.log.unsafe-flush.enabled = false (default)
2024-12-14 12:24:37,153 INFO  server.RaftServerConfigKeys (ConfUtils.java:logGet(46)) - raft.server.log.async-flush.enabled = false (default)
2024-12-14 12:24:37,153 INFO  server.RaftServerConfigKeys (ConfUtils.java:logGet(46)) - raft.server.log.statemachine.data.caching.enabled = false (default)
2024-12-14 12:24:37,154 INFO  segmented.SegmentedRaftLogWorker (SegmentedRaftLogWorker.java:lambda$new$0(140)) - s10@group-40388BE3F4D5-SegmentedRaftLogWorker: flushIndex: setUnconditionally 0 -> -1
2024-12-14 12:24:37,154 INFO  segmented.SegmentedRaftLogWorker (SegmentedRaftLogWorker.java:lambda$new$0(140)) - s10@group-40388BE3F4D5-SegmentedRaftLogWorker: safeCacheEvictIndex: setUnconditionally 0 -> -1
2024-12-14 12:24:37,154 INFO  server.RaftServer$Division (RaftServerImpl.java:start(398)) - s10@group-40388BE3F4D5: start with initializing state, conf=conf: {index: -1, cur=peers:[]|listeners:[], old=null}
2024-12-14 12:24:37,154 INFO  server.RaftServer$Division (RaftServerImpl.java:setRole(379)) - s10@group-40388BE3F4D5: changes role from      null to FOLLOWER at term 0 for start
2024-12-14 12:24:37,154 INFO  util.JmxRegister (JmxRegister.java:tryRegister(44)) - Successfully registered JMX Bean with object name Ratis:service=RaftServer,group=group-40388BE3F4D5,id=s10
2024-12-14 12:24:37,154 INFO  util.JmxRegister (JmxRegister.java:register(58)) - register mxBean class org.apache.ratis.server.impl.RaftServerJmxAdapter as Ratis:service=RaftServer,group=group-40388BE3F4D5,id=s10
2024-12-14 12:24:37,155 INFO  server.RaftServerConfigKeys (ConfUtils.java:logGet(46)) - raft.server.snapshot.trigger-when-stop.enabled = true (default)
2024-12-14 12:24:37,155 INFO  server.RaftServerConfigKeys (ConfUtils.java:logGet(46)) - raft.server.snapshot.trigger-when-remove.enabled = true (default)
2024-12-14 12:24:37,155 INFO  server.RaftServerConfigKeys (ConfUtils.java:logGet(46)) - raft.server.snapshot.auto.trigger.enabled = false (default)
2024-12-14 12:24:37,155 INFO  server.RaftServerConfigKeys (ConfUtils.java:logGet(46)) - raft.server.snapshot.retention.file.num = -1 (default)
2024-12-14 12:24:37,155 INFO  server.RaftServerConfigKeys (ConfUtils.java:logGet(46)) - raft.server.log.purge.upto.snapshot.index = false (default)
2024-12-14 12:24:37,155 INFO  server.RaftServer$Division (RaftServerImpl.java:start(406)) - s10@group-40388BE3F4D5: Successfully started.
2024-12-14 12:24:37,155 INFO  server.RaftServer (RaftServerProxy.java:startImpl(408)) - s10: start RPC server
2024-12-14 12:24:37,157 INFO  server.GrpcServicesImpl (GrpcServicesImpl.java:startImpl(353)) - s10: GrpcServicesImpl started, listening on 15010
2024-12-14 12:24:37,158 INFO  util.JvmPauseMonitor (JvmPauseMonitor.java:run(146)) - JvmPauseMonitor-s10: Started
2024-12-14 12:24:37,158 INFO  server.RaftServerConfigKeys (ConfUtils.java:logGet(46)) - raft.server.storage.free-space.min = 0MB (=0) (default)
2024-12-14 12:24:37,158 INFO  server.RaftServerConfigKeys (ConfUtils.java:logGet(46)) - raft.server.log.corruption.policy = EXCEPTION (default)
2024-12-14 12:24:37,158 INFO  server.RaftServerConfigKeys (ConfUtils.java:logGet(46)) - raft.server.storage.dir = [/home/runner/work/ratis/ratis/ratis-examples/target/test/data/da5193cb/MiniRaftClusterWithGrpca0a5e6cd/s13] (custom)
2024-12-14 12:24:37,158 INFO  storage.RaftStorageDirectory (RaftStorageDirectoryImpl.java:analyzeStorage(138)) - The storage directory /home/runner/work/ratis/ratis/ratis-examples/target/test/data/da5193cb/MiniRaftClusterWithGrpca0a5e6cd/s13/ff6bed03-e2b7-47e0-bb0c-40388be3f4d5 does not exist. Creating ...
2024-12-14 12:24:37,159 TRACE util.FileUtils (LogUtils.java:runAndLog(49)) - Successfully ran Files.createDirectories /home/runner/work/ratis/ratis/ratis-examples/target/test/data/da5193cb/MiniRaftClusterWithGrpca0a5e6cd/s13/ff6bed03-e2b7-47e0-bb0c-40388be3f4d5
2024-12-14 12:24:37,159 INFO  storage.RaftStorageDirectory (RaftStorageDirectoryImpl.java:tryLock(229)) - Lock on /home/runner/work/ratis/ratis/ratis-examples/target/test/data/da5193cb/MiniRaftClusterWithGrpca0a5e6cd/s13/ff6bed03-e2b7-47e0-bb0c-40388be3f4d5/in_use.lock acquired by nodename 14700@fv-az733-880
2024-12-14 12:24:37,159 TRACE util.FileUtils (LogUtils.java:runAndLog(49)) - Successfully ran Files.createDirectories /home/runner/work/ratis/ratis/ratis-examples/target/test/data/da5193cb/MiniRaftClusterWithGrpca0a5e6cd/s13/ff6bed03-e2b7-47e0-bb0c-40388be3f4d5/current
2024-12-14 12:24:37,160 TRACE util.FileUtils (LogUtils.java:runAndLog(49)) - Successfully ran Files.createDirectories /home/runner/work/ratis/ratis/ratis-examples/target/test/data/da5193cb/MiniRaftClusterWithGrpca0a5e6cd/s13/ff6bed03-e2b7-47e0-bb0c-40388be3f4d5/sm
2024-12-14 12:24:37,160 TRACE util.FileUtils (LogUtils.java:supplyAndLog(69)) - Successfully supplied FileChannel.open /home/runner/work/ratis/ratis/ratis-examples/target/test/data/da5193cb/MiniRaftClusterWithGrpca0a5e6cd/s13/ff6bed03-e2b7-47e0-bb0c-40388be3f4d5/current/raft-meta.tmp with options [CREATE, WRITE]: sun.nio.ch.FileChannelImpl@599fb3a6
2024-12-14 12:24:37,161 TRACE util.FileUtils (LogUtils.java:runAndLog(49)) - Successfully ran Atomic Files.move /home/runner/work/ratis/ratis/ratis-examples/target/test/data/da5193cb/MiniRaftClusterWithGrpca0a5e6cd/s13/ff6bed03-e2b7-47e0-bb0c-40388be3f4d5/current/raft-meta.tmp to /home/runner/work/ratis/ratis/ratis-examples/target/test/data/da5193cb/MiniRaftClusterWithGrpca0a5e6cd/s13/ff6bed03-e2b7-47e0-bb0c-40388be3f4d5/current/raft-meta with options [REPLACE_EXISTING]
2024-12-14 12:24:37,161 INFO  storage.RaftStorage (RaftStorageImpl.java:format(98)) - Storage directory /home/runner/work/ratis/ratis/ratis-examples/target/test/data/da5193cb/MiniRaftClusterWithGrpca0a5e6cd/s13/ff6bed03-e2b7-47e0-bb0c-40388be3f4d5 has been successfully formatted.
2024-12-14 12:24:37,161 WARN  statemachine.StateMachine (ArithmeticStateMachine.java:loadSnapshot(115)) - The snapshot info is null.
2024-12-14 12:24:37,161 INFO  server.RaftServerConfigKeys (ConfUtils.java:logGet(46)) - raft.server.log.use.memory = false (default)
2024-12-14 12:24:37,161 INFO  server.RaftServerConfigKeys (ConfUtils.java:logGet(46)) - raft.server.log.purge.gap = 1024 (default)
2024-12-14 12:24:37,161 INFO  server.RaftServerConfigKeys (ConfUtils.java:logGet(46)) - raft.server.log.appender.buffer.byte-limit = 4MB (=4194304) (default)
2024-12-14 12:24:37,161 INFO  server.RaftServerConfigKeys (ConfUtils.java:logGet(46)) - raft.server.log.statemachine.data.read.timeout = 1000ms (default)
2024-12-14 12:24:37,161 INFO  server.RaftServerConfigKeys (ConfUtils.java:logGet(46)) - raft.server.log.purge.preservation.log.num = 0 (default)
2024-12-14 12:24:37,162 INFO  server.RaftServerConfigKeys (ConfUtils.java:logGet(46)) - raft.server.log.segment.size.max = 32MB (=33554432) (default)
2024-12-14 12:24:37,162 INFO  server.RaftServerConfigKeys (ConfUtils.java:logGet(46)) - raft.server.log.segment.cache.num.max = 6 (default)
2024-12-14 12:24:37,162 INFO  server.RaftServerConfigKeys (ConfUtils.java:logGet(46)) - raft.server.log.segment.cache.size.max = 200MB (=209715200) (default)
2024-12-14 12:24:37,162 INFO  server.RaftServerConfigKeys (ConfUtils.java:logGet(46)) - raft.server.log.appender.buffer.byte-limit = 4MB (=4194304) (default)
2024-12-14 12:24:37,162 INFO  util.AwaitToRun (AwaitToRun.java:start(81)) - Thread[s13@group-40388BE3F4D5-cacheEviction-AwaitToRun,5,main] started
2024-12-14 12:24:37,162 INFO  segmented.SegmentedRaftLogWorker (SegmentedRaftLogWorker.java:<init>(189)) - new s13@group-40388BE3F4D5-SegmentedRaftLogWorker for RaftStorageImpl:Storage Directory /home/runner/work/ratis/ratis/ratis-examples/target/test/data/da5193cb/MiniRaftClusterWithGrpca0a5e6cd/s13/ff6bed03-e2b7-47e0-bb0c-40388be3f4d5
2024-12-14 12:24:37,162 INFO  server.RaftServerConfigKeys (ConfUtils.java:logGet(46)) - raft.server.log.queue.byte-limit = 64MB (=67108864) (default)
2024-12-14 12:24:37,163 INFO  server.RaftServerConfigKeys (ConfUtils.java:logGet(46)) - raft.server.log.queue.element-limit = 4096 (default)
2024-12-14 12:24:37,163 INFO  server.RaftServerConfigKeys (ConfUtils.java:logGet(46)) - raft.server.log.segment.size.max = 32MB (=33554432) (default)
2024-12-14 12:24:37,163 INFO  server.RaftServerConfigKeys (ConfUtils.java:logGet(46)) - raft.server.log.preallocated.size = 4MB (=4194304) (default)
2024-12-14 12:24:37,163 INFO  server.RaftServerConfigKeys (ConfUtils.java:logGet(46)) - raft.server.log.force.sync.num = 128 (default)
2024-12-14 12:24:37,163 INFO  server.RaftServerConfigKeys (ConfUtils.java:logGet(46)) - raft.server.log.statemachine.data.sync = true (default)
2024-12-14 12:24:37,163 INFO  server.RaftServerConfigKeys (ConfUtils.java:logGet(46)) - raft.server.log.statemachine.data.sync.timeout = 10s (default)
2024-12-14 12:24:37,163 INFO  server.RaftServerConfigKeys (ConfUtils.java:logGet(46)) - raft.server.log.statemachine.data.sync.timeout.retry = -1 (default)
2024-12-14 12:24:37,163 INFO  server.RaftServerConfigKeys (ConfUtils.java:logGet(46)) - raft.server.log.write.buffer.size = 8MB (=8388608) (default)
2024-12-14 12:24:37,165 INFO  server.RaftServerConfigKeys (ConfUtils.java:logGet(46)) - raft.server.log.appender.buffer.byte-limit = 4MB (=4194304) (default)
2024-12-14 12:24:37,165 INFO  server.RaftServerConfigKeys (ConfUtils.java:logGet(46)) - raft.server.log.unsafe-flush.enabled = false (default)
2024-12-14 12:24:37,165 INFO  server.RaftServerConfigKeys (ConfUtils.java:logGet(46)) - raft.server.log.async-flush.enabled = false (default)
2024-12-14 12:24:37,166 INFO  server.RaftServerConfigKeys (ConfUtils.java:logGet(46)) - raft.server.log.statemachine.data.caching.enabled = false (default)
2024-12-14 12:24:37,166 INFO  segmented.SegmentedRaftLogWorker (SegmentedRaftLogWorker.java:lambda$new$0(140)) - s13@group-40388BE3F4D5-SegmentedRaftLogWorker: flushIndex: setUnconditionally 0 -> -1
2024-12-14 12:24:37,166 INFO  segmented.SegmentedRaftLogWorker (SegmentedRaftLogWorker.java:lambda$new$0(140)) - s13@group-40388BE3F4D5-SegmentedRaftLogWorker: safeCacheEvictIndex: setUnconditionally 0 -> -1
2024-12-14 12:24:37,166 INFO  server.RaftServer$Division (RaftServerImpl.java:start(398)) - s13@group-40388BE3F4D5: start with initializing state, conf=conf: {index: -1, cur=peers:[]|listeners:[], old=null}
2024-12-14 12:24:37,166 INFO  server.RaftServer$Division (RaftServerImpl.java:setRole(379)) - s13@group-40388BE3F4D5: changes role from      null to FOLLOWER at term 0 for start
2024-12-14 12:24:37,166 INFO  util.JmxRegister (JmxRegister.java:tryRegister(44)) - Successfully registered JMX Bean with object name Ratis:service=RaftServer,group=group-40388BE3F4D5,id=s13
2024-12-14 12:24:37,167 INFO  util.JmxRegister (JmxRegister.java:register(58)) - register mxBean class org.apache.ratis.server.impl.RaftServerJmxAdapter as Ratis:service=RaftServer,group=group-40388BE3F4D5,id=s13
2024-12-14 12:24:37,167 INFO  server.RaftServerConfigKeys (ConfUtils.java:logGet(46)) - raft.server.snapshot.trigger-when-stop.enabled = true (default)
2024-12-14 12:24:37,167 INFO  server.RaftServerConfigKeys (ConfUtils.java:logGet(46)) - raft.server.snapshot.trigger-when-remove.enabled = true (default)
2024-12-14 12:24:37,167 INFO  server.RaftServerConfigKeys (ConfUtils.java:logGet(46)) - raft.server.snapshot.auto.trigger.enabled = false (default)
2024-12-14 12:24:37,167 INFO  server.RaftServerConfigKeys (ConfUtils.java:logGet(46)) - raft.server.snapshot.retention.file.num = -1 (default)
2024-12-14 12:24:37,167 INFO  server.RaftServerConfigKeys (ConfUtils.java:logGet(46)) - raft.server.log.purge.upto.snapshot.index = false (default)
2024-12-14 12:24:37,169 INFO  server.RaftServer$Division (RaftServerImpl.java:start(406)) - s13@group-40388BE3F4D5: Successfully started.
2024-12-14 12:24:37,169 INFO  server.RaftServer (RaftServerProxy.java:startImpl(408)) - s13: start RPC server
2024-12-14 12:24:37,171 INFO  server.GrpcServicesImpl (GrpcServicesImpl.java:startImpl(353)) - s13: GrpcServicesImpl started, listening on 15013
2024-12-14 12:24:37,171 INFO  util.JvmPauseMonitor (JvmPauseMonitor.java:run(146)) - JvmPauseMonitor-s13: Started
2024-12-14 12:24:37,171 INFO  server.RaftServerConfigKeys (ConfUtils.java:logGet(46)) - raft.server.storage.free-space.min = 0MB (=0) (default)
2024-12-14 12:24:37,171 INFO  server.RaftServerConfigKeys (ConfUtils.java:logGet(46)) - raft.server.log.corruption.policy = EXCEPTION (default)
2024-12-14 12:24:37,171 INFO  server.RaftServerConfigKeys (ConfUtils.java:logGet(46)) - raft.server.storage.dir = [/home/runner/work/ratis/ratis/ratis-examples/target/test/data/da5193cb/MiniRaftClusterWithGrpca0a5e6cd/s12] (custom)
2024-12-14 12:24:37,171 INFO  storage.RaftStorageDirectory (RaftStorageDirectoryImpl.java:analyzeStorage(138)) - The storage directory /home/runner/work/ratis/ratis/ratis-examples/target/test/data/da5193cb/MiniRaftClusterWithGrpca0a5e6cd/s12/ff6bed03-e2b7-47e0-bb0c-40388be3f4d5 does not exist. Creating ...
2024-12-14 12:24:37,172 TRACE util.FileUtils (LogUtils.java:runAndLog(49)) - Successfully ran Files.createDirectories /home/runner/work/ratis/ratis/ratis-examples/target/test/data/da5193cb/MiniRaftClusterWithGrpca0a5e6cd/s12/ff6bed03-e2b7-47e0-bb0c-40388be3f4d5
2024-12-14 12:24:37,173 INFO  storage.RaftStorageDirectory (RaftStorageDirectoryImpl.java:tryLock(229)) - Lock on /home/runner/work/ratis/ratis/ratis-examples/target/test/data/da5193cb/MiniRaftClusterWithGrpca0a5e6cd/s12/ff6bed03-e2b7-47e0-bb0c-40388be3f4d5/in_use.lock acquired by nodename 14700@fv-az733-880
2024-12-14 12:24:37,173 TRACE util.FileUtils (LogUtils.java:runAndLog(49)) - Successfully ran Files.createDirectories /home/runner/work/ratis/ratis/ratis-examples/target/test/data/da5193cb/MiniRaftClusterWithGrpca0a5e6cd/s12/ff6bed03-e2b7-47e0-bb0c-40388be3f4d5/current
2024-12-14 12:24:37,173 TRACE util.FileUtils (LogUtils.java:runAndLog(49)) - Successfully ran Files.createDirectories /home/runner/work/ratis/ratis/ratis-examples/target/test/data/da5193cb/MiniRaftClusterWithGrpca0a5e6cd/s12/ff6bed03-e2b7-47e0-bb0c-40388be3f4d5/sm
2024-12-14 12:24:37,173 TRACE util.FileUtils (LogUtils.java:supplyAndLog(69)) - Successfully supplied FileChannel.open /home/runner/work/ratis/ratis/ratis-examples/target/test/data/da5193cb/MiniRaftClusterWithGrpca0a5e6cd/s12/ff6bed03-e2b7-47e0-bb0c-40388be3f4d5/current/raft-meta.tmp with options [CREATE, WRITE]: sun.nio.ch.FileChannelImpl@71d01676
2024-12-14 12:24:37,174 TRACE util.FileUtils (LogUtils.java:runAndLog(49)) - Successfully ran Atomic Files.move /home/runner/work/ratis/ratis/ratis-examples/target/test/data/da5193cb/MiniRaftClusterWithGrpca0a5e6cd/s12/ff6bed03-e2b7-47e0-bb0c-40388be3f4d5/current/raft-meta.tmp to /home/runner/work/ratis/ratis/ratis-examples/target/test/data/da5193cb/MiniRaftClusterWithGrpca0a5e6cd/s12/ff6bed03-e2b7-47e0-bb0c-40388be3f4d5/current/raft-meta with options [REPLACE_EXISTING]
2024-12-14 12:24:37,174 INFO  storage.RaftStorage (RaftStorageImpl.java:format(98)) - Storage directory /home/runner/work/ratis/ratis/ratis-examples/target/test/data/da5193cb/MiniRaftClusterWithGrpca0a5e6cd/s12/ff6bed03-e2b7-47e0-bb0c-40388be3f4d5 has been successfully formatted.
2024-12-14 12:24:37,174 WARN  statemachine.StateMachine (ArithmeticStateMachine.java:loadSnapshot(115)) - The snapshot info is null.
2024-12-14 12:24:37,175 INFO  server.RaftServerConfigKeys (ConfUtils.java:logGet(46)) - raft.server.log.use.memory = false (default)
2024-12-14 12:24:37,175 INFO  server.RaftServerConfigKeys (ConfUtils.java:logGet(46)) - raft.server.log.purge.gap = 1024 (default)
2024-12-14 12:24:37,175 INFO  server.RaftServerConfigKeys (ConfUtils.java:logGet(46)) - raft.server.log.appender.buffer.byte-limit = 4MB (=4194304) (default)
2024-12-14 12:24:37,175 INFO  server.RaftServerConfigKeys (ConfUtils.java:logGet(46)) - raft.server.log.statemachine.data.read.timeout = 1000ms (default)
2024-12-14 12:24:37,175 INFO  server.RaftServerConfigKeys (ConfUtils.java:logGet(46)) - raft.server.log.purge.preservation.log.num = 0 (default)
2024-12-14 12:24:37,175 INFO  server.RaftServerConfigKeys (ConfUtils.java:logGet(46)) - raft.server.log.segment.size.max = 32MB (=33554432) (default)
2024-12-14 12:24:37,175 INFO  server.RaftServerConfigKeys (ConfUtils.java:logGet(46)) - raft.server.log.segment.cache.num.max = 6 (default)
2024-12-14 12:24:37,175 INFO  server.RaftServerConfigKeys (ConfUtils.java:logGet(46)) - raft.server.log.segment.cache.size.max = 200MB (=209715200) (default)
2024-12-14 12:24:37,175 INFO  server.RaftServerConfigKeys (ConfUtils.java:logGet(46)) - raft.server.log.appender.buffer.byte-limit = 4MB (=4194304) (default)
2024-12-14 12:24:37,177 INFO  util.AwaitToRun (AwaitToRun.java:start(81)) - Thread[s12@group-40388BE3F4D5-cacheEviction-AwaitToRun,5,main] started
2024-12-14 12:24:37,177 INFO  segmented.SegmentedRaftLogWorker (SegmentedRaftLogWorker.java:<init>(189)) - new s12@group-40388BE3F4D5-SegmentedRaftLogWorker for RaftStorageImpl:Storage Directory /home/runner/work/ratis/ratis/ratis-examples/target/test/data/da5193cb/MiniRaftClusterWithGrpca0a5e6cd/s12/ff6bed03-e2b7-47e0-bb0c-40388be3f4d5
2024-12-14 12:24:37,177 INFO  server.RaftServerConfigKeys (ConfUtils.java:logGet(46)) - raft.server.log.queue.byte-limit = 64MB (=67108864) (default)
2024-12-14 12:24:37,177 INFO  server.RaftServerConfigKeys (ConfUtils.java:logGet(46)) - raft.server.log.queue.element-limit = 4096 (default)
2024-12-14 12:24:37,177 INFO  server.RaftServerConfigKeys (ConfUtils.java:logGet(46)) - raft.server.log.segment.size.max = 32MB (=33554432) (default)
2024-12-14 12:24:37,177 INFO  server.RaftServerConfigKeys (ConfUtils.java:logGet(46)) - raft.server.log.preallocated.size = 4MB (=4194304) (default)
2024-12-14 12:24:37,177 INFO  server.RaftServerConfigKeys (ConfUtils.java:logGet(46)) - raft.server.log.force.sync.num = 128 (default)
2024-12-14 12:24:37,177 INFO  server.RaftServerConfigKeys (ConfUtils.java:logGet(46)) - raft.server.log.statemachine.data.sync = true (default)
2024-12-14 12:24:37,178 INFO  server.RaftServerConfigKeys (ConfUtils.java:logGet(46)) - raft.server.log.statemachine.data.sync.timeout = 10s (default)
2024-12-14 12:24:37,178 INFO  server.RaftServerConfigKeys (ConfUtils.java:logGet(46)) - raft.server.log.statemachine.data.sync.timeout.retry = -1 (default)
2024-12-14 12:24:37,178 INFO  server.RaftServerConfigKeys (ConfUtils.java:logGet(46)) - raft.server.log.write.buffer.size = 8MB (=8388608) (default)
2024-12-14 12:24:37,179 INFO  server.RaftServerConfigKeys (ConfUtils.java:logGet(46)) - raft.server.log.appender.buffer.byte-limit = 4MB (=4194304) (default)
2024-12-14 12:24:37,179 INFO  server.RaftServerConfigKeys (ConfUtils.java:logGet(46)) - raft.server.log.unsafe-flush.enabled = false (default)
2024-12-14 12:24:37,179 INFO  server.RaftServerConfigKeys (ConfUtils.java:logGet(46)) - raft.server.log.async-flush.enabled = false (default)
2024-12-14 12:24:37,179 INFO  server.RaftServerConfigKeys (ConfUtils.java:logGet(46)) - raft.server.log.statemachine.data.caching.enabled = false (default)
2024-12-14 12:24:37,179 INFO  segmented.SegmentedRaftLogWorker (SegmentedRaftLogWorker.java:lambda$new$0(140)) - s12@group-40388BE3F4D5-SegmentedRaftLogWorker: flushIndex: setUnconditionally 0 -> -1
2024-12-14 12:24:37,180 INFO  segmented.SegmentedRaftLogWorker (SegmentedRaftLogWorker.java:lambda$new$0(140)) - s12@group-40388BE3F4D5-SegmentedRaftLogWorker: safeCacheEvictIndex: setUnconditionally 0 -> -1
2024-12-14 12:24:37,180 INFO  server.RaftServer$Division (RaftServerImpl.java:start(398)) - s12@group-40388BE3F4D5: start with initializing state, conf=conf: {index: -1, cur=peers:[]|listeners:[], old=null}
2024-12-14 12:24:37,180 INFO  server.RaftServer$Division (RaftServerImpl.java:setRole(379)) - s12@group-40388BE3F4D5: changes role from      null to FOLLOWER at term 0 for start
2024-12-14 12:24:37,180 INFO  util.JmxRegister (JmxRegister.java:tryRegister(44)) - Successfully registered JMX Bean with object name Ratis:service=RaftServer,group=group-40388BE3F4D5,id=s12
2024-12-14 12:24:37,180 INFO  util.JmxRegister (JmxRegister.java:register(58)) - register mxBean class org.apache.ratis.server.impl.RaftServerJmxAdapter as Ratis:service=RaftServer,group=group-40388BE3F4D5,id=s12
2024-12-14 12:24:37,180 INFO  server.RaftServerConfigKeys (ConfUtils.java:logGet(46)) - raft.server.snapshot.trigger-when-stop.enabled = true (default)
2024-12-14 12:24:37,180 INFO  server.RaftServerConfigKeys (ConfUtils.java:logGet(46)) - raft.server.snapshot.trigger-when-remove.enabled = true (default)
2024-12-14 12:24:37,180 INFO  server.RaftServerConfigKeys (ConfUtils.java:logGet(46)) - raft.server.snapshot.auto.trigger.enabled = false (default)
2024-12-14 12:24:37,180 INFO  server.RaftServerConfigKeys (ConfUtils.java:logGet(46)) - raft.server.snapshot.retention.file.num = -1 (default)
2024-12-14 12:24:37,180 INFO  server.RaftServerConfigKeys (ConfUtils.java:logGet(46)) - raft.server.log.purge.upto.snapshot.index = false (default)
2024-12-14 12:24:37,180 INFO  server.RaftServer$Division (RaftServerImpl.java:start(406)) - s12@group-40388BE3F4D5: Successfully started.
2024-12-14 12:24:37,181 INFO  server.RaftServer (RaftServerProxy.java:startImpl(408)) - s12: start RPC server
2024-12-14 12:24:37,182 INFO  server.GrpcServicesImpl (GrpcServicesImpl.java:startImpl(353)) - s12: GrpcServicesImpl started, listening on 15012
2024-12-14 12:24:37,182 INFO  util.JvmPauseMonitor (JvmPauseMonitor.java:run(146)) - JvmPauseMonitor-s12: Started
2024-12-14 12:24:37,182 INFO  server.RaftServerConfigKeys (ConfUtils.java:logGet(46)) - raft.server.storage.free-space.min = 0MB (=0) (default)
2024-12-14 12:24:37,182 INFO  server.RaftServerConfigKeys (ConfUtils.java:logGet(46)) - raft.server.log.corruption.policy = EXCEPTION (default)
2024-12-14 12:24:37,182 INFO  server.RaftServerConfigKeys (ConfUtils.java:logGet(46)) - raft.server.storage.dir = [/home/runner/work/ratis/ratis/ratis-examples/target/test/data/da5193cb/MiniRaftClusterWithGrpca0a5e6cd/s14] (custom)
2024-12-14 12:24:37,183 INFO  storage.RaftStorageDirectory (RaftStorageDirectoryImpl.java:analyzeStorage(138)) - The storage directory /home/runner/work/ratis/ratis/ratis-examples/target/test/data/da5193cb/MiniRaftClusterWithGrpca0a5e6cd/s14/ff6bed03-e2b7-47e0-bb0c-40388be3f4d5 does not exist. Creating ...
2024-12-14 12:24:37,183 TRACE util.FileUtils (LogUtils.java:runAndLog(49)) - Successfully ran Files.createDirectories /home/runner/work/ratis/ratis/ratis-examples/target/test/data/da5193cb/MiniRaftClusterWithGrpca0a5e6cd/s14/ff6bed03-e2b7-47e0-bb0c-40388be3f4d5
2024-12-14 12:24:37,184 INFO  storage.RaftStorageDirectory (RaftStorageDirectoryImpl.java:tryLock(229)) - Lock on /home/runner/work/ratis/ratis/ratis-examples/target/test/data/da5193cb/MiniRaftClusterWithGrpca0a5e6cd/s14/ff6bed03-e2b7-47e0-bb0c-40388be3f4d5/in_use.lock acquired by nodename 14700@fv-az733-880
2024-12-14 12:24:37,184 TRACE util.FileUtils (LogUtils.java:runAndLog(49)) - Successfully ran Files.createDirectories /home/runner/work/ratis/ratis/ratis-examples/target/test/data/da5193cb/MiniRaftClusterWithGrpca0a5e6cd/s14/ff6bed03-e2b7-47e0-bb0c-40388be3f4d5/current
2024-12-14 12:24:37,184 TRACE util.FileUtils (LogUtils.java:runAndLog(49)) - Successfully ran Files.createDirectories /home/runner/work/ratis/ratis/ratis-examples/target/test/data/da5193cb/MiniRaftClusterWithGrpca0a5e6cd/s14/ff6bed03-e2b7-47e0-bb0c-40388be3f4d5/sm
2024-12-14 12:24:37,184 TRACE util.FileUtils (LogUtils.java:supplyAndLog(69)) - Successfully supplied FileChannel.open /home/runner/work/ratis/ratis/ratis-examples/target/test/data/da5193cb/MiniRaftClusterWithGrpca0a5e6cd/s14/ff6bed03-e2b7-47e0-bb0c-40388be3f4d5/current/raft-meta.tmp with options [CREATE, WRITE]: sun.nio.ch.FileChannelImpl@6ea79698
2024-12-14 12:24:37,185 TRACE util.FileUtils (LogUtils.java:runAndLog(49)) - Successfully ran Atomic Files.move /home/runner/work/ratis/ratis/ratis-examples/target/test/data/da5193cb/MiniRaftClusterWithGrpca0a5e6cd/s14/ff6bed03-e2b7-47e0-bb0c-40388be3f4d5/current/raft-meta.tmp to /home/runner/work/ratis/ratis/ratis-examples/target/test/data/da5193cb/MiniRaftClusterWithGrpca0a5e6cd/s14/ff6bed03-e2b7-47e0-bb0c-40388be3f4d5/current/raft-meta with options [REPLACE_EXISTING]
2024-12-14 12:24:37,185 INFO  storage.RaftStorage (RaftStorageImpl.java:format(98)) - Storage directory /home/runner/work/ratis/ratis/ratis-examples/target/test/data/da5193cb/MiniRaftClusterWithGrpca0a5e6cd/s14/ff6bed03-e2b7-47e0-bb0c-40388be3f4d5 has been successfully formatted.
2024-12-14 12:24:37,185 WARN  statemachine.StateMachine (ArithmeticStateMachine.java:loadSnapshot(115)) - The snapshot info is null.
2024-12-14 12:24:37,185 INFO  server.RaftServerConfigKeys (ConfUtils.java:logGet(46)) - raft.server.log.use.memory = false (default)
2024-12-14 12:24:37,185 INFO  server.RaftServerConfigKeys (ConfUtils.java:logGet(46)) - raft.server.log.purge.gap = 1024 (default)
2024-12-14 12:24:37,185 INFO  server.RaftServerConfigKeys (ConfUtils.java:logGet(46)) - raft.server.log.appender.buffer.byte-limit = 4MB (=4194304) (default)
2024-12-14 12:24:37,185 INFO  server.RaftServerConfigKeys (ConfUtils.java:logGet(46)) - raft.server.log.statemachine.data.read.timeout = 1000ms (default)
2024-12-14 12:24:37,185 INFO  server.RaftServerConfigKeys (ConfUtils.java:logGet(46)) - raft.server.log.purge.preservation.log.num = 0 (default)
2024-12-14 12:24:37,185 INFO  server.RaftServerConfigKeys (ConfUtils.java:logGet(46)) - raft.server.log.segment.size.max = 32MB (=33554432) (default)
2024-12-14 12:24:37,186 INFO  server.RaftServerConfigKeys (ConfUtils.java:logGet(46)) - raft.server.log.segment.cache.num.max = 6 (default)
2024-12-14 12:24:37,186 INFO  server.RaftServerConfigKeys (ConfUtils.java:logGet(46)) - raft.server.log.segment.cache.size.max = 200MB (=209715200) (default)
2024-12-14 12:24:37,186 INFO  server.RaftServerConfigKeys (ConfUtils.java:logGet(46)) - raft.server.log.appender.buffer.byte-limit = 4MB (=4194304) (default)
2024-12-14 12:24:37,186 INFO  util.AwaitToRun (AwaitToRun.java:start(81)) - Thread[s14@group-40388BE3F4D5-cacheEviction-AwaitToRun,5,main] started
2024-12-14 12:24:37,186 INFO  segmented.SegmentedRaftLogWorker (SegmentedRaftLogWorker.java:<init>(189)) - new s14@group-40388BE3F4D5-SegmentedRaftLogWorker for RaftStorageImpl:Storage Directory /home/runner/work/ratis/ratis/ratis-examples/target/test/data/da5193cb/MiniRaftClusterWithGrpca0a5e6cd/s14/ff6bed03-e2b7-47e0-bb0c-40388be3f4d5
2024-12-14 12:24:37,186 INFO  server.RaftServerConfigKeys (ConfUtils.java:logGet(46)) - raft.server.log.queue.byte-limit = 64MB (=67108864) (default)
2024-12-14 12:24:37,186 INFO  server.RaftServerConfigKeys (ConfUtils.java:logGet(46)) - raft.server.log.queue.element-limit = 4096 (default)
2024-12-14 12:24:37,186 INFO  server.RaftServerConfigKeys (ConfUtils.java:logGet(46)) - raft.server.log.segment.size.max = 32MB (=33554432) (default)
2024-12-14 12:24:37,186 INFO  server.RaftServerConfigKeys (ConfUtils.java:logGet(46)) - raft.server.log.preallocated.size = 4MB (=4194304) (default)
2024-12-14 12:24:37,186 INFO  server.RaftServerConfigKeys (ConfUtils.java:logGet(46)) - raft.server.log.force.sync.num = 128 (default)
2024-12-14 12:24:37,186 INFO  server.RaftServerConfigKeys (ConfUtils.java:logGet(46)) - raft.server.log.statemachine.data.sync = true (default)
2024-12-14 12:24:37,186 INFO  server.RaftServerConfigKeys (ConfUtils.java:logGet(46)) - raft.server.log.statemachine.data.sync.timeout = 10s (default)
2024-12-14 12:24:37,186 INFO  server.RaftServerConfigKeys (ConfUtils.java:logGet(46)) - raft.server.log.statemachine.data.sync.timeout.retry = -1 (default)
2024-12-14 12:24:37,186 INFO  server.RaftServerConfigKeys (ConfUtils.java:logGet(46)) - raft.server.log.write.buffer.size = 8MB (=8388608) (default)
2024-12-14 12:24:37,188 INFO  server.RaftServerConfigKeys (ConfUtils.java:logGet(46)) - raft.server.log.appender.buffer.byte-limit = 4MB (=4194304) (default)
2024-12-14 12:24:37,188 INFO  server.RaftServerConfigKeys (ConfUtils.java:logGet(46)) - raft.server.log.unsafe-flush.enabled = false (default)
2024-12-14 12:24:37,188 INFO  server.RaftServerConfigKeys (ConfUtils.java:logGet(46)) - raft.server.log.async-flush.enabled = false (default)
2024-12-14 12:24:37,188 INFO  server.RaftServerConfigKeys (ConfUtils.java:logGet(46)) - raft.server.log.statemachine.data.caching.enabled = false (default)
2024-12-14 12:24:37,188 INFO  segmented.SegmentedRaftLogWorker (SegmentedRaftLogWorker.java:lambda$new$0(140)) - s14@group-40388BE3F4D5-SegmentedRaftLogWorker: flushIndex: setUnconditionally 0 -> -1
2024-12-14 12:24:37,188 INFO  segmented.SegmentedRaftLogWorker (SegmentedRaftLogWorker.java:lambda$new$0(140)) - s14@group-40388BE3F4D5-SegmentedRaftLogWorker: safeCacheEvictIndex: setUnconditionally 0 -> -1
2024-12-14 12:24:37,188 INFO  server.RaftServer$Division (RaftServerImpl.java:start(398)) - s14@group-40388BE3F4D5: start with initializing state, conf=conf: {index: -1, cur=peers:[]|listeners:[], old=null}
2024-12-14 12:24:37,188 INFO  server.RaftServer$Division (RaftServerImpl.java:setRole(379)) - s14@group-40388BE3F4D5: changes role from      null to FOLLOWER at term 0 for start
2024-12-14 12:24:37,188 INFO  util.JmxRegister (JmxRegister.java:tryRegister(44)) - Successfully registered JMX Bean with object name Ratis:service=RaftServer,group=group-40388BE3F4D5,id=s14
2024-12-14 12:24:37,188 INFO  util.JmxRegister (JmxRegister.java:register(58)) - register mxBean class org.apache.ratis.server.impl.RaftServerJmxAdapter as Ratis:service=RaftServer,group=group-40388BE3F4D5,id=s14
2024-12-14 12:24:37,188 INFO  server.RaftServerConfigKeys (ConfUtils.java:logGet(46)) - raft.server.snapshot.trigger-when-stop.enabled = true (default)
2024-12-14 12:24:37,189 INFO  server.RaftServerConfigKeys (ConfUtils.java:logGet(46)) - raft.server.snapshot.trigger-when-remove.enabled = true (default)
2024-12-14 12:24:37,189 INFO  server.RaftServerConfigKeys (ConfUtils.java:logGet(46)) - raft.server.snapshot.auto.trigger.enabled = false (default)
2024-12-14 12:24:37,189 INFO  server.RaftServerConfigKeys (ConfUtils.java:logGet(46)) - raft.server.snapshot.retention.file.num = -1 (default)
2024-12-14 12:24:37,189 INFO  server.RaftServerConfigKeys (ConfUtils.java:logGet(46)) - raft.server.log.purge.upto.snapshot.index = false (default)
2024-12-14 12:24:37,189 INFO  server.RaftServer$Division (RaftServerImpl.java:start(406)) - s14@group-40388BE3F4D5: Successfully started.
2024-12-14 12:24:37,189 INFO  server.RaftServer (RaftServerProxy.java:startImpl(408)) - s14: start RPC server
2024-12-14 12:24:37,191 INFO  server.GrpcServicesImpl (GrpcServicesImpl.java:startImpl(353)) - s14: GrpcServicesImpl started, listening on 15014
2024-12-14 12:24:37,191 INFO  util.JvmPauseMonitor (JvmPauseMonitor.java:run(146)) - JvmPauseMonitor-s14: Started
2024-12-14 12:24:37,191 INFO  server.RaftServerConfigKeys (ConfUtils.java:logGet(46)) - raft.server.storage.free-space.min = 0MB (=0) (default)
2024-12-14 12:24:37,192 INFO  server.RaftServerConfigKeys (ConfUtils.java:logGet(46)) - raft.server.log.corruption.policy = EXCEPTION (default)
2024-12-14 12:24:37,192 INFO  server.RaftServerConfigKeys (ConfUtils.java:logGet(46)) - raft.server.storage.dir = [/home/runner/work/ratis/ratis/ratis-examples/target/test/data/da5193cb/MiniRaftClusterWithGrpca0a5e6cd/s0] (custom)
2024-12-14 12:24:37,192 INFO  storage.RaftStorageDirectory (RaftStorageDirectoryImpl.java:analyzeStorage(138)) - The storage directory /home/runner/work/ratis/ratis/ratis-examples/target/test/data/da5193cb/MiniRaftClusterWithGrpca0a5e6cd/s0/ff6bed03-e2b7-47e0-bb0c-40388be3f4d5 does not exist. Creating ...
2024-12-14 12:24:37,192 TRACE util.FileUtils (LogUtils.java:runAndLog(49)) - Successfully ran Files.createDirectories /home/runner/work/ratis/ratis/ratis-examples/target/test/data/da5193cb/MiniRaftClusterWithGrpca0a5e6cd/s0/ff6bed03-e2b7-47e0-bb0c-40388be3f4d5
2024-12-14 12:24:37,193 INFO  storage.RaftStorageDirectory (RaftStorageDirectoryImpl.java:tryLock(229)) - Lock on /home/runner/work/ratis/ratis/ratis-examples/target/test/data/da5193cb/MiniRaftClusterWithGrpca0a5e6cd/s0/ff6bed03-e2b7-47e0-bb0c-40388be3f4d5/in_use.lock acquired by nodename 14700@fv-az733-880
2024-12-14 12:24:37,193 TRACE util.FileUtils (LogUtils.java:runAndLog(49)) - Successfully ran Files.createDirectories /home/runner/work/ratis/ratis/ratis-examples/target/test/data/da5193cb/MiniRaftClusterWithGrpca0a5e6cd/s0/ff6bed03-e2b7-47e0-bb0c-40388be3f4d5/current
2024-12-14 12:24:37,193 TRACE util.FileUtils (LogUtils.java:runAndLog(49)) - Successfully ran Files.createDirectories /home/runner/work/ratis/ratis/ratis-examples/target/test/data/da5193cb/MiniRaftClusterWithGrpca0a5e6cd/s0/ff6bed03-e2b7-47e0-bb0c-40388be3f4d5/sm
2024-12-14 12:24:37,194 TRACE util.FileUtils (LogUtils.java:supplyAndLog(69)) - Successfully supplied FileChannel.open /home/runner/work/ratis/ratis/ratis-examples/target/test/data/da5193cb/MiniRaftClusterWithGrpca0a5e6cd/s0/ff6bed03-e2b7-47e0-bb0c-40388be3f4d5/current/raft-meta.tmp with options [CREATE, WRITE]: sun.nio.ch.FileChannelImpl@370b370b
2024-12-14 12:24:37,194 TRACE util.FileUtils (LogUtils.java:runAndLog(49)) - Successfully ran Atomic Files.move /home/runner/work/ratis/ratis/ratis-examples/target/test/data/da5193cb/MiniRaftClusterWithGrpca0a5e6cd/s0/ff6bed03-e2b7-47e0-bb0c-40388be3f4d5/current/raft-meta.tmp to /home/runner/work/ratis/ratis/ratis-examples/target/test/data/da5193cb/MiniRaftClusterWithGrpca0a5e6cd/s0/ff6bed03-e2b7-47e0-bb0c-40388be3f4d5/current/raft-meta with options [REPLACE_EXISTING]
2024-12-14 12:24:37,194 INFO  storage.RaftStorage (RaftStorageImpl.java:format(98)) - Storage directory /home/runner/work/ratis/ratis/ratis-examples/target/test/data/da5193cb/MiniRaftClusterWithGrpca0a5e6cd/s0/ff6bed03-e2b7-47e0-bb0c-40388be3f4d5 has been successfully formatted.
2024-12-14 12:24:37,195 WARN  statemachine.StateMachine (ArithmeticStateMachine.java:loadSnapshot(115)) - The snapshot info is null.
2024-12-14 12:24:37,195 INFO  server.RaftServerConfigKeys (ConfUtils.java:logGet(46)) - raft.server.log.use.memory = false (default)
2024-12-14 12:24:37,195 INFO  server.RaftServerConfigKeys (ConfUtils.java:logGet(46)) - raft.server.log.purge.gap = 1024 (default)
2024-12-14 12:24:37,195 INFO  server.RaftServerConfigKeys (ConfUtils.java:logGet(46)) - raft.server.log.appender.buffer.byte-limit = 4MB (=4194304) (default)
2024-12-14 12:24:37,195 INFO  server.RaftServerConfigKeys (ConfUtils.java:logGet(46)) - raft.server.log.statemachine.data.read.timeout = 1000ms (default)
2024-12-14 12:24:37,195 INFO  server.RaftServerConfigKeys (ConfUtils.java:logGet(46)) - raft.server.log.purge.preservation.log.num = 0 (default)
2024-12-14 12:24:37,195 INFO  server.RaftServerConfigKeys (ConfUtils.java:logGet(46)) - raft.server.log.segment.size.max = 32MB (=33554432) (default)
2024-12-14 12:24:37,195 INFO  server.RaftServerConfigKeys (ConfUtils.java:logGet(46)) - raft.server.log.segment.cache.num.max = 6 (default)
2024-12-14 12:24:37,195 INFO  server.RaftServerConfigKeys (ConfUtils.java:logGet(46)) - raft.server.log.segment.cache.size.max = 200MB (=209715200) (default)
2024-12-14 12:24:37,195 INFO  server.RaftServerConfigKeys (ConfUtils.java:logGet(46)) - raft.server.log.appender.buffer.byte-limit = 4MB (=4194304) (default)
2024-12-14 12:24:37,195 INFO  util.AwaitToRun (AwaitToRun.java:start(81)) - Thread[s0@group-40388BE3F4D5-cacheEviction-AwaitToRun,5,main] started
2024-12-14 12:24:37,195 INFO  segmented.SegmentedRaftLogWorker (SegmentedRaftLogWorker.java:<init>(189)) - new s0@group-40388BE3F4D5-SegmentedRaftLogWorker for RaftStorageImpl:Storage Directory /home/runner/work/ratis/ratis/ratis-examples/target/test/data/da5193cb/MiniRaftClusterWithGrpca0a5e6cd/s0/ff6bed03-e2b7-47e0-bb0c-40388be3f4d5
2024-12-14 12:24:37,196 INFO  server.RaftServerConfigKeys (ConfUtils.java:logGet(46)) - raft.server.log.queue.byte-limit = 64MB (=67108864) (default)
2024-12-14 12:24:37,196 INFO  server.RaftServerConfigKeys (ConfUtils.java:logGet(46)) - raft.server.log.queue.element-limit = 4096 (default)
2024-12-14 12:24:37,196 INFO  server.RaftServerConfigKeys (ConfUtils.java:logGet(46)) - raft.server.log.segment.size.max = 32MB (=33554432) (default)
2024-12-14 12:24:37,196 INFO  server.RaftServerConfigKeys (ConfUtils.java:logGet(46)) - raft.server.log.preallocated.size = 4MB (=4194304) (default)
2024-12-14 12:24:37,196 INFO  server.RaftServerConfigKeys (ConfUtils.java:logGet(46)) - raft.server.log.force.sync.num = 128 (default)
2024-12-14 12:24:37,196 INFO  server.RaftServerConfigKeys (ConfUtils.java:logGet(46)) - raft.server.log.statemachine.data.sync = true (default)
2024-12-14 12:24:37,196 INFO  server.RaftServerConfigKeys (ConfUtils.java:logGet(46)) - raft.server.log.statemachine.data.sync.timeout = 10s (default)
2024-12-14 12:24:37,196 INFO  server.RaftServerConfigKeys (ConfUtils.java:logGet(46)) - raft.server.log.statemachine.data.sync.timeout.retry = -1 (default)
2024-12-14 12:24:37,196 INFO  server.RaftServerConfigKeys (ConfUtils.java:logGet(46)) - raft.server.log.write.buffer.size = 8MB (=8388608) (default)
2024-12-14 12:24:37,197 INFO  server.RaftServerConfigKeys (ConfUtils.java:logGet(46)) - raft.server.log.appender.buffer.byte-limit = 4MB (=4194304) (default)
2024-12-14 12:24:37,197 INFO  server.RaftServerConfigKeys (ConfUtils.java:logGet(46)) - raft.server.log.unsafe-flush.enabled = false (default)
2024-12-14 12:24:37,197 INFO  server.RaftServerConfigKeys (ConfUtils.java:logGet(46)) - raft.server.log.async-flush.enabled = false (default)
2024-12-14 12:24:37,197 INFO  server.RaftServerConfigKeys (ConfUtils.java:logGet(46)) - raft.server.log.statemachine.data.caching.enabled = false (default)
2024-12-14 12:24:37,197 INFO  segmented.SegmentedRaftLogWorker (SegmentedRaftLogWorker.java:lambda$new$0(140)) - s0@group-40388BE3F4D5-SegmentedRaftLogWorker: flushIndex: setUnconditionally 0 -> -1
2024-12-14 12:24:37,197 INFO  segmented.SegmentedRaftLogWorker (SegmentedRaftLogWorker.java:lambda$new$0(140)) - s0@group-40388BE3F4D5-SegmentedRaftLogWorker: safeCacheEvictIndex: setUnconditionally 0 -> -1
2024-12-14 12:24:37,197 INFO  server.RaftServer$Division (RaftServerImpl.java:start(398)) - s0@group-40388BE3F4D5: start with initializing state, conf=conf: {index: -1, cur=peers:[]|listeners:[], old=null}
2024-12-14 12:24:37,197 INFO  server.RaftServer$Division (RaftServerImpl.java:setRole(379)) - s0@group-40388BE3F4D5: changes role from      null to FOLLOWER at term 0 for start
2024-12-14 12:24:37,197 INFO  util.JmxRegister (JmxRegister.java:tryRegister(44)) - Successfully registered JMX Bean with object name Ratis:service=RaftServer,group=group-40388BE3F4D5,id=s0
2024-12-14 12:24:37,197 INFO  util.JmxRegister (JmxRegister.java:register(58)) - register mxBean class org.apache.ratis.server.impl.RaftServerJmxAdapter as Ratis:service=RaftServer,group=group-40388BE3F4D5,id=s0
2024-12-14 12:24:37,198 INFO  server.RaftServerConfigKeys (ConfUtils.java:logGet(46)) - raft.server.snapshot.trigger-when-stop.enabled = true (default)
2024-12-14 12:24:37,198 INFO  server.RaftServerConfigKeys (ConfUtils.java:logGet(46)) - raft.server.snapshot.trigger-when-remove.enabled = true (default)
2024-12-14 12:24:37,198 INFO  server.RaftServerConfigKeys (ConfUtils.java:logGet(46)) - raft.server.snapshot.auto.trigger.enabled = false (default)
2024-12-14 12:24:37,198 INFO  server.RaftServerConfigKeys (ConfUtils.java:logGet(46)) - raft.server.snapshot.retention.file.num = -1 (default)
2024-12-14 12:24:37,198 INFO  server.RaftServerConfigKeys (ConfUtils.java:logGet(46)) - raft.server.log.purge.upto.snapshot.index = false (default)
2024-12-14 12:24:37,198 INFO  server.RaftServer$Division (RaftServerImpl.java:start(406)) - s0@group-40388BE3F4D5: Successfully started.
2024-12-14 12:24:37,200 INFO  server.RaftServer (RaftServerProxy.java:startImpl(408)) - s0: start RPC server
2024-12-14 12:24:37,202 INFO  server.GrpcServicesImpl (GrpcServicesImpl.java:startImpl(353)) - s0: GrpcServicesImpl started, listening on 15000
2024-12-14 12:24:37,202 INFO  util.JvmPauseMonitor (JvmPauseMonitor.java:run(146)) - JvmPauseMonitor-s0: Started
2024-12-14 12:24:37,202 INFO  server.RaftServerConfigKeys (ConfUtils.java:logGet(46)) - raft.server.storage.free-space.min = 0MB (=0) (default)
2024-12-14 12:24:37,202 INFO  server.RaftServerConfigKeys (ConfUtils.java:logGet(46)) - raft.server.log.corruption.policy = EXCEPTION (default)
2024-12-14 12:24:37,202 INFO  server.RaftServerConfigKeys (ConfUtils.java:logGet(46)) - raft.server.storage.dir = [/home/runner/work/ratis/ratis/ratis-examples/target/test/data/da5193cb/MiniRaftClusterWithGrpca0a5e6cd/s1] (custom)
2024-12-14 12:24:37,203 INFO  storage.RaftStorageDirectory (RaftStorageDirectoryImpl.java:analyzeStorage(138)) - The storage directory /home/runner/work/ratis/ratis/ratis-examples/target/test/data/da5193cb/MiniRaftClusterWithGrpca0a5e6cd/s1/ff6bed03-e2b7-47e0-bb0c-40388be3f4d5 does not exist. Creating ...
2024-12-14 12:24:37,203 TRACE util.FileUtils (LogUtils.java:runAndLog(49)) - Successfully ran Files.createDirectories /home/runner/work/ratis/ratis/ratis-examples/target/test/data/da5193cb/MiniRaftClusterWithGrpca0a5e6cd/s1/ff6bed03-e2b7-47e0-bb0c-40388be3f4d5
2024-12-14 12:24:37,204 INFO  storage.RaftStorageDirectory (RaftStorageDirectoryImpl.java:tryLock(229)) - Lock on /home/runner/work/ratis/ratis/ratis-examples/target/test/data/da5193cb/MiniRaftClusterWithGrpca0a5e6cd/s1/ff6bed03-e2b7-47e0-bb0c-40388be3f4d5/in_use.lock acquired by nodename 14700@fv-az733-880
2024-12-14 12:24:37,204 TRACE util.FileUtils (LogUtils.java:runAndLog(49)) - Successfully ran Files.createDirectories /home/runner/work/ratis/ratis/ratis-examples/target/test/data/da5193cb/MiniRaftClusterWithGrpca0a5e6cd/s1/ff6bed03-e2b7-47e0-bb0c-40388be3f4d5/current
2024-12-14 12:24:37,204 TRACE util.FileUtils (LogUtils.java:runAndLog(49)) - Successfully ran Files.createDirectories /home/runner/work/ratis/ratis/ratis-examples/target/test/data/da5193cb/MiniRaftClusterWithGrpca0a5e6cd/s1/ff6bed03-e2b7-47e0-bb0c-40388be3f4d5/sm
2024-12-14 12:24:37,204 TRACE util.FileUtils (LogUtils.java:supplyAndLog(69)) - Successfully supplied FileChannel.open /home/runner/work/ratis/ratis/ratis-examples/target/test/data/da5193cb/MiniRaftClusterWithGrpca0a5e6cd/s1/ff6bed03-e2b7-47e0-bb0c-40388be3f4d5/current/raft-meta.tmp with options [CREATE, WRITE]: sun.nio.ch.FileChannelImpl@1652f13
2024-12-14 12:24:37,205 TRACE util.FileUtils (LogUtils.java:runAndLog(49)) - Successfully ran Atomic Files.move /home/runner/work/ratis/ratis/ratis-examples/target/test/data/da5193cb/MiniRaftClusterWithGrpca0a5e6cd/s1/ff6bed03-e2b7-47e0-bb0c-40388be3f4d5/current/raft-meta.tmp to /home/runner/work/ratis/ratis/ratis-examples/target/test/data/da5193cb/MiniRaftClusterWithGrpca0a5e6cd/s1/ff6bed03-e2b7-47e0-bb0c-40388be3f4d5/current/raft-meta with options [REPLACE_EXISTING]
2024-12-14 12:24:37,205 INFO  storage.RaftStorage (RaftStorageImpl.java:format(98)) - Storage directory /home/runner/work/ratis/ratis/ratis-examples/target/test/data/da5193cb/MiniRaftClusterWithGrpca0a5e6cd/s1/ff6bed03-e2b7-47e0-bb0c-40388be3f4d5 has been successfully formatted.
2024-12-14 12:24:37,205 WARN  statemachine.StateMachine (ArithmeticStateMachine.java:loadSnapshot(115)) - The snapshot info is null.
2024-12-14 12:24:37,205 INFO  server.RaftServerConfigKeys (ConfUtils.java:logGet(46)) - raft.server.log.use.memory = false (default)
2024-12-14 12:24:37,205 INFO  server.RaftServerConfigKeys (ConfUtils.java:logGet(46)) - raft.server.log.purge.gap = 1024 (default)
2024-12-14 12:24:37,205 INFO  server.RaftServerConfigKeys (ConfUtils.java:logGet(46)) - raft.server.log.appender.buffer.byte-limit = 4MB (=4194304) (default)
2024-12-14 12:24:37,205 INFO  server.RaftServerConfigKeys (ConfUtils.java:logGet(46)) - raft.server.log.statemachine.data.read.timeout = 1000ms (default)
2024-12-14 12:24:37,205 INFO  server.RaftServerConfigKeys (ConfUtils.java:logGet(46)) - raft.server.log.purge.preservation.log.num = 0 (default)
2024-12-14 12:24:37,206 INFO  server.RaftServerConfigKeys (ConfUtils.java:logGet(46)) - raft.server.log.segment.size.max = 32MB (=33554432) (default)
2024-12-14 12:24:37,206 INFO  server.RaftServerConfigKeys (ConfUtils.java:logGet(46)) - raft.server.log.segment.cache.num.max = 6 (default)
2024-12-14 12:24:37,206 INFO  server.RaftServerConfigKeys (ConfUtils.java:logGet(46)) - raft.server.log.segment.cache.size.max = 200MB (=209715200) (default)
2024-12-14 12:24:37,206 INFO  server.RaftServerConfigKeys (ConfUtils.java:logGet(46)) - raft.server.log.appender.buffer.byte-limit = 4MB (=4194304) (default)
2024-12-14 12:24:37,206 INFO  util.AwaitToRun (AwaitToRun.java:start(81)) - Thread[s1@group-40388BE3F4D5-cacheEviction-AwaitToRun,5,main] started
2024-12-14 12:24:37,206 INFO  segmented.SegmentedRaftLogWorker (SegmentedRaftLogWorker.java:<init>(189)) - new s1@group-40388BE3F4D5-SegmentedRaftLogWorker for RaftStorageImpl:Storage Directory /home/runner/work/ratis/ratis/ratis-examples/target/test/data/da5193cb/MiniRaftClusterWithGrpca0a5e6cd/s1/ff6bed03-e2b7-47e0-bb0c-40388be3f4d5
2024-12-14 12:24:37,206 INFO  server.RaftServerConfigKeys (ConfUtils.java:logGet(46)) - raft.server.log.queue.byte-limit = 64MB (=67108864) (default)
2024-12-14 12:24:37,206 INFO  server.RaftServerConfigKeys (ConfUtils.java:logGet(46)) - raft.server.log.queue.element-limit = 4096 (default)
2024-12-14 12:24:37,206 INFO  server.RaftServerConfigKeys (ConfUtils.java:logGet(46)) - raft.server.log.segment.size.max = 32MB (=33554432) (default)
2024-12-14 12:24:37,206 INFO  server.RaftServerConfigKeys (ConfUtils.java:logGet(46)) - raft.server.log.preallocated.size = 4MB (=4194304) (default)
2024-12-14 12:24:37,206 INFO  server.RaftServerConfigKeys (ConfUtils.java:logGet(46)) - raft.server.log.force.sync.num = 128 (default)
2024-12-14 12:24:37,206 INFO  server.RaftServerConfigKeys (ConfUtils.java:logGet(46)) - raft.server.log.statemachine.data.sync = true (default)
2024-12-14 12:24:37,206 INFO  server.RaftServerConfigKeys (ConfUtils.java:logGet(46)) - raft.server.log.statemachine.data.sync.timeout = 10s (default)
2024-12-14 12:24:37,206 INFO  server.RaftServerConfigKeys (ConfUtils.java:logGet(46)) - raft.server.log.statemachine.data.sync.timeout.retry = -1 (default)
2024-12-14 12:24:37,206 INFO  server.RaftServerConfigKeys (ConfUtils.java:logGet(46)) - raft.server.log.write.buffer.size = 8MB (=8388608) (default)
2024-12-14 12:24:37,208 INFO  server.RaftServerConfigKeys (ConfUtils.java:logGet(46)) - raft.server.log.appender.buffer.byte-limit = 4MB (=4194304) (default)
2024-12-14 12:24:37,208 INFO  server.RaftServerConfigKeys (ConfUtils.java:logGet(46)) - raft.server.log.unsafe-flush.enabled = false (default)
2024-12-14 12:24:37,208 INFO  server.RaftServerConfigKeys (ConfUtils.java:logGet(46)) - raft.server.log.async-flush.enabled = false (default)
2024-12-14 12:24:37,208 INFO  server.RaftServerConfigKeys (ConfUtils.java:logGet(46)) - raft.server.log.statemachine.data.caching.enabled = false (default)
2024-12-14 12:24:37,208 INFO  segmented.SegmentedRaftLogWorker (SegmentedRaftLogWorker.java:lambda$new$0(140)) - s1@group-40388BE3F4D5-SegmentedRaftLogWorker: flushIndex: setUnconditionally 0 -> -1
2024-12-14 12:24:37,208 INFO  segmented.SegmentedRaftLogWorker (SegmentedRaftLogWorker.java:lambda$new$0(140)) - s1@group-40388BE3F4D5-SegmentedRaftLogWorker: safeCacheEvictIndex: setUnconditionally 0 -> -1
2024-12-14 12:24:37,208 INFO  server.RaftServer$Division (RaftServerImpl.java:start(398)) - s1@group-40388BE3F4D5: start with initializing state, conf=conf: {index: -1, cur=peers:[]|listeners:[], old=null}
2024-12-14 12:24:37,208 INFO  server.RaftServer$Division (RaftServerImpl.java:setRole(379)) - s1@group-40388BE3F4D5: changes role from      null to FOLLOWER at term 0 for start
2024-12-14 12:24:37,208 INFO  util.JmxRegister (JmxRegister.java:tryRegister(44)) - Successfully registered JMX Bean with object name Ratis:service=RaftServer,group=group-40388BE3F4D5,id=s1
2024-12-14 12:24:37,209 INFO  util.JmxRegister (JmxRegister.java:register(58)) - register mxBean class org.apache.ratis.server.impl.RaftServerJmxAdapter as Ratis:service=RaftServer,group=group-40388BE3F4D5,id=s1
2024-12-14 12:24:37,209 INFO  server.RaftServerConfigKeys (ConfUtils.java:logGet(46)) - raft.server.snapshot.trigger-when-stop.enabled = true (default)
2024-12-14 12:24:37,209 INFO  server.RaftServerConfigKeys (ConfUtils.java:logGet(46)) - raft.server.snapshot.trigger-when-remove.enabled = true (default)
2024-12-14 12:24:37,209 INFO  server.RaftServerConfigKeys (ConfUtils.java:logGet(46)) - raft.server.snapshot.auto.trigger.enabled = false (default)
2024-12-14 12:24:37,209 INFO  server.RaftServerConfigKeys (ConfUtils.java:logGet(46)) - raft.server.snapshot.retention.file.num = -1 (default)
2024-12-14 12:24:37,209 INFO  server.RaftServerConfigKeys (ConfUtils.java:logGet(46)) - raft.server.log.purge.upto.snapshot.index = false (default)
2024-12-14 12:24:37,209 INFO  server.RaftServer$Division (RaftServerImpl.java:start(406)) - s1@group-40388BE3F4D5: Successfully started.
2024-12-14 12:24:37,209 INFO  server.RaftServer (RaftServerProxy.java:startImpl(408)) - s1: start RPC server
2024-12-14 12:24:37,210 INFO  server.GrpcServicesImpl (GrpcServicesImpl.java:startImpl(353)) - s1: GrpcServicesImpl started, listening on 15001
2024-12-14 12:24:37,210 INFO  util.JvmPauseMonitor (JvmPauseMonitor.java:run(146)) - JvmPauseMonitor-s1: Started
2024-12-14 12:24:37,210 INFO  server.RaftServerConfigKeys (ConfUtils.java:logGet(46)) - raft.server.storage.free-space.min = 0MB (=0) (default)
2024-12-14 12:24:37,210 INFO  server.RaftServerConfigKeys (ConfUtils.java:logGet(46)) - raft.server.log.corruption.policy = EXCEPTION (default)
2024-12-14 12:24:37,211 INFO  server.RaftServerConfigKeys (ConfUtils.java:logGet(46)) - raft.server.storage.dir = [/home/runner/work/ratis/ratis/ratis-examples/target/test/data/da5193cb/MiniRaftClusterWithGrpca0a5e6cd/s2] (custom)
2024-12-14 12:24:37,211 INFO  storage.RaftStorageDirectory (RaftStorageDirectoryImpl.java:analyzeStorage(138)) - The storage directory /home/runner/work/ratis/ratis/ratis-examples/target/test/data/da5193cb/MiniRaftClusterWithGrpca0a5e6cd/s2/ff6bed03-e2b7-47e0-bb0c-40388be3f4d5 does not exist. Creating ...
2024-12-14 12:24:37,211 TRACE util.FileUtils (LogUtils.java:runAndLog(49)) - Successfully ran Files.createDirectories /home/runner/work/ratis/ratis/ratis-examples/target/test/data/da5193cb/MiniRaftClusterWithGrpca0a5e6cd/s2/ff6bed03-e2b7-47e0-bb0c-40388be3f4d5
2024-12-14 12:24:37,212 INFO  storage.RaftStorageDirectory (RaftStorageDirectoryImpl.java:tryLock(229)) - Lock on /home/runner/work/ratis/ratis/ratis-examples/target/test/data/da5193cb/MiniRaftClusterWithGrpca0a5e6cd/s2/ff6bed03-e2b7-47e0-bb0c-40388be3f4d5/in_use.lock acquired by nodename 14700@fv-az733-880
2024-12-14 12:24:37,212 TRACE util.FileUtils (LogUtils.java:runAndLog(49)) - Successfully ran Files.createDirectories /home/runner/work/ratis/ratis/ratis-examples/target/test/data/da5193cb/MiniRaftClusterWithGrpca0a5e6cd/s2/ff6bed03-e2b7-47e0-bb0c-40388be3f4d5/current
2024-12-14 12:24:37,212 TRACE util.FileUtils (LogUtils.java:runAndLog(49)) - Successfully ran Files.createDirectories /home/runner/work/ratis/ratis/ratis-examples/target/test/data/da5193cb/MiniRaftClusterWithGrpca0a5e6cd/s2/ff6bed03-e2b7-47e0-bb0c-40388be3f4d5/sm
2024-12-14 12:24:37,212 TRACE util.FileUtils (LogUtils.java:supplyAndLog(69)) - Successfully supplied FileChannel.open /home/runner/work/ratis/ratis/ratis-examples/target/test/data/da5193cb/MiniRaftClusterWithGrpca0a5e6cd/s2/ff6bed03-e2b7-47e0-bb0c-40388be3f4d5/current/raft-meta.tmp with options [CREATE, WRITE]: sun.nio.ch.FileChannelImpl@66c8229e
2024-12-14 12:24:37,213 TRACE util.FileUtils (LogUtils.java:runAndLog(49)) - Successfully ran Atomic Files.move /home/runner/work/ratis/ratis/ratis-examples/target/test/data/da5193cb/MiniRaftClusterWithGrpca0a5e6cd/s2/ff6bed03-e2b7-47e0-bb0c-40388be3f4d5/current/raft-meta.tmp to /home/runner/work/ratis/ratis/ratis-examples/target/test/data/da5193cb/MiniRaftClusterWithGrpca0a5e6cd/s2/ff6bed03-e2b7-47e0-bb0c-40388be3f4d5/current/raft-meta with options [REPLACE_EXISTING]
2024-12-14 12:24:37,213 INFO  storage.RaftStorage (RaftStorageImpl.java:format(98)) - Storage directory /home/runner/work/ratis/ratis/ratis-examples/target/test/data/da5193cb/MiniRaftClusterWithGrpca0a5e6cd/s2/ff6bed03-e2b7-47e0-bb0c-40388be3f4d5 has been successfully formatted.
2024-12-14 12:24:37,213 WARN  statemachine.StateMachine (ArithmeticStateMachine.java:loadSnapshot(115)) - The snapshot info is null.
2024-12-14 12:24:37,213 INFO  server.RaftServerConfigKeys (ConfUtils.java:logGet(46)) - raft.server.log.use.memory = false (default)
2024-12-14 12:24:37,213 INFO  server.RaftServerConfigKeys (ConfUtils.java:logGet(46)) - raft.server.log.purge.gap = 1024 (default)
2024-12-14 12:24:37,213 INFO  server.RaftServerConfigKeys (ConfUtils.java:logGet(46)) - raft.server.log.appender.buffer.byte-limit = 4MB (=4194304) (default)
2024-12-14 12:24:37,213 INFO  server.RaftServerConfigKeys (ConfUtils.java:logGet(46)) - raft.server.log.statemachine.data.read.timeout = 1000ms (default)
2024-12-14 12:24:37,213 INFO  server.RaftServerConfigKeys (ConfUtils.java:logGet(46)) - raft.server.log.purge.preservation.log.num = 0 (default)
2024-12-14 12:24:37,214 INFO  server.RaftServerConfigKeys (ConfUtils.java:logGet(46)) - raft.server.log.segment.size.max = 32MB (=33554432) (default)
2024-12-14 12:24:37,214 INFO  server.RaftServerConfigKeys (ConfUtils.java:logGet(46)) - raft.server.log.segment.cache.num.max = 6 (default)
2024-12-14 12:24:37,214 INFO  server.RaftServerConfigKeys (ConfUtils.java:logGet(46)) - raft.server.log.segment.cache.size.max = 200MB (=209715200) (default)
2024-12-14 12:24:37,214 INFO  server.RaftServerConfigKeys (ConfUtils.java:logGet(46)) - raft.server.log.appender.buffer.byte-limit = 4MB (=4194304) (default)
2024-12-14 12:24:37,214 INFO  util.AwaitToRun (AwaitToRun.java:start(81)) - Thread[s2@group-40388BE3F4D5-cacheEviction-AwaitToRun,5,main] started
2024-12-14 12:24:37,214 INFO  segmented.SegmentedRaftLogWorker (SegmentedRaftLogWorker.java:<init>(189)) - new s2@group-40388BE3F4D5-SegmentedRaftLogWorker for RaftStorageImpl:Storage Directory /home/runner/work/ratis/ratis/ratis-examples/target/test/data/da5193cb/MiniRaftClusterWithGrpca0a5e6cd/s2/ff6bed03-e2b7-47e0-bb0c-40388be3f4d5
2024-12-14 12:24:37,214 INFO  server.RaftServerConfigKeys (ConfUtils.java:logGet(46)) - raft.server.log.queue.byte-limit = 64MB (=67108864) (default)
2024-12-14 12:24:37,214 INFO  server.RaftServerConfigKeys (ConfUtils.java:logGet(46)) - raft.server.log.queue.element-limit = 4096 (default)
2024-12-14 12:24:37,214 INFO  server.RaftServerConfigKeys (ConfUtils.java:logGet(46)) - raft.server.log.segment.size.max = 32MB (=33554432) (default)
2024-12-14 12:24:37,214 INFO  server.RaftServerConfigKeys (ConfUtils.java:logGet(46)) - raft.server.log.preallocated.size = 4MB (=4194304) (default)
2024-12-14 12:24:37,214 INFO  server.RaftServerConfigKeys (ConfUtils.java:logGet(46)) - raft.server.log.force.sync.num = 128 (default)
2024-12-14 12:24:37,214 INFO  server.RaftServerConfigKeys (ConfUtils.java:logGet(46)) - raft.server.log.statemachine.data.sync = true (default)
2024-12-14 12:24:37,214 INFO  server.RaftServerConfigKeys (ConfUtils.java:logGet(46)) - raft.server.log.statemachine.data.sync.timeout = 10s (default)
2024-12-14 12:24:37,214 INFO  server.RaftServerConfigKeys (ConfUtils.java:logGet(46)) - raft.server.log.statemachine.data.sync.timeout.retry = -1 (default)
2024-12-14 12:24:37,215 INFO  server.RaftServerConfigKeys (ConfUtils.java:logGet(46)) - raft.server.log.write.buffer.size = 8MB (=8388608) (default)
2024-12-14 12:24:37,216 INFO  server.RaftServerConfigKeys (ConfUtils.java:logGet(46)) - raft.server.log.appender.buffer.byte-limit = 4MB (=4194304) (default)
2024-12-14 12:24:37,217 INFO  server.RaftServerConfigKeys (ConfUtils.java:logGet(46)) - raft.server.log.unsafe-flush.enabled = false (default)
2024-12-14 12:24:37,217 INFO  server.RaftServerConfigKeys (ConfUtils.java:logGet(46)) - raft.server.log.async-flush.enabled = false (default)
2024-12-14 12:24:37,217 INFO  server.RaftServerConfigKeys (ConfUtils.java:logGet(46)) - raft.server.log.statemachine.data.caching.enabled = false (default)
2024-12-14 12:24:37,217 INFO  segmented.SegmentedRaftLogWorker (SegmentedRaftLogWorker.java:lambda$new$0(140)) - s2@group-40388BE3F4D5-SegmentedRaftLogWorker: flushIndex: setUnconditionally 0 -> -1
2024-12-14 12:24:37,217 INFO  segmented.SegmentedRaftLogWorker (SegmentedRaftLogWorker.java:lambda$new$0(140)) - s2@group-40388BE3F4D5-SegmentedRaftLogWorker: safeCacheEvictIndex: setUnconditionally 0 -> -1
2024-12-14 12:24:37,217 INFO  server.RaftServer$Division (RaftServerImpl.java:start(398)) - s2@group-40388BE3F4D5: start with initializing state, conf=conf: {index: -1, cur=peers:[]|listeners:[], old=null}
2024-12-14 12:24:37,217 INFO  server.RaftServer$Division (RaftServerImpl.java:setRole(379)) - s2@group-40388BE3F4D5: changes role from      null to FOLLOWER at term 0 for start
2024-12-14 12:24:37,217 INFO  util.JmxRegister (JmxRegister.java:tryRegister(44)) - Successfully registered JMX Bean with object name Ratis:service=RaftServer,group=group-40388BE3F4D5,id=s2
2024-12-14 12:24:37,217 INFO  util.JmxRegister (JmxRegister.java:register(58)) - register mxBean class org.apache.ratis.server.impl.RaftServerJmxAdapter as Ratis:service=RaftServer,group=group-40388BE3F4D5,id=s2
2024-12-14 12:24:37,217 INFO  server.RaftServerConfigKeys (ConfUtils.java:logGet(46)) - raft.server.snapshot.trigger-when-stop.enabled = true (default)
2024-12-14 12:24:37,217 INFO  server.RaftServerConfigKeys (ConfUtils.java:logGet(46)) - raft.server.snapshot.trigger-when-remove.enabled = true (default)
2024-12-14 12:24:37,217 INFO  server.RaftServerConfigKeys (ConfUtils.java:logGet(46)) - raft.server.snapshot.auto.trigger.enabled = false (default)
2024-12-14 12:24:37,217 INFO  server.RaftServerConfigKeys (ConfUtils.java:logGet(46)) - raft.server.snapshot.retention.file.num = -1 (default)
2024-12-14 12:24:37,217 INFO  server.RaftServerConfigKeys (ConfUtils.java:logGet(46)) - raft.server.log.purge.upto.snapshot.index = false (default)
2024-12-14 12:24:37,218 INFO  server.RaftServer$Division (RaftServerImpl.java:start(406)) - s2@group-40388BE3F4D5: Successfully started.
2024-12-14 12:24:37,218 INFO  server.RaftServer (RaftServerProxy.java:startImpl(408)) - s2: start RPC server
2024-12-14 12:24:37,220 INFO  server.GrpcServicesImpl (GrpcServicesImpl.java:startImpl(353)) - s2: GrpcServicesImpl started, listening on 15002
2024-12-14 12:24:37,221 INFO  util.JvmPauseMonitor (JvmPauseMonitor.java:run(146)) - JvmPauseMonitor-s2: Started
2024-12-14 12:24:38,221 INFO  impl.GroupManagementBaseTest (GroupManagementBaseTest.java:runMultiGroupTest(267)) - start: printing ALL groups
  s3:  RUNNING  FOLLOWER s3@group-40388BE3F4D5:t0, leader=null, voted=, raftlog=Memoized:s3@group-40388BE3F4D5-SegmentedRaftLog:OPENED:c-1:lastnull, conf=conf: {index: -1, cur=peers:[]|listeners:[], old=null} STARTING
  s4:  RUNNING  FOLLOWER s4@group-40388BE3F4D5:t0, leader=null, voted=, raftlog=Memoized:s4@group-40388BE3F4D5-SegmentedRaftLog:OPENED:c-1:lastnull, conf=conf: {index: -1, cur=peers:[]|listeners:[], old=null} STARTING
  s5:  RUNNING  FOLLOWER s5@group-40388BE3F4D5:t0, leader=null, voted=, raftlog=Memoized:s5@group-40388BE3F4D5-SegmentedRaftLog:OPENED:c-1:lastnull, conf=conf: {index: -1, cur=peers:[]|listeners:[], old=null} STARTING
  s6:  RUNNING  FOLLOWER s6@group-40388BE3F4D5:t0, leader=null, voted=, raftlog=Memoized:s6@group-40388BE3F4D5-SegmentedRaftLog:OPENED:c-1:lastnull, conf=conf: {index: -1, cur=peers:[]|listeners:[], old=null} STARTING
  s7:  RUNNING  FOLLOWER s7@group-40388BE3F4D5:t0, leader=null, voted=, raftlog=Memoized:s7@group-40388BE3F4D5-SegmentedRaftLog:OPENED:c-1:lastnull, conf=conf: {index: -1, cur=peers:[]|listeners:[], old=null} STARTING
  s8:  RUNNING  FOLLOWER s8@group-40388BE3F4D5:t0, leader=null, voted=, raftlog=Memoized:s8@group-40388BE3F4D5-SegmentedRaftLog:OPENED:c-1:lastnull, conf=conf: {index: -1, cur=peers:[]|listeners:[], old=null} STARTING
  s9:  RUNNING  FOLLOWER s9@group-40388BE3F4D5:t0, leader=null, voted=, raftlog=Memoized:s9@group-40388BE3F4D5-SegmentedRaftLog:OPENED:c-1:lastnull, conf=conf: {index: -1, cur=peers:[]|listeners:[], old=null} STARTING
  s11:  RUNNING  FOLLOWER s11@group-40388BE3F4D5:t0, leader=null, voted=, raftlog=Memoized:s11@group-40388BE3F4D5-SegmentedRaftLog:OPENED:c-1:lastnull, conf=conf: {index: -1, cur=peers:[]|listeners:[], old=null} STARTING
  s10:  RUNNING  FOLLOWER s10@group-40388BE3F4D5:t0, leader=null, voted=, raftlog=Memoized:s10@group-40388BE3F4D5-SegmentedRaftLog:OPENED:c-1:lastnull, conf=conf: {index: -1, cur=peers:[]|listeners:[], old=null} STARTING
  s13:  RUNNING  FOLLOWER s13@group-40388BE3F4D5:t0, leader=null, voted=, raftlog=Memoized:s13@group-40388BE3F4D5-SegmentedRaftLog:OPENED:c-1:lastnull, conf=conf: {index: -1, cur=peers:[]|listeners:[], old=null} STARTING
  s12:  RUNNING  FOLLOWER s12@group-40388BE3F4D5:t0, leader=null, voted=, raftlog=Memoized:s12@group-40388BE3F4D5-SegmentedRaftLog:OPENED:c-1:lastnull, conf=conf: {index: -1, cur=peers:[]|listeners:[], old=null} STARTING
  s14:  RUNNING  FOLLOWER s14@group-40388BE3F4D5:t0, leader=null, voted=, raftlog=Memoized:s14@group-40388BE3F4D5-SegmentedRaftLog:OPENED:c-1:lastnull, conf=conf: {index: -1, cur=peers:[]|listeners:[], old=null} STARTING
  s0:  RUNNING  FOLLOWER s0@group-40388BE3F4D5:t0, leader=null, voted=, raftlog=Memoized:s0@group-40388BE3F4D5-SegmentedRaftLog:OPENED:c-1:lastnull, conf=conf: {index: -1, cur=peers:[]|listeners:[], old=null} STARTING
  s1:  RUNNING  FOLLOWER s1@group-40388BE3F4D5:t0, leader=null, voted=, raftlog=Memoized:s1@group-40388BE3F4D5-SegmentedRaftLog:OPENED:c-1:lastnull, conf=conf: {index: -1, cur=peers:[]|listeners:[], old=null} STARTING
  s2:  RUNNING  FOLLOWER s2@group-40388BE3F4D5:t0, leader=null, voted=, raftlog=Memoized:s2@group-40388BE3F4D5-SegmentedRaftLog:OPENED:c-1:lastnull, conf=conf: {index: -1, cur=peers:[]|listeners:[], old=null} STARTING
2024-12-14 12:24:38,222 INFO  impl.GroupManagementBaseTest (GroupManagementBaseTest.java:runMultiGroupTest(281)) - 0) starting group-D132C5ADF328:[s10|0.0.0.0:15010, s0|0.0.0.0:15000, s1|0.0.0.0:15001]
2024-12-14 12:24:38,599 INFO  server.RaftServer (RaftServerProxy.java:addNew(101)) - s0: addNew group-D132C5ADF328:[s10|0.0.0.0:15010, s0|0.0.0.0:15000, s1|0.0.0.0:15001] returns group-D132C5ADF328:java.util.concurrent.CompletableFuture@1cfa0eff[Not completed]
2024-12-14 12:24:38,599 INFO  server.RaftServer$Division (RaftServerImpl.java:<init>(256)) - s0: new RaftServerImpl for group-D132C5ADF328:[s10|0.0.0.0:15010, s0|0.0.0.0:15000, s1|0.0.0.0:15001] with ArithmeticStateMachine:uninitialized
2024-12-14 12:24:38,600 INFO  server.RaftServerConfigKeys (ConfUtils.java:logGet(46)) - raft.server.rpc.timeout.min = 300ms (custom)
2024-12-14 12:24:38,600 INFO  server.RaftServerConfigKeys (ConfUtils.java:logGet(46)) - raft.server.rpc.timeout.max = 600ms (custom)
2024-12-14 12:24:38,600 INFO  server.RaftServerConfigKeys (ConfUtils.java:logGet(46)) - raft.server.rpc.sleep.time = 25ms (default)
2024-12-14 12:24:38,600 INFO  server.RaftServerConfigKeys (ConfUtils.java:logGet(46)) - raft.server.rpc.slowness.timeout = 60s (default)
2024-12-14 12:24:38,600 INFO  server.RaftServerConfigKeys (ConfUtils.java:logGet(46)) - raft.server.leaderelection.leader.step-down.wait-time = 10s (default)
2024-12-14 12:24:38,600 INFO  server.RaftServerConfigKeys (ConfUtils.java:logGet(46)) - raft.server.leaderelection.member.majority-add = false (default)
2024-12-14 12:24:38,600 INFO  server.RaftServerConfigKeys (ConfUtils.java:logGet(46)) - raft.server.sleep.deviation.threshold = 300ms (default)
2024-12-14 12:24:38,600 INFO  server.RaftServer$Division (ServerState.java:<init>(114)) - s0@group-D132C5ADF328: ConfigurationManager, init=conf: {index: -1, cur=peers:[s10|0.0.0.0:15010, s0|0.0.0.0:15000, s1|0.0.0.0:15001]|listeners:[], old=null}, confs=<EMPTY_MAP>
2024-12-14 12:24:38,600 INFO  server.RaftServerConfigKeys (ConfUtils.java:logGet(46)) - raft.server.notification.no-leader.timeout = 60s (default)
2024-12-14 12:24:38,600 INFO  server.RaftServerConfigKeys (ConfUtils.java:logGet(46)) - raft.server.read.timeout = 10s (default)
2024-12-14 12:24:38,600 INFO  server.RaftServerConfigKeys (ConfUtils.java:logGet(46)) - raft.server.retrycache.expirytime = 60s (default)
2024-12-14 12:24:38,600 INFO  server.RaftServerConfigKeys (ConfUtils.java:logGet(46)) - raft.server.retrycache.statistics.expirytime = 100ms (default)
2024-12-14 12:24:38,600 INFO  server.RaftServerConfigKeys (ConfUtils.java:logGet(46)) - raft.server.read.option = DEFAULT (default)
2024-12-14 12:24:38,600 INFO  server.RaftServerConfigKeys (ConfUtils.java:logGet(46)) - raft.server.read.read-after-write-consistent.write-index-cache.expiry-time = 60s (default)
2024-12-14 12:24:38,601 INFO  server.RaftServerConfigKeys (ConfUtils.java:logGet(46)) - raft.server.rpc.request.timeout = 3000ms (default)
2024-12-14 12:24:38,601 INFO  server.RaftServerConfigKeys (ConfUtils.java:logGet(46)) - raft.server.log.appender.install.snapshot.enabled = true (default)
2024-12-14 12:24:38,601 INFO  server.RaftServerConfigKeys (ConfUtils.java:logGet(46)) - raft.server.threadpool.server.cached = true (default)
2024-12-14 12:24:38,601 INFO  server.RaftServerConfigKeys (ConfUtils.java:logGet(46)) - raft.server.threadpool.server.size = 0 (default)
2024-12-14 12:24:38,601 INFO  server.RaftServerConfigKeys (ConfUtils.java:logGet(46)) - raft.server.threadpool.client.cached = true (default)
2024-12-14 12:24:38,601 INFO  server.RaftServerConfigKeys (ConfUtils.java:logGet(46)) - raft.server.threadpool.client.size = 0 (default)
2024-12-14 12:24:38,601 INFO  server.RaftServerConfigKeys (ConfUtils.java:logGet(46)) - raft.server.storage.free-space.min = 0MB (=0) (default)
2024-12-14 12:24:38,601 INFO  server.RaftServerConfigKeys (ConfUtils.java:logGet(46)) - raft.server.log.corruption.policy = EXCEPTION (default)
2024-12-14 12:24:38,601 INFO  server.RaftServerConfigKeys (ConfUtils.java:logGet(46)) - raft.server.storage.dir = [/home/runner/work/ratis/ratis/ratis-examples/target/test/data/da5193cb/MiniRaftClusterWithGrpca0a5e6cd/s0] (custom)
2024-12-14 12:24:38,602 INFO  storage.RaftStorageDirectory (RaftStorageDirectoryImpl.java:analyzeStorage(138)) - The storage directory /home/runner/work/ratis/ratis/ratis-examples/target/test/data/da5193cb/MiniRaftClusterWithGrpca0a5e6cd/s0/9651a4ba-d8a3-41bf-9b40-d132c5adf328 does not exist. Creating ...
2024-12-14 12:24:38,602 TRACE util.FileUtils (LogUtils.java:runAndLog(49)) - Successfully ran Files.createDirectories /home/runner/work/ratis/ratis/ratis-examples/target/test/data/da5193cb/MiniRaftClusterWithGrpca0a5e6cd/s0/9651a4ba-d8a3-41bf-9b40-d132c5adf328
2024-12-14 12:24:38,603 INFO  storage.RaftStorageDirectory (RaftStorageDirectoryImpl.java:tryLock(229)) - Lock on /home/runner/work/ratis/ratis/ratis-examples/target/test/data/da5193cb/MiniRaftClusterWithGrpca0a5e6cd/s0/9651a4ba-d8a3-41bf-9b40-d132c5adf328/in_use.lock acquired by nodename 14700@fv-az733-880
2024-12-14 12:24:38,603 TRACE util.FileUtils (LogUtils.java:runAndLog(49)) - Successfully ran Files.createDirectories /home/runner/work/ratis/ratis/ratis-examples/target/test/data/da5193cb/MiniRaftClusterWithGrpca0a5e6cd/s0/9651a4ba-d8a3-41bf-9b40-d132c5adf328/current
2024-12-14 12:24:38,603 TRACE util.FileUtils (LogUtils.java:runAndLog(49)) - Successfully ran Files.createDirectories /home/runner/work/ratis/ratis/ratis-examples/target/test/data/da5193cb/MiniRaftClusterWithGrpca0a5e6cd/s0/9651a4ba-d8a3-41bf-9b40-d132c5adf328/sm
2024-12-14 12:24:38,603 TRACE util.FileUtils (LogUtils.java:supplyAndLog(69)) - Successfully supplied FileChannel.open /home/runner/work/ratis/ratis/ratis-examples/target/test/data/da5193cb/MiniRaftClusterWithGrpca0a5e6cd/s0/9651a4ba-d8a3-41bf-9b40-d132c5adf328/current/raft-meta.tmp with options [CREATE, WRITE]: sun.nio.ch.FileChannelImpl@2275d309
2024-12-14 12:24:38,604 TRACE util.FileUtils (LogUtils.java:runAndLog(49)) - Successfully ran Atomic Files.move /home/runner/work/ratis/ratis/ratis-examples/target/test/data/da5193cb/MiniRaftClusterWithGrpca0a5e6cd/s0/9651a4ba-d8a3-41bf-9b40-d132c5adf328/current/raft-meta.tmp to /home/runner/work/ratis/ratis/ratis-examples/target/test/data/da5193cb/MiniRaftClusterWithGrpca0a5e6cd/s0/9651a4ba-d8a3-41bf-9b40-d132c5adf328/current/raft-meta with options [REPLACE_EXISTING]
2024-12-14 12:24:38,604 INFO  storage.RaftStorage (RaftStorageImpl.java:format(98)) - Storage directory /home/runner/work/ratis/ratis/ratis-examples/target/test/data/da5193cb/MiniRaftClusterWithGrpca0a5e6cd/s0/9651a4ba-d8a3-41bf-9b40-d132c5adf328 has been successfully formatted.
2024-12-14 12:24:38,604 WARN  statemachine.StateMachine (ArithmeticStateMachine.java:loadSnapshot(115)) - The snapshot info is null.
2024-12-14 12:24:38,604 INFO  server.RaftServerConfigKeys (ConfUtils.java:logGet(46)) - raft.server.log.use.memory = false (default)
2024-12-14 12:24:38,604 INFO  server.RaftServerConfigKeys (ConfUtils.java:logGet(46)) - raft.server.log.purge.gap = 1024 (default)
2024-12-14 12:24:38,605 INFO  server.RaftServerConfigKeys (ConfUtils.java:logGet(46)) - raft.server.log.appender.buffer.byte-limit = 4MB (=4194304) (default)
2024-12-14 12:24:38,605 INFO  server.RaftServerConfigKeys (ConfUtils.java:logGet(46)) - raft.server.log.statemachine.data.read.timeout = 1000ms (default)
2024-12-14 12:24:38,605 INFO  server.RaftServerConfigKeys (ConfUtils.java:logGet(46)) - raft.server.log.purge.preservation.log.num = 0 (default)
2024-12-14 12:24:38,605 INFO  server.RaftServerConfigKeys (ConfUtils.java:logGet(46)) - raft.server.log.segment.size.max = 32MB (=33554432) (default)
2024-12-14 12:24:38,605 INFO  server.RaftServerConfigKeys (ConfUtils.java:logGet(46)) - raft.server.log.segment.cache.num.max = 6 (default)
2024-12-14 12:24:38,605 INFO  server.RaftServerConfigKeys (ConfUtils.java:logGet(46)) - raft.server.log.segment.cache.size.max = 200MB (=209715200) (default)
2024-12-14 12:24:38,606 INFO  server.RaftServerConfigKeys (ConfUtils.java:logGet(46)) - raft.server.log.appender.buffer.byte-limit = 4MB (=4194304) (default)
2024-12-14 12:24:38,606 INFO  util.AwaitToRun (AwaitToRun.java:start(81)) - Thread[s0@group-D132C5ADF328-cacheEviction-AwaitToRun,5,main] started
2024-12-14 12:24:38,606 INFO  segmented.SegmentedRaftLogWorker (SegmentedRaftLogWorker.java:<init>(189)) - new s0@group-D132C5ADF328-SegmentedRaftLogWorker for RaftStorageImpl:Storage Directory /home/runner/work/ratis/ratis/ratis-examples/target/test/data/da5193cb/MiniRaftClusterWithGrpca0a5e6cd/s0/9651a4ba-d8a3-41bf-9b40-d132c5adf328
2024-12-14 12:24:38,606 INFO  server.RaftServerConfigKeys (ConfUtils.java:logGet(46)) - raft.server.log.queue.byte-limit = 64MB (=67108864) (default)
2024-12-14 12:24:38,606 INFO  server.RaftServerConfigKeys (ConfUtils.java:logGet(46)) - raft.server.log.queue.element-limit = 4096 (default)
2024-12-14 12:24:38,606 INFO  server.RaftServerConfigKeys (ConfUtils.java:logGet(46)) - raft.server.log.segment.size.max = 32MB (=33554432) (default)
2024-12-14 12:24:38,606 INFO  server.RaftServerConfigKeys (ConfUtils.java:logGet(46)) - raft.server.log.preallocated.size = 4MB (=4194304) (default)
2024-12-14 12:24:38,606 INFO  server.RaftServerConfigKeys (ConfUtils.java:logGet(46)) - raft.server.log.force.sync.num = 128 (default)
2024-12-14 12:24:38,606 INFO  server.RaftServerConfigKeys (ConfUtils.java:logGet(46)) - raft.server.log.statemachine.data.sync = true (default)
2024-12-14 12:24:38,607 INFO  server.RaftServerConfigKeys (ConfUtils.java:logGet(46)) - raft.server.log.statemachine.data.sync.timeout = 10s (default)
2024-12-14 12:24:38,607 INFO  server.RaftServerConfigKeys (ConfUtils.java:logGet(46)) - raft.server.log.statemachine.data.sync.timeout.retry = -1 (default)
2024-12-14 12:24:38,607 INFO  server.RaftServerConfigKeys (ConfUtils.java:logGet(46)) - raft.server.log.write.buffer.size = 8MB (=8388608) (default)
2024-12-14 12:24:38,608 INFO  server.RaftServerConfigKeys (ConfUtils.java:logGet(46)) - raft.server.log.appender.buffer.byte-limit = 4MB (=4194304) (default)
2024-12-14 12:24:38,609 INFO  server.RaftServerConfigKeys (ConfUtils.java:logGet(46)) - raft.server.log.unsafe-flush.enabled = false (default)
2024-12-14 12:24:38,609 INFO  server.RaftServerConfigKeys (ConfUtils.java:logGet(46)) - raft.server.log.async-flush.enabled = false (default)
2024-12-14 12:24:38,609 INFO  server.RaftServerConfigKeys (ConfUtils.java:logGet(46)) - raft.server.log.statemachine.data.caching.enabled = false (default)
2024-12-14 12:24:38,609 INFO  segmented.SegmentedRaftLogWorker (SegmentedRaftLogWorker.java:lambda$new$0(140)) - s0@group-D132C5ADF328-SegmentedRaftLogWorker: flushIndex: setUnconditionally 0 -> -1
2024-12-14 12:24:38,609 INFO  segmented.SegmentedRaftLogWorker (SegmentedRaftLogWorker.java:lambda$new$0(140)) - s0@group-D132C5ADF328-SegmentedRaftLogWorker: safeCacheEvictIndex: setUnconditionally 0 -> -1
2024-12-14 12:24:38,609 INFO  server.RaftServer$Division (RaftServerImpl.java:start(392)) - s0@group-D132C5ADF328: start as a follower, conf=conf: {index: -1, cur=peers:[s10|0.0.0.0:15010, s0|0.0.0.0:15000, s1|0.0.0.0:15001]|listeners:[], old=null}
2024-12-14 12:24:38,609 INFO  server.RaftServer$Division (RaftServerImpl.java:setRole(379)) - s0@group-D132C5ADF328: changes role from      null to FOLLOWER at term 0 for startAsFollower
2024-12-14 12:24:38,609 INFO  impl.RoleInfo (RoleInfo.java:updateAndGet(148)) - s0: start s0@group-D132C5ADF328-FollowerState
2024-12-14 12:24:38,610 INFO  server.RaftServerConfigKeys (ConfUtils.java:logFallback(53)) - raft.server.rpc.first-election.timeout.min = 300ms (fallback to raft.server.rpc.timeout.min)
2024-12-14 12:24:38,610 INFO  util.JmxRegister (JmxRegister.java:tryRegister(44)) - Successfully registered JMX Bean with object name Ratis:service=RaftServer,group=group-D132C5ADF328,id=s0
2024-12-14 12:24:38,610 INFO  util.JmxRegister (JmxRegister.java:register(58)) - register mxBean class org.apache.ratis.server.impl.RaftServerJmxAdapter as Ratis:service=RaftServer,group=group-D132C5ADF328,id=s0
2024-12-14 12:24:38,610 INFO  server.RaftServerConfigKeys (ConfUtils.java:logFallback(53)) - raft.server.rpc.first-election.timeout.max = 600ms (fallback to raft.server.rpc.timeout.max)
2024-12-14 12:24:38,610 INFO  server.RaftServerConfigKeys (ConfUtils.java:logGet(46)) - raft.server.snapshot.trigger-when-stop.enabled = true (default)
2024-12-14 12:24:38,610 INFO  server.RaftServerConfigKeys (ConfUtils.java:logGet(46)) - raft.server.snapshot.trigger-when-remove.enabled = true (default)
2024-12-14 12:24:38,610 INFO  server.RaftServerConfigKeys (ConfUtils.java:logGet(46)) - raft.server.snapshot.auto.trigger.enabled = false (default)
2024-12-14 12:24:38,610 INFO  server.RaftServerConfigKeys (ConfUtils.java:logGet(46)) - raft.server.snapshot.retention.file.num = -1 (default)
2024-12-14 12:24:38,610 INFO  server.RaftServerConfigKeys (ConfUtils.java:logGet(46)) - raft.server.log.purge.upto.snapshot.index = false (default)
2024-12-14 12:24:38,610 INFO  server.RaftServer$Division (RaftServerImpl.java:start(406)) - s0@group-D132C5ADF328: Successfully started.
2024-12-14 12:24:38,656 INFO  server.RaftServer (RaftServerProxy.java:addNew(101)) - s1: addNew group-D132C5ADF328:[s10|0.0.0.0:15010, s0|0.0.0.0:15000, s1|0.0.0.0:15001] returns group-D132C5ADF328:java.util.concurrent.CompletableFuture@5b134791[Not completed]
2024-12-14 12:24:38,656 INFO  server.RaftServer$Division (RaftServerImpl.java:<init>(256)) - s1: new RaftServerImpl for group-D132C5ADF328:[s10|0.0.0.0:15010, s0|0.0.0.0:15000, s1|0.0.0.0:15001] with ArithmeticStateMachine:uninitialized
2024-12-14 12:24:38,656 INFO  server.RaftServerConfigKeys (ConfUtils.java:logGet(46)) - raft.server.rpc.timeout.min = 300ms (custom)
2024-12-14 12:24:38,656 INFO  server.RaftServerConfigKeys (ConfUtils.java:logGet(46)) - raft.server.rpc.timeout.max = 600ms (custom)
2024-12-14 12:24:38,656 INFO  server.RaftServerConfigKeys (ConfUtils.java:logGet(46)) - raft.server.rpc.sleep.time = 25ms (default)
2024-12-14 12:24:38,656 INFO  server.RaftServerConfigKeys (ConfUtils.java:logGet(46)) - raft.server.rpc.slowness.timeout = 60s (default)
2024-12-14 12:24:38,656 INFO  server.RaftServerConfigKeys (ConfUtils.java:logGet(46)) - raft.server.leaderelection.leader.step-down.wait-time = 10s (default)
2024-12-14 12:24:38,656 INFO  server.RaftServerConfigKeys (ConfUtils.java:logGet(46)) - raft.server.leaderelection.member.majority-add = false (default)
2024-12-14 12:24:38,656 INFO  server.RaftServerConfigKeys (ConfUtils.java:logGet(46)) - raft.server.sleep.deviation.threshold = 300ms (default)
2024-12-14 12:24:38,656 INFO  server.RaftServer$Division (ServerState.java:<init>(114)) - s1@group-D132C5ADF328: ConfigurationManager, init=conf: {index: -1, cur=peers:[s10|0.0.0.0:15010, s0|0.0.0.0:15000, s1|0.0.0.0:15001]|listeners:[], old=null}, confs=<EMPTY_MAP>
2024-12-14 12:24:38,657 INFO  server.RaftServerConfigKeys (ConfUtils.java:logGet(46)) - raft.server.notification.no-leader.timeout = 60s (default)
2024-12-14 12:24:38,657 INFO  server.RaftServerConfigKeys (ConfUtils.java:logGet(46)) - raft.server.read.timeout = 10s (default)
2024-12-14 12:24:38,657 INFO  server.RaftServerConfigKeys (ConfUtils.java:logGet(46)) - raft.server.retrycache.expirytime = 60s (default)
2024-12-14 12:24:38,657 INFO  server.RaftServerConfigKeys (ConfUtils.java:logGet(46)) - raft.server.retrycache.statistics.expirytime = 100ms (default)
2024-12-14 12:24:38,657 INFO  server.RaftServerConfigKeys (ConfUtils.java:logGet(46)) - raft.server.read.option = DEFAULT (default)
2024-12-14 12:24:38,657 INFO  server.RaftServerConfigKeys (ConfUtils.java:logGet(46)) - raft.server.read.read-after-write-consistent.write-index-cache.expiry-time = 60s (default)
2024-12-14 12:24:38,657 INFO  server.RaftServerConfigKeys (ConfUtils.java:logGet(46)) - raft.server.rpc.request.timeout = 3000ms (default)
2024-12-14 12:24:38,658 INFO  server.RaftServerConfigKeys (ConfUtils.java:logGet(46)) - raft.server.log.appender.install.snapshot.enabled = true (default)
2024-12-14 12:24:38,658 INFO  server.RaftServerConfigKeys (ConfUtils.java:logGet(46)) - raft.server.threadpool.server.cached = true (default)
2024-12-14 12:24:38,658 INFO  server.RaftServerConfigKeys (ConfUtils.java:logGet(46)) - raft.server.threadpool.server.size = 0 (default)
2024-12-14 12:24:38,658 INFO  server.RaftServerConfigKeys (ConfUtils.java:logGet(46)) - raft.server.threadpool.client.cached = true (default)
2024-12-14 12:24:38,658 INFO  server.RaftServerConfigKeys (ConfUtils.java:logGet(46)) - raft.server.threadpool.client.size = 0 (default)
2024-12-14 12:24:38,658 INFO  server.RaftServerConfigKeys (ConfUtils.java:logGet(46)) - raft.server.storage.free-space.min = 0MB (=0) (default)
2024-12-14 12:24:38,658 INFO  server.RaftServerConfigKeys (ConfUtils.java:logGet(46)) - raft.server.log.corruption.policy = EXCEPTION (default)
2024-12-14 12:24:38,658 INFO  server.RaftServerConfigKeys (ConfUtils.java:logGet(46)) - raft.server.storage.dir = [/home/runner/work/ratis/ratis/ratis-examples/target/test/data/da5193cb/MiniRaftClusterWithGrpca0a5e6cd/s1] (custom)
2024-12-14 12:24:38,658 INFO  storage.RaftStorageDirectory (RaftStorageDirectoryImpl.java:analyzeStorage(138)) - The storage directory /home/runner/work/ratis/ratis/ratis-examples/target/test/data/da5193cb/MiniRaftClusterWithGrpca0a5e6cd/s1/9651a4ba-d8a3-41bf-9b40-d132c5adf328 does not exist. Creating ...
2024-12-14 12:24:38,658 TRACE util.FileUtils (LogUtils.java:runAndLog(49)) - Successfully ran Files.createDirectories /home/runner/work/ratis/ratis/ratis-examples/target/test/data/da5193cb/MiniRaftClusterWithGrpca0a5e6cd/s1/9651a4ba-d8a3-41bf-9b40-d132c5adf328
2024-12-14 12:24:38,659 INFO  storage.RaftStorageDirectory (RaftStorageDirectoryImpl.java:tryLock(229)) - Lock on /home/runner/work/ratis/ratis/ratis-examples/target/test/data/da5193cb/MiniRaftClusterWithGrpca0a5e6cd/s1/9651a4ba-d8a3-41bf-9b40-d132c5adf328/in_use.lock acquired by nodename 14700@fv-az733-880
2024-12-14 12:24:38,659 TRACE util.FileUtils (LogUtils.java:runAndLog(49)) - Successfully ran Files.createDirectories /home/runner/work/ratis/ratis/ratis-examples/target/test/data/da5193cb/MiniRaftClusterWithGrpca0a5e6cd/s1/9651a4ba-d8a3-41bf-9b40-d132c5adf328/current
2024-12-14 12:24:38,660 TRACE util.FileUtils (LogUtils.java:runAndLog(49)) - Successfully ran Files.createDirectories /home/runner/work/ratis/ratis/ratis-examples/target/test/data/da5193cb/MiniRaftClusterWithGrpca0a5e6cd/s1/9651a4ba-d8a3-41bf-9b40-d132c5adf328/sm
2024-12-14 12:24:38,660 TRACE util.FileUtils (LogUtils.java:supplyAndLog(69)) - Successfully supplied FileChannel.open /home/runner/work/ratis/ratis/ratis-examples/target/test/data/da5193cb/MiniRaftClusterWithGrpca0a5e6cd/s1/9651a4ba-d8a3-41bf-9b40-d132c5adf328/current/raft-meta.tmp with options [CREATE, WRITE]: sun.nio.ch.FileChannelImpl@c035c85
2024-12-14 12:24:38,661 TRACE util.FileUtils (LogUtils.java:runAndLog(49)) - Successfully ran Atomic Files.move /home/runner/work/ratis/ratis/ratis-examples/target/test/data/da5193cb/MiniRaftClusterWithGrpca0a5e6cd/s1/9651a4ba-d8a3-41bf-9b40-d132c5adf328/current/raft-meta.tmp to /home/runner/work/ratis/ratis/ratis-examples/target/test/data/da5193cb/MiniRaftClusterWithGrpca0a5e6cd/s1/9651a4ba-d8a3-41bf-9b40-d132c5adf328/current/raft-meta with options [REPLACE_EXISTING]
2024-12-14 12:24:38,661 INFO  storage.RaftStorage (RaftStorageImpl.java:format(98)) - Storage directory /home/runner/work/ratis/ratis/ratis-examples/target/test/data/da5193cb/MiniRaftClusterWithGrpca0a5e6cd/s1/9651a4ba-d8a3-41bf-9b40-d132c5adf328 has been successfully formatted.
2024-12-14 12:24:38,661 WARN  statemachine.StateMachine (ArithmeticStateMachine.java:loadSnapshot(115)) - The snapshot info is null.
2024-12-14 12:24:38,661 INFO  server.RaftServerConfigKeys (ConfUtils.java:logGet(46)) - raft.server.log.use.memory = false (default)
2024-12-14 12:24:38,661 INFO  server.RaftServerConfigKeys (ConfUtils.java:logGet(46)) - raft.server.log.purge.gap = 1024 (default)
2024-12-14 12:24:38,661 INFO  server.RaftServerConfigKeys (ConfUtils.java:logGet(46)) - raft.server.log.appender.buffer.byte-limit = 4MB (=4194304) (default)
2024-12-14 12:24:38,661 INFO  server.RaftServerConfigKeys (ConfUtils.java:logGet(46)) - raft.server.log.statemachine.data.read.timeout = 1000ms (default)
2024-12-14 12:24:38,662 INFO  server.RaftServerConfigKeys (ConfUtils.java:logGet(46)) - raft.server.log.purge.preservation.log.num = 0 (default)
2024-12-14 12:24:38,662 INFO  server.RaftServerConfigKeys (ConfUtils.java:logGet(46)) - raft.server.log.segment.size.max = 32MB (=33554432) (default)
2024-12-14 12:24:38,662 INFO  server.RaftServerConfigKeys (ConfUtils.java:logGet(46)) - raft.server.log.segment.cache.num.max = 6 (default)
2024-12-14 12:24:38,662 INFO  server.RaftServerConfigKeys (ConfUtils.java:logGet(46)) - raft.server.log.segment.cache.size.max = 200MB (=209715200) (default)
2024-12-14 12:24:38,662 INFO  server.RaftServerConfigKeys (ConfUtils.java:logGet(46)) - raft.server.log.appender.buffer.byte-limit = 4MB (=4194304) (default)
2024-12-14 12:24:38,662 INFO  util.AwaitToRun (AwaitToRun.java:start(81)) - Thread[s1@group-D132C5ADF328-cacheEviction-AwaitToRun,5,main] started
2024-12-14 12:24:38,662 INFO  segmented.SegmentedRaftLogWorker (SegmentedRaftLogWorker.java:<init>(189)) - new s1@group-D132C5ADF328-SegmentedRaftLogWorker for RaftStorageImpl:Storage Directory /home/runner/work/ratis/ratis/ratis-examples/target/test/data/da5193cb/MiniRaftClusterWithGrpca0a5e6cd/s1/9651a4ba-d8a3-41bf-9b40-d132c5adf328
2024-12-14 12:24:38,663 INFO  server.RaftServerConfigKeys (ConfUtils.java:logGet(46)) - raft.server.log.queue.byte-limit = 64MB (=67108864) (default)
2024-12-14 12:24:38,663 INFO  server.RaftServerConfigKeys (ConfUtils.java:logGet(46)) - raft.server.log.queue.element-limit = 4096 (default)
2024-12-14 12:24:38,663 INFO  server.RaftServerConfigKeys (ConfUtils.java:logGet(46)) - raft.server.log.segment.size.max = 32MB (=33554432) (default)
2024-12-14 12:24:38,663 INFO  server.RaftServerConfigKeys (ConfUtils.java:logGet(46)) - raft.server.log.preallocated.size = 4MB (=4194304) (default)
2024-12-14 12:24:38,663 INFO  server.RaftServerConfigKeys (ConfUtils.java:logGet(46)) - raft.server.log.force.sync.num = 128 (default)
2024-12-14 12:24:38,663 INFO  server.RaftServerConfigKeys (ConfUtils.java:logGet(46)) - raft.server.log.statemachine.data.sync = true (default)
2024-12-14 12:24:38,663 INFO  server.RaftServerConfigKeys (ConfUtils.java:logGet(46)) - raft.server.log.statemachine.data.sync.timeout = 10s (default)
2024-12-14 12:24:38,663 INFO  server.RaftServerConfigKeys (ConfUtils.java:logGet(46)) - raft.server.log.statemachine.data.sync.timeout.retry = -1 (default)
2024-12-14 12:24:38,663 INFO  server.RaftServerConfigKeys (ConfUtils.java:logGet(46)) - raft.server.log.write.buffer.size = 8MB (=8388608) (default)
2024-12-14 12:24:38,665 INFO  server.RaftServerConfigKeys (ConfUtils.java:logGet(46)) - raft.server.log.appender.buffer.byte-limit = 4MB (=4194304) (default)
2024-12-14 12:24:38,665 INFO  server.RaftServerConfigKeys (ConfUtils.java:logGet(46)) - raft.server.log.unsafe-flush.enabled = false (default)
2024-12-14 12:24:38,665 INFO  server.RaftServerConfigKeys (ConfUtils.java:logGet(46)) - raft.server.log.async-flush.enabled = false (default)
2024-12-14 12:24:38,666 INFO  server.RaftServerConfigKeys (ConfUtils.java:logGet(46)) - raft.server.log.statemachine.data.caching.enabled = false (default)
2024-12-14 12:24:38,666 INFO  segmented.SegmentedRaftLogWorker (SegmentedRaftLogWorker.java:lambda$new$0(140)) - s1@group-D132C5ADF328-SegmentedRaftLogWorker: flushIndex: setUnconditionally 0 -> -1
2024-12-14 12:24:38,666 INFO  segmented.SegmentedRaftLogWorker (SegmentedRaftLogWorker.java:lambda$new$0(140)) - s1@group-D132C5ADF328-SegmentedRaftLogWorker: safeCacheEvictIndex: setUnconditionally 0 -> -1
2024-12-14 12:24:38,666 INFO  server.RaftServer$Division (RaftServerImpl.java:start(392)) - s1@group-D132C5ADF328: start as a follower, conf=conf: {index: -1, cur=peers:[s10|0.0.0.0:15010, s0|0.0.0.0:15000, s1|0.0.0.0:15001]|listeners:[], old=null}
2024-12-14 12:24:38,666 INFO  server.RaftServer$Division (RaftServerImpl.java:setRole(379)) - s1@group-D132C5ADF328: changes role from      null to FOLLOWER at term 0 for startAsFollower
2024-12-14 12:24:38,666 INFO  impl.RoleInfo (RoleInfo.java:updateAndGet(148)) - s1: start s1@group-D132C5ADF328-FollowerState
2024-12-14 12:24:38,666 INFO  server.RaftServerConfigKeys (ConfUtils.java:logFallback(53)) - raft.server.rpc.first-election.timeout.min = 300ms (fallback to raft.server.rpc.timeout.min)
2024-12-14 12:24:38,667 INFO  server.RaftServerConfigKeys (ConfUtils.java:logFallback(53)) - raft.server.rpc.first-election.timeout.max = 600ms (fallback to raft.server.rpc.timeout.max)
2024-12-14 12:24:38,669 INFO  util.JmxRegister (JmxRegister.java:tryRegister(44)) - Successfully registered JMX Bean with object name Ratis:service=RaftServer,group=group-D132C5ADF328,id=s1
2024-12-14 12:24:38,669 INFO  util.JmxRegister (JmxRegister.java:register(58)) - register mxBean class org.apache.ratis.server.impl.RaftServerJmxAdapter as Ratis:service=RaftServer,group=group-D132C5ADF328,id=s1
2024-12-14 12:24:38,669 INFO  server.RaftServerConfigKeys (ConfUtils.java:logGet(46)) - raft.server.snapshot.trigger-when-stop.enabled = true (default)
2024-12-14 12:24:38,669 INFO  server.RaftServerConfigKeys (ConfUtils.java:logGet(46)) - raft.server.snapshot.trigger-when-remove.enabled = true (default)
2024-12-14 12:24:38,669 INFO  server.RaftServerConfigKeys (ConfUtils.java:logGet(46)) - raft.server.snapshot.auto.trigger.enabled = false (default)
2024-12-14 12:24:38,669 INFO  server.RaftServerConfigKeys (ConfUtils.java:logGet(46)) - raft.server.snapshot.retention.file.num = -1 (default)
2024-12-14 12:24:38,669 INFO  server.RaftServerConfigKeys (ConfUtils.java:logGet(46)) - raft.server.log.purge.upto.snapshot.index = false (default)
2024-12-14 12:24:38,669 INFO  server.RaftServer$Division (RaftServerImpl.java:start(406)) - s1@group-D132C5ADF328: Successfully started.
2024-12-14 12:24:38,693 INFO  server.RaftServer (RaftServerProxy.java:addNew(101)) - s10: addNew group-D132C5ADF328:[s10|0.0.0.0:15010, s0|0.0.0.0:15000, s1|0.0.0.0:15001] returns group-D132C5ADF328:java.util.concurrent.CompletableFuture@5008824d[Not completed]
2024-12-14 12:24:38,694 INFO  server.RaftServer$Division (RaftServerImpl.java:<init>(256)) - s10: new RaftServerImpl for group-D132C5ADF328:[s10|0.0.0.0:15010, s0|0.0.0.0:15000, s1|0.0.0.0:15001] with ArithmeticStateMachine:uninitialized
2024-12-14 12:24:38,694 INFO  server.RaftServerConfigKeys (ConfUtils.java:logGet(46)) - raft.server.rpc.timeout.min = 300ms (custom)
2024-12-14 12:24:38,694 INFO  server.RaftServerConfigKeys (ConfUtils.java:logGet(46)) - raft.server.rpc.timeout.max = 600ms (custom)
2024-12-14 12:24:38,694 INFO  server.RaftServerConfigKeys (ConfUtils.java:logGet(46)) - raft.server.rpc.sleep.time = 25ms (default)
2024-12-14 12:24:38,694 INFO  server.RaftServerConfigKeys (ConfUtils.java:logGet(46)) - raft.server.rpc.slowness.timeout = 60s (default)
2024-12-14 12:24:38,694 INFO  server.RaftServerConfigKeys (ConfUtils.java:logGet(46)) - raft.server.leaderelection.leader.step-down.wait-time = 10s (default)
2024-12-14 12:24:38,694 INFO  server.RaftServerConfigKeys (ConfUtils.java:logGet(46)) - raft.server.leaderelection.member.majority-add = false (default)
2024-12-14 12:24:38,694 INFO  server.RaftServerConfigKeys (ConfUtils.java:logGet(46)) - raft.server.sleep.deviation.threshold = 300ms (default)
2024-12-14 12:24:38,694 INFO  server.RaftServer$Division (ServerState.java:<init>(114)) - s10@group-D132C5ADF328: ConfigurationManager, init=conf: {index: -1, cur=peers:[s10|0.0.0.0:15010, s0|0.0.0.0:15000, s1|0.0.0.0:15001]|listeners:[], old=null}, confs=<EMPTY_MAP>
2024-12-14 12:24:38,694 INFO  server.RaftServerConfigKeys (ConfUtils.java:logGet(46)) - raft.server.notification.no-leader.timeout = 60s (default)
2024-12-14 12:24:38,694 INFO  server.RaftServerConfigKeys (ConfUtils.java:logGet(46)) - raft.server.read.timeout = 10s (default)
2024-12-14 12:24:38,694 INFO  server.RaftServerConfigKeys (ConfUtils.java:logGet(46)) - raft.server.retrycache.expirytime = 60s (default)
2024-12-14 12:24:38,694 INFO  server.RaftServerConfigKeys (ConfUtils.java:logGet(46)) - raft.server.retrycache.statistics.expirytime = 100ms (default)
2024-12-14 12:24:38,694 INFO  server.RaftServerConfigKeys (ConfUtils.java:logGet(46)) - raft.server.read.option = DEFAULT (default)
2024-12-14 12:24:38,695 INFO  server.RaftServerConfigKeys (ConfUtils.java:logGet(46)) - raft.server.read.read-after-write-consistent.write-index-cache.expiry-time = 60s (default)
2024-12-14 12:24:38,695 INFO  server.RaftServerConfigKeys (ConfUtils.java:logGet(46)) - raft.server.rpc.request.timeout = 3000ms (default)
2024-12-14 12:24:38,695 INFO  server.RaftServerConfigKeys (ConfUtils.java:logGet(46)) - raft.server.log.appender.install.snapshot.enabled = true (default)
2024-12-14 12:24:38,695 INFO  server.RaftServerConfigKeys (ConfUtils.java:logGet(46)) - raft.server.threadpool.server.cached = true (default)
2024-12-14 12:24:38,695 INFO  server.RaftServerConfigKeys (ConfUtils.java:logGet(46)) - raft.server.threadpool.server.size = 0 (default)
2024-12-14 12:24:38,695 INFO  server.RaftServerConfigKeys (ConfUtils.java:logGet(46)) - raft.server.threadpool.client.cached = true (default)
2024-12-14 12:24:38,695 INFO  server.RaftServerConfigKeys (ConfUtils.java:logGet(46)) - raft.server.threadpool.client.size = 0 (default)
2024-12-14 12:24:38,695 INFO  server.RaftServerConfigKeys (ConfUtils.java:logGet(46)) - raft.server.storage.free-space.min = 0MB (=0) (default)
2024-12-14 12:24:38,695 INFO  server.RaftServerConfigKeys (ConfUtils.java:logGet(46)) - raft.server.log.corruption.policy = EXCEPTION (default)
2024-12-14 12:24:38,695 INFO  server.RaftServerConfigKeys (ConfUtils.java:logGet(46)) - raft.server.storage.dir = [/home/runner/work/ratis/ratis/ratis-examples/target/test/data/da5193cb/MiniRaftClusterWithGrpca0a5e6cd/s10] (custom)
2024-12-14 12:24:38,696 INFO  storage.RaftStorageDirectory (RaftStorageDirectoryImpl.java:analyzeStorage(138)) - The storage directory /home/runner/work/ratis/ratis/ratis-examples/target/test/data/da5193cb/MiniRaftClusterWithGrpca0a5e6cd/s10/9651a4ba-d8a3-41bf-9b40-d132c5adf328 does not exist. Creating ...
2024-12-14 12:24:38,696 TRACE util.FileUtils (LogUtils.java:runAndLog(49)) - Successfully ran Files.createDirectories /home/runner/work/ratis/ratis/ratis-examples/target/test/data/da5193cb/MiniRaftClusterWithGrpca0a5e6cd/s10/9651a4ba-d8a3-41bf-9b40-d132c5adf328
2024-12-14 12:24:38,697 INFO  storage.RaftStorageDirectory (RaftStorageDirectoryImpl.java:tryLock(229)) - Lock on /home/runner/work/ratis/ratis/ratis-examples/target/test/data/da5193cb/MiniRaftClusterWithGrpca0a5e6cd/s10/9651a4ba-d8a3-41bf-9b40-d132c5adf328/in_use.lock acquired by nodename 14700@fv-az733-880
2024-12-14 12:24:38,697 TRACE util.FileUtils (LogUtils.java:runAndLog(49)) - Successfully ran Files.createDirectories /home/runner/work/ratis/ratis/ratis-examples/target/test/data/da5193cb/MiniRaftClusterWithGrpca0a5e6cd/s10/9651a4ba-d8a3-41bf-9b40-d132c5adf328/current
2024-12-14 12:24:38,697 TRACE util.FileUtils (LogUtils.java:runAndLog(49)) - Successfully ran Files.createDirectories /home/runner/work/ratis/ratis/ratis-examples/target/test/data/da5193cb/MiniRaftClusterWithGrpca0a5e6cd/s10/9651a4ba-d8a3-41bf-9b40-d132c5adf328/sm
2024-12-14 12:24:38,697 TRACE util.FileUtils (LogUtils.java:supplyAndLog(69)) - Successfully supplied FileChannel.open /home/runner/work/ratis/ratis/ratis-examples/target/test/data/da5193cb/MiniRaftClusterWithGrpca0a5e6cd/s10/9651a4ba-d8a3-41bf-9b40-d132c5adf328/current/raft-meta.tmp with options [CREATE, WRITE]: sun.nio.ch.FileChannelImpl@758b70ef
2024-12-14 12:24:38,698 TRACE util.FileUtils (LogUtils.java:runAndLog(49)) - Successfully ran Atomic Files.move /home/runner/work/ratis/ratis/ratis-examples/target/test/data/da5193cb/MiniRaftClusterWithGrpca0a5e6cd/s10/9651a4ba-d8a3-41bf-9b40-d132c5adf328/current/raft-meta.tmp to /home/runner/work/ratis/ratis/ratis-examples/target/test/data/da5193cb/MiniRaftClusterWithGrpca0a5e6cd/s10/9651a4ba-d8a3-41bf-9b40-d132c5adf328/current/raft-meta with options [REPLACE_EXISTING]
2024-12-14 12:24:38,698 INFO  storage.RaftStorage (RaftStorageImpl.java:format(98)) - Storage directory /home/runner/work/ratis/ratis/ratis-examples/target/test/data/da5193cb/MiniRaftClusterWithGrpca0a5e6cd/s10/9651a4ba-d8a3-41bf-9b40-d132c5adf328 has been successfully formatted.
2024-12-14 12:24:38,698 WARN  statemachine.StateMachine (ArithmeticStateMachine.java:loadSnapshot(115)) - The snapshot info is null.
2024-12-14 12:24:38,698 INFO  server.RaftServerConfigKeys (ConfUtils.java:logGet(46)) - raft.server.log.use.memory = false (default)
2024-12-14 12:24:38,698 INFO  server.RaftServerConfigKeys (ConfUtils.java:logGet(46)) - raft.server.log.purge.gap = 1024 (default)
2024-12-14 12:24:38,698 INFO  server.RaftServerConfigKeys (ConfUtils.java:logGet(46)) - raft.server.log.appender.buffer.byte-limit = 4MB (=4194304) (default)
2024-12-14 12:24:38,698 INFO  server.RaftServerConfigKeys (ConfUtils.java:logGet(46)) - raft.server.log.statemachine.data.read.timeout = 1000ms (default)
2024-12-14 12:24:38,698 INFO  server.RaftServerConfigKeys (ConfUtils.java:logGet(46)) - raft.server.log.purge.preservation.log.num = 0 (default)
2024-12-14 12:24:38,699 INFO  server.RaftServerConfigKeys (ConfUtils.java:logGet(46)) - raft.server.log.segment.size.max = 32MB (=33554432) (default)
2024-12-14 12:24:38,699 INFO  server.RaftServerConfigKeys (ConfUtils.java:logGet(46)) - raft.server.log.segment.cache.num.max = 6 (default)
2024-12-14 12:24:38,699 INFO  server.RaftServerConfigKeys (ConfUtils.java:logGet(46)) - raft.server.log.segment.cache.size.max = 200MB (=209715200) (default)
2024-12-14 12:24:38,699 INFO  server.RaftServerConfigKeys (ConfUtils.java:logGet(46)) - raft.server.log.appender.buffer.byte-limit = 4MB (=4194304) (default)
2024-12-14 12:24:38,699 INFO  util.AwaitToRun (AwaitToRun.java:start(81)) - Thread[s10@group-D132C5ADF328-cacheEviction-AwaitToRun,5,main] started
2024-12-14 12:24:38,699 INFO  segmented.SegmentedRaftLogWorker (SegmentedRaftLogWorker.java:<init>(189)) - new s10@group-D132C5ADF328-SegmentedRaftLogWorker for RaftStorageImpl:Storage Directory /home/runner/work/ratis/ratis/ratis-examples/target/test/data/da5193cb/MiniRaftClusterWithGrpca0a5e6cd/s10/9651a4ba-d8a3-41bf-9b40-d132c5adf328
2024-12-14 12:24:38,699 INFO  server.RaftServerConfigKeys (ConfUtils.java:logGet(46)) - raft.server.log.queue.byte-limit = 64MB (=67108864) (default)
2024-12-14 12:24:38,699 INFO  server.RaftServerConfigKeys (ConfUtils.java:logGet(46)) - raft.server.log.queue.element-limit = 4096 (default)
2024-12-14 12:24:38,699 INFO  server.RaftServerConfigKeys (ConfUtils.java:logGet(46)) - raft.server.log.segment.size.max = 32MB (=33554432) (default)
2024-12-14 12:24:38,699 INFO  server.RaftServerConfigKeys (ConfUtils.java:logGet(46)) - raft.server.log.preallocated.size = 4MB (=4194304) (default)
2024-12-14 12:24:38,699 INFO  server.RaftServerConfigKeys (ConfUtils.java:logGet(46)) - raft.server.log.force.sync.num = 128 (default)
2024-12-14 12:24:38,699 INFO  server.RaftServerConfigKeys (ConfUtils.java:logGet(46)) - raft.server.log.statemachine.data.sync = true (default)
2024-12-14 12:24:38,699 INFO  server.RaftServerConfigKeys (ConfUtils.java:logGet(46)) - raft.server.log.statemachine.data.sync.timeout = 10s (default)
2024-12-14 12:24:38,699 INFO  server.RaftServerConfigKeys (ConfUtils.java:logGet(46)) - raft.server.log.statemachine.data.sync.timeout.retry = -1 (default)
2024-12-14 12:24:38,699 INFO  server.RaftServerConfigKeys (ConfUtils.java:logGet(46)) - raft.server.log.write.buffer.size = 8MB (=8388608) (default)
2024-12-14 12:24:38,700 INFO  server.RaftServerConfigKeys (ConfUtils.java:logGet(46)) - raft.server.log.appender.buffer.byte-limit = 4MB (=4194304) (default)
2024-12-14 12:24:38,700 INFO  server.RaftServerConfigKeys (ConfUtils.java:logGet(46)) - raft.server.log.unsafe-flush.enabled = false (default)
2024-12-14 12:24:38,700 INFO  server.RaftServerConfigKeys (ConfUtils.java:logGet(46)) - raft.server.log.async-flush.enabled = false (default)
2024-12-14 12:24:38,700 INFO  server.RaftServerConfigKeys (ConfUtils.java:logGet(46)) - raft.server.log.statemachine.data.caching.enabled = false (default)
2024-12-14 12:24:38,700 INFO  segmented.SegmentedRaftLogWorker (SegmentedRaftLogWorker.java:lambda$new$0(140)) - s10@group-D132C5ADF328-SegmentedRaftLogWorker: flushIndex: setUnconditionally 0 -> -1
2024-12-14 12:24:38,700 INFO  segmented.SegmentedRaftLogWorker (SegmentedRaftLogWorker.java:lambda$new$0(140)) - s10@group-D132C5ADF328-SegmentedRaftLogWorker: safeCacheEvictIndex: setUnconditionally 0 -> -1
2024-12-14 12:24:38,700 INFO  server.RaftServer$Division (RaftServerImpl.java:start(392)) - s10@group-D132C5ADF328: start as a follower, conf=conf: {index: -1, cur=peers:[s10|0.0.0.0:15010, s0|0.0.0.0:15000, s1|0.0.0.0:15001]|listeners:[], old=null}
2024-12-14 12:24:38,700 INFO  server.RaftServer$Division (RaftServerImpl.java:setRole(379)) - s10@group-D132C5ADF328: changes role from      null to FOLLOWER at term 0 for startAsFollower
2024-12-14 12:24:38,700 INFO  impl.RoleInfo (RoleInfo.java:updateAndGet(148)) - s10: start s10@group-D132C5ADF328-FollowerState
2024-12-14 12:24:38,701 INFO  util.JmxRegister (JmxRegister.java:tryRegister(44)) - Successfully registered JMX Bean with object name Ratis:service=RaftServer,group=group-D132C5ADF328,id=s10
2024-12-14 12:24:38,701 INFO  util.JmxRegister (JmxRegister.java:register(58)) - register mxBean class org.apache.ratis.server.impl.RaftServerJmxAdapter as Ratis:service=RaftServer,group=group-D132C5ADF328,id=s10
2024-12-14 12:24:38,701 INFO  server.RaftServerConfigKeys (ConfUtils.java:logGet(46)) - raft.server.snapshot.trigger-when-stop.enabled = true (default)
2024-12-14 12:24:38,701 INFO  server.RaftServerConfigKeys (ConfUtils.java:logGet(46)) - raft.server.snapshot.trigger-when-remove.enabled = true (default)
2024-12-14 12:24:38,701 INFO  server.RaftServerConfigKeys (ConfUtils.java:logGet(46)) - raft.server.snapshot.auto.trigger.enabled = false (default)
2024-12-14 12:24:38,701 INFO  server.RaftServerConfigKeys (ConfUtils.java:logGet(46)) - raft.server.snapshot.retention.file.num = -1 (default)
2024-12-14 12:24:38,701 INFO  server.RaftServerConfigKeys (ConfUtils.java:logGet(46)) - raft.server.log.purge.upto.snapshot.index = false (default)
2024-12-14 12:24:38,701 INFO  server.RaftServer$Division (RaftServerImpl.java:start(406)) - s10@group-D132C5ADF328: Successfully started.
2024-12-14 12:24:38,702 INFO  server.RaftServerConfigKeys (ConfUtils.java:logFallback(53)) - raft.server.rpc.first-election.timeout.min = 300ms (fallback to raft.server.rpc.timeout.min)
2024-12-14 12:24:38,702 INFO  server.RaftServerConfigKeys (ConfUtils.java:logFallback(53)) - raft.server.rpc.first-election.timeout.max = 600ms (fallback to raft.server.rpc.timeout.max)
2024-12-14 12:24:38,711 INFO  server.RaftServerConfigKeys (ConfUtils.java:logGet(46)) - raft.server.rpc.timeout.max = 600ms (custom)
2024-12-14 12:24:38,712 INFO  ratis.RaftTestUtil (RaftTestUtil.java:waitForLeader(107)) - printing group-D132C5ADF328
  s10:  RUNNING [
   FOLLOWER s10@group-D132C5ADF328:t0, leader=null, voted=, raftlog=Memoized:s10@group-D132C5ADF328-SegmentedRaftLog:OPENED:c-1:lastnull, conf=conf: {index: -1, cur=peers:[s10|0.0.0.0:15010, s0|0.0.0.0:15000, s1|0.0.0.0:15001]|listeners:[], old=null} RUNNING
   FOLLOWER s10@group-40388BE3F4D5:t0, leader=null, voted=, raftlog=Memoized:s10@group-40388BE3F4D5-SegmentedRaftLog:OPENED:c-1:lastnull, conf=conf: {index: -1, cur=peers:[]|listeners:[], old=null} STARTING] size=2
  s0:  RUNNING [
   FOLLOWER s0@group-D132C5ADF328:t0, leader=null, voted=, raftlog=Memoized:s0@group-D132C5ADF328-SegmentedRaftLog:OPENED:c-1:lastnull, conf=conf: {index: -1, cur=peers:[s10|0.0.0.0:15010, s0|0.0.0.0:15000, s1|0.0.0.0:15001]|listeners:[], old=null} RUNNING
   FOLLOWER s0@group-40388BE3F4D5:t0, leader=null, voted=, raftlog=Memoized:s0@group-40388BE3F4D5-SegmentedRaftLog:OPENED:c-1:lastnull, conf=conf: {index: -1, cur=peers:[]|listeners:[], old=null} STARTING] size=2
  s1:  RUNNING [
   FOLLOWER s1@group-D132C5ADF328:t0, leader=null, voted=, raftlog=Memoized:s1@group-D132C5ADF328-SegmentedRaftLog:OPENED:c-1:lastnull, conf=conf: {index: -1, cur=peers:[s10|0.0.0.0:15010, s0|0.0.0.0:15000, s1|0.0.0.0:15001]|listeners:[], old=null} RUNNING
   FOLLOWER s1@group-40388BE3F4D5:t0, leader=null, voted=, raftlog=Memoized:s1@group-40388BE3F4D5-SegmentedRaftLog:OPENED:c-1:lastnull, conf=conf: {index: -1, cur=peers:[]|listeners:[], old=null} STARTING] size=2
2024-12-14 12:24:38,713 WARN  ratis.RaftTestUtil (RaftTestUtil.java:lambda$waitForLeader$3(126)) - Attempt #1 failed: java.lang.IllegalStateException: No leader yet  for group-D132C5ADF328: printing group-D132C5ADF328
  s10:  RUNNING [
   FOLLOWER s10@group-D132C5ADF328:t0, leader=null, voted=, raftlog=Memoized:s10@group-D132C5ADF328-SegmentedRaftLog:OPENED:c-1:lastnull, conf=conf: {index: -1, cur=peers:[s10|0.0.0.0:15010, s0|0.0.0.0:15000, s1|0.0.0.0:15001]|listeners:[], old=null} RUNNING
   FOLLOWER s10@group-40388BE3F4D5:t0, leader=null, voted=, raftlog=Memoized:s10@group-40388BE3F4D5-SegmentedRaftLog:OPENED:c-1:lastnull, conf=conf: {index: -1, cur=peers:[]|listeners:[], old=null} STARTING] size=2
  s0:  RUNNING [
   FOLLOWER s0@group-D132C5ADF328:t0, leader=null, voted=, raftlog=Memoized:s0@group-D132C5ADF328-SegmentedRaftLog:OPENED:c-1:lastnull, conf=conf: {index: -1, cur=peers:[s10|0.0.0.0:15010, s0|0.0.0.0:15000, s1|0.0.0.0:15001]|listeners:[], old=null} RUNNING
   FOLLOWER s0@group-40388BE3F4D5:t0, leader=null, voted=, raftlog=Memoized:s0@group-40388BE3F4D5-SegmentedRaftLog:OPENED:c-1:lastnull, conf=conf: {index: -1, cur=peers:[]|listeners:[], old=null} STARTING] size=2
  s1:  RUNNING [
   FOLLOWER s1@group-D132C5ADF328:t0, leader=null, voted=, raftlog=Memoized:s1@group-D132C5ADF328-SegmentedRaftLog:OPENED:c-1:lastnull, conf=conf: {index: -1, cur=peers:[s10|0.0.0.0:15010, s0|0.0.0.0:15000, s1|0.0.0.0:15001]|listeners:[], old=null} RUNNING
   FOLLOWER s1@group-40388BE3F4D5:t0, leader=null, voted=, raftlog=Memoized:s1@group-40388BE3F4D5-SegmentedRaftLog:OPENED:c-1:lastnull, conf=conf: {index: -1, cur=peers:[]|listeners:[], old=null} STARTING] size=2
2024-12-14 12:24:39,092 INFO  impl.FollowerState (FollowerState.java:runImpl(161)) - s1@group-D132C5ADF328-FollowerState: change to CANDIDATE, lastRpcElapsedTime:425560645ns, electionTimeout:425ms
2024-12-14 12:24:39,092 INFO  impl.RoleInfo (RoleInfo.java:shutdownFollowerState(121)) - s1: shutdown s1@group-D132C5ADF328-FollowerState
2024-12-14 12:24:39,092 INFO  server.RaftServer$Division (RaftServerImpl.java:setRole(379)) - s1@group-D132C5ADF328: changes role from  FOLLOWER to CANDIDATE at term 0 for changeToCandidate
2024-12-14 12:24:39,093 INFO  server.RaftServerConfigKeys (ConfUtils.java:logGet(46)) - raft.server.leaderelection.pre-vote = true (default)
2024-12-14 12:24:39,093 INFO  impl.RoleInfo (RoleInfo.java:updateAndGet(148)) - s1: start s1@group-D132C5ADF328-LeaderElection11
2024-12-14 12:24:39,093 INFO  impl.LeaderElection (LeaderElection.java:askForVotes(332)) - s1@group-D132C5ADF328-LeaderElection11 PRE_VOTE round 0: submit vote requests at term 0 for conf: {index: -1, cur=peers:[s10|0.0.0.0:15010, s0|0.0.0.0:15000, s1|0.0.0.0:15001]|listeners:[], old=null}
2024-12-14 12:24:39,094 INFO  server.RaftServerConfigKeys (ConfUtils.java:logFallback(53)) - raft.server.rpc.first-election.timeout.min = 300ms (fallback to raft.server.rpc.timeout.min)
2024-12-14 12:24:39,094 INFO  server.RaftServerConfigKeys (ConfUtils.java:logFallback(53)) - raft.server.rpc.first-election.timeout.max = 600ms (fallback to raft.server.rpc.timeout.max)
2024-12-14 12:24:39,094 INFO  server.GrpcServerProtocolClient (GrpcServerProtocolClient.java:<init>(65)) - Build channel for s0|0.0.0.0:15000
2024-12-14 12:24:39,094 INFO  server.GrpcServerProtocolClient (GrpcServerProtocolClient.java:<init>(65)) - Build channel for s10|0.0.0.0:15010
2024-12-14 12:24:39,112 INFO  server.RaftServer$Division (RaftServerImpl.java:requestVote(1452)) - s10@group-D132C5ADF328: receive requestVote(PRE_VOTE, s1, group-D132C5ADF328, 0, (t:0, i:0))
2024-12-14 12:24:39,113 INFO  impl.VoteContext (VoteContext.java:log(49)) - s10@group-D132C5ADF328-FOLLOWER: accept PRE_VOTE from s1: our priority 0 <= candidate's priority 0
2024-12-14 12:24:39,113 INFO  server.RaftServer$Division (RaftServerImpl.java:requestVote(1486)) - s10@group-D132C5ADF328 replies to PRE_VOTE vote request: s1<-s10#0:OK-t0. Peer's state: s10@group-D132C5ADF328:t0, leader=null, voted=, raftlog=Memoized:s10@group-D132C5ADF328-SegmentedRaftLog:OPENED:c-1:lastnull, conf=conf: {index: -1, cur=peers:[s10|0.0.0.0:15010, s0|0.0.0.0:15000, s1|0.0.0.0:15001]|listeners:[], old=null}
2024-12-14 12:24:39,115 INFO  impl.LeaderElection (LeaderElection.java:logAndReturn(90)) - s1@group-D132C5ADF328-LeaderElection11: PRE_VOTE PASSED received 1 response(s) and 0 exception(s):
2024-12-14 12:24:39,116 INFO  impl.LeaderElection (LeaderElection.java:logAndReturn(94)) -   Response 0: s1<-s10#0:OK-t0
2024-12-14 12:24:39,116 INFO  impl.LeaderElection (LeaderElection.java:askForVotes(334)) - s1@group-D132C5ADF328-LeaderElection11 PRE_VOTE round 0: result PASSED
2024-12-14 12:24:39,116 INFO  server.RaftServer$Division (RaftServerImpl.java:requestVote(1452)) - s0@group-D132C5ADF328: receive requestVote(PRE_VOTE, s1, group-D132C5ADF328, 0, (t:0, i:0))
2024-12-14 12:24:39,116 TRACE util.FileUtils (LogUtils.java:supplyAndLog(69)) - Successfully supplied FileChannel.open /home/runner/work/ratis/ratis/ratis-examples/target/test/data/da5193cb/MiniRaftClusterWithGrpca0a5e6cd/s1/9651a4ba-d8a3-41bf-9b40-d132c5adf328/current/raft-meta.tmp with options [CREATE, WRITE]: sun.nio.ch.FileChannelImpl@73441072
2024-12-14 12:24:39,116 INFO  impl.VoteContext (VoteContext.java:log(49)) - s0@group-D132C5ADF328-FOLLOWER: accept PRE_VOTE from s1: our priority 0 <= candidate's priority 0
2024-12-14 12:24:39,116 INFO  server.RaftServer$Division (RaftServerImpl.java:requestVote(1486)) - s0@group-D132C5ADF328 replies to PRE_VOTE vote request: s1<-s0#0:OK-t0. Peer's state: s0@group-D132C5ADF328:t0, leader=null, voted=, raftlog=Memoized:s0@group-D132C5ADF328-SegmentedRaftLog:OPENED:c-1:lastnull, conf=conf: {index: -1, cur=peers:[s10|0.0.0.0:15010, s0|0.0.0.0:15000, s1|0.0.0.0:15001]|listeners:[], old=null}
2024-12-14 12:24:39,117 TRACE util.FileUtils (LogUtils.java:runAndLog(49)) - Successfully ran Atomic Files.move /home/runner/work/ratis/ratis/ratis-examples/target/test/data/da5193cb/MiniRaftClusterWithGrpca0a5e6cd/s1/9651a4ba-d8a3-41bf-9b40-d132c5adf328/current/raft-meta.tmp to /home/runner/work/ratis/ratis/ratis-examples/target/test/data/da5193cb/MiniRaftClusterWithGrpca0a5e6cd/s1/9651a4ba-d8a3-41bf-9b40-d132c5adf328/current/raft-meta with options [REPLACE_EXISTING]
2024-12-14 12:24:39,120 INFO  impl.LeaderElection (LeaderElection.java:askForVotes(332)) - s1@group-D132C5ADF328-LeaderElection11 ELECTION round 0: submit vote requests at term 1 for conf: {index: -1, cur=peers:[s10|0.0.0.0:15010, s0|0.0.0.0:15000, s1|0.0.0.0:15001]|listeners:[], old=null}
2024-12-14 12:24:39,121 INFO  server.RaftServerConfigKeys (ConfUtils.java:logFallback(53)) - raft.server.rpc.first-election.timeout.min = 300ms (fallback to raft.server.rpc.timeout.min)
2024-12-14 12:24:39,121 INFO  server.RaftServerConfigKeys (ConfUtils.java:logFallback(53)) - raft.server.rpc.first-election.timeout.max = 600ms (fallback to raft.server.rpc.timeout.max)
2024-12-14 12:24:39,127 INFO  server.RaftServer$Division (RaftServerImpl.java:requestVote(1452)) - s0@group-D132C5ADF328: receive requestVote(ELECTION, s1, group-D132C5ADF328, 1, (t:0, i:0))
2024-12-14 12:24:39,127 INFO  impl.VoteContext (VoteContext.java:log(49)) - s0@group-D132C5ADF328-FOLLOWER: accept ELECTION from s1: our priority 0 <= candidate's priority 0
2024-12-14 12:24:39,128 INFO  server.RaftServer$Division (RaftServerImpl.java:setRole(379)) - s0@group-D132C5ADF328: changes role from  FOLLOWER to FOLLOWER at term 0 for candidate:s1
2024-12-14 12:24:39,128 INFO  impl.RoleInfo (RoleInfo.java:shutdownFollowerState(121)) - s0: shutdown s0@group-D132C5ADF328-FollowerState
2024-12-14 12:24:39,128 INFO  impl.FollowerState (FollowerState.java:runImpl(170)) - s0@group-D132C5ADF328-FollowerState was interrupted
2024-12-14 12:24:39,127 INFO  server.RaftServer$Division (RaftServerImpl.java:requestVote(1452)) - s10@group-D132C5ADF328: receive requestVote(ELECTION, s1, group-D132C5ADF328, 1, (t:0, i:0))
2024-12-14 12:24:39,128 INFO  impl.RoleInfo (RoleInfo.java:updateAndGet(148)) - s0: start s0@group-D132C5ADF328-FollowerState
2024-12-14 12:24:39,128 INFO  impl.VoteContext (VoteContext.java:log(49)) - s10@group-D132C5ADF328-FOLLOWER: accept ELECTION from s1: our priority 0 <= candidate's priority 0
2024-12-14 12:24:39,129 INFO  server.RaftServer$Division (RaftServerImpl.java:setFirstElection(563)) - s0@group-D132C5ADF328: set firstElectionSinceStartup to false for candidate:s1
2024-12-14 12:24:39,129 INFO  server.RaftServer$Division (RaftServerImpl.java:setRole(379)) - s10@group-D132C5ADF328: changes role from  FOLLOWER to FOLLOWER at term 0 for candidate:s1
2024-12-14 12:24:39,129 INFO  impl.RoleInfo (RoleInfo.java:shutdownFollowerState(121)) - s10: shutdown s10@group-D132C5ADF328-FollowerState
2024-12-14 12:24:39,129 TRACE util.FileUtils (LogUtils.java:supplyAndLog(69)) - Successfully supplied FileChannel.open /home/runner/work/ratis/ratis/ratis-examples/target/test/data/da5193cb/MiniRaftClusterWithGrpca0a5e6cd/s0/9651a4ba-d8a3-41bf-9b40-d132c5adf328/current/raft-meta.tmp with options [CREATE, WRITE]: sun.nio.ch.FileChannelImpl@53cd2044
2024-12-14 12:24:39,129 INFO  impl.FollowerState (FollowerState.java:runImpl(170)) - s10@group-D132C5ADF328-FollowerState was interrupted
2024-12-14 12:24:39,129 INFO  impl.RoleInfo (RoleInfo.java:updateAndGet(148)) - s10: start s10@group-D132C5ADF328-FollowerState
2024-12-14 12:24:39,130 INFO  server.RaftServer$Division (RaftServerImpl.java:setFirstElection(563)) - s10@group-D132C5ADF328: set firstElectionSinceStartup to false for candidate:s1
2024-12-14 12:24:39,130 TRACE util.FileUtils (LogUtils.java:supplyAndLog(69)) - Successfully supplied FileChannel.open /home/runner/work/ratis/ratis/ratis-examples/target/test/data/da5193cb/MiniRaftClusterWithGrpca0a5e6cd/s10/9651a4ba-d8a3-41bf-9b40-d132c5adf328/current/raft-meta.tmp with options [CREATE, WRITE]: sun.nio.ch.FileChannelImpl@f705300
2024-12-14 12:24:39,131 TRACE util.FileUtils (LogUtils.java:runAndLog(49)) - Successfully ran Atomic Files.move /home/runner/work/ratis/ratis/ratis-examples/target/test/data/da5193cb/MiniRaftClusterWithGrpca0a5e6cd/s0/9651a4ba-d8a3-41bf-9b40-d132c5adf328/current/raft-meta.tmp to /home/runner/work/ratis/ratis/ratis-examples/target/test/data/da5193cb/MiniRaftClusterWithGrpca0a5e6cd/s0/9651a4ba-d8a3-41bf-9b40-d132c5adf328/current/raft-meta with options [REPLACE_EXISTING]
2024-12-14 12:24:39,131 INFO  server.RaftServer$Division (RaftServerImpl.java:requestVote(1486)) - s0@group-D132C5ADF328 replies to ELECTION vote request: s1<-s0#0:OK-t1. Peer's state: s0@group-D132C5ADF328:t1, leader=null, voted=s1, raftlog=Memoized:s0@group-D132C5ADF328-SegmentedRaftLog:OPENED:c-1:lastnull, conf=conf: {index: -1, cur=peers:[s10|0.0.0.0:15010, s0|0.0.0.0:15000, s1|0.0.0.0:15001]|listeners:[], old=null}
2024-12-14 12:24:39,131 TRACE util.FileUtils (LogUtils.java:runAndLog(49)) - Successfully ran Atomic Files.move /home/runner/work/ratis/ratis/ratis-examples/target/test/data/da5193cb/MiniRaftClusterWithGrpca0a5e6cd/s10/9651a4ba-d8a3-41bf-9b40-d132c5adf328/current/raft-meta.tmp to /home/runner/work/ratis/ratis/ratis-examples/target/test/data/da5193cb/MiniRaftClusterWithGrpca0a5e6cd/s10/9651a4ba-d8a3-41bf-9b40-d132c5adf328/current/raft-meta with options [REPLACE_EXISTING]
2024-12-14 12:24:39,131 INFO  server.RaftServer$Division (RaftServerImpl.java:requestVote(1486)) - s10@group-D132C5ADF328 replies to ELECTION vote request: s1<-s10#0:OK-t1. Peer's state: s10@group-D132C5ADF328:t1, leader=null, voted=s1, raftlog=Memoized:s10@group-D132C5ADF328-SegmentedRaftLog:OPENED:c-1:lastnull, conf=conf: {index: -1, cur=peers:[s10|0.0.0.0:15010, s0|0.0.0.0:15000, s1|0.0.0.0:15001]|listeners:[], old=null}
2024-12-14 12:24:39,133 INFO  impl.LeaderElection (LeaderElection.java:logAndReturn(90)) - s1@group-D132C5ADF328-LeaderElection11: ELECTION PASSED received 1 response(s) and 0 exception(s):
2024-12-14 12:24:39,133 INFO  impl.LeaderElection (LeaderElection.java:logAndReturn(94)) -   Response 0: s1<-s10#0:OK-t1
2024-12-14 12:24:39,133 INFO  impl.LeaderElection (LeaderElection.java:askForVotes(334)) - s1@group-D132C5ADF328-LeaderElection11 ELECTION round 0: result PASSED
2024-12-14 12:24:39,133 INFO  impl.RoleInfo (RoleInfo.java:shutdownLeaderElection(141)) - s1: shutdown s1@group-D132C5ADF328-LeaderElection11
2024-12-14 12:24:39,133 INFO  server.RaftServer$Division (RaftServerImpl.java:setRole(379)) - s1@group-D132C5ADF328: changes role from CANDIDATE to LEADER at term 1 for changeToLeader
2024-12-14 12:24:39,133 INFO  server.RaftServerConfigKeys (ConfUtils.java:logGet(46)) - raft.server.staging.catchup.gap = 1000 (default)
2024-12-14 12:24:39,134 INFO  server.RaftServerConfigKeys (ConfUtils.java:logGet(46)) - raft.server.write.element-limit = 4096 (default)
2024-12-14 12:24:39,134 INFO  server.RaftServerConfigKeys (ConfUtils.java:logGet(46)) - raft.server.write.byte-limit = 64MB (=67108864) (default)
2024-12-14 12:24:39,134 INFO  server.RaftServerConfigKeys (ConfUtils.java:logGet(46)) - raft.server.watch.timeout = 10s (default)
2024-12-14 12:24:39,134 INFO  server.RaftServerConfigKeys (ConfUtils.java:logGet(46)) - raft.server.watch.timeout.denomination = 1s (default)
2024-12-14 12:24:39,134 INFO  server.RaftServerConfigKeys (ConfUtils.java:logGet(46)) - raft.server.watch.element-limit = 65536 (default)
2024-12-14 12:24:39,134 INFO  server.RaftServerConfigKeys (ConfUtils.java:logGet(46)) - raft.server.read.leader.lease.enabled = false (default)
2024-12-14 12:24:39,134 INFO  server.RaftServerConfigKeys (ConfUtils.java:logGet(46)) - raft.server.read.leader.lease.timeout.ratio = 0.9 (default)
2024-12-14 12:24:39,134 INFO  server.RaftServerConfigKeys (ConfUtils.java:logGet(46)) - raft.server.rpc.timeout.min = 300ms (custom)
2024-12-14 12:24:39,134 INFO  server.RaftServerConfigKeys (ConfUtils.java:logGet(46)) - raft.server.log.log-metadata.enabled = true (default)
2024-12-14 12:24:39,134 INFO  server.RaftServerConfigKeys (ConfUtils.java:logGet(46)) - raft.server.write.element-limit = 4096 (default)
2024-12-14 12:24:39,134 INFO  server.RaftServerConfigKeys (ConfUtils.java:logGet(46)) - raft.server.write.follower.gap.ratio.max = -1.0 (default)
2024-12-14 12:24:39,139 INFO  server.RaftServerConfigKeys (ConfUtils.java:logGet(46)) - raft.server.log.appender.snapshot.chunk.size.max = 16MB (=16777216) (default)
2024-12-14 12:24:39,139 INFO  server.RaftServerConfigKeys (ConfUtils.java:logGet(46)) - raft.server.log.appender.buffer.byte-limit = 4MB (=4194304) (default)
2024-12-14 12:24:39,139 INFO  server.RaftServerConfigKeys (ConfUtils.java:logGet(46)) - raft.server.log.appender.buffer.element-limit = 0 (default)
2024-12-14 12:24:39,140 INFO  server.RaftServerConfigKeys (ConfUtils.java:logGet(46)) - raft.server.log.appender.wait-time.min = 1ms (default)
2024-12-14 12:24:39,140 INFO  grpc.GrpcConfigKeys (ConfUtils.java:logGet(46)) - raft.grpc.server.leader.outstanding.appends.max = 8 (default)
2024-12-14 12:24:39,141 INFO  server.RaftServerConfigKeys (ConfUtils.java:logGet(46)) - raft.server.rpc.request.timeout = 3000ms (default)
2024-12-14 12:24:39,141 INFO  grpc.GrpcConfigKeys (ConfUtils.java:logGet(46)) - raft.grpc.server.install_snapshot.request.element-limit = 8 (default)
2024-12-14 12:24:39,141 INFO  grpc.GrpcConfigKeys (ConfUtils.java:logGet(46)) - raft.grpc.server.install_snapshot.request.timeout = 3000ms (default)
2024-12-14 12:24:39,141 INFO  grpc.GrpcConfigKeys (ConfUtils.java:logGet(46)) - raft.grpc.server.log-message.batch.duration = 5s (default)
2024-12-14 12:24:39,141 INFO  server.RaftServerConfigKeys (ConfUtils.java:logGet(46)) - raft.server.log.appender.install.snapshot.enabled = true (default)
2024-12-14 12:24:39,141 INFO  grpc.GrpcConfigKeys (ConfUtils.java:logGet(46)) - raft.grpc.server.heartbeat.channel = true (default)
2024-12-14 12:24:39,144 INFO  server.RaftServerConfigKeys (ConfUtils.java:logGet(46)) - raft.server.log.appender.snapshot.chunk.size.max = 16MB (=16777216) (default)
2024-12-14 12:24:39,144 INFO  server.RaftServerConfigKeys (ConfUtils.java:logGet(46)) - raft.server.log.appender.buffer.byte-limit = 4MB (=4194304) (default)
2024-12-14 12:24:39,144 INFO  server.RaftServerConfigKeys (ConfUtils.java:logGet(46)) - raft.server.log.appender.buffer.element-limit = 0 (default)
2024-12-14 12:24:39,144 INFO  server.RaftServerConfigKeys (ConfUtils.java:logGet(46)) - raft.server.log.appender.wait-time.min = 1ms (default)
2024-12-14 12:24:39,144 INFO  grpc.GrpcConfigKeys (ConfUtils.java:logGet(46)) - raft.grpc.server.leader.outstanding.appends.max = 8 (default)
2024-12-14 12:24:39,144 INFO  server.RaftServerConfigKeys (ConfUtils.java:logGet(46)) - raft.server.rpc.request.timeout = 3000ms (default)
2024-12-14 12:24:39,144 INFO  grpc.GrpcConfigKeys (ConfUtils.java:logGet(46)) - raft.grpc.server.install_snapshot.request.element-limit = 8 (default)
2024-12-14 12:24:39,144 INFO  grpc.GrpcConfigKeys (ConfUtils.java:logGet(46)) - raft.grpc.server.install_snapshot.request.timeout = 3000ms (default)
2024-12-14 12:24:39,145 INFO  grpc.GrpcConfigKeys (ConfUtils.java:logGet(46)) - raft.grpc.server.log-message.batch.duration = 5s (default)
2024-12-14 12:24:39,145 INFO  server.RaftServerConfigKeys (ConfUtils.java:logGet(46)) - raft.server.log.appender.install.snapshot.enabled = true (default)
2024-12-14 12:24:39,145 INFO  grpc.GrpcConfigKeys (ConfUtils.java:logGet(46)) - raft.grpc.server.heartbeat.channel = true (default)
2024-12-14 12:24:39,145 INFO  impl.RoleInfo (RoleInfo.java:updateAndGet(148)) - s1: start s1@group-D132C5ADF328-LeaderStateImpl
2024-12-14 12:24:39,145 INFO  server.RaftServer$Division (RaftServerImpl.java:setFirstElection(563)) - s1@group-D132C5ADF328: set firstElectionSinceStartup to false for becomeLeader
2024-12-14 12:24:39,145 INFO  server.RaftServer$Division (ServerState.java:setLeader(272)) - s1@group-D132C5ADF328: change Leader from null to s1 at term 1 for becomeLeader, leader elected after 488ms
2024-12-14 12:24:39,145 INFO  segmented.SegmentedRaftLogWorker (SegmentedRaftLogWorker.java:startLogSegment(443)) - s1@group-D132C5ADF328-SegmentedRaftLogWorker: Starting segment from index:0
2024-12-14 12:24:39,146 INFO  server.RaftServer$Division (ServerState.java:setRaftConf(386)) - s1@group-D132C5ADF328: set configuration conf: {index: 0, cur=peers:[s10|0.0.0.0:15010, s0|0.0.0.0:15000, s1|0.0.0.0:15001]|listeners:[], old=null}
2024-12-14 12:24:39,146 INFO  segmented.BufferedWriteChannel (BufferedWriteChannel.java:open(61)) - open log_inprogress_0 at position 0
2024-12-14 12:24:39,157 INFO  segmented.SegmentedRaftLogWorker (SegmentedRaftLogWorker.java:execute(667)) - s1@group-D132C5ADF328-SegmentedRaftLogWorker: created new log segment /home/runner/work/ratis/ratis/ratis-examples/target/test/data/da5193cb/MiniRaftClusterWithGrpca0a5e6cd/s1/9651a4ba-d8a3-41bf-9b40-d132c5adf328/current/log_inprogress_0
2024-12-14 12:24:39,179 INFO  server.RaftServer$Division (ServerState.java:setLeader(272)) - s0@group-D132C5ADF328: change Leader from null to s1 at term 1 for appendEntries, leader elected after 579ms
2024-12-14 12:24:39,184 INFO  server.RaftServer$Division (ServerState.java:setRaftConf(386)) - s0@group-D132C5ADF328: set configuration conf: {index: 0, cur=peers:[s10|0.0.0.0:15010, s0|0.0.0.0:15000, s1|0.0.0.0:15001]|listeners:[], old=null}
2024-12-14 12:24:39,184 INFO  segmented.SegmentedRaftLogWorker (SegmentedRaftLogWorker.java:startLogSegment(443)) - s0@group-D132C5ADF328-SegmentedRaftLogWorker: Starting segment from index:0
2024-12-14 12:24:39,185 INFO  server.RaftServer$Division (ServerState.java:setLeader(272)) - s10@group-D132C5ADF328: change Leader from null to s1 at term 1 for appendEntries, leader elected after 490ms
2024-12-14 12:24:39,189 INFO  segmented.BufferedWriteChannel (BufferedWriteChannel.java:open(61)) - open log_inprogress_0 at position 0
2024-12-14 12:24:39,198 INFO  server.RaftServer$Division (ServerState.java:setRaftConf(386)) - s10@group-D132C5ADF328: set configuration conf: {index: 0, cur=peers:[s10|0.0.0.0:15010, s0|0.0.0.0:15000, s1|0.0.0.0:15001]|listeners:[], old=null}
2024-12-14 12:24:39,199 INFO  segmented.SegmentedRaftLogWorker (SegmentedRaftLogWorker.java:startLogSegment(443)) - s10@group-D132C5ADF328-SegmentedRaftLogWorker: Starting segment from index:0
2024-12-14 12:24:39,199 INFO  segmented.SegmentedRaftLogWorker (SegmentedRaftLogWorker.java:execute(667)) - s0@group-D132C5ADF328-SegmentedRaftLogWorker: created new log segment /home/runner/work/ratis/ratis/ratis-examples/target/test/data/da5193cb/MiniRaftClusterWithGrpca0a5e6cd/s0/9651a4ba-d8a3-41bf-9b40-d132c5adf328/current/log_inprogress_0
2024-12-14 12:24:39,199 INFO  segmented.BufferedWriteChannel (BufferedWriteChannel.java:open(61)) - open log_inprogress_0 at position 0
2024-12-14 12:24:39,202 TRACE util.FileUtils (LogUtils.java:supplyAndLog(69)) - Successfully supplied FileChannel.open /home/runner/work/ratis/ratis/ratis-examples/target/test/data/da5193cb/MiniRaftClusterWithGrpca0a5e6cd/s1/9651a4ba-d8a3-41bf-9b40-d132c5adf328/current/raft-meta.conf.tmp with options [CREATE, WRITE]: sun.nio.ch.FileChannelImpl@1e1d4c7b
2024-12-14 12:24:39,204 TRACE util.FileUtils (LogUtils.java:runAndLog(49)) - Successfully ran Atomic Files.move /home/runner/work/ratis/ratis/ratis-examples/target/test/data/da5193cb/MiniRaftClusterWithGrpca0a5e6cd/s1/9651a4ba-d8a3-41bf-9b40-d132c5adf328/current/raft-meta.conf.tmp to /home/runner/work/ratis/ratis/ratis-examples/target/test/data/da5193cb/MiniRaftClusterWithGrpca0a5e6cd/s1/9651a4ba-d8a3-41bf-9b40-d132c5adf328/current/raft-meta.conf with options [REPLACE_EXISTING]
2024-12-14 12:24:39,204 INFO  server.RaftServer$Division (LeaderStateImpl.java:checkStartIndex(314)) - Leader s1@group-D132C5ADF328-LeaderStateImpl is ready since appliedIndex == startIndex == 0
2024-12-14 12:24:39,210 INFO  segmented.SegmentedRaftLogWorker (SegmentedRaftLogWorker.java:execute(667)) - s10@group-D132C5ADF328-SegmentedRaftLogWorker: created new log segment /home/runner/work/ratis/ratis/ratis-examples/target/test/data/da5193cb/MiniRaftClusterWithGrpca0a5e6cd/s10/9651a4ba-d8a3-41bf-9b40-d132c5adf328/current/log_inprogress_0
2024-12-14 12:24:39,356 TRACE util.FileUtils (LogUtils.java:supplyAndLog(69)) - Successfully supplied FileChannel.open /home/runner/work/ratis/ratis/ratis-examples/target/test/data/da5193cb/MiniRaftClusterWithGrpca0a5e6cd/s0/9651a4ba-d8a3-41bf-9b40-d132c5adf328/current/raft-meta.conf.tmp with options [CREATE, WRITE]: sun.nio.ch.FileChannelImpl@7957bc4
2024-12-14 12:24:39,358 TRACE util.FileUtils (LogUtils.java:runAndLog(49)) - Successfully ran Atomic Files.move /home/runner/work/ratis/ratis/ratis-examples/target/test/data/da5193cb/MiniRaftClusterWithGrpca0a5e6cd/s0/9651a4ba-d8a3-41bf-9b40-d132c5adf328/current/raft-meta.conf.tmp to /home/runner/work/ratis/ratis/ratis-examples/target/test/data/da5193cb/MiniRaftClusterWithGrpca0a5e6cd/s0/9651a4ba-d8a3-41bf-9b40-d132c5adf328/current/raft-meta.conf with options [REPLACE_EXISTING]
2024-12-14 12:24:39,364 TRACE util.FileUtils (LogUtils.java:supplyAndLog(69)) - Successfully supplied FileChannel.open /home/runner/work/ratis/ratis/ratis-examples/target/test/data/da5193cb/MiniRaftClusterWithGrpca0a5e6cd/s10/9651a4ba-d8a3-41bf-9b40-d132c5adf328/current/raft-meta.conf.tmp with options [CREATE, WRITE]: sun.nio.ch.FileChannelImpl@14ee935f
2024-12-14 12:24:39,365 TRACE util.FileUtils (LogUtils.java:runAndLog(49)) - Successfully ran Atomic Files.move /home/runner/work/ratis/ratis/ratis-examples/target/test/data/da5193cb/MiniRaftClusterWithGrpca0a5e6cd/s10/9651a4ba-d8a3-41bf-9b40-d132c5adf328/current/raft-meta.conf.tmp to /home/runner/work/ratis/ratis/ratis-examples/target/test/data/da5193cb/MiniRaftClusterWithGrpca0a5e6cd/s10/9651a4ba-d8a3-41bf-9b40-d132c5adf328/current/raft-meta.conf with options [REPLACE_EXISTING]
2024-12-14 12:24:39,613 INFO  ratis.RaftTestUtil (RaftTestUtil.java:waitForLeader(131)) - printing group-D132C5ADF328
  s10:  RUNNING [
   FOLLOWER s10@group-D132C5ADF328:t1, leader=s1, voted=s1, raftlog=Memoized:s10@group-D132C5ADF328-SegmentedRaftLog:OPENED:c0:last(t:1, i:0), conf=conf: {index: 0, cur=peers:[s10|0.0.0.0:15010, s0|0.0.0.0:15000, s1|0.0.0.0:15001]|listeners:[], old=null} RUNNING
   FOLLOWER s10@group-40388BE3F4D5:t0, leader=null, voted=, raftlog=Memoized:s10@group-40388BE3F4D5-SegmentedRaftLog:OPENED:c-1:lastnull, conf=conf: {index: -1, cur=peers:[]|listeners:[], old=null} STARTING] size=2
  s0:  RUNNING [
   FOLLOWER s0@group-D132C5ADF328:t1, leader=s1, voted=s1, raftlog=Memoized:s0@group-D132C5ADF328-SegmentedRaftLog:OPENED:c0:last(t:1, i:0), conf=conf: {index: 0, cur=peers:[s10|0.0.0.0:15010, s0|0.0.0.0:15000, s1|0.0.0.0:15001]|listeners:[], old=null} RUNNING
   FOLLOWER s0@group-40388BE3F4D5:t0, leader=null, voted=, raftlog=Memoized:s0@group-40388BE3F4D5-SegmentedRaftLog:OPENED:c-1:lastnull, conf=conf: {index: -1, cur=peers:[]|listeners:[], old=null} STARTING] size=2
  s1:  RUNNING [
     LEADER s1@group-D132C5ADF328:t1, leader=s1, voted=s1, raftlog=Memoized:s1@group-D132C5ADF328-SegmentedRaftLog:OPENED:c0:last(t:1, i:0), conf=conf: {index: 0, cur=peers:[s10|0.0.0.0:15010, s0|0.0.0.0:15000, s1|0.0.0.0:15001]|listeners:[], old=null} RUNNING
   FOLLOWER s1@group-40388BE3F4D5:t0, leader=null, voted=, raftlog=Memoized:s1@group-40388BE3F4D5-SegmentedRaftLog:OPENED:c-1:lastnull, conf=conf: {index: -1, cur=peers:[]|listeners:[], old=null} STARTING] size=2
2024-12-14 12:24:39,634 INFO  server.GrpcClientProtocolService (GrpcClientProtocolService.java:lambda$processClientRequest$0(330)) - Failed request cid=3537, reply=RaftClientReply:client-A0585D42CB0E->s10@group-D132C5ADF328, cid=3537, FAILED org.apache.ratis.protocol.exceptions.NotLeaderException: Server s10@group-D132C5ADF328 is not the leader, suggested leader is: s1|0.0.0.0:15001, logIndex=0, commits[s10:c0, s0:c0, s1:c0]
2024-12-14 12:24:39,756 INFO  statemachine.StateMachine (ArithmeticStateMachine.java:applyTransaction(181)) - LEADER:s1-1: a = 3 = 3
2024-12-14 12:24:39,769 INFO  statemachine.StateMachine (ArithmeticStateMachine.java:applyTransaction(181)) - LEADER:s1-3: b = 4 = 4
2024-12-14 12:24:39,779 INFO  statemachine.StateMachine (ArithmeticStateMachine.java:applyTransaction(181)) - LEADER:s1-5: c = √(a^2 + b^2) = 5
2024-12-14 12:24:39,791 INFO  statemachine.StateMachine (ArithmeticStateMachine.java:applyTransaction(181)) - LEADER:s1-7: a = null = null
2024-12-14 12:24:39,801 INFO  statemachine.StateMachine (ArithmeticStateMachine.java:applyTransaction(181)) - LEADER:s1-9: b = null = null
2024-12-14 12:24:39,821 INFO  statemachine.StateMachine (ArithmeticStateMachine.java:applyTransaction(181)) - LEADER:s1-11: c = null = null
2024-12-14 12:24:39,833 INFO  statemachine.StateMachine (ArithmeticStateMachine.java:applyTransaction(181)) - LEADER:s1-13: a = 5 = 5
2024-12-14 12:24:39,847 INFO  statemachine.StateMachine (ArithmeticStateMachine.java:applyTransaction(181)) - LEADER:s1-15: b = 12 = 12
2024-12-14 12:24:39,858 INFO  statemachine.StateMachine (ArithmeticStateMachine.java:applyTransaction(181)) - LEADER:s1-17: c = √(a^2 + b^2) = 13
2024-12-14 12:24:39,870 INFO  statemachine.StateMachine (ArithmeticStateMachine.java:applyTransaction(181)) - LEADER:s1-19: a = null = null
2024-12-14 12:24:39,888 INFO  statemachine.StateMachine (ArithmeticStateMachine.java:applyTransaction(181)) - LEADER:s1-21: b = null = null
2024-12-14 12:24:39,902 INFO  statemachine.StateMachine (ArithmeticStateMachine.java:applyTransaction(181)) - LEADER:s1-23: c = null = null
2024-12-14 12:24:39,914 INFO  statemachine.StateMachine (ArithmeticStateMachine.java:applyTransaction(181)) - LEADER:s1-25: a = 7 = 7
2024-12-14 12:24:39,925 INFO  statemachine.StateMachine (ArithmeticStateMachine.java:applyTransaction(181)) - LEADER:s1-27: b = 24 = 24
2024-12-14 12:24:39,935 INFO  statemachine.StateMachine (ArithmeticStateMachine.java:applyTransaction(181)) - LEADER:s1-29: c = √(a^2 + b^2) = 25
2024-12-14 12:24:39,945 INFO  statemachine.StateMachine (ArithmeticStateMachine.java:applyTransaction(181)) - LEADER:s1-31: a = null = null
2024-12-14 12:24:39,955 INFO  statemachine.StateMachine (ArithmeticStateMachine.java:applyTransaction(181)) - LEADER:s1-33: b = null = null
2024-12-14 12:24:39,971 INFO  statemachine.StateMachine (ArithmeticStateMachine.java:applyTransaction(181)) - LEADER:s1-35: c = null = null
2024-12-14 12:24:39,981 INFO  statemachine.StateMachine (ArithmeticStateMachine.java:applyTransaction(181)) - LEADER:s1-37: a = 9 = 9
2024-12-14 12:24:39,992 INFO  statemachine.StateMachine (ArithmeticStateMachine.java:applyTransaction(181)) - LEADER:s1-39: b = 40 = 40
2024-12-14 12:24:40,001 INFO  statemachine.StateMachine (ArithmeticStateMachine.java:applyTransaction(181)) - LEADER:s1-41: c = √(a^2 + b^2) = 41
2024-12-14 12:24:40,010 INFO  statemachine.StateMachine (ArithmeticStateMachine.java:applyTransaction(181)) - LEADER:s1-43: a = null = null
2024-12-14 12:24:40,025 INFO  statemachine.StateMachine (ArithmeticStateMachine.java:applyTransaction(181)) - LEADER:s1-45: b = null = null
2024-12-14 12:24:40,038 INFO  statemachine.StateMachine (ArithmeticStateMachine.java:applyTransaction(181)) - LEADER:s1-47: c = null = null
2024-12-14 12:24:40,057 INFO  statemachine.StateMachine (ArithmeticStateMachine.java:applyTransaction(181)) - LEADER:s1-49: a = 11 = 11
2024-12-14 12:24:40,069 INFO  statemachine.StateMachine (ArithmeticStateMachine.java:applyTransaction(181)) - LEADER:s1-51: b = 60 = 60
2024-12-14 12:24:40,083 INFO  statemachine.StateMachine (ArithmeticStateMachine.java:applyTransaction(181)) - LEADER:s1-53: c = √(a^2 + b^2) = 61
2024-12-14 12:24:40,093 INFO  statemachine.StateMachine (ArithmeticStateMachine.java:applyTransaction(181)) - LEADER:s1-55: a = null = null
2024-12-14 12:24:40,104 INFO  statemachine.StateMachine (ArithmeticStateMachine.java:applyTransaction(181)) - LEADER:s1-57: b = null = null
2024-12-14 12:24:40,114 INFO  statemachine.StateMachine (ArithmeticStateMachine.java:applyTransaction(181)) - LEADER:s1-59: c = null = null
2024-12-14 12:24:40,123 INFO  statemachine.StateMachine (ArithmeticStateMachine.java:applyTransaction(181)) - LEADER:s1-61: a = 13 = 13
2024-12-14 12:24:40,133 INFO  statemachine.StateMachine (ArithmeticStateMachine.java:applyTransaction(181)) - LEADER:s1-63: b = 84 = 84
2024-12-14 12:24:40,142 INFO  statemachine.StateMachine (ArithmeticStateMachine.java:applyTransaction(181)) - LEADER:s1-65: c = √(a^2 + b^2) = 85
2024-12-14 12:24:40,157 INFO  statemachine.StateMachine (ArithmeticStateMachine.java:applyTransaction(181)) - LEADER:s1-67: a = null = null
2024-12-14 12:24:40,170 INFO  statemachine.StateMachine (ArithmeticStateMachine.java:applyTransaction(181)) - LEADER:s1-69: b = null = null
2024-12-14 12:24:40,178 INFO  statemachine.StateMachine (ArithmeticStateMachine.java:applyTransaction(181)) - LEADER:s1-71: c = null = null
2024-12-14 12:24:40,185 INFO  statemachine.StateMachine (ArithmeticStateMachine.java:applyTransaction(181)) - LEADER:s1-73: a = 15 = 15
2024-12-14 12:24:40,192 INFO  statemachine.StateMachine (ArithmeticStateMachine.java:applyTransaction(181)) - LEADER:s1-75: b = 112 = 112
2024-12-14 12:24:40,199 INFO  statemachine.StateMachine (ArithmeticStateMachine.java:applyTransaction(181)) - LEADER:s1-77: c = √(a^2 + b^2) = 113
2024-12-14 12:24:40,209 INFO  statemachine.StateMachine (ArithmeticStateMachine.java:applyTransaction(181)) - LEADER:s1-79: a = null = null
2024-12-14 12:24:40,216 INFO  statemachine.StateMachine (ArithmeticStateMachine.java:applyTransaction(181)) - LEADER:s1-81: b = null = null
2024-12-14 12:24:40,221 INFO  statemachine.StateMachine (ArithmeticStateMachine.java:applyTransaction(181)) - LEADER:s1-83: c = null = null
2024-12-14 12:24:40,227 INFO  statemachine.StateMachine (ArithmeticStateMachine.java:applyTransaction(181)) - LEADER:s1-85: a = 17 = 17
2024-12-14 12:24:40,234 INFO  statemachine.StateMachine (ArithmeticStateMachine.java:applyTransaction(181)) - LEADER:s1-87: b = 144 = 144
2024-12-14 12:24:40,240 INFO  statemachine.StateMachine (ArithmeticStateMachine.java:applyTransaction(181)) - LEADER:s1-89: c = √(a^2 + b^2) = 145
2024-12-14 12:24:40,246 INFO  statemachine.StateMachine (ArithmeticStateMachine.java:applyTransaction(181)) - LEADER:s1-91: a = null = null
2024-12-14 12:24:40,252 INFO  statemachine.StateMachine (ArithmeticStateMachine.java:applyTransaction(181)) - LEADER:s1-93: b = null = null
2024-12-14 12:24:40,258 INFO  statemachine.StateMachine (ArithmeticStateMachine.java:applyTransaction(181)) - LEADER:s1-95: c = null = null
2024-12-14 12:24:40,268 INFO  statemachine.StateMachine (ArithmeticStateMachine.java:applyTransaction(181)) - LEADER:s1-97: a = 19 = 19
2024-12-14 12:24:40,275 INFO  statemachine.StateMachine (ArithmeticStateMachine.java:applyTransaction(181)) - LEADER:s1-99: b = 180 = 180
2024-12-14 12:24:40,282 INFO  statemachine.StateMachine (ArithmeticStateMachine.java:applyTransaction(181)) - LEADER:s1-101: c = √(a^2 + b^2) = 181
2024-12-14 12:24:40,289 INFO  statemachine.StateMachine (ArithmeticStateMachine.java:applyTransaction(181)) - LEADER:s1-103: a = null = null
2024-12-14 12:24:40,297 INFO  statemachine.StateMachine (ArithmeticStateMachine.java:applyTransaction(181)) - LEADER:s1-105: b = null = null
2024-12-14 12:24:40,304 INFO  statemachine.StateMachine (ArithmeticStateMachine.java:applyTransaction(181)) - LEADER:s1-107: c = null = null
2024-12-14 12:24:40,312 INFO  statemachine.StateMachine (ArithmeticStateMachine.java:applyTransaction(181)) - LEADER:s1-109: a = 21 = 21
2024-12-14 12:24:40,318 INFO  statemachine.StateMachine (ArithmeticStateMachine.java:applyTransaction(181)) - LEADER:s1-111: b = 220 = 220
2024-12-14 12:24:40,323 INFO  statemachine.StateMachine (ArithmeticStateMachine.java:applyTransaction(181)) - LEADER:s1-113: c = √(a^2 + b^2) = 221
2024-12-14 12:24:40,330 INFO  statemachine.StateMachine (ArithmeticStateMachine.java:applyTransaction(181)) - LEADER:s1-115: a = null = null
2024-12-14 12:24:40,335 INFO  statemachine.StateMachine (ArithmeticStateMachine.java:applyTransaction(181)) - LEADER:s1-117: b = null = null
2024-12-14 12:24:40,341 INFO  statemachine.StateMachine (ArithmeticStateMachine.java:applyTransaction(181)) - LEADER:s1-119: c = null = null
2024-12-14 12:24:40,346 INFO  impl.GroupManagementBaseTest (GroupManagementBaseTest.java:runMultiGroupTest(281)) - 1) starting group-9E43CC895C9D:[s11|0.0.0.0:15011, s13|0.0.0.0:15013, s12|0.0.0.0:15012]
2024-12-14 12:24:40,353 INFO  server.RaftServer (RaftServerProxy.java:addNew(101)) - s11: addNew group-9E43CC895C9D:[s11|0.0.0.0:15011, s13|0.0.0.0:15013, s12|0.0.0.0:15012] returns group-9E43CC895C9D:java.util.concurrent.CompletableFuture@61c3f808[Not completed]
2024-12-14 12:24:40,353 INFO  server.RaftServer$Division (RaftServerImpl.java:<init>(256)) - s11: new RaftServerImpl for group-9E43CC895C9D:[s11|0.0.0.0:15011, s13|0.0.0.0:15013, s12|0.0.0.0:15012] with ArithmeticStateMachine:uninitialized
2024-12-14 12:24:40,353 INFO  server.RaftServerConfigKeys (ConfUtils.java:logGet(46)) - raft.server.rpc.timeout.min = 300ms (custom)
2024-12-14 12:24:40,353 INFO  server.RaftServerConfigKeys (ConfUtils.java:logGet(46)) - raft.server.rpc.timeout.max = 600ms (custom)
2024-12-14 12:24:40,353 INFO  server.RaftServerConfigKeys (ConfUtils.java:logGet(46)) - raft.server.rpc.sleep.time = 25ms (default)
2024-12-14 12:24:40,353 INFO  server.RaftServerConfigKeys (ConfUtils.java:logGet(46)) - raft.server.rpc.slowness.timeout = 60s (default)
2024-12-14 12:24:40,353 INFO  server.RaftServerConfigKeys (ConfUtils.java:logGet(46)) - raft.server.leaderelection.leader.step-down.wait-time = 10s (default)
2024-12-14 12:24:40,353 INFO  server.RaftServerConfigKeys (ConfUtils.java:logGet(46)) - raft.server.leaderelection.member.majority-add = false (default)
2024-12-14 12:24:40,354 INFO  server.RaftServerConfigKeys (ConfUtils.java:logGet(46)) - raft.server.sleep.deviation.threshold = 300ms (default)
2024-12-14 12:24:40,354 INFO  server.RaftServer$Division (ServerState.java:<init>(114)) - s11@group-9E43CC895C9D: ConfigurationManager, init=conf: {index: -1, cur=peers:[s11|0.0.0.0:15011, s13|0.0.0.0:15013, s12|0.0.0.0:15012]|listeners:[], old=null}, confs=<EMPTY_MAP>
2024-12-14 12:24:40,354 INFO  server.RaftServerConfigKeys (ConfUtils.java:logGet(46)) - raft.server.notification.no-leader.timeout = 60s (default)
2024-12-14 12:24:40,354 INFO  server.RaftServerConfigKeys (ConfUtils.java:logGet(46)) - raft.server.read.timeout = 10s (default)
2024-12-14 12:24:40,354 INFO  server.RaftServerConfigKeys (ConfUtils.java:logGet(46)) - raft.server.retrycache.expirytime = 60s (default)
2024-12-14 12:24:40,354 INFO  server.RaftServerConfigKeys (ConfUtils.java:logGet(46)) - raft.server.retrycache.statistics.expirytime = 100ms (default)
2024-12-14 12:24:40,354 INFO  server.RaftServerConfigKeys (ConfUtils.java:logGet(46)) - raft.server.read.option = DEFAULT (default)
2024-12-14 12:24:40,354 INFO  server.RaftServerConfigKeys (ConfUtils.java:logGet(46)) - raft.server.read.read-after-write-consistent.write-index-cache.expiry-time = 60s (default)
2024-12-14 12:24:40,355 INFO  server.RaftServerConfigKeys (ConfUtils.java:logGet(46)) - raft.server.rpc.request.timeout = 3000ms (default)
2024-12-14 12:24:40,355 INFO  server.RaftServerConfigKeys (ConfUtils.java:logGet(46)) - raft.server.log.appender.install.snapshot.enabled = true (default)
2024-12-14 12:24:40,355 INFO  server.RaftServerConfigKeys (ConfUtils.java:logGet(46)) - raft.server.threadpool.server.cached = true (default)
2024-12-14 12:24:40,355 INFO  server.RaftServerConfigKeys (ConfUtils.java:logGet(46)) - raft.server.threadpool.server.size = 0 (default)
2024-12-14 12:24:40,355 INFO  server.RaftServerConfigKeys (ConfUtils.java:logGet(46)) - raft.server.threadpool.client.cached = true (default)
2024-12-14 12:24:40,355 INFO  server.RaftServerConfigKeys (ConfUtils.java:logGet(46)) - raft.server.threadpool.client.size = 0 (default)
2024-12-14 12:24:40,355 INFO  server.RaftServerConfigKeys (ConfUtils.java:logGet(46)) - raft.server.storage.free-space.min = 0MB (=0) (default)
2024-12-14 12:24:40,355 INFO  server.RaftServerConfigKeys (ConfUtils.java:logGet(46)) - raft.server.log.corruption.policy = EXCEPTION (default)
2024-12-14 12:24:40,355 INFO  server.RaftServerConfigKeys (ConfUtils.java:logGet(46)) - raft.server.storage.dir = [/home/runner/work/ratis/ratis/ratis-examples/target/test/data/da5193cb/MiniRaftClusterWithGrpca0a5e6cd/s11] (custom)
2024-12-14 12:24:40,356 INFO  storage.RaftStorageDirectory (RaftStorageDirectoryImpl.java:analyzeStorage(138)) - The storage directory /home/runner/work/ratis/ratis/ratis-examples/target/test/data/da5193cb/MiniRaftClusterWithGrpca0a5e6cd/s11/435a4df0-bc52-4a9f-9b5a-9e43cc895c9d does not exist. Creating ...
2024-12-14 12:24:40,356 TRACE util.FileUtils (LogUtils.java:runAndLog(49)) - Successfully ran Files.createDirectories /home/runner/work/ratis/ratis/ratis-examples/target/test/data/da5193cb/MiniRaftClusterWithGrpca0a5e6cd/s11/435a4df0-bc52-4a9f-9b5a-9e43cc895c9d
2024-12-14 12:24:40,357 INFO  storage.RaftStorageDirectory (RaftStorageDirectoryImpl.java:tryLock(229)) - Lock on /home/runner/work/ratis/ratis/ratis-examples/target/test/data/da5193cb/MiniRaftClusterWithGrpca0a5e6cd/s11/435a4df0-bc52-4a9f-9b5a-9e43cc895c9d/in_use.lock acquired by nodename 14700@fv-az733-880
2024-12-14 12:24:40,357 TRACE util.FileUtils (LogUtils.java:runAndLog(49)) - Successfully ran Files.createDirectories /home/runner/work/ratis/ratis/ratis-examples/target/test/data/da5193cb/MiniRaftClusterWithGrpca0a5e6cd/s11/435a4df0-bc52-4a9f-9b5a-9e43cc895c9d/current
2024-12-14 12:24:40,357 TRACE util.FileUtils (LogUtils.java:runAndLog(49)) - Successfully ran Files.createDirectories /home/runner/work/ratis/ratis/ratis-examples/target/test/data/da5193cb/MiniRaftClusterWithGrpca0a5e6cd/s11/435a4df0-bc52-4a9f-9b5a-9e43cc895c9d/sm
2024-12-14 12:24:40,357 TRACE util.FileUtils (LogUtils.java:supplyAndLog(69)) - Successfully supplied FileChannel.open /home/runner/work/ratis/ratis/ratis-examples/target/test/data/da5193cb/MiniRaftClusterWithGrpca0a5e6cd/s11/435a4df0-bc52-4a9f-9b5a-9e43cc895c9d/current/raft-meta.tmp with options [CREATE, WRITE]: sun.nio.ch.FileChannelImpl@12f04811
2024-12-14 12:24:40,358 TRACE util.FileUtils (LogUtils.java:runAndLog(49)) - Successfully ran Atomic Files.move /home/runner/work/ratis/ratis/ratis-examples/target/test/data/da5193cb/MiniRaftClusterWithGrpca0a5e6cd/s11/435a4df0-bc52-4a9f-9b5a-9e43cc895c9d/current/raft-meta.tmp to /home/runner/work/ratis/ratis/ratis-examples/target/test/data/da5193cb/MiniRaftClusterWithGrpca0a5e6cd/s11/435a4df0-bc52-4a9f-9b5a-9e43cc895c9d/current/raft-meta with options [REPLACE_EXISTING]
2024-12-14 12:24:40,358 INFO  storage.RaftStorage (RaftStorageImpl.java:format(98)) - Storage directory /home/runner/work/ratis/ratis/ratis-examples/target/test/data/da5193cb/MiniRaftClusterWithGrpca0a5e6cd/s11/435a4df0-bc52-4a9f-9b5a-9e43cc895c9d has been successfully formatted.
2024-12-14 12:24:40,358 WARN  statemachine.StateMachine (ArithmeticStateMachine.java:loadSnapshot(115)) - The snapshot info is null.
2024-12-14 12:24:40,358 INFO  server.RaftServerConfigKeys (ConfUtils.java:logGet(46)) - raft.server.log.use.memory = false (default)
2024-12-14 12:24:40,358 INFO  server.RaftServerConfigKeys (ConfUtils.java:logGet(46)) - raft.server.log.purge.gap = 1024 (default)
2024-12-14 12:24:40,358 INFO  server.RaftServerConfigKeys (ConfUtils.java:logGet(46)) - raft.server.log.appender.buffer.byte-limit = 4MB (=4194304) (default)
2024-12-14 12:24:40,358 INFO  server.RaftServerConfigKeys (ConfUtils.java:logGet(46)) - raft.server.log.statemachine.data.read.timeout = 1000ms (default)
2024-12-14 12:24:40,358 INFO  server.RaftServerConfigKeys (ConfUtils.java:logGet(46)) - raft.server.log.purge.preservation.log.num = 0 (default)
2024-12-14 12:24:40,359 INFO  server.RaftServerConfigKeys (ConfUtils.java:logGet(46)) - raft.server.log.segment.size.max = 32MB (=33554432) (default)
2024-12-14 12:24:40,359 INFO  server.RaftServerConfigKeys (ConfUtils.java:logGet(46)) - raft.server.log.segment.cache.num.max = 6 (default)
2024-12-14 12:24:40,359 INFO  server.RaftServerConfigKeys (ConfUtils.java:logGet(46)) - raft.server.log.segment.cache.size.max = 200MB (=209715200) (default)
2024-12-14 12:24:40,359 INFO  server.RaftServerConfigKeys (ConfUtils.java:logGet(46)) - raft.server.log.appender.buffer.byte-limit = 4MB (=4194304) (default)
2024-12-14 12:24:40,359 INFO  util.AwaitToRun (AwaitToRun.java:start(81)) - Thread[s11@group-9E43CC895C9D-cacheEviction-AwaitToRun,5,main] started
2024-12-14 12:24:40,359 INFO  segmented.SegmentedRaftLogWorker (SegmentedRaftLogWorker.java:<init>(189)) - new s11@group-9E43CC895C9D-SegmentedRaftLogWorker for RaftStorageImpl:Storage Directory /home/runner/work/ratis/ratis/ratis-examples/target/test/data/da5193cb/MiniRaftClusterWithGrpca0a5e6cd/s11/435a4df0-bc52-4a9f-9b5a-9e43cc895c9d
2024-12-14 12:24:40,359 INFO  server.RaftServerConfigKeys (ConfUtils.java:logGet(46)) - raft.server.log.queue.byte-limit = 64MB (=67108864) (default)
2024-12-14 12:24:40,359 INFO  server.RaftServerConfigKeys (ConfUtils.java:logGet(46)) - raft.server.log.queue.element-limit = 4096 (default)
2024-12-14 12:24:40,359 INFO  server.RaftServerConfigKeys (ConfUtils.java:logGet(46)) - raft.server.log.segment.size.max = 32MB (=33554432) (default)
2024-12-14 12:24:40,359 INFO  server.RaftServerConfigKeys (ConfUtils.java:logGet(46)) - raft.server.log.preallocated.size = 4MB (=4194304) (default)
2024-12-14 12:24:40,359 INFO  server.RaftServerConfigKeys (ConfUtils.java:logGet(46)) - raft.server.log.force.sync.num = 128 (default)
2024-12-14 12:24:40,359 INFO  server.RaftServerConfigKeys (ConfUtils.java:logGet(46)) - raft.server.log.statemachine.data.sync = true (default)
2024-12-14 12:24:40,359 INFO  server.RaftServerConfigKeys (ConfUtils.java:logGet(46)) - raft.server.log.statemachine.data.sync.timeout = 10s (default)
2024-12-14 12:24:40,360 INFO  server.RaftServerConfigKeys (ConfUtils.java:logGet(46)) - raft.server.log.statemachine.data.sync.timeout.retry = -1 (default)
2024-12-14 12:24:40,360 INFO  server.RaftServerConfigKeys (ConfUtils.java:logGet(46)) - raft.server.log.write.buffer.size = 8MB (=8388608) (default)
2024-12-14 12:24:40,362 INFO  server.RaftServerConfigKeys (ConfUtils.java:logGet(46)) - raft.server.log.appender.buffer.byte-limit = 4MB (=4194304) (default)
2024-12-14 12:24:40,362 INFO  server.RaftServerConfigKeys (ConfUtils.java:logGet(46)) - raft.server.log.unsafe-flush.enabled = false (default)
2024-12-14 12:24:40,362 INFO  server.RaftServerConfigKeys (ConfUtils.java:logGet(46)) - raft.server.log.async-flush.enabled = false (default)
2024-12-14 12:24:40,362 INFO  server.RaftServerConfigKeys (ConfUtils.java:logGet(46)) - raft.server.log.statemachine.data.caching.enabled = false (default)
2024-12-14 12:24:40,362 INFO  segmented.SegmentedRaftLogWorker (SegmentedRaftLogWorker.java:lambda$new$0(140)) - s11@group-9E43CC895C9D-SegmentedRaftLogWorker: flushIndex: setUnconditionally 0 -> -1
2024-12-14 12:24:40,362 INFO  segmented.SegmentedRaftLogWorker (SegmentedRaftLogWorker.java:lambda$new$0(140)) - s11@group-9E43CC895C9D-SegmentedRaftLogWorker: safeCacheEvictIndex: setUnconditionally 0 -> -1
2024-12-14 12:24:40,362 INFO  server.RaftServer$Division (RaftServerImpl.java:start(392)) - s11@group-9E43CC895C9D: start as a follower, conf=conf: {index: -1, cur=peers:[s11|0.0.0.0:15011, s13|0.0.0.0:15013, s12|0.0.0.0:15012]|listeners:[], old=null}
2024-12-14 12:24:40,362 INFO  server.RaftServer$Division (RaftServerImpl.java:setRole(379)) - s11@group-9E43CC895C9D: changes role from      null to FOLLOWER at term 0 for startAsFollower
2024-12-14 12:24:40,362 INFO  impl.RoleInfo (RoleInfo.java:updateAndGet(148)) - s11: start s11@group-9E43CC895C9D-FollowerState
2024-12-14 12:24:40,363 INFO  server.RaftServerConfigKeys (ConfUtils.java:logFallback(53)) - raft.server.rpc.first-election.timeout.min = 300ms (fallback to raft.server.rpc.timeout.min)
2024-12-14 12:24:40,363 INFO  util.JmxRegister (JmxRegister.java:tryRegister(44)) - Successfully registered JMX Bean with object name Ratis:service=RaftServer,group=group-9E43CC895C9D,id=s11
2024-12-14 12:24:40,363 INFO  util.JmxRegister (JmxRegister.java:register(58)) - register mxBean class org.apache.ratis.server.impl.RaftServerJmxAdapter as Ratis:service=RaftServer,group=group-9E43CC895C9D,id=s11
2024-12-14 12:24:40,363 INFO  server.RaftServerConfigKeys (ConfUtils.java:logGet(46)) - raft.server.snapshot.trigger-when-stop.enabled = true (default)
2024-12-14 12:24:40,363 INFO  server.RaftServerConfigKeys (ConfUtils.java:logGet(46)) - raft.server.snapshot.trigger-when-remove.enabled = true (default)
2024-12-14 12:24:40,363 INFO  server.RaftServerConfigKeys (ConfUtils.java:logGet(46)) - raft.server.snapshot.auto.trigger.enabled = false (default)
2024-12-14 12:24:40,363 INFO  server.RaftServerConfigKeys (ConfUtils.java:logGet(46)) - raft.server.snapshot.retention.file.num = -1 (default)
2024-12-14 12:24:40,363 INFO  server.RaftServerConfigKeys (ConfUtils.java:logGet(46)) - raft.server.log.purge.upto.snapshot.index = false (default)
2024-12-14 12:24:40,363 INFO  server.RaftServerConfigKeys (ConfUtils.java:logFallback(53)) - raft.server.rpc.first-election.timeout.max = 600ms (fallback to raft.server.rpc.timeout.max)
2024-12-14 12:24:40,363 INFO  server.RaftServer$Division (RaftServerImpl.java:start(406)) - s11@group-9E43CC895C9D: Successfully started.
2024-12-14 12:24:40,377 INFO  server.RaftServer (RaftServerProxy.java:addNew(101)) - s12: addNew group-9E43CC895C9D:[s11|0.0.0.0:15011, s13|0.0.0.0:15013, s12|0.0.0.0:15012] returns group-9E43CC895C9D:java.util.concurrent.CompletableFuture@25e63522[Not completed]
2024-12-14 12:24:40,377 INFO  server.RaftServer$Division (RaftServerImpl.java:<init>(256)) - s12: new RaftServerImpl for group-9E43CC895C9D:[s11|0.0.0.0:15011, s13|0.0.0.0:15013, s12|0.0.0.0:15012] with ArithmeticStateMachine:uninitialized
2024-12-14 12:24:40,378 INFO  server.RaftServerConfigKeys (ConfUtils.java:logGet(46)) - raft.server.rpc.timeout.min = 300ms (custom)
2024-12-14 12:24:40,378 INFO  server.RaftServerConfigKeys (ConfUtils.java:logGet(46)) - raft.server.rpc.timeout.max = 600ms (custom)
2024-12-14 12:24:40,378 INFO  server.RaftServerConfigKeys (ConfUtils.java:logGet(46)) - raft.server.rpc.sleep.time = 25ms (default)
2024-12-14 12:24:40,378 INFO  server.RaftServerConfigKeys (ConfUtils.java:logGet(46)) - raft.server.rpc.slowness.timeout = 60s (default)
2024-12-14 12:24:40,378 INFO  server.RaftServerConfigKeys (ConfUtils.java:logGet(46)) - raft.server.leaderelection.leader.step-down.wait-time = 10s (default)
2024-12-14 12:24:40,378 INFO  server.RaftServerConfigKeys (ConfUtils.java:logGet(46)) - raft.server.leaderelection.member.majority-add = false (default)
2024-12-14 12:24:40,378 INFO  server.RaftServerConfigKeys (ConfUtils.java:logGet(46)) - raft.server.sleep.deviation.threshold = 300ms (default)
2024-12-14 12:24:40,378 INFO  server.RaftServer$Division (ServerState.java:<init>(114)) - s12@group-9E43CC895C9D: ConfigurationManager, init=conf: {index: -1, cur=peers:[s11|0.0.0.0:15011, s13|0.0.0.0:15013, s12|0.0.0.0:15012]|listeners:[], old=null}, confs=<EMPTY_MAP>
2024-12-14 12:24:40,378 INFO  server.RaftServerConfigKeys (ConfUtils.java:logGet(46)) - raft.server.notification.no-leader.timeout = 60s (default)
2024-12-14 12:24:40,378 INFO  server.RaftServerConfigKeys (ConfUtils.java:logGet(46)) - raft.server.read.timeout = 10s (default)
2024-12-14 12:24:40,378 INFO  server.RaftServerConfigKeys (ConfUtils.java:logGet(46)) - raft.server.retrycache.expirytime = 60s (default)
2024-12-14 12:24:40,378 INFO  server.RaftServerConfigKeys (ConfUtils.java:logGet(46)) - raft.server.retrycache.statistics.expirytime = 100ms (default)
2024-12-14 12:24:40,378 INFO  server.RaftServerConfigKeys (ConfUtils.java:logGet(46)) - raft.server.read.option = DEFAULT (default)
2024-12-14 12:24:40,378 INFO  server.RaftServerConfigKeys (ConfUtils.java:logGet(46)) - raft.server.read.read-after-write-consistent.write-index-cache.expiry-time = 60s (default)
2024-12-14 12:24:40,379 INFO  server.RaftServerConfigKeys (ConfUtils.java:logGet(46)) - raft.server.rpc.request.timeout = 3000ms (default)
2024-12-14 12:24:40,379 INFO  server.RaftServerConfigKeys (ConfUtils.java:logGet(46)) - raft.server.log.appender.install.snapshot.enabled = true (default)
2024-12-14 12:24:40,379 INFO  server.RaftServerConfigKeys (ConfUtils.java:logGet(46)) - raft.server.threadpool.server.cached = true (default)
2024-12-14 12:24:40,379 INFO  server.RaftServerConfigKeys (ConfUtils.java:logGet(46)) - raft.server.threadpool.server.size = 0 (default)
2024-12-14 12:24:40,379 INFO  server.RaftServerConfigKeys (ConfUtils.java:logGet(46)) - raft.server.threadpool.client.cached = true (default)
2024-12-14 12:24:40,379 INFO  server.RaftServerConfigKeys (ConfUtils.java:logGet(46)) - raft.server.threadpool.client.size = 0 (default)
2024-12-14 12:24:40,379 INFO  server.RaftServerConfigKeys (ConfUtils.java:logGet(46)) - raft.server.storage.free-space.min = 0MB (=0) (default)
2024-12-14 12:24:40,379 INFO  server.RaftServerConfigKeys (ConfUtils.java:logGet(46)) - raft.server.log.corruption.policy = EXCEPTION (default)
2024-12-14 12:24:40,379 INFO  server.RaftServerConfigKeys (ConfUtils.java:logGet(46)) - raft.server.storage.dir = [/home/runner/work/ratis/ratis/ratis-examples/target/test/data/da5193cb/MiniRaftClusterWithGrpca0a5e6cd/s12] (custom)
2024-12-14 12:24:40,379 INFO  storage.RaftStorageDirectory (RaftStorageDirectoryImpl.java:analyzeStorage(138)) - The storage directory /home/runner/work/ratis/ratis/ratis-examples/target/test/data/da5193cb/MiniRaftClusterWithGrpca0a5e6cd/s12/435a4df0-bc52-4a9f-9b5a-9e43cc895c9d does not exist. Creating ...
2024-12-14 12:24:40,379 TRACE util.FileUtils (LogUtils.java:runAndLog(49)) - Successfully ran Files.createDirectories /home/runner/work/ratis/ratis/ratis-examples/target/test/data/da5193cb/MiniRaftClusterWithGrpca0a5e6cd/s12/435a4df0-bc52-4a9f-9b5a-9e43cc895c9d
2024-12-14 12:24:40,380 INFO  storage.RaftStorageDirectory (RaftStorageDirectoryImpl.java:tryLock(229)) - Lock on /home/runner/work/ratis/ratis/ratis-examples/target/test/data/da5193cb/MiniRaftClusterWithGrpca0a5e6cd/s12/435a4df0-bc52-4a9f-9b5a-9e43cc895c9d/in_use.lock acquired by nodename 14700@fv-az733-880
2024-12-14 12:24:40,380 TRACE util.FileUtils (LogUtils.java:runAndLog(49)) - Successfully ran Files.createDirectories /home/runner/work/ratis/ratis/ratis-examples/target/test/data/da5193cb/MiniRaftClusterWithGrpca0a5e6cd/s12/435a4df0-bc52-4a9f-9b5a-9e43cc895c9d/current
2024-12-14 12:24:40,380 TRACE util.FileUtils (LogUtils.java:runAndLog(49)) - Successfully ran Files.createDirectories /home/runner/work/ratis/ratis/ratis-examples/target/test/data/da5193cb/MiniRaftClusterWithGrpca0a5e6cd/s12/435a4df0-bc52-4a9f-9b5a-9e43cc895c9d/sm
2024-12-14 12:24:40,380 TRACE util.FileUtils (LogUtils.java:supplyAndLog(69)) - Successfully supplied FileChannel.open /home/runner/work/ratis/ratis/ratis-examples/target/test/data/da5193cb/MiniRaftClusterWithGrpca0a5e6cd/s12/435a4df0-bc52-4a9f-9b5a-9e43cc895c9d/current/raft-meta.tmp with options [CREATE, WRITE]: sun.nio.ch.FileChannelImpl@950e20c
2024-12-14 12:24:40,381 TRACE util.FileUtils (LogUtils.java:runAndLog(49)) - Successfully ran Atomic Files.move /home/runner/work/ratis/ratis/ratis-examples/target/test/data/da5193cb/MiniRaftClusterWithGrpca0a5e6cd/s12/435a4df0-bc52-4a9f-9b5a-9e43cc895c9d/current/raft-meta.tmp to /home/runner/work/ratis/ratis/ratis-examples/target/test/data/da5193cb/MiniRaftClusterWithGrpca0a5e6cd/s12/435a4df0-bc52-4a9f-9b5a-9e43cc895c9d/current/raft-meta with options [REPLACE_EXISTING]
2024-12-14 12:24:40,381 INFO  storage.RaftStorage (RaftStorageImpl.java:format(98)) - Storage directory /home/runner/work/ratis/ratis/ratis-examples/target/test/data/da5193cb/MiniRaftClusterWithGrpca0a5e6cd/s12/435a4df0-bc52-4a9f-9b5a-9e43cc895c9d has been successfully formatted.
2024-12-14 12:24:40,381 WARN  statemachine.StateMachine (ArithmeticStateMachine.java:loadSnapshot(115)) - The snapshot info is null.
2024-12-14 12:24:40,381 INFO  server.RaftServerConfigKeys (ConfUtils.java:logGet(46)) - raft.server.log.use.memory = false (default)
2024-12-14 12:24:40,381 INFO  server.RaftServerConfigKeys (ConfUtils.java:logGet(46)) - raft.server.log.purge.gap = 1024 (default)
2024-12-14 12:24:40,381 INFO  server.RaftServerConfigKeys (ConfUtils.java:logGet(46)) - raft.server.log.appender.buffer.byte-limit = 4MB (=4194304) (default)
2024-12-14 12:24:40,381 INFO  server.RaftServerConfigKeys (ConfUtils.java:logGet(46)) - raft.server.log.statemachine.data.read.timeout = 1000ms (default)
2024-12-14 12:24:40,381 INFO  server.RaftServerConfigKeys (ConfUtils.java:logGet(46)) - raft.server.log.purge.preservation.log.num = 0 (default)
2024-12-14 12:24:40,382 INFO  server.RaftServerConfigKeys (ConfUtils.java:logGet(46)) - raft.server.log.segment.size.max = 32MB (=33554432) (default)
2024-12-14 12:24:40,382 INFO  server.RaftServerConfigKeys (ConfUtils.java:logGet(46)) - raft.server.log.segment.cache.num.max = 6 (default)
2024-12-14 12:24:40,382 INFO  server.RaftServerConfigKeys (ConfUtils.java:logGet(46)) - raft.server.log.segment.cache.size.max = 200MB (=209715200) (default)
2024-12-14 12:24:40,382 INFO  server.RaftServerConfigKeys (ConfUtils.java:logGet(46)) - raft.server.log.appender.buffer.byte-limit = 4MB (=4194304) (default)
2024-12-14 12:24:40,382 INFO  util.AwaitToRun (AwaitToRun.java:start(81)) - Thread[s12@group-9E43CC895C9D-cacheEviction-AwaitToRun,5,main] started
2024-12-14 12:24:40,382 INFO  segmented.SegmentedRaftLogWorker (SegmentedRaftLogWorker.java:<init>(189)) - new s12@group-9E43CC895C9D-SegmentedRaftLogWorker for RaftStorageImpl:Storage Directory /home/runner/work/ratis/ratis/ratis-examples/target/test/data/da5193cb/MiniRaftClusterWithGrpca0a5e6cd/s12/435a4df0-bc52-4a9f-9b5a-9e43cc895c9d
2024-12-14 12:24:40,382 INFO  server.RaftServerConfigKeys (ConfUtils.java:logGet(46)) - raft.server.log.queue.byte-limit = 64MB (=67108864) (default)
2024-12-14 12:24:40,382 INFO  server.RaftServerConfigKeys (ConfUtils.java:logGet(46)) - raft.server.log.queue.element-limit = 4096 (default)
2024-12-14 12:24:40,382 INFO  server.RaftServerConfigKeys (ConfUtils.java:logGet(46)) - raft.server.log.segment.size.max = 32MB (=33554432) (default)
2024-12-14 12:24:40,382 INFO  server.RaftServerConfigKeys (ConfUtils.java:logGet(46)) - raft.server.log.preallocated.size = 4MB (=4194304) (default)
2024-12-14 12:24:40,382 INFO  server.RaftServerConfigKeys (ConfUtils.java:logGet(46)) - raft.server.log.force.sync.num = 128 (default)
2024-12-14 12:24:40,382 INFO  server.RaftServerConfigKeys (ConfUtils.java:logGet(46)) - raft.server.log.statemachine.data.sync = true (default)
2024-12-14 12:24:40,382 INFO  server.RaftServerConfigKeys (ConfUtils.java:logGet(46)) - raft.server.log.statemachine.data.sync.timeout = 10s (default)
2024-12-14 12:24:40,382 INFO  server.RaftServerConfigKeys (ConfUtils.java:logGet(46)) - raft.server.log.statemachine.data.sync.timeout.retry = -1 (default)
2024-12-14 12:24:40,382 INFO  server.RaftServerConfigKeys (ConfUtils.java:logGet(46)) - raft.server.log.write.buffer.size = 8MB (=8388608) (default)
2024-12-14 12:24:40,383 INFO  server.RaftServerConfigKeys (ConfUtils.java:logGet(46)) - raft.server.log.appender.buffer.byte-limit = 4MB (=4194304) (default)
2024-12-14 12:24:40,384 INFO  server.RaftServerConfigKeys (ConfUtils.java:logGet(46)) - raft.server.log.unsafe-flush.enabled = false (default)
2024-12-14 12:24:40,384 INFO  server.RaftServerConfigKeys (ConfUtils.java:logGet(46)) - raft.server.log.async-flush.enabled = false (default)
2024-12-14 12:24:40,384 INFO  server.RaftServerConfigKeys (ConfUtils.java:logGet(46)) - raft.server.log.statemachine.data.caching.enabled = false (default)
2024-12-14 12:24:40,384 INFO  segmented.SegmentedRaftLogWorker (SegmentedRaftLogWorker.java:lambda$new$0(140)) - s12@group-9E43CC895C9D-SegmentedRaftLogWorker: flushIndex: setUnconditionally 0 -> -1
2024-12-14 12:24:40,384 INFO  segmented.SegmentedRaftLogWorker (SegmentedRaftLogWorker.java:lambda$new$0(140)) - s12@group-9E43CC895C9D-SegmentedRaftLogWorker: safeCacheEvictIndex: setUnconditionally 0 -> -1
2024-12-14 12:24:40,384 INFO  server.RaftServer$Division (RaftServerImpl.java:start(392)) - s12@group-9E43CC895C9D: start as a follower, conf=conf: {index: -1, cur=peers:[s11|0.0.0.0:15011, s13|0.0.0.0:15013, s12|0.0.0.0:15012]|listeners:[], old=null}
2024-12-14 12:24:40,384 INFO  server.RaftServer$Division (RaftServerImpl.java:setRole(379)) - s12@group-9E43CC895C9D: changes role from      null to FOLLOWER at term 0 for startAsFollower
2024-12-14 12:24:40,384 INFO  impl.RoleInfo (RoleInfo.java:updateAndGet(148)) - s12: start s12@group-9E43CC895C9D-FollowerState
2024-12-14 12:24:40,384 INFO  server.RaftServerConfigKeys (ConfUtils.java:logFallback(53)) - raft.server.rpc.first-election.timeout.min = 300ms (fallback to raft.server.rpc.timeout.min)
2024-12-14 12:24:40,385 INFO  util.JmxRegister (JmxRegister.java:tryRegister(44)) - Successfully registered JMX Bean with object name Ratis:service=RaftServer,group=group-9E43CC895C9D,id=s12
2024-12-14 12:24:40,385 INFO  util.JmxRegister (JmxRegister.java:register(58)) - register mxBean class org.apache.ratis.server.impl.RaftServerJmxAdapter as Ratis:service=RaftServer,group=group-9E43CC895C9D,id=s12
2024-12-14 12:24:40,385 INFO  server.RaftServerConfigKeys (ConfUtils.java:logFallback(53)) - raft.server.rpc.first-election.timeout.max = 600ms (fallback to raft.server.rpc.timeout.max)
2024-12-14 12:24:40,385 INFO  server.RaftServerConfigKeys (ConfUtils.java:logGet(46)) - raft.server.snapshot.trigger-when-stop.enabled = true (default)
2024-12-14 12:24:40,385 INFO  server.RaftServerConfigKeys (ConfUtils.java:logGet(46)) - raft.server.snapshot.trigger-when-remove.enabled = true (default)
2024-12-14 12:24:40,385 INFO  server.RaftServerConfigKeys (ConfUtils.java:logGet(46)) - raft.server.snapshot.auto.trigger.enabled = false (default)
2024-12-14 12:24:40,385 INFO  server.RaftServerConfigKeys (ConfUtils.java:logGet(46)) - raft.server.snapshot.retention.file.num = -1 (default)
2024-12-14 12:24:40,385 INFO  server.RaftServerConfigKeys (ConfUtils.java:logGet(46)) - raft.server.log.purge.upto.snapshot.index = false (default)
2024-12-14 12:24:40,385 INFO  server.RaftServer$Division (RaftServerImpl.java:start(406)) - s12@group-9E43CC895C9D: Successfully started.
2024-12-14 12:24:40,394 INFO  server.RaftServer (RaftServerProxy.java:addNew(101)) - s13: addNew group-9E43CC895C9D:[s11|0.0.0.0:15011, s13|0.0.0.0:15013, s12|0.0.0.0:15012] returns group-9E43CC895C9D:java.util.concurrent.CompletableFuture@15748008[Not completed]
2024-12-14 12:24:40,394 INFO  server.RaftServer$Division (RaftServerImpl.java:<init>(256)) - s13: new RaftServerImpl for group-9E43CC895C9D:[s11|0.0.0.0:15011, s13|0.0.0.0:15013, s12|0.0.0.0:15012] with ArithmeticStateMachine:uninitialized
2024-12-14 12:24:40,395 INFO  server.RaftServerConfigKeys (ConfUtils.java:logGet(46)) - raft.server.rpc.timeout.min = 300ms (custom)
2024-12-14 12:24:40,395 INFO  server.RaftServerConfigKeys (ConfUtils.java:logGet(46)) - raft.server.rpc.timeout.max = 600ms (custom)
2024-12-14 12:24:40,395 INFO  server.RaftServerConfigKeys (ConfUtils.java:logGet(46)) - raft.server.rpc.sleep.time = 25ms (default)
2024-12-14 12:24:40,395 INFO  server.RaftServerConfigKeys (ConfUtils.java:logGet(46)) - raft.server.rpc.slowness.timeout = 60s (default)
2024-12-14 12:24:40,395 INFO  server.RaftServerConfigKeys (ConfUtils.java:logGet(46)) - raft.server.leaderelection.leader.step-down.wait-time = 10s (default)
2024-12-14 12:24:40,395 INFO  server.RaftServerConfigKeys (ConfUtils.java:logGet(46)) - raft.server.leaderelection.member.majority-add = false (default)
2024-12-14 12:24:40,395 INFO  server.RaftServerConfigKeys (ConfUtils.java:logGet(46)) - raft.server.sleep.deviation.threshold = 300ms (default)
2024-12-14 12:24:40,395 INFO  server.RaftServer$Division (ServerState.java:<init>(114)) - s13@group-9E43CC895C9D: ConfigurationManager, init=conf: {index: -1, cur=peers:[s11|0.0.0.0:15011, s13|0.0.0.0:15013, s12|0.0.0.0:15012]|listeners:[], old=null}, confs=<EMPTY_MAP>
2024-12-14 12:24:40,395 INFO  server.RaftServerConfigKeys (ConfUtils.java:logGet(46)) - raft.server.notification.no-leader.timeout = 60s (default)
2024-12-14 12:24:40,395 INFO  server.RaftServerConfigKeys (ConfUtils.java:logGet(46)) - raft.server.read.timeout = 10s (default)
2024-12-14 12:24:40,395 INFO  server.RaftServerConfigKeys (ConfUtils.java:logGet(46)) - raft.server.retrycache.expirytime = 60s (default)
2024-12-14 12:24:40,395 INFO  server.RaftServerConfigKeys (ConfUtils.java:logGet(46)) - raft.server.retrycache.statistics.expirytime = 100ms (default)
2024-12-14 12:24:40,395 INFO  server.RaftServerConfigKeys (ConfUtils.java:logGet(46)) - raft.server.read.option = DEFAULT (default)
2024-12-14 12:24:40,395 INFO  server.RaftServerConfigKeys (ConfUtils.java:logGet(46)) - raft.server.read.read-after-write-consistent.write-index-cache.expiry-time = 60s (default)
2024-12-14 12:24:40,396 INFO  server.RaftServerConfigKeys (ConfUtils.java:logGet(46)) - raft.server.rpc.request.timeout = 3000ms (default)
2024-12-14 12:24:40,396 INFO  server.RaftServerConfigKeys (ConfUtils.java:logGet(46)) - raft.server.log.appender.install.snapshot.enabled = true (default)
2024-12-14 12:24:40,396 INFO  server.RaftServerConfigKeys (ConfUtils.java:logGet(46)) - raft.server.threadpool.server.cached = true (default)
2024-12-14 12:24:40,396 INFO  server.RaftServerConfigKeys (ConfUtils.java:logGet(46)) - raft.server.threadpool.server.size = 0 (default)
2024-12-14 12:24:40,396 INFO  server.RaftServerConfigKeys (ConfUtils.java:logGet(46)) - raft.server.threadpool.client.cached = true (default)
2024-12-14 12:24:40,396 INFO  server.RaftServerConfigKeys (ConfUtils.java:logGet(46)) - raft.server.threadpool.client.size = 0 (default)
2024-12-14 12:24:40,396 INFO  server.RaftServerConfigKeys (ConfUtils.java:logGet(46)) - raft.server.storage.free-space.min = 0MB (=0) (default)
2024-12-14 12:24:40,396 INFO  server.RaftServerConfigKeys (ConfUtils.java:logGet(46)) - raft.server.log.corruption.policy = EXCEPTION (default)
2024-12-14 12:24:40,396 INFO  server.RaftServerConfigKeys (ConfUtils.java:logGet(46)) - raft.server.storage.dir = [/home/runner/work/ratis/ratis/ratis-examples/target/test/data/da5193cb/MiniRaftClusterWithGrpca0a5e6cd/s13] (custom)
2024-12-14 12:24:40,396 INFO  storage.RaftStorageDirectory (RaftStorageDirectoryImpl.java:analyzeStorage(138)) - The storage directory /home/runner/work/ratis/ratis/ratis-examples/target/test/data/da5193cb/MiniRaftClusterWithGrpca0a5e6cd/s13/435a4df0-bc52-4a9f-9b5a-9e43cc895c9d does not exist. Creating ...
2024-12-14 12:24:40,396 TRACE util.FileUtils (LogUtils.java:runAndLog(49)) - Successfully ran Files.createDirectories /home/runner/work/ratis/ratis/ratis-examples/target/test/data/da5193cb/MiniRaftClusterWithGrpca0a5e6cd/s13/435a4df0-bc52-4a9f-9b5a-9e43cc895c9d
2024-12-14 12:24:40,397 INFO  storage.RaftStorageDirectory (RaftStorageDirectoryImpl.java:tryLock(229)) - Lock on /home/runner/work/ratis/ratis/ratis-examples/target/test/data/da5193cb/MiniRaftClusterWithGrpca0a5e6cd/s13/435a4df0-bc52-4a9f-9b5a-9e43cc895c9d/in_use.lock acquired by nodename 14700@fv-az733-880
2024-12-14 12:24:40,397 TRACE util.FileUtils (LogUtils.java:runAndLog(49)) - Successfully ran Files.createDirectories /home/runner/work/ratis/ratis/ratis-examples/target/test/data/da5193cb/MiniRaftClusterWithGrpca0a5e6cd/s13/435a4df0-bc52-4a9f-9b5a-9e43cc895c9d/current
2024-12-14 12:24:40,397 TRACE util.FileUtils (LogUtils.java:runAndLog(49)) - Successfully ran Files.createDirectories /home/runner/work/ratis/ratis/ratis-examples/target/test/data/da5193cb/MiniRaftClusterWithGrpca0a5e6cd/s13/435a4df0-bc52-4a9f-9b5a-9e43cc895c9d/sm
2024-12-14 12:24:40,398 TRACE util.FileUtils (LogUtils.java:supplyAndLog(69)) - Successfully supplied FileChannel.open /home/runner/work/ratis/ratis/ratis-examples/target/test/data/da5193cb/MiniRaftClusterWithGrpca0a5e6cd/s13/435a4df0-bc52-4a9f-9b5a-9e43cc895c9d/current/raft-meta.tmp with options [CREATE, WRITE]: sun.nio.ch.FileChannelImpl@1275ff6b
2024-12-14 12:24:40,398 TRACE util.FileUtils (LogUtils.java:runAndLog(49)) - Successfully ran Atomic Files.move /home/runner/work/ratis/ratis/ratis-examples/target/test/data/da5193cb/MiniRaftClusterWithGrpca0a5e6cd/s13/435a4df0-bc52-4a9f-9b5a-9e43cc895c9d/current/raft-meta.tmp to /home/runner/work/ratis/ratis/ratis-examples/target/test/data/da5193cb/MiniRaftClusterWithGrpca0a5e6cd/s13/435a4df0-bc52-4a9f-9b5a-9e43cc895c9d/current/raft-meta with options [REPLACE_EXISTING]
2024-12-14 12:24:40,398 INFO  storage.RaftStorage (RaftStorageImpl.java:format(98)) - Storage directory /home/runner/work/ratis/ratis/ratis-examples/target/test/data/da5193cb/MiniRaftClusterWithGrpca0a5e6cd/s13/435a4df0-bc52-4a9f-9b5a-9e43cc895c9d has been successfully formatted.
2024-12-14 12:24:40,398 WARN  statemachine.StateMachine (ArithmeticStateMachine.java:loadSnapshot(115)) - The snapshot info is null.
2024-12-14 12:24:40,399 INFO  server.RaftServerConfigKeys (ConfUtils.java:logGet(46)) - raft.server.log.use.memory = false (default)
2024-12-14 12:24:40,399 INFO  server.RaftServerConfigKeys (ConfUtils.java:logGet(46)) - raft.server.log.purge.gap = 1024 (default)
2024-12-14 12:24:40,399 INFO  server.RaftServerConfigKeys (ConfUtils.java:logGet(46)) - raft.server.log.appender.buffer.byte-limit = 4MB (=4194304) (default)
2024-12-14 12:24:40,399 INFO  server.RaftServerConfigKeys (ConfUtils.java:logGet(46)) - raft.server.log.statemachine.data.read.timeout = 1000ms (default)
2024-12-14 12:24:40,399 INFO  server.RaftServerConfigKeys (ConfUtils.java:logGet(46)) - raft.server.log.purge.preservation.log.num = 0 (default)
2024-12-14 12:24:40,399 INFO  server.RaftServerConfigKeys (ConfUtils.java:logGet(46)) - raft.server.log.segment.size.max = 32MB (=33554432) (default)
2024-12-14 12:24:40,399 INFO  server.RaftServerConfigKeys (ConfUtils.java:logGet(46)) - raft.server.log.segment.cache.num.max = 6 (default)
2024-12-14 12:24:40,399 INFO  server.RaftServerConfigKeys (ConfUtils.java:logGet(46)) - raft.server.log.segment.cache.size.max = 200MB (=209715200) (default)
2024-12-14 12:24:40,399 INFO  server.RaftServerConfigKeys (ConfUtils.java:logGet(46)) - raft.server.log.appender.buffer.byte-limit = 4MB (=4194304) (default)
2024-12-14 12:24:40,399 INFO  util.AwaitToRun (AwaitToRun.java:start(81)) - Thread[s13@group-9E43CC895C9D-cacheEviction-AwaitToRun,5,main] started
2024-12-14 12:24:40,399 INFO  segmented.SegmentedRaftLogWorker (SegmentedRaftLogWorker.java:<init>(189)) - new s13@group-9E43CC895C9D-SegmentedRaftLogWorker for RaftStorageImpl:Storage Directory /home/runner/work/ratis/ratis/ratis-examples/target/test/data/da5193cb/MiniRaftClusterWithGrpca0a5e6cd/s13/435a4df0-bc52-4a9f-9b5a-9e43cc895c9d
2024-12-14 12:24:40,399 INFO  server.RaftServerConfigKeys (ConfUtils.java:logGet(46)) - raft.server.log.queue.byte-limit = 64MB (=67108864) (default)
2024-12-14 12:24:40,399 INFO  server.RaftServerConfigKeys (ConfUtils.java:logGet(46)) - raft.server.log.queue.element-limit = 4096 (default)
2024-12-14 12:24:40,399 INFO  server.RaftServerConfigKeys (ConfUtils.java:logGet(46)) - raft.server.log.segment.size.max = 32MB (=33554432) (default)
2024-12-14 12:24:40,400 INFO  server.RaftServerConfigKeys (ConfUtils.java:logGet(46)) - raft.server.log.preallocated.size = 4MB (=4194304) (default)
2024-12-14 12:24:40,400 INFO  server.RaftServerConfigKeys (ConfUtils.java:logGet(46)) - raft.server.log.force.sync.num = 128 (default)
2024-12-14 12:24:40,400 INFO  server.RaftServerConfigKeys (ConfUtils.java:logGet(46)) - raft.server.log.statemachine.data.sync = true (default)
2024-12-14 12:24:40,400 INFO  server.RaftServerConfigKeys (ConfUtils.java:logGet(46)) - raft.server.log.statemachine.data.sync.timeout = 10s (default)
2024-12-14 12:24:40,400 INFO  server.RaftServerConfigKeys (ConfUtils.java:logGet(46)) - raft.server.log.statemachine.data.sync.timeout.retry = -1 (default)
2024-12-14 12:24:40,400 INFO  server.RaftServerConfigKeys (ConfUtils.java:logGet(46)) - raft.server.log.write.buffer.size = 8MB (=8388608) (default)
2024-12-14 12:24:40,401 INFO  server.RaftServerConfigKeys (ConfUtils.java:logGet(46)) - raft.server.log.appender.buffer.byte-limit = 4MB (=4194304) (default)
2024-12-14 12:24:40,401 INFO  server.RaftServerConfigKeys (ConfUtils.java:logGet(46)) - raft.server.log.unsafe-flush.enabled = false (default)
2024-12-14 12:24:40,401 INFO  server.RaftServerConfigKeys (ConfUtils.java:logGet(46)) - raft.server.log.async-flush.enabled = false (default)
2024-12-14 12:24:40,402 INFO  server.RaftServerConfigKeys (ConfUtils.java:logGet(46)) - raft.server.log.statemachine.data.caching.enabled = false (default)
2024-12-14 12:24:40,402 INFO  segmented.SegmentedRaftLogWorker (SegmentedRaftLogWorker.java:lambda$new$0(140)) - s13@group-9E43CC895C9D-SegmentedRaftLogWorker: flushIndex: setUnconditionally 0 -> -1
2024-12-14 12:24:40,402 INFO  segmented.SegmentedRaftLogWorker (SegmentedRaftLogWorker.java:lambda$new$0(140)) - s13@group-9E43CC895C9D-SegmentedRaftLogWorker: safeCacheEvictIndex: setUnconditionally 0 -> -1
2024-12-14 12:24:40,402 INFO  server.RaftServer$Division (RaftServerImpl.java:start(392)) - s13@group-9E43CC895C9D: start as a follower, conf=conf: {index: -1, cur=peers:[s11|0.0.0.0:15011, s13|0.0.0.0:15013, s12|0.0.0.0:15012]|listeners:[], old=null}
2024-12-14 12:24:40,402 INFO  server.RaftServer$Division (RaftServerImpl.java:setRole(379)) - s13@group-9E43CC895C9D: changes role from      null to FOLLOWER at term 0 for startAsFollower
2024-12-14 12:24:40,402 INFO  impl.RoleInfo (RoleInfo.java:updateAndGet(148)) - s13: start s13@group-9E43CC895C9D-FollowerState
2024-12-14 12:24:40,402 INFO  server.RaftServerConfigKeys (ConfUtils.java:logFallback(53)) - raft.server.rpc.first-election.timeout.min = 300ms (fallback to raft.server.rpc.timeout.min)
2024-12-14 12:24:40,402 INFO  util.JmxRegister (JmxRegister.java:tryRegister(44)) - Successfully registered JMX Bean with object name Ratis:service=RaftServer,group=group-9E43CC895C9D,id=s13
2024-12-14 12:24:40,402 INFO  util.JmxRegister (JmxRegister.java:register(58)) - register mxBean class org.apache.ratis.server.impl.RaftServerJmxAdapter as Ratis:service=RaftServer,group=group-9E43CC895C9D,id=s13
2024-12-14 12:24:40,402 INFO  server.RaftServerConfigKeys (ConfUtils.java:logFallback(53)) - raft.server.rpc.first-election.timeout.max = 600ms (fallback to raft.server.rpc.timeout.max)
2024-12-14 12:24:40,402 INFO  server.RaftServerConfigKeys (ConfUtils.java:logGet(46)) - raft.server.snapshot.trigger-when-stop.enabled = true (default)
2024-12-14 12:24:40,402 INFO  server.RaftServerConfigKeys (ConfUtils.java:logGet(46)) - raft.server.snapshot.trigger-when-remove.enabled = true (default)
2024-12-14 12:24:40,403 INFO  server.RaftServerConfigKeys (ConfUtils.java:logGet(46)) - raft.server.snapshot.auto.trigger.enabled = false (default)
2024-12-14 12:24:40,403 INFO  server.RaftServerConfigKeys (ConfUtils.java:logGet(46)) - raft.server.snapshot.retention.file.num = -1 (default)
2024-12-14 12:24:40,403 INFO  server.RaftServerConfigKeys (ConfUtils.java:logGet(46)) - raft.server.log.purge.upto.snapshot.index = false (default)
2024-12-14 12:24:40,403 INFO  server.RaftServer$Division (RaftServerImpl.java:start(406)) - s13@group-9E43CC895C9D: Successfully started.
2024-12-14 12:24:40,406 INFO  server.RaftServerConfigKeys (ConfUtils.java:logGet(46)) - raft.server.rpc.timeout.max = 600ms (custom)
2024-12-14 12:24:40,408 INFO  ratis.RaftTestUtil (RaftTestUtil.java:waitForLeader(107)) - printing group-9E43CC895C9D
  s11:  RUNNING [
   FOLLOWER s11@group-9E43CC895C9D:t0, leader=null, voted=, raftlog=Memoized:s11@group-9E43CC895C9D-SegmentedRaftLog:OPENED:c-1:lastnull, conf=conf: {index: -1, cur=peers:[s11|0.0.0.0:15011, s13|0.0.0.0:15013, s12|0.0.0.0:15012]|listeners:[], old=null} RUNNING
   FOLLOWER s11@group-40388BE3F4D5:t0, leader=null, voted=, raftlog=Memoized:s11@group-40388BE3F4D5-SegmentedRaftLog:OPENED:c-1:lastnull, conf=conf: {index: -1, cur=peers:[]|listeners:[], old=null} STARTING] size=2
  s13:  RUNNING [
   FOLLOWER s13@group-9E43CC895C9D:t0, leader=null, voted=, raftlog=Memoized:s13@group-9E43CC895C9D-SegmentedRaftLog:OPENED:c-1:lastnull, conf=conf: {index: -1, cur=peers:[s11|0.0.0.0:15011, s13|0.0.0.0:15013, s12|0.0.0.0:15012]|listeners:[], old=null} RUNNING
   FOLLOWER s13@group-40388BE3F4D5:t0, leader=null, voted=, raftlog=Memoized:s13@group-40388BE3F4D5-SegmentedRaftLog:OPENED:c-1:lastnull, conf=conf: {index: -1, cur=peers:[]|listeners:[], old=null} STARTING] size=2
  s12:  RUNNING [
   FOLLOWER s12@group-9E43CC895C9D:t0, leader=null, voted=, raftlog=Memoized:s12@group-9E43CC895C9D-SegmentedRaftLog:OPENED:c-1:lastnull, conf=conf: {index: -1, cur=peers:[s11|0.0.0.0:15011, s13|0.0.0.0:15013, s12|0.0.0.0:15012]|listeners:[], old=null} RUNNING
   FOLLOWER s12@group-40388BE3F4D5:t0, leader=null, voted=, raftlog=Memoized:s12@group-40388BE3F4D5-SegmentedRaftLog:OPENED:c-1:lastnull, conf=conf: {index: -1, cur=peers:[]|listeners:[], old=null} STARTING] size=2
2024-12-14 12:24:40,408 WARN  ratis.RaftTestUtil (RaftTestUtil.java:lambda$waitForLeader$3(126)) - Attempt #1 failed: java.lang.IllegalStateException: No leader yet  for group-9E43CC895C9D: printing group-9E43CC895C9D
  s11:  RUNNING [
   FOLLOWER s11@group-9E43CC895C9D:t0, leader=null, voted=, raftlog=Memoized:s11@group-9E43CC895C9D-SegmentedRaftLog:OPENED:c-1:lastnull, conf=conf: {index: -1, cur=peers:[s11|0.0.0.0:15011, s13|0.0.0.0:15013, s12|0.0.0.0:15012]|listeners:[], old=null} RUNNING
   FOLLOWER s11@group-40388BE3F4D5:t0, leader=null, voted=, raftlog=Memoized:s11@group-40388BE3F4D5-SegmentedRaftLog:OPENED:c-1:lastnull, conf=conf: {index: -1, cur=peers:[]|listeners:[], old=null} STARTING] size=2
  s13:  RUNNING [
   FOLLOWER s13@group-9E43CC895C9D:t0, leader=null, voted=, raftlog=Memoized:s13@group-9E43CC895C9D-SegmentedRaftLog:OPENED:c-1:lastnull, conf=conf: {index: -1, cur=peers:[s11|0.0.0.0:15011, s13|0.0.0.0:15013, s12|0.0.0.0:15012]|listeners:[], old=null} RUNNING
   FOLLOWER s13@group-40388BE3F4D5:t0, leader=null, voted=, raftlog=Memoized:s13@group-40388BE3F4D5-SegmentedRaftLog:OPENED:c-1:lastnull, conf=conf: {index: -1, cur=peers:[]|listeners:[], old=null} STARTING] size=2
  s12:  RUNNING [
   FOLLOWER s12@group-9E43CC895C9D:t0, leader=null, voted=, raftlog=Memoized:s12@group-9E43CC895C9D-SegmentedRaftLog:OPENED:c-1:lastnull, conf=conf: {index: -1, cur=peers:[s11|0.0.0.0:15011, s13|0.0.0.0:15013, s12|0.0.0.0:15012]|listeners:[], old=null} RUNNING
   FOLLOWER s12@group-40388BE3F4D5:t0, leader=null, voted=, raftlog=Memoized:s12@group-40388BE3F4D5-SegmentedRaftLog:OPENED:c-1:lastnull, conf=conf: {index: -1, cur=peers:[]|listeners:[], old=null} STARTING] size=2
2024-12-14 12:24:40,747 INFO  impl.FollowerState (FollowerState.java:runImpl(161)) - s11@group-9E43CC895C9D-FollowerState: change to CANDIDATE, lastRpcElapsedTime:384066995ns, electionTimeout:383ms
2024-12-14 12:24:40,747 INFO  impl.RoleInfo (RoleInfo.java:shutdownFollowerState(121)) - s11: shutdown s11@group-9E43CC895C9D-FollowerState
2024-12-14 12:24:40,747 INFO  server.RaftServer$Division (RaftServerImpl.java:setRole(379)) - s11@group-9E43CC895C9D: changes role from  FOLLOWER to CANDIDATE at term 0 for changeToCandidate
2024-12-14 12:24:40,747 INFO  server.RaftServerConfigKeys (ConfUtils.java:logGet(46)) - raft.server.leaderelection.pre-vote = true (default)
2024-12-14 12:24:40,748 INFO  impl.RoleInfo (RoleInfo.java:updateAndGet(148)) - s11: start s11@group-9E43CC895C9D-LeaderElection12
2024-12-14 12:24:40,748 INFO  impl.LeaderElection (LeaderElection.java:askForVotes(332)) - s11@group-9E43CC895C9D-LeaderElection12 PRE_VOTE round 0: submit vote requests at term 0 for conf: {index: -1, cur=peers:[s11|0.0.0.0:15011, s13|0.0.0.0:15013, s12|0.0.0.0:15012]|listeners:[], old=null}
2024-12-14 12:24:40,749 INFO  server.GrpcServerProtocolClient (GrpcServerProtocolClient.java:<init>(65)) - Build channel for s13|0.0.0.0:15013
2024-12-14 12:24:40,749 INFO  server.GrpcServerProtocolClient (GrpcServerProtocolClient.java:<init>(65)) - Build channel for s12|0.0.0.0:15012
2024-12-14 12:24:40,749 INFO  server.RaftServerConfigKeys (ConfUtils.java:logFallback(53)) - raft.server.rpc.first-election.timeout.min = 300ms (fallback to raft.server.rpc.timeout.min)
2024-12-14 12:24:40,749 INFO  server.RaftServerConfigKeys (ConfUtils.java:logFallback(53)) - raft.server.rpc.first-election.timeout.max = 600ms (fallback to raft.server.rpc.timeout.max)
2024-12-14 12:24:40,758 INFO  server.RaftServer$Division (RaftServerImpl.java:requestVote(1452)) - s12@group-9E43CC895C9D: receive requestVote(PRE_VOTE, s11, group-9E43CC895C9D, 0, (t:0, i:0))
2024-12-14 12:24:40,759 INFO  impl.VoteContext (VoteContext.java:log(49)) - s12@group-9E43CC895C9D-FOLLOWER: accept PRE_VOTE from s11: our priority 0 <= candidate's priority 0
2024-12-14 12:24:40,759 INFO  server.RaftServer$Division (RaftServerImpl.java:requestVote(1452)) - s13@group-9E43CC895C9D: receive requestVote(PRE_VOTE, s11, group-9E43CC895C9D, 0, (t:0, i:0))
2024-12-14 12:24:40,759 INFO  server.RaftServer$Division (RaftServerImpl.java:requestVote(1486)) - s12@group-9E43CC895C9D replies to PRE_VOTE vote request: s11<-s12#0:OK-t0. Peer's state: s12@group-9E43CC895C9D:t0, leader=null, voted=, raftlog=Memoized:s12@group-9E43CC895C9D-SegmentedRaftLog:OPENED:c-1:lastnull, conf=conf: {index: -1, cur=peers:[s11|0.0.0.0:15011, s13|0.0.0.0:15013, s12|0.0.0.0:15012]|listeners:[], old=null}
2024-12-14 12:24:40,760 INFO  impl.VoteContext (VoteContext.java:log(49)) - s13@group-9E43CC895C9D-FOLLOWER: accept PRE_VOTE from s11: our priority 0 <= candidate's priority 0
2024-12-14 12:24:40,760 INFO  server.RaftServer$Division (RaftServerImpl.java:requestVote(1486)) - s13@group-9E43CC895C9D replies to PRE_VOTE vote request: s11<-s13#0:OK-t0. Peer's state: s13@group-9E43CC895C9D:t0, leader=null, voted=, raftlog=Memoized:s13@group-9E43CC895C9D-SegmentedRaftLog:OPENED:c-1:lastnull, conf=conf: {index: -1, cur=peers:[s11|0.0.0.0:15011, s13|0.0.0.0:15013, s12|0.0.0.0:15012]|listeners:[], old=null}
2024-12-14 12:24:40,761 INFO  impl.LeaderElection (LeaderElection.java:logAndReturn(90)) - s11@group-9E43CC895C9D-LeaderElection12: PRE_VOTE PASSED received 1 response(s) and 0 exception(s):
2024-12-14 12:24:40,761 INFO  impl.LeaderElection (LeaderElection.java:logAndReturn(94)) -   Response 0: s11<-s12#0:OK-t0
2024-12-14 12:24:40,761 INFO  impl.LeaderElection (LeaderElection.java:askForVotes(334)) - s11@group-9E43CC895C9D-LeaderElection12 PRE_VOTE round 0: result PASSED
2024-12-14 12:24:40,761 TRACE util.FileUtils (LogUtils.java:supplyAndLog(69)) - Successfully supplied FileChannel.open /home/runner/work/ratis/ratis/ratis-examples/target/test/data/da5193cb/MiniRaftClusterWithGrpca0a5e6cd/s11/435a4df0-bc52-4a9f-9b5a-9e43cc895c9d/current/raft-meta.tmp with options [CREATE, WRITE]: sun.nio.ch.FileChannelImpl@70143157
2024-12-14 12:24:40,763 TRACE util.FileUtils (LogUtils.java:runAndLog(49)) - Successfully ran Atomic Files.move /home/runner/work/ratis/ratis/ratis-examples/target/test/data/da5193cb/MiniRaftClusterWithGrpca0a5e6cd/s11/435a4df0-bc52-4a9f-9b5a-9e43cc895c9d/current/raft-meta.tmp to /home/runner/work/ratis/ratis/ratis-examples/target/test/data/da5193cb/MiniRaftClusterWithGrpca0a5e6cd/s11/435a4df0-bc52-4a9f-9b5a-9e43cc895c9d/current/raft-meta with options [REPLACE_EXISTING]
2024-12-14 12:24:40,763 INFO  impl.LeaderElection (LeaderElection.java:askForVotes(332)) - s11@group-9E43CC895C9D-LeaderElection12 ELECTION round 0: submit vote requests at term 1 for conf: {index: -1, cur=peers:[s11|0.0.0.0:15011, s13|0.0.0.0:15013, s12|0.0.0.0:15012]|listeners:[], old=null}
2024-12-14 12:24:40,763 INFO  server.RaftServerConfigKeys (ConfUtils.java:logFallback(53)) - raft.server.rpc.first-election.timeout.min = 300ms (fallback to raft.server.rpc.timeout.min)
2024-12-14 12:24:40,763 INFO  server.RaftServerConfigKeys (ConfUtils.java:logFallback(53)) - raft.server.rpc.first-election.timeout.max = 600ms (fallback to raft.server.rpc.timeout.max)
2024-12-14 12:24:40,764 INFO  server.RaftServer$Division (RaftServerImpl.java:requestVote(1452)) - s12@group-9E43CC895C9D: receive requestVote(ELECTION, s11, group-9E43CC895C9D, 1, (t:0, i:0))
2024-12-14 12:24:40,764 INFO  impl.VoteContext (VoteContext.java:log(49)) - s12@group-9E43CC895C9D-FOLLOWER: accept ELECTION from s11: our priority 0 <= candidate's priority 0
2024-12-14 12:24:40,764 INFO  server.RaftServer$Division (RaftServerImpl.java:setRole(379)) - s12@group-9E43CC895C9D: changes role from  FOLLOWER to FOLLOWER at term 0 for candidate:s11
2024-12-14 12:24:40,765 INFO  impl.RoleInfo (RoleInfo.java:shutdownFollowerState(121)) - s12: shutdown s12@group-9E43CC895C9D-FollowerState
2024-12-14 12:24:40,765 INFO  impl.RoleInfo (RoleInfo.java:updateAndGet(148)) - s12: start s12@group-9E43CC895C9D-FollowerState
2024-12-14 12:24:40,765 INFO  server.RaftServer$Division (RaftServerImpl.java:setFirstElection(563)) - s12@group-9E43CC895C9D: set firstElectionSinceStartup to false for candidate:s11
2024-12-14 12:24:40,765 INFO  impl.FollowerState (FollowerState.java:runImpl(170)) - s12@group-9E43CC895C9D-FollowerState was interrupted
2024-12-14 12:24:40,765 TRACE util.FileUtils (LogUtils.java:supplyAndLog(69)) - Successfully supplied FileChannel.open /home/runner/work/ratis/ratis/ratis-examples/target/test/data/da5193cb/MiniRaftClusterWithGrpca0a5e6cd/s12/435a4df0-bc52-4a9f-9b5a-9e43cc895c9d/current/raft-meta.tmp with options [CREATE, WRITE]: sun.nio.ch.FileChannelImpl@55d828fb
2024-12-14 12:24:40,766 INFO  server.RaftServer$Division (RaftServerImpl.java:requestVote(1452)) - s13@group-9E43CC895C9D: receive requestVote(ELECTION, s11, group-9E43CC895C9D, 1, (t:0, i:0))
2024-12-14 12:24:40,766 INFO  impl.VoteContext (VoteContext.java:log(49)) - s13@group-9E43CC895C9D-FOLLOWER: accept ELECTION from s11: our priority 0 <= candidate's priority 0
2024-12-14 12:24:40,766 INFO  server.RaftServer$Division (RaftServerImpl.java:setRole(379)) - s13@group-9E43CC895C9D: changes role from  FOLLOWER to FOLLOWER at term 0 for candidate:s11
2024-12-14 12:24:40,766 INFO  impl.RoleInfo (RoleInfo.java:shutdownFollowerState(121)) - s13: shutdown s13@group-9E43CC895C9D-FollowerState
2024-12-14 12:24:40,766 INFO  impl.RoleInfo (RoleInfo.java:updateAndGet(148)) - s13: start s13@group-9E43CC895C9D-FollowerState
2024-12-14 12:24:40,766 INFO  impl.FollowerState (FollowerState.java:runImpl(170)) - s13@group-9E43CC895C9D-FollowerState was interrupted
2024-12-14 12:24:40,766 TRACE util.FileUtils (LogUtils.java:runAndLog(49)) - Successfully ran Atomic Files.move /home/runner/work/ratis/ratis/ratis-examples/target/test/data/da5193cb/MiniRaftClusterWithGrpca0a5e6cd/s12/435a4df0-bc52-4a9f-9b5a-9e43cc895c9d/current/raft-meta.tmp to /home/runner/work/ratis/ratis/ratis-examples/target/test/data/da5193cb/MiniRaftClusterWithGrpca0a5e6cd/s12/435a4df0-bc52-4a9f-9b5a-9e43cc895c9d/current/raft-meta with options [REPLACE_EXISTING]
2024-12-14 12:24:40,766 INFO  server.RaftServer$Division (RaftServerImpl.java:setFirstElection(563)) - s13@group-9E43CC895C9D: set firstElectionSinceStartup to false for candidate:s11
2024-12-14 12:24:40,767 INFO  server.RaftServer$Division (RaftServerImpl.java:requestVote(1486)) - s12@group-9E43CC895C9D replies to ELECTION vote request: s11<-s12#0:OK-t1. Peer's state: s12@group-9E43CC895C9D:t1, leader=null, voted=s11, raftlog=Memoized:s12@group-9E43CC895C9D-SegmentedRaftLog:OPENED:c-1:lastnull, conf=conf: {index: -1, cur=peers:[s11|0.0.0.0:15011, s13|0.0.0.0:15013, s12|0.0.0.0:15012]|listeners:[], old=null}
2024-12-14 12:24:40,767 TRACE util.FileUtils (LogUtils.java:supplyAndLog(69)) - Successfully supplied FileChannel.open /home/runner/work/ratis/ratis/ratis-examples/target/test/data/da5193cb/MiniRaftClusterWithGrpca0a5e6cd/s13/435a4df0-bc52-4a9f-9b5a-9e43cc895c9d/current/raft-meta.tmp with options [CREATE, WRITE]: sun.nio.ch.FileChannelImpl@14c5fd31
2024-12-14 12:24:40,768 INFO  impl.LeaderElection (LeaderElection.java:logAndReturn(90)) - s11@group-9E43CC895C9D-LeaderElection12: ELECTION PASSED received 1 response(s) and 0 exception(s):
2024-12-14 12:24:40,768 INFO  impl.LeaderElection (LeaderElection.java:logAndReturn(94)) -   Response 0: s11<-s12#0:OK-t1
2024-12-14 12:24:40,768 TRACE util.FileUtils (LogUtils.java:runAndLog(49)) - Successfully ran Atomic Files.move /home/runner/work/ratis/ratis/ratis-examples/target/test/data/da5193cb/MiniRaftClusterWithGrpca0a5e6cd/s13/435a4df0-bc52-4a9f-9b5a-9e43cc895c9d/current/raft-meta.tmp to /home/runner/work/ratis/ratis/ratis-examples/target/test/data/da5193cb/MiniRaftClusterWithGrpca0a5e6cd/s13/435a4df0-bc52-4a9f-9b5a-9e43cc895c9d/current/raft-meta with options [REPLACE_EXISTING]
2024-12-14 12:24:40,768 INFO  server.RaftServer$Division (RaftServerImpl.java:requestVote(1486)) - s13@group-9E43CC895C9D replies to ELECTION vote request: s11<-s13#0:OK-t1. Peer's state: s13@group-9E43CC895C9D:t1, leader=null, voted=s11, raftlog=Memoized:s13@group-9E43CC895C9D-SegmentedRaftLog:OPENED:c-1:lastnull, conf=conf: {index: -1, cur=peers:[s11|0.0.0.0:15011, s13|0.0.0.0:15013, s12|0.0.0.0:15012]|listeners:[], old=null}
2024-12-14 12:24:40,768 INFO  impl.LeaderElection (LeaderElection.java:askForVotes(334)) - s11@group-9E43CC895C9D-LeaderElection12 ELECTION round 0: result PASSED
2024-12-14 12:24:40,769 INFO  impl.RoleInfo (RoleInfo.java:shutdownLeaderElection(141)) - s11: shutdown s11@group-9E43CC895C9D-LeaderElection12
2024-12-14 12:24:40,769 INFO  server.RaftServer$Division (RaftServerImpl.java:setRole(379)) - s11@group-9E43CC895C9D: changes role from CANDIDATE to LEADER at term 1 for changeToLeader
2024-12-14 12:24:40,770 INFO  server.RaftServerConfigKeys (ConfUtils.java:logGet(46)) - raft.server.staging.catchup.gap = 1000 (default)
2024-12-14 12:24:40,770 INFO  server.RaftServerConfigKeys (ConfUtils.java:logGet(46)) - raft.server.write.element-limit = 4096 (default)
2024-12-14 12:24:40,771 INFO  server.RaftServerConfigKeys (ConfUtils.java:logGet(46)) - raft.server.write.byte-limit = 64MB (=67108864) (default)
2024-12-14 12:24:40,771 INFO  server.RaftServerConfigKeys (ConfUtils.java:logGet(46)) - raft.server.watch.timeout = 10s (default)
2024-12-14 12:24:40,771 INFO  server.RaftServerConfigKeys (ConfUtils.java:logGet(46)) - raft.server.watch.timeout.denomination = 1s (default)
2024-12-14 12:24:40,771 INFO  server.RaftServerConfigKeys (ConfUtils.java:logGet(46)) - raft.server.watch.element-limit = 65536 (default)
2024-12-14 12:24:40,771 INFO  server.RaftServerConfigKeys (ConfUtils.java:logGet(46)) - raft.server.read.leader.lease.enabled = false (default)
2024-12-14 12:24:40,771 INFO  server.RaftServerConfigKeys (ConfUtils.java:logGet(46)) - raft.server.read.leader.lease.timeout.ratio = 0.9 (default)
2024-12-14 12:24:40,771 INFO  server.RaftServerConfigKeys (ConfUtils.java:logGet(46)) - raft.server.rpc.timeout.min = 300ms (custom)
2024-12-14 12:24:40,771 INFO  server.RaftServerConfigKeys (ConfUtils.java:logGet(46)) - raft.server.log.log-metadata.enabled = true (default)
2024-12-14 12:24:40,771 INFO  server.RaftServerConfigKeys (ConfUtils.java:logGet(46)) - raft.server.write.element-limit = 4096 (default)
2024-12-14 12:24:40,771 INFO  server.RaftServerConfigKeys (ConfUtils.java:logGet(46)) - raft.server.write.follower.gap.ratio.max = -1.0 (default)
2024-12-14 12:24:40,772 INFO  server.RaftServerConfigKeys (ConfUtils.java:logGet(46)) - raft.server.log.appender.snapshot.chunk.size.max = 16MB (=16777216) (default)
2024-12-14 12:24:40,772 INFO  server.RaftServerConfigKeys (ConfUtils.java:logGet(46)) - raft.server.log.appender.buffer.byte-limit = 4MB (=4194304) (default)
2024-12-14 12:24:40,772 INFO  server.RaftServerConfigKeys (ConfUtils.java:logGet(46)) - raft.server.log.appender.buffer.element-limit = 0 (default)
2024-12-14 12:24:40,772 INFO  server.RaftServerConfigKeys (ConfUtils.java:logGet(46)) - raft.server.log.appender.wait-time.min = 1ms (default)
2024-12-14 12:24:40,772 INFO  grpc.GrpcConfigKeys (ConfUtils.java:logGet(46)) - raft.grpc.server.leader.outstanding.appends.max = 8 (default)
2024-12-14 12:24:40,772 INFO  server.RaftServerConfigKeys (ConfUtils.java:logGet(46)) - raft.server.rpc.request.timeout = 3000ms (default)
2024-12-14 12:24:40,772 INFO  grpc.GrpcConfigKeys (ConfUtils.java:logGet(46)) - raft.grpc.server.install_snapshot.request.element-limit = 8 (default)
2024-12-14 12:24:40,772 INFO  grpc.GrpcConfigKeys (ConfUtils.java:logGet(46)) - raft.grpc.server.install_snapshot.request.timeout = 3000ms (default)
2024-12-14 12:24:40,772 INFO  grpc.GrpcConfigKeys (ConfUtils.java:logGet(46)) - raft.grpc.server.log-message.batch.duration = 5s (default)
2024-12-14 12:24:40,772 INFO  server.RaftServerConfigKeys (ConfUtils.java:logGet(46)) - raft.server.log.appender.install.snapshot.enabled = true (default)
2024-12-14 12:24:40,772 INFO  grpc.GrpcConfigKeys (ConfUtils.java:logGet(46)) - raft.grpc.server.heartbeat.channel = true (default)
2024-12-14 12:24:40,773 INFO  server.RaftServerConfigKeys (ConfUtils.java:logGet(46)) - raft.server.log.appender.snapshot.chunk.size.max = 16MB (=16777216) (default)
2024-12-14 12:24:40,773 INFO  server.RaftServerConfigKeys (ConfUtils.java:logGet(46)) - raft.server.log.appender.buffer.byte-limit = 4MB (=4194304) (default)
2024-12-14 12:24:40,773 INFO  server.RaftServerConfigKeys (ConfUtils.java:logGet(46)) - raft.server.log.appender.buffer.element-limit = 0 (default)
2024-12-14 12:24:40,773 INFO  server.RaftServerConfigKeys (ConfUtils.java:logGet(46)) - raft.server.log.appender.wait-time.min = 1ms (default)
2024-12-14 12:24:40,773 INFO  grpc.GrpcConfigKeys (ConfUtils.java:logGet(46)) - raft.grpc.server.leader.outstanding.appends.max = 8 (default)
2024-12-14 12:24:40,773 INFO  server.RaftServerConfigKeys (ConfUtils.java:logGet(46)) - raft.server.rpc.request.timeout = 3000ms (default)
2024-12-14 12:24:40,773 INFO  grpc.GrpcConfigKeys (ConfUtils.java:logGet(46)) - raft.grpc.server.install_snapshot.request.element-limit = 8 (default)
2024-12-14 12:24:40,773 INFO  grpc.GrpcConfigKeys (ConfUtils.java:logGet(46)) - raft.grpc.server.install_snapshot.request.timeout = 3000ms (default)
2024-12-14 12:24:40,773 INFO  grpc.GrpcConfigKeys (ConfUtils.java:logGet(46)) - raft.grpc.server.log-message.batch.duration = 5s (default)
2024-12-14 12:24:40,774 INFO  server.RaftServerConfigKeys (ConfUtils.java:logGet(46)) - raft.server.log.appender.install.snapshot.enabled = true (default)
2024-12-14 12:24:40,774 INFO  grpc.GrpcConfigKeys (ConfUtils.java:logGet(46)) - raft.grpc.server.heartbeat.channel = true (default)
2024-12-14 12:24:40,774 INFO  impl.RoleInfo (RoleInfo.java:updateAndGet(148)) - s11: start s11@group-9E43CC895C9D-LeaderStateImpl
2024-12-14 12:24:40,774 INFO  server.RaftServer$Division (RaftServerImpl.java:setFirstElection(563)) - s11@group-9E43CC895C9D: set firstElectionSinceStartup to false for becomeLeader
2024-12-14 12:24:40,774 INFO  server.RaftServer$Division (ServerState.java:setLeader(272)) - s11@group-9E43CC895C9D: change Leader from null to s11 at term 1 for becomeLeader, leader elected after 420ms
2024-12-14 12:24:40,774 INFO  segmented.SegmentedRaftLogWorker (SegmentedRaftLogWorker.java:startLogSegment(443)) - s11@group-9E43CC895C9D-SegmentedRaftLogWorker: Starting segment from index:0
2024-12-14 12:24:40,774 INFO  server.RaftServer$Division (ServerState.java:setRaftConf(386)) - s11@group-9E43CC895C9D: set configuration conf: {index: 0, cur=peers:[s11|0.0.0.0:15011, s13|0.0.0.0:15013, s12|0.0.0.0:15012]|listeners:[], old=null}
2024-12-14 12:24:40,775 INFO  segmented.BufferedWriteChannel (BufferedWriteChannel.java:open(61)) - open log_inprogress_0 at position 0
2024-12-14 12:24:40,787 INFO  server.RaftServer$Division (ServerState.java:setLeader(272)) - s13@group-9E43CC895C9D: change Leader from null to s11 at term 1 for appendEntries, leader elected after 392ms
2024-12-14 12:24:40,789 INFO  segmented.SegmentedRaftLogWorker (SegmentedRaftLogWorker.java:execute(667)) - s11@group-9E43CC895C9D-SegmentedRaftLogWorker: created new log segment /home/runner/work/ratis/ratis/ratis-examples/target/test/data/da5193cb/MiniRaftClusterWithGrpca0a5e6cd/s11/435a4df0-bc52-4a9f-9b5a-9e43cc895c9d/current/log_inprogress_0
2024-12-14 12:24:40,801 INFO  server.RaftServer$Division (ServerState.java:setRaftConf(386)) - s13@group-9E43CC895C9D: set configuration conf: {index: 0, cur=peers:[s11|0.0.0.0:15011, s13|0.0.0.0:15013, s12|0.0.0.0:15012]|listeners:[], old=null}
2024-12-14 12:24:40,801 INFO  segmented.SegmentedRaftLogWorker (SegmentedRaftLogWorker.java:startLogSegment(443)) - s13@group-9E43CC895C9D-SegmentedRaftLogWorker: Starting segment from index:0
2024-12-14 12:24:40,805 INFO  server.RaftServer$Division (ServerState.java:setLeader(272)) - s12@group-9E43CC895C9D: change Leader from null to s11 at term 1 for appendEntries, leader elected after 426ms
2024-12-14 12:24:40,805 INFO  segmented.BufferedWriteChannel (BufferedWriteChannel.java:open(61)) - open log_inprogress_0 at position 0
2024-12-14 12:24:40,805 INFO  server.RaftServer$Division (ServerState.java:setRaftConf(386)) - s12@group-9E43CC895C9D: set configuration conf: {index: 0, cur=peers:[s11|0.0.0.0:15011, s13|0.0.0.0:15013, s12|0.0.0.0:15012]|listeners:[], old=null}
2024-12-14 12:24:40,805 INFO  segmented.SegmentedRaftLogWorker (SegmentedRaftLogWorker.java:startLogSegment(443)) - s12@group-9E43CC895C9D-SegmentedRaftLogWorker: Starting segment from index:0
2024-12-14 12:24:40,812 INFO  segmented.BufferedWriteChannel (BufferedWriteChannel.java:open(61)) - open log_inprogress_0 at position 0
2024-12-14 12:24:40,817 INFO  segmented.SegmentedRaftLogWorker (SegmentedRaftLogWorker.java:execute(667)) - s13@group-9E43CC895C9D-SegmentedRaftLogWorker: created new log segment /home/runner/work/ratis/ratis/ratis-examples/target/test/data/da5193cb/MiniRaftClusterWithGrpca0a5e6cd/s13/435a4df0-bc52-4a9f-9b5a-9e43cc895c9d/current/log_inprogress_0
2024-12-14 12:24:40,819 TRACE util.FileUtils (LogUtils.java:supplyAndLog(69)) - Successfully supplied FileChannel.open /home/runner/work/ratis/ratis/ratis-examples/target/test/data/da5193cb/MiniRaftClusterWithGrpca0a5e6cd/s11/435a4df0-bc52-4a9f-9b5a-9e43cc895c9d/current/raft-meta.conf.tmp with options [CREATE, WRITE]: sun.nio.ch.FileChannelImpl@2b0a63ee
2024-12-14 12:24:40,821 TRACE util.FileUtils (LogUtils.java:runAndLog(49)) - Successfully ran Atomic Files.move /home/runner/work/ratis/ratis/ratis-examples/target/test/data/da5193cb/MiniRaftClusterWithGrpca0a5e6cd/s11/435a4df0-bc52-4a9f-9b5a-9e43cc895c9d/current/raft-meta.conf.tmp to /home/runner/work/ratis/ratis/ratis-examples/target/test/data/da5193cb/MiniRaftClusterWithGrpca0a5e6cd/s11/435a4df0-bc52-4a9f-9b5a-9e43cc895c9d/current/raft-meta.conf with options [REPLACE_EXISTING]
2024-12-14 12:24:40,821 INFO  server.RaftServer$Division (LeaderStateImpl.java:checkStartIndex(314)) - Leader s11@group-9E43CC895C9D-LeaderStateImpl is ready since appliedIndex == startIndex == 0
2024-12-14 12:24:40,826 INFO  segmented.SegmentedRaftLogWorker (SegmentedRaftLogWorker.java:execute(667)) - s12@group-9E43CC895C9D-SegmentedRaftLogWorker: created new log segment /home/runner/work/ratis/ratis/ratis-examples/target/test/data/da5193cb/MiniRaftClusterWithGrpca0a5e6cd/s12/435a4df0-bc52-4a9f-9b5a-9e43cc895c9d/current/log_inprogress_0
2024-12-14 12:24:40,971 TRACE util.FileUtils (LogUtils.java:supplyAndLog(69)) - Successfully supplied FileChannel.open /home/runner/work/ratis/ratis/ratis-examples/target/test/data/da5193cb/MiniRaftClusterWithGrpca0a5e6cd/s13/435a4df0-bc52-4a9f-9b5a-9e43cc895c9d/current/raft-meta.conf.tmp with options [CREATE, WRITE]: sun.nio.ch.FileChannelImpl@78f62496
2024-12-14 12:24:40,973 TRACE util.FileUtils (LogUtils.java:runAndLog(49)) - Successfully ran Atomic Files.move /home/runner/work/ratis/ratis/ratis-examples/target/test/data/da5193cb/MiniRaftClusterWithGrpca0a5e6cd/s13/435a4df0-bc52-4a9f-9b5a-9e43cc895c9d/current/raft-meta.conf.tmp to /home/runner/work/ratis/ratis/ratis-examples/target/test/data/da5193cb/MiniRaftClusterWithGrpca0a5e6cd/s13/435a4df0-bc52-4a9f-9b5a-9e43cc895c9d/current/raft-meta.conf with options [REPLACE_EXISTING]
2024-12-14 12:24:40,980 TRACE util.FileUtils (LogUtils.java:supplyAndLog(69)) - Successfully supplied FileChannel.open /home/runner/work/ratis/ratis/ratis-examples/target/test/data/da5193cb/MiniRaftClusterWithGrpca0a5e6cd/s12/435a4df0-bc52-4a9f-9b5a-9e43cc895c9d/current/raft-meta.conf.tmp with options [CREATE, WRITE]: sun.nio.ch.FileChannelImpl@e8b4e64
2024-12-14 12:24:40,981 TRACE util.FileUtils (LogUtils.java:runAndLog(49)) - Successfully ran Atomic Files.move /home/runner/work/ratis/ratis/ratis-examples/target/test/data/da5193cb/MiniRaftClusterWithGrpca0a5e6cd/s12/435a4df0-bc52-4a9f-9b5a-9e43cc895c9d/current/raft-meta.conf.tmp to /home/runner/work/ratis/ratis/ratis-examples/target/test/data/da5193cb/MiniRaftClusterWithGrpca0a5e6cd/s12/435a4df0-bc52-4a9f-9b5a-9e43cc895c9d/current/raft-meta.conf with options [REPLACE_EXISTING]
2024-12-14 12:24:41,309 INFO  ratis.RaftTestUtil (RaftTestUtil.java:waitForLeader(131)) - printing group-9E43CC895C9D
  s11:  RUNNING [
     LEADER s11@group-9E43CC895C9D:t1, leader=s11, voted=s11, raftlog=Memoized:s11@group-9E43CC895C9D-SegmentedRaftLog:OPENED:c0:last(t:1, i:0), conf=conf: {index: 0, cur=peers:[s11|0.0.0.0:15011, s13|0.0.0.0:15013, s12|0.0.0.0:15012]|listeners:[], old=null} RUNNING
   FOLLOWER s11@group-40388BE3F4D5:t0, leader=null, voted=, raftlog=Memoized:s11@group-40388BE3F4D5-SegmentedRaftLog:OPENED:c-1:lastnull, conf=conf: {index: -1, cur=peers:[]|listeners:[], old=null} STARTING] size=2
  s13:  RUNNING [
   FOLLOWER s13@group-9E43CC895C9D:t1, leader=s11, voted=s11, raftlog=Memoized:s13@group-9E43CC895C9D-SegmentedRaftLog:OPENED:c0:last(t:1, i:0), conf=conf: {index: 0, cur=peers:[s11|0.0.0.0:15011, s13|0.0.0.0:15013, s12|0.0.0.0:15012]|listeners:[], old=null} RUNNING
   FOLLOWER s13@group-40388BE3F4D5:t0, leader=null, voted=, raftlog=Memoized:s13@group-40388BE3F4D5-SegmentedRaftLog:OPENED:c-1:lastnull, conf=conf: {index: -1, cur=peers:[]|listeners:[], old=null} STARTING] size=2
  s12:  RUNNING [
   FOLLOWER s12@group-9E43CC895C9D:t1, leader=s11, voted=s11, raftlog=Memoized:s12@group-9E43CC895C9D-SegmentedRaftLog:OPENED:c0:last(t:1, i:0), conf=conf: {index: 0, cur=peers:[s11|0.0.0.0:15011, s13|0.0.0.0:15013, s12|0.0.0.0:15012]|listeners:[], old=null} RUNNING
   FOLLOWER s12@group-40388BE3F4D5:t0, leader=null, voted=, raftlog=Memoized:s12@group-40388BE3F4D5-SegmentedRaftLog:OPENED:c-1:lastnull, conf=conf: {index: -1, cur=peers:[]|listeners:[], old=null} STARTING] size=2
2024-12-14 12:24:41,318 INFO  statemachine.StateMachine (ArithmeticStateMachine.java:applyTransaction(181)) - LEADER:s11-1: a = 23 = 23
2024-12-14 12:24:41,324 INFO  statemachine.StateMachine (ArithmeticStateMachine.java:applyTransaction(181)) - LEADER:s11-3: b = 264 = 264
2024-12-14 12:24:41,329 INFO  statemachine.StateMachine (ArithmeticStateMachine.java:applyTransaction(181)) - LEADER:s11-5: c = √(a^2 + b^2) = 265
2024-12-14 12:24:41,337 INFO  statemachine.StateMachine (ArithmeticStateMachine.java:applyTransaction(181)) - LEADER:s11-7: a = null = null
2024-12-14 12:24:41,342 INFO  statemachine.StateMachine (ArithmeticStateMachine.java:applyTransaction(181)) - LEADER:s11-9: b = null = null
2024-12-14 12:24:41,349 INFO  statemachine.StateMachine (ArithmeticStateMachine.java:applyTransaction(181)) - LEADER:s11-11: c = null = null
2024-12-14 12:24:41,356 INFO  statemachine.StateMachine (ArithmeticStateMachine.java:applyTransaction(181)) - LEADER:s11-13: a = 25 = 25
2024-12-14 12:24:41,361 INFO  statemachine.StateMachine (ArithmeticStateMachine.java:applyTransaction(181)) - LEADER:s11-15: b = 312 = 312
2024-12-14 12:24:41,366 INFO  statemachine.StateMachine (ArithmeticStateMachine.java:applyTransaction(181)) - LEADER:s11-17: c = √(a^2 + b^2) = 313
2024-12-14 12:24:41,372 INFO  statemachine.StateMachine (ArithmeticStateMachine.java:applyTransaction(181)) - LEADER:s11-19: a = null = null
2024-12-14 12:24:41,377 INFO  statemachine.StateMachine (ArithmeticStateMachine.java:applyTransaction(181)) - LEADER:s11-21: b = null = null
2024-12-14 12:24:41,385 INFO  statemachine.StateMachine (ArithmeticStateMachine.java:applyTransaction(181)) - LEADER:s11-23: c = null = null
2024-12-14 12:24:41,389 INFO  statemachine.StateMachine (ArithmeticStateMachine.java:applyTransaction(181)) - LEADER:s11-25: a = 27 = 27
2024-12-14 12:24:41,394 INFO  statemachine.StateMachine (ArithmeticStateMachine.java:applyTransaction(181)) - LEADER:s11-27: b = 364 = 364
2024-12-14 12:24:41,399 INFO  statemachine.StateMachine (ArithmeticStateMachine.java:applyTransaction(181)) - LEADER:s11-29: c = √(a^2 + b^2) = 365
2024-12-14 12:24:41,404 INFO  statemachine.StateMachine (ArithmeticStateMachine.java:applyTransaction(181)) - LEADER:s11-31: a = null = null
2024-12-14 12:24:41,409 INFO  statemachine.StateMachine (ArithmeticStateMachine.java:applyTransaction(181)) - LEADER:s11-33: b = null = null
2024-12-14 12:24:41,415 INFO  statemachine.StateMachine (ArithmeticStateMachine.java:applyTransaction(181)) - LEADER:s11-35: c = null = null
2024-12-14 12:24:41,419 INFO  statemachine.StateMachine (ArithmeticStateMachine.java:applyTransaction(181)) - LEADER:s11-37: a = 29 = 29
2024-12-14 12:24:41,424 INFO  statemachine.StateMachine (ArithmeticStateMachine.java:applyTransaction(181)) - LEADER:s11-39: b = 420 = 420
2024-12-14 12:24:41,429 INFO  statemachine.StateMachine (ArithmeticStateMachine.java:applyTransaction(181)) - LEADER:s11-41: c = √(a^2 + b^2) = 421
2024-12-14 12:24:41,434 INFO  statemachine.StateMachine (ArithmeticStateMachine.java:applyTransaction(181)) - LEADER:s11-43: a = null = null
2024-12-14 12:24:41,439 INFO  statemachine.StateMachine (ArithmeticStateMachine.java:applyTransaction(181)) - LEADER:s11-45: b = null = null
2024-12-14 12:24:41,443 INFO  statemachine.StateMachine (ArithmeticStateMachine.java:applyTransaction(181)) - LEADER:s11-47: c = null = null
2024-12-14 12:24:41,449 INFO  statemachine.StateMachine (ArithmeticStateMachine.java:applyTransaction(181)) - LEADER:s11-49: a = 31 = 31
2024-12-14 12:24:41,454 INFO  statemachine.StateMachine (ArithmeticStateMachine.java:applyTransaction(181)) - LEADER:s11-51: b = 480 = 480
2024-12-14 12:24:41,459 INFO  statemachine.StateMachine (ArithmeticStateMachine.java:applyTransaction(181)) - LEADER:s11-53: c = √(a^2 + b^2) = 481
2024-12-14 12:24:41,465 INFO  statemachine.StateMachine (ArithmeticStateMachine.java:applyTransaction(181)) - LEADER:s11-55: a = null = null
2024-12-14 12:24:41,470 INFO  statemachine.StateMachine (ArithmeticStateMachine.java:applyTransaction(181)) - LEADER:s11-57: b = null = null
2024-12-14 12:24:41,475 INFO  statemachine.StateMachine (ArithmeticStateMachine.java:applyTransaction(181)) - LEADER:s11-59: c = null = null
2024-12-14 12:24:41,480 INFO  statemachine.StateMachine (ArithmeticStateMachine.java:applyTransaction(181)) - LEADER:s11-61: a = 33 = 33
2024-12-14 12:24:41,485 INFO  statemachine.StateMachine (ArithmeticStateMachine.java:applyTransaction(181)) - LEADER:s11-63: b = 544 = 544
2024-12-14 12:24:41,490 INFO  statemachine.StateMachine (ArithmeticStateMachine.java:applyTransaction(181)) - LEADER:s11-65: c = √(a^2 + b^2) = 545
2024-12-14 12:24:41,495 INFO  statemachine.StateMachine (ArithmeticStateMachine.java:applyTransaction(181)) - LEADER:s11-67: a = null = null
2024-12-14 12:24:41,500 INFO  statemachine.StateMachine (ArithmeticStateMachine.java:applyTransaction(181)) - LEADER:s11-69: b = null = null
2024-12-14 12:24:41,505 INFO  statemachine.StateMachine (ArithmeticStateMachine.java:applyTransaction(181)) - LEADER:s11-71: c = null = null
2024-12-14 12:24:41,510 INFO  statemachine.StateMachine (ArithmeticStateMachine.java:applyTransaction(181)) - LEADER:s11-73: a = 35 = 35
2024-12-14 12:24:41,516 INFO  statemachine.StateMachine (ArithmeticStateMachine.java:applyTransaction(181)) - LEADER:s11-75: b = 612 = 612
2024-12-14 12:24:41,520 INFO  statemachine.StateMachine (ArithmeticStateMachine.java:applyTransaction(181)) - LEADER:s11-77: c = √(a^2 + b^2) = 613
2024-12-14 12:24:41,525 INFO  statemachine.StateMachine (ArithmeticStateMachine.java:applyTransaction(181)) - LEADER:s11-79: a = null = null
2024-12-14 12:24:41,530 INFO  statemachine.StateMachine (ArithmeticStateMachine.java:applyTransaction(181)) - LEADER:s11-81: b = null = null
2024-12-14 12:24:41,534 INFO  statemachine.StateMachine (ArithmeticStateMachine.java:applyTransaction(181)) - LEADER:s11-83: c = null = null
2024-12-14 12:24:41,539 INFO  statemachine.StateMachine (ArithmeticStateMachine.java:applyTransaction(181)) - LEADER:s11-85: a = 37 = 37
2024-12-14 12:24:41,545 INFO  statemachine.StateMachine (ArithmeticStateMachine.java:applyTransaction(181)) - LEADER:s11-87: b = 684 = 684
2024-12-14 12:24:41,551 INFO  statemachine.StateMachine (ArithmeticStateMachine.java:applyTransaction(181)) - LEADER:s11-89: c = √(a^2 + b^2) = 685
2024-12-14 12:24:41,556 INFO  statemachine.StateMachine (ArithmeticStateMachine.java:applyTransaction(181)) - LEADER:s11-91: a = null = null
2024-12-14 12:24:41,565 INFO  statemachine.StateMachine (ArithmeticStateMachine.java:applyTransaction(181)) - LEADER:s11-93: b = null = null
2024-12-14 12:24:41,569 INFO  statemachine.StateMachine (ArithmeticStateMachine.java:applyTransaction(181)) - LEADER:s11-95: c = null = null
2024-12-14 12:24:41,573 INFO  statemachine.StateMachine (ArithmeticStateMachine.java:applyTransaction(181)) - LEADER:s11-97: a = 39 = 39
2024-12-14 12:24:41,577 INFO  statemachine.StateMachine (ArithmeticStateMachine.java:applyTransaction(181)) - LEADER:s11-99: b = 760 = 760
2024-12-14 12:24:41,581 INFO  statemachine.StateMachine (ArithmeticStateMachine.java:applyTransaction(181)) - LEADER:s11-101: c = √(a^2 + b^2) = 761
2024-12-14 12:24:41,585 INFO  statemachine.StateMachine (ArithmeticStateMachine.java:applyTransaction(181)) - LEADER:s11-103: a = null = null
2024-12-14 12:24:41,589 INFO  statemachine.StateMachine (ArithmeticStateMachine.java:applyTransaction(181)) - LEADER:s11-105: b = null = null
2024-12-14 12:24:41,594 INFO  statemachine.StateMachine (ArithmeticStateMachine.java:applyTransaction(181)) - LEADER:s11-107: c = null = null
2024-12-14 12:24:41,598 INFO  statemachine.StateMachine (ArithmeticStateMachine.java:applyTransaction(181)) - LEADER:s11-109: a = 41 = 41
2024-12-14 12:24:41,605 INFO  statemachine.StateMachine (ArithmeticStateMachine.java:applyTransaction(181)) - LEADER:s11-111: b = 840 = 840
2024-12-14 12:24:41,610 INFO  statemachine.StateMachine (ArithmeticStateMachine.java:applyTransaction(181)) - LEADER:s11-113: c = √(a^2 + b^2) = 841
2024-12-14 12:24:41,615 INFO  statemachine.StateMachine (ArithmeticStateMachine.java:applyTransaction(181)) - LEADER:s11-115: a = null = null
2024-12-14 12:24:41,621 INFO  statemachine.StateMachine (ArithmeticStateMachine.java:applyTransaction(181)) - LEADER:s11-117: b = null = null
2024-12-14 12:24:41,626 INFO  statemachine.StateMachine (ArithmeticStateMachine.java:applyTransaction(181)) - LEADER:s11-119: c = null = null
2024-12-14 12:24:41,631 INFO  impl.GroupManagementBaseTest (GroupManagementBaseTest.java:runMultiGroupTest(281)) - 2) starting group-FDF63F8BEBB3:[s3|0.0.0.0:15003, s14|0.0.0.0:15014, s2|0.0.0.0:15002]
2024-12-14 12:24:41,638 INFO  server.RaftServer$Division (RaftServerImpl.java:<init>(256)) - s14: new RaftServerImpl for group-FDF63F8BEBB3:[s3|0.0.0.0:15003, s14|0.0.0.0:15014, s2|0.0.0.0:15002] with ArithmeticStateMachine:uninitialized
2024-12-14 12:24:41,639 INFO  server.RaftServerConfigKeys (ConfUtils.java:logGet(46)) - raft.server.rpc.timeout.min = 300ms (custom)
2024-12-14 12:24:41,639 INFO  server.RaftServerConfigKeys (ConfUtils.java:logGet(46)) - raft.server.rpc.timeout.max = 600ms (custom)
2024-12-14 12:24:41,639 INFO  server.RaftServerConfigKeys (ConfUtils.java:logGet(46)) - raft.server.rpc.sleep.time = 25ms (default)
2024-12-14 12:24:41,639 INFO  server.RaftServerConfigKeys (ConfUtils.java:logGet(46)) - raft.server.rpc.slowness.timeout = 60s (default)
2024-12-14 12:24:41,639 INFO  server.RaftServerConfigKeys (ConfUtils.java:logGet(46)) - raft.server.leaderelection.leader.step-down.wait-time = 10s (default)
2024-12-14 12:24:41,639 INFO  server.RaftServerConfigKeys (ConfUtils.java:logGet(46)) - raft.server.leaderelection.member.majority-add = false (default)
2024-12-14 12:24:41,639 INFO  server.RaftServerConfigKeys (ConfUtils.java:logGet(46)) - raft.server.sleep.deviation.threshold = 300ms (default)
2024-12-14 12:24:41,639 INFO  server.RaftServer$Division (ServerState.java:<init>(114)) - s14@group-FDF63F8BEBB3: ConfigurationManager, init=conf: {index: -1, cur=peers:[s3|0.0.0.0:15003, s14|0.0.0.0:15014, s2|0.0.0.0:15002]|listeners:[], old=null}, confs=<EMPTY_MAP>
2024-12-14 12:24:41,639 INFO  server.RaftServerConfigKeys (ConfUtils.java:logGet(46)) - raft.server.notification.no-leader.timeout = 60s (default)
2024-12-14 12:24:41,639 INFO  server.RaftServerConfigKeys (ConfUtils.java:logGet(46)) - raft.server.read.timeout = 10s (default)
2024-12-14 12:24:41,639 INFO  server.RaftServerConfigKeys (ConfUtils.java:logGet(46)) - raft.server.retrycache.expirytime = 60s (default)
2024-12-14 12:24:41,639 INFO  server.RaftServerConfigKeys (ConfUtils.java:logGet(46)) - raft.server.retrycache.statistics.expirytime = 100ms (default)
2024-12-14 12:24:41,639 INFO  server.RaftServerConfigKeys (ConfUtils.java:logGet(46)) - raft.server.read.option = DEFAULT (default)
2024-12-14 12:24:41,639 INFO  server.RaftServerConfigKeys (ConfUtils.java:logGet(46)) - raft.server.read.read-after-write-consistent.write-index-cache.expiry-time = 60s (default)
2024-12-14 12:24:41,640 INFO  server.RaftServerConfigKeys (ConfUtils.java:logGet(46)) - raft.server.rpc.request.timeout = 3000ms (default)
2024-12-14 12:24:41,640 INFO  server.RaftServerConfigKeys (ConfUtils.java:logGet(46)) - raft.server.log.appender.install.snapshot.enabled = true (default)
2024-12-14 12:24:41,640 INFO  server.RaftServerConfigKeys (ConfUtils.java:logGet(46)) - raft.server.threadpool.server.cached = true (default)
2024-12-14 12:24:41,640 INFO  server.RaftServerConfigKeys (ConfUtils.java:logGet(46)) - raft.server.threadpool.server.size = 0 (default)
2024-12-14 12:24:41,640 INFO  server.RaftServerConfigKeys (ConfUtils.java:logGet(46)) - raft.server.threadpool.client.cached = true (default)
2024-12-14 12:24:41,640 INFO  server.RaftServerConfigKeys (ConfUtils.java:logGet(46)) - raft.server.threadpool.client.size = 0 (default)
2024-12-14 12:24:41,641 INFO  server.RaftServer (RaftServerProxy.java:addNew(101)) - s14: addNew group-FDF63F8BEBB3:[s3|0.0.0.0:15003, s14|0.0.0.0:15014, s2|0.0.0.0:15002] returns      null s14@group-FDF63F8BEBB3:t0, leader=null, voted=null, raftlog=UNINITIALIZED, conf=conf: {index: -1, cur=peers:[s3|0.0.0.0:15003, s14|0.0.0.0:15014, s2|0.0.0.0:15002]|listeners:[], old=null} NEW
2024-12-14 12:24:41,641 INFO  server.RaftServerConfigKeys (ConfUtils.java:logGet(46)) - raft.server.storage.free-space.min = 0MB (=0) (default)
2024-12-14 12:24:41,641 INFO  server.RaftServerConfigKeys (ConfUtils.java:logGet(46)) - raft.server.log.corruption.policy = EXCEPTION (default)
2024-12-14 12:24:41,641 INFO  server.RaftServerConfigKeys (ConfUtils.java:logGet(46)) - raft.server.storage.dir = [/home/runner/work/ratis/ratis/ratis-examples/target/test/data/da5193cb/MiniRaftClusterWithGrpca0a5e6cd/s14] (custom)
2024-12-14 12:24:41,641 INFO  storage.RaftStorageDirectory (RaftStorageDirectoryImpl.java:analyzeStorage(138)) - The storage directory /home/runner/work/ratis/ratis/ratis-examples/target/test/data/da5193cb/MiniRaftClusterWithGrpca0a5e6cd/s14/84f44ae2-1cbd-44ce-b603-fdf63f8bebb3 does not exist. Creating ...
2024-12-14 12:24:41,642 TRACE util.FileUtils (LogUtils.java:runAndLog(49)) - Successfully ran Files.createDirectories /home/runner/work/ratis/ratis/ratis-examples/target/test/data/da5193cb/MiniRaftClusterWithGrpca0a5e6cd/s14/84f44ae2-1cbd-44ce-b603-fdf63f8bebb3
2024-12-14 12:24:41,643 INFO  storage.RaftStorageDirectory (RaftStorageDirectoryImpl.java:tryLock(229)) - Lock on /home/runner/work/ratis/ratis/ratis-examples/target/test/data/da5193cb/MiniRaftClusterWithGrpca0a5e6cd/s14/84f44ae2-1cbd-44ce-b603-fdf63f8bebb3/in_use.lock acquired by nodename 14700@fv-az733-880
2024-12-14 12:24:41,643 TRACE util.FileUtils (LogUtils.java:runAndLog(49)) - Successfully ran Files.createDirectories /home/runner/work/ratis/ratis/ratis-examples/target/test/data/da5193cb/MiniRaftClusterWithGrpca0a5e6cd/s14/84f44ae2-1cbd-44ce-b603-fdf63f8bebb3/current
2024-12-14 12:24:41,643 TRACE util.FileUtils (LogUtils.java:runAndLog(49)) - Successfully ran Files.createDirectories /home/runner/work/ratis/ratis/ratis-examples/target/test/data/da5193cb/MiniRaftClusterWithGrpca0a5e6cd/s14/84f44ae2-1cbd-44ce-b603-fdf63f8bebb3/sm
2024-12-14 12:24:41,643 TRACE util.FileUtils (LogUtils.java:supplyAndLog(69)) - Successfully supplied FileChannel.open /home/runner/work/ratis/ratis/ratis-examples/target/test/data/da5193cb/MiniRaftClusterWithGrpca0a5e6cd/s14/84f44ae2-1cbd-44ce-b603-fdf63f8bebb3/current/raft-meta.tmp with options [CREATE, WRITE]: sun.nio.ch.FileChannelImpl@6db34ca1
2024-12-14 12:24:41,644 TRACE util.FileUtils (LogUtils.java:runAndLog(49)) - Successfully ran Atomic Files.move /home/runner/work/ratis/ratis/ratis-examples/target/test/data/da5193cb/MiniRaftClusterWithGrpca0a5e6cd/s14/84f44ae2-1cbd-44ce-b603-fdf63f8bebb3/current/raft-meta.tmp to /home/runner/work/ratis/ratis/ratis-examples/target/test/data/da5193cb/MiniRaftClusterWithGrpca0a5e6cd/s14/84f44ae2-1cbd-44ce-b603-fdf63f8bebb3/current/raft-meta with options [REPLACE_EXISTING]
2024-12-14 12:24:41,644 INFO  storage.RaftStorage (RaftStorageImpl.java:format(98)) - Storage directory /home/runner/work/ratis/ratis/ratis-examples/target/test/data/da5193cb/MiniRaftClusterWithGrpca0a5e6cd/s14/84f44ae2-1cbd-44ce-b603-fdf63f8bebb3 has been successfully formatted.
2024-12-14 12:24:41,644 WARN  statemachine.StateMachine (ArithmeticStateMachine.java:loadSnapshot(115)) - The snapshot info is null.
2024-12-14 12:24:41,645 INFO  server.RaftServerConfigKeys (ConfUtils.java:logGet(46)) - raft.server.log.use.memory = false (default)
2024-12-14 12:24:41,645 INFO  server.RaftServerConfigKeys (ConfUtils.java:logGet(46)) - raft.server.log.purge.gap = 1024 (default)
2024-12-14 12:24:41,645 INFO  server.RaftServerConfigKeys (ConfUtils.java:logGet(46)) - raft.server.log.appender.buffer.byte-limit = 4MB (=4194304) (default)
2024-12-14 12:24:41,645 INFO  server.RaftServerConfigKeys (ConfUtils.java:logGet(46)) - raft.server.log.statemachine.data.read.timeout = 1000ms (default)
2024-12-14 12:24:41,645 INFO  server.RaftServerConfigKeys (ConfUtils.java:logGet(46)) - raft.server.log.purge.preservation.log.num = 0 (default)
2024-12-14 12:24:41,645 INFO  server.RaftServerConfigKeys (ConfUtils.java:logGet(46)) - raft.server.log.segment.size.max = 32MB (=33554432) (default)
2024-12-14 12:24:41,646 INFO  server.RaftServerConfigKeys (ConfUtils.java:logGet(46)) - raft.server.log.segment.cache.num.max = 6 (default)
2024-12-14 12:24:41,646 INFO  server.RaftServerConfigKeys (ConfUtils.java:logGet(46)) - raft.server.log.segment.cache.size.max = 200MB (=209715200) (default)
2024-12-14 12:24:41,646 INFO  server.RaftServerConfigKeys (ConfUtils.java:logGet(46)) - raft.server.log.appender.buffer.byte-limit = 4MB (=4194304) (default)
2024-12-14 12:24:41,646 INFO  util.AwaitToRun (AwaitToRun.java:start(81)) - Thread[s14@group-FDF63F8BEBB3-cacheEviction-AwaitToRun,5,main] started
2024-12-14 12:24:41,646 INFO  segmented.SegmentedRaftLogWorker (SegmentedRaftLogWorker.java:<init>(189)) - new s14@group-FDF63F8BEBB3-SegmentedRaftLogWorker for RaftStorageImpl:Storage Directory /home/runner/work/ratis/ratis/ratis-examples/target/test/data/da5193cb/MiniRaftClusterWithGrpca0a5e6cd/s14/84f44ae2-1cbd-44ce-b603-fdf63f8bebb3
2024-12-14 12:24:41,646 INFO  server.RaftServerConfigKeys (ConfUtils.java:logGet(46)) - raft.server.log.queue.byte-limit = 64MB (=67108864) (default)
2024-12-14 12:24:41,646 INFO  server.RaftServerConfigKeys (ConfUtils.java:logGet(46)) - raft.server.log.queue.element-limit = 4096 (default)
2024-12-14 12:24:41,646 INFO  server.RaftServerConfigKeys (ConfUtils.java:logGet(46)) - raft.server.log.segment.size.max = 32MB (=33554432) (default)
2024-12-14 12:24:41,646 INFO  server.RaftServerConfigKeys (ConfUtils.java:logGet(46)) - raft.server.log.preallocated.size = 4MB (=4194304) (default)
2024-12-14 12:24:41,647 INFO  server.RaftServerConfigKeys (ConfUtils.java:logGet(46)) - raft.server.log.force.sync.num = 128 (default)
2024-12-14 12:24:41,647 INFO  server.RaftServerConfigKeys (ConfUtils.java:logGet(46)) - raft.server.log.statemachine.data.sync = true (default)
2024-12-14 12:24:41,647 INFO  server.RaftServerConfigKeys (ConfUtils.java:logGet(46)) - raft.server.log.statemachine.data.sync.timeout = 10s (default)
2024-12-14 12:24:41,647 INFO  server.RaftServerConfigKeys (ConfUtils.java:logGet(46)) - raft.server.log.statemachine.data.sync.timeout.retry = -1 (default)
2024-12-14 12:24:41,647 INFO  server.RaftServerConfigKeys (ConfUtils.java:logGet(46)) - raft.server.log.write.buffer.size = 8MB (=8388608) (default)
2024-12-14 12:24:41,649 INFO  server.RaftServerConfigKeys (ConfUtils.java:logGet(46)) - raft.server.log.appender.buffer.byte-limit = 4MB (=4194304) (default)
2024-12-14 12:24:41,649 INFO  server.RaftServerConfigKeys (ConfUtils.java:logGet(46)) - raft.server.log.unsafe-flush.enabled = false (default)
2024-12-14 12:24:41,649 INFO  server.RaftServerConfigKeys (ConfUtils.java:logGet(46)) - raft.server.log.async-flush.enabled = false (default)
2024-12-14 12:24:41,649 INFO  server.RaftServerConfigKeys (ConfUtils.java:logGet(46)) - raft.server.log.statemachine.data.caching.enabled = false (default)
2024-12-14 12:24:41,650 INFO  segmented.SegmentedRaftLogWorker (SegmentedRaftLogWorker.java:lambda$new$0(140)) - s14@group-FDF63F8BEBB3-SegmentedRaftLogWorker: flushIndex: setUnconditionally 0 -> -1
2024-12-14 12:24:41,650 INFO  segmented.SegmentedRaftLogWorker (SegmentedRaftLogWorker.java:lambda$new$0(140)) - s14@group-FDF63F8BEBB3-SegmentedRaftLogWorker: safeCacheEvictIndex: setUnconditionally 0 -> -1
2024-12-14 12:24:41,650 INFO  server.RaftServer$Division (RaftServerImpl.java:start(392)) - s14@group-FDF63F8BEBB3: start as a follower, conf=conf: {index: -1, cur=peers:[s3|0.0.0.0:15003, s14|0.0.0.0:15014, s2|0.0.0.0:15002]|listeners:[], old=null}
2024-12-14 12:24:41,650 INFO  server.RaftServer$Division (RaftServerImpl.java:setRole(379)) - s14@group-FDF63F8BEBB3: changes role from      null to FOLLOWER at term 0 for startAsFollower
2024-12-14 12:24:41,650 INFO  impl.RoleInfo (RoleInfo.java:updateAndGet(148)) - s14: start s14@group-FDF63F8BEBB3-FollowerState
2024-12-14 12:24:41,650 INFO  server.RaftServerConfigKeys (ConfUtils.java:logFallback(53)) - raft.server.rpc.first-election.timeout.min = 300ms (fallback to raft.server.rpc.timeout.min)
2024-12-14 12:24:41,650 INFO  util.JmxRegister (JmxRegister.java:tryRegister(44)) - Successfully registered JMX Bean with object name Ratis:service=RaftServer,group=group-FDF63F8BEBB3,id=s14
2024-12-14 12:24:41,650 INFO  util.JmxRegister (JmxRegister.java:register(58)) - register mxBean class org.apache.ratis.server.impl.RaftServerJmxAdapter as Ratis:service=RaftServer,group=group-FDF63F8BEBB3,id=s14
2024-12-14 12:24:41,650 INFO  server.RaftServerConfigKeys (ConfUtils.java:logFallback(53)) - raft.server.rpc.first-election.timeout.max = 600ms (fallback to raft.server.rpc.timeout.max)
2024-12-14 12:24:41,651 INFO  server.RaftServerConfigKeys (ConfUtils.java:logGet(46)) - raft.server.snapshot.trigger-when-stop.enabled = true (default)
2024-12-14 12:24:41,651 INFO  server.RaftServerConfigKeys (ConfUtils.java:logGet(46)) - raft.server.snapshot.trigger-when-remove.enabled = true (default)
2024-12-14 12:24:41,651 INFO  server.RaftServerConfigKeys (ConfUtils.java:logGet(46)) - raft.server.snapshot.auto.trigger.enabled = false (default)
2024-12-14 12:24:41,651 INFO  server.RaftServerConfigKeys (ConfUtils.java:logGet(46)) - raft.server.snapshot.retention.file.num = -1 (default)
2024-12-14 12:24:41,651 INFO  server.RaftServerConfigKeys (ConfUtils.java:logGet(46)) - raft.server.log.purge.upto.snapshot.index = false (default)
2024-12-14 12:24:41,653 INFO  server.RaftServer$Division (RaftServerImpl.java:start(406)) - s14@group-FDF63F8BEBB3: Successfully started.
2024-12-14 12:24:41,677 INFO  server.RaftServer (RaftServerProxy.java:addNew(101)) - s2: addNew group-FDF63F8BEBB3:[s3|0.0.0.0:15003, s14|0.0.0.0:15014, s2|0.0.0.0:15002] returns group-FDF63F8BEBB3:java.util.concurrent.CompletableFuture@507578d4[Not completed]
2024-12-14 12:24:41,677 INFO  server.RaftServer$Division (RaftServerImpl.java:<init>(256)) - s2: new RaftServerImpl for group-FDF63F8BEBB3:[s3|0.0.0.0:15003, s14|0.0.0.0:15014, s2|0.0.0.0:15002] with ArithmeticStateMachine:uninitialized
2024-12-14 12:24:41,678 INFO  server.RaftServerConfigKeys (ConfUtils.java:logGet(46)) - raft.server.rpc.timeout.min = 300ms (custom)
2024-12-14 12:24:41,678 INFO  server.RaftServerConfigKeys (ConfUtils.java:logGet(46)) - raft.server.rpc.timeout.max = 600ms (custom)
2024-12-14 12:24:41,678 INFO  server.RaftServerConfigKeys (ConfUtils.java:logGet(46)) - raft.server.rpc.sleep.time = 25ms (default)
2024-12-14 12:24:41,678 INFO  server.RaftServerConfigKeys (ConfUtils.java:logGet(46)) - raft.server.rpc.slowness.timeout = 60s (default)
2024-12-14 12:24:41,678 INFO  server.RaftServerConfigKeys (ConfUtils.java:logGet(46)) - raft.server.leaderelection.leader.step-down.wait-time = 10s (default)
2024-12-14 12:24:41,678 INFO  server.RaftServerConfigKeys (ConfUtils.java:logGet(46)) - raft.server.leaderelection.member.majority-add = false (default)
2024-12-14 12:24:41,678 INFO  server.RaftServerConfigKeys (ConfUtils.java:logGet(46)) - raft.server.sleep.deviation.threshold = 300ms (default)
2024-12-14 12:24:41,678 INFO  server.RaftServer$Division (ServerState.java:<init>(114)) - s2@group-FDF63F8BEBB3: ConfigurationManager, init=conf: {index: -1, cur=peers:[s3|0.0.0.0:15003, s14|0.0.0.0:15014, s2|0.0.0.0:15002]|listeners:[], old=null}, confs=<EMPTY_MAP>
2024-12-14 12:24:41,678 INFO  server.RaftServerConfigKeys (ConfUtils.java:logGet(46)) - raft.server.notification.no-leader.timeout = 60s (default)
2024-12-14 12:24:41,678 INFO  server.RaftServerConfigKeys (ConfUtils.java:logGet(46)) - raft.server.read.timeout = 10s (default)
2024-12-14 12:24:41,678 INFO  server.RaftServerConfigKeys (ConfUtils.java:logGet(46)) - raft.server.retrycache.expirytime = 60s (default)
2024-12-14 12:24:41,678 INFO  server.RaftServerConfigKeys (ConfUtils.java:logGet(46)) - raft.server.retrycache.statistics.expirytime = 100ms (default)
2024-12-14 12:24:41,678 INFO  server.RaftServerConfigKeys (ConfUtils.java:logGet(46)) - raft.server.read.option = DEFAULT (default)
2024-12-14 12:24:41,678 INFO  server.RaftServerConfigKeys (ConfUtils.java:logGet(46)) - raft.server.read.read-after-write-consistent.write-index-cache.expiry-time = 60s (default)
2024-12-14 12:24:41,679 INFO  server.RaftServerConfigKeys (ConfUtils.java:logGet(46)) - raft.server.rpc.request.timeout = 3000ms (default)
2024-12-14 12:24:41,679 INFO  server.RaftServerConfigKeys (ConfUtils.java:logGet(46)) - raft.server.log.appender.install.snapshot.enabled = true (default)
2024-12-14 12:24:41,679 INFO  server.RaftServerConfigKeys (ConfUtils.java:logGet(46)) - raft.server.threadpool.server.cached = true (default)
2024-12-14 12:24:41,679 INFO  server.RaftServerConfigKeys (ConfUtils.java:logGet(46)) - raft.server.threadpool.server.size = 0 (default)
2024-12-14 12:24:41,679 INFO  server.RaftServerConfigKeys (ConfUtils.java:logGet(46)) - raft.server.threadpool.client.cached = true (default)
2024-12-14 12:24:41,679 INFO  server.RaftServerConfigKeys (ConfUtils.java:logGet(46)) - raft.server.threadpool.client.size = 0 (default)
2024-12-14 12:24:41,679 INFO  server.RaftServerConfigKeys (ConfUtils.java:logGet(46)) - raft.server.storage.free-space.min = 0MB (=0) (default)
2024-12-14 12:24:41,679 INFO  server.RaftServerConfigKeys (ConfUtils.java:logGet(46)) - raft.server.log.corruption.policy = EXCEPTION (default)
2024-12-14 12:24:41,679 INFO  server.RaftServerConfigKeys (ConfUtils.java:logGet(46)) - raft.server.storage.dir = [/home/runner/work/ratis/ratis/ratis-examples/target/test/data/da5193cb/MiniRaftClusterWithGrpca0a5e6cd/s2] (custom)
2024-12-14 12:24:41,680 INFO  storage.RaftStorageDirectory (RaftStorageDirectoryImpl.java:analyzeStorage(138)) - The storage directory /home/runner/work/ratis/ratis/ratis-examples/target/test/data/da5193cb/MiniRaftClusterWithGrpca0a5e6cd/s2/84f44ae2-1cbd-44ce-b603-fdf63f8bebb3 does not exist. Creating ...
2024-12-14 12:24:41,680 TRACE util.FileUtils (LogUtils.java:runAndLog(49)) - Successfully ran Files.createDirectories /home/runner/work/ratis/ratis/ratis-examples/target/test/data/da5193cb/MiniRaftClusterWithGrpca0a5e6cd/s2/84f44ae2-1cbd-44ce-b603-fdf63f8bebb3
2024-12-14 12:24:41,681 INFO  storage.RaftStorageDirectory (RaftStorageDirectoryImpl.java:tryLock(229)) - Lock on /home/runner/work/ratis/ratis/ratis-examples/target/test/data/da5193cb/MiniRaftClusterWithGrpca0a5e6cd/s2/84f44ae2-1cbd-44ce-b603-fdf63f8bebb3/in_use.lock acquired by nodename 14700@fv-az733-880
2024-12-14 12:24:41,681 TRACE util.FileUtils (LogUtils.java:runAndLog(49)) - Successfully ran Files.createDirectories /home/runner/work/ratis/ratis/ratis-examples/target/test/data/da5193cb/MiniRaftClusterWithGrpca0a5e6cd/s2/84f44ae2-1cbd-44ce-b603-fdf63f8bebb3/current
2024-12-14 12:24:41,681 TRACE util.FileUtils (LogUtils.java:runAndLog(49)) - Successfully ran Files.createDirectories /home/runner/work/ratis/ratis/ratis-examples/target/test/data/da5193cb/MiniRaftClusterWithGrpca0a5e6cd/s2/84f44ae2-1cbd-44ce-b603-fdf63f8bebb3/sm
2024-12-14 12:24:41,681 TRACE util.FileUtils (LogUtils.java:supplyAndLog(69)) - Successfully supplied FileChannel.open /home/runner/work/ratis/ratis/ratis-examples/target/test/data/da5193cb/MiniRaftClusterWithGrpca0a5e6cd/s2/84f44ae2-1cbd-44ce-b603-fdf63f8bebb3/current/raft-meta.tmp with options [CREATE, WRITE]: sun.nio.ch.FileChannelImpl@4cd6f130
2024-12-14 12:24:41,682 TRACE util.FileUtils (LogUtils.java:runAndLog(49)) - Successfully ran Atomic Files.move /home/runner/work/ratis/ratis/ratis-examples/target/test/data/da5193cb/MiniRaftClusterWithGrpca0a5e6cd/s2/84f44ae2-1cbd-44ce-b603-fdf63f8bebb3/current/raft-meta.tmp to /home/runner/work/ratis/ratis/ratis-examples/target/test/data/da5193cb/MiniRaftClusterWithGrpca0a5e6cd/s2/84f44ae2-1cbd-44ce-b603-fdf63f8bebb3/current/raft-meta with options [REPLACE_EXISTING]
2024-12-14 12:24:41,682 INFO  storage.RaftStorage (RaftStorageImpl.java:format(98)) - Storage directory /home/runner/work/ratis/ratis/ratis-examples/target/test/data/da5193cb/MiniRaftClusterWithGrpca0a5e6cd/s2/84f44ae2-1cbd-44ce-b603-fdf63f8bebb3 has been successfully formatted.
2024-12-14 12:24:41,682 WARN  statemachine.StateMachine (ArithmeticStateMachine.java:loadSnapshot(115)) - The snapshot info is null.
2024-12-14 12:24:41,682 INFO  server.RaftServerConfigKeys (ConfUtils.java:logGet(46)) - raft.server.log.use.memory = false (default)
2024-12-14 12:24:41,683 INFO  server.RaftServerConfigKeys (ConfUtils.java:logGet(46)) - raft.server.log.purge.gap = 1024 (default)
2024-12-14 12:24:41,683 INFO  server.RaftServerConfigKeys (ConfUtils.java:logGet(46)) - raft.server.log.appender.buffer.byte-limit = 4MB (=4194304) (default)
2024-12-14 12:24:41,683 INFO  server.RaftServerConfigKeys (ConfUtils.java:logGet(46)) - raft.server.log.statemachine.data.read.timeout = 1000ms (default)
2024-12-14 12:24:41,683 INFO  server.RaftServerConfigKeys (ConfUtils.java:logGet(46)) - raft.server.log.purge.preservation.log.num = 0 (default)
2024-12-14 12:24:41,683 INFO  server.RaftServerConfigKeys (ConfUtils.java:logGet(46)) - raft.server.log.segment.size.max = 32MB (=33554432) (default)
2024-12-14 12:24:41,683 INFO  server.RaftServerConfigKeys (ConfUtils.java:logGet(46)) - raft.server.log.segment.cache.num.max = 6 (default)
2024-12-14 12:24:41,683 INFO  server.RaftServerConfigKeys (ConfUtils.java:logGet(46)) - raft.server.log.segment.cache.size.max = 200MB (=209715200) (default)
2024-12-14 12:24:41,683 INFO  server.RaftServerConfigKeys (ConfUtils.java:logGet(46)) - raft.server.log.appender.buffer.byte-limit = 4MB (=4194304) (default)
2024-12-14 12:24:41,684 INFO  util.AwaitToRun (AwaitToRun.java:start(81)) - Thread[s2@group-FDF63F8BEBB3-cacheEviction-AwaitToRun,5,main] started
2024-12-14 12:24:41,684 INFO  segmented.SegmentedRaftLogWorker (SegmentedRaftLogWorker.java:<init>(189)) - new s2@group-FDF63F8BEBB3-SegmentedRaftLogWorker for RaftStorageImpl:Storage Directory /home/runner/work/ratis/ratis/ratis-examples/target/test/data/da5193cb/MiniRaftClusterWithGrpca0a5e6cd/s2/84f44ae2-1cbd-44ce-b603-fdf63f8bebb3
2024-12-14 12:24:41,684 INFO  server.RaftServerConfigKeys (ConfUtils.java:logGet(46)) - raft.server.log.queue.byte-limit = 64MB (=67108864) (default)
2024-12-14 12:24:41,684 INFO  server.RaftServerConfigKeys (ConfUtils.java:logGet(46)) - raft.server.log.queue.element-limit = 4096 (default)
2024-12-14 12:24:41,684 INFO  server.RaftServerConfigKeys (ConfUtils.java:logGet(46)) - raft.server.log.segment.size.max = 32MB (=33554432) (default)
2024-12-14 12:24:41,684 INFO  server.RaftServerConfigKeys (ConfUtils.java:logGet(46)) - raft.server.log.preallocated.size = 4MB (=4194304) (default)
2024-12-14 12:24:41,684 INFO  server.RaftServerConfigKeys (ConfUtils.java:logGet(46)) - raft.server.log.force.sync.num = 128 (default)
2024-12-14 12:24:41,684 INFO  server.RaftServerConfigKeys (ConfUtils.java:logGet(46)) - raft.server.log.statemachine.data.sync = true (default)
2024-12-14 12:24:41,684 INFO  server.RaftServerConfigKeys (ConfUtils.java:logGet(46)) - raft.server.log.statemachine.data.sync.timeout = 10s (default)
2024-12-14 12:24:41,684 INFO  server.RaftServerConfigKeys (ConfUtils.java:logGet(46)) - raft.server.log.statemachine.data.sync.timeout.retry = -1 (default)
2024-12-14 12:24:41,685 INFO  server.RaftServerConfigKeys (ConfUtils.java:logGet(46)) - raft.server.log.write.buffer.size = 8MB (=8388608) (default)
2024-12-14 12:24:41,687 INFO  server.RaftServerConfigKeys (ConfUtils.java:logGet(46)) - raft.server.log.appender.buffer.byte-limit = 4MB (=4194304) (default)
2024-12-14 12:24:41,687 INFO  server.RaftServerConfigKeys (ConfUtils.java:logGet(46)) - raft.server.log.unsafe-flush.enabled = false (default)
2024-12-14 12:24:41,687 INFO  server.RaftServerConfigKeys (ConfUtils.java:logGet(46)) - raft.server.log.async-flush.enabled = false (default)
2024-12-14 12:24:41,687 INFO  server.RaftServerConfigKeys (ConfUtils.java:logGet(46)) - raft.server.log.statemachine.data.caching.enabled = false (default)
2024-12-14 12:24:41,687 INFO  segmented.SegmentedRaftLogWorker (SegmentedRaftLogWorker.java:lambda$new$0(140)) - s2@group-FDF63F8BEBB3-SegmentedRaftLogWorker: flushIndex: setUnconditionally 0 -> -1
2024-12-14 12:24:41,687 INFO  segmented.SegmentedRaftLogWorker (SegmentedRaftLogWorker.java:lambda$new$0(140)) - s2@group-FDF63F8BEBB3-SegmentedRaftLogWorker: safeCacheEvictIndex: setUnconditionally 0 -> -1
2024-12-14 12:24:41,688 INFO  server.RaftServer$Division (RaftServerImpl.java:start(392)) - s2@group-FDF63F8BEBB3: start as a follower, conf=conf: {index: -1, cur=peers:[s3|0.0.0.0:15003, s14|0.0.0.0:15014, s2|0.0.0.0:15002]|listeners:[], old=null}
2024-12-14 12:24:41,688 INFO  server.RaftServer$Division (RaftServerImpl.java:setRole(379)) - s2@group-FDF63F8BEBB3: changes role from      null to FOLLOWER at term 0 for startAsFollower
2024-12-14 12:24:41,688 INFO  impl.RoleInfo (RoleInfo.java:updateAndGet(148)) - s2: start s2@group-FDF63F8BEBB3-FollowerState
2024-12-14 12:24:41,688 INFO  util.JmxRegister (JmxRegister.java:tryRegister(44)) - Successfully registered JMX Bean with object name Ratis:service=RaftServer,group=group-FDF63F8BEBB3,id=s2
2024-12-14 12:24:41,688 INFO  util.JmxRegister (JmxRegister.java:register(58)) - register mxBean class org.apache.ratis.server.impl.RaftServerJmxAdapter as Ratis:service=RaftServer,group=group-FDF63F8BEBB3,id=s2
2024-12-14 12:24:41,688 INFO  server.RaftServerConfigKeys (ConfUtils.java:logGet(46)) - raft.server.snapshot.trigger-when-stop.enabled = true (default)
2024-12-14 12:24:41,688 INFO  server.RaftServerConfigKeys (ConfUtils.java:logGet(46)) - raft.server.snapshot.trigger-when-remove.enabled = true (default)
2024-12-14 12:24:41,688 INFO  server.RaftServerConfigKeys (ConfUtils.java:logGet(46)) - raft.server.snapshot.auto.trigger.enabled = false (default)
2024-12-14 12:24:41,688 INFO  server.RaftServerConfigKeys (ConfUtils.java:logGet(46)) - raft.server.snapshot.retention.file.num = -1 (default)
2024-12-14 12:24:41,688 INFO  server.RaftServerConfigKeys (ConfUtils.java:logGet(46)) - raft.server.log.purge.upto.snapshot.index = false (default)
2024-12-14 12:24:41,689 INFO  server.RaftServerConfigKeys (ConfUtils.java:logFallback(53)) - raft.server.rpc.first-election.timeout.min = 300ms (fallback to raft.server.rpc.timeout.min)
2024-12-14 12:24:41,689 INFO  server.RaftServerConfigKeys (ConfUtils.java:logFallback(53)) - raft.server.rpc.first-election.timeout.max = 600ms (fallback to raft.server.rpc.timeout.max)
2024-12-14 12:24:41,693 INFO  server.RaftServer$Division (RaftServerImpl.java:start(406)) - s2@group-FDF63F8BEBB3: Successfully started.
2024-12-14 12:24:41,705 INFO  server.RaftServer (RaftServerProxy.java:addNew(101)) - s3: addNew group-FDF63F8BEBB3:[s3|0.0.0.0:15003, s14|0.0.0.0:15014, s2|0.0.0.0:15002] returns group-FDF63F8BEBB3:java.util.concurrent.CompletableFuture@6a7229c8[Not completed]
2024-12-14 12:24:41,705 INFO  server.RaftServer$Division (RaftServerImpl.java:<init>(256)) - s3: new RaftServerImpl for group-FDF63F8BEBB3:[s3|0.0.0.0:15003, s14|0.0.0.0:15014, s2|0.0.0.0:15002] with ArithmeticStateMachine:uninitialized
2024-12-14 12:24:41,706 INFO  server.RaftServerConfigKeys (ConfUtils.java:logGet(46)) - raft.server.rpc.timeout.min = 300ms (custom)
2024-12-14 12:24:41,706 INFO  server.RaftServerConfigKeys (ConfUtils.java:logGet(46)) - raft.server.rpc.timeout.max = 600ms (custom)
2024-12-14 12:24:41,706 INFO  server.RaftServerConfigKeys (ConfUtils.java:logGet(46)) - raft.server.rpc.sleep.time = 25ms (default)
2024-12-14 12:24:41,706 INFO  server.RaftServerConfigKeys (ConfUtils.java:logGet(46)) - raft.server.rpc.slowness.timeout = 60s (default)
2024-12-14 12:24:41,706 INFO  server.RaftServerConfigKeys (ConfUtils.java:logGet(46)) - raft.server.leaderelection.leader.step-down.wait-time = 10s (default)
2024-12-14 12:24:41,706 INFO  server.RaftServerConfigKeys (ConfUtils.java:logGet(46)) - raft.server.leaderelection.member.majority-add = false (default)
2024-12-14 12:24:41,706 INFO  server.RaftServerConfigKeys (ConfUtils.java:logGet(46)) - raft.server.sleep.deviation.threshold = 300ms (default)
2024-12-14 12:24:41,706 INFO  server.RaftServer$Division (ServerState.java:<init>(114)) - s3@group-FDF63F8BEBB3: ConfigurationManager, init=conf: {index: -1, cur=peers:[s3|0.0.0.0:15003, s14|0.0.0.0:15014, s2|0.0.0.0:15002]|listeners:[], old=null}, confs=<EMPTY_MAP>
2024-12-14 12:24:41,706 INFO  server.RaftServerConfigKeys (ConfUtils.java:logGet(46)) - raft.server.notification.no-leader.timeout = 60s (default)
2024-12-14 12:24:41,706 INFO  server.RaftServerConfigKeys (ConfUtils.java:logGet(46)) - raft.server.read.timeout = 10s (default)
2024-12-14 12:24:41,706 INFO  server.RaftServerConfigKeys (ConfUtils.java:logGet(46)) - raft.server.retrycache.expirytime = 60s (default)
2024-12-14 12:24:41,706 INFO  server.RaftServerConfigKeys (ConfUtils.java:logGet(46)) - raft.server.retrycache.statistics.expirytime = 100ms (default)
2024-12-14 12:24:41,706 INFO  server.RaftServerConfigKeys (ConfUtils.java:logGet(46)) - raft.server.read.option = DEFAULT (default)
2024-12-14 12:24:41,706 INFO  server.RaftServerConfigKeys (ConfUtils.java:logGet(46)) - raft.server.read.read-after-write-consistent.write-index-cache.expiry-time = 60s (default)
2024-12-14 12:24:41,707 INFO  server.RaftServerConfigKeys (ConfUtils.java:logGet(46)) - raft.server.rpc.request.timeout = 3000ms (default)
2024-12-14 12:24:41,707 INFO  server.RaftServerConfigKeys (ConfUtils.java:logGet(46)) - raft.server.log.appender.install.snapshot.enabled = true (default)
2024-12-14 12:24:41,707 INFO  server.RaftServerConfigKeys (ConfUtils.java:logGet(46)) - raft.server.threadpool.server.cached = true (default)
2024-12-14 12:24:41,707 INFO  server.RaftServerConfigKeys (ConfUtils.java:logGet(46)) - raft.server.threadpool.server.size = 0 (default)
2024-12-14 12:24:41,707 INFO  server.RaftServerConfigKeys (ConfUtils.java:logGet(46)) - raft.server.threadpool.client.cached = true (default)
2024-12-14 12:24:41,707 INFO  server.RaftServerConfigKeys (ConfUtils.java:logGet(46)) - raft.server.threadpool.client.size = 0 (default)
2024-12-14 12:24:41,707 INFO  server.RaftServerConfigKeys (ConfUtils.java:logGet(46)) - raft.server.storage.free-space.min = 0MB (=0) (default)
2024-12-14 12:24:41,707 INFO  server.RaftServerConfigKeys (ConfUtils.java:logGet(46)) - raft.server.log.corruption.policy = EXCEPTION (default)
2024-12-14 12:24:41,708 INFO  server.RaftServerConfigKeys (ConfUtils.java:logGet(46)) - raft.server.storage.dir = [/home/runner/work/ratis/ratis/ratis-examples/target/test/data/da5193cb/MiniRaftClusterWithGrpca0a5e6cd/s3] (custom)
2024-12-14 12:24:41,708 INFO  storage.RaftStorageDirectory (RaftStorageDirectoryImpl.java:analyzeStorage(138)) - The storage directory /home/runner/work/ratis/ratis/ratis-examples/target/test/data/da5193cb/MiniRaftClusterWithGrpca0a5e6cd/s3/84f44ae2-1cbd-44ce-b603-fdf63f8bebb3 does not exist. Creating ...
2024-12-14 12:24:41,708 TRACE util.FileUtils (LogUtils.java:runAndLog(49)) - Successfully ran Files.createDirectories /home/runner/work/ratis/ratis/ratis-examples/target/test/data/da5193cb/MiniRaftClusterWithGrpca0a5e6cd/s3/84f44ae2-1cbd-44ce-b603-fdf63f8bebb3
2024-12-14 12:24:41,709 INFO  storage.RaftStorageDirectory (RaftStorageDirectoryImpl.java:tryLock(229)) - Lock on /home/runner/work/ratis/ratis/ratis-examples/target/test/data/da5193cb/MiniRaftClusterWithGrpca0a5e6cd/s3/84f44ae2-1cbd-44ce-b603-fdf63f8bebb3/in_use.lock acquired by nodename 14700@fv-az733-880
2024-12-14 12:24:41,709 TRACE util.FileUtils (LogUtils.java:runAndLog(49)) - Successfully ran Files.createDirectories /home/runner/work/ratis/ratis/ratis-examples/target/test/data/da5193cb/MiniRaftClusterWithGrpca0a5e6cd/s3/84f44ae2-1cbd-44ce-b603-fdf63f8bebb3/current
2024-12-14 12:24:41,709 TRACE util.FileUtils (LogUtils.java:runAndLog(49)) - Successfully ran Files.createDirectories /home/runner/work/ratis/ratis/ratis-examples/target/test/data/da5193cb/MiniRaftClusterWithGrpca0a5e6cd/s3/84f44ae2-1cbd-44ce-b603-fdf63f8bebb3/sm
2024-12-14 12:24:41,709 TRACE util.FileUtils (LogUtils.java:supplyAndLog(69)) - Successfully supplied FileChannel.open /home/runner/work/ratis/ratis/ratis-examples/target/test/data/da5193cb/MiniRaftClusterWithGrpca0a5e6cd/s3/84f44ae2-1cbd-44ce-b603-fdf63f8bebb3/current/raft-meta.tmp with options [CREATE, WRITE]: sun.nio.ch.FileChannelImpl@450ef460
2024-12-14 12:24:41,711 TRACE util.FileUtils (LogUtils.java:runAndLog(49)) - Successfully ran Atomic Files.move /home/runner/work/ratis/ratis/ratis-examples/target/test/data/da5193cb/MiniRaftClusterWithGrpca0a5e6cd/s3/84f44ae2-1cbd-44ce-b603-fdf63f8bebb3/current/raft-meta.tmp to /home/runner/work/ratis/ratis/ratis-examples/target/test/data/da5193cb/MiniRaftClusterWithGrpca0a5e6cd/s3/84f44ae2-1cbd-44ce-b603-fdf63f8bebb3/current/raft-meta with options [REPLACE_EXISTING]
2024-12-14 12:24:41,711 INFO  storage.RaftStorage (RaftStorageImpl.java:format(98)) - Storage directory /home/runner/work/ratis/ratis/ratis-examples/target/test/data/da5193cb/MiniRaftClusterWithGrpca0a5e6cd/s3/84f44ae2-1cbd-44ce-b603-fdf63f8bebb3 has been successfully formatted.
2024-12-14 12:24:41,711 WARN  statemachine.StateMachine (ArithmeticStateMachine.java:loadSnapshot(115)) - The snapshot info is null.
2024-12-14 12:24:41,711 INFO  server.RaftServerConfigKeys (ConfUtils.java:logGet(46)) - raft.server.log.use.memory = false (default)
2024-12-14 12:24:41,711 INFO  server.RaftServerConfigKeys (ConfUtils.java:logGet(46)) - raft.server.log.purge.gap = 1024 (default)
2024-12-14 12:24:41,711 INFO  server.RaftServerConfigKeys (ConfUtils.java:logGet(46)) - raft.server.log.appender.buffer.byte-limit = 4MB (=4194304) (default)
2024-12-14 12:24:41,711 INFO  server.RaftServerConfigKeys (ConfUtils.java:logGet(46)) - raft.server.log.statemachine.data.read.timeout = 1000ms (default)
2024-12-14 12:24:41,712 INFO  server.RaftServerConfigKeys (ConfUtils.java:logGet(46)) - raft.server.log.purge.preservation.log.num = 0 (default)
2024-12-14 12:24:41,712 INFO  server.RaftServerConfigKeys (ConfUtils.java:logGet(46)) - raft.server.log.segment.size.max = 32MB (=33554432) (default)
2024-12-14 12:24:41,712 INFO  server.RaftServerConfigKeys (ConfUtils.java:logGet(46)) - raft.server.log.segment.cache.num.max = 6 (default)
2024-12-14 12:24:41,712 INFO  server.RaftServerConfigKeys (ConfUtils.java:logGet(46)) - raft.server.log.segment.cache.size.max = 200MB (=209715200) (default)
2024-12-14 12:24:41,712 INFO  server.RaftServerConfigKeys (ConfUtils.java:logGet(46)) - raft.server.log.appender.buffer.byte-limit = 4MB (=4194304) (default)
2024-12-14 12:24:41,712 INFO  util.AwaitToRun (AwaitToRun.java:start(81)) - Thread[s3@group-FDF63F8BEBB3-cacheEviction-AwaitToRun,5,main] started
2024-12-14 12:24:41,712 INFO  segmented.SegmentedRaftLogWorker (SegmentedRaftLogWorker.java:<init>(189)) - new s3@group-FDF63F8BEBB3-SegmentedRaftLogWorker for RaftStorageImpl:Storage Directory /home/runner/work/ratis/ratis/ratis-examples/target/test/data/da5193cb/MiniRaftClusterWithGrpca0a5e6cd/s3/84f44ae2-1cbd-44ce-b603-fdf63f8bebb3
2024-12-14 12:24:41,712 INFO  server.RaftServerConfigKeys (ConfUtils.java:logGet(46)) - raft.server.log.queue.byte-limit = 64MB (=67108864) (default)
2024-12-14 12:24:41,713 INFO  server.RaftServerConfigKeys (ConfUtils.java:logGet(46)) - raft.server.log.queue.element-limit = 4096 (default)
2024-12-14 12:24:41,713 INFO  server.RaftServerConfigKeys (ConfUtils.java:logGet(46)) - raft.server.log.segment.size.max = 32MB (=33554432) (default)
2024-12-14 12:24:41,713 INFO  server.RaftServerConfigKeys (ConfUtils.java:logGet(46)) - raft.server.log.preallocated.size = 4MB (=4194304) (default)
2024-12-14 12:24:41,713 INFO  server.RaftServerConfigKeys (ConfUtils.java:logGet(46)) - raft.server.log.force.sync.num = 128 (default)
2024-12-14 12:24:41,713 INFO  server.RaftServerConfigKeys (ConfUtils.java:logGet(46)) - raft.server.log.statemachine.data.sync = true (default)
2024-12-14 12:24:41,713 INFO  server.RaftServerConfigKeys (ConfUtils.java:logGet(46)) - raft.server.log.statemachine.data.sync.timeout = 10s (default)
2024-12-14 12:24:41,713 INFO  server.RaftServerConfigKeys (ConfUtils.java:logGet(46)) - raft.server.log.statemachine.data.sync.timeout.retry = -1 (default)
2024-12-14 12:24:41,713 INFO  server.RaftServerConfigKeys (ConfUtils.java:logGet(46)) - raft.server.log.write.buffer.size = 8MB (=8388608) (default)
2024-12-14 12:24:41,715 INFO  server.RaftServerConfigKeys (ConfUtils.java:logGet(46)) - raft.server.log.appender.buffer.byte-limit = 4MB (=4194304) (default)
2024-12-14 12:24:41,715 INFO  server.RaftServerConfigKeys (ConfUtils.java:logGet(46)) - raft.server.log.unsafe-flush.enabled = false (default)
2024-12-14 12:24:41,715 INFO  server.RaftServerConfigKeys (ConfUtils.java:logGet(46)) - raft.server.log.async-flush.enabled = false (default)
2024-12-14 12:24:41,715 INFO  server.RaftServerConfigKeys (ConfUtils.java:logGet(46)) - raft.server.log.statemachine.data.caching.enabled = false (default)
2024-12-14 12:24:41,716 INFO  segmented.SegmentedRaftLogWorker (SegmentedRaftLogWorker.java:lambda$new$0(140)) - s3@group-FDF63F8BEBB3-SegmentedRaftLogWorker: flushIndex: setUnconditionally 0 -> -1
2024-12-14 12:24:41,716 INFO  segmented.SegmentedRaftLogWorker (SegmentedRaftLogWorker.java:lambda$new$0(140)) - s3@group-FDF63F8BEBB3-SegmentedRaftLogWorker: safeCacheEvictIndex: setUnconditionally 0 -> -1
2024-12-14 12:24:41,716 INFO  server.RaftServer$Division (RaftServerImpl.java:start(392)) - s3@group-FDF63F8BEBB3: start as a follower, conf=conf: {index: -1, cur=peers:[s3|0.0.0.0:15003, s14|0.0.0.0:15014, s2|0.0.0.0:15002]|listeners:[], old=null}
2024-12-14 12:24:41,716 INFO  server.RaftServer$Division (RaftServerImpl.java:setRole(379)) - s3@group-FDF63F8BEBB3: changes role from      null to FOLLOWER at term 0 for startAsFollower
2024-12-14 12:24:41,716 INFO  impl.RoleInfo (RoleInfo.java:updateAndGet(148)) - s3: start s3@group-FDF63F8BEBB3-FollowerState
2024-12-14 12:24:41,717 INFO  server.RaftServerConfigKeys (ConfUtils.java:logFallback(53)) - raft.server.rpc.first-election.timeout.min = 300ms (fallback to raft.server.rpc.timeout.min)
2024-12-14 12:24:41,717 INFO  util.JmxRegister (JmxRegister.java:tryRegister(44)) - Successfully registered JMX Bean with object name Ratis:service=RaftServer,group=group-FDF63F8BEBB3,id=s3
2024-12-14 12:24:41,717 INFO  util.JmxRegister (JmxRegister.java:register(58)) - register mxBean class org.apache.ratis.server.impl.RaftServerJmxAdapter as Ratis:service=RaftServer,group=group-FDF63F8BEBB3,id=s3
2024-12-14 12:24:41,717 INFO  server.RaftServerConfigKeys (ConfUtils.java:logFallback(53)) - raft.server.rpc.first-election.timeout.max = 600ms (fallback to raft.server.rpc.timeout.max)
2024-12-14 12:24:41,717 INFO  server.RaftServerConfigKeys (ConfUtils.java:logGet(46)) - raft.server.snapshot.trigger-when-stop.enabled = true (default)
2024-12-14 12:24:41,717 INFO  server.RaftServerConfigKeys (ConfUtils.java:logGet(46)) - raft.server.snapshot.trigger-when-remove.enabled = true (default)
2024-12-14 12:24:41,717 INFO  server.RaftServerConfigKeys (ConfUtils.java:logGet(46)) - raft.server.snapshot.auto.trigger.enabled = false (default)
2024-12-14 12:24:41,717 INFO  server.RaftServerConfigKeys (ConfUtils.java:logGet(46)) - raft.server.snapshot.retention.file.num = -1 (default)
2024-12-14 12:24:41,717 INFO  server.RaftServerConfigKeys (ConfUtils.java:logGet(46)) - raft.server.log.purge.upto.snapshot.index = false (default)
2024-12-14 12:24:41,719 INFO  server.RaftServer$Division (RaftServerImpl.java:start(406)) - s3@group-FDF63F8BEBB3: Successfully started.
2024-12-14 12:24:41,726 INFO  server.RaftServerConfigKeys (ConfUtils.java:logGet(46)) - raft.server.rpc.timeout.max = 600ms (custom)
2024-12-14 12:24:41,727 INFO  ratis.RaftTestUtil (RaftTestUtil.java:waitForLeader(107)) - printing group-FDF63F8BEBB3
  s3:  RUNNING [
   FOLLOWER s3@group-FDF63F8BEBB3:t0, leader=null, voted=, raftlog=Memoized:s3@group-FDF63F8BEBB3-SegmentedRaftLog:OPENED:c-1:lastnull, conf=conf: {index: -1, cur=peers:[s3|0.0.0.0:15003, s14|0.0.0.0:15014, s2|0.0.0.0:15002]|listeners:[], old=null} RUNNING
   FOLLOWER s3@group-40388BE3F4D5:t0, leader=null, voted=, raftlog=Memoized:s3@group-40388BE3F4D5-SegmentedRaftLog:OPENED:c-1:lastnull, conf=conf: {index: -1, cur=peers:[]|listeners:[], old=null} STARTING] size=2
  s14:  RUNNING [
   FOLLOWER s14@group-FDF63F8BEBB3:t0, leader=null, voted=, raftlog=Memoized:s14@group-FDF63F8BEBB3-SegmentedRaftLog:OPENED:c-1:lastnull, conf=conf: {index: -1, cur=peers:[s3|0.0.0.0:15003, s14|0.0.0.0:15014, s2|0.0.0.0:15002]|listeners:[], old=null} RUNNING
   FOLLOWER s14@group-40388BE3F4D5:t0, leader=null, voted=, raftlog=Memoized:s14@group-40388BE3F4D5-SegmentedRaftLog:OPENED:c-1:lastnull, conf=conf: {index: -1, cur=peers:[]|listeners:[], old=null} STARTING] size=2
  s2:  RUNNING [
   FOLLOWER s2@group-FDF63F8BEBB3:t0, leader=null, voted=, raftlog=Memoized:s2@group-FDF63F8BEBB3-SegmentedRaftLog:OPENED:c-1:lastnull, conf=conf: {index: -1, cur=peers:[s3|0.0.0.0:15003, s14|0.0.0.0:15014, s2|0.0.0.0:15002]|listeners:[], old=null} RUNNING
   FOLLOWER s2@group-40388BE3F4D5:t0, leader=null, voted=, raftlog=Memoized:s2@group-40388BE3F4D5-SegmentedRaftLog:OPENED:c-1:lastnull, conf=conf: {index: -1, cur=peers:[]|listeners:[], old=null} STARTING] size=2
2024-12-14 12:24:41,728 WARN  ratis.RaftTestUtil (RaftTestUtil.java:lambda$waitForLeader$3(126)) - Attempt #1 failed: java.lang.IllegalStateException: No leader yet  for group-FDF63F8BEBB3: printing group-FDF63F8BEBB3
  s3:  RUNNING [
   FOLLOWER s3@group-FDF63F8BEBB3:t0, leader=null, voted=, raftlog=Memoized:s3@group-FDF63F8BEBB3-SegmentedRaftLog:OPENED:c-1:lastnull, conf=conf: {index: -1, cur=peers:[s3|0.0.0.0:15003, s14|0.0.0.0:15014, s2|0.0.0.0:15002]|listeners:[], old=null} RUNNING
   FOLLOWER s3@group-40388BE3F4D5:t0, leader=null, voted=, raftlog=Memoized:s3@group-40388BE3F4D5-SegmentedRaftLog:OPENED:c-1:lastnull, conf=conf: {index: -1, cur=peers:[]|listeners:[], old=null} STARTING] size=2
  s14:  RUNNING [
   FOLLOWER s14@group-FDF63F8BEBB3:t0, leader=null, voted=, raftlog=Memoized:s14@group-FDF63F8BEBB3-SegmentedRaftLog:OPENED:c-1:lastnull, conf=conf: {index: -1, cur=peers:[s3|0.0.0.0:15003, s14|0.0.0.0:15014, s2|0.0.0.0:15002]|listeners:[], old=null} RUNNING
   FOLLOWER s14@group-40388BE3F4D5:t0, leader=null, voted=, raftlog=Memoized:s14@group-40388BE3F4D5-SegmentedRaftLog:OPENED:c-1:lastnull, conf=conf: {index: -1, cur=peers:[]|listeners:[], old=null} STARTING] size=2
  s2:  RUNNING [
   FOLLOWER s2@group-FDF63F8BEBB3:t0, leader=null, voted=, raftlog=Memoized:s2@group-FDF63F8BEBB3-SegmentedRaftLog:OPENED:c-1:lastnull, conf=conf: {index: -1, cur=peers:[s3|0.0.0.0:15003, s14|0.0.0.0:15014, s2|0.0.0.0:15002]|listeners:[], old=null} RUNNING
   FOLLOWER s2@group-40388BE3F4D5:t0, leader=null, voted=, raftlog=Memoized:s2@group-40388BE3F4D5-SegmentedRaftLog:OPENED:c-1:lastnull, conf=conf: {index: -1, cur=peers:[]|listeners:[], old=null} STARTING] size=2
2024-12-14 12:24:42,166 INFO  impl.FollowerState (FollowerState.java:runImpl(161)) - s2@group-FDF63F8BEBB3-FollowerState: change to CANDIDATE, lastRpcElapsedTime:478619698ns, electionTimeout:477ms
2024-12-14 12:24:42,167 INFO  impl.RoleInfo (RoleInfo.java:shutdownFollowerState(121)) - s2: shutdown s2@group-FDF63F8BEBB3-FollowerState
2024-12-14 12:24:42,167 INFO  server.RaftServer$Division (RaftServerImpl.java:setRole(379)) - s2@group-FDF63F8BEBB3: changes role from  FOLLOWER to CANDIDATE at term 0 for changeToCandidate
2024-12-14 12:24:42,167 INFO  server.RaftServerConfigKeys (ConfUtils.java:logGet(46)) - raft.server.leaderelection.pre-vote = true (default)
2024-12-14 12:24:42,167 INFO  impl.RoleInfo (RoleInfo.java:updateAndGet(148)) - s2: start s2@group-FDF63F8BEBB3-LeaderElection13
2024-12-14 12:24:42,168 INFO  impl.FollowerState (FollowerState.java:runImpl(161)) - s14@group-FDF63F8BEBB3-FollowerState: change to CANDIDATE, lastRpcElapsedTime:517705449ns, electionTimeout:517ms
2024-12-14 12:24:42,168 INFO  impl.RoleInfo (RoleInfo.java:shutdownFollowerState(121)) - s14: shutdown s14@group-FDF63F8BEBB3-FollowerState
2024-12-14 12:24:42,168 INFO  impl.LeaderElection (LeaderElection.java:askForVotes(332)) - s2@group-FDF63F8BEBB3-LeaderElection13 PRE_VOTE round 0: submit vote requests at term 0 for conf: {index: -1, cur=peers:[s3|0.0.0.0:15003, s14|0.0.0.0:15014, s2|0.0.0.0:15002]|listeners:[], old=null}
2024-12-14 12:24:42,168 INFO  server.RaftServer$Division (RaftServerImpl.java:setRole(379)) - s14@group-FDF63F8BEBB3: changes role from  FOLLOWER to CANDIDATE at term 0 for changeToCandidate
2024-12-14 12:24:42,169 INFO  server.RaftServerConfigKeys (ConfUtils.java:logGet(46)) - raft.server.leaderelection.pre-vote = true (default)
2024-12-14 12:24:42,169 INFO  impl.RoleInfo (RoleInfo.java:updateAndGet(148)) - s14: start s14@group-FDF63F8BEBB3-LeaderElection14
2024-12-14 12:24:42,169 INFO  server.GrpcServerProtocolClient (GrpcServerProtocolClient.java:<init>(65)) - Build channel for s3|0.0.0.0:15003
2024-12-14 12:24:42,169 INFO  impl.LeaderElection (LeaderElection.java:askForVotes(332)) - s14@group-FDF63F8BEBB3-LeaderElection14 PRE_VOTE round 0: submit vote requests at term 0 for conf: {index: -1, cur=peers:[s3|0.0.0.0:15003, s14|0.0.0.0:15014, s2|0.0.0.0:15002]|listeners:[], old=null}
2024-12-14 12:24:42,169 INFO  server.RaftServerConfigKeys (ConfUtils.java:logFallback(53)) - raft.server.rpc.first-election.timeout.min = 300ms (fallback to raft.server.rpc.timeout.min)
2024-12-14 12:24:42,169 INFO  server.RaftServerConfigKeys (ConfUtils.java:logFallback(53)) - raft.server.rpc.first-election.timeout.max = 600ms (fallback to raft.server.rpc.timeout.max)
2024-12-14 12:24:42,169 INFO  server.GrpcServerProtocolClient (GrpcServerProtocolClient.java:<init>(65)) - Build channel for s14|0.0.0.0:15014
2024-12-14 12:24:42,169 INFO  server.RaftServerConfigKeys (ConfUtils.java:logFallback(53)) - raft.server.rpc.first-election.timeout.min = 300ms (fallback to raft.server.rpc.timeout.min)
2024-12-14 12:24:42,170 INFO  server.GrpcServerProtocolClient (GrpcServerProtocolClient.java:<init>(65)) - Build channel for s2|0.0.0.0:15002
2024-12-14 12:24:42,170 INFO  server.GrpcServerProtocolClient (GrpcServerProtocolClient.java:<init>(65)) - Build channel for s3|0.0.0.0:15003
2024-12-14 12:24:42,170 INFO  server.RaftServerConfigKeys (ConfUtils.java:logFallback(53)) - raft.server.rpc.first-election.timeout.max = 600ms (fallback to raft.server.rpc.timeout.max)
2024-12-14 12:24:42,178 INFO  server.RaftServer$Division (RaftServerImpl.java:requestVote(1452)) - s3@group-FDF63F8BEBB3: receive requestVote(PRE_VOTE, s14, group-FDF63F8BEBB3, 0, (t:0, i:0))
2024-12-14 12:24:42,178 INFO  server.RaftServer$Division (RaftServerImpl.java:requestVote(1452)) - s2@group-FDF63F8BEBB3: receive requestVote(PRE_VOTE, s14, group-FDF63F8BEBB3, 0, (t:0, i:0))
2024-12-14 12:24:42,178 INFO  impl.VoteContext (VoteContext.java:log(49)) - s3@group-FDF63F8BEBB3-FOLLOWER: accept PRE_VOTE from s14: our priority 0 <= candidate's priority 0
2024-12-14 12:24:42,178 INFO  impl.VoteContext (VoteContext.java:log(49)) - s2@group-FDF63F8BEBB3-CANDIDATE: accept PRE_VOTE from s14: our priority 0 <= candidate's priority 0
2024-12-14 12:24:42,178 INFO  server.RaftServer$Division (RaftServerImpl.java:requestVote(1486)) - s3@group-FDF63F8BEBB3 replies to PRE_VOTE vote request: s14<-s3#0:OK-t0. Peer's state: s3@group-FDF63F8BEBB3:t0, leader=null, voted=, raftlog=Memoized:s3@group-FDF63F8BEBB3-SegmentedRaftLog:OPENED:c-1:lastnull, conf=conf: {index: -1, cur=peers:[s3|0.0.0.0:15003, s14|0.0.0.0:15014, s2|0.0.0.0:15002]|listeners:[], old=null}
2024-12-14 12:24:42,178 INFO  server.RaftServer$Division (RaftServerImpl.java:requestVote(1486)) - s2@group-FDF63F8BEBB3 replies to PRE_VOTE vote request: s14<-s2#0:OK-t0. Peer's state: s2@group-FDF63F8BEBB3:t0, leader=null, voted=, raftlog=Memoized:s2@group-FDF63F8BEBB3-SegmentedRaftLog:OPENED:c-1:lastnull, conf=conf: {index: -1, cur=peers:[s3|0.0.0.0:15003, s14|0.0.0.0:15014, s2|0.0.0.0:15002]|listeners:[], old=null}
2024-12-14 12:24:42,180 INFO  impl.LeaderElection (LeaderElection.java:logAndReturn(90)) - s14@group-FDF63F8BEBB3-LeaderElection14: PRE_VOTE PASSED received 1 response(s) and 0 exception(s):
2024-12-14 12:24:42,180 INFO  impl.LeaderElection (LeaderElection.java:logAndReturn(94)) -   Response 0: s14<-s3#0:OK-t0
2024-12-14 12:24:42,180 INFO  impl.LeaderElection (LeaderElection.java:askForVotes(334)) - s14@group-FDF63F8BEBB3-LeaderElection14 PRE_VOTE round 0: result PASSED
2024-12-14 12:24:42,180 TRACE util.FileUtils (LogUtils.java:supplyAndLog(69)) - Successfully supplied FileChannel.open /home/runner/work/ratis/ratis/ratis-examples/target/test/data/da5193cb/MiniRaftClusterWithGrpca0a5e6cd/s14/84f44ae2-1cbd-44ce-b603-fdf63f8bebb3/current/raft-meta.tmp with options [CREATE, WRITE]: sun.nio.ch.FileChannelImpl@11f79609
2024-12-14 12:24:42,180 INFO  server.RaftServer$Division (RaftServerImpl.java:requestVote(1452)) - s14@group-FDF63F8BEBB3: receive requestVote(PRE_VOTE, s2, group-FDF63F8BEBB3, 0, (t:0, i:0))
2024-12-14 12:24:42,181 INFO  server.RaftServer$Division (RaftServerImpl.java:requestVote(1452)) - s3@group-FDF63F8BEBB3: receive requestVote(PRE_VOTE, s2, group-FDF63F8BEBB3, 0, (t:0, i:0))
2024-12-14 12:24:42,181 INFO  impl.VoteContext (VoteContext.java:log(49)) - s3@group-FDF63F8BEBB3-FOLLOWER: accept PRE_VOTE from s2: our priority 0 <= candidate's priority 0
2024-12-14 12:24:42,181 INFO  server.RaftServer$Division (RaftServerImpl.java:requestVote(1486)) - s3@group-FDF63F8BEBB3 replies to PRE_VOTE vote request: s2<-s3#0:OK-t0. Peer's state: s3@group-FDF63F8BEBB3:t0, leader=null, voted=, raftlog=Memoized:s3@group-FDF63F8BEBB3-SegmentedRaftLog:OPENED:c-1:lastnull, conf=conf: {index: -1, cur=peers:[s3|0.0.0.0:15003, s14|0.0.0.0:15014, s2|0.0.0.0:15002]|listeners:[], old=null}
2024-12-14 12:24:42,182 TRACE util.FileUtils (LogUtils.java:runAndLog(49)) - Successfully ran Atomic Files.move /home/runner/work/ratis/ratis/ratis-examples/target/test/data/da5193cb/MiniRaftClusterWithGrpca0a5e6cd/s14/84f44ae2-1cbd-44ce-b603-fdf63f8bebb3/current/raft-meta.tmp to /home/runner/work/ratis/ratis/ratis-examples/target/test/data/da5193cb/MiniRaftClusterWithGrpca0a5e6cd/s14/84f44ae2-1cbd-44ce-b603-fdf63f8bebb3/current/raft-meta with options [REPLACE_EXISTING]
2024-12-14 12:24:42,182 INFO  impl.LeaderElection (LeaderElection.java:askForVotes(332)) - s14@group-FDF63F8BEBB3-LeaderElection14 ELECTION round 0: submit vote requests at term 1 for conf: {index: -1, cur=peers:[s3|0.0.0.0:15003, s14|0.0.0.0:15014, s2|0.0.0.0:15002]|listeners:[], old=null}
2024-12-14 12:24:42,182 INFO  impl.LeaderElection (LeaderElection.java:logAndReturn(90)) - s2@group-FDF63F8BEBB3-LeaderElection13: PRE_VOTE PASSED received 1 response(s) and 0 exception(s):
2024-12-14 12:24:42,182 INFO  impl.LeaderElection (LeaderElection.java:logAndReturn(94)) -   Response 0: s2<-s3#0:OK-t0
2024-12-14 12:24:42,182 INFO  impl.VoteContext (VoteContext.java:log(49)) - s14@group-FDF63F8BEBB3-CANDIDATE: accept PRE_VOTE from s2: our priority 0 <= candidate's priority 0
2024-12-14 12:24:42,182 INFO  server.RaftServer$Division (RaftServerImpl.java:requestVote(1486)) - s14@group-FDF63F8BEBB3 replies to PRE_VOTE vote request: s2<-s14#0:OK-t1. Peer's state: s14@group-FDF63F8BEBB3:t1, leader=null, voted=s14, raftlog=Memoized:s14@group-FDF63F8BEBB3-SegmentedRaftLog:OPENED:c-1:lastnull, conf=conf: {index: -1, cur=peers:[s3|0.0.0.0:15003, s14|0.0.0.0:15014, s2|0.0.0.0:15002]|listeners:[], old=null}
2024-12-14 12:24:42,182 INFO  impl.LeaderElection (LeaderElection.java:askForVotes(334)) - s2@group-FDF63F8BEBB3-LeaderElection13 PRE_VOTE round 0: result PASSED
2024-12-14 12:24:42,182 TRACE util.FileUtils (LogUtils.java:supplyAndLog(69)) - Successfully supplied FileChannel.open /home/runner/work/ratis/ratis/ratis-examples/target/test/data/da5193cb/MiniRaftClusterWithGrpca0a5e6cd/s2/84f44ae2-1cbd-44ce-b603-fdf63f8bebb3/current/raft-meta.tmp with options [CREATE, WRITE]: sun.nio.ch.FileChannelImpl@70c5f24c
2024-12-14 12:24:42,183 INFO  server.RaftServerConfigKeys (ConfUtils.java:logFallback(53)) - raft.server.rpc.first-election.timeout.min = 300ms (fallback to raft.server.rpc.timeout.min)
2024-12-14 12:24:42,183 INFO  server.RaftServerConfigKeys (ConfUtils.java:logFallback(53)) - raft.server.rpc.first-election.timeout.max = 600ms (fallback to raft.server.rpc.timeout.max)
2024-12-14 12:24:42,183 TRACE util.FileUtils (LogUtils.java:runAndLog(49)) - Successfully ran Atomic Files.move /home/runner/work/ratis/ratis/ratis-examples/target/test/data/da5193cb/MiniRaftClusterWithGrpca0a5e6cd/s2/84f44ae2-1cbd-44ce-b603-fdf63f8bebb3/current/raft-meta.tmp to /home/runner/work/ratis/ratis/ratis-examples/target/test/data/da5193cb/MiniRaftClusterWithGrpca0a5e6cd/s2/84f44ae2-1cbd-44ce-b603-fdf63f8bebb3/current/raft-meta with options [REPLACE_EXISTING]
2024-12-14 12:24:42,183 INFO  impl.LeaderElection (LeaderElection.java:askForVotes(332)) - s2@group-FDF63F8BEBB3-LeaderElection13 ELECTION round 0: submit vote requests at term 1 for conf: {index: -1, cur=peers:[s3|0.0.0.0:15003, s14|0.0.0.0:15014, s2|0.0.0.0:15002]|listeners:[], old=null}
2024-12-14 12:24:42,184 INFO  server.RaftServer$Division (RaftServerImpl.java:requestVote(1452)) - s2@group-FDF63F8BEBB3: receive requestVote(ELECTION, s14, group-FDF63F8BEBB3, 1, (t:0, i:0))
2024-12-14 12:24:42,184 INFO  impl.VoteContext (VoteContext.java:log(49)) - s2@group-FDF63F8BEBB3-CANDIDATE: reject ELECTION from s14: already has voted for s2 at current term 1
2024-12-14 12:24:42,184 INFO  server.RaftServer$Division (RaftServerImpl.java:requestVote(1486)) - s2@group-FDF63F8BEBB3 replies to ELECTION vote request: s14<-s2#0:FAIL-t1. Peer's state: s2@group-FDF63F8BEBB3:t1, leader=null, voted=s2, raftlog=Memoized:s2@group-FDF63F8BEBB3-SegmentedRaftLog:OPENED:c-1:lastnull, conf=conf: {index: -1, cur=peers:[s3|0.0.0.0:15003, s14|0.0.0.0:15014, s2|0.0.0.0:15002]|listeners:[], old=null}
2024-12-14 12:24:42,185 INFO  server.RaftServer$Division (RaftServerImpl.java:requestVote(1452)) - s3@group-FDF63F8BEBB3: receive requestVote(ELECTION, s2, group-FDF63F8BEBB3, 1, (t:0, i:0))
2024-12-14 12:24:42,185 INFO  server.RaftServer$Division (RaftServerImpl.java:requestVote(1452)) - s3@group-FDF63F8BEBB3: receive requestVote(ELECTION, s14, group-FDF63F8BEBB3, 1, (t:0, i:0))
2024-12-14 12:24:42,185 INFO  impl.VoteContext (VoteContext.java:log(49)) - s3@group-FDF63F8BEBB3-FOLLOWER: accept ELECTION from s14: our priority 0 <= candidate's priority 0
2024-12-14 12:24:42,185 INFO  server.RaftServer$Division (RaftServerImpl.java:setRole(379)) - s3@group-FDF63F8BEBB3: changes role from  FOLLOWER to FOLLOWER at term 0 for candidate:s14
2024-12-14 12:24:42,185 INFO  impl.RoleInfo (RoleInfo.java:shutdownFollowerState(121)) - s3: shutdown s3@group-FDF63F8BEBB3-FollowerState
2024-12-14 12:24:42,186 INFO  server.RaftServerConfigKeys (ConfUtils.java:logFallback(53)) - raft.server.rpc.first-election.timeout.min = 300ms (fallback to raft.server.rpc.timeout.min)
2024-12-14 12:24:42,186 INFO  impl.FollowerState (FollowerState.java:runImpl(170)) - s3@group-FDF63F8BEBB3-FollowerState was interrupted
2024-12-14 12:24:42,187 INFO  server.RaftServerConfigKeys (ConfUtils.java:logFallback(53)) - raft.server.rpc.first-election.timeout.max = 600ms (fallback to raft.server.rpc.timeout.max)
2024-12-14 12:24:42,188 INFO  server.RaftServer$Division (RaftServerImpl.java:requestVote(1452)) - s14@group-FDF63F8BEBB3: receive requestVote(ELECTION, s2, group-FDF63F8BEBB3, 1, (t:0, i:0))
2024-12-14 12:24:42,188 INFO  impl.VoteContext (VoteContext.java:log(49)) - s14@group-FDF63F8BEBB3-CANDIDATE: reject ELECTION from s2: already has voted for s14 at current term 1
2024-12-14 12:24:42,188 INFO  server.RaftServer$Division (RaftServerImpl.java:requestVote(1486)) - s14@group-FDF63F8BEBB3 replies to ELECTION vote request: s2<-s14#0:FAIL-t1. Peer's state: s14@group-FDF63F8BEBB3:t1, leader=null, voted=s14, raftlog=Memoized:s14@group-FDF63F8BEBB3-SegmentedRaftLog:OPENED:c-1:lastnull, conf=conf: {index: -1, cur=peers:[s3|0.0.0.0:15003, s14|0.0.0.0:15014, s2|0.0.0.0:15002]|listeners:[], old=null}
2024-12-14 12:24:42,187 INFO  impl.RoleInfo (RoleInfo.java:updateAndGet(148)) - s3: start s3@group-FDF63F8BEBB3-FollowerState
2024-12-14 12:24:42,189 INFO  server.RaftServer$Division (RaftServerImpl.java:setFirstElection(563)) - s3@group-FDF63F8BEBB3: set firstElectionSinceStartup to false for candidate:s14
2024-12-14 12:24:42,189 TRACE util.FileUtils (LogUtils.java:supplyAndLog(69)) - Successfully supplied FileChannel.open /home/runner/work/ratis/ratis/ratis-examples/target/test/data/da5193cb/MiniRaftClusterWithGrpca0a5e6cd/s3/84f44ae2-1cbd-44ce-b603-fdf63f8bebb3/current/raft-meta.tmp with options [CREATE, WRITE]: sun.nio.ch.FileChannelImpl@1b44cd34
2024-12-14 12:24:42,190 TRACE util.FileUtils (LogUtils.java:runAndLog(49)) - Successfully ran Atomic Files.move /home/runner/work/ratis/ratis/ratis-examples/target/test/data/da5193cb/MiniRaftClusterWithGrpca0a5e6cd/s3/84f44ae2-1cbd-44ce-b603-fdf63f8bebb3/current/raft-meta.tmp to /home/runner/work/ratis/ratis/ratis-examples/target/test/data/da5193cb/MiniRaftClusterWithGrpca0a5e6cd/s3/84f44ae2-1cbd-44ce-b603-fdf63f8bebb3/current/raft-meta with options [REPLACE_EXISTING]
2024-12-14 12:24:42,190 INFO  server.RaftServer$Division (RaftServerImpl.java:requestVote(1486)) - s3@group-FDF63F8BEBB3 replies to ELECTION vote request: s14<-s3#0:OK-t1. Peer's state: s3@group-FDF63F8BEBB3:t1, leader=null, voted=s14, raftlog=Memoized:s3@group-FDF63F8BEBB3-SegmentedRaftLog:OPENED:c-1:lastnull, conf=conf: {index: -1, cur=peers:[s3|0.0.0.0:15003, s14|0.0.0.0:15014, s2|0.0.0.0:15002]|listeners:[], old=null}
2024-12-14 12:24:42,190 INFO  impl.VoteContext (VoteContext.java:log(49)) - s3@group-FDF63F8BEBB3-FOLLOWER: reject ELECTION from s2: already has voted for s14 at current term 1
2024-12-14 12:24:42,190 INFO  server.RaftServer$Division (RaftServerImpl.java:requestVote(1486)) - s3@group-FDF63F8BEBB3 replies to ELECTION vote request: s2<-s3#0:FAIL-t1. Peer's state: s3@group-FDF63F8BEBB3:t1, leader=null, voted=s14, raftlog=Memoized:s3@group-FDF63F8BEBB3-SegmentedRaftLog:OPENED:c-1:lastnull, conf=conf: {index: -1, cur=peers:[s3|0.0.0.0:15003, s14|0.0.0.0:15014, s2|0.0.0.0:15002]|listeners:[], old=null}
2024-12-14 12:24:42,191 INFO  impl.LeaderElection (LeaderElection.java:logAndReturn(90)) - s2@group-FDF63F8BEBB3-LeaderElection13: ELECTION REJECTED received 2 response(s) and 0 exception(s):
2024-12-14 12:24:42,191 INFO  impl.LeaderElection (LeaderElection.java:logAndReturn(94)) -   Response 0: s2<-s3#0:FAIL-t1
2024-12-14 12:24:42,191 INFO  impl.LeaderElection (LeaderElection.java:logAndReturn(94)) -   Response 1: s2<-s14#0:FAIL-t1
2024-12-14 12:24:42,191 INFO  impl.LeaderElection (LeaderElection.java:askForVotes(334)) - s2@group-FDF63F8BEBB3-LeaderElection13 ELECTION round 0: result REJECTED
2024-12-14 12:24:42,191 INFO  server.RaftServer$Division (RaftServerImpl.java:setRole(379)) - s2@group-FDF63F8BEBB3: changes role from CANDIDATE to FOLLOWER at term 1 for REJECTED
2024-12-14 12:24:42,191 INFO  impl.RoleInfo (RoleInfo.java:shutdownLeaderElection(141)) - s2: shutdown s2@group-FDF63F8BEBB3-LeaderElection13
2024-12-14 12:24:42,191 INFO  impl.RoleInfo (RoleInfo.java:updateAndGet(148)) - s2: start s2@group-FDF63F8BEBB3-FollowerState
2024-12-14 12:24:42,192 INFO  server.RaftServer$Division (RaftServerImpl.java:setFirstElection(563)) - s2@group-FDF63F8BEBB3: set firstElectionSinceStartup to false for REJECTED
2024-12-14 12:24:42,192 INFO  impl.LeaderElection (LeaderElection.java:logAndReturn(90)) - s14@group-FDF63F8BEBB3-LeaderElection14: ELECTION PASSED received 2 response(s) and 0 exception(s):
2024-12-14 12:24:42,192 INFO  impl.LeaderElection (LeaderElection.java:logAndReturn(94)) -   Response 0: s14<-s3#0:OK-t1
2024-12-14 12:24:42,193 INFO  impl.LeaderElection (LeaderElection.java:logAndReturn(94)) -   Response 1: s14<-s2#0:FAIL-t1
2024-12-14 12:24:42,193 INFO  impl.LeaderElection (LeaderElection.java:askForVotes(334)) - s14@group-FDF63F8BEBB3-LeaderElection14 ELECTION round 0: result PASSED
2024-12-14 12:24:42,193 INFO  impl.RoleInfo (RoleInfo.java:shutdownLeaderElection(141)) - s14: shutdown s14@group-FDF63F8BEBB3-LeaderElection14
2024-12-14 12:24:42,193 INFO  server.RaftServer$Division (RaftServerImpl.java:setRole(379)) - s14@group-FDF63F8BEBB3: changes role from CANDIDATE to LEADER at term 1 for changeToLeader
2024-12-14 12:24:42,193 INFO  server.RaftServerConfigKeys (ConfUtils.java:logGet(46)) - raft.server.staging.catchup.gap = 1000 (default)
2024-12-14 12:24:42,193 INFO  server.RaftServerConfigKeys (ConfUtils.java:logGet(46)) - raft.server.write.element-limit = 4096 (default)
2024-12-14 12:24:42,193 INFO  server.RaftServerConfigKeys (ConfUtils.java:logGet(46)) - raft.server.write.byte-limit = 64MB (=67108864) (default)
2024-12-14 12:24:42,193 INFO  server.RaftServerConfigKeys (ConfUtils.java:logGet(46)) - raft.server.watch.timeout = 10s (default)
2024-12-14 12:24:42,193 INFO  server.RaftServerConfigKeys (ConfUtils.java:logGet(46)) - raft.server.watch.timeout.denomination = 1s (default)
2024-12-14 12:24:42,193 INFO  server.RaftServerConfigKeys (ConfUtils.java:logGet(46)) - raft.server.watch.element-limit = 65536 (default)
2024-12-14 12:24:42,193 INFO  server.RaftServerConfigKeys (ConfUtils.java:logGet(46)) - raft.server.read.leader.lease.enabled = false (default)
2024-12-14 12:24:42,193 INFO  server.RaftServerConfigKeys (ConfUtils.java:logGet(46)) - raft.server.read.leader.lease.timeout.ratio = 0.9 (default)
2024-12-14 12:24:42,193 INFO  server.RaftServerConfigKeys (ConfUtils.java:logGet(46)) - raft.server.rpc.timeout.min = 300ms (custom)
2024-12-14 12:24:42,193 INFO  server.RaftServerConfigKeys (ConfUtils.java:logGet(46)) - raft.server.log.log-metadata.enabled = true (default)
2024-12-14 12:24:42,193 INFO  server.RaftServerConfigKeys (ConfUtils.java:logGet(46)) - raft.server.write.element-limit = 4096 (default)
2024-12-14 12:24:42,193 INFO  server.RaftServerConfigKeys (ConfUtils.java:logGet(46)) - raft.server.write.follower.gap.ratio.max = -1.0 (default)
2024-12-14 12:24:42,193 INFO  server.RaftServerConfigKeys (ConfUtils.java:logGet(46)) - raft.server.log.appender.snapshot.chunk.size.max = 16MB (=16777216) (default)
2024-12-14 12:24:42,194 INFO  server.RaftServerConfigKeys (ConfUtils.java:logGet(46)) - raft.server.log.appender.buffer.byte-limit = 4MB (=4194304) (default)
2024-12-14 12:24:42,194 INFO  server.RaftServerConfigKeys (ConfUtils.java:logGet(46)) - raft.server.log.appender.buffer.element-limit = 0 (default)
2024-12-14 12:24:42,194 INFO  server.RaftServerConfigKeys (ConfUtils.java:logGet(46)) - raft.server.log.appender.wait-time.min = 1ms (default)
2024-12-14 12:24:42,194 INFO  grpc.GrpcConfigKeys (ConfUtils.java:logGet(46)) - raft.grpc.server.leader.outstanding.appends.max = 8 (default)
2024-12-14 12:24:42,194 INFO  server.RaftServerConfigKeys (ConfUtils.java:logGet(46)) - raft.server.rpc.request.timeout = 3000ms (default)
2024-12-14 12:24:42,194 INFO  grpc.GrpcConfigKeys (ConfUtils.java:logGet(46)) - raft.grpc.server.install_snapshot.request.element-limit = 8 (default)
2024-12-14 12:24:42,194 INFO  grpc.GrpcConfigKeys (ConfUtils.java:logGet(46)) - raft.grpc.server.install_snapshot.request.timeout = 3000ms (default)
2024-12-14 12:24:42,194 INFO  grpc.GrpcConfigKeys (ConfUtils.java:logGet(46)) - raft.grpc.server.log-message.batch.duration = 5s (default)
2024-12-14 12:24:42,194 INFO  server.RaftServerConfigKeys (ConfUtils.java:logGet(46)) - raft.server.log.appender.install.snapshot.enabled = true (default)
2024-12-14 12:24:42,194 INFO  grpc.GrpcConfigKeys (ConfUtils.java:logGet(46)) - raft.grpc.server.heartbeat.channel = true (default)
2024-12-14 12:24:42,194 INFO  server.RaftServerConfigKeys (ConfUtils.java:logGet(46)) - raft.server.log.appender.snapshot.chunk.size.max = 16MB (=16777216) (default)
2024-12-14 12:24:42,194 INFO  server.RaftServerConfigKeys (ConfUtils.java:logGet(46)) - raft.server.log.appender.buffer.byte-limit = 4MB (=4194304) (default)
2024-12-14 12:24:42,194 INFO  server.RaftServerConfigKeys (ConfUtils.java:logGet(46)) - raft.server.log.appender.buffer.element-limit = 0 (default)
2024-12-14 12:24:42,194 INFO  server.RaftServerConfigKeys (ConfUtils.java:logGet(46)) - raft.server.log.appender.wait-time.min = 1ms (default)
2024-12-14 12:24:42,194 INFO  grpc.GrpcConfigKeys (ConfUtils.java:logGet(46)) - raft.grpc.server.leader.outstanding.appends.max = 8 (default)
2024-12-14 12:24:42,194 INFO  server.RaftServerConfigKeys (ConfUtils.java:logGet(46)) - raft.server.rpc.request.timeout = 3000ms (default)
2024-12-14 12:24:42,194 INFO  grpc.GrpcConfigKeys (ConfUtils.java:logGet(46)) - raft.grpc.server.install_snapshot.request.element-limit = 8 (default)
2024-12-14 12:24:42,195 INFO  grpc.GrpcConfigKeys (ConfUtils.java:logGet(46)) - raft.grpc.server.install_snapshot.request.timeout = 3000ms (default)
2024-12-14 12:24:42,195 INFO  grpc.GrpcConfigKeys (ConfUtils.java:logGet(46)) - raft.grpc.server.log-message.batch.duration = 5s (default)
2024-12-14 12:24:42,195 INFO  server.RaftServerConfigKeys (ConfUtils.java:logGet(46)) - raft.server.log.appender.install.snapshot.enabled = true (default)
2024-12-14 12:24:42,195 INFO  grpc.GrpcConfigKeys (ConfUtils.java:logGet(46)) - raft.grpc.server.heartbeat.channel = true (default)
2024-12-14 12:24:42,195 INFO  impl.RoleInfo (RoleInfo.java:updateAndGet(148)) - s14: start s14@group-FDF63F8BEBB3-LeaderStateImpl
2024-12-14 12:24:42,195 INFO  server.RaftServer$Division (RaftServerImpl.java:setFirstElection(563)) - s14@group-FDF63F8BEBB3: set firstElectionSinceStartup to false for becomeLeader
2024-12-14 12:24:42,195 INFO  server.RaftServer$Division (ServerState.java:setLeader(272)) - s14@group-FDF63F8BEBB3: change Leader from null to s14 at term 1 for becomeLeader, leader elected after 555ms
2024-12-14 12:24:42,195 INFO  segmented.SegmentedRaftLogWorker (SegmentedRaftLogWorker.java:startLogSegment(443)) - s14@group-FDF63F8BEBB3-SegmentedRaftLogWorker: Starting segment from index:0
2024-12-14 12:24:42,195 INFO  server.RaftServer$Division (ServerState.java:setRaftConf(386)) - s14@group-FDF63F8BEBB3: set configuration conf: {index: 0, cur=peers:[s3|0.0.0.0:15003, s14|0.0.0.0:15014, s2|0.0.0.0:15002]|listeners:[], old=null}
2024-12-14 12:24:42,195 INFO  segmented.BufferedWriteChannel (BufferedWriteChannel.java:open(61)) - open log_inprogress_0 at position 0
2024-12-14 12:24:42,205 INFO  server.RaftServer$Division (ServerState.java:setLeader(272)) - s3@group-FDF63F8BEBB3: change Leader from null to s14 at term 1 for appendEntries, leader elected after 498ms
2024-12-14 12:24:42,206 INFO  server.RaftServer$Division (ServerState.java:setRaftConf(386)) - s3@group-FDF63F8BEBB3: set configuration conf: {index: 0, cur=peers:[s3|0.0.0.0:15003, s14|0.0.0.0:15014, s2|0.0.0.0:15002]|listeners:[], old=null}
2024-12-14 12:24:42,206 INFO  segmented.SegmentedRaftLogWorker (SegmentedRaftLogWorker.java:startLogSegment(443)) - s3@group-FDF63F8BEBB3-SegmentedRaftLogWorker: Starting segment from index:0
2024-12-14 12:24:42,206 INFO  segmented.BufferedWriteChannel (BufferedWriteChannel.java:open(61)) - open log_inprogress_0 at position 0
2024-12-14 12:24:42,209 INFO  segmented.SegmentedRaftLogWorker (SegmentedRaftLogWorker.java:execute(667)) - s14@group-FDF63F8BEBB3-SegmentedRaftLogWorker: created new log segment /home/runner/work/ratis/ratis/ratis-examples/target/test/data/da5193cb/MiniRaftClusterWithGrpca0a5e6cd/s14/84f44ae2-1cbd-44ce-b603-fdf63f8bebb3/current/log_inprogress_0
2024-12-14 12:24:42,209 INFO  server.RaftServer$Division (ServerState.java:setLeader(272)) - s2@group-FDF63F8BEBB3: change Leader from null to s14 at term 1 for appendEntries, leader elected after 530ms
2024-12-14 12:24:42,218 INFO  segmented.SegmentedRaftLogWorker (SegmentedRaftLogWorker.java:execute(667)) - s3@group-FDF63F8BEBB3-SegmentedRaftLogWorker: created new log segment /home/runner/work/ratis/ratis/ratis-examples/target/test/data/da5193cb/MiniRaftClusterWithGrpca0a5e6cd/s3/84f44ae2-1cbd-44ce-b603-fdf63f8bebb3/current/log_inprogress_0
2024-12-14 12:24:42,237 TRACE util.FileUtils (LogUtils.java:supplyAndLog(69)) - Successfully supplied FileChannel.open /home/runner/work/ratis/ratis/ratis-examples/target/test/data/da5193cb/MiniRaftClusterWithGrpca0a5e6cd/s14/84f44ae2-1cbd-44ce-b603-fdf63f8bebb3/current/raft-meta.conf.tmp with options [CREATE, WRITE]: sun.nio.ch.FileChannelImpl@34e48db2
2024-12-14 12:24:42,237 INFO  server.RaftServer$Division (ServerState.java:setRaftConf(386)) - s2@group-FDF63F8BEBB3: set configuration conf: {index: 0, cur=peers:[s3|0.0.0.0:15003, s14|0.0.0.0:15014, s2|0.0.0.0:15002]|listeners:[], old=null}
2024-12-14 12:24:42,237 INFO  segmented.SegmentedRaftLogWorker (SegmentedRaftLogWorker.java:startLogSegment(443)) - s2@group-FDF63F8BEBB3-SegmentedRaftLogWorker: Starting segment from index:0
2024-12-14 12:24:42,237 INFO  segmented.BufferedWriteChannel (BufferedWriteChannel.java:open(61)) - open log_inprogress_0 at position 0
2024-12-14 12:24:42,239 TRACE util.FileUtils (LogUtils.java:runAndLog(49)) - Successfully ran Atomic Files.move /home/runner/work/ratis/ratis/ratis-examples/target/test/data/da5193cb/MiniRaftClusterWithGrpca0a5e6cd/s14/84f44ae2-1cbd-44ce-b603-fdf63f8bebb3/current/raft-meta.conf.tmp to /home/runner/work/ratis/ratis/ratis-examples/target/test/data/da5193cb/MiniRaftClusterWithGrpca0a5e6cd/s14/84f44ae2-1cbd-44ce-b603-fdf63f8bebb3/current/raft-meta.conf with options [REPLACE_EXISTING]
2024-12-14 12:24:42,239 INFO  server.RaftServer$Division (LeaderStateImpl.java:checkStartIndex(314)) - Leader s14@group-FDF63F8BEBB3-LeaderStateImpl is ready since appliedIndex == startIndex == 0
2024-12-14 12:24:42,249 INFO  segmented.SegmentedRaftLogWorker (SegmentedRaftLogWorker.java:execute(667)) - s2@group-FDF63F8BEBB3-SegmentedRaftLogWorker: created new log segment /home/runner/work/ratis/ratis/ratis-examples/target/test/data/da5193cb/MiniRaftClusterWithGrpca0a5e6cd/s2/84f44ae2-1cbd-44ce-b603-fdf63f8bebb3/current/log_inprogress_0
2024-12-14 12:24:42,372 TRACE util.FileUtils (LogUtils.java:supplyAndLog(69)) - Successfully supplied FileChannel.open /home/runner/work/ratis/ratis/ratis-examples/target/test/data/da5193cb/MiniRaftClusterWithGrpca0a5e6cd/s3/84f44ae2-1cbd-44ce-b603-fdf63f8bebb3/current/raft-meta.conf.tmp with options [CREATE, WRITE]: sun.nio.ch.FileChannelImpl@2db052b0
2024-12-14 12:24:42,374 TRACE util.FileUtils (LogUtils.java:runAndLog(49)) - Successfully ran Atomic Files.move /home/runner/work/ratis/ratis/ratis-examples/target/test/data/da5193cb/MiniRaftClusterWithGrpca0a5e6cd/s3/84f44ae2-1cbd-44ce-b603-fdf63f8bebb3/current/raft-meta.conf.tmp to /home/runner/work/ratis/ratis/ratis-examples/target/test/data/da5193cb/MiniRaftClusterWithGrpca0a5e6cd/s3/84f44ae2-1cbd-44ce-b603-fdf63f8bebb3/current/raft-meta.conf with options [REPLACE_EXISTING]
2024-12-14 12:24:42,401 TRACE util.FileUtils (LogUtils.java:supplyAndLog(69)) - Successfully supplied FileChannel.open /home/runner/work/ratis/ratis/ratis-examples/target/test/data/da5193cb/MiniRaftClusterWithGrpca0a5e6cd/s2/84f44ae2-1cbd-44ce-b603-fdf63f8bebb3/current/raft-meta.conf.tmp with options [CREATE, WRITE]: sun.nio.ch.FileChannelImpl@30de9b19
2024-12-14 12:24:42,402 TRACE util.FileUtils (LogUtils.java:runAndLog(49)) - Successfully ran Atomic Files.move /home/runner/work/ratis/ratis/ratis-examples/target/test/data/da5193cb/MiniRaftClusterWithGrpca0a5e6cd/s2/84f44ae2-1cbd-44ce-b603-fdf63f8bebb3/current/raft-meta.conf.tmp to /home/runner/work/ratis/ratis/ratis-examples/target/test/data/da5193cb/MiniRaftClusterWithGrpca0a5e6cd/s2/84f44ae2-1cbd-44ce-b603-fdf63f8bebb3/current/raft-meta.conf with options [REPLACE_EXISTING]
2024-12-14 12:24:42,628 INFO  ratis.RaftTestUtil (RaftTestUtil.java:waitForLeader(131)) - printing group-FDF63F8BEBB3
  s3:  RUNNING [
   FOLLOWER s3@group-FDF63F8BEBB3:t1, leader=s14, voted=s14, raftlog=Memoized:s3@group-FDF63F8BEBB3-SegmentedRaftLog:OPENED:c0:last(t:1, i:0), conf=conf: {index: 0, cur=peers:[s3|0.0.0.0:15003, s14|0.0.0.0:15014, s2|0.0.0.0:15002]|listeners:[], old=null} RUNNING
   FOLLOWER s3@group-40388BE3F4D5:t0, leader=null, voted=, raftlog=Memoized:s3@group-40388BE3F4D5-SegmentedRaftLog:OPENED:c-1:lastnull, conf=conf: {index: -1, cur=peers:[]|listeners:[], old=null} STARTING] size=2
  s14:  RUNNING [
     LEADER s14@group-FDF63F8BEBB3:t1, leader=s14, voted=s14, raftlog=Memoized:s14@group-FDF63F8BEBB3-SegmentedRaftLog:OPENED:c0:last(t:1, i:0), conf=conf: {index: 0, cur=peers:[s3|0.0.0.0:15003, s14|0.0.0.0:15014, s2|0.0.0.0:15002]|listeners:[], old=null} RUNNING
   FOLLOWER s14@group-40388BE3F4D5:t0, leader=null, voted=, raftlog=Memoized:s14@group-40388BE3F4D5-SegmentedRaftLog:OPENED:c-1:lastnull, conf=conf: {index: -1, cur=peers:[]|listeners:[], old=null} STARTING] size=2
  s2:  RUNNING [
   FOLLOWER s2@group-FDF63F8BEBB3:t1, leader=s14, voted=s2, raftlog=Memoized:s2@group-FDF63F8BEBB3-SegmentedRaftLog:OPENED:c0:last(t:1, i:0), conf=conf: {index: 0, cur=peers:[s3|0.0.0.0:15003, s14|0.0.0.0:15014, s2|0.0.0.0:15002]|listeners:[], old=null} RUNNING
   FOLLOWER s2@group-40388BE3F4D5:t0, leader=null, voted=, raftlog=Memoized:s2@group-40388BE3F4D5-SegmentedRaftLog:OPENED:c-1:lastnull, conf=conf: {index: -1, cur=peers:[]|listeners:[], old=null} STARTING] size=2
2024-12-14 12:24:42,635 INFO  server.GrpcClientProtocolService (GrpcClientProtocolService.java:lambda$processClientRequest$0(330)) - Failed request cid=3663, reply=RaftClientReply:client-68BE3BC47BCE->s3@group-FDF63F8BEBB3, cid=3663, FAILED org.apache.ratis.protocol.exceptions.NotLeaderException: Server s3@group-FDF63F8BEBB3 is not the leader, suggested leader is: s14|0.0.0.0:15014, logIndex=0, commits[s3:c0, s14:c0, s2:c0]
2024-12-14 12:24:42,747 INFO  statemachine.StateMachine (ArithmeticStateMachine.java:applyTransaction(181)) - LEADER:s14-1: a = 43 = 43
2024-12-14 12:24:42,754 INFO  statemachine.StateMachine (ArithmeticStateMachine.java:applyTransaction(181)) - LEADER:s14-3: b = 924 = 924
2024-12-14 12:24:42,759 INFO  statemachine.StateMachine (ArithmeticStateMachine.java:applyTransaction(181)) - LEADER:s14-5: c = √(a^2 + b^2) = 925
2024-12-14 12:24:42,764 INFO  statemachine.StateMachine (ArithmeticStateMachine.java:applyTransaction(181)) - LEADER:s14-7: a = null = null
2024-12-14 12:24:42,768 INFO  statemachine.StateMachine (ArithmeticStateMachine.java:applyTransaction(181)) - LEADER:s14-9: b = null = null
2024-12-14 12:24:42,773 INFO  statemachine.StateMachine (ArithmeticStateMachine.java:applyTransaction(181)) - LEADER:s14-11: c = null = null
2024-12-14 12:24:42,781 INFO  statemachine.StateMachine (ArithmeticStateMachine.java:applyTransaction(181)) - LEADER:s14-13: a = 45 = 45
2024-12-14 12:24:42,784 INFO  statemachine.StateMachine (ArithmeticStateMachine.java:applyTransaction(181)) - LEADER:s14-15: b = 1012 = 1012
2024-12-14 12:24:42,791 INFO  statemachine.StateMachine (ArithmeticStateMachine.java:applyTransaction(181)) - LEADER:s14-17: c = √(a^2 + b^2) = 1013
2024-12-14 12:24:42,795 INFO  statemachine.StateMachine (ArithmeticStateMachine.java:applyTransaction(181)) - LEADER:s14-19: a = null = null
2024-12-14 12:24:42,800 INFO  statemachine.StateMachine (ArithmeticStateMachine.java:applyTransaction(181)) - LEADER:s14-21: b = null = null
2024-12-14 12:24:42,804 INFO  statemachine.StateMachine (ArithmeticStateMachine.java:applyTransaction(181)) - LEADER:s14-23: c = null = null
2024-12-14 12:24:42,809 INFO  statemachine.StateMachine (ArithmeticStateMachine.java:applyTransaction(181)) - LEADER:s14-25: a = 47 = 47
2024-12-14 12:24:42,814 INFO  statemachine.StateMachine (ArithmeticStateMachine.java:applyTransaction(181)) - LEADER:s14-27: b = 1104 = 1104
2024-12-14 12:24:42,820 INFO  statemachine.StateMachine (ArithmeticStateMachine.java:applyTransaction(181)) - LEADER:s14-29: c = √(a^2 + b^2) = 1105
2024-12-14 12:24:42,825 INFO  statemachine.StateMachine (ArithmeticStateMachine.java:applyTransaction(181)) - LEADER:s14-31: a = null = null
2024-12-14 12:24:42,830 INFO  statemachine.StateMachine (ArithmeticStateMachine.java:applyTransaction(181)) - LEADER:s14-33: b = null = null
2024-12-14 12:24:42,835 INFO  statemachine.StateMachine (ArithmeticStateMachine.java:applyTransaction(181)) - LEADER:s14-35: c = null = null
2024-12-14 12:24:42,841 INFO  statemachine.StateMachine (ArithmeticStateMachine.java:applyTransaction(181)) - LEADER:s14-37: a = 49 = 49
2024-12-14 12:24:42,845 INFO  statemachine.StateMachine (ArithmeticStateMachine.java:applyTransaction(181)) - LEADER:s14-39: b = 1200 = 1200
2024-12-14 12:24:42,852 INFO  statemachine.StateMachine (ArithmeticStateMachine.java:applyTransaction(181)) - LEADER:s14-41: c = √(a^2 + b^2) = 1201
2024-12-14 12:24:42,856 INFO  statemachine.StateMachine (ArithmeticStateMachine.java:applyTransaction(181)) - LEADER:s14-43: a = null = null
2024-12-14 12:24:42,860 INFO  statemachine.StateMachine (ArithmeticStateMachine.java:applyTransaction(181)) - LEADER:s14-45: b = null = null
2024-12-14 12:24:42,866 INFO  statemachine.StateMachine (ArithmeticStateMachine.java:applyTransaction(181)) - LEADER:s14-47: c = null = null
2024-12-14 12:24:42,871 INFO  statemachine.StateMachine (ArithmeticStateMachine.java:applyTransaction(181)) - LEADER:s14-49: a = 51 = 51
2024-12-14 12:24:42,876 INFO  statemachine.StateMachine (ArithmeticStateMachine.java:applyTransaction(181)) - LEADER:s14-51: b = 1300 = 1300
2024-12-14 12:24:42,881 INFO  statemachine.StateMachine (ArithmeticStateMachine.java:applyTransaction(181)) - LEADER:s14-53: c = √(a^2 + b^2) = 1301
2024-12-14 12:24:42,886 INFO  statemachine.StateMachine (ArithmeticStateMachine.java:applyTransaction(181)) - LEADER:s14-55: a = null = null
2024-12-14 12:24:42,891 INFO  statemachine.StateMachine (ArithmeticStateMachine.java:applyTransaction(181)) - LEADER:s14-57: b = null = null
2024-12-14 12:24:42,896 INFO  statemachine.StateMachine (ArithmeticStateMachine.java:applyTransaction(181)) - LEADER:s14-59: c = null = null
2024-12-14 12:24:42,902 INFO  statemachine.StateMachine (ArithmeticStateMachine.java:applyTransaction(181)) - LEADER:s14-61: a = 53 = 53
2024-12-14 12:24:42,907 INFO  statemachine.StateMachine (ArithmeticStateMachine.java:applyTransaction(181)) - LEADER:s14-63: b = 1404 = 1404
2024-12-14 12:24:42,913 INFO  statemachine.StateMachine (ArithmeticStateMachine.java:applyTransaction(181)) - LEADER:s14-65: c = √(a^2 + b^2) = 1405
2024-12-14 12:24:42,919 INFO  statemachine.StateMachine (ArithmeticStateMachine.java:applyTransaction(181)) - LEADER:s14-67: a = null = null
2024-12-14 12:24:42,926 INFO  statemachine.StateMachine (ArithmeticStateMachine.java:applyTransaction(181)) - LEADER:s14-69: b = null = null
2024-12-14 12:24:42,931 INFO  statemachine.StateMachine (ArithmeticStateMachine.java:applyTransaction(181)) - LEADER:s14-71: c = null = null
2024-12-14 12:24:42,936 INFO  statemachine.StateMachine (ArithmeticStateMachine.java:applyTransaction(181)) - LEADER:s14-73: a = 55 = 55
2024-12-14 12:24:42,942 INFO  statemachine.StateMachine (ArithmeticStateMachine.java:applyTransaction(181)) - LEADER:s14-75: b = 1512 = 1512
2024-12-14 12:24:42,947 INFO  statemachine.StateMachine (ArithmeticStateMachine.java:applyTransaction(181)) - LEADER:s14-77: c = √(a^2 + b^2) = 1513
2024-12-14 12:24:42,954 INFO  statemachine.StateMachine (ArithmeticStateMachine.java:applyTransaction(181)) - LEADER:s14-79: a = null = null
2024-12-14 12:24:42,961 INFO  statemachine.StateMachine (ArithmeticStateMachine.java:applyTransaction(181)) - LEADER:s14-81: b = null = null
2024-12-14 12:24:42,966 INFO  statemachine.StateMachine (ArithmeticStateMachine.java:applyTransaction(181)) - LEADER:s14-83: c = null = null
2024-12-14 12:24:42,971 INFO  statemachine.StateMachine (ArithmeticStateMachine.java:applyTransaction(181)) - LEADER:s14-85: a = 57 = 57
2024-12-14 12:24:42,976 INFO  statemachine.StateMachine (ArithmeticStateMachine.java:applyTransaction(181)) - LEADER:s14-87: b = 1624 = 1624
2024-12-14 12:24:42,981 INFO  statemachine.StateMachine (ArithmeticStateMachine.java:applyTransaction(181)) - LEADER:s14-89: c = √(a^2 + b^2) = 1625
2024-12-14 12:24:42,985 INFO  statemachine.StateMachine (ArithmeticStateMachine.java:applyTransaction(181)) - LEADER:s14-91: a = null = null
2024-12-14 12:24:42,991 INFO  statemachine.StateMachine (ArithmeticStateMachine.java:applyTransaction(181)) - LEADER:s14-93: b = null = null
2024-12-14 12:24:42,996 INFO  statemachine.StateMachine (ArithmeticStateMachine.java:applyTransaction(181)) - LEADER:s14-95: c = null = null
2024-12-14 12:24:43,001 INFO  statemachine.StateMachine (ArithmeticStateMachine.java:applyTransaction(181)) - LEADER:s14-97: a = 59 = 59
2024-12-14 12:24:43,005 INFO  statemachine.StateMachine (ArithmeticStateMachine.java:applyTransaction(181)) - LEADER:s14-99: b = 1740 = 1740
2024-12-14 12:24:43,010 INFO  statemachine.StateMachine (ArithmeticStateMachine.java:applyTransaction(181)) - LEADER:s14-101: c = √(a^2 + b^2) = 1741
2024-12-14 12:24:43,014 INFO  statemachine.StateMachine (ArithmeticStateMachine.java:applyTransaction(181)) - LEADER:s14-103: a = null = null
2024-12-14 12:24:43,018 INFO  statemachine.StateMachine (ArithmeticStateMachine.java:applyTransaction(181)) - LEADER:s14-105: b = null = null
2024-12-14 12:24:43,022 INFO  statemachine.StateMachine (ArithmeticStateMachine.java:applyTransaction(181)) - LEADER:s14-107: c = null = null
2024-12-14 12:24:43,027 INFO  statemachine.StateMachine (ArithmeticStateMachine.java:applyTransaction(181)) - LEADER:s14-109: a = 61 = 61
2024-12-14 12:24:43,032 INFO  statemachine.StateMachine (ArithmeticStateMachine.java:applyTransaction(181)) - LEADER:s14-111: b = 1860 = 1860
2024-12-14 12:24:43,037 INFO  statemachine.StateMachine (ArithmeticStateMachine.java:applyTransaction(181)) - LEADER:s14-113: c = √(a^2 + b^2) = 1861
2024-12-14 12:24:43,041 INFO  statemachine.StateMachine (ArithmeticStateMachine.java:applyTransaction(181)) - LEADER:s14-115: a = null = null
2024-12-14 12:24:43,046 INFO  statemachine.StateMachine (ArithmeticStateMachine.java:applyTransaction(181)) - LEADER:s14-117: b = null = null
2024-12-14 12:24:43,050 INFO  statemachine.StateMachine (ArithmeticStateMachine.java:applyTransaction(181)) - LEADER:s14-119: c = null = null
2024-12-14 12:24:43,062 INFO  impl.GroupManagementBaseTest (GroupManagementBaseTest.java:runMultiGroupTest(281)) - 3) starting group-A5BB6EB0946F:[s4|0.0.0.0:15004, s5|0.0.0.0:15005, s6|0.0.0.0:15006]
2024-12-14 12:24:43,068 INFO  server.RaftServer (RaftServerProxy.java:addNew(101)) - s4: addNew group-A5BB6EB0946F:[s4|0.0.0.0:15004, s5|0.0.0.0:15005, s6|0.0.0.0:15006] returns group-A5BB6EB0946F:java.util.concurrent.CompletableFuture@612ef987[Not completed]
2024-12-14 12:24:43,068 INFO  server.RaftServer$Division (RaftServerImpl.java:<init>(256)) - s4: new RaftServerImpl for group-A5BB6EB0946F:[s4|0.0.0.0:15004, s5|0.0.0.0:15005, s6|0.0.0.0:15006] with ArithmeticStateMachine:uninitialized
2024-12-14 12:24:43,069 INFO  server.RaftServerConfigKeys (ConfUtils.java:logGet(46)) - raft.server.rpc.timeout.min = 300ms (custom)
2024-12-14 12:24:43,069 INFO  server.RaftServerConfigKeys (ConfUtils.java:logGet(46)) - raft.server.rpc.timeout.max = 600ms (custom)
2024-12-14 12:24:43,069 INFO  server.RaftServerConfigKeys (ConfUtils.java:logGet(46)) - raft.server.rpc.sleep.time = 25ms (default)
2024-12-14 12:24:43,069 INFO  server.RaftServerConfigKeys (ConfUtils.java:logGet(46)) - raft.server.rpc.slowness.timeout = 60s (default)
2024-12-14 12:24:43,069 INFO  server.RaftServerConfigKeys (ConfUtils.java:logGet(46)) - raft.server.leaderelection.leader.step-down.wait-time = 10s (default)
2024-12-14 12:24:43,069 INFO  server.RaftServerConfigKeys (ConfUtils.java:logGet(46)) - raft.server.leaderelection.member.majority-add = false (default)
2024-12-14 12:24:43,069 INFO  server.RaftServerConfigKeys (ConfUtils.java:logGet(46)) - raft.server.sleep.deviation.threshold = 300ms (default)
2024-12-14 12:24:43,069 INFO  server.RaftServer$Division (ServerState.java:<init>(114)) - s4@group-A5BB6EB0946F: ConfigurationManager, init=conf: {index: -1, cur=peers:[s4|0.0.0.0:15004, s5|0.0.0.0:15005, s6|0.0.0.0:15006]|listeners:[], old=null}, confs=<EMPTY_MAP>
2024-12-14 12:24:43,069 INFO  server.RaftServerConfigKeys (ConfUtils.java:logGet(46)) - raft.server.notification.no-leader.timeout = 60s (default)
2024-12-14 12:24:43,069 INFO  server.RaftServerConfigKeys (ConfUtils.java:logGet(46)) - raft.server.read.timeout = 10s (default)
2024-12-14 12:24:43,069 INFO  server.RaftServerConfigKeys (ConfUtils.java:logGet(46)) - raft.server.retrycache.expirytime = 60s (default)
2024-12-14 12:24:43,069 INFO  server.RaftServerConfigKeys (ConfUtils.java:logGet(46)) - raft.server.retrycache.statistics.expirytime = 100ms (default)
2024-12-14 12:24:43,069 INFO  server.RaftServerConfigKeys (ConfUtils.java:logGet(46)) - raft.server.read.option = DEFAULT (default)
2024-12-14 12:24:43,069 INFO  server.RaftServerConfigKeys (ConfUtils.java:logGet(46)) - raft.server.read.read-after-write-consistent.write-index-cache.expiry-time = 60s (default)
2024-12-14 12:24:43,070 INFO  server.RaftServerConfigKeys (ConfUtils.java:logGet(46)) - raft.server.rpc.request.timeout = 3000ms (default)
2024-12-14 12:24:43,070 INFO  server.RaftServerConfigKeys (ConfUtils.java:logGet(46)) - raft.server.log.appender.install.snapshot.enabled = true (default)
2024-12-14 12:24:43,070 INFO  server.RaftServerConfigKeys (ConfUtils.java:logGet(46)) - raft.server.threadpool.server.cached = true (default)
2024-12-14 12:24:43,070 INFO  server.RaftServerConfigKeys (ConfUtils.java:logGet(46)) - raft.server.threadpool.server.size = 0 (default)
2024-12-14 12:24:43,070 INFO  server.RaftServerConfigKeys (ConfUtils.java:logGet(46)) - raft.server.threadpool.client.cached = true (default)
2024-12-14 12:24:43,070 INFO  server.RaftServerConfigKeys (ConfUtils.java:logGet(46)) - raft.server.threadpool.client.size = 0 (default)
2024-12-14 12:24:43,070 INFO  server.RaftServerConfigKeys (ConfUtils.java:logGet(46)) - raft.server.storage.free-space.min = 0MB (=0) (default)
2024-12-14 12:24:43,070 INFO  server.RaftServerConfigKeys (ConfUtils.java:logGet(46)) - raft.server.log.corruption.policy = EXCEPTION (default)
2024-12-14 12:24:43,070 INFO  server.RaftServerConfigKeys (ConfUtils.java:logGet(46)) - raft.server.storage.dir = [/home/runner/work/ratis/ratis/ratis-examples/target/test/data/da5193cb/MiniRaftClusterWithGrpca0a5e6cd/s4] (custom)
2024-12-14 12:24:43,071 INFO  storage.RaftStorageDirectory (RaftStorageDirectoryImpl.java:analyzeStorage(138)) - The storage directory /home/runner/work/ratis/ratis/ratis-examples/target/test/data/da5193cb/MiniRaftClusterWithGrpca0a5e6cd/s4/86d75030-f160-4ccc-af34-a5bb6eb0946f does not exist. Creating ...
2024-12-14 12:24:43,071 TRACE util.FileUtils (LogUtils.java:runAndLog(49)) - Successfully ran Files.createDirectories /home/runner/work/ratis/ratis/ratis-examples/target/test/data/da5193cb/MiniRaftClusterWithGrpca0a5e6cd/s4/86d75030-f160-4ccc-af34-a5bb6eb0946f
2024-12-14 12:24:43,072 INFO  storage.RaftStorageDirectory (RaftStorageDirectoryImpl.java:tryLock(229)) - Lock on /home/runner/work/ratis/ratis/ratis-examples/target/test/data/da5193cb/MiniRaftClusterWithGrpca0a5e6cd/s4/86d75030-f160-4ccc-af34-a5bb6eb0946f/in_use.lock acquired by nodename 14700@fv-az733-880
2024-12-14 12:24:43,072 TRACE util.FileUtils (LogUtils.java:runAndLog(49)) - Successfully ran Files.createDirectories /home/runner/work/ratis/ratis/ratis-examples/target/test/data/da5193cb/MiniRaftClusterWithGrpca0a5e6cd/s4/86d75030-f160-4ccc-af34-a5bb6eb0946f/current
2024-12-14 12:24:43,072 TRACE util.FileUtils (LogUtils.java:runAndLog(49)) - Successfully ran Files.createDirectories /home/runner/work/ratis/ratis/ratis-examples/target/test/data/da5193cb/MiniRaftClusterWithGrpca0a5e6cd/s4/86d75030-f160-4ccc-af34-a5bb6eb0946f/sm
2024-12-14 12:24:43,072 TRACE util.FileUtils (LogUtils.java:supplyAndLog(69)) - Successfully supplied FileChannel.open /home/runner/work/ratis/ratis/ratis-examples/target/test/data/da5193cb/MiniRaftClusterWithGrpca0a5e6cd/s4/86d75030-f160-4ccc-af34-a5bb6eb0946f/current/raft-meta.tmp with options [CREATE, WRITE]: sun.nio.ch.FileChannelImpl@ff84c0
2024-12-14 12:24:43,073 TRACE util.FileUtils (LogUtils.java:runAndLog(49)) - Successfully ran Atomic Files.move /home/runner/work/ratis/ratis/ratis-examples/target/test/data/da5193cb/MiniRaftClusterWithGrpca0a5e6cd/s4/86d75030-f160-4ccc-af34-a5bb6eb0946f/current/raft-meta.tmp to /home/runner/work/ratis/ratis/ratis-examples/target/test/data/da5193cb/MiniRaftClusterWithGrpca0a5e6cd/s4/86d75030-f160-4ccc-af34-a5bb6eb0946f/current/raft-meta with options [REPLACE_EXISTING]
2024-12-14 12:24:43,073 INFO  storage.RaftStorage (RaftStorageImpl.java:format(98)) - Storage directory /home/runner/work/ratis/ratis/ratis-examples/target/test/data/da5193cb/MiniRaftClusterWithGrpca0a5e6cd/s4/86d75030-f160-4ccc-af34-a5bb6eb0946f has been successfully formatted.
2024-12-14 12:24:43,073 WARN  statemachine.StateMachine (ArithmeticStateMachine.java:loadSnapshot(115)) - The snapshot info is null.
2024-12-14 12:24:43,073 INFO  server.RaftServerConfigKeys (ConfUtils.java:logGet(46)) - raft.server.log.use.memory = false (default)
2024-12-14 12:24:43,073 INFO  server.RaftServerConfigKeys (ConfUtils.java:logGet(46)) - raft.server.log.purge.gap = 1024 (default)
2024-12-14 12:24:43,073 INFO  server.RaftServerConfigKeys (ConfUtils.java:logGet(46)) - raft.server.log.appender.buffer.byte-limit = 4MB (=4194304) (default)
2024-12-14 12:24:43,073 INFO  server.RaftServerConfigKeys (ConfUtils.java:logGet(46)) - raft.server.log.statemachine.data.read.timeout = 1000ms (default)
2024-12-14 12:24:43,073 INFO  server.RaftServerConfigKeys (ConfUtils.java:logGet(46)) - raft.server.log.purge.preservation.log.num = 0 (default)
2024-12-14 12:24:43,074 INFO  server.RaftServerConfigKeys (ConfUtils.java:logGet(46)) - raft.server.log.segment.size.max = 32MB (=33554432) (default)
2024-12-14 12:24:43,074 INFO  server.RaftServerConfigKeys (ConfUtils.java:logGet(46)) - raft.server.log.segment.cache.num.max = 6 (default)
2024-12-14 12:24:43,074 INFO  server.RaftServerConfigKeys (ConfUtils.java:logGet(46)) - raft.server.log.segment.cache.size.max = 200MB (=209715200) (default)
2024-12-14 12:24:43,074 INFO  server.RaftServerConfigKeys (ConfUtils.java:logGet(46)) - raft.server.log.appender.buffer.byte-limit = 4MB (=4194304) (default)
2024-12-14 12:24:43,074 INFO  util.AwaitToRun (AwaitToRun.java:start(81)) - Thread[s4@group-A5BB6EB0946F-cacheEviction-AwaitToRun,5,main] started
2024-12-14 12:24:43,074 INFO  segmented.SegmentedRaftLogWorker (SegmentedRaftLogWorker.java:<init>(189)) - new s4@group-A5BB6EB0946F-SegmentedRaftLogWorker for RaftStorageImpl:Storage Directory /home/runner/work/ratis/ratis/ratis-examples/target/test/data/da5193cb/MiniRaftClusterWithGrpca0a5e6cd/s4/86d75030-f160-4ccc-af34-a5bb6eb0946f
2024-12-14 12:24:43,074 INFO  server.RaftServerConfigKeys (ConfUtils.java:logGet(46)) - raft.server.log.queue.byte-limit = 64MB (=67108864) (default)
2024-12-14 12:24:43,074 INFO  server.RaftServerConfigKeys (ConfUtils.java:logGet(46)) - raft.server.log.queue.element-limit = 4096 (default)
2024-12-14 12:24:43,074 INFO  server.RaftServerConfigKeys (ConfUtils.java:logGet(46)) - raft.server.log.segment.size.max = 32MB (=33554432) (default)
2024-12-14 12:24:43,074 INFO  server.RaftServerConfigKeys (ConfUtils.java:logGet(46)) - raft.server.log.preallocated.size = 4MB (=4194304) (default)
2024-12-14 12:24:43,074 INFO  server.RaftServerConfigKeys (ConfUtils.java:logGet(46)) - raft.server.log.force.sync.num = 128 (default)
2024-12-14 12:24:43,074 INFO  server.RaftServerConfigKeys (ConfUtils.java:logGet(46)) - raft.server.log.statemachine.data.sync = true (default)
2024-12-14 12:24:43,075 INFO  server.RaftServerConfigKeys (ConfUtils.java:logGet(46)) - raft.server.log.statemachine.data.sync.timeout = 10s (default)
2024-12-14 12:24:43,075 INFO  server.RaftServerConfigKeys (ConfUtils.java:logGet(46)) - raft.server.log.statemachine.data.sync.timeout.retry = -1 (default)
2024-12-14 12:24:43,075 INFO  server.RaftServerConfigKeys (ConfUtils.java:logGet(46)) - raft.server.log.write.buffer.size = 8MB (=8388608) (default)
2024-12-14 12:24:43,076 INFO  server.RaftServerConfigKeys (ConfUtils.java:logGet(46)) - raft.server.log.appender.buffer.byte-limit = 4MB (=4194304) (default)
2024-12-14 12:24:43,076 INFO  server.RaftServerConfigKeys (ConfUtils.java:logGet(46)) - raft.server.log.unsafe-flush.enabled = false (default)
2024-12-14 12:24:43,076 INFO  server.RaftServerConfigKeys (ConfUtils.java:logGet(46)) - raft.server.log.async-flush.enabled = false (default)
2024-12-14 12:24:43,076 INFO  server.RaftServerConfigKeys (ConfUtils.java:logGet(46)) - raft.server.log.statemachine.data.caching.enabled = false (default)
2024-12-14 12:24:43,077 INFO  segmented.SegmentedRaftLogWorker (SegmentedRaftLogWorker.java:lambda$new$0(140)) - s4@group-A5BB6EB0946F-SegmentedRaftLogWorker: flushIndex: setUnconditionally 0 -> -1
2024-12-14 12:24:43,077 INFO  segmented.SegmentedRaftLogWorker (SegmentedRaftLogWorker.java:lambda$new$0(140)) - s4@group-A5BB6EB0946F-SegmentedRaftLogWorker: safeCacheEvictIndex: setUnconditionally 0 -> -1
2024-12-14 12:24:43,077 INFO  server.RaftServer$Division (RaftServerImpl.java:start(392)) - s4@group-A5BB6EB0946F: start as a follower, conf=conf: {index: -1, cur=peers:[s4|0.0.0.0:15004, s5|0.0.0.0:15005, s6|0.0.0.0:15006]|listeners:[], old=null}
2024-12-14 12:24:43,077 INFO  server.RaftServer$Division (RaftServerImpl.java:setRole(379)) - s4@group-A5BB6EB0946F: changes role from      null to FOLLOWER at term 0 for startAsFollower
2024-12-14 12:24:43,077 INFO  impl.RoleInfo (RoleInfo.java:updateAndGet(148)) - s4: start s4@group-A5BB6EB0946F-FollowerState
2024-12-14 12:24:43,077 INFO  server.RaftServerConfigKeys (ConfUtils.java:logFallback(53)) - raft.server.rpc.first-election.timeout.min = 300ms (fallback to raft.server.rpc.timeout.min)
2024-12-14 12:24:43,077 INFO  server.RaftServerConfigKeys (ConfUtils.java:logFallback(53)) - raft.server.rpc.first-election.timeout.max = 600ms (fallback to raft.server.rpc.timeout.max)
2024-12-14 12:24:43,077 INFO  util.JmxRegister (JmxRegister.java:tryRegister(44)) - Successfully registered JMX Bean with object name Ratis:service=RaftServer,group=group-A5BB6EB0946F,id=s4
2024-12-14 12:24:43,077 INFO  util.JmxRegister (JmxRegister.java:register(58)) - register mxBean class org.apache.ratis.server.impl.RaftServerJmxAdapter as Ratis:service=RaftServer,group=group-A5BB6EB0946F,id=s4
2024-12-14 12:24:43,078 INFO  server.RaftServerConfigKeys (ConfUtils.java:logGet(46)) - raft.server.snapshot.trigger-when-stop.enabled = true (default)
2024-12-14 12:24:43,078 INFO  server.RaftServerConfigKeys (ConfUtils.java:logGet(46)) - raft.server.snapshot.trigger-when-remove.enabled = true (default)
2024-12-14 12:24:43,078 INFO  server.RaftServerConfigKeys (ConfUtils.java:logGet(46)) - raft.server.snapshot.auto.trigger.enabled = false (default)
2024-12-14 12:24:43,078 INFO  server.RaftServerConfigKeys (ConfUtils.java:logGet(46)) - raft.server.snapshot.retention.file.num = -1 (default)
2024-12-14 12:24:43,078 INFO  server.RaftServerConfigKeys (ConfUtils.java:logGet(46)) - raft.server.log.purge.upto.snapshot.index = false (default)
2024-12-14 12:24:43,078 INFO  server.RaftServer$Division (RaftServerImpl.java:start(406)) - s4@group-A5BB6EB0946F: Successfully started.
2024-12-14 12:24:43,095 INFO  server.RaftServer (RaftServerProxy.java:addNew(101)) - s5: addNew group-A5BB6EB0946F:[s4|0.0.0.0:15004, s5|0.0.0.0:15005, s6|0.0.0.0:15006] returns group-A5BB6EB0946F:java.util.concurrent.CompletableFuture@5ef8bd53[Not completed]
2024-12-14 12:24:43,095 INFO  server.RaftServer$Division (RaftServerImpl.java:<init>(256)) - s5: new RaftServerImpl for group-A5BB6EB0946F:[s4|0.0.0.0:15004, s5|0.0.0.0:15005, s6|0.0.0.0:15006] with ArithmeticStateMachine:uninitialized
2024-12-14 12:24:43,096 INFO  server.RaftServerConfigKeys (ConfUtils.java:logGet(46)) - raft.server.rpc.timeout.min = 300ms (custom)
2024-12-14 12:24:43,096 INFO  server.RaftServerConfigKeys (ConfUtils.java:logGet(46)) - raft.server.rpc.timeout.max = 600ms (custom)
2024-12-14 12:24:43,096 INFO  server.RaftServerConfigKeys (ConfUtils.java:logGet(46)) - raft.server.rpc.sleep.time = 25ms (default)
2024-12-14 12:24:43,096 INFO  server.RaftServerConfigKeys (ConfUtils.java:logGet(46)) - raft.server.rpc.slowness.timeout = 60s (default)
2024-12-14 12:24:43,096 INFO  server.RaftServerConfigKeys (ConfUtils.java:logGet(46)) - raft.server.leaderelection.leader.step-down.wait-time = 10s (default)
2024-12-14 12:24:43,096 INFO  server.RaftServerConfigKeys (ConfUtils.java:logGet(46)) - raft.server.leaderelection.member.majority-add = false (default)
2024-12-14 12:24:43,096 INFO  server.RaftServerConfigKeys (ConfUtils.java:logGet(46)) - raft.server.sleep.deviation.threshold = 300ms (default)
2024-12-14 12:24:43,096 INFO  server.RaftServer$Division (ServerState.java:<init>(114)) - s5@group-A5BB6EB0946F: ConfigurationManager, init=conf: {index: -1, cur=peers:[s4|0.0.0.0:15004, s5|0.0.0.0:15005, s6|0.0.0.0:15006]|listeners:[], old=null}, confs=<EMPTY_MAP>
2024-12-14 12:24:43,096 INFO  server.RaftServerConfigKeys (ConfUtils.java:logGet(46)) - raft.server.notification.no-leader.timeout = 60s (default)
2024-12-14 12:24:43,096 INFO  server.RaftServerConfigKeys (ConfUtils.java:logGet(46)) - raft.server.read.timeout = 10s (default)
2024-12-14 12:24:43,096 INFO  server.RaftServerConfigKeys (ConfUtils.java:logGet(46)) - raft.server.retrycache.expirytime = 60s (default)
2024-12-14 12:24:43,096 INFO  server.RaftServerConfigKeys (ConfUtils.java:logGet(46)) - raft.server.retrycache.statistics.expirytime = 100ms (default)
2024-12-14 12:24:43,096 INFO  server.RaftServerConfigKeys (ConfUtils.java:logGet(46)) - raft.server.read.option = DEFAULT (default)
2024-12-14 12:24:43,096 INFO  server.RaftServerConfigKeys (ConfUtils.java:logGet(46)) - raft.server.read.read-after-write-consistent.write-index-cache.expiry-time = 60s (default)
2024-12-14 12:24:43,097 INFO  server.RaftServerConfigKeys (ConfUtils.java:logGet(46)) - raft.server.rpc.request.timeout = 3000ms (default)
2024-12-14 12:24:43,097 INFO  server.RaftServerConfigKeys (ConfUtils.java:logGet(46)) - raft.server.log.appender.install.snapshot.enabled = true (default)
2024-12-14 12:24:43,097 INFO  server.RaftServerConfigKeys (ConfUtils.java:logGet(46)) - raft.server.threadpool.server.cached = true (default)
2024-12-14 12:24:43,097 INFO  server.RaftServerConfigKeys (ConfUtils.java:logGet(46)) - raft.server.threadpool.server.size = 0 (default)
2024-12-14 12:24:43,097 INFO  server.RaftServerConfigKeys (ConfUtils.java:logGet(46)) - raft.server.threadpool.client.cached = true (default)
2024-12-14 12:24:43,097 INFO  server.RaftServerConfigKeys (ConfUtils.java:logGet(46)) - raft.server.threadpool.client.size = 0 (default)
2024-12-14 12:24:43,097 INFO  server.RaftServerConfigKeys (ConfUtils.java:logGet(46)) - raft.server.storage.free-space.min = 0MB (=0) (default)
2024-12-14 12:24:43,097 INFO  server.RaftServerConfigKeys (ConfUtils.java:logGet(46)) - raft.server.log.corruption.policy = EXCEPTION (default)
2024-12-14 12:24:43,098 INFO  server.RaftServerConfigKeys (ConfUtils.java:logGet(46)) - raft.server.storage.dir = [/home/runner/work/ratis/ratis/ratis-examples/target/test/data/da5193cb/MiniRaftClusterWithGrpca0a5e6cd/s5] (custom)
2024-12-14 12:24:43,098 INFO  storage.RaftStorageDirectory (RaftStorageDirectoryImpl.java:analyzeStorage(138)) - The storage directory /home/runner/work/ratis/ratis/ratis-examples/target/test/data/da5193cb/MiniRaftClusterWithGrpca0a5e6cd/s5/86d75030-f160-4ccc-af34-a5bb6eb0946f does not exist. Creating ...
2024-12-14 12:24:43,098 TRACE util.FileUtils (LogUtils.java:runAndLog(49)) - Successfully ran Files.createDirectories /home/runner/work/ratis/ratis/ratis-examples/target/test/data/da5193cb/MiniRaftClusterWithGrpca0a5e6cd/s5/86d75030-f160-4ccc-af34-a5bb6eb0946f
2024-12-14 12:24:43,100 INFO  storage.RaftStorageDirectory (RaftStorageDirectoryImpl.java:tryLock(229)) - Lock on /home/runner/work/ratis/ratis/ratis-examples/target/test/data/da5193cb/MiniRaftClusterWithGrpca0a5e6cd/s5/86d75030-f160-4ccc-af34-a5bb6eb0946f/in_use.lock acquired by nodename 14700@fv-az733-880
2024-12-14 12:24:43,100 TRACE util.FileUtils (LogUtils.java:runAndLog(49)) - Successfully ran Files.createDirectories /home/runner/work/ratis/ratis/ratis-examples/target/test/data/da5193cb/MiniRaftClusterWithGrpca0a5e6cd/s5/86d75030-f160-4ccc-af34-a5bb6eb0946f/current
2024-12-14 12:24:43,100 TRACE util.FileUtils (LogUtils.java:runAndLog(49)) - Successfully ran Files.createDirectories /home/runner/work/ratis/ratis/ratis-examples/target/test/data/da5193cb/MiniRaftClusterWithGrpca0a5e6cd/s5/86d75030-f160-4ccc-af34-a5bb6eb0946f/sm
2024-12-14 12:24:43,100 TRACE util.FileUtils (LogUtils.java:supplyAndLog(69)) - Successfully supplied FileChannel.open /home/runner/work/ratis/ratis/ratis-examples/target/test/data/da5193cb/MiniRaftClusterWithGrpca0a5e6cd/s5/86d75030-f160-4ccc-af34-a5bb6eb0946f/current/raft-meta.tmp with options [CREATE, WRITE]: sun.nio.ch.FileChannelImpl@4f174786
2024-12-14 12:24:43,102 TRACE util.FileUtils (LogUtils.java:runAndLog(49)) - Successfully ran Atomic Files.move /home/runner/work/ratis/ratis/ratis-examples/target/test/data/da5193cb/MiniRaftClusterWithGrpca0a5e6cd/s5/86d75030-f160-4ccc-af34-a5bb6eb0946f/current/raft-meta.tmp to /home/runner/work/ratis/ratis/ratis-examples/target/test/data/da5193cb/MiniRaftClusterWithGrpca0a5e6cd/s5/86d75030-f160-4ccc-af34-a5bb6eb0946f/current/raft-meta with options [REPLACE_EXISTING]
2024-12-14 12:24:43,102 INFO  storage.RaftStorage (RaftStorageImpl.java:format(98)) - Storage directory /home/runner/work/ratis/ratis/ratis-examples/target/test/data/da5193cb/MiniRaftClusterWithGrpca0a5e6cd/s5/86d75030-f160-4ccc-af34-a5bb6eb0946f has been successfully formatted.
2024-12-14 12:24:43,102 WARN  statemachine.StateMachine (ArithmeticStateMachine.java:loadSnapshot(115)) - The snapshot info is null.
2024-12-14 12:24:43,102 INFO  server.RaftServerConfigKeys (ConfUtils.java:logGet(46)) - raft.server.log.use.memory = false (default)
2024-12-14 12:24:43,102 INFO  server.RaftServerConfigKeys (ConfUtils.java:logGet(46)) - raft.server.log.purge.gap = 1024 (default)
2024-12-14 12:24:43,102 INFO  server.RaftServerConfigKeys (ConfUtils.java:logGet(46)) - raft.server.log.appender.buffer.byte-limit = 4MB (=4194304) (default)
2024-12-14 12:24:43,102 INFO  server.RaftServerConfigKeys (ConfUtils.java:logGet(46)) - raft.server.log.statemachine.data.read.timeout = 1000ms (default)
2024-12-14 12:24:43,103 INFO  server.RaftServerConfigKeys (ConfUtils.java:logGet(46)) - raft.server.log.purge.preservation.log.num = 0 (default)
2024-12-14 12:24:43,103 INFO  server.RaftServerConfigKeys (ConfUtils.java:logGet(46)) - raft.server.log.segment.size.max = 32MB (=33554432) (default)
2024-12-14 12:24:43,103 INFO  server.RaftServerConfigKeys (ConfUtils.java:logGet(46)) - raft.server.log.segment.cache.num.max = 6 (default)
2024-12-14 12:24:43,103 INFO  server.RaftServerConfigKeys (ConfUtils.java:logGet(46)) - raft.server.log.segment.cache.size.max = 200MB (=209715200) (default)
2024-12-14 12:24:43,103 INFO  server.RaftServerConfigKeys (ConfUtils.java:logGet(46)) - raft.server.log.appender.buffer.byte-limit = 4MB (=4194304) (default)
2024-12-14 12:24:43,103 INFO  util.AwaitToRun (AwaitToRun.java:start(81)) - Thread[s5@group-A5BB6EB0946F-cacheEviction-AwaitToRun,5,main] started
2024-12-14 12:24:43,103 INFO  segmented.SegmentedRaftLogWorker (SegmentedRaftLogWorker.java:<init>(189)) - new s5@group-A5BB6EB0946F-SegmentedRaftLogWorker for RaftStorageImpl:Storage Directory /home/runner/work/ratis/ratis/ratis-examples/target/test/data/da5193cb/MiniRaftClusterWithGrpca0a5e6cd/s5/86d75030-f160-4ccc-af34-a5bb6eb0946f
2024-12-14 12:24:43,103 INFO  server.RaftServerConfigKeys (ConfUtils.java:logGet(46)) - raft.server.log.queue.byte-limit = 64MB (=67108864) (default)
2024-12-14 12:24:43,103 INFO  server.RaftServerConfigKeys (ConfUtils.java:logGet(46)) - raft.server.log.queue.element-limit = 4096 (default)
2024-12-14 12:24:43,103 INFO  server.RaftServerConfigKeys (ConfUtils.java:logGet(46)) - raft.server.log.segment.size.max = 32MB (=33554432) (default)
2024-12-14 12:24:43,103 INFO  server.RaftServerConfigKeys (ConfUtils.java:logGet(46)) - raft.server.log.preallocated.size = 4MB (=4194304) (default)
2024-12-14 12:24:43,104 INFO  server.RaftServerConfigKeys (ConfUtils.java:logGet(46)) - raft.server.log.force.sync.num = 128 (default)
2024-12-14 12:24:43,104 INFO  server.RaftServerConfigKeys (ConfUtils.java:logGet(46)) - raft.server.log.statemachine.data.sync = true (default)
2024-12-14 12:24:43,104 INFO  server.RaftServerConfigKeys (ConfUtils.java:logGet(46)) - raft.server.log.statemachine.data.sync.timeout = 10s (default)
2024-12-14 12:24:43,104 INFO  server.RaftServerConfigKeys (ConfUtils.java:logGet(46)) - raft.server.log.statemachine.data.sync.timeout.retry = -1 (default)
2024-12-14 12:24:43,104 INFO  server.RaftServerConfigKeys (ConfUtils.java:logGet(46)) - raft.server.log.write.buffer.size = 8MB (=8388608) (default)
2024-12-14 12:24:43,104 INFO  server.RaftServerConfigKeys (ConfUtils.java:logGet(46)) - raft.server.log.appender.buffer.byte-limit = 4MB (=4194304) (default)
2024-12-14 12:24:43,104 INFO  server.RaftServerConfigKeys (ConfUtils.java:logGet(46)) - raft.server.log.unsafe-flush.enabled = false (default)
2024-12-14 12:24:43,105 INFO  server.RaftServerConfigKeys (ConfUtils.java:logGet(46)) - raft.server.log.async-flush.enabled = false (default)
2024-12-14 12:24:43,105 INFO  server.RaftServerConfigKeys (ConfUtils.java:logGet(46)) - raft.server.log.statemachine.data.caching.enabled = false (default)
2024-12-14 12:24:43,105 INFO  segmented.SegmentedRaftLogWorker (SegmentedRaftLogWorker.java:lambda$new$0(140)) - s5@group-A5BB6EB0946F-SegmentedRaftLogWorker: flushIndex: setUnconditionally 0 -> -1
2024-12-14 12:24:43,105 INFO  segmented.SegmentedRaftLogWorker (SegmentedRaftLogWorker.java:lambda$new$0(140)) - s5@group-A5BB6EB0946F-SegmentedRaftLogWorker: safeCacheEvictIndex: setUnconditionally 0 -> -1
2024-12-14 12:24:43,105 INFO  server.RaftServer$Division (RaftServerImpl.java:start(392)) - s5@group-A5BB6EB0946F: start as a follower, conf=conf: {index: -1, cur=peers:[s4|0.0.0.0:15004, s5|0.0.0.0:15005, s6|0.0.0.0:15006]|listeners:[], old=null}
2024-12-14 12:24:43,105 INFO  server.RaftServer$Division (RaftServerImpl.java:setRole(379)) - s5@group-A5BB6EB0946F: changes role from      null to FOLLOWER at term 0 for startAsFollower
2024-12-14 12:24:43,105 INFO  impl.RoleInfo (RoleInfo.java:updateAndGet(148)) - s5: start s5@group-A5BB6EB0946F-FollowerState
2024-12-14 12:24:43,105 INFO  server.RaftServerConfigKeys (ConfUtils.java:logFallback(53)) - raft.server.rpc.first-election.timeout.min = 300ms (fallback to raft.server.rpc.timeout.min)
2024-12-14 12:24:43,105 INFO  util.JmxRegister (JmxRegister.java:tryRegister(44)) - Successfully registered JMX Bean with object name Ratis:service=RaftServer,group=group-A5BB6EB0946F,id=s5
2024-12-14 12:24:43,105 INFO  util.JmxRegister (JmxRegister.java:register(58)) - register mxBean class org.apache.ratis.server.impl.RaftServerJmxAdapter as Ratis:service=RaftServer,group=group-A5BB6EB0946F,id=s5
2024-12-14 12:24:43,106 INFO  server.RaftServerConfigKeys (ConfUtils.java:logGet(46)) - raft.server.snapshot.trigger-when-stop.enabled = true (default)
2024-12-14 12:24:43,106 INFO  server.RaftServerConfigKeys (ConfUtils.java:logGet(46)) - raft.server.snapshot.trigger-when-remove.enabled = true (default)
2024-12-14 12:24:43,106 INFO  server.RaftServerConfigKeys (ConfUtils.java:logGet(46)) - raft.server.snapshot.auto.trigger.enabled = false (default)
2024-12-14 12:24:43,106 INFO  server.RaftServerConfigKeys (ConfUtils.java:logGet(46)) - raft.server.snapshot.retention.file.num = -1 (default)
2024-12-14 12:24:43,106 INFO  server.RaftServerConfigKeys (ConfUtils.java:logGet(46)) - raft.server.log.purge.upto.snapshot.index = false (default)
2024-12-14 12:24:43,105 INFO  server.RaftServerConfigKeys (ConfUtils.java:logFallback(53)) - raft.server.rpc.first-election.timeout.max = 600ms (fallback to raft.server.rpc.timeout.max)
2024-12-14 12:24:43,106 INFO  server.RaftServer$Division (RaftServerImpl.java:start(406)) - s5@group-A5BB6EB0946F: Successfully started.
2024-12-14 12:24:43,131 INFO  server.RaftServer (RaftServerProxy.java:addNew(101)) - s6: addNew group-A5BB6EB0946F:[s4|0.0.0.0:15004, s5|0.0.0.0:15005, s6|0.0.0.0:15006] returns group-A5BB6EB0946F:java.util.concurrent.CompletableFuture@3828dfce[Not completed]
2024-12-14 12:24:43,131 INFO  server.RaftServer$Division (RaftServerImpl.java:<init>(256)) - s6: new RaftServerImpl for group-A5BB6EB0946F:[s4|0.0.0.0:15004, s5|0.0.0.0:15005, s6|0.0.0.0:15006] with ArithmeticStateMachine:uninitialized
2024-12-14 12:24:43,131 INFO  server.RaftServerConfigKeys (ConfUtils.java:logGet(46)) - raft.server.rpc.timeout.min = 300ms (custom)
2024-12-14 12:24:43,131 INFO  server.RaftServerConfigKeys (ConfUtils.java:logGet(46)) - raft.server.rpc.timeout.max = 600ms (custom)
2024-12-14 12:24:43,131 INFO  server.RaftServerConfigKeys (ConfUtils.java:logGet(46)) - raft.server.rpc.sleep.time = 25ms (default)
2024-12-14 12:24:43,132 INFO  server.RaftServerConfigKeys (ConfUtils.java:logGet(46)) - raft.server.rpc.slowness.timeout = 60s (default)
2024-12-14 12:24:43,132 INFO  server.RaftServerConfigKeys (ConfUtils.java:logGet(46)) - raft.server.leaderelection.leader.step-down.wait-time = 10s (default)
2024-12-14 12:24:43,132 INFO  server.RaftServerConfigKeys (ConfUtils.java:logGet(46)) - raft.server.leaderelection.member.majority-add = false (default)
2024-12-14 12:24:43,132 INFO  server.RaftServerConfigKeys (ConfUtils.java:logGet(46)) - raft.server.sleep.deviation.threshold = 300ms (default)
2024-12-14 12:24:43,132 INFO  server.RaftServer$Division (ServerState.java:<init>(114)) - s6@group-A5BB6EB0946F: ConfigurationManager, init=conf: {index: -1, cur=peers:[s4|0.0.0.0:15004, s5|0.0.0.0:15005, s6|0.0.0.0:15006]|listeners:[], old=null}, confs=<EMPTY_MAP>
2024-12-14 12:24:43,132 INFO  server.RaftServerConfigKeys (ConfUtils.java:logGet(46)) - raft.server.notification.no-leader.timeout = 60s (default)
2024-12-14 12:24:43,132 INFO  server.RaftServerConfigKeys (ConfUtils.java:logGet(46)) - raft.server.read.timeout = 10s (default)
2024-12-14 12:24:43,132 INFO  server.RaftServerConfigKeys (ConfUtils.java:logGet(46)) - raft.server.retrycache.expirytime = 60s (default)
2024-12-14 12:24:43,132 INFO  server.RaftServerConfigKeys (ConfUtils.java:logGet(46)) - raft.server.retrycache.statistics.expirytime = 100ms (default)
2024-12-14 12:24:43,132 INFO  server.RaftServerConfigKeys (ConfUtils.java:logGet(46)) - raft.server.read.option = DEFAULT (default)
2024-12-14 12:24:43,132 INFO  server.RaftServerConfigKeys (ConfUtils.java:logGet(46)) - raft.server.read.read-after-write-consistent.write-index-cache.expiry-time = 60s (default)
2024-12-14 12:24:43,133 INFO  server.RaftServerConfigKeys (ConfUtils.java:logGet(46)) - raft.server.rpc.request.timeout = 3000ms (default)
2024-12-14 12:24:43,133 INFO  server.RaftServerConfigKeys (ConfUtils.java:logGet(46)) - raft.server.log.appender.install.snapshot.enabled = true (default)
2024-12-14 12:24:43,133 INFO  server.RaftServerConfigKeys (ConfUtils.java:logGet(46)) - raft.server.threadpool.server.cached = true (default)
2024-12-14 12:24:43,133 INFO  server.RaftServerConfigKeys (ConfUtils.java:logGet(46)) - raft.server.threadpool.server.size = 0 (default)
2024-12-14 12:24:43,133 INFO  server.RaftServerConfigKeys (ConfUtils.java:logGet(46)) - raft.server.threadpool.client.cached = true (default)
2024-12-14 12:24:43,133 INFO  server.RaftServerConfigKeys (ConfUtils.java:logGet(46)) - raft.server.threadpool.client.size = 0 (default)
2024-12-14 12:24:43,133 INFO  server.RaftServerConfigKeys (ConfUtils.java:logGet(46)) - raft.server.storage.free-space.min = 0MB (=0) (default)
2024-12-14 12:24:43,133 INFO  server.RaftServerConfigKeys (ConfUtils.java:logGet(46)) - raft.server.log.corruption.policy = EXCEPTION (default)
2024-12-14 12:24:43,133 INFO  server.RaftServerConfigKeys (ConfUtils.java:logGet(46)) - raft.server.storage.dir = [/home/runner/work/ratis/ratis/ratis-examples/target/test/data/da5193cb/MiniRaftClusterWithGrpca0a5e6cd/s6] (custom)
2024-12-14 12:24:43,134 INFO  storage.RaftStorageDirectory (RaftStorageDirectoryImpl.java:analyzeStorage(138)) - The storage directory /home/runner/work/ratis/ratis/ratis-examples/target/test/data/da5193cb/MiniRaftClusterWithGrpca0a5e6cd/s6/86d75030-f160-4ccc-af34-a5bb6eb0946f does not exist. Creating ...
2024-12-14 12:24:43,134 TRACE util.FileUtils (LogUtils.java:runAndLog(49)) - Successfully ran Files.createDirectories /home/runner/work/ratis/ratis/ratis-examples/target/test/data/da5193cb/MiniRaftClusterWithGrpca0a5e6cd/s6/86d75030-f160-4ccc-af34-a5bb6eb0946f
2024-12-14 12:24:43,135 INFO  storage.RaftStorageDirectory (RaftStorageDirectoryImpl.java:tryLock(229)) - Lock on /home/runner/work/ratis/ratis/ratis-examples/target/test/data/da5193cb/MiniRaftClusterWithGrpca0a5e6cd/s6/86d75030-f160-4ccc-af34-a5bb6eb0946f/in_use.lock acquired by nodename 14700@fv-az733-880
2024-12-14 12:24:43,135 TRACE util.FileUtils (LogUtils.java:runAndLog(49)) - Successfully ran Files.createDirectories /home/runner/work/ratis/ratis/ratis-examples/target/test/data/da5193cb/MiniRaftClusterWithGrpca0a5e6cd/s6/86d75030-f160-4ccc-af34-a5bb6eb0946f/current
2024-12-14 12:24:43,135 TRACE util.FileUtils (LogUtils.java:runAndLog(49)) - Successfully ran Files.createDirectories /home/runner/work/ratis/ratis/ratis-examples/target/test/data/da5193cb/MiniRaftClusterWithGrpca0a5e6cd/s6/86d75030-f160-4ccc-af34-a5bb6eb0946f/sm
2024-12-14 12:24:43,135 TRACE util.FileUtils (LogUtils.java:supplyAndLog(69)) - Successfully supplied FileChannel.open /home/runner/work/ratis/ratis/ratis-examples/target/test/data/da5193cb/MiniRaftClusterWithGrpca0a5e6cd/s6/86d75030-f160-4ccc-af34-a5bb6eb0946f/current/raft-meta.tmp with options [CREATE, WRITE]: sun.nio.ch.FileChannelImpl@7f08da56
2024-12-14 12:24:43,136 TRACE util.FileUtils (LogUtils.java:runAndLog(49)) - Successfully ran Atomic Files.move /home/runner/work/ratis/ratis/ratis-examples/target/test/data/da5193cb/MiniRaftClusterWithGrpca0a5e6cd/s6/86d75030-f160-4ccc-af34-a5bb6eb0946f/current/raft-meta.tmp to /home/runner/work/ratis/ratis/ratis-examples/target/test/data/da5193cb/MiniRaftClusterWithGrpca0a5e6cd/s6/86d75030-f160-4ccc-af34-a5bb6eb0946f/current/raft-meta with options [REPLACE_EXISTING]
2024-12-14 12:24:43,136 INFO  storage.RaftStorage (RaftStorageImpl.java:format(98)) - Storage directory /home/runner/work/ratis/ratis/ratis-examples/target/test/data/da5193cb/MiniRaftClusterWithGrpca0a5e6cd/s6/86d75030-f160-4ccc-af34-a5bb6eb0946f has been successfully formatted.
2024-12-14 12:24:43,137 WARN  statemachine.StateMachine (ArithmeticStateMachine.java:loadSnapshot(115)) - The snapshot info is null.
2024-12-14 12:24:43,137 INFO  server.RaftServerConfigKeys (ConfUtils.java:logGet(46)) - raft.server.log.use.memory = false (default)
2024-12-14 12:24:43,137 INFO  server.RaftServerConfigKeys (ConfUtils.java:logGet(46)) - raft.server.log.purge.gap = 1024 (default)
2024-12-14 12:24:43,137 INFO  server.RaftServerConfigKeys (ConfUtils.java:logGet(46)) - raft.server.log.appender.buffer.byte-limit = 4MB (=4194304) (default)
2024-12-14 12:24:43,137 INFO  server.RaftServerConfigKeys (ConfUtils.java:logGet(46)) - raft.server.log.statemachine.data.read.timeout = 1000ms (default)
2024-12-14 12:24:43,137 INFO  server.RaftServerConfigKeys (ConfUtils.java:logGet(46)) - raft.server.log.purge.preservation.log.num = 0 (default)
2024-12-14 12:24:43,137 INFO  server.RaftServerConfigKeys (ConfUtils.java:logGet(46)) - raft.server.log.segment.size.max = 32MB (=33554432) (default)
2024-12-14 12:24:43,137 INFO  server.RaftServerConfigKeys (ConfUtils.java:logGet(46)) - raft.server.log.segment.cache.num.max = 6 (default)
2024-12-14 12:24:43,138 INFO  server.RaftServerConfigKeys (ConfUtils.java:logGet(46)) - raft.server.log.segment.cache.size.max = 200MB (=209715200) (default)
2024-12-14 12:24:43,138 INFO  server.RaftServerConfigKeys (ConfUtils.java:logGet(46)) - raft.server.log.appender.buffer.byte-limit = 4MB (=4194304) (default)
2024-12-14 12:24:43,138 INFO  util.AwaitToRun (AwaitToRun.java:start(81)) - Thread[s6@group-A5BB6EB0946F-cacheEviction-AwaitToRun,5,main] started
2024-12-14 12:24:43,138 INFO  segmented.SegmentedRaftLogWorker (SegmentedRaftLogWorker.java:<init>(189)) - new s6@group-A5BB6EB0946F-SegmentedRaftLogWorker for RaftStorageImpl:Storage Directory /home/runner/work/ratis/ratis/ratis-examples/target/test/data/da5193cb/MiniRaftClusterWithGrpca0a5e6cd/s6/86d75030-f160-4ccc-af34-a5bb6eb0946f
2024-12-14 12:24:43,138 INFO  server.RaftServerConfigKeys (ConfUtils.java:logGet(46)) - raft.server.log.queue.byte-limit = 64MB (=67108864) (default)
2024-12-14 12:24:43,138 INFO  server.RaftServerConfigKeys (ConfUtils.java:logGet(46)) - raft.server.log.queue.element-limit = 4096 (default)
2024-12-14 12:24:43,138 INFO  server.RaftServerConfigKeys (ConfUtils.java:logGet(46)) - raft.server.log.segment.size.max = 32MB (=33554432) (default)
2024-12-14 12:24:43,138 INFO  server.RaftServerConfigKeys (ConfUtils.java:logGet(46)) - raft.server.log.preallocated.size = 4MB (=4194304) (default)
2024-12-14 12:24:43,138 INFO  server.RaftServerConfigKeys (ConfUtils.java:logGet(46)) - raft.server.log.force.sync.num = 128 (default)
2024-12-14 12:24:43,138 INFO  server.RaftServerConfigKeys (ConfUtils.java:logGet(46)) - raft.server.log.statemachine.data.sync = true (default)
2024-12-14 12:24:43,138 INFO  server.RaftServerConfigKeys (ConfUtils.java:logGet(46)) - raft.server.log.statemachine.data.sync.timeout = 10s (default)
2024-12-14 12:24:43,138 INFO  server.RaftServerConfigKeys (ConfUtils.java:logGet(46)) - raft.server.log.statemachine.data.sync.timeout.retry = -1 (default)
2024-12-14 12:24:43,139 INFO  server.RaftServerConfigKeys (ConfUtils.java:logGet(46)) - raft.server.log.write.buffer.size = 8MB (=8388608) (default)
2024-12-14 12:24:43,139 INFO  server.RaftServerConfigKeys (ConfUtils.java:logGet(46)) - raft.server.log.appender.buffer.byte-limit = 4MB (=4194304) (default)
2024-12-14 12:24:43,139 INFO  server.RaftServerConfigKeys (ConfUtils.java:logGet(46)) - raft.server.log.unsafe-flush.enabled = false (default)
2024-12-14 12:24:43,139 INFO  server.RaftServerConfigKeys (ConfUtils.java:logGet(46)) - raft.server.log.async-flush.enabled = false (default)
2024-12-14 12:24:43,139 INFO  server.RaftServerConfigKeys (ConfUtils.java:logGet(46)) - raft.server.log.statemachine.data.caching.enabled = false (default)
2024-12-14 12:24:43,139 INFO  segmented.SegmentedRaftLogWorker (SegmentedRaftLogWorker.java:lambda$new$0(140)) - s6@group-A5BB6EB0946F-SegmentedRaftLogWorker: flushIndex: setUnconditionally 0 -> -1
2024-12-14 12:24:43,140 INFO  segmented.SegmentedRaftLogWorker (SegmentedRaftLogWorker.java:lambda$new$0(140)) - s6@group-A5BB6EB0946F-SegmentedRaftLogWorker: safeCacheEvictIndex: setUnconditionally 0 -> -1
2024-12-14 12:24:43,140 INFO  server.RaftServer$Division (RaftServerImpl.java:start(392)) - s6@group-A5BB6EB0946F: start as a follower, conf=conf: {index: -1, cur=peers:[s4|0.0.0.0:15004, s5|0.0.0.0:15005, s6|0.0.0.0:15006]|listeners:[], old=null}
2024-12-14 12:24:43,140 INFO  server.RaftServer$Division (RaftServerImpl.java:setRole(379)) - s6@group-A5BB6EB0946F: changes role from      null to FOLLOWER at term 0 for startAsFollower
2024-12-14 12:24:43,140 INFO  impl.RoleInfo (RoleInfo.java:updateAndGet(148)) - s6: start s6@group-A5BB6EB0946F-FollowerState
2024-12-14 12:24:43,140 INFO  server.RaftServerConfigKeys (ConfUtils.java:logFallback(53)) - raft.server.rpc.first-election.timeout.min = 300ms (fallback to raft.server.rpc.timeout.min)
2024-12-14 12:24:43,140 INFO  util.JmxRegister (JmxRegister.java:tryRegister(44)) - Successfully registered JMX Bean with object name Ratis:service=RaftServer,group=group-A5BB6EB0946F,id=s6
2024-12-14 12:24:43,140 INFO  util.JmxRegister (JmxRegister.java:register(58)) - register mxBean class org.apache.ratis.server.impl.RaftServerJmxAdapter as Ratis:service=RaftServer,group=group-A5BB6EB0946F,id=s6
2024-12-14 12:24:43,140 INFO  server.RaftServerConfigKeys (ConfUtils.java:logFallback(53)) - raft.server.rpc.first-election.timeout.max = 600ms (fallback to raft.server.rpc.timeout.max)
2024-12-14 12:24:43,140 INFO  server.RaftServerConfigKeys (ConfUtils.java:logGet(46)) - raft.server.snapshot.trigger-when-stop.enabled = true (default)
2024-12-14 12:24:43,140 INFO  server.RaftServerConfigKeys (ConfUtils.java:logGet(46)) - raft.server.snapshot.trigger-when-remove.enabled = true (default)
2024-12-14 12:24:43,140 INFO  server.RaftServerConfigKeys (ConfUtils.java:logGet(46)) - raft.server.snapshot.auto.trigger.enabled = false (default)
2024-12-14 12:24:43,141 INFO  server.RaftServerConfigKeys (ConfUtils.java:logGet(46)) - raft.server.snapshot.retention.file.num = -1 (default)
2024-12-14 12:24:43,141 INFO  server.RaftServerConfigKeys (ConfUtils.java:logGet(46)) - raft.server.log.purge.upto.snapshot.index = false (default)
2024-12-14 12:24:43,141 INFO  server.RaftServer$Division (RaftServerImpl.java:start(406)) - s6@group-A5BB6EB0946F: Successfully started.
2024-12-14 12:24:43,146 INFO  server.RaftServerConfigKeys (ConfUtils.java:logGet(46)) - raft.server.rpc.timeout.max = 600ms (custom)
2024-12-14 12:24:43,148 INFO  ratis.RaftTestUtil (RaftTestUtil.java:waitForLeader(107)) - printing group-A5BB6EB0946F
  s4:  RUNNING [
   FOLLOWER s4@group-A5BB6EB0946F:t0, leader=null, voted=, raftlog=Memoized:s4@group-A5BB6EB0946F-SegmentedRaftLog:OPENED:c-1:lastnull, conf=conf: {index: -1, cur=peers:[s4|0.0.0.0:15004, s5|0.0.0.0:15005, s6|0.0.0.0:15006]|listeners:[], old=null} RUNNING
   FOLLOWER s4@group-40388BE3F4D5:t0, leader=null, voted=, raftlog=Memoized:s4@group-40388BE3F4D5-SegmentedRaftLog:OPENED:c-1:lastnull, conf=conf: {index: -1, cur=peers:[]|listeners:[], old=null} STARTING] size=2
  s5:  RUNNING [
   FOLLOWER s5@group-A5BB6EB0946F:t0, leader=null, voted=, raftlog=Memoized:s5@group-A5BB6EB0946F-SegmentedRaftLog:OPENED:c-1:lastnull, conf=conf: {index: -1, cur=peers:[s4|0.0.0.0:15004, s5|0.0.0.0:15005, s6|0.0.0.0:15006]|listeners:[], old=null} RUNNING
   FOLLOWER s5@group-40388BE3F4D5:t0, leader=null, voted=, raftlog=Memoized:s5@group-40388BE3F4D5-SegmentedRaftLog:OPENED:c-1:lastnull, conf=conf: {index: -1, cur=peers:[]|listeners:[], old=null} STARTING] size=2
  s6:  RUNNING [
   FOLLOWER s6@group-A5BB6EB0946F:t0, leader=null, voted=, raftlog=Memoized:s6@group-A5BB6EB0946F-SegmentedRaftLog:OPENED:c-1:lastnull, conf=conf: {index: -1, cur=peers:[s4|0.0.0.0:15004, s5|0.0.0.0:15005, s6|0.0.0.0:15006]|listeners:[], old=null} RUNNING
   FOLLOWER s6@group-40388BE3F4D5:t0, leader=null, voted=, raftlog=Memoized:s6@group-40388BE3F4D5-SegmentedRaftLog:OPENED:c-1:lastnull, conf=conf: {index: -1, cur=peers:[]|listeners:[], old=null} STARTING] size=2
2024-12-14 12:24:43,148 WARN  ratis.RaftTestUtil (RaftTestUtil.java:lambda$waitForLeader$3(126)) - Attempt #1 failed: java.lang.IllegalStateException: No leader yet  for group-A5BB6EB0946F: printing group-A5BB6EB0946F
  s4:  RUNNING [
   FOLLOWER s4@group-A5BB6EB0946F:t0, leader=null, voted=, raftlog=Memoized:s4@group-A5BB6EB0946F-SegmentedRaftLog:OPENED:c-1:lastnull, conf=conf: {index: -1, cur=peers:[s4|0.0.0.0:15004, s5|0.0.0.0:15005, s6|0.0.0.0:15006]|listeners:[], old=null} RUNNING
   FOLLOWER s4@group-40388BE3F4D5:t0, leader=null, voted=, raftlog=Memoized:s4@group-40388BE3F4D5-SegmentedRaftLog:OPENED:c-1:lastnull, conf=conf: {index: -1, cur=peers:[]|listeners:[], old=null} STARTING] size=2
  s5:  RUNNING [
   FOLLOWER s5@group-A5BB6EB0946F:t0, leader=null, voted=, raftlog=Memoized:s5@group-A5BB6EB0946F-SegmentedRaftLog:OPENED:c-1:lastnull, conf=conf: {index: -1, cur=peers:[s4|0.0.0.0:15004, s5|0.0.0.0:15005, s6|0.0.0.0:15006]|listeners:[], old=null} RUNNING
   FOLLOWER s5@group-40388BE3F4D5:t0, leader=null, voted=, raftlog=Memoized:s5@group-40388BE3F4D5-SegmentedRaftLog:OPENED:c-1:lastnull, conf=conf: {index: -1, cur=peers:[]|listeners:[], old=null} STARTING] size=2
  s6:  RUNNING [
   FOLLOWER s6@group-A5BB6EB0946F:t0, leader=null, voted=, raftlog=Memoized:s6@group-A5BB6EB0946F-SegmentedRaftLog:OPENED:c-1:lastnull, conf=conf: {index: -1, cur=peers:[s4|0.0.0.0:15004, s5|0.0.0.0:15005, s6|0.0.0.0:15006]|listeners:[], old=null} RUNNING
   FOLLOWER s6@group-40388BE3F4D5:t0, leader=null, voted=, raftlog=Memoized:s6@group-40388BE3F4D5-SegmentedRaftLog:OPENED:c-1:lastnull, conf=conf: {index: -1, cur=peers:[]|listeners:[], old=null} STARTING] size=2
2024-12-14 12:24:43,423 INFO  impl.FollowerState (FollowerState.java:runImpl(161)) - s5@group-A5BB6EB0946F-FollowerState: change to CANDIDATE, lastRpcElapsedTime:317990376ns, electionTimeout:317ms
2024-12-14 12:24:43,424 INFO  impl.RoleInfo (RoleInfo.java:shutdownFollowerState(121)) - s5: shutdown s5@group-A5BB6EB0946F-FollowerState
2024-12-14 12:24:43,424 INFO  server.RaftServer$Division (RaftServerImpl.java:setRole(379)) - s5@group-A5BB6EB0946F: changes role from  FOLLOWER to CANDIDATE at term 0 for changeToCandidate
2024-12-14 12:24:43,424 INFO  server.RaftServerConfigKeys (ConfUtils.java:logGet(46)) - raft.server.leaderelection.pre-vote = true (default)
2024-12-14 12:24:43,424 INFO  impl.RoleInfo (RoleInfo.java:updateAndGet(148)) - s5: start s5@group-A5BB6EB0946F-LeaderElection15
2024-12-14 12:24:43,425 INFO  impl.LeaderElection (LeaderElection.java:askForVotes(332)) - s5@group-A5BB6EB0946F-LeaderElection15 PRE_VOTE round 0: submit vote requests at term 0 for conf: {index: -1, cur=peers:[s4|0.0.0.0:15004, s5|0.0.0.0:15005, s6|0.0.0.0:15006]|listeners:[], old=null}
2024-12-14 12:24:43,426 INFO  server.RaftServerConfigKeys (ConfUtils.java:logFallback(53)) - raft.server.rpc.first-election.timeout.min = 300ms (fallback to raft.server.rpc.timeout.min)
2024-12-14 12:24:43,426 INFO  server.GrpcServerProtocolClient (GrpcServerProtocolClient.java:<init>(65)) - Build channel for s6|0.0.0.0:15006
2024-12-14 12:24:43,426 INFO  server.RaftServerConfigKeys (ConfUtils.java:logFallback(53)) - raft.server.rpc.first-election.timeout.max = 600ms (fallback to raft.server.rpc.timeout.max)
2024-12-14 12:24:43,426 INFO  server.GrpcServerProtocolClient (GrpcServerProtocolClient.java:<init>(65)) - Build channel for s4|0.0.0.0:15004
2024-12-14 12:24:43,434 INFO  server.RaftServer$Division (RaftServerImpl.java:requestVote(1452)) - s6@group-A5BB6EB0946F: receive requestVote(PRE_VOTE, s5, group-A5BB6EB0946F, 0, (t:0, i:0))
2024-12-14 12:24:43,435 INFO  impl.VoteContext (VoteContext.java:log(49)) - s6@group-A5BB6EB0946F-FOLLOWER: accept PRE_VOTE from s5: our priority 0 <= candidate's priority 0
2024-12-14 12:24:43,435 INFO  server.RaftServer$Division (RaftServerImpl.java:requestVote(1486)) - s6@group-A5BB6EB0946F replies to PRE_VOTE vote request: s5<-s6#0:OK-t0. Peer's state: s6@group-A5BB6EB0946F:t0, leader=null, voted=, raftlog=Memoized:s6@group-A5BB6EB0946F-SegmentedRaftLog:OPENED:c-1:lastnull, conf=conf: {index: -1, cur=peers:[s4|0.0.0.0:15004, s5|0.0.0.0:15005, s6|0.0.0.0:15006]|listeners:[], old=null}
2024-12-14 12:24:43,436 INFO  server.RaftServer$Division (RaftServerImpl.java:requestVote(1452)) - s4@group-A5BB6EB0946F: receive requestVote(PRE_VOTE, s5, group-A5BB6EB0946F, 0, (t:0, i:0))
2024-12-14 12:24:43,436 INFO  impl.VoteContext (VoteContext.java:log(49)) - s4@group-A5BB6EB0946F-FOLLOWER: accept PRE_VOTE from s5: our priority 0 <= candidate's priority 0
2024-12-14 12:24:43,436 INFO  server.RaftServer$Division (RaftServerImpl.java:requestVote(1486)) - s4@group-A5BB6EB0946F replies to PRE_VOTE vote request: s5<-s4#0:OK-t0. Peer's state: s4@group-A5BB6EB0946F:t0, leader=null, voted=, raftlog=Memoized:s4@group-A5BB6EB0946F-SegmentedRaftLog:OPENED:c-1:lastnull, conf=conf: {index: -1, cur=peers:[s4|0.0.0.0:15004, s5|0.0.0.0:15005, s6|0.0.0.0:15006]|listeners:[], old=null}
2024-12-14 12:24:43,437 INFO  impl.LeaderElection (LeaderElection.java:logAndReturn(90)) - s5@group-A5BB6EB0946F-LeaderElection15: PRE_VOTE PASSED received 1 response(s) and 0 exception(s):
2024-12-14 12:24:43,437 INFO  impl.LeaderElection (LeaderElection.java:logAndReturn(94)) -   Response 0: s5<-s6#0:OK-t0
2024-12-14 12:24:43,437 INFO  impl.LeaderElection (LeaderElection.java:askForVotes(334)) - s5@group-A5BB6EB0946F-LeaderElection15 PRE_VOTE round 0: result PASSED
2024-12-14 12:24:43,437 TRACE util.FileUtils (LogUtils.java:supplyAndLog(69)) - Successfully supplied FileChannel.open /home/runner/work/ratis/ratis/ratis-examples/target/test/data/da5193cb/MiniRaftClusterWithGrpca0a5e6cd/s5/86d75030-f160-4ccc-af34-a5bb6eb0946f/current/raft-meta.tmp with options [CREATE, WRITE]: sun.nio.ch.FileChannelImpl@6b8b55b4
2024-12-14 12:24:43,439 TRACE util.FileUtils (LogUtils.java:runAndLog(49)) - Successfully ran Atomic Files.move /home/runner/work/ratis/ratis/ratis-examples/target/test/data/da5193cb/MiniRaftClusterWithGrpca0a5e6cd/s5/86d75030-f160-4ccc-af34-a5bb6eb0946f/current/raft-meta.tmp to /home/runner/work/ratis/ratis/ratis-examples/target/test/data/da5193cb/MiniRaftClusterWithGrpca0a5e6cd/s5/86d75030-f160-4ccc-af34-a5bb6eb0946f/current/raft-meta with options [REPLACE_EXISTING]
2024-12-14 12:24:43,439 INFO  impl.LeaderElection (LeaderElection.java:askForVotes(332)) - s5@group-A5BB6EB0946F-LeaderElection15 ELECTION round 0: submit vote requests at term 1 for conf: {index: -1, cur=peers:[s4|0.0.0.0:15004, s5|0.0.0.0:15005, s6|0.0.0.0:15006]|listeners:[], old=null}
2024-12-14 12:24:43,439 INFO  server.RaftServerConfigKeys (ConfUtils.java:logFallback(53)) - raft.server.rpc.first-election.timeout.min = 300ms (fallback to raft.server.rpc.timeout.min)
2024-12-14 12:24:43,439 INFO  server.RaftServerConfigKeys (ConfUtils.java:logFallback(53)) - raft.server.rpc.first-election.timeout.max = 600ms (fallback to raft.server.rpc.timeout.max)
2024-12-14 12:24:43,440 INFO  server.RaftServer$Division (RaftServerImpl.java:requestVote(1452)) - s4@group-A5BB6EB0946F: receive requestVote(ELECTION, s5, group-A5BB6EB0946F, 1, (t:0, i:0))
2024-12-14 12:24:43,440 INFO  impl.VoteContext (VoteContext.java:log(49)) - s4@group-A5BB6EB0946F-FOLLOWER: accept ELECTION from s5: our priority 0 <= candidate's priority 0
2024-12-14 12:24:43,441 INFO  server.RaftServer$Division (RaftServerImpl.java:setRole(379)) - s4@group-A5BB6EB0946F: changes role from  FOLLOWER to FOLLOWER at term 0 for candidate:s5
2024-12-14 12:24:43,441 INFO  impl.RoleInfo (RoleInfo.java:shutdownFollowerState(121)) - s4: shutdown s4@group-A5BB6EB0946F-FollowerState
2024-12-14 12:24:43,441 INFO  impl.FollowerState (FollowerState.java:runImpl(170)) - s4@group-A5BB6EB0946F-FollowerState was interrupted
2024-12-14 12:24:43,441 INFO  impl.RoleInfo (RoleInfo.java:updateAndGet(148)) - s4: start s4@group-A5BB6EB0946F-FollowerState
2024-12-14 12:24:43,442 INFO  server.RaftServer$Division (RaftServerImpl.java:setFirstElection(563)) - s4@group-A5BB6EB0946F: set firstElectionSinceStartup to false for candidate:s5
2024-12-14 12:24:43,442 TRACE util.FileUtils (LogUtils.java:supplyAndLog(69)) - Successfully supplied FileChannel.open /home/runner/work/ratis/ratis/ratis-examples/target/test/data/da5193cb/MiniRaftClusterWithGrpca0a5e6cd/s4/86d75030-f160-4ccc-af34-a5bb6eb0946f/current/raft-meta.tmp with options [CREATE, WRITE]: sun.nio.ch.FileChannelImpl@6d8f9c92
2024-12-14 12:24:43,443 INFO  server.RaftServer$Division (RaftServerImpl.java:requestVote(1452)) - s6@group-A5BB6EB0946F: receive requestVote(ELECTION, s5, group-A5BB6EB0946F, 1, (t:0, i:0))
2024-12-14 12:24:43,443 INFO  impl.VoteContext (VoteContext.java:log(49)) - s6@group-A5BB6EB0946F-FOLLOWER: accept ELECTION from s5: our priority 0 <= candidate's priority 0
2024-12-14 12:24:43,443 INFO  server.RaftServer$Division (RaftServerImpl.java:setRole(379)) - s6@group-A5BB6EB0946F: changes role from  FOLLOWER to FOLLOWER at term 0 for candidate:s5
2024-12-14 12:24:43,443 INFO  impl.RoleInfo (RoleInfo.java:shutdownFollowerState(121)) - s6: shutdown s6@group-A5BB6EB0946F-FollowerState
2024-12-14 12:24:43,443 INFO  impl.FollowerState (FollowerState.java:runImpl(170)) - s6@group-A5BB6EB0946F-FollowerState was interrupted
2024-12-14 12:24:43,444 TRACE util.FileUtils (LogUtils.java:runAndLog(49)) - Successfully ran Atomic Files.move /home/runner/work/ratis/ratis/ratis-examples/target/test/data/da5193cb/MiniRaftClusterWithGrpca0a5e6cd/s4/86d75030-f160-4ccc-af34-a5bb6eb0946f/current/raft-meta.tmp to /home/runner/work/ratis/ratis/ratis-examples/target/test/data/da5193cb/MiniRaftClusterWithGrpca0a5e6cd/s4/86d75030-f160-4ccc-af34-a5bb6eb0946f/current/raft-meta with options [REPLACE_EXISTING]
2024-12-14 12:24:43,444 INFO  impl.RoleInfo (RoleInfo.java:updateAndGet(148)) - s6: start s6@group-A5BB6EB0946F-FollowerState
2024-12-14 12:24:43,445 INFO  server.RaftServer$Division (RaftServerImpl.java:requestVote(1486)) - s4@group-A5BB6EB0946F replies to ELECTION vote request: s5<-s4#0:OK-t1. Peer's state: s4@group-A5BB6EB0946F:t1, leader=null, voted=s5, raftlog=Memoized:s4@group-A5BB6EB0946F-SegmentedRaftLog:OPENED:c-1:lastnull, conf=conf: {index: -1, cur=peers:[s4|0.0.0.0:15004, s5|0.0.0.0:15005, s6|0.0.0.0:15006]|listeners:[], old=null}
2024-12-14 12:24:43,445 INFO  server.RaftServer$Division (RaftServerImpl.java:setFirstElection(563)) - s6@group-A5BB6EB0946F: set firstElectionSinceStartup to false for candidate:s5
2024-12-14 12:24:43,445 TRACE util.FileUtils (LogUtils.java:supplyAndLog(69)) - Successfully supplied FileChannel.open /home/runner/work/ratis/ratis/ratis-examples/target/test/data/da5193cb/MiniRaftClusterWithGrpca0a5e6cd/s6/86d75030-f160-4ccc-af34-a5bb6eb0946f/current/raft-meta.tmp with options [CREATE, WRITE]: sun.nio.ch.FileChannelImpl@1e4188a8
2024-12-14 12:24:43,446 INFO  impl.LeaderElection (LeaderElection.java:logAndReturn(90)) - s5@group-A5BB6EB0946F-LeaderElection15: ELECTION PASSED received 1 response(s) and 0 exception(s):
2024-12-14 12:24:43,446 INFO  impl.LeaderElection (LeaderElection.java:logAndReturn(94)) -   Response 0: s5<-s4#0:OK-t1
2024-12-14 12:24:43,446 INFO  impl.LeaderElection (LeaderElection.java:askForVotes(334)) - s5@group-A5BB6EB0946F-LeaderElection15 ELECTION round 0: result PASSED
2024-12-14 12:24:43,446 INFO  impl.RoleInfo (RoleInfo.java:shutdownLeaderElection(141)) - s5: shutdown s5@group-A5BB6EB0946F-LeaderElection15
2024-12-14 12:24:43,446 INFO  server.RaftServer$Division (RaftServerImpl.java:setRole(379)) - s5@group-A5BB6EB0946F: changes role from CANDIDATE to LEADER at term 1 for changeToLeader
2024-12-14 12:24:43,446 INFO  server.RaftServerConfigKeys (ConfUtils.java:logGet(46)) - raft.server.staging.catchup.gap = 1000 (default)
2024-12-14 12:24:43,446 INFO  server.RaftServerConfigKeys (ConfUtils.java:logGet(46)) - raft.server.write.element-limit = 4096 (default)
2024-12-14 12:24:43,446 INFO  server.RaftServerConfigKeys (ConfUtils.java:logGet(46)) - raft.server.write.byte-limit = 64MB (=67108864) (default)
2024-12-14 12:24:43,446 INFO  server.RaftServerConfigKeys (ConfUtils.java:logGet(46)) - raft.server.watch.timeout = 10s (default)
2024-12-14 12:24:43,446 INFO  server.RaftServerConfigKeys (ConfUtils.java:logGet(46)) - raft.server.watch.timeout.denomination = 1s (default)
2024-12-14 12:24:43,446 TRACE util.FileUtils (LogUtils.java:runAndLog(49)) - Successfully ran Atomic Files.move /home/runner/work/ratis/ratis/ratis-examples/target/test/data/da5193cb/MiniRaftClusterWithGrpca0a5e6cd/s6/86d75030-f160-4ccc-af34-a5bb6eb0946f/current/raft-meta.tmp to /home/runner/work/ratis/ratis/ratis-examples/target/test/data/da5193cb/MiniRaftClusterWithGrpca0a5e6cd/s6/86d75030-f160-4ccc-af34-a5bb6eb0946f/current/raft-meta with options [REPLACE_EXISTING]
2024-12-14 12:24:43,446 INFO  server.RaftServer$Division (RaftServerImpl.java:requestVote(1486)) - s6@group-A5BB6EB0946F replies to ELECTION vote request: s5<-s6#0:OK-t1. Peer's state: s6@group-A5BB6EB0946F:t1, leader=null, voted=s5, raftlog=Memoized:s6@group-A5BB6EB0946F-SegmentedRaftLog:OPENED:c-1:lastnull, conf=conf: {index: -1, cur=peers:[s4|0.0.0.0:15004, s5|0.0.0.0:15005, s6|0.0.0.0:15006]|listeners:[], old=null}
2024-12-14 12:24:43,446 INFO  server.RaftServerConfigKeys (ConfUtils.java:logGet(46)) - raft.server.watch.element-limit = 65536 (default)
2024-12-14 12:24:43,447 INFO  server.RaftServerConfigKeys (ConfUtils.java:logGet(46)) - raft.server.read.leader.lease.enabled = false (default)
2024-12-14 12:24:43,447 INFO  server.RaftServerConfigKeys (ConfUtils.java:logGet(46)) - raft.server.read.leader.lease.timeout.ratio = 0.9 (default)
2024-12-14 12:24:43,447 INFO  server.RaftServerConfigKeys (ConfUtils.java:logGet(46)) - raft.server.rpc.timeout.min = 300ms (custom)
2024-12-14 12:24:43,447 INFO  server.RaftServerConfigKeys (ConfUtils.java:logGet(46)) - raft.server.log.log-metadata.enabled = true (default)
2024-12-14 12:24:43,447 INFO  server.RaftServerConfigKeys (ConfUtils.java:logGet(46)) - raft.server.write.element-limit = 4096 (default)
2024-12-14 12:24:43,447 INFO  server.RaftServerConfigKeys (ConfUtils.java:logGet(46)) - raft.server.write.follower.gap.ratio.max = -1.0 (default)
2024-12-14 12:24:43,447 INFO  server.RaftServerConfigKeys (ConfUtils.java:logGet(46)) - raft.server.log.appender.snapshot.chunk.size.max = 16MB (=16777216) (default)
2024-12-14 12:24:43,447 INFO  server.RaftServerConfigKeys (ConfUtils.java:logGet(46)) - raft.server.log.appender.buffer.byte-limit = 4MB (=4194304) (default)
2024-12-14 12:24:43,447 INFO  server.RaftServerConfigKeys (ConfUtils.java:logGet(46)) - raft.server.log.appender.buffer.element-limit = 0 (default)
2024-12-14 12:24:43,448 INFO  server.RaftServerConfigKeys (ConfUtils.java:logGet(46)) - raft.server.log.appender.wait-time.min = 1ms (default)
2024-12-14 12:24:43,448 INFO  grpc.GrpcConfigKeys (ConfUtils.java:logGet(46)) - raft.grpc.server.leader.outstanding.appends.max = 8 (default)
2024-12-14 12:24:43,448 INFO  server.RaftServerConfigKeys (ConfUtils.java:logGet(46)) - raft.server.rpc.request.timeout = 3000ms (default)
2024-12-14 12:24:43,448 INFO  grpc.GrpcConfigKeys (ConfUtils.java:logGet(46)) - raft.grpc.server.install_snapshot.request.element-limit = 8 (default)
2024-12-14 12:24:43,448 INFO  grpc.GrpcConfigKeys (ConfUtils.java:logGet(46)) - raft.grpc.server.install_snapshot.request.timeout = 3000ms (default)
2024-12-14 12:24:43,448 INFO  grpc.GrpcConfigKeys (ConfUtils.java:logGet(46)) - raft.grpc.server.log-message.batch.duration = 5s (default)
2024-12-14 12:24:43,448 INFO  server.RaftServerConfigKeys (ConfUtils.java:logGet(46)) - raft.server.log.appender.install.snapshot.enabled = true (default)
2024-12-14 12:24:43,448 INFO  grpc.GrpcConfigKeys (ConfUtils.java:logGet(46)) - raft.grpc.server.heartbeat.channel = true (default)
2024-12-14 12:24:43,448 INFO  server.RaftServerConfigKeys (ConfUtils.java:logGet(46)) - raft.server.log.appender.snapshot.chunk.size.max = 16MB (=16777216) (default)
2024-12-14 12:24:43,448 INFO  server.RaftServerConfigKeys (ConfUtils.java:logGet(46)) - raft.server.log.appender.buffer.byte-limit = 4MB (=4194304) (default)
2024-12-14 12:24:43,448 INFO  server.RaftServerConfigKeys (ConfUtils.java:logGet(46)) - raft.server.log.appender.buffer.element-limit = 0 (default)
2024-12-14 12:24:43,448 INFO  server.RaftServerConfigKeys (ConfUtils.java:logGet(46)) - raft.server.log.appender.wait-time.min = 1ms (default)
2024-12-14 12:24:43,448 INFO  grpc.GrpcConfigKeys (ConfUtils.java:logGet(46)) - raft.grpc.server.leader.outstanding.appends.max = 8 (default)
2024-12-14 12:24:43,448 INFO  server.RaftServerConfigKeys (ConfUtils.java:logGet(46)) - raft.server.rpc.request.timeout = 3000ms (default)
2024-12-14 12:24:43,449 INFO  grpc.GrpcConfigKeys (ConfUtils.java:logGet(46)) - raft.grpc.server.install_snapshot.request.element-limit = 8 (default)
2024-12-14 12:24:43,449 INFO  grpc.GrpcConfigKeys (ConfUtils.java:logGet(46)) - raft.grpc.server.install_snapshot.request.timeout = 3000ms (default)
2024-12-14 12:24:43,449 INFO  grpc.GrpcConfigKeys (ConfUtils.java:logGet(46)) - raft.grpc.server.log-message.batch.duration = 5s (default)
2024-12-14 12:24:43,449 INFO  server.RaftServerConfigKeys (ConfUtils.java:logGet(46)) - raft.server.log.appender.install.snapshot.enabled = true (default)
2024-12-14 12:24:43,449 INFO  grpc.GrpcConfigKeys (ConfUtils.java:logGet(46)) - raft.grpc.server.heartbeat.channel = true (default)
2024-12-14 12:24:43,449 INFO  impl.RoleInfo (RoleInfo.java:updateAndGet(148)) - s5: start s5@group-A5BB6EB0946F-LeaderStateImpl
2024-12-14 12:24:43,449 INFO  server.RaftServer$Division (RaftServerImpl.java:setFirstElection(563)) - s5@group-A5BB6EB0946F: set firstElectionSinceStartup to false for becomeLeader
2024-12-14 12:24:43,449 INFO  server.RaftServer$Division (ServerState.java:setLeader(272)) - s5@group-A5BB6EB0946F: change Leader from null to s5 at term 1 for becomeLeader, leader elected after 352ms
2024-12-14 12:24:43,449 INFO  segmented.SegmentedRaftLogWorker (SegmentedRaftLogWorker.java:startLogSegment(443)) - s5@group-A5BB6EB0946F-SegmentedRaftLogWorker: Starting segment from index:0
2024-12-14 12:24:43,449 INFO  server.RaftServer$Division (ServerState.java:setRaftConf(386)) - s5@group-A5BB6EB0946F: set configuration conf: {index: 0, cur=peers:[s4|0.0.0.0:15004, s5|0.0.0.0:15005, s6|0.0.0.0:15006]|listeners:[], old=null}
2024-12-14 12:24:43,450 INFO  segmented.BufferedWriteChannel (BufferedWriteChannel.java:open(61)) - open log_inprogress_0 at position 0
2024-12-14 12:24:43,460 INFO  server.RaftServer$Division (ServerState.java:setLeader(272)) - s6@group-A5BB6EB0946F: change Leader from null to s5 at term 1 for appendEntries, leader elected after 328ms
2024-12-14 12:24:43,461 INFO  server.RaftServer$Division (ServerState.java:setLeader(272)) - s4@group-A5BB6EB0946F: change Leader from null to s5 at term 1 for appendEntries, leader elected after 391ms
2024-12-14 12:24:43,464 INFO  segmented.SegmentedRaftLogWorker (SegmentedRaftLogWorker.java:execute(667)) - s5@group-A5BB6EB0946F-SegmentedRaftLogWorker: created new log segment /home/runner/work/ratis/ratis/ratis-examples/target/test/data/da5193cb/MiniRaftClusterWithGrpca0a5e6cd/s5/86d75030-f160-4ccc-af34-a5bb6eb0946f/current/log_inprogress_0
2024-12-14 12:24:43,464 INFO  server.RaftServer$Division (ServerState.java:setRaftConf(386)) - s6@group-A5BB6EB0946F: set configuration conf: {index: 0, cur=peers:[s4|0.0.0.0:15004, s5|0.0.0.0:15005, s6|0.0.0.0:15006]|listeners:[], old=null}
2024-12-14 12:24:43,464 INFO  segmented.SegmentedRaftLogWorker (SegmentedRaftLogWorker.java:startLogSegment(443)) - s6@group-A5BB6EB0946F-SegmentedRaftLogWorker: Starting segment from index:0
2024-12-14 12:24:43,464 INFO  segmented.BufferedWriteChannel (BufferedWriteChannel.java:open(61)) - open log_inprogress_0 at position 0
2024-12-14 12:24:43,464 INFO  server.RaftServer$Division (ServerState.java:setRaftConf(386)) - s4@group-A5BB6EB0946F: set configuration conf: {index: 0, cur=peers:[s4|0.0.0.0:15004, s5|0.0.0.0:15005, s6|0.0.0.0:15006]|listeners:[], old=null}
2024-12-14 12:24:43,465 INFO  segmented.SegmentedRaftLogWorker (SegmentedRaftLogWorker.java:startLogSegment(443)) - s4@group-A5BB6EB0946F-SegmentedRaftLogWorker: Starting segment from index:0
2024-12-14 12:24:43,469 INFO  segmented.BufferedWriteChannel (BufferedWriteChannel.java:open(61)) - open log_inprogress_0 at position 0
2024-12-14 12:24:43,477 INFO  segmented.SegmentedRaftLogWorker (SegmentedRaftLogWorker.java:execute(667)) - s6@group-A5BB6EB0946F-SegmentedRaftLogWorker: created new log segment /home/runner/work/ratis/ratis/ratis-examples/target/test/data/da5193cb/MiniRaftClusterWithGrpca0a5e6cd/s6/86d75030-f160-4ccc-af34-a5bb6eb0946f/current/log_inprogress_0
2024-12-14 12:24:43,478 INFO  segmented.SegmentedRaftLogWorker (SegmentedRaftLogWorker.java:execute(667)) - s4@group-A5BB6EB0946F-SegmentedRaftLogWorker: created new log segment /home/runner/work/ratis/ratis/ratis-examples/target/test/data/da5193cb/MiniRaftClusterWithGrpca0a5e6cd/s4/86d75030-f160-4ccc-af34-a5bb6eb0946f/current/log_inprogress_0
2024-12-14 12:24:43,478 TRACE util.FileUtils (LogUtils.java:supplyAndLog(69)) - Successfully supplied FileChannel.open /home/runner/work/ratis/ratis/ratis-examples/target/test/data/da5193cb/MiniRaftClusterWithGrpca0a5e6cd/s5/86d75030-f160-4ccc-af34-a5bb6eb0946f/current/raft-meta.conf.tmp with options [CREATE, WRITE]: sun.nio.ch.FileChannelImpl@42787eb8
2024-12-14 12:24:43,480 TRACE util.FileUtils (LogUtils.java:runAndLog(49)) - Successfully ran Atomic Files.move /home/runner/work/ratis/ratis/ratis-examples/target/test/data/da5193cb/MiniRaftClusterWithGrpca0a5e6cd/s5/86d75030-f160-4ccc-af34-a5bb6eb0946f/current/raft-meta.conf.tmp to /home/runner/work/ratis/ratis/ratis-examples/target/test/data/da5193cb/MiniRaftClusterWithGrpca0a5e6cd/s5/86d75030-f160-4ccc-af34-a5bb6eb0946f/current/raft-meta.conf with options [REPLACE_EXISTING]
2024-12-14 12:24:43,480 INFO  server.RaftServer$Division (LeaderStateImpl.java:checkStartIndex(314)) - Leader s5@group-A5BB6EB0946F-LeaderStateImpl is ready since appliedIndex == startIndex == 0
2024-12-14 12:24:43,629 TRACE util.FileUtils (LogUtils.java:supplyAndLog(69)) - Successfully supplied FileChannel.open /home/runner/work/ratis/ratis/ratis-examples/target/test/data/da5193cb/MiniRaftClusterWithGrpca0a5e6cd/s6/86d75030-f160-4ccc-af34-a5bb6eb0946f/current/raft-meta.conf.tmp with options [CREATE, WRITE]: sun.nio.ch.FileChannelImpl@55b11316
2024-12-14 12:24:43,631 TRACE util.FileUtils (LogUtils.java:supplyAndLog(69)) - Successfully supplied FileChannel.open /home/runner/work/ratis/ratis/ratis-examples/target/test/data/da5193cb/MiniRaftClusterWithGrpca0a5e6cd/s4/86d75030-f160-4ccc-af34-a5bb6eb0946f/current/raft-meta.conf.tmp with options [CREATE, WRITE]: sun.nio.ch.FileChannelImpl@1c255970
2024-12-14 12:24:43,631 TRACE util.FileUtils (LogUtils.java:runAndLog(49)) - Successfully ran Atomic Files.move /home/runner/work/ratis/ratis/ratis-examples/target/test/data/da5193cb/MiniRaftClusterWithGrpca0a5e6cd/s6/86d75030-f160-4ccc-af34-a5bb6eb0946f/current/raft-meta.conf.tmp to /home/runner/work/ratis/ratis/ratis-examples/target/test/data/da5193cb/MiniRaftClusterWithGrpca0a5e6cd/s6/86d75030-f160-4ccc-af34-a5bb6eb0946f/current/raft-meta.conf with options [REPLACE_EXISTING]
2024-12-14 12:24:43,632 TRACE util.FileUtils (LogUtils.java:runAndLog(49)) - Successfully ran Atomic Files.move /home/runner/work/ratis/ratis/ratis-examples/target/test/data/da5193cb/MiniRaftClusterWithGrpca0a5e6cd/s4/86d75030-f160-4ccc-af34-a5bb6eb0946f/current/raft-meta.conf.tmp to /home/runner/work/ratis/ratis/ratis-examples/target/test/data/da5193cb/MiniRaftClusterWithGrpca0a5e6cd/s4/86d75030-f160-4ccc-af34-a5bb6eb0946f/current/raft-meta.conf with options [REPLACE_EXISTING]
2024-12-14 12:24:44,049 INFO  ratis.RaftTestUtil (RaftTestUtil.java:waitForLeader(131)) - printing group-A5BB6EB0946F
  s4:  RUNNING [
   FOLLOWER s4@group-A5BB6EB0946F:t1, leader=s5, voted=s5, raftlog=Memoized:s4@group-A5BB6EB0946F-SegmentedRaftLog:OPENED:c0:last(t:1, i:0), conf=conf: {index: 0, cur=peers:[s4|0.0.0.0:15004, s5|0.0.0.0:15005, s6|0.0.0.0:15006]|listeners:[], old=null} RUNNING
   FOLLOWER s4@group-40388BE3F4D5:t0, leader=null, voted=, raftlog=Memoized:s4@group-40388BE3F4D5-SegmentedRaftLog:OPENED:c-1:lastnull, conf=conf: {index: -1, cur=peers:[]|listeners:[], old=null} STARTING] size=2
  s5:  RUNNING [
     LEADER s5@group-A5BB6EB0946F:t1, leader=s5, voted=s5, raftlog=Memoized:s5@group-A5BB6EB0946F-SegmentedRaftLog:OPENED:c0:last(t:1, i:0), conf=conf: {index: 0, cur=peers:[s4|0.0.0.0:15004, s5|0.0.0.0:15005, s6|0.0.0.0:15006]|listeners:[], old=null} RUNNING
   FOLLOWER s5@group-40388BE3F4D5:t0, leader=null, voted=, raftlog=Memoized:s5@group-40388BE3F4D5-SegmentedRaftLog:OPENED:c-1:lastnull, conf=conf: {index: -1, cur=peers:[]|listeners:[], old=null} STARTING] size=2
  s6:  RUNNING [
   FOLLOWER s6@group-A5BB6EB0946F:t1, leader=s5, voted=s5, raftlog=Memoized:s6@group-A5BB6EB0946F-SegmentedRaftLog:OPENED:c0:last(t:1, i:0), conf=conf: {index: 0, cur=peers:[s4|0.0.0.0:15004, s5|0.0.0.0:15005, s6|0.0.0.0:15006]|listeners:[], old=null} RUNNING
   FOLLOWER s6@group-40388BE3F4D5:t0, leader=null, voted=, raftlog=Memoized:s6@group-40388BE3F4D5-SegmentedRaftLog:OPENED:c-1:lastnull, conf=conf: {index: -1, cur=peers:[]|listeners:[], old=null} STARTING] size=2
2024-12-14 12:24:44,055 INFO  server.GrpcClientProtocolService (GrpcClientProtocolService.java:lambda$processClientRequest$0(330)) - Failed request cid=3726, reply=RaftClientReply:client-A90FC7760C9D->s4@group-A5BB6EB0946F, cid=3726, FAILED org.apache.ratis.protocol.exceptions.NotLeaderException: Server s4@group-A5BB6EB0946F is not the leader, suggested leader is: s5|0.0.0.0:15005, logIndex=0, commits[s4:c0, s5:c0, s6:c0]
2024-12-14 12:24:44,164 INFO  statemachine.StateMachine (ArithmeticStateMachine.java:applyTransaction(181)) - LEADER:s5-1: a = 63 = 63
2024-12-14 12:24:44,170 INFO  statemachine.StateMachine (ArithmeticStateMachine.java:applyTransaction(181)) - LEADER:s5-3: b = 1984 = 1984
2024-12-14 12:24:44,174 INFO  statemachine.StateMachine (ArithmeticStateMachine.java:applyTransaction(181)) - LEADER:s5-5: c = √(a^2 + b^2) = 1985
2024-12-14 12:24:44,178 INFO  statemachine.StateMachine (ArithmeticStateMachine.java:applyTransaction(181)) - LEADER:s5-7: a = null = null
2024-12-14 12:24:44,182 INFO  statemachine.StateMachine (ArithmeticStateMachine.java:applyTransaction(181)) - LEADER:s5-9: b = null = null
2024-12-14 12:24:44,185 INFO  statemachine.StateMachine (ArithmeticStateMachine.java:applyTransaction(181)) - LEADER:s5-11: c = null = null
2024-12-14 12:24:44,189 INFO  statemachine.StateMachine (ArithmeticStateMachine.java:applyTransaction(181)) - LEADER:s5-13: a = 65 = 65
2024-12-14 12:24:44,194 INFO  statemachine.StateMachine (ArithmeticStateMachine.java:applyTransaction(181)) - LEADER:s5-15: b = 2112 = 2112
2024-12-14 12:24:44,198 INFO  statemachine.StateMachine (ArithmeticStateMachine.java:applyTransaction(181)) - LEADER:s5-17: c = √(a^2 + b^2) = 2113
2024-12-14 12:24:44,203 INFO  statemachine.StateMachine (ArithmeticStateMachine.java:applyTransaction(181)) - LEADER:s5-19: a = null = null
2024-12-14 12:24:44,207 INFO  statemachine.StateMachine (ArithmeticStateMachine.java:applyTransaction(181)) - LEADER:s5-21: b = null = null
2024-12-14 12:24:44,212 INFO  statemachine.StateMachine (ArithmeticStateMachine.java:applyTransaction(181)) - LEADER:s5-23: c = null = null
2024-12-14 12:24:44,217 INFO  statemachine.StateMachine (ArithmeticStateMachine.java:applyTransaction(181)) - LEADER:s5-25: a = 67 = 67
2024-12-14 12:24:44,222 INFO  statemachine.StateMachine (ArithmeticStateMachine.java:applyTransaction(181)) - LEADER:s5-27: b = 2244 = 2244
2024-12-14 12:24:44,225 INFO  statemachine.StateMachine (ArithmeticStateMachine.java:applyTransaction(181)) - LEADER:s5-29: c = √(a^2 + b^2) = 2245
2024-12-14 12:24:44,229 INFO  statemachine.StateMachine (ArithmeticStateMachine.java:applyTransaction(181)) - LEADER:s5-31: a = null = null
2024-12-14 12:24:44,234 INFO  statemachine.StateMachine (ArithmeticStateMachine.java:applyTransaction(181)) - LEADER:s5-33: b = null = null
2024-12-14 12:24:44,238 INFO  statemachine.StateMachine (ArithmeticStateMachine.java:applyTransaction(181)) - LEADER:s5-35: c = null = null
2024-12-14 12:24:44,243 INFO  statemachine.StateMachine (ArithmeticStateMachine.java:applyTransaction(181)) - LEADER:s5-37: a = 69 = 69
2024-12-14 12:24:44,247 INFO  statemachine.StateMachine (ArithmeticStateMachine.java:applyTransaction(181)) - LEADER:s5-39: b = 2380 = 2380
2024-12-14 12:24:44,252 INFO  statemachine.StateMachine (ArithmeticStateMachine.java:applyTransaction(181)) - LEADER:s5-41: c = √(a^2 + b^2) = 2381
2024-12-14 12:24:44,257 INFO  statemachine.StateMachine (ArithmeticStateMachine.java:applyTransaction(181)) - LEADER:s5-43: a = null = null
2024-12-14 12:24:44,262 INFO  statemachine.StateMachine (ArithmeticStateMachine.java:applyTransaction(181)) - LEADER:s5-45: b = null = null
2024-12-14 12:24:44,266 INFO  statemachine.StateMachine (ArithmeticStateMachine.java:applyTransaction(181)) - LEADER:s5-47: c = null = null
2024-12-14 12:24:44,271 INFO  statemachine.StateMachine (ArithmeticStateMachine.java:applyTransaction(181)) - LEADER:s5-49: a = 71 = 71
2024-12-14 12:24:44,275 INFO  statemachine.StateMachine (ArithmeticStateMachine.java:applyTransaction(181)) - LEADER:s5-51: b = 2520 = 2520
2024-12-14 12:24:44,279 INFO  statemachine.StateMachine (ArithmeticStateMachine.java:applyTransaction(181)) - LEADER:s5-53: c = √(a^2 + b^2) = 2521
2024-12-14 12:24:44,284 INFO  statemachine.StateMachine (ArithmeticStateMachine.java:applyTransaction(181)) - LEADER:s5-55: a = null = null
2024-12-14 12:24:44,287 INFO  statemachine.StateMachine (ArithmeticStateMachine.java:applyTransaction(181)) - LEADER:s5-57: b = null = null
2024-12-14 12:24:44,292 INFO  statemachine.StateMachine (ArithmeticStateMachine.java:applyTransaction(181)) - LEADER:s5-59: c = null = null
2024-12-14 12:24:44,296 INFO  statemachine.StateMachine (ArithmeticStateMachine.java:applyTransaction(181)) - LEADER:s5-61: a = 73 = 73
2024-12-14 12:24:44,300 INFO  statemachine.StateMachine (ArithmeticStateMachine.java:applyTransaction(181)) - LEADER:s5-63: b = 2664 = 2664
2024-12-14 12:24:44,304 INFO  statemachine.StateMachine (ArithmeticStateMachine.java:applyTransaction(181)) - LEADER:s5-65: c = √(a^2 + b^2) = 2665
2024-12-14 12:24:44,308 INFO  statemachine.StateMachine (ArithmeticStateMachine.java:applyTransaction(181)) - LEADER:s5-67: a = null = null
2024-12-14 12:24:44,313 INFO  statemachine.StateMachine (ArithmeticStateMachine.java:applyTransaction(181)) - LEADER:s5-69: b = null = null
2024-12-14 12:24:44,317 INFO  statemachine.StateMachine (ArithmeticStateMachine.java:applyTransaction(181)) - LEADER:s5-71: c = null = null
2024-12-14 12:24:44,321 INFO  statemachine.StateMachine (ArithmeticStateMachine.java:applyTransaction(181)) - LEADER:s5-73: a = 75 = 75
2024-12-14 12:24:44,325 INFO  statemachine.StateMachine (ArithmeticStateMachine.java:applyTransaction(181)) - LEADER:s5-75: b = 2812 = 2812
2024-12-14 12:24:44,330 INFO  statemachine.StateMachine (ArithmeticStateMachine.java:applyTransaction(181)) - LEADER:s5-77: c = √(a^2 + b^2) = 2813
2024-12-14 12:24:44,334 INFO  statemachine.StateMachine (ArithmeticStateMachine.java:applyTransaction(181)) - LEADER:s5-79: a = null = null
2024-12-14 12:24:44,339 INFO  statemachine.StateMachine (ArithmeticStateMachine.java:applyTransaction(181)) - LEADER:s5-81: b = null = null
2024-12-14 12:24:44,342 INFO  statemachine.StateMachine (ArithmeticStateMachine.java:applyTransaction(181)) - LEADER:s5-83: c = null = null
2024-12-14 12:24:44,347 INFO  statemachine.StateMachine (ArithmeticStateMachine.java:applyTransaction(181)) - LEADER:s5-85: a = 77 = 77
2024-12-14 12:24:44,352 INFO  statemachine.StateMachine (ArithmeticStateMachine.java:applyTransaction(181)) - LEADER:s5-87: b = 2964 = 2964
2024-12-14 12:24:44,356 INFO  statemachine.StateMachine (ArithmeticStateMachine.java:applyTransaction(181)) - LEADER:s5-89: c = √(a^2 + b^2) = 2965
2024-12-14 12:24:44,361 INFO  statemachine.StateMachine (ArithmeticStateMachine.java:applyTransaction(181)) - LEADER:s5-91: a = null = null
2024-12-14 12:24:44,365 INFO  statemachine.StateMachine (ArithmeticStateMachine.java:applyTransaction(181)) - LEADER:s5-93: b = null = null
2024-12-14 12:24:44,368 INFO  statemachine.StateMachine (ArithmeticStateMachine.java:applyTransaction(181)) - LEADER:s5-95: c = null = null
2024-12-14 12:24:44,372 INFO  statemachine.StateMachine (ArithmeticStateMachine.java:applyTransaction(181)) - LEADER:s5-97: a = 79 = 79
2024-12-14 12:24:44,376 INFO  statemachine.StateMachine (ArithmeticStateMachine.java:applyTransaction(181)) - LEADER:s5-99: b = 3120 = 3120
2024-12-14 12:24:44,380 INFO  statemachine.StateMachine (ArithmeticStateMachine.java:applyTransaction(181)) - LEADER:s5-101: c = √(a^2 + b^2) = 3121
2024-12-14 12:24:44,384 INFO  statemachine.StateMachine (ArithmeticStateMachine.java:applyTransaction(181)) - LEADER:s5-103: a = null = null
2024-12-14 12:24:44,388 INFO  statemachine.StateMachine (ArithmeticStateMachine.java:applyTransaction(181)) - LEADER:s5-105: b = null = null
2024-12-14 12:24:44,392 INFO  statemachine.StateMachine (ArithmeticStateMachine.java:applyTransaction(181)) - LEADER:s5-107: c = null = null
2024-12-14 12:24:44,395 INFO  statemachine.StateMachine (ArithmeticStateMachine.java:applyTransaction(181)) - LEADER:s5-109: a = 81 = 81
2024-12-14 12:24:44,399 INFO  statemachine.StateMachine (ArithmeticStateMachine.java:applyTransaction(181)) - LEADER:s5-111: b = 3280 = 3280
2024-12-14 12:24:44,403 INFO  statemachine.StateMachine (ArithmeticStateMachine.java:applyTransaction(181)) - LEADER:s5-113: c = √(a^2 + b^2) = 3281
2024-12-14 12:24:44,407 INFO  statemachine.StateMachine (ArithmeticStateMachine.java:applyTransaction(181)) - LEADER:s5-115: a = null = null
2024-12-14 12:24:44,411 INFO  statemachine.StateMachine (ArithmeticStateMachine.java:applyTransaction(181)) - LEADER:s5-117: b = null = null
2024-12-14 12:24:44,416 INFO  statemachine.StateMachine (ArithmeticStateMachine.java:applyTransaction(181)) - LEADER:s5-119: c = null = null
2024-12-14 12:24:44,426 INFO  impl.GroupManagementBaseTest (GroupManagementBaseTest.java:runMultiGroupTest(281)) - 4) starting group-2C18EF48B090:[s7|0.0.0.0:15007, s8|0.0.0.0:15008, s9|0.0.0.0:15009]
2024-12-14 12:24:44,432 INFO  server.RaftServer (RaftServerProxy.java:addNew(101)) - s7: addNew group-2C18EF48B090:[s7|0.0.0.0:15007, s8|0.0.0.0:15008, s9|0.0.0.0:15009] returns group-2C18EF48B090:java.util.concurrent.CompletableFuture@774c717e[Not completed]
2024-12-14 12:24:44,432 INFO  server.RaftServer$Division (RaftServerImpl.java:<init>(256)) - s7: new RaftServerImpl for group-2C18EF48B090:[s7|0.0.0.0:15007, s8|0.0.0.0:15008, s9|0.0.0.0:15009] with ArithmeticStateMachine:uninitialized
2024-12-14 12:24:44,432 INFO  server.RaftServerConfigKeys (ConfUtils.java:logGet(46)) - raft.server.rpc.timeout.min = 300ms (custom)
2024-12-14 12:24:44,432 INFO  server.RaftServerConfigKeys (ConfUtils.java:logGet(46)) - raft.server.rpc.timeout.max = 600ms (custom)
2024-12-14 12:24:44,432 INFO  server.RaftServerConfigKeys (ConfUtils.java:logGet(46)) - raft.server.rpc.sleep.time = 25ms (default)
2024-12-14 12:24:44,432 INFO  server.RaftServerConfigKeys (ConfUtils.java:logGet(46)) - raft.server.rpc.slowness.timeout = 60s (default)
2024-12-14 12:24:44,432 INFO  server.RaftServerConfigKeys (ConfUtils.java:logGet(46)) - raft.server.leaderelection.leader.step-down.wait-time = 10s (default)
2024-12-14 12:24:44,433 INFO  server.RaftServerConfigKeys (ConfUtils.java:logGet(46)) - raft.server.leaderelection.member.majority-add = false (default)
2024-12-14 12:24:44,433 INFO  server.RaftServerConfigKeys (ConfUtils.java:logGet(46)) - raft.server.sleep.deviation.threshold = 300ms (default)
2024-12-14 12:24:44,433 INFO  server.RaftServer$Division (ServerState.java:<init>(114)) - s7@group-2C18EF48B090: ConfigurationManager, init=conf: {index: -1, cur=peers:[s7|0.0.0.0:15007, s8|0.0.0.0:15008, s9|0.0.0.0:15009]|listeners:[], old=null}, confs=<EMPTY_MAP>
2024-12-14 12:24:44,433 INFO  server.RaftServerConfigKeys (ConfUtils.java:logGet(46)) - raft.server.notification.no-leader.timeout = 60s (default)
2024-12-14 12:24:44,433 INFO  server.RaftServerConfigKeys (ConfUtils.java:logGet(46)) - raft.server.read.timeout = 10s (default)
2024-12-14 12:24:44,433 INFO  server.RaftServerConfigKeys (ConfUtils.java:logGet(46)) - raft.server.retrycache.expirytime = 60s (default)
2024-12-14 12:24:44,433 INFO  server.RaftServerConfigKeys (ConfUtils.java:logGet(46)) - raft.server.retrycache.statistics.expirytime = 100ms (default)
2024-12-14 12:24:44,433 INFO  server.RaftServerConfigKeys (ConfUtils.java:logGet(46)) - raft.server.read.option = DEFAULT (default)
2024-12-14 12:24:44,433 INFO  server.RaftServerConfigKeys (ConfUtils.java:logGet(46)) - raft.server.read.read-after-write-consistent.write-index-cache.expiry-time = 60s (default)
2024-12-14 12:24:44,434 INFO  server.RaftServerConfigKeys (ConfUtils.java:logGet(46)) - raft.server.rpc.request.timeout = 3000ms (default)
2024-12-14 12:24:44,434 INFO  server.RaftServerConfigKeys (ConfUtils.java:logGet(46)) - raft.server.log.appender.install.snapshot.enabled = true (default)
2024-12-14 12:24:44,434 INFO  server.RaftServerConfigKeys (ConfUtils.java:logGet(46)) - raft.server.threadpool.server.cached = true (default)
2024-12-14 12:24:44,434 INFO  server.RaftServerConfigKeys (ConfUtils.java:logGet(46)) - raft.server.threadpool.server.size = 0 (default)
2024-12-14 12:24:44,434 INFO  server.RaftServerConfigKeys (ConfUtils.java:logGet(46)) - raft.server.threadpool.client.cached = true (default)
2024-12-14 12:24:44,434 INFO  server.RaftServerConfigKeys (ConfUtils.java:logGet(46)) - raft.server.threadpool.client.size = 0 (default)
2024-12-14 12:24:44,434 INFO  server.RaftServerConfigKeys (ConfUtils.java:logGet(46)) - raft.server.storage.free-space.min = 0MB (=0) (default)
2024-12-14 12:24:44,434 INFO  server.RaftServerConfigKeys (ConfUtils.java:logGet(46)) - raft.server.log.corruption.policy = EXCEPTION (default)
2024-12-14 12:24:44,434 INFO  server.RaftServerConfigKeys (ConfUtils.java:logGet(46)) - raft.server.storage.dir = [/home/runner/work/ratis/ratis/ratis-examples/target/test/data/da5193cb/MiniRaftClusterWithGrpca0a5e6cd/s7] (custom)
2024-12-14 12:24:44,434 INFO  storage.RaftStorageDirectory (RaftStorageDirectoryImpl.java:analyzeStorage(138)) - The storage directory /home/runner/work/ratis/ratis/ratis-examples/target/test/data/da5193cb/MiniRaftClusterWithGrpca0a5e6cd/s7/297baee5-dc2b-48a1-b8b4-2c18ef48b090 does not exist. Creating ...
2024-12-14 12:24:44,435 TRACE util.FileUtils (LogUtils.java:runAndLog(49)) - Successfully ran Files.createDirectories /home/runner/work/ratis/ratis/ratis-examples/target/test/data/da5193cb/MiniRaftClusterWithGrpca0a5e6cd/s7/297baee5-dc2b-48a1-b8b4-2c18ef48b090
2024-12-14 12:24:44,435 INFO  storage.RaftStorageDirectory (RaftStorageDirectoryImpl.java:tryLock(229)) - Lock on /home/runner/work/ratis/ratis/ratis-examples/target/test/data/da5193cb/MiniRaftClusterWithGrpca0a5e6cd/s7/297baee5-dc2b-48a1-b8b4-2c18ef48b090/in_use.lock acquired by nodename 14700@fv-az733-880
2024-12-14 12:24:44,436 TRACE util.FileUtils (LogUtils.java:runAndLog(49)) - Successfully ran Files.createDirectories /home/runner/work/ratis/ratis/ratis-examples/target/test/data/da5193cb/MiniRaftClusterWithGrpca0a5e6cd/s7/297baee5-dc2b-48a1-b8b4-2c18ef48b090/current
2024-12-14 12:24:44,436 TRACE util.FileUtils (LogUtils.java:runAndLog(49)) - Successfully ran Files.createDirectories /home/runner/work/ratis/ratis/ratis-examples/target/test/data/da5193cb/MiniRaftClusterWithGrpca0a5e6cd/s7/297baee5-dc2b-48a1-b8b4-2c18ef48b090/sm
2024-12-14 12:24:44,436 TRACE util.FileUtils (LogUtils.java:supplyAndLog(69)) - Successfully supplied FileChannel.open /home/runner/work/ratis/ratis/ratis-examples/target/test/data/da5193cb/MiniRaftClusterWithGrpca0a5e6cd/s7/297baee5-dc2b-48a1-b8b4-2c18ef48b090/current/raft-meta.tmp with options [CREATE, WRITE]: sun.nio.ch.FileChannelImpl@6bab6ade
2024-12-14 12:24:44,437 TRACE util.FileUtils (LogUtils.java:runAndLog(49)) - Successfully ran Atomic Files.move /home/runner/work/ratis/ratis/ratis-examples/target/test/data/da5193cb/MiniRaftClusterWithGrpca0a5e6cd/s7/297baee5-dc2b-48a1-b8b4-2c18ef48b090/current/raft-meta.tmp to /home/runner/work/ratis/ratis/ratis-examples/target/test/data/da5193cb/MiniRaftClusterWithGrpca0a5e6cd/s7/297baee5-dc2b-48a1-b8b4-2c18ef48b090/current/raft-meta with options [REPLACE_EXISTING]
2024-12-14 12:24:44,437 INFO  storage.RaftStorage (RaftStorageImpl.java:format(98)) - Storage directory /home/runner/work/ratis/ratis/ratis-examples/target/test/data/da5193cb/MiniRaftClusterWithGrpca0a5e6cd/s7/297baee5-dc2b-48a1-b8b4-2c18ef48b090 has been successfully formatted.
2024-12-14 12:24:44,437 WARN  statemachine.StateMachine (ArithmeticStateMachine.java:loadSnapshot(115)) - The snapshot info is null.
2024-12-14 12:24:44,437 INFO  server.RaftServerConfigKeys (ConfUtils.java:logGet(46)) - raft.server.log.use.memory = false (default)
2024-12-14 12:24:44,437 INFO  server.RaftServerConfigKeys (ConfUtils.java:logGet(46)) - raft.server.log.purge.gap = 1024 (default)
2024-12-14 12:24:44,437 INFO  server.RaftServerConfigKeys (ConfUtils.java:logGet(46)) - raft.server.log.appender.buffer.byte-limit = 4MB (=4194304) (default)
2024-12-14 12:24:44,437 INFO  server.RaftServerConfigKeys (ConfUtils.java:logGet(46)) - raft.server.log.statemachine.data.read.timeout = 1000ms (default)
2024-12-14 12:24:44,438 INFO  server.RaftServerConfigKeys (ConfUtils.java:logGet(46)) - raft.server.log.purge.preservation.log.num = 0 (default)
2024-12-14 12:24:44,438 INFO  server.RaftServerConfigKeys (ConfUtils.java:logGet(46)) - raft.server.log.segment.size.max = 32MB (=33554432) (default)
2024-12-14 12:24:44,438 INFO  server.RaftServerConfigKeys (ConfUtils.java:logGet(46)) - raft.server.log.segment.cache.num.max = 6 (default)
2024-12-14 12:24:44,438 INFO  server.RaftServerConfigKeys (ConfUtils.java:logGet(46)) - raft.server.log.segment.cache.size.max = 200MB (=209715200) (default)
2024-12-14 12:24:44,438 INFO  server.RaftServerConfigKeys (ConfUtils.java:logGet(46)) - raft.server.log.appender.buffer.byte-limit = 4MB (=4194304) (default)
2024-12-14 12:24:44,438 INFO  util.AwaitToRun (AwaitToRun.java:start(81)) - Thread[s7@group-2C18EF48B090-cacheEviction-AwaitToRun,5,main] started
2024-12-14 12:24:44,438 INFO  segmented.SegmentedRaftLogWorker (SegmentedRaftLogWorker.java:<init>(189)) - new s7@group-2C18EF48B090-SegmentedRaftLogWorker for RaftStorageImpl:Storage Directory /home/runner/work/ratis/ratis/ratis-examples/target/test/data/da5193cb/MiniRaftClusterWithGrpca0a5e6cd/s7/297baee5-dc2b-48a1-b8b4-2c18ef48b090
2024-12-14 12:24:44,438 INFO  server.RaftServerConfigKeys (ConfUtils.java:logGet(46)) - raft.server.log.queue.byte-limit = 64MB (=67108864) (default)
2024-12-14 12:24:44,438 INFO  server.RaftServerConfigKeys (ConfUtils.java:logGet(46)) - raft.server.log.queue.element-limit = 4096 (default)
2024-12-14 12:24:44,439 INFO  server.RaftServerConfigKeys (ConfUtils.java:logGet(46)) - raft.server.log.segment.size.max = 32MB (=33554432) (default)
2024-12-14 12:24:44,439 INFO  server.RaftServerConfigKeys (ConfUtils.java:logGet(46)) - raft.server.log.preallocated.size = 4MB (=4194304) (default)
2024-12-14 12:24:44,439 INFO  server.RaftServerConfigKeys (ConfUtils.java:logGet(46)) - raft.server.log.force.sync.num = 128 (default)
2024-12-14 12:24:44,439 INFO  server.RaftServerConfigKeys (ConfUtils.java:logGet(46)) - raft.server.log.statemachine.data.sync = true (default)
2024-12-14 12:24:44,439 INFO  server.RaftServerConfigKeys (ConfUtils.java:logGet(46)) - raft.server.log.statemachine.data.sync.timeout = 10s (default)
2024-12-14 12:24:44,439 INFO  server.RaftServerConfigKeys (ConfUtils.java:logGet(46)) - raft.server.log.statemachine.data.sync.timeout.retry = -1 (default)
2024-12-14 12:24:44,439 INFO  server.RaftServerConfigKeys (ConfUtils.java:logGet(46)) - raft.server.log.write.buffer.size = 8MB (=8388608) (default)
2024-12-14 12:24:44,441 INFO  server.RaftServerConfigKeys (ConfUtils.java:logGet(46)) - raft.server.log.appender.buffer.byte-limit = 4MB (=4194304) (default)
2024-12-14 12:24:44,441 INFO  server.RaftServerConfigKeys (ConfUtils.java:logGet(46)) - raft.server.log.unsafe-flush.enabled = false (default)
2024-12-14 12:24:44,441 INFO  server.RaftServerConfigKeys (ConfUtils.java:logGet(46)) - raft.server.log.async-flush.enabled = false (default)
2024-12-14 12:24:44,441 INFO  server.RaftServerConfigKeys (ConfUtils.java:logGet(46)) - raft.server.log.statemachine.data.caching.enabled = false (default)
2024-12-14 12:24:44,442 INFO  segmented.SegmentedRaftLogWorker (SegmentedRaftLogWorker.java:lambda$new$0(140)) - s7@group-2C18EF48B090-SegmentedRaftLogWorker: flushIndex: setUnconditionally 0 -> -1
2024-12-14 12:24:44,442 INFO  segmented.SegmentedRaftLogWorker (SegmentedRaftLogWorker.java:lambda$new$0(140)) - s7@group-2C18EF48B090-SegmentedRaftLogWorker: safeCacheEvictIndex: setUnconditionally 0 -> -1
2024-12-14 12:24:44,447 INFO  server.RaftServer$Division (RaftServerImpl.java:start(392)) - s7@group-2C18EF48B090: start as a follower, conf=conf: {index: -1, cur=peers:[s7|0.0.0.0:15007, s8|0.0.0.0:15008, s9|0.0.0.0:15009]|listeners:[], old=null}
2024-12-14 12:24:44,447 INFO  server.RaftServer$Division (RaftServerImpl.java:setRole(379)) - s7@group-2C18EF48B090: changes role from      null to FOLLOWER at term 0 for startAsFollower
2024-12-14 12:24:44,447 INFO  impl.RoleInfo (RoleInfo.java:updateAndGet(148)) - s7: start s7@group-2C18EF48B090-FollowerState
2024-12-14 12:24:44,448 INFO  server.RaftServerConfigKeys (ConfUtils.java:logFallback(53)) - raft.server.rpc.first-election.timeout.min = 300ms (fallback to raft.server.rpc.timeout.min)
2024-12-14 12:24:44,448 INFO  util.JmxRegister (JmxRegister.java:tryRegister(44)) - Successfully registered JMX Bean with object name Ratis:service=RaftServer,group=group-2C18EF48B090,id=s7
2024-12-14 12:24:44,448 INFO  util.JmxRegister (JmxRegister.java:register(58)) - register mxBean class org.apache.ratis.server.impl.RaftServerJmxAdapter as Ratis:service=RaftServer,group=group-2C18EF48B090,id=s7
2024-12-14 12:24:44,448 INFO  server.RaftServerConfigKeys (ConfUtils.java:logGet(46)) - raft.server.snapshot.trigger-when-stop.enabled = true (default)
2024-12-14 12:24:44,448 INFO  server.RaftServerConfigKeys (ConfUtils.java:logGet(46)) - raft.server.snapshot.trigger-when-remove.enabled = true (default)
2024-12-14 12:24:44,448 INFO  server.RaftServerConfigKeys (ConfUtils.java:logGet(46)) - raft.server.snapshot.auto.trigger.enabled = false (default)
2024-12-14 12:24:44,448 INFO  server.RaftServerConfigKeys (ConfUtils.java:logGet(46)) - raft.server.snapshot.retention.file.num = -1 (default)
2024-12-14 12:24:44,448 INFO  server.RaftServerConfigKeys (ConfUtils.java:logGet(46)) - raft.server.log.purge.upto.snapshot.index = false (default)
2024-12-14 12:24:44,448 INFO  server.RaftServerConfigKeys (ConfUtils.java:logFallback(53)) - raft.server.rpc.first-election.timeout.max = 600ms (fallback to raft.server.rpc.timeout.max)
2024-12-14 12:24:44,448 INFO  server.RaftServer$Division (RaftServerImpl.java:start(406)) - s7@group-2C18EF48B090: Successfully started.
2024-12-14 12:24:44,468 INFO  server.RaftServer (RaftServerProxy.java:addNew(101)) - s8: addNew group-2C18EF48B090:[s7|0.0.0.0:15007, s8|0.0.0.0:15008, s9|0.0.0.0:15009] returns group-2C18EF48B090:java.util.concurrent.CompletableFuture@67739e47[Not completed]
2024-12-14 12:24:44,469 INFO  server.RaftServer$Division (RaftServerImpl.java:<init>(256)) - s8: new RaftServerImpl for group-2C18EF48B090:[s7|0.0.0.0:15007, s8|0.0.0.0:15008, s9|0.0.0.0:15009] with ArithmeticStateMachine:uninitialized
2024-12-14 12:24:44,469 INFO  server.RaftServerConfigKeys (ConfUtils.java:logGet(46)) - raft.server.rpc.timeout.min = 300ms (custom)
2024-12-14 12:24:44,469 INFO  server.RaftServerConfigKeys (ConfUtils.java:logGet(46)) - raft.server.rpc.timeout.max = 600ms (custom)
2024-12-14 12:24:44,469 INFO  server.RaftServerConfigKeys (ConfUtils.java:logGet(46)) - raft.server.rpc.sleep.time = 25ms (default)
2024-12-14 12:24:44,469 INFO  server.RaftServerConfigKeys (ConfUtils.java:logGet(46)) - raft.server.rpc.slowness.timeout = 60s (default)
2024-12-14 12:24:44,469 INFO  server.RaftServerConfigKeys (ConfUtils.java:logGet(46)) - raft.server.leaderelection.leader.step-down.wait-time = 10s (default)
2024-12-14 12:24:44,469 INFO  server.RaftServerConfigKeys (ConfUtils.java:logGet(46)) - raft.server.leaderelection.member.majority-add = false (default)
2024-12-14 12:24:44,469 INFO  server.RaftServerConfigKeys (ConfUtils.java:logGet(46)) - raft.server.sleep.deviation.threshold = 300ms (default)
2024-12-14 12:24:44,469 INFO  server.RaftServer$Division (ServerState.java:<init>(114)) - s8@group-2C18EF48B090: ConfigurationManager, init=conf: {index: -1, cur=peers:[s7|0.0.0.0:15007, s8|0.0.0.0:15008, s9|0.0.0.0:15009]|listeners:[], old=null}, confs=<EMPTY_MAP>
2024-12-14 12:24:44,469 INFO  server.RaftServerConfigKeys (ConfUtils.java:logGet(46)) - raft.server.notification.no-leader.timeout = 60s (default)
2024-12-14 12:24:44,469 INFO  server.RaftServerConfigKeys (ConfUtils.java:logGet(46)) - raft.server.read.timeout = 10s (default)
2024-12-14 12:24:44,469 INFO  server.RaftServerConfigKeys (ConfUtils.java:logGet(46)) - raft.server.retrycache.expirytime = 60s (default)
2024-12-14 12:24:44,469 INFO  server.RaftServerConfigKeys (ConfUtils.java:logGet(46)) - raft.server.retrycache.statistics.expirytime = 100ms (default)
2024-12-14 12:24:44,469 INFO  server.RaftServerConfigKeys (ConfUtils.java:logGet(46)) - raft.server.read.option = DEFAULT (default)
2024-12-14 12:24:44,469 INFO  server.RaftServerConfigKeys (ConfUtils.java:logGet(46)) - raft.server.read.read-after-write-consistent.write-index-cache.expiry-time = 60s (default)
2024-12-14 12:24:44,470 INFO  server.RaftServerConfigKeys (ConfUtils.java:logGet(46)) - raft.server.rpc.request.timeout = 3000ms (default)
2024-12-14 12:24:44,470 INFO  server.RaftServerConfigKeys (ConfUtils.java:logGet(46)) - raft.server.log.appender.install.snapshot.enabled = true (default)
2024-12-14 12:24:44,470 INFO  server.RaftServerConfigKeys (ConfUtils.java:logGet(46)) - raft.server.threadpool.server.cached = true (default)
2024-12-14 12:24:44,470 INFO  server.RaftServerConfigKeys (ConfUtils.java:logGet(46)) - raft.server.threadpool.server.size = 0 (default)
2024-12-14 12:24:44,470 INFO  server.RaftServerConfigKeys (ConfUtils.java:logGet(46)) - raft.server.threadpool.client.cached = true (default)
2024-12-14 12:24:44,470 INFO  server.RaftServerConfigKeys (ConfUtils.java:logGet(46)) - raft.server.threadpool.client.size = 0 (default)
2024-12-14 12:24:44,470 INFO  server.RaftServerConfigKeys (ConfUtils.java:logGet(46)) - raft.server.storage.free-space.min = 0MB (=0) (default)
2024-12-14 12:24:44,470 INFO  server.RaftServerConfigKeys (ConfUtils.java:logGet(46)) - raft.server.log.corruption.policy = EXCEPTION (default)
2024-12-14 12:24:44,470 INFO  server.RaftServerConfigKeys (ConfUtils.java:logGet(46)) - raft.server.storage.dir = [/home/runner/work/ratis/ratis/ratis-examples/target/test/data/da5193cb/MiniRaftClusterWithGrpca0a5e6cd/s8] (custom)
2024-12-14 12:24:44,471 INFO  storage.RaftStorageDirectory (RaftStorageDirectoryImpl.java:analyzeStorage(138)) - The storage directory /home/runner/work/ratis/ratis/ratis-examples/target/test/data/da5193cb/MiniRaftClusterWithGrpca0a5e6cd/s8/297baee5-dc2b-48a1-b8b4-2c18ef48b090 does not exist. Creating ...
2024-12-14 12:24:44,471 TRACE util.FileUtils (LogUtils.java:runAndLog(49)) - Successfully ran Files.createDirectories /home/runner/work/ratis/ratis/ratis-examples/target/test/data/da5193cb/MiniRaftClusterWithGrpca0a5e6cd/s8/297baee5-dc2b-48a1-b8b4-2c18ef48b090
2024-12-14 12:24:44,472 INFO  storage.RaftStorageDirectory (RaftStorageDirectoryImpl.java:tryLock(229)) - Lock on /home/runner/work/ratis/ratis/ratis-examples/target/test/data/da5193cb/MiniRaftClusterWithGrpca0a5e6cd/s8/297baee5-dc2b-48a1-b8b4-2c18ef48b090/in_use.lock acquired by nodename 14700@fv-az733-880
2024-12-14 12:24:44,472 TRACE util.FileUtils (LogUtils.java:runAndLog(49)) - Successfully ran Files.createDirectories /home/runner/work/ratis/ratis/ratis-examples/target/test/data/da5193cb/MiniRaftClusterWithGrpca0a5e6cd/s8/297baee5-dc2b-48a1-b8b4-2c18ef48b090/current
2024-12-14 12:24:44,472 TRACE util.FileUtils (LogUtils.java:runAndLog(49)) - Successfully ran Files.createDirectories /home/runner/work/ratis/ratis/ratis-examples/target/test/data/da5193cb/MiniRaftClusterWithGrpca0a5e6cd/s8/297baee5-dc2b-48a1-b8b4-2c18ef48b090/sm
2024-12-14 12:24:44,472 TRACE util.FileUtils (LogUtils.java:supplyAndLog(69)) - Successfully supplied FileChannel.open /home/runner/work/ratis/ratis/ratis-examples/target/test/data/da5193cb/MiniRaftClusterWithGrpca0a5e6cd/s8/297baee5-dc2b-48a1-b8b4-2c18ef48b090/current/raft-meta.tmp with options [CREATE, WRITE]: sun.nio.ch.FileChannelImpl@24d14c00
2024-12-14 12:24:44,473 TRACE util.FileUtils (LogUtils.java:runAndLog(49)) - Successfully ran Atomic Files.move /home/runner/work/ratis/ratis/ratis-examples/target/test/data/da5193cb/MiniRaftClusterWithGrpca0a5e6cd/s8/297baee5-dc2b-48a1-b8b4-2c18ef48b090/current/raft-meta.tmp to /home/runner/work/ratis/ratis/ratis-examples/target/test/data/da5193cb/MiniRaftClusterWithGrpca0a5e6cd/s8/297baee5-dc2b-48a1-b8b4-2c18ef48b090/current/raft-meta with options [REPLACE_EXISTING]
2024-12-14 12:24:44,473 INFO  storage.RaftStorage (RaftStorageImpl.java:format(98)) - Storage directory /home/runner/work/ratis/ratis/ratis-examples/target/test/data/da5193cb/MiniRaftClusterWithGrpca0a5e6cd/s8/297baee5-dc2b-48a1-b8b4-2c18ef48b090 has been successfully formatted.
2024-12-14 12:24:44,473 WARN  statemachine.StateMachine (ArithmeticStateMachine.java:loadSnapshot(115)) - The snapshot info is null.
2024-12-14 12:24:44,473 INFO  server.RaftServerConfigKeys (ConfUtils.java:logGet(46)) - raft.server.log.use.memory = false (default)
2024-12-14 12:24:44,474 INFO  server.RaftServerConfigKeys (ConfUtils.java:logGet(46)) - raft.server.log.purge.gap = 1024 (default)
2024-12-14 12:24:44,474 INFO  server.RaftServerConfigKeys (ConfUtils.java:logGet(46)) - raft.server.log.appender.buffer.byte-limit = 4MB (=4194304) (default)
2024-12-14 12:24:44,474 INFO  server.RaftServerConfigKeys (ConfUtils.java:logGet(46)) - raft.server.log.statemachine.data.read.timeout = 1000ms (default)
2024-12-14 12:24:44,474 INFO  server.RaftServerConfigKeys (ConfUtils.java:logGet(46)) - raft.server.log.purge.preservation.log.num = 0 (default)
2024-12-14 12:24:44,474 INFO  server.RaftServerConfigKeys (ConfUtils.java:logGet(46)) - raft.server.log.segment.size.max = 32MB (=33554432) (default)
2024-12-14 12:24:44,474 INFO  server.RaftServerConfigKeys (ConfUtils.java:logGet(46)) - raft.server.log.segment.cache.num.max = 6 (default)
2024-12-14 12:24:44,474 INFO  server.RaftServerConfigKeys (ConfUtils.java:logGet(46)) - raft.server.log.segment.cache.size.max = 200MB (=209715200) (default)
2024-12-14 12:24:44,474 INFO  server.RaftServerConfigKeys (ConfUtils.java:logGet(46)) - raft.server.log.appender.buffer.byte-limit = 4MB (=4194304) (default)
2024-12-14 12:24:44,475 INFO  util.AwaitToRun (AwaitToRun.java:start(81)) - Thread[s8@group-2C18EF48B090-cacheEviction-AwaitToRun,5,main] started
2024-12-14 12:24:44,475 INFO  segmented.SegmentedRaftLogWorker (SegmentedRaftLogWorker.java:<init>(189)) - new s8@group-2C18EF48B090-SegmentedRaftLogWorker for RaftStorageImpl:Storage Directory /home/runner/work/ratis/ratis/ratis-examples/target/test/data/da5193cb/MiniRaftClusterWithGrpca0a5e6cd/s8/297baee5-dc2b-48a1-b8b4-2c18ef48b090
2024-12-14 12:24:44,475 INFO  server.RaftServerConfigKeys (ConfUtils.java:logGet(46)) - raft.server.log.queue.byte-limit = 64MB (=67108864) (default)
2024-12-14 12:24:44,475 INFO  server.RaftServerConfigKeys (ConfUtils.java:logGet(46)) - raft.server.log.queue.element-limit = 4096 (default)
2024-12-14 12:24:44,475 INFO  server.RaftServerConfigKeys (ConfUtils.java:logGet(46)) - raft.server.log.segment.size.max = 32MB (=33554432) (default)
2024-12-14 12:24:44,475 INFO  server.RaftServerConfigKeys (ConfUtils.java:logGet(46)) - raft.server.log.preallocated.size = 4MB (=4194304) (default)
2024-12-14 12:24:44,475 INFO  server.RaftServerConfigKeys (ConfUtils.java:logGet(46)) - raft.server.log.force.sync.num = 128 (default)
2024-12-14 12:24:44,475 INFO  server.RaftServerConfigKeys (ConfUtils.java:logGet(46)) - raft.server.log.statemachine.data.sync = true (default)
2024-12-14 12:24:44,475 INFO  server.RaftServerConfigKeys (ConfUtils.java:logGet(46)) - raft.server.log.statemachine.data.sync.timeout = 10s (default)
2024-12-14 12:24:44,475 INFO  server.RaftServerConfigKeys (ConfUtils.java:logGet(46)) - raft.server.log.statemachine.data.sync.timeout.retry = -1 (default)
2024-12-14 12:24:44,476 INFO  server.RaftServerConfigKeys (ConfUtils.java:logGet(46)) - raft.server.log.write.buffer.size = 8MB (=8388608) (default)
2024-12-14 12:24:44,477 INFO  server.RaftServerConfigKeys (ConfUtils.java:logGet(46)) - raft.server.log.appender.buffer.byte-limit = 4MB (=4194304) (default)
2024-12-14 12:24:44,478 INFO  server.RaftServerConfigKeys (ConfUtils.java:logGet(46)) - raft.server.log.unsafe-flush.enabled = false (default)
2024-12-14 12:24:44,478 INFO  server.RaftServerConfigKeys (ConfUtils.java:logGet(46)) - raft.server.log.async-flush.enabled = false (default)
2024-12-14 12:24:44,478 INFO  server.RaftServerConfigKeys (ConfUtils.java:logGet(46)) - raft.server.log.statemachine.data.caching.enabled = false (default)
2024-12-14 12:24:44,478 INFO  segmented.SegmentedRaftLogWorker (SegmentedRaftLogWorker.java:lambda$new$0(140)) - s8@group-2C18EF48B090-SegmentedRaftLogWorker: flushIndex: setUnconditionally 0 -> -1
2024-12-14 12:24:44,478 INFO  segmented.SegmentedRaftLogWorker (SegmentedRaftLogWorker.java:lambda$new$0(140)) - s8@group-2C18EF48B090-SegmentedRaftLogWorker: safeCacheEvictIndex: setUnconditionally 0 -> -1
2024-12-14 12:24:44,478 INFO  server.RaftServer$Division (RaftServerImpl.java:start(392)) - s8@group-2C18EF48B090: start as a follower, conf=conf: {index: -1, cur=peers:[s7|0.0.0.0:15007, s8|0.0.0.0:15008, s9|0.0.0.0:15009]|listeners:[], old=null}
2024-12-14 12:24:44,478 INFO  server.RaftServer$Division (RaftServerImpl.java:setRole(379)) - s8@group-2C18EF48B090: changes role from      null to FOLLOWER at term 0 for startAsFollower
2024-12-14 12:24:44,478 INFO  impl.RoleInfo (RoleInfo.java:updateAndGet(148)) - s8: start s8@group-2C18EF48B090-FollowerState
2024-12-14 12:24:44,479 INFO  server.RaftServerConfigKeys (ConfUtils.java:logFallback(53)) - raft.server.rpc.first-election.timeout.min = 300ms (fallback to raft.server.rpc.timeout.min)
2024-12-14 12:24:44,479 INFO  server.RaftServerConfigKeys (ConfUtils.java:logFallback(53)) - raft.server.rpc.first-election.timeout.max = 600ms (fallback to raft.server.rpc.timeout.max)
2024-12-14 12:24:44,479 INFO  util.JmxRegister (JmxRegister.java:tryRegister(44)) - Successfully registered JMX Bean with object name Ratis:service=RaftServer,group=group-2C18EF48B090,id=s8
2024-12-14 12:24:44,479 INFO  util.JmxRegister (JmxRegister.java:register(58)) - register mxBean class org.apache.ratis.server.impl.RaftServerJmxAdapter as Ratis:service=RaftServer,group=group-2C18EF48B090,id=s8
2024-12-14 12:24:44,479 INFO  server.RaftServerConfigKeys (ConfUtils.java:logGet(46)) - raft.server.snapshot.trigger-when-stop.enabled = true (default)
2024-12-14 12:24:44,479 INFO  server.RaftServerConfigKeys (ConfUtils.java:logGet(46)) - raft.server.snapshot.trigger-when-remove.enabled = true (default)
2024-12-14 12:24:44,479 INFO  server.RaftServerConfigKeys (ConfUtils.java:logGet(46)) - raft.server.snapshot.auto.trigger.enabled = false (default)
2024-12-14 12:24:44,480 INFO  server.RaftServerConfigKeys (ConfUtils.java:logGet(46)) - raft.server.snapshot.retention.file.num = -1 (default)
2024-12-14 12:24:44,480 INFO  server.RaftServerConfigKeys (ConfUtils.java:logGet(46)) - raft.server.log.purge.upto.snapshot.index = false (default)
2024-12-14 12:24:44,480 INFO  server.RaftServer$Division (RaftServerImpl.java:start(406)) - s8@group-2C18EF48B090: Successfully started.
2024-12-14 12:24:44,494 INFO  server.RaftServer (RaftServerProxy.java:addNew(101)) - s9: addNew group-2C18EF48B090:[s7|0.0.0.0:15007, s8|0.0.0.0:15008, s9|0.0.0.0:15009] returns group-2C18EF48B090:java.util.concurrent.CompletableFuture@783075ca[Not completed]
2024-12-14 12:24:44,495 INFO  server.RaftServer$Division (RaftServerImpl.java:<init>(256)) - s9: new RaftServerImpl for group-2C18EF48B090:[s7|0.0.0.0:15007, s8|0.0.0.0:15008, s9|0.0.0.0:15009] with ArithmeticStateMachine:uninitialized
2024-12-14 12:24:44,495 INFO  server.RaftServerConfigKeys (ConfUtils.java:logGet(46)) - raft.server.rpc.timeout.min = 300ms (custom)
2024-12-14 12:24:44,495 INFO  server.RaftServerConfigKeys (ConfUtils.java:logGet(46)) - raft.server.rpc.timeout.max = 600ms (custom)
2024-12-14 12:24:44,495 INFO  server.RaftServerConfigKeys (ConfUtils.java:logGet(46)) - raft.server.rpc.sleep.time = 25ms (default)
2024-12-14 12:24:44,495 INFO  server.RaftServerConfigKeys (ConfUtils.java:logGet(46)) - raft.server.rpc.slowness.timeout = 60s (default)
2024-12-14 12:24:44,495 INFO  server.RaftServerConfigKeys (ConfUtils.java:logGet(46)) - raft.server.leaderelection.leader.step-down.wait-time = 10s (default)
2024-12-14 12:24:44,495 INFO  server.RaftServerConfigKeys (ConfUtils.java:logGet(46)) - raft.server.leaderelection.member.majority-add = false (default)
2024-12-14 12:24:44,495 INFO  server.RaftServerConfigKeys (ConfUtils.java:logGet(46)) - raft.server.sleep.deviation.threshold = 300ms (default)
2024-12-14 12:24:44,495 INFO  server.RaftServer$Division (ServerState.java:<init>(114)) - s9@group-2C18EF48B090: ConfigurationManager, init=conf: {index: -1, cur=peers:[s7|0.0.0.0:15007, s8|0.0.0.0:15008, s9|0.0.0.0:15009]|listeners:[], old=null}, confs=<EMPTY_MAP>
2024-12-14 12:24:44,495 INFO  server.RaftServerConfigKeys (ConfUtils.java:logGet(46)) - raft.server.notification.no-leader.timeout = 60s (default)
2024-12-14 12:24:44,495 INFO  server.RaftServerConfigKeys (ConfUtils.java:logGet(46)) - raft.server.read.timeout = 10s (default)
2024-12-14 12:24:44,495 INFO  server.RaftServerConfigKeys (ConfUtils.java:logGet(46)) - raft.server.retrycache.expirytime = 60s (default)
2024-12-14 12:24:44,495 INFO  server.RaftServerConfigKeys (ConfUtils.java:logGet(46)) - raft.server.retrycache.statistics.expirytime = 100ms (default)
2024-12-14 12:24:44,495 INFO  server.RaftServerConfigKeys (ConfUtils.java:logGet(46)) - raft.server.read.option = DEFAULT (default)
2024-12-14 12:24:44,495 INFO  server.RaftServerConfigKeys (ConfUtils.java:logGet(46)) - raft.server.read.read-after-write-consistent.write-index-cache.expiry-time = 60s (default)
2024-12-14 12:24:44,496 INFO  server.RaftServerConfigKeys (ConfUtils.java:logGet(46)) - raft.server.rpc.request.timeout = 3000ms (default)
2024-12-14 12:24:44,496 INFO  server.RaftServerConfigKeys (ConfUtils.java:logGet(46)) - raft.server.log.appender.install.snapshot.enabled = true (default)
2024-12-14 12:24:44,496 INFO  server.RaftServerConfigKeys (ConfUtils.java:logGet(46)) - raft.server.threadpool.server.cached = true (default)
2024-12-14 12:24:44,496 INFO  server.RaftServerConfigKeys (ConfUtils.java:logGet(46)) - raft.server.threadpool.server.size = 0 (default)
2024-12-14 12:24:44,496 INFO  server.RaftServerConfigKeys (ConfUtils.java:logGet(46)) - raft.server.threadpool.client.cached = true (default)
2024-12-14 12:24:44,496 INFO  server.RaftServerConfigKeys (ConfUtils.java:logGet(46)) - raft.server.threadpool.client.size = 0 (default)
2024-12-14 12:24:44,496 INFO  server.RaftServerConfigKeys (ConfUtils.java:logGet(46)) - raft.server.storage.free-space.min = 0MB (=0) (default)
2024-12-14 12:24:44,496 INFO  server.RaftServerConfigKeys (ConfUtils.java:logGet(46)) - raft.server.log.corruption.policy = EXCEPTION (default)
2024-12-14 12:24:44,496 INFO  server.RaftServerConfigKeys (ConfUtils.java:logGet(46)) - raft.server.storage.dir = [/home/runner/work/ratis/ratis/ratis-examples/target/test/data/da5193cb/MiniRaftClusterWithGrpca0a5e6cd/s9] (custom)
2024-12-14 12:24:44,497 INFO  storage.RaftStorageDirectory (RaftStorageDirectoryImpl.java:analyzeStorage(138)) - The storage directory /home/runner/work/ratis/ratis/ratis-examples/target/test/data/da5193cb/MiniRaftClusterWithGrpca0a5e6cd/s9/297baee5-dc2b-48a1-b8b4-2c18ef48b090 does not exist. Creating ...
2024-12-14 12:24:44,497 TRACE util.FileUtils (LogUtils.java:runAndLog(49)) - Successfully ran Files.createDirectories /home/runner/work/ratis/ratis/ratis-examples/target/test/data/da5193cb/MiniRaftClusterWithGrpca0a5e6cd/s9/297baee5-dc2b-48a1-b8b4-2c18ef48b090
2024-12-14 12:24:44,498 INFO  storage.RaftStorageDirectory (RaftStorageDirectoryImpl.java:tryLock(229)) - Lock on /home/runner/work/ratis/ratis/ratis-examples/target/test/data/da5193cb/MiniRaftClusterWithGrpca0a5e6cd/s9/297baee5-dc2b-48a1-b8b4-2c18ef48b090/in_use.lock acquired by nodename 14700@fv-az733-880
2024-12-14 12:24:44,498 TRACE util.FileUtils (LogUtils.java:runAndLog(49)) - Successfully ran Files.createDirectories /home/runner/work/ratis/ratis/ratis-examples/target/test/data/da5193cb/MiniRaftClusterWithGrpca0a5e6cd/s9/297baee5-dc2b-48a1-b8b4-2c18ef48b090/current
2024-12-14 12:24:44,499 TRACE util.FileUtils (LogUtils.java:runAndLog(49)) - Successfully ran Files.createDirectories /home/runner/work/ratis/ratis/ratis-examples/target/test/data/da5193cb/MiniRaftClusterWithGrpca0a5e6cd/s9/297baee5-dc2b-48a1-b8b4-2c18ef48b090/sm
2024-12-14 12:24:44,499 TRACE util.FileUtils (LogUtils.java:supplyAndLog(69)) - Successfully supplied FileChannel.open /home/runner/work/ratis/ratis/ratis-examples/target/test/data/da5193cb/MiniRaftClusterWithGrpca0a5e6cd/s9/297baee5-dc2b-48a1-b8b4-2c18ef48b090/current/raft-meta.tmp with options [CREATE, WRITE]: sun.nio.ch.FileChannelImpl@776bfd7b
2024-12-14 12:24:44,500 TRACE util.FileUtils (LogUtils.java:runAndLog(49)) - Successfully ran Atomic Files.move /home/runner/work/ratis/ratis/ratis-examples/target/test/data/da5193cb/MiniRaftClusterWithGrpca0a5e6cd/s9/297baee5-dc2b-48a1-b8b4-2c18ef48b090/current/raft-meta.tmp to /home/runner/work/ratis/ratis/ratis-examples/target/test/data/da5193cb/MiniRaftClusterWithGrpca0a5e6cd/s9/297baee5-dc2b-48a1-b8b4-2c18ef48b090/current/raft-meta with options [REPLACE_EXISTING]
2024-12-14 12:24:44,500 INFO  storage.RaftStorage (RaftStorageImpl.java:format(98)) - Storage directory /home/runner/work/ratis/ratis/ratis-examples/target/test/data/da5193cb/MiniRaftClusterWithGrpca0a5e6cd/s9/297baee5-dc2b-48a1-b8b4-2c18ef48b090 has been successfully formatted.
2024-12-14 12:24:44,501 WARN  statemachine.StateMachine (ArithmeticStateMachine.java:loadSnapshot(115)) - The snapshot info is null.
2024-12-14 12:24:44,501 INFO  server.RaftServerConfigKeys (ConfUtils.java:logGet(46)) - raft.server.log.use.memory = false (default)
2024-12-14 12:24:44,501 INFO  server.RaftServerConfigKeys (ConfUtils.java:logGet(46)) - raft.server.log.purge.gap = 1024 (default)
2024-12-14 12:24:44,501 INFO  server.RaftServerConfigKeys (ConfUtils.java:logGet(46)) - raft.server.log.appender.buffer.byte-limit = 4MB (=4194304) (default)
2024-12-14 12:24:44,501 INFO  server.RaftServerConfigKeys (ConfUtils.java:logGet(46)) - raft.server.log.statemachine.data.read.timeout = 1000ms (default)
2024-12-14 12:24:44,501 INFO  server.RaftServerConfigKeys (ConfUtils.java:logGet(46)) - raft.server.log.purge.preservation.log.num = 0 (default)
2024-12-14 12:24:44,501 INFO  server.RaftServerConfigKeys (ConfUtils.java:logGet(46)) - raft.server.log.segment.size.max = 32MB (=33554432) (default)
2024-12-14 12:24:44,501 INFO  server.RaftServerConfigKeys (ConfUtils.java:logGet(46)) - raft.server.log.segment.cache.num.max = 6 (default)
2024-12-14 12:24:44,502 INFO  server.RaftServerConfigKeys (ConfUtils.java:logGet(46)) - raft.server.log.segment.cache.size.max = 200MB (=209715200) (default)
2024-12-14 12:24:44,502 INFO  server.RaftServerConfigKeys (ConfUtils.java:logGet(46)) - raft.server.log.appender.buffer.byte-limit = 4MB (=4194304) (default)
2024-12-14 12:24:44,502 INFO  util.AwaitToRun (AwaitToRun.java:start(81)) - Thread[s9@group-2C18EF48B090-cacheEviction-AwaitToRun,5,main] started
2024-12-14 12:24:44,502 INFO  segmented.SegmentedRaftLogWorker (SegmentedRaftLogWorker.java:<init>(189)) - new s9@group-2C18EF48B090-SegmentedRaftLogWorker for RaftStorageImpl:Storage Directory /home/runner/work/ratis/ratis/ratis-examples/target/test/data/da5193cb/MiniRaftClusterWithGrpca0a5e6cd/s9/297baee5-dc2b-48a1-b8b4-2c18ef48b090
2024-12-14 12:24:44,502 INFO  server.RaftServerConfigKeys (ConfUtils.java:logGet(46)) - raft.server.log.queue.byte-limit = 64MB (=67108864) (default)
2024-12-14 12:24:44,502 INFO  server.RaftServerConfigKeys (ConfUtils.java:logGet(46)) - raft.server.log.queue.element-limit = 4096 (default)
2024-12-14 12:24:44,502 INFO  server.RaftServerConfigKeys (ConfUtils.java:logGet(46)) - raft.server.log.segment.size.max = 32MB (=33554432) (default)
2024-12-14 12:24:44,502 INFO  server.RaftServerConfigKeys (ConfUtils.java:logGet(46)) - raft.server.log.preallocated.size = 4MB (=4194304) (default)
2024-12-14 12:24:44,502 INFO  server.RaftServerConfigKeys (ConfUtils.java:logGet(46)) - raft.server.log.force.sync.num = 128 (default)
2024-12-14 12:24:44,502 INFO  server.RaftServerConfigKeys (ConfUtils.java:logGet(46)) - raft.server.log.statemachine.data.sync = true (default)
2024-12-14 12:24:44,502 INFO  server.RaftServerConfigKeys (ConfUtils.java:logGet(46)) - raft.server.log.statemachine.data.sync.timeout = 10s (default)
2024-12-14 12:24:44,503 INFO  server.RaftServerConfigKeys (ConfUtils.java:logGet(46)) - raft.server.log.statemachine.data.sync.timeout.retry = -1 (default)
2024-12-14 12:24:44,503 INFO  server.RaftServerConfigKeys (ConfUtils.java:logGet(46)) - raft.server.log.write.buffer.size = 8MB (=8388608) (default)
2024-12-14 12:24:44,505 INFO  server.RaftServerConfigKeys (ConfUtils.java:logGet(46)) - raft.server.log.appender.buffer.byte-limit = 4MB (=4194304) (default)
2024-12-14 12:24:44,505 INFO  server.RaftServerConfigKeys (ConfUtils.java:logGet(46)) - raft.server.log.unsafe-flush.enabled = false (default)
2024-12-14 12:24:44,505 INFO  server.RaftServerConfigKeys (ConfUtils.java:logGet(46)) - raft.server.log.async-flush.enabled = false (default)
2024-12-14 12:24:44,505 INFO  server.RaftServerConfigKeys (ConfUtils.java:logGet(46)) - raft.server.log.statemachine.data.caching.enabled = false (default)
2024-12-14 12:24:44,505 INFO  segmented.SegmentedRaftLogWorker (SegmentedRaftLogWorker.java:lambda$new$0(140)) - s9@group-2C18EF48B090-SegmentedRaftLogWorker: flushIndex: setUnconditionally 0 -> -1
2024-12-14 12:24:44,505 INFO  segmented.SegmentedRaftLogWorker (SegmentedRaftLogWorker.java:lambda$new$0(140)) - s9@group-2C18EF48B090-SegmentedRaftLogWorker: safeCacheEvictIndex: setUnconditionally 0 -> -1
2024-12-14 12:24:44,505 INFO  server.RaftServer$Division (RaftServerImpl.java:start(392)) - s9@group-2C18EF48B090: start as a follower, conf=conf: {index: -1, cur=peers:[s7|0.0.0.0:15007, s8|0.0.0.0:15008, s9|0.0.0.0:15009]|listeners:[], old=null}
2024-12-14 12:24:44,505 INFO  server.RaftServer$Division (RaftServerImpl.java:setRole(379)) - s9@group-2C18EF48B090: changes role from      null to FOLLOWER at term 0 for startAsFollower
2024-12-14 12:24:44,505 INFO  impl.RoleInfo (RoleInfo.java:updateAndGet(148)) - s9: start s9@group-2C18EF48B090-FollowerState
2024-12-14 12:24:44,506 INFO  util.JmxRegister (JmxRegister.java:tryRegister(44)) - Successfully registered JMX Bean with object name Ratis:service=RaftServer,group=group-2C18EF48B090,id=s9
2024-12-14 12:24:44,506 INFO  util.JmxRegister (JmxRegister.java:register(58)) - register mxBean class org.apache.ratis.server.impl.RaftServerJmxAdapter as Ratis:service=RaftServer,group=group-2C18EF48B090,id=s9
2024-12-14 12:24:44,506 INFO  server.RaftServerConfigKeys (ConfUtils.java:logGet(46)) - raft.server.snapshot.trigger-when-stop.enabled = true (default)
2024-12-14 12:24:44,506 INFO  server.RaftServerConfigKeys (ConfUtils.java:logGet(46)) - raft.server.snapshot.trigger-when-remove.enabled = true (default)
2024-12-14 12:24:44,506 INFO  server.RaftServerConfigKeys (ConfUtils.java:logGet(46)) - raft.server.snapshot.auto.trigger.enabled = false (default)
2024-12-14 12:24:44,506 INFO  server.RaftServerConfigKeys (ConfUtils.java:logGet(46)) - raft.server.snapshot.retention.file.num = -1 (default)
2024-12-14 12:24:44,506 INFO  server.RaftServerConfigKeys (ConfUtils.java:logGet(46)) - raft.server.log.purge.upto.snapshot.index = false (default)
2024-12-14 12:24:44,506 INFO  server.RaftServerConfigKeys (ConfUtils.java:logFallback(53)) - raft.server.rpc.first-election.timeout.min = 300ms (fallback to raft.server.rpc.timeout.min)
2024-12-14 12:24:44,506 INFO  server.RaftServer$Division (RaftServerImpl.java:start(406)) - s9@group-2C18EF48B090: Successfully started.
2024-12-14 12:24:44,507 INFO  server.RaftServerConfigKeys (ConfUtils.java:logFallback(53)) - raft.server.rpc.first-election.timeout.max = 600ms (fallback to raft.server.rpc.timeout.max)
2024-12-14 12:24:44,517 INFO  server.RaftServerConfigKeys (ConfUtils.java:logGet(46)) - raft.server.rpc.timeout.max = 600ms (custom)
2024-12-14 12:24:44,518 INFO  ratis.RaftTestUtil (RaftTestUtil.java:waitForLeader(107)) - printing group-2C18EF48B090
  s7:  RUNNING [
   FOLLOWER s7@group-2C18EF48B090:t0, leader=null, voted=, raftlog=Memoized:s7@group-2C18EF48B090-SegmentedRaftLog:OPENED:c-1:lastnull, conf=conf: {index: -1, cur=peers:[s7|0.0.0.0:15007, s8|0.0.0.0:15008, s9|0.0.0.0:15009]|listeners:[], old=null} RUNNING
   FOLLOWER s7@group-40388BE3F4D5:t0, leader=null, voted=, raftlog=Memoized:s7@group-40388BE3F4D5-SegmentedRaftLog:OPENED:c-1:lastnull, conf=conf: {index: -1, cur=peers:[]|listeners:[], old=null} STARTING] size=2
  s8:  RUNNING [
   FOLLOWER s8@group-2C18EF48B090:t0, leader=null, voted=, raftlog=Memoized:s8@group-2C18EF48B090-SegmentedRaftLog:OPENED:c-1:lastnull, conf=conf: {index: -1, cur=peers:[s7|0.0.0.0:15007, s8|0.0.0.0:15008, s9|0.0.0.0:15009]|listeners:[], old=null} RUNNING
   FOLLOWER s8@group-40388BE3F4D5:t0, leader=null, voted=, raftlog=Memoized:s8@group-40388BE3F4D5-SegmentedRaftLog:OPENED:c-1:lastnull, conf=conf: {index: -1, cur=peers:[]|listeners:[], old=null} STARTING] size=2
  s9:  RUNNING [
   FOLLOWER s9@group-2C18EF48B090:t0, leader=null, voted=, raftlog=Memoized:s9@group-2C18EF48B090-SegmentedRaftLog:OPENED:c-1:lastnull, conf=conf: {index: -1, cur=peers:[s7|0.0.0.0:15007, s8|0.0.0.0:15008, s9|0.0.0.0:15009]|listeners:[], old=null} RUNNING
   FOLLOWER s9@group-40388BE3F4D5:t0, leader=null, voted=, raftlog=Memoized:s9@group-40388BE3F4D5-SegmentedRaftLog:OPENED:c-1:lastnull, conf=conf: {index: -1, cur=peers:[]|listeners:[], old=null} STARTING] size=2
2024-12-14 12:24:44,519 WARN  ratis.RaftTestUtil (RaftTestUtil.java:lambda$waitForLeader$3(126)) - Attempt #1 failed: java.lang.IllegalStateException: No leader yet  for group-2C18EF48B090: printing group-2C18EF48B090
  s7:  RUNNING [
   FOLLOWER s7@group-2C18EF48B090:t0, leader=null, voted=, raftlog=Memoized:s7@group-2C18EF48B090-SegmentedRaftLog:OPENED:c-1:lastnull, conf=conf: {index: -1, cur=peers:[s7|0.0.0.0:15007, s8|0.0.0.0:15008, s9|0.0.0.0:15009]|listeners:[], old=null} RUNNING
   FOLLOWER s7@group-40388BE3F4D5:t0, leader=null, voted=, raftlog=Memoized:s7@group-40388BE3F4D5-SegmentedRaftLog:OPENED:c-1:lastnull, conf=conf: {index: -1, cur=peers:[]|listeners:[], old=null} STARTING] size=2
  s8:  RUNNING [
   FOLLOWER s8@group-2C18EF48B090:t0, leader=null, voted=, raftlog=Memoized:s8@group-2C18EF48B090-SegmentedRaftLog:OPENED:c-1:lastnull, conf=conf: {index: -1, cur=peers:[s7|0.0.0.0:15007, s8|0.0.0.0:15008, s9|0.0.0.0:15009]|listeners:[], old=null} RUNNING
   FOLLOWER s8@group-40388BE3F4D5:t0, leader=null, voted=, raftlog=Memoized:s8@group-40388BE3F4D5-SegmentedRaftLog:OPENED:c-1:lastnull, conf=conf: {index: -1, cur=peers:[]|listeners:[], old=null} STARTING] size=2
  s9:  RUNNING [
   FOLLOWER s9@group-2C18EF48B090:t0, leader=null, voted=, raftlog=Memoized:s9@group-2C18EF48B090-SegmentedRaftLog:OPENED:c-1:lastnull, conf=conf: {index: -1, cur=peers:[s7|0.0.0.0:15007, s8|0.0.0.0:15008, s9|0.0.0.0:15009]|listeners:[], old=null} RUNNING
   FOLLOWER s9@group-40388BE3F4D5:t0, leader=null, voted=, raftlog=Memoized:s9@group-40388BE3F4D5-SegmentedRaftLog:OPENED:c-1:lastnull, conf=conf: {index: -1, cur=peers:[]|listeners:[], old=null} STARTING] size=2
2024-12-14 12:24:44,807 INFO  impl.FollowerState (FollowerState.java:runImpl(161)) - s7@group-2C18EF48B090-FollowerState: change to CANDIDATE, lastRpcElapsedTime:359259155ns, electionTimeout:358ms
2024-12-14 12:24:44,807 INFO  impl.RoleInfo (RoleInfo.java:shutdownFollowerState(121)) - s7: shutdown s7@group-2C18EF48B090-FollowerState
2024-12-14 12:24:44,807 INFO  server.RaftServer$Division (RaftServerImpl.java:setRole(379)) - s7@group-2C18EF48B090: changes role from  FOLLOWER to CANDIDATE at term 0 for changeToCandidate
2024-12-14 12:24:44,807 INFO  server.RaftServerConfigKeys (ConfUtils.java:logGet(46)) - raft.server.leaderelection.pre-vote = true (default)
2024-12-14 12:24:44,808 INFO  impl.RoleInfo (RoleInfo.java:updateAndGet(148)) - s7: start s7@group-2C18EF48B090-LeaderElection16
2024-12-14 12:24:44,808 INFO  impl.LeaderElection (LeaderElection.java:askForVotes(332)) - s7@group-2C18EF48B090-LeaderElection16 PRE_VOTE round 0: submit vote requests at term 0 for conf: {index: -1, cur=peers:[s7|0.0.0.0:15007, s8|0.0.0.0:15008, s9|0.0.0.0:15009]|listeners:[], old=null}
2024-12-14 12:24:44,809 INFO  server.GrpcServerProtocolClient (GrpcServerProtocolClient.java:<init>(65)) - Build channel for s8|0.0.0.0:15008
2024-12-14 12:24:44,809 INFO  server.GrpcServerProtocolClient (GrpcServerProtocolClient.java:<init>(65)) - Build channel for s9|0.0.0.0:15009
2024-12-14 12:24:44,809 INFO  server.RaftServerConfigKeys (ConfUtils.java:logFallback(53)) - raft.server.rpc.first-election.timeout.min = 300ms (fallback to raft.server.rpc.timeout.min)
2024-12-14 12:24:44,809 INFO  server.RaftServerConfigKeys (ConfUtils.java:logFallback(53)) - raft.server.rpc.first-election.timeout.max = 600ms (fallback to raft.server.rpc.timeout.max)
2024-12-14 12:24:44,815 INFO  server.RaftServer$Division (RaftServerImpl.java:requestVote(1452)) - s8@group-2C18EF48B090: receive requestVote(PRE_VOTE, s7, group-2C18EF48B090, 0, (t:0, i:0))
2024-12-14 12:24:44,815 INFO  impl.VoteContext (VoteContext.java:log(49)) - s8@group-2C18EF48B090-FOLLOWER: accept PRE_VOTE from s7: our priority 0 <= candidate's priority 0
2024-12-14 12:24:44,815 INFO  server.RaftServer$Division (RaftServerImpl.java:requestVote(1486)) - s8@group-2C18EF48B090 replies to PRE_VOTE vote request: s7<-s8#0:OK-t0. Peer's state: s8@group-2C18EF48B090:t0, leader=null, voted=, raftlog=Memoized:s8@group-2C18EF48B090-SegmentedRaftLog:OPENED:c-1:lastnull, conf=conf: {index: -1, cur=peers:[s7|0.0.0.0:15007, s8|0.0.0.0:15008, s9|0.0.0.0:15009]|listeners:[], old=null}
2024-12-14 12:24:44,817 INFO  server.RaftServer$Division (RaftServerImpl.java:requestVote(1452)) - s9@group-2C18EF48B090: receive requestVote(PRE_VOTE, s7, group-2C18EF48B090, 0, (t:0, i:0))
2024-12-14 12:24:44,817 INFO  impl.VoteContext (VoteContext.java:log(49)) - s9@group-2C18EF48B090-FOLLOWER: accept PRE_VOTE from s7: our priority 0 <= candidate's priority 0
2024-12-14 12:24:44,817 INFO  server.RaftServer$Division (RaftServerImpl.java:requestVote(1486)) - s9@group-2C18EF48B090 replies to PRE_VOTE vote request: s7<-s9#0:OK-t0. Peer's state: s9@group-2C18EF48B090:t0, leader=null, voted=, raftlog=Memoized:s9@group-2C18EF48B090-SegmentedRaftLog:OPENED:c-1:lastnull, conf=conf: {index: -1, cur=peers:[s7|0.0.0.0:15007, s8|0.0.0.0:15008, s9|0.0.0.0:15009]|listeners:[], old=null}
2024-12-14 12:24:44,818 INFO  impl.LeaderElection (LeaderElection.java:logAndReturn(90)) - s7@group-2C18EF48B090-LeaderElection16: PRE_VOTE PASSED received 1 response(s) and 0 exception(s):
2024-12-14 12:24:44,818 INFO  impl.LeaderElection (LeaderElection.java:logAndReturn(94)) -   Response 0: s7<-s8#0:OK-t0
2024-12-14 12:24:44,818 INFO  impl.LeaderElection (LeaderElection.java:askForVotes(334)) - s7@group-2C18EF48B090-LeaderElection16 PRE_VOTE round 0: result PASSED
2024-12-14 12:24:44,818 TRACE util.FileUtils (LogUtils.java:supplyAndLog(69)) - Successfully supplied FileChannel.open /home/runner/work/ratis/ratis/ratis-examples/target/test/data/da5193cb/MiniRaftClusterWithGrpca0a5e6cd/s7/297baee5-dc2b-48a1-b8b4-2c18ef48b090/current/raft-meta.tmp with options [CREATE, WRITE]: sun.nio.ch.FileChannelImpl@6f866aee
2024-12-14 12:24:44,820 TRACE util.FileUtils (LogUtils.java:runAndLog(49)) - Successfully ran Atomic Files.move /home/runner/work/ratis/ratis/ratis-examples/target/test/data/da5193cb/MiniRaftClusterWithGrpca0a5e6cd/s7/297baee5-dc2b-48a1-b8b4-2c18ef48b090/current/raft-meta.tmp to /home/runner/work/ratis/ratis/ratis-examples/target/test/data/da5193cb/MiniRaftClusterWithGrpca0a5e6cd/s7/297baee5-dc2b-48a1-b8b4-2c18ef48b090/current/raft-meta with options [REPLACE_EXISTING]
2024-12-14 12:24:44,820 INFO  impl.LeaderElection (LeaderElection.java:askForVotes(332)) - s7@group-2C18EF48B090-LeaderElection16 ELECTION round 0: submit vote requests at term 1 for conf: {index: -1, cur=peers:[s7|0.0.0.0:15007, s8|0.0.0.0:15008, s9|0.0.0.0:15009]|listeners:[], old=null}
2024-12-14 12:24:44,821 INFO  server.RaftServerConfigKeys (ConfUtils.java:logFallback(53)) - raft.server.rpc.first-election.timeout.min = 300ms (fallback to raft.server.rpc.timeout.min)
2024-12-14 12:24:44,821 INFO  server.RaftServerConfigKeys (ConfUtils.java:logFallback(53)) - raft.server.rpc.first-election.timeout.max = 600ms (fallback to raft.server.rpc.timeout.max)
2024-12-14 12:24:44,821 INFO  server.RaftServer$Division (RaftServerImpl.java:requestVote(1452)) - s8@group-2C18EF48B090: receive requestVote(ELECTION, s7, group-2C18EF48B090, 1, (t:0, i:0))
2024-12-14 12:24:44,821 INFO  impl.VoteContext (VoteContext.java:log(49)) - s8@group-2C18EF48B090-FOLLOWER: accept ELECTION from s7: our priority 0 <= candidate's priority 0
2024-12-14 12:24:44,821 INFO  server.RaftServer$Division (RaftServerImpl.java:setRole(379)) - s8@group-2C18EF48B090: changes role from  FOLLOWER to FOLLOWER at term 0 for candidate:s7
2024-12-14 12:24:44,821 INFO  impl.RoleInfo (RoleInfo.java:shutdownFollowerState(121)) - s8: shutdown s8@group-2C18EF48B090-FollowerState
2024-12-14 12:24:44,822 INFO  impl.FollowerState (FollowerState.java:runImpl(170)) - s8@group-2C18EF48B090-FollowerState was interrupted
2024-12-14 12:24:44,822 INFO  impl.RoleInfo (RoleInfo.java:updateAndGet(148)) - s8: start s8@group-2C18EF48B090-FollowerState
2024-12-14 12:24:44,822 INFO  server.RaftServer$Division (RaftServerImpl.java:setFirstElection(563)) - s8@group-2C18EF48B090: set firstElectionSinceStartup to false for candidate:s7
2024-12-14 12:24:44,822 TRACE util.FileUtils (LogUtils.java:supplyAndLog(69)) - Successfully supplied FileChannel.open /home/runner/work/ratis/ratis/ratis-examples/target/test/data/da5193cb/MiniRaftClusterWithGrpca0a5e6cd/s8/297baee5-dc2b-48a1-b8b4-2c18ef48b090/current/raft-meta.tmp with options [CREATE, WRITE]: sun.nio.ch.FileChannelImpl@4f557353
2024-12-14 12:24:44,823 TRACE util.FileUtils (LogUtils.java:runAndLog(49)) - Successfully ran Atomic Files.move /home/runner/work/ratis/ratis/ratis-examples/target/test/data/da5193cb/MiniRaftClusterWithGrpca0a5e6cd/s8/297baee5-dc2b-48a1-b8b4-2c18ef48b090/current/raft-meta.tmp to /home/runner/work/ratis/ratis/ratis-examples/target/test/data/da5193cb/MiniRaftClusterWithGrpca0a5e6cd/s8/297baee5-dc2b-48a1-b8b4-2c18ef48b090/current/raft-meta with options [REPLACE_EXISTING]
2024-12-14 12:24:44,823 INFO  server.RaftServer$Division (RaftServerImpl.java:requestVote(1452)) - s9@group-2C18EF48B090: receive requestVote(ELECTION, s7, group-2C18EF48B090, 1, (t:0, i:0))
2024-12-14 12:24:44,823 INFO  server.RaftServer$Division (RaftServerImpl.java:requestVote(1486)) - s8@group-2C18EF48B090 replies to ELECTION vote request: s7<-s8#0:OK-t1. Peer's state: s8@group-2C18EF48B090:t1, leader=null, voted=s7, raftlog=Memoized:s8@group-2C18EF48B090-SegmentedRaftLog:OPENED:c-1:lastnull, conf=conf: {index: -1, cur=peers:[s7|0.0.0.0:15007, s8|0.0.0.0:15008, s9|0.0.0.0:15009]|listeners:[], old=null}
2024-12-14 12:24:44,824 INFO  impl.VoteContext (VoteContext.java:log(49)) - s9@group-2C18EF48B090-FOLLOWER: accept ELECTION from s7: our priority 0 <= candidate's priority 0
2024-12-14 12:24:44,824 INFO  server.RaftServer$Division (RaftServerImpl.java:setRole(379)) - s9@group-2C18EF48B090: changes role from  FOLLOWER to FOLLOWER at term 0 for candidate:s7
2024-12-14 12:24:44,824 INFO  impl.RoleInfo (RoleInfo.java:shutdownFollowerState(121)) - s9: shutdown s9@group-2C18EF48B090-FollowerState
2024-12-14 12:24:44,825 INFO  impl.RoleInfo (RoleInfo.java:updateAndGet(148)) - s9: start s9@group-2C18EF48B090-FollowerState
2024-12-14 12:24:44,825 INFO  server.RaftServer$Division (RaftServerImpl.java:setFirstElection(563)) - s9@group-2C18EF48B090: set firstElectionSinceStartup to false for candidate:s7
2024-12-14 12:24:44,825 TRACE util.FileUtils (LogUtils.java:supplyAndLog(69)) - Successfully supplied FileChannel.open /home/runner/work/ratis/ratis/ratis-examples/target/test/data/da5193cb/MiniRaftClusterWithGrpca0a5e6cd/s9/297baee5-dc2b-48a1-b8b4-2c18ef48b090/current/raft-meta.tmp with options [CREATE, WRITE]: sun.nio.ch.FileChannelImpl@47c1ddab
2024-12-14 12:24:44,826 TRACE util.FileUtils (LogUtils.java:runAndLog(49)) - Successfully ran Atomic Files.move /home/runner/work/ratis/ratis/ratis-examples/target/test/data/da5193cb/MiniRaftClusterWithGrpca0a5e6cd/s9/297baee5-dc2b-48a1-b8b4-2c18ef48b090/current/raft-meta.tmp to /home/runner/work/ratis/ratis/ratis-examples/target/test/data/da5193cb/MiniRaftClusterWithGrpca0a5e6cd/s9/297baee5-dc2b-48a1-b8b4-2c18ef48b090/current/raft-meta with options [REPLACE_EXISTING]
2024-12-14 12:24:44,826 INFO  server.RaftServer$Division (RaftServerImpl.java:requestVote(1486)) - s9@group-2C18EF48B090 replies to ELECTION vote request: s7<-s9#0:OK-t1. Peer's state: s9@group-2C18EF48B090:t1, leader=null, voted=s7, raftlog=Memoized:s9@group-2C18EF48B090-SegmentedRaftLog:OPENED:c-1:lastnull, conf=conf: {index: -1, cur=peers:[s7|0.0.0.0:15007, s8|0.0.0.0:15008, s9|0.0.0.0:15009]|listeners:[], old=null}
2024-12-14 12:24:44,830 INFO  impl.FollowerState (FollowerState.java:runImpl(170)) - s9@group-2C18EF48B090-FollowerState was interrupted
2024-12-14 12:24:44,832 INFO  impl.LeaderElection (LeaderElection.java:logAndReturn(90)) - s7@group-2C18EF48B090-LeaderElection16: ELECTION PASSED received 1 response(s) and 0 exception(s):
2024-12-14 12:24:44,832 INFO  impl.LeaderElection (LeaderElection.java:logAndReturn(94)) -   Response 0: s7<-s8#0:OK-t1
2024-12-14 12:24:44,832 INFO  impl.LeaderElection (LeaderElection.java:askForVotes(334)) - s7@group-2C18EF48B090-LeaderElection16 ELECTION round 0: result PASSED
2024-12-14 12:24:44,832 INFO  impl.RoleInfo (RoleInfo.java:shutdownLeaderElection(141)) - s7: shutdown s7@group-2C18EF48B090-LeaderElection16
2024-12-14 12:24:44,832 INFO  server.RaftServer$Division (RaftServerImpl.java:setRole(379)) - s7@group-2C18EF48B090: changes role from CANDIDATE to LEADER at term 1 for changeToLeader
2024-12-14 12:24:44,832 INFO  server.RaftServerConfigKeys (ConfUtils.java:logGet(46)) - raft.server.staging.catchup.gap = 1000 (default)
2024-12-14 12:24:44,832 INFO  server.RaftServerConfigKeys (ConfUtils.java:logGet(46)) - raft.server.write.element-limit = 4096 (default)
2024-12-14 12:24:44,832 INFO  server.RaftServerConfigKeys (ConfUtils.java:logGet(46)) - raft.server.write.byte-limit = 64MB (=67108864) (default)
2024-12-14 12:24:44,832 INFO  server.RaftServerConfigKeys (ConfUtils.java:logGet(46)) - raft.server.watch.timeout = 10s (default)
2024-12-14 12:24:44,832 INFO  server.RaftServerConfigKeys (ConfUtils.java:logGet(46)) - raft.server.watch.timeout.denomination = 1s (default)
2024-12-14 12:24:44,832 INFO  server.RaftServerConfigKeys (ConfUtils.java:logGet(46)) - raft.server.watch.element-limit = 65536 (default)
2024-12-14 12:24:44,832 INFO  server.RaftServerConfigKeys (ConfUtils.java:logGet(46)) - raft.server.read.leader.lease.enabled = false (default)
2024-12-14 12:24:44,833 INFO  server.RaftServerConfigKeys (ConfUtils.java:logGet(46)) - raft.server.read.leader.lease.timeout.ratio = 0.9 (default)
2024-12-14 12:24:44,833 INFO  server.RaftServerConfigKeys (ConfUtils.java:logGet(46)) - raft.server.rpc.timeout.min = 300ms (custom)
2024-12-14 12:24:44,833 INFO  server.RaftServerConfigKeys (ConfUtils.java:logGet(46)) - raft.server.log.log-metadata.enabled = true (default)
2024-12-14 12:24:44,833 INFO  server.RaftServerConfigKeys (ConfUtils.java:logGet(46)) - raft.server.write.element-limit = 4096 (default)
2024-12-14 12:24:44,833 INFO  server.RaftServerConfigKeys (ConfUtils.java:logGet(46)) - raft.server.write.follower.gap.ratio.max = -1.0 (default)
2024-12-14 12:24:44,833 INFO  server.RaftServerConfigKeys (ConfUtils.java:logGet(46)) - raft.server.log.appender.snapshot.chunk.size.max = 16MB (=16777216) (default)
2024-12-14 12:24:44,833 INFO  server.RaftServerConfigKeys (ConfUtils.java:logGet(46)) - raft.server.log.appender.buffer.byte-limit = 4MB (=4194304) (default)
2024-12-14 12:24:44,833 INFO  server.RaftServerConfigKeys (ConfUtils.java:logGet(46)) - raft.server.log.appender.buffer.element-limit = 0 (default)
2024-12-14 12:24:44,833 INFO  server.RaftServerConfigKeys (ConfUtils.java:logGet(46)) - raft.server.log.appender.wait-time.min = 1ms (default)
2024-12-14 12:24:44,833 INFO  grpc.GrpcConfigKeys (ConfUtils.java:logGet(46)) - raft.grpc.server.leader.outstanding.appends.max = 8 (default)
2024-12-14 12:24:44,833 INFO  server.RaftServerConfigKeys (ConfUtils.java:logGet(46)) - raft.server.rpc.request.timeout = 3000ms (default)
2024-12-14 12:24:44,833 INFO  grpc.GrpcConfigKeys (ConfUtils.java:logGet(46)) - raft.grpc.server.install_snapshot.request.element-limit = 8 (default)
2024-12-14 12:24:44,833 INFO  grpc.GrpcConfigKeys (ConfUtils.java:logGet(46)) - raft.grpc.server.install_snapshot.request.timeout = 3000ms (default)
2024-12-14 12:24:44,834 INFO  grpc.GrpcConfigKeys (ConfUtils.java:logGet(46)) - raft.grpc.server.log-message.batch.duration = 5s (default)
2024-12-14 12:24:44,834 INFO  server.RaftServerConfigKeys (ConfUtils.java:logGet(46)) - raft.server.log.appender.install.snapshot.enabled = true (default)
2024-12-14 12:24:44,834 INFO  grpc.GrpcConfigKeys (ConfUtils.java:logGet(46)) - raft.grpc.server.heartbeat.channel = true (default)
2024-12-14 12:24:44,834 INFO  server.RaftServerConfigKeys (ConfUtils.java:logGet(46)) - raft.server.log.appender.snapshot.chunk.size.max = 16MB (=16777216) (default)
2024-12-14 12:24:44,834 INFO  server.RaftServerConfigKeys (ConfUtils.java:logGet(46)) - raft.server.log.appender.buffer.byte-limit = 4MB (=4194304) (default)
2024-12-14 12:24:44,834 INFO  server.RaftServerConfigKeys (ConfUtils.java:logGet(46)) - raft.server.log.appender.buffer.element-limit = 0 (default)
2024-12-14 12:24:44,834 INFO  server.RaftServerConfigKeys (ConfUtils.java:logGet(46)) - raft.server.log.appender.wait-time.min = 1ms (default)
2024-12-14 12:24:44,834 INFO  grpc.GrpcConfigKeys (ConfUtils.java:logGet(46)) - raft.grpc.server.leader.outstanding.appends.max = 8 (default)
2024-12-14 12:24:44,834 INFO  server.RaftServerConfigKeys (ConfUtils.java:logGet(46)) - raft.server.rpc.request.timeout = 3000ms (default)
2024-12-14 12:24:44,834 INFO  grpc.GrpcConfigKeys (ConfUtils.java:logGet(46)) - raft.grpc.server.install_snapshot.request.element-limit = 8 (default)
2024-12-14 12:24:44,834 INFO  grpc.GrpcConfigKeys (ConfUtils.java:logGet(46)) - raft.grpc.server.install_snapshot.request.timeout = 3000ms (default)
2024-12-14 12:24:44,834 INFO  grpc.GrpcConfigKeys (ConfUtils.java:logGet(46)) - raft.grpc.server.log-message.batch.duration = 5s (default)
2024-12-14 12:24:44,834 INFO  server.RaftServerConfigKeys (ConfUtils.java:logGet(46)) - raft.server.log.appender.install.snapshot.enabled = true (default)
2024-12-14 12:24:44,835 INFO  grpc.GrpcConfigKeys (ConfUtils.java:logGet(46)) - raft.grpc.server.heartbeat.channel = true (default)
2024-12-14 12:24:44,835 INFO  impl.RoleInfo (RoleInfo.java:updateAndGet(148)) - s7: start s7@group-2C18EF48B090-LeaderStateImpl
2024-12-14 12:24:44,835 INFO  server.RaftServer$Division (RaftServerImpl.java:setFirstElection(563)) - s7@group-2C18EF48B090: set firstElectionSinceStartup to false for becomeLeader
2024-12-14 12:24:44,835 INFO  server.RaftServer$Division (ServerState.java:setLeader(272)) - s7@group-2C18EF48B090: change Leader from null to s7 at term 1 for becomeLeader, leader elected after 401ms
2024-12-14 12:24:44,835 INFO  segmented.SegmentedRaftLogWorker (SegmentedRaftLogWorker.java:startLogSegment(443)) - s7@group-2C18EF48B090-SegmentedRaftLogWorker: Starting segment from index:0
2024-12-14 12:24:44,835 INFO  server.RaftServer$Division (ServerState.java:setRaftConf(386)) - s7@group-2C18EF48B090: set configuration conf: {index: 0, cur=peers:[s7|0.0.0.0:15007, s8|0.0.0.0:15008, s9|0.0.0.0:15009]|listeners:[], old=null}
2024-12-14 12:24:44,835 INFO  segmented.BufferedWriteChannel (BufferedWriteChannel.java:open(61)) - open log_inprogress_0 at position 0
2024-12-14 12:24:44,845 INFO  server.RaftServer$Division (ServerState.java:setLeader(272)) - s8@group-2C18EF48B090: change Leader from null to s7 at term 1 for appendEntries, leader elected after 375ms
2024-12-14 12:24:44,846 INFO  server.RaftServer$Division (ServerState.java:setRaftConf(386)) - s8@group-2C18EF48B090: set configuration conf: {index: 0, cur=peers:[s7|0.0.0.0:15007, s8|0.0.0.0:15008, s9|0.0.0.0:15009]|listeners:[], old=null}
2024-12-14 12:24:44,846 INFO  segmented.SegmentedRaftLogWorker (SegmentedRaftLogWorker.java:startLogSegment(443)) - s8@group-2C18EF48B090-SegmentedRaftLogWorker: Starting segment from index:0
2024-12-14 12:24:44,846 INFO  server.RaftServer$Division (ServerState.java:setLeader(272)) - s9@group-2C18EF48B090: change Leader from null to s7 at term 1 for appendEntries, leader elected after 351ms
2024-12-14 12:24:44,848 INFO  server.RaftServer$Division (ServerState.java:setRaftConf(386)) - s9@group-2C18EF48B090: set configuration conf: {index: 0, cur=peers:[s7|0.0.0.0:15007, s8|0.0.0.0:15008, s9|0.0.0.0:15009]|listeners:[], old=null}
2024-12-14 12:24:44,848 INFO  segmented.SegmentedRaftLogWorker (SegmentedRaftLogWorker.java:startLogSegment(443)) - s9@group-2C18EF48B090-SegmentedRaftLogWorker: Starting segment from index:0
2024-12-14 12:24:44,848 INFO  segmented.BufferedWriteChannel (BufferedWriteChannel.java:open(61)) - open log_inprogress_0 at position 0
2024-12-14 12:24:44,849 INFO  segmented.BufferedWriteChannel (BufferedWriteChannel.java:open(61)) - open log_inprogress_0 at position 0
2024-12-14 12:24:44,849 INFO  segmented.SegmentedRaftLogWorker (SegmentedRaftLogWorker.java:execute(667)) - s7@group-2C18EF48B090-SegmentedRaftLogWorker: created new log segment /home/runner/work/ratis/ratis/ratis-examples/target/test/data/da5193cb/MiniRaftClusterWithGrpca0a5e6cd/s7/297baee5-dc2b-48a1-b8b4-2c18ef48b090/current/log_inprogress_0
2024-12-14 12:24:44,860 INFO  segmented.SegmentedRaftLogWorker (SegmentedRaftLogWorker.java:execute(667)) - s9@group-2C18EF48B090-SegmentedRaftLogWorker: created new log segment /home/runner/work/ratis/ratis/ratis-examples/target/test/data/da5193cb/MiniRaftClusterWithGrpca0a5e6cd/s9/297baee5-dc2b-48a1-b8b4-2c18ef48b090/current/log_inprogress_0
2024-12-14 12:24:44,861 TRACE util.FileUtils (LogUtils.java:supplyAndLog(69)) - Successfully supplied FileChannel.open /home/runner/work/ratis/ratis/ratis-examples/target/test/data/da5193cb/MiniRaftClusterWithGrpca0a5e6cd/s7/297baee5-dc2b-48a1-b8b4-2c18ef48b090/current/raft-meta.conf.tmp with options [CREATE, WRITE]: sun.nio.ch.FileChannelImpl@6ff23fa3
2024-12-14 12:24:44,861 INFO  segmented.SegmentedRaftLogWorker (SegmentedRaftLogWorker.java:execute(667)) - s8@group-2C18EF48B090-SegmentedRaftLogWorker: created new log segment /home/runner/work/ratis/ratis/ratis-examples/target/test/data/da5193cb/MiniRaftClusterWithGrpca0a5e6cd/s8/297baee5-dc2b-48a1-b8b4-2c18ef48b090/current/log_inprogress_0
2024-12-14 12:24:44,863 TRACE util.FileUtils (LogUtils.java:runAndLog(49)) - Successfully ran Atomic Files.move /home/runner/work/ratis/ratis/ratis-examples/target/test/data/da5193cb/MiniRaftClusterWithGrpca0a5e6cd/s7/297baee5-dc2b-48a1-b8b4-2c18ef48b090/current/raft-meta.conf.tmp to /home/runner/work/ratis/ratis/ratis-examples/target/test/data/da5193cb/MiniRaftClusterWithGrpca0a5e6cd/s7/297baee5-dc2b-48a1-b8b4-2c18ef48b090/current/raft-meta.conf with options [REPLACE_EXISTING]
2024-12-14 12:24:44,863 INFO  server.RaftServer$Division (LeaderStateImpl.java:checkStartIndex(314)) - Leader s7@group-2C18EF48B090-LeaderStateImpl is ready since appliedIndex == startIndex == 0
2024-12-14 12:24:45,013 TRACE util.FileUtils (LogUtils.java:supplyAndLog(69)) - Successfully supplied FileChannel.open /home/runner/work/ratis/ratis/ratis-examples/target/test/data/da5193cb/MiniRaftClusterWithGrpca0a5e6cd/s9/297baee5-dc2b-48a1-b8b4-2c18ef48b090/current/raft-meta.conf.tmp with options [CREATE, WRITE]: sun.nio.ch.FileChannelImpl@1bcd7302
2024-12-14 12:24:45,014 TRACE util.FileUtils (LogUtils.java:supplyAndLog(69)) - Successfully supplied FileChannel.open /home/runner/work/ratis/ratis/ratis-examples/target/test/data/da5193cb/MiniRaftClusterWithGrpca0a5e6cd/s8/297baee5-dc2b-48a1-b8b4-2c18ef48b090/current/raft-meta.conf.tmp with options [CREATE, WRITE]: sun.nio.ch.FileChannelImpl@5f6c849d
2024-12-14 12:24:45,015 TRACE util.FileUtils (LogUtils.java:runAndLog(49)) - Successfully ran Atomic Files.move /home/runner/work/ratis/ratis/ratis-examples/target/test/data/da5193cb/MiniRaftClusterWithGrpca0a5e6cd/s9/297baee5-dc2b-48a1-b8b4-2c18ef48b090/current/raft-meta.conf.tmp to /home/runner/work/ratis/ratis/ratis-examples/target/test/data/da5193cb/MiniRaftClusterWithGrpca0a5e6cd/s9/297baee5-dc2b-48a1-b8b4-2c18ef48b090/current/raft-meta.conf with options [REPLACE_EXISTING]
2024-12-14 12:24:45,015 TRACE util.FileUtils (LogUtils.java:runAndLog(49)) - Successfully ran Atomic Files.move /home/runner/work/ratis/ratis/ratis-examples/target/test/data/da5193cb/MiniRaftClusterWithGrpca0a5e6cd/s8/297baee5-dc2b-48a1-b8b4-2c18ef48b090/current/raft-meta.conf.tmp to /home/runner/work/ratis/ratis/ratis-examples/target/test/data/da5193cb/MiniRaftClusterWithGrpca0a5e6cd/s8/297baee5-dc2b-48a1-b8b4-2c18ef48b090/current/raft-meta.conf with options [REPLACE_EXISTING]
2024-12-14 12:24:45,419 INFO  ratis.RaftTestUtil (RaftTestUtil.java:waitForLeader(131)) - printing group-2C18EF48B090
  s7:  RUNNING [
     LEADER s7@group-2C18EF48B090:t1, leader=s7, voted=s7, raftlog=Memoized:s7@group-2C18EF48B090-SegmentedRaftLog:OPENED:c0:last(t:1, i:0), conf=conf: {index: 0, cur=peers:[s7|0.0.0.0:15007, s8|0.0.0.0:15008, s9|0.0.0.0:15009]|listeners:[], old=null} RUNNING
   FOLLOWER s7@group-40388BE3F4D5:t0, leader=null, voted=, raftlog=Memoized:s7@group-40388BE3F4D5-SegmentedRaftLog:OPENED:c-1:lastnull, conf=conf: {index: -1, cur=peers:[]|listeners:[], old=null} STARTING] size=2
  s8:  RUNNING [
   FOLLOWER s8@group-2C18EF48B090:t1, leader=s7, voted=s7, raftlog=Memoized:s8@group-2C18EF48B090-SegmentedRaftLog:OPENED:c0:last(t:1, i:0), conf=conf: {index: 0, cur=peers:[s7|0.0.0.0:15007, s8|0.0.0.0:15008, s9|0.0.0.0:15009]|listeners:[], old=null} RUNNING
   FOLLOWER s8@group-40388BE3F4D5:t0, leader=null, voted=, raftlog=Memoized:s8@group-40388BE3F4D5-SegmentedRaftLog:OPENED:c-1:lastnull, conf=conf: {index: -1, cur=peers:[]|listeners:[], old=null} STARTING] size=2
  s9:  RUNNING [
   FOLLOWER s9@group-2C18EF48B090:t1, leader=s7, voted=s7, raftlog=Memoized:s9@group-2C18EF48B090-SegmentedRaftLog:OPENED:c0:last(t:1, i:0), conf=conf: {index: 0, cur=peers:[s7|0.0.0.0:15007, s8|0.0.0.0:15008, s9|0.0.0.0:15009]|listeners:[], old=null} RUNNING
   FOLLOWER s9@group-40388BE3F4D5:t0, leader=null, voted=, raftlog=Memoized:s9@group-40388BE3F4D5-SegmentedRaftLog:OPENED:c-1:lastnull, conf=conf: {index: -1, cur=peers:[]|listeners:[], old=null} STARTING] size=2
2024-12-14 12:24:45,426 INFO  statemachine.StateMachine (ArithmeticStateMachine.java:applyTransaction(181)) - LEADER:s7-1: a = 83 = 83
2024-12-14 12:24:45,434 INFO  statemachine.StateMachine (ArithmeticStateMachine.java:applyTransaction(181)) - LEADER:s7-3: b = 3444 = 3444
2024-12-14 12:24:45,439 INFO  statemachine.StateMachine (ArithmeticStateMachine.java:applyTransaction(181)) - LEADER:s7-5: c = √(a^2 + b^2) = 3445
2024-12-14 12:24:45,443 INFO  statemachine.StateMachine (ArithmeticStateMachine.java:applyTransaction(181)) - LEADER:s7-7: a = null = null
2024-12-14 12:24:45,447 INFO  statemachine.StateMachine (ArithmeticStateMachine.java:applyTransaction(181)) - LEADER:s7-9: b = null = null
2024-12-14 12:24:45,466 INFO  statemachine.StateMachine (ArithmeticStateMachine.java:applyTransaction(181)) - LEADER:s7-11: c = null = null
2024-12-14 12:24:45,471 INFO  statemachine.StateMachine (ArithmeticStateMachine.java:applyTransaction(181)) - LEADER:s7-13: a = 85 = 85
2024-12-14 12:24:45,475 INFO  statemachine.StateMachine (ArithmeticStateMachine.java:applyTransaction(181)) - LEADER:s7-15: b = 3612 = 3612
2024-12-14 12:24:45,481 INFO  statemachine.StateMachine (ArithmeticStateMachine.java:applyTransaction(181)) - LEADER:s7-17: c = √(a^2 + b^2) = 3613
2024-12-14 12:24:45,486 INFO  statemachine.StateMachine (ArithmeticStateMachine.java:applyTransaction(181)) - LEADER:s7-19: a = null = null
2024-12-14 12:24:45,490 INFO  statemachine.StateMachine (ArithmeticStateMachine.java:applyTransaction(181)) - LEADER:s7-21: b = null = null
2024-12-14 12:24:45,493 INFO  statemachine.StateMachine (ArithmeticStateMachine.java:applyTransaction(181)) - LEADER:s7-23: c = null = null
2024-12-14 12:24:45,497 INFO  statemachine.StateMachine (ArithmeticStateMachine.java:applyTransaction(181)) - LEADER:s7-25: a = 87 = 87
2024-12-14 12:24:45,501 INFO  statemachine.StateMachine (ArithmeticStateMachine.java:applyTransaction(181)) - LEADER:s7-27: b = 3784 = 3784
2024-12-14 12:24:45,505 INFO  statemachine.StateMachine (ArithmeticStateMachine.java:applyTransaction(181)) - LEADER:s7-29: c = √(a^2 + b^2) = 3785
2024-12-14 12:24:45,508 INFO  statemachine.StateMachine (ArithmeticStateMachine.java:applyTransaction(181)) - LEADER:s7-31: a = null = null
2024-12-14 12:24:45,512 INFO  statemachine.StateMachine (ArithmeticStateMachine.java:applyTransaction(181)) - LEADER:s7-33: b = null = null
2024-12-14 12:24:45,516 INFO  statemachine.StateMachine (ArithmeticStateMachine.java:applyTransaction(181)) - LEADER:s7-35: c = null = null
2024-12-14 12:24:45,519 INFO  statemachine.StateMachine (ArithmeticStateMachine.java:applyTransaction(181)) - LEADER:s7-37: a = 89 = 89
2024-12-14 12:24:45,522 INFO  statemachine.StateMachine (ArithmeticStateMachine.java:applyTransaction(181)) - LEADER:s7-39: b = 3960 = 3960
2024-12-14 12:24:45,526 INFO  statemachine.StateMachine (ArithmeticStateMachine.java:applyTransaction(181)) - LEADER:s7-41: c = √(a^2 + b^2) = 3961
2024-12-14 12:24:45,531 INFO  statemachine.StateMachine (ArithmeticStateMachine.java:applyTransaction(181)) - LEADER:s7-43: a = null = null
2024-12-14 12:24:45,534 INFO  statemachine.StateMachine (ArithmeticStateMachine.java:applyTransaction(181)) - LEADER:s7-45: b = null = null
2024-12-14 12:24:45,538 INFO  statemachine.StateMachine (ArithmeticStateMachine.java:applyTransaction(181)) - LEADER:s7-47: c = null = null
2024-12-14 12:24:45,541 INFO  statemachine.StateMachine (ArithmeticStateMachine.java:applyTransaction(181)) - LEADER:s7-49: a = 91 = 91
2024-12-14 12:24:45,544 INFO  statemachine.StateMachine (ArithmeticStateMachine.java:applyTransaction(181)) - LEADER:s7-51: b = 4140 = 4140
2024-12-14 12:24:45,548 INFO  statemachine.StateMachine (ArithmeticStateMachine.java:applyTransaction(181)) - LEADER:s7-53: c = √(a^2 + b^2) = 4141
2024-12-14 12:24:45,551 INFO  statemachine.StateMachine (ArithmeticStateMachine.java:applyTransaction(181)) - LEADER:s7-55: a = null = null
2024-12-14 12:24:45,555 INFO  statemachine.StateMachine (ArithmeticStateMachine.java:applyTransaction(181)) - LEADER:s7-57: b = null = null
2024-12-14 12:24:45,558 INFO  statemachine.StateMachine (ArithmeticStateMachine.java:applyTransaction(181)) - LEADER:s7-59: c = null = null
2024-12-14 12:24:45,562 INFO  statemachine.StateMachine (ArithmeticStateMachine.java:applyTransaction(181)) - LEADER:s7-61: a = 93 = 93
2024-12-14 12:24:45,565 INFO  statemachine.StateMachine (ArithmeticStateMachine.java:applyTransaction(181)) - LEADER:s7-63: b = 4324 = 4324
2024-12-14 12:24:45,568 INFO  statemachine.StateMachine (ArithmeticStateMachine.java:applyTransaction(181)) - LEADER:s7-65: c = √(a^2 + b^2) = 4325
2024-12-14 12:24:45,571 INFO  statemachine.StateMachine (ArithmeticStateMachine.java:applyTransaction(181)) - LEADER:s7-67: a = null = null
2024-12-14 12:24:45,574 INFO  statemachine.StateMachine (ArithmeticStateMachine.java:applyTransaction(181)) - LEADER:s7-69: b = null = null
2024-12-14 12:24:45,577 INFO  statemachine.StateMachine (ArithmeticStateMachine.java:applyTransaction(181)) - LEADER:s7-71: c = null = null
2024-12-14 12:24:45,579 INFO  statemachine.StateMachine (ArithmeticStateMachine.java:applyTransaction(181)) - LEADER:s7-73: a = 95 = 95
2024-12-14 12:24:45,582 INFO  statemachine.StateMachine (ArithmeticStateMachine.java:applyTransaction(181)) - LEADER:s7-75: b = 4512 = 4512
2024-12-14 12:24:45,589 INFO  statemachine.StateMachine (ArithmeticStateMachine.java:applyTransaction(181)) - LEADER:s7-77: c = √(a^2 + b^2) = 4513
2024-12-14 12:24:45,598 INFO  statemachine.StateMachine (ArithmeticStateMachine.java:applyTransaction(181)) - LEADER:s7-79: a = null = null
2024-12-14 12:24:45,602 INFO  statemachine.StateMachine (ArithmeticStateMachine.java:applyTransaction(181)) - LEADER:s7-81: b = null = null
2024-12-14 12:24:45,606 INFO  statemachine.StateMachine (ArithmeticStateMachine.java:applyTransaction(181)) - LEADER:s7-83: c = null = null
2024-12-14 12:24:45,610 INFO  statemachine.StateMachine (ArithmeticStateMachine.java:applyTransaction(181)) - LEADER:s7-85: a = 97 = 97
2024-12-14 12:24:45,613 INFO  statemachine.StateMachine (ArithmeticStateMachine.java:applyTransaction(181)) - LEADER:s7-87: b = 4704 = 4704
2024-12-14 12:24:45,617 INFO  statemachine.StateMachine (ArithmeticStateMachine.java:applyTransaction(181)) - LEADER:s7-89: c = √(a^2 + b^2) = 4705
2024-12-14 12:24:45,620 INFO  statemachine.StateMachine (ArithmeticStateMachine.java:applyTransaction(181)) - LEADER:s7-91: a = null = null
2024-12-14 12:24:45,624 INFO  statemachine.StateMachine (ArithmeticStateMachine.java:applyTransaction(181)) - LEADER:s7-93: b = null = null
2024-12-14 12:24:45,628 INFO  statemachine.StateMachine (ArithmeticStateMachine.java:applyTransaction(181)) - LEADER:s7-95: c = null = null
2024-12-14 12:24:45,631 INFO  statemachine.StateMachine (ArithmeticStateMachine.java:applyTransaction(181)) - LEADER:s7-97: a = 99 = 99
2024-12-14 12:24:45,634 INFO  statemachine.StateMachine (ArithmeticStateMachine.java:applyTransaction(181)) - LEADER:s7-99: b = 4900 = 4900
2024-12-14 12:24:45,638 INFO  statemachine.StateMachine (ArithmeticStateMachine.java:applyTransaction(181)) - LEADER:s7-101: c = √(a^2 + b^2) = 4901
2024-12-14 12:24:45,642 INFO  statemachine.StateMachine (ArithmeticStateMachine.java:applyTransaction(181)) - LEADER:s7-103: a = null = null
2024-12-14 12:24:45,646 INFO  statemachine.StateMachine (ArithmeticStateMachine.java:applyTransaction(181)) - LEADER:s7-105: b = null = null
2024-12-14 12:24:45,649 INFO  statemachine.StateMachine (ArithmeticStateMachine.java:applyTransaction(181)) - LEADER:s7-107: c = null = null
2024-12-14 12:24:45,653 INFO  statemachine.StateMachine (ArithmeticStateMachine.java:applyTransaction(181)) - LEADER:s7-109: a = 101 = 101
2024-12-14 12:24:45,657 INFO  statemachine.StateMachine (ArithmeticStateMachine.java:applyTransaction(181)) - LEADER:s7-111: b = 5100 = 5100
2024-12-14 12:24:45,660 INFO  statemachine.StateMachine (ArithmeticStateMachine.java:applyTransaction(181)) - LEADER:s7-113: c = √(a^2 + b^2) = 5101
2024-12-14 12:24:45,664 INFO  statemachine.StateMachine (ArithmeticStateMachine.java:applyTransaction(181)) - LEADER:s7-115: a = null = null
2024-12-14 12:24:45,668 INFO  statemachine.StateMachine (ArithmeticStateMachine.java:applyTransaction(181)) - LEADER:s7-117: b = null = null
2024-12-14 12:24:45,672 INFO  statemachine.StateMachine (ArithmeticStateMachine.java:applyTransaction(181)) - LEADER:s7-119: c = null = null
| MiniRaftClusterWithGrpc[3, 6, 9, 12, 15]chosen=3 | start groups | 230 |
2024-12-14 12:24:45,685 INFO  impl.GroupManagementBaseTest (GroupManagementBaseTest.java:runMultiGroupTest(291)) - start groups: printing ALL groups
  s3:  RUNNING [
   FOLLOWER s3@group-FDF63F8BEBB3:t1, leader=s14, voted=s14, raftlog=Memoized:s3@group-FDF63F8BEBB3-SegmentedRaftLog:OPENED:c120:last(t:1, i:120), conf=conf: {index: 0, cur=peers:[s3|0.0.0.0:15003, s14|0.0.0.0:15014, s2|0.0.0.0:15002]|listeners:[], old=null} RUNNING
   FOLLOWER s3@group-40388BE3F4D5:t0, leader=null, voted=, raftlog=Memoized:s3@group-40388BE3F4D5-SegmentedRaftLog:OPENED:c-1:lastnull, conf=conf: {index: -1, cur=peers:[]|listeners:[], old=null} STARTING] size=2
  s4:  RUNNING [
   FOLLOWER s4@group-A5BB6EB0946F:t1, leader=s5, voted=s5, raftlog=Memoized:s4@group-A5BB6EB0946F-SegmentedRaftLog:OPENED:c120:last(t:1, i:120), conf=conf: {index: 0, cur=peers:[s4|0.0.0.0:15004, s5|0.0.0.0:15005, s6|0.0.0.0:15006]|listeners:[], old=null} RUNNING
   FOLLOWER s4@group-40388BE3F4D5:t0, leader=null, voted=, raftlog=Memoized:s4@group-40388BE3F4D5-SegmentedRaftLog:OPENED:c-1:lastnull, conf=conf: {index: -1, cur=peers:[]|listeners:[], old=null} STARTING] size=2
  s5:  RUNNING [
     LEADER s5@group-A5BB6EB0946F:t1, leader=s5, voted=s5, raftlog=Memoized:s5@group-A5BB6EB0946F-SegmentedRaftLog:OPENED:c120:last(t:1, i:120), conf=conf: {index: 0, cur=peers:[s4|0.0.0.0:15004, s5|0.0.0.0:15005, s6|0.0.0.0:15006]|listeners:[], old=null} RUNNING
   FOLLOWER s5@group-40388BE3F4D5:t0, leader=null, voted=, raftlog=Memoized:s5@group-40388BE3F4D5-SegmentedRaftLog:OPENED:c-1:lastnull, conf=conf: {index: -1, cur=peers:[]|listeners:[], old=null} STARTING] size=2
  s6:  RUNNING [
   FOLLOWER s6@group-A5BB6EB0946F:t1, leader=s5, voted=s5, raftlog=Memoized:s6@group-A5BB6EB0946F-SegmentedRaftLog:OPENED:c120:last(t:1, i:120), conf=conf: {index: 0, cur=peers:[s4|0.0.0.0:15004, s5|0.0.0.0:15005, s6|0.0.0.0:15006]|listeners:[], old=null} RUNNING
   FOLLOWER s6@group-40388BE3F4D5:t0, leader=null, voted=, raftlog=Memoized:s6@group-40388BE3F4D5-SegmentedRaftLog:OPENED:c-1:lastnull, conf=conf: {index: -1, cur=peers:[]|listeners:[], old=null} STARTING] size=2
  s7:  RUNNING [
     LEADER s7@group-2C18EF48B090:t1, leader=s7, voted=s7, raftlog=Memoized:s7@group-2C18EF48B090-SegmentedRaftLog:OPENED:c120:last(t:1, i:120), conf=conf: {index: 0, cur=peers:[s7|0.0.0.0:15007, s8|0.0.0.0:15008, s9|0.0.0.0:15009]|listeners:[], old=null} RUNNING
   FOLLOWER s7@group-40388BE3F4D5:t0, leader=null, voted=, raftlog=Memoized:s7@group-40388BE3F4D5-SegmentedRaftLog:OPENED:c-1:lastnull, conf=conf: {index: -1, cur=peers:[]|listeners:[], old=null} STARTING] size=2
  s8:  RUNNING [
   FOLLOWER s8@group-2C18EF48B090:t1, leader=s7, voted=s7, raftlog=Memoized:s8@group-2C18EF48B090-SegmentedRaftLog:OPENED:c119:last(t:1, i:120), conf=conf: {index: 0, cur=peers:[s7|0.0.0.0:15007, s8|0.0.0.0:15008, s9|0.0.0.0:15009]|listeners:[], old=null} RUNNING
   FOLLOWER s8@group-40388BE3F4D5:t0, leader=null, voted=, raftlog=Memoized:s8@group-40388BE3F4D5-SegmentedRaftLog:OPENED:c-1:lastnull, conf=conf: {index: -1, cur=peers:[]|listeners:[], old=null} STARTING] size=2
  s9:  RUNNING [
   FOLLOWER s9@group-2C18EF48B090:t1, leader=s7, voted=s7, raftlog=Memoized:s9@group-2C18EF48B090-SegmentedRaftLog:OPENED:c119:last(t:1, i:120), conf=conf: {index: 0, cur=peers:[s7|0.0.0.0:15007, s8|0.0.0.0:15008, s9|0.0.0.0:15009]|listeners:[], old=null} RUNNING
   FOLLOWER s9@group-40388BE3F4D5:t0, leader=null, voted=, raftlog=Memoized:s9@group-40388BE3F4D5-SegmentedRaftLog:OPENED:c-1:lastnull, conf=conf: {index: -1, cur=peers:[]|listeners:[], old=null} STARTING] size=2
  s11:  RUNNING [
     LEADER s11@group-9E43CC895C9D:t1, leader=s11, voted=s11, raftlog=Memoized:s11@group-9E43CC895C9D-SegmentedRaftLog:OPENED:c120:last(t:1, i:120), conf=conf: {index: 0, cur=peers:[s11|0.0.0.0:15011, s13|0.0.0.0:15013, s12|0.0.0.0:15012]|listeners:[], old=null} RUNNING
   FOLLOWER s11@group-40388BE3F4D5:t0, leader=null, voted=, raftlog=Memoized:s11@group-40388BE3F4D5-SegmentedRaftLog:OPENED:c-1:lastnull, conf=conf: {index: -1, cur=peers:[]|listeners:[], old=null} STARTING] size=2
  s10:  RUNNING [
   FOLLOWER s10@group-D132C5ADF328:t1, leader=s1, voted=s1, raftlog=Memoized:s10@group-D132C5ADF328-SegmentedRaftLog:OPENED:c120:last(t:1, i:120), conf=conf: {index: 0, cur=peers:[s10|0.0.0.0:15010, s0|0.0.0.0:15000, s1|0.0.0.0:15001]|listeners:[], old=null} RUNNING
   FOLLOWER s10@group-40388BE3F4D5:t0, leader=null, voted=, raftlog=Memoized:s10@group-40388BE3F4D5-SegmentedRaftLog:OPENED:c-1:lastnull, conf=conf: {index: -1, cur=peers:[]|listeners:[], old=null} STARTING] size=2
  s13:  RUNNING [
   FOLLOWER s13@group-9E43CC895C9D:t1, leader=s11, voted=s11, raftlog=Memoized:s13@group-9E43CC895C9D-SegmentedRaftLog:OPENED:c120:last(t:1, i:120), conf=conf: {index: 0, cur=peers:[s11|0.0.0.0:15011, s13|0.0.0.0:15013, s12|0.0.0.0:15012]|listeners:[], old=null} RUNNING
   FOLLOWER s13@group-40388BE3F4D5:t0, leader=null, voted=, raftlog=Memoized:s13@group-40388BE3F4D5-SegmentedRaftLog:OPENED:c-1:lastnull, conf=conf: {index: -1, cur=peers:[]|listeners:[], old=null} STARTING] size=2
  s12:  RUNNING [
   FOLLOWER s12@group-9E43CC895C9D:t1, leader=s11, voted=s11, raftlog=Memoized:s12@group-9E43CC895C9D-SegmentedRaftLog:OPENED:c120:last(t:1, i:120), conf=conf: {index: 0, cur=peers:[s11|0.0.0.0:15011, s13|0.0.0.0:15013, s12|0.0.0.0:15012]|listeners:[], old=null} RUNNING
   FOLLOWER s12@group-40388BE3F4D5:t0, leader=null, voted=, raftlog=Memoized:s12@group-40388BE3F4D5-SegmentedRaftLog:OPENED:c-1:lastnull, conf=conf: {index: -1, cur=peers:[]|listeners:[], old=null} STARTING] size=2
  s14:  RUNNING [
     LEADER s14@group-FDF63F8BEBB3:t1, leader=s14, voted=s14, raftlog=Memoized:s14@group-FDF63F8BEBB3-SegmentedRaftLog:OPENED:c120:last(t:1, i:120), conf=conf: {index: 0, cur=peers:[s3|0.0.0.0:15003, s14|0.0.0.0:15014, s2|0.0.0.0:15002]|listeners:[], old=null} RUNNING
   FOLLOWER s14@group-40388BE3F4D5:t0, leader=null, voted=, raftlog=Memoized:s14@group-40388BE3F4D5-SegmentedRaftLog:OPENED:c-1:lastnull, conf=conf: {index: -1, cur=peers:[]|listeners:[], old=null} STARTING] size=2
  s0:  RUNNING [
   FOLLOWER s0@group-D132C5ADF328:t1, leader=s1, voted=s1, raftlog=Memoized:s0@group-D132C5ADF328-SegmentedRaftLog:OPENED:c120:last(t:1, i:120), conf=conf: {index: 0, cur=peers:[s10|0.0.0.0:15010, s0|0.0.0.0:15000, s1|0.0.0.0:15001]|listeners:[], old=null} RUNNING
   FOLLOWER s0@group-40388BE3F4D5:t0, leader=null, voted=, raftlog=Memoized:s0@group-40388BE3F4D5-SegmentedRaftLog:OPENED:c-1:lastnull, conf=conf: {index: -1, cur=peers:[]|listeners:[], old=null} STARTING] size=2
  s1:  RUNNING [
     LEADER s1@group-D132C5ADF328:t1, leader=s1, voted=s1, raftlog=Memoized:s1@group-D132C5ADF328-SegmentedRaftLog:OPENED:c120:last(t:1, i:120), conf=conf: {index: 0, cur=peers:[s10|0.0.0.0:15010, s0|0.0.0.0:15000, s1|0.0.0.0:15001]|listeners:[], old=null} RUNNING
   FOLLOWER s1@group-40388BE3F4D5:t0, leader=null, voted=, raftlog=Memoized:s1@group-40388BE3F4D5-SegmentedRaftLog:OPENED:c-1:lastnull, conf=conf: {index: -1, cur=peers:[]|listeners:[], old=null} STARTING] size=2
  s2:  RUNNING [
   FOLLOWER s2@group-FDF63F8BEBB3:t1, leader=s14, voted=s2, raftlog=Memoized:s2@group-FDF63F8BEBB3-SegmentedRaftLog:OPENED:c120:last(t:1, i:120), conf=conf: {index: 0, cur=peers:[s3|0.0.0.0:15003, s14|0.0.0.0:15014, s2|0.0.0.0:15002]|listeners:[], old=null} RUNNING
   FOLLOWER s2@group-40388BE3F4D5:t0, leader=null, voted=, raftlog=Memoized:s2@group-40388BE3F4D5-SegmentedRaftLog:OPENED:c-1:lastnull, conf=conf: {index: -1, cur=peers:[]|listeners:[], old=null} STARTING] size=2
2024-12-14 12:24:45,686 INFO  impl.GroupManagementBaseTest (GroupManagementBaseTest.java:runMultiGroupTest(294)) - chosen = 3, group-A5BB6EB0946F:[s4|0.0.0.0:15004, s5|0.0.0.0:15005, s6|0.0.0.0:15006]
2024-12-14 12:24:45,686 INFO  impl.GroupManagementBaseTest (GroupManagementBaseTest.java:runMultiGroupTest(299)) - 0) close printing group-D132C5ADF328
  s10:  RUNNING [
   FOLLOWER s10@group-D132C5ADF328:t1, leader=s1, voted=s1, raftlog=Memoized:s10@group-D132C5ADF328-SegmentedRaftLog:OPENED:c120:last(t:1, i:120), conf=conf: {index: 0, cur=peers:[s10|0.0.0.0:15010, s0|0.0.0.0:15000, s1|0.0.0.0:15001]|listeners:[], old=null} RUNNING
   FOLLOWER s10@group-40388BE3F4D5:t0, leader=null, voted=, raftlog=Memoized:s10@group-40388BE3F4D5-SegmentedRaftLog:OPENED:c-1:lastnull, conf=conf: {index: -1, cur=peers:[]|listeners:[], old=null} STARTING] size=2
  s0:  RUNNING [
   FOLLOWER s0@group-D132C5ADF328:t1, leader=s1, voted=s1, raftlog=Memoized:s0@group-D132C5ADF328-SegmentedRaftLog:OPENED:c120:last(t:1, i:120), conf=conf: {index: 0, cur=peers:[s10|0.0.0.0:15010, s0|0.0.0.0:15000, s1|0.0.0.0:15001]|listeners:[], old=null} RUNNING
   FOLLOWER s0@group-40388BE3F4D5:t0, leader=null, voted=, raftlog=Memoized:s0@group-40388BE3F4D5-SegmentedRaftLog:OPENED:c-1:lastnull, conf=conf: {index: -1, cur=peers:[]|listeners:[], old=null} STARTING] size=2
  s1:  RUNNING [
     LEADER s1@group-D132C5ADF328:t1, leader=s1, voted=s1, raftlog=Memoized:s1@group-D132C5ADF328-SegmentedRaftLog:OPENED:c120:last(t:1, i:120), conf=conf: {index: 0, cur=peers:[s10|0.0.0.0:15010, s0|0.0.0.0:15000, s1|0.0.0.0:15001]|listeners:[], old=null} RUNNING
   FOLLOWER s1@group-40388BE3F4D5:t0, leader=null, voted=, raftlog=Memoized:s1@group-40388BE3F4D5-SegmentedRaftLog:OPENED:c-1:lastnull, conf=conf: {index: -1, cur=peers:[]|listeners:[], old=null} STARTING] size=2
2024-12-14 12:24:45,695 INFO  server.RaftServer (RaftServerProxy.java:remove(112)) - s10: remove  FOLLOWER s10@group-D132C5ADF328:t1, leader=s1, voted=s1, raftlog=Memoized:s10@group-D132C5ADF328-SegmentedRaftLog:OPENED:c120:last(t:1, i:120), conf=conf: {index: 0, cur=peers:[s10|0.0.0.0:15010, s0|0.0.0.0:15000, s1|0.0.0.0:15001]|listeners:[], old=null} RUNNING
2024-12-14 12:24:45,696 INFO  server.RaftServer$Division (RaftServerImpl.java:lambda$close$1(514)) - s10@group-D132C5ADF328: shutdown
2024-12-14 12:24:45,696 INFO  util.JmxRegister (JmxRegister.java:unregister(74)) - Successfully un-registered JMX Bean with object name Ratis:service=RaftServer,group=group-D132C5ADF328,id=s10
2024-12-14 12:24:45,696 INFO  impl.RoleInfo (RoleInfo.java:shutdownFollowerState(121)) - s10: shutdown s10@group-D132C5ADF328-FollowerState
2024-12-14 12:24:45,696 INFO  impl.StateMachineUpdater (StateMachineUpdater.java:stopAndJoin(164)) - s10@group-D132C5ADF328-StateMachineUpdater: set stopIndex = 120
2024-12-14 12:24:45,696 INFO  impl.FollowerState (FollowerState.java:runImpl(170)) - s10@group-D132C5ADF328-FollowerState was interrupted
2024-12-14 12:24:45,696 INFO  impl.StateMachineUpdater (StateMachineUpdater.java:stop(141)) - s10@group-D132C5ADF328-StateMachineUpdater: closing ArithmeticStateMachine, lastApplied=(t:1, i:120)
2024-12-14 12:24:45,697 INFO  raftlog.RaftLog (SegmentedRaftLog.java:close(568)) - Start closing s10@group-D132C5ADF328-SegmentedRaftLog:OPENED:c120:last(t:1, i:120)
2024-12-14 12:24:45,697 INFO  util.AwaitToRun (AwaitToRun.java:run(49)) - s10@group-D132C5ADF328-cacheEviction-AwaitToRun-AwaitForSignal is interrupted
2024-12-14 12:24:45,698 INFO  segmented.LogSegment (LogSegment.java:close(349)) - Successfully closed EntryCache-log_inprogress_0
2024-12-14 12:24:46,344 INFO  segmented.SegmentedRaftLogWorker (SegmentedRaftLogWorker.java:close(254)) - s10@group-D132C5ADF328-SegmentedRaftLogWorker close()
2024-12-14 12:24:46,345 INFO  raftlog.RaftLog (SegmentedRaftLog.java:close(576)) - Successfully closed s10@group-D132C5ADF328-SegmentedRaftLog:CLOSED:c120
2024-12-14 12:24:46,345 TRACE util.FileUtils (FileUtils.java:deleteFully(307)) - deleteFully /home/runner/work/ratis/ratis/ratis-examples/target/test/data/da5193cb/MiniRaftClusterWithGrpca0a5e6cd/s10/9651a4ba-d8a3-41bf-9b40-d132c5adf328
2024-12-14 12:24:46,345 TRACE util.FileUtils (LogUtils.java:runAndLog(49)) - Successfully ran Files.delete /home/runner/work/ratis/ratis/ratis-examples/target/test/data/da5193cb/MiniRaftClusterWithGrpca0a5e6cd/s10/9651a4ba-d8a3-41bf-9b40-d132c5adf328/current/raft-meta.conf
2024-12-14 12:24:46,346 TRACE util.FileUtils (LogUtils.java:runAndLog(49)) - Successfully ran Files.delete /home/runner/work/ratis/ratis/ratis-examples/target/test/data/da5193cb/MiniRaftClusterWithGrpca0a5e6cd/s10/9651a4ba-d8a3-41bf-9b40-d132c5adf328/current/log_inprogress_0
2024-12-14 12:24:46,346 TRACE util.FileUtils (LogUtils.java:runAndLog(49)) - Successfully ran Files.delete /home/runner/work/ratis/ratis/ratis-examples/target/test/data/da5193cb/MiniRaftClusterWithGrpca0a5e6cd/s10/9651a4ba-d8a3-41bf-9b40-d132c5adf328/current/raft-meta
2024-12-14 12:24:46,346 TRACE util.FileUtils (LogUtils.java:runAndLog(49)) - Successfully ran Files.delete /home/runner/work/ratis/ratis/ratis-examples/target/test/data/da5193cb/MiniRaftClusterWithGrpca0a5e6cd/s10/9651a4ba-d8a3-41bf-9b40-d132c5adf328/current
2024-12-14 12:24:46,346 TRACE util.FileUtils (LogUtils.java:runAndLog(49)) - Successfully ran Files.delete /home/runner/work/ratis/ratis/ratis-examples/target/test/data/da5193cb/MiniRaftClusterWithGrpca0a5e6cd/s10/9651a4ba-d8a3-41bf-9b40-d132c5adf328/in_use.lock
2024-12-14 12:24:46,346 TRACE util.FileUtils (LogUtils.java:runAndLog(49)) - Successfully ran Files.delete /home/runner/work/ratis/ratis/ratis-examples/target/test/data/da5193cb/MiniRaftClusterWithGrpca0a5e6cd/s10/9651a4ba-d8a3-41bf-9b40-d132c5adf328/sm
2024-12-14 12:24:46,346 TRACE util.FileUtils (LogUtils.java:runAndLog(49)) - Successfully ran Files.delete /home/runner/work/ratis/ratis/ratis-examples/target/test/data/da5193cb/MiniRaftClusterWithGrpca0a5e6cd/s10/9651a4ba-d8a3-41bf-9b40-d132c5adf328
2024-12-14 12:24:46,346 INFO  server.RaftServer$Division (RaftServerImpl.java:groupRemove(484)) - s10@group-D132C5ADF328: Succeed to remove RaftStorageDirectory Storage Directory /home/runner/work/ratis/ratis/ratis-examples/target/test/data/da5193cb/MiniRaftClusterWithGrpca0a5e6cd/s10/9651a4ba-d8a3-41bf-9b40-d132c5adf328
2024-12-14 12:24:46,353 INFO  server.RaftServer (RaftServerProxy.java:remove(112)) - s0: remove  FOLLOWER s0@group-D132C5ADF328:t1, leader=s1, voted=s1, raftlog=Memoized:s0@group-D132C5ADF328-SegmentedRaftLog:OPENED:c120:last(t:1, i:120), conf=conf: {index: 0, cur=peers:[s10|0.0.0.0:15010, s0|0.0.0.0:15000, s1|0.0.0.0:15001]|listeners:[], old=null} RUNNING
2024-12-14 12:24:46,353 INFO  server.RaftServer$Division (RaftServerImpl.java:lambda$close$1(514)) - s0@group-D132C5ADF328: shutdown
2024-12-14 12:24:46,353 INFO  util.JmxRegister (JmxRegister.java:unregister(74)) - Successfully un-registered JMX Bean with object name Ratis:service=RaftServer,group=group-D132C5ADF328,id=s0
2024-12-14 12:24:46,353 INFO  impl.RoleInfo (RoleInfo.java:shutdownFollowerState(121)) - s0: shutdown s0@group-D132C5ADF328-FollowerState
2024-12-14 12:24:46,353 INFO  impl.StateMachineUpdater (StateMachineUpdater.java:stopAndJoin(164)) - s0@group-D132C5ADF328-StateMachineUpdater: set stopIndex = 120
2024-12-14 12:24:46,353 INFO  impl.FollowerState (FollowerState.java:runImpl(170)) - s0@group-D132C5ADF328-FollowerState was interrupted
2024-12-14 12:24:46,354 INFO  impl.StateMachineUpdater (StateMachineUpdater.java:stop(141)) - s0@group-D132C5ADF328-StateMachineUpdater: closing ArithmeticStateMachine, lastApplied=(t:1, i:120)
2024-12-14 12:24:46,354 INFO  raftlog.RaftLog (SegmentedRaftLog.java:close(568)) - Start closing s0@group-D132C5ADF328-SegmentedRaftLog:OPENED:c120:last(t:1, i:120)
2024-12-14 12:24:46,354 INFO  util.AwaitToRun (AwaitToRun.java:run(49)) - s0@group-D132C5ADF328-cacheEviction-AwaitToRun-AwaitForSignal is interrupted
2024-12-14 12:24:46,355 INFO  segmented.LogSegment (LogSegment.java:close(349)) - Successfully closed EntryCache-log_inprogress_0
2024-12-14 12:24:46,947 WARN  server.RaftServer$Division (LeaderStateImpl.java:checkLeadership(1117)) - s1@group-D132C5ADF328-LeaderStateImpl: Lost leadership on term: 1. Election timeout: 600ms. In charge for: 7813ms. Conf: conf: {index: 0, cur=peers:[s10|0.0.0.0:15010, s0|0.0.0.0:15000, s1|0.0.0.0:15001]|listeners:[], old=null}
2024-12-14 12:24:46,948 WARN  server.RaftServer$Division (LeaderStateImpl.java:lambda$checkLeadership$20(1121)) - Follower s1@group-D132C5ADF328->s10(c120,m120,n121, caughtUp=true, lastRpcSendTime=66, lastRpcResponseTime=1280)
2024-12-14 12:24:46,948 WARN  server.RaftServer$Division (LeaderStateImpl.java:lambda$checkLeadership$20(1121)) - Follower s1@group-D132C5ADF328->s0(c120,m120,n121, caughtUp=true, lastRpcSendTime=71, lastRpcResponseTime=678)
2024-12-14 12:24:46,948 INFO  server.RaftServer$Division (RaftServerImpl.java:setRole(379)) - s1@group-D132C5ADF328: changes role from    LEADER to FOLLOWER at term 1 for StepDownReason:LOST_MAJORITY_HEARTBEATS
2024-12-14 12:24:46,948 INFO  impl.RoleInfo (RoleInfo.java:shutdownLeaderState(103)) - s1: shutdown s1@group-D132C5ADF328-LeaderStateImpl
2024-12-14 12:24:46,948 INFO  impl.PendingRequests (PendingRequests.java:sendNotLeaderResponses(287)) - s1@group-D132C5ADF328-PendingRequests: sendNotLeaderResponses
2024-12-14 12:24:46,948 WARN  server.GrpcLogAppender (GrpcLogAppender.java:mayWait(293)) - s1@group-D132C5ADF328->s0-GrpcLogAppender: Wait interrupted by java.lang.InterruptedException
2024-12-14 12:24:46,948 WARN  server.GrpcLogAppender (GrpcLogAppender.java:mayWait(293)) - s1@group-D132C5ADF328->s10-GrpcLogAppender: Wait interrupted by java.lang.InterruptedException
2024-12-14 12:24:46,949 INFO  server.RaftServer$Division (ServerState.java:setLeader(272)) - s1@group-D132C5ADF328: change Leader from s1 to null at term 1 for StepDownReason:LOST_MAJORITY_HEARTBEATS
2024-12-14 12:24:46,950 INFO  impl.RoleInfo (RoleInfo.java:updateAndGet(148)) - s1: start s1@group-D132C5ADF328-FollowerState
2024-12-14 12:24:46,950 INFO  server.GrpcServerProtocolService (GrpcServerProtocolService.java:onCompleted(200)) - s0: Completed APPEND_ENTRIES, lastRequest: null
2024-12-14 12:24:46,950 INFO  server.GrpcServerProtocolService (GrpcServerProtocolService.java:onCompleted(200)) - s10: Completed APPEND_ENTRIES, lastRequest: s1->s10#331-t1,previous=(t:1, i:119),leaderCommit=119,initializing? false,entries: size=1, first=(t:1, i:120), METADATAENTRY(c:119)
2024-12-14 12:24:46,951 INFO  server.GrpcServerProtocolService (GrpcServerProtocolService.java:lambda$onCompleted$7(202)) - s10: Completed APPEND_ENTRIES, lastReply: null
2024-12-14 12:24:46,950 INFO  server.GrpcServerProtocolService (GrpcServerProtocolService.java:onCompleted(200)) - s0: Completed APPEND_ENTRIES, lastRequest: s1->s0#320-t1,previous=(t:1, i:119),leaderCommit=119,initializing? false,entries: size=1, first=(t:1, i:120), METADATAENTRY(c:119)
2024-12-14 12:24:46,951 INFO  server.GrpcServerProtocolService (GrpcServerProtocolService.java:lambda$onCompleted$7(202)) - s0: Completed APPEND_ENTRIES, lastReply: null
2024-12-14 12:24:46,950 INFO  server.GrpcServerProtocolService (GrpcServerProtocolService.java:onCompleted(200)) - s10: Completed APPEND_ENTRIES, lastRequest: null
2024-12-14 12:24:46,952 INFO  server.GrpcLogAppender (GrpcLogAppender.java:onCompleted(559)) - s1@group-D132C5ADF328->s10-AppendLogResponseHandler: follower responses appendEntries COMPLETED
2024-12-14 12:24:46,952 INFO  server.GrpcLogAppender (GrpcLogAppender.java:onCompleted(559)) - s1@group-D132C5ADF328->s0-AppendLogResponseHandler: follower responses appendEntries COMPLETED
2024-12-14 12:24:47,221 INFO  impl.MiniRaftCluster (MiniRaftCluster.java:lambda$null$7(362)) - TIMED-PRINT: printing ALL groups
  s3:  RUNNING [
   FOLLOWER s3@group-FDF63F8BEBB3:t1, leader=s14, voted=s14, raftlog=Memoized:s3@group-FDF63F8BEBB3-SegmentedRaftLog:OPENED:c120:last(t:1, i:120), conf=conf: {index: 0, cur=peers:[s3|0.0.0.0:15003, s14|0.0.0.0:15014, s2|0.0.0.0:15002]|listeners:[], old=null} RUNNING
   FOLLOWER s3@group-40388BE3F4D5:t0, leader=null, voted=, raftlog=Memoized:s3@group-40388BE3F4D5-SegmentedRaftLog:OPENED:c-1:lastnull, conf=conf: {index: -1, cur=peers:[]|listeners:[], old=null} STARTING] size=2
  s4:  RUNNING [
   FOLLOWER s4@group-A5BB6EB0946F:t1, leader=s5, voted=s5, raftlog=Memoized:s4@group-A5BB6EB0946F-SegmentedRaftLog:OPENED:c120:last(t:1, i:120), conf=conf: {index: 0, cur=peers:[s4|0.0.0.0:15004, s5|0.0.0.0:15005, s6|0.0.0.0:15006]|listeners:[], old=null} RUNNING
   FOLLOWER s4@group-40388BE3F4D5:t0, leader=null, voted=, raftlog=Memoized:s4@group-40388BE3F4D5-SegmentedRaftLog:OPENED:c-1:lastnull, conf=conf: {index: -1, cur=peers:[]|listeners:[], old=null} STARTING] size=2
  s5:  RUNNING [
     LEADER s5@group-A5BB6EB0946F:t1, leader=s5, voted=s5, raftlog=Memoized:s5@group-A5BB6EB0946F-SegmentedRaftLog:OPENED:c120:last(t:1, i:120), conf=conf: {index: 0, cur=peers:[s4|0.0.0.0:15004, s5|0.0.0.0:15005, s6|0.0.0.0:15006]|listeners:[], old=null} RUNNING
   FOLLOWER s5@group-40388BE3F4D5:t0, leader=null, voted=, raftlog=Memoized:s5@group-40388BE3F4D5-SegmentedRaftLog:OPENED:c-1:lastnull, conf=conf: {index: -1, cur=peers:[]|listeners:[], old=null} STARTING] size=2
  s6:  RUNNING [
   FOLLOWER s6@group-A5BB6EB0946F:t1, leader=s5, voted=s5, raftlog=Memoized:s6@group-A5BB6EB0946F-SegmentedRaftLog:OPENED:c120:last(t:1, i:120), conf=conf: {index: 0, cur=peers:[s4|0.0.0.0:15004, s5|0.0.0.0:15005, s6|0.0.0.0:15006]|listeners:[], old=null} RUNNING
   FOLLOWER s6@group-40388BE3F4D5:t0, leader=null, voted=, raftlog=Memoized:s6@group-40388BE3F4D5-SegmentedRaftLog:OPENED:c-1:lastnull, conf=conf: {index: -1, cur=peers:[]|listeners:[], old=null} STARTING] size=2
  s7:  RUNNING [
     LEADER s7@group-2C18EF48B090:t1, leader=s7, voted=s7, raftlog=Memoized:s7@group-2C18EF48B090-SegmentedRaftLog:OPENED:c120:last(t:1, i:120), conf=conf: {index: 0, cur=peers:[s7|0.0.0.0:15007, s8|0.0.0.0:15008, s9|0.0.0.0:15009]|listeners:[], old=null} RUNNING
   FOLLOWER s7@group-40388BE3F4D5:t0, leader=null, voted=, raftlog=Memoized:s7@group-40388BE3F4D5-SegmentedRaftLog:OPENED:c-1:lastnull, conf=conf: {index: -1, cur=peers:[]|listeners:[], old=null} STARTING] size=2
  s8:  RUNNING [
   FOLLOWER s8@group-2C18EF48B090:t1, leader=s7, voted=s7, raftlog=Memoized:s8@group-2C18EF48B090-SegmentedRaftLog:OPENED:c120:last(t:1, i:120), conf=conf: {index: 0, cur=peers:[s7|0.0.0.0:15007, s8|0.0.0.0:15008, s9|0.0.0.0:15009]|listeners:[], old=null} RUNNING
   FOLLOWER s8@group-40388BE3F4D5:t0, leader=null, voted=, raftlog=Memoized:s8@group-40388BE3F4D5-SegmentedRaftLog:OPENED:c-1:lastnull, conf=conf: {index: -1, cur=peers:[]|listeners:[], old=null} STARTING] size=2
  s9:  RUNNING [
   FOLLOWER s9@group-2C18EF48B090:t1, leader=s7, voted=s7, raftlog=Memoized:s9@group-2C18EF48B090-SegmentedRaftLog:OPENED:c120:last(t:1, i:120), conf=conf: {index: 0, cur=peers:[s7|0.0.0.0:15007, s8|0.0.0.0:15008, s9|0.0.0.0:15009]|listeners:[], old=null} RUNNING
   FOLLOWER s9@group-40388BE3F4D5:t0, leader=null, voted=, raftlog=Memoized:s9@group-40388BE3F4D5-SegmentedRaftLog:OPENED:c-1:lastnull, conf=conf: {index: -1, cur=peers:[]|listeners:[], old=null} STARTING] size=2
  s11:  RUNNING [
     LEADER s11@group-9E43CC895C9D:t1, leader=s11, voted=s11, raftlog=Memoized:s11@group-9E43CC895C9D-SegmentedRaftLog:OPENED:c120:last(t:1, i:120), conf=conf: {index: 0, cur=peers:[s11|0.0.0.0:15011, s13|0.0.0.0:15013, s12|0.0.0.0:15012]|listeners:[], old=null} RUNNING
   FOLLOWER s11@group-40388BE3F4D5:t0, leader=null, voted=, raftlog=Memoized:s11@group-40388BE3F4D5-SegmentedRaftLog:OPENED:c-1:lastnull, conf=conf: {index: -1, cur=peers:[]|listeners:[], old=null} STARTING] size=2
  s10:  RUNNING  FOLLOWER s10@group-40388BE3F4D5:t0, leader=null, voted=, raftlog=Memoized:s10@group-40388BE3F4D5-SegmentedRaftLog:OPENED:c-1:lastnull, conf=conf: {index: -1, cur=peers:[]|listeners:[], old=null} STARTING
  s13:  RUNNING [
   FOLLOWER s13@group-9E43CC895C9D:t1, leader=s11, voted=s11, raftlog=Memoized:s13@group-9E43CC895C9D-SegmentedRaftLog:OPENED:c120:last(t:1, i:120), conf=conf: {index: 0, cur=peers:[s11|0.0.0.0:15011, s13|0.0.0.0:15013, s12|0.0.0.0:15012]|listeners:[], old=null} RUNNING
   FOLLOWER s13@group-40388BE3F4D5:t0, leader=null, voted=, raftlog=Memoized:s13@group-40388BE3F4D5-SegmentedRaftLog:OPENED:c-1:lastnull, conf=conf: {index: -1, cur=peers:[]|listeners:[], old=null} STARTING] size=2
  s12:  RUNNING [
   FOLLOWER s12@group-9E43CC895C9D:t1, leader=s11, voted=s11, raftlog=Memoized:s12@group-9E43CC895C9D-SegmentedRaftLog:OPENED:c120:last(t:1, i:120), conf=conf: {index: 0, cur=peers:[s11|0.0.0.0:15011, s13|0.0.0.0:15013, s12|0.0.0.0:15012]|listeners:[], old=null} RUNNING
   FOLLOWER s12@group-40388BE3F4D5:t0, leader=null, voted=, raftlog=Memoized:s12@group-40388BE3F4D5-SegmentedRaftLog:OPENED:c-1:lastnull, conf=conf: {index: -1, cur=peers:[]|listeners:[], old=null} STARTING] size=2
  s14:  RUNNING [
     LEADER s14@group-FDF63F8BEBB3:t1, leader=s14, voted=s14, raftlog=Memoized:s14@group-FDF63F8BEBB3-SegmentedRaftLog:OPENED:c120:last(t:1, i:120), conf=conf: {index: 0, cur=peers:[s3|0.0.0.0:15003, s14|0.0.0.0:15014, s2|0.0.0.0:15002]|listeners:[], old=null} RUNNING
   FOLLOWER s14@group-40388BE3F4D5:t0, leader=null, voted=, raftlog=Memoized:s14@group-40388BE3F4D5-SegmentedRaftLog:OPENED:c-1:lastnull, conf=conf: {index: -1, cur=peers:[]|listeners:[], old=null} STARTING] size=2
  s0:  RUNNING  FOLLOWER s0@group-40388BE3F4D5:t0, leader=null, voted=, raftlog=Memoized:s0@group-40388BE3F4D5-SegmentedRaftLog:OPENED:c-1:lastnull, conf=conf: {index: -1, cur=peers:[]|listeners:[], old=null} STARTING
  s1:  RUNNING [
   FOLLOWER s1@group-D132C5ADF328:t1, leader=null, voted=s1, raftlog=Memoized:s1@group-D132C5ADF328-SegmentedRaftLog:OPENED:c120:last(t:1, i:120), conf=conf: {index: 0, cur=peers:[s10|0.0.0.0:15010, s0|0.0.0.0:15000, s1|0.0.0.0:15001]|listeners:[], old=null} RUNNING
   FOLLOWER s1@group-40388BE3F4D5:t0, leader=null, voted=, raftlog=Memoized:s1@group-40388BE3F4D5-SegmentedRaftLog:OPENED:c-1:lastnull, conf=conf: {index: -1, cur=peers:[]|listeners:[], old=null} STARTING] size=2
  s2:  RUNNING [
   FOLLOWER s2@group-FDF63F8BEBB3:t1, leader=s14, voted=s2, raftlog=Memoized:s2@group-FDF63F8BEBB3-SegmentedRaftLog:OPENED:c120:last(t:1, i:120), conf=conf: {index: 0, cur=peers:[s3|0.0.0.0:15003, s14|0.0.0.0:15014, s2|0.0.0.0:15002]|listeners:[], old=null} RUNNING
   FOLLOWER s2@group-40388BE3F4D5:t0, leader=null, voted=, raftlog=Memoized:s2@group-40388BE3F4D5-SegmentedRaftLog:OPENED:c-1:lastnull, conf=conf: {index: -1, cur=peers:[]|listeners:[], old=null} STARTING] size=2
2024-12-14 12:24:47,260 INFO  impl.FollowerState (FollowerState.java:lostMajorityHeartbeatsRecently(113)) - s1@group-D132C5ADF328-FollowerState: Skipping leader election since it stepped down recently (elapsed = 309ms < waitTime = 10s)
2024-12-14 12:24:47,345 INFO  segmented.SegmentedRaftLogWorker (SegmentedRaftLogWorker.java:close(254)) - s0@group-D132C5ADF328-SegmentedRaftLogWorker close()
2024-12-14 12:24:47,346 INFO  raftlog.RaftLog (SegmentedRaftLog.java:close(576)) - Successfully closed s0@group-D132C5ADF328-SegmentedRaftLog:CLOSED:c120
2024-12-14 12:24:47,346 TRACE util.FileUtils (FileUtils.java:deleteFully(307)) - deleteFully /home/runner/work/ratis/ratis/ratis-examples/target/test/data/da5193cb/MiniRaftClusterWithGrpca0a5e6cd/s0/9651a4ba-d8a3-41bf-9b40-d132c5adf328
2024-12-14 12:24:47,347 TRACE util.FileUtils (LogUtils.java:runAndLog(49)) - Successfully ran Files.delete /home/runner/work/ratis/ratis/ratis-examples/target/test/data/da5193cb/MiniRaftClusterWithGrpca0a5e6cd/s0/9651a4ba-d8a3-41bf-9b40-d132c5adf328/current/raft-meta.conf
2024-12-14 12:24:47,347 TRACE util.FileUtils (LogUtils.java:runAndLog(49)) - Successfully ran Files.delete /home/runner/work/ratis/ratis/ratis-examples/target/test/data/da5193cb/MiniRaftClusterWithGrpca0a5e6cd/s0/9651a4ba-d8a3-41bf-9b40-d132c5adf328/current/log_inprogress_0
2024-12-14 12:24:47,347 TRACE util.FileUtils (LogUtils.java:runAndLog(49)) - Successfully ran Files.delete /home/runner/work/ratis/ratis/ratis-examples/target/test/data/da5193cb/MiniRaftClusterWithGrpca0a5e6cd/s0/9651a4ba-d8a3-41bf-9b40-d132c5adf328/current/raft-meta
2024-12-14 12:24:47,347 TRACE util.FileUtils (LogUtils.java:runAndLog(49)) - Successfully ran Files.delete /home/runner/work/ratis/ratis/ratis-examples/target/test/data/da5193cb/MiniRaftClusterWithGrpca0a5e6cd/s0/9651a4ba-d8a3-41bf-9b40-d132c5adf328/current
2024-12-14 12:24:47,347 TRACE util.FileUtils (LogUtils.java:runAndLog(49)) - Successfully ran Files.delete /home/runner/work/ratis/ratis/ratis-examples/target/test/data/da5193cb/MiniRaftClusterWithGrpca0a5e6cd/s0/9651a4ba-d8a3-41bf-9b40-d132c5adf328/in_use.lock
2024-12-14 12:24:47,347 TRACE util.FileUtils (LogUtils.java:runAndLog(49)) - Successfully ran Files.delete /home/runner/work/ratis/ratis/ratis-examples/target/test/data/da5193cb/MiniRaftClusterWithGrpca0a5e6cd/s0/9651a4ba-d8a3-41bf-9b40-d132c5adf328/sm
2024-12-14 12:24:47,347 TRACE util.FileUtils (LogUtils.java:runAndLog(49)) - Successfully ran Files.delete /home/runner/work/ratis/ratis/ratis-examples/target/test/data/da5193cb/MiniRaftClusterWithGrpca0a5e6cd/s0/9651a4ba-d8a3-41bf-9b40-d132c5adf328
2024-12-14 12:24:47,347 INFO  server.RaftServer$Division (RaftServerImpl.java:groupRemove(484)) - s0@group-D132C5ADF328: Succeed to remove RaftStorageDirectory Storage Directory /home/runner/work/ratis/ratis/ratis-examples/target/test/data/da5193cb/MiniRaftClusterWithGrpca0a5e6cd/s0/9651a4ba-d8a3-41bf-9b40-d132c5adf328
2024-12-14 12:24:47,358 INFO  server.RaftServer (RaftServerProxy.java:remove(112)) - s1: remove  FOLLOWER s1@group-D132C5ADF328:t1, leader=null, voted=s1, raftlog=Memoized:s1@group-D132C5ADF328-SegmentedRaftLog:OPENED:c120:last(t:1, i:120), conf=conf: {index: 0, cur=peers:[s10|0.0.0.0:15010, s0|0.0.0.0:15000, s1|0.0.0.0:15001]|listeners:[], old=null} RUNNING
2024-12-14 12:24:47,358 INFO  server.RaftServer$Division (RaftServerImpl.java:lambda$close$1(514)) - s1@group-D132C5ADF328: shutdown
2024-12-14 12:24:47,358 INFO  util.JmxRegister (JmxRegister.java:unregister(74)) - Successfully un-registered JMX Bean with object name Ratis:service=RaftServer,group=group-D132C5ADF328,id=s1
2024-12-14 12:24:47,358 INFO  impl.RoleInfo (RoleInfo.java:shutdownFollowerState(121)) - s1: shutdown s1@group-D132C5ADF328-FollowerState
2024-12-14 12:24:47,359 INFO  impl.StateMachineUpdater (StateMachineUpdater.java:stopAndJoin(164)) - s1@group-D132C5ADF328-StateMachineUpdater: set stopIndex = 120
2024-12-14 12:24:47,359 INFO  impl.FollowerState (FollowerState.java:runImpl(170)) - s1@group-D132C5ADF328-FollowerState was interrupted
2024-12-14 12:24:47,359 INFO  impl.StateMachineUpdater (StateMachineUpdater.java:stop(141)) - s1@group-D132C5ADF328-StateMachineUpdater: closing ArithmeticStateMachine, lastApplied=(t:1, i:120)
2024-12-14 12:24:47,359 INFO  raftlog.RaftLog (SegmentedRaftLog.java:close(568)) - Start closing s1@group-D132C5ADF328-SegmentedRaftLog:OPENED:c120:last(t:1, i:120)
2024-12-14 12:24:47,359 INFO  util.AwaitToRun (AwaitToRun.java:run(49)) - s1@group-D132C5ADF328-cacheEviction-AwaitToRun-AwaitForSignal is interrupted
2024-12-14 12:24:47,360 INFO  segmented.LogSegment (LogSegment.java:close(349)) - Successfully closed EntryCache-log_inprogress_0
2024-12-14 12:24:48,343 INFO  segmented.SegmentedRaftLogWorker (SegmentedRaftLogWorker.java:close(254)) - s1@group-D132C5ADF328-SegmentedRaftLogWorker close()
2024-12-14 12:24:48,343 INFO  raftlog.RaftLog (SegmentedRaftLog.java:close(576)) - Successfully closed s1@group-D132C5ADF328-SegmentedRaftLog:CLOSED:c120
2024-12-14 12:24:48,344 TRACE util.FileUtils (FileUtils.java:deleteFully(307)) - deleteFully /home/runner/work/ratis/ratis/ratis-examples/target/test/data/da5193cb/MiniRaftClusterWithGrpca0a5e6cd/s1/9651a4ba-d8a3-41bf-9b40-d132c5adf328
2024-12-14 12:24:48,344 TRACE util.FileUtils (LogUtils.java:runAndLog(49)) - Successfully ran Files.delete /home/runner/work/ratis/ratis/ratis-examples/target/test/data/da5193cb/MiniRaftClusterWithGrpca0a5e6cd/s1/9651a4ba-d8a3-41bf-9b40-d132c5adf328/current/raft-meta.conf
2024-12-14 12:24:48,344 TRACE util.FileUtils (LogUtils.java:runAndLog(49)) - Successfully ran Files.delete /home/runner/work/ratis/ratis/ratis-examples/target/test/data/da5193cb/MiniRaftClusterWithGrpca0a5e6cd/s1/9651a4ba-d8a3-41bf-9b40-d132c5adf328/current/log_inprogress_0
2024-12-14 12:24:48,344 TRACE util.FileUtils (LogUtils.java:runAndLog(49)) - Successfully ran Files.delete /home/runner/work/ratis/ratis/ratis-examples/target/test/data/da5193cb/MiniRaftClusterWithGrpca0a5e6cd/s1/9651a4ba-d8a3-41bf-9b40-d132c5adf328/current/raft-meta
2024-12-14 12:24:48,344 TRACE util.FileUtils (LogUtils.java:runAndLog(49)) - Successfully ran Files.delete /home/runner/work/ratis/ratis/ratis-examples/target/test/data/da5193cb/MiniRaftClusterWithGrpca0a5e6cd/s1/9651a4ba-d8a3-41bf-9b40-d132c5adf328/current
2024-12-14 12:24:48,344 TRACE util.FileUtils (LogUtils.java:runAndLog(49)) - Successfully ran Files.delete /home/runner/work/ratis/ratis/ratis-examples/target/test/data/da5193cb/MiniRaftClusterWithGrpca0a5e6cd/s1/9651a4ba-d8a3-41bf-9b40-d132c5adf328/in_use.lock
2024-12-14 12:24:48,345 TRACE util.FileUtils (LogUtils.java:runAndLog(49)) - Successfully ran Files.delete /home/runner/work/ratis/ratis/ratis-examples/target/test/data/da5193cb/MiniRaftClusterWithGrpca0a5e6cd/s1/9651a4ba-d8a3-41bf-9b40-d132c5adf328/sm
2024-12-14 12:24:48,345 TRACE util.FileUtils (LogUtils.java:runAndLog(49)) - Successfully ran Files.delete /home/runner/work/ratis/ratis/ratis-examples/target/test/data/da5193cb/MiniRaftClusterWithGrpca0a5e6cd/s1/9651a4ba-d8a3-41bf-9b40-d132c5adf328
2024-12-14 12:24:48,345 INFO  server.RaftServer$Division (RaftServerImpl.java:groupRemove(484)) - s1@group-D132C5ADF328: Succeed to remove RaftStorageDirectory Storage Directory /home/runner/work/ratis/ratis/ratis-examples/target/test/data/da5193cb/MiniRaftClusterWithGrpca0a5e6cd/s1/9651a4ba-d8a3-41bf-9b40-d132c5adf328
2024-12-14 12:24:48,347 INFO  impl.GroupManagementBaseTest (GroupManagementBaseTest.java:runMultiGroupTest(299)) - 1) close printing group-9E43CC895C9D
  s11:  RUNNING [
     LEADER s11@group-9E43CC895C9D:t1, leader=s11, voted=s11, raftlog=Memoized:s11@group-9E43CC895C9D-SegmentedRaftLog:OPENED:c120:last(t:1, i:120), conf=conf: {index: 0, cur=peers:[s11|0.0.0.0:15011, s13|0.0.0.0:15013, s12|0.0.0.0:15012]|listeners:[], old=null} RUNNING
   FOLLOWER s11@group-40388BE3F4D5:t0, leader=null, voted=, raftlog=Memoized:s11@group-40388BE3F4D5-SegmentedRaftLog:OPENED:c-1:lastnull, conf=conf: {index: -1, cur=peers:[]|listeners:[], old=null} STARTING] size=2
  s13:  RUNNING [
   FOLLOWER s13@group-9E43CC895C9D:t1, leader=s11, voted=s11, raftlog=Memoized:s13@group-9E43CC895C9D-SegmentedRaftLog:OPENED:c120:last(t:1, i:120), conf=conf: {index: 0, cur=peers:[s11|0.0.0.0:15011, s13|0.0.0.0:15013, s12|0.0.0.0:15012]|listeners:[], old=null} RUNNING
   FOLLOWER s13@group-40388BE3F4D5:t0, leader=null, voted=, raftlog=Memoized:s13@group-40388BE3F4D5-SegmentedRaftLog:OPENED:c-1:lastnull, conf=conf: {index: -1, cur=peers:[]|listeners:[], old=null} STARTING] size=2
  s12:  RUNNING [
   FOLLOWER s12@group-9E43CC895C9D:t1, leader=s11, voted=s11, raftlog=Memoized:s12@group-9E43CC895C9D-SegmentedRaftLog:OPENED:c120:last(t:1, i:120), conf=conf: {index: 0, cur=peers:[s11|0.0.0.0:15011, s13|0.0.0.0:15013, s12|0.0.0.0:15012]|listeners:[], old=null} RUNNING
   FOLLOWER s12@group-40388BE3F4D5:t0, leader=null, voted=, raftlog=Memoized:s12@group-40388BE3F4D5-SegmentedRaftLog:OPENED:c-1:lastnull, conf=conf: {index: -1, cur=peers:[]|listeners:[], old=null} STARTING] size=2
2024-12-14 12:24:48,352 INFO  server.RaftServer (RaftServerProxy.java:remove(112)) - s11: remove    LEADER s11@group-9E43CC895C9D:t1, leader=s11, voted=s11, raftlog=Memoized:s11@group-9E43CC895C9D-SegmentedRaftLog:OPENED:c120:last(t:1, i:120), conf=conf: {index: 0, cur=peers:[s11|0.0.0.0:15011, s13|0.0.0.0:15013, s12|0.0.0.0:15012]|listeners:[], old=null} RUNNING
2024-12-14 12:24:48,352 INFO  server.RaftServer$Division (RaftServerImpl.java:lambda$close$1(514)) - s11@group-9E43CC895C9D: shutdown
2024-12-14 12:24:48,352 INFO  util.JmxRegister (JmxRegister.java:unregister(74)) - Successfully un-registered JMX Bean with object name Ratis:service=RaftServer,group=group-9E43CC895C9D,id=s11
2024-12-14 12:24:48,352 INFO  impl.RoleInfo (RoleInfo.java:shutdownLeaderState(103)) - s11: shutdown s11@group-9E43CC895C9D-LeaderStateImpl
2024-12-14 12:24:48,352 WARN  server.GrpcLogAppender (GrpcLogAppender.java:mayWait(293)) - s11@group-9E43CC895C9D->s13-GrpcLogAppender: Wait interrupted by java.lang.InterruptedException
2024-12-14 12:24:48,353 INFO  impl.PendingRequests (PendingRequests.java:sendNotLeaderResponses(287)) - s11@group-9E43CC895C9D-PendingRequests: sendNotLeaderResponses
2024-12-14 12:24:48,352 WARN  server.GrpcLogAppender (GrpcLogAppender.java:mayWait(293)) - s11@group-9E43CC895C9D->s12-GrpcLogAppender: Wait interrupted by java.lang.InterruptedException
2024-12-14 12:24:48,353 INFO  server.GrpcServerProtocolService (GrpcServerProtocolService.java:onCompleted(200)) - s13: Completed APPEND_ENTRIES, lastRequest: null
2024-12-14 12:24:48,354 INFO  server.GrpcServerProtocolService (GrpcServerProtocolService.java:onCompleted(200)) - s12: Completed APPEND_ENTRIES, lastRequest: null
2024-12-14 12:24:48,354 INFO  server.GrpcServerProtocolService (GrpcServerProtocolService.java:onCompleted(200)) - s12: Completed APPEND_ENTRIES, lastRequest: s11->s12#320-t1,previous=(t:1, i:119),leaderCommit=119,initializing? false,entries: size=1, first=(t:1, i:120), METADATAENTRY(c:119)
2024-12-14 12:24:48,354 INFO  server.GrpcServerProtocolService (GrpcServerProtocolService.java:lambda$onCompleted$7(202)) - s12: Completed APPEND_ENTRIES, lastReply: null
2024-12-14 12:24:48,354 INFO  impl.StateMachineUpdater (StateMachineUpdater.java:stopAndJoin(164)) - s11@group-9E43CC895C9D-StateMachineUpdater: set stopIndex = 120
2024-12-14 12:24:48,354 INFO  impl.StateMachineUpdater (StateMachineUpdater.java:stop(141)) - s11@group-9E43CC895C9D-StateMachineUpdater: closing ArithmeticStateMachine, lastApplied=(t:1, i:120)
2024-12-14 12:24:48,355 INFO  server.GrpcLogAppender (GrpcLogAppender.java:onCompleted(559)) - s11@group-9E43CC895C9D->s12-AppendLogResponseHandler: follower responses appendEntries COMPLETED
2024-12-14 12:24:48,354 INFO  server.GrpcServerProtocolService (GrpcServerProtocolService.java:onCompleted(200)) - s13: Completed APPEND_ENTRIES, lastRequest: s11->s13#279-t1,previous=(t:1, i:119),leaderCommit=119,initializing? false,entries: size=1, first=(t:1, i:120), METADATAENTRY(c:119)
2024-12-14 12:24:48,355 INFO  server.GrpcServerProtocolService (GrpcServerProtocolService.java:lambda$onCompleted$7(202)) - s13: Completed APPEND_ENTRIES, lastReply: null
2024-12-14 12:24:48,355 INFO  raftlog.RaftLog (SegmentedRaftLog.java:close(568)) - Start closing s11@group-9E43CC895C9D-SegmentedRaftLog:OPENED:c120:last(t:1, i:120)
2024-12-14 12:24:48,355 INFO  util.AwaitToRun (AwaitToRun.java:run(49)) - s11@group-9E43CC895C9D-cacheEviction-AwaitToRun-AwaitForSignal is interrupted
2024-12-14 12:24:48,355 INFO  server.GrpcLogAppender (GrpcLogAppender.java:onCompleted(559)) - s11@group-9E43CC895C9D->s13-AppendLogResponseHandler: follower responses appendEntries COMPLETED
2024-12-14 12:24:48,355 INFO  server.GrpcServerProtocolService (GrpcServerProtocolService.java:lambda$onCompleted$7(202)) - s13: Completed APPEND_ENTRIES, lastReply: serverReply {
  requestorId: "s11"
  replyId: "s13"
  raftGroupId {
    id: "CZM\360\274RJ\237\233Z\236C\314\211\\\235"
  }
  callId: 325
  success: true
}
term: 1
nextIndex: 121
followerCommit: 120
matchIndex: 18446744073709551615
isHearbeat: true

2024-12-14 12:24:48,355 INFO  server.GrpcServerProtocolService (GrpcServerProtocolService.java:lambda$onCompleted$7(202)) - s12: Completed APPEND_ENTRIES, lastReply: serverReply {
  requestorId: "s11"
  replyId: "s12"
  raftGroupId {
    id: "CZM\360\274RJ\237\233Z\236C\314\211\\\235"
  }
  callId: 367
  success: true
}
term: 1
nextIndex: 121
followerCommit: 120
matchIndex: 18446744073709551615
isHearbeat: true

2024-12-14 12:24:48,359 INFO  server.GrpcLogAppender (GrpcLogAppender.java:onCompleted(559)) - s11@group-9E43CC895C9D->s12-AppendLogResponseHandler: follower responses appendEntries COMPLETED
2024-12-14 12:24:48,359 INFO  segmented.LogSegment (LogSegment.java:close(349)) - Successfully closed EntryCache-log_inprogress_0
2024-12-14 12:24:48,361 INFO  server.GrpcLogAppender (GrpcLogAppender.java:onCompleted(559)) - s11@group-9E43CC895C9D->s13-AppendLogResponseHandler: follower responses appendEntries COMPLETED
2024-12-14 12:24:48,629 INFO  segmented.SegmentedRaftLogWorker (SegmentedRaftLogWorker.java:close(254)) - s11@group-9E43CC895C9D-SegmentedRaftLogWorker close()
2024-12-14 12:24:48,629 INFO  raftlog.RaftLog (SegmentedRaftLog.java:close(576)) - Successfully closed s11@group-9E43CC895C9D-SegmentedRaftLog:CLOSED:c120
2024-12-14 12:24:48,629 TRACE util.FileUtils (FileUtils.java:deleteFully(307)) - deleteFully /home/runner/work/ratis/ratis/ratis-examples/target/test/data/da5193cb/MiniRaftClusterWithGrpca0a5e6cd/s11/435a4df0-bc52-4a9f-9b5a-9e43cc895c9d
2024-12-14 12:24:48,630 TRACE util.FileUtils (LogUtils.java:runAndLog(49)) - Successfully ran Files.delete /home/runner/work/ratis/ratis/ratis-examples/target/test/data/da5193cb/MiniRaftClusterWithGrpca0a5e6cd/s11/435a4df0-bc52-4a9f-9b5a-9e43cc895c9d/current/raft-meta.conf
2024-12-14 12:24:48,630 TRACE util.FileUtils (LogUtils.java:runAndLog(49)) - Successfully ran Files.delete /home/runner/work/ratis/ratis/ratis-examples/target/test/data/da5193cb/MiniRaftClusterWithGrpca0a5e6cd/s11/435a4df0-bc52-4a9f-9b5a-9e43cc895c9d/current/log_inprogress_0
2024-12-14 12:24:48,630 TRACE util.FileUtils (LogUtils.java:runAndLog(49)) - Successfully ran Files.delete /home/runner/work/ratis/ratis/ratis-examples/target/test/data/da5193cb/MiniRaftClusterWithGrpca0a5e6cd/s11/435a4df0-bc52-4a9f-9b5a-9e43cc895c9d/current/raft-meta
2024-12-14 12:24:48,630 TRACE util.FileUtils (LogUtils.java:runAndLog(49)) - Successfully ran Files.delete /home/runner/work/ratis/ratis/ratis-examples/target/test/data/da5193cb/MiniRaftClusterWithGrpca0a5e6cd/s11/435a4df0-bc52-4a9f-9b5a-9e43cc895c9d/current
2024-12-14 12:24:48,630 TRACE util.FileUtils (LogUtils.java:runAndLog(49)) - Successfully ran Files.delete /home/runner/work/ratis/ratis/ratis-examples/target/test/data/da5193cb/MiniRaftClusterWithGrpca0a5e6cd/s11/435a4df0-bc52-4a9f-9b5a-9e43cc895c9d/in_use.lock
2024-12-14 12:24:48,630 TRACE util.FileUtils (LogUtils.java:runAndLog(49)) - Successfully ran Files.delete /home/runner/work/ratis/ratis/ratis-examples/target/test/data/da5193cb/MiniRaftClusterWithGrpca0a5e6cd/s11/435a4df0-bc52-4a9f-9b5a-9e43cc895c9d/sm
2024-12-14 12:24:48,630 TRACE util.FileUtils (LogUtils.java:runAndLog(49)) - Successfully ran Files.delete /home/runner/work/ratis/ratis/ratis-examples/target/test/data/da5193cb/MiniRaftClusterWithGrpca0a5e6cd/s11/435a4df0-bc52-4a9f-9b5a-9e43cc895c9d
2024-12-14 12:24:48,631 INFO  server.RaftServer$Division (RaftServerImpl.java:groupRemove(484)) - s11@group-9E43CC895C9D: Succeed to remove RaftStorageDirectory Storage Directory /home/runner/work/ratis/ratis/ratis-examples/target/test/data/da5193cb/MiniRaftClusterWithGrpca0a5e6cd/s11/435a4df0-bc52-4a9f-9b5a-9e43cc895c9d
2024-12-14 12:24:48,639 INFO  server.RaftServer (RaftServerProxy.java:remove(112)) - s13: remove  FOLLOWER s13@group-9E43CC895C9D:t1, leader=s11, voted=s11, raftlog=Memoized:s13@group-9E43CC895C9D-SegmentedRaftLog:OPENED:c120:last(t:1, i:120), conf=conf: {index: 0, cur=peers:[s11|0.0.0.0:15011, s13|0.0.0.0:15013, s12|0.0.0.0:15012]|listeners:[], old=null} RUNNING
2024-12-14 12:24:48,639 INFO  server.RaftServer$Division (RaftServerImpl.java:lambda$close$1(514)) - s13@group-9E43CC895C9D: shutdown
2024-12-14 12:24:48,639 INFO  util.JmxRegister (JmxRegister.java:unregister(74)) - Successfully un-registered JMX Bean with object name Ratis:service=RaftServer,group=group-9E43CC895C9D,id=s13
2024-12-14 12:24:48,639 INFO  impl.RoleInfo (RoleInfo.java:shutdownFollowerState(121)) - s13: shutdown s13@group-9E43CC895C9D-FollowerState
2024-12-14 12:24:48,639 INFO  impl.FollowerState (FollowerState.java:runImpl(170)) - s13@group-9E43CC895C9D-FollowerState was interrupted
2024-12-14 12:24:48,639 INFO  impl.StateMachineUpdater (StateMachineUpdater.java:stop(141)) - s13@group-9E43CC895C9D-StateMachineUpdater: closing ArithmeticStateMachine, lastApplied=(t:1, i:120)
2024-12-14 12:24:48,640 INFO  impl.StateMachineUpdater (StateMachineUpdater.java:stopAndJoin(164)) - s13@group-9E43CC895C9D-StateMachineUpdater: set stopIndex = 120
2024-12-14 12:24:48,641 INFO  raftlog.RaftLog (SegmentedRaftLog.java:close(568)) - Start closing s13@group-9E43CC895C9D-SegmentedRaftLog:OPENED:c120:last(t:1, i:120)
2024-12-14 12:24:48,641 INFO  util.AwaitToRun (AwaitToRun.java:run(49)) - s13@group-9E43CC895C9D-cacheEviction-AwaitToRun-AwaitForSignal is interrupted
2024-12-14 12:24:48,641 INFO  segmented.LogSegment (LogSegment.java:close(349)) - Successfully closed EntryCache-log_inprogress_0
2024-12-14 12:24:49,016 INFO  impl.FollowerState (FollowerState.java:runImpl(161)) - s12@group-9E43CC895C9D-FollowerState: change to CANDIDATE, lastRpcElapsedTime:695691830ns, electionTimeout:460ms
2024-12-14 12:24:49,017 INFO  impl.RoleInfo (RoleInfo.java:shutdownFollowerState(121)) - s12: shutdown s12@group-9E43CC895C9D-FollowerState
2024-12-14 12:24:49,017 INFO  server.RaftServer$Division (RaftServerImpl.java:setRole(379)) - s12@group-9E43CC895C9D: changes role from  FOLLOWER to CANDIDATE at term 1 for changeToCandidate
2024-12-14 12:24:49,017 INFO  server.RaftServerConfigKeys (ConfUtils.java:logGet(46)) - raft.server.leaderelection.pre-vote = true (default)
2024-12-14 12:24:49,017 INFO  impl.RoleInfo (RoleInfo.java:updateAndGet(148)) - s12: start s12@group-9E43CC895C9D-LeaderElection17
2024-12-14 12:24:49,018 INFO  server.RaftServer$Division (ServerState.java:setLeader(272)) - s12@group-9E43CC895C9D: change Leader from s11 to null at term 1 for PRE_VOTE
2024-12-14 12:24:49,018 INFO  impl.LeaderElection (LeaderElection.java:askForVotes(332)) - s12@group-9E43CC895C9D-LeaderElection17 PRE_VOTE round 0: submit vote requests at term 1 for conf: {index: 0, cur=peers:[s11|0.0.0.0:15011, s13|0.0.0.0:15013, s12|0.0.0.0:15012]|listeners:[], old=null}
2024-12-14 12:24:49,018 INFO  server.GrpcServerProtocolClient (GrpcServerProtocolClient.java:<init>(65)) - Build channel for s11|0.0.0.0:15011
2024-12-14 12:24:49,019 INFO  server.GrpcServerProtocolClient (GrpcServerProtocolClient.java:<init>(65)) - Build channel for s13|0.0.0.0:15013
2024-12-14 12:24:49,025 WARN  server.GrpcServerProtocolService (LogUtils.java:warn(129)) - s13: Failed requestVote s12->s13#0
org.apache.ratis.protocol.exceptions.GroupMismatchException: s13: group-9E43CC895C9D not found.
	at org.apache.ratis.server.impl.RaftServerProxy$ImplMap.get(RaftServerProxy.java:156)
	at org.apache.ratis.server.impl.RaftServerProxy.getImplFuture(RaftServerProxy.java:366)
	at org.apache.ratis.server.impl.RaftServerProxy.getImpl(RaftServerProxy.java:375)
	at org.apache.ratis.server.impl.RaftServerProxy.getImpl(RaftServerProxy.java:370)
	at org.apache.ratis.server.impl.RaftServerProxy.requestVote(RaftServerProxy.java:641)
	at org.apache.ratis.grpc.server.GrpcServerProtocolService.requestVote(GrpcServerProtocolService.java:269)
	at org.apache.ratis.proto.grpc.RaftServerProtocolServiceGrpc$MethodHandlers.invoke(RaftServerProtocolServiceGrpc.java:428)
	at org.apache.ratis.thirdparty.io.grpc.stub.ServerCalls$UnaryServerCallHandler$UnaryServerCallListener.onHalfClose(ServerCalls.java:182)
	at org.apache.ratis.thirdparty.io.grpc.internal.ServerCallImpl$ServerStreamListenerImpl.halfClosed(ServerCallImpl.java:351)
	at org.apache.ratis.thirdparty.io.grpc.internal.ServerImpl$JumpToApplicationThreadServerStreamListener$1HalfClosed.runInContext(ServerImpl.java:860)
	at org.apache.ratis.thirdparty.io.grpc.internal.ContextRunnable.run(ContextRunnable.java:37)
	at org.apache.ratis.thirdparty.io.grpc.internal.SerializingExecutor.run(SerializingExecutor.java:133)
	at java.util.concurrent.ThreadPoolExecutor.runWorker(ThreadPoolExecutor.java:1149)
	at java.util.concurrent.ThreadPoolExecutor$Worker.run(ThreadPoolExecutor.java:624)
	at java.lang.Thread.run(Thread.java:750)
2024-12-14 12:24:49,028 WARN  server.GrpcServerProtocolService (LogUtils.java:warn(129)) - s11: Failed requestVote s12->s11#0
org.apache.ratis.protocol.exceptions.GroupMismatchException: s11: group-9E43CC895C9D not found.
	at org.apache.ratis.server.impl.RaftServerProxy$ImplMap.get(RaftServerProxy.java:156)
	at org.apache.ratis.server.impl.RaftServerProxy.getImplFuture(RaftServerProxy.java:366)
	at org.apache.ratis.server.impl.RaftServerProxy.getImpl(RaftServerProxy.java:375)
	at org.apache.ratis.server.impl.RaftServerProxy.getImpl(RaftServerProxy.java:370)
	at org.apache.ratis.server.impl.RaftServerProxy.requestVote(RaftServerProxy.java:641)
	at org.apache.ratis.grpc.server.GrpcServerProtocolService.requestVote(GrpcServerProtocolService.java:269)
	at org.apache.ratis.proto.grpc.RaftServerProtocolServiceGrpc$MethodHandlers.invoke(RaftServerProtocolServiceGrpc.java:428)
	at org.apache.ratis.thirdparty.io.grpc.stub.ServerCalls$UnaryServerCallHandler$UnaryServerCallListener.onHalfClose(ServerCalls.java:182)
	at org.apache.ratis.thirdparty.io.grpc.internal.ServerCallImpl$ServerStreamListenerImpl.halfClosed(ServerCallImpl.java:351)
	at org.apache.ratis.thirdparty.io.grpc.internal.ServerImpl$JumpToApplicationThreadServerStreamListener$1HalfClosed.runInContext(ServerImpl.java:860)
	at org.apache.ratis.thirdparty.io.grpc.internal.ContextRunnable.run(ContextRunnable.java:37)
	at org.apache.ratis.thirdparty.io.grpc.internal.SerializingExecutor.run(SerializingExecutor.java:133)
	at java.util.concurrent.ThreadPoolExecutor.runWorker(ThreadPoolExecutor.java:1149)
	at java.util.concurrent.ThreadPoolExecutor$Worker.run(ThreadPoolExecutor.java:624)
	at java.lang.Thread.run(Thread.java:750)
2024-12-14 12:24:49,042 INFO  impl.LeaderElection (LogUtils.java:infoOrTrace(142)) - s12@group-9E43CC895C9D-LeaderElection17 got exception when requesting votes: java.util.concurrent.ExecutionException: org.apache.ratis.thirdparty.io.grpc.StatusRuntimeException: INTERNAL: s13: group-9E43CC895C9D not found.
2024-12-14 12:24:49,043 INFO  impl.LeaderElection (LogUtils.java:infoOrTrace(142)) - s12@group-9E43CC895C9D-LeaderElection17 got exception when requesting votes: java.util.concurrent.ExecutionException: org.apache.ratis.thirdparty.io.grpc.StatusRuntimeException: INTERNAL: s11: group-9E43CC895C9D not found.
2024-12-14 12:24:49,043 INFO  impl.LeaderElection (LeaderElection.java:logAndReturn(90)) - s12@group-9E43CC895C9D-LeaderElection17: PRE_VOTE REJECTED received 0 response(s) and 2 exception(s):
2024-12-14 12:24:49,043 INFO  impl.LeaderElection (LogUtils.java:infoOrTrace(142)) -   Exception 0: java.util.concurrent.ExecutionException: org.apache.ratis.thirdparty.io.grpc.StatusRuntimeException: INTERNAL: s13: group-9E43CC895C9D not found.
2024-12-14 12:24:49,043 INFO  impl.LeaderElection (LogUtils.java:infoOrTrace(142)) -   Exception 1: java.util.concurrent.ExecutionException: org.apache.ratis.thirdparty.io.grpc.StatusRuntimeException: INTERNAL: s11: group-9E43CC895C9D not found.
2024-12-14 12:24:49,043 INFO  impl.LeaderElection (LeaderElection.java:askForVotes(334)) - s12@group-9E43CC895C9D-LeaderElection17 PRE_VOTE round 0: result REJECTED
2024-12-14 12:24:49,043 INFO  server.RaftServer$Division (RaftServerImpl.java:setRole(379)) - s12@group-9E43CC895C9D: changes role from CANDIDATE to FOLLOWER at term 1 for REJECTED
2024-12-14 12:24:49,043 INFO  impl.RoleInfo (RoleInfo.java:shutdownLeaderElection(141)) - s12: shutdown s12@group-9E43CC895C9D-LeaderElection17
2024-12-14 12:24:49,043 INFO  impl.RoleInfo (RoleInfo.java:updateAndGet(148)) - s12: start s12@group-9E43CC895C9D-FollowerState
2024-12-14 12:24:49,546 INFO  impl.FollowerState (FollowerState.java:runImpl(161)) - s12@group-9E43CC895C9D-FollowerState: change to CANDIDATE, lastRpcElapsedTime:503447590ns, electionTimeout:503ms
2024-12-14 12:24:49,547 INFO  impl.RoleInfo (RoleInfo.java:shutdownFollowerState(121)) - s12: shutdown s12@group-9E43CC895C9D-FollowerState
2024-12-14 12:24:49,547 INFO  server.RaftServer$Division (RaftServerImpl.java:setRole(379)) - s12@group-9E43CC895C9D: changes role from  FOLLOWER to CANDIDATE at term 1 for changeToCandidate
2024-12-14 12:24:49,547 INFO  server.RaftServerConfigKeys (ConfUtils.java:logGet(46)) - raft.server.leaderelection.pre-vote = true (default)
2024-12-14 12:24:49,547 INFO  impl.RoleInfo (RoleInfo.java:updateAndGet(148)) - s12: start s12@group-9E43CC895C9D-LeaderElection18
2024-12-14 12:24:49,548 INFO  impl.LeaderElection (LeaderElection.java:askForVotes(332)) - s12@group-9E43CC895C9D-LeaderElection18 PRE_VOTE round 0: submit vote requests at term 1 for conf: {index: 0, cur=peers:[s11|0.0.0.0:15011, s13|0.0.0.0:15013, s12|0.0.0.0:15012]|listeners:[], old=null}
2024-12-14 12:24:49,549 WARN  server.GrpcServerProtocolService (LogUtils.java:warn(129)) - s11: Failed requestVote s12->s11#0
org.apache.ratis.protocol.exceptions.GroupMismatchException: s11: group-9E43CC895C9D not found.
	at org.apache.ratis.server.impl.RaftServerProxy$ImplMap.get(RaftServerProxy.java:156)
	at org.apache.ratis.server.impl.RaftServerProxy.getImplFuture(RaftServerProxy.java:366)
	at org.apache.ratis.server.impl.RaftServerProxy.getImpl(RaftServerProxy.java:375)
	at org.apache.ratis.server.impl.RaftServerProxy.getImpl(RaftServerProxy.java:370)
	at org.apache.ratis.server.impl.RaftServerProxy.requestVote(RaftServerProxy.java:641)
	at org.apache.ratis.grpc.server.GrpcServerProtocolService.requestVote(GrpcServerProtocolService.java:269)
	at org.apache.ratis.proto.grpc.RaftServerProtocolServiceGrpc$MethodHandlers.invoke(RaftServerProtocolServiceGrpc.java:428)
	at org.apache.ratis.thirdparty.io.grpc.stub.ServerCalls$UnaryServerCallHandler$UnaryServerCallListener.onHalfClose(ServerCalls.java:182)
	at org.apache.ratis.thirdparty.io.grpc.internal.ServerCallImpl$ServerStreamListenerImpl.halfClosed(ServerCallImpl.java:351)
	at org.apache.ratis.thirdparty.io.grpc.internal.ServerImpl$JumpToApplicationThreadServerStreamListener$1HalfClosed.runInContext(ServerImpl.java:860)
	at org.apache.ratis.thirdparty.io.grpc.internal.ContextRunnable.run(ContextRunnable.java:37)
	at org.apache.ratis.thirdparty.io.grpc.internal.SerializingExecutor.run(SerializingExecutor.java:133)
	at java.util.concurrent.ThreadPoolExecutor.runWorker(ThreadPoolExecutor.java:1149)
	at java.util.concurrent.ThreadPoolExecutor$Worker.run(ThreadPoolExecutor.java:624)
	at java.lang.Thread.run(Thread.java:750)
2024-12-14 12:24:49,549 WARN  server.GrpcServerProtocolService (LogUtils.java:warn(129)) - s13: Failed requestVote s12->s13#0
org.apache.ratis.protocol.exceptions.GroupMismatchException: s13: group-9E43CC895C9D not found.
	at org.apache.ratis.server.impl.RaftServerProxy$ImplMap.get(RaftServerProxy.java:156)
	at org.apache.ratis.server.impl.RaftServerProxy.getImplFuture(RaftServerProxy.java:366)
	at org.apache.ratis.server.impl.RaftServerProxy.getImpl(RaftServerProxy.java:375)
	at org.apache.ratis.server.impl.RaftServerProxy.getImpl(RaftServerProxy.java:370)
	at org.apache.ratis.server.impl.RaftServerProxy.requestVote(RaftServerProxy.java:641)
	at org.apache.ratis.grpc.server.GrpcServerProtocolService.requestVote(GrpcServerProtocolService.java:269)
	at org.apache.ratis.proto.grpc.RaftServerProtocolServiceGrpc$MethodHandlers.invoke(RaftServerProtocolServiceGrpc.java:428)
	at org.apache.ratis.thirdparty.io.grpc.stub.ServerCalls$UnaryServerCallHandler$UnaryServerCallListener.onHalfClose(ServerCalls.java:182)
	at org.apache.ratis.thirdparty.io.grpc.internal.ServerCallImpl$ServerStreamListenerImpl.halfClosed(ServerCallImpl.java:351)
	at org.apache.ratis.thirdparty.io.grpc.internal.ServerImpl$JumpToApplicationThreadServerStreamListener$1HalfClosed.runInContext(ServerImpl.java:860)
	at org.apache.ratis.thirdparty.io.grpc.internal.ContextRunnable.run(ContextRunnable.java:37)
	at org.apache.ratis.thirdparty.io.grpc.internal.SerializingExecutor.run(SerializingExecutor.java:133)
	at java.util.concurrent.ThreadPoolExecutor.runWorker(ThreadPoolExecutor.java:1149)
	at java.util.concurrent.ThreadPoolExecutor$Worker.run(ThreadPoolExecutor.java:624)
	at java.lang.Thread.run(Thread.java:750)
2024-12-14 12:24:49,552 INFO  impl.LeaderElection (LogUtils.java:infoOrTrace(142)) - s12@group-9E43CC895C9D-LeaderElection18 got exception when requesting votes: java.util.concurrent.ExecutionException: org.apache.ratis.thirdparty.io.grpc.StatusRuntimeException: INTERNAL: s11: group-9E43CC895C9D not found.
2024-12-14 12:24:49,553 INFO  impl.LeaderElection (LogUtils.java:infoOrTrace(142)) - s12@group-9E43CC895C9D-LeaderElection18 got exception when requesting votes: java.util.concurrent.ExecutionException: org.apache.ratis.thirdparty.io.grpc.StatusRuntimeException: INTERNAL: s13: group-9E43CC895C9D not found.
2024-12-14 12:24:49,553 INFO  impl.LeaderElection (LeaderElection.java:logAndReturn(90)) - s12@group-9E43CC895C9D-LeaderElection18: PRE_VOTE REJECTED received 0 response(s) and 2 exception(s):
2024-12-14 12:24:49,553 INFO  impl.LeaderElection (LogUtils.java:infoOrTrace(142)) -   Exception 0: java.util.concurrent.ExecutionException: org.apache.ratis.thirdparty.io.grpc.StatusRuntimeException: INTERNAL: s11: group-9E43CC895C9D not found.
2024-12-14 12:24:49,553 INFO  impl.LeaderElection (LogUtils.java:infoOrTrace(142)) -   Exception 1: java.util.concurrent.ExecutionException: org.apache.ratis.thirdparty.io.grpc.StatusRuntimeException: INTERNAL: s13: group-9E43CC895C9D not found.
2024-12-14 12:24:49,553 INFO  impl.LeaderElection (LeaderElection.java:askForVotes(334)) - s12@group-9E43CC895C9D-LeaderElection18 PRE_VOTE round 0: result REJECTED
2024-12-14 12:24:49,553 INFO  server.RaftServer$Division (RaftServerImpl.java:setRole(379)) - s12@group-9E43CC895C9D: changes role from CANDIDATE to FOLLOWER at term 1 for REJECTED
2024-12-14 12:24:49,554 INFO  impl.RoleInfo (RoleInfo.java:shutdownLeaderElection(141)) - s12: shutdown s12@group-9E43CC895C9D-LeaderElection18
2024-12-14 12:24:49,554 INFO  impl.RoleInfo (RoleInfo.java:updateAndGet(148)) - s12: start s12@group-9E43CC895C9D-FollowerState
2024-12-14 12:24:49,629 INFO  segmented.SegmentedRaftLogWorker (SegmentedRaftLogWorker.java:close(254)) - s13@group-9E43CC895C9D-SegmentedRaftLogWorker close()
2024-12-14 12:24:49,630 INFO  raftlog.RaftLog (SegmentedRaftLog.java:close(576)) - Successfully closed s13@group-9E43CC895C9D-SegmentedRaftLog:CLOSED:c120
2024-12-14 12:24:49,630 TRACE util.FileUtils (FileUtils.java:deleteFully(307)) - deleteFully /home/runner/work/ratis/ratis/ratis-examples/target/test/data/da5193cb/MiniRaftClusterWithGrpca0a5e6cd/s13/435a4df0-bc52-4a9f-9b5a-9e43cc895c9d
2024-12-14 12:24:49,631 TRACE util.FileUtils (LogUtils.java:runAndLog(49)) - Successfully ran Files.delete /home/runner/work/ratis/ratis/ratis-examples/target/test/data/da5193cb/MiniRaftClusterWithGrpca0a5e6cd/s13/435a4df0-bc52-4a9f-9b5a-9e43cc895c9d/current/raft-meta.conf
2024-12-14 12:24:49,631 TRACE util.FileUtils (LogUtils.java:runAndLog(49)) - Successfully ran Files.delete /home/runner/work/ratis/ratis/ratis-examples/target/test/data/da5193cb/MiniRaftClusterWithGrpca0a5e6cd/s13/435a4df0-bc52-4a9f-9b5a-9e43cc895c9d/current/log_inprogress_0
2024-12-14 12:24:49,631 TRACE util.FileUtils (LogUtils.java:runAndLog(49)) - Successfully ran Files.delete /home/runner/work/ratis/ratis/ratis-examples/target/test/data/da5193cb/MiniRaftClusterWithGrpca0a5e6cd/s13/435a4df0-bc52-4a9f-9b5a-9e43cc895c9d/current/raft-meta
2024-12-14 12:24:49,631 TRACE util.FileUtils (LogUtils.java:runAndLog(49)) - Successfully ran Files.delete /home/runner/work/ratis/ratis/ratis-examples/target/test/data/da5193cb/MiniRaftClusterWithGrpca0a5e6cd/s13/435a4df0-bc52-4a9f-9b5a-9e43cc895c9d/current
2024-12-14 12:24:49,631 TRACE util.FileUtils (LogUtils.java:runAndLog(49)) - Successfully ran Files.delete /home/runner/work/ratis/ratis/ratis-examples/target/test/data/da5193cb/MiniRaftClusterWithGrpca0a5e6cd/s13/435a4df0-bc52-4a9f-9b5a-9e43cc895c9d/in_use.lock
2024-12-14 12:24:49,631 TRACE util.FileUtils (LogUtils.java:runAndLog(49)) - Successfully ran Files.delete /home/runner/work/ratis/ratis/ratis-examples/target/test/data/da5193cb/MiniRaftClusterWithGrpca0a5e6cd/s13/435a4df0-bc52-4a9f-9b5a-9e43cc895c9d/sm
2024-12-14 12:24:49,631 TRACE util.FileUtils (LogUtils.java:runAndLog(49)) - Successfully ran Files.delete /home/runner/work/ratis/ratis/ratis-examples/target/test/data/da5193cb/MiniRaftClusterWithGrpca0a5e6cd/s13/435a4df0-bc52-4a9f-9b5a-9e43cc895c9d
2024-12-14 12:24:49,631 INFO  server.RaftServer$Division (RaftServerImpl.java:groupRemove(484)) - s13@group-9E43CC895C9D: Succeed to remove RaftStorageDirectory Storage Directory /home/runner/work/ratis/ratis/ratis-examples/target/test/data/da5193cb/MiniRaftClusterWithGrpca0a5e6cd/s13/435a4df0-bc52-4a9f-9b5a-9e43cc895c9d
2024-12-14 12:24:49,637 INFO  server.RaftServer (RaftServerProxy.java:remove(112)) - s12: remove  FOLLOWER s12@group-9E43CC895C9D:t1, leader=null, voted=s11, raftlog=Memoized:s12@group-9E43CC895C9D-SegmentedRaftLog:OPENED:c120:last(t:1, i:120), conf=conf: {index: 0, cur=peers:[s11|0.0.0.0:15011, s13|0.0.0.0:15013, s12|0.0.0.0:15012]|listeners:[], old=null} RUNNING
2024-12-14 12:24:49,637 INFO  server.RaftServer$Division (RaftServerImpl.java:lambda$close$1(514)) - s12@group-9E43CC895C9D: shutdown
2024-12-14 12:24:49,637 INFO  util.JmxRegister (JmxRegister.java:unregister(74)) - Successfully un-registered JMX Bean with object name Ratis:service=RaftServer,group=group-9E43CC895C9D,id=s12
2024-12-14 12:24:49,637 INFO  impl.RoleInfo (RoleInfo.java:shutdownFollowerState(121)) - s12: shutdown s12@group-9E43CC895C9D-FollowerState
2024-12-14 12:24:49,638 INFO  impl.StateMachineUpdater (StateMachineUpdater.java:stopAndJoin(164)) - s12@group-9E43CC895C9D-StateMachineUpdater: set stopIndex = 120
2024-12-14 12:24:49,638 INFO  impl.FollowerState (FollowerState.java:runImpl(170)) - s12@group-9E43CC895C9D-FollowerState was interrupted
2024-12-14 12:24:49,638 INFO  impl.StateMachineUpdater (StateMachineUpdater.java:stop(141)) - s12@group-9E43CC895C9D-StateMachineUpdater: closing ArithmeticStateMachine, lastApplied=(t:1, i:120)
2024-12-14 12:24:49,638 INFO  raftlog.RaftLog (SegmentedRaftLog.java:close(568)) - Start closing s12@group-9E43CC895C9D-SegmentedRaftLog:OPENED:c120:last(t:1, i:120)
2024-12-14 12:24:49,638 INFO  util.AwaitToRun (AwaitToRun.java:run(49)) - s12@group-9E43CC895C9D-cacheEviction-AwaitToRun-AwaitForSignal is interrupted
2024-12-14 12:24:49,639 INFO  segmented.LogSegment (LogSegment.java:close(349)) - Successfully closed EntryCache-log_inprogress_0
2024-12-14 12:24:50,630 INFO  segmented.SegmentedRaftLogWorker (SegmentedRaftLogWorker.java:close(254)) - s12@group-9E43CC895C9D-SegmentedRaftLogWorker close()
2024-12-14 12:24:50,630 INFO  raftlog.RaftLog (SegmentedRaftLog.java:close(576)) - Successfully closed s12@group-9E43CC895C9D-SegmentedRaftLog:CLOSED:c120
2024-12-14 12:24:50,631 TRACE util.FileUtils (FileUtils.java:deleteFully(307)) - deleteFully /home/runner/work/ratis/ratis/ratis-examples/target/test/data/da5193cb/MiniRaftClusterWithGrpca0a5e6cd/s12/435a4df0-bc52-4a9f-9b5a-9e43cc895c9d
2024-12-14 12:24:50,631 TRACE util.FileUtils (LogUtils.java:runAndLog(49)) - Successfully ran Files.delete /home/runner/work/ratis/ratis/ratis-examples/target/test/data/da5193cb/MiniRaftClusterWithGrpca0a5e6cd/s12/435a4df0-bc52-4a9f-9b5a-9e43cc895c9d/current/raft-meta.conf
2024-12-14 12:24:50,631 TRACE util.FileUtils (LogUtils.java:runAndLog(49)) - Successfully ran Files.delete /home/runner/work/ratis/ratis/ratis-examples/target/test/data/da5193cb/MiniRaftClusterWithGrpca0a5e6cd/s12/435a4df0-bc52-4a9f-9b5a-9e43cc895c9d/current/log_inprogress_0
2024-12-14 12:24:50,632 TRACE util.FileUtils (LogUtils.java:runAndLog(49)) - Successfully ran Files.delete /home/runner/work/ratis/ratis/ratis-examples/target/test/data/da5193cb/MiniRaftClusterWithGrpca0a5e6cd/s12/435a4df0-bc52-4a9f-9b5a-9e43cc895c9d/current/raft-meta
2024-12-14 12:24:50,632 TRACE util.FileUtils (LogUtils.java:runAndLog(49)) - Successfully ran Files.delete /home/runner/work/ratis/ratis/ratis-examples/target/test/data/da5193cb/MiniRaftClusterWithGrpca0a5e6cd/s12/435a4df0-bc52-4a9f-9b5a-9e43cc895c9d/current
2024-12-14 12:24:50,632 TRACE util.FileUtils (LogUtils.java:runAndLog(49)) - Successfully ran Files.delete /home/runner/work/ratis/ratis/ratis-examples/target/test/data/da5193cb/MiniRaftClusterWithGrpca0a5e6cd/s12/435a4df0-bc52-4a9f-9b5a-9e43cc895c9d/in_use.lock
2024-12-14 12:24:50,632 TRACE util.FileUtils (LogUtils.java:runAndLog(49)) - Successfully ran Files.delete /home/runner/work/ratis/ratis/ratis-examples/target/test/data/da5193cb/MiniRaftClusterWithGrpca0a5e6cd/s12/435a4df0-bc52-4a9f-9b5a-9e43cc895c9d/sm
2024-12-14 12:24:50,632 TRACE util.FileUtils (LogUtils.java:runAndLog(49)) - Successfully ran Files.delete /home/runner/work/ratis/ratis/ratis-examples/target/test/data/da5193cb/MiniRaftClusterWithGrpca0a5e6cd/s12/435a4df0-bc52-4a9f-9b5a-9e43cc895c9d
2024-12-14 12:24:50,632 INFO  server.RaftServer$Division (RaftServerImpl.java:groupRemove(484)) - s12@group-9E43CC895C9D: Succeed to remove RaftStorageDirectory Storage Directory /home/runner/work/ratis/ratis/ratis-examples/target/test/data/da5193cb/MiniRaftClusterWithGrpca0a5e6cd/s12/435a4df0-bc52-4a9f-9b5a-9e43cc895c9d
2024-12-14 12:24:50,635 INFO  impl.GroupManagementBaseTest (GroupManagementBaseTest.java:runMultiGroupTest(299)) - 2) close printing group-FDF63F8BEBB3
  s3:  RUNNING [
   FOLLOWER s3@group-FDF63F8BEBB3:t1, leader=s14, voted=s14, raftlog=Memoized:s3@group-FDF63F8BEBB3-SegmentedRaftLog:OPENED:c120:last(t:1, i:120), conf=conf: {index: 0, cur=peers:[s3|0.0.0.0:15003, s14|0.0.0.0:15014, s2|0.0.0.0:15002]|listeners:[], old=null} RUNNING
   FOLLOWER s3@group-40388BE3F4D5:t0, leader=null, voted=, raftlog=Memoized:s3@group-40388BE3F4D5-SegmentedRaftLog:OPENED:c-1:lastnull, conf=conf: {index: -1, cur=peers:[]|listeners:[], old=null} STARTING] size=2
  s14:  RUNNING [
     LEADER s14@group-FDF63F8BEBB3:t1, leader=s14, voted=s14, raftlog=Memoized:s14@group-FDF63F8BEBB3-SegmentedRaftLog:OPENED:c120:last(t:1, i:120), conf=conf: {index: 0, cur=peers:[s3|0.0.0.0:15003, s14|0.0.0.0:15014, s2|0.0.0.0:15002]|listeners:[], old=null} RUNNING
   FOLLOWER s14@group-40388BE3F4D5:t0, leader=null, voted=, raftlog=Memoized:s14@group-40388BE3F4D5-SegmentedRaftLog:OPENED:c-1:lastnull, conf=conf: {index: -1, cur=peers:[]|listeners:[], old=null} STARTING] size=2
  s2:  RUNNING [
   FOLLOWER s2@group-FDF63F8BEBB3:t1, leader=s14, voted=s2, raftlog=Memoized:s2@group-FDF63F8BEBB3-SegmentedRaftLog:OPENED:c120:last(t:1, i:120), conf=conf: {index: 0, cur=peers:[s3|0.0.0.0:15003, s14|0.0.0.0:15014, s2|0.0.0.0:15002]|listeners:[], old=null} RUNNING
   FOLLOWER s2@group-40388BE3F4D5:t0, leader=null, voted=, raftlog=Memoized:s2@group-40388BE3F4D5-SegmentedRaftLog:OPENED:c-1:lastnull, conf=conf: {index: -1, cur=peers:[]|listeners:[], old=null} STARTING] size=2
2024-12-14 12:24:50,639 INFO  server.RaftServer (RaftServerProxy.java:remove(112)) - s3: remove  FOLLOWER s3@group-FDF63F8BEBB3:t1, leader=s14, voted=s14, raftlog=Memoized:s3@group-FDF63F8BEBB3-SegmentedRaftLog:OPENED:c120:last(t:1, i:120), conf=conf: {index: 0, cur=peers:[s3|0.0.0.0:15003, s14|0.0.0.0:15014, s2|0.0.0.0:15002]|listeners:[], old=null} RUNNING
2024-12-14 12:24:50,639 INFO  server.RaftServer$Division (RaftServerImpl.java:lambda$close$1(514)) - s3@group-FDF63F8BEBB3: shutdown
2024-12-14 12:24:50,640 INFO  util.JmxRegister (JmxRegister.java:unregister(74)) - Successfully un-registered JMX Bean with object name Ratis:service=RaftServer,group=group-FDF63F8BEBB3,id=s3
2024-12-14 12:24:50,640 INFO  impl.RoleInfo (RoleInfo.java:shutdownFollowerState(121)) - s3: shutdown s3@group-FDF63F8BEBB3-FollowerState
2024-12-14 12:24:50,640 INFO  impl.StateMachineUpdater (StateMachineUpdater.java:stopAndJoin(164)) - s3@group-FDF63F8BEBB3-StateMachineUpdater: set stopIndex = 120
2024-12-14 12:24:50,640 INFO  impl.StateMachineUpdater (StateMachineUpdater.java:stop(141)) - s3@group-FDF63F8BEBB3-StateMachineUpdater: closing ArithmeticStateMachine, lastApplied=(t:1, i:120)
2024-12-14 12:24:50,640 INFO  impl.FollowerState (FollowerState.java:runImpl(170)) - s3@group-FDF63F8BEBB3-FollowerState was interrupted
2024-12-14 12:24:50,644 INFO  raftlog.RaftLog (SegmentedRaftLog.java:close(568)) - Start closing s3@group-FDF63F8BEBB3-SegmentedRaftLog:OPENED:c120:last(t:1, i:120)
2024-12-14 12:24:50,644 INFO  util.AwaitToRun (AwaitToRun.java:run(49)) - s3@group-FDF63F8BEBB3-cacheEviction-AwaitToRun-AwaitForSignal is interrupted
2024-12-14 12:24:50,645 INFO  segmented.LogSegment (LogSegment.java:close(349)) - Successfully closed EntryCache-log_inprogress_0
2024-12-14 12:24:51,053 INFO  segmented.SegmentedRaftLogWorker (SegmentedRaftLogWorker.java:close(254)) - s3@group-FDF63F8BEBB3-SegmentedRaftLogWorker close()
2024-12-14 12:24:51,053 INFO  raftlog.RaftLog (SegmentedRaftLog.java:close(576)) - Successfully closed s3@group-FDF63F8BEBB3-SegmentedRaftLog:CLOSED:c120
2024-12-14 12:24:51,054 TRACE util.FileUtils (FileUtils.java:deleteFully(307)) - deleteFully /home/runner/work/ratis/ratis/ratis-examples/target/test/data/da5193cb/MiniRaftClusterWithGrpca0a5e6cd/s3/84f44ae2-1cbd-44ce-b603-fdf63f8bebb3
2024-12-14 12:24:51,054 TRACE util.FileUtils (LogUtils.java:runAndLog(49)) - Successfully ran Files.delete /home/runner/work/ratis/ratis/ratis-examples/target/test/data/da5193cb/MiniRaftClusterWithGrpca0a5e6cd/s3/84f44ae2-1cbd-44ce-b603-fdf63f8bebb3/current/raft-meta.conf
2024-12-14 12:24:51,054 TRACE util.FileUtils (LogUtils.java:runAndLog(49)) - Successfully ran Files.delete /home/runner/work/ratis/ratis/ratis-examples/target/test/data/da5193cb/MiniRaftClusterWithGrpca0a5e6cd/s3/84f44ae2-1cbd-44ce-b603-fdf63f8bebb3/current/log_inprogress_0
2024-12-14 12:24:51,054 TRACE util.FileUtils (LogUtils.java:runAndLog(49)) - Successfully ran Files.delete /home/runner/work/ratis/ratis/ratis-examples/target/test/data/da5193cb/MiniRaftClusterWithGrpca0a5e6cd/s3/84f44ae2-1cbd-44ce-b603-fdf63f8bebb3/current/raft-meta
2024-12-14 12:24:51,054 TRACE util.FileUtils (LogUtils.java:runAndLog(49)) - Successfully ran Files.delete /home/runner/work/ratis/ratis/ratis-examples/target/test/data/da5193cb/MiniRaftClusterWithGrpca0a5e6cd/s3/84f44ae2-1cbd-44ce-b603-fdf63f8bebb3/current
2024-12-14 12:24:51,055 TRACE util.FileUtils (LogUtils.java:runAndLog(49)) - Successfully ran Files.delete /home/runner/work/ratis/ratis/ratis-examples/target/test/data/da5193cb/MiniRaftClusterWithGrpca0a5e6cd/s3/84f44ae2-1cbd-44ce-b603-fdf63f8bebb3/in_use.lock
2024-12-14 12:24:51,055 TRACE util.FileUtils (LogUtils.java:runAndLog(49)) - Successfully ran Files.delete /home/runner/work/ratis/ratis/ratis-examples/target/test/data/da5193cb/MiniRaftClusterWithGrpca0a5e6cd/s3/84f44ae2-1cbd-44ce-b603-fdf63f8bebb3/sm
2024-12-14 12:24:51,055 TRACE util.FileUtils (LogUtils.java:runAndLog(49)) - Successfully ran Files.delete /home/runner/work/ratis/ratis/ratis-examples/target/test/data/da5193cb/MiniRaftClusterWithGrpca0a5e6cd/s3/84f44ae2-1cbd-44ce-b603-fdf63f8bebb3
2024-12-14 12:24:51,055 INFO  server.RaftServer$Division (RaftServerImpl.java:groupRemove(484)) - s3@group-FDF63F8BEBB3: Succeed to remove RaftStorageDirectory Storage Directory /home/runner/work/ratis/ratis/ratis-examples/target/test/data/da5193cb/MiniRaftClusterWithGrpca0a5e6cd/s3/84f44ae2-1cbd-44ce-b603-fdf63f8bebb3
2024-12-14 12:24:51,060 INFO  server.RaftServer (RaftServerProxy.java:remove(112)) - s14: remove    LEADER s14@group-FDF63F8BEBB3:t1, leader=s14, voted=s14, raftlog=Memoized:s14@group-FDF63F8BEBB3-SegmentedRaftLog:OPENED:c120:last(t:1, i:120), conf=conf: {index: 0, cur=peers:[s3|0.0.0.0:15003, s14|0.0.0.0:15014, s2|0.0.0.0:15002]|listeners:[], old=null} RUNNING
2024-12-14 12:24:51,060 INFO  server.RaftServer$Division (RaftServerImpl.java:lambda$close$1(514)) - s14@group-FDF63F8BEBB3: shutdown
2024-12-14 12:24:51,060 INFO  util.JmxRegister (JmxRegister.java:unregister(74)) - Successfully un-registered JMX Bean with object name Ratis:service=RaftServer,group=group-FDF63F8BEBB3,id=s14
2024-12-14 12:24:51,060 INFO  impl.RoleInfo (RoleInfo.java:shutdownLeaderState(103)) - s14: shutdown s14@group-FDF63F8BEBB3-LeaderStateImpl
2024-12-14 12:24:51,060 WARN  server.GrpcLogAppender (GrpcLogAppender.java:mayWait(293)) - s14@group-FDF63F8BEBB3->s3-GrpcLogAppender: Wait interrupted by java.lang.InterruptedException
2024-12-14 12:24:51,060 INFO  impl.PendingRequests (PendingRequests.java:sendNotLeaderResponses(287)) - s14@group-FDF63F8BEBB3-PendingRequests: sendNotLeaderResponses
2024-12-14 12:24:51,060 WARN  server.GrpcLogAppender (GrpcLogAppender.java:mayWait(293)) - s14@group-FDF63F8BEBB3->s2-GrpcLogAppender: Wait interrupted by java.lang.InterruptedException
2024-12-14 12:24:51,061 INFO  server.GrpcServerProtocolService (GrpcServerProtocolService.java:onCompleted(200)) - s3: Completed APPEND_ENTRIES, lastRequest: s14->s3#338-t1,previous=(t:1, i:119),leaderCommit=119,initializing? false,entries: size=1, first=(t:1, i:120), METADATAENTRY(c:119)
2024-12-14 12:24:51,061 INFO  server.GrpcServerProtocolService (GrpcServerProtocolService.java:lambda$onCompleted$7(202)) - s3: Completed APPEND_ENTRIES, lastReply: null
2024-12-14 12:24:51,061 INFO  server.GrpcServerProtocolService (GrpcServerProtocolService.java:onCompleted(200)) - s2: Completed APPEND_ENTRIES, lastRequest: s14->s2#304-t1,previous=(t:1, i:119),leaderCommit=119,initializing? false,entries: size=1, first=(t:1, i:120), METADATAENTRY(c:119)
2024-12-14 12:24:51,061 INFO  server.GrpcServerProtocolService (GrpcServerProtocolService.java:lambda$onCompleted$7(202)) - s2: Completed APPEND_ENTRIES, lastReply: null
2024-12-14 12:24:51,061 INFO  server.GrpcServerProtocolService (GrpcServerProtocolService.java:onCompleted(200)) - s3: Completed APPEND_ENTRIES, lastRequest: null
2024-12-14 12:24:51,062 INFO  server.GrpcLogAppender (GrpcLogAppender.java:onCompleted(559)) - s14@group-FDF63F8BEBB3->s2-AppendLogResponseHandler: follower responses appendEntries COMPLETED
2024-12-14 12:24:51,062 INFO  impl.StateMachineUpdater (StateMachineUpdater.java:stopAndJoin(164)) - s14@group-FDF63F8BEBB3-StateMachineUpdater: set stopIndex = 120
2024-12-14 12:24:51,062 INFO  impl.StateMachineUpdater (StateMachineUpdater.java:stop(141)) - s14@group-FDF63F8BEBB3-StateMachineUpdater: closing ArithmeticStateMachine, lastApplied=(t:1, i:120)
2024-12-14 12:24:51,062 INFO  raftlog.RaftLog (SegmentedRaftLog.java:close(568)) - Start closing s14@group-FDF63F8BEBB3-SegmentedRaftLog:OPENED:c120:last(t:1, i:120)
2024-12-14 12:24:51,062 INFO  util.AwaitToRun (AwaitToRun.java:run(49)) - s14@group-FDF63F8BEBB3-cacheEviction-AwaitToRun-AwaitForSignal is interrupted
2024-12-14 12:24:51,062 INFO  segmented.LogSegment (LogSegment.java:close(349)) - Successfully closed EntryCache-log_inprogress_0
2024-12-14 12:24:51,065 INFO  server.GrpcServerProtocolService (GrpcServerProtocolService.java:onCompleted(200)) - s2: Completed APPEND_ENTRIES, lastRequest: null
2024-12-14 12:24:51,065 INFO  server.GrpcServerProtocolService (GrpcServerProtocolService.java:lambda$onCompleted$7(202)) - s2: Completed APPEND_ENTRIES, lastReply: serverReply {
  requestorId: "s14"
  replyId: "s2"
  raftGroupId {
    id: "\204\364J\342\034\275D\316\266\003\375\366?\213\353\263"
  }
  callId: 360
  success: true
}
term: 1
nextIndex: 121
followerCommit: 120
matchIndex: 18446744073709551615
isHearbeat: true

2024-12-14 12:24:51,065 INFO  server.GrpcLogAppender (GrpcLogAppender.java:onCompleted(559)) - s14@group-FDF63F8BEBB3->s3-AppendLogResponseHandler: follower responses appendEntries COMPLETED
2024-12-14 12:24:51,065 INFO  server.GrpcLogAppender (GrpcLogAppender.java:onCompleted(559)) - s14@group-FDF63F8BEBB3->s2-AppendLogResponseHandler: follower responses appendEntries COMPLETED
2024-12-14 12:24:51,731 INFO  impl.FollowerState (FollowerState.java:runImpl(161)) - s2@group-FDF63F8BEBB3-FollowerState: change to CANDIDATE, lastRpcElapsedTime:791274191ns, electionTimeout:585ms
2024-12-14 12:24:51,731 INFO  impl.RoleInfo (RoleInfo.java:shutdownFollowerState(121)) - s2: shutdown s2@group-FDF63F8BEBB3-FollowerState
2024-12-14 12:24:51,731 INFO  server.RaftServer$Division (RaftServerImpl.java:setRole(379)) - s2@group-FDF63F8BEBB3: changes role from  FOLLOWER to CANDIDATE at term 1 for changeToCandidate
2024-12-14 12:24:51,731 INFO  server.RaftServerConfigKeys (ConfUtils.java:logGet(46)) - raft.server.leaderelection.pre-vote = true (default)
2024-12-14 12:24:51,731 INFO  impl.RoleInfo (RoleInfo.java:updateAndGet(148)) - s2: start s2@group-FDF63F8BEBB3-LeaderElection19
2024-12-14 12:24:51,732 INFO  server.RaftServer$Division (ServerState.java:setLeader(272)) - s2@group-FDF63F8BEBB3: change Leader from s14 to null at term 1 for PRE_VOTE
2024-12-14 12:24:51,732 INFO  impl.LeaderElection (LeaderElection.java:askForVotes(332)) - s2@group-FDF63F8BEBB3-LeaderElection19 PRE_VOTE round 0: submit vote requests at term 1 for conf: {index: 0, cur=peers:[s3|0.0.0.0:15003, s14|0.0.0.0:15014, s2|0.0.0.0:15002]|listeners:[], old=null}
2024-12-14 12:24:51,733 WARN  server.GrpcServerProtocolService (LogUtils.java:warn(129)) - s3: Failed requestVote s2->s3#0
org.apache.ratis.protocol.exceptions.GroupMismatchException: s3: group-FDF63F8BEBB3 not found.
	at org.apache.ratis.server.impl.RaftServerProxy$ImplMap.get(RaftServerProxy.java:156)
	at org.apache.ratis.server.impl.RaftServerProxy.getImplFuture(RaftServerProxy.java:366)
	at org.apache.ratis.server.impl.RaftServerProxy.getImpl(RaftServerProxy.java:375)
	at org.apache.ratis.server.impl.RaftServerProxy.getImpl(RaftServerProxy.java:370)
	at org.apache.ratis.server.impl.RaftServerProxy.requestVote(RaftServerProxy.java:641)
	at org.apache.ratis.grpc.server.GrpcServerProtocolService.requestVote(GrpcServerProtocolService.java:269)
	at org.apache.ratis.proto.grpc.RaftServerProtocolServiceGrpc$MethodHandlers.invoke(RaftServerProtocolServiceGrpc.java:428)
	at org.apache.ratis.thirdparty.io.grpc.stub.ServerCalls$UnaryServerCallHandler$UnaryServerCallListener.onHalfClose(ServerCalls.java:182)
	at org.apache.ratis.thirdparty.io.grpc.internal.ServerCallImpl$ServerStreamListenerImpl.halfClosed(ServerCallImpl.java:351)
	at org.apache.ratis.thirdparty.io.grpc.internal.ServerImpl$JumpToApplicationThreadServerStreamListener$1HalfClosed.runInContext(ServerImpl.java:860)
	at org.apache.ratis.thirdparty.io.grpc.internal.ContextRunnable.run(ContextRunnable.java:37)
	at org.apache.ratis.thirdparty.io.grpc.internal.SerializingExecutor.run(SerializingExecutor.java:133)
	at java.util.concurrent.ThreadPoolExecutor.runWorker(ThreadPoolExecutor.java:1149)
	at java.util.concurrent.ThreadPoolExecutor$Worker.run(ThreadPoolExecutor.java:624)
	at java.lang.Thread.run(Thread.java:750)
2024-12-14 12:24:51,734 WARN  server.GrpcServerProtocolService (LogUtils.java:warn(129)) - s14: Failed requestVote s2->s14#0
org.apache.ratis.protocol.exceptions.GroupMismatchException: s14: group-FDF63F8BEBB3 not found.
	at org.apache.ratis.server.impl.RaftServerProxy$ImplMap.get(RaftServerProxy.java:156)
	at org.apache.ratis.server.impl.RaftServerProxy.getImplFuture(RaftServerProxy.java:366)
	at org.apache.ratis.server.impl.RaftServerProxy.getImpl(RaftServerProxy.java:375)
	at org.apache.ratis.server.impl.RaftServerProxy.getImpl(RaftServerProxy.java:370)
	at org.apache.ratis.server.impl.RaftServerProxy.requestVote(RaftServerProxy.java:641)
	at org.apache.ratis.grpc.server.GrpcServerProtocolService.requestVote(GrpcServerProtocolService.java:269)
	at org.apache.ratis.proto.grpc.RaftServerProtocolServiceGrpc$MethodHandlers.invoke(RaftServerProtocolServiceGrpc.java:428)
	at org.apache.ratis.thirdparty.io.grpc.stub.ServerCalls$UnaryServerCallHandler$UnaryServerCallListener.onHalfClose(ServerCalls.java:182)
	at org.apache.ratis.thirdparty.io.grpc.internal.ServerCallImpl$ServerStreamListenerImpl.halfClosed(ServerCallImpl.java:351)
	at org.apache.ratis.thirdparty.io.grpc.internal.ServerImpl$JumpToApplicationThreadServerStreamListener$1HalfClosed.runInContext(ServerImpl.java:860)
	at org.apache.ratis.thirdparty.io.grpc.internal.ContextRunnable.run(ContextRunnable.java:37)
	at org.apache.ratis.thirdparty.io.grpc.internal.SerializingExecutor.run(SerializingExecutor.java:133)
	at java.util.concurrent.ThreadPoolExecutor.runWorker(ThreadPoolExecutor.java:1149)
	at java.util.concurrent.ThreadPoolExecutor$Worker.run(ThreadPoolExecutor.java:624)
	at java.lang.Thread.run(Thread.java:750)
2024-12-14 12:24:51,738 INFO  impl.LeaderElection (LogUtils.java:infoOrTrace(142)) - s2@group-FDF63F8BEBB3-LeaderElection19 got exception when requesting votes: java.util.concurrent.ExecutionException: org.apache.ratis.thirdparty.io.grpc.StatusRuntimeException: INTERNAL: s14: group-FDF63F8BEBB3 not found.
2024-12-14 12:24:51,740 INFO  impl.LeaderElection (LogUtils.java:infoOrTrace(142)) - s2@group-FDF63F8BEBB3-LeaderElection19 got exception when requesting votes: java.util.concurrent.ExecutionException: org.apache.ratis.thirdparty.io.grpc.StatusRuntimeException: INTERNAL: s3: group-FDF63F8BEBB3 not found.
2024-12-14 12:24:51,740 INFO  impl.LeaderElection (LeaderElection.java:logAndReturn(90)) - s2@group-FDF63F8BEBB3-LeaderElection19: PRE_VOTE REJECTED received 0 response(s) and 2 exception(s):
2024-12-14 12:24:51,740 INFO  impl.LeaderElection (LogUtils.java:infoOrTrace(142)) -   Exception 0: java.util.concurrent.ExecutionException: org.apache.ratis.thirdparty.io.grpc.StatusRuntimeException: INTERNAL: s14: group-FDF63F8BEBB3 not found.
2024-12-14 12:24:51,740 INFO  impl.LeaderElection (LogUtils.java:infoOrTrace(142)) -   Exception 1: java.util.concurrent.ExecutionException: org.apache.ratis.thirdparty.io.grpc.StatusRuntimeException: INTERNAL: s3: group-FDF63F8BEBB3 not found.
2024-12-14 12:24:51,740 INFO  impl.LeaderElection (LeaderElection.java:askForVotes(334)) - s2@group-FDF63F8BEBB3-LeaderElection19 PRE_VOTE round 0: result REJECTED
2024-12-14 12:24:51,740 INFO  server.RaftServer$Division (RaftServerImpl.java:setRole(379)) - s2@group-FDF63F8BEBB3: changes role from CANDIDATE to FOLLOWER at term 1 for REJECTED
2024-12-14 12:24:51,740 INFO  impl.RoleInfo (RoleInfo.java:shutdownLeaderElection(141)) - s2: shutdown s2@group-FDF63F8BEBB3-LeaderElection19
2024-12-14 12:24:51,740 INFO  impl.RoleInfo (RoleInfo.java:updateAndGet(148)) - s2: start s2@group-FDF63F8BEBB3-FollowerState
2024-12-14 12:24:52,052 INFO  segmented.SegmentedRaftLogWorker (SegmentedRaftLogWorker.java:close(254)) - s14@group-FDF63F8BEBB3-SegmentedRaftLogWorker close()
2024-12-14 12:24:52,053 INFO  raftlog.RaftLog (SegmentedRaftLog.java:close(576)) - Successfully closed s14@group-FDF63F8BEBB3-SegmentedRaftLog:CLOSED:c120
2024-12-14 12:24:52,053 TRACE util.FileUtils (FileUtils.java:deleteFully(307)) - deleteFully /home/runner/work/ratis/ratis/ratis-examples/target/test/data/da5193cb/MiniRaftClusterWithGrpca0a5e6cd/s14/84f44ae2-1cbd-44ce-b603-fdf63f8bebb3
2024-12-14 12:24:52,053 TRACE util.FileUtils (LogUtils.java:runAndLog(49)) - Successfully ran Files.delete /home/runner/work/ratis/ratis/ratis-examples/target/test/data/da5193cb/MiniRaftClusterWithGrpca0a5e6cd/s14/84f44ae2-1cbd-44ce-b603-fdf63f8bebb3/current/raft-meta.conf
2024-12-14 12:24:52,053 TRACE util.FileUtils (LogUtils.java:runAndLog(49)) - Successfully ran Files.delete /home/runner/work/ratis/ratis/ratis-examples/target/test/data/da5193cb/MiniRaftClusterWithGrpca0a5e6cd/s14/84f44ae2-1cbd-44ce-b603-fdf63f8bebb3/current/log_inprogress_0
2024-12-14 12:24:52,053 TRACE util.FileUtils (LogUtils.java:runAndLog(49)) - Successfully ran Files.delete /home/runner/work/ratis/ratis/ratis-examples/target/test/data/da5193cb/MiniRaftClusterWithGrpca0a5e6cd/s14/84f44ae2-1cbd-44ce-b603-fdf63f8bebb3/current/raft-meta
2024-12-14 12:24:52,054 TRACE util.FileUtils (LogUtils.java:runAndLog(49)) - Successfully ran Files.delete /home/runner/work/ratis/ratis/ratis-examples/target/test/data/da5193cb/MiniRaftClusterWithGrpca0a5e6cd/s14/84f44ae2-1cbd-44ce-b603-fdf63f8bebb3/current
2024-12-14 12:24:52,054 TRACE util.FileUtils (LogUtils.java:runAndLog(49)) - Successfully ran Files.delete /home/runner/work/ratis/ratis/ratis-examples/target/test/data/da5193cb/MiniRaftClusterWithGrpca0a5e6cd/s14/84f44ae2-1cbd-44ce-b603-fdf63f8bebb3/in_use.lock
2024-12-14 12:24:52,054 TRACE util.FileUtils (LogUtils.java:runAndLog(49)) - Successfully ran Files.delete /home/runner/work/ratis/ratis/ratis-examples/target/test/data/da5193cb/MiniRaftClusterWithGrpca0a5e6cd/s14/84f44ae2-1cbd-44ce-b603-fdf63f8bebb3/sm
2024-12-14 12:24:52,054 TRACE util.FileUtils (LogUtils.java:runAndLog(49)) - Successfully ran Files.delete /home/runner/work/ratis/ratis/ratis-examples/target/test/data/da5193cb/MiniRaftClusterWithGrpca0a5e6cd/s14/84f44ae2-1cbd-44ce-b603-fdf63f8bebb3
2024-12-14 12:24:52,054 INFO  server.RaftServer$Division (RaftServerImpl.java:groupRemove(484)) - s14@group-FDF63F8BEBB3: Succeed to remove RaftStorageDirectory Storage Directory /home/runner/work/ratis/ratis/ratis-examples/target/test/data/da5193cb/MiniRaftClusterWithGrpca0a5e6cd/s14/84f44ae2-1cbd-44ce-b603-fdf63f8bebb3
2024-12-14 12:24:52,059 INFO  server.RaftServer (RaftServerProxy.java:remove(112)) - s2: remove  FOLLOWER s2@group-FDF63F8BEBB3:t1, leader=null, voted=s2, raftlog=Memoized:s2@group-FDF63F8BEBB3-SegmentedRaftLog:OPENED:c120:last(t:1, i:120), conf=conf: {index: 0, cur=peers:[s3|0.0.0.0:15003, s14|0.0.0.0:15014, s2|0.0.0.0:15002]|listeners:[], old=null} RUNNING
2024-12-14 12:24:52,060 INFO  server.RaftServer$Division (RaftServerImpl.java:lambda$close$1(514)) - s2@group-FDF63F8BEBB3: shutdown
2024-12-14 12:24:52,060 INFO  util.JmxRegister (JmxRegister.java:unregister(74)) - Successfully un-registered JMX Bean with object name Ratis:service=RaftServer,group=group-FDF63F8BEBB3,id=s2
2024-12-14 12:24:52,060 INFO  impl.RoleInfo (RoleInfo.java:shutdownFollowerState(121)) - s2: shutdown s2@group-FDF63F8BEBB3-FollowerState
2024-12-14 12:24:52,060 INFO  impl.StateMachineUpdater (StateMachineUpdater.java:stopAndJoin(164)) - s2@group-FDF63F8BEBB3-StateMachineUpdater: set stopIndex = 120
2024-12-14 12:24:52,060 INFO  impl.StateMachineUpdater (StateMachineUpdater.java:stop(141)) - s2@group-FDF63F8BEBB3-StateMachineUpdater: closing ArithmeticStateMachine, lastApplied=(t:1, i:120)
2024-12-14 12:24:52,060 INFO  impl.FollowerState (FollowerState.java:runImpl(170)) - s2@group-FDF63F8BEBB3-FollowerState was interrupted
2024-12-14 12:24:52,060 INFO  raftlog.RaftLog (SegmentedRaftLog.java:close(568)) - Start closing s2@group-FDF63F8BEBB3-SegmentedRaftLog:OPENED:c120:last(t:1, i:120)
2024-12-14 12:24:52,060 INFO  util.AwaitToRun (AwaitToRun.java:run(49)) - s2@group-FDF63F8BEBB3-cacheEviction-AwaitToRun-AwaitForSignal is interrupted
2024-12-14 12:24:52,061 INFO  segmented.LogSegment (LogSegment.java:close(349)) - Successfully closed EntryCache-log_inprogress_0
2024-12-14 12:24:53,053 INFO  segmented.SegmentedRaftLogWorker (SegmentedRaftLogWorker.java:close(254)) - s2@group-FDF63F8BEBB3-SegmentedRaftLogWorker close()
2024-12-14 12:24:53,053 INFO  raftlog.RaftLog (SegmentedRaftLog.java:close(576)) - Successfully closed s2@group-FDF63F8BEBB3-SegmentedRaftLog:CLOSED:c120
2024-12-14 12:24:53,054 TRACE util.FileUtils (FileUtils.java:deleteFully(307)) - deleteFully /home/runner/work/ratis/ratis/ratis-examples/target/test/data/da5193cb/MiniRaftClusterWithGrpca0a5e6cd/s2/84f44ae2-1cbd-44ce-b603-fdf63f8bebb3
2024-12-14 12:24:53,054 TRACE util.FileUtils (LogUtils.java:runAndLog(49)) - Successfully ran Files.delete /home/runner/work/ratis/ratis/ratis-examples/target/test/data/da5193cb/MiniRaftClusterWithGrpca0a5e6cd/s2/84f44ae2-1cbd-44ce-b603-fdf63f8bebb3/current/raft-meta.conf
2024-12-14 12:24:53,054 TRACE util.FileUtils (LogUtils.java:runAndLog(49)) - Successfully ran Files.delete /home/runner/work/ratis/ratis/ratis-examples/target/test/data/da5193cb/MiniRaftClusterWithGrpca0a5e6cd/s2/84f44ae2-1cbd-44ce-b603-fdf63f8bebb3/current/log_inprogress_0
2024-12-14 12:24:53,054 TRACE util.FileUtils (LogUtils.java:runAndLog(49)) - Successfully ran Files.delete /home/runner/work/ratis/ratis/ratis-examples/target/test/data/da5193cb/MiniRaftClusterWithGrpca0a5e6cd/s2/84f44ae2-1cbd-44ce-b603-fdf63f8bebb3/current/raft-meta
2024-12-14 12:24:53,055 TRACE util.FileUtils (LogUtils.java:runAndLog(49)) - Successfully ran Files.delete /home/runner/work/ratis/ratis/ratis-examples/target/test/data/da5193cb/MiniRaftClusterWithGrpca0a5e6cd/s2/84f44ae2-1cbd-44ce-b603-fdf63f8bebb3/current
2024-12-14 12:24:53,055 TRACE util.FileUtils (LogUtils.java:runAndLog(49)) - Successfully ran Files.delete /home/runner/work/ratis/ratis/ratis-examples/target/test/data/da5193cb/MiniRaftClusterWithGrpca0a5e6cd/s2/84f44ae2-1cbd-44ce-b603-fdf63f8bebb3/in_use.lock
2024-12-14 12:24:53,055 TRACE util.FileUtils (LogUtils.java:runAndLog(49)) - Successfully ran Files.delete /home/runner/work/ratis/ratis/ratis-examples/target/test/data/da5193cb/MiniRaftClusterWithGrpca0a5e6cd/s2/84f44ae2-1cbd-44ce-b603-fdf63f8bebb3/sm
2024-12-14 12:24:53,055 TRACE util.FileUtils (LogUtils.java:runAndLog(49)) - Successfully ran Files.delete /home/runner/work/ratis/ratis/ratis-examples/target/test/data/da5193cb/MiniRaftClusterWithGrpca0a5e6cd/s2/84f44ae2-1cbd-44ce-b603-fdf63f8bebb3
2024-12-14 12:24:53,055 INFO  server.RaftServer$Division (RaftServerImpl.java:groupRemove(484)) - s2@group-FDF63F8BEBB3: Succeed to remove RaftStorageDirectory Storage Directory /home/runner/work/ratis/ratis/ratis-examples/target/test/data/da5193cb/MiniRaftClusterWithGrpca0a5e6cd/s2/84f44ae2-1cbd-44ce-b603-fdf63f8bebb3
2024-12-14 12:24:53,058 INFO  impl.GroupManagementBaseTest (GroupManagementBaseTest.java:runMultiGroupTest(299)) - 4) close printing group-2C18EF48B090
  s7:  RUNNING [
     LEADER s7@group-2C18EF48B090:t1, leader=s7, voted=s7, raftlog=Memoized:s7@group-2C18EF48B090-SegmentedRaftLog:OPENED:c120:last(t:1, i:120), conf=conf: {index: 0, cur=peers:[s7|0.0.0.0:15007, s8|0.0.0.0:15008, s9|0.0.0.0:15009]|listeners:[], old=null} RUNNING
   FOLLOWER s7@group-40388BE3F4D5:t0, leader=null, voted=, raftlog=Memoized:s7@group-40388BE3F4D5-SegmentedRaftLog:OPENED:c-1:lastnull, conf=conf: {index: -1, cur=peers:[]|listeners:[], old=null} STARTING] size=2
  s8:  RUNNING [
   FOLLOWER s8@group-2C18EF48B090:t1, leader=s7, voted=s7, raftlog=Memoized:s8@group-2C18EF48B090-SegmentedRaftLog:OPENED:c120:last(t:1, i:120), conf=conf: {index: 0, cur=peers:[s7|0.0.0.0:15007, s8|0.0.0.0:15008, s9|0.0.0.0:15009]|listeners:[], old=null} RUNNING
   FOLLOWER s8@group-40388BE3F4D5:t0, leader=null, voted=, raftlog=Memoized:s8@group-40388BE3F4D5-SegmentedRaftLog:OPENED:c-1:lastnull, conf=conf: {index: -1, cur=peers:[]|listeners:[], old=null} STARTING] size=2
  s9:  RUNNING [
   FOLLOWER s9@group-2C18EF48B090:t1, leader=s7, voted=s7, raftlog=Memoized:s9@group-2C18EF48B090-SegmentedRaftLog:OPENED:c120:last(t:1, i:120), conf=conf: {index: 0, cur=peers:[s7|0.0.0.0:15007, s8|0.0.0.0:15008, s9|0.0.0.0:15009]|listeners:[], old=null} RUNNING
   FOLLOWER s9@group-40388BE3F4D5:t0, leader=null, voted=, raftlog=Memoized:s9@group-40388BE3F4D5-SegmentedRaftLog:OPENED:c-1:lastnull, conf=conf: {index: -1, cur=peers:[]|listeners:[], old=null} STARTING] size=2
2024-12-14 12:24:53,062 INFO  server.RaftServer (RaftServerProxy.java:remove(112)) - s7: remove    LEADER s7@group-2C18EF48B090:t1, leader=s7, voted=s7, raftlog=Memoized:s7@group-2C18EF48B090-SegmentedRaftLog:OPENED:c120:last(t:1, i:120), conf=conf: {index: 0, cur=peers:[s7|0.0.0.0:15007, s8|0.0.0.0:15008, s9|0.0.0.0:15009]|listeners:[], old=null} RUNNING
2024-12-14 12:24:53,062 INFO  server.RaftServer$Division (RaftServerImpl.java:lambda$close$1(514)) - s7@group-2C18EF48B090: shutdown
2024-12-14 12:24:53,062 INFO  util.JmxRegister (JmxRegister.java:unregister(74)) - Successfully un-registered JMX Bean with object name Ratis:service=RaftServer,group=group-2C18EF48B090,id=s7
2024-12-14 12:24:53,062 INFO  impl.RoleInfo (RoleInfo.java:shutdownLeaderState(103)) - s7: shutdown s7@group-2C18EF48B090-LeaderStateImpl
2024-12-14 12:24:53,062 WARN  server.GrpcLogAppender (GrpcLogAppender.java:mayWait(293)) - s7@group-2C18EF48B090->s8-GrpcLogAppender: Wait interrupted by java.lang.InterruptedException
2024-12-14 12:24:53,062 WARN  server.GrpcLogAppender (GrpcLogAppender.java:mayWait(293)) - s7@group-2C18EF48B090->s9-GrpcLogAppender: Wait interrupted by java.lang.InterruptedException
2024-12-14 12:24:53,062 INFO  impl.PendingRequests (PendingRequests.java:sendNotLeaderResponses(287)) - s7@group-2C18EF48B090-PendingRequests: sendNotLeaderResponses
2024-12-14 12:24:53,063 INFO  server.GrpcServerProtocolService (GrpcServerProtocolService.java:onCompleted(200)) - s8: Completed APPEND_ENTRIES, lastRequest: s7->s8#283-t1,previous=(t:1, i:119),leaderCommit=119,initializing? false,entries: size=1, first=(t:1, i:120), METADATAENTRY(c:119)
2024-12-14 12:24:53,063 INFO  server.GrpcServerProtocolService (GrpcServerProtocolService.java:lambda$onCompleted$7(202)) - s8: Completed APPEND_ENTRIES, lastReply: null
2024-12-14 12:24:53,063 INFO  server.GrpcServerProtocolService (GrpcServerProtocolService.java:onCompleted(200)) - s8: Completed APPEND_ENTRIES, lastRequest: null
2024-12-14 12:24:53,063 INFO  server.GrpcServerProtocolService (GrpcServerProtocolService.java:lambda$onCompleted$7(202)) - s8: Completed APPEND_ENTRIES, lastReply: serverReply {
  requestorId: "s7"
  replyId: "s8"
  raftGroupId {
    id: "){\256\345\334+H\241\270\264,\030\357H\260\220"
  }
  callId: 334
  success: true
}
term: 1
nextIndex: 121
followerCommit: 120
matchIndex: 18446744073709551615
isHearbeat: true

2024-12-14 12:24:53,064 INFO  server.GrpcLogAppender (GrpcLogAppender.java:onCompleted(559)) - s7@group-2C18EF48B090->s8-AppendLogResponseHandler: follower responses appendEntries COMPLETED
2024-12-14 12:24:53,064 INFO  server.GrpcServerProtocolService (GrpcServerProtocolService.java:onCompleted(200)) - s9: Completed APPEND_ENTRIES, lastRequest: s7->s9#334-t1,previous=(t:1, i:119),leaderCommit=119,initializing? false,entries: size=1, first=(t:1, i:120), METADATAENTRY(c:119)
2024-12-14 12:24:53,064 INFO  server.GrpcServerProtocolService (GrpcServerProtocolService.java:lambda$onCompleted$7(202)) - s9: Completed APPEND_ENTRIES, lastReply: null
2024-12-14 12:24:53,065 INFO  server.GrpcLogAppender (GrpcLogAppender.java:onCompleted(559)) - s7@group-2C18EF48B090->s9-AppendLogResponseHandler: follower responses appendEntries COMPLETED
2024-12-14 12:24:53,068 INFO  server.GrpcServerProtocolService (GrpcServerProtocolService.java:onCompleted(200)) - s9: Completed APPEND_ENTRIES, lastRequest: null
2024-12-14 12:24:53,068 INFO  server.GrpcServerProtocolService (GrpcServerProtocolService.java:lambda$onCompleted$7(202)) - s9: Completed APPEND_ENTRIES, lastReply: serverReply {
  requestorId: "s7"
  replyId: "s9"
  raftGroupId {
    id: "){\256\345\334+H\241\270\264,\030\357H\260\220"
  }
  callId: 385
  success: true
}
term: 1
nextIndex: 121
followerCommit: 120
matchIndex: 18446744073709551615
isHearbeat: true

2024-12-14 12:24:53,068 INFO  server.GrpcLogAppender (GrpcLogAppender.java:onCompleted(559)) - s7@group-2C18EF48B090->s8-AppendLogResponseHandler: follower responses appendEntries COMPLETED
2024-12-14 12:24:53,068 INFO  server.GrpcLogAppender (GrpcLogAppender.java:onCompleted(559)) - s7@group-2C18EF48B090->s9-AppendLogResponseHandler: follower responses appendEntries COMPLETED
2024-12-14 12:24:53,068 INFO  impl.StateMachineUpdater (StateMachineUpdater.java:stopAndJoin(164)) - s7@group-2C18EF48B090-StateMachineUpdater: set stopIndex = 120
2024-12-14 12:24:53,068 INFO  impl.StateMachineUpdater (StateMachineUpdater.java:stop(141)) - s7@group-2C18EF48B090-StateMachineUpdater: closing ArithmeticStateMachine, lastApplied=(t:1, i:120)
2024-12-14 12:24:53,069 INFO  raftlog.RaftLog (SegmentedRaftLog.java:close(568)) - Start closing s7@group-2C18EF48B090-SegmentedRaftLog:OPENED:c120:last(t:1, i:120)
2024-12-14 12:24:53,070 INFO  util.AwaitToRun (AwaitToRun.java:run(49)) - s7@group-2C18EF48B090-cacheEviction-AwaitToRun-AwaitForSignal is interrupted
2024-12-14 12:24:53,070 INFO  segmented.LogSegment (LogSegment.java:close(349)) - Successfully closed EntryCache-log_inprogress_0
2024-12-14 12:24:53,453 INFO  impl.FollowerState (FollowerState.java:runImpl(161)) - s8@group-2C18EF48B090-FollowerState: change to CANDIDATE, lastRpcElapsedTime:511398899ns, electionTimeout:474ms
2024-12-14 12:24:53,453 INFO  impl.RoleInfo (RoleInfo.java:shutdownFollowerState(121)) - s8: shutdown s8@group-2C18EF48B090-FollowerState
2024-12-14 12:24:53,453 INFO  server.RaftServer$Division (RaftServerImpl.java:setRole(379)) - s8@group-2C18EF48B090: changes role from  FOLLOWER to CANDIDATE at term 1 for changeToCandidate
2024-12-14 12:24:53,453 INFO  server.RaftServerConfigKeys (ConfUtils.java:logGet(46)) - raft.server.leaderelection.pre-vote = true (default)
2024-12-14 12:24:53,453 INFO  impl.RoleInfo (RoleInfo.java:updateAndGet(148)) - s8: start s8@group-2C18EF48B090-LeaderElection20
2024-12-14 12:24:53,453 INFO  server.RaftServer$Division (ServerState.java:setLeader(272)) - s8@group-2C18EF48B090: change Leader from s7 to null at term 1 for PRE_VOTE
2024-12-14 12:24:53,453 INFO  impl.LeaderElection (LeaderElection.java:askForVotes(332)) - s8@group-2C18EF48B090-LeaderElection20 PRE_VOTE round 0: submit vote requests at term 1 for conf: {index: 0, cur=peers:[s7|0.0.0.0:15007, s8|0.0.0.0:15008, s9|0.0.0.0:15009]|listeners:[], old=null}
2024-12-14 12:24:53,454 INFO  server.GrpcServerProtocolClient (GrpcServerProtocolClient.java:<init>(65)) - Build channel for s7|0.0.0.0:15007
2024-12-14 12:24:53,454 INFO  server.GrpcServerProtocolClient (GrpcServerProtocolClient.java:<init>(65)) - Build channel for s9|0.0.0.0:15009
2024-12-14 12:24:53,458 INFO  server.RaftServer$Division (RaftServerImpl.java:requestVote(1452)) - s9@group-2C18EF48B090: receive requestVote(PRE_VOTE, s8, group-2C18EF48B090, 1, (t:1, i:120))
2024-12-14 12:24:53,459 INFO  impl.VoteContext (VoteContext.java:log(49)) - s9@group-2C18EF48B090-FOLLOWER: accept PRE_VOTE from s8: our priority 0 <= candidate's priority 0
2024-12-14 12:24:53,459 INFO  server.RaftServer$Division (RaftServerImpl.java:requestVote(1486)) - s9@group-2C18EF48B090 replies to PRE_VOTE vote request: s8<-s9#0:OK-t1. Peer's state: s9@group-2C18EF48B090:t1, leader=s7, voted=s7, raftlog=Memoized:s9@group-2C18EF48B090-SegmentedRaftLog:OPENED:c120:last(t:1, i:120), conf=conf: {index: 0, cur=peers:[s7|0.0.0.0:15007, s8|0.0.0.0:15008, s9|0.0.0.0:15009]|listeners:[], old=null}
2024-12-14 12:24:53,461 WARN  server.GrpcServerProtocolService (LogUtils.java:warn(129)) - s7: Failed requestVote s8->s7#0
org.apache.ratis.protocol.exceptions.GroupMismatchException: s7: group-2C18EF48B090 not found.
	at org.apache.ratis.server.impl.RaftServerProxy$ImplMap.get(RaftServerProxy.java:156)
	at org.apache.ratis.server.impl.RaftServerProxy.getImplFuture(RaftServerProxy.java:366)
	at org.apache.ratis.server.impl.RaftServerProxy.getImpl(RaftServerProxy.java:375)
	at org.apache.ratis.server.impl.RaftServerProxy.getImpl(RaftServerProxy.java:370)
	at org.apache.ratis.server.impl.RaftServerProxy.requestVote(RaftServerProxy.java:641)
	at org.apache.ratis.grpc.server.GrpcServerProtocolService.requestVote(GrpcServerProtocolService.java:269)
	at org.apache.ratis.proto.grpc.RaftServerProtocolServiceGrpc$MethodHandlers.invoke(RaftServerProtocolServiceGrpc.java:428)
	at org.apache.ratis.thirdparty.io.grpc.stub.ServerCalls$UnaryServerCallHandler$UnaryServerCallListener.onHalfClose(ServerCalls.java:182)
	at org.apache.ratis.thirdparty.io.grpc.internal.ServerCallImpl$ServerStreamListenerImpl.halfClosed(ServerCallImpl.java:351)
	at org.apache.ratis.thirdparty.io.grpc.internal.ServerImpl$JumpToApplicationThreadServerStreamListener$1HalfClosed.runInContext(ServerImpl.java:860)
	at org.apache.ratis.thirdparty.io.grpc.internal.ContextRunnable.run(ContextRunnable.java:37)
	at org.apache.ratis.thirdparty.io.grpc.internal.SerializingExecutor.run(SerializingExecutor.java:133)
	at java.util.concurrent.ThreadPoolExecutor.runWorker(ThreadPoolExecutor.java:1149)
	at java.util.concurrent.ThreadPoolExecutor$Worker.run(ThreadPoolExecutor.java:624)
	at java.lang.Thread.run(Thread.java:750)
2024-12-14 12:24:53,463 INFO  impl.LeaderElection (LeaderElection.java:logAndReturn(90)) - s8@group-2C18EF48B090-LeaderElection20: PRE_VOTE PASSED received 1 response(s) and 0 exception(s):
2024-12-14 12:24:53,463 INFO  impl.LeaderElection (LeaderElection.java:logAndReturn(94)) -   Response 0: s8<-s9#0:OK-t1
2024-12-14 12:24:53,464 INFO  impl.LeaderElection (LeaderElection.java:askForVotes(334)) - s8@group-2C18EF48B090-LeaderElection20 PRE_VOTE round 0: result PASSED
2024-12-14 12:24:53,465 TRACE util.FileUtils (LogUtils.java:supplyAndLog(69)) - Successfully supplied FileChannel.open /home/runner/work/ratis/ratis/ratis-examples/target/test/data/da5193cb/MiniRaftClusterWithGrpca0a5e6cd/s8/297baee5-dc2b-48a1-b8b4-2c18ef48b090/current/raft-meta.tmp with options [CREATE, WRITE]: sun.nio.ch.FileChannelImpl@e90ee9b
2024-12-14 12:24:53,467 TRACE util.FileUtils (LogUtils.java:runAndLog(49)) - Successfully ran Atomic Files.move /home/runner/work/ratis/ratis/ratis-examples/target/test/data/da5193cb/MiniRaftClusterWithGrpca0a5e6cd/s8/297baee5-dc2b-48a1-b8b4-2c18ef48b090/current/raft-meta.tmp to /home/runner/work/ratis/ratis/ratis-examples/target/test/data/da5193cb/MiniRaftClusterWithGrpca0a5e6cd/s8/297baee5-dc2b-48a1-b8b4-2c18ef48b090/current/raft-meta with options [REPLACE_EXISTING]
2024-12-14 12:24:53,467 INFO  impl.LeaderElection (LeaderElection.java:askForVotes(332)) - s8@group-2C18EF48B090-LeaderElection20 ELECTION round 0: submit vote requests at term 2 for conf: {index: 0, cur=peers:[s7|0.0.0.0:15007, s8|0.0.0.0:15008, s9|0.0.0.0:15009]|listeners:[], old=null}
2024-12-14 12:24:53,468 INFO  server.RaftServer$Division (RaftServerImpl.java:requestVote(1452)) - s9@group-2C18EF48B090: receive requestVote(ELECTION, s8, group-2C18EF48B090, 2, (t:1, i:120))
2024-12-14 12:24:53,468 INFO  impl.VoteContext (VoteContext.java:log(49)) - s9@group-2C18EF48B090-FOLLOWER: accept ELECTION from s8: our priority 0 <= candidate's priority 0
2024-12-14 12:24:53,468 INFO  server.RaftServer$Division (RaftServerImpl.java:setRole(379)) - s9@group-2C18EF48B090: changes role from  FOLLOWER to FOLLOWER at term 1 for candidate:s8
2024-12-14 12:24:53,468 INFO  impl.RoleInfo (RoleInfo.java:shutdownFollowerState(121)) - s9: shutdown s9@group-2C18EF48B090-FollowerState
2024-12-14 12:24:53,468 INFO  server.RaftServer$Division (ServerState.java:setLeader(272)) - s9@group-2C18EF48B090: change Leader from s7 to null at term 2 for updateCurrentTerm
2024-12-14 12:24:53,468 INFO  impl.RoleInfo (RoleInfo.java:updateAndGet(148)) - s9: start s9@group-2C18EF48B090-FollowerState
2024-12-14 12:24:53,468 INFO  impl.FollowerState (FollowerState.java:runImpl(170)) - s9@group-2C18EF48B090-FollowerState was interrupted
2024-12-14 12:24:53,469 TRACE util.FileUtils (LogUtils.java:supplyAndLog(69)) - Successfully supplied FileChannel.open /home/runner/work/ratis/ratis/ratis-examples/target/test/data/da5193cb/MiniRaftClusterWithGrpca0a5e6cd/s9/297baee5-dc2b-48a1-b8b4-2c18ef48b090/current/raft-meta.tmp with options [CREATE, WRITE]: sun.nio.ch.FileChannelImpl@5ece26ea
2024-12-14 12:24:53,470 TRACE util.FileUtils (LogUtils.java:runAndLog(49)) - Successfully ran Atomic Files.move /home/runner/work/ratis/ratis/ratis-examples/target/test/data/da5193cb/MiniRaftClusterWithGrpca0a5e6cd/s9/297baee5-dc2b-48a1-b8b4-2c18ef48b090/current/raft-meta.tmp to /home/runner/work/ratis/ratis/ratis-examples/target/test/data/da5193cb/MiniRaftClusterWithGrpca0a5e6cd/s9/297baee5-dc2b-48a1-b8b4-2c18ef48b090/current/raft-meta with options [REPLACE_EXISTING]
2024-12-14 12:24:53,470 WARN  server.GrpcServerProtocolService (LogUtils.java:warn(129)) - s7: Failed requestVote s8->s7#0
org.apache.ratis.protocol.exceptions.GroupMismatchException: s7: group-2C18EF48B090 not found.
	at org.apache.ratis.server.impl.RaftServerProxy$ImplMap.get(RaftServerProxy.java:156)
	at org.apache.ratis.server.impl.RaftServerProxy.getImplFuture(RaftServerProxy.java:366)
	at org.apache.ratis.server.impl.RaftServerProxy.getImpl(RaftServerProxy.java:375)
	at org.apache.ratis.server.impl.RaftServerProxy.getImpl(RaftServerProxy.java:370)
	at org.apache.ratis.server.impl.RaftServerProxy.requestVote(RaftServerProxy.java:641)
	at org.apache.ratis.grpc.server.GrpcServerProtocolService.requestVote(GrpcServerProtocolService.java:269)
	at org.apache.ratis.proto.grpc.RaftServerProtocolServiceGrpc$MethodHandlers.invoke(RaftServerProtocolServiceGrpc.java:428)
	at org.apache.ratis.thirdparty.io.grpc.stub.ServerCalls$UnaryServerCallHandler$UnaryServerCallListener.onHalfClose(ServerCalls.java:182)
	at org.apache.ratis.thirdparty.io.grpc.internal.ServerCallImpl$ServerStreamListenerImpl.halfClosed(ServerCallImpl.java:351)
	at org.apache.ratis.thirdparty.io.grpc.internal.ServerImpl$JumpToApplicationThreadServerStreamListener$1HalfClosed.runInContext(ServerImpl.java:860)
	at org.apache.ratis.thirdparty.io.grpc.internal.ContextRunnable.run(ContextRunnable.java:37)
	at org.apache.ratis.thirdparty.io.grpc.internal.SerializingExecutor.run(SerializingExecutor.java:133)
	at java.util.concurrent.ThreadPoolExecutor.runWorker(ThreadPoolExecutor.java:1149)
	at java.util.concurrent.ThreadPoolExecutor$Worker.run(ThreadPoolExecutor.java:624)
	at java.lang.Thread.run(Thread.java:750)
2024-12-14 12:24:53,470 INFO  server.RaftServer$Division (RaftServerImpl.java:requestVote(1486)) - s9@group-2C18EF48B090 replies to ELECTION vote request: s8<-s9#0:OK-t2. Peer's state: s9@group-2C18EF48B090:t2, leader=null, voted=s8, raftlog=Memoized:s9@group-2C18EF48B090-SegmentedRaftLog:OPENED:c120:last(t:1, i:120), conf=conf: {index: 0, cur=peers:[s7|0.0.0.0:15007, s8|0.0.0.0:15008, s9|0.0.0.0:15009]|listeners:[], old=null}
2024-12-14 12:24:53,470 INFO  impl.LeaderElection (LeaderElection.java:logAndReturn(90)) - s8@group-2C18EF48B090-LeaderElection20: ELECTION PASSED received 1 response(s) and 0 exception(s):
2024-12-14 12:24:53,470 INFO  impl.LeaderElection (LeaderElection.java:logAndReturn(94)) -   Response 0: s8<-s9#0:OK-t2
2024-12-14 12:24:53,470 INFO  impl.LeaderElection (LeaderElection.java:askForVotes(334)) - s8@group-2C18EF48B090-LeaderElection20 ELECTION round 0: result PASSED
2024-12-14 12:24:53,471 INFO  impl.RoleInfo (RoleInfo.java:shutdownLeaderElection(141)) - s8: shutdown s8@group-2C18EF48B090-LeaderElection20
2024-12-14 12:24:53,471 INFO  server.RaftServer$Division (RaftServerImpl.java:setRole(379)) - s8@group-2C18EF48B090: changes role from CANDIDATE to LEADER at term 2 for changeToLeader
2024-12-14 12:24:53,471 INFO  server.RaftServerConfigKeys (ConfUtils.java:logGet(46)) - raft.server.staging.catchup.gap = 1000 (default)
2024-12-14 12:24:53,471 INFO  server.RaftServerConfigKeys (ConfUtils.java:logGet(46)) - raft.server.write.element-limit = 4096 (default)
2024-12-14 12:24:53,471 INFO  server.RaftServerConfigKeys (ConfUtils.java:logGet(46)) - raft.server.write.byte-limit = 64MB (=67108864) (default)
2024-12-14 12:24:53,471 INFO  server.RaftServerConfigKeys (ConfUtils.java:logGet(46)) - raft.server.watch.timeout = 10s (default)
2024-12-14 12:24:53,471 INFO  server.RaftServerConfigKeys (ConfUtils.java:logGet(46)) - raft.server.watch.timeout.denomination = 1s (default)
2024-12-14 12:24:53,471 INFO  server.RaftServerConfigKeys (ConfUtils.java:logGet(46)) - raft.server.watch.element-limit = 65536 (default)
2024-12-14 12:24:53,471 INFO  server.RaftServerConfigKeys (ConfUtils.java:logGet(46)) - raft.server.read.leader.lease.enabled = false (default)
2024-12-14 12:24:53,471 INFO  server.RaftServerConfigKeys (ConfUtils.java:logGet(46)) - raft.server.read.leader.lease.timeout.ratio = 0.9 (default)
2024-12-14 12:24:53,471 INFO  server.RaftServerConfigKeys (ConfUtils.java:logGet(46)) - raft.server.rpc.timeout.min = 300ms (custom)
2024-12-14 12:24:53,471 INFO  server.RaftServerConfigKeys (ConfUtils.java:logGet(46)) - raft.server.log.log-metadata.enabled = true (default)
2024-12-14 12:24:53,472 INFO  server.RaftServerConfigKeys (ConfUtils.java:logGet(46)) - raft.server.write.element-limit = 4096 (default)
2024-12-14 12:24:53,472 INFO  server.RaftServerConfigKeys (ConfUtils.java:logGet(46)) - raft.server.write.follower.gap.ratio.max = -1.0 (default)
2024-12-14 12:24:53,472 INFO  server.RaftServerConfigKeys (ConfUtils.java:logGet(46)) - raft.server.log.appender.snapshot.chunk.size.max = 16MB (=16777216) (default)
2024-12-14 12:24:53,472 INFO  server.RaftServerConfigKeys (ConfUtils.java:logGet(46)) - raft.server.log.appender.buffer.byte-limit = 4MB (=4194304) (default)
2024-12-14 12:24:53,472 INFO  server.RaftServerConfigKeys (ConfUtils.java:logGet(46)) - raft.server.log.appender.buffer.element-limit = 0 (default)
2024-12-14 12:24:53,472 INFO  server.RaftServerConfigKeys (ConfUtils.java:logGet(46)) - raft.server.log.appender.wait-time.min = 1ms (default)
2024-12-14 12:24:53,472 INFO  grpc.GrpcConfigKeys (ConfUtils.java:logGet(46)) - raft.grpc.server.leader.outstanding.appends.max = 8 (default)
2024-12-14 12:24:53,472 INFO  server.RaftServerConfigKeys (ConfUtils.java:logGet(46)) - raft.server.rpc.request.timeout = 3000ms (default)
2024-12-14 12:24:53,472 INFO  grpc.GrpcConfigKeys (ConfUtils.java:logGet(46)) - raft.grpc.server.install_snapshot.request.element-limit = 8 (default)
2024-12-14 12:24:53,472 INFO  grpc.GrpcConfigKeys (ConfUtils.java:logGet(46)) - raft.grpc.server.install_snapshot.request.timeout = 3000ms (default)
2024-12-14 12:24:53,472 INFO  grpc.GrpcConfigKeys (ConfUtils.java:logGet(46)) - raft.grpc.server.log-message.batch.duration = 5s (default)
2024-12-14 12:24:53,472 INFO  server.RaftServerConfigKeys (ConfUtils.java:logGet(46)) - raft.server.log.appender.install.snapshot.enabled = true (default)
2024-12-14 12:24:53,472 INFO  grpc.GrpcConfigKeys (ConfUtils.java:logGet(46)) - raft.grpc.server.heartbeat.channel = true (default)
2024-12-14 12:24:53,473 INFO  server.RaftServerConfigKeys (ConfUtils.java:logGet(46)) - raft.server.log.appender.snapshot.chunk.size.max = 16MB (=16777216) (default)
2024-12-14 12:24:53,473 INFO  server.RaftServerConfigKeys (ConfUtils.java:logGet(46)) - raft.server.log.appender.buffer.byte-limit = 4MB (=4194304) (default)
2024-12-14 12:24:53,473 INFO  server.RaftServerConfigKeys (ConfUtils.java:logGet(46)) - raft.server.log.appender.buffer.element-limit = 0 (default)
2024-12-14 12:24:53,473 INFO  server.RaftServerConfigKeys (ConfUtils.java:logGet(46)) - raft.server.log.appender.wait-time.min = 1ms (default)
2024-12-14 12:24:53,473 INFO  grpc.GrpcConfigKeys (ConfUtils.java:logGet(46)) - raft.grpc.server.leader.outstanding.appends.max = 8 (default)
2024-12-14 12:24:53,473 INFO  server.RaftServerConfigKeys (ConfUtils.java:logGet(46)) - raft.server.rpc.request.timeout = 3000ms (default)
2024-12-14 12:24:53,473 INFO  grpc.GrpcConfigKeys (ConfUtils.java:logGet(46)) - raft.grpc.server.install_snapshot.request.element-limit = 8 (default)
2024-12-14 12:24:53,473 INFO  grpc.GrpcConfigKeys (ConfUtils.java:logGet(46)) - raft.grpc.server.install_snapshot.request.timeout = 3000ms (default)
2024-12-14 12:24:53,473 INFO  grpc.GrpcConfigKeys (ConfUtils.java:logGet(46)) - raft.grpc.server.log-message.batch.duration = 5s (default)
2024-12-14 12:24:53,473 INFO  server.RaftServerConfigKeys (ConfUtils.java:logGet(46)) - raft.server.log.appender.install.snapshot.enabled = true (default)
2024-12-14 12:24:53,473 INFO  grpc.GrpcConfigKeys (ConfUtils.java:logGet(46)) - raft.grpc.server.heartbeat.channel = true (default)
2024-12-14 12:24:53,473 INFO  impl.RoleInfo (RoleInfo.java:updateAndGet(148)) - s8: start s8@group-2C18EF48B090-LeaderStateImpl
2024-12-14 12:24:53,473 INFO  server.RaftServer$Division (ServerState.java:setLeader(272)) - s8@group-2C18EF48B090: change Leader from null to s8 at term 2 for becomeLeader, leader elected after 19ms
2024-12-14 12:24:53,474 INFO  segmented.SegmentedRaftLogWorker (SegmentedRaftLogWorker.java:rollLogSegment(448)) - s8@group-2C18EF48B090-SegmentedRaftLogWorker: Rolling segment log-0_120 to index:120
2024-12-14 12:24:53,474 INFO  server.RaftServer$Division (ServerState.java:setRaftConf(386)) - s8@group-2C18EF48B090: set configuration conf: {index: 121, cur=peers:[s7|0.0.0.0:15007, s8|0.0.0.0:15008, s9|0.0.0.0:15009]|listeners:[], old=null}
2024-12-14 12:24:53,476 TRACE util.FileUtils (LogUtils.java:runAndLog(49)) - Successfully ran Atomic Files.move /home/runner/work/ratis/ratis/ratis-examples/target/test/data/da5193cb/MiniRaftClusterWithGrpca0a5e6cd/s8/297baee5-dc2b-48a1-b8b4-2c18ef48b090/current/log_inprogress_0 to /home/runner/work/ratis/ratis/ratis-examples/target/test/data/da5193cb/MiniRaftClusterWithGrpca0a5e6cd/s8/297baee5-dc2b-48a1-b8b4-2c18ef48b090/current/log_0-120
2024-12-14 12:24:53,476 INFO  segmented.SegmentedRaftLogWorker (SegmentedRaftLogWorker.java:execute(624)) - s8@group-2C18EF48B090-SegmentedRaftLogWorker: Rolled log segment from /home/runner/work/ratis/ratis/ratis-examples/target/test/data/da5193cb/MiniRaftClusterWithGrpca0a5e6cd/s8/297baee5-dc2b-48a1-b8b4-2c18ef48b090/current/log_inprogress_0 to /home/runner/work/ratis/ratis/ratis-examples/target/test/data/da5193cb/MiniRaftClusterWithGrpca0a5e6cd/s8/297baee5-dc2b-48a1-b8b4-2c18ef48b090/current/log_0-120
2024-12-14 12:24:53,477 INFO  segmented.BufferedWriteChannel (BufferedWriteChannel.java:open(61)) - open log_inprogress_121 at position 0
2024-12-14 12:24:53,482 WARN  server.GrpcServerProtocolService (LogUtils.java:warn(129)) - s7: Failed APPEND_ENTRIES request cid=1, isHeartbeat? false
java.util.concurrent.CompletionException: org.apache.ratis.protocol.exceptions.GroupMismatchException: s7: group-2C18EF48B090 not found.
	at java.util.concurrent.CompletableFuture.encodeThrowable(CompletableFuture.java:292)
	at java.util.concurrent.CompletableFuture.uniComposeStage(CompletableFuture.java:989)
	at java.util.concurrent.CompletableFuture.thenCompose(CompletableFuture.java:2137)
	at org.apache.ratis.server.impl.RaftServerProxy.appendEntriesAsync(RaftServerProxy.java:656)
	at org.apache.ratis.grpc.server.GrpcServerProtocolService$1.process(GrpcServerProtocolService.java:307)
	at org.apache.ratis.grpc.server.GrpcServerProtocolService$ServerRequestStreamObserver.onNext(GrpcServerProtocolService.java:174)
	at org.apache.ratis.thirdparty.io.grpc.stub.ServerCalls$StreamingServerCallHandler$StreamingServerCallListener.onMessage(ServerCalls.java:262)
	at org.apache.ratis.thirdparty.io.grpc.internal.ServerCallImpl$ServerStreamListenerImpl.messagesAvailableInternal(ServerCallImpl.java:329)
	at org.apache.ratis.thirdparty.io.grpc.internal.ServerCallImpl$ServerStreamListenerImpl.messagesAvailable(ServerCallImpl.java:314)
	at org.apache.ratis.thirdparty.io.grpc.internal.ServerImpl$JumpToApplicationThreadServerStreamListener$1MessagesAvailable.runInContext(ServerImpl.java:833)
	at org.apache.ratis.thirdparty.io.grpc.internal.ContextRunnable.run(ContextRunnable.java:37)
	at org.apache.ratis.thirdparty.io.grpc.internal.SerializingExecutor.run(SerializingExecutor.java:133)
	at java.util.concurrent.ThreadPoolExecutor.runWorker(ThreadPoolExecutor.java:1149)
	at java.util.concurrent.ThreadPoolExecutor$Worker.run(ThreadPoolExecutor.java:624)
	at java.lang.Thread.run(Thread.java:750)
Caused by: org.apache.ratis.protocol.exceptions.GroupMismatchException: s7: group-2C18EF48B090 not found.
	at org.apache.ratis.server.impl.RaftServerProxy$ImplMap.get(RaftServerProxy.java:156)
	at org.apache.ratis.server.impl.RaftServerProxy.getImplFuture(RaftServerProxy.java:366)
	at org.apache.ratis.server.impl.RaftServerProxy.appendEntriesAsync(RaftServerProxy.java:655)
	... 11 more
2024-12-14 12:24:53,488 INFO  server.RaftServer$Division (ServerState.java:setLeader(272)) - s9@group-2C18EF48B090: change Leader from null to s8 at term 2 for appendEntries, leader elected after 19ms
2024-12-14 12:24:53,488 INFO  server.RaftServer$Division (ServerState.java:setRaftConf(386)) - s9@group-2C18EF48B090: set configuration conf: {index: 121, cur=peers:[s7|0.0.0.0:15007, s8|0.0.0.0:15008, s9|0.0.0.0:15009]|listeners:[], old=null}
2024-12-14 12:24:53,488 INFO  segmented.SegmentedRaftLogWorker (SegmentedRaftLogWorker.java:rollLogSegment(448)) - s9@group-2C18EF48B090-SegmentedRaftLogWorker: Rolling segment log-0_120 to index:120
2024-12-14 12:24:53,488 INFO  segmented.SegmentedRaftLogWorker (SegmentedRaftLogWorker.java:execute(667)) - s8@group-2C18EF48B090-SegmentedRaftLogWorker: created new log segment /home/runner/work/ratis/ratis/ratis-examples/target/test/data/da5193cb/MiniRaftClusterWithGrpca0a5e6cd/s8/297baee5-dc2b-48a1-b8b4-2c18ef48b090/current/log_inprogress_121
2024-12-14 12:24:53,489 TRACE util.FileUtils (LogUtils.java:runAndLog(49)) - Successfully ran Atomic Files.move /home/runner/work/ratis/ratis/ratis-examples/target/test/data/da5193cb/MiniRaftClusterWithGrpca0a5e6cd/s9/297baee5-dc2b-48a1-b8b4-2c18ef48b090/current/log_inprogress_0 to /home/runner/work/ratis/ratis/ratis-examples/target/test/data/da5193cb/MiniRaftClusterWithGrpca0a5e6cd/s9/297baee5-dc2b-48a1-b8b4-2c18ef48b090/current/log_0-120
2024-12-14 12:24:53,489 INFO  segmented.SegmentedRaftLogWorker (SegmentedRaftLogWorker.java:execute(624)) - s9@group-2C18EF48B090-SegmentedRaftLogWorker: Rolled log segment from /home/runner/work/ratis/ratis/ratis-examples/target/test/data/da5193cb/MiniRaftClusterWithGrpca0a5e6cd/s9/297baee5-dc2b-48a1-b8b4-2c18ef48b090/current/log_inprogress_0 to /home/runner/work/ratis/ratis/ratis-examples/target/test/data/da5193cb/MiniRaftClusterWithGrpca0a5e6cd/s9/297baee5-dc2b-48a1-b8b4-2c18ef48b090/current/log_0-120
2024-12-14 12:24:53,489 INFO  segmented.BufferedWriteChannel (BufferedWriteChannel.java:open(61)) - open log_inprogress_121 at position 0
2024-12-14 12:24:53,497 WARN  server.GrpcLogAppender (LogUtils.java:warn(129)) - s8@group-2C18EF48B090->s7-AppendLogResponseHandler: Failed appendEntries
org.apache.ratis.protocol.exceptions.GroupMismatchException: s7: group-2C18EF48B090 not found.
	at org.apache.ratis.server.impl.RaftServerProxy$ImplMap.get(RaftServerProxy.java:156)
	at org.apache.ratis.server.impl.RaftServerProxy.getImplFuture(RaftServerProxy.java:366)
	at org.apache.ratis.server.impl.RaftServerProxy.appendEntriesAsync(RaftServerProxy.java:655)
	at org.apache.ratis.grpc.server.GrpcServerProtocolService$1.process(GrpcServerProtocolService.java:307)
	at org.apache.ratis.grpc.server.GrpcServerProtocolService$ServerRequestStreamObserver.onNext(GrpcServerProtocolService.java:174)
	at org.apache.ratis.thirdparty.io.grpc.stub.ServerCalls$StreamingServerCallHandler$StreamingServerCallListener.onMessage(ServerCalls.java:262)
	at org.apache.ratis.thirdparty.io.grpc.internal.ServerCallImpl$ServerStreamListenerImpl.messagesAvailableInternal(ServerCallImpl.java:329)
	at org.apache.ratis.thirdparty.io.grpc.internal.ServerCallImpl$ServerStreamListenerImpl.messagesAvailable(ServerCallImpl.java:314)
	at org.apache.ratis.thirdparty.io.grpc.internal.ServerImpl$JumpToApplicationThreadServerStreamListener$1MessagesAvailable.runInContext(ServerImpl.java:833)
	at org.apache.ratis.thirdparty.io.grpc.internal.ContextRunnable.run(ContextRunnable.java:37)
	at org.apache.ratis.thirdparty.io.grpc.internal.SerializingExecutor.run(SerializingExecutor.java:133)
	at java.util.concurrent.ThreadPoolExecutor.runWorker(ThreadPoolExecutor.java:1149)
	at java.util.concurrent.ThreadPoolExecutor$Worker.run(ThreadPoolExecutor.java:624)
	at java.lang.Thread.run(Thread.java:750)
2024-12-14 12:24:53,498 INFO  leader.LogAppender (LogAppenderBase.java:lambda$getNextIndexForError$0(219)) - Decrease nextIndex to 121
2024-12-14 12:24:53,498 INFO  leader.LogAppender (LogAppenderBase.java:lambda$getNextIndexForError$0(219)) - Decrease nextIndex to 121
2024-12-14 12:24:53,498 INFO  leader.FollowerInfo (FollowerInfoImpl.java:info(70)) - s8@group-2C18EF48B090->s7: computeNextIndex nextIndex: updateUnconditionally 122 -> 121
2024-12-14 12:24:53,500 INFO  segmented.SegmentedRaftLogWorker (SegmentedRaftLogWorker.java:execute(667)) - s9@group-2C18EF48B090-SegmentedRaftLogWorker: created new log segment /home/runner/work/ratis/ratis/ratis-examples/target/test/data/da5193cb/MiniRaftClusterWithGrpca0a5e6cd/s9/297baee5-dc2b-48a1-b8b4-2c18ef48b090/current/log_inprogress_121
2024-12-14 12:24:53,502 TRACE util.FileUtils (LogUtils.java:supplyAndLog(69)) - Successfully supplied FileChannel.open /home/runner/work/ratis/ratis/ratis-examples/target/test/data/da5193cb/MiniRaftClusterWithGrpca0a5e6cd/s8/297baee5-dc2b-48a1-b8b4-2c18ef48b090/current/raft-meta.conf.tmp with options [CREATE, WRITE]: sun.nio.ch.FileChannelImpl@51ab6100
2024-12-14 12:24:53,504 WARN  server.GrpcServerProtocolService (LogUtils.java:warn(129)) - s7: Failed APPEND_ENTRIES request cid=3, isHeartbeat? false
java.util.concurrent.CompletionException: org.apache.ratis.protocol.exceptions.GroupMismatchException: s7: group-2C18EF48B090 not found.
	at java.util.concurrent.CompletableFuture.encodeThrowable(CompletableFuture.java:292)
	at java.util.concurrent.CompletableFuture.uniComposeStage(CompletableFuture.java:989)
	at java.util.concurrent.CompletableFuture.thenCompose(CompletableFuture.java:2137)
	at org.apache.ratis.server.impl.RaftServerProxy.appendEntriesAsync(RaftServerProxy.java:656)
	at org.apache.ratis.grpc.server.GrpcServerProtocolService$1.process(GrpcServerProtocolService.java:307)
	at org.apache.ratis.grpc.server.GrpcServerProtocolService$ServerRequestStreamObserver.onNext(GrpcServerProtocolService.java:174)
	at org.apache.ratis.thirdparty.io.grpc.stub.ServerCalls$StreamingServerCallHandler$StreamingServerCallListener.onMessage(ServerCalls.java:262)
	at org.apache.ratis.thirdparty.io.grpc.internal.ServerCallImpl$ServerStreamListenerImpl.messagesAvailableInternal(ServerCallImpl.java:329)
	at org.apache.ratis.thirdparty.io.grpc.internal.ServerCallImpl$ServerStreamListenerImpl.messagesAvailable(ServerCallImpl.java:314)
	at org.apache.ratis.thirdparty.io.grpc.internal.ServerImpl$JumpToApplicationThreadServerStreamListener$1MessagesAvailable.runInContext(ServerImpl.java:833)
	at org.apache.ratis.thirdparty.io.grpc.internal.ContextRunnable.run(ContextRunnable.java:37)
	at org.apache.ratis.thirdparty.io.grpc.internal.SerializingExecutor.run(SerializingExecutor.java:133)
	at java.util.concurrent.ThreadPoolExecutor.runWorker(ThreadPoolExecutor.java:1149)
	at java.util.concurrent.ThreadPoolExecutor$Worker.run(ThreadPoolExecutor.java:624)
	at java.lang.Thread.run(Thread.java:750)
Caused by: org.apache.ratis.protocol.exceptions.GroupMismatchException: s7: group-2C18EF48B090 not found.
	at org.apache.ratis.server.impl.RaftServerProxy$ImplMap.get(RaftServerProxy.java:156)
	at org.apache.ratis.server.impl.RaftServerProxy.getImplFuture(RaftServerProxy.java:366)
	at org.apache.ratis.server.impl.RaftServerProxy.appendEntriesAsync(RaftServerProxy.java:655)
	... 11 more
2024-12-14 12:24:53,505 TRACE util.FileUtils (LogUtils.java:runAndLog(49)) - Successfully ran Atomic Files.move /home/runner/work/ratis/ratis/ratis-examples/target/test/data/da5193cb/MiniRaftClusterWithGrpca0a5e6cd/s8/297baee5-dc2b-48a1-b8b4-2c18ef48b090/current/raft-meta.conf.tmp to /home/runner/work/ratis/ratis/ratis-examples/target/test/data/da5193cb/MiniRaftClusterWithGrpca0a5e6cd/s8/297baee5-dc2b-48a1-b8b4-2c18ef48b090/current/raft-meta.conf with options [REPLACE_EXISTING]
2024-12-14 12:24:53,505 INFO  server.RaftServer$Division (LeaderStateImpl.java:checkStartIndex(314)) - Leader s8@group-2C18EF48B090-LeaderStateImpl is ready since appliedIndex == startIndex == 121
2024-12-14 12:24:53,504 TRACE util.FileUtils (LogUtils.java:supplyAndLog(69)) - Successfully supplied FileChannel.open /home/runner/work/ratis/ratis/ratis-examples/target/test/data/da5193cb/MiniRaftClusterWithGrpca0a5e6cd/s9/297baee5-dc2b-48a1-b8b4-2c18ef48b090/current/raft-meta.conf.tmp with options [CREATE, WRITE]: sun.nio.ch.FileChannelImpl@150a8e0b
2024-12-14 12:24:53,506 INFO  leader.LogAppender (LogAppenderBase.java:lambda$getNextIndexForError$0(219)) - Decrease nextIndex to 121
2024-12-14 12:24:53,506 INFO  leader.LogAppender (LogAppenderBase.java:lambda$getNextIndexForError$0(219)) - Decrease nextIndex to 121
2024-12-14 12:24:53,506 INFO  leader.FollowerInfo (FollowerInfoImpl.java:info(70)) - s8@group-2C18EF48B090->s7: computeNextIndex nextIndex: updateUnconditionally 123 -> 121
2024-12-14 12:24:53,506 TRACE util.FileUtils (LogUtils.java:runAndLog(49)) - Successfully ran Atomic Files.move /home/runner/work/ratis/ratis/ratis-examples/target/test/data/da5193cb/MiniRaftClusterWithGrpca0a5e6cd/s9/297baee5-dc2b-48a1-b8b4-2c18ef48b090/current/raft-meta.conf.tmp to /home/runner/work/ratis/ratis/ratis-examples/target/test/data/da5193cb/MiniRaftClusterWithGrpca0a5e6cd/s9/297baee5-dc2b-48a1-b8b4-2c18ef48b090/current/raft-meta.conf with options [REPLACE_EXISTING]
2024-12-14 12:24:53,585 WARN  server.GrpcServerProtocolService (LogUtils.java:warn(129)) - s7: Failed APPEND_ENTRIES request cid=6, isHeartbeat? false
java.util.concurrent.CompletionException: org.apache.ratis.protocol.exceptions.GroupMismatchException: s7: group-2C18EF48B090 not found.
	at java.util.concurrent.CompletableFuture.encodeThrowable(CompletableFuture.java:292)
	at java.util.concurrent.CompletableFuture.uniComposeStage(CompletableFuture.java:989)
	at java.util.concurrent.CompletableFuture.thenCompose(CompletableFuture.java:2137)
	at org.apache.ratis.server.impl.RaftServerProxy.appendEntriesAsync(RaftServerProxy.java:656)
	at org.apache.ratis.grpc.server.GrpcServerProtocolService$1.process(GrpcServerProtocolService.java:307)
	at org.apache.ratis.grpc.server.GrpcServerProtocolService$ServerRequestStreamObserver.onNext(GrpcServerProtocolService.java:174)
	at org.apache.ratis.thirdparty.io.grpc.stub.ServerCalls$StreamingServerCallHandler$StreamingServerCallListener.onMessage(ServerCalls.java:262)
	at org.apache.ratis.thirdparty.io.grpc.internal.ServerCallImpl$ServerStreamListenerImpl.messagesAvailableInternal(ServerCallImpl.java:329)
	at org.apache.ratis.thirdparty.io.grpc.internal.ServerCallImpl$ServerStreamListenerImpl.messagesAvailable(ServerCallImpl.java:314)
	at org.apache.ratis.thirdparty.io.grpc.internal.ServerImpl$JumpToApplicationThreadServerStreamListener$1MessagesAvailable.runInContext(ServerImpl.java:833)
	at org.apache.ratis.thirdparty.io.grpc.internal.ContextRunnable.run(ContextRunnable.java:37)
	at org.apache.ratis.thirdparty.io.grpc.internal.SerializingExecutor.run(SerializingExecutor.java:133)
	at java.util.concurrent.ThreadPoolExecutor.runWorker(ThreadPoolExecutor.java:1149)
	at java.util.concurrent.ThreadPoolExecutor$Worker.run(ThreadPoolExecutor.java:624)
	at java.lang.Thread.run(Thread.java:750)
Caused by: org.apache.ratis.protocol.exceptions.GroupMismatchException: s7: group-2C18EF48B090 not found.
	at org.apache.ratis.server.impl.RaftServerProxy$ImplMap.get(RaftServerProxy.java:156)
	at org.apache.ratis.server.impl.RaftServerProxy.getImplFuture(RaftServerProxy.java:366)
	at org.apache.ratis.server.impl.RaftServerProxy.appendEntriesAsync(RaftServerProxy.java:655)
	... 11 more
2024-12-14 12:24:53,588 INFO  leader.LogAppender (LogAppenderBase.java:lambda$getNextIndexForError$0(219)) - Decrease nextIndex to 121
2024-12-14 12:24:53,588 INFO  leader.LogAppender (LogAppenderBase.java:lambda$getNextIndexForError$0(219)) - Decrease nextIndex to 121
2024-12-14 12:24:53,588 INFO  leader.FollowerInfo (FollowerInfoImpl.java:info(70)) - s8@group-2C18EF48B090->s7: computeNextIndex nextIndex: updateUnconditionally 123 -> 121
2024-12-14 12:24:53,659 WARN  server.GrpcServerProtocolService (LogUtils.java:warn(129)) - s7: Failed APPEND_ENTRIES request cid=7, isHeartbeat? false
java.util.concurrent.CompletionException: org.apache.ratis.protocol.exceptions.GroupMismatchException: s7: group-2C18EF48B090 not found.
	at java.util.concurrent.CompletableFuture.encodeThrowable(CompletableFuture.java:292)
	at java.util.concurrent.CompletableFuture.uniComposeStage(CompletableFuture.java:989)
	at java.util.concurrent.CompletableFuture.thenCompose(CompletableFuture.java:2137)
	at org.apache.ratis.server.impl.RaftServerProxy.appendEntriesAsync(RaftServerProxy.java:656)
	at org.apache.ratis.grpc.server.GrpcServerProtocolService$1.process(GrpcServerProtocolService.java:307)
	at org.apache.ratis.grpc.server.GrpcServerProtocolService$ServerRequestStreamObserver.onNext(GrpcServerProtocolService.java:174)
	at org.apache.ratis.thirdparty.io.grpc.stub.ServerCalls$StreamingServerCallHandler$StreamingServerCallListener.onMessage(ServerCalls.java:262)
	at org.apache.ratis.thirdparty.io.grpc.internal.ServerCallImpl$ServerStreamListenerImpl.messagesAvailableInternal(ServerCallImpl.java:329)
	at org.apache.ratis.thirdparty.io.grpc.internal.ServerCallImpl$ServerStreamListenerImpl.messagesAvailable(ServerCallImpl.java:314)
	at org.apache.ratis.thirdparty.io.grpc.internal.ServerImpl$JumpToApplicationThreadServerStreamListener$1MessagesAvailable.runInContext(ServerImpl.java:833)
	at org.apache.ratis.thirdparty.io.grpc.internal.ContextRunnable.run(ContextRunnable.java:37)
	at org.apache.ratis.thirdparty.io.grpc.internal.SerializingExecutor.run(SerializingExecutor.java:133)
	at java.util.concurrent.ThreadPoolExecutor.runWorker(ThreadPoolExecutor.java:1149)
	at java.util.concurrent.ThreadPoolExecutor$Worker.run(ThreadPoolExecutor.java:624)
	at java.lang.Thread.run(Thread.java:750)
Caused by: org.apache.ratis.protocol.exceptions.GroupMismatchException: s7: group-2C18EF48B090 not found.
	at org.apache.ratis.server.impl.RaftServerProxy$ImplMap.get(RaftServerProxy.java:156)
	at org.apache.ratis.server.impl.RaftServerProxy.getImplFuture(RaftServerProxy.java:366)
	at org.apache.ratis.server.impl.RaftServerProxy.appendEntriesAsync(RaftServerProxy.java:655)
	... 11 more
2024-12-14 12:24:53,661 INFO  leader.LogAppender (LogAppenderBase.java:lambda$getNextIndexForError$0(219)) - Decrease nextIndex to 121
2024-12-14 12:24:53,661 INFO  leader.LogAppender (LogAppenderBase.java:lambda$getNextIndexForError$0(219)) - Decrease nextIndex to 121
2024-12-14 12:24:53,661 INFO  leader.FollowerInfo (FollowerInfoImpl.java:info(70)) - s8@group-2C18EF48B090->s7: computeNextIndex nextIndex: updateUnconditionally 123 -> 121
2024-12-14 12:24:53,674 INFO  segmented.SegmentedRaftLogWorker (SegmentedRaftLogWorker.java:close(254)) - s7@group-2C18EF48B090-SegmentedRaftLogWorker close()
2024-12-14 12:24:53,674 INFO  raftlog.RaftLog (SegmentedRaftLog.java:close(576)) - Successfully closed s7@group-2C18EF48B090-SegmentedRaftLog:CLOSED:c120
2024-12-14 12:24:53,674 TRACE util.FileUtils (FileUtils.java:deleteFully(307)) - deleteFully /home/runner/work/ratis/ratis/ratis-examples/target/test/data/da5193cb/MiniRaftClusterWithGrpca0a5e6cd/s7/297baee5-dc2b-48a1-b8b4-2c18ef48b090
2024-12-14 12:24:53,675 TRACE util.FileUtils (LogUtils.java:runAndLog(49)) - Successfully ran Files.delete /home/runner/work/ratis/ratis/ratis-examples/target/test/data/da5193cb/MiniRaftClusterWithGrpca0a5e6cd/s7/297baee5-dc2b-48a1-b8b4-2c18ef48b090/current/raft-meta.conf
2024-12-14 12:24:53,675 TRACE util.FileUtils (LogUtils.java:runAndLog(49)) - Successfully ran Files.delete /home/runner/work/ratis/ratis/ratis-examples/target/test/data/da5193cb/MiniRaftClusterWithGrpca0a5e6cd/s7/297baee5-dc2b-48a1-b8b4-2c18ef48b090/current/log_inprogress_0
2024-12-14 12:24:53,675 TRACE util.FileUtils (LogUtils.java:runAndLog(49)) - Successfully ran Files.delete /home/runner/work/ratis/ratis/ratis-examples/target/test/data/da5193cb/MiniRaftClusterWithGrpca0a5e6cd/s7/297baee5-dc2b-48a1-b8b4-2c18ef48b090/current/raft-meta
2024-12-14 12:24:53,675 TRACE util.FileUtils (LogUtils.java:runAndLog(49)) - Successfully ran Files.delete /home/runner/work/ratis/ratis/ratis-examples/target/test/data/da5193cb/MiniRaftClusterWithGrpca0a5e6cd/s7/297baee5-dc2b-48a1-b8b4-2c18ef48b090/current
2024-12-14 12:24:53,675 TRACE util.FileUtils (LogUtils.java:runAndLog(49)) - Successfully ran Files.delete /home/runner/work/ratis/ratis/ratis-examples/target/test/data/da5193cb/MiniRaftClusterWithGrpca0a5e6cd/s7/297baee5-dc2b-48a1-b8b4-2c18ef48b090/in_use.lock
2024-12-14 12:24:53,675 TRACE util.FileUtils (LogUtils.java:runAndLog(49)) - Successfully ran Files.delete /home/runner/work/ratis/ratis/ratis-examples/target/test/data/da5193cb/MiniRaftClusterWithGrpca0a5e6cd/s7/297baee5-dc2b-48a1-b8b4-2c18ef48b090/sm
2024-12-14 12:24:53,675 TRACE util.FileUtils (LogUtils.java:runAndLog(49)) - Successfully ran Files.delete /home/runner/work/ratis/ratis/ratis-examples/target/test/data/da5193cb/MiniRaftClusterWithGrpca0a5e6cd/s7/297baee5-dc2b-48a1-b8b4-2c18ef48b090
2024-12-14 12:24:53,675 INFO  server.RaftServer$Division (RaftServerImpl.java:groupRemove(484)) - s7@group-2C18EF48B090: Succeed to remove RaftStorageDirectory Storage Directory /home/runner/work/ratis/ratis/ratis-examples/target/test/data/da5193cb/MiniRaftClusterWithGrpca0a5e6cd/s7/297baee5-dc2b-48a1-b8b4-2c18ef48b090
2024-12-14 12:24:53,682 INFO  server.RaftServer (RaftServerProxy.java:remove(112)) - s8: remove    LEADER s8@group-2C18EF48B090:t2, leader=s8, voted=s8, raftlog=Memoized:s8@group-2C18EF48B090-SegmentedRaftLog:OPENED:c122:last(t:2, i:122), conf=conf: {index: 121, cur=peers:[s7|0.0.0.0:15007, s8|0.0.0.0:15008, s9|0.0.0.0:15009]|listeners:[], old=null} RUNNING
2024-12-14 12:24:53,682 INFO  server.RaftServer$Division (RaftServerImpl.java:lambda$close$1(514)) - s8@group-2C18EF48B090: shutdown
2024-12-14 12:24:53,682 INFO  util.JmxRegister (JmxRegister.java:unregister(74)) - Successfully un-registered JMX Bean with object name Ratis:service=RaftServer,group=group-2C18EF48B090,id=s8
2024-12-14 12:24:53,682 INFO  impl.RoleInfo (RoleInfo.java:shutdownLeaderState(103)) - s8: shutdown s8@group-2C18EF48B090-LeaderStateImpl
2024-12-14 12:24:53,682 WARN  server.GrpcLogAppender (GrpcLogAppender.java:mayWait(293)) - s8@group-2C18EF48B090->s7-GrpcLogAppender: Wait interrupted by java.lang.InterruptedException
2024-12-14 12:24:53,682 WARN  server.GrpcLogAppender (GrpcLogAppender.java:mayWait(293)) - s8@group-2C18EF48B090->s9-GrpcLogAppender: Wait interrupted by java.lang.InterruptedException
2024-12-14 12:24:53,682 INFO  impl.PendingRequests (PendingRequests.java:sendNotLeaderResponses(287)) - s8@group-2C18EF48B090-PendingRequests: sendNotLeaderResponses
2024-12-14 12:24:53,683 INFO  server.GrpcServerProtocolService (GrpcServerProtocolService.java:onCompleted(200)) - s9: Completed APPEND_ENTRIES, lastRequest: null
2024-12-14 12:24:53,683 INFO  impl.StateMachineUpdater (StateMachineUpdater.java:stopAndJoin(164)) - s8@group-2C18EF48B090-StateMachineUpdater: set stopIndex = 122
2024-12-14 12:24:53,683 INFO  server.GrpcServerProtocolService (GrpcServerProtocolService.java:lambda$onCompleted$7(202)) - s9: Completed APPEND_ENTRIES, lastReply: serverReply {
  requestorId: "s8"
  replyId: "s9"
  raftGroupId {
    id: "){\256\345\334+H\241\270\264,\030\357H\260\220"
  }
  callId: 4
  success: true
}
term: 2
nextIndex: 123
followerCommit: 122
matchIndex: 18446744073709551615
isHearbeat: true

2024-12-14 12:24:53,683 INFO  impl.StateMachineUpdater (StateMachineUpdater.java:stop(141)) - s8@group-2C18EF48B090-StateMachineUpdater: closing ArithmeticStateMachine, lastApplied=(t:2, i:122)
2024-12-14 12:24:53,684 INFO  raftlog.RaftLog (SegmentedRaftLog.java:close(568)) - Start closing s8@group-2C18EF48B090-SegmentedRaftLog:OPENED:c122:last(t:2, i:122)
2024-12-14 12:24:53,684 INFO  util.AwaitToRun (AwaitToRun.java:run(49)) - s8@group-2C18EF48B090-cacheEviction-AwaitToRun-AwaitForSignal is interrupted
2024-12-14 12:24:53,687 INFO  server.GrpcLogAppender (GrpcLogAppender.java:onCompleted(559)) - s8@group-2C18EF48B090->s9-AppendLogResponseHandler: follower responses appendEntries COMPLETED
2024-12-14 12:24:53,684 INFO  server.GrpcServerProtocolService (GrpcServerProtocolService.java:onCompleted(200)) - s9: Completed APPEND_ENTRIES, lastRequest: s8->s9#2-t2,previous=(t:2, i:121),leaderCommit=121,initializing? false,entries: size=1, first=(t:2, i:122), METADATAENTRY(c:121)
2024-12-14 12:24:53,688 INFO  server.GrpcServerProtocolService (GrpcServerProtocolService.java:lambda$onCompleted$7(202)) - s9: Completed APPEND_ENTRIES, lastReply: null
2024-12-14 12:24:53,688 INFO  segmented.LogSegment (LogSegment.java:close(349)) - Successfully closed EntryCache-log_inprogress_121
2024-12-14 12:24:53,688 INFO  server.GrpcLogAppender (GrpcLogAppender.java:onCompleted(559)) - s8@group-2C18EF48B090->s9-AppendLogResponseHandler: follower responses appendEntries COMPLETED
2024-12-14 12:24:53,688 INFO  segmented.LogSegment (LogSegment.java:close(349)) - Successfully closed EntryCache-log-0_120
2024-12-14 12:24:54,503 INFO  segmented.SegmentedRaftLogWorker (SegmentedRaftLogWorker.java:close(254)) - s8@group-2C18EF48B090-SegmentedRaftLogWorker close()
2024-12-14 12:24:54,504 INFO  raftlog.RaftLog (SegmentedRaftLog.java:close(576)) - Successfully closed s8@group-2C18EF48B090-SegmentedRaftLog:CLOSED:c122
2024-12-14 12:24:54,504 TRACE util.FileUtils (FileUtils.java:deleteFully(307)) - deleteFully /home/runner/work/ratis/ratis/ratis-examples/target/test/data/da5193cb/MiniRaftClusterWithGrpca0a5e6cd/s8/297baee5-dc2b-48a1-b8b4-2c18ef48b090
2024-12-14 12:24:54,505 TRACE util.FileUtils (LogUtils.java:runAndLog(49)) - Successfully ran Files.delete /home/runner/work/ratis/ratis/ratis-examples/target/test/data/da5193cb/MiniRaftClusterWithGrpca0a5e6cd/s8/297baee5-dc2b-48a1-b8b4-2c18ef48b090/current/log_0-120
2024-12-14 12:24:54,505 TRACE util.FileUtils (LogUtils.java:runAndLog(49)) - Successfully ran Files.delete /home/runner/work/ratis/ratis/ratis-examples/target/test/data/da5193cb/MiniRaftClusterWithGrpca0a5e6cd/s8/297baee5-dc2b-48a1-b8b4-2c18ef48b090/current/log_inprogress_121
2024-12-14 12:24:54,505 TRACE util.FileUtils (LogUtils.java:runAndLog(49)) - Successfully ran Files.delete /home/runner/work/ratis/ratis/ratis-examples/target/test/data/da5193cb/MiniRaftClusterWithGrpca0a5e6cd/s8/297baee5-dc2b-48a1-b8b4-2c18ef48b090/current/raft-meta.conf
2024-12-14 12:24:54,505 TRACE util.FileUtils (LogUtils.java:runAndLog(49)) - Successfully ran Files.delete /home/runner/work/ratis/ratis/ratis-examples/target/test/data/da5193cb/MiniRaftClusterWithGrpca0a5e6cd/s8/297baee5-dc2b-48a1-b8b4-2c18ef48b090/current/raft-meta
2024-12-14 12:24:54,505 TRACE util.FileUtils (LogUtils.java:runAndLog(49)) - Successfully ran Files.delete /home/runner/work/ratis/ratis/ratis-examples/target/test/data/da5193cb/MiniRaftClusterWithGrpca0a5e6cd/s8/297baee5-dc2b-48a1-b8b4-2c18ef48b090/current
2024-12-14 12:24:54,505 TRACE util.FileUtils (LogUtils.java:runAndLog(49)) - Successfully ran Files.delete /home/runner/work/ratis/ratis/ratis-examples/target/test/data/da5193cb/MiniRaftClusterWithGrpca0a5e6cd/s8/297baee5-dc2b-48a1-b8b4-2c18ef48b090/in_use.lock
2024-12-14 12:24:54,505 TRACE util.FileUtils (LogUtils.java:runAndLog(49)) - Successfully ran Files.delete /home/runner/work/ratis/ratis/ratis-examples/target/test/data/da5193cb/MiniRaftClusterWithGrpca0a5e6cd/s8/297baee5-dc2b-48a1-b8b4-2c18ef48b090/sm
2024-12-14 12:24:54,505 TRACE util.FileUtils (LogUtils.java:runAndLog(49)) - Successfully ran Files.delete /home/runner/work/ratis/ratis/ratis-examples/target/test/data/da5193cb/MiniRaftClusterWithGrpca0a5e6cd/s8/297baee5-dc2b-48a1-b8b4-2c18ef48b090
2024-12-14 12:24:54,505 INFO  server.RaftServer$Division (RaftServerImpl.java:groupRemove(484)) - s8@group-2C18EF48B090: Succeed to remove RaftStorageDirectory Storage Directory /home/runner/work/ratis/ratis/ratis-examples/target/test/data/da5193cb/MiniRaftClusterWithGrpca0a5e6cd/s8/297baee5-dc2b-48a1-b8b4-2c18ef48b090
2024-12-14 12:24:54,511 INFO  server.RaftServer (RaftServerProxy.java:remove(112)) - s9: remove  FOLLOWER s9@group-2C18EF48B090:t2, leader=s8, voted=s8, raftlog=Memoized:s9@group-2C18EF48B090-SegmentedRaftLog:OPENED:c122:last(t:2, i:122), conf=conf: {index: 121, cur=peers:[s7|0.0.0.0:15007, s8|0.0.0.0:15008, s9|0.0.0.0:15009]|listeners:[], old=null} RUNNING
2024-12-14 12:24:54,511 INFO  server.RaftServer$Division (RaftServerImpl.java:lambda$close$1(514)) - s9@group-2C18EF48B090: shutdown
2024-12-14 12:24:54,511 INFO  util.JmxRegister (JmxRegister.java:unregister(74)) - Successfully un-registered JMX Bean with object name Ratis:service=RaftServer,group=group-2C18EF48B090,id=s9
2024-12-14 12:24:54,511 INFO  impl.RoleInfo (RoleInfo.java:shutdownFollowerState(121)) - s9: shutdown s9@group-2C18EF48B090-FollowerState
2024-12-14 12:24:54,511 INFO  impl.StateMachineUpdater (StateMachineUpdater.java:stopAndJoin(164)) - s9@group-2C18EF48B090-StateMachineUpdater: set stopIndex = 122
2024-12-14 12:24:54,512 INFO  impl.FollowerState (FollowerState.java:runImpl(170)) - s9@group-2C18EF48B090-FollowerState was interrupted
2024-12-14 12:24:54,512 INFO  impl.StateMachineUpdater (StateMachineUpdater.java:stop(141)) - s9@group-2C18EF48B090-StateMachineUpdater: closing ArithmeticStateMachine, lastApplied=(t:2, i:122)
2024-12-14 12:24:54,512 INFO  raftlog.RaftLog (SegmentedRaftLog.java:close(568)) - Start closing s9@group-2C18EF48B090-SegmentedRaftLog:OPENED:c122:last(t:2, i:122)
2024-12-14 12:24:54,512 INFO  util.AwaitToRun (AwaitToRun.java:run(49)) - s9@group-2C18EF48B090-cacheEviction-AwaitToRun-AwaitForSignal is interrupted
2024-12-14 12:24:54,512 INFO  segmented.LogSegment (LogSegment.java:close(349)) - Successfully closed EntryCache-log_inprogress_121
2024-12-14 12:24:54,513 INFO  segmented.LogSegment (LogSegment.java:close(349)) - Successfully closed EntryCache-log-0_120
2024-12-14 12:24:55,505 INFO  segmented.SegmentedRaftLogWorker (SegmentedRaftLogWorker.java:close(254)) - s9@group-2C18EF48B090-SegmentedRaftLogWorker close()
2024-12-14 12:24:55,506 INFO  raftlog.RaftLog (SegmentedRaftLog.java:close(576)) - Successfully closed s9@group-2C18EF48B090-SegmentedRaftLog:CLOSED:c122
2024-12-14 12:24:55,506 TRACE util.FileUtils (FileUtils.java:deleteFully(307)) - deleteFully /home/runner/work/ratis/ratis/ratis-examples/target/test/data/da5193cb/MiniRaftClusterWithGrpca0a5e6cd/s9/297baee5-dc2b-48a1-b8b4-2c18ef48b090
2024-12-14 12:24:55,506 TRACE util.FileUtils (LogUtils.java:runAndLog(49)) - Successfully ran Files.delete /home/runner/work/ratis/ratis/ratis-examples/target/test/data/da5193cb/MiniRaftClusterWithGrpca0a5e6cd/s9/297baee5-dc2b-48a1-b8b4-2c18ef48b090/current/log_0-120
2024-12-14 12:24:55,507 TRACE util.FileUtils (LogUtils.java:runAndLog(49)) - Successfully ran Files.delete /home/runner/work/ratis/ratis/ratis-examples/target/test/data/da5193cb/MiniRaftClusterWithGrpca0a5e6cd/s9/297baee5-dc2b-48a1-b8b4-2c18ef48b090/current/log_inprogress_121
2024-12-14 12:24:55,507 TRACE util.FileUtils (LogUtils.java:runAndLog(49)) - Successfully ran Files.delete /home/runner/work/ratis/ratis/ratis-examples/target/test/data/da5193cb/MiniRaftClusterWithGrpca0a5e6cd/s9/297baee5-dc2b-48a1-b8b4-2c18ef48b090/current/raft-meta.conf
2024-12-14 12:24:55,507 TRACE util.FileUtils (LogUtils.java:runAndLog(49)) - Successfully ran Files.delete /home/runner/work/ratis/ratis/ratis-examples/target/test/data/da5193cb/MiniRaftClusterWithGrpca0a5e6cd/s9/297baee5-dc2b-48a1-b8b4-2c18ef48b090/current/raft-meta
2024-12-14 12:24:55,507 TRACE util.FileUtils (LogUtils.java:runAndLog(49)) - Successfully ran Files.delete /home/runner/work/ratis/ratis/ratis-examples/target/test/data/da5193cb/MiniRaftClusterWithGrpca0a5e6cd/s9/297baee5-dc2b-48a1-b8b4-2c18ef48b090/current
2024-12-14 12:24:55,507 TRACE util.FileUtils (LogUtils.java:runAndLog(49)) - Successfully ran Files.delete /home/runner/work/ratis/ratis/ratis-examples/target/test/data/da5193cb/MiniRaftClusterWithGrpca0a5e6cd/s9/297baee5-dc2b-48a1-b8b4-2c18ef48b090/in_use.lock
2024-12-14 12:24:55,507 TRACE util.FileUtils (LogUtils.java:runAndLog(49)) - Successfully ran Files.delete /home/runner/work/ratis/ratis/ratis-examples/target/test/data/da5193cb/MiniRaftClusterWithGrpca0a5e6cd/s9/297baee5-dc2b-48a1-b8b4-2c18ef48b090/sm
2024-12-14 12:24:55,507 TRACE util.FileUtils (LogUtils.java:runAndLog(49)) - Successfully ran Files.delete /home/runner/work/ratis/ratis/ratis-examples/target/test/data/da5193cb/MiniRaftClusterWithGrpca0a5e6cd/s9/297baee5-dc2b-48a1-b8b4-2c18ef48b090
2024-12-14 12:24:55,507 INFO  server.RaftServer$Division (RaftServerImpl.java:groupRemove(484)) - s9@group-2C18EF48B090: Succeed to remove RaftStorageDirectory Storage Directory /home/runner/work/ratis/ratis/ratis-examples/target/test/data/da5193cb/MiniRaftClusterWithGrpca0a5e6cd/s9/297baee5-dc2b-48a1-b8b4-2c18ef48b090
| MiniRaftClusterWithGrpc[3, 6, 9, 12, 15]chosen=3 | close groups | 148 |
2024-12-14 12:24:55,510 INFO  impl.GroupManagementBaseTest (GroupManagementBaseTest.java:runMultiGroupTest(316)) - close groups: printing ALL groups
  s3:  RUNNING  FOLLOWER s3@group-40388BE3F4D5:t0, leader=null, voted=, raftlog=Memoized:s3@group-40388BE3F4D5-SegmentedRaftLog:OPENED:c-1:lastnull, conf=conf: {index: -1, cur=peers:[]|listeners:[], old=null} STARTING
  s4:  RUNNING [
   FOLLOWER s4@group-A5BB6EB0946F:t1, leader=s5, voted=s5, raftlog=Memoized:s4@group-A5BB6EB0946F-SegmentedRaftLog:OPENED:c120:last(t:1, i:120), conf=conf: {index: 0, cur=peers:[s4|0.0.0.0:15004, s5|0.0.0.0:15005, s6|0.0.0.0:15006]|listeners:[], old=null} RUNNING
   FOLLOWER s4@group-40388BE3F4D5:t0, leader=null, voted=, raftlog=Memoized:s4@group-40388BE3F4D5-SegmentedRaftLog:OPENED:c-1:lastnull, conf=conf: {index: -1, cur=peers:[]|listeners:[], old=null} STARTING] size=2
  s5:  RUNNING [
     LEADER s5@group-A5BB6EB0946F:t1, leader=s5, voted=s5, raftlog=Memoized:s5@group-A5BB6EB0946F-SegmentedRaftLog:OPENED:c120:last(t:1, i:120), conf=conf: {index: 0, cur=peers:[s4|0.0.0.0:15004, s5|0.0.0.0:15005, s6|0.0.0.0:15006]|listeners:[], old=null} RUNNING
   FOLLOWER s5@group-40388BE3F4D5:t0, leader=null, voted=, raftlog=Memoized:s5@group-40388BE3F4D5-SegmentedRaftLog:OPENED:c-1:lastnull, conf=conf: {index: -1, cur=peers:[]|listeners:[], old=null} STARTING] size=2
  s6:  RUNNING [
   FOLLOWER s6@group-A5BB6EB0946F:t1, leader=s5, voted=s5, raftlog=Memoized:s6@group-A5BB6EB0946F-SegmentedRaftLog:OPENED:c120:last(t:1, i:120), conf=conf: {index: 0, cur=peers:[s4|0.0.0.0:15004, s5|0.0.0.0:15005, s6|0.0.0.0:15006]|listeners:[], old=null} RUNNING
   FOLLOWER s6@group-40388BE3F4D5:t0, leader=null, voted=, raftlog=Memoized:s6@group-40388BE3F4D5-SegmentedRaftLog:OPENED:c-1:lastnull, conf=conf: {index: -1, cur=peers:[]|listeners:[], old=null} STARTING] size=2
  s7:  RUNNING  FOLLOWER s7@group-40388BE3F4D5:t0, leader=null, voted=, raftlog=Memoized:s7@group-40388BE3F4D5-SegmentedRaftLog:OPENED:c-1:lastnull, conf=conf: {index: -1, cur=peers:[]|listeners:[], old=null} STARTING
  s8:  RUNNING  FOLLOWER s8@group-40388BE3F4D5:t0, leader=null, voted=, raftlog=Memoized:s8@group-40388BE3F4D5-SegmentedRaftLog:OPENED:c-1:lastnull, conf=conf: {index: -1, cur=peers:[]|listeners:[], old=null} STARTING
  s9:  RUNNING  FOLLOWER s9@group-40388BE3F4D5:t0, leader=null, voted=, raftlog=Memoized:s9@group-40388BE3F4D5-SegmentedRaftLog:OPENED:c-1:lastnull, conf=conf: {index: -1, cur=peers:[]|listeners:[], old=null} STARTING
  s11:  RUNNING  FOLLOWER s11@group-40388BE3F4D5:t0, leader=null, voted=, raftlog=Memoized:s11@group-40388BE3F4D5-SegmentedRaftLog:OPENED:c-1:lastnull, conf=conf: {index: -1, cur=peers:[]|listeners:[], old=null} STARTING
  s10:  RUNNING  FOLLOWER s10@group-40388BE3F4D5:t0, leader=null, voted=, raftlog=Memoized:s10@group-40388BE3F4D5-SegmentedRaftLog:OPENED:c-1:lastnull, conf=conf: {index: -1, cur=peers:[]|listeners:[], old=null} STARTING
  s13:  RUNNING  FOLLOWER s13@group-40388BE3F4D5:t0, leader=null, voted=, raftlog=Memoized:s13@group-40388BE3F4D5-SegmentedRaftLog:OPENED:c-1:lastnull, conf=conf: {index: -1, cur=peers:[]|listeners:[], old=null} STARTING
  s12:  RUNNING  FOLLOWER s12@group-40388BE3F4D5:t0, leader=null, voted=, raftlog=Memoized:s12@group-40388BE3F4D5-SegmentedRaftLog:OPENED:c-1:lastnull, conf=conf: {index: -1, cur=peers:[]|listeners:[], old=null} STARTING
  s14:  RUNNING  FOLLOWER s14@group-40388BE3F4D5:t0, leader=null, voted=, raftlog=Memoized:s14@group-40388BE3F4D5-SegmentedRaftLog:OPENED:c-1:lastnull, conf=conf: {index: -1, cur=peers:[]|listeners:[], old=null} STARTING
  s0:  RUNNING  FOLLOWER s0@group-40388BE3F4D5:t0, leader=null, voted=, raftlog=Memoized:s0@group-40388BE3F4D5-SegmentedRaftLog:OPENED:c-1:lastnull, conf=conf: {index: -1, cur=peers:[]|listeners:[], old=null} STARTING
  s1:  RUNNING  FOLLOWER s1@group-40388BE3F4D5:t0, leader=null, voted=, raftlog=Memoized:s1@group-40388BE3F4D5-SegmentedRaftLog:OPENED:c-1:lastnull, conf=conf: {index: -1, cur=peers:[]|listeners:[], old=null} STARTING
  s2:  RUNNING  FOLLOWER s2@group-40388BE3F4D5:t0, leader=null, voted=, raftlog=Memoized:s2@group-40388BE3F4D5-SegmentedRaftLog:OPENED:c-1:lastnull, conf=conf: {index: -1, cur=peers:[]|listeners:[], old=null} STARTING
2024-12-14 12:24:55,510 INFO  impl.GroupManagementBaseTest (GroupManagementBaseTest.java:runMultiGroupTest(322)) - 0) groupAdd: printing group-D132C5ADF328
2024-12-14 12:24:55,516 INFO  server.RaftServer (RaftServerProxy.java:addNew(101)) - s10: addNew group-A5BB6EB0946F:[] returns group-A5BB6EB0946F:java.util.concurrent.CompletableFuture@7218fc6c[Not completed]
2024-12-14 12:24:55,516 INFO  server.RaftServer$Division (RaftServerImpl.java:<init>(256)) - s10: new RaftServerImpl for group-A5BB6EB0946F:[] with ArithmeticStateMachine:uninitialized
2024-12-14 12:24:55,516 INFO  server.RaftServerConfigKeys (ConfUtils.java:logGet(46)) - raft.server.rpc.timeout.min = 300ms (custom)
2024-12-14 12:24:55,516 INFO  server.RaftServerConfigKeys (ConfUtils.java:logGet(46)) - raft.server.rpc.timeout.max = 600ms (custom)
2024-12-14 12:24:55,516 INFO  server.RaftServerConfigKeys (ConfUtils.java:logGet(46)) - raft.server.rpc.sleep.time = 25ms (default)
2024-12-14 12:24:55,516 INFO  server.RaftServerConfigKeys (ConfUtils.java:logGet(46)) - raft.server.rpc.slowness.timeout = 60s (default)
2024-12-14 12:24:55,516 INFO  server.RaftServerConfigKeys (ConfUtils.java:logGet(46)) - raft.server.leaderelection.leader.step-down.wait-time = 10s (default)
2024-12-14 12:24:55,516 INFO  server.RaftServerConfigKeys (ConfUtils.java:logGet(46)) - raft.server.leaderelection.member.majority-add = false (default)
2024-12-14 12:24:55,516 INFO  server.RaftServerConfigKeys (ConfUtils.java:logGet(46)) - raft.server.sleep.deviation.threshold = 300ms (default)
2024-12-14 12:24:55,516 INFO  server.RaftServer$Division (ServerState.java:<init>(114)) - s10@group-A5BB6EB0946F: ConfigurationManager, init=conf: {index: -1, cur=peers:[]|listeners:[], old=null}, confs=<EMPTY_MAP>
2024-12-14 12:24:55,517 INFO  server.RaftServerConfigKeys (ConfUtils.java:logGet(46)) - raft.server.notification.no-leader.timeout = 60s (default)
2024-12-14 12:24:55,517 INFO  server.RaftServerConfigKeys (ConfUtils.java:logGet(46)) - raft.server.read.timeout = 10s (default)
2024-12-14 12:24:55,517 INFO  server.RaftServerConfigKeys (ConfUtils.java:logGet(46)) - raft.server.retrycache.expirytime = 60s (default)
2024-12-14 12:24:55,517 INFO  server.RaftServerConfigKeys (ConfUtils.java:logGet(46)) - raft.server.retrycache.statistics.expirytime = 100ms (default)
2024-12-14 12:24:55,517 INFO  server.RaftServerConfigKeys (ConfUtils.java:logGet(46)) - raft.server.read.option = DEFAULT (default)
2024-12-14 12:24:55,517 INFO  server.RaftServerConfigKeys (ConfUtils.java:logGet(46)) - raft.server.read.read-after-write-consistent.write-index-cache.expiry-time = 60s (default)
2024-12-14 12:24:55,518 INFO  server.RaftServerConfigKeys (ConfUtils.java:logGet(46)) - raft.server.rpc.request.timeout = 3000ms (default)
2024-12-14 12:24:55,518 INFO  server.RaftServerConfigKeys (ConfUtils.java:logGet(46)) - raft.server.log.appender.install.snapshot.enabled = true (default)
2024-12-14 12:24:55,518 INFO  server.RaftServerConfigKeys (ConfUtils.java:logGet(46)) - raft.server.threadpool.server.cached = true (default)
2024-12-14 12:24:55,518 INFO  server.RaftServerConfigKeys (ConfUtils.java:logGet(46)) - raft.server.threadpool.server.size = 0 (default)
2024-12-14 12:24:55,518 INFO  server.RaftServerConfigKeys (ConfUtils.java:logGet(46)) - raft.server.threadpool.client.cached = true (default)
2024-12-14 12:24:55,518 INFO  server.RaftServerConfigKeys (ConfUtils.java:logGet(46)) - raft.server.threadpool.client.size = 0 (default)
2024-12-14 12:24:55,518 INFO  server.RaftServerConfigKeys (ConfUtils.java:logGet(46)) - raft.server.storage.free-space.min = 0MB (=0) (default)
2024-12-14 12:24:55,518 INFO  server.RaftServerConfigKeys (ConfUtils.java:logGet(46)) - raft.server.log.corruption.policy = EXCEPTION (default)
2024-12-14 12:24:55,518 INFO  server.RaftServerConfigKeys (ConfUtils.java:logGet(46)) - raft.server.storage.dir = [/home/runner/work/ratis/ratis/ratis-examples/target/test/data/da5193cb/MiniRaftClusterWithGrpca0a5e6cd/s10] (custom)
2024-12-14 12:24:55,518 INFO  storage.RaftStorageDirectory (RaftStorageDirectoryImpl.java:analyzeStorage(138)) - The storage directory /home/runner/work/ratis/ratis/ratis-examples/target/test/data/da5193cb/MiniRaftClusterWithGrpca0a5e6cd/s10/86d75030-f160-4ccc-af34-a5bb6eb0946f does not exist. Creating ...
2024-12-14 12:24:55,519 TRACE util.FileUtils (LogUtils.java:runAndLog(49)) - Successfully ran Files.createDirectories /home/runner/work/ratis/ratis/ratis-examples/target/test/data/da5193cb/MiniRaftClusterWithGrpca0a5e6cd/s10/86d75030-f160-4ccc-af34-a5bb6eb0946f
2024-12-14 12:24:55,519 INFO  storage.RaftStorageDirectory (RaftStorageDirectoryImpl.java:tryLock(229)) - Lock on /home/runner/work/ratis/ratis/ratis-examples/target/test/data/da5193cb/MiniRaftClusterWithGrpca0a5e6cd/s10/86d75030-f160-4ccc-af34-a5bb6eb0946f/in_use.lock acquired by nodename 14700@fv-az733-880
2024-12-14 12:24:55,520 TRACE util.FileUtils (LogUtils.java:runAndLog(49)) - Successfully ran Files.createDirectories /home/runner/work/ratis/ratis/ratis-examples/target/test/data/da5193cb/MiniRaftClusterWithGrpca0a5e6cd/s10/86d75030-f160-4ccc-af34-a5bb6eb0946f/current
2024-12-14 12:24:55,520 TRACE util.FileUtils (LogUtils.java:runAndLog(49)) - Successfully ran Files.createDirectories /home/runner/work/ratis/ratis/ratis-examples/target/test/data/da5193cb/MiniRaftClusterWithGrpca0a5e6cd/s10/86d75030-f160-4ccc-af34-a5bb6eb0946f/sm
2024-12-14 12:24:55,520 TRACE util.FileUtils (LogUtils.java:supplyAndLog(69)) - Successfully supplied FileChannel.open /home/runner/work/ratis/ratis/ratis-examples/target/test/data/da5193cb/MiniRaftClusterWithGrpca0a5e6cd/s10/86d75030-f160-4ccc-af34-a5bb6eb0946f/current/raft-meta.tmp with options [CREATE, WRITE]: sun.nio.ch.FileChannelImpl@3a719a15
2024-12-14 12:24:55,521 TRACE util.FileUtils (LogUtils.java:runAndLog(49)) - Successfully ran Atomic Files.move /home/runner/work/ratis/ratis/ratis-examples/target/test/data/da5193cb/MiniRaftClusterWithGrpca0a5e6cd/s10/86d75030-f160-4ccc-af34-a5bb6eb0946f/current/raft-meta.tmp to /home/runner/work/ratis/ratis/ratis-examples/target/test/data/da5193cb/MiniRaftClusterWithGrpca0a5e6cd/s10/86d75030-f160-4ccc-af34-a5bb6eb0946f/current/raft-meta with options [REPLACE_EXISTING]
2024-12-14 12:24:55,521 INFO  storage.RaftStorage (RaftStorageImpl.java:format(98)) - Storage directory /home/runner/work/ratis/ratis/ratis-examples/target/test/data/da5193cb/MiniRaftClusterWithGrpca0a5e6cd/s10/86d75030-f160-4ccc-af34-a5bb6eb0946f has been successfully formatted.
2024-12-14 12:24:55,521 WARN  statemachine.StateMachine (ArithmeticStateMachine.java:loadSnapshot(115)) - The snapshot info is null.
2024-12-14 12:24:55,521 INFO  server.RaftServerConfigKeys (ConfUtils.java:logGet(46)) - raft.server.log.use.memory = false (default)
2024-12-14 12:24:55,521 INFO  server.RaftServerConfigKeys (ConfUtils.java:logGet(46)) - raft.server.log.purge.gap = 1024 (default)
2024-12-14 12:24:55,521 INFO  server.RaftServerConfigKeys (ConfUtils.java:logGet(46)) - raft.server.log.appender.buffer.byte-limit = 4MB (=4194304) (default)
2024-12-14 12:24:55,521 INFO  server.RaftServerConfigKeys (ConfUtils.java:logGet(46)) - raft.server.log.statemachine.data.read.timeout = 1000ms (default)
2024-12-14 12:24:55,521 INFO  server.RaftServerConfigKeys (ConfUtils.java:logGet(46)) - raft.server.log.purge.preservation.log.num = 0 (default)
2024-12-14 12:24:55,521 INFO  server.RaftServerConfigKeys (ConfUtils.java:logGet(46)) - raft.server.log.segment.size.max = 32MB (=33554432) (default)
2024-12-14 12:24:55,522 INFO  server.RaftServerConfigKeys (ConfUtils.java:logGet(46)) - raft.server.log.segment.cache.num.max = 6 (default)
2024-12-14 12:24:55,522 INFO  server.RaftServerConfigKeys (ConfUtils.java:logGet(46)) - raft.server.log.segment.cache.size.max = 200MB (=209715200) (default)
2024-12-14 12:24:55,522 INFO  server.RaftServerConfigKeys (ConfUtils.java:logGet(46)) - raft.server.log.appender.buffer.byte-limit = 4MB (=4194304) (default)
2024-12-14 12:24:55,522 INFO  util.AwaitToRun (AwaitToRun.java:start(81)) - Thread[s10@group-A5BB6EB0946F-cacheEviction-AwaitToRun,5,main] started
2024-12-14 12:24:55,522 INFO  segmented.SegmentedRaftLogWorker (SegmentedRaftLogWorker.java:<init>(189)) - new s10@group-A5BB6EB0946F-SegmentedRaftLogWorker for RaftStorageImpl:Storage Directory /home/runner/work/ratis/ratis/ratis-examples/target/test/data/da5193cb/MiniRaftClusterWithGrpca0a5e6cd/s10/86d75030-f160-4ccc-af34-a5bb6eb0946f
2024-12-14 12:24:55,522 INFO  server.RaftServerConfigKeys (ConfUtils.java:logGet(46)) - raft.server.log.queue.byte-limit = 64MB (=67108864) (default)
2024-12-14 12:24:55,522 INFO  server.RaftServerConfigKeys (ConfUtils.java:logGet(46)) - raft.server.log.queue.element-limit = 4096 (default)
2024-12-14 12:24:55,522 INFO  server.RaftServerConfigKeys (ConfUtils.java:logGet(46)) - raft.server.log.segment.size.max = 32MB (=33554432) (default)
2024-12-14 12:24:55,522 INFO  server.RaftServerConfigKeys (ConfUtils.java:logGet(46)) - raft.server.log.preallocated.size = 4MB (=4194304) (default)
2024-12-14 12:24:55,522 INFO  server.RaftServerConfigKeys (ConfUtils.java:logGet(46)) - raft.server.log.force.sync.num = 128 (default)
2024-12-14 12:24:55,522 INFO  server.RaftServerConfigKeys (ConfUtils.java:logGet(46)) - raft.server.log.statemachine.data.sync = true (default)
2024-12-14 12:24:55,522 INFO  server.RaftServerConfigKeys (ConfUtils.java:logGet(46)) - raft.server.log.statemachine.data.sync.timeout = 10s (default)
2024-12-14 12:24:55,522 INFO  server.RaftServerConfigKeys (ConfUtils.java:logGet(46)) - raft.server.log.statemachine.data.sync.timeout.retry = -1 (default)
2024-12-14 12:24:55,523 INFO  server.RaftServerConfigKeys (ConfUtils.java:logGet(46)) - raft.server.log.write.buffer.size = 8MB (=8388608) (default)
2024-12-14 12:24:55,524 INFO  server.RaftServerConfigKeys (ConfUtils.java:logGet(46)) - raft.server.log.appender.buffer.byte-limit = 4MB (=4194304) (default)
2024-12-14 12:24:55,524 INFO  server.RaftServerConfigKeys (ConfUtils.java:logGet(46)) - raft.server.log.unsafe-flush.enabled = false (default)
2024-12-14 12:24:55,524 INFO  server.RaftServerConfigKeys (ConfUtils.java:logGet(46)) - raft.server.log.async-flush.enabled = false (default)
2024-12-14 12:24:55,524 INFO  server.RaftServerConfigKeys (ConfUtils.java:logGet(46)) - raft.server.log.statemachine.data.caching.enabled = false (default)
2024-12-14 12:24:55,524 INFO  segmented.SegmentedRaftLogWorker (SegmentedRaftLogWorker.java:lambda$new$0(140)) - s10@group-A5BB6EB0946F-SegmentedRaftLogWorker: flushIndex: setUnconditionally 0 -> -1
2024-12-14 12:24:55,524 INFO  segmented.SegmentedRaftLogWorker (SegmentedRaftLogWorker.java:lambda$new$0(140)) - s10@group-A5BB6EB0946F-SegmentedRaftLogWorker: safeCacheEvictIndex: setUnconditionally 0 -> -1
2024-12-14 12:24:55,525 INFO  server.RaftServer$Division (RaftServerImpl.java:start(398)) - s10@group-A5BB6EB0946F: start with initializing state, conf=conf: {index: -1, cur=peers:[]|listeners:[], old=null}
2024-12-14 12:24:55,525 INFO  server.RaftServer$Division (RaftServerImpl.java:setRole(379)) - s10@group-A5BB6EB0946F: changes role from      null to FOLLOWER at term 0 for start
2024-12-14 12:24:55,525 INFO  util.JmxRegister (JmxRegister.java:tryRegister(44)) - Successfully registered JMX Bean with object name Ratis:service=RaftServer,group=group-A5BB6EB0946F,id=s10
2024-12-14 12:24:55,525 INFO  util.JmxRegister (JmxRegister.java:register(58)) - register mxBean class org.apache.ratis.server.impl.RaftServerJmxAdapter as Ratis:service=RaftServer,group=group-A5BB6EB0946F,id=s10
2024-12-14 12:24:55,525 INFO  server.RaftServerConfigKeys (ConfUtils.java:logGet(46)) - raft.server.snapshot.trigger-when-stop.enabled = true (default)
2024-12-14 12:24:55,525 INFO  server.RaftServerConfigKeys (ConfUtils.java:logGet(46)) - raft.server.snapshot.trigger-when-remove.enabled = true (default)
2024-12-14 12:24:55,525 INFO  server.RaftServerConfigKeys (ConfUtils.java:logGet(46)) - raft.server.snapshot.auto.trigger.enabled = false (default)
2024-12-14 12:24:55,525 INFO  server.RaftServerConfigKeys (ConfUtils.java:logGet(46)) - raft.server.snapshot.retention.file.num = -1 (default)
2024-12-14 12:24:55,525 INFO  server.RaftServerConfigKeys (ConfUtils.java:logGet(46)) - raft.server.log.purge.upto.snapshot.index = false (default)
2024-12-14 12:24:55,526 INFO  server.RaftServer$Division (RaftServerImpl.java:start(406)) - s10@group-A5BB6EB0946F: Successfully started.
2024-12-14 12:24:55,538 INFO  server.RaftServer (RaftServerProxy.java:addNew(101)) - s0: addNew group-A5BB6EB0946F:[] returns group-A5BB6EB0946F:java.util.concurrent.CompletableFuture@2d7f5a6e[Not completed]
2024-12-14 12:24:55,538 INFO  server.RaftServer$Division (RaftServerImpl.java:<init>(256)) - s0: new RaftServerImpl for group-A5BB6EB0946F:[] with ArithmeticStateMachine:uninitialized
2024-12-14 12:24:55,538 INFO  server.RaftServerConfigKeys (ConfUtils.java:logGet(46)) - raft.server.rpc.timeout.min = 300ms (custom)
2024-12-14 12:24:55,538 INFO  server.RaftServerConfigKeys (ConfUtils.java:logGet(46)) - raft.server.rpc.timeout.max = 600ms (custom)
2024-12-14 12:24:55,538 INFO  server.RaftServerConfigKeys (ConfUtils.java:logGet(46)) - raft.server.rpc.sleep.time = 25ms (default)
2024-12-14 12:24:55,538 INFO  server.RaftServerConfigKeys (ConfUtils.java:logGet(46)) - raft.server.rpc.slowness.timeout = 60s (default)
2024-12-14 12:24:55,538 INFO  server.RaftServerConfigKeys (ConfUtils.java:logGet(46)) - raft.server.leaderelection.leader.step-down.wait-time = 10s (default)
2024-12-14 12:24:55,538 INFO  server.RaftServerConfigKeys (ConfUtils.java:logGet(46)) - raft.server.leaderelection.member.majority-add = false (default)
2024-12-14 12:24:55,538 INFO  server.RaftServerConfigKeys (ConfUtils.java:logGet(46)) - raft.server.sleep.deviation.threshold = 300ms (default)
2024-12-14 12:24:55,538 INFO  server.RaftServer$Division (ServerState.java:<init>(114)) - s0@group-A5BB6EB0946F: ConfigurationManager, init=conf: {index: -1, cur=peers:[]|listeners:[], old=null}, confs=<EMPTY_MAP>
2024-12-14 12:24:55,538 INFO  server.RaftServerConfigKeys (ConfUtils.java:logGet(46)) - raft.server.notification.no-leader.timeout = 60s (default)
2024-12-14 12:24:55,538 INFO  server.RaftServerConfigKeys (ConfUtils.java:logGet(46)) - raft.server.read.timeout = 10s (default)
2024-12-14 12:24:55,538 INFO  server.RaftServerConfigKeys (ConfUtils.java:logGet(46)) - raft.server.retrycache.expirytime = 60s (default)
2024-12-14 12:24:55,538 INFO  server.RaftServerConfigKeys (ConfUtils.java:logGet(46)) - raft.server.retrycache.statistics.expirytime = 100ms (default)
2024-12-14 12:24:55,538 INFO  server.RaftServerConfigKeys (ConfUtils.java:logGet(46)) - raft.server.read.option = DEFAULT (default)
2024-12-14 12:24:55,538 INFO  server.RaftServerConfigKeys (ConfUtils.java:logGet(46)) - raft.server.read.read-after-write-consistent.write-index-cache.expiry-time = 60s (default)
2024-12-14 12:24:55,539 INFO  server.RaftServerConfigKeys (ConfUtils.java:logGet(46)) - raft.server.rpc.request.timeout = 3000ms (default)
2024-12-14 12:24:55,539 INFO  server.RaftServerConfigKeys (ConfUtils.java:logGet(46)) - raft.server.log.appender.install.snapshot.enabled = true (default)
2024-12-14 12:24:55,539 INFO  server.RaftServerConfigKeys (ConfUtils.java:logGet(46)) - raft.server.threadpool.server.cached = true (default)
2024-12-14 12:24:55,539 INFO  server.RaftServerConfigKeys (ConfUtils.java:logGet(46)) - raft.server.threadpool.server.size = 0 (default)
2024-12-14 12:24:55,539 INFO  server.RaftServerConfigKeys (ConfUtils.java:logGet(46)) - raft.server.threadpool.client.cached = true (default)
2024-12-14 12:24:55,539 INFO  server.RaftServerConfigKeys (ConfUtils.java:logGet(46)) - raft.server.threadpool.client.size = 0 (default)
2024-12-14 12:24:55,539 INFO  server.RaftServerConfigKeys (ConfUtils.java:logGet(46)) - raft.server.storage.free-space.min = 0MB (=0) (default)
2024-12-14 12:24:55,539 INFO  server.RaftServerConfigKeys (ConfUtils.java:logGet(46)) - raft.server.log.corruption.policy = EXCEPTION (default)
2024-12-14 12:24:55,539 INFO  server.RaftServerConfigKeys (ConfUtils.java:logGet(46)) - raft.server.storage.dir = [/home/runner/work/ratis/ratis/ratis-examples/target/test/data/da5193cb/MiniRaftClusterWithGrpca0a5e6cd/s0] (custom)
2024-12-14 12:24:55,539 INFO  storage.RaftStorageDirectory (RaftStorageDirectoryImpl.java:analyzeStorage(138)) - The storage directory /home/runner/work/ratis/ratis/ratis-examples/target/test/data/da5193cb/MiniRaftClusterWithGrpca0a5e6cd/s0/86d75030-f160-4ccc-af34-a5bb6eb0946f does not exist. Creating ...
2024-12-14 12:24:55,539 TRACE util.FileUtils (LogUtils.java:runAndLog(49)) - Successfully ran Files.createDirectories /home/runner/work/ratis/ratis/ratis-examples/target/test/data/da5193cb/MiniRaftClusterWithGrpca0a5e6cd/s0/86d75030-f160-4ccc-af34-a5bb6eb0946f
2024-12-14 12:24:55,540 INFO  storage.RaftStorageDirectory (RaftStorageDirectoryImpl.java:tryLock(229)) - Lock on /home/runner/work/ratis/ratis/ratis-examples/target/test/data/da5193cb/MiniRaftClusterWithGrpca0a5e6cd/s0/86d75030-f160-4ccc-af34-a5bb6eb0946f/in_use.lock acquired by nodename 14700@fv-az733-880
2024-12-14 12:24:55,540 TRACE util.FileUtils (LogUtils.java:runAndLog(49)) - Successfully ran Files.createDirectories /home/runner/work/ratis/ratis/ratis-examples/target/test/data/da5193cb/MiniRaftClusterWithGrpca0a5e6cd/s0/86d75030-f160-4ccc-af34-a5bb6eb0946f/current
2024-12-14 12:24:55,540 TRACE util.FileUtils (LogUtils.java:runAndLog(49)) - Successfully ran Files.createDirectories /home/runner/work/ratis/ratis/ratis-examples/target/test/data/da5193cb/MiniRaftClusterWithGrpca0a5e6cd/s0/86d75030-f160-4ccc-af34-a5bb6eb0946f/sm
2024-12-14 12:24:55,540 TRACE util.FileUtils (LogUtils.java:supplyAndLog(69)) - Successfully supplied FileChannel.open /home/runner/work/ratis/ratis/ratis-examples/target/test/data/da5193cb/MiniRaftClusterWithGrpca0a5e6cd/s0/86d75030-f160-4ccc-af34-a5bb6eb0946f/current/raft-meta.tmp with options [CREATE, WRITE]: sun.nio.ch.FileChannelImpl@74baf428
2024-12-14 12:24:55,541 TRACE util.FileUtils (LogUtils.java:runAndLog(49)) - Successfully ran Atomic Files.move /home/runner/work/ratis/ratis/ratis-examples/target/test/data/da5193cb/MiniRaftClusterWithGrpca0a5e6cd/s0/86d75030-f160-4ccc-af34-a5bb6eb0946f/current/raft-meta.tmp to /home/runner/work/ratis/ratis/ratis-examples/target/test/data/da5193cb/MiniRaftClusterWithGrpca0a5e6cd/s0/86d75030-f160-4ccc-af34-a5bb6eb0946f/current/raft-meta with options [REPLACE_EXISTING]
2024-12-14 12:24:55,541 INFO  storage.RaftStorage (RaftStorageImpl.java:format(98)) - Storage directory /home/runner/work/ratis/ratis/ratis-examples/target/test/data/da5193cb/MiniRaftClusterWithGrpca0a5e6cd/s0/86d75030-f160-4ccc-af34-a5bb6eb0946f has been successfully formatted.
2024-12-14 12:24:55,541 WARN  statemachine.StateMachine (ArithmeticStateMachine.java:loadSnapshot(115)) - The snapshot info is null.
2024-12-14 12:24:55,541 INFO  server.RaftServerConfigKeys (ConfUtils.java:logGet(46)) - raft.server.log.use.memory = false (default)
2024-12-14 12:24:55,542 INFO  server.RaftServerConfigKeys (ConfUtils.java:logGet(46)) - raft.server.log.purge.gap = 1024 (default)
2024-12-14 12:24:55,542 INFO  server.RaftServerConfigKeys (ConfUtils.java:logGet(46)) - raft.server.log.appender.buffer.byte-limit = 4MB (=4194304) (default)
2024-12-14 12:24:55,542 INFO  server.RaftServerConfigKeys (ConfUtils.java:logGet(46)) - raft.server.log.statemachine.data.read.timeout = 1000ms (default)
2024-12-14 12:24:55,542 INFO  server.RaftServerConfigKeys (ConfUtils.java:logGet(46)) - raft.server.log.purge.preservation.log.num = 0 (default)
2024-12-14 12:24:55,542 INFO  server.RaftServerConfigKeys (ConfUtils.java:logGet(46)) - raft.server.log.segment.size.max = 32MB (=33554432) (default)
2024-12-14 12:24:55,542 INFO  server.RaftServerConfigKeys (ConfUtils.java:logGet(46)) - raft.server.log.segment.cache.num.max = 6 (default)
2024-12-14 12:24:55,542 INFO  server.RaftServerConfigKeys (ConfUtils.java:logGet(46)) - raft.server.log.segment.cache.size.max = 200MB (=209715200) (default)
2024-12-14 12:24:55,542 INFO  server.RaftServerConfigKeys (ConfUtils.java:logGet(46)) - raft.server.log.appender.buffer.byte-limit = 4MB (=4194304) (default)
2024-12-14 12:24:55,543 INFO  util.AwaitToRun (AwaitToRun.java:start(81)) - Thread[s0@group-A5BB6EB0946F-cacheEviction-AwaitToRun,5,main] started
2024-12-14 12:24:55,543 INFO  segmented.SegmentedRaftLogWorker (SegmentedRaftLogWorker.java:<init>(189)) - new s0@group-A5BB6EB0946F-SegmentedRaftLogWorker for RaftStorageImpl:Storage Directory /home/runner/work/ratis/ratis/ratis-examples/target/test/data/da5193cb/MiniRaftClusterWithGrpca0a5e6cd/s0/86d75030-f160-4ccc-af34-a5bb6eb0946f
2024-12-14 12:24:55,543 INFO  server.RaftServerConfigKeys (ConfUtils.java:logGet(46)) - raft.server.log.queue.byte-limit = 64MB (=67108864) (default)
2024-12-14 12:24:55,543 INFO  server.RaftServerConfigKeys (ConfUtils.java:logGet(46)) - raft.server.log.queue.element-limit = 4096 (default)
2024-12-14 12:24:55,543 INFO  server.RaftServerConfigKeys (ConfUtils.java:logGet(46)) - raft.server.log.segment.size.max = 32MB (=33554432) (default)
2024-12-14 12:24:55,543 INFO  server.RaftServerConfigKeys (ConfUtils.java:logGet(46)) - raft.server.log.preallocated.size = 4MB (=4194304) (default)
2024-12-14 12:24:55,543 INFO  server.RaftServerConfigKeys (ConfUtils.java:logGet(46)) - raft.server.log.force.sync.num = 128 (default)
2024-12-14 12:24:55,543 INFO  server.RaftServerConfigKeys (ConfUtils.java:logGet(46)) - raft.server.log.statemachine.data.sync = true (default)
2024-12-14 12:24:55,544 INFO  server.RaftServerConfigKeys (ConfUtils.java:logGet(46)) - raft.server.log.statemachine.data.sync.timeout = 10s (default)
2024-12-14 12:24:55,544 INFO  server.RaftServerConfigKeys (ConfUtils.java:logGet(46)) - raft.server.log.statemachine.data.sync.timeout.retry = -1 (default)
2024-12-14 12:24:55,544 INFO  server.RaftServerConfigKeys (ConfUtils.java:logGet(46)) - raft.server.log.write.buffer.size = 8MB (=8388608) (default)
2024-12-14 12:24:55,544 INFO  server.RaftServerConfigKeys (ConfUtils.java:logGet(46)) - raft.server.log.appender.buffer.byte-limit = 4MB (=4194304) (default)
2024-12-14 12:24:55,544 INFO  server.RaftServerConfigKeys (ConfUtils.java:logGet(46)) - raft.server.log.unsafe-flush.enabled = false (default)
2024-12-14 12:24:55,545 INFO  server.RaftServerConfigKeys (ConfUtils.java:logGet(46)) - raft.server.log.async-flush.enabled = false (default)
2024-12-14 12:24:55,545 INFO  server.RaftServerConfigKeys (ConfUtils.java:logGet(46)) - raft.server.log.statemachine.data.caching.enabled = false (default)
2024-12-14 12:24:55,545 INFO  segmented.SegmentedRaftLogWorker (SegmentedRaftLogWorker.java:lambda$new$0(140)) - s0@group-A5BB6EB0946F-SegmentedRaftLogWorker: flushIndex: setUnconditionally 0 -> -1
2024-12-14 12:24:55,545 INFO  segmented.SegmentedRaftLogWorker (SegmentedRaftLogWorker.java:lambda$new$0(140)) - s0@group-A5BB6EB0946F-SegmentedRaftLogWorker: safeCacheEvictIndex: setUnconditionally 0 -> -1
2024-12-14 12:24:55,545 INFO  server.RaftServer$Division (RaftServerImpl.java:start(398)) - s0@group-A5BB6EB0946F: start with initializing state, conf=conf: {index: -1, cur=peers:[]|listeners:[], old=null}
2024-12-14 12:24:55,545 INFO  server.RaftServer$Division (RaftServerImpl.java:setRole(379)) - s0@group-A5BB6EB0946F: changes role from      null to FOLLOWER at term 0 for start
2024-12-14 12:24:55,546 INFO  util.JmxRegister (JmxRegister.java:tryRegister(44)) - Successfully registered JMX Bean with object name Ratis:service=RaftServer,group=group-A5BB6EB0946F,id=s0
2024-12-14 12:24:55,546 INFO  util.JmxRegister (JmxRegister.java:register(58)) - register mxBean class org.apache.ratis.server.impl.RaftServerJmxAdapter as Ratis:service=RaftServer,group=group-A5BB6EB0946F,id=s0
2024-12-14 12:24:55,546 INFO  server.RaftServerConfigKeys (ConfUtils.java:logGet(46)) - raft.server.snapshot.trigger-when-stop.enabled = true (default)
2024-12-14 12:24:55,546 INFO  server.RaftServerConfigKeys (ConfUtils.java:logGet(46)) - raft.server.snapshot.trigger-when-remove.enabled = true (default)
2024-12-14 12:24:55,546 INFO  server.RaftServerConfigKeys (ConfUtils.java:logGet(46)) - raft.server.snapshot.auto.trigger.enabled = false (default)
2024-12-14 12:24:55,546 INFO  server.RaftServerConfigKeys (ConfUtils.java:logGet(46)) - raft.server.snapshot.retention.file.num = -1 (default)
2024-12-14 12:24:55,546 INFO  server.RaftServerConfigKeys (ConfUtils.java:logGet(46)) - raft.server.log.purge.upto.snapshot.index = false (default)
2024-12-14 12:24:55,546 INFO  server.RaftServer$Division (RaftServerImpl.java:start(406)) - s0@group-A5BB6EB0946F: Successfully started.
2024-12-14 12:24:55,554 INFO  server.RaftServer (RaftServerProxy.java:addNew(101)) - s1: addNew group-A5BB6EB0946F:[] returns group-A5BB6EB0946F:java.util.concurrent.CompletableFuture@3314fca3[Not completed]
2024-12-14 12:24:55,554 INFO  server.RaftServer$Division (RaftServerImpl.java:<init>(256)) - s1: new RaftServerImpl for group-A5BB6EB0946F:[] with ArithmeticStateMachine:uninitialized
2024-12-14 12:24:55,554 INFO  server.RaftServerConfigKeys (ConfUtils.java:logGet(46)) - raft.server.rpc.timeout.min = 300ms (custom)
2024-12-14 12:24:55,555 INFO  server.RaftServerConfigKeys (ConfUtils.java:logGet(46)) - raft.server.rpc.timeout.max = 600ms (custom)
2024-12-14 12:24:55,555 INFO  server.RaftServerConfigKeys (ConfUtils.java:logGet(46)) - raft.server.rpc.sleep.time = 25ms (default)
2024-12-14 12:24:55,555 INFO  server.RaftServerConfigKeys (ConfUtils.java:logGet(46)) - raft.server.rpc.slowness.timeout = 60s (default)
2024-12-14 12:24:55,555 INFO  server.RaftServerConfigKeys (ConfUtils.java:logGet(46)) - raft.server.leaderelection.leader.step-down.wait-time = 10s (default)
2024-12-14 12:24:55,555 INFO  server.RaftServerConfigKeys (ConfUtils.java:logGet(46)) - raft.server.leaderelection.member.majority-add = false (default)
2024-12-14 12:24:55,555 INFO  server.RaftServerConfigKeys (ConfUtils.java:logGet(46)) - raft.server.sleep.deviation.threshold = 300ms (default)
2024-12-14 12:24:55,555 INFO  server.RaftServer$Division (ServerState.java:<init>(114)) - s1@group-A5BB6EB0946F: ConfigurationManager, init=conf: {index: -1, cur=peers:[]|listeners:[], old=null}, confs=<EMPTY_MAP>
2024-12-14 12:24:55,555 INFO  server.RaftServerConfigKeys (ConfUtils.java:logGet(46)) - raft.server.notification.no-leader.timeout = 60s (default)
2024-12-14 12:24:55,555 INFO  server.RaftServerConfigKeys (ConfUtils.java:logGet(46)) - raft.server.read.timeout = 10s (default)
2024-12-14 12:24:55,555 INFO  server.RaftServerConfigKeys (ConfUtils.java:logGet(46)) - raft.server.retrycache.expirytime = 60s (default)
2024-12-14 12:24:55,555 INFO  server.RaftServerConfigKeys (ConfUtils.java:logGet(46)) - raft.server.retrycache.statistics.expirytime = 100ms (default)
2024-12-14 12:24:55,555 INFO  server.RaftServerConfigKeys (ConfUtils.java:logGet(46)) - raft.server.read.option = DEFAULT (default)
2024-12-14 12:24:55,555 INFO  server.RaftServerConfigKeys (ConfUtils.java:logGet(46)) - raft.server.read.read-after-write-consistent.write-index-cache.expiry-time = 60s (default)
2024-12-14 12:24:55,556 INFO  server.RaftServerConfigKeys (ConfUtils.java:logGet(46)) - raft.server.rpc.request.timeout = 3000ms (default)
2024-12-14 12:24:55,556 INFO  server.RaftServerConfigKeys (ConfUtils.java:logGet(46)) - raft.server.log.appender.install.snapshot.enabled = true (default)
2024-12-14 12:24:55,556 INFO  server.RaftServerConfigKeys (ConfUtils.java:logGet(46)) - raft.server.threadpool.server.cached = true (default)
2024-12-14 12:24:55,556 INFO  server.RaftServerConfigKeys (ConfUtils.java:logGet(46)) - raft.server.threadpool.server.size = 0 (default)
2024-12-14 12:24:55,556 INFO  server.RaftServerConfigKeys (ConfUtils.java:logGet(46)) - raft.server.threadpool.client.cached = true (default)
2024-12-14 12:24:55,556 INFO  server.RaftServerConfigKeys (ConfUtils.java:logGet(46)) - raft.server.threadpool.client.size = 0 (default)
2024-12-14 12:24:55,556 INFO  server.RaftServerConfigKeys (ConfUtils.java:logGet(46)) - raft.server.storage.free-space.min = 0MB (=0) (default)
2024-12-14 12:24:55,556 INFO  server.RaftServerConfigKeys (ConfUtils.java:logGet(46)) - raft.server.log.corruption.policy = EXCEPTION (default)
2024-12-14 12:24:55,557 INFO  server.RaftServerConfigKeys (ConfUtils.java:logGet(46)) - raft.server.storage.dir = [/home/runner/work/ratis/ratis/ratis-examples/target/test/data/da5193cb/MiniRaftClusterWithGrpca0a5e6cd/s1] (custom)
2024-12-14 12:24:55,557 INFO  storage.RaftStorageDirectory (RaftStorageDirectoryImpl.java:analyzeStorage(138)) - The storage directory /home/runner/work/ratis/ratis/ratis-examples/target/test/data/da5193cb/MiniRaftClusterWithGrpca0a5e6cd/s1/86d75030-f160-4ccc-af34-a5bb6eb0946f does not exist. Creating ...
2024-12-14 12:24:55,557 TRACE util.FileUtils (LogUtils.java:runAndLog(49)) - Successfully ran Files.createDirectories /home/runner/work/ratis/ratis/ratis-examples/target/test/data/da5193cb/MiniRaftClusterWithGrpca0a5e6cd/s1/86d75030-f160-4ccc-af34-a5bb6eb0946f
2024-12-14 12:24:55,558 INFO  storage.RaftStorageDirectory (RaftStorageDirectoryImpl.java:tryLock(229)) - Lock on /home/runner/work/ratis/ratis/ratis-examples/target/test/data/da5193cb/MiniRaftClusterWithGrpca0a5e6cd/s1/86d75030-f160-4ccc-af34-a5bb6eb0946f/in_use.lock acquired by nodename 14700@fv-az733-880
2024-12-14 12:24:55,558 TRACE util.FileUtils (LogUtils.java:runAndLog(49)) - Successfully ran Files.createDirectories /home/runner/work/ratis/ratis/ratis-examples/target/test/data/da5193cb/MiniRaftClusterWithGrpca0a5e6cd/s1/86d75030-f160-4ccc-af34-a5bb6eb0946f/current
2024-12-14 12:24:55,558 TRACE util.FileUtils (LogUtils.java:runAndLog(49)) - Successfully ran Files.createDirectories /home/runner/work/ratis/ratis/ratis-examples/target/test/data/da5193cb/MiniRaftClusterWithGrpca0a5e6cd/s1/86d75030-f160-4ccc-af34-a5bb6eb0946f/sm
2024-12-14 12:24:55,558 TRACE util.FileUtils (LogUtils.java:supplyAndLog(69)) - Successfully supplied FileChannel.open /home/runner/work/ratis/ratis/ratis-examples/target/test/data/da5193cb/MiniRaftClusterWithGrpca0a5e6cd/s1/86d75030-f160-4ccc-af34-a5bb6eb0946f/current/raft-meta.tmp with options [CREATE, WRITE]: sun.nio.ch.FileChannelImpl@43f9a94e
2024-12-14 12:24:55,560 TRACE util.FileUtils (LogUtils.java:runAndLog(49)) - Successfully ran Atomic Files.move /home/runner/work/ratis/ratis/ratis-examples/target/test/data/da5193cb/MiniRaftClusterWithGrpca0a5e6cd/s1/86d75030-f160-4ccc-af34-a5bb6eb0946f/current/raft-meta.tmp to /home/runner/work/ratis/ratis/ratis-examples/target/test/data/da5193cb/MiniRaftClusterWithGrpca0a5e6cd/s1/86d75030-f160-4ccc-af34-a5bb6eb0946f/current/raft-meta with options [REPLACE_EXISTING]
2024-12-14 12:24:55,561 INFO  storage.RaftStorage (RaftStorageImpl.java:format(98)) - Storage directory /home/runner/work/ratis/ratis/ratis-examples/target/test/data/da5193cb/MiniRaftClusterWithGrpca0a5e6cd/s1/86d75030-f160-4ccc-af34-a5bb6eb0946f has been successfully formatted.
2024-12-14 12:24:55,561 WARN  statemachine.StateMachine (ArithmeticStateMachine.java:loadSnapshot(115)) - The snapshot info is null.
2024-12-14 12:24:55,561 INFO  server.RaftServerConfigKeys (ConfUtils.java:logGet(46)) - raft.server.log.use.memory = false (default)
2024-12-14 12:24:55,561 INFO  server.RaftServerConfigKeys (ConfUtils.java:logGet(46)) - raft.server.log.purge.gap = 1024 (default)
2024-12-14 12:24:55,561 INFO  server.RaftServerConfigKeys (ConfUtils.java:logGet(46)) - raft.server.log.appender.buffer.byte-limit = 4MB (=4194304) (default)
2024-12-14 12:24:55,561 INFO  server.RaftServerConfigKeys (ConfUtils.java:logGet(46)) - raft.server.log.statemachine.data.read.timeout = 1000ms (default)
2024-12-14 12:24:55,561 INFO  server.RaftServerConfigKeys (ConfUtils.java:logGet(46)) - raft.server.log.purge.preservation.log.num = 0 (default)
2024-12-14 12:24:55,562 INFO  server.RaftServerConfigKeys (ConfUtils.java:logGet(46)) - raft.server.log.segment.size.max = 32MB (=33554432) (default)
2024-12-14 12:24:55,562 INFO  server.RaftServerConfigKeys (ConfUtils.java:logGet(46)) - raft.server.log.segment.cache.num.max = 6 (default)
2024-12-14 12:24:55,562 INFO  server.RaftServerConfigKeys (ConfUtils.java:logGet(46)) - raft.server.log.segment.cache.size.max = 200MB (=209715200) (default)
2024-12-14 12:24:55,562 INFO  server.RaftServerConfigKeys (ConfUtils.java:logGet(46)) - raft.server.log.appender.buffer.byte-limit = 4MB (=4194304) (default)
2024-12-14 12:24:55,562 INFO  util.AwaitToRun (AwaitToRun.java:start(81)) - Thread[s1@group-A5BB6EB0946F-cacheEviction-AwaitToRun,5,main] started
2024-12-14 12:24:55,562 INFO  segmented.SegmentedRaftLogWorker (SegmentedRaftLogWorker.java:<init>(189)) - new s1@group-A5BB6EB0946F-SegmentedRaftLogWorker for RaftStorageImpl:Storage Directory /home/runner/work/ratis/ratis/ratis-examples/target/test/data/da5193cb/MiniRaftClusterWithGrpca0a5e6cd/s1/86d75030-f160-4ccc-af34-a5bb6eb0946f
2024-12-14 12:24:55,562 INFO  server.RaftServerConfigKeys (ConfUtils.java:logGet(46)) - raft.server.log.queue.byte-limit = 64MB (=67108864) (default)
2024-12-14 12:24:55,562 INFO  server.RaftServerConfigKeys (ConfUtils.java:logGet(46)) - raft.server.log.queue.element-limit = 4096 (default)
2024-12-14 12:24:55,562 INFO  server.RaftServerConfigKeys (ConfUtils.java:logGet(46)) - raft.server.log.segment.size.max = 32MB (=33554432) (default)
2024-12-14 12:24:55,563 INFO  server.RaftServerConfigKeys (ConfUtils.java:logGet(46)) - raft.server.log.preallocated.size = 4MB (=4194304) (default)
2024-12-14 12:24:55,563 INFO  server.RaftServerConfigKeys (ConfUtils.java:logGet(46)) - raft.server.log.force.sync.num = 128 (default)
2024-12-14 12:24:55,563 INFO  server.RaftServerConfigKeys (ConfUtils.java:logGet(46)) - raft.server.log.statemachine.data.sync = true (default)
2024-12-14 12:24:55,563 INFO  server.RaftServerConfigKeys (ConfUtils.java:logGet(46)) - raft.server.log.statemachine.data.sync.timeout = 10s (default)
2024-12-14 12:24:55,563 INFO  server.RaftServerConfigKeys (ConfUtils.java:logGet(46)) - raft.server.log.statemachine.data.sync.timeout.retry = -1 (default)
2024-12-14 12:24:55,563 INFO  server.RaftServerConfigKeys (ConfUtils.java:logGet(46)) - raft.server.log.write.buffer.size = 8MB (=8388608) (default)
2024-12-14 12:24:55,564 INFO  server.RaftServerConfigKeys (ConfUtils.java:logGet(46)) - raft.server.log.appender.buffer.byte-limit = 4MB (=4194304) (default)
2024-12-14 12:24:55,564 INFO  server.RaftServerConfigKeys (ConfUtils.java:logGet(46)) - raft.server.log.unsafe-flush.enabled = false (default)
2024-12-14 12:24:55,564 INFO  server.RaftServerConfigKeys (ConfUtils.java:logGet(46)) - raft.server.log.async-flush.enabled = false (default)
2024-12-14 12:24:55,564 INFO  server.RaftServerConfigKeys (ConfUtils.java:logGet(46)) - raft.server.log.statemachine.data.caching.enabled = false (default)
2024-12-14 12:24:55,564 INFO  segmented.SegmentedRaftLogWorker (SegmentedRaftLogWorker.java:lambda$new$0(140)) - s1@group-A5BB6EB0946F-SegmentedRaftLogWorker: flushIndex: setUnconditionally 0 -> -1
2024-12-14 12:24:55,564 INFO  segmented.SegmentedRaftLogWorker (SegmentedRaftLogWorker.java:lambda$new$0(140)) - s1@group-A5BB6EB0946F-SegmentedRaftLogWorker: safeCacheEvictIndex: setUnconditionally 0 -> -1
2024-12-14 12:24:55,564 INFO  server.RaftServer$Division (RaftServerImpl.java:start(398)) - s1@group-A5BB6EB0946F: start with initializing state, conf=conf: {index: -1, cur=peers:[]|listeners:[], old=null}
2024-12-14 12:24:55,564 INFO  server.RaftServer$Division (RaftServerImpl.java:setRole(379)) - s1@group-A5BB6EB0946F: changes role from      null to FOLLOWER at term 0 for start
2024-12-14 12:24:55,565 INFO  util.JmxRegister (JmxRegister.java:tryRegister(44)) - Successfully registered JMX Bean with object name Ratis:service=RaftServer,group=group-A5BB6EB0946F,id=s1
2024-12-14 12:24:55,565 INFO  util.JmxRegister (JmxRegister.java:register(58)) - register mxBean class org.apache.ratis.server.impl.RaftServerJmxAdapter as Ratis:service=RaftServer,group=group-A5BB6EB0946F,id=s1
2024-12-14 12:24:55,565 INFO  server.RaftServerConfigKeys (ConfUtils.java:logGet(46)) - raft.server.snapshot.trigger-when-stop.enabled = true (default)
2024-12-14 12:24:55,565 INFO  server.RaftServerConfigKeys (ConfUtils.java:logGet(46)) - raft.server.snapshot.trigger-when-remove.enabled = true (default)
2024-12-14 12:24:55,565 INFO  server.RaftServerConfigKeys (ConfUtils.java:logGet(46)) - raft.server.snapshot.auto.trigger.enabled = false (default)
2024-12-14 12:24:55,565 INFO  server.RaftServerConfigKeys (ConfUtils.java:logGet(46)) - raft.server.snapshot.retention.file.num = -1 (default)
2024-12-14 12:24:55,565 INFO  server.RaftServerConfigKeys (ConfUtils.java:logGet(46)) - raft.server.log.purge.upto.snapshot.index = false (default)
2024-12-14 12:24:55,565 INFO  server.RaftServer$Division (RaftServerImpl.java:start(406)) - s1@group-A5BB6EB0946F: Successfully started.
2024-12-14 12:24:55,569 INFO  impl.GroupManagementBaseTest (GroupManagementBaseTest.java:runMultiGroupTest(322)) - 1) groupAdd: printing group-9E43CC895C9D
2024-12-14 12:24:55,574 INFO  server.RaftServer (RaftServerProxy.java:addNew(101)) - s11: addNew group-A5BB6EB0946F:[] returns group-A5BB6EB0946F:java.util.concurrent.CompletableFuture@2035fed9[Not completed]
2024-12-14 12:24:55,574 INFO  server.RaftServer$Division (RaftServerImpl.java:<init>(256)) - s11: new RaftServerImpl for group-A5BB6EB0946F:[] with ArithmeticStateMachine:uninitialized
2024-12-14 12:24:55,574 INFO  server.RaftServerConfigKeys (ConfUtils.java:logGet(46)) - raft.server.rpc.timeout.min = 300ms (custom)
2024-12-14 12:24:55,574 INFO  server.RaftServerConfigKeys (ConfUtils.java:logGet(46)) - raft.server.rpc.timeout.max = 600ms (custom)
2024-12-14 12:24:55,575 INFO  server.RaftServerConfigKeys (ConfUtils.java:logGet(46)) - raft.server.rpc.sleep.time = 25ms (default)
2024-12-14 12:24:55,575 INFO  server.RaftServerConfigKeys (ConfUtils.java:logGet(46)) - raft.server.rpc.slowness.timeout = 60s (default)
2024-12-14 12:24:55,575 INFO  server.RaftServerConfigKeys (ConfUtils.java:logGet(46)) - raft.server.leaderelection.leader.step-down.wait-time = 10s (default)
2024-12-14 12:24:55,575 INFO  server.RaftServerConfigKeys (ConfUtils.java:logGet(46)) - raft.server.leaderelection.member.majority-add = false (default)
2024-12-14 12:24:55,575 INFO  server.RaftServerConfigKeys (ConfUtils.java:logGet(46)) - raft.server.sleep.deviation.threshold = 300ms (default)
2024-12-14 12:24:55,575 INFO  server.RaftServer$Division (ServerState.java:<init>(114)) - s11@group-A5BB6EB0946F: ConfigurationManager, init=conf: {index: -1, cur=peers:[]|listeners:[], old=null}, confs=<EMPTY_MAP>
2024-12-14 12:24:55,575 INFO  server.RaftServerConfigKeys (ConfUtils.java:logGet(46)) - raft.server.notification.no-leader.timeout = 60s (default)
2024-12-14 12:24:55,575 INFO  server.RaftServerConfigKeys (ConfUtils.java:logGet(46)) - raft.server.read.timeout = 10s (default)
2024-12-14 12:24:55,575 INFO  server.RaftServerConfigKeys (ConfUtils.java:logGet(46)) - raft.server.retrycache.expirytime = 60s (default)
2024-12-14 12:24:55,575 INFO  server.RaftServerConfigKeys (ConfUtils.java:logGet(46)) - raft.server.retrycache.statistics.expirytime = 100ms (default)
2024-12-14 12:24:55,575 INFO  server.RaftServerConfigKeys (ConfUtils.java:logGet(46)) - raft.server.read.option = DEFAULT (default)
2024-12-14 12:24:55,575 INFO  server.RaftServerConfigKeys (ConfUtils.java:logGet(46)) - raft.server.read.read-after-write-consistent.write-index-cache.expiry-time = 60s (default)
2024-12-14 12:24:55,576 INFO  server.RaftServerConfigKeys (ConfUtils.java:logGet(46)) - raft.server.rpc.request.timeout = 3000ms (default)
2024-12-14 12:24:55,576 INFO  server.RaftServerConfigKeys (ConfUtils.java:logGet(46)) - raft.server.log.appender.install.snapshot.enabled = true (default)
2024-12-14 12:24:55,576 INFO  server.RaftServerConfigKeys (ConfUtils.java:logGet(46)) - raft.server.threadpool.server.cached = true (default)
2024-12-14 12:24:55,576 INFO  server.RaftServerConfigKeys (ConfUtils.java:logGet(46)) - raft.server.threadpool.server.size = 0 (default)
2024-12-14 12:24:55,576 INFO  server.RaftServerConfigKeys (ConfUtils.java:logGet(46)) - raft.server.threadpool.client.cached = true (default)
2024-12-14 12:24:55,576 INFO  server.RaftServerConfigKeys (ConfUtils.java:logGet(46)) - raft.server.threadpool.client.size = 0 (default)
2024-12-14 12:24:55,577 INFO  server.RaftServerConfigKeys (ConfUtils.java:logGet(46)) - raft.server.storage.free-space.min = 0MB (=0) (default)
2024-12-14 12:24:55,577 INFO  server.RaftServerConfigKeys (ConfUtils.java:logGet(46)) - raft.server.log.corruption.policy = EXCEPTION (default)
2024-12-14 12:24:55,577 INFO  server.RaftServerConfigKeys (ConfUtils.java:logGet(46)) - raft.server.storage.dir = [/home/runner/work/ratis/ratis/ratis-examples/target/test/data/da5193cb/MiniRaftClusterWithGrpca0a5e6cd/s11] (custom)
2024-12-14 12:24:55,577 INFO  storage.RaftStorageDirectory (RaftStorageDirectoryImpl.java:analyzeStorage(138)) - The storage directory /home/runner/work/ratis/ratis/ratis-examples/target/test/data/da5193cb/MiniRaftClusterWithGrpca0a5e6cd/s11/86d75030-f160-4ccc-af34-a5bb6eb0946f does not exist. Creating ...
2024-12-14 12:24:55,577 TRACE util.FileUtils (LogUtils.java:runAndLog(49)) - Successfully ran Files.createDirectories /home/runner/work/ratis/ratis/ratis-examples/target/test/data/da5193cb/MiniRaftClusterWithGrpca0a5e6cd/s11/86d75030-f160-4ccc-af34-a5bb6eb0946f
2024-12-14 12:24:55,578 INFO  storage.RaftStorageDirectory (RaftStorageDirectoryImpl.java:tryLock(229)) - Lock on /home/runner/work/ratis/ratis/ratis-examples/target/test/data/da5193cb/MiniRaftClusterWithGrpca0a5e6cd/s11/86d75030-f160-4ccc-af34-a5bb6eb0946f/in_use.lock acquired by nodename 14700@fv-az733-880
2024-12-14 12:24:55,578 TRACE util.FileUtils (LogUtils.java:runAndLog(49)) - Successfully ran Files.createDirectories /home/runner/work/ratis/ratis/ratis-examples/target/test/data/da5193cb/MiniRaftClusterWithGrpca0a5e6cd/s11/86d75030-f160-4ccc-af34-a5bb6eb0946f/current
2024-12-14 12:24:55,578 TRACE util.FileUtils (LogUtils.java:runAndLog(49)) - Successfully ran Files.createDirectories /home/runner/work/ratis/ratis/ratis-examples/target/test/data/da5193cb/MiniRaftClusterWithGrpca0a5e6cd/s11/86d75030-f160-4ccc-af34-a5bb6eb0946f/sm
2024-12-14 12:24:55,579 TRACE util.FileUtils (LogUtils.java:supplyAndLog(69)) - Successfully supplied FileChannel.open /home/runner/work/ratis/ratis/ratis-examples/target/test/data/da5193cb/MiniRaftClusterWithGrpca0a5e6cd/s11/86d75030-f160-4ccc-af34-a5bb6eb0946f/current/raft-meta.tmp with options [CREATE, WRITE]: sun.nio.ch.FileChannelImpl@5d0abe04
2024-12-14 12:24:55,579 TRACE util.FileUtils (LogUtils.java:runAndLog(49)) - Successfully ran Atomic Files.move /home/runner/work/ratis/ratis/ratis-examples/target/test/data/da5193cb/MiniRaftClusterWithGrpca0a5e6cd/s11/86d75030-f160-4ccc-af34-a5bb6eb0946f/current/raft-meta.tmp to /home/runner/work/ratis/ratis/ratis-examples/target/test/data/da5193cb/MiniRaftClusterWithGrpca0a5e6cd/s11/86d75030-f160-4ccc-af34-a5bb6eb0946f/current/raft-meta with options [REPLACE_EXISTING]
2024-12-14 12:24:55,580 INFO  storage.RaftStorage (RaftStorageImpl.java:format(98)) - Storage directory /home/runner/work/ratis/ratis/ratis-examples/target/test/data/da5193cb/MiniRaftClusterWithGrpca0a5e6cd/s11/86d75030-f160-4ccc-af34-a5bb6eb0946f has been successfully formatted.
2024-12-14 12:24:55,580 WARN  statemachine.StateMachine (ArithmeticStateMachine.java:loadSnapshot(115)) - The snapshot info is null.
2024-12-14 12:24:55,580 INFO  server.RaftServerConfigKeys (ConfUtils.java:logGet(46)) - raft.server.log.use.memory = false (default)
2024-12-14 12:24:55,580 INFO  server.RaftServerConfigKeys (ConfUtils.java:logGet(46)) - raft.server.log.purge.gap = 1024 (default)
2024-12-14 12:24:55,580 INFO  server.RaftServerConfigKeys (ConfUtils.java:logGet(46)) - raft.server.log.appender.buffer.byte-limit = 4MB (=4194304) (default)
2024-12-14 12:24:55,580 INFO  server.RaftServerConfigKeys (ConfUtils.java:logGet(46)) - raft.server.log.statemachine.data.read.timeout = 1000ms (default)
2024-12-14 12:24:55,580 INFO  server.RaftServerConfigKeys (ConfUtils.java:logGet(46)) - raft.server.log.purge.preservation.log.num = 0 (default)
2024-12-14 12:24:55,581 INFO  server.RaftServerConfigKeys (ConfUtils.java:logGet(46)) - raft.server.log.segment.size.max = 32MB (=33554432) (default)
2024-12-14 12:24:55,581 INFO  server.RaftServerConfigKeys (ConfUtils.java:logGet(46)) - raft.server.log.segment.cache.num.max = 6 (default)
2024-12-14 12:24:55,581 INFO  server.RaftServerConfigKeys (ConfUtils.java:logGet(46)) - raft.server.log.segment.cache.size.max = 200MB (=209715200) (default)
2024-12-14 12:24:55,581 INFO  server.RaftServerConfigKeys (ConfUtils.java:logGet(46)) - raft.server.log.appender.buffer.byte-limit = 4MB (=4194304) (default)
2024-12-14 12:24:55,581 INFO  util.AwaitToRun (AwaitToRun.java:start(81)) - Thread[s11@group-A5BB6EB0946F-cacheEviction-AwaitToRun,5,main] started
2024-12-14 12:24:55,581 INFO  segmented.SegmentedRaftLogWorker (SegmentedRaftLogWorker.java:<init>(189)) - new s11@group-A5BB6EB0946F-SegmentedRaftLogWorker for RaftStorageImpl:Storage Directory /home/runner/work/ratis/ratis/ratis-examples/target/test/data/da5193cb/MiniRaftClusterWithGrpca0a5e6cd/s11/86d75030-f160-4ccc-af34-a5bb6eb0946f
2024-12-14 12:24:55,581 INFO  server.RaftServerConfigKeys (ConfUtils.java:logGet(46)) - raft.server.log.queue.byte-limit = 64MB (=67108864) (default)
2024-12-14 12:24:55,581 INFO  server.RaftServerConfigKeys (ConfUtils.java:logGet(46)) - raft.server.log.queue.element-limit = 4096 (default)
2024-12-14 12:24:55,581 INFO  server.RaftServerConfigKeys (ConfUtils.java:logGet(46)) - raft.server.log.segment.size.max = 32MB (=33554432) (default)
2024-12-14 12:24:55,582 INFO  server.RaftServerConfigKeys (ConfUtils.java:logGet(46)) - raft.server.log.preallocated.size = 4MB (=4194304) (default)
2024-12-14 12:24:55,582 INFO  server.RaftServerConfigKeys (ConfUtils.java:logGet(46)) - raft.server.log.force.sync.num = 128 (default)
2024-12-14 12:24:55,582 INFO  server.RaftServerConfigKeys (ConfUtils.java:logGet(46)) - raft.server.log.statemachine.data.sync = true (default)
2024-12-14 12:24:55,582 INFO  server.RaftServerConfigKeys (ConfUtils.java:logGet(46)) - raft.server.log.statemachine.data.sync.timeout = 10s (default)
2024-12-14 12:24:55,582 INFO  server.RaftServerConfigKeys (ConfUtils.java:logGet(46)) - raft.server.log.statemachine.data.sync.timeout.retry = -1 (default)
2024-12-14 12:24:55,582 INFO  server.RaftServerConfigKeys (ConfUtils.java:logGet(46)) - raft.server.log.write.buffer.size = 8MB (=8388608) (default)
2024-12-14 12:24:55,583 INFO  server.RaftServerConfigKeys (ConfUtils.java:logGet(46)) - raft.server.log.appender.buffer.byte-limit = 4MB (=4194304) (default)
2024-12-14 12:24:55,583 INFO  server.RaftServerConfigKeys (ConfUtils.java:logGet(46)) - raft.server.log.unsafe-flush.enabled = false (default)
2024-12-14 12:24:55,583 INFO  server.RaftServerConfigKeys (ConfUtils.java:logGet(46)) - raft.server.log.async-flush.enabled = false (default)
2024-12-14 12:24:55,583 INFO  server.RaftServerConfigKeys (ConfUtils.java:logGet(46)) - raft.server.log.statemachine.data.caching.enabled = false (default)
2024-12-14 12:24:55,583 INFO  segmented.SegmentedRaftLogWorker (SegmentedRaftLogWorker.java:lambda$new$0(140)) - s11@group-A5BB6EB0946F-SegmentedRaftLogWorker: flushIndex: setUnconditionally 0 -> -1
2024-12-14 12:24:55,583 INFO  segmented.SegmentedRaftLogWorker (SegmentedRaftLogWorker.java:lambda$new$0(140)) - s11@group-A5BB6EB0946F-SegmentedRaftLogWorker: safeCacheEvictIndex: setUnconditionally 0 -> -1
2024-12-14 12:24:55,583 INFO  server.RaftServer$Division (RaftServerImpl.java:start(398)) - s11@group-A5BB6EB0946F: start with initializing state, conf=conf: {index: -1, cur=peers:[]|listeners:[], old=null}
2024-12-14 12:24:55,583 INFO  server.RaftServer$Division (RaftServerImpl.java:setRole(379)) - s11@group-A5BB6EB0946F: changes role from      null to FOLLOWER at term 0 for start
2024-12-14 12:24:55,583 INFO  util.JmxRegister (JmxRegister.java:tryRegister(44)) - Successfully registered JMX Bean with object name Ratis:service=RaftServer,group=group-A5BB6EB0946F,id=s11
2024-12-14 12:24:55,584 INFO  util.JmxRegister (JmxRegister.java:register(58)) - register mxBean class org.apache.ratis.server.impl.RaftServerJmxAdapter as Ratis:service=RaftServer,group=group-A5BB6EB0946F,id=s11
2024-12-14 12:24:55,584 INFO  server.RaftServerConfigKeys (ConfUtils.java:logGet(46)) - raft.server.snapshot.trigger-when-stop.enabled = true (default)
2024-12-14 12:24:55,584 INFO  server.RaftServerConfigKeys (ConfUtils.java:logGet(46)) - raft.server.snapshot.trigger-when-remove.enabled = true (default)
2024-12-14 12:24:55,584 INFO  server.RaftServerConfigKeys (ConfUtils.java:logGet(46)) - raft.server.snapshot.auto.trigger.enabled = false (default)
2024-12-14 12:24:55,584 INFO  server.RaftServerConfigKeys (ConfUtils.java:logGet(46)) - raft.server.snapshot.retention.file.num = -1 (default)
2024-12-14 12:24:55,584 INFO  server.RaftServerConfigKeys (ConfUtils.java:logGet(46)) - raft.server.log.purge.upto.snapshot.index = false (default)
2024-12-14 12:24:55,584 INFO  server.RaftServer$Division (RaftServerImpl.java:start(406)) - s11@group-A5BB6EB0946F: Successfully started.
2024-12-14 12:24:55,608 INFO  server.RaftServer (RaftServerProxy.java:addNew(101)) - s13: addNew group-A5BB6EB0946F:[] returns group-A5BB6EB0946F:java.util.concurrent.CompletableFuture@7242715a[Not completed]
2024-12-14 12:24:55,608 INFO  server.RaftServer$Division (RaftServerImpl.java:<init>(256)) - s13: new RaftServerImpl for group-A5BB6EB0946F:[] with ArithmeticStateMachine:uninitialized
2024-12-14 12:24:55,608 INFO  server.RaftServerConfigKeys (ConfUtils.java:logGet(46)) - raft.server.rpc.timeout.min = 300ms (custom)
2024-12-14 12:24:55,608 INFO  server.RaftServerConfigKeys (ConfUtils.java:logGet(46)) - raft.server.rpc.timeout.max = 600ms (custom)
2024-12-14 12:24:55,608 INFO  server.RaftServerConfigKeys (ConfUtils.java:logGet(46)) - raft.server.rpc.sleep.time = 25ms (default)
2024-12-14 12:24:55,608 INFO  server.RaftServerConfigKeys (ConfUtils.java:logGet(46)) - raft.server.rpc.slowness.timeout = 60s (default)
2024-12-14 12:24:55,608 INFO  server.RaftServerConfigKeys (ConfUtils.java:logGet(46)) - raft.server.leaderelection.leader.step-down.wait-time = 10s (default)
2024-12-14 12:24:55,608 INFO  server.RaftServerConfigKeys (ConfUtils.java:logGet(46)) - raft.server.leaderelection.member.majority-add = false (default)
2024-12-14 12:24:55,608 INFO  server.RaftServerConfigKeys (ConfUtils.java:logGet(46)) - raft.server.sleep.deviation.threshold = 300ms (default)
2024-12-14 12:24:55,608 INFO  server.RaftServer$Division (ServerState.java:<init>(114)) - s13@group-A5BB6EB0946F: ConfigurationManager, init=conf: {index: -1, cur=peers:[]|listeners:[], old=null}, confs=<EMPTY_MAP>
2024-12-14 12:24:55,609 INFO  server.RaftServerConfigKeys (ConfUtils.java:logGet(46)) - raft.server.notification.no-leader.timeout = 60s (default)
2024-12-14 12:24:55,609 INFO  server.RaftServerConfigKeys (ConfUtils.java:logGet(46)) - raft.server.read.timeout = 10s (default)
2024-12-14 12:24:55,609 INFO  server.RaftServerConfigKeys (ConfUtils.java:logGet(46)) - raft.server.retrycache.expirytime = 60s (default)
2024-12-14 12:24:55,609 INFO  server.RaftServerConfigKeys (ConfUtils.java:logGet(46)) - raft.server.retrycache.statistics.expirytime = 100ms (default)
2024-12-14 12:24:55,609 INFO  server.RaftServerConfigKeys (ConfUtils.java:logGet(46)) - raft.server.read.option = DEFAULT (default)
2024-12-14 12:24:55,609 INFO  server.RaftServerConfigKeys (ConfUtils.java:logGet(46)) - raft.server.read.read-after-write-consistent.write-index-cache.expiry-time = 60s (default)
2024-12-14 12:24:55,610 INFO  server.RaftServerConfigKeys (ConfUtils.java:logGet(46)) - raft.server.rpc.request.timeout = 3000ms (default)
2024-12-14 12:24:55,610 INFO  server.RaftServerConfigKeys (ConfUtils.java:logGet(46)) - raft.server.log.appender.install.snapshot.enabled = true (default)
2024-12-14 12:24:55,610 INFO  server.RaftServerConfigKeys (ConfUtils.java:logGet(46)) - raft.server.threadpool.server.cached = true (default)
2024-12-14 12:24:55,610 INFO  server.RaftServerConfigKeys (ConfUtils.java:logGet(46)) - raft.server.threadpool.server.size = 0 (default)
2024-12-14 12:24:55,610 INFO  server.RaftServerConfigKeys (ConfUtils.java:logGet(46)) - raft.server.threadpool.client.cached = true (default)
2024-12-14 12:24:55,610 INFO  server.RaftServerConfigKeys (ConfUtils.java:logGet(46)) - raft.server.threadpool.client.size = 0 (default)
2024-12-14 12:24:55,610 INFO  server.RaftServerConfigKeys (ConfUtils.java:logGet(46)) - raft.server.storage.free-space.min = 0MB (=0) (default)
2024-12-14 12:24:55,610 INFO  server.RaftServerConfigKeys (ConfUtils.java:logGet(46)) - raft.server.log.corruption.policy = EXCEPTION (default)
2024-12-14 12:24:55,611 INFO  server.RaftServerConfigKeys (ConfUtils.java:logGet(46)) - raft.server.storage.dir = [/home/runner/work/ratis/ratis/ratis-examples/target/test/data/da5193cb/MiniRaftClusterWithGrpca0a5e6cd/s13] (custom)
2024-12-14 12:24:55,611 INFO  storage.RaftStorageDirectory (RaftStorageDirectoryImpl.java:analyzeStorage(138)) - The storage directory /home/runner/work/ratis/ratis/ratis-examples/target/test/data/da5193cb/MiniRaftClusterWithGrpca0a5e6cd/s13/86d75030-f160-4ccc-af34-a5bb6eb0946f does not exist. Creating ...
2024-12-14 12:24:55,611 TRACE util.FileUtils (LogUtils.java:runAndLog(49)) - Successfully ran Files.createDirectories /home/runner/work/ratis/ratis/ratis-examples/target/test/data/da5193cb/MiniRaftClusterWithGrpca0a5e6cd/s13/86d75030-f160-4ccc-af34-a5bb6eb0946f
2024-12-14 12:24:55,612 INFO  storage.RaftStorageDirectory (RaftStorageDirectoryImpl.java:tryLock(229)) - Lock on /home/runner/work/ratis/ratis/ratis-examples/target/test/data/da5193cb/MiniRaftClusterWithGrpca0a5e6cd/s13/86d75030-f160-4ccc-af34-a5bb6eb0946f/in_use.lock acquired by nodename 14700@fv-az733-880
2024-12-14 12:24:55,612 TRACE util.FileUtils (LogUtils.java:runAndLog(49)) - Successfully ran Files.createDirectories /home/runner/work/ratis/ratis/ratis-examples/target/test/data/da5193cb/MiniRaftClusterWithGrpca0a5e6cd/s13/86d75030-f160-4ccc-af34-a5bb6eb0946f/current
2024-12-14 12:24:55,612 TRACE util.FileUtils (LogUtils.java:runAndLog(49)) - Successfully ran Files.createDirectories /home/runner/work/ratis/ratis/ratis-examples/target/test/data/da5193cb/MiniRaftClusterWithGrpca0a5e6cd/s13/86d75030-f160-4ccc-af34-a5bb6eb0946f/sm
2024-12-14 12:24:55,612 TRACE util.FileUtils (LogUtils.java:supplyAndLog(69)) - Successfully supplied FileChannel.open /home/runner/work/ratis/ratis/ratis-examples/target/test/data/da5193cb/MiniRaftClusterWithGrpca0a5e6cd/s13/86d75030-f160-4ccc-af34-a5bb6eb0946f/current/raft-meta.tmp with options [CREATE, WRITE]: sun.nio.ch.FileChannelImpl@5d8f196e
2024-12-14 12:24:55,613 TRACE util.FileUtils (LogUtils.java:runAndLog(49)) - Successfully ran Atomic Files.move /home/runner/work/ratis/ratis/ratis-examples/target/test/data/da5193cb/MiniRaftClusterWithGrpca0a5e6cd/s13/86d75030-f160-4ccc-af34-a5bb6eb0946f/current/raft-meta.tmp to /home/runner/work/ratis/ratis/ratis-examples/target/test/data/da5193cb/MiniRaftClusterWithGrpca0a5e6cd/s13/86d75030-f160-4ccc-af34-a5bb6eb0946f/current/raft-meta with options [REPLACE_EXISTING]
2024-12-14 12:24:55,613 INFO  storage.RaftStorage (RaftStorageImpl.java:format(98)) - Storage directory /home/runner/work/ratis/ratis/ratis-examples/target/test/data/da5193cb/MiniRaftClusterWithGrpca0a5e6cd/s13/86d75030-f160-4ccc-af34-a5bb6eb0946f has been successfully formatted.
2024-12-14 12:24:55,613 WARN  statemachine.StateMachine (ArithmeticStateMachine.java:loadSnapshot(115)) - The snapshot info is null.
2024-12-14 12:24:55,614 INFO  server.RaftServerConfigKeys (ConfUtils.java:logGet(46)) - raft.server.log.use.memory = false (default)
2024-12-14 12:24:55,614 INFO  server.RaftServerConfigKeys (ConfUtils.java:logGet(46)) - raft.server.log.purge.gap = 1024 (default)
2024-12-14 12:24:55,614 INFO  server.RaftServerConfigKeys (ConfUtils.java:logGet(46)) - raft.server.log.appender.buffer.byte-limit = 4MB (=4194304) (default)
2024-12-14 12:24:55,614 INFO  server.RaftServerConfigKeys (ConfUtils.java:logGet(46)) - raft.server.log.statemachine.data.read.timeout = 1000ms (default)
2024-12-14 12:24:55,614 INFO  server.RaftServerConfigKeys (ConfUtils.java:logGet(46)) - raft.server.log.purge.preservation.log.num = 0 (default)
2024-12-14 12:24:55,614 INFO  server.RaftServerConfigKeys (ConfUtils.java:logGet(46)) - raft.server.log.segment.size.max = 32MB (=33554432) (default)
2024-12-14 12:24:55,614 INFO  server.RaftServerConfigKeys (ConfUtils.java:logGet(46)) - raft.server.log.segment.cache.num.max = 6 (default)
2024-12-14 12:24:55,614 INFO  server.RaftServerConfigKeys (ConfUtils.java:logGet(46)) - raft.server.log.segment.cache.size.max = 200MB (=209715200) (default)
2024-12-14 12:24:55,614 INFO  server.RaftServerConfigKeys (ConfUtils.java:logGet(46)) - raft.server.log.appender.buffer.byte-limit = 4MB (=4194304) (default)
2024-12-14 12:24:55,615 INFO  util.AwaitToRun (AwaitToRun.java:start(81)) - Thread[s13@group-A5BB6EB0946F-cacheEviction-AwaitToRun,5,main] started
2024-12-14 12:24:55,615 INFO  segmented.SegmentedRaftLogWorker (SegmentedRaftLogWorker.java:<init>(189)) - new s13@group-A5BB6EB0946F-SegmentedRaftLogWorker for RaftStorageImpl:Storage Directory /home/runner/work/ratis/ratis/ratis-examples/target/test/data/da5193cb/MiniRaftClusterWithGrpca0a5e6cd/s13/86d75030-f160-4ccc-af34-a5bb6eb0946f
2024-12-14 12:24:55,615 INFO  server.RaftServerConfigKeys (ConfUtils.java:logGet(46)) - raft.server.log.queue.byte-limit = 64MB (=67108864) (default)
2024-12-14 12:24:55,615 INFO  server.RaftServerConfigKeys (ConfUtils.java:logGet(46)) - raft.server.log.queue.element-limit = 4096 (default)
2024-12-14 12:24:55,615 INFO  server.RaftServerConfigKeys (ConfUtils.java:logGet(46)) - raft.server.log.segment.size.max = 32MB (=33554432) (default)
2024-12-14 12:24:55,615 INFO  server.RaftServerConfigKeys (ConfUtils.java:logGet(46)) - raft.server.log.preallocated.size = 4MB (=4194304) (default)
2024-12-14 12:24:55,615 INFO  server.RaftServerConfigKeys (ConfUtils.java:logGet(46)) - raft.server.log.force.sync.num = 128 (default)
2024-12-14 12:24:55,615 INFO  server.RaftServerConfigKeys (ConfUtils.java:logGet(46)) - raft.server.log.statemachine.data.sync = true (default)
2024-12-14 12:24:55,615 INFO  server.RaftServerConfigKeys (ConfUtils.java:logGet(46)) - raft.server.log.statemachine.data.sync.timeout = 10s (default)
2024-12-14 12:24:55,615 INFO  server.RaftServerConfigKeys (ConfUtils.java:logGet(46)) - raft.server.log.statemachine.data.sync.timeout.retry = -1 (default)
2024-12-14 12:24:55,616 INFO  server.RaftServerConfigKeys (ConfUtils.java:logGet(46)) - raft.server.log.write.buffer.size = 8MB (=8388608) (default)
2024-12-14 12:24:55,616 INFO  server.RaftServerConfigKeys (ConfUtils.java:logGet(46)) - raft.server.log.appender.buffer.byte-limit = 4MB (=4194304) (default)
2024-12-14 12:24:55,616 INFO  server.RaftServerConfigKeys (ConfUtils.java:logGet(46)) - raft.server.log.unsafe-flush.enabled = false (default)
2024-12-14 12:24:55,616 INFO  server.RaftServerConfigKeys (ConfUtils.java:logGet(46)) - raft.server.log.async-flush.enabled = false (default)
2024-12-14 12:24:55,616 INFO  server.RaftServerConfigKeys (ConfUtils.java:logGet(46)) - raft.server.log.statemachine.data.caching.enabled = false (default)
2024-12-14 12:24:55,617 INFO  segmented.SegmentedRaftLogWorker (SegmentedRaftLogWorker.java:lambda$new$0(140)) - s13@group-A5BB6EB0946F-SegmentedRaftLogWorker: flushIndex: setUnconditionally 0 -> -1
2024-12-14 12:24:55,617 INFO  segmented.SegmentedRaftLogWorker (SegmentedRaftLogWorker.java:lambda$new$0(140)) - s13@group-A5BB6EB0946F-SegmentedRaftLogWorker: safeCacheEvictIndex: setUnconditionally 0 -> -1
2024-12-14 12:24:55,617 INFO  server.RaftServer$Division (RaftServerImpl.java:start(398)) - s13@group-A5BB6EB0946F: start with initializing state, conf=conf: {index: -1, cur=peers:[]|listeners:[], old=null}
2024-12-14 12:24:55,617 INFO  server.RaftServer$Division (RaftServerImpl.java:setRole(379)) - s13@group-A5BB6EB0946F: changes role from      null to FOLLOWER at term 0 for start
2024-12-14 12:24:55,617 INFO  util.JmxRegister (JmxRegister.java:tryRegister(44)) - Successfully registered JMX Bean with object name Ratis:service=RaftServer,group=group-A5BB6EB0946F,id=s13
2024-12-14 12:24:55,617 INFO  util.JmxRegister (JmxRegister.java:register(58)) - register mxBean class org.apache.ratis.server.impl.RaftServerJmxAdapter as Ratis:service=RaftServer,group=group-A5BB6EB0946F,id=s13
2024-12-14 12:24:55,617 INFO  server.RaftServerConfigKeys (ConfUtils.java:logGet(46)) - raft.server.snapshot.trigger-when-stop.enabled = true (default)
2024-12-14 12:24:55,618 INFO  server.RaftServerConfigKeys (ConfUtils.java:logGet(46)) - raft.server.snapshot.trigger-when-remove.enabled = true (default)
2024-12-14 12:24:55,618 INFO  server.RaftServerConfigKeys (ConfUtils.java:logGet(46)) - raft.server.snapshot.auto.trigger.enabled = false (default)
2024-12-14 12:24:55,618 INFO  server.RaftServerConfigKeys (ConfUtils.java:logGet(46)) - raft.server.snapshot.retention.file.num = -1 (default)
2024-12-14 12:24:55,618 INFO  server.RaftServerConfigKeys (ConfUtils.java:logGet(46)) - raft.server.log.purge.upto.snapshot.index = false (default)
2024-12-14 12:24:55,618 INFO  server.RaftServer$Division (RaftServerImpl.java:start(406)) - s13@group-A5BB6EB0946F: Successfully started.
2024-12-14 12:24:55,628 INFO  server.RaftServer (RaftServerProxy.java:addNew(101)) - s12: addNew group-A5BB6EB0946F:[] returns group-A5BB6EB0946F:java.util.concurrent.CompletableFuture@11a8d1df[Not completed]
2024-12-14 12:24:55,628 INFO  server.RaftServer$Division (RaftServerImpl.java:<init>(256)) - s12: new RaftServerImpl for group-A5BB6EB0946F:[] with ArithmeticStateMachine:uninitialized
2024-12-14 12:24:55,628 INFO  server.RaftServerConfigKeys (ConfUtils.java:logGet(46)) - raft.server.rpc.timeout.min = 300ms (custom)
2024-12-14 12:24:55,628 INFO  server.RaftServerConfigKeys (ConfUtils.java:logGet(46)) - raft.server.rpc.timeout.max = 600ms (custom)
2024-12-14 12:24:55,628 INFO  server.RaftServerConfigKeys (ConfUtils.java:logGet(46)) - raft.server.rpc.sleep.time = 25ms (default)
2024-12-14 12:24:55,628 INFO  server.RaftServerConfigKeys (ConfUtils.java:logGet(46)) - raft.server.rpc.slowness.timeout = 60s (default)
2024-12-14 12:24:55,628 INFO  server.RaftServerConfigKeys (ConfUtils.java:logGet(46)) - raft.server.leaderelection.leader.step-down.wait-time = 10s (default)
2024-12-14 12:24:55,628 INFO  server.RaftServerConfigKeys (ConfUtils.java:logGet(46)) - raft.server.leaderelection.member.majority-add = false (default)
2024-12-14 12:24:55,628 INFO  server.RaftServerConfigKeys (ConfUtils.java:logGet(46)) - raft.server.sleep.deviation.threshold = 300ms (default)
2024-12-14 12:24:55,628 INFO  server.RaftServer$Division (ServerState.java:<init>(114)) - s12@group-A5BB6EB0946F: ConfigurationManager, init=conf: {index: -1, cur=peers:[]|listeners:[], old=null}, confs=<EMPTY_MAP>
2024-12-14 12:24:55,628 INFO  server.RaftServerConfigKeys (ConfUtils.java:logGet(46)) - raft.server.notification.no-leader.timeout = 60s (default)
2024-12-14 12:24:55,628 INFO  server.RaftServerConfigKeys (ConfUtils.java:logGet(46)) - raft.server.read.timeout = 10s (default)
2024-12-14 12:24:55,629 INFO  server.RaftServerConfigKeys (ConfUtils.java:logGet(46)) - raft.server.retrycache.expirytime = 60s (default)
2024-12-14 12:24:55,629 INFO  server.RaftServerConfigKeys (ConfUtils.java:logGet(46)) - raft.server.retrycache.statistics.expirytime = 100ms (default)
2024-12-14 12:24:55,629 INFO  server.RaftServerConfigKeys (ConfUtils.java:logGet(46)) - raft.server.read.option = DEFAULT (default)
2024-12-14 12:24:55,629 INFO  server.RaftServerConfigKeys (ConfUtils.java:logGet(46)) - raft.server.read.read-after-write-consistent.write-index-cache.expiry-time = 60s (default)
2024-12-14 12:24:55,630 INFO  server.RaftServerConfigKeys (ConfUtils.java:logGet(46)) - raft.server.rpc.request.timeout = 3000ms (default)
2024-12-14 12:24:55,630 INFO  server.RaftServerConfigKeys (ConfUtils.java:logGet(46)) - raft.server.log.appender.install.snapshot.enabled = true (default)
2024-12-14 12:24:55,630 INFO  server.RaftServerConfigKeys (ConfUtils.java:logGet(46)) - raft.server.threadpool.server.cached = true (default)
2024-12-14 12:24:55,630 INFO  server.RaftServerConfigKeys (ConfUtils.java:logGet(46)) - raft.server.threadpool.server.size = 0 (default)
2024-12-14 12:24:55,630 INFO  server.RaftServerConfigKeys (ConfUtils.java:logGet(46)) - raft.server.threadpool.client.cached = true (default)
2024-12-14 12:24:55,630 INFO  server.RaftServerConfigKeys (ConfUtils.java:logGet(46)) - raft.server.threadpool.client.size = 0 (default)
2024-12-14 12:24:55,630 INFO  server.RaftServerConfigKeys (ConfUtils.java:logGet(46)) - raft.server.storage.free-space.min = 0MB (=0) (default)
2024-12-14 12:24:55,630 INFO  server.RaftServerConfigKeys (ConfUtils.java:logGet(46)) - raft.server.log.corruption.policy = EXCEPTION (default)
2024-12-14 12:24:55,631 INFO  server.RaftServerConfigKeys (ConfUtils.java:logGet(46)) - raft.server.storage.dir = [/home/runner/work/ratis/ratis/ratis-examples/target/test/data/da5193cb/MiniRaftClusterWithGrpca0a5e6cd/s12] (custom)
2024-12-14 12:24:55,631 INFO  storage.RaftStorageDirectory (RaftStorageDirectoryImpl.java:analyzeStorage(138)) - The storage directory /home/runner/work/ratis/ratis/ratis-examples/target/test/data/da5193cb/MiniRaftClusterWithGrpca0a5e6cd/s12/86d75030-f160-4ccc-af34-a5bb6eb0946f does not exist. Creating ...
2024-12-14 12:24:55,631 TRACE util.FileUtils (LogUtils.java:runAndLog(49)) - Successfully ran Files.createDirectories /home/runner/work/ratis/ratis/ratis-examples/target/test/data/da5193cb/MiniRaftClusterWithGrpca0a5e6cd/s12/86d75030-f160-4ccc-af34-a5bb6eb0946f
2024-12-14 12:24:55,632 INFO  storage.RaftStorageDirectory (RaftStorageDirectoryImpl.java:tryLock(229)) - Lock on /home/runner/work/ratis/ratis/ratis-examples/target/test/data/da5193cb/MiniRaftClusterWithGrpca0a5e6cd/s12/86d75030-f160-4ccc-af34-a5bb6eb0946f/in_use.lock acquired by nodename 14700@fv-az733-880
2024-12-14 12:24:55,632 TRACE util.FileUtils (LogUtils.java:runAndLog(49)) - Successfully ran Files.createDirectories /home/runner/work/ratis/ratis/ratis-examples/target/test/data/da5193cb/MiniRaftClusterWithGrpca0a5e6cd/s12/86d75030-f160-4ccc-af34-a5bb6eb0946f/current
2024-12-14 12:24:55,632 TRACE util.FileUtils (LogUtils.java:runAndLog(49)) - Successfully ran Files.createDirectories /home/runner/work/ratis/ratis/ratis-examples/target/test/data/da5193cb/MiniRaftClusterWithGrpca0a5e6cd/s12/86d75030-f160-4ccc-af34-a5bb6eb0946f/sm
2024-12-14 12:24:55,632 TRACE util.FileUtils (LogUtils.java:supplyAndLog(69)) - Successfully supplied FileChannel.open /home/runner/work/ratis/ratis/ratis-examples/target/test/data/da5193cb/MiniRaftClusterWithGrpca0a5e6cd/s12/86d75030-f160-4ccc-af34-a5bb6eb0946f/current/raft-meta.tmp with options [CREATE, WRITE]: sun.nio.ch.FileChannelImpl@46aa076d
2024-12-14 12:24:55,633 TRACE util.FileUtils (LogUtils.java:runAndLog(49)) - Successfully ran Atomic Files.move /home/runner/work/ratis/ratis/ratis-examples/target/test/data/da5193cb/MiniRaftClusterWithGrpca0a5e6cd/s12/86d75030-f160-4ccc-af34-a5bb6eb0946f/current/raft-meta.tmp to /home/runner/work/ratis/ratis/ratis-examples/target/test/data/da5193cb/MiniRaftClusterWithGrpca0a5e6cd/s12/86d75030-f160-4ccc-af34-a5bb6eb0946f/current/raft-meta with options [REPLACE_EXISTING]
2024-12-14 12:24:55,633 INFO  storage.RaftStorage (RaftStorageImpl.java:format(98)) - Storage directory /home/runner/work/ratis/ratis/ratis-examples/target/test/data/da5193cb/MiniRaftClusterWithGrpca0a5e6cd/s12/86d75030-f160-4ccc-af34-a5bb6eb0946f has been successfully formatted.
2024-12-14 12:24:55,633 WARN  statemachine.StateMachine (ArithmeticStateMachine.java:loadSnapshot(115)) - The snapshot info is null.
2024-12-14 12:24:55,634 INFO  server.RaftServerConfigKeys (ConfUtils.java:logGet(46)) - raft.server.log.use.memory = false (default)
2024-12-14 12:24:55,634 INFO  server.RaftServerConfigKeys (ConfUtils.java:logGet(46)) - raft.server.log.purge.gap = 1024 (default)
2024-12-14 12:24:55,634 INFO  server.RaftServerConfigKeys (ConfUtils.java:logGet(46)) - raft.server.log.appender.buffer.byte-limit = 4MB (=4194304) (default)
2024-12-14 12:24:55,634 INFO  server.RaftServerConfigKeys (ConfUtils.java:logGet(46)) - raft.server.log.statemachine.data.read.timeout = 1000ms (default)
2024-12-14 12:24:55,634 INFO  server.RaftServerConfigKeys (ConfUtils.java:logGet(46)) - raft.server.log.purge.preservation.log.num = 0 (default)
2024-12-14 12:24:55,634 INFO  server.RaftServerConfigKeys (ConfUtils.java:logGet(46)) - raft.server.log.segment.size.max = 32MB (=33554432) (default)
2024-12-14 12:24:55,634 INFO  server.RaftServerConfigKeys (ConfUtils.java:logGet(46)) - raft.server.log.segment.cache.num.max = 6 (default)
2024-12-14 12:24:55,634 INFO  server.RaftServerConfigKeys (ConfUtils.java:logGet(46)) - raft.server.log.segment.cache.size.max = 200MB (=209715200) (default)
2024-12-14 12:24:55,635 INFO  server.RaftServerConfigKeys (ConfUtils.java:logGet(46)) - raft.server.log.appender.buffer.byte-limit = 4MB (=4194304) (default)
2024-12-14 12:24:55,637 INFO  util.AwaitToRun (AwaitToRun.java:start(81)) - Thread[s12@group-A5BB6EB0946F-cacheEviction-AwaitToRun,5,main] started
2024-12-14 12:24:55,637 INFO  segmented.SegmentedRaftLogWorker (SegmentedRaftLogWorker.java:<init>(189)) - new s12@group-A5BB6EB0946F-SegmentedRaftLogWorker for RaftStorageImpl:Storage Directory /home/runner/work/ratis/ratis/ratis-examples/target/test/data/da5193cb/MiniRaftClusterWithGrpca0a5e6cd/s12/86d75030-f160-4ccc-af34-a5bb6eb0946f
2024-12-14 12:24:55,637 INFO  server.RaftServerConfigKeys (ConfUtils.java:logGet(46)) - raft.server.log.queue.byte-limit = 64MB (=67108864) (default)
2024-12-14 12:24:55,637 INFO  server.RaftServerConfigKeys (ConfUtils.java:logGet(46)) - raft.server.log.queue.element-limit = 4096 (default)
2024-12-14 12:24:55,637 INFO  server.RaftServerConfigKeys (ConfUtils.java:logGet(46)) - raft.server.log.segment.size.max = 32MB (=33554432) (default)
2024-12-14 12:24:55,637 INFO  server.RaftServerConfigKeys (ConfUtils.java:logGet(46)) - raft.server.log.preallocated.size = 4MB (=4194304) (default)
2024-12-14 12:24:55,637 INFO  server.RaftServerConfigKeys (ConfUtils.java:logGet(46)) - raft.server.log.force.sync.num = 128 (default)
2024-12-14 12:24:55,637 INFO  server.RaftServerConfigKeys (ConfUtils.java:logGet(46)) - raft.server.log.statemachine.data.sync = true (default)
2024-12-14 12:24:55,637 INFO  server.RaftServerConfigKeys (ConfUtils.java:logGet(46)) - raft.server.log.statemachine.data.sync.timeout = 10s (default)
2024-12-14 12:24:55,637 INFO  server.RaftServerConfigKeys (ConfUtils.java:logGet(46)) - raft.server.log.statemachine.data.sync.timeout.retry = -1 (default)
2024-12-14 12:24:55,637 INFO  server.RaftServerConfigKeys (ConfUtils.java:logGet(46)) - raft.server.log.write.buffer.size = 8MB (=8388608) (default)
2024-12-14 12:24:55,638 INFO  server.RaftServerConfigKeys (ConfUtils.java:logGet(46)) - raft.server.log.appender.buffer.byte-limit = 4MB (=4194304) (default)
2024-12-14 12:24:55,638 INFO  server.RaftServerConfigKeys (ConfUtils.java:logGet(46)) - raft.server.log.unsafe-flush.enabled = false (default)
2024-12-14 12:24:55,638 INFO  server.RaftServerConfigKeys (ConfUtils.java:logGet(46)) - raft.server.log.async-flush.enabled = false (default)
2024-12-14 12:24:55,638 INFO  server.RaftServerConfigKeys (ConfUtils.java:logGet(46)) - raft.server.log.statemachine.data.caching.enabled = false (default)
2024-12-14 12:24:55,638 INFO  segmented.SegmentedRaftLogWorker (SegmentedRaftLogWorker.java:lambda$new$0(140)) - s12@group-A5BB6EB0946F-SegmentedRaftLogWorker: flushIndex: setUnconditionally 0 -> -1
2024-12-14 12:24:55,638 INFO  segmented.SegmentedRaftLogWorker (SegmentedRaftLogWorker.java:lambda$new$0(140)) - s12@group-A5BB6EB0946F-SegmentedRaftLogWorker: safeCacheEvictIndex: setUnconditionally 0 -> -1
2024-12-14 12:24:55,638 INFO  server.RaftServer$Division (RaftServerImpl.java:start(398)) - s12@group-A5BB6EB0946F: start with initializing state, conf=conf: {index: -1, cur=peers:[]|listeners:[], old=null}
2024-12-14 12:24:55,638 INFO  server.RaftServer$Division (RaftServerImpl.java:setRole(379)) - s12@group-A5BB6EB0946F: changes role from      null to FOLLOWER at term 0 for start
2024-12-14 12:24:55,639 INFO  util.JmxRegister (JmxRegister.java:tryRegister(44)) - Successfully registered JMX Bean with object name Ratis:service=RaftServer,group=group-A5BB6EB0946F,id=s12
2024-12-14 12:24:55,639 INFO  util.JmxRegister (JmxRegister.java:register(58)) - register mxBean class org.apache.ratis.server.impl.RaftServerJmxAdapter as Ratis:service=RaftServer,group=group-A5BB6EB0946F,id=s12
2024-12-14 12:24:55,639 INFO  server.RaftServerConfigKeys (ConfUtils.java:logGet(46)) - raft.server.snapshot.trigger-when-stop.enabled = true (default)
2024-12-14 12:24:55,639 INFO  server.RaftServerConfigKeys (ConfUtils.java:logGet(46)) - raft.server.snapshot.trigger-when-remove.enabled = true (default)
2024-12-14 12:24:55,639 INFO  server.RaftServerConfigKeys (ConfUtils.java:logGet(46)) - raft.server.snapshot.auto.trigger.enabled = false (default)
2024-12-14 12:24:55,639 INFO  server.RaftServerConfigKeys (ConfUtils.java:logGet(46)) - raft.server.snapshot.retention.file.num = -1 (default)
2024-12-14 12:24:55,639 INFO  server.RaftServerConfigKeys (ConfUtils.java:logGet(46)) - raft.server.log.purge.upto.snapshot.index = false (default)
2024-12-14 12:24:55,639 INFO  server.RaftServer$Division (RaftServerImpl.java:start(406)) - s12@group-A5BB6EB0946F: Successfully started.
2024-12-14 12:24:55,647 INFO  impl.GroupManagementBaseTest (GroupManagementBaseTest.java:runMultiGroupTest(322)) - 2) groupAdd: printing group-FDF63F8BEBB3
2024-12-14 12:24:55,652 INFO  server.RaftServer (RaftServerProxy.java:addNew(101)) - s3: addNew group-A5BB6EB0946F:[] returns group-A5BB6EB0946F:java.util.concurrent.CompletableFuture@70d5d381[Not completed]
2024-12-14 12:24:55,652 INFO  server.RaftServer$Division (RaftServerImpl.java:<init>(256)) - s3: new RaftServerImpl for group-A5BB6EB0946F:[] with ArithmeticStateMachine:uninitialized
2024-12-14 12:24:55,652 INFO  server.RaftServerConfigKeys (ConfUtils.java:logGet(46)) - raft.server.rpc.timeout.min = 300ms (custom)
2024-12-14 12:24:55,652 INFO  server.RaftServerConfigKeys (ConfUtils.java:logGet(46)) - raft.server.rpc.timeout.max = 600ms (custom)
2024-12-14 12:24:55,653 INFO  server.RaftServerConfigKeys (ConfUtils.java:logGet(46)) - raft.server.rpc.sleep.time = 25ms (default)
2024-12-14 12:24:55,653 INFO  server.RaftServerConfigKeys (ConfUtils.java:logGet(46)) - raft.server.rpc.slowness.timeout = 60s (default)
2024-12-14 12:24:55,653 INFO  server.RaftServerConfigKeys (ConfUtils.java:logGet(46)) - raft.server.leaderelection.leader.step-down.wait-time = 10s (default)
2024-12-14 12:24:55,653 INFO  server.RaftServerConfigKeys (ConfUtils.java:logGet(46)) - raft.server.leaderelection.member.majority-add = false (default)
2024-12-14 12:24:55,653 INFO  server.RaftServerConfigKeys (ConfUtils.java:logGet(46)) - raft.server.sleep.deviation.threshold = 300ms (default)
2024-12-14 12:24:55,653 INFO  server.RaftServer$Division (ServerState.java:<init>(114)) - s3@group-A5BB6EB0946F: ConfigurationManager, init=conf: {index: -1, cur=peers:[]|listeners:[], old=null}, confs=<EMPTY_MAP>
2024-12-14 12:24:55,653 INFO  server.RaftServerConfigKeys (ConfUtils.java:logGet(46)) - raft.server.notification.no-leader.timeout = 60s (default)
2024-12-14 12:24:55,653 INFO  server.RaftServerConfigKeys (ConfUtils.java:logGet(46)) - raft.server.read.timeout = 10s (default)
2024-12-14 12:24:55,653 INFO  server.RaftServerConfigKeys (ConfUtils.java:logGet(46)) - raft.server.retrycache.expirytime = 60s (default)
2024-12-14 12:24:55,653 INFO  server.RaftServerConfigKeys (ConfUtils.java:logGet(46)) - raft.server.retrycache.statistics.expirytime = 100ms (default)
2024-12-14 12:24:55,653 INFO  server.RaftServerConfigKeys (ConfUtils.java:logGet(46)) - raft.server.read.option = DEFAULT (default)
2024-12-14 12:24:55,653 INFO  server.RaftServerConfigKeys (ConfUtils.java:logGet(46)) - raft.server.read.read-after-write-consistent.write-index-cache.expiry-time = 60s (default)
2024-12-14 12:24:55,654 INFO  server.RaftServerConfigKeys (ConfUtils.java:logGet(46)) - raft.server.rpc.request.timeout = 3000ms (default)
2024-12-14 12:24:55,654 INFO  server.RaftServerConfigKeys (ConfUtils.java:logGet(46)) - raft.server.log.appender.install.snapshot.enabled = true (default)
2024-12-14 12:24:55,654 INFO  server.RaftServerConfigKeys (ConfUtils.java:logGet(46)) - raft.server.threadpool.server.cached = true (default)
2024-12-14 12:24:55,655 INFO  server.RaftServerConfigKeys (ConfUtils.java:logGet(46)) - raft.server.threadpool.server.size = 0 (default)
2024-12-14 12:24:55,655 INFO  server.RaftServerConfigKeys (ConfUtils.java:logGet(46)) - raft.server.threadpool.client.cached = true (default)
2024-12-14 12:24:55,655 INFO  server.RaftServerConfigKeys (ConfUtils.java:logGet(46)) - raft.server.threadpool.client.size = 0 (default)
2024-12-14 12:24:55,655 INFO  server.RaftServerConfigKeys (ConfUtils.java:logGet(46)) - raft.server.storage.free-space.min = 0MB (=0) (default)
2024-12-14 12:24:55,655 INFO  server.RaftServerConfigKeys (ConfUtils.java:logGet(46)) - raft.server.log.corruption.policy = EXCEPTION (default)
2024-12-14 12:24:55,655 INFO  server.RaftServerConfigKeys (ConfUtils.java:logGet(46)) - raft.server.storage.dir = [/home/runner/work/ratis/ratis/ratis-examples/target/test/data/da5193cb/MiniRaftClusterWithGrpca0a5e6cd/s3] (custom)
2024-12-14 12:24:55,655 INFO  storage.RaftStorageDirectory (RaftStorageDirectoryImpl.java:analyzeStorage(138)) - The storage directory /home/runner/work/ratis/ratis/ratis-examples/target/test/data/da5193cb/MiniRaftClusterWithGrpca0a5e6cd/s3/86d75030-f160-4ccc-af34-a5bb6eb0946f does not exist. Creating ...
2024-12-14 12:24:55,655 TRACE util.FileUtils (LogUtils.java:runAndLog(49)) - Successfully ran Files.createDirectories /home/runner/work/ratis/ratis/ratis-examples/target/test/data/da5193cb/MiniRaftClusterWithGrpca0a5e6cd/s3/86d75030-f160-4ccc-af34-a5bb6eb0946f
2024-12-14 12:24:55,656 INFO  storage.RaftStorageDirectory (RaftStorageDirectoryImpl.java:tryLock(229)) - Lock on /home/runner/work/ratis/ratis/ratis-examples/target/test/data/da5193cb/MiniRaftClusterWithGrpca0a5e6cd/s3/86d75030-f160-4ccc-af34-a5bb6eb0946f/in_use.lock acquired by nodename 14700@fv-az733-880
2024-12-14 12:24:55,656 TRACE util.FileUtils (LogUtils.java:runAndLog(49)) - Successfully ran Files.createDirectories /home/runner/work/ratis/ratis/ratis-examples/target/test/data/da5193cb/MiniRaftClusterWithGrpca0a5e6cd/s3/86d75030-f160-4ccc-af34-a5bb6eb0946f/current
2024-12-14 12:24:55,656 TRACE util.FileUtils (LogUtils.java:runAndLog(49)) - Successfully ran Files.createDirectories /home/runner/work/ratis/ratis/ratis-examples/target/test/data/da5193cb/MiniRaftClusterWithGrpca0a5e6cd/s3/86d75030-f160-4ccc-af34-a5bb6eb0946f/sm
2024-12-14 12:24:55,656 TRACE util.FileUtils (LogUtils.java:supplyAndLog(69)) - Successfully supplied FileChannel.open /home/runner/work/ratis/ratis/ratis-examples/target/test/data/da5193cb/MiniRaftClusterWithGrpca0a5e6cd/s3/86d75030-f160-4ccc-af34-a5bb6eb0946f/current/raft-meta.tmp with options [CREATE, WRITE]: sun.nio.ch.FileChannelImpl@af4088a
2024-12-14 12:24:55,657 TRACE util.FileUtils (LogUtils.java:runAndLog(49)) - Successfully ran Atomic Files.move /home/runner/work/ratis/ratis/ratis-examples/target/test/data/da5193cb/MiniRaftClusterWithGrpca0a5e6cd/s3/86d75030-f160-4ccc-af34-a5bb6eb0946f/current/raft-meta.tmp to /home/runner/work/ratis/ratis/ratis-examples/target/test/data/da5193cb/MiniRaftClusterWithGrpca0a5e6cd/s3/86d75030-f160-4ccc-af34-a5bb6eb0946f/current/raft-meta with options [REPLACE_EXISTING]
2024-12-14 12:24:55,657 INFO  storage.RaftStorage (RaftStorageImpl.java:format(98)) - Storage directory /home/runner/work/ratis/ratis/ratis-examples/target/test/data/da5193cb/MiniRaftClusterWithGrpca0a5e6cd/s3/86d75030-f160-4ccc-af34-a5bb6eb0946f has been successfully formatted.
2024-12-14 12:24:55,658 WARN  statemachine.StateMachine (ArithmeticStateMachine.java:loadSnapshot(115)) - The snapshot info is null.
2024-12-14 12:24:55,658 INFO  server.RaftServerConfigKeys (ConfUtils.java:logGet(46)) - raft.server.log.use.memory = false (default)
2024-12-14 12:24:55,658 INFO  server.RaftServerConfigKeys (ConfUtils.java:logGet(46)) - raft.server.log.purge.gap = 1024 (default)
2024-12-14 12:24:55,658 INFO  server.RaftServerConfigKeys (ConfUtils.java:logGet(46)) - raft.server.log.appender.buffer.byte-limit = 4MB (=4194304) (default)
2024-12-14 12:24:55,658 INFO  server.RaftServerConfigKeys (ConfUtils.java:logGet(46)) - raft.server.log.statemachine.data.read.timeout = 1000ms (default)
2024-12-14 12:24:55,658 INFO  server.RaftServerConfigKeys (ConfUtils.java:logGet(46)) - raft.server.log.purge.preservation.log.num = 0 (default)
2024-12-14 12:24:55,658 INFO  server.RaftServerConfigKeys (ConfUtils.java:logGet(46)) - raft.server.log.segment.size.max = 32MB (=33554432) (default)
2024-12-14 12:24:55,658 INFO  server.RaftServerConfigKeys (ConfUtils.java:logGet(46)) - raft.server.log.segment.cache.num.max = 6 (default)
2024-12-14 12:24:55,659 INFO  server.RaftServerConfigKeys (ConfUtils.java:logGet(46)) - raft.server.log.segment.cache.size.max = 200MB (=209715200) (default)
2024-12-14 12:24:55,659 INFO  server.RaftServerConfigKeys (ConfUtils.java:logGet(46)) - raft.server.log.appender.buffer.byte-limit = 4MB (=4194304) (default)
2024-12-14 12:24:55,661 INFO  util.AwaitToRun (AwaitToRun.java:start(81)) - Thread[s3@group-A5BB6EB0946F-cacheEviction-AwaitToRun,5,main] started
2024-12-14 12:24:55,661 INFO  segmented.SegmentedRaftLogWorker (SegmentedRaftLogWorker.java:<init>(189)) - new s3@group-A5BB6EB0946F-SegmentedRaftLogWorker for RaftStorageImpl:Storage Directory /home/runner/work/ratis/ratis/ratis-examples/target/test/data/da5193cb/MiniRaftClusterWithGrpca0a5e6cd/s3/86d75030-f160-4ccc-af34-a5bb6eb0946f
2024-12-14 12:24:55,661 INFO  server.RaftServerConfigKeys (ConfUtils.java:logGet(46)) - raft.server.log.queue.byte-limit = 64MB (=67108864) (default)
2024-12-14 12:24:55,661 INFO  server.RaftServerConfigKeys (ConfUtils.java:logGet(46)) - raft.server.log.queue.element-limit = 4096 (default)
2024-12-14 12:24:55,661 INFO  server.RaftServerConfigKeys (ConfUtils.java:logGet(46)) - raft.server.log.segment.size.max = 32MB (=33554432) (default)
2024-12-14 12:24:55,661 INFO  server.RaftServerConfigKeys (ConfUtils.java:logGet(46)) - raft.server.log.preallocated.size = 4MB (=4194304) (default)
2024-12-14 12:24:55,661 INFO  server.RaftServerConfigKeys (ConfUtils.java:logGet(46)) - raft.server.log.force.sync.num = 128 (default)
2024-12-14 12:24:55,661 INFO  server.RaftServerConfigKeys (ConfUtils.java:logGet(46)) - raft.server.log.statemachine.data.sync = true (default)
2024-12-14 12:24:55,661 INFO  server.RaftServerConfigKeys (ConfUtils.java:logGet(46)) - raft.server.log.statemachine.data.sync.timeout = 10s (default)
2024-12-14 12:24:55,661 INFO  server.RaftServerConfigKeys (ConfUtils.java:logGet(46)) - raft.server.log.statemachine.data.sync.timeout.retry = -1 (default)
2024-12-14 12:24:55,661 INFO  server.RaftServerConfigKeys (ConfUtils.java:logGet(46)) - raft.server.log.write.buffer.size = 8MB (=8388608) (default)
2024-12-14 12:24:55,662 INFO  server.RaftServerConfigKeys (ConfUtils.java:logGet(46)) - raft.server.log.appender.buffer.byte-limit = 4MB (=4194304) (default)
2024-12-14 12:24:55,662 INFO  server.RaftServerConfigKeys (ConfUtils.java:logGet(46)) - raft.server.log.unsafe-flush.enabled = false (default)
2024-12-14 12:24:55,662 INFO  server.RaftServerConfigKeys (ConfUtils.java:logGet(46)) - raft.server.log.async-flush.enabled = false (default)
2024-12-14 12:24:55,662 INFO  server.RaftServerConfigKeys (ConfUtils.java:logGet(46)) - raft.server.log.statemachine.data.caching.enabled = false (default)
2024-12-14 12:24:55,662 INFO  segmented.SegmentedRaftLogWorker (SegmentedRaftLogWorker.java:lambda$new$0(140)) - s3@group-A5BB6EB0946F-SegmentedRaftLogWorker: flushIndex: setUnconditionally 0 -> -1
2024-12-14 12:24:55,662 INFO  segmented.SegmentedRaftLogWorker (SegmentedRaftLogWorker.java:lambda$new$0(140)) - s3@group-A5BB6EB0946F-SegmentedRaftLogWorker: safeCacheEvictIndex: setUnconditionally 0 -> -1
2024-12-14 12:24:55,662 INFO  server.RaftServer$Division (RaftServerImpl.java:start(398)) - s3@group-A5BB6EB0946F: start with initializing state, conf=conf: {index: -1, cur=peers:[]|listeners:[], old=null}
2024-12-14 12:24:55,662 INFO  server.RaftServer$Division (RaftServerImpl.java:setRole(379)) - s3@group-A5BB6EB0946F: changes role from      null to FOLLOWER at term 0 for start
2024-12-14 12:24:55,663 INFO  util.JmxRegister (JmxRegister.java:tryRegister(44)) - Successfully registered JMX Bean with object name Ratis:service=RaftServer,group=group-A5BB6EB0946F,id=s3
2024-12-14 12:24:55,663 INFO  util.JmxRegister (JmxRegister.java:register(58)) - register mxBean class org.apache.ratis.server.impl.RaftServerJmxAdapter as Ratis:service=RaftServer,group=group-A5BB6EB0946F,id=s3
2024-12-14 12:24:55,663 INFO  server.RaftServerConfigKeys (ConfUtils.java:logGet(46)) - raft.server.snapshot.trigger-when-stop.enabled = true (default)
2024-12-14 12:24:55,663 INFO  server.RaftServerConfigKeys (ConfUtils.java:logGet(46)) - raft.server.snapshot.trigger-when-remove.enabled = true (default)
2024-12-14 12:24:55,663 INFO  server.RaftServerConfigKeys (ConfUtils.java:logGet(46)) - raft.server.snapshot.auto.trigger.enabled = false (default)
2024-12-14 12:24:55,663 INFO  server.RaftServerConfigKeys (ConfUtils.java:logGet(46)) - raft.server.snapshot.retention.file.num = -1 (default)
2024-12-14 12:24:55,663 INFO  server.RaftServerConfigKeys (ConfUtils.java:logGet(46)) - raft.server.log.purge.upto.snapshot.index = false (default)
2024-12-14 12:24:55,663 INFO  server.RaftServer$Division (RaftServerImpl.java:start(406)) - s3@group-A5BB6EB0946F: Successfully started.
2024-12-14 12:24:55,674 INFO  server.RaftServer (RaftServerProxy.java:addNew(101)) - s14: addNew group-A5BB6EB0946F:[] returns group-A5BB6EB0946F:java.util.concurrent.CompletableFuture@c379137[Not completed]
2024-12-14 12:24:55,675 INFO  server.RaftServer$Division (RaftServerImpl.java:<init>(256)) - s14: new RaftServerImpl for group-A5BB6EB0946F:[] with ArithmeticStateMachine:uninitialized
2024-12-14 12:24:55,675 INFO  server.RaftServerConfigKeys (ConfUtils.java:logGet(46)) - raft.server.rpc.timeout.min = 300ms (custom)
2024-12-14 12:24:55,675 INFO  server.RaftServerConfigKeys (ConfUtils.java:logGet(46)) - raft.server.rpc.timeout.max = 600ms (custom)
2024-12-14 12:24:55,675 INFO  server.RaftServerConfigKeys (ConfUtils.java:logGet(46)) - raft.server.rpc.sleep.time = 25ms (default)
2024-12-14 12:24:55,675 INFO  server.RaftServerConfigKeys (ConfUtils.java:logGet(46)) - raft.server.rpc.slowness.timeout = 60s (default)
2024-12-14 12:24:55,675 INFO  server.RaftServerConfigKeys (ConfUtils.java:logGet(46)) - raft.server.leaderelection.leader.step-down.wait-time = 10s (default)
2024-12-14 12:24:55,675 INFO  server.RaftServerConfigKeys (ConfUtils.java:logGet(46)) - raft.server.leaderelection.member.majority-add = false (default)
2024-12-14 12:24:55,675 INFO  server.RaftServerConfigKeys (ConfUtils.java:logGet(46)) - raft.server.sleep.deviation.threshold = 300ms (default)
2024-12-14 12:24:55,675 INFO  server.RaftServer$Division (ServerState.java:<init>(114)) - s14@group-A5BB6EB0946F: ConfigurationManager, init=conf: {index: -1, cur=peers:[]|listeners:[], old=null}, confs=<EMPTY_MAP>
2024-12-14 12:24:55,675 INFO  server.RaftServerConfigKeys (ConfUtils.java:logGet(46)) - raft.server.notification.no-leader.timeout = 60s (default)
2024-12-14 12:24:55,675 INFO  server.RaftServerConfigKeys (ConfUtils.java:logGet(46)) - raft.server.read.timeout = 10s (default)
2024-12-14 12:24:55,675 INFO  server.RaftServerConfigKeys (ConfUtils.java:logGet(46)) - raft.server.retrycache.expirytime = 60s (default)
2024-12-14 12:24:55,675 INFO  server.RaftServerConfigKeys (ConfUtils.java:logGet(46)) - raft.server.retrycache.statistics.expirytime = 100ms (default)
2024-12-14 12:24:55,676 INFO  server.RaftServerConfigKeys (ConfUtils.java:logGet(46)) - raft.server.read.option = DEFAULT (default)
2024-12-14 12:24:55,676 INFO  server.RaftServerConfigKeys (ConfUtils.java:logGet(46)) - raft.server.read.read-after-write-consistent.write-index-cache.expiry-time = 60s (default)
2024-12-14 12:24:55,676 INFO  server.RaftServerConfigKeys (ConfUtils.java:logGet(46)) - raft.server.rpc.request.timeout = 3000ms (default)
2024-12-14 12:24:55,677 INFO  server.RaftServerConfigKeys (ConfUtils.java:logGet(46)) - raft.server.log.appender.install.snapshot.enabled = true (default)
2024-12-14 12:24:55,677 INFO  server.RaftServerConfigKeys (ConfUtils.java:logGet(46)) - raft.server.threadpool.server.cached = true (default)
2024-12-14 12:24:55,677 INFO  server.RaftServerConfigKeys (ConfUtils.java:logGet(46)) - raft.server.threadpool.server.size = 0 (default)
2024-12-14 12:24:55,677 INFO  server.RaftServerConfigKeys (ConfUtils.java:logGet(46)) - raft.server.threadpool.client.cached = true (default)
2024-12-14 12:24:55,677 INFO  server.RaftServerConfigKeys (ConfUtils.java:logGet(46)) - raft.server.threadpool.client.size = 0 (default)
2024-12-14 12:24:55,677 INFO  server.RaftServerConfigKeys (ConfUtils.java:logGet(46)) - raft.server.storage.free-space.min = 0MB (=0) (default)
2024-12-14 12:24:55,677 INFO  server.RaftServerConfigKeys (ConfUtils.java:logGet(46)) - raft.server.log.corruption.policy = EXCEPTION (default)
2024-12-14 12:24:55,677 INFO  server.RaftServerConfigKeys (ConfUtils.java:logGet(46)) - raft.server.storage.dir = [/home/runner/work/ratis/ratis/ratis-examples/target/test/data/da5193cb/MiniRaftClusterWithGrpca0a5e6cd/s14] (custom)
2024-12-14 12:24:55,677 INFO  storage.RaftStorageDirectory (RaftStorageDirectoryImpl.java:analyzeStorage(138)) - The storage directory /home/runner/work/ratis/ratis/ratis-examples/target/test/data/da5193cb/MiniRaftClusterWithGrpca0a5e6cd/s14/86d75030-f160-4ccc-af34-a5bb6eb0946f does not exist. Creating ...
2024-12-14 12:24:55,677 TRACE util.FileUtils (LogUtils.java:runAndLog(49)) - Successfully ran Files.createDirectories /home/runner/work/ratis/ratis/ratis-examples/target/test/data/da5193cb/MiniRaftClusterWithGrpca0a5e6cd/s14/86d75030-f160-4ccc-af34-a5bb6eb0946f
2024-12-14 12:24:55,678 INFO  storage.RaftStorageDirectory (RaftStorageDirectoryImpl.java:tryLock(229)) - Lock on /home/runner/work/ratis/ratis/ratis-examples/target/test/data/da5193cb/MiniRaftClusterWithGrpca0a5e6cd/s14/86d75030-f160-4ccc-af34-a5bb6eb0946f/in_use.lock acquired by nodename 14700@fv-az733-880
2024-12-14 12:24:55,678 TRACE util.FileUtils (LogUtils.java:runAndLog(49)) - Successfully ran Files.createDirectories /home/runner/work/ratis/ratis/ratis-examples/target/test/data/da5193cb/MiniRaftClusterWithGrpca0a5e6cd/s14/86d75030-f160-4ccc-af34-a5bb6eb0946f/current
2024-12-14 12:24:55,678 TRACE util.FileUtils (LogUtils.java:runAndLog(49)) - Successfully ran Files.createDirectories /home/runner/work/ratis/ratis/ratis-examples/target/test/data/da5193cb/MiniRaftClusterWithGrpca0a5e6cd/s14/86d75030-f160-4ccc-af34-a5bb6eb0946f/sm
2024-12-14 12:24:55,679 TRACE util.FileUtils (LogUtils.java:supplyAndLog(69)) - Successfully supplied FileChannel.open /home/runner/work/ratis/ratis/ratis-examples/target/test/data/da5193cb/MiniRaftClusterWithGrpca0a5e6cd/s14/86d75030-f160-4ccc-af34-a5bb6eb0946f/current/raft-meta.tmp with options [CREATE, WRITE]: sun.nio.ch.FileChannelImpl@2249a55c
2024-12-14 12:24:55,680 TRACE util.FileUtils (LogUtils.java:runAndLog(49)) - Successfully ran Atomic Files.move /home/runner/work/ratis/ratis/ratis-examples/target/test/data/da5193cb/MiniRaftClusterWithGrpca0a5e6cd/s14/86d75030-f160-4ccc-af34-a5bb6eb0946f/current/raft-meta.tmp to /home/runner/work/ratis/ratis/ratis-examples/target/test/data/da5193cb/MiniRaftClusterWithGrpca0a5e6cd/s14/86d75030-f160-4ccc-af34-a5bb6eb0946f/current/raft-meta with options [REPLACE_EXISTING]
2024-12-14 12:24:55,681 INFO  storage.RaftStorage (RaftStorageImpl.java:format(98)) - Storage directory /home/runner/work/ratis/ratis/ratis-examples/target/test/data/da5193cb/MiniRaftClusterWithGrpca0a5e6cd/s14/86d75030-f160-4ccc-af34-a5bb6eb0946f has been successfully formatted.
2024-12-14 12:24:55,681 WARN  statemachine.StateMachine (ArithmeticStateMachine.java:loadSnapshot(115)) - The snapshot info is null.
2024-12-14 12:24:55,681 INFO  server.RaftServerConfigKeys (ConfUtils.java:logGet(46)) - raft.server.log.use.memory = false (default)
2024-12-14 12:24:55,681 INFO  server.RaftServerConfigKeys (ConfUtils.java:logGet(46)) - raft.server.log.purge.gap = 1024 (default)
2024-12-14 12:24:55,681 INFO  server.RaftServerConfigKeys (ConfUtils.java:logGet(46)) - raft.server.log.appender.buffer.byte-limit = 4MB (=4194304) (default)
2024-12-14 12:24:55,681 INFO  server.RaftServerConfigKeys (ConfUtils.java:logGet(46)) - raft.server.log.statemachine.data.read.timeout = 1000ms (default)
2024-12-14 12:24:55,681 INFO  server.RaftServerConfigKeys (ConfUtils.java:logGet(46)) - raft.server.log.purge.preservation.log.num = 0 (default)
2024-12-14 12:24:55,682 INFO  server.RaftServerConfigKeys (ConfUtils.java:logGet(46)) - raft.server.log.segment.size.max = 32MB (=33554432) (default)
2024-12-14 12:24:55,682 INFO  server.RaftServerConfigKeys (ConfUtils.java:logGet(46)) - raft.server.log.segment.cache.num.max = 6 (default)
2024-12-14 12:24:55,682 INFO  server.RaftServerConfigKeys (ConfUtils.java:logGet(46)) - raft.server.log.segment.cache.size.max = 200MB (=209715200) (default)
2024-12-14 12:24:55,682 INFO  server.RaftServerConfigKeys (ConfUtils.java:logGet(46)) - raft.server.log.appender.buffer.byte-limit = 4MB (=4194304) (default)
2024-12-14 12:24:55,683 INFO  util.AwaitToRun (AwaitToRun.java:start(81)) - Thread[s14@group-A5BB6EB0946F-cacheEviction-AwaitToRun,5,main] started
2024-12-14 12:24:55,683 INFO  segmented.SegmentedRaftLogWorker (SegmentedRaftLogWorker.java:<init>(189)) - new s14@group-A5BB6EB0946F-SegmentedRaftLogWorker for RaftStorageImpl:Storage Directory /home/runner/work/ratis/ratis/ratis-examples/target/test/data/da5193cb/MiniRaftClusterWithGrpca0a5e6cd/s14/86d75030-f160-4ccc-af34-a5bb6eb0946f
2024-12-14 12:24:55,683 INFO  server.RaftServerConfigKeys (ConfUtils.java:logGet(46)) - raft.server.log.queue.byte-limit = 64MB (=67108864) (default)
2024-12-14 12:24:55,683 INFO  server.RaftServerConfigKeys (ConfUtils.java:logGet(46)) - raft.server.log.queue.element-limit = 4096 (default)
2024-12-14 12:24:55,683 INFO  server.RaftServerConfigKeys (ConfUtils.java:logGet(46)) - raft.server.log.segment.size.max = 32MB (=33554432) (default)
2024-12-14 12:24:55,684 INFO  server.RaftServerConfigKeys (ConfUtils.java:logGet(46)) - raft.server.log.preallocated.size = 4MB (=4194304) (default)
2024-12-14 12:24:55,684 INFO  server.RaftServerConfigKeys (ConfUtils.java:logGet(46)) - raft.server.log.force.sync.num = 128 (default)
2024-12-14 12:24:55,684 INFO  server.RaftServerConfigKeys (ConfUtils.java:logGet(46)) - raft.server.log.statemachine.data.sync = true (default)
2024-12-14 12:24:55,684 INFO  server.RaftServerConfigKeys (ConfUtils.java:logGet(46)) - raft.server.log.statemachine.data.sync.timeout = 10s (default)
2024-12-14 12:24:55,684 INFO  server.RaftServerConfigKeys (ConfUtils.java:logGet(46)) - raft.server.log.statemachine.data.sync.timeout.retry = -1 (default)
2024-12-14 12:24:55,684 INFO  server.RaftServerConfigKeys (ConfUtils.java:logGet(46)) - raft.server.log.write.buffer.size = 8MB (=8388608) (default)
2024-12-14 12:24:55,685 INFO  server.RaftServerConfigKeys (ConfUtils.java:logGet(46)) - raft.server.log.appender.buffer.byte-limit = 4MB (=4194304) (default)
2024-12-14 12:24:55,685 INFO  server.RaftServerConfigKeys (ConfUtils.java:logGet(46)) - raft.server.log.unsafe-flush.enabled = false (default)
2024-12-14 12:24:55,685 INFO  server.RaftServerConfigKeys (ConfUtils.java:logGet(46)) - raft.server.log.async-flush.enabled = false (default)
2024-12-14 12:24:55,685 INFO  server.RaftServerConfigKeys (ConfUtils.java:logGet(46)) - raft.server.log.statemachine.data.caching.enabled = false (default)
2024-12-14 12:24:55,685 INFO  segmented.SegmentedRaftLogWorker (SegmentedRaftLogWorker.java:lambda$new$0(140)) - s14@group-A5BB6EB0946F-SegmentedRaftLogWorker: flushIndex: setUnconditionally 0 -> -1
2024-12-14 12:24:55,685 INFO  segmented.SegmentedRaftLogWorker (SegmentedRaftLogWorker.java:lambda$new$0(140)) - s14@group-A5BB6EB0946F-SegmentedRaftLogWorker: safeCacheEvictIndex: setUnconditionally 0 -> -1
2024-12-14 12:24:55,685 INFO  server.RaftServer$Division (RaftServerImpl.java:start(398)) - s14@group-A5BB6EB0946F: start with initializing state, conf=conf: {index: -1, cur=peers:[]|listeners:[], old=null}
2024-12-14 12:24:55,686 INFO  server.RaftServer$Division (RaftServerImpl.java:setRole(379)) - s14@group-A5BB6EB0946F: changes role from      null to FOLLOWER at term 0 for start
2024-12-14 12:24:55,686 INFO  util.JmxRegister (JmxRegister.java:tryRegister(44)) - Successfully registered JMX Bean with object name Ratis:service=RaftServer,group=group-A5BB6EB0946F,id=s14
2024-12-14 12:24:55,686 INFO  util.JmxRegister (JmxRegister.java:register(58)) - register mxBean class org.apache.ratis.server.impl.RaftServerJmxAdapter as Ratis:service=RaftServer,group=group-A5BB6EB0946F,id=s14
2024-12-14 12:24:55,687 INFO  server.RaftServerConfigKeys (ConfUtils.java:logGet(46)) - raft.server.snapshot.trigger-when-stop.enabled = true (default)
2024-12-14 12:24:55,687 INFO  server.RaftServerConfigKeys (ConfUtils.java:logGet(46)) - raft.server.snapshot.trigger-when-remove.enabled = true (default)
2024-12-14 12:24:55,687 INFO  server.RaftServerConfigKeys (ConfUtils.java:logGet(46)) - raft.server.snapshot.auto.trigger.enabled = false (default)
2024-12-14 12:24:55,687 INFO  server.RaftServerConfigKeys (ConfUtils.java:logGet(46)) - raft.server.snapshot.retention.file.num = -1 (default)
2024-12-14 12:24:55,687 INFO  server.RaftServerConfigKeys (ConfUtils.java:logGet(46)) - raft.server.log.purge.upto.snapshot.index = false (default)
2024-12-14 12:24:55,687 INFO  server.RaftServer$Division (RaftServerImpl.java:start(406)) - s14@group-A5BB6EB0946F: Successfully started.
2024-12-14 12:24:55,703 INFO  server.RaftServer (RaftServerProxy.java:addNew(101)) - s2: addNew group-A5BB6EB0946F:[] returns group-A5BB6EB0946F:java.util.concurrent.CompletableFuture@415b5bcf[Not completed]
2024-12-14 12:24:55,703 INFO  server.RaftServer$Division (RaftServerImpl.java:<init>(256)) - s2: new RaftServerImpl for group-A5BB6EB0946F:[] with ArithmeticStateMachine:uninitialized
2024-12-14 12:24:55,703 INFO  server.RaftServerConfigKeys (ConfUtils.java:logGet(46)) - raft.server.rpc.timeout.min = 300ms (custom)
2024-12-14 12:24:55,703 INFO  server.RaftServerConfigKeys (ConfUtils.java:logGet(46)) - raft.server.rpc.timeout.max = 600ms (custom)
2024-12-14 12:24:55,703 INFO  server.RaftServerConfigKeys (ConfUtils.java:logGet(46)) - raft.server.rpc.sleep.time = 25ms (default)
2024-12-14 12:24:55,703 INFO  server.RaftServerConfigKeys (ConfUtils.java:logGet(46)) - raft.server.rpc.slowness.timeout = 60s (default)
2024-12-14 12:24:55,703 INFO  server.RaftServerConfigKeys (ConfUtils.java:logGet(46)) - raft.server.leaderelection.leader.step-down.wait-time = 10s (default)
2024-12-14 12:24:55,703 INFO  server.RaftServerConfigKeys (ConfUtils.java:logGet(46)) - raft.server.leaderelection.member.majority-add = false (default)
2024-12-14 12:24:55,703 INFO  server.RaftServerConfigKeys (ConfUtils.java:logGet(46)) - raft.server.sleep.deviation.threshold = 300ms (default)
2024-12-14 12:24:55,703 INFO  server.RaftServer$Division (ServerState.java:<init>(114)) - s2@group-A5BB6EB0946F: ConfigurationManager, init=conf: {index: -1, cur=peers:[]|listeners:[], old=null}, confs=<EMPTY_MAP>
2024-12-14 12:24:55,703 INFO  server.RaftServerConfigKeys (ConfUtils.java:logGet(46)) - raft.server.notification.no-leader.timeout = 60s (default)
2024-12-14 12:24:55,704 INFO  server.RaftServerConfigKeys (ConfUtils.java:logGet(46)) - raft.server.read.timeout = 10s (default)
2024-12-14 12:24:55,704 INFO  server.RaftServerConfigKeys (ConfUtils.java:logGet(46)) - raft.server.retrycache.expirytime = 60s (default)
2024-12-14 12:24:55,704 INFO  server.RaftServerConfigKeys (ConfUtils.java:logGet(46)) - raft.server.retrycache.statistics.expirytime = 100ms (default)
2024-12-14 12:24:55,704 INFO  server.RaftServerConfigKeys (ConfUtils.java:logGet(46)) - raft.server.read.option = DEFAULT (default)
2024-12-14 12:24:55,704 INFO  server.RaftServerConfigKeys (ConfUtils.java:logGet(46)) - raft.server.read.read-after-write-consistent.write-index-cache.expiry-time = 60s (default)
2024-12-14 12:24:55,709 INFO  server.RaftServerConfigKeys (ConfUtils.java:logGet(46)) - raft.server.rpc.request.timeout = 3000ms (default)
2024-12-14 12:24:55,709 INFO  server.RaftServerConfigKeys (ConfUtils.java:logGet(46)) - raft.server.log.appender.install.snapshot.enabled = true (default)
2024-12-14 12:24:55,709 INFO  server.RaftServerConfigKeys (ConfUtils.java:logGet(46)) - raft.server.threadpool.server.cached = true (default)
2024-12-14 12:24:55,709 INFO  server.RaftServerConfigKeys (ConfUtils.java:logGet(46)) - raft.server.threadpool.server.size = 0 (default)
2024-12-14 12:24:55,709 INFO  server.RaftServerConfigKeys (ConfUtils.java:logGet(46)) - raft.server.threadpool.client.cached = true (default)
2024-12-14 12:24:55,709 INFO  server.RaftServerConfigKeys (ConfUtils.java:logGet(46)) - raft.server.threadpool.client.size = 0 (default)
2024-12-14 12:24:55,709 INFO  server.RaftServerConfigKeys (ConfUtils.java:logGet(46)) - raft.server.storage.free-space.min = 0MB (=0) (default)
2024-12-14 12:24:55,709 INFO  server.RaftServerConfigKeys (ConfUtils.java:logGet(46)) - raft.server.log.corruption.policy = EXCEPTION (default)
2024-12-14 12:24:55,709 INFO  server.RaftServerConfigKeys (ConfUtils.java:logGet(46)) - raft.server.storage.dir = [/home/runner/work/ratis/ratis/ratis-examples/target/test/data/da5193cb/MiniRaftClusterWithGrpca0a5e6cd/s2] (custom)
2024-12-14 12:24:55,710 INFO  storage.RaftStorageDirectory (RaftStorageDirectoryImpl.java:analyzeStorage(138)) - The storage directory /home/runner/work/ratis/ratis/ratis-examples/target/test/data/da5193cb/MiniRaftClusterWithGrpca0a5e6cd/s2/86d75030-f160-4ccc-af34-a5bb6eb0946f does not exist. Creating ...
2024-12-14 12:24:55,710 TRACE util.FileUtils (LogUtils.java:runAndLog(49)) - Successfully ran Files.createDirectories /home/runner/work/ratis/ratis/ratis-examples/target/test/data/da5193cb/MiniRaftClusterWithGrpca0a5e6cd/s2/86d75030-f160-4ccc-af34-a5bb6eb0946f
2024-12-14 12:24:55,711 INFO  storage.RaftStorageDirectory (RaftStorageDirectoryImpl.java:tryLock(229)) - Lock on /home/runner/work/ratis/ratis/ratis-examples/target/test/data/da5193cb/MiniRaftClusterWithGrpca0a5e6cd/s2/86d75030-f160-4ccc-af34-a5bb6eb0946f/in_use.lock acquired by nodename 14700@fv-az733-880
2024-12-14 12:24:55,711 TRACE util.FileUtils (LogUtils.java:runAndLog(49)) - Successfully ran Files.createDirectories /home/runner/work/ratis/ratis/ratis-examples/target/test/data/da5193cb/MiniRaftClusterWithGrpca0a5e6cd/s2/86d75030-f160-4ccc-af34-a5bb6eb0946f/current
2024-12-14 12:24:55,711 TRACE util.FileUtils (LogUtils.java:runAndLog(49)) - Successfully ran Files.createDirectories /home/runner/work/ratis/ratis/ratis-examples/target/test/data/da5193cb/MiniRaftClusterWithGrpca0a5e6cd/s2/86d75030-f160-4ccc-af34-a5bb6eb0946f/sm
2024-12-14 12:24:55,711 TRACE util.FileUtils (LogUtils.java:supplyAndLog(69)) - Successfully supplied FileChannel.open /home/runner/work/ratis/ratis/ratis-examples/target/test/data/da5193cb/MiniRaftClusterWithGrpca0a5e6cd/s2/86d75030-f160-4ccc-af34-a5bb6eb0946f/current/raft-meta.tmp with options [CREATE, WRITE]: sun.nio.ch.FileChannelImpl@32c1ce1
2024-12-14 12:24:55,712 TRACE util.FileUtils (LogUtils.java:runAndLog(49)) - Successfully ran Atomic Files.move /home/runner/work/ratis/ratis/ratis-examples/target/test/data/da5193cb/MiniRaftClusterWithGrpca0a5e6cd/s2/86d75030-f160-4ccc-af34-a5bb6eb0946f/current/raft-meta.tmp to /home/runner/work/ratis/ratis/ratis-examples/target/test/data/da5193cb/MiniRaftClusterWithGrpca0a5e6cd/s2/86d75030-f160-4ccc-af34-a5bb6eb0946f/current/raft-meta with options [REPLACE_EXISTING]
2024-12-14 12:24:55,712 INFO  storage.RaftStorage (RaftStorageImpl.java:format(98)) - Storage directory /home/runner/work/ratis/ratis/ratis-examples/target/test/data/da5193cb/MiniRaftClusterWithGrpca0a5e6cd/s2/86d75030-f160-4ccc-af34-a5bb6eb0946f has been successfully formatted.
2024-12-14 12:24:55,712 WARN  statemachine.StateMachine (ArithmeticStateMachine.java:loadSnapshot(115)) - The snapshot info is null.
2024-12-14 12:24:55,712 INFO  server.RaftServerConfigKeys (ConfUtils.java:logGet(46)) - raft.server.log.use.memory = false (default)
2024-12-14 12:24:55,712 INFO  server.RaftServerConfigKeys (ConfUtils.java:logGet(46)) - raft.server.log.purge.gap = 1024 (default)
2024-12-14 12:24:55,712 INFO  server.RaftServerConfigKeys (ConfUtils.java:logGet(46)) - raft.server.log.appender.buffer.byte-limit = 4MB (=4194304) (default)
2024-12-14 12:24:55,713 INFO  server.RaftServerConfigKeys (ConfUtils.java:logGet(46)) - raft.server.log.statemachine.data.read.timeout = 1000ms (default)
2024-12-14 12:24:55,713 INFO  server.RaftServerConfigKeys (ConfUtils.java:logGet(46)) - raft.server.log.purge.preservation.log.num = 0 (default)
2024-12-14 12:24:55,713 INFO  server.RaftServerConfigKeys (ConfUtils.java:logGet(46)) - raft.server.log.segment.size.max = 32MB (=33554432) (default)
2024-12-14 12:24:55,713 INFO  server.RaftServerConfigKeys (ConfUtils.java:logGet(46)) - raft.server.log.segment.cache.num.max = 6 (default)
2024-12-14 12:24:55,713 INFO  server.RaftServerConfigKeys (ConfUtils.java:logGet(46)) - raft.server.log.segment.cache.size.max = 200MB (=209715200) (default)
2024-12-14 12:24:55,713 INFO  server.RaftServerConfigKeys (ConfUtils.java:logGet(46)) - raft.server.log.appender.buffer.byte-limit = 4MB (=4194304) (default)
2024-12-14 12:24:55,713 INFO  util.AwaitToRun (AwaitToRun.java:start(81)) - Thread[s2@group-A5BB6EB0946F-cacheEviction-AwaitToRun,5,main] started
2024-12-14 12:24:55,713 INFO  segmented.SegmentedRaftLogWorker (SegmentedRaftLogWorker.java:<init>(189)) - new s2@group-A5BB6EB0946F-SegmentedRaftLogWorker for RaftStorageImpl:Storage Directory /home/runner/work/ratis/ratis/ratis-examples/target/test/data/da5193cb/MiniRaftClusterWithGrpca0a5e6cd/s2/86d75030-f160-4ccc-af34-a5bb6eb0946f
2024-12-14 12:24:55,713 INFO  server.RaftServerConfigKeys (ConfUtils.java:logGet(46)) - raft.server.log.queue.byte-limit = 64MB (=67108864) (default)
2024-12-14 12:24:55,713 INFO  server.RaftServerConfigKeys (ConfUtils.java:logGet(46)) - raft.server.log.queue.element-limit = 4096 (default)
2024-12-14 12:24:55,713 INFO  server.RaftServerConfigKeys (ConfUtils.java:logGet(46)) - raft.server.log.segment.size.max = 32MB (=33554432) (default)
2024-12-14 12:24:55,714 INFO  server.RaftServerConfigKeys (ConfUtils.java:logGet(46)) - raft.server.log.preallocated.size = 4MB (=4194304) (default)
2024-12-14 12:24:55,714 INFO  server.RaftServerConfigKeys (ConfUtils.java:logGet(46)) - raft.server.log.force.sync.num = 128 (default)
2024-12-14 12:24:55,714 INFO  server.RaftServerConfigKeys (ConfUtils.java:logGet(46)) - raft.server.log.statemachine.data.sync = true (default)
2024-12-14 12:24:55,714 INFO  server.RaftServerConfigKeys (ConfUtils.java:logGet(46)) - raft.server.log.statemachine.data.sync.timeout = 10s (default)
2024-12-14 12:24:55,714 INFO  server.RaftServerConfigKeys (ConfUtils.java:logGet(46)) - raft.server.log.statemachine.data.sync.timeout.retry = -1 (default)
2024-12-14 12:24:55,714 INFO  server.RaftServerConfigKeys (ConfUtils.java:logGet(46)) - raft.server.log.write.buffer.size = 8MB (=8388608) (default)
2024-12-14 12:24:55,714 INFO  server.RaftServerConfigKeys (ConfUtils.java:logGet(46)) - raft.server.log.appender.buffer.byte-limit = 4MB (=4194304) (default)
2024-12-14 12:24:55,714 INFO  server.RaftServerConfigKeys (ConfUtils.java:logGet(46)) - raft.server.log.unsafe-flush.enabled = false (default)
2024-12-14 12:24:55,715 INFO  server.RaftServerConfigKeys (ConfUtils.java:logGet(46)) - raft.server.log.async-flush.enabled = false (default)
2024-12-14 12:24:55,715 INFO  server.RaftServerConfigKeys (ConfUtils.java:logGet(46)) - raft.server.log.statemachine.data.caching.enabled = false (default)
2024-12-14 12:24:55,715 INFO  segmented.SegmentedRaftLogWorker (SegmentedRaftLogWorker.java:lambda$new$0(140)) - s2@group-A5BB6EB0946F-SegmentedRaftLogWorker: flushIndex: setUnconditionally 0 -> -1
2024-12-14 12:24:55,715 INFO  segmented.SegmentedRaftLogWorker (SegmentedRaftLogWorker.java:lambda$new$0(140)) - s2@group-A5BB6EB0946F-SegmentedRaftLogWorker: safeCacheEvictIndex: setUnconditionally 0 -> -1
2024-12-14 12:24:55,715 INFO  server.RaftServer$Division (RaftServerImpl.java:start(398)) - s2@group-A5BB6EB0946F: start with initializing state, conf=conf: {index: -1, cur=peers:[]|listeners:[], old=null}
2024-12-14 12:24:55,715 INFO  server.RaftServer$Division (RaftServerImpl.java:setRole(379)) - s2@group-A5BB6EB0946F: changes role from      null to FOLLOWER at term 0 for start
2024-12-14 12:24:55,715 INFO  util.JmxRegister (JmxRegister.java:tryRegister(44)) - Successfully registered JMX Bean with object name Ratis:service=RaftServer,group=group-A5BB6EB0946F,id=s2
2024-12-14 12:24:55,715 INFO  util.JmxRegister (JmxRegister.java:register(58)) - register mxBean class org.apache.ratis.server.impl.RaftServerJmxAdapter as Ratis:service=RaftServer,group=group-A5BB6EB0946F,id=s2
2024-12-14 12:24:55,715 INFO  server.RaftServerConfigKeys (ConfUtils.java:logGet(46)) - raft.server.snapshot.trigger-when-stop.enabled = true (default)
2024-12-14 12:24:55,715 INFO  server.RaftServerConfigKeys (ConfUtils.java:logGet(46)) - raft.server.snapshot.trigger-when-remove.enabled = true (default)
2024-12-14 12:24:55,715 INFO  server.RaftServerConfigKeys (ConfUtils.java:logGet(46)) - raft.server.snapshot.auto.trigger.enabled = false (default)
2024-12-14 12:24:55,715 INFO  server.RaftServerConfigKeys (ConfUtils.java:logGet(46)) - raft.server.snapshot.retention.file.num = -1 (default)
2024-12-14 12:24:55,716 INFO  server.RaftServerConfigKeys (ConfUtils.java:logGet(46)) - raft.server.log.purge.upto.snapshot.index = false (default)
2024-12-14 12:24:55,716 INFO  server.RaftServer$Division (RaftServerImpl.java:start(406)) - s2@group-A5BB6EB0946F: Successfully started.
2024-12-14 12:24:55,722 INFO  impl.GroupManagementBaseTest (GroupManagementBaseTest.java:runMultiGroupTest(322)) - 4) groupAdd: printing group-2C18EF48B090
2024-12-14 12:24:55,727 INFO  server.RaftServer (RaftServerProxy.java:addNew(101)) - s7: addNew group-A5BB6EB0946F:[] returns group-A5BB6EB0946F:java.util.concurrent.CompletableFuture@6fa19b88[Not completed]
2024-12-14 12:24:55,727 INFO  server.RaftServer$Division (RaftServerImpl.java:<init>(256)) - s7: new RaftServerImpl for group-A5BB6EB0946F:[] with ArithmeticStateMachine:uninitialized
2024-12-14 12:24:55,727 INFO  server.RaftServerConfigKeys (ConfUtils.java:logGet(46)) - raft.server.rpc.timeout.min = 300ms (custom)
2024-12-14 12:24:55,727 INFO  server.RaftServerConfigKeys (ConfUtils.java:logGet(46)) - raft.server.rpc.timeout.max = 600ms (custom)
2024-12-14 12:24:55,727 INFO  server.RaftServerConfigKeys (ConfUtils.java:logGet(46)) - raft.server.rpc.sleep.time = 25ms (default)
2024-12-14 12:24:55,727 INFO  server.RaftServerConfigKeys (ConfUtils.java:logGet(46)) - raft.server.rpc.slowness.timeout = 60s (default)
2024-12-14 12:24:55,727 INFO  server.RaftServerConfigKeys (ConfUtils.java:logGet(46)) - raft.server.leaderelection.leader.step-down.wait-time = 10s (default)
2024-12-14 12:24:55,727 INFO  server.RaftServerConfigKeys (ConfUtils.java:logGet(46)) - raft.server.leaderelection.member.majority-add = false (default)
2024-12-14 12:24:55,727 INFO  server.RaftServerConfigKeys (ConfUtils.java:logGet(46)) - raft.server.sleep.deviation.threshold = 300ms (default)
2024-12-14 12:24:55,728 INFO  server.RaftServer$Division (ServerState.java:<init>(114)) - s7@group-A5BB6EB0946F: ConfigurationManager, init=conf: {index: -1, cur=peers:[]|listeners:[], old=null}, confs=<EMPTY_MAP>
2024-12-14 12:24:55,728 INFO  server.RaftServerConfigKeys (ConfUtils.java:logGet(46)) - raft.server.notification.no-leader.timeout = 60s (default)
2024-12-14 12:24:55,728 INFO  server.RaftServerConfigKeys (ConfUtils.java:logGet(46)) - raft.server.read.timeout = 10s (default)
2024-12-14 12:24:55,728 INFO  server.RaftServerConfigKeys (ConfUtils.java:logGet(46)) - raft.server.retrycache.expirytime = 60s (default)
2024-12-14 12:24:55,728 INFO  server.RaftServerConfigKeys (ConfUtils.java:logGet(46)) - raft.server.retrycache.statistics.expirytime = 100ms (default)
2024-12-14 12:24:55,728 INFO  server.RaftServerConfigKeys (ConfUtils.java:logGet(46)) - raft.server.read.option = DEFAULT (default)
2024-12-14 12:24:55,728 INFO  server.RaftServerConfigKeys (ConfUtils.java:logGet(46)) - raft.server.read.read-after-write-consistent.write-index-cache.expiry-time = 60s (default)
2024-12-14 12:24:55,729 INFO  server.RaftServerConfigKeys (ConfUtils.java:logGet(46)) - raft.server.rpc.request.timeout = 3000ms (default)
2024-12-14 12:24:55,729 INFO  server.RaftServerConfigKeys (ConfUtils.java:logGet(46)) - raft.server.log.appender.install.snapshot.enabled = true (default)
2024-12-14 12:24:55,729 INFO  server.RaftServerConfigKeys (ConfUtils.java:logGet(46)) - raft.server.threadpool.server.cached = true (default)
2024-12-14 12:24:55,729 INFO  server.RaftServerConfigKeys (ConfUtils.java:logGet(46)) - raft.server.threadpool.server.size = 0 (default)
2024-12-14 12:24:55,729 INFO  server.RaftServerConfigKeys (ConfUtils.java:logGet(46)) - raft.server.threadpool.client.cached = true (default)
2024-12-14 12:24:55,729 INFO  server.RaftServerConfigKeys (ConfUtils.java:logGet(46)) - raft.server.threadpool.client.size = 0 (default)
2024-12-14 12:24:55,729 INFO  server.RaftServerConfigKeys (ConfUtils.java:logGet(46)) - raft.server.storage.free-space.min = 0MB (=0) (default)
2024-12-14 12:24:55,729 INFO  server.RaftServerConfigKeys (ConfUtils.java:logGet(46)) - raft.server.log.corruption.policy = EXCEPTION (default)
2024-12-14 12:24:55,729 INFO  server.RaftServerConfigKeys (ConfUtils.java:logGet(46)) - raft.server.storage.dir = [/home/runner/work/ratis/ratis/ratis-examples/target/test/data/da5193cb/MiniRaftClusterWithGrpca0a5e6cd/s7] (custom)
2024-12-14 12:24:55,730 INFO  storage.RaftStorageDirectory (RaftStorageDirectoryImpl.java:analyzeStorage(138)) - The storage directory /home/runner/work/ratis/ratis/ratis-examples/target/test/data/da5193cb/MiniRaftClusterWithGrpca0a5e6cd/s7/86d75030-f160-4ccc-af34-a5bb6eb0946f does not exist. Creating ...
2024-12-14 12:24:55,730 TRACE util.FileUtils (LogUtils.java:runAndLog(49)) - Successfully ran Files.createDirectories /home/runner/work/ratis/ratis/ratis-examples/target/test/data/da5193cb/MiniRaftClusterWithGrpca0a5e6cd/s7/86d75030-f160-4ccc-af34-a5bb6eb0946f
2024-12-14 12:24:55,731 INFO  storage.RaftStorageDirectory (RaftStorageDirectoryImpl.java:tryLock(229)) - Lock on /home/runner/work/ratis/ratis/ratis-examples/target/test/data/da5193cb/MiniRaftClusterWithGrpca0a5e6cd/s7/86d75030-f160-4ccc-af34-a5bb6eb0946f/in_use.lock acquired by nodename 14700@fv-az733-880
2024-12-14 12:24:55,731 TRACE util.FileUtils (LogUtils.java:runAndLog(49)) - Successfully ran Files.createDirectories /home/runner/work/ratis/ratis/ratis-examples/target/test/data/da5193cb/MiniRaftClusterWithGrpca0a5e6cd/s7/86d75030-f160-4ccc-af34-a5bb6eb0946f/current
2024-12-14 12:24:55,731 TRACE util.FileUtils (LogUtils.java:runAndLog(49)) - Successfully ran Files.createDirectories /home/runner/work/ratis/ratis/ratis-examples/target/test/data/da5193cb/MiniRaftClusterWithGrpca0a5e6cd/s7/86d75030-f160-4ccc-af34-a5bb6eb0946f/sm
2024-12-14 12:24:55,731 TRACE util.FileUtils (LogUtils.java:supplyAndLog(69)) - Successfully supplied FileChannel.open /home/runner/work/ratis/ratis/ratis-examples/target/test/data/da5193cb/MiniRaftClusterWithGrpca0a5e6cd/s7/86d75030-f160-4ccc-af34-a5bb6eb0946f/current/raft-meta.tmp with options [CREATE, WRITE]: sun.nio.ch.FileChannelImpl@245193e0
2024-12-14 12:24:55,732 TRACE util.FileUtils (LogUtils.java:runAndLog(49)) - Successfully ran Atomic Files.move /home/runner/work/ratis/ratis/ratis-examples/target/test/data/da5193cb/MiniRaftClusterWithGrpca0a5e6cd/s7/86d75030-f160-4ccc-af34-a5bb6eb0946f/current/raft-meta.tmp to /home/runner/work/ratis/ratis/ratis-examples/target/test/data/da5193cb/MiniRaftClusterWithGrpca0a5e6cd/s7/86d75030-f160-4ccc-af34-a5bb6eb0946f/current/raft-meta with options [REPLACE_EXISTING]
2024-12-14 12:24:55,732 INFO  storage.RaftStorage (RaftStorageImpl.java:format(98)) - Storage directory /home/runner/work/ratis/ratis/ratis-examples/target/test/data/da5193cb/MiniRaftClusterWithGrpca0a5e6cd/s7/86d75030-f160-4ccc-af34-a5bb6eb0946f has been successfully formatted.
2024-12-14 12:24:55,732 WARN  statemachine.StateMachine (ArithmeticStateMachine.java:loadSnapshot(115)) - The snapshot info is null.
2024-12-14 12:24:55,732 INFO  server.RaftServerConfigKeys (ConfUtils.java:logGet(46)) - raft.server.log.use.memory = false (default)
2024-12-14 12:24:55,732 INFO  server.RaftServerConfigKeys (ConfUtils.java:logGet(46)) - raft.server.log.purge.gap = 1024 (default)
2024-12-14 12:24:55,732 INFO  server.RaftServerConfigKeys (ConfUtils.java:logGet(46)) - raft.server.log.appender.buffer.byte-limit = 4MB (=4194304) (default)
2024-12-14 12:24:55,732 INFO  server.RaftServerConfigKeys (ConfUtils.java:logGet(46)) - raft.server.log.statemachine.data.read.timeout = 1000ms (default)
2024-12-14 12:24:55,732 INFO  server.RaftServerConfigKeys (ConfUtils.java:logGet(46)) - raft.server.log.purge.preservation.log.num = 0 (default)
2024-12-14 12:24:55,733 INFO  server.RaftServerConfigKeys (ConfUtils.java:logGet(46)) - raft.server.log.segment.size.max = 32MB (=33554432) (default)
2024-12-14 12:24:55,733 INFO  server.RaftServerConfigKeys (ConfUtils.java:logGet(46)) - raft.server.log.segment.cache.num.max = 6 (default)
2024-12-14 12:24:55,733 INFO  server.RaftServerConfigKeys (ConfUtils.java:logGet(46)) - raft.server.log.segment.cache.size.max = 200MB (=209715200) (default)
2024-12-14 12:24:55,733 INFO  server.RaftServerConfigKeys (ConfUtils.java:logGet(46)) - raft.server.log.appender.buffer.byte-limit = 4MB (=4194304) (default)
2024-12-14 12:24:55,733 INFO  util.AwaitToRun (AwaitToRun.java:start(81)) - Thread[s7@group-A5BB6EB0946F-cacheEviction-AwaitToRun,5,main] started
2024-12-14 12:24:55,733 INFO  segmented.SegmentedRaftLogWorker (SegmentedRaftLogWorker.java:<init>(189)) - new s7@group-A5BB6EB0946F-SegmentedRaftLogWorker for RaftStorageImpl:Storage Directory /home/runner/work/ratis/ratis/ratis-examples/target/test/data/da5193cb/MiniRaftClusterWithGrpca0a5e6cd/s7/86d75030-f160-4ccc-af34-a5bb6eb0946f
2024-12-14 12:24:55,733 INFO  server.RaftServerConfigKeys (ConfUtils.java:logGet(46)) - raft.server.log.queue.byte-limit = 64MB (=67108864) (default)
2024-12-14 12:24:55,733 INFO  server.RaftServerConfigKeys (ConfUtils.java:logGet(46)) - raft.server.log.queue.element-limit = 4096 (default)
2024-12-14 12:24:55,733 INFO  server.RaftServerConfigKeys (ConfUtils.java:logGet(46)) - raft.server.log.segment.size.max = 32MB (=33554432) (default)
2024-12-14 12:24:55,733 INFO  server.RaftServerConfigKeys (ConfUtils.java:logGet(46)) - raft.server.log.preallocated.size = 4MB (=4194304) (default)
2024-12-14 12:24:55,733 INFO  server.RaftServerConfigKeys (ConfUtils.java:logGet(46)) - raft.server.log.force.sync.num = 128 (default)
2024-12-14 12:24:55,733 INFO  server.RaftServerConfigKeys (ConfUtils.java:logGet(46)) - raft.server.log.statemachine.data.sync = true (default)
2024-12-14 12:24:55,733 INFO  server.RaftServerConfigKeys (ConfUtils.java:logGet(46)) - raft.server.log.statemachine.data.sync.timeout = 10s (default)
2024-12-14 12:24:55,734 INFO  server.RaftServerConfigKeys (ConfUtils.java:logGet(46)) - raft.server.log.statemachine.data.sync.timeout.retry = -1 (default)
2024-12-14 12:24:55,734 INFO  server.RaftServerConfigKeys (ConfUtils.java:logGet(46)) - raft.server.log.write.buffer.size = 8MB (=8388608) (default)
2024-12-14 12:24:55,734 INFO  server.RaftServerConfigKeys (ConfUtils.java:logGet(46)) - raft.server.log.appender.buffer.byte-limit = 4MB (=4194304) (default)
2024-12-14 12:24:55,734 INFO  server.RaftServerConfigKeys (ConfUtils.java:logGet(46)) - raft.server.log.unsafe-flush.enabled = false (default)
2024-12-14 12:24:55,734 INFO  server.RaftServerConfigKeys (ConfUtils.java:logGet(46)) - raft.server.log.async-flush.enabled = false (default)
2024-12-14 12:24:55,734 INFO  server.RaftServerConfigKeys (ConfUtils.java:logGet(46)) - raft.server.log.statemachine.data.caching.enabled = false (default)
2024-12-14 12:24:55,734 INFO  segmented.SegmentedRaftLogWorker (SegmentedRaftLogWorker.java:lambda$new$0(140)) - s7@group-A5BB6EB0946F-SegmentedRaftLogWorker: flushIndex: setUnconditionally 0 -> -1
2024-12-14 12:24:55,735 INFO  segmented.SegmentedRaftLogWorker (SegmentedRaftLogWorker.java:lambda$new$0(140)) - s7@group-A5BB6EB0946F-SegmentedRaftLogWorker: safeCacheEvictIndex: setUnconditionally 0 -> -1
2024-12-14 12:24:55,735 INFO  server.RaftServer$Division (RaftServerImpl.java:start(398)) - s7@group-A5BB6EB0946F: start with initializing state, conf=conf: {index: -1, cur=peers:[]|listeners:[], old=null}
2024-12-14 12:24:55,735 INFO  server.RaftServer$Division (RaftServerImpl.java:setRole(379)) - s7@group-A5BB6EB0946F: changes role from      null to FOLLOWER at term 0 for start
2024-12-14 12:24:55,736 INFO  util.JmxRegister (JmxRegister.java:tryRegister(44)) - Successfully registered JMX Bean with object name Ratis:service=RaftServer,group=group-A5BB6EB0946F,id=s7
2024-12-14 12:24:55,736 INFO  util.JmxRegister (JmxRegister.java:register(58)) - register mxBean class org.apache.ratis.server.impl.RaftServerJmxAdapter as Ratis:service=RaftServer,group=group-A5BB6EB0946F,id=s7
2024-12-14 12:24:55,736 INFO  server.RaftServerConfigKeys (ConfUtils.java:logGet(46)) - raft.server.snapshot.trigger-when-stop.enabled = true (default)
2024-12-14 12:24:55,736 INFO  server.RaftServerConfigKeys (ConfUtils.java:logGet(46)) - raft.server.snapshot.trigger-when-remove.enabled = true (default)
2024-12-14 12:24:55,736 INFO  server.RaftServerConfigKeys (ConfUtils.java:logGet(46)) - raft.server.snapshot.auto.trigger.enabled = false (default)
2024-12-14 12:24:55,736 INFO  server.RaftServerConfigKeys (ConfUtils.java:logGet(46)) - raft.server.snapshot.retention.file.num = -1 (default)
2024-12-14 12:24:55,736 INFO  server.RaftServerConfigKeys (ConfUtils.java:logGet(46)) - raft.server.log.purge.upto.snapshot.index = false (default)
2024-12-14 12:24:55,737 INFO  server.RaftServer$Division (RaftServerImpl.java:start(406)) - s7@group-A5BB6EB0946F: Successfully started.
2024-12-14 12:24:55,745 INFO  server.RaftServer (RaftServerProxy.java:addNew(101)) - s8: addNew group-A5BB6EB0946F:[] returns group-A5BB6EB0946F:java.util.concurrent.CompletableFuture@78926ef3[Not completed]
2024-12-14 12:24:55,745 INFO  server.RaftServer$Division (RaftServerImpl.java:<init>(256)) - s8: new RaftServerImpl for group-A5BB6EB0946F:[] with ArithmeticStateMachine:uninitialized
2024-12-14 12:24:55,745 INFO  server.RaftServerConfigKeys (ConfUtils.java:logGet(46)) - raft.server.rpc.timeout.min = 300ms (custom)
2024-12-14 12:24:55,745 INFO  server.RaftServerConfigKeys (ConfUtils.java:logGet(46)) - raft.server.rpc.timeout.max = 600ms (custom)
2024-12-14 12:24:55,745 INFO  server.RaftServerConfigKeys (ConfUtils.java:logGet(46)) - raft.server.rpc.sleep.time = 25ms (default)
2024-12-14 12:24:55,745 INFO  server.RaftServerConfigKeys (ConfUtils.java:logGet(46)) - raft.server.rpc.slowness.timeout = 60s (default)
2024-12-14 12:24:55,745 INFO  server.RaftServerConfigKeys (ConfUtils.java:logGet(46)) - raft.server.leaderelection.leader.step-down.wait-time = 10s (default)
2024-12-14 12:24:55,745 INFO  server.RaftServerConfigKeys (ConfUtils.java:logGet(46)) - raft.server.leaderelection.member.majority-add = false (default)
2024-12-14 12:24:55,745 INFO  server.RaftServerConfigKeys (ConfUtils.java:logGet(46)) - raft.server.sleep.deviation.threshold = 300ms (default)
2024-12-14 12:24:55,745 INFO  server.RaftServer$Division (ServerState.java:<init>(114)) - s8@group-A5BB6EB0946F: ConfigurationManager, init=conf: {index: -1, cur=peers:[]|listeners:[], old=null}, confs=<EMPTY_MAP>
2024-12-14 12:24:55,745 INFO  server.RaftServerConfigKeys (ConfUtils.java:logGet(46)) - raft.server.notification.no-leader.timeout = 60s (default)
2024-12-14 12:24:55,745 INFO  server.RaftServerConfigKeys (ConfUtils.java:logGet(46)) - raft.server.read.timeout = 10s (default)
2024-12-14 12:24:55,745 INFO  server.RaftServerConfigKeys (ConfUtils.java:logGet(46)) - raft.server.retrycache.expirytime = 60s (default)
2024-12-14 12:24:55,745 INFO  server.RaftServerConfigKeys (ConfUtils.java:logGet(46)) - raft.server.retrycache.statistics.expirytime = 100ms (default)
2024-12-14 12:24:55,746 INFO  server.RaftServerConfigKeys (ConfUtils.java:logGet(46)) - raft.server.read.option = DEFAULT (default)
2024-12-14 12:24:55,746 INFO  server.RaftServerConfigKeys (ConfUtils.java:logGet(46)) - raft.server.read.read-after-write-consistent.write-index-cache.expiry-time = 60s (default)
2024-12-14 12:24:55,747 INFO  server.RaftServerConfigKeys (ConfUtils.java:logGet(46)) - raft.server.rpc.request.timeout = 3000ms (default)
2024-12-14 12:24:55,747 INFO  server.RaftServerConfigKeys (ConfUtils.java:logGet(46)) - raft.server.log.appender.install.snapshot.enabled = true (default)
2024-12-14 12:24:55,747 INFO  server.RaftServerConfigKeys (ConfUtils.java:logGet(46)) - raft.server.threadpool.server.cached = true (default)
2024-12-14 12:24:55,747 INFO  server.RaftServerConfigKeys (ConfUtils.java:logGet(46)) - raft.server.threadpool.server.size = 0 (default)
2024-12-14 12:24:55,747 INFO  server.RaftServerConfigKeys (ConfUtils.java:logGet(46)) - raft.server.threadpool.client.cached = true (default)
2024-12-14 12:24:55,747 INFO  server.RaftServerConfigKeys (ConfUtils.java:logGet(46)) - raft.server.threadpool.client.size = 0 (default)
2024-12-14 12:24:55,747 INFO  server.RaftServerConfigKeys (ConfUtils.java:logGet(46)) - raft.server.storage.free-space.min = 0MB (=0) (default)
2024-12-14 12:24:55,747 INFO  server.RaftServerConfigKeys (ConfUtils.java:logGet(46)) - raft.server.log.corruption.policy = EXCEPTION (default)
2024-12-14 12:24:55,747 INFO  server.RaftServerConfigKeys (ConfUtils.java:logGet(46)) - raft.server.storage.dir = [/home/runner/work/ratis/ratis/ratis-examples/target/test/data/da5193cb/MiniRaftClusterWithGrpca0a5e6cd/s8] (custom)
2024-12-14 12:24:55,747 INFO  storage.RaftStorageDirectory (RaftStorageDirectoryImpl.java:analyzeStorage(138)) - The storage directory /home/runner/work/ratis/ratis/ratis-examples/target/test/data/da5193cb/MiniRaftClusterWithGrpca0a5e6cd/s8/86d75030-f160-4ccc-af34-a5bb6eb0946f does not exist. Creating ...
2024-12-14 12:24:55,747 TRACE util.FileUtils (LogUtils.java:runAndLog(49)) - Successfully ran Files.createDirectories /home/runner/work/ratis/ratis/ratis-examples/target/test/data/da5193cb/MiniRaftClusterWithGrpca0a5e6cd/s8/86d75030-f160-4ccc-af34-a5bb6eb0946f
2024-12-14 12:24:55,748 INFO  storage.RaftStorageDirectory (RaftStorageDirectoryImpl.java:tryLock(229)) - Lock on /home/runner/work/ratis/ratis/ratis-examples/target/test/data/da5193cb/MiniRaftClusterWithGrpca0a5e6cd/s8/86d75030-f160-4ccc-af34-a5bb6eb0946f/in_use.lock acquired by nodename 14700@fv-az733-880
2024-12-14 12:24:55,748 TRACE util.FileUtils (LogUtils.java:runAndLog(49)) - Successfully ran Files.createDirectories /home/runner/work/ratis/ratis/ratis-examples/target/test/data/da5193cb/MiniRaftClusterWithGrpca0a5e6cd/s8/86d75030-f160-4ccc-af34-a5bb6eb0946f/current
2024-12-14 12:24:55,748 TRACE util.FileUtils (LogUtils.java:runAndLog(49)) - Successfully ran Files.createDirectories /home/runner/work/ratis/ratis/ratis-examples/target/test/data/da5193cb/MiniRaftClusterWithGrpca0a5e6cd/s8/86d75030-f160-4ccc-af34-a5bb6eb0946f/sm
2024-12-14 12:24:55,749 TRACE util.FileUtils (LogUtils.java:supplyAndLog(69)) - Successfully supplied FileChannel.open /home/runner/work/ratis/ratis/ratis-examples/target/test/data/da5193cb/MiniRaftClusterWithGrpca0a5e6cd/s8/86d75030-f160-4ccc-af34-a5bb6eb0946f/current/raft-meta.tmp with options [CREATE, WRITE]: sun.nio.ch.FileChannelImpl@6b2bbcd1
2024-12-14 12:24:55,749 TRACE util.FileUtils (LogUtils.java:runAndLog(49)) - Successfully ran Atomic Files.move /home/runner/work/ratis/ratis/ratis-examples/target/test/data/da5193cb/MiniRaftClusterWithGrpca0a5e6cd/s8/86d75030-f160-4ccc-af34-a5bb6eb0946f/current/raft-meta.tmp to /home/runner/work/ratis/ratis/ratis-examples/target/test/data/da5193cb/MiniRaftClusterWithGrpca0a5e6cd/s8/86d75030-f160-4ccc-af34-a5bb6eb0946f/current/raft-meta with options [REPLACE_EXISTING]
2024-12-14 12:24:55,750 INFO  storage.RaftStorage (RaftStorageImpl.java:format(98)) - Storage directory /home/runner/work/ratis/ratis/ratis-examples/target/test/data/da5193cb/MiniRaftClusterWithGrpca0a5e6cd/s8/86d75030-f160-4ccc-af34-a5bb6eb0946f has been successfully formatted.
2024-12-14 12:24:55,750 WARN  statemachine.StateMachine (ArithmeticStateMachine.java:loadSnapshot(115)) - The snapshot info is null.
2024-12-14 12:24:55,750 INFO  server.RaftServerConfigKeys (ConfUtils.java:logGet(46)) - raft.server.log.use.memory = false (default)
2024-12-14 12:24:55,750 INFO  server.RaftServerConfigKeys (ConfUtils.java:logGet(46)) - raft.server.log.purge.gap = 1024 (default)
2024-12-14 12:24:55,750 INFO  server.RaftServerConfigKeys (ConfUtils.java:logGet(46)) - raft.server.log.appender.buffer.byte-limit = 4MB (=4194304) (default)
2024-12-14 12:24:55,750 INFO  server.RaftServerConfigKeys (ConfUtils.java:logGet(46)) - raft.server.log.statemachine.data.read.timeout = 1000ms (default)
2024-12-14 12:24:55,750 INFO  server.RaftServerConfigKeys (ConfUtils.java:logGet(46)) - raft.server.log.purge.preservation.log.num = 0 (default)
2024-12-14 12:24:55,750 INFO  server.RaftServerConfigKeys (ConfUtils.java:logGet(46)) - raft.server.log.segment.size.max = 32MB (=33554432) (default)
2024-12-14 12:24:55,750 INFO  server.RaftServerConfigKeys (ConfUtils.java:logGet(46)) - raft.server.log.segment.cache.num.max = 6 (default)
2024-12-14 12:24:55,750 INFO  server.RaftServerConfigKeys (ConfUtils.java:logGet(46)) - raft.server.log.segment.cache.size.max = 200MB (=209715200) (default)
2024-12-14 12:24:55,751 INFO  server.RaftServerConfigKeys (ConfUtils.java:logGet(46)) - raft.server.log.appender.buffer.byte-limit = 4MB (=4194304) (default)
2024-12-14 12:24:55,751 INFO  util.AwaitToRun (AwaitToRun.java:start(81)) - Thread[s8@group-A5BB6EB0946F-cacheEviction-AwaitToRun,5,main] started
2024-12-14 12:24:55,751 INFO  segmented.SegmentedRaftLogWorker (SegmentedRaftLogWorker.java:<init>(189)) - new s8@group-A5BB6EB0946F-SegmentedRaftLogWorker for RaftStorageImpl:Storage Directory /home/runner/work/ratis/ratis/ratis-examples/target/test/data/da5193cb/MiniRaftClusterWithGrpca0a5e6cd/s8/86d75030-f160-4ccc-af34-a5bb6eb0946f
2024-12-14 12:24:55,751 INFO  server.RaftServerConfigKeys (ConfUtils.java:logGet(46)) - raft.server.log.queue.byte-limit = 64MB (=67108864) (default)
2024-12-14 12:24:55,751 INFO  server.RaftServerConfigKeys (ConfUtils.java:logGet(46)) - raft.server.log.queue.element-limit = 4096 (default)
2024-12-14 12:24:55,751 INFO  server.RaftServerConfigKeys (ConfUtils.java:logGet(46)) - raft.server.log.segment.size.max = 32MB (=33554432) (default)
2024-12-14 12:24:55,751 INFO  server.RaftServerConfigKeys (ConfUtils.java:logGet(46)) - raft.server.log.preallocated.size = 4MB (=4194304) (default)
2024-12-14 12:24:55,751 INFO  server.RaftServerConfigKeys (ConfUtils.java:logGet(46)) - raft.server.log.force.sync.num = 128 (default)
2024-12-14 12:24:55,751 INFO  server.RaftServerConfigKeys (ConfUtils.java:logGet(46)) - raft.server.log.statemachine.data.sync = true (default)
2024-12-14 12:24:55,751 INFO  server.RaftServerConfigKeys (ConfUtils.java:logGet(46)) - raft.server.log.statemachine.data.sync.timeout = 10s (default)
2024-12-14 12:24:55,751 INFO  server.RaftServerConfigKeys (ConfUtils.java:logGet(46)) - raft.server.log.statemachine.data.sync.timeout.retry = -1 (default)
2024-12-14 12:24:55,751 INFO  server.RaftServerConfigKeys (ConfUtils.java:logGet(46)) - raft.server.log.write.buffer.size = 8MB (=8388608) (default)
2024-12-14 12:24:55,752 INFO  server.RaftServerConfigKeys (ConfUtils.java:logGet(46)) - raft.server.log.appender.buffer.byte-limit = 4MB (=4194304) (default)
2024-12-14 12:24:55,752 INFO  server.RaftServerConfigKeys (ConfUtils.java:logGet(46)) - raft.server.log.unsafe-flush.enabled = false (default)
2024-12-14 12:24:55,752 INFO  server.RaftServerConfigKeys (ConfUtils.java:logGet(46)) - raft.server.log.async-flush.enabled = false (default)
2024-12-14 12:24:55,752 INFO  server.RaftServerConfigKeys (ConfUtils.java:logGet(46)) - raft.server.log.statemachine.data.caching.enabled = false (default)
2024-12-14 12:24:55,752 INFO  segmented.SegmentedRaftLogWorker (SegmentedRaftLogWorker.java:lambda$new$0(140)) - s8@group-A5BB6EB0946F-SegmentedRaftLogWorker: flushIndex: setUnconditionally 0 -> -1
2024-12-14 12:24:55,752 INFO  segmented.SegmentedRaftLogWorker (SegmentedRaftLogWorker.java:lambda$new$0(140)) - s8@group-A5BB6EB0946F-SegmentedRaftLogWorker: safeCacheEvictIndex: setUnconditionally 0 -> -1
2024-12-14 12:24:55,752 INFO  server.RaftServer$Division (RaftServerImpl.java:start(398)) - s8@group-A5BB6EB0946F: start with initializing state, conf=conf: {index: -1, cur=peers:[]|listeners:[], old=null}
2024-12-14 12:24:55,753 INFO  server.RaftServer$Division (RaftServerImpl.java:setRole(379)) - s8@group-A5BB6EB0946F: changes role from      null to FOLLOWER at term 0 for start
2024-12-14 12:24:55,753 INFO  util.JmxRegister (JmxRegister.java:tryRegister(44)) - Successfully registered JMX Bean with object name Ratis:service=RaftServer,group=group-A5BB6EB0946F,id=s8
2024-12-14 12:24:55,753 INFO  util.JmxRegister (JmxRegister.java:register(58)) - register mxBean class org.apache.ratis.server.impl.RaftServerJmxAdapter as Ratis:service=RaftServer,group=group-A5BB6EB0946F,id=s8
2024-12-14 12:24:55,753 INFO  server.RaftServerConfigKeys (ConfUtils.java:logGet(46)) - raft.server.snapshot.trigger-when-stop.enabled = true (default)
2024-12-14 12:24:55,753 INFO  server.RaftServerConfigKeys (ConfUtils.java:logGet(46)) - raft.server.snapshot.trigger-when-remove.enabled = true (default)
2024-12-14 12:24:55,753 INFO  server.RaftServerConfigKeys (ConfUtils.java:logGet(46)) - raft.server.snapshot.auto.trigger.enabled = false (default)
2024-12-14 12:24:55,753 INFO  server.RaftServerConfigKeys (ConfUtils.java:logGet(46)) - raft.server.snapshot.retention.file.num = -1 (default)
2024-12-14 12:24:55,753 INFO  server.RaftServerConfigKeys (ConfUtils.java:logGet(46)) - raft.server.log.purge.upto.snapshot.index = false (default)
2024-12-14 12:24:55,753 INFO  server.RaftServer$Division (RaftServerImpl.java:start(406)) - s8@group-A5BB6EB0946F: Successfully started.
2024-12-14 12:24:55,766 INFO  server.RaftServer (RaftServerProxy.java:addNew(101)) - s9: addNew group-A5BB6EB0946F:[] returns group-A5BB6EB0946F:java.util.concurrent.CompletableFuture@4e4d9273[Not completed]
2024-12-14 12:24:55,766 INFO  server.RaftServer$Division (RaftServerImpl.java:<init>(256)) - s9: new RaftServerImpl for group-A5BB6EB0946F:[] with ArithmeticStateMachine:uninitialized
2024-12-14 12:24:55,766 INFO  server.RaftServerConfigKeys (ConfUtils.java:logGet(46)) - raft.server.rpc.timeout.min = 300ms (custom)
2024-12-14 12:24:55,766 INFO  server.RaftServerConfigKeys (ConfUtils.java:logGet(46)) - raft.server.rpc.timeout.max = 600ms (custom)
2024-12-14 12:24:55,766 INFO  server.RaftServerConfigKeys (ConfUtils.java:logGet(46)) - raft.server.rpc.sleep.time = 25ms (default)
2024-12-14 12:24:55,766 INFO  server.RaftServerConfigKeys (ConfUtils.java:logGet(46)) - raft.server.rpc.slowness.timeout = 60s (default)
2024-12-14 12:24:55,766 INFO  server.RaftServerConfigKeys (ConfUtils.java:logGet(46)) - raft.server.leaderelection.leader.step-down.wait-time = 10s (default)
2024-12-14 12:24:55,766 INFO  server.RaftServerConfigKeys (ConfUtils.java:logGet(46)) - raft.server.leaderelection.member.majority-add = false (default)
2024-12-14 12:24:55,767 INFO  server.RaftServerConfigKeys (ConfUtils.java:logGet(46)) - raft.server.sleep.deviation.threshold = 300ms (default)
2024-12-14 12:24:55,767 INFO  server.RaftServer$Division (ServerState.java:<init>(114)) - s9@group-A5BB6EB0946F: ConfigurationManager, init=conf: {index: -1, cur=peers:[]|listeners:[], old=null}, confs=<EMPTY_MAP>
2024-12-14 12:24:55,767 INFO  server.RaftServerConfigKeys (ConfUtils.java:logGet(46)) - raft.server.notification.no-leader.timeout = 60s (default)
2024-12-14 12:24:55,767 INFO  server.RaftServerConfigKeys (ConfUtils.java:logGet(46)) - raft.server.read.timeout = 10s (default)
2024-12-14 12:24:55,767 INFO  server.RaftServerConfigKeys (ConfUtils.java:logGet(46)) - raft.server.retrycache.expirytime = 60s (default)
2024-12-14 12:24:55,767 INFO  server.RaftServerConfigKeys (ConfUtils.java:logGet(46)) - raft.server.retrycache.statistics.expirytime = 100ms (default)
2024-12-14 12:24:55,767 INFO  server.RaftServerConfigKeys (ConfUtils.java:logGet(46)) - raft.server.read.option = DEFAULT (default)
2024-12-14 12:24:55,767 INFO  server.RaftServerConfigKeys (ConfUtils.java:logGet(46)) - raft.server.read.read-after-write-consistent.write-index-cache.expiry-time = 60s (default)
2024-12-14 12:24:55,768 INFO  server.RaftServerConfigKeys (ConfUtils.java:logGet(46)) - raft.server.rpc.request.timeout = 3000ms (default)
2024-12-14 12:24:55,768 INFO  server.RaftServerConfigKeys (ConfUtils.java:logGet(46)) - raft.server.log.appender.install.snapshot.enabled = true (default)
2024-12-14 12:24:55,768 INFO  server.RaftServerConfigKeys (ConfUtils.java:logGet(46)) - raft.server.threadpool.server.cached = true (default)
2024-12-14 12:24:55,768 INFO  server.RaftServerConfigKeys (ConfUtils.java:logGet(46)) - raft.server.threadpool.server.size = 0 (default)
2024-12-14 12:24:55,768 INFO  server.RaftServerConfigKeys (ConfUtils.java:logGet(46)) - raft.server.threadpool.client.cached = true (default)
2024-12-14 12:24:55,768 INFO  server.RaftServerConfigKeys (ConfUtils.java:logGet(46)) - raft.server.threadpool.client.size = 0 (default)
2024-12-14 12:24:55,768 INFO  server.RaftServerConfigKeys (ConfUtils.java:logGet(46)) - raft.server.storage.free-space.min = 0MB (=0) (default)
2024-12-14 12:24:55,768 INFO  server.RaftServerConfigKeys (ConfUtils.java:logGet(46)) - raft.server.log.corruption.policy = EXCEPTION (default)
2024-12-14 12:24:55,769 INFO  server.RaftServerConfigKeys (ConfUtils.java:logGet(46)) - raft.server.storage.dir = [/home/runner/work/ratis/ratis/ratis-examples/target/test/data/da5193cb/MiniRaftClusterWithGrpca0a5e6cd/s9] (custom)
2024-12-14 12:24:55,769 INFO  storage.RaftStorageDirectory (RaftStorageDirectoryImpl.java:analyzeStorage(138)) - The storage directory /home/runner/work/ratis/ratis/ratis-examples/target/test/data/da5193cb/MiniRaftClusterWithGrpca0a5e6cd/s9/86d75030-f160-4ccc-af34-a5bb6eb0946f does not exist. Creating ...
2024-12-14 12:24:55,769 TRACE util.FileUtils (LogUtils.java:runAndLog(49)) - Successfully ran Files.createDirectories /home/runner/work/ratis/ratis/ratis-examples/target/test/data/da5193cb/MiniRaftClusterWithGrpca0a5e6cd/s9/86d75030-f160-4ccc-af34-a5bb6eb0946f
2024-12-14 12:24:55,770 INFO  storage.RaftStorageDirectory (RaftStorageDirectoryImpl.java:tryLock(229)) - Lock on /home/runner/work/ratis/ratis/ratis-examples/target/test/data/da5193cb/MiniRaftClusterWithGrpca0a5e6cd/s9/86d75030-f160-4ccc-af34-a5bb6eb0946f/in_use.lock acquired by nodename 14700@fv-az733-880
2024-12-14 12:24:55,770 TRACE util.FileUtils (LogUtils.java:runAndLog(49)) - Successfully ran Files.createDirectories /home/runner/work/ratis/ratis/ratis-examples/target/test/data/da5193cb/MiniRaftClusterWithGrpca0a5e6cd/s9/86d75030-f160-4ccc-af34-a5bb6eb0946f/current
2024-12-14 12:24:55,770 TRACE util.FileUtils (LogUtils.java:runAndLog(49)) - Successfully ran Files.createDirectories /home/runner/work/ratis/ratis/ratis-examples/target/test/data/da5193cb/MiniRaftClusterWithGrpca0a5e6cd/s9/86d75030-f160-4ccc-af34-a5bb6eb0946f/sm
2024-12-14 12:24:55,770 TRACE util.FileUtils (LogUtils.java:supplyAndLog(69)) - Successfully supplied FileChannel.open /home/runner/work/ratis/ratis/ratis-examples/target/test/data/da5193cb/MiniRaftClusterWithGrpca0a5e6cd/s9/86d75030-f160-4ccc-af34-a5bb6eb0946f/current/raft-meta.tmp with options [CREATE, WRITE]: sun.nio.ch.FileChannelImpl@389107dd
2024-12-14 12:24:55,771 TRACE util.FileUtils (LogUtils.java:runAndLog(49)) - Successfully ran Atomic Files.move /home/runner/work/ratis/ratis/ratis-examples/target/test/data/da5193cb/MiniRaftClusterWithGrpca0a5e6cd/s9/86d75030-f160-4ccc-af34-a5bb6eb0946f/current/raft-meta.tmp to /home/runner/work/ratis/ratis/ratis-examples/target/test/data/da5193cb/MiniRaftClusterWithGrpca0a5e6cd/s9/86d75030-f160-4ccc-af34-a5bb6eb0946f/current/raft-meta with options [REPLACE_EXISTING]
2024-12-14 12:24:55,771 INFO  storage.RaftStorage (RaftStorageImpl.java:format(98)) - Storage directory /home/runner/work/ratis/ratis/ratis-examples/target/test/data/da5193cb/MiniRaftClusterWithGrpca0a5e6cd/s9/86d75030-f160-4ccc-af34-a5bb6eb0946f has been successfully formatted.
2024-12-14 12:24:55,771 WARN  statemachine.StateMachine (ArithmeticStateMachine.java:loadSnapshot(115)) - The snapshot info is null.
2024-12-14 12:24:55,771 INFO  server.RaftServerConfigKeys (ConfUtils.java:logGet(46)) - raft.server.log.use.memory = false (default)
2024-12-14 12:24:55,771 INFO  server.RaftServerConfigKeys (ConfUtils.java:logGet(46)) - raft.server.log.purge.gap = 1024 (default)
2024-12-14 12:24:55,772 INFO  server.RaftServerConfigKeys (ConfUtils.java:logGet(46)) - raft.server.log.appender.buffer.byte-limit = 4MB (=4194304) (default)
2024-12-14 12:24:55,772 INFO  server.RaftServerConfigKeys (ConfUtils.java:logGet(46)) - raft.server.log.statemachine.data.read.timeout = 1000ms (default)
2024-12-14 12:24:55,772 INFO  server.RaftServerConfigKeys (ConfUtils.java:logGet(46)) - raft.server.log.purge.preservation.log.num = 0 (default)
2024-12-14 12:24:55,772 INFO  server.RaftServerConfigKeys (ConfUtils.java:logGet(46)) - raft.server.log.segment.size.max = 32MB (=33554432) (default)
2024-12-14 12:24:55,772 INFO  server.RaftServerConfigKeys (ConfUtils.java:logGet(46)) - raft.server.log.segment.cache.num.max = 6 (default)
2024-12-14 12:24:55,772 INFO  server.RaftServerConfigKeys (ConfUtils.java:logGet(46)) - raft.server.log.segment.cache.size.max = 200MB (=209715200) (default)
2024-12-14 12:24:55,772 INFO  server.RaftServerConfigKeys (ConfUtils.java:logGet(46)) - raft.server.log.appender.buffer.byte-limit = 4MB (=4194304) (default)
2024-12-14 12:24:55,772 INFO  util.AwaitToRun (AwaitToRun.java:start(81)) - Thread[s9@group-A5BB6EB0946F-cacheEviction-AwaitToRun,5,main] started
2024-12-14 12:24:55,772 INFO  segmented.SegmentedRaftLogWorker (SegmentedRaftLogWorker.java:<init>(189)) - new s9@group-A5BB6EB0946F-SegmentedRaftLogWorker for RaftStorageImpl:Storage Directory /home/runner/work/ratis/ratis/ratis-examples/target/test/data/da5193cb/MiniRaftClusterWithGrpca0a5e6cd/s9/86d75030-f160-4ccc-af34-a5bb6eb0946f
2024-12-14 12:24:55,772 INFO  server.RaftServerConfigKeys (ConfUtils.java:logGet(46)) - raft.server.log.queue.byte-limit = 64MB (=67108864) (default)
2024-12-14 12:24:55,772 INFO  server.RaftServerConfigKeys (ConfUtils.java:logGet(46)) - raft.server.log.queue.element-limit = 4096 (default)
2024-12-14 12:24:55,773 INFO  server.RaftServerConfigKeys (ConfUtils.java:logGet(46)) - raft.server.log.segment.size.max = 32MB (=33554432) (default)
2024-12-14 12:24:55,773 INFO  server.RaftServerConfigKeys (ConfUtils.java:logGet(46)) - raft.server.log.preallocated.size = 4MB (=4194304) (default)
2024-12-14 12:24:55,773 INFO  server.RaftServerConfigKeys (ConfUtils.java:logGet(46)) - raft.server.log.force.sync.num = 128 (default)
2024-12-14 12:24:55,773 INFO  server.RaftServerConfigKeys (ConfUtils.java:logGet(46)) - raft.server.log.statemachine.data.sync = true (default)
2024-12-14 12:24:55,773 INFO  server.RaftServerConfigKeys (ConfUtils.java:logGet(46)) - raft.server.log.statemachine.data.sync.timeout = 10s (default)
2024-12-14 12:24:55,773 INFO  server.RaftServerConfigKeys (ConfUtils.java:logGet(46)) - raft.server.log.statemachine.data.sync.timeout.retry = -1 (default)
2024-12-14 12:24:55,773 INFO  server.RaftServerConfigKeys (ConfUtils.java:logGet(46)) - raft.server.log.write.buffer.size = 8MB (=8388608) (default)
2024-12-14 12:24:55,774 INFO  server.RaftServerConfigKeys (ConfUtils.java:logGet(46)) - raft.server.log.appender.buffer.byte-limit = 4MB (=4194304) (default)
2024-12-14 12:24:55,774 INFO  server.RaftServerConfigKeys (ConfUtils.java:logGet(46)) - raft.server.log.unsafe-flush.enabled = false (default)
2024-12-14 12:24:55,774 INFO  server.RaftServerConfigKeys (ConfUtils.java:logGet(46)) - raft.server.log.async-flush.enabled = false (default)
2024-12-14 12:24:55,774 INFO  server.RaftServerConfigKeys (ConfUtils.java:logGet(46)) - raft.server.log.statemachine.data.caching.enabled = false (default)
2024-12-14 12:24:55,774 INFO  segmented.SegmentedRaftLogWorker (SegmentedRaftLogWorker.java:lambda$new$0(140)) - s9@group-A5BB6EB0946F-SegmentedRaftLogWorker: flushIndex: setUnconditionally 0 -> -1
2024-12-14 12:24:55,774 INFO  segmented.SegmentedRaftLogWorker (SegmentedRaftLogWorker.java:lambda$new$0(140)) - s9@group-A5BB6EB0946F-SegmentedRaftLogWorker: safeCacheEvictIndex: setUnconditionally 0 -> -1
2024-12-14 12:24:55,774 INFO  server.RaftServer$Division (RaftServerImpl.java:start(398)) - s9@group-A5BB6EB0946F: start with initializing state, conf=conf: {index: -1, cur=peers:[]|listeners:[], old=null}
2024-12-14 12:24:55,774 INFO  server.RaftServer$Division (RaftServerImpl.java:setRole(379)) - s9@group-A5BB6EB0946F: changes role from      null to FOLLOWER at term 0 for start
2024-12-14 12:24:55,774 INFO  util.JmxRegister (JmxRegister.java:tryRegister(44)) - Successfully registered JMX Bean with object name Ratis:service=RaftServer,group=group-A5BB6EB0946F,id=s9
2024-12-14 12:24:55,774 INFO  util.JmxRegister (JmxRegister.java:register(58)) - register mxBean class org.apache.ratis.server.impl.RaftServerJmxAdapter as Ratis:service=RaftServer,group=group-A5BB6EB0946F,id=s9
2024-12-14 12:24:55,774 INFO  server.RaftServerConfigKeys (ConfUtils.java:logGet(46)) - raft.server.snapshot.trigger-when-stop.enabled = true (default)
2024-12-14 12:24:55,775 INFO  server.RaftServerConfigKeys (ConfUtils.java:logGet(46)) - raft.server.snapshot.trigger-when-remove.enabled = true (default)
2024-12-14 12:24:55,775 INFO  server.RaftServerConfigKeys (ConfUtils.java:logGet(46)) - raft.server.snapshot.auto.trigger.enabled = false (default)
2024-12-14 12:24:55,775 INFO  server.RaftServerConfigKeys (ConfUtils.java:logGet(46)) - raft.server.snapshot.retention.file.num = -1 (default)
2024-12-14 12:24:55,775 INFO  server.RaftServerConfigKeys (ConfUtils.java:logGet(46)) - raft.server.log.purge.upto.snapshot.index = false (default)
2024-12-14 12:24:55,775 INFO  server.RaftServer$Division (RaftServerImpl.java:start(406)) - s9@group-A5BB6EB0946F: Successfully started.
2024-12-14 12:24:55,780 INFO  impl.GroupManagementBaseTest (GroupManagementBaseTest.java:runMultiGroupTest(330)) - 3) setConfiguration: printing group-A5BB6EB0946F
  s3:  RUNNING [
   FOLLOWER s3@group-A5BB6EB0946F:t0, leader=null, voted=, raftlog=Memoized:s3@group-A5BB6EB0946F-SegmentedRaftLog:OPENED:c-1:lastnull, conf=conf: {index: -1, cur=peers:[]|listeners:[], old=null} STARTING
   FOLLOWER s3@group-40388BE3F4D5:t0, leader=null, voted=, raftlog=Memoized:s3@group-40388BE3F4D5-SegmentedRaftLog:OPENED:c-1:lastnull, conf=conf: {index: -1, cur=peers:[]|listeners:[], old=null} STARTING] size=2
  s4:  RUNNING [
   FOLLOWER s4@group-A5BB6EB0946F:t1, leader=s5, voted=s5, raftlog=Memoized:s4@group-A5BB6EB0946F-SegmentedRaftLog:OPENED:c120:last(t:1, i:120), conf=conf: {index: 0, cur=peers:[s4|0.0.0.0:15004, s5|0.0.0.0:15005, s6|0.0.0.0:15006]|listeners:[], old=null} RUNNING
   FOLLOWER s4@group-40388BE3F4D5:t0, leader=null, voted=, raftlog=Memoized:s4@group-40388BE3F4D5-SegmentedRaftLog:OPENED:c-1:lastnull, conf=conf: {index: -1, cur=peers:[]|listeners:[], old=null} STARTING] size=2
  s5:  RUNNING [
     LEADER s5@group-A5BB6EB0946F:t1, leader=s5, voted=s5, raftlog=Memoized:s5@group-A5BB6EB0946F-SegmentedRaftLog:OPENED:c120:last(t:1, i:120), conf=conf: {index: 0, cur=peers:[s4|0.0.0.0:15004, s5|0.0.0.0:15005, s6|0.0.0.0:15006]|listeners:[], old=null} RUNNING
   FOLLOWER s5@group-40388BE3F4D5:t0, leader=null, voted=, raftlog=Memoized:s5@group-40388BE3F4D5-SegmentedRaftLog:OPENED:c-1:lastnull, conf=conf: {index: -1, cur=peers:[]|listeners:[], old=null} STARTING] size=2
  s6:  RUNNING [
   FOLLOWER s6@group-A5BB6EB0946F:t1, leader=s5, voted=s5, raftlog=Memoized:s6@group-A5BB6EB0946F-SegmentedRaftLog:OPENED:c120:last(t:1, i:120), conf=conf: {index: 0, cur=peers:[s4|0.0.0.0:15004, s5|0.0.0.0:15005, s6|0.0.0.0:15006]|listeners:[], old=null} RUNNING
   FOLLOWER s6@group-40388BE3F4D5:t0, leader=null, voted=, raftlog=Memoized:s6@group-40388BE3F4D5-SegmentedRaftLog:OPENED:c-1:lastnull, conf=conf: {index: -1, cur=peers:[]|listeners:[], old=null} STARTING] size=2
  s7:  RUNNING [
   FOLLOWER s7@group-A5BB6EB0946F:t0, leader=null, voted=, raftlog=Memoized:s7@group-A5BB6EB0946F-SegmentedRaftLog:OPENED:c-1:lastnull, conf=conf: {index: -1, cur=peers:[]|listeners:[], old=null} STARTING
   FOLLOWER s7@group-40388BE3F4D5:t0, leader=null, voted=, raftlog=Memoized:s7@group-40388BE3F4D5-SegmentedRaftLog:OPENED:c-1:lastnull, conf=conf: {index: -1, cur=peers:[]|listeners:[], old=null} STARTING] size=2
  s8:  RUNNING [
   FOLLOWER s8@group-A5BB6EB0946F:t0, leader=null, voted=, raftlog=Memoized:s8@group-A5BB6EB0946F-SegmentedRaftLog:OPENED:c-1:lastnull, conf=conf: {index: -1, cur=peers:[]|listeners:[], old=null} STARTING
   FOLLOWER s8@group-40388BE3F4D5:t0, leader=null, voted=, raftlog=Memoized:s8@group-40388BE3F4D5-SegmentedRaftLog:OPENED:c-1:lastnull, conf=conf: {index: -1, cur=peers:[]|listeners:[], old=null} STARTING] size=2
  s9:  RUNNING [
   FOLLOWER s9@group-A5BB6EB0946F:t0, leader=null, voted=, raftlog=Memoized:s9@group-A5BB6EB0946F-SegmentedRaftLog:OPENED:c-1:lastnull, conf=conf: {index: -1, cur=peers:[]|listeners:[], old=null} STARTING
   FOLLOWER s9@group-40388BE3F4D5:t0, leader=null, voted=, raftlog=Memoized:s9@group-40388BE3F4D5-SegmentedRaftLog:OPENED:c-1:lastnull, conf=conf: {index: -1, cur=peers:[]|listeners:[], old=null} STARTING] size=2
  s11:  RUNNING [
   FOLLOWER s11@group-A5BB6EB0946F:t0, leader=null, voted=, raftlog=Memoized:s11@group-A5BB6EB0946F-SegmentedRaftLog:OPENED:c-1:lastnull, conf=conf: {index: -1, cur=peers:[]|listeners:[], old=null} STARTING
   FOLLOWER s11@group-40388BE3F4D5:t0, leader=null, voted=, raftlog=Memoized:s11@group-40388BE3F4D5-SegmentedRaftLog:OPENED:c-1:lastnull, conf=conf: {index: -1, cur=peers:[]|listeners:[], old=null} STARTING] size=2
  s10:  RUNNING [
   FOLLOWER s10@group-A5BB6EB0946F:t0, leader=null, voted=, raftlog=Memoized:s10@group-A5BB6EB0946F-SegmentedRaftLog:OPENED:c-1:lastnull, conf=conf: {index: -1, cur=peers:[]|listeners:[], old=null} STARTING
   FOLLOWER s10@group-40388BE3F4D5:t0, leader=null, voted=, raftlog=Memoized:s10@group-40388BE3F4D5-SegmentedRaftLog:OPENED:c-1:lastnull, conf=conf: {index: -1, cur=peers:[]|listeners:[], old=null} STARTING] size=2
  s13:  RUNNING [
   FOLLOWER s13@group-A5BB6EB0946F:t0, leader=null, voted=, raftlog=Memoized:s13@group-A5BB6EB0946F-SegmentedRaftLog:OPENED:c-1:lastnull, conf=conf: {index: -1, cur=peers:[]|listeners:[], old=null} STARTING
   FOLLOWER s13@group-40388BE3F4D5:t0, leader=null, voted=, raftlog=Memoized:s13@group-40388BE3F4D5-SegmentedRaftLog:OPENED:c-1:lastnull, conf=conf: {index: -1, cur=peers:[]|listeners:[], old=null} STARTING] size=2
  s12:  RUNNING [
   FOLLOWER s12@group-A5BB6EB0946F:t0, leader=null, voted=, raftlog=Memoized:s12@group-A5BB6EB0946F-SegmentedRaftLog:OPENED:c-1:lastnull, conf=conf: {index: -1, cur=peers:[]|listeners:[], old=null} STARTING
   FOLLOWER s12@group-40388BE3F4D5:t0, leader=null, voted=, raftlog=Memoized:s12@group-40388BE3F4D5-SegmentedRaftLog:OPENED:c-1:lastnull, conf=conf: {index: -1, cur=peers:[]|listeners:[], old=null} STARTING] size=2
  s14:  RUNNING [
   FOLLOWER s14@group-A5BB6EB0946F:t0, leader=null, voted=, raftlog=Memoized:s14@group-A5BB6EB0946F-SegmentedRaftLog:OPENED:c-1:lastnull, conf=conf: {index: -1, cur=peers:[]|listeners:[], old=null} STARTING
   FOLLOWER s14@group-40388BE3F4D5:t0, leader=null, voted=, raftlog=Memoized:s14@group-40388BE3F4D5-SegmentedRaftLog:OPENED:c-1:lastnull, conf=conf: {index: -1, cur=peers:[]|listeners:[], old=null} STARTING] size=2
  s0:  RUNNING [
   FOLLOWER s0@group-A5BB6EB0946F:t0, leader=null, voted=, raftlog=Memoized:s0@group-A5BB6EB0946F-SegmentedRaftLog:OPENED:c-1:lastnull, conf=conf: {index: -1, cur=peers:[]|listeners:[], old=null} STARTING
   FOLLOWER s0@group-40388BE3F4D5:t0, leader=null, voted=, raftlog=Memoized:s0@group-40388BE3F4D5-SegmentedRaftLog:OPENED:c-1:lastnull, conf=conf: {index: -1, cur=peers:[]|listeners:[], old=null} STARTING] size=2
  s1:  RUNNING [
   FOLLOWER s1@group-A5BB6EB0946F:t0, leader=null, voted=, raftlog=Memoized:s1@group-A5BB6EB0946F-SegmentedRaftLog:OPENED:c-1:lastnull, conf=conf: {index: -1, cur=peers:[]|listeners:[], old=null} STARTING
   FOLLOWER s1@group-40388BE3F4D5:t0, leader=null, voted=, raftlog=Memoized:s1@group-40388BE3F4D5-SegmentedRaftLog:OPENED:c-1:lastnull, conf=conf: {index: -1, cur=peers:[]|listeners:[], old=null} STARTING] size=2
  s2:  RUNNING [
   FOLLOWER s2@group-A5BB6EB0946F:t0, leader=null, voted=, raftlog=Memoized:s2@group-A5BB6EB0946F-SegmentedRaftLog:OPENED:c-1:lastnull, conf=conf: {index: -1, cur=peers:[]|listeners:[], old=null} STARTING
   FOLLOWER s2@group-40388BE3F4D5:t0, leader=null, voted=, raftlog=Memoized:s2@group-40388BE3F4D5-SegmentedRaftLog:OPENED:c-1:lastnull, conf=conf: {index: -1, cur=peers:[]|listeners:[], old=null} STARTING] size=2
2024-12-14 12:24:55,789 INFO  server.RaftServer$Division (RaftServerImpl.java:setConfigurationAsync(1341)) - s5@group-A5BB6EB0946F: receive setConfiguration SetConfigurationRequest:client-85D2D876D74A->s5@group-A5BB6EB0946F, cid=3873, seq=null, RW, null, SET_UNCONDITIONALLY, servers:[s4|0.0.0.0:15004, s5|0.0.0.0:15005, s6|0.0.0.0:15006, s0|0.0.0.0:15000, s1|0.0.0.0:15001], listeners:[]
2024-12-14 12:24:55,790 INFO  server.RaftServer$Division (LeaderStateImpl.java:startSetConfiguration(486)) - s5@group-A5BB6EB0946F-LeaderStateImpl: startSetConfiguration SetConfigurationRequest:client-85D2D876D74A->s5@group-A5BB6EB0946F, cid=3873, seq=null, RW, null, SET_UNCONDITIONALLY, servers:[s4|0.0.0.0:15004, s5|0.0.0.0:15005, s6|0.0.0.0:15006, s0|0.0.0.0:15000, s1|0.0.0.0:15001], listeners:[]
2024-12-14 12:24:55,791 INFO  server.RaftServerConfigKeys (ConfUtils.java:logGet(46)) - raft.server.log.appender.snapshot.chunk.size.max = 16MB (=16777216) (default)
2024-12-14 12:24:55,791 INFO  server.RaftServerConfigKeys (ConfUtils.java:logGet(46)) - raft.server.log.appender.buffer.byte-limit = 4MB (=4194304) (default)
2024-12-14 12:24:55,791 INFO  server.RaftServerConfigKeys (ConfUtils.java:logGet(46)) - raft.server.log.appender.buffer.element-limit = 0 (default)
2024-12-14 12:24:55,791 INFO  server.RaftServerConfigKeys (ConfUtils.java:logGet(46)) - raft.server.log.appender.wait-time.min = 1ms (default)
2024-12-14 12:24:55,791 INFO  grpc.GrpcConfigKeys (ConfUtils.java:logGet(46)) - raft.grpc.server.leader.outstanding.appends.max = 8 (default)
2024-12-14 12:24:55,791 INFO  server.RaftServerConfigKeys (ConfUtils.java:logGet(46)) - raft.server.rpc.request.timeout = 3000ms (default)
2024-12-14 12:24:55,791 INFO  grpc.GrpcConfigKeys (ConfUtils.java:logGet(46)) - raft.grpc.server.install_snapshot.request.element-limit = 8 (default)
2024-12-14 12:24:55,791 INFO  grpc.GrpcConfigKeys (ConfUtils.java:logGet(46)) - raft.grpc.server.install_snapshot.request.timeout = 3000ms (default)
2024-12-14 12:24:55,791 INFO  grpc.GrpcConfigKeys (ConfUtils.java:logGet(46)) - raft.grpc.server.log-message.batch.duration = 5s (default)
2024-12-14 12:24:55,791 INFO  server.RaftServerConfigKeys (ConfUtils.java:logGet(46)) - raft.server.log.appender.install.snapshot.enabled = true (default)
2024-12-14 12:24:55,791 INFO  grpc.GrpcConfigKeys (ConfUtils.java:logGet(46)) - raft.grpc.server.heartbeat.channel = true (default)
2024-12-14 12:24:55,791 INFO  server.RaftServerConfigKeys (ConfUtils.java:logGet(46)) - raft.server.log.appender.snapshot.chunk.size.max = 16MB (=16777216) (default)
2024-12-14 12:24:55,791 INFO  server.RaftServerConfigKeys (ConfUtils.java:logGet(46)) - raft.server.log.appender.buffer.byte-limit = 4MB (=4194304) (default)
2024-12-14 12:24:55,791 INFO  server.RaftServerConfigKeys (ConfUtils.java:logGet(46)) - raft.server.log.appender.buffer.element-limit = 0 (default)
2024-12-14 12:24:55,792 INFO  server.RaftServerConfigKeys (ConfUtils.java:logGet(46)) - raft.server.log.appender.wait-time.min = 1ms (default)
2024-12-14 12:24:55,792 INFO  grpc.GrpcConfigKeys (ConfUtils.java:logGet(46)) - raft.grpc.server.leader.outstanding.appends.max = 8 (default)
2024-12-14 12:24:55,792 INFO  server.RaftServerConfigKeys (ConfUtils.java:logGet(46)) - raft.server.rpc.request.timeout = 3000ms (default)
2024-12-14 12:24:55,792 INFO  grpc.GrpcConfigKeys (ConfUtils.java:logGet(46)) - raft.grpc.server.install_snapshot.request.element-limit = 8 (default)
2024-12-14 12:24:55,792 INFO  grpc.GrpcConfigKeys (ConfUtils.java:logGet(46)) - raft.grpc.server.install_snapshot.request.timeout = 3000ms (default)
2024-12-14 12:24:55,792 INFO  grpc.GrpcConfigKeys (ConfUtils.java:logGet(46)) - raft.grpc.server.log-message.batch.duration = 5s (default)
2024-12-14 12:24:55,792 INFO  server.RaftServerConfigKeys (ConfUtils.java:logGet(46)) - raft.server.log.appender.install.snapshot.enabled = true (default)
2024-12-14 12:24:55,792 INFO  grpc.GrpcConfigKeys (ConfUtils.java:logGet(46)) - raft.grpc.server.heartbeat.channel = true (default)
2024-12-14 12:24:55,792 INFO  leader.FollowerInfo (FollowerInfoImpl.java:setAttemptedToInstallSnapshot(154)) - Follower s5@group-A5BB6EB0946F->s0 acknowledged installing snapshot
2024-12-14 12:24:55,793 INFO  leader.FollowerInfo (FollowerInfoImpl.java:setAttemptedToInstallSnapshot(154)) - Follower s5@group-A5BB6EB0946F->s1 acknowledged installing snapshot
2024-12-14 12:24:55,793 INFO  server.GrpcServerProtocolClient (GrpcServerProtocolClient.java:<init>(65)) - Build channel for s1|0.0.0.0:15001
2024-12-14 12:24:55,794 INFO  server.GrpcServerProtocolClient (GrpcServerProtocolClient.java:<init>(65)) - Build channel for s0|0.0.0.0:15000
2024-12-14 12:24:55,806 TRACE util.FileUtils (LogUtils.java:supplyAndLog(69)) - Successfully supplied FileChannel.open /home/runner/work/ratis/ratis/ratis-examples/target/test/data/da5193cb/MiniRaftClusterWithGrpca0a5e6cd/s1/86d75030-f160-4ccc-af34-a5bb6eb0946f/current/raft-meta.tmp with options [CREATE, WRITE]: sun.nio.ch.FileChannelImpl@2cacee32
2024-12-14 12:24:55,807 TRACE util.FileUtils (LogUtils.java:runAndLog(49)) - Successfully ran Atomic Files.move /home/runner/work/ratis/ratis/ratis-examples/target/test/data/da5193cb/MiniRaftClusterWithGrpca0a5e6cd/s1/86d75030-f160-4ccc-af34-a5bb6eb0946f/current/raft-meta.tmp to /home/runner/work/ratis/ratis/ratis-examples/target/test/data/da5193cb/MiniRaftClusterWithGrpca0a5e6cd/s1/86d75030-f160-4ccc-af34-a5bb6eb0946f/current/raft-meta with options [REPLACE_EXISTING]
2024-12-14 12:24:55,807 INFO  server.RaftServer$Division (RaftServerImpl.java:setFirstElection(563)) - s1@group-A5BB6EB0946F: set firstElectionSinceStartup to false for appendEntries
2024-12-14 12:24:55,807 INFO  server.RaftServer$Division (ServerState.java:setLeader(272)) - s1@group-A5BB6EB0946F: change Leader from null to s5 at term 1 for appendEntries, leader elected after 251ms
2024-12-14 12:24:55,816 INFO  server.RaftServer$Division (ServerState.java:setRaftConf(386)) - s1@group-A5BB6EB0946F: set configuration conf: {index: 0, cur=peers:[s4|0.0.0.0:15004, s5|0.0.0.0:15005, s6|0.0.0.0:15006]|listeners:[], old=null}
2024-12-14 12:24:55,817 INFO  segmented.SegmentedRaftLogWorker (SegmentedRaftLogWorker.java:startLogSegment(443)) - s1@group-A5BB6EB0946F-SegmentedRaftLogWorker: Starting segment from index:0
2024-12-14 12:24:55,817 TRACE util.FileUtils (LogUtils.java:supplyAndLog(69)) - Successfully supplied FileChannel.open /home/runner/work/ratis/ratis/ratis-examples/target/test/data/da5193cb/MiniRaftClusterWithGrpca0a5e6cd/s0/86d75030-f160-4ccc-af34-a5bb6eb0946f/current/raft-meta.tmp with options [CREATE, WRITE]: sun.nio.ch.FileChannelImpl@130bfb6
2024-12-14 12:24:55,818 INFO  segmented.BufferedWriteChannel (BufferedWriteChannel.java:open(61)) - open log_inprogress_0 at position 0
2024-12-14 12:24:55,818 TRACE util.FileUtils (LogUtils.java:runAndLog(49)) - Successfully ran Atomic Files.move /home/runner/work/ratis/ratis/ratis-examples/target/test/data/da5193cb/MiniRaftClusterWithGrpca0a5e6cd/s0/86d75030-f160-4ccc-af34-a5bb6eb0946f/current/raft-meta.tmp to /home/runner/work/ratis/ratis/ratis-examples/target/test/data/da5193cb/MiniRaftClusterWithGrpca0a5e6cd/s0/86d75030-f160-4ccc-af34-a5bb6eb0946f/current/raft-meta with options [REPLACE_EXISTING]
2024-12-14 12:24:55,818 INFO  server.RaftServer$Division (RaftServerImpl.java:setFirstElection(563)) - s0@group-A5BB6EB0946F: set firstElectionSinceStartup to false for appendEntries
2024-12-14 12:24:55,818 INFO  server.RaftServer$Division (ServerState.java:setLeader(272)) - s0@group-A5BB6EB0946F: change Leader from null to s5 at term 1 for appendEntries, leader elected after 279ms
2024-12-14 12:24:55,821 INFO  server.RaftServer$Division (ServerState.java:setRaftConf(386)) - s0@group-A5BB6EB0946F: set configuration conf: {index: 0, cur=peers:[s4|0.0.0.0:15004, s5|0.0.0.0:15005, s6|0.0.0.0:15006]|listeners:[], old=null}
2024-12-14 12:24:55,821 INFO  segmented.SegmentedRaftLogWorker (SegmentedRaftLogWorker.java:startLogSegment(443)) - s0@group-A5BB6EB0946F-SegmentedRaftLogWorker: Starting segment from index:0
2024-12-14 12:24:55,821 INFO  server.RaftServer$Division (ServerState.java:setRaftConf(386)) - s5@group-A5BB6EB0946F: set configuration conf: {index: 121, cur=peers:[s4|0.0.0.0:15004, s5|0.0.0.0:15005, s6|0.0.0.0:15006, s0|0.0.0.0:15000, s1|0.0.0.0:15001]|listeners:[], old=peers:[s4|0.0.0.0:15004, s5|0.0.0.0:15005, s6|0.0.0.0:15006]|listeners:[]}
2024-12-14 12:24:55,823 INFO  server.RaftServer$Division (ServerState.java:setRaftConf(386)) - s4@group-A5BB6EB0946F: set configuration conf: {index: 121, cur=peers:[s4|0.0.0.0:15004, s5|0.0.0.0:15005, s6|0.0.0.0:15006, s0|0.0.0.0:15000, s1|0.0.0.0:15001]|listeners:[], old=peers:[s4|0.0.0.0:15004, s5|0.0.0.0:15005, s6|0.0.0.0:15006]|listeners:[]}
2024-12-14 12:24:55,824 INFO  server.RaftServer$Division (ServerState.java:setRaftConf(386)) - s6@group-A5BB6EB0946F: set configuration conf: {index: 121, cur=peers:[s4|0.0.0.0:15004, s5|0.0.0.0:15005, s6|0.0.0.0:15006, s0|0.0.0.0:15000, s1|0.0.0.0:15001]|listeners:[], old=peers:[s4|0.0.0.0:15004, s5|0.0.0.0:15005, s6|0.0.0.0:15006]|listeners:[]}
2024-12-14 12:24:55,824 INFO  impl.RoleInfo (RoleInfo.java:updateAndGet(148)) - s0: start s0@group-A5BB6EB0946F-FollowerState
2024-12-14 12:24:55,824 INFO  server.RaftServer$Division (ServerState.java:setRaftConf(386)) - s0@group-A5BB6EB0946F: set configuration conf: {index: 121, cur=peers:[s4|0.0.0.0:15004, s5|0.0.0.0:15005, s6|0.0.0.0:15006, s0|0.0.0.0:15000, s1|0.0.0.0:15001]|listeners:[], old=peers:[s4|0.0.0.0:15004, s5|0.0.0.0:15005, s6|0.0.0.0:15006]|listeners:[]}
2024-12-14 12:24:55,826 INFO  segmented.BufferedWriteChannel (BufferedWriteChannel.java:open(61)) - open log_inprogress_0 at position 0
2024-12-14 12:24:55,829 TRACE util.FileUtils (LogUtils.java:supplyAndLog(69)) - Successfully supplied FileChannel.open /home/runner/work/ratis/ratis/ratis-examples/target/test/data/da5193cb/MiniRaftClusterWithGrpca0a5e6cd/s5/86d75030-f160-4ccc-af34-a5bb6eb0946f/current/raft-meta.conf.tmp with options [CREATE, WRITE]: sun.nio.ch.FileChannelImpl@488015c8
2024-12-14 12:24:55,830 INFO  server.RaftServer$Division (ServerState.java:setRaftConf(386)) - s5@group-A5BB6EB0946F: set configuration conf: {index: 123, cur=peers:[s4|0.0.0.0:15004, s5|0.0.0.0:15005, s6|0.0.0.0:15006, s0|0.0.0.0:15000, s1|0.0.0.0:15001]|listeners:[], old=null}
2024-12-14 12:24:55,831 INFO  server.RaftServer$Division (ServerState.java:setRaftConf(386)) - s4@group-A5BB6EB0946F: set configuration conf: {index: 123, cur=peers:[s4|0.0.0.0:15004, s5|0.0.0.0:15005, s6|0.0.0.0:15006, s0|0.0.0.0:15000, s1|0.0.0.0:15001]|listeners:[], old=null}
2024-12-14 12:24:55,832 INFO  impl.RoleInfo (RoleInfo.java:updateAndGet(148)) - s1: start s1@group-A5BB6EB0946F-FollowerState
2024-12-14 12:24:55,832 INFO  server.RaftServer$Division (ServerState.java:setRaftConf(386)) - s1@group-A5BB6EB0946F: set configuration conf: {index: 121, cur=peers:[s4|0.0.0.0:15004, s5|0.0.0.0:15005, s6|0.0.0.0:15006, s0|0.0.0.0:15000, s1|0.0.0.0:15001]|listeners:[], old=peers:[s4|0.0.0.0:15004, s5|0.0.0.0:15005, s6|0.0.0.0:15006]|listeners:[]}
2024-12-14 12:24:55,831 INFO  server.RaftServer$Division (ServerState.java:setRaftConf(386)) - s6@group-A5BB6EB0946F: set configuration conf: {index: 123, cur=peers:[s4|0.0.0.0:15004, s5|0.0.0.0:15005, s6|0.0.0.0:15006, s0|0.0.0.0:15000, s1|0.0.0.0:15001]|listeners:[], old=null}
2024-12-14 12:24:55,834 TRACE util.FileUtils (LogUtils.java:runAndLog(49)) - Successfully ran Atomic Files.move /home/runner/work/ratis/ratis/ratis-examples/target/test/data/da5193cb/MiniRaftClusterWithGrpca0a5e6cd/s5/86d75030-f160-4ccc-af34-a5bb6eb0946f/current/raft-meta.conf.tmp to /home/runner/work/ratis/ratis/ratis-examples/target/test/data/da5193cb/MiniRaftClusterWithGrpca0a5e6cd/s5/86d75030-f160-4ccc-af34-a5bb6eb0946f/current/raft-meta.conf with options [REPLACE_EXISTING]
2024-12-14 12:24:55,834 TRACE util.FileUtils (LogUtils.java:supplyAndLog(69)) - Successfully supplied FileChannel.open /home/runner/work/ratis/ratis/ratis-examples/target/test/data/da5193cb/MiniRaftClusterWithGrpca0a5e6cd/s4/86d75030-f160-4ccc-af34-a5bb6eb0946f/current/raft-meta.conf.tmp with options [CREATE, WRITE]: sun.nio.ch.FileChannelImpl@12e2a484
2024-12-14 12:24:55,835 TRACE util.FileUtils (LogUtils.java:supplyAndLog(69)) - Successfully supplied FileChannel.open /home/runner/work/ratis/ratis/ratis-examples/target/test/data/da5193cb/MiniRaftClusterWithGrpca0a5e6cd/s6/86d75030-f160-4ccc-af34-a5bb6eb0946f/current/raft-meta.conf.tmp with options [CREATE, WRITE]: sun.nio.ch.FileChannelImpl@5b76e7d0
2024-12-14 12:24:55,835 INFO  server.RaftServer$Division (ServerState.java:setRaftConf(386)) - s1@group-A5BB6EB0946F: set configuration conf: {index: 123, cur=peers:[s4|0.0.0.0:15004, s5|0.0.0.0:15005, s6|0.0.0.0:15006, s0|0.0.0.0:15000, s1|0.0.0.0:15001]|listeners:[], old=null}
2024-12-14 12:24:55,836 TRACE util.FileUtils (LogUtils.java:supplyAndLog(69)) - Successfully supplied FileChannel.open /home/runner/work/ratis/ratis/ratis-examples/target/test/data/da5193cb/MiniRaftClusterWithGrpca0a5e6cd/s5/86d75030-f160-4ccc-af34-a5bb6eb0946f/current/raft-meta.conf.tmp with options [CREATE, WRITE]: sun.nio.ch.FileChannelImpl@d8282bc
2024-12-14 12:24:55,837 INFO  segmented.SegmentedRaftLogWorker (SegmentedRaftLogWorker.java:execute(667)) - s1@group-A5BB6EB0946F-SegmentedRaftLogWorker: created new log segment /home/runner/work/ratis/ratis/ratis-examples/target/test/data/da5193cb/MiniRaftClusterWithGrpca0a5e6cd/s1/86d75030-f160-4ccc-af34-a5bb6eb0946f/current/log_inprogress_0
2024-12-14 12:24:55,839 TRACE util.FileUtils (LogUtils.java:runAndLog(49)) - Successfully ran Atomic Files.move /home/runner/work/ratis/ratis/ratis-examples/target/test/data/da5193cb/MiniRaftClusterWithGrpca0a5e6cd/s5/86d75030-f160-4ccc-af34-a5bb6eb0946f/current/raft-meta.conf.tmp to /home/runner/work/ratis/ratis/ratis-examples/target/test/data/da5193cb/MiniRaftClusterWithGrpca0a5e6cd/s5/86d75030-f160-4ccc-af34-a5bb6eb0946f/current/raft-meta.conf with options [REPLACE_EXISTING]
2024-12-14 12:24:55,840 TRACE util.FileUtils (LogUtils.java:runAndLog(49)) - Successfully ran Atomic Files.move /home/runner/work/ratis/ratis/ratis-examples/target/test/data/da5193cb/MiniRaftClusterWithGrpca0a5e6cd/s4/86d75030-f160-4ccc-af34-a5bb6eb0946f/current/raft-meta.conf.tmp to /home/runner/work/ratis/ratis/ratis-examples/target/test/data/da5193cb/MiniRaftClusterWithGrpca0a5e6cd/s4/86d75030-f160-4ccc-af34-a5bb6eb0946f/current/raft-meta.conf with options [REPLACE_EXISTING]
2024-12-14 12:24:55,840 TRACE util.FileUtils (LogUtils.java:supplyAndLog(69)) - Successfully supplied FileChannel.open /home/runner/work/ratis/ratis/ratis-examples/target/test/data/da5193cb/MiniRaftClusterWithGrpca0a5e6cd/s4/86d75030-f160-4ccc-af34-a5bb6eb0946f/current/raft-meta.conf.tmp with options [CREATE, WRITE]: sun.nio.ch.FileChannelImpl@16dd3200
2024-12-14 12:24:55,840 INFO  server.RaftServer$Division (RaftServerImpl.java:setConfigurationAsync(1341)) - s5@group-A5BB6EB0946F: receive setConfiguration SetConfigurationRequest:client-85D2D876D74A->s5@group-A5BB6EB0946F, cid=3874, seq=null, RW, null, SET_UNCONDITIONALLY, servers:[s4|0.0.0.0:15004, s5|0.0.0.0:15005, s11|0.0.0.0:15011, s6|0.0.0.0:15006, s10|0.0.0.0:15010, s13|0.0.0.0:15013, s12|0.0.0.0:15012, s0|0.0.0.0:15000, s1|0.0.0.0:15001], listeners:[]
2024-12-14 12:24:55,840 INFO  server.RaftServer$Division (LeaderStateImpl.java:startSetConfiguration(486)) - s5@group-A5BB6EB0946F-LeaderStateImpl: startSetConfiguration SetConfigurationRequest:client-85D2D876D74A->s5@group-A5BB6EB0946F, cid=3874, seq=null, RW, null, SET_UNCONDITIONALLY, servers:[s4|0.0.0.0:15004, s5|0.0.0.0:15005, s11|0.0.0.0:15011, s6|0.0.0.0:15006, s10|0.0.0.0:15010, s13|0.0.0.0:15013, s12|0.0.0.0:15012, s0|0.0.0.0:15000, s1|0.0.0.0:15001], listeners:[]
2024-12-14 12:24:55,841 INFO  server.RaftServerConfigKeys (ConfUtils.java:logGet(46)) - raft.server.log.appender.snapshot.chunk.size.max = 16MB (=16777216) (default)
2024-12-14 12:24:55,841 INFO  server.RaftServerConfigKeys (ConfUtils.java:logGet(46)) - raft.server.log.appender.buffer.byte-limit = 4MB (=4194304) (default)
2024-12-14 12:24:55,841 INFO  server.RaftServerConfigKeys (ConfUtils.java:logGet(46)) - raft.server.log.appender.buffer.element-limit = 0 (default)
2024-12-14 12:24:55,841 INFO  server.RaftServerConfigKeys (ConfUtils.java:logGet(46)) - raft.server.log.appender.wait-time.min = 1ms (default)
2024-12-14 12:24:55,841 INFO  grpc.GrpcConfigKeys (ConfUtils.java:logGet(46)) - raft.grpc.server.leader.outstanding.appends.max = 8 (default)
2024-12-14 12:24:55,841 INFO  server.RaftServerConfigKeys (ConfUtils.java:logGet(46)) - raft.server.rpc.request.timeout = 3000ms (default)
2024-12-14 12:24:55,841 INFO  grpc.GrpcConfigKeys (ConfUtils.java:logGet(46)) - raft.grpc.server.install_snapshot.request.element-limit = 8 (default)
2024-12-14 12:24:55,841 INFO  grpc.GrpcConfigKeys (ConfUtils.java:logGet(46)) - raft.grpc.server.install_snapshot.request.timeout = 3000ms (default)
2024-12-14 12:24:55,841 INFO  grpc.GrpcConfigKeys (ConfUtils.java:logGet(46)) - raft.grpc.server.log-message.batch.duration = 5s (default)
2024-12-14 12:24:55,841 INFO  server.RaftServerConfigKeys (ConfUtils.java:logGet(46)) - raft.server.log.appender.install.snapshot.enabled = true (default)
2024-12-14 12:24:55,841 INFO  grpc.GrpcConfigKeys (ConfUtils.java:logGet(46)) - raft.grpc.server.heartbeat.channel = true (default)
2024-12-14 12:24:55,842 INFO  server.RaftServerConfigKeys (ConfUtils.java:logGet(46)) - raft.server.log.appender.snapshot.chunk.size.max = 16MB (=16777216) (default)
2024-12-14 12:24:55,842 INFO  server.RaftServerConfigKeys (ConfUtils.java:logGet(46)) - raft.server.log.appender.buffer.byte-limit = 4MB (=4194304) (default)
2024-12-14 12:24:55,842 INFO  server.RaftServerConfigKeys (ConfUtils.java:logGet(46)) - raft.server.log.appender.buffer.element-limit = 0 (default)
2024-12-14 12:24:55,842 INFO  server.RaftServerConfigKeys (ConfUtils.java:logGet(46)) - raft.server.log.appender.wait-time.min = 1ms (default)
2024-12-14 12:24:55,842 INFO  grpc.GrpcConfigKeys (ConfUtils.java:logGet(46)) - raft.grpc.server.leader.outstanding.appends.max = 8 (default)
2024-12-14 12:24:55,842 INFO  server.RaftServerConfigKeys (ConfUtils.java:logGet(46)) - raft.server.rpc.request.timeout = 3000ms (default)
2024-12-14 12:24:55,842 INFO  grpc.GrpcConfigKeys (ConfUtils.java:logGet(46)) - raft.grpc.server.install_snapshot.request.element-limit = 8 (default)
2024-12-14 12:24:55,842 INFO  grpc.GrpcConfigKeys (ConfUtils.java:logGet(46)) - raft.grpc.server.install_snapshot.request.timeout = 3000ms (default)
2024-12-14 12:24:55,843 INFO  grpc.GrpcConfigKeys (ConfUtils.java:logGet(46)) - raft.grpc.server.log-message.batch.duration = 5s (default)
2024-12-14 12:24:55,843 INFO  server.RaftServerConfigKeys (ConfUtils.java:logGet(46)) - raft.server.log.appender.install.snapshot.enabled = true (default)
2024-12-14 12:24:55,843 INFO  grpc.GrpcConfigKeys (ConfUtils.java:logGet(46)) - raft.grpc.server.heartbeat.channel = true (default)
2024-12-14 12:24:55,843 INFO  server.RaftServerConfigKeys (ConfUtils.java:logGet(46)) - raft.server.log.appender.snapshot.chunk.size.max = 16MB (=16777216) (default)
2024-12-14 12:24:55,843 INFO  server.RaftServerConfigKeys (ConfUtils.java:logGet(46)) - raft.server.log.appender.buffer.byte-limit = 4MB (=4194304) (default)
2024-12-14 12:24:55,843 INFO  server.RaftServerConfigKeys (ConfUtils.java:logGet(46)) - raft.server.log.appender.buffer.element-limit = 0 (default)
2024-12-14 12:24:55,843 INFO  server.RaftServerConfigKeys (ConfUtils.java:logGet(46)) - raft.server.log.appender.wait-time.min = 1ms (default)
2024-12-14 12:24:55,843 INFO  grpc.GrpcConfigKeys (ConfUtils.java:logGet(46)) - raft.grpc.server.leader.outstanding.appends.max = 8 (default)
2024-12-14 12:24:55,843 INFO  server.RaftServerConfigKeys (ConfUtils.java:logGet(46)) - raft.server.rpc.request.timeout = 3000ms (default)
2024-12-14 12:24:55,843 INFO  grpc.GrpcConfigKeys (ConfUtils.java:logGet(46)) - raft.grpc.server.install_snapshot.request.element-limit = 8 (default)
2024-12-14 12:24:55,843 INFO  grpc.GrpcConfigKeys (ConfUtils.java:logGet(46)) - raft.grpc.server.install_snapshot.request.timeout = 3000ms (default)
2024-12-14 12:24:55,843 INFO  grpc.GrpcConfigKeys (ConfUtils.java:logGet(46)) - raft.grpc.server.log-message.batch.duration = 5s (default)
2024-12-14 12:24:55,843 INFO  server.RaftServerConfigKeys (ConfUtils.java:logGet(46)) - raft.server.log.appender.install.snapshot.enabled = true (default)
2024-12-14 12:24:55,843 INFO  grpc.GrpcConfigKeys (ConfUtils.java:logGet(46)) - raft.grpc.server.heartbeat.channel = true (default)
2024-12-14 12:24:55,844 INFO  server.RaftServerConfigKeys (ConfUtils.java:logGet(46)) - raft.server.log.appender.snapshot.chunk.size.max = 16MB (=16777216) (default)
2024-12-14 12:24:55,844 INFO  server.RaftServerConfigKeys (ConfUtils.java:logGet(46)) - raft.server.log.appender.buffer.byte-limit = 4MB (=4194304) (default)
2024-12-14 12:24:55,844 INFO  server.RaftServerConfigKeys (ConfUtils.java:logGet(46)) - raft.server.log.appender.buffer.element-limit = 0 (default)
2024-12-14 12:24:55,844 INFO  server.RaftServerConfigKeys (ConfUtils.java:logGet(46)) - raft.server.log.appender.wait-time.min = 1ms (default)
2024-12-14 12:24:55,844 INFO  grpc.GrpcConfigKeys (ConfUtils.java:logGet(46)) - raft.grpc.server.leader.outstanding.appends.max = 8 (default)
2024-12-14 12:24:55,844 INFO  server.RaftServerConfigKeys (ConfUtils.java:logGet(46)) - raft.server.rpc.request.timeout = 3000ms (default)
2024-12-14 12:24:55,844 INFO  grpc.GrpcConfigKeys (ConfUtils.java:logGet(46)) - raft.grpc.server.install_snapshot.request.element-limit = 8 (default)
2024-12-14 12:24:55,844 INFO  grpc.GrpcConfigKeys (ConfUtils.java:logGet(46)) - raft.grpc.server.install_snapshot.request.timeout = 3000ms (default)
2024-12-14 12:24:55,844 INFO  grpc.GrpcConfigKeys (ConfUtils.java:logGet(46)) - raft.grpc.server.log-message.batch.duration = 5s (default)
2024-12-14 12:24:55,844 INFO  server.RaftServerConfigKeys (ConfUtils.java:logGet(46)) - raft.server.log.appender.install.snapshot.enabled = true (default)
2024-12-14 12:24:55,844 INFO  grpc.GrpcConfigKeys (ConfUtils.java:logGet(46)) - raft.grpc.server.heartbeat.channel = true (default)
2024-12-14 12:24:55,845 TRACE util.FileUtils (LogUtils.java:runAndLog(49)) - Successfully ran Atomic Files.move /home/runner/work/ratis/ratis/ratis-examples/target/test/data/da5193cb/MiniRaftClusterWithGrpca0a5e6cd/s6/86d75030-f160-4ccc-af34-a5bb6eb0946f/current/raft-meta.conf.tmp to /home/runner/work/ratis/ratis/ratis-examples/target/test/data/da5193cb/MiniRaftClusterWithGrpca0a5e6cd/s6/86d75030-f160-4ccc-af34-a5bb6eb0946f/current/raft-meta.conf with options [REPLACE_EXISTING]
2024-12-14 12:24:55,845 TRACE util.FileUtils (LogUtils.java:supplyAndLog(69)) - Successfully supplied FileChannel.open /home/runner/work/ratis/ratis/ratis-examples/target/test/data/da5193cb/MiniRaftClusterWithGrpca0a5e6cd/s6/86d75030-f160-4ccc-af34-a5bb6eb0946f/current/raft-meta.conf.tmp with options [CREATE, WRITE]: sun.nio.ch.FileChannelImpl@5f497866
2024-12-14 12:24:55,846 INFO  server.RaftServer$Division (ServerState.java:setRaftConf(386)) - s0@group-A5BB6EB0946F: set configuration conf: {index: 123, cur=peers:[s4|0.0.0.0:15004, s5|0.0.0.0:15005, s6|0.0.0.0:15006, s0|0.0.0.0:15000, s1|0.0.0.0:15001]|listeners:[], old=null}
2024-12-14 12:24:55,846 INFO  segmented.SegmentedRaftLogWorker (SegmentedRaftLogWorker.java:execute(667)) - s0@group-A5BB6EB0946F-SegmentedRaftLogWorker: created new log segment /home/runner/work/ratis/ratis/ratis-examples/target/test/data/da5193cb/MiniRaftClusterWithGrpca0a5e6cd/s0/86d75030-f160-4ccc-af34-a5bb6eb0946f/current/log_inprogress_0
2024-12-14 12:24:55,847 TRACE util.FileUtils (LogUtils.java:runAndLog(49)) - Successfully ran Atomic Files.move /home/runner/work/ratis/ratis/ratis-examples/target/test/data/da5193cb/MiniRaftClusterWithGrpca0a5e6cd/s6/86d75030-f160-4ccc-af34-a5bb6eb0946f/current/raft-meta.conf.tmp to /home/runner/work/ratis/ratis/ratis-examples/target/test/data/da5193cb/MiniRaftClusterWithGrpca0a5e6cd/s6/86d75030-f160-4ccc-af34-a5bb6eb0946f/current/raft-meta.conf with options [REPLACE_EXISTING]
2024-12-14 12:24:55,848 INFO  leader.FollowerInfo (FollowerInfoImpl.java:setAttemptedToInstallSnapshot(154)) - Follower s5@group-A5BB6EB0946F->s11 acknowledged installing snapshot
2024-12-14 12:24:55,848 TRACE util.FileUtils (LogUtils.java:runAndLog(49)) - Successfully ran Atomic Files.move /home/runner/work/ratis/ratis/ratis-examples/target/test/data/da5193cb/MiniRaftClusterWithGrpca0a5e6cd/s4/86d75030-f160-4ccc-af34-a5bb6eb0946f/current/raft-meta.conf.tmp to /home/runner/work/ratis/ratis/ratis-examples/target/test/data/da5193cb/MiniRaftClusterWithGrpca0a5e6cd/s4/86d75030-f160-4ccc-af34-a5bb6eb0946f/current/raft-meta.conf with options [REPLACE_EXISTING]
2024-12-14 12:24:55,849 INFO  server.GrpcServerProtocolClient (GrpcServerProtocolClient.java:<init>(65)) - Build channel for s11|0.0.0.0:15011
2024-12-14 12:24:55,848 INFO  leader.FollowerInfo (FollowerInfoImpl.java:setAttemptedToInstallSnapshot(154)) - Follower s5@group-A5BB6EB0946F->s10 acknowledged installing snapshot
2024-12-14 12:24:55,848 INFO  leader.FollowerInfo (FollowerInfoImpl.java:setAttemptedToInstallSnapshot(154)) - Follower s5@group-A5BB6EB0946F->s13 acknowledged installing snapshot
2024-12-14 12:24:55,850 INFO  server.GrpcServerProtocolClient (GrpcServerProtocolClient.java:<init>(65)) - Build channel for s13|0.0.0.0:15013
2024-12-14 12:24:55,850 INFO  server.GrpcServerProtocolClient (GrpcServerProtocolClient.java:<init>(65)) - Build channel for s10|0.0.0.0:15010
2024-12-14 12:24:55,861 INFO  leader.FollowerInfo (FollowerInfoImpl.java:setAttemptedToInstallSnapshot(154)) - Follower s5@group-A5BB6EB0946F->s12 acknowledged installing snapshot
2024-12-14 12:24:55,861 INFO  server.GrpcServerProtocolClient (GrpcServerProtocolClient.java:<init>(65)) - Build channel for s12|0.0.0.0:15012
2024-12-14 12:24:55,865 TRACE util.FileUtils (LogUtils.java:supplyAndLog(69)) - Successfully supplied FileChannel.open /home/runner/work/ratis/ratis/ratis-examples/target/test/data/da5193cb/MiniRaftClusterWithGrpca0a5e6cd/s0/86d75030-f160-4ccc-af34-a5bb6eb0946f/current/raft-meta.conf.tmp with options [CREATE, WRITE]: sun.nio.ch.FileChannelImpl@5e115fbd
2024-12-14 12:24:55,865 TRACE util.FileUtils (LogUtils.java:supplyAndLog(69)) - Successfully supplied FileChannel.open /home/runner/work/ratis/ratis/ratis-examples/target/test/data/da5193cb/MiniRaftClusterWithGrpca0a5e6cd/s10/86d75030-f160-4ccc-af34-a5bb6eb0946f/current/raft-meta.tmp with options [CREATE, WRITE]: sun.nio.ch.FileChannelImpl@60f7f496
2024-12-14 12:24:55,865 TRACE util.FileUtils (LogUtils.java:supplyAndLog(69)) - Successfully supplied FileChannel.open /home/runner/work/ratis/ratis/ratis-examples/target/test/data/da5193cb/MiniRaftClusterWithGrpca0a5e6cd/s13/86d75030-f160-4ccc-af34-a5bb6eb0946f/current/raft-meta.tmp with options [CREATE, WRITE]: sun.nio.ch.FileChannelImpl@5eea541e
2024-12-14 12:24:55,866 TRACE util.FileUtils (LogUtils.java:supplyAndLog(69)) - Successfully supplied FileChannel.open /home/runner/work/ratis/ratis/ratis-examples/target/test/data/da5193cb/MiniRaftClusterWithGrpca0a5e6cd/s1/86d75030-f160-4ccc-af34-a5bb6eb0946f/current/raft-meta.conf.tmp with options [CREATE, WRITE]: sun.nio.ch.FileChannelImpl@61147233
2024-12-14 12:24:55,875 TRACE util.FileUtils (LogUtils.java:runAndLog(49)) - Successfully ran Atomic Files.move /home/runner/work/ratis/ratis/ratis-examples/target/test/data/da5193cb/MiniRaftClusterWithGrpca0a5e6cd/s0/86d75030-f160-4ccc-af34-a5bb6eb0946f/current/raft-meta.conf.tmp to /home/runner/work/ratis/ratis/ratis-examples/target/test/data/da5193cb/MiniRaftClusterWithGrpca0a5e6cd/s0/86d75030-f160-4ccc-af34-a5bb6eb0946f/current/raft-meta.conf with options [REPLACE_EXISTING]
2024-12-14 12:24:55,875 TRACE util.FileUtils (LogUtils.java:runAndLog(49)) - Successfully ran Atomic Files.move /home/runner/work/ratis/ratis/ratis-examples/target/test/data/da5193cb/MiniRaftClusterWithGrpca0a5e6cd/s10/86d75030-f160-4ccc-af34-a5bb6eb0946f/current/raft-meta.tmp to /home/runner/work/ratis/ratis/ratis-examples/target/test/data/da5193cb/MiniRaftClusterWithGrpca0a5e6cd/s10/86d75030-f160-4ccc-af34-a5bb6eb0946f/current/raft-meta with options [REPLACE_EXISTING]
2024-12-14 12:24:55,875 INFO  server.RaftServer$Division (RaftServerImpl.java:setFirstElection(563)) - s10@group-A5BB6EB0946F: set firstElectionSinceStartup to false for appendEntries
2024-12-14 12:24:55,875 INFO  server.RaftServer$Division (ServerState.java:setLeader(272)) - s10@group-A5BB6EB0946F: change Leader from null to s5 at term 1 for appendEntries, leader elected after 358ms
2024-12-14 12:24:55,877 TRACE util.FileUtils (LogUtils.java:runAndLog(49)) - Successfully ran Atomic Files.move /home/runner/work/ratis/ratis/ratis-examples/target/test/data/da5193cb/MiniRaftClusterWithGrpca0a5e6cd/s13/86d75030-f160-4ccc-af34-a5bb6eb0946f/current/raft-meta.tmp to /home/runner/work/ratis/ratis/ratis-examples/target/test/data/da5193cb/MiniRaftClusterWithGrpca0a5e6cd/s13/86d75030-f160-4ccc-af34-a5bb6eb0946f/current/raft-meta with options [REPLACE_EXISTING]
2024-12-14 12:24:55,877 INFO  server.RaftServer$Division (RaftServerImpl.java:setFirstElection(563)) - s13@group-A5BB6EB0946F: set firstElectionSinceStartup to false for appendEntries
2024-12-14 12:24:55,877 INFO  server.RaftServer$Division (ServerState.java:setLeader(272)) - s13@group-A5BB6EB0946F: change Leader from null to s5 at term 1 for appendEntries, leader elected after 268ms
2024-12-14 12:24:55,877 INFO  server.RaftServer$Division (ServerState.java:setRaftConf(386)) - s13@group-A5BB6EB0946F: set configuration conf: {index: 0, cur=peers:[s4|0.0.0.0:15004, s5|0.0.0.0:15005, s6|0.0.0.0:15006]|listeners:[], old=null}
2024-12-14 12:24:55,877 INFO  server.RaftServer$Division (ServerState.java:setRaftConf(386)) - s13@group-A5BB6EB0946F: set configuration conf: {index: 121, cur=peers:[s4|0.0.0.0:15004, s5|0.0.0.0:15005, s6|0.0.0.0:15006, s0|0.0.0.0:15000, s1|0.0.0.0:15001]|listeners:[], old=peers:[s4|0.0.0.0:15004, s5|0.0.0.0:15005, s6|0.0.0.0:15006]|listeners:[]}
2024-12-14 12:24:55,877 INFO  server.RaftServer$Division (ServerState.java:setRaftConf(386)) - s13@group-A5BB6EB0946F: set configuration conf: {index: 123, cur=peers:[s4|0.0.0.0:15004, s5|0.0.0.0:15005, s6|0.0.0.0:15006, s0|0.0.0.0:15000, s1|0.0.0.0:15001]|listeners:[], old=null}
2024-12-14 12:24:55,877 INFO  segmented.SegmentedRaftLogWorker (SegmentedRaftLogWorker.java:startLogSegment(443)) - s13@group-A5BB6EB0946F-SegmentedRaftLogWorker: Starting segment from index:0
2024-12-14 12:24:55,878 INFO  segmented.BufferedWriteChannel (BufferedWriteChannel.java:open(61)) - open log_inprogress_0 at position 0
2024-12-14 12:24:55,886 TRACE util.FileUtils (LogUtils.java:supplyAndLog(69)) - Successfully supplied FileChannel.open /home/runner/work/ratis/ratis/ratis-examples/target/test/data/da5193cb/MiniRaftClusterWithGrpca0a5e6cd/s12/86d75030-f160-4ccc-af34-a5bb6eb0946f/current/raft-meta.tmp with options [CREATE, WRITE]: sun.nio.ch.FileChannelImpl@2cea910f
2024-12-14 12:24:55,886 INFO  server.RaftServer$Division (ServerState.java:setRaftConf(386)) - s10@group-A5BB6EB0946F: set configuration conf: {index: 0, cur=peers:[s4|0.0.0.0:15004, s5|0.0.0.0:15005, s6|0.0.0.0:15006]|listeners:[], old=null}
2024-12-14 12:24:55,886 INFO  server.RaftServer$Division (ServerState.java:setRaftConf(386)) - s10@group-A5BB6EB0946F: set configuration conf: {index: 121, cur=peers:[s4|0.0.0.0:15004, s5|0.0.0.0:15005, s6|0.0.0.0:15006, s0|0.0.0.0:15000, s1|0.0.0.0:15001]|listeners:[], old=peers:[s4|0.0.0.0:15004, s5|0.0.0.0:15005, s6|0.0.0.0:15006]|listeners:[]}
2024-12-14 12:24:55,886 INFO  server.RaftServer$Division (ServerState.java:setRaftConf(386)) - s10@group-A5BB6EB0946F: set configuration conf: {index: 123, cur=peers:[s4|0.0.0.0:15004, s5|0.0.0.0:15005, s6|0.0.0.0:15006, s0|0.0.0.0:15000, s1|0.0.0.0:15001]|listeners:[], old=null}
2024-12-14 12:24:55,886 INFO  segmented.SegmentedRaftLogWorker (SegmentedRaftLogWorker.java:startLogSegment(443)) - s10@group-A5BB6EB0946F-SegmentedRaftLogWorker: Starting segment from index:0
2024-12-14 12:24:55,888 INFO  segmented.SegmentedRaftLogWorker (SegmentedRaftLogWorker.java:execute(667)) - s13@group-A5BB6EB0946F-SegmentedRaftLogWorker: created new log segment /home/runner/work/ratis/ratis/ratis-examples/target/test/data/da5193cb/MiniRaftClusterWithGrpca0a5e6cd/s13/86d75030-f160-4ccc-af34-a5bb6eb0946f/current/log_inprogress_0
2024-12-14 12:24:55,888 TRACE util.FileUtils (LogUtils.java:runAndLog(49)) - Successfully ran Atomic Files.move /home/runner/work/ratis/ratis/ratis-examples/target/test/data/da5193cb/MiniRaftClusterWithGrpca0a5e6cd/s1/86d75030-f160-4ccc-af34-a5bb6eb0946f/current/raft-meta.conf.tmp to /home/runner/work/ratis/ratis/ratis-examples/target/test/data/da5193cb/MiniRaftClusterWithGrpca0a5e6cd/s1/86d75030-f160-4ccc-af34-a5bb6eb0946f/current/raft-meta.conf with options [REPLACE_EXISTING]
2024-12-14 12:24:55,889 TRACE util.FileUtils (LogUtils.java:runAndLog(49)) - Successfully ran Atomic Files.move /home/runner/work/ratis/ratis/ratis-examples/target/test/data/da5193cb/MiniRaftClusterWithGrpca0a5e6cd/s12/86d75030-f160-4ccc-af34-a5bb6eb0946f/current/raft-meta.tmp to /home/runner/work/ratis/ratis/ratis-examples/target/test/data/da5193cb/MiniRaftClusterWithGrpca0a5e6cd/s12/86d75030-f160-4ccc-af34-a5bb6eb0946f/current/raft-meta with options [REPLACE_EXISTING]
2024-12-14 12:24:55,889 INFO  server.RaftServer$Division (RaftServerImpl.java:setFirstElection(563)) - s12@group-A5BB6EB0946F: set firstElectionSinceStartup to false for appendEntries
2024-12-14 12:24:55,889 INFO  server.RaftServer$Division (ServerState.java:setLeader(272)) - s12@group-A5BB6EB0946F: change Leader from null to s5 at term 1 for appendEntries, leader elected after 260ms
2024-12-14 12:24:55,896 TRACE util.FileUtils (LogUtils.java:supplyAndLog(69)) - Successfully supplied FileChannel.open /home/runner/work/ratis/ratis/ratis-examples/target/test/data/da5193cb/MiniRaftClusterWithGrpca0a5e6cd/s0/86d75030-f160-4ccc-af34-a5bb6eb0946f/current/raft-meta.conf.tmp with options [CREATE, WRITE]: sun.nio.ch.FileChannelImpl@50d6ba0f
2024-12-14 12:24:55,899 INFO  segmented.BufferedWriteChannel (BufferedWriteChannel.java:open(61)) - open log_inprogress_0 at position 0
2024-12-14 12:24:55,902 TRACE util.FileUtils (LogUtils.java:supplyAndLog(69)) - Successfully supplied FileChannel.open /home/runner/work/ratis/ratis/ratis-examples/target/test/data/da5193cb/MiniRaftClusterWithGrpca0a5e6cd/s1/86d75030-f160-4ccc-af34-a5bb6eb0946f/current/raft-meta.conf.tmp with options [CREATE, WRITE]: sun.nio.ch.FileChannelImpl@6fd39061
2024-12-14 12:24:55,906 INFO  server.RaftServer$Division (ServerState.java:setRaftConf(386)) - s12@group-A5BB6EB0946F: set configuration conf: {index: 0, cur=peers:[s4|0.0.0.0:15004, s5|0.0.0.0:15005, s6|0.0.0.0:15006]|listeners:[], old=null}
2024-12-14 12:24:55,906 INFO  server.RaftServer$Division (ServerState.java:setRaftConf(386)) - s12@group-A5BB6EB0946F: set configuration conf: {index: 121, cur=peers:[s4|0.0.0.0:15004, s5|0.0.0.0:15005, s6|0.0.0.0:15006, s0|0.0.0.0:15000, s1|0.0.0.0:15001]|listeners:[], old=peers:[s4|0.0.0.0:15004, s5|0.0.0.0:15005, s6|0.0.0.0:15006]|listeners:[]}
2024-12-14 12:24:55,907 INFO  server.RaftServer$Division (ServerState.java:setRaftConf(386)) - s12@group-A5BB6EB0946F: set configuration conf: {index: 123, cur=peers:[s4|0.0.0.0:15004, s5|0.0.0.0:15005, s6|0.0.0.0:15006, s0|0.0.0.0:15000, s1|0.0.0.0:15001]|listeners:[], old=null}
2024-12-14 12:24:55,907 INFO  segmented.SegmentedRaftLogWorker (SegmentedRaftLogWorker.java:startLogSegment(443)) - s12@group-A5BB6EB0946F-SegmentedRaftLogWorker: Starting segment from index:0
2024-12-14 12:24:55,907 TRACE util.FileUtils (LogUtils.java:runAndLog(49)) - Successfully ran Atomic Files.move /home/runner/work/ratis/ratis/ratis-examples/target/test/data/da5193cb/MiniRaftClusterWithGrpca0a5e6cd/s0/86d75030-f160-4ccc-af34-a5bb6eb0946f/current/raft-meta.conf.tmp to /home/runner/work/ratis/ratis/ratis-examples/target/test/data/da5193cb/MiniRaftClusterWithGrpca0a5e6cd/s0/86d75030-f160-4ccc-af34-a5bb6eb0946f/current/raft-meta.conf with options [REPLACE_EXISTING]
2024-12-14 12:24:55,907 TRACE util.FileUtils (LogUtils.java:runAndLog(49)) - Successfully ran Atomic Files.move /home/runner/work/ratis/ratis/ratis-examples/target/test/data/da5193cb/MiniRaftClusterWithGrpca0a5e6cd/s1/86d75030-f160-4ccc-af34-a5bb6eb0946f/current/raft-meta.conf.tmp to /home/runner/work/ratis/ratis/ratis-examples/target/test/data/da5193cb/MiniRaftClusterWithGrpca0a5e6cd/s1/86d75030-f160-4ccc-af34-a5bb6eb0946f/current/raft-meta.conf with options [REPLACE_EXISTING]
2024-12-14 12:24:55,907 TRACE util.FileUtils (LogUtils.java:supplyAndLog(69)) - Successfully supplied FileChannel.open /home/runner/work/ratis/ratis/ratis-examples/target/test/data/da5193cb/MiniRaftClusterWithGrpca0a5e6cd/s13/86d75030-f160-4ccc-af34-a5bb6eb0946f/current/raft-meta.conf.tmp with options [CREATE, WRITE]: sun.nio.ch.FileChannelImpl@1b34d9e7
2024-12-14 12:24:55,907 TRACE util.FileUtils (LogUtils.java:supplyAndLog(69)) - Successfully supplied FileChannel.open /home/runner/work/ratis/ratis/ratis-examples/target/test/data/da5193cb/MiniRaftClusterWithGrpca0a5e6cd/s1/86d75030-f160-4ccc-af34-a5bb6eb0946f/current/raft-meta.conf.tmp with options [CREATE, WRITE]: sun.nio.ch.FileChannelImpl@6bec1943
2024-12-14 12:24:55,907 TRACE util.FileUtils (LogUtils.java:supplyAndLog(69)) - Successfully supplied FileChannel.open /home/runner/work/ratis/ratis/ratis-examples/target/test/data/da5193cb/MiniRaftClusterWithGrpca0a5e6cd/s0/86d75030-f160-4ccc-af34-a5bb6eb0946f/current/raft-meta.conf.tmp with options [CREATE, WRITE]: sun.nio.ch.FileChannelImpl@54e934cd
2024-12-14 12:24:55,908 TRACE util.FileUtils (LogUtils.java:supplyAndLog(69)) - Successfully supplied FileChannel.open /home/runner/work/ratis/ratis/ratis-examples/target/test/data/da5193cb/MiniRaftClusterWithGrpca0a5e6cd/s11/86d75030-f160-4ccc-af34-a5bb6eb0946f/current/raft-meta.tmp with options [CREATE, WRITE]: sun.nio.ch.FileChannelImpl@5fb2828
2024-12-14 12:24:55,911 TRACE util.FileUtils (LogUtils.java:runAndLog(49)) - Successfully ran Atomic Files.move /home/runner/work/ratis/ratis/ratis-examples/target/test/data/da5193cb/MiniRaftClusterWithGrpca0a5e6cd/s13/86d75030-f160-4ccc-af34-a5bb6eb0946f/current/raft-meta.conf.tmp to /home/runner/work/ratis/ratis/ratis-examples/target/test/data/da5193cb/MiniRaftClusterWithGrpca0a5e6cd/s13/86d75030-f160-4ccc-af34-a5bb6eb0946f/current/raft-meta.conf with options [REPLACE_EXISTING]
2024-12-14 12:24:55,911 TRACE util.FileUtils (LogUtils.java:runAndLog(49)) - Successfully ran Atomic Files.move /home/runner/work/ratis/ratis/ratis-examples/target/test/data/da5193cb/MiniRaftClusterWithGrpca0a5e6cd/s0/86d75030-f160-4ccc-af34-a5bb6eb0946f/current/raft-meta.conf.tmp to /home/runner/work/ratis/ratis/ratis-examples/target/test/data/da5193cb/MiniRaftClusterWithGrpca0a5e6cd/s0/86d75030-f160-4ccc-af34-a5bb6eb0946f/current/raft-meta.conf with options [REPLACE_EXISTING]
2024-12-14 12:24:55,911 TRACE util.FileUtils (LogUtils.java:runAndLog(49)) - Successfully ran Atomic Files.move /home/runner/work/ratis/ratis/ratis-examples/target/test/data/da5193cb/MiniRaftClusterWithGrpca0a5e6cd/s1/86d75030-f160-4ccc-af34-a5bb6eb0946f/current/raft-meta.conf.tmp to /home/runner/work/ratis/ratis/ratis-examples/target/test/data/da5193cb/MiniRaftClusterWithGrpca0a5e6cd/s1/86d75030-f160-4ccc-af34-a5bb6eb0946f/current/raft-meta.conf with options [REPLACE_EXISTING]
2024-12-14 12:24:55,913 TRACE util.FileUtils (LogUtils.java:runAndLog(49)) - Successfully ran Atomic Files.move /home/runner/work/ratis/ratis/ratis-examples/target/test/data/da5193cb/MiniRaftClusterWithGrpca0a5e6cd/s11/86d75030-f160-4ccc-af34-a5bb6eb0946f/current/raft-meta.tmp to /home/runner/work/ratis/ratis/ratis-examples/target/test/data/da5193cb/MiniRaftClusterWithGrpca0a5e6cd/s11/86d75030-f160-4ccc-af34-a5bb6eb0946f/current/raft-meta with options [REPLACE_EXISTING]
2024-12-14 12:24:55,913 INFO  server.RaftServer$Division (RaftServerImpl.java:setFirstElection(563)) - s11@group-A5BB6EB0946F: set firstElectionSinceStartup to false for appendEntries
2024-12-14 12:24:55,913 INFO  server.RaftServer$Division (ServerState.java:setLeader(272)) - s11@group-A5BB6EB0946F: change Leader from null to s5 at term 1 for appendEntries, leader elected after 337ms
2024-12-14 12:24:55,914 INFO  segmented.BufferedWriteChannel (BufferedWriteChannel.java:open(61)) - open log_inprogress_0 at position 0
2024-12-14 12:24:55,914 INFO  segmented.SegmentedRaftLogWorker (SegmentedRaftLogWorker.java:execute(667)) - s10@group-A5BB6EB0946F-SegmentedRaftLogWorker: created new log segment /home/runner/work/ratis/ratis/ratis-examples/target/test/data/da5193cb/MiniRaftClusterWithGrpca0a5e6cd/s10/86d75030-f160-4ccc-af34-a5bb6eb0946f/current/log_inprogress_0
2024-12-14 12:24:55,916 INFO  server.RaftServer$Division (ServerState.java:setRaftConf(386)) - s5@group-A5BB6EB0946F: set configuration conf: {index: 125, cur=peers:[s4|0.0.0.0:15004, s5|0.0.0.0:15005, s11|0.0.0.0:15011, s6|0.0.0.0:15006, s10|0.0.0.0:15010, s13|0.0.0.0:15013, s12|0.0.0.0:15012, s0|0.0.0.0:15000, s1|0.0.0.0:15001]|listeners:[], old=peers:[s4|0.0.0.0:15004, s5|0.0.0.0:15005, s6|0.0.0.0:15006, s0|0.0.0.0:15000, s1|0.0.0.0:15001]|listeners:[]}
2024-12-14 12:24:55,918 INFO  server.RaftServer$Division (ServerState.java:setRaftConf(386)) - s0@group-A5BB6EB0946F: set configuration conf: {index: 125, cur=peers:[s4|0.0.0.0:15004, s5|0.0.0.0:15005, s11|0.0.0.0:15011, s6|0.0.0.0:15006, s10|0.0.0.0:15010, s13|0.0.0.0:15013, s12|0.0.0.0:15012, s0|0.0.0.0:15000, s1|0.0.0.0:15001]|listeners:[], old=peers:[s4|0.0.0.0:15004, s5|0.0.0.0:15005, s6|0.0.0.0:15006, s0|0.0.0.0:15000, s1|0.0.0.0:15001]|listeners:[]}
2024-12-14 12:24:55,918 INFO  server.RaftServer$Division (ServerState.java:setRaftConf(386)) - s6@group-A5BB6EB0946F: set configuration conf: {index: 125, cur=peers:[s4|0.0.0.0:15004, s5|0.0.0.0:15005, s11|0.0.0.0:15011, s6|0.0.0.0:15006, s10|0.0.0.0:15010, s13|0.0.0.0:15013, s12|0.0.0.0:15012, s0|0.0.0.0:15000, s1|0.0.0.0:15001]|listeners:[], old=peers:[s4|0.0.0.0:15004, s5|0.0.0.0:15005, s6|0.0.0.0:15006, s0|0.0.0.0:15000, s1|0.0.0.0:15001]|listeners:[]}
2024-12-14 12:24:55,918 INFO  server.RaftServer$Division (ServerState.java:setRaftConf(386)) - s1@group-A5BB6EB0946F: set configuration conf: {index: 125, cur=peers:[s4|0.0.0.0:15004, s5|0.0.0.0:15005, s11|0.0.0.0:15011, s6|0.0.0.0:15006, s10|0.0.0.0:15010, s13|0.0.0.0:15013, s12|0.0.0.0:15012, s0|0.0.0.0:15000, s1|0.0.0.0:15001]|listeners:[], old=peers:[s4|0.0.0.0:15004, s5|0.0.0.0:15005, s6|0.0.0.0:15006, s0|0.0.0.0:15000, s1|0.0.0.0:15001]|listeners:[]}
2024-12-14 12:24:55,920 INFO  server.RaftServer$Division (ServerState.java:setRaftConf(386)) - s4@group-A5BB6EB0946F: set configuration conf: {index: 125, cur=peers:[s4|0.0.0.0:15004, s5|0.0.0.0:15005, s11|0.0.0.0:15011, s6|0.0.0.0:15006, s10|0.0.0.0:15010, s13|0.0.0.0:15013, s12|0.0.0.0:15012, s0|0.0.0.0:15000, s1|0.0.0.0:15001]|listeners:[], old=peers:[s4|0.0.0.0:15004, s5|0.0.0.0:15005, s6|0.0.0.0:15006, s0|0.0.0.0:15000, s1|0.0.0.0:15001]|listeners:[]}
2024-12-14 12:24:55,922 TRACE util.FileUtils (LogUtils.java:supplyAndLog(69)) - Successfully supplied FileChannel.open /home/runner/work/ratis/ratis/ratis-examples/target/test/data/da5193cb/MiniRaftClusterWithGrpca0a5e6cd/s13/86d75030-f160-4ccc-af34-a5bb6eb0946f/current/raft-meta.conf.tmp with options [CREATE, WRITE]: sun.nio.ch.FileChannelImpl@15f324f1
2024-12-14 12:24:55,923 TRACE util.FileUtils (LogUtils.java:supplyAndLog(69)) - Successfully supplied FileChannel.open /home/runner/work/ratis/ratis/ratis-examples/target/test/data/da5193cb/MiniRaftClusterWithGrpca0a5e6cd/s10/86d75030-f160-4ccc-af34-a5bb6eb0946f/current/raft-meta.conf.tmp with options [CREATE, WRITE]: sun.nio.ch.FileChannelImpl@215f2ec4
2024-12-14 12:24:55,924 INFO  impl.RoleInfo (RoleInfo.java:updateAndGet(148)) - s10: start s10@group-A5BB6EB0946F-FollowerState
2024-12-14 12:24:55,924 INFO  server.RaftServer$Division (ServerState.java:setRaftConf(386)) - s11@group-A5BB6EB0946F: set configuration conf: {index: 0, cur=peers:[s4|0.0.0.0:15004, s5|0.0.0.0:15005, s6|0.0.0.0:15006]|listeners:[], old=null}
2024-12-14 12:24:55,924 INFO  server.RaftServer$Division (ServerState.java:setRaftConf(386)) - s11@group-A5BB6EB0946F: set configuration conf: {index: 121, cur=peers:[s4|0.0.0.0:15004, s5|0.0.0.0:15005, s6|0.0.0.0:15006, s0|0.0.0.0:15000, s1|0.0.0.0:15001]|listeners:[], old=peers:[s4|0.0.0.0:15004, s5|0.0.0.0:15005, s6|0.0.0.0:15006]|listeners:[]}
2024-12-14 12:24:55,924 INFO  server.RaftServer$Division (ServerState.java:setRaftConf(386)) - s11@group-A5BB6EB0946F: set configuration conf: {index: 123, cur=peers:[s4|0.0.0.0:15004, s5|0.0.0.0:15005, s6|0.0.0.0:15006, s0|0.0.0.0:15000, s1|0.0.0.0:15001]|listeners:[], old=null}
2024-12-14 12:24:55,924 INFO  segmented.SegmentedRaftLogWorker (SegmentedRaftLogWorker.java:startLogSegment(443)) - s11@group-A5BB6EB0946F-SegmentedRaftLogWorker: Starting segment from index:0
2024-12-14 12:24:55,927 INFO  server.RaftServer$Division (ServerState.java:setRaftConf(386)) - s4@group-A5BB6EB0946F: set configuration conf: {index: 127, cur=peers:[s4|0.0.0.0:15004, s5|0.0.0.0:15005, s11|0.0.0.0:15011, s6|0.0.0.0:15006, s10|0.0.0.0:15010, s13|0.0.0.0:15013, s12|0.0.0.0:15012, s0|0.0.0.0:15000, s1|0.0.0.0:15001]|listeners:[], old=null}
2024-12-14 12:24:55,927 INFO  server.RaftServer$Division (ServerState.java:setRaftConf(386)) - s6@group-A5BB6EB0946F: set configuration conf: {index: 127, cur=peers:[s4|0.0.0.0:15004, s5|0.0.0.0:15005, s11|0.0.0.0:15011, s6|0.0.0.0:15006, s10|0.0.0.0:15010, s13|0.0.0.0:15013, s12|0.0.0.0:15012, s0|0.0.0.0:15000, s1|0.0.0.0:15001]|listeners:[], old=null}
2024-12-14 12:24:55,928 INFO  server.RaftServer$Division (ServerState.java:setRaftConf(386)) - s0@group-A5BB6EB0946F: set configuration conf: {index: 127, cur=peers:[s4|0.0.0.0:15004, s5|0.0.0.0:15005, s11|0.0.0.0:15011, s6|0.0.0.0:15006, s10|0.0.0.0:15010, s13|0.0.0.0:15013, s12|0.0.0.0:15012, s0|0.0.0.0:15000, s1|0.0.0.0:15001]|listeners:[], old=null}
2024-12-14 12:24:55,925 INFO  server.RaftServer$Division (ServerState.java:setRaftConf(386)) - s5@group-A5BB6EB0946F: set configuration conf: {index: 127, cur=peers:[s4|0.0.0.0:15004, s5|0.0.0.0:15005, s11|0.0.0.0:15011, s6|0.0.0.0:15006, s10|0.0.0.0:15010, s13|0.0.0.0:15013, s12|0.0.0.0:15012, s0|0.0.0.0:15000, s1|0.0.0.0:15001]|listeners:[], old=null}
2024-12-14 12:24:55,926 INFO  server.RaftServer$Division (ServerState.java:setRaftConf(386)) - s1@group-A5BB6EB0946F: set configuration conf: {index: 127, cur=peers:[s4|0.0.0.0:15004, s5|0.0.0.0:15005, s11|0.0.0.0:15011, s6|0.0.0.0:15006, s10|0.0.0.0:15010, s13|0.0.0.0:15013, s12|0.0.0.0:15012, s0|0.0.0.0:15000, s1|0.0.0.0:15001]|listeners:[], old=null}
2024-12-14 12:24:55,928 TRACE util.FileUtils (LogUtils.java:supplyAndLog(69)) - Successfully supplied FileChannel.open /home/runner/work/ratis/ratis/ratis-examples/target/test/data/da5193cb/MiniRaftClusterWithGrpca0a5e6cd/s6/86d75030-f160-4ccc-af34-a5bb6eb0946f/current/raft-meta.conf.tmp with options [CREATE, WRITE]: sun.nio.ch.FileChannelImpl@1a4bedeb
2024-12-14 12:24:55,928 TRACE util.FileUtils (LogUtils.java:supplyAndLog(69)) - Successfully supplied FileChannel.open /home/runner/work/ratis/ratis/ratis-examples/target/test/data/da5193cb/MiniRaftClusterWithGrpca0a5e6cd/s0/86d75030-f160-4ccc-af34-a5bb6eb0946f/current/raft-meta.conf.tmp with options [CREATE, WRITE]: sun.nio.ch.FileChannelImpl@11ebb034
2024-12-14 12:24:55,930 TRACE util.FileUtils (LogUtils.java:supplyAndLog(69)) - Successfully supplied FileChannel.open /home/runner/work/ratis/ratis/ratis-examples/target/test/data/da5193cb/MiniRaftClusterWithGrpca0a5e6cd/s1/86d75030-f160-4ccc-af34-a5bb6eb0946f/current/raft-meta.conf.tmp with options [CREATE, WRITE]: sun.nio.ch.FileChannelImpl@2eee9a5a
2024-12-14 12:24:55,931 TRACE util.FileUtils (LogUtils.java:supplyAndLog(69)) - Successfully supplied FileChannel.open /home/runner/work/ratis/ratis/ratis-examples/target/test/data/da5193cb/MiniRaftClusterWithGrpca0a5e6cd/s4/86d75030-f160-4ccc-af34-a5bb6eb0946f/current/raft-meta.conf.tmp with options [CREATE, WRITE]: sun.nio.ch.FileChannelImpl@53dfaebf
2024-12-14 12:24:55,933 INFO  segmented.SegmentedRaftLogWorker (SegmentedRaftLogWorker.java:execute(667)) - s12@group-A5BB6EB0946F-SegmentedRaftLogWorker: created new log segment /home/runner/work/ratis/ratis/ratis-examples/target/test/data/da5193cb/MiniRaftClusterWithGrpca0a5e6cd/s12/86d75030-f160-4ccc-af34-a5bb6eb0946f/current/log_inprogress_0
2024-12-14 12:24:55,925 TRACE util.FileUtils (LogUtils.java:runAndLog(49)) - Successfully ran Atomic Files.move /home/runner/work/ratis/ratis/ratis-examples/target/test/data/da5193cb/MiniRaftClusterWithGrpca0a5e6cd/s13/86d75030-f160-4ccc-af34-a5bb6eb0946f/current/raft-meta.conf.tmp to /home/runner/work/ratis/ratis/ratis-examples/target/test/data/da5193cb/MiniRaftClusterWithGrpca0a5e6cd/s13/86d75030-f160-4ccc-af34-a5bb6eb0946f/current/raft-meta.conf with options [REPLACE_EXISTING]
2024-12-14 12:24:55,934 TRACE util.FileUtils (LogUtils.java:supplyAndLog(69)) - Successfully supplied FileChannel.open /home/runner/work/ratis/ratis/ratis-examples/target/test/data/da5193cb/MiniRaftClusterWithGrpca0a5e6cd/s13/86d75030-f160-4ccc-af34-a5bb6eb0946f/current/raft-meta.conf.tmp with options [CREATE, WRITE]: sun.nio.ch.FileChannelImpl@11ccb297
2024-12-14 12:24:55,925 TRACE util.FileUtils (LogUtils.java:supplyAndLog(69)) - Successfully supplied FileChannel.open /home/runner/work/ratis/ratis/ratis-examples/target/test/data/da5193cb/MiniRaftClusterWithGrpca0a5e6cd/s5/86d75030-f160-4ccc-af34-a5bb6eb0946f/current/raft-meta.conf.tmp with options [CREATE, WRITE]: sun.nio.ch.FileChannelImpl@c8ea00a
2024-12-14 12:24:55,937 TRACE util.FileUtils (LogUtils.java:runAndLog(49)) - Successfully ran Atomic Files.move /home/runner/work/ratis/ratis/ratis-examples/target/test/data/da5193cb/MiniRaftClusterWithGrpca0a5e6cd/s0/86d75030-f160-4ccc-af34-a5bb6eb0946f/current/raft-meta.conf.tmp to /home/runner/work/ratis/ratis/ratis-examples/target/test/data/da5193cb/MiniRaftClusterWithGrpca0a5e6cd/s0/86d75030-f160-4ccc-af34-a5bb6eb0946f/current/raft-meta.conf with options [REPLACE_EXISTING]
2024-12-14 12:24:55,939 TRACE util.FileUtils (LogUtils.java:runAndLog(49)) - Successfully ran Atomic Files.move /home/runner/work/ratis/ratis/ratis-examples/target/test/data/da5193cb/MiniRaftClusterWithGrpca0a5e6cd/s6/86d75030-f160-4ccc-af34-a5bb6eb0946f/current/raft-meta.conf.tmp to /home/runner/work/ratis/ratis/ratis-examples/target/test/data/da5193cb/MiniRaftClusterWithGrpca0a5e6cd/s6/86d75030-f160-4ccc-af34-a5bb6eb0946f/current/raft-meta.conf with options [REPLACE_EXISTING]
2024-12-14 12:24:55,939 TRACE util.FileUtils (LogUtils.java:runAndLog(49)) - Successfully ran Atomic Files.move /home/runner/work/ratis/ratis/ratis-examples/target/test/data/da5193cb/MiniRaftClusterWithGrpca0a5e6cd/s1/86d75030-f160-4ccc-af34-a5bb6eb0946f/current/raft-meta.conf.tmp to /home/runner/work/ratis/ratis/ratis-examples/target/test/data/da5193cb/MiniRaftClusterWithGrpca0a5e6cd/s1/86d75030-f160-4ccc-af34-a5bb6eb0946f/current/raft-meta.conf with options [REPLACE_EXISTING]
2024-12-14 12:24:55,939 INFO  server.RaftServer$Division (ServerState.java:setRaftConf(386)) - s10@group-A5BB6EB0946F: set configuration conf: {index: 125, cur=peers:[s4|0.0.0.0:15004, s5|0.0.0.0:15005, s11|0.0.0.0:15011, s6|0.0.0.0:15006, s10|0.0.0.0:15010, s13|0.0.0.0:15013, s12|0.0.0.0:15012, s0|0.0.0.0:15000, s1|0.0.0.0:15001]|listeners:[], old=peers:[s4|0.0.0.0:15004, s5|0.0.0.0:15005, s6|0.0.0.0:15006, s0|0.0.0.0:15000, s1|0.0.0.0:15001]|listeners:[]}
2024-12-14 12:24:55,939 TRACE util.FileUtils (LogUtils.java:runAndLog(49)) - Successfully ran Atomic Files.move /home/runner/work/ratis/ratis/ratis-examples/target/test/data/da5193cb/MiniRaftClusterWithGrpca0a5e6cd/s5/86d75030-f160-4ccc-af34-a5bb6eb0946f/current/raft-meta.conf.tmp to /home/runner/work/ratis/ratis/ratis-examples/target/test/data/da5193cb/MiniRaftClusterWithGrpca0a5e6cd/s5/86d75030-f160-4ccc-af34-a5bb6eb0946f/current/raft-meta.conf with options [REPLACE_EXISTING]
2024-12-14 12:24:55,939 TRACE util.FileUtils (LogUtils.java:runAndLog(49)) - Successfully ran Atomic Files.move /home/runner/work/ratis/ratis/ratis-examples/target/test/data/da5193cb/MiniRaftClusterWithGrpca0a5e6cd/s13/86d75030-f160-4ccc-af34-a5bb6eb0946f/current/raft-meta.conf.tmp to /home/runner/work/ratis/ratis/ratis-examples/target/test/data/da5193cb/MiniRaftClusterWithGrpca0a5e6cd/s13/86d75030-f160-4ccc-af34-a5bb6eb0946f/current/raft-meta.conf with options [REPLACE_EXISTING]
2024-12-14 12:24:55,939 TRACE util.FileUtils (LogUtils.java:runAndLog(49)) - Successfully ran Atomic Files.move /home/runner/work/ratis/ratis/ratis-examples/target/test/data/da5193cb/MiniRaftClusterWithGrpca0a5e6cd/s4/86d75030-f160-4ccc-af34-a5bb6eb0946f/current/raft-meta.conf.tmp to /home/runner/work/ratis/ratis/ratis-examples/target/test/data/da5193cb/MiniRaftClusterWithGrpca0a5e6cd/s4/86d75030-f160-4ccc-af34-a5bb6eb0946f/current/raft-meta.conf with options [REPLACE_EXISTING]
2024-12-14 12:24:55,941 TRACE util.FileUtils (LogUtils.java:runAndLog(49)) - Successfully ran Atomic Files.move /home/runner/work/ratis/ratis/ratis-examples/target/test/data/da5193cb/MiniRaftClusterWithGrpca0a5e6cd/s10/86d75030-f160-4ccc-af34-a5bb6eb0946f/current/raft-meta.conf.tmp to /home/runner/work/ratis/ratis/ratis-examples/target/test/data/da5193cb/MiniRaftClusterWithGrpca0a5e6cd/s10/86d75030-f160-4ccc-af34-a5bb6eb0946f/current/raft-meta.conf with options [REPLACE_EXISTING]
2024-12-14 12:24:55,941 INFO  server.RaftServer$Division (ServerState.java:setRaftConf(386)) - s10@group-A5BB6EB0946F: set configuration conf: {index: 127, cur=peers:[s4|0.0.0.0:15004, s5|0.0.0.0:15005, s11|0.0.0.0:15011, s6|0.0.0.0:15006, s10|0.0.0.0:15010, s13|0.0.0.0:15013, s12|0.0.0.0:15012, s0|0.0.0.0:15000, s1|0.0.0.0:15001]|listeners:[], old=null}
2024-12-14 12:24:55,942 INFO  segmented.BufferedWriteChannel (BufferedWriteChannel.java:open(61)) - open log_inprogress_0 at position 0
2024-12-14 12:24:55,945 INFO  impl.RoleInfo (RoleInfo.java:updateAndGet(148)) - s12: start s12@group-A5BB6EB0946F-FollowerState
2024-12-14 12:24:55,945 INFO  impl.RoleInfo (RoleInfo.java:updateAndGet(148)) - s13: start s13@group-A5BB6EB0946F-FollowerState
2024-12-14 12:24:55,949 TRACE util.FileUtils (LogUtils.java:supplyAndLog(69)) - Successfully supplied FileChannel.open /home/runner/work/ratis/ratis/ratis-examples/target/test/data/da5193cb/MiniRaftClusterWithGrpca0a5e6cd/s12/86d75030-f160-4ccc-af34-a5bb6eb0946f/current/raft-meta.conf.tmp with options [CREATE, WRITE]: sun.nio.ch.FileChannelImpl@50e45f6f
2024-12-14 12:24:55,955 INFO  server.RaftServer$Division (ServerState.java:setRaftConf(386)) - s12@group-A5BB6EB0946F: set configuration conf: {index: 125, cur=peers:[s4|0.0.0.0:15004, s5|0.0.0.0:15005, s11|0.0.0.0:15011, s6|0.0.0.0:15006, s10|0.0.0.0:15010, s13|0.0.0.0:15013, s12|0.0.0.0:15012, s0|0.0.0.0:15000, s1|0.0.0.0:15001]|listeners:[], old=peers:[s4|0.0.0.0:15004, s5|0.0.0.0:15005, s6|0.0.0.0:15006, s0|0.0.0.0:15000, s1|0.0.0.0:15001]|listeners:[]}
2024-12-14 12:24:55,960 INFO  segmented.SegmentedRaftLogWorker (SegmentedRaftLogWorker.java:execute(667)) - s11@group-A5BB6EB0946F-SegmentedRaftLogWorker: created new log segment /home/runner/work/ratis/ratis/ratis-examples/target/test/data/da5193cb/MiniRaftClusterWithGrpca0a5e6cd/s11/86d75030-f160-4ccc-af34-a5bb6eb0946f/current/log_inprogress_0
2024-12-14 12:24:55,955 INFO  impl.RoleInfo (RoleInfo.java:updateAndGet(148)) - s11: start s11@group-A5BB6EB0946F-FollowerState
2024-12-14 12:24:55,955 INFO  server.RaftServer$Division (RaftServerImpl.java:setConfigurationAsync(1341)) - s5@group-A5BB6EB0946F: receive setConfiguration SetConfigurationRequest:client-85D2D876D74A->s5@group-A5BB6EB0946F, cid=3875, seq=null, RW, null, SET_UNCONDITIONALLY, servers:[s3|0.0.0.0:15003, s4|0.0.0.0:15004, s5|0.0.0.0:15005, s6|0.0.0.0:15006, s7|0.0.0.0:15007, s8|0.0.0.0:15008, s9|0.0.0.0:15009, s11|0.0.0.0:15011, s10|0.0.0.0:15010, s13|0.0.0.0:15013, s12|0.0.0.0:15012, s14|0.0.0.0:15014, s0|0.0.0.0:15000, s1|0.0.0.0:15001, s2|0.0.0.0:15002], listeners:[]
2024-12-14 12:24:55,960 INFO  server.RaftServer$Division (LeaderStateImpl.java:startSetConfiguration(486)) - s5@group-A5BB6EB0946F-LeaderStateImpl: startSetConfiguration SetConfigurationRequest:client-85D2D876D74A->s5@group-A5BB6EB0946F, cid=3875, seq=null, RW, null, SET_UNCONDITIONALLY, servers:[s3|0.0.0.0:15003, s4|0.0.0.0:15004, s5|0.0.0.0:15005, s6|0.0.0.0:15006, s7|0.0.0.0:15007, s8|0.0.0.0:15008, s9|0.0.0.0:15009, s11|0.0.0.0:15011, s10|0.0.0.0:15010, s13|0.0.0.0:15013, s12|0.0.0.0:15012, s14|0.0.0.0:15014, s0|0.0.0.0:15000, s1|0.0.0.0:15001, s2|0.0.0.0:15002], listeners:[]
2024-12-14 12:24:55,961 INFO  server.RaftServerConfigKeys (ConfUtils.java:logGet(46)) - raft.server.log.appender.snapshot.chunk.size.max = 16MB (=16777216) (default)
2024-12-14 12:24:55,961 INFO  server.RaftServerConfigKeys (ConfUtils.java:logGet(46)) - raft.server.log.appender.buffer.byte-limit = 4MB (=4194304) (default)
2024-12-14 12:24:55,961 INFO  server.RaftServerConfigKeys (ConfUtils.java:logGet(46)) - raft.server.log.appender.buffer.element-limit = 0 (default)
2024-12-14 12:24:55,961 INFO  server.RaftServerConfigKeys (ConfUtils.java:logGet(46)) - raft.server.log.appender.wait-time.min = 1ms (default)
2024-12-14 12:24:55,961 INFO  grpc.GrpcConfigKeys (ConfUtils.java:logGet(46)) - raft.grpc.server.leader.outstanding.appends.max = 8 (default)
2024-12-14 12:24:55,961 INFO  server.RaftServerConfigKeys (ConfUtils.java:logGet(46)) - raft.server.rpc.request.timeout = 3000ms (default)
2024-12-14 12:24:55,961 INFO  grpc.GrpcConfigKeys (ConfUtils.java:logGet(46)) - raft.grpc.server.install_snapshot.request.element-limit = 8 (default)
2024-12-14 12:24:55,961 INFO  grpc.GrpcConfigKeys (ConfUtils.java:logGet(46)) - raft.grpc.server.install_snapshot.request.timeout = 3000ms (default)
2024-12-14 12:24:55,961 INFO  grpc.GrpcConfigKeys (ConfUtils.java:logGet(46)) - raft.grpc.server.log-message.batch.duration = 5s (default)
2024-12-14 12:24:55,961 INFO  server.RaftServerConfigKeys (ConfUtils.java:logGet(46)) - raft.server.log.appender.install.snapshot.enabled = true (default)
2024-12-14 12:24:55,961 INFO  grpc.GrpcConfigKeys (ConfUtils.java:logGet(46)) - raft.grpc.server.heartbeat.channel = true (default)
2024-12-14 12:24:55,961 TRACE util.FileUtils (LogUtils.java:supplyAndLog(69)) - Successfully supplied FileChannel.open /home/runner/work/ratis/ratis/ratis-examples/target/test/data/da5193cb/MiniRaftClusterWithGrpca0a5e6cd/s6/86d75030-f160-4ccc-af34-a5bb6eb0946f/current/raft-meta.conf.tmp with options [CREATE, WRITE]: sun.nio.ch.FileChannelImpl@47bf7417
2024-12-14 12:24:55,965 TRACE util.FileUtils (LogUtils.java:supplyAndLog(69)) - Successfully supplied FileChannel.open /home/runner/work/ratis/ratis/ratis-examples/target/test/data/da5193cb/MiniRaftClusterWithGrpca0a5e6cd/s11/86d75030-f160-4ccc-af34-a5bb6eb0946f/current/raft-meta.conf.tmp with options [CREATE, WRITE]: sun.nio.ch.FileChannelImpl@5759232c
2024-12-14 12:24:55,960 INFO  server.RaftServer$Division (ServerState.java:setRaftConf(386)) - s13@group-A5BB6EB0946F: set configuration conf: {index: 125, cur=peers:[s4|0.0.0.0:15004, s5|0.0.0.0:15005, s11|0.0.0.0:15011, s6|0.0.0.0:15006, s10|0.0.0.0:15010, s13|0.0.0.0:15013, s12|0.0.0.0:15012, s0|0.0.0.0:15000, s1|0.0.0.0:15001]|listeners:[], old=peers:[s4|0.0.0.0:15004, s5|0.0.0.0:15005, s6|0.0.0.0:15006, s0|0.0.0.0:15000, s1|0.0.0.0:15001]|listeners:[]}
2024-12-14 12:24:55,962 TRACE util.FileUtils (LogUtils.java:supplyAndLog(69)) - Successfully supplied FileChannel.open /home/runner/work/ratis/ratis/ratis-examples/target/test/data/da5193cb/MiniRaftClusterWithGrpca0a5e6cd/s1/86d75030-f160-4ccc-af34-a5bb6eb0946f/current/raft-meta.conf.tmp with options [CREATE, WRITE]: sun.nio.ch.FileChannelImpl@6c29f05e
2024-12-14 12:24:55,962 INFO  server.RaftServerConfigKeys (ConfUtils.java:logGet(46)) - raft.server.log.appender.snapshot.chunk.size.max = 16MB (=16777216) (default)
2024-12-14 12:24:55,967 INFO  server.RaftServerConfigKeys (ConfUtils.java:logGet(46)) - raft.server.log.appender.buffer.byte-limit = 4MB (=4194304) (default)
2024-12-14 12:24:55,967 INFO  server.RaftServerConfigKeys (ConfUtils.java:logGet(46)) - raft.server.log.appender.buffer.element-limit = 0 (default)
2024-12-14 12:24:55,967 INFO  server.RaftServerConfigKeys (ConfUtils.java:logGet(46)) - raft.server.log.appender.wait-time.min = 1ms (default)
2024-12-14 12:24:55,968 INFO  grpc.GrpcConfigKeys (ConfUtils.java:logGet(46)) - raft.grpc.server.leader.outstanding.appends.max = 8 (default)
2024-12-14 12:24:55,968 INFO  server.RaftServerConfigKeys (ConfUtils.java:logGet(46)) - raft.server.rpc.request.timeout = 3000ms (default)
2024-12-14 12:24:55,962 TRACE util.FileUtils (LogUtils.java:supplyAndLog(69)) - Successfully supplied FileChannel.open /home/runner/work/ratis/ratis/ratis-examples/target/test/data/da5193cb/MiniRaftClusterWithGrpca0a5e6cd/s4/86d75030-f160-4ccc-af34-a5bb6eb0946f/current/raft-meta.conf.tmp with options [CREATE, WRITE]: sun.nio.ch.FileChannelImpl@6507836d
2024-12-14 12:24:55,970 TRACE util.FileUtils (LogUtils.java:runAndLog(49)) - Successfully ran Atomic Files.move /home/runner/work/ratis/ratis/ratis-examples/target/test/data/da5193cb/MiniRaftClusterWithGrpca0a5e6cd/s11/86d75030-f160-4ccc-af34-a5bb6eb0946f/current/raft-meta.conf.tmp to /home/runner/work/ratis/ratis/ratis-examples/target/test/data/da5193cb/MiniRaftClusterWithGrpca0a5e6cd/s11/86d75030-f160-4ccc-af34-a5bb6eb0946f/current/raft-meta.conf with options [REPLACE_EXISTING]
2024-12-14 12:24:55,961 TRACE util.FileUtils (LogUtils.java:supplyAndLog(69)) - Successfully supplied FileChannel.open /home/runner/work/ratis/ratis/ratis-examples/target/test/data/da5193cb/MiniRaftClusterWithGrpca0a5e6cd/s5/86d75030-f160-4ccc-af34-a5bb6eb0946f/current/raft-meta.conf.tmp with options [CREATE, WRITE]: sun.nio.ch.FileChannelImpl@3c45eaac
2024-12-14 12:24:55,961 TRACE util.FileUtils (LogUtils.java:supplyAndLog(69)) - Successfully supplied FileChannel.open /home/runner/work/ratis/ratis/ratis-examples/target/test/data/da5193cb/MiniRaftClusterWithGrpca0a5e6cd/s0/86d75030-f160-4ccc-af34-a5bb6eb0946f/current/raft-meta.conf.tmp with options [CREATE, WRITE]: sun.nio.ch.FileChannelImpl@4553e903
2024-12-14 12:24:55,961 TRACE util.FileUtils (LogUtils.java:supplyAndLog(69)) - Successfully supplied FileChannel.open /home/runner/work/ratis/ratis/ratis-examples/target/test/data/da5193cb/MiniRaftClusterWithGrpca0a5e6cd/s10/86d75030-f160-4ccc-af34-a5bb6eb0946f/current/raft-meta.conf.tmp with options [CREATE, WRITE]: sun.nio.ch.FileChannelImpl@2f98d49f
2024-12-14 12:24:55,961 TRACE util.FileUtils (LogUtils.java:runAndLog(49)) - Successfully ran Atomic Files.move /home/runner/work/ratis/ratis/ratis-examples/target/test/data/da5193cb/MiniRaftClusterWithGrpca0a5e6cd/s12/86d75030-f160-4ccc-af34-a5bb6eb0946f/current/raft-meta.conf.tmp to /home/runner/work/ratis/ratis/ratis-examples/target/test/data/da5193cb/MiniRaftClusterWithGrpca0a5e6cd/s12/86d75030-f160-4ccc-af34-a5bb6eb0946f/current/raft-meta.conf with options [REPLACE_EXISTING]
2024-12-14 12:24:55,977 TRACE util.FileUtils (LogUtils.java:supplyAndLog(69)) - Successfully supplied FileChannel.open /home/runner/work/ratis/ratis/ratis-examples/target/test/data/da5193cb/MiniRaftClusterWithGrpca0a5e6cd/s12/86d75030-f160-4ccc-af34-a5bb6eb0946f/current/raft-meta.conf.tmp with options [CREATE, WRITE]: sun.nio.ch.FileChannelImpl@5e23bb03
2024-12-14 12:24:55,961 INFO  server.RaftServer$Division (ServerState.java:setRaftConf(386)) - s12@group-A5BB6EB0946F: set configuration conf: {index: 127, cur=peers:[s4|0.0.0.0:15004, s5|0.0.0.0:15005, s11|0.0.0.0:15011, s6|0.0.0.0:15006, s10|0.0.0.0:15010, s13|0.0.0.0:15013, s12|0.0.0.0:15012, s0|0.0.0.0:15000, s1|0.0.0.0:15001]|listeners:[], old=null}
2024-12-14 12:24:55,961 INFO  server.RaftServer$Division (ServerState.java:setRaftConf(386)) - s11@group-A5BB6EB0946F: set configuration conf: {index: 125, cur=peers:[s4|0.0.0.0:15004, s5|0.0.0.0:15005, s11|0.0.0.0:15011, s6|0.0.0.0:15006, s10|0.0.0.0:15010, s13|0.0.0.0:15013, s12|0.0.0.0:15012, s0|0.0.0.0:15000, s1|0.0.0.0:15001]|listeners:[], old=peers:[s4|0.0.0.0:15004, s5|0.0.0.0:15005, s6|0.0.0.0:15006, s0|0.0.0.0:15000, s1|0.0.0.0:15001]|listeners:[]}
2024-12-14 12:24:55,973 TRACE util.FileUtils (LogUtils.java:runAndLog(49)) - Successfully ran Atomic Files.move /home/runner/work/ratis/ratis/ratis-examples/target/test/data/da5193cb/MiniRaftClusterWithGrpca0a5e6cd/s1/86d75030-f160-4ccc-af34-a5bb6eb0946f/current/raft-meta.conf.tmp to /home/runner/work/ratis/ratis/ratis-examples/target/test/data/da5193cb/MiniRaftClusterWithGrpca0a5e6cd/s1/86d75030-f160-4ccc-af34-a5bb6eb0946f/current/raft-meta.conf with options [REPLACE_EXISTING]
2024-12-14 12:24:55,972 TRACE util.FileUtils (LogUtils.java:supplyAndLog(69)) - Successfully supplied FileChannel.open /home/runner/work/ratis/ratis/ratis-examples/target/test/data/da5193cb/MiniRaftClusterWithGrpca0a5e6cd/s11/86d75030-f160-4ccc-af34-a5bb6eb0946f/current/raft-meta.conf.tmp with options [CREATE, WRITE]: sun.nio.ch.FileChannelImpl@599ec7b7
2024-12-14 12:24:55,979 INFO  server.RaftServer$Division (ServerState.java:setRaftConf(386)) - s13@group-A5BB6EB0946F: set configuration conf: {index: 127, cur=peers:[s4|0.0.0.0:15004, s5|0.0.0.0:15005, s11|0.0.0.0:15011, s6|0.0.0.0:15006, s10|0.0.0.0:15010, s13|0.0.0.0:15013, s12|0.0.0.0:15012, s0|0.0.0.0:15000, s1|0.0.0.0:15001]|listeners:[], old=null}
2024-12-14 12:24:55,980 TRACE util.FileUtils (LogUtils.java:supplyAndLog(69)) - Successfully supplied FileChannel.open /home/runner/work/ratis/ratis/ratis-examples/target/test/data/da5193cb/MiniRaftClusterWithGrpca0a5e6cd/s13/86d75030-f160-4ccc-af34-a5bb6eb0946f/current/raft-meta.conf.tmp with options [CREATE, WRITE]: sun.nio.ch.FileChannelImpl@54ce2eca
2024-12-14 12:24:55,969 INFO  grpc.GrpcConfigKeys (ConfUtils.java:logGet(46)) - raft.grpc.server.install_snapshot.request.element-limit = 8 (default)
2024-12-14 12:24:55,981 INFO  grpc.GrpcConfigKeys (ConfUtils.java:logGet(46)) - raft.grpc.server.install_snapshot.request.timeout = 3000ms (default)
2024-12-14 12:24:55,981 INFO  grpc.GrpcConfigKeys (ConfUtils.java:logGet(46)) - raft.grpc.server.log-message.batch.duration = 5s (default)
2024-12-14 12:24:55,981 INFO  server.RaftServerConfigKeys (ConfUtils.java:logGet(46)) - raft.server.log.appender.install.snapshot.enabled = true (default)
2024-12-14 12:24:55,981 INFO  grpc.GrpcConfigKeys (ConfUtils.java:logGet(46)) - raft.grpc.server.heartbeat.channel = true (default)
2024-12-14 12:24:55,981 INFO  server.RaftServerConfigKeys (ConfUtils.java:logGet(46)) - raft.server.log.appender.snapshot.chunk.size.max = 16MB (=16777216) (default)
2024-12-14 12:24:55,981 INFO  server.RaftServerConfigKeys (ConfUtils.java:logGet(46)) - raft.server.log.appender.buffer.byte-limit = 4MB (=4194304) (default)
2024-12-14 12:24:55,981 INFO  server.RaftServerConfigKeys (ConfUtils.java:logGet(46)) - raft.server.log.appender.buffer.element-limit = 0 (default)
2024-12-14 12:24:55,981 INFO  server.RaftServerConfigKeys (ConfUtils.java:logGet(46)) - raft.server.log.appender.wait-time.min = 1ms (default)
2024-12-14 12:24:55,982 INFO  grpc.GrpcConfigKeys (ConfUtils.java:logGet(46)) - raft.grpc.server.leader.outstanding.appends.max = 8 (default)
2024-12-14 12:24:55,982 INFO  server.RaftServerConfigKeys (ConfUtils.java:logGet(46)) - raft.server.rpc.request.timeout = 3000ms (default)
2024-12-14 12:24:55,982 INFO  grpc.GrpcConfigKeys (ConfUtils.java:logGet(46)) - raft.grpc.server.install_snapshot.request.element-limit = 8 (default)
2024-12-14 12:24:55,982 INFO  grpc.GrpcConfigKeys (ConfUtils.java:logGet(46)) - raft.grpc.server.install_snapshot.request.timeout = 3000ms (default)
2024-12-14 12:24:55,982 INFO  grpc.GrpcConfigKeys (ConfUtils.java:logGet(46)) - raft.grpc.server.log-message.batch.duration = 5s (default)
2024-12-14 12:24:55,982 INFO  server.RaftServerConfigKeys (ConfUtils.java:logGet(46)) - raft.server.log.appender.install.snapshot.enabled = true (default)
2024-12-14 12:24:55,982 INFO  grpc.GrpcConfigKeys (ConfUtils.java:logGet(46)) - raft.grpc.server.heartbeat.channel = true (default)
2024-12-14 12:24:55,982 INFO  server.RaftServerConfigKeys (ConfUtils.java:logGet(46)) - raft.server.log.appender.snapshot.chunk.size.max = 16MB (=16777216) (default)
2024-12-14 12:24:55,982 INFO  server.RaftServerConfigKeys (ConfUtils.java:logGet(46)) - raft.server.log.appender.buffer.byte-limit = 4MB (=4194304) (default)
2024-12-14 12:24:55,968 TRACE util.FileUtils (LogUtils.java:runAndLog(49)) - Successfully ran Atomic Files.move /home/runner/work/ratis/ratis/ratis-examples/target/test/data/da5193cb/MiniRaftClusterWithGrpca0a5e6cd/s6/86d75030-f160-4ccc-af34-a5bb6eb0946f/current/raft-meta.conf.tmp to /home/runner/work/ratis/ratis/ratis-examples/target/test/data/da5193cb/MiniRaftClusterWithGrpca0a5e6cd/s6/86d75030-f160-4ccc-af34-a5bb6eb0946f/current/raft-meta.conf with options [REPLACE_EXISTING]
2024-12-14 12:24:55,983 TRACE util.FileUtils (LogUtils.java:runAndLog(49)) - Successfully ran Atomic Files.move /home/runner/work/ratis/ratis/ratis-examples/target/test/data/da5193cb/MiniRaftClusterWithGrpca0a5e6cd/s5/86d75030-f160-4ccc-af34-a5bb6eb0946f/current/raft-meta.conf.tmp to /home/runner/work/ratis/ratis/ratis-examples/target/test/data/da5193cb/MiniRaftClusterWithGrpca0a5e6cd/s5/86d75030-f160-4ccc-af34-a5bb6eb0946f/current/raft-meta.conf with options [REPLACE_EXISTING]
2024-12-14 12:24:55,983 TRACE util.FileUtils (LogUtils.java:runAndLog(49)) - Successfully ran Atomic Files.move /home/runner/work/ratis/ratis/ratis-examples/target/test/data/da5193cb/MiniRaftClusterWithGrpca0a5e6cd/s11/86d75030-f160-4ccc-af34-a5bb6eb0946f/current/raft-meta.conf.tmp to /home/runner/work/ratis/ratis/ratis-examples/target/test/data/da5193cb/MiniRaftClusterWithGrpca0a5e6cd/s11/86d75030-f160-4ccc-af34-a5bb6eb0946f/current/raft-meta.conf with options [REPLACE_EXISTING]
2024-12-14 12:24:55,983 TRACE util.FileUtils (LogUtils.java:runAndLog(49)) - Successfully ran Atomic Files.move /home/runner/work/ratis/ratis/ratis-examples/target/test/data/da5193cb/MiniRaftClusterWithGrpca0a5e6cd/s10/86d75030-f160-4ccc-af34-a5bb6eb0946f/current/raft-meta.conf.tmp to /home/runner/work/ratis/ratis/ratis-examples/target/test/data/da5193cb/MiniRaftClusterWithGrpca0a5e6cd/s10/86d75030-f160-4ccc-af34-a5bb6eb0946f/current/raft-meta.conf with options [REPLACE_EXISTING]
2024-12-14 12:24:55,982 INFO  server.RaftServerConfigKeys (ConfUtils.java:logGet(46)) - raft.server.log.appender.buffer.element-limit = 0 (default)
2024-12-14 12:24:55,984 INFO  server.RaftServerConfigKeys (ConfUtils.java:logGet(46)) - raft.server.log.appender.wait-time.min = 1ms (default)
2024-12-14 12:24:55,984 TRACE util.FileUtils (LogUtils.java:runAndLog(49)) - Successfully ran Atomic Files.move /home/runner/work/ratis/ratis/ratis-examples/target/test/data/da5193cb/MiniRaftClusterWithGrpca0a5e6cd/s4/86d75030-f160-4ccc-af34-a5bb6eb0946f/current/raft-meta.conf.tmp to /home/runner/work/ratis/ratis/ratis-examples/target/test/data/da5193cb/MiniRaftClusterWithGrpca0a5e6cd/s4/86d75030-f160-4ccc-af34-a5bb6eb0946f/current/raft-meta.conf with options [REPLACE_EXISTING]
2024-12-14 12:24:55,984 TRACE util.FileUtils (LogUtils.java:runAndLog(49)) - Successfully ran Atomic Files.move /home/runner/work/ratis/ratis/ratis-examples/target/test/data/da5193cb/MiniRaftClusterWithGrpca0a5e6cd/s13/86d75030-f160-4ccc-af34-a5bb6eb0946f/current/raft-meta.conf.tmp to /home/runner/work/ratis/ratis/ratis-examples/target/test/data/da5193cb/MiniRaftClusterWithGrpca0a5e6cd/s13/86d75030-f160-4ccc-af34-a5bb6eb0946f/current/raft-meta.conf with options [REPLACE_EXISTING]
2024-12-14 12:24:55,984 TRACE util.FileUtils (LogUtils.java:supplyAndLog(69)) - Successfully supplied FileChannel.open /home/runner/work/ratis/ratis/ratis-examples/target/test/data/da5193cb/MiniRaftClusterWithGrpca0a5e6cd/s13/86d75030-f160-4ccc-af34-a5bb6eb0946f/current/raft-meta.conf.tmp with options [CREATE, WRITE]: sun.nio.ch.FileChannelImpl@69882e55
2024-12-14 12:24:55,979 INFO  server.RaftServer$Division (ServerState.java:setRaftConf(386)) - s11@group-A5BB6EB0946F: set configuration conf: {index: 127, cur=peers:[s4|0.0.0.0:15004, s5|0.0.0.0:15005, s11|0.0.0.0:15011, s6|0.0.0.0:15006, s10|0.0.0.0:15010, s13|0.0.0.0:15013, s12|0.0.0.0:15012, s0|0.0.0.0:15000, s1|0.0.0.0:15001]|listeners:[], old=null}
2024-12-14 12:24:55,984 TRACE util.FileUtils (LogUtils.java:supplyAndLog(69)) - Successfully supplied FileChannel.open /home/runner/work/ratis/ratis/ratis-examples/target/test/data/da5193cb/MiniRaftClusterWithGrpca0a5e6cd/s10/86d75030-f160-4ccc-af34-a5bb6eb0946f/current/raft-meta.conf.tmp with options [CREATE, WRITE]: sun.nio.ch.FileChannelImpl@2ba745b4
2024-12-14 12:24:55,984 INFO  grpc.GrpcConfigKeys (ConfUtils.java:logGet(46)) - raft.grpc.server.leader.outstanding.appends.max = 8 (default)
2024-12-14 12:24:55,986 INFO  server.RaftServerConfigKeys (ConfUtils.java:logGet(46)) - raft.server.rpc.request.timeout = 3000ms (default)
2024-12-14 12:24:55,986 INFO  grpc.GrpcConfigKeys (ConfUtils.java:logGet(46)) - raft.grpc.server.install_snapshot.request.element-limit = 8 (default)
2024-12-14 12:24:55,986 INFO  grpc.GrpcConfigKeys (ConfUtils.java:logGet(46)) - raft.grpc.server.install_snapshot.request.timeout = 3000ms (default)
2024-12-14 12:24:55,986 INFO  grpc.GrpcConfigKeys (ConfUtils.java:logGet(46)) - raft.grpc.server.log-message.batch.duration = 5s (default)
2024-12-14 12:24:55,986 INFO  server.RaftServerConfigKeys (ConfUtils.java:logGet(46)) - raft.server.log.appender.install.snapshot.enabled = true (default)
2024-12-14 12:24:55,986 INFO  grpc.GrpcConfigKeys (ConfUtils.java:logGet(46)) - raft.grpc.server.heartbeat.channel = true (default)
2024-12-14 12:24:55,987 INFO  server.RaftServerConfigKeys (ConfUtils.java:logGet(46)) - raft.server.log.appender.snapshot.chunk.size.max = 16MB (=16777216) (default)
2024-12-14 12:24:55,987 INFO  server.RaftServerConfigKeys (ConfUtils.java:logGet(46)) - raft.server.log.appender.buffer.byte-limit = 4MB (=4194304) (default)
2024-12-14 12:24:55,987 INFO  server.RaftServerConfigKeys (ConfUtils.java:logGet(46)) - raft.server.log.appender.buffer.element-limit = 0 (default)
2024-12-14 12:24:55,987 INFO  server.RaftServerConfigKeys (ConfUtils.java:logGet(46)) - raft.server.log.appender.wait-time.min = 1ms (default)
2024-12-14 12:24:55,987 INFO  grpc.GrpcConfigKeys (ConfUtils.java:logGet(46)) - raft.grpc.server.leader.outstanding.appends.max = 8 (default)
2024-12-14 12:24:55,987 INFO  server.RaftServerConfigKeys (ConfUtils.java:logGet(46)) - raft.server.rpc.request.timeout = 3000ms (default)
2024-12-14 12:24:55,987 INFO  grpc.GrpcConfigKeys (ConfUtils.java:logGet(46)) - raft.grpc.server.install_snapshot.request.element-limit = 8 (default)
2024-12-14 12:24:55,987 INFO  grpc.GrpcConfigKeys (ConfUtils.java:logGet(46)) - raft.grpc.server.install_snapshot.request.timeout = 3000ms (default)
2024-12-14 12:24:55,987 INFO  grpc.GrpcConfigKeys (ConfUtils.java:logGet(46)) - raft.grpc.server.log-message.batch.duration = 5s (default)
2024-12-14 12:24:55,987 INFO  server.RaftServerConfigKeys (ConfUtils.java:logGet(46)) - raft.server.log.appender.install.snapshot.enabled = true (default)
2024-12-14 12:24:55,987 INFO  grpc.GrpcConfigKeys (ConfUtils.java:logGet(46)) - raft.grpc.server.heartbeat.channel = true (default)
2024-12-14 12:24:55,988 INFO  server.RaftServerConfigKeys (ConfUtils.java:logGet(46)) - raft.server.log.appender.snapshot.chunk.size.max = 16MB (=16777216) (default)
2024-12-14 12:24:55,983 TRACE util.FileUtils (LogUtils.java:supplyAndLog(69)) - Successfully supplied FileChannel.open /home/runner/work/ratis/ratis/ratis-examples/target/test/data/da5193cb/MiniRaftClusterWithGrpca0a5e6cd/s11/86d75030-f160-4ccc-af34-a5bb6eb0946f/current/raft-meta.conf.tmp with options [CREATE, WRITE]: sun.nio.ch.FileChannelImpl@5da1485c
2024-12-14 12:24:55,989 TRACE util.FileUtils (LogUtils.java:runAndLog(49)) - Successfully ran Atomic Files.move /home/runner/work/ratis/ratis/ratis-examples/target/test/data/da5193cb/MiniRaftClusterWithGrpca0a5e6cd/s10/86d75030-f160-4ccc-af34-a5bb6eb0946f/current/raft-meta.conf.tmp to /home/runner/work/ratis/ratis/ratis-examples/target/test/data/da5193cb/MiniRaftClusterWithGrpca0a5e6cd/s10/86d75030-f160-4ccc-af34-a5bb6eb0946f/current/raft-meta.conf with options [REPLACE_EXISTING]
2024-12-14 12:24:55,989 TRACE util.FileUtils (LogUtils.java:supplyAndLog(69)) - Successfully supplied FileChannel.open /home/runner/work/ratis/ratis/ratis-examples/target/test/data/da5193cb/MiniRaftClusterWithGrpca0a5e6cd/s10/86d75030-f160-4ccc-af34-a5bb6eb0946f/current/raft-meta.conf.tmp with options [CREATE, WRITE]: sun.nio.ch.FileChannelImpl@6ea5dea4
2024-12-14 12:24:55,983 TRACE util.FileUtils (LogUtils.java:runAndLog(49)) - Successfully ran Atomic Files.move /home/runner/work/ratis/ratis/ratis-examples/target/test/data/da5193cb/MiniRaftClusterWithGrpca0a5e6cd/s0/86d75030-f160-4ccc-af34-a5bb6eb0946f/current/raft-meta.conf.tmp to /home/runner/work/ratis/ratis/ratis-examples/target/test/data/da5193cb/MiniRaftClusterWithGrpca0a5e6cd/s0/86d75030-f160-4ccc-af34-a5bb6eb0946f/current/raft-meta.conf with options [REPLACE_EXISTING]
2024-12-14 12:24:55,987 TRACE util.FileUtils (LogUtils.java:runAndLog(49)) - Successfully ran Atomic Files.move /home/runner/work/ratis/ratis/ratis-examples/target/test/data/da5193cb/MiniRaftClusterWithGrpca0a5e6cd/s13/86d75030-f160-4ccc-af34-a5bb6eb0946f/current/raft-meta.conf.tmp to /home/runner/work/ratis/ratis/ratis-examples/target/test/data/da5193cb/MiniRaftClusterWithGrpca0a5e6cd/s13/86d75030-f160-4ccc-af34-a5bb6eb0946f/current/raft-meta.conf with options [REPLACE_EXISTING]
2024-12-14 12:24:55,986 TRACE util.FileUtils (LogUtils.java:runAndLog(49)) - Successfully ran Atomic Files.move /home/runner/work/ratis/ratis/ratis-examples/target/test/data/da5193cb/MiniRaftClusterWithGrpca0a5e6cd/s12/86d75030-f160-4ccc-af34-a5bb6eb0946f/current/raft-meta.conf.tmp to /home/runner/work/ratis/ratis/ratis-examples/target/test/data/da5193cb/MiniRaftClusterWithGrpca0a5e6cd/s12/86d75030-f160-4ccc-af34-a5bb6eb0946f/current/raft-meta.conf with options [REPLACE_EXISTING]
2024-12-14 12:24:55,990 INFO  server.RaftServerConfigKeys (ConfUtils.java:logGet(46)) - raft.server.log.appender.buffer.byte-limit = 4MB (=4194304) (default)
2024-12-14 12:24:55,990 INFO  server.RaftServerConfigKeys (ConfUtils.java:logGet(46)) - raft.server.log.appender.buffer.element-limit = 0 (default)
2024-12-14 12:24:55,990 INFO  server.RaftServerConfigKeys (ConfUtils.java:logGet(46)) - raft.server.log.appender.wait-time.min = 1ms (default)
2024-12-14 12:24:55,991 INFO  grpc.GrpcConfigKeys (ConfUtils.java:logGet(46)) - raft.grpc.server.leader.outstanding.appends.max = 8 (default)
2024-12-14 12:24:55,991 INFO  server.RaftServerConfigKeys (ConfUtils.java:logGet(46)) - raft.server.rpc.request.timeout = 3000ms (default)
2024-12-14 12:24:55,991 INFO  grpc.GrpcConfigKeys (ConfUtils.java:logGet(46)) - raft.grpc.server.install_snapshot.request.element-limit = 8 (default)
2024-12-14 12:24:55,991 INFO  grpc.GrpcConfigKeys (ConfUtils.java:logGet(46)) - raft.grpc.server.install_snapshot.request.timeout = 3000ms (default)
2024-12-14 12:24:55,991 INFO  grpc.GrpcConfigKeys (ConfUtils.java:logGet(46)) - raft.grpc.server.log-message.batch.duration = 5s (default)
2024-12-14 12:24:55,991 INFO  server.RaftServerConfigKeys (ConfUtils.java:logGet(46)) - raft.server.log.appender.install.snapshot.enabled = true (default)
2024-12-14 12:24:55,991 INFO  grpc.GrpcConfigKeys (ConfUtils.java:logGet(46)) - raft.grpc.server.heartbeat.channel = true (default)
2024-12-14 12:24:55,992 INFO  leader.FollowerInfo (FollowerInfoImpl.java:setAttemptedToInstallSnapshot(154)) - Follower s5@group-A5BB6EB0946F->s3 acknowledged installing snapshot
2024-12-14 12:24:55,992 INFO  server.GrpcServerProtocolClient (GrpcServerProtocolClient.java:<init>(65)) - Build channel for s3|0.0.0.0:15003
2024-12-14 12:24:55,990 TRACE util.FileUtils (LogUtils.java:runAndLog(49)) - Successfully ran Atomic Files.move /home/runner/work/ratis/ratis/ratis-examples/target/test/data/da5193cb/MiniRaftClusterWithGrpca0a5e6cd/s11/86d75030-f160-4ccc-af34-a5bb6eb0946f/current/raft-meta.conf.tmp to /home/runner/work/ratis/ratis/ratis-examples/target/test/data/da5193cb/MiniRaftClusterWithGrpca0a5e6cd/s11/86d75030-f160-4ccc-af34-a5bb6eb0946f/current/raft-meta.conf with options [REPLACE_EXISTING]
2024-12-14 12:24:55,993 TRACE util.FileUtils (LogUtils.java:supplyAndLog(69)) - Successfully supplied FileChannel.open /home/runner/work/ratis/ratis/ratis-examples/target/test/data/da5193cb/MiniRaftClusterWithGrpca0a5e6cd/s11/86d75030-f160-4ccc-af34-a5bb6eb0946f/current/raft-meta.conf.tmp with options [CREATE, WRITE]: sun.nio.ch.FileChannelImpl@18a3cd8c
2024-12-14 12:24:55,990 TRACE util.FileUtils (LogUtils.java:supplyAndLog(69)) - Successfully supplied FileChannel.open /home/runner/work/ratis/ratis/ratis-examples/target/test/data/da5193cb/MiniRaftClusterWithGrpca0a5e6cd/s12/86d75030-f160-4ccc-af34-a5bb6eb0946f/current/raft-meta.conf.tmp with options [CREATE, WRITE]: sun.nio.ch.FileChannelImpl@5a1c341f
2024-12-14 12:24:55,996 TRACE util.FileUtils (LogUtils.java:runAndLog(49)) - Successfully ran Atomic Files.move /home/runner/work/ratis/ratis/ratis-examples/target/test/data/da5193cb/MiniRaftClusterWithGrpca0a5e6cd/s12/86d75030-f160-4ccc-af34-a5bb6eb0946f/current/raft-meta.conf.tmp to /home/runner/work/ratis/ratis/ratis-examples/target/test/data/da5193cb/MiniRaftClusterWithGrpca0a5e6cd/s12/86d75030-f160-4ccc-af34-a5bb6eb0946f/current/raft-meta.conf with options [REPLACE_EXISTING]
2024-12-14 12:24:55,996 TRACE util.FileUtils (LogUtils.java:supplyAndLog(69)) - Successfully supplied FileChannel.open /home/runner/work/ratis/ratis/ratis-examples/target/test/data/da5193cb/MiniRaftClusterWithGrpca0a5e6cd/s12/86d75030-f160-4ccc-af34-a5bb6eb0946f/current/raft-meta.conf.tmp with options [CREATE, WRITE]: sun.nio.ch.FileChannelImpl@1f1eb138
2024-12-14 12:24:56,006 TRACE util.FileUtils (LogUtils.java:runAndLog(49)) - Successfully ran Atomic Files.move /home/runner/work/ratis/ratis/ratis-examples/target/test/data/da5193cb/MiniRaftClusterWithGrpca0a5e6cd/s12/86d75030-f160-4ccc-af34-a5bb6eb0946f/current/raft-meta.conf.tmp to /home/runner/work/ratis/ratis/ratis-examples/target/test/data/da5193cb/MiniRaftClusterWithGrpca0a5e6cd/s12/86d75030-f160-4ccc-af34-a5bb6eb0946f/current/raft-meta.conf with options [REPLACE_EXISTING]
2024-12-14 12:24:56,006 TRACE util.FileUtils (LogUtils.java:supplyAndLog(69)) - Successfully supplied FileChannel.open /home/runner/work/ratis/ratis/ratis-examples/target/test/data/da5193cb/MiniRaftClusterWithGrpca0a5e6cd/s3/86d75030-f160-4ccc-af34-a5bb6eb0946f/current/raft-meta.tmp with options [CREATE, WRITE]: sun.nio.ch.FileChannelImpl@167c481f
2024-12-14 12:24:56,006 TRACE util.FileUtils (LogUtils.java:supplyAndLog(69)) - Successfully supplied FileChannel.open /home/runner/work/ratis/ratis/ratis-examples/target/test/data/da5193cb/MiniRaftClusterWithGrpca0a5e6cd/s12/86d75030-f160-4ccc-af34-a5bb6eb0946f/current/raft-meta.conf.tmp with options [CREATE, WRITE]: sun.nio.ch.FileChannelImpl@6df38a93
2024-12-14 12:24:56,006 INFO  leader.FollowerInfo (FollowerInfoImpl.java:setAttemptedToInstallSnapshot(154)) - Follower s5@group-A5BB6EB0946F->s8 acknowledged installing snapshot
2024-12-14 12:24:56,007 TRACE util.FileUtils (LogUtils.java:runAndLog(49)) - Successfully ran Atomic Files.move /home/runner/work/ratis/ratis/ratis-examples/target/test/data/da5193cb/MiniRaftClusterWithGrpca0a5e6cd/s10/86d75030-f160-4ccc-af34-a5bb6eb0946f/current/raft-meta.conf.tmp to /home/runner/work/ratis/ratis/ratis-examples/target/test/data/da5193cb/MiniRaftClusterWithGrpca0a5e6cd/s10/86d75030-f160-4ccc-af34-a5bb6eb0946f/current/raft-meta.conf with options [REPLACE_EXISTING]
2024-12-14 12:24:56,007 TRACE util.FileUtils (LogUtils.java:supplyAndLog(69)) - Successfully supplied FileChannel.open /home/runner/work/ratis/ratis/ratis-examples/target/test/data/da5193cb/MiniRaftClusterWithGrpca0a5e6cd/s10/86d75030-f160-4ccc-af34-a5bb6eb0946f/current/raft-meta.conf.tmp with options [CREATE, WRITE]: sun.nio.ch.FileChannelImpl@3654e4ba
2024-12-14 12:24:56,008 INFO  leader.FollowerInfo (FollowerInfoImpl.java:setAttemptedToInstallSnapshot(154)) - Follower s5@group-A5BB6EB0946F->s9 acknowledged installing snapshot
2024-12-14 12:24:56,006 INFO  leader.FollowerInfo (FollowerInfoImpl.java:setAttemptedToInstallSnapshot(154)) - Follower s5@group-A5BB6EB0946F->s7 acknowledged installing snapshot
2024-12-14 12:24:56,007 INFO  server.GrpcServerProtocolClient (GrpcServerProtocolClient.java:<init>(65)) - Build channel for s8|0.0.0.0:15008
2024-12-14 12:24:56,009 TRACE util.FileUtils (LogUtils.java:runAndLog(49)) - Successfully ran Atomic Files.move /home/runner/work/ratis/ratis/ratis-examples/target/test/data/da5193cb/MiniRaftClusterWithGrpca0a5e6cd/s3/86d75030-f160-4ccc-af34-a5bb6eb0946f/current/raft-meta.tmp to /home/runner/work/ratis/ratis/ratis-examples/target/test/data/da5193cb/MiniRaftClusterWithGrpca0a5e6cd/s3/86d75030-f160-4ccc-af34-a5bb6eb0946f/current/raft-meta with options [REPLACE_EXISTING]
2024-12-14 12:24:56,009 INFO  server.RaftServer$Division (RaftServerImpl.java:setFirstElection(563)) - s3@group-A5BB6EB0946F: set firstElectionSinceStartup to false for appendEntries
2024-12-14 12:24:56,009 INFO  server.RaftServer$Division (ServerState.java:setLeader(272)) - s3@group-A5BB6EB0946F: change Leader from null to s5 at term 1 for appendEntries, leader elected after 356ms
2024-12-14 12:24:56,009 INFO  server.GrpcServerProtocolClient (GrpcServerProtocolClient.java:<init>(65)) - Build channel for s9|0.0.0.0:15009
2024-12-14 12:24:56,011 TRACE util.FileUtils (LogUtils.java:runAndLog(49)) - Successfully ran Atomic Files.move /home/runner/work/ratis/ratis/ratis-examples/target/test/data/da5193cb/MiniRaftClusterWithGrpca0a5e6cd/s11/86d75030-f160-4ccc-af34-a5bb6eb0946f/current/raft-meta.conf.tmp to /home/runner/work/ratis/ratis/ratis-examples/target/test/data/da5193cb/MiniRaftClusterWithGrpca0a5e6cd/s11/86d75030-f160-4ccc-af34-a5bb6eb0946f/current/raft-meta.conf with options [REPLACE_EXISTING]
2024-12-14 12:24:56,012 TRACE util.FileUtils (LogUtils.java:supplyAndLog(69)) - Successfully supplied FileChannel.open /home/runner/work/ratis/ratis/ratis-examples/target/test/data/da5193cb/MiniRaftClusterWithGrpca0a5e6cd/s11/86d75030-f160-4ccc-af34-a5bb6eb0946f/current/raft-meta.conf.tmp with options [CREATE, WRITE]: sun.nio.ch.FileChannelImpl@6fdcdf7
2024-12-14 12:24:56,011 TRACE util.FileUtils (LogUtils.java:runAndLog(49)) - Successfully ran Atomic Files.move /home/runner/work/ratis/ratis/ratis-examples/target/test/data/da5193cb/MiniRaftClusterWithGrpca0a5e6cd/s12/86d75030-f160-4ccc-af34-a5bb6eb0946f/current/raft-meta.conf.tmp to /home/runner/work/ratis/ratis/ratis-examples/target/test/data/da5193cb/MiniRaftClusterWithGrpca0a5e6cd/s12/86d75030-f160-4ccc-af34-a5bb6eb0946f/current/raft-meta.conf with options [REPLACE_EXISTING]
2024-12-14 12:24:56,009 INFO  leader.FollowerInfo (FollowerInfoImpl.java:setAttemptedToInstallSnapshot(154)) - Follower s5@group-A5BB6EB0946F->s14 acknowledged installing snapshot
2024-12-14 12:24:56,009 INFO  server.GrpcServerProtocolClient (GrpcServerProtocolClient.java:<init>(65)) - Build channel for s7|0.0.0.0:15007
2024-12-14 12:24:56,021 TRACE util.FileUtils (LogUtils.java:runAndLog(49)) - Successfully ran Atomic Files.move /home/runner/work/ratis/ratis/ratis-examples/target/test/data/da5193cb/MiniRaftClusterWithGrpca0a5e6cd/s11/86d75030-f160-4ccc-af34-a5bb6eb0946f/current/raft-meta.conf.tmp to /home/runner/work/ratis/ratis/ratis-examples/target/test/data/da5193cb/MiniRaftClusterWithGrpca0a5e6cd/s11/86d75030-f160-4ccc-af34-a5bb6eb0946f/current/raft-meta.conf with options [REPLACE_EXISTING]
2024-12-14 12:24:56,020 INFO  leader.FollowerInfo (FollowerInfoImpl.java:setAttemptedToInstallSnapshot(154)) - Follower s5@group-A5BB6EB0946F->s2 acknowledged installing snapshot
2024-12-14 12:24:56,017 INFO  server.RaftServer$Division (ServerState.java:setRaftConf(386)) - s3@group-A5BB6EB0946F: set configuration conf: {index: 0, cur=peers:[s4|0.0.0.0:15004, s5|0.0.0.0:15005, s6|0.0.0.0:15006]|listeners:[], old=null}
2024-12-14 12:24:56,026 INFO  server.RaftServer$Division (ServerState.java:setRaftConf(386)) - s3@group-A5BB6EB0946F: set configuration conf: {index: 121, cur=peers:[s4|0.0.0.0:15004, s5|0.0.0.0:15005, s6|0.0.0.0:15006, s0|0.0.0.0:15000, s1|0.0.0.0:15001]|listeners:[], old=peers:[s4|0.0.0.0:15004, s5|0.0.0.0:15005, s6|0.0.0.0:15006]|listeners:[]}
2024-12-14 12:24:56,026 INFO  server.RaftServer$Division (ServerState.java:setRaftConf(386)) - s3@group-A5BB6EB0946F: set configuration conf: {index: 123, cur=peers:[s4|0.0.0.0:15004, s5|0.0.0.0:15005, s6|0.0.0.0:15006, s0|0.0.0.0:15000, s1|0.0.0.0:15001]|listeners:[], old=null}
2024-12-14 12:24:56,026 INFO  server.RaftServer$Division (ServerState.java:setRaftConf(386)) - s3@group-A5BB6EB0946F: set configuration conf: {index: 125, cur=peers:[s4|0.0.0.0:15004, s5|0.0.0.0:15005, s11|0.0.0.0:15011, s6|0.0.0.0:15006, s10|0.0.0.0:15010, s13|0.0.0.0:15013, s12|0.0.0.0:15012, s0|0.0.0.0:15000, s1|0.0.0.0:15001]|listeners:[], old=peers:[s4|0.0.0.0:15004, s5|0.0.0.0:15005, s6|0.0.0.0:15006, s0|0.0.0.0:15000, s1|0.0.0.0:15001]|listeners:[]}
2024-12-14 12:24:56,026 INFO  server.RaftServer$Division (ServerState.java:setRaftConf(386)) - s3@group-A5BB6EB0946F: set configuration conf: {index: 127, cur=peers:[s4|0.0.0.0:15004, s5|0.0.0.0:15005, s11|0.0.0.0:15011, s6|0.0.0.0:15006, s10|0.0.0.0:15010, s13|0.0.0.0:15013, s12|0.0.0.0:15012, s0|0.0.0.0:15000, s1|0.0.0.0:15001]|listeners:[], old=null}
2024-12-14 12:24:56,026 INFO  segmented.SegmentedRaftLogWorker (SegmentedRaftLogWorker.java:startLogSegment(443)) - s3@group-A5BB6EB0946F-SegmentedRaftLogWorker: Starting segment from index:0
2024-12-14 12:24:56,012 TRACE util.FileUtils (LogUtils.java:runAndLog(49)) - Successfully ran Atomic Files.move /home/runner/work/ratis/ratis/ratis-examples/target/test/data/da5193cb/MiniRaftClusterWithGrpca0a5e6cd/s10/86d75030-f160-4ccc-af34-a5bb6eb0946f/current/raft-meta.conf.tmp to /home/runner/work/ratis/ratis/ratis-examples/target/test/data/da5193cb/MiniRaftClusterWithGrpca0a5e6cd/s10/86d75030-f160-4ccc-af34-a5bb6eb0946f/current/raft-meta.conf with options [REPLACE_EXISTING]
2024-12-14 12:24:56,027 INFO  server.GrpcServerProtocolClient (GrpcServerProtocolClient.java:<init>(65)) - Build channel for s14|0.0.0.0:15014
2024-12-14 12:24:56,029 INFO  server.GrpcServerProtocolClient (GrpcServerProtocolClient.java:<init>(65)) - Build channel for s2|0.0.0.0:15002
2024-12-14 12:24:56,033 TRACE util.FileUtils (LogUtils.java:supplyAndLog(69)) - Successfully supplied FileChannel.open /home/runner/work/ratis/ratis/ratis-examples/target/test/data/da5193cb/MiniRaftClusterWithGrpca0a5e6cd/s8/86d75030-f160-4ccc-af34-a5bb6eb0946f/current/raft-meta.tmp with options [CREATE, WRITE]: sun.nio.ch.FileChannelImpl@b18e72f
2024-12-14 12:24:56,034 TRACE util.FileUtils (LogUtils.java:runAndLog(49)) - Successfully ran Atomic Files.move /home/runner/work/ratis/ratis/ratis-examples/target/test/data/da5193cb/MiniRaftClusterWithGrpca0a5e6cd/s8/86d75030-f160-4ccc-af34-a5bb6eb0946f/current/raft-meta.tmp to /home/runner/work/ratis/ratis/ratis-examples/target/test/data/da5193cb/MiniRaftClusterWithGrpca0a5e6cd/s8/86d75030-f160-4ccc-af34-a5bb6eb0946f/current/raft-meta with options [REPLACE_EXISTING]
2024-12-14 12:24:56,034 INFO  server.RaftServer$Division (RaftServerImpl.java:setFirstElection(563)) - s8@group-A5BB6EB0946F: set firstElectionSinceStartup to false for appendEntries
2024-12-14 12:24:56,034 INFO  server.RaftServer$Division (ServerState.java:setLeader(272)) - s8@group-A5BB6EB0946F: change Leader from null to s5 at term 1 for appendEntries, leader elected after 289ms
2024-12-14 12:24:56,035 INFO  server.RaftServer$Division (ServerState.java:setRaftConf(386)) - s8@group-A5BB6EB0946F: set configuration conf: {index: 0, cur=peers:[s4|0.0.0.0:15004, s5|0.0.0.0:15005, s6|0.0.0.0:15006]|listeners:[], old=null}
2024-12-14 12:24:56,035 INFO  server.RaftServer$Division (ServerState.java:setRaftConf(386)) - s8@group-A5BB6EB0946F: set configuration conf: {index: 121, cur=peers:[s4|0.0.0.0:15004, s5|0.0.0.0:15005, s6|0.0.0.0:15006, s0|0.0.0.0:15000, s1|0.0.0.0:15001]|listeners:[], old=peers:[s4|0.0.0.0:15004, s5|0.0.0.0:15005, s6|0.0.0.0:15006]|listeners:[]}
2024-12-14 12:24:56,035 INFO  server.RaftServer$Division (ServerState.java:setRaftConf(386)) - s8@group-A5BB6EB0946F: set configuration conf: {index: 123, cur=peers:[s4|0.0.0.0:15004, s5|0.0.0.0:15005, s6|0.0.0.0:15006, s0|0.0.0.0:15000, s1|0.0.0.0:15001]|listeners:[], old=null}
2024-12-14 12:24:56,035 INFO  server.RaftServer$Division (ServerState.java:setRaftConf(386)) - s8@group-A5BB6EB0946F: set configuration conf: {index: 125, cur=peers:[s4|0.0.0.0:15004, s5|0.0.0.0:15005, s11|0.0.0.0:15011, s6|0.0.0.0:15006, s10|0.0.0.0:15010, s13|0.0.0.0:15013, s12|0.0.0.0:15012, s0|0.0.0.0:15000, s1|0.0.0.0:15001]|listeners:[], old=peers:[s4|0.0.0.0:15004, s5|0.0.0.0:15005, s6|0.0.0.0:15006, s0|0.0.0.0:15000, s1|0.0.0.0:15001]|listeners:[]}
2024-12-14 12:24:56,035 INFO  server.RaftServer$Division (ServerState.java:setRaftConf(386)) - s8@group-A5BB6EB0946F: set configuration conf: {index: 127, cur=peers:[s4|0.0.0.0:15004, s5|0.0.0.0:15005, s11|0.0.0.0:15011, s6|0.0.0.0:15006, s10|0.0.0.0:15010, s13|0.0.0.0:15013, s12|0.0.0.0:15012, s0|0.0.0.0:15000, s1|0.0.0.0:15001]|listeners:[], old=null}
2024-12-14 12:24:56,035 INFO  segmented.SegmentedRaftLogWorker (SegmentedRaftLogWorker.java:startLogSegment(443)) - s8@group-A5BB6EB0946F-SegmentedRaftLogWorker: Starting segment from index:0
2024-12-14 12:24:56,035 INFO  segmented.BufferedWriteChannel (BufferedWriteChannel.java:open(61)) - open log_inprogress_0 at position 0
2024-12-14 12:24:56,036 TRACE util.FileUtils (LogUtils.java:supplyAndLog(69)) - Successfully supplied FileChannel.open /home/runner/work/ratis/ratis/ratis-examples/target/test/data/da5193cb/MiniRaftClusterWithGrpca0a5e6cd/s14/86d75030-f160-4ccc-af34-a5bb6eb0946f/current/raft-meta.tmp with options [CREATE, WRITE]: sun.nio.ch.FileChannelImpl@6a8fb5d1
2024-12-14 12:24:56,037 TRACE util.FileUtils (LogUtils.java:supplyAndLog(69)) - Successfully supplied FileChannel.open /home/runner/work/ratis/ratis/ratis-examples/target/test/data/da5193cb/MiniRaftClusterWithGrpca0a5e6cd/s7/86d75030-f160-4ccc-af34-a5bb6eb0946f/current/raft-meta.tmp with options [CREATE, WRITE]: sun.nio.ch.FileChannelImpl@6b507e80
2024-12-14 12:24:56,038 TRACE util.FileUtils (LogUtils.java:runAndLog(49)) - Successfully ran Atomic Files.move /home/runner/work/ratis/ratis/ratis-examples/target/test/data/da5193cb/MiniRaftClusterWithGrpca0a5e6cd/s7/86d75030-f160-4ccc-af34-a5bb6eb0946f/current/raft-meta.tmp to /home/runner/work/ratis/ratis/ratis-examples/target/test/data/da5193cb/MiniRaftClusterWithGrpca0a5e6cd/s7/86d75030-f160-4ccc-af34-a5bb6eb0946f/current/raft-meta with options [REPLACE_EXISTING]
2024-12-14 12:24:56,038 INFO  server.RaftServer$Division (RaftServerImpl.java:setFirstElection(563)) - s7@group-A5BB6EB0946F: set firstElectionSinceStartup to false for appendEntries
2024-12-14 12:24:56,038 INFO  server.RaftServer$Division (ServerState.java:setLeader(272)) - s7@group-A5BB6EB0946F: change Leader from null to s5 at term 1 for appendEntries, leader elected after 310ms
2024-12-14 12:24:56,041 TRACE util.FileUtils (LogUtils.java:supplyAndLog(69)) - Successfully supplied FileChannel.open /home/runner/work/ratis/ratis/ratis-examples/target/test/data/da5193cb/MiniRaftClusterWithGrpca0a5e6cd/s9/86d75030-f160-4ccc-af34-a5bb6eb0946f/current/raft-meta.tmp with options [CREATE, WRITE]: sun.nio.ch.FileChannelImpl@436dff78
2024-12-14 12:24:56,042 TRACE util.FileUtils (LogUtils.java:runAndLog(49)) - Successfully ran Atomic Files.move /home/runner/work/ratis/ratis/ratis-examples/target/test/data/da5193cb/MiniRaftClusterWithGrpca0a5e6cd/s9/86d75030-f160-4ccc-af34-a5bb6eb0946f/current/raft-meta.tmp to /home/runner/work/ratis/ratis/ratis-examples/target/test/data/da5193cb/MiniRaftClusterWithGrpca0a5e6cd/s9/86d75030-f160-4ccc-af34-a5bb6eb0946f/current/raft-meta with options [REPLACE_EXISTING]
2024-12-14 12:24:56,042 INFO  server.RaftServer$Division (RaftServerImpl.java:setFirstElection(563)) - s9@group-A5BB6EB0946F: set firstElectionSinceStartup to false for appendEntries
2024-12-14 12:24:56,042 INFO  server.RaftServer$Division (ServerState.java:setLeader(272)) - s9@group-A5BB6EB0946F: change Leader from null to s5 at term 1 for appendEntries, leader elected after 275ms
2024-12-14 12:24:56,042 TRACE util.FileUtils (LogUtils.java:runAndLog(49)) - Successfully ran Atomic Files.move /home/runner/work/ratis/ratis/ratis-examples/target/test/data/da5193cb/MiniRaftClusterWithGrpca0a5e6cd/s14/86d75030-f160-4ccc-af34-a5bb6eb0946f/current/raft-meta.tmp to /home/runner/work/ratis/ratis/ratis-examples/target/test/data/da5193cb/MiniRaftClusterWithGrpca0a5e6cd/s14/86d75030-f160-4ccc-af34-a5bb6eb0946f/current/raft-meta with options [REPLACE_EXISTING]
2024-12-14 12:24:56,042 INFO  server.RaftServer$Division (RaftServerImpl.java:setFirstElection(563)) - s14@group-A5BB6EB0946F: set firstElectionSinceStartup to false for appendEntries
2024-12-14 12:24:56,042 INFO  server.RaftServer$Division (ServerState.java:setLeader(272)) - s14@group-A5BB6EB0946F: change Leader from null to s5 at term 1 for appendEntries, leader elected after 367ms
2024-12-14 12:24:56,050 INFO  segmented.BufferedWriteChannel (BufferedWriteChannel.java:open(61)) - open log_inprogress_0 at position 0
2024-12-14 12:24:56,050 INFO  segmented.SegmentedRaftLogWorker (SegmentedRaftLogWorker.java:execute(667)) - s8@group-A5BB6EB0946F-SegmentedRaftLogWorker: created new log segment /home/runner/work/ratis/ratis/ratis-examples/target/test/data/da5193cb/MiniRaftClusterWithGrpca0a5e6cd/s8/86d75030-f160-4ccc-af34-a5bb6eb0946f/current/log_inprogress_0
2024-12-14 12:24:56,060 INFO  server.RaftServer$Division (ServerState.java:setRaftConf(386)) - s9@group-A5BB6EB0946F: set configuration conf: {index: 0, cur=peers:[s4|0.0.0.0:15004, s5|0.0.0.0:15005, s6|0.0.0.0:15006]|listeners:[], old=null}
2024-12-14 12:24:56,060 INFO  server.RaftServer$Division (ServerState.java:setRaftConf(386)) - s9@group-A5BB6EB0946F: set configuration conf: {index: 121, cur=peers:[s4|0.0.0.0:15004, s5|0.0.0.0:15005, s6|0.0.0.0:15006, s0|0.0.0.0:15000, s1|0.0.0.0:15001]|listeners:[], old=peers:[s4|0.0.0.0:15004, s5|0.0.0.0:15005, s6|0.0.0.0:15006]|listeners:[]}
2024-12-14 12:24:56,060 INFO  server.RaftServer$Division (ServerState.java:setRaftConf(386)) - s9@group-A5BB6EB0946F: set configuration conf: {index: 123, cur=peers:[s4|0.0.0.0:15004, s5|0.0.0.0:15005, s6|0.0.0.0:15006, s0|0.0.0.0:15000, s1|0.0.0.0:15001]|listeners:[], old=null}
2024-12-14 12:24:56,060 INFO  server.RaftServer$Division (ServerState.java:setRaftConf(386)) - s9@group-A5BB6EB0946F: set configuration conf: {index: 125, cur=peers:[s4|0.0.0.0:15004, s5|0.0.0.0:15005, s11|0.0.0.0:15011, s6|0.0.0.0:15006, s10|0.0.0.0:15010, s13|0.0.0.0:15013, s12|0.0.0.0:15012, s0|0.0.0.0:15000, s1|0.0.0.0:15001]|listeners:[], old=peers:[s4|0.0.0.0:15004, s5|0.0.0.0:15005, s6|0.0.0.0:15006, s0|0.0.0.0:15000, s1|0.0.0.0:15001]|listeners:[]}
2024-12-14 12:24:56,060 INFO  server.RaftServer$Division (ServerState.java:setRaftConf(386)) - s9@group-A5BB6EB0946F: set configuration conf: {index: 127, cur=peers:[s4|0.0.0.0:15004, s5|0.0.0.0:15005, s11|0.0.0.0:15011, s6|0.0.0.0:15006, s10|0.0.0.0:15010, s13|0.0.0.0:15013, s12|0.0.0.0:15012, s0|0.0.0.0:15000, s1|0.0.0.0:15001]|listeners:[], old=null}
2024-12-14 12:24:56,060 INFO  segmented.SegmentedRaftLogWorker (SegmentedRaftLogWorker.java:startLogSegment(443)) - s9@group-A5BB6EB0946F-SegmentedRaftLogWorker: Starting segment from index:0
2024-12-14 12:24:56,060 INFO  segmented.SegmentedRaftLogWorker (SegmentedRaftLogWorker.java:execute(667)) - s3@group-A5BB6EB0946F-SegmentedRaftLogWorker: created new log segment /home/runner/work/ratis/ratis/ratis-examples/target/test/data/da5193cb/MiniRaftClusterWithGrpca0a5e6cd/s3/86d75030-f160-4ccc-af34-a5bb6eb0946f/current/log_inprogress_0
2024-12-14 12:24:56,066 TRACE util.FileUtils (LogUtils.java:supplyAndLog(69)) - Successfully supplied FileChannel.open /home/runner/work/ratis/ratis/ratis-examples/target/test/data/da5193cb/MiniRaftClusterWithGrpca0a5e6cd/s8/86d75030-f160-4ccc-af34-a5bb6eb0946f/current/raft-meta.conf.tmp with options [CREATE, WRITE]: sun.nio.ch.FileChannelImpl@9bbbb9a
2024-12-14 12:24:56,069 TRACE util.FileUtils (LogUtils.java:supplyAndLog(69)) - Successfully supplied FileChannel.open /home/runner/work/ratis/ratis/ratis-examples/target/test/data/da5193cb/MiniRaftClusterWithGrpca0a5e6cd/s3/86d75030-f160-4ccc-af34-a5bb6eb0946f/current/raft-meta.conf.tmp with options [CREATE, WRITE]: sun.nio.ch.FileChannelImpl@5743c26e
2024-12-14 12:24:56,070 TRACE util.FileUtils (LogUtils.java:supplyAndLog(69)) - Successfully supplied FileChannel.open /home/runner/work/ratis/ratis/ratis-examples/target/test/data/da5193cb/MiniRaftClusterWithGrpca0a5e6cd/s2/86d75030-f160-4ccc-af34-a5bb6eb0946f/current/raft-meta.tmp with options [CREATE, WRITE]: sun.nio.ch.FileChannelImpl@28d21fef
2024-12-14 12:24:56,071 TRACE util.FileUtils (LogUtils.java:runAndLog(49)) - Successfully ran Atomic Files.move /home/runner/work/ratis/ratis/ratis-examples/target/test/data/da5193cb/MiniRaftClusterWithGrpca0a5e6cd/s8/86d75030-f160-4ccc-af34-a5bb6eb0946f/current/raft-meta.conf.tmp to /home/runner/work/ratis/ratis/ratis-examples/target/test/data/da5193cb/MiniRaftClusterWithGrpca0a5e6cd/s8/86d75030-f160-4ccc-af34-a5bb6eb0946f/current/raft-meta.conf with options [REPLACE_EXISTING]
2024-12-14 12:24:56,071 TRACE util.FileUtils (LogUtils.java:runAndLog(49)) - Successfully ran Atomic Files.move /home/runner/work/ratis/ratis/ratis-examples/target/test/data/da5193cb/MiniRaftClusterWithGrpca0a5e6cd/s2/86d75030-f160-4ccc-af34-a5bb6eb0946f/current/raft-meta.tmp to /home/runner/work/ratis/ratis/ratis-examples/target/test/data/da5193cb/MiniRaftClusterWithGrpca0a5e6cd/s2/86d75030-f160-4ccc-af34-a5bb6eb0946f/current/raft-meta with options [REPLACE_EXISTING]
2024-12-14 12:24:56,072 INFO  server.RaftServer$Division (RaftServerImpl.java:setFirstElection(563)) - s2@group-A5BB6EB0946F: set firstElectionSinceStartup to false for appendEntries
2024-12-14 12:24:56,072 INFO  server.RaftServer$Division (ServerState.java:setLeader(272)) - s2@group-A5BB6EB0946F: change Leader from null to s5 at term 1 for appendEntries, leader elected after 368ms
2024-12-14 12:24:56,073 TRACE util.FileUtils (LogUtils.java:supplyAndLog(69)) - Successfully supplied FileChannel.open /home/runner/work/ratis/ratis/ratis-examples/target/test/data/da5193cb/MiniRaftClusterWithGrpca0a5e6cd/s8/86d75030-f160-4ccc-af34-a5bb6eb0946f/current/raft-meta.conf.tmp with options [CREATE, WRITE]: sun.nio.ch.FileChannelImpl@77c44dd
2024-12-14 12:24:56,075 TRACE util.FileUtils (LogUtils.java:runAndLog(49)) - Successfully ran Atomic Files.move /home/runner/work/ratis/ratis/ratis-examples/target/test/data/da5193cb/MiniRaftClusterWithGrpca0a5e6cd/s8/86d75030-f160-4ccc-af34-a5bb6eb0946f/current/raft-meta.conf.tmp to /home/runner/work/ratis/ratis/ratis-examples/target/test/data/da5193cb/MiniRaftClusterWithGrpca0a5e6cd/s8/86d75030-f160-4ccc-af34-a5bb6eb0946f/current/raft-meta.conf with options [REPLACE_EXISTING]
2024-12-14 12:24:56,076 TRACE util.FileUtils (LogUtils.java:supplyAndLog(69)) - Successfully supplied FileChannel.open /home/runner/work/ratis/ratis/ratis-examples/target/test/data/da5193cb/MiniRaftClusterWithGrpca0a5e6cd/s8/86d75030-f160-4ccc-af34-a5bb6eb0946f/current/raft-meta.conf.tmp with options [CREATE, WRITE]: sun.nio.ch.FileChannelImpl@343d0ea
2024-12-14 12:24:56,079 TRACE util.FileUtils (LogUtils.java:runAndLog(49)) - Successfully ran Atomic Files.move /home/runner/work/ratis/ratis/ratis-examples/target/test/data/da5193cb/MiniRaftClusterWithGrpca0a5e6cd/s8/86d75030-f160-4ccc-af34-a5bb6eb0946f/current/raft-meta.conf.tmp to /home/runner/work/ratis/ratis/ratis-examples/target/test/data/da5193cb/MiniRaftClusterWithGrpca0a5e6cd/s8/86d75030-f160-4ccc-af34-a5bb6eb0946f/current/raft-meta.conf with options [REPLACE_EXISTING]
2024-12-14 12:24:56,079 TRACE util.FileUtils (LogUtils.java:supplyAndLog(69)) - Successfully supplied FileChannel.open /home/runner/work/ratis/ratis/ratis-examples/target/test/data/da5193cb/MiniRaftClusterWithGrpca0a5e6cd/s8/86d75030-f160-4ccc-af34-a5bb6eb0946f/current/raft-meta.conf.tmp with options [CREATE, WRITE]: sun.nio.ch.FileChannelImpl@46414ee6
2024-12-14 12:24:56,080 INFO  server.RaftServer$Division (ServerState.java:setRaftConf(386)) - s14@group-A5BB6EB0946F: set configuration conf: {index: 0, cur=peers:[s4|0.0.0.0:15004, s5|0.0.0.0:15005, s6|0.0.0.0:15006]|listeners:[], old=null}
2024-12-14 12:24:56,080 INFO  server.RaftServer$Division (ServerState.java:setRaftConf(386)) - s14@group-A5BB6EB0946F: set configuration conf: {index: 121, cur=peers:[s4|0.0.0.0:15004, s5|0.0.0.0:15005, s6|0.0.0.0:15006, s0|0.0.0.0:15000, s1|0.0.0.0:15001]|listeners:[], old=peers:[s4|0.0.0.0:15004, s5|0.0.0.0:15005, s6|0.0.0.0:15006]|listeners:[]}
2024-12-14 12:24:56,080 INFO  server.RaftServer$Division (ServerState.java:setRaftConf(386)) - s14@group-A5BB6EB0946F: set configuration conf: {index: 123, cur=peers:[s4|0.0.0.0:15004, s5|0.0.0.0:15005, s6|0.0.0.0:15006, s0|0.0.0.0:15000, s1|0.0.0.0:15001]|listeners:[], old=null}
2024-12-14 12:24:56,080 INFO  server.RaftServer$Division (ServerState.java:setRaftConf(386)) - s14@group-A5BB6EB0946F: set configuration conf: {index: 125, cur=peers:[s4|0.0.0.0:15004, s5|0.0.0.0:15005, s11|0.0.0.0:15011, s6|0.0.0.0:15006, s10|0.0.0.0:15010, s13|0.0.0.0:15013, s12|0.0.0.0:15012, s0|0.0.0.0:15000, s1|0.0.0.0:15001]|listeners:[], old=peers:[s4|0.0.0.0:15004, s5|0.0.0.0:15005, s6|0.0.0.0:15006, s0|0.0.0.0:15000, s1|0.0.0.0:15001]|listeners:[]}
2024-12-14 12:24:56,080 INFO  server.RaftServer$Division (ServerState.java:setRaftConf(386)) - s14@group-A5BB6EB0946F: set configuration conf: {index: 127, cur=peers:[s4|0.0.0.0:15004, s5|0.0.0.0:15005, s11|0.0.0.0:15011, s6|0.0.0.0:15006, s10|0.0.0.0:15010, s13|0.0.0.0:15013, s12|0.0.0.0:15012, s0|0.0.0.0:15000, s1|0.0.0.0:15001]|listeners:[], old=null}
2024-12-14 12:24:56,080 INFO  segmented.SegmentedRaftLogWorker (SegmentedRaftLogWorker.java:startLogSegment(443)) - s14@group-A5BB6EB0946F-SegmentedRaftLogWorker: Starting segment from index:0
2024-12-14 12:24:56,081 TRACE util.FileUtils (LogUtils.java:runAndLog(49)) - Successfully ran Atomic Files.move /home/runner/work/ratis/ratis/ratis-examples/target/test/data/da5193cb/MiniRaftClusterWithGrpca0a5e6cd/s3/86d75030-f160-4ccc-af34-a5bb6eb0946f/current/raft-meta.conf.tmp to /home/runner/work/ratis/ratis/ratis-examples/target/test/data/da5193cb/MiniRaftClusterWithGrpca0a5e6cd/s3/86d75030-f160-4ccc-af34-a5bb6eb0946f/current/raft-meta.conf with options [REPLACE_EXISTING]
2024-12-14 12:24:56,082 INFO  segmented.BufferedWriteChannel (BufferedWriteChannel.java:open(61)) - open log_inprogress_0 at position 0
2024-12-14 12:24:56,082 TRACE util.FileUtils (LogUtils.java:supplyAndLog(69)) - Successfully supplied FileChannel.open /home/runner/work/ratis/ratis/ratis-examples/target/test/data/da5193cb/MiniRaftClusterWithGrpca0a5e6cd/s3/86d75030-f160-4ccc-af34-a5bb6eb0946f/current/raft-meta.conf.tmp with options [CREATE, WRITE]: sun.nio.ch.FileChannelImpl@598426f6
2024-12-14 12:24:56,084 TRACE util.FileUtils (LogUtils.java:runAndLog(49)) - Successfully ran Atomic Files.move /home/runner/work/ratis/ratis/ratis-examples/target/test/data/da5193cb/MiniRaftClusterWithGrpca0a5e6cd/s8/86d75030-f160-4ccc-af34-a5bb6eb0946f/current/raft-meta.conf.tmp to /home/runner/work/ratis/ratis/ratis-examples/target/test/data/da5193cb/MiniRaftClusterWithGrpca0a5e6cd/s8/86d75030-f160-4ccc-af34-a5bb6eb0946f/current/raft-meta.conf with options [REPLACE_EXISTING]
2024-12-14 12:24:56,084 TRACE util.FileUtils (LogUtils.java:supplyAndLog(69)) - Successfully supplied FileChannel.open /home/runner/work/ratis/ratis/ratis-examples/target/test/data/da5193cb/MiniRaftClusterWithGrpca0a5e6cd/s8/86d75030-f160-4ccc-af34-a5bb6eb0946f/current/raft-meta.conf.tmp with options [CREATE, WRITE]: sun.nio.ch.FileChannelImpl@12f25adf
2024-12-14 12:24:56,084 TRACE util.FileUtils (LogUtils.java:runAndLog(49)) - Successfully ran Atomic Files.move /home/runner/work/ratis/ratis/ratis-examples/target/test/data/da5193cb/MiniRaftClusterWithGrpca0a5e6cd/s3/86d75030-f160-4ccc-af34-a5bb6eb0946f/current/raft-meta.conf.tmp to /home/runner/work/ratis/ratis/ratis-examples/target/test/data/da5193cb/MiniRaftClusterWithGrpca0a5e6cd/s3/86d75030-f160-4ccc-af34-a5bb6eb0946f/current/raft-meta.conf with options [REPLACE_EXISTING]
2024-12-14 12:24:56,084 TRACE util.FileUtils (LogUtils.java:supplyAndLog(69)) - Successfully supplied FileChannel.open /home/runner/work/ratis/ratis/ratis-examples/target/test/data/da5193cb/MiniRaftClusterWithGrpca0a5e6cd/s3/86d75030-f160-4ccc-af34-a5bb6eb0946f/current/raft-meta.conf.tmp with options [CREATE, WRITE]: sun.nio.ch.FileChannelImpl@5dbba91e
2024-12-14 12:24:56,086 TRACE util.FileUtils (LogUtils.java:runAndLog(49)) - Successfully ran Atomic Files.move /home/runner/work/ratis/ratis/ratis-examples/target/test/data/da5193cb/MiniRaftClusterWithGrpca0a5e6cd/s3/86d75030-f160-4ccc-af34-a5bb6eb0946f/current/raft-meta.conf.tmp to /home/runner/work/ratis/ratis/ratis-examples/target/test/data/da5193cb/MiniRaftClusterWithGrpca0a5e6cd/s3/86d75030-f160-4ccc-af34-a5bb6eb0946f/current/raft-meta.conf with options [REPLACE_EXISTING]
2024-12-14 12:24:56,086 TRACE util.FileUtils (LogUtils.java:supplyAndLog(69)) - Successfully supplied FileChannel.open /home/runner/work/ratis/ratis/ratis-examples/target/test/data/da5193cb/MiniRaftClusterWithGrpca0a5e6cd/s3/86d75030-f160-4ccc-af34-a5bb6eb0946f/current/raft-meta.conf.tmp with options [CREATE, WRITE]: sun.nio.ch.FileChannelImpl@18b92ccd
2024-12-14 12:24:56,087 INFO  segmented.BufferedWriteChannel (BufferedWriteChannel.java:open(61)) - open log_inprogress_0 at position 0
2024-12-14 12:24:56,090 TRACE util.FileUtils (LogUtils.java:runAndLog(49)) - Successfully ran Atomic Files.move /home/runner/work/ratis/ratis/ratis-examples/target/test/data/da5193cb/MiniRaftClusterWithGrpca0a5e6cd/s3/86d75030-f160-4ccc-af34-a5bb6eb0946f/current/raft-meta.conf.tmp to /home/runner/work/ratis/ratis/ratis-examples/target/test/data/da5193cb/MiniRaftClusterWithGrpca0a5e6cd/s3/86d75030-f160-4ccc-af34-a5bb6eb0946f/current/raft-meta.conf with options [REPLACE_EXISTING]
2024-12-14 12:24:56,090 TRACE util.FileUtils (LogUtils.java:supplyAndLog(69)) - Successfully supplied FileChannel.open /home/runner/work/ratis/ratis/ratis-examples/target/test/data/da5193cb/MiniRaftClusterWithGrpca0a5e6cd/s3/86d75030-f160-4ccc-af34-a5bb6eb0946f/current/raft-meta.conf.tmp with options [CREATE, WRITE]: sun.nio.ch.FileChannelImpl@5120cd06
2024-12-14 12:24:56,092 INFO  server.RaftServer$Division (ServerState.java:setRaftConf(386)) - s7@group-A5BB6EB0946F: set configuration conf: {index: 0, cur=peers:[s4|0.0.0.0:15004, s5|0.0.0.0:15005, s6|0.0.0.0:15006]|listeners:[], old=null}
2024-12-14 12:24:56,092 INFO  server.RaftServer$Division (ServerState.java:setRaftConf(386)) - s7@group-A5BB6EB0946F: set configuration conf: {index: 121, cur=peers:[s4|0.0.0.0:15004, s5|0.0.0.0:15005, s6|0.0.0.0:15006, s0|0.0.0.0:15000, s1|0.0.0.0:15001]|listeners:[], old=peers:[s4|0.0.0.0:15004, s5|0.0.0.0:15005, s6|0.0.0.0:15006]|listeners:[]}
2024-12-14 12:24:56,092 INFO  server.RaftServer$Division (ServerState.java:setRaftConf(386)) - s7@group-A5BB6EB0946F: set configuration conf: {index: 123, cur=peers:[s4|0.0.0.0:15004, s5|0.0.0.0:15005, s6|0.0.0.0:15006, s0|0.0.0.0:15000, s1|0.0.0.0:15001]|listeners:[], old=null}
2024-12-14 12:24:56,093 TRACE util.FileUtils (LogUtils.java:runAndLog(49)) - Successfully ran Atomic Files.move /home/runner/work/ratis/ratis/ratis-examples/target/test/data/da5193cb/MiniRaftClusterWithGrpca0a5e6cd/s3/86d75030-f160-4ccc-af34-a5bb6eb0946f/current/raft-meta.conf.tmp to /home/runner/work/ratis/ratis/ratis-examples/target/test/data/da5193cb/MiniRaftClusterWithGrpca0a5e6cd/s3/86d75030-f160-4ccc-af34-a5bb6eb0946f/current/raft-meta.conf with options [REPLACE_EXISTING]
2024-12-14 12:24:56,093 INFO  server.RaftServer$Division (ServerState.java:setRaftConf(386)) - s7@group-A5BB6EB0946F: set configuration conf: {index: 125, cur=peers:[s4|0.0.0.0:15004, s5|0.0.0.0:15005, s11|0.0.0.0:15011, s6|0.0.0.0:15006, s10|0.0.0.0:15010, s13|0.0.0.0:15013, s12|0.0.0.0:15012, s0|0.0.0.0:15000, s1|0.0.0.0:15001]|listeners:[], old=peers:[s4|0.0.0.0:15004, s5|0.0.0.0:15005, s6|0.0.0.0:15006, s0|0.0.0.0:15000, s1|0.0.0.0:15001]|listeners:[]}
2024-12-14 12:24:56,093 INFO  server.RaftServer$Division (ServerState.java:setRaftConf(386)) - s7@group-A5BB6EB0946F: set configuration conf: {index: 127, cur=peers:[s4|0.0.0.0:15004, s5|0.0.0.0:15005, s11|0.0.0.0:15011, s6|0.0.0.0:15006, s10|0.0.0.0:15010, s13|0.0.0.0:15013, s12|0.0.0.0:15012, s0|0.0.0.0:15000, s1|0.0.0.0:15001]|listeners:[], old=null}
2024-12-14 12:24:56,098 INFO  server.RaftServer$Division (ServerState.java:setRaftConf(386)) - s2@group-A5BB6EB0946F: set configuration conf: {index: 0, cur=peers:[s4|0.0.0.0:15004, s5|0.0.0.0:15005, s6|0.0.0.0:15006]|listeners:[], old=null}
2024-12-14 12:24:56,098 INFO  server.RaftServer$Division (ServerState.java:setRaftConf(386)) - s2@group-A5BB6EB0946F: set configuration conf: {index: 121, cur=peers:[s4|0.0.0.0:15004, s5|0.0.0.0:15005, s6|0.0.0.0:15006, s0|0.0.0.0:15000, s1|0.0.0.0:15001]|listeners:[], old=peers:[s4|0.0.0.0:15004, s5|0.0.0.0:15005, s6|0.0.0.0:15006]|listeners:[]}
2024-12-14 12:24:56,098 INFO  server.RaftServer$Division (ServerState.java:setRaftConf(386)) - s2@group-A5BB6EB0946F: set configuration conf: {index: 123, cur=peers:[s4|0.0.0.0:15004, s5|0.0.0.0:15005, s6|0.0.0.0:15006, s0|0.0.0.0:15000, s1|0.0.0.0:15001]|listeners:[], old=null}
2024-12-14 12:24:56,098 INFO  server.RaftServer$Division (ServerState.java:setRaftConf(386)) - s2@group-A5BB6EB0946F: set configuration conf: {index: 125, cur=peers:[s4|0.0.0.0:15004, s5|0.0.0.0:15005, s11|0.0.0.0:15011, s6|0.0.0.0:15006, s10|0.0.0.0:15010, s13|0.0.0.0:15013, s12|0.0.0.0:15012, s0|0.0.0.0:15000, s1|0.0.0.0:15001]|listeners:[], old=peers:[s4|0.0.0.0:15004, s5|0.0.0.0:15005, s6|0.0.0.0:15006, s0|0.0.0.0:15000, s1|0.0.0.0:15001]|listeners:[]}
2024-12-14 12:24:56,098 INFO  server.RaftServer$Division (ServerState.java:setRaftConf(386)) - s2@group-A5BB6EB0946F: set configuration conf: {index: 127, cur=peers:[s4|0.0.0.0:15004, s5|0.0.0.0:15005, s11|0.0.0.0:15011, s6|0.0.0.0:15006, s10|0.0.0.0:15010, s13|0.0.0.0:15013, s12|0.0.0.0:15012, s0|0.0.0.0:15000, s1|0.0.0.0:15001]|listeners:[], old=null}
2024-12-14 12:24:56,098 INFO  segmented.SegmentedRaftLogWorker (SegmentedRaftLogWorker.java:startLogSegment(443)) - s2@group-A5BB6EB0946F-SegmentedRaftLogWorker: Starting segment from index:0
2024-12-14 12:24:56,099 INFO  segmented.BufferedWriteChannel (BufferedWriteChannel.java:open(61)) - open log_inprogress_0 at position 0
2024-12-14 12:24:56,101 INFO  segmented.SegmentedRaftLogWorker (SegmentedRaftLogWorker.java:startLogSegment(443)) - s7@group-A5BB6EB0946F-SegmentedRaftLogWorker: Starting segment from index:0
2024-12-14 12:24:56,103 INFO  segmented.BufferedWriteChannel (BufferedWriteChannel.java:open(61)) - open log_inprogress_0 at position 0
2024-12-14 12:24:56,103 INFO  segmented.SegmentedRaftLogWorker (SegmentedRaftLogWorker.java:execute(667)) - s14@group-A5BB6EB0946F-SegmentedRaftLogWorker: created new log segment /home/runner/work/ratis/ratis/ratis-examples/target/test/data/da5193cb/MiniRaftClusterWithGrpca0a5e6cd/s14/86d75030-f160-4ccc-af34-a5bb6eb0946f/current/log_inprogress_0
2024-12-14 12:24:56,109 TRACE util.FileUtils (LogUtils.java:runAndLog(49)) - Successfully ran Atomic Files.move /home/runner/work/ratis/ratis/ratis-examples/target/test/data/da5193cb/MiniRaftClusterWithGrpca0a5e6cd/s8/86d75030-f160-4ccc-af34-a5bb6eb0946f/current/raft-meta.conf.tmp to /home/runner/work/ratis/ratis/ratis-examples/target/test/data/da5193cb/MiniRaftClusterWithGrpca0a5e6cd/s8/86d75030-f160-4ccc-af34-a5bb6eb0946f/current/raft-meta.conf with options [REPLACE_EXISTING]
2024-12-14 12:24:56,110 INFO  server.RaftServer$Division (ServerState.java:setRaftConf(386)) - s5@group-A5BB6EB0946F: set configuration conf: {index: 129, cur=peers:[s3|0.0.0.0:15003, s4|0.0.0.0:15004, s5|0.0.0.0:15005, s6|0.0.0.0:15006, s7|0.0.0.0:15007, s8|0.0.0.0:15008, s9|0.0.0.0:15009, s11|0.0.0.0:15011, s10|0.0.0.0:15010, s13|0.0.0.0:15013, s12|0.0.0.0:15012, s14|0.0.0.0:15014, s0|0.0.0.0:15000, s1|0.0.0.0:15001, s2|0.0.0.0:15002]|listeners:[], old=peers:[s4|0.0.0.0:15004, s5|0.0.0.0:15005, s11|0.0.0.0:15011, s6|0.0.0.0:15006, s10|0.0.0.0:15010, s13|0.0.0.0:15013, s12|0.0.0.0:15012, s0|0.0.0.0:15000, s1|0.0.0.0:15001]|listeners:[]}
2024-12-14 12:24:56,111 TRACE util.FileUtils (LogUtils.java:supplyAndLog(69)) - Successfully supplied FileChannel.open /home/runner/work/ratis/ratis/ratis-examples/target/test/data/da5193cb/MiniRaftClusterWithGrpca0a5e6cd/s14/86d75030-f160-4ccc-af34-a5bb6eb0946f/current/raft-meta.conf.tmp with options [CREATE, WRITE]: sun.nio.ch.FileChannelImpl@14739943
2024-12-14 12:24:56,112 INFO  segmented.SegmentedRaftLogWorker (SegmentedRaftLogWorker.java:execute(667)) - s9@group-A5BB6EB0946F-SegmentedRaftLogWorker: created new log segment /home/runner/work/ratis/ratis/ratis-examples/target/test/data/da5193cb/MiniRaftClusterWithGrpca0a5e6cd/s9/86d75030-f160-4ccc-af34-a5bb6eb0946f/current/log_inprogress_0
2024-12-14 12:24:56,120 INFO  segmented.SegmentedRaftLogWorker (SegmentedRaftLogWorker.java:execute(667)) - s7@group-A5BB6EB0946F-SegmentedRaftLogWorker: created new log segment /home/runner/work/ratis/ratis/ratis-examples/target/test/data/da5193cb/MiniRaftClusterWithGrpca0a5e6cd/s7/86d75030-f160-4ccc-af34-a5bb6eb0946f/current/log_inprogress_0
2024-12-14 12:24:56,114 INFO  server.RaftServer$Division (ServerState.java:setRaftConf(386)) - s1@group-A5BB6EB0946F: set configuration conf: {index: 129, cur=peers:[s3|0.0.0.0:15003, s4|0.0.0.0:15004, s5|0.0.0.0:15005, s6|0.0.0.0:15006, s7|0.0.0.0:15007, s8|0.0.0.0:15008, s9|0.0.0.0:15009, s11|0.0.0.0:15011, s10|0.0.0.0:15010, s13|0.0.0.0:15013, s12|0.0.0.0:15012, s14|0.0.0.0:15014, s0|0.0.0.0:15000, s1|0.0.0.0:15001, s2|0.0.0.0:15002]|listeners:[], old=peers:[s4|0.0.0.0:15004, s5|0.0.0.0:15005, s11|0.0.0.0:15011, s6|0.0.0.0:15006, s10|0.0.0.0:15010, s13|0.0.0.0:15013, s12|0.0.0.0:15012, s0|0.0.0.0:15000, s1|0.0.0.0:15001]|listeners:[]}
2024-12-14 12:24:56,120 INFO  segmented.SegmentedRaftLogWorker (SegmentedRaftLogWorker.java:execute(667)) - s2@group-A5BB6EB0946F-SegmentedRaftLogWorker: created new log segment /home/runner/work/ratis/ratis/ratis-examples/target/test/data/da5193cb/MiniRaftClusterWithGrpca0a5e6cd/s2/86d75030-f160-4ccc-af34-a5bb6eb0946f/current/log_inprogress_0
2024-12-14 12:24:56,120 INFO  server.RaftServer$Division (ServerState.java:setRaftConf(386)) - s12@group-A5BB6EB0946F: set configuration conf: {index: 129, cur=peers:[s3|0.0.0.0:15003, s4|0.0.0.0:15004, s5|0.0.0.0:15005, s6|0.0.0.0:15006, s7|0.0.0.0:15007, s8|0.0.0.0:15008, s9|0.0.0.0:15009, s11|0.0.0.0:15011, s10|0.0.0.0:15010, s13|0.0.0.0:15013, s12|0.0.0.0:15012, s14|0.0.0.0:15014, s0|0.0.0.0:15000, s1|0.0.0.0:15001, s2|0.0.0.0:15002]|listeners:[], old=peers:[s4|0.0.0.0:15004, s5|0.0.0.0:15005, s11|0.0.0.0:15011, s6|0.0.0.0:15006, s10|0.0.0.0:15010, s13|0.0.0.0:15013, s12|0.0.0.0:15012, s0|0.0.0.0:15000, s1|0.0.0.0:15001]|listeners:[]}
2024-12-14 12:24:56,119 INFO  server.RaftServer$Division (ServerState.java:setRaftConf(386)) - s13@group-A5BB6EB0946F: set configuration conf: {index: 129, cur=peers:[s3|0.0.0.0:15003, s4|0.0.0.0:15004, s5|0.0.0.0:15005, s6|0.0.0.0:15006, s7|0.0.0.0:15007, s8|0.0.0.0:15008, s9|0.0.0.0:15009, s11|0.0.0.0:15011, s10|0.0.0.0:15010, s13|0.0.0.0:15013, s12|0.0.0.0:15012, s14|0.0.0.0:15014, s0|0.0.0.0:15000, s1|0.0.0.0:15001, s2|0.0.0.0:15002]|listeners:[], old=peers:[s4|0.0.0.0:15004, s5|0.0.0.0:15005, s11|0.0.0.0:15011, s6|0.0.0.0:15006, s10|0.0.0.0:15010, s13|0.0.0.0:15013, s12|0.0.0.0:15012, s0|0.0.0.0:15000, s1|0.0.0.0:15001]|listeners:[]}
2024-12-14 12:24:56,133 INFO  impl.RoleInfo (RoleInfo.java:updateAndGet(148)) - s7: start s7@group-A5BB6EB0946F-FollowerState
2024-12-14 12:24:56,134 TRACE util.FileUtils (LogUtils.java:supplyAndLog(69)) - Successfully supplied FileChannel.open /home/runner/work/ratis/ratis/ratis-examples/target/test/data/da5193cb/MiniRaftClusterWithGrpca0a5e6cd/s7/86d75030-f160-4ccc-af34-a5bb6eb0946f/current/raft-meta.conf.tmp with options [CREATE, WRITE]: sun.nio.ch.FileChannelImpl@2979bbc3
2024-12-14 12:24:56,119 INFO  server.RaftServer$Division (ServerState.java:setRaftConf(386)) - s9@group-A5BB6EB0946F: set configuration conf: {index: 129, cur=peers:[s3|0.0.0.0:15003, s4|0.0.0.0:15004, s5|0.0.0.0:15005, s6|0.0.0.0:15006, s7|0.0.0.0:15007, s8|0.0.0.0:15008, s9|0.0.0.0:15009, s11|0.0.0.0:15011, s10|0.0.0.0:15010, s13|0.0.0.0:15013, s12|0.0.0.0:15012, s14|0.0.0.0:15014, s0|0.0.0.0:15000, s1|0.0.0.0:15001, s2|0.0.0.0:15002]|listeners:[], old=peers:[s4|0.0.0.0:15004, s5|0.0.0.0:15005, s11|0.0.0.0:15011, s6|0.0.0.0:15006, s10|0.0.0.0:15010, s13|0.0.0.0:15013, s12|0.0.0.0:15012, s0|0.0.0.0:15000, s1|0.0.0.0:15001]|listeners:[]}
2024-12-14 12:24:56,118 INFO  server.RaftServer$Division (ServerState.java:setRaftConf(386)) - s10@group-A5BB6EB0946F: set configuration conf: {index: 129, cur=peers:[s3|0.0.0.0:15003, s4|0.0.0.0:15004, s5|0.0.0.0:15005, s6|0.0.0.0:15006, s7|0.0.0.0:15007, s8|0.0.0.0:15008, s9|0.0.0.0:15009, s11|0.0.0.0:15011, s10|0.0.0.0:15010, s13|0.0.0.0:15013, s12|0.0.0.0:15012, s14|0.0.0.0:15014, s0|0.0.0.0:15000, s1|0.0.0.0:15001, s2|0.0.0.0:15002]|listeners:[], old=peers:[s4|0.0.0.0:15004, s5|0.0.0.0:15005, s11|0.0.0.0:15011, s6|0.0.0.0:15006, s10|0.0.0.0:15010, s13|0.0.0.0:15013, s12|0.0.0.0:15012, s0|0.0.0.0:15000, s1|0.0.0.0:15001]|listeners:[]}
2024-12-14 12:24:56,118 INFO  server.RaftServer$Division (ServerState.java:setRaftConf(386)) - s0@group-A5BB6EB0946F: set configuration conf: {index: 129, cur=peers:[s3|0.0.0.0:15003, s4|0.0.0.0:15004, s5|0.0.0.0:15005, s6|0.0.0.0:15006, s7|0.0.0.0:15007, s8|0.0.0.0:15008, s9|0.0.0.0:15009, s11|0.0.0.0:15011, s10|0.0.0.0:15010, s13|0.0.0.0:15013, s12|0.0.0.0:15012, s14|0.0.0.0:15014, s0|0.0.0.0:15000, s1|0.0.0.0:15001, s2|0.0.0.0:15002]|listeners:[], old=peers:[s4|0.0.0.0:15004, s5|0.0.0.0:15005, s11|0.0.0.0:15011, s6|0.0.0.0:15006, s10|0.0.0.0:15010, s13|0.0.0.0:15013, s12|0.0.0.0:15012, s0|0.0.0.0:15000, s1|0.0.0.0:15001]|listeners:[]}
2024-12-14 12:24:56,118 TRACE util.FileUtils (LogUtils.java:runAndLog(49)) - Successfully ran Atomic Files.move /home/runner/work/ratis/ratis/ratis-examples/target/test/data/da5193cb/MiniRaftClusterWithGrpca0a5e6cd/s14/86d75030-f160-4ccc-af34-a5bb6eb0946f/current/raft-meta.conf.tmp to /home/runner/work/ratis/ratis/ratis-examples/target/test/data/da5193cb/MiniRaftClusterWithGrpca0a5e6cd/s14/86d75030-f160-4ccc-af34-a5bb6eb0946f/current/raft-meta.conf with options [REPLACE_EXISTING]
2024-12-14 12:24:56,144 TRACE util.FileUtils (LogUtils.java:runAndLog(49)) - Successfully ran Atomic Files.move /home/runner/work/ratis/ratis/ratis-examples/target/test/data/da5193cb/MiniRaftClusterWithGrpca0a5e6cd/s7/86d75030-f160-4ccc-af34-a5bb6eb0946f/current/raft-meta.conf.tmp to /home/runner/work/ratis/ratis/ratis-examples/target/test/data/da5193cb/MiniRaftClusterWithGrpca0a5e6cd/s7/86d75030-f160-4ccc-af34-a5bb6eb0946f/current/raft-meta.conf with options [REPLACE_EXISTING]
2024-12-14 12:24:56,117 INFO  server.RaftServer$Division (ServerState.java:setRaftConf(386)) - s11@group-A5BB6EB0946F: set configuration conf: {index: 129, cur=peers:[s3|0.0.0.0:15003, s4|0.0.0.0:15004, s5|0.0.0.0:15005, s6|0.0.0.0:15006, s7|0.0.0.0:15007, s8|0.0.0.0:15008, s9|0.0.0.0:15009, s11|0.0.0.0:15011, s10|0.0.0.0:15010, s13|0.0.0.0:15013, s12|0.0.0.0:15012, s14|0.0.0.0:15014, s0|0.0.0.0:15000, s1|0.0.0.0:15001, s2|0.0.0.0:15002]|listeners:[], old=peers:[s4|0.0.0.0:15004, s5|0.0.0.0:15005, s11|0.0.0.0:15011, s6|0.0.0.0:15006, s10|0.0.0.0:15010, s13|0.0.0.0:15013, s12|0.0.0.0:15012, s0|0.0.0.0:15000, s1|0.0.0.0:15001]|listeners:[]}
2024-12-14 12:24:56,140 INFO  server.RaftServer$Division (ServerState.java:setRaftConf(386)) - s7@group-A5BB6EB0946F: set configuration conf: {index: 129, cur=peers:[s3|0.0.0.0:15003, s4|0.0.0.0:15004, s5|0.0.0.0:15005, s6|0.0.0.0:15006, s7|0.0.0.0:15007, s8|0.0.0.0:15008, s9|0.0.0.0:15009, s11|0.0.0.0:15011, s10|0.0.0.0:15010, s13|0.0.0.0:15013, s12|0.0.0.0:15012, s14|0.0.0.0:15014, s0|0.0.0.0:15000, s1|0.0.0.0:15001, s2|0.0.0.0:15002]|listeners:[], old=peers:[s4|0.0.0.0:15004, s5|0.0.0.0:15005, s11|0.0.0.0:15011, s6|0.0.0.0:15006, s10|0.0.0.0:15010, s13|0.0.0.0:15013, s12|0.0.0.0:15012, s0|0.0.0.0:15000, s1|0.0.0.0:15001]|listeners:[]}
2024-12-14 12:24:56,134 TRACE util.FileUtils (LogUtils.java:supplyAndLog(69)) - Successfully supplied FileChannel.open /home/runner/work/ratis/ratis/ratis-examples/target/test/data/da5193cb/MiniRaftClusterWithGrpca0a5e6cd/s2/86d75030-f160-4ccc-af34-a5bb6eb0946f/current/raft-meta.conf.tmp with options [CREATE, WRITE]: sun.nio.ch.FileChannelImpl@7f15c35c
2024-12-14 12:24:56,134 TRACE util.FileUtils (LogUtils.java:supplyAndLog(69)) - Successfully supplied FileChannel.open /home/runner/work/ratis/ratis/ratis-examples/target/test/data/da5193cb/MiniRaftClusterWithGrpca0a5e6cd/s9/86d75030-f160-4ccc-af34-a5bb6eb0946f/current/raft-meta.conf.tmp with options [CREATE, WRITE]: sun.nio.ch.FileChannelImpl@33090ddc
2024-12-14 12:24:56,133 INFO  impl.RoleInfo (RoleInfo.java:updateAndGet(148)) - s8: start s8@group-A5BB6EB0946F-FollowerState
2024-12-14 12:24:56,153 INFO  server.RaftServer$Division (ServerState.java:setRaftConf(386)) - s8@group-A5BB6EB0946F: set configuration conf: {index: 129, cur=peers:[s3|0.0.0.0:15003, s4|0.0.0.0:15004, s5|0.0.0.0:15005, s6|0.0.0.0:15006, s7|0.0.0.0:15007, s8|0.0.0.0:15008, s9|0.0.0.0:15009, s11|0.0.0.0:15011, s10|0.0.0.0:15010, s13|0.0.0.0:15013, s12|0.0.0.0:15012, s14|0.0.0.0:15014, s0|0.0.0.0:15000, s1|0.0.0.0:15001, s2|0.0.0.0:15002]|listeners:[], old=peers:[s4|0.0.0.0:15004, s5|0.0.0.0:15005, s11|0.0.0.0:15011, s6|0.0.0.0:15006, s10|0.0.0.0:15010, s13|0.0.0.0:15013, s12|0.0.0.0:15012, s0|0.0.0.0:15000, s1|0.0.0.0:15001]|listeners:[]}
2024-12-14 12:24:56,133 INFO  impl.RoleInfo (RoleInfo.java:updateAndGet(148)) - s2: start s2@group-A5BB6EB0946F-FollowerState
2024-12-14 12:24:56,133 INFO  impl.RoleInfo (RoleInfo.java:updateAndGet(148)) - s3: start s3@group-A5BB6EB0946F-FollowerState
2024-12-14 12:24:56,132 INFO  server.RaftServer$Division (ServerState.java:setRaftConf(386)) - s4@group-A5BB6EB0946F: set configuration conf: {index: 129, cur=peers:[s3|0.0.0.0:15003, s4|0.0.0.0:15004, s5|0.0.0.0:15005, s6|0.0.0.0:15006, s7|0.0.0.0:15007, s8|0.0.0.0:15008, s9|0.0.0.0:15009, s11|0.0.0.0:15011, s10|0.0.0.0:15010, s13|0.0.0.0:15013, s12|0.0.0.0:15012, s14|0.0.0.0:15014, s0|0.0.0.0:15000, s1|0.0.0.0:15001, s2|0.0.0.0:15002]|listeners:[], old=peers:[s4|0.0.0.0:15004, s5|0.0.0.0:15005, s11|0.0.0.0:15011, s6|0.0.0.0:15006, s10|0.0.0.0:15010, s13|0.0.0.0:15013, s12|0.0.0.0:15012, s0|0.0.0.0:15000, s1|0.0.0.0:15001]|listeners:[]}
2024-12-14 12:24:56,132 INFO  server.RaftServer$Division (ServerState.java:setRaftConf(386)) - s6@group-A5BB6EB0946F: set configuration conf: {index: 129, cur=peers:[s3|0.0.0.0:15003, s4|0.0.0.0:15004, s5|0.0.0.0:15005, s6|0.0.0.0:15006, s7|0.0.0.0:15007, s8|0.0.0.0:15008, s9|0.0.0.0:15009, s11|0.0.0.0:15011, s10|0.0.0.0:15010, s13|0.0.0.0:15013, s12|0.0.0.0:15012, s14|0.0.0.0:15014, s0|0.0.0.0:15000, s1|0.0.0.0:15001, s2|0.0.0.0:15002]|listeners:[], old=peers:[s4|0.0.0.0:15004, s5|0.0.0.0:15005, s11|0.0.0.0:15011, s6|0.0.0.0:15006, s10|0.0.0.0:15010, s13|0.0.0.0:15013, s12|0.0.0.0:15012, s0|0.0.0.0:15000, s1|0.0.0.0:15001]|listeners:[]}
2024-12-14 12:24:56,129 INFO  impl.RoleInfo (RoleInfo.java:updateAndGet(148)) - s14: start s14@group-A5BB6EB0946F-FollowerState
2024-12-14 12:24:56,160 INFO  server.RaftServer$Division (ServerState.java:setRaftConf(386)) - s4@group-A5BB6EB0946F: set configuration conf: {index: 131, cur=peers:[s3|0.0.0.0:15003, s4|0.0.0.0:15004, s5|0.0.0.0:15005, s6|0.0.0.0:15006, s7|0.0.0.0:15007, s8|0.0.0.0:15008, s9|0.0.0.0:15009, s11|0.0.0.0:15011, s10|0.0.0.0:15010, s13|0.0.0.0:15013, s12|0.0.0.0:15012, s14|0.0.0.0:15014, s0|0.0.0.0:15000, s1|0.0.0.0:15001, s2|0.0.0.0:15002]|listeners:[], old=null}
2024-12-14 12:24:56,160 INFO  server.RaftServer$Division (ServerState.java:setRaftConf(386)) - s3@group-A5BB6EB0946F: set configuration conf: {index: 129, cur=peers:[s3|0.0.0.0:15003, s4|0.0.0.0:15004, s5|0.0.0.0:15005, s6|0.0.0.0:15006, s7|0.0.0.0:15007, s8|0.0.0.0:15008, s9|0.0.0.0:15009, s11|0.0.0.0:15011, s10|0.0.0.0:15010, s13|0.0.0.0:15013, s12|0.0.0.0:15012, s14|0.0.0.0:15014, s0|0.0.0.0:15000, s1|0.0.0.0:15001, s2|0.0.0.0:15002]|listeners:[], old=peers:[s4|0.0.0.0:15004, s5|0.0.0.0:15005, s11|0.0.0.0:15011, s6|0.0.0.0:15006, s10|0.0.0.0:15010, s13|0.0.0.0:15013, s12|0.0.0.0:15012, s0|0.0.0.0:15000, s1|0.0.0.0:15001]|listeners:[]}
2024-12-14 12:24:56,159 INFO  server.RaftServer$Division (ServerState.java:setRaftConf(386)) - s8@group-A5BB6EB0946F: set configuration conf: {index: 131, cur=peers:[s3|0.0.0.0:15003, s4|0.0.0.0:15004, s5|0.0.0.0:15005, s6|0.0.0.0:15006, s7|0.0.0.0:15007, s8|0.0.0.0:15008, s9|0.0.0.0:15009, s11|0.0.0.0:15011, s10|0.0.0.0:15010, s13|0.0.0.0:15013, s12|0.0.0.0:15012, s14|0.0.0.0:15014, s0|0.0.0.0:15000, s1|0.0.0.0:15001, s2|0.0.0.0:15002]|listeners:[], old=null}
2024-12-14 12:24:56,168 TRACE util.FileUtils (LogUtils.java:supplyAndLog(69)) - Successfully supplied FileChannel.open /home/runner/work/ratis/ratis/ratis-examples/target/test/data/da5193cb/MiniRaftClusterWithGrpca0a5e6cd/s4/86d75030-f160-4ccc-af34-a5bb6eb0946f/current/raft-meta.conf.tmp with options [CREATE, WRITE]: sun.nio.ch.FileChannelImpl@6246ddcd
2024-12-14 12:24:56,158 INFO  server.RaftServer$Division (ServerState.java:setRaftConf(386)) - s0@group-A5BB6EB0946F: set configuration conf: {index: 131, cur=peers:[s3|0.0.0.0:15003, s4|0.0.0.0:15004, s5|0.0.0.0:15005, s6|0.0.0.0:15006, s7|0.0.0.0:15007, s8|0.0.0.0:15008, s9|0.0.0.0:15009, s11|0.0.0.0:15011, s10|0.0.0.0:15010, s13|0.0.0.0:15013, s12|0.0.0.0:15012, s14|0.0.0.0:15014, s0|0.0.0.0:15000, s1|0.0.0.0:15001, s2|0.0.0.0:15002]|listeners:[], old=null}
2024-12-14 12:24:56,158 INFO  server.RaftServer$Division (ServerState.java:setRaftConf(386)) - s7@group-A5BB6EB0946F: set configuration conf: {index: 131, cur=peers:[s3|0.0.0.0:15003, s4|0.0.0.0:15004, s5|0.0.0.0:15005, s6|0.0.0.0:15006, s7|0.0.0.0:15007, s8|0.0.0.0:15008, s9|0.0.0.0:15009, s11|0.0.0.0:15011, s10|0.0.0.0:15010, s13|0.0.0.0:15013, s12|0.0.0.0:15012, s14|0.0.0.0:15014, s0|0.0.0.0:15000, s1|0.0.0.0:15001, s2|0.0.0.0:15002]|listeners:[], old=null}
2024-12-14 12:24:56,158 INFO  server.RaftServer$Division (ServerState.java:setRaftConf(386)) - s11@group-A5BB6EB0946F: set configuration conf: {index: 131, cur=peers:[s3|0.0.0.0:15003, s4|0.0.0.0:15004, s5|0.0.0.0:15005, s6|0.0.0.0:15006, s7|0.0.0.0:15007, s8|0.0.0.0:15008, s9|0.0.0.0:15009, s11|0.0.0.0:15011, s10|0.0.0.0:15010, s13|0.0.0.0:15013, s12|0.0.0.0:15012, s14|0.0.0.0:15014, s0|0.0.0.0:15000, s1|0.0.0.0:15001, s2|0.0.0.0:15002]|listeners:[], old=null}
2024-12-14 12:24:56,157 INFO  impl.RoleInfo (RoleInfo.java:updateAndGet(148)) - s9: start s9@group-A5BB6EB0946F-FollowerState
2024-12-14 12:24:56,157 INFO  server.RaftServer$Division (ServerState.java:setRaftConf(386)) - s13@group-A5BB6EB0946F: set configuration conf: {index: 131, cur=peers:[s3|0.0.0.0:15003, s4|0.0.0.0:15004, s5|0.0.0.0:15005, s6|0.0.0.0:15006, s7|0.0.0.0:15007, s8|0.0.0.0:15008, s9|0.0.0.0:15009, s11|0.0.0.0:15011, s10|0.0.0.0:15010, s13|0.0.0.0:15013, s12|0.0.0.0:15012, s14|0.0.0.0:15014, s0|0.0.0.0:15000, s1|0.0.0.0:15001, s2|0.0.0.0:15002]|listeners:[], old=null}
2024-12-14 12:24:56,169 TRACE util.FileUtils (LogUtils.java:supplyAndLog(69)) - Successfully supplied FileChannel.open /home/runner/work/ratis/ratis/ratis-examples/target/test/data/da5193cb/MiniRaftClusterWithGrpca0a5e6cd/s11/86d75030-f160-4ccc-af34-a5bb6eb0946f/current/raft-meta.conf.tmp with options [CREATE, WRITE]: sun.nio.ch.FileChannelImpl@29f111e0
2024-12-14 12:24:56,172 TRACE util.FileUtils (LogUtils.java:supplyAndLog(69)) - Successfully supplied FileChannel.open /home/runner/work/ratis/ratis/ratis-examples/target/test/data/da5193cb/MiniRaftClusterWithGrpca0a5e6cd/s8/86d75030-f160-4ccc-af34-a5bb6eb0946f/current/raft-meta.conf.tmp with options [CREATE, WRITE]: sun.nio.ch.FileChannelImpl@77cdaef0
2024-12-14 12:24:56,172 INFO  server.RaftServer$Division (ServerState.java:setRaftConf(386)) - s9@group-A5BB6EB0946F: set configuration conf: {index: 131, cur=peers:[s3|0.0.0.0:15003, s4|0.0.0.0:15004, s5|0.0.0.0:15005, s6|0.0.0.0:15006, s7|0.0.0.0:15007, s8|0.0.0.0:15008, s9|0.0.0.0:15009, s11|0.0.0.0:15011, s10|0.0.0.0:15010, s13|0.0.0.0:15013, s12|0.0.0.0:15012, s14|0.0.0.0:15014, s0|0.0.0.0:15000, s1|0.0.0.0:15001, s2|0.0.0.0:15002]|listeners:[], old=null}
2024-12-14 12:24:56,157 INFO  server.RaftServer$Division (ServerState.java:setRaftConf(386)) - s2@group-A5BB6EB0946F: set configuration conf: {index: 129, cur=peers:[s3|0.0.0.0:15003, s4|0.0.0.0:15004, s5|0.0.0.0:15005, s6|0.0.0.0:15006, s7|0.0.0.0:15007, s8|0.0.0.0:15008, s9|0.0.0.0:15009, s11|0.0.0.0:15011, s10|0.0.0.0:15010, s13|0.0.0.0:15013, s12|0.0.0.0:15012, s14|0.0.0.0:15014, s0|0.0.0.0:15000, s1|0.0.0.0:15001, s2|0.0.0.0:15002]|listeners:[], old=peers:[s4|0.0.0.0:15004, s5|0.0.0.0:15005, s11|0.0.0.0:15011, s6|0.0.0.0:15006, s10|0.0.0.0:15010, s13|0.0.0.0:15013, s12|0.0.0.0:15012, s0|0.0.0.0:15000, s1|0.0.0.0:15001]|listeners:[]}
2024-12-14 12:24:56,154 TRACE util.FileUtils (LogUtils.java:runAndLog(49)) - Successfully ran Atomic Files.move /home/runner/work/ratis/ratis/ratis-examples/target/test/data/da5193cb/MiniRaftClusterWithGrpca0a5e6cd/s9/86d75030-f160-4ccc-af34-a5bb6eb0946f/current/raft-meta.conf.tmp to /home/runner/work/ratis/ratis/ratis-examples/target/test/data/da5193cb/MiniRaftClusterWithGrpca0a5e6cd/s9/86d75030-f160-4ccc-af34-a5bb6eb0946f/current/raft-meta.conf with options [REPLACE_EXISTING]
2024-12-14 12:24:56,154 TRACE util.FileUtils (LogUtils.java:supplyAndLog(69)) - Successfully supplied FileChannel.open /home/runner/work/ratis/ratis/ratis-examples/target/test/data/da5193cb/MiniRaftClusterWithGrpca0a5e6cd/s13/86d75030-f160-4ccc-af34-a5bb6eb0946f/current/raft-meta.conf.tmp with options [CREATE, WRITE]: sun.nio.ch.FileChannelImpl@65505b39
2024-12-14 12:24:56,151 TRACE util.FileUtils (LogUtils.java:supplyAndLog(69)) - Successfully supplied FileChannel.open /home/runner/work/ratis/ratis/ratis-examples/target/test/data/da5193cb/MiniRaftClusterWithGrpca0a5e6cd/s7/86d75030-f160-4ccc-af34-a5bb6eb0946f/current/raft-meta.conf.tmp with options [CREATE, WRITE]: sun.nio.ch.FileChannelImpl@27be509c
2024-12-14 12:24:56,151 INFO  server.RaftServer$Division (ServerState.java:setRaftConf(386)) - s10@group-A5BB6EB0946F: set configuration conf: {index: 131, cur=peers:[s3|0.0.0.0:15003, s4|0.0.0.0:15004, s5|0.0.0.0:15005, s6|0.0.0.0:15006, s7|0.0.0.0:15007, s8|0.0.0.0:15008, s9|0.0.0.0:15009, s11|0.0.0.0:15011, s10|0.0.0.0:15010, s13|0.0.0.0:15013, s12|0.0.0.0:15012, s14|0.0.0.0:15014, s0|0.0.0.0:15000, s1|0.0.0.0:15001, s2|0.0.0.0:15002]|listeners:[], old=null}
2024-12-14 12:24:56,177 TRACE util.FileUtils (LogUtils.java:supplyAndLog(69)) - Successfully supplied FileChannel.open /home/runner/work/ratis/ratis/ratis-examples/target/test/data/da5193cb/MiniRaftClusterWithGrpca0a5e6cd/s9/86d75030-f160-4ccc-af34-a5bb6eb0946f/current/raft-meta.conf.tmp with options [CREATE, WRITE]: sun.nio.ch.FileChannelImpl@3dcee5cd
2024-12-14 12:24:56,177 INFO  server.RaftServer$Division (ServerState.java:setRaftConf(386)) - s2@group-A5BB6EB0946F: set configuration conf: {index: 131, cur=peers:[s3|0.0.0.0:15003, s4|0.0.0.0:15004, s5|0.0.0.0:15005, s6|0.0.0.0:15006, s7|0.0.0.0:15007, s8|0.0.0.0:15008, s9|0.0.0.0:15009, s11|0.0.0.0:15011, s10|0.0.0.0:15010, s13|0.0.0.0:15013, s12|0.0.0.0:15012, s14|0.0.0.0:15014, s0|0.0.0.0:15000, s1|0.0.0.0:15001, s2|0.0.0.0:15002]|listeners:[], old=null}
2024-12-14 12:24:56,150 INFO  server.RaftServer$Division (ServerState.java:setRaftConf(386)) - s12@group-A5BB6EB0946F: set configuration conf: {index: 131, cur=peers:[s3|0.0.0.0:15003, s4|0.0.0.0:15004, s5|0.0.0.0:15005, s6|0.0.0.0:15006, s7|0.0.0.0:15007, s8|0.0.0.0:15008, s9|0.0.0.0:15009, s11|0.0.0.0:15011, s10|0.0.0.0:15010, s13|0.0.0.0:15013, s12|0.0.0.0:15012, s14|0.0.0.0:15014, s0|0.0.0.0:15000, s1|0.0.0.0:15001, s2|0.0.0.0:15002]|listeners:[], old=null}
2024-12-14 12:24:56,150 TRACE util.FileUtils (LogUtils.java:runAndLog(49)) - Successfully ran Atomic Files.move /home/runner/work/ratis/ratis/ratis-examples/target/test/data/da5193cb/MiniRaftClusterWithGrpca0a5e6cd/s2/86d75030-f160-4ccc-af34-a5bb6eb0946f/current/raft-meta.conf.tmp to /home/runner/work/ratis/ratis/ratis-examples/target/test/data/da5193cb/MiniRaftClusterWithGrpca0a5e6cd/s2/86d75030-f160-4ccc-af34-a5bb6eb0946f/current/raft-meta.conf with options [REPLACE_EXISTING]
2024-12-14 12:24:56,150 TRACE util.FileUtils (LogUtils.java:supplyAndLog(69)) - Successfully supplied FileChannel.open /home/runner/work/ratis/ratis/ratis-examples/target/test/data/da5193cb/MiniRaftClusterWithGrpca0a5e6cd/s14/86d75030-f160-4ccc-af34-a5bb6eb0946f/current/raft-meta.conf.tmp with options [CREATE, WRITE]: sun.nio.ch.FileChannelImpl@1ab465bd
2024-12-14 12:24:56,150 INFO  server.RaftServer$Division (ServerState.java:setRaftConf(386)) - s1@group-A5BB6EB0946F: set configuration conf: {index: 131, cur=peers:[s3|0.0.0.0:15003, s4|0.0.0.0:15004, s5|0.0.0.0:15005, s6|0.0.0.0:15006, s7|0.0.0.0:15007, s8|0.0.0.0:15008, s9|0.0.0.0:15009, s11|0.0.0.0:15011, s10|0.0.0.0:15010, s13|0.0.0.0:15013, s12|0.0.0.0:15012, s14|0.0.0.0:15014, s0|0.0.0.0:15000, s1|0.0.0.0:15001, s2|0.0.0.0:15002]|listeners:[], old=null}
2024-12-14 12:24:56,148 TRACE util.FileUtils (LogUtils.java:supplyAndLog(69)) - Successfully supplied FileChannel.open /home/runner/work/ratis/ratis/ratis-examples/target/test/data/da5193cb/MiniRaftClusterWithGrpca0a5e6cd/s5/86d75030-f160-4ccc-af34-a5bb6eb0946f/current/raft-meta.conf.tmp with options [CREATE, WRITE]: sun.nio.ch.FileChannelImpl@74a396b9
2024-12-14 12:24:56,179 TRACE util.FileUtils (LogUtils.java:runAndLog(49)) - Successfully ran Atomic Files.move /home/runner/work/ratis/ratis/ratis-examples/target/test/data/da5193cb/MiniRaftClusterWithGrpca0a5e6cd/s7/86d75030-f160-4ccc-af34-a5bb6eb0946f/current/raft-meta.conf.tmp to /home/runner/work/ratis/ratis/ratis-examples/target/test/data/da5193cb/MiniRaftClusterWithGrpca0a5e6cd/s7/86d75030-f160-4ccc-af34-a5bb6eb0946f/current/raft-meta.conf with options [REPLACE_EXISTING]
2024-12-14 12:24:56,179 TRACE util.FileUtils (LogUtils.java:supplyAndLog(69)) - Successfully supplied FileChannel.open /home/runner/work/ratis/ratis/ratis-examples/target/test/data/da5193cb/MiniRaftClusterWithGrpca0a5e6cd/s7/86d75030-f160-4ccc-af34-a5bb6eb0946f/current/raft-meta.conf.tmp with options [CREATE, WRITE]: sun.nio.ch.FileChannelImpl@2381d0b3
2024-12-14 12:24:56,180 TRACE util.FileUtils (LogUtils.java:supplyAndLog(69)) - Successfully supplied FileChannel.open /home/runner/work/ratis/ratis/ratis-examples/target/test/data/da5193cb/MiniRaftClusterWithGrpca0a5e6cd/s2/86d75030-f160-4ccc-af34-a5bb6eb0946f/current/raft-meta.conf.tmp with options [CREATE, WRITE]: sun.nio.ch.FileChannelImpl@71d222ce
2024-12-14 12:24:56,148 INFO  server.RaftServer$Division (ServerState.java:setRaftConf(386)) - s5@group-A5BB6EB0946F: set configuration conf: {index: 131, cur=peers:[s3|0.0.0.0:15003, s4|0.0.0.0:15004, s5|0.0.0.0:15005, s6|0.0.0.0:15006, s7|0.0.0.0:15007, s8|0.0.0.0:15008, s9|0.0.0.0:15009, s11|0.0.0.0:15011, s10|0.0.0.0:15010, s13|0.0.0.0:15013, s12|0.0.0.0:15012, s14|0.0.0.0:15014, s0|0.0.0.0:15000, s1|0.0.0.0:15001, s2|0.0.0.0:15002]|listeners:[], old=null}
2024-12-14 12:24:56,181 TRACE util.FileUtils (LogUtils.java:supplyAndLog(69)) - Successfully supplied FileChannel.open /home/runner/work/ratis/ratis/ratis-examples/target/test/data/da5193cb/MiniRaftClusterWithGrpca0a5e6cd/s10/86d75030-f160-4ccc-af34-a5bb6eb0946f/current/raft-meta.conf.tmp with options [CREATE, WRITE]: sun.nio.ch.FileChannelImpl@5f01f2c3
2024-12-14 12:24:56,179 TRACE util.FileUtils (LogUtils.java:supplyAndLog(69)) - Successfully supplied FileChannel.open /home/runner/work/ratis/ratis/ratis-examples/target/test/data/da5193cb/MiniRaftClusterWithGrpca0a5e6cd/s0/86d75030-f160-4ccc-af34-a5bb6eb0946f/current/raft-meta.conf.tmp with options [CREATE, WRITE]: sun.nio.ch.FileChannelImpl@20b02564
2024-12-14 12:24:56,170 INFO  server.RaftServer$Division (ServerState.java:setRaftConf(386)) - s3@group-A5BB6EB0946F: set configuration conf: {index: 131, cur=peers:[s3|0.0.0.0:15003, s4|0.0.0.0:15004, s5|0.0.0.0:15005, s6|0.0.0.0:15006, s7|0.0.0.0:15007, s8|0.0.0.0:15008, s9|0.0.0.0:15009, s11|0.0.0.0:15011, s10|0.0.0.0:15010, s13|0.0.0.0:15013, s12|0.0.0.0:15012, s14|0.0.0.0:15014, s0|0.0.0.0:15000, s1|0.0.0.0:15001, s2|0.0.0.0:15002]|listeners:[], old=null}
2024-12-14 12:24:56,168 INFO  server.RaftServer$Division (ServerState.java:setRaftConf(386)) - s6@group-A5BB6EB0946F: set configuration conf: {index: 131, cur=peers:[s3|0.0.0.0:15003, s4|0.0.0.0:15004, s5|0.0.0.0:15005, s6|0.0.0.0:15006, s7|0.0.0.0:15007, s8|0.0.0.0:15008, s9|0.0.0.0:15009, s11|0.0.0.0:15011, s10|0.0.0.0:15010, s13|0.0.0.0:15013, s12|0.0.0.0:15012, s14|0.0.0.0:15014, s0|0.0.0.0:15000, s1|0.0.0.0:15001, s2|0.0.0.0:15002]|listeners:[], old=null}
2024-12-14 12:24:56,166 TRACE util.FileUtils (LogUtils.java:supplyAndLog(69)) - Successfully supplied FileChannel.open /home/runner/work/ratis/ratis/ratis-examples/target/test/data/da5193cb/MiniRaftClusterWithGrpca0a5e6cd/s6/86d75030-f160-4ccc-af34-a5bb6eb0946f/current/raft-meta.conf.tmp with options [CREATE, WRITE]: sun.nio.ch.FileChannelImpl@2b9b5357
2024-12-14 12:24:56,165 INFO  server.RaftServer$Division (ServerState.java:setRaftConf(386)) - s14@group-A5BB6EB0946F: set configuration conf: {index: 129, cur=peers:[s3|0.0.0.0:15003, s4|0.0.0.0:15004, s5|0.0.0.0:15005, s6|0.0.0.0:15006, s7|0.0.0.0:15007, s8|0.0.0.0:15008, s9|0.0.0.0:15009, s11|0.0.0.0:15011, s10|0.0.0.0:15010, s13|0.0.0.0:15013, s12|0.0.0.0:15012, s14|0.0.0.0:15014, s0|0.0.0.0:15000, s1|0.0.0.0:15001, s2|0.0.0.0:15002]|listeners:[], old=peers:[s4|0.0.0.0:15004, s5|0.0.0.0:15005, s11|0.0.0.0:15011, s6|0.0.0.0:15006, s10|0.0.0.0:15010, s13|0.0.0.0:15013, s12|0.0.0.0:15012, s0|0.0.0.0:15000, s1|0.0.0.0:15001]|listeners:[]}
2024-12-14 12:24:56,185 INFO  server.RaftServer$Division (ServerState.java:setRaftConf(386)) - s14@group-A5BB6EB0946F: set configuration conf: {index: 131, cur=peers:[s3|0.0.0.0:15003, s4|0.0.0.0:15004, s5|0.0.0.0:15005, s6|0.0.0.0:15006, s7|0.0.0.0:15007, s8|0.0.0.0:15008, s9|0.0.0.0:15009, s11|0.0.0.0:15011, s10|0.0.0.0:15010, s13|0.0.0.0:15013, s12|0.0.0.0:15012, s14|0.0.0.0:15014, s0|0.0.0.0:15000, s1|0.0.0.0:15001, s2|0.0.0.0:15002]|listeners:[], old=null}
2024-12-14 12:24:56,186 TRACE util.FileUtils (LogUtils.java:supplyAndLog(69)) - Successfully supplied FileChannel.open /home/runner/work/ratis/ratis/ratis-examples/target/test/data/da5193cb/MiniRaftClusterWithGrpca0a5e6cd/s12/86d75030-f160-4ccc-af34-a5bb6eb0946f/current/raft-meta.conf.tmp with options [CREATE, WRITE]: sun.nio.ch.FileChannelImpl@2e4bcf8d
2024-12-14 12:24:56,186 TRACE util.FileUtils (LogUtils.java:supplyAndLog(69)) - Successfully supplied FileChannel.open /home/runner/work/ratis/ratis/ratis-examples/target/test/data/da5193cb/MiniRaftClusterWithGrpca0a5e6cd/s1/86d75030-f160-4ccc-af34-a5bb6eb0946f/current/raft-meta.conf.tmp with options [CREATE, WRITE]: sun.nio.ch.FileChannelImpl@1f8a3522
2024-12-14 12:24:56,190 TRACE util.FileUtils (LogUtils.java:supplyAndLog(69)) - Successfully supplied FileChannel.open /home/runner/work/ratis/ratis/ratis-examples/target/test/data/da5193cb/MiniRaftClusterWithGrpca0a5e6cd/s3/86d75030-f160-4ccc-af34-a5bb6eb0946f/current/raft-meta.conf.tmp with options [CREATE, WRITE]: sun.nio.ch.FileChannelImpl@29ebf242
2024-12-14 12:24:56,193 TRACE util.FileUtils (LogUtils.java:runAndLog(49)) - Successfully ran Atomic Files.move /home/runner/work/ratis/ratis/ratis-examples/target/test/data/da5193cb/MiniRaftClusterWithGrpca0a5e6cd/s9/86d75030-f160-4ccc-af34-a5bb6eb0946f/current/raft-meta.conf.tmp to /home/runner/work/ratis/ratis/ratis-examples/target/test/data/da5193cb/MiniRaftClusterWithGrpca0a5e6cd/s9/86d75030-f160-4ccc-af34-a5bb6eb0946f/current/raft-meta.conf with options [REPLACE_EXISTING]
2024-12-14 12:24:56,193 TRACE util.FileUtils (LogUtils.java:supplyAndLog(69)) - Successfully supplied FileChannel.open /home/runner/work/ratis/ratis/ratis-examples/target/test/data/da5193cb/MiniRaftClusterWithGrpca0a5e6cd/s9/86d75030-f160-4ccc-af34-a5bb6eb0946f/current/raft-meta.conf.tmp with options [CREATE, WRITE]: sun.nio.ch.FileChannelImpl@39f166ac
2024-12-14 12:24:56,193 TRACE util.FileUtils (LogUtils.java:runAndLog(49)) - Successfully ran Atomic Files.move /home/runner/work/ratis/ratis/ratis-examples/target/test/data/da5193cb/MiniRaftClusterWithGrpca0a5e6cd/s11/86d75030-f160-4ccc-af34-a5bb6eb0946f/current/raft-meta.conf.tmp to /home/runner/work/ratis/ratis/ratis-examples/target/test/data/da5193cb/MiniRaftClusterWithGrpca0a5e6cd/s11/86d75030-f160-4ccc-af34-a5bb6eb0946f/current/raft-meta.conf with options [REPLACE_EXISTING]
2024-12-14 12:24:56,193 TRACE util.FileUtils (LogUtils.java:supplyAndLog(69)) - Successfully supplied FileChannel.open /home/runner/work/ratis/ratis/ratis-examples/target/test/data/da5193cb/MiniRaftClusterWithGrpca0a5e6cd/s11/86d75030-f160-4ccc-af34-a5bb6eb0946f/current/raft-meta.conf.tmp with options [CREATE, WRITE]: sun.nio.ch.FileChannelImpl@7e454f2a
2024-12-14 12:24:56,194 TRACE util.FileUtils (LogUtils.java:runAndLog(49)) - Successfully ran Atomic Files.move /home/runner/work/ratis/ratis/ratis-examples/target/test/data/da5193cb/MiniRaftClusterWithGrpca0a5e6cd/s4/86d75030-f160-4ccc-af34-a5bb6eb0946f/current/raft-meta.conf.tmp to /home/runner/work/ratis/ratis/ratis-examples/target/test/data/da5193cb/MiniRaftClusterWithGrpca0a5e6cd/s4/86d75030-f160-4ccc-af34-a5bb6eb0946f/current/raft-meta.conf with options [REPLACE_EXISTING]
2024-12-14 12:24:56,194 TRACE util.FileUtils (LogUtils.java:supplyAndLog(69)) - Successfully supplied FileChannel.open /home/runner/work/ratis/ratis/ratis-examples/target/test/data/da5193cb/MiniRaftClusterWithGrpca0a5e6cd/s4/86d75030-f160-4ccc-af34-a5bb6eb0946f/current/raft-meta.conf.tmp with options [CREATE, WRITE]: sun.nio.ch.FileChannelImpl@1d74aeb7
2024-12-14 12:24:56,193 TRACE util.FileUtils (LogUtils.java:runAndLog(49)) - Successfully ran Atomic Files.move /home/runner/work/ratis/ratis/ratis-examples/target/test/data/da5193cb/MiniRaftClusterWithGrpca0a5e6cd/s2/86d75030-f160-4ccc-af34-a5bb6eb0946f/current/raft-meta.conf.tmp to /home/runner/work/ratis/ratis/ratis-examples/target/test/data/da5193cb/MiniRaftClusterWithGrpca0a5e6cd/s2/86d75030-f160-4ccc-af34-a5bb6eb0946f/current/raft-meta.conf with options [REPLACE_EXISTING]
2024-12-14 12:24:56,195 TRACE util.FileUtils (LogUtils.java:runAndLog(49)) - Successfully ran Atomic Files.move /home/runner/work/ratis/ratis/ratis-examples/target/test/data/da5193cb/MiniRaftClusterWithGrpca0a5e6cd/s5/86d75030-f160-4ccc-af34-a5bb6eb0946f/current/raft-meta.conf.tmp to /home/runner/work/ratis/ratis/ratis-examples/target/test/data/da5193cb/MiniRaftClusterWithGrpca0a5e6cd/s5/86d75030-f160-4ccc-af34-a5bb6eb0946f/current/raft-meta.conf with options [REPLACE_EXISTING]
2024-12-14 12:24:56,195 TRACE util.FileUtils (LogUtils.java:supplyAndLog(69)) - Successfully supplied FileChannel.open /home/runner/work/ratis/ratis/ratis-examples/target/test/data/da5193cb/MiniRaftClusterWithGrpca0a5e6cd/s5/86d75030-f160-4ccc-af34-a5bb6eb0946f/current/raft-meta.conf.tmp with options [CREATE, WRITE]: sun.nio.ch.FileChannelImpl@6dad7df3
2024-12-14 12:24:56,195 TRACE util.FileUtils (LogUtils.java:runAndLog(49)) - Successfully ran Atomic Files.move /home/runner/work/ratis/ratis/ratis-examples/target/test/data/da5193cb/MiniRaftClusterWithGrpca0a5e6cd/s9/86d75030-f160-4ccc-af34-a5bb6eb0946f/current/raft-meta.conf.tmp to /home/runner/work/ratis/ratis/ratis-examples/target/test/data/da5193cb/MiniRaftClusterWithGrpca0a5e6cd/s9/86d75030-f160-4ccc-af34-a5bb6eb0946f/current/raft-meta.conf with options [REPLACE_EXISTING]
2024-12-14 12:24:56,195 TRACE util.FileUtils (LogUtils.java:runAndLog(49)) - Successfully ran Atomic Files.move /home/runner/work/ratis/ratis/ratis-examples/target/test/data/da5193cb/MiniRaftClusterWithGrpca0a5e6cd/s8/86d75030-f160-4ccc-af34-a5bb6eb0946f/current/raft-meta.conf.tmp to /home/runner/work/ratis/ratis/ratis-examples/target/test/data/da5193cb/MiniRaftClusterWithGrpca0a5e6cd/s8/86d75030-f160-4ccc-af34-a5bb6eb0946f/current/raft-meta.conf with options [REPLACE_EXISTING]
2024-12-14 12:24:56,195 TRACE util.FileUtils (LogUtils.java:supplyAndLog(69)) - Successfully supplied FileChannel.open /home/runner/work/ratis/ratis/ratis-examples/target/test/data/da5193cb/MiniRaftClusterWithGrpca0a5e6cd/s8/86d75030-f160-4ccc-af34-a5bb6eb0946f/current/raft-meta.conf.tmp with options [CREATE, WRITE]: sun.nio.ch.FileChannelImpl@6a94e463
2024-12-14 12:24:56,197 TRACE util.FileUtils (LogUtils.java:supplyAndLog(69)) - Successfully supplied FileChannel.open /home/runner/work/ratis/ratis/ratis-examples/target/test/data/da5193cb/MiniRaftClusterWithGrpca0a5e6cd/s9/86d75030-f160-4ccc-af34-a5bb6eb0946f/current/raft-meta.conf.tmp with options [CREATE, WRITE]: sun.nio.ch.FileChannelImpl@7cf3eff6
2024-12-14 12:24:56,198 TRACE util.FileUtils (LogUtils.java:runAndLog(49)) - Successfully ran Atomic Files.move /home/runner/work/ratis/ratis/ratis-examples/target/test/data/da5193cb/MiniRaftClusterWithGrpca0a5e6cd/s7/86d75030-f160-4ccc-af34-a5bb6eb0946f/current/raft-meta.conf.tmp to /home/runner/work/ratis/ratis/ratis-examples/target/test/data/da5193cb/MiniRaftClusterWithGrpca0a5e6cd/s7/86d75030-f160-4ccc-af34-a5bb6eb0946f/current/raft-meta.conf with options [REPLACE_EXISTING]
2024-12-14 12:24:56,198 TRACE util.FileUtils (LogUtils.java:runAndLog(49)) - Successfully ran Atomic Files.move /home/runner/work/ratis/ratis/ratis-examples/target/test/data/da5193cb/MiniRaftClusterWithGrpca0a5e6cd/s14/86d75030-f160-4ccc-af34-a5bb6eb0946f/current/raft-meta.conf.tmp to /home/runner/work/ratis/ratis/ratis-examples/target/test/data/da5193cb/MiniRaftClusterWithGrpca0a5e6cd/s14/86d75030-f160-4ccc-af34-a5bb6eb0946f/current/raft-meta.conf with options [REPLACE_EXISTING]
2024-12-14 12:24:56,198 TRACE util.FileUtils (LogUtils.java:supplyAndLog(69)) - Successfully supplied FileChannel.open /home/runner/work/ratis/ratis/ratis-examples/target/test/data/da5193cb/MiniRaftClusterWithGrpca0a5e6cd/s2/86d75030-f160-4ccc-af34-a5bb6eb0946f/current/raft-meta.conf.tmp with options [CREATE, WRITE]: sun.nio.ch.FileChannelImpl@75eda82c
2024-12-14 12:24:56,199 TRACE util.FileUtils (LogUtils.java:runAndLog(49)) - Successfully ran Atomic Files.move /home/runner/work/ratis/ratis/ratis-examples/target/test/data/da5193cb/MiniRaftClusterWithGrpca0a5e6cd/s11/86d75030-f160-4ccc-af34-a5bb6eb0946f/current/raft-meta.conf.tmp to /home/runner/work/ratis/ratis/ratis-examples/target/test/data/da5193cb/MiniRaftClusterWithGrpca0a5e6cd/s11/86d75030-f160-4ccc-af34-a5bb6eb0946f/current/raft-meta.conf with options [REPLACE_EXISTING]
2024-12-14 12:24:56,200 TRACE util.FileUtils (LogUtils.java:runAndLog(49)) - Successfully ran Atomic Files.move /home/runner/work/ratis/ratis/ratis-examples/target/test/data/da5193cb/MiniRaftClusterWithGrpca0a5e6cd/s5/86d75030-f160-4ccc-af34-a5bb6eb0946f/current/raft-meta.conf.tmp to /home/runner/work/ratis/ratis/ratis-examples/target/test/data/da5193cb/MiniRaftClusterWithGrpca0a5e6cd/s5/86d75030-f160-4ccc-af34-a5bb6eb0946f/current/raft-meta.conf with options [REPLACE_EXISTING]
2024-12-14 12:24:56,201 TRACE util.FileUtils (LogUtils.java:supplyAndLog(69)) - Successfully supplied FileChannel.open /home/runner/work/ratis/ratis/ratis-examples/target/test/data/da5193cb/MiniRaftClusterWithGrpca0a5e6cd/s7/86d75030-f160-4ccc-af34-a5bb6eb0946f/current/raft-meta.conf.tmp with options [CREATE, WRITE]: sun.nio.ch.FileChannelImpl@66835aa7
2024-12-14 12:24:56,205 TRACE util.FileUtils (LogUtils.java:runAndLog(49)) - Successfully ran Atomic Files.move /home/runner/work/ratis/ratis/ratis-examples/target/test/data/da5193cb/MiniRaftClusterWithGrpca0a5e6cd/s6/86d75030-f160-4ccc-af34-a5bb6eb0946f/current/raft-meta.conf.tmp to /home/runner/work/ratis/ratis/ratis-examples/target/test/data/da5193cb/MiniRaftClusterWithGrpca0a5e6cd/s6/86d75030-f160-4ccc-af34-a5bb6eb0946f/current/raft-meta.conf with options [REPLACE_EXISTING]
2024-12-14 12:24:56,201 TRACE util.FileUtils (LogUtils.java:runAndLog(49)) - Successfully ran Atomic Files.move /home/runner/work/ratis/ratis/ratis-examples/target/test/data/da5193cb/MiniRaftClusterWithGrpca0a5e6cd/s8/86d75030-f160-4ccc-af34-a5bb6eb0946f/current/raft-meta.conf.tmp to /home/runner/work/ratis/ratis/ratis-examples/target/test/data/da5193cb/MiniRaftClusterWithGrpca0a5e6cd/s8/86d75030-f160-4ccc-af34-a5bb6eb0946f/current/raft-meta.conf with options [REPLACE_EXISTING]
2024-12-14 12:24:56,201 TRACE util.FileUtils (LogUtils.java:supplyAndLog(69)) - Successfully supplied FileChannel.open /home/runner/work/ratis/ratis/ratis-examples/target/test/data/da5193cb/MiniRaftClusterWithGrpca0a5e6cd/s14/86d75030-f160-4ccc-af34-a5bb6eb0946f/current/raft-meta.conf.tmp with options [CREATE, WRITE]: sun.nio.ch.FileChannelImpl@1e8bf233
2024-12-14 12:24:56,201 TRACE util.FileUtils (LogUtils.java:runAndLog(49)) - Successfully ran Atomic Files.move /home/runner/work/ratis/ratis/ratis-examples/target/test/data/da5193cb/MiniRaftClusterWithGrpca0a5e6cd/s9/86d75030-f160-4ccc-af34-a5bb6eb0946f/current/raft-meta.conf.tmp to /home/runner/work/ratis/ratis/ratis-examples/target/test/data/da5193cb/MiniRaftClusterWithGrpca0a5e6cd/s9/86d75030-f160-4ccc-af34-a5bb6eb0946f/current/raft-meta.conf with options [REPLACE_EXISTING]
2024-12-14 12:24:56,201 TRACE util.FileUtils (LogUtils.java:runAndLog(49)) - Successfully ran Atomic Files.move /home/runner/work/ratis/ratis/ratis-examples/target/test/data/da5193cb/MiniRaftClusterWithGrpca0a5e6cd/s4/86d75030-f160-4ccc-af34-a5bb6eb0946f/current/raft-meta.conf.tmp to /home/runner/work/ratis/ratis/ratis-examples/target/test/data/da5193cb/MiniRaftClusterWithGrpca0a5e6cd/s4/86d75030-f160-4ccc-af34-a5bb6eb0946f/current/raft-meta.conf with options [REPLACE_EXISTING]
2024-12-14 12:24:56,205 TRACE util.FileUtils (LogUtils.java:supplyAndLog(69)) - Successfully supplied FileChannel.open /home/runner/work/ratis/ratis/ratis-examples/target/test/data/da5193cb/MiniRaftClusterWithGrpca0a5e6cd/s9/86d75030-f160-4ccc-af34-a5bb6eb0946f/current/raft-meta.conf.tmp with options [CREATE, WRITE]: sun.nio.ch.FileChannelImpl@76f6a59
2024-12-14 12:24:56,205 TRACE util.FileUtils (LogUtils.java:supplyAndLog(69)) - Successfully supplied FileChannel.open /home/runner/work/ratis/ratis/ratis-examples/target/test/data/da5193cb/MiniRaftClusterWithGrpca0a5e6cd/s6/86d75030-f160-4ccc-af34-a5bb6eb0946f/current/raft-meta.conf.tmp with options [CREATE, WRITE]: sun.nio.ch.FileChannelImpl@3f85940a
2024-12-14 12:24:56,208 TRACE util.FileUtils (LogUtils.java:runAndLog(49)) - Successfully ran Atomic Files.move /home/runner/work/ratis/ratis/ratis-examples/target/test/data/da5193cb/MiniRaftClusterWithGrpca0a5e6cd/s9/86d75030-f160-4ccc-af34-a5bb6eb0946f/current/raft-meta.conf.tmp to /home/runner/work/ratis/ratis/ratis-examples/target/test/data/da5193cb/MiniRaftClusterWithGrpca0a5e6cd/s9/86d75030-f160-4ccc-af34-a5bb6eb0946f/current/raft-meta.conf with options [REPLACE_EXISTING]
2024-12-14 12:24:56,208 TRACE util.FileUtils (LogUtils.java:supplyAndLog(69)) - Successfully supplied FileChannel.open /home/runner/work/ratis/ratis/ratis-examples/target/test/data/da5193cb/MiniRaftClusterWithGrpca0a5e6cd/s9/86d75030-f160-4ccc-af34-a5bb6eb0946f/current/raft-meta.conf.tmp with options [CREATE, WRITE]: sun.nio.ch.FileChannelImpl@4dc517f4
2024-12-14 12:24:56,211 TRACE util.FileUtils (LogUtils.java:runAndLog(49)) - Successfully ran Atomic Files.move /home/runner/work/ratis/ratis/ratis-examples/target/test/data/da5193cb/MiniRaftClusterWithGrpca0a5e6cd/s7/86d75030-f160-4ccc-af34-a5bb6eb0946f/current/raft-meta.conf.tmp to /home/runner/work/ratis/ratis/ratis-examples/target/test/data/da5193cb/MiniRaftClusterWithGrpca0a5e6cd/s7/86d75030-f160-4ccc-af34-a5bb6eb0946f/current/raft-meta.conf with options [REPLACE_EXISTING]
2024-12-14 12:24:56,211 TRACE util.FileUtils (LogUtils.java:supplyAndLog(69)) - Successfully supplied FileChannel.open /home/runner/work/ratis/ratis/ratis-examples/target/test/data/da5193cb/MiniRaftClusterWithGrpca0a5e6cd/s7/86d75030-f160-4ccc-af34-a5bb6eb0946f/current/raft-meta.conf.tmp with options [CREATE, WRITE]: sun.nio.ch.FileChannelImpl@2405217
2024-12-14 12:24:56,216 TRACE util.FileUtils (LogUtils.java:runAndLog(49)) - Successfully ran Atomic Files.move /home/runner/work/ratis/ratis/ratis-examples/target/test/data/da5193cb/MiniRaftClusterWithGrpca0a5e6cd/s7/86d75030-f160-4ccc-af34-a5bb6eb0946f/current/raft-meta.conf.tmp to /home/runner/work/ratis/ratis/ratis-examples/target/test/data/da5193cb/MiniRaftClusterWithGrpca0a5e6cd/s7/86d75030-f160-4ccc-af34-a5bb6eb0946f/current/raft-meta.conf with options [REPLACE_EXISTING]
2024-12-14 12:24:56,216 TRACE util.FileUtils (LogUtils.java:supplyAndLog(69)) - Successfully supplied FileChannel.open /home/runner/work/ratis/ratis/ratis-examples/target/test/data/da5193cb/MiniRaftClusterWithGrpca0a5e6cd/s7/86d75030-f160-4ccc-af34-a5bb6eb0946f/current/raft-meta.conf.tmp with options [CREATE, WRITE]: sun.nio.ch.FileChannelImpl@57afd873
2024-12-14 12:24:56,216 TRACE util.FileUtils (LogUtils.java:runAndLog(49)) - Successfully ran Atomic Files.move /home/runner/work/ratis/ratis/ratis-examples/target/test/data/da5193cb/MiniRaftClusterWithGrpca0a5e6cd/s1/86d75030-f160-4ccc-af34-a5bb6eb0946f/current/raft-meta.conf.tmp to /home/runner/work/ratis/ratis/ratis-examples/target/test/data/da5193cb/MiniRaftClusterWithGrpca0a5e6cd/s1/86d75030-f160-4ccc-af34-a5bb6eb0946f/current/raft-meta.conf with options [REPLACE_EXISTING]
2024-12-14 12:24:56,217 TRACE util.FileUtils (LogUtils.java:runAndLog(49)) - Successfully ran Atomic Files.move /home/runner/work/ratis/ratis/ratis-examples/target/test/data/da5193cb/MiniRaftClusterWithGrpca0a5e6cd/s6/86d75030-f160-4ccc-af34-a5bb6eb0946f/current/raft-meta.conf.tmp to /home/runner/work/ratis/ratis/ratis-examples/target/test/data/da5193cb/MiniRaftClusterWithGrpca0a5e6cd/s6/86d75030-f160-4ccc-af34-a5bb6eb0946f/current/raft-meta.conf with options [REPLACE_EXISTING]
2024-12-14 12:24:56,217 TRACE util.FileUtils (LogUtils.java:runAndLog(49)) - Successfully ran Atomic Files.move /home/runner/work/ratis/ratis/ratis-examples/target/test/data/da5193cb/MiniRaftClusterWithGrpca0a5e6cd/s10/86d75030-f160-4ccc-af34-a5bb6eb0946f/current/raft-meta.conf.tmp to /home/runner/work/ratis/ratis/ratis-examples/target/test/data/da5193cb/MiniRaftClusterWithGrpca0a5e6cd/s10/86d75030-f160-4ccc-af34-a5bb6eb0946f/current/raft-meta.conf with options [REPLACE_EXISTING]
2024-12-14 12:24:56,217 TRACE util.FileUtils (LogUtils.java:supplyAndLog(69)) - Successfully supplied FileChannel.open /home/runner/work/ratis/ratis/ratis-examples/target/test/data/da5193cb/MiniRaftClusterWithGrpca0a5e6cd/s10/86d75030-f160-4ccc-af34-a5bb6eb0946f/current/raft-meta.conf.tmp with options [CREATE, WRITE]: sun.nio.ch.FileChannelImpl@4e1a9672
2024-12-14 12:24:56,217 TRACE util.FileUtils (LogUtils.java:supplyAndLog(69)) - Successfully supplied FileChannel.open /home/runner/work/ratis/ratis/ratis-examples/target/test/data/da5193cb/MiniRaftClusterWithGrpca0a5e6cd/s1/86d75030-f160-4ccc-af34-a5bb6eb0946f/current/raft-meta.conf.tmp with options [CREATE, WRITE]: sun.nio.ch.FileChannelImpl@14a70191
2024-12-14 12:24:56,221 TRACE util.FileUtils (LogUtils.java:runAndLog(49)) - Successfully ran Atomic Files.move /home/runner/work/ratis/ratis/ratis-examples/target/test/data/da5193cb/MiniRaftClusterWithGrpca0a5e6cd/s0/86d75030-f160-4ccc-af34-a5bb6eb0946f/current/raft-meta.conf.tmp to /home/runner/work/ratis/ratis/ratis-examples/target/test/data/da5193cb/MiniRaftClusterWithGrpca0a5e6cd/s0/86d75030-f160-4ccc-af34-a5bb6eb0946f/current/raft-meta.conf with options [REPLACE_EXISTING]
2024-12-14 12:24:56,221 TRACE util.FileUtils (LogUtils.java:supplyAndLog(69)) - Successfully supplied FileChannel.open /home/runner/work/ratis/ratis/ratis-examples/target/test/data/da5193cb/MiniRaftClusterWithGrpca0a5e6cd/s0/86d75030-f160-4ccc-af34-a5bb6eb0946f/current/raft-meta.conf.tmp with options [CREATE, WRITE]: sun.nio.ch.FileChannelImpl@3de222e3
2024-12-14 12:24:56,223 TRACE util.FileUtils (LogUtils.java:runAndLog(49)) - Successfully ran Atomic Files.move /home/runner/work/ratis/ratis/ratis-examples/target/test/data/da5193cb/MiniRaftClusterWithGrpca0a5e6cd/s13/86d75030-f160-4ccc-af34-a5bb6eb0946f/current/raft-meta.conf.tmp to /home/runner/work/ratis/ratis/ratis-examples/target/test/data/da5193cb/MiniRaftClusterWithGrpca0a5e6cd/s13/86d75030-f160-4ccc-af34-a5bb6eb0946f/current/raft-meta.conf with options [REPLACE_EXISTING]
2024-12-14 12:24:56,223 TRACE util.FileUtils (LogUtils.java:runAndLog(49)) - Successfully ran Atomic Files.move /home/runner/work/ratis/ratis/ratis-examples/target/test/data/da5193cb/MiniRaftClusterWithGrpca0a5e6cd/s3/86d75030-f160-4ccc-af34-a5bb6eb0946f/current/raft-meta.conf.tmp to /home/runner/work/ratis/ratis/ratis-examples/target/test/data/da5193cb/MiniRaftClusterWithGrpca0a5e6cd/s3/86d75030-f160-4ccc-af34-a5bb6eb0946f/current/raft-meta.conf with options [REPLACE_EXISTING]
2024-12-14 12:24:56,224 TRACE util.FileUtils (LogUtils.java:runAndLog(49)) - Successfully ran Atomic Files.move /home/runner/work/ratis/ratis/ratis-examples/target/test/data/da5193cb/MiniRaftClusterWithGrpca0a5e6cd/s2/86d75030-f160-4ccc-af34-a5bb6eb0946f/current/raft-meta.conf.tmp to /home/runner/work/ratis/ratis/ratis-examples/target/test/data/da5193cb/MiniRaftClusterWithGrpca0a5e6cd/s2/86d75030-f160-4ccc-af34-a5bb6eb0946f/current/raft-meta.conf with options [REPLACE_EXISTING]
2024-12-14 12:24:56,224 TRACE util.FileUtils (LogUtils.java:supplyAndLog(69)) - Successfully supplied FileChannel.open /home/runner/work/ratis/ratis/ratis-examples/target/test/data/da5193cb/MiniRaftClusterWithGrpca0a5e6cd/s13/86d75030-f160-4ccc-af34-a5bb6eb0946f/current/raft-meta.conf.tmp with options [CREATE, WRITE]: sun.nio.ch.FileChannelImpl@11fc050e
2024-12-14 12:24:56,224 TRACE util.FileUtils (LogUtils.java:runAndLog(49)) - Successfully ran Atomic Files.move /home/runner/work/ratis/ratis/ratis-examples/target/test/data/da5193cb/MiniRaftClusterWithGrpca0a5e6cd/s12/86d75030-f160-4ccc-af34-a5bb6eb0946f/current/raft-meta.conf.tmp to /home/runner/work/ratis/ratis/ratis-examples/target/test/data/da5193cb/MiniRaftClusterWithGrpca0a5e6cd/s12/86d75030-f160-4ccc-af34-a5bb6eb0946f/current/raft-meta.conf with options [REPLACE_EXISTING]
2024-12-14 12:24:56,224 TRACE util.FileUtils (LogUtils.java:supplyAndLog(69)) - Successfully supplied FileChannel.open /home/runner/work/ratis/ratis/ratis-examples/target/test/data/da5193cb/MiniRaftClusterWithGrpca0a5e6cd/s12/86d75030-f160-4ccc-af34-a5bb6eb0946f/current/raft-meta.conf.tmp with options [CREATE, WRITE]: sun.nio.ch.FileChannelImpl@154caa97
2024-12-14 12:24:56,227 TRACE util.FileUtils (LogUtils.java:supplyAndLog(69)) - Successfully supplied FileChannel.open /home/runner/work/ratis/ratis/ratis-examples/target/test/data/da5193cb/MiniRaftClusterWithGrpca0a5e6cd/s2/86d75030-f160-4ccc-af34-a5bb6eb0946f/current/raft-meta.conf.tmp with options [CREATE, WRITE]: sun.nio.ch.FileChannelImpl@30ef28f5
2024-12-14 12:24:56,224 TRACE util.FileUtils (LogUtils.java:runAndLog(49)) - Successfully ran Atomic Files.move /home/runner/work/ratis/ratis/ratis-examples/target/test/data/da5193cb/MiniRaftClusterWithGrpca0a5e6cd/s14/86d75030-f160-4ccc-af34-a5bb6eb0946f/current/raft-meta.conf.tmp to /home/runner/work/ratis/ratis/ratis-examples/target/test/data/da5193cb/MiniRaftClusterWithGrpca0a5e6cd/s14/86d75030-f160-4ccc-af34-a5bb6eb0946f/current/raft-meta.conf with options [REPLACE_EXISTING]
2024-12-14 12:24:56,227 TRACE util.FileUtils (LogUtils.java:supplyAndLog(69)) - Successfully supplied FileChannel.open /home/runner/work/ratis/ratis/ratis-examples/target/test/data/da5193cb/MiniRaftClusterWithGrpca0a5e6cd/s14/86d75030-f160-4ccc-af34-a5bb6eb0946f/current/raft-meta.conf.tmp with options [CREATE, WRITE]: sun.nio.ch.FileChannelImpl@5b896f86
2024-12-14 12:24:56,224 TRACE util.FileUtils (LogUtils.java:runAndLog(49)) - Successfully ran Atomic Files.move /home/runner/work/ratis/ratis/ratis-examples/target/test/data/da5193cb/MiniRaftClusterWithGrpca0a5e6cd/s9/86d75030-f160-4ccc-af34-a5bb6eb0946f/current/raft-meta.conf.tmp to /home/runner/work/ratis/ratis/ratis-examples/target/test/data/da5193cb/MiniRaftClusterWithGrpca0a5e6cd/s9/86d75030-f160-4ccc-af34-a5bb6eb0946f/current/raft-meta.conf with options [REPLACE_EXISTING]
2024-12-14 12:24:56,229 TRACE util.FileUtils (LogUtils.java:supplyAndLog(69)) - Successfully supplied FileChannel.open /home/runner/work/ratis/ratis/ratis-examples/target/test/data/da5193cb/MiniRaftClusterWithGrpca0a5e6cd/s9/86d75030-f160-4ccc-af34-a5bb6eb0946f/current/raft-meta.conf.tmp with options [CREATE, WRITE]: sun.nio.ch.FileChannelImpl@7fb3cce6
2024-12-14 12:24:56,231 TRACE util.FileUtils (LogUtils.java:supplyAndLog(69)) - Successfully supplied FileChannel.open /home/runner/work/ratis/ratis/ratis-examples/target/test/data/da5193cb/MiniRaftClusterWithGrpca0a5e6cd/s3/86d75030-f160-4ccc-af34-a5bb6eb0946f/current/raft-meta.conf.tmp with options [CREATE, WRITE]: sun.nio.ch.FileChannelImpl@29984d38
2024-12-14 12:24:56,231 INFO  server.RaftServerConfigKeys (ConfUtils.java:logGet(46)) - raft.server.rpc.timeout.max = 600ms (custom)
2024-12-14 12:24:56,232 INFO  ratis.RaftTestUtil (RaftTestUtil.java:waitForLeader(107)) - printing ALL groups
  s3:  RUNNING [
   FOLLOWER s3@group-A5BB6EB0946F:t1, leader=s5, voted=null, raftlog=Memoized:s3@group-A5BB6EB0946F-SegmentedRaftLog:OPENED:c131:last(t:1, i:132), conf=conf: {index: 131, cur=peers:[s3|0.0.0.0:15003, s4|0.0.0.0:15004, s5|0.0.0.0:15005, s6|0.0.0.0:15006, s7|0.0.0.0:15007, s8|0.0.0.0:15008, s9|0.0.0.0:15009, s11|0.0.0.0:15011, s10|0.0.0.0:15010, s13|0.0.0.0:15013, s12|0.0.0.0:15012, s14|0.0.0.0:15014, s0|0.0.0.0:15000, s1|0.0.0.0:15001, s2|0.0.0.0:15002]|listeners:[], old=null} RUNNING
   FOLLOWER s3@group-40388BE3F4D5:t0, leader=null, voted=, raftlog=Memoized:s3@group-40388BE3F4D5-SegmentedRaftLog:OPENED:c-1:lastnull, conf=conf: {index: -1, cur=peers:[]|listeners:[], old=null} STARTING] size=2
  s4:  RUNNING [
   FOLLOWER s4@group-A5BB6EB0946F:t1, leader=s5, voted=s5, raftlog=Memoized:s4@group-A5BB6EB0946F-SegmentedRaftLog:OPENED:c131:last(t:1, i:132), conf=conf: {index: 131, cur=peers:[s3|0.0.0.0:15003, s4|0.0.0.0:15004, s5|0.0.0.0:15005, s6|0.0.0.0:15006, s7|0.0.0.0:15007, s8|0.0.0.0:15008, s9|0.0.0.0:15009, s11|0.0.0.0:15011, s10|0.0.0.0:15010, s13|0.0.0.0:15013, s12|0.0.0.0:15012, s14|0.0.0.0:15014, s0|0.0.0.0:15000, s1|0.0.0.0:15001, s2|0.0.0.0:15002]|listeners:[], old=null} RUNNING
   FOLLOWER s4@group-40388BE3F4D5:t0, leader=null, voted=, raftlog=Memoized:s4@group-40388BE3F4D5-SegmentedRaftLog:OPENED:c-1:lastnull, conf=conf: {index: -1, cur=peers:[]|listeners:[], old=null} STARTING] size=2
  s5:  RUNNING [
     LEADER s5@group-A5BB6EB0946F:t1, leader=s5, voted=s5, raftlog=Memoized:s5@group-A5BB6EB0946F-SegmentedRaftLog:OPENED:c131:last(t:1, i:132), conf=conf: {index: 131, cur=peers:[s3|0.0.0.0:15003, s4|0.0.0.0:15004, s5|0.0.0.0:15005, s6|0.0.0.0:15006, s7|0.0.0.0:15007, s8|0.0.0.0:15008, s9|0.0.0.0:15009, s11|0.0.0.0:15011, s10|0.0.0.0:15010, s13|0.0.0.0:15013, s12|0.0.0.0:15012, s14|0.0.0.0:15014, s0|0.0.0.0:15000, s1|0.0.0.0:15001, s2|0.0.0.0:15002]|listeners:[], old=null} RUNNING
   FOLLOWER s5@group-40388BE3F4D5:t0, leader=null, voted=, raftlog=Memoized:s5@group-40388BE3F4D5-SegmentedRaftLog:OPENED:c-1:lastnull, conf=conf: {index: -1, cur=peers:[]|listeners:[], old=null} STARTING] size=2
  s6:  RUNNING [
   FOLLOWER s6@group-A5BB6EB0946F:t1, leader=s5, voted=s5, raftlog=Memoized:s6@group-A5BB6EB0946F-SegmentedRaftLog:OPENED:c131:last(t:1, i:132), conf=conf: {index: 131, cur=peers:[s3|0.0.0.0:15003, s4|0.0.0.0:15004, s5|0.0.0.0:15005, s6|0.0.0.0:15006, s7|0.0.0.0:15007, s8|0.0.0.0:15008, s9|0.0.0.0:15009, s11|0.0.0.0:15011, s10|0.0.0.0:15010, s13|0.0.0.0:15013, s12|0.0.0.0:15012, s14|0.0.0.0:15014, s0|0.0.0.0:15000, s1|0.0.0.0:15001, s2|0.0.0.0:15002]|listeners:[], old=null} RUNNING
   FOLLOWER s6@group-40388BE3F4D5:t0, leader=null, voted=, raftlog=Memoized:s6@group-40388BE3F4D5-SegmentedRaftLog:OPENED:c-1:lastnull, conf=conf: {index: -1, cur=peers:[]|listeners:[], old=null} STARTING] size=2
  s7:  RUNNING [
   FOLLOWER s7@group-A5BB6EB0946F:t1, leader=s5, voted=null, raftlog=Memoized:s7@group-A5BB6EB0946F-SegmentedRaftLog:OPENED:c131:last(t:1, i:132), conf=conf: {index: 131, cur=peers:[s3|0.0.0.0:15003, s4|0.0.0.0:15004, s5|0.0.0.0:15005, s6|0.0.0.0:15006, s7|0.0.0.0:15007, s8|0.0.0.0:15008, s9|0.0.0.0:15009, s11|0.0.0.0:15011, s10|0.0.0.0:15010, s13|0.0.0.0:15013, s12|0.0.0.0:15012, s14|0.0.0.0:15014, s0|0.0.0.0:15000, s1|0.0.0.0:15001, s2|0.0.0.0:15002]|listeners:[], old=null} RUNNING
   FOLLOWER s7@group-40388BE3F4D5:t0, leader=null, voted=, raftlog=Memoized:s7@group-40388BE3F4D5-SegmentedRaftLog:OPENED:c-1:lastnull, conf=conf: {index: -1, cur=peers:[]|listeners:[], old=null} STARTING] size=2
  s8:  RUNNING [
   FOLLOWER s8@group-A5BB6EB0946F:t1, leader=s5, voted=null, raftlog=Memoized:s8@group-A5BB6EB0946F-SegmentedRaftLog:OPENED:c131:last(t:1, i:132), conf=conf: {index: 131, cur=peers:[s3|0.0.0.0:15003, s4|0.0.0.0:15004, s5|0.0.0.0:15005, s6|0.0.0.0:15006, s7|0.0.0.0:15007, s8|0.0.0.0:15008, s9|0.0.0.0:15009, s11|0.0.0.0:15011, s10|0.0.0.0:15010, s13|0.0.0.0:15013, s12|0.0.0.0:15012, s14|0.0.0.0:15014, s0|0.0.0.0:15000, s1|0.0.0.0:15001, s2|0.0.0.0:15002]|listeners:[], old=null} RUNNING
   FOLLOWER s8@group-40388BE3F4D5:t0, leader=null, voted=, raftlog=Memoized:s8@group-40388BE3F4D5-SegmentedRaftLog:OPENED:c-1:lastnull, conf=conf: {index: -1, cur=peers:[]|listeners:[], old=null} STARTING] size=2
  s9:  RUNNING [
   FOLLOWER s9@group-A5BB6EB0946F:t1, leader=s5, voted=null, raftlog=Memoized:s9@group-A5BB6EB0946F-SegmentedRaftLog:OPENED:c131:last(t:1, i:132), conf=conf: {index: 131, cur=peers:[s3|0.0.0.0:15003, s4|0.0.0.0:15004, s5|0.0.0.0:15005, s6|0.0.0.0:15006, s7|0.0.0.0:15007, s8|0.0.0.0:15008, s9|0.0.0.0:15009, s11|0.0.0.0:15011, s10|0.0.0.0:15010, s13|0.0.0.0:15013, s12|0.0.0.0:15012, s14|0.0.0.0:15014, s0|0.0.0.0:15000, s1|0.0.0.0:15001, s2|0.0.0.0:15002]|listeners:[], old=null} RUNNING
   FOLLOWER s9@group-40388BE3F4D5:t0, leader=null, voted=, raftlog=Memoized:s9@group-40388BE3F4D5-SegmentedRaftLog:OPENED:c-1:lastnull, conf=conf: {index: -1, cur=peers:[]|listeners:[], old=null} STARTING] size=2
  s11:  RUNNING [
   FOLLOWER s11@group-A5BB6EB0946F:t1, leader=s5, voted=null, raftlog=Memoized:s11@group-A5BB6EB0946F-SegmentedRaftLog:OPENED:c131:last(t:1, i:132), conf=conf: {index: 131, cur=peers:[s3|0.0.0.0:15003, s4|0.0.0.0:15004, s5|0.0.0.0:15005, s6|0.0.0.0:15006, s7|0.0.0.0:15007, s8|0.0.0.0:15008, s9|0.0.0.0:15009, s11|0.0.0.0:15011, s10|0.0.0.0:15010, s13|0.0.0.0:15013, s12|0.0.0.0:15012, s14|0.0.0.0:15014, s0|0.0.0.0:15000, s1|0.0.0.0:15001, s2|0.0.0.0:15002]|listeners:[], old=null} RUNNING
   FOLLOWER s11@group-40388BE3F4D5:t0, leader=null, voted=, raftlog=Memoized:s11@group-40388BE3F4D5-SegmentedRaftLog:OPENED:c-1:lastnull, conf=conf: {index: -1, cur=peers:[]|listeners:[], old=null} STARTING] size=2
  s10:  RUNNING [
   FOLLOWER s10@group-A5BB6EB0946F:t1, leader=s5, voted=null, raftlog=Memoized:s10@group-A5BB6EB0946F-SegmentedRaftLog:OPENED:c131:last(t:1, i:132), conf=conf: {index: 131, cur=peers:[s3|0.0.0.0:15003, s4|0.0.0.0:15004, s5|0.0.0.0:15005, s6|0.0.0.0:15006, s7|0.0.0.0:15007, s8|0.0.0.0:15008, s9|0.0.0.0:15009, s11|0.0.0.0:15011, s10|0.0.0.0:15010, s13|0.0.0.0:15013, s12|0.0.0.0:15012, s14|0.0.0.0:15014, s0|0.0.0.0:15000, s1|0.0.0.0:15001, s2|0.0.0.0:15002]|listeners:[], old=null} RUNNING
   FOLLOWER s10@group-40388BE3F4D5:t0, leader=null, voted=, raftlog=Memoized:s10@group-40388BE3F4D5-SegmentedRaftLog:OPENED:c-1:lastnull, conf=conf: {index: -1, cur=peers:[]|listeners:[], old=null} STARTING] size=2
  s13:  RUNNING [
   FOLLOWER s13@group-A5BB6EB0946F:t1, leader=s5, voted=null, raftlog=Memoized:s13@group-A5BB6EB0946F-SegmentedRaftLog:OPENED:c131:last(t:1, i:132), conf=conf: {index: 131, cur=peers:[s3|0.0.0.0:15003, s4|0.0.0.0:15004, s5|0.0.0.0:15005, s6|0.0.0.0:15006, s7|0.0.0.0:15007, s8|0.0.0.0:15008, s9|0.0.0.0:15009, s11|0.0.0.0:15011, s10|0.0.0.0:15010, s13|0.0.0.0:15013, s12|0.0.0.0:15012, s14|0.0.0.0:15014, s0|0.0.0.0:15000, s1|0.0.0.0:15001, s2|0.0.0.0:15002]|listeners:[], old=null} RUNNING
   FOLLOWER s13@group-40388BE3F4D5:t0, leader=null, voted=, raftlog=Memoized:s13@group-40388BE3F4D5-SegmentedRaftLog:OPENED:c-1:lastnull, conf=conf: {index: -1, cur=peers:[]|listeners:[], old=null} STARTING] size=2
  s12:  RUNNING [
   FOLLOWER s12@group-A5BB6EB0946F:t1, leader=s5, voted=null, raftlog=Memoized:s12@group-A5BB6EB0946F-SegmentedRaftLog:OPENED:c131:last(t:1, i:132), conf=conf: {index: 131, cur=peers:[s3|0.0.0.0:15003, s4|0.0.0.0:15004, s5|0.0.0.0:15005, s6|0.0.0.0:15006, s7|0.0.0.0:15007, s8|0.0.0.0:15008, s9|0.0.0.0:15009, s11|0.0.0.0:15011, s10|0.0.0.0:15010, s13|0.0.0.0:15013, s12|0.0.0.0:15012, s14|0.0.0.0:15014, s0|0.0.0.0:15000, s1|0.0.0.0:15001, s2|0.0.0.0:15002]|listeners:[], old=null} RUNNING
   FOLLOWER s12@group-40388BE3F4D5:t0, leader=null, voted=, raftlog=Memoized:s12@group-40388BE3F4D5-SegmentedRaftLog:OPENED:c-1:lastnull, conf=conf: {index: -1, cur=peers:[]|listeners:[], old=null} STARTING] size=2
  s14:  RUNNING [
   FOLLOWER s14@group-A5BB6EB0946F:t1, leader=s5, voted=null, raftlog=Memoized:s14@group-A5BB6EB0946F-SegmentedRaftLog:OPENED:c129:last(t:1, i:132), conf=conf: {index: 131, cur=peers:[s3|0.0.0.0:15003, s4|0.0.0.0:15004, s5|0.0.0.0:15005, s6|0.0.0.0:15006, s7|0.0.0.0:15007, s8|0.0.0.0:15008, s9|0.0.0.0:15009, s11|0.0.0.0:15011, s10|0.0.0.0:15010, s13|0.0.0.0:15013, s12|0.0.0.0:15012, s14|0.0.0.0:15014, s0|0.0.0.0:15000, s1|0.0.0.0:15001, s2|0.0.0.0:15002]|listeners:[], old=null} RUNNING
   FOLLOWER s14@group-40388BE3F4D5:t0, leader=null, voted=, raftlog=Memoized:s14@group-40388BE3F4D5-SegmentedRaftLog:OPENED:c-1:lastnull, conf=conf: {index: -1, cur=peers:[]|listeners:[], old=null} STARTING] size=2
  s0:  RUNNING [
   FOLLOWER s0@group-A5BB6EB0946F:t1, leader=s5, voted=null, raftlog=Memoized:s0@group-A5BB6EB0946F-SegmentedRaftLog:OPENED:c131:last(t:1, i:132), conf=conf: {index: 131, cur=peers:[s3|0.0.0.0:15003, s4|0.0.0.0:15004, s5|0.0.0.0:15005, s6|0.0.0.0:15006, s7|0.0.0.0:15007, s8|0.0.0.0:15008, s9|0.0.0.0:15009, s11|0.0.0.0:15011, s10|0.0.0.0:15010, s13|0.0.0.0:15013, s12|0.0.0.0:15012, s14|0.0.0.0:15014, s0|0.0.0.0:15000, s1|0.0.0.0:15001, s2|0.0.0.0:15002]|listeners:[], old=null} RUNNING
   FOLLOWER s0@group-40388BE3F4D5:t0, leader=null, voted=, raftlog=Memoized:s0@group-40388BE3F4D5-SegmentedRaftLog:OPENED:c-1:lastnull, conf=conf: {index: -1, cur=peers:[]|listeners:[], old=null} STARTING] size=2
  s1:  RUNNING [
   FOLLOWER s1@group-A5BB6EB0946F:t1, leader=s5, voted=null, raftlog=Memoized:s1@group-A5BB6EB0946F-SegmentedRaftLog:OPENED:c131:last(t:1, i:132), conf=conf: {index: 131, cur=peers:[s3|0.0.0.0:15003, s4|0.0.0.0:15004, s5|0.0.0.0:15005, s6|0.0.0.0:15006, s7|0.0.0.0:15007, s8|0.0.0.0:15008, s9|0.0.0.0:15009, s11|0.0.0.0:15011, s10|0.0.0.0:15010, s13|0.0.0.0:15013, s12|0.0.0.0:15012, s14|0.0.0.0:15014, s0|0.0.0.0:15000, s1|0.0.0.0:15001, s2|0.0.0.0:15002]|listeners:[], old=null} RUNNING
   FOLLOWER s1@group-40388BE3F4D5:t0, leader=null, voted=, raftlog=Memoized:s1@group-40388BE3F4D5-SegmentedRaftLog:OPENED:c-1:lastnull, conf=conf: {index: -1, cur=peers:[]|listeners:[], old=null} STARTING] size=2
  s2:  RUNNING [
   FOLLOWER s2@group-A5BB6EB0946F:t1, leader=s5, voted=null, raftlog=Memoized:s2@group-A5BB6EB0946F-SegmentedRaftLog:OPENED:c131:last(t:1, i:132), conf=conf: {index: 131, cur=peers:[s3|0.0.0.0:15003, s4|0.0.0.0:15004, s5|0.0.0.0:15005, s6|0.0.0.0:15006, s7|0.0.0.0:15007, s8|0.0.0.0:15008, s9|0.0.0.0:15009, s11|0.0.0.0:15011, s10|0.0.0.0:15010, s13|0.0.0.0:15013, s12|0.0.0.0:15012, s14|0.0.0.0:15014, s0|0.0.0.0:15000, s1|0.0.0.0:15001, s2|0.0.0.0:15002]|listeners:[], old=null} RUNNING
   FOLLOWER s2@group-40388BE3F4D5:t0, leader=null, voted=, raftlog=Memoized:s2@group-40388BE3F4D5-SegmentedRaftLog:OPENED:c-1:lastnull, conf=conf: {index: -1, cur=peers:[]|listeners:[], old=null} STARTING] size=2
2024-12-14 12:24:56,232 TRACE util.FileUtils (LogUtils.java:runAndLog(49)) - Successfully ran Atomic Files.move /home/runner/work/ratis/ratis/ratis-examples/target/test/data/da5193cb/MiniRaftClusterWithGrpca0a5e6cd/s10/86d75030-f160-4ccc-af34-a5bb6eb0946f/current/raft-meta.conf.tmp to /home/runner/work/ratis/ratis/ratis-examples/target/test/data/da5193cb/MiniRaftClusterWithGrpca0a5e6cd/s10/86d75030-f160-4ccc-af34-a5bb6eb0946f/current/raft-meta.conf with options [REPLACE_EXISTING]
2024-12-14 12:24:56,233 INFO  ratis.RaftTestUtil (RaftTestUtil.java:waitForLeader(131)) - printing ALL groups
  s3:  RUNNING [
   FOLLOWER s3@group-A5BB6EB0946F:t1, leader=s5, voted=null, raftlog=Memoized:s3@group-A5BB6EB0946F-SegmentedRaftLog:OPENED:c131:last(t:1, i:132), conf=conf: {index: 131, cur=peers:[s3|0.0.0.0:15003, s4|0.0.0.0:15004, s5|0.0.0.0:15005, s6|0.0.0.0:15006, s7|0.0.0.0:15007, s8|0.0.0.0:15008, s9|0.0.0.0:15009, s11|0.0.0.0:15011, s10|0.0.0.0:15010, s13|0.0.0.0:15013, s12|0.0.0.0:15012, s14|0.0.0.0:15014, s0|0.0.0.0:15000, s1|0.0.0.0:15001, s2|0.0.0.0:15002]|listeners:[], old=null} RUNNING
   FOLLOWER s3@group-40388BE3F4D5:t0, leader=null, voted=, raftlog=Memoized:s3@group-40388BE3F4D5-SegmentedRaftLog:OPENED:c-1:lastnull, conf=conf: {index: -1, cur=peers:[]|listeners:[], old=null} STARTING] size=2
  s4:  RUNNING [
   FOLLOWER s4@group-A5BB6EB0946F:t1, leader=s5, voted=s5, raftlog=Memoized:s4@group-A5BB6EB0946F-SegmentedRaftLog:OPENED:c131:last(t:1, i:132), conf=conf: {index: 131, cur=peers:[s3|0.0.0.0:15003, s4|0.0.0.0:15004, s5|0.0.0.0:15005, s6|0.0.0.0:15006, s7|0.0.0.0:15007, s8|0.0.0.0:15008, s9|0.0.0.0:15009, s11|0.0.0.0:15011, s10|0.0.0.0:15010, s13|0.0.0.0:15013, s12|0.0.0.0:15012, s14|0.0.0.0:15014, s0|0.0.0.0:15000, s1|0.0.0.0:15001, s2|0.0.0.0:15002]|listeners:[], old=null} RUNNING
   FOLLOWER s4@group-40388BE3F4D5:t0, leader=null, voted=, raftlog=Memoized:s4@group-40388BE3F4D5-SegmentedRaftLog:OPENED:c-1:lastnull, conf=conf: {index: -1, cur=peers:[]|listeners:[], old=null} STARTING] size=2
  s5:  RUNNING [
     LEADER s5@group-A5BB6EB0946F:t1, leader=s5, voted=s5, raftlog=Memoized:s5@group-A5BB6EB0946F-SegmentedRaftLog:OPENED:c132:last(t:1, i:132), conf=conf: {index: 131, cur=peers:[s3|0.0.0.0:15003, s4|0.0.0.0:15004, s5|0.0.0.0:15005, s6|0.0.0.0:15006, s7|0.0.0.0:15007, s8|0.0.0.0:15008, s9|0.0.0.0:15009, s11|0.0.0.0:15011, s10|0.0.0.0:15010, s13|0.0.0.0:15013, s12|0.0.0.0:15012, s14|0.0.0.0:15014, s0|0.0.0.0:15000, s1|0.0.0.0:15001, s2|0.0.0.0:15002]|listeners:[], old=null} RUNNING
   FOLLOWER s5@group-40388BE3F4D5:t0, leader=null, voted=, raftlog=Memoized:s5@group-40388BE3F4D5-SegmentedRaftLog:OPENED:c-1:lastnull, conf=conf: {index: -1, cur=peers:[]|listeners:[], old=null} STARTING] size=2
  s6:  RUNNING [
   FOLLOWER s6@group-A5BB6EB0946F:t1, leader=s5, voted=s5, raftlog=Memoized:s6@group-A5BB6EB0946F-SegmentedRaftLog:OPENED:c131:last(t:1, i:132), conf=conf: {index: 131, cur=peers:[s3|0.0.0.0:15003, s4|0.0.0.0:15004, s5|0.0.0.0:15005, s6|0.0.0.0:15006, s7|0.0.0.0:15007, s8|0.0.0.0:15008, s9|0.0.0.0:15009, s11|0.0.0.0:15011, s10|0.0.0.0:15010, s13|0.0.0.0:15013, s12|0.0.0.0:15012, s14|0.0.0.0:15014, s0|0.0.0.0:15000, s1|0.0.0.0:15001, s2|0.0.0.0:15002]|listeners:[], old=null} RUNNING
   FOLLOWER s6@group-40388BE3F4D5:t0, leader=null, voted=, raftlog=Memoized:s6@group-40388BE3F4D5-SegmentedRaftLog:OPENED:c-1:lastnull, conf=conf: {index: -1, cur=peers:[]|listeners:[], old=null} STARTING] size=2
  s7:  RUNNING [
   FOLLOWER s7@group-A5BB6EB0946F:t1, leader=s5, voted=null, raftlog=Memoized:s7@group-A5BB6EB0946F-SegmentedRaftLog:OPENED:c131:last(t:1, i:132), conf=conf: {index: 131, cur=peers:[s3|0.0.0.0:15003, s4|0.0.0.0:15004, s5|0.0.0.0:15005, s6|0.0.0.0:15006, s7|0.0.0.0:15007, s8|0.0.0.0:15008, s9|0.0.0.0:15009, s11|0.0.0.0:15011, s10|0.0.0.0:15010, s13|0.0.0.0:15013, s12|0.0.0.0:15012, s14|0.0.0.0:15014, s0|0.0.0.0:15000, s1|0.0.0.0:15001, s2|0.0.0.0:15002]|listeners:[], old=null} RUNNING
   FOLLOWER s7@group-40388BE3F4D5:t0, leader=null, voted=, raftlog=Memoized:s7@group-40388BE3F4D5-SegmentedRaftLog:OPENED:c-1:lastnull, conf=conf: {index: -1, cur=peers:[]|listeners:[], old=null} STARTING] size=2
  s8:  RUNNING [
   FOLLOWER s8@group-A5BB6EB0946F:t1, leader=s5, voted=null, raftlog=Memoized:s8@group-A5BB6EB0946F-SegmentedRaftLog:OPENED:c131:last(t:1, i:132), conf=conf: {index: 131, cur=peers:[s3|0.0.0.0:15003, s4|0.0.0.0:15004, s5|0.0.0.0:15005, s6|0.0.0.0:15006, s7|0.0.0.0:15007, s8|0.0.0.0:15008, s9|0.0.0.0:15009, s11|0.0.0.0:15011, s10|0.0.0.0:15010, s13|0.0.0.0:15013, s12|0.0.0.0:15012, s14|0.0.0.0:15014, s0|0.0.0.0:15000, s1|0.0.0.0:15001, s2|0.0.0.0:15002]|listeners:[], old=null} RUNNING
   FOLLOWER s8@group-40388BE3F4D5:t0, leader=null, voted=, raftlog=Memoized:s8@group-40388BE3F4D5-SegmentedRaftLog:OPENED:c-1:lastnull, conf=conf: {index: -1, cur=peers:[]|listeners:[], old=null} STARTING] size=2
  s9:  RUNNING [
   FOLLOWER s9@group-A5BB6EB0946F:t1, leader=s5, voted=null, raftlog=Memoized:s9@group-A5BB6EB0946F-SegmentedRaftLog:OPENED:c131:last(t:1, i:132), conf=conf: {index: 131, cur=peers:[s3|0.0.0.0:15003, s4|0.0.0.0:15004, s5|0.0.0.0:15005, s6|0.0.0.0:15006, s7|0.0.0.0:15007, s8|0.0.0.0:15008, s9|0.0.0.0:15009, s11|0.0.0.0:15011, s10|0.0.0.0:15010, s13|0.0.0.0:15013, s12|0.0.0.0:15012, s14|0.0.0.0:15014, s0|0.0.0.0:15000, s1|0.0.0.0:15001, s2|0.0.0.0:15002]|listeners:[], old=null} RUNNING
   FOLLOWER s9@group-40388BE3F4D5:t0, leader=null, voted=, raftlog=Memoized:s9@group-40388BE3F4D5-SegmentedRaftLog:OPENED:c-1:lastnull, conf=conf: {index: -1, cur=peers:[]|listeners:[], old=null} STARTING] size=2
  s11:  RUNNING [
   FOLLOWER s11@group-A5BB6EB0946F:t1, leader=s5, voted=null, raftlog=Memoized:s11@group-A5BB6EB0946F-SegmentedRaftLog:OPENED:c131:last(t:1, i:132), conf=conf: {index: 131, cur=peers:[s3|0.0.0.0:15003, s4|0.0.0.0:15004, s5|0.0.0.0:15005, s6|0.0.0.0:15006, s7|0.0.0.0:15007, s8|0.0.0.0:15008, s9|0.0.0.0:15009, s11|0.0.0.0:15011, s10|0.0.0.0:15010, s13|0.0.0.0:15013, s12|0.0.0.0:15012, s14|0.0.0.0:15014, s0|0.0.0.0:15000, s1|0.0.0.0:15001, s2|0.0.0.0:15002]|listeners:[], old=null} RUNNING
   FOLLOWER s11@group-40388BE3F4D5:t0, leader=null, voted=, raftlog=Memoized:s11@group-40388BE3F4D5-SegmentedRaftLog:OPENED:c-1:lastnull, conf=conf: {index: -1, cur=peers:[]|listeners:[], old=null} STARTING] size=2
  s10:  RUNNING [
   FOLLOWER s10@group-A5BB6EB0946F:t1, leader=s5, voted=null, raftlog=Memoized:s10@group-A5BB6EB0946F-SegmentedRaftLog:OPENED:c131:last(t:1, i:132), conf=conf: {index: 131, cur=peers:[s3|0.0.0.0:15003, s4|0.0.0.0:15004, s5|0.0.0.0:15005, s6|0.0.0.0:15006, s7|0.0.0.0:15007, s8|0.0.0.0:15008, s9|0.0.0.0:15009, s11|0.0.0.0:15011, s10|0.0.0.0:15010, s13|0.0.0.0:15013, s12|0.0.0.0:15012, s14|0.0.0.0:15014, s0|0.0.0.0:15000, s1|0.0.0.0:15001, s2|0.0.0.0:15002]|listeners:[], old=null} RUNNING
   FOLLOWER s10@group-40388BE3F4D5:t0, leader=null, voted=, raftlog=Memoized:s10@group-40388BE3F4D5-SegmentedRaftLog:OPENED:c-1:lastnull, conf=conf: {index: -1, cur=peers:[]|listeners:[], old=null} STARTING] size=2
  s13:  RUNNING [
   FOLLOWER s13@group-A5BB6EB0946F:t1, leader=s5, voted=null, raftlog=Memoized:s13@group-A5BB6EB0946F-SegmentedRaftLog:OPENED:c131:last(t:1, i:132), conf=conf: {index: 131, cur=peers:[s3|0.0.0.0:15003, s4|0.0.0.0:15004, s5|0.0.0.0:15005, s6|0.0.0.0:15006, s7|0.0.0.0:15007, s8|0.0.0.0:15008, s9|0.0.0.0:15009, s11|0.0.0.0:15011, s10|0.0.0.0:15010, s13|0.0.0.0:15013, s12|0.0.0.0:15012, s14|0.0.0.0:15014, s0|0.0.0.0:15000, s1|0.0.0.0:15001, s2|0.0.0.0:15002]|listeners:[], old=null} RUNNING
   FOLLOWER s13@group-40388BE3F4D5:t0, leader=null, voted=, raftlog=Memoized:s13@group-40388BE3F4D5-SegmentedRaftLog:OPENED:c-1:lastnull, conf=conf: {index: -1, cur=peers:[]|listeners:[], old=null} STARTING] size=2
  s12:  RUNNING [
   FOLLOWER s12@group-A5BB6EB0946F:t1, leader=s5, voted=null, raftlog=Memoized:s12@group-A5BB6EB0946F-SegmentedRaftLog:OPENED:c131:last(t:1, i:132), conf=conf: {index: 131, cur=peers:[s3|0.0.0.0:15003, s4|0.0.0.0:15004, s5|0.0.0.0:15005, s6|0.0.0.0:15006, s7|0.0.0.0:15007, s8|0.0.0.0:15008, s9|0.0.0.0:15009, s11|0.0.0.0:15011, s10|0.0.0.0:15010, s13|0.0.0.0:15013, s12|0.0.0.0:15012, s14|0.0.0.0:15014, s0|0.0.0.0:15000, s1|0.0.0.0:15001, s2|0.0.0.0:15002]|listeners:[], old=null} RUNNING
   FOLLOWER s12@group-40388BE3F4D5:t0, leader=null, voted=, raftlog=Memoized:s12@group-40388BE3F4D5-SegmentedRaftLog:OPENED:c-1:lastnull, conf=conf: {index: -1, cur=peers:[]|listeners:[], old=null} STARTING] size=2
  s14:  RUNNING [
   FOLLOWER s14@group-A5BB6EB0946F:t1, leader=s5, voted=null, raftlog=Memoized:s14@group-A5BB6EB0946F-SegmentedRaftLog:OPENED:c129:last(t:1, i:132), conf=conf: {index: 131, cur=peers:[s3|0.0.0.0:15003, s4|0.0.0.0:15004, s5|0.0.0.0:15005, s6|0.0.0.0:15006, s7|0.0.0.0:15007, s8|0.0.0.0:15008, s9|0.0.0.0:15009, s11|0.0.0.0:15011, s10|0.0.0.0:15010, s13|0.0.0.0:15013, s12|0.0.0.0:15012, s14|0.0.0.0:15014, s0|0.0.0.0:15000, s1|0.0.0.0:15001, s2|0.0.0.0:15002]|listeners:[], old=null} RUNNING
   FOLLOWER s14@group-40388BE3F4D5:t0, leader=null, voted=, raftlog=Memoized:s14@group-40388BE3F4D5-SegmentedRaftLog:OPENED:c-1:lastnull, conf=conf: {index: -1, cur=peers:[]|listeners:[], old=null} STARTING] size=2
  s0:  RUNNING [
   FOLLOWER s0@group-A5BB6EB0946F:t1, leader=s5, voted=null, raftlog=Memoized:s0@group-A5BB6EB0946F-SegmentedRaftLog:OPENED:c131:last(t:1, i:132), conf=conf: {index: 131, cur=peers:[s3|0.0.0.0:15003, s4|0.0.0.0:15004, s5|0.0.0.0:15005, s6|0.0.0.0:15006, s7|0.0.0.0:15007, s8|0.0.0.0:15008, s9|0.0.0.0:15009, s11|0.0.0.0:15011, s10|0.0.0.0:15010, s13|0.0.0.0:15013, s12|0.0.0.0:15012, s14|0.0.0.0:15014, s0|0.0.0.0:15000, s1|0.0.0.0:15001, s2|0.0.0.0:15002]|listeners:[], old=null} RUNNING
   FOLLOWER s0@group-40388BE3F4D5:t0, leader=null, voted=, raftlog=Memoized:s0@group-40388BE3F4D5-SegmentedRaftLog:OPENED:c-1:lastnull, conf=conf: {index: -1, cur=peers:[]|listeners:[], old=null} STARTING] size=2
  s1:  RUNNING [
   FOLLOWER s1@group-A5BB6EB0946F:t1, leader=s5, voted=null, raftlog=Memoized:s1@group-A5BB6EB0946F-SegmentedRaftLog:OPENED:c131:last(t:1, i:132), conf=conf: {index: 131, cur=peers:[s3|0.0.0.0:15003, s4|0.0.0.0:15004, s5|0.0.0.0:15005, s6|0.0.0.0:15006, s7|0.0.0.0:15007, s8|0.0.0.0:15008, s9|0.0.0.0:15009, s11|0.0.0.0:15011, s10|0.0.0.0:15010, s13|0.0.0.0:15013, s12|0.0.0.0:15012, s14|0.0.0.0:15014, s0|0.0.0.0:15000, s1|0.0.0.0:15001, s2|0.0.0.0:15002]|listeners:[], old=null} RUNNING
   FOLLOWER s1@group-40388BE3F4D5:t0, leader=null, voted=, raftlog=Memoized:s1@group-40388BE3F4D5-SegmentedRaftLog:OPENED:c-1:lastnull, conf=conf: {index: -1, cur=peers:[]|listeners:[], old=null} STARTING] size=2
  s2:  RUNNING [
   FOLLOWER s2@group-A5BB6EB0946F:t1, leader=s5, voted=null, raftlog=Memoized:s2@group-A5BB6EB0946F-SegmentedRaftLog:OPENED:c131:last(t:1, i:132), conf=conf: {index: 131, cur=peers:[s3|0.0.0.0:15003, s4|0.0.0.0:15004, s5|0.0.0.0:15005, s6|0.0.0.0:15006, s7|0.0.0.0:15007, s8|0.0.0.0:15008, s9|0.0.0.0:15009, s11|0.0.0.0:15011, s10|0.0.0.0:15010, s13|0.0.0.0:15013, s12|0.0.0.0:15012, s14|0.0.0.0:15014, s0|0.0.0.0:15000, s1|0.0.0.0:15001, s2|0.0.0.0:15002]|listeners:[], old=null} RUNNING
   FOLLOWER s2@group-40388BE3F4D5:t0, leader=null, voted=, raftlog=Memoized:s2@group-40388BE3F4D5-SegmentedRaftLog:OPENED:c-1:lastnull, conf=conf: {index: -1, cur=peers:[]|listeners:[], old=null} STARTING] size=2
2024-12-14 12:24:56,237 TRACE util.FileUtils (LogUtils.java:runAndLog(49)) - Successfully ran Atomic Files.move /home/runner/work/ratis/ratis/ratis-examples/target/test/data/da5193cb/MiniRaftClusterWithGrpca0a5e6cd/s7/86d75030-f160-4ccc-af34-a5bb6eb0946f/current/raft-meta.conf.tmp to /home/runner/work/ratis/ratis/ratis-examples/target/test/data/da5193cb/MiniRaftClusterWithGrpca0a5e6cd/s7/86d75030-f160-4ccc-af34-a5bb6eb0946f/current/raft-meta.conf with options [REPLACE_EXISTING]
2024-12-14 12:24:56,237 TRACE util.FileUtils (LogUtils.java:runAndLog(49)) - Successfully ran Atomic Files.move /home/runner/work/ratis/ratis/ratis-examples/target/test/data/da5193cb/MiniRaftClusterWithGrpca0a5e6cd/s14/86d75030-f160-4ccc-af34-a5bb6eb0946f/current/raft-meta.conf.tmp to /home/runner/work/ratis/ratis/ratis-examples/target/test/data/da5193cb/MiniRaftClusterWithGrpca0a5e6cd/s14/86d75030-f160-4ccc-af34-a5bb6eb0946f/current/raft-meta.conf with options [REPLACE_EXISTING]
2024-12-14 12:24:56,237 TRACE util.FileUtils (LogUtils.java:supplyAndLog(69)) - Successfully supplied FileChannel.open /home/runner/work/ratis/ratis/ratis-examples/target/test/data/da5193cb/MiniRaftClusterWithGrpca0a5e6cd/s7/86d75030-f160-4ccc-af34-a5bb6eb0946f/current/raft-meta.conf.tmp with options [CREATE, WRITE]: sun.nio.ch.FileChannelImpl@7a868e7d
2024-12-14 12:24:56,237 TRACE util.FileUtils (LogUtils.java:runAndLog(49)) - Successfully ran Atomic Files.move /home/runner/work/ratis/ratis/ratis-examples/target/test/data/da5193cb/MiniRaftClusterWithGrpca0a5e6cd/s1/86d75030-f160-4ccc-af34-a5bb6eb0946f/current/raft-meta.conf.tmp to /home/runner/work/ratis/ratis/ratis-examples/target/test/data/da5193cb/MiniRaftClusterWithGrpca0a5e6cd/s1/86d75030-f160-4ccc-af34-a5bb6eb0946f/current/raft-meta.conf with options [REPLACE_EXISTING]
2024-12-14 12:24:56,238 TRACE util.FileUtils (LogUtils.java:runAndLog(49)) - Successfully ran Atomic Files.move /home/runner/work/ratis/ratis/ratis-examples/target/test/data/da5193cb/MiniRaftClusterWithGrpca0a5e6cd/s13/86d75030-f160-4ccc-af34-a5bb6eb0946f/current/raft-meta.conf.tmp to /home/runner/work/ratis/ratis/ratis-examples/target/test/data/da5193cb/MiniRaftClusterWithGrpca0a5e6cd/s13/86d75030-f160-4ccc-af34-a5bb6eb0946f/current/raft-meta.conf with options [REPLACE_EXISTING]
2024-12-14 12:24:56,238 TRACE util.FileUtils (LogUtils.java:runAndLog(49)) - Successfully ran Atomic Files.move /home/runner/work/ratis/ratis/ratis-examples/target/test/data/da5193cb/MiniRaftClusterWithGrpca0a5e6cd/s2/86d75030-f160-4ccc-af34-a5bb6eb0946f/current/raft-meta.conf.tmp to /home/runner/work/ratis/ratis/ratis-examples/target/test/data/da5193cb/MiniRaftClusterWithGrpca0a5e6cd/s2/86d75030-f160-4ccc-af34-a5bb6eb0946f/current/raft-meta.conf with options [REPLACE_EXISTING]
2024-12-14 12:24:56,238 TRACE util.FileUtils (LogUtils.java:supplyAndLog(69)) - Successfully supplied FileChannel.open /home/runner/work/ratis/ratis/ratis-examples/target/test/data/da5193cb/MiniRaftClusterWithGrpca0a5e6cd/s2/86d75030-f160-4ccc-af34-a5bb6eb0946f/current/raft-meta.conf.tmp with options [CREATE, WRITE]: sun.nio.ch.FileChannelImpl@61b10297
2024-12-14 12:24:56,237 TRACE util.FileUtils (LogUtils.java:runAndLog(49)) - Successfully ran Atomic Files.move /home/runner/work/ratis/ratis/ratis-examples/target/test/data/da5193cb/MiniRaftClusterWithGrpca0a5e6cd/s12/86d75030-f160-4ccc-af34-a5bb6eb0946f/current/raft-meta.conf.tmp to /home/runner/work/ratis/ratis/ratis-examples/target/test/data/da5193cb/MiniRaftClusterWithGrpca0a5e6cd/s12/86d75030-f160-4ccc-af34-a5bb6eb0946f/current/raft-meta.conf with options [REPLACE_EXISTING]
2024-12-14 12:24:56,239 TRACE util.FileUtils (LogUtils.java:runAndLog(49)) - Successfully ran Atomic Files.move /home/runner/work/ratis/ratis/ratis-examples/target/test/data/da5193cb/MiniRaftClusterWithGrpca0a5e6cd/s0/86d75030-f160-4ccc-af34-a5bb6eb0946f/current/raft-meta.conf.tmp to /home/runner/work/ratis/ratis/ratis-examples/target/test/data/da5193cb/MiniRaftClusterWithGrpca0a5e6cd/s0/86d75030-f160-4ccc-af34-a5bb6eb0946f/current/raft-meta.conf with options [REPLACE_EXISTING]
2024-12-14 12:24:56,242 TRACE util.FileUtils (LogUtils.java:runAndLog(49)) - Successfully ran Atomic Files.move /home/runner/work/ratis/ratis/ratis-examples/target/test/data/da5193cb/MiniRaftClusterWithGrpca0a5e6cd/s2/86d75030-f160-4ccc-af34-a5bb6eb0946f/current/raft-meta.conf.tmp to /home/runner/work/ratis/ratis/ratis-examples/target/test/data/da5193cb/MiniRaftClusterWithGrpca0a5e6cd/s2/86d75030-f160-4ccc-af34-a5bb6eb0946f/current/raft-meta.conf with options [REPLACE_EXISTING]
2024-12-14 12:24:56,242 TRACE util.FileUtils (LogUtils.java:supplyAndLog(69)) - Successfully supplied FileChannel.open /home/runner/work/ratis/ratis/ratis-examples/target/test/data/da5193cb/MiniRaftClusterWithGrpca0a5e6cd/s2/86d75030-f160-4ccc-af34-a5bb6eb0946f/current/raft-meta.conf.tmp with options [CREATE, WRITE]: sun.nio.ch.FileChannelImpl@195983d
2024-12-14 12:24:56,246 TRACE util.FileUtils (LogUtils.java:runAndLog(49)) - Successfully ran Atomic Files.move /home/runner/work/ratis/ratis/ratis-examples/target/test/data/da5193cb/MiniRaftClusterWithGrpca0a5e6cd/s7/86d75030-f160-4ccc-af34-a5bb6eb0946f/current/raft-meta.conf.tmp to /home/runner/work/ratis/ratis/ratis-examples/target/test/data/da5193cb/MiniRaftClusterWithGrpca0a5e6cd/s7/86d75030-f160-4ccc-af34-a5bb6eb0946f/current/raft-meta.conf with options [REPLACE_EXISTING]
2024-12-14 12:24:56,247 INFO  statemachine.StateMachine (ArithmeticStateMachine.java:applyTransaction(181)) - LEADER:s5-133: a = 103 = 103
2024-12-14 12:24:56,249 TRACE util.FileUtils (LogUtils.java:runAndLog(49)) - Successfully ran Atomic Files.move /home/runner/work/ratis/ratis/ratis-examples/target/test/data/da5193cb/MiniRaftClusterWithGrpca0a5e6cd/s2/86d75030-f160-4ccc-af34-a5bb6eb0946f/current/raft-meta.conf.tmp to /home/runner/work/ratis/ratis/ratis-examples/target/test/data/da5193cb/MiniRaftClusterWithGrpca0a5e6cd/s2/86d75030-f160-4ccc-af34-a5bb6eb0946f/current/raft-meta.conf with options [REPLACE_EXISTING]
2024-12-14 12:24:56,249 TRACE util.FileUtils (LogUtils.java:supplyAndLog(69)) - Successfully supplied FileChannel.open /home/runner/work/ratis/ratis/ratis-examples/target/test/data/da5193cb/MiniRaftClusterWithGrpca0a5e6cd/s2/86d75030-f160-4ccc-af34-a5bb6eb0946f/current/raft-meta.conf.tmp with options [CREATE, WRITE]: sun.nio.ch.FileChannelImpl@1921eceb
2024-12-14 12:24:56,239 TRACE util.FileUtils (LogUtils.java:runAndLog(49)) - Successfully ran Atomic Files.move /home/runner/work/ratis/ratis/ratis-examples/target/test/data/da5193cb/MiniRaftClusterWithGrpca0a5e6cd/s9/86d75030-f160-4ccc-af34-a5bb6eb0946f/current/raft-meta.conf.tmp to /home/runner/work/ratis/ratis/ratis-examples/target/test/data/da5193cb/MiniRaftClusterWithGrpca0a5e6cd/s9/86d75030-f160-4ccc-af34-a5bb6eb0946f/current/raft-meta.conf with options [REPLACE_EXISTING]
2024-12-14 12:24:56,239 TRACE util.FileUtils (LogUtils.java:supplyAndLog(69)) - Successfully supplied FileChannel.open /home/runner/work/ratis/ratis/ratis-examples/target/test/data/da5193cb/MiniRaftClusterWithGrpca0a5e6cd/s14/86d75030-f160-4ccc-af34-a5bb6eb0946f/current/raft-meta.conf.tmp with options [CREATE, WRITE]: sun.nio.ch.FileChannelImpl@53b84c35
2024-12-14 12:24:56,238 TRACE util.FileUtils (LogUtils.java:runAndLog(49)) - Successfully ran Atomic Files.move /home/runner/work/ratis/ratis/ratis-examples/target/test/data/da5193cb/MiniRaftClusterWithGrpca0a5e6cd/s3/86d75030-f160-4ccc-af34-a5bb6eb0946f/current/raft-meta.conf.tmp to /home/runner/work/ratis/ratis/ratis-examples/target/test/data/da5193cb/MiniRaftClusterWithGrpca0a5e6cd/s3/86d75030-f160-4ccc-af34-a5bb6eb0946f/current/raft-meta.conf with options [REPLACE_EXISTING]
2024-12-14 12:24:56,254 TRACE util.FileUtils (LogUtils.java:runAndLog(49)) - Successfully ran Atomic Files.move /home/runner/work/ratis/ratis/ratis-examples/target/test/data/da5193cb/MiniRaftClusterWithGrpca0a5e6cd/s14/86d75030-f160-4ccc-af34-a5bb6eb0946f/current/raft-meta.conf.tmp to /home/runner/work/ratis/ratis/ratis-examples/target/test/data/da5193cb/MiniRaftClusterWithGrpca0a5e6cd/s14/86d75030-f160-4ccc-af34-a5bb6eb0946f/current/raft-meta.conf with options [REPLACE_EXISTING]
2024-12-14 12:24:56,255 TRACE util.FileUtils (LogUtils.java:supplyAndLog(69)) - Successfully supplied FileChannel.open /home/runner/work/ratis/ratis/ratis-examples/target/test/data/da5193cb/MiniRaftClusterWithGrpca0a5e6cd/s14/86d75030-f160-4ccc-af34-a5bb6eb0946f/current/raft-meta.conf.tmp with options [CREATE, WRITE]: sun.nio.ch.FileChannelImpl@6a185272
2024-12-14 12:24:56,260 TRACE util.FileUtils (LogUtils.java:runAndLog(49)) - Successfully ran Atomic Files.move /home/runner/work/ratis/ratis/ratis-examples/target/test/data/da5193cb/MiniRaftClusterWithGrpca0a5e6cd/s2/86d75030-f160-4ccc-af34-a5bb6eb0946f/current/raft-meta.conf.tmp to /home/runner/work/ratis/ratis/ratis-examples/target/test/data/da5193cb/MiniRaftClusterWithGrpca0a5e6cd/s2/86d75030-f160-4ccc-af34-a5bb6eb0946f/current/raft-meta.conf with options [REPLACE_EXISTING]
2024-12-14 12:24:56,261 TRACE util.FileUtils (LogUtils.java:runAndLog(49)) - Successfully ran Atomic Files.move /home/runner/work/ratis/ratis/ratis-examples/target/test/data/da5193cb/MiniRaftClusterWithGrpca0a5e6cd/s14/86d75030-f160-4ccc-af34-a5bb6eb0946f/current/raft-meta.conf.tmp to /home/runner/work/ratis/ratis/ratis-examples/target/test/data/da5193cb/MiniRaftClusterWithGrpca0a5e6cd/s14/86d75030-f160-4ccc-af34-a5bb6eb0946f/current/raft-meta.conf with options [REPLACE_EXISTING]
2024-12-14 12:24:56,261 TRACE util.FileUtils (LogUtils.java:supplyAndLog(69)) - Successfully supplied FileChannel.open /home/runner/work/ratis/ratis/ratis-examples/target/test/data/da5193cb/MiniRaftClusterWithGrpca0a5e6cd/s14/86d75030-f160-4ccc-af34-a5bb6eb0946f/current/raft-meta.conf.tmp with options [CREATE, WRITE]: sun.nio.ch.FileChannelImpl@2bc32f68
2024-12-14 12:24:56,261 INFO  statemachine.StateMachine (ArithmeticStateMachine.java:applyTransaction(181)) - LEADER:s5-135: b = 5304 = 5304
2024-12-14 12:24:56,266 TRACE util.FileUtils (LogUtils.java:runAndLog(49)) - Successfully ran Atomic Files.move /home/runner/work/ratis/ratis/ratis-examples/target/test/data/da5193cb/MiniRaftClusterWithGrpca0a5e6cd/s14/86d75030-f160-4ccc-af34-a5bb6eb0946f/current/raft-meta.conf.tmp to /home/runner/work/ratis/ratis/ratis-examples/target/test/data/da5193cb/MiniRaftClusterWithGrpca0a5e6cd/s14/86d75030-f160-4ccc-af34-a5bb6eb0946f/current/raft-meta.conf with options [REPLACE_EXISTING]
2024-12-14 12:24:56,278 INFO  statemachine.StateMachine (ArithmeticStateMachine.java:applyTransaction(181)) - LEADER:s5-137: c = √(a^2 + b^2) = 5305
2024-12-14 12:24:56,296 INFO  statemachine.StateMachine (ArithmeticStateMachine.java:applyTransaction(181)) - LEADER:s5-139: a = null = null
2024-12-14 12:24:56,311 INFO  statemachine.StateMachine (ArithmeticStateMachine.java:applyTransaction(181)) - LEADER:s5-141: b = null = null
2024-12-14 12:24:56,323 INFO  statemachine.StateMachine (ArithmeticStateMachine.java:applyTransaction(181)) - LEADER:s5-143: c = null = null
2024-12-14 12:24:56,335 INFO  statemachine.StateMachine (ArithmeticStateMachine.java:applyTransaction(181)) - LEADER:s5-145: a = 105 = 105
2024-12-14 12:24:56,347 INFO  statemachine.StateMachine (ArithmeticStateMachine.java:applyTransaction(181)) - LEADER:s5-147: b = 5512 = 5512
2024-12-14 12:24:56,361 INFO  statemachine.StateMachine (ArithmeticStateMachine.java:applyTransaction(181)) - LEADER:s5-149: c = √(a^2 + b^2) = 5513
2024-12-14 12:24:56,375 INFO  statemachine.StateMachine (ArithmeticStateMachine.java:applyTransaction(181)) - LEADER:s5-151: a = null = null
2024-12-14 12:24:56,389 INFO  statemachine.StateMachine (ArithmeticStateMachine.java:applyTransaction(181)) - LEADER:s5-153: b = null = null
2024-12-14 12:24:56,401 INFO  statemachine.StateMachine (ArithmeticStateMachine.java:applyTransaction(181)) - LEADER:s5-155: c = null = null
2024-12-14 12:24:56,415 INFO  statemachine.StateMachine (ArithmeticStateMachine.java:applyTransaction(181)) - LEADER:s5-157: a = 107 = 107
2024-12-14 12:24:56,429 INFO  statemachine.StateMachine (ArithmeticStateMachine.java:applyTransaction(181)) - LEADER:s5-159: b = 5724 = 5724
2024-12-14 12:24:56,444 INFO  statemachine.StateMachine (ArithmeticStateMachine.java:applyTransaction(181)) - LEADER:s5-161: c = √(a^2 + b^2) = 5725
2024-12-14 12:24:56,457 INFO  statemachine.StateMachine (ArithmeticStateMachine.java:applyTransaction(181)) - LEADER:s5-163: a = null = null
2024-12-14 12:24:56,471 INFO  statemachine.StateMachine (ArithmeticStateMachine.java:applyTransaction(181)) - LEADER:s5-165: b = null = null
2024-12-14 12:24:56,484 INFO  statemachine.StateMachine (ArithmeticStateMachine.java:applyTransaction(181)) - LEADER:s5-167: c = null = null
2024-12-14 12:24:56,496 INFO  statemachine.StateMachine (ArithmeticStateMachine.java:applyTransaction(181)) - LEADER:s5-169: a = 109 = 109
2024-12-14 12:24:56,508 INFO  statemachine.StateMachine (ArithmeticStateMachine.java:applyTransaction(181)) - LEADER:s5-171: b = 5940 = 5940
2024-12-14 12:24:56,520 INFO  statemachine.StateMachine (ArithmeticStateMachine.java:applyTransaction(181)) - LEADER:s5-173: c = √(a^2 + b^2) = 5941
2024-12-14 12:24:56,532 INFO  statemachine.StateMachine (ArithmeticStateMachine.java:applyTransaction(181)) - LEADER:s5-175: a = null = null
2024-12-14 12:24:56,541 INFO  statemachine.StateMachine (ArithmeticStateMachine.java:applyTransaction(181)) - LEADER:s5-177: b = null = null
2024-12-14 12:24:56,551 INFO  statemachine.StateMachine (ArithmeticStateMachine.java:applyTransaction(181)) - LEADER:s5-179: c = null = null
2024-12-14 12:24:56,561 INFO  statemachine.StateMachine (ArithmeticStateMachine.java:applyTransaction(181)) - LEADER:s5-181: a = 111 = 111
2024-12-14 12:24:56,572 INFO  statemachine.StateMachine (ArithmeticStateMachine.java:applyTransaction(181)) - LEADER:s5-183: b = 6160 = 6160
2024-12-14 12:24:56,585 INFO  statemachine.StateMachine (ArithmeticStateMachine.java:applyTransaction(181)) - LEADER:s5-185: c = √(a^2 + b^2) = 6161
2024-12-14 12:24:56,598 INFO  statemachine.StateMachine (ArithmeticStateMachine.java:applyTransaction(181)) - LEADER:s5-187: a = null = null
2024-12-14 12:24:56,610 INFO  statemachine.StateMachine (ArithmeticStateMachine.java:applyTransaction(181)) - LEADER:s5-189: b = null = null
2024-12-14 12:24:56,621 INFO  statemachine.StateMachine (ArithmeticStateMachine.java:applyTransaction(181)) - LEADER:s5-191: c = null = null
2024-12-14 12:24:56,633 INFO  statemachine.StateMachine (ArithmeticStateMachine.java:applyTransaction(181)) - LEADER:s5-193: a = 113 = 113
2024-12-14 12:24:56,644 INFO  statemachine.StateMachine (ArithmeticStateMachine.java:applyTransaction(181)) - LEADER:s5-195: b = 6384 = 6384
2024-12-14 12:24:56,656 INFO  statemachine.StateMachine (ArithmeticStateMachine.java:applyTransaction(181)) - LEADER:s5-197: c = √(a^2 + b^2) = 6385
2024-12-14 12:24:56,668 INFO  statemachine.StateMachine (ArithmeticStateMachine.java:applyTransaction(181)) - LEADER:s5-199: a = null = null
2024-12-14 12:24:56,680 INFO  statemachine.StateMachine (ArithmeticStateMachine.java:applyTransaction(181)) - LEADER:s5-201: b = null = null
2024-12-14 12:24:56,693 INFO  statemachine.StateMachine (ArithmeticStateMachine.java:applyTransaction(181)) - LEADER:s5-203: c = null = null
2024-12-14 12:24:56,703 INFO  statemachine.StateMachine (ArithmeticStateMachine.java:applyTransaction(181)) - LEADER:s5-205: a = 115 = 115
2024-12-14 12:24:56,715 INFO  statemachine.StateMachine (ArithmeticStateMachine.java:applyTransaction(181)) - LEADER:s5-207: b = 6612 = 6612
2024-12-14 12:24:56,729 INFO  statemachine.StateMachine (ArithmeticStateMachine.java:applyTransaction(181)) - LEADER:s5-209: c = √(a^2 + b^2) = 6613
2024-12-14 12:24:56,742 INFO  statemachine.StateMachine (ArithmeticStateMachine.java:applyTransaction(181)) - LEADER:s5-211: a = null = null
2024-12-14 12:24:56,753 INFO  statemachine.StateMachine (ArithmeticStateMachine.java:applyTransaction(181)) - LEADER:s5-213: b = null = null
2024-12-14 12:24:56,767 INFO  statemachine.StateMachine (ArithmeticStateMachine.java:applyTransaction(181)) - LEADER:s5-215: c = null = null
2024-12-14 12:24:56,781 INFO  statemachine.StateMachine (ArithmeticStateMachine.java:applyTransaction(181)) - LEADER:s5-217: a = 117 = 117
2024-12-14 12:24:56,793 INFO  statemachine.StateMachine (ArithmeticStateMachine.java:applyTransaction(181)) - LEADER:s5-219: b = 6844 = 6844
2024-12-14 12:24:56,807 INFO  statemachine.StateMachine (ArithmeticStateMachine.java:applyTransaction(181)) - LEADER:s5-221: c = √(a^2 + b^2) = 6845
2024-12-14 12:24:56,817 INFO  statemachine.StateMachine (ArithmeticStateMachine.java:applyTransaction(181)) - LEADER:s5-223: a = null = null
2024-12-14 12:24:56,829 INFO  statemachine.StateMachine (ArithmeticStateMachine.java:applyTransaction(181)) - LEADER:s5-225: b = null = null
2024-12-14 12:24:56,864 INFO  statemachine.StateMachine (ArithmeticStateMachine.java:applyTransaction(181)) - LEADER:s5-227: c = null = null
2024-12-14 12:24:56,872 INFO  statemachine.StateMachine (ArithmeticStateMachine.java:applyTransaction(181)) - LEADER:s5-229: a = 119 = 119
2024-12-14 12:24:56,883 INFO  statemachine.StateMachine (ArithmeticStateMachine.java:applyTransaction(181)) - LEADER:s5-231: b = 7080 = 7080
2024-12-14 12:24:56,893 INFO  statemachine.StateMachine (ArithmeticStateMachine.java:applyTransaction(181)) - LEADER:s5-233: c = √(a^2 + b^2) = 7081
2024-12-14 12:24:56,904 INFO  statemachine.StateMachine (ArithmeticStateMachine.java:applyTransaction(181)) - LEADER:s5-235: a = null = null
2024-12-14 12:24:56,912 INFO  statemachine.StateMachine (ArithmeticStateMachine.java:applyTransaction(181)) - LEADER:s5-237: b = null = null
2024-12-14 12:24:56,921 INFO  statemachine.StateMachine (ArithmeticStateMachine.java:applyTransaction(181)) - LEADER:s5-239: c = null = null
2024-12-14 12:24:56,935 INFO  statemachine.StateMachine (ArithmeticStateMachine.java:applyTransaction(181)) - LEADER:s5-241: a = 121 = 121
2024-12-14 12:24:56,949 INFO  statemachine.StateMachine (ArithmeticStateMachine.java:applyTransaction(181)) - LEADER:s5-243: b = 7320 = 7320
2024-12-14 12:24:56,963 INFO  statemachine.StateMachine (ArithmeticStateMachine.java:applyTransaction(181)) - LEADER:s5-245: c = √(a^2 + b^2) = 7321
2024-12-14 12:24:56,976 INFO  statemachine.StateMachine (ArithmeticStateMachine.java:applyTransaction(181)) - LEADER:s5-247: a = null = null
2024-12-14 12:24:56,988 INFO  statemachine.StateMachine (ArithmeticStateMachine.java:applyTransaction(181)) - LEADER:s5-249: b = null = null
2024-12-14 12:24:57,002 INFO  statemachine.StateMachine (ArithmeticStateMachine.java:applyTransaction(181)) - LEADER:s5-251: c = null = null
2024-12-14 12:24:57,013 INFO  impl.GroupManagementBaseTest (GroupManagementBaseTest.java:runMultiGroupTest(338)) - update groups: printing ALL groups
  s3:  RUNNING [
   FOLLOWER s3@group-A5BB6EB0946F:t1, leader=s5, voted=null, raftlog=Memoized:s3@group-A5BB6EB0946F-SegmentedRaftLog:OPENED:c251:last(t:1, i:252), conf=conf: {index: 131, cur=peers:[s3|0.0.0.0:15003, s4|0.0.0.0:15004, s5|0.0.0.0:15005, s6|0.0.0.0:15006, s7|0.0.0.0:15007, s8|0.0.0.0:15008, s9|0.0.0.0:15009, s11|0.0.0.0:15011, s10|0.0.0.0:15010, s13|0.0.0.0:15013, s12|0.0.0.0:15012, s14|0.0.0.0:15014, s0|0.0.0.0:15000, s1|0.0.0.0:15001, s2|0.0.0.0:15002]|listeners:[], old=null} RUNNING
   FOLLOWER s3@group-40388BE3F4D5:t0, leader=null, voted=, raftlog=Memoized:s3@group-40388BE3F4D5-SegmentedRaftLog:OPENED:c-1:lastnull, conf=conf: {index: -1, cur=peers:[]|listeners:[], old=null} STARTING] size=2
  s4:  RUNNING [
   FOLLOWER s4@group-A5BB6EB0946F:t1, leader=s5, voted=s5, raftlog=Memoized:s4@group-A5BB6EB0946F-SegmentedRaftLog:OPENED:c251:last(t:1, i:252), conf=conf: {index: 131, cur=peers:[s3|0.0.0.0:15003, s4|0.0.0.0:15004, s5|0.0.0.0:15005, s6|0.0.0.0:15006, s7|0.0.0.0:15007, s8|0.0.0.0:15008, s9|0.0.0.0:15009, s11|0.0.0.0:15011, s10|0.0.0.0:15010, s13|0.0.0.0:15013, s12|0.0.0.0:15012, s14|0.0.0.0:15014, s0|0.0.0.0:15000, s1|0.0.0.0:15001, s2|0.0.0.0:15002]|listeners:[], old=null} RUNNING
   FOLLOWER s4@group-40388BE3F4D5:t0, leader=null, voted=, raftlog=Memoized:s4@group-40388BE3F4D5-SegmentedRaftLog:OPENED:c-1:lastnull, conf=conf: {index: -1, cur=peers:[]|listeners:[], old=null} STARTING] size=2
  s5:  RUNNING [
     LEADER s5@group-A5BB6EB0946F:t1, leader=s5, voted=s5, raftlog=Memoized:s5@group-A5BB6EB0946F-SegmentedRaftLog:OPENED:c252:last(t:1, i:252), conf=conf: {index: 131, cur=peers:[s3|0.0.0.0:15003, s4|0.0.0.0:15004, s5|0.0.0.0:15005, s6|0.0.0.0:15006, s7|0.0.0.0:15007, s8|0.0.0.0:15008, s9|0.0.0.0:15009, s11|0.0.0.0:15011, s10|0.0.0.0:15010, s13|0.0.0.0:15013, s12|0.0.0.0:15012, s14|0.0.0.0:15014, s0|0.0.0.0:15000, s1|0.0.0.0:15001, s2|0.0.0.0:15002]|listeners:[], old=null} RUNNING
   FOLLOWER s5@group-40388BE3F4D5:t0, leader=null, voted=, raftlog=Memoized:s5@group-40388BE3F4D5-SegmentedRaftLog:OPENED:c-1:lastnull, conf=conf: {index: -1, cur=peers:[]|listeners:[], old=null} STARTING] size=2
  s6:  RUNNING [
   FOLLOWER s6@group-A5BB6EB0946F:t1, leader=s5, voted=s5, raftlog=Memoized:s6@group-A5BB6EB0946F-SegmentedRaftLog:OPENED:c251:last(t:1, i:252), conf=conf: {index: 131, cur=peers:[s3|0.0.0.0:15003, s4|0.0.0.0:15004, s5|0.0.0.0:15005, s6|0.0.0.0:15006, s7|0.0.0.0:15007, s8|0.0.0.0:15008, s9|0.0.0.0:15009, s11|0.0.0.0:15011, s10|0.0.0.0:15010, s13|0.0.0.0:15013, s12|0.0.0.0:15012, s14|0.0.0.0:15014, s0|0.0.0.0:15000, s1|0.0.0.0:15001, s2|0.0.0.0:15002]|listeners:[], old=null} RUNNING
   FOLLOWER s6@group-40388BE3F4D5:t0, leader=null, voted=, raftlog=Memoized:s6@group-40388BE3F4D5-SegmentedRaftLog:OPENED:c-1:lastnull, conf=conf: {index: -1, cur=peers:[]|listeners:[], old=null} STARTING] size=2
  s7:  RUNNING [
   FOLLOWER s7@group-A5BB6EB0946F:t1, leader=s5, voted=null, raftlog=Memoized:s7@group-A5BB6EB0946F-SegmentedRaftLog:OPENED:c251:last(t:1, i:252), conf=conf: {index: 131, cur=peers:[s3|0.0.0.0:15003, s4|0.0.0.0:15004, s5|0.0.0.0:15005, s6|0.0.0.0:15006, s7|0.0.0.0:15007, s8|0.0.0.0:15008, s9|0.0.0.0:15009, s11|0.0.0.0:15011, s10|0.0.0.0:15010, s13|0.0.0.0:15013, s12|0.0.0.0:15012, s14|0.0.0.0:15014, s0|0.0.0.0:15000, s1|0.0.0.0:15001, s2|0.0.0.0:15002]|listeners:[], old=null} RUNNING
   FOLLOWER s7@group-40388BE3F4D5:t0, leader=null, voted=, raftlog=Memoized:s7@group-40388BE3F4D5-SegmentedRaftLog:OPENED:c-1:lastnull, conf=conf: {index: -1, cur=peers:[]|listeners:[], old=null} STARTING] size=2
  s8:  RUNNING [
   FOLLOWER s8@group-A5BB6EB0946F:t1, leader=s5, voted=null, raftlog=Memoized:s8@group-A5BB6EB0946F-SegmentedRaftLog:OPENED:c251:last(t:1, i:252), conf=conf: {index: 131, cur=peers:[s3|0.0.0.0:15003, s4|0.0.0.0:15004, s5|0.0.0.0:15005, s6|0.0.0.0:15006, s7|0.0.0.0:15007, s8|0.0.0.0:15008, s9|0.0.0.0:15009, s11|0.0.0.0:15011, s10|0.0.0.0:15010, s13|0.0.0.0:15013, s12|0.0.0.0:15012, s14|0.0.0.0:15014, s0|0.0.0.0:15000, s1|0.0.0.0:15001, s2|0.0.0.0:15002]|listeners:[], old=null} RUNNING
   FOLLOWER s8@group-40388BE3F4D5:t0, leader=null, voted=, raftlog=Memoized:s8@group-40388BE3F4D5-SegmentedRaftLog:OPENED:c-1:lastnull, conf=conf: {index: -1, cur=peers:[]|listeners:[], old=null} STARTING] size=2
  s9:  RUNNING [
   FOLLOWER s9@group-A5BB6EB0946F:t1, leader=s5, voted=null, raftlog=Memoized:s9@group-A5BB6EB0946F-SegmentedRaftLog:OPENED:c251:last(t:1, i:252), conf=conf: {index: 131, cur=peers:[s3|0.0.0.0:15003, s4|0.0.0.0:15004, s5|0.0.0.0:15005, s6|0.0.0.0:15006, s7|0.0.0.0:15007, s8|0.0.0.0:15008, s9|0.0.0.0:15009, s11|0.0.0.0:15011, s10|0.0.0.0:15010, s13|0.0.0.0:15013, s12|0.0.0.0:15012, s14|0.0.0.0:15014, s0|0.0.0.0:15000, s1|0.0.0.0:15001, s2|0.0.0.0:15002]|listeners:[], old=null} RUNNING
   FOLLOWER s9@group-40388BE3F4D5:t0, leader=null, voted=, raftlog=Memoized:s9@group-40388BE3F4D5-SegmentedRaftLog:OPENED:c-1:lastnull, conf=conf: {index: -1, cur=peers:[]|listeners:[], old=null} STARTING] size=2
  s11:  RUNNING [
   FOLLOWER s11@group-A5BB6EB0946F:t1, leader=s5, voted=null, raftlog=Memoized:s11@group-A5BB6EB0946F-SegmentedRaftLog:OPENED:c251:last(t:1, i:252), conf=conf: {index: 131, cur=peers:[s3|0.0.0.0:15003, s4|0.0.0.0:15004, s5|0.0.0.0:15005, s6|0.0.0.0:15006, s7|0.0.0.0:15007, s8|0.0.0.0:15008, s9|0.0.0.0:15009, s11|0.0.0.0:15011, s10|0.0.0.0:15010, s13|0.0.0.0:15013, s12|0.0.0.0:15012, s14|0.0.0.0:15014, s0|0.0.0.0:15000, s1|0.0.0.0:15001, s2|0.0.0.0:15002]|listeners:[], old=null} RUNNING
   FOLLOWER s11@group-40388BE3F4D5:t0, leader=null, voted=, raftlog=Memoized:s11@group-40388BE3F4D5-SegmentedRaftLog:OPENED:c-1:lastnull, conf=conf: {index: -1, cur=peers:[]|listeners:[], old=null} STARTING] size=2
  s10:  RUNNING [
   FOLLOWER s10@group-A5BB6EB0946F:t1, leader=s5, voted=null, raftlog=Memoized:s10@group-A5BB6EB0946F-SegmentedRaftLog:OPENED:c251:last(t:1, i:252), conf=conf: {index: 131, cur=peers:[s3|0.0.0.0:15003, s4|0.0.0.0:15004, s5|0.0.0.0:15005, s6|0.0.0.0:15006, s7|0.0.0.0:15007, s8|0.0.0.0:15008, s9|0.0.0.0:15009, s11|0.0.0.0:15011, s10|0.0.0.0:15010, s13|0.0.0.0:15013, s12|0.0.0.0:15012, s14|0.0.0.0:15014, s0|0.0.0.0:15000, s1|0.0.0.0:15001, s2|0.0.0.0:15002]|listeners:[], old=null} RUNNING
   FOLLOWER s10@group-40388BE3F4D5:t0, leader=null, voted=, raftlog=Memoized:s10@group-40388BE3F4D5-SegmentedRaftLog:OPENED:c-1:lastnull, conf=conf: {index: -1, cur=peers:[]|listeners:[], old=null} STARTING] size=2
  s13:  RUNNING [
   FOLLOWER s13@group-A5BB6EB0946F:t1, leader=s5, voted=null, raftlog=Memoized:s13@group-A5BB6EB0946F-SegmentedRaftLog:OPENED:c251:last(t:1, i:252), conf=conf: {index: 131, cur=peers:[s3|0.0.0.0:15003, s4|0.0.0.0:15004, s5|0.0.0.0:15005, s6|0.0.0.0:15006, s7|0.0.0.0:15007, s8|0.0.0.0:15008, s9|0.0.0.0:15009, s11|0.0.0.0:15011, s10|0.0.0.0:15010, s13|0.0.0.0:15013, s12|0.0.0.0:15012, s14|0.0.0.0:15014, s0|0.0.0.0:15000, s1|0.0.0.0:15001, s2|0.0.0.0:15002]|listeners:[], old=null} RUNNING
   FOLLOWER s13@group-40388BE3F4D5:t0, leader=null, voted=, raftlog=Memoized:s13@group-40388BE3F4D5-SegmentedRaftLog:OPENED:c-1:lastnull, conf=conf: {index: -1, cur=peers:[]|listeners:[], old=null} STARTING] size=2
  s12:  RUNNING [
   FOLLOWER s12@group-A5BB6EB0946F:t1, leader=s5, voted=null, raftlog=Memoized:s12@group-A5BB6EB0946F-SegmentedRaftLog:OPENED:c251:last(t:1, i:252), conf=conf: {index: 131, cur=peers:[s3|0.0.0.0:15003, s4|0.0.0.0:15004, s5|0.0.0.0:15005, s6|0.0.0.0:15006, s7|0.0.0.0:15007, s8|0.0.0.0:15008, s9|0.0.0.0:15009, s11|0.0.0.0:15011, s10|0.0.0.0:15010, s13|0.0.0.0:15013, s12|0.0.0.0:15012, s14|0.0.0.0:15014, s0|0.0.0.0:15000, s1|0.0.0.0:15001, s2|0.0.0.0:15002]|listeners:[], old=null} RUNNING
   FOLLOWER s12@group-40388BE3F4D5:t0, leader=null, voted=, raftlog=Memoized:s12@group-40388BE3F4D5-SegmentedRaftLog:OPENED:c-1:lastnull, conf=conf: {index: -1, cur=peers:[]|listeners:[], old=null} STARTING] size=2
  s14:  RUNNING [
   FOLLOWER s14@group-A5BB6EB0946F:t1, leader=s5, voted=null, raftlog=Memoized:s14@group-A5BB6EB0946F-SegmentedRaftLog:OPENED:c251:last(t:1, i:252), conf=conf: {index: 131, cur=peers:[s3|0.0.0.0:15003, s4|0.0.0.0:15004, s5|0.0.0.0:15005, s6|0.0.0.0:15006, s7|0.0.0.0:15007, s8|0.0.0.0:15008, s9|0.0.0.0:15009, s11|0.0.0.0:15011, s10|0.0.0.0:15010, s13|0.0.0.0:15013, s12|0.0.0.0:15012, s14|0.0.0.0:15014, s0|0.0.0.0:15000, s1|0.0.0.0:15001, s2|0.0.0.0:15002]|listeners:[], old=null} RUNNING
   FOLLOWER s14@group-40388BE3F4D5:t0, leader=null, voted=, raftlog=Memoized:s14@group-40388BE3F4D5-SegmentedRaftLog:OPENED:c-1:lastnull, conf=conf: {index: -1, cur=peers:[]|listeners:[], old=null} STARTING] size=2
  s0:  RUNNING [
   FOLLOWER s0@group-A5BB6EB0946F:t1, leader=s5, voted=null, raftlog=Memoized:s0@group-A5BB6EB0946F-SegmentedRaftLog:OPENED:c251:last(t:1, i:252), conf=conf: {index: 131, cur=peers:[s3|0.0.0.0:15003, s4|0.0.0.0:15004, s5|0.0.0.0:15005, s6|0.0.0.0:15006, s7|0.0.0.0:15007, s8|0.0.0.0:15008, s9|0.0.0.0:15009, s11|0.0.0.0:15011, s10|0.0.0.0:15010, s13|0.0.0.0:15013, s12|0.0.0.0:15012, s14|0.0.0.0:15014, s0|0.0.0.0:15000, s1|0.0.0.0:15001, s2|0.0.0.0:15002]|listeners:[], old=null} RUNNING
   FOLLOWER s0@group-40388BE3F4D5:t0, leader=null, voted=, raftlog=Memoized:s0@group-40388BE3F4D5-SegmentedRaftLog:OPENED:c-1:lastnull, conf=conf: {index: -1, cur=peers:[]|listeners:[], old=null} STARTING] size=2
  s1:  RUNNING [
   FOLLOWER s1@group-A5BB6EB0946F:t1, leader=s5, voted=null, raftlog=Memoized:s1@group-A5BB6EB0946F-SegmentedRaftLog:OPENED:c251:last(t:1, i:252), conf=conf: {index: 131, cur=peers:[s3|0.0.0.0:15003, s4|0.0.0.0:15004, s5|0.0.0.0:15005, s6|0.0.0.0:15006, s7|0.0.0.0:15007, s8|0.0.0.0:15008, s9|0.0.0.0:15009, s11|0.0.0.0:15011, s10|0.0.0.0:15010, s13|0.0.0.0:15013, s12|0.0.0.0:15012, s14|0.0.0.0:15014, s0|0.0.0.0:15000, s1|0.0.0.0:15001, s2|0.0.0.0:15002]|listeners:[], old=null} RUNNING
   FOLLOWER s1@group-40388BE3F4D5:t0, leader=null, voted=, raftlog=Memoized:s1@group-40388BE3F4D5-SegmentedRaftLog:OPENED:c-1:lastnull, conf=conf: {index: -1, cur=peers:[]|listeners:[], old=null} STARTING] size=2
  s2:  RUNNING [
   FOLLOWER s2@group-A5BB6EB0946F:t1, leader=s5, voted=null, raftlog=Memoized:s2@group-A5BB6EB0946F-SegmentedRaftLog:OPENED:c251:last(t:1, i:252), conf=conf: {index: 131, cur=peers:[s3|0.0.0.0:15003, s4|0.0.0.0:15004, s5|0.0.0.0:15005, s6|0.0.0.0:15006, s7|0.0.0.0:15007, s8|0.0.0.0:15008, s9|0.0.0.0:15009, s11|0.0.0.0:15011, s10|0.0.0.0:15010, s13|0.0.0.0:15013, s12|0.0.0.0:15012, s14|0.0.0.0:15014, s0|0.0.0.0:15000, s1|0.0.0.0:15001, s2|0.0.0.0:15002]|listeners:[], old=null} RUNNING
   FOLLOWER s2@group-40388BE3F4D5:t0, leader=null, voted=, raftlog=Memoized:s2@group-40388BE3F4D5-SegmentedRaftLog:OPENED:c-1:lastnull, conf=conf: {index: -1, cur=peers:[]|listeners:[], old=null} STARTING] size=2
| MiniRaftClusterWithGrpc[3, 6, 9, 12, 15]chosen=3 | update groups | 262 |
2024-12-14 12:24:57,013 INFO  impl.MiniRaftCluster (MiniRaftCluster.java:shutdown(847)) - ************************************************************** 
2024-12-14 12:24:57,013 INFO  impl.MiniRaftCluster (MiniRaftCluster.java:shutdown(848)) - *** 
2024-12-14 12:24:57,013 INFO  impl.MiniRaftCluster (MiniRaftCluster.java:shutdown(849)) - ***     Stopping MiniRaftClusterWithGrpc
2024-12-14 12:24:57,014 INFO  impl.MiniRaftCluster (MiniRaftCluster.java:shutdown(850)) - *** 
2024-12-14 12:24:57,014 INFO  impl.MiniRaftCluster (MiniRaftCluster.java:shutdown(851)) - ************************************************************** 
2024-12-14 12:24:57,014 INFO  impl.MiniRaftCluster (MiniRaftCluster.java:shutdown(852)) - printing ALL groups
  s3:  RUNNING [
   FOLLOWER s3@group-A5BB6EB0946F:t1, leader=s5, voted=null, raftlog=Memoized:s3@group-A5BB6EB0946F-SegmentedRaftLog:OPENED:c251:last(t:1, i:252), conf=conf: {index: 131, cur=peers:[s3|0.0.0.0:15003, s4|0.0.0.0:15004, s5|0.0.0.0:15005, s6|0.0.0.0:15006, s7|0.0.0.0:15007, s8|0.0.0.0:15008, s9|0.0.0.0:15009, s11|0.0.0.0:15011, s10|0.0.0.0:15010, s13|0.0.0.0:15013, s12|0.0.0.0:15012, s14|0.0.0.0:15014, s0|0.0.0.0:15000, s1|0.0.0.0:15001, s2|0.0.0.0:15002]|listeners:[], old=null} RUNNING
   FOLLOWER s3@group-40388BE3F4D5:t0, leader=null, voted=, raftlog=Memoized:s3@group-40388BE3F4D5-SegmentedRaftLog:OPENED:c-1:lastnull, conf=conf: {index: -1, cur=peers:[]|listeners:[], old=null} STARTING] size=2
  s4:  RUNNING [
   FOLLOWER s4@group-A5BB6EB0946F:t1, leader=s5, voted=s5, raftlog=Memoized:s4@group-A5BB6EB0946F-SegmentedRaftLog:OPENED:c251:last(t:1, i:252), conf=conf: {index: 131, cur=peers:[s3|0.0.0.0:15003, s4|0.0.0.0:15004, s5|0.0.0.0:15005, s6|0.0.0.0:15006, s7|0.0.0.0:15007, s8|0.0.0.0:15008, s9|0.0.0.0:15009, s11|0.0.0.0:15011, s10|0.0.0.0:15010, s13|0.0.0.0:15013, s12|0.0.0.0:15012, s14|0.0.0.0:15014, s0|0.0.0.0:15000, s1|0.0.0.0:15001, s2|0.0.0.0:15002]|listeners:[], old=null} RUNNING
   FOLLOWER s4@group-40388BE3F4D5:t0, leader=null, voted=, raftlog=Memoized:s4@group-40388BE3F4D5-SegmentedRaftLog:OPENED:c-1:lastnull, conf=conf: {index: -1, cur=peers:[]|listeners:[], old=null} STARTING] size=2
  s5:  RUNNING [
     LEADER s5@group-A5BB6EB0946F:t1, leader=s5, voted=s5, raftlog=Memoized:s5@group-A5BB6EB0946F-SegmentedRaftLog:OPENED:c252:last(t:1, i:252), conf=conf: {index: 131, cur=peers:[s3|0.0.0.0:15003, s4|0.0.0.0:15004, s5|0.0.0.0:15005, s6|0.0.0.0:15006, s7|0.0.0.0:15007, s8|0.0.0.0:15008, s9|0.0.0.0:15009, s11|0.0.0.0:15011, s10|0.0.0.0:15010, s13|0.0.0.0:15013, s12|0.0.0.0:15012, s14|0.0.0.0:15014, s0|0.0.0.0:15000, s1|0.0.0.0:15001, s2|0.0.0.0:15002]|listeners:[], old=null} RUNNING
   FOLLOWER s5@group-40388BE3F4D5:t0, leader=null, voted=, raftlog=Memoized:s5@group-40388BE3F4D5-SegmentedRaftLog:OPENED:c-1:lastnull, conf=conf: {index: -1, cur=peers:[]|listeners:[], old=null} STARTING] size=2
  s6:  RUNNING [
   FOLLOWER s6@group-A5BB6EB0946F:t1, leader=s5, voted=s5, raftlog=Memoized:s6@group-A5BB6EB0946F-SegmentedRaftLog:OPENED:c251:last(t:1, i:252), conf=conf: {index: 131, cur=peers:[s3|0.0.0.0:15003, s4|0.0.0.0:15004, s5|0.0.0.0:15005, s6|0.0.0.0:15006, s7|0.0.0.0:15007, s8|0.0.0.0:15008, s9|0.0.0.0:15009, s11|0.0.0.0:15011, s10|0.0.0.0:15010, s13|0.0.0.0:15013, s12|0.0.0.0:15012, s14|0.0.0.0:15014, s0|0.0.0.0:15000, s1|0.0.0.0:15001, s2|0.0.0.0:15002]|listeners:[], old=null} RUNNING
   FOLLOWER s6@group-40388BE3F4D5:t0, leader=null, voted=, raftlog=Memoized:s6@group-40388BE3F4D5-SegmentedRaftLog:OPENED:c-1:lastnull, conf=conf: {index: -1, cur=peers:[]|listeners:[], old=null} STARTING] size=2
  s7:  RUNNING [
   FOLLOWER s7@group-A5BB6EB0946F:t1, leader=s5, voted=null, raftlog=Memoized:s7@group-A5BB6EB0946F-SegmentedRaftLog:OPENED:c251:last(t:1, i:252), conf=conf: {index: 131, cur=peers:[s3|0.0.0.0:15003, s4|0.0.0.0:15004, s5|0.0.0.0:15005, s6|0.0.0.0:15006, s7|0.0.0.0:15007, s8|0.0.0.0:15008, s9|0.0.0.0:15009, s11|0.0.0.0:15011, s10|0.0.0.0:15010, s13|0.0.0.0:15013, s12|0.0.0.0:15012, s14|0.0.0.0:15014, s0|0.0.0.0:15000, s1|0.0.0.0:15001, s2|0.0.0.0:15002]|listeners:[], old=null} RUNNING
   FOLLOWER s7@group-40388BE3F4D5:t0, leader=null, voted=, raftlog=Memoized:s7@group-40388BE3F4D5-SegmentedRaftLog:OPENED:c-1:lastnull, conf=conf: {index: -1, cur=peers:[]|listeners:[], old=null} STARTING] size=2
  s8:  RUNNING [
   FOLLOWER s8@group-A5BB6EB0946F:t1, leader=s5, voted=null, raftlog=Memoized:s8@group-A5BB6EB0946F-SegmentedRaftLog:OPENED:c251:last(t:1, i:252), conf=conf: {index: 131, cur=peers:[s3|0.0.0.0:15003, s4|0.0.0.0:15004, s5|0.0.0.0:15005, s6|0.0.0.0:15006, s7|0.0.0.0:15007, s8|0.0.0.0:15008, s9|0.0.0.0:15009, s11|0.0.0.0:15011, s10|0.0.0.0:15010, s13|0.0.0.0:15013, s12|0.0.0.0:15012, s14|0.0.0.0:15014, s0|0.0.0.0:15000, s1|0.0.0.0:15001, s2|0.0.0.0:15002]|listeners:[], old=null} RUNNING
   FOLLOWER s8@group-40388BE3F4D5:t0, leader=null, voted=, raftlog=Memoized:s8@group-40388BE3F4D5-SegmentedRaftLog:OPENED:c-1:lastnull, conf=conf: {index: -1, cur=peers:[]|listeners:[], old=null} STARTING] size=2
  s9:  RUNNING [
   FOLLOWER s9@group-A5BB6EB0946F:t1, leader=s5, voted=null, raftlog=Memoized:s9@group-A5BB6EB0946F-SegmentedRaftLog:OPENED:c251:last(t:1, i:252), conf=conf: {index: 131, cur=peers:[s3|0.0.0.0:15003, s4|0.0.0.0:15004, s5|0.0.0.0:15005, s6|0.0.0.0:15006, s7|0.0.0.0:15007, s8|0.0.0.0:15008, s9|0.0.0.0:15009, s11|0.0.0.0:15011, s10|0.0.0.0:15010, s13|0.0.0.0:15013, s12|0.0.0.0:15012, s14|0.0.0.0:15014, s0|0.0.0.0:15000, s1|0.0.0.0:15001, s2|0.0.0.0:15002]|listeners:[], old=null} RUNNING
   FOLLOWER s9@group-40388BE3F4D5:t0, leader=null, voted=, raftlog=Memoized:s9@group-40388BE3F4D5-SegmentedRaftLog:OPENED:c-1:lastnull, conf=conf: {index: -1, cur=peers:[]|listeners:[], old=null} STARTING] size=2
  s11:  RUNNING [
   FOLLOWER s11@group-A5BB6EB0946F:t1, leader=s5, voted=null, raftlog=Memoized:s11@group-A5BB6EB0946F-SegmentedRaftLog:OPENED:c251:last(t:1, i:252), conf=conf: {index: 131, cur=peers:[s3|0.0.0.0:15003, s4|0.0.0.0:15004, s5|0.0.0.0:15005, s6|0.0.0.0:15006, s7|0.0.0.0:15007, s8|0.0.0.0:15008, s9|0.0.0.0:15009, s11|0.0.0.0:15011, s10|0.0.0.0:15010, s13|0.0.0.0:15013, s12|0.0.0.0:15012, s14|0.0.0.0:15014, s0|0.0.0.0:15000, s1|0.0.0.0:15001, s2|0.0.0.0:15002]|listeners:[], old=null} RUNNING
   FOLLOWER s11@group-40388BE3F4D5:t0, leader=null, voted=, raftlog=Memoized:s11@group-40388BE3F4D5-SegmentedRaftLog:OPENED:c-1:lastnull, conf=conf: {index: -1, cur=peers:[]|listeners:[], old=null} STARTING] size=2
  s10:  RUNNING [
   FOLLOWER s10@group-A5BB6EB0946F:t1, leader=s5, voted=null, raftlog=Memoized:s10@group-A5BB6EB0946F-SegmentedRaftLog:OPENED:c251:last(t:1, i:252), conf=conf: {index: 131, cur=peers:[s3|0.0.0.0:15003, s4|0.0.0.0:15004, s5|0.0.0.0:15005, s6|0.0.0.0:15006, s7|0.0.0.0:15007, s8|0.0.0.0:15008, s9|0.0.0.0:15009, s11|0.0.0.0:15011, s10|0.0.0.0:15010, s13|0.0.0.0:15013, s12|0.0.0.0:15012, s14|0.0.0.0:15014, s0|0.0.0.0:15000, s1|0.0.0.0:15001, s2|0.0.0.0:15002]|listeners:[], old=null} RUNNING
   FOLLOWER s10@group-40388BE3F4D5:t0, leader=null, voted=, raftlog=Memoized:s10@group-40388BE3F4D5-SegmentedRaftLog:OPENED:c-1:lastnull, conf=conf: {index: -1, cur=peers:[]|listeners:[], old=null} STARTING] size=2
  s13:  RUNNING [
   FOLLOWER s13@group-A5BB6EB0946F:t1, leader=s5, voted=null, raftlog=Memoized:s13@group-A5BB6EB0946F-SegmentedRaftLog:OPENED:c251:last(t:1, i:252), conf=conf: {index: 131, cur=peers:[s3|0.0.0.0:15003, s4|0.0.0.0:15004, s5|0.0.0.0:15005, s6|0.0.0.0:15006, s7|0.0.0.0:15007, s8|0.0.0.0:15008, s9|0.0.0.0:15009, s11|0.0.0.0:15011, s10|0.0.0.0:15010, s13|0.0.0.0:15013, s12|0.0.0.0:15012, s14|0.0.0.0:15014, s0|0.0.0.0:15000, s1|0.0.0.0:15001, s2|0.0.0.0:15002]|listeners:[], old=null} RUNNING
   FOLLOWER s13@group-40388BE3F4D5:t0, leader=null, voted=, raftlog=Memoized:s13@group-40388BE3F4D5-SegmentedRaftLog:OPENED:c-1:lastnull, conf=conf: {index: -1, cur=peers:[]|listeners:[], old=null} STARTING] size=2
  s12:  RUNNING [
   FOLLOWER s12@group-A5BB6EB0946F:t1, leader=s5, voted=null, raftlog=Memoized:s12@group-A5BB6EB0946F-SegmentedRaftLog:OPENED:c251:last(t:1, i:252), conf=conf: {index: 131, cur=peers:[s3|0.0.0.0:15003, s4|0.0.0.0:15004, s5|0.0.0.0:15005, s6|0.0.0.0:15006, s7|0.0.0.0:15007, s8|0.0.0.0:15008, s9|0.0.0.0:15009, s11|0.0.0.0:15011, s10|0.0.0.0:15010, s13|0.0.0.0:15013, s12|0.0.0.0:15012, s14|0.0.0.0:15014, s0|0.0.0.0:15000, s1|0.0.0.0:15001, s2|0.0.0.0:15002]|listeners:[], old=null} RUNNING
   FOLLOWER s12@group-40388BE3F4D5:t0, leader=null, voted=, raftlog=Memoized:s12@group-40388BE3F4D5-SegmentedRaftLog:OPENED:c-1:lastnull, conf=conf: {index: -1, cur=peers:[]|listeners:[], old=null} STARTING] size=2
  s14:  RUNNING [
   FOLLOWER s14@group-A5BB6EB0946F:t1, leader=s5, voted=null, raftlog=Memoized:s14@group-A5BB6EB0946F-SegmentedRaftLog:OPENED:c251:last(t:1, i:252), conf=conf: {index: 131, cur=peers:[s3|0.0.0.0:15003, s4|0.0.0.0:15004, s5|0.0.0.0:15005, s6|0.0.0.0:15006, s7|0.0.0.0:15007, s8|0.0.0.0:15008, s9|0.0.0.0:15009, s11|0.0.0.0:15011, s10|0.0.0.0:15010, s13|0.0.0.0:15013, s12|0.0.0.0:15012, s14|0.0.0.0:15014, s0|0.0.0.0:15000, s1|0.0.0.0:15001, s2|0.0.0.0:15002]|listeners:[], old=null} RUNNING
   FOLLOWER s14@group-40388BE3F4D5:t0, leader=null, voted=, raftlog=Memoized:s14@group-40388BE3F4D5-SegmentedRaftLog:OPENED:c-1:lastnull, conf=conf: {index: -1, cur=peers:[]|listeners:[], old=null} STARTING] size=2
  s0:  RUNNING [
   FOLLOWER s0@group-A5BB6EB0946F:t1, leader=s5, voted=null, raftlog=Memoized:s0@group-A5BB6EB0946F-SegmentedRaftLog:OPENED:c251:last(t:1, i:252), conf=conf: {index: 131, cur=peers:[s3|0.0.0.0:15003, s4|0.0.0.0:15004, s5|0.0.0.0:15005, s6|0.0.0.0:15006, s7|0.0.0.0:15007, s8|0.0.0.0:15008, s9|0.0.0.0:15009, s11|0.0.0.0:15011, s10|0.0.0.0:15010, s13|0.0.0.0:15013, s12|0.0.0.0:15012, s14|0.0.0.0:15014, s0|0.0.0.0:15000, s1|0.0.0.0:15001, s2|0.0.0.0:15002]|listeners:[], old=null} RUNNING
   FOLLOWER s0@group-40388BE3F4D5:t0, leader=null, voted=, raftlog=Memoized:s0@group-40388BE3F4D5-SegmentedRaftLog:OPENED:c-1:lastnull, conf=conf: {index: -1, cur=peers:[]|listeners:[], old=null} STARTING] size=2
  s1:  RUNNING [
   FOLLOWER s1@group-A5BB6EB0946F:t1, leader=s5, voted=null, raftlog=Memoized:s1@group-A5BB6EB0946F-SegmentedRaftLog:OPENED:c251:last(t:1, i:252), conf=conf: {index: 131, cur=peers:[s3|0.0.0.0:15003, s4|0.0.0.0:15004, s5|0.0.0.0:15005, s6|0.0.0.0:15006, s7|0.0.0.0:15007, s8|0.0.0.0:15008, s9|0.0.0.0:15009, s11|0.0.0.0:15011, s10|0.0.0.0:15010, s13|0.0.0.0:15013, s12|0.0.0.0:15012, s14|0.0.0.0:15014, s0|0.0.0.0:15000, s1|0.0.0.0:15001, s2|0.0.0.0:15002]|listeners:[], old=null} RUNNING
   FOLLOWER s1@group-40388BE3F4D5:t0, leader=null, voted=, raftlog=Memoized:s1@group-40388BE3F4D5-SegmentedRaftLog:OPENED:c-1:lastnull, conf=conf: {index: -1, cur=peers:[]|listeners:[], old=null} STARTING] size=2
  s2:  RUNNING [
   FOLLOWER s2@group-A5BB6EB0946F:t1, leader=s5, voted=null, raftlog=Memoized:s2@group-A5BB6EB0946F-SegmentedRaftLog:OPENED:c251:last(t:1, i:252), conf=conf: {index: 131, cur=peers:[s3|0.0.0.0:15003, s4|0.0.0.0:15004, s5|0.0.0.0:15005, s6|0.0.0.0:15006, s7|0.0.0.0:15007, s8|0.0.0.0:15008, s9|0.0.0.0:15009, s11|0.0.0.0:15011, s10|0.0.0.0:15010, s13|0.0.0.0:15013, s12|0.0.0.0:15012, s14|0.0.0.0:15014, s0|0.0.0.0:15000, s1|0.0.0.0:15001, s2|0.0.0.0:15002]|listeners:[], old=null} RUNNING
   FOLLOWER s2@group-40388BE3F4D5:t0, leader=null, voted=, raftlog=Memoized:s2@group-40388BE3F4D5-SegmentedRaftLog:OPENED:c-1:lastnull, conf=conf: {index: -1, cur=peers:[]|listeners:[], old=null} STARTING] size=2
2024-12-14 12:24:57,015 INFO  server.RaftServer (RaftServerProxy.java:lambda$close$9(418)) - s3: close
2024-12-14 12:24:57,015 INFO  server.RaftServer (RaftServerProxy.java:lambda$close$9(418)) - s4: close
2024-12-14 12:24:57,015 INFO  server.RaftServer$Division (RaftServerImpl.java:lambda$close$1(514)) - s3@group-A5BB6EB0946F: shutdown
2024-12-14 12:24:57,015 INFO  server.RaftServer (RaftServerProxy.java:lambda$close$9(418)) - s5: close
2024-12-14 12:24:57,016 INFO  util.JmxRegister (JmxRegister.java:unregister(74)) - Successfully un-registered JMX Bean with object name Ratis:service=RaftServer,group=group-A5BB6EB0946F,id=s3
2024-12-14 12:24:57,016 INFO  impl.RoleInfo (RoleInfo.java:shutdownFollowerState(121)) - s3: shutdown s3@group-A5BB6EB0946F-FollowerState
2024-12-14 12:24:57,016 INFO  server.RaftServer (RaftServerProxy.java:lambda$close$9(418)) - s6: close
2024-12-14 12:24:57,016 INFO  server.RaftServer (RaftServerProxy.java:lambda$close$9(418)) - s7: close
2024-12-14 12:24:57,017 INFO  server.RaftServer (RaftServerProxy.java:lambda$close$9(418)) - s8: close
2024-12-14 12:24:57,017 INFO  server.RaftServer (RaftServerProxy.java:lambda$close$9(418)) - s9: close
2024-12-14 12:24:57,017 INFO  server.RaftServer (RaftServerProxy.java:lambda$close$9(418)) - s11: close
2024-12-14 12:24:57,017 INFO  server.RaftServer (RaftServerProxy.java:lambda$close$9(418)) - s10: close
2024-12-14 12:24:57,018 INFO  server.RaftServer (RaftServerProxy.java:lambda$close$9(418)) - s13: close
2024-12-14 12:24:57,018 INFO  server.RaftServer (RaftServerProxy.java:lambda$close$9(418)) - s12: close
2024-12-14 12:24:57,018 INFO  server.RaftServer (RaftServerProxy.java:lambda$close$9(418)) - s14: close
2024-12-14 12:24:57,018 INFO  server.RaftServer (RaftServerProxy.java:lambda$close$9(418)) - s0: close
2024-12-14 12:24:57,018 INFO  server.RaftServer (RaftServerProxy.java:lambda$close$9(418)) - s1: close
2024-12-14 12:24:57,019 INFO  impl.StateMachineUpdater (StateMachineUpdater.java:stopAndJoin(164)) - s3@group-A5BB6EB0946F-StateMachineUpdater: set stopIndex = 251
2024-12-14 12:24:57,019 INFO  impl.StateMachineUpdater (StateMachineUpdater.java:stop(141)) - s3@group-A5BB6EB0946F-StateMachineUpdater: closing ArithmeticStateMachine, lastApplied=(t:1, i:251)
2024-12-14 12:24:57,019 INFO  impl.FollowerState (FollowerState.java:runImpl(170)) - s3@group-A5BB6EB0946F-FollowerState was interrupted
2024-12-14 12:24:57,019 INFO  server.RaftServer$Division (RaftServerImpl.java:lambda$close$1(514)) - s5@group-A5BB6EB0946F: shutdown
2024-12-14 12:24:57,019 INFO  util.JmxRegister (JmxRegister.java:unregister(74)) - Successfully un-registered JMX Bean with object name Ratis:service=RaftServer,group=group-A5BB6EB0946F,id=s5
2024-12-14 12:24:57,019 INFO  impl.RoleInfo (RoleInfo.java:shutdownLeaderState(103)) - s5: shutdown s5@group-A5BB6EB0946F-LeaderStateImpl
2024-12-14 12:24:57,020 INFO  server.GrpcServicesImpl (GrpcServicesImpl.java:closeImpl(362)) - s3: shutdown server GrpcServerProtocolService now
2024-12-14 12:24:57,019 INFO  server.RaftServer (RaftServerProxy.java:lambda$close$9(418)) - s2: close
2024-12-14 12:24:57,019 INFO  raftlog.RaftLog (SegmentedRaftLog.java:close(568)) - Start closing s3@group-A5BB6EB0946F-SegmentedRaftLog:OPENED:c251:last(t:1, i:252)
2024-12-14 12:24:57,020 INFO  util.AwaitToRun (AwaitToRun.java:run(49)) - s3@group-A5BB6EB0946F-cacheEviction-AwaitToRun-AwaitForSignal is interrupted
2024-12-14 12:24:57,021 INFO  segmented.LogSegment (LogSegment.java:close(349)) - Successfully closed EntryCache-log_inprogress_0
2024-12-14 12:24:57,021 INFO  impl.PendingRequests (PendingRequests.java:sendNotLeaderResponses(287)) - s5@group-A5BB6EB0946F-PendingRequests: sendNotLeaderResponses
2024-12-14 12:24:57,021 WARN  server.GrpcLogAppender (GrpcLogAppender.java:mayWait(293)) - s5@group-A5BB6EB0946F->s4-GrpcLogAppender: Wait interrupted by java.lang.InterruptedException
2024-12-14 12:24:57,039 INFO  server.GrpcServicesImpl (GrpcServicesImpl.java:closeImpl(371)) - s3: shutdown server GrpcServerProtocolService successfully
2024-12-14 12:24:57,040 INFO  server.GrpcLogAppender (GrpcLogAppender.java:onError(546)) - s5@group-A5BB6EB0946F->s3-GrpcLogAppender is already stopped
2024-12-14 12:24:57,037 WARN  server.GrpcServerProtocolService (LogUtils.java:warn(127)) - s3: APPEND_ENTRIES onError, lastRequest: s5->s3#784-t1,previous=(t:1, i:251),leaderCommit=251,initializing? false,entries: size=1, first=(t:1, i:252), METADATAENTRY(c:251): org.apache.ratis.thirdparty.io.grpc.StatusRuntimeException: CANCELLED: client cancelled
2024-12-14 12:24:57,037 WARN  server.GrpcServerProtocolService (LogUtils.java:warn(127)) - s3: APPEND_ENTRIES onError, lastRequest: null: org.apache.ratis.thirdparty.io.grpc.StatusRuntimeException: CANCELLED: client cancelled
2024-12-14 12:24:57,041 INFO  server.GrpcServerProtocolService (GrpcServerProtocolService.java:onCompleted(200)) - s4: Completed APPEND_ENTRIES, lastRequest: null
2024-12-14 12:24:57,041 INFO  server.GrpcServerProtocolService (GrpcServerProtocolService.java:lambda$onCompleted$7(202)) - s4: Completed APPEND_ENTRIES, lastReply: serverReply {
  requestorId: "s5"
  replyId: "s4"
  raftGroupId {
    id: "\206\327P0\361`L\314\2574\245\273n\260\224o"
  }
  callId: 414
  success: true
}
term: 1
nextIndex: 129
followerCommit: 128
matchIndex: 18446744073709551615
isHearbeat: true

2024-12-14 12:24:57,034 INFO  server.RaftServer$Division (RaftServerImpl.java:lambda$close$1(514)) - s7@group-40388BE3F4D5: shutdown
2024-12-14 12:24:57,034 INFO  server.GrpcServicesImpl (GrpcServicesImpl.java:closeImpl(362)) - s7: shutdown server GrpcServerProtocolService now
2024-12-14 12:24:57,034 INFO  server.RaftServer$Division (RaftServerImpl.java:lambda$close$1(514)) - s14@group-40388BE3F4D5: shutdown
2024-12-14 12:24:57,043 INFO  util.JmxRegister (JmxRegister.java:unregister(74)) - Successfully un-registered JMX Bean with object name Ratis:service=RaftServer,group=group-40388BE3F4D5,id=s14
2024-12-14 12:24:57,043 INFO  impl.StateMachineUpdater (StateMachineUpdater.java:stopAndJoin(164)) - s14@group-40388BE3F4D5-StateMachineUpdater: set stopIndex = -1
2024-12-14 12:24:57,033 INFO  server.GrpcServicesImpl (GrpcServicesImpl.java:closeImpl(362)) - s14: shutdown server GrpcServerProtocolService now
2024-12-14 12:24:57,033 WARN  server.GrpcLogAppender (GrpcLogAppender.java:mayWait(293)) - s5@group-A5BB6EB0946F->s13-GrpcLogAppender: Wait interrupted by java.lang.InterruptedException
2024-12-14 12:24:57,033 WARN  server.GrpcLogAppender (GrpcLogAppender.java:mayWait(293)) - s5@group-A5BB6EB0946F->s10-GrpcLogAppender: Wait interrupted by java.lang.InterruptedException
2024-12-14 12:24:57,033 WARN  server.GrpcLogAppender (GrpcLogAppender.java:mayWait(293)) - s5@group-A5BB6EB0946F->s11-GrpcLogAppender: Wait interrupted by java.lang.InterruptedException
2024-12-14 12:24:57,033 WARN  server.GrpcLogAppender (GrpcLogAppender.java:mayWait(293)) - s5@group-A5BB6EB0946F->s12-GrpcLogAppender: Wait interrupted by java.lang.InterruptedException
2024-12-14 12:24:57,033 WARN  server.GrpcLogAppender (GrpcLogAppender.java:mayWait(293)) - s5@group-A5BB6EB0946F->s1-GrpcLogAppender: Wait interrupted by java.lang.InterruptedException
2024-12-14 12:24:57,033 WARN  server.GrpcLogAppender (GrpcLogAppender.java:mayWait(293)) - s5@group-A5BB6EB0946F->s3-GrpcLogAppender: Wait interrupted by java.lang.InterruptedException
2024-12-14 12:24:57,033 WARN  server.GrpcLogAppender (GrpcLogAppender.java:mayWait(293)) - s5@group-A5BB6EB0946F->s0-GrpcLogAppender: Wait interrupted by java.lang.InterruptedException
2024-12-14 12:24:57,033 INFO  server.RaftServer$Division (RaftServerImpl.java:lambda$close$1(514)) - s2@group-40388BE3F4D5: shutdown
2024-12-14 12:24:57,055 INFO  util.JmxRegister (JmxRegister.java:unregister(74)) - Successfully un-registered JMX Bean with object name Ratis:service=RaftServer,group=group-40388BE3F4D5,id=s2
2024-12-14 12:24:57,055 INFO  impl.StateMachineUpdater (StateMachineUpdater.java:stopAndJoin(164)) - s2@group-40388BE3F4D5-StateMachineUpdater: set stopIndex = -1
2024-12-14 12:24:57,032 WARN  server.GrpcLogAppender (GrpcLogAppender.java:mayWait(293)) - s5@group-A5BB6EB0946F->s9-GrpcLogAppender: Wait interrupted by java.lang.InterruptedException
2024-12-14 12:24:57,032 WARN  server.GrpcLogAppender (GrpcLogAppender.java:mayWait(293)) - s5@group-A5BB6EB0946F->s7-GrpcLogAppender: Wait interrupted by java.lang.InterruptedException
2024-12-14 12:24:57,032 WARN  server.GrpcLogAppender (GrpcLogAppender.java:mayWait(293)) - s5@group-A5BB6EB0946F->s2-GrpcLogAppender: Wait interrupted by java.lang.InterruptedException
2024-12-14 12:24:57,032 INFO  server.RaftServer$Division (RaftServerImpl.java:lambda$close$1(514)) - s3@group-40388BE3F4D5: shutdown
2024-12-14 12:24:57,032 WARN  server.GrpcLogAppender (GrpcLogAppender.java:mayWait(293)) - s5@group-A5BB6EB0946F->s6-GrpcLogAppender: Wait interrupted by java.lang.InterruptedException
2024-12-14 12:24:57,032 WARN  server.GrpcLogAppender (GrpcLogAppender.java:mayWait(293)) - s5@group-A5BB6EB0946F->s8-GrpcLogAppender: Wait interrupted by java.lang.InterruptedException
2024-12-14 12:24:57,032 WARN  server.GrpcLogAppender (GrpcLogAppender.java:mayWait(293)) - s5@group-A5BB6EB0946F->s14-GrpcLogAppender: Wait interrupted by java.lang.InterruptedException
2024-12-14 12:24:57,032 INFO  server.GrpcServicesImpl (GrpcServicesImpl.java:closeImpl(362)) - s2: shutdown server GrpcServerProtocolService now
2024-12-14 12:24:57,025 INFO  server.RaftServer$Division (RaftServerImpl.java:lambda$close$1(514)) - s2@group-A5BB6EB0946F: shutdown
2024-12-14 12:24:57,056 INFO  util.JmxRegister (JmxRegister.java:unregister(74)) - Successfully un-registered JMX Bean with object name Ratis:service=RaftServer,group=group-A5BB6EB0946F,id=s2
2024-12-14 12:24:57,056 INFO  impl.RoleInfo (RoleInfo.java:shutdownFollowerState(121)) - s2: shutdown s2@group-A5BB6EB0946F-FollowerState
2024-12-14 12:24:57,056 INFO  impl.StateMachineUpdater (StateMachineUpdater.java:stopAndJoin(164)) - s2@group-A5BB6EB0946F-StateMachineUpdater: set stopIndex = 251
2024-12-14 12:24:57,024 INFO  server.RaftServer$Division (RaftServerImpl.java:lambda$close$1(514)) - s0@group-40388BE3F4D5: shutdown
2024-12-14 12:24:57,057 INFO  util.JmxRegister (JmxRegister.java:unregister(74)) - Successfully un-registered JMX Bean with object name Ratis:service=RaftServer,group=group-40388BE3F4D5,id=s0
2024-12-14 12:24:57,057 INFO  impl.StateMachineUpdater (StateMachineUpdater.java:stop(141)) - s2@group-A5BB6EB0946F-StateMachineUpdater: closing ArithmeticStateMachine, lastApplied=(t:1, i:251)
2024-12-14 12:24:57,024 INFO  server.RaftServer$Division (RaftServerImpl.java:lambda$close$1(514)) - s5@group-40388BE3F4D5: shutdown
2024-12-14 12:24:57,024 INFO  server.RaftServer$Division (RaftServerImpl.java:lambda$close$1(514)) - s6@group-40388BE3F4D5: shutdown
2024-12-14 12:24:57,057 INFO  util.JmxRegister (JmxRegister.java:unregister(74)) - Successfully un-registered JMX Bean with object name Ratis:service=RaftServer,group=group-40388BE3F4D5,id=s6
2024-12-14 12:24:57,024 INFO  server.GrpcServicesImpl (GrpcServicesImpl.java:closeImpl(362)) - s0: shutdown server GrpcServerProtocolService now
2024-12-14 12:24:57,024 INFO  server.RaftServer$Division (RaftServerImpl.java:lambda$close$1(514)) - s0@group-A5BB6EB0946F: shutdown
2024-12-14 12:24:57,024 INFO  server.GrpcServicesImpl (GrpcServicesImpl.java:closeImpl(362)) - s5: shutdown server GrpcServerProtocolService now
2024-12-14 12:24:57,024 INFO  server.RaftServer$Division (RaftServerImpl.java:lambda$close$1(514)) - s13@group-40388BE3F4D5: shutdown
2024-12-14 12:24:57,024 INFO  server.GrpcServicesImpl (GrpcServicesImpl.java:closeImpl(362)) - s13: shutdown server GrpcServerProtocolService now
2024-12-14 12:24:57,024 INFO  server.RaftServer$Division (RaftServerImpl.java:lambda$close$1(514)) - s12@group-40388BE3F4D5: shutdown
2024-12-14 12:24:57,024 INFO  server.RaftServer$Division (RaftServerImpl.java:lambda$close$1(514)) - s8@group-40388BE3F4D5: shutdown
2024-12-14 12:24:57,058 INFO  util.JmxRegister (JmxRegister.java:unregister(74)) - Successfully un-registered JMX Bean with object name Ratis:service=RaftServer,group=group-40388BE3F4D5,id=s8
2024-12-14 12:24:57,024 INFO  server.RaftServer$Division (RaftServerImpl.java:lambda$close$1(514)) - s13@group-A5BB6EB0946F: shutdown
2024-12-14 12:24:57,058 INFO  util.JmxRegister (JmxRegister.java:unregister(74)) - Successfully un-registered JMX Bean with object name Ratis:service=RaftServer,group=group-A5BB6EB0946F,id=s13
2024-12-14 12:24:57,058 INFO  impl.RoleInfo (RoleInfo.java:shutdownFollowerState(121)) - s13: shutdown s13@group-A5BB6EB0946F-FollowerState
2024-12-14 12:24:57,024 INFO  server.RaftServer$Division (RaftServerImpl.java:lambda$close$1(514)) - s14@group-A5BB6EB0946F: shutdown
2024-12-14 12:24:57,058 INFO  util.JmxRegister (JmxRegister.java:unregister(74)) - Successfully un-registered JMX Bean with object name Ratis:service=RaftServer,group=group-A5BB6EB0946F,id=s14
2024-12-14 12:24:57,058 INFO  impl.RoleInfo (RoleInfo.java:shutdownFollowerState(121)) - s14: shutdown s14@group-A5BB6EB0946F-FollowerState
2024-12-14 12:24:57,024 INFO  server.GrpcServicesImpl (GrpcServicesImpl.java:closeImpl(362)) - s12: shutdown server GrpcServerProtocolService now
2024-12-14 12:24:57,058 INFO  impl.FollowerState (FollowerState.java:runImpl(170)) - s2@group-A5BB6EB0946F-FollowerState was interrupted
2024-12-14 12:24:57,024 INFO  server.RaftServer$Division (RaftServerImpl.java:lambda$close$1(514)) - s7@group-A5BB6EB0946F: shutdown
2024-12-14 12:24:57,024 INFO  server.RaftServer$Division (RaftServerImpl.java:lambda$close$1(514)) - s9@group-40388BE3F4D5: shutdown
2024-12-14 12:24:57,058 INFO  util.JmxRegister (JmxRegister.java:unregister(74)) - Successfully un-registered JMX Bean with object name Ratis:service=RaftServer,group=group-40388BE3F4D5,id=s9
2024-12-14 12:24:57,024 INFO  server.GrpcServicesImpl (GrpcServicesImpl.java:closeImpl(362)) - s6: shutdown server GrpcServerProtocolService now
2024-12-14 12:24:57,024 INFO  server.RaftServer$Division (RaftServerImpl.java:lambda$close$1(514)) - s6@group-A5BB6EB0946F: shutdown
2024-12-14 12:24:57,058 INFO  util.JmxRegister (JmxRegister.java:unregister(74)) - Successfully un-registered JMX Bean with object name Ratis:service=RaftServer,group=group-A5BB6EB0946F,id=s6
2024-12-14 12:24:57,058 INFO  impl.RoleInfo (RoleInfo.java:shutdownFollowerState(121)) - s6: shutdown s6@group-A5BB6EB0946F-FollowerState
2024-12-14 12:24:57,024 INFO  server.GrpcServicesImpl (GrpcServicesImpl.java:closeImpl(362)) - s8: shutdown server GrpcServerProtocolService now
2024-12-14 12:24:57,023 INFO  server.RaftServer$Division (RaftServerImpl.java:lambda$close$1(514)) - s10@group-40388BE3F4D5: shutdown
2024-12-14 12:24:57,023 INFO  server.GrpcServicesImpl (GrpcServicesImpl.java:closeImpl(362)) - s9: shutdown server GrpcServerProtocolService now
2024-12-14 12:24:57,023 INFO  server.RaftServer$Division (RaftServerImpl.java:lambda$close$1(514)) - s9@group-A5BB6EB0946F: shutdown
2024-12-14 12:24:57,059 INFO  util.JmxRegister (JmxRegister.java:unregister(74)) - Successfully un-registered JMX Bean with object name Ratis:service=RaftServer,group=group-A5BB6EB0946F,id=s9
2024-12-14 12:24:57,059 INFO  impl.RoleInfo (RoleInfo.java:shutdownFollowerState(121)) - s9: shutdown s9@group-A5BB6EB0946F-FollowerState
2024-12-14 12:24:57,023 INFO  server.RaftServer$Division (RaftServerImpl.java:lambda$close$1(514)) - s8@group-A5BB6EB0946F: shutdown
2024-12-14 12:24:57,059 INFO  util.JmxRegister (JmxRegister.java:unregister(74)) - Successfully un-registered JMX Bean with object name Ratis:service=RaftServer,group=group-A5BB6EB0946F,id=s8
2024-12-14 12:24:57,059 INFO  impl.RoleInfo (RoleInfo.java:shutdownFollowerState(121)) - s8: shutdown s8@group-A5BB6EB0946F-FollowerState
2024-12-14 12:24:57,023 INFO  server.RaftServer$Division (RaftServerImpl.java:lambda$close$1(514)) - s11@group-40388BE3F4D5: shutdown
2024-12-14 12:24:57,023 INFO  server.GrpcServicesImpl (GrpcServicesImpl.java:closeImpl(362)) - s10: shutdown server GrpcServerProtocolService now
2024-12-14 12:24:57,023 INFO  server.RaftServer$Division (RaftServerImpl.java:lambda$close$1(514)) - s10@group-A5BB6EB0946F: shutdown
2024-12-14 12:24:57,023 INFO  server.GrpcServicesImpl (GrpcServicesImpl.java:closeImpl(362)) - s11: shutdown server GrpcServerProtocolService now
2024-12-14 12:24:57,023 INFO  server.RaftServer$Division (RaftServerImpl.java:lambda$close$1(514)) - s11@group-A5BB6EB0946F: shutdown
2024-12-14 12:24:57,023 INFO  server.RaftServer$Division (RaftServerImpl.java:lambda$close$1(514)) - s1@group-40388BE3F4D5: shutdown
2024-12-14 12:24:57,023 INFO  server.GrpcServicesImpl (GrpcServicesImpl.java:closeImpl(362)) - s1: shutdown server GrpcServerProtocolService now
2024-12-14 12:24:57,023 INFO  server.RaftServer$Division (RaftServerImpl.java:lambda$close$1(514)) - s4@group-40388BE3F4D5: shutdown
2024-12-14 12:24:57,023 INFO  server.RaftServer$Division (RaftServerImpl.java:lambda$close$1(514)) - s12@group-A5BB6EB0946F: shutdown
2024-12-14 12:24:57,060 INFO  util.JmxRegister (JmxRegister.java:unregister(74)) - Successfully un-registered JMX Bean with object name Ratis:service=RaftServer,group=group-A5BB6EB0946F,id=s12
2024-12-14 12:24:57,060 INFO  impl.RoleInfo (RoleInfo.java:shutdownFollowerState(121)) - s12: shutdown s12@group-A5BB6EB0946F-FollowerState
2024-12-14 12:24:57,023 INFO  server.RaftServer$Division (RaftServerImpl.java:lambda$close$1(514)) - s1@group-A5BB6EB0946F: shutdown
2024-12-14 12:24:57,060 INFO  util.JmxRegister (JmxRegister.java:unregister(74)) - Successfully un-registered JMX Bean with object name Ratis:service=RaftServer,group=group-A5BB6EB0946F,id=s1
2024-12-14 12:24:57,060 INFO  impl.RoleInfo (RoleInfo.java:shutdownFollowerState(121)) - s1: shutdown s1@group-A5BB6EB0946F-FollowerState
2024-12-14 12:24:57,060 WARN  server.GrpcServerProtocolService (LogUtils.java:warn(127)) - s13: APPEND_ENTRIES onError, lastRequest: null: org.apache.ratis.thirdparty.io.grpc.StatusRuntimeException: CANCELLED: client cancelled
2024-12-14 12:24:57,022 INFO  server.GrpcServicesImpl (GrpcServicesImpl.java:closeImpl(362)) - s4: shutdown server GrpcServerProtocolService now
2024-12-14 12:24:57,022 INFO  server.RaftServer$Division (RaftServerImpl.java:lambda$close$1(514)) - s4@group-A5BB6EB0946F: shutdown
2024-12-14 12:24:57,060 INFO  util.JmxRegister (JmxRegister.java:unregister(74)) - Successfully un-registered JMX Bean with object name Ratis:service=RaftServer,group=group-A5BB6EB0946F,id=s4
2024-12-14 12:24:57,060 INFO  impl.RoleInfo (RoleInfo.java:shutdownFollowerState(121)) - s4: shutdown s4@group-A5BB6EB0946F-FollowerState
2024-12-14 12:24:57,060 INFO  util.JmxRegister (JmxRegister.java:unregister(74)) - Successfully un-registered JMX Bean with object name Ratis:service=RaftServer,group=group-40388BE3F4D5,id=s4
2024-12-14 12:24:57,060 INFO  util.JmxRegister (JmxRegister.java:unregister(74)) - Successfully un-registered JMX Bean with object name Ratis:service=RaftServer,group=group-40388BE3F4D5,id=s1
2024-12-14 12:24:57,060 INFO  util.JmxRegister (JmxRegister.java:unregister(74)) - Successfully un-registered JMX Bean with object name Ratis:service=RaftServer,group=group-A5BB6EB0946F,id=s11
2024-12-14 12:24:57,061 INFO  impl.RoleInfo (RoleInfo.java:shutdownFollowerState(121)) - s11: shutdown s11@group-A5BB6EB0946F-FollowerState
2024-12-14 12:24:57,059 WARN  server.GrpcServerProtocolService (LogUtils.java:warn(127)) - s0: APPEND_ENTRIES onError, lastRequest: null: org.apache.ratis.thirdparty.io.grpc.StatusRuntimeException: CANCELLED: client cancelled
2024-12-14 12:24:57,059 INFO  util.JmxRegister (JmxRegister.java:unregister(74)) - Successfully un-registered JMX Bean with object name Ratis:service=RaftServer,group=group-A5BB6EB0946F,id=s10
2024-12-14 12:24:57,061 INFO  impl.RoleInfo (RoleInfo.java:shutdownFollowerState(121)) - s10: shutdown s10@group-A5BB6EB0946F-FollowerState
2024-12-14 12:24:57,059 INFO  util.JmxRegister (JmxRegister.java:unregister(74)) - Successfully un-registered JMX Bean with object name Ratis:service=RaftServer,group=group-40388BE3F4D5,id=s11
2024-12-14 12:24:57,061 INFO  server.GrpcServerProtocolClient (GrpcServerProtocolClient.java:close(105)) - s3 Close channels
2024-12-14 12:24:57,059 INFO  util.JmxRegister (JmxRegister.java:unregister(74)) - Successfully un-registered JMX Bean with object name Ratis:service=RaftServer,group=group-40388BE3F4D5,id=s10
2024-12-14 12:24:57,058 INFO  util.JmxRegister (JmxRegister.java:unregister(74)) - Successfully un-registered JMX Bean with object name Ratis:service=RaftServer,group=group-A5BB6EB0946F,id=s7
2024-12-14 12:24:57,061 INFO  impl.RoleInfo (RoleInfo.java:shutdownFollowerState(121)) - s7: shutdown s7@group-A5BB6EB0946F-FollowerState
2024-12-14 12:24:57,058 INFO  raftlog.RaftLog (SegmentedRaftLog.java:close(568)) - Start closing s2@group-A5BB6EB0946F-SegmentedRaftLog:OPENED:c251:last(t:1, i:252)
2024-12-14 12:24:57,058 INFO  util.JmxRegister (JmxRegister.java:unregister(74)) - Successfully un-registered JMX Bean with object name Ratis:service=RaftServer,group=group-40388BE3F4D5,id=s12
2024-12-14 12:24:57,057 INFO  util.JmxRegister (JmxRegister.java:unregister(74)) - Successfully un-registered JMX Bean with object name Ratis:service=RaftServer,group=group-40388BE3F4D5,id=s13
2024-12-14 12:24:57,057 WARN  server.GrpcServerProtocolService (LogUtils.java:warn(127)) - s7: APPEND_ENTRIES onError, lastRequest: s5->s7#822-t1,previous=(t:1, i:251),leaderCommit=251,initializing? false,entries: size=1, first=(t:1, i:252), METADATAENTRY(c:251): org.apache.ratis.thirdparty.io.grpc.StatusRuntimeException: CANCELLED: client cancelled
2024-12-14 12:24:57,057 INFO  util.JmxRegister (JmxRegister.java:unregister(74)) - Successfully un-registered JMX Bean with object name Ratis:service=RaftServer,group=group-A5BB6EB0946F,id=s0
2024-12-14 12:24:57,062 INFO  impl.RoleInfo (RoleInfo.java:shutdownFollowerState(121)) - s0: shutdown s0@group-A5BB6EB0946F-FollowerState
2024-12-14 12:24:57,057 INFO  util.JmxRegister (JmxRegister.java:unregister(74)) - Successfully un-registered JMX Bean with object name Ratis:service=RaftServer,group=group-40388BE3F4D5,id=s5
2024-12-14 12:24:57,056 INFO  impl.StateMachineUpdater (StateMachineUpdater.java:stop(141)) - s5@group-A5BB6EB0946F-StateMachineUpdater: closing ArithmeticStateMachine, lastApplied=(t:1, i:252)
2024-12-14 12:24:57,062 WARN  server.GrpcServerProtocolService (LogUtils.java:warn(127)) - s14: APPEND_ENTRIES onError, lastRequest: s5->s14#1207-t1,previous=(t:1, i:251),leaderCommit=251,initializing? false,entries: size=1, first=(t:1, i:252), METADATAENTRY(c:251): org.apache.ratis.thirdparty.io.grpc.StatusRuntimeException: CANCELLED: client cancelled
2024-12-14 12:24:57,056 INFO  impl.StateMachineUpdater (StateMachineUpdater.java:stopAndJoin(164)) - s5@group-A5BB6EB0946F-StateMachineUpdater: set stopIndex = 252
2024-12-14 12:24:57,062 INFO  raftlog.RaftLog (SegmentedRaftLog.java:close(568)) - Start closing s5@group-A5BB6EB0946F-SegmentedRaftLog:OPENED:c252:last(t:1, i:252)
2024-12-14 12:24:57,056 INFO  util.JmxRegister (JmxRegister.java:unregister(74)) - Successfully un-registered JMX Bean with object name Ratis:service=RaftServer,group=group-40388BE3F4D5,id=s3
2024-12-14 12:24:57,055 INFO  impl.StateMachineUpdater (StateMachineUpdater.java:stop(141)) - s2@group-40388BE3F4D5-StateMachineUpdater: closing ArithmeticStateMachine, lastApplied=(t:0, i:~)
2024-12-14 12:24:57,054 WARN  server.GrpcServerProtocolService (LogUtils.java:warn(127)) - s7: APPEND_ENTRIES onError, lastRequest: null: org.apache.ratis.thirdparty.io.grpc.StatusRuntimeException: CANCELLED: client cancelled
2024-12-14 12:24:57,062 INFO  raftlog.RaftLog (SegmentedRaftLog.java:close(568)) - Start closing s2@group-40388BE3F4D5-SegmentedRaftLog:OPENED:c-1:lastnull
2024-12-14 12:24:57,054 WARN  server.GrpcServerProtocolService (LogUtils.java:warn(127)) - s7: APPEND_ENTRIES onError, lastRequest: null: org.apache.ratis.thirdparty.io.grpc.StatusRuntimeException: CANCELLED: client cancelled
2024-12-14 12:24:57,054 WARN  server.GrpcServerProtocolService (LogUtils.java:warn(127)) - s7: APPEND_ENTRIES onError, lastRequest: null: org.apache.ratis.thirdparty.io.grpc.StatusRuntimeException: CANCELLED: client cancelled
2024-12-14 12:24:57,054 WARN  server.GrpcServerProtocolService (LogUtils.java:warn(127)) - s7: APPEND_ENTRIES onError, lastRequest: null: org.apache.ratis.thirdparty.io.grpc.StatusRuntimeException: CANCELLED: client cancelled
2024-12-14 12:24:57,063 WARN  server.GrpcServerProtocolService (LogUtils.java:warn(127)) - s9: APPEND_ENTRIES onError, lastRequest: s5->s9#1215-t1,previous=(t:1, i:251),leaderCommit=251,initializing? false,entries: size=1, first=(t:1, i:252), METADATAENTRY(c:251): org.apache.ratis.thirdparty.io.grpc.StatusRuntimeException: CANCELLED: client cancelled
2024-12-14 12:24:57,064 WARN  server.GrpcServerProtocolService (LogUtils.java:warn(127)) - s11: APPEND_ENTRIES onError, lastRequest: s5->s11#1227-t1,previous=(t:1, i:251),leaderCommit=251,initializing? false,entries: size=1, first=(t:1, i:252), METADATAENTRY(c:251): org.apache.ratis.thirdparty.io.grpc.StatusRuntimeException: CANCELLED: client cancelled
2024-12-14 12:24:57,064 WARN  server.GrpcServerProtocolService (LogUtils.java:warn(127)) - s11: APPEND_ENTRIES onError, lastRequest: null: org.apache.ratis.thirdparty.io.grpc.StatusRuntimeException: CANCELLED: client cancelled
2024-12-14 12:24:57,053 INFO  server.GrpcServerProtocolClient (GrpcServerProtocolClient.java:close(105)) - s9 Close channels
2024-12-14 12:24:57,053 WARN  server.GrpcServerProtocolService (LogUtils.java:warn(127)) - s7: APPEND_ENTRIES onError, lastRequest: null: org.apache.ratis.thirdparty.io.grpc.StatusRuntimeException: CANCELLED: client cancelled
2024-12-14 12:24:57,053 INFO  server.GrpcServerProtocolClient (GrpcServerProtocolClient.java:close(105)) - s8 Close channels
2024-12-14 12:24:57,049 INFO  util.JmxRegister (JmxRegister.java:unregister(74)) - Successfully un-registered JMX Bean with object name Ratis:service=RaftServer,group=group-40388BE3F4D5,id=s7
2024-12-14 12:24:57,043 INFO  impl.StateMachineUpdater (StateMachineUpdater.java:stop(141)) - s14@group-40388BE3F4D5-StateMachineUpdater: closing ArithmeticStateMachine, lastApplied=(t:0, i:~)
2024-12-14 12:24:57,043 INFO  server.GrpcLogAppender (GrpcLogAppender.java:onCompleted(559)) - s5@group-A5BB6EB0946F->s4-AppendLogResponseHandler: follower responses appendEntries COMPLETED
2024-12-14 12:24:57,065 INFO  raftlog.RaftLog (SegmentedRaftLog.java:close(568)) - Start closing s14@group-40388BE3F4D5-SegmentedRaftLog:OPENED:c-1:lastnull
2024-12-14 12:24:57,042 INFO  server.GrpcServerProtocolService (GrpcServerProtocolService.java:onCompleted(200)) - s4: Completed APPEND_ENTRIES, lastRequest: s5->s4#1429-t1,previous=(t:1, i:251),leaderCommit=251,initializing? false,entries: size=1, first=(t:1, i:252), METADATAENTRY(c:251)
2024-12-14 12:24:57,065 INFO  server.GrpcServerProtocolService (GrpcServerProtocolService.java:lambda$onCompleted$7(202)) - s4: Completed APPEND_ENTRIES, lastReply: null
2024-12-14 12:24:57,042 INFO  server.GrpcLogAppender (GrpcLogAppender.java:onError(546)) - s5@group-A5BB6EB0946F->s3-GrpcLogAppender is already stopped
2024-12-14 12:24:57,042 INFO  server.GrpcLogAppender (GrpcLogAppender.java:onError(546)) - s14@group-FDF63F8BEBB3->s3-GrpcLogAppender is already stopped
2024-12-14 12:24:57,061 WARN  server.GrpcServerProtocolService (LogUtils.java:warn(127)) - s13: APPEND_ENTRIES onError, lastRequest: s5->s13#1052-t1,previous=(t:1, i:251),leaderCommit=251,initializing? false,entries: size=1, first=(t:1, i:252), METADATAENTRY(c:251): org.apache.ratis.thirdparty.io.grpc.StatusRuntimeException: CANCELLED: client cancelled
2024-12-14 12:24:57,060 WARN  server.GrpcServerProtocolService (LogUtils.java:warn(127)) - s2: APPEND_ENTRIES onError, lastRequest: null: org.apache.ratis.thirdparty.io.grpc.StatusRuntimeException: CANCELLED: client cancelled
2024-12-14 12:24:57,060 INFO  server.GrpcServerProtocolService (GrpcServerProtocolService.java:onCompleted(200)) - s1: Completed APPEND_ENTRIES, lastRequest: null
2024-12-14 12:24:57,066 WARN  server.GrpcServerProtocolService (LogUtils.java:warn(127)) - s0: APPEND_ENTRIES onError, lastRequest: s5->s0#1186-t1,previous=(t:1, i:251),leaderCommit=251,initializing? false,entries: size=1, first=(t:1, i:252), METADATAENTRY(c:251): org.apache.ratis.thirdparty.io.grpc.StatusRuntimeException: CANCELLED: client cancelled
2024-12-14 12:24:57,066 WARN  server.GrpcServerProtocolService (LogUtils.java:warn(127)) - s6: APPEND_ENTRIES onError, lastRequest: null: org.apache.ratis.thirdparty.io.grpc.StatusRuntimeException: CANCELLED: client cancelled
2024-12-14 12:24:57,066 WARN  server.GrpcServerProtocolService (LogUtils.java:warn(127)) - s8: APPEND_ENTRIES onError, lastRequest: s5->s8#1212-t1,previous=(t:1, i:251),leaderCommit=251,initializing? false,entries: size=1, first=(t:1, i:252), METADATAENTRY(c:251): org.apache.ratis.thirdparty.io.grpc.StatusRuntimeException: CANCELLED: client cancelled
2024-12-14 12:24:57,067 INFO  server.GrpcServerProtocolService (GrpcServerProtocolService.java:lambda$onCompleted$7(202)) - s1: Completed APPEND_ENTRIES, lastReply: serverReply {
  requestorId: "s5"
  replyId: "s1"
  raftGroupId {
    id: "\206\327P0\361`L\314\2574\245\273n\260\224o"
  }
  callId: 35
  success: true
}
term: 1
nextIndex: 130
followerCommit: 127
matchIndex: 18446744073709551615
isHearbeat: true

2024-12-14 12:24:57,068 INFO  server.GrpcLogAppender (GrpcLogAppender.java:onError(546)) - s1@group-D132C5ADF328->s10-GrpcLogAppender is already stopped
2024-12-14 12:24:57,068 INFO  server.GrpcLogAppender (GrpcLogAppender.java:onError(546)) - s8@group-2C18EF48B090->s7-GrpcLogAppender is already stopped
2024-12-14 12:24:57,068 WARN  server.GrpcServerProtocolService (LogUtils.java:warn(127)) - s8: APPEND_ENTRIES onError, lastRequest: null: org.apache.ratis.thirdparty.io.grpc.StatusRuntimeException: CANCELLED: client cancelled
2024-12-14 12:24:57,068 INFO  server.GrpcLogAppender (GrpcLogAppender.java:onError(546)) - s8@group-2C18EF48B090->s7-GrpcLogAppender is already stopped
2024-12-14 12:24:57,068 INFO  server.GrpcLogAppender (GrpcLogAppender.java:onError(546)) - s8@group-2C18EF48B090->s7-GrpcLogAppender is already stopped
2024-12-14 12:24:57,068 WARN  server.GrpcServerProtocolService (LogUtils.java:warn(127)) - s12: APPEND_ENTRIES onError, lastRequest: null: org.apache.ratis.thirdparty.io.grpc.StatusRuntimeException: CANCELLED: client cancelled
2024-12-14 12:24:57,068 WARN  server.GrpcServerProtocolService (LogUtils.java:warn(127)) - s10: APPEND_ENTRIES onError, lastRequest: null: org.apache.ratis.thirdparty.io.grpc.StatusRuntimeException: CANCELLED: client cancelled
2024-12-14 12:24:57,068 WARN  server.GrpcServerProtocolService (LogUtils.java:warn(127)) - s2: APPEND_ENTRIES onError, lastRequest: s5->s2#1224-t1,previous=(t:1, i:251),leaderCommit=251,initializing? false,entries: size=1, first=(t:1, i:252), METADATAENTRY(c:251): org.apache.ratis.thirdparty.io.grpc.StatusRuntimeException: CANCELLED: client cancelled
2024-12-14 12:24:57,071 INFO  server.GrpcLogAppender (GrpcLogAppender.java:onError(546)) - s5@group-A5BB6EB0946F->s11-GrpcLogAppender is already stopped
2024-12-14 12:24:57,072 INFO  server.GrpcLogAppender (GrpcLogAppender.java:onError(546)) - s5@group-A5BB6EB0946F->s11-GrpcLogAppender is already stopped
2024-12-14 12:24:57,073 WARN  server.GrpcServerProtocolService (LogUtils.java:warn(127)) - s14: APPEND_ENTRIES onError, lastRequest: null: org.apache.ratis.thirdparty.io.grpc.StatusRuntimeException: CANCELLED: client cancelled
2024-12-14 12:24:57,073 WARN  server.GrpcServerProtocolService (LogUtils.java:warn(127)) - s12: APPEND_ENTRIES onError, lastRequest: s5->s12#1049-t1,previous=(t:1, i:251),leaderCommit=251,initializing? false,entries: size=1, first=(t:1, i:252), METADATAENTRY(c:251): org.apache.ratis.thirdparty.io.grpc.StatusRuntimeException: CANCELLED: client cancelled
2024-12-14 12:24:57,074 INFO  impl.StateMachineUpdater (StateMachineUpdater.java:stop(141)) - s10@group-40388BE3F4D5-StateMachineUpdater: closing ArithmeticStateMachine, lastApplied=(t:0, i:~)
2024-12-14 12:24:57,074 WARN  server.GrpcServerProtocolService (LogUtils.java:warn(127)) - s6: APPEND_ENTRIES onError, lastRequest: s5->s6#1584-t1,previous=(t:1, i:251),leaderCommit=251,initializing? false,entries: size=1, first=(t:1, i:252), METADATAENTRY(c:251): org.apache.ratis.thirdparty.io.grpc.StatusRuntimeException: CANCELLED: client cancelled
2024-12-14 12:24:57,074 WARN  server.GrpcServerProtocolService (LogUtils.java:warn(127)) - s9: APPEND_ENTRIES onError, lastRequest: null: org.apache.ratis.thirdparty.io.grpc.StatusRuntimeException: CANCELLED: client cancelled
2024-12-14 12:24:57,074 WARN  server.GrpcServerProtocolService (LogUtils.java:warn(127)) - s10: APPEND_ENTRIES onError, lastRequest: s5->s10#1304-t1,previous=(t:1, i:251),leaderCommit=251,initializing? false,entries: size=1, first=(t:1, i:252), METADATAENTRY(c:251): org.apache.ratis.thirdparty.io.grpc.StatusRuntimeException: CANCELLED: client cancelled
2024-12-14 12:24:57,075 WARN  server.GrpcServerProtocolService (LogUtils.java:warn(127)) - s1: APPEND_ENTRIES onError, lastRequest: s5->s1#1193-t1,previous=(t:1, i:251),leaderCommit=251,initializing? false,entries: size=1, first=(t:1, i:252), METADATAENTRY(c:251): org.apache.ratis.thirdparty.io.grpc.StatusRuntimeException: CANCELLED: client cancelled
2024-12-14 12:24:57,076 INFO  impl.StateMachineUpdater (StateMachineUpdater.java:stop(141)) - s11@group-40388BE3F4D5-StateMachineUpdater: closing ArithmeticStateMachine, lastApplied=(t:0, i:~)
2024-12-14 12:24:57,076 INFO  server.GrpcLogAppender (GrpcLogAppender.java:onError(546)) - s5@group-A5BB6EB0946F->s2-GrpcLogAppender is already stopped
2024-12-14 12:24:57,076 INFO  server.GrpcLogAppender (GrpcLogAppender.java:onError(546)) - s5@group-A5BB6EB0946F->s9-GrpcLogAppender is already stopped
2024-12-14 12:24:57,077 INFO  server.GrpcLogAppender (GrpcLogAppender.java:onError(546)) - s5@group-A5BB6EB0946F->s4-GrpcLogAppender is already stopped
2024-12-14 12:24:57,078 INFO  server.GrpcLogAppender (GrpcLogAppender.java:onError(546)) - s5@group-A5BB6EB0946F->s10-GrpcLogAppender is already stopped
2024-12-14 12:24:57,086 INFO  server.GrpcLogAppender (GrpcLogAppender.java:onError(546)) - s5@group-A5BB6EB0946F->s1-GrpcLogAppender is already stopped
2024-12-14 12:24:57,087 INFO  util.AwaitToRun (AwaitToRun.java:run(49)) - s14@group-40388BE3F4D5-cacheEviction-AwaitToRun-AwaitForSignal is interrupted
2024-12-14 12:24:57,087 INFO  server.GrpcServicesImpl (GrpcServicesImpl.java:closeImpl(371)) - s7: shutdown server GrpcServerProtocolService successfully
2024-12-14 12:24:57,087 INFO  server.GrpcLogAppender (GrpcLogAppender.java:onError(546)) - s5@group-A5BB6EB0946F->s0-GrpcLogAppender is already stopped
2024-12-14 12:24:57,087 INFO  impl.StateMachineUpdater (StateMachineUpdater.java:stopAndJoin(164)) - s7@group-40388BE3F4D5-StateMachineUpdater: set stopIndex = -1
2024-12-14 12:24:57,087 INFO  impl.StateMachineUpdater (StateMachineUpdater.java:stop(141)) - s7@group-40388BE3F4D5-StateMachineUpdater: closing ArithmeticStateMachine, lastApplied=(t:0, i:~)
2024-12-14 12:24:57,087 INFO  server.GrpcLogAppender (GrpcLogAppender.java:onError(546)) - s5@group-A5BB6EB0946F->s8-GrpcLogAppender is already stopped
2024-12-14 12:24:57,087 INFO  raftlog.RaftLog (SegmentedRaftLog.java:close(568)) - Start closing s7@group-40388BE3F4D5-SegmentedRaftLog:OPENED:c-1:lastnull
2024-12-14 12:24:57,088 INFO  server.GrpcLogAppender (GrpcLogAppender.java:onError(546)) - s5@group-A5BB6EB0946F->s13-GrpcLogAppender is already stopped
2024-12-14 12:24:57,088 INFO  server.GrpcLogAppender (GrpcLogAppender.java:onError(546)) - s5@group-A5BB6EB0946F->s6-GrpcLogAppender is already stopped
2024-12-14 12:24:57,088 INFO  impl.FollowerState (FollowerState.java:shouldRun(122)) - s13@group-A5BB6EB0946F-FollowerState: Stopping now (isRunning? false, role = FOLLOWER)
2024-12-14 12:24:57,088 INFO  util.AwaitToRun (AwaitToRun.java:run(49)) - s7@group-40388BE3F4D5-cacheEviction-AwaitToRun-AwaitForSignal is interrupted
2024-12-14 12:24:57,088 INFO  impl.StateMachineUpdater (StateMachineUpdater.java:stopAndJoin(164)) - s5@group-40388BE3F4D5-StateMachineUpdater: set stopIndex = -1
2024-12-14 12:24:57,088 INFO  impl.StateMachineUpdater (StateMachineUpdater.java:stop(141)) - s3@group-40388BE3F4D5-StateMachineUpdater: closing ArithmeticStateMachine, lastApplied=(t:0, i:~)
2024-12-14 12:24:57,088 INFO  impl.StateMachineUpdater (StateMachineUpdater.java:stop(141)) - s5@group-40388BE3F4D5-StateMachineUpdater: closing ArithmeticStateMachine, lastApplied=(t:0, i:~)
2024-12-14 12:24:57,088 INFO  util.AwaitToRun (AwaitToRun.java:run(49)) - s5@group-A5BB6EB0946F-cacheEviction-AwaitToRun-AwaitForSignal is interrupted
2024-12-14 12:24:57,088 INFO  util.AwaitToRun (AwaitToRun.java:run(49)) - s2@group-40388BE3F4D5-cacheEviction-AwaitToRun-AwaitForSignal is interrupted
2024-12-14 12:24:57,088 INFO  server.GrpcLogAppender (GrpcLogAppender.java:onError(546)) - s1@group-D132C5ADF328->s0-GrpcLogAppender is already stopped
2024-12-14 12:24:57,088 INFO  server.GrpcLogAppender (GrpcLogAppender.java:onError(546)) - s5@group-A5BB6EB0946F->s6-GrpcLogAppender is already stopped
2024-12-14 12:24:57,089 INFO  segmented.LogSegment (LogSegment.java:close(349)) - Successfully closed EntryCache-log_inprogress_0
2024-12-14 12:24:57,088 INFO  impl.StateMachineUpdater (StateMachineUpdater.java:stopAndJoin(164)) - s3@group-40388BE3F4D5-StateMachineUpdater: set stopIndex = -1
2024-12-14 12:24:57,089 INFO  raftlog.RaftLog (SegmentedRaftLog.java:close(568)) - Start closing s3@group-40388BE3F4D5-SegmentedRaftLog:OPENED:c-1:lastnull
2024-12-14 12:24:57,089 INFO  server.GrpcLogAppender (GrpcLogAppender.java:onError(546)) - s5@group-A5BB6EB0946F->s8-GrpcLogAppender is already stopped
2024-12-14 12:24:57,089 INFO  raftlog.RaftLog (SegmentedRaftLog.java:close(568)) - Start closing s5@group-40388BE3F4D5-SegmentedRaftLog:OPENED:c-1:lastnull
2024-12-14 12:24:57,091 INFO  impl.StateMachineUpdater (StateMachineUpdater.java:stop(141)) - s13@group-40388BE3F4D5-StateMachineUpdater: closing ArithmeticStateMachine, lastApplied=(t:0, i:~)
2024-12-14 12:24:57,092 INFO  server.GrpcServerProtocolClient (GrpcServerProtocolClient.java:close(105)) - s10 Close channels
2024-12-14 12:24:57,100 INFO  server.GrpcServerProtocolClient (GrpcServerProtocolClient.java:close(105)) - s0 Close channels
2024-12-14 12:24:57,101 INFO  server.GrpcServicesImpl (GrpcServicesImpl.java:closeImpl(371)) - s1: shutdown server GrpcServerProtocolService successfully
2024-12-14 12:24:57,103 INFO  impl.StateMachineUpdater (StateMachineUpdater.java:stop(141)) - s12@group-40388BE3F4D5-StateMachineUpdater: closing ArithmeticStateMachine, lastApplied=(t:0, i:~)
2024-12-14 12:24:57,105 INFO  server.GrpcServerProtocolClient (GrpcServerProtocolClient.java:close(105)) - s13 Close channels
2024-12-14 12:24:57,105 INFO  server.GrpcServerProtocolClient (GrpcServerProtocolClient.java:close(105)) - s12 Close channels
2024-12-14 12:24:57,106 INFO  impl.StateMachineUpdater (StateMachineUpdater.java:stop(141)) - s4@group-40388BE3F4D5-StateMachineUpdater: closing ArithmeticStateMachine, lastApplied=(t:0, i:~)
2024-12-14 12:24:57,109 INFO  impl.StateMachineUpdater (StateMachineUpdater.java:stopAndJoin(164)) - s0@group-A5BB6EB0946F-StateMachineUpdater: set stopIndex = 251
2024-12-14 12:24:57,109 INFO  impl.FollowerState (FollowerState.java:runImpl(170)) - s0@group-A5BB6EB0946F-FollowerState was interrupted
2024-12-14 12:24:57,109 INFO  impl.StateMachineUpdater (StateMachineUpdater.java:stop(141)) - s0@group-A5BB6EB0946F-StateMachineUpdater: closing ArithmeticStateMachine, lastApplied=(t:1, i:251)
2024-12-14 12:24:57,109 INFO  raftlog.RaftLog (SegmentedRaftLog.java:close(568)) - Start closing s0@group-A5BB6EB0946F-SegmentedRaftLog:OPENED:c251:last(t:1, i:252)
2024-12-14 12:24:57,110 INFO  server.GrpcServicesImpl (GrpcServicesImpl.java:closeImpl(371)) - s11: shutdown server GrpcServerProtocolService successfully
2024-12-14 12:24:57,113 INFO  impl.StateMachineUpdater (StateMachineUpdater.java:stopAndJoin(164)) - s13@group-40388BE3F4D5-StateMachineUpdater: set stopIndex = -1
2024-12-14 12:24:57,113 INFO  raftlog.RaftLog (SegmentedRaftLog.java:close(568)) - Start closing s13@group-40388BE3F4D5-SegmentedRaftLog:OPENED:c-1:lastnull
2024-12-14 12:24:57,113 INFO  impl.StateMachineUpdater (StateMachineUpdater.java:stopAndJoin(164)) - s12@group-40388BE3F4D5-StateMachineUpdater: set stopIndex = -1
2024-12-14 12:24:57,113 INFO  raftlog.RaftLog (SegmentedRaftLog.java:close(568)) - Start closing s12@group-40388BE3F4D5-SegmentedRaftLog:OPENED:c-1:lastnull
2024-12-14 12:24:57,115 INFO  impl.StateMachineUpdater (StateMachineUpdater.java:stop(141)) - s0@group-40388BE3F4D5-StateMachineUpdater: closing ArithmeticStateMachine, lastApplied=(t:0, i:~)
2024-12-14 12:24:57,122 INFO  impl.FollowerState (FollowerState.java:shouldRun(122)) - s11@group-A5BB6EB0946F-FollowerState: Stopping now (isRunning? false, role = FOLLOWER)
2024-12-14 12:24:57,123 INFO  server.GrpcServerProtocolClient (GrpcServerProtocolClient.java:close(105)) - s7 Close channels
2024-12-14 12:24:57,123 INFO  server.GrpcServerProtocolClient (GrpcServerProtocolClient.java:close(105)) - s9 Close channels
2024-12-14 12:24:57,127 INFO  impl.StateMachineUpdater (StateMachineUpdater.java:stop(141)) - s6@group-40388BE3F4D5-StateMachineUpdater: closing ArithmeticStateMachine, lastApplied=(t:0, i:~)
2024-12-14 12:24:57,127 INFO  impl.StateMachineUpdater (StateMachineUpdater.java:stop(141)) - s1@group-40388BE3F4D5-StateMachineUpdater: closing ArithmeticStateMachine, lastApplied=(t:0, i:~)
2024-12-14 12:24:57,127 INFO  server.GrpcServicesImpl (GrpcServicesImpl.java:closeImpl(371)) - s8: shutdown server GrpcServerProtocolService successfully
2024-12-14 12:24:57,145 INFO  util.AwaitToRun (AwaitToRun.java:run(49)) - s2@group-A5BB6EB0946F-cacheEviction-AwaitToRun-AwaitForSignal is interrupted
2024-12-14 12:24:57,145 INFO  segmented.LogSegment (LogSegment.java:close(349)) - Successfully closed EntryCache-log_inprogress_0
2024-12-14 12:24:57,146 INFO  impl.FollowerState (FollowerState.java:shouldRun(122)) - s6@group-A5BB6EB0946F-FollowerState: Stopping now (isRunning? false, role = FOLLOWER)
2024-12-14 12:24:57,146 INFO  server.GrpcServicesImpl (GrpcServicesImpl.java:closeImpl(371)) - s6: shutdown server GrpcServerProtocolService successfully
2024-12-14 12:24:57,148 INFO  server.GrpcServerProtocolClient (GrpcServerProtocolClient.java:close(105)) - s11 Close channels
2024-12-14 12:24:57,149 INFO  server.GrpcServerProtocolClient (GrpcServerProtocolClient.java:close(105)) - s13 Close channels
2024-12-14 12:24:57,150 INFO  impl.StateMachineUpdater (StateMachineUpdater.java:stopAndJoin(164)) - s7@group-A5BB6EB0946F-StateMachineUpdater: set stopIndex = 251
2024-12-14 12:24:57,150 INFO  impl.StateMachineUpdater (StateMachineUpdater.java:stop(141)) - s7@group-A5BB6EB0946F-StateMachineUpdater: closing ArithmeticStateMachine, lastApplied=(t:1, i:251)
2024-12-14 12:24:57,150 INFO  impl.FollowerState (FollowerState.java:runImpl(170)) - s7@group-A5BB6EB0946F-FollowerState was interrupted
2024-12-14 12:24:57,150 INFO  raftlog.RaftLog (SegmentedRaftLog.java:close(568)) - Start closing s7@group-A5BB6EB0946F-SegmentedRaftLog:OPENED:c251:last(t:1, i:252)
2024-12-14 12:24:57,150 INFO  impl.StateMachineUpdater (StateMachineUpdater.java:stopAndJoin(164)) - s11@group-40388BE3F4D5-StateMachineUpdater: set stopIndex = -1
2024-12-14 12:24:57,150 INFO  raftlog.RaftLog (SegmentedRaftLog.java:close(568)) - Start closing s11@group-40388BE3F4D5-SegmentedRaftLog:OPENED:c-1:lastnull
2024-12-14 12:24:57,150 INFO  impl.StateMachineUpdater (StateMachineUpdater.java:stopAndJoin(164)) - s10@group-A5BB6EB0946F-StateMachineUpdater: set stopIndex = 251
2024-12-14 12:24:57,150 INFO  util.AwaitToRun (AwaitToRun.java:run(49)) - s11@group-40388BE3F4D5-cacheEviction-AwaitToRun-AwaitForSignal is interrupted
2024-12-14 12:24:57,150 INFO  impl.FollowerState (FollowerState.java:runImpl(170)) - s10@group-A5BB6EB0946F-FollowerState was interrupted
2024-12-14 12:24:57,150 INFO  impl.StateMachineUpdater (StateMachineUpdater.java:stopAndJoin(164)) - s11@group-A5BB6EB0946F-StateMachineUpdater: set stopIndex = 251
2024-12-14 12:24:57,150 INFO  impl.StateMachineUpdater (StateMachineUpdater.java:stopAndJoin(164)) - s1@group-40388BE3F4D5-StateMachineUpdater: set stopIndex = -1
2024-12-14 12:24:57,150 INFO  raftlog.RaftLog (SegmentedRaftLog.java:close(568)) - Start closing s1@group-40388BE3F4D5-SegmentedRaftLog:OPENED:c-1:lastnull
2024-12-14 12:24:57,151 INFO  util.AwaitToRun (AwaitToRun.java:run(49)) - s1@group-40388BE3F4D5-cacheEviction-AwaitToRun-AwaitForSignal is interrupted
2024-12-14 12:24:57,151 INFO  impl.StateMachineUpdater (StateMachineUpdater.java:stopAndJoin(164)) - s4@group-A5BB6EB0946F-StateMachineUpdater: set stopIndex = 251
2024-12-14 12:24:57,151 INFO  impl.StateMachineUpdater (StateMachineUpdater.java:stopAndJoin(164)) - s1@group-A5BB6EB0946F-StateMachineUpdater: set stopIndex = 251
2024-12-14 12:24:57,151 INFO  impl.StateMachineUpdater (StateMachineUpdater.java:stop(141)) - s4@group-A5BB6EB0946F-StateMachineUpdater: closing ArithmeticStateMachine, lastApplied=(t:1, i:251)
2024-12-14 12:24:57,151 INFO  impl.FollowerState (FollowerState.java:runImpl(170)) - s1@group-A5BB6EB0946F-FollowerState was interrupted
2024-12-14 12:24:57,151 INFO  impl.StateMachineUpdater (StateMachineUpdater.java:stopAndJoin(164)) - s12@group-A5BB6EB0946F-StateMachineUpdater: set stopIndex = 251
2024-12-14 12:24:57,151 INFO  impl.FollowerState (FollowerState.java:runImpl(170)) - s12@group-A5BB6EB0946F-FollowerState was interrupted
2024-12-14 12:24:57,151 INFO  impl.StateMachineUpdater (StateMachineUpdater.java:stopAndJoin(164)) - s8@group-A5BB6EB0946F-StateMachineUpdater: set stopIndex = 251
2024-12-14 12:24:57,151 INFO  impl.FollowerState (FollowerState.java:runImpl(170)) - s8@group-A5BB6EB0946F-FollowerState was interrupted
2024-12-14 12:24:57,151 INFO  impl.StateMachineUpdater (StateMachineUpdater.java:stopAndJoin(164)) - s9@group-A5BB6EB0946F-StateMachineUpdater: set stopIndex = 251
2024-12-14 12:24:57,151 INFO  impl.StateMachineUpdater (StateMachineUpdater.java:stop(141)) - s8@group-A5BB6EB0946F-StateMachineUpdater: closing ArithmeticStateMachine, lastApplied=(t:1, i:251)
2024-12-14 12:24:57,152 INFO  impl.StateMachineUpdater (StateMachineUpdater.java:stopAndJoin(164)) - s6@group-A5BB6EB0946F-StateMachineUpdater: set stopIndex = 251
2024-12-14 12:24:57,152 INFO  impl.StateMachineUpdater (StateMachineUpdater.java:stopAndJoin(164)) - s9@group-40388BE3F4D5-StateMachineUpdater: set stopIndex = -1
2024-12-14 12:24:57,152 INFO  impl.FollowerState (FollowerState.java:runImpl(170)) - s9@group-A5BB6EB0946F-FollowerState was interrupted
2024-12-14 12:24:57,150 INFO  impl.StateMachineUpdater (StateMachineUpdater.java:stopAndJoin(164)) - s10@group-40388BE3F4D5-StateMachineUpdater: set stopIndex = -1
2024-12-14 12:24:57,152 INFO  raftlog.RaftLog (SegmentedRaftLog.java:close(568)) - Start closing s10@group-40388BE3F4D5-SegmentedRaftLog:OPENED:c-1:lastnull
2024-12-14 12:24:57,152 INFO  impl.StateMachineUpdater (StateMachineUpdater.java:stop(141)) - s9@group-40388BE3F4D5-StateMachineUpdater: closing ArithmeticStateMachine, lastApplied=(t:0, i:~)
2024-12-14 12:24:57,152 INFO  raftlog.RaftLog (SegmentedRaftLog.java:close(568)) - Start closing s4@group-A5BB6EB0946F-SegmentedRaftLog:OPENED:c251:last(t:1, i:252)
2024-12-14 12:24:57,152 INFO  raftlog.RaftLog (SegmentedRaftLog.java:close(568)) - Start closing s9@group-40388BE3F4D5-SegmentedRaftLog:OPENED:c-1:lastnull
2024-12-14 12:24:57,152 INFO  impl.StateMachineUpdater (StateMachineUpdater.java:stop(141)) - s6@group-A5BB6EB0946F-StateMachineUpdater: closing ArithmeticStateMachine, lastApplied=(t:1, i:251)
2024-12-14 12:24:57,151 INFO  impl.StateMachineUpdater (StateMachineUpdater.java:stop(141)) - s9@group-A5BB6EB0946F-StateMachineUpdater: closing ArithmeticStateMachine, lastApplied=(t:1, i:251)
2024-12-14 12:24:57,151 INFO  impl.StateMachineUpdater (StateMachineUpdater.java:stop(141)) - s12@group-A5BB6EB0946F-StateMachineUpdater: closing ArithmeticStateMachine, lastApplied=(t:1, i:251)
2024-12-14 12:24:57,151 INFO  impl.StateMachineUpdater (StateMachineUpdater.java:stop(141)) - s1@group-A5BB6EB0946F-StateMachineUpdater: closing ArithmeticStateMachine, lastApplied=(t:1, i:251)
2024-12-14 12:24:57,153 INFO  raftlog.RaftLog (SegmentedRaftLog.java:close(568)) - Start closing s12@group-A5BB6EB0946F-SegmentedRaftLog:OPENED:c251:last(t:1, i:252)
2024-12-14 12:24:57,151 INFO  impl.FollowerState (FollowerState.java:runImpl(170)) - s4@group-A5BB6EB0946F-FollowerState was interrupted
2024-12-14 12:24:57,151 INFO  impl.StateMachineUpdater (StateMachineUpdater.java:stopAndJoin(164)) - s4@group-40388BE3F4D5-StateMachineUpdater: set stopIndex = -1
2024-12-14 12:24:57,153 INFO  raftlog.RaftLog (SegmentedRaftLog.java:close(568)) - Start closing s4@group-40388BE3F4D5-SegmentedRaftLog:OPENED:c-1:lastnull
2024-12-14 12:24:57,151 INFO  impl.StateMachineUpdater (StateMachineUpdater.java:stop(141)) - s11@group-A5BB6EB0946F-StateMachineUpdater: closing ArithmeticStateMachine, lastApplied=(t:1, i:251)
2024-12-14 12:24:57,150 INFO  impl.StateMachineUpdater (StateMachineUpdater.java:stop(141)) - s10@group-A5BB6EB0946F-StateMachineUpdater: closing ArithmeticStateMachine, lastApplied=(t:1, i:251)
2024-12-14 12:24:57,150 INFO  util.AwaitToRun (AwaitToRun.java:run(49)) - s7@group-A5BB6EB0946F-cacheEviction-AwaitToRun-AwaitForSignal is interrupted
2024-12-14 12:24:57,168 INFO  raftlog.RaftLog (SegmentedRaftLog.java:close(568)) - Start closing s10@group-A5BB6EB0946F-SegmentedRaftLog:OPENED:c251:last(t:1, i:252)
2024-12-14 12:24:57,168 INFO  impl.StateMachineUpdater (StateMachineUpdater.java:stop(141)) - s8@group-40388BE3F4D5-StateMachineUpdater: closing ArithmeticStateMachine, lastApplied=(t:0, i:~)
2024-12-14 12:24:57,168 INFO  segmented.LogSegment (LogSegment.java:close(349)) - Successfully closed EntryCache-log_inprogress_0
2024-12-14 12:24:57,169 INFO  util.AwaitToRun (AwaitToRun.java:run(49)) - s10@group-A5BB6EB0946F-cacheEviction-AwaitToRun-AwaitForSignal is interrupted
2024-12-14 12:24:57,168 INFO  server.GrpcServerProtocolClient (GrpcServerProtocolClient.java:close(105)) - s2 Close channels
2024-12-14 12:24:57,168 INFO  server.GrpcServerProtocolClient (GrpcServerProtocolClient.java:close(105)) - s1 Close channels
2024-12-14 12:24:57,169 INFO  segmented.LogSegment (LogSegment.java:close(349)) - Successfully closed EntryCache-log_inprogress_0
2024-12-14 12:24:57,167 INFO  server.GrpcServerProtocolClient (GrpcServerProtocolClient.java:close(105)) - s0 Close channels
2024-12-14 12:24:57,167 INFO  server.GrpcServerProtocolClient (GrpcServerProtocolClient.java:close(105)) - s14 Close channels
2024-12-14 12:24:57,167 INFO  server.GrpcServerProtocolClient (GrpcServerProtocolClient.java:close(105)) - s12 Close channels
2024-12-14 12:24:57,167 INFO  server.GrpcServerProtocolClient (GrpcServerProtocolClient.java:close(105)) - s13 Close channels
2024-12-14 12:24:57,167 INFO  server.GrpcServerProtocolClient (GrpcServerProtocolClient.java:close(105)) - s10 Close channels
2024-12-14 12:24:57,167 INFO  server.GrpcServerProtocolClient (GrpcServerProtocolClient.java:close(105)) - s11 Close channels
2024-12-14 12:24:57,167 INFO  server.GrpcServerProtocolClient (GrpcServerProtocolClient.java:close(105)) - s9 Close channels
2024-12-14 12:24:57,167 INFO  server.GrpcServerProtocolClient (GrpcServerProtocolClient.java:close(105)) - s8 Close channels
2024-12-14 12:24:57,167 INFO  server.GrpcServerProtocolClient (GrpcServerProtocolClient.java:close(105)) - s7 Close channels
2024-12-14 12:24:57,167 INFO  server.GrpcServerProtocolClient (GrpcServerProtocolClient.java:close(105)) - s6 Close channels
2024-12-14 12:24:57,167 INFO  server.GrpcServerProtocolClient (GrpcServerProtocolClient.java:close(105)) - s14 Close channels
2024-12-14 12:24:57,165 INFO  server.GrpcServicesImpl (GrpcServicesImpl.java:closeImpl(371)) - s0: shutdown server GrpcServerProtocolService successfully
2024-12-14 12:24:57,165 INFO  server.GrpcServerProtocolClient (GrpcServerProtocolClient.java:close(105)) - s3 Close channels
2024-12-14 12:24:57,165 INFO  impl.StateMachineUpdater (StateMachineUpdater.java:stopAndJoin(164)) - s0@group-40388BE3F4D5-StateMachineUpdater: set stopIndex = -1
2024-12-14 12:24:57,171 INFO  raftlog.RaftLog (SegmentedRaftLog.java:close(568)) - Start closing s0@group-40388BE3F4D5-SegmentedRaftLog:OPENED:c-1:lastnull
2024-12-14 12:24:57,165 INFO  impl.StateMachineUpdater (StateMachineUpdater.java:stopAndJoin(164)) - s6@group-40388BE3F4D5-StateMachineUpdater: set stopIndex = -1
2024-12-14 12:24:57,171 INFO  raftlog.RaftLog (SegmentedRaftLog.java:close(568)) - Start closing s6@group-40388BE3F4D5-SegmentedRaftLog:OPENED:c-1:lastnull
2024-12-14 12:24:57,159 INFO  server.GrpcServerProtocolClient (GrpcServerProtocolClient.java:close(105)) - s3 Close channels
2024-12-14 12:24:57,158 INFO  server.GrpcLogAppender (GrpcLogAppender.java:onError(546)) - s5@group-A5BB6EB0946F->s1-GrpcLogAppender is already stopped
2024-12-14 12:24:57,158 INFO  server.GrpcLogAppender (GrpcLogAppender.java:onError(546)) - s5@group-A5BB6EB0946F->s13-GrpcLogAppender is already stopped
2024-12-14 12:24:57,158 INFO  server.GrpcLogAppender (GrpcLogAppender.java:onError(546)) - s5@group-A5BB6EB0946F->s2-GrpcLogAppender is already stopped
2024-12-14 12:24:57,158 INFO  server.GrpcLogAppender (GrpcLogAppender.java:onError(546)) - s5@group-A5BB6EB0946F->s7-GrpcLogAppender is already stopped
2024-12-14 12:24:57,158 INFO  server.GrpcLogAppender (GrpcLogAppender.java:onError(546)) - s5@group-A5BB6EB0946F->s14-GrpcLogAppender is already stopped
2024-12-14 12:24:57,158 INFO  server.GrpcLogAppender (GrpcLogAppender.java:onError(546)) - s5@group-A5BB6EB0946F->s10-GrpcLogAppender is already stopped
2024-12-14 12:24:57,158 INFO  server.GrpcLogAppender (GrpcLogAppender.java:onError(546)) - s5@group-A5BB6EB0946F->s12-GrpcLogAppender is already stopped
2024-12-14 12:24:57,158 INFO  impl.StateMachineUpdater (StateMachineUpdater.java:stop(141)) - s14@group-A5BB6EB0946F-StateMachineUpdater: closing ArithmeticStateMachine, lastApplied=(t:1, i:251)
2024-12-14 12:24:57,158 INFO  server.GrpcLogAppender (GrpcLogAppender.java:onError(546)) - s5@group-A5BB6EB0946F->s14-GrpcLogAppender is already stopped
2024-12-14 12:24:57,158 INFO  server.GrpcLogAppender (GrpcLogAppender.java:onError(546)) - s5@group-A5BB6EB0946F->s12-GrpcLogAppender is already stopped
2024-12-14 12:24:57,158 INFO  impl.StateMachineUpdater (StateMachineUpdater.java:stop(141)) - s13@group-A5BB6EB0946F-StateMachineUpdater: closing ArithmeticStateMachine, lastApplied=(t:1, i:251)
2024-12-14 12:24:57,158 INFO  impl.StateMachineUpdater (StateMachineUpdater.java:stopAndJoin(164)) - s8@group-40388BE3F4D5-StateMachineUpdater: set stopIndex = -1
2024-12-14 12:24:57,173 INFO  raftlog.RaftLog (SegmentedRaftLog.java:close(568)) - Start closing s8@group-40388BE3F4D5-SegmentedRaftLog:OPENED:c-1:lastnull
2024-12-14 12:24:57,158 INFO  server.GrpcLogAppender (GrpcLogAppender.java:onError(546)) - s5@group-A5BB6EB0946F->s9-GrpcLogAppender is already stopped
2024-12-14 12:24:57,158 INFO  impl.StateMachineUpdater (StateMachineUpdater.java:stopAndJoin(164)) - s13@group-A5BB6EB0946F-StateMachineUpdater: set stopIndex = 251
2024-12-14 12:24:57,158 INFO  server.GrpcLogAppender (GrpcLogAppender.java:onError(546)) - s5@group-A5BB6EB0946F->s0-GrpcLogAppender is already stopped
2024-12-14 12:24:57,158 INFO  impl.FollowerState (FollowerState.java:runImpl(170)) - s14@group-A5BB6EB0946F-FollowerState was interrupted
2024-12-14 12:24:57,158 INFO  server.GrpcLogAppender (GrpcLogAppender.java:onError(546)) - s8@group-2C18EF48B090->s7-GrpcLogAppender is already stopped
2024-12-14 12:24:57,158 INFO  impl.StateMachineUpdater (StateMachineUpdater.java:stopAndJoin(164)) - s14@group-A5BB6EB0946F-StateMachineUpdater: set stopIndex = 251
2024-12-14 12:24:57,174 INFO  raftlog.RaftLog (SegmentedRaftLog.java:close(568)) - Start closing s14@group-A5BB6EB0946F-SegmentedRaftLog:OPENED:c251:last(t:1, i:252)
2024-12-14 12:24:57,158 INFO  server.GrpcLogAppender (GrpcLogAppender.java:onError(546)) - s5@group-A5BB6EB0946F->s7-GrpcLogAppender is already stopped
2024-12-14 12:24:57,153 INFO  raftlog.RaftLog (SegmentedRaftLog.java:close(568)) - Start closing s11@group-A5BB6EB0946F-SegmentedRaftLog:OPENED:c251:last(t:1, i:252)
2024-12-14 12:24:57,153 INFO  raftlog.RaftLog (SegmentedRaftLog.java:close(568)) - Start closing s1@group-A5BB6EB0946F-SegmentedRaftLog:OPENED:c251:last(t:1, i:252)
2024-12-14 12:24:57,153 INFO  server.GrpcServicesImpl (GrpcServicesImpl.java:closeImpl(371)) - s12: shutdown server GrpcServerProtocolService successfully
2024-12-14 12:24:57,152 INFO  raftlog.RaftLog (SegmentedRaftLog.java:close(568)) - Start closing s9@group-A5BB6EB0946F-SegmentedRaftLog:OPENED:c251:last(t:1, i:252)
2024-12-14 12:24:57,152 INFO  raftlog.RaftLog (SegmentedRaftLog.java:close(568)) - Start closing s6@group-A5BB6EB0946F-SegmentedRaftLog:OPENED:c251:last(t:1, i:252)
2024-12-14 12:24:57,152 INFO  raftlog.RaftLog (SegmentedRaftLog.java:close(568)) - Start closing s8@group-A5BB6EB0946F-SegmentedRaftLog:OPENED:c251:last(t:1, i:252)
2024-12-14 12:24:57,174 INFO  raftlog.RaftLog (SegmentedRaftLog.java:close(568)) - Start closing s13@group-A5BB6EB0946F-SegmentedRaftLog:OPENED:c251:last(t:1, i:252)
2024-12-14 12:24:57,171 INFO  server.GrpcServicesImpl (GrpcServicesImpl.java:closeImpl(371)) - s2: shutdown server GrpcServerProtocolService successfully
2024-12-14 12:24:57,169 INFO  server.GrpcServerProtocolClient (GrpcServerProtocolClient.java:close(105)) - s4 Close channels
2024-12-14 12:24:57,175 INFO  server.GrpcServicesImpl (GrpcServicesImpl.java:closeImpl(371)) - s5: shutdown server GrpcServerProtocolService successfully
2024-12-14 12:24:57,182 INFO  util.AwaitToRun (AwaitToRun.java:run(49)) - s4@group-40388BE3F4D5-cacheEviction-AwaitToRun-AwaitForSignal is interrupted
2024-12-14 12:24:57,182 INFO  util.AwaitToRun (AwaitToRun.java:run(49)) - s12@group-A5BB6EB0946F-cacheEviction-AwaitToRun-AwaitForSignal is interrupted
2024-12-14 12:24:57,183 INFO  util.AwaitToRun (AwaitToRun.java:run(49)) - s9@group-40388BE3F4D5-cacheEviction-AwaitToRun-AwaitForSignal is interrupted
2024-12-14 12:24:57,183 INFO  server.GrpcServicesImpl (GrpcServicesImpl.java:closeImpl(371)) - s13: shutdown server GrpcServerProtocolService successfully
2024-12-14 12:24:57,184 INFO  util.AwaitToRun (AwaitToRun.java:run(49)) - s10@group-40388BE3F4D5-cacheEviction-AwaitToRun-AwaitForSignal is interrupted
2024-12-14 12:24:57,184 INFO  segmented.LogSegment (LogSegment.java:close(349)) - Successfully closed EntryCache-log_inprogress_0
2024-12-14 12:24:57,183 INFO  util.AwaitToRun (AwaitToRun.java:run(49)) - s4@group-A5BB6EB0946F-cacheEviction-AwaitToRun-AwaitForSignal is interrupted
2024-12-14 12:24:57,185 INFO  segmented.LogSegment (LogSegment.java:close(349)) - Successfully closed EntryCache-log_inprogress_0
2024-12-14 12:24:57,187 INFO  server.GrpcServicesImpl (GrpcServicesImpl.java:closeImpl(371)) - s9: shutdown server GrpcServerProtocolService successfully
2024-12-14 12:24:57,187 INFO  util.AwaitToRun (AwaitToRun.java:run(49)) - s12@group-40388BE3F4D5-cacheEviction-AwaitToRun-AwaitForSignal is interrupted
2024-12-14 12:24:57,187 INFO  util.AwaitToRun (AwaitToRun.java:run(49)) - s13@group-40388BE3F4D5-cacheEviction-AwaitToRun-AwaitForSignal is interrupted
2024-12-14 12:24:57,188 INFO  util.AwaitToRun (AwaitToRun.java:run(49)) - s0@group-A5BB6EB0946F-cacheEviction-AwaitToRun-AwaitForSignal is interrupted
2024-12-14 12:24:57,188 INFO  segmented.LogSegment (LogSegment.java:close(349)) - Successfully closed EntryCache-log_inprogress_0
2024-12-14 12:24:57,194 INFO  server.GrpcServicesImpl (GrpcServicesImpl.java:closeImpl(371)) - s10: shutdown server GrpcServerProtocolService successfully
2024-12-14 12:24:57,204 INFO  server.GrpcServicesImpl (GrpcServicesImpl.java:closeImpl(371)) - s4: shutdown server GrpcServerProtocolService successfully
2024-12-14 12:24:57,205 INFO  util.AwaitToRun (AwaitToRun.java:run(49)) - s5@group-40388BE3F4D5-cacheEviction-AwaitToRun-AwaitForSignal is interrupted
2024-12-14 12:24:57,205 INFO  util.AwaitToRun (AwaitToRun.java:run(49)) - s3@group-40388BE3F4D5-cacheEviction-AwaitToRun-AwaitForSignal is interrupted
2024-12-14 12:24:57,205 INFO  segmented.SegmentedRaftLogWorker (SegmentedRaftLogWorker.java:close(254)) - s7@group-40388BE3F4D5-SegmentedRaftLogWorker close()
2024-12-14 12:24:57,206 INFO  server.GrpcServerProtocolClient (GrpcServerProtocolClient.java:close(105)) - s2 Close channels
2024-12-14 12:24:57,207 INFO  util.AwaitToRun (AwaitToRun.java:run(49)) - s8@group-A5BB6EB0946F-cacheEviction-AwaitToRun-AwaitForSignal is interrupted
2024-12-14 12:24:57,207 INFO  util.AwaitToRun (AwaitToRun.java:run(49)) - s6@group-A5BB6EB0946F-cacheEviction-AwaitToRun-AwaitForSignal is interrupted
2024-12-14 12:24:57,207 INFO  util.AwaitToRun (AwaitToRun.java:run(49)) - s1@group-A5BB6EB0946F-cacheEviction-AwaitToRun-AwaitForSignal is interrupted
2024-12-14 12:24:57,208 INFO  segmented.LogSegment (LogSegment.java:close(349)) - Successfully closed EntryCache-log_inprogress_0
2024-12-14 12:24:57,208 INFO  util.AwaitToRun (AwaitToRun.java:run(49)) - s11@group-A5BB6EB0946F-cacheEviction-AwaitToRun-AwaitForSignal is interrupted
2024-12-14 12:24:57,207 INFO  util.AwaitToRun (AwaitToRun.java:run(49)) - s13@group-A5BB6EB0946F-cacheEviction-AwaitToRun-AwaitForSignal is interrupted
2024-12-14 12:24:57,207 INFO  segmented.SegmentedRaftLogWorker (SegmentedRaftLogWorker.java:close(254)) - s14@group-40388BE3F4D5-SegmentedRaftLogWorker close()
2024-12-14 12:24:57,214 INFO  util.AwaitToRun (AwaitToRun.java:run(49)) - s0@group-40388BE3F4D5-cacheEviction-AwaitToRun-AwaitForSignal is interrupted
2024-12-14 12:24:57,216 INFO  segmented.SegmentedRaftLogWorker (SegmentedRaftLogWorker.java:close(254)) - s1@group-40388BE3F4D5-SegmentedRaftLogWorker close()
2024-12-14 12:24:57,214 INFO  util.AwaitToRun (AwaitToRun.java:run(49)) - s6@group-40388BE3F4D5-cacheEviction-AwaitToRun-AwaitForSignal is interrupted
2024-12-14 12:24:57,213 INFO  raftlog.RaftLog (SegmentedRaftLog.java:close(576)) - Successfully closed s7@group-40388BE3F4D5-SegmentedRaftLog:CLOSED:c-1
2024-12-14 12:24:57,213 INFO  util.AwaitToRun (AwaitToRun.java:run(49)) - s8@group-40388BE3F4D5-cacheEviction-AwaitToRun-AwaitForSignal is interrupted
2024-12-14 12:24:57,209 INFO  util.AwaitToRun (AwaitToRun.java:run(49)) - s14@group-A5BB6EB0946F-cacheEviction-AwaitToRun-AwaitForSignal is interrupted
2024-12-14 12:24:57,217 INFO  raftlog.RaftLog (SegmentedRaftLog.java:close(576)) - Successfully closed s1@group-40388BE3F4D5-SegmentedRaftLog:CLOSED:c-1
2024-12-14 12:24:57,217 INFO  segmented.LogSegment (LogSegment.java:close(349)) - Successfully closed EntryCache-log_inprogress_0
2024-12-14 12:24:57,217 INFO  server.GrpcServicesImpl (GrpcServicesImpl.java:closeImpl(371)) - s14: shutdown server GrpcServerProtocolService successfully
2024-12-14 12:24:57,218 INFO  segmented.LogSegment (LogSegment.java:close(349)) - Successfully closed EntryCache-log_inprogress_0
2024-12-14 12:24:57,218 INFO  segmented.LogSegment (LogSegment.java:close(349)) - Successfully closed EntryCache-log_inprogress_0
2024-12-14 12:24:57,219 INFO  segmented.LogSegment (LogSegment.java:close(349)) - Successfully closed EntryCache-log_inprogress_0
2024-12-14 12:24:57,208 INFO  segmented.LogSegment (LogSegment.java:close(349)) - Successfully closed EntryCache-log_inprogress_0
2024-12-14 12:24:57,207 INFO  util.AwaitToRun (AwaitToRun.java:run(49)) - s9@group-A5BB6EB0946F-cacheEviction-AwaitToRun-AwaitForSignal is interrupted
2024-12-14 12:24:57,220 INFO  segmented.LogSegment (LogSegment.java:close(349)) - Successfully closed EntryCache-log_inprogress_0
2024-12-14 12:24:57,220 INFO  segmented.SegmentedRaftLogWorker (SegmentedRaftLogWorker.java:close(254)) - s2@group-40388BE3F4D5-SegmentedRaftLogWorker close()
2024-12-14 12:24:57,215 INFO  raftlog.RaftLog (SegmentedRaftLog.java:close(576)) - Successfully closed s14@group-40388BE3F4D5-SegmentedRaftLog:CLOSED:c-1
2024-12-14 12:24:57,221 INFO  impl.MiniRaftCluster (MiniRaftCluster.java:lambda$null$7(362)) - TIMED-PRINT: printing ALL groups
  s3:  CLOSING [
   FOLLOWER s3@group-A5BB6EB0946F:t1, leader=s5, voted=null, raftlog=Memoized:s3@group-A5BB6EB0946F-SegmentedRaftLog:CLOSED:c251, conf=conf: {index: 131, cur=peers:[s3|0.0.0.0:15003, s4|0.0.0.0:15004, s5|0.0.0.0:15005, s6|0.0.0.0:15006, s7|0.0.0.0:15007, s8|0.0.0.0:15008, s9|0.0.0.0:15009, s11|0.0.0.0:15011, s10|0.0.0.0:15010, s13|0.0.0.0:15013, s12|0.0.0.0:15012, s14|0.0.0.0:15014, s0|0.0.0.0:15000, s1|0.0.0.0:15001, s2|0.0.0.0:15002]|listeners:[], old=null} CLOSING
   FOLLOWER s3@group-40388BE3F4D5:t0, leader=null, voted=, raftlog=Memoized:s3@group-40388BE3F4D5-SegmentedRaftLog:CLOSED:c-1, conf=conf: {index: -1, cur=peers:[]|listeners:[], old=null} CLOSING] size=2
  s4:  CLOSING [
   FOLLOWER s4@group-A5BB6EB0946F:t1, leader=s5, voted=s5, raftlog=Memoized:s4@group-A5BB6EB0946F-SegmentedRaftLog:CLOSED:c251, conf=conf: {index: 131, cur=peers:[s3|0.0.0.0:15003, s4|0.0.0.0:15004, s5|0.0.0.0:15005, s6|0.0.0.0:15006, s7|0.0.0.0:15007, s8|0.0.0.0:15008, s9|0.0.0.0:15009, s11|0.0.0.0:15011, s10|0.0.0.0:15010, s13|0.0.0.0:15013, s12|0.0.0.0:15012, s14|0.0.0.0:15014, s0|0.0.0.0:15000, s1|0.0.0.0:15001, s2|0.0.0.0:15002]|listeners:[], old=null} CLOSING
   FOLLOWER s4@group-40388BE3F4D5:t0, leader=null, voted=, raftlog=Memoized:s4@group-40388BE3F4D5-SegmentedRaftLog:CLOSED:c-1, conf=conf: {index: -1, cur=peers:[]|listeners:[], old=null} CLOSING] size=2
  s5:  CLOSING [
     LEADER s5@group-A5BB6EB0946F:t1, leader=s5, voted=s5, raftlog=Memoized:s5@group-A5BB6EB0946F-SegmentedRaftLog:CLOSED:c252, conf=conf: {index: 131, cur=peers:[s3|0.0.0.0:15003, s4|0.0.0.0:15004, s5|0.0.0.0:15005, s6|0.0.0.0:15006, s7|0.0.0.0:15007, s8|0.0.0.0:15008, s9|0.0.0.0:15009, s11|0.0.0.0:15011, s10|0.0.0.0:15010, s13|0.0.0.0:15013, s12|0.0.0.0:15012, s14|0.0.0.0:15014, s0|0.0.0.0:15000, s1|0.0.0.0:15001, s2|0.0.0.0:15002]|listeners:[], old=null} CLOSING
   FOLLOWER s5@group-40388BE3F4D5:t0, leader=null, voted=, raftlog=Memoized:s5@group-40388BE3F4D5-SegmentedRaftLog:CLOSED:c-1, conf=conf: {index: -1, cur=peers:[]|listeners:[], old=null} CLOSING] size=2
  s6:  CLOSING [
   FOLLOWER s6@group-A5BB6EB0946F:t1, leader=s5, voted=s5, raftlog=Memoized:s6@group-A5BB6EB0946F-SegmentedRaftLog:CLOSED:c251, conf=conf: {index: 131, cur=peers:[s3|0.0.0.0:15003, s4|0.0.0.0:15004, s5|0.0.0.0:15005, s6|0.0.0.0:15006, s7|0.0.0.0:15007, s8|0.0.0.0:15008, s9|0.0.0.0:15009, s11|0.0.0.0:15011, s10|0.0.0.0:15010, s13|0.0.0.0:15013, s12|0.0.0.0:15012, s14|0.0.0.0:15014, s0|0.0.0.0:15000, s1|0.0.0.0:15001, s2|0.0.0.0:15002]|listeners:[], old=null} CLOSING
   FOLLOWER s6@group-40388BE3F4D5:t0, leader=null, voted=, raftlog=Memoized:s6@group-40388BE3F4D5-SegmentedRaftLog:CLOSED:c-1, conf=conf: {index: -1, cur=peers:[]|listeners:[], old=null} CLOSING] size=2
  s7:  CLOSING [
   FOLLOWER s7@group-A5BB6EB0946F:t1, leader=s5, voted=null, raftlog=Memoized:s7@group-A5BB6EB0946F-SegmentedRaftLog:CLOSED:c251, conf=conf: {index: 131, cur=peers:[s3|0.0.0.0:15003, s4|0.0.0.0:15004, s5|0.0.0.0:15005, s6|0.0.0.0:15006, s7|0.0.0.0:15007, s8|0.0.0.0:15008, s9|0.0.0.0:15009, s11|0.0.0.0:15011, s10|0.0.0.0:15010, s13|0.0.0.0:15013, s12|0.0.0.0:15012, s14|0.0.0.0:15014, s0|0.0.0.0:15000, s1|0.0.0.0:15001, s2|0.0.0.0:15002]|listeners:[], old=null} CLOSING
   FOLLOWER s7@group-40388BE3F4D5:t0, leader=null, voted=, raftlog=Memoized:s7@group-40388BE3F4D5-SegmentedRaftLog:CLOSED:c-1, conf=conf: {index: -1, cur=peers:[]|listeners:[], old=null} CLOSED] size=2
  s8:  CLOSING [
   FOLLOWER s8@group-A5BB6EB0946F:t1, leader=s5, voted=null, raftlog=Memoized:s8@group-A5BB6EB0946F-SegmentedRaftLog:CLOSED:c251, conf=conf: {index: 131, cur=peers:[s3|0.0.0.0:15003, s4|0.0.0.0:15004, s5|0.0.0.0:15005, s6|0.0.0.0:15006, s7|0.0.0.0:15007, s8|0.0.0.0:15008, s9|0.0.0.0:15009, s11|0.0.0.0:15011, s10|0.0.0.0:15010, s13|0.0.0.0:15013, s12|0.0.0.0:15012, s14|0.0.0.0:15014, s0|0.0.0.0:15000, s1|0.0.0.0:15001, s2|0.0.0.0:15002]|listeners:[], old=null} CLOSING
   FOLLOWER s8@group-40388BE3F4D5:t0, leader=null, voted=, raftlog=Memoized:s8@group-40388BE3F4D5-SegmentedRaftLog:CLOSED:c-1, conf=conf: {index: -1, cur=peers:[]|listeners:[], old=null} CLOSING] size=2
  s9:  CLOSING [
   FOLLOWER s9@group-A5BB6EB0946F:t1, leader=s5, voted=null, raftlog=Memoized:s9@group-A5BB6EB0946F-SegmentedRaftLog:CLOSED:c251, conf=conf: {index: 131, cur=peers:[s3|0.0.0.0:15003, s4|0.0.0.0:15004, s5|0.0.0.0:15005, s6|0.0.0.0:15006, s7|0.0.0.0:15007, s8|0.0.0.0:15008, s9|0.0.0.0:15009, s11|0.0.0.0:15011, s10|0.0.0.0:15010, s13|0.0.0.0:15013, s12|0.0.0.0:15012, s14|0.0.0.0:15014, s0|0.0.0.0:15000, s1|0.0.0.0:15001, s2|0.0.0.0:15002]|listeners:[], old=null} CLOSING
   FOLLOWER s9@group-40388BE3F4D5:t0, leader=null, voted=, raftlog=Memoized:s9@group-40388BE3F4D5-SegmentedRaftLog:CLOSED:c-1, conf=conf: {index: -1, cur=peers:[]|listeners:[], old=null} CLOSING] size=2
  s11:  CLOSING [
   FOLLOWER s11@group-A5BB6EB0946F:t1, leader=s5, voted=null, raftlog=Memoized:s11@group-A5BB6EB0946F-SegmentedRaftLog:CLOSED:c251, conf=conf: {index: 131, cur=peers:[s3|0.0.0.0:15003, s4|0.0.0.0:15004, s5|0.0.0.0:15005, s6|0.0.0.0:15006, s7|0.0.0.0:15007, s8|0.0.0.0:15008, s9|0.0.0.0:15009, s11|0.0.0.0:15011, s10|0.0.0.0:15010, s13|0.0.0.0:15013, s12|0.0.0.0:15012, s14|0.0.0.0:15014, s0|0.0.0.0:15000, s1|0.0.0.0:15001, s2|0.0.0.0:15002]|listeners:[], old=null} CLOSING
   FOLLOWER s11@group-40388BE3F4D5:t0, leader=null, voted=, raftlog=Memoized:s11@group-40388BE3F4D5-SegmentedRaftLog:CLOSED:c-1, conf=conf: {index: -1, cur=peers:[]|listeners:[], old=null} CLOSING] size=2
  s10:  CLOSING [
   FOLLOWER s10@group-A5BB6EB0946F:t1, leader=s5, voted=null, raftlog=Memoized:s10@group-A5BB6EB0946F-SegmentedRaftLog:CLOSED:c251, conf=conf: {index: 131, cur=peers:[s3|0.0.0.0:15003, s4|0.0.0.0:15004, s5|0.0.0.0:15005, s6|0.0.0.0:15006, s7|0.0.0.0:15007, s8|0.0.0.0:15008, s9|0.0.0.0:15009, s11|0.0.0.0:15011, s10|0.0.0.0:15010, s13|0.0.0.0:15013, s12|0.0.0.0:15012, s14|0.0.0.0:15014, s0|0.0.0.0:15000, s1|0.0.0.0:15001, s2|0.0.0.0:15002]|listeners:[], old=null} CLOSING
   FOLLOWER s10@group-40388BE3F4D5:t0, leader=null, voted=, raftlog=Memoized:s10@group-40388BE3F4D5-SegmentedRaftLog:CLOSED:c-1, conf=conf: {index: -1, cur=peers:[]|listeners:[], old=null} CLOSING] size=2
  s13:  CLOSING [
   FOLLOWER s13@group-A5BB6EB0946F:t1, leader=s5, voted=null, raftlog=Memoized:s13@group-A5BB6EB0946F-SegmentedRaftLog:CLOSED:c251, conf=conf: {index: 131, cur=peers:[s3|0.0.0.0:15003, s4|0.0.0.0:15004, s5|0.0.0.0:15005, s6|0.0.0.0:15006, s7|0.0.0.0:15007, s8|0.0.0.0:15008, s9|0.0.0.0:15009, s11|0.0.0.0:15011, s10|0.0.0.0:15010, s13|0.0.0.0:15013, s12|0.0.0.0:15012, s14|0.0.0.0:15014, s0|0.0.0.0:15000, s1|0.0.0.0:15001, s2|0.0.0.0:15002]|listeners:[], old=null} CLOSING
   FOLLOWER s13@group-40388BE3F4D5:t0, leader=null, voted=, raftlog=Memoized:s13@group-40388BE3F4D5-SegmentedRaftLog:CLOSED:c-1, conf=conf: {index: -1, cur=peers:[]|listeners:[], old=null} CLOSING] size=2
  s12:  CLOSING [
   FOLLOWER s12@group-A5BB6EB0946F:t1, leader=s5, voted=null, raftlog=Memoized:s12@group-A5BB6EB0946F-SegmentedRaftLog:CLOSED:c251, conf=conf: {index: 131, cur=peers:[s3|0.0.0.0:15003, s4|0.0.0.0:15004, s5|0.0.0.0:15005, s6|0.0.0.0:15006, s7|0.0.0.0:15007, s8|0.0.0.0:15008, s9|0.0.0.0:15009, s11|0.0.0.0:15011, s10|0.0.0.0:15010, s13|0.0.0.0:15013, s12|0.0.0.0:15012, s14|0.0.0.0:15014, s0|0.0.0.0:15000, s1|0.0.0.0:15001, s2|0.0.0.0:15002]|listeners:[], old=null} CLOSING
   FOLLOWER s12@group-40388BE3F4D5:t0, leader=null, voted=, raftlog=Memoized:s12@group-40388BE3F4D5-SegmentedRaftLog:CLOSED:c-1, conf=conf: {index: -1, cur=peers:[]|listeners:[], old=null} CLOSING] size=2
  s14:  CLOSING [
   FOLLOWER s14@group-A5BB6EB0946F:t1, leader=s5, voted=null, raftlog=Memoized:s14@group-A5BB6EB0946F-SegmentedRaftLog:CLOSED:c251, conf=conf: {index: 131, cur=peers:[s3|0.0.0.0:15003, s4|0.0.0.0:15004, s5|0.0.0.0:15005, s6|0.0.0.0:15006, s7|0.0.0.0:15007, s8|0.0.0.0:15008, s9|0.0.0.0:15009, s11|0.0.0.0:15011, s10|0.0.0.0:15010, s13|0.0.0.0:15013, s12|0.0.0.0:15012, s14|0.0.0.0:15014, s0|0.0.0.0:15000, s1|0.0.0.0:15001, s2|0.0.0.0:15002]|listeners:[], old=null} CLOSING
   FOLLOWER s14@group-40388BE3F4D5:t0, leader=null, voted=, raftlog=Memoized:s14@group-40388BE3F4D5-SegmentedRaftLog:CLOSED:c-1, conf=conf: {index: -1, cur=peers:[]|listeners:[], old=null} CLOSING] size=2
  s0:  CLOSING [
   FOLLOWER s0@group-A5BB6EB0946F:t1, leader=s5, voted=null, raftlog=Memoized:s0@group-A5BB6EB0946F-SegmentedRaftLog:CLOSED:c251, conf=conf: {index: 131, cur=peers:[s3|0.0.0.0:15003, s4|0.0.0.0:15004, s5|0.0.0.0:15005, s6|0.0.0.0:15006, s7|0.0.0.0:15007, s8|0.0.0.0:15008, s9|0.0.0.0:15009, s11|0.0.0.0:15011, s10|0.0.0.0:15010, s13|0.0.0.0:15013, s12|0.0.0.0:15012, s14|0.0.0.0:15014, s0|0.0.0.0:15000, s1|0.0.0.0:15001, s2|0.0.0.0:15002]|listeners:[], old=null} CLOSING
   FOLLOWER s0@group-40388BE3F4D5:t0, leader=null, voted=, raftlog=Memoized:s0@group-40388BE3F4D5-SegmentedRaftLog:CLOSED:c-1, conf=conf: {index: -1, cur=peers:[]|listeners:[], old=null} CLOSING] size=2
  s1:  CLOSING [
   FOLLOWER s1@group-A5BB6EB0946F:t1, leader=s5, voted=null, raftlog=Memoized:s1@group-A5BB6EB0946F-SegmentedRaftLog:CLOSED:c251, conf=conf: {index: 131, cur=peers:[s3|0.0.0.0:15003, s4|0.0.0.0:15004, s5|0.0.0.0:15005, s6|0.0.0.0:15006, s7|0.0.0.0:15007, s8|0.0.0.0:15008, s9|0.0.0.0:15009, s11|0.0.0.0:15011, s10|0.0.0.0:15010, s13|0.0.0.0:15013, s12|0.0.0.0:15012, s14|0.0.0.0:15014, s0|0.0.0.0:15000, s1|0.0.0.0:15001, s2|0.0.0.0:15002]|listeners:[], old=null} CLOSING
   FOLLOWER s1@group-40388BE3F4D5:t0, leader=null, voted=, raftlog=Memoized:s1@group-40388BE3F4D5-SegmentedRaftLog:CLOSED:c-1, conf=conf: {index: -1, cur=peers:[]|listeners:[], old=null} CLOSING] size=2
  s2:  CLOSING [
   FOLLOWER s2@group-A5BB6EB0946F:t1, leader=s5, voted=null, raftlog=Memoized:s2@group-A5BB6EB0946F-SegmentedRaftLog:CLOSED:c251, conf=conf: {index: 131, cur=peers:[s3|0.0.0.0:15003, s4|0.0.0.0:15004, s5|0.0.0.0:15005, s6|0.0.0.0:15006, s7|0.0.0.0:15007, s8|0.0.0.0:15008, s9|0.0.0.0:15009, s11|0.0.0.0:15011, s10|0.0.0.0:15010, s13|0.0.0.0:15013, s12|0.0.0.0:15012, s14|0.0.0.0:15014, s0|0.0.0.0:15000, s1|0.0.0.0:15001, s2|0.0.0.0:15002]|listeners:[], old=null} CLOSING
   FOLLOWER s2@group-40388BE3F4D5:t0, leader=null, voted=, raftlog=Memoized:s2@group-40388BE3F4D5-SegmentedRaftLog:CLOSED:c-1, conf=conf: {index: -1, cur=peers:[]|listeners:[], old=null} CLOSING] size=2
2024-12-14 12:24:57,223 INFO  raftlog.RaftLog (SegmentedRaftLog.java:close(576)) - Successfully closed s2@group-40388BE3F4D5-SegmentedRaftLog:CLOSED:c-1
2024-12-14 12:24:58,004 INFO  segmented.SegmentedRaftLogWorker (SegmentedRaftLogWorker.java:close(254)) - s5@group-A5BB6EB0946F-SegmentedRaftLogWorker close()
2024-12-14 12:24:58,004 INFO  raftlog.RaftLog (SegmentedRaftLog.java:close(576)) - Successfully closed s5@group-A5BB6EB0946F-SegmentedRaftLog:CLOSED:c252
2024-12-14 12:24:58,005 INFO  segmented.SegmentedRaftLogWorker (SegmentedRaftLogWorker.java:close(254)) - s4@group-A5BB6EB0946F-SegmentedRaftLogWorker close()
2024-12-14 12:24:58,005 INFO  segmented.SegmentedRaftLogWorker (SegmentedRaftLogWorker.java:close(254)) - s12@group-A5BB6EB0946F-SegmentedRaftLogWorker close()
2024-12-14 12:24:58,006 INFO  segmented.SegmentedRaftLogWorker (SegmentedRaftLogWorker.java:close(254)) - s3@group-A5BB6EB0946F-SegmentedRaftLogWorker close()
2024-12-14 12:24:58,006 INFO  segmented.SegmentedRaftLogWorker (SegmentedRaftLogWorker.java:close(254)) - s13@group-A5BB6EB0946F-SegmentedRaftLogWorker close()
2024-12-14 12:24:58,006 INFO  segmented.SegmentedRaftLogWorker (SegmentedRaftLogWorker.java:close(254)) - s8@group-A5BB6EB0946F-SegmentedRaftLogWorker close()
2024-12-14 12:24:58,007 INFO  segmented.SegmentedRaftLogWorker (SegmentedRaftLogWorker.java:close(254)) - s11@group-A5BB6EB0946F-SegmentedRaftLogWorker close()
2024-12-14 12:24:58,007 INFO  segmented.SegmentedRaftLogWorker (SegmentedRaftLogWorker.java:close(254)) - s7@group-A5BB6EB0946F-SegmentedRaftLogWorker close()
2024-12-14 12:24:58,007 INFO  segmented.SegmentedRaftLogWorker (SegmentedRaftLogWorker.java:close(254)) - s2@group-A5BB6EB0946F-SegmentedRaftLogWorker close()
2024-12-14 12:24:58,008 INFO  segmented.SegmentedRaftLogWorker (SegmentedRaftLogWorker.java:close(254)) - s14@group-A5BB6EB0946F-SegmentedRaftLogWorker close()
2024-12-14 12:24:58,008 INFO  segmented.SegmentedRaftLogWorker (SegmentedRaftLogWorker.java:close(254)) - s0@group-A5BB6EB0946F-SegmentedRaftLogWorker close()
2024-12-14 12:24:58,009 INFO  segmented.SegmentedRaftLogWorker (SegmentedRaftLogWorker.java:close(254)) - s9@group-A5BB6EB0946F-SegmentedRaftLogWorker close()
2024-12-14 12:24:58,010 INFO  segmented.SegmentedRaftLogWorker (SegmentedRaftLogWorker.java:close(254)) - s6@group-A5BB6EB0946F-SegmentedRaftLogWorker close()
2024-12-14 12:24:58,010 INFO  segmented.SegmentedRaftLogWorker (SegmentedRaftLogWorker.java:close(254)) - s10@group-A5BB6EB0946F-SegmentedRaftLogWorker close()
2024-12-14 12:24:58,011 INFO  segmented.SegmentedRaftLogWorker (SegmentedRaftLogWorker.java:close(254)) - s1@group-A5BB6EB0946F-SegmentedRaftLogWorker close()
2024-12-14 12:24:58,017 INFO  raftlog.RaftLog (SegmentedRaftLog.java:close(576)) - Successfully closed s12@group-A5BB6EB0946F-SegmentedRaftLog:CLOSED:c251
2024-12-14 12:24:58,017 INFO  raftlog.RaftLog (SegmentedRaftLog.java:close(576)) - Successfully closed s4@group-A5BB6EB0946F-SegmentedRaftLog:CLOSED:c251
2024-12-14 12:24:58,017 INFO  raftlog.RaftLog (SegmentedRaftLog.java:close(576)) - Successfully closed s3@group-A5BB6EB0946F-SegmentedRaftLog:CLOSED:c251
2024-12-14 12:24:58,018 INFO  raftlog.RaftLog (SegmentedRaftLog.java:close(576)) - Successfully closed s11@group-A5BB6EB0946F-SegmentedRaftLog:CLOSED:c251
2024-12-14 12:24:58,018 INFO  raftlog.RaftLog (SegmentedRaftLog.java:close(576)) - Successfully closed s7@group-A5BB6EB0946F-SegmentedRaftLog:CLOSED:c251
2024-12-14 12:24:58,018 INFO  raftlog.RaftLog (SegmentedRaftLog.java:close(576)) - Successfully closed s2@group-A5BB6EB0946F-SegmentedRaftLog:CLOSED:c251
2024-12-14 12:24:58,018 INFO  raftlog.RaftLog (SegmentedRaftLog.java:close(576)) - Successfully closed s14@group-A5BB6EB0946F-SegmentedRaftLog:CLOSED:c251
2024-12-14 12:24:58,018 INFO  raftlog.RaftLog (SegmentedRaftLog.java:close(576)) - Successfully closed s0@group-A5BB6EB0946F-SegmentedRaftLog:CLOSED:c251
2024-12-14 12:24:58,018 INFO  raftlog.RaftLog (SegmentedRaftLog.java:close(576)) - Successfully closed s8@group-A5BB6EB0946F-SegmentedRaftLog:CLOSED:c251
2024-12-14 12:24:58,018 INFO  raftlog.RaftLog (SegmentedRaftLog.java:close(576)) - Successfully closed s13@group-A5BB6EB0946F-SegmentedRaftLog:CLOSED:c251
2024-12-14 12:24:58,019 INFO  raftlog.RaftLog (SegmentedRaftLog.java:close(576)) - Successfully closed s9@group-A5BB6EB0946F-SegmentedRaftLog:CLOSED:c251
2024-12-14 12:24:58,019 WARN  impl.MiniRaftCluster (MiniRaftCluster.java:shutdown(872)) - 1/30: Not yet able to shutdown executor, will wait again ...
2024-12-14 12:24:58,020 INFO  raftlog.RaftLog (SegmentedRaftLog.java:close(576)) - Successfully closed s6@group-A5BB6EB0946F-SegmentedRaftLog:CLOSED:c251
2024-12-14 12:24:58,020 INFO  raftlog.RaftLog (SegmentedRaftLog.java:close(576)) - Successfully closed s10@group-A5BB6EB0946F-SegmentedRaftLog:CLOSED:c251
2024-12-14 12:24:58,021 INFO  raftlog.RaftLog (SegmentedRaftLog.java:close(576)) - Successfully closed s1@group-A5BB6EB0946F-SegmentedRaftLog:CLOSED:c251
2024-12-14 12:24:58,032 INFO  util.JvmPauseMonitor (JvmPauseMonitor.java:run(152)) - JvmPauseMonitor-s2: Stopped
2024-12-14 12:24:58,032 INFO  segmented.SegmentedRaftLogWorker (SegmentedRaftLogWorker.java:close(254)) - s3@group-40388BE3F4D5-SegmentedRaftLogWorker close()
2024-12-14 12:24:58,033 INFO  util.JvmPauseMonitor (JvmPauseMonitor.java:run(152)) - JvmPauseMonitor-s7: Stopped
2024-12-14 12:24:58,035 INFO  util.JvmPauseMonitor (JvmPauseMonitor.java:run(152)) - JvmPauseMonitor-s14: Stopped
2024-12-14 12:24:58,037 INFO  raftlog.RaftLog (SegmentedRaftLog.java:close(576)) - Successfully closed s3@group-40388BE3F4D5-SegmentedRaftLog:CLOSED:c-1
2024-12-14 12:24:58,037 INFO  util.JvmPauseMonitor (JvmPauseMonitor.java:run(152)) - JvmPauseMonitor-s3: Stopped
2024-12-14 12:24:58,037 INFO  util.JvmPauseMonitor (JvmPauseMonitor.java:run(152)) - JvmPauseMonitor-s1: Stopped
2024-12-14 12:24:58,088 INFO  segmented.SegmentedRaftLogWorker (SegmentedRaftLogWorker.java:close(254)) - s4@group-40388BE3F4D5-SegmentedRaftLogWorker close()
2024-12-14 12:24:58,088 INFO  raftlog.RaftLog (SegmentedRaftLog.java:close(576)) - Successfully closed s4@group-40388BE3F4D5-SegmentedRaftLog:CLOSED:c-1
2024-12-14 12:24:58,089 INFO  util.JvmPauseMonitor (JvmPauseMonitor.java:run(152)) - JvmPauseMonitor-s4: Stopped
2024-12-14 12:24:58,102 INFO  segmented.SegmentedRaftLogWorker (SegmentedRaftLogWorker.java:close(254)) - s5@group-40388BE3F4D5-SegmentedRaftLogWorker close()
2024-12-14 12:24:58,102 INFO  raftlog.RaftLog (SegmentedRaftLog.java:close(576)) - Successfully closed s5@group-40388BE3F4D5-SegmentedRaftLog:CLOSED:c-1
2024-12-14 12:24:58,102 INFO  util.JvmPauseMonitor (JvmPauseMonitor.java:run(152)) - JvmPauseMonitor-s5: Stopped
2024-12-14 12:24:58,106 INFO  segmented.SegmentedRaftLogWorker (SegmentedRaftLogWorker.java:close(254)) - s6@group-40388BE3F4D5-SegmentedRaftLogWorker close()
2024-12-14 12:24:58,106 INFO  raftlog.RaftLog (SegmentedRaftLog.java:close(576)) - Successfully closed s6@group-40388BE3F4D5-SegmentedRaftLog:CLOSED:c-1
2024-12-14 12:24:58,106 INFO  util.JvmPauseMonitor (JvmPauseMonitor.java:run(152)) - JvmPauseMonitor-s6: Stopped
2024-12-14 12:24:58,126 INFO  segmented.SegmentedRaftLogWorker (SegmentedRaftLogWorker.java:close(254)) - s8@group-40388BE3F4D5-SegmentedRaftLogWorker close()
2024-12-14 12:24:58,126 INFO  raftlog.RaftLog (SegmentedRaftLog.java:close(576)) - Successfully closed s8@group-40388BE3F4D5-SegmentedRaftLog:CLOSED:c-1
2024-12-14 12:24:58,126 INFO  util.JvmPauseMonitor (JvmPauseMonitor.java:run(152)) - JvmPauseMonitor-s8: Stopped
2024-12-14 12:24:58,134 INFO  segmented.SegmentedRaftLogWorker (SegmentedRaftLogWorker.java:close(254)) - s9@group-40388BE3F4D5-SegmentedRaftLogWorker close()
2024-12-14 12:24:58,134 INFO  raftlog.RaftLog (SegmentedRaftLog.java:close(576)) - Successfully closed s9@group-40388BE3F4D5-SegmentedRaftLog:CLOSED:c-1
2024-12-14 12:24:58,134 INFO  util.JvmPauseMonitor (JvmPauseMonitor.java:run(152)) - JvmPauseMonitor-s9: Stopped
2024-12-14 12:24:58,143 INFO  segmented.SegmentedRaftLogWorker (SegmentedRaftLogWorker.java:close(254)) - s11@group-40388BE3F4D5-SegmentedRaftLogWorker close()
2024-12-14 12:24:58,143 INFO  raftlog.RaftLog (SegmentedRaftLog.java:close(576)) - Successfully closed s11@group-40388BE3F4D5-SegmentedRaftLog:CLOSED:c-1
2024-12-14 12:24:58,144 INFO  util.JvmPauseMonitor (JvmPauseMonitor.java:run(152)) - JvmPauseMonitor-s11: Stopped
2024-12-14 12:24:58,168 INFO  segmented.SegmentedRaftLogWorker (SegmentedRaftLogWorker.java:close(254)) - s10@group-40388BE3F4D5-SegmentedRaftLogWorker close()
2024-12-14 12:24:58,168 INFO  raftlog.RaftLog (SegmentedRaftLog.java:close(576)) - Successfully closed s10@group-40388BE3F4D5-SegmentedRaftLog:CLOSED:c-1
2024-12-14 12:24:58,168 INFO  util.JvmPauseMonitor (JvmPauseMonitor.java:run(152)) - JvmPauseMonitor-s10: Stopped
2024-12-14 12:24:58,169 INFO  segmented.SegmentedRaftLogWorker (SegmentedRaftLogWorker.java:close(254)) - s13@group-40388BE3F4D5-SegmentedRaftLogWorker close()
2024-12-14 12:24:58,169 INFO  raftlog.RaftLog (SegmentedRaftLog.java:close(576)) - Successfully closed s13@group-40388BE3F4D5-SegmentedRaftLog:CLOSED:c-1
2024-12-14 12:24:58,169 INFO  util.JvmPauseMonitor (JvmPauseMonitor.java:run(152)) - JvmPauseMonitor-s13: Stopped
2024-12-14 12:24:58,182 INFO  segmented.SegmentedRaftLogWorker (SegmentedRaftLogWorker.java:close(254)) - s12@group-40388BE3F4D5-SegmentedRaftLogWorker close()
2024-12-14 12:24:58,182 INFO  raftlog.RaftLog (SegmentedRaftLog.java:close(576)) - Successfully closed s12@group-40388BE3F4D5-SegmentedRaftLog:CLOSED:c-1
2024-12-14 12:24:58,182 INFO  util.JvmPauseMonitor (JvmPauseMonitor.java:run(152)) - JvmPauseMonitor-s12: Stopped
2024-12-14 12:24:58,199 INFO  segmented.SegmentedRaftLogWorker (SegmentedRaftLogWorker.java:close(254)) - s0@group-40388BE3F4D5-SegmentedRaftLogWorker close()
2024-12-14 12:24:58,199 INFO  raftlog.RaftLog (SegmentedRaftLog.java:close(576)) - Successfully closed s0@group-40388BE3F4D5-SegmentedRaftLog:CLOSED:c-1
2024-12-14 12:24:58,200 INFO  util.JvmPauseMonitor (JvmPauseMonitor.java:run(152)) - JvmPauseMonitor-s0: Stopped
2024-12-14 12:24:58,200 INFO  impl.MiniRaftCluster (MiniRaftCluster.java:shutdown(885)) - MiniRaftClusterWithGrpc shutdown completed
2024-12-14 12:24:58,200 INFO  ratis.RaftTestUtil (RaftTestUtil.java:gc(596)) - gc 0
2024-12-14 12:24:58,437 WARN  util.ReferenceCountedLeakDetector (ReferenceCountedLeakDetector.java:logLeakMessage(167)) - LEAK: (class org.apache.ratis.proto.RaftProtos$LogEntryProto, count=1, value=term: 1
index: 219
stateMachineLogEntry {
  logData: "\001\001b\002@\272\274\000\000\000\000\000"
  clientId: "\250\365\177G\370\377H\331\264H8\347;\202\215\215"
  callId: 3131
}
)
2024-12-14 12:24:58,438 WARN  util.LeakDetector (LeakDetector.java:assertNoLeaks(171)) - 0/30) numLeaks == 1 > 0, will wait and retry ...
2024-12-14 12:24:58,500 WARN  server.GrpcLogAppender (LogUtils.java:warn(129)) - s8@group-2C18EF48B090->s7-AppendLogResponseHandler: Failed appendEntries (Repeated 4 times in the last 5.005s)
org.apache.ratis.protocol.exceptions.GroupMismatchException: s7: group-2C18EF48B090 not found.
	at org.apache.ratis.server.impl.RaftServerProxy$ImplMap.get(RaftServerProxy.java:156)
	at org.apache.ratis.server.impl.RaftServerProxy.getImplFuture(RaftServerProxy.java:366)
	at org.apache.ratis.server.impl.RaftServerProxy.appendEntriesAsync(RaftServerProxy.java:655)
	at org.apache.ratis.grpc.server.GrpcServerProtocolService$1.process(GrpcServerProtocolService.java:307)
	at org.apache.ratis.grpc.server.GrpcServerProtocolService$ServerRequestStreamObserver.onNext(GrpcServerProtocolService.java:174)
	at org.apache.ratis.thirdparty.io.grpc.stub.ServerCalls$StreamingServerCallHandler$StreamingServerCallListener.onMessage(ServerCalls.java:262)
	at org.apache.ratis.thirdparty.io.grpc.internal.ServerCallImpl$ServerStreamListenerImpl.messagesAvailableInternal(ServerCallImpl.java:329)
	at org.apache.ratis.thirdparty.io.grpc.internal.ServerCallImpl$ServerStreamListenerImpl.messagesAvailable(ServerCallImpl.java:314)
	at org.apache.ratis.thirdparty.io.grpc.internal.ServerImpl$JumpToApplicationThreadServerStreamListener$1MessagesAvailable.runInContext(ServerImpl.java:833)
	at org.apache.ratis.thirdparty.io.grpc.internal.ContextRunnable.run(ContextRunnable.java:37)
	at org.apache.ratis.thirdparty.io.grpc.internal.SerializingExecutor.run(SerializingExecutor.java:133)
	at java.util.concurrent.ThreadPoolExecutor.runWorker(ThreadPoolExecutor.java:1149)
	at java.util.concurrent.ThreadPoolExecutor$Worker.run(ThreadPoolExecutor.java:624)
	at java.lang.Thread.run(Thread.java:750)
2024-12-14 12:24:59,438 WARN  util.ReferenceCountedLeakDetector (ReferenceCountedLeakDetector.java:logLeakMessage(167)) - LEAK: (class org.apache.ratis.proto.RaftProtos$LogEntryProto, count=1, value=term: 1
index: 219
stateMachineLogEntry {
  logData: "\001\001b\002@\272\274\000\000\000\000\000"
  clientId: "\250\365\177G\370\377H\331\264H8\347;\202\215\215"
  callId: 3131
}
)
2024-12-14 12:24:59,438 WARN  util.LeakDetector (LeakDetector.java:assertNoLeaks(171)) - 1/30) numLeaks == 1 > 0, will wait and retry ...
2024-12-14 12:25:00,439 WARN  util.ReferenceCountedLeakDetector (ReferenceCountedLeakDetector.java:logLeakMessage(167)) - LEAK: (class org.apache.ratis.proto.RaftProtos$LogEntryProto, count=1, value=term: 1
index: 219
stateMachineLogEntry {
  logData: "\001\001b\002@\272\274\000\000\000\000\000"
  clientId: "\250\365\177G\370\377H\331\264H8\347;\202\215\215"
  callId: 3131
}
)
2024-12-14 12:25:00,439 WARN  util.LeakDetector (LeakDetector.java:assertNoLeaks(171)) - 2/30) numLeaks == 1 > 0, will wait and retry ...
2024-12-14 12:25:01,439 WARN  util.ReferenceCountedLeakDetector (ReferenceCountedLeakDetector.java:logLeakMessage(167)) - LEAK: (class org.apache.ratis.proto.RaftProtos$LogEntryProto, count=1, value=term: 1
index: 219
stateMachineLogEntry {
  logData: "\001\001b\002@\272\274\000\000\000\000\000"
  clientId: "\250\365\177G\370\377H\331\264H8\347;\202\215\215"
  callId: 3131
}
)
2024-12-14 12:25:01,440 WARN  util.LeakDetector (LeakDetector.java:assertNoLeaks(171)) - 3/30) numLeaks == 1 > 0, will wait and retry ...
2024-12-14 12:25:02,440 WARN  util.ReferenceCountedLeakDetector (ReferenceCountedLeakDetector.java:logLeakMessage(167)) - LEAK: (class org.apache.ratis.proto.RaftProtos$LogEntryProto, count=1, value=term: 1
index: 219
stateMachineLogEntry {
  logData: "\001\001b\002@\272\274\000\000\000\000\000"
  clientId: "\250\365\177G\370\377H\331\264H8\347;\202\215\215"
  callId: 3131
}
)
2024-12-14 12:25:02,440 WARN  util.LeakDetector (LeakDetector.java:assertNoLeaks(171)) - 4/30) numLeaks == 1 > 0, will wait and retry ...
2024-12-14 12:25:03,440 WARN  util.ReferenceCountedLeakDetector (ReferenceCountedLeakDetector.java:logLeakMessage(167)) - LEAK: (class org.apache.ratis.proto.RaftProtos$LogEntryProto, count=1, value=term: 1
index: 219
stateMachineLogEntry {
  logData: "\001\001b\002@\272\274\000\000\000\000\000"
  clientId: "\250\365\177G\370\377H\331\264H8\347;\202\215\215"
  callId: 3131
}
)
2024-12-14 12:25:03,441 WARN  util.LeakDetector (LeakDetector.java:assertNoLeaks(171)) - 5/30) numLeaks == 1 > 0, will wait and retry ...
2024-12-14 12:25:04,441 WARN  util.ReferenceCountedLeakDetector (ReferenceCountedLeakDetector.java:logLeakMessage(167)) - LEAK: (class org.apache.ratis.proto.RaftProtos$LogEntryProto, count=1, value=term: 1
index: 219
stateMachineLogEntry {
  logData: "\001\001b\002@\272\274\000\000\000\000\000"
  clientId: "\250\365\177G\370\377H\331\264H8\347;\202\215\215"
  callId: 3131
}
)
2024-12-14 12:25:04,441 WARN  util.LeakDetector (LeakDetector.java:assertNoLeaks(171)) - 6/30) numLeaks == 1 > 0, will wait and retry ...
2024-12-14 12:25:05,442 WARN  util.ReferenceCountedLeakDetector (ReferenceCountedLeakDetector.java:logLeakMessage(167)) - LEAK: (class org.apache.ratis.proto.RaftProtos$LogEntryProto, count=1, value=term: 1
index: 219
stateMachineLogEntry {
  logData: "\001\001b\002@\272\274\000\000\000\000\000"
  clientId: "\250\365\177G\370\377H\331\264H8\347;\202\215\215"
  callId: 3131
}
)
2024-12-14 12:25:05,442 WARN  util.LeakDetector (LeakDetector.java:assertNoLeaks(171)) - 7/30) numLeaks == 1 > 0, will wait and retry ...
2024-12-14 12:25:06,442 WARN  util.ReferenceCountedLeakDetector (ReferenceCountedLeakDetector.java:logLeakMessage(167)) - LEAK: (class org.apache.ratis.proto.RaftProtos$LogEntryProto, count=1, value=term: 1
index: 219
stateMachineLogEntry {
  logData: "\001\001b\002@\272\274\000\000\000\000\000"
  clientId: "\250\365\177G\370\377H\331\264H8\347;\202\215\215"
  callId: 3131
}
)
2024-12-14 12:25:06,443 WARN  util.LeakDetector (LeakDetector.java:assertNoLeaks(171)) - 8/30) numLeaks == 1 > 0, will wait and retry ...
2024-12-14 12:25:07,443 WARN  util.ReferenceCountedLeakDetector (ReferenceCountedLeakDetector.java:logLeakMessage(167)) - LEAK: (class org.apache.ratis.proto.RaftProtos$LogEntryProto, count=1, value=term: 1
index: 219
stateMachineLogEntry {
  logData: "\001\001b\002@\272\274\000\000\000\000\000"
  clientId: "\250\365\177G\370\377H\331\264H8\347;\202\215\215"
  callId: 3131
}
)
2024-12-14 12:25:07,444 WARN  util.LeakDetector (LeakDetector.java:assertNoLeaks(171)) - 9/30) numLeaks == 1 > 0, will wait and retry ...
2024-12-14 12:25:08,444 WARN  util.ReferenceCountedLeakDetector (ReferenceCountedLeakDetector.java:logLeakMessage(167)) - LEAK: (class org.apache.ratis.proto.RaftProtos$LogEntryProto, count=1, value=term: 1
index: 219
stateMachineLogEntry {
  logData: "\001\001b\002@\272\274\000\000\000\000\000"
  clientId: "\250\365\177G\370\377H\331\264H8\347;\202\215\215"
  callId: 3131
}
)
2024-12-14 12:25:08,444 WARN  util.LeakDetector (LeakDetector.java:assertNoLeaks(171)) - 10/30) numLeaks == 1 > 0, will wait and retry ...
2024-12-14 12:25:09,445 WARN  util.ReferenceCountedLeakDetector (ReferenceCountedLeakDetector.java:logLeakMessage(167)) - LEAK: (class org.apache.ratis.proto.RaftProtos$LogEntryProto, count=1, value=term: 1
index: 219
stateMachineLogEntry {
  logData: "\001\001b\002@\272\274\000\000\000\000\000"
  clientId: "\250\365\177G\370\377H\331\264H8\347;\202\215\215"
  callId: 3131
}
)
2024-12-14 12:25:09,445 WARN  util.LeakDetector (LeakDetector.java:assertNoLeaks(171)) - 11/30) numLeaks == 1 > 0, will wait and retry ...
2024-12-14 12:25:10,445 WARN  util.ReferenceCountedLeakDetector (ReferenceCountedLeakDetector.java:logLeakMessage(167)) - LEAK: (class org.apache.ratis.proto.RaftProtos$LogEntryProto, count=1, value=term: 1
index: 219
stateMachineLogEntry {
  logData: "\001\001b\002@\272\274\000\000\000\000\000"
  clientId: "\250\365\177G\370\377H\331\264H8\347;\202\215\215"
  callId: 3131
}
)
2024-12-14 12:25:10,446 WARN  util.LeakDetector (LeakDetector.java:assertNoLeaks(171)) - 12/30) numLeaks == 1 > 0, will wait and retry ...
2024-12-14 12:25:11,446 WARN  util.ReferenceCountedLeakDetector (ReferenceCountedLeakDetector.java:logLeakMessage(167)) - LEAK: (class org.apache.ratis.proto.RaftProtos$LogEntryProto, count=1, value=term: 1
index: 219
stateMachineLogEntry {
  logData: "\001\001b\002@\272\274\000\000\000\000\000"
  clientId: "\250\365\177G\370\377H\331\264H8\347;\202\215\215"
  callId: 3131
}
)
2024-12-14 12:25:11,446 WARN  util.LeakDetector (LeakDetector.java:assertNoLeaks(171)) - 13/30) numLeaks == 1 > 0, will wait and retry ...
2024-12-14 12:25:12,447 WARN  util.ReferenceCountedLeakDetector (ReferenceCountedLeakDetector.java:logLeakMessage(167)) - LEAK: (class org.apache.ratis.proto.RaftProtos$LogEntryProto, count=1, value=term: 1
index: 219
stateMachineLogEntry {
  logData: "\001\001b\002@\272\274\000\000\000\000\000"
  clientId: "\250\365\177G\370\377H\331\264H8\347;\202\215\215"
  callId: 3131
}
)
2024-12-14 12:25:12,447 WARN  util.LeakDetector (LeakDetector.java:assertNoLeaks(171)) - 14/30) numLeaks == 1 > 0, will wait and retry ...
2024-12-14 12:25:13,447 WARN  util.ReferenceCountedLeakDetector (ReferenceCountedLeakDetector.java:logLeakMessage(167)) - LEAK: (class org.apache.ratis.proto.RaftProtos$LogEntryProto, count=1, value=term: 1
index: 219
stateMachineLogEntry {
  logData: "\001\001b\002@\272\274\000\000\000\000\000"
  clientId: "\250\365\177G\370\377H\331\264H8\347;\202\215\215"
  callId: 3131
}
)
2024-12-14 12:25:13,448 WARN  util.LeakDetector (LeakDetector.java:assertNoLeaks(171)) - 15/30) numLeaks == 1 > 0, will wait and retry ...
2024-12-14 12:25:14,448 WARN  util.ReferenceCountedLeakDetector (ReferenceCountedLeakDetector.java:logLeakMessage(167)) - LEAK: (class org.apache.ratis.proto.RaftProtos$LogEntryProto, count=1, value=term: 1
index: 219
stateMachineLogEntry {
  logData: "\001\001b\002@\272\274\000\000\000\000\000"
  clientId: "\250\365\177G\370\377H\331\264H8\347;\202\215\215"
  callId: 3131
}
)
2024-12-14 12:25:14,448 WARN  util.LeakDetector (LeakDetector.java:assertNoLeaks(171)) - 16/30) numLeaks == 1 > 0, will wait and retry ...
2024-12-14 12:25:15,449 WARN  util.ReferenceCountedLeakDetector (ReferenceCountedLeakDetector.java:logLeakMessage(167)) - LEAK: (class org.apache.ratis.proto.RaftProtos$LogEntryProto, count=1, value=term: 1
index: 219
stateMachineLogEntry {
  logData: "\001\001b\002@\272\274\000\000\000\000\000"
  clientId: "\250\365\177G\370\377H\331\264H8\347;\202\215\215"
  callId: 3131
}
)
2024-12-14 12:25:15,449 WARN  util.LeakDetector (LeakDetector.java:assertNoLeaks(171)) - 17/30) numLeaks == 1 > 0, will wait and retry ...
2024-12-14 12:25:16,449 WARN  util.ReferenceCountedLeakDetector (ReferenceCountedLeakDetector.java:logLeakMessage(167)) - LEAK: (class org.apache.ratis.proto.RaftProtos$LogEntryProto, count=1, value=term: 1
index: 219
stateMachineLogEntry {
  logData: "\001\001b\002@\272\274\000\000\000\000\000"
  clientId: "\250\365\177G\370\377H\331\264H8\347;\202\215\215"
  callId: 3131
}
)
2024-12-14 12:25:16,450 WARN  util.LeakDetector (LeakDetector.java:assertNoLeaks(171)) - 18/30) numLeaks == 1 > 0, will wait and retry ...
2024-12-14 12:25:17,450 WARN  util.ReferenceCountedLeakDetector (ReferenceCountedLeakDetector.java:logLeakMessage(167)) - LEAK: (class org.apache.ratis.proto.RaftProtos$LogEntryProto, count=1, value=term: 1
index: 219
stateMachineLogEntry {
  logData: "\001\001b\002@\272\274\000\000\000\000\000"
  clientId: "\250\365\177G\370\377H\331\264H8\347;\202\215\215"
  callId: 3131
}
)
2024-12-14 12:25:17,450 WARN  util.LeakDetector (LeakDetector.java:assertNoLeaks(171)) - 19/30) numLeaks == 1 > 0, will wait and retry ...
2024-12-14 12:25:18,451 WARN  util.ReferenceCountedLeakDetector (ReferenceCountedLeakDetector.java:logLeakMessage(167)) - LEAK: (class org.apache.ratis.proto.RaftProtos$LogEntryProto, count=1, value=term: 1
index: 219
stateMachineLogEntry {
  logData: "\001\001b\002@\272\274\000\000\000\000\000"
  clientId: "\250\365\177G\370\377H\331\264H8\347;\202\215\215"
  callId: 3131
}
)
2024-12-14 12:25:18,451 WARN  util.LeakDetector (LeakDetector.java:assertNoLeaks(171)) - 20/30) numLeaks == 1 > 0, will wait and retry ...
2024-12-14 12:25:19,451 WARN  util.ReferenceCountedLeakDetector (ReferenceCountedLeakDetector.java:logLeakMessage(167)) - LEAK: (class org.apache.ratis.proto.RaftProtos$LogEntryProto, count=1, value=term: 1
index: 219
stateMachineLogEntry {
  logData: "\001\001b\002@\272\274\000\000\000\000\000"
  clientId: "\250\365\177G\370\377H\331\264H8\347;\202\215\215"
  callId: 3131
}
)
2024-12-14 12:25:19,452 WARN  util.LeakDetector (LeakDetector.java:assertNoLeaks(171)) - 21/30) numLeaks == 1 > 0, will wait and retry ...
2024-12-14 12:25:20,452 WARN  util.ReferenceCountedLeakDetector (ReferenceCountedLeakDetector.java:logLeakMessage(167)) - LEAK: (class org.apache.ratis.proto.RaftProtos$LogEntryProto, count=1, value=term: 1
index: 219
stateMachineLogEntry {
  logData: "\001\001b\002@\272\274\000\000\000\000\000"
  clientId: "\250\365\177G\370\377H\331\264H8\347;\202\215\215"
  callId: 3131
}
)
2024-12-14 12:25:20,452 WARN  util.LeakDetector (LeakDetector.java:assertNoLeaks(171)) - 22/30) numLeaks == 1 > 0, will wait and retry ...
2024-12-14 12:25:21,453 WARN  util.ReferenceCountedLeakDetector (ReferenceCountedLeakDetector.java:logLeakMessage(167)) - LEAK: (class org.apache.ratis.proto.RaftProtos$LogEntryProto, count=1, value=term: 1
index: 219
stateMachineLogEntry {
  logData: "\001\001b\002@\272\274\000\000\000\000\000"
  clientId: "\250\365\177G\370\377H\331\264H8\347;\202\215\215"
  callId: 3131
}
)
2024-12-14 12:25:21,453 WARN  util.LeakDetector (LeakDetector.java:assertNoLeaks(171)) - 23/30) numLeaks == 1 > 0, will wait and retry ...
2024-12-14 12:25:22,454 WARN  util.ReferenceCountedLeakDetector (ReferenceCountedLeakDetector.java:logLeakMessage(167)) - LEAK: (class org.apache.ratis.proto.RaftProtos$LogEntryProto, count=1, value=term: 1
index: 219
stateMachineLogEntry {
  logData: "\001\001b\002@\272\274\000\000\000\000\000"
  clientId: "\250\365\177G\370\377H\331\264H8\347;\202\215\215"
  callId: 3131
}
)
2024-12-14 12:25:22,454 WARN  util.LeakDetector (LeakDetector.java:assertNoLeaks(171)) - 24/30) numLeaks == 1 > 0, will wait and retry ...
2024-12-14 12:25:23,454 WARN  util.ReferenceCountedLeakDetector (ReferenceCountedLeakDetector.java:logLeakMessage(167)) - LEAK: (class org.apache.ratis.proto.RaftProtos$LogEntryProto, count=1, value=term: 1
index: 219
stateMachineLogEntry {
  logData: "\001\001b\002@\272\274\000\000\000\000\000"
  clientId: "\250\365\177G\370\377H\331\264H8\347;\202\215\215"
  callId: 3131
}
)
2024-12-14 12:25:23,455 WARN  util.LeakDetector (LeakDetector.java:assertNoLeaks(171)) - 25/30) numLeaks == 1 > 0, will wait and retry ...
2024-12-14 12:25:24,455 WARN  util.ReferenceCountedLeakDetector (ReferenceCountedLeakDetector.java:logLeakMessage(167)) - LEAK: (class org.apache.ratis.proto.RaftProtos$LogEntryProto, count=1, value=term: 1
index: 219
stateMachineLogEntry {
  logData: "\001\001b\002@\272\274\000\000\000\000\000"
  clientId: "\250\365\177G\370\377H\331\264H8\347;\202\215\215"
  callId: 3131
}
)
2024-12-14 12:25:24,455 WARN  util.LeakDetector (LeakDetector.java:assertNoLeaks(171)) - 26/30) numLeaks == 1 > 0, will wait and retry ...
2024-12-14 12:25:25,456 WARN  util.ReferenceCountedLeakDetector (ReferenceCountedLeakDetector.java:logLeakMessage(167)) - LEAK: (class org.apache.ratis.proto.RaftProtos$LogEntryProto, count=1, value=term: 1
index: 219
stateMachineLogEntry {
  logData: "\001\001b\002@\272\274\000\000\000\000\000"
  clientId: "\250\365\177G\370\377H\331\264H8\347;\202\215\215"
  callId: 3131
}
)
2024-12-14 12:25:25,456 WARN  util.LeakDetector (LeakDetector.java:assertNoLeaks(171)) - 27/30) numLeaks == 1 > 0, will wait and retry ...
2024-12-14 12:25:26,456 WARN  util.ReferenceCountedLeakDetector (ReferenceCountedLeakDetector.java:logLeakMessage(167)) - LEAK: (class org.apache.ratis.proto.RaftProtos$LogEntryProto, count=1, value=term: 1
index: 219
stateMachineLogEntry {
  logData: "\001\001b\002@\272\274\000\000\000\000\000"
  clientId: "\250\365\177G\370\377H\331\264H8\347;\202\215\215"
  callId: 3131
}
)
2024-12-14 12:25:26,457 WARN  util.LeakDetector (LeakDetector.java:assertNoLeaks(171)) - 28/30) numLeaks == 1 > 0, will wait and retry ...
2024-12-14 12:25:27,457 WARN  util.ReferenceCountedLeakDetector (ReferenceCountedLeakDetector.java:logLeakMessage(167)) - LEAK: (class org.apache.ratis.proto.RaftProtos$LogEntryProto, count=1, value=term: 1
index: 219
stateMachineLogEntry {
  logData: "\001\001b\002@\272\274\000\000\000\000\000"
  clientId: "\250\365\177G\370\377H\331\264H8\347;\202\215\215"
  callId: 3131
}
)
2024-12-14 12:25:27,457 WARN  util.LeakDetector (LeakDetector.java:assertNoLeaks(171)) - 29/30) numLeaks == 1 > 0, will wait and retry ...
2024-12-14 12:25:28,458 WARN  util.ReferenceCountedLeakDetector (ReferenceCountedLeakDetector.java:logLeakMessage(167)) - LEAK: (class org.apache.ratis.proto.RaftProtos$LogEntryProto, count=1, value=term: 1
index: 219
stateMachineLogEntry {
  logData: "\001\001b\002@\272\274\000\000\000\000\000"
  clientId: "\250\365\177G\370\377H\331\264H8\347;\202\215\215"
  callId: 3131
}
)
2024-12-14 12:25:28,459 INFO  impl.MiniRaftCluster (MiniRaftCluster.java:shutdown(847)) - ************************************************************** 
2024-12-14 12:25:28,459 INFO  impl.MiniRaftCluster (MiniRaftCluster.java:shutdown(848)) - *** 
2024-12-14 12:25:28,459 INFO  impl.MiniRaftCluster (MiniRaftCluster.java:shutdown(849)) - ***     Stopping MiniRaftClusterWithGrpc
2024-12-14 12:25:28,460 INFO  impl.MiniRaftCluster (MiniRaftCluster.java:shutdown(850)) - *** 
2024-12-14 12:25:28,460 INFO  impl.MiniRaftCluster (MiniRaftCluster.java:shutdown(851)) - ************************************************************** 
2024-12-14 12:25:28,460 INFO  impl.MiniRaftCluster (MiniRaftCluster.java:shutdown(852)) - printing ALL groups
  s3:   CLOSED [
   FOLLOWER s3@group-A5BB6EB0946F:t1, leader=s5, voted=null, raftlog=Memoized:s3@group-A5BB6EB0946F-SegmentedRaftLog:CLOSED:c251, conf=conf: {index: 131, cur=peers:[s3|0.0.0.0:15003, s4|0.0.0.0:15004, s5|0.0.0.0:15005, s6|0.0.0.0:15006, s7|0.0.0.0:15007, s8|0.0.0.0:15008, s9|0.0.0.0:15009, s11|0.0.0.0:15011, s10|0.0.0.0:15010, s13|0.0.0.0:15013, s12|0.0.0.0:15012, s14|0.0.0.0:15014, s0|0.0.0.0:15000, s1|0.0.0.0:15001, s2|0.0.0.0:15002]|listeners:[], old=null} CLOSED
   FOLLOWER s3@group-40388BE3F4D5:t0, leader=null, voted=, raftlog=Memoized:s3@group-40388BE3F4D5-SegmentedRaftLog:CLOSED:c-1, conf=conf: {index: -1, cur=peers:[]|listeners:[], old=null} CLOSED] size=2
  s4:   CLOSED [
   FOLLOWER s4@group-A5BB6EB0946F:t1, leader=s5, voted=s5, raftlog=Memoized:s4@group-A5BB6EB0946F-SegmentedRaftLog:CLOSED:c251, conf=conf: {index: 131, cur=peers:[s3|0.0.0.0:15003, s4|0.0.0.0:15004, s5|0.0.0.0:15005, s6|0.0.0.0:15006, s7|0.0.0.0:15007, s8|0.0.0.0:15008, s9|0.0.0.0:15009, s11|0.0.0.0:15011, s10|0.0.0.0:15010, s13|0.0.0.0:15013, s12|0.0.0.0:15012, s14|0.0.0.0:15014, s0|0.0.0.0:15000, s1|0.0.0.0:15001, s2|0.0.0.0:15002]|listeners:[], old=null} CLOSED
   FOLLOWER s4@group-40388BE3F4D5:t0, leader=null, voted=, raftlog=Memoized:s4@group-40388BE3F4D5-SegmentedRaftLog:CLOSED:c-1, conf=conf: {index: -1, cur=peers:[]|listeners:[], old=null} CLOSED] size=2
  s5:   CLOSED [
     LEADER s5@group-A5BB6EB0946F:t1, leader=s5, voted=s5, raftlog=Memoized:s5@group-A5BB6EB0946F-SegmentedRaftLog:CLOSED:c252, conf=conf: {index: 131, cur=peers:[s3|0.0.0.0:15003, s4|0.0.0.0:15004, s5|0.0.0.0:15005, s6|0.0.0.0:15006, s7|0.0.0.0:15007, s8|0.0.0.0:15008, s9|0.0.0.0:15009, s11|0.0.0.0:15011, s10|0.0.0.0:15010, s13|0.0.0.0:15013, s12|0.0.0.0:15012, s14|0.0.0.0:15014, s0|0.0.0.0:15000, s1|0.0.0.0:15001, s2|0.0.0.0:15002]|listeners:[], old=null} CLOSED
   FOLLOWER s5@group-40388BE3F4D5:t0, leader=null, voted=, raftlog=Memoized:s5@group-40388BE3F4D5-SegmentedRaftLog:CLOSED:c-1, conf=conf: {index: -1, cur=peers:[]|listeners:[], old=null} CLOSED] size=2
  s6:   CLOSED [
   FOLLOWER s6@group-A5BB6EB0946F:t1, leader=s5, voted=s5, raftlog=Memoized:s6@group-A5BB6EB0946F-SegmentedRaftLog:CLOSED:c251, conf=conf: {index: 131, cur=peers:[s3|0.0.0.0:15003, s4|0.0.0.0:15004, s5|0.0.0.0:15005, s6|0.0.0.0:15006, s7|0.0.0.0:15007, s8|0.0.0.0:15008, s9|0.0.0.0:15009, s11|0.0.0.0:15011, s10|0.0.0.0:15010, s13|0.0.0.0:15013, s12|0.0.0.0:15012, s14|0.0.0.0:15014, s0|0.0.0.0:15000, s1|0.0.0.0:15001, s2|0.0.0.0:15002]|listeners:[], old=null} CLOSED
   FOLLOWER s6@group-40388BE3F4D5:t0, leader=null, voted=, raftlog=Memoized:s6@group-40388BE3F4D5-SegmentedRaftLog:CLOSED:c-1, conf=conf: {index: -1, cur=peers:[]|listeners:[], old=null} CLOSED] size=2
  s7:   CLOSED [
   FOLLOWER s7@group-A5BB6EB0946F:t1, leader=s5, voted=null, raftlog=Memoized:s7@group-A5BB6EB0946F-SegmentedRaftLog:CLOSED:c251, conf=conf: {index: 131, cur=peers:[s3|0.0.0.0:15003, s4|0.0.0.0:15004, s5|0.0.0.0:15005, s6|0.0.0.0:15006, s7|0.0.0.0:15007, s8|0.0.0.0:15008, s9|0.0.0.0:15009, s11|0.0.0.0:15011, s10|0.0.0.0:15010, s13|0.0.0.0:15013, s12|0.0.0.0:15012, s14|0.0.0.0:15014, s0|0.0.0.0:15000, s1|0.0.0.0:15001, s2|0.0.0.0:15002]|listeners:[], old=null} CLOSED
   FOLLOWER s7@group-40388BE3F4D5:t0, leader=null, voted=, raftlog=Memoized:s7@group-40388BE3F4D5-SegmentedRaftLog:CLOSED:c-1, conf=conf: {index: -1, cur=peers:[]|listeners:[], old=null} CLOSED] size=2
  s8:   CLOSED [
   FOLLOWER s8@group-A5BB6EB0946F:t1, leader=s5, voted=null, raftlog=Memoized:s8@group-A5BB6EB0946F-SegmentedRaftLog:CLOSED:c251, conf=conf: {index: 131, cur=peers:[s3|0.0.0.0:15003, s4|0.0.0.0:15004, s5|0.0.0.0:15005, s6|0.0.0.0:15006, s7|0.0.0.0:15007, s8|0.0.0.0:15008, s9|0.0.0.0:15009, s11|0.0.0.0:15011, s10|0.0.0.0:15010, s13|0.0.0.0:15013, s12|0.0.0.0:15012, s14|0.0.0.0:15014, s0|0.0.0.0:15000, s1|0.0.0.0:15001, s2|0.0.0.0:15002]|listeners:[], old=null} CLOSED
   FOLLOWER s8@group-40388BE3F4D5:t0, leader=null, voted=, raftlog=Memoized:s8@group-40388BE3F4D5-SegmentedRaftLog:CLOSED:c-1, conf=conf: {index: -1, cur=peers:[]|listeners:[], old=null} CLOSED] size=2
  s9:   CLOSED [
   FOLLOWER s9@group-A5BB6EB0946F:t1, leader=s5, voted=null, raftlog=Memoized:s9@group-A5BB6EB0946F-SegmentedRaftLog:CLOSED:c251, conf=conf: {index: 131, cur=peers:[s3|0.0.0.0:15003, s4|0.0.0.0:15004, s5|0.0.0.0:15005, s6|0.0.0.0:15006, s7|0.0.0.0:15007, s8|0.0.0.0:15008, s9|0.0.0.0:15009, s11|0.0.0.0:15011, s10|0.0.0.0:15010, s13|0.0.0.0:15013, s12|0.0.0.0:15012, s14|0.0.0.0:15014, s0|0.0.0.0:15000, s1|0.0.0.0:15001, s2|0.0.0.0:15002]|listeners:[], old=null} CLOSED
   FOLLOWER s9@group-40388BE3F4D5:t0, leader=null, voted=, raftlog=Memoized:s9@group-40388BE3F4D5-SegmentedRaftLog:CLOSED:c-1, conf=conf: {index: -1, cur=peers:[]|listeners:[], old=null} CLOSED] size=2
  s11:   CLOSED [
   FOLLOWER s11@group-A5BB6EB0946F:t1, leader=s5, voted=null, raftlog=Memoized:s11@group-A5BB6EB0946F-SegmentedRaftLog:CLOSED:c251, conf=conf: {index: 131, cur=peers:[s3|0.0.0.0:15003, s4|0.0.0.0:15004, s5|0.0.0.0:15005, s6|0.0.0.0:15006, s7|0.0.0.0:15007, s8|0.0.0.0:15008, s9|0.0.0.0:15009, s11|0.0.0.0:15011, s10|0.0.0.0:15010, s13|0.0.0.0:15013, s12|0.0.0.0:15012, s14|0.0.0.0:15014, s0|0.0.0.0:15000, s1|0.0.0.0:15001, s2|0.0.0.0:15002]|listeners:[], old=null} CLOSED
   FOLLOWER s11@group-40388BE3F4D5:t0, leader=null, voted=, raftlog=Memoized:s11@group-40388BE3F4D5-SegmentedRaftLog:CLOSED:c-1, conf=conf: {index: -1, cur=peers:[]|listeners:[], old=null} CLOSED] size=2
  s10:   CLOSED [
   FOLLOWER s10@group-A5BB6EB0946F:t1, leader=s5, voted=null, raftlog=Memoized:s10@group-A5BB6EB0946F-SegmentedRaftLog:CLOSED:c251, conf=conf: {index: 131, cur=peers:[s3|0.0.0.0:15003, s4|0.0.0.0:15004, s5|0.0.0.0:15005, s6|0.0.0.0:15006, s7|0.0.0.0:15007, s8|0.0.0.0:15008, s9|0.0.0.0:15009, s11|0.0.0.0:15011, s10|0.0.0.0:15010, s13|0.0.0.0:15013, s12|0.0.0.0:15012, s14|0.0.0.0:15014, s0|0.0.0.0:15000, s1|0.0.0.0:15001, s2|0.0.0.0:15002]|listeners:[], old=null} CLOSED
   FOLLOWER s10@group-40388BE3F4D5:t0, leader=null, voted=, raftlog=Memoized:s10@group-40388BE3F4D5-SegmentedRaftLog:CLOSED:c-1, conf=conf: {index: -1, cur=peers:[]|listeners:[], old=null} CLOSED] size=2
  s13:   CLOSED [
   FOLLOWER s13@group-A5BB6EB0946F:t1, leader=s5, voted=null, raftlog=Memoized:s13@group-A5BB6EB0946F-SegmentedRaftLog:CLOSED:c251, conf=conf: {index: 131, cur=peers:[s3|0.0.0.0:15003, s4|0.0.0.0:15004, s5|0.0.0.0:15005, s6|0.0.0.0:15006, s7|0.0.0.0:15007, s8|0.0.0.0:15008, s9|0.0.0.0:15009, s11|0.0.0.0:15011, s10|0.0.0.0:15010, s13|0.0.0.0:15013, s12|0.0.0.0:15012, s14|0.0.0.0:15014, s0|0.0.0.0:15000, s1|0.0.0.0:15001, s2|0.0.0.0:15002]|listeners:[], old=null} CLOSED
   FOLLOWER s13@group-40388BE3F4D5:t0, leader=null, voted=, raftlog=Memoized:s13@group-40388BE3F4D5-SegmentedRaftLog:CLOSED:c-1, conf=conf: {index: -1, cur=peers:[]|listeners:[], old=null} CLOSED] size=2
  s12:   CLOSED [
   FOLLOWER s12@group-A5BB6EB0946F:t1, leader=s5, voted=null, raftlog=Memoized:s12@group-A5BB6EB0946F-SegmentedRaftLog:CLOSED:c251, conf=conf: {index: 131, cur=peers:[s3|0.0.0.0:15003, s4|0.0.0.0:15004, s5|0.0.0.0:15005, s6|0.0.0.0:15006, s7|0.0.0.0:15007, s8|0.0.0.0:15008, s9|0.0.0.0:15009, s11|0.0.0.0:15011, s10|0.0.0.0:15010, s13|0.0.0.0:15013, s12|0.0.0.0:15012, s14|0.0.0.0:15014, s0|0.0.0.0:15000, s1|0.0.0.0:15001, s2|0.0.0.0:15002]|listeners:[], old=null} CLOSED
   FOLLOWER s12@group-40388BE3F4D5:t0, leader=null, voted=, raftlog=Memoized:s12@group-40388BE3F4D5-SegmentedRaftLog:CLOSED:c-1, conf=conf: {index: -1, cur=peers:[]|listeners:[], old=null} CLOSED] size=2
  s14:   CLOSED [
   FOLLOWER s14@group-A5BB6EB0946F:t1, leader=s5, voted=null, raftlog=Memoized:s14@group-A5BB6EB0946F-SegmentedRaftLog:CLOSED:c251, conf=conf: {index: 131, cur=peers:[s3|0.0.0.0:15003, s4|0.0.0.0:15004, s5|0.0.0.0:15005, s6|0.0.0.0:15006, s7|0.0.0.0:15007, s8|0.0.0.0:15008, s9|0.0.0.0:15009, s11|0.0.0.0:15011, s10|0.0.0.0:15010, s13|0.0.0.0:15013, s12|0.0.0.0:15012, s14|0.0.0.0:15014, s0|0.0.0.0:15000, s1|0.0.0.0:15001, s2|0.0.0.0:15002]|listeners:[], old=null} CLOSED
   FOLLOWER s14@group-40388BE3F4D5:t0, leader=null, voted=, raftlog=Memoized:s14@group-40388BE3F4D5-SegmentedRaftLog:CLOSED:c-1, conf=conf: {index: -1, cur=peers:[]|listeners:[], old=null} CLOSED] size=2
  s0:   CLOSED [
   FOLLOWER s0@group-A5BB6EB0946F:t1, leader=s5, voted=null, raftlog=Memoized:s0@group-A5BB6EB0946F-SegmentedRaftLog:CLOSED:c251, conf=conf: {index: 131, cur=peers:[s3|0.0.0.0:15003, s4|0.0.0.0:15004, s5|0.0.0.0:15005, s6|0.0.0.0:15006, s7|0.0.0.0:15007, s8|0.0.0.0:15008, s9|0.0.0.0:15009, s11|0.0.0.0:15011, s10|0.0.0.0:15010, s13|0.0.0.0:15013, s12|0.0.0.0:15012, s14|0.0.0.0:15014, s0|0.0.0.0:15000, s1|0.0.0.0:15001, s2|0.0.0.0:15002]|listeners:[], old=null} CLOSED
   FOLLOWER s0@group-40388BE3F4D5:t0, leader=null, voted=, raftlog=Memoized:s0@group-40388BE3F4D5-SegmentedRaftLog:CLOSED:c-1, conf=conf: {index: -1, cur=peers:[]|listeners:[], old=null} CLOSED] size=2
  s1:   CLOSED [
   FOLLOWER s1@group-A5BB6EB0946F:t1, leader=s5, voted=null, raftlog=Memoized:s1@group-A5BB6EB0946F-SegmentedRaftLog:CLOSED:c251, conf=conf: {index: 131, cur=peers:[s3|0.0.0.0:15003, s4|0.0.0.0:15004, s5|0.0.0.0:15005, s6|0.0.0.0:15006, s7|0.0.0.0:15007, s8|0.0.0.0:15008, s9|0.0.0.0:15009, s11|0.0.0.0:15011, s10|0.0.0.0:15010, s13|0.0.0.0:15013, s12|0.0.0.0:15012, s14|0.0.0.0:15014, s0|0.0.0.0:15000, s1|0.0.0.0:15001, s2|0.0.0.0:15002]|listeners:[], old=null} CLOSED
   FOLLOWER s1@group-40388BE3F4D5:t0, leader=null, voted=, raftlog=Memoized:s1@group-40388BE3F4D5-SegmentedRaftLog:CLOSED:c-1, conf=conf: {index: -1, cur=peers:[]|listeners:[], old=null} CLOSED] size=2
  s2:   CLOSED [
   FOLLOWER s2@group-A5BB6EB0946F:t1, leader=s5, voted=null, raftlog=Memoized:s2@group-A5BB6EB0946F-SegmentedRaftLog:CLOSED:c251, conf=conf: {index: 131, cur=peers:[s3|0.0.0.0:15003, s4|0.0.0.0:15004, s5|0.0.0.0:15005, s6|0.0.0.0:15006, s7|0.0.0.0:15007, s8|0.0.0.0:15008, s9|0.0.0.0:15009, s11|0.0.0.0:15011, s10|0.0.0.0:15010, s13|0.0.0.0:15013, s12|0.0.0.0:15012, s14|0.0.0.0:15014, s0|0.0.0.0:15000, s1|0.0.0.0:15001, s2|0.0.0.0:15002]|listeners:[], old=null} CLOSED
   FOLLOWER s2@group-40388BE3F4D5:t0, leader=null, voted=, raftlog=Memoized:s2@group-40388BE3F4D5-SegmentedRaftLog:CLOSED:c-1, conf=conf: {index: -1, cur=peers:[]|listeners:[], old=null} CLOSED] size=2
2024-12-14 12:25:28,462 INFO  impl.MiniRaftCluster (MiniRaftCluster.java:shutdown(885)) - MiniRaftClusterWithGrpc shutdown completed
2024-12-14 12:25:28,462 INFO  ratis.RaftTestUtil (RaftTestUtil.java:gc(596)) - gc 0
2024-12-14 12:25:28,635 WARN  util.ReferenceCountedLeakDetector (ReferenceCountedLeakDetector.java:logLeakMessage(167)) - LEAK: (class org.apache.ratis.proto.RaftProtos$LogEntryProto, count=1, value=term: 1
index: 219
stateMachineLogEntry {
  logData: "\001\001b\002@\272\274\000\000\000\000\000"
  clientId: "\250\365\177G\370\377H\331\264H8\347;\202\215\215"
  callId: 3131
}
)
2024-12-14 12:25:28,636 WARN  util.LeakDetector (LeakDetector.java:assertNoLeaks(171)) - 0/30) numLeaks == 1 > 0, will wait and retry ...
2024-12-14 12:25:29,636 WARN  util.ReferenceCountedLeakDetector (ReferenceCountedLeakDetector.java:logLeakMessage(167)) - LEAK: (class org.apache.ratis.proto.RaftProtos$LogEntryProto, count=1, value=term: 1
index: 219
stateMachineLogEntry {
  logData: "\001\001b\002@\272\274\000\000\000\000\000"
  clientId: "\250\365\177G\370\377H\331\264H8\347;\202\215\215"
  callId: 3131
}
)
2024-12-14 12:25:29,636 WARN  util.LeakDetector (LeakDetector.java:assertNoLeaks(171)) - 1/30) numLeaks == 1 > 0, will wait and retry ...
2024-12-14 12:25:30,637 WARN  util.ReferenceCountedLeakDetector (ReferenceCountedLeakDetector.java:logLeakMessage(167)) - LEAK: (class org.apache.ratis.proto.RaftProtos$LogEntryProto, count=1, value=term: 1
index: 219
stateMachineLogEntry {
  logData: "\001\001b\002@\272\274\000\000\000\000\000"
  clientId: "\250\365\177G\370\377H\331\264H8\347;\202\215\215"
  callId: 3131
}
)
2024-12-14 12:25:30,637 WARN  util.LeakDetector (LeakDetector.java:assertNoLeaks(171)) - 2/30) numLeaks == 1 > 0, will wait and retry ...
2024-12-14 12:25:31,637 WARN  util.ReferenceCountedLeakDetector (ReferenceCountedLeakDetector.java:logLeakMessage(167)) - LEAK: (class org.apache.ratis.proto.RaftProtos$LogEntryProto, count=1, value=term: 1
index: 219
stateMachineLogEntry {
  logData: "\001\001b\002@\272\274\000\000\000\000\000"
  clientId: "\250\365\177G\370\377H\331\264H8\347;\202\215\215"
  callId: 3131
}
)
2024-12-14 12:25:31,638 WARN  util.LeakDetector (LeakDetector.java:assertNoLeaks(171)) - 3/30) numLeaks == 1 > 0, will wait and retry ...
2024-12-14 12:25:32,638 WARN  util.ReferenceCountedLeakDetector (ReferenceCountedLeakDetector.java:logLeakMessage(167)) - LEAK: (class org.apache.ratis.proto.RaftProtos$LogEntryProto, count=1, value=term: 1
index: 219
stateMachineLogEntry {
  logData: "\001\001b\002@\272\274\000\000\000\000\000"
  clientId: "\250\365\177G\370\377H\331\264H8\347;\202\215\215"
  callId: 3131
}
)
2024-12-14 12:25:32,638 WARN  util.LeakDetector (LeakDetector.java:assertNoLeaks(171)) - 4/30) numLeaks == 1 > 0, will wait and retry ...
2024-12-14 12:25:33,639 WARN  util.ReferenceCountedLeakDetector (ReferenceCountedLeakDetector.java:logLeakMessage(167)) - LEAK: (class org.apache.ratis.proto.RaftProtos$LogEntryProto, count=1, value=term: 1
index: 219
stateMachineLogEntry {
  logData: "\001\001b\002@\272\274\000\000\000\000\000"
  clientId: "\250\365\177G\370\377H\331\264H8\347;\202\215\215"
  callId: 3131
}
)
2024-12-14 12:25:33,639 WARN  util.LeakDetector (LeakDetector.java:assertNoLeaks(171)) - 5/30) numLeaks == 1 > 0, will wait and retry ...
2024-12-14 12:25:34,639 WARN  util.ReferenceCountedLeakDetector (ReferenceCountedLeakDetector.java:logLeakMessage(167)) - LEAK: (class org.apache.ratis.proto.RaftProtos$LogEntryProto, count=1, value=term: 1
index: 219
stateMachineLogEntry {
  logData: "\001\001b\002@\272\274\000\000\000\000\000"
  clientId: "\250\365\177G\370\377H\331\264H8\347;\202\215\215"
  callId: 3131
}
)
2024-12-14 12:25:34,640 WARN  util.LeakDetector (LeakDetector.java:assertNoLeaks(171)) - 6/30) numLeaks == 1 > 0, will wait and retry ...
2024-12-14 12:25:35,640 WARN  util.ReferenceCountedLeakDetector (ReferenceCountedLeakDetector.java:logLeakMessage(167)) - LEAK: (class org.apache.ratis.proto.RaftProtos$LogEntryProto, count=1, value=term: 1
index: 219
stateMachineLogEntry {
  logData: "\001\001b\002@\272\274\000\000\000\000\000"
  clientId: "\250\365\177G\370\377H\331\264H8\347;\202\215\215"
  callId: 3131
}
)
2024-12-14 12:25:35,640 WARN  util.LeakDetector (LeakDetector.java:assertNoLeaks(171)) - 7/30) numLeaks == 1 > 0, will wait and retry ...
2024-12-14 12:25:36,641 WARN  util.ReferenceCountedLeakDetector (ReferenceCountedLeakDetector.java:logLeakMessage(167)) - LEAK: (class org.apache.ratis.proto.RaftProtos$LogEntryProto, count=1, value=term: 1
index: 219
stateMachineLogEntry {
  logData: "\001\001b\002@\272\274\000\000\000\000\000"
  clientId: "\250\365\177G\370\377H\331\264H8\347;\202\215\215"
  callId: 3131
}
)
2024-12-14 12:25:36,641 WARN  util.LeakDetector (LeakDetector.java:assertNoLeaks(171)) - 8/30) numLeaks == 1 > 0, will wait and retry ...
2024-12-14 12:25:37,641 WARN  util.ReferenceCountedLeakDetector (ReferenceCountedLeakDetector.java:logLeakMessage(167)) - LEAK: (class org.apache.ratis.proto.RaftProtos$LogEntryProto, count=1, value=term: 1
index: 219
stateMachineLogEntry {
  logData: "\001\001b\002@\272\274\000\000\000\000\000"
  clientId: "\250\365\177G\370\377H\331\264H8\347;\202\215\215"
  callId: 3131
}
)
2024-12-14 12:25:37,642 WARN  util.LeakDetector (LeakDetector.java:assertNoLeaks(171)) - 9/30) numLeaks == 1 > 0, will wait and retry ...
2024-12-14 12:25:38,642 WARN  util.ReferenceCountedLeakDetector (ReferenceCountedLeakDetector.java:logLeakMessage(167)) - LEAK: (class org.apache.ratis.proto.RaftProtos$LogEntryProto, count=1, value=term: 1
index: 219
stateMachineLogEntry {
  logData: "\001\001b\002@\272\274\000\000\000\000\000"
  clientId: "\250\365\177G\370\377H\331\264H8\347;\202\215\215"
  callId: 3131
}
)
2024-12-14 12:25:38,642 WARN  util.LeakDetector (LeakDetector.java:assertNoLeaks(171)) - 10/30) numLeaks == 1 > 0, will wait and retry ...
2024-12-14 12:25:39,643 WARN  util.ReferenceCountedLeakDetector (ReferenceCountedLeakDetector.java:logLeakMessage(167)) - LEAK: (class org.apache.ratis.proto.RaftProtos$LogEntryProto, count=1, value=term: 1
index: 219
stateMachineLogEntry {
  logData: "\001\001b\002@\272\274\000\000\000\000\000"
  clientId: "\250\365\177G\370\377H\331\264H8\347;\202\215\215"
  callId: 3131
}
)
2024-12-14 12:25:39,643 WARN  util.LeakDetector (LeakDetector.java:assertNoLeaks(171)) - 11/30) numLeaks == 1 > 0, will wait and retry ...
2024-12-14 12:25:40,643 WARN  util.ReferenceCountedLeakDetector (ReferenceCountedLeakDetector.java:logLeakMessage(167)) - LEAK: (class org.apache.ratis.proto.RaftProtos$LogEntryProto, count=1, value=term: 1
index: 219
stateMachineLogEntry {
  logData: "\001\001b\002@\272\274\000\000\000\000\000"
  clientId: "\250\365\177G\370\377H\331\264H8\347;\202\215\215"
  callId: 3131
}
)
2024-12-14 12:25:40,644 WARN  util.LeakDetector (LeakDetector.java:assertNoLeaks(171)) - 12/30) numLeaks == 1 > 0, will wait and retry ...
2024-12-14 12:25:41,644 WARN  util.ReferenceCountedLeakDetector (ReferenceCountedLeakDetector.java:logLeakMessage(167)) - LEAK: (class org.apache.ratis.proto.RaftProtos$LogEntryProto, count=1, value=term: 1
index: 219
stateMachineLogEntry {
  logData: "\001\001b\002@\272\274\000\000\000\000\000"
  clientId: "\250\365\177G\370\377H\331\264H8\347;\202\215\215"
  callId: 3131
}
)
2024-12-14 12:25:41,644 WARN  util.LeakDetector (LeakDetector.java:assertNoLeaks(171)) - 13/30) numLeaks == 1 > 0, will wait and retry ...
2024-12-14 12:25:42,645 WARN  util.ReferenceCountedLeakDetector (ReferenceCountedLeakDetector.java:logLeakMessage(167)) - LEAK: (class org.apache.ratis.proto.RaftProtos$LogEntryProto, count=1, value=term: 1
index: 219
stateMachineLogEntry {
  logData: "\001\001b\002@\272\274\000\000\000\000\000"
  clientId: "\250\365\177G\370\377H\331\264H8\347;\202\215\215"
  callId: 3131
}
)
2024-12-14 12:25:42,645 WARN  util.LeakDetector (LeakDetector.java:assertNoLeaks(171)) - 14/30) numLeaks == 1 > 0, will wait and retry ...
2024-12-14 12:25:43,645 WARN  util.ReferenceCountedLeakDetector (ReferenceCountedLeakDetector.java:logLeakMessage(167)) - LEAK: (class org.apache.ratis.proto.RaftProtos$LogEntryProto, count=1, value=term: 1
index: 219
stateMachineLogEntry {
  logData: "\001\001b\002@\272\274\000\000\000\000\000"
  clientId: "\250\365\177G\370\377H\331\264H8\347;\202\215\215"
  callId: 3131
}
)
2024-12-14 12:25:43,646 WARN  util.LeakDetector (LeakDetector.java:assertNoLeaks(171)) - 15/30) numLeaks == 1 > 0, will wait and retry ...
2024-12-14 12:25:44,646 WARN  util.ReferenceCountedLeakDetector (ReferenceCountedLeakDetector.java:logLeakMessage(167)) - LEAK: (class org.apache.ratis.proto.RaftProtos$LogEntryProto, count=1, value=term: 1
index: 219
stateMachineLogEntry {
  logData: "\001\001b\002@\272\274\000\000\000\000\000"
  clientId: "\250\365\177G\370\377H\331\264H8\347;\202\215\215"
  callId: 3131
}
)
2024-12-14 12:25:44,646 WARN  util.LeakDetector (LeakDetector.java:assertNoLeaks(171)) - 16/30) numLeaks == 1 > 0, will wait and retry ...
2024-12-14 12:25:45,647 WARN  util.ReferenceCountedLeakDetector (ReferenceCountedLeakDetector.java:logLeakMessage(167)) - LEAK: (class org.apache.ratis.proto.RaftProtos$LogEntryProto, count=1, value=term: 1
index: 219
stateMachineLogEntry {
  logData: "\001\001b\002@\272\274\000\000\000\000\000"
  clientId: "\250\365\177G\370\377H\331\264H8\347;\202\215\215"
  callId: 3131
}
)
2024-12-14 12:25:45,647 WARN  util.LeakDetector (LeakDetector.java:assertNoLeaks(171)) - 17/30) numLeaks == 1 > 0, will wait and retry ...
2024-12-14 12:25:46,647 WARN  util.ReferenceCountedLeakDetector (ReferenceCountedLeakDetector.java:logLeakMessage(167)) - LEAK: (class org.apache.ratis.proto.RaftProtos$LogEntryProto, count=1, value=term: 1
index: 219
stateMachineLogEntry {
  logData: "\001\001b\002@\272\274\000\000\000\000\000"
  clientId: "\250\365\177G\370\377H\331\264H8\347;\202\215\215"
  callId: 3131
}
)
2024-12-14 12:25:46,648 WARN  util.LeakDetector (LeakDetector.java:assertNoLeaks(171)) - 18/30) numLeaks == 1 > 0, will wait and retry ...
2024-12-14 12:25:47,648 WARN  util.ReferenceCountedLeakDetector (ReferenceCountedLeakDetector.java:logLeakMessage(167)) - LEAK: (class org.apache.ratis.proto.RaftProtos$LogEntryProto, count=1, value=term: 1
index: 219
stateMachineLogEntry {
  logData: "\001\001b\002@\272\274\000\000\000\000\000"
  clientId: "\250\365\177G\370\377H\331\264H8\347;\202\215\215"
  callId: 3131
}
)
2024-12-14 12:25:47,648 WARN  util.LeakDetector (LeakDetector.java:assertNoLeaks(171)) - 19/30) numLeaks == 1 > 0, will wait and retry ...
2024-12-14 12:25:48,649 WARN  util.ReferenceCountedLeakDetector (ReferenceCountedLeakDetector.java:logLeakMessage(167)) - LEAK: (class org.apache.ratis.proto.RaftProtos$LogEntryProto, count=1, value=term: 1
index: 219
stateMachineLogEntry {
  logData: "\001\001b\002@\272\274\000\000\000\000\000"
  clientId: "\250\365\177G\370\377H\331\264H8\347;\202\215\215"
  callId: 3131
}
)
2024-12-14 12:25:48,649 WARN  util.LeakDetector (LeakDetector.java:assertNoLeaks(171)) - 20/30) numLeaks == 1 > 0, will wait and retry ...
2024-12-14 12:25:49,649 WARN  util.ReferenceCountedLeakDetector (ReferenceCountedLeakDetector.java:logLeakMessage(167)) - LEAK: (class org.apache.ratis.proto.RaftProtos$LogEntryProto, count=1, value=term: 1
index: 219
stateMachineLogEntry {
  logData: "\001\001b\002@\272\274\000\000\000\000\000"
  clientId: "\250\365\177G\370\377H\331\264H8\347;\202\215\215"
  callId: 3131
}
)
2024-12-14 12:25:49,650 WARN  util.LeakDetector (LeakDetector.java:assertNoLeaks(171)) - 21/30) numLeaks == 1 > 0, will wait and retry ...
2024-12-14 12:25:50,650 WARN  util.ReferenceCountedLeakDetector (ReferenceCountedLeakDetector.java:logLeakMessage(167)) - LEAK: (class org.apache.ratis.proto.RaftProtos$LogEntryProto, count=1, value=term: 1
index: 219
stateMachineLogEntry {
  logData: "\001\001b\002@\272\274\000\000\000\000\000"
  clientId: "\250\365\177G\370\377H\331\264H8\347;\202\215\215"
  callId: 3131
}
)
2024-12-14 12:25:50,650 WARN  util.LeakDetector (LeakDetector.java:assertNoLeaks(171)) - 22/30) numLeaks == 1 > 0, will wait and retry ...
2024-12-14 12:25:51,651 WARN  util.ReferenceCountedLeakDetector (ReferenceCountedLeakDetector.java:logLeakMessage(167)) - LEAK: (class org.apache.ratis.proto.RaftProtos$LogEntryProto, count=1, value=term: 1
index: 219
stateMachineLogEntry {
  logData: "\001\001b\002@\272\274\000\000\000\000\000"
  clientId: "\250\365\177G\370\377H\331\264H8\347;\202\215\215"
  callId: 3131
}
)
2024-12-14 12:25:51,651 WARN  util.LeakDetector (LeakDetector.java:assertNoLeaks(171)) - 23/30) numLeaks == 1 > 0, will wait and retry ...
2024-12-14 12:25:52,651 WARN  util.ReferenceCountedLeakDetector (ReferenceCountedLeakDetector.java:logLeakMessage(167)) - LEAK: (class org.apache.ratis.proto.RaftProtos$LogEntryProto, count=1, value=term: 1
index: 219
stateMachineLogEntry {
  logData: "\001\001b\002@\272\274\000\000\000\000\000"
  clientId: "\250\365\177G\370\377H\331\264H8\347;\202\215\215"
  callId: 3131
}
)
2024-12-14 12:25:52,652 WARN  util.LeakDetector (LeakDetector.java:assertNoLeaks(171)) - 24/30) numLeaks == 1 > 0, will wait and retry ...
2024-12-14 12:25:53,652 WARN  util.ReferenceCountedLeakDetector (ReferenceCountedLeakDetector.java:logLeakMessage(167)) - LEAK: (class org.apache.ratis.proto.RaftProtos$LogEntryProto, count=1, value=term: 1
index: 219
stateMachineLogEntry {
  logData: "\001\001b\002@\272\274\000\000\000\000\000"
  clientId: "\250\365\177G\370\377H\331\264H8\347;\202\215\215"
  callId: 3131
}
)
2024-12-14 12:25:53,652 WARN  util.LeakDetector (LeakDetector.java:assertNoLeaks(171)) - 25/30) numLeaks == 1 > 0, will wait and retry ...
2024-12-14 12:25:54,653 WARN  util.ReferenceCountedLeakDetector (ReferenceCountedLeakDetector.java:logLeakMessage(167)) - LEAK: (class org.apache.ratis.proto.RaftProtos$LogEntryProto, count=1, value=term: 1
index: 219
stateMachineLogEntry {
  logData: "\001\001b\002@\272\274\000\000\000\000\000"
  clientId: "\250\365\177G\370\377H\331\264H8\347;\202\215\215"
  callId: 3131
}
)
2024-12-14 12:25:54,653 WARN  util.LeakDetector (LeakDetector.java:assertNoLeaks(171)) - 26/30) numLeaks == 1 > 0, will wait and retry ...
2024-12-14 12:25:55,653 WARN  util.ReferenceCountedLeakDetector (ReferenceCountedLeakDetector.java:logLeakMessage(167)) - LEAK: (class org.apache.ratis.proto.RaftProtos$LogEntryProto, count=1, value=term: 1
index: 219
stateMachineLogEntry {
  logData: "\001\001b\002@\272\274\000\000\000\000\000"
  clientId: "\250\365\177G\370\377H\331\264H8\347;\202\215\215"
  callId: 3131
}
)
2024-12-14 12:25:55,654 WARN  util.LeakDetector (LeakDetector.java:assertNoLeaks(171)) - 27/30) numLeaks == 1 > 0, will wait and retry ...
2024-12-14 12:25:56,654 WARN  util.ReferenceCountedLeakDetector (ReferenceCountedLeakDetector.java:logLeakMessage(167)) - LEAK: (class org.apache.ratis.proto.RaftProtos$LogEntryProto, count=1, value=term: 1
index: 219
stateMachineLogEntry {
  logData: "\001\001b\002@\272\274\000\000\000\000\000"
  clientId: "\250\365\177G\370\377H\331\264H8\347;\202\215\215"
  callId: 3131
}
)
2024-12-14 12:25:56,654 WARN  util.LeakDetector (LeakDetector.java:assertNoLeaks(171)) - 28/30) numLeaks == 1 > 0, will wait and retry ...
2024-12-14 12:25:57,655 WARN  util.ReferenceCountedLeakDetector (ReferenceCountedLeakDetector.java:logLeakMessage(167)) - LEAK: (class org.apache.ratis.proto.RaftProtos$LogEntryProto, count=1, value=term: 1
index: 219
stateMachineLogEntry {
  logData: "\001\001b\002@\272\274\000\000\000\000\000"
  clientId: "\250\365\177G\370\377H\331\264H8\347;\202\215\215"
  callId: 3131
}
)
2024-12-14 12:25:57,655 WARN  util.LeakDetector (LeakDetector.java:assertNoLeaks(171)) - 29/30) numLeaks == 1 > 0, will wait and retry ...
2024-12-14 12:25:58,655 WARN  util.ReferenceCountedLeakDetector (ReferenceCountedLeakDetector.java:logLeakMessage(167)) - LEAK: (class org.apache.ratis.proto.RaftProtos$LogEntryProto, count=1, value=term: 1
index: 219
stateMachineLogEntry {
  logData: "\001\001b\002@\272\274\000\000\000\000\000"
  clientId: "\250\365\177G\370\377H\331\264H8\347;\202\215\215"
  callId: 3131
}
)
]]></system-out>
  </testcase>
  <testcase name="testMultiRaftGroup(MiniRaftCluster)[3]" classname="org.apache.ratis.TestMultiRaftGroup" time="79.724">
    <error type="java.lang.IllegalStateException"><![CDATA[java.lang.IllegalStateException: #leaks = 1 > 0, #leaks == set.size = 1
	at org.apache.ratis.util.Preconditions.assertTrue(Preconditions.java:77)
	at org.apache.ratis.util.LeakDetector$LeakTrackerSet.assertNoLeaks(LeakDetector.java:100)
	at org.apache.ratis.util.LeakDetector$LeakTrackerSet.getNumLeaks(LeakDetector.java:94)
	at org.apache.ratis.util.LeakDetector.assertNoLeaks(LeakDetector.java:174)
	at org.apache.ratis.server.impl.MiniRaftCluster.shutdown(MiniRaftCluster.java:894)
	at org.apache.ratis.server.impl.GroupManagementBaseTest.runMultiGroupTest(GroupManagementBaseTest.java:341)
	at org.apache.ratis.TestMultiRaftGroup.runTestMultiRaftGroup(TestMultiRaftGroup.java:63)
	at org.apache.ratis.TestMultiRaftGroup.runTestMultiRaftGroup(TestMultiRaftGroup.java:49)
	at org.apache.ratis.TestMultiRaftGroup.testMultiRaftGroup(TestMultiRaftGroup.java:45)
	at java.lang.reflect.Method.invoke(Method.java:498)
	at java.util.stream.ForEachOps$ForEachOp$OfRef.accept(ForEachOps.java:183)
	at java.util.stream.ReferencePipeline$3$1.accept(ReferencePipeline.java:193)
	at java.util.stream.ReferencePipeline$2$1.accept(ReferencePipeline.java:175)
	at java.util.stream.ReferencePipeline$3$1.accept(ReferencePipeline.java:193)
	at java.util.stream.ForEachOps$ForEachOp$OfRef.accept(ForEachOps.java:183)
	at java.util.stream.ReferencePipeline$3$1.accept(ReferencePipeline.java:193)
	at java.util.stream.ForEachOps$ForEachOp$OfRef.accept(ForEachOps.java:183)
	at java.util.stream.ForEachOps$ForEachOp$OfRef.accept(ForEachOps.java:183)
	at java.util.stream.ReferencePipeline$3$1.accept(ReferencePipeline.java:193)
	at java.util.ArrayList$ArrayListSpliterator.forEachRemaining(ArrayList.java:1384)
	at java.util.stream.ReferencePipeline$Head.forEach(ReferencePipeline.java:647)
	at java.util.stream.ReferencePipeline$7$1.accept(ReferencePipeline.java:272)
	at java.util.stream.ReferencePipeline$3$1.accept(ReferencePipeline.java:193)
	at java.util.stream.ReferencePipeline$3$1.accept(ReferencePipeline.java:193)
	at java.util.stream.ReferencePipeline$3$1.accept(ReferencePipeline.java:193)
	at java.util.Spliterators$ArraySpliterator.forEachRemaining(Spliterators.java:948)
	at java.util.stream.AbstractPipeline.copyInto(AbstractPipeline.java:482)
	at java.util.stream.AbstractPipeline.wrapAndCopyInto(AbstractPipeline.java:472)
	at java.util.stream.ForEachOps$ForEachOp.evaluateSequential(ForEachOps.java:150)
	at java.util.stream.ForEachOps$ForEachOp$OfRef.evaluateSequential(ForEachOps.java:173)
	at java.util.stream.AbstractPipeline.evaluate(AbstractPipeline.java:234)
	at java.util.stream.ReferencePipeline.forEach(ReferencePipeline.java:485)
	at java.util.stream.ReferencePipeline$7$1.accept(ReferencePipeline.java:272)
	at java.util.ArrayList$ArrayListSpliterator.forEachRemaining(ArrayList.java:1384)
	at java.util.stream.AbstractPipeline.copyInto(AbstractPipeline.java:482)
	at java.util.stream.AbstractPipeline.wrapAndCopyInto(AbstractPipeline.java:472)
	at java.util.stream.ForEachOps$ForEachOp.evaluateSequential(ForEachOps.java:150)
	at java.util.stream.ForEachOps$ForEachOp$OfRef.evaluateSequential(ForEachOps.java:173)
	at java.util.stream.AbstractPipeline.evaluate(AbstractPipeline.java:234)
	at java.util.stream.ReferencePipeline.forEach(ReferencePipeline.java:485)
	at java.util.stream.ReferencePipeline$7$1.accept(ReferencePipeline.java:272)
	at java.util.stream.ReferencePipeline$3$1.accept(ReferencePipeline.java:193)
	at java.util.stream.ReferencePipeline$3$1.accept(ReferencePipeline.java:193)
	at java.util.stream.ReferencePipeline$3$1.accept(ReferencePipeline.java:193)
	at java.util.ArrayList$ArrayListSpliterator.forEachRemaining(ArrayList.java:1384)
	at java.util.stream.AbstractPipeline.copyInto(AbstractPipeline.java:482)
	at java.util.stream.AbstractPipeline.wrapAndCopyInto(AbstractPipeline.java:472)
	at java.util.stream.ForEachOps$ForEachOp.evaluateSequential(ForEachOps.java:150)
	at java.util.stream.ForEachOps$ForEachOp$OfRef.evaluateSequential(ForEachOps.java:173)
	at java.util.stream.AbstractPipeline.evaluate(AbstractPipeline.java:234)
	at java.util.stream.ReferencePipeline.forEach(ReferencePipeline.java:485)
	at java.util.stream.ReferencePipeline$7$1.accept(ReferencePipeline.java:272)
	at java.util.ArrayList$ArrayListSpliterator.forEachRemaining(ArrayList.java:1384)
	at java.util.stream.AbstractPipeline.copyInto(AbstractPipeline.java:482)
	at java.util.stream.AbstractPipeline.wrapAndCopyInto(AbstractPipeline.java:472)
	at java.util.stream.ForEachOps$ForEachOp.evaluateSequential(ForEachOps.java:150)
	at java.util.stream.ForEachOps$ForEachOp$OfRef.evaluateSequential(ForEachOps.java:173)
	at java.util.stream.AbstractPipeline.evaluate(AbstractPipeline.java:234)
	at java.util.stream.ReferencePipeline.forEach(ReferencePipeline.java:485)
	at java.util.ArrayList.forEach(ArrayList.java:1259)
	at java.util.ArrayList.forEach(ArrayList.java:1259)
	Suppressed: org.junit.platform.commons.JUnitException: Failed to close extension context
		... 51 more
	Caused by: java.lang.IllegalStateException: #leaks = 1 > 0, #leaks == set.size = 1
		at org.apache.ratis.util.Preconditions.assertTrue(Preconditions.java:77)
		at org.apache.ratis.util.LeakDetector$LeakTrackerSet.assertNoLeaks(LeakDetector.java:100)
		at org.apache.ratis.util.LeakDetector$LeakTrackerSet.getNumLeaks(LeakDetector.java:94)
		at org.apache.ratis.util.LeakDetector.assertNoLeaks(LeakDetector.java:174)
		at org.apache.ratis.server.impl.MiniRaftCluster.shutdown(MiniRaftCluster.java:894)
		at org.apache.ratis.server.impl.MiniRaftCluster.close(MiniRaftCluster.java:843)
		at java.util.stream.ForEachOps$ForEachOp$OfRef.accept(ForEachOps.java:183)
		at java.util.ArrayList.forEach(ArrayList.java:1259)
		at java.util.stream.SortedOps$RefSortingSink.end(SortedOps.java:395)
		at java.util.stream.Sink$ChainedReference.end(Sink.java:258)
		at java.util.stream.Sink$ChainedReference.end(Sink.java:258)
		at java.util.stream.AbstractPipeline.copyInto(AbstractPipeline.java:483)
		at java.util.stream.AbstractPipeline.wrapAndCopyInto(AbstractPipeline.java:472)
		at java.util.stream.ForEachOps$ForEachOp.evaluateSequential(ForEachOps.java:150)
		at java.util.stream.ForEachOps$ForEachOp$OfRef.evaluateSequential(ForEachOps.java:173)
		at java.util.stream.AbstractPipeline.evaluate(AbstractPipeline.java:234)
		at java.util.stream.ReferencePipeline.forEach(ReferencePipeline.java:485)
		... 51 more
]]></error>
    <system-out><![CDATA[2024-12-14 12:25:58,659 INFO  util.LogUtils (Slf4jUtils.java:setLogLevel(38)) - Successfully set org.apache.ratis.conf.ConfUtils log level to WARN
2024-12-14 12:25:58,659 INFO  util.LogUtils (Slf4jUtils.java:setLogLevel(38)) - Successfully set org.apache.ratis.util.FileUtils log level to TRACE
2024-12-14 12:25:58,661 INFO  impl.GroupManagementBaseTest (GroupManagementBaseTest.java:runMultiGroupTest(251)) - 

runMultiGroupTest with MiniRaftClusterWithNetty[3, 6, 9, 12, 15]chosen=1: printing ALL groups
2024-12-14 12:25:58,661 INFO  impl.GroupManagementBaseTest (GroupManagementBaseTest.java:runMultiGroupTest(258)) - ids: [s0, s1, s2, s3, s4, s5, s6, s7, s8, s9, s10, s11, s12, s13, s14]
2024-12-14 12:25:58,661 INFO  impl.MiniRaftCluster (MiniRaftCluster.java:newRaftServer(396)) - newRaftServer: s0, group-0A0C1A18FF69:[], format? true
2024-12-14 12:25:58,661 TRACE util.FileUtils (FileUtils.java:deleteFully(307)) - deleteFully target/test/data/da5193cb/MiniRaftClusterWithNetty71855ece/s0
2024-12-14 12:25:58,661 TRACE util.FileUtils (FileUtils.java:deleteFully(320)) - deleteFully: target/test/data/da5193cb/MiniRaftClusterWithNetty71855ece/s0 does not exist.
2024-12-14 12:25:58,661 INFO  impl.MiniRaftCluster (MiniRaftCluster.java:newRaftServer(401)) - Formatted directory target/test/data/da5193cb/MiniRaftClusterWithNetty71855ece/s0
2024-12-14 12:25:58,663 INFO  server.RaftServer (ConfUtils.java:logGet(46)) - raft.rpc.type = NETTY (custom)
2024-12-14 12:25:58,666 INFO  netty.NettyConfigKeys$Server (ConfUtils.java:logGet(46)) - raft.netty.server.use-epoll = true (default)
2024-12-14 12:25:58,667 INFO  netty.NettyUtils (NettyUtils.java:newEventLoopGroup(74)) - Create EpollEventLoopGroup for NettyRpcService-bossGroup; Thread size is 0.
2024-12-14 12:25:58,667 INFO  netty.NettyUtils (NettyUtils.java:newEventLoopGroup(74)) - Create EpollEventLoopGroup for NettyRpcService-workerGroup; Thread size is 0.
2024-12-14 12:25:58,668 INFO  netty.NettyConfigKeys$Server (ConfUtils.java:logGet(46)) - raft.netty.server.host = null (default)
2024-12-14 12:25:58,669 INFO  netty.NettyConfigKeys$Server (ConfUtils.java:logGet(46)) - raft.netty.server.port = 15015 (custom)
2024-12-14 12:25:58,669 INFO  impl.DataStreamServerImpl (ConfUtils.java:logGet(46)) - raft.datastream.type = DISABLED (default)
2024-12-14 12:25:58,669 INFO  server.RaftServerConfigKeys (ConfUtils.java:logGet(46)) - raft.server.sleep.deviation.threshold = 300ms (default)
2024-12-14 12:25:58,669 INFO  server.RaftServerConfigKeys (ConfUtils.java:logGet(46)) - raft.server.close.threshold = 60s (default)
2024-12-14 12:25:58,670 INFO  server.RaftServerConfigKeys (ConfUtils.java:logGet(46)) - raft.server.leaderelection.leader.step-down.wait-time = 10s (default)
2024-12-14 12:25:58,670 INFO  server.RaftServerConfigKeys (ConfUtils.java:logGet(46)) - raft.server.storage.dir = [/home/runner/work/ratis/ratis/ratis-examples/target/test/data/da5193cb/MiniRaftClusterWithNetty71855ece/s0] (custom)
2024-12-14 12:25:58,670 INFO  server.RaftServerConfigKeys (ConfUtils.java:logGet(46)) - raft.server.threadpool.proxy.cached = true (default)
2024-12-14 12:25:58,670 INFO  server.RaftServerConfigKeys (ConfUtils.java:logGet(46)) - raft.server.threadpool.proxy.size = 0 (default)
2024-12-14 12:25:58,671 INFO  server.RaftServer (RaftServerProxy.java:addNew(101)) - s0: addNew group-0A0C1A18FF69:[] returns group-0A0C1A18FF69:java.util.concurrent.CompletableFuture@7fd3c38b[Not completed]
2024-12-14 12:25:58,671 INFO  impl.MiniRaftCluster (MiniRaftCluster.java:newRaftServer(396)) - newRaftServer: s1, group-0A0C1A18FF69:[], format? true
2024-12-14 12:25:58,671 TRACE util.FileUtils (FileUtils.java:deleteFully(307)) - deleteFully target/test/data/da5193cb/MiniRaftClusterWithNetty71855ece/s1
2024-12-14 12:25:58,672 TRACE util.FileUtils (FileUtils.java:deleteFully(320)) - deleteFully: target/test/data/da5193cb/MiniRaftClusterWithNetty71855ece/s1 does not exist.
2024-12-14 12:25:58,672 INFO  impl.MiniRaftCluster (MiniRaftCluster.java:newRaftServer(401)) - Formatted directory target/test/data/da5193cb/MiniRaftClusterWithNetty71855ece/s1
2024-12-14 12:25:58,672 INFO  netty.NettyUtils (NettyUtils.java:newEventLoopGroup(74)) - Create EpollEventLoopGroup for s0; Thread size is 0.
2024-12-14 12:25:58,672 INFO  server.RaftServer (ConfUtils.java:logGet(46)) - raft.rpc.type = NETTY (custom)
2024-12-14 12:25:58,673 INFO  netty.NettyConfigKeys$Server (ConfUtils.java:logGet(46)) - raft.netty.server.use-epoll = true (default)
2024-12-14 12:25:58,673 INFO  netty.NettyUtils (NettyUtils.java:newEventLoopGroup(74)) - Create EpollEventLoopGroup for NettyRpcService-bossGroup; Thread size is 0.
2024-12-14 12:25:58,673 INFO  netty.NettyUtils (NettyUtils.java:newEventLoopGroup(74)) - Create EpollEventLoopGroup for NettyRpcService-workerGroup; Thread size is 0.
2024-12-14 12:25:58,673 INFO  server.RaftServer$Division (RaftServerImpl.java:<init>(256)) - s0: new RaftServerImpl for group-0A0C1A18FF69:[] with ArithmeticStateMachine:uninitialized
2024-12-14 12:25:58,674 INFO  server.RaftServerConfigKeys (ConfUtils.java:logGet(46)) - raft.server.rpc.timeout.min = 300ms (custom)
2024-12-14 12:25:58,674 INFO  server.RaftServerConfigKeys (ConfUtils.java:logGet(46)) - raft.server.rpc.timeout.max = 600ms (custom)
2024-12-14 12:25:58,674 INFO  server.RaftServerConfigKeys (ConfUtils.java:logGet(46)) - raft.server.rpc.sleep.time = 25ms (default)
2024-12-14 12:25:58,674 INFO  server.RaftServerConfigKeys (ConfUtils.java:logGet(46)) - raft.server.rpc.slowness.timeout = 60s (default)
2024-12-14 12:25:58,674 INFO  server.RaftServerConfigKeys (ConfUtils.java:logGet(46)) - raft.server.leaderelection.leader.step-down.wait-time = 10s (default)
2024-12-14 12:25:58,674 INFO  server.RaftServerConfigKeys (ConfUtils.java:logGet(46)) - raft.server.leaderelection.member.majority-add = false (default)
2024-12-14 12:25:58,674 INFO  server.RaftServerConfigKeys (ConfUtils.java:logGet(46)) - raft.server.sleep.deviation.threshold = 300ms (default)
2024-12-14 12:25:58,674 INFO  netty.NettyConfigKeys$Server (ConfUtils.java:logGet(46)) - raft.netty.server.host = null (default)
2024-12-14 12:25:58,674 INFO  netty.NettyConfigKeys$Server (ConfUtils.java:logGet(46)) - raft.netty.server.port = 15016 (custom)
2024-12-14 12:25:58,674 INFO  server.RaftServer$Division (ServerState.java:<init>(114)) - s0@group-0A0C1A18FF69: ConfigurationManager, init=conf: {index: -1, cur=peers:[]|listeners:[], old=null}, confs=<EMPTY_MAP>
2024-12-14 12:25:58,674 INFO  impl.DataStreamServerImpl (ConfUtils.java:logGet(46)) - raft.datastream.type = DISABLED (default)
2024-12-14 12:25:58,675 INFO  server.RaftServerConfigKeys (ConfUtils.java:logGet(46)) - raft.server.notification.no-leader.timeout = 60s (default)
2024-12-14 12:25:58,675 INFO  server.RaftServerConfigKeys (ConfUtils.java:logGet(46)) - raft.server.sleep.deviation.threshold = 300ms (default)
2024-12-14 12:25:58,675 INFO  server.RaftServerConfigKeys (ConfUtils.java:logGet(46)) - raft.server.close.threshold = 60s (default)
2024-12-14 12:25:58,675 INFO  server.RaftServerConfigKeys (ConfUtils.java:logGet(46)) - raft.server.leaderelection.leader.step-down.wait-time = 10s (default)
2024-12-14 12:25:58,675 INFO  server.RaftServerConfigKeys (ConfUtils.java:logGet(46)) - raft.server.read.timeout = 10s (default)
2024-12-14 12:25:58,675 INFO  server.RaftServerConfigKeys (ConfUtils.java:logGet(46)) - raft.server.storage.dir = [/home/runner/work/ratis/ratis/ratis-examples/target/test/data/da5193cb/MiniRaftClusterWithNetty71855ece/s1] (custom)
2024-12-14 12:25:58,675 INFO  server.RaftServerConfigKeys (ConfUtils.java:logGet(46)) - raft.server.threadpool.proxy.cached = true (default)
2024-12-14 12:25:58,676 INFO  server.RaftServerConfigKeys (ConfUtils.java:logGet(46)) - raft.server.threadpool.proxy.size = 0 (default)
2024-12-14 12:25:58,675 INFO  server.RaftServerConfigKeys (ConfUtils.java:logGet(46)) - raft.server.retrycache.expirytime = 60s (default)
2024-12-14 12:25:58,676 INFO  server.RaftServerConfigKeys (ConfUtils.java:logGet(46)) - raft.server.retrycache.statistics.expirytime = 100ms (default)
2024-12-14 12:25:58,676 INFO  server.RaftServerConfigKeys (ConfUtils.java:logGet(46)) - raft.server.read.option = DEFAULT (default)
2024-12-14 12:25:58,676 INFO  server.RaftServer (RaftServerProxy.java:addNew(101)) - s1: addNew group-0A0C1A18FF69:[] returns group-0A0C1A18FF69:java.util.concurrent.CompletableFuture@5f5076f9[Not completed]
2024-12-14 12:25:58,676 INFO  netty.NettyUtils (NettyUtils.java:newEventLoopGroup(74)) - Create EpollEventLoopGroup for s1; Thread size is 0.
2024-12-14 12:25:58,676 INFO  impl.MiniRaftCluster (MiniRaftCluster.java:newRaftServer(396)) - newRaftServer: s2, group-0A0C1A18FF69:[], format? true
2024-12-14 12:25:58,677 TRACE util.FileUtils (FileUtils.java:deleteFully(307)) - deleteFully target/test/data/da5193cb/MiniRaftClusterWithNetty71855ece/s2
2024-12-14 12:25:58,676 INFO  server.RaftServerConfigKeys (ConfUtils.java:logGet(46)) - raft.server.read.read-after-write-consistent.write-index-cache.expiry-time = 60s (default)
2024-12-14 12:25:58,677 TRACE util.FileUtils (FileUtils.java:deleteFully(320)) - deleteFully: target/test/data/da5193cb/MiniRaftClusterWithNetty71855ece/s2 does not exist.
2024-12-14 12:25:58,677 INFO  impl.MiniRaftCluster (MiniRaftCluster.java:newRaftServer(401)) - Formatted directory target/test/data/da5193cb/MiniRaftClusterWithNetty71855ece/s2
2024-12-14 12:25:58,677 INFO  server.RaftServer$Division (RaftServerImpl.java:<init>(256)) - s1: new RaftServerImpl for group-0A0C1A18FF69:[] with ArithmeticStateMachine:uninitialized
2024-12-14 12:25:58,677 INFO  server.RaftServerConfigKeys (ConfUtils.java:logGet(46)) - raft.server.rpc.timeout.min = 300ms (custom)
2024-12-14 12:25:58,677 INFO  server.RaftServer (ConfUtils.java:logGet(46)) - raft.rpc.type = NETTY (custom)
2024-12-14 12:25:58,677 INFO  server.RaftServerConfigKeys (ConfUtils.java:logGet(46)) - raft.server.rpc.timeout.max = 600ms (custom)
2024-12-14 12:25:58,677 INFO  netty.NettyConfigKeys$Server (ConfUtils.java:logGet(46)) - raft.netty.server.use-epoll = true (default)
2024-12-14 12:25:58,678 INFO  netty.NettyUtils (NettyUtils.java:newEventLoopGroup(74)) - Create EpollEventLoopGroup for NettyRpcService-bossGroup; Thread size is 0.
2024-12-14 12:25:58,677 INFO  server.RaftServerConfigKeys (ConfUtils.java:logGet(46)) - raft.server.rpc.sleep.time = 25ms (default)
2024-12-14 12:25:58,678 INFO  server.RaftServerConfigKeys (ConfUtils.java:logGet(46)) - raft.server.rpc.slowness.timeout = 60s (default)
2024-12-14 12:25:58,678 INFO  server.RaftServerConfigKeys (ConfUtils.java:logGet(46)) - raft.server.leaderelection.leader.step-down.wait-time = 10s (default)
2024-12-14 12:25:58,678 INFO  server.RaftServerConfigKeys (ConfUtils.java:logGet(46)) - raft.server.rpc.request.timeout = 3000ms (default)
2024-12-14 12:25:58,678 INFO  netty.NettyUtils (NettyUtils.java:newEventLoopGroup(74)) - Create EpollEventLoopGroup for NettyRpcService-workerGroup; Thread size is 0.
2024-12-14 12:25:58,678 INFO  server.RaftServerConfigKeys (ConfUtils.java:logGet(46)) - raft.server.leaderelection.member.majority-add = false (default)
2024-12-14 12:25:58,678 INFO  server.RaftServerConfigKeys (ConfUtils.java:logGet(46)) - raft.server.sleep.deviation.threshold = 300ms (default)
2024-12-14 12:25:58,678 INFO  server.RaftServer$Division (ServerState.java:<init>(114)) - s1@group-0A0C1A18FF69: ConfigurationManager, init=conf: {index: -1, cur=peers:[]|listeners:[], old=null}, confs=<EMPTY_MAP>
2024-12-14 12:25:58,679 INFO  server.RaftServerConfigKeys (ConfUtils.java:logGet(46)) - raft.server.notification.no-leader.timeout = 60s (default)
2024-12-14 12:25:58,679 INFO  netty.NettyConfigKeys$Server (ConfUtils.java:logGet(46)) - raft.netty.server.host = null (default)
2024-12-14 12:25:58,679 INFO  netty.NettyConfigKeys$Server (ConfUtils.java:logGet(46)) - raft.netty.server.port = 15017 (custom)
2024-12-14 12:25:58,679 INFO  impl.DataStreamServerImpl (ConfUtils.java:logGet(46)) - raft.datastream.type = DISABLED (default)
2024-12-14 12:25:58,679 INFO  server.RaftServerConfigKeys (ConfUtils.java:logGet(46)) - raft.server.sleep.deviation.threshold = 300ms (default)
2024-12-14 12:25:58,679 INFO  server.RaftServerConfigKeys (ConfUtils.java:logGet(46)) - raft.server.close.threshold = 60s (default)
2024-12-14 12:25:58,679 INFO  server.RaftServerConfigKeys (ConfUtils.java:logGet(46)) - raft.server.leaderelection.leader.step-down.wait-time = 10s (default)
2024-12-14 12:25:58,680 INFO  server.RaftServerConfigKeys (ConfUtils.java:logGet(46)) - raft.server.storage.dir = [/home/runner/work/ratis/ratis/ratis-examples/target/test/data/da5193cb/MiniRaftClusterWithNetty71855ece/s2] (custom)
2024-12-14 12:25:58,680 INFO  server.RaftServerConfigKeys (ConfUtils.java:logGet(46)) - raft.server.threadpool.proxy.cached = true (default)
2024-12-14 12:25:58,680 INFO  server.RaftServerConfigKeys (ConfUtils.java:logGet(46)) - raft.server.threadpool.proxy.size = 0 (default)
2024-12-14 12:25:58,680 INFO  server.RaftServer (RaftServerProxy.java:addNew(101)) - s2: addNew group-0A0C1A18FF69:[] returns group-0A0C1A18FF69:java.util.concurrent.CompletableFuture@43fdef43[Not completed]
2024-12-14 12:25:58,678 INFO  server.RaftServerConfigKeys (ConfUtils.java:logGet(46)) - raft.server.log.appender.install.snapshot.enabled = true (default)
2024-12-14 12:25:58,681 INFO  impl.MiniRaftCluster (MiniRaftCluster.java:newRaftServer(396)) - newRaftServer: s3, group-0A0C1A18FF69:[], format? true
2024-12-14 12:25:58,681 TRACE util.FileUtils (FileUtils.java:deleteFully(307)) - deleteFully target/test/data/da5193cb/MiniRaftClusterWithNetty71855ece/s3
2024-12-14 12:25:58,680 INFO  netty.NettyUtils (NettyUtils.java:newEventLoopGroup(74)) - Create EpollEventLoopGroup for s2; Thread size is 0.
2024-12-14 12:25:58,681 TRACE util.FileUtils (FileUtils.java:deleteFully(320)) - deleteFully: target/test/data/da5193cb/MiniRaftClusterWithNetty71855ece/s3 does not exist.
2024-12-14 12:25:58,681 INFO  impl.MiniRaftCluster (MiniRaftCluster.java:newRaftServer(401)) - Formatted directory target/test/data/da5193cb/MiniRaftClusterWithNetty71855ece/s3
2024-12-14 12:25:58,679 INFO  server.RaftServerConfigKeys (ConfUtils.java:logGet(46)) - raft.server.read.timeout = 10s (default)
2024-12-14 12:25:58,681 INFO  server.RaftServer$Division (RaftServerImpl.java:<init>(256)) - s2: new RaftServerImpl for group-0A0C1A18FF69:[] with ArithmeticStateMachine:uninitialized
2024-12-14 12:25:58,681 INFO  server.RaftServerConfigKeys (ConfUtils.java:logGet(46)) - raft.server.threadpool.server.cached = true (default)
2024-12-14 12:25:58,682 INFO  server.RaftServerConfigKeys (ConfUtils.java:logGet(46)) - raft.server.rpc.timeout.min = 300ms (custom)
2024-12-14 12:25:58,681 INFO  server.RaftServerConfigKeys (ConfUtils.java:logGet(46)) - raft.server.retrycache.expirytime = 60s (default)
2024-12-14 12:25:58,681 INFO  server.RaftServer (ConfUtils.java:logGet(46)) - raft.rpc.type = NETTY (custom)
2024-12-14 12:25:58,682 INFO  server.RaftServerConfigKeys (ConfUtils.java:logGet(46)) - raft.server.retrycache.statistics.expirytime = 100ms (default)
2024-12-14 12:25:58,682 INFO  server.RaftServerConfigKeys (ConfUtils.java:logGet(46)) - raft.server.rpc.timeout.max = 600ms (custom)
2024-12-14 12:25:58,682 INFO  server.RaftServerConfigKeys (ConfUtils.java:logGet(46)) - raft.server.threadpool.server.size = 0 (default)
2024-12-14 12:25:58,682 INFO  server.RaftServerConfigKeys (ConfUtils.java:logGet(46)) - raft.server.rpc.sleep.time = 25ms (default)
2024-12-14 12:25:58,682 INFO  server.RaftServerConfigKeys (ConfUtils.java:logGet(46)) - raft.server.read.option = DEFAULT (default)
2024-12-14 12:25:58,682 INFO  netty.NettyConfigKeys$Server (ConfUtils.java:logGet(46)) - raft.netty.server.use-epoll = true (default)
2024-12-14 12:25:58,682 INFO  netty.NettyUtils (NettyUtils.java:newEventLoopGroup(74)) - Create EpollEventLoopGroup for NettyRpcService-bossGroup; Thread size is 0.
2024-12-14 12:25:58,682 INFO  server.RaftServerConfigKeys (ConfUtils.java:logGet(46)) - raft.server.read.read-after-write-consistent.write-index-cache.expiry-time = 60s (default)
2024-12-14 12:25:58,682 INFO  server.RaftServerConfigKeys (ConfUtils.java:logGet(46)) - raft.server.rpc.slowness.timeout = 60s (default)
2024-12-14 12:25:58,682 INFO  server.RaftServerConfigKeys (ConfUtils.java:logGet(46)) - raft.server.threadpool.client.cached = true (default)
2024-12-14 12:25:58,683 INFO  server.RaftServerConfigKeys (ConfUtils.java:logGet(46)) - raft.server.leaderelection.leader.step-down.wait-time = 10s (default)
2024-12-14 12:25:58,683 INFO  server.RaftServerConfigKeys (ConfUtils.java:logGet(46)) - raft.server.threadpool.client.size = 0 (default)
2024-12-14 12:25:58,683 INFO  server.RaftServerConfigKeys (ConfUtils.java:logGet(46)) - raft.server.leaderelection.member.majority-add = false (default)
2024-12-14 12:25:58,683 INFO  server.RaftServerConfigKeys (ConfUtils.java:logGet(46)) - raft.server.sleep.deviation.threshold = 300ms (default)
2024-12-14 12:25:58,683 INFO  server.RaftServer$Division (ServerState.java:<init>(114)) - s2@group-0A0C1A18FF69: ConfigurationManager, init=conf: {index: -1, cur=peers:[]|listeners:[], old=null}, confs=<EMPTY_MAP>
2024-12-14 12:25:58,683 INFO  server.RaftServerConfigKeys (ConfUtils.java:logGet(46)) - raft.server.rpc.request.timeout = 3000ms (default)
2024-12-14 12:25:58,683 INFO  server.RaftServerConfigKeys (ConfUtils.java:logGet(46)) - raft.server.notification.no-leader.timeout = 60s (default)
2024-12-14 12:25:58,683 INFO  server.RaftServerConfigKeys (ConfUtils.java:logGet(46)) - raft.server.log.appender.install.snapshot.enabled = true (default)
2024-12-14 12:25:58,683 INFO  server.RaftServerConfigKeys (ConfUtils.java:logGet(46)) - raft.server.threadpool.server.cached = true (default)
2024-12-14 12:25:58,683 INFO  server.RaftServerConfigKeys (ConfUtils.java:logGet(46)) - raft.server.threadpool.server.size = 0 (default)
2024-12-14 12:25:58,683 INFO  server.RaftServerConfigKeys (ConfUtils.java:logGet(46)) - raft.server.threadpool.client.cached = true (default)
2024-12-14 12:25:58,683 INFO  server.RaftServerConfigKeys (ConfUtils.java:logGet(46)) - raft.server.threadpool.client.size = 0 (default)
2024-12-14 12:25:58,683 INFO  server.RaftServerConfigKeys (ConfUtils.java:logGet(46)) - raft.server.read.timeout = 10s (default)
2024-12-14 12:25:58,683 INFO  server.RaftServerConfigKeys (ConfUtils.java:logGet(46)) - raft.server.retrycache.expirytime = 60s (default)
2024-12-14 12:25:58,683 INFO  server.RaftServerConfigKeys (ConfUtils.java:logGet(46)) - raft.server.retrycache.statistics.expirytime = 100ms (default)
2024-12-14 12:25:58,684 INFO  server.RaftServerConfigKeys (ConfUtils.java:logGet(46)) - raft.server.read.option = DEFAULT (default)
2024-12-14 12:25:58,684 INFO  server.RaftServerConfigKeys (ConfUtils.java:logGet(46)) - raft.server.read.read-after-write-consistent.write-index-cache.expiry-time = 60s (default)
2024-12-14 12:25:58,684 INFO  server.RaftServerConfigKeys (ConfUtils.java:logGet(46)) - raft.server.rpc.request.timeout = 3000ms (default)
2024-12-14 12:25:58,684 INFO  server.RaftServerConfigKeys (ConfUtils.java:logGet(46)) - raft.server.log.appender.install.snapshot.enabled = true (default)
2024-12-14 12:25:58,684 INFO  server.RaftServerConfigKeys (ConfUtils.java:logGet(46)) - raft.server.threadpool.server.cached = true (default)
2024-12-14 12:25:58,684 INFO  server.RaftServerConfigKeys (ConfUtils.java:logGet(46)) - raft.server.threadpool.server.size = 0 (default)
2024-12-14 12:25:58,684 INFO  server.RaftServerConfigKeys (ConfUtils.java:logGet(46)) - raft.server.threadpool.client.cached = true (default)
2024-12-14 12:25:58,684 INFO  server.RaftServerConfigKeys (ConfUtils.java:logGet(46)) - raft.server.threadpool.client.size = 0 (default)
2024-12-14 12:25:58,701 INFO  netty.NettyUtils (NettyUtils.java:newEventLoopGroup(74)) - Create EpollEventLoopGroup for NettyRpcService-workerGroup; Thread size is 0.
2024-12-14 12:25:58,701 INFO  netty.NettyConfigKeys$Server (ConfUtils.java:logGet(46)) - raft.netty.server.host = null (default)
2024-12-14 12:25:58,701 INFO  netty.NettyConfigKeys$Server (ConfUtils.java:logGet(46)) - raft.netty.server.port = 15018 (custom)
2024-12-14 12:25:58,702 INFO  impl.DataStreamServerImpl (ConfUtils.java:logGet(46)) - raft.datastream.type = DISABLED (default)
2024-12-14 12:25:58,702 INFO  server.RaftServerConfigKeys (ConfUtils.java:logGet(46)) - raft.server.sleep.deviation.threshold = 300ms (default)
2024-12-14 12:25:58,702 INFO  server.RaftServerConfigKeys (ConfUtils.java:logGet(46)) - raft.server.close.threshold = 60s (default)
2024-12-14 12:25:58,702 INFO  server.RaftServerConfigKeys (ConfUtils.java:logGet(46)) - raft.server.leaderelection.leader.step-down.wait-time = 10s (default)
2024-12-14 12:25:58,702 INFO  server.RaftServerConfigKeys (ConfUtils.java:logGet(46)) - raft.server.storage.dir = [/home/runner/work/ratis/ratis/ratis-examples/target/test/data/da5193cb/MiniRaftClusterWithNetty71855ece/s3] (custom)
2024-12-14 12:25:58,702 INFO  server.RaftServerConfigKeys (ConfUtils.java:logGet(46)) - raft.server.threadpool.proxy.cached = true (default)
2024-12-14 12:25:58,703 INFO  server.RaftServerConfigKeys (ConfUtils.java:logGet(46)) - raft.server.threadpool.proxy.size = 0 (default)
2024-12-14 12:25:58,703 INFO  server.RaftServer (RaftServerProxy.java:addNew(101)) - s3: addNew group-0A0C1A18FF69:[] returns group-0A0C1A18FF69:java.util.concurrent.CompletableFuture@6a233d33[Not completed]
2024-12-14 12:25:58,703 INFO  netty.NettyUtils (NettyUtils.java:newEventLoopGroup(74)) - Create EpollEventLoopGroup for s3; Thread size is 0.
2024-12-14 12:25:58,703 INFO  impl.MiniRaftCluster (MiniRaftCluster.java:newRaftServer(396)) - newRaftServer: s4, group-0A0C1A18FF69:[], format? true
2024-12-14 12:25:58,703 TRACE util.FileUtils (FileUtils.java:deleteFully(307)) - deleteFully target/test/data/da5193cb/MiniRaftClusterWithNetty71855ece/s4
2024-12-14 12:25:58,703 INFO  server.RaftServer$Division (RaftServerImpl.java:<init>(256)) - s3: new RaftServerImpl for group-0A0C1A18FF69:[] with ArithmeticStateMachine:uninitialized
2024-12-14 12:25:58,703 TRACE util.FileUtils (FileUtils.java:deleteFully(320)) - deleteFully: target/test/data/da5193cb/MiniRaftClusterWithNetty71855ece/s4 does not exist.
2024-12-14 12:25:58,704 INFO  impl.MiniRaftCluster (MiniRaftCluster.java:newRaftServer(401)) - Formatted directory target/test/data/da5193cb/MiniRaftClusterWithNetty71855ece/s4
2024-12-14 12:25:58,703 INFO  server.RaftServerConfigKeys (ConfUtils.java:logGet(46)) - raft.server.rpc.timeout.min = 300ms (custom)
2024-12-14 12:25:58,704 INFO  server.RaftServerConfigKeys (ConfUtils.java:logGet(46)) - raft.server.rpc.timeout.max = 600ms (custom)
2024-12-14 12:25:58,704 INFO  server.RaftServerConfigKeys (ConfUtils.java:logGet(46)) - raft.server.rpc.sleep.time = 25ms (default)
2024-12-14 12:25:58,704 INFO  server.RaftServerConfigKeys (ConfUtils.java:logGet(46)) - raft.server.rpc.slowness.timeout = 60s (default)
2024-12-14 12:25:58,704 INFO  server.RaftServerConfigKeys (ConfUtils.java:logGet(46)) - raft.server.leaderelection.leader.step-down.wait-time = 10s (default)
2024-12-14 12:25:58,704 INFO  server.RaftServerConfigKeys (ConfUtils.java:logGet(46)) - raft.server.leaderelection.member.majority-add = false (default)
2024-12-14 12:25:58,704 INFO  server.RaftServerConfigKeys (ConfUtils.java:logGet(46)) - raft.server.sleep.deviation.threshold = 300ms (default)
2024-12-14 12:25:58,704 INFO  server.RaftServer$Division (ServerState.java:<init>(114)) - s3@group-0A0C1A18FF69: ConfigurationManager, init=conf: {index: -1, cur=peers:[]|listeners:[], old=null}, confs=<EMPTY_MAP>
2024-12-14 12:25:58,704 INFO  server.RaftServerConfigKeys (ConfUtils.java:logGet(46)) - raft.server.notification.no-leader.timeout = 60s (default)
2024-12-14 12:25:58,704 INFO  server.RaftServerConfigKeys (ConfUtils.java:logGet(46)) - raft.server.read.timeout = 10s (default)
2024-12-14 12:25:58,704 INFO  server.RaftServerConfigKeys (ConfUtils.java:logGet(46)) - raft.server.retrycache.expirytime = 60s (default)
2024-12-14 12:25:58,704 INFO  server.RaftServerConfigKeys (ConfUtils.java:logGet(46)) - raft.server.retrycache.statistics.expirytime = 100ms (default)
2024-12-14 12:25:58,704 INFO  server.RaftServerConfigKeys (ConfUtils.java:logGet(46)) - raft.server.read.option = DEFAULT (default)
2024-12-14 12:25:58,704 INFO  server.RaftServerConfigKeys (ConfUtils.java:logGet(46)) - raft.server.read.read-after-write-consistent.write-index-cache.expiry-time = 60s (default)
2024-12-14 12:25:58,705 INFO  server.RaftServerConfigKeys (ConfUtils.java:logGet(46)) - raft.server.rpc.request.timeout = 3000ms (default)
2024-12-14 12:25:58,705 INFO  server.RaftServerConfigKeys (ConfUtils.java:logGet(46)) - raft.server.log.appender.install.snapshot.enabled = true (default)
2024-12-14 12:25:58,705 INFO  server.RaftServerConfigKeys (ConfUtils.java:logGet(46)) - raft.server.threadpool.server.cached = true (default)
2024-12-14 12:25:58,705 INFO  server.RaftServerConfigKeys (ConfUtils.java:logGet(46)) - raft.server.threadpool.server.size = 0 (default)
2024-12-14 12:25:58,705 INFO  server.RaftServerConfigKeys (ConfUtils.java:logGet(46)) - raft.server.threadpool.client.cached = true (default)
2024-12-14 12:25:58,705 INFO  server.RaftServerConfigKeys (ConfUtils.java:logGet(46)) - raft.server.threadpool.client.size = 0 (default)
2024-12-14 12:25:58,704 INFO  server.RaftServer (ConfUtils.java:logGet(46)) - raft.rpc.type = NETTY (custom)
2024-12-14 12:25:58,707 INFO  netty.NettyConfigKeys$Server (ConfUtils.java:logGet(46)) - raft.netty.server.use-epoll = true (default)
2024-12-14 12:25:58,708 INFO  netty.NettyUtils (NettyUtils.java:newEventLoopGroup(74)) - Create EpollEventLoopGroup for NettyRpcService-bossGroup; Thread size is 0.
2024-12-14 12:25:58,708 INFO  netty.NettyUtils (NettyUtils.java:newEventLoopGroup(74)) - Create EpollEventLoopGroup for NettyRpcService-workerGroup; Thread size is 0.
2024-12-14 12:25:58,708 INFO  netty.NettyConfigKeys$Server (ConfUtils.java:logGet(46)) - raft.netty.server.host = null (default)
2024-12-14 12:25:58,709 INFO  netty.NettyConfigKeys$Server (ConfUtils.java:logGet(46)) - raft.netty.server.port = 15019 (custom)
2024-12-14 12:25:58,709 INFO  impl.DataStreamServerImpl (ConfUtils.java:logGet(46)) - raft.datastream.type = DISABLED (default)
2024-12-14 12:25:58,709 INFO  server.RaftServerConfigKeys (ConfUtils.java:logGet(46)) - raft.server.sleep.deviation.threshold = 300ms (default)
2024-12-14 12:25:58,709 INFO  server.RaftServerConfigKeys (ConfUtils.java:logGet(46)) - raft.server.close.threshold = 60s (default)
2024-12-14 12:25:58,709 INFO  server.RaftServerConfigKeys (ConfUtils.java:logGet(46)) - raft.server.leaderelection.leader.step-down.wait-time = 10s (default)
2024-12-14 12:25:58,709 INFO  server.RaftServerConfigKeys (ConfUtils.java:logGet(46)) - raft.server.storage.dir = [/home/runner/work/ratis/ratis/ratis-examples/target/test/data/da5193cb/MiniRaftClusterWithNetty71855ece/s4] (custom)
2024-12-14 12:25:58,710 INFO  server.RaftServerConfigKeys (ConfUtils.java:logGet(46)) - raft.server.threadpool.proxy.cached = true (default)
2024-12-14 12:25:58,710 INFO  server.RaftServerConfigKeys (ConfUtils.java:logGet(46)) - raft.server.threadpool.proxy.size = 0 (default)
2024-12-14 12:25:58,710 INFO  server.RaftServer (RaftServerProxy.java:addNew(101)) - s4: addNew group-0A0C1A18FF69:[] returns group-0A0C1A18FF69:java.util.concurrent.CompletableFuture@3e8995cc[Not completed]
2024-12-14 12:25:58,710 INFO  netty.NettyUtils (NettyUtils.java:newEventLoopGroup(74)) - Create EpollEventLoopGroup for s4; Thread size is 0.
2024-12-14 12:25:58,710 INFO  impl.MiniRaftCluster (MiniRaftCluster.java:newRaftServer(396)) - newRaftServer: s5, group-0A0C1A18FF69:[], format? true
2024-12-14 12:25:58,710 TRACE util.FileUtils (FileUtils.java:deleteFully(307)) - deleteFully target/test/data/da5193cb/MiniRaftClusterWithNetty71855ece/s5
2024-12-14 12:25:58,711 INFO  server.RaftServer$Division (RaftServerImpl.java:<init>(256)) - s4: new RaftServerImpl for group-0A0C1A18FF69:[] with ArithmeticStateMachine:uninitialized
2024-12-14 12:25:58,711 TRACE util.FileUtils (FileUtils.java:deleteFully(320)) - deleteFully: target/test/data/da5193cb/MiniRaftClusterWithNetty71855ece/s5 does not exist.
2024-12-14 12:25:58,711 INFO  impl.MiniRaftCluster (MiniRaftCluster.java:newRaftServer(401)) - Formatted directory target/test/data/da5193cb/MiniRaftClusterWithNetty71855ece/s5
2024-12-14 12:25:58,711 INFO  server.RaftServerConfigKeys (ConfUtils.java:logGet(46)) - raft.server.rpc.timeout.min = 300ms (custom)
2024-12-14 12:25:58,711 INFO  server.RaftServerConfigKeys (ConfUtils.java:logGet(46)) - raft.server.rpc.timeout.max = 600ms (custom)
2024-12-14 12:25:58,711 INFO  server.RaftServerConfigKeys (ConfUtils.java:logGet(46)) - raft.server.rpc.sleep.time = 25ms (default)
2024-12-14 12:25:58,711 INFO  server.RaftServerConfigKeys (ConfUtils.java:logGet(46)) - raft.server.rpc.slowness.timeout = 60s (default)
2024-12-14 12:25:58,711 INFO  server.RaftServerConfigKeys (ConfUtils.java:logGet(46)) - raft.server.leaderelection.leader.step-down.wait-time = 10s (default)
2024-12-14 12:25:58,711 INFO  server.RaftServer (ConfUtils.java:logGet(46)) - raft.rpc.type = NETTY (custom)
2024-12-14 12:25:58,711 INFO  server.RaftServerConfigKeys (ConfUtils.java:logGet(46)) - raft.server.leaderelection.member.majority-add = false (default)
2024-12-14 12:25:58,711 INFO  netty.NettyConfigKeys$Server (ConfUtils.java:logGet(46)) - raft.netty.server.use-epoll = true (default)
2024-12-14 12:25:58,712 INFO  netty.NettyUtils (NettyUtils.java:newEventLoopGroup(74)) - Create EpollEventLoopGroup for NettyRpcService-bossGroup; Thread size is 0.
2024-12-14 12:25:58,711 INFO  server.RaftServerConfigKeys (ConfUtils.java:logGet(46)) - raft.server.sleep.deviation.threshold = 300ms (default)
2024-12-14 12:25:58,712 INFO  server.RaftServer$Division (ServerState.java:<init>(114)) - s4@group-0A0C1A18FF69: ConfigurationManager, init=conf: {index: -1, cur=peers:[]|listeners:[], old=null}, confs=<EMPTY_MAP>
2024-12-14 12:25:58,712 INFO  server.RaftServerConfigKeys (ConfUtils.java:logGet(46)) - raft.server.notification.no-leader.timeout = 60s (default)
2024-12-14 12:25:58,712 INFO  server.RaftServerConfigKeys (ConfUtils.java:logGet(46)) - raft.server.read.timeout = 10s (default)
2024-12-14 12:25:58,712 INFO  server.RaftServerConfigKeys (ConfUtils.java:logGet(46)) - raft.server.retrycache.expirytime = 60s (default)
2024-12-14 12:25:58,712 INFO  server.RaftServerConfigKeys (ConfUtils.java:logGet(46)) - raft.server.retrycache.statistics.expirytime = 100ms (default)
2024-12-14 12:25:58,712 INFO  server.RaftServerConfigKeys (ConfUtils.java:logGet(46)) - raft.server.read.option = DEFAULT (default)
2024-12-14 12:25:58,712 INFO  server.RaftServerConfigKeys (ConfUtils.java:logGet(46)) - raft.server.read.read-after-write-consistent.write-index-cache.expiry-time = 60s (default)
2024-12-14 12:25:58,712 INFO  netty.NettyUtils (NettyUtils.java:newEventLoopGroup(74)) - Create EpollEventLoopGroup for NettyRpcService-workerGroup; Thread size is 0.
2024-12-14 12:25:58,713 INFO  server.RaftServerConfigKeys (ConfUtils.java:logGet(46)) - raft.server.rpc.request.timeout = 3000ms (default)
2024-12-14 12:25:58,713 INFO  server.RaftServerConfigKeys (ConfUtils.java:logGet(46)) - raft.server.log.appender.install.snapshot.enabled = true (default)
2024-12-14 12:25:58,713 INFO  netty.NettyConfigKeys$Server (ConfUtils.java:logGet(46)) - raft.netty.server.host = null (default)
2024-12-14 12:25:58,713 INFO  server.RaftServerConfigKeys (ConfUtils.java:logGet(46)) - raft.server.threadpool.server.cached = true (default)
2024-12-14 12:25:58,713 INFO  netty.NettyConfigKeys$Server (ConfUtils.java:logGet(46)) - raft.netty.server.port = 15020 (custom)
2024-12-14 12:25:58,713 INFO  server.RaftServerConfigKeys (ConfUtils.java:logGet(46)) - raft.server.threadpool.server.size = 0 (default)
2024-12-14 12:25:58,713 INFO  impl.DataStreamServerImpl (ConfUtils.java:logGet(46)) - raft.datastream.type = DISABLED (default)
2024-12-14 12:25:58,713 INFO  server.RaftServerConfigKeys (ConfUtils.java:logGet(46)) - raft.server.threadpool.client.cached = true (default)
2024-12-14 12:25:58,713 INFO  server.RaftServerConfigKeys (ConfUtils.java:logGet(46)) - raft.server.sleep.deviation.threshold = 300ms (default)
2024-12-14 12:25:58,713 INFO  server.RaftServerConfigKeys (ConfUtils.java:logGet(46)) - raft.server.threadpool.client.size = 0 (default)
2024-12-14 12:25:58,714 INFO  server.RaftServerConfigKeys (ConfUtils.java:logGet(46)) - raft.server.close.threshold = 60s (default)
2024-12-14 12:25:58,714 INFO  server.RaftServerConfigKeys (ConfUtils.java:logGet(46)) - raft.server.leaderelection.leader.step-down.wait-time = 10s (default)
2024-12-14 12:25:58,714 INFO  server.RaftServerConfigKeys (ConfUtils.java:logGet(46)) - raft.server.storage.dir = [/home/runner/work/ratis/ratis/ratis-examples/target/test/data/da5193cb/MiniRaftClusterWithNetty71855ece/s5] (custom)
2024-12-14 12:25:58,714 INFO  server.RaftServerConfigKeys (ConfUtils.java:logGet(46)) - raft.server.threadpool.proxy.cached = true (default)
2024-12-14 12:25:58,714 INFO  server.RaftServerConfigKeys (ConfUtils.java:logGet(46)) - raft.server.threadpool.proxy.size = 0 (default)
2024-12-14 12:25:58,715 INFO  server.RaftServer (RaftServerProxy.java:addNew(101)) - s5: addNew group-0A0C1A18FF69:[] returns group-0A0C1A18FF69:java.util.concurrent.CompletableFuture@20a7ce0[Not completed]
2024-12-14 12:25:58,715 INFO  netty.NettyUtils (NettyUtils.java:newEventLoopGroup(74)) - Create EpollEventLoopGroup for s5; Thread size is 0.
2024-12-14 12:25:58,715 INFO  impl.MiniRaftCluster (MiniRaftCluster.java:newRaftServer(396)) - newRaftServer: s6, group-0A0C1A18FF69:[], format? true
2024-12-14 12:25:58,715 TRACE util.FileUtils (FileUtils.java:deleteFully(307)) - deleteFully target/test/data/da5193cb/MiniRaftClusterWithNetty71855ece/s6
2024-12-14 12:25:58,715 INFO  server.RaftServer$Division (RaftServerImpl.java:<init>(256)) - s5: new RaftServerImpl for group-0A0C1A18FF69:[] with ArithmeticStateMachine:uninitialized
2024-12-14 12:25:58,715 TRACE util.FileUtils (FileUtils.java:deleteFully(320)) - deleteFully: target/test/data/da5193cb/MiniRaftClusterWithNetty71855ece/s6 does not exist.
2024-12-14 12:25:58,715 INFO  impl.MiniRaftCluster (MiniRaftCluster.java:newRaftServer(401)) - Formatted directory target/test/data/da5193cb/MiniRaftClusterWithNetty71855ece/s6
2024-12-14 12:25:58,715 INFO  server.RaftServerConfigKeys (ConfUtils.java:logGet(46)) - raft.server.rpc.timeout.min = 300ms (custom)
2024-12-14 12:25:58,716 INFO  server.RaftServerConfigKeys (ConfUtils.java:logGet(46)) - raft.server.rpc.timeout.max = 600ms (custom)
2024-12-14 12:25:58,716 INFO  server.RaftServer (ConfUtils.java:logGet(46)) - raft.rpc.type = NETTY (custom)
2024-12-14 12:25:58,716 INFO  server.RaftServerConfigKeys (ConfUtils.java:logGet(46)) - raft.server.rpc.sleep.time = 25ms (default)
2024-12-14 12:25:58,716 INFO  netty.NettyConfigKeys$Server (ConfUtils.java:logGet(46)) - raft.netty.server.use-epoll = true (default)
2024-12-14 12:25:58,716 INFO  netty.NettyUtils (NettyUtils.java:newEventLoopGroup(74)) - Create EpollEventLoopGroup for NettyRpcService-bossGroup; Thread size is 0.
2024-12-14 12:25:58,716 INFO  server.RaftServerConfigKeys (ConfUtils.java:logGet(46)) - raft.server.rpc.slowness.timeout = 60s (default)
2024-12-14 12:25:58,716 INFO  server.RaftServerConfigKeys (ConfUtils.java:logGet(46)) - raft.server.leaderelection.leader.step-down.wait-time = 10s (default)
2024-12-14 12:25:58,716 INFO  server.RaftServerConfigKeys (ConfUtils.java:logGet(46)) - raft.server.leaderelection.member.majority-add = false (default)
2024-12-14 12:25:58,716 INFO  server.RaftServerConfigKeys (ConfUtils.java:logGet(46)) - raft.server.sleep.deviation.threshold = 300ms (default)
2024-12-14 12:25:58,716 INFO  server.RaftServer$Division (ServerState.java:<init>(114)) - s5@group-0A0C1A18FF69: ConfigurationManager, init=conf: {index: -1, cur=peers:[]|listeners:[], old=null}, confs=<EMPTY_MAP>
2024-12-14 12:25:58,716 INFO  server.RaftServerConfigKeys (ConfUtils.java:logGet(46)) - raft.server.notification.no-leader.timeout = 60s (default)
2024-12-14 12:25:58,717 INFO  server.RaftServerConfigKeys (ConfUtils.java:logGet(46)) - raft.server.read.timeout = 10s (default)
2024-12-14 12:25:58,717 INFO  server.RaftServerConfigKeys (ConfUtils.java:logGet(46)) - raft.server.retrycache.expirytime = 60s (default)
2024-12-14 12:25:58,717 INFO  server.RaftServerConfigKeys (ConfUtils.java:logGet(46)) - raft.server.retrycache.statistics.expirytime = 100ms (default)
2024-12-14 12:25:58,717 INFO  server.RaftServerConfigKeys (ConfUtils.java:logGet(46)) - raft.server.read.option = DEFAULT (default)
2024-12-14 12:25:58,717 INFO  netty.NettyUtils (NettyUtils.java:newEventLoopGroup(74)) - Create EpollEventLoopGroup for NettyRpcService-workerGroup; Thread size is 0.
2024-12-14 12:25:58,717 INFO  server.RaftServerConfigKeys (ConfUtils.java:logGet(46)) - raft.server.read.read-after-write-consistent.write-index-cache.expiry-time = 60s (default)
2024-12-14 12:25:58,717 INFO  server.RaftServerConfigKeys (ConfUtils.java:logGet(46)) - raft.server.rpc.request.timeout = 3000ms (default)
2024-12-14 12:25:58,717 INFO  server.RaftServerConfigKeys (ConfUtils.java:logGet(46)) - raft.server.log.appender.install.snapshot.enabled = true (default)
2024-12-14 12:25:58,717 INFO  server.RaftServerConfigKeys (ConfUtils.java:logGet(46)) - raft.server.threadpool.server.cached = true (default)
2024-12-14 12:25:58,717 INFO  server.RaftServerConfigKeys (ConfUtils.java:logGet(46)) - raft.server.threadpool.server.size = 0 (default)
2024-12-14 12:25:58,718 INFO  server.RaftServerConfigKeys (ConfUtils.java:logGet(46)) - raft.server.threadpool.client.cached = true (default)
2024-12-14 12:25:58,718 INFO  server.RaftServerConfigKeys (ConfUtils.java:logGet(46)) - raft.server.threadpool.client.size = 0 (default)
2024-12-14 12:25:58,745 INFO  netty.NettyConfigKeys$Server (ConfUtils.java:logGet(46)) - raft.netty.server.host = null (default)
2024-12-14 12:25:58,745 INFO  netty.NettyConfigKeys$Server (ConfUtils.java:logGet(46)) - raft.netty.server.port = 15021 (custom)
2024-12-14 12:25:58,745 INFO  impl.DataStreamServerImpl (ConfUtils.java:logGet(46)) - raft.datastream.type = DISABLED (default)
2024-12-14 12:25:58,745 INFO  server.RaftServerConfigKeys (ConfUtils.java:logGet(46)) - raft.server.sleep.deviation.threshold = 300ms (default)
2024-12-14 12:25:58,745 INFO  server.RaftServerConfigKeys (ConfUtils.java:logGet(46)) - raft.server.close.threshold = 60s (default)
2024-12-14 12:25:58,745 INFO  server.RaftServerConfigKeys (ConfUtils.java:logGet(46)) - raft.server.leaderelection.leader.step-down.wait-time = 10s (default)
2024-12-14 12:25:58,746 INFO  server.RaftServerConfigKeys (ConfUtils.java:logGet(46)) - raft.server.storage.dir = [/home/runner/work/ratis/ratis/ratis-examples/target/test/data/da5193cb/MiniRaftClusterWithNetty71855ece/s6] (custom)
2024-12-14 12:25:58,746 INFO  server.RaftServerConfigKeys (ConfUtils.java:logGet(46)) - raft.server.threadpool.proxy.cached = true (default)
2024-12-14 12:25:58,746 INFO  server.RaftServerConfigKeys (ConfUtils.java:logGet(46)) - raft.server.threadpool.proxy.size = 0 (default)
2024-12-14 12:25:58,746 INFO  server.RaftServer (RaftServerProxy.java:addNew(101)) - s6: addNew group-0A0C1A18FF69:[] returns group-0A0C1A18FF69:java.util.concurrent.CompletableFuture@d03cdc7[Not completed]
2024-12-14 12:25:58,746 INFO  netty.NettyUtils (NettyUtils.java:newEventLoopGroup(74)) - Create EpollEventLoopGroup for s6; Thread size is 0.
2024-12-14 12:25:58,747 INFO  impl.MiniRaftCluster (MiniRaftCluster.java:newRaftServer(396)) - newRaftServer: s7, group-0A0C1A18FF69:[], format? true
2024-12-14 12:25:58,747 TRACE util.FileUtils (FileUtils.java:deleteFully(307)) - deleteFully target/test/data/da5193cb/MiniRaftClusterWithNetty71855ece/s7
2024-12-14 12:25:58,747 INFO  server.RaftServer$Division (RaftServerImpl.java:<init>(256)) - s6: new RaftServerImpl for group-0A0C1A18FF69:[] with ArithmeticStateMachine:uninitialized
2024-12-14 12:25:58,747 TRACE util.FileUtils (FileUtils.java:deleteFully(320)) - deleteFully: target/test/data/da5193cb/MiniRaftClusterWithNetty71855ece/s7 does not exist.
2024-12-14 12:25:58,747 INFO  impl.MiniRaftCluster (MiniRaftCluster.java:newRaftServer(401)) - Formatted directory target/test/data/da5193cb/MiniRaftClusterWithNetty71855ece/s7
2024-12-14 12:25:58,747 INFO  server.RaftServerConfigKeys (ConfUtils.java:logGet(46)) - raft.server.rpc.timeout.min = 300ms (custom)
2024-12-14 12:25:58,747 INFO  server.RaftServerConfigKeys (ConfUtils.java:logGet(46)) - raft.server.rpc.timeout.max = 600ms (custom)
2024-12-14 12:25:58,747 INFO  server.RaftServer (ConfUtils.java:logGet(46)) - raft.rpc.type = NETTY (custom)
2024-12-14 12:25:58,747 INFO  server.RaftServerConfigKeys (ConfUtils.java:logGet(46)) - raft.server.rpc.sleep.time = 25ms (default)
2024-12-14 12:25:58,747 INFO  netty.NettyConfigKeys$Server (ConfUtils.java:logGet(46)) - raft.netty.server.use-epoll = true (default)
2024-12-14 12:25:58,748 INFO  netty.NettyUtils (NettyUtils.java:newEventLoopGroup(74)) - Create EpollEventLoopGroup for NettyRpcService-bossGroup; Thread size is 0.
2024-12-14 12:25:58,747 INFO  server.RaftServerConfigKeys (ConfUtils.java:logGet(46)) - raft.server.rpc.slowness.timeout = 60s (default)
2024-12-14 12:25:58,748 INFO  server.RaftServerConfigKeys (ConfUtils.java:logGet(46)) - raft.server.leaderelection.leader.step-down.wait-time = 10s (default)
2024-12-14 12:25:58,748 INFO  server.RaftServerConfigKeys (ConfUtils.java:logGet(46)) - raft.server.leaderelection.member.majority-add = false (default)
2024-12-14 12:25:58,748 INFO  server.RaftServerConfigKeys (ConfUtils.java:logGet(46)) - raft.server.sleep.deviation.threshold = 300ms (default)
2024-12-14 12:25:58,748 INFO  server.RaftServer$Division (ServerState.java:<init>(114)) - s6@group-0A0C1A18FF69: ConfigurationManager, init=conf: {index: -1, cur=peers:[]|listeners:[], old=null}, confs=<EMPTY_MAP>
2024-12-14 12:25:58,748 INFO  server.RaftServerConfigKeys (ConfUtils.java:logGet(46)) - raft.server.notification.no-leader.timeout = 60s (default)
2024-12-14 12:25:58,748 INFO  server.RaftServerConfigKeys (ConfUtils.java:logGet(46)) - raft.server.read.timeout = 10s (default)
2024-12-14 12:25:58,748 INFO  server.RaftServerConfigKeys (ConfUtils.java:logGet(46)) - raft.server.retrycache.expirytime = 60s (default)
2024-12-14 12:25:58,748 INFO  server.RaftServerConfigKeys (ConfUtils.java:logGet(46)) - raft.server.retrycache.statistics.expirytime = 100ms (default)
2024-12-14 12:25:58,748 INFO  netty.NettyUtils (NettyUtils.java:newEventLoopGroup(74)) - Create EpollEventLoopGroup for NettyRpcService-workerGroup; Thread size is 0.
2024-12-14 12:25:58,748 INFO  server.RaftServerConfigKeys (ConfUtils.java:logGet(46)) - raft.server.read.option = DEFAULT (default)
2024-12-14 12:25:58,748 INFO  server.RaftServerConfigKeys (ConfUtils.java:logGet(46)) - raft.server.read.read-after-write-consistent.write-index-cache.expiry-time = 60s (default)
2024-12-14 12:25:58,749 INFO  netty.NettyConfigKeys$Server (ConfUtils.java:logGet(46)) - raft.netty.server.host = null (default)
2024-12-14 12:25:58,749 INFO  netty.NettyConfigKeys$Server (ConfUtils.java:logGet(46)) - raft.netty.server.port = 15022 (custom)
2024-12-14 12:25:58,749 INFO  impl.DataStreamServerImpl (ConfUtils.java:logGet(46)) - raft.datastream.type = DISABLED (default)
2024-12-14 12:25:58,750 INFO  server.RaftServerConfigKeys (ConfUtils.java:logGet(46)) - raft.server.sleep.deviation.threshold = 300ms (default)
2024-12-14 12:25:58,750 INFO  server.RaftServerConfigKeys (ConfUtils.java:logGet(46)) - raft.server.close.threshold = 60s (default)
2024-12-14 12:25:58,750 INFO  server.RaftServerConfigKeys (ConfUtils.java:logGet(46)) - raft.server.leaderelection.leader.step-down.wait-time = 10s (default)
2024-12-14 12:25:58,750 INFO  server.RaftServerConfigKeys (ConfUtils.java:logGet(46)) - raft.server.storage.dir = [/home/runner/work/ratis/ratis/ratis-examples/target/test/data/da5193cb/MiniRaftClusterWithNetty71855ece/s7] (custom)
2024-12-14 12:25:58,750 INFO  server.RaftServerConfigKeys (ConfUtils.java:logGet(46)) - raft.server.threadpool.proxy.cached = true (default)
2024-12-14 12:25:58,751 INFO  server.RaftServerConfigKeys (ConfUtils.java:logGet(46)) - raft.server.threadpool.proxy.size = 0 (default)
2024-12-14 12:25:58,749 INFO  server.RaftServerConfigKeys (ConfUtils.java:logGet(46)) - raft.server.rpc.request.timeout = 3000ms (default)
2024-12-14 12:25:58,751 INFO  server.RaftServerConfigKeys (ConfUtils.java:logGet(46)) - raft.server.log.appender.install.snapshot.enabled = true (default)
2024-12-14 12:25:58,751 INFO  server.RaftServerConfigKeys (ConfUtils.java:logGet(46)) - raft.server.threadpool.server.cached = true (default)
2024-12-14 12:25:58,751 INFO  server.RaftServerConfigKeys (ConfUtils.java:logGet(46)) - raft.server.threadpool.server.size = 0 (default)
2024-12-14 12:25:58,751 INFO  server.RaftServerConfigKeys (ConfUtils.java:logGet(46)) - raft.server.threadpool.client.cached = true (default)
2024-12-14 12:25:58,751 INFO  server.RaftServerConfigKeys (ConfUtils.java:logGet(46)) - raft.server.threadpool.client.size = 0 (default)
2024-12-14 12:25:58,752 INFO  server.RaftServer (RaftServerProxy.java:addNew(101)) - s7: addNew group-0A0C1A18FF69:[] returns group-0A0C1A18FF69:java.util.concurrent.CompletableFuture@42a89cef[Not completed]
2024-12-14 12:25:58,752 INFO  netty.NettyUtils (NettyUtils.java:newEventLoopGroup(74)) - Create EpollEventLoopGroup for s7; Thread size is 0.
2024-12-14 12:25:58,753 INFO  impl.MiniRaftCluster (MiniRaftCluster.java:newRaftServer(396)) - newRaftServer: s8, group-0A0C1A18FF69:[], format? true
2024-12-14 12:25:58,753 TRACE util.FileUtils (FileUtils.java:deleteFully(307)) - deleteFully target/test/data/da5193cb/MiniRaftClusterWithNetty71855ece/s8
2024-12-14 12:25:58,753 TRACE util.FileUtils (FileUtils.java:deleteFully(320)) - deleteFully: target/test/data/da5193cb/MiniRaftClusterWithNetty71855ece/s8 does not exist.
2024-12-14 12:25:58,754 INFO  impl.MiniRaftCluster (MiniRaftCluster.java:newRaftServer(401)) - Formatted directory target/test/data/da5193cb/MiniRaftClusterWithNetty71855ece/s8
2024-12-14 12:25:58,754 INFO  server.RaftServer (ConfUtils.java:logGet(46)) - raft.rpc.type = NETTY (custom)
2024-12-14 12:25:58,753 INFO  server.RaftServer$Division (RaftServerImpl.java:<init>(256)) - s7: new RaftServerImpl for group-0A0C1A18FF69:[] with ArithmeticStateMachine:uninitialized
2024-12-14 12:25:58,754 INFO  server.RaftServerConfigKeys (ConfUtils.java:logGet(46)) - raft.server.rpc.timeout.min = 300ms (custom)
2024-12-14 12:25:58,754 INFO  server.RaftServerConfigKeys (ConfUtils.java:logGet(46)) - raft.server.rpc.timeout.max = 600ms (custom)
2024-12-14 12:25:58,755 INFO  server.RaftServerConfigKeys (ConfUtils.java:logGet(46)) - raft.server.rpc.sleep.time = 25ms (default)
2024-12-14 12:25:58,755 INFO  server.RaftServerConfigKeys (ConfUtils.java:logGet(46)) - raft.server.rpc.slowness.timeout = 60s (default)
2024-12-14 12:25:58,755 INFO  server.RaftServerConfigKeys (ConfUtils.java:logGet(46)) - raft.server.leaderelection.leader.step-down.wait-time = 10s (default)
2024-12-14 12:25:58,755 INFO  server.RaftServerConfigKeys (ConfUtils.java:logGet(46)) - raft.server.leaderelection.member.majority-add = false (default)
2024-12-14 12:25:58,755 INFO  server.RaftServerConfigKeys (ConfUtils.java:logGet(46)) - raft.server.sleep.deviation.threshold = 300ms (default)
2024-12-14 12:25:58,755 INFO  netty.NettyConfigKeys$Server (ConfUtils.java:logGet(46)) - raft.netty.server.use-epoll = true (default)
2024-12-14 12:25:58,755 INFO  netty.NettyUtils (NettyUtils.java:newEventLoopGroup(74)) - Create EpollEventLoopGroup for NettyRpcService-bossGroup; Thread size is 0.
2024-12-14 12:25:58,755 INFO  server.RaftServer$Division (ServerState.java:<init>(114)) - s7@group-0A0C1A18FF69: ConfigurationManager, init=conf: {index: -1, cur=peers:[]|listeners:[], old=null}, confs=<EMPTY_MAP>
2024-12-14 12:25:58,756 INFO  server.RaftServerConfigKeys (ConfUtils.java:logGet(46)) - raft.server.notification.no-leader.timeout = 60s (default)
2024-12-14 12:25:58,756 INFO  server.RaftServerConfigKeys (ConfUtils.java:logGet(46)) - raft.server.read.timeout = 10s (default)
2024-12-14 12:25:58,756 INFO  server.RaftServerConfigKeys (ConfUtils.java:logGet(46)) - raft.server.retrycache.expirytime = 60s (default)
2024-12-14 12:25:58,756 INFO  server.RaftServerConfigKeys (ConfUtils.java:logGet(46)) - raft.server.retrycache.statistics.expirytime = 100ms (default)
2024-12-14 12:25:58,756 INFO  server.RaftServerConfigKeys (ConfUtils.java:logGet(46)) - raft.server.read.option = DEFAULT (default)
2024-12-14 12:25:58,756 INFO  server.RaftServerConfigKeys (ConfUtils.java:logGet(46)) - raft.server.read.read-after-write-consistent.write-index-cache.expiry-time = 60s (default)
2024-12-14 12:25:58,756 INFO  netty.NettyUtils (NettyUtils.java:newEventLoopGroup(74)) - Create EpollEventLoopGroup for NettyRpcService-workerGroup; Thread size is 0.
2024-12-14 12:25:58,756 INFO  server.RaftServerConfigKeys (ConfUtils.java:logGet(46)) - raft.server.rpc.request.timeout = 3000ms (default)
2024-12-14 12:25:58,757 INFO  server.RaftServerConfigKeys (ConfUtils.java:logGet(46)) - raft.server.log.appender.install.snapshot.enabled = true (default)
2024-12-14 12:25:58,757 INFO  server.RaftServerConfigKeys (ConfUtils.java:logGet(46)) - raft.server.threadpool.server.cached = true (default)
2024-12-14 12:25:58,757 INFO  server.RaftServerConfigKeys (ConfUtils.java:logGet(46)) - raft.server.threadpool.server.size = 0 (default)
2024-12-14 12:25:58,757 INFO  server.RaftServerConfigKeys (ConfUtils.java:logGet(46)) - raft.server.threadpool.client.cached = true (default)
2024-12-14 12:25:58,757 INFO  netty.NettyConfigKeys$Server (ConfUtils.java:logGet(46)) - raft.netty.server.host = null (default)
2024-12-14 12:25:58,757 INFO  netty.NettyConfigKeys$Server (ConfUtils.java:logGet(46)) - raft.netty.server.port = 15023 (custom)
2024-12-14 12:25:58,757 INFO  impl.DataStreamServerImpl (ConfUtils.java:logGet(46)) - raft.datastream.type = DISABLED (default)
2024-12-14 12:25:58,758 INFO  server.RaftServerConfigKeys (ConfUtils.java:logGet(46)) - raft.server.sleep.deviation.threshold = 300ms (default)
2024-12-14 12:25:58,758 INFO  server.RaftServerConfigKeys (ConfUtils.java:logGet(46)) - raft.server.close.threshold = 60s (default)
2024-12-14 12:25:58,758 INFO  server.RaftServerConfigKeys (ConfUtils.java:logGet(46)) - raft.server.leaderelection.leader.step-down.wait-time = 10s (default)
2024-12-14 12:25:58,757 INFO  server.RaftServerConfigKeys (ConfUtils.java:logGet(46)) - raft.server.threadpool.client.size = 0 (default)
2024-12-14 12:25:58,758 INFO  server.RaftServerConfigKeys (ConfUtils.java:logGet(46)) - raft.server.storage.dir = [/home/runner/work/ratis/ratis/ratis-examples/target/test/data/da5193cb/MiniRaftClusterWithNetty71855ece/s8] (custom)
2024-12-14 12:25:58,759 INFO  server.RaftServerConfigKeys (ConfUtils.java:logGet(46)) - raft.server.threadpool.proxy.cached = true (default)
2024-12-14 12:25:58,759 INFO  server.RaftServerConfigKeys (ConfUtils.java:logGet(46)) - raft.server.threadpool.proxy.size = 0 (default)
2024-12-14 12:25:58,759 INFO  server.RaftServer (RaftServerProxy.java:addNew(101)) - s8: addNew group-0A0C1A18FF69:[] returns group-0A0C1A18FF69:java.util.concurrent.CompletableFuture@978475b[Not completed]
2024-12-14 12:25:58,759 INFO  netty.NettyUtils (NettyUtils.java:newEventLoopGroup(74)) - Create EpollEventLoopGroup for s8; Thread size is 0.
2024-12-14 12:25:58,760 INFO  impl.MiniRaftCluster (MiniRaftCluster.java:newRaftServer(396)) - newRaftServer: s9, group-0A0C1A18FF69:[], format? true
2024-12-14 12:25:58,760 TRACE util.FileUtils (FileUtils.java:deleteFully(307)) - deleteFully target/test/data/da5193cb/MiniRaftClusterWithNetty71855ece/s9
2024-12-14 12:25:58,760 INFO  server.RaftServer$Division (RaftServerImpl.java:<init>(256)) - s8: new RaftServerImpl for group-0A0C1A18FF69:[] with ArithmeticStateMachine:uninitialized
2024-12-14 12:25:58,760 TRACE util.FileUtils (FileUtils.java:deleteFully(320)) - deleteFully: target/test/data/da5193cb/MiniRaftClusterWithNetty71855ece/s9 does not exist.
2024-12-14 12:25:58,760 INFO  impl.MiniRaftCluster (MiniRaftCluster.java:newRaftServer(401)) - Formatted directory target/test/data/da5193cb/MiniRaftClusterWithNetty71855ece/s9
2024-12-14 12:25:58,760 INFO  server.RaftServerConfigKeys (ConfUtils.java:logGet(46)) - raft.server.rpc.timeout.min = 300ms (custom)
2024-12-14 12:25:58,761 INFO  server.RaftServerConfigKeys (ConfUtils.java:logGet(46)) - raft.server.rpc.timeout.max = 600ms (custom)
2024-12-14 12:25:58,761 INFO  server.RaftServerConfigKeys (ConfUtils.java:logGet(46)) - raft.server.rpc.sleep.time = 25ms (default)
2024-12-14 12:25:58,761 INFO  server.RaftServerConfigKeys (ConfUtils.java:logGet(46)) - raft.server.rpc.slowness.timeout = 60s (default)
2024-12-14 12:25:58,761 INFO  server.RaftServer (ConfUtils.java:logGet(46)) - raft.rpc.type = NETTY (custom)
2024-12-14 12:25:58,761 INFO  server.RaftServerConfigKeys (ConfUtils.java:logGet(46)) - raft.server.leaderelection.leader.step-down.wait-time = 10s (default)
2024-12-14 12:25:58,761 INFO  server.RaftServerConfigKeys (ConfUtils.java:logGet(46)) - raft.server.leaderelection.member.majority-add = false (default)
2024-12-14 12:25:58,761 INFO  netty.NettyConfigKeys$Server (ConfUtils.java:logGet(46)) - raft.netty.server.use-epoll = true (default)
2024-12-14 12:25:58,761 INFO  netty.NettyUtils (NettyUtils.java:newEventLoopGroup(74)) - Create EpollEventLoopGroup for NettyRpcService-bossGroup; Thread size is 0.
2024-12-14 12:25:58,761 INFO  server.RaftServerConfigKeys (ConfUtils.java:logGet(46)) - raft.server.sleep.deviation.threshold = 300ms (default)
2024-12-14 12:25:58,761 INFO  server.RaftServer$Division (ServerState.java:<init>(114)) - s8@group-0A0C1A18FF69: ConfigurationManager, init=conf: {index: -1, cur=peers:[]|listeners:[], old=null}, confs=<EMPTY_MAP>
2024-12-14 12:25:58,762 INFO  server.RaftServerConfigKeys (ConfUtils.java:logGet(46)) - raft.server.notification.no-leader.timeout = 60s (default)
2024-12-14 12:25:58,762 INFO  server.RaftServerConfigKeys (ConfUtils.java:logGet(46)) - raft.server.read.timeout = 10s (default)
2024-12-14 12:25:58,762 INFO  server.RaftServerConfigKeys (ConfUtils.java:logGet(46)) - raft.server.retrycache.expirytime = 60s (default)
2024-12-14 12:25:58,762 INFO  server.RaftServerConfigKeys (ConfUtils.java:logGet(46)) - raft.server.retrycache.statistics.expirytime = 100ms (default)
2024-12-14 12:25:58,762 INFO  server.RaftServerConfigKeys (ConfUtils.java:logGet(46)) - raft.server.read.option = DEFAULT (default)
2024-12-14 12:25:58,762 INFO  server.RaftServerConfigKeys (ConfUtils.java:logGet(46)) - raft.server.read.read-after-write-consistent.write-index-cache.expiry-time = 60s (default)
2024-12-14 12:25:58,762 INFO  netty.NettyUtils (NettyUtils.java:newEventLoopGroup(74)) - Create EpollEventLoopGroup for NettyRpcService-workerGroup; Thread size is 0.
2024-12-14 12:25:58,762 INFO  server.RaftServerConfigKeys (ConfUtils.java:logGet(46)) - raft.server.rpc.request.timeout = 3000ms (default)
2024-12-14 12:25:58,762 INFO  server.RaftServerConfigKeys (ConfUtils.java:logGet(46)) - raft.server.log.appender.install.snapshot.enabled = true (default)
2024-12-14 12:25:58,762 INFO  server.RaftServerConfigKeys (ConfUtils.java:logGet(46)) - raft.server.threadpool.server.cached = true (default)
2024-12-14 12:25:58,765 INFO  server.RaftServerConfigKeys (ConfUtils.java:logGet(46)) - raft.server.threadpool.server.size = 0 (default)
2024-12-14 12:25:58,765 INFO  server.RaftServerConfigKeys (ConfUtils.java:logGet(46)) - raft.server.threadpool.client.cached = true (default)
2024-12-14 12:25:58,765 INFO  server.RaftServerConfigKeys (ConfUtils.java:logGet(46)) - raft.server.threadpool.client.size = 0 (default)
2024-12-14 12:25:58,763 INFO  netty.NettyConfigKeys$Server (ConfUtils.java:logGet(46)) - raft.netty.server.host = null (default)
2024-12-14 12:25:58,765 INFO  netty.NettyConfigKeys$Server (ConfUtils.java:logGet(46)) - raft.netty.server.port = 15024 (custom)
2024-12-14 12:25:58,765 INFO  impl.DataStreamServerImpl (ConfUtils.java:logGet(46)) - raft.datastream.type = DISABLED (default)
2024-12-14 12:25:58,766 INFO  server.RaftServerConfigKeys (ConfUtils.java:logGet(46)) - raft.server.sleep.deviation.threshold = 300ms (default)
2024-12-14 12:25:58,766 INFO  server.RaftServerConfigKeys (ConfUtils.java:logGet(46)) - raft.server.close.threshold = 60s (default)
2024-12-14 12:25:58,766 INFO  server.RaftServerConfigKeys (ConfUtils.java:logGet(46)) - raft.server.leaderelection.leader.step-down.wait-time = 10s (default)
2024-12-14 12:25:58,766 INFO  server.RaftServerConfigKeys (ConfUtils.java:logGet(46)) - raft.server.storage.dir = [/home/runner/work/ratis/ratis/ratis-examples/target/test/data/da5193cb/MiniRaftClusterWithNetty71855ece/s9] (custom)
2024-12-14 12:25:58,767 INFO  server.RaftServerConfigKeys (ConfUtils.java:logGet(46)) - raft.server.threadpool.proxy.cached = true (default)
2024-12-14 12:25:58,767 INFO  server.RaftServerConfigKeys (ConfUtils.java:logGet(46)) - raft.server.threadpool.proxy.size = 0 (default)
2024-12-14 12:25:58,767 INFO  server.RaftServer (RaftServerProxy.java:addNew(101)) - s9: addNew group-0A0C1A18FF69:[] returns group-0A0C1A18FF69:java.util.concurrent.CompletableFuture@601ca994[Not completed]
2024-12-14 12:25:58,767 INFO  netty.NettyUtils (NettyUtils.java:newEventLoopGroup(74)) - Create EpollEventLoopGroup for s9; Thread size is 0.
2024-12-14 12:25:58,768 INFO  impl.MiniRaftCluster (MiniRaftCluster.java:newRaftServer(396)) - newRaftServer: s10, group-0A0C1A18FF69:[], format? true
2024-12-14 12:25:58,768 TRACE util.FileUtils (FileUtils.java:deleteFully(307)) - deleteFully target/test/data/da5193cb/MiniRaftClusterWithNetty71855ece/s10
2024-12-14 12:25:58,768 INFO  server.RaftServer$Division (RaftServerImpl.java:<init>(256)) - s9: new RaftServerImpl for group-0A0C1A18FF69:[] with ArithmeticStateMachine:uninitialized
2024-12-14 12:25:58,768 TRACE util.FileUtils (FileUtils.java:deleteFully(320)) - deleteFully: target/test/data/da5193cb/MiniRaftClusterWithNetty71855ece/s10 does not exist.
2024-12-14 12:25:58,768 INFO  impl.MiniRaftCluster (MiniRaftCluster.java:newRaftServer(401)) - Formatted directory target/test/data/da5193cb/MiniRaftClusterWithNetty71855ece/s10
2024-12-14 12:25:58,768 INFO  server.RaftServerConfigKeys (ConfUtils.java:logGet(46)) - raft.server.rpc.timeout.min = 300ms (custom)
2024-12-14 12:25:58,768 INFO  server.RaftServerConfigKeys (ConfUtils.java:logGet(46)) - raft.server.rpc.timeout.max = 600ms (custom)
2024-12-14 12:25:58,768 INFO  server.RaftServer (ConfUtils.java:logGet(46)) - raft.rpc.type = NETTY (custom)
2024-12-14 12:25:58,768 INFO  server.RaftServerConfigKeys (ConfUtils.java:logGet(46)) - raft.server.rpc.sleep.time = 25ms (default)
2024-12-14 12:25:58,769 INFO  netty.NettyConfigKeys$Server (ConfUtils.java:logGet(46)) - raft.netty.server.use-epoll = true (default)
2024-12-14 12:25:58,769 INFO  netty.NettyUtils (NettyUtils.java:newEventLoopGroup(74)) - Create EpollEventLoopGroup for NettyRpcService-bossGroup; Thread size is 0.
2024-12-14 12:25:58,769 INFO  server.RaftServerConfigKeys (ConfUtils.java:logGet(46)) - raft.server.rpc.slowness.timeout = 60s (default)
2024-12-14 12:25:58,769 INFO  server.RaftServerConfigKeys (ConfUtils.java:logGet(46)) - raft.server.leaderelection.leader.step-down.wait-time = 10s (default)
2024-12-14 12:25:58,769 INFO  server.RaftServerConfigKeys (ConfUtils.java:logGet(46)) - raft.server.leaderelection.member.majority-add = false (default)
2024-12-14 12:25:58,769 INFO  server.RaftServerConfigKeys (ConfUtils.java:logGet(46)) - raft.server.sleep.deviation.threshold = 300ms (default)
2024-12-14 12:25:58,769 INFO  server.RaftServer$Division (ServerState.java:<init>(114)) - s9@group-0A0C1A18FF69: ConfigurationManager, init=conf: {index: -1, cur=peers:[]|listeners:[], old=null}, confs=<EMPTY_MAP>
2024-12-14 12:25:58,769 INFO  server.RaftServerConfigKeys (ConfUtils.java:logGet(46)) - raft.server.notification.no-leader.timeout = 60s (default)
2024-12-14 12:25:58,769 INFO  server.RaftServerConfigKeys (ConfUtils.java:logGet(46)) - raft.server.read.timeout = 10s (default)
2024-12-14 12:25:58,769 INFO  server.RaftServerConfigKeys (ConfUtils.java:logGet(46)) - raft.server.retrycache.expirytime = 60s (default)
2024-12-14 12:25:58,769 INFO  server.RaftServerConfigKeys (ConfUtils.java:logGet(46)) - raft.server.retrycache.statistics.expirytime = 100ms (default)
2024-12-14 12:25:58,770 INFO  server.RaftServerConfigKeys (ConfUtils.java:logGet(46)) - raft.server.read.option = DEFAULT (default)
2024-12-14 12:25:58,770 INFO  server.RaftServerConfigKeys (ConfUtils.java:logGet(46)) - raft.server.read.read-after-write-consistent.write-index-cache.expiry-time = 60s (default)
2024-12-14 12:25:58,770 INFO  netty.NettyUtils (NettyUtils.java:newEventLoopGroup(74)) - Create EpollEventLoopGroup for NettyRpcService-workerGroup; Thread size is 0.
2024-12-14 12:25:58,770 INFO  server.RaftServerConfigKeys (ConfUtils.java:logGet(46)) - raft.server.rpc.request.timeout = 3000ms (default)
2024-12-14 12:25:58,770 INFO  server.RaftServerConfigKeys (ConfUtils.java:logGet(46)) - raft.server.log.appender.install.snapshot.enabled = true (default)
2024-12-14 12:25:58,770 INFO  server.RaftServerConfigKeys (ConfUtils.java:logGet(46)) - raft.server.threadpool.server.cached = true (default)
2024-12-14 12:25:58,771 INFO  server.RaftServerConfigKeys (ConfUtils.java:logGet(46)) - raft.server.threadpool.server.size = 0 (default)
2024-12-14 12:25:58,771 INFO  server.RaftServerConfigKeys (ConfUtils.java:logGet(46)) - raft.server.threadpool.client.cached = true (default)
2024-12-14 12:25:58,771 INFO  server.RaftServerConfigKeys (ConfUtils.java:logGet(46)) - raft.server.threadpool.client.size = 0 (default)
2024-12-14 12:25:58,771 INFO  netty.NettyConfigKeys$Server (ConfUtils.java:logGet(46)) - raft.netty.server.host = null (default)
2024-12-14 12:25:58,772 INFO  netty.NettyConfigKeys$Server (ConfUtils.java:logGet(46)) - raft.netty.server.port = 15025 (custom)
2024-12-14 12:25:58,772 INFO  impl.DataStreamServerImpl (ConfUtils.java:logGet(46)) - raft.datastream.type = DISABLED (default)
2024-12-14 12:25:58,772 INFO  server.RaftServerConfigKeys (ConfUtils.java:logGet(46)) - raft.server.sleep.deviation.threshold = 300ms (default)
2024-12-14 12:25:58,772 INFO  server.RaftServerConfigKeys (ConfUtils.java:logGet(46)) - raft.server.close.threshold = 60s (default)
2024-12-14 12:25:58,772 INFO  server.RaftServerConfigKeys (ConfUtils.java:logGet(46)) - raft.server.leaderelection.leader.step-down.wait-time = 10s (default)
2024-12-14 12:25:58,772 INFO  server.RaftServerConfigKeys (ConfUtils.java:logGet(46)) - raft.server.storage.dir = [/home/runner/work/ratis/ratis/ratis-examples/target/test/data/da5193cb/MiniRaftClusterWithNetty71855ece/s10] (custom)
2024-12-14 12:25:58,773 INFO  server.RaftServerConfigKeys (ConfUtils.java:logGet(46)) - raft.server.threadpool.proxy.cached = true (default)
2024-12-14 12:25:58,773 INFO  server.RaftServerConfigKeys (ConfUtils.java:logGet(46)) - raft.server.threadpool.proxy.size = 0 (default)
2024-12-14 12:25:58,773 INFO  server.RaftServer (RaftServerProxy.java:addNew(101)) - s10: addNew group-0A0C1A18FF69:[] returns group-0A0C1A18FF69:java.util.concurrent.CompletableFuture@280e4390[Not completed]
2024-12-14 12:25:58,773 INFO  netty.NettyUtils (NettyUtils.java:newEventLoopGroup(74)) - Create EpollEventLoopGroup for s10; Thread size is 0.
2024-12-14 12:25:58,773 INFO  impl.MiniRaftCluster (MiniRaftCluster.java:newRaftServer(396)) - newRaftServer: s11, group-0A0C1A18FF69:[], format? true
2024-12-14 12:25:58,773 TRACE util.FileUtils (FileUtils.java:deleteFully(307)) - deleteFully target/test/data/da5193cb/MiniRaftClusterWithNetty71855ece/s11
2024-12-14 12:25:58,774 INFO  server.RaftServer$Division (RaftServerImpl.java:<init>(256)) - s10: new RaftServerImpl for group-0A0C1A18FF69:[] with ArithmeticStateMachine:uninitialized
2024-12-14 12:25:58,774 TRACE util.FileUtils (FileUtils.java:deleteFully(320)) - deleteFully: target/test/data/da5193cb/MiniRaftClusterWithNetty71855ece/s11 does not exist.
2024-12-14 12:25:58,774 INFO  impl.MiniRaftCluster (MiniRaftCluster.java:newRaftServer(401)) - Formatted directory target/test/data/da5193cb/MiniRaftClusterWithNetty71855ece/s11
2024-12-14 12:25:58,774 INFO  server.RaftServerConfigKeys (ConfUtils.java:logGet(46)) - raft.server.rpc.timeout.min = 300ms (custom)
2024-12-14 12:25:58,774 INFO  server.RaftServerConfigKeys (ConfUtils.java:logGet(46)) - raft.server.rpc.timeout.max = 600ms (custom)
2024-12-14 12:25:58,774 INFO  server.RaftServerConfigKeys (ConfUtils.java:logGet(46)) - raft.server.rpc.sleep.time = 25ms (default)
2024-12-14 12:25:58,774 INFO  server.RaftServer (ConfUtils.java:logGet(46)) - raft.rpc.type = NETTY (custom)
2024-12-14 12:25:58,774 INFO  server.RaftServerConfigKeys (ConfUtils.java:logGet(46)) - raft.server.rpc.slowness.timeout = 60s (default)
2024-12-14 12:25:58,774 INFO  netty.NettyConfigKeys$Server (ConfUtils.java:logGet(46)) - raft.netty.server.use-epoll = true (default)
2024-12-14 12:25:58,774 INFO  netty.NettyUtils (NettyUtils.java:newEventLoopGroup(74)) - Create EpollEventLoopGroup for NettyRpcService-bossGroup; Thread size is 0.
2024-12-14 12:25:58,774 INFO  server.RaftServerConfigKeys (ConfUtils.java:logGet(46)) - raft.server.leaderelection.leader.step-down.wait-time = 10s (default)
2024-12-14 12:25:58,775 INFO  server.RaftServerConfigKeys (ConfUtils.java:logGet(46)) - raft.server.leaderelection.member.majority-add = false (default)
2024-12-14 12:25:58,775 INFO  server.RaftServerConfigKeys (ConfUtils.java:logGet(46)) - raft.server.sleep.deviation.threshold = 300ms (default)
2024-12-14 12:25:58,775 INFO  server.RaftServer$Division (ServerState.java:<init>(114)) - s10@group-0A0C1A18FF69: ConfigurationManager, init=conf: {index: -1, cur=peers:[]|listeners:[], old=null}, confs=<EMPTY_MAP>
2024-12-14 12:25:58,775 INFO  server.RaftServerConfigKeys (ConfUtils.java:logGet(46)) - raft.server.notification.no-leader.timeout = 60s (default)
2024-12-14 12:25:58,775 INFO  server.RaftServerConfigKeys (ConfUtils.java:logGet(46)) - raft.server.read.timeout = 10s (default)
2024-12-14 12:25:58,775 INFO  server.RaftServerConfigKeys (ConfUtils.java:logGet(46)) - raft.server.retrycache.expirytime = 60s (default)
2024-12-14 12:25:58,775 INFO  server.RaftServerConfigKeys (ConfUtils.java:logGet(46)) - raft.server.retrycache.statistics.expirytime = 100ms (default)
2024-12-14 12:25:58,775 INFO  netty.NettyUtils (NettyUtils.java:newEventLoopGroup(74)) - Create EpollEventLoopGroup for NettyRpcService-workerGroup; Thread size is 0.
2024-12-14 12:25:58,775 INFO  server.RaftServerConfigKeys (ConfUtils.java:logGet(46)) - raft.server.read.option = DEFAULT (default)
2024-12-14 12:25:58,775 INFO  server.RaftServerConfigKeys (ConfUtils.java:logGet(46)) - raft.server.read.read-after-write-consistent.write-index-cache.expiry-time = 60s (default)
2024-12-14 12:25:58,776 INFO  server.RaftServerConfigKeys (ConfUtils.java:logGet(46)) - raft.server.rpc.request.timeout = 3000ms (default)
2024-12-14 12:25:58,776 INFO  server.RaftServerConfigKeys (ConfUtils.java:logGet(46)) - raft.server.log.appender.install.snapshot.enabled = true (default)
2024-12-14 12:25:58,776 INFO  netty.NettyConfigKeys$Server (ConfUtils.java:logGet(46)) - raft.netty.server.host = null (default)
2024-12-14 12:25:58,776 INFO  server.RaftServerConfigKeys (ConfUtils.java:logGet(46)) - raft.server.threadpool.server.cached = true (default)
2024-12-14 12:25:58,776 INFO  netty.NettyConfigKeys$Server (ConfUtils.java:logGet(46)) - raft.netty.server.port = 15026 (custom)
2024-12-14 12:25:58,776 INFO  server.RaftServerConfigKeys (ConfUtils.java:logGet(46)) - raft.server.threadpool.server.size = 0 (default)
2024-12-14 12:25:58,776 INFO  impl.DataStreamServerImpl (ConfUtils.java:logGet(46)) - raft.datastream.type = DISABLED (default)
2024-12-14 12:25:58,776 INFO  server.RaftServerConfigKeys (ConfUtils.java:logGet(46)) - raft.server.threadpool.client.cached = true (default)
2024-12-14 12:25:58,776 INFO  server.RaftServerConfigKeys (ConfUtils.java:logGet(46)) - raft.server.sleep.deviation.threshold = 300ms (default)
2024-12-14 12:25:58,776 INFO  server.RaftServerConfigKeys (ConfUtils.java:logGet(46)) - raft.server.threadpool.client.size = 0 (default)
2024-12-14 12:25:58,777 INFO  server.RaftServerConfigKeys (ConfUtils.java:logGet(46)) - raft.server.close.threshold = 60s (default)
2024-12-14 12:25:58,777 INFO  server.RaftServerConfigKeys (ConfUtils.java:logGet(46)) - raft.server.leaderelection.leader.step-down.wait-time = 10s (default)
2024-12-14 12:25:58,777 INFO  server.RaftServerConfigKeys (ConfUtils.java:logGet(46)) - raft.server.storage.dir = [/home/runner/work/ratis/ratis/ratis-examples/target/test/data/da5193cb/MiniRaftClusterWithNetty71855ece/s11] (custom)
2024-12-14 12:25:58,777 INFO  server.RaftServerConfigKeys (ConfUtils.java:logGet(46)) - raft.server.threadpool.proxy.cached = true (default)
2024-12-14 12:25:58,777 INFO  server.RaftServerConfigKeys (ConfUtils.java:logGet(46)) - raft.server.threadpool.proxy.size = 0 (default)
2024-12-14 12:25:58,778 INFO  server.RaftServer (RaftServerProxy.java:addNew(101)) - s11: addNew group-0A0C1A18FF69:[] returns group-0A0C1A18FF69:java.util.concurrent.CompletableFuture@4e23ddf0[Not completed]
2024-12-14 12:25:58,778 INFO  netty.NettyUtils (NettyUtils.java:newEventLoopGroup(74)) - Create EpollEventLoopGroup for s11; Thread size is 0.
2024-12-14 12:25:58,778 INFO  impl.MiniRaftCluster (MiniRaftCluster.java:newRaftServer(396)) - newRaftServer: s12, group-0A0C1A18FF69:[], format? true
2024-12-14 12:25:58,778 TRACE util.FileUtils (FileUtils.java:deleteFully(307)) - deleteFully target/test/data/da5193cb/MiniRaftClusterWithNetty71855ece/s12
2024-12-14 12:25:58,778 INFO  server.RaftServer$Division (RaftServerImpl.java:<init>(256)) - s11: new RaftServerImpl for group-0A0C1A18FF69:[] with ArithmeticStateMachine:uninitialized
2024-12-14 12:25:58,779 TRACE util.FileUtils (FileUtils.java:deleteFully(320)) - deleteFully: target/test/data/da5193cb/MiniRaftClusterWithNetty71855ece/s12 does not exist.
2024-12-14 12:25:58,779 INFO  impl.MiniRaftCluster (MiniRaftCluster.java:newRaftServer(401)) - Formatted directory target/test/data/da5193cb/MiniRaftClusterWithNetty71855ece/s12
2024-12-14 12:25:58,779 INFO  server.RaftServerConfigKeys (ConfUtils.java:logGet(46)) - raft.server.rpc.timeout.min = 300ms (custom)
2024-12-14 12:25:58,779 INFO  server.RaftServerConfigKeys (ConfUtils.java:logGet(46)) - raft.server.rpc.timeout.max = 600ms (custom)
2024-12-14 12:25:58,779 INFO  server.RaftServer (ConfUtils.java:logGet(46)) - raft.rpc.type = NETTY (custom)
2024-12-14 12:25:58,779 INFO  server.RaftServerConfigKeys (ConfUtils.java:logGet(46)) - raft.server.rpc.sleep.time = 25ms (default)
2024-12-14 12:25:58,779 INFO  server.RaftServerConfigKeys (ConfUtils.java:logGet(46)) - raft.server.rpc.slowness.timeout = 60s (default)
2024-12-14 12:25:58,779 INFO  server.RaftServerConfigKeys (ConfUtils.java:logGet(46)) - raft.server.leaderelection.leader.step-down.wait-time = 10s (default)
2024-12-14 12:25:58,779 INFO  netty.NettyConfigKeys$Server (ConfUtils.java:logGet(46)) - raft.netty.server.use-epoll = true (default)
2024-12-14 12:25:58,780 INFO  netty.NettyUtils (NettyUtils.java:newEventLoopGroup(74)) - Create EpollEventLoopGroup for NettyRpcService-bossGroup; Thread size is 0.
2024-12-14 12:25:58,779 INFO  server.RaftServerConfigKeys (ConfUtils.java:logGet(46)) - raft.server.leaderelection.member.majority-add = false (default)
2024-12-14 12:25:58,780 INFO  server.RaftServerConfigKeys (ConfUtils.java:logGet(46)) - raft.server.sleep.deviation.threshold = 300ms (default)
2024-12-14 12:25:58,780 INFO  server.RaftServer$Division (ServerState.java:<init>(114)) - s11@group-0A0C1A18FF69: ConfigurationManager, init=conf: {index: -1, cur=peers:[]|listeners:[], old=null}, confs=<EMPTY_MAP>
2024-12-14 12:25:58,780 INFO  server.RaftServerConfigKeys (ConfUtils.java:logGet(46)) - raft.server.notification.no-leader.timeout = 60s (default)
2024-12-14 12:25:58,780 INFO  server.RaftServerConfigKeys (ConfUtils.java:logGet(46)) - raft.server.read.timeout = 10s (default)
2024-12-14 12:25:58,780 INFO  server.RaftServerConfigKeys (ConfUtils.java:logGet(46)) - raft.server.retrycache.expirytime = 60s (default)
2024-12-14 12:25:58,780 INFO  server.RaftServerConfigKeys (ConfUtils.java:logGet(46)) - raft.server.retrycache.statistics.expirytime = 100ms (default)
2024-12-14 12:25:58,780 INFO  netty.NettyUtils (NettyUtils.java:newEventLoopGroup(74)) - Create EpollEventLoopGroup for NettyRpcService-workerGroup; Thread size is 0.
2024-12-14 12:25:58,780 INFO  server.RaftServerConfigKeys (ConfUtils.java:logGet(46)) - raft.server.read.option = DEFAULT (default)
2024-12-14 12:25:58,781 INFO  server.RaftServerConfigKeys (ConfUtils.java:logGet(46)) - raft.server.read.read-after-write-consistent.write-index-cache.expiry-time = 60s (default)
2024-12-14 12:25:58,781 INFO  server.RaftServerConfigKeys (ConfUtils.java:logGet(46)) - raft.server.rpc.request.timeout = 3000ms (default)
2024-12-14 12:25:58,781 INFO  server.RaftServerConfigKeys (ConfUtils.java:logGet(46)) - raft.server.log.appender.install.snapshot.enabled = true (default)
2024-12-14 12:25:58,781 INFO  netty.NettyConfigKeys$Server (ConfUtils.java:logGet(46)) - raft.netty.server.host = null (default)
2024-12-14 12:25:58,781 INFO  server.RaftServerConfigKeys (ConfUtils.java:logGet(46)) - raft.server.threadpool.server.cached = true (default)
2024-12-14 12:25:58,781 INFO  netty.NettyConfigKeys$Server (ConfUtils.java:logGet(46)) - raft.netty.server.port = 15027 (custom)
2024-12-14 12:25:58,781 INFO  server.RaftServerConfigKeys (ConfUtils.java:logGet(46)) - raft.server.threadpool.server.size = 0 (default)
2024-12-14 12:25:58,782 INFO  impl.DataStreamServerImpl (ConfUtils.java:logGet(46)) - raft.datastream.type = DISABLED (default)
2024-12-14 12:25:58,782 INFO  server.RaftServerConfigKeys (ConfUtils.java:logGet(46)) - raft.server.threadpool.client.cached = true (default)
2024-12-14 12:25:58,782 INFO  server.RaftServerConfigKeys (ConfUtils.java:logGet(46)) - raft.server.sleep.deviation.threshold = 300ms (default)
2024-12-14 12:25:58,782 INFO  server.RaftServerConfigKeys (ConfUtils.java:logGet(46)) - raft.server.close.threshold = 60s (default)
2024-12-14 12:25:58,782 INFO  server.RaftServerConfigKeys (ConfUtils.java:logGet(46)) - raft.server.threadpool.client.size = 0 (default)
2024-12-14 12:25:58,782 INFO  server.RaftServerConfigKeys (ConfUtils.java:logGet(46)) - raft.server.leaderelection.leader.step-down.wait-time = 10s (default)
2024-12-14 12:25:58,783 INFO  server.RaftServerConfigKeys (ConfUtils.java:logGet(46)) - raft.server.storage.dir = [/home/runner/work/ratis/ratis/ratis-examples/target/test/data/da5193cb/MiniRaftClusterWithNetty71855ece/s12] (custom)
2024-12-14 12:25:58,783 INFO  server.RaftServerConfigKeys (ConfUtils.java:logGet(46)) - raft.server.threadpool.proxy.cached = true (default)
2024-12-14 12:25:58,783 INFO  server.RaftServerConfigKeys (ConfUtils.java:logGet(46)) - raft.server.threadpool.proxy.size = 0 (default)
2024-12-14 12:25:58,784 INFO  server.RaftServer (RaftServerProxy.java:addNew(101)) - s12: addNew group-0A0C1A18FF69:[] returns group-0A0C1A18FF69:java.util.concurrent.CompletableFuture@2e17a9e6[Not completed]
2024-12-14 12:25:58,784 INFO  netty.NettyUtils (NettyUtils.java:newEventLoopGroup(74)) - Create EpollEventLoopGroup for s12; Thread size is 0.
2024-12-14 12:25:58,784 INFO  impl.MiniRaftCluster (MiniRaftCluster.java:newRaftServer(396)) - newRaftServer: s13, group-0A0C1A18FF69:[], format? true
2024-12-14 12:25:58,784 TRACE util.FileUtils (FileUtils.java:deleteFully(307)) - deleteFully target/test/data/da5193cb/MiniRaftClusterWithNetty71855ece/s13
2024-12-14 12:25:58,784 INFO  server.RaftServer$Division (RaftServerImpl.java:<init>(256)) - s12: new RaftServerImpl for group-0A0C1A18FF69:[] with ArithmeticStateMachine:uninitialized
2024-12-14 12:25:58,784 TRACE util.FileUtils (FileUtils.java:deleteFully(320)) - deleteFully: target/test/data/da5193cb/MiniRaftClusterWithNetty71855ece/s13 does not exist.
2024-12-14 12:25:58,785 INFO  impl.MiniRaftCluster (MiniRaftCluster.java:newRaftServer(401)) - Formatted directory target/test/data/da5193cb/MiniRaftClusterWithNetty71855ece/s13
2024-12-14 12:25:58,784 INFO  server.RaftServerConfigKeys (ConfUtils.java:logGet(46)) - raft.server.rpc.timeout.min = 300ms (custom)
2024-12-14 12:25:58,785 INFO  server.RaftServerConfigKeys (ConfUtils.java:logGet(46)) - raft.server.rpc.timeout.max = 600ms (custom)
2024-12-14 12:25:58,785 INFO  server.RaftServerConfigKeys (ConfUtils.java:logGet(46)) - raft.server.rpc.sleep.time = 25ms (default)
2024-12-14 12:25:58,785 INFO  server.RaftServerConfigKeys (ConfUtils.java:logGet(46)) - raft.server.rpc.slowness.timeout = 60s (default)
2024-12-14 12:25:58,785 INFO  server.RaftServer (ConfUtils.java:logGet(46)) - raft.rpc.type = NETTY (custom)
2024-12-14 12:25:58,785 INFO  server.RaftServerConfigKeys (ConfUtils.java:logGet(46)) - raft.server.leaderelection.leader.step-down.wait-time = 10s (default)
2024-12-14 12:25:58,785 INFO  netty.NettyConfigKeys$Server (ConfUtils.java:logGet(46)) - raft.netty.server.use-epoll = true (default)
2024-12-14 12:25:58,786 INFO  netty.NettyUtils (NettyUtils.java:newEventLoopGroup(74)) - Create EpollEventLoopGroup for NettyRpcService-bossGroup; Thread size is 0.
2024-12-14 12:25:58,785 INFO  server.RaftServerConfigKeys (ConfUtils.java:logGet(46)) - raft.server.leaderelection.member.majority-add = false (default)
2024-12-14 12:25:58,786 INFO  server.RaftServerConfigKeys (ConfUtils.java:logGet(46)) - raft.server.sleep.deviation.threshold = 300ms (default)
2024-12-14 12:25:58,786 INFO  server.RaftServer$Division (ServerState.java:<init>(114)) - s12@group-0A0C1A18FF69: ConfigurationManager, init=conf: {index: -1, cur=peers:[]|listeners:[], old=null}, confs=<EMPTY_MAP>
2024-12-14 12:25:58,786 INFO  server.RaftServerConfigKeys (ConfUtils.java:logGet(46)) - raft.server.notification.no-leader.timeout = 60s (default)
2024-12-14 12:25:58,786 INFO  server.RaftServerConfigKeys (ConfUtils.java:logGet(46)) - raft.server.read.timeout = 10s (default)
2024-12-14 12:25:58,786 INFO  server.RaftServerConfigKeys (ConfUtils.java:logGet(46)) - raft.server.retrycache.expirytime = 60s (default)
2024-12-14 12:25:58,786 INFO  server.RaftServerConfigKeys (ConfUtils.java:logGet(46)) - raft.server.retrycache.statistics.expirytime = 100ms (default)
2024-12-14 12:25:58,786 INFO  netty.NettyUtils (NettyUtils.java:newEventLoopGroup(74)) - Create EpollEventLoopGroup for NettyRpcService-workerGroup; Thread size is 0.
2024-12-14 12:25:58,786 INFO  server.RaftServerConfigKeys (ConfUtils.java:logGet(46)) - raft.server.read.option = DEFAULT (default)
2024-12-14 12:25:58,786 INFO  server.RaftServerConfigKeys (ConfUtils.java:logGet(46)) - raft.server.read.read-after-write-consistent.write-index-cache.expiry-time = 60s (default)
2024-12-14 12:25:58,786 INFO  netty.NettyConfigKeys$Server (ConfUtils.java:logGet(46)) - raft.netty.server.host = null (default)
2024-12-14 12:25:58,787 INFO  server.RaftServerConfigKeys (ConfUtils.java:logGet(46)) - raft.server.rpc.request.timeout = 3000ms (default)
2024-12-14 12:25:58,787 INFO  netty.NettyConfigKeys$Server (ConfUtils.java:logGet(46)) - raft.netty.server.port = 15028 (custom)
2024-12-14 12:25:58,787 INFO  server.RaftServerConfigKeys (ConfUtils.java:logGet(46)) - raft.server.log.appender.install.snapshot.enabled = true (default)
2024-12-14 12:25:58,787 INFO  impl.DataStreamServerImpl (ConfUtils.java:logGet(46)) - raft.datastream.type = DISABLED (default)
2024-12-14 12:25:58,787 INFO  server.RaftServerConfigKeys (ConfUtils.java:logGet(46)) - raft.server.threadpool.server.cached = true (default)
2024-12-14 12:25:58,787 INFO  server.RaftServerConfigKeys (ConfUtils.java:logGet(46)) - raft.server.sleep.deviation.threshold = 300ms (default)
2024-12-14 12:25:58,787 INFO  server.RaftServerConfigKeys (ConfUtils.java:logGet(46)) - raft.server.threadpool.server.size = 0 (default)
2024-12-14 12:25:58,787 INFO  server.RaftServerConfigKeys (ConfUtils.java:logGet(46)) - raft.server.close.threshold = 60s (default)
2024-12-14 12:25:58,787 INFO  server.RaftServerConfigKeys (ConfUtils.java:logGet(46)) - raft.server.threadpool.client.cached = true (default)
2024-12-14 12:25:58,788 INFO  server.RaftServerConfigKeys (ConfUtils.java:logGet(46)) - raft.server.leaderelection.leader.step-down.wait-time = 10s (default)
2024-12-14 12:25:58,788 INFO  server.RaftServerConfigKeys (ConfUtils.java:logGet(46)) - raft.server.threadpool.client.size = 0 (default)
2024-12-14 12:25:58,788 INFO  server.RaftServerConfigKeys (ConfUtils.java:logGet(46)) - raft.server.storage.dir = [/home/runner/work/ratis/ratis/ratis-examples/target/test/data/da5193cb/MiniRaftClusterWithNetty71855ece/s13] (custom)
2024-12-14 12:25:58,788 INFO  server.RaftServerConfigKeys (ConfUtils.java:logGet(46)) - raft.server.threadpool.proxy.cached = true (default)
2024-12-14 12:25:58,788 INFO  server.RaftServerConfigKeys (ConfUtils.java:logGet(46)) - raft.server.threadpool.proxy.size = 0 (default)
2024-12-14 12:25:58,788 INFO  server.RaftServer (RaftServerProxy.java:addNew(101)) - s13: addNew group-0A0C1A18FF69:[] returns group-0A0C1A18FF69:java.util.concurrent.CompletableFuture@1bd53c5c[Not completed]
2024-12-14 12:25:58,788 INFO  netty.NettyUtils (NettyUtils.java:newEventLoopGroup(74)) - Create EpollEventLoopGroup for s13; Thread size is 0.
2024-12-14 12:25:58,789 INFO  impl.MiniRaftCluster (MiniRaftCluster.java:newRaftServer(396)) - newRaftServer: s14, group-0A0C1A18FF69:[], format? true
2024-12-14 12:25:58,789 TRACE util.FileUtils (FileUtils.java:deleteFully(307)) - deleteFully target/test/data/da5193cb/MiniRaftClusterWithNetty71855ece/s14
2024-12-14 12:25:58,789 TRACE util.FileUtils (FileUtils.java:deleteFully(320)) - deleteFully: target/test/data/da5193cb/MiniRaftClusterWithNetty71855ece/s14 does not exist.
2024-12-14 12:25:58,789 INFO  impl.MiniRaftCluster (MiniRaftCluster.java:newRaftServer(401)) - Formatted directory target/test/data/da5193cb/MiniRaftClusterWithNetty71855ece/s14
2024-12-14 12:25:58,817 INFO  server.RaftServer (ConfUtils.java:logGet(46)) - raft.rpc.type = NETTY (custom)
2024-12-14 12:25:58,817 INFO  server.RaftServer$Division (RaftServerImpl.java:<init>(256)) - s13: new RaftServerImpl for group-0A0C1A18FF69:[] with ArithmeticStateMachine:uninitialized
2024-12-14 12:25:58,817 INFO  netty.NettyConfigKeys$Server (ConfUtils.java:logGet(46)) - raft.netty.server.use-epoll = true (default)
2024-12-14 12:25:58,817 INFO  netty.NettyUtils (NettyUtils.java:newEventLoopGroup(74)) - Create EpollEventLoopGroup for NettyRpcService-bossGroup; Thread size is 0.
2024-12-14 12:25:58,817 INFO  server.RaftServerConfigKeys (ConfUtils.java:logGet(46)) - raft.server.rpc.timeout.min = 300ms (custom)
2024-12-14 12:25:58,817 INFO  server.RaftServerConfigKeys (ConfUtils.java:logGet(46)) - raft.server.rpc.timeout.max = 600ms (custom)
2024-12-14 12:25:58,817 INFO  server.RaftServerConfigKeys (ConfUtils.java:logGet(46)) - raft.server.rpc.sleep.time = 25ms (default)
2024-12-14 12:25:58,817 INFO  server.RaftServerConfigKeys (ConfUtils.java:logGet(46)) - raft.server.rpc.slowness.timeout = 60s (default)
2024-12-14 12:25:58,818 INFO  server.RaftServerConfigKeys (ConfUtils.java:logGet(46)) - raft.server.leaderelection.leader.step-down.wait-time = 10s (default)
2024-12-14 12:25:58,818 INFO  server.RaftServerConfigKeys (ConfUtils.java:logGet(46)) - raft.server.leaderelection.member.majority-add = false (default)
2024-12-14 12:25:58,818 INFO  server.RaftServerConfigKeys (ConfUtils.java:logGet(46)) - raft.server.sleep.deviation.threshold = 300ms (default)
2024-12-14 12:25:58,818 INFO  netty.NettyUtils (NettyUtils.java:newEventLoopGroup(74)) - Create EpollEventLoopGroup for NettyRpcService-workerGroup; Thread size is 0.
2024-12-14 12:25:58,818 INFO  server.RaftServer$Division (ServerState.java:<init>(114)) - s13@group-0A0C1A18FF69: ConfigurationManager, init=conf: {index: -1, cur=peers:[]|listeners:[], old=null}, confs=<EMPTY_MAP>
2024-12-14 12:25:58,818 INFO  server.RaftServerConfigKeys (ConfUtils.java:logGet(46)) - raft.server.notification.no-leader.timeout = 60s (default)
2024-12-14 12:25:58,818 INFO  server.RaftServerConfigKeys (ConfUtils.java:logGet(46)) - raft.server.read.timeout = 10s (default)
2024-12-14 12:25:58,818 INFO  server.RaftServerConfigKeys (ConfUtils.java:logGet(46)) - raft.server.retrycache.expirytime = 60s (default)
2024-12-14 12:25:58,818 INFO  server.RaftServerConfigKeys (ConfUtils.java:logGet(46)) - raft.server.retrycache.statistics.expirytime = 100ms (default)
2024-12-14 12:25:58,818 INFO  server.RaftServerConfigKeys (ConfUtils.java:logGet(46)) - raft.server.read.option = DEFAULT (default)
2024-12-14 12:25:58,818 INFO  server.RaftServerConfigKeys (ConfUtils.java:logGet(46)) - raft.server.read.read-after-write-consistent.write-index-cache.expiry-time = 60s (default)
2024-12-14 12:25:58,818 INFO  netty.NettyConfigKeys$Server (ConfUtils.java:logGet(46)) - raft.netty.server.host = null (default)
2024-12-14 12:25:58,818 INFO  netty.NettyConfigKeys$Server (ConfUtils.java:logGet(46)) - raft.netty.server.port = 15029 (custom)
2024-12-14 12:25:58,819 INFO  server.RaftServerConfigKeys (ConfUtils.java:logGet(46)) - raft.server.rpc.request.timeout = 3000ms (default)
2024-12-14 12:25:58,819 INFO  impl.DataStreamServerImpl (ConfUtils.java:logGet(46)) - raft.datastream.type = DISABLED (default)
2024-12-14 12:25:58,819 INFO  server.RaftServerConfigKeys (ConfUtils.java:logGet(46)) - raft.server.log.appender.install.snapshot.enabled = true (default)
2024-12-14 12:25:58,819 INFO  server.RaftServerConfigKeys (ConfUtils.java:logGet(46)) - raft.server.threadpool.server.cached = true (default)
2024-12-14 12:25:58,819 INFO  server.RaftServerConfigKeys (ConfUtils.java:logGet(46)) - raft.server.threadpool.server.size = 0 (default)
2024-12-14 12:25:58,819 INFO  server.RaftServerConfigKeys (ConfUtils.java:logGet(46)) - raft.server.threadpool.client.cached = true (default)
2024-12-14 12:25:58,819 INFO  server.RaftServerConfigKeys (ConfUtils.java:logGet(46)) - raft.server.threadpool.client.size = 0 (default)
2024-12-14 12:25:58,819 INFO  server.RaftServerConfigKeys (ConfUtils.java:logGet(46)) - raft.server.sleep.deviation.threshold = 300ms (default)
2024-12-14 12:25:58,819 INFO  server.RaftServerConfigKeys (ConfUtils.java:logGet(46)) - raft.server.close.threshold = 60s (default)
2024-12-14 12:25:58,819 INFO  server.RaftServerConfigKeys (ConfUtils.java:logGet(46)) - raft.server.leaderelection.leader.step-down.wait-time = 10s (default)
2024-12-14 12:25:58,820 INFO  server.RaftServerConfigKeys (ConfUtils.java:logGet(46)) - raft.server.storage.dir = [/home/runner/work/ratis/ratis/ratis-examples/target/test/data/da5193cb/MiniRaftClusterWithNetty71855ece/s14] (custom)
2024-12-14 12:25:58,820 INFO  server.RaftServerConfigKeys (ConfUtils.java:logGet(46)) - raft.server.threadpool.proxy.cached = true (default)
2024-12-14 12:25:58,820 INFO  server.RaftServerConfigKeys (ConfUtils.java:logGet(46)) - raft.server.threadpool.proxy.size = 0 (default)
2024-12-14 12:25:58,821 INFO  server.RaftServer (RaftServerProxy.java:addNew(101)) - s14: addNew group-0A0C1A18FF69:[] returns group-0A0C1A18FF69:java.util.concurrent.CompletableFuture@443b9ebb[Not completed]
2024-12-14 12:25:58,821 INFO  netty.NettyUtils (NettyUtils.java:newEventLoopGroup(74)) - Create EpollEventLoopGroup for s14; Thread size is 0.
2024-12-14 12:25:58,821 INFO  impl.GroupManagementBaseTest (GroupManagementBaseTest.java:runMultiGroupTest(260)) - putNewServer: printing ALL groups
  s3:      NEW      null s3@group-0A0C1A18FF69:t0, leader=null, voted=null, raftlog=UNINITIALIZED, conf=conf: {index: -1, cur=peers:[]|listeners:[], old=null} NEW
  s4:      NEW      null s4@group-0A0C1A18FF69:t0, leader=null, voted=null, raftlog=UNINITIALIZED, conf=conf: {index: -1, cur=peers:[]|listeners:[], old=null} NEW
  s5:      NEW      null s5@group-0A0C1A18FF69:t0, leader=null, voted=null, raftlog=UNINITIALIZED, conf=conf: {index: -1, cur=peers:[]|listeners:[], old=null} NEW
  s6:      NEW      null s6@group-0A0C1A18FF69:t0, leader=null, voted=null, raftlog=UNINITIALIZED, conf=conf: {index: -1, cur=peers:[]|listeners:[], old=null} NEW
  s7:      NEW      null s7@group-0A0C1A18FF69:t0, leader=null, voted=null, raftlog=UNINITIALIZED, conf=conf: {index: -1, cur=peers:[]|listeners:[], old=null} NEW
  s8:      NEW      null s8@group-0A0C1A18FF69:t0, leader=null, voted=null, raftlog=UNINITIALIZED, conf=conf: {index: -1, cur=peers:[]|listeners:[], old=null} NEW
  s9:      NEW      null s9@group-0A0C1A18FF69:t0, leader=null, voted=null, raftlog=UNINITIALIZED, conf=conf: {index: -1, cur=peers:[]|listeners:[], old=null} NEW
  s11:      NEW      null s11@group-0A0C1A18FF69:t0, leader=null, voted=null, raftlog=UNINITIALIZED, conf=conf: {index: -1, cur=peers:[]|listeners:[], old=null} NEW
  s10:      NEW      null s10@group-0A0C1A18FF69:t0, leader=null, voted=null, raftlog=UNINITIALIZED, conf=conf: {index: -1, cur=peers:[]|listeners:[], old=null} NEW
  s13:      NEW      null s13@group-0A0C1A18FF69:t0, leader=null, voted=null, raftlog=UNINITIALIZED, conf=conf: {index: -1, cur=peers:[]|listeners:[], old=null} NEW
  s12:      NEW      null s12@group-0A0C1A18FF69:t0, leader=null, voted=null, raftlog=UNINITIALIZED, conf=conf: {index: -1, cur=peers:[]|listeners:[], old=null} NEW
  s14:      NEW group-0A0C1A18FF69:java.util.concurrent.CompletableFuture@443b9ebb[Not completed]
  s0:      NEW      null s0@group-0A0C1A18FF69:t0, leader=null, voted=null, raftlog=UNINITIALIZED, conf=conf: {index: -1, cur=peers:[]|listeners:[], old=null} NEW
  s1:      NEW      null s1@group-0A0C1A18FF69:t0, leader=null, voted=null, raftlog=UNINITIALIZED, conf=conf: {index: -1, cur=peers:[]|listeners:[], old=null} NEW
  s2:      NEW      null s2@group-0A0C1A18FF69:t0, leader=null, voted=null, raftlog=UNINITIALIZED, conf=conf: {index: -1, cur=peers:[]|listeners:[], old=null} NEW
2024-12-14 12:25:58,822 INFO  server.RaftServer$Division (RaftServerImpl.java:<init>(256)) - s14: new RaftServerImpl for group-0A0C1A18FF69:[] with ArithmeticStateMachine:uninitialized
2024-12-14 12:25:58,822 INFO  server.RaftServerConfigKeys (ConfUtils.java:logGet(46)) - raft.server.rpc.timeout.min = 300ms (custom)
2024-12-14 12:25:58,822 INFO  server.RaftServerConfigKeys (ConfUtils.java:logGet(46)) - raft.server.rpc.timeout.max = 600ms (custom)
2024-12-14 12:25:58,822 INFO  server.RaftServerConfigKeys (ConfUtils.java:logGet(46)) - raft.server.rpc.sleep.time = 25ms (default)
2024-12-14 12:25:58,822 INFO  server.RaftServerConfigKeys (ConfUtils.java:logGet(46)) - raft.server.rpc.slowness.timeout = 60s (default)
2024-12-14 12:25:58,822 INFO  server.RaftServerConfigKeys (ConfUtils.java:logGet(46)) - raft.server.leaderelection.leader.step-down.wait-time = 10s (default)
2024-12-14 12:25:58,822 INFO  server.RaftServerConfigKeys (ConfUtils.java:logGet(46)) - raft.server.leaderelection.member.majority-add = false (default)
2024-12-14 12:25:58,822 INFO  server.RaftServerConfigKeys (ConfUtils.java:logGet(46)) - raft.server.sleep.deviation.threshold = 300ms (default)
2024-12-14 12:25:58,822 INFO  server.RaftServer$Division (ServerState.java:<init>(114)) - s14@group-0A0C1A18FF69: ConfigurationManager, init=conf: {index: -1, cur=peers:[]|listeners:[], old=null}, confs=<EMPTY_MAP>
2024-12-14 12:25:58,822 INFO  server.RaftServerConfigKeys (ConfUtils.java:logGet(46)) - raft.server.notification.no-leader.timeout = 60s (default)
2024-12-14 12:25:58,822 INFO  server.RaftServerConfigKeys (ConfUtils.java:logGet(46)) - raft.server.read.timeout = 10s (default)
2024-12-14 12:25:58,822 INFO  server.RaftServerConfigKeys (ConfUtils.java:logGet(46)) - raft.server.retrycache.expirytime = 60s (default)
2024-12-14 12:25:58,822 INFO  server.RaftServerConfigKeys (ConfUtils.java:logGet(46)) - raft.server.retrycache.statistics.expirytime = 100ms (default)
2024-12-14 12:25:58,822 INFO  server.RaftServerConfigKeys (ConfUtils.java:logGet(46)) - raft.server.read.option = DEFAULT (default)
2024-12-14 12:25:58,822 INFO  server.RaftServerConfigKeys (ConfUtils.java:logGet(46)) - raft.server.read.read-after-write-consistent.write-index-cache.expiry-time = 60s (default)
2024-12-14 12:25:58,823 INFO  server.RaftServerConfigKeys (ConfUtils.java:logGet(46)) - raft.server.rpc.request.timeout = 3000ms (default)
2024-12-14 12:25:58,823 INFO  server.RaftServerConfigKeys (ConfUtils.java:logGet(46)) - raft.server.log.appender.install.snapshot.enabled = true (default)
2024-12-14 12:25:58,823 INFO  server.RaftServerConfigKeys (ConfUtils.java:logGet(46)) - raft.server.threadpool.server.cached = true (default)
2024-12-14 12:25:58,823 INFO  server.RaftServerConfigKeys (ConfUtils.java:logGet(46)) - raft.server.threadpool.server.size = 0 (default)
2024-12-14 12:25:58,823 INFO  server.RaftServerConfigKeys (ConfUtils.java:logGet(46)) - raft.server.threadpool.client.cached = true (default)
2024-12-14 12:25:58,823 INFO  server.RaftServerConfigKeys (ConfUtils.java:logGet(46)) - raft.server.threadpool.client.size = 0 (default)
2024-12-14 12:25:59,822 INFO  impl.MiniRaftCluster (MiniRaftCluster.java:start(352)) - .............................................................. 
2024-12-14 12:25:59,822 INFO  impl.MiniRaftCluster (MiniRaftCluster.java:start(353)) - ... 
2024-12-14 12:25:59,822 INFO  impl.MiniRaftCluster (MiniRaftCluster.java:start(354)) - ...     Starting MiniRaftClusterWithNetty
2024-12-14 12:25:59,822 INFO  impl.MiniRaftCluster (MiniRaftCluster.java:start(355)) - ... 
2024-12-14 12:25:59,823 INFO  impl.MiniRaftCluster (MiniRaftCluster.java:start(356)) - .............................................................. 
2024-12-14 12:25:59,823 INFO  impl.MiniRaftCluster (MiniRaftCluster.java:initServers(331)) - servers = {s3=s3:      NEW      null s3@group-0A0C1A18FF69:t0, leader=null, voted=null, raftlog=UNINITIALIZED, conf=conf: {index: -1, cur=peers:[]|listeners:[], old=null} NEW, s4=s4:      NEW      null s4@group-0A0C1A18FF69:t0, leader=null, voted=null, raftlog=UNINITIALIZED, conf=conf: {index: -1, cur=peers:[]|listeners:[], old=null} NEW, s5=s5:      NEW      null s5@group-0A0C1A18FF69:t0, leader=null, voted=null, raftlog=UNINITIALIZED, conf=conf: {index: -1, cur=peers:[]|listeners:[], old=null} NEW, s6=s6:      NEW      null s6@group-0A0C1A18FF69:t0, leader=null, voted=null, raftlog=UNINITIALIZED, conf=conf: {index: -1, cur=peers:[]|listeners:[], old=null} NEW, s7=s7:      NEW      null s7@group-0A0C1A18FF69:t0, leader=null, voted=null, raftlog=UNINITIALIZED, conf=conf: {index: -1, cur=peers:[]|listeners:[], old=null} NEW, s8=s8:      NEW      null s8@group-0A0C1A18FF69:t0, leader=null, voted=null, raftlog=UNINITIALIZED, conf=conf: {index: -1, cur=peers:[]|listeners:[], old=null} NEW, s9=s9:      NEW      null s9@group-0A0C1A18FF69:t0, leader=null, voted=null, raftlog=UNINITIALIZED, conf=conf: {index: -1, cur=peers:[]|listeners:[], old=null} NEW, s11=s11:      NEW      null s11@group-0A0C1A18FF69:t0, leader=null, voted=null, raftlog=UNINITIALIZED, conf=conf: {index: -1, cur=peers:[]|listeners:[], old=null} NEW, s10=s10:      NEW      null s10@group-0A0C1A18FF69:t0, leader=null, voted=null, raftlog=UNINITIALIZED, conf=conf: {index: -1, cur=peers:[]|listeners:[], old=null} NEW, s13=s13:      NEW      null s13@group-0A0C1A18FF69:t0, leader=null, voted=null, raftlog=UNINITIALIZED, conf=conf: {index: -1, cur=peers:[]|listeners:[], old=null} NEW, s12=s12:      NEW      null s12@group-0A0C1A18FF69:t0, leader=null, voted=null, raftlog=UNINITIALIZED, conf=conf: {index: -1, cur=peers:[]|listeners:[], old=null} NEW, s14=s14:      NEW      null s14@group-0A0C1A18FF69:t0, leader=null, voted=null, raftlog=UNINITIALIZED, conf=conf: {index: -1, cur=peers:[]|listeners:[], old=null} NEW, s0=s0:      NEW      null s0@group-0A0C1A18FF69:t0, leader=null, voted=null, raftlog=UNINITIALIZED, conf=conf: {index: -1, cur=peers:[]|listeners:[], old=null} NEW, s1=s1:      NEW      null s1@group-0A0C1A18FF69:t0, leader=null, voted=null, raftlog=UNINITIALIZED, conf=conf: {index: -1, cur=peers:[]|listeners:[], old=null} NEW, s2=s2:      NEW      null s2@group-0A0C1A18FF69:t0, leader=null, voted=null, raftlog=UNINITIALIZED, conf=conf: {index: -1, cur=peers:[]|listeners:[], old=null} NEW}
2024-12-14 12:25:59,823 INFO  server.RaftServerConfigKeys (ConfUtils.java:logGet(46)) - raft.server.storage.free-space.min = 0MB (=0) (default)
2024-12-14 12:25:59,823 INFO  server.RaftServerConfigKeys (ConfUtils.java:logGet(46)) - raft.server.log.corruption.policy = EXCEPTION (default)
2024-12-14 12:25:59,823 INFO  server.RaftServerConfigKeys (ConfUtils.java:logGet(46)) - raft.server.storage.dir = [/home/runner/work/ratis/ratis/ratis-examples/target/test/data/da5193cb/MiniRaftClusterWithNetty71855ece/s3] (custom)
2024-12-14 12:25:59,824 INFO  storage.RaftStorageDirectory (RaftStorageDirectoryImpl.java:analyzeStorage(138)) - The storage directory /home/runner/work/ratis/ratis/ratis-examples/target/test/data/da5193cb/MiniRaftClusterWithNetty71855ece/s3/0b7d7992-bc87-43e5-8445-0a0c1a18ff69 does not exist. Creating ...
2024-12-14 12:25:59,824 TRACE util.FileUtils (LogUtils.java:runAndLog(49)) - Successfully ran Files.createDirectories /home/runner/work/ratis/ratis/ratis-examples/target/test/data/da5193cb/MiniRaftClusterWithNetty71855ece/s3/0b7d7992-bc87-43e5-8445-0a0c1a18ff69
2024-12-14 12:25:59,825 INFO  storage.RaftStorageDirectory (RaftStorageDirectoryImpl.java:tryLock(229)) - Lock on /home/runner/work/ratis/ratis/ratis-examples/target/test/data/da5193cb/MiniRaftClusterWithNetty71855ece/s3/0b7d7992-bc87-43e5-8445-0a0c1a18ff69/in_use.lock acquired by nodename 14700@fv-az733-880
2024-12-14 12:25:59,825 TRACE util.FileUtils (LogUtils.java:runAndLog(49)) - Successfully ran Files.createDirectories /home/runner/work/ratis/ratis/ratis-examples/target/test/data/da5193cb/MiniRaftClusterWithNetty71855ece/s3/0b7d7992-bc87-43e5-8445-0a0c1a18ff69/current
2024-12-14 12:25:59,825 TRACE util.FileUtils (LogUtils.java:runAndLog(49)) - Successfully ran Files.createDirectories /home/runner/work/ratis/ratis/ratis-examples/target/test/data/da5193cb/MiniRaftClusterWithNetty71855ece/s3/0b7d7992-bc87-43e5-8445-0a0c1a18ff69/sm
2024-12-14 12:25:59,825 TRACE util.FileUtils (LogUtils.java:supplyAndLog(69)) - Successfully supplied FileChannel.open /home/runner/work/ratis/ratis/ratis-examples/target/test/data/da5193cb/MiniRaftClusterWithNetty71855ece/s3/0b7d7992-bc87-43e5-8445-0a0c1a18ff69/current/raft-meta.tmp with options [CREATE, WRITE]: sun.nio.ch.FileChannelImpl@44879576
2024-12-14 12:25:59,826 TRACE util.FileUtils (LogUtils.java:runAndLog(49)) - Successfully ran Atomic Files.move /home/runner/work/ratis/ratis/ratis-examples/target/test/data/da5193cb/MiniRaftClusterWithNetty71855ece/s3/0b7d7992-bc87-43e5-8445-0a0c1a18ff69/current/raft-meta.tmp to /home/runner/work/ratis/ratis/ratis-examples/target/test/data/da5193cb/MiniRaftClusterWithNetty71855ece/s3/0b7d7992-bc87-43e5-8445-0a0c1a18ff69/current/raft-meta with options [REPLACE_EXISTING]
2024-12-14 12:25:59,826 INFO  storage.RaftStorage (RaftStorageImpl.java:format(98)) - Storage directory /home/runner/work/ratis/ratis/ratis-examples/target/test/data/da5193cb/MiniRaftClusterWithNetty71855ece/s3/0b7d7992-bc87-43e5-8445-0a0c1a18ff69 has been successfully formatted.
2024-12-14 12:25:59,826 WARN  statemachine.StateMachine (ArithmeticStateMachine.java:loadSnapshot(115)) - The snapshot info is null.
2024-12-14 12:25:59,826 INFO  server.RaftServerConfigKeys (ConfUtils.java:logGet(46)) - raft.server.log.use.memory = false (default)
2024-12-14 12:25:59,827 INFO  server.RaftServerConfigKeys (ConfUtils.java:logGet(46)) - raft.server.log.purge.gap = 1024 (default)
2024-12-14 12:25:59,827 INFO  server.RaftServerConfigKeys (ConfUtils.java:logGet(46)) - raft.server.log.appender.buffer.byte-limit = 4MB (=4194304) (default)
2024-12-14 12:25:59,827 INFO  server.RaftServerConfigKeys (ConfUtils.java:logGet(46)) - raft.server.log.statemachine.data.read.timeout = 1000ms (default)
2024-12-14 12:25:59,827 INFO  server.RaftServerConfigKeys (ConfUtils.java:logGet(46)) - raft.server.log.purge.preservation.log.num = 0 (default)
2024-12-14 12:25:59,827 INFO  server.RaftServerConfigKeys (ConfUtils.java:logGet(46)) - raft.server.log.segment.size.max = 32MB (=33554432) (default)
2024-12-14 12:25:59,827 INFO  server.RaftServerConfigKeys (ConfUtils.java:logGet(46)) - raft.server.log.segment.cache.num.max = 6 (default)
2024-12-14 12:25:59,827 INFO  server.RaftServerConfigKeys (ConfUtils.java:logGet(46)) - raft.server.log.segment.cache.size.max = 200MB (=209715200) (default)
2024-12-14 12:25:59,827 INFO  server.RaftServerConfigKeys (ConfUtils.java:logGet(46)) - raft.server.log.appender.buffer.byte-limit = 4MB (=4194304) (default)
2024-12-14 12:25:59,828 INFO  util.AwaitToRun (AwaitToRun.java:start(81)) - Thread[s3@group-0A0C1A18FF69-cacheEviction-AwaitToRun,5,main] started
2024-12-14 12:25:59,828 INFO  segmented.SegmentedRaftLogWorker (SegmentedRaftLogWorker.java:<init>(189)) - new s3@group-0A0C1A18FF69-SegmentedRaftLogWorker for RaftStorageImpl:Storage Directory /home/runner/work/ratis/ratis/ratis-examples/target/test/data/da5193cb/MiniRaftClusterWithNetty71855ece/s3/0b7d7992-bc87-43e5-8445-0a0c1a18ff69
2024-12-14 12:25:59,828 INFO  server.RaftServerConfigKeys (ConfUtils.java:logGet(46)) - raft.server.log.queue.byte-limit = 64MB (=67108864) (default)
2024-12-14 12:25:59,828 INFO  server.RaftServerConfigKeys (ConfUtils.java:logGet(46)) - raft.server.log.queue.element-limit = 4096 (default)
2024-12-14 12:25:59,828 INFO  server.RaftServerConfigKeys (ConfUtils.java:logGet(46)) - raft.server.log.segment.size.max = 32MB (=33554432) (default)
2024-12-14 12:25:59,828 INFO  server.RaftServerConfigKeys (ConfUtils.java:logGet(46)) - raft.server.log.preallocated.size = 4MB (=4194304) (default)
2024-12-14 12:25:59,828 INFO  server.RaftServerConfigKeys (ConfUtils.java:logGet(46)) - raft.server.log.force.sync.num = 128 (default)
2024-12-14 12:25:59,828 INFO  server.RaftServerConfigKeys (ConfUtils.java:logGet(46)) - raft.server.log.statemachine.data.sync = true (default)
2024-12-14 12:25:59,828 INFO  server.RaftServerConfigKeys (ConfUtils.java:logGet(46)) - raft.server.log.statemachine.data.sync.timeout = 10s (default)
2024-12-14 12:25:59,828 INFO  server.RaftServerConfigKeys (ConfUtils.java:logGet(46)) - raft.server.log.statemachine.data.sync.timeout.retry = -1 (default)
2024-12-14 12:25:59,828 INFO  server.RaftServerConfigKeys (ConfUtils.java:logGet(46)) - raft.server.log.write.buffer.size = 8MB (=8388608) (default)
2024-12-14 12:25:59,828 INFO  server.RaftServerConfigKeys (ConfUtils.java:logGet(46)) - raft.server.log.appender.buffer.byte-limit = 4MB (=4194304) (default)
2024-12-14 12:25:59,828 INFO  server.RaftServerConfigKeys (ConfUtils.java:logGet(46)) - raft.server.log.unsafe-flush.enabled = false (default)
2024-12-14 12:25:59,829 INFO  server.RaftServerConfigKeys (ConfUtils.java:logGet(46)) - raft.server.log.async-flush.enabled = false (default)
2024-12-14 12:25:59,829 INFO  server.RaftServerConfigKeys (ConfUtils.java:logGet(46)) - raft.server.log.statemachine.data.caching.enabled = false (default)
2024-12-14 12:25:59,829 INFO  segmented.SegmentedRaftLogWorker (SegmentedRaftLogWorker.java:lambda$new$0(140)) - s3@group-0A0C1A18FF69-SegmentedRaftLogWorker: flushIndex: setUnconditionally 0 -> -1
2024-12-14 12:25:59,829 INFO  segmented.SegmentedRaftLogWorker (SegmentedRaftLogWorker.java:lambda$new$0(140)) - s3@group-0A0C1A18FF69-SegmentedRaftLogWorker: safeCacheEvictIndex: setUnconditionally 0 -> -1
2024-12-14 12:25:59,829 INFO  server.RaftServer$Division (RaftServerImpl.java:start(398)) - s3@group-0A0C1A18FF69: start with initializing state, conf=conf: {index: -1, cur=peers:[]|listeners:[], old=null}
2024-12-14 12:25:59,829 INFO  server.RaftServer$Division (RaftServerImpl.java:setRole(379)) - s3@group-0A0C1A18FF69: changes role from      null to FOLLOWER at term 0 for start
2024-12-14 12:25:59,830 INFO  util.JmxRegister (JmxRegister.java:tryRegister(44)) - Successfully registered JMX Bean with object name Ratis:service=RaftServer,group=group-0A0C1A18FF69,id=s3
2024-12-14 12:25:59,830 INFO  util.JmxRegister (JmxRegister.java:register(58)) - register mxBean class org.apache.ratis.server.impl.RaftServerJmxAdapter as Ratis:service=RaftServer,group=group-0A0C1A18FF69,id=s3
2024-12-14 12:25:59,830 INFO  server.RaftServerConfigKeys (ConfUtils.java:logGet(46)) - raft.server.snapshot.trigger-when-stop.enabled = true (default)
2024-12-14 12:25:59,830 INFO  server.RaftServerConfigKeys (ConfUtils.java:logGet(46)) - raft.server.snapshot.trigger-when-remove.enabled = true (default)
2024-12-14 12:25:59,830 INFO  server.RaftServerConfigKeys (ConfUtils.java:logGet(46)) - raft.server.snapshot.auto.trigger.enabled = false (default)
2024-12-14 12:25:59,830 INFO  server.RaftServerConfigKeys (ConfUtils.java:logGet(46)) - raft.server.snapshot.retention.file.num = -1 (default)
2024-12-14 12:25:59,830 INFO  server.RaftServerConfigKeys (ConfUtils.java:logGet(46)) - raft.server.log.purge.upto.snapshot.index = false (default)
2024-12-14 12:25:59,830 INFO  server.RaftServer$Division (RaftServerImpl.java:start(406)) - s3@group-0A0C1A18FF69: Successfully started.
2024-12-14 12:25:59,830 INFO  server.RaftServer (RaftServerProxy.java:startImpl(408)) - s3: start RPC server
2024-12-14 12:25:59,843 INFO  logging.LoggingHandler (AbstractInternalLogger.java:log(148)) - [id: 0xdb003562] REGISTERED
2024-12-14 12:25:59,843 INFO  logging.LoggingHandler (AbstractInternalLogger.java:log(148)) - [id: 0xdb003562] BIND: 0.0.0.0/0.0.0.0:15018
2024-12-14 12:25:59,843 INFO  logging.LoggingHandler (AbstractInternalLogger.java:log(148)) - [id: 0xdb003562, L:/0.0.0.0:15018] ACTIVE
2024-12-14 12:25:59,844 INFO  util.JvmPauseMonitor (JvmPauseMonitor.java:run(146)) - JvmPauseMonitor-s3: Started
2024-12-14 12:25:59,844 INFO  server.RaftServerConfigKeys (ConfUtils.java:logGet(46)) - raft.server.storage.free-space.min = 0MB (=0) (default)
2024-12-14 12:25:59,844 INFO  server.RaftServerConfigKeys (ConfUtils.java:logGet(46)) - raft.server.log.corruption.policy = EXCEPTION (default)
2024-12-14 12:25:59,844 INFO  server.RaftServerConfigKeys (ConfUtils.java:logGet(46)) - raft.server.storage.dir = [/home/runner/work/ratis/ratis/ratis-examples/target/test/data/da5193cb/MiniRaftClusterWithNetty71855ece/s4] (custom)
2024-12-14 12:25:59,844 INFO  storage.RaftStorageDirectory (RaftStorageDirectoryImpl.java:analyzeStorage(138)) - The storage directory /home/runner/work/ratis/ratis/ratis-examples/target/test/data/da5193cb/MiniRaftClusterWithNetty71855ece/s4/0b7d7992-bc87-43e5-8445-0a0c1a18ff69 does not exist. Creating ...
2024-12-14 12:25:59,845 TRACE util.FileUtils (LogUtils.java:runAndLog(49)) - Successfully ran Files.createDirectories /home/runner/work/ratis/ratis/ratis-examples/target/test/data/da5193cb/MiniRaftClusterWithNetty71855ece/s4/0b7d7992-bc87-43e5-8445-0a0c1a18ff69
2024-12-14 12:25:59,846 INFO  storage.RaftStorageDirectory (RaftStorageDirectoryImpl.java:tryLock(229)) - Lock on /home/runner/work/ratis/ratis/ratis-examples/target/test/data/da5193cb/MiniRaftClusterWithNetty71855ece/s4/0b7d7992-bc87-43e5-8445-0a0c1a18ff69/in_use.lock acquired by nodename 14700@fv-az733-880
2024-12-14 12:25:59,846 TRACE util.FileUtils (LogUtils.java:runAndLog(49)) - Successfully ran Files.createDirectories /home/runner/work/ratis/ratis/ratis-examples/target/test/data/da5193cb/MiniRaftClusterWithNetty71855ece/s4/0b7d7992-bc87-43e5-8445-0a0c1a18ff69/current
2024-12-14 12:25:59,846 TRACE util.FileUtils (LogUtils.java:runAndLog(49)) - Successfully ran Files.createDirectories /home/runner/work/ratis/ratis/ratis-examples/target/test/data/da5193cb/MiniRaftClusterWithNetty71855ece/s4/0b7d7992-bc87-43e5-8445-0a0c1a18ff69/sm
2024-12-14 12:25:59,846 TRACE util.FileUtils (LogUtils.java:supplyAndLog(69)) - Successfully supplied FileChannel.open /home/runner/work/ratis/ratis/ratis-examples/target/test/data/da5193cb/MiniRaftClusterWithNetty71855ece/s4/0b7d7992-bc87-43e5-8445-0a0c1a18ff69/current/raft-meta.tmp with options [CREATE, WRITE]: sun.nio.ch.FileChannelImpl@4e2f1759
2024-12-14 12:25:59,847 TRACE util.FileUtils (LogUtils.java:runAndLog(49)) - Successfully ran Atomic Files.move /home/runner/work/ratis/ratis/ratis-examples/target/test/data/da5193cb/MiniRaftClusterWithNetty71855ece/s4/0b7d7992-bc87-43e5-8445-0a0c1a18ff69/current/raft-meta.tmp to /home/runner/work/ratis/ratis/ratis-examples/target/test/data/da5193cb/MiniRaftClusterWithNetty71855ece/s4/0b7d7992-bc87-43e5-8445-0a0c1a18ff69/current/raft-meta with options [REPLACE_EXISTING]
2024-12-14 12:25:59,847 INFO  storage.RaftStorage (RaftStorageImpl.java:format(98)) - Storage directory /home/runner/work/ratis/ratis/ratis-examples/target/test/data/da5193cb/MiniRaftClusterWithNetty71855ece/s4/0b7d7992-bc87-43e5-8445-0a0c1a18ff69 has been successfully formatted.
2024-12-14 12:25:59,847 WARN  statemachine.StateMachine (ArithmeticStateMachine.java:loadSnapshot(115)) - The snapshot info is null.
2024-12-14 12:25:59,847 INFO  server.RaftServerConfigKeys (ConfUtils.java:logGet(46)) - raft.server.log.use.memory = false (default)
2024-12-14 12:25:59,847 INFO  server.RaftServerConfigKeys (ConfUtils.java:logGet(46)) - raft.server.log.purge.gap = 1024 (default)
2024-12-14 12:25:59,847 INFO  server.RaftServerConfigKeys (ConfUtils.java:logGet(46)) - raft.server.log.appender.buffer.byte-limit = 4MB (=4194304) (default)
2024-12-14 12:25:59,847 INFO  server.RaftServerConfigKeys (ConfUtils.java:logGet(46)) - raft.server.log.statemachine.data.read.timeout = 1000ms (default)
2024-12-14 12:25:59,847 INFO  server.RaftServerConfigKeys (ConfUtils.java:logGet(46)) - raft.server.log.purge.preservation.log.num = 0 (default)
2024-12-14 12:25:59,848 INFO  server.RaftServerConfigKeys (ConfUtils.java:logGet(46)) - raft.server.log.segment.size.max = 32MB (=33554432) (default)
2024-12-14 12:25:59,848 INFO  server.RaftServerConfigKeys (ConfUtils.java:logGet(46)) - raft.server.log.segment.cache.num.max = 6 (default)
2024-12-14 12:25:59,848 INFO  server.RaftServerConfigKeys (ConfUtils.java:logGet(46)) - raft.server.log.segment.cache.size.max = 200MB (=209715200) (default)
2024-12-14 12:25:59,848 INFO  server.RaftServerConfigKeys (ConfUtils.java:logGet(46)) - raft.server.log.appender.buffer.byte-limit = 4MB (=4194304) (default)
2024-12-14 12:25:59,848 INFO  util.AwaitToRun (AwaitToRun.java:start(81)) - Thread[s4@group-0A0C1A18FF69-cacheEviction-AwaitToRun,5,main] started
2024-12-14 12:25:59,848 INFO  segmented.SegmentedRaftLogWorker (SegmentedRaftLogWorker.java:<init>(189)) - new s4@group-0A0C1A18FF69-SegmentedRaftLogWorker for RaftStorageImpl:Storage Directory /home/runner/work/ratis/ratis/ratis-examples/target/test/data/da5193cb/MiniRaftClusterWithNetty71855ece/s4/0b7d7992-bc87-43e5-8445-0a0c1a18ff69
2024-12-14 12:25:59,848 INFO  server.RaftServerConfigKeys (ConfUtils.java:logGet(46)) - raft.server.log.queue.byte-limit = 64MB (=67108864) (default)
2024-12-14 12:25:59,848 INFO  server.RaftServerConfigKeys (ConfUtils.java:logGet(46)) - raft.server.log.queue.element-limit = 4096 (default)
2024-12-14 12:25:59,848 INFO  server.RaftServerConfigKeys (ConfUtils.java:logGet(46)) - raft.server.log.segment.size.max = 32MB (=33554432) (default)
2024-12-14 12:25:59,848 INFO  server.RaftServerConfigKeys (ConfUtils.java:logGet(46)) - raft.server.log.preallocated.size = 4MB (=4194304) (default)
2024-12-14 12:25:59,848 INFO  server.RaftServerConfigKeys (ConfUtils.java:logGet(46)) - raft.server.log.force.sync.num = 128 (default)
2024-12-14 12:25:59,849 INFO  server.RaftServerConfigKeys (ConfUtils.java:logGet(46)) - raft.server.log.statemachine.data.sync = true (default)
2024-12-14 12:25:59,849 INFO  server.RaftServerConfigKeys (ConfUtils.java:logGet(46)) - raft.server.log.statemachine.data.sync.timeout = 10s (default)
2024-12-14 12:25:59,849 INFO  server.RaftServerConfigKeys (ConfUtils.java:logGet(46)) - raft.server.log.statemachine.data.sync.timeout.retry = -1 (default)
2024-12-14 12:25:59,849 INFO  server.RaftServerConfigKeys (ConfUtils.java:logGet(46)) - raft.server.log.write.buffer.size = 8MB (=8388608) (default)
2024-12-14 12:25:59,849 INFO  server.RaftServerConfigKeys (ConfUtils.java:logGet(46)) - raft.server.log.appender.buffer.byte-limit = 4MB (=4194304) (default)
2024-12-14 12:25:59,849 INFO  server.RaftServerConfigKeys (ConfUtils.java:logGet(46)) - raft.server.log.unsafe-flush.enabled = false (default)
2024-12-14 12:25:59,850 INFO  server.RaftServerConfigKeys (ConfUtils.java:logGet(46)) - raft.server.log.async-flush.enabled = false (default)
2024-12-14 12:25:59,850 INFO  server.RaftServerConfigKeys (ConfUtils.java:logGet(46)) - raft.server.log.statemachine.data.caching.enabled = false (default)
2024-12-14 12:25:59,850 INFO  segmented.SegmentedRaftLogWorker (SegmentedRaftLogWorker.java:lambda$new$0(140)) - s4@group-0A0C1A18FF69-SegmentedRaftLogWorker: flushIndex: setUnconditionally 0 -> -1
2024-12-14 12:25:59,850 INFO  segmented.SegmentedRaftLogWorker (SegmentedRaftLogWorker.java:lambda$new$0(140)) - s4@group-0A0C1A18FF69-SegmentedRaftLogWorker: safeCacheEvictIndex: setUnconditionally 0 -> -1
2024-12-14 12:25:59,850 INFO  server.RaftServer$Division (RaftServerImpl.java:start(398)) - s4@group-0A0C1A18FF69: start with initializing state, conf=conf: {index: -1, cur=peers:[]|listeners:[], old=null}
2024-12-14 12:25:59,850 INFO  server.RaftServer$Division (RaftServerImpl.java:setRole(379)) - s4@group-0A0C1A18FF69: changes role from      null to FOLLOWER at term 0 for start
2024-12-14 12:25:59,850 INFO  util.JmxRegister (JmxRegister.java:tryRegister(44)) - Successfully registered JMX Bean with object name Ratis:service=RaftServer,group=group-0A0C1A18FF69,id=s4
2024-12-14 12:25:59,850 INFO  util.JmxRegister (JmxRegister.java:register(58)) - register mxBean class org.apache.ratis.server.impl.RaftServerJmxAdapter as Ratis:service=RaftServer,group=group-0A0C1A18FF69,id=s4
2024-12-14 12:25:59,850 INFO  server.RaftServerConfigKeys (ConfUtils.java:logGet(46)) - raft.server.snapshot.trigger-when-stop.enabled = true (default)
2024-12-14 12:25:59,850 INFO  server.RaftServerConfigKeys (ConfUtils.java:logGet(46)) - raft.server.snapshot.trigger-when-remove.enabled = true (default)
2024-12-14 12:25:59,850 INFO  server.RaftServerConfigKeys (ConfUtils.java:logGet(46)) - raft.server.snapshot.auto.trigger.enabled = false (default)
2024-12-14 12:25:59,850 INFO  server.RaftServerConfigKeys (ConfUtils.java:logGet(46)) - raft.server.snapshot.retention.file.num = -1 (default)
2024-12-14 12:25:59,850 INFO  server.RaftServerConfigKeys (ConfUtils.java:logGet(46)) - raft.server.log.purge.upto.snapshot.index = false (default)
2024-12-14 12:25:59,851 INFO  server.RaftServer$Division (RaftServerImpl.java:start(406)) - s4@group-0A0C1A18FF69: Successfully started.
2024-12-14 12:25:59,851 INFO  server.RaftServer (RaftServerProxy.java:startImpl(408)) - s4: start RPC server
2024-12-14 12:25:59,851 INFO  logging.LoggingHandler (AbstractInternalLogger.java:log(148)) - [id: 0x0977b22d] REGISTERED
2024-12-14 12:25:59,852 INFO  logging.LoggingHandler (AbstractInternalLogger.java:log(148)) - [id: 0x0977b22d] BIND: 0.0.0.0/0.0.0.0:15019
2024-12-14 12:25:59,852 INFO  logging.LoggingHandler (AbstractInternalLogger.java:log(148)) - [id: 0x0977b22d, L:/0.0.0.0:15019] ACTIVE
2024-12-14 12:25:59,852 INFO  server.RaftServerConfigKeys (ConfUtils.java:logGet(46)) - raft.server.storage.free-space.min = 0MB (=0) (default)
2024-12-14 12:25:59,852 INFO  util.JvmPauseMonitor (JvmPauseMonitor.java:run(146)) - JvmPauseMonitor-s4: Started
2024-12-14 12:25:59,852 INFO  server.RaftServerConfigKeys (ConfUtils.java:logGet(46)) - raft.server.log.corruption.policy = EXCEPTION (default)
2024-12-14 12:25:59,852 INFO  server.RaftServerConfigKeys (ConfUtils.java:logGet(46)) - raft.server.storage.dir = [/home/runner/work/ratis/ratis/ratis-examples/target/test/data/da5193cb/MiniRaftClusterWithNetty71855ece/s5] (custom)
2024-12-14 12:25:59,852 INFO  storage.RaftStorageDirectory (RaftStorageDirectoryImpl.java:analyzeStorage(138)) - The storage directory /home/runner/work/ratis/ratis/ratis-examples/target/test/data/da5193cb/MiniRaftClusterWithNetty71855ece/s5/0b7d7992-bc87-43e5-8445-0a0c1a18ff69 does not exist. Creating ...
2024-12-14 12:25:59,853 TRACE util.FileUtils (LogUtils.java:runAndLog(49)) - Successfully ran Files.createDirectories /home/runner/work/ratis/ratis/ratis-examples/target/test/data/da5193cb/MiniRaftClusterWithNetty71855ece/s5/0b7d7992-bc87-43e5-8445-0a0c1a18ff69
2024-12-14 12:25:59,853 INFO  storage.RaftStorageDirectory (RaftStorageDirectoryImpl.java:tryLock(229)) - Lock on /home/runner/work/ratis/ratis/ratis-examples/target/test/data/da5193cb/MiniRaftClusterWithNetty71855ece/s5/0b7d7992-bc87-43e5-8445-0a0c1a18ff69/in_use.lock acquired by nodename 14700@fv-az733-880
2024-12-14 12:25:59,853 TRACE util.FileUtils (LogUtils.java:runAndLog(49)) - Successfully ran Files.createDirectories /home/runner/work/ratis/ratis/ratis-examples/target/test/data/da5193cb/MiniRaftClusterWithNetty71855ece/s5/0b7d7992-bc87-43e5-8445-0a0c1a18ff69/current
2024-12-14 12:25:59,854 TRACE util.FileUtils (LogUtils.java:runAndLog(49)) - Successfully ran Files.createDirectories /home/runner/work/ratis/ratis/ratis-examples/target/test/data/da5193cb/MiniRaftClusterWithNetty71855ece/s5/0b7d7992-bc87-43e5-8445-0a0c1a18ff69/sm
2024-12-14 12:25:59,854 TRACE util.FileUtils (LogUtils.java:supplyAndLog(69)) - Successfully supplied FileChannel.open /home/runner/work/ratis/ratis/ratis-examples/target/test/data/da5193cb/MiniRaftClusterWithNetty71855ece/s5/0b7d7992-bc87-43e5-8445-0a0c1a18ff69/current/raft-meta.tmp with options [CREATE, WRITE]: sun.nio.ch.FileChannelImpl@3f9dec05
2024-12-14 12:25:59,854 TRACE util.FileUtils (LogUtils.java:runAndLog(49)) - Successfully ran Atomic Files.move /home/runner/work/ratis/ratis/ratis-examples/target/test/data/da5193cb/MiniRaftClusterWithNetty71855ece/s5/0b7d7992-bc87-43e5-8445-0a0c1a18ff69/current/raft-meta.tmp to /home/runner/work/ratis/ratis/ratis-examples/target/test/data/da5193cb/MiniRaftClusterWithNetty71855ece/s5/0b7d7992-bc87-43e5-8445-0a0c1a18ff69/current/raft-meta with options [REPLACE_EXISTING]
2024-12-14 12:25:59,854 INFO  storage.RaftStorage (RaftStorageImpl.java:format(98)) - Storage directory /home/runner/work/ratis/ratis/ratis-examples/target/test/data/da5193cb/MiniRaftClusterWithNetty71855ece/s5/0b7d7992-bc87-43e5-8445-0a0c1a18ff69 has been successfully formatted.
2024-12-14 12:25:59,855 WARN  statemachine.StateMachine (ArithmeticStateMachine.java:loadSnapshot(115)) - The snapshot info is null.
2024-12-14 12:25:59,855 INFO  server.RaftServerConfigKeys (ConfUtils.java:logGet(46)) - raft.server.log.use.memory = false (default)
2024-12-14 12:25:59,855 INFO  server.RaftServerConfigKeys (ConfUtils.java:logGet(46)) - raft.server.log.purge.gap = 1024 (default)
2024-12-14 12:25:59,855 INFO  server.RaftServerConfigKeys (ConfUtils.java:logGet(46)) - raft.server.log.appender.buffer.byte-limit = 4MB (=4194304) (default)
2024-12-14 12:25:59,855 INFO  server.RaftServerConfigKeys (ConfUtils.java:logGet(46)) - raft.server.log.statemachine.data.read.timeout = 1000ms (default)
2024-12-14 12:25:59,855 INFO  server.RaftServerConfigKeys (ConfUtils.java:logGet(46)) - raft.server.log.purge.preservation.log.num = 0 (default)
2024-12-14 12:25:59,855 INFO  server.RaftServerConfigKeys (ConfUtils.java:logGet(46)) - raft.server.log.segment.size.max = 32MB (=33554432) (default)
2024-12-14 12:25:59,855 INFO  server.RaftServerConfigKeys (ConfUtils.java:logGet(46)) - raft.server.log.segment.cache.num.max = 6 (default)
2024-12-14 12:25:59,855 INFO  server.RaftServerConfigKeys (ConfUtils.java:logGet(46)) - raft.server.log.segment.cache.size.max = 200MB (=209715200) (default)
2024-12-14 12:25:59,855 INFO  server.RaftServerConfigKeys (ConfUtils.java:logGet(46)) - raft.server.log.appender.buffer.byte-limit = 4MB (=4194304) (default)
2024-12-14 12:25:59,855 INFO  util.AwaitToRun (AwaitToRun.java:start(81)) - Thread[s5@group-0A0C1A18FF69-cacheEviction-AwaitToRun,5,main] started
2024-12-14 12:25:59,855 INFO  segmented.SegmentedRaftLogWorker (SegmentedRaftLogWorker.java:<init>(189)) - new s5@group-0A0C1A18FF69-SegmentedRaftLogWorker for RaftStorageImpl:Storage Directory /home/runner/work/ratis/ratis/ratis-examples/target/test/data/da5193cb/MiniRaftClusterWithNetty71855ece/s5/0b7d7992-bc87-43e5-8445-0a0c1a18ff69
2024-12-14 12:25:59,855 INFO  server.RaftServerConfigKeys (ConfUtils.java:logGet(46)) - raft.server.log.queue.byte-limit = 64MB (=67108864) (default)
2024-12-14 12:25:59,856 INFO  server.RaftServerConfigKeys (ConfUtils.java:logGet(46)) - raft.server.log.queue.element-limit = 4096 (default)
2024-12-14 12:25:59,856 INFO  server.RaftServerConfigKeys (ConfUtils.java:logGet(46)) - raft.server.log.segment.size.max = 32MB (=33554432) (default)
2024-12-14 12:25:59,856 INFO  server.RaftServerConfigKeys (ConfUtils.java:logGet(46)) - raft.server.log.preallocated.size = 4MB (=4194304) (default)
2024-12-14 12:25:59,856 INFO  server.RaftServerConfigKeys (ConfUtils.java:logGet(46)) - raft.server.log.force.sync.num = 128 (default)
2024-12-14 12:25:59,856 INFO  server.RaftServerConfigKeys (ConfUtils.java:logGet(46)) - raft.server.log.statemachine.data.sync = true (default)
2024-12-14 12:25:59,856 INFO  server.RaftServerConfigKeys (ConfUtils.java:logGet(46)) - raft.server.log.statemachine.data.sync.timeout = 10s (default)
2024-12-14 12:25:59,856 INFO  server.RaftServerConfigKeys (ConfUtils.java:logGet(46)) - raft.server.log.statemachine.data.sync.timeout.retry = -1 (default)
2024-12-14 12:25:59,856 INFO  server.RaftServerConfigKeys (ConfUtils.java:logGet(46)) - raft.server.log.write.buffer.size = 8MB (=8388608) (default)
2024-12-14 12:25:59,856 INFO  server.RaftServerConfigKeys (ConfUtils.java:logGet(46)) - raft.server.log.appender.buffer.byte-limit = 4MB (=4194304) (default)
2024-12-14 12:25:59,856 INFO  server.RaftServerConfigKeys (ConfUtils.java:logGet(46)) - raft.server.log.unsafe-flush.enabled = false (default)
2024-12-14 12:25:59,856 INFO  server.RaftServerConfigKeys (ConfUtils.java:logGet(46)) - raft.server.log.async-flush.enabled = false (default)
2024-12-14 12:25:59,856 INFO  server.RaftServerConfigKeys (ConfUtils.java:logGet(46)) - raft.server.log.statemachine.data.caching.enabled = false (default)
2024-12-14 12:25:59,857 INFO  segmented.SegmentedRaftLogWorker (SegmentedRaftLogWorker.java:lambda$new$0(140)) - s5@group-0A0C1A18FF69-SegmentedRaftLogWorker: flushIndex: setUnconditionally 0 -> -1
2024-12-14 12:25:59,857 INFO  segmented.SegmentedRaftLogWorker (SegmentedRaftLogWorker.java:lambda$new$0(140)) - s5@group-0A0C1A18FF69-SegmentedRaftLogWorker: safeCacheEvictIndex: setUnconditionally 0 -> -1
2024-12-14 12:25:59,857 INFO  server.RaftServer$Division (RaftServerImpl.java:start(398)) - s5@group-0A0C1A18FF69: start with initializing state, conf=conf: {index: -1, cur=peers:[]|listeners:[], old=null}
2024-12-14 12:25:59,857 INFO  server.RaftServer$Division (RaftServerImpl.java:setRole(379)) - s5@group-0A0C1A18FF69: changes role from      null to FOLLOWER at term 0 for start
2024-12-14 12:25:59,857 INFO  util.JmxRegister (JmxRegister.java:tryRegister(44)) - Successfully registered JMX Bean with object name Ratis:service=RaftServer,group=group-0A0C1A18FF69,id=s5
2024-12-14 12:25:59,857 INFO  util.JmxRegister (JmxRegister.java:register(58)) - register mxBean class org.apache.ratis.server.impl.RaftServerJmxAdapter as Ratis:service=RaftServer,group=group-0A0C1A18FF69,id=s5
2024-12-14 12:25:59,857 INFO  server.RaftServerConfigKeys (ConfUtils.java:logGet(46)) - raft.server.snapshot.trigger-when-stop.enabled = true (default)
2024-12-14 12:25:59,857 INFO  server.RaftServerConfigKeys (ConfUtils.java:logGet(46)) - raft.server.snapshot.trigger-when-remove.enabled = true (default)
2024-12-14 12:25:59,857 INFO  server.RaftServerConfigKeys (ConfUtils.java:logGet(46)) - raft.server.snapshot.auto.trigger.enabled = false (default)
2024-12-14 12:25:59,857 INFO  server.RaftServerConfigKeys (ConfUtils.java:logGet(46)) - raft.server.snapshot.retention.file.num = -1 (default)
2024-12-14 12:25:59,857 INFO  server.RaftServerConfigKeys (ConfUtils.java:logGet(46)) - raft.server.log.purge.upto.snapshot.index = false (default)
2024-12-14 12:25:59,857 INFO  server.RaftServer$Division (RaftServerImpl.java:start(406)) - s5@group-0A0C1A18FF69: Successfully started.
2024-12-14 12:25:59,857 INFO  server.RaftServer (RaftServerProxy.java:startImpl(408)) - s5: start RPC server
2024-12-14 12:25:59,858 INFO  logging.LoggingHandler (AbstractInternalLogger.java:log(148)) - [id: 0xb8bf086a] REGISTERED
2024-12-14 12:25:59,858 INFO  logging.LoggingHandler (AbstractInternalLogger.java:log(148)) - [id: 0xb8bf086a] BIND: 0.0.0.0/0.0.0.0:15020
2024-12-14 12:25:59,858 INFO  logging.LoggingHandler (AbstractInternalLogger.java:log(148)) - [id: 0xb8bf086a, L:/0.0.0.0:15020] ACTIVE
2024-12-14 12:25:59,858 INFO  server.RaftServerConfigKeys (ConfUtils.java:logGet(46)) - raft.server.storage.free-space.min = 0MB (=0) (default)
2024-12-14 12:25:59,858 INFO  server.RaftServerConfigKeys (ConfUtils.java:logGet(46)) - raft.server.log.corruption.policy = EXCEPTION (default)
2024-12-14 12:25:59,858 INFO  util.JvmPauseMonitor (JvmPauseMonitor.java:run(146)) - JvmPauseMonitor-s5: Started
2024-12-14 12:25:59,858 INFO  server.RaftServerConfigKeys (ConfUtils.java:logGet(46)) - raft.server.storage.dir = [/home/runner/work/ratis/ratis/ratis-examples/target/test/data/da5193cb/MiniRaftClusterWithNetty71855ece/s6] (custom)
2024-12-14 12:25:59,859 INFO  storage.RaftStorageDirectory (RaftStorageDirectoryImpl.java:analyzeStorage(138)) - The storage directory /home/runner/work/ratis/ratis/ratis-examples/target/test/data/da5193cb/MiniRaftClusterWithNetty71855ece/s6/0b7d7992-bc87-43e5-8445-0a0c1a18ff69 does not exist. Creating ...
2024-12-14 12:25:59,859 TRACE util.FileUtils (LogUtils.java:runAndLog(49)) - Successfully ran Files.createDirectories /home/runner/work/ratis/ratis/ratis-examples/target/test/data/da5193cb/MiniRaftClusterWithNetty71855ece/s6/0b7d7992-bc87-43e5-8445-0a0c1a18ff69
2024-12-14 12:25:59,860 INFO  storage.RaftStorageDirectory (RaftStorageDirectoryImpl.java:tryLock(229)) - Lock on /home/runner/work/ratis/ratis/ratis-examples/target/test/data/da5193cb/MiniRaftClusterWithNetty71855ece/s6/0b7d7992-bc87-43e5-8445-0a0c1a18ff69/in_use.lock acquired by nodename 14700@fv-az733-880
2024-12-14 12:25:59,860 TRACE util.FileUtils (LogUtils.java:runAndLog(49)) - Successfully ran Files.createDirectories /home/runner/work/ratis/ratis/ratis-examples/target/test/data/da5193cb/MiniRaftClusterWithNetty71855ece/s6/0b7d7992-bc87-43e5-8445-0a0c1a18ff69/current
2024-12-14 12:25:59,860 TRACE util.FileUtils (LogUtils.java:runAndLog(49)) - Successfully ran Files.createDirectories /home/runner/work/ratis/ratis/ratis-examples/target/test/data/da5193cb/MiniRaftClusterWithNetty71855ece/s6/0b7d7992-bc87-43e5-8445-0a0c1a18ff69/sm
2024-12-14 12:25:59,860 TRACE util.FileUtils (LogUtils.java:supplyAndLog(69)) - Successfully supplied FileChannel.open /home/runner/work/ratis/ratis/ratis-examples/target/test/data/da5193cb/MiniRaftClusterWithNetty71855ece/s6/0b7d7992-bc87-43e5-8445-0a0c1a18ff69/current/raft-meta.tmp with options [CREATE, WRITE]: sun.nio.ch.FileChannelImpl@34fea89e
2024-12-14 12:25:59,861 TRACE util.FileUtils (LogUtils.java:runAndLog(49)) - Successfully ran Atomic Files.move /home/runner/work/ratis/ratis/ratis-examples/target/test/data/da5193cb/MiniRaftClusterWithNetty71855ece/s6/0b7d7992-bc87-43e5-8445-0a0c1a18ff69/current/raft-meta.tmp to /home/runner/work/ratis/ratis/ratis-examples/target/test/data/da5193cb/MiniRaftClusterWithNetty71855ece/s6/0b7d7992-bc87-43e5-8445-0a0c1a18ff69/current/raft-meta with options [REPLACE_EXISTING]
2024-12-14 12:25:59,861 INFO  storage.RaftStorage (RaftStorageImpl.java:format(98)) - Storage directory /home/runner/work/ratis/ratis/ratis-examples/target/test/data/da5193cb/MiniRaftClusterWithNetty71855ece/s6/0b7d7992-bc87-43e5-8445-0a0c1a18ff69 has been successfully formatted.
2024-12-14 12:25:59,861 WARN  statemachine.StateMachine (ArithmeticStateMachine.java:loadSnapshot(115)) - The snapshot info is null.
2024-12-14 12:25:59,861 INFO  server.RaftServerConfigKeys (ConfUtils.java:logGet(46)) - raft.server.log.use.memory = false (default)
2024-12-14 12:25:59,861 INFO  server.RaftServerConfigKeys (ConfUtils.java:logGet(46)) - raft.server.log.purge.gap = 1024 (default)
2024-12-14 12:25:59,861 INFO  server.RaftServerConfigKeys (ConfUtils.java:logGet(46)) - raft.server.log.appender.buffer.byte-limit = 4MB (=4194304) (default)
2024-12-14 12:25:59,861 INFO  server.RaftServerConfigKeys (ConfUtils.java:logGet(46)) - raft.server.log.statemachine.data.read.timeout = 1000ms (default)
2024-12-14 12:25:59,861 INFO  server.RaftServerConfigKeys (ConfUtils.java:logGet(46)) - raft.server.log.purge.preservation.log.num = 0 (default)
2024-12-14 12:25:59,861 INFO  server.RaftServerConfigKeys (ConfUtils.java:logGet(46)) - raft.server.log.segment.size.max = 32MB (=33554432) (default)
2024-12-14 12:25:59,861 INFO  server.RaftServerConfigKeys (ConfUtils.java:logGet(46)) - raft.server.log.segment.cache.num.max = 6 (default)
2024-12-14 12:25:59,861 INFO  server.RaftServerConfigKeys (ConfUtils.java:logGet(46)) - raft.server.log.segment.cache.size.max = 200MB (=209715200) (default)
2024-12-14 12:25:59,862 INFO  server.RaftServerConfigKeys (ConfUtils.java:logGet(46)) - raft.server.log.appender.buffer.byte-limit = 4MB (=4194304) (default)
2024-12-14 12:25:59,862 INFO  util.AwaitToRun (AwaitToRun.java:start(81)) - Thread[s6@group-0A0C1A18FF69-cacheEviction-AwaitToRun,5,main] started
2024-12-14 12:25:59,862 INFO  segmented.SegmentedRaftLogWorker (SegmentedRaftLogWorker.java:<init>(189)) - new s6@group-0A0C1A18FF69-SegmentedRaftLogWorker for RaftStorageImpl:Storage Directory /home/runner/work/ratis/ratis/ratis-examples/target/test/data/da5193cb/MiniRaftClusterWithNetty71855ece/s6/0b7d7992-bc87-43e5-8445-0a0c1a18ff69
2024-12-14 12:25:59,862 INFO  server.RaftServerConfigKeys (ConfUtils.java:logGet(46)) - raft.server.log.queue.byte-limit = 64MB (=67108864) (default)
2024-12-14 12:25:59,862 INFO  server.RaftServerConfigKeys (ConfUtils.java:logGet(46)) - raft.server.log.queue.element-limit = 4096 (default)
2024-12-14 12:25:59,862 INFO  server.RaftServerConfigKeys (ConfUtils.java:logGet(46)) - raft.server.log.segment.size.max = 32MB (=33554432) (default)
2024-12-14 12:25:59,862 INFO  server.RaftServerConfigKeys (ConfUtils.java:logGet(46)) - raft.server.log.preallocated.size = 4MB (=4194304) (default)
2024-12-14 12:25:59,862 INFO  server.RaftServerConfigKeys (ConfUtils.java:logGet(46)) - raft.server.log.force.sync.num = 128 (default)
2024-12-14 12:25:59,862 INFO  server.RaftServerConfigKeys (ConfUtils.java:logGet(46)) - raft.server.log.statemachine.data.sync = true (default)
2024-12-14 12:25:59,862 INFO  server.RaftServerConfigKeys (ConfUtils.java:logGet(46)) - raft.server.log.statemachine.data.sync.timeout = 10s (default)
2024-12-14 12:25:59,862 INFO  server.RaftServerConfigKeys (ConfUtils.java:logGet(46)) - raft.server.log.statemachine.data.sync.timeout.retry = -1 (default)
2024-12-14 12:25:59,863 INFO  server.RaftServerConfigKeys (ConfUtils.java:logGet(46)) - raft.server.log.write.buffer.size = 8MB (=8388608) (default)
2024-12-14 12:25:59,863 INFO  server.RaftServerConfigKeys (ConfUtils.java:logGet(46)) - raft.server.log.appender.buffer.byte-limit = 4MB (=4194304) (default)
2024-12-14 12:25:59,863 INFO  server.RaftServerConfigKeys (ConfUtils.java:logGet(46)) - raft.server.log.unsafe-flush.enabled = false (default)
2024-12-14 12:25:59,863 INFO  server.RaftServerConfigKeys (ConfUtils.java:logGet(46)) - raft.server.log.async-flush.enabled = false (default)
2024-12-14 12:25:59,863 INFO  server.RaftServerConfigKeys (ConfUtils.java:logGet(46)) - raft.server.log.statemachine.data.caching.enabled = false (default)
2024-12-14 12:25:59,863 INFO  segmented.SegmentedRaftLogWorker (SegmentedRaftLogWorker.java:lambda$new$0(140)) - s6@group-0A0C1A18FF69-SegmentedRaftLogWorker: flushIndex: setUnconditionally 0 -> -1
2024-12-14 12:25:59,863 INFO  segmented.SegmentedRaftLogWorker (SegmentedRaftLogWorker.java:lambda$new$0(140)) - s6@group-0A0C1A18FF69-SegmentedRaftLogWorker: safeCacheEvictIndex: setUnconditionally 0 -> -1
2024-12-14 12:25:59,864 INFO  server.RaftServer$Division (RaftServerImpl.java:start(398)) - s6@group-0A0C1A18FF69: start with initializing state, conf=conf: {index: -1, cur=peers:[]|listeners:[], old=null}
2024-12-14 12:25:59,864 INFO  server.RaftServer$Division (RaftServerImpl.java:setRole(379)) - s6@group-0A0C1A18FF69: changes role from      null to FOLLOWER at term 0 for start
2024-12-14 12:25:59,864 INFO  util.JmxRegister (JmxRegister.java:tryRegister(44)) - Successfully registered JMX Bean with object name Ratis:service=RaftServer,group=group-0A0C1A18FF69,id=s6
2024-12-14 12:25:59,864 INFO  util.JmxRegister (JmxRegister.java:register(58)) - register mxBean class org.apache.ratis.server.impl.RaftServerJmxAdapter as Ratis:service=RaftServer,group=group-0A0C1A18FF69,id=s6
2024-12-14 12:25:59,864 INFO  server.RaftServerConfigKeys (ConfUtils.java:logGet(46)) - raft.server.snapshot.trigger-when-stop.enabled = true (default)
2024-12-14 12:25:59,864 INFO  server.RaftServerConfigKeys (ConfUtils.java:logGet(46)) - raft.server.snapshot.trigger-when-remove.enabled = true (default)
2024-12-14 12:25:59,864 INFO  server.RaftServerConfigKeys (ConfUtils.java:logGet(46)) - raft.server.snapshot.auto.trigger.enabled = false (default)
2024-12-14 12:25:59,864 INFO  server.RaftServerConfigKeys (ConfUtils.java:logGet(46)) - raft.server.snapshot.retention.file.num = -1 (default)
2024-12-14 12:25:59,864 INFO  server.RaftServerConfigKeys (ConfUtils.java:logGet(46)) - raft.server.log.purge.upto.snapshot.index = false (default)
2024-12-14 12:25:59,864 INFO  server.RaftServer$Division (RaftServerImpl.java:start(406)) - s6@group-0A0C1A18FF69: Successfully started.
2024-12-14 12:25:59,864 INFO  server.RaftServer (RaftServerProxy.java:startImpl(408)) - s6: start RPC server
2024-12-14 12:25:59,866 INFO  logging.LoggingHandler (AbstractInternalLogger.java:log(148)) - [id: 0xc03d2d0e] REGISTERED
2024-12-14 12:25:59,866 INFO  logging.LoggingHandler (AbstractInternalLogger.java:log(148)) - [id: 0xc03d2d0e] BIND: 0.0.0.0/0.0.0.0:15021
2024-12-14 12:25:59,866 INFO  logging.LoggingHandler (AbstractInternalLogger.java:log(148)) - [id: 0xc03d2d0e, L:/0.0.0.0:15021] ACTIVE
2024-12-14 12:25:59,869 INFO  server.RaftServerConfigKeys (ConfUtils.java:logGet(46)) - raft.server.storage.free-space.min = 0MB (=0) (default)
2024-12-14 12:25:59,869 INFO  util.JvmPauseMonitor (JvmPauseMonitor.java:run(146)) - JvmPauseMonitor-s6: Started
2024-12-14 12:25:59,869 INFO  server.RaftServerConfigKeys (ConfUtils.java:logGet(46)) - raft.server.log.corruption.policy = EXCEPTION (default)
2024-12-14 12:25:59,869 INFO  server.RaftServerConfigKeys (ConfUtils.java:logGet(46)) - raft.server.storage.dir = [/home/runner/work/ratis/ratis/ratis-examples/target/test/data/da5193cb/MiniRaftClusterWithNetty71855ece/s7] (custom)
2024-12-14 12:25:59,869 INFO  storage.RaftStorageDirectory (RaftStorageDirectoryImpl.java:analyzeStorage(138)) - The storage directory /home/runner/work/ratis/ratis/ratis-examples/target/test/data/da5193cb/MiniRaftClusterWithNetty71855ece/s7/0b7d7992-bc87-43e5-8445-0a0c1a18ff69 does not exist. Creating ...
2024-12-14 12:25:59,869 TRACE util.FileUtils (LogUtils.java:runAndLog(49)) - Successfully ran Files.createDirectories /home/runner/work/ratis/ratis/ratis-examples/target/test/data/da5193cb/MiniRaftClusterWithNetty71855ece/s7/0b7d7992-bc87-43e5-8445-0a0c1a18ff69
2024-12-14 12:25:59,870 INFO  storage.RaftStorageDirectory (RaftStorageDirectoryImpl.java:tryLock(229)) - Lock on /home/runner/work/ratis/ratis/ratis-examples/target/test/data/da5193cb/MiniRaftClusterWithNetty71855ece/s7/0b7d7992-bc87-43e5-8445-0a0c1a18ff69/in_use.lock acquired by nodename 14700@fv-az733-880
2024-12-14 12:25:59,871 TRACE util.FileUtils (LogUtils.java:runAndLog(49)) - Successfully ran Files.createDirectories /home/runner/work/ratis/ratis/ratis-examples/target/test/data/da5193cb/MiniRaftClusterWithNetty71855ece/s7/0b7d7992-bc87-43e5-8445-0a0c1a18ff69/current
2024-12-14 12:25:59,871 TRACE util.FileUtils (LogUtils.java:runAndLog(49)) - Successfully ran Files.createDirectories /home/runner/work/ratis/ratis/ratis-examples/target/test/data/da5193cb/MiniRaftClusterWithNetty71855ece/s7/0b7d7992-bc87-43e5-8445-0a0c1a18ff69/sm
2024-12-14 12:25:59,871 TRACE util.FileUtils (LogUtils.java:supplyAndLog(69)) - Successfully supplied FileChannel.open /home/runner/work/ratis/ratis/ratis-examples/target/test/data/da5193cb/MiniRaftClusterWithNetty71855ece/s7/0b7d7992-bc87-43e5-8445-0a0c1a18ff69/current/raft-meta.tmp with options [CREATE, WRITE]: sun.nio.ch.FileChannelImpl@16e15499
2024-12-14 12:25:59,871 TRACE util.FileUtils (LogUtils.java:runAndLog(49)) - Successfully ran Atomic Files.move /home/runner/work/ratis/ratis/ratis-examples/target/test/data/da5193cb/MiniRaftClusterWithNetty71855ece/s7/0b7d7992-bc87-43e5-8445-0a0c1a18ff69/current/raft-meta.tmp to /home/runner/work/ratis/ratis/ratis-examples/target/test/data/da5193cb/MiniRaftClusterWithNetty71855ece/s7/0b7d7992-bc87-43e5-8445-0a0c1a18ff69/current/raft-meta with options [REPLACE_EXISTING]
2024-12-14 12:25:59,872 INFO  storage.RaftStorage (RaftStorageImpl.java:format(98)) - Storage directory /home/runner/work/ratis/ratis/ratis-examples/target/test/data/da5193cb/MiniRaftClusterWithNetty71855ece/s7/0b7d7992-bc87-43e5-8445-0a0c1a18ff69 has been successfully formatted.
2024-12-14 12:25:59,872 WARN  statemachine.StateMachine (ArithmeticStateMachine.java:loadSnapshot(115)) - The snapshot info is null.
2024-12-14 12:25:59,872 INFO  server.RaftServerConfigKeys (ConfUtils.java:logGet(46)) - raft.server.log.use.memory = false (default)
2024-12-14 12:25:59,872 INFO  server.RaftServerConfigKeys (ConfUtils.java:logGet(46)) - raft.server.log.purge.gap = 1024 (default)
2024-12-14 12:25:59,872 INFO  server.RaftServerConfigKeys (ConfUtils.java:logGet(46)) - raft.server.log.appender.buffer.byte-limit = 4MB (=4194304) (default)
2024-12-14 12:25:59,872 INFO  server.RaftServerConfigKeys (ConfUtils.java:logGet(46)) - raft.server.log.statemachine.data.read.timeout = 1000ms (default)
2024-12-14 12:25:59,872 INFO  server.RaftServerConfigKeys (ConfUtils.java:logGet(46)) - raft.server.log.purge.preservation.log.num = 0 (default)
2024-12-14 12:25:59,872 INFO  server.RaftServerConfigKeys (ConfUtils.java:logGet(46)) - raft.server.log.segment.size.max = 32MB (=33554432) (default)
2024-12-14 12:25:59,872 INFO  server.RaftServerConfigKeys (ConfUtils.java:logGet(46)) - raft.server.log.segment.cache.num.max = 6 (default)
2024-12-14 12:25:59,872 INFO  server.RaftServerConfigKeys (ConfUtils.java:logGet(46)) - raft.server.log.segment.cache.size.max = 200MB (=209715200) (default)
2024-12-14 12:25:59,872 INFO  server.RaftServerConfigKeys (ConfUtils.java:logGet(46)) - raft.server.log.appender.buffer.byte-limit = 4MB (=4194304) (default)
2024-12-14 12:25:59,872 INFO  util.AwaitToRun (AwaitToRun.java:start(81)) - Thread[s7@group-0A0C1A18FF69-cacheEviction-AwaitToRun,5,main] started
2024-12-14 12:25:59,872 INFO  segmented.SegmentedRaftLogWorker (SegmentedRaftLogWorker.java:<init>(189)) - new s7@group-0A0C1A18FF69-SegmentedRaftLogWorker for RaftStorageImpl:Storage Directory /home/runner/work/ratis/ratis/ratis-examples/target/test/data/da5193cb/MiniRaftClusterWithNetty71855ece/s7/0b7d7992-bc87-43e5-8445-0a0c1a18ff69
2024-12-14 12:25:59,872 INFO  server.RaftServerConfigKeys (ConfUtils.java:logGet(46)) - raft.server.log.queue.byte-limit = 64MB (=67108864) (default)
2024-12-14 12:25:59,872 INFO  server.RaftServerConfigKeys (ConfUtils.java:logGet(46)) - raft.server.log.queue.element-limit = 4096 (default)
2024-12-14 12:25:59,872 INFO  server.RaftServerConfigKeys (ConfUtils.java:logGet(46)) - raft.server.log.segment.size.max = 32MB (=33554432) (default)
2024-12-14 12:25:59,873 INFO  server.RaftServerConfigKeys (ConfUtils.java:logGet(46)) - raft.server.log.preallocated.size = 4MB (=4194304) (default)
2024-12-14 12:25:59,873 INFO  server.RaftServerConfigKeys (ConfUtils.java:logGet(46)) - raft.server.log.force.sync.num = 128 (default)
2024-12-14 12:25:59,873 INFO  server.RaftServerConfigKeys (ConfUtils.java:logGet(46)) - raft.server.log.statemachine.data.sync = true (default)
2024-12-14 12:25:59,873 INFO  server.RaftServerConfigKeys (ConfUtils.java:logGet(46)) - raft.server.log.statemachine.data.sync.timeout = 10s (default)
2024-12-14 12:25:59,873 INFO  server.RaftServerConfigKeys (ConfUtils.java:logGet(46)) - raft.server.log.statemachine.data.sync.timeout.retry = -1 (default)
2024-12-14 12:25:59,873 INFO  server.RaftServerConfigKeys (ConfUtils.java:logGet(46)) - raft.server.log.write.buffer.size = 8MB (=8388608) (default)
2024-12-14 12:25:59,873 INFO  server.RaftServerConfigKeys (ConfUtils.java:logGet(46)) - raft.server.log.appender.buffer.byte-limit = 4MB (=4194304) (default)
2024-12-14 12:25:59,873 INFO  server.RaftServerConfigKeys (ConfUtils.java:logGet(46)) - raft.server.log.unsafe-flush.enabled = false (default)
2024-12-14 12:25:59,873 INFO  server.RaftServerConfigKeys (ConfUtils.java:logGet(46)) - raft.server.log.async-flush.enabled = false (default)
2024-12-14 12:25:59,873 INFO  server.RaftServerConfigKeys (ConfUtils.java:logGet(46)) - raft.server.log.statemachine.data.caching.enabled = false (default)
2024-12-14 12:25:59,874 INFO  segmented.SegmentedRaftLogWorker (SegmentedRaftLogWorker.java:lambda$new$0(140)) - s7@group-0A0C1A18FF69-SegmentedRaftLogWorker: flushIndex: setUnconditionally 0 -> -1
2024-12-14 12:25:59,874 INFO  segmented.SegmentedRaftLogWorker (SegmentedRaftLogWorker.java:lambda$new$0(140)) - s7@group-0A0C1A18FF69-SegmentedRaftLogWorker: safeCacheEvictIndex: setUnconditionally 0 -> -1
2024-12-14 12:25:59,874 INFO  server.RaftServer$Division (RaftServerImpl.java:start(398)) - s7@group-0A0C1A18FF69: start with initializing state, conf=conf: {index: -1, cur=peers:[]|listeners:[], old=null}
2024-12-14 12:25:59,874 INFO  server.RaftServer$Division (RaftServerImpl.java:setRole(379)) - s7@group-0A0C1A18FF69: changes role from      null to FOLLOWER at term 0 for start
2024-12-14 12:25:59,874 INFO  util.JmxRegister (JmxRegister.java:tryRegister(44)) - Successfully registered JMX Bean with object name Ratis:service=RaftServer,group=group-0A0C1A18FF69,id=s7
2024-12-14 12:25:59,874 INFO  util.JmxRegister (JmxRegister.java:register(58)) - register mxBean class org.apache.ratis.server.impl.RaftServerJmxAdapter as Ratis:service=RaftServer,group=group-0A0C1A18FF69,id=s7
2024-12-14 12:25:59,874 INFO  server.RaftServerConfigKeys (ConfUtils.java:logGet(46)) - raft.server.snapshot.trigger-when-stop.enabled = true (default)
2024-12-14 12:25:59,874 INFO  server.RaftServerConfigKeys (ConfUtils.java:logGet(46)) - raft.server.snapshot.trigger-when-remove.enabled = true (default)
2024-12-14 12:25:59,874 INFO  server.RaftServerConfigKeys (ConfUtils.java:logGet(46)) - raft.server.snapshot.auto.trigger.enabled = false (default)
2024-12-14 12:25:59,874 INFO  server.RaftServerConfigKeys (ConfUtils.java:logGet(46)) - raft.server.snapshot.retention.file.num = -1 (default)
2024-12-14 12:25:59,874 INFO  server.RaftServerConfigKeys (ConfUtils.java:logGet(46)) - raft.server.log.purge.upto.snapshot.index = false (default)
2024-12-14 12:25:59,874 INFO  server.RaftServer$Division (RaftServerImpl.java:start(406)) - s7@group-0A0C1A18FF69: Successfully started.
2024-12-14 12:25:59,874 INFO  server.RaftServer (RaftServerProxy.java:startImpl(408)) - s7: start RPC server
2024-12-14 12:25:59,875 INFO  logging.LoggingHandler (AbstractInternalLogger.java:log(148)) - [id: 0xef0cc7a9] REGISTERED
2024-12-14 12:25:59,876 INFO  logging.LoggingHandler (AbstractInternalLogger.java:log(148)) - [id: 0xef0cc7a9] BIND: 0.0.0.0/0.0.0.0:15022
2024-12-14 12:25:59,876 INFO  logging.LoggingHandler (AbstractInternalLogger.java:log(148)) - [id: 0xef0cc7a9, L:/0.0.0.0:15022] ACTIVE
2024-12-14 12:25:59,876 INFO  server.RaftServerConfigKeys (ConfUtils.java:logGet(46)) - raft.server.storage.free-space.min = 0MB (=0) (default)
2024-12-14 12:25:59,876 INFO  util.JvmPauseMonitor (JvmPauseMonitor.java:run(146)) - JvmPauseMonitor-s7: Started
2024-12-14 12:25:59,876 INFO  server.RaftServerConfigKeys (ConfUtils.java:logGet(46)) - raft.server.log.corruption.policy = EXCEPTION (default)
2024-12-14 12:25:59,876 INFO  server.RaftServerConfigKeys (ConfUtils.java:logGet(46)) - raft.server.storage.dir = [/home/runner/work/ratis/ratis/ratis-examples/target/test/data/da5193cb/MiniRaftClusterWithNetty71855ece/s8] (custom)
2024-12-14 12:25:59,876 INFO  storage.RaftStorageDirectory (RaftStorageDirectoryImpl.java:analyzeStorage(138)) - The storage directory /home/runner/work/ratis/ratis/ratis-examples/target/test/data/da5193cb/MiniRaftClusterWithNetty71855ece/s8/0b7d7992-bc87-43e5-8445-0a0c1a18ff69 does not exist. Creating ...
2024-12-14 12:25:59,877 TRACE util.FileUtils (LogUtils.java:runAndLog(49)) - Successfully ran Files.createDirectories /home/runner/work/ratis/ratis/ratis-examples/target/test/data/da5193cb/MiniRaftClusterWithNetty71855ece/s8/0b7d7992-bc87-43e5-8445-0a0c1a18ff69
2024-12-14 12:25:59,877 INFO  storage.RaftStorageDirectory (RaftStorageDirectoryImpl.java:tryLock(229)) - Lock on /home/runner/work/ratis/ratis/ratis-examples/target/test/data/da5193cb/MiniRaftClusterWithNetty71855ece/s8/0b7d7992-bc87-43e5-8445-0a0c1a18ff69/in_use.lock acquired by nodename 14700@fv-az733-880
2024-12-14 12:25:59,877 TRACE util.FileUtils (LogUtils.java:runAndLog(49)) - Successfully ran Files.createDirectories /home/runner/work/ratis/ratis/ratis-examples/target/test/data/da5193cb/MiniRaftClusterWithNetty71855ece/s8/0b7d7992-bc87-43e5-8445-0a0c1a18ff69/current
2024-12-14 12:25:59,877 TRACE util.FileUtils (LogUtils.java:runAndLog(49)) - Successfully ran Files.createDirectories /home/runner/work/ratis/ratis/ratis-examples/target/test/data/da5193cb/MiniRaftClusterWithNetty71855ece/s8/0b7d7992-bc87-43e5-8445-0a0c1a18ff69/sm
2024-12-14 12:25:59,878 TRACE util.FileUtils (LogUtils.java:supplyAndLog(69)) - Successfully supplied FileChannel.open /home/runner/work/ratis/ratis/ratis-examples/target/test/data/da5193cb/MiniRaftClusterWithNetty71855ece/s8/0b7d7992-bc87-43e5-8445-0a0c1a18ff69/current/raft-meta.tmp with options [CREATE, WRITE]: sun.nio.ch.FileChannelImpl@6d9b3e3b
2024-12-14 12:25:59,878 TRACE util.FileUtils (LogUtils.java:runAndLog(49)) - Successfully ran Atomic Files.move /home/runner/work/ratis/ratis/ratis-examples/target/test/data/da5193cb/MiniRaftClusterWithNetty71855ece/s8/0b7d7992-bc87-43e5-8445-0a0c1a18ff69/current/raft-meta.tmp to /home/runner/work/ratis/ratis/ratis-examples/target/test/data/da5193cb/MiniRaftClusterWithNetty71855ece/s8/0b7d7992-bc87-43e5-8445-0a0c1a18ff69/current/raft-meta with options [REPLACE_EXISTING]
2024-12-14 12:25:59,878 INFO  storage.RaftStorage (RaftStorageImpl.java:format(98)) - Storage directory /home/runner/work/ratis/ratis/ratis-examples/target/test/data/da5193cb/MiniRaftClusterWithNetty71855ece/s8/0b7d7992-bc87-43e5-8445-0a0c1a18ff69 has been successfully formatted.
2024-12-14 12:25:59,879 WARN  statemachine.StateMachine (ArithmeticStateMachine.java:loadSnapshot(115)) - The snapshot info is null.
2024-12-14 12:25:59,879 INFO  server.RaftServerConfigKeys (ConfUtils.java:logGet(46)) - raft.server.log.use.memory = false (default)
2024-12-14 12:25:59,879 INFO  server.RaftServerConfigKeys (ConfUtils.java:logGet(46)) - raft.server.log.purge.gap = 1024 (default)
2024-12-14 12:25:59,879 INFO  server.RaftServerConfigKeys (ConfUtils.java:logGet(46)) - raft.server.log.appender.buffer.byte-limit = 4MB (=4194304) (default)
2024-12-14 12:25:59,879 INFO  server.RaftServerConfigKeys (ConfUtils.java:logGet(46)) - raft.server.log.statemachine.data.read.timeout = 1000ms (default)
2024-12-14 12:25:59,879 INFO  server.RaftServerConfigKeys (ConfUtils.java:logGet(46)) - raft.server.log.purge.preservation.log.num = 0 (default)
2024-12-14 12:25:59,879 INFO  server.RaftServerConfigKeys (ConfUtils.java:logGet(46)) - raft.server.log.segment.size.max = 32MB (=33554432) (default)
2024-12-14 12:25:59,879 INFO  server.RaftServerConfigKeys (ConfUtils.java:logGet(46)) - raft.server.log.segment.cache.num.max = 6 (default)
2024-12-14 12:25:59,879 INFO  server.RaftServerConfigKeys (ConfUtils.java:logGet(46)) - raft.server.log.segment.cache.size.max = 200MB (=209715200) (default)
2024-12-14 12:25:59,879 INFO  server.RaftServerConfigKeys (ConfUtils.java:logGet(46)) - raft.server.log.appender.buffer.byte-limit = 4MB (=4194304) (default)
2024-12-14 12:25:59,879 INFO  util.AwaitToRun (AwaitToRun.java:start(81)) - Thread[s8@group-0A0C1A18FF69-cacheEviction-AwaitToRun,5,main] started
2024-12-14 12:25:59,880 INFO  segmented.SegmentedRaftLogWorker (SegmentedRaftLogWorker.java:<init>(189)) - new s8@group-0A0C1A18FF69-SegmentedRaftLogWorker for RaftStorageImpl:Storage Directory /home/runner/work/ratis/ratis/ratis-examples/target/test/data/da5193cb/MiniRaftClusterWithNetty71855ece/s8/0b7d7992-bc87-43e5-8445-0a0c1a18ff69
2024-12-14 12:25:59,880 INFO  server.RaftServerConfigKeys (ConfUtils.java:logGet(46)) - raft.server.log.queue.byte-limit = 64MB (=67108864) (default)
2024-12-14 12:25:59,880 INFO  server.RaftServerConfigKeys (ConfUtils.java:logGet(46)) - raft.server.log.queue.element-limit = 4096 (default)
2024-12-14 12:25:59,880 INFO  server.RaftServerConfigKeys (ConfUtils.java:logGet(46)) - raft.server.log.segment.size.max = 32MB (=33554432) (default)
2024-12-14 12:25:59,880 INFO  server.RaftServerConfigKeys (ConfUtils.java:logGet(46)) - raft.server.log.preallocated.size = 4MB (=4194304) (default)
2024-12-14 12:25:59,880 INFO  server.RaftServerConfigKeys (ConfUtils.java:logGet(46)) - raft.server.log.force.sync.num = 128 (default)
2024-12-14 12:25:59,880 INFO  server.RaftServerConfigKeys (ConfUtils.java:logGet(46)) - raft.server.log.statemachine.data.sync = true (default)
2024-12-14 12:25:59,880 INFO  server.RaftServerConfigKeys (ConfUtils.java:logGet(46)) - raft.server.log.statemachine.data.sync.timeout = 10s (default)
2024-12-14 12:25:59,880 INFO  server.RaftServerConfigKeys (ConfUtils.java:logGet(46)) - raft.server.log.statemachine.data.sync.timeout.retry = -1 (default)
2024-12-14 12:25:59,880 INFO  server.RaftServerConfigKeys (ConfUtils.java:logGet(46)) - raft.server.log.write.buffer.size = 8MB (=8388608) (default)
2024-12-14 12:25:59,880 INFO  server.RaftServerConfigKeys (ConfUtils.java:logGet(46)) - raft.server.log.appender.buffer.byte-limit = 4MB (=4194304) (default)
2024-12-14 12:25:59,880 INFO  server.RaftServerConfigKeys (ConfUtils.java:logGet(46)) - raft.server.log.unsafe-flush.enabled = false (default)
2024-12-14 12:25:59,880 INFO  server.RaftServerConfigKeys (ConfUtils.java:logGet(46)) - raft.server.log.async-flush.enabled = false (default)
2024-12-14 12:25:59,880 INFO  server.RaftServerConfigKeys (ConfUtils.java:logGet(46)) - raft.server.log.statemachine.data.caching.enabled = false (default)
2024-12-14 12:25:59,880 INFO  segmented.SegmentedRaftLogWorker (SegmentedRaftLogWorker.java:lambda$new$0(140)) - s8@group-0A0C1A18FF69-SegmentedRaftLogWorker: flushIndex: setUnconditionally 0 -> -1
2024-12-14 12:25:59,881 INFO  segmented.SegmentedRaftLogWorker (SegmentedRaftLogWorker.java:lambda$new$0(140)) - s8@group-0A0C1A18FF69-SegmentedRaftLogWorker: safeCacheEvictIndex: setUnconditionally 0 -> -1
2024-12-14 12:25:59,881 INFO  server.RaftServer$Division (RaftServerImpl.java:start(398)) - s8@group-0A0C1A18FF69: start with initializing state, conf=conf: {index: -1, cur=peers:[]|listeners:[], old=null}
2024-12-14 12:25:59,881 INFO  server.RaftServer$Division (RaftServerImpl.java:setRole(379)) - s8@group-0A0C1A18FF69: changes role from      null to FOLLOWER at term 0 for start
2024-12-14 12:25:59,881 INFO  util.JmxRegister (JmxRegister.java:tryRegister(44)) - Successfully registered JMX Bean with object name Ratis:service=RaftServer,group=group-0A0C1A18FF69,id=s8
2024-12-14 12:25:59,881 INFO  util.JmxRegister (JmxRegister.java:register(58)) - register mxBean class org.apache.ratis.server.impl.RaftServerJmxAdapter as Ratis:service=RaftServer,group=group-0A0C1A18FF69,id=s8
2024-12-14 12:25:59,881 INFO  server.RaftServerConfigKeys (ConfUtils.java:logGet(46)) - raft.server.snapshot.trigger-when-stop.enabled = true (default)
2024-12-14 12:25:59,881 INFO  server.RaftServerConfigKeys (ConfUtils.java:logGet(46)) - raft.server.snapshot.trigger-when-remove.enabled = true (default)
2024-12-14 12:25:59,881 INFO  server.RaftServerConfigKeys (ConfUtils.java:logGet(46)) - raft.server.snapshot.auto.trigger.enabled = false (default)
2024-12-14 12:25:59,881 INFO  server.RaftServerConfigKeys (ConfUtils.java:logGet(46)) - raft.server.snapshot.retention.file.num = -1 (default)
2024-12-14 12:25:59,881 INFO  server.RaftServerConfigKeys (ConfUtils.java:logGet(46)) - raft.server.log.purge.upto.snapshot.index = false (default)
2024-12-14 12:25:59,881 INFO  server.RaftServer$Division (RaftServerImpl.java:start(406)) - s8@group-0A0C1A18FF69: Successfully started.
2024-12-14 12:25:59,881 INFO  server.RaftServer (RaftServerProxy.java:startImpl(408)) - s8: start RPC server
2024-12-14 12:25:59,882 INFO  logging.LoggingHandler (AbstractInternalLogger.java:log(148)) - [id: 0x75a19822] REGISTERED
2024-12-14 12:25:59,882 INFO  logging.LoggingHandler (AbstractInternalLogger.java:log(148)) - [id: 0x75a19822] BIND: 0.0.0.0/0.0.0.0:15023
2024-12-14 12:25:59,882 INFO  logging.LoggingHandler (AbstractInternalLogger.java:log(148)) - [id: 0x75a19822, L:/0.0.0.0:15023] ACTIVE
2024-12-14 12:25:59,882 INFO  util.JvmPauseMonitor (JvmPauseMonitor.java:run(146)) - JvmPauseMonitor-s8: Started
2024-12-14 12:25:59,886 INFO  server.RaftServerConfigKeys (ConfUtils.java:logGet(46)) - raft.server.storage.free-space.min = 0MB (=0) (default)
2024-12-14 12:25:59,886 INFO  server.RaftServerConfigKeys (ConfUtils.java:logGet(46)) - raft.server.log.corruption.policy = EXCEPTION (default)
2024-12-14 12:25:59,887 INFO  server.RaftServerConfigKeys (ConfUtils.java:logGet(46)) - raft.server.storage.dir = [/home/runner/work/ratis/ratis/ratis-examples/target/test/data/da5193cb/MiniRaftClusterWithNetty71855ece/s9] (custom)
2024-12-14 12:25:59,887 INFO  storage.RaftStorageDirectory (RaftStorageDirectoryImpl.java:analyzeStorage(138)) - The storage directory /home/runner/work/ratis/ratis/ratis-examples/target/test/data/da5193cb/MiniRaftClusterWithNetty71855ece/s9/0b7d7992-bc87-43e5-8445-0a0c1a18ff69 does not exist. Creating ...
2024-12-14 12:25:59,887 TRACE util.FileUtils (LogUtils.java:runAndLog(49)) - Successfully ran Files.createDirectories /home/runner/work/ratis/ratis/ratis-examples/target/test/data/da5193cb/MiniRaftClusterWithNetty71855ece/s9/0b7d7992-bc87-43e5-8445-0a0c1a18ff69
2024-12-14 12:25:59,888 INFO  storage.RaftStorageDirectory (RaftStorageDirectoryImpl.java:tryLock(229)) - Lock on /home/runner/work/ratis/ratis/ratis-examples/target/test/data/da5193cb/MiniRaftClusterWithNetty71855ece/s9/0b7d7992-bc87-43e5-8445-0a0c1a18ff69/in_use.lock acquired by nodename 14700@fv-az733-880
2024-12-14 12:25:59,888 TRACE util.FileUtils (LogUtils.java:runAndLog(49)) - Successfully ran Files.createDirectories /home/runner/work/ratis/ratis/ratis-examples/target/test/data/da5193cb/MiniRaftClusterWithNetty71855ece/s9/0b7d7992-bc87-43e5-8445-0a0c1a18ff69/current
2024-12-14 12:25:59,888 TRACE util.FileUtils (LogUtils.java:runAndLog(49)) - Successfully ran Files.createDirectories /home/runner/work/ratis/ratis/ratis-examples/target/test/data/da5193cb/MiniRaftClusterWithNetty71855ece/s9/0b7d7992-bc87-43e5-8445-0a0c1a18ff69/sm
2024-12-14 12:25:59,888 TRACE util.FileUtils (LogUtils.java:supplyAndLog(69)) - Successfully supplied FileChannel.open /home/runner/work/ratis/ratis/ratis-examples/target/test/data/da5193cb/MiniRaftClusterWithNetty71855ece/s9/0b7d7992-bc87-43e5-8445-0a0c1a18ff69/current/raft-meta.tmp with options [CREATE, WRITE]: sun.nio.ch.FileChannelImpl@1c20aa93
2024-12-14 12:25:59,889 TRACE util.FileUtils (LogUtils.java:runAndLog(49)) - Successfully ran Atomic Files.move /home/runner/work/ratis/ratis/ratis-examples/target/test/data/da5193cb/MiniRaftClusterWithNetty71855ece/s9/0b7d7992-bc87-43e5-8445-0a0c1a18ff69/current/raft-meta.tmp to /home/runner/work/ratis/ratis/ratis-examples/target/test/data/da5193cb/MiniRaftClusterWithNetty71855ece/s9/0b7d7992-bc87-43e5-8445-0a0c1a18ff69/current/raft-meta with options [REPLACE_EXISTING]
2024-12-14 12:25:59,889 INFO  storage.RaftStorage (RaftStorageImpl.java:format(98)) - Storage directory /home/runner/work/ratis/ratis/ratis-examples/target/test/data/da5193cb/MiniRaftClusterWithNetty71855ece/s9/0b7d7992-bc87-43e5-8445-0a0c1a18ff69 has been successfully formatted.
2024-12-14 12:25:59,889 WARN  statemachine.StateMachine (ArithmeticStateMachine.java:loadSnapshot(115)) - The snapshot info is null.
2024-12-14 12:25:59,889 INFO  server.RaftServerConfigKeys (ConfUtils.java:logGet(46)) - raft.server.log.use.memory = false (default)
2024-12-14 12:25:59,889 INFO  server.RaftServerConfigKeys (ConfUtils.java:logGet(46)) - raft.server.log.purge.gap = 1024 (default)
2024-12-14 12:25:59,889 INFO  server.RaftServerConfigKeys (ConfUtils.java:logGet(46)) - raft.server.log.appender.buffer.byte-limit = 4MB (=4194304) (default)
2024-12-14 12:25:59,889 INFO  server.RaftServerConfigKeys (ConfUtils.java:logGet(46)) - raft.server.log.statemachine.data.read.timeout = 1000ms (default)
2024-12-14 12:25:59,889 INFO  server.RaftServerConfigKeys (ConfUtils.java:logGet(46)) - raft.server.log.purge.preservation.log.num = 0 (default)
2024-12-14 12:25:59,889 INFO  server.RaftServerConfigKeys (ConfUtils.java:logGet(46)) - raft.server.log.segment.size.max = 32MB (=33554432) (default)
2024-12-14 12:25:59,890 INFO  server.RaftServerConfigKeys (ConfUtils.java:logGet(46)) - raft.server.log.segment.cache.num.max = 6 (default)
2024-12-14 12:25:59,890 INFO  server.RaftServerConfigKeys (ConfUtils.java:logGet(46)) - raft.server.log.segment.cache.size.max = 200MB (=209715200) (default)
2024-12-14 12:25:59,890 INFO  server.RaftServerConfigKeys (ConfUtils.java:logGet(46)) - raft.server.log.appender.buffer.byte-limit = 4MB (=4194304) (default)
2024-12-14 12:25:59,890 INFO  util.AwaitToRun (AwaitToRun.java:start(81)) - Thread[s9@group-0A0C1A18FF69-cacheEviction-AwaitToRun,5,main] started
2024-12-14 12:25:59,890 INFO  segmented.SegmentedRaftLogWorker (SegmentedRaftLogWorker.java:<init>(189)) - new s9@group-0A0C1A18FF69-SegmentedRaftLogWorker for RaftStorageImpl:Storage Directory /home/runner/work/ratis/ratis/ratis-examples/target/test/data/da5193cb/MiniRaftClusterWithNetty71855ece/s9/0b7d7992-bc87-43e5-8445-0a0c1a18ff69
2024-12-14 12:25:59,890 INFO  server.RaftServerConfigKeys (ConfUtils.java:logGet(46)) - raft.server.log.queue.byte-limit = 64MB (=67108864) (default)
2024-12-14 12:25:59,890 INFO  server.RaftServerConfigKeys (ConfUtils.java:logGet(46)) - raft.server.log.queue.element-limit = 4096 (default)
2024-12-14 12:25:59,890 INFO  server.RaftServerConfigKeys (ConfUtils.java:logGet(46)) - raft.server.log.segment.size.max = 32MB (=33554432) (default)
2024-12-14 12:25:59,890 INFO  server.RaftServerConfigKeys (ConfUtils.java:logGet(46)) - raft.server.log.preallocated.size = 4MB (=4194304) (default)
2024-12-14 12:25:59,890 INFO  server.RaftServerConfigKeys (ConfUtils.java:logGet(46)) - raft.server.log.force.sync.num = 128 (default)
2024-12-14 12:25:59,890 INFO  server.RaftServerConfigKeys (ConfUtils.java:logGet(46)) - raft.server.log.statemachine.data.sync = true (default)
2024-12-14 12:25:59,890 INFO  server.RaftServerConfigKeys (ConfUtils.java:logGet(46)) - raft.server.log.statemachine.data.sync.timeout = 10s (default)
2024-12-14 12:25:59,890 INFO  server.RaftServerConfigKeys (ConfUtils.java:logGet(46)) - raft.server.log.statemachine.data.sync.timeout.retry = -1 (default)
2024-12-14 12:25:59,890 INFO  server.RaftServerConfigKeys (ConfUtils.java:logGet(46)) - raft.server.log.write.buffer.size = 8MB (=8388608) (default)
2024-12-14 12:25:59,891 INFO  server.RaftServerConfigKeys (ConfUtils.java:logGet(46)) - raft.server.log.appender.buffer.byte-limit = 4MB (=4194304) (default)
2024-12-14 12:25:59,891 INFO  server.RaftServerConfigKeys (ConfUtils.java:logGet(46)) - raft.server.log.unsafe-flush.enabled = false (default)
2024-12-14 12:25:59,891 INFO  server.RaftServerConfigKeys (ConfUtils.java:logGet(46)) - raft.server.log.async-flush.enabled = false (default)
2024-12-14 12:25:59,891 INFO  server.RaftServerConfigKeys (ConfUtils.java:logGet(46)) - raft.server.log.statemachine.data.caching.enabled = false (default)
2024-12-14 12:25:59,891 INFO  segmented.SegmentedRaftLogWorker (SegmentedRaftLogWorker.java:lambda$new$0(140)) - s9@group-0A0C1A18FF69-SegmentedRaftLogWorker: flushIndex: setUnconditionally 0 -> -1
2024-12-14 12:25:59,891 INFO  segmented.SegmentedRaftLogWorker (SegmentedRaftLogWorker.java:lambda$new$0(140)) - s9@group-0A0C1A18FF69-SegmentedRaftLogWorker: safeCacheEvictIndex: setUnconditionally 0 -> -1
2024-12-14 12:25:59,891 INFO  server.RaftServer$Division (RaftServerImpl.java:start(398)) - s9@group-0A0C1A18FF69: start with initializing state, conf=conf: {index: -1, cur=peers:[]|listeners:[], old=null}
2024-12-14 12:25:59,891 INFO  server.RaftServer$Division (RaftServerImpl.java:setRole(379)) - s9@group-0A0C1A18FF69: changes role from      null to FOLLOWER at term 0 for start
2024-12-14 12:25:59,891 INFO  util.JmxRegister (JmxRegister.java:tryRegister(44)) - Successfully registered JMX Bean with object name Ratis:service=RaftServer,group=group-0A0C1A18FF69,id=s9
2024-12-14 12:25:59,891 INFO  util.JmxRegister (JmxRegister.java:register(58)) - register mxBean class org.apache.ratis.server.impl.RaftServerJmxAdapter as Ratis:service=RaftServer,group=group-0A0C1A18FF69,id=s9
2024-12-14 12:25:59,891 INFO  server.RaftServerConfigKeys (ConfUtils.java:logGet(46)) - raft.server.snapshot.trigger-when-stop.enabled = true (default)
2024-12-14 12:25:59,891 INFO  server.RaftServerConfigKeys (ConfUtils.java:logGet(46)) - raft.server.snapshot.trigger-when-remove.enabled = true (default)
2024-12-14 12:25:59,891 INFO  server.RaftServerConfigKeys (ConfUtils.java:logGet(46)) - raft.server.snapshot.auto.trigger.enabled = false (default)
2024-12-14 12:25:59,891 INFO  server.RaftServerConfigKeys (ConfUtils.java:logGet(46)) - raft.server.snapshot.retention.file.num = -1 (default)
2024-12-14 12:25:59,891 INFO  server.RaftServerConfigKeys (ConfUtils.java:logGet(46)) - raft.server.log.purge.upto.snapshot.index = false (default)
2024-12-14 12:25:59,892 INFO  server.RaftServer$Division (RaftServerImpl.java:start(406)) - s9@group-0A0C1A18FF69: Successfully started.
2024-12-14 12:25:59,892 INFO  server.RaftServer (RaftServerProxy.java:startImpl(408)) - s9: start RPC server
2024-12-14 12:25:59,892 INFO  logging.LoggingHandler (AbstractInternalLogger.java:log(148)) - [id: 0x8195817e] REGISTERED
2024-12-14 12:25:59,892 INFO  logging.LoggingHandler (AbstractInternalLogger.java:log(148)) - [id: 0x8195817e] BIND: 0.0.0.0/0.0.0.0:15024
2024-12-14 12:25:59,893 INFO  logging.LoggingHandler (AbstractInternalLogger.java:log(148)) - [id: 0x8195817e, L:/0.0.0.0:15024] ACTIVE
2024-12-14 12:25:59,893 INFO  server.RaftServerConfigKeys (ConfUtils.java:logGet(46)) - raft.server.storage.free-space.min = 0MB (=0) (default)
2024-12-14 12:25:59,893 INFO  util.JvmPauseMonitor (JvmPauseMonitor.java:run(146)) - JvmPauseMonitor-s9: Started
2024-12-14 12:25:59,894 INFO  server.RaftServerConfigKeys (ConfUtils.java:logGet(46)) - raft.server.log.corruption.policy = EXCEPTION (default)
2024-12-14 12:25:59,894 INFO  server.RaftServerConfigKeys (ConfUtils.java:logGet(46)) - raft.server.storage.dir = [/home/runner/work/ratis/ratis/ratis-examples/target/test/data/da5193cb/MiniRaftClusterWithNetty71855ece/s11] (custom)
2024-12-14 12:25:59,894 INFO  storage.RaftStorageDirectory (RaftStorageDirectoryImpl.java:analyzeStorage(138)) - The storage directory /home/runner/work/ratis/ratis/ratis-examples/target/test/data/da5193cb/MiniRaftClusterWithNetty71855ece/s11/0b7d7992-bc87-43e5-8445-0a0c1a18ff69 does not exist. Creating ...
2024-12-14 12:25:59,894 TRACE util.FileUtils (LogUtils.java:runAndLog(49)) - Successfully ran Files.createDirectories /home/runner/work/ratis/ratis/ratis-examples/target/test/data/da5193cb/MiniRaftClusterWithNetty71855ece/s11/0b7d7992-bc87-43e5-8445-0a0c1a18ff69
2024-12-14 12:25:59,895 INFO  storage.RaftStorageDirectory (RaftStorageDirectoryImpl.java:tryLock(229)) - Lock on /home/runner/work/ratis/ratis/ratis-examples/target/test/data/da5193cb/MiniRaftClusterWithNetty71855ece/s11/0b7d7992-bc87-43e5-8445-0a0c1a18ff69/in_use.lock acquired by nodename 14700@fv-az733-880
2024-12-14 12:25:59,895 TRACE util.FileUtils (LogUtils.java:runAndLog(49)) - Successfully ran Files.createDirectories /home/runner/work/ratis/ratis/ratis-examples/target/test/data/da5193cb/MiniRaftClusterWithNetty71855ece/s11/0b7d7992-bc87-43e5-8445-0a0c1a18ff69/current
2024-12-14 12:25:59,895 TRACE util.FileUtils (LogUtils.java:runAndLog(49)) - Successfully ran Files.createDirectories /home/runner/work/ratis/ratis/ratis-examples/target/test/data/da5193cb/MiniRaftClusterWithNetty71855ece/s11/0b7d7992-bc87-43e5-8445-0a0c1a18ff69/sm
2024-12-14 12:25:59,895 TRACE util.FileUtils (LogUtils.java:supplyAndLog(69)) - Successfully supplied FileChannel.open /home/runner/work/ratis/ratis/ratis-examples/target/test/data/da5193cb/MiniRaftClusterWithNetty71855ece/s11/0b7d7992-bc87-43e5-8445-0a0c1a18ff69/current/raft-meta.tmp with options [CREATE, WRITE]: sun.nio.ch.FileChannelImpl@71d27d32
2024-12-14 12:25:59,896 TRACE util.FileUtils (LogUtils.java:runAndLog(49)) - Successfully ran Atomic Files.move /home/runner/work/ratis/ratis/ratis-examples/target/test/data/da5193cb/MiniRaftClusterWithNetty71855ece/s11/0b7d7992-bc87-43e5-8445-0a0c1a18ff69/current/raft-meta.tmp to /home/runner/work/ratis/ratis/ratis-examples/target/test/data/da5193cb/MiniRaftClusterWithNetty71855ece/s11/0b7d7992-bc87-43e5-8445-0a0c1a18ff69/current/raft-meta with options [REPLACE_EXISTING]
2024-12-14 12:25:59,896 INFO  storage.RaftStorage (RaftStorageImpl.java:format(98)) - Storage directory /home/runner/work/ratis/ratis/ratis-examples/target/test/data/da5193cb/MiniRaftClusterWithNetty71855ece/s11/0b7d7992-bc87-43e5-8445-0a0c1a18ff69 has been successfully formatted.
2024-12-14 12:25:59,896 WARN  statemachine.StateMachine (ArithmeticStateMachine.java:loadSnapshot(115)) - The snapshot info is null.
2024-12-14 12:25:59,896 INFO  server.RaftServerConfigKeys (ConfUtils.java:logGet(46)) - raft.server.log.use.memory = false (default)
2024-12-14 12:25:59,896 INFO  server.RaftServerConfigKeys (ConfUtils.java:logGet(46)) - raft.server.log.purge.gap = 1024 (default)
2024-12-14 12:25:59,896 INFO  server.RaftServerConfigKeys (ConfUtils.java:logGet(46)) - raft.server.log.appender.buffer.byte-limit = 4MB (=4194304) (default)
2024-12-14 12:25:59,896 INFO  server.RaftServerConfigKeys (ConfUtils.java:logGet(46)) - raft.server.log.statemachine.data.read.timeout = 1000ms (default)
2024-12-14 12:25:59,896 INFO  server.RaftServerConfigKeys (ConfUtils.java:logGet(46)) - raft.server.log.purge.preservation.log.num = 0 (default)
2024-12-14 12:25:59,897 INFO  server.RaftServerConfigKeys (ConfUtils.java:logGet(46)) - raft.server.log.segment.size.max = 32MB (=33554432) (default)
2024-12-14 12:25:59,897 INFO  server.RaftServerConfigKeys (ConfUtils.java:logGet(46)) - raft.server.log.segment.cache.num.max = 6 (default)
2024-12-14 12:25:59,897 INFO  server.RaftServerConfigKeys (ConfUtils.java:logGet(46)) - raft.server.log.segment.cache.size.max = 200MB (=209715200) (default)
2024-12-14 12:25:59,897 INFO  server.RaftServerConfigKeys (ConfUtils.java:logGet(46)) - raft.server.log.appender.buffer.byte-limit = 4MB (=4194304) (default)
2024-12-14 12:25:59,897 INFO  util.AwaitToRun (AwaitToRun.java:start(81)) - Thread[s11@group-0A0C1A18FF69-cacheEviction-AwaitToRun,5,main] started
2024-12-14 12:25:59,897 INFO  segmented.SegmentedRaftLogWorker (SegmentedRaftLogWorker.java:<init>(189)) - new s11@group-0A0C1A18FF69-SegmentedRaftLogWorker for RaftStorageImpl:Storage Directory /home/runner/work/ratis/ratis/ratis-examples/target/test/data/da5193cb/MiniRaftClusterWithNetty71855ece/s11/0b7d7992-bc87-43e5-8445-0a0c1a18ff69
2024-12-14 12:25:59,897 INFO  server.RaftServerConfigKeys (ConfUtils.java:logGet(46)) - raft.server.log.queue.byte-limit = 64MB (=67108864) (default)
2024-12-14 12:25:59,897 INFO  server.RaftServerConfigKeys (ConfUtils.java:logGet(46)) - raft.server.log.queue.element-limit = 4096 (default)
2024-12-14 12:25:59,897 INFO  server.RaftServerConfigKeys (ConfUtils.java:logGet(46)) - raft.server.log.segment.size.max = 32MB (=33554432) (default)
2024-12-14 12:25:59,897 INFO  server.RaftServerConfigKeys (ConfUtils.java:logGet(46)) - raft.server.log.preallocated.size = 4MB (=4194304) (default)
2024-12-14 12:25:59,897 INFO  server.RaftServerConfigKeys (ConfUtils.java:logGet(46)) - raft.server.log.force.sync.num = 128 (default)
2024-12-14 12:25:59,897 INFO  server.RaftServerConfigKeys (ConfUtils.java:logGet(46)) - raft.server.log.statemachine.data.sync = true (default)
2024-12-14 12:25:59,897 INFO  server.RaftServerConfigKeys (ConfUtils.java:logGet(46)) - raft.server.log.statemachine.data.sync.timeout = 10s (default)
2024-12-14 12:25:59,897 INFO  server.RaftServerConfigKeys (ConfUtils.java:logGet(46)) - raft.server.log.statemachine.data.sync.timeout.retry = -1 (default)
2024-12-14 12:25:59,897 INFO  server.RaftServerConfigKeys (ConfUtils.java:logGet(46)) - raft.server.log.write.buffer.size = 8MB (=8388608) (default)
2024-12-14 12:25:59,899 INFO  server.RaftServerConfigKeys (ConfUtils.java:logGet(46)) - raft.server.log.appender.buffer.byte-limit = 4MB (=4194304) (default)
2024-12-14 12:25:59,899 INFO  server.RaftServerConfigKeys (ConfUtils.java:logGet(46)) - raft.server.log.unsafe-flush.enabled = false (default)
2024-12-14 12:25:59,899 INFO  server.RaftServerConfigKeys (ConfUtils.java:logGet(46)) - raft.server.log.async-flush.enabled = false (default)
2024-12-14 12:25:59,899 INFO  server.RaftServerConfigKeys (ConfUtils.java:logGet(46)) - raft.server.log.statemachine.data.caching.enabled = false (default)
2024-12-14 12:25:59,899 INFO  segmented.SegmentedRaftLogWorker (SegmentedRaftLogWorker.java:lambda$new$0(140)) - s11@group-0A0C1A18FF69-SegmentedRaftLogWorker: flushIndex: setUnconditionally 0 -> -1
2024-12-14 12:25:59,899 INFO  segmented.SegmentedRaftLogWorker (SegmentedRaftLogWorker.java:lambda$new$0(140)) - s11@group-0A0C1A18FF69-SegmentedRaftLogWorker: safeCacheEvictIndex: setUnconditionally 0 -> -1
2024-12-14 12:25:59,899 INFO  server.RaftServer$Division (RaftServerImpl.java:start(398)) - s11@group-0A0C1A18FF69: start with initializing state, conf=conf: {index: -1, cur=peers:[]|listeners:[], old=null}
2024-12-14 12:25:59,899 INFO  server.RaftServer$Division (RaftServerImpl.java:setRole(379)) - s11@group-0A0C1A18FF69: changes role from      null to FOLLOWER at term 0 for start
2024-12-14 12:25:59,899 INFO  util.JmxRegister (JmxRegister.java:tryRegister(44)) - Successfully registered JMX Bean with object name Ratis:service=RaftServer,group=group-0A0C1A18FF69,id=s11
2024-12-14 12:25:59,899 INFO  util.JmxRegister (JmxRegister.java:register(58)) - register mxBean class org.apache.ratis.server.impl.RaftServerJmxAdapter as Ratis:service=RaftServer,group=group-0A0C1A18FF69,id=s11
2024-12-14 12:25:59,899 INFO  server.RaftServerConfigKeys (ConfUtils.java:logGet(46)) - raft.server.snapshot.trigger-when-stop.enabled = true (default)
2024-12-14 12:25:59,899 INFO  server.RaftServerConfigKeys (ConfUtils.java:logGet(46)) - raft.server.snapshot.trigger-when-remove.enabled = true (default)
2024-12-14 12:25:59,899 INFO  server.RaftServerConfigKeys (ConfUtils.java:logGet(46)) - raft.server.snapshot.auto.trigger.enabled = false (default)
2024-12-14 12:25:59,899 INFO  server.RaftServerConfigKeys (ConfUtils.java:logGet(46)) - raft.server.snapshot.retention.file.num = -1 (default)
2024-12-14 12:25:59,899 INFO  server.RaftServerConfigKeys (ConfUtils.java:logGet(46)) - raft.server.log.purge.upto.snapshot.index = false (default)
2024-12-14 12:25:59,900 INFO  server.RaftServer$Division (RaftServerImpl.java:start(406)) - s11@group-0A0C1A18FF69: Successfully started.
2024-12-14 12:25:59,900 INFO  server.RaftServer (RaftServerProxy.java:startImpl(408)) - s11: start RPC server
2024-12-14 12:25:59,901 INFO  logging.LoggingHandler (AbstractInternalLogger.java:log(148)) - [id: 0x7b551b54] REGISTERED
2024-12-14 12:25:59,901 INFO  logging.LoggingHandler (AbstractInternalLogger.java:log(148)) - [id: 0x7b551b54] BIND: 0.0.0.0/0.0.0.0:15026
2024-12-14 12:25:59,901 INFO  logging.LoggingHandler (AbstractInternalLogger.java:log(148)) - [id: 0x7b551b54, L:/0.0.0.0:15026] ACTIVE
2024-12-14 12:25:59,901 INFO  util.JvmPauseMonitor (JvmPauseMonitor.java:run(146)) - JvmPauseMonitor-s11: Started
2024-12-14 12:25:59,901 INFO  server.RaftServerConfigKeys (ConfUtils.java:logGet(46)) - raft.server.storage.free-space.min = 0MB (=0) (default)
2024-12-14 12:25:59,901 INFO  server.RaftServerConfigKeys (ConfUtils.java:logGet(46)) - raft.server.log.corruption.policy = EXCEPTION (default)
2024-12-14 12:25:59,901 INFO  server.RaftServerConfigKeys (ConfUtils.java:logGet(46)) - raft.server.storage.dir = [/home/runner/work/ratis/ratis/ratis-examples/target/test/data/da5193cb/MiniRaftClusterWithNetty71855ece/s10] (custom)
2024-12-14 12:25:59,902 INFO  storage.RaftStorageDirectory (RaftStorageDirectoryImpl.java:analyzeStorage(138)) - The storage directory /home/runner/work/ratis/ratis/ratis-examples/target/test/data/da5193cb/MiniRaftClusterWithNetty71855ece/s10/0b7d7992-bc87-43e5-8445-0a0c1a18ff69 does not exist. Creating ...
2024-12-14 12:25:59,902 TRACE util.FileUtils (LogUtils.java:runAndLog(49)) - Successfully ran Files.createDirectories /home/runner/work/ratis/ratis/ratis-examples/target/test/data/da5193cb/MiniRaftClusterWithNetty71855ece/s10/0b7d7992-bc87-43e5-8445-0a0c1a18ff69
2024-12-14 12:25:59,903 INFO  storage.RaftStorageDirectory (RaftStorageDirectoryImpl.java:tryLock(229)) - Lock on /home/runner/work/ratis/ratis/ratis-examples/target/test/data/da5193cb/MiniRaftClusterWithNetty71855ece/s10/0b7d7992-bc87-43e5-8445-0a0c1a18ff69/in_use.lock acquired by nodename 14700@fv-az733-880
2024-12-14 12:25:59,903 TRACE util.FileUtils (LogUtils.java:runAndLog(49)) - Successfully ran Files.createDirectories /home/runner/work/ratis/ratis/ratis-examples/target/test/data/da5193cb/MiniRaftClusterWithNetty71855ece/s10/0b7d7992-bc87-43e5-8445-0a0c1a18ff69/current
2024-12-14 12:25:59,903 TRACE util.FileUtils (LogUtils.java:runAndLog(49)) - Successfully ran Files.createDirectories /home/runner/work/ratis/ratis/ratis-examples/target/test/data/da5193cb/MiniRaftClusterWithNetty71855ece/s10/0b7d7992-bc87-43e5-8445-0a0c1a18ff69/sm
2024-12-14 12:25:59,903 TRACE util.FileUtils (LogUtils.java:supplyAndLog(69)) - Successfully supplied FileChannel.open /home/runner/work/ratis/ratis/ratis-examples/target/test/data/da5193cb/MiniRaftClusterWithNetty71855ece/s10/0b7d7992-bc87-43e5-8445-0a0c1a18ff69/current/raft-meta.tmp with options [CREATE, WRITE]: sun.nio.ch.FileChannelImpl@19509ef4
2024-12-14 12:25:59,904 TRACE util.FileUtils (LogUtils.java:runAndLog(49)) - Successfully ran Atomic Files.move /home/runner/work/ratis/ratis/ratis-examples/target/test/data/da5193cb/MiniRaftClusterWithNetty71855ece/s10/0b7d7992-bc87-43e5-8445-0a0c1a18ff69/current/raft-meta.tmp to /home/runner/work/ratis/ratis/ratis-examples/target/test/data/da5193cb/MiniRaftClusterWithNetty71855ece/s10/0b7d7992-bc87-43e5-8445-0a0c1a18ff69/current/raft-meta with options [REPLACE_EXISTING]
2024-12-14 12:25:59,904 INFO  storage.RaftStorage (RaftStorageImpl.java:format(98)) - Storage directory /home/runner/work/ratis/ratis/ratis-examples/target/test/data/da5193cb/MiniRaftClusterWithNetty71855ece/s10/0b7d7992-bc87-43e5-8445-0a0c1a18ff69 has been successfully formatted.
2024-12-14 12:25:59,904 WARN  statemachine.StateMachine (ArithmeticStateMachine.java:loadSnapshot(115)) - The snapshot info is null.
2024-12-14 12:25:59,904 INFO  server.RaftServerConfigKeys (ConfUtils.java:logGet(46)) - raft.server.log.use.memory = false (default)
2024-12-14 12:25:59,904 INFO  server.RaftServerConfigKeys (ConfUtils.java:logGet(46)) - raft.server.log.purge.gap = 1024 (default)
2024-12-14 12:25:59,904 INFO  server.RaftServerConfigKeys (ConfUtils.java:logGet(46)) - raft.server.log.appender.buffer.byte-limit = 4MB (=4194304) (default)
2024-12-14 12:25:59,904 INFO  server.RaftServerConfigKeys (ConfUtils.java:logGet(46)) - raft.server.log.statemachine.data.read.timeout = 1000ms (default)
2024-12-14 12:25:59,904 INFO  server.RaftServerConfigKeys (ConfUtils.java:logGet(46)) - raft.server.log.purge.preservation.log.num = 0 (default)
2024-12-14 12:25:59,905 INFO  server.RaftServerConfigKeys (ConfUtils.java:logGet(46)) - raft.server.log.segment.size.max = 32MB (=33554432) (default)
2024-12-14 12:25:59,905 INFO  server.RaftServerConfigKeys (ConfUtils.java:logGet(46)) - raft.server.log.segment.cache.num.max = 6 (default)
2024-12-14 12:25:59,905 INFO  server.RaftServerConfigKeys (ConfUtils.java:logGet(46)) - raft.server.log.segment.cache.size.max = 200MB (=209715200) (default)
2024-12-14 12:25:59,905 INFO  server.RaftServerConfigKeys (ConfUtils.java:logGet(46)) - raft.server.log.appender.buffer.byte-limit = 4MB (=4194304) (default)
2024-12-14 12:25:59,905 INFO  util.AwaitToRun (AwaitToRun.java:start(81)) - Thread[s10@group-0A0C1A18FF69-cacheEviction-AwaitToRun,5,main] started
2024-12-14 12:25:59,905 INFO  segmented.SegmentedRaftLogWorker (SegmentedRaftLogWorker.java:<init>(189)) - new s10@group-0A0C1A18FF69-SegmentedRaftLogWorker for RaftStorageImpl:Storage Directory /home/runner/work/ratis/ratis/ratis-examples/target/test/data/da5193cb/MiniRaftClusterWithNetty71855ece/s10/0b7d7992-bc87-43e5-8445-0a0c1a18ff69
2024-12-14 12:25:59,905 INFO  server.RaftServerConfigKeys (ConfUtils.java:logGet(46)) - raft.server.log.queue.byte-limit = 64MB (=67108864) (default)
2024-12-14 12:25:59,905 INFO  server.RaftServerConfigKeys (ConfUtils.java:logGet(46)) - raft.server.log.queue.element-limit = 4096 (default)
2024-12-14 12:25:59,905 INFO  server.RaftServerConfigKeys (ConfUtils.java:logGet(46)) - raft.server.log.segment.size.max = 32MB (=33554432) (default)
2024-12-14 12:25:59,905 INFO  server.RaftServerConfigKeys (ConfUtils.java:logGet(46)) - raft.server.log.preallocated.size = 4MB (=4194304) (default)
2024-12-14 12:25:59,905 INFO  server.RaftServerConfigKeys (ConfUtils.java:logGet(46)) - raft.server.log.force.sync.num = 128 (default)
2024-12-14 12:25:59,905 INFO  server.RaftServerConfigKeys (ConfUtils.java:logGet(46)) - raft.server.log.statemachine.data.sync = true (default)
2024-12-14 12:25:59,905 INFO  server.RaftServerConfigKeys (ConfUtils.java:logGet(46)) - raft.server.log.statemachine.data.sync.timeout = 10s (default)
2024-12-14 12:25:59,905 INFO  server.RaftServerConfigKeys (ConfUtils.java:logGet(46)) - raft.server.log.statemachine.data.sync.timeout.retry = -1 (default)
2024-12-14 12:25:59,906 INFO  server.RaftServerConfigKeys (ConfUtils.java:logGet(46)) - raft.server.log.write.buffer.size = 8MB (=8388608) (default)
2024-12-14 12:25:59,906 INFO  server.RaftServerConfigKeys (ConfUtils.java:logGet(46)) - raft.server.log.appender.buffer.byte-limit = 4MB (=4194304) (default)
2024-12-14 12:25:59,906 INFO  server.RaftServerConfigKeys (ConfUtils.java:logGet(46)) - raft.server.log.unsafe-flush.enabled = false (default)
2024-12-14 12:25:59,906 INFO  server.RaftServerConfigKeys (ConfUtils.java:logGet(46)) - raft.server.log.async-flush.enabled = false (default)
2024-12-14 12:25:59,906 INFO  server.RaftServerConfigKeys (ConfUtils.java:logGet(46)) - raft.server.log.statemachine.data.caching.enabled = false (default)
2024-12-14 12:25:59,906 INFO  segmented.SegmentedRaftLogWorker (SegmentedRaftLogWorker.java:lambda$new$0(140)) - s10@group-0A0C1A18FF69-SegmentedRaftLogWorker: flushIndex: setUnconditionally 0 -> -1
2024-12-14 12:25:59,906 INFO  segmented.SegmentedRaftLogWorker (SegmentedRaftLogWorker.java:lambda$new$0(140)) - s10@group-0A0C1A18FF69-SegmentedRaftLogWorker: safeCacheEvictIndex: setUnconditionally 0 -> -1
2024-12-14 12:25:59,906 INFO  server.RaftServer$Division (RaftServerImpl.java:start(398)) - s10@group-0A0C1A18FF69: start with initializing state, conf=conf: {index: -1, cur=peers:[]|listeners:[], old=null}
2024-12-14 12:25:59,906 INFO  server.RaftServer$Division (RaftServerImpl.java:setRole(379)) - s10@group-0A0C1A18FF69: changes role from      null to FOLLOWER at term 0 for start
2024-12-14 12:25:59,907 INFO  util.JmxRegister (JmxRegister.java:tryRegister(44)) - Successfully registered JMX Bean with object name Ratis:service=RaftServer,group=group-0A0C1A18FF69,id=s10
2024-12-14 12:25:59,907 INFO  util.JmxRegister (JmxRegister.java:register(58)) - register mxBean class org.apache.ratis.server.impl.RaftServerJmxAdapter as Ratis:service=RaftServer,group=group-0A0C1A18FF69,id=s10
2024-12-14 12:25:59,907 INFO  server.RaftServerConfigKeys (ConfUtils.java:logGet(46)) - raft.server.snapshot.trigger-when-stop.enabled = true (default)
2024-12-14 12:25:59,907 INFO  server.RaftServerConfigKeys (ConfUtils.java:logGet(46)) - raft.server.snapshot.trigger-when-remove.enabled = true (default)
2024-12-14 12:25:59,907 INFO  server.RaftServerConfigKeys (ConfUtils.java:logGet(46)) - raft.server.snapshot.auto.trigger.enabled = false (default)
2024-12-14 12:25:59,907 INFO  server.RaftServerConfigKeys (ConfUtils.java:logGet(46)) - raft.server.snapshot.retention.file.num = -1 (default)
2024-12-14 12:25:59,907 INFO  server.RaftServerConfigKeys (ConfUtils.java:logGet(46)) - raft.server.log.purge.upto.snapshot.index = false (default)
2024-12-14 12:25:59,907 INFO  server.RaftServer$Division (RaftServerImpl.java:start(406)) - s10@group-0A0C1A18FF69: Successfully started.
2024-12-14 12:25:59,907 INFO  server.RaftServer (RaftServerProxy.java:startImpl(408)) - s10: start RPC server
2024-12-14 12:25:59,908 INFO  logging.LoggingHandler (AbstractInternalLogger.java:log(148)) - [id: 0xeff72721] REGISTERED
2024-12-14 12:25:59,908 INFO  logging.LoggingHandler (AbstractInternalLogger.java:log(148)) - [id: 0xeff72721] BIND: 0.0.0.0/0.0.0.0:15025
2024-12-14 12:25:59,908 INFO  logging.LoggingHandler (AbstractInternalLogger.java:log(148)) - [id: 0xeff72721, L:/0.0.0.0:15025] ACTIVE
2024-12-14 12:25:59,908 INFO  server.RaftServerConfigKeys (ConfUtils.java:logGet(46)) - raft.server.storage.free-space.min = 0MB (=0) (default)
2024-12-14 12:25:59,908 INFO  util.JvmPauseMonitor (JvmPauseMonitor.java:run(146)) - JvmPauseMonitor-s10: Started
2024-12-14 12:25:59,908 INFO  server.RaftServerConfigKeys (ConfUtils.java:logGet(46)) - raft.server.log.corruption.policy = EXCEPTION (default)
2024-12-14 12:25:59,908 INFO  server.RaftServerConfigKeys (ConfUtils.java:logGet(46)) - raft.server.storage.dir = [/home/runner/work/ratis/ratis/ratis-examples/target/test/data/da5193cb/MiniRaftClusterWithNetty71855ece/s13] (custom)
2024-12-14 12:25:59,908 INFO  storage.RaftStorageDirectory (RaftStorageDirectoryImpl.java:analyzeStorage(138)) - The storage directory /home/runner/work/ratis/ratis/ratis-examples/target/test/data/da5193cb/MiniRaftClusterWithNetty71855ece/s13/0b7d7992-bc87-43e5-8445-0a0c1a18ff69 does not exist. Creating ...
2024-12-14 12:25:59,909 TRACE util.FileUtils (LogUtils.java:runAndLog(49)) - Successfully ran Files.createDirectories /home/runner/work/ratis/ratis/ratis-examples/target/test/data/da5193cb/MiniRaftClusterWithNetty71855ece/s13/0b7d7992-bc87-43e5-8445-0a0c1a18ff69
2024-12-14 12:25:59,909 INFO  storage.RaftStorageDirectory (RaftStorageDirectoryImpl.java:tryLock(229)) - Lock on /home/runner/work/ratis/ratis/ratis-examples/target/test/data/da5193cb/MiniRaftClusterWithNetty71855ece/s13/0b7d7992-bc87-43e5-8445-0a0c1a18ff69/in_use.lock acquired by nodename 14700@fv-az733-880
2024-12-14 12:25:59,909 TRACE util.FileUtils (LogUtils.java:runAndLog(49)) - Successfully ran Files.createDirectories /home/runner/work/ratis/ratis/ratis-examples/target/test/data/da5193cb/MiniRaftClusterWithNetty71855ece/s13/0b7d7992-bc87-43e5-8445-0a0c1a18ff69/current
2024-12-14 12:25:59,910 TRACE util.FileUtils (LogUtils.java:runAndLog(49)) - Successfully ran Files.createDirectories /home/runner/work/ratis/ratis/ratis-examples/target/test/data/da5193cb/MiniRaftClusterWithNetty71855ece/s13/0b7d7992-bc87-43e5-8445-0a0c1a18ff69/sm
2024-12-14 12:25:59,910 TRACE util.FileUtils (LogUtils.java:supplyAndLog(69)) - Successfully supplied FileChannel.open /home/runner/work/ratis/ratis/ratis-examples/target/test/data/da5193cb/MiniRaftClusterWithNetty71855ece/s13/0b7d7992-bc87-43e5-8445-0a0c1a18ff69/current/raft-meta.tmp with options [CREATE, WRITE]: sun.nio.ch.FileChannelImpl@6e61160d
2024-12-14 12:25:59,910 TRACE util.FileUtils (LogUtils.java:runAndLog(49)) - Successfully ran Atomic Files.move /home/runner/work/ratis/ratis/ratis-examples/target/test/data/da5193cb/MiniRaftClusterWithNetty71855ece/s13/0b7d7992-bc87-43e5-8445-0a0c1a18ff69/current/raft-meta.tmp to /home/runner/work/ratis/ratis/ratis-examples/target/test/data/da5193cb/MiniRaftClusterWithNetty71855ece/s13/0b7d7992-bc87-43e5-8445-0a0c1a18ff69/current/raft-meta with options [REPLACE_EXISTING]
2024-12-14 12:25:59,910 INFO  storage.RaftStorage (RaftStorageImpl.java:format(98)) - Storage directory /home/runner/work/ratis/ratis/ratis-examples/target/test/data/da5193cb/MiniRaftClusterWithNetty71855ece/s13/0b7d7992-bc87-43e5-8445-0a0c1a18ff69 has been successfully formatted.
2024-12-14 12:25:59,911 WARN  statemachine.StateMachine (ArithmeticStateMachine.java:loadSnapshot(115)) - The snapshot info is null.
2024-12-14 12:25:59,911 INFO  server.RaftServerConfigKeys (ConfUtils.java:logGet(46)) - raft.server.log.use.memory = false (default)
2024-12-14 12:25:59,911 INFO  server.RaftServerConfigKeys (ConfUtils.java:logGet(46)) - raft.server.log.purge.gap = 1024 (default)
2024-12-14 12:25:59,911 INFO  server.RaftServerConfigKeys (ConfUtils.java:logGet(46)) - raft.server.log.appender.buffer.byte-limit = 4MB (=4194304) (default)
2024-12-14 12:25:59,911 INFO  server.RaftServerConfigKeys (ConfUtils.java:logGet(46)) - raft.server.log.statemachine.data.read.timeout = 1000ms (default)
2024-12-14 12:25:59,911 INFO  server.RaftServerConfigKeys (ConfUtils.java:logGet(46)) - raft.server.log.purge.preservation.log.num = 0 (default)
2024-12-14 12:25:59,911 INFO  server.RaftServerConfigKeys (ConfUtils.java:logGet(46)) - raft.server.log.segment.size.max = 32MB (=33554432) (default)
2024-12-14 12:25:59,911 INFO  server.RaftServerConfigKeys (ConfUtils.java:logGet(46)) - raft.server.log.segment.cache.num.max = 6 (default)
2024-12-14 12:25:59,911 INFO  server.RaftServerConfigKeys (ConfUtils.java:logGet(46)) - raft.server.log.segment.cache.size.max = 200MB (=209715200) (default)
2024-12-14 12:25:59,911 INFO  server.RaftServerConfigKeys (ConfUtils.java:logGet(46)) - raft.server.log.appender.buffer.byte-limit = 4MB (=4194304) (default)
2024-12-14 12:25:59,911 INFO  util.AwaitToRun (AwaitToRun.java:start(81)) - Thread[s13@group-0A0C1A18FF69-cacheEviction-AwaitToRun,5,main] started
2024-12-14 12:25:59,911 INFO  segmented.SegmentedRaftLogWorker (SegmentedRaftLogWorker.java:<init>(189)) - new s13@group-0A0C1A18FF69-SegmentedRaftLogWorker for RaftStorageImpl:Storage Directory /home/runner/work/ratis/ratis/ratis-examples/target/test/data/da5193cb/MiniRaftClusterWithNetty71855ece/s13/0b7d7992-bc87-43e5-8445-0a0c1a18ff69
2024-12-14 12:25:59,911 INFO  server.RaftServerConfigKeys (ConfUtils.java:logGet(46)) - raft.server.log.queue.byte-limit = 64MB (=67108864) (default)
2024-12-14 12:25:59,911 INFO  server.RaftServerConfigKeys (ConfUtils.java:logGet(46)) - raft.server.log.queue.element-limit = 4096 (default)
2024-12-14 12:25:59,911 INFO  server.RaftServerConfigKeys (ConfUtils.java:logGet(46)) - raft.server.log.segment.size.max = 32MB (=33554432) (default)
2024-12-14 12:25:59,911 INFO  server.RaftServerConfigKeys (ConfUtils.java:logGet(46)) - raft.server.log.preallocated.size = 4MB (=4194304) (default)
2024-12-14 12:25:59,911 INFO  server.RaftServerConfigKeys (ConfUtils.java:logGet(46)) - raft.server.log.force.sync.num = 128 (default)
2024-12-14 12:25:59,912 INFO  server.RaftServerConfigKeys (ConfUtils.java:logGet(46)) - raft.server.log.statemachine.data.sync = true (default)
2024-12-14 12:25:59,912 INFO  server.RaftServerConfigKeys (ConfUtils.java:logGet(46)) - raft.server.log.statemachine.data.sync.timeout = 10s (default)
2024-12-14 12:25:59,912 INFO  server.RaftServerConfigKeys (ConfUtils.java:logGet(46)) - raft.server.log.statemachine.data.sync.timeout.retry = -1 (default)
2024-12-14 12:25:59,912 INFO  server.RaftServerConfigKeys (ConfUtils.java:logGet(46)) - raft.server.log.write.buffer.size = 8MB (=8388608) (default)
2024-12-14 12:25:59,912 INFO  server.RaftServerConfigKeys (ConfUtils.java:logGet(46)) - raft.server.log.appender.buffer.byte-limit = 4MB (=4194304) (default)
2024-12-14 12:25:59,912 INFO  server.RaftServerConfigKeys (ConfUtils.java:logGet(46)) - raft.server.log.unsafe-flush.enabled = false (default)
2024-12-14 12:25:59,912 INFO  server.RaftServerConfigKeys (ConfUtils.java:logGet(46)) - raft.server.log.async-flush.enabled = false (default)
2024-12-14 12:25:59,912 INFO  server.RaftServerConfigKeys (ConfUtils.java:logGet(46)) - raft.server.log.statemachine.data.caching.enabled = false (default)
2024-12-14 12:25:59,912 INFO  segmented.SegmentedRaftLogWorker (SegmentedRaftLogWorker.java:lambda$new$0(140)) - s13@group-0A0C1A18FF69-SegmentedRaftLogWorker: flushIndex: setUnconditionally 0 -> -1
2024-12-14 12:25:59,912 INFO  segmented.SegmentedRaftLogWorker (SegmentedRaftLogWorker.java:lambda$new$0(140)) - s13@group-0A0C1A18FF69-SegmentedRaftLogWorker: safeCacheEvictIndex: setUnconditionally 0 -> -1
2024-12-14 12:25:59,913 INFO  server.RaftServer$Division (RaftServerImpl.java:start(398)) - s13@group-0A0C1A18FF69: start with initializing state, conf=conf: {index: -1, cur=peers:[]|listeners:[], old=null}
2024-12-14 12:25:59,913 INFO  server.RaftServer$Division (RaftServerImpl.java:setRole(379)) - s13@group-0A0C1A18FF69: changes role from      null to FOLLOWER at term 0 for start
2024-12-14 12:25:59,913 INFO  util.JmxRegister (JmxRegister.java:tryRegister(44)) - Successfully registered JMX Bean with object name Ratis:service=RaftServer,group=group-0A0C1A18FF69,id=s13
2024-12-14 12:25:59,913 INFO  util.JmxRegister (JmxRegister.java:register(58)) - register mxBean class org.apache.ratis.server.impl.RaftServerJmxAdapter as Ratis:service=RaftServer,group=group-0A0C1A18FF69,id=s13
2024-12-14 12:25:59,913 INFO  server.RaftServerConfigKeys (ConfUtils.java:logGet(46)) - raft.server.snapshot.trigger-when-stop.enabled = true (default)
2024-12-14 12:25:59,913 INFO  server.RaftServerConfigKeys (ConfUtils.java:logGet(46)) - raft.server.snapshot.trigger-when-remove.enabled = true (default)
2024-12-14 12:25:59,913 INFO  server.RaftServerConfigKeys (ConfUtils.java:logGet(46)) - raft.server.snapshot.auto.trigger.enabled = false (default)
2024-12-14 12:25:59,913 INFO  server.RaftServerConfigKeys (ConfUtils.java:logGet(46)) - raft.server.snapshot.retention.file.num = -1 (default)
2024-12-14 12:25:59,913 INFO  server.RaftServerConfigKeys (ConfUtils.java:logGet(46)) - raft.server.log.purge.upto.snapshot.index = false (default)
2024-12-14 12:25:59,913 INFO  server.RaftServer$Division (RaftServerImpl.java:start(406)) - s13@group-0A0C1A18FF69: Successfully started.
2024-12-14 12:25:59,913 INFO  server.RaftServer (RaftServerProxy.java:startImpl(408)) - s13: start RPC server
2024-12-14 12:25:59,914 INFO  logging.LoggingHandler (AbstractInternalLogger.java:log(148)) - [id: 0xc7b5ba89] REGISTERED
2024-12-14 12:25:59,914 INFO  logging.LoggingHandler (AbstractInternalLogger.java:log(148)) - [id: 0xc7b5ba89] BIND: 0.0.0.0/0.0.0.0:15028
2024-12-14 12:25:59,914 INFO  logging.LoggingHandler (AbstractInternalLogger.java:log(148)) - [id: 0xc7b5ba89, L:/0.0.0.0:15028] ACTIVE
2024-12-14 12:25:59,914 INFO  server.RaftServerConfigKeys (ConfUtils.java:logGet(46)) - raft.server.storage.free-space.min = 0MB (=0) (default)
2024-12-14 12:25:59,914 INFO  util.JvmPauseMonitor (JvmPauseMonitor.java:run(146)) - JvmPauseMonitor-s13: Started
2024-12-14 12:25:59,914 INFO  server.RaftServerConfigKeys (ConfUtils.java:logGet(46)) - raft.server.log.corruption.policy = EXCEPTION (default)
2024-12-14 12:25:59,914 INFO  server.RaftServerConfigKeys (ConfUtils.java:logGet(46)) - raft.server.storage.dir = [/home/runner/work/ratis/ratis/ratis-examples/target/test/data/da5193cb/MiniRaftClusterWithNetty71855ece/s12] (custom)
2024-12-14 12:25:59,914 INFO  storage.RaftStorageDirectory (RaftStorageDirectoryImpl.java:analyzeStorage(138)) - The storage directory /home/runner/work/ratis/ratis/ratis-examples/target/test/data/da5193cb/MiniRaftClusterWithNetty71855ece/s12/0b7d7992-bc87-43e5-8445-0a0c1a18ff69 does not exist. Creating ...
2024-12-14 12:25:59,915 TRACE util.FileUtils (LogUtils.java:runAndLog(49)) - Successfully ran Files.createDirectories /home/runner/work/ratis/ratis/ratis-examples/target/test/data/da5193cb/MiniRaftClusterWithNetty71855ece/s12/0b7d7992-bc87-43e5-8445-0a0c1a18ff69
2024-12-14 12:25:59,915 INFO  storage.RaftStorageDirectory (RaftStorageDirectoryImpl.java:tryLock(229)) - Lock on /home/runner/work/ratis/ratis/ratis-examples/target/test/data/da5193cb/MiniRaftClusterWithNetty71855ece/s12/0b7d7992-bc87-43e5-8445-0a0c1a18ff69/in_use.lock acquired by nodename 14700@fv-az733-880
2024-12-14 12:25:59,915 TRACE util.FileUtils (LogUtils.java:runAndLog(49)) - Successfully ran Files.createDirectories /home/runner/work/ratis/ratis/ratis-examples/target/test/data/da5193cb/MiniRaftClusterWithNetty71855ece/s12/0b7d7992-bc87-43e5-8445-0a0c1a18ff69/current
2024-12-14 12:25:59,916 TRACE util.FileUtils (LogUtils.java:runAndLog(49)) - Successfully ran Files.createDirectories /home/runner/work/ratis/ratis/ratis-examples/target/test/data/da5193cb/MiniRaftClusterWithNetty71855ece/s12/0b7d7992-bc87-43e5-8445-0a0c1a18ff69/sm
2024-12-14 12:25:59,916 TRACE util.FileUtils (LogUtils.java:supplyAndLog(69)) - Successfully supplied FileChannel.open /home/runner/work/ratis/ratis/ratis-examples/target/test/data/da5193cb/MiniRaftClusterWithNetty71855ece/s12/0b7d7992-bc87-43e5-8445-0a0c1a18ff69/current/raft-meta.tmp with options [CREATE, WRITE]: sun.nio.ch.FileChannelImpl@116c164c
2024-12-14 12:25:59,917 TRACE util.FileUtils (LogUtils.java:runAndLog(49)) - Successfully ran Atomic Files.move /home/runner/work/ratis/ratis/ratis-examples/target/test/data/da5193cb/MiniRaftClusterWithNetty71855ece/s12/0b7d7992-bc87-43e5-8445-0a0c1a18ff69/current/raft-meta.tmp to /home/runner/work/ratis/ratis/ratis-examples/target/test/data/da5193cb/MiniRaftClusterWithNetty71855ece/s12/0b7d7992-bc87-43e5-8445-0a0c1a18ff69/current/raft-meta with options [REPLACE_EXISTING]
2024-12-14 12:25:59,917 INFO  storage.RaftStorage (RaftStorageImpl.java:format(98)) - Storage directory /home/runner/work/ratis/ratis/ratis-examples/target/test/data/da5193cb/MiniRaftClusterWithNetty71855ece/s12/0b7d7992-bc87-43e5-8445-0a0c1a18ff69 has been successfully formatted.
2024-12-14 12:25:59,917 WARN  statemachine.StateMachine (ArithmeticStateMachine.java:loadSnapshot(115)) - The snapshot info is null.
2024-12-14 12:25:59,917 INFO  server.RaftServerConfigKeys (ConfUtils.java:logGet(46)) - raft.server.log.use.memory = false (default)
2024-12-14 12:25:59,917 INFO  server.RaftServerConfigKeys (ConfUtils.java:logGet(46)) - raft.server.log.purge.gap = 1024 (default)
2024-12-14 12:25:59,917 INFO  server.RaftServerConfigKeys (ConfUtils.java:logGet(46)) - raft.server.log.appender.buffer.byte-limit = 4MB (=4194304) (default)
2024-12-14 12:25:59,917 INFO  server.RaftServerConfigKeys (ConfUtils.java:logGet(46)) - raft.server.log.statemachine.data.read.timeout = 1000ms (default)
2024-12-14 12:25:59,917 INFO  server.RaftServerConfigKeys (ConfUtils.java:logGet(46)) - raft.server.log.purge.preservation.log.num = 0 (default)
2024-12-14 12:25:59,917 INFO  server.RaftServerConfigKeys (ConfUtils.java:logGet(46)) - raft.server.log.segment.size.max = 32MB (=33554432) (default)
2024-12-14 12:25:59,917 INFO  server.RaftServerConfigKeys (ConfUtils.java:logGet(46)) - raft.server.log.segment.cache.num.max = 6 (default)
2024-12-14 12:25:59,917 INFO  server.RaftServerConfigKeys (ConfUtils.java:logGet(46)) - raft.server.log.segment.cache.size.max = 200MB (=209715200) (default)
2024-12-14 12:25:59,917 INFO  server.RaftServerConfigKeys (ConfUtils.java:logGet(46)) - raft.server.log.appender.buffer.byte-limit = 4MB (=4194304) (default)
2024-12-14 12:25:59,918 INFO  util.AwaitToRun (AwaitToRun.java:start(81)) - Thread[s12@group-0A0C1A18FF69-cacheEviction-AwaitToRun,5,main] started
2024-12-14 12:25:59,918 INFO  segmented.SegmentedRaftLogWorker (SegmentedRaftLogWorker.java:<init>(189)) - new s12@group-0A0C1A18FF69-SegmentedRaftLogWorker for RaftStorageImpl:Storage Directory /home/runner/work/ratis/ratis/ratis-examples/target/test/data/da5193cb/MiniRaftClusterWithNetty71855ece/s12/0b7d7992-bc87-43e5-8445-0a0c1a18ff69
2024-12-14 12:25:59,918 INFO  server.RaftServerConfigKeys (ConfUtils.java:logGet(46)) - raft.server.log.queue.byte-limit = 64MB (=67108864) (default)
2024-12-14 12:25:59,918 INFO  server.RaftServerConfigKeys (ConfUtils.java:logGet(46)) - raft.server.log.queue.element-limit = 4096 (default)
2024-12-14 12:25:59,918 INFO  server.RaftServerConfigKeys (ConfUtils.java:logGet(46)) - raft.server.log.segment.size.max = 32MB (=33554432) (default)
2024-12-14 12:25:59,918 INFO  server.RaftServerConfigKeys (ConfUtils.java:logGet(46)) - raft.server.log.preallocated.size = 4MB (=4194304) (default)
2024-12-14 12:25:59,918 INFO  server.RaftServerConfigKeys (ConfUtils.java:logGet(46)) - raft.server.log.force.sync.num = 128 (default)
2024-12-14 12:25:59,918 INFO  server.RaftServerConfigKeys (ConfUtils.java:logGet(46)) - raft.server.log.statemachine.data.sync = true (default)
2024-12-14 12:25:59,918 INFO  server.RaftServerConfigKeys (ConfUtils.java:logGet(46)) - raft.server.log.statemachine.data.sync.timeout = 10s (default)
2024-12-14 12:25:59,918 INFO  server.RaftServerConfigKeys (ConfUtils.java:logGet(46)) - raft.server.log.statemachine.data.sync.timeout.retry = -1 (default)
2024-12-14 12:25:59,918 INFO  server.RaftServerConfigKeys (ConfUtils.java:logGet(46)) - raft.server.log.write.buffer.size = 8MB (=8388608) (default)
2024-12-14 12:25:59,918 INFO  server.RaftServerConfigKeys (ConfUtils.java:logGet(46)) - raft.server.log.appender.buffer.byte-limit = 4MB (=4194304) (default)
2024-12-14 12:25:59,918 INFO  server.RaftServerConfigKeys (ConfUtils.java:logGet(46)) - raft.server.log.unsafe-flush.enabled = false (default)
2024-12-14 12:25:59,919 INFO  server.RaftServerConfigKeys (ConfUtils.java:logGet(46)) - raft.server.log.async-flush.enabled = false (default)
2024-12-14 12:25:59,919 INFO  server.RaftServerConfigKeys (ConfUtils.java:logGet(46)) - raft.server.log.statemachine.data.caching.enabled = false (default)
2024-12-14 12:25:59,919 INFO  segmented.SegmentedRaftLogWorker (SegmentedRaftLogWorker.java:lambda$new$0(140)) - s12@group-0A0C1A18FF69-SegmentedRaftLogWorker: flushIndex: setUnconditionally 0 -> -1
2024-12-14 12:25:59,919 INFO  segmented.SegmentedRaftLogWorker (SegmentedRaftLogWorker.java:lambda$new$0(140)) - s12@group-0A0C1A18FF69-SegmentedRaftLogWorker: safeCacheEvictIndex: setUnconditionally 0 -> -1
2024-12-14 12:25:59,919 INFO  server.RaftServer$Division (RaftServerImpl.java:start(398)) - s12@group-0A0C1A18FF69: start with initializing state, conf=conf: {index: -1, cur=peers:[]|listeners:[], old=null}
2024-12-14 12:25:59,919 INFO  server.RaftServer$Division (RaftServerImpl.java:setRole(379)) - s12@group-0A0C1A18FF69: changes role from      null to FOLLOWER at term 0 for start
2024-12-14 12:25:59,919 INFO  util.JmxRegister (JmxRegister.java:tryRegister(44)) - Successfully registered JMX Bean with object name Ratis:service=RaftServer,group=group-0A0C1A18FF69,id=s12
2024-12-14 12:25:59,919 INFO  util.JmxRegister (JmxRegister.java:register(58)) - register mxBean class org.apache.ratis.server.impl.RaftServerJmxAdapter as Ratis:service=RaftServer,group=group-0A0C1A18FF69,id=s12
2024-12-14 12:25:59,919 INFO  server.RaftServerConfigKeys (ConfUtils.java:logGet(46)) - raft.server.snapshot.trigger-when-stop.enabled = true (default)
2024-12-14 12:25:59,919 INFO  server.RaftServerConfigKeys (ConfUtils.java:logGet(46)) - raft.server.snapshot.trigger-when-remove.enabled = true (default)
2024-12-14 12:25:59,919 INFO  server.RaftServerConfigKeys (ConfUtils.java:logGet(46)) - raft.server.snapshot.auto.trigger.enabled = false (default)
2024-12-14 12:25:59,919 INFO  server.RaftServerConfigKeys (ConfUtils.java:logGet(46)) - raft.server.snapshot.retention.file.num = -1 (default)
2024-12-14 12:25:59,919 INFO  server.RaftServerConfigKeys (ConfUtils.java:logGet(46)) - raft.server.log.purge.upto.snapshot.index = false (default)
2024-12-14 12:25:59,920 INFO  server.RaftServer$Division (RaftServerImpl.java:start(406)) - s12@group-0A0C1A18FF69: Successfully started.
2024-12-14 12:25:59,920 INFO  server.RaftServer (RaftServerProxy.java:startImpl(408)) - s12: start RPC server
2024-12-14 12:25:59,920 INFO  logging.LoggingHandler (AbstractInternalLogger.java:log(148)) - [id: 0x9c1272d1] REGISTERED
2024-12-14 12:25:59,920 INFO  logging.LoggingHandler (AbstractInternalLogger.java:log(148)) - [id: 0x9c1272d1] BIND: 0.0.0.0/0.0.0.0:15027
2024-12-14 12:25:59,920 INFO  logging.LoggingHandler (AbstractInternalLogger.java:log(148)) - [id: 0x9c1272d1, L:/0.0.0.0:15027] ACTIVE
2024-12-14 12:25:59,920 INFO  server.RaftServerConfigKeys (ConfUtils.java:logGet(46)) - raft.server.storage.free-space.min = 0MB (=0) (default)
2024-12-14 12:25:59,920 INFO  util.JvmPauseMonitor (JvmPauseMonitor.java:run(146)) - JvmPauseMonitor-s12: Started
2024-12-14 12:25:59,920 INFO  server.RaftServerConfigKeys (ConfUtils.java:logGet(46)) - raft.server.log.corruption.policy = EXCEPTION (default)
2024-12-14 12:25:59,921 INFO  server.RaftServerConfigKeys (ConfUtils.java:logGet(46)) - raft.server.storage.dir = [/home/runner/work/ratis/ratis/ratis-examples/target/test/data/da5193cb/MiniRaftClusterWithNetty71855ece/s14] (custom)
2024-12-14 12:25:59,921 INFO  storage.RaftStorageDirectory (RaftStorageDirectoryImpl.java:analyzeStorage(138)) - The storage directory /home/runner/work/ratis/ratis/ratis-examples/target/test/data/da5193cb/MiniRaftClusterWithNetty71855ece/s14/0b7d7992-bc87-43e5-8445-0a0c1a18ff69 does not exist. Creating ...
2024-12-14 12:25:59,921 TRACE util.FileUtils (LogUtils.java:runAndLog(49)) - Successfully ran Files.createDirectories /home/runner/work/ratis/ratis/ratis-examples/target/test/data/da5193cb/MiniRaftClusterWithNetty71855ece/s14/0b7d7992-bc87-43e5-8445-0a0c1a18ff69
2024-12-14 12:25:59,922 INFO  storage.RaftStorageDirectory (RaftStorageDirectoryImpl.java:tryLock(229)) - Lock on /home/runner/work/ratis/ratis/ratis-examples/target/test/data/da5193cb/MiniRaftClusterWithNetty71855ece/s14/0b7d7992-bc87-43e5-8445-0a0c1a18ff69/in_use.lock acquired by nodename 14700@fv-az733-880
2024-12-14 12:25:59,922 TRACE util.FileUtils (LogUtils.java:runAndLog(49)) - Successfully ran Files.createDirectories /home/runner/work/ratis/ratis/ratis-examples/target/test/data/da5193cb/MiniRaftClusterWithNetty71855ece/s14/0b7d7992-bc87-43e5-8445-0a0c1a18ff69/current
2024-12-14 12:25:59,922 TRACE util.FileUtils (LogUtils.java:runAndLog(49)) - Successfully ran Files.createDirectories /home/runner/work/ratis/ratis/ratis-examples/target/test/data/da5193cb/MiniRaftClusterWithNetty71855ece/s14/0b7d7992-bc87-43e5-8445-0a0c1a18ff69/sm
2024-12-14 12:25:59,922 TRACE util.FileUtils (LogUtils.java:supplyAndLog(69)) - Successfully supplied FileChannel.open /home/runner/work/ratis/ratis/ratis-examples/target/test/data/da5193cb/MiniRaftClusterWithNetty71855ece/s14/0b7d7992-bc87-43e5-8445-0a0c1a18ff69/current/raft-meta.tmp with options [CREATE, WRITE]: sun.nio.ch.FileChannelImpl@7b3d7166
2024-12-14 12:25:59,923 TRACE util.FileUtils (LogUtils.java:runAndLog(49)) - Successfully ran Atomic Files.move /home/runner/work/ratis/ratis/ratis-examples/target/test/data/da5193cb/MiniRaftClusterWithNetty71855ece/s14/0b7d7992-bc87-43e5-8445-0a0c1a18ff69/current/raft-meta.tmp to /home/runner/work/ratis/ratis/ratis-examples/target/test/data/da5193cb/MiniRaftClusterWithNetty71855ece/s14/0b7d7992-bc87-43e5-8445-0a0c1a18ff69/current/raft-meta with options [REPLACE_EXISTING]
2024-12-14 12:25:59,923 INFO  storage.RaftStorage (RaftStorageImpl.java:format(98)) - Storage directory /home/runner/work/ratis/ratis/ratis-examples/target/test/data/da5193cb/MiniRaftClusterWithNetty71855ece/s14/0b7d7992-bc87-43e5-8445-0a0c1a18ff69 has been successfully formatted.
2024-12-14 12:25:59,923 WARN  statemachine.StateMachine (ArithmeticStateMachine.java:loadSnapshot(115)) - The snapshot info is null.
2024-12-14 12:25:59,923 INFO  server.RaftServerConfigKeys (ConfUtils.java:logGet(46)) - raft.server.log.use.memory = false (default)
2024-12-14 12:25:59,923 INFO  server.RaftServerConfigKeys (ConfUtils.java:logGet(46)) - raft.server.log.purge.gap = 1024 (default)
2024-12-14 12:25:59,923 INFO  server.RaftServerConfigKeys (ConfUtils.java:logGet(46)) - raft.server.log.appender.buffer.byte-limit = 4MB (=4194304) (default)
2024-12-14 12:25:59,923 INFO  server.RaftServerConfigKeys (ConfUtils.java:logGet(46)) - raft.server.log.statemachine.data.read.timeout = 1000ms (default)
2024-12-14 12:25:59,923 INFO  server.RaftServerConfigKeys (ConfUtils.java:logGet(46)) - raft.server.log.purge.preservation.log.num = 0 (default)
2024-12-14 12:25:59,923 INFO  server.RaftServerConfigKeys (ConfUtils.java:logGet(46)) - raft.server.log.segment.size.max = 32MB (=33554432) (default)
2024-12-14 12:25:59,923 INFO  server.RaftServerConfigKeys (ConfUtils.java:logGet(46)) - raft.server.log.segment.cache.num.max = 6 (default)
2024-12-14 12:25:59,924 INFO  server.RaftServerConfigKeys (ConfUtils.java:logGet(46)) - raft.server.log.segment.cache.size.max = 200MB (=209715200) (default)
2024-12-14 12:25:59,924 INFO  server.RaftServerConfigKeys (ConfUtils.java:logGet(46)) - raft.server.log.appender.buffer.byte-limit = 4MB (=4194304) (default)
2024-12-14 12:25:59,924 INFO  util.AwaitToRun (AwaitToRun.java:start(81)) - Thread[s14@group-0A0C1A18FF69-cacheEviction-AwaitToRun,5,main] started
2024-12-14 12:25:59,924 INFO  segmented.SegmentedRaftLogWorker (SegmentedRaftLogWorker.java:<init>(189)) - new s14@group-0A0C1A18FF69-SegmentedRaftLogWorker for RaftStorageImpl:Storage Directory /home/runner/work/ratis/ratis/ratis-examples/target/test/data/da5193cb/MiniRaftClusterWithNetty71855ece/s14/0b7d7992-bc87-43e5-8445-0a0c1a18ff69
2024-12-14 12:25:59,924 INFO  server.RaftServerConfigKeys (ConfUtils.java:logGet(46)) - raft.server.log.queue.byte-limit = 64MB (=67108864) (default)
2024-12-14 12:25:59,924 INFO  server.RaftServerConfigKeys (ConfUtils.java:logGet(46)) - raft.server.log.queue.element-limit = 4096 (default)
2024-12-14 12:25:59,924 INFO  server.RaftServerConfigKeys (ConfUtils.java:logGet(46)) - raft.server.log.segment.size.max = 32MB (=33554432) (default)
2024-12-14 12:25:59,924 INFO  server.RaftServerConfigKeys (ConfUtils.java:logGet(46)) - raft.server.log.preallocated.size = 4MB (=4194304) (default)
2024-12-14 12:25:59,924 INFO  server.RaftServerConfigKeys (ConfUtils.java:logGet(46)) - raft.server.log.force.sync.num = 128 (default)
2024-12-14 12:25:59,924 INFO  server.RaftServerConfigKeys (ConfUtils.java:logGet(46)) - raft.server.log.statemachine.data.sync = true (default)
2024-12-14 12:25:59,924 INFO  server.RaftServerConfigKeys (ConfUtils.java:logGet(46)) - raft.server.log.statemachine.data.sync.timeout = 10s (default)
2024-12-14 12:25:59,924 INFO  server.RaftServerConfigKeys (ConfUtils.java:logGet(46)) - raft.server.log.statemachine.data.sync.timeout.retry = -1 (default)
2024-12-14 12:25:59,924 INFO  server.RaftServerConfigKeys (ConfUtils.java:logGet(46)) - raft.server.log.write.buffer.size = 8MB (=8388608) (default)
2024-12-14 12:25:59,925 INFO  server.RaftServerConfigKeys (ConfUtils.java:logGet(46)) - raft.server.log.appender.buffer.byte-limit = 4MB (=4194304) (default)
2024-12-14 12:25:59,925 INFO  server.RaftServerConfigKeys (ConfUtils.java:logGet(46)) - raft.server.log.unsafe-flush.enabled = false (default)
2024-12-14 12:25:59,925 INFO  server.RaftServerConfigKeys (ConfUtils.java:logGet(46)) - raft.server.log.async-flush.enabled = false (default)
2024-12-14 12:25:59,925 INFO  server.RaftServerConfigKeys (ConfUtils.java:logGet(46)) - raft.server.log.statemachine.data.caching.enabled = false (default)
2024-12-14 12:25:59,925 INFO  segmented.SegmentedRaftLogWorker (SegmentedRaftLogWorker.java:lambda$new$0(140)) - s14@group-0A0C1A18FF69-SegmentedRaftLogWorker: flushIndex: setUnconditionally 0 -> -1
2024-12-14 12:25:59,925 INFO  segmented.SegmentedRaftLogWorker (SegmentedRaftLogWorker.java:lambda$new$0(140)) - s14@group-0A0C1A18FF69-SegmentedRaftLogWorker: safeCacheEvictIndex: setUnconditionally 0 -> -1
2024-12-14 12:25:59,925 INFO  server.RaftServer$Division (RaftServerImpl.java:start(398)) - s14@group-0A0C1A18FF69: start with initializing state, conf=conf: {index: -1, cur=peers:[]|listeners:[], old=null}
2024-12-14 12:25:59,925 INFO  server.RaftServer$Division (RaftServerImpl.java:setRole(379)) - s14@group-0A0C1A18FF69: changes role from      null to FOLLOWER at term 0 for start
2024-12-14 12:25:59,925 INFO  util.JmxRegister (JmxRegister.java:tryRegister(44)) - Successfully registered JMX Bean with object name Ratis:service=RaftServer,group=group-0A0C1A18FF69,id=s14
2024-12-14 12:25:59,925 INFO  util.JmxRegister (JmxRegister.java:register(58)) - register mxBean class org.apache.ratis.server.impl.RaftServerJmxAdapter as Ratis:service=RaftServer,group=group-0A0C1A18FF69,id=s14
2024-12-14 12:25:59,925 INFO  server.RaftServerConfigKeys (ConfUtils.java:logGet(46)) - raft.server.snapshot.trigger-when-stop.enabled = true (default)
2024-12-14 12:25:59,925 INFO  server.RaftServerConfigKeys (ConfUtils.java:logGet(46)) - raft.server.snapshot.trigger-when-remove.enabled = true (default)
2024-12-14 12:25:59,925 INFO  server.RaftServerConfigKeys (ConfUtils.java:logGet(46)) - raft.server.snapshot.auto.trigger.enabled = false (default)
2024-12-14 12:25:59,925 INFO  server.RaftServerConfigKeys (ConfUtils.java:logGet(46)) - raft.server.snapshot.retention.file.num = -1 (default)
2024-12-14 12:25:59,925 INFO  server.RaftServerConfigKeys (ConfUtils.java:logGet(46)) - raft.server.log.purge.upto.snapshot.index = false (default)
2024-12-14 12:25:59,926 INFO  server.RaftServer$Division (RaftServerImpl.java:start(406)) - s14@group-0A0C1A18FF69: Successfully started.
2024-12-14 12:25:59,926 INFO  server.RaftServer (RaftServerProxy.java:startImpl(408)) - s14: start RPC server
2024-12-14 12:25:59,926 INFO  logging.LoggingHandler (AbstractInternalLogger.java:log(148)) - [id: 0xa7c32d8d] REGISTERED
2024-12-14 12:25:59,926 INFO  logging.LoggingHandler (AbstractInternalLogger.java:log(148)) - [id: 0xa7c32d8d] BIND: 0.0.0.0/0.0.0.0:15029
2024-12-14 12:25:59,926 INFO  logging.LoggingHandler (AbstractInternalLogger.java:log(148)) - [id: 0xa7c32d8d, L:/0.0.0.0:15029] ACTIVE
2024-12-14 12:25:59,927 INFO  server.RaftServerConfigKeys (ConfUtils.java:logGet(46)) - raft.server.storage.free-space.min = 0MB (=0) (default)
2024-12-14 12:25:59,927 INFO  util.JvmPauseMonitor (JvmPauseMonitor.java:run(146)) - JvmPauseMonitor-s14: Started
2024-12-14 12:25:59,927 INFO  server.RaftServerConfigKeys (ConfUtils.java:logGet(46)) - raft.server.log.corruption.policy = EXCEPTION (default)
2024-12-14 12:25:59,927 INFO  server.RaftServerConfigKeys (ConfUtils.java:logGet(46)) - raft.server.storage.dir = [/home/runner/work/ratis/ratis/ratis-examples/target/test/data/da5193cb/MiniRaftClusterWithNetty71855ece/s0] (custom)
2024-12-14 12:25:59,927 INFO  storage.RaftStorageDirectory (RaftStorageDirectoryImpl.java:analyzeStorage(138)) - The storage directory /home/runner/work/ratis/ratis/ratis-examples/target/test/data/da5193cb/MiniRaftClusterWithNetty71855ece/s0/0b7d7992-bc87-43e5-8445-0a0c1a18ff69 does not exist. Creating ...
2024-12-14 12:25:59,927 TRACE util.FileUtils (LogUtils.java:runAndLog(49)) - Successfully ran Files.createDirectories /home/runner/work/ratis/ratis/ratis-examples/target/test/data/da5193cb/MiniRaftClusterWithNetty71855ece/s0/0b7d7992-bc87-43e5-8445-0a0c1a18ff69
2024-12-14 12:25:59,929 INFO  storage.RaftStorageDirectory (RaftStorageDirectoryImpl.java:tryLock(229)) - Lock on /home/runner/work/ratis/ratis/ratis-examples/target/test/data/da5193cb/MiniRaftClusterWithNetty71855ece/s0/0b7d7992-bc87-43e5-8445-0a0c1a18ff69/in_use.lock acquired by nodename 14700@fv-az733-880
2024-12-14 12:25:59,929 TRACE util.FileUtils (LogUtils.java:runAndLog(49)) - Successfully ran Files.createDirectories /home/runner/work/ratis/ratis/ratis-examples/target/test/data/da5193cb/MiniRaftClusterWithNetty71855ece/s0/0b7d7992-bc87-43e5-8445-0a0c1a18ff69/current
2024-12-14 12:25:59,929 TRACE util.FileUtils (LogUtils.java:runAndLog(49)) - Successfully ran Files.createDirectories /home/runner/work/ratis/ratis/ratis-examples/target/test/data/da5193cb/MiniRaftClusterWithNetty71855ece/s0/0b7d7992-bc87-43e5-8445-0a0c1a18ff69/sm
2024-12-14 12:25:59,929 TRACE util.FileUtils (LogUtils.java:supplyAndLog(69)) - Successfully supplied FileChannel.open /home/runner/work/ratis/ratis/ratis-examples/target/test/data/da5193cb/MiniRaftClusterWithNetty71855ece/s0/0b7d7992-bc87-43e5-8445-0a0c1a18ff69/current/raft-meta.tmp with options [CREATE, WRITE]: sun.nio.ch.FileChannelImpl@47eea945
2024-12-14 12:25:59,930 TRACE util.FileUtils (LogUtils.java:runAndLog(49)) - Successfully ran Atomic Files.move /home/runner/work/ratis/ratis/ratis-examples/target/test/data/da5193cb/MiniRaftClusterWithNetty71855ece/s0/0b7d7992-bc87-43e5-8445-0a0c1a18ff69/current/raft-meta.tmp to /home/runner/work/ratis/ratis/ratis-examples/target/test/data/da5193cb/MiniRaftClusterWithNetty71855ece/s0/0b7d7992-bc87-43e5-8445-0a0c1a18ff69/current/raft-meta with options [REPLACE_EXISTING]
2024-12-14 12:25:59,930 INFO  storage.RaftStorage (RaftStorageImpl.java:format(98)) - Storage directory /home/runner/work/ratis/ratis/ratis-examples/target/test/data/da5193cb/MiniRaftClusterWithNetty71855ece/s0/0b7d7992-bc87-43e5-8445-0a0c1a18ff69 has been successfully formatted.
2024-12-14 12:25:59,930 WARN  statemachine.StateMachine (ArithmeticStateMachine.java:loadSnapshot(115)) - The snapshot info is null.
2024-12-14 12:25:59,930 INFO  server.RaftServerConfigKeys (ConfUtils.java:logGet(46)) - raft.server.log.use.memory = false (default)
2024-12-14 12:25:59,930 INFO  server.RaftServerConfigKeys (ConfUtils.java:logGet(46)) - raft.server.log.purge.gap = 1024 (default)
2024-12-14 12:25:59,930 INFO  server.RaftServerConfigKeys (ConfUtils.java:logGet(46)) - raft.server.log.appender.buffer.byte-limit = 4MB (=4194304) (default)
2024-12-14 12:25:59,930 INFO  server.RaftServerConfigKeys (ConfUtils.java:logGet(46)) - raft.server.log.statemachine.data.read.timeout = 1000ms (default)
2024-12-14 12:25:59,930 INFO  server.RaftServerConfigKeys (ConfUtils.java:logGet(46)) - raft.server.log.purge.preservation.log.num = 0 (default)
2024-12-14 12:25:59,930 INFO  server.RaftServerConfigKeys (ConfUtils.java:logGet(46)) - raft.server.log.segment.size.max = 32MB (=33554432) (default)
2024-12-14 12:25:59,930 INFO  server.RaftServerConfigKeys (ConfUtils.java:logGet(46)) - raft.server.log.segment.cache.num.max = 6 (default)
2024-12-14 12:25:59,930 INFO  server.RaftServerConfigKeys (ConfUtils.java:logGet(46)) - raft.server.log.segment.cache.size.max = 200MB (=209715200) (default)
2024-12-14 12:25:59,930 INFO  server.RaftServerConfigKeys (ConfUtils.java:logGet(46)) - raft.server.log.appender.buffer.byte-limit = 4MB (=4194304) (default)
2024-12-14 12:25:59,931 INFO  util.AwaitToRun (AwaitToRun.java:start(81)) - Thread[s0@group-0A0C1A18FF69-cacheEviction-AwaitToRun,5,main] started
2024-12-14 12:25:59,931 INFO  segmented.SegmentedRaftLogWorker (SegmentedRaftLogWorker.java:<init>(189)) - new s0@group-0A0C1A18FF69-SegmentedRaftLogWorker for RaftStorageImpl:Storage Directory /home/runner/work/ratis/ratis/ratis-examples/target/test/data/da5193cb/MiniRaftClusterWithNetty71855ece/s0/0b7d7992-bc87-43e5-8445-0a0c1a18ff69
2024-12-14 12:25:59,931 INFO  server.RaftServerConfigKeys (ConfUtils.java:logGet(46)) - raft.server.log.queue.byte-limit = 64MB (=67108864) (default)
2024-12-14 12:25:59,931 INFO  server.RaftServerConfigKeys (ConfUtils.java:logGet(46)) - raft.server.log.queue.element-limit = 4096 (default)
2024-12-14 12:25:59,931 INFO  server.RaftServerConfigKeys (ConfUtils.java:logGet(46)) - raft.server.log.segment.size.max = 32MB (=33554432) (default)
2024-12-14 12:25:59,931 INFO  server.RaftServerConfigKeys (ConfUtils.java:logGet(46)) - raft.server.log.preallocated.size = 4MB (=4194304) (default)
2024-12-14 12:25:59,931 INFO  server.RaftServerConfigKeys (ConfUtils.java:logGet(46)) - raft.server.log.force.sync.num = 128 (default)
2024-12-14 12:25:59,931 INFO  server.RaftServerConfigKeys (ConfUtils.java:logGet(46)) - raft.server.log.statemachine.data.sync = true (default)
2024-12-14 12:25:59,931 INFO  server.RaftServerConfigKeys (ConfUtils.java:logGet(46)) - raft.server.log.statemachine.data.sync.timeout = 10s (default)
2024-12-14 12:25:59,931 INFO  server.RaftServerConfigKeys (ConfUtils.java:logGet(46)) - raft.server.log.statemachine.data.sync.timeout.retry = -1 (default)
2024-12-14 12:25:59,931 INFO  server.RaftServerConfigKeys (ConfUtils.java:logGet(46)) - raft.server.log.write.buffer.size = 8MB (=8388608) (default)
2024-12-14 12:25:59,931 INFO  server.RaftServerConfigKeys (ConfUtils.java:logGet(46)) - raft.server.log.appender.buffer.byte-limit = 4MB (=4194304) (default)
2024-12-14 12:25:59,932 INFO  server.RaftServerConfigKeys (ConfUtils.java:logGet(46)) - raft.server.log.unsafe-flush.enabled = false (default)
2024-12-14 12:25:59,932 INFO  server.RaftServerConfigKeys (ConfUtils.java:logGet(46)) - raft.server.log.async-flush.enabled = false (default)
2024-12-14 12:25:59,932 INFO  server.RaftServerConfigKeys (ConfUtils.java:logGet(46)) - raft.server.log.statemachine.data.caching.enabled = false (default)
2024-12-14 12:25:59,932 INFO  segmented.SegmentedRaftLogWorker (SegmentedRaftLogWorker.java:lambda$new$0(140)) - s0@group-0A0C1A18FF69-SegmentedRaftLogWorker: flushIndex: setUnconditionally 0 -> -1
2024-12-14 12:25:59,932 INFO  segmented.SegmentedRaftLogWorker (SegmentedRaftLogWorker.java:lambda$new$0(140)) - s0@group-0A0C1A18FF69-SegmentedRaftLogWorker: safeCacheEvictIndex: setUnconditionally 0 -> -1
2024-12-14 12:25:59,932 INFO  server.RaftServer$Division (RaftServerImpl.java:start(398)) - s0@group-0A0C1A18FF69: start with initializing state, conf=conf: {index: -1, cur=peers:[]|listeners:[], old=null}
2024-12-14 12:25:59,932 INFO  server.RaftServer$Division (RaftServerImpl.java:setRole(379)) - s0@group-0A0C1A18FF69: changes role from      null to FOLLOWER at term 0 for start
2024-12-14 12:25:59,932 INFO  util.JmxRegister (JmxRegister.java:tryRegister(44)) - Successfully registered JMX Bean with object name Ratis:service=RaftServer,group=group-0A0C1A18FF69,id=s0
2024-12-14 12:25:59,932 INFO  util.JmxRegister (JmxRegister.java:register(58)) - register mxBean class org.apache.ratis.server.impl.RaftServerJmxAdapter as Ratis:service=RaftServer,group=group-0A0C1A18FF69,id=s0
2024-12-14 12:25:59,932 INFO  server.RaftServerConfigKeys (ConfUtils.java:logGet(46)) - raft.server.snapshot.trigger-when-stop.enabled = true (default)
2024-12-14 12:25:59,932 INFO  server.RaftServerConfigKeys (ConfUtils.java:logGet(46)) - raft.server.snapshot.trigger-when-remove.enabled = true (default)
2024-12-14 12:25:59,932 INFO  server.RaftServerConfigKeys (ConfUtils.java:logGet(46)) - raft.server.snapshot.auto.trigger.enabled = false (default)
2024-12-14 12:25:59,932 INFO  server.RaftServerConfigKeys (ConfUtils.java:logGet(46)) - raft.server.snapshot.retention.file.num = -1 (default)
2024-12-14 12:25:59,932 INFO  server.RaftServerConfigKeys (ConfUtils.java:logGet(46)) - raft.server.log.purge.upto.snapshot.index = false (default)
2024-12-14 12:25:59,933 INFO  server.RaftServer$Division (RaftServerImpl.java:start(406)) - s0@group-0A0C1A18FF69: Successfully started.
2024-12-14 12:25:59,933 INFO  server.RaftServer (RaftServerProxy.java:startImpl(408)) - s0: start RPC server
2024-12-14 12:25:59,933 INFO  logging.LoggingHandler (AbstractInternalLogger.java:log(148)) - [id: 0x3f89d68f] REGISTERED
2024-12-14 12:25:59,933 INFO  logging.LoggingHandler (AbstractInternalLogger.java:log(148)) - [id: 0x3f89d68f] BIND: 0.0.0.0/0.0.0.0:15015
2024-12-14 12:25:59,933 INFO  logging.LoggingHandler (AbstractInternalLogger.java:log(148)) - [id: 0x3f89d68f, L:/0.0.0.0:15015] ACTIVE
2024-12-14 12:25:59,933 INFO  server.RaftServerConfigKeys (ConfUtils.java:logGet(46)) - raft.server.storage.free-space.min = 0MB (=0) (default)
2024-12-14 12:25:59,933 INFO  util.JvmPauseMonitor (JvmPauseMonitor.java:run(146)) - JvmPauseMonitor-s0: Started
2024-12-14 12:25:59,934 INFO  server.RaftServerConfigKeys (ConfUtils.java:logGet(46)) - raft.server.log.corruption.policy = EXCEPTION (default)
2024-12-14 12:25:59,934 INFO  server.RaftServerConfigKeys (ConfUtils.java:logGet(46)) - raft.server.storage.dir = [/home/runner/work/ratis/ratis/ratis-examples/target/test/data/da5193cb/MiniRaftClusterWithNetty71855ece/s1] (custom)
2024-12-14 12:25:59,934 INFO  storage.RaftStorageDirectory (RaftStorageDirectoryImpl.java:analyzeStorage(138)) - The storage directory /home/runner/work/ratis/ratis/ratis-examples/target/test/data/da5193cb/MiniRaftClusterWithNetty71855ece/s1/0b7d7992-bc87-43e5-8445-0a0c1a18ff69 does not exist. Creating ...
2024-12-14 12:25:59,934 TRACE util.FileUtils (LogUtils.java:runAndLog(49)) - Successfully ran Files.createDirectories /home/runner/work/ratis/ratis/ratis-examples/target/test/data/da5193cb/MiniRaftClusterWithNetty71855ece/s1/0b7d7992-bc87-43e5-8445-0a0c1a18ff69
2024-12-14 12:25:59,936 INFO  storage.RaftStorageDirectory (RaftStorageDirectoryImpl.java:tryLock(229)) - Lock on /home/runner/work/ratis/ratis/ratis-examples/target/test/data/da5193cb/MiniRaftClusterWithNetty71855ece/s1/0b7d7992-bc87-43e5-8445-0a0c1a18ff69/in_use.lock acquired by nodename 14700@fv-az733-880
2024-12-14 12:25:59,936 TRACE util.FileUtils (LogUtils.java:runAndLog(49)) - Successfully ran Files.createDirectories /home/runner/work/ratis/ratis/ratis-examples/target/test/data/da5193cb/MiniRaftClusterWithNetty71855ece/s1/0b7d7992-bc87-43e5-8445-0a0c1a18ff69/current
2024-12-14 12:25:59,937 TRACE util.FileUtils (LogUtils.java:runAndLog(49)) - Successfully ran Files.createDirectories /home/runner/work/ratis/ratis/ratis-examples/target/test/data/da5193cb/MiniRaftClusterWithNetty71855ece/s1/0b7d7992-bc87-43e5-8445-0a0c1a18ff69/sm
2024-12-14 12:25:59,937 TRACE util.FileUtils (LogUtils.java:supplyAndLog(69)) - Successfully supplied FileChannel.open /home/runner/work/ratis/ratis/ratis-examples/target/test/data/da5193cb/MiniRaftClusterWithNetty71855ece/s1/0b7d7992-bc87-43e5-8445-0a0c1a18ff69/current/raft-meta.tmp with options [CREATE, WRITE]: sun.nio.ch.FileChannelImpl@25b03d95
2024-12-14 12:25:59,938 TRACE util.FileUtils (LogUtils.java:runAndLog(49)) - Successfully ran Atomic Files.move /home/runner/work/ratis/ratis/ratis-examples/target/test/data/da5193cb/MiniRaftClusterWithNetty71855ece/s1/0b7d7992-bc87-43e5-8445-0a0c1a18ff69/current/raft-meta.tmp to /home/runner/work/ratis/ratis/ratis-examples/target/test/data/da5193cb/MiniRaftClusterWithNetty71855ece/s1/0b7d7992-bc87-43e5-8445-0a0c1a18ff69/current/raft-meta with options [REPLACE_EXISTING]
2024-12-14 12:25:59,938 INFO  storage.RaftStorage (RaftStorageImpl.java:format(98)) - Storage directory /home/runner/work/ratis/ratis/ratis-examples/target/test/data/da5193cb/MiniRaftClusterWithNetty71855ece/s1/0b7d7992-bc87-43e5-8445-0a0c1a18ff69 has been successfully formatted.
2024-12-14 12:25:59,938 WARN  statemachine.StateMachine (ArithmeticStateMachine.java:loadSnapshot(115)) - The snapshot info is null.
2024-12-14 12:25:59,938 INFO  server.RaftServerConfigKeys (ConfUtils.java:logGet(46)) - raft.server.log.use.memory = false (default)
2024-12-14 12:25:59,938 INFO  server.RaftServerConfigKeys (ConfUtils.java:logGet(46)) - raft.server.log.purge.gap = 1024 (default)
2024-12-14 12:25:59,938 INFO  server.RaftServerConfigKeys (ConfUtils.java:logGet(46)) - raft.server.log.appender.buffer.byte-limit = 4MB (=4194304) (default)
2024-12-14 12:25:59,938 INFO  server.RaftServerConfigKeys (ConfUtils.java:logGet(46)) - raft.server.log.statemachine.data.read.timeout = 1000ms (default)
2024-12-14 12:25:59,938 INFO  server.RaftServerConfigKeys (ConfUtils.java:logGet(46)) - raft.server.log.purge.preservation.log.num = 0 (default)
2024-12-14 12:25:59,938 INFO  server.RaftServerConfigKeys (ConfUtils.java:logGet(46)) - raft.server.log.segment.size.max = 32MB (=33554432) (default)
2024-12-14 12:25:59,939 INFO  server.RaftServerConfigKeys (ConfUtils.java:logGet(46)) - raft.server.log.segment.cache.num.max = 6 (default)
2024-12-14 12:25:59,939 INFO  server.RaftServerConfigKeys (ConfUtils.java:logGet(46)) - raft.server.log.segment.cache.size.max = 200MB (=209715200) (default)
2024-12-14 12:25:59,939 INFO  server.RaftServerConfigKeys (ConfUtils.java:logGet(46)) - raft.server.log.appender.buffer.byte-limit = 4MB (=4194304) (default)
2024-12-14 12:25:59,939 INFO  util.AwaitToRun (AwaitToRun.java:start(81)) - Thread[s1@group-0A0C1A18FF69-cacheEviction-AwaitToRun,5,main] started
2024-12-14 12:25:59,939 INFO  segmented.SegmentedRaftLogWorker (SegmentedRaftLogWorker.java:<init>(189)) - new s1@group-0A0C1A18FF69-SegmentedRaftLogWorker for RaftStorageImpl:Storage Directory /home/runner/work/ratis/ratis/ratis-examples/target/test/data/da5193cb/MiniRaftClusterWithNetty71855ece/s1/0b7d7992-bc87-43e5-8445-0a0c1a18ff69
2024-12-14 12:25:59,939 INFO  server.RaftServerConfigKeys (ConfUtils.java:logGet(46)) - raft.server.log.queue.byte-limit = 64MB (=67108864) (default)
2024-12-14 12:25:59,939 INFO  server.RaftServerConfigKeys (ConfUtils.java:logGet(46)) - raft.server.log.queue.element-limit = 4096 (default)
2024-12-14 12:25:59,939 INFO  server.RaftServerConfigKeys (ConfUtils.java:logGet(46)) - raft.server.log.segment.size.max = 32MB (=33554432) (default)
2024-12-14 12:25:59,939 INFO  server.RaftServerConfigKeys (ConfUtils.java:logGet(46)) - raft.server.log.preallocated.size = 4MB (=4194304) (default)
2024-12-14 12:25:59,939 INFO  server.RaftServerConfigKeys (ConfUtils.java:logGet(46)) - raft.server.log.force.sync.num = 128 (default)
2024-12-14 12:25:59,939 INFO  server.RaftServerConfigKeys (ConfUtils.java:logGet(46)) - raft.server.log.statemachine.data.sync = true (default)
2024-12-14 12:25:59,939 INFO  server.RaftServerConfigKeys (ConfUtils.java:logGet(46)) - raft.server.log.statemachine.data.sync.timeout = 10s (default)
2024-12-14 12:25:59,939 INFO  server.RaftServerConfigKeys (ConfUtils.java:logGet(46)) - raft.server.log.statemachine.data.sync.timeout.retry = -1 (default)
2024-12-14 12:25:59,939 INFO  server.RaftServerConfigKeys (ConfUtils.java:logGet(46)) - raft.server.log.write.buffer.size = 8MB (=8388608) (default)
2024-12-14 12:25:59,941 INFO  server.RaftServerConfigKeys (ConfUtils.java:logGet(46)) - raft.server.log.appender.buffer.byte-limit = 4MB (=4194304) (default)
2024-12-14 12:25:59,941 INFO  server.RaftServerConfigKeys (ConfUtils.java:logGet(46)) - raft.server.log.unsafe-flush.enabled = false (default)
2024-12-14 12:25:59,941 INFO  server.RaftServerConfigKeys (ConfUtils.java:logGet(46)) - raft.server.log.async-flush.enabled = false (default)
2024-12-14 12:25:59,941 INFO  server.RaftServerConfigKeys (ConfUtils.java:logGet(46)) - raft.server.log.statemachine.data.caching.enabled = false (default)
2024-12-14 12:25:59,941 INFO  segmented.SegmentedRaftLogWorker (SegmentedRaftLogWorker.java:lambda$new$0(140)) - s1@group-0A0C1A18FF69-SegmentedRaftLogWorker: flushIndex: setUnconditionally 0 -> -1
2024-12-14 12:25:59,941 INFO  segmented.SegmentedRaftLogWorker (SegmentedRaftLogWorker.java:lambda$new$0(140)) - s1@group-0A0C1A18FF69-SegmentedRaftLogWorker: safeCacheEvictIndex: setUnconditionally 0 -> -1
2024-12-14 12:25:59,941 INFO  server.RaftServer$Division (RaftServerImpl.java:start(398)) - s1@group-0A0C1A18FF69: start with initializing state, conf=conf: {index: -1, cur=peers:[]|listeners:[], old=null}
2024-12-14 12:25:59,941 INFO  server.RaftServer$Division (RaftServerImpl.java:setRole(379)) - s1@group-0A0C1A18FF69: changes role from      null to FOLLOWER at term 0 for start
2024-12-14 12:25:59,941 INFO  util.JmxRegister (JmxRegister.java:tryRegister(44)) - Successfully registered JMX Bean with object name Ratis:service=RaftServer,group=group-0A0C1A18FF69,id=s1
2024-12-14 12:25:59,941 INFO  util.JmxRegister (JmxRegister.java:register(58)) - register mxBean class org.apache.ratis.server.impl.RaftServerJmxAdapter as Ratis:service=RaftServer,group=group-0A0C1A18FF69,id=s1
2024-12-14 12:25:59,941 INFO  server.RaftServerConfigKeys (ConfUtils.java:logGet(46)) - raft.server.snapshot.trigger-when-stop.enabled = true (default)
2024-12-14 12:25:59,941 INFO  server.RaftServerConfigKeys (ConfUtils.java:logGet(46)) - raft.server.snapshot.trigger-when-remove.enabled = true (default)
2024-12-14 12:25:59,942 INFO  server.RaftServerConfigKeys (ConfUtils.java:logGet(46)) - raft.server.snapshot.auto.trigger.enabled = false (default)
2024-12-14 12:25:59,942 INFO  server.RaftServerConfigKeys (ConfUtils.java:logGet(46)) - raft.server.snapshot.retention.file.num = -1 (default)
2024-12-14 12:25:59,942 INFO  server.RaftServerConfigKeys (ConfUtils.java:logGet(46)) - raft.server.log.purge.upto.snapshot.index = false (default)
2024-12-14 12:25:59,942 INFO  server.RaftServer$Division (RaftServerImpl.java:start(406)) - s1@group-0A0C1A18FF69: Successfully started.
2024-12-14 12:25:59,942 INFO  server.RaftServer (RaftServerProxy.java:startImpl(408)) - s1: start RPC server
2024-12-14 12:25:59,942 INFO  logging.LoggingHandler (AbstractInternalLogger.java:log(148)) - [id: 0x356557ed] REGISTERED
2024-12-14 12:25:59,942 INFO  logging.LoggingHandler (AbstractInternalLogger.java:log(148)) - [id: 0x356557ed] BIND: 0.0.0.0/0.0.0.0:15016
2024-12-14 12:25:59,943 INFO  logging.LoggingHandler (AbstractInternalLogger.java:log(148)) - [id: 0x356557ed, L:/0.0.0.0:15016] ACTIVE
2024-12-14 12:25:59,943 INFO  server.RaftServerConfigKeys (ConfUtils.java:logGet(46)) - raft.server.storage.free-space.min = 0MB (=0) (default)
2024-12-14 12:25:59,943 INFO  util.JvmPauseMonitor (JvmPauseMonitor.java:run(146)) - JvmPauseMonitor-s1: Started
2024-12-14 12:25:59,943 INFO  server.RaftServerConfigKeys (ConfUtils.java:logGet(46)) - raft.server.log.corruption.policy = EXCEPTION (default)
2024-12-14 12:25:59,943 INFO  server.RaftServerConfigKeys (ConfUtils.java:logGet(46)) - raft.server.storage.dir = [/home/runner/work/ratis/ratis/ratis-examples/target/test/data/da5193cb/MiniRaftClusterWithNetty71855ece/s2] (custom)
2024-12-14 12:25:59,943 INFO  storage.RaftStorageDirectory (RaftStorageDirectoryImpl.java:analyzeStorage(138)) - The storage directory /home/runner/work/ratis/ratis/ratis-examples/target/test/data/da5193cb/MiniRaftClusterWithNetty71855ece/s2/0b7d7992-bc87-43e5-8445-0a0c1a18ff69 does not exist. Creating ...
2024-12-14 12:25:59,943 TRACE util.FileUtils (LogUtils.java:runAndLog(49)) - Successfully ran Files.createDirectories /home/runner/work/ratis/ratis/ratis-examples/target/test/data/da5193cb/MiniRaftClusterWithNetty71855ece/s2/0b7d7992-bc87-43e5-8445-0a0c1a18ff69
2024-12-14 12:25:59,944 INFO  storage.RaftStorageDirectory (RaftStorageDirectoryImpl.java:tryLock(229)) - Lock on /home/runner/work/ratis/ratis/ratis-examples/target/test/data/da5193cb/MiniRaftClusterWithNetty71855ece/s2/0b7d7992-bc87-43e5-8445-0a0c1a18ff69/in_use.lock acquired by nodename 14700@fv-az733-880
2024-12-14 12:25:59,944 TRACE util.FileUtils (LogUtils.java:runAndLog(49)) - Successfully ran Files.createDirectories /home/runner/work/ratis/ratis/ratis-examples/target/test/data/da5193cb/MiniRaftClusterWithNetty71855ece/s2/0b7d7992-bc87-43e5-8445-0a0c1a18ff69/current
2024-12-14 12:25:59,944 TRACE util.FileUtils (LogUtils.java:runAndLog(49)) - Successfully ran Files.createDirectories /home/runner/work/ratis/ratis/ratis-examples/target/test/data/da5193cb/MiniRaftClusterWithNetty71855ece/s2/0b7d7992-bc87-43e5-8445-0a0c1a18ff69/sm
2024-12-14 12:25:59,944 TRACE util.FileUtils (LogUtils.java:supplyAndLog(69)) - Successfully supplied FileChannel.open /home/runner/work/ratis/ratis/ratis-examples/target/test/data/da5193cb/MiniRaftClusterWithNetty71855ece/s2/0b7d7992-bc87-43e5-8445-0a0c1a18ff69/current/raft-meta.tmp with options [CREATE, WRITE]: sun.nio.ch.FileChannelImpl@1c5f5839
2024-12-14 12:25:59,945 TRACE util.FileUtils (LogUtils.java:runAndLog(49)) - Successfully ran Atomic Files.move /home/runner/work/ratis/ratis/ratis-examples/target/test/data/da5193cb/MiniRaftClusterWithNetty71855ece/s2/0b7d7992-bc87-43e5-8445-0a0c1a18ff69/current/raft-meta.tmp to /home/runner/work/ratis/ratis/ratis-examples/target/test/data/da5193cb/MiniRaftClusterWithNetty71855ece/s2/0b7d7992-bc87-43e5-8445-0a0c1a18ff69/current/raft-meta with options [REPLACE_EXISTING]
2024-12-14 12:25:59,945 INFO  storage.RaftStorage (RaftStorageImpl.java:format(98)) - Storage directory /home/runner/work/ratis/ratis/ratis-examples/target/test/data/da5193cb/MiniRaftClusterWithNetty71855ece/s2/0b7d7992-bc87-43e5-8445-0a0c1a18ff69 has been successfully formatted.
2024-12-14 12:25:59,945 WARN  statemachine.StateMachine (ArithmeticStateMachine.java:loadSnapshot(115)) - The snapshot info is null.
2024-12-14 12:25:59,945 INFO  server.RaftServerConfigKeys (ConfUtils.java:logGet(46)) - raft.server.log.use.memory = false (default)
2024-12-14 12:25:59,945 INFO  server.RaftServerConfigKeys (ConfUtils.java:logGet(46)) - raft.server.log.purge.gap = 1024 (default)
2024-12-14 12:25:59,945 INFO  server.RaftServerConfigKeys (ConfUtils.java:logGet(46)) - raft.server.log.appender.buffer.byte-limit = 4MB (=4194304) (default)
2024-12-14 12:25:59,945 INFO  server.RaftServerConfigKeys (ConfUtils.java:logGet(46)) - raft.server.log.statemachine.data.read.timeout = 1000ms (default)
2024-12-14 12:25:59,945 INFO  server.RaftServerConfigKeys (ConfUtils.java:logGet(46)) - raft.server.log.purge.preservation.log.num = 0 (default)
2024-12-14 12:25:59,946 INFO  server.RaftServerConfigKeys (ConfUtils.java:logGet(46)) - raft.server.log.segment.size.max = 32MB (=33554432) (default)
2024-12-14 12:25:59,946 INFO  server.RaftServerConfigKeys (ConfUtils.java:logGet(46)) - raft.server.log.segment.cache.num.max = 6 (default)
2024-12-14 12:25:59,946 INFO  server.RaftServerConfigKeys (ConfUtils.java:logGet(46)) - raft.server.log.segment.cache.size.max = 200MB (=209715200) (default)
2024-12-14 12:25:59,946 INFO  server.RaftServerConfigKeys (ConfUtils.java:logGet(46)) - raft.server.log.appender.buffer.byte-limit = 4MB (=4194304) (default)
2024-12-14 12:25:59,946 INFO  util.AwaitToRun (AwaitToRun.java:start(81)) - Thread[s2@group-0A0C1A18FF69-cacheEviction-AwaitToRun,5,main] started
2024-12-14 12:25:59,946 INFO  segmented.SegmentedRaftLogWorker (SegmentedRaftLogWorker.java:<init>(189)) - new s2@group-0A0C1A18FF69-SegmentedRaftLogWorker for RaftStorageImpl:Storage Directory /home/runner/work/ratis/ratis/ratis-examples/target/test/data/da5193cb/MiniRaftClusterWithNetty71855ece/s2/0b7d7992-bc87-43e5-8445-0a0c1a18ff69
2024-12-14 12:25:59,946 INFO  server.RaftServerConfigKeys (ConfUtils.java:logGet(46)) - raft.server.log.queue.byte-limit = 64MB (=67108864) (default)
2024-12-14 12:25:59,946 INFO  server.RaftServerConfigKeys (ConfUtils.java:logGet(46)) - raft.server.log.queue.element-limit = 4096 (default)
2024-12-14 12:25:59,946 INFO  server.RaftServerConfigKeys (ConfUtils.java:logGet(46)) - raft.server.log.segment.size.max = 32MB (=33554432) (default)
2024-12-14 12:25:59,946 INFO  server.RaftServerConfigKeys (ConfUtils.java:logGet(46)) - raft.server.log.preallocated.size = 4MB (=4194304) (default)
2024-12-14 12:25:59,946 INFO  server.RaftServerConfigKeys (ConfUtils.java:logGet(46)) - raft.server.log.force.sync.num = 128 (default)
2024-12-14 12:25:59,946 INFO  server.RaftServerConfigKeys (ConfUtils.java:logGet(46)) - raft.server.log.statemachine.data.sync = true (default)
2024-12-14 12:25:59,946 INFO  server.RaftServerConfigKeys (ConfUtils.java:logGet(46)) - raft.server.log.statemachine.data.sync.timeout = 10s (default)
2024-12-14 12:25:59,946 INFO  server.RaftServerConfigKeys (ConfUtils.java:logGet(46)) - raft.server.log.statemachine.data.sync.timeout.retry = -1 (default)
2024-12-14 12:25:59,946 INFO  server.RaftServerConfigKeys (ConfUtils.java:logGet(46)) - raft.server.log.write.buffer.size = 8MB (=8388608) (default)
2024-12-14 12:25:59,948 INFO  server.RaftServerConfigKeys (ConfUtils.java:logGet(46)) - raft.server.log.appender.buffer.byte-limit = 4MB (=4194304) (default)
2024-12-14 12:25:59,948 INFO  server.RaftServerConfigKeys (ConfUtils.java:logGet(46)) - raft.server.log.unsafe-flush.enabled = false (default)
2024-12-14 12:25:59,948 INFO  server.RaftServerConfigKeys (ConfUtils.java:logGet(46)) - raft.server.log.async-flush.enabled = false (default)
2024-12-14 12:25:59,948 INFO  server.RaftServerConfigKeys (ConfUtils.java:logGet(46)) - raft.server.log.statemachine.data.caching.enabled = false (default)
2024-12-14 12:25:59,948 INFO  segmented.SegmentedRaftLogWorker (SegmentedRaftLogWorker.java:lambda$new$0(140)) - s2@group-0A0C1A18FF69-SegmentedRaftLogWorker: flushIndex: setUnconditionally 0 -> -1
2024-12-14 12:25:59,948 INFO  segmented.SegmentedRaftLogWorker (SegmentedRaftLogWorker.java:lambda$new$0(140)) - s2@group-0A0C1A18FF69-SegmentedRaftLogWorker: safeCacheEvictIndex: setUnconditionally 0 -> -1
2024-12-14 12:25:59,948 INFO  server.RaftServer$Division (RaftServerImpl.java:start(398)) - s2@group-0A0C1A18FF69: start with initializing state, conf=conf: {index: -1, cur=peers:[]|listeners:[], old=null}
2024-12-14 12:25:59,948 INFO  server.RaftServer$Division (RaftServerImpl.java:setRole(379)) - s2@group-0A0C1A18FF69: changes role from      null to FOLLOWER at term 0 for start
2024-12-14 12:25:59,948 INFO  util.JmxRegister (JmxRegister.java:tryRegister(44)) - Successfully registered JMX Bean with object name Ratis:service=RaftServer,group=group-0A0C1A18FF69,id=s2
2024-12-14 12:25:59,948 INFO  util.JmxRegister (JmxRegister.java:register(58)) - register mxBean class org.apache.ratis.server.impl.RaftServerJmxAdapter as Ratis:service=RaftServer,group=group-0A0C1A18FF69,id=s2
2024-12-14 12:25:59,948 INFO  server.RaftServerConfigKeys (ConfUtils.java:logGet(46)) - raft.server.snapshot.trigger-when-stop.enabled = true (default)
2024-12-14 12:25:59,948 INFO  server.RaftServerConfigKeys (ConfUtils.java:logGet(46)) - raft.server.snapshot.trigger-when-remove.enabled = true (default)
2024-12-14 12:25:59,948 INFO  server.RaftServerConfigKeys (ConfUtils.java:logGet(46)) - raft.server.snapshot.auto.trigger.enabled = false (default)
2024-12-14 12:25:59,948 INFO  server.RaftServerConfigKeys (ConfUtils.java:logGet(46)) - raft.server.snapshot.retention.file.num = -1 (default)
2024-12-14 12:25:59,948 INFO  server.RaftServerConfigKeys (ConfUtils.java:logGet(46)) - raft.server.log.purge.upto.snapshot.index = false (default)
2024-12-14 12:25:59,948 INFO  server.RaftServer$Division (RaftServerImpl.java:start(406)) - s2@group-0A0C1A18FF69: Successfully started.
2024-12-14 12:25:59,948 INFO  server.RaftServer (RaftServerProxy.java:startImpl(408)) - s2: start RPC server
2024-12-14 12:25:59,949 INFO  logging.LoggingHandler (AbstractInternalLogger.java:log(148)) - [id: 0x959ca32c] REGISTERED
2024-12-14 12:25:59,949 INFO  logging.LoggingHandler (AbstractInternalLogger.java:log(148)) - [id: 0x959ca32c] BIND: 0.0.0.0/0.0.0.0:15017
2024-12-14 12:25:59,949 INFO  util.JvmPauseMonitor (JvmPauseMonitor.java:run(146)) - JvmPauseMonitor-s2: Started
2024-12-14 12:25:59,949 INFO  logging.LoggingHandler (AbstractInternalLogger.java:log(148)) - [id: 0x959ca32c, L:/0.0.0.0:15017] ACTIVE
2024-12-14 12:26:00,950 INFO  impl.GroupManagementBaseTest (GroupManagementBaseTest.java:runMultiGroupTest(267)) - start: printing ALL groups
  s3:  RUNNING  FOLLOWER s3@group-0A0C1A18FF69:t0, leader=null, voted=, raftlog=Memoized:s3@group-0A0C1A18FF69-SegmentedRaftLog:OPENED:c-1:lastnull, conf=conf: {index: -1, cur=peers:[]|listeners:[], old=null} STARTING
  s4:  RUNNING  FOLLOWER s4@group-0A0C1A18FF69:t0, leader=null, voted=, raftlog=Memoized:s4@group-0A0C1A18FF69-SegmentedRaftLog:OPENED:c-1:lastnull, conf=conf: {index: -1, cur=peers:[]|listeners:[], old=null} STARTING
  s5:  RUNNING  FOLLOWER s5@group-0A0C1A18FF69:t0, leader=null, voted=, raftlog=Memoized:s5@group-0A0C1A18FF69-SegmentedRaftLog:OPENED:c-1:lastnull, conf=conf: {index: -1, cur=peers:[]|listeners:[], old=null} STARTING
  s6:  RUNNING  FOLLOWER s6@group-0A0C1A18FF69:t0, leader=null, voted=, raftlog=Memoized:s6@group-0A0C1A18FF69-SegmentedRaftLog:OPENED:c-1:lastnull, conf=conf: {index: -1, cur=peers:[]|listeners:[], old=null} STARTING
  s7:  RUNNING  FOLLOWER s7@group-0A0C1A18FF69:t0, leader=null, voted=, raftlog=Memoized:s7@group-0A0C1A18FF69-SegmentedRaftLog:OPENED:c-1:lastnull, conf=conf: {index: -1, cur=peers:[]|listeners:[], old=null} STARTING
  s8:  RUNNING  FOLLOWER s8@group-0A0C1A18FF69:t0, leader=null, voted=, raftlog=Memoized:s8@group-0A0C1A18FF69-SegmentedRaftLog:OPENED:c-1:lastnull, conf=conf: {index: -1, cur=peers:[]|listeners:[], old=null} STARTING
  s9:  RUNNING  FOLLOWER s9@group-0A0C1A18FF69:t0, leader=null, voted=, raftlog=Memoized:s9@group-0A0C1A18FF69-SegmentedRaftLog:OPENED:c-1:lastnull, conf=conf: {index: -1, cur=peers:[]|listeners:[], old=null} STARTING
  s11:  RUNNING  FOLLOWER s11@group-0A0C1A18FF69:t0, leader=null, voted=, raftlog=Memoized:s11@group-0A0C1A18FF69-SegmentedRaftLog:OPENED:c-1:lastnull, conf=conf: {index: -1, cur=peers:[]|listeners:[], old=null} STARTING
  s10:  RUNNING  FOLLOWER s10@group-0A0C1A18FF69:t0, leader=null, voted=, raftlog=Memoized:s10@group-0A0C1A18FF69-SegmentedRaftLog:OPENED:c-1:lastnull, conf=conf: {index: -1, cur=peers:[]|listeners:[], old=null} STARTING
  s13:  RUNNING  FOLLOWER s13@group-0A0C1A18FF69:t0, leader=null, voted=, raftlog=Memoized:s13@group-0A0C1A18FF69-SegmentedRaftLog:OPENED:c-1:lastnull, conf=conf: {index: -1, cur=peers:[]|listeners:[], old=null} STARTING
  s12:  RUNNING  FOLLOWER s12@group-0A0C1A18FF69:t0, leader=null, voted=, raftlog=Memoized:s12@group-0A0C1A18FF69-SegmentedRaftLog:OPENED:c-1:lastnull, conf=conf: {index: -1, cur=peers:[]|listeners:[], old=null} STARTING
  s14:  RUNNING  FOLLOWER s14@group-0A0C1A18FF69:t0, leader=null, voted=, raftlog=Memoized:s14@group-0A0C1A18FF69-SegmentedRaftLog:OPENED:c-1:lastnull, conf=conf: {index: -1, cur=peers:[]|listeners:[], old=null} STARTING
  s0:  RUNNING  FOLLOWER s0@group-0A0C1A18FF69:t0, leader=null, voted=, raftlog=Memoized:s0@group-0A0C1A18FF69-SegmentedRaftLog:OPENED:c-1:lastnull, conf=conf: {index: -1, cur=peers:[]|listeners:[], old=null} STARTING
  s1:  RUNNING  FOLLOWER s1@group-0A0C1A18FF69:t0, leader=null, voted=, raftlog=Memoized:s1@group-0A0C1A18FF69-SegmentedRaftLog:OPENED:c-1:lastnull, conf=conf: {index: -1, cur=peers:[]|listeners:[], old=null} STARTING
  s2:  RUNNING  FOLLOWER s2@group-0A0C1A18FF69:t0, leader=null, voted=, raftlog=Memoized:s2@group-0A0C1A18FF69-SegmentedRaftLog:OPENED:c-1:lastnull, conf=conf: {index: -1, cur=peers:[]|listeners:[], old=null} STARTING
2024-12-14 12:26:00,950 INFO  impl.GroupManagementBaseTest (GroupManagementBaseTest.java:runMultiGroupTest(281)) - 0) starting group-BFFFED5AA7A9:[s10|0.0.0.0:15025, s0|0.0.0.0:15015, s1|0.0.0.0:15016]
2024-12-14 12:26:00,952 INFO  netty.NettyUtils (NettyUtils.java:newEventLoopGroup(74)) - Create EpollEventLoopGroup for client-4E6A9D2D11B2; Thread size is 0.
2024-12-14 12:26:00,970 INFO  logging.LoggingHandler (AbstractInternalLogger.java:log(148)) - [id: 0x3f89d68f, L:/0.0.0.0:15015] READ: [id: 0xf121eb94, L:/127.0.0.1:15015 - R:/127.0.0.1:45760]
2024-12-14 12:26:00,970 INFO  logging.LoggingHandler (AbstractInternalLogger.java:log(148)) - [id: 0x3f89d68f, L:/0.0.0.0:15015] READ COMPLETE
2024-12-14 12:26:00,980 INFO  server.RaftServer (RaftServerProxy.java:addNew(101)) - s0: addNew group-BFFFED5AA7A9:[s10|0.0.0.0:15025, s0|0.0.0.0:15015, s1|0.0.0.0:15016] returns group-BFFFED5AA7A9:java.util.concurrent.CompletableFuture@decb535[Not completed]
2024-12-14 12:26:00,980 INFO  server.RaftServer$Division (RaftServerImpl.java:<init>(256)) - s0: new RaftServerImpl for group-BFFFED5AA7A9:[s10|0.0.0.0:15025, s0|0.0.0.0:15015, s1|0.0.0.0:15016] with ArithmeticStateMachine:uninitialized
2024-12-14 12:26:00,981 INFO  server.RaftServerConfigKeys (ConfUtils.java:logGet(46)) - raft.server.rpc.timeout.min = 300ms (custom)
2024-12-14 12:26:00,981 INFO  server.RaftServerConfigKeys (ConfUtils.java:logGet(46)) - raft.server.rpc.timeout.max = 600ms (custom)
2024-12-14 12:26:00,981 INFO  server.RaftServerConfigKeys (ConfUtils.java:logGet(46)) - raft.server.rpc.sleep.time = 25ms (default)
2024-12-14 12:26:00,981 INFO  server.RaftServerConfigKeys (ConfUtils.java:logGet(46)) - raft.server.rpc.slowness.timeout = 60s (default)
2024-12-14 12:26:00,981 INFO  server.RaftServerConfigKeys (ConfUtils.java:logGet(46)) - raft.server.leaderelection.leader.step-down.wait-time = 10s (default)
2024-12-14 12:26:00,981 INFO  server.RaftServerConfigKeys (ConfUtils.java:logGet(46)) - raft.server.leaderelection.member.majority-add = false (default)
2024-12-14 12:26:00,981 INFO  server.RaftServerConfigKeys (ConfUtils.java:logGet(46)) - raft.server.sleep.deviation.threshold = 300ms (default)
2024-12-14 12:26:00,981 INFO  server.RaftServer$Division (ServerState.java:<init>(114)) - s0@group-BFFFED5AA7A9: ConfigurationManager, init=conf: {index: -1, cur=peers:[s10|0.0.0.0:15025, s0|0.0.0.0:15015, s1|0.0.0.0:15016]|listeners:[], old=null}, confs=<EMPTY_MAP>
2024-12-14 12:26:00,981 INFO  server.RaftServerConfigKeys (ConfUtils.java:logGet(46)) - raft.server.notification.no-leader.timeout = 60s (default)
2024-12-14 12:26:00,981 INFO  server.RaftServerConfigKeys (ConfUtils.java:logGet(46)) - raft.server.read.timeout = 10s (default)
2024-12-14 12:26:00,981 INFO  server.RaftServerConfigKeys (ConfUtils.java:logGet(46)) - raft.server.retrycache.expirytime = 60s (default)
2024-12-14 12:26:00,981 INFO  server.RaftServerConfigKeys (ConfUtils.java:logGet(46)) - raft.server.retrycache.statistics.expirytime = 100ms (default)
2024-12-14 12:26:00,981 INFO  server.RaftServerConfigKeys (ConfUtils.java:logGet(46)) - raft.server.read.option = DEFAULT (default)
2024-12-14 12:26:00,981 INFO  server.RaftServerConfigKeys (ConfUtils.java:logGet(46)) - raft.server.read.read-after-write-consistent.write-index-cache.expiry-time = 60s (default)
2024-12-14 12:26:00,982 INFO  server.RaftServerConfigKeys (ConfUtils.java:logGet(46)) - raft.server.rpc.request.timeout = 3000ms (default)
2024-12-14 12:26:00,982 INFO  server.RaftServerConfigKeys (ConfUtils.java:logGet(46)) - raft.server.log.appender.install.snapshot.enabled = true (default)
2024-12-14 12:26:00,982 INFO  server.RaftServerConfigKeys (ConfUtils.java:logGet(46)) - raft.server.threadpool.server.cached = true (default)
2024-12-14 12:26:00,982 INFO  server.RaftServerConfigKeys (ConfUtils.java:logGet(46)) - raft.server.threadpool.server.size = 0 (default)
2024-12-14 12:26:00,982 INFO  server.RaftServerConfigKeys (ConfUtils.java:logGet(46)) - raft.server.threadpool.client.cached = true (default)
2024-12-14 12:26:00,982 INFO  server.RaftServerConfigKeys (ConfUtils.java:logGet(46)) - raft.server.threadpool.client.size = 0 (default)
2024-12-14 12:26:00,982 INFO  server.RaftServerConfigKeys (ConfUtils.java:logGet(46)) - raft.server.storage.free-space.min = 0MB (=0) (default)
2024-12-14 12:26:00,982 INFO  server.RaftServerConfigKeys (ConfUtils.java:logGet(46)) - raft.server.log.corruption.policy = EXCEPTION (default)
2024-12-14 12:26:00,982 INFO  server.RaftServerConfigKeys (ConfUtils.java:logGet(46)) - raft.server.storage.dir = [/home/runner/work/ratis/ratis/ratis-examples/target/test/data/da5193cb/MiniRaftClusterWithNetty71855ece/s0] (custom)
2024-12-14 12:26:00,983 INFO  storage.RaftStorageDirectory (RaftStorageDirectoryImpl.java:analyzeStorage(138)) - The storage directory /home/runner/work/ratis/ratis/ratis-examples/target/test/data/da5193cb/MiniRaftClusterWithNetty71855ece/s0/b2a16b91-213d-439c-9f8d-bfffed5aa7a9 does not exist. Creating ...
2024-12-14 12:26:00,983 TRACE util.FileUtils (LogUtils.java:runAndLog(49)) - Successfully ran Files.createDirectories /home/runner/work/ratis/ratis/ratis-examples/target/test/data/da5193cb/MiniRaftClusterWithNetty71855ece/s0/b2a16b91-213d-439c-9f8d-bfffed5aa7a9
2024-12-14 12:26:00,983 INFO  storage.RaftStorageDirectory (RaftStorageDirectoryImpl.java:tryLock(229)) - Lock on /home/runner/work/ratis/ratis/ratis-examples/target/test/data/da5193cb/MiniRaftClusterWithNetty71855ece/s0/b2a16b91-213d-439c-9f8d-bfffed5aa7a9/in_use.lock acquired by nodename 14700@fv-az733-880
2024-12-14 12:26:00,983 TRACE util.FileUtils (LogUtils.java:runAndLog(49)) - Successfully ran Files.createDirectories /home/runner/work/ratis/ratis/ratis-examples/target/test/data/da5193cb/MiniRaftClusterWithNetty71855ece/s0/b2a16b91-213d-439c-9f8d-bfffed5aa7a9/current
2024-12-14 12:26:00,984 TRACE util.FileUtils (LogUtils.java:runAndLog(49)) - Successfully ran Files.createDirectories /home/runner/work/ratis/ratis/ratis-examples/target/test/data/da5193cb/MiniRaftClusterWithNetty71855ece/s0/b2a16b91-213d-439c-9f8d-bfffed5aa7a9/sm
2024-12-14 12:26:00,984 TRACE util.FileUtils (LogUtils.java:supplyAndLog(69)) - Successfully supplied FileChannel.open /home/runner/work/ratis/ratis/ratis-examples/target/test/data/da5193cb/MiniRaftClusterWithNetty71855ece/s0/b2a16b91-213d-439c-9f8d-bfffed5aa7a9/current/raft-meta.tmp with options [CREATE, WRITE]: sun.nio.ch.FileChannelImpl@33499cc4
2024-12-14 12:26:00,984 TRACE util.FileUtils (LogUtils.java:runAndLog(49)) - Successfully ran Atomic Files.move /home/runner/work/ratis/ratis/ratis-examples/target/test/data/da5193cb/MiniRaftClusterWithNetty71855ece/s0/b2a16b91-213d-439c-9f8d-bfffed5aa7a9/current/raft-meta.tmp to /home/runner/work/ratis/ratis/ratis-examples/target/test/data/da5193cb/MiniRaftClusterWithNetty71855ece/s0/b2a16b91-213d-439c-9f8d-bfffed5aa7a9/current/raft-meta with options [REPLACE_EXISTING]
2024-12-14 12:26:00,984 INFO  storage.RaftStorage (RaftStorageImpl.java:format(98)) - Storage directory /home/runner/work/ratis/ratis/ratis-examples/target/test/data/da5193cb/MiniRaftClusterWithNetty71855ece/s0/b2a16b91-213d-439c-9f8d-bfffed5aa7a9 has been successfully formatted.
2024-12-14 12:26:00,985 WARN  statemachine.StateMachine (ArithmeticStateMachine.java:loadSnapshot(115)) - The snapshot info is null.
2024-12-14 12:26:00,985 INFO  server.RaftServerConfigKeys (ConfUtils.java:logGet(46)) - raft.server.log.use.memory = false (default)
2024-12-14 12:26:00,985 INFO  server.RaftServerConfigKeys (ConfUtils.java:logGet(46)) - raft.server.log.purge.gap = 1024 (default)
2024-12-14 12:26:00,985 INFO  server.RaftServerConfigKeys (ConfUtils.java:logGet(46)) - raft.server.log.appender.buffer.byte-limit = 4MB (=4194304) (default)
2024-12-14 12:26:00,985 INFO  server.RaftServerConfigKeys (ConfUtils.java:logGet(46)) - raft.server.log.statemachine.data.read.timeout = 1000ms (default)
2024-12-14 12:26:00,985 INFO  server.RaftServerConfigKeys (ConfUtils.java:logGet(46)) - raft.server.log.purge.preservation.log.num = 0 (default)
2024-12-14 12:26:00,985 INFO  server.RaftServerConfigKeys (ConfUtils.java:logGet(46)) - raft.server.log.segment.size.max = 32MB (=33554432) (default)
2024-12-14 12:26:00,985 INFO  server.RaftServerConfigKeys (ConfUtils.java:logGet(46)) - raft.server.log.segment.cache.num.max = 6 (default)
2024-12-14 12:26:00,985 INFO  server.RaftServerConfigKeys (ConfUtils.java:logGet(46)) - raft.server.log.segment.cache.size.max = 200MB (=209715200) (default)
2024-12-14 12:26:00,985 INFO  server.RaftServerConfigKeys (ConfUtils.java:logGet(46)) - raft.server.log.appender.buffer.byte-limit = 4MB (=4194304) (default)
2024-12-14 12:26:00,985 INFO  util.AwaitToRun (AwaitToRun.java:start(81)) - Thread[s0@group-BFFFED5AA7A9-cacheEviction-AwaitToRun,5,main] started
2024-12-14 12:26:00,985 INFO  segmented.SegmentedRaftLogWorker (SegmentedRaftLogWorker.java:<init>(189)) - new s0@group-BFFFED5AA7A9-SegmentedRaftLogWorker for RaftStorageImpl:Storage Directory /home/runner/work/ratis/ratis/ratis-examples/target/test/data/da5193cb/MiniRaftClusterWithNetty71855ece/s0/b2a16b91-213d-439c-9f8d-bfffed5aa7a9
2024-12-14 12:26:00,985 INFO  server.RaftServerConfigKeys (ConfUtils.java:logGet(46)) - raft.server.log.queue.byte-limit = 64MB (=67108864) (default)
2024-12-14 12:26:00,985 INFO  server.RaftServerConfigKeys (ConfUtils.java:logGet(46)) - raft.server.log.queue.element-limit = 4096 (default)
2024-12-14 12:26:00,986 INFO  server.RaftServerConfigKeys (ConfUtils.java:logGet(46)) - raft.server.log.segment.size.max = 32MB (=33554432) (default)
2024-12-14 12:26:00,986 INFO  server.RaftServerConfigKeys (ConfUtils.java:logGet(46)) - raft.server.log.preallocated.size = 4MB (=4194304) (default)
2024-12-14 12:26:00,986 INFO  server.RaftServerConfigKeys (ConfUtils.java:logGet(46)) - raft.server.log.force.sync.num = 128 (default)
2024-12-14 12:26:00,986 INFO  server.RaftServerConfigKeys (ConfUtils.java:logGet(46)) - raft.server.log.statemachine.data.sync = true (default)
2024-12-14 12:26:00,986 INFO  server.RaftServerConfigKeys (ConfUtils.java:logGet(46)) - raft.server.log.statemachine.data.sync.timeout = 10s (default)
2024-12-14 12:26:00,986 INFO  server.RaftServerConfigKeys (ConfUtils.java:logGet(46)) - raft.server.log.statemachine.data.sync.timeout.retry = -1 (default)
2024-12-14 12:26:00,986 INFO  server.RaftServerConfigKeys (ConfUtils.java:logGet(46)) - raft.server.log.write.buffer.size = 8MB (=8388608) (default)
2024-12-14 12:26:00,986 INFO  server.RaftServerConfigKeys (ConfUtils.java:logGet(46)) - raft.server.log.appender.buffer.byte-limit = 4MB (=4194304) (default)
2024-12-14 12:26:00,986 INFO  server.RaftServerConfigKeys (ConfUtils.java:logGet(46)) - raft.server.log.unsafe-flush.enabled = false (default)
2024-12-14 12:26:00,986 INFO  server.RaftServerConfigKeys (ConfUtils.java:logGet(46)) - raft.server.log.async-flush.enabled = false (default)
2024-12-14 12:26:00,986 INFO  server.RaftServerConfigKeys (ConfUtils.java:logGet(46)) - raft.server.log.statemachine.data.caching.enabled = false (default)
2024-12-14 12:26:00,987 INFO  segmented.SegmentedRaftLogWorker (SegmentedRaftLogWorker.java:lambda$new$0(140)) - s0@group-BFFFED5AA7A9-SegmentedRaftLogWorker: flushIndex: setUnconditionally 0 -> -1
2024-12-14 12:26:00,987 INFO  segmented.SegmentedRaftLogWorker (SegmentedRaftLogWorker.java:lambda$new$0(140)) - s0@group-BFFFED5AA7A9-SegmentedRaftLogWorker: safeCacheEvictIndex: setUnconditionally 0 -> -1
2024-12-14 12:26:00,987 INFO  server.RaftServer$Division (RaftServerImpl.java:start(392)) - s0@group-BFFFED5AA7A9: start as a follower, conf=conf: {index: -1, cur=peers:[s10|0.0.0.0:15025, s0|0.0.0.0:15015, s1|0.0.0.0:15016]|listeners:[], old=null}
2024-12-14 12:26:00,987 INFO  server.RaftServer$Division (RaftServerImpl.java:setRole(379)) - s0@group-BFFFED5AA7A9: changes role from      null to FOLLOWER at term 0 for startAsFollower
2024-12-14 12:26:00,987 INFO  impl.RoleInfo (RoleInfo.java:updateAndGet(148)) - s0: start s0@group-BFFFED5AA7A9-FollowerState
2024-12-14 12:26:00,987 INFO  util.JmxRegister (JmxRegister.java:tryRegister(44)) - Successfully registered JMX Bean with object name Ratis:service=RaftServer,group=group-BFFFED5AA7A9,id=s0
2024-12-14 12:26:00,987 INFO  util.JmxRegister (JmxRegister.java:register(58)) - register mxBean class org.apache.ratis.server.impl.RaftServerJmxAdapter as Ratis:service=RaftServer,group=group-BFFFED5AA7A9,id=s0
2024-12-14 12:26:00,987 INFO  server.RaftServerConfigKeys (ConfUtils.java:logGet(46)) - raft.server.snapshot.trigger-when-stop.enabled = true (default)
2024-12-14 12:26:00,987 INFO  server.RaftServerConfigKeys (ConfUtils.java:logGet(46)) - raft.server.snapshot.trigger-when-remove.enabled = true (default)
2024-12-14 12:26:00,988 INFO  server.RaftServerConfigKeys (ConfUtils.java:logGet(46)) - raft.server.snapshot.auto.trigger.enabled = false (default)
2024-12-14 12:26:00,988 INFO  server.RaftServerConfigKeys (ConfUtils.java:logGet(46)) - raft.server.snapshot.retention.file.num = -1 (default)
2024-12-14 12:26:00,988 INFO  server.RaftServerConfigKeys (ConfUtils.java:logGet(46)) - raft.server.log.purge.upto.snapshot.index = false (default)
2024-12-14 12:26:00,987 INFO  server.RaftServerConfigKeys (ConfUtils.java:logFallback(53)) - raft.server.rpc.first-election.timeout.min = 300ms (fallback to raft.server.rpc.timeout.min)
2024-12-14 12:26:00,988 INFO  server.RaftServerConfigKeys (ConfUtils.java:logFallback(53)) - raft.server.rpc.first-election.timeout.max = 600ms (fallback to raft.server.rpc.timeout.max)
2024-12-14 12:26:00,988 INFO  server.RaftServer$Division (RaftServerImpl.java:start(406)) - s0@group-BFFFED5AA7A9: Successfully started.
2024-12-14 12:26:01,002 INFO  netty.NettyUtils (NettyUtils.java:newEventLoopGroup(74)) - Create EpollEventLoopGroup for client-69688F89DC3B; Thread size is 0.
2024-12-14 12:26:01,004 INFO  logging.LoggingHandler (AbstractInternalLogger.java:log(148)) - [id: 0x356557ed, L:/0.0.0.0:15016] READ: [id: 0x15a7feae, L:/127.0.0.1:15016 - R:/127.0.0.1:41806]
2024-12-14 12:26:01,004 INFO  logging.LoggingHandler (AbstractInternalLogger.java:log(148)) - [id: 0x356557ed, L:/0.0.0.0:15016] READ COMPLETE
2024-12-14 12:26:01,006 INFO  server.RaftServer (RaftServerProxy.java:addNew(101)) - s1: addNew group-BFFFED5AA7A9:[s10|0.0.0.0:15025, s0|0.0.0.0:15015, s1|0.0.0.0:15016] returns group-BFFFED5AA7A9:java.util.concurrent.CompletableFuture@58070feb[Not completed]
2024-12-14 12:26:01,006 INFO  server.RaftServer$Division (RaftServerImpl.java:<init>(256)) - s1: new RaftServerImpl for group-BFFFED5AA7A9:[s10|0.0.0.0:15025, s0|0.0.0.0:15015, s1|0.0.0.0:15016] with ArithmeticStateMachine:uninitialized
2024-12-14 12:26:01,006 INFO  server.RaftServerConfigKeys (ConfUtils.java:logGet(46)) - raft.server.rpc.timeout.min = 300ms (custom)
2024-12-14 12:26:01,006 INFO  server.RaftServerConfigKeys (ConfUtils.java:logGet(46)) - raft.server.rpc.timeout.max = 600ms (custom)
2024-12-14 12:26:01,006 INFO  server.RaftServerConfigKeys (ConfUtils.java:logGet(46)) - raft.server.rpc.sleep.time = 25ms (default)
2024-12-14 12:26:01,006 INFO  server.RaftServerConfigKeys (ConfUtils.java:logGet(46)) - raft.server.rpc.slowness.timeout = 60s (default)
2024-12-14 12:26:01,006 INFO  server.RaftServerConfigKeys (ConfUtils.java:logGet(46)) - raft.server.leaderelection.leader.step-down.wait-time = 10s (default)
2024-12-14 12:26:01,007 INFO  server.RaftServerConfigKeys (ConfUtils.java:logGet(46)) - raft.server.leaderelection.member.majority-add = false (default)
2024-12-14 12:26:01,007 INFO  server.RaftServerConfigKeys (ConfUtils.java:logGet(46)) - raft.server.sleep.deviation.threshold = 300ms (default)
2024-12-14 12:26:01,007 INFO  server.RaftServer$Division (ServerState.java:<init>(114)) - s1@group-BFFFED5AA7A9: ConfigurationManager, init=conf: {index: -1, cur=peers:[s10|0.0.0.0:15025, s0|0.0.0.0:15015, s1|0.0.0.0:15016]|listeners:[], old=null}, confs=<EMPTY_MAP>
2024-12-14 12:26:01,007 INFO  server.RaftServerConfigKeys (ConfUtils.java:logGet(46)) - raft.server.notification.no-leader.timeout = 60s (default)
2024-12-14 12:26:01,007 INFO  server.RaftServerConfigKeys (ConfUtils.java:logGet(46)) - raft.server.read.timeout = 10s (default)
2024-12-14 12:26:01,007 INFO  server.RaftServerConfigKeys (ConfUtils.java:logGet(46)) - raft.server.retrycache.expirytime = 60s (default)
2024-12-14 12:26:01,007 INFO  server.RaftServerConfigKeys (ConfUtils.java:logGet(46)) - raft.server.retrycache.statistics.expirytime = 100ms (default)
2024-12-14 12:26:01,007 INFO  server.RaftServerConfigKeys (ConfUtils.java:logGet(46)) - raft.server.read.option = DEFAULT (default)
2024-12-14 12:26:01,007 INFO  server.RaftServerConfigKeys (ConfUtils.java:logGet(46)) - raft.server.read.read-after-write-consistent.write-index-cache.expiry-time = 60s (default)
2024-12-14 12:26:01,008 INFO  server.RaftServerConfigKeys (ConfUtils.java:logGet(46)) - raft.server.rpc.request.timeout = 3000ms (default)
2024-12-14 12:26:01,008 INFO  server.RaftServerConfigKeys (ConfUtils.java:logGet(46)) - raft.server.log.appender.install.snapshot.enabled = true (default)
2024-12-14 12:26:01,008 INFO  server.RaftServerConfigKeys (ConfUtils.java:logGet(46)) - raft.server.threadpool.server.cached = true (default)
2024-12-14 12:26:01,008 INFO  server.RaftServerConfigKeys (ConfUtils.java:logGet(46)) - raft.server.threadpool.server.size = 0 (default)
2024-12-14 12:26:01,008 INFO  server.RaftServerConfigKeys (ConfUtils.java:logGet(46)) - raft.server.threadpool.client.cached = true (default)
2024-12-14 12:26:01,008 INFO  server.RaftServerConfigKeys (ConfUtils.java:logGet(46)) - raft.server.threadpool.client.size = 0 (default)
2024-12-14 12:26:01,008 INFO  server.RaftServerConfigKeys (ConfUtils.java:logGet(46)) - raft.server.storage.free-space.min = 0MB (=0) (default)
2024-12-14 12:26:01,008 INFO  server.RaftServerConfigKeys (ConfUtils.java:logGet(46)) - raft.server.log.corruption.policy = EXCEPTION (default)
2024-12-14 12:26:01,008 INFO  server.RaftServerConfigKeys (ConfUtils.java:logGet(46)) - raft.server.storage.dir = [/home/runner/work/ratis/ratis/ratis-examples/target/test/data/da5193cb/MiniRaftClusterWithNetty71855ece/s1] (custom)
2024-12-14 12:26:01,008 INFO  storage.RaftStorageDirectory (RaftStorageDirectoryImpl.java:analyzeStorage(138)) - The storage directory /home/runner/work/ratis/ratis/ratis-examples/target/test/data/da5193cb/MiniRaftClusterWithNetty71855ece/s1/b2a16b91-213d-439c-9f8d-bfffed5aa7a9 does not exist. Creating ...
2024-12-14 12:26:01,009 TRACE util.FileUtils (LogUtils.java:runAndLog(49)) - Successfully ran Files.createDirectories /home/runner/work/ratis/ratis/ratis-examples/target/test/data/da5193cb/MiniRaftClusterWithNetty71855ece/s1/b2a16b91-213d-439c-9f8d-bfffed5aa7a9
2024-12-14 12:26:01,009 INFO  storage.RaftStorageDirectory (RaftStorageDirectoryImpl.java:tryLock(229)) - Lock on /home/runner/work/ratis/ratis/ratis-examples/target/test/data/da5193cb/MiniRaftClusterWithNetty71855ece/s1/b2a16b91-213d-439c-9f8d-bfffed5aa7a9/in_use.lock acquired by nodename 14700@fv-az733-880
2024-12-14 12:26:01,009 TRACE util.FileUtils (LogUtils.java:runAndLog(49)) - Successfully ran Files.createDirectories /home/runner/work/ratis/ratis/ratis-examples/target/test/data/da5193cb/MiniRaftClusterWithNetty71855ece/s1/b2a16b91-213d-439c-9f8d-bfffed5aa7a9/current
2024-12-14 12:26:01,009 TRACE util.FileUtils (LogUtils.java:runAndLog(49)) - Successfully ran Files.createDirectories /home/runner/work/ratis/ratis/ratis-examples/target/test/data/da5193cb/MiniRaftClusterWithNetty71855ece/s1/b2a16b91-213d-439c-9f8d-bfffed5aa7a9/sm
2024-12-14 12:26:01,010 TRACE util.FileUtils (LogUtils.java:supplyAndLog(69)) - Successfully supplied FileChannel.open /home/runner/work/ratis/ratis/ratis-examples/target/test/data/da5193cb/MiniRaftClusterWithNetty71855ece/s1/b2a16b91-213d-439c-9f8d-bfffed5aa7a9/current/raft-meta.tmp with options [CREATE, WRITE]: sun.nio.ch.FileChannelImpl@3c2d1091
2024-12-14 12:26:01,011 TRACE util.FileUtils (LogUtils.java:runAndLog(49)) - Successfully ran Atomic Files.move /home/runner/work/ratis/ratis/ratis-examples/target/test/data/da5193cb/MiniRaftClusterWithNetty71855ece/s1/b2a16b91-213d-439c-9f8d-bfffed5aa7a9/current/raft-meta.tmp to /home/runner/work/ratis/ratis/ratis-examples/target/test/data/da5193cb/MiniRaftClusterWithNetty71855ece/s1/b2a16b91-213d-439c-9f8d-bfffed5aa7a9/current/raft-meta with options [REPLACE_EXISTING]
2024-12-14 12:26:01,011 INFO  storage.RaftStorage (RaftStorageImpl.java:format(98)) - Storage directory /home/runner/work/ratis/ratis/ratis-examples/target/test/data/da5193cb/MiniRaftClusterWithNetty71855ece/s1/b2a16b91-213d-439c-9f8d-bfffed5aa7a9 has been successfully formatted.
2024-12-14 12:26:01,011 WARN  statemachine.StateMachine (ArithmeticStateMachine.java:loadSnapshot(115)) - The snapshot info is null.
2024-12-14 12:26:01,011 INFO  server.RaftServerConfigKeys (ConfUtils.java:logGet(46)) - raft.server.log.use.memory = false (default)
2024-12-14 12:26:01,011 INFO  server.RaftServerConfigKeys (ConfUtils.java:logGet(46)) - raft.server.log.purge.gap = 1024 (default)
2024-12-14 12:26:01,011 INFO  server.RaftServerConfigKeys (ConfUtils.java:logGet(46)) - raft.server.log.appender.buffer.byte-limit = 4MB (=4194304) (default)
2024-12-14 12:26:01,011 INFO  server.RaftServerConfigKeys (ConfUtils.java:logGet(46)) - raft.server.log.statemachine.data.read.timeout = 1000ms (default)
2024-12-14 12:26:01,011 INFO  server.RaftServerConfigKeys (ConfUtils.java:logGet(46)) - raft.server.log.purge.preservation.log.num = 0 (default)
2024-12-14 12:26:01,011 INFO  server.RaftServerConfigKeys (ConfUtils.java:logGet(46)) - raft.server.log.segment.size.max = 32MB (=33554432) (default)
2024-12-14 12:26:01,011 INFO  server.RaftServerConfigKeys (ConfUtils.java:logGet(46)) - raft.server.log.segment.cache.num.max = 6 (default)
2024-12-14 12:26:01,011 INFO  server.RaftServerConfigKeys (ConfUtils.java:logGet(46)) - raft.server.log.segment.cache.size.max = 200MB (=209715200) (default)
2024-12-14 12:26:01,012 INFO  server.RaftServerConfigKeys (ConfUtils.java:logGet(46)) - raft.server.log.appender.buffer.byte-limit = 4MB (=4194304) (default)
2024-12-14 12:26:01,012 INFO  util.AwaitToRun (AwaitToRun.java:start(81)) - Thread[s1@group-BFFFED5AA7A9-cacheEviction-AwaitToRun,5,main] started
2024-12-14 12:26:01,012 INFO  segmented.SegmentedRaftLogWorker (SegmentedRaftLogWorker.java:<init>(189)) - new s1@group-BFFFED5AA7A9-SegmentedRaftLogWorker for RaftStorageImpl:Storage Directory /home/runner/work/ratis/ratis/ratis-examples/target/test/data/da5193cb/MiniRaftClusterWithNetty71855ece/s1/b2a16b91-213d-439c-9f8d-bfffed5aa7a9
2024-12-14 12:26:01,012 INFO  server.RaftServerConfigKeys (ConfUtils.java:logGet(46)) - raft.server.log.queue.byte-limit = 64MB (=67108864) (default)
2024-12-14 12:26:01,013 INFO  server.RaftServerConfigKeys (ConfUtils.java:logGet(46)) - raft.server.log.queue.element-limit = 4096 (default)
2024-12-14 12:26:01,013 INFO  server.RaftServerConfigKeys (ConfUtils.java:logGet(46)) - raft.server.log.segment.size.max = 32MB (=33554432) (default)
2024-12-14 12:26:01,013 INFO  server.RaftServerConfigKeys (ConfUtils.java:logGet(46)) - raft.server.log.preallocated.size = 4MB (=4194304) (default)
2024-12-14 12:26:01,013 INFO  server.RaftServerConfigKeys (ConfUtils.java:logGet(46)) - raft.server.log.force.sync.num = 128 (default)
2024-12-14 12:26:01,013 INFO  server.RaftServerConfigKeys (ConfUtils.java:logGet(46)) - raft.server.log.statemachine.data.sync = true (default)
2024-12-14 12:26:01,013 INFO  server.RaftServerConfigKeys (ConfUtils.java:logGet(46)) - raft.server.log.statemachine.data.sync.timeout = 10s (default)
2024-12-14 12:26:01,013 INFO  server.RaftServerConfigKeys (ConfUtils.java:logGet(46)) - raft.server.log.statemachine.data.sync.timeout.retry = -1 (default)
2024-12-14 12:26:01,013 INFO  server.RaftServerConfigKeys (ConfUtils.java:logGet(46)) - raft.server.log.write.buffer.size = 8MB (=8388608) (default)
2024-12-14 12:26:01,014 INFO  server.RaftServerConfigKeys (ConfUtils.java:logGet(46)) - raft.server.log.appender.buffer.byte-limit = 4MB (=4194304) (default)
2024-12-14 12:26:01,014 INFO  server.RaftServerConfigKeys (ConfUtils.java:logGet(46)) - raft.server.log.unsafe-flush.enabled = false (default)
2024-12-14 12:26:01,014 INFO  server.RaftServerConfigKeys (ConfUtils.java:logGet(46)) - raft.server.log.async-flush.enabled = false (default)
2024-12-14 12:26:01,014 INFO  server.RaftServerConfigKeys (ConfUtils.java:logGet(46)) - raft.server.log.statemachine.data.caching.enabled = false (default)
2024-12-14 12:26:01,015 INFO  segmented.SegmentedRaftLogWorker (SegmentedRaftLogWorker.java:lambda$new$0(140)) - s1@group-BFFFED5AA7A9-SegmentedRaftLogWorker: flushIndex: setUnconditionally 0 -> -1
2024-12-14 12:26:01,015 INFO  segmented.SegmentedRaftLogWorker (SegmentedRaftLogWorker.java:lambda$new$0(140)) - s1@group-BFFFED5AA7A9-SegmentedRaftLogWorker: safeCacheEvictIndex: setUnconditionally 0 -> -1
2024-12-14 12:26:01,015 INFO  server.RaftServer$Division (RaftServerImpl.java:start(392)) - s1@group-BFFFED5AA7A9: start as a follower, conf=conf: {index: -1, cur=peers:[s10|0.0.0.0:15025, s0|0.0.0.0:15015, s1|0.0.0.0:15016]|listeners:[], old=null}
2024-12-14 12:26:01,015 INFO  server.RaftServer$Division (RaftServerImpl.java:setRole(379)) - s1@group-BFFFED5AA7A9: changes role from      null to FOLLOWER at term 0 for startAsFollower
2024-12-14 12:26:01,015 INFO  impl.RoleInfo (RoleInfo.java:updateAndGet(148)) - s1: start s1@group-BFFFED5AA7A9-FollowerState
2024-12-14 12:26:01,015 INFO  server.RaftServerConfigKeys (ConfUtils.java:logFallback(53)) - raft.server.rpc.first-election.timeout.min = 300ms (fallback to raft.server.rpc.timeout.min)
2024-12-14 12:26:01,015 INFO  util.JmxRegister (JmxRegister.java:tryRegister(44)) - Successfully registered JMX Bean with object name Ratis:service=RaftServer,group=group-BFFFED5AA7A9,id=s1
2024-12-14 12:26:01,015 INFO  util.JmxRegister (JmxRegister.java:register(58)) - register mxBean class org.apache.ratis.server.impl.RaftServerJmxAdapter as Ratis:service=RaftServer,group=group-BFFFED5AA7A9,id=s1
2024-12-14 12:26:01,015 INFO  server.RaftServerConfigKeys (ConfUtils.java:logFallback(53)) - raft.server.rpc.first-election.timeout.max = 600ms (fallback to raft.server.rpc.timeout.max)
2024-12-14 12:26:01,015 INFO  server.RaftServerConfigKeys (ConfUtils.java:logGet(46)) - raft.server.snapshot.trigger-when-stop.enabled = true (default)
2024-12-14 12:26:01,015 INFO  server.RaftServerConfigKeys (ConfUtils.java:logGet(46)) - raft.server.snapshot.trigger-when-remove.enabled = true (default)
2024-12-14 12:26:01,015 INFO  server.RaftServerConfigKeys (ConfUtils.java:logGet(46)) - raft.server.snapshot.auto.trigger.enabled = false (default)
2024-12-14 12:26:01,016 INFO  server.RaftServerConfigKeys (ConfUtils.java:logGet(46)) - raft.server.snapshot.retention.file.num = -1 (default)
2024-12-14 12:26:01,016 INFO  server.RaftServerConfigKeys (ConfUtils.java:logGet(46)) - raft.server.log.purge.upto.snapshot.index = false (default)
2024-12-14 12:26:01,016 INFO  server.RaftServer$Division (RaftServerImpl.java:start(406)) - s1@group-BFFFED5AA7A9: Successfully started.
2024-12-14 12:26:01,025 INFO  netty.NettyUtils (NettyUtils.java:newEventLoopGroup(74)) - Create EpollEventLoopGroup for client-82DC3D02D589; Thread size is 0.
2024-12-14 12:26:01,028 INFO  logging.LoggingHandler (AbstractInternalLogger.java:log(148)) - [id: 0xeff72721, L:/0.0.0.0:15025] READ: [id: 0x83b3c61e, L:/127.0.0.1:15025 - R:/127.0.0.1:58094]
2024-12-14 12:26:01,028 INFO  logging.LoggingHandler (AbstractInternalLogger.java:log(148)) - [id: 0xeff72721, L:/0.0.0.0:15025] READ COMPLETE
2024-12-14 12:26:01,029 INFO  server.RaftServer (RaftServerProxy.java:addNew(101)) - s10: addNew group-BFFFED5AA7A9:[s10|0.0.0.0:15025, s0|0.0.0.0:15015, s1|0.0.0.0:15016] returns group-BFFFED5AA7A9:java.util.concurrent.CompletableFuture@5a42db4e[Not completed]
2024-12-14 12:26:01,029 INFO  server.RaftServer$Division (RaftServerImpl.java:<init>(256)) - s10: new RaftServerImpl for group-BFFFED5AA7A9:[s10|0.0.0.0:15025, s0|0.0.0.0:15015, s1|0.0.0.0:15016] with ArithmeticStateMachine:uninitialized
2024-12-14 12:26:01,029 INFO  server.RaftServerConfigKeys (ConfUtils.java:logGet(46)) - raft.server.rpc.timeout.min = 300ms (custom)
2024-12-14 12:26:01,029 INFO  server.RaftServerConfigKeys (ConfUtils.java:logGet(46)) - raft.server.rpc.timeout.max = 600ms (custom)
2024-12-14 12:26:01,030 INFO  server.RaftServerConfigKeys (ConfUtils.java:logGet(46)) - raft.server.rpc.sleep.time = 25ms (default)
2024-12-14 12:26:01,030 INFO  server.RaftServerConfigKeys (ConfUtils.java:logGet(46)) - raft.server.rpc.slowness.timeout = 60s (default)
2024-12-14 12:26:01,030 INFO  server.RaftServerConfigKeys (ConfUtils.java:logGet(46)) - raft.server.leaderelection.leader.step-down.wait-time = 10s (default)
2024-12-14 12:26:01,030 INFO  server.RaftServerConfigKeys (ConfUtils.java:logGet(46)) - raft.server.leaderelection.member.majority-add = false (default)
2024-12-14 12:26:01,030 INFO  server.RaftServerConfigKeys (ConfUtils.java:logGet(46)) - raft.server.sleep.deviation.threshold = 300ms (default)
2024-12-14 12:26:01,030 INFO  server.RaftServer$Division (ServerState.java:<init>(114)) - s10@group-BFFFED5AA7A9: ConfigurationManager, init=conf: {index: -1, cur=peers:[s10|0.0.0.0:15025, s0|0.0.0.0:15015, s1|0.0.0.0:15016]|listeners:[], old=null}, confs=<EMPTY_MAP>
2024-12-14 12:26:01,030 INFO  server.RaftServerConfigKeys (ConfUtils.java:logGet(46)) - raft.server.notification.no-leader.timeout = 60s (default)
2024-12-14 12:26:01,030 INFO  server.RaftServerConfigKeys (ConfUtils.java:logGet(46)) - raft.server.read.timeout = 10s (default)
2024-12-14 12:26:01,030 INFO  server.RaftServerConfigKeys (ConfUtils.java:logGet(46)) - raft.server.retrycache.expirytime = 60s (default)
2024-12-14 12:26:01,030 INFO  server.RaftServerConfigKeys (ConfUtils.java:logGet(46)) - raft.server.retrycache.statistics.expirytime = 100ms (default)
2024-12-14 12:26:01,030 INFO  server.RaftServerConfigKeys (ConfUtils.java:logGet(46)) - raft.server.read.option = DEFAULT (default)
2024-12-14 12:26:01,030 INFO  server.RaftServerConfigKeys (ConfUtils.java:logGet(46)) - raft.server.read.read-after-write-consistent.write-index-cache.expiry-time = 60s (default)
2024-12-14 12:26:01,031 INFO  server.RaftServerConfigKeys (ConfUtils.java:logGet(46)) - raft.server.rpc.request.timeout = 3000ms (default)
2024-12-14 12:26:01,031 INFO  server.RaftServerConfigKeys (ConfUtils.java:logGet(46)) - raft.server.log.appender.install.snapshot.enabled = true (default)
2024-12-14 12:26:01,031 INFO  server.RaftServerConfigKeys (ConfUtils.java:logGet(46)) - raft.server.threadpool.server.cached = true (default)
2024-12-14 12:26:01,031 INFO  server.RaftServerConfigKeys (ConfUtils.java:logGet(46)) - raft.server.threadpool.server.size = 0 (default)
2024-12-14 12:26:01,031 INFO  server.RaftServerConfigKeys (ConfUtils.java:logGet(46)) - raft.server.threadpool.client.cached = true (default)
2024-12-14 12:26:01,031 INFO  server.RaftServerConfigKeys (ConfUtils.java:logGet(46)) - raft.server.threadpool.client.size = 0 (default)
2024-12-14 12:26:01,031 INFO  server.RaftServerConfigKeys (ConfUtils.java:logGet(46)) - raft.server.storage.free-space.min = 0MB (=0) (default)
2024-12-14 12:26:01,031 INFO  server.RaftServerConfigKeys (ConfUtils.java:logGet(46)) - raft.server.log.corruption.policy = EXCEPTION (default)
2024-12-14 12:26:01,031 INFO  server.RaftServerConfigKeys (ConfUtils.java:logGet(46)) - raft.server.storage.dir = [/home/runner/work/ratis/ratis/ratis-examples/target/test/data/da5193cb/MiniRaftClusterWithNetty71855ece/s10] (custom)
2024-12-14 12:26:01,031 INFO  storage.RaftStorageDirectory (RaftStorageDirectoryImpl.java:analyzeStorage(138)) - The storage directory /home/runner/work/ratis/ratis/ratis-examples/target/test/data/da5193cb/MiniRaftClusterWithNetty71855ece/s10/b2a16b91-213d-439c-9f8d-bfffed5aa7a9 does not exist. Creating ...
2024-12-14 12:26:01,032 TRACE util.FileUtils (LogUtils.java:runAndLog(49)) - Successfully ran Files.createDirectories /home/runner/work/ratis/ratis/ratis-examples/target/test/data/da5193cb/MiniRaftClusterWithNetty71855ece/s10/b2a16b91-213d-439c-9f8d-bfffed5aa7a9
2024-12-14 12:26:01,032 INFO  storage.RaftStorageDirectory (RaftStorageDirectoryImpl.java:tryLock(229)) - Lock on /home/runner/work/ratis/ratis/ratis-examples/target/test/data/da5193cb/MiniRaftClusterWithNetty71855ece/s10/b2a16b91-213d-439c-9f8d-bfffed5aa7a9/in_use.lock acquired by nodename 14700@fv-az733-880
2024-12-14 12:26:01,032 TRACE util.FileUtils (LogUtils.java:runAndLog(49)) - Successfully ran Files.createDirectories /home/runner/work/ratis/ratis/ratis-examples/target/test/data/da5193cb/MiniRaftClusterWithNetty71855ece/s10/b2a16b91-213d-439c-9f8d-bfffed5aa7a9/current
2024-12-14 12:26:01,033 TRACE util.FileUtils (LogUtils.java:runAndLog(49)) - Successfully ran Files.createDirectories /home/runner/work/ratis/ratis/ratis-examples/target/test/data/da5193cb/MiniRaftClusterWithNetty71855ece/s10/b2a16b91-213d-439c-9f8d-bfffed5aa7a9/sm
2024-12-14 12:26:01,033 TRACE util.FileUtils (LogUtils.java:supplyAndLog(69)) - Successfully supplied FileChannel.open /home/runner/work/ratis/ratis/ratis-examples/target/test/data/da5193cb/MiniRaftClusterWithNetty71855ece/s10/b2a16b91-213d-439c-9f8d-bfffed5aa7a9/current/raft-meta.tmp with options [CREATE, WRITE]: sun.nio.ch.FileChannelImpl@1af4cd12
2024-12-14 12:26:01,034 TRACE util.FileUtils (LogUtils.java:runAndLog(49)) - Successfully ran Atomic Files.move /home/runner/work/ratis/ratis/ratis-examples/target/test/data/da5193cb/MiniRaftClusterWithNetty71855ece/s10/b2a16b91-213d-439c-9f8d-bfffed5aa7a9/current/raft-meta.tmp to /home/runner/work/ratis/ratis/ratis-examples/target/test/data/da5193cb/MiniRaftClusterWithNetty71855ece/s10/b2a16b91-213d-439c-9f8d-bfffed5aa7a9/current/raft-meta with options [REPLACE_EXISTING]
2024-12-14 12:26:01,034 INFO  storage.RaftStorage (RaftStorageImpl.java:format(98)) - Storage directory /home/runner/work/ratis/ratis/ratis-examples/target/test/data/da5193cb/MiniRaftClusterWithNetty71855ece/s10/b2a16b91-213d-439c-9f8d-bfffed5aa7a9 has been successfully formatted.
2024-12-14 12:26:01,034 WARN  statemachine.StateMachine (ArithmeticStateMachine.java:loadSnapshot(115)) - The snapshot info is null.
2024-12-14 12:26:01,034 INFO  server.RaftServerConfigKeys (ConfUtils.java:logGet(46)) - raft.server.log.use.memory = false (default)
2024-12-14 12:26:01,034 INFO  server.RaftServerConfigKeys (ConfUtils.java:logGet(46)) - raft.server.log.purge.gap = 1024 (default)
2024-12-14 12:26:01,034 INFO  server.RaftServerConfigKeys (ConfUtils.java:logGet(46)) - raft.server.log.appender.buffer.byte-limit = 4MB (=4194304) (default)
2024-12-14 12:26:01,034 INFO  server.RaftServerConfigKeys (ConfUtils.java:logGet(46)) - raft.server.log.statemachine.data.read.timeout = 1000ms (default)
2024-12-14 12:26:01,034 INFO  server.RaftServerConfigKeys (ConfUtils.java:logGet(46)) - raft.server.log.purge.preservation.log.num = 0 (default)
2024-12-14 12:26:01,034 INFO  server.RaftServerConfigKeys (ConfUtils.java:logGet(46)) - raft.server.log.segment.size.max = 32MB (=33554432) (default)
2024-12-14 12:26:01,035 INFO  server.RaftServerConfigKeys (ConfUtils.java:logGet(46)) - raft.server.log.segment.cache.num.max = 6 (default)
2024-12-14 12:26:01,035 INFO  server.RaftServerConfigKeys (ConfUtils.java:logGet(46)) - raft.server.log.segment.cache.size.max = 200MB (=209715200) (default)
2024-12-14 12:26:01,035 INFO  server.RaftServerConfigKeys (ConfUtils.java:logGet(46)) - raft.server.log.appender.buffer.byte-limit = 4MB (=4194304) (default)
2024-12-14 12:26:01,035 INFO  util.AwaitToRun (AwaitToRun.java:start(81)) - Thread[s10@group-BFFFED5AA7A9-cacheEviction-AwaitToRun,5,main] started
2024-12-14 12:26:01,035 INFO  segmented.SegmentedRaftLogWorker (SegmentedRaftLogWorker.java:<init>(189)) - new s10@group-BFFFED5AA7A9-SegmentedRaftLogWorker for RaftStorageImpl:Storage Directory /home/runner/work/ratis/ratis/ratis-examples/target/test/data/da5193cb/MiniRaftClusterWithNetty71855ece/s10/b2a16b91-213d-439c-9f8d-bfffed5aa7a9
2024-12-14 12:26:01,035 INFO  server.RaftServerConfigKeys (ConfUtils.java:logGet(46)) - raft.server.log.queue.byte-limit = 64MB (=67108864) (default)
2024-12-14 12:26:01,035 INFO  server.RaftServerConfigKeys (ConfUtils.java:logGet(46)) - raft.server.log.queue.element-limit = 4096 (default)
2024-12-14 12:26:01,035 INFO  server.RaftServerConfigKeys (ConfUtils.java:logGet(46)) - raft.server.log.segment.size.max = 32MB (=33554432) (default)
2024-12-14 12:26:01,035 INFO  server.RaftServerConfigKeys (ConfUtils.java:logGet(46)) - raft.server.log.preallocated.size = 4MB (=4194304) (default)
2024-12-14 12:26:01,035 INFO  server.RaftServerConfigKeys (ConfUtils.java:logGet(46)) - raft.server.log.force.sync.num = 128 (default)
2024-12-14 12:26:01,036 INFO  server.RaftServerConfigKeys (ConfUtils.java:logGet(46)) - raft.server.log.statemachine.data.sync = true (default)
2024-12-14 12:26:01,036 INFO  server.RaftServerConfigKeys (ConfUtils.java:logGet(46)) - raft.server.log.statemachine.data.sync.timeout = 10s (default)
2024-12-14 12:26:01,036 INFO  server.RaftServerConfigKeys (ConfUtils.java:logGet(46)) - raft.server.log.statemachine.data.sync.timeout.retry = -1 (default)
2024-12-14 12:26:01,036 INFO  server.RaftServerConfigKeys (ConfUtils.java:logGet(46)) - raft.server.log.write.buffer.size = 8MB (=8388608) (default)
2024-12-14 12:26:01,036 INFO  server.RaftServerConfigKeys (ConfUtils.java:logGet(46)) - raft.server.log.appender.buffer.byte-limit = 4MB (=4194304) (default)
2024-12-14 12:26:01,036 INFO  server.RaftServerConfigKeys (ConfUtils.java:logGet(46)) - raft.server.log.unsafe-flush.enabled = false (default)
2024-12-14 12:26:01,037 INFO  server.RaftServerConfigKeys (ConfUtils.java:logGet(46)) - raft.server.log.async-flush.enabled = false (default)
2024-12-14 12:26:01,037 INFO  server.RaftServerConfigKeys (ConfUtils.java:logGet(46)) - raft.server.log.statemachine.data.caching.enabled = false (default)
2024-12-14 12:26:01,037 INFO  segmented.SegmentedRaftLogWorker (SegmentedRaftLogWorker.java:lambda$new$0(140)) - s10@group-BFFFED5AA7A9-SegmentedRaftLogWorker: flushIndex: setUnconditionally 0 -> -1
2024-12-14 12:26:01,037 INFO  segmented.SegmentedRaftLogWorker (SegmentedRaftLogWorker.java:lambda$new$0(140)) - s10@group-BFFFED5AA7A9-SegmentedRaftLogWorker: safeCacheEvictIndex: setUnconditionally 0 -> -1
2024-12-14 12:26:01,037 INFO  server.RaftServer$Division (RaftServerImpl.java:start(392)) - s10@group-BFFFED5AA7A9: start as a follower, conf=conf: {index: -1, cur=peers:[s10|0.0.0.0:15025, s0|0.0.0.0:15015, s1|0.0.0.0:15016]|listeners:[], old=null}
2024-12-14 12:26:01,037 INFO  server.RaftServer$Division (RaftServerImpl.java:setRole(379)) - s10@group-BFFFED5AA7A9: changes role from      null to FOLLOWER at term 0 for startAsFollower
2024-12-14 12:26:01,037 INFO  impl.RoleInfo (RoleInfo.java:updateAndGet(148)) - s10: start s10@group-BFFFED5AA7A9-FollowerState
2024-12-14 12:26:01,037 INFO  util.JmxRegister (JmxRegister.java:tryRegister(44)) - Successfully registered JMX Bean with object name Ratis:service=RaftServer,group=group-BFFFED5AA7A9,id=s10
2024-12-14 12:26:01,038 INFO  util.JmxRegister (JmxRegister.java:register(58)) - register mxBean class org.apache.ratis.server.impl.RaftServerJmxAdapter as Ratis:service=RaftServer,group=group-BFFFED5AA7A9,id=s10
2024-12-14 12:26:01,038 INFO  server.RaftServerConfigKeys (ConfUtils.java:logGet(46)) - raft.server.snapshot.trigger-when-stop.enabled = true (default)
2024-12-14 12:26:01,038 INFO  server.RaftServerConfigKeys (ConfUtils.java:logGet(46)) - raft.server.snapshot.trigger-when-remove.enabled = true (default)
2024-12-14 12:26:01,038 INFO  server.RaftServerConfigKeys (ConfUtils.java:logGet(46)) - raft.server.snapshot.auto.trigger.enabled = false (default)
2024-12-14 12:26:01,038 INFO  server.RaftServerConfigKeys (ConfUtils.java:logGet(46)) - raft.server.snapshot.retention.file.num = -1 (default)
2024-12-14 12:26:01,038 INFO  server.RaftServerConfigKeys (ConfUtils.java:logGet(46)) - raft.server.log.purge.upto.snapshot.index = false (default)
2024-12-14 12:26:01,038 INFO  server.RaftServer$Division (RaftServerImpl.java:start(406)) - s10@group-BFFFED5AA7A9: Successfully started.
2024-12-14 12:26:01,038 INFO  server.RaftServerConfigKeys (ConfUtils.java:logFallback(53)) - raft.server.rpc.first-election.timeout.min = 300ms (fallback to raft.server.rpc.timeout.min)
2024-12-14 12:26:01,038 INFO  server.RaftServerConfigKeys (ConfUtils.java:logFallback(53)) - raft.server.rpc.first-election.timeout.max = 600ms (fallback to raft.server.rpc.timeout.max)
2024-12-14 12:26:01,052 INFO  server.RaftServerConfigKeys (ConfUtils.java:logGet(46)) - raft.server.rpc.timeout.max = 600ms (custom)
2024-12-14 12:26:01,052 INFO  ratis.RaftTestUtil (RaftTestUtil.java:waitForLeader(107)) - printing group-BFFFED5AA7A9
  s10:  RUNNING [
   FOLLOWER s10@group-BFFFED5AA7A9:t0, leader=null, voted=, raftlog=Memoized:s10@group-BFFFED5AA7A9-SegmentedRaftLog:OPENED:c-1:lastnull, conf=conf: {index: -1, cur=peers:[s10|0.0.0.0:15025, s0|0.0.0.0:15015, s1|0.0.0.0:15016]|listeners:[], old=null} RUNNING
   FOLLOWER s10@group-0A0C1A18FF69:t0, leader=null, voted=, raftlog=Memoized:s10@group-0A0C1A18FF69-SegmentedRaftLog:OPENED:c-1:lastnull, conf=conf: {index: -1, cur=peers:[]|listeners:[], old=null} STARTING] size=2
  s0:  RUNNING [
   FOLLOWER s0@group-BFFFED5AA7A9:t0, leader=null, voted=, raftlog=Memoized:s0@group-BFFFED5AA7A9-SegmentedRaftLog:OPENED:c-1:lastnull, conf=conf: {index: -1, cur=peers:[s10|0.0.0.0:15025, s0|0.0.0.0:15015, s1|0.0.0.0:15016]|listeners:[], old=null} RUNNING
   FOLLOWER s0@group-0A0C1A18FF69:t0, leader=null, voted=, raftlog=Memoized:s0@group-0A0C1A18FF69-SegmentedRaftLog:OPENED:c-1:lastnull, conf=conf: {index: -1, cur=peers:[]|listeners:[], old=null} STARTING] size=2
  s1:  RUNNING [
   FOLLOWER s1@group-BFFFED5AA7A9:t0, leader=null, voted=, raftlog=Memoized:s1@group-BFFFED5AA7A9-SegmentedRaftLog:OPENED:c-1:lastnull, conf=conf: {index: -1, cur=peers:[s10|0.0.0.0:15025, s0|0.0.0.0:15015, s1|0.0.0.0:15016]|listeners:[], old=null} RUNNING
   FOLLOWER s1@group-0A0C1A18FF69:t0, leader=null, voted=, raftlog=Memoized:s1@group-0A0C1A18FF69-SegmentedRaftLog:OPENED:c-1:lastnull, conf=conf: {index: -1, cur=peers:[]|listeners:[], old=null} STARTING] size=2
2024-12-14 12:26:01,053 WARN  ratis.RaftTestUtil (RaftTestUtil.java:lambda$waitForLeader$3(126)) - Attempt #1 failed: java.lang.IllegalStateException: No leader yet  for group-BFFFED5AA7A9: printing group-BFFFED5AA7A9
  s10:  RUNNING [
   FOLLOWER s10@group-BFFFED5AA7A9:t0, leader=null, voted=, raftlog=Memoized:s10@group-BFFFED5AA7A9-SegmentedRaftLog:OPENED:c-1:lastnull, conf=conf: {index: -1, cur=peers:[s10|0.0.0.0:15025, s0|0.0.0.0:15015, s1|0.0.0.0:15016]|listeners:[], old=null} RUNNING
   FOLLOWER s10@group-0A0C1A18FF69:t0, leader=null, voted=, raftlog=Memoized:s10@group-0A0C1A18FF69-SegmentedRaftLog:OPENED:c-1:lastnull, conf=conf: {index: -1, cur=peers:[]|listeners:[], old=null} STARTING] size=2
  s0:  RUNNING [
   FOLLOWER s0@group-BFFFED5AA7A9:t0, leader=null, voted=, raftlog=Memoized:s0@group-BFFFED5AA7A9-SegmentedRaftLog:OPENED:c-1:lastnull, conf=conf: {index: -1, cur=peers:[s10|0.0.0.0:15025, s0|0.0.0.0:15015, s1|0.0.0.0:15016]|listeners:[], old=null} RUNNING
   FOLLOWER s0@group-0A0C1A18FF69:t0, leader=null, voted=, raftlog=Memoized:s0@group-0A0C1A18FF69-SegmentedRaftLog:OPENED:c-1:lastnull, conf=conf: {index: -1, cur=peers:[]|listeners:[], old=null} STARTING] size=2
  s1:  RUNNING [
   FOLLOWER s1@group-BFFFED5AA7A9:t0, leader=null, voted=, raftlog=Memoized:s1@group-BFFFED5AA7A9-SegmentedRaftLog:OPENED:c-1:lastnull, conf=conf: {index: -1, cur=peers:[s10|0.0.0.0:15025, s0|0.0.0.0:15015, s1|0.0.0.0:15016]|listeners:[], old=null} RUNNING
   FOLLOWER s1@group-0A0C1A18FF69:t0, leader=null, voted=, raftlog=Memoized:s1@group-0A0C1A18FF69-SegmentedRaftLog:OPENED:c-1:lastnull, conf=conf: {index: -1, cur=peers:[]|listeners:[], old=null} STARTING] size=2
2024-12-14 12:26:01,453 INFO  impl.FollowerState (FollowerState.java:runImpl(161)) - s1@group-BFFFED5AA7A9-FollowerState: change to CANDIDATE, lastRpcElapsedTime:438540182ns, electionTimeout:438ms
2024-12-14 12:26:01,454 INFO  impl.RoleInfo (RoleInfo.java:shutdownFollowerState(121)) - s1: shutdown s1@group-BFFFED5AA7A9-FollowerState
2024-12-14 12:26:01,454 INFO  server.RaftServer$Division (RaftServerImpl.java:setRole(379)) - s1@group-BFFFED5AA7A9: changes role from  FOLLOWER to CANDIDATE at term 0 for changeToCandidate
2024-12-14 12:26:01,454 INFO  server.RaftServerConfigKeys (ConfUtils.java:logGet(46)) - raft.server.leaderelection.pre-vote = true (default)
2024-12-14 12:26:01,454 INFO  impl.RoleInfo (RoleInfo.java:updateAndGet(148)) - s1: start s1@group-BFFFED5AA7A9-LeaderElection21
2024-12-14 12:26:01,454 INFO  impl.LeaderElection (LeaderElection.java:askForVotes(332)) - s1@group-BFFFED5AA7A9-LeaderElection21 PRE_VOTE round 0: submit vote requests at term 0 for conf: {index: -1, cur=peers:[s10|0.0.0.0:15025, s0|0.0.0.0:15015, s1|0.0.0.0:15016]|listeners:[], old=null}
2024-12-14 12:26:01,455 INFO  server.RaftServerConfigKeys (ConfUtils.java:logFallback(53)) - raft.server.rpc.first-election.timeout.min = 300ms (fallback to raft.server.rpc.timeout.min)
2024-12-14 12:26:01,455 INFO  server.RaftServerConfigKeys (ConfUtils.java:logFallback(53)) - raft.server.rpc.first-election.timeout.max = 600ms (fallback to raft.server.rpc.timeout.max)
2024-12-14 12:26:01,457 INFO  logging.LoggingHandler (AbstractInternalLogger.java:log(148)) - [id: 0xeff72721, L:/0.0.0.0:15025] READ: [id: 0x800c15c2, L:/127.0.0.1:15025 - R:/127.0.0.1:58108]
2024-12-14 12:26:01,457 INFO  logging.LoggingHandler (AbstractInternalLogger.java:log(148)) - [id: 0xeff72721, L:/0.0.0.0:15025] READ COMPLETE
2024-12-14 12:26:01,458 INFO  server.RaftServer$Division (RaftServerImpl.java:requestVote(1452)) - s10@group-BFFFED5AA7A9: receive requestVote(PRE_VOTE, s1, group-BFFFED5AA7A9, 0, (t:0, i:0))
2024-12-14 12:26:01,458 INFO  impl.VoteContext (VoteContext.java:log(49)) - s10@group-BFFFED5AA7A9-FOLLOWER: accept PRE_VOTE from s1: our priority 0 <= candidate's priority 0
2024-12-14 12:26:01,459 INFO  server.RaftServer$Division (RaftServerImpl.java:requestVote(1486)) - s10@group-BFFFED5AA7A9 replies to PRE_VOTE vote request: s1<-s10#0:OK-t0. Peer's state: s10@group-BFFFED5AA7A9:t0, leader=null, voted=, raftlog=Memoized:s10@group-BFFFED5AA7A9-SegmentedRaftLog:OPENED:c-1:lastnull, conf=conf: {index: -1, cur=peers:[s10|0.0.0.0:15025, s0|0.0.0.0:15015, s1|0.0.0.0:15016]|listeners:[], old=null}
2024-12-14 12:26:01,460 INFO  logging.LoggingHandler (AbstractInternalLogger.java:log(148)) - [id: 0x3f89d68f, L:/0.0.0.0:15015] READ: [id: 0x40e12624, L:/127.0.0.1:15015 - R:/127.0.0.1:45776]
2024-12-14 12:26:01,461 INFO  logging.LoggingHandler (AbstractInternalLogger.java:log(148)) - [id: 0x3f89d68f, L:/0.0.0.0:15015] READ COMPLETE
2024-12-14 12:26:01,465 INFO  impl.LeaderElection (LeaderElection.java:logAndReturn(90)) - s1@group-BFFFED5AA7A9-LeaderElection21: PRE_VOTE PASSED received 1 response(s) and 0 exception(s):
2024-12-14 12:26:01,465 INFO  impl.LeaderElection (LeaderElection.java:logAndReturn(94)) -   Response 0: s1<-s10#0:OK-t0
2024-12-14 12:26:01,465 INFO  impl.LeaderElection (LeaderElection.java:askForVotes(334)) - s1@group-BFFFED5AA7A9-LeaderElection21 PRE_VOTE round 0: result PASSED
2024-12-14 12:26:01,465 TRACE util.FileUtils (LogUtils.java:supplyAndLog(69)) - Successfully supplied FileChannel.open /home/runner/work/ratis/ratis/ratis-examples/target/test/data/da5193cb/MiniRaftClusterWithNetty71855ece/s1/b2a16b91-213d-439c-9f8d-bfffed5aa7a9/current/raft-meta.tmp with options [CREATE, WRITE]: sun.nio.ch.FileChannelImpl@2a564c80
2024-12-14 12:26:01,467 INFO  server.RaftServer$Division (RaftServerImpl.java:requestVote(1452)) - s0@group-BFFFED5AA7A9: receive requestVote(PRE_VOTE, s1, group-BFFFED5AA7A9, 0, (t:0, i:0))
2024-12-14 12:26:01,467 TRACE util.FileUtils (LogUtils.java:runAndLog(49)) - Successfully ran Atomic Files.move /home/runner/work/ratis/ratis/ratis-examples/target/test/data/da5193cb/MiniRaftClusterWithNetty71855ece/s1/b2a16b91-213d-439c-9f8d-bfffed5aa7a9/current/raft-meta.tmp to /home/runner/work/ratis/ratis/ratis-examples/target/test/data/da5193cb/MiniRaftClusterWithNetty71855ece/s1/b2a16b91-213d-439c-9f8d-bfffed5aa7a9/current/raft-meta with options [REPLACE_EXISTING]
2024-12-14 12:26:01,468 INFO  impl.LeaderElection (LeaderElection.java:askForVotes(332)) - s1@group-BFFFED5AA7A9-LeaderElection21 ELECTION round 0: submit vote requests at term 1 for conf: {index: -1, cur=peers:[s10|0.0.0.0:15025, s0|0.0.0.0:15015, s1|0.0.0.0:15016]|listeners:[], old=null}
2024-12-14 12:26:01,467 INFO  impl.VoteContext (VoteContext.java:log(49)) - s0@group-BFFFED5AA7A9-FOLLOWER: accept PRE_VOTE from s1: our priority 0 <= candidate's priority 0
2024-12-14 12:26:01,468 INFO  server.RaftServer$Division (RaftServerImpl.java:requestVote(1486)) - s0@group-BFFFED5AA7A9 replies to PRE_VOTE vote request: s1<-s0#0:OK-t0. Peer's state: s0@group-BFFFED5AA7A9:t0, leader=null, voted=, raftlog=Memoized:s0@group-BFFFED5AA7A9-SegmentedRaftLog:OPENED:c-1:lastnull, conf=conf: {index: -1, cur=peers:[s10|0.0.0.0:15025, s0|0.0.0.0:15015, s1|0.0.0.0:15016]|listeners:[], old=null}
2024-12-14 12:26:01,468 INFO  server.RaftServerConfigKeys (ConfUtils.java:logFallback(53)) - raft.server.rpc.first-election.timeout.min = 300ms (fallback to raft.server.rpc.timeout.min)
2024-12-14 12:26:01,468 INFO  server.RaftServerConfigKeys (ConfUtils.java:logFallback(53)) - raft.server.rpc.first-election.timeout.max = 600ms (fallback to raft.server.rpc.timeout.max)
2024-12-14 12:26:01,469 INFO  server.RaftServer$Division (RaftServerImpl.java:requestVote(1452)) - s0@group-BFFFED5AA7A9: receive requestVote(ELECTION, s1, group-BFFFED5AA7A9, 1, (t:0, i:0))
2024-12-14 12:26:01,469 INFO  impl.VoteContext (VoteContext.java:log(49)) - s0@group-BFFFED5AA7A9-FOLLOWER: accept ELECTION from s1: our priority 0 <= candidate's priority 0
2024-12-14 12:26:01,469 INFO  server.RaftServer$Division (RaftServerImpl.java:setRole(379)) - s0@group-BFFFED5AA7A9: changes role from  FOLLOWER to FOLLOWER at term 0 for candidate:s1
2024-12-14 12:26:01,469 INFO  impl.RoleInfo (RoleInfo.java:shutdownFollowerState(121)) - s0: shutdown s0@group-BFFFED5AA7A9-FollowerState
2024-12-14 12:26:01,469 INFO  impl.RoleInfo (RoleInfo.java:updateAndGet(148)) - s0: start s0@group-BFFFED5AA7A9-FollowerState
2024-12-14 12:26:01,469 INFO  impl.FollowerState (FollowerState.java:runImpl(170)) - s0@group-BFFFED5AA7A9-FollowerState was interrupted
2024-12-14 12:26:01,469 INFO  server.RaftServer$Division (RaftServerImpl.java:setFirstElection(563)) - s0@group-BFFFED5AA7A9: set firstElectionSinceStartup to false for candidate:s1
2024-12-14 12:26:01,470 INFO  server.RaftServer$Division (RaftServerImpl.java:requestVote(1452)) - s10@group-BFFFED5AA7A9: receive requestVote(ELECTION, s1, group-BFFFED5AA7A9, 1, (t:0, i:0))
2024-12-14 12:26:01,470 TRACE util.FileUtils (LogUtils.java:supplyAndLog(69)) - Successfully supplied FileChannel.open /home/runner/work/ratis/ratis/ratis-examples/target/test/data/da5193cb/MiniRaftClusterWithNetty71855ece/s0/b2a16b91-213d-439c-9f8d-bfffed5aa7a9/current/raft-meta.tmp with options [CREATE, WRITE]: sun.nio.ch.FileChannelImpl@601bc530
2024-12-14 12:26:01,470 INFO  impl.VoteContext (VoteContext.java:log(49)) - s10@group-BFFFED5AA7A9-FOLLOWER: accept ELECTION from s1: our priority 0 <= candidate's priority 0
2024-12-14 12:26:01,470 INFO  server.RaftServer$Division (RaftServerImpl.java:setRole(379)) - s10@group-BFFFED5AA7A9: changes role from  FOLLOWER to FOLLOWER at term 0 for candidate:s1
2024-12-14 12:26:01,471 INFO  impl.RoleInfo (RoleInfo.java:shutdownFollowerState(121)) - s10: shutdown s10@group-BFFFED5AA7A9-FollowerState
2024-12-14 12:26:01,471 INFO  impl.FollowerState (FollowerState.java:runImpl(170)) - s10@group-BFFFED5AA7A9-FollowerState was interrupted
2024-12-14 12:26:01,471 INFO  impl.RoleInfo (RoleInfo.java:updateAndGet(148)) - s10: start s10@group-BFFFED5AA7A9-FollowerState
2024-12-14 12:26:01,471 TRACE util.FileUtils (LogUtils.java:runAndLog(49)) - Successfully ran Atomic Files.move /home/runner/work/ratis/ratis/ratis-examples/target/test/data/da5193cb/MiniRaftClusterWithNetty71855ece/s0/b2a16b91-213d-439c-9f8d-bfffed5aa7a9/current/raft-meta.tmp to /home/runner/work/ratis/ratis/ratis-examples/target/test/data/da5193cb/MiniRaftClusterWithNetty71855ece/s0/b2a16b91-213d-439c-9f8d-bfffed5aa7a9/current/raft-meta with options [REPLACE_EXISTING]
2024-12-14 12:26:01,471 INFO  server.RaftServer$Division (RaftServerImpl.java:requestVote(1486)) - s0@group-BFFFED5AA7A9 replies to ELECTION vote request: s1<-s0#0:OK-t1. Peer's state: s0@group-BFFFED5AA7A9:t1, leader=null, voted=s1, raftlog=Memoized:s0@group-BFFFED5AA7A9-SegmentedRaftLog:OPENED:c-1:lastnull, conf=conf: {index: -1, cur=peers:[s10|0.0.0.0:15025, s0|0.0.0.0:15015, s1|0.0.0.0:15016]|listeners:[], old=null}
2024-12-14 12:26:01,473 INFO  server.RaftServer$Division (RaftServerImpl.java:setFirstElection(563)) - s10@group-BFFFED5AA7A9: set firstElectionSinceStartup to false for candidate:s1
2024-12-14 12:26:01,473 INFO  impl.LeaderElection (LeaderElection.java:logAndReturn(90)) - s1@group-BFFFED5AA7A9-LeaderElection21: ELECTION PASSED received 1 response(s) and 0 exception(s):
2024-12-14 12:26:01,473 TRACE util.FileUtils (LogUtils.java:supplyAndLog(69)) - Successfully supplied FileChannel.open /home/runner/work/ratis/ratis/ratis-examples/target/test/data/da5193cb/MiniRaftClusterWithNetty71855ece/s10/b2a16b91-213d-439c-9f8d-bfffed5aa7a9/current/raft-meta.tmp with options [CREATE, WRITE]: sun.nio.ch.FileChannelImpl@41e8cae3
2024-12-14 12:26:01,473 INFO  impl.LeaderElection (LeaderElection.java:logAndReturn(94)) -   Response 0: s1<-s0#0:OK-t1
2024-12-14 12:26:01,473 INFO  impl.LeaderElection (LeaderElection.java:askForVotes(334)) - s1@group-BFFFED5AA7A9-LeaderElection21 ELECTION round 0: result PASSED
2024-12-14 12:26:01,473 INFO  impl.RoleInfo (RoleInfo.java:shutdownLeaderElection(141)) - s1: shutdown s1@group-BFFFED5AA7A9-LeaderElection21
2024-12-14 12:26:01,473 INFO  server.RaftServer$Division (RaftServerImpl.java:setRole(379)) - s1@group-BFFFED5AA7A9: changes role from CANDIDATE to LEADER at term 1 for changeToLeader
2024-12-14 12:26:01,473 INFO  server.RaftServerConfigKeys (ConfUtils.java:logGet(46)) - raft.server.staging.catchup.gap = 1000 (default)
2024-12-14 12:26:01,473 INFO  server.RaftServerConfigKeys (ConfUtils.java:logGet(46)) - raft.server.write.element-limit = 4096 (default)
2024-12-14 12:26:01,473 INFO  server.RaftServerConfigKeys (ConfUtils.java:logGet(46)) - raft.server.write.byte-limit = 64MB (=67108864) (default)
2024-12-14 12:26:01,473 INFO  server.RaftServerConfigKeys (ConfUtils.java:logGet(46)) - raft.server.watch.timeout = 10s (default)
2024-12-14 12:26:01,473 INFO  server.RaftServerConfigKeys (ConfUtils.java:logGet(46)) - raft.server.watch.timeout.denomination = 1s (default)
2024-12-14 12:26:01,473 INFO  server.RaftServerConfigKeys (ConfUtils.java:logGet(46)) - raft.server.watch.element-limit = 65536 (default)
2024-12-14 12:26:01,474 INFO  server.RaftServerConfigKeys (ConfUtils.java:logGet(46)) - raft.server.read.leader.lease.enabled = false (default)
2024-12-14 12:26:01,474 INFO  server.RaftServerConfigKeys (ConfUtils.java:logGet(46)) - raft.server.read.leader.lease.timeout.ratio = 0.9 (default)
2024-12-14 12:26:01,474 INFO  server.RaftServerConfigKeys (ConfUtils.java:logGet(46)) - raft.server.rpc.timeout.min = 300ms (custom)
2024-12-14 12:26:01,474 INFO  server.RaftServerConfigKeys (ConfUtils.java:logGet(46)) - raft.server.log.log-metadata.enabled = true (default)
2024-12-14 12:26:01,474 INFO  server.RaftServerConfigKeys (ConfUtils.java:logGet(46)) - raft.server.write.element-limit = 4096 (default)
2024-12-14 12:26:01,474 INFO  server.RaftServerConfigKeys (ConfUtils.java:logGet(46)) - raft.server.write.follower.gap.ratio.max = -1.0 (default)
2024-12-14 12:26:01,474 INFO  server.RaftServerConfigKeys (ConfUtils.java:logGet(46)) - raft.server.log.appender.snapshot.chunk.size.max = 16MB (=16777216) (default)
2024-12-14 12:26:01,474 INFO  server.RaftServerConfigKeys (ConfUtils.java:logGet(46)) - raft.server.log.appender.buffer.byte-limit = 4MB (=4194304) (default)
2024-12-14 12:26:01,474 INFO  server.RaftServerConfigKeys (ConfUtils.java:logGet(46)) - raft.server.log.appender.buffer.element-limit = 0 (default)
2024-12-14 12:26:01,474 INFO  server.RaftServerConfigKeys (ConfUtils.java:logGet(46)) - raft.server.log.appender.wait-time.min = 1ms (default)
2024-12-14 12:26:01,474 INFO  server.RaftServerConfigKeys (ConfUtils.java:logGet(46)) - raft.server.log.appender.snapshot.chunk.size.max = 16MB (=16777216) (default)
2024-12-14 12:26:01,474 INFO  server.RaftServerConfigKeys (ConfUtils.java:logGet(46)) - raft.server.log.appender.buffer.byte-limit = 4MB (=4194304) (default)
2024-12-14 12:26:01,474 INFO  server.RaftServerConfigKeys (ConfUtils.java:logGet(46)) - raft.server.log.appender.buffer.element-limit = 0 (default)
2024-12-14 12:26:01,474 INFO  server.RaftServerConfigKeys (ConfUtils.java:logGet(46)) - raft.server.log.appender.wait-time.min = 1ms (default)
2024-12-14 12:26:01,474 INFO  impl.RoleInfo (RoleInfo.java:updateAndGet(148)) - s1: start s1@group-BFFFED5AA7A9-LeaderStateImpl
2024-12-14 12:26:01,474 INFO  server.RaftServer$Division (RaftServerImpl.java:setFirstElection(563)) - s1@group-BFFFED5AA7A9: set firstElectionSinceStartup to false for becomeLeader
2024-12-14 12:26:01,475 INFO  server.RaftServer$Division (ServerState.java:setLeader(272)) - s1@group-BFFFED5AA7A9: change Leader from null to s1 at term 1 for becomeLeader, leader elected after 467ms
2024-12-14 12:26:01,475 INFO  segmented.SegmentedRaftLogWorker (SegmentedRaftLogWorker.java:startLogSegment(443)) - s1@group-BFFFED5AA7A9-SegmentedRaftLogWorker: Starting segment from index:0
2024-12-14 12:26:01,475 INFO  server.RaftServer$Division (ServerState.java:setRaftConf(386)) - s1@group-BFFFED5AA7A9: set configuration conf: {index: 0, cur=peers:[s10|0.0.0.0:15025, s0|0.0.0.0:15015, s1|0.0.0.0:15016]|listeners:[], old=null}
2024-12-14 12:26:01,475 INFO  segmented.BufferedWriteChannel (BufferedWriteChannel.java:open(61)) - open log_inprogress_0 at position 0
2024-12-14 12:26:01,475 TRACE util.FileUtils (LogUtils.java:runAndLog(49)) - Successfully ran Atomic Files.move /home/runner/work/ratis/ratis/ratis-examples/target/test/data/da5193cb/MiniRaftClusterWithNetty71855ece/s10/b2a16b91-213d-439c-9f8d-bfffed5aa7a9/current/raft-meta.tmp to /home/runner/work/ratis/ratis/ratis-examples/target/test/data/da5193cb/MiniRaftClusterWithNetty71855ece/s10/b2a16b91-213d-439c-9f8d-bfffed5aa7a9/current/raft-meta with options [REPLACE_EXISTING]
2024-12-14 12:26:01,475 INFO  server.RaftServer$Division (RaftServerImpl.java:requestVote(1486)) - s10@group-BFFFED5AA7A9 replies to ELECTION vote request: s1<-s10#0:OK-t1. Peer's state: s10@group-BFFFED5AA7A9:t1, leader=null, voted=s1, raftlog=Memoized:s10@group-BFFFED5AA7A9-SegmentedRaftLog:OPENED:c-1:lastnull, conf=conf: {index: -1, cur=peers:[s10|0.0.0.0:15025, s0|0.0.0.0:15015, s1|0.0.0.0:15016]|listeners:[], old=null}
2024-12-14 12:26:01,480 INFO  server.RaftServer$Division (ServerState.java:setLeader(272)) - s10@group-BFFFED5AA7A9: change Leader from null to s1 at term 1 for appendEntries, leader elected after 450ms
2024-12-14 12:26:01,481 INFO  server.RaftServer$Division (ServerState.java:setLeader(272)) - s0@group-BFFFED5AA7A9: change Leader from null to s1 at term 1 for appendEntries, leader elected after 499ms
2024-12-14 12:26:01,485 INFO  server.RaftServer$Division (ServerState.java:setRaftConf(386)) - s10@group-BFFFED5AA7A9: set configuration conf: {index: 0, cur=peers:[s10|0.0.0.0:15025, s0|0.0.0.0:15015, s1|0.0.0.0:15016]|listeners:[], old=null}
2024-12-14 12:26:01,485 INFO  segmented.SegmentedRaftLogWorker (SegmentedRaftLogWorker.java:startLogSegment(443)) - s10@group-BFFFED5AA7A9-SegmentedRaftLogWorker: Starting segment from index:0
2024-12-14 12:26:01,485 INFO  server.RaftServer$Division (ServerState.java:setRaftConf(386)) - s0@group-BFFFED5AA7A9: set configuration conf: {index: 0, cur=peers:[s10|0.0.0.0:15025, s0|0.0.0.0:15015, s1|0.0.0.0:15016]|listeners:[], old=null}
2024-12-14 12:26:01,485 INFO  segmented.BufferedWriteChannel (BufferedWriteChannel.java:open(61)) - open log_inprogress_0 at position 0
2024-12-14 12:26:01,485 INFO  segmented.SegmentedRaftLogWorker (SegmentedRaftLogWorker.java:startLogSegment(443)) - s0@group-BFFFED5AA7A9-SegmentedRaftLogWorker: Starting segment from index:0
2024-12-14 12:26:01,486 INFO  segmented.SegmentedRaftLogWorker (SegmentedRaftLogWorker.java:execute(667)) - s1@group-BFFFED5AA7A9-SegmentedRaftLogWorker: created new log segment /home/runner/work/ratis/ratis/ratis-examples/target/test/data/da5193cb/MiniRaftClusterWithNetty71855ece/s1/b2a16b91-213d-439c-9f8d-bfffed5aa7a9/current/log_inprogress_0
2024-12-14 12:26:01,486 INFO  segmented.BufferedWriteChannel (BufferedWriteChannel.java:open(61)) - open log_inprogress_0 at position 0
2024-12-14 12:26:01,498 INFO  segmented.SegmentedRaftLogWorker (SegmentedRaftLogWorker.java:execute(667)) - s10@group-BFFFED5AA7A9-SegmentedRaftLogWorker: created new log segment /home/runner/work/ratis/ratis/ratis-examples/target/test/data/da5193cb/MiniRaftClusterWithNetty71855ece/s10/b2a16b91-213d-439c-9f8d-bfffed5aa7a9/current/log_inprogress_0
2024-12-14 12:26:01,499 TRACE util.FileUtils (LogUtils.java:supplyAndLog(69)) - Successfully supplied FileChannel.open /home/runner/work/ratis/ratis/ratis-examples/target/test/data/da5193cb/MiniRaftClusterWithNetty71855ece/s1/b2a16b91-213d-439c-9f8d-bfffed5aa7a9/current/raft-meta.conf.tmp with options [CREATE, WRITE]: sun.nio.ch.FileChannelImpl@5fad0e48
2024-12-14 12:26:01,500 INFO  segmented.SegmentedRaftLogWorker (SegmentedRaftLogWorker.java:execute(667)) - s0@group-BFFFED5AA7A9-SegmentedRaftLogWorker: created new log segment /home/runner/work/ratis/ratis/ratis-examples/target/test/data/da5193cb/MiniRaftClusterWithNetty71855ece/s0/b2a16b91-213d-439c-9f8d-bfffed5aa7a9/current/log_inprogress_0
2024-12-14 12:26:01,500 TRACE util.FileUtils (LogUtils.java:runAndLog(49)) - Successfully ran Atomic Files.move /home/runner/work/ratis/ratis/ratis-examples/target/test/data/da5193cb/MiniRaftClusterWithNetty71855ece/s1/b2a16b91-213d-439c-9f8d-bfffed5aa7a9/current/raft-meta.conf.tmp to /home/runner/work/ratis/ratis/ratis-examples/target/test/data/da5193cb/MiniRaftClusterWithNetty71855ece/s1/b2a16b91-213d-439c-9f8d-bfffed5aa7a9/current/raft-meta.conf with options [REPLACE_EXISTING]
2024-12-14 12:26:01,500 INFO  server.RaftServer$Division (LeaderStateImpl.java:checkStartIndex(314)) - Leader s1@group-BFFFED5AA7A9-LeaderStateImpl is ready since appliedIndex == startIndex == 0
2024-12-14 12:26:01,651 TRACE util.FileUtils (LogUtils.java:supplyAndLog(69)) - Successfully supplied FileChannel.open /home/runner/work/ratis/ratis/ratis-examples/target/test/data/da5193cb/MiniRaftClusterWithNetty71855ece/s10/b2a16b91-213d-439c-9f8d-bfffed5aa7a9/current/raft-meta.conf.tmp with options [CREATE, WRITE]: sun.nio.ch.FileChannelImpl@4cf1acf6
2024-12-14 12:26:01,653 TRACE util.FileUtils (LogUtils.java:supplyAndLog(69)) - Successfully supplied FileChannel.open /home/runner/work/ratis/ratis/ratis-examples/target/test/data/da5193cb/MiniRaftClusterWithNetty71855ece/s0/b2a16b91-213d-439c-9f8d-bfffed5aa7a9/current/raft-meta.conf.tmp with options [CREATE, WRITE]: sun.nio.ch.FileChannelImpl@3ae64c91
2024-12-14 12:26:01,653 TRACE util.FileUtils (LogUtils.java:runAndLog(49)) - Successfully ran Atomic Files.move /home/runner/work/ratis/ratis/ratis-examples/target/test/data/da5193cb/MiniRaftClusterWithNetty71855ece/s10/b2a16b91-213d-439c-9f8d-bfffed5aa7a9/current/raft-meta.conf.tmp to /home/runner/work/ratis/ratis/ratis-examples/target/test/data/da5193cb/MiniRaftClusterWithNetty71855ece/s10/b2a16b91-213d-439c-9f8d-bfffed5aa7a9/current/raft-meta.conf with options [REPLACE_EXISTING]
2024-12-14 12:26:01,655 TRACE util.FileUtils (LogUtils.java:runAndLog(49)) - Successfully ran Atomic Files.move /home/runner/work/ratis/ratis/ratis-examples/target/test/data/da5193cb/MiniRaftClusterWithNetty71855ece/s0/b2a16b91-213d-439c-9f8d-bfffed5aa7a9/current/raft-meta.conf.tmp to /home/runner/work/ratis/ratis/ratis-examples/target/test/data/da5193cb/MiniRaftClusterWithNetty71855ece/s0/b2a16b91-213d-439c-9f8d-bfffed5aa7a9/current/raft-meta.conf with options [REPLACE_EXISTING]
2024-12-14 12:26:01,953 INFO  ratis.RaftTestUtil (RaftTestUtil.java:waitForLeader(131)) - printing group-BFFFED5AA7A9
  s10:  RUNNING [
   FOLLOWER s10@group-BFFFED5AA7A9:t1, leader=s1, voted=s1, raftlog=Memoized:s10@group-BFFFED5AA7A9-SegmentedRaftLog:OPENED:c0:last(t:1, i:0), conf=conf: {index: 0, cur=peers:[s10|0.0.0.0:15025, s0|0.0.0.0:15015, s1|0.0.0.0:15016]|listeners:[], old=null} RUNNING
   FOLLOWER s10@group-0A0C1A18FF69:t0, leader=null, voted=, raftlog=Memoized:s10@group-0A0C1A18FF69-SegmentedRaftLog:OPENED:c-1:lastnull, conf=conf: {index: -1, cur=peers:[]|listeners:[], old=null} STARTING] size=2
  s0:  RUNNING [
   FOLLOWER s0@group-BFFFED5AA7A9:t1, leader=s1, voted=s1, raftlog=Memoized:s0@group-BFFFED5AA7A9-SegmentedRaftLog:OPENED:c0:last(t:1, i:0), conf=conf: {index: 0, cur=peers:[s10|0.0.0.0:15025, s0|0.0.0.0:15015, s1|0.0.0.0:15016]|listeners:[], old=null} RUNNING
   FOLLOWER s0@group-0A0C1A18FF69:t0, leader=null, voted=, raftlog=Memoized:s0@group-0A0C1A18FF69-SegmentedRaftLog:OPENED:c-1:lastnull, conf=conf: {index: -1, cur=peers:[]|listeners:[], old=null} STARTING] size=2
  s1:  RUNNING [
     LEADER s1@group-BFFFED5AA7A9:t1, leader=s1, voted=s1, raftlog=Memoized:s1@group-BFFFED5AA7A9-SegmentedRaftLog:OPENED:c0:last(t:1, i:0), conf=conf: {index: 0, cur=peers:[s10|0.0.0.0:15025, s0|0.0.0.0:15015, s1|0.0.0.0:15016]|listeners:[], old=null} RUNNING
   FOLLOWER s1@group-0A0C1A18FF69:t0, leader=null, voted=, raftlog=Memoized:s1@group-0A0C1A18FF69-SegmentedRaftLog:OPENED:c-1:lastnull, conf=conf: {index: -1, cur=peers:[]|listeners:[], old=null} STARTING] size=2
2024-12-14 12:26:01,954 INFO  netty.NettyUtils (NettyUtils.java:newEventLoopGroup(74)) - Create EpollEventLoopGroup for client-FD987D7BF954; Thread size is 0.
2024-12-14 12:26:01,956 INFO  logging.LoggingHandler (AbstractInternalLogger.java:log(148)) - [id: 0xeff72721, L:/0.0.0.0:15025] READ: [id: 0xd9d249f0, L:/127.0.0.1:15025 - R:/127.0.0.1:58110]
2024-12-14 12:26:01,956 INFO  logging.LoggingHandler (AbstractInternalLogger.java:log(148)) - [id: 0xeff72721, L:/0.0.0.0:15025] READ COMPLETE
2024-12-14 12:26:02,059 INFO  logging.LoggingHandler (AbstractInternalLogger.java:log(148)) - [id: 0x356557ed, L:/0.0.0.0:15016] READ: [id: 0xf5ba2add, L:/127.0.0.1:15016 - R:/127.0.0.1:41814]
2024-12-14 12:26:02,059 INFO  logging.LoggingHandler (AbstractInternalLogger.java:log(148)) - [id: 0x356557ed, L:/0.0.0.0:15016] READ COMPLETE
2024-12-14 12:26:02,062 INFO  statemachine.StateMachine (ArithmeticStateMachine.java:applyTransaction(181)) - LEADER:s1-1: a = 3 = 3
2024-12-14 12:26:02,065 INFO  statemachine.StateMachine (ArithmeticStateMachine.java:applyTransaction(181)) - LEADER:s1-3: b = 4 = 4
2024-12-14 12:26:02,067 INFO  statemachine.StateMachine (ArithmeticStateMachine.java:applyTransaction(181)) - LEADER:s1-5: c = √(a^2 + b^2) = 5
2024-12-14 12:26:02,071 INFO  statemachine.StateMachine (ArithmeticStateMachine.java:applyTransaction(181)) - LEADER:s1-7: a = null = null
2024-12-14 12:26:02,073 INFO  statemachine.StateMachine (ArithmeticStateMachine.java:applyTransaction(181)) - LEADER:s1-9: b = null = null
2024-12-14 12:26:02,075 INFO  statemachine.StateMachine (ArithmeticStateMachine.java:applyTransaction(181)) - LEADER:s1-11: c = null = null
2024-12-14 12:26:02,078 INFO  statemachine.StateMachine (ArithmeticStateMachine.java:applyTransaction(181)) - LEADER:s1-13: a = 5 = 5
2024-12-14 12:26:02,082 INFO  statemachine.StateMachine (ArithmeticStateMachine.java:applyTransaction(181)) - LEADER:s1-15: b = 12 = 12
2024-12-14 12:26:02,086 INFO  statemachine.StateMachine (ArithmeticStateMachine.java:applyTransaction(181)) - LEADER:s1-17: c = √(a^2 + b^2) = 13
2024-12-14 12:26:02,088 INFO  statemachine.StateMachine (ArithmeticStateMachine.java:applyTransaction(181)) - LEADER:s1-19: a = null = null
2024-12-14 12:26:02,090 INFO  statemachine.StateMachine (ArithmeticStateMachine.java:applyTransaction(181)) - LEADER:s1-21: b = null = null
2024-12-14 12:26:02,092 INFO  statemachine.StateMachine (ArithmeticStateMachine.java:applyTransaction(181)) - LEADER:s1-23: c = null = null
2024-12-14 12:26:02,094 INFO  statemachine.StateMachine (ArithmeticStateMachine.java:applyTransaction(181)) - LEADER:s1-25: a = 7 = 7
2024-12-14 12:26:02,096 INFO  statemachine.StateMachine (ArithmeticStateMachine.java:applyTransaction(181)) - LEADER:s1-27: b = 24 = 24
2024-12-14 12:26:02,098 INFO  statemachine.StateMachine (ArithmeticStateMachine.java:applyTransaction(181)) - LEADER:s1-29: c = √(a^2 + b^2) = 25
2024-12-14 12:26:02,101 INFO  statemachine.StateMachine (ArithmeticStateMachine.java:applyTransaction(181)) - LEADER:s1-31: a = null = null
2024-12-14 12:26:02,103 INFO  statemachine.StateMachine (ArithmeticStateMachine.java:applyTransaction(181)) - LEADER:s1-33: b = null = null
2024-12-14 12:26:02,105 INFO  statemachine.StateMachine (ArithmeticStateMachine.java:applyTransaction(181)) - LEADER:s1-35: c = null = null
2024-12-14 12:26:02,108 INFO  statemachine.StateMachine (ArithmeticStateMachine.java:applyTransaction(181)) - LEADER:s1-37: a = 9 = 9
2024-12-14 12:26:02,110 INFO  statemachine.StateMachine (ArithmeticStateMachine.java:applyTransaction(181)) - LEADER:s1-39: b = 40 = 40
2024-12-14 12:26:02,113 INFO  statemachine.StateMachine (ArithmeticStateMachine.java:applyTransaction(181)) - LEADER:s1-41: c = √(a^2 + b^2) = 41
2024-12-14 12:26:02,115 INFO  statemachine.StateMachine (ArithmeticStateMachine.java:applyTransaction(181)) - LEADER:s1-43: a = null = null
2024-12-14 12:26:02,118 INFO  statemachine.StateMachine (ArithmeticStateMachine.java:applyTransaction(181)) - LEADER:s1-45: b = null = null
2024-12-14 12:26:02,120 INFO  statemachine.StateMachine (ArithmeticStateMachine.java:applyTransaction(181)) - LEADER:s1-47: c = null = null
2024-12-14 12:26:02,123 INFO  statemachine.StateMachine (ArithmeticStateMachine.java:applyTransaction(181)) - LEADER:s1-49: a = 11 = 11
2024-12-14 12:26:02,125 INFO  statemachine.StateMachine (ArithmeticStateMachine.java:applyTransaction(181)) - LEADER:s1-51: b = 60 = 60
2024-12-14 12:26:02,127 INFO  statemachine.StateMachine (ArithmeticStateMachine.java:applyTransaction(181)) - LEADER:s1-53: c = √(a^2 + b^2) = 61
2024-12-14 12:26:02,129 INFO  statemachine.StateMachine (ArithmeticStateMachine.java:applyTransaction(181)) - LEADER:s1-55: a = null = null
2024-12-14 12:26:02,133 INFO  statemachine.StateMachine (ArithmeticStateMachine.java:applyTransaction(181)) - LEADER:s1-57: b = null = null
2024-12-14 12:26:02,135 INFO  statemachine.StateMachine (ArithmeticStateMachine.java:applyTransaction(181)) - LEADER:s1-59: c = null = null
2024-12-14 12:26:02,137 INFO  statemachine.StateMachine (ArithmeticStateMachine.java:applyTransaction(181)) - LEADER:s1-61: a = 13 = 13
2024-12-14 12:26:02,139 INFO  statemachine.StateMachine (ArithmeticStateMachine.java:applyTransaction(181)) - LEADER:s1-63: b = 84 = 84
2024-12-14 12:26:02,141 INFO  statemachine.StateMachine (ArithmeticStateMachine.java:applyTransaction(181)) - LEADER:s1-65: c = √(a^2 + b^2) = 85
2024-12-14 12:26:02,144 INFO  statemachine.StateMachine (ArithmeticStateMachine.java:applyTransaction(181)) - LEADER:s1-67: a = null = null
2024-12-14 12:26:02,146 INFO  statemachine.StateMachine (ArithmeticStateMachine.java:applyTransaction(181)) - LEADER:s1-69: b = null = null
2024-12-14 12:26:02,148 INFO  statemachine.StateMachine (ArithmeticStateMachine.java:applyTransaction(181)) - LEADER:s1-71: c = null = null
2024-12-14 12:26:02,150 INFO  statemachine.StateMachine (ArithmeticStateMachine.java:applyTransaction(181)) - LEADER:s1-73: a = 15 = 15
2024-12-14 12:26:02,152 INFO  statemachine.StateMachine (ArithmeticStateMachine.java:applyTransaction(181)) - LEADER:s1-75: b = 112 = 112
2024-12-14 12:26:02,154 INFO  statemachine.StateMachine (ArithmeticStateMachine.java:applyTransaction(181)) - LEADER:s1-77: c = √(a^2 + b^2) = 113
2024-12-14 12:26:02,156 INFO  statemachine.StateMachine (ArithmeticStateMachine.java:applyTransaction(181)) - LEADER:s1-79: a = null = null
2024-12-14 12:26:02,158 INFO  statemachine.StateMachine (ArithmeticStateMachine.java:applyTransaction(181)) - LEADER:s1-81: b = null = null
2024-12-14 12:26:02,160 INFO  statemachine.StateMachine (ArithmeticStateMachine.java:applyTransaction(181)) - LEADER:s1-83: c = null = null
2024-12-14 12:26:02,162 INFO  statemachine.StateMachine (ArithmeticStateMachine.java:applyTransaction(181)) - LEADER:s1-85: a = 17 = 17
2024-12-14 12:26:02,164 INFO  statemachine.StateMachine (ArithmeticStateMachine.java:applyTransaction(181)) - LEADER:s1-87: b = 144 = 144
2024-12-14 12:26:02,166 INFO  statemachine.StateMachine (ArithmeticStateMachine.java:applyTransaction(181)) - LEADER:s1-89: c = √(a^2 + b^2) = 145
2024-12-14 12:26:02,168 INFO  statemachine.StateMachine (ArithmeticStateMachine.java:applyTransaction(181)) - LEADER:s1-91: a = null = null
2024-12-14 12:26:02,170 INFO  statemachine.StateMachine (ArithmeticStateMachine.java:applyTransaction(181)) - LEADER:s1-93: b = null = null
2024-12-14 12:26:02,172 INFO  statemachine.StateMachine (ArithmeticStateMachine.java:applyTransaction(181)) - LEADER:s1-95: c = null = null
2024-12-14 12:26:02,174 INFO  statemachine.StateMachine (ArithmeticStateMachine.java:applyTransaction(181)) - LEADER:s1-97: a = 19 = 19
2024-12-14 12:26:02,176 INFO  statemachine.StateMachine (ArithmeticStateMachine.java:applyTransaction(181)) - LEADER:s1-99: b = 180 = 180
2024-12-14 12:26:02,178 INFO  statemachine.StateMachine (ArithmeticStateMachine.java:applyTransaction(181)) - LEADER:s1-101: c = √(a^2 + b^2) = 181
2024-12-14 12:26:02,182 INFO  statemachine.StateMachine (ArithmeticStateMachine.java:applyTransaction(181)) - LEADER:s1-103: a = null = null
2024-12-14 12:26:02,184 INFO  statemachine.StateMachine (ArithmeticStateMachine.java:applyTransaction(181)) - LEADER:s1-105: b = null = null
2024-12-14 12:26:02,185 INFO  statemachine.StateMachine (ArithmeticStateMachine.java:applyTransaction(181)) - LEADER:s1-107: c = null = null
2024-12-14 12:26:02,187 INFO  statemachine.StateMachine (ArithmeticStateMachine.java:applyTransaction(181)) - LEADER:s1-109: a = 21 = 21
2024-12-14 12:26:02,189 INFO  statemachine.StateMachine (ArithmeticStateMachine.java:applyTransaction(181)) - LEADER:s1-111: b = 220 = 220
2024-12-14 12:26:02,191 INFO  statemachine.StateMachine (ArithmeticStateMachine.java:applyTransaction(181)) - LEADER:s1-113: c = √(a^2 + b^2) = 221
2024-12-14 12:26:02,193 INFO  statemachine.StateMachine (ArithmeticStateMachine.java:applyTransaction(181)) - LEADER:s1-115: a = null = null
2024-12-14 12:26:02,195 INFO  statemachine.StateMachine (ArithmeticStateMachine.java:applyTransaction(181)) - LEADER:s1-117: b = null = null
2024-12-14 12:26:02,197 INFO  statemachine.StateMachine (ArithmeticStateMachine.java:applyTransaction(181)) - LEADER:s1-119: c = null = null
2024-12-14 12:26:02,213 INFO  impl.GroupManagementBaseTest (GroupManagementBaseTest.java:runMultiGroupTest(281)) - 1) starting group-9CE91F930A22:[s11|0.0.0.0:15026, s13|0.0.0.0:15028, s12|0.0.0.0:15027]
2024-12-14 12:26:02,213 INFO  netty.NettyUtils (NettyUtils.java:newEventLoopGroup(74)) - Create EpollEventLoopGroup for client-31988B3FD12B; Thread size is 0.
2024-12-14 12:26:02,215 INFO  logging.LoggingHandler (AbstractInternalLogger.java:log(148)) - [id: 0x7b551b54, L:/0.0.0.0:15026] READ: [id: 0xe020255c, L:/127.0.0.1:15026 - R:/127.0.0.1:50404]
2024-12-14 12:26:02,216 INFO  logging.LoggingHandler (AbstractInternalLogger.java:log(148)) - [id: 0x7b551b54, L:/0.0.0.0:15026] READ COMPLETE
2024-12-14 12:26:02,217 INFO  server.RaftServer$Division (RaftServerImpl.java:<init>(256)) - s11: new RaftServerImpl for group-9CE91F930A22:[s11|0.0.0.0:15026, s13|0.0.0.0:15028, s12|0.0.0.0:15027] with ArithmeticStateMachine:uninitialized
2024-12-14 12:26:02,217 INFO  server.RaftServerConfigKeys (ConfUtils.java:logGet(46)) - raft.server.rpc.timeout.min = 300ms (custom)
2024-12-14 12:26:02,217 INFO  server.RaftServerConfigKeys (ConfUtils.java:logGet(46)) - raft.server.rpc.timeout.max = 600ms (custom)
2024-12-14 12:26:02,217 INFO  server.RaftServerConfigKeys (ConfUtils.java:logGet(46)) - raft.server.rpc.sleep.time = 25ms (default)
2024-12-14 12:26:02,217 INFO  server.RaftServerConfigKeys (ConfUtils.java:logGet(46)) - raft.server.rpc.slowness.timeout = 60s (default)
2024-12-14 12:26:02,217 INFO  server.RaftServerConfigKeys (ConfUtils.java:logGet(46)) - raft.server.leaderelection.leader.step-down.wait-time = 10s (default)
2024-12-14 12:26:02,217 INFO  server.RaftServerConfigKeys (ConfUtils.java:logGet(46)) - raft.server.leaderelection.member.majority-add = false (default)
2024-12-14 12:26:02,217 INFO  server.RaftServerConfigKeys (ConfUtils.java:logGet(46)) - raft.server.sleep.deviation.threshold = 300ms (default)
2024-12-14 12:26:02,217 INFO  server.RaftServer$Division (ServerState.java:<init>(114)) - s11@group-9CE91F930A22: ConfigurationManager, init=conf: {index: -1, cur=peers:[s11|0.0.0.0:15026, s13|0.0.0.0:15028, s12|0.0.0.0:15027]|listeners:[], old=null}, confs=<EMPTY_MAP>
2024-12-14 12:26:02,217 INFO  server.RaftServerConfigKeys (ConfUtils.java:logGet(46)) - raft.server.notification.no-leader.timeout = 60s (default)
2024-12-14 12:26:02,217 INFO  server.RaftServerConfigKeys (ConfUtils.java:logGet(46)) - raft.server.read.timeout = 10s (default)
2024-12-14 12:26:02,218 INFO  server.RaftServerConfigKeys (ConfUtils.java:logGet(46)) - raft.server.retrycache.expirytime = 60s (default)
2024-12-14 12:26:02,218 INFO  server.RaftServerConfigKeys (ConfUtils.java:logGet(46)) - raft.server.retrycache.statistics.expirytime = 100ms (default)
2024-12-14 12:26:02,218 INFO  server.RaftServerConfigKeys (ConfUtils.java:logGet(46)) - raft.server.read.option = DEFAULT (default)
2024-12-14 12:26:02,218 INFO  server.RaftServerConfigKeys (ConfUtils.java:logGet(46)) - raft.server.read.read-after-write-consistent.write-index-cache.expiry-time = 60s (default)
2024-12-14 12:26:02,218 INFO  server.RaftServerConfigKeys (ConfUtils.java:logGet(46)) - raft.server.rpc.request.timeout = 3000ms (default)
2024-12-14 12:26:02,218 INFO  server.RaftServerConfigKeys (ConfUtils.java:logGet(46)) - raft.server.log.appender.install.snapshot.enabled = true (default)
2024-12-14 12:26:02,218 INFO  server.RaftServerConfigKeys (ConfUtils.java:logGet(46)) - raft.server.threadpool.server.cached = true (default)
2024-12-14 12:26:02,218 INFO  server.RaftServerConfigKeys (ConfUtils.java:logGet(46)) - raft.server.threadpool.server.size = 0 (default)
2024-12-14 12:26:02,218 INFO  server.RaftServerConfigKeys (ConfUtils.java:logGet(46)) - raft.server.threadpool.client.cached = true (default)
2024-12-14 12:26:02,219 INFO  server.RaftServerConfigKeys (ConfUtils.java:logGet(46)) - raft.server.threadpool.client.size = 0 (default)
2024-12-14 12:26:02,219 INFO  server.RaftServer (RaftServerProxy.java:addNew(101)) - s11: addNew group-9CE91F930A22:[s11|0.0.0.0:15026, s13|0.0.0.0:15028, s12|0.0.0.0:15027] returns group-9CE91F930A22:java.util.concurrent.CompletableFuture@4affc1fe[Not completed]
2024-12-14 12:26:02,219 INFO  server.RaftServerConfigKeys (ConfUtils.java:logGet(46)) - raft.server.storage.free-space.min = 0MB (=0) (default)
2024-12-14 12:26:02,219 INFO  server.RaftServerConfigKeys (ConfUtils.java:logGet(46)) - raft.server.log.corruption.policy = EXCEPTION (default)
2024-12-14 12:26:02,219 INFO  server.RaftServerConfigKeys (ConfUtils.java:logGet(46)) - raft.server.storage.dir = [/home/runner/work/ratis/ratis/ratis-examples/target/test/data/da5193cb/MiniRaftClusterWithNetty71855ece/s11] (custom)
2024-12-14 12:26:02,219 INFO  storage.RaftStorageDirectory (RaftStorageDirectoryImpl.java:analyzeStorage(138)) - The storage directory /home/runner/work/ratis/ratis/ratis-examples/target/test/data/da5193cb/MiniRaftClusterWithNetty71855ece/s11/8cff9ddc-4abb-47b3-960b-9ce91f930a22 does not exist. Creating ...
2024-12-14 12:26:02,219 TRACE util.FileUtils (LogUtils.java:runAndLog(49)) - Successfully ran Files.createDirectories /home/runner/work/ratis/ratis/ratis-examples/target/test/data/da5193cb/MiniRaftClusterWithNetty71855ece/s11/8cff9ddc-4abb-47b3-960b-9ce91f930a22
2024-12-14 12:26:02,220 INFO  storage.RaftStorageDirectory (RaftStorageDirectoryImpl.java:tryLock(229)) - Lock on /home/runner/work/ratis/ratis/ratis-examples/target/test/data/da5193cb/MiniRaftClusterWithNetty71855ece/s11/8cff9ddc-4abb-47b3-960b-9ce91f930a22/in_use.lock acquired by nodename 14700@fv-az733-880
2024-12-14 12:26:02,221 TRACE util.FileUtils (LogUtils.java:runAndLog(49)) - Successfully ran Files.createDirectories /home/runner/work/ratis/ratis/ratis-examples/target/test/data/da5193cb/MiniRaftClusterWithNetty71855ece/s11/8cff9ddc-4abb-47b3-960b-9ce91f930a22/current
2024-12-14 12:26:02,221 TRACE util.FileUtils (LogUtils.java:runAndLog(49)) - Successfully ran Files.createDirectories /home/runner/work/ratis/ratis/ratis-examples/target/test/data/da5193cb/MiniRaftClusterWithNetty71855ece/s11/8cff9ddc-4abb-47b3-960b-9ce91f930a22/sm
2024-12-14 12:26:02,221 TRACE util.FileUtils (LogUtils.java:supplyAndLog(69)) - Successfully supplied FileChannel.open /home/runner/work/ratis/ratis/ratis-examples/target/test/data/da5193cb/MiniRaftClusterWithNetty71855ece/s11/8cff9ddc-4abb-47b3-960b-9ce91f930a22/current/raft-meta.tmp with options [CREATE, WRITE]: sun.nio.ch.FileChannelImpl@78788025
2024-12-14 12:26:02,222 TRACE util.FileUtils (LogUtils.java:runAndLog(49)) - Successfully ran Atomic Files.move /home/runner/work/ratis/ratis/ratis-examples/target/test/data/da5193cb/MiniRaftClusterWithNetty71855ece/s11/8cff9ddc-4abb-47b3-960b-9ce91f930a22/current/raft-meta.tmp to /home/runner/work/ratis/ratis/ratis-examples/target/test/data/da5193cb/MiniRaftClusterWithNetty71855ece/s11/8cff9ddc-4abb-47b3-960b-9ce91f930a22/current/raft-meta with options [REPLACE_EXISTING]
2024-12-14 12:26:02,222 INFO  storage.RaftStorage (RaftStorageImpl.java:format(98)) - Storage directory /home/runner/work/ratis/ratis/ratis-examples/target/test/data/da5193cb/MiniRaftClusterWithNetty71855ece/s11/8cff9ddc-4abb-47b3-960b-9ce91f930a22 has been successfully formatted.
2024-12-14 12:26:02,222 WARN  statemachine.StateMachine (ArithmeticStateMachine.java:loadSnapshot(115)) - The snapshot info is null.
2024-12-14 12:26:02,222 INFO  server.RaftServerConfigKeys (ConfUtils.java:logGet(46)) - raft.server.log.use.memory = false (default)
2024-12-14 12:26:02,222 INFO  server.RaftServerConfigKeys (ConfUtils.java:logGet(46)) - raft.server.log.purge.gap = 1024 (default)
2024-12-14 12:26:02,222 INFO  server.RaftServerConfigKeys (ConfUtils.java:logGet(46)) - raft.server.log.appender.buffer.byte-limit = 4MB (=4194304) (default)
2024-12-14 12:26:02,222 INFO  server.RaftServerConfigKeys (ConfUtils.java:logGet(46)) - raft.server.log.statemachine.data.read.timeout = 1000ms (default)
2024-12-14 12:26:02,222 INFO  server.RaftServerConfigKeys (ConfUtils.java:logGet(46)) - raft.server.log.purge.preservation.log.num = 0 (default)
2024-12-14 12:26:02,223 INFO  server.RaftServerConfigKeys (ConfUtils.java:logGet(46)) - raft.server.log.segment.size.max = 32MB (=33554432) (default)
2024-12-14 12:26:02,223 INFO  server.RaftServerConfigKeys (ConfUtils.java:logGet(46)) - raft.server.log.segment.cache.num.max = 6 (default)
2024-12-14 12:26:02,223 INFO  server.RaftServerConfigKeys (ConfUtils.java:logGet(46)) - raft.server.log.segment.cache.size.max = 200MB (=209715200) (default)
2024-12-14 12:26:02,223 INFO  server.RaftServerConfigKeys (ConfUtils.java:logGet(46)) - raft.server.log.appender.buffer.byte-limit = 4MB (=4194304) (default)
2024-12-14 12:26:02,223 INFO  util.AwaitToRun (AwaitToRun.java:start(81)) - Thread[s11@group-9CE91F930A22-cacheEviction-AwaitToRun,5,main] started
2024-12-14 12:26:02,223 INFO  segmented.SegmentedRaftLogWorker (SegmentedRaftLogWorker.java:<init>(189)) - new s11@group-9CE91F930A22-SegmentedRaftLogWorker for RaftStorageImpl:Storage Directory /home/runner/work/ratis/ratis/ratis-examples/target/test/data/da5193cb/MiniRaftClusterWithNetty71855ece/s11/8cff9ddc-4abb-47b3-960b-9ce91f930a22
2024-12-14 12:26:02,223 INFO  server.RaftServerConfigKeys (ConfUtils.java:logGet(46)) - raft.server.log.queue.byte-limit = 64MB (=67108864) (default)
2024-12-14 12:26:02,223 INFO  server.RaftServerConfigKeys (ConfUtils.java:logGet(46)) - raft.server.log.queue.element-limit = 4096 (default)
2024-12-14 12:26:02,223 INFO  server.RaftServerConfigKeys (ConfUtils.java:logGet(46)) - raft.server.log.segment.size.max = 32MB (=33554432) (default)
2024-12-14 12:26:02,223 INFO  server.RaftServerConfigKeys (ConfUtils.java:logGet(46)) - raft.server.log.preallocated.size = 4MB (=4194304) (default)
2024-12-14 12:26:02,223 INFO  server.RaftServerConfigKeys (ConfUtils.java:logGet(46)) - raft.server.log.force.sync.num = 128 (default)
2024-12-14 12:26:02,223 INFO  server.RaftServerConfigKeys (ConfUtils.java:logGet(46)) - raft.server.log.statemachine.data.sync = true (default)
2024-12-14 12:26:02,224 INFO  server.RaftServerConfigKeys (ConfUtils.java:logGet(46)) - raft.server.log.statemachine.data.sync.timeout = 10s (default)
2024-12-14 12:26:02,224 INFO  server.RaftServerConfigKeys (ConfUtils.java:logGet(46)) - raft.server.log.statemachine.data.sync.timeout.retry = -1 (default)
2024-12-14 12:26:02,224 INFO  server.RaftServerConfigKeys (ConfUtils.java:logGet(46)) - raft.server.log.write.buffer.size = 8MB (=8388608) (default)
2024-12-14 12:26:02,225 INFO  server.RaftServerConfigKeys (ConfUtils.java:logGet(46)) - raft.server.log.appender.buffer.byte-limit = 4MB (=4194304) (default)
2024-12-14 12:26:02,225 INFO  server.RaftServerConfigKeys (ConfUtils.java:logGet(46)) - raft.server.log.unsafe-flush.enabled = false (default)
2024-12-14 12:26:02,225 INFO  server.RaftServerConfigKeys (ConfUtils.java:logGet(46)) - raft.server.log.async-flush.enabled = false (default)
2024-12-14 12:26:02,225 INFO  server.RaftServerConfigKeys (ConfUtils.java:logGet(46)) - raft.server.log.statemachine.data.caching.enabled = false (default)
2024-12-14 12:26:02,226 INFO  segmented.SegmentedRaftLogWorker (SegmentedRaftLogWorker.java:lambda$new$0(140)) - s11@group-9CE91F930A22-SegmentedRaftLogWorker: flushIndex: setUnconditionally 0 -> -1
2024-12-14 12:26:02,226 INFO  segmented.SegmentedRaftLogWorker (SegmentedRaftLogWorker.java:lambda$new$0(140)) - s11@group-9CE91F930A22-SegmentedRaftLogWorker: safeCacheEvictIndex: setUnconditionally 0 -> -1
2024-12-14 12:26:02,226 INFO  server.RaftServer$Division (RaftServerImpl.java:start(392)) - s11@group-9CE91F930A22: start as a follower, conf=conf: {index: -1, cur=peers:[s11|0.0.0.0:15026, s13|0.0.0.0:15028, s12|0.0.0.0:15027]|listeners:[], old=null}
2024-12-14 12:26:02,226 INFO  server.RaftServer$Division (RaftServerImpl.java:setRole(379)) - s11@group-9CE91F930A22: changes role from      null to FOLLOWER at term 0 for startAsFollower
2024-12-14 12:26:02,226 INFO  impl.RoleInfo (RoleInfo.java:updateAndGet(148)) - s11: start s11@group-9CE91F930A22-FollowerState
2024-12-14 12:26:02,226 INFO  util.JmxRegister (JmxRegister.java:tryRegister(44)) - Successfully registered JMX Bean with object name Ratis:service=RaftServer,group=group-9CE91F930A22,id=s11
2024-12-14 12:26:02,226 INFO  util.JmxRegister (JmxRegister.java:register(58)) - register mxBean class org.apache.ratis.server.impl.RaftServerJmxAdapter as Ratis:service=RaftServer,group=group-9CE91F930A22,id=s11
2024-12-14 12:26:02,226 INFO  server.RaftServerConfigKeys (ConfUtils.java:logGet(46)) - raft.server.snapshot.trigger-when-stop.enabled = true (default)
2024-12-14 12:26:02,226 INFO  server.RaftServerConfigKeys (ConfUtils.java:logGet(46)) - raft.server.snapshot.trigger-when-remove.enabled = true (default)
2024-12-14 12:26:02,226 INFO  server.RaftServerConfigKeys (ConfUtils.java:logGet(46)) - raft.server.snapshot.auto.trigger.enabled = false (default)
2024-12-14 12:26:02,226 INFO  server.RaftServerConfigKeys (ConfUtils.java:logGet(46)) - raft.server.snapshot.retention.file.num = -1 (default)
2024-12-14 12:26:02,227 INFO  server.RaftServerConfigKeys (ConfUtils.java:logGet(46)) - raft.server.log.purge.upto.snapshot.index = false (default)
2024-12-14 12:26:02,226 INFO  server.RaftServerConfigKeys (ConfUtils.java:logFallback(53)) - raft.server.rpc.first-election.timeout.min = 300ms (fallback to raft.server.rpc.timeout.min)
2024-12-14 12:26:02,227 INFO  server.RaftServerConfigKeys (ConfUtils.java:logFallback(53)) - raft.server.rpc.first-election.timeout.max = 600ms (fallback to raft.server.rpc.timeout.max)
2024-12-14 12:26:02,227 INFO  server.RaftServer$Division (RaftServerImpl.java:start(406)) - s11@group-9CE91F930A22: Successfully started.
2024-12-14 12:26:02,234 INFO  netty.NettyUtils (NettyUtils.java:newEventLoopGroup(74)) - Create EpollEventLoopGroup for client-6323B8079331; Thread size is 0.
2024-12-14 12:26:02,236 INFO  logging.LoggingHandler (AbstractInternalLogger.java:log(148)) - [id: 0x9c1272d1, L:/0.0.0.0:15027] READ: [id: 0xf4ec71c7, L:/127.0.0.1:15027 - R:/127.0.0.1:45718]
2024-12-14 12:26:02,236 INFO  logging.LoggingHandler (AbstractInternalLogger.java:log(148)) - [id: 0x9c1272d1, L:/0.0.0.0:15027] READ COMPLETE
2024-12-14 12:26:02,238 INFO  server.RaftServer (RaftServerProxy.java:addNew(101)) - s12: addNew group-9CE91F930A22:[s11|0.0.0.0:15026, s13|0.0.0.0:15028, s12|0.0.0.0:15027] returns group-9CE91F930A22:java.util.concurrent.CompletableFuture@3de7db4b[Not completed]
2024-12-14 12:26:02,238 INFO  server.RaftServer$Division (RaftServerImpl.java:<init>(256)) - s12: new RaftServerImpl for group-9CE91F930A22:[s11|0.0.0.0:15026, s13|0.0.0.0:15028, s12|0.0.0.0:15027] with ArithmeticStateMachine:uninitialized
2024-12-14 12:26:02,238 INFO  server.RaftServerConfigKeys (ConfUtils.java:logGet(46)) - raft.server.rpc.timeout.min = 300ms (custom)
2024-12-14 12:26:02,238 INFO  server.RaftServerConfigKeys (ConfUtils.java:logGet(46)) - raft.server.rpc.timeout.max = 600ms (custom)
2024-12-14 12:26:02,238 INFO  server.RaftServerConfigKeys (ConfUtils.java:logGet(46)) - raft.server.rpc.sleep.time = 25ms (default)
2024-12-14 12:26:02,238 INFO  server.RaftServerConfigKeys (ConfUtils.java:logGet(46)) - raft.server.rpc.slowness.timeout = 60s (default)
2024-12-14 12:26:02,238 INFO  server.RaftServerConfigKeys (ConfUtils.java:logGet(46)) - raft.server.leaderelection.leader.step-down.wait-time = 10s (default)
2024-12-14 12:26:02,238 INFO  server.RaftServerConfigKeys (ConfUtils.java:logGet(46)) - raft.server.leaderelection.member.majority-add = false (default)
2024-12-14 12:26:02,238 INFO  server.RaftServerConfigKeys (ConfUtils.java:logGet(46)) - raft.server.sleep.deviation.threshold = 300ms (default)
2024-12-14 12:26:02,238 INFO  server.RaftServer$Division (ServerState.java:<init>(114)) - s12@group-9CE91F930A22: ConfigurationManager, init=conf: {index: -1, cur=peers:[s11|0.0.0.0:15026, s13|0.0.0.0:15028, s12|0.0.0.0:15027]|listeners:[], old=null}, confs=<EMPTY_MAP>
2024-12-14 12:26:02,238 INFO  server.RaftServerConfigKeys (ConfUtils.java:logGet(46)) - raft.server.notification.no-leader.timeout = 60s (default)
2024-12-14 12:26:02,238 INFO  server.RaftServerConfigKeys (ConfUtils.java:logGet(46)) - raft.server.read.timeout = 10s (default)
2024-12-14 12:26:02,238 INFO  server.RaftServerConfigKeys (ConfUtils.java:logGet(46)) - raft.server.retrycache.expirytime = 60s (default)
2024-12-14 12:26:02,238 INFO  server.RaftServerConfigKeys (ConfUtils.java:logGet(46)) - raft.server.retrycache.statistics.expirytime = 100ms (default)
2024-12-14 12:26:02,238 INFO  server.RaftServerConfigKeys (ConfUtils.java:logGet(46)) - raft.server.read.option = DEFAULT (default)
2024-12-14 12:26:02,239 INFO  server.RaftServerConfigKeys (ConfUtils.java:logGet(46)) - raft.server.read.read-after-write-consistent.write-index-cache.expiry-time = 60s (default)
2024-12-14 12:26:02,239 INFO  server.RaftServerConfigKeys (ConfUtils.java:logGet(46)) - raft.server.rpc.request.timeout = 3000ms (default)
2024-12-14 12:26:02,239 INFO  server.RaftServerConfigKeys (ConfUtils.java:logGet(46)) - raft.server.log.appender.install.snapshot.enabled = true (default)
2024-12-14 12:26:02,239 INFO  server.RaftServerConfigKeys (ConfUtils.java:logGet(46)) - raft.server.threadpool.server.cached = true (default)
2024-12-14 12:26:02,240 INFO  server.RaftServerConfigKeys (ConfUtils.java:logGet(46)) - raft.server.threadpool.server.size = 0 (default)
2024-12-14 12:26:02,240 INFO  server.RaftServerConfigKeys (ConfUtils.java:logGet(46)) - raft.server.threadpool.client.cached = true (default)
2024-12-14 12:26:02,240 INFO  server.RaftServerConfigKeys (ConfUtils.java:logGet(46)) - raft.server.threadpool.client.size = 0 (default)
2024-12-14 12:26:02,240 INFO  server.RaftServerConfigKeys (ConfUtils.java:logGet(46)) - raft.server.storage.free-space.min = 0MB (=0) (default)
2024-12-14 12:26:02,240 INFO  server.RaftServerConfigKeys (ConfUtils.java:logGet(46)) - raft.server.log.corruption.policy = EXCEPTION (default)
2024-12-14 12:26:02,240 INFO  server.RaftServerConfigKeys (ConfUtils.java:logGet(46)) - raft.server.storage.dir = [/home/runner/work/ratis/ratis/ratis-examples/target/test/data/da5193cb/MiniRaftClusterWithNetty71855ece/s12] (custom)
2024-12-14 12:26:02,240 INFO  storage.RaftStorageDirectory (RaftStorageDirectoryImpl.java:analyzeStorage(138)) - The storage directory /home/runner/work/ratis/ratis/ratis-examples/target/test/data/da5193cb/MiniRaftClusterWithNetty71855ece/s12/8cff9ddc-4abb-47b3-960b-9ce91f930a22 does not exist. Creating ...
2024-12-14 12:26:02,240 TRACE util.FileUtils (LogUtils.java:runAndLog(49)) - Successfully ran Files.createDirectories /home/runner/work/ratis/ratis/ratis-examples/target/test/data/da5193cb/MiniRaftClusterWithNetty71855ece/s12/8cff9ddc-4abb-47b3-960b-9ce91f930a22
2024-12-14 12:26:02,242 INFO  storage.RaftStorageDirectory (RaftStorageDirectoryImpl.java:tryLock(229)) - Lock on /home/runner/work/ratis/ratis/ratis-examples/target/test/data/da5193cb/MiniRaftClusterWithNetty71855ece/s12/8cff9ddc-4abb-47b3-960b-9ce91f930a22/in_use.lock acquired by nodename 14700@fv-az733-880
2024-12-14 12:26:02,242 TRACE util.FileUtils (LogUtils.java:runAndLog(49)) - Successfully ran Files.createDirectories /home/runner/work/ratis/ratis/ratis-examples/target/test/data/da5193cb/MiniRaftClusterWithNetty71855ece/s12/8cff9ddc-4abb-47b3-960b-9ce91f930a22/current
2024-12-14 12:26:02,242 TRACE util.FileUtils (LogUtils.java:runAndLog(49)) - Successfully ran Files.createDirectories /home/runner/work/ratis/ratis/ratis-examples/target/test/data/da5193cb/MiniRaftClusterWithNetty71855ece/s12/8cff9ddc-4abb-47b3-960b-9ce91f930a22/sm
2024-12-14 12:26:02,243 TRACE util.FileUtils (LogUtils.java:supplyAndLog(69)) - Successfully supplied FileChannel.open /home/runner/work/ratis/ratis/ratis-examples/target/test/data/da5193cb/MiniRaftClusterWithNetty71855ece/s12/8cff9ddc-4abb-47b3-960b-9ce91f930a22/current/raft-meta.tmp with options [CREATE, WRITE]: sun.nio.ch.FileChannelImpl@797af7ac
2024-12-14 12:26:02,243 TRACE util.FileUtils (LogUtils.java:runAndLog(49)) - Successfully ran Atomic Files.move /home/runner/work/ratis/ratis/ratis-examples/target/test/data/da5193cb/MiniRaftClusterWithNetty71855ece/s12/8cff9ddc-4abb-47b3-960b-9ce91f930a22/current/raft-meta.tmp to /home/runner/work/ratis/ratis/ratis-examples/target/test/data/da5193cb/MiniRaftClusterWithNetty71855ece/s12/8cff9ddc-4abb-47b3-960b-9ce91f930a22/current/raft-meta with options [REPLACE_EXISTING]
2024-12-14 12:26:02,243 INFO  storage.RaftStorage (RaftStorageImpl.java:format(98)) - Storage directory /home/runner/work/ratis/ratis/ratis-examples/target/test/data/da5193cb/MiniRaftClusterWithNetty71855ece/s12/8cff9ddc-4abb-47b3-960b-9ce91f930a22 has been successfully formatted.
2024-12-14 12:26:02,244 WARN  statemachine.StateMachine (ArithmeticStateMachine.java:loadSnapshot(115)) - The snapshot info is null.
2024-12-14 12:26:02,244 INFO  server.RaftServerConfigKeys (ConfUtils.java:logGet(46)) - raft.server.log.use.memory = false (default)
2024-12-14 12:26:02,244 INFO  server.RaftServerConfigKeys (ConfUtils.java:logGet(46)) - raft.server.log.purge.gap = 1024 (default)
2024-12-14 12:26:02,244 INFO  server.RaftServerConfigKeys (ConfUtils.java:logGet(46)) - raft.server.log.appender.buffer.byte-limit = 4MB (=4194304) (default)
2024-12-14 12:26:02,244 INFO  server.RaftServerConfigKeys (ConfUtils.java:logGet(46)) - raft.server.log.statemachine.data.read.timeout = 1000ms (default)
2024-12-14 12:26:02,244 INFO  server.RaftServerConfigKeys (ConfUtils.java:logGet(46)) - raft.server.log.purge.preservation.log.num = 0 (default)
2024-12-14 12:26:02,244 INFO  server.RaftServerConfigKeys (ConfUtils.java:logGet(46)) - raft.server.log.segment.size.max = 32MB (=33554432) (default)
2024-12-14 12:26:02,244 INFO  server.RaftServerConfigKeys (ConfUtils.java:logGet(46)) - raft.server.log.segment.cache.num.max = 6 (default)
2024-12-14 12:26:02,244 INFO  server.RaftServerConfigKeys (ConfUtils.java:logGet(46)) - raft.server.log.segment.cache.size.max = 200MB (=209715200) (default)
2024-12-14 12:26:02,244 INFO  server.RaftServerConfigKeys (ConfUtils.java:logGet(46)) - raft.server.log.appender.buffer.byte-limit = 4MB (=4194304) (default)
2024-12-14 12:26:02,244 INFO  util.AwaitToRun (AwaitToRun.java:start(81)) - Thread[s12@group-9CE91F930A22-cacheEviction-AwaitToRun,5,main] started
2024-12-14 12:26:02,244 INFO  segmented.SegmentedRaftLogWorker (SegmentedRaftLogWorker.java:<init>(189)) - new s12@group-9CE91F930A22-SegmentedRaftLogWorker for RaftStorageImpl:Storage Directory /home/runner/work/ratis/ratis/ratis-examples/target/test/data/da5193cb/MiniRaftClusterWithNetty71855ece/s12/8cff9ddc-4abb-47b3-960b-9ce91f930a22
2024-12-14 12:26:02,245 INFO  server.RaftServerConfigKeys (ConfUtils.java:logGet(46)) - raft.server.log.queue.byte-limit = 64MB (=67108864) (default)
2024-12-14 12:26:02,245 INFO  server.RaftServerConfigKeys (ConfUtils.java:logGet(46)) - raft.server.log.queue.element-limit = 4096 (default)
2024-12-14 12:26:02,245 INFO  server.RaftServerConfigKeys (ConfUtils.java:logGet(46)) - raft.server.log.segment.size.max = 32MB (=33554432) (default)
2024-12-14 12:26:02,245 INFO  server.RaftServerConfigKeys (ConfUtils.java:logGet(46)) - raft.server.log.preallocated.size = 4MB (=4194304) (default)
2024-12-14 12:26:02,245 INFO  server.RaftServerConfigKeys (ConfUtils.java:logGet(46)) - raft.server.log.force.sync.num = 128 (default)
2024-12-14 12:26:02,245 INFO  server.RaftServerConfigKeys (ConfUtils.java:logGet(46)) - raft.server.log.statemachine.data.sync = true (default)
2024-12-14 12:26:02,245 INFO  server.RaftServerConfigKeys (ConfUtils.java:logGet(46)) - raft.server.log.statemachine.data.sync.timeout = 10s (default)
2024-12-14 12:26:02,245 INFO  server.RaftServerConfigKeys (ConfUtils.java:logGet(46)) - raft.server.log.statemachine.data.sync.timeout.retry = -1 (default)
2024-12-14 12:26:02,245 INFO  server.RaftServerConfigKeys (ConfUtils.java:logGet(46)) - raft.server.log.write.buffer.size = 8MB (=8388608) (default)
2024-12-14 12:26:02,246 INFO  server.RaftServerConfigKeys (ConfUtils.java:logGet(46)) - raft.server.log.appender.buffer.byte-limit = 4MB (=4194304) (default)
2024-12-14 12:26:02,246 INFO  server.RaftServerConfigKeys (ConfUtils.java:logGet(46)) - raft.server.log.unsafe-flush.enabled = false (default)
2024-12-14 12:26:02,247 INFO  server.RaftServerConfigKeys (ConfUtils.java:logGet(46)) - raft.server.log.async-flush.enabled = false (default)
2024-12-14 12:26:02,247 INFO  server.RaftServerConfigKeys (ConfUtils.java:logGet(46)) - raft.server.log.statemachine.data.caching.enabled = false (default)
2024-12-14 12:26:02,247 INFO  segmented.SegmentedRaftLogWorker (SegmentedRaftLogWorker.java:lambda$new$0(140)) - s12@group-9CE91F930A22-SegmentedRaftLogWorker: flushIndex: setUnconditionally 0 -> -1
2024-12-14 12:26:02,247 INFO  segmented.SegmentedRaftLogWorker (SegmentedRaftLogWorker.java:lambda$new$0(140)) - s12@group-9CE91F930A22-SegmentedRaftLogWorker: safeCacheEvictIndex: setUnconditionally 0 -> -1
2024-12-14 12:26:02,247 INFO  server.RaftServer$Division (RaftServerImpl.java:start(392)) - s12@group-9CE91F930A22: start as a follower, conf=conf: {index: -1, cur=peers:[s11|0.0.0.0:15026, s13|0.0.0.0:15028, s12|0.0.0.0:15027]|listeners:[], old=null}
2024-12-14 12:26:02,247 INFO  server.RaftServer$Division (RaftServerImpl.java:setRole(379)) - s12@group-9CE91F930A22: changes role from      null to FOLLOWER at term 0 for startAsFollower
2024-12-14 12:26:02,247 INFO  impl.RoleInfo (RoleInfo.java:updateAndGet(148)) - s12: start s12@group-9CE91F930A22-FollowerState
2024-12-14 12:26:02,247 INFO  util.JmxRegister (JmxRegister.java:tryRegister(44)) - Successfully registered JMX Bean with object name Ratis:service=RaftServer,group=group-9CE91F930A22,id=s12
2024-12-14 12:26:02,247 INFO  util.JmxRegister (JmxRegister.java:register(58)) - register mxBean class org.apache.ratis.server.impl.RaftServerJmxAdapter as Ratis:service=RaftServer,group=group-9CE91F930A22,id=s12
2024-12-14 12:26:02,247 INFO  server.RaftServerConfigKeys (ConfUtils.java:logFallback(53)) - raft.server.rpc.first-election.timeout.min = 300ms (fallback to raft.server.rpc.timeout.min)
2024-12-14 12:26:02,247 INFO  server.RaftServerConfigKeys (ConfUtils.java:logGet(46)) - raft.server.snapshot.trigger-when-stop.enabled = true (default)
2024-12-14 12:26:02,247 INFO  server.RaftServerConfigKeys (ConfUtils.java:logFallback(53)) - raft.server.rpc.first-election.timeout.max = 600ms (fallback to raft.server.rpc.timeout.max)
2024-12-14 12:26:02,247 INFO  server.RaftServerConfigKeys (ConfUtils.java:logGet(46)) - raft.server.snapshot.trigger-when-remove.enabled = true (default)
2024-12-14 12:26:02,248 INFO  server.RaftServerConfigKeys (ConfUtils.java:logGet(46)) - raft.server.snapshot.auto.trigger.enabled = false (default)
2024-12-14 12:26:02,248 INFO  server.RaftServerConfigKeys (ConfUtils.java:logGet(46)) - raft.server.snapshot.retention.file.num = -1 (default)
2024-12-14 12:26:02,248 INFO  server.RaftServerConfigKeys (ConfUtils.java:logGet(46)) - raft.server.log.purge.upto.snapshot.index = false (default)
2024-12-14 12:26:02,248 INFO  server.RaftServer$Division (RaftServerImpl.java:start(406)) - s12@group-9CE91F930A22: Successfully started.
2024-12-14 12:26:02,253 INFO  netty.NettyUtils (NettyUtils.java:newEventLoopGroup(74)) - Create EpollEventLoopGroup for client-B9FE287C5B1C; Thread size is 0.
2024-12-14 12:26:02,255 INFO  logging.LoggingHandler (AbstractInternalLogger.java:log(148)) - [id: 0xc7b5ba89, L:/0.0.0.0:15028] READ: [id: 0x0d3a9e4b, L:/127.0.0.1:15028 - R:/127.0.0.1:35734]
2024-12-14 12:26:02,257 INFO  logging.LoggingHandler (AbstractInternalLogger.java:log(148)) - [id: 0xc7b5ba89, L:/0.0.0.0:15028] READ COMPLETE
2024-12-14 12:26:02,257 INFO  server.RaftServer (RaftServerProxy.java:addNew(101)) - s13: addNew group-9CE91F930A22:[s11|0.0.0.0:15026, s13|0.0.0.0:15028, s12|0.0.0.0:15027] returns group-9CE91F930A22:java.util.concurrent.CompletableFuture@1349265b[Not completed]
2024-12-14 12:26:02,257 INFO  server.RaftServer$Division (RaftServerImpl.java:<init>(256)) - s13: new RaftServerImpl for group-9CE91F930A22:[s11|0.0.0.0:15026, s13|0.0.0.0:15028, s12|0.0.0.0:15027] with ArithmeticStateMachine:uninitialized
2024-12-14 12:26:02,257 INFO  server.RaftServerConfigKeys (ConfUtils.java:logGet(46)) - raft.server.rpc.timeout.min = 300ms (custom)
2024-12-14 12:26:02,257 INFO  server.RaftServerConfigKeys (ConfUtils.java:logGet(46)) - raft.server.rpc.timeout.max = 600ms (custom)
2024-12-14 12:26:02,257 INFO  server.RaftServerConfigKeys (ConfUtils.java:logGet(46)) - raft.server.rpc.sleep.time = 25ms (default)
2024-12-14 12:26:02,257 INFO  server.RaftServerConfigKeys (ConfUtils.java:logGet(46)) - raft.server.rpc.slowness.timeout = 60s (default)
2024-12-14 12:26:02,258 INFO  server.RaftServerConfigKeys (ConfUtils.java:logGet(46)) - raft.server.leaderelection.leader.step-down.wait-time = 10s (default)
2024-12-14 12:26:02,258 INFO  server.RaftServerConfigKeys (ConfUtils.java:logGet(46)) - raft.server.leaderelection.member.majority-add = false (default)
2024-12-14 12:26:02,258 INFO  server.RaftServerConfigKeys (ConfUtils.java:logGet(46)) - raft.server.sleep.deviation.threshold = 300ms (default)
2024-12-14 12:26:02,258 INFO  server.RaftServer$Division (ServerState.java:<init>(114)) - s13@group-9CE91F930A22: ConfigurationManager, init=conf: {index: -1, cur=peers:[s11|0.0.0.0:15026, s13|0.0.0.0:15028, s12|0.0.0.0:15027]|listeners:[], old=null}, confs=<EMPTY_MAP>
2024-12-14 12:26:02,258 INFO  server.RaftServerConfigKeys (ConfUtils.java:logGet(46)) - raft.server.notification.no-leader.timeout = 60s (default)
2024-12-14 12:26:02,258 INFO  server.RaftServerConfigKeys (ConfUtils.java:logGet(46)) - raft.server.read.timeout = 10s (default)
2024-12-14 12:26:02,258 INFO  server.RaftServerConfigKeys (ConfUtils.java:logGet(46)) - raft.server.retrycache.expirytime = 60s (default)
2024-12-14 12:26:02,258 INFO  server.RaftServerConfigKeys (ConfUtils.java:logGet(46)) - raft.server.retrycache.statistics.expirytime = 100ms (default)
2024-12-14 12:26:02,258 INFO  server.RaftServerConfigKeys (ConfUtils.java:logGet(46)) - raft.server.read.option = DEFAULT (default)
2024-12-14 12:26:02,258 INFO  server.RaftServerConfigKeys (ConfUtils.java:logGet(46)) - raft.server.read.read-after-write-consistent.write-index-cache.expiry-time = 60s (default)
2024-12-14 12:26:02,258 INFO  server.RaftServerConfigKeys (ConfUtils.java:logGet(46)) - raft.server.rpc.request.timeout = 3000ms (default)
2024-12-14 12:26:02,258 INFO  server.RaftServerConfigKeys (ConfUtils.java:logGet(46)) - raft.server.log.appender.install.snapshot.enabled = true (default)
2024-12-14 12:26:02,258 INFO  server.RaftServerConfigKeys (ConfUtils.java:logGet(46)) - raft.server.threadpool.server.cached = true (default)
2024-12-14 12:26:02,258 INFO  server.RaftServerConfigKeys (ConfUtils.java:logGet(46)) - raft.server.threadpool.server.size = 0 (default)
2024-12-14 12:26:02,258 INFO  server.RaftServerConfigKeys (ConfUtils.java:logGet(46)) - raft.server.threadpool.client.cached = true (default)
2024-12-14 12:26:02,259 INFO  server.RaftServerConfigKeys (ConfUtils.java:logGet(46)) - raft.server.threadpool.client.size = 0 (default)
2024-12-14 12:26:02,259 INFO  server.RaftServerConfigKeys (ConfUtils.java:logGet(46)) - raft.server.storage.free-space.min = 0MB (=0) (default)
2024-12-14 12:26:02,259 INFO  server.RaftServerConfigKeys (ConfUtils.java:logGet(46)) - raft.server.log.corruption.policy = EXCEPTION (default)
2024-12-14 12:26:02,259 INFO  server.RaftServerConfigKeys (ConfUtils.java:logGet(46)) - raft.server.storage.dir = [/home/runner/work/ratis/ratis/ratis-examples/target/test/data/da5193cb/MiniRaftClusterWithNetty71855ece/s13] (custom)
2024-12-14 12:26:02,259 INFO  storage.RaftStorageDirectory (RaftStorageDirectoryImpl.java:analyzeStorage(138)) - The storage directory /home/runner/work/ratis/ratis/ratis-examples/target/test/data/da5193cb/MiniRaftClusterWithNetty71855ece/s13/8cff9ddc-4abb-47b3-960b-9ce91f930a22 does not exist. Creating ...
2024-12-14 12:26:02,259 TRACE util.FileUtils (LogUtils.java:runAndLog(49)) - Successfully ran Files.createDirectories /home/runner/work/ratis/ratis/ratis-examples/target/test/data/da5193cb/MiniRaftClusterWithNetty71855ece/s13/8cff9ddc-4abb-47b3-960b-9ce91f930a22
2024-12-14 12:26:02,261 INFO  storage.RaftStorageDirectory (RaftStorageDirectoryImpl.java:tryLock(229)) - Lock on /home/runner/work/ratis/ratis/ratis-examples/target/test/data/da5193cb/MiniRaftClusterWithNetty71855ece/s13/8cff9ddc-4abb-47b3-960b-9ce91f930a22/in_use.lock acquired by nodename 14700@fv-az733-880
2024-12-14 12:26:02,261 TRACE util.FileUtils (LogUtils.java:runAndLog(49)) - Successfully ran Files.createDirectories /home/runner/work/ratis/ratis/ratis-examples/target/test/data/da5193cb/MiniRaftClusterWithNetty71855ece/s13/8cff9ddc-4abb-47b3-960b-9ce91f930a22/current
2024-12-14 12:26:02,261 TRACE util.FileUtils (LogUtils.java:runAndLog(49)) - Successfully ran Files.createDirectories /home/runner/work/ratis/ratis/ratis-examples/target/test/data/da5193cb/MiniRaftClusterWithNetty71855ece/s13/8cff9ddc-4abb-47b3-960b-9ce91f930a22/sm
2024-12-14 12:26:02,261 TRACE util.FileUtils (LogUtils.java:supplyAndLog(69)) - Successfully supplied FileChannel.open /home/runner/work/ratis/ratis/ratis-examples/target/test/data/da5193cb/MiniRaftClusterWithNetty71855ece/s13/8cff9ddc-4abb-47b3-960b-9ce91f930a22/current/raft-meta.tmp with options [CREATE, WRITE]: sun.nio.ch.FileChannelImpl@7e933809
2024-12-14 12:26:02,262 TRACE util.FileUtils (LogUtils.java:runAndLog(49)) - Successfully ran Atomic Files.move /home/runner/work/ratis/ratis/ratis-examples/target/test/data/da5193cb/MiniRaftClusterWithNetty71855ece/s13/8cff9ddc-4abb-47b3-960b-9ce91f930a22/current/raft-meta.tmp to /home/runner/work/ratis/ratis/ratis-examples/target/test/data/da5193cb/MiniRaftClusterWithNetty71855ece/s13/8cff9ddc-4abb-47b3-960b-9ce91f930a22/current/raft-meta with options [REPLACE_EXISTING]
2024-12-14 12:26:02,262 INFO  storage.RaftStorage (RaftStorageImpl.java:format(98)) - Storage directory /home/runner/work/ratis/ratis/ratis-examples/target/test/data/da5193cb/MiniRaftClusterWithNetty71855ece/s13/8cff9ddc-4abb-47b3-960b-9ce91f930a22 has been successfully formatted.
2024-12-14 12:26:02,262 WARN  statemachine.StateMachine (ArithmeticStateMachine.java:loadSnapshot(115)) - The snapshot info is null.
2024-12-14 12:26:02,262 INFO  server.RaftServerConfigKeys (ConfUtils.java:logGet(46)) - raft.server.log.use.memory = false (default)
2024-12-14 12:26:02,262 INFO  server.RaftServerConfigKeys (ConfUtils.java:logGet(46)) - raft.server.log.purge.gap = 1024 (default)
2024-12-14 12:26:02,263 INFO  server.RaftServerConfigKeys (ConfUtils.java:logGet(46)) - raft.server.log.appender.buffer.byte-limit = 4MB (=4194304) (default)
2024-12-14 12:26:02,263 INFO  server.RaftServerConfigKeys (ConfUtils.java:logGet(46)) - raft.server.log.statemachine.data.read.timeout = 1000ms (default)
2024-12-14 12:26:02,263 INFO  server.RaftServerConfigKeys (ConfUtils.java:logGet(46)) - raft.server.log.purge.preservation.log.num = 0 (default)
2024-12-14 12:26:02,263 INFO  server.RaftServerConfigKeys (ConfUtils.java:logGet(46)) - raft.server.log.segment.size.max = 32MB (=33554432) (default)
2024-12-14 12:26:02,263 INFO  server.RaftServerConfigKeys (ConfUtils.java:logGet(46)) - raft.server.log.segment.cache.num.max = 6 (default)
2024-12-14 12:26:02,263 INFO  server.RaftServerConfigKeys (ConfUtils.java:logGet(46)) - raft.server.log.segment.cache.size.max = 200MB (=209715200) (default)
2024-12-14 12:26:02,263 INFO  server.RaftServerConfigKeys (ConfUtils.java:logGet(46)) - raft.server.log.appender.buffer.byte-limit = 4MB (=4194304) (default)
2024-12-14 12:26:02,263 INFO  util.AwaitToRun (AwaitToRun.java:start(81)) - Thread[s13@group-9CE91F930A22-cacheEviction-AwaitToRun,5,main] started
2024-12-14 12:26:02,263 INFO  segmented.SegmentedRaftLogWorker (SegmentedRaftLogWorker.java:<init>(189)) - new s13@group-9CE91F930A22-SegmentedRaftLogWorker for RaftStorageImpl:Storage Directory /home/runner/work/ratis/ratis/ratis-examples/target/test/data/da5193cb/MiniRaftClusterWithNetty71855ece/s13/8cff9ddc-4abb-47b3-960b-9ce91f930a22
2024-12-14 12:26:02,263 INFO  server.RaftServerConfigKeys (ConfUtils.java:logGet(46)) - raft.server.log.queue.byte-limit = 64MB (=67108864) (default)
2024-12-14 12:26:02,264 INFO  server.RaftServerConfigKeys (ConfUtils.java:logGet(46)) - raft.server.log.queue.element-limit = 4096 (default)
2024-12-14 12:26:02,264 INFO  server.RaftServerConfigKeys (ConfUtils.java:logGet(46)) - raft.server.log.segment.size.max = 32MB (=33554432) (default)
2024-12-14 12:26:02,264 INFO  server.RaftServerConfigKeys (ConfUtils.java:logGet(46)) - raft.server.log.preallocated.size = 4MB (=4194304) (default)
2024-12-14 12:26:02,264 INFO  server.RaftServerConfigKeys (ConfUtils.java:logGet(46)) - raft.server.log.force.sync.num = 128 (default)
2024-12-14 12:26:02,264 INFO  server.RaftServerConfigKeys (ConfUtils.java:logGet(46)) - raft.server.log.statemachine.data.sync = true (default)
2024-12-14 12:26:02,264 INFO  server.RaftServerConfigKeys (ConfUtils.java:logGet(46)) - raft.server.log.statemachine.data.sync.timeout = 10s (default)
2024-12-14 12:26:02,264 INFO  server.RaftServerConfigKeys (ConfUtils.java:logGet(46)) - raft.server.log.statemachine.data.sync.timeout.retry = -1 (default)
2024-12-14 12:26:02,264 INFO  server.RaftServerConfigKeys (ConfUtils.java:logGet(46)) - raft.server.log.write.buffer.size = 8MB (=8388608) (default)
2024-12-14 12:26:02,266 INFO  server.RaftServerConfigKeys (ConfUtils.java:logGet(46)) - raft.server.log.appender.buffer.byte-limit = 4MB (=4194304) (default)
2024-12-14 12:26:02,266 INFO  server.RaftServerConfigKeys (ConfUtils.java:logGet(46)) - raft.server.log.unsafe-flush.enabled = false (default)
2024-12-14 12:26:02,266 INFO  server.RaftServerConfigKeys (ConfUtils.java:logGet(46)) - raft.server.log.async-flush.enabled = false (default)
2024-12-14 12:26:02,266 INFO  server.RaftServerConfigKeys (ConfUtils.java:logGet(46)) - raft.server.log.statemachine.data.caching.enabled = false (default)
2024-12-14 12:26:02,266 INFO  segmented.SegmentedRaftLogWorker (SegmentedRaftLogWorker.java:lambda$new$0(140)) - s13@group-9CE91F930A22-SegmentedRaftLogWorker: flushIndex: setUnconditionally 0 -> -1
2024-12-14 12:26:02,266 INFO  segmented.SegmentedRaftLogWorker (SegmentedRaftLogWorker.java:lambda$new$0(140)) - s13@group-9CE91F930A22-SegmentedRaftLogWorker: safeCacheEvictIndex: setUnconditionally 0 -> -1
2024-12-14 12:26:02,266 INFO  server.RaftServer$Division (RaftServerImpl.java:start(392)) - s13@group-9CE91F930A22: start as a follower, conf=conf: {index: -1, cur=peers:[s11|0.0.0.0:15026, s13|0.0.0.0:15028, s12|0.0.0.0:15027]|listeners:[], old=null}
2024-12-14 12:26:02,266 INFO  server.RaftServer$Division (RaftServerImpl.java:setRole(379)) - s13@group-9CE91F930A22: changes role from      null to FOLLOWER at term 0 for startAsFollower
2024-12-14 12:26:02,267 INFO  impl.RoleInfo (RoleInfo.java:updateAndGet(148)) - s13: start s13@group-9CE91F930A22-FollowerState
2024-12-14 12:26:02,267 INFO  util.JmxRegister (JmxRegister.java:tryRegister(44)) - Successfully registered JMX Bean with object name Ratis:service=RaftServer,group=group-9CE91F930A22,id=s13
2024-12-14 12:26:02,267 INFO  util.JmxRegister (JmxRegister.java:register(58)) - register mxBean class org.apache.ratis.server.impl.RaftServerJmxAdapter as Ratis:service=RaftServer,group=group-9CE91F930A22,id=s13
2024-12-14 12:26:02,267 INFO  server.RaftServerConfigKeys (ConfUtils.java:logFallback(53)) - raft.server.rpc.first-election.timeout.min = 300ms (fallback to raft.server.rpc.timeout.min)
2024-12-14 12:26:02,267 INFO  server.RaftServerConfigKeys (ConfUtils.java:logGet(46)) - raft.server.snapshot.trigger-when-stop.enabled = true (default)
2024-12-14 12:26:02,267 INFO  server.RaftServerConfigKeys (ConfUtils.java:logGet(46)) - raft.server.snapshot.trigger-when-remove.enabled = true (default)
2024-12-14 12:26:02,267 INFO  server.RaftServerConfigKeys (ConfUtils.java:logGet(46)) - raft.server.snapshot.auto.trigger.enabled = false (default)
2024-12-14 12:26:02,267 INFO  server.RaftServerConfigKeys (ConfUtils.java:logFallback(53)) - raft.server.rpc.first-election.timeout.max = 600ms (fallback to raft.server.rpc.timeout.max)
2024-12-14 12:26:02,267 INFO  server.RaftServerConfigKeys (ConfUtils.java:logGet(46)) - raft.server.snapshot.retention.file.num = -1 (default)
2024-12-14 12:26:02,267 INFO  server.RaftServerConfigKeys (ConfUtils.java:logGet(46)) - raft.server.log.purge.upto.snapshot.index = false (default)
2024-12-14 12:26:02,268 INFO  server.RaftServer$Division (RaftServerImpl.java:start(406)) - s13@group-9CE91F930A22: Successfully started.
2024-12-14 12:26:02,274 INFO  server.RaftServerConfigKeys (ConfUtils.java:logGet(46)) - raft.server.rpc.timeout.max = 600ms (custom)
2024-12-14 12:26:02,275 INFO  ratis.RaftTestUtil (RaftTestUtil.java:waitForLeader(107)) - printing group-9CE91F930A22
  s11:  RUNNING [
   FOLLOWER s11@group-0A0C1A18FF69:t0, leader=null, voted=, raftlog=Memoized:s11@group-0A0C1A18FF69-SegmentedRaftLog:OPENED:c-1:lastnull, conf=conf: {index: -1, cur=peers:[]|listeners:[], old=null} STARTING
   FOLLOWER s11@group-9CE91F930A22:t0, leader=null, voted=, raftlog=Memoized:s11@group-9CE91F930A22-SegmentedRaftLog:OPENED:c-1:lastnull, conf=conf: {index: -1, cur=peers:[s11|0.0.0.0:15026, s13|0.0.0.0:15028, s12|0.0.0.0:15027]|listeners:[], old=null} RUNNING] size=2
  s13:  RUNNING [
   FOLLOWER s13@group-0A0C1A18FF69:t0, leader=null, voted=, raftlog=Memoized:s13@group-0A0C1A18FF69-SegmentedRaftLog:OPENED:c-1:lastnull, conf=conf: {index: -1, cur=peers:[]|listeners:[], old=null} STARTING
   FOLLOWER s13@group-9CE91F930A22:t0, leader=null, voted=, raftlog=Memoized:s13@group-9CE91F930A22-SegmentedRaftLog:OPENED:c-1:lastnull, conf=conf: {index: -1, cur=peers:[s11|0.0.0.0:15026, s13|0.0.0.0:15028, s12|0.0.0.0:15027]|listeners:[], old=null} RUNNING] size=2
  s12:  RUNNING [
   FOLLOWER s12@group-0A0C1A18FF69:t0, leader=null, voted=, raftlog=Memoized:s12@group-0A0C1A18FF69-SegmentedRaftLog:OPENED:c-1:lastnull, conf=conf: {index: -1, cur=peers:[]|listeners:[], old=null} STARTING
   FOLLOWER s12@group-9CE91F930A22:t0, leader=null, voted=, raftlog=Memoized:s12@group-9CE91F930A22-SegmentedRaftLog:OPENED:c-1:lastnull, conf=conf: {index: -1, cur=peers:[s11|0.0.0.0:15026, s13|0.0.0.0:15028, s12|0.0.0.0:15027]|listeners:[], old=null} RUNNING] size=2
2024-12-14 12:26:02,275 WARN  ratis.RaftTestUtil (RaftTestUtil.java:lambda$waitForLeader$3(126)) - Attempt #1 failed: java.lang.IllegalStateException: No leader yet  for group-9CE91F930A22: printing group-9CE91F930A22
  s11:  RUNNING [
   FOLLOWER s11@group-0A0C1A18FF69:t0, leader=null, voted=, raftlog=Memoized:s11@group-0A0C1A18FF69-SegmentedRaftLog:OPENED:c-1:lastnull, conf=conf: {index: -1, cur=peers:[]|listeners:[], old=null} STARTING
   FOLLOWER s11@group-9CE91F930A22:t0, leader=null, voted=, raftlog=Memoized:s11@group-9CE91F930A22-SegmentedRaftLog:OPENED:c-1:lastnull, conf=conf: {index: -1, cur=peers:[s11|0.0.0.0:15026, s13|0.0.0.0:15028, s12|0.0.0.0:15027]|listeners:[], old=null} RUNNING] size=2
  s13:  RUNNING [
   FOLLOWER s13@group-0A0C1A18FF69:t0, leader=null, voted=, raftlog=Memoized:s13@group-0A0C1A18FF69-SegmentedRaftLog:OPENED:c-1:lastnull, conf=conf: {index: -1, cur=peers:[]|listeners:[], old=null} STARTING
   FOLLOWER s13@group-9CE91F930A22:t0, leader=null, voted=, raftlog=Memoized:s13@group-9CE91F930A22-SegmentedRaftLog:OPENED:c-1:lastnull, conf=conf: {index: -1, cur=peers:[s11|0.0.0.0:15026, s13|0.0.0.0:15028, s12|0.0.0.0:15027]|listeners:[], old=null} RUNNING] size=2
  s12:  RUNNING [
   FOLLOWER s12@group-0A0C1A18FF69:t0, leader=null, voted=, raftlog=Memoized:s12@group-0A0C1A18FF69-SegmentedRaftLog:OPENED:c-1:lastnull, conf=conf: {index: -1, cur=peers:[]|listeners:[], old=null} STARTING
   FOLLOWER s12@group-9CE91F930A22:t0, leader=null, voted=, raftlog=Memoized:s12@group-9CE91F930A22-SegmentedRaftLog:OPENED:c-1:lastnull, conf=conf: {index: -1, cur=peers:[s11|0.0.0.0:15026, s13|0.0.0.0:15028, s12|0.0.0.0:15027]|listeners:[], old=null} RUNNING] size=2
2024-12-14 12:26:02,552 INFO  impl.FollowerState (FollowerState.java:runImpl(161)) - s11@group-9CE91F930A22-FollowerState: change to CANDIDATE, lastRpcElapsedTime:325954991ns, electionTimeout:325ms
2024-12-14 12:26:02,552 INFO  impl.RoleInfo (RoleInfo.java:shutdownFollowerState(121)) - s11: shutdown s11@group-9CE91F930A22-FollowerState
2024-12-14 12:26:02,552 INFO  server.RaftServer$Division (RaftServerImpl.java:setRole(379)) - s11@group-9CE91F930A22: changes role from  FOLLOWER to CANDIDATE at term 0 for changeToCandidate
2024-12-14 12:26:02,552 INFO  server.RaftServerConfigKeys (ConfUtils.java:logGet(46)) - raft.server.leaderelection.pre-vote = true (default)
2024-12-14 12:26:02,552 INFO  impl.RoleInfo (RoleInfo.java:updateAndGet(148)) - s11: start s11@group-9CE91F930A22-LeaderElection22
2024-12-14 12:26:02,553 INFO  impl.LeaderElection (LeaderElection.java:askForVotes(332)) - s11@group-9CE91F930A22-LeaderElection22 PRE_VOTE round 0: submit vote requests at term 0 for conf: {index: -1, cur=peers:[s11|0.0.0.0:15026, s13|0.0.0.0:15028, s12|0.0.0.0:15027]|listeners:[], old=null}
2024-12-14 12:26:02,553 INFO  server.RaftServerConfigKeys (ConfUtils.java:logFallback(53)) - raft.server.rpc.first-election.timeout.min = 300ms (fallback to raft.server.rpc.timeout.min)
2024-12-14 12:26:02,553 INFO  server.RaftServerConfigKeys (ConfUtils.java:logFallback(53)) - raft.server.rpc.first-election.timeout.max = 600ms (fallback to raft.server.rpc.timeout.max)
2024-12-14 12:26:02,555 INFO  logging.LoggingHandler (AbstractInternalLogger.java:log(148)) - [id: 0x9c1272d1, L:/0.0.0.0:15027] READ: [id: 0xcd82ab9a, L:/127.0.0.1:15027 - R:/127.0.0.1:45724]
2024-12-14 12:26:02,555 INFO  logging.LoggingHandler (AbstractInternalLogger.java:log(148)) - [id: 0x9c1272d1, L:/0.0.0.0:15027] READ COMPLETE
2024-12-14 12:26:02,556 INFO  server.RaftServer$Division (RaftServerImpl.java:requestVote(1452)) - s12@group-9CE91F930A22: receive requestVote(PRE_VOTE, s11, group-9CE91F930A22, 0, (t:0, i:0))
2024-12-14 12:26:02,556 INFO  impl.VoteContext (VoteContext.java:log(49)) - s12@group-9CE91F930A22-FOLLOWER: accept PRE_VOTE from s11: our priority 0 <= candidate's priority 0
2024-12-14 12:26:02,556 INFO  server.RaftServer$Division (RaftServerImpl.java:requestVote(1486)) - s12@group-9CE91F930A22 replies to PRE_VOTE vote request: s11<-s12#0:OK-t0. Peer's state: s12@group-9CE91F930A22:t0, leader=null, voted=, raftlog=Memoized:s12@group-9CE91F930A22-SegmentedRaftLog:OPENED:c-1:lastnull, conf=conf: {index: -1, cur=peers:[s11|0.0.0.0:15026, s13|0.0.0.0:15028, s12|0.0.0.0:15027]|listeners:[], old=null}
2024-12-14 12:26:02,557 INFO  impl.LeaderElection (LeaderElection.java:logAndReturn(90)) - s11@group-9CE91F930A22-LeaderElection22: PRE_VOTE PASSED received 1 response(s) and 0 exception(s):
2024-12-14 12:26:02,557 INFO  impl.LeaderElection (LeaderElection.java:logAndReturn(94)) -   Response 0: s11<-s12#0:OK-t0
2024-12-14 12:26:02,557 INFO  impl.LeaderElection (LeaderElection.java:askForVotes(334)) - s11@group-9CE91F930A22-LeaderElection22 PRE_VOTE round 0: result PASSED
2024-12-14 12:26:02,558 TRACE util.FileUtils (LogUtils.java:supplyAndLog(69)) - Successfully supplied FileChannel.open /home/runner/work/ratis/ratis/ratis-examples/target/test/data/da5193cb/MiniRaftClusterWithNetty71855ece/s11/8cff9ddc-4abb-47b3-960b-9ce91f930a22/current/raft-meta.tmp with options [CREATE, WRITE]: sun.nio.ch.FileChannelImpl@62107f0d
2024-12-14 12:26:02,558 INFO  logging.LoggingHandler (AbstractInternalLogger.java:log(148)) - [id: 0xc7b5ba89, L:/0.0.0.0:15028] READ: [id: 0xe4cbfee8, L:/127.0.0.1:15028 - R:/127.0.0.1:35744]
2024-12-14 12:26:02,559 INFO  logging.LoggingHandler (AbstractInternalLogger.java:log(148)) - [id: 0xc7b5ba89, L:/0.0.0.0:15028] READ COMPLETE
2024-12-14 12:26:02,559 TRACE util.FileUtils (LogUtils.java:runAndLog(49)) - Successfully ran Atomic Files.move /home/runner/work/ratis/ratis/ratis-examples/target/test/data/da5193cb/MiniRaftClusterWithNetty71855ece/s11/8cff9ddc-4abb-47b3-960b-9ce91f930a22/current/raft-meta.tmp to /home/runner/work/ratis/ratis/ratis-examples/target/test/data/da5193cb/MiniRaftClusterWithNetty71855ece/s11/8cff9ddc-4abb-47b3-960b-9ce91f930a22/current/raft-meta with options [REPLACE_EXISTING]
2024-12-14 12:26:02,559 INFO  impl.LeaderElection (LeaderElection.java:askForVotes(332)) - s11@group-9CE91F930A22-LeaderElection22 ELECTION round 0: submit vote requests at term 1 for conf: {index: -1, cur=peers:[s11|0.0.0.0:15026, s13|0.0.0.0:15028, s12|0.0.0.0:15027]|listeners:[], old=null}
2024-12-14 12:26:02,559 INFO  server.RaftServer$Division (RaftServerImpl.java:requestVote(1452)) - s13@group-9CE91F930A22: receive requestVote(PRE_VOTE, s11, group-9CE91F930A22, 0, (t:0, i:0))
2024-12-14 12:26:02,559 INFO  impl.VoteContext (VoteContext.java:log(49)) - s13@group-9CE91F930A22-FOLLOWER: accept PRE_VOTE from s11: our priority 0 <= candidate's priority 0
2024-12-14 12:26:02,559 INFO  server.RaftServerConfigKeys (ConfUtils.java:logFallback(53)) - raft.server.rpc.first-election.timeout.min = 300ms (fallback to raft.server.rpc.timeout.min)
2024-12-14 12:26:02,560 INFO  server.RaftServer$Division (RaftServerImpl.java:requestVote(1486)) - s13@group-9CE91F930A22 replies to PRE_VOTE vote request: s11<-s13#0:OK-t0. Peer's state: s13@group-9CE91F930A22:t0, leader=null, voted=, raftlog=Memoized:s13@group-9CE91F930A22-SegmentedRaftLog:OPENED:c-1:lastnull, conf=conf: {index: -1, cur=peers:[s11|0.0.0.0:15026, s13|0.0.0.0:15028, s12|0.0.0.0:15027]|listeners:[], old=null}
2024-12-14 12:26:02,560 INFO  server.RaftServerConfigKeys (ConfUtils.java:logFallback(53)) - raft.server.rpc.first-election.timeout.max = 600ms (fallback to raft.server.rpc.timeout.max)
2024-12-14 12:26:02,560 INFO  server.RaftServer$Division (RaftServerImpl.java:requestVote(1452)) - s12@group-9CE91F930A22: receive requestVote(ELECTION, s11, group-9CE91F930A22, 1, (t:0, i:0))
2024-12-14 12:26:02,560 INFO  impl.VoteContext (VoteContext.java:log(49)) - s12@group-9CE91F930A22-FOLLOWER: accept ELECTION from s11: our priority 0 <= candidate's priority 0
2024-12-14 12:26:02,560 INFO  server.RaftServer$Division (RaftServerImpl.java:setRole(379)) - s12@group-9CE91F930A22: changes role from  FOLLOWER to FOLLOWER at term 0 for candidate:s11
2024-12-14 12:26:02,560 INFO  impl.RoleInfo (RoleInfo.java:shutdownFollowerState(121)) - s12: shutdown s12@group-9CE91F930A22-FollowerState
2024-12-14 12:26:02,560 INFO  impl.RoleInfo (RoleInfo.java:updateAndGet(148)) - s12: start s12@group-9CE91F930A22-FollowerState
2024-12-14 12:26:02,560 INFO  impl.FollowerState (FollowerState.java:runImpl(170)) - s12@group-9CE91F930A22-FollowerState was interrupted
2024-12-14 12:26:02,561 INFO  server.RaftServer$Division (RaftServerImpl.java:setFirstElection(563)) - s12@group-9CE91F930A22: set firstElectionSinceStartup to false for candidate:s11
2024-12-14 12:26:02,562 TRACE util.FileUtils (LogUtils.java:supplyAndLog(69)) - Successfully supplied FileChannel.open /home/runner/work/ratis/ratis/ratis-examples/target/test/data/da5193cb/MiniRaftClusterWithNetty71855ece/s12/8cff9ddc-4abb-47b3-960b-9ce91f930a22/current/raft-meta.tmp with options [CREATE, WRITE]: sun.nio.ch.FileChannelImpl@29fd915e
2024-12-14 12:26:02,562 INFO  server.RaftServer$Division (RaftServerImpl.java:requestVote(1452)) - s13@group-9CE91F930A22: receive requestVote(ELECTION, s11, group-9CE91F930A22, 1, (t:0, i:0))
2024-12-14 12:26:02,562 INFO  impl.VoteContext (VoteContext.java:log(49)) - s13@group-9CE91F930A22-FOLLOWER: accept ELECTION from s11: our priority 0 <= candidate's priority 0
2024-12-14 12:26:02,562 INFO  server.RaftServer$Division (RaftServerImpl.java:setRole(379)) - s13@group-9CE91F930A22: changes role from  FOLLOWER to FOLLOWER at term 0 for candidate:s11
2024-12-14 12:26:02,562 INFO  impl.RoleInfo (RoleInfo.java:shutdownFollowerState(121)) - s13: shutdown s13@group-9CE91F930A22-FollowerState
2024-12-14 12:26:02,563 INFO  impl.RoleInfo (RoleInfo.java:updateAndGet(148)) - s13: start s13@group-9CE91F930A22-FollowerState
2024-12-14 12:26:02,563 INFO  impl.FollowerState (FollowerState.java:runImpl(170)) - s13@group-9CE91F930A22-FollowerState was interrupted
2024-12-14 12:26:02,563 TRACE util.FileUtils (LogUtils.java:runAndLog(49)) - Successfully ran Atomic Files.move /home/runner/work/ratis/ratis/ratis-examples/target/test/data/da5193cb/MiniRaftClusterWithNetty71855ece/s12/8cff9ddc-4abb-47b3-960b-9ce91f930a22/current/raft-meta.tmp to /home/runner/work/ratis/ratis/ratis-examples/target/test/data/da5193cb/MiniRaftClusterWithNetty71855ece/s12/8cff9ddc-4abb-47b3-960b-9ce91f930a22/current/raft-meta with options [REPLACE_EXISTING]
2024-12-14 12:26:02,563 INFO  server.RaftServer$Division (RaftServerImpl.java:requestVote(1486)) - s12@group-9CE91F930A22 replies to ELECTION vote request: s11<-s12#0:OK-t1. Peer's state: s12@group-9CE91F930A22:t1, leader=null, voted=s11, raftlog=Memoized:s12@group-9CE91F930A22-SegmentedRaftLog:OPENED:c-1:lastnull, conf=conf: {index: -1, cur=peers:[s11|0.0.0.0:15026, s13|0.0.0.0:15028, s12|0.0.0.0:15027]|listeners:[], old=null}
2024-12-14 12:26:02,565 INFO  server.RaftServer$Division (RaftServerImpl.java:setFirstElection(563)) - s13@group-9CE91F930A22: set firstElectionSinceStartup to false for candidate:s11
2024-12-14 12:26:02,565 INFO  impl.LeaderElection (LeaderElection.java:logAndReturn(90)) - s11@group-9CE91F930A22-LeaderElection22: ELECTION PASSED received 1 response(s) and 0 exception(s):
2024-12-14 12:26:02,565 TRACE util.FileUtils (LogUtils.java:supplyAndLog(69)) - Successfully supplied FileChannel.open /home/runner/work/ratis/ratis/ratis-examples/target/test/data/da5193cb/MiniRaftClusterWithNetty71855ece/s13/8cff9ddc-4abb-47b3-960b-9ce91f930a22/current/raft-meta.tmp with options [CREATE, WRITE]: sun.nio.ch.FileChannelImpl@649165bd
2024-12-14 12:26:02,565 INFO  impl.LeaderElection (LeaderElection.java:logAndReturn(94)) -   Response 0: s11<-s12#0:OK-t1
2024-12-14 12:26:02,565 INFO  impl.LeaderElection (LeaderElection.java:askForVotes(334)) - s11@group-9CE91F930A22-LeaderElection22 ELECTION round 0: result PASSED
2024-12-14 12:26:02,565 INFO  impl.RoleInfo (RoleInfo.java:shutdownLeaderElection(141)) - s11: shutdown s11@group-9CE91F930A22-LeaderElection22
2024-12-14 12:26:02,565 INFO  server.RaftServer$Division (RaftServerImpl.java:setRole(379)) - s11@group-9CE91F930A22: changes role from CANDIDATE to LEADER at term 1 for changeToLeader
2024-12-14 12:26:02,565 INFO  server.RaftServerConfigKeys (ConfUtils.java:logGet(46)) - raft.server.staging.catchup.gap = 1000 (default)
2024-12-14 12:26:02,566 INFO  server.RaftServerConfigKeys (ConfUtils.java:logGet(46)) - raft.server.write.element-limit = 4096 (default)
2024-12-14 12:26:02,566 INFO  server.RaftServerConfigKeys (ConfUtils.java:logGet(46)) - raft.server.write.byte-limit = 64MB (=67108864) (default)
2024-12-14 12:26:02,566 INFO  server.RaftServerConfigKeys (ConfUtils.java:logGet(46)) - raft.server.watch.timeout = 10s (default)
2024-12-14 12:26:02,566 INFO  server.RaftServerConfigKeys (ConfUtils.java:logGet(46)) - raft.server.watch.timeout.denomination = 1s (default)
2024-12-14 12:26:02,566 INFO  server.RaftServerConfigKeys (ConfUtils.java:logGet(46)) - raft.server.watch.element-limit = 65536 (default)
2024-12-14 12:26:02,566 INFO  server.RaftServerConfigKeys (ConfUtils.java:logGet(46)) - raft.server.read.leader.lease.enabled = false (default)
2024-12-14 12:26:02,566 INFO  server.RaftServerConfigKeys (ConfUtils.java:logGet(46)) - raft.server.read.leader.lease.timeout.ratio = 0.9 (default)
2024-12-14 12:26:02,566 INFO  server.RaftServerConfigKeys (ConfUtils.java:logGet(46)) - raft.server.rpc.timeout.min = 300ms (custom)
2024-12-14 12:26:02,566 INFO  server.RaftServerConfigKeys (ConfUtils.java:logGet(46)) - raft.server.log.log-metadata.enabled = true (default)
2024-12-14 12:26:02,566 INFO  server.RaftServerConfigKeys (ConfUtils.java:logGet(46)) - raft.server.write.element-limit = 4096 (default)
2024-12-14 12:26:02,566 TRACE util.FileUtils (LogUtils.java:runAndLog(49)) - Successfully ran Atomic Files.move /home/runner/work/ratis/ratis/ratis-examples/target/test/data/da5193cb/MiniRaftClusterWithNetty71855ece/s13/8cff9ddc-4abb-47b3-960b-9ce91f930a22/current/raft-meta.tmp to /home/runner/work/ratis/ratis/ratis-examples/target/test/data/da5193cb/MiniRaftClusterWithNetty71855ece/s13/8cff9ddc-4abb-47b3-960b-9ce91f930a22/current/raft-meta with options [REPLACE_EXISTING]
2024-12-14 12:26:02,566 INFO  server.RaftServer$Division (RaftServerImpl.java:requestVote(1486)) - s13@group-9CE91F930A22 replies to ELECTION vote request: s11<-s13#0:OK-t1. Peer's state: s13@group-9CE91F930A22:t1, leader=null, voted=s11, raftlog=Memoized:s13@group-9CE91F930A22-SegmentedRaftLog:OPENED:c-1:lastnull, conf=conf: {index: -1, cur=peers:[s11|0.0.0.0:15026, s13|0.0.0.0:15028, s12|0.0.0.0:15027]|listeners:[], old=null}
2024-12-14 12:26:02,566 INFO  server.RaftServerConfigKeys (ConfUtils.java:logGet(46)) - raft.server.write.follower.gap.ratio.max = -1.0 (default)
2024-12-14 12:26:02,567 INFO  server.RaftServerConfigKeys (ConfUtils.java:logGet(46)) - raft.server.log.appender.snapshot.chunk.size.max = 16MB (=16777216) (default)
2024-12-14 12:26:02,567 INFO  server.RaftServerConfigKeys (ConfUtils.java:logGet(46)) - raft.server.log.appender.buffer.byte-limit = 4MB (=4194304) (default)
2024-12-14 12:26:02,567 INFO  server.RaftServerConfigKeys (ConfUtils.java:logGet(46)) - raft.server.log.appender.buffer.element-limit = 0 (default)
2024-12-14 12:26:02,567 INFO  server.RaftServerConfigKeys (ConfUtils.java:logGet(46)) - raft.server.log.appender.wait-time.min = 1ms (default)
2024-12-14 12:26:02,567 INFO  server.RaftServerConfigKeys (ConfUtils.java:logGet(46)) - raft.server.log.appender.snapshot.chunk.size.max = 16MB (=16777216) (default)
2024-12-14 12:26:02,567 INFO  server.RaftServerConfigKeys (ConfUtils.java:logGet(46)) - raft.server.log.appender.buffer.byte-limit = 4MB (=4194304) (default)
2024-12-14 12:26:02,567 INFO  server.RaftServerConfigKeys (ConfUtils.java:logGet(46)) - raft.server.log.appender.buffer.element-limit = 0 (default)
2024-12-14 12:26:02,567 INFO  server.RaftServerConfigKeys (ConfUtils.java:logGet(46)) - raft.server.log.appender.wait-time.min = 1ms (default)
2024-12-14 12:26:02,567 INFO  impl.RoleInfo (RoleInfo.java:updateAndGet(148)) - s11: start s11@group-9CE91F930A22-LeaderStateImpl
2024-12-14 12:26:02,567 INFO  server.RaftServer$Division (RaftServerImpl.java:setFirstElection(563)) - s11@group-9CE91F930A22: set firstElectionSinceStartup to false for becomeLeader
2024-12-14 12:26:02,567 INFO  server.RaftServer$Division (ServerState.java:setLeader(272)) - s11@group-9CE91F930A22: change Leader from null to s11 at term 1 for becomeLeader, leader elected after 349ms
2024-12-14 12:26:02,567 INFO  segmented.SegmentedRaftLogWorker (SegmentedRaftLogWorker.java:startLogSegment(443)) - s11@group-9CE91F930A22-SegmentedRaftLogWorker: Starting segment from index:0
2024-12-14 12:26:02,568 INFO  server.RaftServer$Division (ServerState.java:setRaftConf(386)) - s11@group-9CE91F930A22: set configuration conf: {index: 0, cur=peers:[s11|0.0.0.0:15026, s13|0.0.0.0:15028, s12|0.0.0.0:15027]|listeners:[], old=null}
2024-12-14 12:26:02,568 INFO  segmented.BufferedWriteChannel (BufferedWriteChannel.java:open(61)) - open log_inprogress_0 at position 0
2024-12-14 12:26:02,569 INFO  server.RaftServer$Division (ServerState.java:setLeader(272)) - s12@group-9CE91F930A22: change Leader from null to s11 at term 1 for appendEntries, leader elected after 330ms
2024-12-14 12:26:02,572 INFO  server.RaftServer$Division (ServerState.java:setRaftConf(386)) - s12@group-9CE91F930A22: set configuration conf: {index: 0, cur=peers:[s11|0.0.0.0:15026, s13|0.0.0.0:15028, s12|0.0.0.0:15027]|listeners:[], old=null}
2024-12-14 12:26:02,572 INFO  segmented.SegmentedRaftLogWorker (SegmentedRaftLogWorker.java:startLogSegment(443)) - s12@group-9CE91F930A22-SegmentedRaftLogWorker: Starting segment from index:0
2024-12-14 12:26:02,572 INFO  segmented.BufferedWriteChannel (BufferedWriteChannel.java:open(61)) - open log_inprogress_0 at position 0
2024-12-14 12:26:02,573 INFO  server.RaftServer$Division (ServerState.java:setLeader(272)) - s13@group-9CE91F930A22: change Leader from null to s11 at term 1 for appendEntries, leader elected after 314ms
2024-12-14 12:26:02,577 INFO  server.RaftServer$Division (ServerState.java:setRaftConf(386)) - s13@group-9CE91F930A22: set configuration conf: {index: 0, cur=peers:[s11|0.0.0.0:15026, s13|0.0.0.0:15028, s12|0.0.0.0:15027]|listeners:[], old=null}
2024-12-14 12:26:02,577 INFO  segmented.SegmentedRaftLogWorker (SegmentedRaftLogWorker.java:startLogSegment(443)) - s13@group-9CE91F930A22-SegmentedRaftLogWorker: Starting segment from index:0
2024-12-14 12:26:02,578 INFO  segmented.BufferedWriteChannel (BufferedWriteChannel.java:open(61)) - open log_inprogress_0 at position 0
2024-12-14 12:26:02,582 INFO  segmented.SegmentedRaftLogWorker (SegmentedRaftLogWorker.java:execute(667)) - s11@group-9CE91F930A22-SegmentedRaftLogWorker: created new log segment /home/runner/work/ratis/ratis/ratis-examples/target/test/data/da5193cb/MiniRaftClusterWithNetty71855ece/s11/8cff9ddc-4abb-47b3-960b-9ce91f930a22/current/log_inprogress_0
2024-12-14 12:26:02,584 INFO  segmented.SegmentedRaftLogWorker (SegmentedRaftLogWorker.java:execute(667)) - s12@group-9CE91F930A22-SegmentedRaftLogWorker: created new log segment /home/runner/work/ratis/ratis/ratis-examples/target/test/data/da5193cb/MiniRaftClusterWithNetty71855ece/s12/8cff9ddc-4abb-47b3-960b-9ce91f930a22/current/log_inprogress_0
2024-12-14 12:26:02,587 TRACE util.FileUtils (LogUtils.java:supplyAndLog(69)) - Successfully supplied FileChannel.open /home/runner/work/ratis/ratis/ratis-examples/target/test/data/da5193cb/MiniRaftClusterWithNetty71855ece/s11/8cff9ddc-4abb-47b3-960b-9ce91f930a22/current/raft-meta.conf.tmp with options [CREATE, WRITE]: sun.nio.ch.FileChannelImpl@41bd2f71
2024-12-14 12:26:02,590 TRACE util.FileUtils (LogUtils.java:runAndLog(49)) - Successfully ran Atomic Files.move /home/runner/work/ratis/ratis/ratis-examples/target/test/data/da5193cb/MiniRaftClusterWithNetty71855ece/s11/8cff9ddc-4abb-47b3-960b-9ce91f930a22/current/raft-meta.conf.tmp to /home/runner/work/ratis/ratis/ratis-examples/target/test/data/da5193cb/MiniRaftClusterWithNetty71855ece/s11/8cff9ddc-4abb-47b3-960b-9ce91f930a22/current/raft-meta.conf with options [REPLACE_EXISTING]
2024-12-14 12:26:02,590 INFO  server.RaftServer$Division (LeaderStateImpl.java:checkStartIndex(314)) - Leader s11@group-9CE91F930A22-LeaderStateImpl is ready since appliedIndex == startIndex == 0
2024-12-14 12:26:02,590 INFO  segmented.SegmentedRaftLogWorker (SegmentedRaftLogWorker.java:execute(667)) - s13@group-9CE91F930A22-SegmentedRaftLogWorker: created new log segment /home/runner/work/ratis/ratis/ratis-examples/target/test/data/da5193cb/MiniRaftClusterWithNetty71855ece/s13/8cff9ddc-4abb-47b3-960b-9ce91f930a22/current/log_inprogress_0
2024-12-14 12:26:02,736 TRACE util.FileUtils (LogUtils.java:supplyAndLog(69)) - Successfully supplied FileChannel.open /home/runner/work/ratis/ratis/ratis-examples/target/test/data/da5193cb/MiniRaftClusterWithNetty71855ece/s12/8cff9ddc-4abb-47b3-960b-9ce91f930a22/current/raft-meta.conf.tmp with options [CREATE, WRITE]: sun.nio.ch.FileChannelImpl@66389cef
2024-12-14 12:26:02,738 TRACE util.FileUtils (LogUtils.java:runAndLog(49)) - Successfully ran Atomic Files.move /home/runner/work/ratis/ratis/ratis-examples/target/test/data/da5193cb/MiniRaftClusterWithNetty71855ece/s12/8cff9ddc-4abb-47b3-960b-9ce91f930a22/current/raft-meta.conf.tmp to /home/runner/work/ratis/ratis/ratis-examples/target/test/data/da5193cb/MiniRaftClusterWithNetty71855ece/s12/8cff9ddc-4abb-47b3-960b-9ce91f930a22/current/raft-meta.conf with options [REPLACE_EXISTING]
2024-12-14 12:26:02,742 TRACE util.FileUtils (LogUtils.java:supplyAndLog(69)) - Successfully supplied FileChannel.open /home/runner/work/ratis/ratis/ratis-examples/target/test/data/da5193cb/MiniRaftClusterWithNetty71855ece/s13/8cff9ddc-4abb-47b3-960b-9ce91f930a22/current/raft-meta.conf.tmp with options [CREATE, WRITE]: sun.nio.ch.FileChannelImpl@5cd7018d
2024-12-14 12:26:02,744 TRACE util.FileUtils (LogUtils.java:runAndLog(49)) - Successfully ran Atomic Files.move /home/runner/work/ratis/ratis/ratis-examples/target/test/data/da5193cb/MiniRaftClusterWithNetty71855ece/s13/8cff9ddc-4abb-47b3-960b-9ce91f930a22/current/raft-meta.conf.tmp to /home/runner/work/ratis/ratis/ratis-examples/target/test/data/da5193cb/MiniRaftClusterWithNetty71855ece/s13/8cff9ddc-4abb-47b3-960b-9ce91f930a22/current/raft-meta.conf with options [REPLACE_EXISTING]
2024-12-14 12:26:03,176 INFO  ratis.RaftTestUtil (RaftTestUtil.java:waitForLeader(131)) - printing group-9CE91F930A22
  s11:  RUNNING [
   FOLLOWER s11@group-0A0C1A18FF69:t0, leader=null, voted=, raftlog=Memoized:s11@group-0A0C1A18FF69-SegmentedRaftLog:OPENED:c-1:lastnull, conf=conf: {index: -1, cur=peers:[]|listeners:[], old=null} STARTING
     LEADER s11@group-9CE91F930A22:t1, leader=s11, voted=s11, raftlog=Memoized:s11@group-9CE91F930A22-SegmentedRaftLog:OPENED:c0:last(t:1, i:0), conf=conf: {index: 0, cur=peers:[s11|0.0.0.0:15026, s13|0.0.0.0:15028, s12|0.0.0.0:15027]|listeners:[], old=null} RUNNING] size=2
  s13:  RUNNING [
   FOLLOWER s13@group-0A0C1A18FF69:t0, leader=null, voted=, raftlog=Memoized:s13@group-0A0C1A18FF69-SegmentedRaftLog:OPENED:c-1:lastnull, conf=conf: {index: -1, cur=peers:[]|listeners:[], old=null} STARTING
   FOLLOWER s13@group-9CE91F930A22:t1, leader=s11, voted=s11, raftlog=Memoized:s13@group-9CE91F930A22-SegmentedRaftLog:OPENED:c0:last(t:1, i:0), conf=conf: {index: 0, cur=peers:[s11|0.0.0.0:15026, s13|0.0.0.0:15028, s12|0.0.0.0:15027]|listeners:[], old=null} RUNNING] size=2
  s12:  RUNNING [
   FOLLOWER s12@group-0A0C1A18FF69:t0, leader=null, voted=, raftlog=Memoized:s12@group-0A0C1A18FF69-SegmentedRaftLog:OPENED:c-1:lastnull, conf=conf: {index: -1, cur=peers:[]|listeners:[], old=null} STARTING
   FOLLOWER s12@group-9CE91F930A22:t1, leader=s11, voted=s11, raftlog=Memoized:s12@group-9CE91F930A22-SegmentedRaftLog:OPENED:c0:last(t:1, i:0), conf=conf: {index: 0, cur=peers:[s11|0.0.0.0:15026, s13|0.0.0.0:15028, s12|0.0.0.0:15027]|listeners:[], old=null} RUNNING] size=2
2024-12-14 12:26:03,176 INFO  netty.NettyUtils (NettyUtils.java:newEventLoopGroup(74)) - Create EpollEventLoopGroup for client-2623A07BFBF1; Thread size is 0.
2024-12-14 12:26:03,178 INFO  logging.LoggingHandler (AbstractInternalLogger.java:log(148)) - [id: 0x7b551b54, L:/0.0.0.0:15026] READ: [id: 0x245d3f52, L:/127.0.0.1:15026 - R:/127.0.0.1:50408]
2024-12-14 12:26:03,179 INFO  logging.LoggingHandler (AbstractInternalLogger.java:log(148)) - [id: 0x7b551b54, L:/0.0.0.0:15026] READ COMPLETE
2024-12-14 12:26:03,181 INFO  statemachine.StateMachine (ArithmeticStateMachine.java:applyTransaction(181)) - LEADER:s11-1: a = 23 = 23
2024-12-14 12:26:03,185 INFO  statemachine.StateMachine (ArithmeticStateMachine.java:applyTransaction(181)) - LEADER:s11-3: b = 264 = 264
2024-12-14 12:26:03,190 INFO  statemachine.StateMachine (ArithmeticStateMachine.java:applyTransaction(181)) - LEADER:s11-5: c = √(a^2 + b^2) = 265
2024-12-14 12:26:03,194 INFO  statemachine.StateMachine (ArithmeticStateMachine.java:applyTransaction(181)) - LEADER:s11-7: a = null = null
2024-12-14 12:26:03,196 INFO  statemachine.StateMachine (ArithmeticStateMachine.java:applyTransaction(181)) - LEADER:s11-9: b = null = null
2024-12-14 12:26:03,197 INFO  statemachine.StateMachine (ArithmeticStateMachine.java:applyTransaction(181)) - LEADER:s11-11: c = null = null
2024-12-14 12:26:03,199 INFO  statemachine.StateMachine (ArithmeticStateMachine.java:applyTransaction(181)) - LEADER:s11-13: a = 25 = 25
2024-12-14 12:26:03,202 INFO  statemachine.StateMachine (ArithmeticStateMachine.java:applyTransaction(181)) - LEADER:s11-15: b = 312 = 312
2024-12-14 12:26:03,204 INFO  statemachine.StateMachine (ArithmeticStateMachine.java:applyTransaction(181)) - LEADER:s11-17: c = √(a^2 + b^2) = 313
2024-12-14 12:26:03,213 INFO  statemachine.StateMachine (ArithmeticStateMachine.java:applyTransaction(181)) - LEADER:s11-19: a = null = null
2024-12-14 12:26:03,215 INFO  statemachine.StateMachine (ArithmeticStateMachine.java:applyTransaction(181)) - LEADER:s11-21: b = null = null
2024-12-14 12:26:03,218 INFO  statemachine.StateMachine (ArithmeticStateMachine.java:applyTransaction(181)) - LEADER:s11-23: c = null = null
2024-12-14 12:26:03,220 INFO  statemachine.StateMachine (ArithmeticStateMachine.java:applyTransaction(181)) - LEADER:s11-25: a = 27 = 27
2024-12-14 12:26:03,223 INFO  statemachine.StateMachine (ArithmeticStateMachine.java:applyTransaction(181)) - LEADER:s11-27: b = 364 = 364
2024-12-14 12:26:03,226 INFO  statemachine.StateMachine (ArithmeticStateMachine.java:applyTransaction(181)) - LEADER:s11-29: c = √(a^2 + b^2) = 365
2024-12-14 12:26:03,228 INFO  statemachine.StateMachine (ArithmeticStateMachine.java:applyTransaction(181)) - LEADER:s11-31: a = null = null
2024-12-14 12:26:03,231 INFO  statemachine.StateMachine (ArithmeticStateMachine.java:applyTransaction(181)) - LEADER:s11-33: b = null = null
2024-12-14 12:26:03,234 INFO  statemachine.StateMachine (ArithmeticStateMachine.java:applyTransaction(181)) - LEADER:s11-35: c = null = null
2024-12-14 12:26:03,236 INFO  statemachine.StateMachine (ArithmeticStateMachine.java:applyTransaction(181)) - LEADER:s11-37: a = 29 = 29
2024-12-14 12:26:03,238 INFO  statemachine.StateMachine (ArithmeticStateMachine.java:applyTransaction(181)) - LEADER:s11-39: b = 420 = 420
2024-12-14 12:26:03,240 INFO  statemachine.StateMachine (ArithmeticStateMachine.java:applyTransaction(181)) - LEADER:s11-41: c = √(a^2 + b^2) = 421
2024-12-14 12:26:03,242 INFO  statemachine.StateMachine (ArithmeticStateMachine.java:applyTransaction(181)) - LEADER:s11-43: a = null = null
2024-12-14 12:26:03,245 INFO  statemachine.StateMachine (ArithmeticStateMachine.java:applyTransaction(181)) - LEADER:s11-45: b = null = null
2024-12-14 12:26:03,247 INFO  statemachine.StateMachine (ArithmeticStateMachine.java:applyTransaction(181)) - LEADER:s11-47: c = null = null
2024-12-14 12:26:03,249 INFO  statemachine.StateMachine (ArithmeticStateMachine.java:applyTransaction(181)) - LEADER:s11-49: a = 31 = 31
2024-12-14 12:26:03,251 INFO  statemachine.StateMachine (ArithmeticStateMachine.java:applyTransaction(181)) - LEADER:s11-51: b = 480 = 480
2024-12-14 12:26:03,253 INFO  statemachine.StateMachine (ArithmeticStateMachine.java:applyTransaction(181)) - LEADER:s11-53: c = √(a^2 + b^2) = 481
2024-12-14 12:26:03,255 INFO  statemachine.StateMachine (ArithmeticStateMachine.java:applyTransaction(181)) - LEADER:s11-55: a = null = null
2024-12-14 12:26:03,258 INFO  statemachine.StateMachine (ArithmeticStateMachine.java:applyTransaction(181)) - LEADER:s11-57: b = null = null
2024-12-14 12:26:03,260 INFO  statemachine.StateMachine (ArithmeticStateMachine.java:applyTransaction(181)) - LEADER:s11-59: c = null = null
2024-12-14 12:26:03,261 INFO  statemachine.StateMachine (ArithmeticStateMachine.java:applyTransaction(181)) - LEADER:s11-61: a = 33 = 33
2024-12-14 12:26:03,263 INFO  statemachine.StateMachine (ArithmeticStateMachine.java:applyTransaction(181)) - LEADER:s11-63: b = 544 = 544
2024-12-14 12:26:03,265 INFO  statemachine.StateMachine (ArithmeticStateMachine.java:applyTransaction(181)) - LEADER:s11-65: c = √(a^2 + b^2) = 545
2024-12-14 12:26:03,267 INFO  statemachine.StateMachine (ArithmeticStateMachine.java:applyTransaction(181)) - LEADER:s11-67: a = null = null
2024-12-14 12:26:03,269 INFO  statemachine.StateMachine (ArithmeticStateMachine.java:applyTransaction(181)) - LEADER:s11-69: b = null = null
2024-12-14 12:26:03,270 INFO  statemachine.StateMachine (ArithmeticStateMachine.java:applyTransaction(181)) - LEADER:s11-71: c = null = null
2024-12-14 12:26:03,275 INFO  statemachine.StateMachine (ArithmeticStateMachine.java:applyTransaction(181)) - LEADER:s11-73: a = 35 = 35
2024-12-14 12:26:03,282 INFO  statemachine.StateMachine (ArithmeticStateMachine.java:applyTransaction(181)) - LEADER:s11-75: b = 612 = 612
2024-12-14 12:26:03,285 INFO  statemachine.StateMachine (ArithmeticStateMachine.java:applyTransaction(181)) - LEADER:s11-77: c = √(a^2 + b^2) = 613
2024-12-14 12:26:03,287 INFO  statemachine.StateMachine (ArithmeticStateMachine.java:applyTransaction(181)) - LEADER:s11-79: a = null = null
2024-12-14 12:26:03,289 INFO  statemachine.StateMachine (ArithmeticStateMachine.java:applyTransaction(181)) - LEADER:s11-81: b = null = null
2024-12-14 12:26:03,290 INFO  statemachine.StateMachine (ArithmeticStateMachine.java:applyTransaction(181)) - LEADER:s11-83: c = null = null
2024-12-14 12:26:03,292 INFO  statemachine.StateMachine (ArithmeticStateMachine.java:applyTransaction(181)) - LEADER:s11-85: a = 37 = 37
2024-12-14 12:26:03,294 INFO  statemachine.StateMachine (ArithmeticStateMachine.java:applyTransaction(181)) - LEADER:s11-87: b = 684 = 684
2024-12-14 12:26:03,296 INFO  statemachine.StateMachine (ArithmeticStateMachine.java:applyTransaction(181)) - LEADER:s11-89: c = √(a^2 + b^2) = 685
2024-12-14 12:26:03,298 INFO  statemachine.StateMachine (ArithmeticStateMachine.java:applyTransaction(181)) - LEADER:s11-91: a = null = null
2024-12-14 12:26:03,300 INFO  statemachine.StateMachine (ArithmeticStateMachine.java:applyTransaction(181)) - LEADER:s11-93: b = null = null
2024-12-14 12:26:03,301 INFO  statemachine.StateMachine (ArithmeticStateMachine.java:applyTransaction(181)) - LEADER:s11-95: c = null = null
2024-12-14 12:26:03,303 INFO  statemachine.StateMachine (ArithmeticStateMachine.java:applyTransaction(181)) - LEADER:s11-97: a = 39 = 39
2024-12-14 12:26:03,305 INFO  statemachine.StateMachine (ArithmeticStateMachine.java:applyTransaction(181)) - LEADER:s11-99: b = 760 = 760
2024-12-14 12:26:03,307 INFO  statemachine.StateMachine (ArithmeticStateMachine.java:applyTransaction(181)) - LEADER:s11-101: c = √(a^2 + b^2) = 761
2024-12-14 12:26:03,310 INFO  statemachine.StateMachine (ArithmeticStateMachine.java:applyTransaction(181)) - LEADER:s11-103: a = null = null
2024-12-14 12:26:03,311 INFO  statemachine.StateMachine (ArithmeticStateMachine.java:applyTransaction(181)) - LEADER:s11-105: b = null = null
2024-12-14 12:26:03,313 INFO  statemachine.StateMachine (ArithmeticStateMachine.java:applyTransaction(181)) - LEADER:s11-107: c = null = null
2024-12-14 12:26:03,315 INFO  statemachine.StateMachine (ArithmeticStateMachine.java:applyTransaction(181)) - LEADER:s11-109: a = 41 = 41
2024-12-14 12:26:03,317 INFO  statemachine.StateMachine (ArithmeticStateMachine.java:applyTransaction(181)) - LEADER:s11-111: b = 840 = 840
2024-12-14 12:26:03,319 INFO  statemachine.StateMachine (ArithmeticStateMachine.java:applyTransaction(181)) - LEADER:s11-113: c = √(a^2 + b^2) = 841
2024-12-14 12:26:03,321 INFO  statemachine.StateMachine (ArithmeticStateMachine.java:applyTransaction(181)) - LEADER:s11-115: a = null = null
2024-12-14 12:26:03,323 INFO  statemachine.StateMachine (ArithmeticStateMachine.java:applyTransaction(181)) - LEADER:s11-117: b = null = null
2024-12-14 12:26:03,325 INFO  statemachine.StateMachine (ArithmeticStateMachine.java:applyTransaction(181)) - LEADER:s11-119: c = null = null
2024-12-14 12:26:03,335 INFO  impl.GroupManagementBaseTest (GroupManagementBaseTest.java:runMultiGroupTest(281)) - 2) starting group-A9C62F8E94D0:[s3|0.0.0.0:15018, s14|0.0.0.0:15029, s2|0.0.0.0:15017]
2024-12-14 12:26:03,336 INFO  netty.NettyUtils (NettyUtils.java:newEventLoopGroup(74)) - Create EpollEventLoopGroup for client-4E9A3F678845; Thread size is 0.
2024-12-14 12:26:03,338 INFO  logging.LoggingHandler (AbstractInternalLogger.java:log(148)) - [id: 0xa7c32d8d, L:/0.0.0.0:15029] READ: [id: 0xd127d2d3, L:/127.0.0.1:15029 - R:/127.0.0.1:51704]
2024-12-14 12:26:03,338 INFO  logging.LoggingHandler (AbstractInternalLogger.java:log(148)) - [id: 0xa7c32d8d, L:/0.0.0.0:15029] READ COMPLETE
2024-12-14 12:26:03,342 INFO  server.RaftServer$Division (RaftServerImpl.java:<init>(256)) - s14: new RaftServerImpl for group-A9C62F8E94D0:[s3|0.0.0.0:15018, s14|0.0.0.0:15029, s2|0.0.0.0:15017] with ArithmeticStateMachine:uninitialized
2024-12-14 12:26:03,342 INFO  server.RaftServerConfigKeys (ConfUtils.java:logGet(46)) - raft.server.rpc.timeout.min = 300ms (custom)
2024-12-14 12:26:03,342 INFO  server.RaftServerConfigKeys (ConfUtils.java:logGet(46)) - raft.server.rpc.timeout.max = 600ms (custom)
2024-12-14 12:26:03,342 INFO  server.RaftServerConfigKeys (ConfUtils.java:logGet(46)) - raft.server.rpc.sleep.time = 25ms (default)
2024-12-14 12:26:03,342 INFO  server.RaftServerConfigKeys (ConfUtils.java:logGet(46)) - raft.server.rpc.slowness.timeout = 60s (default)
2024-12-14 12:26:03,342 INFO  server.RaftServerConfigKeys (ConfUtils.java:logGet(46)) - raft.server.leaderelection.leader.step-down.wait-time = 10s (default)
2024-12-14 12:26:03,342 INFO  server.RaftServerConfigKeys (ConfUtils.java:logGet(46)) - raft.server.leaderelection.member.majority-add = false (default)
2024-12-14 12:26:03,342 INFO  server.RaftServerConfigKeys (ConfUtils.java:logGet(46)) - raft.server.sleep.deviation.threshold = 300ms (default)
2024-12-14 12:26:03,342 INFO  server.RaftServer (RaftServerProxy.java:addNew(101)) - s14: addNew group-A9C62F8E94D0:[s3|0.0.0.0:15018, s14|0.0.0.0:15029, s2|0.0.0.0:15017] returns group-A9C62F8E94D0:java.util.concurrent.CompletableFuture@439d05fc[Not completed]
2024-12-14 12:26:03,342 INFO  server.RaftServer$Division (ServerState.java:<init>(114)) - s14@group-A9C62F8E94D0: ConfigurationManager, init=conf: {index: -1, cur=peers:[s3|0.0.0.0:15018, s14|0.0.0.0:15029, s2|0.0.0.0:15017]|listeners:[], old=null}, confs=<EMPTY_MAP>
2024-12-14 12:26:03,342 INFO  server.RaftServerConfigKeys (ConfUtils.java:logGet(46)) - raft.server.notification.no-leader.timeout = 60s (default)
2024-12-14 12:26:03,342 INFO  server.RaftServerConfigKeys (ConfUtils.java:logGet(46)) - raft.server.read.timeout = 10s (default)
2024-12-14 12:26:03,342 INFO  server.RaftServerConfigKeys (ConfUtils.java:logGet(46)) - raft.server.retrycache.expirytime = 60s (default)
2024-12-14 12:26:03,342 INFO  server.RaftServerConfigKeys (ConfUtils.java:logGet(46)) - raft.server.retrycache.statistics.expirytime = 100ms (default)
2024-12-14 12:26:03,343 INFO  server.RaftServerConfigKeys (ConfUtils.java:logGet(46)) - raft.server.read.option = DEFAULT (default)
2024-12-14 12:26:03,343 INFO  server.RaftServerConfigKeys (ConfUtils.java:logGet(46)) - raft.server.read.read-after-write-consistent.write-index-cache.expiry-time = 60s (default)
2024-12-14 12:26:03,343 INFO  server.RaftServerConfigKeys (ConfUtils.java:logGet(46)) - raft.server.rpc.request.timeout = 3000ms (default)
2024-12-14 12:26:03,343 INFO  server.RaftServerConfigKeys (ConfUtils.java:logGet(46)) - raft.server.log.appender.install.snapshot.enabled = true (default)
2024-12-14 12:26:03,343 INFO  server.RaftServerConfigKeys (ConfUtils.java:logGet(46)) - raft.server.threadpool.server.cached = true (default)
2024-12-14 12:26:03,343 INFO  server.RaftServerConfigKeys (ConfUtils.java:logGet(46)) - raft.server.threadpool.server.size = 0 (default)
2024-12-14 12:26:03,343 INFO  server.RaftServerConfigKeys (ConfUtils.java:logGet(46)) - raft.server.threadpool.client.cached = true (default)
2024-12-14 12:26:03,343 INFO  server.RaftServerConfigKeys (ConfUtils.java:logGet(46)) - raft.server.threadpool.client.size = 0 (default)
2024-12-14 12:26:03,343 INFO  server.RaftServerConfigKeys (ConfUtils.java:logGet(46)) - raft.server.storage.free-space.min = 0MB (=0) (default)
2024-12-14 12:26:03,343 INFO  server.RaftServerConfigKeys (ConfUtils.java:logGet(46)) - raft.server.log.corruption.policy = EXCEPTION (default)
2024-12-14 12:26:03,343 INFO  server.RaftServerConfigKeys (ConfUtils.java:logGet(46)) - raft.server.storage.dir = [/home/runner/work/ratis/ratis/ratis-examples/target/test/data/da5193cb/MiniRaftClusterWithNetty71855ece/s14] (custom)
2024-12-14 12:26:03,344 INFO  storage.RaftStorageDirectory (RaftStorageDirectoryImpl.java:analyzeStorage(138)) - The storage directory /home/runner/work/ratis/ratis/ratis-examples/target/test/data/da5193cb/MiniRaftClusterWithNetty71855ece/s14/61d79bd1-1749-4ece-bd8b-a9c62f8e94d0 does not exist. Creating ...
2024-12-14 12:26:03,344 TRACE util.FileUtils (LogUtils.java:runAndLog(49)) - Successfully ran Files.createDirectories /home/runner/work/ratis/ratis/ratis-examples/target/test/data/da5193cb/MiniRaftClusterWithNetty71855ece/s14/61d79bd1-1749-4ece-bd8b-a9c62f8e94d0
2024-12-14 12:26:03,345 INFO  storage.RaftStorageDirectory (RaftStorageDirectoryImpl.java:tryLock(229)) - Lock on /home/runner/work/ratis/ratis/ratis-examples/target/test/data/da5193cb/MiniRaftClusterWithNetty71855ece/s14/61d79bd1-1749-4ece-bd8b-a9c62f8e94d0/in_use.lock acquired by nodename 14700@fv-az733-880
2024-12-14 12:26:03,345 TRACE util.FileUtils (LogUtils.java:runAndLog(49)) - Successfully ran Files.createDirectories /home/runner/work/ratis/ratis/ratis-examples/target/test/data/da5193cb/MiniRaftClusterWithNetty71855ece/s14/61d79bd1-1749-4ece-bd8b-a9c62f8e94d0/current
2024-12-14 12:26:03,345 TRACE util.FileUtils (LogUtils.java:runAndLog(49)) - Successfully ran Files.createDirectories /home/runner/work/ratis/ratis/ratis-examples/target/test/data/da5193cb/MiniRaftClusterWithNetty71855ece/s14/61d79bd1-1749-4ece-bd8b-a9c62f8e94d0/sm
2024-12-14 12:26:03,345 TRACE util.FileUtils (LogUtils.java:supplyAndLog(69)) - Successfully supplied FileChannel.open /home/runner/work/ratis/ratis/ratis-examples/target/test/data/da5193cb/MiniRaftClusterWithNetty71855ece/s14/61d79bd1-1749-4ece-bd8b-a9c62f8e94d0/current/raft-meta.tmp with options [CREATE, WRITE]: sun.nio.ch.FileChannelImpl@4a9d0403
2024-12-14 12:26:03,346 TRACE util.FileUtils (LogUtils.java:runAndLog(49)) - Successfully ran Atomic Files.move /home/runner/work/ratis/ratis/ratis-examples/target/test/data/da5193cb/MiniRaftClusterWithNetty71855ece/s14/61d79bd1-1749-4ece-bd8b-a9c62f8e94d0/current/raft-meta.tmp to /home/runner/work/ratis/ratis/ratis-examples/target/test/data/da5193cb/MiniRaftClusterWithNetty71855ece/s14/61d79bd1-1749-4ece-bd8b-a9c62f8e94d0/current/raft-meta with options [REPLACE_EXISTING]
2024-12-14 12:26:03,346 INFO  storage.RaftStorage (RaftStorageImpl.java:format(98)) - Storage directory /home/runner/work/ratis/ratis/ratis-examples/target/test/data/da5193cb/MiniRaftClusterWithNetty71855ece/s14/61d79bd1-1749-4ece-bd8b-a9c62f8e94d0 has been successfully formatted.
2024-12-14 12:26:03,346 WARN  statemachine.StateMachine (ArithmeticStateMachine.java:loadSnapshot(115)) - The snapshot info is null.
2024-12-14 12:26:03,346 INFO  server.RaftServerConfigKeys (ConfUtils.java:logGet(46)) - raft.server.log.use.memory = false (default)
2024-12-14 12:26:03,347 INFO  server.RaftServerConfigKeys (ConfUtils.java:logGet(46)) - raft.server.log.purge.gap = 1024 (default)
2024-12-14 12:26:03,347 INFO  server.RaftServerConfigKeys (ConfUtils.java:logGet(46)) - raft.server.log.appender.buffer.byte-limit = 4MB (=4194304) (default)
2024-12-14 12:26:03,347 INFO  server.RaftServerConfigKeys (ConfUtils.java:logGet(46)) - raft.server.log.statemachine.data.read.timeout = 1000ms (default)
2024-12-14 12:26:03,347 INFO  server.RaftServerConfigKeys (ConfUtils.java:logGet(46)) - raft.server.log.purge.preservation.log.num = 0 (default)
2024-12-14 12:26:03,347 INFO  server.RaftServerConfigKeys (ConfUtils.java:logGet(46)) - raft.server.log.segment.size.max = 32MB (=33554432) (default)
2024-12-14 12:26:03,347 INFO  server.RaftServerConfigKeys (ConfUtils.java:logGet(46)) - raft.server.log.segment.cache.num.max = 6 (default)
2024-12-14 12:26:03,347 INFO  server.RaftServerConfigKeys (ConfUtils.java:logGet(46)) - raft.server.log.segment.cache.size.max = 200MB (=209715200) (default)
2024-12-14 12:26:03,347 INFO  server.RaftServerConfigKeys (ConfUtils.java:logGet(46)) - raft.server.log.appender.buffer.byte-limit = 4MB (=4194304) (default)
2024-12-14 12:26:03,347 INFO  util.AwaitToRun (AwaitToRun.java:start(81)) - Thread[s14@group-A9C62F8E94D0-cacheEviction-AwaitToRun,5,main] started
2024-12-14 12:26:03,347 INFO  segmented.SegmentedRaftLogWorker (SegmentedRaftLogWorker.java:<init>(189)) - new s14@group-A9C62F8E94D0-SegmentedRaftLogWorker for RaftStorageImpl:Storage Directory /home/runner/work/ratis/ratis/ratis-examples/target/test/data/da5193cb/MiniRaftClusterWithNetty71855ece/s14/61d79bd1-1749-4ece-bd8b-a9c62f8e94d0
2024-12-14 12:26:03,347 INFO  server.RaftServerConfigKeys (ConfUtils.java:logGet(46)) - raft.server.log.queue.byte-limit = 64MB (=67108864) (default)
2024-12-14 12:26:03,347 INFO  server.RaftServerConfigKeys (ConfUtils.java:logGet(46)) - raft.server.log.queue.element-limit = 4096 (default)
2024-12-14 12:26:03,347 INFO  server.RaftServerConfigKeys (ConfUtils.java:logGet(46)) - raft.server.log.segment.size.max = 32MB (=33554432) (default)
2024-12-14 12:26:03,347 INFO  server.RaftServerConfigKeys (ConfUtils.java:logGet(46)) - raft.server.log.preallocated.size = 4MB (=4194304) (default)
2024-12-14 12:26:03,348 INFO  server.RaftServerConfigKeys (ConfUtils.java:logGet(46)) - raft.server.log.force.sync.num = 128 (default)
2024-12-14 12:26:03,348 INFO  server.RaftServerConfigKeys (ConfUtils.java:logGet(46)) - raft.server.log.statemachine.data.sync = true (default)
2024-12-14 12:26:03,348 INFO  server.RaftServerConfigKeys (ConfUtils.java:logGet(46)) - raft.server.log.statemachine.data.sync.timeout = 10s (default)
2024-12-14 12:26:03,348 INFO  server.RaftServerConfigKeys (ConfUtils.java:logGet(46)) - raft.server.log.statemachine.data.sync.timeout.retry = -1 (default)
2024-12-14 12:26:03,348 INFO  server.RaftServerConfigKeys (ConfUtils.java:logGet(46)) - raft.server.log.write.buffer.size = 8MB (=8388608) (default)
2024-12-14 12:26:03,349 INFO  server.RaftServerConfigKeys (ConfUtils.java:logGet(46)) - raft.server.log.appender.buffer.byte-limit = 4MB (=4194304) (default)
2024-12-14 12:26:03,349 INFO  server.RaftServerConfigKeys (ConfUtils.java:logGet(46)) - raft.server.log.unsafe-flush.enabled = false (default)
2024-12-14 12:26:03,349 INFO  server.RaftServerConfigKeys (ConfUtils.java:logGet(46)) - raft.server.log.async-flush.enabled = false (default)
2024-12-14 12:26:03,349 INFO  server.RaftServerConfigKeys (ConfUtils.java:logGet(46)) - raft.server.log.statemachine.data.caching.enabled = false (default)
2024-12-14 12:26:03,349 INFO  segmented.SegmentedRaftLogWorker (SegmentedRaftLogWorker.java:lambda$new$0(140)) - s14@group-A9C62F8E94D0-SegmentedRaftLogWorker: flushIndex: setUnconditionally 0 -> -1
2024-12-14 12:26:03,350 INFO  segmented.SegmentedRaftLogWorker (SegmentedRaftLogWorker.java:lambda$new$0(140)) - s14@group-A9C62F8E94D0-SegmentedRaftLogWorker: safeCacheEvictIndex: setUnconditionally 0 -> -1
2024-12-14 12:26:03,350 INFO  server.RaftServer$Division (RaftServerImpl.java:start(392)) - s14@group-A9C62F8E94D0: start as a follower, conf=conf: {index: -1, cur=peers:[s3|0.0.0.0:15018, s14|0.0.0.0:15029, s2|0.0.0.0:15017]|listeners:[], old=null}
2024-12-14 12:26:03,350 INFO  server.RaftServer$Division (RaftServerImpl.java:setRole(379)) - s14@group-A9C62F8E94D0: changes role from      null to FOLLOWER at term 0 for startAsFollower
2024-12-14 12:26:03,350 INFO  impl.RoleInfo (RoleInfo.java:updateAndGet(148)) - s14: start s14@group-A9C62F8E94D0-FollowerState
2024-12-14 12:26:03,350 INFO  util.JmxRegister (JmxRegister.java:tryRegister(44)) - Successfully registered JMX Bean with object name Ratis:service=RaftServer,group=group-A9C62F8E94D0,id=s14
2024-12-14 12:26:03,350 INFO  util.JmxRegister (JmxRegister.java:register(58)) - register mxBean class org.apache.ratis.server.impl.RaftServerJmxAdapter as Ratis:service=RaftServer,group=group-A9C62F8E94D0,id=s14
2024-12-14 12:26:03,350 INFO  server.RaftServerConfigKeys (ConfUtils.java:logFallback(53)) - raft.server.rpc.first-election.timeout.min = 300ms (fallback to raft.server.rpc.timeout.min)
2024-12-14 12:26:03,350 INFO  server.RaftServerConfigKeys (ConfUtils.java:logGet(46)) - raft.server.snapshot.trigger-when-stop.enabled = true (default)
2024-12-14 12:26:03,350 INFO  server.RaftServerConfigKeys (ConfUtils.java:logGet(46)) - raft.server.snapshot.trigger-when-remove.enabled = true (default)
2024-12-14 12:26:03,350 INFO  server.RaftServerConfigKeys (ConfUtils.java:logGet(46)) - raft.server.snapshot.auto.trigger.enabled = false (default)
2024-12-14 12:26:03,350 INFO  server.RaftServerConfigKeys (ConfUtils.java:logGet(46)) - raft.server.snapshot.retention.file.num = -1 (default)
2024-12-14 12:26:03,351 INFO  server.RaftServerConfigKeys (ConfUtils.java:logGet(46)) - raft.server.log.purge.upto.snapshot.index = false (default)
2024-12-14 12:26:03,350 INFO  server.RaftServerConfigKeys (ConfUtils.java:logFallback(53)) - raft.server.rpc.first-election.timeout.max = 600ms (fallback to raft.server.rpc.timeout.max)
2024-12-14 12:26:03,351 INFO  server.RaftServer$Division (RaftServerImpl.java:start(406)) - s14@group-A9C62F8E94D0: Successfully started.
2024-12-14 12:26:03,365 INFO  netty.NettyUtils (NettyUtils.java:newEventLoopGroup(74)) - Create EpollEventLoopGroup for client-A56DE0FFE1D4; Thread size is 0.
2024-12-14 12:26:03,369 INFO  logging.LoggingHandler (AbstractInternalLogger.java:log(148)) - [id: 0x959ca32c, L:/0.0.0.0:15017] READ: [id: 0x7c107d19, L:/127.0.0.1:15017 - R:/127.0.0.1:33840]
2024-12-14 12:26:03,370 INFO  logging.LoggingHandler (AbstractInternalLogger.java:log(148)) - [id: 0x959ca32c, L:/0.0.0.0:15017] READ COMPLETE
2024-12-14 12:26:03,371 INFO  server.RaftServer$Division (RaftServerImpl.java:<init>(256)) - s2: new RaftServerImpl for group-A9C62F8E94D0:[s3|0.0.0.0:15018, s14|0.0.0.0:15029, s2|0.0.0.0:15017] with ArithmeticStateMachine:uninitialized
2024-12-14 12:26:03,371 INFO  server.RaftServerConfigKeys (ConfUtils.java:logGet(46)) - raft.server.rpc.timeout.min = 300ms (custom)
2024-12-14 12:26:03,371 INFO  server.RaftServerConfigKeys (ConfUtils.java:logGet(46)) - raft.server.rpc.timeout.max = 600ms (custom)
2024-12-14 12:26:03,371 INFO  server.RaftServerConfigKeys (ConfUtils.java:logGet(46)) - raft.server.rpc.sleep.time = 25ms (default)
2024-12-14 12:26:03,371 INFO  server.RaftServerConfigKeys (ConfUtils.java:logGet(46)) - raft.server.rpc.slowness.timeout = 60s (default)
2024-12-14 12:26:03,371 INFO  server.RaftServerConfigKeys (ConfUtils.java:logGet(46)) - raft.server.leaderelection.leader.step-down.wait-time = 10s (default)
2024-12-14 12:26:03,371 INFO  server.RaftServerConfigKeys (ConfUtils.java:logGet(46)) - raft.server.leaderelection.member.majority-add = false (default)
2024-12-14 12:26:03,371 INFO  server.RaftServerConfigKeys (ConfUtils.java:logGet(46)) - raft.server.sleep.deviation.threshold = 300ms (default)
2024-12-14 12:26:03,371 INFO  server.RaftServer$Division (ServerState.java:<init>(114)) - s2@group-A9C62F8E94D0: ConfigurationManager, init=conf: {index: -1, cur=peers:[s3|0.0.0.0:15018, s14|0.0.0.0:15029, s2|0.0.0.0:15017]|listeners:[], old=null}, confs=<EMPTY_MAP>
2024-12-14 12:26:03,371 INFO  server.RaftServerConfigKeys (ConfUtils.java:logGet(46)) - raft.server.notification.no-leader.timeout = 60s (default)
2024-12-14 12:26:03,371 INFO  server.RaftServerConfigKeys (ConfUtils.java:logGet(46)) - raft.server.read.timeout = 10s (default)
2024-12-14 12:26:03,371 INFO  server.RaftServerConfigKeys (ConfUtils.java:logGet(46)) - raft.server.retrycache.expirytime = 60s (default)
2024-12-14 12:26:03,371 INFO  server.RaftServerConfigKeys (ConfUtils.java:logGet(46)) - raft.server.retrycache.statistics.expirytime = 100ms (default)
2024-12-14 12:26:03,371 INFO  server.RaftServerConfigKeys (ConfUtils.java:logGet(46)) - raft.server.read.option = DEFAULT (default)
2024-12-14 12:26:03,371 INFO  server.RaftServerConfigKeys (ConfUtils.java:logGet(46)) - raft.server.read.read-after-write-consistent.write-index-cache.expiry-time = 60s (default)
2024-12-14 12:26:03,372 INFO  server.RaftServerConfigKeys (ConfUtils.java:logGet(46)) - raft.server.rpc.request.timeout = 3000ms (default)
2024-12-14 12:26:03,372 INFO  server.RaftServerConfigKeys (ConfUtils.java:logGet(46)) - raft.server.log.appender.install.snapshot.enabled = true (default)
2024-12-14 12:26:03,372 INFO  server.RaftServerConfigKeys (ConfUtils.java:logGet(46)) - raft.server.threadpool.server.cached = true (default)
2024-12-14 12:26:03,372 INFO  server.RaftServerConfigKeys (ConfUtils.java:logGet(46)) - raft.server.threadpool.server.size = 0 (default)
2024-12-14 12:26:03,372 INFO  server.RaftServerConfigKeys (ConfUtils.java:logGet(46)) - raft.server.threadpool.client.cached = true (default)
2024-12-14 12:26:03,372 INFO  server.RaftServerConfigKeys (ConfUtils.java:logGet(46)) - raft.server.threadpool.client.size = 0 (default)
2024-12-14 12:26:03,372 INFO  server.RaftServer (RaftServerProxy.java:addNew(101)) - s2: addNew group-A9C62F8E94D0:[s3|0.0.0.0:15018, s14|0.0.0.0:15029, s2|0.0.0.0:15017] returns      null s2@group-A9C62F8E94D0:t0, leader=null, voted=null, raftlog=UNINITIALIZED, conf=conf: {index: -1, cur=peers:[s3|0.0.0.0:15018, s14|0.0.0.0:15029, s2|0.0.0.0:15017]|listeners:[], old=null} NEW
2024-12-14 12:26:03,372 INFO  server.RaftServerConfigKeys (ConfUtils.java:logGet(46)) - raft.server.storage.free-space.min = 0MB (=0) (default)
2024-12-14 12:26:03,372 INFO  server.RaftServerConfigKeys (ConfUtils.java:logGet(46)) - raft.server.log.corruption.policy = EXCEPTION (default)
2024-12-14 12:26:03,372 INFO  server.RaftServerConfigKeys (ConfUtils.java:logGet(46)) - raft.server.storage.dir = [/home/runner/work/ratis/ratis/ratis-examples/target/test/data/da5193cb/MiniRaftClusterWithNetty71855ece/s2] (custom)
2024-12-14 12:26:03,373 INFO  storage.RaftStorageDirectory (RaftStorageDirectoryImpl.java:analyzeStorage(138)) - The storage directory /home/runner/work/ratis/ratis/ratis-examples/target/test/data/da5193cb/MiniRaftClusterWithNetty71855ece/s2/61d79bd1-1749-4ece-bd8b-a9c62f8e94d0 does not exist. Creating ...
2024-12-14 12:26:03,373 TRACE util.FileUtils (LogUtils.java:runAndLog(49)) - Successfully ran Files.createDirectories /home/runner/work/ratis/ratis/ratis-examples/target/test/data/da5193cb/MiniRaftClusterWithNetty71855ece/s2/61d79bd1-1749-4ece-bd8b-a9c62f8e94d0
2024-12-14 12:26:03,374 INFO  storage.RaftStorageDirectory (RaftStorageDirectoryImpl.java:tryLock(229)) - Lock on /home/runner/work/ratis/ratis/ratis-examples/target/test/data/da5193cb/MiniRaftClusterWithNetty71855ece/s2/61d79bd1-1749-4ece-bd8b-a9c62f8e94d0/in_use.lock acquired by nodename 14700@fv-az733-880
2024-12-14 12:26:03,374 TRACE util.FileUtils (LogUtils.java:runAndLog(49)) - Successfully ran Files.createDirectories /home/runner/work/ratis/ratis/ratis-examples/target/test/data/da5193cb/MiniRaftClusterWithNetty71855ece/s2/61d79bd1-1749-4ece-bd8b-a9c62f8e94d0/current
2024-12-14 12:26:03,374 TRACE util.FileUtils (LogUtils.java:runAndLog(49)) - Successfully ran Files.createDirectories /home/runner/work/ratis/ratis/ratis-examples/target/test/data/da5193cb/MiniRaftClusterWithNetty71855ece/s2/61d79bd1-1749-4ece-bd8b-a9c62f8e94d0/sm
2024-12-14 12:26:03,374 TRACE util.FileUtils (LogUtils.java:supplyAndLog(69)) - Successfully supplied FileChannel.open /home/runner/work/ratis/ratis/ratis-examples/target/test/data/da5193cb/MiniRaftClusterWithNetty71855ece/s2/61d79bd1-1749-4ece-bd8b-a9c62f8e94d0/current/raft-meta.tmp with options [CREATE, WRITE]: sun.nio.ch.FileChannelImpl@25f24a28
2024-12-14 12:26:03,375 TRACE util.FileUtils (LogUtils.java:runAndLog(49)) - Successfully ran Atomic Files.move /home/runner/work/ratis/ratis/ratis-examples/target/test/data/da5193cb/MiniRaftClusterWithNetty71855ece/s2/61d79bd1-1749-4ece-bd8b-a9c62f8e94d0/current/raft-meta.tmp to /home/runner/work/ratis/ratis/ratis-examples/target/test/data/da5193cb/MiniRaftClusterWithNetty71855ece/s2/61d79bd1-1749-4ece-bd8b-a9c62f8e94d0/current/raft-meta with options [REPLACE_EXISTING]
2024-12-14 12:26:03,375 INFO  storage.RaftStorage (RaftStorageImpl.java:format(98)) - Storage directory /home/runner/work/ratis/ratis/ratis-examples/target/test/data/da5193cb/MiniRaftClusterWithNetty71855ece/s2/61d79bd1-1749-4ece-bd8b-a9c62f8e94d0 has been successfully formatted.
2024-12-14 12:26:03,375 WARN  statemachine.StateMachine (ArithmeticStateMachine.java:loadSnapshot(115)) - The snapshot info is null.
2024-12-14 12:26:03,375 INFO  server.RaftServerConfigKeys (ConfUtils.java:logGet(46)) - raft.server.log.use.memory = false (default)
2024-12-14 12:26:03,376 INFO  server.RaftServerConfigKeys (ConfUtils.java:logGet(46)) - raft.server.log.purge.gap = 1024 (default)
2024-12-14 12:26:03,376 INFO  server.RaftServerConfigKeys (ConfUtils.java:logGet(46)) - raft.server.log.appender.buffer.byte-limit = 4MB (=4194304) (default)
2024-12-14 12:26:03,376 INFO  server.RaftServerConfigKeys (ConfUtils.java:logGet(46)) - raft.server.log.statemachine.data.read.timeout = 1000ms (default)
2024-12-14 12:26:03,376 INFO  server.RaftServerConfigKeys (ConfUtils.java:logGet(46)) - raft.server.log.purge.preservation.log.num = 0 (default)
2024-12-14 12:26:03,376 INFO  server.RaftServerConfigKeys (ConfUtils.java:logGet(46)) - raft.server.log.segment.size.max = 32MB (=33554432) (default)
2024-12-14 12:26:03,376 INFO  server.RaftServerConfigKeys (ConfUtils.java:logGet(46)) - raft.server.log.segment.cache.num.max = 6 (default)
2024-12-14 12:26:03,376 INFO  server.RaftServerConfigKeys (ConfUtils.java:logGet(46)) - raft.server.log.segment.cache.size.max = 200MB (=209715200) (default)
2024-12-14 12:26:03,376 INFO  server.RaftServerConfigKeys (ConfUtils.java:logGet(46)) - raft.server.log.appender.buffer.byte-limit = 4MB (=4194304) (default)
2024-12-14 12:26:03,376 INFO  util.AwaitToRun (AwaitToRun.java:start(81)) - Thread[s2@group-A9C62F8E94D0-cacheEviction-AwaitToRun,5,main] started
2024-12-14 12:26:03,376 INFO  segmented.SegmentedRaftLogWorker (SegmentedRaftLogWorker.java:<init>(189)) - new s2@group-A9C62F8E94D0-SegmentedRaftLogWorker for RaftStorageImpl:Storage Directory /home/runner/work/ratis/ratis/ratis-examples/target/test/data/da5193cb/MiniRaftClusterWithNetty71855ece/s2/61d79bd1-1749-4ece-bd8b-a9c62f8e94d0
2024-12-14 12:26:03,377 INFO  server.RaftServerConfigKeys (ConfUtils.java:logGet(46)) - raft.server.log.queue.byte-limit = 64MB (=67108864) (default)
2024-12-14 12:26:03,377 INFO  server.RaftServerConfigKeys (ConfUtils.java:logGet(46)) - raft.server.log.queue.element-limit = 4096 (default)
2024-12-14 12:26:03,377 INFO  server.RaftServerConfigKeys (ConfUtils.java:logGet(46)) - raft.server.log.segment.size.max = 32MB (=33554432) (default)
2024-12-14 12:26:03,377 INFO  server.RaftServerConfigKeys (ConfUtils.java:logGet(46)) - raft.server.log.preallocated.size = 4MB (=4194304) (default)
2024-12-14 12:26:03,377 INFO  server.RaftServerConfigKeys (ConfUtils.java:logGet(46)) - raft.server.log.force.sync.num = 128 (default)
2024-12-14 12:26:03,377 INFO  server.RaftServerConfigKeys (ConfUtils.java:logGet(46)) - raft.server.log.statemachine.data.sync = true (default)
2024-12-14 12:26:03,377 INFO  server.RaftServerConfigKeys (ConfUtils.java:logGet(46)) - raft.server.log.statemachine.data.sync.timeout = 10s (default)
2024-12-14 12:26:03,377 INFO  server.RaftServerConfigKeys (ConfUtils.java:logGet(46)) - raft.server.log.statemachine.data.sync.timeout.retry = -1 (default)
2024-12-14 12:26:03,377 INFO  server.RaftServerConfigKeys (ConfUtils.java:logGet(46)) - raft.server.log.write.buffer.size = 8MB (=8388608) (default)
2024-12-14 12:26:03,379 INFO  server.RaftServerConfigKeys (ConfUtils.java:logGet(46)) - raft.server.log.appender.buffer.byte-limit = 4MB (=4194304) (default)
2024-12-14 12:26:03,379 INFO  server.RaftServerConfigKeys (ConfUtils.java:logGet(46)) - raft.server.log.unsafe-flush.enabled = false (default)
2024-12-14 12:26:03,379 INFO  server.RaftServerConfigKeys (ConfUtils.java:logGet(46)) - raft.server.log.async-flush.enabled = false (default)
2024-12-14 12:26:03,379 INFO  server.RaftServerConfigKeys (ConfUtils.java:logGet(46)) - raft.server.log.statemachine.data.caching.enabled = false (default)
2024-12-14 12:26:03,379 INFO  segmented.SegmentedRaftLogWorker (SegmentedRaftLogWorker.java:lambda$new$0(140)) - s2@group-A9C62F8E94D0-SegmentedRaftLogWorker: flushIndex: setUnconditionally 0 -> -1
2024-12-14 12:26:03,379 INFO  segmented.SegmentedRaftLogWorker (SegmentedRaftLogWorker.java:lambda$new$0(140)) - s2@group-A9C62F8E94D0-SegmentedRaftLogWorker: safeCacheEvictIndex: setUnconditionally 0 -> -1
2024-12-14 12:26:03,380 INFO  server.RaftServer$Division (RaftServerImpl.java:start(392)) - s2@group-A9C62F8E94D0: start as a follower, conf=conf: {index: -1, cur=peers:[s3|0.0.0.0:15018, s14|0.0.0.0:15029, s2|0.0.0.0:15017]|listeners:[], old=null}
2024-12-14 12:26:03,380 INFO  server.RaftServer$Division (RaftServerImpl.java:setRole(379)) - s2@group-A9C62F8E94D0: changes role from      null to FOLLOWER at term 0 for startAsFollower
2024-12-14 12:26:03,380 INFO  impl.RoleInfo (RoleInfo.java:updateAndGet(148)) - s2: start s2@group-A9C62F8E94D0-FollowerState
2024-12-14 12:26:03,380 INFO  util.JmxRegister (JmxRegister.java:tryRegister(44)) - Successfully registered JMX Bean with object name Ratis:service=RaftServer,group=group-A9C62F8E94D0,id=s2
2024-12-14 12:26:03,380 INFO  util.JmxRegister (JmxRegister.java:register(58)) - register mxBean class org.apache.ratis.server.impl.RaftServerJmxAdapter as Ratis:service=RaftServer,group=group-A9C62F8E94D0,id=s2
2024-12-14 12:26:03,380 INFO  server.RaftServerConfigKeys (ConfUtils.java:logGet(46)) - raft.server.snapshot.trigger-when-stop.enabled = true (default)
2024-12-14 12:26:03,380 INFO  server.RaftServerConfigKeys (ConfUtils.java:logGet(46)) - raft.server.snapshot.trigger-when-remove.enabled = true (default)
2024-12-14 12:26:03,380 INFO  server.RaftServerConfigKeys (ConfUtils.java:logGet(46)) - raft.server.snapshot.auto.trigger.enabled = false (default)
2024-12-14 12:26:03,380 INFO  server.RaftServerConfigKeys (ConfUtils.java:logGet(46)) - raft.server.snapshot.retention.file.num = -1 (default)
2024-12-14 12:26:03,380 INFO  server.RaftServerConfigKeys (ConfUtils.java:logGet(46)) - raft.server.log.purge.upto.snapshot.index = false (default)
2024-12-14 12:26:03,380 INFO  server.RaftServerConfigKeys (ConfUtils.java:logFallback(53)) - raft.server.rpc.first-election.timeout.min = 300ms (fallback to raft.server.rpc.timeout.min)
2024-12-14 12:26:03,381 INFO  server.RaftServerConfigKeys (ConfUtils.java:logFallback(53)) - raft.server.rpc.first-election.timeout.max = 600ms (fallback to raft.server.rpc.timeout.max)
2024-12-14 12:26:03,388 INFO  server.RaftServer$Division (RaftServerImpl.java:start(406)) - s2@group-A9C62F8E94D0: Successfully started.
2024-12-14 12:26:03,394 INFO  netty.NettyUtils (NettyUtils.java:newEventLoopGroup(74)) - Create EpollEventLoopGroup for client-8C7FF123F381; Thread size is 0.
2024-12-14 12:26:03,396 INFO  logging.LoggingHandler (AbstractInternalLogger.java:log(148)) - [id: 0xdb003562, L:/0.0.0.0:15018] READ: [id: 0xf0a11d36, L:/127.0.0.1:15018 - R:/127.0.0.1:60200]
2024-12-14 12:26:03,396 INFO  logging.LoggingHandler (AbstractInternalLogger.java:log(148)) - [id: 0xdb003562, L:/0.0.0.0:15018] READ COMPLETE
2024-12-14 12:26:03,397 INFO  server.RaftServer (RaftServerProxy.java:addNew(101)) - s3: addNew group-A9C62F8E94D0:[s3|0.0.0.0:15018, s14|0.0.0.0:15029, s2|0.0.0.0:15017] returns group-A9C62F8E94D0:java.util.concurrent.CompletableFuture@934c8b3[Not completed]
2024-12-14 12:26:03,397 INFO  server.RaftServer$Division (RaftServerImpl.java:<init>(256)) - s3: new RaftServerImpl for group-A9C62F8E94D0:[s3|0.0.0.0:15018, s14|0.0.0.0:15029, s2|0.0.0.0:15017] with ArithmeticStateMachine:uninitialized
2024-12-14 12:26:03,398 INFO  server.RaftServerConfigKeys (ConfUtils.java:logGet(46)) - raft.server.rpc.timeout.min = 300ms (custom)
2024-12-14 12:26:03,398 INFO  server.RaftServerConfigKeys (ConfUtils.java:logGet(46)) - raft.server.rpc.timeout.max = 600ms (custom)
2024-12-14 12:26:03,398 INFO  server.RaftServerConfigKeys (ConfUtils.java:logGet(46)) - raft.server.rpc.sleep.time = 25ms (default)
2024-12-14 12:26:03,398 INFO  server.RaftServerConfigKeys (ConfUtils.java:logGet(46)) - raft.server.rpc.slowness.timeout = 60s (default)
2024-12-14 12:26:03,398 INFO  server.RaftServerConfigKeys (ConfUtils.java:logGet(46)) - raft.server.leaderelection.leader.step-down.wait-time = 10s (default)
2024-12-14 12:26:03,398 INFO  server.RaftServerConfigKeys (ConfUtils.java:logGet(46)) - raft.server.leaderelection.member.majority-add = false (default)
2024-12-14 12:26:03,398 INFO  server.RaftServerConfigKeys (ConfUtils.java:logGet(46)) - raft.server.sleep.deviation.threshold = 300ms (default)
2024-12-14 12:26:03,398 INFO  server.RaftServer$Division (ServerState.java:<init>(114)) - s3@group-A9C62F8E94D0: ConfigurationManager, init=conf: {index: -1, cur=peers:[s3|0.0.0.0:15018, s14|0.0.0.0:15029, s2|0.0.0.0:15017]|listeners:[], old=null}, confs=<EMPTY_MAP>
2024-12-14 12:26:03,398 INFO  server.RaftServerConfigKeys (ConfUtils.java:logGet(46)) - raft.server.notification.no-leader.timeout = 60s (default)
2024-12-14 12:26:03,398 INFO  server.RaftServerConfigKeys (ConfUtils.java:logGet(46)) - raft.server.read.timeout = 10s (default)
2024-12-14 12:26:03,398 INFO  server.RaftServerConfigKeys (ConfUtils.java:logGet(46)) - raft.server.retrycache.expirytime = 60s (default)
2024-12-14 12:26:03,398 INFO  server.RaftServerConfigKeys (ConfUtils.java:logGet(46)) - raft.server.retrycache.statistics.expirytime = 100ms (default)
2024-12-14 12:26:03,398 INFO  server.RaftServerConfigKeys (ConfUtils.java:logGet(46)) - raft.server.read.option = DEFAULT (default)
2024-12-14 12:26:03,398 INFO  server.RaftServerConfigKeys (ConfUtils.java:logGet(46)) - raft.server.read.read-after-write-consistent.write-index-cache.expiry-time = 60s (default)
2024-12-14 12:26:03,399 INFO  server.RaftServerConfigKeys (ConfUtils.java:logGet(46)) - raft.server.rpc.request.timeout = 3000ms (default)
2024-12-14 12:26:03,399 INFO  server.RaftServerConfigKeys (ConfUtils.java:logGet(46)) - raft.server.log.appender.install.snapshot.enabled = true (default)
2024-12-14 12:26:03,399 INFO  server.RaftServerConfigKeys (ConfUtils.java:logGet(46)) - raft.server.threadpool.server.cached = true (default)
2024-12-14 12:26:03,399 INFO  server.RaftServerConfigKeys (ConfUtils.java:logGet(46)) - raft.server.threadpool.server.size = 0 (default)
2024-12-14 12:26:03,399 INFO  server.RaftServerConfigKeys (ConfUtils.java:logGet(46)) - raft.server.threadpool.client.cached = true (default)
2024-12-14 12:26:03,399 INFO  server.RaftServerConfigKeys (ConfUtils.java:logGet(46)) - raft.server.threadpool.client.size = 0 (default)
2024-12-14 12:26:03,399 INFO  server.RaftServerConfigKeys (ConfUtils.java:logGet(46)) - raft.server.storage.free-space.min = 0MB (=0) (default)
2024-12-14 12:26:03,399 INFO  server.RaftServerConfigKeys (ConfUtils.java:logGet(46)) - raft.server.log.corruption.policy = EXCEPTION (default)
2024-12-14 12:26:03,399 INFO  server.RaftServerConfigKeys (ConfUtils.java:logGet(46)) - raft.server.storage.dir = [/home/runner/work/ratis/ratis/ratis-examples/target/test/data/da5193cb/MiniRaftClusterWithNetty71855ece/s3] (custom)
2024-12-14 12:26:03,400 INFO  storage.RaftStorageDirectory (RaftStorageDirectoryImpl.java:analyzeStorage(138)) - The storage directory /home/runner/work/ratis/ratis/ratis-examples/target/test/data/da5193cb/MiniRaftClusterWithNetty71855ece/s3/61d79bd1-1749-4ece-bd8b-a9c62f8e94d0 does not exist. Creating ...
2024-12-14 12:26:03,400 TRACE util.FileUtils (LogUtils.java:runAndLog(49)) - Successfully ran Files.createDirectories /home/runner/work/ratis/ratis/ratis-examples/target/test/data/da5193cb/MiniRaftClusterWithNetty71855ece/s3/61d79bd1-1749-4ece-bd8b-a9c62f8e94d0
2024-12-14 12:26:03,401 INFO  storage.RaftStorageDirectory (RaftStorageDirectoryImpl.java:tryLock(229)) - Lock on /home/runner/work/ratis/ratis/ratis-examples/target/test/data/da5193cb/MiniRaftClusterWithNetty71855ece/s3/61d79bd1-1749-4ece-bd8b-a9c62f8e94d0/in_use.lock acquired by nodename 14700@fv-az733-880
2024-12-14 12:26:03,401 TRACE util.FileUtils (LogUtils.java:runAndLog(49)) - Successfully ran Files.createDirectories /home/runner/work/ratis/ratis/ratis-examples/target/test/data/da5193cb/MiniRaftClusterWithNetty71855ece/s3/61d79bd1-1749-4ece-bd8b-a9c62f8e94d0/current
2024-12-14 12:26:03,401 TRACE util.FileUtils (LogUtils.java:runAndLog(49)) - Successfully ran Files.createDirectories /home/runner/work/ratis/ratis/ratis-examples/target/test/data/da5193cb/MiniRaftClusterWithNetty71855ece/s3/61d79bd1-1749-4ece-bd8b-a9c62f8e94d0/sm
2024-12-14 12:26:03,401 TRACE util.FileUtils (LogUtils.java:supplyAndLog(69)) - Successfully supplied FileChannel.open /home/runner/work/ratis/ratis/ratis-examples/target/test/data/da5193cb/MiniRaftClusterWithNetty71855ece/s3/61d79bd1-1749-4ece-bd8b-a9c62f8e94d0/current/raft-meta.tmp with options [CREATE, WRITE]: sun.nio.ch.FileChannelImpl@7cce0c5d
2024-12-14 12:26:03,402 TRACE util.FileUtils (LogUtils.java:runAndLog(49)) - Successfully ran Atomic Files.move /home/runner/work/ratis/ratis/ratis-examples/target/test/data/da5193cb/MiniRaftClusterWithNetty71855ece/s3/61d79bd1-1749-4ece-bd8b-a9c62f8e94d0/current/raft-meta.tmp to /home/runner/work/ratis/ratis/ratis-examples/target/test/data/da5193cb/MiniRaftClusterWithNetty71855ece/s3/61d79bd1-1749-4ece-bd8b-a9c62f8e94d0/current/raft-meta with options [REPLACE_EXISTING]
2024-12-14 12:26:03,402 INFO  storage.RaftStorage (RaftStorageImpl.java:format(98)) - Storage directory /home/runner/work/ratis/ratis/ratis-examples/target/test/data/da5193cb/MiniRaftClusterWithNetty71855ece/s3/61d79bd1-1749-4ece-bd8b-a9c62f8e94d0 has been successfully formatted.
2024-12-14 12:26:03,402 WARN  statemachine.StateMachine (ArithmeticStateMachine.java:loadSnapshot(115)) - The snapshot info is null.
2024-12-14 12:26:03,402 INFO  server.RaftServerConfigKeys (ConfUtils.java:logGet(46)) - raft.server.log.use.memory = false (default)
2024-12-14 12:26:03,402 INFO  server.RaftServerConfigKeys (ConfUtils.java:logGet(46)) - raft.server.log.purge.gap = 1024 (default)
2024-12-14 12:26:03,403 INFO  server.RaftServerConfigKeys (ConfUtils.java:logGet(46)) - raft.server.log.appender.buffer.byte-limit = 4MB (=4194304) (default)
2024-12-14 12:26:03,403 INFO  server.RaftServerConfigKeys (ConfUtils.java:logGet(46)) - raft.server.log.statemachine.data.read.timeout = 1000ms (default)
2024-12-14 12:26:03,403 INFO  server.RaftServerConfigKeys (ConfUtils.java:logGet(46)) - raft.server.log.purge.preservation.log.num = 0 (default)
2024-12-14 12:26:03,403 INFO  server.RaftServerConfigKeys (ConfUtils.java:logGet(46)) - raft.server.log.segment.size.max = 32MB (=33554432) (default)
2024-12-14 12:26:03,403 INFO  server.RaftServerConfigKeys (ConfUtils.java:logGet(46)) - raft.server.log.segment.cache.num.max = 6 (default)
2024-12-14 12:26:03,403 INFO  server.RaftServerConfigKeys (ConfUtils.java:logGet(46)) - raft.server.log.segment.cache.size.max = 200MB (=209715200) (default)
2024-12-14 12:26:03,403 INFO  server.RaftServerConfigKeys (ConfUtils.java:logGet(46)) - raft.server.log.appender.buffer.byte-limit = 4MB (=4194304) (default)
2024-12-14 12:26:03,403 INFO  util.AwaitToRun (AwaitToRun.java:start(81)) - Thread[s3@group-A9C62F8E94D0-cacheEviction-AwaitToRun,5,main] started
2024-12-14 12:26:03,403 INFO  segmented.SegmentedRaftLogWorker (SegmentedRaftLogWorker.java:<init>(189)) - new s3@group-A9C62F8E94D0-SegmentedRaftLogWorker for RaftStorageImpl:Storage Directory /home/runner/work/ratis/ratis/ratis-examples/target/test/data/da5193cb/MiniRaftClusterWithNetty71855ece/s3/61d79bd1-1749-4ece-bd8b-a9c62f8e94d0
2024-12-14 12:26:03,403 INFO  server.RaftServerConfigKeys (ConfUtils.java:logGet(46)) - raft.server.log.queue.byte-limit = 64MB (=67108864) (default)
2024-12-14 12:26:03,403 INFO  server.RaftServerConfigKeys (ConfUtils.java:logGet(46)) - raft.server.log.queue.element-limit = 4096 (default)
2024-12-14 12:26:03,403 INFO  server.RaftServerConfigKeys (ConfUtils.java:logGet(46)) - raft.server.log.segment.size.max = 32MB (=33554432) (default)
2024-12-14 12:26:03,404 INFO  server.RaftServerConfigKeys (ConfUtils.java:logGet(46)) - raft.server.log.preallocated.size = 4MB (=4194304) (default)
2024-12-14 12:26:03,404 INFO  server.RaftServerConfigKeys (ConfUtils.java:logGet(46)) - raft.server.log.force.sync.num = 128 (default)
2024-12-14 12:26:03,404 INFO  server.RaftServerConfigKeys (ConfUtils.java:logGet(46)) - raft.server.log.statemachine.data.sync = true (default)
2024-12-14 12:26:03,404 INFO  server.RaftServerConfigKeys (ConfUtils.java:logGet(46)) - raft.server.log.statemachine.data.sync.timeout = 10s (default)
2024-12-14 12:26:03,404 INFO  server.RaftServerConfigKeys (ConfUtils.java:logGet(46)) - raft.server.log.statemachine.data.sync.timeout.retry = -1 (default)
2024-12-14 12:26:03,404 INFO  server.RaftServerConfigKeys (ConfUtils.java:logGet(46)) - raft.server.log.write.buffer.size = 8MB (=8388608) (default)
2024-12-14 12:26:03,405 INFO  server.RaftServerConfigKeys (ConfUtils.java:logGet(46)) - raft.server.log.appender.buffer.byte-limit = 4MB (=4194304) (default)
2024-12-14 12:26:03,405 INFO  server.RaftServerConfigKeys (ConfUtils.java:logGet(46)) - raft.server.log.unsafe-flush.enabled = false (default)
2024-12-14 12:26:03,405 INFO  server.RaftServerConfigKeys (ConfUtils.java:logGet(46)) - raft.server.log.async-flush.enabled = false (default)
2024-12-14 12:26:03,405 INFO  server.RaftServerConfigKeys (ConfUtils.java:logGet(46)) - raft.server.log.statemachine.data.caching.enabled = false (default)
2024-12-14 12:26:03,405 INFO  segmented.SegmentedRaftLogWorker (SegmentedRaftLogWorker.java:lambda$new$0(140)) - s3@group-A9C62F8E94D0-SegmentedRaftLogWorker: flushIndex: setUnconditionally 0 -> -1
2024-12-14 12:26:03,405 INFO  segmented.SegmentedRaftLogWorker (SegmentedRaftLogWorker.java:lambda$new$0(140)) - s3@group-A9C62F8E94D0-SegmentedRaftLogWorker: safeCacheEvictIndex: setUnconditionally 0 -> -1
2024-12-14 12:26:03,405 INFO  server.RaftServer$Division (RaftServerImpl.java:start(392)) - s3@group-A9C62F8E94D0: start as a follower, conf=conf: {index: -1, cur=peers:[s3|0.0.0.0:15018, s14|0.0.0.0:15029, s2|0.0.0.0:15017]|listeners:[], old=null}
2024-12-14 12:26:03,405 INFO  server.RaftServer$Division (RaftServerImpl.java:setRole(379)) - s3@group-A9C62F8E94D0: changes role from      null to FOLLOWER at term 0 for startAsFollower
2024-12-14 12:26:03,406 INFO  impl.RoleInfo (RoleInfo.java:updateAndGet(148)) - s3: start s3@group-A9C62F8E94D0-FollowerState
2024-12-14 12:26:03,406 INFO  util.JmxRegister (JmxRegister.java:tryRegister(44)) - Successfully registered JMX Bean with object name Ratis:service=RaftServer,group=group-A9C62F8E94D0,id=s3
2024-12-14 12:26:03,406 INFO  util.JmxRegister (JmxRegister.java:register(58)) - register mxBean class org.apache.ratis.server.impl.RaftServerJmxAdapter as Ratis:service=RaftServer,group=group-A9C62F8E94D0,id=s3
2024-12-14 12:26:03,406 INFO  server.RaftServerConfigKeys (ConfUtils.java:logGet(46)) - raft.server.snapshot.trigger-when-stop.enabled = true (default)
2024-12-14 12:26:03,406 INFO  server.RaftServerConfigKeys (ConfUtils.java:logGet(46)) - raft.server.snapshot.trigger-when-remove.enabled = true (default)
2024-12-14 12:26:03,406 INFO  server.RaftServerConfigKeys (ConfUtils.java:logGet(46)) - raft.server.snapshot.auto.trigger.enabled = false (default)
2024-12-14 12:26:03,406 INFO  server.RaftServerConfigKeys (ConfUtils.java:logGet(46)) - raft.server.snapshot.retention.file.num = -1 (default)
2024-12-14 12:26:03,406 INFO  server.RaftServerConfigKeys (ConfUtils.java:logGet(46)) - raft.server.log.purge.upto.snapshot.index = false (default)
2024-12-14 12:26:03,406 INFO  server.RaftServerConfigKeys (ConfUtils.java:logFallback(53)) - raft.server.rpc.first-election.timeout.min = 300ms (fallback to raft.server.rpc.timeout.min)
2024-12-14 12:26:03,406 INFO  server.RaftServerConfigKeys (ConfUtils.java:logFallback(53)) - raft.server.rpc.first-election.timeout.max = 600ms (fallback to raft.server.rpc.timeout.max)
2024-12-14 12:26:03,406 INFO  server.RaftServer$Division (RaftServerImpl.java:start(406)) - s3@group-A9C62F8E94D0: Successfully started.
2024-12-14 12:26:03,417 INFO  server.RaftServerConfigKeys (ConfUtils.java:logGet(46)) - raft.server.rpc.timeout.max = 600ms (custom)
2024-12-14 12:26:03,417 INFO  ratis.RaftTestUtil (RaftTestUtil.java:waitForLeader(107)) - printing group-A9C62F8E94D0
  s3:  RUNNING [
   FOLLOWER s3@group-A9C62F8E94D0:t0, leader=null, voted=, raftlog=Memoized:s3@group-A9C62F8E94D0-SegmentedRaftLog:OPENED:c-1:lastnull, conf=conf: {index: -1, cur=peers:[s3|0.0.0.0:15018, s14|0.0.0.0:15029, s2|0.0.0.0:15017]|listeners:[], old=null} RUNNING
   FOLLOWER s3@group-0A0C1A18FF69:t0, leader=null, voted=, raftlog=Memoized:s3@group-0A0C1A18FF69-SegmentedRaftLog:OPENED:c-1:lastnull, conf=conf: {index: -1, cur=peers:[]|listeners:[], old=null} STARTING] size=2
  s14:  RUNNING [
   FOLLOWER s14@group-A9C62F8E94D0:t0, leader=null, voted=, raftlog=Memoized:s14@group-A9C62F8E94D0-SegmentedRaftLog:OPENED:c-1:lastnull, conf=conf: {index: -1, cur=peers:[s3|0.0.0.0:15018, s14|0.0.0.0:15029, s2|0.0.0.0:15017]|listeners:[], old=null} RUNNING
   FOLLOWER s14@group-0A0C1A18FF69:t0, leader=null, voted=, raftlog=Memoized:s14@group-0A0C1A18FF69-SegmentedRaftLog:OPENED:c-1:lastnull, conf=conf: {index: -1, cur=peers:[]|listeners:[], old=null} STARTING] size=2
  s2:  RUNNING [
   FOLLOWER s2@group-A9C62F8E94D0:t0, leader=null, voted=, raftlog=Memoized:s2@group-A9C62F8E94D0-SegmentedRaftLog:OPENED:c-1:lastnull, conf=conf: {index: -1, cur=peers:[s3|0.0.0.0:15018, s14|0.0.0.0:15029, s2|0.0.0.0:15017]|listeners:[], old=null} RUNNING
   FOLLOWER s2@group-0A0C1A18FF69:t0, leader=null, voted=, raftlog=Memoized:s2@group-0A0C1A18FF69-SegmentedRaftLog:OPENED:c-1:lastnull, conf=conf: {index: -1, cur=peers:[]|listeners:[], old=null} STARTING] size=2
2024-12-14 12:26:03,418 WARN  ratis.RaftTestUtil (RaftTestUtil.java:lambda$waitForLeader$3(126)) - Attempt #1 failed: java.lang.IllegalStateException: No leader yet  for group-A9C62F8E94D0: printing group-A9C62F8E94D0
  s3:  RUNNING [
   FOLLOWER s3@group-A9C62F8E94D0:t0, leader=null, voted=, raftlog=Memoized:s3@group-A9C62F8E94D0-SegmentedRaftLog:OPENED:c-1:lastnull, conf=conf: {index: -1, cur=peers:[s3|0.0.0.0:15018, s14|0.0.0.0:15029, s2|0.0.0.0:15017]|listeners:[], old=null} RUNNING
   FOLLOWER s3@group-0A0C1A18FF69:t0, leader=null, voted=, raftlog=Memoized:s3@group-0A0C1A18FF69-SegmentedRaftLog:OPENED:c-1:lastnull, conf=conf: {index: -1, cur=peers:[]|listeners:[], old=null} STARTING] size=2
  s14:  RUNNING [
   FOLLOWER s14@group-A9C62F8E94D0:t0, leader=null, voted=, raftlog=Memoized:s14@group-A9C62F8E94D0-SegmentedRaftLog:OPENED:c-1:lastnull, conf=conf: {index: -1, cur=peers:[s3|0.0.0.0:15018, s14|0.0.0.0:15029, s2|0.0.0.0:15017]|listeners:[], old=null} RUNNING
   FOLLOWER s14@group-0A0C1A18FF69:t0, leader=null, voted=, raftlog=Memoized:s14@group-0A0C1A18FF69-SegmentedRaftLog:OPENED:c-1:lastnull, conf=conf: {index: -1, cur=peers:[]|listeners:[], old=null} STARTING] size=2
  s2:  RUNNING [
   FOLLOWER s2@group-A9C62F8E94D0:t0, leader=null, voted=, raftlog=Memoized:s2@group-A9C62F8E94D0-SegmentedRaftLog:OPENED:c-1:lastnull, conf=conf: {index: -1, cur=peers:[s3|0.0.0.0:15018, s14|0.0.0.0:15029, s2|0.0.0.0:15017]|listeners:[], old=null} RUNNING
   FOLLOWER s2@group-0A0C1A18FF69:t0, leader=null, voted=, raftlog=Memoized:s2@group-0A0C1A18FF69-SegmentedRaftLog:OPENED:c-1:lastnull, conf=conf: {index: -1, cur=peers:[]|listeners:[], old=null} STARTING] size=2
2024-12-14 12:26:03,684 INFO  impl.FollowerState (FollowerState.java:runImpl(161)) - s14@group-A9C62F8E94D0-FollowerState: change to CANDIDATE, lastRpcElapsedTime:333912012ns, electionTimeout:333ms
2024-12-14 12:26:03,684 INFO  impl.RoleInfo (RoleInfo.java:shutdownFollowerState(121)) - s14: shutdown s14@group-A9C62F8E94D0-FollowerState
2024-12-14 12:26:03,684 INFO  server.RaftServer$Division (RaftServerImpl.java:setRole(379)) - s14@group-A9C62F8E94D0: changes role from  FOLLOWER to CANDIDATE at term 0 for changeToCandidate
2024-12-14 12:26:03,684 INFO  server.RaftServerConfigKeys (ConfUtils.java:logGet(46)) - raft.server.leaderelection.pre-vote = true (default)
2024-12-14 12:26:03,684 INFO  impl.RoleInfo (RoleInfo.java:updateAndGet(148)) - s14: start s14@group-A9C62F8E94D0-LeaderElection23
2024-12-14 12:26:03,685 INFO  impl.LeaderElection (LeaderElection.java:askForVotes(332)) - s14@group-A9C62F8E94D0-LeaderElection23 PRE_VOTE round 0: submit vote requests at term 0 for conf: {index: -1, cur=peers:[s3|0.0.0.0:15018, s14|0.0.0.0:15029, s2|0.0.0.0:15017]|listeners:[], old=null}
2024-12-14 12:26:03,686 INFO  server.RaftServerConfigKeys (ConfUtils.java:logFallback(53)) - raft.server.rpc.first-election.timeout.min = 300ms (fallback to raft.server.rpc.timeout.min)
2024-12-14 12:26:03,686 INFO  server.RaftServerConfigKeys (ConfUtils.java:logFallback(53)) - raft.server.rpc.first-election.timeout.max = 600ms (fallback to raft.server.rpc.timeout.max)
2024-12-14 12:26:03,688 INFO  logging.LoggingHandler (AbstractInternalLogger.java:log(148)) - [id: 0xdb003562, L:/0.0.0.0:15018] READ: [id: 0x2a8c240f, L:/127.0.0.1:15018 - R:/127.0.0.1:60214]
2024-12-14 12:26:03,688 INFO  logging.LoggingHandler (AbstractInternalLogger.java:log(148)) - [id: 0xdb003562, L:/0.0.0.0:15018] READ COMPLETE
2024-12-14 12:26:03,688 INFO  logging.LoggingHandler (AbstractInternalLogger.java:log(148)) - [id: 0x959ca32c, L:/0.0.0.0:15017] READ: [id: 0x5e0a0692, L:/127.0.0.1:15017 - R:/127.0.0.1:33856]
2024-12-14 12:26:03,689 INFO  logging.LoggingHandler (AbstractInternalLogger.java:log(148)) - [id: 0x959ca32c, L:/0.0.0.0:15017] READ COMPLETE
2024-12-14 12:26:03,689 INFO  server.RaftServer$Division (RaftServerImpl.java:requestVote(1452)) - s2@group-A9C62F8E94D0: receive requestVote(PRE_VOTE, s14, group-A9C62F8E94D0, 0, (t:0, i:0))
2024-12-14 12:26:03,690 INFO  impl.VoteContext (VoteContext.java:log(49)) - s2@group-A9C62F8E94D0-FOLLOWER: accept PRE_VOTE from s14: our priority 0 <= candidate's priority 0
2024-12-14 12:26:03,690 INFO  server.RaftServer$Division (RaftServerImpl.java:requestVote(1486)) - s2@group-A9C62F8E94D0 replies to PRE_VOTE vote request: s14<-s2#0:OK-t0. Peer's state: s2@group-A9C62F8E94D0:t0, leader=null, voted=, raftlog=Memoized:s2@group-A9C62F8E94D0-SegmentedRaftLog:OPENED:c-1:lastnull, conf=conf: {index: -1, cur=peers:[s3|0.0.0.0:15018, s14|0.0.0.0:15029, s2|0.0.0.0:15017]|listeners:[], old=null}
2024-12-14 12:26:03,693 INFO  impl.LeaderElection (LeaderElection.java:logAndReturn(90)) - s14@group-A9C62F8E94D0-LeaderElection23: PRE_VOTE PASSED received 1 response(s) and 0 exception(s):
2024-12-14 12:26:03,693 INFO  impl.LeaderElection (LeaderElection.java:logAndReturn(94)) -   Response 0: s14<-s2#0:OK-t0
2024-12-14 12:26:03,693 INFO  impl.LeaderElection (LeaderElection.java:askForVotes(334)) - s14@group-A9C62F8E94D0-LeaderElection23 PRE_VOTE round 0: result PASSED
2024-12-14 12:26:03,693 TRACE util.FileUtils (LogUtils.java:supplyAndLog(69)) - Successfully supplied FileChannel.open /home/runner/work/ratis/ratis/ratis-examples/target/test/data/da5193cb/MiniRaftClusterWithNetty71855ece/s14/61d79bd1-1749-4ece-bd8b-a9c62f8e94d0/current/raft-meta.tmp with options [CREATE, WRITE]: sun.nio.ch.FileChannelImpl@77c85202
2024-12-14 12:26:03,693 INFO  server.RaftServer$Division (RaftServerImpl.java:requestVote(1452)) - s3@group-A9C62F8E94D0: receive requestVote(PRE_VOTE, s14, group-A9C62F8E94D0, 0, (t:0, i:0))
2024-12-14 12:26:03,694 INFO  impl.VoteContext (VoteContext.java:log(49)) - s3@group-A9C62F8E94D0-FOLLOWER: accept PRE_VOTE from s14: our priority 0 <= candidate's priority 0
2024-12-14 12:26:03,694 INFO  server.RaftServer$Division (RaftServerImpl.java:requestVote(1486)) - s3@group-A9C62F8E94D0 replies to PRE_VOTE vote request: s14<-s3#0:OK-t0. Peer's state: s3@group-A9C62F8E94D0:t0, leader=null, voted=, raftlog=Memoized:s3@group-A9C62F8E94D0-SegmentedRaftLog:OPENED:c-1:lastnull, conf=conf: {index: -1, cur=peers:[s3|0.0.0.0:15018, s14|0.0.0.0:15029, s2|0.0.0.0:15017]|listeners:[], old=null}
2024-12-14 12:26:03,694 TRACE util.FileUtils (LogUtils.java:runAndLog(49)) - Successfully ran Atomic Files.move /home/runner/work/ratis/ratis/ratis-examples/target/test/data/da5193cb/MiniRaftClusterWithNetty71855ece/s14/61d79bd1-1749-4ece-bd8b-a9c62f8e94d0/current/raft-meta.tmp to /home/runner/work/ratis/ratis/ratis-examples/target/test/data/da5193cb/MiniRaftClusterWithNetty71855ece/s14/61d79bd1-1749-4ece-bd8b-a9c62f8e94d0/current/raft-meta with options [REPLACE_EXISTING]
2024-12-14 12:26:03,695 INFO  impl.LeaderElection (LeaderElection.java:askForVotes(332)) - s14@group-A9C62F8E94D0-LeaderElection23 ELECTION round 0: submit vote requests at term 1 for conf: {index: -1, cur=peers:[s3|0.0.0.0:15018, s14|0.0.0.0:15029, s2|0.0.0.0:15017]|listeners:[], old=null}
2024-12-14 12:26:03,695 INFO  server.RaftServer$Division (RaftServerImpl.java:requestVote(1452)) - s3@group-A9C62F8E94D0: receive requestVote(ELECTION, s14, group-A9C62F8E94D0, 1, (t:0, i:0))
2024-12-14 12:26:03,695 INFO  impl.VoteContext (VoteContext.java:log(49)) - s3@group-A9C62F8E94D0-FOLLOWER: accept ELECTION from s14: our priority 0 <= candidate's priority 0
2024-12-14 12:26:03,695 INFO  server.RaftServer$Division (RaftServerImpl.java:setRole(379)) - s3@group-A9C62F8E94D0: changes role from  FOLLOWER to FOLLOWER at term 0 for candidate:s14
2024-12-14 12:26:03,695 INFO  impl.RoleInfo (RoleInfo.java:shutdownFollowerState(121)) - s3: shutdown s3@group-A9C62F8E94D0-FollowerState
2024-12-14 12:26:03,696 INFO  server.RaftServerConfigKeys (ConfUtils.java:logFallback(53)) - raft.server.rpc.first-election.timeout.min = 300ms (fallback to raft.server.rpc.timeout.min)
2024-12-14 12:26:03,696 INFO  server.RaftServerConfigKeys (ConfUtils.java:logFallback(53)) - raft.server.rpc.first-election.timeout.max = 600ms (fallback to raft.server.rpc.timeout.max)
2024-12-14 12:26:03,696 INFO  impl.RoleInfo (RoleInfo.java:updateAndGet(148)) - s3: start s3@group-A9C62F8E94D0-FollowerState
2024-12-14 12:26:03,696 INFO  server.RaftServer$Division (RaftServerImpl.java:requestVote(1452)) - s2@group-A9C62F8E94D0: receive requestVote(ELECTION, s14, group-A9C62F8E94D0, 1, (t:0, i:0))
2024-12-14 12:26:03,696 INFO  impl.FollowerState (FollowerState.java:runImpl(170)) - s3@group-A9C62F8E94D0-FollowerState was interrupted
2024-12-14 12:26:03,696 INFO  impl.VoteContext (VoteContext.java:log(49)) - s2@group-A9C62F8E94D0-FOLLOWER: accept ELECTION from s14: our priority 0 <= candidate's priority 0
2024-12-14 12:26:03,697 INFO  server.RaftServer$Division (RaftServerImpl.java:setRole(379)) - s2@group-A9C62F8E94D0: changes role from  FOLLOWER to FOLLOWER at term 0 for candidate:s14
2024-12-14 12:26:03,697 INFO  impl.RoleInfo (RoleInfo.java:shutdownFollowerState(121)) - s2: shutdown s2@group-A9C62F8E94D0-FollowerState
2024-12-14 12:26:03,697 INFO  server.RaftServer$Division (RaftServerImpl.java:setFirstElection(563)) - s3@group-A9C62F8E94D0: set firstElectionSinceStartup to false for candidate:s14
2024-12-14 12:26:03,697 INFO  impl.FollowerState (FollowerState.java:runImpl(170)) - s2@group-A9C62F8E94D0-FollowerState was interrupted
2024-12-14 12:26:03,697 TRACE util.FileUtils (LogUtils.java:supplyAndLog(69)) - Successfully supplied FileChannel.open /home/runner/work/ratis/ratis/ratis-examples/target/test/data/da5193cb/MiniRaftClusterWithNetty71855ece/s3/61d79bd1-1749-4ece-bd8b-a9c62f8e94d0/current/raft-meta.tmp with options [CREATE, WRITE]: sun.nio.ch.FileChannelImpl@46cf4385
2024-12-14 12:26:03,697 INFO  impl.RoleInfo (RoleInfo.java:updateAndGet(148)) - s2: start s2@group-A9C62F8E94D0-FollowerState
2024-12-14 12:26:03,698 INFO  server.RaftServer$Division (RaftServerImpl.java:setFirstElection(563)) - s2@group-A9C62F8E94D0: set firstElectionSinceStartup to false for candidate:s14
2024-12-14 12:26:03,698 TRACE util.FileUtils (LogUtils.java:supplyAndLog(69)) - Successfully supplied FileChannel.open /home/runner/work/ratis/ratis/ratis-examples/target/test/data/da5193cb/MiniRaftClusterWithNetty71855ece/s2/61d79bd1-1749-4ece-bd8b-a9c62f8e94d0/current/raft-meta.tmp with options [CREATE, WRITE]: sun.nio.ch.FileChannelImpl@5e8feb4a
2024-12-14 12:26:03,698 TRACE util.FileUtils (LogUtils.java:runAndLog(49)) - Successfully ran Atomic Files.move /home/runner/work/ratis/ratis/ratis-examples/target/test/data/da5193cb/MiniRaftClusterWithNetty71855ece/s3/61d79bd1-1749-4ece-bd8b-a9c62f8e94d0/current/raft-meta.tmp to /home/runner/work/ratis/ratis/ratis-examples/target/test/data/da5193cb/MiniRaftClusterWithNetty71855ece/s3/61d79bd1-1749-4ece-bd8b-a9c62f8e94d0/current/raft-meta with options [REPLACE_EXISTING]
2024-12-14 12:26:03,699 INFO  server.RaftServer$Division (RaftServerImpl.java:requestVote(1486)) - s3@group-A9C62F8E94D0 replies to ELECTION vote request: s14<-s3#0:OK-t1. Peer's state: s3@group-A9C62F8E94D0:t1, leader=null, voted=s14, raftlog=Memoized:s3@group-A9C62F8E94D0-SegmentedRaftLog:OPENED:c-1:lastnull, conf=conf: {index: -1, cur=peers:[s3|0.0.0.0:15018, s14|0.0.0.0:15029, s2|0.0.0.0:15017]|listeners:[], old=null}
2024-12-14 12:26:03,699 INFO  impl.LeaderElection (LeaderElection.java:logAndReturn(90)) - s14@group-A9C62F8E94D0-LeaderElection23: ELECTION PASSED received 1 response(s) and 0 exception(s):
2024-12-14 12:26:03,699 INFO  impl.LeaderElection (LeaderElection.java:logAndReturn(94)) -   Response 0: s14<-s3#0:OK-t1
2024-12-14 12:26:03,699 INFO  impl.LeaderElection (LeaderElection.java:askForVotes(334)) - s14@group-A9C62F8E94D0-LeaderElection23 ELECTION round 0: result PASSED
2024-12-14 12:26:03,699 INFO  impl.RoleInfo (RoleInfo.java:shutdownLeaderElection(141)) - s14: shutdown s14@group-A9C62F8E94D0-LeaderElection23
2024-12-14 12:26:03,699 INFO  server.RaftServer$Division (RaftServerImpl.java:setRole(379)) - s14@group-A9C62F8E94D0: changes role from CANDIDATE to LEADER at term 1 for changeToLeader
2024-12-14 12:26:03,699 INFO  server.RaftServerConfigKeys (ConfUtils.java:logGet(46)) - raft.server.staging.catchup.gap = 1000 (default)
2024-12-14 12:26:03,699 TRACE util.FileUtils (LogUtils.java:runAndLog(49)) - Successfully ran Atomic Files.move /home/runner/work/ratis/ratis/ratis-examples/target/test/data/da5193cb/MiniRaftClusterWithNetty71855ece/s2/61d79bd1-1749-4ece-bd8b-a9c62f8e94d0/current/raft-meta.tmp to /home/runner/work/ratis/ratis/ratis-examples/target/test/data/da5193cb/MiniRaftClusterWithNetty71855ece/s2/61d79bd1-1749-4ece-bd8b-a9c62f8e94d0/current/raft-meta with options [REPLACE_EXISTING]
2024-12-14 12:26:03,699 INFO  server.RaftServerConfigKeys (ConfUtils.java:logGet(46)) - raft.server.write.element-limit = 4096 (default)
2024-12-14 12:26:03,699 INFO  server.RaftServerConfigKeys (ConfUtils.java:logGet(46)) - raft.server.write.byte-limit = 64MB (=67108864) (default)
2024-12-14 12:26:03,699 INFO  server.RaftServer$Division (RaftServerImpl.java:requestVote(1486)) - s2@group-A9C62F8E94D0 replies to ELECTION vote request: s14<-s2#0:OK-t1. Peer's state: s2@group-A9C62F8E94D0:t1, leader=null, voted=s14, raftlog=Memoized:s2@group-A9C62F8E94D0-SegmentedRaftLog:OPENED:c-1:lastnull, conf=conf: {index: -1, cur=peers:[s3|0.0.0.0:15018, s14|0.0.0.0:15029, s2|0.0.0.0:15017]|listeners:[], old=null}
2024-12-14 12:26:03,700 INFO  server.RaftServerConfigKeys (ConfUtils.java:logGet(46)) - raft.server.watch.timeout = 10s (default)
2024-12-14 12:26:03,700 INFO  server.RaftServerConfigKeys (ConfUtils.java:logGet(46)) - raft.server.watch.timeout.denomination = 1s (default)
2024-12-14 12:26:03,700 INFO  server.RaftServerConfigKeys (ConfUtils.java:logGet(46)) - raft.server.watch.element-limit = 65536 (default)
2024-12-14 12:26:03,700 INFO  server.RaftServerConfigKeys (ConfUtils.java:logGet(46)) - raft.server.read.leader.lease.enabled = false (default)
2024-12-14 12:26:03,700 INFO  server.RaftServerConfigKeys (ConfUtils.java:logGet(46)) - raft.server.read.leader.lease.timeout.ratio = 0.9 (default)
2024-12-14 12:26:03,700 INFO  server.RaftServerConfigKeys (ConfUtils.java:logGet(46)) - raft.server.rpc.timeout.min = 300ms (custom)
2024-12-14 12:26:03,700 INFO  server.RaftServerConfigKeys (ConfUtils.java:logGet(46)) - raft.server.log.log-metadata.enabled = true (default)
2024-12-14 12:26:03,700 INFO  server.RaftServerConfigKeys (ConfUtils.java:logGet(46)) - raft.server.write.element-limit = 4096 (default)
2024-12-14 12:26:03,700 INFO  server.RaftServerConfigKeys (ConfUtils.java:logGet(46)) - raft.server.write.follower.gap.ratio.max = -1.0 (default)
2024-12-14 12:26:03,700 INFO  server.RaftServerConfigKeys (ConfUtils.java:logGet(46)) - raft.server.log.appender.snapshot.chunk.size.max = 16MB (=16777216) (default)
2024-12-14 12:26:03,700 INFO  server.RaftServerConfigKeys (ConfUtils.java:logGet(46)) - raft.server.log.appender.buffer.byte-limit = 4MB (=4194304) (default)
2024-12-14 12:26:03,701 INFO  server.RaftServerConfigKeys (ConfUtils.java:logGet(46)) - raft.server.log.appender.buffer.element-limit = 0 (default)
2024-12-14 12:26:03,701 INFO  server.RaftServerConfigKeys (ConfUtils.java:logGet(46)) - raft.server.log.appender.wait-time.min = 1ms (default)
2024-12-14 12:26:03,701 INFO  server.RaftServerConfigKeys (ConfUtils.java:logGet(46)) - raft.server.log.appender.snapshot.chunk.size.max = 16MB (=16777216) (default)
2024-12-14 12:26:03,701 INFO  server.RaftServerConfigKeys (ConfUtils.java:logGet(46)) - raft.server.log.appender.buffer.byte-limit = 4MB (=4194304) (default)
2024-12-14 12:26:03,701 INFO  server.RaftServerConfigKeys (ConfUtils.java:logGet(46)) - raft.server.log.appender.buffer.element-limit = 0 (default)
2024-12-14 12:26:03,701 INFO  server.RaftServerConfigKeys (ConfUtils.java:logGet(46)) - raft.server.log.appender.wait-time.min = 1ms (default)
2024-12-14 12:26:03,701 INFO  impl.RoleInfo (RoleInfo.java:updateAndGet(148)) - s14: start s14@group-A9C62F8E94D0-LeaderStateImpl
2024-12-14 12:26:03,701 INFO  server.RaftServer$Division (RaftServerImpl.java:setFirstElection(563)) - s14@group-A9C62F8E94D0: set firstElectionSinceStartup to false for becomeLeader
2024-12-14 12:26:03,701 INFO  server.RaftServer$Division (ServerState.java:setLeader(272)) - s14@group-A9C62F8E94D0: change Leader from null to s14 at term 1 for becomeLeader, leader elected after 358ms
2024-12-14 12:26:03,701 INFO  segmented.SegmentedRaftLogWorker (SegmentedRaftLogWorker.java:startLogSegment(443)) - s14@group-A9C62F8E94D0-SegmentedRaftLogWorker: Starting segment from index:0
2024-12-14 12:26:03,702 INFO  server.RaftServer$Division (ServerState.java:setRaftConf(386)) - s14@group-A9C62F8E94D0: set configuration conf: {index: 0, cur=peers:[s3|0.0.0.0:15018, s14|0.0.0.0:15029, s2|0.0.0.0:15017]|listeners:[], old=null}
2024-12-14 12:26:03,702 INFO  segmented.BufferedWriteChannel (BufferedWriteChannel.java:open(61)) - open log_inprogress_0 at position 0
2024-12-14 12:26:03,708 INFO  server.RaftServer$Division (ServerState.java:setLeader(272)) - s2@group-A9C62F8E94D0: change Leader from null to s14 at term 1 for appendEntries, leader elected after 336ms
2024-12-14 12:26:03,708 INFO  server.RaftServer$Division (ServerState.java:setLeader(272)) - s3@group-A9C62F8E94D0: change Leader from null to s14 at term 1 for appendEntries, leader elected after 310ms
2024-12-14 12:26:03,710 INFO  server.RaftServer$Division (ServerState.java:setRaftConf(386)) - s2@group-A9C62F8E94D0: set configuration conf: {index: 0, cur=peers:[s3|0.0.0.0:15018, s14|0.0.0.0:15029, s2|0.0.0.0:15017]|listeners:[], old=null}
2024-12-14 12:26:03,710 INFO  segmented.SegmentedRaftLogWorker (SegmentedRaftLogWorker.java:startLogSegment(443)) - s2@group-A9C62F8E94D0-SegmentedRaftLogWorker: Starting segment from index:0
2024-12-14 12:26:03,710 INFO  server.RaftServer$Division (ServerState.java:setRaftConf(386)) - s3@group-A9C62F8E94D0: set configuration conf: {index: 0, cur=peers:[s3|0.0.0.0:15018, s14|0.0.0.0:15029, s2|0.0.0.0:15017]|listeners:[], old=null}
2024-12-14 12:26:03,710 INFO  segmented.SegmentedRaftLogWorker (SegmentedRaftLogWorker.java:startLogSegment(443)) - s3@group-A9C62F8E94D0-SegmentedRaftLogWorker: Starting segment from index:0
2024-12-14 12:26:03,710 INFO  segmented.BufferedWriteChannel (BufferedWriteChannel.java:open(61)) - open log_inprogress_0 at position 0
2024-12-14 12:26:03,713 INFO  segmented.BufferedWriteChannel (BufferedWriteChannel.java:open(61)) - open log_inprogress_0 at position 0
2024-12-14 12:26:03,713 INFO  segmented.SegmentedRaftLogWorker (SegmentedRaftLogWorker.java:execute(667)) - s14@group-A9C62F8E94D0-SegmentedRaftLogWorker: created new log segment /home/runner/work/ratis/ratis/ratis-examples/target/test/data/da5193cb/MiniRaftClusterWithNetty71855ece/s14/61d79bd1-1749-4ece-bd8b-a9c62f8e94d0/current/log_inprogress_0
2024-12-14 12:26:03,727 INFO  segmented.SegmentedRaftLogWorker (SegmentedRaftLogWorker.java:execute(667)) - s3@group-A9C62F8E94D0-SegmentedRaftLogWorker: created new log segment /home/runner/work/ratis/ratis/ratis-examples/target/test/data/da5193cb/MiniRaftClusterWithNetty71855ece/s3/61d79bd1-1749-4ece-bd8b-a9c62f8e94d0/current/log_inprogress_0
2024-12-14 12:26:03,728 TRACE util.FileUtils (LogUtils.java:supplyAndLog(69)) - Successfully supplied FileChannel.open /home/runner/work/ratis/ratis/ratis-examples/target/test/data/da5193cb/MiniRaftClusterWithNetty71855ece/s14/61d79bd1-1749-4ece-bd8b-a9c62f8e94d0/current/raft-meta.conf.tmp with options [CREATE, WRITE]: sun.nio.ch.FileChannelImpl@15ecbabc
2024-12-14 12:26:03,728 INFO  segmented.SegmentedRaftLogWorker (SegmentedRaftLogWorker.java:execute(667)) - s2@group-A9C62F8E94D0-SegmentedRaftLogWorker: created new log segment /home/runner/work/ratis/ratis/ratis-examples/target/test/data/da5193cb/MiniRaftClusterWithNetty71855ece/s2/61d79bd1-1749-4ece-bd8b-a9c62f8e94d0/current/log_inprogress_0
2024-12-14 12:26:03,729 TRACE util.FileUtils (LogUtils.java:runAndLog(49)) - Successfully ran Atomic Files.move /home/runner/work/ratis/ratis/ratis-examples/target/test/data/da5193cb/MiniRaftClusterWithNetty71855ece/s14/61d79bd1-1749-4ece-bd8b-a9c62f8e94d0/current/raft-meta.conf.tmp to /home/runner/work/ratis/ratis/ratis-examples/target/test/data/da5193cb/MiniRaftClusterWithNetty71855ece/s14/61d79bd1-1749-4ece-bd8b-a9c62f8e94d0/current/raft-meta.conf with options [REPLACE_EXISTING]
2024-12-14 12:26:03,729 INFO  server.RaftServer$Division (LeaderStateImpl.java:checkStartIndex(314)) - Leader s14@group-A9C62F8E94D0-LeaderStateImpl is ready since appliedIndex == startIndex == 0
2024-12-14 12:26:03,880 TRACE util.FileUtils (LogUtils.java:supplyAndLog(69)) - Successfully supplied FileChannel.open /home/runner/work/ratis/ratis/ratis-examples/target/test/data/da5193cb/MiniRaftClusterWithNetty71855ece/s2/61d79bd1-1749-4ece-bd8b-a9c62f8e94d0/current/raft-meta.conf.tmp with options [CREATE, WRITE]: sun.nio.ch.FileChannelImpl@7c0a7e3c
2024-12-14 12:26:03,880 TRACE util.FileUtils (LogUtils.java:supplyAndLog(69)) - Successfully supplied FileChannel.open /home/runner/work/ratis/ratis/ratis-examples/target/test/data/da5193cb/MiniRaftClusterWithNetty71855ece/s3/61d79bd1-1749-4ece-bd8b-a9c62f8e94d0/current/raft-meta.conf.tmp with options [CREATE, WRITE]: sun.nio.ch.FileChannelImpl@79c12396
2024-12-14 12:26:03,881 TRACE util.FileUtils (LogUtils.java:runAndLog(49)) - Successfully ran Atomic Files.move /home/runner/work/ratis/ratis/ratis-examples/target/test/data/da5193cb/MiniRaftClusterWithNetty71855ece/s2/61d79bd1-1749-4ece-bd8b-a9c62f8e94d0/current/raft-meta.conf.tmp to /home/runner/work/ratis/ratis/ratis-examples/target/test/data/da5193cb/MiniRaftClusterWithNetty71855ece/s2/61d79bd1-1749-4ece-bd8b-a9c62f8e94d0/current/raft-meta.conf with options [REPLACE_EXISTING]
2024-12-14 12:26:03,882 TRACE util.FileUtils (LogUtils.java:runAndLog(49)) - Successfully ran Atomic Files.move /home/runner/work/ratis/ratis/ratis-examples/target/test/data/da5193cb/MiniRaftClusterWithNetty71855ece/s3/61d79bd1-1749-4ece-bd8b-a9c62f8e94d0/current/raft-meta.conf.tmp to /home/runner/work/ratis/ratis/ratis-examples/target/test/data/da5193cb/MiniRaftClusterWithNetty71855ece/s3/61d79bd1-1749-4ece-bd8b-a9c62f8e94d0/current/raft-meta.conf with options [REPLACE_EXISTING]
2024-12-14 12:26:04,318 INFO  ratis.RaftTestUtil (RaftTestUtil.java:waitForLeader(131)) - printing group-A9C62F8E94D0
  s3:  RUNNING [
   FOLLOWER s3@group-A9C62F8E94D0:t1, leader=s14, voted=s14, raftlog=Memoized:s3@group-A9C62F8E94D0-SegmentedRaftLog:OPENED:c0:last(t:1, i:0), conf=conf: {index: 0, cur=peers:[s3|0.0.0.0:15018, s14|0.0.0.0:15029, s2|0.0.0.0:15017]|listeners:[], old=null} RUNNING
   FOLLOWER s3@group-0A0C1A18FF69:t0, leader=null, voted=, raftlog=Memoized:s3@group-0A0C1A18FF69-SegmentedRaftLog:OPENED:c-1:lastnull, conf=conf: {index: -1, cur=peers:[]|listeners:[], old=null} STARTING] size=2
  s14:  RUNNING [
     LEADER s14@group-A9C62F8E94D0:t1, leader=s14, voted=s14, raftlog=Memoized:s14@group-A9C62F8E94D0-SegmentedRaftLog:OPENED:c0:last(t:1, i:0), conf=conf: {index: 0, cur=peers:[s3|0.0.0.0:15018, s14|0.0.0.0:15029, s2|0.0.0.0:15017]|listeners:[], old=null} RUNNING
   FOLLOWER s14@group-0A0C1A18FF69:t0, leader=null, voted=, raftlog=Memoized:s14@group-0A0C1A18FF69-SegmentedRaftLog:OPENED:c-1:lastnull, conf=conf: {index: -1, cur=peers:[]|listeners:[], old=null} STARTING] size=2
  s2:  RUNNING [
   FOLLOWER s2@group-A9C62F8E94D0:t1, leader=s14, voted=s14, raftlog=Memoized:s2@group-A9C62F8E94D0-SegmentedRaftLog:OPENED:c0:last(t:1, i:0), conf=conf: {index: 0, cur=peers:[s3|0.0.0.0:15018, s14|0.0.0.0:15029, s2|0.0.0.0:15017]|listeners:[], old=null} RUNNING
   FOLLOWER s2@group-0A0C1A18FF69:t0, leader=null, voted=, raftlog=Memoized:s2@group-0A0C1A18FF69-SegmentedRaftLog:OPENED:c-1:lastnull, conf=conf: {index: -1, cur=peers:[]|listeners:[], old=null} STARTING] size=2
2024-12-14 12:26:04,319 INFO  netty.NettyUtils (NettyUtils.java:newEventLoopGroup(74)) - Create EpollEventLoopGroup for client-A5A26131C252; Thread size is 0.
2024-12-14 12:26:04,320 INFO  logging.LoggingHandler (AbstractInternalLogger.java:log(148)) - [id: 0xdb003562, L:/0.0.0.0:15018] READ: [id: 0x6fe34177, L:/127.0.0.1:15018 - R:/127.0.0.1:60224]
2024-12-14 12:26:04,320 INFO  logging.LoggingHandler (AbstractInternalLogger.java:log(148)) - [id: 0xdb003562, L:/0.0.0.0:15018] READ COMPLETE
2024-12-14 12:26:04,424 INFO  logging.LoggingHandler (AbstractInternalLogger.java:log(148)) - [id: 0xa7c32d8d, L:/0.0.0.0:15029] READ: [id: 0xb0b334d3, L:/127.0.0.1:15029 - R:/127.0.0.1:51714]
2024-12-14 12:26:04,424 INFO  logging.LoggingHandler (AbstractInternalLogger.java:log(148)) - [id: 0xa7c32d8d, L:/0.0.0.0:15029] READ COMPLETE
2024-12-14 12:26:04,426 INFO  statemachine.StateMachine (ArithmeticStateMachine.java:applyTransaction(181)) - LEADER:s14-1: a = 43 = 43
2024-12-14 12:26:04,436 INFO  statemachine.StateMachine (ArithmeticStateMachine.java:applyTransaction(181)) - LEADER:s14-3: b = 924 = 924
2024-12-14 12:26:04,442 INFO  statemachine.StateMachine (ArithmeticStateMachine.java:applyTransaction(181)) - LEADER:s14-5: c = √(a^2 + b^2) = 925
2024-12-14 12:26:04,444 INFO  statemachine.StateMachine (ArithmeticStateMachine.java:applyTransaction(181)) - LEADER:s14-7: a = null = null
2024-12-14 12:26:04,445 INFO  statemachine.StateMachine (ArithmeticStateMachine.java:applyTransaction(181)) - LEADER:s14-9: b = null = null
2024-12-14 12:26:04,447 INFO  statemachine.StateMachine (ArithmeticStateMachine.java:applyTransaction(181)) - LEADER:s14-11: c = null = null
2024-12-14 12:26:04,450 INFO  statemachine.StateMachine (ArithmeticStateMachine.java:applyTransaction(181)) - LEADER:s14-13: a = 45 = 45
2024-12-14 12:26:04,452 INFO  statemachine.StateMachine (ArithmeticStateMachine.java:applyTransaction(181)) - LEADER:s14-15: b = 1012 = 1012
2024-12-14 12:26:04,454 INFO  statemachine.StateMachine (ArithmeticStateMachine.java:applyTransaction(181)) - LEADER:s14-17: c = √(a^2 + b^2) = 1013
2024-12-14 12:26:04,456 INFO  statemachine.StateMachine (ArithmeticStateMachine.java:applyTransaction(181)) - LEADER:s14-19: a = null = null
2024-12-14 12:26:04,458 INFO  statemachine.StateMachine (ArithmeticStateMachine.java:applyTransaction(181)) - LEADER:s14-21: b = null = null
2024-12-14 12:26:04,460 INFO  statemachine.StateMachine (ArithmeticStateMachine.java:applyTransaction(181)) - LEADER:s14-23: c = null = null
2024-12-14 12:26:04,463 INFO  statemachine.StateMachine (ArithmeticStateMachine.java:applyTransaction(181)) - LEADER:s14-25: a = 47 = 47
2024-12-14 12:26:04,465 INFO  statemachine.StateMachine (ArithmeticStateMachine.java:applyTransaction(181)) - LEADER:s14-27: b = 1104 = 1104
2024-12-14 12:26:04,467 INFO  statemachine.StateMachine (ArithmeticStateMachine.java:applyTransaction(181)) - LEADER:s14-29: c = √(a^2 + b^2) = 1105
2024-12-14 12:26:04,469 INFO  statemachine.StateMachine (ArithmeticStateMachine.java:applyTransaction(181)) - LEADER:s14-31: a = null = null
2024-12-14 12:26:04,471 INFO  statemachine.StateMachine (ArithmeticStateMachine.java:applyTransaction(181)) - LEADER:s14-33: b = null = null
2024-12-14 12:26:04,474 INFO  statemachine.StateMachine (ArithmeticStateMachine.java:applyTransaction(181)) - LEADER:s14-35: c = null = null
2024-12-14 12:26:04,478 INFO  statemachine.StateMachine (ArithmeticStateMachine.java:applyTransaction(181)) - LEADER:s14-37: a = 49 = 49
2024-12-14 12:26:04,480 INFO  statemachine.StateMachine (ArithmeticStateMachine.java:applyTransaction(181)) - LEADER:s14-39: b = 1200 = 1200
2024-12-14 12:26:04,482 INFO  statemachine.StateMachine (ArithmeticStateMachine.java:applyTransaction(181)) - LEADER:s14-41: c = √(a^2 + b^2) = 1201
2024-12-14 12:26:04,484 INFO  statemachine.StateMachine (ArithmeticStateMachine.java:applyTransaction(181)) - LEADER:s14-43: a = null = null
2024-12-14 12:26:04,487 INFO  statemachine.StateMachine (ArithmeticStateMachine.java:applyTransaction(181)) - LEADER:s14-45: b = null = null
2024-12-14 12:26:04,488 INFO  statemachine.StateMachine (ArithmeticStateMachine.java:applyTransaction(181)) - LEADER:s14-47: c = null = null
2024-12-14 12:26:04,491 INFO  statemachine.StateMachine (ArithmeticStateMachine.java:applyTransaction(181)) - LEADER:s14-49: a = 51 = 51
2024-12-14 12:26:04,492 INFO  statemachine.StateMachine (ArithmeticStateMachine.java:applyTransaction(181)) - LEADER:s14-51: b = 1300 = 1300
2024-12-14 12:26:04,500 INFO  statemachine.StateMachine (ArithmeticStateMachine.java:applyTransaction(181)) - LEADER:s14-53: c = √(a^2 + b^2) = 1301
2024-12-14 12:26:04,503 INFO  statemachine.StateMachine (ArithmeticStateMachine.java:applyTransaction(181)) - LEADER:s14-55: a = null = null
2024-12-14 12:26:04,505 INFO  statemachine.StateMachine (ArithmeticStateMachine.java:applyTransaction(181)) - LEADER:s14-57: b = null = null
2024-12-14 12:26:04,507 INFO  statemachine.StateMachine (ArithmeticStateMachine.java:applyTransaction(181)) - LEADER:s14-59: c = null = null
2024-12-14 12:26:04,509 INFO  statemachine.StateMachine (ArithmeticStateMachine.java:applyTransaction(181)) - LEADER:s14-61: a = 53 = 53
2024-12-14 12:26:04,511 INFO  statemachine.StateMachine (ArithmeticStateMachine.java:applyTransaction(181)) - LEADER:s14-63: b = 1404 = 1404
2024-12-14 12:26:04,513 INFO  statemachine.StateMachine (ArithmeticStateMachine.java:applyTransaction(181)) - LEADER:s14-65: c = √(a^2 + b^2) = 1405
2024-12-14 12:26:04,515 INFO  statemachine.StateMachine (ArithmeticStateMachine.java:applyTransaction(181)) - LEADER:s14-67: a = null = null
2024-12-14 12:26:04,517 INFO  statemachine.StateMachine (ArithmeticStateMachine.java:applyTransaction(181)) - LEADER:s14-69: b = null = null
2024-12-14 12:26:04,518 INFO  statemachine.StateMachine (ArithmeticStateMachine.java:applyTransaction(181)) - LEADER:s14-71: c = null = null
2024-12-14 12:26:04,520 INFO  statemachine.StateMachine (ArithmeticStateMachine.java:applyTransaction(181)) - LEADER:s14-73: a = 55 = 55
2024-12-14 12:26:04,524 INFO  statemachine.StateMachine (ArithmeticStateMachine.java:applyTransaction(181)) - LEADER:s14-75: b = 1512 = 1512
2024-12-14 12:26:04,526 INFO  statemachine.StateMachine (ArithmeticStateMachine.java:applyTransaction(181)) - LEADER:s14-77: c = √(a^2 + b^2) = 1513
2024-12-14 12:26:04,528 INFO  statemachine.StateMachine (ArithmeticStateMachine.java:applyTransaction(181)) - LEADER:s14-79: a = null = null
2024-12-14 12:26:04,529 INFO  statemachine.StateMachine (ArithmeticStateMachine.java:applyTransaction(181)) - LEADER:s14-81: b = null = null
2024-12-14 12:26:04,531 INFO  statemachine.StateMachine (ArithmeticStateMachine.java:applyTransaction(181)) - LEADER:s14-83: c = null = null
2024-12-14 12:26:04,532 INFO  statemachine.StateMachine (ArithmeticStateMachine.java:applyTransaction(181)) - LEADER:s14-85: a = 57 = 57
2024-12-14 12:26:04,534 INFO  statemachine.StateMachine (ArithmeticStateMachine.java:applyTransaction(181)) - LEADER:s14-87: b = 1624 = 1624
2024-12-14 12:26:04,536 INFO  statemachine.StateMachine (ArithmeticStateMachine.java:applyTransaction(181)) - LEADER:s14-89: c = √(a^2 + b^2) = 1625
2024-12-14 12:26:04,538 INFO  statemachine.StateMachine (ArithmeticStateMachine.java:applyTransaction(181)) - LEADER:s14-91: a = null = null
2024-12-14 12:26:04,540 INFO  statemachine.StateMachine (ArithmeticStateMachine.java:applyTransaction(181)) - LEADER:s14-93: b = null = null
2024-12-14 12:26:04,541 INFO  statemachine.StateMachine (ArithmeticStateMachine.java:applyTransaction(181)) - LEADER:s14-95: c = null = null
2024-12-14 12:26:04,543 INFO  statemachine.StateMachine (ArithmeticStateMachine.java:applyTransaction(181)) - LEADER:s14-97: a = 59 = 59
2024-12-14 12:26:04,544 INFO  statemachine.StateMachine (ArithmeticStateMachine.java:applyTransaction(181)) - LEADER:s14-99: b = 1740 = 1740
2024-12-14 12:26:04,546 INFO  statemachine.StateMachine (ArithmeticStateMachine.java:applyTransaction(181)) - LEADER:s14-101: c = √(a^2 + b^2) = 1741
2024-12-14 12:26:04,547 INFO  statemachine.StateMachine (ArithmeticStateMachine.java:applyTransaction(181)) - LEADER:s14-103: a = null = null
2024-12-14 12:26:04,549 INFO  statemachine.StateMachine (ArithmeticStateMachine.java:applyTransaction(181)) - LEADER:s14-105: b = null = null
2024-12-14 12:26:04,551 INFO  statemachine.StateMachine (ArithmeticStateMachine.java:applyTransaction(181)) - LEADER:s14-107: c = null = null
2024-12-14 12:26:04,552 INFO  statemachine.StateMachine (ArithmeticStateMachine.java:applyTransaction(181)) - LEADER:s14-109: a = 61 = 61
2024-12-14 12:26:04,554 INFO  statemachine.StateMachine (ArithmeticStateMachine.java:applyTransaction(181)) - LEADER:s14-111: b = 1860 = 1860
2024-12-14 12:26:04,556 INFO  statemachine.StateMachine (ArithmeticStateMachine.java:applyTransaction(181)) - LEADER:s14-113: c = √(a^2 + b^2) = 1861
2024-12-14 12:26:04,558 INFO  statemachine.StateMachine (ArithmeticStateMachine.java:applyTransaction(181)) - LEADER:s14-115: a = null = null
2024-12-14 12:26:04,560 INFO  statemachine.StateMachine (ArithmeticStateMachine.java:applyTransaction(181)) - LEADER:s14-117: b = null = null
2024-12-14 12:26:04,562 INFO  statemachine.StateMachine (ArithmeticStateMachine.java:applyTransaction(181)) - LEADER:s14-119: c = null = null
2024-12-14 12:26:04,573 INFO  impl.GroupManagementBaseTest (GroupManagementBaseTest.java:runMultiGroupTest(281)) - 3) starting group-083B19539B1B:[s4|0.0.0.0:15019, s5|0.0.0.0:15020, s6|0.0.0.0:15021]
2024-12-14 12:26:04,573 INFO  netty.NettyUtils (NettyUtils.java:newEventLoopGroup(74)) - Create EpollEventLoopGroup for client-92FDFB7FC348; Thread size is 0.
2024-12-14 12:26:04,575 INFO  logging.LoggingHandler (AbstractInternalLogger.java:log(148)) - [id: 0x0977b22d, L:/0.0.0.0:15019] READ: [id: 0xf2d52081, L:/127.0.0.1:15019 - R:/127.0.0.1:39516]
2024-12-14 12:26:04,575 INFO  logging.LoggingHandler (AbstractInternalLogger.java:log(148)) - [id: 0x0977b22d, L:/0.0.0.0:15019] READ COMPLETE
2024-12-14 12:26:04,577 INFO  server.RaftServer (RaftServerProxy.java:addNew(101)) - s4: addNew group-083B19539B1B:[s4|0.0.0.0:15019, s5|0.0.0.0:15020, s6|0.0.0.0:15021] returns group-083B19539B1B:java.util.concurrent.CompletableFuture@567d187f[Not completed]
2024-12-14 12:26:04,577 INFO  server.RaftServer$Division (RaftServerImpl.java:<init>(256)) - s4: new RaftServerImpl for group-083B19539B1B:[s4|0.0.0.0:15019, s5|0.0.0.0:15020, s6|0.0.0.0:15021] with ArithmeticStateMachine:uninitialized
2024-12-14 12:26:04,577 INFO  server.RaftServerConfigKeys (ConfUtils.java:logGet(46)) - raft.server.rpc.timeout.min = 300ms (custom)
2024-12-14 12:26:04,577 INFO  server.RaftServerConfigKeys (ConfUtils.java:logGet(46)) - raft.server.rpc.timeout.max = 600ms (custom)
2024-12-14 12:26:04,577 INFO  server.RaftServerConfigKeys (ConfUtils.java:logGet(46)) - raft.server.rpc.sleep.time = 25ms (default)
2024-12-14 12:26:04,577 INFO  server.RaftServerConfigKeys (ConfUtils.java:logGet(46)) - raft.server.rpc.slowness.timeout = 60s (default)
2024-12-14 12:26:04,577 INFO  server.RaftServerConfigKeys (ConfUtils.java:logGet(46)) - raft.server.leaderelection.leader.step-down.wait-time = 10s (default)
2024-12-14 12:26:04,578 INFO  server.RaftServerConfigKeys (ConfUtils.java:logGet(46)) - raft.server.leaderelection.member.majority-add = false (default)
2024-12-14 12:26:04,578 INFO  server.RaftServerConfigKeys (ConfUtils.java:logGet(46)) - raft.server.sleep.deviation.threshold = 300ms (default)
2024-12-14 12:26:04,578 INFO  server.RaftServer$Division (ServerState.java:<init>(114)) - s4@group-083B19539B1B: ConfigurationManager, init=conf: {index: -1, cur=peers:[s4|0.0.0.0:15019, s5|0.0.0.0:15020, s6|0.0.0.0:15021]|listeners:[], old=null}, confs=<EMPTY_MAP>
2024-12-14 12:26:04,578 INFO  server.RaftServerConfigKeys (ConfUtils.java:logGet(46)) - raft.server.notification.no-leader.timeout = 60s (default)
2024-12-14 12:26:04,578 INFO  server.RaftServerConfigKeys (ConfUtils.java:logGet(46)) - raft.server.read.timeout = 10s (default)
2024-12-14 12:26:04,578 INFO  server.RaftServerConfigKeys (ConfUtils.java:logGet(46)) - raft.server.retrycache.expirytime = 60s (default)
2024-12-14 12:26:04,578 INFO  server.RaftServerConfigKeys (ConfUtils.java:logGet(46)) - raft.server.retrycache.statistics.expirytime = 100ms (default)
2024-12-14 12:26:04,578 INFO  server.RaftServerConfigKeys (ConfUtils.java:logGet(46)) - raft.server.read.option = DEFAULT (default)
2024-12-14 12:26:04,578 INFO  server.RaftServerConfigKeys (ConfUtils.java:logGet(46)) - raft.server.read.read-after-write-consistent.write-index-cache.expiry-time = 60s (default)
2024-12-14 12:26:04,579 INFO  server.RaftServerConfigKeys (ConfUtils.java:logGet(46)) - raft.server.rpc.request.timeout = 3000ms (default)
2024-12-14 12:26:04,579 INFO  server.RaftServerConfigKeys (ConfUtils.java:logGet(46)) - raft.server.log.appender.install.snapshot.enabled = true (default)
2024-12-14 12:26:04,579 INFO  server.RaftServerConfigKeys (ConfUtils.java:logGet(46)) - raft.server.threadpool.server.cached = true (default)
2024-12-14 12:26:04,579 INFO  server.RaftServerConfigKeys (ConfUtils.java:logGet(46)) - raft.server.threadpool.server.size = 0 (default)
2024-12-14 12:26:04,579 INFO  server.RaftServerConfigKeys (ConfUtils.java:logGet(46)) - raft.server.threadpool.client.cached = true (default)
2024-12-14 12:26:04,579 INFO  server.RaftServerConfigKeys (ConfUtils.java:logGet(46)) - raft.server.threadpool.client.size = 0 (default)
2024-12-14 12:26:04,579 INFO  server.RaftServerConfigKeys (ConfUtils.java:logGet(46)) - raft.server.storage.free-space.min = 0MB (=0) (default)
2024-12-14 12:26:04,579 INFO  server.RaftServerConfigKeys (ConfUtils.java:logGet(46)) - raft.server.log.corruption.policy = EXCEPTION (default)
2024-12-14 12:26:04,579 INFO  server.RaftServerConfigKeys (ConfUtils.java:logGet(46)) - raft.server.storage.dir = [/home/runner/work/ratis/ratis/ratis-examples/target/test/data/da5193cb/MiniRaftClusterWithNetty71855ece/s4] (custom)
2024-12-14 12:26:04,579 INFO  storage.RaftStorageDirectory (RaftStorageDirectoryImpl.java:analyzeStorage(138)) - The storage directory /home/runner/work/ratis/ratis/ratis-examples/target/test/data/da5193cb/MiniRaftClusterWithNetty71855ece/s4/f72319ef-8bb9-4300-aa15-083b19539b1b does not exist. Creating ...
2024-12-14 12:26:04,580 TRACE util.FileUtils (LogUtils.java:runAndLog(49)) - Successfully ran Files.createDirectories /home/runner/work/ratis/ratis/ratis-examples/target/test/data/da5193cb/MiniRaftClusterWithNetty71855ece/s4/f72319ef-8bb9-4300-aa15-083b19539b1b
2024-12-14 12:26:04,580 INFO  storage.RaftStorageDirectory (RaftStorageDirectoryImpl.java:tryLock(229)) - Lock on /home/runner/work/ratis/ratis/ratis-examples/target/test/data/da5193cb/MiniRaftClusterWithNetty71855ece/s4/f72319ef-8bb9-4300-aa15-083b19539b1b/in_use.lock acquired by nodename 14700@fv-az733-880
2024-12-14 12:26:04,580 TRACE util.FileUtils (LogUtils.java:runAndLog(49)) - Successfully ran Files.createDirectories /home/runner/work/ratis/ratis/ratis-examples/target/test/data/da5193cb/MiniRaftClusterWithNetty71855ece/s4/f72319ef-8bb9-4300-aa15-083b19539b1b/current
2024-12-14 12:26:04,581 TRACE util.FileUtils (LogUtils.java:runAndLog(49)) - Successfully ran Files.createDirectories /home/runner/work/ratis/ratis/ratis-examples/target/test/data/da5193cb/MiniRaftClusterWithNetty71855ece/s4/f72319ef-8bb9-4300-aa15-083b19539b1b/sm
2024-12-14 12:26:04,581 TRACE util.FileUtils (LogUtils.java:supplyAndLog(69)) - Successfully supplied FileChannel.open /home/runner/work/ratis/ratis/ratis-examples/target/test/data/da5193cb/MiniRaftClusterWithNetty71855ece/s4/f72319ef-8bb9-4300-aa15-083b19539b1b/current/raft-meta.tmp with options [CREATE, WRITE]: sun.nio.ch.FileChannelImpl@3d2e1bad
2024-12-14 12:26:04,582 TRACE util.FileUtils (LogUtils.java:runAndLog(49)) - Successfully ran Atomic Files.move /home/runner/work/ratis/ratis/ratis-examples/target/test/data/da5193cb/MiniRaftClusterWithNetty71855ece/s4/f72319ef-8bb9-4300-aa15-083b19539b1b/current/raft-meta.tmp to /home/runner/work/ratis/ratis/ratis-examples/target/test/data/da5193cb/MiniRaftClusterWithNetty71855ece/s4/f72319ef-8bb9-4300-aa15-083b19539b1b/current/raft-meta with options [REPLACE_EXISTING]
2024-12-14 12:26:04,582 INFO  storage.RaftStorage (RaftStorageImpl.java:format(98)) - Storage directory /home/runner/work/ratis/ratis/ratis-examples/target/test/data/da5193cb/MiniRaftClusterWithNetty71855ece/s4/f72319ef-8bb9-4300-aa15-083b19539b1b has been successfully formatted.
2024-12-14 12:26:04,582 WARN  statemachine.StateMachine (ArithmeticStateMachine.java:loadSnapshot(115)) - The snapshot info is null.
2024-12-14 12:26:04,582 INFO  server.RaftServerConfigKeys (ConfUtils.java:logGet(46)) - raft.server.log.use.memory = false (default)
2024-12-14 12:26:04,582 INFO  server.RaftServerConfigKeys (ConfUtils.java:logGet(46)) - raft.server.log.purge.gap = 1024 (default)
2024-12-14 12:26:04,582 INFO  server.RaftServerConfigKeys (ConfUtils.java:logGet(46)) - raft.server.log.appender.buffer.byte-limit = 4MB (=4194304) (default)
2024-12-14 12:26:04,582 INFO  server.RaftServerConfigKeys (ConfUtils.java:logGet(46)) - raft.server.log.statemachine.data.read.timeout = 1000ms (default)
2024-12-14 12:26:04,582 INFO  server.RaftServerConfigKeys (ConfUtils.java:logGet(46)) - raft.server.log.purge.preservation.log.num = 0 (default)
2024-12-14 12:26:04,582 INFO  server.RaftServerConfigKeys (ConfUtils.java:logGet(46)) - raft.server.log.segment.size.max = 32MB (=33554432) (default)
2024-12-14 12:26:04,583 INFO  server.RaftServerConfigKeys (ConfUtils.java:logGet(46)) - raft.server.log.segment.cache.num.max = 6 (default)
2024-12-14 12:26:04,583 INFO  server.RaftServerConfigKeys (ConfUtils.java:logGet(46)) - raft.server.log.segment.cache.size.max = 200MB (=209715200) (default)
2024-12-14 12:26:04,583 INFO  server.RaftServerConfigKeys (ConfUtils.java:logGet(46)) - raft.server.log.appender.buffer.byte-limit = 4MB (=4194304) (default)
2024-12-14 12:26:04,583 INFO  util.AwaitToRun (AwaitToRun.java:start(81)) - Thread[s4@group-083B19539B1B-cacheEviction-AwaitToRun,5,main] started
2024-12-14 12:26:04,583 INFO  segmented.SegmentedRaftLogWorker (SegmentedRaftLogWorker.java:<init>(189)) - new s4@group-083B19539B1B-SegmentedRaftLogWorker for RaftStorageImpl:Storage Directory /home/runner/work/ratis/ratis/ratis-examples/target/test/data/da5193cb/MiniRaftClusterWithNetty71855ece/s4/f72319ef-8bb9-4300-aa15-083b19539b1b
2024-12-14 12:26:04,583 INFO  server.RaftServerConfigKeys (ConfUtils.java:logGet(46)) - raft.server.log.queue.byte-limit = 64MB (=67108864) (default)
2024-12-14 12:26:04,583 INFO  server.RaftServerConfigKeys (ConfUtils.java:logGet(46)) - raft.server.log.queue.element-limit = 4096 (default)
2024-12-14 12:26:04,583 INFO  server.RaftServerConfigKeys (ConfUtils.java:logGet(46)) - raft.server.log.segment.size.max = 32MB (=33554432) (default)
2024-12-14 12:26:04,583 INFO  server.RaftServerConfigKeys (ConfUtils.java:logGet(46)) - raft.server.log.preallocated.size = 4MB (=4194304) (default)
2024-12-14 12:26:04,583 INFO  server.RaftServerConfigKeys (ConfUtils.java:logGet(46)) - raft.server.log.force.sync.num = 128 (default)
2024-12-14 12:26:04,583 INFO  server.RaftServerConfigKeys (ConfUtils.java:logGet(46)) - raft.server.log.statemachine.data.sync = true (default)
2024-12-14 12:26:04,583 INFO  server.RaftServerConfigKeys (ConfUtils.java:logGet(46)) - raft.server.log.statemachine.data.sync.timeout = 10s (default)
2024-12-14 12:26:04,583 INFO  server.RaftServerConfigKeys (ConfUtils.java:logGet(46)) - raft.server.log.statemachine.data.sync.timeout.retry = -1 (default)
2024-12-14 12:26:04,584 INFO  server.RaftServerConfigKeys (ConfUtils.java:logGet(46)) - raft.server.log.write.buffer.size = 8MB (=8388608) (default)
2024-12-14 12:26:04,585 INFO  server.RaftServerConfigKeys (ConfUtils.java:logGet(46)) - raft.server.log.appender.buffer.byte-limit = 4MB (=4194304) (default)
2024-12-14 12:26:04,586 INFO  server.RaftServerConfigKeys (ConfUtils.java:logGet(46)) - raft.server.log.unsafe-flush.enabled = false (default)
2024-12-14 12:26:04,586 INFO  server.RaftServerConfigKeys (ConfUtils.java:logGet(46)) - raft.server.log.async-flush.enabled = false (default)
2024-12-14 12:26:04,586 INFO  server.RaftServerConfigKeys (ConfUtils.java:logGet(46)) - raft.server.log.statemachine.data.caching.enabled = false (default)
2024-12-14 12:26:04,586 INFO  segmented.SegmentedRaftLogWorker (SegmentedRaftLogWorker.java:lambda$new$0(140)) - s4@group-083B19539B1B-SegmentedRaftLogWorker: flushIndex: setUnconditionally 0 -> -1
2024-12-14 12:26:04,586 INFO  segmented.SegmentedRaftLogWorker (SegmentedRaftLogWorker.java:lambda$new$0(140)) - s4@group-083B19539B1B-SegmentedRaftLogWorker: safeCacheEvictIndex: setUnconditionally 0 -> -1
2024-12-14 12:26:04,586 INFO  server.RaftServer$Division (RaftServerImpl.java:start(392)) - s4@group-083B19539B1B: start as a follower, conf=conf: {index: -1, cur=peers:[s4|0.0.0.0:15019, s5|0.0.0.0:15020, s6|0.0.0.0:15021]|listeners:[], old=null}
2024-12-14 12:26:04,586 INFO  server.RaftServer$Division (RaftServerImpl.java:setRole(379)) - s4@group-083B19539B1B: changes role from      null to FOLLOWER at term 0 for startAsFollower
2024-12-14 12:26:04,586 INFO  impl.RoleInfo (RoleInfo.java:updateAndGet(148)) - s4: start s4@group-083B19539B1B-FollowerState
2024-12-14 12:26:04,588 INFO  util.JmxRegister (JmxRegister.java:tryRegister(44)) - Successfully registered JMX Bean with object name Ratis:service=RaftServer,group=group-083B19539B1B,id=s4
2024-12-14 12:26:04,588 INFO  util.JmxRegister (JmxRegister.java:register(58)) - register mxBean class org.apache.ratis.server.impl.RaftServerJmxAdapter as Ratis:service=RaftServer,group=group-083B19539B1B,id=s4
2024-12-14 12:26:04,588 INFO  server.RaftServerConfigKeys (ConfUtils.java:logGet(46)) - raft.server.snapshot.trigger-when-stop.enabled = true (default)
2024-12-14 12:26:04,589 INFO  server.RaftServerConfigKeys (ConfUtils.java:logGet(46)) - raft.server.snapshot.trigger-when-remove.enabled = true (default)
2024-12-14 12:26:04,589 INFO  server.RaftServerConfigKeys (ConfUtils.java:logGet(46)) - raft.server.snapshot.auto.trigger.enabled = false (default)
2024-12-14 12:26:04,589 INFO  server.RaftServerConfigKeys (ConfUtils.java:logGet(46)) - raft.server.snapshot.retention.file.num = -1 (default)
2024-12-14 12:26:04,589 INFO  server.RaftServerConfigKeys (ConfUtils.java:logGet(46)) - raft.server.log.purge.upto.snapshot.index = false (default)
2024-12-14 12:26:04,589 INFO  server.RaftServer$Division (RaftServerImpl.java:start(406)) - s4@group-083B19539B1B: Successfully started.
2024-12-14 12:26:04,589 INFO  server.RaftServerConfigKeys (ConfUtils.java:logFallback(53)) - raft.server.rpc.first-election.timeout.min = 300ms (fallback to raft.server.rpc.timeout.min)
2024-12-14 12:26:04,589 INFO  server.RaftServerConfigKeys (ConfUtils.java:logFallback(53)) - raft.server.rpc.first-election.timeout.max = 600ms (fallback to raft.server.rpc.timeout.max)
2024-12-14 12:26:04,596 INFO  netty.NettyUtils (NettyUtils.java:newEventLoopGroup(74)) - Create EpollEventLoopGroup for client-CC381BF5239B; Thread size is 0.
2024-12-14 12:26:04,598 INFO  logging.LoggingHandler (AbstractInternalLogger.java:log(148)) - [id: 0xb8bf086a, L:/0.0.0.0:15020] READ: [id: 0xc9e40b13, L:/127.0.0.1:15020 - R:/127.0.0.1:38848]
2024-12-14 12:26:04,598 INFO  logging.LoggingHandler (AbstractInternalLogger.java:log(148)) - [id: 0xb8bf086a, L:/0.0.0.0:15020] READ COMPLETE
2024-12-14 12:26:04,599 INFO  server.RaftServer$Division (RaftServerImpl.java:<init>(256)) - s5: new RaftServerImpl for group-083B19539B1B:[s4|0.0.0.0:15019, s5|0.0.0.0:15020, s6|0.0.0.0:15021] with ArithmeticStateMachine:uninitialized
2024-12-14 12:26:04,599 INFO  server.RaftServerConfigKeys (ConfUtils.java:logGet(46)) - raft.server.rpc.timeout.min = 300ms (custom)
2024-12-14 12:26:04,599 INFO  server.RaftServerConfigKeys (ConfUtils.java:logGet(46)) - raft.server.rpc.timeout.max = 600ms (custom)
2024-12-14 12:26:04,600 INFO  server.RaftServerConfigKeys (ConfUtils.java:logGet(46)) - raft.server.rpc.sleep.time = 25ms (default)
2024-12-14 12:26:04,600 INFO  server.RaftServerConfigKeys (ConfUtils.java:logGet(46)) - raft.server.rpc.slowness.timeout = 60s (default)
2024-12-14 12:26:04,600 INFO  server.RaftServerConfigKeys (ConfUtils.java:logGet(46)) - raft.server.leaderelection.leader.step-down.wait-time = 10s (default)
2024-12-14 12:26:04,600 INFO  server.RaftServerConfigKeys (ConfUtils.java:logGet(46)) - raft.server.leaderelection.member.majority-add = false (default)
2024-12-14 12:26:04,600 INFO  server.RaftServerConfigKeys (ConfUtils.java:logGet(46)) - raft.server.sleep.deviation.threshold = 300ms (default)
2024-12-14 12:26:04,600 INFO  server.RaftServer$Division (ServerState.java:<init>(114)) - s5@group-083B19539B1B: ConfigurationManager, init=conf: {index: -1, cur=peers:[s4|0.0.0.0:15019, s5|0.0.0.0:15020, s6|0.0.0.0:15021]|listeners:[], old=null}, confs=<EMPTY_MAP>
2024-12-14 12:26:04,600 INFO  server.RaftServerConfigKeys (ConfUtils.java:logGet(46)) - raft.server.notification.no-leader.timeout = 60s (default)
2024-12-14 12:26:04,600 INFO  server.RaftServerConfigKeys (ConfUtils.java:logGet(46)) - raft.server.read.timeout = 10s (default)
2024-12-14 12:26:04,600 INFO  server.RaftServerConfigKeys (ConfUtils.java:logGet(46)) - raft.server.retrycache.expirytime = 60s (default)
2024-12-14 12:26:04,600 INFO  server.RaftServerConfigKeys (ConfUtils.java:logGet(46)) - raft.server.retrycache.statistics.expirytime = 100ms (default)
2024-12-14 12:26:04,600 INFO  server.RaftServerConfigKeys (ConfUtils.java:logGet(46)) - raft.server.read.option = DEFAULT (default)
2024-12-14 12:26:04,600 INFO  server.RaftServerConfigKeys (ConfUtils.java:logGet(46)) - raft.server.read.read-after-write-consistent.write-index-cache.expiry-time = 60s (default)
2024-12-14 12:26:04,601 INFO  server.RaftServer (RaftServerProxy.java:addNew(101)) - s5: addNew group-083B19539B1B:[s4|0.0.0.0:15019, s5|0.0.0.0:15020, s6|0.0.0.0:15021] returns group-083B19539B1B:java.util.concurrent.CompletableFuture@2e098ec7[Not completed]
2024-12-14 12:26:04,601 INFO  server.RaftServerConfigKeys (ConfUtils.java:logGet(46)) - raft.server.rpc.request.timeout = 3000ms (default)
2024-12-14 12:26:04,601 INFO  server.RaftServerConfigKeys (ConfUtils.java:logGet(46)) - raft.server.log.appender.install.snapshot.enabled = true (default)
2024-12-14 12:26:04,601 INFO  server.RaftServerConfigKeys (ConfUtils.java:logGet(46)) - raft.server.threadpool.server.cached = true (default)
2024-12-14 12:26:04,601 INFO  server.RaftServerConfigKeys (ConfUtils.java:logGet(46)) - raft.server.threadpool.server.size = 0 (default)
2024-12-14 12:26:04,601 INFO  server.RaftServerConfigKeys (ConfUtils.java:logGet(46)) - raft.server.threadpool.client.cached = true (default)
2024-12-14 12:26:04,601 INFO  server.RaftServerConfigKeys (ConfUtils.java:logGet(46)) - raft.server.threadpool.client.size = 0 (default)
2024-12-14 12:26:04,601 INFO  server.RaftServerConfigKeys (ConfUtils.java:logGet(46)) - raft.server.storage.free-space.min = 0MB (=0) (default)
2024-12-14 12:26:04,601 INFO  server.RaftServerConfigKeys (ConfUtils.java:logGet(46)) - raft.server.log.corruption.policy = EXCEPTION (default)
2024-12-14 12:26:04,601 INFO  server.RaftServerConfigKeys (ConfUtils.java:logGet(46)) - raft.server.storage.dir = [/home/runner/work/ratis/ratis/ratis-examples/target/test/data/da5193cb/MiniRaftClusterWithNetty71855ece/s5] (custom)
2024-12-14 12:26:04,601 INFO  storage.RaftStorageDirectory (RaftStorageDirectoryImpl.java:analyzeStorage(138)) - The storage directory /home/runner/work/ratis/ratis/ratis-examples/target/test/data/da5193cb/MiniRaftClusterWithNetty71855ece/s5/f72319ef-8bb9-4300-aa15-083b19539b1b does not exist. Creating ...
2024-12-14 12:26:04,602 TRACE util.FileUtils (LogUtils.java:runAndLog(49)) - Successfully ran Files.createDirectories /home/runner/work/ratis/ratis/ratis-examples/target/test/data/da5193cb/MiniRaftClusterWithNetty71855ece/s5/f72319ef-8bb9-4300-aa15-083b19539b1b
2024-12-14 12:26:04,603 INFO  storage.RaftStorageDirectory (RaftStorageDirectoryImpl.java:tryLock(229)) - Lock on /home/runner/work/ratis/ratis/ratis-examples/target/test/data/da5193cb/MiniRaftClusterWithNetty71855ece/s5/f72319ef-8bb9-4300-aa15-083b19539b1b/in_use.lock acquired by nodename 14700@fv-az733-880
2024-12-14 12:26:04,603 TRACE util.FileUtils (LogUtils.java:runAndLog(49)) - Successfully ran Files.createDirectories /home/runner/work/ratis/ratis/ratis-examples/target/test/data/da5193cb/MiniRaftClusterWithNetty71855ece/s5/f72319ef-8bb9-4300-aa15-083b19539b1b/current
2024-12-14 12:26:04,603 TRACE util.FileUtils (LogUtils.java:runAndLog(49)) - Successfully ran Files.createDirectories /home/runner/work/ratis/ratis/ratis-examples/target/test/data/da5193cb/MiniRaftClusterWithNetty71855ece/s5/f72319ef-8bb9-4300-aa15-083b19539b1b/sm
2024-12-14 12:26:04,603 TRACE util.FileUtils (LogUtils.java:supplyAndLog(69)) - Successfully supplied FileChannel.open /home/runner/work/ratis/ratis/ratis-examples/target/test/data/da5193cb/MiniRaftClusterWithNetty71855ece/s5/f72319ef-8bb9-4300-aa15-083b19539b1b/current/raft-meta.tmp with options [CREATE, WRITE]: sun.nio.ch.FileChannelImpl@4156c1fb
2024-12-14 12:26:04,604 TRACE util.FileUtils (LogUtils.java:runAndLog(49)) - Successfully ran Atomic Files.move /home/runner/work/ratis/ratis/ratis-examples/target/test/data/da5193cb/MiniRaftClusterWithNetty71855ece/s5/f72319ef-8bb9-4300-aa15-083b19539b1b/current/raft-meta.tmp to /home/runner/work/ratis/ratis/ratis-examples/target/test/data/da5193cb/MiniRaftClusterWithNetty71855ece/s5/f72319ef-8bb9-4300-aa15-083b19539b1b/current/raft-meta with options [REPLACE_EXISTING]
2024-12-14 12:26:04,604 INFO  storage.RaftStorage (RaftStorageImpl.java:format(98)) - Storage directory /home/runner/work/ratis/ratis/ratis-examples/target/test/data/da5193cb/MiniRaftClusterWithNetty71855ece/s5/f72319ef-8bb9-4300-aa15-083b19539b1b has been successfully formatted.
2024-12-14 12:26:04,604 WARN  statemachine.StateMachine (ArithmeticStateMachine.java:loadSnapshot(115)) - The snapshot info is null.
2024-12-14 12:26:04,604 INFO  server.RaftServerConfigKeys (ConfUtils.java:logGet(46)) - raft.server.log.use.memory = false (default)
2024-12-14 12:26:04,604 INFO  server.RaftServerConfigKeys (ConfUtils.java:logGet(46)) - raft.server.log.purge.gap = 1024 (default)
2024-12-14 12:26:04,604 INFO  server.RaftServerConfigKeys (ConfUtils.java:logGet(46)) - raft.server.log.appender.buffer.byte-limit = 4MB (=4194304) (default)
2024-12-14 12:26:04,604 INFO  server.RaftServerConfigKeys (ConfUtils.java:logGet(46)) - raft.server.log.statemachine.data.read.timeout = 1000ms (default)
2024-12-14 12:26:04,604 INFO  server.RaftServerConfigKeys (ConfUtils.java:logGet(46)) - raft.server.log.purge.preservation.log.num = 0 (default)
2024-12-14 12:26:04,605 INFO  server.RaftServerConfigKeys (ConfUtils.java:logGet(46)) - raft.server.log.segment.size.max = 32MB (=33554432) (default)
2024-12-14 12:26:04,605 INFO  server.RaftServerConfigKeys (ConfUtils.java:logGet(46)) - raft.server.log.segment.cache.num.max = 6 (default)
2024-12-14 12:26:04,605 INFO  server.RaftServerConfigKeys (ConfUtils.java:logGet(46)) - raft.server.log.segment.cache.size.max = 200MB (=209715200) (default)
2024-12-14 12:26:04,605 INFO  server.RaftServerConfigKeys (ConfUtils.java:logGet(46)) - raft.server.log.appender.buffer.byte-limit = 4MB (=4194304) (default)
2024-12-14 12:26:04,605 INFO  util.AwaitToRun (AwaitToRun.java:start(81)) - Thread[s5@group-083B19539B1B-cacheEviction-AwaitToRun,5,main] started
2024-12-14 12:26:04,605 INFO  segmented.SegmentedRaftLogWorker (SegmentedRaftLogWorker.java:<init>(189)) - new s5@group-083B19539B1B-SegmentedRaftLogWorker for RaftStorageImpl:Storage Directory /home/runner/work/ratis/ratis/ratis-examples/target/test/data/da5193cb/MiniRaftClusterWithNetty71855ece/s5/f72319ef-8bb9-4300-aa15-083b19539b1b
2024-12-14 12:26:04,605 INFO  server.RaftServerConfigKeys (ConfUtils.java:logGet(46)) - raft.server.log.queue.byte-limit = 64MB (=67108864) (default)
2024-12-14 12:26:04,605 INFO  server.RaftServerConfigKeys (ConfUtils.java:logGet(46)) - raft.server.log.queue.element-limit = 4096 (default)
2024-12-14 12:26:04,605 INFO  server.RaftServerConfigKeys (ConfUtils.java:logGet(46)) - raft.server.log.segment.size.max = 32MB (=33554432) (default)
2024-12-14 12:26:04,605 INFO  server.RaftServerConfigKeys (ConfUtils.java:logGet(46)) - raft.server.log.preallocated.size = 4MB (=4194304) (default)
2024-12-14 12:26:04,605 INFO  server.RaftServerConfigKeys (ConfUtils.java:logGet(46)) - raft.server.log.force.sync.num = 128 (default)
2024-12-14 12:26:04,606 INFO  server.RaftServerConfigKeys (ConfUtils.java:logGet(46)) - raft.server.log.statemachine.data.sync = true (default)
2024-12-14 12:26:04,606 INFO  server.RaftServerConfigKeys (ConfUtils.java:logGet(46)) - raft.server.log.statemachine.data.sync.timeout = 10s (default)
2024-12-14 12:26:04,606 INFO  server.RaftServerConfigKeys (ConfUtils.java:logGet(46)) - raft.server.log.statemachine.data.sync.timeout.retry = -1 (default)
2024-12-14 12:26:04,606 INFO  server.RaftServerConfigKeys (ConfUtils.java:logGet(46)) - raft.server.log.write.buffer.size = 8MB (=8388608) (default)
2024-12-14 12:26:04,607 INFO  server.RaftServerConfigKeys (ConfUtils.java:logGet(46)) - raft.server.log.appender.buffer.byte-limit = 4MB (=4194304) (default)
2024-12-14 12:26:04,607 INFO  server.RaftServerConfigKeys (ConfUtils.java:logGet(46)) - raft.server.log.unsafe-flush.enabled = false (default)
2024-12-14 12:26:04,608 INFO  server.RaftServerConfigKeys (ConfUtils.java:logGet(46)) - raft.server.log.async-flush.enabled = false (default)
2024-12-14 12:26:04,608 INFO  server.RaftServerConfigKeys (ConfUtils.java:logGet(46)) - raft.server.log.statemachine.data.caching.enabled = false (default)
2024-12-14 12:26:04,608 INFO  segmented.SegmentedRaftLogWorker (SegmentedRaftLogWorker.java:lambda$new$0(140)) - s5@group-083B19539B1B-SegmentedRaftLogWorker: flushIndex: setUnconditionally 0 -> -1
2024-12-14 12:26:04,608 INFO  segmented.SegmentedRaftLogWorker (SegmentedRaftLogWorker.java:lambda$new$0(140)) - s5@group-083B19539B1B-SegmentedRaftLogWorker: safeCacheEvictIndex: setUnconditionally 0 -> -1
2024-12-14 12:26:04,608 INFO  server.RaftServer$Division (RaftServerImpl.java:start(392)) - s5@group-083B19539B1B: start as a follower, conf=conf: {index: -1, cur=peers:[s4|0.0.0.0:15019, s5|0.0.0.0:15020, s6|0.0.0.0:15021]|listeners:[], old=null}
2024-12-14 12:26:04,608 INFO  server.RaftServer$Division (RaftServerImpl.java:setRole(379)) - s5@group-083B19539B1B: changes role from      null to FOLLOWER at term 0 for startAsFollower
2024-12-14 12:26:04,608 INFO  impl.RoleInfo (RoleInfo.java:updateAndGet(148)) - s5: start s5@group-083B19539B1B-FollowerState
2024-12-14 12:26:04,608 INFO  util.JmxRegister (JmxRegister.java:tryRegister(44)) - Successfully registered JMX Bean with object name Ratis:service=RaftServer,group=group-083B19539B1B,id=s5
2024-12-14 12:26:04,608 INFO  util.JmxRegister (JmxRegister.java:register(58)) - register mxBean class org.apache.ratis.server.impl.RaftServerJmxAdapter as Ratis:service=RaftServer,group=group-083B19539B1B,id=s5
2024-12-14 12:26:04,608 INFO  server.RaftServerConfigKeys (ConfUtils.java:logFallback(53)) - raft.server.rpc.first-election.timeout.min = 300ms (fallback to raft.server.rpc.timeout.min)
2024-12-14 12:26:04,608 INFO  server.RaftServerConfigKeys (ConfUtils.java:logGet(46)) - raft.server.snapshot.trigger-when-stop.enabled = true (default)
2024-12-14 12:26:04,608 INFO  server.RaftServerConfigKeys (ConfUtils.java:logFallback(53)) - raft.server.rpc.first-election.timeout.max = 600ms (fallback to raft.server.rpc.timeout.max)
2024-12-14 12:26:04,608 INFO  server.RaftServerConfigKeys (ConfUtils.java:logGet(46)) - raft.server.snapshot.trigger-when-remove.enabled = true (default)
2024-12-14 12:26:04,609 INFO  server.RaftServerConfigKeys (ConfUtils.java:logGet(46)) - raft.server.snapshot.auto.trigger.enabled = false (default)
2024-12-14 12:26:04,609 INFO  server.RaftServerConfigKeys (ConfUtils.java:logGet(46)) - raft.server.snapshot.retention.file.num = -1 (default)
2024-12-14 12:26:04,609 INFO  server.RaftServerConfigKeys (ConfUtils.java:logGet(46)) - raft.server.log.purge.upto.snapshot.index = false (default)
2024-12-14 12:26:04,609 INFO  server.RaftServer$Division (RaftServerImpl.java:start(406)) - s5@group-083B19539B1B: Successfully started.
2024-12-14 12:26:04,611 INFO  netty.NettyUtils (NettyUtils.java:newEventLoopGroup(74)) - Create EpollEventLoopGroup for client-E5A7F720CDC8; Thread size is 0.
2024-12-14 12:26:04,613 INFO  logging.LoggingHandler (AbstractInternalLogger.java:log(148)) - [id: 0xc03d2d0e, L:/0.0.0.0:15021] READ: [id: 0xd91a8939, L:/127.0.0.1:15021 - R:/127.0.0.1:52392]
2024-12-14 12:26:04,613 INFO  logging.LoggingHandler (AbstractInternalLogger.java:log(148)) - [id: 0xc03d2d0e, L:/0.0.0.0:15021] READ COMPLETE
2024-12-14 12:26:04,614 INFO  server.RaftServer (RaftServerProxy.java:addNew(101)) - s6: addNew group-083B19539B1B:[s4|0.0.0.0:15019, s5|0.0.0.0:15020, s6|0.0.0.0:15021] returns group-083B19539B1B:java.util.concurrent.CompletableFuture@6954082a[Not completed]
2024-12-14 12:26:04,614 INFO  server.RaftServer$Division (RaftServerImpl.java:<init>(256)) - s6: new RaftServerImpl for group-083B19539B1B:[s4|0.0.0.0:15019, s5|0.0.0.0:15020, s6|0.0.0.0:15021] with ArithmeticStateMachine:uninitialized
2024-12-14 12:26:04,614 INFO  server.RaftServerConfigKeys (ConfUtils.java:logGet(46)) - raft.server.rpc.timeout.min = 300ms (custom)
2024-12-14 12:26:04,615 INFO  server.RaftServerConfigKeys (ConfUtils.java:logGet(46)) - raft.server.rpc.timeout.max = 600ms (custom)
2024-12-14 12:26:04,615 INFO  server.RaftServerConfigKeys (ConfUtils.java:logGet(46)) - raft.server.rpc.sleep.time = 25ms (default)
2024-12-14 12:26:04,615 INFO  server.RaftServerConfigKeys (ConfUtils.java:logGet(46)) - raft.server.rpc.slowness.timeout = 60s (default)
2024-12-14 12:26:04,615 INFO  server.RaftServerConfigKeys (ConfUtils.java:logGet(46)) - raft.server.leaderelection.leader.step-down.wait-time = 10s (default)
2024-12-14 12:26:04,615 INFO  server.RaftServerConfigKeys (ConfUtils.java:logGet(46)) - raft.server.leaderelection.member.majority-add = false (default)
2024-12-14 12:26:04,615 INFO  server.RaftServerConfigKeys (ConfUtils.java:logGet(46)) - raft.server.sleep.deviation.threshold = 300ms (default)
2024-12-14 12:26:04,615 INFO  server.RaftServer$Division (ServerState.java:<init>(114)) - s6@group-083B19539B1B: ConfigurationManager, init=conf: {index: -1, cur=peers:[s4|0.0.0.0:15019, s5|0.0.0.0:15020, s6|0.0.0.0:15021]|listeners:[], old=null}, confs=<EMPTY_MAP>
2024-12-14 12:26:04,615 INFO  server.RaftServerConfigKeys (ConfUtils.java:logGet(46)) - raft.server.notification.no-leader.timeout = 60s (default)
2024-12-14 12:26:04,615 INFO  server.RaftServerConfigKeys (ConfUtils.java:logGet(46)) - raft.server.read.timeout = 10s (default)
2024-12-14 12:26:04,615 INFO  server.RaftServerConfigKeys (ConfUtils.java:logGet(46)) - raft.server.retrycache.expirytime = 60s (default)
2024-12-14 12:26:04,615 INFO  server.RaftServerConfigKeys (ConfUtils.java:logGet(46)) - raft.server.retrycache.statistics.expirytime = 100ms (default)
2024-12-14 12:26:04,615 INFO  server.RaftServerConfigKeys (ConfUtils.java:logGet(46)) - raft.server.read.option = DEFAULT (default)
2024-12-14 12:26:04,615 INFO  server.RaftServerConfigKeys (ConfUtils.java:logGet(46)) - raft.server.read.read-after-write-consistent.write-index-cache.expiry-time = 60s (default)
2024-12-14 12:26:04,616 INFO  server.RaftServerConfigKeys (ConfUtils.java:logGet(46)) - raft.server.rpc.request.timeout = 3000ms (default)
2024-12-14 12:26:04,616 INFO  server.RaftServerConfigKeys (ConfUtils.java:logGet(46)) - raft.server.log.appender.install.snapshot.enabled = true (default)
2024-12-14 12:26:04,616 INFO  server.RaftServerConfigKeys (ConfUtils.java:logGet(46)) - raft.server.threadpool.server.cached = true (default)
2024-12-14 12:26:04,616 INFO  server.RaftServerConfigKeys (ConfUtils.java:logGet(46)) - raft.server.threadpool.server.size = 0 (default)
2024-12-14 12:26:04,616 INFO  server.RaftServerConfigKeys (ConfUtils.java:logGet(46)) - raft.server.threadpool.client.cached = true (default)
2024-12-14 12:26:04,616 INFO  server.RaftServerConfigKeys (ConfUtils.java:logGet(46)) - raft.server.threadpool.client.size = 0 (default)
2024-12-14 12:26:04,616 INFO  server.RaftServerConfigKeys (ConfUtils.java:logGet(46)) - raft.server.storage.free-space.min = 0MB (=0) (default)
2024-12-14 12:26:04,616 INFO  server.RaftServerConfigKeys (ConfUtils.java:logGet(46)) - raft.server.log.corruption.policy = EXCEPTION (default)
2024-12-14 12:26:04,616 INFO  server.RaftServerConfigKeys (ConfUtils.java:logGet(46)) - raft.server.storage.dir = [/home/runner/work/ratis/ratis/ratis-examples/target/test/data/da5193cb/MiniRaftClusterWithNetty71855ece/s6] (custom)
2024-12-14 12:26:04,617 INFO  storage.RaftStorageDirectory (RaftStorageDirectoryImpl.java:analyzeStorage(138)) - The storage directory /home/runner/work/ratis/ratis/ratis-examples/target/test/data/da5193cb/MiniRaftClusterWithNetty71855ece/s6/f72319ef-8bb9-4300-aa15-083b19539b1b does not exist. Creating ...
2024-12-14 12:26:04,617 TRACE util.FileUtils (LogUtils.java:runAndLog(49)) - Successfully ran Files.createDirectories /home/runner/work/ratis/ratis/ratis-examples/target/test/data/da5193cb/MiniRaftClusterWithNetty71855ece/s6/f72319ef-8bb9-4300-aa15-083b19539b1b
2024-12-14 12:26:04,617 INFO  storage.RaftStorageDirectory (RaftStorageDirectoryImpl.java:tryLock(229)) - Lock on /home/runner/work/ratis/ratis/ratis-examples/target/test/data/da5193cb/MiniRaftClusterWithNetty71855ece/s6/f72319ef-8bb9-4300-aa15-083b19539b1b/in_use.lock acquired by nodename 14700@fv-az733-880
2024-12-14 12:26:04,618 TRACE util.FileUtils (LogUtils.java:runAndLog(49)) - Successfully ran Files.createDirectories /home/runner/work/ratis/ratis/ratis-examples/target/test/data/da5193cb/MiniRaftClusterWithNetty71855ece/s6/f72319ef-8bb9-4300-aa15-083b19539b1b/current
2024-12-14 12:26:04,618 TRACE util.FileUtils (LogUtils.java:runAndLog(49)) - Successfully ran Files.createDirectories /home/runner/work/ratis/ratis/ratis-examples/target/test/data/da5193cb/MiniRaftClusterWithNetty71855ece/s6/f72319ef-8bb9-4300-aa15-083b19539b1b/sm
2024-12-14 12:26:04,618 TRACE util.FileUtils (LogUtils.java:supplyAndLog(69)) - Successfully supplied FileChannel.open /home/runner/work/ratis/ratis/ratis-examples/target/test/data/da5193cb/MiniRaftClusterWithNetty71855ece/s6/f72319ef-8bb9-4300-aa15-083b19539b1b/current/raft-meta.tmp with options [CREATE, WRITE]: sun.nio.ch.FileChannelImpl@36a3337e
2024-12-14 12:26:04,622 TRACE util.FileUtils (LogUtils.java:runAndLog(49)) - Successfully ran Atomic Files.move /home/runner/work/ratis/ratis/ratis-examples/target/test/data/da5193cb/MiniRaftClusterWithNetty71855ece/s6/f72319ef-8bb9-4300-aa15-083b19539b1b/current/raft-meta.tmp to /home/runner/work/ratis/ratis/ratis-examples/target/test/data/da5193cb/MiniRaftClusterWithNetty71855ece/s6/f72319ef-8bb9-4300-aa15-083b19539b1b/current/raft-meta with options [REPLACE_EXISTING]
2024-12-14 12:26:04,622 INFO  storage.RaftStorage (RaftStorageImpl.java:format(98)) - Storage directory /home/runner/work/ratis/ratis/ratis-examples/target/test/data/da5193cb/MiniRaftClusterWithNetty71855ece/s6/f72319ef-8bb9-4300-aa15-083b19539b1b has been successfully formatted.
2024-12-14 12:26:04,622 WARN  statemachine.StateMachine (ArithmeticStateMachine.java:loadSnapshot(115)) - The snapshot info is null.
2024-12-14 12:26:04,622 INFO  server.RaftServerConfigKeys (ConfUtils.java:logGet(46)) - raft.server.log.use.memory = false (default)
2024-12-14 12:26:04,622 INFO  server.RaftServerConfigKeys (ConfUtils.java:logGet(46)) - raft.server.log.purge.gap = 1024 (default)
2024-12-14 12:26:04,622 INFO  server.RaftServerConfigKeys (ConfUtils.java:logGet(46)) - raft.server.log.appender.buffer.byte-limit = 4MB (=4194304) (default)
2024-12-14 12:26:04,622 INFO  server.RaftServerConfigKeys (ConfUtils.java:logGet(46)) - raft.server.log.statemachine.data.read.timeout = 1000ms (default)
2024-12-14 12:26:04,623 INFO  server.RaftServerConfigKeys (ConfUtils.java:logGet(46)) - raft.server.log.purge.preservation.log.num = 0 (default)
2024-12-14 12:26:04,623 INFO  server.RaftServerConfigKeys (ConfUtils.java:logGet(46)) - raft.server.log.segment.size.max = 32MB (=33554432) (default)
2024-12-14 12:26:04,623 INFO  server.RaftServerConfigKeys (ConfUtils.java:logGet(46)) - raft.server.log.segment.cache.num.max = 6 (default)
2024-12-14 12:26:04,623 INFO  server.RaftServerConfigKeys (ConfUtils.java:logGet(46)) - raft.server.log.segment.cache.size.max = 200MB (=209715200) (default)
2024-12-14 12:26:04,623 INFO  server.RaftServerConfigKeys (ConfUtils.java:logGet(46)) - raft.server.log.appender.buffer.byte-limit = 4MB (=4194304) (default)
2024-12-14 12:26:04,623 INFO  util.AwaitToRun (AwaitToRun.java:start(81)) - Thread[s6@group-083B19539B1B-cacheEviction-AwaitToRun,5,main] started
2024-12-14 12:26:04,623 INFO  segmented.SegmentedRaftLogWorker (SegmentedRaftLogWorker.java:<init>(189)) - new s6@group-083B19539B1B-SegmentedRaftLogWorker for RaftStorageImpl:Storage Directory /home/runner/work/ratis/ratis/ratis-examples/target/test/data/da5193cb/MiniRaftClusterWithNetty71855ece/s6/f72319ef-8bb9-4300-aa15-083b19539b1b
2024-12-14 12:26:04,623 INFO  server.RaftServerConfigKeys (ConfUtils.java:logGet(46)) - raft.server.log.queue.byte-limit = 64MB (=67108864) (default)
2024-12-14 12:26:04,623 INFO  server.RaftServerConfigKeys (ConfUtils.java:logGet(46)) - raft.server.log.queue.element-limit = 4096 (default)
2024-12-14 12:26:04,623 INFO  server.RaftServerConfigKeys (ConfUtils.java:logGet(46)) - raft.server.log.segment.size.max = 32MB (=33554432) (default)
2024-12-14 12:26:04,623 INFO  server.RaftServerConfigKeys (ConfUtils.java:logGet(46)) - raft.server.log.preallocated.size = 4MB (=4194304) (default)
2024-12-14 12:26:04,623 INFO  server.RaftServerConfigKeys (ConfUtils.java:logGet(46)) - raft.server.log.force.sync.num = 128 (default)
2024-12-14 12:26:04,623 INFO  server.RaftServerConfigKeys (ConfUtils.java:logGet(46)) - raft.server.log.statemachine.data.sync = true (default)
2024-12-14 12:26:04,623 INFO  server.RaftServerConfigKeys (ConfUtils.java:logGet(46)) - raft.server.log.statemachine.data.sync.timeout = 10s (default)
2024-12-14 12:26:04,623 INFO  server.RaftServerConfigKeys (ConfUtils.java:logGet(46)) - raft.server.log.statemachine.data.sync.timeout.retry = -1 (default)
2024-12-14 12:26:04,623 INFO  server.RaftServerConfigKeys (ConfUtils.java:logGet(46)) - raft.server.log.write.buffer.size = 8MB (=8388608) (default)
2024-12-14 12:26:04,624 INFO  server.RaftServerConfigKeys (ConfUtils.java:logGet(46)) - raft.server.log.appender.buffer.byte-limit = 4MB (=4194304) (default)
2024-12-14 12:26:04,624 INFO  server.RaftServerConfigKeys (ConfUtils.java:logGet(46)) - raft.server.log.unsafe-flush.enabled = false (default)
2024-12-14 12:26:04,624 INFO  server.RaftServerConfigKeys (ConfUtils.java:logGet(46)) - raft.server.log.async-flush.enabled = false (default)
2024-12-14 12:26:04,624 INFO  server.RaftServerConfigKeys (ConfUtils.java:logGet(46)) - raft.server.log.statemachine.data.caching.enabled = false (default)
2024-12-14 12:26:04,624 INFO  segmented.SegmentedRaftLogWorker (SegmentedRaftLogWorker.java:lambda$new$0(140)) - s6@group-083B19539B1B-SegmentedRaftLogWorker: flushIndex: setUnconditionally 0 -> -1
2024-12-14 12:26:04,624 INFO  segmented.SegmentedRaftLogWorker (SegmentedRaftLogWorker.java:lambda$new$0(140)) - s6@group-083B19539B1B-SegmentedRaftLogWorker: safeCacheEvictIndex: setUnconditionally 0 -> -1
2024-12-14 12:26:04,625 INFO  server.RaftServer$Division (RaftServerImpl.java:start(392)) - s6@group-083B19539B1B: start as a follower, conf=conf: {index: -1, cur=peers:[s4|0.0.0.0:15019, s5|0.0.0.0:15020, s6|0.0.0.0:15021]|listeners:[], old=null}
2024-12-14 12:26:04,625 INFO  server.RaftServer$Division (RaftServerImpl.java:setRole(379)) - s6@group-083B19539B1B: changes role from      null to FOLLOWER at term 0 for startAsFollower
2024-12-14 12:26:04,625 INFO  impl.RoleInfo (RoleInfo.java:updateAndGet(148)) - s6: start s6@group-083B19539B1B-FollowerState
2024-12-14 12:26:04,625 INFO  util.JmxRegister (JmxRegister.java:tryRegister(44)) - Successfully registered JMX Bean with object name Ratis:service=RaftServer,group=group-083B19539B1B,id=s6
2024-12-14 12:26:04,625 INFO  util.JmxRegister (JmxRegister.java:register(58)) - register mxBean class org.apache.ratis.server.impl.RaftServerJmxAdapter as Ratis:service=RaftServer,group=group-083B19539B1B,id=s6
2024-12-14 12:26:04,625 INFO  server.RaftServerConfigKeys (ConfUtils.java:logFallback(53)) - raft.server.rpc.first-election.timeout.min = 300ms (fallback to raft.server.rpc.timeout.min)
2024-12-14 12:26:04,625 INFO  server.RaftServerConfigKeys (ConfUtils.java:logGet(46)) - raft.server.snapshot.trigger-when-stop.enabled = true (default)
2024-12-14 12:26:04,625 INFO  server.RaftServerConfigKeys (ConfUtils.java:logGet(46)) - raft.server.snapshot.trigger-when-remove.enabled = true (default)
2024-12-14 12:26:04,625 INFO  server.RaftServerConfigKeys (ConfUtils.java:logFallback(53)) - raft.server.rpc.first-election.timeout.max = 600ms (fallback to raft.server.rpc.timeout.max)
2024-12-14 12:26:04,625 INFO  server.RaftServerConfigKeys (ConfUtils.java:logGet(46)) - raft.server.snapshot.auto.trigger.enabled = false (default)
2024-12-14 12:26:04,625 INFO  server.RaftServerConfigKeys (ConfUtils.java:logGet(46)) - raft.server.snapshot.retention.file.num = -1 (default)
2024-12-14 12:26:04,625 INFO  server.RaftServerConfigKeys (ConfUtils.java:logGet(46)) - raft.server.log.purge.upto.snapshot.index = false (default)
2024-12-14 12:26:04,626 INFO  server.RaftServer$Division (RaftServerImpl.java:start(406)) - s6@group-083B19539B1B: Successfully started.
2024-12-14 12:26:04,628 INFO  server.RaftServerConfigKeys (ConfUtils.java:logGet(46)) - raft.server.rpc.timeout.max = 600ms (custom)
2024-12-14 12:26:04,628 INFO  ratis.RaftTestUtil (RaftTestUtil.java:waitForLeader(107)) - printing group-083B19539B1B
  s4:  RUNNING [
   FOLLOWER s4@group-083B19539B1B:t0, leader=null, voted=, raftlog=Memoized:s4@group-083B19539B1B-SegmentedRaftLog:OPENED:c-1:lastnull, conf=conf: {index: -1, cur=peers:[s4|0.0.0.0:15019, s5|0.0.0.0:15020, s6|0.0.0.0:15021]|listeners:[], old=null} RUNNING
   FOLLOWER s4@group-0A0C1A18FF69:t0, leader=null, voted=, raftlog=Memoized:s4@group-0A0C1A18FF69-SegmentedRaftLog:OPENED:c-1:lastnull, conf=conf: {index: -1, cur=peers:[]|listeners:[], old=null} STARTING] size=2
  s5:  RUNNING [
   FOLLOWER s5@group-083B19539B1B:t0, leader=null, voted=, raftlog=Memoized:s5@group-083B19539B1B-SegmentedRaftLog:OPENED:c-1:lastnull, conf=conf: {index: -1, cur=peers:[s4|0.0.0.0:15019, s5|0.0.0.0:15020, s6|0.0.0.0:15021]|listeners:[], old=null} RUNNING
   FOLLOWER s5@group-0A0C1A18FF69:t0, leader=null, voted=, raftlog=Memoized:s5@group-0A0C1A18FF69-SegmentedRaftLog:OPENED:c-1:lastnull, conf=conf: {index: -1, cur=peers:[]|listeners:[], old=null} STARTING] size=2
  s6:  RUNNING [
   FOLLOWER s6@group-083B19539B1B:t0, leader=null, voted=, raftlog=Memoized:s6@group-083B19539B1B-SegmentedRaftLog:OPENED:c-1:lastnull, conf=conf: {index: -1, cur=peers:[s4|0.0.0.0:15019, s5|0.0.0.0:15020, s6|0.0.0.0:15021]|listeners:[], old=null} RUNNING
   FOLLOWER s6@group-0A0C1A18FF69:t0, leader=null, voted=, raftlog=Memoized:s6@group-0A0C1A18FF69-SegmentedRaftLog:OPENED:c-1:lastnull, conf=conf: {index: -1, cur=peers:[]|listeners:[], old=null} STARTING] size=2
2024-12-14 12:26:04,628 WARN  ratis.RaftTestUtil (RaftTestUtil.java:lambda$waitForLeader$3(126)) - Attempt #1 failed: java.lang.IllegalStateException: No leader yet  for group-083B19539B1B: printing group-083B19539B1B
  s4:  RUNNING [
   FOLLOWER s4@group-083B19539B1B:t0, leader=null, voted=, raftlog=Memoized:s4@group-083B19539B1B-SegmentedRaftLog:OPENED:c-1:lastnull, conf=conf: {index: -1, cur=peers:[s4|0.0.0.0:15019, s5|0.0.0.0:15020, s6|0.0.0.0:15021]|listeners:[], old=null} RUNNING
   FOLLOWER s4@group-0A0C1A18FF69:t0, leader=null, voted=, raftlog=Memoized:s4@group-0A0C1A18FF69-SegmentedRaftLog:OPENED:c-1:lastnull, conf=conf: {index: -1, cur=peers:[]|listeners:[], old=null} STARTING] size=2
  s5:  RUNNING [
   FOLLOWER s5@group-083B19539B1B:t0, leader=null, voted=, raftlog=Memoized:s5@group-083B19539B1B-SegmentedRaftLog:OPENED:c-1:lastnull, conf=conf: {index: -1, cur=peers:[s4|0.0.0.0:15019, s5|0.0.0.0:15020, s6|0.0.0.0:15021]|listeners:[], old=null} RUNNING
   FOLLOWER s5@group-0A0C1A18FF69:t0, leader=null, voted=, raftlog=Memoized:s5@group-0A0C1A18FF69-SegmentedRaftLog:OPENED:c-1:lastnull, conf=conf: {index: -1, cur=peers:[]|listeners:[], old=null} STARTING] size=2
  s6:  RUNNING [
   FOLLOWER s6@group-083B19539B1B:t0, leader=null, voted=, raftlog=Memoized:s6@group-083B19539B1B-SegmentedRaftLog:OPENED:c-1:lastnull, conf=conf: {index: -1, cur=peers:[s4|0.0.0.0:15019, s5|0.0.0.0:15020, s6|0.0.0.0:15021]|listeners:[], old=null} RUNNING
   FOLLOWER s6@group-0A0C1A18FF69:t0, leader=null, voted=, raftlog=Memoized:s6@group-0A0C1A18FF69-SegmentedRaftLog:OPENED:c-1:lastnull, conf=conf: {index: -1, cur=peers:[]|listeners:[], old=null} STARTING] size=2
2024-12-14 12:26:05,145 INFO  impl.FollowerState (FollowerState.java:runImpl(161)) - s5@group-083B19539B1B-FollowerState: change to CANDIDATE, lastRpcElapsedTime:536556874ns, electionTimeout:536ms
2024-12-14 12:26:05,145 INFO  impl.RoleInfo (RoleInfo.java:shutdownFollowerState(121)) - s5: shutdown s5@group-083B19539B1B-FollowerState
2024-12-14 12:26:05,145 INFO  server.RaftServer$Division (RaftServerImpl.java:setRole(379)) - s5@group-083B19539B1B: changes role from  FOLLOWER to CANDIDATE at term 0 for changeToCandidate
2024-12-14 12:26:05,145 INFO  server.RaftServerConfigKeys (ConfUtils.java:logGet(46)) - raft.server.leaderelection.pre-vote = true (default)
2024-12-14 12:26:05,145 INFO  impl.RoleInfo (RoleInfo.java:updateAndGet(148)) - s5: start s5@group-083B19539B1B-LeaderElection24
2024-12-14 12:26:05,146 INFO  impl.LeaderElection (LeaderElection.java:askForVotes(332)) - s5@group-083B19539B1B-LeaderElection24 PRE_VOTE round 0: submit vote requests at term 0 for conf: {index: -1, cur=peers:[s4|0.0.0.0:15019, s5|0.0.0.0:15020, s6|0.0.0.0:15021]|listeners:[], old=null}
2024-12-14 12:26:05,146 INFO  server.RaftServerConfigKeys (ConfUtils.java:logFallback(53)) - raft.server.rpc.first-election.timeout.min = 300ms (fallback to raft.server.rpc.timeout.min)
2024-12-14 12:26:05,146 INFO  server.RaftServerConfigKeys (ConfUtils.java:logFallback(53)) - raft.server.rpc.first-election.timeout.max = 600ms (fallback to raft.server.rpc.timeout.max)
2024-12-14 12:26:05,149 INFO  logging.LoggingHandler (AbstractInternalLogger.java:log(148)) - [id: 0xc03d2d0e, L:/0.0.0.0:15021] READ: [id: 0x84d57141, L:/127.0.0.1:15021 - R:/127.0.0.1:52406]
2024-12-14 12:26:05,149 INFO  logging.LoggingHandler (AbstractInternalLogger.java:log(148)) - [id: 0x0977b22d, L:/0.0.0.0:15019] READ: [id: 0x2d1159c9, L:/127.0.0.1:15019 - R:/127.0.0.1:39532]
2024-12-14 12:26:05,149 INFO  logging.LoggingHandler (AbstractInternalLogger.java:log(148)) - [id: 0xc03d2d0e, L:/0.0.0.0:15021] READ COMPLETE
2024-12-14 12:26:05,149 INFO  logging.LoggingHandler (AbstractInternalLogger.java:log(148)) - [id: 0x0977b22d, L:/0.0.0.0:15019] READ COMPLETE
2024-12-14 12:26:05,150 INFO  server.RaftServer$Division (RaftServerImpl.java:requestVote(1452)) - s4@group-083B19539B1B: receive requestVote(PRE_VOTE, s5, group-083B19539B1B, 0, (t:0, i:0))
2024-12-14 12:26:05,150 INFO  impl.VoteContext (VoteContext.java:log(49)) - s4@group-083B19539B1B-FOLLOWER: accept PRE_VOTE from s5: our priority 0 <= candidate's priority 0
2024-12-14 12:26:05,150 INFO  server.RaftServer$Division (RaftServerImpl.java:requestVote(1486)) - s4@group-083B19539B1B replies to PRE_VOTE vote request: s5<-s4#0:OK-t0. Peer's state: s4@group-083B19539B1B:t0, leader=null, voted=, raftlog=Memoized:s4@group-083B19539B1B-SegmentedRaftLog:OPENED:c-1:lastnull, conf=conf: {index: -1, cur=peers:[s4|0.0.0.0:15019, s5|0.0.0.0:15020, s6|0.0.0.0:15021]|listeners:[], old=null}
2024-12-14 12:26:05,151 INFO  impl.LeaderElection (LeaderElection.java:logAndReturn(90)) - s5@group-083B19539B1B-LeaderElection24: PRE_VOTE PASSED received 1 response(s) and 0 exception(s):
2024-12-14 12:26:05,151 INFO  impl.LeaderElection (LeaderElection.java:logAndReturn(94)) -   Response 0: s5<-s4#0:OK-t0
2024-12-14 12:26:05,151 INFO  impl.LeaderElection (LeaderElection.java:askForVotes(334)) - s5@group-083B19539B1B-LeaderElection24 PRE_VOTE round 0: result PASSED
2024-12-14 12:26:05,151 TRACE util.FileUtils (LogUtils.java:supplyAndLog(69)) - Successfully supplied FileChannel.open /home/runner/work/ratis/ratis/ratis-examples/target/test/data/da5193cb/MiniRaftClusterWithNetty71855ece/s5/f72319ef-8bb9-4300-aa15-083b19539b1b/current/raft-meta.tmp with options [CREATE, WRITE]: sun.nio.ch.FileChannelImpl@5704d695
2024-12-14 12:26:05,152 INFO  server.RaftServer$Division (RaftServerImpl.java:requestVote(1452)) - s6@group-083B19539B1B: receive requestVote(PRE_VOTE, s5, group-083B19539B1B, 0, (t:0, i:0))
2024-12-14 12:26:05,152 INFO  impl.VoteContext (VoteContext.java:log(49)) - s6@group-083B19539B1B-FOLLOWER: accept PRE_VOTE from s5: our priority 0 <= candidate's priority 0
2024-12-14 12:26:05,152 INFO  server.RaftServer$Division (RaftServerImpl.java:requestVote(1486)) - s6@group-083B19539B1B replies to PRE_VOTE vote request: s5<-s6#0:OK-t0. Peer's state: s6@group-083B19539B1B:t0, leader=null, voted=, raftlog=Memoized:s6@group-083B19539B1B-SegmentedRaftLog:OPENED:c-1:lastnull, conf=conf: {index: -1, cur=peers:[s4|0.0.0.0:15019, s5|0.0.0.0:15020, s6|0.0.0.0:15021]|listeners:[], old=null}
2024-12-14 12:26:05,153 TRACE util.FileUtils (LogUtils.java:runAndLog(49)) - Successfully ran Atomic Files.move /home/runner/work/ratis/ratis/ratis-examples/target/test/data/da5193cb/MiniRaftClusterWithNetty71855ece/s5/f72319ef-8bb9-4300-aa15-083b19539b1b/current/raft-meta.tmp to /home/runner/work/ratis/ratis/ratis-examples/target/test/data/da5193cb/MiniRaftClusterWithNetty71855ece/s5/f72319ef-8bb9-4300-aa15-083b19539b1b/current/raft-meta with options [REPLACE_EXISTING]
2024-12-14 12:26:05,153 INFO  impl.LeaderElection (LeaderElection.java:askForVotes(332)) - s5@group-083B19539B1B-LeaderElection24 ELECTION round 0: submit vote requests at term 1 for conf: {index: -1, cur=peers:[s4|0.0.0.0:15019, s5|0.0.0.0:15020, s6|0.0.0.0:15021]|listeners:[], old=null}
2024-12-14 12:26:05,153 INFO  server.RaftServerConfigKeys (ConfUtils.java:logFallback(53)) - raft.server.rpc.first-election.timeout.min = 300ms (fallback to raft.server.rpc.timeout.min)
2024-12-14 12:26:05,153 INFO  server.RaftServerConfigKeys (ConfUtils.java:logFallback(53)) - raft.server.rpc.first-election.timeout.max = 600ms (fallback to raft.server.rpc.timeout.max)
2024-12-14 12:26:05,154 INFO  server.RaftServer$Division (RaftServerImpl.java:requestVote(1452)) - s6@group-083B19539B1B: receive requestVote(ELECTION, s5, group-083B19539B1B, 1, (t:0, i:0))
2024-12-14 12:26:05,154 INFO  impl.VoteContext (VoteContext.java:log(49)) - s6@group-083B19539B1B-FOLLOWER: accept ELECTION from s5: our priority 0 <= candidate's priority 0
2024-12-14 12:26:05,154 INFO  server.RaftServer$Division (RaftServerImpl.java:setRole(379)) - s6@group-083B19539B1B: changes role from  FOLLOWER to FOLLOWER at term 0 for candidate:s5
2024-12-14 12:26:05,154 INFO  impl.RoleInfo (RoleInfo.java:shutdownFollowerState(121)) - s6: shutdown s6@group-083B19539B1B-FollowerState
2024-12-14 12:26:05,155 INFO  impl.RoleInfo (RoleInfo.java:updateAndGet(148)) - s6: start s6@group-083B19539B1B-FollowerState
2024-12-14 12:26:05,155 INFO  impl.FollowerState (FollowerState.java:runImpl(170)) - s6@group-083B19539B1B-FollowerState was interrupted
2024-12-14 12:26:05,155 INFO  server.RaftServer$Division (RaftServerImpl.java:setFirstElection(563)) - s6@group-083B19539B1B: set firstElectionSinceStartup to false for candidate:s5
2024-12-14 12:26:05,155 TRACE util.FileUtils (LogUtils.java:supplyAndLog(69)) - Successfully supplied FileChannel.open /home/runner/work/ratis/ratis/ratis-examples/target/test/data/da5193cb/MiniRaftClusterWithNetty71855ece/s6/f72319ef-8bb9-4300-aa15-083b19539b1b/current/raft-meta.tmp with options [CREATE, WRITE]: sun.nio.ch.FileChannelImpl@293ed96d
2024-12-14 12:26:05,156 INFO  server.RaftServer$Division (RaftServerImpl.java:requestVote(1452)) - s4@group-083B19539B1B: receive requestVote(ELECTION, s5, group-083B19539B1B, 1, (t:0, i:0))
2024-12-14 12:26:05,156 INFO  impl.VoteContext (VoteContext.java:log(49)) - s4@group-083B19539B1B-FOLLOWER: accept ELECTION from s5: our priority 0 <= candidate's priority 0
2024-12-14 12:26:05,156 INFO  server.RaftServer$Division (RaftServerImpl.java:setRole(379)) - s4@group-083B19539B1B: changes role from  FOLLOWER to FOLLOWER at term 0 for candidate:s5
2024-12-14 12:26:05,156 INFO  impl.RoleInfo (RoleInfo.java:shutdownFollowerState(121)) - s4: shutdown s4@group-083B19539B1B-FollowerState
2024-12-14 12:26:05,156 INFO  impl.RoleInfo (RoleInfo.java:updateAndGet(148)) - s4: start s4@group-083B19539B1B-FollowerState
2024-12-14 12:26:05,157 INFO  server.RaftServer$Division (RaftServerImpl.java:setFirstElection(563)) - s4@group-083B19539B1B: set firstElectionSinceStartup to false for candidate:s5
2024-12-14 12:26:05,157 TRACE util.FileUtils (LogUtils.java:supplyAndLog(69)) - Successfully supplied FileChannel.open /home/runner/work/ratis/ratis/ratis-examples/target/test/data/da5193cb/MiniRaftClusterWithNetty71855ece/s4/f72319ef-8bb9-4300-aa15-083b19539b1b/current/raft-meta.tmp with options [CREATE, WRITE]: sun.nio.ch.FileChannelImpl@15186c2b
2024-12-14 12:26:05,158 TRACE util.FileUtils (LogUtils.java:runAndLog(49)) - Successfully ran Atomic Files.move /home/runner/work/ratis/ratis/ratis-examples/target/test/data/da5193cb/MiniRaftClusterWithNetty71855ece/s4/f72319ef-8bb9-4300-aa15-083b19539b1b/current/raft-meta.tmp to /home/runner/work/ratis/ratis/ratis-examples/target/test/data/da5193cb/MiniRaftClusterWithNetty71855ece/s4/f72319ef-8bb9-4300-aa15-083b19539b1b/current/raft-meta with options [REPLACE_EXISTING]
2024-12-14 12:26:05,158 INFO  server.RaftServer$Division (RaftServerImpl.java:requestVote(1486)) - s4@group-083B19539B1B replies to ELECTION vote request: s5<-s4#0:OK-t1. Peer's state: s4@group-083B19539B1B:t1, leader=null, voted=s5, raftlog=Memoized:s4@group-083B19539B1B-SegmentedRaftLog:OPENED:c-1:lastnull, conf=conf: {index: -1, cur=peers:[s4|0.0.0.0:15019, s5|0.0.0.0:15020, s6|0.0.0.0:15021]|listeners:[], old=null}
2024-12-14 12:26:05,161 INFO  impl.FollowerState (FollowerState.java:runImpl(170)) - s4@group-083B19539B1B-FollowerState was interrupted
2024-12-14 12:26:05,161 TRACE util.FileUtils (LogUtils.java:runAndLog(49)) - Successfully ran Atomic Files.move /home/runner/work/ratis/ratis/ratis-examples/target/test/data/da5193cb/MiniRaftClusterWithNetty71855ece/s6/f72319ef-8bb9-4300-aa15-083b19539b1b/current/raft-meta.tmp to /home/runner/work/ratis/ratis/ratis-examples/target/test/data/da5193cb/MiniRaftClusterWithNetty71855ece/s6/f72319ef-8bb9-4300-aa15-083b19539b1b/current/raft-meta with options [REPLACE_EXISTING]
2024-12-14 12:26:05,161 INFO  server.RaftServer$Division (RaftServerImpl.java:requestVote(1486)) - s6@group-083B19539B1B replies to ELECTION vote request: s5<-s6#0:OK-t1. Peer's state: s6@group-083B19539B1B:t1, leader=null, voted=s5, raftlog=Memoized:s6@group-083B19539B1B-SegmentedRaftLog:OPENED:c-1:lastnull, conf=conf: {index: -1, cur=peers:[s4|0.0.0.0:15019, s5|0.0.0.0:15020, s6|0.0.0.0:15021]|listeners:[], old=null}
2024-12-14 12:26:05,161 INFO  impl.LeaderElection (LeaderElection.java:logAndReturn(90)) - s5@group-083B19539B1B-LeaderElection24: ELECTION PASSED received 1 response(s) and 0 exception(s):
2024-12-14 12:26:05,161 INFO  impl.LeaderElection (LeaderElection.java:logAndReturn(94)) -   Response 0: s5<-s6#0:OK-t1
2024-12-14 12:26:05,162 INFO  impl.LeaderElection (LeaderElection.java:askForVotes(334)) - s5@group-083B19539B1B-LeaderElection24 ELECTION round 0: result PASSED
2024-12-14 12:26:05,162 INFO  impl.RoleInfo (RoleInfo.java:shutdownLeaderElection(141)) - s5: shutdown s5@group-083B19539B1B-LeaderElection24
2024-12-14 12:26:05,162 INFO  server.RaftServer$Division (RaftServerImpl.java:setRole(379)) - s5@group-083B19539B1B: changes role from CANDIDATE to LEADER at term 1 for changeToLeader
2024-12-14 12:26:05,162 INFO  server.RaftServerConfigKeys (ConfUtils.java:logGet(46)) - raft.server.staging.catchup.gap = 1000 (default)
2024-12-14 12:26:05,162 INFO  server.RaftServerConfigKeys (ConfUtils.java:logGet(46)) - raft.server.write.element-limit = 4096 (default)
2024-12-14 12:26:05,162 INFO  server.RaftServerConfigKeys (ConfUtils.java:logGet(46)) - raft.server.write.byte-limit = 64MB (=67108864) (default)
2024-12-14 12:26:05,162 INFO  server.RaftServerConfigKeys (ConfUtils.java:logGet(46)) - raft.server.watch.timeout = 10s (default)
2024-12-14 12:26:05,162 INFO  server.RaftServerConfigKeys (ConfUtils.java:logGet(46)) - raft.server.watch.timeout.denomination = 1s (default)
2024-12-14 12:26:05,162 INFO  server.RaftServerConfigKeys (ConfUtils.java:logGet(46)) - raft.server.watch.element-limit = 65536 (default)
2024-12-14 12:26:05,162 INFO  server.RaftServerConfigKeys (ConfUtils.java:logGet(46)) - raft.server.read.leader.lease.enabled = false (default)
2024-12-14 12:26:05,162 INFO  server.RaftServerConfigKeys (ConfUtils.java:logGet(46)) - raft.server.read.leader.lease.timeout.ratio = 0.9 (default)
2024-12-14 12:26:05,162 INFO  server.RaftServerConfigKeys (ConfUtils.java:logGet(46)) - raft.server.rpc.timeout.min = 300ms (custom)
2024-12-14 12:26:05,162 INFO  server.RaftServerConfigKeys (ConfUtils.java:logGet(46)) - raft.server.log.log-metadata.enabled = true (default)
2024-12-14 12:26:05,162 INFO  server.RaftServerConfigKeys (ConfUtils.java:logGet(46)) - raft.server.write.element-limit = 4096 (default)
2024-12-14 12:26:05,163 INFO  server.RaftServerConfigKeys (ConfUtils.java:logGet(46)) - raft.server.write.follower.gap.ratio.max = -1.0 (default)
2024-12-14 12:26:05,163 INFO  server.RaftServerConfigKeys (ConfUtils.java:logGet(46)) - raft.server.log.appender.snapshot.chunk.size.max = 16MB (=16777216) (default)
2024-12-14 12:26:05,163 INFO  server.RaftServerConfigKeys (ConfUtils.java:logGet(46)) - raft.server.log.appender.buffer.byte-limit = 4MB (=4194304) (default)
2024-12-14 12:26:05,163 INFO  server.RaftServerConfigKeys (ConfUtils.java:logGet(46)) - raft.server.log.appender.buffer.element-limit = 0 (default)
2024-12-14 12:26:05,163 INFO  server.RaftServerConfigKeys (ConfUtils.java:logGet(46)) - raft.server.log.appender.wait-time.min = 1ms (default)
2024-12-14 12:26:05,163 INFO  server.RaftServerConfigKeys (ConfUtils.java:logGet(46)) - raft.server.log.appender.snapshot.chunk.size.max = 16MB (=16777216) (default)
2024-12-14 12:26:05,163 INFO  server.RaftServerConfigKeys (ConfUtils.java:logGet(46)) - raft.server.log.appender.buffer.byte-limit = 4MB (=4194304) (default)
2024-12-14 12:26:05,163 INFO  server.RaftServerConfigKeys (ConfUtils.java:logGet(46)) - raft.server.log.appender.buffer.element-limit = 0 (default)
2024-12-14 12:26:05,163 INFO  server.RaftServerConfigKeys (ConfUtils.java:logGet(46)) - raft.server.log.appender.wait-time.min = 1ms (default)
2024-12-14 12:26:05,163 INFO  impl.RoleInfo (RoleInfo.java:updateAndGet(148)) - s5: start s5@group-083B19539B1B-LeaderStateImpl
2024-12-14 12:26:05,163 INFO  server.RaftServer$Division (RaftServerImpl.java:setFirstElection(563)) - s5@group-083B19539B1B: set firstElectionSinceStartup to false for becomeLeader
2024-12-14 12:26:05,163 INFO  server.RaftServer$Division (ServerState.java:setLeader(272)) - s5@group-083B19539B1B: change Leader from null to s5 at term 1 for becomeLeader, leader elected after 563ms
2024-12-14 12:26:05,164 INFO  segmented.SegmentedRaftLogWorker (SegmentedRaftLogWorker.java:startLogSegment(443)) - s5@group-083B19539B1B-SegmentedRaftLogWorker: Starting segment from index:0
2024-12-14 12:26:05,164 INFO  server.RaftServer$Division (ServerState.java:setRaftConf(386)) - s5@group-083B19539B1B: set configuration conf: {index: 0, cur=peers:[s4|0.0.0.0:15019, s5|0.0.0.0:15020, s6|0.0.0.0:15021]|listeners:[], old=null}
2024-12-14 12:26:05,164 INFO  segmented.BufferedWriteChannel (BufferedWriteChannel.java:open(61)) - open log_inprogress_0 at position 0
2024-12-14 12:26:05,167 INFO  server.RaftServer$Division (ServerState.java:setLeader(272)) - s4@group-083B19539B1B: change Leader from null to s5 at term 1 for appendEntries, leader elected after 588ms
2024-12-14 12:26:05,167 INFO  server.RaftServer$Division (ServerState.java:setLeader(272)) - s6@group-083B19539B1B: change Leader from null to s5 at term 1 for appendEntries, leader elected after 552ms
2024-12-14 12:26:05,169 INFO  server.RaftServer$Division (ServerState.java:setRaftConf(386)) - s4@group-083B19539B1B: set configuration conf: {index: 0, cur=peers:[s4|0.0.0.0:15019, s5|0.0.0.0:15020, s6|0.0.0.0:15021]|listeners:[], old=null}
2024-12-14 12:26:05,170 INFO  segmented.SegmentedRaftLogWorker (SegmentedRaftLogWorker.java:startLogSegment(443)) - s4@group-083B19539B1B-SegmentedRaftLogWorker: Starting segment from index:0
2024-12-14 12:26:05,170 INFO  segmented.BufferedWriteChannel (BufferedWriteChannel.java:open(61)) - open log_inprogress_0 at position 0
2024-12-14 12:26:05,170 INFO  server.RaftServer$Division (ServerState.java:setRaftConf(386)) - s6@group-083B19539B1B: set configuration conf: {index: 0, cur=peers:[s4|0.0.0.0:15019, s5|0.0.0.0:15020, s6|0.0.0.0:15021]|listeners:[], old=null}
2024-12-14 12:26:05,171 INFO  segmented.SegmentedRaftLogWorker (SegmentedRaftLogWorker.java:startLogSegment(443)) - s6@group-083B19539B1B-SegmentedRaftLogWorker: Starting segment from index:0
2024-12-14 12:26:05,171 INFO  segmented.BufferedWriteChannel (BufferedWriteChannel.java:open(61)) - open log_inprogress_0 at position 0
2024-12-14 12:26:05,177 INFO  segmented.SegmentedRaftLogWorker (SegmentedRaftLogWorker.java:execute(667)) - s5@group-083B19539B1B-SegmentedRaftLogWorker: created new log segment /home/runner/work/ratis/ratis/ratis-examples/target/test/data/da5193cb/MiniRaftClusterWithNetty71855ece/s5/f72319ef-8bb9-4300-aa15-083b19539b1b/current/log_inprogress_0
2024-12-14 12:26:05,185 INFO  segmented.SegmentedRaftLogWorker (SegmentedRaftLogWorker.java:execute(667)) - s4@group-083B19539B1B-SegmentedRaftLogWorker: created new log segment /home/runner/work/ratis/ratis/ratis-examples/target/test/data/da5193cb/MiniRaftClusterWithNetty71855ece/s4/f72319ef-8bb9-4300-aa15-083b19539b1b/current/log_inprogress_0
2024-12-14 12:26:05,185 TRACE util.FileUtils (LogUtils.java:supplyAndLog(69)) - Successfully supplied FileChannel.open /home/runner/work/ratis/ratis/ratis-examples/target/test/data/da5193cb/MiniRaftClusterWithNetty71855ece/s5/f72319ef-8bb9-4300-aa15-083b19539b1b/current/raft-meta.conf.tmp with options [CREATE, WRITE]: sun.nio.ch.FileChannelImpl@a2fc4d3
2024-12-14 12:26:05,185 INFO  segmented.SegmentedRaftLogWorker (SegmentedRaftLogWorker.java:execute(667)) - s6@group-083B19539B1B-SegmentedRaftLogWorker: created new log segment /home/runner/work/ratis/ratis/ratis-examples/target/test/data/da5193cb/MiniRaftClusterWithNetty71855ece/s6/f72319ef-8bb9-4300-aa15-083b19539b1b/current/log_inprogress_0
2024-12-14 12:26:05,187 TRACE util.FileUtils (LogUtils.java:runAndLog(49)) - Successfully ran Atomic Files.move /home/runner/work/ratis/ratis/ratis-examples/target/test/data/da5193cb/MiniRaftClusterWithNetty71855ece/s5/f72319ef-8bb9-4300-aa15-083b19539b1b/current/raft-meta.conf.tmp to /home/runner/work/ratis/ratis/ratis-examples/target/test/data/da5193cb/MiniRaftClusterWithNetty71855ece/s5/f72319ef-8bb9-4300-aa15-083b19539b1b/current/raft-meta.conf with options [REPLACE_EXISTING]
2024-12-14 12:26:05,187 INFO  server.RaftServer$Division (LeaderStateImpl.java:checkStartIndex(314)) - Leader s5@group-083B19539B1B-LeaderStateImpl is ready since appliedIndex == startIndex == 0
2024-12-14 12:26:05,337 TRACE util.FileUtils (LogUtils.java:supplyAndLog(69)) - Successfully supplied FileChannel.open /home/runner/work/ratis/ratis/ratis-examples/target/test/data/da5193cb/MiniRaftClusterWithNetty71855ece/s4/f72319ef-8bb9-4300-aa15-083b19539b1b/current/raft-meta.conf.tmp with options [CREATE, WRITE]: sun.nio.ch.FileChannelImpl@4af4f64c
2024-12-14 12:26:05,339 TRACE util.FileUtils (LogUtils.java:runAndLog(49)) - Successfully ran Atomic Files.move /home/runner/work/ratis/ratis/ratis-examples/target/test/data/da5193cb/MiniRaftClusterWithNetty71855ece/s4/f72319ef-8bb9-4300-aa15-083b19539b1b/current/raft-meta.conf.tmp to /home/runner/work/ratis/ratis/ratis-examples/target/test/data/da5193cb/MiniRaftClusterWithNetty71855ece/s4/f72319ef-8bb9-4300-aa15-083b19539b1b/current/raft-meta.conf with options [REPLACE_EXISTING]
2024-12-14 12:26:05,344 TRACE util.FileUtils (LogUtils.java:supplyAndLog(69)) - Successfully supplied FileChannel.open /home/runner/work/ratis/ratis/ratis-examples/target/test/data/da5193cb/MiniRaftClusterWithNetty71855ece/s6/f72319ef-8bb9-4300-aa15-083b19539b1b/current/raft-meta.conf.tmp with options [CREATE, WRITE]: sun.nio.ch.FileChannelImpl@4c32a71a
2024-12-14 12:26:05,345 TRACE util.FileUtils (LogUtils.java:runAndLog(49)) - Successfully ran Atomic Files.move /home/runner/work/ratis/ratis/ratis-examples/target/test/data/da5193cb/MiniRaftClusterWithNetty71855ece/s6/f72319ef-8bb9-4300-aa15-083b19539b1b/current/raft-meta.conf.tmp to /home/runner/work/ratis/ratis/ratis-examples/target/test/data/da5193cb/MiniRaftClusterWithNetty71855ece/s6/f72319ef-8bb9-4300-aa15-083b19539b1b/current/raft-meta.conf with options [REPLACE_EXISTING]
2024-12-14 12:26:05,529 INFO  ratis.RaftTestUtil (RaftTestUtil.java:waitForLeader(131)) - printing group-083B19539B1B
  s4:  RUNNING [
   FOLLOWER s4@group-083B19539B1B:t1, leader=s5, voted=s5, raftlog=Memoized:s4@group-083B19539B1B-SegmentedRaftLog:OPENED:c0:last(t:1, i:0), conf=conf: {index: 0, cur=peers:[s4|0.0.0.0:15019, s5|0.0.0.0:15020, s6|0.0.0.0:15021]|listeners:[], old=null} RUNNING
   FOLLOWER s4@group-0A0C1A18FF69:t0, leader=null, voted=, raftlog=Memoized:s4@group-0A0C1A18FF69-SegmentedRaftLog:OPENED:c-1:lastnull, conf=conf: {index: -1, cur=peers:[]|listeners:[], old=null} STARTING] size=2
  s5:  RUNNING [
     LEADER s5@group-083B19539B1B:t1, leader=s5, voted=s5, raftlog=Memoized:s5@group-083B19539B1B-SegmentedRaftLog:OPENED:c0:last(t:1, i:0), conf=conf: {index: 0, cur=peers:[s4|0.0.0.0:15019, s5|0.0.0.0:15020, s6|0.0.0.0:15021]|listeners:[], old=null} RUNNING
   FOLLOWER s5@group-0A0C1A18FF69:t0, leader=null, voted=, raftlog=Memoized:s5@group-0A0C1A18FF69-SegmentedRaftLog:OPENED:c-1:lastnull, conf=conf: {index: -1, cur=peers:[]|listeners:[], old=null} STARTING] size=2
  s6:  RUNNING [
   FOLLOWER s6@group-083B19539B1B:t1, leader=s5, voted=s5, raftlog=Memoized:s6@group-083B19539B1B-SegmentedRaftLog:OPENED:c0:last(t:1, i:0), conf=conf: {index: 0, cur=peers:[s4|0.0.0.0:15019, s5|0.0.0.0:15020, s6|0.0.0.0:15021]|listeners:[], old=null} RUNNING
   FOLLOWER s6@group-0A0C1A18FF69:t0, leader=null, voted=, raftlog=Memoized:s6@group-0A0C1A18FF69-SegmentedRaftLog:OPENED:c-1:lastnull, conf=conf: {index: -1, cur=peers:[]|listeners:[], old=null} STARTING] size=2
2024-12-14 12:26:05,529 INFO  netty.NettyUtils (NettyUtils.java:newEventLoopGroup(74)) - Create EpollEventLoopGroup for client-62179B713D27; Thread size is 0.
2024-12-14 12:26:05,531 INFO  logging.LoggingHandler (AbstractInternalLogger.java:log(148)) - [id: 0x0977b22d, L:/0.0.0.0:15019] READ: [id: 0xa71e2961, L:/127.0.0.1:15019 - R:/127.0.0.1:39542]
2024-12-14 12:26:05,531 INFO  logging.LoggingHandler (AbstractInternalLogger.java:log(148)) - [id: 0x0977b22d, L:/0.0.0.0:15019] READ COMPLETE
2024-12-14 12:26:05,634 INFO  logging.LoggingHandler (AbstractInternalLogger.java:log(148)) - [id: 0xb8bf086a, L:/0.0.0.0:15020] READ: [id: 0xbd17d8ed, L:/127.0.0.1:15020 - R:/127.0.0.1:38860]
2024-12-14 12:26:05,635 INFO  logging.LoggingHandler (AbstractInternalLogger.java:log(148)) - [id: 0xb8bf086a, L:/0.0.0.0:15020] READ COMPLETE
2024-12-14 12:26:05,637 INFO  statemachine.StateMachine (ArithmeticStateMachine.java:applyTransaction(181)) - LEADER:s5-1: a = 63 = 63
2024-12-14 12:26:05,643 INFO  statemachine.StateMachine (ArithmeticStateMachine.java:applyTransaction(181)) - LEADER:s5-3: b = 1984 = 1984
2024-12-14 12:26:05,646 INFO  statemachine.StateMachine (ArithmeticStateMachine.java:applyTransaction(181)) - LEADER:s5-5: c = √(a^2 + b^2) = 1985
2024-12-14 12:26:05,648 INFO  statemachine.StateMachine (ArithmeticStateMachine.java:applyTransaction(181)) - LEADER:s5-7: a = null = null
2024-12-14 12:26:05,651 INFO  statemachine.StateMachine (ArithmeticStateMachine.java:applyTransaction(181)) - LEADER:s5-9: b = null = null
2024-12-14 12:26:05,654 INFO  statemachine.StateMachine (ArithmeticStateMachine.java:applyTransaction(181)) - LEADER:s5-11: c = null = null
2024-12-14 12:26:05,655 INFO  statemachine.StateMachine (ArithmeticStateMachine.java:applyTransaction(181)) - LEADER:s5-13: a = 65 = 65
2024-12-14 12:26:05,657 INFO  statemachine.StateMachine (ArithmeticStateMachine.java:applyTransaction(181)) - LEADER:s5-15: b = 2112 = 2112
2024-12-14 12:26:05,659 INFO  statemachine.StateMachine (ArithmeticStateMachine.java:applyTransaction(181)) - LEADER:s5-17: c = √(a^2 + b^2) = 2113
2024-12-14 12:26:05,660 INFO  statemachine.StateMachine (ArithmeticStateMachine.java:applyTransaction(181)) - LEADER:s5-19: a = null = null
2024-12-14 12:26:05,662 INFO  statemachine.StateMachine (ArithmeticStateMachine.java:applyTransaction(181)) - LEADER:s5-21: b = null = null
2024-12-14 12:26:05,664 INFO  statemachine.StateMachine (ArithmeticStateMachine.java:applyTransaction(181)) - LEADER:s5-23: c = null = null
2024-12-14 12:26:05,665 INFO  statemachine.StateMachine (ArithmeticStateMachine.java:applyTransaction(181)) - LEADER:s5-25: a = 67 = 67
2024-12-14 12:26:05,667 INFO  statemachine.StateMachine (ArithmeticStateMachine.java:applyTransaction(181)) - LEADER:s5-27: b = 2244 = 2244
2024-12-14 12:26:05,669 INFO  statemachine.StateMachine (ArithmeticStateMachine.java:applyTransaction(181)) - LEADER:s5-29: c = √(a^2 + b^2) = 2245
2024-12-14 12:26:05,671 INFO  statemachine.StateMachine (ArithmeticStateMachine.java:applyTransaction(181)) - LEADER:s5-31: a = null = null
2024-12-14 12:26:05,673 INFO  statemachine.StateMachine (ArithmeticStateMachine.java:applyTransaction(181)) - LEADER:s5-33: b = null = null
2024-12-14 12:26:05,674 INFO  statemachine.StateMachine (ArithmeticStateMachine.java:applyTransaction(181)) - LEADER:s5-35: c = null = null
2024-12-14 12:26:05,677 INFO  statemachine.StateMachine (ArithmeticStateMachine.java:applyTransaction(181)) - LEADER:s5-37: a = 69 = 69
2024-12-14 12:26:05,679 INFO  statemachine.StateMachine (ArithmeticStateMachine.java:applyTransaction(181)) - LEADER:s5-39: b = 2380 = 2380
2024-12-14 12:26:05,681 INFO  statemachine.StateMachine (ArithmeticStateMachine.java:applyTransaction(181)) - LEADER:s5-41: c = √(a^2 + b^2) = 2381
2024-12-14 12:26:05,682 INFO  statemachine.StateMachine (ArithmeticStateMachine.java:applyTransaction(181)) - LEADER:s5-43: a = null = null
2024-12-14 12:26:05,684 INFO  statemachine.StateMachine (ArithmeticStateMachine.java:applyTransaction(181)) - LEADER:s5-45: b = null = null
2024-12-14 12:26:05,685 INFO  statemachine.StateMachine (ArithmeticStateMachine.java:applyTransaction(181)) - LEADER:s5-47: c = null = null
2024-12-14 12:26:05,687 INFO  statemachine.StateMachine (ArithmeticStateMachine.java:applyTransaction(181)) - LEADER:s5-49: a = 71 = 71
2024-12-14 12:26:05,689 INFO  statemachine.StateMachine (ArithmeticStateMachine.java:applyTransaction(181)) - LEADER:s5-51: b = 2520 = 2520
2024-12-14 12:26:05,691 INFO  statemachine.StateMachine (ArithmeticStateMachine.java:applyTransaction(181)) - LEADER:s5-53: c = √(a^2 + b^2) = 2521
2024-12-14 12:26:05,694 INFO  statemachine.StateMachine (ArithmeticStateMachine.java:applyTransaction(181)) - LEADER:s5-55: a = null = null
2024-12-14 12:26:05,696 INFO  statemachine.StateMachine (ArithmeticStateMachine.java:applyTransaction(181)) - LEADER:s5-57: b = null = null
2024-12-14 12:26:05,698 INFO  statemachine.StateMachine (ArithmeticStateMachine.java:applyTransaction(181)) - LEADER:s5-59: c = null = null
2024-12-14 12:26:05,701 INFO  statemachine.StateMachine (ArithmeticStateMachine.java:applyTransaction(181)) - LEADER:s5-61: a = 73 = 73
2024-12-14 12:26:05,703 INFO  statemachine.StateMachine (ArithmeticStateMachine.java:applyTransaction(181)) - LEADER:s5-63: b = 2664 = 2664
2024-12-14 12:26:05,706 INFO  statemachine.StateMachine (ArithmeticStateMachine.java:applyTransaction(181)) - LEADER:s5-65: c = √(a^2 + b^2) = 2665
2024-12-14 12:26:05,708 INFO  statemachine.StateMachine (ArithmeticStateMachine.java:applyTransaction(181)) - LEADER:s5-67: a = null = null
2024-12-14 12:26:05,710 INFO  statemachine.StateMachine (ArithmeticStateMachine.java:applyTransaction(181)) - LEADER:s5-69: b = null = null
2024-12-14 12:26:05,713 INFO  statemachine.StateMachine (ArithmeticStateMachine.java:applyTransaction(181)) - LEADER:s5-71: c = null = null
2024-12-14 12:26:05,715 INFO  statemachine.StateMachine (ArithmeticStateMachine.java:applyTransaction(181)) - LEADER:s5-73: a = 75 = 75
2024-12-14 12:26:05,717 INFO  statemachine.StateMachine (ArithmeticStateMachine.java:applyTransaction(181)) - LEADER:s5-75: b = 2812 = 2812
2024-12-14 12:26:05,719 INFO  statemachine.StateMachine (ArithmeticStateMachine.java:applyTransaction(181)) - LEADER:s5-77: c = √(a^2 + b^2) = 2813
2024-12-14 12:26:05,721 INFO  statemachine.StateMachine (ArithmeticStateMachine.java:applyTransaction(181)) - LEADER:s5-79: a = null = null
2024-12-14 12:26:05,723 INFO  statemachine.StateMachine (ArithmeticStateMachine.java:applyTransaction(181)) - LEADER:s5-81: b = null = null
2024-12-14 12:26:05,725 INFO  statemachine.StateMachine (ArithmeticStateMachine.java:applyTransaction(181)) - LEADER:s5-83: c = null = null
2024-12-14 12:26:05,727 INFO  statemachine.StateMachine (ArithmeticStateMachine.java:applyTransaction(181)) - LEADER:s5-85: a = 77 = 77
2024-12-14 12:26:05,729 INFO  statemachine.StateMachine (ArithmeticStateMachine.java:applyTransaction(181)) - LEADER:s5-87: b = 2964 = 2964
2024-12-14 12:26:05,731 INFO  statemachine.StateMachine (ArithmeticStateMachine.java:applyTransaction(181)) - LEADER:s5-89: c = √(a^2 + b^2) = 2965
2024-12-14 12:26:05,733 INFO  statemachine.StateMachine (ArithmeticStateMachine.java:applyTransaction(181)) - LEADER:s5-91: a = null = null
2024-12-14 12:26:05,734 INFO  statemachine.StateMachine (ArithmeticStateMachine.java:applyTransaction(181)) - LEADER:s5-93: b = null = null
2024-12-14 12:26:05,736 INFO  statemachine.StateMachine (ArithmeticStateMachine.java:applyTransaction(181)) - LEADER:s5-95: c = null = null
2024-12-14 12:26:05,737 INFO  statemachine.StateMachine (ArithmeticStateMachine.java:applyTransaction(181)) - LEADER:s5-97: a = 79 = 79
2024-12-14 12:26:05,739 INFO  statemachine.StateMachine (ArithmeticStateMachine.java:applyTransaction(181)) - LEADER:s5-99: b = 3120 = 3120
2024-12-14 12:26:05,742 INFO  statemachine.StateMachine (ArithmeticStateMachine.java:applyTransaction(181)) - LEADER:s5-101: c = √(a^2 + b^2) = 3121
2024-12-14 12:26:05,743 INFO  statemachine.StateMachine (ArithmeticStateMachine.java:applyTransaction(181)) - LEADER:s5-103: a = null = null
2024-12-14 12:26:05,745 INFO  statemachine.StateMachine (ArithmeticStateMachine.java:applyTransaction(181)) - LEADER:s5-105: b = null = null
2024-12-14 12:26:05,746 INFO  statemachine.StateMachine (ArithmeticStateMachine.java:applyTransaction(181)) - LEADER:s5-107: c = null = null
2024-12-14 12:26:05,748 INFO  statemachine.StateMachine (ArithmeticStateMachine.java:applyTransaction(181)) - LEADER:s5-109: a = 81 = 81
2024-12-14 12:26:05,750 INFO  statemachine.StateMachine (ArithmeticStateMachine.java:applyTransaction(181)) - LEADER:s5-111: b = 3280 = 3280
2024-12-14 12:26:05,751 INFO  statemachine.StateMachine (ArithmeticStateMachine.java:applyTransaction(181)) - LEADER:s5-113: c = √(a^2 + b^2) = 3281
2024-12-14 12:26:05,753 INFO  statemachine.StateMachine (ArithmeticStateMachine.java:applyTransaction(181)) - LEADER:s5-115: a = null = null
2024-12-14 12:26:05,754 INFO  statemachine.StateMachine (ArithmeticStateMachine.java:applyTransaction(181)) - LEADER:s5-117: b = null = null
2024-12-14 12:26:05,756 INFO  statemachine.StateMachine (ArithmeticStateMachine.java:applyTransaction(181)) - LEADER:s5-119: c = null = null
2024-12-14 12:26:05,762 INFO  impl.GroupManagementBaseTest (GroupManagementBaseTest.java:runMultiGroupTest(281)) - 4) starting group-32ADD6F9BB52:[s7|0.0.0.0:15022, s8|0.0.0.0:15023, s9|0.0.0.0:15024]
2024-12-14 12:26:05,762 INFO  netty.NettyUtils (NettyUtils.java:newEventLoopGroup(74)) - Create EpollEventLoopGroup for client-7B738259556C; Thread size is 0.
2024-12-14 12:26:05,769 INFO  logging.LoggingHandler (AbstractInternalLogger.java:log(148)) - [id: 0xef0cc7a9, L:/0.0.0.0:15022] READ: [id: 0xe838d75a, L:/127.0.0.1:15022 - R:/127.0.0.1:58042]
2024-12-14 12:26:05,769 INFO  logging.LoggingHandler (AbstractInternalLogger.java:log(148)) - [id: 0xef0cc7a9, L:/0.0.0.0:15022] READ COMPLETE
2024-12-14 12:26:05,770 INFO  server.RaftServer (RaftServerProxy.java:addNew(101)) - s7: addNew group-32ADD6F9BB52:[s7|0.0.0.0:15022, s8|0.0.0.0:15023, s9|0.0.0.0:15024] returns group-32ADD6F9BB52:java.util.concurrent.CompletableFuture@30aca587[Not completed]
2024-12-14 12:26:05,771 INFO  server.RaftServer$Division (RaftServerImpl.java:<init>(256)) - s7: new RaftServerImpl for group-32ADD6F9BB52:[s7|0.0.0.0:15022, s8|0.0.0.0:15023, s9|0.0.0.0:15024] with ArithmeticStateMachine:uninitialized
2024-12-14 12:26:05,771 INFO  server.RaftServerConfigKeys (ConfUtils.java:logGet(46)) - raft.server.rpc.timeout.min = 300ms (custom)
2024-12-14 12:26:05,771 INFO  server.RaftServerConfigKeys (ConfUtils.java:logGet(46)) - raft.server.rpc.timeout.max = 600ms (custom)
2024-12-14 12:26:05,771 INFO  server.RaftServerConfigKeys (ConfUtils.java:logGet(46)) - raft.server.rpc.sleep.time = 25ms (default)
2024-12-14 12:26:05,771 INFO  server.RaftServerConfigKeys (ConfUtils.java:logGet(46)) - raft.server.rpc.slowness.timeout = 60s (default)
2024-12-14 12:26:05,771 INFO  server.RaftServerConfigKeys (ConfUtils.java:logGet(46)) - raft.server.leaderelection.leader.step-down.wait-time = 10s (default)
2024-12-14 12:26:05,771 INFO  server.RaftServerConfigKeys (ConfUtils.java:logGet(46)) - raft.server.leaderelection.member.majority-add = false (default)
2024-12-14 12:26:05,771 INFO  server.RaftServerConfigKeys (ConfUtils.java:logGet(46)) - raft.server.sleep.deviation.threshold = 300ms (default)
2024-12-14 12:26:05,771 INFO  server.RaftServer$Division (ServerState.java:<init>(114)) - s7@group-32ADD6F9BB52: ConfigurationManager, init=conf: {index: -1, cur=peers:[s7|0.0.0.0:15022, s8|0.0.0.0:15023, s9|0.0.0.0:15024]|listeners:[], old=null}, confs=<EMPTY_MAP>
2024-12-14 12:26:05,771 INFO  server.RaftServerConfigKeys (ConfUtils.java:logGet(46)) - raft.server.notification.no-leader.timeout = 60s (default)
2024-12-14 12:26:05,771 INFO  server.RaftServerConfigKeys (ConfUtils.java:logGet(46)) - raft.server.read.timeout = 10s (default)
2024-12-14 12:26:05,771 INFO  server.RaftServerConfigKeys (ConfUtils.java:logGet(46)) - raft.server.retrycache.expirytime = 60s (default)
2024-12-14 12:26:05,771 INFO  server.RaftServerConfigKeys (ConfUtils.java:logGet(46)) - raft.server.retrycache.statistics.expirytime = 100ms (default)
2024-12-14 12:26:05,771 INFO  server.RaftServerConfigKeys (ConfUtils.java:logGet(46)) - raft.server.read.option = DEFAULT (default)
2024-12-14 12:26:05,771 INFO  server.RaftServerConfigKeys (ConfUtils.java:logGet(46)) - raft.server.read.read-after-write-consistent.write-index-cache.expiry-time = 60s (default)
2024-12-14 12:26:05,772 INFO  server.RaftServerConfigKeys (ConfUtils.java:logGet(46)) - raft.server.rpc.request.timeout = 3000ms (default)
2024-12-14 12:26:05,772 INFO  server.RaftServerConfigKeys (ConfUtils.java:logGet(46)) - raft.server.log.appender.install.snapshot.enabled = true (default)
2024-12-14 12:26:05,772 INFO  server.RaftServerConfigKeys (ConfUtils.java:logGet(46)) - raft.server.threadpool.server.cached = true (default)
2024-12-14 12:26:05,772 INFO  server.RaftServerConfigKeys (ConfUtils.java:logGet(46)) - raft.server.threadpool.server.size = 0 (default)
2024-12-14 12:26:05,772 INFO  server.RaftServerConfigKeys (ConfUtils.java:logGet(46)) - raft.server.threadpool.client.cached = true (default)
2024-12-14 12:26:05,772 INFO  server.RaftServerConfigKeys (ConfUtils.java:logGet(46)) - raft.server.threadpool.client.size = 0 (default)
2024-12-14 12:26:05,772 INFO  server.RaftServerConfigKeys (ConfUtils.java:logGet(46)) - raft.server.storage.free-space.min = 0MB (=0) (default)
2024-12-14 12:26:05,772 INFO  server.RaftServerConfigKeys (ConfUtils.java:logGet(46)) - raft.server.log.corruption.policy = EXCEPTION (default)
2024-12-14 12:26:05,772 INFO  server.RaftServerConfigKeys (ConfUtils.java:logGet(46)) - raft.server.storage.dir = [/home/runner/work/ratis/ratis/ratis-examples/target/test/data/da5193cb/MiniRaftClusterWithNetty71855ece/s7] (custom)
2024-12-14 12:26:05,772 INFO  storage.RaftStorageDirectory (RaftStorageDirectoryImpl.java:analyzeStorage(138)) - The storage directory /home/runner/work/ratis/ratis/ratis-examples/target/test/data/da5193cb/MiniRaftClusterWithNetty71855ece/s7/dd13e21a-8ed5-442f-9b8c-32add6f9bb52 does not exist. Creating ...
2024-12-14 12:26:05,773 TRACE util.FileUtils (LogUtils.java:runAndLog(49)) - Successfully ran Files.createDirectories /home/runner/work/ratis/ratis/ratis-examples/target/test/data/da5193cb/MiniRaftClusterWithNetty71855ece/s7/dd13e21a-8ed5-442f-9b8c-32add6f9bb52
2024-12-14 12:26:05,775 INFO  storage.RaftStorageDirectory (RaftStorageDirectoryImpl.java:tryLock(229)) - Lock on /home/runner/work/ratis/ratis/ratis-examples/target/test/data/da5193cb/MiniRaftClusterWithNetty71855ece/s7/dd13e21a-8ed5-442f-9b8c-32add6f9bb52/in_use.lock acquired by nodename 14700@fv-az733-880
2024-12-14 12:26:05,775 TRACE util.FileUtils (LogUtils.java:runAndLog(49)) - Successfully ran Files.createDirectories /home/runner/work/ratis/ratis/ratis-examples/target/test/data/da5193cb/MiniRaftClusterWithNetty71855ece/s7/dd13e21a-8ed5-442f-9b8c-32add6f9bb52/current
2024-12-14 12:26:05,775 TRACE util.FileUtils (LogUtils.java:runAndLog(49)) - Successfully ran Files.createDirectories /home/runner/work/ratis/ratis/ratis-examples/target/test/data/da5193cb/MiniRaftClusterWithNetty71855ece/s7/dd13e21a-8ed5-442f-9b8c-32add6f9bb52/sm
2024-12-14 12:26:05,775 TRACE util.FileUtils (LogUtils.java:supplyAndLog(69)) - Successfully supplied FileChannel.open /home/runner/work/ratis/ratis/ratis-examples/target/test/data/da5193cb/MiniRaftClusterWithNetty71855ece/s7/dd13e21a-8ed5-442f-9b8c-32add6f9bb52/current/raft-meta.tmp with options [CREATE, WRITE]: sun.nio.ch.FileChannelImpl@29cc1e90
2024-12-14 12:26:05,776 TRACE util.FileUtils (LogUtils.java:runAndLog(49)) - Successfully ran Atomic Files.move /home/runner/work/ratis/ratis/ratis-examples/target/test/data/da5193cb/MiniRaftClusterWithNetty71855ece/s7/dd13e21a-8ed5-442f-9b8c-32add6f9bb52/current/raft-meta.tmp to /home/runner/work/ratis/ratis/ratis-examples/target/test/data/da5193cb/MiniRaftClusterWithNetty71855ece/s7/dd13e21a-8ed5-442f-9b8c-32add6f9bb52/current/raft-meta with options [REPLACE_EXISTING]
2024-12-14 12:26:05,776 INFO  storage.RaftStorage (RaftStorageImpl.java:format(98)) - Storage directory /home/runner/work/ratis/ratis/ratis-examples/target/test/data/da5193cb/MiniRaftClusterWithNetty71855ece/s7/dd13e21a-8ed5-442f-9b8c-32add6f9bb52 has been successfully formatted.
2024-12-14 12:26:05,777 WARN  statemachine.StateMachine (ArithmeticStateMachine.java:loadSnapshot(115)) - The snapshot info is null.
2024-12-14 12:26:05,777 INFO  server.RaftServerConfigKeys (ConfUtils.java:logGet(46)) - raft.server.log.use.memory = false (default)
2024-12-14 12:26:05,777 INFO  server.RaftServerConfigKeys (ConfUtils.java:logGet(46)) - raft.server.log.purge.gap = 1024 (default)
2024-12-14 12:26:05,777 INFO  server.RaftServerConfigKeys (ConfUtils.java:logGet(46)) - raft.server.log.appender.buffer.byte-limit = 4MB (=4194304) (default)
2024-12-14 12:26:05,777 INFO  server.RaftServerConfigKeys (ConfUtils.java:logGet(46)) - raft.server.log.statemachine.data.read.timeout = 1000ms (default)
2024-12-14 12:26:05,777 INFO  server.RaftServerConfigKeys (ConfUtils.java:logGet(46)) - raft.server.log.purge.preservation.log.num = 0 (default)
2024-12-14 12:26:05,777 INFO  server.RaftServerConfigKeys (ConfUtils.java:logGet(46)) - raft.server.log.segment.size.max = 32MB (=33554432) (default)
2024-12-14 12:26:05,777 INFO  server.RaftServerConfigKeys (ConfUtils.java:logGet(46)) - raft.server.log.segment.cache.num.max = 6 (default)
2024-12-14 12:26:05,777 INFO  server.RaftServerConfigKeys (ConfUtils.java:logGet(46)) - raft.server.log.segment.cache.size.max = 200MB (=209715200) (default)
2024-12-14 12:26:05,777 INFO  server.RaftServerConfigKeys (ConfUtils.java:logGet(46)) - raft.server.log.appender.buffer.byte-limit = 4MB (=4194304) (default)
2024-12-14 12:26:05,778 INFO  util.AwaitToRun (AwaitToRun.java:start(81)) - Thread[s7@group-32ADD6F9BB52-cacheEviction-AwaitToRun,5,main] started
2024-12-14 12:26:05,778 INFO  segmented.SegmentedRaftLogWorker (SegmentedRaftLogWorker.java:<init>(189)) - new s7@group-32ADD6F9BB52-SegmentedRaftLogWorker for RaftStorageImpl:Storage Directory /home/runner/work/ratis/ratis/ratis-examples/target/test/data/da5193cb/MiniRaftClusterWithNetty71855ece/s7/dd13e21a-8ed5-442f-9b8c-32add6f9bb52
2024-12-14 12:26:05,778 INFO  server.RaftServerConfigKeys (ConfUtils.java:logGet(46)) - raft.server.log.queue.byte-limit = 64MB (=67108864) (default)
2024-12-14 12:26:05,778 INFO  server.RaftServerConfigKeys (ConfUtils.java:logGet(46)) - raft.server.log.queue.element-limit = 4096 (default)
2024-12-14 12:26:05,778 INFO  server.RaftServerConfigKeys (ConfUtils.java:logGet(46)) - raft.server.log.segment.size.max = 32MB (=33554432) (default)
2024-12-14 12:26:05,778 INFO  server.RaftServerConfigKeys (ConfUtils.java:logGet(46)) - raft.server.log.preallocated.size = 4MB (=4194304) (default)
2024-12-14 12:26:05,778 INFO  server.RaftServerConfigKeys (ConfUtils.java:logGet(46)) - raft.server.log.force.sync.num = 128 (default)
2024-12-14 12:26:05,778 INFO  server.RaftServerConfigKeys (ConfUtils.java:logGet(46)) - raft.server.log.statemachine.data.sync = true (default)
2024-12-14 12:26:05,778 INFO  server.RaftServerConfigKeys (ConfUtils.java:logGet(46)) - raft.server.log.statemachine.data.sync.timeout = 10s (default)
2024-12-14 12:26:05,778 INFO  server.RaftServerConfigKeys (ConfUtils.java:logGet(46)) - raft.server.log.statemachine.data.sync.timeout.retry = -1 (default)
2024-12-14 12:26:05,778 INFO  server.RaftServerConfigKeys (ConfUtils.java:logGet(46)) - raft.server.log.write.buffer.size = 8MB (=8388608) (default)
2024-12-14 12:26:05,779 INFO  server.RaftServerConfigKeys (ConfUtils.java:logGet(46)) - raft.server.log.appender.buffer.byte-limit = 4MB (=4194304) (default)
2024-12-14 12:26:05,779 INFO  server.RaftServerConfigKeys (ConfUtils.java:logGet(46)) - raft.server.log.unsafe-flush.enabled = false (default)
2024-12-14 12:26:05,779 INFO  server.RaftServerConfigKeys (ConfUtils.java:logGet(46)) - raft.server.log.async-flush.enabled = false (default)
2024-12-14 12:26:05,779 INFO  server.RaftServerConfigKeys (ConfUtils.java:logGet(46)) - raft.server.log.statemachine.data.caching.enabled = false (default)
2024-12-14 12:26:05,779 INFO  segmented.SegmentedRaftLogWorker (SegmentedRaftLogWorker.java:lambda$new$0(140)) - s7@group-32ADD6F9BB52-SegmentedRaftLogWorker: flushIndex: setUnconditionally 0 -> -1
2024-12-14 12:26:05,779 INFO  segmented.SegmentedRaftLogWorker (SegmentedRaftLogWorker.java:lambda$new$0(140)) - s7@group-32ADD6F9BB52-SegmentedRaftLogWorker: safeCacheEvictIndex: setUnconditionally 0 -> -1
2024-12-14 12:26:05,779 INFO  server.RaftServer$Division (RaftServerImpl.java:start(392)) - s7@group-32ADD6F9BB52: start as a follower, conf=conf: {index: -1, cur=peers:[s7|0.0.0.0:15022, s8|0.0.0.0:15023, s9|0.0.0.0:15024]|listeners:[], old=null}
2024-12-14 12:26:05,780 INFO  server.RaftServer$Division (RaftServerImpl.java:setRole(379)) - s7@group-32ADD6F9BB52: changes role from      null to FOLLOWER at term 0 for startAsFollower
2024-12-14 12:26:05,780 INFO  impl.RoleInfo (RoleInfo.java:updateAndGet(148)) - s7: start s7@group-32ADD6F9BB52-FollowerState
2024-12-14 12:26:05,780 INFO  util.JmxRegister (JmxRegister.java:tryRegister(44)) - Successfully registered JMX Bean with object name Ratis:service=RaftServer,group=group-32ADD6F9BB52,id=s7
2024-12-14 12:26:05,780 INFO  util.JmxRegister (JmxRegister.java:register(58)) - register mxBean class org.apache.ratis.server.impl.RaftServerJmxAdapter as Ratis:service=RaftServer,group=group-32ADD6F9BB52,id=s7
2024-12-14 12:26:05,780 INFO  server.RaftServerConfigKeys (ConfUtils.java:logGet(46)) - raft.server.snapshot.trigger-when-stop.enabled = true (default)
2024-12-14 12:26:05,780 INFO  server.RaftServerConfigKeys (ConfUtils.java:logGet(46)) - raft.server.snapshot.trigger-when-remove.enabled = true (default)
2024-12-14 12:26:05,780 INFO  server.RaftServerConfigKeys (ConfUtils.java:logGet(46)) - raft.server.snapshot.auto.trigger.enabled = false (default)
2024-12-14 12:26:05,780 INFO  server.RaftServerConfigKeys (ConfUtils.java:logGet(46)) - raft.server.snapshot.retention.file.num = -1 (default)
2024-12-14 12:26:05,780 INFO  server.RaftServerConfigKeys (ConfUtils.java:logGet(46)) - raft.server.log.purge.upto.snapshot.index = false (default)
2024-12-14 12:26:05,780 INFO  server.RaftServerConfigKeys (ConfUtils.java:logFallback(53)) - raft.server.rpc.first-election.timeout.min = 300ms (fallback to raft.server.rpc.timeout.min)
2024-12-14 12:26:05,780 INFO  server.RaftServerConfigKeys (ConfUtils.java:logFallback(53)) - raft.server.rpc.first-election.timeout.max = 600ms (fallback to raft.server.rpc.timeout.max)
2024-12-14 12:26:05,780 INFO  server.RaftServer$Division (RaftServerImpl.java:start(406)) - s7@group-32ADD6F9BB52: Successfully started.
2024-12-14 12:26:05,783 INFO  netty.NettyUtils (NettyUtils.java:newEventLoopGroup(74)) - Create EpollEventLoopGroup for client-F17BB7A10F9A; Thread size is 0.
2024-12-14 12:26:05,785 INFO  logging.LoggingHandler (AbstractInternalLogger.java:log(148)) - [id: 0x75a19822, L:/0.0.0.0:15023] READ: [id: 0xa77d9ebd, L:/127.0.0.1:15023 - R:/127.0.0.1:60866]
2024-12-14 12:26:05,785 INFO  logging.LoggingHandler (AbstractInternalLogger.java:log(148)) - [id: 0x75a19822, L:/0.0.0.0:15023] READ COMPLETE
2024-12-14 12:26:05,786 INFO  server.RaftServer (RaftServerProxy.java:addNew(101)) - s8: addNew group-32ADD6F9BB52:[s7|0.0.0.0:15022, s8|0.0.0.0:15023, s9|0.0.0.0:15024] returns group-32ADD6F9BB52:java.util.concurrent.CompletableFuture@498c18a9[Not completed]
2024-12-14 12:26:05,787 INFO  server.RaftServer$Division (RaftServerImpl.java:<init>(256)) - s8: new RaftServerImpl for group-32ADD6F9BB52:[s7|0.0.0.0:15022, s8|0.0.0.0:15023, s9|0.0.0.0:15024] with ArithmeticStateMachine:uninitialized
2024-12-14 12:26:05,787 INFO  server.RaftServerConfigKeys (ConfUtils.java:logGet(46)) - raft.server.rpc.timeout.min = 300ms (custom)
2024-12-14 12:26:05,787 INFO  server.RaftServerConfigKeys (ConfUtils.java:logGet(46)) - raft.server.rpc.timeout.max = 600ms (custom)
2024-12-14 12:26:05,787 INFO  server.RaftServerConfigKeys (ConfUtils.java:logGet(46)) - raft.server.rpc.sleep.time = 25ms (default)
2024-12-14 12:26:05,787 INFO  server.RaftServerConfigKeys (ConfUtils.java:logGet(46)) - raft.server.rpc.slowness.timeout = 60s (default)
2024-12-14 12:26:05,787 INFO  server.RaftServerConfigKeys (ConfUtils.java:logGet(46)) - raft.server.leaderelection.leader.step-down.wait-time = 10s (default)
2024-12-14 12:26:05,787 INFO  server.RaftServerConfigKeys (ConfUtils.java:logGet(46)) - raft.server.leaderelection.member.majority-add = false (default)
2024-12-14 12:26:05,787 INFO  server.RaftServerConfigKeys (ConfUtils.java:logGet(46)) - raft.server.sleep.deviation.threshold = 300ms (default)
2024-12-14 12:26:05,787 INFO  server.RaftServer$Division (ServerState.java:<init>(114)) - s8@group-32ADD6F9BB52: ConfigurationManager, init=conf: {index: -1, cur=peers:[s7|0.0.0.0:15022, s8|0.0.0.0:15023, s9|0.0.0.0:15024]|listeners:[], old=null}, confs=<EMPTY_MAP>
2024-12-14 12:26:05,787 INFO  server.RaftServerConfigKeys (ConfUtils.java:logGet(46)) - raft.server.notification.no-leader.timeout = 60s (default)
2024-12-14 12:26:05,787 INFO  server.RaftServerConfigKeys (ConfUtils.java:logGet(46)) - raft.server.read.timeout = 10s (default)
2024-12-14 12:26:05,787 INFO  server.RaftServerConfigKeys (ConfUtils.java:logGet(46)) - raft.server.retrycache.expirytime = 60s (default)
2024-12-14 12:26:05,787 INFO  server.RaftServerConfigKeys (ConfUtils.java:logGet(46)) - raft.server.retrycache.statistics.expirytime = 100ms (default)
2024-12-14 12:26:05,787 INFO  server.RaftServerConfigKeys (ConfUtils.java:logGet(46)) - raft.server.read.option = DEFAULT (default)
2024-12-14 12:26:05,787 INFO  server.RaftServerConfigKeys (ConfUtils.java:logGet(46)) - raft.server.read.read-after-write-consistent.write-index-cache.expiry-time = 60s (default)
2024-12-14 12:26:05,788 INFO  server.RaftServerConfigKeys (ConfUtils.java:logGet(46)) - raft.server.rpc.request.timeout = 3000ms (default)
2024-12-14 12:26:05,788 INFO  server.RaftServerConfigKeys (ConfUtils.java:logGet(46)) - raft.server.log.appender.install.snapshot.enabled = true (default)
2024-12-14 12:26:05,788 INFO  server.RaftServerConfigKeys (ConfUtils.java:logGet(46)) - raft.server.threadpool.server.cached = true (default)
2024-12-14 12:26:05,788 INFO  server.RaftServerConfigKeys (ConfUtils.java:logGet(46)) - raft.server.threadpool.server.size = 0 (default)
2024-12-14 12:26:05,788 INFO  server.RaftServerConfigKeys (ConfUtils.java:logGet(46)) - raft.server.threadpool.client.cached = true (default)
2024-12-14 12:26:05,788 INFO  server.RaftServerConfigKeys (ConfUtils.java:logGet(46)) - raft.server.threadpool.client.size = 0 (default)
2024-12-14 12:26:05,788 INFO  server.RaftServerConfigKeys (ConfUtils.java:logGet(46)) - raft.server.storage.free-space.min = 0MB (=0) (default)
2024-12-14 12:26:05,788 INFO  server.RaftServerConfigKeys (ConfUtils.java:logGet(46)) - raft.server.log.corruption.policy = EXCEPTION (default)
2024-12-14 12:26:05,788 INFO  server.RaftServerConfigKeys (ConfUtils.java:logGet(46)) - raft.server.storage.dir = [/home/runner/work/ratis/ratis/ratis-examples/target/test/data/da5193cb/MiniRaftClusterWithNetty71855ece/s8] (custom)
2024-12-14 12:26:05,789 INFO  storage.RaftStorageDirectory (RaftStorageDirectoryImpl.java:analyzeStorage(138)) - The storage directory /home/runner/work/ratis/ratis/ratis-examples/target/test/data/da5193cb/MiniRaftClusterWithNetty71855ece/s8/dd13e21a-8ed5-442f-9b8c-32add6f9bb52 does not exist. Creating ...
2024-12-14 12:26:05,789 TRACE util.FileUtils (LogUtils.java:runAndLog(49)) - Successfully ran Files.createDirectories /home/runner/work/ratis/ratis/ratis-examples/target/test/data/da5193cb/MiniRaftClusterWithNetty71855ece/s8/dd13e21a-8ed5-442f-9b8c-32add6f9bb52
2024-12-14 12:26:05,789 INFO  storage.RaftStorageDirectory (RaftStorageDirectoryImpl.java:tryLock(229)) - Lock on /home/runner/work/ratis/ratis/ratis-examples/target/test/data/da5193cb/MiniRaftClusterWithNetty71855ece/s8/dd13e21a-8ed5-442f-9b8c-32add6f9bb52/in_use.lock acquired by nodename 14700@fv-az733-880
2024-12-14 12:26:05,790 TRACE util.FileUtils (LogUtils.java:runAndLog(49)) - Successfully ran Files.createDirectories /home/runner/work/ratis/ratis/ratis-examples/target/test/data/da5193cb/MiniRaftClusterWithNetty71855ece/s8/dd13e21a-8ed5-442f-9b8c-32add6f9bb52/current
2024-12-14 12:26:05,790 TRACE util.FileUtils (LogUtils.java:runAndLog(49)) - Successfully ran Files.createDirectories /home/runner/work/ratis/ratis/ratis-examples/target/test/data/da5193cb/MiniRaftClusterWithNetty71855ece/s8/dd13e21a-8ed5-442f-9b8c-32add6f9bb52/sm
2024-12-14 12:26:05,790 TRACE util.FileUtils (LogUtils.java:supplyAndLog(69)) - Successfully supplied FileChannel.open /home/runner/work/ratis/ratis/ratis-examples/target/test/data/da5193cb/MiniRaftClusterWithNetty71855ece/s8/dd13e21a-8ed5-442f-9b8c-32add6f9bb52/current/raft-meta.tmp with options [CREATE, WRITE]: sun.nio.ch.FileChannelImpl@3e632a90
2024-12-14 12:26:05,791 TRACE util.FileUtils (LogUtils.java:runAndLog(49)) - Successfully ran Atomic Files.move /home/runner/work/ratis/ratis/ratis-examples/target/test/data/da5193cb/MiniRaftClusterWithNetty71855ece/s8/dd13e21a-8ed5-442f-9b8c-32add6f9bb52/current/raft-meta.tmp to /home/runner/work/ratis/ratis/ratis-examples/target/test/data/da5193cb/MiniRaftClusterWithNetty71855ece/s8/dd13e21a-8ed5-442f-9b8c-32add6f9bb52/current/raft-meta with options [REPLACE_EXISTING]
2024-12-14 12:26:05,791 INFO  storage.RaftStorage (RaftStorageImpl.java:format(98)) - Storage directory /home/runner/work/ratis/ratis/ratis-examples/target/test/data/da5193cb/MiniRaftClusterWithNetty71855ece/s8/dd13e21a-8ed5-442f-9b8c-32add6f9bb52 has been successfully formatted.
2024-12-14 12:26:05,791 WARN  statemachine.StateMachine (ArithmeticStateMachine.java:loadSnapshot(115)) - The snapshot info is null.
2024-12-14 12:26:05,791 INFO  server.RaftServerConfigKeys (ConfUtils.java:logGet(46)) - raft.server.log.use.memory = false (default)
2024-12-14 12:26:05,791 INFO  server.RaftServerConfigKeys (ConfUtils.java:logGet(46)) - raft.server.log.purge.gap = 1024 (default)
2024-12-14 12:26:05,791 INFO  server.RaftServerConfigKeys (ConfUtils.java:logGet(46)) - raft.server.log.appender.buffer.byte-limit = 4MB (=4194304) (default)
2024-12-14 12:26:05,791 INFO  server.RaftServerConfigKeys (ConfUtils.java:logGet(46)) - raft.server.log.statemachine.data.read.timeout = 1000ms (default)
2024-12-14 12:26:05,792 INFO  server.RaftServerConfigKeys (ConfUtils.java:logGet(46)) - raft.server.log.purge.preservation.log.num = 0 (default)
2024-12-14 12:26:05,792 INFO  server.RaftServerConfigKeys (ConfUtils.java:logGet(46)) - raft.server.log.segment.size.max = 32MB (=33554432) (default)
2024-12-14 12:26:05,792 INFO  server.RaftServerConfigKeys (ConfUtils.java:logGet(46)) - raft.server.log.segment.cache.num.max = 6 (default)
2024-12-14 12:26:05,792 INFO  server.RaftServerConfigKeys (ConfUtils.java:logGet(46)) - raft.server.log.segment.cache.size.max = 200MB (=209715200) (default)
2024-12-14 12:26:05,792 INFO  server.RaftServerConfigKeys (ConfUtils.java:logGet(46)) - raft.server.log.appender.buffer.byte-limit = 4MB (=4194304) (default)
2024-12-14 12:26:05,792 INFO  util.AwaitToRun (AwaitToRun.java:start(81)) - Thread[s8@group-32ADD6F9BB52-cacheEviction-AwaitToRun,5,main] started
2024-12-14 12:26:05,792 INFO  segmented.SegmentedRaftLogWorker (SegmentedRaftLogWorker.java:<init>(189)) - new s8@group-32ADD6F9BB52-SegmentedRaftLogWorker for RaftStorageImpl:Storage Directory /home/runner/work/ratis/ratis/ratis-examples/target/test/data/da5193cb/MiniRaftClusterWithNetty71855ece/s8/dd13e21a-8ed5-442f-9b8c-32add6f9bb52
2024-12-14 12:26:05,792 INFO  server.RaftServerConfigKeys (ConfUtils.java:logGet(46)) - raft.server.log.queue.byte-limit = 64MB (=67108864) (default)
2024-12-14 12:26:05,793 INFO  server.RaftServerConfigKeys (ConfUtils.java:logGet(46)) - raft.server.log.queue.element-limit = 4096 (default)
2024-12-14 12:26:05,793 INFO  server.RaftServerConfigKeys (ConfUtils.java:logGet(46)) - raft.server.log.segment.size.max = 32MB (=33554432) (default)
2024-12-14 12:26:05,793 INFO  server.RaftServerConfigKeys (ConfUtils.java:logGet(46)) - raft.server.log.preallocated.size = 4MB (=4194304) (default)
2024-12-14 12:26:05,793 INFO  server.RaftServerConfigKeys (ConfUtils.java:logGet(46)) - raft.server.log.force.sync.num = 128 (default)
2024-12-14 12:26:05,793 INFO  server.RaftServerConfigKeys (ConfUtils.java:logGet(46)) - raft.server.log.statemachine.data.sync = true (default)
2024-12-14 12:26:05,793 INFO  server.RaftServerConfigKeys (ConfUtils.java:logGet(46)) - raft.server.log.statemachine.data.sync.timeout = 10s (default)
2024-12-14 12:26:05,793 INFO  server.RaftServerConfigKeys (ConfUtils.java:logGet(46)) - raft.server.log.statemachine.data.sync.timeout.retry = -1 (default)
2024-12-14 12:26:05,793 INFO  server.RaftServerConfigKeys (ConfUtils.java:logGet(46)) - raft.server.log.write.buffer.size = 8MB (=8388608) (default)
2024-12-14 12:26:05,794 INFO  server.RaftServerConfigKeys (ConfUtils.java:logGet(46)) - raft.server.log.appender.buffer.byte-limit = 4MB (=4194304) (default)
2024-12-14 12:26:05,794 INFO  server.RaftServerConfigKeys (ConfUtils.java:logGet(46)) - raft.server.log.unsafe-flush.enabled = false (default)
2024-12-14 12:26:05,794 INFO  server.RaftServerConfigKeys (ConfUtils.java:logGet(46)) - raft.server.log.async-flush.enabled = false (default)
2024-12-14 12:26:05,794 INFO  server.RaftServerConfigKeys (ConfUtils.java:logGet(46)) - raft.server.log.statemachine.data.caching.enabled = false (default)
2024-12-14 12:26:05,794 INFO  segmented.SegmentedRaftLogWorker (SegmentedRaftLogWorker.java:lambda$new$0(140)) - s8@group-32ADD6F9BB52-SegmentedRaftLogWorker: flushIndex: setUnconditionally 0 -> -1
2024-12-14 12:26:05,794 INFO  segmented.SegmentedRaftLogWorker (SegmentedRaftLogWorker.java:lambda$new$0(140)) - s8@group-32ADD6F9BB52-SegmentedRaftLogWorker: safeCacheEvictIndex: setUnconditionally 0 -> -1
2024-12-14 12:26:05,794 INFO  server.RaftServer$Division (RaftServerImpl.java:start(392)) - s8@group-32ADD6F9BB52: start as a follower, conf=conf: {index: -1, cur=peers:[s7|0.0.0.0:15022, s8|0.0.0.0:15023, s9|0.0.0.0:15024]|listeners:[], old=null}
2024-12-14 12:26:05,795 INFO  server.RaftServer$Division (RaftServerImpl.java:setRole(379)) - s8@group-32ADD6F9BB52: changes role from      null to FOLLOWER at term 0 for startAsFollower
2024-12-14 12:26:05,795 INFO  impl.RoleInfo (RoleInfo.java:updateAndGet(148)) - s8: start s8@group-32ADD6F9BB52-FollowerState
2024-12-14 12:26:05,795 INFO  util.JmxRegister (JmxRegister.java:tryRegister(44)) - Successfully registered JMX Bean with object name Ratis:service=RaftServer,group=group-32ADD6F9BB52,id=s8
2024-12-14 12:26:05,795 INFO  util.JmxRegister (JmxRegister.java:register(58)) - register mxBean class org.apache.ratis.server.impl.RaftServerJmxAdapter as Ratis:service=RaftServer,group=group-32ADD6F9BB52,id=s8
2024-12-14 12:26:05,795 INFO  server.RaftServerConfigKeys (ConfUtils.java:logFallback(53)) - raft.server.rpc.first-election.timeout.min = 300ms (fallback to raft.server.rpc.timeout.min)
2024-12-14 12:26:05,795 INFO  server.RaftServerConfigKeys (ConfUtils.java:logFallback(53)) - raft.server.rpc.first-election.timeout.max = 600ms (fallback to raft.server.rpc.timeout.max)
2024-12-14 12:26:05,795 INFO  server.RaftServerConfigKeys (ConfUtils.java:logGet(46)) - raft.server.snapshot.trigger-when-stop.enabled = true (default)
2024-12-14 12:26:05,795 INFO  server.RaftServerConfigKeys (ConfUtils.java:logGet(46)) - raft.server.snapshot.trigger-when-remove.enabled = true (default)
2024-12-14 12:26:05,795 INFO  server.RaftServerConfigKeys (ConfUtils.java:logGet(46)) - raft.server.snapshot.auto.trigger.enabled = false (default)
2024-12-14 12:26:05,795 INFO  server.RaftServerConfigKeys (ConfUtils.java:logGet(46)) - raft.server.snapshot.retention.file.num = -1 (default)
2024-12-14 12:26:05,796 INFO  server.RaftServerConfigKeys (ConfUtils.java:logGet(46)) - raft.server.log.purge.upto.snapshot.index = false (default)
2024-12-14 12:26:05,796 INFO  server.RaftServer$Division (RaftServerImpl.java:start(406)) - s8@group-32ADD6F9BB52: Successfully started.
2024-12-14 12:26:05,813 INFO  netty.NettyUtils (NettyUtils.java:newEventLoopGroup(74)) - Create EpollEventLoopGroup for client-38239FFAAFA0; Thread size is 0.
2024-12-14 12:26:05,815 INFO  logging.LoggingHandler (AbstractInternalLogger.java:log(148)) - [id: 0x8195817e, L:/0.0.0.0:15024] READ: [id: 0xdf497a47, L:/127.0.0.1:15024 - R:/127.0.0.1:51860]
2024-12-14 12:26:05,815 INFO  logging.LoggingHandler (AbstractInternalLogger.java:log(148)) - [id: 0x8195817e, L:/0.0.0.0:15024] READ COMPLETE
2024-12-14 12:26:05,816 INFO  server.RaftServer (RaftServerProxy.java:addNew(101)) - s9: addNew group-32ADD6F9BB52:[s7|0.0.0.0:15022, s8|0.0.0.0:15023, s9|0.0.0.0:15024] returns group-32ADD6F9BB52:java.util.concurrent.CompletableFuture@7dc1b9ec[Not completed]
2024-12-14 12:26:05,816 INFO  server.RaftServer$Division (RaftServerImpl.java:<init>(256)) - s9: new RaftServerImpl for group-32ADD6F9BB52:[s7|0.0.0.0:15022, s8|0.0.0.0:15023, s9|0.0.0.0:15024] with ArithmeticStateMachine:uninitialized
2024-12-14 12:26:05,816 INFO  server.RaftServerConfigKeys (ConfUtils.java:logGet(46)) - raft.server.rpc.timeout.min = 300ms (custom)
2024-12-14 12:26:05,816 INFO  server.RaftServerConfigKeys (ConfUtils.java:logGet(46)) - raft.server.rpc.timeout.max = 600ms (custom)
2024-12-14 12:26:05,816 INFO  server.RaftServerConfigKeys (ConfUtils.java:logGet(46)) - raft.server.rpc.sleep.time = 25ms (default)
2024-12-14 12:26:05,816 INFO  server.RaftServerConfigKeys (ConfUtils.java:logGet(46)) - raft.server.rpc.slowness.timeout = 60s (default)
2024-12-14 12:26:05,816 INFO  server.RaftServerConfigKeys (ConfUtils.java:logGet(46)) - raft.server.leaderelection.leader.step-down.wait-time = 10s (default)
2024-12-14 12:26:05,817 INFO  server.RaftServerConfigKeys (ConfUtils.java:logGet(46)) - raft.server.leaderelection.member.majority-add = false (default)
2024-12-14 12:26:05,817 INFO  server.RaftServerConfigKeys (ConfUtils.java:logGet(46)) - raft.server.sleep.deviation.threshold = 300ms (default)
2024-12-14 12:26:05,817 INFO  server.RaftServer$Division (ServerState.java:<init>(114)) - s9@group-32ADD6F9BB52: ConfigurationManager, init=conf: {index: -1, cur=peers:[s7|0.0.0.0:15022, s8|0.0.0.0:15023, s9|0.0.0.0:15024]|listeners:[], old=null}, confs=<EMPTY_MAP>
2024-12-14 12:26:05,817 INFO  server.RaftServerConfigKeys (ConfUtils.java:logGet(46)) - raft.server.notification.no-leader.timeout = 60s (default)
2024-12-14 12:26:05,817 INFO  server.RaftServerConfigKeys (ConfUtils.java:logGet(46)) - raft.server.read.timeout = 10s (default)
2024-12-14 12:26:05,817 INFO  server.RaftServerConfigKeys (ConfUtils.java:logGet(46)) - raft.server.retrycache.expirytime = 60s (default)
2024-12-14 12:26:05,817 INFO  server.RaftServerConfigKeys (ConfUtils.java:logGet(46)) - raft.server.retrycache.statistics.expirytime = 100ms (default)
2024-12-14 12:26:05,817 INFO  server.RaftServerConfigKeys (ConfUtils.java:logGet(46)) - raft.server.read.option = DEFAULT (default)
2024-12-14 12:26:05,817 INFO  server.RaftServerConfigKeys (ConfUtils.java:logGet(46)) - raft.server.read.read-after-write-consistent.write-index-cache.expiry-time = 60s (default)
2024-12-14 12:26:05,817 INFO  server.RaftServerConfigKeys (ConfUtils.java:logGet(46)) - raft.server.rpc.request.timeout = 3000ms (default)
2024-12-14 12:26:05,818 INFO  server.RaftServerConfigKeys (ConfUtils.java:logGet(46)) - raft.server.log.appender.install.snapshot.enabled = true (default)
2024-12-14 12:26:05,818 INFO  server.RaftServerConfigKeys (ConfUtils.java:logGet(46)) - raft.server.threadpool.server.cached = true (default)
2024-12-14 12:26:05,818 INFO  server.RaftServerConfigKeys (ConfUtils.java:logGet(46)) - raft.server.threadpool.server.size = 0 (default)
2024-12-14 12:26:05,818 INFO  server.RaftServerConfigKeys (ConfUtils.java:logGet(46)) - raft.server.threadpool.client.cached = true (default)
2024-12-14 12:26:05,818 INFO  server.RaftServerConfigKeys (ConfUtils.java:logGet(46)) - raft.server.threadpool.client.size = 0 (default)
2024-12-14 12:26:05,818 INFO  server.RaftServerConfigKeys (ConfUtils.java:logGet(46)) - raft.server.storage.free-space.min = 0MB (=0) (default)
2024-12-14 12:26:05,818 INFO  server.RaftServerConfigKeys (ConfUtils.java:logGet(46)) - raft.server.log.corruption.policy = EXCEPTION (default)
2024-12-14 12:26:05,818 INFO  server.RaftServerConfigKeys (ConfUtils.java:logGet(46)) - raft.server.storage.dir = [/home/runner/work/ratis/ratis/ratis-examples/target/test/data/da5193cb/MiniRaftClusterWithNetty71855ece/s9] (custom)
2024-12-14 12:26:05,818 INFO  storage.RaftStorageDirectory (RaftStorageDirectoryImpl.java:analyzeStorage(138)) - The storage directory /home/runner/work/ratis/ratis/ratis-examples/target/test/data/da5193cb/MiniRaftClusterWithNetty71855ece/s9/dd13e21a-8ed5-442f-9b8c-32add6f9bb52 does not exist. Creating ...
2024-12-14 12:26:05,818 TRACE util.FileUtils (LogUtils.java:runAndLog(49)) - Successfully ran Files.createDirectories /home/runner/work/ratis/ratis/ratis-examples/target/test/data/da5193cb/MiniRaftClusterWithNetty71855ece/s9/dd13e21a-8ed5-442f-9b8c-32add6f9bb52
2024-12-14 12:26:05,825 INFO  storage.RaftStorageDirectory (RaftStorageDirectoryImpl.java:tryLock(229)) - Lock on /home/runner/work/ratis/ratis/ratis-examples/target/test/data/da5193cb/MiniRaftClusterWithNetty71855ece/s9/dd13e21a-8ed5-442f-9b8c-32add6f9bb52/in_use.lock acquired by nodename 14700@fv-az733-880
2024-12-14 12:26:05,825 TRACE util.FileUtils (LogUtils.java:runAndLog(49)) - Successfully ran Files.createDirectories /home/runner/work/ratis/ratis/ratis-examples/target/test/data/da5193cb/MiniRaftClusterWithNetty71855ece/s9/dd13e21a-8ed5-442f-9b8c-32add6f9bb52/current
2024-12-14 12:26:05,825 TRACE util.FileUtils (LogUtils.java:runAndLog(49)) - Successfully ran Files.createDirectories /home/runner/work/ratis/ratis/ratis-examples/target/test/data/da5193cb/MiniRaftClusterWithNetty71855ece/s9/dd13e21a-8ed5-442f-9b8c-32add6f9bb52/sm
2024-12-14 12:26:05,825 TRACE util.FileUtils (LogUtils.java:supplyAndLog(69)) - Successfully supplied FileChannel.open /home/runner/work/ratis/ratis/ratis-examples/target/test/data/da5193cb/MiniRaftClusterWithNetty71855ece/s9/dd13e21a-8ed5-442f-9b8c-32add6f9bb52/current/raft-meta.tmp with options [CREATE, WRITE]: sun.nio.ch.FileChannelImpl@29b8191
2024-12-14 12:26:05,826 TRACE util.FileUtils (LogUtils.java:runAndLog(49)) - Successfully ran Atomic Files.move /home/runner/work/ratis/ratis/ratis-examples/target/test/data/da5193cb/MiniRaftClusterWithNetty71855ece/s9/dd13e21a-8ed5-442f-9b8c-32add6f9bb52/current/raft-meta.tmp to /home/runner/work/ratis/ratis/ratis-examples/target/test/data/da5193cb/MiniRaftClusterWithNetty71855ece/s9/dd13e21a-8ed5-442f-9b8c-32add6f9bb52/current/raft-meta with options [REPLACE_EXISTING]
2024-12-14 12:26:05,826 INFO  storage.RaftStorage (RaftStorageImpl.java:format(98)) - Storage directory /home/runner/work/ratis/ratis/ratis-examples/target/test/data/da5193cb/MiniRaftClusterWithNetty71855ece/s9/dd13e21a-8ed5-442f-9b8c-32add6f9bb52 has been successfully formatted.
2024-12-14 12:26:05,826 WARN  statemachine.StateMachine (ArithmeticStateMachine.java:loadSnapshot(115)) - The snapshot info is null.
2024-12-14 12:26:05,826 INFO  server.RaftServerConfigKeys (ConfUtils.java:logGet(46)) - raft.server.log.use.memory = false (default)
2024-12-14 12:26:05,826 INFO  server.RaftServerConfigKeys (ConfUtils.java:logGet(46)) - raft.server.log.purge.gap = 1024 (default)
2024-12-14 12:26:05,827 INFO  server.RaftServerConfigKeys (ConfUtils.java:logGet(46)) - raft.server.log.appender.buffer.byte-limit = 4MB (=4194304) (default)
2024-12-14 12:26:05,827 INFO  server.RaftServerConfigKeys (ConfUtils.java:logGet(46)) - raft.server.log.statemachine.data.read.timeout = 1000ms (default)
2024-12-14 12:26:05,827 INFO  server.RaftServerConfigKeys (ConfUtils.java:logGet(46)) - raft.server.log.purge.preservation.log.num = 0 (default)
2024-12-14 12:26:05,827 INFO  server.RaftServerConfigKeys (ConfUtils.java:logGet(46)) - raft.server.log.segment.size.max = 32MB (=33554432) (default)
2024-12-14 12:26:05,827 INFO  server.RaftServerConfigKeys (ConfUtils.java:logGet(46)) - raft.server.log.segment.cache.num.max = 6 (default)
2024-12-14 12:26:05,827 INFO  server.RaftServerConfigKeys (ConfUtils.java:logGet(46)) - raft.server.log.segment.cache.size.max = 200MB (=209715200) (default)
2024-12-14 12:26:05,827 INFO  server.RaftServerConfigKeys (ConfUtils.java:logGet(46)) - raft.server.log.appender.buffer.byte-limit = 4MB (=4194304) (default)
2024-12-14 12:26:05,827 INFO  util.AwaitToRun (AwaitToRun.java:start(81)) - Thread[s9@group-32ADD6F9BB52-cacheEviction-AwaitToRun,5,main] started
2024-12-14 12:26:05,827 INFO  segmented.SegmentedRaftLogWorker (SegmentedRaftLogWorker.java:<init>(189)) - new s9@group-32ADD6F9BB52-SegmentedRaftLogWorker for RaftStorageImpl:Storage Directory /home/runner/work/ratis/ratis/ratis-examples/target/test/data/da5193cb/MiniRaftClusterWithNetty71855ece/s9/dd13e21a-8ed5-442f-9b8c-32add6f9bb52
2024-12-14 12:26:05,827 INFO  server.RaftServerConfigKeys (ConfUtils.java:logGet(46)) - raft.server.log.queue.byte-limit = 64MB (=67108864) (default)
2024-12-14 12:26:05,827 INFO  server.RaftServerConfigKeys (ConfUtils.java:logGet(46)) - raft.server.log.queue.element-limit = 4096 (default)
2024-12-14 12:26:05,828 INFO  server.RaftServerConfigKeys (ConfUtils.java:logGet(46)) - raft.server.log.segment.size.max = 32MB (=33554432) (default)
2024-12-14 12:26:05,828 INFO  server.RaftServerConfigKeys (ConfUtils.java:logGet(46)) - raft.server.log.preallocated.size = 4MB (=4194304) (default)
2024-12-14 12:26:05,828 INFO  server.RaftServerConfigKeys (ConfUtils.java:logGet(46)) - raft.server.log.force.sync.num = 128 (default)
2024-12-14 12:26:05,828 INFO  server.RaftServerConfigKeys (ConfUtils.java:logGet(46)) - raft.server.log.statemachine.data.sync = true (default)
2024-12-14 12:26:05,828 INFO  server.RaftServerConfigKeys (ConfUtils.java:logGet(46)) - raft.server.log.statemachine.data.sync.timeout = 10s (default)
2024-12-14 12:26:05,828 INFO  server.RaftServerConfigKeys (ConfUtils.java:logGet(46)) - raft.server.log.statemachine.data.sync.timeout.retry = -1 (default)
2024-12-14 12:26:05,828 INFO  server.RaftServerConfigKeys (ConfUtils.java:logGet(46)) - raft.server.log.write.buffer.size = 8MB (=8388608) (default)
2024-12-14 12:26:05,830 INFO  server.RaftServerConfigKeys (ConfUtils.java:logGet(46)) - raft.server.log.appender.buffer.byte-limit = 4MB (=4194304) (default)
2024-12-14 12:26:05,830 INFO  server.RaftServerConfigKeys (ConfUtils.java:logGet(46)) - raft.server.log.unsafe-flush.enabled = false (default)
2024-12-14 12:26:05,830 INFO  server.RaftServerConfigKeys (ConfUtils.java:logGet(46)) - raft.server.log.async-flush.enabled = false (default)
2024-12-14 12:26:05,830 INFO  server.RaftServerConfigKeys (ConfUtils.java:logGet(46)) - raft.server.log.statemachine.data.caching.enabled = false (default)
2024-12-14 12:26:05,830 INFO  segmented.SegmentedRaftLogWorker (SegmentedRaftLogWorker.java:lambda$new$0(140)) - s9@group-32ADD6F9BB52-SegmentedRaftLogWorker: flushIndex: setUnconditionally 0 -> -1
2024-12-14 12:26:05,830 INFO  segmented.SegmentedRaftLogWorker (SegmentedRaftLogWorker.java:lambda$new$0(140)) - s9@group-32ADD6F9BB52-SegmentedRaftLogWorker: safeCacheEvictIndex: setUnconditionally 0 -> -1
2024-12-14 12:26:05,830 INFO  server.RaftServer$Division (RaftServerImpl.java:start(392)) - s9@group-32ADD6F9BB52: start as a follower, conf=conf: {index: -1, cur=peers:[s7|0.0.0.0:15022, s8|0.0.0.0:15023, s9|0.0.0.0:15024]|listeners:[], old=null}
2024-12-14 12:26:05,830 INFO  server.RaftServer$Division (RaftServerImpl.java:setRole(379)) - s9@group-32ADD6F9BB52: changes role from      null to FOLLOWER at term 0 for startAsFollower
2024-12-14 12:26:05,830 INFO  impl.RoleInfo (RoleInfo.java:updateAndGet(148)) - s9: start s9@group-32ADD6F9BB52-FollowerState
2024-12-14 12:26:05,831 INFO  util.JmxRegister (JmxRegister.java:tryRegister(44)) - Successfully registered JMX Bean with object name Ratis:service=RaftServer,group=group-32ADD6F9BB52,id=s9
2024-12-14 12:26:05,831 INFO  util.JmxRegister (JmxRegister.java:register(58)) - register mxBean class org.apache.ratis.server.impl.RaftServerJmxAdapter as Ratis:service=RaftServer,group=group-32ADD6F9BB52,id=s9
2024-12-14 12:26:05,831 INFO  server.RaftServerConfigKeys (ConfUtils.java:logFallback(53)) - raft.server.rpc.first-election.timeout.min = 300ms (fallback to raft.server.rpc.timeout.min)
2024-12-14 12:26:05,831 INFO  server.RaftServerConfigKeys (ConfUtils.java:logFallback(53)) - raft.server.rpc.first-election.timeout.max = 600ms (fallback to raft.server.rpc.timeout.max)
2024-12-14 12:26:05,831 INFO  server.RaftServerConfigKeys (ConfUtils.java:logGet(46)) - raft.server.snapshot.trigger-when-stop.enabled = true (default)
2024-12-14 12:26:05,831 INFO  server.RaftServerConfigKeys (ConfUtils.java:logGet(46)) - raft.server.snapshot.trigger-when-remove.enabled = true (default)
2024-12-14 12:26:05,831 INFO  server.RaftServerConfigKeys (ConfUtils.java:logGet(46)) - raft.server.snapshot.auto.trigger.enabled = false (default)
2024-12-14 12:26:05,831 INFO  server.RaftServerConfigKeys (ConfUtils.java:logGet(46)) - raft.server.snapshot.retention.file.num = -1 (default)
2024-12-14 12:26:05,831 INFO  server.RaftServerConfigKeys (ConfUtils.java:logGet(46)) - raft.server.log.purge.upto.snapshot.index = false (default)
2024-12-14 12:26:05,831 INFO  server.RaftServer$Division (RaftServerImpl.java:start(406)) - s9@group-32ADD6F9BB52: Successfully started.
2024-12-14 12:26:05,840 INFO  server.RaftServerConfigKeys (ConfUtils.java:logGet(46)) - raft.server.rpc.timeout.max = 600ms (custom)
2024-12-14 12:26:05,841 INFO  ratis.RaftTestUtil (RaftTestUtil.java:waitForLeader(107)) - printing group-32ADD6F9BB52
  s7:  RUNNING [
   FOLLOWER s7@group-0A0C1A18FF69:t0, leader=null, voted=, raftlog=Memoized:s7@group-0A0C1A18FF69-SegmentedRaftLog:OPENED:c-1:lastnull, conf=conf: {index: -1, cur=peers:[]|listeners:[], old=null} STARTING
   FOLLOWER s7@group-32ADD6F9BB52:t0, leader=null, voted=, raftlog=Memoized:s7@group-32ADD6F9BB52-SegmentedRaftLog:OPENED:c-1:lastnull, conf=conf: {index: -1, cur=peers:[s7|0.0.0.0:15022, s8|0.0.0.0:15023, s9|0.0.0.0:15024]|listeners:[], old=null} RUNNING] size=2
  s8:  RUNNING [
   FOLLOWER s8@group-0A0C1A18FF69:t0, leader=null, voted=, raftlog=Memoized:s8@group-0A0C1A18FF69-SegmentedRaftLog:OPENED:c-1:lastnull, conf=conf: {index: -1, cur=peers:[]|listeners:[], old=null} STARTING
   FOLLOWER s8@group-32ADD6F9BB52:t0, leader=null, voted=, raftlog=Memoized:s8@group-32ADD6F9BB52-SegmentedRaftLog:OPENED:c-1:lastnull, conf=conf: {index: -1, cur=peers:[s7|0.0.0.0:15022, s8|0.0.0.0:15023, s9|0.0.0.0:15024]|listeners:[], old=null} RUNNING] size=2
  s9:  RUNNING [
   FOLLOWER s9@group-0A0C1A18FF69:t0, leader=null, voted=, raftlog=Memoized:s9@group-0A0C1A18FF69-SegmentedRaftLog:OPENED:c-1:lastnull, conf=conf: {index: -1, cur=peers:[]|listeners:[], old=null} STARTING
   FOLLOWER s9@group-32ADD6F9BB52:t0, leader=null, voted=, raftlog=Memoized:s9@group-32ADD6F9BB52-SegmentedRaftLog:OPENED:c-1:lastnull, conf=conf: {index: -1, cur=peers:[s7|0.0.0.0:15022, s8|0.0.0.0:15023, s9|0.0.0.0:15024]|listeners:[], old=null} RUNNING] size=2
2024-12-14 12:26:05,841 WARN  ratis.RaftTestUtil (RaftTestUtil.java:lambda$waitForLeader$3(126)) - Attempt #1 failed: java.lang.IllegalStateException: No leader yet  for group-32ADD6F9BB52: printing group-32ADD6F9BB52
  s7:  RUNNING [
   FOLLOWER s7@group-0A0C1A18FF69:t0, leader=null, voted=, raftlog=Memoized:s7@group-0A0C1A18FF69-SegmentedRaftLog:OPENED:c-1:lastnull, conf=conf: {index: -1, cur=peers:[]|listeners:[], old=null} STARTING
   FOLLOWER s7@group-32ADD6F9BB52:t0, leader=null, voted=, raftlog=Memoized:s7@group-32ADD6F9BB52-SegmentedRaftLog:OPENED:c-1:lastnull, conf=conf: {index: -1, cur=peers:[s7|0.0.0.0:15022, s8|0.0.0.0:15023, s9|0.0.0.0:15024]|listeners:[], old=null} RUNNING] size=2
  s8:  RUNNING [
   FOLLOWER s8@group-0A0C1A18FF69:t0, leader=null, voted=, raftlog=Memoized:s8@group-0A0C1A18FF69-SegmentedRaftLog:OPENED:c-1:lastnull, conf=conf: {index: -1, cur=peers:[]|listeners:[], old=null} STARTING
   FOLLOWER s8@group-32ADD6F9BB52:t0, leader=null, voted=, raftlog=Memoized:s8@group-32ADD6F9BB52-SegmentedRaftLog:OPENED:c-1:lastnull, conf=conf: {index: -1, cur=peers:[s7|0.0.0.0:15022, s8|0.0.0.0:15023, s9|0.0.0.0:15024]|listeners:[], old=null} RUNNING] size=2
  s9:  RUNNING [
   FOLLOWER s9@group-0A0C1A18FF69:t0, leader=null, voted=, raftlog=Memoized:s9@group-0A0C1A18FF69-SegmentedRaftLog:OPENED:c-1:lastnull, conf=conf: {index: -1, cur=peers:[]|listeners:[], old=null} STARTING
   FOLLOWER s9@group-32ADD6F9BB52:t0, leader=null, voted=, raftlog=Memoized:s9@group-32ADD6F9BB52-SegmentedRaftLog:OPENED:c-1:lastnull, conf=conf: {index: -1, cur=peers:[s7|0.0.0.0:15022, s8|0.0.0.0:15023, s9|0.0.0.0:15024]|listeners:[], old=null} RUNNING] size=2
2024-12-14 12:26:06,155 INFO  impl.FollowerState (FollowerState.java:runImpl(161)) - s8@group-32ADD6F9BB52-FollowerState: change to CANDIDATE, lastRpcElapsedTime:360646423ns, electionTimeout:360ms
2024-12-14 12:26:06,155 INFO  impl.RoleInfo (RoleInfo.java:shutdownFollowerState(121)) - s8: shutdown s8@group-32ADD6F9BB52-FollowerState
2024-12-14 12:26:06,156 INFO  server.RaftServer$Division (RaftServerImpl.java:setRole(379)) - s8@group-32ADD6F9BB52: changes role from  FOLLOWER to CANDIDATE at term 0 for changeToCandidate
2024-12-14 12:26:06,156 INFO  server.RaftServerConfigKeys (ConfUtils.java:logGet(46)) - raft.server.leaderelection.pre-vote = true (default)
2024-12-14 12:26:06,156 INFO  impl.RoleInfo (RoleInfo.java:updateAndGet(148)) - s8: start s8@group-32ADD6F9BB52-LeaderElection25
2024-12-14 12:26:06,157 INFO  impl.LeaderElection (LeaderElection.java:askForVotes(332)) - s8@group-32ADD6F9BB52-LeaderElection25 PRE_VOTE round 0: submit vote requests at term 0 for conf: {index: -1, cur=peers:[s7|0.0.0.0:15022, s8|0.0.0.0:15023, s9|0.0.0.0:15024]|listeners:[], old=null}
2024-12-14 12:26:06,157 INFO  server.RaftServerConfigKeys (ConfUtils.java:logFallback(53)) - raft.server.rpc.first-election.timeout.min = 300ms (fallback to raft.server.rpc.timeout.min)
2024-12-14 12:26:06,157 INFO  server.RaftServerConfigKeys (ConfUtils.java:logFallback(53)) - raft.server.rpc.first-election.timeout.max = 600ms (fallback to raft.server.rpc.timeout.max)
2024-12-14 12:26:06,158 INFO  logging.LoggingHandler (AbstractInternalLogger.java:log(148)) - [id: 0xef0cc7a9, L:/0.0.0.0:15022] READ: [id: 0xdcde5c1f, L:/127.0.0.1:15022 - R:/127.0.0.1:58058]
2024-12-14 12:26:06,158 INFO  logging.LoggingHandler (AbstractInternalLogger.java:log(148)) - [id: 0x8195817e, L:/0.0.0.0:15024] READ: [id: 0x27309fa1, L:/127.0.0.1:15024 - R:/127.0.0.1:51874]
2024-12-14 12:26:06,158 INFO  logging.LoggingHandler (AbstractInternalLogger.java:log(148)) - [id: 0xef0cc7a9, L:/0.0.0.0:15022] READ COMPLETE
2024-12-14 12:26:06,159 INFO  logging.LoggingHandler (AbstractInternalLogger.java:log(148)) - [id: 0x8195817e, L:/0.0.0.0:15024] READ COMPLETE
2024-12-14 12:26:06,159 INFO  server.RaftServer$Division (RaftServerImpl.java:requestVote(1452)) - s9@group-32ADD6F9BB52: receive requestVote(PRE_VOTE, s8, group-32ADD6F9BB52, 0, (t:0, i:0))
2024-12-14 12:26:06,159 INFO  impl.VoteContext (VoteContext.java:log(49)) - s9@group-32ADD6F9BB52-FOLLOWER: accept PRE_VOTE from s8: our priority 0 <= candidate's priority 0
2024-12-14 12:26:06,159 INFO  server.RaftServer$Division (RaftServerImpl.java:requestVote(1452)) - s7@group-32ADD6F9BB52: receive requestVote(PRE_VOTE, s8, group-32ADD6F9BB52, 0, (t:0, i:0))
2024-12-14 12:26:06,159 INFO  impl.VoteContext (VoteContext.java:log(49)) - s7@group-32ADD6F9BB52-FOLLOWER: accept PRE_VOTE from s8: our priority 0 <= candidate's priority 0
2024-12-14 12:26:06,160 INFO  server.RaftServer$Division (RaftServerImpl.java:requestVote(1486)) - s7@group-32ADD6F9BB52 replies to PRE_VOTE vote request: s8<-s7#0:OK-t0. Peer's state: s7@group-32ADD6F9BB52:t0, leader=null, voted=, raftlog=Memoized:s7@group-32ADD6F9BB52-SegmentedRaftLog:OPENED:c-1:lastnull, conf=conf: {index: -1, cur=peers:[s7|0.0.0.0:15022, s8|0.0.0.0:15023, s9|0.0.0.0:15024]|listeners:[], old=null}
2024-12-14 12:26:06,159 INFO  server.RaftServer$Division (RaftServerImpl.java:requestVote(1486)) - s9@group-32ADD6F9BB52 replies to PRE_VOTE vote request: s8<-s9#0:OK-t0. Peer's state: s9@group-32ADD6F9BB52:t0, leader=null, voted=, raftlog=Memoized:s9@group-32ADD6F9BB52-SegmentedRaftLog:OPENED:c-1:lastnull, conf=conf: {index: -1, cur=peers:[s7|0.0.0.0:15022, s8|0.0.0.0:15023, s9|0.0.0.0:15024]|listeners:[], old=null}
2024-12-14 12:26:06,160 INFO  impl.LeaderElection (LeaderElection.java:logAndReturn(90)) - s8@group-32ADD6F9BB52-LeaderElection25: PRE_VOTE PASSED received 1 response(s) and 0 exception(s):
2024-12-14 12:26:06,160 INFO  impl.LeaderElection (LeaderElection.java:logAndReturn(94)) -   Response 0: s8<-s7#0:OK-t0
2024-12-14 12:26:06,161 INFO  impl.LeaderElection (LeaderElection.java:askForVotes(334)) - s8@group-32ADD6F9BB52-LeaderElection25 PRE_VOTE round 0: result PASSED
2024-12-14 12:26:06,161 TRACE util.FileUtils (LogUtils.java:supplyAndLog(69)) - Successfully supplied FileChannel.open /home/runner/work/ratis/ratis/ratis-examples/target/test/data/da5193cb/MiniRaftClusterWithNetty71855ece/s8/dd13e21a-8ed5-442f-9b8c-32add6f9bb52/current/raft-meta.tmp with options [CREATE, WRITE]: sun.nio.ch.FileChannelImpl@30a9877f
2024-12-14 12:26:06,162 TRACE util.FileUtils (LogUtils.java:runAndLog(49)) - Successfully ran Atomic Files.move /home/runner/work/ratis/ratis/ratis-examples/target/test/data/da5193cb/MiniRaftClusterWithNetty71855ece/s8/dd13e21a-8ed5-442f-9b8c-32add6f9bb52/current/raft-meta.tmp to /home/runner/work/ratis/ratis/ratis-examples/target/test/data/da5193cb/MiniRaftClusterWithNetty71855ece/s8/dd13e21a-8ed5-442f-9b8c-32add6f9bb52/current/raft-meta with options [REPLACE_EXISTING]
2024-12-14 12:26:06,162 INFO  impl.LeaderElection (LeaderElection.java:askForVotes(332)) - s8@group-32ADD6F9BB52-LeaderElection25 ELECTION round 0: submit vote requests at term 1 for conf: {index: -1, cur=peers:[s7|0.0.0.0:15022, s8|0.0.0.0:15023, s9|0.0.0.0:15024]|listeners:[], old=null}
2024-12-14 12:26:06,162 INFO  server.RaftServerConfigKeys (ConfUtils.java:logFallback(53)) - raft.server.rpc.first-election.timeout.min = 300ms (fallback to raft.server.rpc.timeout.min)
2024-12-14 12:26:06,162 INFO  server.RaftServerConfigKeys (ConfUtils.java:logFallback(53)) - raft.server.rpc.first-election.timeout.max = 600ms (fallback to raft.server.rpc.timeout.max)
2024-12-14 12:26:06,162 INFO  server.RaftServer$Division (RaftServerImpl.java:requestVote(1452)) - s9@group-32ADD6F9BB52: receive requestVote(ELECTION, s8, group-32ADD6F9BB52, 1, (t:0, i:0))
2024-12-14 12:26:06,163 INFO  impl.VoteContext (VoteContext.java:log(49)) - s9@group-32ADD6F9BB52-FOLLOWER: accept ELECTION from s8: our priority 0 <= candidate's priority 0
2024-12-14 12:26:06,163 INFO  server.RaftServer$Division (RaftServerImpl.java:setRole(379)) - s9@group-32ADD6F9BB52: changes role from  FOLLOWER to FOLLOWER at term 0 for candidate:s8
2024-12-14 12:26:06,163 INFO  impl.RoleInfo (RoleInfo.java:shutdownFollowerState(121)) - s9: shutdown s9@group-32ADD6F9BB52-FollowerState
2024-12-14 12:26:06,163 INFO  impl.RoleInfo (RoleInfo.java:updateAndGet(148)) - s9: start s9@group-32ADD6F9BB52-FollowerState
2024-12-14 12:26:06,163 INFO  impl.FollowerState (FollowerState.java:runImpl(170)) - s9@group-32ADD6F9BB52-FollowerState was interrupted
2024-12-14 12:26:06,163 INFO  server.RaftServer$Division (RaftServerImpl.java:setFirstElection(563)) - s9@group-32ADD6F9BB52: set firstElectionSinceStartup to false for candidate:s8
2024-12-14 12:26:06,163 TRACE util.FileUtils (LogUtils.java:supplyAndLog(69)) - Successfully supplied FileChannel.open /home/runner/work/ratis/ratis/ratis-examples/target/test/data/da5193cb/MiniRaftClusterWithNetty71855ece/s9/dd13e21a-8ed5-442f-9b8c-32add6f9bb52/current/raft-meta.tmp with options [CREATE, WRITE]: sun.nio.ch.FileChannelImpl@40dc7922
2024-12-14 12:26:06,164 TRACE util.FileUtils (LogUtils.java:runAndLog(49)) - Successfully ran Atomic Files.move /home/runner/work/ratis/ratis/ratis-examples/target/test/data/da5193cb/MiniRaftClusterWithNetty71855ece/s9/dd13e21a-8ed5-442f-9b8c-32add6f9bb52/current/raft-meta.tmp to /home/runner/work/ratis/ratis/ratis-examples/target/test/data/da5193cb/MiniRaftClusterWithNetty71855ece/s9/dd13e21a-8ed5-442f-9b8c-32add6f9bb52/current/raft-meta with options [REPLACE_EXISTING]
2024-12-14 12:26:06,164 INFO  server.RaftServer$Division (RaftServerImpl.java:requestVote(1486)) - s9@group-32ADD6F9BB52 replies to ELECTION vote request: s8<-s9#0:OK-t1. Peer's state: s9@group-32ADD6F9BB52:t1, leader=null, voted=s8, raftlog=Memoized:s9@group-32ADD6F9BB52-SegmentedRaftLog:OPENED:c-1:lastnull, conf=conf: {index: -1, cur=peers:[s7|0.0.0.0:15022, s8|0.0.0.0:15023, s9|0.0.0.0:15024]|listeners:[], old=null}
2024-12-14 12:26:06,164 INFO  server.RaftServer$Division (RaftServerImpl.java:requestVote(1452)) - s7@group-32ADD6F9BB52: receive requestVote(ELECTION, s8, group-32ADD6F9BB52, 1, (t:0, i:0))
2024-12-14 12:26:06,164 INFO  impl.VoteContext (VoteContext.java:log(49)) - s7@group-32ADD6F9BB52-FOLLOWER: accept ELECTION from s8: our priority 0 <= candidate's priority 0
2024-12-14 12:26:06,164 INFO  server.RaftServer$Division (RaftServerImpl.java:setRole(379)) - s7@group-32ADD6F9BB52: changes role from  FOLLOWER to FOLLOWER at term 0 for candidate:s8
2024-12-14 12:26:06,164 INFO  impl.RoleInfo (RoleInfo.java:shutdownFollowerState(121)) - s7: shutdown s7@group-32ADD6F9BB52-FollowerState
2024-12-14 12:26:06,165 INFO  impl.RoleInfo (RoleInfo.java:updateAndGet(148)) - s7: start s7@group-32ADD6F9BB52-FollowerState
2024-12-14 12:26:06,165 INFO  impl.LeaderElection (LeaderElection.java:logAndReturn(90)) - s8@group-32ADD6F9BB52-LeaderElection25: ELECTION PASSED received 1 response(s) and 0 exception(s):
2024-12-14 12:26:06,165 INFO  impl.LeaderElection (LeaderElection.java:logAndReturn(94)) -   Response 0: s8<-s9#0:OK-t1
2024-12-14 12:26:06,165 INFO  impl.FollowerState (FollowerState.java:runImpl(170)) - s7@group-32ADD6F9BB52-FollowerState was interrupted
2024-12-14 12:26:06,165 INFO  impl.LeaderElection (LeaderElection.java:askForVotes(334)) - s8@group-32ADD6F9BB52-LeaderElection25 ELECTION round 0: result PASSED
2024-12-14 12:26:06,165 INFO  impl.RoleInfo (RoleInfo.java:shutdownLeaderElection(141)) - s8: shutdown s8@group-32ADD6F9BB52-LeaderElection25
2024-12-14 12:26:06,165 INFO  server.RaftServer$Division (RaftServerImpl.java:setRole(379)) - s8@group-32ADD6F9BB52: changes role from CANDIDATE to LEADER at term 1 for changeToLeader
2024-12-14 12:26:06,165 INFO  server.RaftServer$Division (RaftServerImpl.java:setFirstElection(563)) - s7@group-32ADD6F9BB52: set firstElectionSinceStartup to false for candidate:s8
2024-12-14 12:26:06,165 INFO  server.RaftServerConfigKeys (ConfUtils.java:logGet(46)) - raft.server.staging.catchup.gap = 1000 (default)
2024-12-14 12:26:06,165 TRACE util.FileUtils (LogUtils.java:supplyAndLog(69)) - Successfully supplied FileChannel.open /home/runner/work/ratis/ratis/ratis-examples/target/test/data/da5193cb/MiniRaftClusterWithNetty71855ece/s7/dd13e21a-8ed5-442f-9b8c-32add6f9bb52/current/raft-meta.tmp with options [CREATE, WRITE]: sun.nio.ch.FileChannelImpl@3ae27a26
2024-12-14 12:26:06,166 INFO  server.RaftServerConfigKeys (ConfUtils.java:logGet(46)) - raft.server.write.element-limit = 4096 (default)
2024-12-14 12:26:06,166 INFO  server.RaftServerConfigKeys (ConfUtils.java:logGet(46)) - raft.server.write.byte-limit = 64MB (=67108864) (default)
2024-12-14 12:26:06,166 INFO  server.RaftServerConfigKeys (ConfUtils.java:logGet(46)) - raft.server.watch.timeout = 10s (default)
2024-12-14 12:26:06,166 INFO  server.RaftServerConfigKeys (ConfUtils.java:logGet(46)) - raft.server.watch.timeout.denomination = 1s (default)
2024-12-14 12:26:06,166 INFO  server.RaftServerConfigKeys (ConfUtils.java:logGet(46)) - raft.server.watch.element-limit = 65536 (default)
2024-12-14 12:26:06,166 INFO  server.RaftServerConfigKeys (ConfUtils.java:logGet(46)) - raft.server.read.leader.lease.enabled = false (default)
2024-12-14 12:26:06,166 INFO  server.RaftServerConfigKeys (ConfUtils.java:logGet(46)) - raft.server.read.leader.lease.timeout.ratio = 0.9 (default)
2024-12-14 12:26:06,166 INFO  server.RaftServerConfigKeys (ConfUtils.java:logGet(46)) - raft.server.rpc.timeout.min = 300ms (custom)
2024-12-14 12:26:06,166 INFO  server.RaftServerConfigKeys (ConfUtils.java:logGet(46)) - raft.server.log.log-metadata.enabled = true (default)
2024-12-14 12:26:06,166 TRACE util.FileUtils (LogUtils.java:runAndLog(49)) - Successfully ran Atomic Files.move /home/runner/work/ratis/ratis/ratis-examples/target/test/data/da5193cb/MiniRaftClusterWithNetty71855ece/s7/dd13e21a-8ed5-442f-9b8c-32add6f9bb52/current/raft-meta.tmp to /home/runner/work/ratis/ratis/ratis-examples/target/test/data/da5193cb/MiniRaftClusterWithNetty71855ece/s7/dd13e21a-8ed5-442f-9b8c-32add6f9bb52/current/raft-meta with options [REPLACE_EXISTING]
2024-12-14 12:26:06,166 INFO  server.RaftServerConfigKeys (ConfUtils.java:logGet(46)) - raft.server.write.element-limit = 4096 (default)
2024-12-14 12:26:06,166 INFO  server.RaftServer$Division (RaftServerImpl.java:requestVote(1486)) - s7@group-32ADD6F9BB52 replies to ELECTION vote request: s8<-s7#0:OK-t1. Peer's state: s7@group-32ADD6F9BB52:t1, leader=null, voted=s8, raftlog=Memoized:s7@group-32ADD6F9BB52-SegmentedRaftLog:OPENED:c-1:lastnull, conf=conf: {index: -1, cur=peers:[s7|0.0.0.0:15022, s8|0.0.0.0:15023, s9|0.0.0.0:15024]|listeners:[], old=null}
2024-12-14 12:26:06,166 INFO  server.RaftServerConfigKeys (ConfUtils.java:logGet(46)) - raft.server.write.follower.gap.ratio.max = -1.0 (default)
2024-12-14 12:26:06,167 INFO  server.RaftServerConfigKeys (ConfUtils.java:logGet(46)) - raft.server.log.appender.snapshot.chunk.size.max = 16MB (=16777216) (default)
2024-12-14 12:26:06,167 INFO  server.RaftServerConfigKeys (ConfUtils.java:logGet(46)) - raft.server.log.appender.buffer.byte-limit = 4MB (=4194304) (default)
2024-12-14 12:26:06,167 INFO  server.RaftServerConfigKeys (ConfUtils.java:logGet(46)) - raft.server.log.appender.buffer.element-limit = 0 (default)
2024-12-14 12:26:06,167 INFO  server.RaftServerConfigKeys (ConfUtils.java:logGet(46)) - raft.server.log.appender.wait-time.min = 1ms (default)
2024-12-14 12:26:06,167 INFO  server.RaftServerConfigKeys (ConfUtils.java:logGet(46)) - raft.server.log.appender.snapshot.chunk.size.max = 16MB (=16777216) (default)
2024-12-14 12:26:06,167 INFO  server.RaftServerConfigKeys (ConfUtils.java:logGet(46)) - raft.server.log.appender.buffer.byte-limit = 4MB (=4194304) (default)
2024-12-14 12:26:06,167 INFO  server.RaftServerConfigKeys (ConfUtils.java:logGet(46)) - raft.server.log.appender.buffer.element-limit = 0 (default)
2024-12-14 12:26:06,167 INFO  server.RaftServerConfigKeys (ConfUtils.java:logGet(46)) - raft.server.log.appender.wait-time.min = 1ms (default)
2024-12-14 12:26:06,167 INFO  impl.RoleInfo (RoleInfo.java:updateAndGet(148)) - s8: start s8@group-32ADD6F9BB52-LeaderStateImpl
2024-12-14 12:26:06,167 INFO  server.RaftServer$Division (RaftServerImpl.java:setFirstElection(563)) - s8@group-32ADD6F9BB52: set firstElectionSinceStartup to false for becomeLeader
2024-12-14 12:26:06,168 INFO  server.RaftServer$Division (ServerState.java:setLeader(272)) - s8@group-32ADD6F9BB52: change Leader from null to s8 at term 1 for becomeLeader, leader elected after 380ms
2024-12-14 12:26:06,168 INFO  segmented.SegmentedRaftLogWorker (SegmentedRaftLogWorker.java:startLogSegment(443)) - s8@group-32ADD6F9BB52-SegmentedRaftLogWorker: Starting segment from index:0
2024-12-14 12:26:06,168 INFO  server.RaftServer$Division (ServerState.java:setRaftConf(386)) - s8@group-32ADD6F9BB52: set configuration conf: {index: 0, cur=peers:[s7|0.0.0.0:15022, s8|0.0.0.0:15023, s9|0.0.0.0:15024]|listeners:[], old=null}
2024-12-14 12:26:06,168 INFO  segmented.BufferedWriteChannel (BufferedWriteChannel.java:open(61)) - open log_inprogress_0 at position 0
2024-12-14 12:26:06,174 INFO  server.RaftServer$Division (ServerState.java:setLeader(272)) - s7@group-32ADD6F9BB52: change Leader from null to s8 at term 1 for appendEntries, leader elected after 403ms
2024-12-14 12:26:06,174 INFO  server.RaftServer$Division (ServerState.java:setLeader(272)) - s9@group-32ADD6F9BB52: change Leader from null to s8 at term 1 for appendEntries, leader elected after 357ms
2024-12-14 12:26:06,176 INFO  server.RaftServer$Division (ServerState.java:setRaftConf(386)) - s9@group-32ADD6F9BB52: set configuration conf: {index: 0, cur=peers:[s7|0.0.0.0:15022, s8|0.0.0.0:15023, s9|0.0.0.0:15024]|listeners:[], old=null}
2024-12-14 12:26:06,176 INFO  segmented.SegmentedRaftLogWorker (SegmentedRaftLogWorker.java:startLogSegment(443)) - s9@group-32ADD6F9BB52-SegmentedRaftLogWorker: Starting segment from index:0
2024-12-14 12:26:06,176 INFO  server.RaftServer$Division (ServerState.java:setRaftConf(386)) - s7@group-32ADD6F9BB52: set configuration conf: {index: 0, cur=peers:[s7|0.0.0.0:15022, s8|0.0.0.0:15023, s9|0.0.0.0:15024]|listeners:[], old=null}
2024-12-14 12:26:06,176 INFO  segmented.BufferedWriteChannel (BufferedWriteChannel.java:open(61)) - open log_inprogress_0 at position 0
2024-12-14 12:26:06,176 INFO  segmented.SegmentedRaftLogWorker (SegmentedRaftLogWorker.java:startLogSegment(443)) - s7@group-32ADD6F9BB52-SegmentedRaftLogWorker: Starting segment from index:0
2024-12-14 12:26:06,177 INFO  segmented.BufferedWriteChannel (BufferedWriteChannel.java:open(61)) - open log_inprogress_0 at position 0
2024-12-14 12:26:06,183 INFO  segmented.SegmentedRaftLogWorker (SegmentedRaftLogWorker.java:execute(667)) - s8@group-32ADD6F9BB52-SegmentedRaftLogWorker: created new log segment /home/runner/work/ratis/ratis/ratis-examples/target/test/data/da5193cb/MiniRaftClusterWithNetty71855ece/s8/dd13e21a-8ed5-442f-9b8c-32add6f9bb52/current/log_inprogress_0
2024-12-14 12:26:06,190 INFO  segmented.SegmentedRaftLogWorker (SegmentedRaftLogWorker.java:execute(667)) - s9@group-32ADD6F9BB52-SegmentedRaftLogWorker: created new log segment /home/runner/work/ratis/ratis/ratis-examples/target/test/data/da5193cb/MiniRaftClusterWithNetty71855ece/s9/dd13e21a-8ed5-442f-9b8c-32add6f9bb52/current/log_inprogress_0
2024-12-14 12:26:06,191 INFO  segmented.SegmentedRaftLogWorker (SegmentedRaftLogWorker.java:execute(667)) - s7@group-32ADD6F9BB52-SegmentedRaftLogWorker: created new log segment /home/runner/work/ratis/ratis/ratis-examples/target/test/data/da5193cb/MiniRaftClusterWithNetty71855ece/s7/dd13e21a-8ed5-442f-9b8c-32add6f9bb52/current/log_inprogress_0
2024-12-14 12:26:06,191 TRACE util.FileUtils (LogUtils.java:supplyAndLog(69)) - Successfully supplied FileChannel.open /home/runner/work/ratis/ratis/ratis-examples/target/test/data/da5193cb/MiniRaftClusterWithNetty71855ece/s8/dd13e21a-8ed5-442f-9b8c-32add6f9bb52/current/raft-meta.conf.tmp with options [CREATE, WRITE]: sun.nio.ch.FileChannelImpl@3da56773
2024-12-14 12:26:06,192 TRACE util.FileUtils (LogUtils.java:runAndLog(49)) - Successfully ran Atomic Files.move /home/runner/work/ratis/ratis/ratis-examples/target/test/data/da5193cb/MiniRaftClusterWithNetty71855ece/s8/dd13e21a-8ed5-442f-9b8c-32add6f9bb52/current/raft-meta.conf.tmp to /home/runner/work/ratis/ratis/ratis-examples/target/test/data/da5193cb/MiniRaftClusterWithNetty71855ece/s8/dd13e21a-8ed5-442f-9b8c-32add6f9bb52/current/raft-meta.conf with options [REPLACE_EXISTING]
2024-12-14 12:26:06,192 INFO  server.RaftServer$Division (LeaderStateImpl.java:checkStartIndex(314)) - Leader s8@group-32ADD6F9BB52-LeaderStateImpl is ready since appliedIndex == startIndex == 0
2024-12-14 12:26:06,343 TRACE util.FileUtils (LogUtils.java:supplyAndLog(69)) - Successfully supplied FileChannel.open /home/runner/work/ratis/ratis/ratis-examples/target/test/data/da5193cb/MiniRaftClusterWithNetty71855ece/s9/dd13e21a-8ed5-442f-9b8c-32add6f9bb52/current/raft-meta.conf.tmp with options [CREATE, WRITE]: sun.nio.ch.FileChannelImpl@1f22fd68
2024-12-14 12:26:06,343 TRACE util.FileUtils (LogUtils.java:supplyAndLog(69)) - Successfully supplied FileChannel.open /home/runner/work/ratis/ratis/ratis-examples/target/test/data/da5193cb/MiniRaftClusterWithNetty71855ece/s7/dd13e21a-8ed5-442f-9b8c-32add6f9bb52/current/raft-meta.conf.tmp with options [CREATE, WRITE]: sun.nio.ch.FileChannelImpl@24df03ad
2024-12-14 12:26:06,344 TRACE util.FileUtils (LogUtils.java:runAndLog(49)) - Successfully ran Atomic Files.move /home/runner/work/ratis/ratis/ratis-examples/target/test/data/da5193cb/MiniRaftClusterWithNetty71855ece/s9/dd13e21a-8ed5-442f-9b8c-32add6f9bb52/current/raft-meta.conf.tmp to /home/runner/work/ratis/ratis/ratis-examples/target/test/data/da5193cb/MiniRaftClusterWithNetty71855ece/s9/dd13e21a-8ed5-442f-9b8c-32add6f9bb52/current/raft-meta.conf with options [REPLACE_EXISTING]
2024-12-14 12:26:06,344 TRACE util.FileUtils (LogUtils.java:runAndLog(49)) - Successfully ran Atomic Files.move /home/runner/work/ratis/ratis/ratis-examples/target/test/data/da5193cb/MiniRaftClusterWithNetty71855ece/s7/dd13e21a-8ed5-442f-9b8c-32add6f9bb52/current/raft-meta.conf.tmp to /home/runner/work/ratis/ratis/ratis-examples/target/test/data/da5193cb/MiniRaftClusterWithNetty71855ece/s7/dd13e21a-8ed5-442f-9b8c-32add6f9bb52/current/raft-meta.conf with options [REPLACE_EXISTING]
2024-12-14 12:26:06,741 INFO  ratis.RaftTestUtil (RaftTestUtil.java:waitForLeader(131)) - printing group-32ADD6F9BB52
  s7:  RUNNING [
   FOLLOWER s7@group-0A0C1A18FF69:t0, leader=null, voted=, raftlog=Memoized:s7@group-0A0C1A18FF69-SegmentedRaftLog:OPENED:c-1:lastnull, conf=conf: {index: -1, cur=peers:[]|listeners:[], old=null} STARTING
   FOLLOWER s7@group-32ADD6F9BB52:t1, leader=s8, voted=s8, raftlog=Memoized:s7@group-32ADD6F9BB52-SegmentedRaftLog:OPENED:c0:last(t:1, i:0), conf=conf: {index: 0, cur=peers:[s7|0.0.0.0:15022, s8|0.0.0.0:15023, s9|0.0.0.0:15024]|listeners:[], old=null} RUNNING] size=2
  s8:  RUNNING [
   FOLLOWER s8@group-0A0C1A18FF69:t0, leader=null, voted=, raftlog=Memoized:s8@group-0A0C1A18FF69-SegmentedRaftLog:OPENED:c-1:lastnull, conf=conf: {index: -1, cur=peers:[]|listeners:[], old=null} STARTING
     LEADER s8@group-32ADD6F9BB52:t1, leader=s8, voted=s8, raftlog=Memoized:s8@group-32ADD6F9BB52-SegmentedRaftLog:OPENED:c0:last(t:1, i:0), conf=conf: {index: 0, cur=peers:[s7|0.0.0.0:15022, s8|0.0.0.0:15023, s9|0.0.0.0:15024]|listeners:[], old=null} RUNNING] size=2
  s9:  RUNNING [
   FOLLOWER s9@group-0A0C1A18FF69:t0, leader=null, voted=, raftlog=Memoized:s9@group-0A0C1A18FF69-SegmentedRaftLog:OPENED:c-1:lastnull, conf=conf: {index: -1, cur=peers:[]|listeners:[], old=null} STARTING
   FOLLOWER s9@group-32ADD6F9BB52:t1, leader=s8, voted=s8, raftlog=Memoized:s9@group-32ADD6F9BB52-SegmentedRaftLog:OPENED:c0:last(t:1, i:0), conf=conf: {index: 0, cur=peers:[s7|0.0.0.0:15022, s8|0.0.0.0:15023, s9|0.0.0.0:15024]|listeners:[], old=null} RUNNING] size=2
2024-12-14 12:26:06,742 INFO  netty.NettyUtils (NettyUtils.java:newEventLoopGroup(74)) - Create EpollEventLoopGroup for client-B6261EC9D430; Thread size is 0.
2024-12-14 12:26:06,744 INFO  logging.LoggingHandler (AbstractInternalLogger.java:log(148)) - [id: 0xef0cc7a9, L:/0.0.0.0:15022] READ: [id: 0x14ca0225, L:/127.0.0.1:15022 - R:/127.0.0.1:58070]
2024-12-14 12:26:06,744 INFO  logging.LoggingHandler (AbstractInternalLogger.java:log(148)) - [id: 0xef0cc7a9, L:/0.0.0.0:15022] READ COMPLETE
2024-12-14 12:26:06,848 INFO  logging.LoggingHandler (AbstractInternalLogger.java:log(148)) - [id: 0x75a19822, L:/0.0.0.0:15023] READ: [id: 0x36599610, L:/127.0.0.1:15023 - R:/127.0.0.1:60868]
2024-12-14 12:26:06,848 INFO  logging.LoggingHandler (AbstractInternalLogger.java:log(148)) - [id: 0x75a19822, L:/0.0.0.0:15023] READ COMPLETE
2024-12-14 12:26:06,849 INFO  statemachine.StateMachine (ArithmeticStateMachine.java:applyTransaction(181)) - LEADER:s8-1: a = 83 = 83
2024-12-14 12:26:06,852 INFO  statemachine.StateMachine (ArithmeticStateMachine.java:applyTransaction(181)) - LEADER:s8-3: b = 3444 = 3444
2024-12-14 12:26:06,854 INFO  statemachine.StateMachine (ArithmeticStateMachine.java:applyTransaction(181)) - LEADER:s8-5: c = √(a^2 + b^2) = 3445
2024-12-14 12:26:06,856 INFO  statemachine.StateMachine (ArithmeticStateMachine.java:applyTransaction(181)) - LEADER:s8-7: a = null = null
2024-12-14 12:26:06,858 INFO  statemachine.StateMachine (ArithmeticStateMachine.java:applyTransaction(181)) - LEADER:s8-9: b = null = null
2024-12-14 12:26:06,860 INFO  statemachine.StateMachine (ArithmeticStateMachine.java:applyTransaction(181)) - LEADER:s8-11: c = null = null
2024-12-14 12:26:06,861 INFO  statemachine.StateMachine (ArithmeticStateMachine.java:applyTransaction(181)) - LEADER:s8-13: a = 85 = 85
2024-12-14 12:26:06,864 INFO  statemachine.StateMachine (ArithmeticStateMachine.java:applyTransaction(181)) - LEADER:s8-15: b = 3612 = 3612
2024-12-14 12:26:06,866 INFO  statemachine.StateMachine (ArithmeticStateMachine.java:applyTransaction(181)) - LEADER:s8-17: c = √(a^2 + b^2) = 3613
2024-12-14 12:26:06,867 INFO  statemachine.StateMachine (ArithmeticStateMachine.java:applyTransaction(181)) - LEADER:s8-19: a = null = null
2024-12-14 12:26:06,869 INFO  statemachine.StateMachine (ArithmeticStateMachine.java:applyTransaction(181)) - LEADER:s8-21: b = null = null
2024-12-14 12:26:06,874 INFO  statemachine.StateMachine (ArithmeticStateMachine.java:applyTransaction(181)) - LEADER:s8-23: c = null = null
2024-12-14 12:26:06,876 INFO  statemachine.StateMachine (ArithmeticStateMachine.java:applyTransaction(181)) - LEADER:s8-25: a = 87 = 87
2024-12-14 12:26:06,877 INFO  statemachine.StateMachine (ArithmeticStateMachine.java:applyTransaction(181)) - LEADER:s8-27: b = 3784 = 3784
2024-12-14 12:26:06,880 INFO  statemachine.StateMachine (ArithmeticStateMachine.java:applyTransaction(181)) - LEADER:s8-29: c = √(a^2 + b^2) = 3785
2024-12-14 12:26:06,882 INFO  statemachine.StateMachine (ArithmeticStateMachine.java:applyTransaction(181)) - LEADER:s8-31: a = null = null
2024-12-14 12:26:06,884 INFO  statemachine.StateMachine (ArithmeticStateMachine.java:applyTransaction(181)) - LEADER:s8-33: b = null = null
2024-12-14 12:26:06,885 INFO  statemachine.StateMachine (ArithmeticStateMachine.java:applyTransaction(181)) - LEADER:s8-35: c = null = null
2024-12-14 12:26:06,887 INFO  statemachine.StateMachine (ArithmeticStateMachine.java:applyTransaction(181)) - LEADER:s8-37: a = 89 = 89
2024-12-14 12:26:06,889 INFO  statemachine.StateMachine (ArithmeticStateMachine.java:applyTransaction(181)) - LEADER:s8-39: b = 3960 = 3960
2024-12-14 12:26:06,891 INFO  statemachine.StateMachine (ArithmeticStateMachine.java:applyTransaction(181)) - LEADER:s8-41: c = √(a^2 + b^2) = 3961
2024-12-14 12:26:06,893 INFO  statemachine.StateMachine (ArithmeticStateMachine.java:applyTransaction(181)) - LEADER:s8-43: a = null = null
2024-12-14 12:26:06,895 INFO  statemachine.StateMachine (ArithmeticStateMachine.java:applyTransaction(181)) - LEADER:s8-45: b = null = null
2024-12-14 12:26:06,898 INFO  statemachine.StateMachine (ArithmeticStateMachine.java:applyTransaction(181)) - LEADER:s8-47: c = null = null
2024-12-14 12:26:06,900 INFO  statemachine.StateMachine (ArithmeticStateMachine.java:applyTransaction(181)) - LEADER:s8-49: a = 91 = 91
2024-12-14 12:26:06,902 INFO  statemachine.StateMachine (ArithmeticStateMachine.java:applyTransaction(181)) - LEADER:s8-51: b = 4140 = 4140
2024-12-14 12:26:06,903 INFO  statemachine.StateMachine (ArithmeticStateMachine.java:applyTransaction(181)) - LEADER:s8-53: c = √(a^2 + b^2) = 4141
2024-12-14 12:26:06,905 INFO  statemachine.StateMachine (ArithmeticStateMachine.java:applyTransaction(181)) - LEADER:s8-55: a = null = null
2024-12-14 12:26:06,907 INFO  statemachine.StateMachine (ArithmeticStateMachine.java:applyTransaction(181)) - LEADER:s8-57: b = null = null
2024-12-14 12:26:06,909 INFO  statemachine.StateMachine (ArithmeticStateMachine.java:applyTransaction(181)) - LEADER:s8-59: c = null = null
2024-12-14 12:26:06,911 INFO  statemachine.StateMachine (ArithmeticStateMachine.java:applyTransaction(181)) - LEADER:s8-61: a = 93 = 93
2024-12-14 12:26:06,913 INFO  statemachine.StateMachine (ArithmeticStateMachine.java:applyTransaction(181)) - LEADER:s8-63: b = 4324 = 4324
2024-12-14 12:26:06,922 INFO  statemachine.StateMachine (ArithmeticStateMachine.java:applyTransaction(181)) - LEADER:s8-65: c = √(a^2 + b^2) = 4325
2024-12-14 12:26:06,924 INFO  statemachine.StateMachine (ArithmeticStateMachine.java:applyTransaction(181)) - LEADER:s8-67: a = null = null
2024-12-14 12:26:06,925 INFO  statemachine.StateMachine (ArithmeticStateMachine.java:applyTransaction(181)) - LEADER:s8-69: b = null = null
2024-12-14 12:26:06,928 INFO  statemachine.StateMachine (ArithmeticStateMachine.java:applyTransaction(181)) - LEADER:s8-71: c = null = null
2024-12-14 12:26:06,930 INFO  statemachine.StateMachine (ArithmeticStateMachine.java:applyTransaction(181)) - LEADER:s8-73: a = 95 = 95
2024-12-14 12:26:06,931 INFO  statemachine.StateMachine (ArithmeticStateMachine.java:applyTransaction(181)) - LEADER:s8-75: b = 4512 = 4512
2024-12-14 12:26:06,933 INFO  statemachine.StateMachine (ArithmeticStateMachine.java:applyTransaction(181)) - LEADER:s8-77: c = √(a^2 + b^2) = 4513
2024-12-14 12:26:06,935 INFO  statemachine.StateMachine (ArithmeticStateMachine.java:applyTransaction(181)) - LEADER:s8-79: a = null = null
2024-12-14 12:26:06,937 INFO  statemachine.StateMachine (ArithmeticStateMachine.java:applyTransaction(181)) - LEADER:s8-81: b = null = null
2024-12-14 12:26:06,939 INFO  statemachine.StateMachine (ArithmeticStateMachine.java:applyTransaction(181)) - LEADER:s8-83: c = null = null
2024-12-14 12:26:06,940 INFO  statemachine.StateMachine (ArithmeticStateMachine.java:applyTransaction(181)) - LEADER:s8-85: a = 97 = 97
2024-12-14 12:26:06,942 INFO  statemachine.StateMachine (ArithmeticStateMachine.java:applyTransaction(181)) - LEADER:s8-87: b = 4704 = 4704
2024-12-14 12:26:06,946 INFO  statemachine.StateMachine (ArithmeticStateMachine.java:applyTransaction(181)) - LEADER:s8-89: c = √(a^2 + b^2) = 4705
2024-12-14 12:26:06,948 INFO  statemachine.StateMachine (ArithmeticStateMachine.java:applyTransaction(181)) - LEADER:s8-91: a = null = null
2024-12-14 12:26:06,950 INFO  statemachine.StateMachine (ArithmeticStateMachine.java:applyTransaction(181)) - LEADER:s8-93: b = null = null
2024-12-14 12:26:06,952 INFO  statemachine.StateMachine (ArithmeticStateMachine.java:applyTransaction(181)) - LEADER:s8-95: c = null = null
2024-12-14 12:26:06,953 INFO  statemachine.StateMachine (ArithmeticStateMachine.java:applyTransaction(181)) - LEADER:s8-97: a = 99 = 99
2024-12-14 12:26:06,955 INFO  statemachine.StateMachine (ArithmeticStateMachine.java:applyTransaction(181)) - LEADER:s8-99: b = 4900 = 4900
2024-12-14 12:26:06,957 INFO  statemachine.StateMachine (ArithmeticStateMachine.java:applyTransaction(181)) - LEADER:s8-101: c = √(a^2 + b^2) = 4901
2024-12-14 12:26:06,958 INFO  statemachine.StateMachine (ArithmeticStateMachine.java:applyTransaction(181)) - LEADER:s8-103: a = null = null
2024-12-14 12:26:06,960 INFO  statemachine.StateMachine (ArithmeticStateMachine.java:applyTransaction(181)) - LEADER:s8-105: b = null = null
2024-12-14 12:26:06,962 INFO  statemachine.StateMachine (ArithmeticStateMachine.java:applyTransaction(181)) - LEADER:s8-107: c = null = null
2024-12-14 12:26:06,964 INFO  statemachine.StateMachine (ArithmeticStateMachine.java:applyTransaction(181)) - LEADER:s8-109: a = 101 = 101
2024-12-14 12:26:06,966 INFO  statemachine.StateMachine (ArithmeticStateMachine.java:applyTransaction(181)) - LEADER:s8-111: b = 5100 = 5100
2024-12-14 12:26:06,968 INFO  statemachine.StateMachine (ArithmeticStateMachine.java:applyTransaction(181)) - LEADER:s8-113: c = √(a^2 + b^2) = 5101
2024-12-14 12:26:06,969 INFO  statemachine.StateMachine (ArithmeticStateMachine.java:applyTransaction(181)) - LEADER:s8-115: a = null = null
2024-12-14 12:26:06,971 INFO  statemachine.StateMachine (ArithmeticStateMachine.java:applyTransaction(181)) - LEADER:s8-117: b = null = null
2024-12-14 12:26:06,973 INFO  statemachine.StateMachine (ArithmeticStateMachine.java:applyTransaction(181)) - LEADER:s8-119: c = null = null
| MiniRaftClusterWithNetty[3, 6, 9, 12, 15]chosen=1 | start groups | 288 |
2024-12-14 12:26:06,982 INFO  impl.GroupManagementBaseTest (GroupManagementBaseTest.java:runMultiGroupTest(291)) - start groups: printing ALL groups
  s3:  RUNNING [
   FOLLOWER s3@group-A9C62F8E94D0:t1, leader=s14, voted=s14, raftlog=Memoized:s3@group-A9C62F8E94D0-SegmentedRaftLog:OPENED:c120:last(t:1, i:120), conf=conf: {index: 0, cur=peers:[s3|0.0.0.0:15018, s14|0.0.0.0:15029, s2|0.0.0.0:15017]|listeners:[], old=null} RUNNING
   FOLLOWER s3@group-0A0C1A18FF69:t0, leader=null, voted=, raftlog=Memoized:s3@group-0A0C1A18FF69-SegmentedRaftLog:OPENED:c-1:lastnull, conf=conf: {index: -1, cur=peers:[]|listeners:[], old=null} STARTING] size=2
  s4:  RUNNING [
   FOLLOWER s4@group-083B19539B1B:t1, leader=s5, voted=s5, raftlog=Memoized:s4@group-083B19539B1B-SegmentedRaftLog:OPENED:c120:last(t:1, i:120), conf=conf: {index: 0, cur=peers:[s4|0.0.0.0:15019, s5|0.0.0.0:15020, s6|0.0.0.0:15021]|listeners:[], old=null} RUNNING
   FOLLOWER s4@group-0A0C1A18FF69:t0, leader=null, voted=, raftlog=Memoized:s4@group-0A0C1A18FF69-SegmentedRaftLog:OPENED:c-1:lastnull, conf=conf: {index: -1, cur=peers:[]|listeners:[], old=null} STARTING] size=2
  s5:  RUNNING [
     LEADER s5@group-083B19539B1B:t1, leader=s5, voted=s5, raftlog=Memoized:s5@group-083B19539B1B-SegmentedRaftLog:OPENED:c120:last(t:1, i:120), conf=conf: {index: 0, cur=peers:[s4|0.0.0.0:15019, s5|0.0.0.0:15020, s6|0.0.0.0:15021]|listeners:[], old=null} RUNNING
   FOLLOWER s5@group-0A0C1A18FF69:t0, leader=null, voted=, raftlog=Memoized:s5@group-0A0C1A18FF69-SegmentedRaftLog:OPENED:c-1:lastnull, conf=conf: {index: -1, cur=peers:[]|listeners:[], old=null} STARTING] size=2
  s6:  RUNNING [
   FOLLOWER s6@group-083B19539B1B:t1, leader=s5, voted=s5, raftlog=Memoized:s6@group-083B19539B1B-SegmentedRaftLog:OPENED:c120:last(t:1, i:120), conf=conf: {index: 0, cur=peers:[s4|0.0.0.0:15019, s5|0.0.0.0:15020, s6|0.0.0.0:15021]|listeners:[], old=null} RUNNING
   FOLLOWER s6@group-0A0C1A18FF69:t0, leader=null, voted=, raftlog=Memoized:s6@group-0A0C1A18FF69-SegmentedRaftLog:OPENED:c-1:lastnull, conf=conf: {index: -1, cur=peers:[]|listeners:[], old=null} STARTING] size=2
  s7:  RUNNING [
   FOLLOWER s7@group-0A0C1A18FF69:t0, leader=null, voted=, raftlog=Memoized:s7@group-0A0C1A18FF69-SegmentedRaftLog:OPENED:c-1:lastnull, conf=conf: {index: -1, cur=peers:[]|listeners:[], old=null} STARTING
   FOLLOWER s7@group-32ADD6F9BB52:t1, leader=s8, voted=s8, raftlog=Memoized:s7@group-32ADD6F9BB52-SegmentedRaftLog:OPENED:c119:last(t:1, i:120), conf=conf: {index: 0, cur=peers:[s7|0.0.0.0:15022, s8|0.0.0.0:15023, s9|0.0.0.0:15024]|listeners:[], old=null} RUNNING] size=2
  s8:  RUNNING [
   FOLLOWER s8@group-0A0C1A18FF69:t0, leader=null, voted=, raftlog=Memoized:s8@group-0A0C1A18FF69-SegmentedRaftLog:OPENED:c-1:lastnull, conf=conf: {index: -1, cur=peers:[]|listeners:[], old=null} STARTING
     LEADER s8@group-32ADD6F9BB52:t1, leader=s8, voted=s8, raftlog=Memoized:s8@group-32ADD6F9BB52-SegmentedRaftLog:OPENED:c120:last(t:1, i:120), conf=conf: {index: 0, cur=peers:[s7|0.0.0.0:15022, s8|0.0.0.0:15023, s9|0.0.0.0:15024]|listeners:[], old=null} RUNNING] size=2
  s9:  RUNNING [
   FOLLOWER s9@group-0A0C1A18FF69:t0, leader=null, voted=, raftlog=Memoized:s9@group-0A0C1A18FF69-SegmentedRaftLog:OPENED:c-1:lastnull, conf=conf: {index: -1, cur=peers:[]|listeners:[], old=null} STARTING
   FOLLOWER s9@group-32ADD6F9BB52:t1, leader=s8, voted=s8, raftlog=Memoized:s9@group-32ADD6F9BB52-SegmentedRaftLog:OPENED:c119:last(t:1, i:120), conf=conf: {index: 0, cur=peers:[s7|0.0.0.0:15022, s8|0.0.0.0:15023, s9|0.0.0.0:15024]|listeners:[], old=null} RUNNING] size=2
  s11:  RUNNING [
   FOLLOWER s11@group-0A0C1A18FF69:t0, leader=null, voted=, raftlog=Memoized:s11@group-0A0C1A18FF69-SegmentedRaftLog:OPENED:c-1:lastnull, conf=conf: {index: -1, cur=peers:[]|listeners:[], old=null} STARTING
     LEADER s11@group-9CE91F930A22:t1, leader=s11, voted=s11, raftlog=Memoized:s11@group-9CE91F930A22-SegmentedRaftLog:OPENED:c120:last(t:1, i:120), conf=conf: {index: 0, cur=peers:[s11|0.0.0.0:15026, s13|0.0.0.0:15028, s12|0.0.0.0:15027]|listeners:[], old=null} RUNNING] size=2
  s10:  RUNNING [
   FOLLOWER s10@group-BFFFED5AA7A9:t1, leader=s1, voted=s1, raftlog=Memoized:s10@group-BFFFED5AA7A9-SegmentedRaftLog:OPENED:c120:last(t:1, i:120), conf=conf: {index: 0, cur=peers:[s10|0.0.0.0:15025, s0|0.0.0.0:15015, s1|0.0.0.0:15016]|listeners:[], old=null} RUNNING
   FOLLOWER s10@group-0A0C1A18FF69:t0, leader=null, voted=, raftlog=Memoized:s10@group-0A0C1A18FF69-SegmentedRaftLog:OPENED:c-1:lastnull, conf=conf: {index: -1, cur=peers:[]|listeners:[], old=null} STARTING] size=2
  s13:  RUNNING [
   FOLLOWER s13@group-0A0C1A18FF69:t0, leader=null, voted=, raftlog=Memoized:s13@group-0A0C1A18FF69-SegmentedRaftLog:OPENED:c-1:lastnull, conf=conf: {index: -1, cur=peers:[]|listeners:[], old=null} STARTING
   FOLLOWER s13@group-9CE91F930A22:t1, leader=s11, voted=s11, raftlog=Memoized:s13@group-9CE91F930A22-SegmentedRaftLog:OPENED:c120:last(t:1, i:120), conf=conf: {index: 0, cur=peers:[s11|0.0.0.0:15026, s13|0.0.0.0:15028, s12|0.0.0.0:15027]|listeners:[], old=null} RUNNING] size=2
  s12:  RUNNING [
   FOLLOWER s12@group-0A0C1A18FF69:t0, leader=null, voted=, raftlog=Memoized:s12@group-0A0C1A18FF69-SegmentedRaftLog:OPENED:c-1:lastnull, conf=conf: {index: -1, cur=peers:[]|listeners:[], old=null} STARTING
   FOLLOWER s12@group-9CE91F930A22:t1, leader=s11, voted=s11, raftlog=Memoized:s12@group-9CE91F930A22-SegmentedRaftLog:OPENED:c120:last(t:1, i:120), conf=conf: {index: 0, cur=peers:[s11|0.0.0.0:15026, s13|0.0.0.0:15028, s12|0.0.0.0:15027]|listeners:[], old=null} RUNNING] size=2
  s14:  RUNNING [
     LEADER s14@group-A9C62F8E94D0:t1, leader=s14, voted=s14, raftlog=Memoized:s14@group-A9C62F8E94D0-SegmentedRaftLog:OPENED:c120:last(t:1, i:120), conf=conf: {index: 0, cur=peers:[s3|0.0.0.0:15018, s14|0.0.0.0:15029, s2|0.0.0.0:15017]|listeners:[], old=null} RUNNING
   FOLLOWER s14@group-0A0C1A18FF69:t0, leader=null, voted=, raftlog=Memoized:s14@group-0A0C1A18FF69-SegmentedRaftLog:OPENED:c-1:lastnull, conf=conf: {index: -1, cur=peers:[]|listeners:[], old=null} STARTING] size=2
  s0:  RUNNING [
   FOLLOWER s0@group-BFFFED5AA7A9:t1, leader=s1, voted=s1, raftlog=Memoized:s0@group-BFFFED5AA7A9-SegmentedRaftLog:OPENED:c120:last(t:1, i:120), conf=conf: {index: 0, cur=peers:[s10|0.0.0.0:15025, s0|0.0.0.0:15015, s1|0.0.0.0:15016]|listeners:[], old=null} RUNNING
   FOLLOWER s0@group-0A0C1A18FF69:t0, leader=null, voted=, raftlog=Memoized:s0@group-0A0C1A18FF69-SegmentedRaftLog:OPENED:c-1:lastnull, conf=conf: {index: -1, cur=peers:[]|listeners:[], old=null} STARTING] size=2
  s1:  RUNNING [
     LEADER s1@group-BFFFED5AA7A9:t1, leader=s1, voted=s1, raftlog=Memoized:s1@group-BFFFED5AA7A9-SegmentedRaftLog:OPENED:c120:last(t:1, i:120), conf=conf: {index: 0, cur=peers:[s10|0.0.0.0:15025, s0|0.0.0.0:15015, s1|0.0.0.0:15016]|listeners:[], old=null} RUNNING
   FOLLOWER s1@group-0A0C1A18FF69:t0, leader=null, voted=, raftlog=Memoized:s1@group-0A0C1A18FF69-SegmentedRaftLog:OPENED:c-1:lastnull, conf=conf: {index: -1, cur=peers:[]|listeners:[], old=null} STARTING] size=2
  s2:  RUNNING [
   FOLLOWER s2@group-A9C62F8E94D0:t1, leader=s14, voted=s14, raftlog=Memoized:s2@group-A9C62F8E94D0-SegmentedRaftLog:OPENED:c120:last(t:1, i:120), conf=conf: {index: 0, cur=peers:[s3|0.0.0.0:15018, s14|0.0.0.0:15029, s2|0.0.0.0:15017]|listeners:[], old=null} RUNNING
   FOLLOWER s2@group-0A0C1A18FF69:t0, leader=null, voted=, raftlog=Memoized:s2@group-0A0C1A18FF69-SegmentedRaftLog:OPENED:c-1:lastnull, conf=conf: {index: -1, cur=peers:[]|listeners:[], old=null} STARTING] size=2
2024-12-14 12:26:06,982 INFO  impl.GroupManagementBaseTest (GroupManagementBaseTest.java:runMultiGroupTest(294)) - chosen = 1, group-9CE91F930A22:[s11|0.0.0.0:15026, s13|0.0.0.0:15028, s12|0.0.0.0:15027]
2024-12-14 12:26:06,982 INFO  impl.GroupManagementBaseTest (GroupManagementBaseTest.java:runMultiGroupTest(299)) - 0) close printing group-BFFFED5AA7A9
  s10:  RUNNING [
   FOLLOWER s10@group-BFFFED5AA7A9:t1, leader=s1, voted=s1, raftlog=Memoized:s10@group-BFFFED5AA7A9-SegmentedRaftLog:OPENED:c120:last(t:1, i:120), conf=conf: {index: 0, cur=peers:[s10|0.0.0.0:15025, s0|0.0.0.0:15015, s1|0.0.0.0:15016]|listeners:[], old=null} RUNNING
   FOLLOWER s10@group-0A0C1A18FF69:t0, leader=null, voted=, raftlog=Memoized:s10@group-0A0C1A18FF69-SegmentedRaftLog:OPENED:c-1:lastnull, conf=conf: {index: -1, cur=peers:[]|listeners:[], old=null} STARTING] size=2
  s0:  RUNNING [
   FOLLOWER s0@group-BFFFED5AA7A9:t1, leader=s1, voted=s1, raftlog=Memoized:s0@group-BFFFED5AA7A9-SegmentedRaftLog:OPENED:c120:last(t:1, i:120), conf=conf: {index: 0, cur=peers:[s10|0.0.0.0:15025, s0|0.0.0.0:15015, s1|0.0.0.0:15016]|listeners:[], old=null} RUNNING
   FOLLOWER s0@group-0A0C1A18FF69:t0, leader=null, voted=, raftlog=Memoized:s0@group-0A0C1A18FF69-SegmentedRaftLog:OPENED:c-1:lastnull, conf=conf: {index: -1, cur=peers:[]|listeners:[], old=null} STARTING] size=2
  s1:  RUNNING [
     LEADER s1@group-BFFFED5AA7A9:t1, leader=s1, voted=s1, raftlog=Memoized:s1@group-BFFFED5AA7A9-SegmentedRaftLog:OPENED:c120:last(t:1, i:120), conf=conf: {index: 0, cur=peers:[s10|0.0.0.0:15025, s0|0.0.0.0:15015, s1|0.0.0.0:15016]|listeners:[], old=null} RUNNING
   FOLLOWER s1@group-0A0C1A18FF69:t0, leader=null, voted=, raftlog=Memoized:s1@group-0A0C1A18FF69-SegmentedRaftLog:OPENED:c-1:lastnull, conf=conf: {index: -1, cur=peers:[]|listeners:[], old=null} STARTING] size=2
2024-12-14 12:26:06,983 INFO  netty.NettyUtils (NettyUtils.java:newEventLoopGroup(74)) - Create EpollEventLoopGroup for client-84EDDDA4369D; Thread size is 0.
2024-12-14 12:26:06,984 INFO  logging.LoggingHandler (AbstractInternalLogger.java:log(148)) - [id: 0xeff72721, L:/0.0.0.0:15025] READ: [id: 0xc71bebdd, L:/127.0.0.1:15025 - R:/127.0.0.1:58122]
2024-12-14 12:26:06,985 INFO  logging.LoggingHandler (AbstractInternalLogger.java:log(148)) - [id: 0xeff72721, L:/0.0.0.0:15025] READ COMPLETE
2024-12-14 12:26:06,986 INFO  server.RaftServer (RaftServerProxy.java:remove(112)) - s10: remove  FOLLOWER s10@group-BFFFED5AA7A9:t1, leader=s1, voted=s1, raftlog=Memoized:s10@group-BFFFED5AA7A9-SegmentedRaftLog:OPENED:c120:last(t:1, i:120), conf=conf: {index: 0, cur=peers:[s10|0.0.0.0:15025, s0|0.0.0.0:15015, s1|0.0.0.0:15016]|listeners:[], old=null} RUNNING
2024-12-14 12:26:06,986 INFO  server.RaftServer$Division (RaftServerImpl.java:lambda$close$1(514)) - s10@group-BFFFED5AA7A9: shutdown
2024-12-14 12:26:06,986 INFO  util.JmxRegister (JmxRegister.java:unregister(74)) - Successfully un-registered JMX Bean with object name Ratis:service=RaftServer,group=group-BFFFED5AA7A9,id=s10
2024-12-14 12:26:06,986 INFO  impl.RoleInfo (RoleInfo.java:shutdownFollowerState(121)) - s10: shutdown s10@group-BFFFED5AA7A9-FollowerState
2024-12-14 12:26:06,987 INFO  impl.FollowerState (FollowerState.java:runImpl(170)) - s10@group-BFFFED5AA7A9-FollowerState was interrupted
2024-12-14 12:26:06,987 INFO  impl.StateMachineUpdater (StateMachineUpdater.java:stopAndJoin(164)) - s10@group-BFFFED5AA7A9-StateMachineUpdater: set stopIndex = 120
2024-12-14 12:26:06,987 INFO  impl.StateMachineUpdater (StateMachineUpdater.java:stop(141)) - s10@group-BFFFED5AA7A9-StateMachineUpdater: closing ArithmeticStateMachine, lastApplied=(t:1, i:120)
2024-12-14 12:26:06,987 INFO  raftlog.RaftLog (SegmentedRaftLog.java:close(568)) - Start closing s10@group-BFFFED5AA7A9-SegmentedRaftLog:OPENED:c120:last(t:1, i:120)
2024-12-14 12:26:06,988 INFO  util.AwaitToRun (AwaitToRun.java:run(49)) - s10@group-BFFFED5AA7A9-cacheEviction-AwaitToRun-AwaitForSignal is interrupted
2024-12-14 12:26:06,988 INFO  segmented.LogSegment (LogSegment.java:close(349)) - Successfully closed EntryCache-log_inprogress_0
2024-12-14 12:26:07,029 WARN  leader.LogAppender (LogAppenderDefault.java:sendAppendEntriesWithRetries(85)) - s1@group-BFFFED5AA7A9->s10-LogAppenderDefault: Failed to appendEntries (retry=0)
org.apache.ratis.protocol.exceptions.GroupMismatchException: s10: group-BFFFED5AA7A9 not found.
	at org.apache.ratis.server.impl.RaftServerProxy$ImplMap.get(RaftServerProxy.java:156)
	at org.apache.ratis.server.impl.RaftServerProxy.getImplFuture(RaftServerProxy.java:366)
	at org.apache.ratis.server.impl.RaftServerProxy.getImpl(RaftServerProxy.java:375)
	at org.apache.ratis.server.impl.RaftServerProxy.getImpl(RaftServerProxy.java:370)
	at org.apache.ratis.server.impl.RaftServerProxy.appendEntries(RaftServerProxy.java:671)
	at org.apache.ratis.netty.server.NettyRpcService.handle(NettyRpcService.java:234)
	at org.apache.ratis.netty.server.NettyRpcService$InboundHandler.channelRead0(NettyRpcService.java:94)
	at org.apache.ratis.netty.server.NettyRpcService$InboundHandler.channelRead0(NettyRpcService.java:90)
	at org.apache.ratis.thirdparty.io.netty.channel.SimpleChannelInboundHandler.channelRead(SimpleChannelInboundHandler.java:99)
	at org.apache.ratis.thirdparty.io.netty.channel.AbstractChannelHandlerContext.invokeChannelRead(AbstractChannelHandlerContext.java:444)
	at org.apache.ratis.thirdparty.io.netty.channel.AbstractChannelHandlerContext.invokeChannelRead(AbstractChannelHandlerContext.java:420)
	at org.apache.ratis.thirdparty.io.netty.channel.AbstractChannelHandlerContext.fireChannelRead(AbstractChannelHandlerContext.java:412)
	at org.apache.ratis.thirdparty.io.netty.handler.codec.MessageToMessageDecoder.channelRead(MessageToMessageDecoder.java:103)
	at org.apache.ratis.thirdparty.io.netty.channel.AbstractChannelHandlerContext.invokeChannelRead(AbstractChannelHandlerContext.java:444)
	at org.apache.ratis.thirdparty.io.netty.channel.AbstractChannelHandlerContext.invokeChannelRead(AbstractChannelHandlerContext.java:420)
	at org.apache.ratis.thirdparty.io.netty.channel.AbstractChannelHandlerContext.fireChannelRead(AbstractChannelHandlerContext.java:412)
	at org.apache.ratis.thirdparty.io.netty.handler.codec.ByteToMessageDecoder.fireChannelRead(ByteToMessageDecoder.java:346)
	at org.apache.ratis.thirdparty.io.netty.handler.codec.ByteToMessageDecoder.channelRead(ByteToMessageDecoder.java:318)
	at org.apache.ratis.thirdparty.io.netty.channel.AbstractChannelHandlerContext.invokeChannelRead(AbstractChannelHandlerContext.java:444)
	at org.apache.ratis.thirdparty.io.netty.channel.AbstractChannelHandlerContext.invokeChannelRead(AbstractChannelHandlerContext.java:420)
	at org.apache.ratis.thirdparty.io.netty.channel.AbstractChannelHandlerContext.fireChannelRead(AbstractChannelHandlerContext.java:412)
	at org.apache.ratis.thirdparty.io.netty.channel.DefaultChannelPipeline$HeadContext.channelRead(DefaultChannelPipeline.java:1410)
	at org.apache.ratis.thirdparty.io.netty.channel.AbstractChannelHandlerContext.invokeChannelRead(AbstractChannelHandlerContext.java:440)
	at org.apache.ratis.thirdparty.io.netty.channel.AbstractChannelHandlerContext.invokeChannelRead(AbstractChannelHandlerContext.java:420)
	at org.apache.ratis.thirdparty.io.netty.channel.DefaultChannelPipeline.fireChannelRead(DefaultChannelPipeline.java:919)
	at org.apache.ratis.thirdparty.io.netty.channel.epoll.AbstractEpollStreamChannel$EpollStreamUnsafe.epollInReady(AbstractEpollStreamChannel.java:801)
	at org.apache.ratis.thirdparty.io.netty.channel.epoll.EpollEventLoop.processReady(EpollEventLoop.java:501)
	at org.apache.ratis.thirdparty.io.netty.channel.epoll.EpollEventLoop.run(EpollEventLoop.java:399)
	at org.apache.ratis.thirdparty.io.netty.util.concurrent.SingleThreadEventExecutor$4.run(SingleThreadEventExecutor.java:997)
	at org.apache.ratis.thirdparty.io.netty.util.internal.ThreadExecutorMap$2.run(ThreadExecutorMap.java:74)
	at java.lang.Thread.run(Thread.java:750)
2024-12-14 12:26:07,101 WARN  leader.LogAppender (LogAppenderDefault.java:sendAppendEntriesWithRetries(85)) - s1@group-BFFFED5AA7A9->s10-LogAppenderDefault: Failed to appendEntries (retry=0)
org.apache.ratis.protocol.exceptions.GroupMismatchException: s10: group-BFFFED5AA7A9 not found.
	at org.apache.ratis.server.impl.RaftServerProxy$ImplMap.get(RaftServerProxy.java:156)
	at org.apache.ratis.server.impl.RaftServerProxy.getImplFuture(RaftServerProxy.java:366)
	at org.apache.ratis.server.impl.RaftServerProxy.getImpl(RaftServerProxy.java:375)
	at org.apache.ratis.server.impl.RaftServerProxy.getImpl(RaftServerProxy.java:370)
	at org.apache.ratis.server.impl.RaftServerProxy.appendEntries(RaftServerProxy.java:671)
	at org.apache.ratis.netty.server.NettyRpcService.handle(NettyRpcService.java:234)
	at org.apache.ratis.netty.server.NettyRpcService$InboundHandler.channelRead0(NettyRpcService.java:94)
	at org.apache.ratis.netty.server.NettyRpcService$InboundHandler.channelRead0(NettyRpcService.java:90)
	at org.apache.ratis.thirdparty.io.netty.channel.SimpleChannelInboundHandler.channelRead(SimpleChannelInboundHandler.java:99)
	at org.apache.ratis.thirdparty.io.netty.channel.AbstractChannelHandlerContext.invokeChannelRead(AbstractChannelHandlerContext.java:444)
	at org.apache.ratis.thirdparty.io.netty.channel.AbstractChannelHandlerContext.invokeChannelRead(AbstractChannelHandlerContext.java:420)
	at org.apache.ratis.thirdparty.io.netty.channel.AbstractChannelHandlerContext.fireChannelRead(AbstractChannelHandlerContext.java:412)
	at org.apache.ratis.thirdparty.io.netty.handler.codec.MessageToMessageDecoder.channelRead(MessageToMessageDecoder.java:103)
	at org.apache.ratis.thirdparty.io.netty.channel.AbstractChannelHandlerContext.invokeChannelRead(AbstractChannelHandlerContext.java:444)
	at org.apache.ratis.thirdparty.io.netty.channel.AbstractChannelHandlerContext.invokeChannelRead(AbstractChannelHandlerContext.java:420)
	at org.apache.ratis.thirdparty.io.netty.channel.AbstractChannelHandlerContext.fireChannelRead(AbstractChannelHandlerContext.java:412)
	at org.apache.ratis.thirdparty.io.netty.handler.codec.ByteToMessageDecoder.fireChannelRead(ByteToMessageDecoder.java:346)
	at org.apache.ratis.thirdparty.io.netty.handler.codec.ByteToMessageDecoder.channelRead(ByteToMessageDecoder.java:318)
	at org.apache.ratis.thirdparty.io.netty.channel.AbstractChannelHandlerContext.invokeChannelRead(AbstractChannelHandlerContext.java:444)
	at org.apache.ratis.thirdparty.io.netty.channel.AbstractChannelHandlerContext.invokeChannelRead(AbstractChannelHandlerContext.java:420)
	at org.apache.ratis.thirdparty.io.netty.channel.AbstractChannelHandlerContext.fireChannelRead(AbstractChannelHandlerContext.java:412)
	at org.apache.ratis.thirdparty.io.netty.channel.DefaultChannelPipeline$HeadContext.channelRead(DefaultChannelPipeline.java:1410)
	at org.apache.ratis.thirdparty.io.netty.channel.AbstractChannelHandlerContext.invokeChannelRead(AbstractChannelHandlerContext.java:440)
	at org.apache.ratis.thirdparty.io.netty.channel.AbstractChannelHandlerContext.invokeChannelRead(AbstractChannelHandlerContext.java:420)
	at org.apache.ratis.thirdparty.io.netty.channel.DefaultChannelPipeline.fireChannelRead(DefaultChannelPipeline.java:919)
	at org.apache.ratis.thirdparty.io.netty.channel.epoll.AbstractEpollStreamChannel$EpollStreamUnsafe.epollInReady(AbstractEpollStreamChannel.java:801)
	at org.apache.ratis.thirdparty.io.netty.channel.epoll.EpollEventLoop.processReady(EpollEventLoop.java:501)
	at org.apache.ratis.thirdparty.io.netty.channel.epoll.EpollEventLoop.run(EpollEventLoop.java:399)
	at org.apache.ratis.thirdparty.io.netty.util.concurrent.SingleThreadEventExecutor$4.run(SingleThreadEventExecutor.java:997)
	at org.apache.ratis.thirdparty.io.netty.util.internal.ThreadExecutorMap$2.run(ThreadExecutorMap.java:74)
	at java.lang.Thread.run(Thread.java:750)
2024-12-14 12:26:07,177 WARN  leader.LogAppender (LogAppenderDefault.java:sendAppendEntriesWithRetries(85)) - s1@group-BFFFED5AA7A9->s10-LogAppenderDefault: Failed to appendEntries (retry=0)
org.apache.ratis.protocol.exceptions.GroupMismatchException: s10: group-BFFFED5AA7A9 not found.
	at org.apache.ratis.server.impl.RaftServerProxy$ImplMap.get(RaftServerProxy.java:156)
	at org.apache.ratis.server.impl.RaftServerProxy.getImplFuture(RaftServerProxy.java:366)
	at org.apache.ratis.server.impl.RaftServerProxy.getImpl(RaftServerProxy.java:375)
	at org.apache.ratis.server.impl.RaftServerProxy.getImpl(RaftServerProxy.java:370)
	at org.apache.ratis.server.impl.RaftServerProxy.appendEntries(RaftServerProxy.java:671)
	at org.apache.ratis.netty.server.NettyRpcService.handle(NettyRpcService.java:234)
	at org.apache.ratis.netty.server.NettyRpcService$InboundHandler.channelRead0(NettyRpcService.java:94)
	at org.apache.ratis.netty.server.NettyRpcService$InboundHandler.channelRead0(NettyRpcService.java:90)
	at org.apache.ratis.thirdparty.io.netty.channel.SimpleChannelInboundHandler.channelRead(SimpleChannelInboundHandler.java:99)
	at org.apache.ratis.thirdparty.io.netty.channel.AbstractChannelHandlerContext.invokeChannelRead(AbstractChannelHandlerContext.java:444)
	at org.apache.ratis.thirdparty.io.netty.channel.AbstractChannelHandlerContext.invokeChannelRead(AbstractChannelHandlerContext.java:420)
	at org.apache.ratis.thirdparty.io.netty.channel.AbstractChannelHandlerContext.fireChannelRead(AbstractChannelHandlerContext.java:412)
	at org.apache.ratis.thirdparty.io.netty.handler.codec.MessageToMessageDecoder.channelRead(MessageToMessageDecoder.java:103)
	at org.apache.ratis.thirdparty.io.netty.channel.AbstractChannelHandlerContext.invokeChannelRead(AbstractChannelHandlerContext.java:444)
	at org.apache.ratis.thirdparty.io.netty.channel.AbstractChannelHandlerContext.invokeChannelRead(AbstractChannelHandlerContext.java:420)
	at org.apache.ratis.thirdparty.io.netty.channel.AbstractChannelHandlerContext.fireChannelRead(AbstractChannelHandlerContext.java:412)
	at org.apache.ratis.thirdparty.io.netty.handler.codec.ByteToMessageDecoder.fireChannelRead(ByteToMessageDecoder.java:346)
	at org.apache.ratis.thirdparty.io.netty.handler.codec.ByteToMessageDecoder.channelRead(ByteToMessageDecoder.java:318)
	at org.apache.ratis.thirdparty.io.netty.channel.AbstractChannelHandlerContext.invokeChannelRead(AbstractChannelHandlerContext.java:444)
	at org.apache.ratis.thirdparty.io.netty.channel.AbstractChannelHandlerContext.invokeChannelRead(AbstractChannelHandlerContext.java:420)
	at org.apache.ratis.thirdparty.io.netty.channel.AbstractChannelHandlerContext.fireChannelRead(AbstractChannelHandlerContext.java:412)
	at org.apache.ratis.thirdparty.io.netty.channel.DefaultChannelPipeline$HeadContext.channelRead(DefaultChannelPipeline.java:1410)
	at org.apache.ratis.thirdparty.io.netty.channel.AbstractChannelHandlerContext.invokeChannelRead(AbstractChannelHandlerContext.java:440)
	at org.apache.ratis.thirdparty.io.netty.channel.AbstractChannelHandlerContext.invokeChannelRead(AbstractChannelHandlerContext.java:420)
	at org.apache.ratis.thirdparty.io.netty.channel.DefaultChannelPipeline.fireChannelRead(DefaultChannelPipeline.java:919)
	at org.apache.ratis.thirdparty.io.netty.channel.epoll.AbstractEpollStreamChannel$EpollStreamUnsafe.epollInReady(AbstractEpollStreamChannel.java:801)
	at org.apache.ratis.thirdparty.io.netty.channel.epoll.EpollEventLoop.processReady(EpollEventLoop.java:501)
	at org.apache.ratis.thirdparty.io.netty.channel.epoll.EpollEventLoop.run(EpollEventLoop.java:399)
	at org.apache.ratis.thirdparty.io.netty.util.concurrent.SingleThreadEventExecutor$4.run(SingleThreadEventExecutor.java:997)
	at org.apache.ratis.thirdparty.io.netty.util.internal.ThreadExecutorMap$2.run(ThreadExecutorMap.java:74)
	at java.lang.Thread.run(Thread.java:750)
2024-12-14 12:26:07,199 INFO  segmented.SegmentedRaftLogWorker (SegmentedRaftLogWorker.java:close(254)) - s10@group-BFFFED5AA7A9-SegmentedRaftLogWorker close()
2024-12-14 12:26:07,200 INFO  raftlog.RaftLog (SegmentedRaftLog.java:close(576)) - Successfully closed s10@group-BFFFED5AA7A9-SegmentedRaftLog:CLOSED:c120
2024-12-14 12:26:07,200 TRACE util.FileUtils (FileUtils.java:deleteFully(307)) - deleteFully /home/runner/work/ratis/ratis/ratis-examples/target/test/data/da5193cb/MiniRaftClusterWithNetty71855ece/s10/b2a16b91-213d-439c-9f8d-bfffed5aa7a9
2024-12-14 12:26:07,200 TRACE util.FileUtils (LogUtils.java:runAndLog(49)) - Successfully ran Files.delete /home/runner/work/ratis/ratis/ratis-examples/target/test/data/da5193cb/MiniRaftClusterWithNetty71855ece/s10/b2a16b91-213d-439c-9f8d-bfffed5aa7a9/current/raft-meta.conf
2024-12-14 12:26:07,201 TRACE util.FileUtils (LogUtils.java:runAndLog(49)) - Successfully ran Files.delete /home/runner/work/ratis/ratis/ratis-examples/target/test/data/da5193cb/MiniRaftClusterWithNetty71855ece/s10/b2a16b91-213d-439c-9f8d-bfffed5aa7a9/current/log_inprogress_0
2024-12-14 12:26:07,201 TRACE util.FileUtils (LogUtils.java:runAndLog(49)) - Successfully ran Files.delete /home/runner/work/ratis/ratis/ratis-examples/target/test/data/da5193cb/MiniRaftClusterWithNetty71855ece/s10/b2a16b91-213d-439c-9f8d-bfffed5aa7a9/current/raft-meta
2024-12-14 12:26:07,201 TRACE util.FileUtils (LogUtils.java:runAndLog(49)) - Successfully ran Files.delete /home/runner/work/ratis/ratis/ratis-examples/target/test/data/da5193cb/MiniRaftClusterWithNetty71855ece/s10/b2a16b91-213d-439c-9f8d-bfffed5aa7a9/current
2024-12-14 12:26:07,201 TRACE util.FileUtils (LogUtils.java:runAndLog(49)) - Successfully ran Files.delete /home/runner/work/ratis/ratis/ratis-examples/target/test/data/da5193cb/MiniRaftClusterWithNetty71855ece/s10/b2a16b91-213d-439c-9f8d-bfffed5aa7a9/in_use.lock
2024-12-14 12:26:07,201 TRACE util.FileUtils (LogUtils.java:runAndLog(49)) - Successfully ran Files.delete /home/runner/work/ratis/ratis/ratis-examples/target/test/data/da5193cb/MiniRaftClusterWithNetty71855ece/s10/b2a16b91-213d-439c-9f8d-bfffed5aa7a9/sm
2024-12-14 12:26:07,201 TRACE util.FileUtils (LogUtils.java:runAndLog(49)) - Successfully ran Files.delete /home/runner/work/ratis/ratis/ratis-examples/target/test/data/da5193cb/MiniRaftClusterWithNetty71855ece/s10/b2a16b91-213d-439c-9f8d-bfffed5aa7a9
2024-12-14 12:26:07,201 INFO  server.RaftServer$Division (RaftServerImpl.java:groupRemove(484)) - s10@group-BFFFED5AA7A9: Succeed to remove RaftStorageDirectory Storage Directory /home/runner/work/ratis/ratis/ratis-examples/target/test/data/da5193cb/MiniRaftClusterWithNetty71855ece/s10/b2a16b91-213d-439c-9f8d-bfffed5aa7a9
2024-12-14 12:26:07,204 INFO  netty.NettyUtils (NettyUtils.java:newEventLoopGroup(74)) - Create EpollEventLoopGroup for client-45BCE2B71DDB; Thread size is 0.
2024-12-14 12:26:07,205 INFO  logging.LoggingHandler (AbstractInternalLogger.java:log(148)) - [id: 0x3f89d68f, L:/0.0.0.0:15015] READ: [id: 0x76136025, L:/127.0.0.1:15015 - R:/127.0.0.1:45792]
2024-12-14 12:26:07,206 INFO  logging.LoggingHandler (AbstractInternalLogger.java:log(148)) - [id: 0x3f89d68f, L:/0.0.0.0:15015] READ COMPLETE
2024-12-14 12:26:07,206 INFO  server.RaftServer (RaftServerProxy.java:remove(112)) - s0: remove  FOLLOWER s0@group-BFFFED5AA7A9:t1, leader=s1, voted=s1, raftlog=Memoized:s0@group-BFFFED5AA7A9-SegmentedRaftLog:OPENED:c120:last(t:1, i:120), conf=conf: {index: 0, cur=peers:[s10|0.0.0.0:15025, s0|0.0.0.0:15015, s1|0.0.0.0:15016]|listeners:[], old=null} RUNNING
2024-12-14 12:26:07,206 INFO  server.RaftServer$Division (RaftServerImpl.java:lambda$close$1(514)) - s0@group-BFFFED5AA7A9: shutdown
2024-12-14 12:26:07,206 INFO  util.JmxRegister (JmxRegister.java:unregister(74)) - Successfully un-registered JMX Bean with object name Ratis:service=RaftServer,group=group-BFFFED5AA7A9,id=s0
2024-12-14 12:26:07,206 INFO  impl.RoleInfo (RoleInfo.java:shutdownFollowerState(121)) - s0: shutdown s0@group-BFFFED5AA7A9-FollowerState
2024-12-14 12:26:07,207 INFO  impl.StateMachineUpdater (StateMachineUpdater.java:stopAndJoin(164)) - s0@group-BFFFED5AA7A9-StateMachineUpdater: set stopIndex = 120
2024-12-14 12:26:07,208 INFO  impl.FollowerState (FollowerState.java:runImpl(170)) - s0@group-BFFFED5AA7A9-FollowerState was interrupted
2024-12-14 12:26:07,208 INFO  impl.StateMachineUpdater (StateMachineUpdater.java:stop(141)) - s0@group-BFFFED5AA7A9-StateMachineUpdater: closing ArithmeticStateMachine, lastApplied=(t:1, i:120)
2024-12-14 12:26:07,208 INFO  raftlog.RaftLog (SegmentedRaftLog.java:close(568)) - Start closing s0@group-BFFFED5AA7A9-SegmentedRaftLog:OPENED:c120:last(t:1, i:120)
2024-12-14 12:26:07,209 INFO  util.AwaitToRun (AwaitToRun.java:run(49)) - s0@group-BFFFED5AA7A9-cacheEviction-AwaitToRun-AwaitForSignal is interrupted
2024-12-14 12:26:07,209 INFO  segmented.LogSegment (LogSegment.java:close(349)) - Successfully closed EntryCache-log_inprogress_0
2024-12-14 12:26:07,252 WARN  leader.LogAppender (LogAppenderDefault.java:sendAppendEntriesWithRetries(85)) - s1@group-BFFFED5AA7A9->s10-LogAppenderDefault: Failed to appendEntries (retry=0)
org.apache.ratis.protocol.exceptions.GroupMismatchException: s10: group-BFFFED5AA7A9 not found.
	at org.apache.ratis.server.impl.RaftServerProxy$ImplMap.get(RaftServerProxy.java:156)
	at org.apache.ratis.server.impl.RaftServerProxy.getImplFuture(RaftServerProxy.java:366)
	at org.apache.ratis.server.impl.RaftServerProxy.getImpl(RaftServerProxy.java:375)
	at org.apache.ratis.server.impl.RaftServerProxy.getImpl(RaftServerProxy.java:370)
	at org.apache.ratis.server.impl.RaftServerProxy.appendEntries(RaftServerProxy.java:671)
	at org.apache.ratis.netty.server.NettyRpcService.handle(NettyRpcService.java:234)
	at org.apache.ratis.netty.server.NettyRpcService$InboundHandler.channelRead0(NettyRpcService.java:94)
	at org.apache.ratis.netty.server.NettyRpcService$InboundHandler.channelRead0(NettyRpcService.java:90)
	at org.apache.ratis.thirdparty.io.netty.channel.SimpleChannelInboundHandler.channelRead(SimpleChannelInboundHandler.java:99)
	at org.apache.ratis.thirdparty.io.netty.channel.AbstractChannelHandlerContext.invokeChannelRead(AbstractChannelHandlerContext.java:444)
	at org.apache.ratis.thirdparty.io.netty.channel.AbstractChannelHandlerContext.invokeChannelRead(AbstractChannelHandlerContext.java:420)
	at org.apache.ratis.thirdparty.io.netty.channel.AbstractChannelHandlerContext.fireChannelRead(AbstractChannelHandlerContext.java:412)
	at org.apache.ratis.thirdparty.io.netty.handler.codec.MessageToMessageDecoder.channelRead(MessageToMessageDecoder.java:103)
	at org.apache.ratis.thirdparty.io.netty.channel.AbstractChannelHandlerContext.invokeChannelRead(AbstractChannelHandlerContext.java:444)
	at org.apache.ratis.thirdparty.io.netty.channel.AbstractChannelHandlerContext.invokeChannelRead(AbstractChannelHandlerContext.java:420)
	at org.apache.ratis.thirdparty.io.netty.channel.AbstractChannelHandlerContext.fireChannelRead(AbstractChannelHandlerContext.java:412)
	at org.apache.ratis.thirdparty.io.netty.handler.codec.ByteToMessageDecoder.fireChannelRead(ByteToMessageDecoder.java:346)
	at org.apache.ratis.thirdparty.io.netty.handler.codec.ByteToMessageDecoder.channelRead(ByteToMessageDecoder.java:318)
	at org.apache.ratis.thirdparty.io.netty.channel.AbstractChannelHandlerContext.invokeChannelRead(AbstractChannelHandlerContext.java:444)
	at org.apache.ratis.thirdparty.io.netty.channel.AbstractChannelHandlerContext.invokeChannelRead(AbstractChannelHandlerContext.java:420)
	at org.apache.ratis.thirdparty.io.netty.channel.AbstractChannelHandlerContext.fireChannelRead(AbstractChannelHandlerContext.java:412)
	at org.apache.ratis.thirdparty.io.netty.channel.DefaultChannelPipeline$HeadContext.channelRead(DefaultChannelPipeline.java:1410)
	at org.apache.ratis.thirdparty.io.netty.channel.AbstractChannelHandlerContext.invokeChannelRead(AbstractChannelHandlerContext.java:440)
	at org.apache.ratis.thirdparty.io.netty.channel.AbstractChannelHandlerContext.invokeChannelRead(AbstractChannelHandlerContext.java:420)
	at org.apache.ratis.thirdparty.io.netty.channel.DefaultChannelPipeline.fireChannelRead(DefaultChannelPipeline.java:919)
	at org.apache.ratis.thirdparty.io.netty.channel.epoll.AbstractEpollStreamChannel$EpollStreamUnsafe.epollInReady(AbstractEpollStreamChannel.java:801)
	at org.apache.ratis.thirdparty.io.netty.channel.epoll.EpollEventLoop.processReady(EpollEventLoop.java:501)
	at org.apache.ratis.thirdparty.io.netty.channel.epoll.EpollEventLoop.run(EpollEventLoop.java:399)
	at org.apache.ratis.thirdparty.io.netty.util.concurrent.SingleThreadEventExecutor$4.run(SingleThreadEventExecutor.java:997)
	at org.apache.ratis.thirdparty.io.netty.util.internal.ThreadExecutorMap$2.run(ThreadExecutorMap.java:74)
	at java.lang.Thread.run(Thread.java:750)
2024-12-14 12:26:07,327 WARN  leader.LogAppender (LogAppenderDefault.java:sendAppendEntriesWithRetries(85)) - s1@group-BFFFED5AA7A9->s0-LogAppenderDefault: Failed to appendEntries (retry=0)
org.apache.ratis.protocol.exceptions.GroupMismatchException: s0: group-BFFFED5AA7A9 not found.
	at org.apache.ratis.server.impl.RaftServerProxy$ImplMap.get(RaftServerProxy.java:156)
	at org.apache.ratis.server.impl.RaftServerProxy.getImplFuture(RaftServerProxy.java:366)
	at org.apache.ratis.server.impl.RaftServerProxy.getImpl(RaftServerProxy.java:375)
	at org.apache.ratis.server.impl.RaftServerProxy.getImpl(RaftServerProxy.java:370)
	at org.apache.ratis.server.impl.RaftServerProxy.appendEntries(RaftServerProxy.java:671)
	at org.apache.ratis.netty.server.NettyRpcService.handle(NettyRpcService.java:234)
	at org.apache.ratis.netty.server.NettyRpcService$InboundHandler.channelRead0(NettyRpcService.java:94)
	at org.apache.ratis.netty.server.NettyRpcService$InboundHandler.channelRead0(NettyRpcService.java:90)
	at org.apache.ratis.thirdparty.io.netty.channel.SimpleChannelInboundHandler.channelRead(SimpleChannelInboundHandler.java:99)
	at org.apache.ratis.thirdparty.io.netty.channel.AbstractChannelHandlerContext.invokeChannelRead(AbstractChannelHandlerContext.java:444)
	at org.apache.ratis.thirdparty.io.netty.channel.AbstractChannelHandlerContext.invokeChannelRead(AbstractChannelHandlerContext.java:420)
	at org.apache.ratis.thirdparty.io.netty.channel.AbstractChannelHandlerContext.fireChannelRead(AbstractChannelHandlerContext.java:412)
	at org.apache.ratis.thirdparty.io.netty.handler.codec.MessageToMessageDecoder.channelRead(MessageToMessageDecoder.java:103)
	at org.apache.ratis.thirdparty.io.netty.channel.AbstractChannelHandlerContext.invokeChannelRead(AbstractChannelHandlerContext.java:444)
	at org.apache.ratis.thirdparty.io.netty.channel.AbstractChannelHandlerContext.invokeChannelRead(AbstractChannelHandlerContext.java:420)
	at org.apache.ratis.thirdparty.io.netty.channel.AbstractChannelHandlerContext.fireChannelRead(AbstractChannelHandlerContext.java:412)
	at org.apache.ratis.thirdparty.io.netty.handler.codec.ByteToMessageDecoder.fireChannelRead(ByteToMessageDecoder.java:346)
	at org.apache.ratis.thirdparty.io.netty.handler.codec.ByteToMessageDecoder.channelRead(ByteToMessageDecoder.java:318)
	at org.apache.ratis.thirdparty.io.netty.channel.AbstractChannelHandlerContext.invokeChannelRead(AbstractChannelHandlerContext.java:444)
	at org.apache.ratis.thirdparty.io.netty.channel.AbstractChannelHandlerContext.invokeChannelRead(AbstractChannelHandlerContext.java:420)
	at org.apache.ratis.thirdparty.io.netty.channel.AbstractChannelHandlerContext.fireChannelRead(AbstractChannelHandlerContext.java:412)
	at org.apache.ratis.thirdparty.io.netty.channel.DefaultChannelPipeline$HeadContext.channelRead(DefaultChannelPipeline.java:1410)
	at org.apache.ratis.thirdparty.io.netty.channel.AbstractChannelHandlerContext.invokeChannelRead(AbstractChannelHandlerContext.java:440)
	at org.apache.ratis.thirdparty.io.netty.channel.AbstractChannelHandlerContext.invokeChannelRead(AbstractChannelHandlerContext.java:420)
	at org.apache.ratis.thirdparty.io.netty.channel.DefaultChannelPipeline.fireChannelRead(DefaultChannelPipeline.java:919)
	at org.apache.ratis.thirdparty.io.netty.channel.epoll.AbstractEpollStreamChannel$EpollStreamUnsafe.epollInReady(AbstractEpollStreamChannel.java:801)
	at org.apache.ratis.thirdparty.io.netty.channel.epoll.EpollEventLoop.processReady(EpollEventLoop.java:501)
	at org.apache.ratis.thirdparty.io.netty.channel.epoll.EpollEventLoop.run(EpollEventLoop.java:399)
	at org.apache.ratis.thirdparty.io.netty.util.concurrent.SingleThreadEventExecutor$4.run(SingleThreadEventExecutor.java:997)
	at org.apache.ratis.thirdparty.io.netty.util.internal.ThreadExecutorMap$2.run(ThreadExecutorMap.java:74)
	at java.lang.Thread.run(Thread.java:750)
2024-12-14 12:26:07,328 WARN  leader.LogAppender (LogAppenderDefault.java:sendAppendEntriesWithRetries(85)) - s1@group-BFFFED5AA7A9->s10-LogAppenderDefault: Failed to appendEntries (retry=0)
org.apache.ratis.protocol.exceptions.GroupMismatchException: s10: group-BFFFED5AA7A9 not found.
	at org.apache.ratis.server.impl.RaftServerProxy$ImplMap.get(RaftServerProxy.java:156)
	at org.apache.ratis.server.impl.RaftServerProxy.getImplFuture(RaftServerProxy.java:366)
	at org.apache.ratis.server.impl.RaftServerProxy.getImpl(RaftServerProxy.java:375)
	at org.apache.ratis.server.impl.RaftServerProxy.getImpl(RaftServerProxy.java:370)
	at org.apache.ratis.server.impl.RaftServerProxy.appendEntries(RaftServerProxy.java:671)
	at org.apache.ratis.netty.server.NettyRpcService.handle(NettyRpcService.java:234)
	at org.apache.ratis.netty.server.NettyRpcService$InboundHandler.channelRead0(NettyRpcService.java:94)
	at org.apache.ratis.netty.server.NettyRpcService$InboundHandler.channelRead0(NettyRpcService.java:90)
	at org.apache.ratis.thirdparty.io.netty.channel.SimpleChannelInboundHandler.channelRead(SimpleChannelInboundHandler.java:99)
	at org.apache.ratis.thirdparty.io.netty.channel.AbstractChannelHandlerContext.invokeChannelRead(AbstractChannelHandlerContext.java:444)
	at org.apache.ratis.thirdparty.io.netty.channel.AbstractChannelHandlerContext.invokeChannelRead(AbstractChannelHandlerContext.java:420)
	at org.apache.ratis.thirdparty.io.netty.channel.AbstractChannelHandlerContext.fireChannelRead(AbstractChannelHandlerContext.java:412)
	at org.apache.ratis.thirdparty.io.netty.handler.codec.MessageToMessageDecoder.channelRead(MessageToMessageDecoder.java:103)
	at org.apache.ratis.thirdparty.io.netty.channel.AbstractChannelHandlerContext.invokeChannelRead(AbstractChannelHandlerContext.java:444)
	at org.apache.ratis.thirdparty.io.netty.channel.AbstractChannelHandlerContext.invokeChannelRead(AbstractChannelHandlerContext.java:420)
	at org.apache.ratis.thirdparty.io.netty.channel.AbstractChannelHandlerContext.fireChannelRead(AbstractChannelHandlerContext.java:412)
	at org.apache.ratis.thirdparty.io.netty.handler.codec.ByteToMessageDecoder.fireChannelRead(ByteToMessageDecoder.java:346)
	at org.apache.ratis.thirdparty.io.netty.handler.codec.ByteToMessageDecoder.channelRead(ByteToMessageDecoder.java:318)
	at org.apache.ratis.thirdparty.io.netty.channel.AbstractChannelHandlerContext.invokeChannelRead(AbstractChannelHandlerContext.java:444)
	at org.apache.ratis.thirdparty.io.netty.channel.AbstractChannelHandlerContext.invokeChannelRead(AbstractChannelHandlerContext.java:420)
	at org.apache.ratis.thirdparty.io.netty.channel.AbstractChannelHandlerContext.fireChannelRead(AbstractChannelHandlerContext.java:412)
	at org.apache.ratis.thirdparty.io.netty.channel.DefaultChannelPipeline$HeadContext.channelRead(DefaultChannelPipeline.java:1410)
	at org.apache.ratis.thirdparty.io.netty.channel.AbstractChannelHandlerContext.invokeChannelRead(AbstractChannelHandlerContext.java:440)
	at org.apache.ratis.thirdparty.io.netty.channel.AbstractChannelHandlerContext.invokeChannelRead(AbstractChannelHandlerContext.java:420)
	at org.apache.ratis.thirdparty.io.netty.channel.DefaultChannelPipeline.fireChannelRead(DefaultChannelPipeline.java:919)
	at org.apache.ratis.thirdparty.io.netty.channel.epoll.AbstractEpollStreamChannel$EpollStreamUnsafe.epollInReady(AbstractEpollStreamChannel.java:801)
	at org.apache.ratis.thirdparty.io.netty.channel.epoll.EpollEventLoop.processReady(EpollEventLoop.java:501)
	at org.apache.ratis.thirdparty.io.netty.channel.epoll.EpollEventLoop.run(EpollEventLoop.java:399)
	at org.apache.ratis.thirdparty.io.netty.util.concurrent.SingleThreadEventExecutor$4.run(SingleThreadEventExecutor.java:997)
	at org.apache.ratis.thirdparty.io.netty.util.internal.ThreadExecutorMap$2.run(ThreadExecutorMap.java:74)
	at java.lang.Thread.run(Thread.java:750)
2024-12-14 12:26:07,404 WARN  leader.LogAppender (LogAppenderDefault.java:sendAppendEntriesWithRetries(85)) - s1@group-BFFFED5AA7A9->s0-LogAppenderDefault: Failed to appendEntries (retry=0)
org.apache.ratis.protocol.exceptions.GroupMismatchException: s0: group-BFFFED5AA7A9 not found.
	at org.apache.ratis.server.impl.RaftServerProxy$ImplMap.get(RaftServerProxy.java:156)
	at org.apache.ratis.server.impl.RaftServerProxy.getImplFuture(RaftServerProxy.java:366)
	at org.apache.ratis.server.impl.RaftServerProxy.getImpl(RaftServerProxy.java:375)
	at org.apache.ratis.server.impl.RaftServerProxy.getImpl(RaftServerProxy.java:370)
	at org.apache.ratis.server.impl.RaftServerProxy.appendEntries(RaftServerProxy.java:671)
	at org.apache.ratis.netty.server.NettyRpcService.handle(NettyRpcService.java:234)
	at org.apache.ratis.netty.server.NettyRpcService$InboundHandler.channelRead0(NettyRpcService.java:94)
	at org.apache.ratis.netty.server.NettyRpcService$InboundHandler.channelRead0(NettyRpcService.java:90)
	at org.apache.ratis.thirdparty.io.netty.channel.SimpleChannelInboundHandler.channelRead(SimpleChannelInboundHandler.java:99)
	at org.apache.ratis.thirdparty.io.netty.channel.AbstractChannelHandlerContext.invokeChannelRead(AbstractChannelHandlerContext.java:444)
	at org.apache.ratis.thirdparty.io.netty.channel.AbstractChannelHandlerContext.invokeChannelRead(AbstractChannelHandlerContext.java:420)
	at org.apache.ratis.thirdparty.io.netty.channel.AbstractChannelHandlerContext.fireChannelRead(AbstractChannelHandlerContext.java:412)
	at org.apache.ratis.thirdparty.io.netty.handler.codec.MessageToMessageDecoder.channelRead(MessageToMessageDecoder.java:103)
	at org.apache.ratis.thirdparty.io.netty.channel.AbstractChannelHandlerContext.invokeChannelRead(AbstractChannelHandlerContext.java:444)
	at org.apache.ratis.thirdparty.io.netty.channel.AbstractChannelHandlerContext.invokeChannelRead(AbstractChannelHandlerContext.java:420)
	at org.apache.ratis.thirdparty.io.netty.channel.AbstractChannelHandlerContext.fireChannelRead(AbstractChannelHandlerContext.java:412)
	at org.apache.ratis.thirdparty.io.netty.handler.codec.ByteToMessageDecoder.fireChannelRead(ByteToMessageDecoder.java:346)
	at org.apache.ratis.thirdparty.io.netty.handler.codec.ByteToMessageDecoder.channelRead(ByteToMessageDecoder.java:318)
	at org.apache.ratis.thirdparty.io.netty.channel.AbstractChannelHandlerContext.invokeChannelRead(AbstractChannelHandlerContext.java:444)
	at org.apache.ratis.thirdparty.io.netty.channel.AbstractChannelHandlerContext.invokeChannelRead(AbstractChannelHandlerContext.java:420)
	at org.apache.ratis.thirdparty.io.netty.channel.AbstractChannelHandlerContext.fireChannelRead(AbstractChannelHandlerContext.java:412)
	at org.apache.ratis.thirdparty.io.netty.channel.DefaultChannelPipeline$HeadContext.channelRead(DefaultChannelPipeline.java:1410)
	at org.apache.ratis.thirdparty.io.netty.channel.AbstractChannelHandlerContext.invokeChannelRead(AbstractChannelHandlerContext.java:440)
	at org.apache.ratis.thirdparty.io.netty.channel.AbstractChannelHandlerContext.invokeChannelRead(AbstractChannelHandlerContext.java:420)
	at org.apache.ratis.thirdparty.io.netty.channel.DefaultChannelPipeline.fireChannelRead(DefaultChannelPipeline.java:919)
	at org.apache.ratis.thirdparty.io.netty.channel.epoll.AbstractEpollStreamChannel$EpollStreamUnsafe.epollInReady(AbstractEpollStreamChannel.java:801)
	at org.apache.ratis.thirdparty.io.netty.channel.epoll.EpollEventLoop.processReady(EpollEventLoop.java:501)
	at org.apache.ratis.thirdparty.io.netty.channel.epoll.EpollEventLoop.run(EpollEventLoop.java:399)
	at org.apache.ratis.thirdparty.io.netty.util.concurrent.SingleThreadEventExecutor$4.run(SingleThreadEventExecutor.java:997)
	at org.apache.ratis.thirdparty.io.netty.util.internal.ThreadExecutorMap$2.run(ThreadExecutorMap.java:74)
	at java.lang.Thread.run(Thread.java:750)
2024-12-14 12:26:07,404 WARN  leader.LogAppender (LogAppenderDefault.java:sendAppendEntriesWithRetries(85)) - s1@group-BFFFED5AA7A9->s10-LogAppenderDefault: Failed to appendEntries (retry=0)
org.apache.ratis.protocol.exceptions.GroupMismatchException: s10: group-BFFFED5AA7A9 not found.
	at org.apache.ratis.server.impl.RaftServerProxy$ImplMap.get(RaftServerProxy.java:156)
	at org.apache.ratis.server.impl.RaftServerProxy.getImplFuture(RaftServerProxy.java:366)
	at org.apache.ratis.server.impl.RaftServerProxy.getImpl(RaftServerProxy.java:375)
	at org.apache.ratis.server.impl.RaftServerProxy.getImpl(RaftServerProxy.java:370)
	at org.apache.ratis.server.impl.RaftServerProxy.appendEntries(RaftServerProxy.java:671)
	at org.apache.ratis.netty.server.NettyRpcService.handle(NettyRpcService.java:234)
	at org.apache.ratis.netty.server.NettyRpcService$InboundHandler.channelRead0(NettyRpcService.java:94)
	at org.apache.ratis.netty.server.NettyRpcService$InboundHandler.channelRead0(NettyRpcService.java:90)
	at org.apache.ratis.thirdparty.io.netty.channel.SimpleChannelInboundHandler.channelRead(SimpleChannelInboundHandler.java:99)
	at org.apache.ratis.thirdparty.io.netty.channel.AbstractChannelHandlerContext.invokeChannelRead(AbstractChannelHandlerContext.java:444)
	at org.apache.ratis.thirdparty.io.netty.channel.AbstractChannelHandlerContext.invokeChannelRead(AbstractChannelHandlerContext.java:420)
	at org.apache.ratis.thirdparty.io.netty.channel.AbstractChannelHandlerContext.fireChannelRead(AbstractChannelHandlerContext.java:412)
	at org.apache.ratis.thirdparty.io.netty.handler.codec.MessageToMessageDecoder.channelRead(MessageToMessageDecoder.java:103)
	at org.apache.ratis.thirdparty.io.netty.channel.AbstractChannelHandlerContext.invokeChannelRead(AbstractChannelHandlerContext.java:444)
	at org.apache.ratis.thirdparty.io.netty.channel.AbstractChannelHandlerContext.invokeChannelRead(AbstractChannelHandlerContext.java:420)
	at org.apache.ratis.thirdparty.io.netty.channel.AbstractChannelHandlerContext.fireChannelRead(AbstractChannelHandlerContext.java:412)
	at org.apache.ratis.thirdparty.io.netty.handler.codec.ByteToMessageDecoder.fireChannelRead(ByteToMessageDecoder.java:346)
	at org.apache.ratis.thirdparty.io.netty.handler.codec.ByteToMessageDecoder.channelRead(ByteToMessageDecoder.java:318)
	at org.apache.ratis.thirdparty.io.netty.channel.AbstractChannelHandlerContext.invokeChannelRead(AbstractChannelHandlerContext.java:444)
	at org.apache.ratis.thirdparty.io.netty.channel.AbstractChannelHandlerContext.invokeChannelRead(AbstractChannelHandlerContext.java:420)
	at org.apache.ratis.thirdparty.io.netty.channel.AbstractChannelHandlerContext.fireChannelRead(AbstractChannelHandlerContext.java:412)
	at org.apache.ratis.thirdparty.io.netty.channel.DefaultChannelPipeline$HeadContext.channelRead(DefaultChannelPipeline.java:1410)
	at org.apache.ratis.thirdparty.io.netty.channel.AbstractChannelHandlerContext.invokeChannelRead(AbstractChannelHandlerContext.java:440)
	at org.apache.ratis.thirdparty.io.netty.channel.AbstractChannelHandlerContext.invokeChannelRead(AbstractChannelHandlerContext.java:420)
	at org.apache.ratis.thirdparty.io.netty.channel.DefaultChannelPipeline.fireChannelRead(DefaultChannelPipeline.java:919)
	at org.apache.ratis.thirdparty.io.netty.channel.epoll.AbstractEpollStreamChannel$EpollStreamUnsafe.epollInReady(AbstractEpollStreamChannel.java:801)
	at org.apache.ratis.thirdparty.io.netty.channel.epoll.EpollEventLoop.processReady(EpollEventLoop.java:501)
	at org.apache.ratis.thirdparty.io.netty.channel.epoll.EpollEventLoop.run(EpollEventLoop.java:399)
	at org.apache.ratis.thirdparty.io.netty.util.concurrent.SingleThreadEventExecutor$4.run(SingleThreadEventExecutor.java:997)
	at org.apache.ratis.thirdparty.io.netty.util.internal.ThreadExecutorMap$2.run(ThreadExecutorMap.java:74)
	at java.lang.Thread.run(Thread.java:750)
2024-12-14 12:26:07,478 WARN  leader.LogAppender (LogAppenderDefault.java:sendAppendEntriesWithRetries(85)) - s1@group-BFFFED5AA7A9->s10-LogAppenderDefault: Failed to appendEntries (retry=0)
org.apache.ratis.protocol.exceptions.GroupMismatchException: s10: group-BFFFED5AA7A9 not found.
	at org.apache.ratis.server.impl.RaftServerProxy$ImplMap.get(RaftServerProxy.java:156)
	at org.apache.ratis.server.impl.RaftServerProxy.getImplFuture(RaftServerProxy.java:366)
	at org.apache.ratis.server.impl.RaftServerProxy.getImpl(RaftServerProxy.java:375)
	at org.apache.ratis.server.impl.RaftServerProxy.getImpl(RaftServerProxy.java:370)
	at org.apache.ratis.server.impl.RaftServerProxy.appendEntries(RaftServerProxy.java:671)
	at org.apache.ratis.netty.server.NettyRpcService.handle(NettyRpcService.java:234)
	at org.apache.ratis.netty.server.NettyRpcService$InboundHandler.channelRead0(NettyRpcService.java:94)
	at org.apache.ratis.netty.server.NettyRpcService$InboundHandler.channelRead0(NettyRpcService.java:90)
	at org.apache.ratis.thirdparty.io.netty.channel.SimpleChannelInboundHandler.channelRead(SimpleChannelInboundHandler.java:99)
	at org.apache.ratis.thirdparty.io.netty.channel.AbstractChannelHandlerContext.invokeChannelRead(AbstractChannelHandlerContext.java:444)
	at org.apache.ratis.thirdparty.io.netty.channel.AbstractChannelHandlerContext.invokeChannelRead(AbstractChannelHandlerContext.java:420)
	at org.apache.ratis.thirdparty.io.netty.channel.AbstractChannelHandlerContext.fireChannelRead(AbstractChannelHandlerContext.java:412)
	at org.apache.ratis.thirdparty.io.netty.handler.codec.MessageToMessageDecoder.channelRead(MessageToMessageDecoder.java:103)
	at org.apache.ratis.thirdparty.io.netty.channel.AbstractChannelHandlerContext.invokeChannelRead(AbstractChannelHandlerContext.java:444)
	at org.apache.ratis.thirdparty.io.netty.channel.AbstractChannelHandlerContext.invokeChannelRead(AbstractChannelHandlerContext.java:420)
	at org.apache.ratis.thirdparty.io.netty.channel.AbstractChannelHandlerContext.fireChannelRead(AbstractChannelHandlerContext.java:412)
	at org.apache.ratis.thirdparty.io.netty.handler.codec.ByteToMessageDecoder.fireChannelRead(ByteToMessageDecoder.java:346)
	at org.apache.ratis.thirdparty.io.netty.handler.codec.ByteToMessageDecoder.channelRead(ByteToMessageDecoder.java:318)
	at org.apache.ratis.thirdparty.io.netty.channel.AbstractChannelHandlerContext.invokeChannelRead(AbstractChannelHandlerContext.java:444)
	at org.apache.ratis.thirdparty.io.netty.channel.AbstractChannelHandlerContext.invokeChannelRead(AbstractChannelHandlerContext.java:420)
	at org.apache.ratis.thirdparty.io.netty.channel.AbstractChannelHandlerContext.fireChannelRead(AbstractChannelHandlerContext.java:412)
	at org.apache.ratis.thirdparty.io.netty.channel.DefaultChannelPipeline$HeadContext.channelRead(DefaultChannelPipeline.java:1410)
	at org.apache.ratis.thirdparty.io.netty.channel.AbstractChannelHandlerContext.invokeChannelRead(AbstractChannelHandlerContext.java:440)
	at org.apache.ratis.thirdparty.io.netty.channel.AbstractChannelHandlerContext.invokeChannelRead(AbstractChannelHandlerContext.java:420)
	at org.apache.ratis.thirdparty.io.netty.channel.DefaultChannelPipeline.fireChannelRead(DefaultChannelPipeline.java:919)
	at org.apache.ratis.thirdparty.io.netty.channel.epoll.AbstractEpollStreamChannel$EpollStreamUnsafe.epollInReady(AbstractEpollStreamChannel.java:801)
	at org.apache.ratis.thirdparty.io.netty.channel.epoll.EpollEventLoop.processReady(EpollEventLoop.java:501)
	at org.apache.ratis.thirdparty.io.netty.channel.epoll.EpollEventLoop.run(EpollEventLoop.java:399)
	at org.apache.ratis.thirdparty.io.netty.util.concurrent.SingleThreadEventExecutor$4.run(SingleThreadEventExecutor.java:997)
	at org.apache.ratis.thirdparty.io.netty.util.internal.ThreadExecutorMap$2.run(ThreadExecutorMap.java:74)
	at java.lang.Thread.run(Thread.java:750)
2024-12-14 12:26:07,478 WARN  leader.LogAppender (LogAppenderDefault.java:sendAppendEntriesWithRetries(85)) - s1@group-BFFFED5AA7A9->s0-LogAppenderDefault: Failed to appendEntries (retry=0)
org.apache.ratis.protocol.exceptions.GroupMismatchException: s0: group-BFFFED5AA7A9 not found.
	at org.apache.ratis.server.impl.RaftServerProxy$ImplMap.get(RaftServerProxy.java:156)
	at org.apache.ratis.server.impl.RaftServerProxy.getImplFuture(RaftServerProxy.java:366)
	at org.apache.ratis.server.impl.RaftServerProxy.getImpl(RaftServerProxy.java:375)
	at org.apache.ratis.server.impl.RaftServerProxy.getImpl(RaftServerProxy.java:370)
	at org.apache.ratis.server.impl.RaftServerProxy.appendEntries(RaftServerProxy.java:671)
	at org.apache.ratis.netty.server.NettyRpcService.handle(NettyRpcService.java:234)
	at org.apache.ratis.netty.server.NettyRpcService$InboundHandler.channelRead0(NettyRpcService.java:94)
	at org.apache.ratis.netty.server.NettyRpcService$InboundHandler.channelRead0(NettyRpcService.java:90)
	at org.apache.ratis.thirdparty.io.netty.channel.SimpleChannelInboundHandler.channelRead(SimpleChannelInboundHandler.java:99)
	at org.apache.ratis.thirdparty.io.netty.channel.AbstractChannelHandlerContext.invokeChannelRead(AbstractChannelHandlerContext.java:444)
	at org.apache.ratis.thirdparty.io.netty.channel.AbstractChannelHandlerContext.invokeChannelRead(AbstractChannelHandlerContext.java:420)
	at org.apache.ratis.thirdparty.io.netty.channel.AbstractChannelHandlerContext.fireChannelRead(AbstractChannelHandlerContext.java:412)
	at org.apache.ratis.thirdparty.io.netty.handler.codec.MessageToMessageDecoder.channelRead(MessageToMessageDecoder.java:103)
	at org.apache.ratis.thirdparty.io.netty.channel.AbstractChannelHandlerContext.invokeChannelRead(AbstractChannelHandlerContext.java:444)
	at org.apache.ratis.thirdparty.io.netty.channel.AbstractChannelHandlerContext.invokeChannelRead(AbstractChannelHandlerContext.java:420)
	at org.apache.ratis.thirdparty.io.netty.channel.AbstractChannelHandlerContext.fireChannelRead(AbstractChannelHandlerContext.java:412)
	at org.apache.ratis.thirdparty.io.netty.handler.codec.ByteToMessageDecoder.fireChannelRead(ByteToMessageDecoder.java:346)
	at org.apache.ratis.thirdparty.io.netty.handler.codec.ByteToMessageDecoder.channelRead(ByteToMessageDecoder.java:318)
	at org.apache.ratis.thirdparty.io.netty.channel.AbstractChannelHandlerContext.invokeChannelRead(AbstractChannelHandlerContext.java:444)
	at org.apache.ratis.thirdparty.io.netty.channel.AbstractChannelHandlerContext.invokeChannelRead(AbstractChannelHandlerContext.java:420)
	at org.apache.ratis.thirdparty.io.netty.channel.AbstractChannelHandlerContext.fireChannelRead(AbstractChannelHandlerContext.java:412)
	at org.apache.ratis.thirdparty.io.netty.channel.DefaultChannelPipeline$HeadContext.channelRead(DefaultChannelPipeline.java:1410)
	at org.apache.ratis.thirdparty.io.netty.channel.AbstractChannelHandlerContext.invokeChannelRead(AbstractChannelHandlerContext.java:440)
	at org.apache.ratis.thirdparty.io.netty.channel.AbstractChannelHandlerContext.invokeChannelRead(AbstractChannelHandlerContext.java:420)
	at org.apache.ratis.thirdparty.io.netty.channel.DefaultChannelPipeline.fireChannelRead(DefaultChannelPipeline.java:919)
	at org.apache.ratis.thirdparty.io.netty.channel.epoll.AbstractEpollStreamChannel$EpollStreamUnsafe.epollInReady(AbstractEpollStreamChannel.java:801)
	at org.apache.ratis.thirdparty.io.netty.channel.epoll.EpollEventLoop.processReady(EpollEventLoop.java:501)
	at org.apache.ratis.thirdparty.io.netty.channel.epoll.EpollEventLoop.run(EpollEventLoop.java:399)
	at org.apache.ratis.thirdparty.io.netty.util.concurrent.SingleThreadEventExecutor$4.run(SingleThreadEventExecutor.java:997)
	at org.apache.ratis.thirdparty.io.netty.util.internal.ThreadExecutorMap$2.run(ThreadExecutorMap.java:74)
	at java.lang.Thread.run(Thread.java:750)
2024-12-14 12:26:07,554 WARN  leader.LogAppender (LogAppenderDefault.java:sendAppendEntriesWithRetries(85)) - s1@group-BFFFED5AA7A9->s10-LogAppenderDefault: Failed to appendEntries (retry=0)
org.apache.ratis.protocol.exceptions.GroupMismatchException: s10: group-BFFFED5AA7A9 not found.
	at org.apache.ratis.server.impl.RaftServerProxy$ImplMap.get(RaftServerProxy.java:156)
	at org.apache.ratis.server.impl.RaftServerProxy.getImplFuture(RaftServerProxy.java:366)
	at org.apache.ratis.server.impl.RaftServerProxy.getImpl(RaftServerProxy.java:375)
	at org.apache.ratis.server.impl.RaftServerProxy.getImpl(RaftServerProxy.java:370)
	at org.apache.ratis.server.impl.RaftServerProxy.appendEntries(RaftServerProxy.java:671)
	at org.apache.ratis.netty.server.NettyRpcService.handle(NettyRpcService.java:234)
	at org.apache.ratis.netty.server.NettyRpcService$InboundHandler.channelRead0(NettyRpcService.java:94)
	at org.apache.ratis.netty.server.NettyRpcService$InboundHandler.channelRead0(NettyRpcService.java:90)
	at org.apache.ratis.thirdparty.io.netty.channel.SimpleChannelInboundHandler.channelRead(SimpleChannelInboundHandler.java:99)
	at org.apache.ratis.thirdparty.io.netty.channel.AbstractChannelHandlerContext.invokeChannelRead(AbstractChannelHandlerContext.java:444)
	at org.apache.ratis.thirdparty.io.netty.channel.AbstractChannelHandlerContext.invokeChannelRead(AbstractChannelHandlerContext.java:420)
	at org.apache.ratis.thirdparty.io.netty.channel.AbstractChannelHandlerContext.fireChannelRead(AbstractChannelHandlerContext.java:412)
	at org.apache.ratis.thirdparty.io.netty.handler.codec.MessageToMessageDecoder.channelRead(MessageToMessageDecoder.java:103)
	at org.apache.ratis.thirdparty.io.netty.channel.AbstractChannelHandlerContext.invokeChannelRead(AbstractChannelHandlerContext.java:444)
	at org.apache.ratis.thirdparty.io.netty.channel.AbstractChannelHandlerContext.invokeChannelRead(AbstractChannelHandlerContext.java:420)
	at org.apache.ratis.thirdparty.io.netty.channel.AbstractChannelHandlerContext.fireChannelRead(AbstractChannelHandlerContext.java:412)
	at org.apache.ratis.thirdparty.io.netty.handler.codec.ByteToMessageDecoder.fireChannelRead(ByteToMessageDecoder.java:346)
	at org.apache.ratis.thirdparty.io.netty.handler.codec.ByteToMessageDecoder.channelRead(ByteToMessageDecoder.java:318)
	at org.apache.ratis.thirdparty.io.netty.channel.AbstractChannelHandlerContext.invokeChannelRead(AbstractChannelHandlerContext.java:444)
	at org.apache.ratis.thirdparty.io.netty.channel.AbstractChannelHandlerContext.invokeChannelRead(AbstractChannelHandlerContext.java:420)
	at org.apache.ratis.thirdparty.io.netty.channel.AbstractChannelHandlerContext.fireChannelRead(AbstractChannelHandlerContext.java:412)
	at org.apache.ratis.thirdparty.io.netty.channel.DefaultChannelPipeline$HeadContext.channelRead(DefaultChannelPipeline.java:1410)
	at org.apache.ratis.thirdparty.io.netty.channel.AbstractChannelHandlerContext.invokeChannelRead(AbstractChannelHandlerContext.java:440)
	at org.apache.ratis.thirdparty.io.netty.channel.AbstractChannelHandlerContext.invokeChannelRead(AbstractChannelHandlerContext.java:420)
	at org.apache.ratis.thirdparty.io.netty.channel.DefaultChannelPipeline.fireChannelRead(DefaultChannelPipeline.java:919)
	at org.apache.ratis.thirdparty.io.netty.channel.epoll.AbstractEpollStreamChannel$EpollStreamUnsafe.epollInReady(AbstractEpollStreamChannel.java:801)
	at org.apache.ratis.thirdparty.io.netty.channel.epoll.EpollEventLoop.processReady(EpollEventLoop.java:501)
	at org.apache.ratis.thirdparty.io.netty.channel.epoll.EpollEventLoop.run(EpollEventLoop.java:399)
	at org.apache.ratis.thirdparty.io.netty.util.concurrent.SingleThreadEventExecutor$4.run(SingleThreadEventExecutor.java:997)
	at org.apache.ratis.thirdparty.io.netty.util.internal.ThreadExecutorMap$2.run(ThreadExecutorMap.java:74)
	at java.lang.Thread.run(Thread.java:750)
2024-12-14 12:26:07,554 WARN  leader.LogAppender (LogAppenderDefault.java:sendAppendEntriesWithRetries(85)) - s1@group-BFFFED5AA7A9->s0-LogAppenderDefault: Failed to appendEntries (retry=0)
org.apache.ratis.protocol.exceptions.GroupMismatchException: s0: group-BFFFED5AA7A9 not found.
	at org.apache.ratis.server.impl.RaftServerProxy$ImplMap.get(RaftServerProxy.java:156)
	at org.apache.ratis.server.impl.RaftServerProxy.getImplFuture(RaftServerProxy.java:366)
	at org.apache.ratis.server.impl.RaftServerProxy.getImpl(RaftServerProxy.java:375)
	at org.apache.ratis.server.impl.RaftServerProxy.getImpl(RaftServerProxy.java:370)
	at org.apache.ratis.server.impl.RaftServerProxy.appendEntries(RaftServerProxy.java:671)
	at org.apache.ratis.netty.server.NettyRpcService.handle(NettyRpcService.java:234)
	at org.apache.ratis.netty.server.NettyRpcService$InboundHandler.channelRead0(NettyRpcService.java:94)
	at org.apache.ratis.netty.server.NettyRpcService$InboundHandler.channelRead0(NettyRpcService.java:90)
	at org.apache.ratis.thirdparty.io.netty.channel.SimpleChannelInboundHandler.channelRead(SimpleChannelInboundHandler.java:99)
	at org.apache.ratis.thirdparty.io.netty.channel.AbstractChannelHandlerContext.invokeChannelRead(AbstractChannelHandlerContext.java:444)
	at org.apache.ratis.thirdparty.io.netty.channel.AbstractChannelHandlerContext.invokeChannelRead(AbstractChannelHandlerContext.java:420)
	at org.apache.ratis.thirdparty.io.netty.channel.AbstractChannelHandlerContext.fireChannelRead(AbstractChannelHandlerContext.java:412)
	at org.apache.ratis.thirdparty.io.netty.handler.codec.MessageToMessageDecoder.channelRead(MessageToMessageDecoder.java:103)
	at org.apache.ratis.thirdparty.io.netty.channel.AbstractChannelHandlerContext.invokeChannelRead(AbstractChannelHandlerContext.java:444)
	at org.apache.ratis.thirdparty.io.netty.channel.AbstractChannelHandlerContext.invokeChannelRead(AbstractChannelHandlerContext.java:420)
	at org.apache.ratis.thirdparty.io.netty.channel.AbstractChannelHandlerContext.fireChannelRead(AbstractChannelHandlerContext.java:412)
	at org.apache.ratis.thirdparty.io.netty.handler.codec.ByteToMessageDecoder.fireChannelRead(ByteToMessageDecoder.java:346)
	at org.apache.ratis.thirdparty.io.netty.handler.codec.ByteToMessageDecoder.channelRead(ByteToMessageDecoder.java:318)
	at org.apache.ratis.thirdparty.io.netty.channel.AbstractChannelHandlerContext.invokeChannelRead(AbstractChannelHandlerContext.java:444)
	at org.apache.ratis.thirdparty.io.netty.channel.AbstractChannelHandlerContext.invokeChannelRead(AbstractChannelHandlerContext.java:420)
	at org.apache.ratis.thirdparty.io.netty.channel.AbstractChannelHandlerContext.fireChannelRead(AbstractChannelHandlerContext.java:412)
	at org.apache.ratis.thirdparty.io.netty.channel.DefaultChannelPipeline$HeadContext.channelRead(DefaultChannelPipeline.java:1410)
	at org.apache.ratis.thirdparty.io.netty.channel.AbstractChannelHandlerContext.invokeChannelRead(AbstractChannelHandlerContext.java:440)
	at org.apache.ratis.thirdparty.io.netty.channel.AbstractChannelHandlerContext.invokeChannelRead(AbstractChannelHandlerContext.java:420)
	at org.apache.ratis.thirdparty.io.netty.channel.DefaultChannelPipeline.fireChannelRead(DefaultChannelPipeline.java:919)
	at org.apache.ratis.thirdparty.io.netty.channel.epoll.AbstractEpollStreamChannel$EpollStreamUnsafe.epollInReady(AbstractEpollStreamChannel.java:801)
	at org.apache.ratis.thirdparty.io.netty.channel.epoll.EpollEventLoop.processReady(EpollEventLoop.java:501)
	at org.apache.ratis.thirdparty.io.netty.channel.epoll.EpollEventLoop.run(EpollEventLoop.java:399)
	at org.apache.ratis.thirdparty.io.netty.util.concurrent.SingleThreadEventExecutor$4.run(SingleThreadEventExecutor.java:997)
	at org.apache.ratis.thirdparty.io.netty.util.internal.ThreadExecutorMap$2.run(ThreadExecutorMap.java:74)
	at java.lang.Thread.run(Thread.java:750)
2024-12-14 12:26:07,629 WARN  leader.LogAppender (LogAppenderDefault.java:sendAppendEntriesWithRetries(85)) - s1@group-BFFFED5AA7A9->s0-LogAppenderDefault: Failed to appendEntries (retry=0)
org.apache.ratis.protocol.exceptions.GroupMismatchException: s0: group-BFFFED5AA7A9 not found.
	at org.apache.ratis.server.impl.RaftServerProxy$ImplMap.get(RaftServerProxy.java:156)
	at org.apache.ratis.server.impl.RaftServerProxy.getImplFuture(RaftServerProxy.java:366)
	at org.apache.ratis.server.impl.RaftServerProxy.getImpl(RaftServerProxy.java:375)
	at org.apache.ratis.server.impl.RaftServerProxy.getImpl(RaftServerProxy.java:370)
	at org.apache.ratis.server.impl.RaftServerProxy.appendEntries(RaftServerProxy.java:671)
	at org.apache.ratis.netty.server.NettyRpcService.handle(NettyRpcService.java:234)
	at org.apache.ratis.netty.server.NettyRpcService$InboundHandler.channelRead0(NettyRpcService.java:94)
	at org.apache.ratis.netty.server.NettyRpcService$InboundHandler.channelRead0(NettyRpcService.java:90)
	at org.apache.ratis.thirdparty.io.netty.channel.SimpleChannelInboundHandler.channelRead(SimpleChannelInboundHandler.java:99)
	at org.apache.ratis.thirdparty.io.netty.channel.AbstractChannelHandlerContext.invokeChannelRead(AbstractChannelHandlerContext.java:444)
	at org.apache.ratis.thirdparty.io.netty.channel.AbstractChannelHandlerContext.invokeChannelRead(AbstractChannelHandlerContext.java:420)
	at org.apache.ratis.thirdparty.io.netty.channel.AbstractChannelHandlerContext.fireChannelRead(AbstractChannelHandlerContext.java:412)
	at org.apache.ratis.thirdparty.io.netty.handler.codec.MessageToMessageDecoder.channelRead(MessageToMessageDecoder.java:103)
	at org.apache.ratis.thirdparty.io.netty.channel.AbstractChannelHandlerContext.invokeChannelRead(AbstractChannelHandlerContext.java:444)
	at org.apache.ratis.thirdparty.io.netty.channel.AbstractChannelHandlerContext.invokeChannelRead(AbstractChannelHandlerContext.java:420)
	at org.apache.ratis.thirdparty.io.netty.channel.AbstractChannelHandlerContext.fireChannelRead(AbstractChannelHandlerContext.java:412)
	at org.apache.ratis.thirdparty.io.netty.handler.codec.ByteToMessageDecoder.fireChannelRead(ByteToMessageDecoder.java:346)
	at org.apache.ratis.thirdparty.io.netty.handler.codec.ByteToMessageDecoder.channelRead(ByteToMessageDecoder.java:318)
	at org.apache.ratis.thirdparty.io.netty.channel.AbstractChannelHandlerContext.invokeChannelRead(AbstractChannelHandlerContext.java:444)
	at org.apache.ratis.thirdparty.io.netty.channel.AbstractChannelHandlerContext.invokeChannelRead(AbstractChannelHandlerContext.java:420)
	at org.apache.ratis.thirdparty.io.netty.channel.AbstractChannelHandlerContext.fireChannelRead(AbstractChannelHandlerContext.java:412)
	at org.apache.ratis.thirdparty.io.netty.channel.DefaultChannelPipeline$HeadContext.channelRead(DefaultChannelPipeline.java:1410)
	at org.apache.ratis.thirdparty.io.netty.channel.AbstractChannelHandlerContext.invokeChannelRead(AbstractChannelHandlerContext.java:440)
	at org.apache.ratis.thirdparty.io.netty.channel.AbstractChannelHandlerContext.invokeChannelRead(AbstractChannelHandlerContext.java:420)
	at org.apache.ratis.thirdparty.io.netty.channel.DefaultChannelPipeline.fireChannelRead(DefaultChannelPipeline.java:919)
	at org.apache.ratis.thirdparty.io.netty.channel.epoll.AbstractEpollStreamChannel$EpollStreamUnsafe.epollInReady(AbstractEpollStreamChannel.java:801)
	at org.apache.ratis.thirdparty.io.netty.channel.epoll.EpollEventLoop.processReady(EpollEventLoop.java:501)
	at org.apache.ratis.thirdparty.io.netty.channel.epoll.EpollEventLoop.run(EpollEventLoop.java:399)
	at org.apache.ratis.thirdparty.io.netty.util.concurrent.SingleThreadEventExecutor$4.run(SingleThreadEventExecutor.java:997)
	at org.apache.ratis.thirdparty.io.netty.util.internal.ThreadExecutorMap$2.run(ThreadExecutorMap.java:74)
	at java.lang.Thread.run(Thread.java:750)
2024-12-14 12:26:07,630 WARN  leader.LogAppender (LogAppenderDefault.java:sendAppendEntriesWithRetries(85)) - s1@group-BFFFED5AA7A9->s10-LogAppenderDefault: Failed to appendEntries (retry=0)
org.apache.ratis.protocol.exceptions.GroupMismatchException: s10: group-BFFFED5AA7A9 not found.
	at org.apache.ratis.server.impl.RaftServerProxy$ImplMap.get(RaftServerProxy.java:156)
	at org.apache.ratis.server.impl.RaftServerProxy.getImplFuture(RaftServerProxy.java:366)
	at org.apache.ratis.server.impl.RaftServerProxy.getImpl(RaftServerProxy.java:375)
	at org.apache.ratis.server.impl.RaftServerProxy.getImpl(RaftServerProxy.java:370)
	at org.apache.ratis.server.impl.RaftServerProxy.appendEntries(RaftServerProxy.java:671)
	at org.apache.ratis.netty.server.NettyRpcService.handle(NettyRpcService.java:234)
	at org.apache.ratis.netty.server.NettyRpcService$InboundHandler.channelRead0(NettyRpcService.java:94)
	at org.apache.ratis.netty.server.NettyRpcService$InboundHandler.channelRead0(NettyRpcService.java:90)
	at org.apache.ratis.thirdparty.io.netty.channel.SimpleChannelInboundHandler.channelRead(SimpleChannelInboundHandler.java:99)
	at org.apache.ratis.thirdparty.io.netty.channel.AbstractChannelHandlerContext.invokeChannelRead(AbstractChannelHandlerContext.java:444)
	at org.apache.ratis.thirdparty.io.netty.channel.AbstractChannelHandlerContext.invokeChannelRead(AbstractChannelHandlerContext.java:420)
	at org.apache.ratis.thirdparty.io.netty.channel.AbstractChannelHandlerContext.fireChannelRead(AbstractChannelHandlerContext.java:412)
	at org.apache.ratis.thirdparty.io.netty.handler.codec.MessageToMessageDecoder.channelRead(MessageToMessageDecoder.java:103)
	at org.apache.ratis.thirdparty.io.netty.channel.AbstractChannelHandlerContext.invokeChannelRead(AbstractChannelHandlerContext.java:444)
	at org.apache.ratis.thirdparty.io.netty.channel.AbstractChannelHandlerContext.invokeChannelRead(AbstractChannelHandlerContext.java:420)
	at org.apache.ratis.thirdparty.io.netty.channel.AbstractChannelHandlerContext.fireChannelRead(AbstractChannelHandlerContext.java:412)
	at org.apache.ratis.thirdparty.io.netty.handler.codec.ByteToMessageDecoder.fireChannelRead(ByteToMessageDecoder.java:346)
	at org.apache.ratis.thirdparty.io.netty.handler.codec.ByteToMessageDecoder.channelRead(ByteToMessageDecoder.java:318)
	at org.apache.ratis.thirdparty.io.netty.channel.AbstractChannelHandlerContext.invokeChannelRead(AbstractChannelHandlerContext.java:444)
	at org.apache.ratis.thirdparty.io.netty.channel.AbstractChannelHandlerContext.invokeChannelRead(AbstractChannelHandlerContext.java:420)
	at org.apache.ratis.thirdparty.io.netty.channel.AbstractChannelHandlerContext.fireChannelRead(AbstractChannelHandlerContext.java:412)
	at org.apache.ratis.thirdparty.io.netty.channel.DefaultChannelPipeline$HeadContext.channelRead(DefaultChannelPipeline.java:1410)
	at org.apache.ratis.thirdparty.io.netty.channel.AbstractChannelHandlerContext.invokeChannelRead(AbstractChannelHandlerContext.java:440)
	at org.apache.ratis.thirdparty.io.netty.channel.AbstractChannelHandlerContext.invokeChannelRead(AbstractChannelHandlerContext.java:420)
	at org.apache.ratis.thirdparty.io.netty.channel.DefaultChannelPipeline.fireChannelRead(DefaultChannelPipeline.java:919)
	at org.apache.ratis.thirdparty.io.netty.channel.epoll.AbstractEpollStreamChannel$EpollStreamUnsafe.epollInReady(AbstractEpollStreamChannel.java:801)
	at org.apache.ratis.thirdparty.io.netty.channel.epoll.EpollEventLoop.processReady(EpollEventLoop.java:501)
	at org.apache.ratis.thirdparty.io.netty.channel.epoll.EpollEventLoop.run(EpollEventLoop.java:399)
	at org.apache.ratis.thirdparty.io.netty.util.concurrent.SingleThreadEventExecutor$4.run(SingleThreadEventExecutor.java:997)
	at org.apache.ratis.thirdparty.io.netty.util.internal.ThreadExecutorMap$2.run(ThreadExecutorMap.java:74)
	at java.lang.Thread.run(Thread.java:750)
2024-12-14 12:26:07,705 WARN  leader.LogAppender (LogAppenderDefault.java:sendAppendEntriesWithRetries(85)) - s1@group-BFFFED5AA7A9->s0-LogAppenderDefault: Failed to appendEntries (retry=0)
org.apache.ratis.protocol.exceptions.GroupMismatchException: s0: group-BFFFED5AA7A9 not found.
	at org.apache.ratis.server.impl.RaftServerProxy$ImplMap.get(RaftServerProxy.java:156)
	at org.apache.ratis.server.impl.RaftServerProxy.getImplFuture(RaftServerProxy.java:366)
	at org.apache.ratis.server.impl.RaftServerProxy.getImpl(RaftServerProxy.java:375)
	at org.apache.ratis.server.impl.RaftServerProxy.getImpl(RaftServerProxy.java:370)
	at org.apache.ratis.server.impl.RaftServerProxy.appendEntries(RaftServerProxy.java:671)
	at org.apache.ratis.netty.server.NettyRpcService.handle(NettyRpcService.java:234)
	at org.apache.ratis.netty.server.NettyRpcService$InboundHandler.channelRead0(NettyRpcService.java:94)
	at org.apache.ratis.netty.server.NettyRpcService$InboundHandler.channelRead0(NettyRpcService.java:90)
	at org.apache.ratis.thirdparty.io.netty.channel.SimpleChannelInboundHandler.channelRead(SimpleChannelInboundHandler.java:99)
	at org.apache.ratis.thirdparty.io.netty.channel.AbstractChannelHandlerContext.invokeChannelRead(AbstractChannelHandlerContext.java:444)
	at org.apache.ratis.thirdparty.io.netty.channel.AbstractChannelHandlerContext.invokeChannelRead(AbstractChannelHandlerContext.java:420)
	at org.apache.ratis.thirdparty.io.netty.channel.AbstractChannelHandlerContext.fireChannelRead(AbstractChannelHandlerContext.java:412)
	at org.apache.ratis.thirdparty.io.netty.handler.codec.MessageToMessageDecoder.channelRead(MessageToMessageDecoder.java:103)
	at org.apache.ratis.thirdparty.io.netty.channel.AbstractChannelHandlerContext.invokeChannelRead(AbstractChannelHandlerContext.java:444)
	at org.apache.ratis.thirdparty.io.netty.channel.AbstractChannelHandlerContext.invokeChannelRead(AbstractChannelHandlerContext.java:420)
	at org.apache.ratis.thirdparty.io.netty.channel.AbstractChannelHandlerContext.fireChannelRead(AbstractChannelHandlerContext.java:412)
	at org.apache.ratis.thirdparty.io.netty.handler.codec.ByteToMessageDecoder.fireChannelRead(ByteToMessageDecoder.java:346)
	at org.apache.ratis.thirdparty.io.netty.handler.codec.ByteToMessageDecoder.channelRead(ByteToMessageDecoder.java:318)
	at org.apache.ratis.thirdparty.io.netty.channel.AbstractChannelHandlerContext.invokeChannelRead(AbstractChannelHandlerContext.java:444)
	at org.apache.ratis.thirdparty.io.netty.channel.AbstractChannelHandlerContext.invokeChannelRead(AbstractChannelHandlerContext.java:420)
	at org.apache.ratis.thirdparty.io.netty.channel.AbstractChannelHandlerContext.fireChannelRead(AbstractChannelHandlerContext.java:412)
	at org.apache.ratis.thirdparty.io.netty.channel.DefaultChannelPipeline$HeadContext.channelRead(DefaultChannelPipeline.java:1410)
	at org.apache.ratis.thirdparty.io.netty.channel.AbstractChannelHandlerContext.invokeChannelRead(AbstractChannelHandlerContext.java:440)
	at org.apache.ratis.thirdparty.io.netty.channel.AbstractChannelHandlerContext.invokeChannelRead(AbstractChannelHandlerContext.java:420)
	at org.apache.ratis.thirdparty.io.netty.channel.DefaultChannelPipeline.fireChannelRead(DefaultChannelPipeline.java:919)
	at org.apache.ratis.thirdparty.io.netty.channel.epoll.AbstractEpollStreamChannel$EpollStreamUnsafe.epollInReady(AbstractEpollStreamChannel.java:801)
	at org.apache.ratis.thirdparty.io.netty.channel.epoll.EpollEventLoop.processReady(EpollEventLoop.java:501)
	at org.apache.ratis.thirdparty.io.netty.channel.epoll.EpollEventLoop.run(EpollEventLoop.java:399)
	at org.apache.ratis.thirdparty.io.netty.util.concurrent.SingleThreadEventExecutor$4.run(SingleThreadEventExecutor.java:997)
	at org.apache.ratis.thirdparty.io.netty.util.internal.ThreadExecutorMap$2.run(ThreadExecutorMap.java:74)
	at java.lang.Thread.run(Thread.java:750)
2024-12-14 12:26:07,705 WARN  leader.LogAppender (LogAppenderDefault.java:sendAppendEntriesWithRetries(85)) - s1@group-BFFFED5AA7A9->s10-LogAppenderDefault: Failed to appendEntries (retry=0)
org.apache.ratis.protocol.exceptions.GroupMismatchException: s10: group-BFFFED5AA7A9 not found.
	at org.apache.ratis.server.impl.RaftServerProxy$ImplMap.get(RaftServerProxy.java:156)
	at org.apache.ratis.server.impl.RaftServerProxy.getImplFuture(RaftServerProxy.java:366)
	at org.apache.ratis.server.impl.RaftServerProxy.getImpl(RaftServerProxy.java:375)
	at org.apache.ratis.server.impl.RaftServerProxy.getImpl(RaftServerProxy.java:370)
	at org.apache.ratis.server.impl.RaftServerProxy.appendEntries(RaftServerProxy.java:671)
	at org.apache.ratis.netty.server.NettyRpcService.handle(NettyRpcService.java:234)
	at org.apache.ratis.netty.server.NettyRpcService$InboundHandler.channelRead0(NettyRpcService.java:94)
	at org.apache.ratis.netty.server.NettyRpcService$InboundHandler.channelRead0(NettyRpcService.java:90)
	at org.apache.ratis.thirdparty.io.netty.channel.SimpleChannelInboundHandler.channelRead(SimpleChannelInboundHandler.java:99)
	at org.apache.ratis.thirdparty.io.netty.channel.AbstractChannelHandlerContext.invokeChannelRead(AbstractChannelHandlerContext.java:444)
	at org.apache.ratis.thirdparty.io.netty.channel.AbstractChannelHandlerContext.invokeChannelRead(AbstractChannelHandlerContext.java:420)
	at org.apache.ratis.thirdparty.io.netty.channel.AbstractChannelHandlerContext.fireChannelRead(AbstractChannelHandlerContext.java:412)
	at org.apache.ratis.thirdparty.io.netty.handler.codec.MessageToMessageDecoder.channelRead(MessageToMessageDecoder.java:103)
	at org.apache.ratis.thirdparty.io.netty.channel.AbstractChannelHandlerContext.invokeChannelRead(AbstractChannelHandlerContext.java:444)
	at org.apache.ratis.thirdparty.io.netty.channel.AbstractChannelHandlerContext.invokeChannelRead(AbstractChannelHandlerContext.java:420)
	at org.apache.ratis.thirdparty.io.netty.channel.AbstractChannelHandlerContext.fireChannelRead(AbstractChannelHandlerContext.java:412)
	at org.apache.ratis.thirdparty.io.netty.handler.codec.ByteToMessageDecoder.fireChannelRead(ByteToMessageDecoder.java:346)
	at org.apache.ratis.thirdparty.io.netty.handler.codec.ByteToMessageDecoder.channelRead(ByteToMessageDecoder.java:318)
	at org.apache.ratis.thirdparty.io.netty.channel.AbstractChannelHandlerContext.invokeChannelRead(AbstractChannelHandlerContext.java:444)
	at org.apache.ratis.thirdparty.io.netty.channel.AbstractChannelHandlerContext.invokeChannelRead(AbstractChannelHandlerContext.java:420)
	at org.apache.ratis.thirdparty.io.netty.channel.AbstractChannelHandlerContext.fireChannelRead(AbstractChannelHandlerContext.java:412)
	at org.apache.ratis.thirdparty.io.netty.channel.DefaultChannelPipeline$HeadContext.channelRead(DefaultChannelPipeline.java:1410)
	at org.apache.ratis.thirdparty.io.netty.channel.AbstractChannelHandlerContext.invokeChannelRead(AbstractChannelHandlerContext.java:440)
	at org.apache.ratis.thirdparty.io.netty.channel.AbstractChannelHandlerContext.invokeChannelRead(AbstractChannelHandlerContext.java:420)
	at org.apache.ratis.thirdparty.io.netty.channel.DefaultChannelPipeline.fireChannelRead(DefaultChannelPipeline.java:919)
	at org.apache.ratis.thirdparty.io.netty.channel.epoll.AbstractEpollStreamChannel$EpollStreamUnsafe.epollInReady(AbstractEpollStreamChannel.java:801)
	at org.apache.ratis.thirdparty.io.netty.channel.epoll.EpollEventLoop.processReady(EpollEventLoop.java:501)
	at org.apache.ratis.thirdparty.io.netty.channel.epoll.EpollEventLoop.run(EpollEventLoop.java:399)
	at org.apache.ratis.thirdparty.io.netty.util.concurrent.SingleThreadEventExecutor$4.run(SingleThreadEventExecutor.java:997)
	at org.apache.ratis.thirdparty.io.netty.util.internal.ThreadExecutorMap$2.run(ThreadExecutorMap.java:74)
	at java.lang.Thread.run(Thread.java:750)
2024-12-14 12:26:07,780 WARN  leader.LogAppender (LogAppenderDefault.java:sendAppendEntriesWithRetries(85)) - s1@group-BFFFED5AA7A9->s10-LogAppenderDefault: Failed to appendEntries (retry=0)
org.apache.ratis.protocol.exceptions.GroupMismatchException: s10: group-BFFFED5AA7A9 not found.
	at org.apache.ratis.server.impl.RaftServerProxy$ImplMap.get(RaftServerProxy.java:156)
	at org.apache.ratis.server.impl.RaftServerProxy.getImplFuture(RaftServerProxy.java:366)
	at org.apache.ratis.server.impl.RaftServerProxy.getImpl(RaftServerProxy.java:375)
	at org.apache.ratis.server.impl.RaftServerProxy.getImpl(RaftServerProxy.java:370)
	at org.apache.ratis.server.impl.RaftServerProxy.appendEntries(RaftServerProxy.java:671)
	at org.apache.ratis.netty.server.NettyRpcService.handle(NettyRpcService.java:234)
	at org.apache.ratis.netty.server.NettyRpcService$InboundHandler.channelRead0(NettyRpcService.java:94)
	at org.apache.ratis.netty.server.NettyRpcService$InboundHandler.channelRead0(NettyRpcService.java:90)
	at org.apache.ratis.thirdparty.io.netty.channel.SimpleChannelInboundHandler.channelRead(SimpleChannelInboundHandler.java:99)
	at org.apache.ratis.thirdparty.io.netty.channel.AbstractChannelHandlerContext.invokeChannelRead(AbstractChannelHandlerContext.java:444)
	at org.apache.ratis.thirdparty.io.netty.channel.AbstractChannelHandlerContext.invokeChannelRead(AbstractChannelHandlerContext.java:420)
	at org.apache.ratis.thirdparty.io.netty.channel.AbstractChannelHandlerContext.fireChannelRead(AbstractChannelHandlerContext.java:412)
	at org.apache.ratis.thirdparty.io.netty.handler.codec.MessageToMessageDecoder.channelRead(MessageToMessageDecoder.java:103)
	at org.apache.ratis.thirdparty.io.netty.channel.AbstractChannelHandlerContext.invokeChannelRead(AbstractChannelHandlerContext.java:444)
	at org.apache.ratis.thirdparty.io.netty.channel.AbstractChannelHandlerContext.invokeChannelRead(AbstractChannelHandlerContext.java:420)
	at org.apache.ratis.thirdparty.io.netty.channel.AbstractChannelHandlerContext.fireChannelRead(AbstractChannelHandlerContext.java:412)
	at org.apache.ratis.thirdparty.io.netty.handler.codec.ByteToMessageDecoder.fireChannelRead(ByteToMessageDecoder.java:346)
	at org.apache.ratis.thirdparty.io.netty.handler.codec.ByteToMessageDecoder.channelRead(ByteToMessageDecoder.java:318)
	at org.apache.ratis.thirdparty.io.netty.channel.AbstractChannelHandlerContext.invokeChannelRead(AbstractChannelHandlerContext.java:444)
	at org.apache.ratis.thirdparty.io.netty.channel.AbstractChannelHandlerContext.invokeChannelRead(AbstractChannelHandlerContext.java:420)
	at org.apache.ratis.thirdparty.io.netty.channel.AbstractChannelHandlerContext.fireChannelRead(AbstractChannelHandlerContext.java:412)
	at org.apache.ratis.thirdparty.io.netty.channel.DefaultChannelPipeline$HeadContext.channelRead(DefaultChannelPipeline.java:1410)
	at org.apache.ratis.thirdparty.io.netty.channel.AbstractChannelHandlerContext.invokeChannelRead(AbstractChannelHandlerContext.java:440)
	at org.apache.ratis.thirdparty.io.netty.channel.AbstractChannelHandlerContext.invokeChannelRead(AbstractChannelHandlerContext.java:420)
	at org.apache.ratis.thirdparty.io.netty.channel.DefaultChannelPipeline.fireChannelRead(DefaultChannelPipeline.java:919)
	at org.apache.ratis.thirdparty.io.netty.channel.epoll.AbstractEpollStreamChannel$EpollStreamUnsafe.epollInReady(AbstractEpollStreamChannel.java:801)
	at org.apache.ratis.thirdparty.io.netty.channel.epoll.EpollEventLoop.processReady(EpollEventLoop.java:501)
	at org.apache.ratis.thirdparty.io.netty.channel.epoll.EpollEventLoop.run(EpollEventLoop.java:399)
	at org.apache.ratis.thirdparty.io.netty.util.concurrent.SingleThreadEventExecutor$4.run(SingleThreadEventExecutor.java:997)
	at org.apache.ratis.thirdparty.io.netty.util.internal.ThreadExecutorMap$2.run(ThreadExecutorMap.java:74)
	at java.lang.Thread.run(Thread.java:750)
2024-12-14 12:26:07,781 WARN  leader.LogAppender (LogAppenderDefault.java:sendAppendEntriesWithRetries(85)) - s1@group-BFFFED5AA7A9->s0-LogAppenderDefault: Failed to appendEntries (retry=0)
org.apache.ratis.protocol.exceptions.GroupMismatchException: s0: group-BFFFED5AA7A9 not found.
	at org.apache.ratis.server.impl.RaftServerProxy$ImplMap.get(RaftServerProxy.java:156)
	at org.apache.ratis.server.impl.RaftServerProxy.getImplFuture(RaftServerProxy.java:366)
	at org.apache.ratis.server.impl.RaftServerProxy.getImpl(RaftServerProxy.java:375)
	at org.apache.ratis.server.impl.RaftServerProxy.getImpl(RaftServerProxy.java:370)
	at org.apache.ratis.server.impl.RaftServerProxy.appendEntries(RaftServerProxy.java:671)
	at org.apache.ratis.netty.server.NettyRpcService.handle(NettyRpcService.java:234)
	at org.apache.ratis.netty.server.NettyRpcService$InboundHandler.channelRead0(NettyRpcService.java:94)
	at org.apache.ratis.netty.server.NettyRpcService$InboundHandler.channelRead0(NettyRpcService.java:90)
	at org.apache.ratis.thirdparty.io.netty.channel.SimpleChannelInboundHandler.channelRead(SimpleChannelInboundHandler.java:99)
	at org.apache.ratis.thirdparty.io.netty.channel.AbstractChannelHandlerContext.invokeChannelRead(AbstractChannelHandlerContext.java:444)
	at org.apache.ratis.thirdparty.io.netty.channel.AbstractChannelHandlerContext.invokeChannelRead(AbstractChannelHandlerContext.java:420)
	at org.apache.ratis.thirdparty.io.netty.channel.AbstractChannelHandlerContext.fireChannelRead(AbstractChannelHandlerContext.java:412)
	at org.apache.ratis.thirdparty.io.netty.handler.codec.MessageToMessageDecoder.channelRead(MessageToMessageDecoder.java:103)
	at org.apache.ratis.thirdparty.io.netty.channel.AbstractChannelHandlerContext.invokeChannelRead(AbstractChannelHandlerContext.java:444)
	at org.apache.ratis.thirdparty.io.netty.channel.AbstractChannelHandlerContext.invokeChannelRead(AbstractChannelHandlerContext.java:420)
	at org.apache.ratis.thirdparty.io.netty.channel.AbstractChannelHandlerContext.fireChannelRead(AbstractChannelHandlerContext.java:412)
	at org.apache.ratis.thirdparty.io.netty.handler.codec.ByteToMessageDecoder.fireChannelRead(ByteToMessageDecoder.java:346)
	at org.apache.ratis.thirdparty.io.netty.handler.codec.ByteToMessageDecoder.channelRead(ByteToMessageDecoder.java:318)
	at org.apache.ratis.thirdparty.io.netty.channel.AbstractChannelHandlerContext.invokeChannelRead(AbstractChannelHandlerContext.java:444)
	at org.apache.ratis.thirdparty.io.netty.channel.AbstractChannelHandlerContext.invokeChannelRead(AbstractChannelHandlerContext.java:420)
	at org.apache.ratis.thirdparty.io.netty.channel.AbstractChannelHandlerContext.fireChannelRead(AbstractChannelHandlerContext.java:412)
	at org.apache.ratis.thirdparty.io.netty.channel.DefaultChannelPipeline$HeadContext.channelRead(DefaultChannelPipeline.java:1410)
	at org.apache.ratis.thirdparty.io.netty.channel.AbstractChannelHandlerContext.invokeChannelRead(AbstractChannelHandlerContext.java:440)
	at org.apache.ratis.thirdparty.io.netty.channel.AbstractChannelHandlerContext.invokeChannelRead(AbstractChannelHandlerContext.java:420)
	at org.apache.ratis.thirdparty.io.netty.channel.DefaultChannelPipeline.fireChannelRead(DefaultChannelPipeline.java:919)
	at org.apache.ratis.thirdparty.io.netty.channel.epoll.AbstractEpollStreamChannel$EpollStreamUnsafe.epollInReady(AbstractEpollStreamChannel.java:801)
	at org.apache.ratis.thirdparty.io.netty.channel.epoll.EpollEventLoop.processReady(EpollEventLoop.java:501)
	at org.apache.ratis.thirdparty.io.netty.channel.epoll.EpollEventLoop.run(EpollEventLoop.java:399)
	at org.apache.ratis.thirdparty.io.netty.util.concurrent.SingleThreadEventExecutor$4.run(SingleThreadEventExecutor.java:997)
	at org.apache.ratis.thirdparty.io.netty.util.internal.ThreadExecutorMap$2.run(ThreadExecutorMap.java:74)
	at java.lang.Thread.run(Thread.java:750)
2024-12-14 12:26:07,856 WARN  leader.LogAppender (LogAppenderDefault.java:sendAppendEntriesWithRetries(85)) - s1@group-BFFFED5AA7A9->s10-LogAppenderDefault: Failed to appendEntries (retry=0)
org.apache.ratis.protocol.exceptions.GroupMismatchException: s10: group-BFFFED5AA7A9 not found.
	at org.apache.ratis.server.impl.RaftServerProxy$ImplMap.get(RaftServerProxy.java:156)
	at org.apache.ratis.server.impl.RaftServerProxy.getImplFuture(RaftServerProxy.java:366)
	at org.apache.ratis.server.impl.RaftServerProxy.getImpl(RaftServerProxy.java:375)
	at org.apache.ratis.server.impl.RaftServerProxy.getImpl(RaftServerProxy.java:370)
	at org.apache.ratis.server.impl.RaftServerProxy.appendEntries(RaftServerProxy.java:671)
	at org.apache.ratis.netty.server.NettyRpcService.handle(NettyRpcService.java:234)
	at org.apache.ratis.netty.server.NettyRpcService$InboundHandler.channelRead0(NettyRpcService.java:94)
	at org.apache.ratis.netty.server.NettyRpcService$InboundHandler.channelRead0(NettyRpcService.java:90)
	at org.apache.ratis.thirdparty.io.netty.channel.SimpleChannelInboundHandler.channelRead(SimpleChannelInboundHandler.java:99)
	at org.apache.ratis.thirdparty.io.netty.channel.AbstractChannelHandlerContext.invokeChannelRead(AbstractChannelHandlerContext.java:444)
	at org.apache.ratis.thirdparty.io.netty.channel.AbstractChannelHandlerContext.invokeChannelRead(AbstractChannelHandlerContext.java:420)
	at org.apache.ratis.thirdparty.io.netty.channel.AbstractChannelHandlerContext.fireChannelRead(AbstractChannelHandlerContext.java:412)
	at org.apache.ratis.thirdparty.io.netty.handler.codec.MessageToMessageDecoder.channelRead(MessageToMessageDecoder.java:103)
	at org.apache.ratis.thirdparty.io.netty.channel.AbstractChannelHandlerContext.invokeChannelRead(AbstractChannelHandlerContext.java:444)
	at org.apache.ratis.thirdparty.io.netty.channel.AbstractChannelHandlerContext.invokeChannelRead(AbstractChannelHandlerContext.java:420)
	at org.apache.ratis.thirdparty.io.netty.channel.AbstractChannelHandlerContext.fireChannelRead(AbstractChannelHandlerContext.java:412)
	at org.apache.ratis.thirdparty.io.netty.handler.codec.ByteToMessageDecoder.fireChannelRead(ByteToMessageDecoder.java:346)
	at org.apache.ratis.thirdparty.io.netty.handler.codec.ByteToMessageDecoder.channelRead(ByteToMessageDecoder.java:318)
	at org.apache.ratis.thirdparty.io.netty.channel.AbstractChannelHandlerContext.invokeChannelRead(AbstractChannelHandlerContext.java:444)
	at org.apache.ratis.thirdparty.io.netty.channel.AbstractChannelHandlerContext.invokeChannelRead(AbstractChannelHandlerContext.java:420)
	at org.apache.ratis.thirdparty.io.netty.channel.AbstractChannelHandlerContext.fireChannelRead(AbstractChannelHandlerContext.java:412)
	at org.apache.ratis.thirdparty.io.netty.channel.DefaultChannelPipeline$HeadContext.channelRead(DefaultChannelPipeline.java:1410)
	at org.apache.ratis.thirdparty.io.netty.channel.AbstractChannelHandlerContext.invokeChannelRead(AbstractChannelHandlerContext.java:440)
	at org.apache.ratis.thirdparty.io.netty.channel.AbstractChannelHandlerContext.invokeChannelRead(AbstractChannelHandlerContext.java:420)
	at org.apache.ratis.thirdparty.io.netty.channel.DefaultChannelPipeline.fireChannelRead(DefaultChannelPipeline.java:919)
	at org.apache.ratis.thirdparty.io.netty.channel.epoll.AbstractEpollStreamChannel$EpollStreamUnsafe.epollInReady(AbstractEpollStreamChannel.java:801)
	at org.apache.ratis.thirdparty.io.netty.channel.epoll.EpollEventLoop.processReady(EpollEventLoop.java:501)
	at org.apache.ratis.thirdparty.io.netty.channel.epoll.EpollEventLoop.run(EpollEventLoop.java:399)
	at org.apache.ratis.thirdparty.io.netty.util.concurrent.SingleThreadEventExecutor$4.run(SingleThreadEventExecutor.java:997)
	at org.apache.ratis.thirdparty.io.netty.util.internal.ThreadExecutorMap$2.run(ThreadExecutorMap.java:74)
	at java.lang.Thread.run(Thread.java:750)
2024-12-14 12:26:07,856 WARN  leader.LogAppender (LogAppenderDefault.java:sendAppendEntriesWithRetries(85)) - s1@group-BFFFED5AA7A9->s0-LogAppenderDefault: Failed to appendEntries (retry=0)
org.apache.ratis.protocol.exceptions.GroupMismatchException: s0: group-BFFFED5AA7A9 not found.
	at org.apache.ratis.server.impl.RaftServerProxy$ImplMap.get(RaftServerProxy.java:156)
	at org.apache.ratis.server.impl.RaftServerProxy.getImplFuture(RaftServerProxy.java:366)
	at org.apache.ratis.server.impl.RaftServerProxy.getImpl(RaftServerProxy.java:375)
	at org.apache.ratis.server.impl.RaftServerProxy.getImpl(RaftServerProxy.java:370)
	at org.apache.ratis.server.impl.RaftServerProxy.appendEntries(RaftServerProxy.java:671)
	at org.apache.ratis.netty.server.NettyRpcService.handle(NettyRpcService.java:234)
	at org.apache.ratis.netty.server.NettyRpcService$InboundHandler.channelRead0(NettyRpcService.java:94)
	at org.apache.ratis.netty.server.NettyRpcService$InboundHandler.channelRead0(NettyRpcService.java:90)
	at org.apache.ratis.thirdparty.io.netty.channel.SimpleChannelInboundHandler.channelRead(SimpleChannelInboundHandler.java:99)
	at org.apache.ratis.thirdparty.io.netty.channel.AbstractChannelHandlerContext.invokeChannelRead(AbstractChannelHandlerContext.java:444)
	at org.apache.ratis.thirdparty.io.netty.channel.AbstractChannelHandlerContext.invokeChannelRead(AbstractChannelHandlerContext.java:420)
	at org.apache.ratis.thirdparty.io.netty.channel.AbstractChannelHandlerContext.fireChannelRead(AbstractChannelHandlerContext.java:412)
	at org.apache.ratis.thirdparty.io.netty.handler.codec.MessageToMessageDecoder.channelRead(MessageToMessageDecoder.java:103)
	at org.apache.ratis.thirdparty.io.netty.channel.AbstractChannelHandlerContext.invokeChannelRead(AbstractChannelHandlerContext.java:444)
	at org.apache.ratis.thirdparty.io.netty.channel.AbstractChannelHandlerContext.invokeChannelRead(AbstractChannelHandlerContext.java:420)
	at org.apache.ratis.thirdparty.io.netty.channel.AbstractChannelHandlerContext.fireChannelRead(AbstractChannelHandlerContext.java:412)
	at org.apache.ratis.thirdparty.io.netty.handler.codec.ByteToMessageDecoder.fireChannelRead(ByteToMessageDecoder.java:346)
	at org.apache.ratis.thirdparty.io.netty.handler.codec.ByteToMessageDecoder.channelRead(ByteToMessageDecoder.java:318)
	at org.apache.ratis.thirdparty.io.netty.channel.AbstractChannelHandlerContext.invokeChannelRead(AbstractChannelHandlerContext.java:444)
	at org.apache.ratis.thirdparty.io.netty.channel.AbstractChannelHandlerContext.invokeChannelRead(AbstractChannelHandlerContext.java:420)
	at org.apache.ratis.thirdparty.io.netty.channel.AbstractChannelHandlerContext.fireChannelRead(AbstractChannelHandlerContext.java:412)
	at org.apache.ratis.thirdparty.io.netty.channel.DefaultChannelPipeline$HeadContext.channelRead(DefaultChannelPipeline.java:1410)
	at org.apache.ratis.thirdparty.io.netty.channel.AbstractChannelHandlerContext.invokeChannelRead(AbstractChannelHandlerContext.java:440)
	at org.apache.ratis.thirdparty.io.netty.channel.AbstractChannelHandlerContext.invokeChannelRead(AbstractChannelHandlerContext.java:420)
	at org.apache.ratis.thirdparty.io.netty.channel.DefaultChannelPipeline.fireChannelRead(DefaultChannelPipeline.java:919)
	at org.apache.ratis.thirdparty.io.netty.channel.epoll.AbstractEpollStreamChannel$EpollStreamUnsafe.epollInReady(AbstractEpollStreamChannel.java:801)
	at org.apache.ratis.thirdparty.io.netty.channel.epoll.EpollEventLoop.processReady(EpollEventLoop.java:501)
	at org.apache.ratis.thirdparty.io.netty.channel.epoll.EpollEventLoop.run(EpollEventLoop.java:399)
	at org.apache.ratis.thirdparty.io.netty.util.concurrent.SingleThreadEventExecutor$4.run(SingleThreadEventExecutor.java:997)
	at org.apache.ratis.thirdparty.io.netty.util.internal.ThreadExecutorMap$2.run(ThreadExecutorMap.java:74)
	at java.lang.Thread.run(Thread.java:750)
2024-12-14 12:26:07,932 WARN  leader.LogAppender (LogAppenderDefault.java:sendAppendEntriesWithRetries(85)) - s1@group-BFFFED5AA7A9->s10-LogAppenderDefault: Failed to appendEntries (retry=0)
org.apache.ratis.protocol.exceptions.GroupMismatchException: s10: group-BFFFED5AA7A9 not found.
	at org.apache.ratis.server.impl.RaftServerProxy$ImplMap.get(RaftServerProxy.java:156)
	at org.apache.ratis.server.impl.RaftServerProxy.getImplFuture(RaftServerProxy.java:366)
	at org.apache.ratis.server.impl.RaftServerProxy.getImpl(RaftServerProxy.java:375)
	at org.apache.ratis.server.impl.RaftServerProxy.getImpl(RaftServerProxy.java:370)
	at org.apache.ratis.server.impl.RaftServerProxy.appendEntries(RaftServerProxy.java:671)
	at org.apache.ratis.netty.server.NettyRpcService.handle(NettyRpcService.java:234)
	at org.apache.ratis.netty.server.NettyRpcService$InboundHandler.channelRead0(NettyRpcService.java:94)
	at org.apache.ratis.netty.server.NettyRpcService$InboundHandler.channelRead0(NettyRpcService.java:90)
	at org.apache.ratis.thirdparty.io.netty.channel.SimpleChannelInboundHandler.channelRead(SimpleChannelInboundHandler.java:99)
	at org.apache.ratis.thirdparty.io.netty.channel.AbstractChannelHandlerContext.invokeChannelRead(AbstractChannelHandlerContext.java:444)
	at org.apache.ratis.thirdparty.io.netty.channel.AbstractChannelHandlerContext.invokeChannelRead(AbstractChannelHandlerContext.java:420)
	at org.apache.ratis.thirdparty.io.netty.channel.AbstractChannelHandlerContext.fireChannelRead(AbstractChannelHandlerContext.java:412)
	at org.apache.ratis.thirdparty.io.netty.handler.codec.MessageToMessageDecoder.channelRead(MessageToMessageDecoder.java:103)
	at org.apache.ratis.thirdparty.io.netty.channel.AbstractChannelHandlerContext.invokeChannelRead(AbstractChannelHandlerContext.java:444)
	at org.apache.ratis.thirdparty.io.netty.channel.AbstractChannelHandlerContext.invokeChannelRead(AbstractChannelHandlerContext.java:420)
	at org.apache.ratis.thirdparty.io.netty.channel.AbstractChannelHandlerContext.fireChannelRead(AbstractChannelHandlerContext.java:412)
	at org.apache.ratis.thirdparty.io.netty.handler.codec.ByteToMessageDecoder.fireChannelRead(ByteToMessageDecoder.java:346)
	at org.apache.ratis.thirdparty.io.netty.handler.codec.ByteToMessageDecoder.channelRead(ByteToMessageDecoder.java:318)
	at org.apache.ratis.thirdparty.io.netty.channel.AbstractChannelHandlerContext.invokeChannelRead(AbstractChannelHandlerContext.java:444)
	at org.apache.ratis.thirdparty.io.netty.channel.AbstractChannelHandlerContext.invokeChannelRead(AbstractChannelHandlerContext.java:420)
	at org.apache.ratis.thirdparty.io.netty.channel.AbstractChannelHandlerContext.fireChannelRead(AbstractChannelHandlerContext.java:412)
	at org.apache.ratis.thirdparty.io.netty.channel.DefaultChannelPipeline$HeadContext.channelRead(DefaultChannelPipeline.java:1410)
	at org.apache.ratis.thirdparty.io.netty.channel.AbstractChannelHandlerContext.invokeChannelRead(AbstractChannelHandlerContext.java:440)
	at org.apache.ratis.thirdparty.io.netty.channel.AbstractChannelHandlerContext.invokeChannelRead(AbstractChannelHandlerContext.java:420)
	at org.apache.ratis.thirdparty.io.netty.channel.DefaultChannelPipeline.fireChannelRead(DefaultChannelPipeline.java:919)
	at org.apache.ratis.thirdparty.io.netty.channel.epoll.AbstractEpollStreamChannel$EpollStreamUnsafe.epollInReady(AbstractEpollStreamChannel.java:801)
	at org.apache.ratis.thirdparty.io.netty.channel.epoll.EpollEventLoop.processReady(EpollEventLoop.java:501)
	at org.apache.ratis.thirdparty.io.netty.channel.epoll.EpollEventLoop.run(EpollEventLoop.java:399)
	at org.apache.ratis.thirdparty.io.netty.util.concurrent.SingleThreadEventExecutor$4.run(SingleThreadEventExecutor.java:997)
	at org.apache.ratis.thirdparty.io.netty.util.internal.ThreadExecutorMap$2.run(ThreadExecutorMap.java:74)
	at java.lang.Thread.run(Thread.java:750)
2024-12-14 12:26:07,932 WARN  leader.LogAppender (LogAppenderDefault.java:sendAppendEntriesWithRetries(85)) - s1@group-BFFFED5AA7A9->s0-LogAppenderDefault: Failed to appendEntries (retry=0)
org.apache.ratis.protocol.exceptions.GroupMismatchException: s0: group-BFFFED5AA7A9 not found.
	at org.apache.ratis.server.impl.RaftServerProxy$ImplMap.get(RaftServerProxy.java:156)
	at org.apache.ratis.server.impl.RaftServerProxy.getImplFuture(RaftServerProxy.java:366)
	at org.apache.ratis.server.impl.RaftServerProxy.getImpl(RaftServerProxy.java:375)
	at org.apache.ratis.server.impl.RaftServerProxy.getImpl(RaftServerProxy.java:370)
	at org.apache.ratis.server.impl.RaftServerProxy.appendEntries(RaftServerProxy.java:671)
	at org.apache.ratis.netty.server.NettyRpcService.handle(NettyRpcService.java:234)
	at org.apache.ratis.netty.server.NettyRpcService$InboundHandler.channelRead0(NettyRpcService.java:94)
	at org.apache.ratis.netty.server.NettyRpcService$InboundHandler.channelRead0(NettyRpcService.java:90)
	at org.apache.ratis.thirdparty.io.netty.channel.SimpleChannelInboundHandler.channelRead(SimpleChannelInboundHandler.java:99)
	at org.apache.ratis.thirdparty.io.netty.channel.AbstractChannelHandlerContext.invokeChannelRead(AbstractChannelHandlerContext.java:444)
	at org.apache.ratis.thirdparty.io.netty.channel.AbstractChannelHandlerContext.invokeChannelRead(AbstractChannelHandlerContext.java:420)
	at org.apache.ratis.thirdparty.io.netty.channel.AbstractChannelHandlerContext.fireChannelRead(AbstractChannelHandlerContext.java:412)
	at org.apache.ratis.thirdparty.io.netty.handler.codec.MessageToMessageDecoder.channelRead(MessageToMessageDecoder.java:103)
	at org.apache.ratis.thirdparty.io.netty.channel.AbstractChannelHandlerContext.invokeChannelRead(AbstractChannelHandlerContext.java:444)
	at org.apache.ratis.thirdparty.io.netty.channel.AbstractChannelHandlerContext.invokeChannelRead(AbstractChannelHandlerContext.java:420)
	at org.apache.ratis.thirdparty.io.netty.channel.AbstractChannelHandlerContext.fireChannelRead(AbstractChannelHandlerContext.java:412)
	at org.apache.ratis.thirdparty.io.netty.handler.codec.ByteToMessageDecoder.fireChannelRead(ByteToMessageDecoder.java:346)
	at org.apache.ratis.thirdparty.io.netty.handler.codec.ByteToMessageDecoder.channelRead(ByteToMessageDecoder.java:318)
	at org.apache.ratis.thirdparty.io.netty.channel.AbstractChannelHandlerContext.invokeChannelRead(AbstractChannelHandlerContext.java:444)
	at org.apache.ratis.thirdparty.io.netty.channel.AbstractChannelHandlerContext.invokeChannelRead(AbstractChannelHandlerContext.java:420)
	at org.apache.ratis.thirdparty.io.netty.channel.AbstractChannelHandlerContext.fireChannelRead(AbstractChannelHandlerContext.java:412)
	at org.apache.ratis.thirdparty.io.netty.channel.DefaultChannelPipeline$HeadContext.channelRead(DefaultChannelPipeline.java:1410)
	at org.apache.ratis.thirdparty.io.netty.channel.AbstractChannelHandlerContext.invokeChannelRead(AbstractChannelHandlerContext.java:440)
	at org.apache.ratis.thirdparty.io.netty.channel.AbstractChannelHandlerContext.invokeChannelRead(AbstractChannelHandlerContext.java:420)
	at org.apache.ratis.thirdparty.io.netty.channel.DefaultChannelPipeline.fireChannelRead(DefaultChannelPipeline.java:919)
	at org.apache.ratis.thirdparty.io.netty.channel.epoll.AbstractEpollStreamChannel$EpollStreamUnsafe.epollInReady(AbstractEpollStreamChannel.java:801)
	at org.apache.ratis.thirdparty.io.netty.channel.epoll.EpollEventLoop.processReady(EpollEventLoop.java:501)
	at org.apache.ratis.thirdparty.io.netty.channel.epoll.EpollEventLoop.run(EpollEventLoop.java:399)
	at org.apache.ratis.thirdparty.io.netty.util.concurrent.SingleThreadEventExecutor$4.run(SingleThreadEventExecutor.java:997)
	at org.apache.ratis.thirdparty.io.netty.util.internal.ThreadExecutorMap$2.run(ThreadExecutorMap.java:74)
	at java.lang.Thread.run(Thread.java:750)
2024-12-14 12:26:08,007 WARN  leader.LogAppender (LogAppenderDefault.java:sendAppendEntriesWithRetries(85)) - s1@group-BFFFED5AA7A9->s10-LogAppenderDefault: Failed to appendEntries (retry=0)
org.apache.ratis.protocol.exceptions.GroupMismatchException: s10: group-BFFFED5AA7A9 not found.
	at org.apache.ratis.server.impl.RaftServerProxy$ImplMap.get(RaftServerProxy.java:156)
	at org.apache.ratis.server.impl.RaftServerProxy.getImplFuture(RaftServerProxy.java:366)
	at org.apache.ratis.server.impl.RaftServerProxy.getImpl(RaftServerProxy.java:375)
	at org.apache.ratis.server.impl.RaftServerProxy.getImpl(RaftServerProxy.java:370)
	at org.apache.ratis.server.impl.RaftServerProxy.appendEntries(RaftServerProxy.java:671)
	at org.apache.ratis.netty.server.NettyRpcService.handle(NettyRpcService.java:234)
	at org.apache.ratis.netty.server.NettyRpcService$InboundHandler.channelRead0(NettyRpcService.java:94)
	at org.apache.ratis.netty.server.NettyRpcService$InboundHandler.channelRead0(NettyRpcService.java:90)
	at org.apache.ratis.thirdparty.io.netty.channel.SimpleChannelInboundHandler.channelRead(SimpleChannelInboundHandler.java:99)
	at org.apache.ratis.thirdparty.io.netty.channel.AbstractChannelHandlerContext.invokeChannelRead(AbstractChannelHandlerContext.java:444)
	at org.apache.ratis.thirdparty.io.netty.channel.AbstractChannelHandlerContext.invokeChannelRead(AbstractChannelHandlerContext.java:420)
	at org.apache.ratis.thirdparty.io.netty.channel.AbstractChannelHandlerContext.fireChannelRead(AbstractChannelHandlerContext.java:412)
	at org.apache.ratis.thirdparty.io.netty.handler.codec.MessageToMessageDecoder.channelRead(MessageToMessageDecoder.java:103)
	at org.apache.ratis.thirdparty.io.netty.channel.AbstractChannelHandlerContext.invokeChannelRead(AbstractChannelHandlerContext.java:444)
	at org.apache.ratis.thirdparty.io.netty.channel.AbstractChannelHandlerContext.invokeChannelRead(AbstractChannelHandlerContext.java:420)
	at org.apache.ratis.thirdparty.io.netty.channel.AbstractChannelHandlerContext.fireChannelRead(AbstractChannelHandlerContext.java:412)
	at org.apache.ratis.thirdparty.io.netty.handler.codec.ByteToMessageDecoder.fireChannelRead(ByteToMessageDecoder.java:346)
	at org.apache.ratis.thirdparty.io.netty.handler.codec.ByteToMessageDecoder.channelRead(ByteToMessageDecoder.java:318)
	at org.apache.ratis.thirdparty.io.netty.channel.AbstractChannelHandlerContext.invokeChannelRead(AbstractChannelHandlerContext.java:444)
	at org.apache.ratis.thirdparty.io.netty.channel.AbstractChannelHandlerContext.invokeChannelRead(AbstractChannelHandlerContext.java:420)
	at org.apache.ratis.thirdparty.io.netty.channel.AbstractChannelHandlerContext.fireChannelRead(AbstractChannelHandlerContext.java:412)
	at org.apache.ratis.thirdparty.io.netty.channel.DefaultChannelPipeline$HeadContext.channelRead(DefaultChannelPipeline.java:1410)
	at org.apache.ratis.thirdparty.io.netty.channel.AbstractChannelHandlerContext.invokeChannelRead(AbstractChannelHandlerContext.java:440)
	at org.apache.ratis.thirdparty.io.netty.channel.AbstractChannelHandlerContext.invokeChannelRead(AbstractChannelHandlerContext.java:420)
	at org.apache.ratis.thirdparty.io.netty.channel.DefaultChannelPipeline.fireChannelRead(DefaultChannelPipeline.java:919)
	at org.apache.ratis.thirdparty.io.netty.channel.epoll.AbstractEpollStreamChannel$EpollStreamUnsafe.epollInReady(AbstractEpollStreamChannel.java:801)
	at org.apache.ratis.thirdparty.io.netty.channel.epoll.EpollEventLoop.processReady(EpollEventLoop.java:501)
	at org.apache.ratis.thirdparty.io.netty.channel.epoll.EpollEventLoop.run(EpollEventLoop.java:399)
	at org.apache.ratis.thirdparty.io.netty.util.concurrent.SingleThreadEventExecutor$4.run(SingleThreadEventExecutor.java:997)
	at org.apache.ratis.thirdparty.io.netty.util.internal.ThreadExecutorMap$2.run(ThreadExecutorMap.java:74)
	at java.lang.Thread.run(Thread.java:750)
2024-12-14 12:26:08,007 WARN  leader.LogAppender (LogAppenderDefault.java:sendAppendEntriesWithRetries(85)) - s1@group-BFFFED5AA7A9->s0-LogAppenderDefault: Failed to appendEntries (retry=0)
org.apache.ratis.protocol.exceptions.GroupMismatchException: s0: group-BFFFED5AA7A9 not found.
	at org.apache.ratis.server.impl.RaftServerProxy$ImplMap.get(RaftServerProxy.java:156)
	at org.apache.ratis.server.impl.RaftServerProxy.getImplFuture(RaftServerProxy.java:366)
	at org.apache.ratis.server.impl.RaftServerProxy.getImpl(RaftServerProxy.java:375)
	at org.apache.ratis.server.impl.RaftServerProxy.getImpl(RaftServerProxy.java:370)
	at org.apache.ratis.server.impl.RaftServerProxy.appendEntries(RaftServerProxy.java:671)
	at org.apache.ratis.netty.server.NettyRpcService.handle(NettyRpcService.java:234)
	at org.apache.ratis.netty.server.NettyRpcService$InboundHandler.channelRead0(NettyRpcService.java:94)
	at org.apache.ratis.netty.server.NettyRpcService$InboundHandler.channelRead0(NettyRpcService.java:90)
	at org.apache.ratis.thirdparty.io.netty.channel.SimpleChannelInboundHandler.channelRead(SimpleChannelInboundHandler.java:99)
	at org.apache.ratis.thirdparty.io.netty.channel.AbstractChannelHandlerContext.invokeChannelRead(AbstractChannelHandlerContext.java:444)
	at org.apache.ratis.thirdparty.io.netty.channel.AbstractChannelHandlerContext.invokeChannelRead(AbstractChannelHandlerContext.java:420)
	at org.apache.ratis.thirdparty.io.netty.channel.AbstractChannelHandlerContext.fireChannelRead(AbstractChannelHandlerContext.java:412)
	at org.apache.ratis.thirdparty.io.netty.handler.codec.MessageToMessageDecoder.channelRead(MessageToMessageDecoder.java:103)
	at org.apache.ratis.thirdparty.io.netty.channel.AbstractChannelHandlerContext.invokeChannelRead(AbstractChannelHandlerContext.java:444)
	at org.apache.ratis.thirdparty.io.netty.channel.AbstractChannelHandlerContext.invokeChannelRead(AbstractChannelHandlerContext.java:420)
	at org.apache.ratis.thirdparty.io.netty.channel.AbstractChannelHandlerContext.fireChannelRead(AbstractChannelHandlerContext.java:412)
	at org.apache.ratis.thirdparty.io.netty.handler.codec.ByteToMessageDecoder.fireChannelRead(ByteToMessageDecoder.java:346)
	at org.apache.ratis.thirdparty.io.netty.handler.codec.ByteToMessageDecoder.channelRead(ByteToMessageDecoder.java:318)
	at org.apache.ratis.thirdparty.io.netty.channel.AbstractChannelHandlerContext.invokeChannelRead(AbstractChannelHandlerContext.java:444)
	at org.apache.ratis.thirdparty.io.netty.channel.AbstractChannelHandlerContext.invokeChannelRead(AbstractChannelHandlerContext.java:420)
	at org.apache.ratis.thirdparty.io.netty.channel.AbstractChannelHandlerContext.fireChannelRead(AbstractChannelHandlerContext.java:412)
	at org.apache.ratis.thirdparty.io.netty.channel.DefaultChannelPipeline$HeadContext.channelRead(DefaultChannelPipeline.java:1410)
	at org.apache.ratis.thirdparty.io.netty.channel.AbstractChannelHandlerContext.invokeChannelRead(AbstractChannelHandlerContext.java:440)
	at org.apache.ratis.thirdparty.io.netty.channel.AbstractChannelHandlerContext.invokeChannelRead(AbstractChannelHandlerContext.java:420)
	at org.apache.ratis.thirdparty.io.netty.channel.DefaultChannelPipeline.fireChannelRead(DefaultChannelPipeline.java:919)
	at org.apache.ratis.thirdparty.io.netty.channel.epoll.AbstractEpollStreamChannel$EpollStreamUnsafe.epollInReady(AbstractEpollStreamChannel.java:801)
	at org.apache.ratis.thirdparty.io.netty.channel.epoll.EpollEventLoop.processReady(EpollEventLoop.java:501)
	at org.apache.ratis.thirdparty.io.netty.channel.epoll.EpollEventLoop.run(EpollEventLoop.java:399)
	at org.apache.ratis.thirdparty.io.netty.util.concurrent.SingleThreadEventExecutor$4.run(SingleThreadEventExecutor.java:997)
	at org.apache.ratis.thirdparty.io.netty.util.internal.ThreadExecutorMap$2.run(ThreadExecutorMap.java:74)
	at java.lang.Thread.run(Thread.java:750)
2024-12-14 12:26:08,083 WARN  leader.LogAppender (LogAppenderDefault.java:sendAppendEntriesWithRetries(85)) - s1@group-BFFFED5AA7A9->s10-LogAppenderDefault: Failed to appendEntries (retry=0)
org.apache.ratis.protocol.exceptions.GroupMismatchException: s10: group-BFFFED5AA7A9 not found.
	at org.apache.ratis.server.impl.RaftServerProxy$ImplMap.get(RaftServerProxy.java:156)
	at org.apache.ratis.server.impl.RaftServerProxy.getImplFuture(RaftServerProxy.java:366)
	at org.apache.ratis.server.impl.RaftServerProxy.getImpl(RaftServerProxy.java:375)
	at org.apache.ratis.server.impl.RaftServerProxy.getImpl(RaftServerProxy.java:370)
	at org.apache.ratis.server.impl.RaftServerProxy.appendEntries(RaftServerProxy.java:671)
	at org.apache.ratis.netty.server.NettyRpcService.handle(NettyRpcService.java:234)
	at org.apache.ratis.netty.server.NettyRpcService$InboundHandler.channelRead0(NettyRpcService.java:94)
	at org.apache.ratis.netty.server.NettyRpcService$InboundHandler.channelRead0(NettyRpcService.java:90)
	at org.apache.ratis.thirdparty.io.netty.channel.SimpleChannelInboundHandler.channelRead(SimpleChannelInboundHandler.java:99)
	at org.apache.ratis.thirdparty.io.netty.channel.AbstractChannelHandlerContext.invokeChannelRead(AbstractChannelHandlerContext.java:444)
	at org.apache.ratis.thirdparty.io.netty.channel.AbstractChannelHandlerContext.invokeChannelRead(AbstractChannelHandlerContext.java:420)
	at org.apache.ratis.thirdparty.io.netty.channel.AbstractChannelHandlerContext.fireChannelRead(AbstractChannelHandlerContext.java:412)
	at org.apache.ratis.thirdparty.io.netty.handler.codec.MessageToMessageDecoder.channelRead(MessageToMessageDecoder.java:103)
	at org.apache.ratis.thirdparty.io.netty.channel.AbstractChannelHandlerContext.invokeChannelRead(AbstractChannelHandlerContext.java:444)
	at org.apache.ratis.thirdparty.io.netty.channel.AbstractChannelHandlerContext.invokeChannelRead(AbstractChannelHandlerContext.java:420)
	at org.apache.ratis.thirdparty.io.netty.channel.AbstractChannelHandlerContext.fireChannelRead(AbstractChannelHandlerContext.java:412)
	at org.apache.ratis.thirdparty.io.netty.handler.codec.ByteToMessageDecoder.fireChannelRead(ByteToMessageDecoder.java:346)
	at org.apache.ratis.thirdparty.io.netty.handler.codec.ByteToMessageDecoder.channelRead(ByteToMessageDecoder.java:318)
	at org.apache.ratis.thirdparty.io.netty.channel.AbstractChannelHandlerContext.invokeChannelRead(AbstractChannelHandlerContext.java:444)
	at org.apache.ratis.thirdparty.io.netty.channel.AbstractChannelHandlerContext.invokeChannelRead(AbstractChannelHandlerContext.java:420)
	at org.apache.ratis.thirdparty.io.netty.channel.AbstractChannelHandlerContext.fireChannelRead(AbstractChannelHandlerContext.java:412)
	at org.apache.ratis.thirdparty.io.netty.channel.DefaultChannelPipeline$HeadContext.channelRead(DefaultChannelPipeline.java:1410)
	at org.apache.ratis.thirdparty.io.netty.channel.AbstractChannelHandlerContext.invokeChannelRead(AbstractChannelHandlerContext.java:440)
	at org.apache.ratis.thirdparty.io.netty.channel.AbstractChannelHandlerContext.invokeChannelRead(AbstractChannelHandlerContext.java:420)
	at org.apache.ratis.thirdparty.io.netty.channel.DefaultChannelPipeline.fireChannelRead(DefaultChannelPipeline.java:919)
	at org.apache.ratis.thirdparty.io.netty.channel.epoll.AbstractEpollStreamChannel$EpollStreamUnsafe.epollInReady(AbstractEpollStreamChannel.java:801)
	at org.apache.ratis.thirdparty.io.netty.channel.epoll.EpollEventLoop.processReady(EpollEventLoop.java:501)
	at org.apache.ratis.thirdparty.io.netty.channel.epoll.EpollEventLoop.run(EpollEventLoop.java:399)
	at org.apache.ratis.thirdparty.io.netty.util.concurrent.SingleThreadEventExecutor$4.run(SingleThreadEventExecutor.java:997)
	at org.apache.ratis.thirdparty.io.netty.util.internal.ThreadExecutorMap$2.run(ThreadExecutorMap.java:74)
	at java.lang.Thread.run(Thread.java:750)
2024-12-14 12:26:08,083 WARN  leader.LogAppender (LogAppenderDefault.java:sendAppendEntriesWithRetries(85)) - s1@group-BFFFED5AA7A9->s0-LogAppenderDefault: Failed to appendEntries (retry=0)
org.apache.ratis.protocol.exceptions.GroupMismatchException: s0: group-BFFFED5AA7A9 not found.
	at org.apache.ratis.server.impl.RaftServerProxy$ImplMap.get(RaftServerProxy.java:156)
	at org.apache.ratis.server.impl.RaftServerProxy.getImplFuture(RaftServerProxy.java:366)
	at org.apache.ratis.server.impl.RaftServerProxy.getImpl(RaftServerProxy.java:375)
	at org.apache.ratis.server.impl.RaftServerProxy.getImpl(RaftServerProxy.java:370)
	at org.apache.ratis.server.impl.RaftServerProxy.appendEntries(RaftServerProxy.java:671)
	at org.apache.ratis.netty.server.NettyRpcService.handle(NettyRpcService.java:234)
	at org.apache.ratis.netty.server.NettyRpcService$InboundHandler.channelRead0(NettyRpcService.java:94)
	at org.apache.ratis.netty.server.NettyRpcService$InboundHandler.channelRead0(NettyRpcService.java:90)
	at org.apache.ratis.thirdparty.io.netty.channel.SimpleChannelInboundHandler.channelRead(SimpleChannelInboundHandler.java:99)
	at org.apache.ratis.thirdparty.io.netty.channel.AbstractChannelHandlerContext.invokeChannelRead(AbstractChannelHandlerContext.java:444)
	at org.apache.ratis.thirdparty.io.netty.channel.AbstractChannelHandlerContext.invokeChannelRead(AbstractChannelHandlerContext.java:420)
	at org.apache.ratis.thirdparty.io.netty.channel.AbstractChannelHandlerContext.fireChannelRead(AbstractChannelHandlerContext.java:412)
	at org.apache.ratis.thirdparty.io.netty.handler.codec.MessageToMessageDecoder.channelRead(MessageToMessageDecoder.java:103)
	at org.apache.ratis.thirdparty.io.netty.channel.AbstractChannelHandlerContext.invokeChannelRead(AbstractChannelHandlerContext.java:444)
	at org.apache.ratis.thirdparty.io.netty.channel.AbstractChannelHandlerContext.invokeChannelRead(AbstractChannelHandlerContext.java:420)
	at org.apache.ratis.thirdparty.io.netty.channel.AbstractChannelHandlerContext.fireChannelRead(AbstractChannelHandlerContext.java:412)
	at org.apache.ratis.thirdparty.io.netty.handler.codec.ByteToMessageDecoder.fireChannelRead(ByteToMessageDecoder.java:346)
	at org.apache.ratis.thirdparty.io.netty.handler.codec.ByteToMessageDecoder.channelRead(ByteToMessageDecoder.java:318)
	at org.apache.ratis.thirdparty.io.netty.channel.AbstractChannelHandlerContext.invokeChannelRead(AbstractChannelHandlerContext.java:444)
	at org.apache.ratis.thirdparty.io.netty.channel.AbstractChannelHandlerContext.invokeChannelRead(AbstractChannelHandlerContext.java:420)
	at org.apache.ratis.thirdparty.io.netty.channel.AbstractChannelHandlerContext.fireChannelRead(AbstractChannelHandlerContext.java:412)
	at org.apache.ratis.thirdparty.io.netty.channel.DefaultChannelPipeline$HeadContext.channelRead(DefaultChannelPipeline.java:1410)
	at org.apache.ratis.thirdparty.io.netty.channel.AbstractChannelHandlerContext.invokeChannelRead(AbstractChannelHandlerContext.java:440)
	at org.apache.ratis.thirdparty.io.netty.channel.AbstractChannelHandlerContext.invokeChannelRead(AbstractChannelHandlerContext.java:420)
	at org.apache.ratis.thirdparty.io.netty.channel.DefaultChannelPipeline.fireChannelRead(DefaultChannelPipeline.java:919)
	at org.apache.ratis.thirdparty.io.netty.channel.epoll.AbstractEpollStreamChannel$EpollStreamUnsafe.epollInReady(AbstractEpollStreamChannel.java:801)
	at org.apache.ratis.thirdparty.io.netty.channel.epoll.EpollEventLoop.processReady(EpollEventLoop.java:501)
	at org.apache.ratis.thirdparty.io.netty.channel.epoll.EpollEventLoop.run(EpollEventLoop.java:399)
	at org.apache.ratis.thirdparty.io.netty.util.concurrent.SingleThreadEventExecutor$4.run(SingleThreadEventExecutor.java:997)
	at org.apache.ratis.thirdparty.io.netty.util.internal.ThreadExecutorMap$2.run(ThreadExecutorMap.java:74)
	at java.lang.Thread.run(Thread.java:750)
2024-12-14 12:26:08,160 WARN  leader.LogAppender (LogAppenderDefault.java:sendAppendEntriesWithRetries(85)) - s1@group-BFFFED5AA7A9->s10-LogAppenderDefault: Failed to appendEntries (retry=0)
org.apache.ratis.protocol.exceptions.GroupMismatchException: s10: group-BFFFED5AA7A9 not found.
	at org.apache.ratis.server.impl.RaftServerProxy$ImplMap.get(RaftServerProxy.java:156)
	at org.apache.ratis.server.impl.RaftServerProxy.getImplFuture(RaftServerProxy.java:366)
	at org.apache.ratis.server.impl.RaftServerProxy.getImpl(RaftServerProxy.java:375)
	at org.apache.ratis.server.impl.RaftServerProxy.getImpl(RaftServerProxy.java:370)
	at org.apache.ratis.server.impl.RaftServerProxy.appendEntries(RaftServerProxy.java:671)
	at org.apache.ratis.netty.server.NettyRpcService.handle(NettyRpcService.java:234)
	at org.apache.ratis.netty.server.NettyRpcService$InboundHandler.channelRead0(NettyRpcService.java:94)
	at org.apache.ratis.netty.server.NettyRpcService$InboundHandler.channelRead0(NettyRpcService.java:90)
	at org.apache.ratis.thirdparty.io.netty.channel.SimpleChannelInboundHandler.channelRead(SimpleChannelInboundHandler.java:99)
	at org.apache.ratis.thirdparty.io.netty.channel.AbstractChannelHandlerContext.invokeChannelRead(AbstractChannelHandlerContext.java:444)
	at org.apache.ratis.thirdparty.io.netty.channel.AbstractChannelHandlerContext.invokeChannelRead(AbstractChannelHandlerContext.java:420)
	at org.apache.ratis.thirdparty.io.netty.channel.AbstractChannelHandlerContext.fireChannelRead(AbstractChannelHandlerContext.java:412)
	at org.apache.ratis.thirdparty.io.netty.handler.codec.MessageToMessageDecoder.channelRead(MessageToMessageDecoder.java:103)
	at org.apache.ratis.thirdparty.io.netty.channel.AbstractChannelHandlerContext.invokeChannelRead(AbstractChannelHandlerContext.java:444)
	at org.apache.ratis.thirdparty.io.netty.channel.AbstractChannelHandlerContext.invokeChannelRead(AbstractChannelHandlerContext.java:420)
	at org.apache.ratis.thirdparty.io.netty.channel.AbstractChannelHandlerContext.fireChannelRead(AbstractChannelHandlerContext.java:412)
	at org.apache.ratis.thirdparty.io.netty.handler.codec.ByteToMessageDecoder.fireChannelRead(ByteToMessageDecoder.java:346)
	at org.apache.ratis.thirdparty.io.netty.handler.codec.ByteToMessageDecoder.channelRead(ByteToMessageDecoder.java:318)
	at org.apache.ratis.thirdparty.io.netty.channel.AbstractChannelHandlerContext.invokeChannelRead(AbstractChannelHandlerContext.java:444)
	at org.apache.ratis.thirdparty.io.netty.channel.AbstractChannelHandlerContext.invokeChannelRead(AbstractChannelHandlerContext.java:420)
	at org.apache.ratis.thirdparty.io.netty.channel.AbstractChannelHandlerContext.fireChannelRead(AbstractChannelHandlerContext.java:412)
	at org.apache.ratis.thirdparty.io.netty.channel.DefaultChannelPipeline$HeadContext.channelRead(DefaultChannelPipeline.java:1410)
	at org.apache.ratis.thirdparty.io.netty.channel.AbstractChannelHandlerContext.invokeChannelRead(AbstractChannelHandlerContext.java:440)
	at org.apache.ratis.thirdparty.io.netty.channel.AbstractChannelHandlerContext.invokeChannelRead(AbstractChannelHandlerContext.java:420)
	at org.apache.ratis.thirdparty.io.netty.channel.DefaultChannelPipeline.fireChannelRead(DefaultChannelPipeline.java:919)
	at org.apache.ratis.thirdparty.io.netty.channel.epoll.AbstractEpollStreamChannel$EpollStreamUnsafe.epollInReady(AbstractEpollStreamChannel.java:801)
	at org.apache.ratis.thirdparty.io.netty.channel.epoll.EpollEventLoop.processReady(EpollEventLoop.java:501)
	at org.apache.ratis.thirdparty.io.netty.channel.epoll.EpollEventLoop.run(EpollEventLoop.java:399)
	at org.apache.ratis.thirdparty.io.netty.util.concurrent.SingleThreadEventExecutor$4.run(SingleThreadEventExecutor.java:997)
	at org.apache.ratis.thirdparty.io.netty.util.internal.ThreadExecutorMap$2.run(ThreadExecutorMap.java:74)
	at java.lang.Thread.run(Thread.java:750)
2024-12-14 12:26:08,160 WARN  leader.LogAppender (LogAppenderDefault.java:sendAppendEntriesWithRetries(85)) - s1@group-BFFFED5AA7A9->s0-LogAppenderDefault: Failed to appendEntries (retry=0)
org.apache.ratis.protocol.exceptions.GroupMismatchException: s0: group-BFFFED5AA7A9 not found.
	at org.apache.ratis.server.impl.RaftServerProxy$ImplMap.get(RaftServerProxy.java:156)
	at org.apache.ratis.server.impl.RaftServerProxy.getImplFuture(RaftServerProxy.java:366)
	at org.apache.ratis.server.impl.RaftServerProxy.getImpl(RaftServerProxy.java:375)
	at org.apache.ratis.server.impl.RaftServerProxy.getImpl(RaftServerProxy.java:370)
	at org.apache.ratis.server.impl.RaftServerProxy.appendEntries(RaftServerProxy.java:671)
	at org.apache.ratis.netty.server.NettyRpcService.handle(NettyRpcService.java:234)
	at org.apache.ratis.netty.server.NettyRpcService$InboundHandler.channelRead0(NettyRpcService.java:94)
	at org.apache.ratis.netty.server.NettyRpcService$InboundHandler.channelRead0(NettyRpcService.java:90)
	at org.apache.ratis.thirdparty.io.netty.channel.SimpleChannelInboundHandler.channelRead(SimpleChannelInboundHandler.java:99)
	at org.apache.ratis.thirdparty.io.netty.channel.AbstractChannelHandlerContext.invokeChannelRead(AbstractChannelHandlerContext.java:444)
	at org.apache.ratis.thirdparty.io.netty.channel.AbstractChannelHandlerContext.invokeChannelRead(AbstractChannelHandlerContext.java:420)
	at org.apache.ratis.thirdparty.io.netty.channel.AbstractChannelHandlerContext.fireChannelRead(AbstractChannelHandlerContext.java:412)
	at org.apache.ratis.thirdparty.io.netty.handler.codec.MessageToMessageDecoder.channelRead(MessageToMessageDecoder.java:103)
	at org.apache.ratis.thirdparty.io.netty.channel.AbstractChannelHandlerContext.invokeChannelRead(AbstractChannelHandlerContext.java:444)
	at org.apache.ratis.thirdparty.io.netty.channel.AbstractChannelHandlerContext.invokeChannelRead(AbstractChannelHandlerContext.java:420)
	at org.apache.ratis.thirdparty.io.netty.channel.AbstractChannelHandlerContext.fireChannelRead(AbstractChannelHandlerContext.java:412)
	at org.apache.ratis.thirdparty.io.netty.handler.codec.ByteToMessageDecoder.fireChannelRead(ByteToMessageDecoder.java:346)
	at org.apache.ratis.thirdparty.io.netty.handler.codec.ByteToMessageDecoder.channelRead(ByteToMessageDecoder.java:318)
	at org.apache.ratis.thirdparty.io.netty.channel.AbstractChannelHandlerContext.invokeChannelRead(AbstractChannelHandlerContext.java:444)
	at org.apache.ratis.thirdparty.io.netty.channel.AbstractChannelHandlerContext.invokeChannelRead(AbstractChannelHandlerContext.java:420)
	at org.apache.ratis.thirdparty.io.netty.channel.AbstractChannelHandlerContext.fireChannelRead(AbstractChannelHandlerContext.java:412)
	at org.apache.ratis.thirdparty.io.netty.channel.DefaultChannelPipeline$HeadContext.channelRead(DefaultChannelPipeline.java:1410)
	at org.apache.ratis.thirdparty.io.netty.channel.AbstractChannelHandlerContext.invokeChannelRead(AbstractChannelHandlerContext.java:440)
	at org.apache.ratis.thirdparty.io.netty.channel.AbstractChannelHandlerContext.invokeChannelRead(AbstractChannelHandlerContext.java:420)
	at org.apache.ratis.thirdparty.io.netty.channel.DefaultChannelPipeline.fireChannelRead(DefaultChannelPipeline.java:919)
	at org.apache.ratis.thirdparty.io.netty.channel.epoll.AbstractEpollStreamChannel$EpollStreamUnsafe.epollInReady(AbstractEpollStreamChannel.java:801)
	at org.apache.ratis.thirdparty.io.netty.channel.epoll.EpollEventLoop.processReady(EpollEventLoop.java:501)
	at org.apache.ratis.thirdparty.io.netty.channel.epoll.EpollEventLoop.run(EpollEventLoop.java:399)
	at org.apache.ratis.thirdparty.io.netty.util.concurrent.SingleThreadEventExecutor$4.run(SingleThreadEventExecutor.java:997)
	at org.apache.ratis.thirdparty.io.netty.util.internal.ThreadExecutorMap$2.run(ThreadExecutorMap.java:74)
	at java.lang.Thread.run(Thread.java:750)
2024-12-14 12:26:08,200 INFO  segmented.SegmentedRaftLogWorker (SegmentedRaftLogWorker.java:close(254)) - s0@group-BFFFED5AA7A9-SegmentedRaftLogWorker close()
2024-12-14 12:26:08,200 WARN  server.RaftServer$Division (LeaderStateImpl.java:checkLeadership(1117)) - s1@group-BFFFED5AA7A9-LeaderStateImpl: Lost leadership on term: 1. Election timeout: 600ms. In charge for: 6726ms. Conf: conf: {index: 0, cur=peers:[s10|0.0.0.0:15025, s0|0.0.0.0:15015, s1|0.0.0.0:15016]|listeners:[], old=null}
2024-12-14 12:26:08,200 INFO  raftlog.RaftLog (SegmentedRaftLog.java:close(576)) - Successfully closed s0@group-BFFFED5AA7A9-SegmentedRaftLog:CLOSED:c120
2024-12-14 12:26:08,200 WARN  server.RaftServer$Division (LeaderStateImpl.java:lambda$checkLeadership$20(1121)) - Follower s1@group-BFFFED5AA7A9->s10(c120,m120,n121, caughtUp=true, lastRpcSendTime=42, lastRpcResponseTime=1327)
2024-12-14 12:26:08,200 WARN  server.RaftServer$Division (LeaderStateImpl.java:lambda$checkLeadership$20(1121)) - Follower s1@group-BFFFED5AA7A9->s0(c120,m120,n121, caughtUp=true, lastRpcSendTime=42, lastRpcResponseTime=1025)
2024-12-14 12:26:08,200 INFO  server.RaftServer$Division (RaftServerImpl.java:setRole(379)) - s1@group-BFFFED5AA7A9: changes role from    LEADER to FOLLOWER at term 1 for StepDownReason:LOST_MAJORITY_HEARTBEATS
2024-12-14 12:26:08,200 TRACE util.FileUtils (FileUtils.java:deleteFully(307)) - deleteFully /home/runner/work/ratis/ratis/ratis-examples/target/test/data/da5193cb/MiniRaftClusterWithNetty71855ece/s0/b2a16b91-213d-439c-9f8d-bfffed5aa7a9
2024-12-14 12:26:08,200 INFO  impl.RoleInfo (RoleInfo.java:shutdownLeaderState(103)) - s1: shutdown s1@group-BFFFED5AA7A9-LeaderStateImpl
2024-12-14 12:26:08,201 INFO  leader.LogAppenderDaemon (LogAppenderDaemon.java:run(85)) - s1@group-BFFFED5AA7A9->s0-LogAppenderDefault-LogAppenderDaemon was interrupted: java.lang.InterruptedException
2024-12-14 12:26:08,201 INFO  impl.PendingRequests (PendingRequests.java:sendNotLeaderResponses(287)) - s1@group-BFFFED5AA7A9-PendingRequests: sendNotLeaderResponses
2024-12-14 12:26:08,201 INFO  leader.LogAppenderDaemon (LogAppenderDaemon.java:run(85)) - s1@group-BFFFED5AA7A9->s10-LogAppenderDefault-LogAppenderDaemon was interrupted: java.lang.InterruptedException
2024-12-14 12:26:08,201 TRACE util.FileUtils (LogUtils.java:runAndLog(49)) - Successfully ran Files.delete /home/runner/work/ratis/ratis/ratis-examples/target/test/data/da5193cb/MiniRaftClusterWithNetty71855ece/s0/b2a16b91-213d-439c-9f8d-bfffed5aa7a9/current/raft-meta.conf
2024-12-14 12:26:08,201 TRACE util.FileUtils (LogUtils.java:runAndLog(49)) - Successfully ran Files.delete /home/runner/work/ratis/ratis/ratis-examples/target/test/data/da5193cb/MiniRaftClusterWithNetty71855ece/s0/b2a16b91-213d-439c-9f8d-bfffed5aa7a9/current/log_inprogress_0
2024-12-14 12:26:08,201 INFO  server.RaftServer$Division (ServerState.java:setLeader(272)) - s1@group-BFFFED5AA7A9: change Leader from s1 to null at term 1 for StepDownReason:LOST_MAJORITY_HEARTBEATS
2024-12-14 12:26:08,201 TRACE util.FileUtils (LogUtils.java:runAndLog(49)) - Successfully ran Files.delete /home/runner/work/ratis/ratis/ratis-examples/target/test/data/da5193cb/MiniRaftClusterWithNetty71855ece/s0/b2a16b91-213d-439c-9f8d-bfffed5aa7a9/current/raft-meta
2024-12-14 12:26:08,201 INFO  impl.RoleInfo (RoleInfo.java:updateAndGet(148)) - s1: start s1@group-BFFFED5AA7A9-FollowerState
2024-12-14 12:26:08,202 TRACE util.FileUtils (LogUtils.java:runAndLog(49)) - Successfully ran Files.delete /home/runner/work/ratis/ratis/ratis-examples/target/test/data/da5193cb/MiniRaftClusterWithNetty71855ece/s0/b2a16b91-213d-439c-9f8d-bfffed5aa7a9/current
2024-12-14 12:26:08,202 TRACE util.FileUtils (LogUtils.java:runAndLog(49)) - Successfully ran Files.delete /home/runner/work/ratis/ratis/ratis-examples/target/test/data/da5193cb/MiniRaftClusterWithNetty71855ece/s0/b2a16b91-213d-439c-9f8d-bfffed5aa7a9/in_use.lock
2024-12-14 12:26:08,202 TRACE util.FileUtils (LogUtils.java:runAndLog(49)) - Successfully ran Files.delete /home/runner/work/ratis/ratis/ratis-examples/target/test/data/da5193cb/MiniRaftClusterWithNetty71855ece/s0/b2a16b91-213d-439c-9f8d-bfffed5aa7a9/sm
2024-12-14 12:26:08,202 TRACE util.FileUtils (LogUtils.java:runAndLog(49)) - Successfully ran Files.delete /home/runner/work/ratis/ratis/ratis-examples/target/test/data/da5193cb/MiniRaftClusterWithNetty71855ece/s0/b2a16b91-213d-439c-9f8d-bfffed5aa7a9
2024-12-14 12:26:08,202 INFO  server.RaftServer$Division (RaftServerImpl.java:groupRemove(484)) - s0@group-BFFFED5AA7A9: Succeed to remove RaftStorageDirectory Storage Directory /home/runner/work/ratis/ratis/ratis-examples/target/test/data/da5193cb/MiniRaftClusterWithNetty71855ece/s0/b2a16b91-213d-439c-9f8d-bfffed5aa7a9
2024-12-14 12:26:08,205 INFO  netty.NettyUtils (NettyUtils.java:newEventLoopGroup(74)) - Create EpollEventLoopGroup for client-BC3B1FEEFDAC; Thread size is 0.
2024-12-14 12:26:08,206 INFO  logging.LoggingHandler (AbstractInternalLogger.java:log(148)) - [id: 0x356557ed, L:/0.0.0.0:15016] READ: [id: 0xd8b7e66d, L:/127.0.0.1:15016 - R:/127.0.0.1:59908]
2024-12-14 12:26:08,206 INFO  logging.LoggingHandler (AbstractInternalLogger.java:log(148)) - [id: 0x356557ed, L:/0.0.0.0:15016] READ COMPLETE
2024-12-14 12:26:08,206 INFO  server.RaftServer (RaftServerProxy.java:remove(112)) - s1: remove  FOLLOWER s1@group-BFFFED5AA7A9:t1, leader=null, voted=s1, raftlog=Memoized:s1@group-BFFFED5AA7A9-SegmentedRaftLog:OPENED:c120:last(t:1, i:120), conf=conf: {index: 0, cur=peers:[s10|0.0.0.0:15025, s0|0.0.0.0:15015, s1|0.0.0.0:15016]|listeners:[], old=null} RUNNING
2024-12-14 12:26:08,207 INFO  server.RaftServer$Division (RaftServerImpl.java:lambda$close$1(514)) - s1@group-BFFFED5AA7A9: shutdown
2024-12-14 12:26:08,207 INFO  util.JmxRegister (JmxRegister.java:unregister(74)) - Successfully un-registered JMX Bean with object name Ratis:service=RaftServer,group=group-BFFFED5AA7A9,id=s1
2024-12-14 12:26:08,207 INFO  impl.RoleInfo (RoleInfo.java:shutdownFollowerState(121)) - s1: shutdown s1@group-BFFFED5AA7A9-FollowerState
2024-12-14 12:26:08,207 INFO  impl.StateMachineUpdater (StateMachineUpdater.java:stopAndJoin(164)) - s1@group-BFFFED5AA7A9-StateMachineUpdater: set stopIndex = 120
2024-12-14 12:26:08,207 INFO  impl.FollowerState (FollowerState.java:runImpl(170)) - s1@group-BFFFED5AA7A9-FollowerState was interrupted
2024-12-14 12:26:08,207 INFO  impl.StateMachineUpdater (StateMachineUpdater.java:stop(141)) - s1@group-BFFFED5AA7A9-StateMachineUpdater: closing ArithmeticStateMachine, lastApplied=(t:1, i:120)
2024-12-14 12:26:08,207 INFO  raftlog.RaftLog (SegmentedRaftLog.java:close(568)) - Start closing s1@group-BFFFED5AA7A9-SegmentedRaftLog:OPENED:c120:last(t:1, i:120)
2024-12-14 12:26:08,208 INFO  util.AwaitToRun (AwaitToRun.java:run(49)) - s1@group-BFFFED5AA7A9-cacheEviction-AwaitToRun-AwaitForSignal is interrupted
2024-12-14 12:26:08,208 INFO  segmented.LogSegment (LogSegment.java:close(349)) - Successfully closed EntryCache-log_inprogress_0
2024-12-14 12:26:09,199 INFO  segmented.SegmentedRaftLogWorker (SegmentedRaftLogWorker.java:close(254)) - s1@group-BFFFED5AA7A9-SegmentedRaftLogWorker close()
2024-12-14 12:26:09,200 INFO  raftlog.RaftLog (SegmentedRaftLog.java:close(576)) - Successfully closed s1@group-BFFFED5AA7A9-SegmentedRaftLog:CLOSED:c120
2024-12-14 12:26:09,200 TRACE util.FileUtils (FileUtils.java:deleteFully(307)) - deleteFully /home/runner/work/ratis/ratis/ratis-examples/target/test/data/da5193cb/MiniRaftClusterWithNetty71855ece/s1/b2a16b91-213d-439c-9f8d-bfffed5aa7a9
2024-12-14 12:26:09,200 TRACE util.FileUtils (LogUtils.java:runAndLog(49)) - Successfully ran Files.delete /home/runner/work/ratis/ratis/ratis-examples/target/test/data/da5193cb/MiniRaftClusterWithNetty71855ece/s1/b2a16b91-213d-439c-9f8d-bfffed5aa7a9/current/raft-meta.conf
2024-12-14 12:26:09,200 TRACE util.FileUtils (LogUtils.java:runAndLog(49)) - Successfully ran Files.delete /home/runner/work/ratis/ratis/ratis-examples/target/test/data/da5193cb/MiniRaftClusterWithNetty71855ece/s1/b2a16b91-213d-439c-9f8d-bfffed5aa7a9/current/log_inprogress_0
2024-12-14 12:26:09,201 TRACE util.FileUtils (LogUtils.java:runAndLog(49)) - Successfully ran Files.delete /home/runner/work/ratis/ratis/ratis-examples/target/test/data/da5193cb/MiniRaftClusterWithNetty71855ece/s1/b2a16b91-213d-439c-9f8d-bfffed5aa7a9/current/raft-meta
2024-12-14 12:26:09,201 TRACE util.FileUtils (LogUtils.java:runAndLog(49)) - Successfully ran Files.delete /home/runner/work/ratis/ratis/ratis-examples/target/test/data/da5193cb/MiniRaftClusterWithNetty71855ece/s1/b2a16b91-213d-439c-9f8d-bfffed5aa7a9/current
2024-12-14 12:26:09,201 TRACE util.FileUtils (LogUtils.java:runAndLog(49)) - Successfully ran Files.delete /home/runner/work/ratis/ratis/ratis-examples/target/test/data/da5193cb/MiniRaftClusterWithNetty71855ece/s1/b2a16b91-213d-439c-9f8d-bfffed5aa7a9/in_use.lock
2024-12-14 12:26:09,201 TRACE util.FileUtils (LogUtils.java:runAndLog(49)) - Successfully ran Files.delete /home/runner/work/ratis/ratis/ratis-examples/target/test/data/da5193cb/MiniRaftClusterWithNetty71855ece/s1/b2a16b91-213d-439c-9f8d-bfffed5aa7a9/sm
2024-12-14 12:26:09,201 TRACE util.FileUtils (LogUtils.java:runAndLog(49)) - Successfully ran Files.delete /home/runner/work/ratis/ratis/ratis-examples/target/test/data/da5193cb/MiniRaftClusterWithNetty71855ece/s1/b2a16b91-213d-439c-9f8d-bfffed5aa7a9
2024-12-14 12:26:09,201 INFO  server.RaftServer$Division (RaftServerImpl.java:groupRemove(484)) - s1@group-BFFFED5AA7A9: Succeed to remove RaftStorageDirectory Storage Directory /home/runner/work/ratis/ratis/ratis-examples/target/test/data/da5193cb/MiniRaftClusterWithNetty71855ece/s1/b2a16b91-213d-439c-9f8d-bfffed5aa7a9
2024-12-14 12:26:09,203 INFO  impl.GroupManagementBaseTest (GroupManagementBaseTest.java:runMultiGroupTest(299)) - 2) close printing group-A9C62F8E94D0
  s3:  RUNNING [
   FOLLOWER s3@group-A9C62F8E94D0:t1, leader=s14, voted=s14, raftlog=Memoized:s3@group-A9C62F8E94D0-SegmentedRaftLog:OPENED:c120:last(t:1, i:120), conf=conf: {index: 0, cur=peers:[s3|0.0.0.0:15018, s14|0.0.0.0:15029, s2|0.0.0.0:15017]|listeners:[], old=null} RUNNING
   FOLLOWER s3@group-0A0C1A18FF69:t0, leader=null, voted=, raftlog=Memoized:s3@group-0A0C1A18FF69-SegmentedRaftLog:OPENED:c-1:lastnull, conf=conf: {index: -1, cur=peers:[]|listeners:[], old=null} STARTING] size=2
  s14:  RUNNING [
     LEADER s14@group-A9C62F8E94D0:t1, leader=s14, voted=s14, raftlog=Memoized:s14@group-A9C62F8E94D0-SegmentedRaftLog:OPENED:c120:last(t:1, i:120), conf=conf: {index: 0, cur=peers:[s3|0.0.0.0:15018, s14|0.0.0.0:15029, s2|0.0.0.0:15017]|listeners:[], old=null} RUNNING
   FOLLOWER s14@group-0A0C1A18FF69:t0, leader=null, voted=, raftlog=Memoized:s14@group-0A0C1A18FF69-SegmentedRaftLog:OPENED:c-1:lastnull, conf=conf: {index: -1, cur=peers:[]|listeners:[], old=null} STARTING] size=2
  s2:  RUNNING [
   FOLLOWER s2@group-A9C62F8E94D0:t1, leader=s14, voted=s14, raftlog=Memoized:s2@group-A9C62F8E94D0-SegmentedRaftLog:OPENED:c120:last(t:1, i:120), conf=conf: {index: 0, cur=peers:[s3|0.0.0.0:15018, s14|0.0.0.0:15029, s2|0.0.0.0:15017]|listeners:[], old=null} RUNNING
   FOLLOWER s2@group-0A0C1A18FF69:t0, leader=null, voted=, raftlog=Memoized:s2@group-0A0C1A18FF69-SegmentedRaftLog:OPENED:c-1:lastnull, conf=conf: {index: -1, cur=peers:[]|listeners:[], old=null} STARTING] size=2
2024-12-14 12:26:09,204 INFO  netty.NettyUtils (NettyUtils.java:newEventLoopGroup(74)) - Create EpollEventLoopGroup for client-2B2D69005ACE; Thread size is 0.
2024-12-14 12:26:09,205 INFO  logging.LoggingHandler (AbstractInternalLogger.java:log(148)) - [id: 0xdb003562, L:/0.0.0.0:15018] READ: [id: 0x0e31127f, L:/127.0.0.1:15018 - R:/127.0.0.1:48012]
2024-12-14 12:26:09,205 INFO  logging.LoggingHandler (AbstractInternalLogger.java:log(148)) - [id: 0xdb003562, L:/0.0.0.0:15018] READ COMPLETE
2024-12-14 12:26:09,205 INFO  server.RaftServer (RaftServerProxy.java:remove(112)) - s3: remove  FOLLOWER s3@group-A9C62F8E94D0:t1, leader=s14, voted=s14, raftlog=Memoized:s3@group-A9C62F8E94D0-SegmentedRaftLog:OPENED:c120:last(t:1, i:120), conf=conf: {index: 0, cur=peers:[s3|0.0.0.0:15018, s14|0.0.0.0:15029, s2|0.0.0.0:15017]|listeners:[], old=null} RUNNING
2024-12-14 12:26:09,205 INFO  server.RaftServer$Division (RaftServerImpl.java:lambda$close$1(514)) - s3@group-A9C62F8E94D0: shutdown
2024-12-14 12:26:09,206 INFO  util.JmxRegister (JmxRegister.java:unregister(74)) - Successfully un-registered JMX Bean with object name Ratis:service=RaftServer,group=group-A9C62F8E94D0,id=s3
2024-12-14 12:26:09,206 INFO  impl.RoleInfo (RoleInfo.java:shutdownFollowerState(121)) - s3: shutdown s3@group-A9C62F8E94D0-FollowerState
2024-12-14 12:26:09,206 INFO  impl.FollowerState (FollowerState.java:runImpl(170)) - s3@group-A9C62F8E94D0-FollowerState was interrupted
2024-12-14 12:26:09,207 INFO  impl.StateMachineUpdater (StateMachineUpdater.java:stopAndJoin(164)) - s3@group-A9C62F8E94D0-StateMachineUpdater: set stopIndex = 120
2024-12-14 12:26:09,207 INFO  impl.StateMachineUpdater (StateMachineUpdater.java:stop(141)) - s3@group-A9C62F8E94D0-StateMachineUpdater: closing ArithmeticStateMachine, lastApplied=(t:1, i:120)
2024-12-14 12:26:09,208 INFO  raftlog.RaftLog (SegmentedRaftLog.java:close(568)) - Start closing s3@group-A9C62F8E94D0-SegmentedRaftLog:OPENED:c120:last(t:1, i:120)
2024-12-14 12:26:09,208 INFO  util.AwaitToRun (AwaitToRun.java:run(49)) - s3@group-A9C62F8E94D0-cacheEviction-AwaitToRun-AwaitForSignal is interrupted
2024-12-14 12:26:09,208 INFO  segmented.LogSegment (LogSegment.java:close(349)) - Successfully closed EntryCache-log_inprogress_0
2024-12-14 12:26:09,233 WARN  leader.LogAppender (LogAppenderDefault.java:sendAppendEntriesWithRetries(85)) - s14@group-A9C62F8E94D0->s3-LogAppenderDefault: Failed to appendEntries (retry=0)
org.apache.ratis.protocol.exceptions.GroupMismatchException: s3: group-A9C62F8E94D0 not found.
	at org.apache.ratis.server.impl.RaftServerProxy$ImplMap.get(RaftServerProxy.java:156)
	at org.apache.ratis.server.impl.RaftServerProxy.getImplFuture(RaftServerProxy.java:366)
	at org.apache.ratis.server.impl.RaftServerProxy.getImpl(RaftServerProxy.java:375)
	at org.apache.ratis.server.impl.RaftServerProxy.getImpl(RaftServerProxy.java:370)
	at org.apache.ratis.server.impl.RaftServerProxy.appendEntries(RaftServerProxy.java:671)
	at org.apache.ratis.netty.server.NettyRpcService.handle(NettyRpcService.java:234)
	at org.apache.ratis.netty.server.NettyRpcService$InboundHandler.channelRead0(NettyRpcService.java:94)
	at org.apache.ratis.netty.server.NettyRpcService$InboundHandler.channelRead0(NettyRpcService.java:90)
	at org.apache.ratis.thirdparty.io.netty.channel.SimpleChannelInboundHandler.channelRead(SimpleChannelInboundHandler.java:99)
	at org.apache.ratis.thirdparty.io.netty.channel.AbstractChannelHandlerContext.invokeChannelRead(AbstractChannelHandlerContext.java:444)
	at org.apache.ratis.thirdparty.io.netty.channel.AbstractChannelHandlerContext.invokeChannelRead(AbstractChannelHandlerContext.java:420)
	at org.apache.ratis.thirdparty.io.netty.channel.AbstractChannelHandlerContext.fireChannelRead(AbstractChannelHandlerContext.java:412)
	at org.apache.ratis.thirdparty.io.netty.handler.codec.MessageToMessageDecoder.channelRead(MessageToMessageDecoder.java:103)
	at org.apache.ratis.thirdparty.io.netty.channel.AbstractChannelHandlerContext.invokeChannelRead(AbstractChannelHandlerContext.java:444)
	at org.apache.ratis.thirdparty.io.netty.channel.AbstractChannelHandlerContext.invokeChannelRead(AbstractChannelHandlerContext.java:420)
	at org.apache.ratis.thirdparty.io.netty.channel.AbstractChannelHandlerContext.fireChannelRead(AbstractChannelHandlerContext.java:412)
	at org.apache.ratis.thirdparty.io.netty.handler.codec.ByteToMessageDecoder.fireChannelRead(ByteToMessageDecoder.java:346)
	at org.apache.ratis.thirdparty.io.netty.handler.codec.ByteToMessageDecoder.channelRead(ByteToMessageDecoder.java:318)
	at org.apache.ratis.thirdparty.io.netty.channel.AbstractChannelHandlerContext.invokeChannelRead(AbstractChannelHandlerContext.java:444)
	at org.apache.ratis.thirdparty.io.netty.channel.AbstractChannelHandlerContext.invokeChannelRead(AbstractChannelHandlerContext.java:420)
	at org.apache.ratis.thirdparty.io.netty.channel.AbstractChannelHandlerContext.fireChannelRead(AbstractChannelHandlerContext.java:412)
	at org.apache.ratis.thirdparty.io.netty.channel.DefaultChannelPipeline$HeadContext.channelRead(DefaultChannelPipeline.java:1410)
	at org.apache.ratis.thirdparty.io.netty.channel.AbstractChannelHandlerContext.invokeChannelRead(AbstractChannelHandlerContext.java:440)
	at org.apache.ratis.thirdparty.io.netty.channel.AbstractChannelHandlerContext.invokeChannelRead(AbstractChannelHandlerContext.java:420)
	at org.apache.ratis.thirdparty.io.netty.channel.DefaultChannelPipeline.fireChannelRead(DefaultChannelPipeline.java:919)
	at org.apache.ratis.thirdparty.io.netty.channel.epoll.AbstractEpollStreamChannel$EpollStreamUnsafe.epollInReady(AbstractEpollStreamChannel.java:801)
	at org.apache.ratis.thirdparty.io.netty.channel.epoll.EpollEventLoop.processReady(EpollEventLoop.java:501)
	at org.apache.ratis.thirdparty.io.netty.channel.epoll.EpollEventLoop.run(EpollEventLoop.java:399)
	at org.apache.ratis.thirdparty.io.netty.util.concurrent.SingleThreadEventExecutor$4.run(SingleThreadEventExecutor.java:997)
	at org.apache.ratis.thirdparty.io.netty.util.internal.ThreadExecutorMap$2.run(ThreadExecutorMap.java:74)
	at java.lang.Thread.run(Thread.java:750)
2024-12-14 12:26:09,309 WARN  leader.LogAppender (LogAppenderDefault.java:sendAppendEntriesWithRetries(85)) - s14@group-A9C62F8E94D0->s3-LogAppenderDefault: Failed to appendEntries (retry=0)
org.apache.ratis.protocol.exceptions.GroupMismatchException: s3: group-A9C62F8E94D0 not found.
	at org.apache.ratis.server.impl.RaftServerProxy$ImplMap.get(RaftServerProxy.java:156)
	at org.apache.ratis.server.impl.RaftServerProxy.getImplFuture(RaftServerProxy.java:366)
	at org.apache.ratis.server.impl.RaftServerProxy.getImpl(RaftServerProxy.java:375)
	at org.apache.ratis.server.impl.RaftServerProxy.getImpl(RaftServerProxy.java:370)
	at org.apache.ratis.server.impl.RaftServerProxy.appendEntries(RaftServerProxy.java:671)
	at org.apache.ratis.netty.server.NettyRpcService.handle(NettyRpcService.java:234)
	at org.apache.ratis.netty.server.NettyRpcService$InboundHandler.channelRead0(NettyRpcService.java:94)
	at org.apache.ratis.netty.server.NettyRpcService$InboundHandler.channelRead0(NettyRpcService.java:90)
	at org.apache.ratis.thirdparty.io.netty.channel.SimpleChannelInboundHandler.channelRead(SimpleChannelInboundHandler.java:99)
	at org.apache.ratis.thirdparty.io.netty.channel.AbstractChannelHandlerContext.invokeChannelRead(AbstractChannelHandlerContext.java:444)
	at org.apache.ratis.thirdparty.io.netty.channel.AbstractChannelHandlerContext.invokeChannelRead(AbstractChannelHandlerContext.java:420)
	at org.apache.ratis.thirdparty.io.netty.channel.AbstractChannelHandlerContext.fireChannelRead(AbstractChannelHandlerContext.java:412)
	at org.apache.ratis.thirdparty.io.netty.handler.codec.MessageToMessageDecoder.channelRead(MessageToMessageDecoder.java:103)
	at org.apache.ratis.thirdparty.io.netty.channel.AbstractChannelHandlerContext.invokeChannelRead(AbstractChannelHandlerContext.java:444)
	at org.apache.ratis.thirdparty.io.netty.channel.AbstractChannelHandlerContext.invokeChannelRead(AbstractChannelHandlerContext.java:420)
	at org.apache.ratis.thirdparty.io.netty.channel.AbstractChannelHandlerContext.fireChannelRead(AbstractChannelHandlerContext.java:412)
	at org.apache.ratis.thirdparty.io.netty.handler.codec.ByteToMessageDecoder.fireChannelRead(ByteToMessageDecoder.java:346)
	at org.apache.ratis.thirdparty.io.netty.handler.codec.ByteToMessageDecoder.channelRead(ByteToMessageDecoder.java:318)
	at org.apache.ratis.thirdparty.io.netty.channel.AbstractChannelHandlerContext.invokeChannelRead(AbstractChannelHandlerContext.java:444)
	at org.apache.ratis.thirdparty.io.netty.channel.AbstractChannelHandlerContext.invokeChannelRead(AbstractChannelHandlerContext.java:420)
	at org.apache.ratis.thirdparty.io.netty.channel.AbstractChannelHandlerContext.fireChannelRead(AbstractChannelHandlerContext.java:412)
	at org.apache.ratis.thirdparty.io.netty.channel.DefaultChannelPipeline$HeadContext.channelRead(DefaultChannelPipeline.java:1410)
	at org.apache.ratis.thirdparty.io.netty.channel.AbstractChannelHandlerContext.invokeChannelRead(AbstractChannelHandlerContext.java:440)
	at org.apache.ratis.thirdparty.io.netty.channel.AbstractChannelHandlerContext.invokeChannelRead(AbstractChannelHandlerContext.java:420)
	at org.apache.ratis.thirdparty.io.netty.channel.DefaultChannelPipeline.fireChannelRead(DefaultChannelPipeline.java:919)
	at org.apache.ratis.thirdparty.io.netty.channel.epoll.AbstractEpollStreamChannel$EpollStreamUnsafe.epollInReady(AbstractEpollStreamChannel.java:801)
	at org.apache.ratis.thirdparty.io.netty.channel.epoll.EpollEventLoop.processReady(EpollEventLoop.java:501)
	at org.apache.ratis.thirdparty.io.netty.channel.epoll.EpollEventLoop.run(EpollEventLoop.java:399)
	at org.apache.ratis.thirdparty.io.netty.util.concurrent.SingleThreadEventExecutor$4.run(SingleThreadEventExecutor.java:997)
	at org.apache.ratis.thirdparty.io.netty.util.internal.ThreadExecutorMap$2.run(ThreadExecutorMap.java:74)
	at java.lang.Thread.run(Thread.java:750)
2024-12-14 12:26:09,384 WARN  leader.LogAppender (LogAppenderDefault.java:sendAppendEntriesWithRetries(85)) - s14@group-A9C62F8E94D0->s3-LogAppenderDefault: Failed to appendEntries (retry=0)
org.apache.ratis.protocol.exceptions.GroupMismatchException: s3: group-A9C62F8E94D0 not found.
	at org.apache.ratis.server.impl.RaftServerProxy$ImplMap.get(RaftServerProxy.java:156)
	at org.apache.ratis.server.impl.RaftServerProxy.getImplFuture(RaftServerProxy.java:366)
	at org.apache.ratis.server.impl.RaftServerProxy.getImpl(RaftServerProxy.java:375)
	at org.apache.ratis.server.impl.RaftServerProxy.getImpl(RaftServerProxy.java:370)
	at org.apache.ratis.server.impl.RaftServerProxy.appendEntries(RaftServerProxy.java:671)
	at org.apache.ratis.netty.server.NettyRpcService.handle(NettyRpcService.java:234)
	at org.apache.ratis.netty.server.NettyRpcService$InboundHandler.channelRead0(NettyRpcService.java:94)
	at org.apache.ratis.netty.server.NettyRpcService$InboundHandler.channelRead0(NettyRpcService.java:90)
	at org.apache.ratis.thirdparty.io.netty.channel.SimpleChannelInboundHandler.channelRead(SimpleChannelInboundHandler.java:99)
	at org.apache.ratis.thirdparty.io.netty.channel.AbstractChannelHandlerContext.invokeChannelRead(AbstractChannelHandlerContext.java:444)
	at org.apache.ratis.thirdparty.io.netty.channel.AbstractChannelHandlerContext.invokeChannelRead(AbstractChannelHandlerContext.java:420)
	at org.apache.ratis.thirdparty.io.netty.channel.AbstractChannelHandlerContext.fireChannelRead(AbstractChannelHandlerContext.java:412)
	at org.apache.ratis.thirdparty.io.netty.handler.codec.MessageToMessageDecoder.channelRead(MessageToMessageDecoder.java:103)
	at org.apache.ratis.thirdparty.io.netty.channel.AbstractChannelHandlerContext.invokeChannelRead(AbstractChannelHandlerContext.java:444)
	at org.apache.ratis.thirdparty.io.netty.channel.AbstractChannelHandlerContext.invokeChannelRead(AbstractChannelHandlerContext.java:420)
	at org.apache.ratis.thirdparty.io.netty.channel.AbstractChannelHandlerContext.fireChannelRead(AbstractChannelHandlerContext.java:412)
	at org.apache.ratis.thirdparty.io.netty.handler.codec.ByteToMessageDecoder.fireChannelRead(ByteToMessageDecoder.java:346)
	at org.apache.ratis.thirdparty.io.netty.handler.codec.ByteToMessageDecoder.channelRead(ByteToMessageDecoder.java:318)
	at org.apache.ratis.thirdparty.io.netty.channel.AbstractChannelHandlerContext.invokeChannelRead(AbstractChannelHandlerContext.java:444)
	at org.apache.ratis.thirdparty.io.netty.channel.AbstractChannelHandlerContext.invokeChannelRead(AbstractChannelHandlerContext.java:420)
	at org.apache.ratis.thirdparty.io.netty.channel.AbstractChannelHandlerContext.fireChannelRead(AbstractChannelHandlerContext.java:412)
	at org.apache.ratis.thirdparty.io.netty.channel.DefaultChannelPipeline$HeadContext.channelRead(DefaultChannelPipeline.java:1410)
	at org.apache.ratis.thirdparty.io.netty.channel.AbstractChannelHandlerContext.invokeChannelRead(AbstractChannelHandlerContext.java:440)
	at org.apache.ratis.thirdparty.io.netty.channel.AbstractChannelHandlerContext.invokeChannelRead(AbstractChannelHandlerContext.java:420)
	at org.apache.ratis.thirdparty.io.netty.channel.DefaultChannelPipeline.fireChannelRead(DefaultChannelPipeline.java:919)
	at org.apache.ratis.thirdparty.io.netty.channel.epoll.AbstractEpollStreamChannel$EpollStreamUnsafe.epollInReady(AbstractEpollStreamChannel.java:801)
	at org.apache.ratis.thirdparty.io.netty.channel.epoll.EpollEventLoop.processReady(EpollEventLoop.java:501)
	at org.apache.ratis.thirdparty.io.netty.channel.epoll.EpollEventLoop.run(EpollEventLoop.java:399)
	at org.apache.ratis.thirdparty.io.netty.util.concurrent.SingleThreadEventExecutor$4.run(SingleThreadEventExecutor.java:997)
	at org.apache.ratis.thirdparty.io.netty.util.internal.ThreadExecutorMap$2.run(ThreadExecutorMap.java:74)
	at java.lang.Thread.run(Thread.java:750)
2024-12-14 12:26:09,459 WARN  leader.LogAppender (LogAppenderDefault.java:sendAppendEntriesWithRetries(85)) - s14@group-A9C62F8E94D0->s3-LogAppenderDefault: Failed to appendEntries (retry=0)
org.apache.ratis.protocol.exceptions.GroupMismatchException: s3: group-A9C62F8E94D0 not found.
	at org.apache.ratis.server.impl.RaftServerProxy$ImplMap.get(RaftServerProxy.java:156)
	at org.apache.ratis.server.impl.RaftServerProxy.getImplFuture(RaftServerProxy.java:366)
	at org.apache.ratis.server.impl.RaftServerProxy.getImpl(RaftServerProxy.java:375)
	at org.apache.ratis.server.impl.RaftServerProxy.getImpl(RaftServerProxy.java:370)
	at org.apache.ratis.server.impl.RaftServerProxy.appendEntries(RaftServerProxy.java:671)
	at org.apache.ratis.netty.server.NettyRpcService.handle(NettyRpcService.java:234)
	at org.apache.ratis.netty.server.NettyRpcService$InboundHandler.channelRead0(NettyRpcService.java:94)
	at org.apache.ratis.netty.server.NettyRpcService$InboundHandler.channelRead0(NettyRpcService.java:90)
	at org.apache.ratis.thirdparty.io.netty.channel.SimpleChannelInboundHandler.channelRead(SimpleChannelInboundHandler.java:99)
	at org.apache.ratis.thirdparty.io.netty.channel.AbstractChannelHandlerContext.invokeChannelRead(AbstractChannelHandlerContext.java:444)
	at org.apache.ratis.thirdparty.io.netty.channel.AbstractChannelHandlerContext.invokeChannelRead(AbstractChannelHandlerContext.java:420)
	at org.apache.ratis.thirdparty.io.netty.channel.AbstractChannelHandlerContext.fireChannelRead(AbstractChannelHandlerContext.java:412)
	at org.apache.ratis.thirdparty.io.netty.handler.codec.MessageToMessageDecoder.channelRead(MessageToMessageDecoder.java:103)
	at org.apache.ratis.thirdparty.io.netty.channel.AbstractChannelHandlerContext.invokeChannelRead(AbstractChannelHandlerContext.java:444)
	at org.apache.ratis.thirdparty.io.netty.channel.AbstractChannelHandlerContext.invokeChannelRead(AbstractChannelHandlerContext.java:420)
	at org.apache.ratis.thirdparty.io.netty.channel.AbstractChannelHandlerContext.fireChannelRead(AbstractChannelHandlerContext.java:412)
	at org.apache.ratis.thirdparty.io.netty.handler.codec.ByteToMessageDecoder.fireChannelRead(ByteToMessageDecoder.java:346)
	at org.apache.ratis.thirdparty.io.netty.handler.codec.ByteToMessageDecoder.channelRead(ByteToMessageDecoder.java:318)
	at org.apache.ratis.thirdparty.io.netty.channel.AbstractChannelHandlerContext.invokeChannelRead(AbstractChannelHandlerContext.java:444)
	at org.apache.ratis.thirdparty.io.netty.channel.AbstractChannelHandlerContext.invokeChannelRead(AbstractChannelHandlerContext.java:420)
	at org.apache.ratis.thirdparty.io.netty.channel.AbstractChannelHandlerContext.fireChannelRead(AbstractChannelHandlerContext.java:412)
	at org.apache.ratis.thirdparty.io.netty.channel.DefaultChannelPipeline$HeadContext.channelRead(DefaultChannelPipeline.java:1410)
	at org.apache.ratis.thirdparty.io.netty.channel.AbstractChannelHandlerContext.invokeChannelRead(AbstractChannelHandlerContext.java:440)
	at org.apache.ratis.thirdparty.io.netty.channel.AbstractChannelHandlerContext.invokeChannelRead(AbstractChannelHandlerContext.java:420)
	at org.apache.ratis.thirdparty.io.netty.channel.DefaultChannelPipeline.fireChannelRead(DefaultChannelPipeline.java:919)
	at org.apache.ratis.thirdparty.io.netty.channel.epoll.AbstractEpollStreamChannel$EpollStreamUnsafe.epollInReady(AbstractEpollStreamChannel.java:801)
	at org.apache.ratis.thirdparty.io.netty.channel.epoll.EpollEventLoop.processReady(EpollEventLoop.java:501)
	at org.apache.ratis.thirdparty.io.netty.channel.epoll.EpollEventLoop.run(EpollEventLoop.java:399)
	at org.apache.ratis.thirdparty.io.netty.util.concurrent.SingleThreadEventExecutor$4.run(SingleThreadEventExecutor.java:997)
	at org.apache.ratis.thirdparty.io.netty.util.internal.ThreadExecutorMap$2.run(ThreadExecutorMap.java:74)
	at java.lang.Thread.run(Thread.java:750)
2024-12-14 12:26:09,535 WARN  leader.LogAppender (LogAppenderDefault.java:sendAppendEntriesWithRetries(85)) - s14@group-A9C62F8E94D0->s3-LogAppenderDefault: Failed to appendEntries (retry=0)
org.apache.ratis.protocol.exceptions.GroupMismatchException: s3: group-A9C62F8E94D0 not found.
	at org.apache.ratis.server.impl.RaftServerProxy$ImplMap.get(RaftServerProxy.java:156)
	at org.apache.ratis.server.impl.RaftServerProxy.getImplFuture(RaftServerProxy.java:366)
	at org.apache.ratis.server.impl.RaftServerProxy.getImpl(RaftServerProxy.java:375)
	at org.apache.ratis.server.impl.RaftServerProxy.getImpl(RaftServerProxy.java:370)
	at org.apache.ratis.server.impl.RaftServerProxy.appendEntries(RaftServerProxy.java:671)
	at org.apache.ratis.netty.server.NettyRpcService.handle(NettyRpcService.java:234)
	at org.apache.ratis.netty.server.NettyRpcService$InboundHandler.channelRead0(NettyRpcService.java:94)
	at org.apache.ratis.netty.server.NettyRpcService$InboundHandler.channelRead0(NettyRpcService.java:90)
	at org.apache.ratis.thirdparty.io.netty.channel.SimpleChannelInboundHandler.channelRead(SimpleChannelInboundHandler.java:99)
	at org.apache.ratis.thirdparty.io.netty.channel.AbstractChannelHandlerContext.invokeChannelRead(AbstractChannelHandlerContext.java:444)
	at org.apache.ratis.thirdparty.io.netty.channel.AbstractChannelHandlerContext.invokeChannelRead(AbstractChannelHandlerContext.java:420)
	at org.apache.ratis.thirdparty.io.netty.channel.AbstractChannelHandlerContext.fireChannelRead(AbstractChannelHandlerContext.java:412)
	at org.apache.ratis.thirdparty.io.netty.handler.codec.MessageToMessageDecoder.channelRead(MessageToMessageDecoder.java:103)
	at org.apache.ratis.thirdparty.io.netty.channel.AbstractChannelHandlerContext.invokeChannelRead(AbstractChannelHandlerContext.java:444)
	at org.apache.ratis.thirdparty.io.netty.channel.AbstractChannelHandlerContext.invokeChannelRead(AbstractChannelHandlerContext.java:420)
	at org.apache.ratis.thirdparty.io.netty.channel.AbstractChannelHandlerContext.fireChannelRead(AbstractChannelHandlerContext.java:412)
	at org.apache.ratis.thirdparty.io.netty.handler.codec.ByteToMessageDecoder.fireChannelRead(ByteToMessageDecoder.java:346)
	at org.apache.ratis.thirdparty.io.netty.handler.codec.ByteToMessageDecoder.channelRead(ByteToMessageDecoder.java:318)
	at org.apache.ratis.thirdparty.io.netty.channel.AbstractChannelHandlerContext.invokeChannelRead(AbstractChannelHandlerContext.java:444)
	at org.apache.ratis.thirdparty.io.netty.channel.AbstractChannelHandlerContext.invokeChannelRead(AbstractChannelHandlerContext.java:420)
	at org.apache.ratis.thirdparty.io.netty.channel.AbstractChannelHandlerContext.fireChannelRead(AbstractChannelHandlerContext.java:412)
	at org.apache.ratis.thirdparty.io.netty.channel.DefaultChannelPipeline$HeadContext.channelRead(DefaultChannelPipeline.java:1410)
	at org.apache.ratis.thirdparty.io.netty.channel.AbstractChannelHandlerContext.invokeChannelRead(AbstractChannelHandlerContext.java:440)
	at org.apache.ratis.thirdparty.io.netty.channel.AbstractChannelHandlerContext.invokeChannelRead(AbstractChannelHandlerContext.java:420)
	at org.apache.ratis.thirdparty.io.netty.channel.DefaultChannelPipeline.fireChannelRead(DefaultChannelPipeline.java:919)
	at org.apache.ratis.thirdparty.io.netty.channel.epoll.AbstractEpollStreamChannel$EpollStreamUnsafe.epollInReady(AbstractEpollStreamChannel.java:801)
	at org.apache.ratis.thirdparty.io.netty.channel.epoll.EpollEventLoop.processReady(EpollEventLoop.java:501)
	at org.apache.ratis.thirdparty.io.netty.channel.epoll.EpollEventLoop.run(EpollEventLoop.java:399)
	at org.apache.ratis.thirdparty.io.netty.util.concurrent.SingleThreadEventExecutor$4.run(SingleThreadEventExecutor.java:997)
	at org.apache.ratis.thirdparty.io.netty.util.internal.ThreadExecutorMap$2.run(ThreadExecutorMap.java:74)
	at java.lang.Thread.run(Thread.java:750)
2024-12-14 12:26:09,565 INFO  segmented.SegmentedRaftLogWorker (SegmentedRaftLogWorker.java:close(254)) - s3@group-A9C62F8E94D0-SegmentedRaftLogWorker close()
2024-12-14 12:26:09,566 INFO  raftlog.RaftLog (SegmentedRaftLog.java:close(576)) - Successfully closed s3@group-A9C62F8E94D0-SegmentedRaftLog:CLOSED:c120
2024-12-14 12:26:09,566 TRACE util.FileUtils (FileUtils.java:deleteFully(307)) - deleteFully /home/runner/work/ratis/ratis/ratis-examples/target/test/data/da5193cb/MiniRaftClusterWithNetty71855ece/s3/61d79bd1-1749-4ece-bd8b-a9c62f8e94d0
2024-12-14 12:26:09,567 TRACE util.FileUtils (LogUtils.java:runAndLog(49)) - Successfully ran Files.delete /home/runner/work/ratis/ratis/ratis-examples/target/test/data/da5193cb/MiniRaftClusterWithNetty71855ece/s3/61d79bd1-1749-4ece-bd8b-a9c62f8e94d0/current/raft-meta.conf
2024-12-14 12:26:09,567 TRACE util.FileUtils (LogUtils.java:runAndLog(49)) - Successfully ran Files.delete /home/runner/work/ratis/ratis/ratis-examples/target/test/data/da5193cb/MiniRaftClusterWithNetty71855ece/s3/61d79bd1-1749-4ece-bd8b-a9c62f8e94d0/current/log_inprogress_0
2024-12-14 12:26:09,567 TRACE util.FileUtils (LogUtils.java:runAndLog(49)) - Successfully ran Files.delete /home/runner/work/ratis/ratis/ratis-examples/target/test/data/da5193cb/MiniRaftClusterWithNetty71855ece/s3/61d79bd1-1749-4ece-bd8b-a9c62f8e94d0/current/raft-meta
2024-12-14 12:26:09,567 TRACE util.FileUtils (LogUtils.java:runAndLog(49)) - Successfully ran Files.delete /home/runner/work/ratis/ratis/ratis-examples/target/test/data/da5193cb/MiniRaftClusterWithNetty71855ece/s3/61d79bd1-1749-4ece-bd8b-a9c62f8e94d0/current
2024-12-14 12:26:09,568 TRACE util.FileUtils (LogUtils.java:runAndLog(49)) - Successfully ran Files.delete /home/runner/work/ratis/ratis/ratis-examples/target/test/data/da5193cb/MiniRaftClusterWithNetty71855ece/s3/61d79bd1-1749-4ece-bd8b-a9c62f8e94d0/in_use.lock
2024-12-14 12:26:09,568 TRACE util.FileUtils (LogUtils.java:runAndLog(49)) - Successfully ran Files.delete /home/runner/work/ratis/ratis/ratis-examples/target/test/data/da5193cb/MiniRaftClusterWithNetty71855ece/s3/61d79bd1-1749-4ece-bd8b-a9c62f8e94d0/sm
2024-12-14 12:26:09,568 TRACE util.FileUtils (LogUtils.java:runAndLog(49)) - Successfully ran Files.delete /home/runner/work/ratis/ratis/ratis-examples/target/test/data/da5193cb/MiniRaftClusterWithNetty71855ece/s3/61d79bd1-1749-4ece-bd8b-a9c62f8e94d0
2024-12-14 12:26:09,568 INFO  server.RaftServer$Division (RaftServerImpl.java:groupRemove(484)) - s3@group-A9C62F8E94D0: Succeed to remove RaftStorageDirectory Storage Directory /home/runner/work/ratis/ratis/ratis-examples/target/test/data/da5193cb/MiniRaftClusterWithNetty71855ece/s3/61d79bd1-1749-4ece-bd8b-a9c62f8e94d0
2024-12-14 12:26:09,573 INFO  netty.NettyUtils (NettyUtils.java:newEventLoopGroup(74)) - Create EpollEventLoopGroup for client-7EC95416CBA2; Thread size is 0.
2024-12-14 12:26:09,575 INFO  logging.LoggingHandler (AbstractInternalLogger.java:log(148)) - [id: 0xa7c32d8d, L:/0.0.0.0:15029] READ: [id: 0xfde484e9, L:/127.0.0.1:15029 - R:/127.0.0.1:52134]
2024-12-14 12:26:09,575 INFO  logging.LoggingHandler (AbstractInternalLogger.java:log(148)) - [id: 0xa7c32d8d, L:/0.0.0.0:15029] READ COMPLETE
2024-12-14 12:26:09,576 INFO  server.RaftServer (RaftServerProxy.java:remove(112)) - s14: remove    LEADER s14@group-A9C62F8E94D0:t1, leader=s14, voted=s14, raftlog=Memoized:s14@group-A9C62F8E94D0-SegmentedRaftLog:OPENED:c120:last(t:1, i:120), conf=conf: {index: 0, cur=peers:[s3|0.0.0.0:15018, s14|0.0.0.0:15029, s2|0.0.0.0:15017]|listeners:[], old=null} RUNNING
2024-12-14 12:26:09,576 INFO  server.RaftServer$Division (RaftServerImpl.java:lambda$close$1(514)) - s14@group-A9C62F8E94D0: shutdown
2024-12-14 12:26:09,576 INFO  util.JmxRegister (JmxRegister.java:unregister(74)) - Successfully un-registered JMX Bean with object name Ratis:service=RaftServer,group=group-A9C62F8E94D0,id=s14
2024-12-14 12:26:09,576 INFO  impl.RoleInfo (RoleInfo.java:shutdownLeaderState(103)) - s14: shutdown s14@group-A9C62F8E94D0-LeaderStateImpl
2024-12-14 12:26:09,577 INFO  leader.LogAppenderDaemon (LogAppenderDaemon.java:run(85)) - s14@group-A9C62F8E94D0->s3-LogAppenderDefault-LogAppenderDaemon was interrupted: java.lang.InterruptedException
2024-12-14 12:26:09,577 INFO  leader.LogAppenderDaemon (LogAppenderDaemon.java:run(85)) - s14@group-A9C62F8E94D0->s2-LogAppenderDefault-LogAppenderDaemon was interrupted: java.lang.InterruptedException
2024-12-14 12:26:09,577 INFO  impl.PendingRequests (PendingRequests.java:sendNotLeaderResponses(287)) - s14@group-A9C62F8E94D0-PendingRequests: sendNotLeaderResponses
2024-12-14 12:26:09,579 INFO  impl.StateMachineUpdater (StateMachineUpdater.java:stopAndJoin(164)) - s14@group-A9C62F8E94D0-StateMachineUpdater: set stopIndex = 120
2024-12-14 12:26:09,579 INFO  impl.StateMachineUpdater (StateMachineUpdater.java:stop(141)) - s14@group-A9C62F8E94D0-StateMachineUpdater: closing ArithmeticStateMachine, lastApplied=(t:1, i:120)
2024-12-14 12:26:09,580 INFO  raftlog.RaftLog (SegmentedRaftLog.java:close(568)) - Start closing s14@group-A9C62F8E94D0-SegmentedRaftLog:OPENED:c120:last(t:1, i:120)
2024-12-14 12:26:09,580 INFO  util.AwaitToRun (AwaitToRun.java:run(49)) - s14@group-A9C62F8E94D0-cacheEviction-AwaitToRun-AwaitForSignal is interrupted
2024-12-14 12:26:09,580 INFO  segmented.LogSegment (LogSegment.java:close(349)) - Successfully closed EntryCache-log_inprogress_0
2024-12-14 12:26:09,950 INFO  impl.MiniRaftCluster (MiniRaftCluster.java:lambda$null$7(362)) - TIMED-PRINT: printing ALL groups
  s3:  RUNNING  FOLLOWER s3@group-0A0C1A18FF69:t0, leader=null, voted=, raftlog=Memoized:s3@group-0A0C1A18FF69-SegmentedRaftLog:OPENED:c-1:lastnull, conf=conf: {index: -1, cur=peers:[]|listeners:[], old=null} STARTING
  s4:  RUNNING [
   FOLLOWER s4@group-083B19539B1B:t1, leader=s5, voted=s5, raftlog=Memoized:s4@group-083B19539B1B-SegmentedRaftLog:OPENED:c120:last(t:1, i:120), conf=conf: {index: 0, cur=peers:[s4|0.0.0.0:15019, s5|0.0.0.0:15020, s6|0.0.0.0:15021]|listeners:[], old=null} RUNNING
   FOLLOWER s4@group-0A0C1A18FF69:t0, leader=null, voted=, raftlog=Memoized:s4@group-0A0C1A18FF69-SegmentedRaftLog:OPENED:c-1:lastnull, conf=conf: {index: -1, cur=peers:[]|listeners:[], old=null} STARTING] size=2
  s5:  RUNNING [
     LEADER s5@group-083B19539B1B:t1, leader=s5, voted=s5, raftlog=Memoized:s5@group-083B19539B1B-SegmentedRaftLog:OPENED:c120:last(t:1, i:120), conf=conf: {index: 0, cur=peers:[s4|0.0.0.0:15019, s5|0.0.0.0:15020, s6|0.0.0.0:15021]|listeners:[], old=null} RUNNING
   FOLLOWER s5@group-0A0C1A18FF69:t0, leader=null, voted=, raftlog=Memoized:s5@group-0A0C1A18FF69-SegmentedRaftLog:OPENED:c-1:lastnull, conf=conf: {index: -1, cur=peers:[]|listeners:[], old=null} STARTING] size=2
  s6:  RUNNING [
   FOLLOWER s6@group-083B19539B1B:t1, leader=s5, voted=s5, raftlog=Memoized:s6@group-083B19539B1B-SegmentedRaftLog:OPENED:c120:last(t:1, i:120), conf=conf: {index: 0, cur=peers:[s4|0.0.0.0:15019, s5|0.0.0.0:15020, s6|0.0.0.0:15021]|listeners:[], old=null} RUNNING
   FOLLOWER s6@group-0A0C1A18FF69:t0, leader=null, voted=, raftlog=Memoized:s6@group-0A0C1A18FF69-SegmentedRaftLog:OPENED:c-1:lastnull, conf=conf: {index: -1, cur=peers:[]|listeners:[], old=null} STARTING] size=2
  s7:  RUNNING [
   FOLLOWER s7@group-0A0C1A18FF69:t0, leader=null, voted=, raftlog=Memoized:s7@group-0A0C1A18FF69-SegmentedRaftLog:OPENED:c-1:lastnull, conf=conf: {index: -1, cur=peers:[]|listeners:[], old=null} STARTING
   FOLLOWER s7@group-32ADD6F9BB52:t1, leader=s8, voted=s8, raftlog=Memoized:s7@group-32ADD6F9BB52-SegmentedRaftLog:OPENED:c120:last(t:1, i:120), conf=conf: {index: 0, cur=peers:[s7|0.0.0.0:15022, s8|0.0.0.0:15023, s9|0.0.0.0:15024]|listeners:[], old=null} RUNNING] size=2
  s8:  RUNNING [
   FOLLOWER s8@group-0A0C1A18FF69:t0, leader=null, voted=, raftlog=Memoized:s8@group-0A0C1A18FF69-SegmentedRaftLog:OPENED:c-1:lastnull, conf=conf: {index: -1, cur=peers:[]|listeners:[], old=null} STARTING
     LEADER s8@group-32ADD6F9BB52:t1, leader=s8, voted=s8, raftlog=Memoized:s8@group-32ADD6F9BB52-SegmentedRaftLog:OPENED:c120:last(t:1, i:120), conf=conf: {index: 0, cur=peers:[s7|0.0.0.0:15022, s8|0.0.0.0:15023, s9|0.0.0.0:15024]|listeners:[], old=null} RUNNING] size=2
  s9:  RUNNING [
   FOLLOWER s9@group-0A0C1A18FF69:t0, leader=null, voted=, raftlog=Memoized:s9@group-0A0C1A18FF69-SegmentedRaftLog:OPENED:c-1:lastnull, conf=conf: {index: -1, cur=peers:[]|listeners:[], old=null} STARTING
   FOLLOWER s9@group-32ADD6F9BB52:t1, leader=s8, voted=s8, raftlog=Memoized:s9@group-32ADD6F9BB52-SegmentedRaftLog:OPENED:c120:last(t:1, i:120), conf=conf: {index: 0, cur=peers:[s7|0.0.0.0:15022, s8|0.0.0.0:15023, s9|0.0.0.0:15024]|listeners:[], old=null} RUNNING] size=2
  s11:  RUNNING [
   FOLLOWER s11@group-0A0C1A18FF69:t0, leader=null, voted=, raftlog=Memoized:s11@group-0A0C1A18FF69-SegmentedRaftLog:OPENED:c-1:lastnull, conf=conf: {index: -1, cur=peers:[]|listeners:[], old=null} STARTING
     LEADER s11@group-9CE91F930A22:t1, leader=s11, voted=s11, raftlog=Memoized:s11@group-9CE91F930A22-SegmentedRaftLog:OPENED:c120:last(t:1, i:120), conf=conf: {index: 0, cur=peers:[s11|0.0.0.0:15026, s13|0.0.0.0:15028, s12|0.0.0.0:15027]|listeners:[], old=null} RUNNING] size=2
  s10:  RUNNING  FOLLOWER s10@group-0A0C1A18FF69:t0, leader=null, voted=, raftlog=Memoized:s10@group-0A0C1A18FF69-SegmentedRaftLog:OPENED:c-1:lastnull, conf=conf: {index: -1, cur=peers:[]|listeners:[], old=null} STARTING
  s13:  RUNNING [
   FOLLOWER s13@group-0A0C1A18FF69:t0, leader=null, voted=, raftlog=Memoized:s13@group-0A0C1A18FF69-SegmentedRaftLog:OPENED:c-1:lastnull, conf=conf: {index: -1, cur=peers:[]|listeners:[], old=null} STARTING
   FOLLOWER s13@group-9CE91F930A22:t1, leader=s11, voted=s11, raftlog=Memoized:s13@group-9CE91F930A22-SegmentedRaftLog:OPENED:c120:last(t:1, i:120), conf=conf: {index: 0, cur=peers:[s11|0.0.0.0:15026, s13|0.0.0.0:15028, s12|0.0.0.0:15027]|listeners:[], old=null} RUNNING] size=2
  s12:  RUNNING [
   FOLLOWER s12@group-0A0C1A18FF69:t0, leader=null, voted=, raftlog=Memoized:s12@group-0A0C1A18FF69-SegmentedRaftLog:OPENED:c-1:lastnull, conf=conf: {index: -1, cur=peers:[]|listeners:[], old=null} STARTING
   FOLLOWER s12@group-9CE91F930A22:t1, leader=s11, voted=s11, raftlog=Memoized:s12@group-9CE91F930A22-SegmentedRaftLog:OPENED:c120:last(t:1, i:120), conf=conf: {index: 0, cur=peers:[s11|0.0.0.0:15026, s13|0.0.0.0:15028, s12|0.0.0.0:15027]|listeners:[], old=null} RUNNING] size=2
  s14:  RUNNING  FOLLOWER s14@group-0A0C1A18FF69:t0, leader=null, voted=, raftlog=Memoized:s14@group-0A0C1A18FF69-SegmentedRaftLog:OPENED:c-1:lastnull, conf=conf: {index: -1, cur=peers:[]|listeners:[], old=null} STARTING
  s0:  RUNNING  FOLLOWER s0@group-0A0C1A18FF69:t0, leader=null, voted=, raftlog=Memoized:s0@group-0A0C1A18FF69-SegmentedRaftLog:OPENED:c-1:lastnull, conf=conf: {index: -1, cur=peers:[]|listeners:[], old=null} STARTING
  s1:  RUNNING  FOLLOWER s1@group-0A0C1A18FF69:t0, leader=null, voted=, raftlog=Memoized:s1@group-0A0C1A18FF69-SegmentedRaftLog:OPENED:c-1:lastnull, conf=conf: {index: -1, cur=peers:[]|listeners:[], old=null} STARTING
  s2:  RUNNING [
   FOLLOWER s2@group-A9C62F8E94D0:t1, leader=s14, voted=s14, raftlog=Memoized:s2@group-A9C62F8E94D0-SegmentedRaftLog:OPENED:c120:last(t:1, i:120), conf=conf: {index: 0, cur=peers:[s3|0.0.0.0:15018, s14|0.0.0.0:15029, s2|0.0.0.0:15017]|listeners:[], old=null} RUNNING
   FOLLOWER s2@group-0A0C1A18FF69:t0, leader=null, voted=, raftlog=Memoized:s2@group-0A0C1A18FF69-SegmentedRaftLog:OPENED:c-1:lastnull, conf=conf: {index: -1, cur=peers:[]|listeners:[], old=null} STARTING] size=2
2024-12-14 12:26:10,201 INFO  impl.FollowerState (FollowerState.java:runImpl(161)) - s2@group-A9C62F8E94D0-FollowerState: change to CANDIDATE, lastRpcElapsedTime:668897916ns, electionTimeout:478ms
2024-12-14 12:26:10,202 INFO  impl.RoleInfo (RoleInfo.java:shutdownFollowerState(121)) - s2: shutdown s2@group-A9C62F8E94D0-FollowerState
2024-12-14 12:26:10,202 INFO  server.RaftServer$Division (RaftServerImpl.java:setRole(379)) - s2@group-A9C62F8E94D0: changes role from  FOLLOWER to CANDIDATE at term 1 for changeToCandidate
2024-12-14 12:26:10,202 INFO  server.RaftServerConfigKeys (ConfUtils.java:logGet(46)) - raft.server.leaderelection.pre-vote = true (default)
2024-12-14 12:26:10,202 INFO  impl.RoleInfo (RoleInfo.java:updateAndGet(148)) - s2: start s2@group-A9C62F8E94D0-LeaderElection26
2024-12-14 12:26:10,203 INFO  server.RaftServer$Division (ServerState.java:setLeader(272)) - s2@group-A9C62F8E94D0: change Leader from s14 to null at term 1 for PRE_VOTE
2024-12-14 12:26:10,203 INFO  impl.LeaderElection (LeaderElection.java:askForVotes(332)) - s2@group-A9C62F8E94D0-LeaderElection26 PRE_VOTE round 0: submit vote requests at term 1 for conf: {index: 0, cur=peers:[s3|0.0.0.0:15018, s14|0.0.0.0:15029, s2|0.0.0.0:15017]|listeners:[], old=null}
2024-12-14 12:26:10,205 INFO  logging.LoggingHandler (AbstractInternalLogger.java:log(148)) - [id: 0xa7c32d8d, L:/0.0.0.0:15029] READ: [id: 0xb20c83e8, L:/127.0.0.1:15029 - R:/127.0.0.1:52148]
2024-12-14 12:26:10,205 INFO  logging.LoggingHandler (AbstractInternalLogger.java:log(148)) - [id: 0xa7c32d8d, L:/0.0.0.0:15029] READ COMPLETE
2024-12-14 12:26:10,206 INFO  logging.LoggingHandler (AbstractInternalLogger.java:log(148)) - [id: 0xdb003562, L:/0.0.0.0:15018] READ: [id: 0x71c96c3e, L:/127.0.0.1:15018 - R:/127.0.0.1:48014]
2024-12-14 12:26:10,206 INFO  logging.LoggingHandler (AbstractInternalLogger.java:log(148)) - [id: 0xdb003562, L:/0.0.0.0:15018] READ COMPLETE
2024-12-14 12:26:10,207 INFO  impl.LeaderElection (LogUtils.java:infoOrTrace(142)) - s2@group-A9C62F8E94D0-LeaderElection26 got exception when requesting votes: java.util.concurrent.ExecutionException: org.apache.ratis.protocol.exceptions.GroupMismatchException: s3: group-A9C62F8E94D0 not found.
2024-12-14 12:26:10,208 INFO  impl.LeaderElection (LogUtils.java:infoOrTrace(142)) - s2@group-A9C62F8E94D0-LeaderElection26 got exception when requesting votes: java.util.concurrent.ExecutionException: org.apache.ratis.protocol.exceptions.GroupMismatchException: s14: group-A9C62F8E94D0 not found.
2024-12-14 12:26:10,208 INFO  impl.LeaderElection (LeaderElection.java:logAndReturn(90)) - s2@group-A9C62F8E94D0-LeaderElection26: PRE_VOTE REJECTED received 0 response(s) and 2 exception(s):
2024-12-14 12:26:10,208 INFO  impl.LeaderElection (LogUtils.java:infoOrTrace(142)) -   Exception 0: java.util.concurrent.ExecutionException: org.apache.ratis.protocol.exceptions.GroupMismatchException: s3: group-A9C62F8E94D0 not found.
2024-12-14 12:26:10,208 INFO  impl.LeaderElection (LogUtils.java:infoOrTrace(142)) -   Exception 1: java.util.concurrent.ExecutionException: org.apache.ratis.protocol.exceptions.GroupMismatchException: s14: group-A9C62F8E94D0 not found.
2024-12-14 12:26:10,208 INFO  impl.LeaderElection (LeaderElection.java:askForVotes(334)) - s2@group-A9C62F8E94D0-LeaderElection26 PRE_VOTE round 0: result REJECTED
2024-12-14 12:26:10,208 INFO  server.RaftServer$Division (RaftServerImpl.java:setRole(379)) - s2@group-A9C62F8E94D0: changes role from CANDIDATE to FOLLOWER at term 1 for REJECTED
2024-12-14 12:26:10,208 INFO  impl.RoleInfo (RoleInfo.java:shutdownLeaderElection(141)) - s2: shutdown s2@group-A9C62F8E94D0-LeaderElection26
2024-12-14 12:26:10,208 INFO  impl.RoleInfo (RoleInfo.java:updateAndGet(148)) - s2: start s2@group-A9C62F8E94D0-FollowerState
2024-12-14 12:26:10,564 INFO  segmented.SegmentedRaftLogWorker (SegmentedRaftLogWorker.java:close(254)) - s14@group-A9C62F8E94D0-SegmentedRaftLogWorker close()
2024-12-14 12:26:10,565 INFO  raftlog.RaftLog (SegmentedRaftLog.java:close(576)) - Successfully closed s14@group-A9C62F8E94D0-SegmentedRaftLog:CLOSED:c120
2024-12-14 12:26:10,565 TRACE util.FileUtils (FileUtils.java:deleteFully(307)) - deleteFully /home/runner/work/ratis/ratis/ratis-examples/target/test/data/da5193cb/MiniRaftClusterWithNetty71855ece/s14/61d79bd1-1749-4ece-bd8b-a9c62f8e94d0
2024-12-14 12:26:10,565 TRACE util.FileUtils (LogUtils.java:runAndLog(49)) - Successfully ran Files.delete /home/runner/work/ratis/ratis/ratis-examples/target/test/data/da5193cb/MiniRaftClusterWithNetty71855ece/s14/61d79bd1-1749-4ece-bd8b-a9c62f8e94d0/current/raft-meta.conf
2024-12-14 12:26:10,565 TRACE util.FileUtils (LogUtils.java:runAndLog(49)) - Successfully ran Files.delete /home/runner/work/ratis/ratis/ratis-examples/target/test/data/da5193cb/MiniRaftClusterWithNetty71855ece/s14/61d79bd1-1749-4ece-bd8b-a9c62f8e94d0/current/log_inprogress_0
2024-12-14 12:26:10,565 TRACE util.FileUtils (LogUtils.java:runAndLog(49)) - Successfully ran Files.delete /home/runner/work/ratis/ratis/ratis-examples/target/test/data/da5193cb/MiniRaftClusterWithNetty71855ece/s14/61d79bd1-1749-4ece-bd8b-a9c62f8e94d0/current/raft-meta
2024-12-14 12:26:10,566 TRACE util.FileUtils (LogUtils.java:runAndLog(49)) - Successfully ran Files.delete /home/runner/work/ratis/ratis/ratis-examples/target/test/data/da5193cb/MiniRaftClusterWithNetty71855ece/s14/61d79bd1-1749-4ece-bd8b-a9c62f8e94d0/current
2024-12-14 12:26:10,566 TRACE util.FileUtils (LogUtils.java:runAndLog(49)) - Successfully ran Files.delete /home/runner/work/ratis/ratis/ratis-examples/target/test/data/da5193cb/MiniRaftClusterWithNetty71855ece/s14/61d79bd1-1749-4ece-bd8b-a9c62f8e94d0/in_use.lock
2024-12-14 12:26:10,566 TRACE util.FileUtils (LogUtils.java:runAndLog(49)) - Successfully ran Files.delete /home/runner/work/ratis/ratis/ratis-examples/target/test/data/da5193cb/MiniRaftClusterWithNetty71855ece/s14/61d79bd1-1749-4ece-bd8b-a9c62f8e94d0/sm
2024-12-14 12:26:10,566 TRACE util.FileUtils (LogUtils.java:runAndLog(49)) - Successfully ran Files.delete /home/runner/work/ratis/ratis/ratis-examples/target/test/data/da5193cb/MiniRaftClusterWithNetty71855ece/s14/61d79bd1-1749-4ece-bd8b-a9c62f8e94d0
2024-12-14 12:26:10,566 INFO  server.RaftServer$Division (RaftServerImpl.java:groupRemove(484)) - s14@group-A9C62F8E94D0: Succeed to remove RaftStorageDirectory Storage Directory /home/runner/work/ratis/ratis/ratis-examples/target/test/data/da5193cb/MiniRaftClusterWithNetty71855ece/s14/61d79bd1-1749-4ece-bd8b-a9c62f8e94d0
2024-12-14 12:26:10,568 INFO  netty.NettyUtils (NettyUtils.java:newEventLoopGroup(74)) - Create EpollEventLoopGroup for client-B43F80661A47; Thread size is 0.
2024-12-14 12:26:10,569 INFO  logging.LoggingHandler (AbstractInternalLogger.java:log(148)) - [id: 0x959ca32c, L:/0.0.0.0:15017] READ: [id: 0x43b52839, L:/127.0.0.1:15017 - R:/127.0.0.1:39062]
2024-12-14 12:26:10,569 INFO  logging.LoggingHandler (AbstractInternalLogger.java:log(148)) - [id: 0x959ca32c, L:/0.0.0.0:15017] READ COMPLETE
2024-12-14 12:26:10,570 INFO  server.RaftServer (RaftServerProxy.java:remove(112)) - s2: remove  FOLLOWER s2@group-A9C62F8E94D0:t1, leader=null, voted=s14, raftlog=Memoized:s2@group-A9C62F8E94D0-SegmentedRaftLog:OPENED:c120:last(t:1, i:120), conf=conf: {index: 0, cur=peers:[s3|0.0.0.0:15018, s14|0.0.0.0:15029, s2|0.0.0.0:15017]|listeners:[], old=null} RUNNING
2024-12-14 12:26:10,570 INFO  server.RaftServer$Division (RaftServerImpl.java:lambda$close$1(514)) - s2@group-A9C62F8E94D0: shutdown
2024-12-14 12:26:10,570 INFO  util.JmxRegister (JmxRegister.java:unregister(74)) - Successfully un-registered JMX Bean with object name Ratis:service=RaftServer,group=group-A9C62F8E94D0,id=s2
2024-12-14 12:26:10,570 INFO  impl.RoleInfo (RoleInfo.java:shutdownFollowerState(121)) - s2: shutdown s2@group-A9C62F8E94D0-FollowerState
2024-12-14 12:26:10,570 INFO  impl.StateMachineUpdater (StateMachineUpdater.java:stopAndJoin(164)) - s2@group-A9C62F8E94D0-StateMachineUpdater: set stopIndex = 120
2024-12-14 12:26:10,570 INFO  impl.StateMachineUpdater (StateMachineUpdater.java:stop(141)) - s2@group-A9C62F8E94D0-StateMachineUpdater: closing ArithmeticStateMachine, lastApplied=(t:1, i:120)
2024-12-14 12:26:10,570 INFO  impl.FollowerState (FollowerState.java:runImpl(170)) - s2@group-A9C62F8E94D0-FollowerState was interrupted
2024-12-14 12:26:10,570 INFO  raftlog.RaftLog (SegmentedRaftLog.java:close(568)) - Start closing s2@group-A9C62F8E94D0-SegmentedRaftLog:OPENED:c120:last(t:1, i:120)
2024-12-14 12:26:10,571 INFO  util.AwaitToRun (AwaitToRun.java:run(49)) - s2@group-A9C62F8E94D0-cacheEviction-AwaitToRun-AwaitForSignal is interrupted
2024-12-14 12:26:10,571 INFO  segmented.LogSegment (LogSegment.java:close(349)) - Successfully closed EntryCache-log_inprogress_0
2024-12-14 12:26:11,564 INFO  segmented.SegmentedRaftLogWorker (SegmentedRaftLogWorker.java:close(254)) - s2@group-A9C62F8E94D0-SegmentedRaftLogWorker close()
2024-12-14 12:26:11,565 INFO  raftlog.RaftLog (SegmentedRaftLog.java:close(576)) - Successfully closed s2@group-A9C62F8E94D0-SegmentedRaftLog:CLOSED:c120
2024-12-14 12:26:11,565 TRACE util.FileUtils (FileUtils.java:deleteFully(307)) - deleteFully /home/runner/work/ratis/ratis/ratis-examples/target/test/data/da5193cb/MiniRaftClusterWithNetty71855ece/s2/61d79bd1-1749-4ece-bd8b-a9c62f8e94d0
2024-12-14 12:26:11,566 TRACE util.FileUtils (LogUtils.java:runAndLog(49)) - Successfully ran Files.delete /home/runner/work/ratis/ratis/ratis-examples/target/test/data/da5193cb/MiniRaftClusterWithNetty71855ece/s2/61d79bd1-1749-4ece-bd8b-a9c62f8e94d0/current/raft-meta.conf
2024-12-14 12:26:11,566 TRACE util.FileUtils (LogUtils.java:runAndLog(49)) - Successfully ran Files.delete /home/runner/work/ratis/ratis/ratis-examples/target/test/data/da5193cb/MiniRaftClusterWithNetty71855ece/s2/61d79bd1-1749-4ece-bd8b-a9c62f8e94d0/current/log_inprogress_0
2024-12-14 12:26:11,566 TRACE util.FileUtils (LogUtils.java:runAndLog(49)) - Successfully ran Files.delete /home/runner/work/ratis/ratis/ratis-examples/target/test/data/da5193cb/MiniRaftClusterWithNetty71855ece/s2/61d79bd1-1749-4ece-bd8b-a9c62f8e94d0/current/raft-meta
2024-12-14 12:26:11,566 TRACE util.FileUtils (LogUtils.java:runAndLog(49)) - Successfully ran Files.delete /home/runner/work/ratis/ratis/ratis-examples/target/test/data/da5193cb/MiniRaftClusterWithNetty71855ece/s2/61d79bd1-1749-4ece-bd8b-a9c62f8e94d0/current
2024-12-14 12:26:11,566 TRACE util.FileUtils (LogUtils.java:runAndLog(49)) - Successfully ran Files.delete /home/runner/work/ratis/ratis/ratis-examples/target/test/data/da5193cb/MiniRaftClusterWithNetty71855ece/s2/61d79bd1-1749-4ece-bd8b-a9c62f8e94d0/in_use.lock
2024-12-14 12:26:11,566 TRACE util.FileUtils (LogUtils.java:runAndLog(49)) - Successfully ran Files.delete /home/runner/work/ratis/ratis/ratis-examples/target/test/data/da5193cb/MiniRaftClusterWithNetty71855ece/s2/61d79bd1-1749-4ece-bd8b-a9c62f8e94d0/sm
2024-12-14 12:26:11,566 TRACE util.FileUtils (LogUtils.java:runAndLog(49)) - Successfully ran Files.delete /home/runner/work/ratis/ratis/ratis-examples/target/test/data/da5193cb/MiniRaftClusterWithNetty71855ece/s2/61d79bd1-1749-4ece-bd8b-a9c62f8e94d0
2024-12-14 12:26:11,566 INFO  server.RaftServer$Division (RaftServerImpl.java:groupRemove(484)) - s2@group-A9C62F8E94D0: Succeed to remove RaftStorageDirectory Storage Directory /home/runner/work/ratis/ratis/ratis-examples/target/test/data/da5193cb/MiniRaftClusterWithNetty71855ece/s2/61d79bd1-1749-4ece-bd8b-a9c62f8e94d0
2024-12-14 12:26:11,568 INFO  impl.GroupManagementBaseTest (GroupManagementBaseTest.java:runMultiGroupTest(299)) - 3) close printing group-083B19539B1B
  s4:  RUNNING [
   FOLLOWER s4@group-083B19539B1B:t1, leader=s5, voted=s5, raftlog=Memoized:s4@group-083B19539B1B-SegmentedRaftLog:OPENED:c120:last(t:1, i:120), conf=conf: {index: 0, cur=peers:[s4|0.0.0.0:15019, s5|0.0.0.0:15020, s6|0.0.0.0:15021]|listeners:[], old=null} RUNNING
   FOLLOWER s4@group-0A0C1A18FF69:t0, leader=null, voted=, raftlog=Memoized:s4@group-0A0C1A18FF69-SegmentedRaftLog:OPENED:c-1:lastnull, conf=conf: {index: -1, cur=peers:[]|listeners:[], old=null} STARTING] size=2
  s5:  RUNNING [
     LEADER s5@group-083B19539B1B:t1, leader=s5, voted=s5, raftlog=Memoized:s5@group-083B19539B1B-SegmentedRaftLog:OPENED:c120:last(t:1, i:120), conf=conf: {index: 0, cur=peers:[s4|0.0.0.0:15019, s5|0.0.0.0:15020, s6|0.0.0.0:15021]|listeners:[], old=null} RUNNING
   FOLLOWER s5@group-0A0C1A18FF69:t0, leader=null, voted=, raftlog=Memoized:s5@group-0A0C1A18FF69-SegmentedRaftLog:OPENED:c-1:lastnull, conf=conf: {index: -1, cur=peers:[]|listeners:[], old=null} STARTING] size=2
  s6:  RUNNING [
   FOLLOWER s6@group-083B19539B1B:t1, leader=s5, voted=s5, raftlog=Memoized:s6@group-083B19539B1B-SegmentedRaftLog:OPENED:c120:last(t:1, i:120), conf=conf: {index: 0, cur=peers:[s4|0.0.0.0:15019, s5|0.0.0.0:15020, s6|0.0.0.0:15021]|listeners:[], old=null} RUNNING
   FOLLOWER s6@group-0A0C1A18FF69:t0, leader=null, voted=, raftlog=Memoized:s6@group-0A0C1A18FF69-SegmentedRaftLog:OPENED:c-1:lastnull, conf=conf: {index: -1, cur=peers:[]|listeners:[], old=null} STARTING] size=2
2024-12-14 12:26:11,569 INFO  netty.NettyUtils (NettyUtils.java:newEventLoopGroup(74)) - Create EpollEventLoopGroup for client-F5D411395533; Thread size is 0.
2024-12-14 12:26:11,570 INFO  logging.LoggingHandler (AbstractInternalLogger.java:log(148)) - [id: 0x0977b22d, L:/0.0.0.0:15019] READ: [id: 0xb478d6be, L:/127.0.0.1:15019 - R:/127.0.0.1:58464]
2024-12-14 12:26:11,570 INFO  logging.LoggingHandler (AbstractInternalLogger.java:log(148)) - [id: 0x0977b22d, L:/0.0.0.0:15019] READ COMPLETE
2024-12-14 12:26:11,570 INFO  server.RaftServer (RaftServerProxy.java:remove(112)) - s4: remove  FOLLOWER s4@group-083B19539B1B:t1, leader=s5, voted=s5, raftlog=Memoized:s4@group-083B19539B1B-SegmentedRaftLog:OPENED:c120:last(t:1, i:120), conf=conf: {index: 0, cur=peers:[s4|0.0.0.0:15019, s5|0.0.0.0:15020, s6|0.0.0.0:15021]|listeners:[], old=null} RUNNING
2024-12-14 12:26:11,571 INFO  server.RaftServer$Division (RaftServerImpl.java:lambda$close$1(514)) - s4@group-083B19539B1B: shutdown
2024-12-14 12:26:11,571 INFO  util.JmxRegister (JmxRegister.java:unregister(74)) - Successfully un-registered JMX Bean with object name Ratis:service=RaftServer,group=group-083B19539B1B,id=s4
2024-12-14 12:26:11,571 INFO  impl.RoleInfo (RoleInfo.java:shutdownFollowerState(121)) - s4: shutdown s4@group-083B19539B1B-FollowerState
2024-12-14 12:26:11,571 INFO  impl.StateMachineUpdater (StateMachineUpdater.java:stopAndJoin(164)) - s4@group-083B19539B1B-StateMachineUpdater: set stopIndex = 120
2024-12-14 12:26:11,571 INFO  impl.StateMachineUpdater (StateMachineUpdater.java:stop(141)) - s4@group-083B19539B1B-StateMachineUpdater: closing ArithmeticStateMachine, lastApplied=(t:1, i:120)
2024-12-14 12:26:11,571 INFO  impl.FollowerState (FollowerState.java:runImpl(170)) - s4@group-083B19539B1B-FollowerState was interrupted
2024-12-14 12:26:11,571 INFO  raftlog.RaftLog (SegmentedRaftLog.java:close(568)) - Start closing s4@group-083B19539B1B-SegmentedRaftLog:OPENED:c120:last(t:1, i:120)
2024-12-14 12:26:11,571 INFO  util.AwaitToRun (AwaitToRun.java:run(49)) - s4@group-083B19539B1B-cacheEviction-AwaitToRun-AwaitForSignal is interrupted
2024-12-14 12:26:11,572 INFO  segmented.LogSegment (LogSegment.java:close(349)) - Successfully closed EntryCache-log_inprogress_0
2024-12-14 12:26:11,629 WARN  leader.LogAppender (LogAppenderDefault.java:sendAppendEntriesWithRetries(85)) - s5@group-083B19539B1B->s4-LogAppenderDefault: Failed to appendEntries (retry=0)
org.apache.ratis.protocol.exceptions.GroupMismatchException: s4: group-083B19539B1B not found.
	at org.apache.ratis.server.impl.RaftServerProxy$ImplMap.get(RaftServerProxy.java:156)
	at org.apache.ratis.server.impl.RaftServerProxy.getImplFuture(RaftServerProxy.java:366)
	at org.apache.ratis.server.impl.RaftServerProxy.getImpl(RaftServerProxy.java:375)
	at org.apache.ratis.server.impl.RaftServerProxy.getImpl(RaftServerProxy.java:370)
	at org.apache.ratis.server.impl.RaftServerProxy.appendEntries(RaftServerProxy.java:671)
	at org.apache.ratis.netty.server.NettyRpcService.handle(NettyRpcService.java:234)
	at org.apache.ratis.netty.server.NettyRpcService$InboundHandler.channelRead0(NettyRpcService.java:94)
	at org.apache.ratis.netty.server.NettyRpcService$InboundHandler.channelRead0(NettyRpcService.java:90)
	at org.apache.ratis.thirdparty.io.netty.channel.SimpleChannelInboundHandler.channelRead(SimpleChannelInboundHandler.java:99)
	at org.apache.ratis.thirdparty.io.netty.channel.AbstractChannelHandlerContext.invokeChannelRead(AbstractChannelHandlerContext.java:444)
	at org.apache.ratis.thirdparty.io.netty.channel.AbstractChannelHandlerContext.invokeChannelRead(AbstractChannelHandlerContext.java:420)
	at org.apache.ratis.thirdparty.io.netty.channel.AbstractChannelHandlerContext.fireChannelRead(AbstractChannelHandlerContext.java:412)
	at org.apache.ratis.thirdparty.io.netty.handler.codec.MessageToMessageDecoder.channelRead(MessageToMessageDecoder.java:103)
	at org.apache.ratis.thirdparty.io.netty.channel.AbstractChannelHandlerContext.invokeChannelRead(AbstractChannelHandlerContext.java:444)
	at org.apache.ratis.thirdparty.io.netty.channel.AbstractChannelHandlerContext.invokeChannelRead(AbstractChannelHandlerContext.java:420)
	at org.apache.ratis.thirdparty.io.netty.channel.AbstractChannelHandlerContext.fireChannelRead(AbstractChannelHandlerContext.java:412)
	at org.apache.ratis.thirdparty.io.netty.handler.codec.ByteToMessageDecoder.fireChannelRead(ByteToMessageDecoder.java:346)
	at org.apache.ratis.thirdparty.io.netty.handler.codec.ByteToMessageDecoder.channelRead(ByteToMessageDecoder.java:318)
	at org.apache.ratis.thirdparty.io.netty.channel.AbstractChannelHandlerContext.invokeChannelRead(AbstractChannelHandlerContext.java:444)
	at org.apache.ratis.thirdparty.io.netty.channel.AbstractChannelHandlerContext.invokeChannelRead(AbstractChannelHandlerContext.java:420)
	at org.apache.ratis.thirdparty.io.netty.channel.AbstractChannelHandlerContext.fireChannelRead(AbstractChannelHandlerContext.java:412)
	at org.apache.ratis.thirdparty.io.netty.channel.DefaultChannelPipeline$HeadContext.channelRead(DefaultChannelPipeline.java:1410)
	at org.apache.ratis.thirdparty.io.netty.channel.AbstractChannelHandlerContext.invokeChannelRead(AbstractChannelHandlerContext.java:440)
	at org.apache.ratis.thirdparty.io.netty.channel.AbstractChannelHandlerContext.invokeChannelRead(AbstractChannelHandlerContext.java:420)
	at org.apache.ratis.thirdparty.io.netty.channel.DefaultChannelPipeline.fireChannelRead(DefaultChannelPipeline.java:919)
	at org.apache.ratis.thirdparty.io.netty.channel.epoll.AbstractEpollStreamChannel$EpollStreamUnsafe.epollInReady(AbstractEpollStreamChannel.java:801)
	at org.apache.ratis.thirdparty.io.netty.channel.epoll.EpollEventLoop.processReady(EpollEventLoop.java:501)
	at org.apache.ratis.thirdparty.io.netty.channel.epoll.EpollEventLoop.run(EpollEventLoop.java:399)
	at org.apache.ratis.thirdparty.io.netty.util.concurrent.SingleThreadEventExecutor$4.run(SingleThreadEventExecutor.java:997)
	at org.apache.ratis.thirdparty.io.netty.util.internal.ThreadExecutorMap$2.run(ThreadExecutorMap.java:74)
	at java.lang.Thread.run(Thread.java:750)
2024-12-14 12:26:11,705 WARN  leader.LogAppender (LogAppenderDefault.java:sendAppendEntriesWithRetries(85)) - s5@group-083B19539B1B->s4-LogAppenderDefault: Failed to appendEntries (retry=0)
org.apache.ratis.protocol.exceptions.GroupMismatchException: s4: group-083B19539B1B not found.
	at org.apache.ratis.server.impl.RaftServerProxy$ImplMap.get(RaftServerProxy.java:156)
	at org.apache.ratis.server.impl.RaftServerProxy.getImplFuture(RaftServerProxy.java:366)
	at org.apache.ratis.server.impl.RaftServerProxy.getImpl(RaftServerProxy.java:375)
	at org.apache.ratis.server.impl.RaftServerProxy.getImpl(RaftServerProxy.java:370)
	at org.apache.ratis.server.impl.RaftServerProxy.appendEntries(RaftServerProxy.java:671)
	at org.apache.ratis.netty.server.NettyRpcService.handle(NettyRpcService.java:234)
	at org.apache.ratis.netty.server.NettyRpcService$InboundHandler.channelRead0(NettyRpcService.java:94)
	at org.apache.ratis.netty.server.NettyRpcService$InboundHandler.channelRead0(NettyRpcService.java:90)
	at org.apache.ratis.thirdparty.io.netty.channel.SimpleChannelInboundHandler.channelRead(SimpleChannelInboundHandler.java:99)
	at org.apache.ratis.thirdparty.io.netty.channel.AbstractChannelHandlerContext.invokeChannelRead(AbstractChannelHandlerContext.java:444)
	at org.apache.ratis.thirdparty.io.netty.channel.AbstractChannelHandlerContext.invokeChannelRead(AbstractChannelHandlerContext.java:420)
	at org.apache.ratis.thirdparty.io.netty.channel.AbstractChannelHandlerContext.fireChannelRead(AbstractChannelHandlerContext.java:412)
	at org.apache.ratis.thirdparty.io.netty.handler.codec.MessageToMessageDecoder.channelRead(MessageToMessageDecoder.java:103)
	at org.apache.ratis.thirdparty.io.netty.channel.AbstractChannelHandlerContext.invokeChannelRead(AbstractChannelHandlerContext.java:444)
	at org.apache.ratis.thirdparty.io.netty.channel.AbstractChannelHandlerContext.invokeChannelRead(AbstractChannelHandlerContext.java:420)
	at org.apache.ratis.thirdparty.io.netty.channel.AbstractChannelHandlerContext.fireChannelRead(AbstractChannelHandlerContext.java:412)
	at org.apache.ratis.thirdparty.io.netty.handler.codec.ByteToMessageDecoder.fireChannelRead(ByteToMessageDecoder.java:346)
	at org.apache.ratis.thirdparty.io.netty.handler.codec.ByteToMessageDecoder.channelRead(ByteToMessageDecoder.java:318)
	at org.apache.ratis.thirdparty.io.netty.channel.AbstractChannelHandlerContext.invokeChannelRead(AbstractChannelHandlerContext.java:444)
	at org.apache.ratis.thirdparty.io.netty.channel.AbstractChannelHandlerContext.invokeChannelRead(AbstractChannelHandlerContext.java:420)
	at org.apache.ratis.thirdparty.io.netty.channel.AbstractChannelHandlerContext.fireChannelRead(AbstractChannelHandlerContext.java:412)
	at org.apache.ratis.thirdparty.io.netty.channel.DefaultChannelPipeline$HeadContext.channelRead(DefaultChannelPipeline.java:1410)
	at org.apache.ratis.thirdparty.io.netty.channel.AbstractChannelHandlerContext.invokeChannelRead(AbstractChannelHandlerContext.java:440)
	at org.apache.ratis.thirdparty.io.netty.channel.AbstractChannelHandlerContext.invokeChannelRead(AbstractChannelHandlerContext.java:420)
	at org.apache.ratis.thirdparty.io.netty.channel.DefaultChannelPipeline.fireChannelRead(DefaultChannelPipeline.java:919)
	at org.apache.ratis.thirdparty.io.netty.channel.epoll.AbstractEpollStreamChannel$EpollStreamUnsafe.epollInReady(AbstractEpollStreamChannel.java:801)
	at org.apache.ratis.thirdparty.io.netty.channel.epoll.EpollEventLoop.processReady(EpollEventLoop.java:501)
	at org.apache.ratis.thirdparty.io.netty.channel.epoll.EpollEventLoop.run(EpollEventLoop.java:399)
	at org.apache.ratis.thirdparty.io.netty.util.concurrent.SingleThreadEventExecutor$4.run(SingleThreadEventExecutor.java:997)
	at org.apache.ratis.thirdparty.io.netty.util.internal.ThreadExecutorMap$2.run(ThreadExecutorMap.java:74)
	at java.lang.Thread.run(Thread.java:750)
2024-12-14 12:26:11,758 INFO  segmented.SegmentedRaftLogWorker (SegmentedRaftLogWorker.java:close(254)) - s4@group-083B19539B1B-SegmentedRaftLogWorker close()
2024-12-14 12:26:11,759 INFO  raftlog.RaftLog (SegmentedRaftLog.java:close(576)) - Successfully closed s4@group-083B19539B1B-SegmentedRaftLog:CLOSED:c120
2024-12-14 12:26:11,759 TRACE util.FileUtils (FileUtils.java:deleteFully(307)) - deleteFully /home/runner/work/ratis/ratis/ratis-examples/target/test/data/da5193cb/MiniRaftClusterWithNetty71855ece/s4/f72319ef-8bb9-4300-aa15-083b19539b1b
2024-12-14 12:26:11,759 TRACE util.FileUtils (LogUtils.java:runAndLog(49)) - Successfully ran Files.delete /home/runner/work/ratis/ratis/ratis-examples/target/test/data/da5193cb/MiniRaftClusterWithNetty71855ece/s4/f72319ef-8bb9-4300-aa15-083b19539b1b/current/raft-meta.conf
2024-12-14 12:26:11,759 TRACE util.FileUtils (LogUtils.java:runAndLog(49)) - Successfully ran Files.delete /home/runner/work/ratis/ratis/ratis-examples/target/test/data/da5193cb/MiniRaftClusterWithNetty71855ece/s4/f72319ef-8bb9-4300-aa15-083b19539b1b/current/log_inprogress_0
2024-12-14 12:26:11,760 TRACE util.FileUtils (LogUtils.java:runAndLog(49)) - Successfully ran Files.delete /home/runner/work/ratis/ratis/ratis-examples/target/test/data/da5193cb/MiniRaftClusterWithNetty71855ece/s4/f72319ef-8bb9-4300-aa15-083b19539b1b/current/raft-meta
2024-12-14 12:26:11,760 TRACE util.FileUtils (LogUtils.java:runAndLog(49)) - Successfully ran Files.delete /home/runner/work/ratis/ratis/ratis-examples/target/test/data/da5193cb/MiniRaftClusterWithNetty71855ece/s4/f72319ef-8bb9-4300-aa15-083b19539b1b/current
2024-12-14 12:26:11,760 TRACE util.FileUtils (LogUtils.java:runAndLog(49)) - Successfully ran Files.delete /home/runner/work/ratis/ratis/ratis-examples/target/test/data/da5193cb/MiniRaftClusterWithNetty71855ece/s4/f72319ef-8bb9-4300-aa15-083b19539b1b/in_use.lock
2024-12-14 12:26:11,760 TRACE util.FileUtils (LogUtils.java:runAndLog(49)) - Successfully ran Files.delete /home/runner/work/ratis/ratis/ratis-examples/target/test/data/da5193cb/MiniRaftClusterWithNetty71855ece/s4/f72319ef-8bb9-4300-aa15-083b19539b1b/sm
2024-12-14 12:26:11,760 TRACE util.FileUtils (LogUtils.java:runAndLog(49)) - Successfully ran Files.delete /home/runner/work/ratis/ratis/ratis-examples/target/test/data/da5193cb/MiniRaftClusterWithNetty71855ece/s4/f72319ef-8bb9-4300-aa15-083b19539b1b
2024-12-14 12:26:11,760 INFO  server.RaftServer$Division (RaftServerImpl.java:groupRemove(484)) - s4@group-083B19539B1B: Succeed to remove RaftStorageDirectory Storage Directory /home/runner/work/ratis/ratis/ratis-examples/target/test/data/da5193cb/MiniRaftClusterWithNetty71855ece/s4/f72319ef-8bb9-4300-aa15-083b19539b1b
2024-12-14 12:26:11,762 INFO  netty.NettyUtils (NettyUtils.java:newEventLoopGroup(74)) - Create EpollEventLoopGroup for client-705876A501F8; Thread size is 0.
2024-12-14 12:26:11,763 INFO  logging.LoggingHandler (AbstractInternalLogger.java:log(148)) - [id: 0xb8bf086a, L:/0.0.0.0:15020] READ: [id: 0xed905e5b, L:/127.0.0.1:15020 - R:/127.0.0.1:44334]
2024-12-14 12:26:11,763 INFO  logging.LoggingHandler (AbstractInternalLogger.java:log(148)) - [id: 0xb8bf086a, L:/0.0.0.0:15020] READ COMPLETE
2024-12-14 12:26:11,763 INFO  server.RaftServer (RaftServerProxy.java:remove(112)) - s5: remove    LEADER s5@group-083B19539B1B:t1, leader=s5, voted=s5, raftlog=Memoized:s5@group-083B19539B1B-SegmentedRaftLog:OPENED:c120:last(t:1, i:120), conf=conf: {index: 0, cur=peers:[s4|0.0.0.0:15019, s5|0.0.0.0:15020, s6|0.0.0.0:15021]|listeners:[], old=null} RUNNING
2024-12-14 12:26:11,763 INFO  server.RaftServer$Division (RaftServerImpl.java:lambda$close$1(514)) - s5@group-083B19539B1B: shutdown
2024-12-14 12:26:11,763 INFO  util.JmxRegister (JmxRegister.java:unregister(74)) - Successfully un-registered JMX Bean with object name Ratis:service=RaftServer,group=group-083B19539B1B,id=s5
2024-12-14 12:26:11,764 INFO  impl.RoleInfo (RoleInfo.java:shutdownLeaderState(103)) - s5: shutdown s5@group-083B19539B1B-LeaderStateImpl
2024-12-14 12:26:11,764 INFO  leader.LogAppenderDaemon (LogAppenderDaemon.java:run(85)) - s5@group-083B19539B1B->s4-LogAppenderDefault-LogAppenderDaemon was interrupted: java.lang.InterruptedException
2024-12-14 12:26:11,764 INFO  impl.PendingRequests (PendingRequests.java:sendNotLeaderResponses(287)) - s5@group-083B19539B1B-PendingRequests: sendNotLeaderResponses
2024-12-14 12:26:11,764 INFO  leader.LogAppenderDaemon (LogAppenderDaemon.java:run(85)) - s5@group-083B19539B1B->s6-LogAppenderDefault-LogAppenderDaemon was interrupted: java.lang.InterruptedException
2024-12-14 12:26:11,765 INFO  impl.StateMachineUpdater (StateMachineUpdater.java:stopAndJoin(164)) - s5@group-083B19539B1B-StateMachineUpdater: set stopIndex = 120
2024-12-14 12:26:11,765 INFO  impl.StateMachineUpdater (StateMachineUpdater.java:stop(141)) - s5@group-083B19539B1B-StateMachineUpdater: closing ArithmeticStateMachine, lastApplied=(t:1, i:120)
2024-12-14 12:26:11,765 INFO  raftlog.RaftLog (SegmentedRaftLog.java:close(568)) - Start closing s5@group-083B19539B1B-SegmentedRaftLog:OPENED:c120:last(t:1, i:120)
2024-12-14 12:26:11,765 INFO  util.AwaitToRun (AwaitToRun.java:run(49)) - s5@group-083B19539B1B-cacheEviction-AwaitToRun-AwaitForSignal is interrupted
2024-12-14 12:26:11,765 INFO  segmented.LogSegment (LogSegment.java:close(349)) - Successfully closed EntryCache-log_inprogress_0
2024-12-14 12:26:12,229 INFO  impl.FollowerState (FollowerState.java:runImpl(161)) - s6@group-083B19539B1B-FollowerState: change to CANDIDATE, lastRpcElapsedTime:600845942ns, electionTimeout:524ms
2024-12-14 12:26:12,229 INFO  impl.RoleInfo (RoleInfo.java:shutdownFollowerState(121)) - s6: shutdown s6@group-083B19539B1B-FollowerState
2024-12-14 12:26:12,229 INFO  server.RaftServer$Division (RaftServerImpl.java:setRole(379)) - s6@group-083B19539B1B: changes role from  FOLLOWER to CANDIDATE at term 1 for changeToCandidate
2024-12-14 12:26:12,229 INFO  server.RaftServerConfigKeys (ConfUtils.java:logGet(46)) - raft.server.leaderelection.pre-vote = true (default)
2024-12-14 12:26:12,229 INFO  impl.RoleInfo (RoleInfo.java:updateAndGet(148)) - s6: start s6@group-083B19539B1B-LeaderElection27
2024-12-14 12:26:12,230 INFO  server.RaftServer$Division (ServerState.java:setLeader(272)) - s6@group-083B19539B1B: change Leader from s5 to null at term 1 for PRE_VOTE
2024-12-14 12:26:12,230 INFO  impl.LeaderElection (LeaderElection.java:askForVotes(332)) - s6@group-083B19539B1B-LeaderElection27 PRE_VOTE round 0: submit vote requests at term 1 for conf: {index: 0, cur=peers:[s4|0.0.0.0:15019, s5|0.0.0.0:15020, s6|0.0.0.0:15021]|listeners:[], old=null}
2024-12-14 12:26:12,231 INFO  logging.LoggingHandler (AbstractInternalLogger.java:log(148)) - [id: 0xb8bf086a, L:/0.0.0.0:15020] READ: [id: 0x479db3eb, L:/127.0.0.1:15020 - R:/127.0.0.1:44344]
2024-12-14 12:26:12,231 INFO  logging.LoggingHandler (AbstractInternalLogger.java:log(148)) - [id: 0x0977b22d, L:/0.0.0.0:15019] READ: [id: 0xd3b367b0, L:/127.0.0.1:15019 - R:/127.0.0.1:58480]
2024-12-14 12:26:12,231 INFO  logging.LoggingHandler (AbstractInternalLogger.java:log(148)) - [id: 0xb8bf086a, L:/0.0.0.0:15020] READ COMPLETE
2024-12-14 12:26:12,237 INFO  logging.LoggingHandler (AbstractInternalLogger.java:log(148)) - [id: 0x0977b22d, L:/0.0.0.0:15019] READ COMPLETE
2024-12-14 12:26:12,237 INFO  impl.LeaderElection (LogUtils.java:infoOrTrace(142)) - s6@group-083B19539B1B-LeaderElection27 got exception when requesting votes: java.util.concurrent.ExecutionException: org.apache.ratis.protocol.exceptions.GroupMismatchException: s5: group-083B19539B1B not found.
2024-12-14 12:26:12,238 INFO  impl.LeaderElection (LogUtils.java:infoOrTrace(142)) - s6@group-083B19539B1B-LeaderElection27 got exception when requesting votes: java.util.concurrent.ExecutionException: org.apache.ratis.protocol.exceptions.GroupMismatchException: s4: group-083B19539B1B not found.
2024-12-14 12:26:12,238 INFO  impl.LeaderElection (LeaderElection.java:logAndReturn(90)) - s6@group-083B19539B1B-LeaderElection27: PRE_VOTE REJECTED received 0 response(s) and 2 exception(s):
2024-12-14 12:26:12,238 INFO  impl.LeaderElection (LogUtils.java:infoOrTrace(142)) -   Exception 0: java.util.concurrent.ExecutionException: org.apache.ratis.protocol.exceptions.GroupMismatchException: s5: group-083B19539B1B not found.
2024-12-14 12:26:12,238 INFO  impl.LeaderElection (LogUtils.java:infoOrTrace(142)) -   Exception 1: java.util.concurrent.ExecutionException: org.apache.ratis.protocol.exceptions.GroupMismatchException: s4: group-083B19539B1B not found.
2024-12-14 12:26:12,238 INFO  impl.LeaderElection (LeaderElection.java:askForVotes(334)) - s6@group-083B19539B1B-LeaderElection27 PRE_VOTE round 0: result REJECTED
2024-12-14 12:26:12,238 INFO  server.RaftServer$Division (RaftServerImpl.java:setRole(379)) - s6@group-083B19539B1B: changes role from CANDIDATE to FOLLOWER at term 1 for REJECTED
2024-12-14 12:26:12,238 INFO  impl.RoleInfo (RoleInfo.java:shutdownLeaderElection(141)) - s6: shutdown s6@group-083B19539B1B-LeaderElection27
2024-12-14 12:26:12,238 INFO  impl.RoleInfo (RoleInfo.java:updateAndGet(148)) - s6: start s6@group-083B19539B1B-FollowerState
2024-12-14 12:26:12,701 INFO  impl.FollowerState (FollowerState.java:runImpl(161)) - s6@group-083B19539B1B-FollowerState: change to CANDIDATE, lastRpcElapsedTime:463252704ns, electionTimeout:463ms
2024-12-14 12:26:12,701 INFO  impl.RoleInfo (RoleInfo.java:shutdownFollowerState(121)) - s6: shutdown s6@group-083B19539B1B-FollowerState
2024-12-14 12:26:12,702 INFO  server.RaftServer$Division (RaftServerImpl.java:setRole(379)) - s6@group-083B19539B1B: changes role from  FOLLOWER to CANDIDATE at term 1 for changeToCandidate
2024-12-14 12:26:12,702 INFO  server.RaftServerConfigKeys (ConfUtils.java:logGet(46)) - raft.server.leaderelection.pre-vote = true (default)
2024-12-14 12:26:12,702 INFO  impl.RoleInfo (RoleInfo.java:updateAndGet(148)) - s6: start s6@group-083B19539B1B-LeaderElection28
2024-12-14 12:26:12,702 INFO  impl.LeaderElection (LeaderElection.java:askForVotes(332)) - s6@group-083B19539B1B-LeaderElection28 PRE_VOTE round 0: submit vote requests at term 1 for conf: {index: 0, cur=peers:[s4|0.0.0.0:15019, s5|0.0.0.0:15020, s6|0.0.0.0:15021]|listeners:[], old=null}
2024-12-14 12:26:12,704 INFO  impl.LeaderElection (LogUtils.java:infoOrTrace(142)) - s6@group-083B19539B1B-LeaderElection28 got exception when requesting votes: java.util.concurrent.ExecutionException: org.apache.ratis.protocol.exceptions.GroupMismatchException: s5: group-083B19539B1B not found.
2024-12-14 12:26:12,704 INFO  impl.LeaderElection (LogUtils.java:infoOrTrace(142)) - s6@group-083B19539B1B-LeaderElection28 got exception when requesting votes: java.util.concurrent.ExecutionException: org.apache.ratis.protocol.exceptions.GroupMismatchException: s4: group-083B19539B1B not found.
2024-12-14 12:26:12,704 INFO  impl.LeaderElection (LeaderElection.java:logAndReturn(90)) - s6@group-083B19539B1B-LeaderElection28: PRE_VOTE REJECTED received 0 response(s) and 2 exception(s):
2024-12-14 12:26:12,704 INFO  impl.LeaderElection (LogUtils.java:infoOrTrace(142)) -   Exception 0: java.util.concurrent.ExecutionException: org.apache.ratis.protocol.exceptions.GroupMismatchException: s5: group-083B19539B1B not found.
2024-12-14 12:26:12,704 INFO  impl.LeaderElection (LogUtils.java:infoOrTrace(142)) -   Exception 1: java.util.concurrent.ExecutionException: org.apache.ratis.protocol.exceptions.GroupMismatchException: s4: group-083B19539B1B not found.
2024-12-14 12:26:12,704 INFO  impl.LeaderElection (LeaderElection.java:askForVotes(334)) - s6@group-083B19539B1B-LeaderElection28 PRE_VOTE round 0: result REJECTED
2024-12-14 12:26:12,704 INFO  server.RaftServer$Division (RaftServerImpl.java:setRole(379)) - s6@group-083B19539B1B: changes role from CANDIDATE to FOLLOWER at term 1 for REJECTED
2024-12-14 12:26:12,704 INFO  impl.RoleInfo (RoleInfo.java:shutdownLeaderElection(141)) - s6: shutdown s6@group-083B19539B1B-LeaderElection28
2024-12-14 12:26:12,704 INFO  impl.RoleInfo (RoleInfo.java:updateAndGet(148)) - s6: start s6@group-083B19539B1B-FollowerState
2024-12-14 12:26:12,757 INFO  segmented.SegmentedRaftLogWorker (SegmentedRaftLogWorker.java:close(254)) - s5@group-083B19539B1B-SegmentedRaftLogWorker close()
2024-12-14 12:26:12,758 INFO  raftlog.RaftLog (SegmentedRaftLog.java:close(576)) - Successfully closed s5@group-083B19539B1B-SegmentedRaftLog:CLOSED:c120
2024-12-14 12:26:12,758 TRACE util.FileUtils (FileUtils.java:deleteFully(307)) - deleteFully /home/runner/work/ratis/ratis/ratis-examples/target/test/data/da5193cb/MiniRaftClusterWithNetty71855ece/s5/f72319ef-8bb9-4300-aa15-083b19539b1b
2024-12-14 12:26:12,758 TRACE util.FileUtils (LogUtils.java:runAndLog(49)) - Successfully ran Files.delete /home/runner/work/ratis/ratis/ratis-examples/target/test/data/da5193cb/MiniRaftClusterWithNetty71855ece/s5/f72319ef-8bb9-4300-aa15-083b19539b1b/current/raft-meta.conf
2024-12-14 12:26:12,758 TRACE util.FileUtils (LogUtils.java:runAndLog(49)) - Successfully ran Files.delete /home/runner/work/ratis/ratis/ratis-examples/target/test/data/da5193cb/MiniRaftClusterWithNetty71855ece/s5/f72319ef-8bb9-4300-aa15-083b19539b1b/current/log_inprogress_0
2024-12-14 12:26:12,759 TRACE util.FileUtils (LogUtils.java:runAndLog(49)) - Successfully ran Files.delete /home/runner/work/ratis/ratis/ratis-examples/target/test/data/da5193cb/MiniRaftClusterWithNetty71855ece/s5/f72319ef-8bb9-4300-aa15-083b19539b1b/current/raft-meta
2024-12-14 12:26:12,759 TRACE util.FileUtils (LogUtils.java:runAndLog(49)) - Successfully ran Files.delete /home/runner/work/ratis/ratis/ratis-examples/target/test/data/da5193cb/MiniRaftClusterWithNetty71855ece/s5/f72319ef-8bb9-4300-aa15-083b19539b1b/current
2024-12-14 12:26:12,759 TRACE util.FileUtils (LogUtils.java:runAndLog(49)) - Successfully ran Files.delete /home/runner/work/ratis/ratis/ratis-examples/target/test/data/da5193cb/MiniRaftClusterWithNetty71855ece/s5/f72319ef-8bb9-4300-aa15-083b19539b1b/in_use.lock
2024-12-14 12:26:12,759 TRACE util.FileUtils (LogUtils.java:runAndLog(49)) - Successfully ran Files.delete /home/runner/work/ratis/ratis/ratis-examples/target/test/data/da5193cb/MiniRaftClusterWithNetty71855ece/s5/f72319ef-8bb9-4300-aa15-083b19539b1b/sm
2024-12-14 12:26:12,759 TRACE util.FileUtils (LogUtils.java:runAndLog(49)) - Successfully ran Files.delete /home/runner/work/ratis/ratis/ratis-examples/target/test/data/da5193cb/MiniRaftClusterWithNetty71855ece/s5/f72319ef-8bb9-4300-aa15-083b19539b1b
2024-12-14 12:26:12,759 INFO  server.RaftServer$Division (RaftServerImpl.java:groupRemove(484)) - s5@group-083B19539B1B: Succeed to remove RaftStorageDirectory Storage Directory /home/runner/work/ratis/ratis/ratis-examples/target/test/data/da5193cb/MiniRaftClusterWithNetty71855ece/s5/f72319ef-8bb9-4300-aa15-083b19539b1b
2024-12-14 12:26:12,761 INFO  netty.NettyUtils (NettyUtils.java:newEventLoopGroup(74)) - Create EpollEventLoopGroup for client-E714FC158721; Thread size is 0.
2024-12-14 12:26:12,762 INFO  logging.LoggingHandler (AbstractInternalLogger.java:log(148)) - [id: 0xc03d2d0e, L:/0.0.0.0:15021] READ: [id: 0x93f45c86, L:/127.0.0.1:15021 - R:/127.0.0.1:45482]
2024-12-14 12:26:12,762 INFO  logging.LoggingHandler (AbstractInternalLogger.java:log(148)) - [id: 0xc03d2d0e, L:/0.0.0.0:15021] READ COMPLETE
2024-12-14 12:26:12,762 INFO  server.RaftServer (RaftServerProxy.java:remove(112)) - s6: remove  FOLLOWER s6@group-083B19539B1B:t1, leader=null, voted=s5, raftlog=Memoized:s6@group-083B19539B1B-SegmentedRaftLog:OPENED:c120:last(t:1, i:120), conf=conf: {index: 0, cur=peers:[s4|0.0.0.0:15019, s5|0.0.0.0:15020, s6|0.0.0.0:15021]|listeners:[], old=null} RUNNING
2024-12-14 12:26:12,763 INFO  server.RaftServer$Division (RaftServerImpl.java:lambda$close$1(514)) - s6@group-083B19539B1B: shutdown
2024-12-14 12:26:12,763 INFO  util.JmxRegister (JmxRegister.java:unregister(74)) - Successfully un-registered JMX Bean with object name Ratis:service=RaftServer,group=group-083B19539B1B,id=s6
2024-12-14 12:26:12,763 INFO  impl.RoleInfo (RoleInfo.java:shutdownFollowerState(121)) - s6: shutdown s6@group-083B19539B1B-FollowerState
2024-12-14 12:26:12,763 INFO  impl.StateMachineUpdater (StateMachineUpdater.java:stopAndJoin(164)) - s6@group-083B19539B1B-StateMachineUpdater: set stopIndex = 120
2024-12-14 12:26:12,763 INFO  impl.StateMachineUpdater (StateMachineUpdater.java:stop(141)) - s6@group-083B19539B1B-StateMachineUpdater: closing ArithmeticStateMachine, lastApplied=(t:1, i:120)
2024-12-14 12:26:12,763 INFO  impl.FollowerState (FollowerState.java:runImpl(170)) - s6@group-083B19539B1B-FollowerState was interrupted
2024-12-14 12:26:12,763 INFO  raftlog.RaftLog (SegmentedRaftLog.java:close(568)) - Start closing s6@group-083B19539B1B-SegmentedRaftLog:OPENED:c120:last(t:1, i:120)
2024-12-14 12:26:12,764 INFO  util.AwaitToRun (AwaitToRun.java:run(49)) - s6@group-083B19539B1B-cacheEviction-AwaitToRun-AwaitForSignal is interrupted
2024-12-14 12:26:12,764 INFO  segmented.LogSegment (LogSegment.java:close(349)) - Successfully closed EntryCache-log_inprogress_0
2024-12-14 12:26:13,758 INFO  segmented.SegmentedRaftLogWorker (SegmentedRaftLogWorker.java:close(254)) - s6@group-083B19539B1B-SegmentedRaftLogWorker close()
2024-12-14 12:26:13,759 INFO  raftlog.RaftLog (SegmentedRaftLog.java:close(576)) - Successfully closed s6@group-083B19539B1B-SegmentedRaftLog:CLOSED:c120
2024-12-14 12:26:13,759 TRACE util.FileUtils (FileUtils.java:deleteFully(307)) - deleteFully /home/runner/work/ratis/ratis/ratis-examples/target/test/data/da5193cb/MiniRaftClusterWithNetty71855ece/s6/f72319ef-8bb9-4300-aa15-083b19539b1b
2024-12-14 12:26:13,759 TRACE util.FileUtils (LogUtils.java:runAndLog(49)) - Successfully ran Files.delete /home/runner/work/ratis/ratis/ratis-examples/target/test/data/da5193cb/MiniRaftClusterWithNetty71855ece/s6/f72319ef-8bb9-4300-aa15-083b19539b1b/current/raft-meta.conf
2024-12-14 12:26:13,759 TRACE util.FileUtils (LogUtils.java:runAndLog(49)) - Successfully ran Files.delete /home/runner/work/ratis/ratis/ratis-examples/target/test/data/da5193cb/MiniRaftClusterWithNetty71855ece/s6/f72319ef-8bb9-4300-aa15-083b19539b1b/current/log_inprogress_0
2024-12-14 12:26:13,760 TRACE util.FileUtils (LogUtils.java:runAndLog(49)) - Successfully ran Files.delete /home/runner/work/ratis/ratis/ratis-examples/target/test/data/da5193cb/MiniRaftClusterWithNetty71855ece/s6/f72319ef-8bb9-4300-aa15-083b19539b1b/current/raft-meta
2024-12-14 12:26:13,760 TRACE util.FileUtils (LogUtils.java:runAndLog(49)) - Successfully ran Files.delete /home/runner/work/ratis/ratis/ratis-examples/target/test/data/da5193cb/MiniRaftClusterWithNetty71855ece/s6/f72319ef-8bb9-4300-aa15-083b19539b1b/current
2024-12-14 12:26:13,760 TRACE util.FileUtils (LogUtils.java:runAndLog(49)) - Successfully ran Files.delete /home/runner/work/ratis/ratis/ratis-examples/target/test/data/da5193cb/MiniRaftClusterWithNetty71855ece/s6/f72319ef-8bb9-4300-aa15-083b19539b1b/in_use.lock
2024-12-14 12:26:13,760 TRACE util.FileUtils (LogUtils.java:runAndLog(49)) - Successfully ran Files.delete /home/runner/work/ratis/ratis/ratis-examples/target/test/data/da5193cb/MiniRaftClusterWithNetty71855ece/s6/f72319ef-8bb9-4300-aa15-083b19539b1b/sm
2024-12-14 12:26:13,760 TRACE util.FileUtils (LogUtils.java:runAndLog(49)) - Successfully ran Files.delete /home/runner/work/ratis/ratis/ratis-examples/target/test/data/da5193cb/MiniRaftClusterWithNetty71855ece/s6/f72319ef-8bb9-4300-aa15-083b19539b1b
2024-12-14 12:26:13,760 INFO  server.RaftServer$Division (RaftServerImpl.java:groupRemove(484)) - s6@group-083B19539B1B: Succeed to remove RaftStorageDirectory Storage Directory /home/runner/work/ratis/ratis/ratis-examples/target/test/data/da5193cb/MiniRaftClusterWithNetty71855ece/s6/f72319ef-8bb9-4300-aa15-083b19539b1b
2024-12-14 12:26:13,762 INFO  impl.GroupManagementBaseTest (GroupManagementBaseTest.java:runMultiGroupTest(299)) - 4) close printing group-32ADD6F9BB52
  s7:  RUNNING [
   FOLLOWER s7@group-0A0C1A18FF69:t0, leader=null, voted=, raftlog=Memoized:s7@group-0A0C1A18FF69-SegmentedRaftLog:OPENED:c-1:lastnull, conf=conf: {index: -1, cur=peers:[]|listeners:[], old=null} STARTING
   FOLLOWER s7@group-32ADD6F9BB52:t1, leader=s8, voted=s8, raftlog=Memoized:s7@group-32ADD6F9BB52-SegmentedRaftLog:OPENED:c120:last(t:1, i:120), conf=conf: {index: 0, cur=peers:[s7|0.0.0.0:15022, s8|0.0.0.0:15023, s9|0.0.0.0:15024]|listeners:[], old=null} RUNNING] size=2
  s8:  RUNNING [
   FOLLOWER s8@group-0A0C1A18FF69:t0, leader=null, voted=, raftlog=Memoized:s8@group-0A0C1A18FF69-SegmentedRaftLog:OPENED:c-1:lastnull, conf=conf: {index: -1, cur=peers:[]|listeners:[], old=null} STARTING
     LEADER s8@group-32ADD6F9BB52:t1, leader=s8, voted=s8, raftlog=Memoized:s8@group-32ADD6F9BB52-SegmentedRaftLog:OPENED:c120:last(t:1, i:120), conf=conf: {index: 0, cur=peers:[s7|0.0.0.0:15022, s8|0.0.0.0:15023, s9|0.0.0.0:15024]|listeners:[], old=null} RUNNING] size=2
  s9:  RUNNING [
   FOLLOWER s9@group-0A0C1A18FF69:t0, leader=null, voted=, raftlog=Memoized:s9@group-0A0C1A18FF69-SegmentedRaftLog:OPENED:c-1:lastnull, conf=conf: {index: -1, cur=peers:[]|listeners:[], old=null} STARTING
   FOLLOWER s9@group-32ADD6F9BB52:t1, leader=s8, voted=s8, raftlog=Memoized:s9@group-32ADD6F9BB52-SegmentedRaftLog:OPENED:c120:last(t:1, i:120), conf=conf: {index: 0, cur=peers:[s7|0.0.0.0:15022, s8|0.0.0.0:15023, s9|0.0.0.0:15024]|listeners:[], old=null} RUNNING] size=2
2024-12-14 12:26:13,762 INFO  netty.NettyUtils (NettyUtils.java:newEventLoopGroup(74)) - Create EpollEventLoopGroup for client-5EECA244E405; Thread size is 0.
2024-12-14 12:26:13,763 INFO  logging.LoggingHandler (AbstractInternalLogger.java:log(148)) - [id: 0xef0cc7a9, L:/0.0.0.0:15022] READ: [id: 0xb3eefa8b, L:/127.0.0.1:15022 - R:/127.0.0.1:60002]
2024-12-14 12:26:13,764 INFO  logging.LoggingHandler (AbstractInternalLogger.java:log(148)) - [id: 0xef0cc7a9, L:/0.0.0.0:15022] READ COMPLETE
2024-12-14 12:26:13,765 INFO  server.RaftServer (RaftServerProxy.java:remove(112)) - s7: remove  FOLLOWER s7@group-32ADD6F9BB52:t1, leader=s8, voted=s8, raftlog=Memoized:s7@group-32ADD6F9BB52-SegmentedRaftLog:OPENED:c120:last(t:1, i:120), conf=conf: {index: 0, cur=peers:[s7|0.0.0.0:15022, s8|0.0.0.0:15023, s9|0.0.0.0:15024]|listeners:[], old=null} RUNNING
2024-12-14 12:26:13,765 INFO  server.RaftServer$Division (RaftServerImpl.java:lambda$close$1(514)) - s7@group-32ADD6F9BB52: shutdown
2024-12-14 12:26:13,765 INFO  util.JmxRegister (JmxRegister.java:unregister(74)) - Successfully un-registered JMX Bean with object name Ratis:service=RaftServer,group=group-32ADD6F9BB52,id=s7
2024-12-14 12:26:13,765 INFO  impl.RoleInfo (RoleInfo.java:shutdownFollowerState(121)) - s7: shutdown s7@group-32ADD6F9BB52-FollowerState
2024-12-14 12:26:13,765 INFO  impl.FollowerState (FollowerState.java:runImpl(170)) - s7@group-32ADD6F9BB52-FollowerState was interrupted
2024-12-14 12:26:13,765 INFO  impl.StateMachineUpdater (StateMachineUpdater.java:stop(141)) - s7@group-32ADD6F9BB52-StateMachineUpdater: closing ArithmeticStateMachine, lastApplied=(t:1, i:120)
2024-12-14 12:26:13,765 INFO  impl.StateMachineUpdater (StateMachineUpdater.java:stopAndJoin(164)) - s7@group-32ADD6F9BB52-StateMachineUpdater: set stopIndex = 120
2024-12-14 12:26:13,766 INFO  raftlog.RaftLog (SegmentedRaftLog.java:close(568)) - Start closing s7@group-32ADD6F9BB52-SegmentedRaftLog:OPENED:c120:last(t:1, i:120)
2024-12-14 12:26:13,766 INFO  util.AwaitToRun (AwaitToRun.java:run(49)) - s7@group-32ADD6F9BB52-cacheEviction-AwaitToRun-AwaitForSignal is interrupted
2024-12-14 12:26:13,766 INFO  segmented.LogSegment (LogSegment.java:close(349)) - Successfully closed EntryCache-log_inprogress_0
2024-12-14 12:26:13,899 WARN  leader.LogAppender (LogAppenderDefault.java:sendAppendEntriesWithRetries(85)) - s8@group-32ADD6F9BB52->s7-LogAppenderDefault: Failed to appendEntries (retry=0)
org.apache.ratis.protocol.exceptions.GroupMismatchException: s7: group-32ADD6F9BB52 not found.
	at org.apache.ratis.server.impl.RaftServerProxy$ImplMap.get(RaftServerProxy.java:156)
	at org.apache.ratis.server.impl.RaftServerProxy.getImplFuture(RaftServerProxy.java:366)
	at org.apache.ratis.server.impl.RaftServerProxy.getImpl(RaftServerProxy.java:375)
	at org.apache.ratis.server.impl.RaftServerProxy.getImpl(RaftServerProxy.java:370)
	at org.apache.ratis.server.impl.RaftServerProxy.appendEntries(RaftServerProxy.java:671)
	at org.apache.ratis.netty.server.NettyRpcService.handle(NettyRpcService.java:234)
	at org.apache.ratis.netty.server.NettyRpcService$InboundHandler.channelRead0(NettyRpcService.java:94)
	at org.apache.ratis.netty.server.NettyRpcService$InboundHandler.channelRead0(NettyRpcService.java:90)
	at org.apache.ratis.thirdparty.io.netty.channel.SimpleChannelInboundHandler.channelRead(SimpleChannelInboundHandler.java:99)
	at org.apache.ratis.thirdparty.io.netty.channel.AbstractChannelHandlerContext.invokeChannelRead(AbstractChannelHandlerContext.java:444)
	at org.apache.ratis.thirdparty.io.netty.channel.AbstractChannelHandlerContext.invokeChannelRead(AbstractChannelHandlerContext.java:420)
	at org.apache.ratis.thirdparty.io.netty.channel.AbstractChannelHandlerContext.fireChannelRead(AbstractChannelHandlerContext.java:412)
	at org.apache.ratis.thirdparty.io.netty.handler.codec.MessageToMessageDecoder.channelRead(MessageToMessageDecoder.java:103)
	at org.apache.ratis.thirdparty.io.netty.channel.AbstractChannelHandlerContext.invokeChannelRead(AbstractChannelHandlerContext.java:444)
	at org.apache.ratis.thirdparty.io.netty.channel.AbstractChannelHandlerContext.invokeChannelRead(AbstractChannelHandlerContext.java:420)
	at org.apache.ratis.thirdparty.io.netty.channel.AbstractChannelHandlerContext.fireChannelRead(AbstractChannelHandlerContext.java:412)
	at org.apache.ratis.thirdparty.io.netty.handler.codec.ByteToMessageDecoder.fireChannelRead(ByteToMessageDecoder.java:346)
	at org.apache.ratis.thirdparty.io.netty.handler.codec.ByteToMessageDecoder.channelRead(ByteToMessageDecoder.java:318)
	at org.apache.ratis.thirdparty.io.netty.channel.AbstractChannelHandlerContext.invokeChannelRead(AbstractChannelHandlerContext.java:444)
	at org.apache.ratis.thirdparty.io.netty.channel.AbstractChannelHandlerContext.invokeChannelRead(AbstractChannelHandlerContext.java:420)
	at org.apache.ratis.thirdparty.io.netty.channel.AbstractChannelHandlerContext.fireChannelRead(AbstractChannelHandlerContext.java:412)
	at org.apache.ratis.thirdparty.io.netty.channel.DefaultChannelPipeline$HeadContext.channelRead(DefaultChannelPipeline.java:1410)
	at org.apache.ratis.thirdparty.io.netty.channel.AbstractChannelHandlerContext.invokeChannelRead(AbstractChannelHandlerContext.java:440)
	at org.apache.ratis.thirdparty.io.netty.channel.AbstractChannelHandlerContext.invokeChannelRead(AbstractChannelHandlerContext.java:420)
	at org.apache.ratis.thirdparty.io.netty.channel.DefaultChannelPipeline.fireChannelRead(DefaultChannelPipeline.java:919)
	at org.apache.ratis.thirdparty.io.netty.channel.epoll.AbstractEpollStreamChannel$EpollStreamUnsafe.epollInReady(AbstractEpollStreamChannel.java:801)
	at org.apache.ratis.thirdparty.io.netty.channel.epoll.EpollEventLoop.processReady(EpollEventLoop.java:501)
	at org.apache.ratis.thirdparty.io.netty.channel.epoll.EpollEventLoop.run(EpollEventLoop.java:399)
	at org.apache.ratis.thirdparty.io.netty.util.concurrent.SingleThreadEventExecutor$4.run(SingleThreadEventExecutor.java:997)
	at org.apache.ratis.thirdparty.io.netty.util.internal.ThreadExecutorMap$2.run(ThreadExecutorMap.java:74)
	at java.lang.Thread.run(Thread.java:750)
2024-12-14 12:26:13,975 WARN  leader.LogAppender (LogAppenderDefault.java:sendAppendEntriesWithRetries(85)) - s8@group-32ADD6F9BB52->s7-LogAppenderDefault: Failed to appendEntries (retry=0)
org.apache.ratis.protocol.exceptions.GroupMismatchException: s7: group-32ADD6F9BB52 not found.
	at org.apache.ratis.server.impl.RaftServerProxy$ImplMap.get(RaftServerProxy.java:156)
	at org.apache.ratis.server.impl.RaftServerProxy.getImplFuture(RaftServerProxy.java:366)
	at org.apache.ratis.server.impl.RaftServerProxy.getImpl(RaftServerProxy.java:375)
	at org.apache.ratis.server.impl.RaftServerProxy.getImpl(RaftServerProxy.java:370)
	at org.apache.ratis.server.impl.RaftServerProxy.appendEntries(RaftServerProxy.java:671)
	at org.apache.ratis.netty.server.NettyRpcService.handle(NettyRpcService.java:234)
	at org.apache.ratis.netty.server.NettyRpcService$InboundHandler.channelRead0(NettyRpcService.java:94)
	at org.apache.ratis.netty.server.NettyRpcService$InboundHandler.channelRead0(NettyRpcService.java:90)
	at org.apache.ratis.thirdparty.io.netty.channel.SimpleChannelInboundHandler.channelRead(SimpleChannelInboundHandler.java:99)
	at org.apache.ratis.thirdparty.io.netty.channel.AbstractChannelHandlerContext.invokeChannelRead(AbstractChannelHandlerContext.java:444)
	at org.apache.ratis.thirdparty.io.netty.channel.AbstractChannelHandlerContext.invokeChannelRead(AbstractChannelHandlerContext.java:420)
	at org.apache.ratis.thirdparty.io.netty.channel.AbstractChannelHandlerContext.fireChannelRead(AbstractChannelHandlerContext.java:412)
	at org.apache.ratis.thirdparty.io.netty.handler.codec.MessageToMessageDecoder.channelRead(MessageToMessageDecoder.java:103)
	at org.apache.ratis.thirdparty.io.netty.channel.AbstractChannelHandlerContext.invokeChannelRead(AbstractChannelHandlerContext.java:444)
	at org.apache.ratis.thirdparty.io.netty.channel.AbstractChannelHandlerContext.invokeChannelRead(AbstractChannelHandlerContext.java:420)
	at org.apache.ratis.thirdparty.io.netty.channel.AbstractChannelHandlerContext.fireChannelRead(AbstractChannelHandlerContext.java:412)
	at org.apache.ratis.thirdparty.io.netty.handler.codec.ByteToMessageDecoder.fireChannelRead(ByteToMessageDecoder.java:346)
	at org.apache.ratis.thirdparty.io.netty.handler.codec.ByteToMessageDecoder.channelRead(ByteToMessageDecoder.java:318)
	at org.apache.ratis.thirdparty.io.netty.channel.AbstractChannelHandlerContext.invokeChannelRead(AbstractChannelHandlerContext.java:444)
	at org.apache.ratis.thirdparty.io.netty.channel.AbstractChannelHandlerContext.invokeChannelRead(AbstractChannelHandlerContext.java:420)
	at org.apache.ratis.thirdparty.io.netty.channel.AbstractChannelHandlerContext.fireChannelRead(AbstractChannelHandlerContext.java:412)
	at org.apache.ratis.thirdparty.io.netty.channel.DefaultChannelPipeline$HeadContext.channelRead(DefaultChannelPipeline.java:1410)
	at org.apache.ratis.thirdparty.io.netty.channel.AbstractChannelHandlerContext.invokeChannelRead(AbstractChannelHandlerContext.java:440)
	at org.apache.ratis.thirdparty.io.netty.channel.AbstractChannelHandlerContext.invokeChannelRead(AbstractChannelHandlerContext.java:420)
	at org.apache.ratis.thirdparty.io.netty.channel.DefaultChannelPipeline.fireChannelRead(DefaultChannelPipeline.java:919)
	at org.apache.ratis.thirdparty.io.netty.channel.epoll.AbstractEpollStreamChannel$EpollStreamUnsafe.epollInReady(AbstractEpollStreamChannel.java:801)
	at org.apache.ratis.thirdparty.io.netty.channel.epoll.EpollEventLoop.processReady(EpollEventLoop.java:501)
	at org.apache.ratis.thirdparty.io.netty.channel.epoll.EpollEventLoop.run(EpollEventLoop.java:399)
	at org.apache.ratis.thirdparty.io.netty.util.concurrent.SingleThreadEventExecutor$4.run(SingleThreadEventExecutor.java:997)
	at org.apache.ratis.thirdparty.io.netty.util.internal.ThreadExecutorMap$2.run(ThreadExecutorMap.java:74)
	at java.lang.Thread.run(Thread.java:750)
2024-12-14 12:26:13,975 INFO  segmented.SegmentedRaftLogWorker (SegmentedRaftLogWorker.java:close(254)) - s7@group-32ADD6F9BB52-SegmentedRaftLogWorker close()
2024-12-14 12:26:13,976 INFO  raftlog.RaftLog (SegmentedRaftLog.java:close(576)) - Successfully closed s7@group-32ADD6F9BB52-SegmentedRaftLog:CLOSED:c120
2024-12-14 12:26:13,976 TRACE util.FileUtils (FileUtils.java:deleteFully(307)) - deleteFully /home/runner/work/ratis/ratis/ratis-examples/target/test/data/da5193cb/MiniRaftClusterWithNetty71855ece/s7/dd13e21a-8ed5-442f-9b8c-32add6f9bb52
2024-12-14 12:26:13,976 TRACE util.FileUtils (LogUtils.java:runAndLog(49)) - Successfully ran Files.delete /home/runner/work/ratis/ratis/ratis-examples/target/test/data/da5193cb/MiniRaftClusterWithNetty71855ece/s7/dd13e21a-8ed5-442f-9b8c-32add6f9bb52/current/raft-meta.conf
2024-12-14 12:26:13,976 TRACE util.FileUtils (LogUtils.java:runAndLog(49)) - Successfully ran Files.delete /home/runner/work/ratis/ratis/ratis-examples/target/test/data/da5193cb/MiniRaftClusterWithNetty71855ece/s7/dd13e21a-8ed5-442f-9b8c-32add6f9bb52/current/log_inprogress_0
2024-12-14 12:26:13,976 TRACE util.FileUtils (LogUtils.java:runAndLog(49)) - Successfully ran Files.delete /home/runner/work/ratis/ratis/ratis-examples/target/test/data/da5193cb/MiniRaftClusterWithNetty71855ece/s7/dd13e21a-8ed5-442f-9b8c-32add6f9bb52/current/raft-meta
2024-12-14 12:26:13,976 TRACE util.FileUtils (LogUtils.java:runAndLog(49)) - Successfully ran Files.delete /home/runner/work/ratis/ratis/ratis-examples/target/test/data/da5193cb/MiniRaftClusterWithNetty71855ece/s7/dd13e21a-8ed5-442f-9b8c-32add6f9bb52/current
2024-12-14 12:26:13,977 TRACE util.FileUtils (LogUtils.java:runAndLog(49)) - Successfully ran Files.delete /home/runner/work/ratis/ratis/ratis-examples/target/test/data/da5193cb/MiniRaftClusterWithNetty71855ece/s7/dd13e21a-8ed5-442f-9b8c-32add6f9bb52/in_use.lock
2024-12-14 12:26:13,977 TRACE util.FileUtils (LogUtils.java:runAndLog(49)) - Successfully ran Files.delete /home/runner/work/ratis/ratis/ratis-examples/target/test/data/da5193cb/MiniRaftClusterWithNetty71855ece/s7/dd13e21a-8ed5-442f-9b8c-32add6f9bb52/sm
2024-12-14 12:26:13,977 TRACE util.FileUtils (LogUtils.java:runAndLog(49)) - Successfully ran Files.delete /home/runner/work/ratis/ratis/ratis-examples/target/test/data/da5193cb/MiniRaftClusterWithNetty71855ece/s7/dd13e21a-8ed5-442f-9b8c-32add6f9bb52
2024-12-14 12:26:13,977 INFO  server.RaftServer$Division (RaftServerImpl.java:groupRemove(484)) - s7@group-32ADD6F9BB52: Succeed to remove RaftStorageDirectory Storage Directory /home/runner/work/ratis/ratis/ratis-examples/target/test/data/da5193cb/MiniRaftClusterWithNetty71855ece/s7/dd13e21a-8ed5-442f-9b8c-32add6f9bb52
2024-12-14 12:26:13,979 INFO  netty.NettyUtils (NettyUtils.java:newEventLoopGroup(74)) - Create EpollEventLoopGroup for client-23D096D2C67C; Thread size is 0.
2024-12-14 12:26:13,980 INFO  logging.LoggingHandler (AbstractInternalLogger.java:log(148)) - [id: 0x75a19822, L:/0.0.0.0:15023] READ: [id: 0x37d4c812, L:/127.0.0.1:15023 - R:/127.0.0.1:49042]
2024-12-14 12:26:13,980 INFO  logging.LoggingHandler (AbstractInternalLogger.java:log(148)) - [id: 0x75a19822, L:/0.0.0.0:15023] READ COMPLETE
2024-12-14 12:26:13,981 INFO  server.RaftServer (RaftServerProxy.java:remove(112)) - s8: remove    LEADER s8@group-32ADD6F9BB52:t1, leader=s8, voted=s8, raftlog=Memoized:s8@group-32ADD6F9BB52-SegmentedRaftLog:OPENED:c120:last(t:1, i:120), conf=conf: {index: 0, cur=peers:[s7|0.0.0.0:15022, s8|0.0.0.0:15023, s9|0.0.0.0:15024]|listeners:[], old=null} RUNNING
2024-12-14 12:26:13,981 INFO  server.RaftServer$Division (RaftServerImpl.java:lambda$close$1(514)) - s8@group-32ADD6F9BB52: shutdown
2024-12-14 12:26:13,981 INFO  util.JmxRegister (JmxRegister.java:unregister(74)) - Successfully un-registered JMX Bean with object name Ratis:service=RaftServer,group=group-32ADD6F9BB52,id=s8
2024-12-14 12:26:13,981 INFO  impl.RoleInfo (RoleInfo.java:shutdownLeaderState(103)) - s8: shutdown s8@group-32ADD6F9BB52-LeaderStateImpl
2024-12-14 12:26:13,981 INFO  leader.LogAppenderDaemon (LogAppenderDaemon.java:run(85)) - s8@group-32ADD6F9BB52->s9-LogAppenderDefault-LogAppenderDaemon was interrupted: java.lang.InterruptedException
2024-12-14 12:26:13,981 INFO  leader.LogAppenderDaemon (LogAppenderDaemon.java:run(85)) - s8@group-32ADD6F9BB52->s7-LogAppenderDefault-LogAppenderDaemon was interrupted: java.lang.InterruptedException: sleep interrupted
2024-12-14 12:26:13,981 INFO  impl.PendingRequests (PendingRequests.java:sendNotLeaderResponses(287)) - s8@group-32ADD6F9BB52-PendingRequests: sendNotLeaderResponses
2024-12-14 12:26:13,982 INFO  impl.StateMachineUpdater (StateMachineUpdater.java:stopAndJoin(164)) - s8@group-32ADD6F9BB52-StateMachineUpdater: set stopIndex = 120
2024-12-14 12:26:13,982 INFO  impl.StateMachineUpdater (StateMachineUpdater.java:stop(141)) - s8@group-32ADD6F9BB52-StateMachineUpdater: closing ArithmeticStateMachine, lastApplied=(t:1, i:120)
2024-12-14 12:26:13,982 INFO  raftlog.RaftLog (SegmentedRaftLog.java:close(568)) - Start closing s8@group-32ADD6F9BB52-SegmentedRaftLog:OPENED:c120:last(t:1, i:120)
2024-12-14 12:26:13,983 INFO  util.AwaitToRun (AwaitToRun.java:run(49)) - s8@group-32ADD6F9BB52-cacheEviction-AwaitToRun-AwaitForSignal is interrupted
2024-12-14 12:26:13,983 INFO  segmented.LogSegment (LogSegment.java:close(349)) - Successfully closed EntryCache-log_inprogress_0
2024-12-14 12:26:14,745 INFO  impl.FollowerState (FollowerState.java:runImpl(161)) - s9@group-32ADD6F9BB52-FollowerState: change to CANDIDATE, lastRpcElapsedTime:846815268ns, electionTimeout:582ms
2024-12-14 12:26:14,746 INFO  impl.RoleInfo (RoleInfo.java:shutdownFollowerState(121)) - s9: shutdown s9@group-32ADD6F9BB52-FollowerState
2024-12-14 12:26:14,746 INFO  server.RaftServer$Division (RaftServerImpl.java:setRole(379)) - s9@group-32ADD6F9BB52: changes role from  FOLLOWER to CANDIDATE at term 1 for changeToCandidate
2024-12-14 12:26:14,746 INFO  server.RaftServerConfigKeys (ConfUtils.java:logGet(46)) - raft.server.leaderelection.pre-vote = true (default)
2024-12-14 12:26:14,746 INFO  impl.RoleInfo (RoleInfo.java:updateAndGet(148)) - s9: start s9@group-32ADD6F9BB52-LeaderElection29
2024-12-14 12:26:14,746 INFO  server.RaftServer$Division (ServerState.java:setLeader(272)) - s9@group-32ADD6F9BB52: change Leader from s8 to null at term 1 for PRE_VOTE
2024-12-14 12:26:14,746 INFO  impl.LeaderElection (LeaderElection.java:askForVotes(332)) - s9@group-32ADD6F9BB52-LeaderElection29 PRE_VOTE round 0: submit vote requests at term 1 for conf: {index: 0, cur=peers:[s7|0.0.0.0:15022, s8|0.0.0.0:15023, s9|0.0.0.0:15024]|listeners:[], old=null}
2024-12-14 12:26:14,748 INFO  logging.LoggingHandler (AbstractInternalLogger.java:log(148)) - [id: 0x75a19822, L:/0.0.0.0:15023] READ: [id: 0x562e8a23, L:/127.0.0.1:15023 - R:/127.0.0.1:49056]
2024-12-14 12:26:14,749 INFO  logging.LoggingHandler (AbstractInternalLogger.java:log(148)) - [id: 0xef0cc7a9, L:/0.0.0.0:15022] READ: [id: 0xe9f84e70, L:/127.0.0.1:15022 - R:/127.0.0.1:60016]
2024-12-14 12:26:14,749 INFO  logging.LoggingHandler (AbstractInternalLogger.java:log(148)) - [id: 0x75a19822, L:/0.0.0.0:15023] READ COMPLETE
2024-12-14 12:26:14,749 INFO  logging.LoggingHandler (AbstractInternalLogger.java:log(148)) - [id: 0xef0cc7a9, L:/0.0.0.0:15022] READ COMPLETE
2024-12-14 12:26:14,750 INFO  impl.LeaderElection (LogUtils.java:infoOrTrace(142)) - s9@group-32ADD6F9BB52-LeaderElection29 got exception when requesting votes: java.util.concurrent.ExecutionException: org.apache.ratis.protocol.exceptions.GroupMismatchException: s8: group-32ADD6F9BB52 not found.
2024-12-14 12:26:14,750 INFO  impl.LeaderElection (LogUtils.java:infoOrTrace(142)) - s9@group-32ADD6F9BB52-LeaderElection29 got exception when requesting votes: java.util.concurrent.ExecutionException: org.apache.ratis.protocol.exceptions.GroupMismatchException: s7: group-32ADD6F9BB52 not found.
2024-12-14 12:26:14,750 INFO  impl.LeaderElection (LeaderElection.java:logAndReturn(90)) - s9@group-32ADD6F9BB52-LeaderElection29: PRE_VOTE REJECTED received 0 response(s) and 2 exception(s):
2024-12-14 12:26:14,750 INFO  impl.LeaderElection (LogUtils.java:infoOrTrace(142)) -   Exception 0: java.util.concurrent.ExecutionException: org.apache.ratis.protocol.exceptions.GroupMismatchException: s8: group-32ADD6F9BB52 not found.
2024-12-14 12:26:14,750 INFO  impl.LeaderElection (LogUtils.java:infoOrTrace(142)) -   Exception 1: java.util.concurrent.ExecutionException: org.apache.ratis.protocol.exceptions.GroupMismatchException: s7: group-32ADD6F9BB52 not found.
2024-12-14 12:26:14,750 INFO  impl.LeaderElection (LeaderElection.java:askForVotes(334)) - s9@group-32ADD6F9BB52-LeaderElection29 PRE_VOTE round 0: result REJECTED
2024-12-14 12:26:14,751 INFO  server.RaftServer$Division (RaftServerImpl.java:setRole(379)) - s9@group-32ADD6F9BB52: changes role from CANDIDATE to FOLLOWER at term 1 for REJECTED
2024-12-14 12:26:14,751 INFO  impl.RoleInfo (RoleInfo.java:shutdownLeaderElection(141)) - s9: shutdown s9@group-32ADD6F9BB52-LeaderElection29
2024-12-14 12:26:14,751 INFO  impl.RoleInfo (RoleInfo.java:updateAndGet(148)) - s9: start s9@group-32ADD6F9BB52-FollowerState
2024-12-14 12:26:14,974 INFO  segmented.SegmentedRaftLogWorker (SegmentedRaftLogWorker.java:close(254)) - s8@group-32ADD6F9BB52-SegmentedRaftLogWorker close()
2024-12-14 12:26:14,975 INFO  raftlog.RaftLog (SegmentedRaftLog.java:close(576)) - Successfully closed s8@group-32ADD6F9BB52-SegmentedRaftLog:CLOSED:c120
2024-12-14 12:26:14,975 TRACE util.FileUtils (FileUtils.java:deleteFully(307)) - deleteFully /home/runner/work/ratis/ratis/ratis-examples/target/test/data/da5193cb/MiniRaftClusterWithNetty71855ece/s8/dd13e21a-8ed5-442f-9b8c-32add6f9bb52
2024-12-14 12:26:14,975 TRACE util.FileUtils (LogUtils.java:runAndLog(49)) - Successfully ran Files.delete /home/runner/work/ratis/ratis/ratis-examples/target/test/data/da5193cb/MiniRaftClusterWithNetty71855ece/s8/dd13e21a-8ed5-442f-9b8c-32add6f9bb52/current/raft-meta.conf
2024-12-14 12:26:14,975 TRACE util.FileUtils (LogUtils.java:runAndLog(49)) - Successfully ran Files.delete /home/runner/work/ratis/ratis/ratis-examples/target/test/data/da5193cb/MiniRaftClusterWithNetty71855ece/s8/dd13e21a-8ed5-442f-9b8c-32add6f9bb52/current/log_inprogress_0
2024-12-14 12:26:14,975 TRACE util.FileUtils (LogUtils.java:runAndLog(49)) - Successfully ran Files.delete /home/runner/work/ratis/ratis/ratis-examples/target/test/data/da5193cb/MiniRaftClusterWithNetty71855ece/s8/dd13e21a-8ed5-442f-9b8c-32add6f9bb52/current/raft-meta
2024-12-14 12:26:14,976 TRACE util.FileUtils (LogUtils.java:runAndLog(49)) - Successfully ran Files.delete /home/runner/work/ratis/ratis/ratis-examples/target/test/data/da5193cb/MiniRaftClusterWithNetty71855ece/s8/dd13e21a-8ed5-442f-9b8c-32add6f9bb52/current
2024-12-14 12:26:14,976 TRACE util.FileUtils (LogUtils.java:runAndLog(49)) - Successfully ran Files.delete /home/runner/work/ratis/ratis/ratis-examples/target/test/data/da5193cb/MiniRaftClusterWithNetty71855ece/s8/dd13e21a-8ed5-442f-9b8c-32add6f9bb52/in_use.lock
2024-12-14 12:26:14,976 TRACE util.FileUtils (LogUtils.java:runAndLog(49)) - Successfully ran Files.delete /home/runner/work/ratis/ratis/ratis-examples/target/test/data/da5193cb/MiniRaftClusterWithNetty71855ece/s8/dd13e21a-8ed5-442f-9b8c-32add6f9bb52/sm
2024-12-14 12:26:14,976 TRACE util.FileUtils (LogUtils.java:runAndLog(49)) - Successfully ran Files.delete /home/runner/work/ratis/ratis/ratis-examples/target/test/data/da5193cb/MiniRaftClusterWithNetty71855ece/s8/dd13e21a-8ed5-442f-9b8c-32add6f9bb52
2024-12-14 12:26:14,976 INFO  server.RaftServer$Division (RaftServerImpl.java:groupRemove(484)) - s8@group-32ADD6F9BB52: Succeed to remove RaftStorageDirectory Storage Directory /home/runner/work/ratis/ratis/ratis-examples/target/test/data/da5193cb/MiniRaftClusterWithNetty71855ece/s8/dd13e21a-8ed5-442f-9b8c-32add6f9bb52
2024-12-14 12:26:14,980 INFO  netty.NettyUtils (NettyUtils.java:newEventLoopGroup(74)) - Create EpollEventLoopGroup for client-25EB95C3F911; Thread size is 0.
2024-12-14 12:26:14,981 INFO  logging.LoggingHandler (AbstractInternalLogger.java:log(148)) - [id: 0x8195817e, L:/0.0.0.0:15024] READ: [id: 0x7b68866a, L:/127.0.0.1:15024 - R:/127.0.0.1:39728]
2024-12-14 12:26:14,982 INFO  logging.LoggingHandler (AbstractInternalLogger.java:log(148)) - [id: 0x8195817e, L:/0.0.0.0:15024] READ COMPLETE
2024-12-14 12:26:14,983 INFO  server.RaftServer (RaftServerProxy.java:remove(112)) - s9: remove  FOLLOWER s9@group-32ADD6F9BB52:t1, leader=null, voted=s8, raftlog=Memoized:s9@group-32ADD6F9BB52-SegmentedRaftLog:OPENED:c120:last(t:1, i:120), conf=conf: {index: 0, cur=peers:[s7|0.0.0.0:15022, s8|0.0.0.0:15023, s9|0.0.0.0:15024]|listeners:[], old=null} RUNNING
2024-12-14 12:26:14,983 INFO  server.RaftServer$Division (RaftServerImpl.java:lambda$close$1(514)) - s9@group-32ADD6F9BB52: shutdown
2024-12-14 12:26:14,983 INFO  util.JmxRegister (JmxRegister.java:unregister(74)) - Successfully un-registered JMX Bean with object name Ratis:service=RaftServer,group=group-32ADD6F9BB52,id=s9
2024-12-14 12:26:14,983 INFO  impl.RoleInfo (RoleInfo.java:shutdownFollowerState(121)) - s9: shutdown s9@group-32ADD6F9BB52-FollowerState
2024-12-14 12:26:14,983 INFO  impl.StateMachineUpdater (StateMachineUpdater.java:stopAndJoin(164)) - s9@group-32ADD6F9BB52-StateMachineUpdater: set stopIndex = 120
2024-12-14 12:26:14,983 INFO  impl.StateMachineUpdater (StateMachineUpdater.java:stop(141)) - s9@group-32ADD6F9BB52-StateMachineUpdater: closing ArithmeticStateMachine, lastApplied=(t:1, i:120)
2024-12-14 12:26:14,983 INFO  impl.FollowerState (FollowerState.java:runImpl(170)) - s9@group-32ADD6F9BB52-FollowerState was interrupted
2024-12-14 12:26:14,984 INFO  raftlog.RaftLog (SegmentedRaftLog.java:close(568)) - Start closing s9@group-32ADD6F9BB52-SegmentedRaftLog:OPENED:c120:last(t:1, i:120)
2024-12-14 12:26:14,984 INFO  util.AwaitToRun (AwaitToRun.java:run(49)) - s9@group-32ADD6F9BB52-cacheEviction-AwaitToRun-AwaitForSignal is interrupted
2024-12-14 12:26:14,984 INFO  segmented.LogSegment (LogSegment.java:close(349)) - Successfully closed EntryCache-log_inprogress_0
2024-12-14 12:26:15,975 INFO  segmented.SegmentedRaftLogWorker (SegmentedRaftLogWorker.java:close(254)) - s9@group-32ADD6F9BB52-SegmentedRaftLogWorker close()
2024-12-14 12:26:15,975 INFO  raftlog.RaftLog (SegmentedRaftLog.java:close(576)) - Successfully closed s9@group-32ADD6F9BB52-SegmentedRaftLog:CLOSED:c120
2024-12-14 12:26:15,976 TRACE util.FileUtils (FileUtils.java:deleteFully(307)) - deleteFully /home/runner/work/ratis/ratis/ratis-examples/target/test/data/da5193cb/MiniRaftClusterWithNetty71855ece/s9/dd13e21a-8ed5-442f-9b8c-32add6f9bb52
2024-12-14 12:26:15,976 TRACE util.FileUtils (LogUtils.java:runAndLog(49)) - Successfully ran Files.delete /home/runner/work/ratis/ratis/ratis-examples/target/test/data/da5193cb/MiniRaftClusterWithNetty71855ece/s9/dd13e21a-8ed5-442f-9b8c-32add6f9bb52/current/raft-meta.conf
2024-12-14 12:26:15,976 TRACE util.FileUtils (LogUtils.java:runAndLog(49)) - Successfully ran Files.delete /home/runner/work/ratis/ratis/ratis-examples/target/test/data/da5193cb/MiniRaftClusterWithNetty71855ece/s9/dd13e21a-8ed5-442f-9b8c-32add6f9bb52/current/log_inprogress_0
2024-12-14 12:26:15,976 TRACE util.FileUtils (LogUtils.java:runAndLog(49)) - Successfully ran Files.delete /home/runner/work/ratis/ratis/ratis-examples/target/test/data/da5193cb/MiniRaftClusterWithNetty71855ece/s9/dd13e21a-8ed5-442f-9b8c-32add6f9bb52/current/raft-meta
2024-12-14 12:26:15,976 TRACE util.FileUtils (LogUtils.java:runAndLog(49)) - Successfully ran Files.delete /home/runner/work/ratis/ratis/ratis-examples/target/test/data/da5193cb/MiniRaftClusterWithNetty71855ece/s9/dd13e21a-8ed5-442f-9b8c-32add6f9bb52/current
2024-12-14 12:26:15,976 TRACE util.FileUtils (LogUtils.java:runAndLog(49)) - Successfully ran Files.delete /home/runner/work/ratis/ratis/ratis-examples/target/test/data/da5193cb/MiniRaftClusterWithNetty71855ece/s9/dd13e21a-8ed5-442f-9b8c-32add6f9bb52/in_use.lock
2024-12-14 12:26:15,977 TRACE util.FileUtils (LogUtils.java:runAndLog(49)) - Successfully ran Files.delete /home/runner/work/ratis/ratis/ratis-examples/target/test/data/da5193cb/MiniRaftClusterWithNetty71855ece/s9/dd13e21a-8ed5-442f-9b8c-32add6f9bb52/sm
2024-12-14 12:26:15,977 TRACE util.FileUtils (LogUtils.java:runAndLog(49)) - Successfully ran Files.delete /home/runner/work/ratis/ratis/ratis-examples/target/test/data/da5193cb/MiniRaftClusterWithNetty71855ece/s9/dd13e21a-8ed5-442f-9b8c-32add6f9bb52
2024-12-14 12:26:15,977 INFO  server.RaftServer$Division (RaftServerImpl.java:groupRemove(484)) - s9@group-32ADD6F9BB52: Succeed to remove RaftStorageDirectory Storage Directory /home/runner/work/ratis/ratis/ratis-examples/target/test/data/da5193cb/MiniRaftClusterWithNetty71855ece/s9/dd13e21a-8ed5-442f-9b8c-32add6f9bb52
| MiniRaftClusterWithNetty[3, 6, 9, 12, 15]chosen=1 | close groups | 232 |
2024-12-14 12:26:15,979 INFO  impl.GroupManagementBaseTest (GroupManagementBaseTest.java:runMultiGroupTest(316)) - close groups: printing ALL groups
  s3:  RUNNING  FOLLOWER s3@group-0A0C1A18FF69:t0, leader=null, voted=, raftlog=Memoized:s3@group-0A0C1A18FF69-SegmentedRaftLog:OPENED:c-1:lastnull, conf=conf: {index: -1, cur=peers:[]|listeners:[], old=null} STARTING
  s4:  RUNNING  FOLLOWER s4@group-0A0C1A18FF69:t0, leader=null, voted=, raftlog=Memoized:s4@group-0A0C1A18FF69-SegmentedRaftLog:OPENED:c-1:lastnull, conf=conf: {index: -1, cur=peers:[]|listeners:[], old=null} STARTING
  s5:  RUNNING  FOLLOWER s5@group-0A0C1A18FF69:t0, leader=null, voted=, raftlog=Memoized:s5@group-0A0C1A18FF69-SegmentedRaftLog:OPENED:c-1:lastnull, conf=conf: {index: -1, cur=peers:[]|listeners:[], old=null} STARTING
  s6:  RUNNING  FOLLOWER s6@group-0A0C1A18FF69:t0, leader=null, voted=, raftlog=Memoized:s6@group-0A0C1A18FF69-SegmentedRaftLog:OPENED:c-1:lastnull, conf=conf: {index: -1, cur=peers:[]|listeners:[], old=null} STARTING
  s7:  RUNNING  FOLLOWER s7@group-0A0C1A18FF69:t0, leader=null, voted=, raftlog=Memoized:s7@group-0A0C1A18FF69-SegmentedRaftLog:OPENED:c-1:lastnull, conf=conf: {index: -1, cur=peers:[]|listeners:[], old=null} STARTING
  s8:  RUNNING  FOLLOWER s8@group-0A0C1A18FF69:t0, leader=null, voted=, raftlog=Memoized:s8@group-0A0C1A18FF69-SegmentedRaftLog:OPENED:c-1:lastnull, conf=conf: {index: -1, cur=peers:[]|listeners:[], old=null} STARTING
  s9:  RUNNING  FOLLOWER s9@group-0A0C1A18FF69:t0, leader=null, voted=, raftlog=Memoized:s9@group-0A0C1A18FF69-SegmentedRaftLog:OPENED:c-1:lastnull, conf=conf: {index: -1, cur=peers:[]|listeners:[], old=null} STARTING
  s11:  RUNNING [
   FOLLOWER s11@group-0A0C1A18FF69:t0, leader=null, voted=, raftlog=Memoized:s11@group-0A0C1A18FF69-SegmentedRaftLog:OPENED:c-1:lastnull, conf=conf: {index: -1, cur=peers:[]|listeners:[], old=null} STARTING
     LEADER s11@group-9CE91F930A22:t1, leader=s11, voted=s11, raftlog=Memoized:s11@group-9CE91F930A22-SegmentedRaftLog:OPENED:c120:last(t:1, i:120), conf=conf: {index: 0, cur=peers:[s11|0.0.0.0:15026, s13|0.0.0.0:15028, s12|0.0.0.0:15027]|listeners:[], old=null} RUNNING] size=2
  s10:  RUNNING  FOLLOWER s10@group-0A0C1A18FF69:t0, leader=null, voted=, raftlog=Memoized:s10@group-0A0C1A18FF69-SegmentedRaftLog:OPENED:c-1:lastnull, conf=conf: {index: -1, cur=peers:[]|listeners:[], old=null} STARTING
  s13:  RUNNING [
   FOLLOWER s13@group-0A0C1A18FF69:t0, leader=null, voted=, raftlog=Memoized:s13@group-0A0C1A18FF69-SegmentedRaftLog:OPENED:c-1:lastnull, conf=conf: {index: -1, cur=peers:[]|listeners:[], old=null} STARTING
   FOLLOWER s13@group-9CE91F930A22:t1, leader=s11, voted=s11, raftlog=Memoized:s13@group-9CE91F930A22-SegmentedRaftLog:OPENED:c120:last(t:1, i:120), conf=conf: {index: 0, cur=peers:[s11|0.0.0.0:15026, s13|0.0.0.0:15028, s12|0.0.0.0:15027]|listeners:[], old=null} RUNNING] size=2
  s12:  RUNNING [
   FOLLOWER s12@group-0A0C1A18FF69:t0, leader=null, voted=, raftlog=Memoized:s12@group-0A0C1A18FF69-SegmentedRaftLog:OPENED:c-1:lastnull, conf=conf: {index: -1, cur=peers:[]|listeners:[], old=null} STARTING
   FOLLOWER s12@group-9CE91F930A22:t1, leader=s11, voted=s11, raftlog=Memoized:s12@group-9CE91F930A22-SegmentedRaftLog:OPENED:c120:last(t:1, i:120), conf=conf: {index: 0, cur=peers:[s11|0.0.0.0:15026, s13|0.0.0.0:15028, s12|0.0.0.0:15027]|listeners:[], old=null} RUNNING] size=2
  s14:  RUNNING  FOLLOWER s14@group-0A0C1A18FF69:t0, leader=null, voted=, raftlog=Memoized:s14@group-0A0C1A18FF69-SegmentedRaftLog:OPENED:c-1:lastnull, conf=conf: {index: -1, cur=peers:[]|listeners:[], old=null} STARTING
  s0:  RUNNING  FOLLOWER s0@group-0A0C1A18FF69:t0, leader=null, voted=, raftlog=Memoized:s0@group-0A0C1A18FF69-SegmentedRaftLog:OPENED:c-1:lastnull, conf=conf: {index: -1, cur=peers:[]|listeners:[], old=null} STARTING
  s1:  RUNNING  FOLLOWER s1@group-0A0C1A18FF69:t0, leader=null, voted=, raftlog=Memoized:s1@group-0A0C1A18FF69-SegmentedRaftLog:OPENED:c-1:lastnull, conf=conf: {index: -1, cur=peers:[]|listeners:[], old=null} STARTING
  s2:  RUNNING  FOLLOWER s2@group-0A0C1A18FF69:t0, leader=null, voted=, raftlog=Memoized:s2@group-0A0C1A18FF69-SegmentedRaftLog:OPENED:c-1:lastnull, conf=conf: {index: -1, cur=peers:[]|listeners:[], old=null} STARTING
2024-12-14 12:26:15,979 INFO  impl.GroupManagementBaseTest (GroupManagementBaseTest.java:runMultiGroupTest(322)) - 0) groupAdd: printing group-BFFFED5AA7A9
2024-12-14 12:26:15,979 INFO  netty.NettyUtils (NettyUtils.java:newEventLoopGroup(74)) - Create EpollEventLoopGroup for client-CD3C7193E71F; Thread size is 0.
2024-12-14 12:26:15,980 INFO  logging.LoggingHandler (AbstractInternalLogger.java:log(148)) - [id: 0xeff72721, L:/0.0.0.0:15025] READ: [id: 0x1191618c, L:/127.0.0.1:15025 - R:/127.0.0.1:44832]
2024-12-14 12:26:15,981 INFO  logging.LoggingHandler (AbstractInternalLogger.java:log(148)) - [id: 0xeff72721, L:/0.0.0.0:15025] READ COMPLETE
2024-12-14 12:26:15,982 INFO  server.RaftServer (RaftServerProxy.java:addNew(101)) - s10: addNew group-9CE91F930A22:[] returns group-9CE91F930A22:java.util.concurrent.CompletableFuture@60dedcc[Not completed]
2024-12-14 12:26:15,982 INFO  server.RaftServer$Division (RaftServerImpl.java:<init>(256)) - s10: new RaftServerImpl for group-9CE91F930A22:[] with ArithmeticStateMachine:uninitialized
2024-12-14 12:26:15,982 INFO  server.RaftServerConfigKeys (ConfUtils.java:logGet(46)) - raft.server.rpc.timeout.min = 300ms (custom)
2024-12-14 12:26:15,982 INFO  server.RaftServerConfigKeys (ConfUtils.java:logGet(46)) - raft.server.rpc.timeout.max = 600ms (custom)
2024-12-14 12:26:15,982 INFO  server.RaftServerConfigKeys (ConfUtils.java:logGet(46)) - raft.server.rpc.sleep.time = 25ms (default)
2024-12-14 12:26:15,982 INFO  server.RaftServerConfigKeys (ConfUtils.java:logGet(46)) - raft.server.rpc.slowness.timeout = 60s (default)
2024-12-14 12:26:15,982 INFO  server.RaftServerConfigKeys (ConfUtils.java:logGet(46)) - raft.server.leaderelection.leader.step-down.wait-time = 10s (default)
2024-12-14 12:26:15,982 INFO  server.RaftServerConfigKeys (ConfUtils.java:logGet(46)) - raft.server.leaderelection.member.majority-add = false (default)
2024-12-14 12:26:15,983 INFO  server.RaftServerConfigKeys (ConfUtils.java:logGet(46)) - raft.server.sleep.deviation.threshold = 300ms (default)
2024-12-14 12:26:15,983 INFO  server.RaftServer$Division (ServerState.java:<init>(114)) - s10@group-9CE91F930A22: ConfigurationManager, init=conf: {index: -1, cur=peers:[]|listeners:[], old=null}, confs=<EMPTY_MAP>
2024-12-14 12:26:15,983 INFO  server.RaftServerConfigKeys (ConfUtils.java:logGet(46)) - raft.server.notification.no-leader.timeout = 60s (default)
2024-12-14 12:26:15,983 INFO  server.RaftServerConfigKeys (ConfUtils.java:logGet(46)) - raft.server.read.timeout = 10s (default)
2024-12-14 12:26:15,983 INFO  server.RaftServerConfigKeys (ConfUtils.java:logGet(46)) - raft.server.retrycache.expirytime = 60s (default)
2024-12-14 12:26:15,983 INFO  server.RaftServerConfigKeys (ConfUtils.java:logGet(46)) - raft.server.retrycache.statistics.expirytime = 100ms (default)
2024-12-14 12:26:15,983 INFO  server.RaftServerConfigKeys (ConfUtils.java:logGet(46)) - raft.server.read.option = DEFAULT (default)
2024-12-14 12:26:15,983 INFO  server.RaftServerConfigKeys (ConfUtils.java:logGet(46)) - raft.server.read.read-after-write-consistent.write-index-cache.expiry-time = 60s (default)
2024-12-14 12:26:15,983 INFO  server.RaftServerConfigKeys (ConfUtils.java:logGet(46)) - raft.server.rpc.request.timeout = 3000ms (default)
2024-12-14 12:26:15,983 INFO  server.RaftServerConfigKeys (ConfUtils.java:logGet(46)) - raft.server.log.appender.install.snapshot.enabled = true (default)
2024-12-14 12:26:15,983 INFO  server.RaftServerConfigKeys (ConfUtils.java:logGet(46)) - raft.server.threadpool.server.cached = true (default)
2024-12-14 12:26:15,983 INFO  server.RaftServerConfigKeys (ConfUtils.java:logGet(46)) - raft.server.threadpool.server.size = 0 (default)
2024-12-14 12:26:15,983 INFO  server.RaftServerConfigKeys (ConfUtils.java:logGet(46)) - raft.server.threadpool.client.cached = true (default)
2024-12-14 12:26:15,984 INFO  server.RaftServerConfigKeys (ConfUtils.java:logGet(46)) - raft.server.threadpool.client.size = 0 (default)
2024-12-14 12:26:15,984 INFO  server.RaftServerConfigKeys (ConfUtils.java:logGet(46)) - raft.server.storage.free-space.min = 0MB (=0) (default)
2024-12-14 12:26:15,984 INFO  server.RaftServerConfigKeys (ConfUtils.java:logGet(46)) - raft.server.log.corruption.policy = EXCEPTION (default)
2024-12-14 12:26:15,984 INFO  server.RaftServerConfigKeys (ConfUtils.java:logGet(46)) - raft.server.storage.dir = [/home/runner/work/ratis/ratis/ratis-examples/target/test/data/da5193cb/MiniRaftClusterWithNetty71855ece/s10] (custom)
2024-12-14 12:26:15,984 INFO  storage.RaftStorageDirectory (RaftStorageDirectoryImpl.java:analyzeStorage(138)) - The storage directory /home/runner/work/ratis/ratis/ratis-examples/target/test/data/da5193cb/MiniRaftClusterWithNetty71855ece/s10/8cff9ddc-4abb-47b3-960b-9ce91f930a22 does not exist. Creating ...
2024-12-14 12:26:15,984 TRACE util.FileUtils (LogUtils.java:runAndLog(49)) - Successfully ran Files.createDirectories /home/runner/work/ratis/ratis/ratis-examples/target/test/data/da5193cb/MiniRaftClusterWithNetty71855ece/s10/8cff9ddc-4abb-47b3-960b-9ce91f930a22
2024-12-14 12:26:15,985 INFO  storage.RaftStorageDirectory (RaftStorageDirectoryImpl.java:tryLock(229)) - Lock on /home/runner/work/ratis/ratis/ratis-examples/target/test/data/da5193cb/MiniRaftClusterWithNetty71855ece/s10/8cff9ddc-4abb-47b3-960b-9ce91f930a22/in_use.lock acquired by nodename 14700@fv-az733-880
2024-12-14 12:26:15,985 TRACE util.FileUtils (LogUtils.java:runAndLog(49)) - Successfully ran Files.createDirectories /home/runner/work/ratis/ratis/ratis-examples/target/test/data/da5193cb/MiniRaftClusterWithNetty71855ece/s10/8cff9ddc-4abb-47b3-960b-9ce91f930a22/current
2024-12-14 12:26:15,985 TRACE util.FileUtils (LogUtils.java:runAndLog(49)) - Successfully ran Files.createDirectories /home/runner/work/ratis/ratis/ratis-examples/target/test/data/da5193cb/MiniRaftClusterWithNetty71855ece/s10/8cff9ddc-4abb-47b3-960b-9ce91f930a22/sm
2024-12-14 12:26:15,986 TRACE util.FileUtils (LogUtils.java:supplyAndLog(69)) - Successfully supplied FileChannel.open /home/runner/work/ratis/ratis/ratis-examples/target/test/data/da5193cb/MiniRaftClusterWithNetty71855ece/s10/8cff9ddc-4abb-47b3-960b-9ce91f930a22/current/raft-meta.tmp with options [CREATE, WRITE]: sun.nio.ch.FileChannelImpl@36a1129d
2024-12-14 12:26:15,986 TRACE util.FileUtils (LogUtils.java:runAndLog(49)) - Successfully ran Atomic Files.move /home/runner/work/ratis/ratis/ratis-examples/target/test/data/da5193cb/MiniRaftClusterWithNetty71855ece/s10/8cff9ddc-4abb-47b3-960b-9ce91f930a22/current/raft-meta.tmp to /home/runner/work/ratis/ratis/ratis-examples/target/test/data/da5193cb/MiniRaftClusterWithNetty71855ece/s10/8cff9ddc-4abb-47b3-960b-9ce91f930a22/current/raft-meta with options [REPLACE_EXISTING]
2024-12-14 12:26:15,986 INFO  storage.RaftStorage (RaftStorageImpl.java:format(98)) - Storage directory /home/runner/work/ratis/ratis/ratis-examples/target/test/data/da5193cb/MiniRaftClusterWithNetty71855ece/s10/8cff9ddc-4abb-47b3-960b-9ce91f930a22 has been successfully formatted.
2024-12-14 12:26:15,986 WARN  statemachine.StateMachine (ArithmeticStateMachine.java:loadSnapshot(115)) - The snapshot info is null.
2024-12-14 12:26:15,987 INFO  server.RaftServerConfigKeys (ConfUtils.java:logGet(46)) - raft.server.log.use.memory = false (default)
2024-12-14 12:26:15,987 INFO  server.RaftServerConfigKeys (ConfUtils.java:logGet(46)) - raft.server.log.purge.gap = 1024 (default)
2024-12-14 12:26:15,987 INFO  server.RaftServerConfigKeys (ConfUtils.java:logGet(46)) - raft.server.log.appender.buffer.byte-limit = 4MB (=4194304) (default)
2024-12-14 12:26:15,987 INFO  server.RaftServerConfigKeys (ConfUtils.java:logGet(46)) - raft.server.log.statemachine.data.read.timeout = 1000ms (default)
2024-12-14 12:26:15,987 INFO  server.RaftServerConfigKeys (ConfUtils.java:logGet(46)) - raft.server.log.purge.preservation.log.num = 0 (default)
2024-12-14 12:26:15,987 INFO  server.RaftServerConfigKeys (ConfUtils.java:logGet(46)) - raft.server.log.segment.size.max = 32MB (=33554432) (default)
2024-12-14 12:26:15,987 INFO  server.RaftServerConfigKeys (ConfUtils.java:logGet(46)) - raft.server.log.segment.cache.num.max = 6 (default)
2024-12-14 12:26:15,987 INFO  server.RaftServerConfigKeys (ConfUtils.java:logGet(46)) - raft.server.log.segment.cache.size.max = 200MB (=209715200) (default)
2024-12-14 12:26:15,987 INFO  server.RaftServerConfigKeys (ConfUtils.java:logGet(46)) - raft.server.log.appender.buffer.byte-limit = 4MB (=4194304) (default)
2024-12-14 12:26:15,987 INFO  util.AwaitToRun (AwaitToRun.java:start(81)) - Thread[s10@group-9CE91F930A22-cacheEviction-AwaitToRun,5,main] started
2024-12-14 12:26:15,987 INFO  segmented.SegmentedRaftLogWorker (SegmentedRaftLogWorker.java:<init>(189)) - new s10@group-9CE91F930A22-SegmentedRaftLogWorker for RaftStorageImpl:Storage Directory /home/runner/work/ratis/ratis/ratis-examples/target/test/data/da5193cb/MiniRaftClusterWithNetty71855ece/s10/8cff9ddc-4abb-47b3-960b-9ce91f930a22
2024-12-14 12:26:15,987 INFO  server.RaftServerConfigKeys (ConfUtils.java:logGet(46)) - raft.server.log.queue.byte-limit = 64MB (=67108864) (default)
2024-12-14 12:26:15,987 INFO  server.RaftServerConfigKeys (ConfUtils.java:logGet(46)) - raft.server.log.queue.element-limit = 4096 (default)
2024-12-14 12:26:15,987 INFO  server.RaftServerConfigKeys (ConfUtils.java:logGet(46)) - raft.server.log.segment.size.max = 32MB (=33554432) (default)
2024-12-14 12:26:15,988 INFO  server.RaftServerConfigKeys (ConfUtils.java:logGet(46)) - raft.server.log.preallocated.size = 4MB (=4194304) (default)
2024-12-14 12:26:15,988 INFO  server.RaftServerConfigKeys (ConfUtils.java:logGet(46)) - raft.server.log.force.sync.num = 128 (default)
2024-12-14 12:26:15,988 INFO  server.RaftServerConfigKeys (ConfUtils.java:logGet(46)) - raft.server.log.statemachine.data.sync = true (default)
2024-12-14 12:26:15,988 INFO  server.RaftServerConfigKeys (ConfUtils.java:logGet(46)) - raft.server.log.statemachine.data.sync.timeout = 10s (default)
2024-12-14 12:26:15,988 INFO  server.RaftServerConfigKeys (ConfUtils.java:logGet(46)) - raft.server.log.statemachine.data.sync.timeout.retry = -1 (default)
2024-12-14 12:26:15,988 INFO  server.RaftServerConfigKeys (ConfUtils.java:logGet(46)) - raft.server.log.write.buffer.size = 8MB (=8388608) (default)
2024-12-14 12:26:15,988 INFO  server.RaftServerConfigKeys (ConfUtils.java:logGet(46)) - raft.server.log.appender.buffer.byte-limit = 4MB (=4194304) (default)
2024-12-14 12:26:15,988 INFO  server.RaftServerConfigKeys (ConfUtils.java:logGet(46)) - raft.server.log.unsafe-flush.enabled = false (default)
2024-12-14 12:26:15,988 INFO  server.RaftServerConfigKeys (ConfUtils.java:logGet(46)) - raft.server.log.async-flush.enabled = false (default)
2024-12-14 12:26:15,988 INFO  server.RaftServerConfigKeys (ConfUtils.java:logGet(46)) - raft.server.log.statemachine.data.caching.enabled = false (default)
2024-12-14 12:26:15,988 INFO  segmented.SegmentedRaftLogWorker (SegmentedRaftLogWorker.java:lambda$new$0(140)) - s10@group-9CE91F930A22-SegmentedRaftLogWorker: flushIndex: setUnconditionally 0 -> -1
2024-12-14 12:26:15,988 INFO  segmented.SegmentedRaftLogWorker (SegmentedRaftLogWorker.java:lambda$new$0(140)) - s10@group-9CE91F930A22-SegmentedRaftLogWorker: safeCacheEvictIndex: setUnconditionally 0 -> -1
2024-12-14 12:26:15,989 INFO  server.RaftServer$Division (RaftServerImpl.java:start(398)) - s10@group-9CE91F930A22: start with initializing state, conf=conf: {index: -1, cur=peers:[]|listeners:[], old=null}
2024-12-14 12:26:15,989 INFO  server.RaftServer$Division (RaftServerImpl.java:setRole(379)) - s10@group-9CE91F930A22: changes role from      null to FOLLOWER at term 0 for start
2024-12-14 12:26:15,989 INFO  util.JmxRegister (JmxRegister.java:tryRegister(44)) - Successfully registered JMX Bean with object name Ratis:service=RaftServer,group=group-9CE91F930A22,id=s10
2024-12-14 12:26:15,989 INFO  util.JmxRegister (JmxRegister.java:register(58)) - register mxBean class org.apache.ratis.server.impl.RaftServerJmxAdapter as Ratis:service=RaftServer,group=group-9CE91F930A22,id=s10
2024-12-14 12:26:15,989 INFO  server.RaftServerConfigKeys (ConfUtils.java:logGet(46)) - raft.server.snapshot.trigger-when-stop.enabled = true (default)
2024-12-14 12:26:15,989 INFO  server.RaftServerConfigKeys (ConfUtils.java:logGet(46)) - raft.server.snapshot.trigger-when-remove.enabled = true (default)
2024-12-14 12:26:15,989 INFO  server.RaftServerConfigKeys (ConfUtils.java:logGet(46)) - raft.server.snapshot.auto.trigger.enabled = false (default)
2024-12-14 12:26:15,989 INFO  server.RaftServerConfigKeys (ConfUtils.java:logGet(46)) - raft.server.snapshot.retention.file.num = -1 (default)
2024-12-14 12:26:15,989 INFO  server.RaftServerConfigKeys (ConfUtils.java:logGet(46)) - raft.server.log.purge.upto.snapshot.index = false (default)
2024-12-14 12:26:15,989 INFO  server.RaftServer$Division (RaftServerImpl.java:start(406)) - s10@group-9CE91F930A22: Successfully started.
2024-12-14 12:26:15,990 INFO  netty.NettyUtils (NettyUtils.java:newEventLoopGroup(74)) - Create EpollEventLoopGroup for client-89CE49797F95; Thread size is 0.
2024-12-14 12:26:15,991 INFO  logging.LoggingHandler (AbstractInternalLogger.java:log(148)) - [id: 0x3f89d68f, L:/0.0.0.0:15015] READ: [id: 0xd53074fc, L:/127.0.0.1:15015 - R:/127.0.0.1:52964]
2024-12-14 12:26:15,991 INFO  logging.LoggingHandler (AbstractInternalLogger.java:log(148)) - [id: 0x3f89d68f, L:/0.0.0.0:15015] READ COMPLETE
2024-12-14 12:26:15,992 INFO  server.RaftServer (RaftServerProxy.java:addNew(101)) - s0: addNew group-9CE91F930A22:[] returns group-9CE91F930A22:java.util.concurrent.CompletableFuture@620c5130[Not completed]
2024-12-14 12:26:15,992 INFO  server.RaftServer$Division (RaftServerImpl.java:<init>(256)) - s0: new RaftServerImpl for group-9CE91F930A22:[] with ArithmeticStateMachine:uninitialized
2024-12-14 12:26:15,992 INFO  server.RaftServerConfigKeys (ConfUtils.java:logGet(46)) - raft.server.rpc.timeout.min = 300ms (custom)
2024-12-14 12:26:15,992 INFO  server.RaftServerConfigKeys (ConfUtils.java:logGet(46)) - raft.server.rpc.timeout.max = 600ms (custom)
2024-12-14 12:26:15,992 INFO  server.RaftServerConfigKeys (ConfUtils.java:logGet(46)) - raft.server.rpc.sleep.time = 25ms (default)
2024-12-14 12:26:15,992 INFO  server.RaftServerConfigKeys (ConfUtils.java:logGet(46)) - raft.server.rpc.slowness.timeout = 60s (default)
2024-12-14 12:26:15,992 INFO  server.RaftServerConfigKeys (ConfUtils.java:logGet(46)) - raft.server.leaderelection.leader.step-down.wait-time = 10s (default)
2024-12-14 12:26:15,992 INFO  server.RaftServerConfigKeys (ConfUtils.java:logGet(46)) - raft.server.leaderelection.member.majority-add = false (default)
2024-12-14 12:26:15,992 INFO  server.RaftServerConfigKeys (ConfUtils.java:logGet(46)) - raft.server.sleep.deviation.threshold = 300ms (default)
2024-12-14 12:26:15,992 INFO  server.RaftServer$Division (ServerState.java:<init>(114)) - s0@group-9CE91F930A22: ConfigurationManager, init=conf: {index: -1, cur=peers:[]|listeners:[], old=null}, confs=<EMPTY_MAP>
2024-12-14 12:26:15,992 INFO  server.RaftServerConfigKeys (ConfUtils.java:logGet(46)) - raft.server.notification.no-leader.timeout = 60s (default)
2024-12-14 12:26:15,992 INFO  server.RaftServerConfigKeys (ConfUtils.java:logGet(46)) - raft.server.read.timeout = 10s (default)
2024-12-14 12:26:15,992 INFO  server.RaftServerConfigKeys (ConfUtils.java:logGet(46)) - raft.server.retrycache.expirytime = 60s (default)
2024-12-14 12:26:15,992 INFO  server.RaftServerConfigKeys (ConfUtils.java:logGet(46)) - raft.server.retrycache.statistics.expirytime = 100ms (default)
2024-12-14 12:26:15,992 INFO  server.RaftServerConfigKeys (ConfUtils.java:logGet(46)) - raft.server.read.option = DEFAULT (default)
2024-12-14 12:26:15,992 INFO  server.RaftServerConfigKeys (ConfUtils.java:logGet(46)) - raft.server.read.read-after-write-consistent.write-index-cache.expiry-time = 60s (default)
2024-12-14 12:26:15,993 INFO  server.RaftServerConfigKeys (ConfUtils.java:logGet(46)) - raft.server.rpc.request.timeout = 3000ms (default)
2024-12-14 12:26:15,993 INFO  server.RaftServerConfigKeys (ConfUtils.java:logGet(46)) - raft.server.log.appender.install.snapshot.enabled = true (default)
2024-12-14 12:26:15,993 INFO  server.RaftServerConfigKeys (ConfUtils.java:logGet(46)) - raft.server.threadpool.server.cached = true (default)
2024-12-14 12:26:15,993 INFO  server.RaftServerConfigKeys (ConfUtils.java:logGet(46)) - raft.server.threadpool.server.size = 0 (default)
2024-12-14 12:26:15,993 INFO  server.RaftServerConfigKeys (ConfUtils.java:logGet(46)) - raft.server.threadpool.client.cached = true (default)
2024-12-14 12:26:15,993 INFO  server.RaftServerConfigKeys (ConfUtils.java:logGet(46)) - raft.server.threadpool.client.size = 0 (default)
2024-12-14 12:26:15,993 INFO  server.RaftServerConfigKeys (ConfUtils.java:logGet(46)) - raft.server.storage.free-space.min = 0MB (=0) (default)
2024-12-14 12:26:15,993 INFO  server.RaftServerConfigKeys (ConfUtils.java:logGet(46)) - raft.server.log.corruption.policy = EXCEPTION (default)
2024-12-14 12:26:15,993 INFO  server.RaftServerConfigKeys (ConfUtils.java:logGet(46)) - raft.server.storage.dir = [/home/runner/work/ratis/ratis/ratis-examples/target/test/data/da5193cb/MiniRaftClusterWithNetty71855ece/s0] (custom)
2024-12-14 12:26:15,993 INFO  storage.RaftStorageDirectory (RaftStorageDirectoryImpl.java:analyzeStorage(138)) - The storage directory /home/runner/work/ratis/ratis/ratis-examples/target/test/data/da5193cb/MiniRaftClusterWithNetty71855ece/s0/8cff9ddc-4abb-47b3-960b-9ce91f930a22 does not exist. Creating ...
2024-12-14 12:26:15,994 TRACE util.FileUtils (LogUtils.java:runAndLog(49)) - Successfully ran Files.createDirectories /home/runner/work/ratis/ratis/ratis-examples/target/test/data/da5193cb/MiniRaftClusterWithNetty71855ece/s0/8cff9ddc-4abb-47b3-960b-9ce91f930a22
2024-12-14 12:26:15,994 INFO  storage.RaftStorageDirectory (RaftStorageDirectoryImpl.java:tryLock(229)) - Lock on /home/runner/work/ratis/ratis/ratis-examples/target/test/data/da5193cb/MiniRaftClusterWithNetty71855ece/s0/8cff9ddc-4abb-47b3-960b-9ce91f930a22/in_use.lock acquired by nodename 14700@fv-az733-880
2024-12-14 12:26:15,994 TRACE util.FileUtils (LogUtils.java:runAndLog(49)) - Successfully ran Files.createDirectories /home/runner/work/ratis/ratis/ratis-examples/target/test/data/da5193cb/MiniRaftClusterWithNetty71855ece/s0/8cff9ddc-4abb-47b3-960b-9ce91f930a22/current
2024-12-14 12:26:15,994 TRACE util.FileUtils (LogUtils.java:runAndLog(49)) - Successfully ran Files.createDirectories /home/runner/work/ratis/ratis/ratis-examples/target/test/data/da5193cb/MiniRaftClusterWithNetty71855ece/s0/8cff9ddc-4abb-47b3-960b-9ce91f930a22/sm
2024-12-14 12:26:15,994 TRACE util.FileUtils (LogUtils.java:supplyAndLog(69)) - Successfully supplied FileChannel.open /home/runner/work/ratis/ratis/ratis-examples/target/test/data/da5193cb/MiniRaftClusterWithNetty71855ece/s0/8cff9ddc-4abb-47b3-960b-9ce91f930a22/current/raft-meta.tmp with options [CREATE, WRITE]: sun.nio.ch.FileChannelImpl@947037d
2024-12-14 12:26:15,995 TRACE util.FileUtils (LogUtils.java:runAndLog(49)) - Successfully ran Atomic Files.move /home/runner/work/ratis/ratis/ratis-examples/target/test/data/da5193cb/MiniRaftClusterWithNetty71855ece/s0/8cff9ddc-4abb-47b3-960b-9ce91f930a22/current/raft-meta.tmp to /home/runner/work/ratis/ratis/ratis-examples/target/test/data/da5193cb/MiniRaftClusterWithNetty71855ece/s0/8cff9ddc-4abb-47b3-960b-9ce91f930a22/current/raft-meta with options [REPLACE_EXISTING]
2024-12-14 12:26:15,996 INFO  storage.RaftStorage (RaftStorageImpl.java:format(98)) - Storage directory /home/runner/work/ratis/ratis/ratis-examples/target/test/data/da5193cb/MiniRaftClusterWithNetty71855ece/s0/8cff9ddc-4abb-47b3-960b-9ce91f930a22 has been successfully formatted.
2024-12-14 12:26:15,996 WARN  statemachine.StateMachine (ArithmeticStateMachine.java:loadSnapshot(115)) - The snapshot info is null.
2024-12-14 12:26:15,996 INFO  server.RaftServerConfigKeys (ConfUtils.java:logGet(46)) - raft.server.log.use.memory = false (default)
2024-12-14 12:26:15,996 INFO  server.RaftServerConfigKeys (ConfUtils.java:logGet(46)) - raft.server.log.purge.gap = 1024 (default)
2024-12-14 12:26:15,996 INFO  server.RaftServerConfigKeys (ConfUtils.java:logGet(46)) - raft.server.log.appender.buffer.byte-limit = 4MB (=4194304) (default)
2024-12-14 12:26:15,996 INFO  server.RaftServerConfigKeys (ConfUtils.java:logGet(46)) - raft.server.log.statemachine.data.read.timeout = 1000ms (default)
2024-12-14 12:26:15,996 INFO  server.RaftServerConfigKeys (ConfUtils.java:logGet(46)) - raft.server.log.purge.preservation.log.num = 0 (default)
2024-12-14 12:26:15,996 INFO  server.RaftServerConfigKeys (ConfUtils.java:logGet(46)) - raft.server.log.segment.size.max = 32MB (=33554432) (default)
2024-12-14 12:26:15,996 INFO  server.RaftServerConfigKeys (ConfUtils.java:logGet(46)) - raft.server.log.segment.cache.num.max = 6 (default)
2024-12-14 12:26:15,996 INFO  server.RaftServerConfigKeys (ConfUtils.java:logGet(46)) - raft.server.log.segment.cache.size.max = 200MB (=209715200) (default)
2024-12-14 12:26:15,996 INFO  server.RaftServerConfigKeys (ConfUtils.java:logGet(46)) - raft.server.log.appender.buffer.byte-limit = 4MB (=4194304) (default)
2024-12-14 12:26:15,996 INFO  util.AwaitToRun (AwaitToRun.java:start(81)) - Thread[s0@group-9CE91F930A22-cacheEviction-AwaitToRun,5,main] started
2024-12-14 12:26:15,996 INFO  segmented.SegmentedRaftLogWorker (SegmentedRaftLogWorker.java:<init>(189)) - new s0@group-9CE91F930A22-SegmentedRaftLogWorker for RaftStorageImpl:Storage Directory /home/runner/work/ratis/ratis/ratis-examples/target/test/data/da5193cb/MiniRaftClusterWithNetty71855ece/s0/8cff9ddc-4abb-47b3-960b-9ce91f930a22
2024-12-14 12:26:15,997 INFO  server.RaftServerConfigKeys (ConfUtils.java:logGet(46)) - raft.server.log.queue.byte-limit = 64MB (=67108864) (default)
2024-12-14 12:26:15,997 INFO  server.RaftServerConfigKeys (ConfUtils.java:logGet(46)) - raft.server.log.queue.element-limit = 4096 (default)
2024-12-14 12:26:15,997 INFO  server.RaftServerConfigKeys (ConfUtils.java:logGet(46)) - raft.server.log.segment.size.max = 32MB (=33554432) (default)
2024-12-14 12:26:15,997 INFO  server.RaftServerConfigKeys (ConfUtils.java:logGet(46)) - raft.server.log.preallocated.size = 4MB (=4194304) (default)
2024-12-14 12:26:15,997 INFO  server.RaftServerConfigKeys (ConfUtils.java:logGet(46)) - raft.server.log.force.sync.num = 128 (default)
2024-12-14 12:26:15,997 INFO  server.RaftServerConfigKeys (ConfUtils.java:logGet(46)) - raft.server.log.statemachine.data.sync = true (default)
2024-12-14 12:26:15,997 INFO  server.RaftServerConfigKeys (ConfUtils.java:logGet(46)) - raft.server.log.statemachine.data.sync.timeout = 10s (default)
2024-12-14 12:26:15,997 INFO  server.RaftServerConfigKeys (ConfUtils.java:logGet(46)) - raft.server.log.statemachine.data.sync.timeout.retry = -1 (default)
2024-12-14 12:26:15,997 INFO  server.RaftServerConfigKeys (ConfUtils.java:logGet(46)) - raft.server.log.write.buffer.size = 8MB (=8388608) (default)
2024-12-14 12:26:15,997 INFO  server.RaftServerConfigKeys (ConfUtils.java:logGet(46)) - raft.server.log.appender.buffer.byte-limit = 4MB (=4194304) (default)
2024-12-14 12:26:15,998 INFO  server.RaftServerConfigKeys (ConfUtils.java:logGet(46)) - raft.server.log.unsafe-flush.enabled = false (default)
2024-12-14 12:26:15,998 INFO  server.RaftServerConfigKeys (ConfUtils.java:logGet(46)) - raft.server.log.async-flush.enabled = false (default)
2024-12-14 12:26:15,998 INFO  server.RaftServerConfigKeys (ConfUtils.java:logGet(46)) - raft.server.log.statemachine.data.caching.enabled = false (default)
2024-12-14 12:26:15,998 INFO  segmented.SegmentedRaftLogWorker (SegmentedRaftLogWorker.java:lambda$new$0(140)) - s0@group-9CE91F930A22-SegmentedRaftLogWorker: flushIndex: setUnconditionally 0 -> -1
2024-12-14 12:26:15,998 INFO  segmented.SegmentedRaftLogWorker (SegmentedRaftLogWorker.java:lambda$new$0(140)) - s0@group-9CE91F930A22-SegmentedRaftLogWorker: safeCacheEvictIndex: setUnconditionally 0 -> -1
2024-12-14 12:26:15,998 INFO  server.RaftServer$Division (RaftServerImpl.java:start(398)) - s0@group-9CE91F930A22: start with initializing state, conf=conf: {index: -1, cur=peers:[]|listeners:[], old=null}
2024-12-14 12:26:15,998 INFO  server.RaftServer$Division (RaftServerImpl.java:setRole(379)) - s0@group-9CE91F930A22: changes role from      null to FOLLOWER at term 0 for start
2024-12-14 12:26:15,998 INFO  util.JmxRegister (JmxRegister.java:tryRegister(44)) - Successfully registered JMX Bean with object name Ratis:service=RaftServer,group=group-9CE91F930A22,id=s0
2024-12-14 12:26:15,999 INFO  util.JmxRegister (JmxRegister.java:register(58)) - register mxBean class org.apache.ratis.server.impl.RaftServerJmxAdapter as Ratis:service=RaftServer,group=group-9CE91F930A22,id=s0
2024-12-14 12:26:15,999 INFO  server.RaftServerConfigKeys (ConfUtils.java:logGet(46)) - raft.server.snapshot.trigger-when-stop.enabled = true (default)
2024-12-14 12:26:15,999 INFO  server.RaftServerConfigKeys (ConfUtils.java:logGet(46)) - raft.server.snapshot.trigger-when-remove.enabled = true (default)
2024-12-14 12:26:15,999 INFO  server.RaftServerConfigKeys (ConfUtils.java:logGet(46)) - raft.server.snapshot.auto.trigger.enabled = false (default)
2024-12-14 12:26:15,999 INFO  server.RaftServerConfigKeys (ConfUtils.java:logGet(46)) - raft.server.snapshot.retention.file.num = -1 (default)
2024-12-14 12:26:15,999 INFO  server.RaftServerConfigKeys (ConfUtils.java:logGet(46)) - raft.server.log.purge.upto.snapshot.index = false (default)
2024-12-14 12:26:15,999 INFO  server.RaftServer$Division (RaftServerImpl.java:start(406)) - s0@group-9CE91F930A22: Successfully started.
2024-12-14 12:26:16,000 INFO  netty.NettyUtils (NettyUtils.java:newEventLoopGroup(74)) - Create EpollEventLoopGroup for client-59B46BB7542B; Thread size is 0.
2024-12-14 12:26:16,001 INFO  logging.LoggingHandler (AbstractInternalLogger.java:log(148)) - [id: 0x356557ed, L:/0.0.0.0:15016] READ: [id: 0x951d18fe, L:/127.0.0.1:15016 - R:/127.0.0.1:59918]
2024-12-14 12:26:16,001 INFO  logging.LoggingHandler (AbstractInternalLogger.java:log(148)) - [id: 0x356557ed, L:/0.0.0.0:15016] READ COMPLETE
2024-12-14 12:26:16,002 INFO  server.RaftServer (RaftServerProxy.java:addNew(101)) - s1: addNew group-9CE91F930A22:[] returns group-9CE91F930A22:java.util.concurrent.CompletableFuture@7fcbcd98[Not completed]
2024-12-14 12:26:16,002 INFO  server.RaftServer$Division (RaftServerImpl.java:<init>(256)) - s1: new RaftServerImpl for group-9CE91F930A22:[] with ArithmeticStateMachine:uninitialized
2024-12-14 12:26:16,002 INFO  server.RaftServerConfigKeys (ConfUtils.java:logGet(46)) - raft.server.rpc.timeout.min = 300ms (custom)
2024-12-14 12:26:16,002 INFO  server.RaftServerConfigKeys (ConfUtils.java:logGet(46)) - raft.server.rpc.timeout.max = 600ms (custom)
2024-12-14 12:26:16,002 INFO  server.RaftServerConfigKeys (ConfUtils.java:logGet(46)) - raft.server.rpc.sleep.time = 25ms (default)
2024-12-14 12:26:16,002 INFO  server.RaftServerConfigKeys (ConfUtils.java:logGet(46)) - raft.server.rpc.slowness.timeout = 60s (default)
2024-12-14 12:26:16,002 INFO  server.RaftServerConfigKeys (ConfUtils.java:logGet(46)) - raft.server.leaderelection.leader.step-down.wait-time = 10s (default)
2024-12-14 12:26:16,002 INFO  server.RaftServerConfigKeys (ConfUtils.java:logGet(46)) - raft.server.leaderelection.member.majority-add = false (default)
2024-12-14 12:26:16,002 INFO  server.RaftServerConfigKeys (ConfUtils.java:logGet(46)) - raft.server.sleep.deviation.threshold = 300ms (default)
2024-12-14 12:26:16,002 INFO  server.RaftServer$Division (ServerState.java:<init>(114)) - s1@group-9CE91F930A22: ConfigurationManager, init=conf: {index: -1, cur=peers:[]|listeners:[], old=null}, confs=<EMPTY_MAP>
2024-12-14 12:26:16,002 INFO  server.RaftServerConfigKeys (ConfUtils.java:logGet(46)) - raft.server.notification.no-leader.timeout = 60s (default)
2024-12-14 12:26:16,002 INFO  server.RaftServerConfigKeys (ConfUtils.java:logGet(46)) - raft.server.read.timeout = 10s (default)
2024-12-14 12:26:16,002 INFO  server.RaftServerConfigKeys (ConfUtils.java:logGet(46)) - raft.server.retrycache.expirytime = 60s (default)
2024-12-14 12:26:16,002 INFO  server.RaftServerConfigKeys (ConfUtils.java:logGet(46)) - raft.server.retrycache.statistics.expirytime = 100ms (default)
2024-12-14 12:26:16,002 INFO  server.RaftServerConfigKeys (ConfUtils.java:logGet(46)) - raft.server.read.option = DEFAULT (default)
2024-12-14 12:26:16,002 INFO  server.RaftServerConfigKeys (ConfUtils.java:logGet(46)) - raft.server.read.read-after-write-consistent.write-index-cache.expiry-time = 60s (default)
2024-12-14 12:26:16,003 INFO  server.RaftServerConfigKeys (ConfUtils.java:logGet(46)) - raft.server.rpc.request.timeout = 3000ms (default)
2024-12-14 12:26:16,003 INFO  server.RaftServerConfigKeys (ConfUtils.java:logGet(46)) - raft.server.log.appender.install.snapshot.enabled = true (default)
2024-12-14 12:26:16,003 INFO  server.RaftServerConfigKeys (ConfUtils.java:logGet(46)) - raft.server.threadpool.server.cached = true (default)
2024-12-14 12:26:16,003 INFO  server.RaftServerConfigKeys (ConfUtils.java:logGet(46)) - raft.server.threadpool.server.size = 0 (default)
2024-12-14 12:26:16,003 INFO  server.RaftServerConfigKeys (ConfUtils.java:logGet(46)) - raft.server.threadpool.client.cached = true (default)
2024-12-14 12:26:16,003 INFO  server.RaftServerConfigKeys (ConfUtils.java:logGet(46)) - raft.server.threadpool.client.size = 0 (default)
2024-12-14 12:26:16,003 INFO  server.RaftServerConfigKeys (ConfUtils.java:logGet(46)) - raft.server.storage.free-space.min = 0MB (=0) (default)
2024-12-14 12:26:16,003 INFO  server.RaftServerConfigKeys (ConfUtils.java:logGet(46)) - raft.server.log.corruption.policy = EXCEPTION (default)
2024-12-14 12:26:16,003 INFO  server.RaftServerConfigKeys (ConfUtils.java:logGet(46)) - raft.server.storage.dir = [/home/runner/work/ratis/ratis/ratis-examples/target/test/data/da5193cb/MiniRaftClusterWithNetty71855ece/s1] (custom)
2024-12-14 12:26:16,003 INFO  storage.RaftStorageDirectory (RaftStorageDirectoryImpl.java:analyzeStorage(138)) - The storage directory /home/runner/work/ratis/ratis/ratis-examples/target/test/data/da5193cb/MiniRaftClusterWithNetty71855ece/s1/8cff9ddc-4abb-47b3-960b-9ce91f930a22 does not exist. Creating ...
2024-12-14 12:26:16,003 TRACE util.FileUtils (LogUtils.java:runAndLog(49)) - Successfully ran Files.createDirectories /home/runner/work/ratis/ratis/ratis-examples/target/test/data/da5193cb/MiniRaftClusterWithNetty71855ece/s1/8cff9ddc-4abb-47b3-960b-9ce91f930a22
2024-12-14 12:26:16,004 INFO  storage.RaftStorageDirectory (RaftStorageDirectoryImpl.java:tryLock(229)) - Lock on /home/runner/work/ratis/ratis/ratis-examples/target/test/data/da5193cb/MiniRaftClusterWithNetty71855ece/s1/8cff9ddc-4abb-47b3-960b-9ce91f930a22/in_use.lock acquired by nodename 14700@fv-az733-880
2024-12-14 12:26:16,004 TRACE util.FileUtils (LogUtils.java:runAndLog(49)) - Successfully ran Files.createDirectories /home/runner/work/ratis/ratis/ratis-examples/target/test/data/da5193cb/MiniRaftClusterWithNetty71855ece/s1/8cff9ddc-4abb-47b3-960b-9ce91f930a22/current
2024-12-14 12:26:16,004 TRACE util.FileUtils (LogUtils.java:runAndLog(49)) - Successfully ran Files.createDirectories /home/runner/work/ratis/ratis/ratis-examples/target/test/data/da5193cb/MiniRaftClusterWithNetty71855ece/s1/8cff9ddc-4abb-47b3-960b-9ce91f930a22/sm
2024-12-14 12:26:16,004 TRACE util.FileUtils (LogUtils.java:supplyAndLog(69)) - Successfully supplied FileChannel.open /home/runner/work/ratis/ratis/ratis-examples/target/test/data/da5193cb/MiniRaftClusterWithNetty71855ece/s1/8cff9ddc-4abb-47b3-960b-9ce91f930a22/current/raft-meta.tmp with options [CREATE, WRITE]: sun.nio.ch.FileChannelImpl@6935e649
2024-12-14 12:26:16,005 TRACE util.FileUtils (LogUtils.java:runAndLog(49)) - Successfully ran Atomic Files.move /home/runner/work/ratis/ratis/ratis-examples/target/test/data/da5193cb/MiniRaftClusterWithNetty71855ece/s1/8cff9ddc-4abb-47b3-960b-9ce91f930a22/current/raft-meta.tmp to /home/runner/work/ratis/ratis/ratis-examples/target/test/data/da5193cb/MiniRaftClusterWithNetty71855ece/s1/8cff9ddc-4abb-47b3-960b-9ce91f930a22/current/raft-meta with options [REPLACE_EXISTING]
2024-12-14 12:26:16,005 INFO  storage.RaftStorage (RaftStorageImpl.java:format(98)) - Storage directory /home/runner/work/ratis/ratis/ratis-examples/target/test/data/da5193cb/MiniRaftClusterWithNetty71855ece/s1/8cff9ddc-4abb-47b3-960b-9ce91f930a22 has been successfully formatted.
2024-12-14 12:26:16,005 WARN  statemachine.StateMachine (ArithmeticStateMachine.java:loadSnapshot(115)) - The snapshot info is null.
2024-12-14 12:26:16,005 INFO  server.RaftServerConfigKeys (ConfUtils.java:logGet(46)) - raft.server.log.use.memory = false (default)
2024-12-14 12:26:16,005 INFO  server.RaftServerConfigKeys (ConfUtils.java:logGet(46)) - raft.server.log.purge.gap = 1024 (default)
2024-12-14 12:26:16,005 INFO  server.RaftServerConfigKeys (ConfUtils.java:logGet(46)) - raft.server.log.appender.buffer.byte-limit = 4MB (=4194304) (default)
2024-12-14 12:26:16,005 INFO  server.RaftServerConfigKeys (ConfUtils.java:logGet(46)) - raft.server.log.statemachine.data.read.timeout = 1000ms (default)
2024-12-14 12:26:16,005 INFO  server.RaftServerConfigKeys (ConfUtils.java:logGet(46)) - raft.server.log.purge.preservation.log.num = 0 (default)
2024-12-14 12:26:16,006 INFO  server.RaftServerConfigKeys (ConfUtils.java:logGet(46)) - raft.server.log.segment.size.max = 32MB (=33554432) (default)
2024-12-14 12:26:16,006 INFO  server.RaftServerConfigKeys (ConfUtils.java:logGet(46)) - raft.server.log.segment.cache.num.max = 6 (default)
2024-12-14 12:26:16,006 INFO  server.RaftServerConfigKeys (ConfUtils.java:logGet(46)) - raft.server.log.segment.cache.size.max = 200MB (=209715200) (default)
2024-12-14 12:26:16,006 INFO  server.RaftServerConfigKeys (ConfUtils.java:logGet(46)) - raft.server.log.appender.buffer.byte-limit = 4MB (=4194304) (default)
2024-12-14 12:26:16,006 INFO  util.AwaitToRun (AwaitToRun.java:start(81)) - Thread[s1@group-9CE91F930A22-cacheEviction-AwaitToRun,5,main] started
2024-12-14 12:26:16,006 INFO  segmented.SegmentedRaftLogWorker (SegmentedRaftLogWorker.java:<init>(189)) - new s1@group-9CE91F930A22-SegmentedRaftLogWorker for RaftStorageImpl:Storage Directory /home/runner/work/ratis/ratis/ratis-examples/target/test/data/da5193cb/MiniRaftClusterWithNetty71855ece/s1/8cff9ddc-4abb-47b3-960b-9ce91f930a22
2024-12-14 12:26:16,006 INFO  server.RaftServerConfigKeys (ConfUtils.java:logGet(46)) - raft.server.log.queue.byte-limit = 64MB (=67108864) (default)
2024-12-14 12:26:16,006 INFO  server.RaftServerConfigKeys (ConfUtils.java:logGet(46)) - raft.server.log.queue.element-limit = 4096 (default)
2024-12-14 12:26:16,006 INFO  server.RaftServerConfigKeys (ConfUtils.java:logGet(46)) - raft.server.log.segment.size.max = 32MB (=33554432) (default)
2024-12-14 12:26:16,006 INFO  server.RaftServerConfigKeys (ConfUtils.java:logGet(46)) - raft.server.log.preallocated.size = 4MB (=4194304) (default)
2024-12-14 12:26:16,006 INFO  server.RaftServerConfigKeys (ConfUtils.java:logGet(46)) - raft.server.log.force.sync.num = 128 (default)
2024-12-14 12:26:16,006 INFO  server.RaftServerConfigKeys (ConfUtils.java:logGet(46)) - raft.server.log.statemachine.data.sync = true (default)
2024-12-14 12:26:16,006 INFO  server.RaftServerConfigKeys (ConfUtils.java:logGet(46)) - raft.server.log.statemachine.data.sync.timeout = 10s (default)
2024-12-14 12:26:16,007 INFO  server.RaftServerConfigKeys (ConfUtils.java:logGet(46)) - raft.server.log.statemachine.data.sync.timeout.retry = -1 (default)
2024-12-14 12:26:16,007 INFO  server.RaftServerConfigKeys (ConfUtils.java:logGet(46)) - raft.server.log.write.buffer.size = 8MB (=8388608) (default)
2024-12-14 12:26:16,007 INFO  server.RaftServerConfigKeys (ConfUtils.java:logGet(46)) - raft.server.log.appender.buffer.byte-limit = 4MB (=4194304) (default)
2024-12-14 12:26:16,007 INFO  server.RaftServerConfigKeys (ConfUtils.java:logGet(46)) - raft.server.log.unsafe-flush.enabled = false (default)
2024-12-14 12:26:16,007 INFO  server.RaftServerConfigKeys (ConfUtils.java:logGet(46)) - raft.server.log.async-flush.enabled = false (default)
2024-12-14 12:26:16,007 INFO  server.RaftServerConfigKeys (ConfUtils.java:logGet(46)) - raft.server.log.statemachine.data.caching.enabled = false (default)
2024-12-14 12:26:16,007 INFO  segmented.SegmentedRaftLogWorker (SegmentedRaftLogWorker.java:lambda$new$0(140)) - s1@group-9CE91F930A22-SegmentedRaftLogWorker: flushIndex: setUnconditionally 0 -> -1
2024-12-14 12:26:16,007 INFO  segmented.SegmentedRaftLogWorker (SegmentedRaftLogWorker.java:lambda$new$0(140)) - s1@group-9CE91F930A22-SegmentedRaftLogWorker: safeCacheEvictIndex: setUnconditionally 0 -> -1
2024-12-14 12:26:16,008 INFO  server.RaftServer$Division (RaftServerImpl.java:start(398)) - s1@group-9CE91F930A22: start with initializing state, conf=conf: {index: -1, cur=peers:[]|listeners:[], old=null}
2024-12-14 12:26:16,008 INFO  server.RaftServer$Division (RaftServerImpl.java:setRole(379)) - s1@group-9CE91F930A22: changes role from      null to FOLLOWER at term 0 for start
2024-12-14 12:26:16,008 INFO  util.JmxRegister (JmxRegister.java:tryRegister(44)) - Successfully registered JMX Bean with object name Ratis:service=RaftServer,group=group-9CE91F930A22,id=s1
2024-12-14 12:26:16,008 INFO  util.JmxRegister (JmxRegister.java:register(58)) - register mxBean class org.apache.ratis.server.impl.RaftServerJmxAdapter as Ratis:service=RaftServer,group=group-9CE91F930A22,id=s1
2024-12-14 12:26:16,008 INFO  server.RaftServerConfigKeys (ConfUtils.java:logGet(46)) - raft.server.snapshot.trigger-when-stop.enabled = true (default)
2024-12-14 12:26:16,008 INFO  server.RaftServerConfigKeys (ConfUtils.java:logGet(46)) - raft.server.snapshot.trigger-when-remove.enabled = true (default)
2024-12-14 12:26:16,008 INFO  server.RaftServerConfigKeys (ConfUtils.java:logGet(46)) - raft.server.snapshot.auto.trigger.enabled = false (default)
2024-12-14 12:26:16,008 INFO  server.RaftServerConfigKeys (ConfUtils.java:logGet(46)) - raft.server.snapshot.retention.file.num = -1 (default)
2024-12-14 12:26:16,008 INFO  server.RaftServerConfigKeys (ConfUtils.java:logGet(46)) - raft.server.log.purge.upto.snapshot.index = false (default)
2024-12-14 12:26:16,008 INFO  server.RaftServer$Division (RaftServerImpl.java:start(406)) - s1@group-9CE91F930A22: Successfully started.
2024-12-14 12:26:16,014 INFO  impl.GroupManagementBaseTest (GroupManagementBaseTest.java:runMultiGroupTest(322)) - 2) groupAdd: printing group-A9C62F8E94D0
2024-12-14 12:26:16,014 INFO  netty.NettyUtils (NettyUtils.java:newEventLoopGroup(74)) - Create EpollEventLoopGroup for client-3B4E8E9C7C5D; Thread size is 0.
2024-12-14 12:26:16,015 INFO  logging.LoggingHandler (AbstractInternalLogger.java:log(148)) - [id: 0xdb003562, L:/0.0.0.0:15018] READ: [id: 0x9aa3101d, L:/127.0.0.1:15018 - R:/127.0.0.1:48026]
2024-12-14 12:26:16,015 INFO  logging.LoggingHandler (AbstractInternalLogger.java:log(148)) - [id: 0xdb003562, L:/0.0.0.0:15018] READ COMPLETE
2024-12-14 12:26:16,016 INFO  server.RaftServer$Division (RaftServerImpl.java:<init>(256)) - s3: new RaftServerImpl for group-9CE91F930A22:[] with ArithmeticStateMachine:uninitialized
2024-12-14 12:26:16,016 INFO  server.RaftServerConfigKeys (ConfUtils.java:logGet(46)) - raft.server.rpc.timeout.min = 300ms (custom)
2024-12-14 12:26:16,016 INFO  server.RaftServerConfigKeys (ConfUtils.java:logGet(46)) - raft.server.rpc.timeout.max = 600ms (custom)
2024-12-14 12:26:16,016 INFO  server.RaftServerConfigKeys (ConfUtils.java:logGet(46)) - raft.server.rpc.sleep.time = 25ms (default)
2024-12-14 12:26:16,016 INFO  server.RaftServerConfigKeys (ConfUtils.java:logGet(46)) - raft.server.rpc.slowness.timeout = 60s (default)
2024-12-14 12:26:16,016 INFO  server.RaftServerConfigKeys (ConfUtils.java:logGet(46)) - raft.server.leaderelection.leader.step-down.wait-time = 10s (default)
2024-12-14 12:26:16,016 INFO  server.RaftServerConfigKeys (ConfUtils.java:logGet(46)) - raft.server.leaderelection.member.majority-add = false (default)
2024-12-14 12:26:16,016 INFO  server.RaftServerConfigKeys (ConfUtils.java:logGet(46)) - raft.server.sleep.deviation.threshold = 300ms (default)
2024-12-14 12:26:16,016 INFO  server.RaftServer$Division (ServerState.java:<init>(114)) - s3@group-9CE91F930A22: ConfigurationManager, init=conf: {index: -1, cur=peers:[]|listeners:[], old=null}, confs=<EMPTY_MAP>
2024-12-14 12:26:16,016 INFO  server.RaftServerConfigKeys (ConfUtils.java:logGet(46)) - raft.server.notification.no-leader.timeout = 60s (default)
2024-12-14 12:26:16,016 INFO  server.RaftServerConfigKeys (ConfUtils.java:logGet(46)) - raft.server.read.timeout = 10s (default)
2024-12-14 12:26:16,016 INFO  server.RaftServerConfigKeys (ConfUtils.java:logGet(46)) - raft.server.retrycache.expirytime = 60s (default)
2024-12-14 12:26:16,016 INFO  server.RaftServerConfigKeys (ConfUtils.java:logGet(46)) - raft.server.retrycache.statistics.expirytime = 100ms (default)
2024-12-14 12:26:16,016 INFO  server.RaftServerConfigKeys (ConfUtils.java:logGet(46)) - raft.server.read.option = DEFAULT (default)
2024-12-14 12:26:16,017 INFO  server.RaftServerConfigKeys (ConfUtils.java:logGet(46)) - raft.server.read.read-after-write-consistent.write-index-cache.expiry-time = 60s (default)
2024-12-14 12:26:16,017 INFO  server.RaftServerConfigKeys (ConfUtils.java:logGet(46)) - raft.server.rpc.request.timeout = 3000ms (default)
2024-12-14 12:26:16,017 INFO  server.RaftServerConfigKeys (ConfUtils.java:logGet(46)) - raft.server.log.appender.install.snapshot.enabled = true (default)
2024-12-14 12:26:16,017 INFO  server.RaftServerConfigKeys (ConfUtils.java:logGet(46)) - raft.server.threadpool.server.cached = true (default)
2024-12-14 12:26:16,017 INFO  server.RaftServerConfigKeys (ConfUtils.java:logGet(46)) - raft.server.threadpool.server.size = 0 (default)
2024-12-14 12:26:16,017 INFO  server.RaftServerConfigKeys (ConfUtils.java:logGet(46)) - raft.server.threadpool.client.cached = true (default)
2024-12-14 12:26:16,017 INFO  server.RaftServerConfigKeys (ConfUtils.java:logGet(46)) - raft.server.threadpool.client.size = 0 (default)
2024-12-14 12:26:16,017 INFO  server.RaftServer (RaftServerProxy.java:addNew(101)) - s3: addNew group-9CE91F930A22:[] returns      null s3@group-9CE91F930A22:t0, leader=null, voted=null, raftlog=UNINITIALIZED, conf=conf: {index: -1, cur=peers:[]|listeners:[], old=null} NEW
2024-12-14 12:26:16,017 INFO  server.RaftServerConfigKeys (ConfUtils.java:logGet(46)) - raft.server.storage.free-space.min = 0MB (=0) (default)
2024-12-14 12:26:16,017 INFO  server.RaftServerConfigKeys (ConfUtils.java:logGet(46)) - raft.server.log.corruption.policy = EXCEPTION (default)
2024-12-14 12:26:16,018 INFO  server.RaftServerConfigKeys (ConfUtils.java:logGet(46)) - raft.server.storage.dir = [/home/runner/work/ratis/ratis/ratis-examples/target/test/data/da5193cb/MiniRaftClusterWithNetty71855ece/s3] (custom)
2024-12-14 12:26:16,018 INFO  storage.RaftStorageDirectory (RaftStorageDirectoryImpl.java:analyzeStorage(138)) - The storage directory /home/runner/work/ratis/ratis/ratis-examples/target/test/data/da5193cb/MiniRaftClusterWithNetty71855ece/s3/8cff9ddc-4abb-47b3-960b-9ce91f930a22 does not exist. Creating ...
2024-12-14 12:26:16,018 TRACE util.FileUtils (LogUtils.java:runAndLog(49)) - Successfully ran Files.createDirectories /home/runner/work/ratis/ratis/ratis-examples/target/test/data/da5193cb/MiniRaftClusterWithNetty71855ece/s3/8cff9ddc-4abb-47b3-960b-9ce91f930a22
2024-12-14 12:26:16,019 INFO  storage.RaftStorageDirectory (RaftStorageDirectoryImpl.java:tryLock(229)) - Lock on /home/runner/work/ratis/ratis/ratis-examples/target/test/data/da5193cb/MiniRaftClusterWithNetty71855ece/s3/8cff9ddc-4abb-47b3-960b-9ce91f930a22/in_use.lock acquired by nodename 14700@fv-az733-880
2024-12-14 12:26:16,019 TRACE util.FileUtils (LogUtils.java:runAndLog(49)) - Successfully ran Files.createDirectories /home/runner/work/ratis/ratis/ratis-examples/target/test/data/da5193cb/MiniRaftClusterWithNetty71855ece/s3/8cff9ddc-4abb-47b3-960b-9ce91f930a22/current
2024-12-14 12:26:16,019 TRACE util.FileUtils (LogUtils.java:runAndLog(49)) - Successfully ran Files.createDirectories /home/runner/work/ratis/ratis/ratis-examples/target/test/data/da5193cb/MiniRaftClusterWithNetty71855ece/s3/8cff9ddc-4abb-47b3-960b-9ce91f930a22/sm
2024-12-14 12:26:16,019 TRACE util.FileUtils (LogUtils.java:supplyAndLog(69)) - Successfully supplied FileChannel.open /home/runner/work/ratis/ratis/ratis-examples/target/test/data/da5193cb/MiniRaftClusterWithNetty71855ece/s3/8cff9ddc-4abb-47b3-960b-9ce91f930a22/current/raft-meta.tmp with options [CREATE, WRITE]: sun.nio.ch.FileChannelImpl@6f980921
2024-12-14 12:26:16,020 TRACE util.FileUtils (LogUtils.java:runAndLog(49)) - Successfully ran Atomic Files.move /home/runner/work/ratis/ratis/ratis-examples/target/test/data/da5193cb/MiniRaftClusterWithNetty71855ece/s3/8cff9ddc-4abb-47b3-960b-9ce91f930a22/current/raft-meta.tmp to /home/runner/work/ratis/ratis/ratis-examples/target/test/data/da5193cb/MiniRaftClusterWithNetty71855ece/s3/8cff9ddc-4abb-47b3-960b-9ce91f930a22/current/raft-meta with options [REPLACE_EXISTING]
2024-12-14 12:26:16,020 INFO  storage.RaftStorage (RaftStorageImpl.java:format(98)) - Storage directory /home/runner/work/ratis/ratis/ratis-examples/target/test/data/da5193cb/MiniRaftClusterWithNetty71855ece/s3/8cff9ddc-4abb-47b3-960b-9ce91f930a22 has been successfully formatted.
2024-12-14 12:26:16,020 WARN  statemachine.StateMachine (ArithmeticStateMachine.java:loadSnapshot(115)) - The snapshot info is null.
2024-12-14 12:26:16,020 INFO  server.RaftServerConfigKeys (ConfUtils.java:logGet(46)) - raft.server.log.use.memory = false (default)
2024-12-14 12:26:16,020 INFO  server.RaftServerConfigKeys (ConfUtils.java:logGet(46)) - raft.server.log.purge.gap = 1024 (default)
2024-12-14 12:26:16,020 INFO  server.RaftServerConfigKeys (ConfUtils.java:logGet(46)) - raft.server.log.appender.buffer.byte-limit = 4MB (=4194304) (default)
2024-12-14 12:26:16,020 INFO  server.RaftServerConfigKeys (ConfUtils.java:logGet(46)) - raft.server.log.statemachine.data.read.timeout = 1000ms (default)
2024-12-14 12:26:16,020 INFO  server.RaftServerConfigKeys (ConfUtils.java:logGet(46)) - raft.server.log.purge.preservation.log.num = 0 (default)
2024-12-14 12:26:16,021 INFO  server.RaftServerConfigKeys (ConfUtils.java:logGet(46)) - raft.server.log.segment.size.max = 32MB (=33554432) (default)
2024-12-14 12:26:16,021 INFO  server.RaftServerConfigKeys (ConfUtils.java:logGet(46)) - raft.server.log.segment.cache.num.max = 6 (default)
2024-12-14 12:26:16,021 INFO  server.RaftServerConfigKeys (ConfUtils.java:logGet(46)) - raft.server.log.segment.cache.size.max = 200MB (=209715200) (default)
2024-12-14 12:26:16,021 INFO  server.RaftServerConfigKeys (ConfUtils.java:logGet(46)) - raft.server.log.appender.buffer.byte-limit = 4MB (=4194304) (default)
2024-12-14 12:26:16,021 INFO  util.AwaitToRun (AwaitToRun.java:start(81)) - Thread[s3@group-9CE91F930A22-cacheEviction-AwaitToRun,5,main] started
2024-12-14 12:26:16,021 INFO  segmented.SegmentedRaftLogWorker (SegmentedRaftLogWorker.java:<init>(189)) - new s3@group-9CE91F930A22-SegmentedRaftLogWorker for RaftStorageImpl:Storage Directory /home/runner/work/ratis/ratis/ratis-examples/target/test/data/da5193cb/MiniRaftClusterWithNetty71855ece/s3/8cff9ddc-4abb-47b3-960b-9ce91f930a22
2024-12-14 12:26:16,021 INFO  server.RaftServerConfigKeys (ConfUtils.java:logGet(46)) - raft.server.log.queue.byte-limit = 64MB (=67108864) (default)
2024-12-14 12:26:16,021 INFO  server.RaftServerConfigKeys (ConfUtils.java:logGet(46)) - raft.server.log.queue.element-limit = 4096 (default)
2024-12-14 12:26:16,021 INFO  server.RaftServerConfigKeys (ConfUtils.java:logGet(46)) - raft.server.log.segment.size.max = 32MB (=33554432) (default)
2024-12-14 12:26:16,021 INFO  server.RaftServerConfigKeys (ConfUtils.java:logGet(46)) - raft.server.log.preallocated.size = 4MB (=4194304) (default)
2024-12-14 12:26:16,021 INFO  server.RaftServerConfigKeys (ConfUtils.java:logGet(46)) - raft.server.log.force.sync.num = 128 (default)
2024-12-14 12:26:16,021 INFO  server.RaftServerConfigKeys (ConfUtils.java:logGet(46)) - raft.server.log.statemachine.data.sync = true (default)
2024-12-14 12:26:16,021 INFO  server.RaftServerConfigKeys (ConfUtils.java:logGet(46)) - raft.server.log.statemachine.data.sync.timeout = 10s (default)
2024-12-14 12:26:16,022 INFO  server.RaftServerConfigKeys (ConfUtils.java:logGet(46)) - raft.server.log.statemachine.data.sync.timeout.retry = -1 (default)
2024-12-14 12:26:16,022 INFO  server.RaftServerConfigKeys (ConfUtils.java:logGet(46)) - raft.server.log.write.buffer.size = 8MB (=8388608) (default)
2024-12-14 12:26:16,022 INFO  server.RaftServerConfigKeys (ConfUtils.java:logGet(46)) - raft.server.log.appender.buffer.byte-limit = 4MB (=4194304) (default)
2024-12-14 12:26:16,022 INFO  server.RaftServerConfigKeys (ConfUtils.java:logGet(46)) - raft.server.log.unsafe-flush.enabled = false (default)
2024-12-14 12:26:16,022 INFO  server.RaftServerConfigKeys (ConfUtils.java:logGet(46)) - raft.server.log.async-flush.enabled = false (default)
2024-12-14 12:26:16,022 INFO  server.RaftServerConfigKeys (ConfUtils.java:logGet(46)) - raft.server.log.statemachine.data.caching.enabled = false (default)
2024-12-14 12:26:16,022 INFO  segmented.SegmentedRaftLogWorker (SegmentedRaftLogWorker.java:lambda$new$0(140)) - s3@group-9CE91F930A22-SegmentedRaftLogWorker: flushIndex: setUnconditionally 0 -> -1
2024-12-14 12:26:16,022 INFO  segmented.SegmentedRaftLogWorker (SegmentedRaftLogWorker.java:lambda$new$0(140)) - s3@group-9CE91F930A22-SegmentedRaftLogWorker: safeCacheEvictIndex: setUnconditionally 0 -> -1
2024-12-14 12:26:16,023 INFO  server.RaftServer$Division (RaftServerImpl.java:start(398)) - s3@group-9CE91F930A22: start with initializing state, conf=conf: {index: -1, cur=peers:[]|listeners:[], old=null}
2024-12-14 12:26:16,023 INFO  server.RaftServer$Division (RaftServerImpl.java:setRole(379)) - s3@group-9CE91F930A22: changes role from      null to FOLLOWER at term 0 for start
2024-12-14 12:26:16,023 INFO  util.JmxRegister (JmxRegister.java:tryRegister(44)) - Successfully registered JMX Bean with object name Ratis:service=RaftServer,group=group-9CE91F930A22,id=s3
2024-12-14 12:26:16,023 INFO  util.JmxRegister (JmxRegister.java:register(58)) - register mxBean class org.apache.ratis.server.impl.RaftServerJmxAdapter as Ratis:service=RaftServer,group=group-9CE91F930A22,id=s3
2024-12-14 12:26:16,023 INFO  server.RaftServerConfigKeys (ConfUtils.java:logGet(46)) - raft.server.snapshot.trigger-when-stop.enabled = true (default)
2024-12-14 12:26:16,023 INFO  server.RaftServerConfigKeys (ConfUtils.java:logGet(46)) - raft.server.snapshot.trigger-when-remove.enabled = true (default)
2024-12-14 12:26:16,023 INFO  server.RaftServerConfigKeys (ConfUtils.java:logGet(46)) - raft.server.snapshot.auto.trigger.enabled = false (default)
2024-12-14 12:26:16,023 INFO  server.RaftServerConfigKeys (ConfUtils.java:logGet(46)) - raft.server.snapshot.retention.file.num = -1 (default)
2024-12-14 12:26:16,023 INFO  server.RaftServerConfigKeys (ConfUtils.java:logGet(46)) - raft.server.log.purge.upto.snapshot.index = false (default)
2024-12-14 12:26:16,023 INFO  server.RaftServer$Division (RaftServerImpl.java:start(406)) - s3@group-9CE91F930A22: Successfully started.
2024-12-14 12:26:16,036 INFO  netty.NettyUtils (NettyUtils.java:newEventLoopGroup(74)) - Create EpollEventLoopGroup for client-602EE0FA5678; Thread size is 0.
2024-12-14 12:26:16,037 INFO  logging.LoggingHandler (AbstractInternalLogger.java:log(148)) - [id: 0xa7c32d8d, L:/0.0.0.0:15029] READ: [id: 0xd2f614c1, L:/127.0.0.1:15029 - R:/127.0.0.1:52160]
2024-12-14 12:26:16,038 INFO  logging.LoggingHandler (AbstractInternalLogger.java:log(148)) - [id: 0xa7c32d8d, L:/0.0.0.0:15029] READ COMPLETE
2024-12-14 12:26:16,038 INFO  server.RaftServer (RaftServerProxy.java:addNew(101)) - s14: addNew group-9CE91F930A22:[] returns group-9CE91F930A22:java.util.concurrent.CompletableFuture@34f7bef7[Not completed]
2024-12-14 12:26:16,038 INFO  server.RaftServer$Division (RaftServerImpl.java:<init>(256)) - s14: new RaftServerImpl for group-9CE91F930A22:[] with ArithmeticStateMachine:uninitialized
2024-12-14 12:26:16,038 INFO  server.RaftServerConfigKeys (ConfUtils.java:logGet(46)) - raft.server.rpc.timeout.min = 300ms (custom)
2024-12-14 12:26:16,038 INFO  server.RaftServerConfigKeys (ConfUtils.java:logGet(46)) - raft.server.rpc.timeout.max = 600ms (custom)
2024-12-14 12:26:16,038 INFO  server.RaftServerConfigKeys (ConfUtils.java:logGet(46)) - raft.server.rpc.sleep.time = 25ms (default)
2024-12-14 12:26:16,038 INFO  server.RaftServerConfigKeys (ConfUtils.java:logGet(46)) - raft.server.rpc.slowness.timeout = 60s (default)
2024-12-14 12:26:16,038 INFO  server.RaftServerConfigKeys (ConfUtils.java:logGet(46)) - raft.server.leaderelection.leader.step-down.wait-time = 10s (default)
2024-12-14 12:26:16,039 INFO  server.RaftServerConfigKeys (ConfUtils.java:logGet(46)) - raft.server.leaderelection.member.majority-add = false (default)
2024-12-14 12:26:16,039 INFO  server.RaftServerConfigKeys (ConfUtils.java:logGet(46)) - raft.server.sleep.deviation.threshold = 300ms (default)
2024-12-14 12:26:16,039 INFO  server.RaftServer$Division (ServerState.java:<init>(114)) - s14@group-9CE91F930A22: ConfigurationManager, init=conf: {index: -1, cur=peers:[]|listeners:[], old=null}, confs=<EMPTY_MAP>
2024-12-14 12:26:16,039 INFO  server.RaftServerConfigKeys (ConfUtils.java:logGet(46)) - raft.server.notification.no-leader.timeout = 60s (default)
2024-12-14 12:26:16,039 INFO  server.RaftServerConfigKeys (ConfUtils.java:logGet(46)) - raft.server.read.timeout = 10s (default)
2024-12-14 12:26:16,039 INFO  server.RaftServerConfigKeys (ConfUtils.java:logGet(46)) - raft.server.retrycache.expirytime = 60s (default)
2024-12-14 12:26:16,039 INFO  server.RaftServerConfigKeys (ConfUtils.java:logGet(46)) - raft.server.retrycache.statistics.expirytime = 100ms (default)
2024-12-14 12:26:16,039 INFO  server.RaftServerConfigKeys (ConfUtils.java:logGet(46)) - raft.server.read.option = DEFAULT (default)
2024-12-14 12:26:16,039 INFO  server.RaftServerConfigKeys (ConfUtils.java:logGet(46)) - raft.server.read.read-after-write-consistent.write-index-cache.expiry-time = 60s (default)
2024-12-14 12:26:16,039 INFO  server.RaftServerConfigKeys (ConfUtils.java:logGet(46)) - raft.server.rpc.request.timeout = 3000ms (default)
2024-12-14 12:26:16,039 INFO  server.RaftServerConfigKeys (ConfUtils.java:logGet(46)) - raft.server.log.appender.install.snapshot.enabled = true (default)
2024-12-14 12:26:16,039 INFO  server.RaftServerConfigKeys (ConfUtils.java:logGet(46)) - raft.server.threadpool.server.cached = true (default)
2024-12-14 12:26:16,039 INFO  server.RaftServerConfigKeys (ConfUtils.java:logGet(46)) - raft.server.threadpool.server.size = 0 (default)
2024-12-14 12:26:16,040 INFO  server.RaftServerConfigKeys (ConfUtils.java:logGet(46)) - raft.server.threadpool.client.cached = true (default)
2024-12-14 12:26:16,040 INFO  server.RaftServerConfigKeys (ConfUtils.java:logGet(46)) - raft.server.threadpool.client.size = 0 (default)
2024-12-14 12:26:16,040 INFO  server.RaftServerConfigKeys (ConfUtils.java:logGet(46)) - raft.server.storage.free-space.min = 0MB (=0) (default)
2024-12-14 12:26:16,040 INFO  server.RaftServerConfigKeys (ConfUtils.java:logGet(46)) - raft.server.log.corruption.policy = EXCEPTION (default)
2024-12-14 12:26:16,040 INFO  server.RaftServerConfigKeys (ConfUtils.java:logGet(46)) - raft.server.storage.dir = [/home/runner/work/ratis/ratis/ratis-examples/target/test/data/da5193cb/MiniRaftClusterWithNetty71855ece/s14] (custom)
2024-12-14 12:26:16,040 INFO  storage.RaftStorageDirectory (RaftStorageDirectoryImpl.java:analyzeStorage(138)) - The storage directory /home/runner/work/ratis/ratis/ratis-examples/target/test/data/da5193cb/MiniRaftClusterWithNetty71855ece/s14/8cff9ddc-4abb-47b3-960b-9ce91f930a22 does not exist. Creating ...
2024-12-14 12:26:16,040 TRACE util.FileUtils (LogUtils.java:runAndLog(49)) - Successfully ran Files.createDirectories /home/runner/work/ratis/ratis/ratis-examples/target/test/data/da5193cb/MiniRaftClusterWithNetty71855ece/s14/8cff9ddc-4abb-47b3-960b-9ce91f930a22
2024-12-14 12:26:16,041 INFO  storage.RaftStorageDirectory (RaftStorageDirectoryImpl.java:tryLock(229)) - Lock on /home/runner/work/ratis/ratis/ratis-examples/target/test/data/da5193cb/MiniRaftClusterWithNetty71855ece/s14/8cff9ddc-4abb-47b3-960b-9ce91f930a22/in_use.lock acquired by nodename 14700@fv-az733-880
2024-12-14 12:26:16,041 TRACE util.FileUtils (LogUtils.java:runAndLog(49)) - Successfully ran Files.createDirectories /home/runner/work/ratis/ratis/ratis-examples/target/test/data/da5193cb/MiniRaftClusterWithNetty71855ece/s14/8cff9ddc-4abb-47b3-960b-9ce91f930a22/current
2024-12-14 12:26:16,041 TRACE util.FileUtils (LogUtils.java:runAndLog(49)) - Successfully ran Files.createDirectories /home/runner/work/ratis/ratis/ratis-examples/target/test/data/da5193cb/MiniRaftClusterWithNetty71855ece/s14/8cff9ddc-4abb-47b3-960b-9ce91f930a22/sm
2024-12-14 12:26:16,041 TRACE util.FileUtils (LogUtils.java:supplyAndLog(69)) - Successfully supplied FileChannel.open /home/runner/work/ratis/ratis/ratis-examples/target/test/data/da5193cb/MiniRaftClusterWithNetty71855ece/s14/8cff9ddc-4abb-47b3-960b-9ce91f930a22/current/raft-meta.tmp with options [CREATE, WRITE]: sun.nio.ch.FileChannelImpl@e9bf01b
2024-12-14 12:26:16,042 TRACE util.FileUtils (LogUtils.java:runAndLog(49)) - Successfully ran Atomic Files.move /home/runner/work/ratis/ratis/ratis-examples/target/test/data/da5193cb/MiniRaftClusterWithNetty71855ece/s14/8cff9ddc-4abb-47b3-960b-9ce91f930a22/current/raft-meta.tmp to /home/runner/work/ratis/ratis/ratis-examples/target/test/data/da5193cb/MiniRaftClusterWithNetty71855ece/s14/8cff9ddc-4abb-47b3-960b-9ce91f930a22/current/raft-meta with options [REPLACE_EXISTING]
2024-12-14 12:26:16,042 INFO  storage.RaftStorage (RaftStorageImpl.java:format(98)) - Storage directory /home/runner/work/ratis/ratis/ratis-examples/target/test/data/da5193cb/MiniRaftClusterWithNetty71855ece/s14/8cff9ddc-4abb-47b3-960b-9ce91f930a22 has been successfully formatted.
2024-12-14 12:26:16,042 WARN  statemachine.StateMachine (ArithmeticStateMachine.java:loadSnapshot(115)) - The snapshot info is null.
2024-12-14 12:26:16,042 INFO  server.RaftServerConfigKeys (ConfUtils.java:logGet(46)) - raft.server.log.use.memory = false (default)
2024-12-14 12:26:16,042 INFO  server.RaftServerConfigKeys (ConfUtils.java:logGet(46)) - raft.server.log.purge.gap = 1024 (default)
2024-12-14 12:26:16,042 INFO  server.RaftServerConfigKeys (ConfUtils.java:logGet(46)) - raft.server.log.appender.buffer.byte-limit = 4MB (=4194304) (default)
2024-12-14 12:26:16,042 INFO  server.RaftServerConfigKeys (ConfUtils.java:logGet(46)) - raft.server.log.statemachine.data.read.timeout = 1000ms (default)
2024-12-14 12:26:16,042 INFO  server.RaftServerConfigKeys (ConfUtils.java:logGet(46)) - raft.server.log.purge.preservation.log.num = 0 (default)
2024-12-14 12:26:16,043 INFO  server.RaftServerConfigKeys (ConfUtils.java:logGet(46)) - raft.server.log.segment.size.max = 32MB (=33554432) (default)
2024-12-14 12:26:16,043 INFO  server.RaftServerConfigKeys (ConfUtils.java:logGet(46)) - raft.server.log.segment.cache.num.max = 6 (default)
2024-12-14 12:26:16,043 INFO  server.RaftServerConfigKeys (ConfUtils.java:logGet(46)) - raft.server.log.segment.cache.size.max = 200MB (=209715200) (default)
2024-12-14 12:26:16,043 INFO  server.RaftServerConfigKeys (ConfUtils.java:logGet(46)) - raft.server.log.appender.buffer.byte-limit = 4MB (=4194304) (default)
2024-12-14 12:26:16,043 INFO  util.AwaitToRun (AwaitToRun.java:start(81)) - Thread[s14@group-9CE91F930A22-cacheEviction-AwaitToRun,5,main] started
2024-12-14 12:26:16,043 INFO  segmented.SegmentedRaftLogWorker (SegmentedRaftLogWorker.java:<init>(189)) - new s14@group-9CE91F930A22-SegmentedRaftLogWorker for RaftStorageImpl:Storage Directory /home/runner/work/ratis/ratis/ratis-examples/target/test/data/da5193cb/MiniRaftClusterWithNetty71855ece/s14/8cff9ddc-4abb-47b3-960b-9ce91f930a22
2024-12-14 12:26:16,043 INFO  server.RaftServerConfigKeys (ConfUtils.java:logGet(46)) - raft.server.log.queue.byte-limit = 64MB (=67108864) (default)
2024-12-14 12:26:16,043 INFO  server.RaftServerConfigKeys (ConfUtils.java:logGet(46)) - raft.server.log.queue.element-limit = 4096 (default)
2024-12-14 12:26:16,043 INFO  server.RaftServerConfigKeys (ConfUtils.java:logGet(46)) - raft.server.log.segment.size.max = 32MB (=33554432) (default)
2024-12-14 12:26:16,043 INFO  server.RaftServerConfigKeys (ConfUtils.java:logGet(46)) - raft.server.log.preallocated.size = 4MB (=4194304) (default)
2024-12-14 12:26:16,043 INFO  server.RaftServerConfigKeys (ConfUtils.java:logGet(46)) - raft.server.log.force.sync.num = 128 (default)
2024-12-14 12:26:16,043 INFO  server.RaftServerConfigKeys (ConfUtils.java:logGet(46)) - raft.server.log.statemachine.data.sync = true (default)
2024-12-14 12:26:16,043 INFO  server.RaftServerConfigKeys (ConfUtils.java:logGet(46)) - raft.server.log.statemachine.data.sync.timeout = 10s (default)
2024-12-14 12:26:16,044 INFO  server.RaftServerConfigKeys (ConfUtils.java:logGet(46)) - raft.server.log.statemachine.data.sync.timeout.retry = -1 (default)
2024-12-14 12:26:16,044 INFO  server.RaftServerConfigKeys (ConfUtils.java:logGet(46)) - raft.server.log.write.buffer.size = 8MB (=8388608) (default)
2024-12-14 12:26:16,044 INFO  server.RaftServerConfigKeys (ConfUtils.java:logGet(46)) - raft.server.log.appender.buffer.byte-limit = 4MB (=4194304) (default)
2024-12-14 12:26:16,044 INFO  server.RaftServerConfigKeys (ConfUtils.java:logGet(46)) - raft.server.log.unsafe-flush.enabled = false (default)
2024-12-14 12:26:16,044 INFO  server.RaftServerConfigKeys (ConfUtils.java:logGet(46)) - raft.server.log.async-flush.enabled = false (default)
2024-12-14 12:26:16,044 INFO  server.RaftServerConfigKeys (ConfUtils.java:logGet(46)) - raft.server.log.statemachine.data.caching.enabled = false (default)
2024-12-14 12:26:16,044 INFO  segmented.SegmentedRaftLogWorker (SegmentedRaftLogWorker.java:lambda$new$0(140)) - s14@group-9CE91F930A22-SegmentedRaftLogWorker: flushIndex: setUnconditionally 0 -> -1
2024-12-14 12:26:16,045 INFO  segmented.SegmentedRaftLogWorker (SegmentedRaftLogWorker.java:lambda$new$0(140)) - s14@group-9CE91F930A22-SegmentedRaftLogWorker: safeCacheEvictIndex: setUnconditionally 0 -> -1
2024-12-14 12:26:16,045 INFO  server.RaftServer$Division (RaftServerImpl.java:start(398)) - s14@group-9CE91F930A22: start with initializing state, conf=conf: {index: -1, cur=peers:[]|listeners:[], old=null}
2024-12-14 12:26:16,045 INFO  server.RaftServer$Division (RaftServerImpl.java:setRole(379)) - s14@group-9CE91F930A22: changes role from      null to FOLLOWER at term 0 for start
2024-12-14 12:26:16,045 INFO  util.JmxRegister (JmxRegister.java:tryRegister(44)) - Successfully registered JMX Bean with object name Ratis:service=RaftServer,group=group-9CE91F930A22,id=s14
2024-12-14 12:26:16,045 INFO  util.JmxRegister (JmxRegister.java:register(58)) - register mxBean class org.apache.ratis.server.impl.RaftServerJmxAdapter as Ratis:service=RaftServer,group=group-9CE91F930A22,id=s14
2024-12-14 12:26:16,045 INFO  server.RaftServerConfigKeys (ConfUtils.java:logGet(46)) - raft.server.snapshot.trigger-when-stop.enabled = true (default)
2024-12-14 12:26:16,045 INFO  server.RaftServerConfigKeys (ConfUtils.java:logGet(46)) - raft.server.snapshot.trigger-when-remove.enabled = true (default)
2024-12-14 12:26:16,045 INFO  server.RaftServerConfigKeys (ConfUtils.java:logGet(46)) - raft.server.snapshot.auto.trigger.enabled = false (default)
2024-12-14 12:26:16,045 INFO  server.RaftServerConfigKeys (ConfUtils.java:logGet(46)) - raft.server.snapshot.retention.file.num = -1 (default)
2024-12-14 12:26:16,045 INFO  server.RaftServerConfigKeys (ConfUtils.java:logGet(46)) - raft.server.log.purge.upto.snapshot.index = false (default)
2024-12-14 12:26:16,049 INFO  server.RaftServer$Division (RaftServerImpl.java:start(406)) - s14@group-9CE91F930A22: Successfully started.
2024-12-14 12:26:16,058 INFO  netty.NettyUtils (NettyUtils.java:newEventLoopGroup(74)) - Create EpollEventLoopGroup for client-730D352C5E2A; Thread size is 0.
2024-12-14 12:26:16,059 INFO  logging.LoggingHandler (AbstractInternalLogger.java:log(148)) - [id: 0x959ca32c, L:/0.0.0.0:15017] READ: [id: 0xa24037cb, L:/127.0.0.1:15017 - R:/127.0.0.1:39078]
2024-12-14 12:26:16,059 INFO  logging.LoggingHandler (AbstractInternalLogger.java:log(148)) - [id: 0x959ca32c, L:/0.0.0.0:15017] READ COMPLETE
2024-12-14 12:26:16,060 INFO  server.RaftServer$Division (RaftServerImpl.java:<init>(256)) - s2: new RaftServerImpl for group-9CE91F930A22:[] with ArithmeticStateMachine:uninitialized
2024-12-14 12:26:16,060 INFO  server.RaftServerConfigKeys (ConfUtils.java:logGet(46)) - raft.server.rpc.timeout.min = 300ms (custom)
2024-12-14 12:26:16,060 INFO  server.RaftServerConfigKeys (ConfUtils.java:logGet(46)) - raft.server.rpc.timeout.max = 600ms (custom)
2024-12-14 12:26:16,060 INFO  server.RaftServerConfigKeys (ConfUtils.java:logGet(46)) - raft.server.rpc.sleep.time = 25ms (default)
2024-12-14 12:26:16,060 INFO  server.RaftServerConfigKeys (ConfUtils.java:logGet(46)) - raft.server.rpc.slowness.timeout = 60s (default)
2024-12-14 12:26:16,060 INFO  server.RaftServerConfigKeys (ConfUtils.java:logGet(46)) - raft.server.leaderelection.leader.step-down.wait-time = 10s (default)
2024-12-14 12:26:16,060 INFO  server.RaftServerConfigKeys (ConfUtils.java:logGet(46)) - raft.server.leaderelection.member.majority-add = false (default)
2024-12-14 12:26:16,060 INFO  server.RaftServerConfigKeys (ConfUtils.java:logGet(46)) - raft.server.sleep.deviation.threshold = 300ms (default)
2024-12-14 12:26:16,060 INFO  server.RaftServer$Division (ServerState.java:<init>(114)) - s2@group-9CE91F930A22: ConfigurationManager, init=conf: {index: -1, cur=peers:[]|listeners:[], old=null}, confs=<EMPTY_MAP>
2024-12-14 12:26:16,060 INFO  server.RaftServerConfigKeys (ConfUtils.java:logGet(46)) - raft.server.notification.no-leader.timeout = 60s (default)
2024-12-14 12:26:16,060 INFO  server.RaftServerConfigKeys (ConfUtils.java:logGet(46)) - raft.server.read.timeout = 10s (default)
2024-12-14 12:26:16,060 INFO  server.RaftServerConfigKeys (ConfUtils.java:logGet(46)) - raft.server.retrycache.expirytime = 60s (default)
2024-12-14 12:26:16,060 INFO  server.RaftServerConfigKeys (ConfUtils.java:logGet(46)) - raft.server.retrycache.statistics.expirytime = 100ms (default)
2024-12-14 12:26:16,061 INFO  server.RaftServerConfigKeys (ConfUtils.java:logGet(46)) - raft.server.read.option = DEFAULT (default)
2024-12-14 12:26:16,061 INFO  server.RaftServerConfigKeys (ConfUtils.java:logGet(46)) - raft.server.read.read-after-write-consistent.write-index-cache.expiry-time = 60s (default)
2024-12-14 12:26:16,061 INFO  server.RaftServerConfigKeys (ConfUtils.java:logGet(46)) - raft.server.rpc.request.timeout = 3000ms (default)
2024-12-14 12:26:16,061 INFO  server.RaftServerConfigKeys (ConfUtils.java:logGet(46)) - raft.server.log.appender.install.snapshot.enabled = true (default)
2024-12-14 12:26:16,061 INFO  server.RaftServerConfigKeys (ConfUtils.java:logGet(46)) - raft.server.threadpool.server.cached = true (default)
2024-12-14 12:26:16,061 INFO  server.RaftServerConfigKeys (ConfUtils.java:logGet(46)) - raft.server.threadpool.server.size = 0 (default)
2024-12-14 12:26:16,061 INFO  server.RaftServerConfigKeys (ConfUtils.java:logGet(46)) - raft.server.threadpool.client.cached = true (default)
2024-12-14 12:26:16,061 INFO  server.RaftServerConfigKeys (ConfUtils.java:logGet(46)) - raft.server.threadpool.client.size = 0 (default)
2024-12-14 12:26:16,061 INFO  server.RaftServer (RaftServerProxy.java:addNew(101)) - s2: addNew group-9CE91F930A22:[] returns      null s2@group-9CE91F930A22:t0, leader=null, voted=null, raftlog=UNINITIALIZED, conf=conf: {index: -1, cur=peers:[]|listeners:[], old=null} NEW
2024-12-14 12:26:16,061 INFO  server.RaftServerConfigKeys (ConfUtils.java:logGet(46)) - raft.server.storage.free-space.min = 0MB (=0) (default)
2024-12-14 12:26:16,062 INFO  server.RaftServerConfigKeys (ConfUtils.java:logGet(46)) - raft.server.log.corruption.policy = EXCEPTION (default)
2024-12-14 12:26:16,062 INFO  server.RaftServerConfigKeys (ConfUtils.java:logGet(46)) - raft.server.storage.dir = [/home/runner/work/ratis/ratis/ratis-examples/target/test/data/da5193cb/MiniRaftClusterWithNetty71855ece/s2] (custom)
2024-12-14 12:26:16,062 INFO  storage.RaftStorageDirectory (RaftStorageDirectoryImpl.java:analyzeStorage(138)) - The storage directory /home/runner/work/ratis/ratis/ratis-examples/target/test/data/da5193cb/MiniRaftClusterWithNetty71855ece/s2/8cff9ddc-4abb-47b3-960b-9ce91f930a22 does not exist. Creating ...
2024-12-14 12:26:16,062 TRACE util.FileUtils (LogUtils.java:runAndLog(49)) - Successfully ran Files.createDirectories /home/runner/work/ratis/ratis/ratis-examples/target/test/data/da5193cb/MiniRaftClusterWithNetty71855ece/s2/8cff9ddc-4abb-47b3-960b-9ce91f930a22
2024-12-14 12:26:16,063 INFO  storage.RaftStorageDirectory (RaftStorageDirectoryImpl.java:tryLock(229)) - Lock on /home/runner/work/ratis/ratis/ratis-examples/target/test/data/da5193cb/MiniRaftClusterWithNetty71855ece/s2/8cff9ddc-4abb-47b3-960b-9ce91f930a22/in_use.lock acquired by nodename 14700@fv-az733-880
2024-12-14 12:26:16,063 TRACE util.FileUtils (LogUtils.java:runAndLog(49)) - Successfully ran Files.createDirectories /home/runner/work/ratis/ratis/ratis-examples/target/test/data/da5193cb/MiniRaftClusterWithNetty71855ece/s2/8cff9ddc-4abb-47b3-960b-9ce91f930a22/current
2024-12-14 12:26:16,063 TRACE util.FileUtils (LogUtils.java:runAndLog(49)) - Successfully ran Files.createDirectories /home/runner/work/ratis/ratis/ratis-examples/target/test/data/da5193cb/MiniRaftClusterWithNetty71855ece/s2/8cff9ddc-4abb-47b3-960b-9ce91f930a22/sm
2024-12-14 12:26:16,063 TRACE util.FileUtils (LogUtils.java:supplyAndLog(69)) - Successfully supplied FileChannel.open /home/runner/work/ratis/ratis/ratis-examples/target/test/data/da5193cb/MiniRaftClusterWithNetty71855ece/s2/8cff9ddc-4abb-47b3-960b-9ce91f930a22/current/raft-meta.tmp with options [CREATE, WRITE]: sun.nio.ch.FileChannelImpl@6e2e3398
2024-12-14 12:26:16,064 TRACE util.FileUtils (LogUtils.java:runAndLog(49)) - Successfully ran Atomic Files.move /home/runner/work/ratis/ratis/ratis-examples/target/test/data/da5193cb/MiniRaftClusterWithNetty71855ece/s2/8cff9ddc-4abb-47b3-960b-9ce91f930a22/current/raft-meta.tmp to /home/runner/work/ratis/ratis/ratis-examples/target/test/data/da5193cb/MiniRaftClusterWithNetty71855ece/s2/8cff9ddc-4abb-47b3-960b-9ce91f930a22/current/raft-meta with options [REPLACE_EXISTING]
2024-12-14 12:26:16,064 INFO  storage.RaftStorage (RaftStorageImpl.java:format(98)) - Storage directory /home/runner/work/ratis/ratis/ratis-examples/target/test/data/da5193cb/MiniRaftClusterWithNetty71855ece/s2/8cff9ddc-4abb-47b3-960b-9ce91f930a22 has been successfully formatted.
2024-12-14 12:26:16,064 WARN  statemachine.StateMachine (ArithmeticStateMachine.java:loadSnapshot(115)) - The snapshot info is null.
2024-12-14 12:26:16,064 INFO  server.RaftServerConfigKeys (ConfUtils.java:logGet(46)) - raft.server.log.use.memory = false (default)
2024-12-14 12:26:16,064 INFO  server.RaftServerConfigKeys (ConfUtils.java:logGet(46)) - raft.server.log.purge.gap = 1024 (default)
2024-12-14 12:26:16,064 INFO  server.RaftServerConfigKeys (ConfUtils.java:logGet(46)) - raft.server.log.appender.buffer.byte-limit = 4MB (=4194304) (default)
2024-12-14 12:26:16,065 INFO  server.RaftServerConfigKeys (ConfUtils.java:logGet(46)) - raft.server.log.statemachine.data.read.timeout = 1000ms (default)
2024-12-14 12:26:16,065 INFO  server.RaftServerConfigKeys (ConfUtils.java:logGet(46)) - raft.server.log.purge.preservation.log.num = 0 (default)
2024-12-14 12:26:16,065 INFO  server.RaftServerConfigKeys (ConfUtils.java:logGet(46)) - raft.server.log.segment.size.max = 32MB (=33554432) (default)
2024-12-14 12:26:16,065 INFO  server.RaftServerConfigKeys (ConfUtils.java:logGet(46)) - raft.server.log.segment.cache.num.max = 6 (default)
2024-12-14 12:26:16,065 INFO  server.RaftServerConfigKeys (ConfUtils.java:logGet(46)) - raft.server.log.segment.cache.size.max = 200MB (=209715200) (default)
2024-12-14 12:26:16,065 INFO  server.RaftServerConfigKeys (ConfUtils.java:logGet(46)) - raft.server.log.appender.buffer.byte-limit = 4MB (=4194304) (default)
2024-12-14 12:26:16,065 INFO  util.AwaitToRun (AwaitToRun.java:start(81)) - Thread[s2@group-9CE91F930A22-cacheEviction-AwaitToRun,5,main] started
2024-12-14 12:26:16,065 INFO  segmented.SegmentedRaftLogWorker (SegmentedRaftLogWorker.java:<init>(189)) - new s2@group-9CE91F930A22-SegmentedRaftLogWorker for RaftStorageImpl:Storage Directory /home/runner/work/ratis/ratis/ratis-examples/target/test/data/da5193cb/MiniRaftClusterWithNetty71855ece/s2/8cff9ddc-4abb-47b3-960b-9ce91f930a22
2024-12-14 12:26:16,065 INFO  server.RaftServerConfigKeys (ConfUtils.java:logGet(46)) - raft.server.log.queue.byte-limit = 64MB (=67108864) (default)
2024-12-14 12:26:16,065 INFO  server.RaftServerConfigKeys (ConfUtils.java:logGet(46)) - raft.server.log.queue.element-limit = 4096 (default)
2024-12-14 12:26:16,065 INFO  server.RaftServerConfigKeys (ConfUtils.java:logGet(46)) - raft.server.log.segment.size.max = 32MB (=33554432) (default)
2024-12-14 12:26:16,065 INFO  server.RaftServerConfigKeys (ConfUtils.java:logGet(46)) - raft.server.log.preallocated.size = 4MB (=4194304) (default)
2024-12-14 12:26:16,066 INFO  server.RaftServerConfigKeys (ConfUtils.java:logGet(46)) - raft.server.log.force.sync.num = 128 (default)
2024-12-14 12:26:16,066 INFO  server.RaftServerConfigKeys (ConfUtils.java:logGet(46)) - raft.server.log.statemachine.data.sync = true (default)
2024-12-14 12:26:16,066 INFO  server.RaftServerConfigKeys (ConfUtils.java:logGet(46)) - raft.server.log.statemachine.data.sync.timeout = 10s (default)
2024-12-14 12:26:16,066 INFO  server.RaftServerConfigKeys (ConfUtils.java:logGet(46)) - raft.server.log.statemachine.data.sync.timeout.retry = -1 (default)
2024-12-14 12:26:16,066 INFO  server.RaftServerConfigKeys (ConfUtils.java:logGet(46)) - raft.server.log.write.buffer.size = 8MB (=8388608) (default)
2024-12-14 12:26:16,066 INFO  server.RaftServerConfigKeys (ConfUtils.java:logGet(46)) - raft.server.log.appender.buffer.byte-limit = 4MB (=4194304) (default)
2024-12-14 12:26:16,066 INFO  server.RaftServerConfigKeys (ConfUtils.java:logGet(46)) - raft.server.log.unsafe-flush.enabled = false (default)
2024-12-14 12:26:16,066 INFO  server.RaftServerConfigKeys (ConfUtils.java:logGet(46)) - raft.server.log.async-flush.enabled = false (default)
2024-12-14 12:26:16,066 INFO  server.RaftServerConfigKeys (ConfUtils.java:logGet(46)) - raft.server.log.statemachine.data.caching.enabled = false (default)
2024-12-14 12:26:16,067 INFO  segmented.SegmentedRaftLogWorker (SegmentedRaftLogWorker.java:lambda$new$0(140)) - s2@group-9CE91F930A22-SegmentedRaftLogWorker: flushIndex: setUnconditionally 0 -> -1
2024-12-14 12:26:16,067 INFO  segmented.SegmentedRaftLogWorker (SegmentedRaftLogWorker.java:lambda$new$0(140)) - s2@group-9CE91F930A22-SegmentedRaftLogWorker: safeCacheEvictIndex: setUnconditionally 0 -> -1
2024-12-14 12:26:16,067 INFO  server.RaftServer$Division (RaftServerImpl.java:start(398)) - s2@group-9CE91F930A22: start with initializing state, conf=conf: {index: -1, cur=peers:[]|listeners:[], old=null}
2024-12-14 12:26:16,067 INFO  server.RaftServer$Division (RaftServerImpl.java:setRole(379)) - s2@group-9CE91F930A22: changes role from      null to FOLLOWER at term 0 for start
2024-12-14 12:26:16,067 INFO  util.JmxRegister (JmxRegister.java:tryRegister(44)) - Successfully registered JMX Bean with object name Ratis:service=RaftServer,group=group-9CE91F930A22,id=s2
2024-12-14 12:26:16,068 INFO  util.JmxRegister (JmxRegister.java:register(58)) - register mxBean class org.apache.ratis.server.impl.RaftServerJmxAdapter as Ratis:service=RaftServer,group=group-9CE91F930A22,id=s2
2024-12-14 12:26:16,068 INFO  server.RaftServerConfigKeys (ConfUtils.java:logGet(46)) - raft.server.snapshot.trigger-when-stop.enabled = true (default)
2024-12-14 12:26:16,068 INFO  server.RaftServerConfigKeys (ConfUtils.java:logGet(46)) - raft.server.snapshot.trigger-when-remove.enabled = true (default)
2024-12-14 12:26:16,068 INFO  server.RaftServerConfigKeys (ConfUtils.java:logGet(46)) - raft.server.snapshot.auto.trigger.enabled = false (default)
2024-12-14 12:26:16,068 INFO  server.RaftServerConfigKeys (ConfUtils.java:logGet(46)) - raft.server.snapshot.retention.file.num = -1 (default)
2024-12-14 12:26:16,068 INFO  server.RaftServerConfigKeys (ConfUtils.java:logGet(46)) - raft.server.log.purge.upto.snapshot.index = false (default)
2024-12-14 12:26:16,068 INFO  server.RaftServer$Division (RaftServerImpl.java:start(406)) - s2@group-9CE91F930A22: Successfully started.
2024-12-14 12:26:16,074 INFO  impl.GroupManagementBaseTest (GroupManagementBaseTest.java:runMultiGroupTest(322)) - 3) groupAdd: printing group-083B19539B1B
2024-12-14 12:26:16,075 INFO  netty.NettyUtils (NettyUtils.java:newEventLoopGroup(74)) - Create EpollEventLoopGroup for client-A0D6017909FA; Thread size is 0.
2024-12-14 12:26:16,076 INFO  logging.LoggingHandler (AbstractInternalLogger.java:log(148)) - [id: 0x0977b22d, L:/0.0.0.0:15019] READ: [id: 0x57fce131, L:/127.0.0.1:15019 - R:/127.0.0.1:58492]
2024-12-14 12:26:16,077 INFO  logging.LoggingHandler (AbstractInternalLogger.java:log(148)) - [id: 0x0977b22d, L:/0.0.0.0:15019] READ COMPLETE
2024-12-14 12:26:16,077 INFO  server.RaftServer (RaftServerProxy.java:addNew(101)) - s4: addNew group-9CE91F930A22:[] returns group-9CE91F930A22:java.util.concurrent.CompletableFuture@32ef1ec1[Not completed]
2024-12-14 12:26:16,077 INFO  server.RaftServer$Division (RaftServerImpl.java:<init>(256)) - s4: new RaftServerImpl for group-9CE91F930A22:[] with ArithmeticStateMachine:uninitialized
2024-12-14 12:26:16,077 INFO  server.RaftServerConfigKeys (ConfUtils.java:logGet(46)) - raft.server.rpc.timeout.min = 300ms (custom)
2024-12-14 12:26:16,077 INFO  server.RaftServerConfigKeys (ConfUtils.java:logGet(46)) - raft.server.rpc.timeout.max = 600ms (custom)
2024-12-14 12:26:16,077 INFO  server.RaftServerConfigKeys (ConfUtils.java:logGet(46)) - raft.server.rpc.sleep.time = 25ms (default)
2024-12-14 12:26:16,077 INFO  server.RaftServerConfigKeys (ConfUtils.java:logGet(46)) - raft.server.rpc.slowness.timeout = 60s (default)
2024-12-14 12:26:16,077 INFO  server.RaftServerConfigKeys (ConfUtils.java:logGet(46)) - raft.server.leaderelection.leader.step-down.wait-time = 10s (default)
2024-12-14 12:26:16,077 INFO  server.RaftServerConfigKeys (ConfUtils.java:logGet(46)) - raft.server.leaderelection.member.majority-add = false (default)
2024-12-14 12:26:16,077 INFO  server.RaftServerConfigKeys (ConfUtils.java:logGet(46)) - raft.server.sleep.deviation.threshold = 300ms (default)
2024-12-14 12:26:16,078 INFO  server.RaftServer$Division (ServerState.java:<init>(114)) - s4@group-9CE91F930A22: ConfigurationManager, init=conf: {index: -1, cur=peers:[]|listeners:[], old=null}, confs=<EMPTY_MAP>
2024-12-14 12:26:16,078 INFO  server.RaftServerConfigKeys (ConfUtils.java:logGet(46)) - raft.server.notification.no-leader.timeout = 60s (default)
2024-12-14 12:26:16,078 INFO  server.RaftServerConfigKeys (ConfUtils.java:logGet(46)) - raft.server.read.timeout = 10s (default)
2024-12-14 12:26:16,078 INFO  server.RaftServerConfigKeys (ConfUtils.java:logGet(46)) - raft.server.retrycache.expirytime = 60s (default)
2024-12-14 12:26:16,078 INFO  server.RaftServerConfigKeys (ConfUtils.java:logGet(46)) - raft.server.retrycache.statistics.expirytime = 100ms (default)
2024-12-14 12:26:16,078 INFO  server.RaftServerConfigKeys (ConfUtils.java:logGet(46)) - raft.server.read.option = DEFAULT (default)
2024-12-14 12:26:16,078 INFO  server.RaftServerConfigKeys (ConfUtils.java:logGet(46)) - raft.server.read.read-after-write-consistent.write-index-cache.expiry-time = 60s (default)
2024-12-14 12:26:16,078 INFO  server.RaftServerConfigKeys (ConfUtils.java:logGet(46)) - raft.server.rpc.request.timeout = 3000ms (default)
2024-12-14 12:26:16,078 INFO  server.RaftServerConfigKeys (ConfUtils.java:logGet(46)) - raft.server.log.appender.install.snapshot.enabled = true (default)
2024-12-14 12:26:16,078 INFO  server.RaftServerConfigKeys (ConfUtils.java:logGet(46)) - raft.server.threadpool.server.cached = true (default)
2024-12-14 12:26:16,078 INFO  server.RaftServerConfigKeys (ConfUtils.java:logGet(46)) - raft.server.threadpool.server.size = 0 (default)
2024-12-14 12:26:16,079 INFO  server.RaftServerConfigKeys (ConfUtils.java:logGet(46)) - raft.server.threadpool.client.cached = true (default)
2024-12-14 12:26:16,079 INFO  server.RaftServerConfigKeys (ConfUtils.java:logGet(46)) - raft.server.threadpool.client.size = 0 (default)
2024-12-14 12:26:16,079 INFO  server.RaftServerConfigKeys (ConfUtils.java:logGet(46)) - raft.server.storage.free-space.min = 0MB (=0) (default)
2024-12-14 12:26:16,079 INFO  server.RaftServerConfigKeys (ConfUtils.java:logGet(46)) - raft.server.log.corruption.policy = EXCEPTION (default)
2024-12-14 12:26:16,079 INFO  server.RaftServerConfigKeys (ConfUtils.java:logGet(46)) - raft.server.storage.dir = [/home/runner/work/ratis/ratis/ratis-examples/target/test/data/da5193cb/MiniRaftClusterWithNetty71855ece/s4] (custom)
2024-12-14 12:26:16,079 INFO  storage.RaftStorageDirectory (RaftStorageDirectoryImpl.java:analyzeStorage(138)) - The storage directory /home/runner/work/ratis/ratis/ratis-examples/target/test/data/da5193cb/MiniRaftClusterWithNetty71855ece/s4/8cff9ddc-4abb-47b3-960b-9ce91f930a22 does not exist. Creating ...
2024-12-14 12:26:16,079 TRACE util.FileUtils (LogUtils.java:runAndLog(49)) - Successfully ran Files.createDirectories /home/runner/work/ratis/ratis/ratis-examples/target/test/data/da5193cb/MiniRaftClusterWithNetty71855ece/s4/8cff9ddc-4abb-47b3-960b-9ce91f930a22
2024-12-14 12:26:16,080 INFO  storage.RaftStorageDirectory (RaftStorageDirectoryImpl.java:tryLock(229)) - Lock on /home/runner/work/ratis/ratis/ratis-examples/target/test/data/da5193cb/MiniRaftClusterWithNetty71855ece/s4/8cff9ddc-4abb-47b3-960b-9ce91f930a22/in_use.lock acquired by nodename 14700@fv-az733-880
2024-12-14 12:26:16,080 TRACE util.FileUtils (LogUtils.java:runAndLog(49)) - Successfully ran Files.createDirectories /home/runner/work/ratis/ratis/ratis-examples/target/test/data/da5193cb/MiniRaftClusterWithNetty71855ece/s4/8cff9ddc-4abb-47b3-960b-9ce91f930a22/current
2024-12-14 12:26:16,080 TRACE util.FileUtils (LogUtils.java:runAndLog(49)) - Successfully ran Files.createDirectories /home/runner/work/ratis/ratis/ratis-examples/target/test/data/da5193cb/MiniRaftClusterWithNetty71855ece/s4/8cff9ddc-4abb-47b3-960b-9ce91f930a22/sm
2024-12-14 12:26:16,080 TRACE util.FileUtils (LogUtils.java:supplyAndLog(69)) - Successfully supplied FileChannel.open /home/runner/work/ratis/ratis/ratis-examples/target/test/data/da5193cb/MiniRaftClusterWithNetty71855ece/s4/8cff9ddc-4abb-47b3-960b-9ce91f930a22/current/raft-meta.tmp with options [CREATE, WRITE]: sun.nio.ch.FileChannelImpl@293c03d5
2024-12-14 12:26:16,081 TRACE util.FileUtils (LogUtils.java:runAndLog(49)) - Successfully ran Atomic Files.move /home/runner/work/ratis/ratis/ratis-examples/target/test/data/da5193cb/MiniRaftClusterWithNetty71855ece/s4/8cff9ddc-4abb-47b3-960b-9ce91f930a22/current/raft-meta.tmp to /home/runner/work/ratis/ratis/ratis-examples/target/test/data/da5193cb/MiniRaftClusterWithNetty71855ece/s4/8cff9ddc-4abb-47b3-960b-9ce91f930a22/current/raft-meta with options [REPLACE_EXISTING]
2024-12-14 12:26:16,081 INFO  storage.RaftStorage (RaftStorageImpl.java:format(98)) - Storage directory /home/runner/work/ratis/ratis/ratis-examples/target/test/data/da5193cb/MiniRaftClusterWithNetty71855ece/s4/8cff9ddc-4abb-47b3-960b-9ce91f930a22 has been successfully formatted.
2024-12-14 12:26:16,081 WARN  statemachine.StateMachine (ArithmeticStateMachine.java:loadSnapshot(115)) - The snapshot info is null.
2024-12-14 12:26:16,081 INFO  server.RaftServerConfigKeys (ConfUtils.java:logGet(46)) - raft.server.log.use.memory = false (default)
2024-12-14 12:26:16,081 INFO  server.RaftServerConfigKeys (ConfUtils.java:logGet(46)) - raft.server.log.purge.gap = 1024 (default)
2024-12-14 12:26:16,081 INFO  server.RaftServerConfigKeys (ConfUtils.java:logGet(46)) - raft.server.log.appender.buffer.byte-limit = 4MB (=4194304) (default)
2024-12-14 12:26:16,081 INFO  server.RaftServerConfigKeys (ConfUtils.java:logGet(46)) - raft.server.log.statemachine.data.read.timeout = 1000ms (default)
2024-12-14 12:26:16,081 INFO  server.RaftServerConfigKeys (ConfUtils.java:logGet(46)) - raft.server.log.purge.preservation.log.num = 0 (default)
2024-12-14 12:26:16,082 INFO  server.RaftServerConfigKeys (ConfUtils.java:logGet(46)) - raft.server.log.segment.size.max = 32MB (=33554432) (default)
2024-12-14 12:26:16,082 INFO  server.RaftServerConfigKeys (ConfUtils.java:logGet(46)) - raft.server.log.segment.cache.num.max = 6 (default)
2024-12-14 12:26:16,082 INFO  server.RaftServerConfigKeys (ConfUtils.java:logGet(46)) - raft.server.log.segment.cache.size.max = 200MB (=209715200) (default)
2024-12-14 12:26:16,082 INFO  server.RaftServerConfigKeys (ConfUtils.java:logGet(46)) - raft.server.log.appender.buffer.byte-limit = 4MB (=4194304) (default)
2024-12-14 12:26:16,082 INFO  util.AwaitToRun (AwaitToRun.java:start(81)) - Thread[s4@group-9CE91F930A22-cacheEviction-AwaitToRun,5,main] started
2024-12-14 12:26:16,082 INFO  segmented.SegmentedRaftLogWorker (SegmentedRaftLogWorker.java:<init>(189)) - new s4@group-9CE91F930A22-SegmentedRaftLogWorker for RaftStorageImpl:Storage Directory /home/runner/work/ratis/ratis/ratis-examples/target/test/data/da5193cb/MiniRaftClusterWithNetty71855ece/s4/8cff9ddc-4abb-47b3-960b-9ce91f930a22
2024-12-14 12:26:16,082 INFO  server.RaftServerConfigKeys (ConfUtils.java:logGet(46)) - raft.server.log.queue.byte-limit = 64MB (=67108864) (default)
2024-12-14 12:26:16,082 INFO  server.RaftServerConfigKeys (ConfUtils.java:logGet(46)) - raft.server.log.queue.element-limit = 4096 (default)
2024-12-14 12:26:16,082 INFO  server.RaftServerConfigKeys (ConfUtils.java:logGet(46)) - raft.server.log.segment.size.max = 32MB (=33554432) (default)
2024-12-14 12:26:16,082 INFO  server.RaftServerConfigKeys (ConfUtils.java:logGet(46)) - raft.server.log.preallocated.size = 4MB (=4194304) (default)
2024-12-14 12:26:16,082 INFO  server.RaftServerConfigKeys (ConfUtils.java:logGet(46)) - raft.server.log.force.sync.num = 128 (default)
2024-12-14 12:26:16,082 INFO  server.RaftServerConfigKeys (ConfUtils.java:logGet(46)) - raft.server.log.statemachine.data.sync = true (default)
2024-12-14 12:26:16,082 INFO  server.RaftServerConfigKeys (ConfUtils.java:logGet(46)) - raft.server.log.statemachine.data.sync.timeout = 10s (default)
2024-12-14 12:26:16,082 INFO  server.RaftServerConfigKeys (ConfUtils.java:logGet(46)) - raft.server.log.statemachine.data.sync.timeout.retry = -1 (default)
2024-12-14 12:26:16,083 INFO  server.RaftServerConfigKeys (ConfUtils.java:logGet(46)) - raft.server.log.write.buffer.size = 8MB (=8388608) (default)
2024-12-14 12:26:16,083 INFO  server.RaftServerConfigKeys (ConfUtils.java:logGet(46)) - raft.server.log.appender.buffer.byte-limit = 4MB (=4194304) (default)
2024-12-14 12:26:16,083 INFO  server.RaftServerConfigKeys (ConfUtils.java:logGet(46)) - raft.server.log.unsafe-flush.enabled = false (default)
2024-12-14 12:26:16,083 INFO  server.RaftServerConfigKeys (ConfUtils.java:logGet(46)) - raft.server.log.async-flush.enabled = false (default)
2024-12-14 12:26:16,083 INFO  server.RaftServerConfigKeys (ConfUtils.java:logGet(46)) - raft.server.log.statemachine.data.caching.enabled = false (default)
2024-12-14 12:26:16,083 INFO  segmented.SegmentedRaftLogWorker (SegmentedRaftLogWorker.java:lambda$new$0(140)) - s4@group-9CE91F930A22-SegmentedRaftLogWorker: flushIndex: setUnconditionally 0 -> -1
2024-12-14 12:26:16,083 INFO  segmented.SegmentedRaftLogWorker (SegmentedRaftLogWorker.java:lambda$new$0(140)) - s4@group-9CE91F930A22-SegmentedRaftLogWorker: safeCacheEvictIndex: setUnconditionally 0 -> -1
2024-12-14 12:26:16,083 INFO  server.RaftServer$Division (RaftServerImpl.java:start(398)) - s4@group-9CE91F930A22: start with initializing state, conf=conf: {index: -1, cur=peers:[]|listeners:[], old=null}
2024-12-14 12:26:16,084 INFO  server.RaftServer$Division (RaftServerImpl.java:setRole(379)) - s4@group-9CE91F930A22: changes role from      null to FOLLOWER at term 0 for start
2024-12-14 12:26:16,084 INFO  util.JmxRegister (JmxRegister.java:tryRegister(44)) - Successfully registered JMX Bean with object name Ratis:service=RaftServer,group=group-9CE91F930A22,id=s4
2024-12-14 12:26:16,084 INFO  util.JmxRegister (JmxRegister.java:register(58)) - register mxBean class org.apache.ratis.server.impl.RaftServerJmxAdapter as Ratis:service=RaftServer,group=group-9CE91F930A22,id=s4
2024-12-14 12:26:16,084 INFO  server.RaftServerConfigKeys (ConfUtils.java:logGet(46)) - raft.server.snapshot.trigger-when-stop.enabled = true (default)
2024-12-14 12:26:16,084 INFO  server.RaftServerConfigKeys (ConfUtils.java:logGet(46)) - raft.server.snapshot.trigger-when-remove.enabled = true (default)
2024-12-14 12:26:16,084 INFO  server.RaftServerConfigKeys (ConfUtils.java:logGet(46)) - raft.server.snapshot.auto.trigger.enabled = false (default)
2024-12-14 12:26:16,084 INFO  server.RaftServerConfigKeys (ConfUtils.java:logGet(46)) - raft.server.snapshot.retention.file.num = -1 (default)
2024-12-14 12:26:16,084 INFO  server.RaftServerConfigKeys (ConfUtils.java:logGet(46)) - raft.server.log.purge.upto.snapshot.index = false (default)
2024-12-14 12:26:16,084 INFO  server.RaftServer$Division (RaftServerImpl.java:start(406)) - s4@group-9CE91F930A22: Successfully started.
2024-12-14 12:26:16,090 INFO  netty.NettyUtils (NettyUtils.java:newEventLoopGroup(74)) - Create EpollEventLoopGroup for client-8A952EF0581B; Thread size is 0.
2024-12-14 12:26:16,091 INFO  logging.LoggingHandler (AbstractInternalLogger.java:log(148)) - [id: 0xb8bf086a, L:/0.0.0.0:15020] READ: [id: 0x1c439f5f, L:/127.0.0.1:15020 - R:/127.0.0.1:44352]
2024-12-14 12:26:16,092 INFO  logging.LoggingHandler (AbstractInternalLogger.java:log(148)) - [id: 0xb8bf086a, L:/0.0.0.0:15020] READ COMPLETE
2024-12-14 12:26:16,093 INFO  server.RaftServer (RaftServerProxy.java:addNew(101)) - s5: addNew group-9CE91F930A22:[] returns group-9CE91F930A22:java.util.concurrent.CompletableFuture@7ba35b68[Not completed]
2024-12-14 12:26:16,093 INFO  server.RaftServer$Division (RaftServerImpl.java:<init>(256)) - s5: new RaftServerImpl for group-9CE91F930A22:[] with ArithmeticStateMachine:uninitialized
2024-12-14 12:26:16,093 INFO  server.RaftServerConfigKeys (ConfUtils.java:logGet(46)) - raft.server.rpc.timeout.min = 300ms (custom)
2024-12-14 12:26:16,093 INFO  server.RaftServerConfigKeys (ConfUtils.java:logGet(46)) - raft.server.rpc.timeout.max = 600ms (custom)
2024-12-14 12:26:16,093 INFO  server.RaftServerConfigKeys (ConfUtils.java:logGet(46)) - raft.server.rpc.sleep.time = 25ms (default)
2024-12-14 12:26:16,093 INFO  server.RaftServerConfigKeys (ConfUtils.java:logGet(46)) - raft.server.rpc.slowness.timeout = 60s (default)
2024-12-14 12:26:16,093 INFO  server.RaftServerConfigKeys (ConfUtils.java:logGet(46)) - raft.server.leaderelection.leader.step-down.wait-time = 10s (default)
2024-12-14 12:26:16,093 INFO  server.RaftServerConfigKeys (ConfUtils.java:logGet(46)) - raft.server.leaderelection.member.majority-add = false (default)
2024-12-14 12:26:16,094 INFO  server.RaftServerConfigKeys (ConfUtils.java:logGet(46)) - raft.server.sleep.deviation.threshold = 300ms (default)
2024-12-14 12:26:16,094 INFO  server.RaftServer$Division (ServerState.java:<init>(114)) - s5@group-9CE91F930A22: ConfigurationManager, init=conf: {index: -1, cur=peers:[]|listeners:[], old=null}, confs=<EMPTY_MAP>
2024-12-14 12:26:16,094 INFO  server.RaftServerConfigKeys (ConfUtils.java:logGet(46)) - raft.server.notification.no-leader.timeout = 60s (default)
2024-12-14 12:26:16,094 INFO  server.RaftServerConfigKeys (ConfUtils.java:logGet(46)) - raft.server.read.timeout = 10s (default)
2024-12-14 12:26:16,094 INFO  server.RaftServerConfigKeys (ConfUtils.java:logGet(46)) - raft.server.retrycache.expirytime = 60s (default)
2024-12-14 12:26:16,094 INFO  server.RaftServerConfigKeys (ConfUtils.java:logGet(46)) - raft.server.retrycache.statistics.expirytime = 100ms (default)
2024-12-14 12:26:16,094 INFO  server.RaftServerConfigKeys (ConfUtils.java:logGet(46)) - raft.server.read.option = DEFAULT (default)
2024-12-14 12:26:16,094 INFO  server.RaftServerConfigKeys (ConfUtils.java:logGet(46)) - raft.server.read.read-after-write-consistent.write-index-cache.expiry-time = 60s (default)
2024-12-14 12:26:16,094 INFO  server.RaftServerConfigKeys (ConfUtils.java:logGet(46)) - raft.server.rpc.request.timeout = 3000ms (default)
2024-12-14 12:26:16,094 INFO  server.RaftServerConfigKeys (ConfUtils.java:logGet(46)) - raft.server.log.appender.install.snapshot.enabled = true (default)
2024-12-14 12:26:16,094 INFO  server.RaftServerConfigKeys (ConfUtils.java:logGet(46)) - raft.server.threadpool.server.cached = true (default)
2024-12-14 12:26:16,094 INFO  server.RaftServerConfigKeys (ConfUtils.java:logGet(46)) - raft.server.threadpool.server.size = 0 (default)
2024-12-14 12:26:16,095 INFO  server.RaftServerConfigKeys (ConfUtils.java:logGet(46)) - raft.server.threadpool.client.cached = true (default)
2024-12-14 12:26:16,095 INFO  server.RaftServerConfigKeys (ConfUtils.java:logGet(46)) - raft.server.threadpool.client.size = 0 (default)
2024-12-14 12:26:16,095 INFO  server.RaftServerConfigKeys (ConfUtils.java:logGet(46)) - raft.server.storage.free-space.min = 0MB (=0) (default)
2024-12-14 12:26:16,095 INFO  server.RaftServerConfigKeys (ConfUtils.java:logGet(46)) - raft.server.log.corruption.policy = EXCEPTION (default)
2024-12-14 12:26:16,095 INFO  server.RaftServerConfigKeys (ConfUtils.java:logGet(46)) - raft.server.storage.dir = [/home/runner/work/ratis/ratis/ratis-examples/target/test/data/da5193cb/MiniRaftClusterWithNetty71855ece/s5] (custom)
2024-12-14 12:26:16,095 INFO  storage.RaftStorageDirectory (RaftStorageDirectoryImpl.java:analyzeStorage(138)) - The storage directory /home/runner/work/ratis/ratis/ratis-examples/target/test/data/da5193cb/MiniRaftClusterWithNetty71855ece/s5/8cff9ddc-4abb-47b3-960b-9ce91f930a22 does not exist. Creating ...
2024-12-14 12:26:16,095 TRACE util.FileUtils (LogUtils.java:runAndLog(49)) - Successfully ran Files.createDirectories /home/runner/work/ratis/ratis/ratis-examples/target/test/data/da5193cb/MiniRaftClusterWithNetty71855ece/s5/8cff9ddc-4abb-47b3-960b-9ce91f930a22
2024-12-14 12:26:16,096 INFO  storage.RaftStorageDirectory (RaftStorageDirectoryImpl.java:tryLock(229)) - Lock on /home/runner/work/ratis/ratis/ratis-examples/target/test/data/da5193cb/MiniRaftClusterWithNetty71855ece/s5/8cff9ddc-4abb-47b3-960b-9ce91f930a22/in_use.lock acquired by nodename 14700@fv-az733-880
2024-12-14 12:26:16,096 TRACE util.FileUtils (LogUtils.java:runAndLog(49)) - Successfully ran Files.createDirectories /home/runner/work/ratis/ratis/ratis-examples/target/test/data/da5193cb/MiniRaftClusterWithNetty71855ece/s5/8cff9ddc-4abb-47b3-960b-9ce91f930a22/current
2024-12-14 12:26:16,096 TRACE util.FileUtils (LogUtils.java:runAndLog(49)) - Successfully ran Files.createDirectories /home/runner/work/ratis/ratis/ratis-examples/target/test/data/da5193cb/MiniRaftClusterWithNetty71855ece/s5/8cff9ddc-4abb-47b3-960b-9ce91f930a22/sm
2024-12-14 12:26:16,096 TRACE util.FileUtils (LogUtils.java:supplyAndLog(69)) - Successfully supplied FileChannel.open /home/runner/work/ratis/ratis/ratis-examples/target/test/data/da5193cb/MiniRaftClusterWithNetty71855ece/s5/8cff9ddc-4abb-47b3-960b-9ce91f930a22/current/raft-meta.tmp with options [CREATE, WRITE]: sun.nio.ch.FileChannelImpl@594c8563
2024-12-14 12:26:16,097 TRACE util.FileUtils (LogUtils.java:runAndLog(49)) - Successfully ran Atomic Files.move /home/runner/work/ratis/ratis/ratis-examples/target/test/data/da5193cb/MiniRaftClusterWithNetty71855ece/s5/8cff9ddc-4abb-47b3-960b-9ce91f930a22/current/raft-meta.tmp to /home/runner/work/ratis/ratis/ratis-examples/target/test/data/da5193cb/MiniRaftClusterWithNetty71855ece/s5/8cff9ddc-4abb-47b3-960b-9ce91f930a22/current/raft-meta with options [REPLACE_EXISTING]
2024-12-14 12:26:16,097 INFO  storage.RaftStorage (RaftStorageImpl.java:format(98)) - Storage directory /home/runner/work/ratis/ratis/ratis-examples/target/test/data/da5193cb/MiniRaftClusterWithNetty71855ece/s5/8cff9ddc-4abb-47b3-960b-9ce91f930a22 has been successfully formatted.
2024-12-14 12:26:16,097 WARN  statemachine.StateMachine (ArithmeticStateMachine.java:loadSnapshot(115)) - The snapshot info is null.
2024-12-14 12:26:16,097 INFO  server.RaftServerConfigKeys (ConfUtils.java:logGet(46)) - raft.server.log.use.memory = false (default)
2024-12-14 12:26:16,097 INFO  server.RaftServerConfigKeys (ConfUtils.java:logGet(46)) - raft.server.log.purge.gap = 1024 (default)
2024-12-14 12:26:16,097 INFO  server.RaftServerConfigKeys (ConfUtils.java:logGet(46)) - raft.server.log.appender.buffer.byte-limit = 4MB (=4194304) (default)
2024-12-14 12:26:16,097 INFO  server.RaftServerConfigKeys (ConfUtils.java:logGet(46)) - raft.server.log.statemachine.data.read.timeout = 1000ms (default)
2024-12-14 12:26:16,097 INFO  server.RaftServerConfigKeys (ConfUtils.java:logGet(46)) - raft.server.log.purge.preservation.log.num = 0 (default)
2024-12-14 12:26:16,098 INFO  server.RaftServerConfigKeys (ConfUtils.java:logGet(46)) - raft.server.log.segment.size.max = 32MB (=33554432) (default)
2024-12-14 12:26:16,098 INFO  server.RaftServerConfigKeys (ConfUtils.java:logGet(46)) - raft.server.log.segment.cache.num.max = 6 (default)
2024-12-14 12:26:16,098 INFO  server.RaftServerConfigKeys (ConfUtils.java:logGet(46)) - raft.server.log.segment.cache.size.max = 200MB (=209715200) (default)
2024-12-14 12:26:16,098 INFO  server.RaftServerConfigKeys (ConfUtils.java:logGet(46)) - raft.server.log.appender.buffer.byte-limit = 4MB (=4194304) (default)
2024-12-14 12:26:16,098 INFO  util.AwaitToRun (AwaitToRun.java:start(81)) - Thread[s5@group-9CE91F930A22-cacheEviction-AwaitToRun,5,main] started
2024-12-14 12:26:16,098 INFO  segmented.SegmentedRaftLogWorker (SegmentedRaftLogWorker.java:<init>(189)) - new s5@group-9CE91F930A22-SegmentedRaftLogWorker for RaftStorageImpl:Storage Directory /home/runner/work/ratis/ratis/ratis-examples/target/test/data/da5193cb/MiniRaftClusterWithNetty71855ece/s5/8cff9ddc-4abb-47b3-960b-9ce91f930a22
2024-12-14 12:26:16,098 INFO  server.RaftServerConfigKeys (ConfUtils.java:logGet(46)) - raft.server.log.queue.byte-limit = 64MB (=67108864) (default)
2024-12-14 12:26:16,098 INFO  server.RaftServerConfigKeys (ConfUtils.java:logGet(46)) - raft.server.log.queue.element-limit = 4096 (default)
2024-12-14 12:26:16,098 INFO  server.RaftServerConfigKeys (ConfUtils.java:logGet(46)) - raft.server.log.segment.size.max = 32MB (=33554432) (default)
2024-12-14 12:26:16,098 INFO  server.RaftServerConfigKeys (ConfUtils.java:logGet(46)) - raft.server.log.preallocated.size = 4MB (=4194304) (default)
2024-12-14 12:26:16,098 INFO  server.RaftServerConfigKeys (ConfUtils.java:logGet(46)) - raft.server.log.force.sync.num = 128 (default)
2024-12-14 12:26:16,098 INFO  server.RaftServerConfigKeys (ConfUtils.java:logGet(46)) - raft.server.log.statemachine.data.sync = true (default)
2024-12-14 12:26:16,098 INFO  server.RaftServerConfigKeys (ConfUtils.java:logGet(46)) - raft.server.log.statemachine.data.sync.timeout = 10s (default)
2024-12-14 12:26:16,098 INFO  server.RaftServerConfigKeys (ConfUtils.java:logGet(46)) - raft.server.log.statemachine.data.sync.timeout.retry = -1 (default)
2024-12-14 12:26:16,099 INFO  server.RaftServerConfigKeys (ConfUtils.java:logGet(46)) - raft.server.log.write.buffer.size = 8MB (=8388608) (default)
2024-12-14 12:26:16,099 INFO  server.RaftServerConfigKeys (ConfUtils.java:logGet(46)) - raft.server.log.appender.buffer.byte-limit = 4MB (=4194304) (default)
2024-12-14 12:26:16,099 INFO  server.RaftServerConfigKeys (ConfUtils.java:logGet(46)) - raft.server.log.unsafe-flush.enabled = false (default)
2024-12-14 12:26:16,099 INFO  server.RaftServerConfigKeys (ConfUtils.java:logGet(46)) - raft.server.log.async-flush.enabled = false (default)
2024-12-14 12:26:16,099 INFO  server.RaftServerConfigKeys (ConfUtils.java:logGet(46)) - raft.server.log.statemachine.data.caching.enabled = false (default)
2024-12-14 12:26:16,099 INFO  segmented.SegmentedRaftLogWorker (SegmentedRaftLogWorker.java:lambda$new$0(140)) - s5@group-9CE91F930A22-SegmentedRaftLogWorker: flushIndex: setUnconditionally 0 -> -1
2024-12-14 12:26:16,099 INFO  segmented.SegmentedRaftLogWorker (SegmentedRaftLogWorker.java:lambda$new$0(140)) - s5@group-9CE91F930A22-SegmentedRaftLogWorker: safeCacheEvictIndex: setUnconditionally 0 -> -1
2024-12-14 12:26:16,100 INFO  server.RaftServer$Division (RaftServerImpl.java:start(398)) - s5@group-9CE91F930A22: start with initializing state, conf=conf: {index: -1, cur=peers:[]|listeners:[], old=null}
2024-12-14 12:26:16,100 INFO  server.RaftServer$Division (RaftServerImpl.java:setRole(379)) - s5@group-9CE91F930A22: changes role from      null to FOLLOWER at term 0 for start
2024-12-14 12:26:16,100 INFO  util.JmxRegister (JmxRegister.java:tryRegister(44)) - Successfully registered JMX Bean with object name Ratis:service=RaftServer,group=group-9CE91F930A22,id=s5
2024-12-14 12:26:16,100 INFO  util.JmxRegister (JmxRegister.java:register(58)) - register mxBean class org.apache.ratis.server.impl.RaftServerJmxAdapter as Ratis:service=RaftServer,group=group-9CE91F930A22,id=s5
2024-12-14 12:26:16,100 INFO  server.RaftServerConfigKeys (ConfUtils.java:logGet(46)) - raft.server.snapshot.trigger-when-stop.enabled = true (default)
2024-12-14 12:26:16,100 INFO  server.RaftServerConfigKeys (ConfUtils.java:logGet(46)) - raft.server.snapshot.trigger-when-remove.enabled = true (default)
2024-12-14 12:26:16,100 INFO  server.RaftServerConfigKeys (ConfUtils.java:logGet(46)) - raft.server.snapshot.auto.trigger.enabled = false (default)
2024-12-14 12:26:16,100 INFO  server.RaftServerConfigKeys (ConfUtils.java:logGet(46)) - raft.server.snapshot.retention.file.num = -1 (default)
2024-12-14 12:26:16,100 INFO  server.RaftServerConfigKeys (ConfUtils.java:logGet(46)) - raft.server.log.purge.upto.snapshot.index = false (default)
2024-12-14 12:26:16,100 INFO  server.RaftServer$Division (RaftServerImpl.java:start(406)) - s5@group-9CE91F930A22: Successfully started.
2024-12-14 12:26:16,105 INFO  netty.NettyUtils (NettyUtils.java:newEventLoopGroup(74)) - Create EpollEventLoopGroup for client-5E5D7C3E8B9D; Thread size is 0.
2024-12-14 12:26:16,107 INFO  logging.LoggingHandler (AbstractInternalLogger.java:log(148)) - [id: 0xc03d2d0e, L:/0.0.0.0:15021] READ: [id: 0xcd331c95, L:/127.0.0.1:15021 - R:/127.0.0.1:45496]
2024-12-14 12:26:16,107 INFO  logging.LoggingHandler (AbstractInternalLogger.java:log(148)) - [id: 0xc03d2d0e, L:/0.0.0.0:15021] READ COMPLETE
2024-12-14 12:26:16,108 INFO  server.RaftServer (RaftServerProxy.java:addNew(101)) - s6: addNew group-9CE91F930A22:[] returns group-9CE91F930A22:java.util.concurrent.CompletableFuture@7c55398e[Not completed]
2024-12-14 12:26:16,108 INFO  server.RaftServer$Division (RaftServerImpl.java:<init>(256)) - s6: new RaftServerImpl for group-9CE91F930A22:[] with ArithmeticStateMachine:uninitialized
2024-12-14 12:26:16,108 INFO  server.RaftServerConfigKeys (ConfUtils.java:logGet(46)) - raft.server.rpc.timeout.min = 300ms (custom)
2024-12-14 12:26:16,108 INFO  server.RaftServerConfigKeys (ConfUtils.java:logGet(46)) - raft.server.rpc.timeout.max = 600ms (custom)
2024-12-14 12:26:16,108 INFO  server.RaftServerConfigKeys (ConfUtils.java:logGet(46)) - raft.server.rpc.sleep.time = 25ms (default)
2024-12-14 12:26:16,108 INFO  server.RaftServerConfigKeys (ConfUtils.java:logGet(46)) - raft.server.rpc.slowness.timeout = 60s (default)
2024-12-14 12:26:16,108 INFO  server.RaftServerConfigKeys (ConfUtils.java:logGet(46)) - raft.server.leaderelection.leader.step-down.wait-time = 10s (default)
2024-12-14 12:26:16,108 INFO  server.RaftServerConfigKeys (ConfUtils.java:logGet(46)) - raft.server.leaderelection.member.majority-add = false (default)
2024-12-14 12:26:16,108 INFO  server.RaftServerConfigKeys (ConfUtils.java:logGet(46)) - raft.server.sleep.deviation.threshold = 300ms (default)
2024-12-14 12:26:16,108 INFO  server.RaftServer$Division (ServerState.java:<init>(114)) - s6@group-9CE91F930A22: ConfigurationManager, init=conf: {index: -1, cur=peers:[]|listeners:[], old=null}, confs=<EMPTY_MAP>
2024-12-14 12:26:16,108 INFO  server.RaftServerConfigKeys (ConfUtils.java:logGet(46)) - raft.server.notification.no-leader.timeout = 60s (default)
2024-12-14 12:26:16,108 INFO  server.RaftServerConfigKeys (ConfUtils.java:logGet(46)) - raft.server.read.timeout = 10s (default)
2024-12-14 12:26:16,109 INFO  server.RaftServerConfigKeys (ConfUtils.java:logGet(46)) - raft.server.retrycache.expirytime = 60s (default)
2024-12-14 12:26:16,109 INFO  server.RaftServerConfigKeys (ConfUtils.java:logGet(46)) - raft.server.retrycache.statistics.expirytime = 100ms (default)
2024-12-14 12:26:16,109 INFO  server.RaftServerConfigKeys (ConfUtils.java:logGet(46)) - raft.server.read.option = DEFAULT (default)
2024-12-14 12:26:16,109 INFO  server.RaftServerConfigKeys (ConfUtils.java:logGet(46)) - raft.server.read.read-after-write-consistent.write-index-cache.expiry-time = 60s (default)
2024-12-14 12:26:16,109 INFO  server.RaftServerConfigKeys (ConfUtils.java:logGet(46)) - raft.server.rpc.request.timeout = 3000ms (default)
2024-12-14 12:26:16,109 INFO  server.RaftServerConfigKeys (ConfUtils.java:logGet(46)) - raft.server.log.appender.install.snapshot.enabled = true (default)
2024-12-14 12:26:16,109 INFO  server.RaftServerConfigKeys (ConfUtils.java:logGet(46)) - raft.server.threadpool.server.cached = true (default)
2024-12-14 12:26:16,109 INFO  server.RaftServerConfigKeys (ConfUtils.java:logGet(46)) - raft.server.threadpool.server.size = 0 (default)
2024-12-14 12:26:16,109 INFO  server.RaftServerConfigKeys (ConfUtils.java:logGet(46)) - raft.server.threadpool.client.cached = true (default)
2024-12-14 12:26:16,109 INFO  server.RaftServerConfigKeys (ConfUtils.java:logGet(46)) - raft.server.threadpool.client.size = 0 (default)
2024-12-14 12:26:16,109 INFO  server.RaftServerConfigKeys (ConfUtils.java:logGet(46)) - raft.server.storage.free-space.min = 0MB (=0) (default)
2024-12-14 12:26:16,109 INFO  server.RaftServerConfigKeys (ConfUtils.java:logGet(46)) - raft.server.log.corruption.policy = EXCEPTION (default)
2024-12-14 12:26:16,110 INFO  server.RaftServerConfigKeys (ConfUtils.java:logGet(46)) - raft.server.storage.dir = [/home/runner/work/ratis/ratis/ratis-examples/target/test/data/da5193cb/MiniRaftClusterWithNetty71855ece/s6] (custom)
2024-12-14 12:26:16,110 INFO  storage.RaftStorageDirectory (RaftStorageDirectoryImpl.java:analyzeStorage(138)) - The storage directory /home/runner/work/ratis/ratis/ratis-examples/target/test/data/da5193cb/MiniRaftClusterWithNetty71855ece/s6/8cff9ddc-4abb-47b3-960b-9ce91f930a22 does not exist. Creating ...
2024-12-14 12:26:16,110 TRACE util.FileUtils (LogUtils.java:runAndLog(49)) - Successfully ran Files.createDirectories /home/runner/work/ratis/ratis/ratis-examples/target/test/data/da5193cb/MiniRaftClusterWithNetty71855ece/s6/8cff9ddc-4abb-47b3-960b-9ce91f930a22
2024-12-14 12:26:16,111 INFO  storage.RaftStorageDirectory (RaftStorageDirectoryImpl.java:tryLock(229)) - Lock on /home/runner/work/ratis/ratis/ratis-examples/target/test/data/da5193cb/MiniRaftClusterWithNetty71855ece/s6/8cff9ddc-4abb-47b3-960b-9ce91f930a22/in_use.lock acquired by nodename 14700@fv-az733-880
2024-12-14 12:26:16,111 TRACE util.FileUtils (LogUtils.java:runAndLog(49)) - Successfully ran Files.createDirectories /home/runner/work/ratis/ratis/ratis-examples/target/test/data/da5193cb/MiniRaftClusterWithNetty71855ece/s6/8cff9ddc-4abb-47b3-960b-9ce91f930a22/current
2024-12-14 12:26:16,111 TRACE util.FileUtils (LogUtils.java:runAndLog(49)) - Successfully ran Files.createDirectories /home/runner/work/ratis/ratis/ratis-examples/target/test/data/da5193cb/MiniRaftClusterWithNetty71855ece/s6/8cff9ddc-4abb-47b3-960b-9ce91f930a22/sm
2024-12-14 12:26:16,111 TRACE util.FileUtils (LogUtils.java:supplyAndLog(69)) - Successfully supplied FileChannel.open /home/runner/work/ratis/ratis/ratis-examples/target/test/data/da5193cb/MiniRaftClusterWithNetty71855ece/s6/8cff9ddc-4abb-47b3-960b-9ce91f930a22/current/raft-meta.tmp with options [CREATE, WRITE]: sun.nio.ch.FileChannelImpl@72d06ace
2024-12-14 12:26:16,112 TRACE util.FileUtils (LogUtils.java:runAndLog(49)) - Successfully ran Atomic Files.move /home/runner/work/ratis/ratis/ratis-examples/target/test/data/da5193cb/MiniRaftClusterWithNetty71855ece/s6/8cff9ddc-4abb-47b3-960b-9ce91f930a22/current/raft-meta.tmp to /home/runner/work/ratis/ratis/ratis-examples/target/test/data/da5193cb/MiniRaftClusterWithNetty71855ece/s6/8cff9ddc-4abb-47b3-960b-9ce91f930a22/current/raft-meta with options [REPLACE_EXISTING]
2024-12-14 12:26:16,112 INFO  storage.RaftStorage (RaftStorageImpl.java:format(98)) - Storage directory /home/runner/work/ratis/ratis/ratis-examples/target/test/data/da5193cb/MiniRaftClusterWithNetty71855ece/s6/8cff9ddc-4abb-47b3-960b-9ce91f930a22 has been successfully formatted.
2024-12-14 12:26:16,112 WARN  statemachine.StateMachine (ArithmeticStateMachine.java:loadSnapshot(115)) - The snapshot info is null.
2024-12-14 12:26:16,112 INFO  server.RaftServerConfigKeys (ConfUtils.java:logGet(46)) - raft.server.log.use.memory = false (default)
2024-12-14 12:26:16,112 INFO  server.RaftServerConfigKeys (ConfUtils.java:logGet(46)) - raft.server.log.purge.gap = 1024 (default)
2024-12-14 12:26:16,112 INFO  server.RaftServerConfigKeys (ConfUtils.java:logGet(46)) - raft.server.log.appender.buffer.byte-limit = 4MB (=4194304) (default)
2024-12-14 12:26:16,112 INFO  server.RaftServerConfigKeys (ConfUtils.java:logGet(46)) - raft.server.log.statemachine.data.read.timeout = 1000ms (default)
2024-12-14 12:26:16,112 INFO  server.RaftServerConfigKeys (ConfUtils.java:logGet(46)) - raft.server.log.purge.preservation.log.num = 0 (default)
2024-12-14 12:26:16,112 INFO  server.RaftServerConfigKeys (ConfUtils.java:logGet(46)) - raft.server.log.segment.size.max = 32MB (=33554432) (default)
2024-12-14 12:26:16,112 INFO  server.RaftServerConfigKeys (ConfUtils.java:logGet(46)) - raft.server.log.segment.cache.num.max = 6 (default)
2024-12-14 12:26:16,112 INFO  server.RaftServerConfigKeys (ConfUtils.java:logGet(46)) - raft.server.log.segment.cache.size.max = 200MB (=209715200) (default)
2024-12-14 12:26:16,113 INFO  server.RaftServerConfigKeys (ConfUtils.java:logGet(46)) - raft.server.log.appender.buffer.byte-limit = 4MB (=4194304) (default)
2024-12-14 12:26:16,113 INFO  util.AwaitToRun (AwaitToRun.java:start(81)) - Thread[s6@group-9CE91F930A22-cacheEviction-AwaitToRun,5,main] started
2024-12-14 12:26:16,113 INFO  segmented.SegmentedRaftLogWorker (SegmentedRaftLogWorker.java:<init>(189)) - new s6@group-9CE91F930A22-SegmentedRaftLogWorker for RaftStorageImpl:Storage Directory /home/runner/work/ratis/ratis/ratis-examples/target/test/data/da5193cb/MiniRaftClusterWithNetty71855ece/s6/8cff9ddc-4abb-47b3-960b-9ce91f930a22
2024-12-14 12:26:16,113 INFO  server.RaftServerConfigKeys (ConfUtils.java:logGet(46)) - raft.server.log.queue.byte-limit = 64MB (=67108864) (default)
2024-12-14 12:26:16,113 INFO  server.RaftServerConfigKeys (ConfUtils.java:logGet(46)) - raft.server.log.queue.element-limit = 4096 (default)
2024-12-14 12:26:16,113 INFO  server.RaftServerConfigKeys (ConfUtils.java:logGet(46)) - raft.server.log.segment.size.max = 32MB (=33554432) (default)
2024-12-14 12:26:16,113 INFO  server.RaftServerConfigKeys (ConfUtils.java:logGet(46)) - raft.server.log.preallocated.size = 4MB (=4194304) (default)
2024-12-14 12:26:16,113 INFO  server.RaftServerConfigKeys (ConfUtils.java:logGet(46)) - raft.server.log.force.sync.num = 128 (default)
2024-12-14 12:26:16,113 INFO  server.RaftServerConfigKeys (ConfUtils.java:logGet(46)) - raft.server.log.statemachine.data.sync = true (default)
2024-12-14 12:26:16,113 INFO  server.RaftServerConfigKeys (ConfUtils.java:logGet(46)) - raft.server.log.statemachine.data.sync.timeout = 10s (default)
2024-12-14 12:26:16,113 INFO  server.RaftServerConfigKeys (ConfUtils.java:logGet(46)) - raft.server.log.statemachine.data.sync.timeout.retry = -1 (default)
2024-12-14 12:26:16,113 INFO  server.RaftServerConfigKeys (ConfUtils.java:logGet(46)) - raft.server.log.write.buffer.size = 8MB (=8388608) (default)
2024-12-14 12:26:16,114 INFO  server.RaftServerConfigKeys (ConfUtils.java:logGet(46)) - raft.server.log.appender.buffer.byte-limit = 4MB (=4194304) (default)
2024-12-14 12:26:16,114 INFO  server.RaftServerConfigKeys (ConfUtils.java:logGet(46)) - raft.server.log.unsafe-flush.enabled = false (default)
2024-12-14 12:26:16,114 INFO  server.RaftServerConfigKeys (ConfUtils.java:logGet(46)) - raft.server.log.async-flush.enabled = false (default)
2024-12-14 12:26:16,114 INFO  server.RaftServerConfigKeys (ConfUtils.java:logGet(46)) - raft.server.log.statemachine.data.caching.enabled = false (default)
2024-12-14 12:26:16,114 INFO  segmented.SegmentedRaftLogWorker (SegmentedRaftLogWorker.java:lambda$new$0(140)) - s6@group-9CE91F930A22-SegmentedRaftLogWorker: flushIndex: setUnconditionally 0 -> -1
2024-12-14 12:26:16,114 INFO  segmented.SegmentedRaftLogWorker (SegmentedRaftLogWorker.java:lambda$new$0(140)) - s6@group-9CE91F930A22-SegmentedRaftLogWorker: safeCacheEvictIndex: setUnconditionally 0 -> -1
2024-12-14 12:26:16,114 INFO  server.RaftServer$Division (RaftServerImpl.java:start(398)) - s6@group-9CE91F930A22: start with initializing state, conf=conf: {index: -1, cur=peers:[]|listeners:[], old=null}
2024-12-14 12:26:16,115 INFO  server.RaftServer$Division (RaftServerImpl.java:setRole(379)) - s6@group-9CE91F930A22: changes role from      null to FOLLOWER at term 0 for start
2024-12-14 12:26:16,115 INFO  util.JmxRegister (JmxRegister.java:tryRegister(44)) - Successfully registered JMX Bean with object name Ratis:service=RaftServer,group=group-9CE91F930A22,id=s6
2024-12-14 12:26:16,115 INFO  util.JmxRegister (JmxRegister.java:register(58)) - register mxBean class org.apache.ratis.server.impl.RaftServerJmxAdapter as Ratis:service=RaftServer,group=group-9CE91F930A22,id=s6
2024-12-14 12:26:16,115 INFO  server.RaftServerConfigKeys (ConfUtils.java:logGet(46)) - raft.server.snapshot.trigger-when-stop.enabled = true (default)
2024-12-14 12:26:16,115 INFO  server.RaftServerConfigKeys (ConfUtils.java:logGet(46)) - raft.server.snapshot.trigger-when-remove.enabled = true (default)
2024-12-14 12:26:16,115 INFO  server.RaftServerConfigKeys (ConfUtils.java:logGet(46)) - raft.server.snapshot.auto.trigger.enabled = false (default)
2024-12-14 12:26:16,115 INFO  server.RaftServerConfigKeys (ConfUtils.java:logGet(46)) - raft.server.snapshot.retention.file.num = -1 (default)
2024-12-14 12:26:16,115 INFO  server.RaftServerConfigKeys (ConfUtils.java:logGet(46)) - raft.server.log.purge.upto.snapshot.index = false (default)
2024-12-14 12:26:16,115 INFO  server.RaftServer$Division (RaftServerImpl.java:start(406)) - s6@group-9CE91F930A22: Successfully started.
2024-12-14 12:26:16,121 INFO  impl.GroupManagementBaseTest (GroupManagementBaseTest.java:runMultiGroupTest(322)) - 4) groupAdd: printing group-32ADD6F9BB52
2024-12-14 12:26:16,121 INFO  netty.NettyUtils (NettyUtils.java:newEventLoopGroup(74)) - Create EpollEventLoopGroup for client-0E91A62A7558; Thread size is 0.
2024-12-14 12:26:16,123 INFO  logging.LoggingHandler (AbstractInternalLogger.java:log(148)) - [id: 0xef0cc7a9, L:/0.0.0.0:15022] READ: [id: 0xc1e34a1a, L:/127.0.0.1:15022 - R:/127.0.0.1:60018]
2024-12-14 12:26:16,123 INFO  logging.LoggingHandler (AbstractInternalLogger.java:log(148)) - [id: 0xef0cc7a9, L:/0.0.0.0:15022] READ COMPLETE
2024-12-14 12:26:16,124 INFO  server.RaftServer (RaftServerProxy.java:addNew(101)) - s7: addNew group-9CE91F930A22:[] returns group-9CE91F930A22:java.util.concurrent.CompletableFuture@4ac2ced1[Not completed]
2024-12-14 12:26:16,124 INFO  server.RaftServer$Division (RaftServerImpl.java:<init>(256)) - s7: new RaftServerImpl for group-9CE91F930A22:[] with ArithmeticStateMachine:uninitialized
2024-12-14 12:26:16,124 INFO  server.RaftServerConfigKeys (ConfUtils.java:logGet(46)) - raft.server.rpc.timeout.min = 300ms (custom)
2024-12-14 12:26:16,124 INFO  server.RaftServerConfigKeys (ConfUtils.java:logGet(46)) - raft.server.rpc.timeout.max = 600ms (custom)
2024-12-14 12:26:16,124 INFO  server.RaftServerConfigKeys (ConfUtils.java:logGet(46)) - raft.server.rpc.sleep.time = 25ms (default)
2024-12-14 12:26:16,125 INFO  server.RaftServerConfigKeys (ConfUtils.java:logGet(46)) - raft.server.rpc.slowness.timeout = 60s (default)
2024-12-14 12:26:16,125 INFO  server.RaftServerConfigKeys (ConfUtils.java:logGet(46)) - raft.server.leaderelection.leader.step-down.wait-time = 10s (default)
2024-12-14 12:26:16,125 INFO  server.RaftServerConfigKeys (ConfUtils.java:logGet(46)) - raft.server.leaderelection.member.majority-add = false (default)
2024-12-14 12:26:16,125 INFO  server.RaftServerConfigKeys (ConfUtils.java:logGet(46)) - raft.server.sleep.deviation.threshold = 300ms (default)
2024-12-14 12:26:16,125 INFO  server.RaftServer$Division (ServerState.java:<init>(114)) - s7@group-9CE91F930A22: ConfigurationManager, init=conf: {index: -1, cur=peers:[]|listeners:[], old=null}, confs=<EMPTY_MAP>
2024-12-14 12:26:16,125 INFO  server.RaftServerConfigKeys (ConfUtils.java:logGet(46)) - raft.server.notification.no-leader.timeout = 60s (default)
2024-12-14 12:26:16,125 INFO  server.RaftServerConfigKeys (ConfUtils.java:logGet(46)) - raft.server.read.timeout = 10s (default)
2024-12-14 12:26:16,125 INFO  server.RaftServerConfigKeys (ConfUtils.java:logGet(46)) - raft.server.retrycache.expirytime = 60s (default)
2024-12-14 12:26:16,125 INFO  server.RaftServerConfigKeys (ConfUtils.java:logGet(46)) - raft.server.retrycache.statistics.expirytime = 100ms (default)
2024-12-14 12:26:16,125 INFO  server.RaftServerConfigKeys (ConfUtils.java:logGet(46)) - raft.server.read.option = DEFAULT (default)
2024-12-14 12:26:16,125 INFO  server.RaftServerConfigKeys (ConfUtils.java:logGet(46)) - raft.server.read.read-after-write-consistent.write-index-cache.expiry-time = 60s (default)
2024-12-14 12:26:16,126 INFO  server.RaftServerConfigKeys (ConfUtils.java:logGet(46)) - raft.server.rpc.request.timeout = 3000ms (default)
2024-12-14 12:26:16,126 INFO  server.RaftServerConfigKeys (ConfUtils.java:logGet(46)) - raft.server.log.appender.install.snapshot.enabled = true (default)
2024-12-14 12:26:16,126 INFO  server.RaftServerConfigKeys (ConfUtils.java:logGet(46)) - raft.server.threadpool.server.cached = true (default)
2024-12-14 12:26:16,126 INFO  server.RaftServerConfigKeys (ConfUtils.java:logGet(46)) - raft.server.threadpool.server.size = 0 (default)
2024-12-14 12:26:16,126 INFO  server.RaftServerConfigKeys (ConfUtils.java:logGet(46)) - raft.server.threadpool.client.cached = true (default)
2024-12-14 12:26:16,126 INFO  server.RaftServerConfigKeys (ConfUtils.java:logGet(46)) - raft.server.threadpool.client.size = 0 (default)
2024-12-14 12:26:16,126 INFO  server.RaftServerConfigKeys (ConfUtils.java:logGet(46)) - raft.server.storage.free-space.min = 0MB (=0) (default)
2024-12-14 12:26:16,126 INFO  server.RaftServerConfigKeys (ConfUtils.java:logGet(46)) - raft.server.log.corruption.policy = EXCEPTION (default)
2024-12-14 12:26:16,126 INFO  server.RaftServerConfigKeys (ConfUtils.java:logGet(46)) - raft.server.storage.dir = [/home/runner/work/ratis/ratis/ratis-examples/target/test/data/da5193cb/MiniRaftClusterWithNetty71855ece/s7] (custom)
2024-12-14 12:26:16,127 INFO  storage.RaftStorageDirectory (RaftStorageDirectoryImpl.java:analyzeStorage(138)) - The storage directory /home/runner/work/ratis/ratis/ratis-examples/target/test/data/da5193cb/MiniRaftClusterWithNetty71855ece/s7/8cff9ddc-4abb-47b3-960b-9ce91f930a22 does not exist. Creating ...
2024-12-14 12:26:16,127 TRACE util.FileUtils (LogUtils.java:runAndLog(49)) - Successfully ran Files.createDirectories /home/runner/work/ratis/ratis/ratis-examples/target/test/data/da5193cb/MiniRaftClusterWithNetty71855ece/s7/8cff9ddc-4abb-47b3-960b-9ce91f930a22
2024-12-14 12:26:16,129 INFO  storage.RaftStorageDirectory (RaftStorageDirectoryImpl.java:tryLock(229)) - Lock on /home/runner/work/ratis/ratis/ratis-examples/target/test/data/da5193cb/MiniRaftClusterWithNetty71855ece/s7/8cff9ddc-4abb-47b3-960b-9ce91f930a22/in_use.lock acquired by nodename 14700@fv-az733-880
2024-12-14 12:26:16,129 TRACE util.FileUtils (LogUtils.java:runAndLog(49)) - Successfully ran Files.createDirectories /home/runner/work/ratis/ratis/ratis-examples/target/test/data/da5193cb/MiniRaftClusterWithNetty71855ece/s7/8cff9ddc-4abb-47b3-960b-9ce91f930a22/current
2024-12-14 12:26:16,129 TRACE util.FileUtils (LogUtils.java:runAndLog(49)) - Successfully ran Files.createDirectories /home/runner/work/ratis/ratis/ratis-examples/target/test/data/da5193cb/MiniRaftClusterWithNetty71855ece/s7/8cff9ddc-4abb-47b3-960b-9ce91f930a22/sm
2024-12-14 12:26:16,129 TRACE util.FileUtils (LogUtils.java:supplyAndLog(69)) - Successfully supplied FileChannel.open /home/runner/work/ratis/ratis/ratis-examples/target/test/data/da5193cb/MiniRaftClusterWithNetty71855ece/s7/8cff9ddc-4abb-47b3-960b-9ce91f930a22/current/raft-meta.tmp with options [CREATE, WRITE]: sun.nio.ch.FileChannelImpl@7c3a17d6
2024-12-14 12:26:16,130 TRACE util.FileUtils (LogUtils.java:runAndLog(49)) - Successfully ran Atomic Files.move /home/runner/work/ratis/ratis/ratis-examples/target/test/data/da5193cb/MiniRaftClusterWithNetty71855ece/s7/8cff9ddc-4abb-47b3-960b-9ce91f930a22/current/raft-meta.tmp to /home/runner/work/ratis/ratis/ratis-examples/target/test/data/da5193cb/MiniRaftClusterWithNetty71855ece/s7/8cff9ddc-4abb-47b3-960b-9ce91f930a22/current/raft-meta with options [REPLACE_EXISTING]
2024-12-14 12:26:16,130 INFO  storage.RaftStorage (RaftStorageImpl.java:format(98)) - Storage directory /home/runner/work/ratis/ratis/ratis-examples/target/test/data/da5193cb/MiniRaftClusterWithNetty71855ece/s7/8cff9ddc-4abb-47b3-960b-9ce91f930a22 has been successfully formatted.
2024-12-14 12:26:16,130 WARN  statemachine.StateMachine (ArithmeticStateMachine.java:loadSnapshot(115)) - The snapshot info is null.
2024-12-14 12:26:16,130 INFO  server.RaftServerConfigKeys (ConfUtils.java:logGet(46)) - raft.server.log.use.memory = false (default)
2024-12-14 12:26:16,131 INFO  server.RaftServerConfigKeys (ConfUtils.java:logGet(46)) - raft.server.log.purge.gap = 1024 (default)
2024-12-14 12:26:16,131 INFO  server.RaftServerConfigKeys (ConfUtils.java:logGet(46)) - raft.server.log.appender.buffer.byte-limit = 4MB (=4194304) (default)
2024-12-14 12:26:16,131 INFO  server.RaftServerConfigKeys (ConfUtils.java:logGet(46)) - raft.server.log.statemachine.data.read.timeout = 1000ms (default)
2024-12-14 12:26:16,131 INFO  server.RaftServerConfigKeys (ConfUtils.java:logGet(46)) - raft.server.log.purge.preservation.log.num = 0 (default)
2024-12-14 12:26:16,131 INFO  server.RaftServerConfigKeys (ConfUtils.java:logGet(46)) - raft.server.log.segment.size.max = 32MB (=33554432) (default)
2024-12-14 12:26:16,131 INFO  server.RaftServerConfigKeys (ConfUtils.java:logGet(46)) - raft.server.log.segment.cache.num.max = 6 (default)
2024-12-14 12:26:16,131 INFO  server.RaftServerConfigKeys (ConfUtils.java:logGet(46)) - raft.server.log.segment.cache.size.max = 200MB (=209715200) (default)
2024-12-14 12:26:16,131 INFO  server.RaftServerConfigKeys (ConfUtils.java:logGet(46)) - raft.server.log.appender.buffer.byte-limit = 4MB (=4194304) (default)
2024-12-14 12:26:16,131 INFO  util.AwaitToRun (AwaitToRun.java:start(81)) - Thread[s7@group-9CE91F930A22-cacheEviction-AwaitToRun,5,main] started
2024-12-14 12:26:16,131 INFO  segmented.SegmentedRaftLogWorker (SegmentedRaftLogWorker.java:<init>(189)) - new s7@group-9CE91F930A22-SegmentedRaftLogWorker for RaftStorageImpl:Storage Directory /home/runner/work/ratis/ratis/ratis-examples/target/test/data/da5193cb/MiniRaftClusterWithNetty71855ece/s7/8cff9ddc-4abb-47b3-960b-9ce91f930a22
2024-12-14 12:26:16,131 INFO  server.RaftServerConfigKeys (ConfUtils.java:logGet(46)) - raft.server.log.queue.byte-limit = 64MB (=67108864) (default)
2024-12-14 12:26:16,131 INFO  server.RaftServerConfigKeys (ConfUtils.java:logGet(46)) - raft.server.log.queue.element-limit = 4096 (default)
2024-12-14 12:26:16,132 INFO  server.RaftServerConfigKeys (ConfUtils.java:logGet(46)) - raft.server.log.segment.size.max = 32MB (=33554432) (default)
2024-12-14 12:26:16,132 INFO  server.RaftServerConfigKeys (ConfUtils.java:logGet(46)) - raft.server.log.preallocated.size = 4MB (=4194304) (default)
2024-12-14 12:26:16,132 INFO  server.RaftServerConfigKeys (ConfUtils.java:logGet(46)) - raft.server.log.force.sync.num = 128 (default)
2024-12-14 12:26:16,132 INFO  server.RaftServerConfigKeys (ConfUtils.java:logGet(46)) - raft.server.log.statemachine.data.sync = true (default)
2024-12-14 12:26:16,132 INFO  server.RaftServerConfigKeys (ConfUtils.java:logGet(46)) - raft.server.log.statemachine.data.sync.timeout = 10s (default)
2024-12-14 12:26:16,132 INFO  server.RaftServerConfigKeys (ConfUtils.java:logGet(46)) - raft.server.log.statemachine.data.sync.timeout.retry = -1 (default)
2024-12-14 12:26:16,132 INFO  server.RaftServerConfigKeys (ConfUtils.java:logGet(46)) - raft.server.log.write.buffer.size = 8MB (=8388608) (default)
2024-12-14 12:26:16,132 INFO  server.RaftServerConfigKeys (ConfUtils.java:logGet(46)) - raft.server.log.appender.buffer.byte-limit = 4MB (=4194304) (default)
2024-12-14 12:26:16,132 INFO  server.RaftServerConfigKeys (ConfUtils.java:logGet(46)) - raft.server.log.unsafe-flush.enabled = false (default)
2024-12-14 12:26:16,133 INFO  server.RaftServerConfigKeys (ConfUtils.java:logGet(46)) - raft.server.log.async-flush.enabled = false (default)
2024-12-14 12:26:16,133 INFO  server.RaftServerConfigKeys (ConfUtils.java:logGet(46)) - raft.server.log.statemachine.data.caching.enabled = false (default)
2024-12-14 12:26:16,133 INFO  segmented.SegmentedRaftLogWorker (SegmentedRaftLogWorker.java:lambda$new$0(140)) - s7@group-9CE91F930A22-SegmentedRaftLogWorker: flushIndex: setUnconditionally 0 -> -1
2024-12-14 12:26:16,133 INFO  segmented.SegmentedRaftLogWorker (SegmentedRaftLogWorker.java:lambda$new$0(140)) - s7@group-9CE91F930A22-SegmentedRaftLogWorker: safeCacheEvictIndex: setUnconditionally 0 -> -1
2024-12-14 12:26:16,133 INFO  server.RaftServer$Division (RaftServerImpl.java:start(398)) - s7@group-9CE91F930A22: start with initializing state, conf=conf: {index: -1, cur=peers:[]|listeners:[], old=null}
2024-12-14 12:26:16,133 INFO  server.RaftServer$Division (RaftServerImpl.java:setRole(379)) - s7@group-9CE91F930A22: changes role from      null to FOLLOWER at term 0 for start
2024-12-14 12:26:16,133 INFO  util.JmxRegister (JmxRegister.java:tryRegister(44)) - Successfully registered JMX Bean with object name Ratis:service=RaftServer,group=group-9CE91F930A22,id=s7
2024-12-14 12:26:16,133 INFO  util.JmxRegister (JmxRegister.java:register(58)) - register mxBean class org.apache.ratis.server.impl.RaftServerJmxAdapter as Ratis:service=RaftServer,group=group-9CE91F930A22,id=s7
2024-12-14 12:26:16,133 INFO  server.RaftServerConfigKeys (ConfUtils.java:logGet(46)) - raft.server.snapshot.trigger-when-stop.enabled = true (default)
2024-12-14 12:26:16,133 INFO  server.RaftServerConfigKeys (ConfUtils.java:logGet(46)) - raft.server.snapshot.trigger-when-remove.enabled = true (default)
2024-12-14 12:26:16,133 INFO  server.RaftServerConfigKeys (ConfUtils.java:logGet(46)) - raft.server.snapshot.auto.trigger.enabled = false (default)
2024-12-14 12:26:16,133 INFO  server.RaftServerConfigKeys (ConfUtils.java:logGet(46)) - raft.server.snapshot.retention.file.num = -1 (default)
2024-12-14 12:26:16,134 INFO  server.RaftServerConfigKeys (ConfUtils.java:logGet(46)) - raft.server.log.purge.upto.snapshot.index = false (default)
2024-12-14 12:26:16,134 INFO  server.RaftServer$Division (RaftServerImpl.java:start(406)) - s7@group-9CE91F930A22: Successfully started.
2024-12-14 12:26:16,136 INFO  netty.NettyUtils (NettyUtils.java:newEventLoopGroup(74)) - Create EpollEventLoopGroup for client-10CCFB19E73F; Thread size is 0.
2024-12-14 12:26:16,138 INFO  logging.LoggingHandler (AbstractInternalLogger.java:log(148)) - [id: 0x75a19822, L:/0.0.0.0:15023] READ: [id: 0x92eae96e, L:/127.0.0.1:15023 - R:/127.0.0.1:49058]
2024-12-14 12:26:16,138 INFO  logging.LoggingHandler (AbstractInternalLogger.java:log(148)) - [id: 0x75a19822, L:/0.0.0.0:15023] READ COMPLETE
2024-12-14 12:26:16,139 INFO  server.RaftServer (RaftServerProxy.java:addNew(101)) - s8: addNew group-9CE91F930A22:[] returns group-9CE91F930A22:java.util.concurrent.CompletableFuture@33209e72[Not completed]
2024-12-14 12:26:16,140 INFO  server.RaftServer$Division (RaftServerImpl.java:<init>(256)) - s8: new RaftServerImpl for group-9CE91F930A22:[] with ArithmeticStateMachine:uninitialized
2024-12-14 12:26:16,140 INFO  server.RaftServerConfigKeys (ConfUtils.java:logGet(46)) - raft.server.rpc.timeout.min = 300ms (custom)
2024-12-14 12:26:16,140 INFO  server.RaftServerConfigKeys (ConfUtils.java:logGet(46)) - raft.server.rpc.timeout.max = 600ms (custom)
2024-12-14 12:26:16,140 INFO  server.RaftServerConfigKeys (ConfUtils.java:logGet(46)) - raft.server.rpc.sleep.time = 25ms (default)
2024-12-14 12:26:16,140 INFO  server.RaftServerConfigKeys (ConfUtils.java:logGet(46)) - raft.server.rpc.slowness.timeout = 60s (default)
2024-12-14 12:26:16,140 INFO  server.RaftServerConfigKeys (ConfUtils.java:logGet(46)) - raft.server.leaderelection.leader.step-down.wait-time = 10s (default)
2024-12-14 12:26:16,140 INFO  server.RaftServerConfigKeys (ConfUtils.java:logGet(46)) - raft.server.leaderelection.member.majority-add = false (default)
2024-12-14 12:26:16,140 INFO  server.RaftServerConfigKeys (ConfUtils.java:logGet(46)) - raft.server.sleep.deviation.threshold = 300ms (default)
2024-12-14 12:26:16,140 INFO  server.RaftServer$Division (ServerState.java:<init>(114)) - s8@group-9CE91F930A22: ConfigurationManager, init=conf: {index: -1, cur=peers:[]|listeners:[], old=null}, confs=<EMPTY_MAP>
2024-12-14 12:26:16,140 INFO  server.RaftServerConfigKeys (ConfUtils.java:logGet(46)) - raft.server.notification.no-leader.timeout = 60s (default)
2024-12-14 12:26:16,140 INFO  server.RaftServerConfigKeys (ConfUtils.java:logGet(46)) - raft.server.read.timeout = 10s (default)
2024-12-14 12:26:16,140 INFO  server.RaftServerConfigKeys (ConfUtils.java:logGet(46)) - raft.server.retrycache.expirytime = 60s (default)
2024-12-14 12:26:16,140 INFO  server.RaftServerConfigKeys (ConfUtils.java:logGet(46)) - raft.server.retrycache.statistics.expirytime = 100ms (default)
2024-12-14 12:26:16,140 INFO  server.RaftServerConfigKeys (ConfUtils.java:logGet(46)) - raft.server.read.option = DEFAULT (default)
2024-12-14 12:26:16,140 INFO  server.RaftServerConfigKeys (ConfUtils.java:logGet(46)) - raft.server.read.read-after-write-consistent.write-index-cache.expiry-time = 60s (default)
2024-12-14 12:26:16,140 INFO  server.RaftServerConfigKeys (ConfUtils.java:logGet(46)) - raft.server.rpc.request.timeout = 3000ms (default)
2024-12-14 12:26:16,141 INFO  server.RaftServerConfigKeys (ConfUtils.java:logGet(46)) - raft.server.log.appender.install.snapshot.enabled = true (default)
2024-12-14 12:26:16,141 INFO  server.RaftServerConfigKeys (ConfUtils.java:logGet(46)) - raft.server.threadpool.server.cached = true (default)
2024-12-14 12:26:16,141 INFO  server.RaftServerConfigKeys (ConfUtils.java:logGet(46)) - raft.server.threadpool.server.size = 0 (default)
2024-12-14 12:26:16,141 INFO  server.RaftServerConfigKeys (ConfUtils.java:logGet(46)) - raft.server.threadpool.client.cached = true (default)
2024-12-14 12:26:16,141 INFO  server.RaftServerConfigKeys (ConfUtils.java:logGet(46)) - raft.server.threadpool.client.size = 0 (default)
2024-12-14 12:26:16,141 INFO  server.RaftServerConfigKeys (ConfUtils.java:logGet(46)) - raft.server.storage.free-space.min = 0MB (=0) (default)
2024-12-14 12:26:16,141 INFO  server.RaftServerConfigKeys (ConfUtils.java:logGet(46)) - raft.server.log.corruption.policy = EXCEPTION (default)
2024-12-14 12:26:16,141 INFO  server.RaftServerConfigKeys (ConfUtils.java:logGet(46)) - raft.server.storage.dir = [/home/runner/work/ratis/ratis/ratis-examples/target/test/data/da5193cb/MiniRaftClusterWithNetty71855ece/s8] (custom)
2024-12-14 12:26:16,141 INFO  storage.RaftStorageDirectory (RaftStorageDirectoryImpl.java:analyzeStorage(138)) - The storage directory /home/runner/work/ratis/ratis/ratis-examples/target/test/data/da5193cb/MiniRaftClusterWithNetty71855ece/s8/8cff9ddc-4abb-47b3-960b-9ce91f930a22 does not exist. Creating ...
2024-12-14 12:26:16,141 TRACE util.FileUtils (LogUtils.java:runAndLog(49)) - Successfully ran Files.createDirectories /home/runner/work/ratis/ratis/ratis-examples/target/test/data/da5193cb/MiniRaftClusterWithNetty71855ece/s8/8cff9ddc-4abb-47b3-960b-9ce91f930a22
2024-12-14 12:26:16,142 INFO  storage.RaftStorageDirectory (RaftStorageDirectoryImpl.java:tryLock(229)) - Lock on /home/runner/work/ratis/ratis/ratis-examples/target/test/data/da5193cb/MiniRaftClusterWithNetty71855ece/s8/8cff9ddc-4abb-47b3-960b-9ce91f930a22/in_use.lock acquired by nodename 14700@fv-az733-880
2024-12-14 12:26:16,143 TRACE util.FileUtils (LogUtils.java:runAndLog(49)) - Successfully ran Files.createDirectories /home/runner/work/ratis/ratis/ratis-examples/target/test/data/da5193cb/MiniRaftClusterWithNetty71855ece/s8/8cff9ddc-4abb-47b3-960b-9ce91f930a22/current
2024-12-14 12:26:16,143 TRACE util.FileUtils (LogUtils.java:runAndLog(49)) - Successfully ran Files.createDirectories /home/runner/work/ratis/ratis/ratis-examples/target/test/data/da5193cb/MiniRaftClusterWithNetty71855ece/s8/8cff9ddc-4abb-47b3-960b-9ce91f930a22/sm
2024-12-14 12:26:16,143 TRACE util.FileUtils (LogUtils.java:supplyAndLog(69)) - Successfully supplied FileChannel.open /home/runner/work/ratis/ratis/ratis-examples/target/test/data/da5193cb/MiniRaftClusterWithNetty71855ece/s8/8cff9ddc-4abb-47b3-960b-9ce91f930a22/current/raft-meta.tmp with options [CREATE, WRITE]: sun.nio.ch.FileChannelImpl@3a910a89
2024-12-14 12:26:16,144 TRACE util.FileUtils (LogUtils.java:runAndLog(49)) - Successfully ran Atomic Files.move /home/runner/work/ratis/ratis/ratis-examples/target/test/data/da5193cb/MiniRaftClusterWithNetty71855ece/s8/8cff9ddc-4abb-47b3-960b-9ce91f930a22/current/raft-meta.tmp to /home/runner/work/ratis/ratis/ratis-examples/target/test/data/da5193cb/MiniRaftClusterWithNetty71855ece/s8/8cff9ddc-4abb-47b3-960b-9ce91f930a22/current/raft-meta with options [REPLACE_EXISTING]
2024-12-14 12:26:16,144 INFO  storage.RaftStorage (RaftStorageImpl.java:format(98)) - Storage directory /home/runner/work/ratis/ratis/ratis-examples/target/test/data/da5193cb/MiniRaftClusterWithNetty71855ece/s8/8cff9ddc-4abb-47b3-960b-9ce91f930a22 has been successfully formatted.
2024-12-14 12:26:16,144 WARN  statemachine.StateMachine (ArithmeticStateMachine.java:loadSnapshot(115)) - The snapshot info is null.
2024-12-14 12:26:16,144 INFO  server.RaftServerConfigKeys (ConfUtils.java:logGet(46)) - raft.server.log.use.memory = false (default)
2024-12-14 12:26:16,144 INFO  server.RaftServerConfigKeys (ConfUtils.java:logGet(46)) - raft.server.log.purge.gap = 1024 (default)
2024-12-14 12:26:16,144 INFO  server.RaftServerConfigKeys (ConfUtils.java:logGet(46)) - raft.server.log.appender.buffer.byte-limit = 4MB (=4194304) (default)
2024-12-14 12:26:16,144 INFO  server.RaftServerConfigKeys (ConfUtils.java:logGet(46)) - raft.server.log.statemachine.data.read.timeout = 1000ms (default)
2024-12-14 12:26:16,144 INFO  server.RaftServerConfigKeys (ConfUtils.java:logGet(46)) - raft.server.log.purge.preservation.log.num = 0 (default)
2024-12-14 12:26:16,144 INFO  server.RaftServerConfigKeys (ConfUtils.java:logGet(46)) - raft.server.log.segment.size.max = 32MB (=33554432) (default)
2024-12-14 12:26:16,145 INFO  server.RaftServerConfigKeys (ConfUtils.java:logGet(46)) - raft.server.log.segment.cache.num.max = 6 (default)
2024-12-14 12:26:16,145 INFO  server.RaftServerConfigKeys (ConfUtils.java:logGet(46)) - raft.server.log.segment.cache.size.max = 200MB (=209715200) (default)
2024-12-14 12:26:16,145 INFO  server.RaftServerConfigKeys (ConfUtils.java:logGet(46)) - raft.server.log.appender.buffer.byte-limit = 4MB (=4194304) (default)
2024-12-14 12:26:16,145 INFO  util.AwaitToRun (AwaitToRun.java:start(81)) - Thread[s8@group-9CE91F930A22-cacheEviction-AwaitToRun,5,main] started
2024-12-14 12:26:16,145 INFO  segmented.SegmentedRaftLogWorker (SegmentedRaftLogWorker.java:<init>(189)) - new s8@group-9CE91F930A22-SegmentedRaftLogWorker for RaftStorageImpl:Storage Directory /home/runner/work/ratis/ratis/ratis-examples/target/test/data/da5193cb/MiniRaftClusterWithNetty71855ece/s8/8cff9ddc-4abb-47b3-960b-9ce91f930a22
2024-12-14 12:26:16,145 INFO  server.RaftServerConfigKeys (ConfUtils.java:logGet(46)) - raft.server.log.queue.byte-limit = 64MB (=67108864) (default)
2024-12-14 12:26:16,145 INFO  server.RaftServerConfigKeys (ConfUtils.java:logGet(46)) - raft.server.log.queue.element-limit = 4096 (default)
2024-12-14 12:26:16,145 INFO  server.RaftServerConfigKeys (ConfUtils.java:logGet(46)) - raft.server.log.segment.size.max = 32MB (=33554432) (default)
2024-12-14 12:26:16,145 INFO  server.RaftServerConfigKeys (ConfUtils.java:logGet(46)) - raft.server.log.preallocated.size = 4MB (=4194304) (default)
2024-12-14 12:26:16,145 INFO  server.RaftServerConfigKeys (ConfUtils.java:logGet(46)) - raft.server.log.force.sync.num = 128 (default)
2024-12-14 12:26:16,145 INFO  server.RaftServerConfigKeys (ConfUtils.java:logGet(46)) - raft.server.log.statemachine.data.sync = true (default)
2024-12-14 12:26:16,145 INFO  server.RaftServerConfigKeys (ConfUtils.java:logGet(46)) - raft.server.log.statemachine.data.sync.timeout = 10s (default)
2024-12-14 12:26:16,145 INFO  server.RaftServerConfigKeys (ConfUtils.java:logGet(46)) - raft.server.log.statemachine.data.sync.timeout.retry = -1 (default)
2024-12-14 12:26:16,145 INFO  server.RaftServerConfigKeys (ConfUtils.java:logGet(46)) - raft.server.log.write.buffer.size = 8MB (=8388608) (default)
2024-12-14 12:26:16,147 INFO  server.RaftServerConfigKeys (ConfUtils.java:logGet(46)) - raft.server.log.appender.buffer.byte-limit = 4MB (=4194304) (default)
2024-12-14 12:26:16,147 INFO  server.RaftServerConfigKeys (ConfUtils.java:logGet(46)) - raft.server.log.unsafe-flush.enabled = false (default)
2024-12-14 12:26:16,147 INFO  server.RaftServerConfigKeys (ConfUtils.java:logGet(46)) - raft.server.log.async-flush.enabled = false (default)
2024-12-14 12:26:16,147 INFO  server.RaftServerConfigKeys (ConfUtils.java:logGet(46)) - raft.server.log.statemachine.data.caching.enabled = false (default)
2024-12-14 12:26:16,147 INFO  segmented.SegmentedRaftLogWorker (SegmentedRaftLogWorker.java:lambda$new$0(140)) - s8@group-9CE91F930A22-SegmentedRaftLogWorker: flushIndex: setUnconditionally 0 -> -1
2024-12-14 12:26:16,147 INFO  segmented.SegmentedRaftLogWorker (SegmentedRaftLogWorker.java:lambda$new$0(140)) - s8@group-9CE91F930A22-SegmentedRaftLogWorker: safeCacheEvictIndex: setUnconditionally 0 -> -1
2024-12-14 12:26:16,147 INFO  server.RaftServer$Division (RaftServerImpl.java:start(398)) - s8@group-9CE91F930A22: start with initializing state, conf=conf: {index: -1, cur=peers:[]|listeners:[], old=null}
2024-12-14 12:26:16,147 INFO  server.RaftServer$Division (RaftServerImpl.java:setRole(379)) - s8@group-9CE91F930A22: changes role from      null to FOLLOWER at term 0 for start
2024-12-14 12:26:16,147 INFO  util.JmxRegister (JmxRegister.java:tryRegister(44)) - Successfully registered JMX Bean with object name Ratis:service=RaftServer,group=group-9CE91F930A22,id=s8
2024-12-14 12:26:16,147 INFO  util.JmxRegister (JmxRegister.java:register(58)) - register mxBean class org.apache.ratis.server.impl.RaftServerJmxAdapter as Ratis:service=RaftServer,group=group-9CE91F930A22,id=s8
2024-12-14 12:26:16,147 INFO  server.RaftServerConfigKeys (ConfUtils.java:logGet(46)) - raft.server.snapshot.trigger-when-stop.enabled = true (default)
2024-12-14 12:26:16,147 INFO  server.RaftServerConfigKeys (ConfUtils.java:logGet(46)) - raft.server.snapshot.trigger-when-remove.enabled = true (default)
2024-12-14 12:26:16,147 INFO  server.RaftServerConfigKeys (ConfUtils.java:logGet(46)) - raft.server.snapshot.auto.trigger.enabled = false (default)
2024-12-14 12:26:16,148 INFO  server.RaftServerConfigKeys (ConfUtils.java:logGet(46)) - raft.server.snapshot.retention.file.num = -1 (default)
2024-12-14 12:26:16,148 INFO  server.RaftServerConfigKeys (ConfUtils.java:logGet(46)) - raft.server.log.purge.upto.snapshot.index = false (default)
2024-12-14 12:26:16,148 INFO  server.RaftServer$Division (RaftServerImpl.java:start(406)) - s8@group-9CE91F930A22: Successfully started.
2024-12-14 12:26:16,153 INFO  netty.NettyUtils (NettyUtils.java:newEventLoopGroup(74)) - Create EpollEventLoopGroup for client-E20B93A6CFFB; Thread size is 0.
2024-12-14 12:26:16,158 INFO  logging.LoggingHandler (AbstractInternalLogger.java:log(148)) - [id: 0x8195817e, L:/0.0.0.0:15024] READ: [id: 0x2399fa78, L:/127.0.0.1:15024 - R:/127.0.0.1:39730]
2024-12-14 12:26:16,158 INFO  logging.LoggingHandler (AbstractInternalLogger.java:log(148)) - [id: 0x8195817e, L:/0.0.0.0:15024] READ COMPLETE
2024-12-14 12:26:16,159 INFO  server.RaftServer (RaftServerProxy.java:addNew(101)) - s9: addNew group-9CE91F930A22:[] returns group-9CE91F930A22:java.util.concurrent.CompletableFuture@107901f7[Not completed]
2024-12-14 12:26:16,159 INFO  server.RaftServer$Division (RaftServerImpl.java:<init>(256)) - s9: new RaftServerImpl for group-9CE91F930A22:[] with ArithmeticStateMachine:uninitialized
2024-12-14 12:26:16,159 INFO  server.RaftServerConfigKeys (ConfUtils.java:logGet(46)) - raft.server.rpc.timeout.min = 300ms (custom)
2024-12-14 12:26:16,159 INFO  server.RaftServerConfigKeys (ConfUtils.java:logGet(46)) - raft.server.rpc.timeout.max = 600ms (custom)
2024-12-14 12:26:16,159 INFO  server.RaftServerConfigKeys (ConfUtils.java:logGet(46)) - raft.server.rpc.sleep.time = 25ms (default)
2024-12-14 12:26:16,159 INFO  server.RaftServerConfigKeys (ConfUtils.java:logGet(46)) - raft.server.rpc.slowness.timeout = 60s (default)
2024-12-14 12:26:16,159 INFO  server.RaftServerConfigKeys (ConfUtils.java:logGet(46)) - raft.server.leaderelection.leader.step-down.wait-time = 10s (default)
2024-12-14 12:26:16,159 INFO  server.RaftServerConfigKeys (ConfUtils.java:logGet(46)) - raft.server.leaderelection.member.majority-add = false (default)
2024-12-14 12:26:16,159 INFO  server.RaftServerConfigKeys (ConfUtils.java:logGet(46)) - raft.server.sleep.deviation.threshold = 300ms (default)
2024-12-14 12:26:16,159 INFO  server.RaftServer$Division (ServerState.java:<init>(114)) - s9@group-9CE91F930A22: ConfigurationManager, init=conf: {index: -1, cur=peers:[]|listeners:[], old=null}, confs=<EMPTY_MAP>
2024-12-14 12:26:16,159 INFO  server.RaftServerConfigKeys (ConfUtils.java:logGet(46)) - raft.server.notification.no-leader.timeout = 60s (default)
2024-12-14 12:26:16,159 INFO  server.RaftServerConfigKeys (ConfUtils.java:logGet(46)) - raft.server.read.timeout = 10s (default)
2024-12-14 12:26:16,160 INFO  server.RaftServerConfigKeys (ConfUtils.java:logGet(46)) - raft.server.retrycache.expirytime = 60s (default)
2024-12-14 12:26:16,160 INFO  server.RaftServerConfigKeys (ConfUtils.java:logGet(46)) - raft.server.retrycache.statistics.expirytime = 100ms (default)
2024-12-14 12:26:16,160 INFO  server.RaftServerConfigKeys (ConfUtils.java:logGet(46)) - raft.server.read.option = DEFAULT (default)
2024-12-14 12:26:16,160 INFO  server.RaftServerConfigKeys (ConfUtils.java:logGet(46)) - raft.server.read.read-after-write-consistent.write-index-cache.expiry-time = 60s (default)
2024-12-14 12:26:16,160 INFO  server.RaftServerConfigKeys (ConfUtils.java:logGet(46)) - raft.server.rpc.request.timeout = 3000ms (default)
2024-12-14 12:26:16,160 INFO  server.RaftServerConfigKeys (ConfUtils.java:logGet(46)) - raft.server.log.appender.install.snapshot.enabled = true (default)
2024-12-14 12:26:16,160 INFO  server.RaftServerConfigKeys (ConfUtils.java:logGet(46)) - raft.server.threadpool.server.cached = true (default)
2024-12-14 12:26:16,160 INFO  server.RaftServerConfigKeys (ConfUtils.java:logGet(46)) - raft.server.threadpool.server.size = 0 (default)
2024-12-14 12:26:16,160 INFO  server.RaftServerConfigKeys (ConfUtils.java:logGet(46)) - raft.server.threadpool.client.cached = true (default)
2024-12-14 12:26:16,160 INFO  server.RaftServerConfigKeys (ConfUtils.java:logGet(46)) - raft.server.threadpool.client.size = 0 (default)
2024-12-14 12:26:16,160 INFO  server.RaftServerConfigKeys (ConfUtils.java:logGet(46)) - raft.server.storage.free-space.min = 0MB (=0) (default)
2024-12-14 12:26:16,161 INFO  server.RaftServerConfigKeys (ConfUtils.java:logGet(46)) - raft.server.log.corruption.policy = EXCEPTION (default)
2024-12-14 12:26:16,161 INFO  server.RaftServerConfigKeys (ConfUtils.java:logGet(46)) - raft.server.storage.dir = [/home/runner/work/ratis/ratis/ratis-examples/target/test/data/da5193cb/MiniRaftClusterWithNetty71855ece/s9] (custom)
2024-12-14 12:26:16,161 INFO  storage.RaftStorageDirectory (RaftStorageDirectoryImpl.java:analyzeStorage(138)) - The storage directory /home/runner/work/ratis/ratis/ratis-examples/target/test/data/da5193cb/MiniRaftClusterWithNetty71855ece/s9/8cff9ddc-4abb-47b3-960b-9ce91f930a22 does not exist. Creating ...
2024-12-14 12:26:16,161 TRACE util.FileUtils (LogUtils.java:runAndLog(49)) - Successfully ran Files.createDirectories /home/runner/work/ratis/ratis/ratis-examples/target/test/data/da5193cb/MiniRaftClusterWithNetty71855ece/s9/8cff9ddc-4abb-47b3-960b-9ce91f930a22
2024-12-14 12:26:16,162 INFO  storage.RaftStorageDirectory (RaftStorageDirectoryImpl.java:tryLock(229)) - Lock on /home/runner/work/ratis/ratis/ratis-examples/target/test/data/da5193cb/MiniRaftClusterWithNetty71855ece/s9/8cff9ddc-4abb-47b3-960b-9ce91f930a22/in_use.lock acquired by nodename 14700@fv-az733-880
2024-12-14 12:26:16,162 TRACE util.FileUtils (LogUtils.java:runAndLog(49)) - Successfully ran Files.createDirectories /home/runner/work/ratis/ratis/ratis-examples/target/test/data/da5193cb/MiniRaftClusterWithNetty71855ece/s9/8cff9ddc-4abb-47b3-960b-9ce91f930a22/current
2024-12-14 12:26:16,162 TRACE util.FileUtils (LogUtils.java:runAndLog(49)) - Successfully ran Files.createDirectories /home/runner/work/ratis/ratis/ratis-examples/target/test/data/da5193cb/MiniRaftClusterWithNetty71855ece/s9/8cff9ddc-4abb-47b3-960b-9ce91f930a22/sm
2024-12-14 12:26:16,162 TRACE util.FileUtils (LogUtils.java:supplyAndLog(69)) - Successfully supplied FileChannel.open /home/runner/work/ratis/ratis/ratis-examples/target/test/data/da5193cb/MiniRaftClusterWithNetty71855ece/s9/8cff9ddc-4abb-47b3-960b-9ce91f930a22/current/raft-meta.tmp with options [CREATE, WRITE]: sun.nio.ch.FileChannelImpl@103a8220
2024-12-14 12:26:16,163 TRACE util.FileUtils (LogUtils.java:runAndLog(49)) - Successfully ran Atomic Files.move /home/runner/work/ratis/ratis/ratis-examples/target/test/data/da5193cb/MiniRaftClusterWithNetty71855ece/s9/8cff9ddc-4abb-47b3-960b-9ce91f930a22/current/raft-meta.tmp to /home/runner/work/ratis/ratis/ratis-examples/target/test/data/da5193cb/MiniRaftClusterWithNetty71855ece/s9/8cff9ddc-4abb-47b3-960b-9ce91f930a22/current/raft-meta with options [REPLACE_EXISTING]
2024-12-14 12:26:16,163 INFO  storage.RaftStorage (RaftStorageImpl.java:format(98)) - Storage directory /home/runner/work/ratis/ratis/ratis-examples/target/test/data/da5193cb/MiniRaftClusterWithNetty71855ece/s9/8cff9ddc-4abb-47b3-960b-9ce91f930a22 has been successfully formatted.
2024-12-14 12:26:16,163 WARN  statemachine.StateMachine (ArithmeticStateMachine.java:loadSnapshot(115)) - The snapshot info is null.
2024-12-14 12:26:16,164 INFO  server.RaftServerConfigKeys (ConfUtils.java:logGet(46)) - raft.server.log.use.memory = false (default)
2024-12-14 12:26:16,164 INFO  server.RaftServerConfigKeys (ConfUtils.java:logGet(46)) - raft.server.log.purge.gap = 1024 (default)
2024-12-14 12:26:16,164 INFO  server.RaftServerConfigKeys (ConfUtils.java:logGet(46)) - raft.server.log.appender.buffer.byte-limit = 4MB (=4194304) (default)
2024-12-14 12:26:16,164 INFO  server.RaftServerConfigKeys (ConfUtils.java:logGet(46)) - raft.server.log.statemachine.data.read.timeout = 1000ms (default)
2024-12-14 12:26:16,164 INFO  server.RaftServerConfigKeys (ConfUtils.java:logGet(46)) - raft.server.log.purge.preservation.log.num = 0 (default)
2024-12-14 12:26:16,164 INFO  server.RaftServerConfigKeys (ConfUtils.java:logGet(46)) - raft.server.log.segment.size.max = 32MB (=33554432) (default)
2024-12-14 12:26:16,164 INFO  server.RaftServerConfigKeys (ConfUtils.java:logGet(46)) - raft.server.log.segment.cache.num.max = 6 (default)
2024-12-14 12:26:16,164 INFO  server.RaftServerConfigKeys (ConfUtils.java:logGet(46)) - raft.server.log.segment.cache.size.max = 200MB (=209715200) (default)
2024-12-14 12:26:16,164 INFO  server.RaftServerConfigKeys (ConfUtils.java:logGet(46)) - raft.server.log.appender.buffer.byte-limit = 4MB (=4194304) (default)
2024-12-14 12:26:16,164 INFO  util.AwaitToRun (AwaitToRun.java:start(81)) - Thread[s9@group-9CE91F930A22-cacheEviction-AwaitToRun,5,main] started
2024-12-14 12:26:16,165 INFO  segmented.SegmentedRaftLogWorker (SegmentedRaftLogWorker.java:<init>(189)) - new s9@group-9CE91F930A22-SegmentedRaftLogWorker for RaftStorageImpl:Storage Directory /home/runner/work/ratis/ratis/ratis-examples/target/test/data/da5193cb/MiniRaftClusterWithNetty71855ece/s9/8cff9ddc-4abb-47b3-960b-9ce91f930a22
2024-12-14 12:26:16,165 INFO  server.RaftServerConfigKeys (ConfUtils.java:logGet(46)) - raft.server.log.queue.byte-limit = 64MB (=67108864) (default)
2024-12-14 12:26:16,165 INFO  server.RaftServerConfigKeys (ConfUtils.java:logGet(46)) - raft.server.log.queue.element-limit = 4096 (default)
2024-12-14 12:26:16,165 INFO  server.RaftServerConfigKeys (ConfUtils.java:logGet(46)) - raft.server.log.segment.size.max = 32MB (=33554432) (default)
2024-12-14 12:26:16,165 INFO  server.RaftServerConfigKeys (ConfUtils.java:logGet(46)) - raft.server.log.preallocated.size = 4MB (=4194304) (default)
2024-12-14 12:26:16,165 INFO  server.RaftServerConfigKeys (ConfUtils.java:logGet(46)) - raft.server.log.force.sync.num = 128 (default)
2024-12-14 12:26:16,165 INFO  server.RaftServerConfigKeys (ConfUtils.java:logGet(46)) - raft.server.log.statemachine.data.sync = true (default)
2024-12-14 12:26:16,165 INFO  server.RaftServerConfigKeys (ConfUtils.java:logGet(46)) - raft.server.log.statemachine.data.sync.timeout = 10s (default)
2024-12-14 12:26:16,165 INFO  server.RaftServerConfigKeys (ConfUtils.java:logGet(46)) - raft.server.log.statemachine.data.sync.timeout.retry = -1 (default)
2024-12-14 12:26:16,165 INFO  server.RaftServerConfigKeys (ConfUtils.java:logGet(46)) - raft.server.log.write.buffer.size = 8MB (=8388608) (default)
2024-12-14 12:26:16,166 INFO  server.RaftServerConfigKeys (ConfUtils.java:logGet(46)) - raft.server.log.appender.buffer.byte-limit = 4MB (=4194304) (default)
2024-12-14 12:26:16,166 INFO  server.RaftServerConfigKeys (ConfUtils.java:logGet(46)) - raft.server.log.unsafe-flush.enabled = false (default)
2024-12-14 12:26:16,166 INFO  server.RaftServerConfigKeys (ConfUtils.java:logGet(46)) - raft.server.log.async-flush.enabled = false (default)
2024-12-14 12:26:16,166 INFO  server.RaftServerConfigKeys (ConfUtils.java:logGet(46)) - raft.server.log.statemachine.data.caching.enabled = false (default)
2024-12-14 12:26:16,166 INFO  segmented.SegmentedRaftLogWorker (SegmentedRaftLogWorker.java:lambda$new$0(140)) - s9@group-9CE91F930A22-SegmentedRaftLogWorker: flushIndex: setUnconditionally 0 -> -1
2024-12-14 12:26:16,166 INFO  segmented.SegmentedRaftLogWorker (SegmentedRaftLogWorker.java:lambda$new$0(140)) - s9@group-9CE91F930A22-SegmentedRaftLogWorker: safeCacheEvictIndex: setUnconditionally 0 -> -1
2024-12-14 12:26:16,167 INFO  server.RaftServer$Division (RaftServerImpl.java:start(398)) - s9@group-9CE91F930A22: start with initializing state, conf=conf: {index: -1, cur=peers:[]|listeners:[], old=null}
2024-12-14 12:26:16,167 INFO  server.RaftServer$Division (RaftServerImpl.java:setRole(379)) - s9@group-9CE91F930A22: changes role from      null to FOLLOWER at term 0 for start
2024-12-14 12:26:16,167 INFO  util.JmxRegister (JmxRegister.java:tryRegister(44)) - Successfully registered JMX Bean with object name Ratis:service=RaftServer,group=group-9CE91F930A22,id=s9
2024-12-14 12:26:16,167 INFO  util.JmxRegister (JmxRegister.java:register(58)) - register mxBean class org.apache.ratis.server.impl.RaftServerJmxAdapter as Ratis:service=RaftServer,group=group-9CE91F930A22,id=s9
2024-12-14 12:26:16,167 INFO  server.RaftServerConfigKeys (ConfUtils.java:logGet(46)) - raft.server.snapshot.trigger-when-stop.enabled = true (default)
2024-12-14 12:26:16,167 INFO  server.RaftServerConfigKeys (ConfUtils.java:logGet(46)) - raft.server.snapshot.trigger-when-remove.enabled = true (default)
2024-12-14 12:26:16,167 INFO  server.RaftServerConfigKeys (ConfUtils.java:logGet(46)) - raft.server.snapshot.auto.trigger.enabled = false (default)
2024-12-14 12:26:16,167 INFO  server.RaftServerConfigKeys (ConfUtils.java:logGet(46)) - raft.server.snapshot.retention.file.num = -1 (default)
2024-12-14 12:26:16,167 INFO  server.RaftServerConfigKeys (ConfUtils.java:logGet(46)) - raft.server.log.purge.upto.snapshot.index = false (default)
2024-12-14 12:26:16,167 INFO  server.RaftServer$Division (RaftServerImpl.java:start(406)) - s9@group-9CE91F930A22: Successfully started.
2024-12-14 12:26:16,169 INFO  impl.GroupManagementBaseTest (GroupManagementBaseTest.java:runMultiGroupTest(330)) - 1) setConfiguration: printing group-9CE91F930A22
  s3:  RUNNING [
   FOLLOWER s3@group-0A0C1A18FF69:t0, leader=null, voted=, raftlog=Memoized:s3@group-0A0C1A18FF69-SegmentedRaftLog:OPENED:c-1:lastnull, conf=conf: {index: -1, cur=peers:[]|listeners:[], old=null} STARTING
   FOLLOWER s3@group-9CE91F930A22:t0, leader=null, voted=, raftlog=Memoized:s3@group-9CE91F930A22-SegmentedRaftLog:OPENED:c-1:lastnull, conf=conf: {index: -1, cur=peers:[]|listeners:[], old=null} STARTING] size=2
  s4:  RUNNING [
   FOLLOWER s4@group-0A0C1A18FF69:t0, leader=null, voted=, raftlog=Memoized:s4@group-0A0C1A18FF69-SegmentedRaftLog:OPENED:c-1:lastnull, conf=conf: {index: -1, cur=peers:[]|listeners:[], old=null} STARTING
   FOLLOWER s4@group-9CE91F930A22:t0, leader=null, voted=, raftlog=Memoized:s4@group-9CE91F930A22-SegmentedRaftLog:OPENED:c-1:lastnull, conf=conf: {index: -1, cur=peers:[]|listeners:[], old=null} STARTING] size=2
  s5:  RUNNING [
   FOLLOWER s5@group-0A0C1A18FF69:t0, leader=null, voted=, raftlog=Memoized:s5@group-0A0C1A18FF69-SegmentedRaftLog:OPENED:c-1:lastnull, conf=conf: {index: -1, cur=peers:[]|listeners:[], old=null} STARTING
   FOLLOWER s5@group-9CE91F930A22:t0, leader=null, voted=, raftlog=Memoized:s5@group-9CE91F930A22-SegmentedRaftLog:OPENED:c-1:lastnull, conf=conf: {index: -1, cur=peers:[]|listeners:[], old=null} STARTING] size=2
  s6:  RUNNING [
   FOLLOWER s6@group-0A0C1A18FF69:t0, leader=null, voted=, raftlog=Memoized:s6@group-0A0C1A18FF69-SegmentedRaftLog:OPENED:c-1:lastnull, conf=conf: {index: -1, cur=peers:[]|listeners:[], old=null} STARTING
   FOLLOWER s6@group-9CE91F930A22:t0, leader=null, voted=, raftlog=Memoized:s6@group-9CE91F930A22-SegmentedRaftLog:OPENED:c-1:lastnull, conf=conf: {index: -1, cur=peers:[]|listeners:[], old=null} STARTING] size=2
  s7:  RUNNING [
   FOLLOWER s7@group-0A0C1A18FF69:t0, leader=null, voted=, raftlog=Memoized:s7@group-0A0C1A18FF69-SegmentedRaftLog:OPENED:c-1:lastnull, conf=conf: {index: -1, cur=peers:[]|listeners:[], old=null} STARTING
   FOLLOWER s7@group-9CE91F930A22:t0, leader=null, voted=, raftlog=Memoized:s7@group-9CE91F930A22-SegmentedRaftLog:OPENED:c-1:lastnull, conf=conf: {index: -1, cur=peers:[]|listeners:[], old=null} STARTING] size=2
  s8:  RUNNING [
   FOLLOWER s8@group-0A0C1A18FF69:t0, leader=null, voted=, raftlog=Memoized:s8@group-0A0C1A18FF69-SegmentedRaftLog:OPENED:c-1:lastnull, conf=conf: {index: -1, cur=peers:[]|listeners:[], old=null} STARTING
   FOLLOWER s8@group-9CE91F930A22:t0, leader=null, voted=, raftlog=Memoized:s8@group-9CE91F930A22-SegmentedRaftLog:OPENED:c-1:lastnull, conf=conf: {index: -1, cur=peers:[]|listeners:[], old=null} STARTING] size=2
  s9:  RUNNING [
   FOLLOWER s9@group-0A0C1A18FF69:t0, leader=null, voted=, raftlog=Memoized:s9@group-0A0C1A18FF69-SegmentedRaftLog:OPENED:c-1:lastnull, conf=conf: {index: -1, cur=peers:[]|listeners:[], old=null} STARTING
   FOLLOWER s9@group-9CE91F930A22:t0, leader=null, voted=, raftlog=Memoized:s9@group-9CE91F930A22-SegmentedRaftLog:OPENED:c-1:lastnull, conf=conf: {index: -1, cur=peers:[]|listeners:[], old=null} STARTING] size=2
  s11:  RUNNING [
   FOLLOWER s11@group-0A0C1A18FF69:t0, leader=null, voted=, raftlog=Memoized:s11@group-0A0C1A18FF69-SegmentedRaftLog:OPENED:c-1:lastnull, conf=conf: {index: -1, cur=peers:[]|listeners:[], old=null} STARTING
     LEADER s11@group-9CE91F930A22:t1, leader=s11, voted=s11, raftlog=Memoized:s11@group-9CE91F930A22-SegmentedRaftLog:OPENED:c120:last(t:1, i:120), conf=conf: {index: 0, cur=peers:[s11|0.0.0.0:15026, s13|0.0.0.0:15028, s12|0.0.0.0:15027]|listeners:[], old=null} RUNNING] size=2
  s10:  RUNNING [
   FOLLOWER s10@group-0A0C1A18FF69:t0, leader=null, voted=, raftlog=Memoized:s10@group-0A0C1A18FF69-SegmentedRaftLog:OPENED:c-1:lastnull, conf=conf: {index: -1, cur=peers:[]|listeners:[], old=null} STARTING
   FOLLOWER s10@group-9CE91F930A22:t0, leader=null, voted=, raftlog=Memoized:s10@group-9CE91F930A22-SegmentedRaftLog:OPENED:c-1:lastnull, conf=conf: {index: -1, cur=peers:[]|listeners:[], old=null} STARTING] size=2
  s13:  RUNNING [
   FOLLOWER s13@group-0A0C1A18FF69:t0, leader=null, voted=, raftlog=Memoized:s13@group-0A0C1A18FF69-SegmentedRaftLog:OPENED:c-1:lastnull, conf=conf: {index: -1, cur=peers:[]|listeners:[], old=null} STARTING
   FOLLOWER s13@group-9CE91F930A22:t1, leader=s11, voted=s11, raftlog=Memoized:s13@group-9CE91F930A22-SegmentedRaftLog:OPENED:c120:last(t:1, i:120), conf=conf: {index: 0, cur=peers:[s11|0.0.0.0:15026, s13|0.0.0.0:15028, s12|0.0.0.0:15027]|listeners:[], old=null} RUNNING] size=2
  s12:  RUNNING [
   FOLLOWER s12@group-0A0C1A18FF69:t0, leader=null, voted=, raftlog=Memoized:s12@group-0A0C1A18FF69-SegmentedRaftLog:OPENED:c-1:lastnull, conf=conf: {index: -1, cur=peers:[]|listeners:[], old=null} STARTING
   FOLLOWER s12@group-9CE91F930A22:t1, leader=s11, voted=s11, raftlog=Memoized:s12@group-9CE91F930A22-SegmentedRaftLog:OPENED:c120:last(t:1, i:120), conf=conf: {index: 0, cur=peers:[s11|0.0.0.0:15026, s13|0.0.0.0:15028, s12|0.0.0.0:15027]|listeners:[], old=null} RUNNING] size=2
  s14:  RUNNING [
   FOLLOWER s14@group-0A0C1A18FF69:t0, leader=null, voted=, raftlog=Memoized:s14@group-0A0C1A18FF69-SegmentedRaftLog:OPENED:c-1:lastnull, conf=conf: {index: -1, cur=peers:[]|listeners:[], old=null} STARTING
   FOLLOWER s14@group-9CE91F930A22:t0, leader=null, voted=, raftlog=Memoized:s14@group-9CE91F930A22-SegmentedRaftLog:OPENED:c-1:lastnull, conf=conf: {index: -1, cur=peers:[]|listeners:[], old=null} STARTING] size=2
  s0:  RUNNING [
   FOLLOWER s0@group-0A0C1A18FF69:t0, leader=null, voted=, raftlog=Memoized:s0@group-0A0C1A18FF69-SegmentedRaftLog:OPENED:c-1:lastnull, conf=conf: {index: -1, cur=peers:[]|listeners:[], old=null} STARTING
   FOLLOWER s0@group-9CE91F930A22:t0, leader=null, voted=, raftlog=Memoized:s0@group-9CE91F930A22-SegmentedRaftLog:OPENED:c-1:lastnull, conf=conf: {index: -1, cur=peers:[]|listeners:[], old=null} STARTING] size=2
  s1:  RUNNING [
   FOLLOWER s1@group-0A0C1A18FF69:t0, leader=null, voted=, raftlog=Memoized:s1@group-0A0C1A18FF69-SegmentedRaftLog:OPENED:c-1:lastnull, conf=conf: {index: -1, cur=peers:[]|listeners:[], old=null} STARTING
   FOLLOWER s1@group-9CE91F930A22:t0, leader=null, voted=, raftlog=Memoized:s1@group-9CE91F930A22-SegmentedRaftLog:OPENED:c-1:lastnull, conf=conf: {index: -1, cur=peers:[]|listeners:[], old=null} STARTING] size=2
  s2:  RUNNING [
   FOLLOWER s2@group-0A0C1A18FF69:t0, leader=null, voted=, raftlog=Memoized:s2@group-0A0C1A18FF69-SegmentedRaftLog:OPENED:c-1:lastnull, conf=conf: {index: -1, cur=peers:[]|listeners:[], old=null} STARTING
   FOLLOWER s2@group-9CE91F930A22:t0, leader=null, voted=, raftlog=Memoized:s2@group-9CE91F930A22-SegmentedRaftLog:OPENED:c-1:lastnull, conf=conf: {index: -1, cur=peers:[]|listeners:[], old=null} STARTING] size=2
2024-12-14 12:26:16,170 INFO  netty.NettyUtils (NettyUtils.java:newEventLoopGroup(74)) - Create EpollEventLoopGroup for client-4514CCB0642F; Thread size is 0.
2024-12-14 12:26:16,172 INFO  logging.LoggingHandler (AbstractInternalLogger.java:log(148)) - [id: 0x7b551b54, L:/0.0.0.0:15026] READ: [id: 0xf85e5d6b, L:/127.0.0.1:15026 - R:/127.0.0.1:58346]
2024-12-14 12:26:16,172 INFO  logging.LoggingHandler (AbstractInternalLogger.java:log(148)) - [id: 0x7b551b54, L:/0.0.0.0:15026] READ COMPLETE
2024-12-14 12:26:16,173 INFO  server.RaftServer$Division (RaftServerImpl.java:setConfigurationAsync(1341)) - s11@group-9CE91F930A22: receive setConfiguration SetConfigurationRequest:client-4514CCB0642F->s11@group-9CE91F930A22, cid=5978, seq=null, RW, null, SET_UNCONDITIONALLY, servers:[s11|0.0.0.0:15026, s13|0.0.0.0:15028, s12|0.0.0.0:15027, s0|0.0.0.0:15015, s1|0.0.0.0:15016], listeners:[]
2024-12-14 12:26:16,173 INFO  server.RaftServer$Division (LeaderStateImpl.java:startSetConfiguration(486)) - s11@group-9CE91F930A22-LeaderStateImpl: startSetConfiguration SetConfigurationRequest:client-4514CCB0642F->s11@group-9CE91F930A22, cid=5978, seq=null, RW, null, SET_UNCONDITIONALLY, servers:[s11|0.0.0.0:15026, s13|0.0.0.0:15028, s12|0.0.0.0:15027, s0|0.0.0.0:15015, s1|0.0.0.0:15016], listeners:[]
2024-12-14 12:26:16,173 INFO  server.RaftServerConfigKeys (ConfUtils.java:logGet(46)) - raft.server.log.appender.snapshot.chunk.size.max = 16MB (=16777216) (default)
2024-12-14 12:26:16,173 INFO  server.RaftServerConfigKeys (ConfUtils.java:logGet(46)) - raft.server.log.appender.buffer.byte-limit = 4MB (=4194304) (default)
2024-12-14 12:26:16,173 INFO  server.RaftServerConfigKeys (ConfUtils.java:logGet(46)) - raft.server.log.appender.buffer.element-limit = 0 (default)
2024-12-14 12:26:16,173 INFO  server.RaftServerConfigKeys (ConfUtils.java:logGet(46)) - raft.server.log.appender.wait-time.min = 1ms (default)
2024-12-14 12:26:16,174 INFO  server.RaftServerConfigKeys (ConfUtils.java:logGet(46)) - raft.server.log.appender.snapshot.chunk.size.max = 16MB (=16777216) (default)
2024-12-14 12:26:16,174 INFO  server.RaftServerConfigKeys (ConfUtils.java:logGet(46)) - raft.server.log.appender.buffer.byte-limit = 4MB (=4194304) (default)
2024-12-14 12:26:16,174 INFO  server.RaftServerConfigKeys (ConfUtils.java:logGet(46)) - raft.server.log.appender.buffer.element-limit = 0 (default)
2024-12-14 12:26:16,174 INFO  server.RaftServerConfigKeys (ConfUtils.java:logGet(46)) - raft.server.log.appender.wait-time.min = 1ms (default)
2024-12-14 12:26:16,174 INFO  leader.FollowerInfo (FollowerInfoImpl.java:setAttemptedToInstallSnapshot(154)) - Follower s11@group-9CE91F930A22->s0 acknowledged installing snapshot
2024-12-14 12:26:16,177 INFO  leader.FollowerInfo (FollowerInfoImpl.java:setAttemptedToInstallSnapshot(154)) - Follower s11@group-9CE91F930A22->s1 acknowledged installing snapshot
2024-12-14 12:26:16,178 INFO  logging.LoggingHandler (AbstractInternalLogger.java:log(148)) - [id: 0x3f89d68f, L:/0.0.0.0:15015] READ: [id: 0xe86e6a6a, L:/127.0.0.1:15015 - R:/127.0.0.1:52974]
2024-12-14 12:26:16,178 INFO  logging.LoggingHandler (AbstractInternalLogger.java:log(148)) - [id: 0x356557ed, L:/0.0.0.0:15016] READ: [id: 0x08e60d68, L:/127.0.0.1:15016 - R:/127.0.0.1:59922]
2024-12-14 12:26:16,179 INFO  logging.LoggingHandler (AbstractInternalLogger.java:log(148)) - [id: 0x3f89d68f, L:/0.0.0.0:15015] READ COMPLETE
2024-12-14 12:26:16,179 TRACE util.FileUtils (LogUtils.java:supplyAndLog(69)) - Successfully supplied FileChannel.open /home/runner/work/ratis/ratis/ratis-examples/target/test/data/da5193cb/MiniRaftClusterWithNetty71855ece/s0/8cff9ddc-4abb-47b3-960b-9ce91f930a22/current/raft-meta.tmp with options [CREATE, WRITE]: sun.nio.ch.FileChannelImpl@43bcecdb
2024-12-14 12:26:16,180 INFO  logging.LoggingHandler (AbstractInternalLogger.java:log(148)) - [id: 0x356557ed, L:/0.0.0.0:15016] READ COMPLETE
2024-12-14 12:26:16,180 TRACE util.FileUtils (LogUtils.java:runAndLog(49)) - Successfully ran Atomic Files.move /home/runner/work/ratis/ratis/ratis-examples/target/test/data/da5193cb/MiniRaftClusterWithNetty71855ece/s0/8cff9ddc-4abb-47b3-960b-9ce91f930a22/current/raft-meta.tmp to /home/runner/work/ratis/ratis/ratis-examples/target/test/data/da5193cb/MiniRaftClusterWithNetty71855ece/s0/8cff9ddc-4abb-47b3-960b-9ce91f930a22/current/raft-meta with options [REPLACE_EXISTING]
2024-12-14 12:26:16,180 INFO  server.RaftServer$Division (RaftServerImpl.java:setFirstElection(563)) - s0@group-9CE91F930A22: set firstElectionSinceStartup to false for appendEntries
2024-12-14 12:26:16,180 INFO  server.RaftServer$Division (ServerState.java:setLeader(272)) - s0@group-9CE91F930A22: change Leader from null to s11 at term 1 for appendEntries, leader elected after 188ms
2024-12-14 12:26:16,181 TRACE util.FileUtils (LogUtils.java:supplyAndLog(69)) - Successfully supplied FileChannel.open /home/runner/work/ratis/ratis/ratis-examples/target/test/data/da5193cb/MiniRaftClusterWithNetty71855ece/s1/8cff9ddc-4abb-47b3-960b-9ce91f930a22/current/raft-meta.tmp with options [CREATE, WRITE]: sun.nio.ch.FileChannelImpl@6dafc323
2024-12-14 12:26:16,182 INFO  server.RaftServer$Division (ServerState.java:setRaftConf(386)) - s0@group-9CE91F930A22: set configuration conf: {index: 0, cur=peers:[s11|0.0.0.0:15026, s13|0.0.0.0:15028, s12|0.0.0.0:15027]|listeners:[], old=null}
2024-12-14 12:26:16,182 INFO  segmented.SegmentedRaftLogWorker (SegmentedRaftLogWorker.java:startLogSegment(443)) - s0@group-9CE91F930A22-SegmentedRaftLogWorker: Starting segment from index:0
2024-12-14 12:26:16,182 INFO  segmented.BufferedWriteChannel (BufferedWriteChannel.java:open(61)) - open log_inprogress_0 at position 0
2024-12-14 12:26:16,187 TRACE util.FileUtils (LogUtils.java:runAndLog(49)) - Successfully ran Atomic Files.move /home/runner/work/ratis/ratis/ratis-examples/target/test/data/da5193cb/MiniRaftClusterWithNetty71855ece/s1/8cff9ddc-4abb-47b3-960b-9ce91f930a22/current/raft-meta.tmp to /home/runner/work/ratis/ratis/ratis-examples/target/test/data/da5193cb/MiniRaftClusterWithNetty71855ece/s1/8cff9ddc-4abb-47b3-960b-9ce91f930a22/current/raft-meta with options [REPLACE_EXISTING]
2024-12-14 12:26:16,188 INFO  server.RaftServer$Division (RaftServerImpl.java:setFirstElection(563)) - s1@group-9CE91F930A22: set firstElectionSinceStartup to false for appendEntries
2024-12-14 12:26:16,188 INFO  server.RaftServer$Division (ServerState.java:setLeader(272)) - s1@group-9CE91F930A22: change Leader from null to s11 at term 1 for appendEntries, leader elected after 185ms
2024-12-14 12:26:16,189 INFO  server.RaftServer$Division (ServerState.java:setRaftConf(386)) - s1@group-9CE91F930A22: set configuration conf: {index: 0, cur=peers:[s11|0.0.0.0:15026, s13|0.0.0.0:15028, s12|0.0.0.0:15027]|listeners:[], old=null}
2024-12-14 12:26:16,190 INFO  segmented.SegmentedRaftLogWorker (SegmentedRaftLogWorker.java:startLogSegment(443)) - s1@group-9CE91F930A22-SegmentedRaftLogWorker: Starting segment from index:0
2024-12-14 12:26:16,190 INFO  segmented.BufferedWriteChannel (BufferedWriteChannel.java:open(61)) - open log_inprogress_0 at position 0
2024-12-14 12:26:16,195 INFO  segmented.SegmentedRaftLogWorker (SegmentedRaftLogWorker.java:execute(667)) - s0@group-9CE91F930A22-SegmentedRaftLogWorker: created new log segment /home/runner/work/ratis/ratis/ratis-examples/target/test/data/da5193cb/MiniRaftClusterWithNetty71855ece/s0/8cff9ddc-4abb-47b3-960b-9ce91f930a22/current/log_inprogress_0
2024-12-14 12:26:16,199 INFO  segmented.SegmentedRaftLogWorker (SegmentedRaftLogWorker.java:execute(667)) - s1@group-9CE91F930A22-SegmentedRaftLogWorker: created new log segment /home/runner/work/ratis/ratis/ratis-examples/target/test/data/da5193cb/MiniRaftClusterWithNetty71855ece/s1/8cff9ddc-4abb-47b3-960b-9ce91f930a22/current/log_inprogress_0
2024-12-14 12:26:16,199 TRACE util.FileUtils (LogUtils.java:supplyAndLog(69)) - Successfully supplied FileChannel.open /home/runner/work/ratis/ratis/ratis-examples/target/test/data/da5193cb/MiniRaftClusterWithNetty71855ece/s0/8cff9ddc-4abb-47b3-960b-9ce91f930a22/current/raft-meta.conf.tmp with options [CREATE, WRITE]: sun.nio.ch.FileChannelImpl@5f4fa7d7
2024-12-14 12:26:16,201 TRACE util.FileUtils (LogUtils.java:runAndLog(49)) - Successfully ran Atomic Files.move /home/runner/work/ratis/ratis/ratis-examples/target/test/data/da5193cb/MiniRaftClusterWithNetty71855ece/s0/8cff9ddc-4abb-47b3-960b-9ce91f930a22/current/raft-meta.conf.tmp to /home/runner/work/ratis/ratis/ratis-examples/target/test/data/da5193cb/MiniRaftClusterWithNetty71855ece/s0/8cff9ddc-4abb-47b3-960b-9ce91f930a22/current/raft-meta.conf with options [REPLACE_EXISTING]
2024-12-14 12:26:16,201 TRACE util.FileUtils (LogUtils.java:supplyAndLog(69)) - Successfully supplied FileChannel.open /home/runner/work/ratis/ratis/ratis-examples/target/test/data/da5193cb/MiniRaftClusterWithNetty71855ece/s1/8cff9ddc-4abb-47b3-960b-9ce91f930a22/current/raft-meta.conf.tmp with options [CREATE, WRITE]: sun.nio.ch.FileChannelImpl@6845ef71
2024-12-14 12:26:16,201 INFO  server.RaftServer$Division (ServerState.java:setRaftConf(386)) - s11@group-9CE91F930A22: set configuration conf: {index: 121, cur=peers:[s11|0.0.0.0:15026, s13|0.0.0.0:15028, s12|0.0.0.0:15027, s0|0.0.0.0:15015, s1|0.0.0.0:15016]|listeners:[], old=peers:[s11|0.0.0.0:15026, s13|0.0.0.0:15028, s12|0.0.0.0:15027]|listeners:[]}
2024-12-14 12:26:16,203 INFO  server.RaftServer$Division (ServerState.java:setRaftConf(386)) - s13@group-9CE91F930A22: set configuration conf: {index: 121, cur=peers:[s11|0.0.0.0:15026, s13|0.0.0.0:15028, s12|0.0.0.0:15027, s0|0.0.0.0:15015, s1|0.0.0.0:15016]|listeners:[], old=peers:[s11|0.0.0.0:15026, s13|0.0.0.0:15028, s12|0.0.0.0:15027]|listeners:[]}
2024-12-14 12:26:16,203 INFO  server.RaftServer$Division (ServerState.java:setRaftConf(386)) - s12@group-9CE91F930A22: set configuration conf: {index: 121, cur=peers:[s11|0.0.0.0:15026, s13|0.0.0.0:15028, s12|0.0.0.0:15027, s0|0.0.0.0:15015, s1|0.0.0.0:15016]|listeners:[], old=peers:[s11|0.0.0.0:15026, s13|0.0.0.0:15028, s12|0.0.0.0:15027]|listeners:[]}
2024-12-14 12:26:16,204 TRACE util.FileUtils (LogUtils.java:runAndLog(49)) - Successfully ran Atomic Files.move /home/runner/work/ratis/ratis/ratis-examples/target/test/data/da5193cb/MiniRaftClusterWithNetty71855ece/s1/8cff9ddc-4abb-47b3-960b-9ce91f930a22/current/raft-meta.conf.tmp to /home/runner/work/ratis/ratis/ratis-examples/target/test/data/da5193cb/MiniRaftClusterWithNetty71855ece/s1/8cff9ddc-4abb-47b3-960b-9ce91f930a22/current/raft-meta.conf with options [REPLACE_EXISTING]
2024-12-14 12:26:16,204 INFO  impl.RoleInfo (RoleInfo.java:updateAndGet(148)) - s0: start s0@group-9CE91F930A22-FollowerState
2024-12-14 12:26:16,205 INFO  server.RaftServer$Division (ServerState.java:setRaftConf(386)) - s11@group-9CE91F930A22: set configuration conf: {index: 123, cur=peers:[s11|0.0.0.0:15026, s13|0.0.0.0:15028, s12|0.0.0.0:15027, s0|0.0.0.0:15015, s1|0.0.0.0:15016]|listeners:[], old=null}
2024-12-14 12:26:16,205 TRACE util.FileUtils (LogUtils.java:supplyAndLog(69)) - Successfully supplied FileChannel.open /home/runner/work/ratis/ratis/ratis-examples/target/test/data/da5193cb/MiniRaftClusterWithNetty71855ece/s11/8cff9ddc-4abb-47b3-960b-9ce91f930a22/current/raft-meta.conf.tmp with options [CREATE, WRITE]: sun.nio.ch.FileChannelImpl@4f7ac936
2024-12-14 12:26:16,206 INFO  server.RaftServer$Division (ServerState.java:setRaftConf(386)) - s13@group-9CE91F930A22: set configuration conf: {index: 123, cur=peers:[s11|0.0.0.0:15026, s13|0.0.0.0:15028, s12|0.0.0.0:15027, s0|0.0.0.0:15015, s1|0.0.0.0:15016]|listeners:[], old=null}
2024-12-14 12:26:16,206 TRACE util.FileUtils (LogUtils.java:supplyAndLog(69)) - Successfully supplied FileChannel.open /home/runner/work/ratis/ratis/ratis-examples/target/test/data/da5193cb/MiniRaftClusterWithNetty71855ece/s12/8cff9ddc-4abb-47b3-960b-9ce91f930a22/current/raft-meta.conf.tmp with options [CREATE, WRITE]: sun.nio.ch.FileChannelImpl@68ff7e58
2024-12-14 12:26:16,208 INFO  server.RaftServer$Division (ServerState.java:setRaftConf(386)) - s12@group-9CE91F930A22: set configuration conf: {index: 123, cur=peers:[s11|0.0.0.0:15026, s13|0.0.0.0:15028, s12|0.0.0.0:15027, s0|0.0.0.0:15015, s1|0.0.0.0:15016]|listeners:[], old=null}
2024-12-14 12:26:16,208 INFO  server.RaftServer$Division (ServerState.java:setRaftConf(386)) - s0@group-9CE91F930A22: set configuration conf: {index: 121, cur=peers:[s11|0.0.0.0:15026, s13|0.0.0.0:15028, s12|0.0.0.0:15027, s0|0.0.0.0:15015, s1|0.0.0.0:15016]|listeners:[], old=peers:[s11|0.0.0.0:15026, s13|0.0.0.0:15028, s12|0.0.0.0:15027]|listeners:[]}
2024-12-14 12:26:16,208 TRACE util.FileUtils (LogUtils.java:runAndLog(49)) - Successfully ran Atomic Files.move /home/runner/work/ratis/ratis/ratis-examples/target/test/data/da5193cb/MiniRaftClusterWithNetty71855ece/s11/8cff9ddc-4abb-47b3-960b-9ce91f930a22/current/raft-meta.conf.tmp to /home/runner/work/ratis/ratis/ratis-examples/target/test/data/da5193cb/MiniRaftClusterWithNetty71855ece/s11/8cff9ddc-4abb-47b3-960b-9ce91f930a22/current/raft-meta.conf with options [REPLACE_EXISTING]
2024-12-14 12:26:16,208 TRACE util.FileUtils (LogUtils.java:supplyAndLog(69)) - Successfully supplied FileChannel.open /home/runner/work/ratis/ratis/ratis-examples/target/test/data/da5193cb/MiniRaftClusterWithNetty71855ece/s13/8cff9ddc-4abb-47b3-960b-9ce91f930a22/current/raft-meta.conf.tmp with options [CREATE, WRITE]: sun.nio.ch.FileChannelImpl@5210f467
2024-12-14 12:26:16,209 TRACE util.FileUtils (LogUtils.java:runAndLog(49)) - Successfully ran Atomic Files.move /home/runner/work/ratis/ratis/ratis-examples/target/test/data/da5193cb/MiniRaftClusterWithNetty71855ece/s12/8cff9ddc-4abb-47b3-960b-9ce91f930a22/current/raft-meta.conf.tmp to /home/runner/work/ratis/ratis/ratis-examples/target/test/data/da5193cb/MiniRaftClusterWithNetty71855ece/s12/8cff9ddc-4abb-47b3-960b-9ce91f930a22/current/raft-meta.conf with options [REPLACE_EXISTING]
2024-12-14 12:26:16,210 INFO  server.RaftServer$Division (RaftServerImpl.java:setConfigurationAsync(1341)) - s11@group-9CE91F930A22: receive setConfiguration SetConfigurationRequest:client-4514CCB0642F->s11@group-9CE91F930A22, cid=5992, seq=null, RW, null, SET_UNCONDITIONALLY, servers:[s3|0.0.0.0:15018, s11|0.0.0.0:15026, s10|0.0.0.0:15025, s13|0.0.0.0:15028, s12|0.0.0.0:15027, s14|0.0.0.0:15029, s0|0.0.0.0:15015, s1|0.0.0.0:15016, s2|0.0.0.0:15017], listeners:[]
2024-12-14 12:26:16,210 TRACE util.FileUtils (LogUtils.java:supplyAndLog(69)) - Successfully supplied FileChannel.open /home/runner/work/ratis/ratis/ratis-examples/target/test/data/da5193cb/MiniRaftClusterWithNetty71855ece/s11/8cff9ddc-4abb-47b3-960b-9ce91f930a22/current/raft-meta.conf.tmp with options [CREATE, WRITE]: sun.nio.ch.FileChannelImpl@4b454401
2024-12-14 12:26:16,210 INFO  server.RaftServer$Division (LeaderStateImpl.java:startSetConfiguration(486)) - s11@group-9CE91F930A22-LeaderStateImpl: startSetConfiguration SetConfigurationRequest:client-4514CCB0642F->s11@group-9CE91F930A22, cid=5992, seq=null, RW, null, SET_UNCONDITIONALLY, servers:[s3|0.0.0.0:15018, s11|0.0.0.0:15026, s10|0.0.0.0:15025, s13|0.0.0.0:15028, s12|0.0.0.0:15027, s14|0.0.0.0:15029, s0|0.0.0.0:15015, s1|0.0.0.0:15016, s2|0.0.0.0:15017], listeners:[]
2024-12-14 12:26:16,211 INFO  server.RaftServerConfigKeys (ConfUtils.java:logGet(46)) - raft.server.log.appender.snapshot.chunk.size.max = 16MB (=16777216) (default)
2024-12-14 12:26:16,211 INFO  server.RaftServerConfigKeys (ConfUtils.java:logGet(46)) - raft.server.log.appender.buffer.byte-limit = 4MB (=4194304) (default)
2024-12-14 12:26:16,211 INFO  server.RaftServerConfigKeys (ConfUtils.java:logGet(46)) - raft.server.log.appender.buffer.element-limit = 0 (default)
2024-12-14 12:26:16,211 INFO  server.RaftServerConfigKeys (ConfUtils.java:logGet(46)) - raft.server.log.appender.wait-time.min = 1ms (default)
2024-12-14 12:26:16,211 INFO  server.RaftServerConfigKeys (ConfUtils.java:logGet(46)) - raft.server.log.appender.snapshot.chunk.size.max = 16MB (=16777216) (default)
2024-12-14 12:26:16,211 INFO  server.RaftServerConfigKeys (ConfUtils.java:logGet(46)) - raft.server.log.appender.buffer.byte-limit = 4MB (=4194304) (default)
2024-12-14 12:26:16,212 INFO  server.RaftServerConfigKeys (ConfUtils.java:logGet(46)) - raft.server.log.appender.buffer.element-limit = 0 (default)
2024-12-14 12:26:16,212 INFO  server.RaftServerConfigKeys (ConfUtils.java:logGet(46)) - raft.server.log.appender.wait-time.min = 1ms (default)
2024-12-14 12:26:16,212 INFO  impl.RoleInfo (RoleInfo.java:updateAndGet(148)) - s1: start s1@group-9CE91F930A22-FollowerState
2024-12-14 12:26:16,212 INFO  server.RaftServer$Division (ServerState.java:setRaftConf(386)) - s1@group-9CE91F930A22: set configuration conf: {index: 121, cur=peers:[s11|0.0.0.0:15026, s13|0.0.0.0:15028, s12|0.0.0.0:15027, s0|0.0.0.0:15015, s1|0.0.0.0:15016]|listeners:[], old=peers:[s11|0.0.0.0:15026, s13|0.0.0.0:15028, s12|0.0.0.0:15027]|listeners:[]}
2024-12-14 12:26:16,213 TRACE util.FileUtils (LogUtils.java:runAndLog(49)) - Successfully ran Atomic Files.move /home/runner/work/ratis/ratis/ratis-examples/target/test/data/da5193cb/MiniRaftClusterWithNetty71855ece/s11/8cff9ddc-4abb-47b3-960b-9ce91f930a22/current/raft-meta.conf.tmp to /home/runner/work/ratis/ratis/ratis-examples/target/test/data/da5193cb/MiniRaftClusterWithNetty71855ece/s11/8cff9ddc-4abb-47b3-960b-9ce91f930a22/current/raft-meta.conf with options [REPLACE_EXISTING]
2024-12-14 12:26:16,211 TRACE util.FileUtils (LogUtils.java:supplyAndLog(69)) - Successfully supplied FileChannel.open /home/runner/work/ratis/ratis/ratis-examples/target/test/data/da5193cb/MiniRaftClusterWithNetty71855ece/s12/8cff9ddc-4abb-47b3-960b-9ce91f930a22/current/raft-meta.conf.tmp with options [CREATE, WRITE]: sun.nio.ch.FileChannelImpl@6cc0f79f
2024-12-14 12:26:16,212 INFO  server.RaftServer$Division (ServerState.java:setRaftConf(386)) - s0@group-9CE91F930A22: set configuration conf: {index: 123, cur=peers:[s11|0.0.0.0:15026, s13|0.0.0.0:15028, s12|0.0.0.0:15027, s0|0.0.0.0:15015, s1|0.0.0.0:15016]|listeners:[], old=null}
2024-12-14 12:26:16,212 INFO  server.RaftServerConfigKeys (ConfUtils.java:logGet(46)) - raft.server.log.appender.snapshot.chunk.size.max = 16MB (=16777216) (default)
2024-12-14 12:26:16,212 TRACE util.FileUtils (LogUtils.java:runAndLog(49)) - Successfully ran Atomic Files.move /home/runner/work/ratis/ratis/ratis-examples/target/test/data/da5193cb/MiniRaftClusterWithNetty71855ece/s13/8cff9ddc-4abb-47b3-960b-9ce91f930a22/current/raft-meta.conf.tmp to /home/runner/work/ratis/ratis/ratis-examples/target/test/data/da5193cb/MiniRaftClusterWithNetty71855ece/s13/8cff9ddc-4abb-47b3-960b-9ce91f930a22/current/raft-meta.conf with options [REPLACE_EXISTING]
2024-12-14 12:26:16,213 INFO  server.RaftServerConfigKeys (ConfUtils.java:logGet(46)) - raft.server.log.appender.buffer.byte-limit = 4MB (=4194304) (default)
2024-12-14 12:26:16,213 INFO  server.RaftServerConfigKeys (ConfUtils.java:logGet(46)) - raft.server.log.appender.buffer.element-limit = 0 (default)
2024-12-14 12:26:16,213 INFO  server.RaftServerConfigKeys (ConfUtils.java:logGet(46)) - raft.server.log.appender.wait-time.min = 1ms (default)
2024-12-14 12:26:16,213 TRACE util.FileUtils (LogUtils.java:supplyAndLog(69)) - Successfully supplied FileChannel.open /home/runner/work/ratis/ratis/ratis-examples/target/test/data/da5193cb/MiniRaftClusterWithNetty71855ece/s13/8cff9ddc-4abb-47b3-960b-9ce91f930a22/current/raft-meta.conf.tmp with options [CREATE, WRITE]: sun.nio.ch.FileChannelImpl@562f6afd
2024-12-14 12:26:16,214 INFO  server.RaftServerConfigKeys (ConfUtils.java:logGet(46)) - raft.server.log.appender.snapshot.chunk.size.max = 16MB (=16777216) (default)
2024-12-14 12:26:16,214 INFO  server.RaftServerConfigKeys (ConfUtils.java:logGet(46)) - raft.server.log.appender.buffer.byte-limit = 4MB (=4194304) (default)
2024-12-14 12:26:16,214 INFO  server.RaftServerConfigKeys (ConfUtils.java:logGet(46)) - raft.server.log.appender.buffer.element-limit = 0 (default)
2024-12-14 12:26:16,214 INFO  server.RaftServerConfigKeys (ConfUtils.java:logGet(46)) - raft.server.log.appender.wait-time.min = 1ms (default)
2024-12-14 12:26:16,214 TRACE util.FileUtils (LogUtils.java:supplyAndLog(69)) - Successfully supplied FileChannel.open /home/runner/work/ratis/ratis/ratis-examples/target/test/data/da5193cb/MiniRaftClusterWithNetty71855ece/s0/8cff9ddc-4abb-47b3-960b-9ce91f930a22/current/raft-meta.conf.tmp with options [CREATE, WRITE]: sun.nio.ch.FileChannelImpl@5188424e
2024-12-14 12:26:16,215 INFO  leader.FollowerInfo (FollowerInfoImpl.java:setAttemptedToInstallSnapshot(154)) - Follower s11@group-9CE91F930A22->s3 acknowledged installing snapshot
2024-12-14 12:26:16,215 INFO  server.RaftServer$Division (ServerState.java:setRaftConf(386)) - s1@group-9CE91F930A22: set configuration conf: {index: 123, cur=peers:[s11|0.0.0.0:15026, s13|0.0.0.0:15028, s12|0.0.0.0:15027, s0|0.0.0.0:15015, s1|0.0.0.0:15016]|listeners:[], old=null}
2024-12-14 12:26:16,215 TRACE util.FileUtils (LogUtils.java:runAndLog(49)) - Successfully ran Atomic Files.move /home/runner/work/ratis/ratis/ratis-examples/target/test/data/da5193cb/MiniRaftClusterWithNetty71855ece/s13/8cff9ddc-4abb-47b3-960b-9ce91f930a22/current/raft-meta.conf.tmp to /home/runner/work/ratis/ratis/ratis-examples/target/test/data/da5193cb/MiniRaftClusterWithNetty71855ece/s13/8cff9ddc-4abb-47b3-960b-9ce91f930a22/current/raft-meta.conf with options [REPLACE_EXISTING]
2024-12-14 12:26:16,216 INFO  leader.FollowerInfo (FollowerInfoImpl.java:setAttemptedToInstallSnapshot(154)) - Follower s11@group-9CE91F930A22->s10 acknowledged installing snapshot
2024-12-14 12:26:16,216 INFO  leader.FollowerInfo (FollowerInfoImpl.java:setAttemptedToInstallSnapshot(154)) - Follower s11@group-9CE91F930A22->s14 acknowledged installing snapshot
2024-12-14 12:26:16,216 TRACE util.FileUtils (LogUtils.java:supplyAndLog(69)) - Successfully supplied FileChannel.open /home/runner/work/ratis/ratis/ratis-examples/target/test/data/da5193cb/MiniRaftClusterWithNetty71855ece/s1/8cff9ddc-4abb-47b3-960b-9ce91f930a22/current/raft-meta.conf.tmp with options [CREATE, WRITE]: sun.nio.ch.FileChannelImpl@66821c09
2024-12-14 12:26:16,217 INFO  logging.LoggingHandler (AbstractInternalLogger.java:log(148)) - [id: 0xdb003562, L:/0.0.0.0:15018] READ: [id: 0x0ced4bce, L:/127.0.0.1:15018 - R:/127.0.0.1:48036]
2024-12-14 12:26:16,217 INFO  logging.LoggingHandler (AbstractInternalLogger.java:log(148)) - [id: 0xa7c32d8d, L:/0.0.0.0:15029] READ: [id: 0x60451015, L:/127.0.0.1:15029 - R:/127.0.0.1:52176]
2024-12-14 12:26:16,218 INFO  logging.LoggingHandler (AbstractInternalLogger.java:log(148)) - [id: 0xa7c32d8d, L:/0.0.0.0:15029] READ COMPLETE
2024-12-14 12:26:16,218 INFO  leader.FollowerInfo (FollowerInfoImpl.java:setAttemptedToInstallSnapshot(154)) - Follower s11@group-9CE91F930A22->s2 acknowledged installing snapshot
2024-12-14 12:26:16,218 TRACE util.FileUtils (LogUtils.java:supplyAndLog(69)) - Successfully supplied FileChannel.open /home/runner/work/ratis/ratis/ratis-examples/target/test/data/da5193cb/MiniRaftClusterWithNetty71855ece/s14/8cff9ddc-4abb-47b3-960b-9ce91f930a22/current/raft-meta.tmp with options [CREATE, WRITE]: sun.nio.ch.FileChannelImpl@1c0bea5c
2024-12-14 12:26:16,218 INFO  logging.LoggingHandler (AbstractInternalLogger.java:log(148)) - [id: 0xeff72721, L:/0.0.0.0:15025] READ: [id: 0x6f72e229, L:/127.0.0.1:15025 - R:/127.0.0.1:44840]
2024-12-14 12:26:16,218 INFO  logging.LoggingHandler (AbstractInternalLogger.java:log(148)) - [id: 0xdb003562, L:/0.0.0.0:15018] READ COMPLETE
2024-12-14 12:26:16,219 TRACE util.FileUtils (LogUtils.java:runAndLog(49)) - Successfully ran Atomic Files.move /home/runner/work/ratis/ratis/ratis-examples/target/test/data/da5193cb/MiniRaftClusterWithNetty71855ece/s12/8cff9ddc-4abb-47b3-960b-9ce91f930a22/current/raft-meta.conf.tmp to /home/runner/work/ratis/ratis/ratis-examples/target/test/data/da5193cb/MiniRaftClusterWithNetty71855ece/s12/8cff9ddc-4abb-47b3-960b-9ce91f930a22/current/raft-meta.conf with options [REPLACE_EXISTING]
2024-12-14 12:26:16,219 TRACE util.FileUtils (LogUtils.java:runAndLog(49)) - Successfully ran Atomic Files.move /home/runner/work/ratis/ratis/ratis-examples/target/test/data/da5193cb/MiniRaftClusterWithNetty71855ece/s0/8cff9ddc-4abb-47b3-960b-9ce91f930a22/current/raft-meta.conf.tmp to /home/runner/work/ratis/ratis/ratis-examples/target/test/data/da5193cb/MiniRaftClusterWithNetty71855ece/s0/8cff9ddc-4abb-47b3-960b-9ce91f930a22/current/raft-meta.conf with options [REPLACE_EXISTING]
2024-12-14 12:26:16,219 TRACE util.FileUtils (LogUtils.java:supplyAndLog(69)) - Successfully supplied FileChannel.open /home/runner/work/ratis/ratis/ratis-examples/target/test/data/da5193cb/MiniRaftClusterWithNetty71855ece/s0/8cff9ddc-4abb-47b3-960b-9ce91f930a22/current/raft-meta.conf.tmp with options [CREATE, WRITE]: sun.nio.ch.FileChannelImpl@55b7cca7
2024-12-14 12:26:16,220 TRACE util.FileUtils (LogUtils.java:supplyAndLog(69)) - Successfully supplied FileChannel.open /home/runner/work/ratis/ratis/ratis-examples/target/test/data/da5193cb/MiniRaftClusterWithNetty71855ece/s3/8cff9ddc-4abb-47b3-960b-9ce91f930a22/current/raft-meta.tmp with options [CREATE, WRITE]: sun.nio.ch.FileChannelImpl@56b2eb6c
2024-12-14 12:26:16,219 INFO  logging.LoggingHandler (AbstractInternalLogger.java:log(148)) - [id: 0xeff72721, L:/0.0.0.0:15025] READ COMPLETE
2024-12-14 12:26:16,219 TRACE util.FileUtils (LogUtils.java:runAndLog(49)) - Successfully ran Atomic Files.move /home/runner/work/ratis/ratis/ratis-examples/target/test/data/da5193cb/MiniRaftClusterWithNetty71855ece/s1/8cff9ddc-4abb-47b3-960b-9ce91f930a22/current/raft-meta.conf.tmp to /home/runner/work/ratis/ratis/ratis-examples/target/test/data/da5193cb/MiniRaftClusterWithNetty71855ece/s1/8cff9ddc-4abb-47b3-960b-9ce91f930a22/current/raft-meta.conf with options [REPLACE_EXISTING]
2024-12-14 12:26:16,220 TRACE util.FileUtils (LogUtils.java:supplyAndLog(69)) - Successfully supplied FileChannel.open /home/runner/work/ratis/ratis/ratis-examples/target/test/data/da5193cb/MiniRaftClusterWithNetty71855ece/s10/8cff9ddc-4abb-47b3-960b-9ce91f930a22/current/raft-meta.tmp with options [CREATE, WRITE]: sun.nio.ch.FileChannelImpl@920106a
2024-12-14 12:26:16,220 INFO  logging.LoggingHandler (AbstractInternalLogger.java:log(148)) - [id: 0x959ca32c, L:/0.0.0.0:15017] READ: [id: 0x9e6ec2fd, L:/127.0.0.1:15017 - R:/127.0.0.1:39094]
2024-12-14 12:26:16,220 TRACE util.FileUtils (LogUtils.java:supplyAndLog(69)) - Successfully supplied FileChannel.open /home/runner/work/ratis/ratis/ratis-examples/target/test/data/da5193cb/MiniRaftClusterWithNetty71855ece/s1/8cff9ddc-4abb-47b3-960b-9ce91f930a22/current/raft-meta.conf.tmp with options [CREATE, WRITE]: sun.nio.ch.FileChannelImpl@62bd8401
2024-12-14 12:26:16,221 TRACE util.FileUtils (LogUtils.java:runAndLog(49)) - Successfully ran Atomic Files.move /home/runner/work/ratis/ratis/ratis-examples/target/test/data/da5193cb/MiniRaftClusterWithNetty71855ece/s10/8cff9ddc-4abb-47b3-960b-9ce91f930a22/current/raft-meta.tmp to /home/runner/work/ratis/ratis/ratis-examples/target/test/data/da5193cb/MiniRaftClusterWithNetty71855ece/s10/8cff9ddc-4abb-47b3-960b-9ce91f930a22/current/raft-meta with options [REPLACE_EXISTING]
2024-12-14 12:26:16,221 INFO  server.RaftServer$Division (RaftServerImpl.java:setFirstElection(563)) - s10@group-9CE91F930A22: set firstElectionSinceStartup to false for appendEntries
2024-12-14 12:26:16,221 INFO  server.RaftServer$Division (ServerState.java:setLeader(272)) - s10@group-9CE91F930A22: change Leader from null to s11 at term 1 for appendEntries, leader elected after 238ms
2024-12-14 12:26:16,222 TRACE util.FileUtils (LogUtils.java:runAndLog(49)) - Successfully ran Atomic Files.move /home/runner/work/ratis/ratis/ratis-examples/target/test/data/da5193cb/MiniRaftClusterWithNetty71855ece/s3/8cff9ddc-4abb-47b3-960b-9ce91f930a22/current/raft-meta.tmp to /home/runner/work/ratis/ratis/ratis-examples/target/test/data/da5193cb/MiniRaftClusterWithNetty71855ece/s3/8cff9ddc-4abb-47b3-960b-9ce91f930a22/current/raft-meta with options [REPLACE_EXISTING]
2024-12-14 12:26:16,222 INFO  server.RaftServer$Division (RaftServerImpl.java:setFirstElection(563)) - s3@group-9CE91F930A22: set firstElectionSinceStartup to false for appendEntries
2024-12-14 12:26:16,222 INFO  server.RaftServer$Division (ServerState.java:setLeader(272)) - s3@group-9CE91F930A22: change Leader from null to s11 at term 1 for appendEntries, leader elected after 205ms
2024-12-14 12:26:16,222 TRACE util.FileUtils (LogUtils.java:runAndLog(49)) - Successfully ran Atomic Files.move /home/runner/work/ratis/ratis/ratis-examples/target/test/data/da5193cb/MiniRaftClusterWithNetty71855ece/s14/8cff9ddc-4abb-47b3-960b-9ce91f930a22/current/raft-meta.tmp to /home/runner/work/ratis/ratis/ratis-examples/target/test/data/da5193cb/MiniRaftClusterWithNetty71855ece/s14/8cff9ddc-4abb-47b3-960b-9ce91f930a22/current/raft-meta with options [REPLACE_EXISTING]
2024-12-14 12:26:16,222 INFO  server.RaftServer$Division (RaftServerImpl.java:setFirstElection(563)) - s14@group-9CE91F930A22: set firstElectionSinceStartup to false for appendEntries
2024-12-14 12:26:16,223 INFO  server.RaftServer$Division (ServerState.java:setLeader(272)) - s14@group-9CE91F930A22: change Leader from null to s11 at term 1 for appendEntries, leader elected after 183ms
2024-12-14 12:26:16,222 TRACE util.FileUtils (LogUtils.java:runAndLog(49)) - Successfully ran Atomic Files.move /home/runner/work/ratis/ratis/ratis-examples/target/test/data/da5193cb/MiniRaftClusterWithNetty71855ece/s1/8cff9ddc-4abb-47b3-960b-9ce91f930a22/current/raft-meta.conf.tmp to /home/runner/work/ratis/ratis/ratis-examples/target/test/data/da5193cb/MiniRaftClusterWithNetty71855ece/s1/8cff9ddc-4abb-47b3-960b-9ce91f930a22/current/raft-meta.conf with options [REPLACE_EXISTING]
2024-12-14 12:26:16,222 TRACE util.FileUtils (LogUtils.java:runAndLog(49)) - Successfully ran Atomic Files.move /home/runner/work/ratis/ratis/ratis-examples/target/test/data/da5193cb/MiniRaftClusterWithNetty71855ece/s0/8cff9ddc-4abb-47b3-960b-9ce91f930a22/current/raft-meta.conf.tmp to /home/runner/work/ratis/ratis/ratis-examples/target/test/data/da5193cb/MiniRaftClusterWithNetty71855ece/s0/8cff9ddc-4abb-47b3-960b-9ce91f930a22/current/raft-meta.conf with options [REPLACE_EXISTING]
2024-12-14 12:26:16,225 INFO  logging.LoggingHandler (AbstractInternalLogger.java:log(148)) - [id: 0x959ca32c, L:/0.0.0.0:15017] READ COMPLETE
2024-12-14 12:26:16,225 TRACE util.FileUtils (LogUtils.java:supplyAndLog(69)) - Successfully supplied FileChannel.open /home/runner/work/ratis/ratis/ratis-examples/target/test/data/da5193cb/MiniRaftClusterWithNetty71855ece/s2/8cff9ddc-4abb-47b3-960b-9ce91f930a22/current/raft-meta.tmp with options [CREATE, WRITE]: sun.nio.ch.FileChannelImpl@49ddbbae
2024-12-14 12:26:16,226 TRACE util.FileUtils (LogUtils.java:runAndLog(49)) - Successfully ran Atomic Files.move /home/runner/work/ratis/ratis/ratis-examples/target/test/data/da5193cb/MiniRaftClusterWithNetty71855ece/s2/8cff9ddc-4abb-47b3-960b-9ce91f930a22/current/raft-meta.tmp to /home/runner/work/ratis/ratis/ratis-examples/target/test/data/da5193cb/MiniRaftClusterWithNetty71855ece/s2/8cff9ddc-4abb-47b3-960b-9ce91f930a22/current/raft-meta with options [REPLACE_EXISTING]
2024-12-14 12:26:16,226 INFO  server.RaftServer$Division (RaftServerImpl.java:setFirstElection(563)) - s2@group-9CE91F930A22: set firstElectionSinceStartup to false for appendEntries
2024-12-14 12:26:16,226 INFO  server.RaftServer$Division (ServerState.java:setLeader(272)) - s2@group-9CE91F930A22: change Leader from null to s11 at term 1 for appendEntries, leader elected after 165ms
2024-12-14 12:26:16,230 INFO  server.RaftServer$Division (ServerState.java:setRaftConf(386)) - s14@group-9CE91F930A22: set configuration conf: {index: 0, cur=peers:[s11|0.0.0.0:15026, s13|0.0.0.0:15028, s12|0.0.0.0:15027]|listeners:[], old=null}
2024-12-14 12:26:16,230 INFO  server.RaftServer$Division (ServerState.java:setRaftConf(386)) - s14@group-9CE91F930A22: set configuration conf: {index: 121, cur=peers:[s11|0.0.0.0:15026, s13|0.0.0.0:15028, s12|0.0.0.0:15027, s0|0.0.0.0:15015, s1|0.0.0.0:15016]|listeners:[], old=peers:[s11|0.0.0.0:15026, s13|0.0.0.0:15028, s12|0.0.0.0:15027]|listeners:[]}
2024-12-14 12:26:16,230 INFO  server.RaftServer$Division (ServerState.java:setRaftConf(386)) - s14@group-9CE91F930A22: set configuration conf: {index: 123, cur=peers:[s11|0.0.0.0:15026, s13|0.0.0.0:15028, s12|0.0.0.0:15027, s0|0.0.0.0:15015, s1|0.0.0.0:15016]|listeners:[], old=null}
2024-12-14 12:26:16,231 INFO  segmented.SegmentedRaftLogWorker (SegmentedRaftLogWorker.java:startLogSegment(443)) - s14@group-9CE91F930A22-SegmentedRaftLogWorker: Starting segment from index:0
2024-12-14 12:26:16,233 INFO  segmented.BufferedWriteChannel (BufferedWriteChannel.java:open(61)) - open log_inprogress_0 at position 0
2024-12-14 12:26:16,234 INFO  server.RaftServer$Division (ServerState.java:setRaftConf(386)) - s10@group-9CE91F930A22: set configuration conf: {index: 0, cur=peers:[s11|0.0.0.0:15026, s13|0.0.0.0:15028, s12|0.0.0.0:15027]|listeners:[], old=null}
2024-12-14 12:26:16,235 INFO  server.RaftServer$Division (ServerState.java:setRaftConf(386)) - s10@group-9CE91F930A22: set configuration conf: {index: 121, cur=peers:[s11|0.0.0.0:15026, s13|0.0.0.0:15028, s12|0.0.0.0:15027, s0|0.0.0.0:15015, s1|0.0.0.0:15016]|listeners:[], old=peers:[s11|0.0.0.0:15026, s13|0.0.0.0:15028, s12|0.0.0.0:15027]|listeners:[]}
2024-12-14 12:26:16,235 INFO  server.RaftServer$Division (ServerState.java:setRaftConf(386)) - s10@group-9CE91F930A22: set configuration conf: {index: 123, cur=peers:[s11|0.0.0.0:15026, s13|0.0.0.0:15028, s12|0.0.0.0:15027, s0|0.0.0.0:15015, s1|0.0.0.0:15016]|listeners:[], old=null}
2024-12-14 12:26:16,235 INFO  segmented.SegmentedRaftLogWorker (SegmentedRaftLogWorker.java:startLogSegment(443)) - s10@group-9CE91F930A22-SegmentedRaftLogWorker: Starting segment from index:0
2024-12-14 12:26:16,236 INFO  server.RaftServer$Division (ServerState.java:setRaftConf(386)) - s3@group-9CE91F930A22: set configuration conf: {index: 0, cur=peers:[s11|0.0.0.0:15026, s13|0.0.0.0:15028, s12|0.0.0.0:15027]|listeners:[], old=null}
2024-12-14 12:26:16,236 INFO  server.RaftServer$Division (ServerState.java:setRaftConf(386)) - s3@group-9CE91F930A22: set configuration conf: {index: 121, cur=peers:[s11|0.0.0.0:15026, s13|0.0.0.0:15028, s12|0.0.0.0:15027, s0|0.0.0.0:15015, s1|0.0.0.0:15016]|listeners:[], old=peers:[s11|0.0.0.0:15026, s13|0.0.0.0:15028, s12|0.0.0.0:15027]|listeners:[]}
2024-12-14 12:26:16,236 INFO  server.RaftServer$Division (ServerState.java:setRaftConf(386)) - s3@group-9CE91F930A22: set configuration conf: {index: 123, cur=peers:[s11|0.0.0.0:15026, s13|0.0.0.0:15028, s12|0.0.0.0:15027, s0|0.0.0.0:15015, s1|0.0.0.0:15016]|listeners:[], old=null}
2024-12-14 12:26:16,236 INFO  segmented.SegmentedRaftLogWorker (SegmentedRaftLogWorker.java:startLogSegment(443)) - s3@group-9CE91F930A22-SegmentedRaftLogWorker: Starting segment from index:0
2024-12-14 12:26:16,234 INFO  server.RaftServer$Division (ServerState.java:setRaftConf(386)) - s2@group-9CE91F930A22: set configuration conf: {index: 0, cur=peers:[s11|0.0.0.0:15026, s13|0.0.0.0:15028, s12|0.0.0.0:15027]|listeners:[], old=null}
2024-12-14 12:26:16,236 INFO  server.RaftServer$Division (ServerState.java:setRaftConf(386)) - s2@group-9CE91F930A22: set configuration conf: {index: 121, cur=peers:[s11|0.0.0.0:15026, s13|0.0.0.0:15028, s12|0.0.0.0:15027, s0|0.0.0.0:15015, s1|0.0.0.0:15016]|listeners:[], old=peers:[s11|0.0.0.0:15026, s13|0.0.0.0:15028, s12|0.0.0.0:15027]|listeners:[]}
2024-12-14 12:26:16,236 INFO  server.RaftServer$Division (ServerState.java:setRaftConf(386)) - s2@group-9CE91F930A22: set configuration conf: {index: 123, cur=peers:[s11|0.0.0.0:15026, s13|0.0.0.0:15028, s12|0.0.0.0:15027, s0|0.0.0.0:15015, s1|0.0.0.0:15016]|listeners:[], old=null}
2024-12-14 12:26:16,236 INFO  segmented.SegmentedRaftLogWorker (SegmentedRaftLogWorker.java:startLogSegment(443)) - s2@group-9CE91F930A22-SegmentedRaftLogWorker: Starting segment from index:0
2024-12-14 12:26:16,237 INFO  segmented.BufferedWriteChannel (BufferedWriteChannel.java:open(61)) - open log_inprogress_0 at position 0
2024-12-14 12:26:16,236 INFO  segmented.BufferedWriteChannel (BufferedWriteChannel.java:open(61)) - open log_inprogress_0 at position 0
2024-12-14 12:26:16,236 INFO  segmented.BufferedWriteChannel (BufferedWriteChannel.java:open(61)) - open log_inprogress_0 at position 0
2024-12-14 12:26:16,257 INFO  segmented.SegmentedRaftLogWorker (SegmentedRaftLogWorker.java:execute(667)) - s2@group-9CE91F930A22-SegmentedRaftLogWorker: created new log segment /home/runner/work/ratis/ratis/ratis-examples/target/test/data/da5193cb/MiniRaftClusterWithNetty71855ece/s2/8cff9ddc-4abb-47b3-960b-9ce91f930a22/current/log_inprogress_0
2024-12-14 12:26:16,258 INFO  segmented.SegmentedRaftLogWorker (SegmentedRaftLogWorker.java:execute(667)) - s3@group-9CE91F930A22-SegmentedRaftLogWorker: created new log segment /home/runner/work/ratis/ratis/ratis-examples/target/test/data/da5193cb/MiniRaftClusterWithNetty71855ece/s3/8cff9ddc-4abb-47b3-960b-9ce91f930a22/current/log_inprogress_0
2024-12-14 12:26:16,260 INFO  segmented.SegmentedRaftLogWorker (SegmentedRaftLogWorker.java:execute(667)) - s14@group-9CE91F930A22-SegmentedRaftLogWorker: created new log segment /home/runner/work/ratis/ratis/ratis-examples/target/test/data/da5193cb/MiniRaftClusterWithNetty71855ece/s14/8cff9ddc-4abb-47b3-960b-9ce91f930a22/current/log_inprogress_0
2024-12-14 12:26:16,260 TRACE util.FileUtils (LogUtils.java:supplyAndLog(69)) - Successfully supplied FileChannel.open /home/runner/work/ratis/ratis/ratis-examples/target/test/data/da5193cb/MiniRaftClusterWithNetty71855ece/s2/8cff9ddc-4abb-47b3-960b-9ce91f930a22/current/raft-meta.conf.tmp with options [CREATE, WRITE]: sun.nio.ch.FileChannelImpl@4c260542
2024-12-14 12:26:16,260 INFO  segmented.SegmentedRaftLogWorker (SegmentedRaftLogWorker.java:execute(667)) - s10@group-9CE91F930A22-SegmentedRaftLogWorker: created new log segment /home/runner/work/ratis/ratis/ratis-examples/target/test/data/da5193cb/MiniRaftClusterWithNetty71855ece/s10/8cff9ddc-4abb-47b3-960b-9ce91f930a22/current/log_inprogress_0
2024-12-14 12:26:16,260 INFO  server.RaftServer$Division (ServerState.java:setRaftConf(386)) - s11@group-9CE91F930A22: set configuration conf: {index: 125, cur=peers:[s3|0.0.0.0:15018, s11|0.0.0.0:15026, s10|0.0.0.0:15025, s13|0.0.0.0:15028, s12|0.0.0.0:15027, s14|0.0.0.0:15029, s0|0.0.0.0:15015, s1|0.0.0.0:15016, s2|0.0.0.0:15017]|listeners:[], old=peers:[s11|0.0.0.0:15026, s13|0.0.0.0:15028, s12|0.0.0.0:15027, s0|0.0.0.0:15015, s1|0.0.0.0:15016]|listeners:[]}
2024-12-14 12:26:16,261 TRACE util.FileUtils (LogUtils.java:runAndLog(49)) - Successfully ran Atomic Files.move /home/runner/work/ratis/ratis/ratis-examples/target/test/data/da5193cb/MiniRaftClusterWithNetty71855ece/s2/8cff9ddc-4abb-47b3-960b-9ce91f930a22/current/raft-meta.conf.tmp to /home/runner/work/ratis/ratis/ratis-examples/target/test/data/da5193cb/MiniRaftClusterWithNetty71855ece/s2/8cff9ddc-4abb-47b3-960b-9ce91f930a22/current/raft-meta.conf with options [REPLACE_EXISTING]
2024-12-14 12:26:16,261 TRACE util.FileUtils (LogUtils.java:supplyAndLog(69)) - Successfully supplied FileChannel.open /home/runner/work/ratis/ratis/ratis-examples/target/test/data/da5193cb/MiniRaftClusterWithNetty71855ece/s3/8cff9ddc-4abb-47b3-960b-9ce91f930a22/current/raft-meta.conf.tmp with options [CREATE, WRITE]: sun.nio.ch.FileChannelImpl@63ebcf7d
2024-12-14 12:26:16,262 INFO  server.RaftServer$Division (ServerState.java:setRaftConf(386)) - s13@group-9CE91F930A22: set configuration conf: {index: 125, cur=peers:[s3|0.0.0.0:15018, s11|0.0.0.0:15026, s10|0.0.0.0:15025, s13|0.0.0.0:15028, s12|0.0.0.0:15027, s14|0.0.0.0:15029, s0|0.0.0.0:15015, s1|0.0.0.0:15016, s2|0.0.0.0:15017]|listeners:[], old=peers:[s11|0.0.0.0:15026, s13|0.0.0.0:15028, s12|0.0.0.0:15027, s0|0.0.0.0:15015, s1|0.0.0.0:15016]|listeners:[]}
2024-12-14 12:26:16,262 TRACE util.FileUtils (LogUtils.java:runAndLog(49)) - Successfully ran Atomic Files.move /home/runner/work/ratis/ratis/ratis-examples/target/test/data/da5193cb/MiniRaftClusterWithNetty71855ece/s3/8cff9ddc-4abb-47b3-960b-9ce91f930a22/current/raft-meta.conf.tmp to /home/runner/work/ratis/ratis/ratis-examples/target/test/data/da5193cb/MiniRaftClusterWithNetty71855ece/s3/8cff9ddc-4abb-47b3-960b-9ce91f930a22/current/raft-meta.conf with options [REPLACE_EXISTING]
2024-12-14 12:26:16,266 INFO  server.RaftServer$Division (ServerState.java:setRaftConf(386)) - s1@group-9CE91F930A22: set configuration conf: {index: 125, cur=peers:[s3|0.0.0.0:15018, s11|0.0.0.0:15026, s10|0.0.0.0:15025, s13|0.0.0.0:15028, s12|0.0.0.0:15027, s14|0.0.0.0:15029, s0|0.0.0.0:15015, s1|0.0.0.0:15016, s2|0.0.0.0:15017]|listeners:[], old=peers:[s11|0.0.0.0:15026, s13|0.0.0.0:15028, s12|0.0.0.0:15027, s0|0.0.0.0:15015, s1|0.0.0.0:15016]|listeners:[]}
2024-12-14 12:26:16,266 INFO  impl.RoleInfo (RoleInfo.java:updateAndGet(148)) - s2: start s2@group-9CE91F930A22-FollowerState
2024-12-14 12:26:16,266 INFO  server.RaftServer$Division (ServerState.java:setRaftConf(386)) - s3@group-9CE91F930A22: set configuration conf: {index: 125, cur=peers:[s3|0.0.0.0:15018, s11|0.0.0.0:15026, s10|0.0.0.0:15025, s13|0.0.0.0:15028, s12|0.0.0.0:15027, s14|0.0.0.0:15029, s0|0.0.0.0:15015, s1|0.0.0.0:15016, s2|0.0.0.0:15017]|listeners:[], old=peers:[s11|0.0.0.0:15026, s13|0.0.0.0:15028, s12|0.0.0.0:15027, s0|0.0.0.0:15015, s1|0.0.0.0:15016]|listeners:[]}
2024-12-14 12:26:16,266 INFO  server.RaftServer$Division (ServerState.java:setRaftConf(386)) - s12@group-9CE91F930A22: set configuration conf: {index: 125, cur=peers:[s3|0.0.0.0:15018, s11|0.0.0.0:15026, s10|0.0.0.0:15025, s13|0.0.0.0:15028, s12|0.0.0.0:15027, s14|0.0.0.0:15029, s0|0.0.0.0:15015, s1|0.0.0.0:15016, s2|0.0.0.0:15017]|listeners:[], old=peers:[s11|0.0.0.0:15026, s13|0.0.0.0:15028, s12|0.0.0.0:15027, s0|0.0.0.0:15015, s1|0.0.0.0:15016]|listeners:[]}
2024-12-14 12:26:16,266 INFO  server.RaftServer$Division (ServerState.java:setRaftConf(386)) - s0@group-9CE91F930A22: set configuration conf: {index: 125, cur=peers:[s3|0.0.0.0:15018, s11|0.0.0.0:15026, s10|0.0.0.0:15025, s13|0.0.0.0:15028, s12|0.0.0.0:15027, s14|0.0.0.0:15029, s0|0.0.0.0:15015, s1|0.0.0.0:15016, s2|0.0.0.0:15017]|listeners:[], old=peers:[s11|0.0.0.0:15026, s13|0.0.0.0:15028, s12|0.0.0.0:15027, s0|0.0.0.0:15015, s1|0.0.0.0:15016]|listeners:[]}
2024-12-14 12:26:16,266 TRACE util.FileUtils (LogUtils.java:supplyAndLog(69)) - Successfully supplied FileChannel.open /home/runner/work/ratis/ratis/ratis-examples/target/test/data/da5193cb/MiniRaftClusterWithNetty71855ece/s2/8cff9ddc-4abb-47b3-960b-9ce91f930a22/current/raft-meta.conf.tmp with options [CREATE, WRITE]: sun.nio.ch.FileChannelImpl@42e1f2b6
2024-12-14 12:26:16,267 INFO  server.RaftServer$Division (ServerState.java:setRaftConf(386)) - s2@group-9CE91F930A22: set configuration conf: {index: 125, cur=peers:[s3|0.0.0.0:15018, s11|0.0.0.0:15026, s10|0.0.0.0:15025, s13|0.0.0.0:15028, s12|0.0.0.0:15027, s14|0.0.0.0:15029, s0|0.0.0.0:15015, s1|0.0.0.0:15016, s2|0.0.0.0:15017]|listeners:[], old=peers:[s11|0.0.0.0:15026, s13|0.0.0.0:15028, s12|0.0.0.0:15027, s0|0.0.0.0:15015, s1|0.0.0.0:15016]|listeners:[]}
2024-12-14 12:26:16,267 INFO  impl.RoleInfo (RoleInfo.java:updateAndGet(148)) - s14: start s14@group-9CE91F930A22-FollowerState
2024-12-14 12:26:16,268 INFO  server.RaftServer$Division (ServerState.java:setRaftConf(386)) - s14@group-9CE91F930A22: set configuration conf: {index: 125, cur=peers:[s3|0.0.0.0:15018, s11|0.0.0.0:15026, s10|0.0.0.0:15025, s13|0.0.0.0:15028, s12|0.0.0.0:15027, s14|0.0.0.0:15029, s0|0.0.0.0:15015, s1|0.0.0.0:15016, s2|0.0.0.0:15017]|listeners:[], old=peers:[s11|0.0.0.0:15026, s13|0.0.0.0:15028, s12|0.0.0.0:15027, s0|0.0.0.0:15015, s1|0.0.0.0:15016]|listeners:[]}
2024-12-14 12:26:16,270 TRACE util.FileUtils (LogUtils.java:supplyAndLog(69)) - Successfully supplied FileChannel.open /home/runner/work/ratis/ratis/ratis-examples/target/test/data/da5193cb/MiniRaftClusterWithNetty71855ece/s14/8cff9ddc-4abb-47b3-960b-9ce91f930a22/current/raft-meta.conf.tmp with options [CREATE, WRITE]: sun.nio.ch.FileChannelImpl@44064a74
2024-12-14 12:26:16,271 TRACE util.FileUtils (LogUtils.java:supplyAndLog(69)) - Successfully supplied FileChannel.open /home/runner/work/ratis/ratis/ratis-examples/target/test/data/da5193cb/MiniRaftClusterWithNetty71855ece/s3/8cff9ddc-4abb-47b3-960b-9ce91f930a22/current/raft-meta.conf.tmp with options [CREATE, WRITE]: sun.nio.ch.FileChannelImpl@6d2c3d70
2024-12-14 12:26:16,272 TRACE util.FileUtils (LogUtils.java:supplyAndLog(69)) - Successfully supplied FileChannel.open /home/runner/work/ratis/ratis/ratis-examples/target/test/data/da5193cb/MiniRaftClusterWithNetty71855ece/s10/8cff9ddc-4abb-47b3-960b-9ce91f930a22/current/raft-meta.conf.tmp with options [CREATE, WRITE]: sun.nio.ch.FileChannelImpl@651a6730
2024-12-14 12:26:16,273 INFO  impl.RoleInfo (RoleInfo.java:updateAndGet(148)) - s10: start s10@group-9CE91F930A22-FollowerState
2024-12-14 12:26:16,273 TRACE util.FileUtils (LogUtils.java:supplyAndLog(69)) - Successfully supplied FileChannel.open /home/runner/work/ratis/ratis/ratis-examples/target/test/data/da5193cb/MiniRaftClusterWithNetty71855ece/s11/8cff9ddc-4abb-47b3-960b-9ce91f930a22/current/raft-meta.conf.tmp with options [CREATE, WRITE]: sun.nio.ch.FileChannelImpl@e47c30d
2024-12-14 12:26:16,273 INFO  server.RaftServer$Division (ServerState.java:setRaftConf(386)) - s11@group-9CE91F930A22: set configuration conf: {index: 127, cur=peers:[s3|0.0.0.0:15018, s11|0.0.0.0:15026, s10|0.0.0.0:15025, s13|0.0.0.0:15028, s12|0.0.0.0:15027, s14|0.0.0.0:15029, s0|0.0.0.0:15015, s1|0.0.0.0:15016, s2|0.0.0.0:15017]|listeners:[], old=null}
2024-12-14 12:26:16,274 TRACE util.FileUtils (LogUtils.java:runAndLog(49)) - Successfully ran Atomic Files.move /home/runner/work/ratis/ratis/ratis-examples/target/test/data/da5193cb/MiniRaftClusterWithNetty71855ece/s2/8cff9ddc-4abb-47b3-960b-9ce91f930a22/current/raft-meta.conf.tmp to /home/runner/work/ratis/ratis/ratis-examples/target/test/data/da5193cb/MiniRaftClusterWithNetty71855ece/s2/8cff9ddc-4abb-47b3-960b-9ce91f930a22/current/raft-meta.conf with options [REPLACE_EXISTING]
2024-12-14 12:26:16,274 TRACE util.FileUtils (LogUtils.java:supplyAndLog(69)) - Successfully supplied FileChannel.open /home/runner/work/ratis/ratis/ratis-examples/target/test/data/da5193cb/MiniRaftClusterWithNetty71855ece/s2/8cff9ddc-4abb-47b3-960b-9ce91f930a22/current/raft-meta.conf.tmp with options [CREATE, WRITE]: sun.nio.ch.FileChannelImpl@46de6e32
2024-12-14 12:26:16,274 INFO  server.RaftServer$Division (ServerState.java:setRaftConf(386)) - s13@group-9CE91F930A22: set configuration conf: {index: 127, cur=peers:[s3|0.0.0.0:15018, s11|0.0.0.0:15026, s10|0.0.0.0:15025, s13|0.0.0.0:15028, s12|0.0.0.0:15027, s14|0.0.0.0:15029, s0|0.0.0.0:15015, s1|0.0.0.0:15016, s2|0.0.0.0:15017]|listeners:[], old=null}
2024-12-14 12:26:16,275 INFO  server.RaftServer$Division (ServerState.java:setRaftConf(386)) - s2@group-9CE91F930A22: set configuration conf: {index: 127, cur=peers:[s3|0.0.0.0:15018, s11|0.0.0.0:15026, s10|0.0.0.0:15025, s13|0.0.0.0:15028, s12|0.0.0.0:15027, s14|0.0.0.0:15029, s0|0.0.0.0:15015, s1|0.0.0.0:15016, s2|0.0.0.0:15017]|listeners:[], old=null}
2024-12-14 12:26:16,275 INFO  server.RaftServer$Division (ServerState.java:setRaftConf(386)) - s0@group-9CE91F930A22: set configuration conf: {index: 127, cur=peers:[s3|0.0.0.0:15018, s11|0.0.0.0:15026, s10|0.0.0.0:15025, s13|0.0.0.0:15028, s12|0.0.0.0:15027, s14|0.0.0.0:15029, s0|0.0.0.0:15015, s1|0.0.0.0:15016, s2|0.0.0.0:15017]|listeners:[], old=null}
2024-12-14 12:26:16,275 INFO  server.RaftServer$Division (ServerState.java:setRaftConf(386)) - s1@group-9CE91F930A22: set configuration conf: {index: 127, cur=peers:[s3|0.0.0.0:15018, s11|0.0.0.0:15026, s10|0.0.0.0:15025, s13|0.0.0.0:15028, s12|0.0.0.0:15027, s14|0.0.0.0:15029, s0|0.0.0.0:15015, s1|0.0.0.0:15016, s2|0.0.0.0:15017]|listeners:[], old=null}
2024-12-14 12:26:16,275 INFO  server.RaftServer$Division (ServerState.java:setRaftConf(386)) - s12@group-9CE91F930A22: set configuration conf: {index: 127, cur=peers:[s3|0.0.0.0:15018, s11|0.0.0.0:15026, s10|0.0.0.0:15025, s13|0.0.0.0:15028, s12|0.0.0.0:15027, s14|0.0.0.0:15029, s0|0.0.0.0:15015, s1|0.0.0.0:15016, s2|0.0.0.0:15017]|listeners:[], old=null}
2024-12-14 12:26:16,274 TRACE util.FileUtils (LogUtils.java:runAndLog(49)) - Successfully ran Atomic Files.move /home/runner/work/ratis/ratis/ratis-examples/target/test/data/da5193cb/MiniRaftClusterWithNetty71855ece/s10/8cff9ddc-4abb-47b3-960b-9ce91f930a22/current/raft-meta.conf.tmp to /home/runner/work/ratis/ratis/ratis-examples/target/test/data/da5193cb/MiniRaftClusterWithNetty71855ece/s10/8cff9ddc-4abb-47b3-960b-9ce91f930a22/current/raft-meta.conf with options [REPLACE_EXISTING]
2024-12-14 12:26:16,276 TRACE util.FileUtils (LogUtils.java:supplyAndLog(69)) - Successfully supplied FileChannel.open /home/runner/work/ratis/ratis/ratis-examples/target/test/data/da5193cb/MiniRaftClusterWithNetty71855ece/s1/8cff9ddc-4abb-47b3-960b-9ce91f930a22/current/raft-meta.conf.tmp with options [CREATE, WRITE]: sun.nio.ch.FileChannelImpl@27bf1632
2024-12-14 12:26:16,276 TRACE util.FileUtils (LogUtils.java:supplyAndLog(69)) - Successfully supplied FileChannel.open /home/runner/work/ratis/ratis/ratis-examples/target/test/data/da5193cb/MiniRaftClusterWithNetty71855ece/s13/8cff9ddc-4abb-47b3-960b-9ce91f930a22/current/raft-meta.conf.tmp with options [CREATE, WRITE]: sun.nio.ch.FileChannelImpl@132dfe5c
2024-12-14 12:26:16,276 TRACE util.FileUtils (LogUtils.java:supplyAndLog(69)) - Successfully supplied FileChannel.open /home/runner/work/ratis/ratis/ratis-examples/target/test/data/da5193cb/MiniRaftClusterWithNetty71855ece/s12/8cff9ddc-4abb-47b3-960b-9ce91f930a22/current/raft-meta.conf.tmp with options [CREATE, WRITE]: sun.nio.ch.FileChannelImpl@29c27463
2024-12-14 12:26:16,277 INFO  server.RaftServer$Division (RaftServerImpl.java:setConfigurationAsync(1341)) - s11@group-9CE91F930A22: receive setConfiguration SetConfigurationRequest:client-4514CCB0642F->s11@group-9CE91F930A22, cid=6018, seq=null, RW, null, SET_UNCONDITIONALLY, servers:[s3|0.0.0.0:15018, s4|0.0.0.0:15019, s5|0.0.0.0:15020, s6|0.0.0.0:15021, s7|0.0.0.0:15022, s8|0.0.0.0:15023, s9|0.0.0.0:15024, s11|0.0.0.0:15026, s10|0.0.0.0:15025, s13|0.0.0.0:15028, s12|0.0.0.0:15027, s14|0.0.0.0:15029, s0|0.0.0.0:15015, s1|0.0.0.0:15016, s2|0.0.0.0:15017], listeners:[]
2024-12-14 12:26:16,278 INFO  server.RaftServer$Division (LeaderStateImpl.java:startSetConfiguration(486)) - s11@group-9CE91F930A22-LeaderStateImpl: startSetConfiguration SetConfigurationRequest:client-4514CCB0642F->s11@group-9CE91F930A22, cid=6018, seq=null, RW, null, SET_UNCONDITIONALLY, servers:[s3|0.0.0.0:15018, s4|0.0.0.0:15019, s5|0.0.0.0:15020, s6|0.0.0.0:15021, s7|0.0.0.0:15022, s8|0.0.0.0:15023, s9|0.0.0.0:15024, s11|0.0.0.0:15026, s10|0.0.0.0:15025, s13|0.0.0.0:15028, s12|0.0.0.0:15027, s14|0.0.0.0:15029, s0|0.0.0.0:15015, s1|0.0.0.0:15016, s2|0.0.0.0:15017], listeners:[]
2024-12-14 12:26:16,278 INFO  server.RaftServerConfigKeys (ConfUtils.java:logGet(46)) - raft.server.log.appender.snapshot.chunk.size.max = 16MB (=16777216) (default)
2024-12-14 12:26:16,278 INFO  server.RaftServerConfigKeys (ConfUtils.java:logGet(46)) - raft.server.log.appender.buffer.byte-limit = 4MB (=4194304) (default)
2024-12-14 12:26:16,278 INFO  server.RaftServerConfigKeys (ConfUtils.java:logGet(46)) - raft.server.log.appender.buffer.element-limit = 0 (default)
2024-12-14 12:26:16,278 TRACE util.FileUtils (LogUtils.java:runAndLog(49)) - Successfully ran Atomic Files.move /home/runner/work/ratis/ratis/ratis-examples/target/test/data/da5193cb/MiniRaftClusterWithNetty71855ece/s3/8cff9ddc-4abb-47b3-960b-9ce91f930a22/current/raft-meta.conf.tmp to /home/runner/work/ratis/ratis/ratis-examples/target/test/data/da5193cb/MiniRaftClusterWithNetty71855ece/s3/8cff9ddc-4abb-47b3-960b-9ce91f930a22/current/raft-meta.conf with options [REPLACE_EXISTING]
2024-12-14 12:26:16,279 TRACE util.FileUtils (LogUtils.java:supplyAndLog(69)) - Successfully supplied FileChannel.open /home/runner/work/ratis/ratis/ratis-examples/target/test/data/da5193cb/MiniRaftClusterWithNetty71855ece/s3/8cff9ddc-4abb-47b3-960b-9ce91f930a22/current/raft-meta.conf.tmp with options [CREATE, WRITE]: sun.nio.ch.FileChannelImpl@6913a40d
2024-12-14 12:26:16,276 INFO  server.RaftServer$Division (ServerState.java:setRaftConf(386)) - s14@group-9CE91F930A22: set configuration conf: {index: 127, cur=peers:[s3|0.0.0.0:15018, s11|0.0.0.0:15026, s10|0.0.0.0:15025, s13|0.0.0.0:15028, s12|0.0.0.0:15027, s14|0.0.0.0:15029, s0|0.0.0.0:15015, s1|0.0.0.0:15016, s2|0.0.0.0:15017]|listeners:[], old=null}
2024-12-14 12:26:16,276 TRACE util.FileUtils (LogUtils.java:runAndLog(49)) - Successfully ran Atomic Files.move /home/runner/work/ratis/ratis/ratis-examples/target/test/data/da5193cb/MiniRaftClusterWithNetty71855ece/s14/8cff9ddc-4abb-47b3-960b-9ce91f930a22/current/raft-meta.conf.tmp to /home/runner/work/ratis/ratis/ratis-examples/target/test/data/da5193cb/MiniRaftClusterWithNetty71855ece/s14/8cff9ddc-4abb-47b3-960b-9ce91f930a22/current/raft-meta.conf with options [REPLACE_EXISTING]
2024-12-14 12:26:16,276 TRACE util.FileUtils (LogUtils.java:supplyAndLog(69)) - Successfully supplied FileChannel.open /home/runner/work/ratis/ratis/ratis-examples/target/test/data/da5193cb/MiniRaftClusterWithNetty71855ece/s0/8cff9ddc-4abb-47b3-960b-9ce91f930a22/current/raft-meta.conf.tmp with options [CREATE, WRITE]: sun.nio.ch.FileChannelImpl@10b54875
2024-12-14 12:26:16,282 TRACE util.FileUtils (LogUtils.java:runAndLog(49)) - Successfully ran Atomic Files.move /home/runner/work/ratis/ratis/ratis-examples/target/test/data/da5193cb/MiniRaftClusterWithNetty71855ece/s13/8cff9ddc-4abb-47b3-960b-9ce91f930a22/current/raft-meta.conf.tmp to /home/runner/work/ratis/ratis/ratis-examples/target/test/data/da5193cb/MiniRaftClusterWithNetty71855ece/s13/8cff9ddc-4abb-47b3-960b-9ce91f930a22/current/raft-meta.conf with options [REPLACE_EXISTING]
2024-12-14 12:26:16,282 TRACE util.FileUtils (LogUtils.java:supplyAndLog(69)) - Successfully supplied FileChannel.open /home/runner/work/ratis/ratis/ratis-examples/target/test/data/da5193cb/MiniRaftClusterWithNetty71855ece/s13/8cff9ddc-4abb-47b3-960b-9ce91f930a22/current/raft-meta.conf.tmp with options [CREATE, WRITE]: sun.nio.ch.FileChannelImpl@77125edd
2024-12-14 12:26:16,282 TRACE util.FileUtils (LogUtils.java:runAndLog(49)) - Successfully ran Atomic Files.move /home/runner/work/ratis/ratis/ratis-examples/target/test/data/da5193cb/MiniRaftClusterWithNetty71855ece/s12/8cff9ddc-4abb-47b3-960b-9ce91f930a22/current/raft-meta.conf.tmp to /home/runner/work/ratis/ratis/ratis-examples/target/test/data/da5193cb/MiniRaftClusterWithNetty71855ece/s12/8cff9ddc-4abb-47b3-960b-9ce91f930a22/current/raft-meta.conf with options [REPLACE_EXISTING]
2024-12-14 12:26:16,282 TRACE util.FileUtils (LogUtils.java:runAndLog(49)) - Successfully ran Atomic Files.move /home/runner/work/ratis/ratis/ratis-examples/target/test/data/da5193cb/MiniRaftClusterWithNetty71855ece/s1/8cff9ddc-4abb-47b3-960b-9ce91f930a22/current/raft-meta.conf.tmp to /home/runner/work/ratis/ratis/ratis-examples/target/test/data/da5193cb/MiniRaftClusterWithNetty71855ece/s1/8cff9ddc-4abb-47b3-960b-9ce91f930a22/current/raft-meta.conf with options [REPLACE_EXISTING]
2024-12-14 12:26:16,283 TRACE util.FileUtils (LogUtils.java:runAndLog(49)) - Successfully ran Atomic Files.move /home/runner/work/ratis/ratis/ratis-examples/target/test/data/da5193cb/MiniRaftClusterWithNetty71855ece/s11/8cff9ddc-4abb-47b3-960b-9ce91f930a22/current/raft-meta.conf.tmp to /home/runner/work/ratis/ratis/ratis-examples/target/test/data/da5193cb/MiniRaftClusterWithNetty71855ece/s11/8cff9ddc-4abb-47b3-960b-9ce91f930a22/current/raft-meta.conf with options [REPLACE_EXISTING]
2024-12-14 12:26:16,284 TRACE util.FileUtils (LogUtils.java:supplyAndLog(69)) - Successfully supplied FileChannel.open /home/runner/work/ratis/ratis/ratis-examples/target/test/data/da5193cb/MiniRaftClusterWithNetty71855ece/s12/8cff9ddc-4abb-47b3-960b-9ce91f930a22/current/raft-meta.conf.tmp with options [CREATE, WRITE]: sun.nio.ch.FileChannelImpl@b3f4a50
2024-12-14 12:26:16,284 TRACE util.FileUtils (LogUtils.java:supplyAndLog(69)) - Successfully supplied FileChannel.open /home/runner/work/ratis/ratis/ratis-examples/target/test/data/da5193cb/MiniRaftClusterWithNetty71855ece/s11/8cff9ddc-4abb-47b3-960b-9ce91f930a22/current/raft-meta.conf.tmp with options [CREATE, WRITE]: sun.nio.ch.FileChannelImpl@26a9a313
2024-12-14 12:26:16,284 TRACE util.FileUtils (LogUtils.java:supplyAndLog(69)) - Successfully supplied FileChannel.open /home/runner/work/ratis/ratis/ratis-examples/target/test/data/da5193cb/MiniRaftClusterWithNetty71855ece/s1/8cff9ddc-4abb-47b3-960b-9ce91f930a22/current/raft-meta.conf.tmp with options [CREATE, WRITE]: sun.nio.ch.FileChannelImpl@60c65bd3
2024-12-14 12:26:16,287 TRACE util.FileUtils (LogUtils.java:runAndLog(49)) - Successfully ran Atomic Files.move /home/runner/work/ratis/ratis/ratis-examples/target/test/data/da5193cb/MiniRaftClusterWithNetty71855ece/s3/8cff9ddc-4abb-47b3-960b-9ce91f930a22/current/raft-meta.conf.tmp to /home/runner/work/ratis/ratis/ratis-examples/target/test/data/da5193cb/MiniRaftClusterWithNetty71855ece/s3/8cff9ddc-4abb-47b3-960b-9ce91f930a22/current/raft-meta.conf with options [REPLACE_EXISTING]
2024-12-14 12:26:16,287 TRACE util.FileUtils (LogUtils.java:runAndLog(49)) - Successfully ran Atomic Files.move /home/runner/work/ratis/ratis/ratis-examples/target/test/data/da5193cb/MiniRaftClusterWithNetty71855ece/s2/8cff9ddc-4abb-47b3-960b-9ce91f930a22/current/raft-meta.conf.tmp to /home/runner/work/ratis/ratis/ratis-examples/target/test/data/da5193cb/MiniRaftClusterWithNetty71855ece/s2/8cff9ddc-4abb-47b3-960b-9ce91f930a22/current/raft-meta.conf with options [REPLACE_EXISTING]
2024-12-14 12:26:16,287 TRACE util.FileUtils (LogUtils.java:supplyAndLog(69)) - Successfully supplied FileChannel.open /home/runner/work/ratis/ratis/ratis-examples/target/test/data/da5193cb/MiniRaftClusterWithNetty71855ece/s2/8cff9ddc-4abb-47b3-960b-9ce91f930a22/current/raft-meta.conf.tmp with options [CREATE, WRITE]: sun.nio.ch.FileChannelImpl@3dcf88d
2024-12-14 12:26:16,288 TRACE util.FileUtils (LogUtils.java:runAndLog(49)) - Successfully ran Atomic Files.move /home/runner/work/ratis/ratis/ratis-examples/target/test/data/da5193cb/MiniRaftClusterWithNetty71855ece/s0/8cff9ddc-4abb-47b3-960b-9ce91f930a22/current/raft-meta.conf.tmp to /home/runner/work/ratis/ratis/ratis-examples/target/test/data/da5193cb/MiniRaftClusterWithNetty71855ece/s0/8cff9ddc-4abb-47b3-960b-9ce91f930a22/current/raft-meta.conf with options [REPLACE_EXISTING]
2024-12-14 12:26:16,288 TRACE util.FileUtils (LogUtils.java:supplyAndLog(69)) - Successfully supplied FileChannel.open /home/runner/work/ratis/ratis/ratis-examples/target/test/data/da5193cb/MiniRaftClusterWithNetty71855ece/s0/8cff9ddc-4abb-47b3-960b-9ce91f930a22/current/raft-meta.conf.tmp with options [CREATE, WRITE]: sun.nio.ch.FileChannelImpl@326624ab
2024-12-14 12:26:16,289 TRACE util.FileUtils (LogUtils.java:runAndLog(49)) - Successfully ran Atomic Files.move /home/runner/work/ratis/ratis/ratis-examples/target/test/data/da5193cb/MiniRaftClusterWithNetty71855ece/s11/8cff9ddc-4abb-47b3-960b-9ce91f930a22/current/raft-meta.conf.tmp to /home/runner/work/ratis/ratis/ratis-examples/target/test/data/da5193cb/MiniRaftClusterWithNetty71855ece/s11/8cff9ddc-4abb-47b3-960b-9ce91f930a22/current/raft-meta.conf with options [REPLACE_EXISTING]
2024-12-14 12:26:16,289 TRACE util.FileUtils (LogUtils.java:runAndLog(49)) - Successfully ran Atomic Files.move /home/runner/work/ratis/ratis/ratis-examples/target/test/data/da5193cb/MiniRaftClusterWithNetty71855ece/s13/8cff9ddc-4abb-47b3-960b-9ce91f930a22/current/raft-meta.conf.tmp to /home/runner/work/ratis/ratis/ratis-examples/target/test/data/da5193cb/MiniRaftClusterWithNetty71855ece/s13/8cff9ddc-4abb-47b3-960b-9ce91f930a22/current/raft-meta.conf with options [REPLACE_EXISTING]
2024-12-14 12:26:16,292 TRACE util.FileUtils (LogUtils.java:supplyAndLog(69)) - Successfully supplied FileChannel.open /home/runner/work/ratis/ratis/ratis-examples/target/test/data/da5193cb/MiniRaftClusterWithNetty71855ece/s14/8cff9ddc-4abb-47b3-960b-9ce91f930a22/current/raft-meta.conf.tmp with options [CREATE, WRITE]: sun.nio.ch.FileChannelImpl@4ac1ac84
2024-12-14 12:26:16,293 TRACE util.FileUtils (LogUtils.java:supplyAndLog(69)) - Successfully supplied FileChannel.open /home/runner/work/ratis/ratis/ratis-examples/target/test/data/da5193cb/MiniRaftClusterWithNetty71855ece/s10/8cff9ddc-4abb-47b3-960b-9ce91f930a22/current/raft-meta.conf.tmp with options [CREATE, WRITE]: sun.nio.ch.FileChannelImpl@6bdd95e3
2024-12-14 12:26:16,293 TRACE util.FileUtils (LogUtils.java:runAndLog(49)) - Successfully ran Atomic Files.move /home/runner/work/ratis/ratis/ratis-examples/target/test/data/da5193cb/MiniRaftClusterWithNetty71855ece/s12/8cff9ddc-4abb-47b3-960b-9ce91f930a22/current/raft-meta.conf.tmp to /home/runner/work/ratis/ratis/ratis-examples/target/test/data/da5193cb/MiniRaftClusterWithNetty71855ece/s12/8cff9ddc-4abb-47b3-960b-9ce91f930a22/current/raft-meta.conf with options [REPLACE_EXISTING]
2024-12-14 12:26:16,287 INFO  server.RaftServer$Division (ServerState.java:setRaftConf(386)) - s10@group-9CE91F930A22: set configuration conf: {index: 125, cur=peers:[s3|0.0.0.0:15018, s11|0.0.0.0:15026, s10|0.0.0.0:15025, s13|0.0.0.0:15028, s12|0.0.0.0:15027, s14|0.0.0.0:15029, s0|0.0.0.0:15015, s1|0.0.0.0:15016, s2|0.0.0.0:15017]|listeners:[], old=peers:[s11|0.0.0.0:15026, s13|0.0.0.0:15028, s12|0.0.0.0:15027, s0|0.0.0.0:15015, s1|0.0.0.0:15016]|listeners:[]}
2024-12-14 12:26:16,291 INFO  server.RaftServerConfigKeys (ConfUtils.java:logGet(46)) - raft.server.log.appender.wait-time.min = 1ms (default)
2024-12-14 12:26:16,293 INFO  server.RaftServerConfigKeys (ConfUtils.java:logGet(46)) - raft.server.log.appender.snapshot.chunk.size.max = 16MB (=16777216) (default)
2024-12-14 12:26:16,293 INFO  server.RaftServerConfigKeys (ConfUtils.java:logGet(46)) - raft.server.log.appender.buffer.byte-limit = 4MB (=4194304) (default)
2024-12-14 12:26:16,294 INFO  server.RaftServerConfigKeys (ConfUtils.java:logGet(46)) - raft.server.log.appender.buffer.element-limit = 0 (default)
2024-12-14 12:26:16,294 INFO  server.RaftServerConfigKeys (ConfUtils.java:logGet(46)) - raft.server.log.appender.wait-time.min = 1ms (default)
2024-12-14 12:26:16,294 INFO  server.RaftServerConfigKeys (ConfUtils.java:logGet(46)) - raft.server.log.appender.snapshot.chunk.size.max = 16MB (=16777216) (default)
2024-12-14 12:26:16,294 INFO  server.RaftServerConfigKeys (ConfUtils.java:logGet(46)) - raft.server.log.appender.buffer.byte-limit = 4MB (=4194304) (default)
2024-12-14 12:26:16,294 INFO  server.RaftServerConfigKeys (ConfUtils.java:logGet(46)) - raft.server.log.appender.buffer.element-limit = 0 (default)
2024-12-14 12:26:16,294 INFO  server.RaftServerConfigKeys (ConfUtils.java:logGet(46)) - raft.server.log.appender.wait-time.min = 1ms (default)
2024-12-14 12:26:16,294 INFO  server.RaftServerConfigKeys (ConfUtils.java:logGet(46)) - raft.server.log.appender.snapshot.chunk.size.max = 16MB (=16777216) (default)
2024-12-14 12:26:16,294 INFO  server.RaftServerConfigKeys (ConfUtils.java:logGet(46)) - raft.server.log.appender.buffer.byte-limit = 4MB (=4194304) (default)
2024-12-14 12:26:16,295 INFO  server.RaftServerConfigKeys (ConfUtils.java:logGet(46)) - raft.server.log.appender.buffer.element-limit = 0 (default)
2024-12-14 12:26:16,295 INFO  server.RaftServerConfigKeys (ConfUtils.java:logGet(46)) - raft.server.log.appender.wait-time.min = 1ms (default)
2024-12-14 12:26:16,295 INFO  server.RaftServerConfigKeys (ConfUtils.java:logGet(46)) - raft.server.log.appender.snapshot.chunk.size.max = 16MB (=16777216) (default)
2024-12-14 12:26:16,295 INFO  server.RaftServerConfigKeys (ConfUtils.java:logGet(46)) - raft.server.log.appender.buffer.byte-limit = 4MB (=4194304) (default)
2024-12-14 12:26:16,295 TRACE util.FileUtils (LogUtils.java:runAndLog(49)) - Successfully ran Atomic Files.move /home/runner/work/ratis/ratis/ratis-examples/target/test/data/da5193cb/MiniRaftClusterWithNetty71855ece/s10/8cff9ddc-4abb-47b3-960b-9ce91f930a22/current/raft-meta.conf.tmp to /home/runner/work/ratis/ratis/ratis-examples/target/test/data/da5193cb/MiniRaftClusterWithNetty71855ece/s10/8cff9ddc-4abb-47b3-960b-9ce91f930a22/current/raft-meta.conf with options [REPLACE_EXISTING]
2024-12-14 12:26:16,297 TRACE util.FileUtils (LogUtils.java:supplyAndLog(69)) - Successfully supplied FileChannel.open /home/runner/work/ratis/ratis/ratis-examples/target/test/data/da5193cb/MiniRaftClusterWithNetty71855ece/s10/8cff9ddc-4abb-47b3-960b-9ce91f930a22/current/raft-meta.conf.tmp with options [CREATE, WRITE]: sun.nio.ch.FileChannelImpl@6fe20c40
2024-12-14 12:26:16,291 TRACE util.FileUtils (LogUtils.java:runAndLog(49)) - Successfully ran Atomic Files.move /home/runner/work/ratis/ratis/ratis-examples/target/test/data/da5193cb/MiniRaftClusterWithNetty71855ece/s0/8cff9ddc-4abb-47b3-960b-9ce91f930a22/current/raft-meta.conf.tmp to /home/runner/work/ratis/ratis/ratis-examples/target/test/data/da5193cb/MiniRaftClusterWithNetty71855ece/s0/8cff9ddc-4abb-47b3-960b-9ce91f930a22/current/raft-meta.conf with options [REPLACE_EXISTING]
2024-12-14 12:26:16,291 INFO  impl.RoleInfo (RoleInfo.java:updateAndGet(148)) - s3: start s3@group-9CE91F930A22-FollowerState
2024-12-14 12:26:16,298 TRACE util.FileUtils (LogUtils.java:runAndLog(49)) - Successfully ran Atomic Files.move /home/runner/work/ratis/ratis/ratis-examples/target/test/data/da5193cb/MiniRaftClusterWithNetty71855ece/s2/8cff9ddc-4abb-47b3-960b-9ce91f930a22/current/raft-meta.conf.tmp to /home/runner/work/ratis/ratis/ratis-examples/target/test/data/da5193cb/MiniRaftClusterWithNetty71855ece/s2/8cff9ddc-4abb-47b3-960b-9ce91f930a22/current/raft-meta.conf with options [REPLACE_EXISTING]
2024-12-14 12:26:16,297 INFO  server.RaftServer$Division (ServerState.java:setRaftConf(386)) - s10@group-9CE91F930A22: set configuration conf: {index: 127, cur=peers:[s3|0.0.0.0:15018, s11|0.0.0.0:15026, s10|0.0.0.0:15025, s13|0.0.0.0:15028, s12|0.0.0.0:15027, s14|0.0.0.0:15029, s0|0.0.0.0:15015, s1|0.0.0.0:15016, s2|0.0.0.0:15017]|listeners:[], old=null}
2024-12-14 12:26:16,295 INFO  server.RaftServerConfigKeys (ConfUtils.java:logGet(46)) - raft.server.log.appender.buffer.element-limit = 0 (default)
2024-12-14 12:26:16,295 TRACE util.FileUtils (LogUtils.java:runAndLog(49)) - Successfully ran Atomic Files.move /home/runner/work/ratis/ratis/ratis-examples/target/test/data/da5193cb/MiniRaftClusterWithNetty71855ece/s1/8cff9ddc-4abb-47b3-960b-9ce91f930a22/current/raft-meta.conf.tmp to /home/runner/work/ratis/ratis/ratis-examples/target/test/data/da5193cb/MiniRaftClusterWithNetty71855ece/s1/8cff9ddc-4abb-47b3-960b-9ce91f930a22/current/raft-meta.conf with options [REPLACE_EXISTING]
2024-12-14 12:26:16,295 TRACE util.FileUtils (LogUtils.java:runAndLog(49)) - Successfully ran Atomic Files.move /home/runner/work/ratis/ratis/ratis-examples/target/test/data/da5193cb/MiniRaftClusterWithNetty71855ece/s14/8cff9ddc-4abb-47b3-960b-9ce91f930a22/current/raft-meta.conf.tmp to /home/runner/work/ratis/ratis/ratis-examples/target/test/data/da5193cb/MiniRaftClusterWithNetty71855ece/s14/8cff9ddc-4abb-47b3-960b-9ce91f930a22/current/raft-meta.conf with options [REPLACE_EXISTING]
2024-12-14 12:26:16,298 TRACE util.FileUtils (LogUtils.java:supplyAndLog(69)) - Successfully supplied FileChannel.open /home/runner/work/ratis/ratis/ratis-examples/target/test/data/da5193cb/MiniRaftClusterWithNetty71855ece/s14/8cff9ddc-4abb-47b3-960b-9ce91f930a22/current/raft-meta.conf.tmp with options [CREATE, WRITE]: sun.nio.ch.FileChannelImpl@4efe2104
2024-12-14 12:26:16,299 TRACE util.FileUtils (LogUtils.java:runAndLog(49)) - Successfully ran Atomic Files.move /home/runner/work/ratis/ratis/ratis-examples/target/test/data/da5193cb/MiniRaftClusterWithNetty71855ece/s10/8cff9ddc-4abb-47b3-960b-9ce91f930a22/current/raft-meta.conf.tmp to /home/runner/work/ratis/ratis/ratis-examples/target/test/data/da5193cb/MiniRaftClusterWithNetty71855ece/s10/8cff9ddc-4abb-47b3-960b-9ce91f930a22/current/raft-meta.conf with options [REPLACE_EXISTING]
2024-12-14 12:26:16,299 TRACE util.FileUtils (LogUtils.java:supplyAndLog(69)) - Successfully supplied FileChannel.open /home/runner/work/ratis/ratis/ratis-examples/target/test/data/da5193cb/MiniRaftClusterWithNetty71855ece/s10/8cff9ddc-4abb-47b3-960b-9ce91f930a22/current/raft-meta.conf.tmp with options [CREATE, WRITE]: sun.nio.ch.FileChannelImpl@2ae09fd8
2024-12-14 12:26:16,300 TRACE util.FileUtils (LogUtils.java:supplyAndLog(69)) - Successfully supplied FileChannel.open /home/runner/work/ratis/ratis/ratis-examples/target/test/data/da5193cb/MiniRaftClusterWithNetty71855ece/s2/8cff9ddc-4abb-47b3-960b-9ce91f930a22/current/raft-meta.conf.tmp with options [CREATE, WRITE]: sun.nio.ch.FileChannelImpl@7facf1a1
2024-12-14 12:26:16,300 TRACE util.FileUtils (LogUtils.java:runAndLog(49)) - Successfully ran Atomic Files.move /home/runner/work/ratis/ratis/ratis-examples/target/test/data/da5193cb/MiniRaftClusterWithNetty71855ece/s14/8cff9ddc-4abb-47b3-960b-9ce91f930a22/current/raft-meta.conf.tmp to /home/runner/work/ratis/ratis/ratis-examples/target/test/data/da5193cb/MiniRaftClusterWithNetty71855ece/s14/8cff9ddc-4abb-47b3-960b-9ce91f930a22/current/raft-meta.conf with options [REPLACE_EXISTING]
2024-12-14 12:26:16,302 TRACE util.FileUtils (LogUtils.java:runAndLog(49)) - Successfully ran Atomic Files.move /home/runner/work/ratis/ratis/ratis-examples/target/test/data/da5193cb/MiniRaftClusterWithNetty71855ece/s10/8cff9ddc-4abb-47b3-960b-9ce91f930a22/current/raft-meta.conf.tmp to /home/runner/work/ratis/ratis/ratis-examples/target/test/data/da5193cb/MiniRaftClusterWithNetty71855ece/s10/8cff9ddc-4abb-47b3-960b-9ce91f930a22/current/raft-meta.conf with options [REPLACE_EXISTING]
2024-12-14 12:26:16,302 TRACE util.FileUtils (LogUtils.java:supplyAndLog(69)) - Successfully supplied FileChannel.open /home/runner/work/ratis/ratis/ratis-examples/target/test/data/da5193cb/MiniRaftClusterWithNetty71855ece/s10/8cff9ddc-4abb-47b3-960b-9ce91f930a22/current/raft-meta.conf.tmp with options [CREATE, WRITE]: sun.nio.ch.FileChannelImpl@1c754e53
2024-12-14 12:26:16,302 TRACE util.FileUtils (LogUtils.java:supplyAndLog(69)) - Successfully supplied FileChannel.open /home/runner/work/ratis/ratis/ratis-examples/target/test/data/da5193cb/MiniRaftClusterWithNetty71855ece/s14/8cff9ddc-4abb-47b3-960b-9ce91f930a22/current/raft-meta.conf.tmp with options [CREATE, WRITE]: sun.nio.ch.FileChannelImpl@bfca6bf
2024-12-14 12:26:16,304 TRACE util.FileUtils (LogUtils.java:runAndLog(49)) - Successfully ran Atomic Files.move /home/runner/work/ratis/ratis/ratis-examples/target/test/data/da5193cb/MiniRaftClusterWithNetty71855ece/s2/8cff9ddc-4abb-47b3-960b-9ce91f930a22/current/raft-meta.conf.tmp to /home/runner/work/ratis/ratis/ratis-examples/target/test/data/da5193cb/MiniRaftClusterWithNetty71855ece/s2/8cff9ddc-4abb-47b3-960b-9ce91f930a22/current/raft-meta.conf with options [REPLACE_EXISTING]
2024-12-14 12:26:16,305 TRACE util.FileUtils (LogUtils.java:runAndLog(49)) - Successfully ran Atomic Files.move /home/runner/work/ratis/ratis/ratis-examples/target/test/data/da5193cb/MiniRaftClusterWithNetty71855ece/s10/8cff9ddc-4abb-47b3-960b-9ce91f930a22/current/raft-meta.conf.tmp to /home/runner/work/ratis/ratis/ratis-examples/target/test/data/da5193cb/MiniRaftClusterWithNetty71855ece/s10/8cff9ddc-4abb-47b3-960b-9ce91f930a22/current/raft-meta.conf with options [REPLACE_EXISTING]
2024-12-14 12:26:16,306 TRACE util.FileUtils (LogUtils.java:runAndLog(49)) - Successfully ran Atomic Files.move /home/runner/work/ratis/ratis/ratis-examples/target/test/data/da5193cb/MiniRaftClusterWithNetty71855ece/s14/8cff9ddc-4abb-47b3-960b-9ce91f930a22/current/raft-meta.conf.tmp to /home/runner/work/ratis/ratis/ratis-examples/target/test/data/da5193cb/MiniRaftClusterWithNetty71855ece/s14/8cff9ddc-4abb-47b3-960b-9ce91f930a22/current/raft-meta.conf with options [REPLACE_EXISTING]
2024-12-14 12:26:16,306 TRACE util.FileUtils (LogUtils.java:supplyAndLog(69)) - Successfully supplied FileChannel.open /home/runner/work/ratis/ratis/ratis-examples/target/test/data/da5193cb/MiniRaftClusterWithNetty71855ece/s14/8cff9ddc-4abb-47b3-960b-9ce91f930a22/current/raft-meta.conf.tmp with options [CREATE, WRITE]: sun.nio.ch.FileChannelImpl@7d5f185e
2024-12-14 12:26:16,308 TRACE util.FileUtils (LogUtils.java:runAndLog(49)) - Successfully ran Atomic Files.move /home/runner/work/ratis/ratis/ratis-examples/target/test/data/da5193cb/MiniRaftClusterWithNetty71855ece/s14/8cff9ddc-4abb-47b3-960b-9ce91f930a22/current/raft-meta.conf.tmp to /home/runner/work/ratis/ratis/ratis-examples/target/test/data/da5193cb/MiniRaftClusterWithNetty71855ece/s14/8cff9ddc-4abb-47b3-960b-9ce91f930a22/current/raft-meta.conf with options [REPLACE_EXISTING]
2024-12-14 12:26:16,309 INFO  server.RaftServerConfigKeys (ConfUtils.java:logGet(46)) - raft.server.log.appender.wait-time.min = 1ms (default)
2024-12-14 12:26:16,309 INFO  server.RaftServerConfigKeys (ConfUtils.java:logGet(46)) - raft.server.log.appender.snapshot.chunk.size.max = 16MB (=16777216) (default)
2024-12-14 12:26:16,309 INFO  server.RaftServerConfigKeys (ConfUtils.java:logGet(46)) - raft.server.log.appender.buffer.byte-limit = 4MB (=4194304) (default)
2024-12-14 12:26:16,309 INFO  server.RaftServerConfigKeys (ConfUtils.java:logGet(46)) - raft.server.log.appender.buffer.element-limit = 0 (default)
2024-12-14 12:26:16,309 INFO  server.RaftServerConfigKeys (ConfUtils.java:logGet(46)) - raft.server.log.appender.wait-time.min = 1ms (default)
2024-12-14 12:26:16,309 INFO  server.RaftServer$Division (ServerState.java:setRaftConf(386)) - s3@group-9CE91F930A22: set configuration conf: {index: 127, cur=peers:[s3|0.0.0.0:15018, s11|0.0.0.0:15026, s10|0.0.0.0:15025, s13|0.0.0.0:15028, s12|0.0.0.0:15027, s14|0.0.0.0:15029, s0|0.0.0.0:15015, s1|0.0.0.0:15016, s2|0.0.0.0:15017]|listeners:[], old=null}
2024-12-14 12:26:16,310 TRACE util.FileUtils (LogUtils.java:supplyAndLog(69)) - Successfully supplied FileChannel.open /home/runner/work/ratis/ratis/ratis-examples/target/test/data/da5193cb/MiniRaftClusterWithNetty71855ece/s3/8cff9ddc-4abb-47b3-960b-9ce91f930a22/current/raft-meta.conf.tmp with options [CREATE, WRITE]: sun.nio.ch.FileChannelImpl@2c11374b
2024-12-14 12:26:16,312 TRACE util.FileUtils (LogUtils.java:runAndLog(49)) - Successfully ran Atomic Files.move /home/runner/work/ratis/ratis/ratis-examples/target/test/data/da5193cb/MiniRaftClusterWithNetty71855ece/s3/8cff9ddc-4abb-47b3-960b-9ce91f930a22/current/raft-meta.conf.tmp to /home/runner/work/ratis/ratis/ratis-examples/target/test/data/da5193cb/MiniRaftClusterWithNetty71855ece/s3/8cff9ddc-4abb-47b3-960b-9ce91f930a22/current/raft-meta.conf with options [REPLACE_EXISTING]
2024-12-14 12:26:16,312 TRACE util.FileUtils (LogUtils.java:supplyAndLog(69)) - Successfully supplied FileChannel.open /home/runner/work/ratis/ratis/ratis-examples/target/test/data/da5193cb/MiniRaftClusterWithNetty71855ece/s3/8cff9ddc-4abb-47b3-960b-9ce91f930a22/current/raft-meta.conf.tmp with options [CREATE, WRITE]: sun.nio.ch.FileChannelImpl@11bc9593
2024-12-14 12:26:16,313 INFO  leader.FollowerInfo (FollowerInfoImpl.java:setAttemptedToInstallSnapshot(154)) - Follower s11@group-9CE91F930A22->s4 acknowledged installing snapshot
2024-12-14 12:26:16,315 TRACE util.FileUtils (LogUtils.java:runAndLog(49)) - Successfully ran Atomic Files.move /home/runner/work/ratis/ratis/ratis-examples/target/test/data/da5193cb/MiniRaftClusterWithNetty71855ece/s3/8cff9ddc-4abb-47b3-960b-9ce91f930a22/current/raft-meta.conf.tmp to /home/runner/work/ratis/ratis/ratis-examples/target/test/data/da5193cb/MiniRaftClusterWithNetty71855ece/s3/8cff9ddc-4abb-47b3-960b-9ce91f930a22/current/raft-meta.conf with options [REPLACE_EXISTING]
2024-12-14 12:26:16,316 INFO  logging.LoggingHandler (AbstractInternalLogger.java:log(148)) - [id: 0x0977b22d, L:/0.0.0.0:15019] READ: [id: 0x0db9cd76, L:/127.0.0.1:15019 - R:/127.0.0.1:58496]
2024-12-14 12:26:16,316 INFO  leader.FollowerInfo (FollowerInfoImpl.java:setAttemptedToInstallSnapshot(154)) - Follower s11@group-9CE91F930A22->s5 acknowledged installing snapshot
2024-12-14 12:26:16,316 INFO  leader.FollowerInfo (FollowerInfoImpl.java:setAttemptedToInstallSnapshot(154)) - Follower s11@group-9CE91F930A22->s6 acknowledged installing snapshot
2024-12-14 12:26:16,317 INFO  leader.FollowerInfo (FollowerInfoImpl.java:setAttemptedToInstallSnapshot(154)) - Follower s11@group-9CE91F930A22->s7 acknowledged installing snapshot
2024-12-14 12:26:16,317 INFO  logging.LoggingHandler (AbstractInternalLogger.java:log(148)) - [id: 0xc03d2d0e, L:/0.0.0.0:15021] READ: [id: 0x91c5a9d3, L:/127.0.0.1:15021 - R:/127.0.0.1:45502]
2024-12-14 12:26:16,318 INFO  logging.LoggingHandler (AbstractInternalLogger.java:log(148)) - [id: 0xef0cc7a9, L:/0.0.0.0:15022] READ: [id: 0xc13f948a, L:/127.0.0.1:15022 - R:/127.0.0.1:60022]
2024-12-14 12:26:16,318 INFO  logging.LoggingHandler (AbstractInternalLogger.java:log(148)) - [id: 0x0977b22d, L:/0.0.0.0:15019] READ COMPLETE
2024-12-14 12:26:16,319 INFO  logging.LoggingHandler (AbstractInternalLogger.java:log(148)) - [id: 0xb8bf086a, L:/0.0.0.0:15020] READ: [id: 0xb7561be4, L:/127.0.0.1:15020 - R:/127.0.0.1:44356]
2024-12-14 12:26:16,319 TRACE util.FileUtils (LogUtils.java:supplyAndLog(69)) - Successfully supplied FileChannel.open /home/runner/work/ratis/ratis/ratis-examples/target/test/data/da5193cb/MiniRaftClusterWithNetty71855ece/s4/8cff9ddc-4abb-47b3-960b-9ce91f930a22/current/raft-meta.tmp with options [CREATE, WRITE]: sun.nio.ch.FileChannelImpl@b1aa062
2024-12-14 12:26:16,319 INFO  logging.LoggingHandler (AbstractInternalLogger.java:log(148)) - [id: 0xef0cc7a9, L:/0.0.0.0:15022] READ COMPLETE
2024-12-14 12:26:16,320 TRACE util.FileUtils (LogUtils.java:supplyAndLog(69)) - Successfully supplied FileChannel.open /home/runner/work/ratis/ratis/ratis-examples/target/test/data/da5193cb/MiniRaftClusterWithNetty71855ece/s7/8cff9ddc-4abb-47b3-960b-9ce91f930a22/current/raft-meta.tmp with options [CREATE, WRITE]: sun.nio.ch.FileChannelImpl@f8a6b4
2024-12-14 12:26:16,320 TRACE util.FileUtils (LogUtils.java:runAndLog(49)) - Successfully ran Atomic Files.move /home/runner/work/ratis/ratis/ratis-examples/target/test/data/da5193cb/MiniRaftClusterWithNetty71855ece/s4/8cff9ddc-4abb-47b3-960b-9ce91f930a22/current/raft-meta.tmp to /home/runner/work/ratis/ratis/ratis-examples/target/test/data/da5193cb/MiniRaftClusterWithNetty71855ece/s4/8cff9ddc-4abb-47b3-960b-9ce91f930a22/current/raft-meta with options [REPLACE_EXISTING]
2024-12-14 12:26:16,320 INFO  server.RaftServer$Division (RaftServerImpl.java:setFirstElection(563)) - s4@group-9CE91F930A22: set firstElectionSinceStartup to false for appendEntries
2024-12-14 12:26:16,320 INFO  server.RaftServer$Division (ServerState.java:setLeader(272)) - s4@group-9CE91F930A22: change Leader from null to s11 at term 1 for appendEntries, leader elected after 242ms
2024-12-14 12:26:16,321 INFO  logging.LoggingHandler (AbstractInternalLogger.java:log(148)) - [id: 0xc03d2d0e, L:/0.0.0.0:15021] READ COMPLETE
2024-12-14 12:26:16,321 TRACE util.FileUtils (LogUtils.java:runAndLog(49)) - Successfully ran Atomic Files.move /home/runner/work/ratis/ratis/ratis-examples/target/test/data/da5193cb/MiniRaftClusterWithNetty71855ece/s7/8cff9ddc-4abb-47b3-960b-9ce91f930a22/current/raft-meta.tmp to /home/runner/work/ratis/ratis/ratis-examples/target/test/data/da5193cb/MiniRaftClusterWithNetty71855ece/s7/8cff9ddc-4abb-47b3-960b-9ce91f930a22/current/raft-meta with options [REPLACE_EXISTING]
2024-12-14 12:26:16,321 INFO  server.RaftServer$Division (RaftServerImpl.java:setFirstElection(563)) - s7@group-9CE91F930A22: set firstElectionSinceStartup to false for appendEntries
2024-12-14 12:26:16,321 INFO  server.RaftServer$Division (ServerState.java:setLeader(272)) - s7@group-9CE91F930A22: change Leader from null to s11 at term 1 for appendEntries, leader elected after 195ms
2024-12-14 12:26:16,321 TRACE util.FileUtils (LogUtils.java:supplyAndLog(69)) - Successfully supplied FileChannel.open /home/runner/work/ratis/ratis/ratis-examples/target/test/data/da5193cb/MiniRaftClusterWithNetty71855ece/s6/8cff9ddc-4abb-47b3-960b-9ce91f930a22/current/raft-meta.tmp with options [CREATE, WRITE]: sun.nio.ch.FileChannelImpl@f211584
2024-12-14 12:26:16,322 INFO  leader.FollowerInfo (FollowerInfoImpl.java:setAttemptedToInstallSnapshot(154)) - Follower s11@group-9CE91F930A22->s8 acknowledged installing snapshot
2024-12-14 12:26:16,322 TRACE util.FileUtils (LogUtils.java:runAndLog(49)) - Successfully ran Atomic Files.move /home/runner/work/ratis/ratis/ratis-examples/target/test/data/da5193cb/MiniRaftClusterWithNetty71855ece/s6/8cff9ddc-4abb-47b3-960b-9ce91f930a22/current/raft-meta.tmp to /home/runner/work/ratis/ratis/ratis-examples/target/test/data/da5193cb/MiniRaftClusterWithNetty71855ece/s6/8cff9ddc-4abb-47b3-960b-9ce91f930a22/current/raft-meta with options [REPLACE_EXISTING]
2024-12-14 12:26:16,322 INFO  server.RaftServer$Division (RaftServerImpl.java:setFirstElection(563)) - s6@group-9CE91F930A22: set firstElectionSinceStartup to false for appendEntries
2024-12-14 12:26:16,322 INFO  server.RaftServer$Division (ServerState.java:setLeader(272)) - s6@group-9CE91F930A22: change Leader from null to s11 at term 1 for appendEntries, leader elected after 213ms
2024-12-14 12:26:16,323 INFO  logging.LoggingHandler (AbstractInternalLogger.java:log(148)) - [id: 0x75a19822, L:/0.0.0.0:15023] READ: [id: 0x14e4bd1e, L:/127.0.0.1:15023 - R:/127.0.0.1:49070]
2024-12-14 12:26:16,325 INFO  leader.FollowerInfo (FollowerInfoImpl.java:setAttemptedToInstallSnapshot(154)) - Follower s11@group-9CE91F930A22->s9 acknowledged installing snapshot
2024-12-14 12:26:16,329 INFO  logging.LoggingHandler (AbstractInternalLogger.java:log(148)) - [id: 0x8195817e, L:/0.0.0.0:15024] READ: [id: 0x97ff20c2, L:/127.0.0.1:15024 - R:/127.0.0.1:39744]
2024-12-14 12:26:16,332 INFO  logging.LoggingHandler (AbstractInternalLogger.java:log(148)) - [id: 0xb8bf086a, L:/0.0.0.0:15020] READ COMPLETE
2024-12-14 12:26:16,333 TRACE util.FileUtils (LogUtils.java:supplyAndLog(69)) - Successfully supplied FileChannel.open /home/runner/work/ratis/ratis/ratis-examples/target/test/data/da5193cb/MiniRaftClusterWithNetty71855ece/s5/8cff9ddc-4abb-47b3-960b-9ce91f930a22/current/raft-meta.tmp with options [CREATE, WRITE]: sun.nio.ch.FileChannelImpl@975a5cf
2024-12-14 12:26:16,333 INFO  logging.LoggingHandler (AbstractInternalLogger.java:log(148)) - [id: 0x8195817e, L:/0.0.0.0:15024] READ COMPLETE
2024-12-14 12:26:16,334 TRACE util.FileUtils (LogUtils.java:runAndLog(49)) - Successfully ran Atomic Files.move /home/runner/work/ratis/ratis/ratis-examples/target/test/data/da5193cb/MiniRaftClusterWithNetty71855ece/s5/8cff9ddc-4abb-47b3-960b-9ce91f930a22/current/raft-meta.tmp to /home/runner/work/ratis/ratis/ratis-examples/target/test/data/da5193cb/MiniRaftClusterWithNetty71855ece/s5/8cff9ddc-4abb-47b3-960b-9ce91f930a22/current/raft-meta with options [REPLACE_EXISTING]
2024-12-14 12:26:16,334 INFO  server.RaftServer$Division (RaftServerImpl.java:setFirstElection(563)) - s5@group-9CE91F930A22: set firstElectionSinceStartup to false for appendEntries
2024-12-14 12:26:16,334 INFO  server.RaftServer$Division (ServerState.java:setLeader(272)) - s5@group-9CE91F930A22: change Leader from null to s11 at term 1 for appendEntries, leader elected after 240ms
2024-12-14 12:26:16,335 TRACE util.FileUtils (LogUtils.java:supplyAndLog(69)) - Successfully supplied FileChannel.open /home/runner/work/ratis/ratis/ratis-examples/target/test/data/da5193cb/MiniRaftClusterWithNetty71855ece/s9/8cff9ddc-4abb-47b3-960b-9ce91f930a22/current/raft-meta.tmp with options [CREATE, WRITE]: sun.nio.ch.FileChannelImpl@32427395
2024-12-14 12:26:16,335 INFO  logging.LoggingHandler (AbstractInternalLogger.java:log(148)) - [id: 0x75a19822, L:/0.0.0.0:15023] READ COMPLETE
2024-12-14 12:26:16,336 TRACE util.FileUtils (LogUtils.java:runAndLog(49)) - Successfully ran Atomic Files.move /home/runner/work/ratis/ratis/ratis-examples/target/test/data/da5193cb/MiniRaftClusterWithNetty71855ece/s9/8cff9ddc-4abb-47b3-960b-9ce91f930a22/current/raft-meta.tmp to /home/runner/work/ratis/ratis/ratis-examples/target/test/data/da5193cb/MiniRaftClusterWithNetty71855ece/s9/8cff9ddc-4abb-47b3-960b-9ce91f930a22/current/raft-meta with options [REPLACE_EXISTING]
2024-12-14 12:26:16,336 INFO  server.RaftServer$Division (RaftServerImpl.java:setFirstElection(563)) - s9@group-9CE91F930A22: set firstElectionSinceStartup to false for appendEntries
2024-12-14 12:26:16,336 INFO  server.RaftServer$Division (ServerState.java:setLeader(272)) - s9@group-9CE91F930A22: change Leader from null to s11 at term 1 for appendEntries, leader elected after 176ms
2024-12-14 12:26:16,336 TRACE util.FileUtils (LogUtils.java:supplyAndLog(69)) - Successfully supplied FileChannel.open /home/runner/work/ratis/ratis/ratis-examples/target/test/data/da5193cb/MiniRaftClusterWithNetty71855ece/s8/8cff9ddc-4abb-47b3-960b-9ce91f930a22/current/raft-meta.tmp with options [CREATE, WRITE]: sun.nio.ch.FileChannelImpl@6f3d05ed
2024-12-14 12:26:16,337 TRACE util.FileUtils (LogUtils.java:runAndLog(49)) - Successfully ran Atomic Files.move /home/runner/work/ratis/ratis/ratis-examples/target/test/data/da5193cb/MiniRaftClusterWithNetty71855ece/s8/8cff9ddc-4abb-47b3-960b-9ce91f930a22/current/raft-meta.tmp to /home/runner/work/ratis/ratis/ratis-examples/target/test/data/da5193cb/MiniRaftClusterWithNetty71855ece/s8/8cff9ddc-4abb-47b3-960b-9ce91f930a22/current/raft-meta with options [REPLACE_EXISTING]
2024-12-14 12:26:16,338 INFO  server.RaftServer$Division (RaftServerImpl.java:setFirstElection(563)) - s8@group-9CE91F930A22: set firstElectionSinceStartup to false for appendEntries
2024-12-14 12:26:16,338 INFO  server.RaftServer$Division (ServerState.java:setLeader(272)) - s8@group-9CE91F930A22: change Leader from null to s11 at term 1 for appendEntries, leader elected after 197ms
2024-12-14 12:26:16,339 INFO  server.RaftServer$Division (ServerState.java:setRaftConf(386)) - s7@group-9CE91F930A22: set configuration conf: {index: 0, cur=peers:[s11|0.0.0.0:15026, s13|0.0.0.0:15028, s12|0.0.0.0:15027]|listeners:[], old=null}
2024-12-14 12:26:16,340 INFO  server.RaftServer$Division (ServerState.java:setRaftConf(386)) - s7@group-9CE91F930A22: set configuration conf: {index: 121, cur=peers:[s11|0.0.0.0:15026, s13|0.0.0.0:15028, s12|0.0.0.0:15027, s0|0.0.0.0:15015, s1|0.0.0.0:15016]|listeners:[], old=peers:[s11|0.0.0.0:15026, s13|0.0.0.0:15028, s12|0.0.0.0:15027]|listeners:[]}
2024-12-14 12:26:16,340 INFO  server.RaftServer$Division (ServerState.java:setRaftConf(386)) - s7@group-9CE91F930A22: set configuration conf: {index: 123, cur=peers:[s11|0.0.0.0:15026, s13|0.0.0.0:15028, s12|0.0.0.0:15027, s0|0.0.0.0:15015, s1|0.0.0.0:15016]|listeners:[], old=null}
2024-12-14 12:26:16,339 INFO  server.RaftServer$Division (ServerState.java:setRaftConf(386)) - s4@group-9CE91F930A22: set configuration conf: {index: 0, cur=peers:[s11|0.0.0.0:15026, s13|0.0.0.0:15028, s12|0.0.0.0:15027]|listeners:[], old=null}
2024-12-14 12:26:16,340 INFO  server.RaftServer$Division (ServerState.java:setRaftConf(386)) - s4@group-9CE91F930A22: set configuration conf: {index: 121, cur=peers:[s11|0.0.0.0:15026, s13|0.0.0.0:15028, s12|0.0.0.0:15027, s0|0.0.0.0:15015, s1|0.0.0.0:15016]|listeners:[], old=peers:[s11|0.0.0.0:15026, s13|0.0.0.0:15028, s12|0.0.0.0:15027]|listeners:[]}
2024-12-14 12:26:16,340 INFO  server.RaftServer$Division (ServerState.java:setRaftConf(386)) - s4@group-9CE91F930A22: set configuration conf: {index: 123, cur=peers:[s11|0.0.0.0:15026, s13|0.0.0.0:15028, s12|0.0.0.0:15027, s0|0.0.0.0:15015, s1|0.0.0.0:15016]|listeners:[], old=null}
2024-12-14 12:26:16,340 INFO  server.RaftServer$Division (ServerState.java:setRaftConf(386)) - s7@group-9CE91F930A22: set configuration conf: {index: 125, cur=peers:[s3|0.0.0.0:15018, s11|0.0.0.0:15026, s10|0.0.0.0:15025, s13|0.0.0.0:15028, s12|0.0.0.0:15027, s14|0.0.0.0:15029, s0|0.0.0.0:15015, s1|0.0.0.0:15016, s2|0.0.0.0:15017]|listeners:[], old=peers:[s11|0.0.0.0:15026, s13|0.0.0.0:15028, s12|0.0.0.0:15027, s0|0.0.0.0:15015, s1|0.0.0.0:15016]|listeners:[]}
2024-12-14 12:26:16,340 INFO  server.RaftServer$Division (ServerState.java:setRaftConf(386)) - s7@group-9CE91F930A22: set configuration conf: {index: 127, cur=peers:[s3|0.0.0.0:15018, s11|0.0.0.0:15026, s10|0.0.0.0:15025, s13|0.0.0.0:15028, s12|0.0.0.0:15027, s14|0.0.0.0:15029, s0|0.0.0.0:15015, s1|0.0.0.0:15016, s2|0.0.0.0:15017]|listeners:[], old=null}
2024-12-14 12:26:16,340 INFO  segmented.SegmentedRaftLogWorker (SegmentedRaftLogWorker.java:startLogSegment(443)) - s7@group-9CE91F930A22-SegmentedRaftLogWorker: Starting segment from index:0
2024-12-14 12:26:16,340 INFO  server.RaftServer$Division (ServerState.java:setRaftConf(386)) - s4@group-9CE91F930A22: set configuration conf: {index: 125, cur=peers:[s3|0.0.0.0:15018, s11|0.0.0.0:15026, s10|0.0.0.0:15025, s13|0.0.0.0:15028, s12|0.0.0.0:15027, s14|0.0.0.0:15029, s0|0.0.0.0:15015, s1|0.0.0.0:15016, s2|0.0.0.0:15017]|listeners:[], old=peers:[s11|0.0.0.0:15026, s13|0.0.0.0:15028, s12|0.0.0.0:15027, s0|0.0.0.0:15015, s1|0.0.0.0:15016]|listeners:[]}
2024-12-14 12:26:16,341 INFO  server.RaftServer$Division (ServerState.java:setRaftConf(386)) - s4@group-9CE91F930A22: set configuration conf: {index: 127, cur=peers:[s3|0.0.0.0:15018, s11|0.0.0.0:15026, s10|0.0.0.0:15025, s13|0.0.0.0:15028, s12|0.0.0.0:15027, s14|0.0.0.0:15029, s0|0.0.0.0:15015, s1|0.0.0.0:15016, s2|0.0.0.0:15017]|listeners:[], old=null}
2024-12-14 12:26:16,341 INFO  segmented.SegmentedRaftLogWorker (SegmentedRaftLogWorker.java:startLogSegment(443)) - s4@group-9CE91F930A22-SegmentedRaftLogWorker: Starting segment from index:0
2024-12-14 12:26:16,342 INFO  segmented.BufferedWriteChannel (BufferedWriteChannel.java:open(61)) - open log_inprogress_0 at position 0
2024-12-14 12:26:16,342 INFO  segmented.BufferedWriteChannel (BufferedWriteChannel.java:open(61)) - open log_inprogress_0 at position 0
2024-12-14 12:26:16,344 INFO  server.RaftServer$Division (ServerState.java:setRaftConf(386)) - s6@group-9CE91F930A22: set configuration conf: {index: 0, cur=peers:[s11|0.0.0.0:15026, s13|0.0.0.0:15028, s12|0.0.0.0:15027]|listeners:[], old=null}
2024-12-14 12:26:16,344 INFO  server.RaftServer$Division (ServerState.java:setRaftConf(386)) - s6@group-9CE91F930A22: set configuration conf: {index: 121, cur=peers:[s11|0.0.0.0:15026, s13|0.0.0.0:15028, s12|0.0.0.0:15027, s0|0.0.0.0:15015, s1|0.0.0.0:15016]|listeners:[], old=peers:[s11|0.0.0.0:15026, s13|0.0.0.0:15028, s12|0.0.0.0:15027]|listeners:[]}
2024-12-14 12:26:16,344 INFO  server.RaftServer$Division (ServerState.java:setRaftConf(386)) - s5@group-9CE91F930A22: set configuration conf: {index: 0, cur=peers:[s11|0.0.0.0:15026, s13|0.0.0.0:15028, s12|0.0.0.0:15027]|listeners:[], old=null}
2024-12-14 12:26:16,344 INFO  server.RaftServer$Division (ServerState.java:setRaftConf(386)) - s5@group-9CE91F930A22: set configuration conf: {index: 121, cur=peers:[s11|0.0.0.0:15026, s13|0.0.0.0:15028, s12|0.0.0.0:15027, s0|0.0.0.0:15015, s1|0.0.0.0:15016]|listeners:[], old=peers:[s11|0.0.0.0:15026, s13|0.0.0.0:15028, s12|0.0.0.0:15027]|listeners:[]}
2024-12-14 12:26:16,344 INFO  server.RaftServer$Division (ServerState.java:setRaftConf(386)) - s5@group-9CE91F930A22: set configuration conf: {index: 123, cur=peers:[s11|0.0.0.0:15026, s13|0.0.0.0:15028, s12|0.0.0.0:15027, s0|0.0.0.0:15015, s1|0.0.0.0:15016]|listeners:[], old=null}
2024-12-14 12:26:16,344 INFO  server.RaftServer$Division (ServerState.java:setRaftConf(386)) - s5@group-9CE91F930A22: set configuration conf: {index: 125, cur=peers:[s3|0.0.0.0:15018, s11|0.0.0.0:15026, s10|0.0.0.0:15025, s13|0.0.0.0:15028, s12|0.0.0.0:15027, s14|0.0.0.0:15029, s0|0.0.0.0:15015, s1|0.0.0.0:15016, s2|0.0.0.0:15017]|listeners:[], old=peers:[s11|0.0.0.0:15026, s13|0.0.0.0:15028, s12|0.0.0.0:15027, s0|0.0.0.0:15015, s1|0.0.0.0:15016]|listeners:[]}
2024-12-14 12:26:16,344 INFO  server.RaftServer$Division (ServerState.java:setRaftConf(386)) - s5@group-9CE91F930A22: set configuration conf: {index: 127, cur=peers:[s3|0.0.0.0:15018, s11|0.0.0.0:15026, s10|0.0.0.0:15025, s13|0.0.0.0:15028, s12|0.0.0.0:15027, s14|0.0.0.0:15029, s0|0.0.0.0:15015, s1|0.0.0.0:15016, s2|0.0.0.0:15017]|listeners:[], old=null}
2024-12-14 12:26:16,345 INFO  segmented.SegmentedRaftLogWorker (SegmentedRaftLogWorker.java:startLogSegment(443)) - s5@group-9CE91F930A22-SegmentedRaftLogWorker: Starting segment from index:0
2024-12-14 12:26:16,344 INFO  server.RaftServer$Division (ServerState.java:setRaftConf(386)) - s6@group-9CE91F930A22: set configuration conf: {index: 123, cur=peers:[s11|0.0.0.0:15026, s13|0.0.0.0:15028, s12|0.0.0.0:15027, s0|0.0.0.0:15015, s1|0.0.0.0:15016]|listeners:[], old=null}
2024-12-14 12:26:16,345 INFO  server.RaftServer$Division (ServerState.java:setRaftConf(386)) - s6@group-9CE91F930A22: set configuration conf: {index: 125, cur=peers:[s3|0.0.0.0:15018, s11|0.0.0.0:15026, s10|0.0.0.0:15025, s13|0.0.0.0:15028, s12|0.0.0.0:15027, s14|0.0.0.0:15029, s0|0.0.0.0:15015, s1|0.0.0.0:15016, s2|0.0.0.0:15017]|listeners:[], old=peers:[s11|0.0.0.0:15026, s13|0.0.0.0:15028, s12|0.0.0.0:15027, s0|0.0.0.0:15015, s1|0.0.0.0:15016]|listeners:[]}
2024-12-14 12:26:16,345 INFO  segmented.BufferedWriteChannel (BufferedWriteChannel.java:open(61)) - open log_inprogress_0 at position 0
2024-12-14 12:26:16,346 INFO  server.RaftServer$Division (ServerState.java:setRaftConf(386)) - s8@group-9CE91F930A22: set configuration conf: {index: 0, cur=peers:[s11|0.0.0.0:15026, s13|0.0.0.0:15028, s12|0.0.0.0:15027]|listeners:[], old=null}
2024-12-14 12:26:16,346 INFO  server.RaftServer$Division (ServerState.java:setRaftConf(386)) - s8@group-9CE91F930A22: set configuration conf: {index: 121, cur=peers:[s11|0.0.0.0:15026, s13|0.0.0.0:15028, s12|0.0.0.0:15027, s0|0.0.0.0:15015, s1|0.0.0.0:15016]|listeners:[], old=peers:[s11|0.0.0.0:15026, s13|0.0.0.0:15028, s12|0.0.0.0:15027]|listeners:[]}
2024-12-14 12:26:16,346 INFO  server.RaftServer$Division (ServerState.java:setRaftConf(386)) - s8@group-9CE91F930A22: set configuration conf: {index: 123, cur=peers:[s11|0.0.0.0:15026, s13|0.0.0.0:15028, s12|0.0.0.0:15027, s0|0.0.0.0:15015, s1|0.0.0.0:15016]|listeners:[], old=null}
2024-12-14 12:26:16,346 INFO  server.RaftServer$Division (ServerState.java:setRaftConf(386)) - s8@group-9CE91F930A22: set configuration conf: {index: 125, cur=peers:[s3|0.0.0.0:15018, s11|0.0.0.0:15026, s10|0.0.0.0:15025, s13|0.0.0.0:15028, s12|0.0.0.0:15027, s14|0.0.0.0:15029, s0|0.0.0.0:15015, s1|0.0.0.0:15016, s2|0.0.0.0:15017]|listeners:[], old=peers:[s11|0.0.0.0:15026, s13|0.0.0.0:15028, s12|0.0.0.0:15027, s0|0.0.0.0:15015, s1|0.0.0.0:15016]|listeners:[]}
2024-12-14 12:26:16,346 INFO  server.RaftServer$Division (ServerState.java:setRaftConf(386)) - s8@group-9CE91F930A22: set configuration conf: {index: 127, cur=peers:[s3|0.0.0.0:15018, s11|0.0.0.0:15026, s10|0.0.0.0:15025, s13|0.0.0.0:15028, s12|0.0.0.0:15027, s14|0.0.0.0:15029, s0|0.0.0.0:15015, s1|0.0.0.0:15016, s2|0.0.0.0:15017]|listeners:[], old=null}
2024-12-14 12:26:16,346 INFO  segmented.SegmentedRaftLogWorker (SegmentedRaftLogWorker.java:startLogSegment(443)) - s8@group-9CE91F930A22-SegmentedRaftLogWorker: Starting segment from index:0
2024-12-14 12:26:16,347 INFO  segmented.BufferedWriteChannel (BufferedWriteChannel.java:open(61)) - open log_inprogress_0 at position 0
2024-12-14 12:26:16,345 INFO  server.RaftServer$Division (ServerState.java:setRaftConf(386)) - s6@group-9CE91F930A22: set configuration conf: {index: 127, cur=peers:[s3|0.0.0.0:15018, s11|0.0.0.0:15026, s10|0.0.0.0:15025, s13|0.0.0.0:15028, s12|0.0.0.0:15027, s14|0.0.0.0:15029, s0|0.0.0.0:15015, s1|0.0.0.0:15016, s2|0.0.0.0:15017]|listeners:[], old=null}
2024-12-14 12:26:16,352 INFO  segmented.SegmentedRaftLogWorker (SegmentedRaftLogWorker.java:startLogSegment(443)) - s6@group-9CE91F930A22-SegmentedRaftLogWorker: Starting segment from index:0
2024-12-14 12:26:16,359 INFO  server.RaftServer$Division (ServerState.java:setRaftConf(386)) - s9@group-9CE91F930A22: set configuration conf: {index: 0, cur=peers:[s11|0.0.0.0:15026, s13|0.0.0.0:15028, s12|0.0.0.0:15027]|listeners:[], old=null}
2024-12-14 12:26:16,360 INFO  server.RaftServer$Division (ServerState.java:setRaftConf(386)) - s9@group-9CE91F930A22: set configuration conf: {index: 121, cur=peers:[s11|0.0.0.0:15026, s13|0.0.0.0:15028, s12|0.0.0.0:15027, s0|0.0.0.0:15015, s1|0.0.0.0:15016]|listeners:[], old=peers:[s11|0.0.0.0:15026, s13|0.0.0.0:15028, s12|0.0.0.0:15027]|listeners:[]}
2024-12-14 12:26:16,360 INFO  server.RaftServer$Division (ServerState.java:setRaftConf(386)) - s9@group-9CE91F930A22: set configuration conf: {index: 123, cur=peers:[s11|0.0.0.0:15026, s13|0.0.0.0:15028, s12|0.0.0.0:15027, s0|0.0.0.0:15015, s1|0.0.0.0:15016]|listeners:[], old=null}
2024-12-14 12:26:16,360 INFO  server.RaftServer$Division (ServerState.java:setRaftConf(386)) - s9@group-9CE91F930A22: set configuration conf: {index: 125, cur=peers:[s3|0.0.0.0:15018, s11|0.0.0.0:15026, s10|0.0.0.0:15025, s13|0.0.0.0:15028, s12|0.0.0.0:15027, s14|0.0.0.0:15029, s0|0.0.0.0:15015, s1|0.0.0.0:15016, s2|0.0.0.0:15017]|listeners:[], old=peers:[s11|0.0.0.0:15026, s13|0.0.0.0:15028, s12|0.0.0.0:15027, s0|0.0.0.0:15015, s1|0.0.0.0:15016]|listeners:[]}
2024-12-14 12:26:16,360 INFO  server.RaftServer$Division (ServerState.java:setRaftConf(386)) - s9@group-9CE91F930A22: set configuration conf: {index: 127, cur=peers:[s3|0.0.0.0:15018, s11|0.0.0.0:15026, s10|0.0.0.0:15025, s13|0.0.0.0:15028, s12|0.0.0.0:15027, s14|0.0.0.0:15029, s0|0.0.0.0:15015, s1|0.0.0.0:15016, s2|0.0.0.0:15017]|listeners:[], old=null}
2024-12-14 12:26:16,360 INFO  segmented.SegmentedRaftLogWorker (SegmentedRaftLogWorker.java:startLogSegment(443)) - s9@group-9CE91F930A22-SegmentedRaftLogWorker: Starting segment from index:0
2024-12-14 12:26:16,361 INFO  segmented.BufferedWriteChannel (BufferedWriteChannel.java:open(61)) - open log_inprogress_0 at position 0
2024-12-14 12:26:16,361 INFO  segmented.BufferedWriteChannel (BufferedWriteChannel.java:open(61)) - open log_inprogress_0 at position 0
2024-12-14 12:26:16,361 INFO  segmented.SegmentedRaftLogWorker (SegmentedRaftLogWorker.java:execute(667)) - s5@group-9CE91F930A22-SegmentedRaftLogWorker: created new log segment /home/runner/work/ratis/ratis/ratis-examples/target/test/data/da5193cb/MiniRaftClusterWithNetty71855ece/s5/8cff9ddc-4abb-47b3-960b-9ce91f930a22/current/log_inprogress_0
2024-12-14 12:26:16,361 INFO  segmented.SegmentedRaftLogWorker (SegmentedRaftLogWorker.java:execute(667)) - s4@group-9CE91F930A22-SegmentedRaftLogWorker: created new log segment /home/runner/work/ratis/ratis/ratis-examples/target/test/data/da5193cb/MiniRaftClusterWithNetty71855ece/s4/8cff9ddc-4abb-47b3-960b-9ce91f930a22/current/log_inprogress_0
2024-12-14 12:26:16,369 INFO  segmented.SegmentedRaftLogWorker (SegmentedRaftLogWorker.java:execute(667)) - s8@group-9CE91F930A22-SegmentedRaftLogWorker: created new log segment /home/runner/work/ratis/ratis/ratis-examples/target/test/data/da5193cb/MiniRaftClusterWithNetty71855ece/s8/8cff9ddc-4abb-47b3-960b-9ce91f930a22/current/log_inprogress_0
2024-12-14 12:26:16,371 TRACE util.FileUtils (LogUtils.java:supplyAndLog(69)) - Successfully supplied FileChannel.open /home/runner/work/ratis/ratis/ratis-examples/target/test/data/da5193cb/MiniRaftClusterWithNetty71855ece/s5/8cff9ddc-4abb-47b3-960b-9ce91f930a22/current/raft-meta.conf.tmp with options [CREATE, WRITE]: sun.nio.ch.FileChannelImpl@75918043
2024-12-14 12:26:16,372 INFO  server.RaftServer$Division (ServerState.java:setRaftConf(386)) - s11@group-9CE91F930A22: set configuration conf: {index: 129, cur=peers:[s3|0.0.0.0:15018, s4|0.0.0.0:15019, s5|0.0.0.0:15020, s6|0.0.0.0:15021, s7|0.0.0.0:15022, s8|0.0.0.0:15023, s9|0.0.0.0:15024, s11|0.0.0.0:15026, s10|0.0.0.0:15025, s13|0.0.0.0:15028, s12|0.0.0.0:15027, s14|0.0.0.0:15029, s0|0.0.0.0:15015, s1|0.0.0.0:15016, s2|0.0.0.0:15017]|listeners:[], old=peers:[s3|0.0.0.0:15018, s11|0.0.0.0:15026, s10|0.0.0.0:15025, s13|0.0.0.0:15028, s12|0.0.0.0:15027, s14|0.0.0.0:15029, s0|0.0.0.0:15015, s1|0.0.0.0:15016, s2|0.0.0.0:15017]|listeners:[]}
2024-12-14 12:26:16,373 INFO  server.RaftServer$Division (ServerState.java:setRaftConf(386)) - s13@group-9CE91F930A22: set configuration conf: {index: 129, cur=peers:[s3|0.0.0.0:15018, s4|0.0.0.0:15019, s5|0.0.0.0:15020, s6|0.0.0.0:15021, s7|0.0.0.0:15022, s8|0.0.0.0:15023, s9|0.0.0.0:15024, s11|0.0.0.0:15026, s10|0.0.0.0:15025, s13|0.0.0.0:15028, s12|0.0.0.0:15027, s14|0.0.0.0:15029, s0|0.0.0.0:15015, s1|0.0.0.0:15016, s2|0.0.0.0:15017]|listeners:[], old=peers:[s3|0.0.0.0:15018, s11|0.0.0.0:15026, s10|0.0.0.0:15025, s13|0.0.0.0:15028, s12|0.0.0.0:15027, s14|0.0.0.0:15029, s0|0.0.0.0:15015, s1|0.0.0.0:15016, s2|0.0.0.0:15017]|listeners:[]}
2024-12-14 12:26:16,374 INFO  server.RaftServer$Division (ServerState.java:setRaftConf(386)) - s0@group-9CE91F930A22: set configuration conf: {index: 129, cur=peers:[s3|0.0.0.0:15018, s4|0.0.0.0:15019, s5|0.0.0.0:15020, s6|0.0.0.0:15021, s7|0.0.0.0:15022, s8|0.0.0.0:15023, s9|0.0.0.0:15024, s11|0.0.0.0:15026, s10|0.0.0.0:15025, s13|0.0.0.0:15028, s12|0.0.0.0:15027, s14|0.0.0.0:15029, s0|0.0.0.0:15015, s1|0.0.0.0:15016, s2|0.0.0.0:15017]|listeners:[], old=peers:[s3|0.0.0.0:15018, s11|0.0.0.0:15026, s10|0.0.0.0:15025, s13|0.0.0.0:15028, s12|0.0.0.0:15027, s14|0.0.0.0:15029, s0|0.0.0.0:15015, s1|0.0.0.0:15016, s2|0.0.0.0:15017]|listeners:[]}
2024-12-14 12:26:16,374 INFO  server.RaftServer$Division (ServerState.java:setRaftConf(386)) - s1@group-9CE91F930A22: set configuration conf: {index: 129, cur=peers:[s3|0.0.0.0:15018, s4|0.0.0.0:15019, s5|0.0.0.0:15020, s6|0.0.0.0:15021, s7|0.0.0.0:15022, s8|0.0.0.0:15023, s9|0.0.0.0:15024, s11|0.0.0.0:15026, s10|0.0.0.0:15025, s13|0.0.0.0:15028, s12|0.0.0.0:15027, s14|0.0.0.0:15029, s0|0.0.0.0:15015, s1|0.0.0.0:15016, s2|0.0.0.0:15017]|listeners:[], old=peers:[s3|0.0.0.0:15018, s11|0.0.0.0:15026, s10|0.0.0.0:15025, s13|0.0.0.0:15028, s12|0.0.0.0:15027, s14|0.0.0.0:15029, s0|0.0.0.0:15015, s1|0.0.0.0:15016, s2|0.0.0.0:15017]|listeners:[]}
2024-12-14 12:26:16,374 INFO  server.RaftServer$Division (ServerState.java:setRaftConf(386)) - s3@group-9CE91F930A22: set configuration conf: {index: 129, cur=peers:[s3|0.0.0.0:15018, s4|0.0.0.0:15019, s5|0.0.0.0:15020, s6|0.0.0.0:15021, s7|0.0.0.0:15022, s8|0.0.0.0:15023, s9|0.0.0.0:15024, s11|0.0.0.0:15026, s10|0.0.0.0:15025, s13|0.0.0.0:15028, s12|0.0.0.0:15027, s14|0.0.0.0:15029, s0|0.0.0.0:15015, s1|0.0.0.0:15016, s2|0.0.0.0:15017]|listeners:[], old=peers:[s3|0.0.0.0:15018, s11|0.0.0.0:15026, s10|0.0.0.0:15025, s13|0.0.0.0:15028, s12|0.0.0.0:15027, s14|0.0.0.0:15029, s0|0.0.0.0:15015, s1|0.0.0.0:15016, s2|0.0.0.0:15017]|listeners:[]}
2024-12-14 12:26:16,375 INFO  impl.RoleInfo (RoleInfo.java:updateAndGet(148)) - s5: start s5@group-9CE91F930A22-FollowerState
2024-12-14 12:26:16,375 INFO  server.RaftServer$Division (ServerState.java:setRaftConf(386)) - s10@group-9CE91F930A22: set configuration conf: {index: 129, cur=peers:[s3|0.0.0.0:15018, s4|0.0.0.0:15019, s5|0.0.0.0:15020, s6|0.0.0.0:15021, s7|0.0.0.0:15022, s8|0.0.0.0:15023, s9|0.0.0.0:15024, s11|0.0.0.0:15026, s10|0.0.0.0:15025, s13|0.0.0.0:15028, s12|0.0.0.0:15027, s14|0.0.0.0:15029, s0|0.0.0.0:15015, s1|0.0.0.0:15016, s2|0.0.0.0:15017]|listeners:[], old=peers:[s3|0.0.0.0:15018, s11|0.0.0.0:15026, s10|0.0.0.0:15025, s13|0.0.0.0:15028, s12|0.0.0.0:15027, s14|0.0.0.0:15029, s0|0.0.0.0:15015, s1|0.0.0.0:15016, s2|0.0.0.0:15017]|listeners:[]}
2024-12-14 12:26:16,376 INFO  server.RaftServer$Division (ServerState.java:setRaftConf(386)) - s14@group-9CE91F930A22: set configuration conf: {index: 129, cur=peers:[s3|0.0.0.0:15018, s4|0.0.0.0:15019, s5|0.0.0.0:15020, s6|0.0.0.0:15021, s7|0.0.0.0:15022, s8|0.0.0.0:15023, s9|0.0.0.0:15024, s11|0.0.0.0:15026, s10|0.0.0.0:15025, s13|0.0.0.0:15028, s12|0.0.0.0:15027, s14|0.0.0.0:15029, s0|0.0.0.0:15015, s1|0.0.0.0:15016, s2|0.0.0.0:15017]|listeners:[], old=peers:[s3|0.0.0.0:15018, s11|0.0.0.0:15026, s10|0.0.0.0:15025, s13|0.0.0.0:15028, s12|0.0.0.0:15027, s14|0.0.0.0:15029, s0|0.0.0.0:15015, s1|0.0.0.0:15016, s2|0.0.0.0:15017]|listeners:[]}
2024-12-14 12:26:16,376 INFO  server.RaftServer$Division (ServerState.java:setRaftConf(386)) - s5@group-9CE91F930A22: set configuration conf: {index: 129, cur=peers:[s3|0.0.0.0:15018, s4|0.0.0.0:15019, s5|0.0.0.0:15020, s6|0.0.0.0:15021, s7|0.0.0.0:15022, s8|0.0.0.0:15023, s9|0.0.0.0:15024, s11|0.0.0.0:15026, s10|0.0.0.0:15025, s13|0.0.0.0:15028, s12|0.0.0.0:15027, s14|0.0.0.0:15029, s0|0.0.0.0:15015, s1|0.0.0.0:15016, s2|0.0.0.0:15017]|listeners:[], old=peers:[s3|0.0.0.0:15018, s11|0.0.0.0:15026, s10|0.0.0.0:15025, s13|0.0.0.0:15028, s12|0.0.0.0:15027, s14|0.0.0.0:15029, s0|0.0.0.0:15015, s1|0.0.0.0:15016, s2|0.0.0.0:15017]|listeners:[]}
2024-12-14 12:26:16,373 INFO  server.RaftServer$Division (ServerState.java:setRaftConf(386)) - s12@group-9CE91F930A22: set configuration conf: {index: 129, cur=peers:[s3|0.0.0.0:15018, s4|0.0.0.0:15019, s5|0.0.0.0:15020, s6|0.0.0.0:15021, s7|0.0.0.0:15022, s8|0.0.0.0:15023, s9|0.0.0.0:15024, s11|0.0.0.0:15026, s10|0.0.0.0:15025, s13|0.0.0.0:15028, s12|0.0.0.0:15027, s14|0.0.0.0:15029, s0|0.0.0.0:15015, s1|0.0.0.0:15016, s2|0.0.0.0:15017]|listeners:[], old=peers:[s3|0.0.0.0:15018, s11|0.0.0.0:15026, s10|0.0.0.0:15025, s13|0.0.0.0:15028, s12|0.0.0.0:15027, s14|0.0.0.0:15029, s0|0.0.0.0:15015, s1|0.0.0.0:15016, s2|0.0.0.0:15017]|listeners:[]}
2024-12-14 12:26:16,374 INFO  server.RaftServer$Division (ServerState.java:setRaftConf(386)) - s2@group-9CE91F930A22: set configuration conf: {index: 129, cur=peers:[s3|0.0.0.0:15018, s4|0.0.0.0:15019, s5|0.0.0.0:15020, s6|0.0.0.0:15021, s7|0.0.0.0:15022, s8|0.0.0.0:15023, s9|0.0.0.0:15024, s11|0.0.0.0:15026, s10|0.0.0.0:15025, s13|0.0.0.0:15028, s12|0.0.0.0:15027, s14|0.0.0.0:15029, s0|0.0.0.0:15015, s1|0.0.0.0:15016, s2|0.0.0.0:15017]|listeners:[], old=peers:[s3|0.0.0.0:15018, s11|0.0.0.0:15026, s10|0.0.0.0:15025, s13|0.0.0.0:15028, s12|0.0.0.0:15027, s14|0.0.0.0:15029, s0|0.0.0.0:15015, s1|0.0.0.0:15016, s2|0.0.0.0:15017]|listeners:[]}
2024-12-14 12:26:16,381 INFO  segmented.SegmentedRaftLogWorker (SegmentedRaftLogWorker.java:execute(667)) - s7@group-9CE91F930A22-SegmentedRaftLogWorker: created new log segment /home/runner/work/ratis/ratis/ratis-examples/target/test/data/da5193cb/MiniRaftClusterWithNetty71855ece/s7/8cff9ddc-4abb-47b3-960b-9ce91f930a22/current/log_inprogress_0
2024-12-14 12:26:16,381 TRACE util.FileUtils (LogUtils.java:supplyAndLog(69)) - Successfully supplied FileChannel.open /home/runner/work/ratis/ratis/ratis-examples/target/test/data/da5193cb/MiniRaftClusterWithNetty71855ece/s4/8cff9ddc-4abb-47b3-960b-9ce91f930a22/current/raft-meta.conf.tmp with options [CREATE, WRITE]: sun.nio.ch.FileChannelImpl@59afbcf2
2024-12-14 12:26:16,382 INFO  segmented.SegmentedRaftLogWorker (SegmentedRaftLogWorker.java:execute(667)) - s6@group-9CE91F930A22-SegmentedRaftLogWorker: created new log segment /home/runner/work/ratis/ratis/ratis-examples/target/test/data/da5193cb/MiniRaftClusterWithNetty71855ece/s6/8cff9ddc-4abb-47b3-960b-9ce91f930a22/current/log_inprogress_0
2024-12-14 12:26:16,382 TRACE util.FileUtils (LogUtils.java:runAndLog(49)) - Successfully ran Atomic Files.move /home/runner/work/ratis/ratis/ratis-examples/target/test/data/da5193cb/MiniRaftClusterWithNetty71855ece/s4/8cff9ddc-4abb-47b3-960b-9ce91f930a22/current/raft-meta.conf.tmp to /home/runner/work/ratis/ratis/ratis-examples/target/test/data/da5193cb/MiniRaftClusterWithNetty71855ece/s4/8cff9ddc-4abb-47b3-960b-9ce91f930a22/current/raft-meta.conf with options [REPLACE_EXISTING]
2024-12-14 12:26:16,383 INFO  segmented.SegmentedRaftLogWorker (SegmentedRaftLogWorker.java:execute(667)) - s9@group-9CE91F930A22-SegmentedRaftLogWorker: created new log segment /home/runner/work/ratis/ratis/ratis-examples/target/test/data/da5193cb/MiniRaftClusterWithNetty71855ece/s9/8cff9ddc-4abb-47b3-960b-9ce91f930a22/current/log_inprogress_0
2024-12-14 12:26:16,383 INFO  impl.RoleInfo (RoleInfo.java:updateAndGet(148)) - s7: start s7@group-9CE91F930A22-FollowerState
2024-12-14 12:26:16,384 TRACE util.FileUtils (LogUtils.java:supplyAndLog(69)) - Successfully supplied FileChannel.open /home/runner/work/ratis/ratis/ratis-examples/target/test/data/da5193cb/MiniRaftClusterWithNetty71855ece/s4/8cff9ddc-4abb-47b3-960b-9ce91f930a22/current/raft-meta.conf.tmp with options [CREATE, WRITE]: sun.nio.ch.FileChannelImpl@576859b7
2024-12-14 12:26:16,388 TRACE util.FileUtils (LogUtils.java:runAndLog(49)) - Successfully ran Atomic Files.move /home/runner/work/ratis/ratis/ratis-examples/target/test/data/da5193cb/MiniRaftClusterWithNetty71855ece/s4/8cff9ddc-4abb-47b3-960b-9ce91f930a22/current/raft-meta.conf.tmp to /home/runner/work/ratis/ratis/ratis-examples/target/test/data/da5193cb/MiniRaftClusterWithNetty71855ece/s4/8cff9ddc-4abb-47b3-960b-9ce91f930a22/current/raft-meta.conf with options [REPLACE_EXISTING]
2024-12-14 12:26:16,388 TRACE util.FileUtils (LogUtils.java:supplyAndLog(69)) - Successfully supplied FileChannel.open /home/runner/work/ratis/ratis/ratis-examples/target/test/data/da5193cb/MiniRaftClusterWithNetty71855ece/s4/8cff9ddc-4abb-47b3-960b-9ce91f930a22/current/raft-meta.conf.tmp with options [CREATE, WRITE]: sun.nio.ch.FileChannelImpl@5357d782
2024-12-14 12:26:16,389 TRACE util.FileUtils (LogUtils.java:runAndLog(49)) - Successfully ran Atomic Files.move /home/runner/work/ratis/ratis/ratis-examples/target/test/data/da5193cb/MiniRaftClusterWithNetty71855ece/s4/8cff9ddc-4abb-47b3-960b-9ce91f930a22/current/raft-meta.conf.tmp to /home/runner/work/ratis/ratis/ratis-examples/target/test/data/da5193cb/MiniRaftClusterWithNetty71855ece/s4/8cff9ddc-4abb-47b3-960b-9ce91f930a22/current/raft-meta.conf with options [REPLACE_EXISTING]
2024-12-14 12:26:16,390 TRACE util.FileUtils (LogUtils.java:supplyAndLog(69)) - Successfully supplied FileChannel.open /home/runner/work/ratis/ratis/ratis-examples/target/test/data/da5193cb/MiniRaftClusterWithNetty71855ece/s4/8cff9ddc-4abb-47b3-960b-9ce91f930a22/current/raft-meta.conf.tmp with options [CREATE, WRITE]: sun.nio.ch.FileChannelImpl@1655538c
2024-12-14 12:26:16,392 INFO  server.RaftServer$Division (ServerState.java:setRaftConf(386)) - s7@group-9CE91F930A22: set configuration conf: {index: 129, cur=peers:[s3|0.0.0.0:15018, s4|0.0.0.0:15019, s5|0.0.0.0:15020, s6|0.0.0.0:15021, s7|0.0.0.0:15022, s8|0.0.0.0:15023, s9|0.0.0.0:15024, s11|0.0.0.0:15026, s10|0.0.0.0:15025, s13|0.0.0.0:15028, s12|0.0.0.0:15027, s14|0.0.0.0:15029, s0|0.0.0.0:15015, s1|0.0.0.0:15016, s2|0.0.0.0:15017]|listeners:[], old=peers:[s3|0.0.0.0:15018, s11|0.0.0.0:15026, s10|0.0.0.0:15025, s13|0.0.0.0:15028, s12|0.0.0.0:15027, s14|0.0.0.0:15029, s0|0.0.0.0:15015, s1|0.0.0.0:15016, s2|0.0.0.0:15017]|listeners:[]}
2024-12-14 12:26:16,393 TRACE util.FileUtils (LogUtils.java:runAndLog(49)) - Successfully ran Atomic Files.move /home/runner/work/ratis/ratis/ratis-examples/target/test/data/da5193cb/MiniRaftClusterWithNetty71855ece/s5/8cff9ddc-4abb-47b3-960b-9ce91f930a22/current/raft-meta.conf.tmp to /home/runner/work/ratis/ratis/ratis-examples/target/test/data/da5193cb/MiniRaftClusterWithNetty71855ece/s5/8cff9ddc-4abb-47b3-960b-9ce91f930a22/current/raft-meta.conf with options [REPLACE_EXISTING]
2024-12-14 12:26:16,394 TRACE util.FileUtils (LogUtils.java:supplyAndLog(69)) - Successfully supplied FileChannel.open /home/runner/work/ratis/ratis/ratis-examples/target/test/data/da5193cb/MiniRaftClusterWithNetty71855ece/s7/8cff9ddc-4abb-47b3-960b-9ce91f930a22/current/raft-meta.conf.tmp with options [CREATE, WRITE]: sun.nio.ch.FileChannelImpl@2e4286c2
2024-12-14 12:26:16,394 INFO  impl.RoleInfo (RoleInfo.java:updateAndGet(148)) - s4: start s4@group-9CE91F930A22-FollowerState
2024-12-14 12:26:16,395 TRACE util.FileUtils (LogUtils.java:supplyAndLog(69)) - Successfully supplied FileChannel.open /home/runner/work/ratis/ratis/ratis-examples/target/test/data/da5193cb/MiniRaftClusterWithNetty71855ece/s9/8cff9ddc-4abb-47b3-960b-9ce91f930a22/current/raft-meta.conf.tmp with options [CREATE, WRITE]: sun.nio.ch.FileChannelImpl@406d217
2024-12-14 12:26:16,395 TRACE util.FileUtils (LogUtils.java:supplyAndLog(69)) - Successfully supplied FileChannel.open /home/runner/work/ratis/ratis/ratis-examples/target/test/data/da5193cb/MiniRaftClusterWithNetty71855ece/s6/8cff9ddc-4abb-47b3-960b-9ce91f930a22/current/raft-meta.conf.tmp with options [CREATE, WRITE]: sun.nio.ch.FileChannelImpl@23be4b88
2024-12-14 12:26:16,397 TRACE util.FileUtils (LogUtils.java:runAndLog(49)) - Successfully ran Atomic Files.move /home/runner/work/ratis/ratis/ratis-examples/target/test/data/da5193cb/MiniRaftClusterWithNetty71855ece/s9/8cff9ddc-4abb-47b3-960b-9ce91f930a22/current/raft-meta.conf.tmp to /home/runner/work/ratis/ratis/ratis-examples/target/test/data/da5193cb/MiniRaftClusterWithNetty71855ece/s9/8cff9ddc-4abb-47b3-960b-9ce91f930a22/current/raft-meta.conf with options [REPLACE_EXISTING]
2024-12-14 12:26:16,397 TRACE util.FileUtils (LogUtils.java:supplyAndLog(69)) - Successfully supplied FileChannel.open /home/runner/work/ratis/ratis/ratis-examples/target/test/data/da5193cb/MiniRaftClusterWithNetty71855ece/s11/8cff9ddc-4abb-47b3-960b-9ce91f930a22/current/raft-meta.conf.tmp with options [CREATE, WRITE]: sun.nio.ch.FileChannelImpl@3f03ed89
2024-12-14 12:26:16,397 INFO  server.RaftServer$Division (ServerState.java:setRaftConf(386)) - s4@group-9CE91F930A22: set configuration conf: {index: 129, cur=peers:[s3|0.0.0.0:15018, s4|0.0.0.0:15019, s5|0.0.0.0:15020, s6|0.0.0.0:15021, s7|0.0.0.0:15022, s8|0.0.0.0:15023, s9|0.0.0.0:15024, s11|0.0.0.0:15026, s10|0.0.0.0:15025, s13|0.0.0.0:15028, s12|0.0.0.0:15027, s14|0.0.0.0:15029, s0|0.0.0.0:15015, s1|0.0.0.0:15016, s2|0.0.0.0:15017]|listeners:[], old=peers:[s3|0.0.0.0:15018, s11|0.0.0.0:15026, s10|0.0.0.0:15025, s13|0.0.0.0:15028, s12|0.0.0.0:15027, s14|0.0.0.0:15029, s0|0.0.0.0:15015, s1|0.0.0.0:15016, s2|0.0.0.0:15017]|listeners:[]}
2024-12-14 12:26:16,397 INFO  server.RaftServer$Division (ServerState.java:setRaftConf(386)) - s11@group-9CE91F930A22: set configuration conf: {index: 131, cur=peers:[s3|0.0.0.0:15018, s4|0.0.0.0:15019, s5|0.0.0.0:15020, s6|0.0.0.0:15021, s7|0.0.0.0:15022, s8|0.0.0.0:15023, s9|0.0.0.0:15024, s11|0.0.0.0:15026, s10|0.0.0.0:15025, s13|0.0.0.0:15028, s12|0.0.0.0:15027, s14|0.0.0.0:15029, s0|0.0.0.0:15015, s1|0.0.0.0:15016, s2|0.0.0.0:15017]|listeners:[], old=null}
2024-12-14 12:26:16,398 INFO  server.RaftServer$Division (ServerState.java:setRaftConf(386)) - s12@group-9CE91F930A22: set configuration conf: {index: 131, cur=peers:[s3|0.0.0.0:15018, s4|0.0.0.0:15019, s5|0.0.0.0:15020, s6|0.0.0.0:15021, s7|0.0.0.0:15022, s8|0.0.0.0:15023, s9|0.0.0.0:15024, s11|0.0.0.0:15026, s10|0.0.0.0:15025, s13|0.0.0.0:15028, s12|0.0.0.0:15027, s14|0.0.0.0:15029, s0|0.0.0.0:15015, s1|0.0.0.0:15016, s2|0.0.0.0:15017]|listeners:[], old=null}
2024-12-14 12:26:16,399 TRACE util.FileUtils (LogUtils.java:supplyAndLog(69)) - Successfully supplied FileChannel.open /home/runner/work/ratis/ratis/ratis-examples/target/test/data/da5193cb/MiniRaftClusterWithNetty71855ece/s12/8cff9ddc-4abb-47b3-960b-9ce91f930a22/current/raft-meta.conf.tmp with options [CREATE, WRITE]: sun.nio.ch.FileChannelImpl@18a1f8d1
2024-12-14 12:26:16,399 TRACE util.FileUtils (LogUtils.java:supplyAndLog(69)) - Successfully supplied FileChannel.open /home/runner/work/ratis/ratis/ratis-examples/target/test/data/da5193cb/MiniRaftClusterWithNetty71855ece/s1/8cff9ddc-4abb-47b3-960b-9ce91f930a22/current/raft-meta.conf.tmp with options [CREATE, WRITE]: sun.nio.ch.FileChannelImpl@16527196
2024-12-14 12:26:16,399 INFO  server.RaftServer$Division (ServerState.java:setRaftConf(386)) - s4@group-9CE91F930A22: set configuration conf: {index: 131, cur=peers:[s3|0.0.0.0:15018, s4|0.0.0.0:15019, s5|0.0.0.0:15020, s6|0.0.0.0:15021, s7|0.0.0.0:15022, s8|0.0.0.0:15023, s9|0.0.0.0:15024, s11|0.0.0.0:15026, s10|0.0.0.0:15025, s13|0.0.0.0:15028, s12|0.0.0.0:15027, s14|0.0.0.0:15029, s0|0.0.0.0:15015, s1|0.0.0.0:15016, s2|0.0.0.0:15017]|listeners:[], old=null}
2024-12-14 12:26:16,401 TRACE util.FileUtils (LogUtils.java:runAndLog(49)) - Successfully ran Atomic Files.move /home/runner/work/ratis/ratis/ratis-examples/target/test/data/da5193cb/MiniRaftClusterWithNetty71855ece/s6/8cff9ddc-4abb-47b3-960b-9ce91f930a22/current/raft-meta.conf.tmp to /home/runner/work/ratis/ratis/ratis-examples/target/test/data/da5193cb/MiniRaftClusterWithNetty71855ece/s6/8cff9ddc-4abb-47b3-960b-9ce91f930a22/current/raft-meta.conf with options [REPLACE_EXISTING]
2024-12-14 12:26:16,402 TRACE util.FileUtils (LogUtils.java:supplyAndLog(69)) - Successfully supplied FileChannel.open /home/runner/work/ratis/ratis/ratis-examples/target/test/data/da5193cb/MiniRaftClusterWithNetty71855ece/s6/8cff9ddc-4abb-47b3-960b-9ce91f930a22/current/raft-meta.conf.tmp with options [CREATE, WRITE]: sun.nio.ch.FileChannelImpl@2d79a18f
2024-12-14 12:26:16,403 INFO  server.RaftServer$Division (ServerState.java:setRaftConf(386)) - s7@group-9CE91F930A22: set configuration conf: {index: 131, cur=peers:[s3|0.0.0.0:15018, s4|0.0.0.0:15019, s5|0.0.0.0:15020, s6|0.0.0.0:15021, s7|0.0.0.0:15022, s8|0.0.0.0:15023, s9|0.0.0.0:15024, s11|0.0.0.0:15026, s10|0.0.0.0:15025, s13|0.0.0.0:15028, s12|0.0.0.0:15027, s14|0.0.0.0:15029, s0|0.0.0.0:15015, s1|0.0.0.0:15016, s2|0.0.0.0:15017]|listeners:[], old=null}
2024-12-14 12:26:16,404 INFO  server.RaftServer$Division (ServerState.java:setRaftConf(386)) - s5@group-9CE91F930A22: set configuration conf: {index: 131, cur=peers:[s3|0.0.0.0:15018, s4|0.0.0.0:15019, s5|0.0.0.0:15020, s6|0.0.0.0:15021, s7|0.0.0.0:15022, s8|0.0.0.0:15023, s9|0.0.0.0:15024, s11|0.0.0.0:15026, s10|0.0.0.0:15025, s13|0.0.0.0:15028, s12|0.0.0.0:15027, s14|0.0.0.0:15029, s0|0.0.0.0:15015, s1|0.0.0.0:15016, s2|0.0.0.0:15017]|listeners:[], old=null}
2024-12-14 12:26:16,404 INFO  server.RaftServer$Division (ServerState.java:setRaftConf(386)) - s14@group-9CE91F930A22: set configuration conf: {index: 131, cur=peers:[s3|0.0.0.0:15018, s4|0.0.0.0:15019, s5|0.0.0.0:15020, s6|0.0.0.0:15021, s7|0.0.0.0:15022, s8|0.0.0.0:15023, s9|0.0.0.0:15024, s11|0.0.0.0:15026, s10|0.0.0.0:15025, s13|0.0.0.0:15028, s12|0.0.0.0:15027, s14|0.0.0.0:15029, s0|0.0.0.0:15015, s1|0.0.0.0:15016, s2|0.0.0.0:15017]|listeners:[], old=null}
2024-12-14 12:26:16,405 INFO  server.RaftServer$Division (ServerState.java:setRaftConf(386)) - s1@group-9CE91F930A22: set configuration conf: {index: 131, cur=peers:[s3|0.0.0.0:15018, s4|0.0.0.0:15019, s5|0.0.0.0:15020, s6|0.0.0.0:15021, s7|0.0.0.0:15022, s8|0.0.0.0:15023, s9|0.0.0.0:15024, s11|0.0.0.0:15026, s10|0.0.0.0:15025, s13|0.0.0.0:15028, s12|0.0.0.0:15027, s14|0.0.0.0:15029, s0|0.0.0.0:15015, s1|0.0.0.0:15016, s2|0.0.0.0:15017]|listeners:[], old=null}
2024-12-14 12:26:16,407 TRACE util.FileUtils (LogUtils.java:runAndLog(49)) - Successfully ran Atomic Files.move /home/runner/work/ratis/ratis/ratis-examples/target/test/data/da5193cb/MiniRaftClusterWithNetty71855ece/s7/8cff9ddc-4abb-47b3-960b-9ce91f930a22/current/raft-meta.conf.tmp to /home/runner/work/ratis/ratis/ratis-examples/target/test/data/da5193cb/MiniRaftClusterWithNetty71855ece/s7/8cff9ddc-4abb-47b3-960b-9ce91f930a22/current/raft-meta.conf with options [REPLACE_EXISTING]
2024-12-14 12:26:16,410 INFO  server.RaftServer$Division (ServerState.java:setRaftConf(386)) - s0@group-9CE91F930A22: set configuration conf: {index: 131, cur=peers:[s3|0.0.0.0:15018, s4|0.0.0.0:15019, s5|0.0.0.0:15020, s6|0.0.0.0:15021, s7|0.0.0.0:15022, s8|0.0.0.0:15023, s9|0.0.0.0:15024, s11|0.0.0.0:15026, s10|0.0.0.0:15025, s13|0.0.0.0:15028, s12|0.0.0.0:15027, s14|0.0.0.0:15029, s0|0.0.0.0:15015, s1|0.0.0.0:15016, s2|0.0.0.0:15017]|listeners:[], old=null}
2024-12-14 12:26:16,411 INFO  server.RaftServer$Division (ServerState.java:setRaftConf(386)) - s10@group-9CE91F930A22: set configuration conf: {index: 131, cur=peers:[s3|0.0.0.0:15018, s4|0.0.0.0:15019, s5|0.0.0.0:15020, s6|0.0.0.0:15021, s7|0.0.0.0:15022, s8|0.0.0.0:15023, s9|0.0.0.0:15024, s11|0.0.0.0:15026, s10|0.0.0.0:15025, s13|0.0.0.0:15028, s12|0.0.0.0:15027, s14|0.0.0.0:15029, s0|0.0.0.0:15015, s1|0.0.0.0:15016, s2|0.0.0.0:15017]|listeners:[], old=null}
2024-12-14 12:26:16,412 INFO  impl.RoleInfo (RoleInfo.java:updateAndGet(148)) - s6: start s6@group-9CE91F930A22-FollowerState
2024-12-14 12:26:16,412 INFO  server.RaftServer$Division (ServerState.java:setRaftConf(386)) - s2@group-9CE91F930A22: set configuration conf: {index: 131, cur=peers:[s3|0.0.0.0:15018, s4|0.0.0.0:15019, s5|0.0.0.0:15020, s6|0.0.0.0:15021, s7|0.0.0.0:15022, s8|0.0.0.0:15023, s9|0.0.0.0:15024, s11|0.0.0.0:15026, s10|0.0.0.0:15025, s13|0.0.0.0:15028, s12|0.0.0.0:15027, s14|0.0.0.0:15029, s0|0.0.0.0:15015, s1|0.0.0.0:15016, s2|0.0.0.0:15017]|listeners:[], old=null}
2024-12-14 12:26:16,412 INFO  server.RaftServer$Division (ServerState.java:setRaftConf(386)) - s13@group-9CE91F930A22: set configuration conf: {index: 131, cur=peers:[s3|0.0.0.0:15018, s4|0.0.0.0:15019, s5|0.0.0.0:15020, s6|0.0.0.0:15021, s7|0.0.0.0:15022, s8|0.0.0.0:15023, s9|0.0.0.0:15024, s11|0.0.0.0:15026, s10|0.0.0.0:15025, s13|0.0.0.0:15028, s12|0.0.0.0:15027, s14|0.0.0.0:15029, s0|0.0.0.0:15015, s1|0.0.0.0:15016, s2|0.0.0.0:15017]|listeners:[], old=null}
2024-12-14 12:26:16,413 INFO  server.RaftServer$Division (ServerState.java:setRaftConf(386)) - s3@group-9CE91F930A22: set configuration conf: {index: 131, cur=peers:[s3|0.0.0.0:15018, s4|0.0.0.0:15019, s5|0.0.0.0:15020, s6|0.0.0.0:15021, s7|0.0.0.0:15022, s8|0.0.0.0:15023, s9|0.0.0.0:15024, s11|0.0.0.0:15026, s10|0.0.0.0:15025, s13|0.0.0.0:15028, s12|0.0.0.0:15027, s14|0.0.0.0:15029, s0|0.0.0.0:15015, s1|0.0.0.0:15016, s2|0.0.0.0:15017]|listeners:[], old=null}
2024-12-14 12:26:16,413 TRACE util.FileUtils (LogUtils.java:supplyAndLog(69)) - Successfully supplied FileChannel.open /home/runner/work/ratis/ratis/ratis-examples/target/test/data/da5193cb/MiniRaftClusterWithNetty71855ece/s5/8cff9ddc-4abb-47b3-960b-9ce91f930a22/current/raft-meta.conf.tmp with options [CREATE, WRITE]: sun.nio.ch.FileChannelImpl@7b566081
2024-12-14 12:26:16,413 TRACE util.FileUtils (LogUtils.java:runAndLog(49)) - Successfully ran Atomic Files.move /home/runner/work/ratis/ratis/ratis-examples/target/test/data/da5193cb/MiniRaftClusterWithNetty71855ece/s12/8cff9ddc-4abb-47b3-960b-9ce91f930a22/current/raft-meta.conf.tmp to /home/runner/work/ratis/ratis/ratis-examples/target/test/data/da5193cb/MiniRaftClusterWithNetty71855ece/s12/8cff9ddc-4abb-47b3-960b-9ce91f930a22/current/raft-meta.conf with options [REPLACE_EXISTING]
2024-12-14 12:26:16,413 TRACE util.FileUtils (LogUtils.java:supplyAndLog(69)) - Successfully supplied FileChannel.open /home/runner/work/ratis/ratis/ratis-examples/target/test/data/da5193cb/MiniRaftClusterWithNetty71855ece/s3/8cff9ddc-4abb-47b3-960b-9ce91f930a22/current/raft-meta.conf.tmp with options [CREATE, WRITE]: sun.nio.ch.FileChannelImpl@1df7fd69
2024-12-14 12:26:16,413 TRACE util.FileUtils (LogUtils.java:supplyAndLog(69)) - Successfully supplied FileChannel.open /home/runner/work/ratis/ratis/ratis-examples/target/test/data/da5193cb/MiniRaftClusterWithNetty71855ece/s14/8cff9ddc-4abb-47b3-960b-9ce91f930a22/current/raft-meta.conf.tmp with options [CREATE, WRITE]: sun.nio.ch.FileChannelImpl@3abd2efd
2024-12-14 12:26:16,415 TRACE util.FileUtils (LogUtils.java:supplyAndLog(69)) - Successfully supplied FileChannel.open /home/runner/work/ratis/ratis/ratis-examples/target/test/data/da5193cb/MiniRaftClusterWithNetty71855ece/s10/8cff9ddc-4abb-47b3-960b-9ce91f930a22/current/raft-meta.conf.tmp with options [CREATE, WRITE]: sun.nio.ch.FileChannelImpl@1b00b2b3
2024-12-14 12:26:16,416 TRACE util.FileUtils (LogUtils.java:supplyAndLog(69)) - Successfully supplied FileChannel.open /home/runner/work/ratis/ratis/ratis-examples/target/test/data/da5193cb/MiniRaftClusterWithNetty71855ece/s0/8cff9ddc-4abb-47b3-960b-9ce91f930a22/current/raft-meta.conf.tmp with options [CREATE, WRITE]: sun.nio.ch.FileChannelImpl@21ef9a9b
2024-12-14 12:26:16,417 TRACE util.FileUtils (LogUtils.java:supplyAndLog(69)) - Successfully supplied FileChannel.open /home/runner/work/ratis/ratis/ratis-examples/target/test/data/da5193cb/MiniRaftClusterWithNetty71855ece/s2/8cff9ddc-4abb-47b3-960b-9ce91f930a22/current/raft-meta.conf.tmp with options [CREATE, WRITE]: sun.nio.ch.FileChannelImpl@3215d8a0
2024-12-14 12:26:16,417 TRACE util.FileUtils (LogUtils.java:supplyAndLog(69)) - Successfully supplied FileChannel.open /home/runner/work/ratis/ratis/ratis-examples/target/test/data/da5193cb/MiniRaftClusterWithNetty71855ece/s13/8cff9ddc-4abb-47b3-960b-9ce91f930a22/current/raft-meta.conf.tmp with options [CREATE, WRITE]: sun.nio.ch.FileChannelImpl@22f42f94
2024-12-14 12:26:16,417 TRACE util.FileUtils (LogUtils.java:runAndLog(49)) - Successfully ran Atomic Files.move /home/runner/work/ratis/ratis/ratis-examples/target/test/data/da5193cb/MiniRaftClusterWithNetty71855ece/s11/8cff9ddc-4abb-47b3-960b-9ce91f930a22/current/raft-meta.conf.tmp to /home/runner/work/ratis/ratis/ratis-examples/target/test/data/da5193cb/MiniRaftClusterWithNetty71855ece/s11/8cff9ddc-4abb-47b3-960b-9ce91f930a22/current/raft-meta.conf with options [REPLACE_EXISTING]
2024-12-14 12:26:16,418 INFO  impl.RoleInfo (RoleInfo.java:updateAndGet(148)) - s9: start s9@group-9CE91F930A22-FollowerState
2024-12-14 12:26:16,419 INFO  server.RaftServer$Division (ServerState.java:setRaftConf(386)) - s6@group-9CE91F930A22: set configuration conf: {index: 129, cur=peers:[s3|0.0.0.0:15018, s4|0.0.0.0:15019, s5|0.0.0.0:15020, s6|0.0.0.0:15021, s7|0.0.0.0:15022, s8|0.0.0.0:15023, s9|0.0.0.0:15024, s11|0.0.0.0:15026, s10|0.0.0.0:15025, s13|0.0.0.0:15028, s12|0.0.0.0:15027, s14|0.0.0.0:15029, s0|0.0.0.0:15015, s1|0.0.0.0:15016, s2|0.0.0.0:15017]|listeners:[], old=peers:[s3|0.0.0.0:15018, s11|0.0.0.0:15026, s10|0.0.0.0:15025, s13|0.0.0.0:15028, s12|0.0.0.0:15027, s14|0.0.0.0:15029, s0|0.0.0.0:15015, s1|0.0.0.0:15016, s2|0.0.0.0:15017]|listeners:[]}
2024-12-14 12:26:16,419 INFO  server.RaftServer$Division (ServerState.java:setRaftConf(386)) - s6@group-9CE91F930A22: set configuration conf: {index: 131, cur=peers:[s3|0.0.0.0:15018, s4|0.0.0.0:15019, s5|0.0.0.0:15020, s6|0.0.0.0:15021, s7|0.0.0.0:15022, s8|0.0.0.0:15023, s9|0.0.0.0:15024, s11|0.0.0.0:15026, s10|0.0.0.0:15025, s13|0.0.0.0:15028, s12|0.0.0.0:15027, s14|0.0.0.0:15029, s0|0.0.0.0:15015, s1|0.0.0.0:15016, s2|0.0.0.0:15017]|listeners:[], old=null}
2024-12-14 12:26:16,420 TRACE util.FileUtils (LogUtils.java:runAndLog(49)) - Successfully ran Atomic Files.move /home/runner/work/ratis/ratis/ratis-examples/target/test/data/da5193cb/MiniRaftClusterWithNetty71855ece/s1/8cff9ddc-4abb-47b3-960b-9ce91f930a22/current/raft-meta.conf.tmp to /home/runner/work/ratis/ratis/ratis-examples/target/test/data/da5193cb/MiniRaftClusterWithNetty71855ece/s1/8cff9ddc-4abb-47b3-960b-9ce91f930a22/current/raft-meta.conf with options [REPLACE_EXISTING]
2024-12-14 12:26:16,420 TRACE util.FileUtils (LogUtils.java:supplyAndLog(69)) - Successfully supplied FileChannel.open /home/runner/work/ratis/ratis/ratis-examples/target/test/data/da5193cb/MiniRaftClusterWithNetty71855ece/s1/8cff9ddc-4abb-47b3-960b-9ce91f930a22/current/raft-meta.conf.tmp with options [CREATE, WRITE]: sun.nio.ch.FileChannelImpl@18c162d1
2024-12-14 12:26:16,421 TRACE util.FileUtils (LogUtils.java:supplyAndLog(69)) - Successfully supplied FileChannel.open /home/runner/work/ratis/ratis/ratis-examples/target/test/data/da5193cb/MiniRaftClusterWithNetty71855ece/s12/8cff9ddc-4abb-47b3-960b-9ce91f930a22/current/raft-meta.conf.tmp with options [CREATE, WRITE]: sun.nio.ch.FileChannelImpl@73b69855
2024-12-14 12:26:16,426 TRACE util.FileUtils (LogUtils.java:supplyAndLog(69)) - Successfully supplied FileChannel.open /home/runner/work/ratis/ratis/ratis-examples/target/test/data/da5193cb/MiniRaftClusterWithNetty71855ece/s9/8cff9ddc-4abb-47b3-960b-9ce91f930a22/current/raft-meta.conf.tmp with options [CREATE, WRITE]: sun.nio.ch.FileChannelImpl@ac13ce7
2024-12-14 12:26:16,426 TRACE util.FileUtils (LogUtils.java:supplyAndLog(69)) - Successfully supplied FileChannel.open /home/runner/work/ratis/ratis/ratis-examples/target/test/data/da5193cb/MiniRaftClusterWithNetty71855ece/s11/8cff9ddc-4abb-47b3-960b-9ce91f930a22/current/raft-meta.conf.tmp with options [CREATE, WRITE]: sun.nio.ch.FileChannelImpl@5e07d324
2024-12-14 12:26:16,429 TRACE util.FileUtils (LogUtils.java:runAndLog(49)) - Successfully ran Atomic Files.move /home/runner/work/ratis/ratis/ratis-examples/target/test/data/da5193cb/MiniRaftClusterWithNetty71855ece/s1/8cff9ddc-4abb-47b3-960b-9ce91f930a22/current/raft-meta.conf.tmp to /home/runner/work/ratis/ratis/ratis-examples/target/test/data/da5193cb/MiniRaftClusterWithNetty71855ece/s1/8cff9ddc-4abb-47b3-960b-9ce91f930a22/current/raft-meta.conf with options [REPLACE_EXISTING]
2024-12-14 12:26:16,429 TRACE util.FileUtils (LogUtils.java:runAndLog(49)) - Successfully ran Atomic Files.move /home/runner/work/ratis/ratis/ratis-examples/target/test/data/da5193cb/MiniRaftClusterWithNetty71855ece/s14/8cff9ddc-4abb-47b3-960b-9ce91f930a22/current/raft-meta.conf.tmp to /home/runner/work/ratis/ratis/ratis-examples/target/test/data/da5193cb/MiniRaftClusterWithNetty71855ece/s14/8cff9ddc-4abb-47b3-960b-9ce91f930a22/current/raft-meta.conf with options [REPLACE_EXISTING]
2024-12-14 12:26:16,429 TRACE util.FileUtils (LogUtils.java:supplyAndLog(69)) - Successfully supplied FileChannel.open /home/runner/work/ratis/ratis/ratis-examples/target/test/data/da5193cb/MiniRaftClusterWithNetty71855ece/s14/8cff9ddc-4abb-47b3-960b-9ce91f930a22/current/raft-meta.conf.tmp with options [CREATE, WRITE]: sun.nio.ch.FileChannelImpl@5f4ceaf
2024-12-14 12:26:16,430 TRACE util.FileUtils (LogUtils.java:runAndLog(49)) - Successfully ran Atomic Files.move /home/runner/work/ratis/ratis/ratis-examples/target/test/data/da5193cb/MiniRaftClusterWithNetty71855ece/s0/8cff9ddc-4abb-47b3-960b-9ce91f930a22/current/raft-meta.conf.tmp to /home/runner/work/ratis/ratis/ratis-examples/target/test/data/da5193cb/MiniRaftClusterWithNetty71855ece/s0/8cff9ddc-4abb-47b3-960b-9ce91f930a22/current/raft-meta.conf with options [REPLACE_EXISTING]
2024-12-14 12:26:16,430 TRACE util.FileUtils (LogUtils.java:supplyAndLog(69)) - Successfully supplied FileChannel.open /home/runner/work/ratis/ratis/ratis-examples/target/test/data/da5193cb/MiniRaftClusterWithNetty71855ece/s0/8cff9ddc-4abb-47b3-960b-9ce91f930a22/current/raft-meta.conf.tmp with options [CREATE, WRITE]: sun.nio.ch.FileChannelImpl@4ad6a8f5
2024-12-14 12:26:16,430 TRACE util.FileUtils (LogUtils.java:supplyAndLog(69)) - Successfully supplied FileChannel.open /home/runner/work/ratis/ratis/ratis-examples/target/test/data/da5193cb/MiniRaftClusterWithNetty71855ece/s7/8cff9ddc-4abb-47b3-960b-9ce91f930a22/current/raft-meta.conf.tmp with options [CREATE, WRITE]: sun.nio.ch.FileChannelImpl@20857d7a
2024-12-14 12:26:16,430 TRACE util.FileUtils (LogUtils.java:runAndLog(49)) - Successfully ran Atomic Files.move /home/runner/work/ratis/ratis/ratis-examples/target/test/data/da5193cb/MiniRaftClusterWithNetty71855ece/s5/8cff9ddc-4abb-47b3-960b-9ce91f930a22/current/raft-meta.conf.tmp to /home/runner/work/ratis/ratis/ratis-examples/target/test/data/da5193cb/MiniRaftClusterWithNetty71855ece/s5/8cff9ddc-4abb-47b3-960b-9ce91f930a22/current/raft-meta.conf with options [REPLACE_EXISTING]
2024-12-14 12:26:16,432 TRACE util.FileUtils (LogUtils.java:supplyAndLog(69)) - Successfully supplied FileChannel.open /home/runner/work/ratis/ratis/ratis-examples/target/test/data/da5193cb/MiniRaftClusterWithNetty71855ece/s5/8cff9ddc-4abb-47b3-960b-9ce91f930a22/current/raft-meta.conf.tmp with options [CREATE, WRITE]: sun.nio.ch.FileChannelImpl@7f69eb33
2024-12-14 12:26:16,433 TRACE util.FileUtils (LogUtils.java:runAndLog(49)) - Successfully ran Atomic Files.move /home/runner/work/ratis/ratis/ratis-examples/target/test/data/da5193cb/MiniRaftClusterWithNetty71855ece/s12/8cff9ddc-4abb-47b3-960b-9ce91f930a22/current/raft-meta.conf.tmp to /home/runner/work/ratis/ratis/ratis-examples/target/test/data/da5193cb/MiniRaftClusterWithNetty71855ece/s12/8cff9ddc-4abb-47b3-960b-9ce91f930a22/current/raft-meta.conf with options [REPLACE_EXISTING]
2024-12-14 12:26:16,434 TRACE util.FileUtils (LogUtils.java:runAndLog(49)) - Successfully ran Atomic Files.move /home/runner/work/ratis/ratis/ratis-examples/target/test/data/da5193cb/MiniRaftClusterWithNetty71855ece/s5/8cff9ddc-4abb-47b3-960b-9ce91f930a22/current/raft-meta.conf.tmp to /home/runner/work/ratis/ratis/ratis-examples/target/test/data/da5193cb/MiniRaftClusterWithNetty71855ece/s5/8cff9ddc-4abb-47b3-960b-9ce91f930a22/current/raft-meta.conf with options [REPLACE_EXISTING]
2024-12-14 12:26:16,434 TRACE util.FileUtils (LogUtils.java:supplyAndLog(69)) - Successfully supplied FileChannel.open /home/runner/work/ratis/ratis/ratis-examples/target/test/data/da5193cb/MiniRaftClusterWithNetty71855ece/s5/8cff9ddc-4abb-47b3-960b-9ce91f930a22/current/raft-meta.conf.tmp with options [CREATE, WRITE]: sun.nio.ch.FileChannelImpl@3a6b6aba
2024-12-14 12:26:16,435 TRACE util.FileUtils (LogUtils.java:runAndLog(49)) - Successfully ran Atomic Files.move /home/runner/work/ratis/ratis/ratis-examples/target/test/data/da5193cb/MiniRaftClusterWithNetty71855ece/s10/8cff9ddc-4abb-47b3-960b-9ce91f930a22/current/raft-meta.conf.tmp to /home/runner/work/ratis/ratis/ratis-examples/target/test/data/da5193cb/MiniRaftClusterWithNetty71855ece/s10/8cff9ddc-4abb-47b3-960b-9ce91f930a22/current/raft-meta.conf with options [REPLACE_EXISTING]
2024-12-14 12:26:16,435 TRACE util.FileUtils (LogUtils.java:supplyAndLog(69)) - Successfully supplied FileChannel.open /home/runner/work/ratis/ratis/ratis-examples/target/test/data/da5193cb/MiniRaftClusterWithNetty71855ece/s10/8cff9ddc-4abb-47b3-960b-9ce91f930a22/current/raft-meta.conf.tmp with options [CREATE, WRITE]: sun.nio.ch.FileChannelImpl@647f3d9f
2024-12-14 12:26:16,437 TRACE util.FileUtils (LogUtils.java:runAndLog(49)) - Successfully ran Atomic Files.move /home/runner/work/ratis/ratis/ratis-examples/target/test/data/da5193cb/MiniRaftClusterWithNetty71855ece/s6/8cff9ddc-4abb-47b3-960b-9ce91f930a22/current/raft-meta.conf.tmp to /home/runner/work/ratis/ratis/ratis-examples/target/test/data/da5193cb/MiniRaftClusterWithNetty71855ece/s6/8cff9ddc-4abb-47b3-960b-9ce91f930a22/current/raft-meta.conf with options [REPLACE_EXISTING]
2024-12-14 12:26:16,438 TRACE util.FileUtils (LogUtils.java:runAndLog(49)) - Successfully ran Atomic Files.move /home/runner/work/ratis/ratis/ratis-examples/target/test/data/da5193cb/MiniRaftClusterWithNetty71855ece/s10/8cff9ddc-4abb-47b3-960b-9ce91f930a22/current/raft-meta.conf.tmp to /home/runner/work/ratis/ratis/ratis-examples/target/test/data/da5193cb/MiniRaftClusterWithNetty71855ece/s10/8cff9ddc-4abb-47b3-960b-9ce91f930a22/current/raft-meta.conf with options [REPLACE_EXISTING]
2024-12-14 12:26:16,438 TRACE util.FileUtils (LogUtils.java:runAndLog(49)) - Successfully ran Atomic Files.move /home/runner/work/ratis/ratis/ratis-examples/target/test/data/da5193cb/MiniRaftClusterWithNetty71855ece/s4/8cff9ddc-4abb-47b3-960b-9ce91f930a22/current/raft-meta.conf.tmp to /home/runner/work/ratis/ratis/ratis-examples/target/test/data/da5193cb/MiniRaftClusterWithNetty71855ece/s4/8cff9ddc-4abb-47b3-960b-9ce91f930a22/current/raft-meta.conf with options [REPLACE_EXISTING]
2024-12-14 12:26:16,441 TRACE util.FileUtils (LogUtils.java:supplyAndLog(69)) - Successfully supplied FileChannel.open /home/runner/work/ratis/ratis/ratis-examples/target/test/data/da5193cb/MiniRaftClusterWithNetty71855ece/s4/8cff9ddc-4abb-47b3-960b-9ce91f930a22/current/raft-meta.conf.tmp with options [CREATE, WRITE]: sun.nio.ch.FileChannelImpl@32b93598
2024-12-14 12:26:16,438 TRACE util.FileUtils (LogUtils.java:runAndLog(49)) - Successfully ran Atomic Files.move /home/runner/work/ratis/ratis/ratis-examples/target/test/data/da5193cb/MiniRaftClusterWithNetty71855ece/s9/8cff9ddc-4abb-47b3-960b-9ce91f930a22/current/raft-meta.conf.tmp to /home/runner/work/ratis/ratis/ratis-examples/target/test/data/da5193cb/MiniRaftClusterWithNetty71855ece/s9/8cff9ddc-4abb-47b3-960b-9ce91f930a22/current/raft-meta.conf with options [REPLACE_EXISTING]
2024-12-14 12:26:16,442 TRACE util.FileUtils (LogUtils.java:supplyAndLog(69)) - Successfully supplied FileChannel.open /home/runner/work/ratis/ratis/ratis-examples/target/test/data/da5193cb/MiniRaftClusterWithNetty71855ece/s9/8cff9ddc-4abb-47b3-960b-9ce91f930a22/current/raft-meta.conf.tmp with options [CREATE, WRITE]: sun.nio.ch.FileChannelImpl@efeb967
2024-12-14 12:26:16,443 TRACE util.FileUtils (LogUtils.java:runAndLog(49)) - Successfully ran Atomic Files.move /home/runner/work/ratis/ratis/ratis-examples/target/test/data/da5193cb/MiniRaftClusterWithNetty71855ece/s3/8cff9ddc-4abb-47b3-960b-9ce91f930a22/current/raft-meta.conf.tmp to /home/runner/work/ratis/ratis/ratis-examples/target/test/data/da5193cb/MiniRaftClusterWithNetty71855ece/s3/8cff9ddc-4abb-47b3-960b-9ce91f930a22/current/raft-meta.conf with options [REPLACE_EXISTING]
2024-12-14 12:26:16,443 TRACE util.FileUtils (LogUtils.java:supplyAndLog(69)) - Successfully supplied FileChannel.open /home/runner/work/ratis/ratis/ratis-examples/target/test/data/da5193cb/MiniRaftClusterWithNetty71855ece/s3/8cff9ddc-4abb-47b3-960b-9ce91f930a22/current/raft-meta.conf.tmp with options [CREATE, WRITE]: sun.nio.ch.FileChannelImpl@69b00116
2024-12-14 12:26:16,438 TRACE util.FileUtils (LogUtils.java:runAndLog(49)) - Successfully ran Atomic Files.move /home/runner/work/ratis/ratis/ratis-examples/target/test/data/da5193cb/MiniRaftClusterWithNetty71855ece/s11/8cff9ddc-4abb-47b3-960b-9ce91f930a22/current/raft-meta.conf.tmp to /home/runner/work/ratis/ratis/ratis-examples/target/test/data/da5193cb/MiniRaftClusterWithNetty71855ece/s11/8cff9ddc-4abb-47b3-960b-9ce91f930a22/current/raft-meta.conf with options [REPLACE_EXISTING]
2024-12-14 12:26:16,438 TRACE util.FileUtils (LogUtils.java:runAndLog(49)) - Successfully ran Atomic Files.move /home/runner/work/ratis/ratis/ratis-examples/target/test/data/da5193cb/MiniRaftClusterWithNetty71855ece/s14/8cff9ddc-4abb-47b3-960b-9ce91f930a22/current/raft-meta.conf.tmp to /home/runner/work/ratis/ratis/ratis-examples/target/test/data/da5193cb/MiniRaftClusterWithNetty71855ece/s14/8cff9ddc-4abb-47b3-960b-9ce91f930a22/current/raft-meta.conf with options [REPLACE_EXISTING]
2024-12-14 12:26:16,438 TRACE util.FileUtils (LogUtils.java:runAndLog(49)) - Successfully ran Atomic Files.move /home/runner/work/ratis/ratis/ratis-examples/target/test/data/da5193cb/MiniRaftClusterWithNetty71855ece/s0/8cff9ddc-4abb-47b3-960b-9ce91f930a22/current/raft-meta.conf.tmp to /home/runner/work/ratis/ratis/ratis-examples/target/test/data/da5193cb/MiniRaftClusterWithNetty71855ece/s0/8cff9ddc-4abb-47b3-960b-9ce91f930a22/current/raft-meta.conf with options [REPLACE_EXISTING]
2024-12-14 12:26:16,438 TRACE util.FileUtils (LogUtils.java:runAndLog(49)) - Successfully ran Atomic Files.move /home/runner/work/ratis/ratis/ratis-examples/target/test/data/da5193cb/MiniRaftClusterWithNetty71855ece/s2/8cff9ddc-4abb-47b3-960b-9ce91f930a22/current/raft-meta.conf.tmp to /home/runner/work/ratis/ratis/ratis-examples/target/test/data/da5193cb/MiniRaftClusterWithNetty71855ece/s2/8cff9ddc-4abb-47b3-960b-9ce91f930a22/current/raft-meta.conf with options [REPLACE_EXISTING]
2024-12-14 12:26:16,444 TRACE util.FileUtils (LogUtils.java:supplyAndLog(69)) - Successfully supplied FileChannel.open /home/runner/work/ratis/ratis/ratis-examples/target/test/data/da5193cb/MiniRaftClusterWithNetty71855ece/s2/8cff9ddc-4abb-47b3-960b-9ce91f930a22/current/raft-meta.conf.tmp with options [CREATE, WRITE]: sun.nio.ch.FileChannelImpl@78f8f2e
2024-12-14 12:26:16,437 TRACE util.FileUtils (LogUtils.java:runAndLog(49)) - Successfully ran Atomic Files.move /home/runner/work/ratis/ratis/ratis-examples/target/test/data/da5193cb/MiniRaftClusterWithNetty71855ece/s13/8cff9ddc-4abb-47b3-960b-9ce91f930a22/current/raft-meta.conf.tmp to /home/runner/work/ratis/ratis/ratis-examples/target/test/data/da5193cb/MiniRaftClusterWithNetty71855ece/s13/8cff9ddc-4abb-47b3-960b-9ce91f930a22/current/raft-meta.conf with options [REPLACE_EXISTING]
2024-12-14 12:26:16,441 TRACE util.FileUtils (LogUtils.java:runAndLog(49)) - Successfully ran Atomic Files.move /home/runner/work/ratis/ratis/ratis-examples/target/test/data/da5193cb/MiniRaftClusterWithNetty71855ece/s7/8cff9ddc-4abb-47b3-960b-9ce91f930a22/current/raft-meta.conf.tmp to /home/runner/work/ratis/ratis/ratis-examples/target/test/data/da5193cb/MiniRaftClusterWithNetty71855ece/s7/8cff9ddc-4abb-47b3-960b-9ce91f930a22/current/raft-meta.conf with options [REPLACE_EXISTING]
2024-12-14 12:26:16,441 TRACE util.FileUtils (LogUtils.java:supplyAndLog(69)) - Successfully supplied FileChannel.open /home/runner/work/ratis/ratis/ratis-examples/target/test/data/da5193cb/MiniRaftClusterWithNetty71855ece/s6/8cff9ddc-4abb-47b3-960b-9ce91f930a22/current/raft-meta.conf.tmp with options [CREATE, WRITE]: sun.nio.ch.FileChannelImpl@294620f8
2024-12-14 12:26:16,449 TRACE util.FileUtils (LogUtils.java:supplyAndLog(69)) - Successfully supplied FileChannel.open /home/runner/work/ratis/ratis/ratis-examples/target/test/data/da5193cb/MiniRaftClusterWithNetty71855ece/s7/8cff9ddc-4abb-47b3-960b-9ce91f930a22/current/raft-meta.conf.tmp with options [CREATE, WRITE]: sun.nio.ch.FileChannelImpl@24baedb2
2024-12-14 12:26:16,449 TRACE util.FileUtils (LogUtils.java:supplyAndLog(69)) - Successfully supplied FileChannel.open /home/runner/work/ratis/ratis/ratis-examples/target/test/data/da5193cb/MiniRaftClusterWithNetty71855ece/s13/8cff9ddc-4abb-47b3-960b-9ce91f930a22/current/raft-meta.conf.tmp with options [CREATE, WRITE]: sun.nio.ch.FileChannelImpl@f21d1b5
2024-12-14 12:26:16,449 INFO  impl.RoleInfo (RoleInfo.java:updateAndGet(148)) - s8: start s8@group-9CE91F930A22-FollowerState
2024-12-14 12:26:16,449 TRACE util.FileUtils (LogUtils.java:supplyAndLog(69)) - Successfully supplied FileChannel.open /home/runner/work/ratis/ratis/ratis-examples/target/test/data/da5193cb/MiniRaftClusterWithNetty71855ece/s8/8cff9ddc-4abb-47b3-960b-9ce91f930a22/current/raft-meta.conf.tmp with options [CREATE, WRITE]: sun.nio.ch.FileChannelImpl@658a3664
2024-12-14 12:26:16,451 TRACE util.FileUtils (LogUtils.java:runAndLog(49)) - Successfully ran Atomic Files.move /home/runner/work/ratis/ratis/ratis-examples/target/test/data/da5193cb/MiniRaftClusterWithNetty71855ece/s3/8cff9ddc-4abb-47b3-960b-9ce91f930a22/current/raft-meta.conf.tmp to /home/runner/work/ratis/ratis/ratis-examples/target/test/data/da5193cb/MiniRaftClusterWithNetty71855ece/s3/8cff9ddc-4abb-47b3-960b-9ce91f930a22/current/raft-meta.conf with options [REPLACE_EXISTING]
2024-12-14 12:26:16,451 TRACE util.FileUtils (LogUtils.java:runAndLog(49)) - Successfully ran Atomic Files.move /home/runner/work/ratis/ratis/ratis-examples/target/test/data/da5193cb/MiniRaftClusterWithNetty71855ece/s6/8cff9ddc-4abb-47b3-960b-9ce91f930a22/current/raft-meta.conf.tmp to /home/runner/work/ratis/ratis/ratis-examples/target/test/data/da5193cb/MiniRaftClusterWithNetty71855ece/s6/8cff9ddc-4abb-47b3-960b-9ce91f930a22/current/raft-meta.conf with options [REPLACE_EXISTING]
2024-12-14 12:26:16,451 TRACE util.FileUtils (LogUtils.java:supplyAndLog(69)) - Successfully supplied FileChannel.open /home/runner/work/ratis/ratis/ratis-examples/target/test/data/da5193cb/MiniRaftClusterWithNetty71855ece/s6/8cff9ddc-4abb-47b3-960b-9ce91f930a22/current/raft-meta.conf.tmp with options [CREATE, WRITE]: sun.nio.ch.FileChannelImpl@6c44abb4
2024-12-14 12:26:16,451 TRACE util.FileUtils (LogUtils.java:runAndLog(49)) - Successfully ran Atomic Files.move /home/runner/work/ratis/ratis/ratis-examples/target/test/data/da5193cb/MiniRaftClusterWithNetty71855ece/s7/8cff9ddc-4abb-47b3-960b-9ce91f930a22/current/raft-meta.conf.tmp to /home/runner/work/ratis/ratis/ratis-examples/target/test/data/da5193cb/MiniRaftClusterWithNetty71855ece/s7/8cff9ddc-4abb-47b3-960b-9ce91f930a22/current/raft-meta.conf with options [REPLACE_EXISTING]
2024-12-14 12:26:16,454 TRACE util.FileUtils (LogUtils.java:runAndLog(49)) - Successfully ran Atomic Files.move /home/runner/work/ratis/ratis/ratis-examples/target/test/data/da5193cb/MiniRaftClusterWithNetty71855ece/s13/8cff9ddc-4abb-47b3-960b-9ce91f930a22/current/raft-meta.conf.tmp to /home/runner/work/ratis/ratis/ratis-examples/target/test/data/da5193cb/MiniRaftClusterWithNetty71855ece/s13/8cff9ddc-4abb-47b3-960b-9ce91f930a22/current/raft-meta.conf with options [REPLACE_EXISTING]
2024-12-14 12:26:16,454 TRACE util.FileUtils (LogUtils.java:runAndLog(49)) - Successfully ran Atomic Files.move /home/runner/work/ratis/ratis/ratis-examples/target/test/data/da5193cb/MiniRaftClusterWithNetty71855ece/s8/8cff9ddc-4abb-47b3-960b-9ce91f930a22/current/raft-meta.conf.tmp to /home/runner/work/ratis/ratis/ratis-examples/target/test/data/da5193cb/MiniRaftClusterWithNetty71855ece/s8/8cff9ddc-4abb-47b3-960b-9ce91f930a22/current/raft-meta.conf with options [REPLACE_EXISTING]
2024-12-14 12:26:16,454 TRACE util.FileUtils (LogUtils.java:supplyAndLog(69)) - Successfully supplied FileChannel.open /home/runner/work/ratis/ratis/ratis-examples/target/test/data/da5193cb/MiniRaftClusterWithNetty71855ece/s7/8cff9ddc-4abb-47b3-960b-9ce91f930a22/current/raft-meta.conf.tmp with options [CREATE, WRITE]: sun.nio.ch.FileChannelImpl@61b87741
2024-12-14 12:26:16,456 TRACE util.FileUtils (LogUtils.java:supplyAndLog(69)) - Successfully supplied FileChannel.open /home/runner/work/ratis/ratis/ratis-examples/target/test/data/da5193cb/MiniRaftClusterWithNetty71855ece/s8/8cff9ddc-4abb-47b3-960b-9ce91f930a22/current/raft-meta.conf.tmp with options [CREATE, WRITE]: sun.nio.ch.FileChannelImpl@6b4dd4a5
2024-12-14 12:26:16,458 TRACE util.FileUtils (LogUtils.java:runAndLog(49)) - Successfully ran Atomic Files.move /home/runner/work/ratis/ratis/ratis-examples/target/test/data/da5193cb/MiniRaftClusterWithNetty71855ece/s7/8cff9ddc-4abb-47b3-960b-9ce91f930a22/current/raft-meta.conf.tmp to /home/runner/work/ratis/ratis/ratis-examples/target/test/data/da5193cb/MiniRaftClusterWithNetty71855ece/s7/8cff9ddc-4abb-47b3-960b-9ce91f930a22/current/raft-meta.conf with options [REPLACE_EXISTING]
2024-12-14 12:26:16,458 TRACE util.FileUtils (LogUtils.java:supplyAndLog(69)) - Successfully supplied FileChannel.open /home/runner/work/ratis/ratis/ratis-examples/target/test/data/da5193cb/MiniRaftClusterWithNetty71855ece/s7/8cff9ddc-4abb-47b3-960b-9ce91f930a22/current/raft-meta.conf.tmp with options [CREATE, WRITE]: sun.nio.ch.FileChannelImpl@5bf68922
2024-12-14 12:26:16,459 TRACE util.FileUtils (LogUtils.java:runAndLog(49)) - Successfully ran Atomic Files.move /home/runner/work/ratis/ratis/ratis-examples/target/test/data/da5193cb/MiniRaftClusterWithNetty71855ece/s8/8cff9ddc-4abb-47b3-960b-9ce91f930a22/current/raft-meta.conf.tmp to /home/runner/work/ratis/ratis/ratis-examples/target/test/data/da5193cb/MiniRaftClusterWithNetty71855ece/s8/8cff9ddc-4abb-47b3-960b-9ce91f930a22/current/raft-meta.conf with options [REPLACE_EXISTING]
2024-12-14 12:26:16,460 TRACE util.FileUtils (LogUtils.java:supplyAndLog(69)) - Successfully supplied FileChannel.open /home/runner/work/ratis/ratis/ratis-examples/target/test/data/da5193cb/MiniRaftClusterWithNetty71855ece/s8/8cff9ddc-4abb-47b3-960b-9ce91f930a22/current/raft-meta.conf.tmp with options [CREATE, WRITE]: sun.nio.ch.FileChannelImpl@6f725d14
2024-12-14 12:26:16,461 TRACE util.FileUtils (LogUtils.java:runAndLog(49)) - Successfully ran Atomic Files.move /home/runner/work/ratis/ratis/ratis-examples/target/test/data/da5193cb/MiniRaftClusterWithNetty71855ece/s5/8cff9ddc-4abb-47b3-960b-9ce91f930a22/current/raft-meta.conf.tmp to /home/runner/work/ratis/ratis/ratis-examples/target/test/data/da5193cb/MiniRaftClusterWithNetty71855ece/s5/8cff9ddc-4abb-47b3-960b-9ce91f930a22/current/raft-meta.conf with options [REPLACE_EXISTING]
2024-12-14 12:26:16,461 TRACE util.FileUtils (LogUtils.java:supplyAndLog(69)) - Successfully supplied FileChannel.open /home/runner/work/ratis/ratis/ratis-examples/target/test/data/da5193cb/MiniRaftClusterWithNetty71855ece/s5/8cff9ddc-4abb-47b3-960b-9ce91f930a22/current/raft-meta.conf.tmp with options [CREATE, WRITE]: sun.nio.ch.FileChannelImpl@4381662c
2024-12-14 12:26:16,461 TRACE util.FileUtils (LogUtils.java:runAndLog(49)) - Successfully ran Atomic Files.move /home/runner/work/ratis/ratis/ratis-examples/target/test/data/da5193cb/MiniRaftClusterWithNetty71855ece/s9/8cff9ddc-4abb-47b3-960b-9ce91f930a22/current/raft-meta.conf.tmp to /home/runner/work/ratis/ratis/ratis-examples/target/test/data/da5193cb/MiniRaftClusterWithNetty71855ece/s9/8cff9ddc-4abb-47b3-960b-9ce91f930a22/current/raft-meta.conf with options [REPLACE_EXISTING]
2024-12-14 12:26:16,461 INFO  server.RaftServer$Division (ServerState.java:setRaftConf(386)) - s9@group-9CE91F930A22: set configuration conf: {index: 129, cur=peers:[s3|0.0.0.0:15018, s4|0.0.0.0:15019, s5|0.0.0.0:15020, s6|0.0.0.0:15021, s7|0.0.0.0:15022, s8|0.0.0.0:15023, s9|0.0.0.0:15024, s11|0.0.0.0:15026, s10|0.0.0.0:15025, s13|0.0.0.0:15028, s12|0.0.0.0:15027, s14|0.0.0.0:15029, s0|0.0.0.0:15015, s1|0.0.0.0:15016, s2|0.0.0.0:15017]|listeners:[], old=peers:[s3|0.0.0.0:15018, s11|0.0.0.0:15026, s10|0.0.0.0:15025, s13|0.0.0.0:15028, s12|0.0.0.0:15027, s14|0.0.0.0:15029, s0|0.0.0.0:15015, s1|0.0.0.0:15016, s2|0.0.0.0:15017]|listeners:[]}
2024-12-14 12:26:16,461 INFO  server.RaftServer$Division (ServerState.java:setRaftConf(386)) - s9@group-9CE91F930A22: set configuration conf: {index: 131, cur=peers:[s3|0.0.0.0:15018, s4|0.0.0.0:15019, s5|0.0.0.0:15020, s6|0.0.0.0:15021, s7|0.0.0.0:15022, s8|0.0.0.0:15023, s9|0.0.0.0:15024, s11|0.0.0.0:15026, s10|0.0.0.0:15025, s13|0.0.0.0:15028, s12|0.0.0.0:15027, s14|0.0.0.0:15029, s0|0.0.0.0:15015, s1|0.0.0.0:15016, s2|0.0.0.0:15017]|listeners:[], old=null}
2024-12-14 12:26:16,462 TRACE util.FileUtils (LogUtils.java:runAndLog(49)) - Successfully ran Atomic Files.move /home/runner/work/ratis/ratis/ratis-examples/target/test/data/da5193cb/MiniRaftClusterWithNetty71855ece/s8/8cff9ddc-4abb-47b3-960b-9ce91f930a22/current/raft-meta.conf.tmp to /home/runner/work/ratis/ratis/ratis-examples/target/test/data/da5193cb/MiniRaftClusterWithNetty71855ece/s8/8cff9ddc-4abb-47b3-960b-9ce91f930a22/current/raft-meta.conf with options [REPLACE_EXISTING]
2024-12-14 12:26:16,462 TRACE util.FileUtils (LogUtils.java:supplyAndLog(69)) - Successfully supplied FileChannel.open /home/runner/work/ratis/ratis/ratis-examples/target/test/data/da5193cb/MiniRaftClusterWithNetty71855ece/s8/8cff9ddc-4abb-47b3-960b-9ce91f930a22/current/raft-meta.conf.tmp with options [CREATE, WRITE]: sun.nio.ch.FileChannelImpl@2a70de9e
2024-12-14 12:26:16,462 TRACE util.FileUtils (LogUtils.java:runAndLog(49)) - Successfully ran Atomic Files.move /home/runner/work/ratis/ratis/ratis-examples/target/test/data/da5193cb/MiniRaftClusterWithNetty71855ece/s4/8cff9ddc-4abb-47b3-960b-9ce91f930a22/current/raft-meta.conf.tmp to /home/runner/work/ratis/ratis/ratis-examples/target/test/data/da5193cb/MiniRaftClusterWithNetty71855ece/s4/8cff9ddc-4abb-47b3-960b-9ce91f930a22/current/raft-meta.conf with options [REPLACE_EXISTING]
2024-12-14 12:26:16,462 TRACE util.FileUtils (LogUtils.java:supplyAndLog(69)) - Successfully supplied FileChannel.open /home/runner/work/ratis/ratis/ratis-examples/target/test/data/da5193cb/MiniRaftClusterWithNetty71855ece/s4/8cff9ddc-4abb-47b3-960b-9ce91f930a22/current/raft-meta.conf.tmp with options [CREATE, WRITE]: sun.nio.ch.FileChannelImpl@27096799
2024-12-14 12:26:16,461 TRACE util.FileUtils (LogUtils.java:supplyAndLog(69)) - Successfully supplied FileChannel.open /home/runner/work/ratis/ratis/ratis-examples/target/test/data/da5193cb/MiniRaftClusterWithNetty71855ece/s9/8cff9ddc-4abb-47b3-960b-9ce91f930a22/current/raft-meta.conf.tmp with options [CREATE, WRITE]: sun.nio.ch.FileChannelImpl@4bfc36dc
2024-12-14 12:26:16,462 TRACE util.FileUtils (LogUtils.java:runAndLog(49)) - Successfully ran Atomic Files.move /home/runner/work/ratis/ratis/ratis-examples/target/test/data/da5193cb/MiniRaftClusterWithNetty71855ece/s6/8cff9ddc-4abb-47b3-960b-9ce91f930a22/current/raft-meta.conf.tmp to /home/runner/work/ratis/ratis/ratis-examples/target/test/data/da5193cb/MiniRaftClusterWithNetty71855ece/s6/8cff9ddc-4abb-47b3-960b-9ce91f930a22/current/raft-meta.conf with options [REPLACE_EXISTING]
2024-12-14 12:26:16,464 TRACE util.FileUtils (LogUtils.java:supplyAndLog(69)) - Successfully supplied FileChannel.open /home/runner/work/ratis/ratis/ratis-examples/target/test/data/da5193cb/MiniRaftClusterWithNetty71855ece/s6/8cff9ddc-4abb-47b3-960b-9ce91f930a22/current/raft-meta.conf.tmp with options [CREATE, WRITE]: sun.nio.ch.FileChannelImpl@3df74fbf
2024-12-14 12:26:16,464 TRACE util.FileUtils (LogUtils.java:runAndLog(49)) - Successfully ran Atomic Files.move /home/runner/work/ratis/ratis/ratis-examples/target/test/data/da5193cb/MiniRaftClusterWithNetty71855ece/s7/8cff9ddc-4abb-47b3-960b-9ce91f930a22/current/raft-meta.conf.tmp to /home/runner/work/ratis/ratis/ratis-examples/target/test/data/da5193cb/MiniRaftClusterWithNetty71855ece/s7/8cff9ddc-4abb-47b3-960b-9ce91f930a22/current/raft-meta.conf with options [REPLACE_EXISTING]
2024-12-14 12:26:16,464 TRACE util.FileUtils (LogUtils.java:supplyAndLog(69)) - Successfully supplied FileChannel.open /home/runner/work/ratis/ratis/ratis-examples/target/test/data/da5193cb/MiniRaftClusterWithNetty71855ece/s7/8cff9ddc-4abb-47b3-960b-9ce91f930a22/current/raft-meta.conf.tmp with options [CREATE, WRITE]: sun.nio.ch.FileChannelImpl@5013518b
2024-12-14 12:26:16,464 TRACE util.FileUtils (LogUtils.java:runAndLog(49)) - Successfully ran Atomic Files.move /home/runner/work/ratis/ratis/ratis-examples/target/test/data/da5193cb/MiniRaftClusterWithNetty71855ece/s2/8cff9ddc-4abb-47b3-960b-9ce91f930a22/current/raft-meta.conf.tmp to /home/runner/work/ratis/ratis/ratis-examples/target/test/data/da5193cb/MiniRaftClusterWithNetty71855ece/s2/8cff9ddc-4abb-47b3-960b-9ce91f930a22/current/raft-meta.conf with options [REPLACE_EXISTING]
2024-12-14 12:26:16,468 TRACE util.FileUtils (LogUtils.java:runAndLog(49)) - Successfully ran Atomic Files.move /home/runner/work/ratis/ratis/ratis-examples/target/test/data/da5193cb/MiniRaftClusterWithNetty71855ece/s5/8cff9ddc-4abb-47b3-960b-9ce91f930a22/current/raft-meta.conf.tmp to /home/runner/work/ratis/ratis/ratis-examples/target/test/data/da5193cb/MiniRaftClusterWithNetty71855ece/s5/8cff9ddc-4abb-47b3-960b-9ce91f930a22/current/raft-meta.conf with options [REPLACE_EXISTING]
2024-12-14 12:26:16,468 TRACE util.FileUtils (LogUtils.java:supplyAndLog(69)) - Successfully supplied FileChannel.open /home/runner/work/ratis/ratis/ratis-examples/target/test/data/da5193cb/MiniRaftClusterWithNetty71855ece/s5/8cff9ddc-4abb-47b3-960b-9ce91f930a22/current/raft-meta.conf.tmp with options [CREATE, WRITE]: sun.nio.ch.FileChannelImpl@b1b54b5
2024-12-14 12:26:16,468 TRACE util.FileUtils (LogUtils.java:runAndLog(49)) - Successfully ran Atomic Files.move /home/runner/work/ratis/ratis/ratis-examples/target/test/data/da5193cb/MiniRaftClusterWithNetty71855ece/s6/8cff9ddc-4abb-47b3-960b-9ce91f930a22/current/raft-meta.conf.tmp to /home/runner/work/ratis/ratis/ratis-examples/target/test/data/da5193cb/MiniRaftClusterWithNetty71855ece/s6/8cff9ddc-4abb-47b3-960b-9ce91f930a22/current/raft-meta.conf with options [REPLACE_EXISTING]
2024-12-14 12:26:16,468 TRACE util.FileUtils (LogUtils.java:supplyAndLog(69)) - Successfully supplied FileChannel.open /home/runner/work/ratis/ratis/ratis-examples/target/test/data/da5193cb/MiniRaftClusterWithNetty71855ece/s6/8cff9ddc-4abb-47b3-960b-9ce91f930a22/current/raft-meta.conf.tmp with options [CREATE, WRITE]: sun.nio.ch.FileChannelImpl@5d62e457
2024-12-14 12:26:16,468 TRACE util.FileUtils (LogUtils.java:runAndLog(49)) - Successfully ran Atomic Files.move /home/runner/work/ratis/ratis/ratis-examples/target/test/data/da5193cb/MiniRaftClusterWithNetty71855ece/s9/8cff9ddc-4abb-47b3-960b-9ce91f930a22/current/raft-meta.conf.tmp to /home/runner/work/ratis/ratis/ratis-examples/target/test/data/da5193cb/MiniRaftClusterWithNetty71855ece/s9/8cff9ddc-4abb-47b3-960b-9ce91f930a22/current/raft-meta.conf with options [REPLACE_EXISTING]
2024-12-14 12:26:16,469 TRACE util.FileUtils (LogUtils.java:supplyAndLog(69)) - Successfully supplied FileChannel.open /home/runner/work/ratis/ratis/ratis-examples/target/test/data/da5193cb/MiniRaftClusterWithNetty71855ece/s9/8cff9ddc-4abb-47b3-960b-9ce91f930a22/current/raft-meta.conf.tmp with options [CREATE, WRITE]: sun.nio.ch.FileChannelImpl@79d8c3de
2024-12-14 12:26:16,469 TRACE util.FileUtils (LogUtils.java:runAndLog(49)) - Successfully ran Atomic Files.move /home/runner/work/ratis/ratis/ratis-examples/target/test/data/da5193cb/MiniRaftClusterWithNetty71855ece/s4/8cff9ddc-4abb-47b3-960b-9ce91f930a22/current/raft-meta.conf.tmp to /home/runner/work/ratis/ratis/ratis-examples/target/test/data/da5193cb/MiniRaftClusterWithNetty71855ece/s4/8cff9ddc-4abb-47b3-960b-9ce91f930a22/current/raft-meta.conf with options [REPLACE_EXISTING]
2024-12-14 12:26:16,469 TRACE util.FileUtils (LogUtils.java:supplyAndLog(69)) - Successfully supplied FileChannel.open /home/runner/work/ratis/ratis/ratis-examples/target/test/data/da5193cb/MiniRaftClusterWithNetty71855ece/s4/8cff9ddc-4abb-47b3-960b-9ce91f930a22/current/raft-meta.conf.tmp with options [CREATE, WRITE]: sun.nio.ch.FileChannelImpl@4a0f5f3d
2024-12-14 12:26:16,471 TRACE util.FileUtils (LogUtils.java:runAndLog(49)) - Successfully ran Atomic Files.move /home/runner/work/ratis/ratis/ratis-examples/target/test/data/da5193cb/MiniRaftClusterWithNetty71855ece/s7/8cff9ddc-4abb-47b3-960b-9ce91f930a22/current/raft-meta.conf.tmp to /home/runner/work/ratis/ratis/ratis-examples/target/test/data/da5193cb/MiniRaftClusterWithNetty71855ece/s7/8cff9ddc-4abb-47b3-960b-9ce91f930a22/current/raft-meta.conf with options [REPLACE_EXISTING]
2024-12-14 12:26:16,471 TRACE util.FileUtils (LogUtils.java:supplyAndLog(69)) - Successfully supplied FileChannel.open /home/runner/work/ratis/ratis/ratis-examples/target/test/data/da5193cb/MiniRaftClusterWithNetty71855ece/s7/8cff9ddc-4abb-47b3-960b-9ce91f930a22/current/raft-meta.conf.tmp with options [CREATE, WRITE]: sun.nio.ch.FileChannelImpl@23b7f146
2024-12-14 12:26:16,472 TRACE util.FileUtils (LogUtils.java:runAndLog(49)) - Successfully ran Atomic Files.move /home/runner/work/ratis/ratis/ratis-examples/target/test/data/da5193cb/MiniRaftClusterWithNetty71855ece/s4/8cff9ddc-4abb-47b3-960b-9ce91f930a22/current/raft-meta.conf.tmp to /home/runner/work/ratis/ratis/ratis-examples/target/test/data/da5193cb/MiniRaftClusterWithNetty71855ece/s4/8cff9ddc-4abb-47b3-960b-9ce91f930a22/current/raft-meta.conf with options [REPLACE_EXISTING]
2024-12-14 12:26:16,473 TRACE util.FileUtils (LogUtils.java:runAndLog(49)) - Successfully ran Atomic Files.move /home/runner/work/ratis/ratis/ratis-examples/target/test/data/da5193cb/MiniRaftClusterWithNetty71855ece/s9/8cff9ddc-4abb-47b3-960b-9ce91f930a22/current/raft-meta.conf.tmp to /home/runner/work/ratis/ratis/ratis-examples/target/test/data/da5193cb/MiniRaftClusterWithNetty71855ece/s9/8cff9ddc-4abb-47b3-960b-9ce91f930a22/current/raft-meta.conf with options [REPLACE_EXISTING]
2024-12-14 12:26:16,473 TRACE util.FileUtils (LogUtils.java:supplyAndLog(69)) - Successfully supplied FileChannel.open /home/runner/work/ratis/ratis/ratis-examples/target/test/data/da5193cb/MiniRaftClusterWithNetty71855ece/s9/8cff9ddc-4abb-47b3-960b-9ce91f930a22/current/raft-meta.conf.tmp with options [CREATE, WRITE]: sun.nio.ch.FileChannelImpl@7afdfe06
2024-12-14 12:26:16,476 TRACE util.FileUtils (LogUtils.java:runAndLog(49)) - Successfully ran Atomic Files.move /home/runner/work/ratis/ratis/ratis-examples/target/test/data/da5193cb/MiniRaftClusterWithNetty71855ece/s8/8cff9ddc-4abb-47b3-960b-9ce91f930a22/current/raft-meta.conf.tmp to /home/runner/work/ratis/ratis/ratis-examples/target/test/data/da5193cb/MiniRaftClusterWithNetty71855ece/s8/8cff9ddc-4abb-47b3-960b-9ce91f930a22/current/raft-meta.conf with options [REPLACE_EXISTING]
2024-12-14 12:26:16,477 TRACE util.FileUtils (LogUtils.java:supplyAndLog(69)) - Successfully supplied FileChannel.open /home/runner/work/ratis/ratis/ratis-examples/target/test/data/da5193cb/MiniRaftClusterWithNetty71855ece/s8/8cff9ddc-4abb-47b3-960b-9ce91f930a22/current/raft-meta.conf.tmp with options [CREATE, WRITE]: sun.nio.ch.FileChannelImpl@1efdf4a2
2024-12-14 12:26:16,479 TRACE util.FileUtils (LogUtils.java:runAndLog(49)) - Successfully ran Atomic Files.move /home/runner/work/ratis/ratis/ratis-examples/target/test/data/da5193cb/MiniRaftClusterWithNetty71855ece/s7/8cff9ddc-4abb-47b3-960b-9ce91f930a22/current/raft-meta.conf.tmp to /home/runner/work/ratis/ratis/ratis-examples/target/test/data/da5193cb/MiniRaftClusterWithNetty71855ece/s7/8cff9ddc-4abb-47b3-960b-9ce91f930a22/current/raft-meta.conf with options [REPLACE_EXISTING]
2024-12-14 12:26:16,479 TRACE util.FileUtils (LogUtils.java:runAndLog(49)) - Successfully ran Atomic Files.move /home/runner/work/ratis/ratis/ratis-examples/target/test/data/da5193cb/MiniRaftClusterWithNetty71855ece/s8/8cff9ddc-4abb-47b3-960b-9ce91f930a22/current/raft-meta.conf.tmp to /home/runner/work/ratis/ratis/ratis-examples/target/test/data/da5193cb/MiniRaftClusterWithNetty71855ece/s8/8cff9ddc-4abb-47b3-960b-9ce91f930a22/current/raft-meta.conf with options [REPLACE_EXISTING]
2024-12-14 12:26:16,480 TRACE util.FileUtils (LogUtils.java:runAndLog(49)) - Successfully ran Atomic Files.move /home/runner/work/ratis/ratis/ratis-examples/target/test/data/da5193cb/MiniRaftClusterWithNetty71855ece/s9/8cff9ddc-4abb-47b3-960b-9ce91f930a22/current/raft-meta.conf.tmp to /home/runner/work/ratis/ratis/ratis-examples/target/test/data/da5193cb/MiniRaftClusterWithNetty71855ece/s9/8cff9ddc-4abb-47b3-960b-9ce91f930a22/current/raft-meta.conf with options [REPLACE_EXISTING]
2024-12-14 12:26:16,480 TRACE util.FileUtils (LogUtils.java:supplyAndLog(69)) - Successfully supplied FileChannel.open /home/runner/work/ratis/ratis/ratis-examples/target/test/data/da5193cb/MiniRaftClusterWithNetty71855ece/s9/8cff9ddc-4abb-47b3-960b-9ce91f930a22/current/raft-meta.conf.tmp with options [CREATE, WRITE]: sun.nio.ch.FileChannelImpl@13355bf
2024-12-14 12:26:16,480 TRACE util.FileUtils (LogUtils.java:runAndLog(49)) - Successfully ran Atomic Files.move /home/runner/work/ratis/ratis/ratis-examples/target/test/data/da5193cb/MiniRaftClusterWithNetty71855ece/s6/8cff9ddc-4abb-47b3-960b-9ce91f930a22/current/raft-meta.conf.tmp to /home/runner/work/ratis/ratis/ratis-examples/target/test/data/da5193cb/MiniRaftClusterWithNetty71855ece/s6/8cff9ddc-4abb-47b3-960b-9ce91f930a22/current/raft-meta.conf with options [REPLACE_EXISTING]
2024-12-14 12:26:16,480 TRACE util.FileUtils (LogUtils.java:supplyAndLog(69)) - Successfully supplied FileChannel.open /home/runner/work/ratis/ratis/ratis-examples/target/test/data/da5193cb/MiniRaftClusterWithNetty71855ece/s6/8cff9ddc-4abb-47b3-960b-9ce91f930a22/current/raft-meta.conf.tmp with options [CREATE, WRITE]: sun.nio.ch.FileChannelImpl@453b5ee3
2024-12-14 12:26:16,482 TRACE util.FileUtils (LogUtils.java:runAndLog(49)) - Successfully ran Atomic Files.move /home/runner/work/ratis/ratis/ratis-examples/target/test/data/da5193cb/MiniRaftClusterWithNetty71855ece/s5/8cff9ddc-4abb-47b3-960b-9ce91f930a22/current/raft-meta.conf.tmp to /home/runner/work/ratis/ratis/ratis-examples/target/test/data/da5193cb/MiniRaftClusterWithNetty71855ece/s5/8cff9ddc-4abb-47b3-960b-9ce91f930a22/current/raft-meta.conf with options [REPLACE_EXISTING]
2024-12-14 12:26:16,483 TRACE util.FileUtils (LogUtils.java:supplyAndLog(69)) - Successfully supplied FileChannel.open /home/runner/work/ratis/ratis/ratis-examples/target/test/data/da5193cb/MiniRaftClusterWithNetty71855ece/s5/8cff9ddc-4abb-47b3-960b-9ce91f930a22/current/raft-meta.conf.tmp with options [CREATE, WRITE]: sun.nio.ch.FileChannelImpl@3b1b0696
2024-12-14 12:26:16,485 INFO  server.RaftServerConfigKeys (ConfUtils.java:logGet(46)) - raft.server.rpc.timeout.max = 600ms (custom)
2024-12-14 12:26:16,486 INFO  ratis.RaftTestUtil (RaftTestUtil.java:waitForLeader(107)) - printing ALL groups
  s3:  RUNNING [
   FOLLOWER s3@group-0A0C1A18FF69:t0, leader=null, voted=, raftlog=Memoized:s3@group-0A0C1A18FF69-SegmentedRaftLog:OPENED:c-1:lastnull, conf=conf: {index: -1, cur=peers:[]|listeners:[], old=null} STARTING
   FOLLOWER s3@group-9CE91F930A22:t1, leader=s11, voted=null, raftlog=Memoized:s3@group-9CE91F930A22-SegmentedRaftLog:OPENED:c132:last(t:1, i:132), conf=conf: {index: 131, cur=peers:[s3|0.0.0.0:15018, s4|0.0.0.0:15019, s5|0.0.0.0:15020, s6|0.0.0.0:15021, s7|0.0.0.0:15022, s8|0.0.0.0:15023, s9|0.0.0.0:15024, s11|0.0.0.0:15026, s10|0.0.0.0:15025, s13|0.0.0.0:15028, s12|0.0.0.0:15027, s14|0.0.0.0:15029, s0|0.0.0.0:15015, s1|0.0.0.0:15016, s2|0.0.0.0:15017]|listeners:[], old=null} RUNNING] size=2
  s4:  RUNNING [
   FOLLOWER s4@group-0A0C1A18FF69:t0, leader=null, voted=, raftlog=Memoized:s4@group-0A0C1A18FF69-SegmentedRaftLog:OPENED:c-1:lastnull, conf=conf: {index: -1, cur=peers:[]|listeners:[], old=null} STARTING
   FOLLOWER s4@group-9CE91F930A22:t1, leader=s11, voted=null, raftlog=Memoized:s4@group-9CE91F930A22-SegmentedRaftLog:OPENED:c131:last(t:1, i:132), conf=conf: {index: 131, cur=peers:[s3|0.0.0.0:15018, s4|0.0.0.0:15019, s5|0.0.0.0:15020, s6|0.0.0.0:15021, s7|0.0.0.0:15022, s8|0.0.0.0:15023, s9|0.0.0.0:15024, s11|0.0.0.0:15026, s10|0.0.0.0:15025, s13|0.0.0.0:15028, s12|0.0.0.0:15027, s14|0.0.0.0:15029, s0|0.0.0.0:15015, s1|0.0.0.0:15016, s2|0.0.0.0:15017]|listeners:[], old=null} RUNNING] size=2
  s5:  RUNNING [
   FOLLOWER s5@group-0A0C1A18FF69:t0, leader=null, voted=, raftlog=Memoized:s5@group-0A0C1A18FF69-SegmentedRaftLog:OPENED:c-1:lastnull, conf=conf: {index: -1, cur=peers:[]|listeners:[], old=null} STARTING
   FOLLOWER s5@group-9CE91F930A22:t1, leader=s11, voted=null, raftlog=Memoized:s5@group-9CE91F930A22-SegmentedRaftLog:OPENED:c131:last(t:1, i:132), conf=conf: {index: 131, cur=peers:[s3|0.0.0.0:15018, s4|0.0.0.0:15019, s5|0.0.0.0:15020, s6|0.0.0.0:15021, s7|0.0.0.0:15022, s8|0.0.0.0:15023, s9|0.0.0.0:15024, s11|0.0.0.0:15026, s10|0.0.0.0:15025, s13|0.0.0.0:15028, s12|0.0.0.0:15027, s14|0.0.0.0:15029, s0|0.0.0.0:15015, s1|0.0.0.0:15016, s2|0.0.0.0:15017]|listeners:[], old=null} RUNNING] size=2
  s6:  RUNNING [
   FOLLOWER s6@group-0A0C1A18FF69:t0, leader=null, voted=, raftlog=Memoized:s6@group-0A0C1A18FF69-SegmentedRaftLog:OPENED:c-1:lastnull, conf=conf: {index: -1, cur=peers:[]|listeners:[], old=null} STARTING
   FOLLOWER s6@group-9CE91F930A22:t1, leader=s11, voted=null, raftlog=Memoized:s6@group-9CE91F930A22-SegmentedRaftLog:OPENED:c132:last(t:1, i:132), conf=conf: {index: 131, cur=peers:[s3|0.0.0.0:15018, s4|0.0.0.0:15019, s5|0.0.0.0:15020, s6|0.0.0.0:15021, s7|0.0.0.0:15022, s8|0.0.0.0:15023, s9|0.0.0.0:15024, s11|0.0.0.0:15026, s10|0.0.0.0:15025, s13|0.0.0.0:15028, s12|0.0.0.0:15027, s14|0.0.0.0:15029, s0|0.0.0.0:15015, s1|0.0.0.0:15016, s2|0.0.0.0:15017]|listeners:[], old=null} RUNNING] size=2
  s7:  RUNNING [
   FOLLOWER s7@group-0A0C1A18FF69:t0, leader=null, voted=, raftlog=Memoized:s7@group-0A0C1A18FF69-SegmentedRaftLog:OPENED:c-1:lastnull, conf=conf: {index: -1, cur=peers:[]|listeners:[], old=null} STARTING
   FOLLOWER s7@group-9CE91F930A22:t1, leader=s11, voted=null, raftlog=Memoized:s7@group-9CE91F930A22-SegmentedRaftLog:OPENED:c131:last(t:1, i:132), conf=conf: {index: 131, cur=peers:[s3|0.0.0.0:15018, s4|0.0.0.0:15019, s5|0.0.0.0:15020, s6|0.0.0.0:15021, s7|0.0.0.0:15022, s8|0.0.0.0:15023, s9|0.0.0.0:15024, s11|0.0.0.0:15026, s10|0.0.0.0:15025, s13|0.0.0.0:15028, s12|0.0.0.0:15027, s14|0.0.0.0:15029, s0|0.0.0.0:15015, s1|0.0.0.0:15016, s2|0.0.0.0:15017]|listeners:[], old=null} RUNNING] size=2
  s8:  RUNNING [
   FOLLOWER s8@group-0A0C1A18FF69:t0, leader=null, voted=, raftlog=Memoized:s8@group-0A0C1A18FF69-SegmentedRaftLog:OPENED:c-1:lastnull, conf=conf: {index: -1, cur=peers:[]|listeners:[], old=null} STARTING
   FOLLOWER s8@group-9CE91F930A22:t1, leader=s11, voted=null, raftlog=Memoized:s8@group-9CE91F930A22-SegmentedRaftLog:OPENED:c128:last(t:1, i:128), conf=conf: {index: 127, cur=peers:[s3|0.0.0.0:15018, s11|0.0.0.0:15026, s10|0.0.0.0:15025, s13|0.0.0.0:15028, s12|0.0.0.0:15027, s14|0.0.0.0:15029, s0|0.0.0.0:15015, s1|0.0.0.0:15016, s2|0.0.0.0:15017]|listeners:[], old=null} RUNNING] size=2
  s9:  RUNNING [
   FOLLOWER s9@group-0A0C1A18FF69:t0, leader=null, voted=, raftlog=Memoized:s9@group-0A0C1A18FF69-SegmentedRaftLog:OPENED:c-1:lastnull, conf=conf: {index: -1, cur=peers:[]|listeners:[], old=null} STARTING
   FOLLOWER s9@group-9CE91F930A22:t1, leader=s11, voted=null, raftlog=Memoized:s9@group-9CE91F930A22-SegmentedRaftLog:OPENED:c132:last(t:1, i:132), conf=conf: {index: 131, cur=peers:[s3|0.0.0.0:15018, s4|0.0.0.0:15019, s5|0.0.0.0:15020, s6|0.0.0.0:15021, s7|0.0.0.0:15022, s8|0.0.0.0:15023, s9|0.0.0.0:15024, s11|0.0.0.0:15026, s10|0.0.0.0:15025, s13|0.0.0.0:15028, s12|0.0.0.0:15027, s14|0.0.0.0:15029, s0|0.0.0.0:15015, s1|0.0.0.0:15016, s2|0.0.0.0:15017]|listeners:[], old=null} RUNNING] size=2
  s11:  RUNNING [
   FOLLOWER s11@group-0A0C1A18FF69:t0, leader=null, voted=, raftlog=Memoized:s11@group-0A0C1A18FF69-SegmentedRaftLog:OPENED:c-1:lastnull, conf=conf: {index: -1, cur=peers:[]|listeners:[], old=null} STARTING
     LEADER s11@group-9CE91F930A22:t1, leader=s11, voted=s11, raftlog=Memoized:s11@group-9CE91F930A22-SegmentedRaftLog:OPENED:c132:last(t:1, i:132), conf=conf: {index: 131, cur=peers:[s3|0.0.0.0:15018, s4|0.0.0.0:15019, s5|0.0.0.0:15020, s6|0.0.0.0:15021, s7|0.0.0.0:15022, s8|0.0.0.0:15023, s9|0.0.0.0:15024, s11|0.0.0.0:15026, s10|0.0.0.0:15025, s13|0.0.0.0:15028, s12|0.0.0.0:15027, s14|0.0.0.0:15029, s0|0.0.0.0:15015, s1|0.0.0.0:15016, s2|0.0.0.0:15017]|listeners:[], old=null} RUNNING] size=2
  s10:  RUNNING [
   FOLLOWER s10@group-0A0C1A18FF69:t0, leader=null, voted=, raftlog=Memoized:s10@group-0A0C1A18FF69-SegmentedRaftLog:OPENED:c-1:lastnull, conf=conf: {index: -1, cur=peers:[]|listeners:[], old=null} STARTING
   FOLLOWER s10@group-9CE91F930A22:t1, leader=s11, voted=null, raftlog=Memoized:s10@group-9CE91F930A22-SegmentedRaftLog:OPENED:c131:last(t:1, i:132), conf=conf: {index: 131, cur=peers:[s3|0.0.0.0:15018, s4|0.0.0.0:15019, s5|0.0.0.0:15020, s6|0.0.0.0:15021, s7|0.0.0.0:15022, s8|0.0.0.0:15023, s9|0.0.0.0:15024, s11|0.0.0.0:15026, s10|0.0.0.0:15025, s13|0.0.0.0:15028, s12|0.0.0.0:15027, s14|0.0.0.0:15029, s0|0.0.0.0:15015, s1|0.0.0.0:15016, s2|0.0.0.0:15017]|listeners:[], old=null} RUNNING] size=2
  s13:  RUNNING [
   FOLLOWER s13@group-0A0C1A18FF69:t0, leader=null, voted=, raftlog=Memoized:s13@group-0A0C1A18FF69-SegmentedRaftLog:OPENED:c-1:lastnull, conf=conf: {index: -1, cur=peers:[]|listeners:[], old=null} STARTING
   FOLLOWER s13@group-9CE91F930A22:t1, leader=s11, voted=s11, raftlog=Memoized:s13@group-9CE91F930A22-SegmentedRaftLog:OPENED:c131:last(t:1, i:132), conf=conf: {index: 131, cur=peers:[s3|0.0.0.0:15018, s4|0.0.0.0:15019, s5|0.0.0.0:15020, s6|0.0.0.0:15021, s7|0.0.0.0:15022, s8|0.0.0.0:15023, s9|0.0.0.0:15024, s11|0.0.0.0:15026, s10|0.0.0.0:15025, s13|0.0.0.0:15028, s12|0.0.0.0:15027, s14|0.0.0.0:15029, s0|0.0.0.0:15015, s1|0.0.0.0:15016, s2|0.0.0.0:15017]|listeners:[], old=null} RUNNING] size=2
  s12:  RUNNING [
   FOLLOWER s12@group-0A0C1A18FF69:t0, leader=null, voted=, raftlog=Memoized:s12@group-0A0C1A18FF69-SegmentedRaftLog:OPENED:c-1:lastnull, conf=conf: {index: -1, cur=peers:[]|listeners:[], old=null} STARTING
   FOLLOWER s12@group-9CE91F930A22:t1, leader=s11, voted=s11, raftlog=Memoized:s12@group-9CE91F930A22-SegmentedRaftLog:OPENED:c131:last(t:1, i:132), conf=conf: {index: 131, cur=peers:[s3|0.0.0.0:15018, s4|0.0.0.0:15019, s5|0.0.0.0:15020, s6|0.0.0.0:15021, s7|0.0.0.0:15022, s8|0.0.0.0:15023, s9|0.0.0.0:15024, s11|0.0.0.0:15026, s10|0.0.0.0:15025, s13|0.0.0.0:15028, s12|0.0.0.0:15027, s14|0.0.0.0:15029, s0|0.0.0.0:15015, s1|0.0.0.0:15016, s2|0.0.0.0:15017]|listeners:[], old=null} RUNNING] size=2
  s14:  RUNNING [
   FOLLOWER s14@group-0A0C1A18FF69:t0, leader=null, voted=, raftlog=Memoized:s14@group-0A0C1A18FF69-SegmentedRaftLog:OPENED:c-1:lastnull, conf=conf: {index: -1, cur=peers:[]|listeners:[], old=null} STARTING
   FOLLOWER s14@group-9CE91F930A22:t1, leader=s11, voted=null, raftlog=Memoized:s14@group-9CE91F930A22-SegmentedRaftLog:OPENED:c131:last(t:1, i:132), conf=conf: {index: 131, cur=peers:[s3|0.0.0.0:15018, s4|0.0.0.0:15019, s5|0.0.0.0:15020, s6|0.0.0.0:15021, s7|0.0.0.0:15022, s8|0.0.0.0:15023, s9|0.0.0.0:15024, s11|0.0.0.0:15026, s10|0.0.0.0:15025, s13|0.0.0.0:15028, s12|0.0.0.0:15027, s14|0.0.0.0:15029, s0|0.0.0.0:15015, s1|0.0.0.0:15016, s2|0.0.0.0:15017]|listeners:[], old=null} RUNNING] size=2
  s0:  RUNNING [
   FOLLOWER s0@group-0A0C1A18FF69:t0, leader=null, voted=, raftlog=Memoized:s0@group-0A0C1A18FF69-SegmentedRaftLog:OPENED:c-1:lastnull, conf=conf: {index: -1, cur=peers:[]|listeners:[], old=null} STARTING
   FOLLOWER s0@group-9CE91F930A22:t1, leader=s11, voted=null, raftlog=Memoized:s0@group-9CE91F930A22-SegmentedRaftLog:OPENED:c131:last(t:1, i:132), conf=conf: {index: 131, cur=peers:[s3|0.0.0.0:15018, s4|0.0.0.0:15019, s5|0.0.0.0:15020, s6|0.0.0.0:15021, s7|0.0.0.0:15022, s8|0.0.0.0:15023, s9|0.0.0.0:15024, s11|0.0.0.0:15026, s10|0.0.0.0:15025, s13|0.0.0.0:15028, s12|0.0.0.0:15027, s14|0.0.0.0:15029, s0|0.0.0.0:15015, s1|0.0.0.0:15016, s2|0.0.0.0:15017]|listeners:[], old=null} RUNNING] size=2
  s1:  RUNNING [
   FOLLOWER s1@group-0A0C1A18FF69:t0, leader=null, voted=, raftlog=Memoized:s1@group-0A0C1A18FF69-SegmentedRaftLog:OPENED:c-1:lastnull, conf=conf: {index: -1, cur=peers:[]|listeners:[], old=null} STARTING
   FOLLOWER s1@group-9CE91F930A22:t1, leader=s11, voted=null, raftlog=Memoized:s1@group-9CE91F930A22-SegmentedRaftLog:OPENED:c131:last(t:1, i:132), conf=conf: {index: 131, cur=peers:[s3|0.0.0.0:15018, s4|0.0.0.0:15019, s5|0.0.0.0:15020, s6|0.0.0.0:15021, s7|0.0.0.0:15022, s8|0.0.0.0:15023, s9|0.0.0.0:15024, s11|0.0.0.0:15026, s10|0.0.0.0:15025, s13|0.0.0.0:15028, s12|0.0.0.0:15027, s14|0.0.0.0:15029, s0|0.0.0.0:15015, s1|0.0.0.0:15016, s2|0.0.0.0:15017]|listeners:[], old=null} RUNNING] size=2
  s2:  RUNNING [
   FOLLOWER s2@group-0A0C1A18FF69:t0, leader=null, voted=, raftlog=Memoized:s2@group-0A0C1A18FF69-SegmentedRaftLog:OPENED:c-1:lastnull, conf=conf: {index: -1, cur=peers:[]|listeners:[], old=null} STARTING
   FOLLOWER s2@group-9CE91F930A22:t1, leader=s11, voted=null, raftlog=Memoized:s2@group-9CE91F930A22-SegmentedRaftLog:OPENED:c132:last(t:1, i:132), conf=conf: {index: 131, cur=peers:[s3|0.0.0.0:15018, s4|0.0.0.0:15019, s5|0.0.0.0:15020, s6|0.0.0.0:15021, s7|0.0.0.0:15022, s8|0.0.0.0:15023, s9|0.0.0.0:15024, s11|0.0.0.0:15026, s10|0.0.0.0:15025, s13|0.0.0.0:15028, s12|0.0.0.0:15027, s14|0.0.0.0:15029, s0|0.0.0.0:15015, s1|0.0.0.0:15016, s2|0.0.0.0:15017]|listeners:[], old=null} RUNNING] size=2
2024-12-14 12:26:16,485 TRACE util.FileUtils (LogUtils.java:runAndLog(49)) - Successfully ran Atomic Files.move /home/runner/work/ratis/ratis/ratis-examples/target/test/data/da5193cb/MiniRaftClusterWithNetty71855ece/s6/8cff9ddc-4abb-47b3-960b-9ce91f930a22/current/raft-meta.conf.tmp to /home/runner/work/ratis/ratis/ratis-examples/target/test/data/da5193cb/MiniRaftClusterWithNetty71855ece/s6/8cff9ddc-4abb-47b3-960b-9ce91f930a22/current/raft-meta.conf with options [REPLACE_EXISTING]
2024-12-14 12:26:16,487 INFO  ratis.RaftTestUtil (RaftTestUtil.java:waitForLeader(131)) - printing ALL groups
  s3:  RUNNING [
   FOLLOWER s3@group-0A0C1A18FF69:t0, leader=null, voted=, raftlog=Memoized:s3@group-0A0C1A18FF69-SegmentedRaftLog:OPENED:c-1:lastnull, conf=conf: {index: -1, cur=peers:[]|listeners:[], old=null} STARTING
   FOLLOWER s3@group-9CE91F930A22:t1, leader=s11, voted=null, raftlog=Memoized:s3@group-9CE91F930A22-SegmentedRaftLog:OPENED:c132:last(t:1, i:132), conf=conf: {index: 131, cur=peers:[s3|0.0.0.0:15018, s4|0.0.0.0:15019, s5|0.0.0.0:15020, s6|0.0.0.0:15021, s7|0.0.0.0:15022, s8|0.0.0.0:15023, s9|0.0.0.0:15024, s11|0.0.0.0:15026, s10|0.0.0.0:15025, s13|0.0.0.0:15028, s12|0.0.0.0:15027, s14|0.0.0.0:15029, s0|0.0.0.0:15015, s1|0.0.0.0:15016, s2|0.0.0.0:15017]|listeners:[], old=null} RUNNING] size=2
  s4:  RUNNING [
   FOLLOWER s4@group-0A0C1A18FF69:t0, leader=null, voted=, raftlog=Memoized:s4@group-0A0C1A18FF69-SegmentedRaftLog:OPENED:c-1:lastnull, conf=conf: {index: -1, cur=peers:[]|listeners:[], old=null} STARTING
   FOLLOWER s4@group-9CE91F930A22:t1, leader=s11, voted=null, raftlog=Memoized:s4@group-9CE91F930A22-SegmentedRaftLog:OPENED:c131:last(t:1, i:132), conf=conf: {index: 131, cur=peers:[s3|0.0.0.0:15018, s4|0.0.0.0:15019, s5|0.0.0.0:15020, s6|0.0.0.0:15021, s7|0.0.0.0:15022, s8|0.0.0.0:15023, s9|0.0.0.0:15024, s11|0.0.0.0:15026, s10|0.0.0.0:15025, s13|0.0.0.0:15028, s12|0.0.0.0:15027, s14|0.0.0.0:15029, s0|0.0.0.0:15015, s1|0.0.0.0:15016, s2|0.0.0.0:15017]|listeners:[], old=null} RUNNING] size=2
  s5:  RUNNING [
   FOLLOWER s5@group-0A0C1A18FF69:t0, leader=null, voted=, raftlog=Memoized:s5@group-0A0C1A18FF69-SegmentedRaftLog:OPENED:c-1:lastnull, conf=conf: {index: -1, cur=peers:[]|listeners:[], old=null} STARTING
   FOLLOWER s5@group-9CE91F930A22:t1, leader=s11, voted=null, raftlog=Memoized:s5@group-9CE91F930A22-SegmentedRaftLog:OPENED:c131:last(t:1, i:132), conf=conf: {index: 131, cur=peers:[s3|0.0.0.0:15018, s4|0.0.0.0:15019, s5|0.0.0.0:15020, s6|0.0.0.0:15021, s7|0.0.0.0:15022, s8|0.0.0.0:15023, s9|0.0.0.0:15024, s11|0.0.0.0:15026, s10|0.0.0.0:15025, s13|0.0.0.0:15028, s12|0.0.0.0:15027, s14|0.0.0.0:15029, s0|0.0.0.0:15015, s1|0.0.0.0:15016, s2|0.0.0.0:15017]|listeners:[], old=null} RUNNING] size=2
  s6:  RUNNING [
   FOLLOWER s6@group-0A0C1A18FF69:t0, leader=null, voted=, raftlog=Memoized:s6@group-0A0C1A18FF69-SegmentedRaftLog:OPENED:c-1:lastnull, conf=conf: {index: -1, cur=peers:[]|listeners:[], old=null} STARTING
   FOLLOWER s6@group-9CE91F930A22:t1, leader=s11, voted=null, raftlog=Memoized:s6@group-9CE91F930A22-SegmentedRaftLog:OPENED:c132:last(t:1, i:132), conf=conf: {index: 131, cur=peers:[s3|0.0.0.0:15018, s4|0.0.0.0:15019, s5|0.0.0.0:15020, s6|0.0.0.0:15021, s7|0.0.0.0:15022, s8|0.0.0.0:15023, s9|0.0.0.0:15024, s11|0.0.0.0:15026, s10|0.0.0.0:15025, s13|0.0.0.0:15028, s12|0.0.0.0:15027, s14|0.0.0.0:15029, s0|0.0.0.0:15015, s1|0.0.0.0:15016, s2|0.0.0.0:15017]|listeners:[], old=null} RUNNING] size=2
  s7:  RUNNING [
   FOLLOWER s7@group-0A0C1A18FF69:t0, leader=null, voted=, raftlog=Memoized:s7@group-0A0C1A18FF69-SegmentedRaftLog:OPENED:c-1:lastnull, conf=conf: {index: -1, cur=peers:[]|listeners:[], old=null} STARTING
   FOLLOWER s7@group-9CE91F930A22:t1, leader=s11, voted=null, raftlog=Memoized:s7@group-9CE91F930A22-SegmentedRaftLog:OPENED:c131:last(t:1, i:132), conf=conf: {index: 131, cur=peers:[s3|0.0.0.0:15018, s4|0.0.0.0:15019, s5|0.0.0.0:15020, s6|0.0.0.0:15021, s7|0.0.0.0:15022, s8|0.0.0.0:15023, s9|0.0.0.0:15024, s11|0.0.0.0:15026, s10|0.0.0.0:15025, s13|0.0.0.0:15028, s12|0.0.0.0:15027, s14|0.0.0.0:15029, s0|0.0.0.0:15015, s1|0.0.0.0:15016, s2|0.0.0.0:15017]|listeners:[], old=null} RUNNING] size=2
  s8:  RUNNING [
   FOLLOWER s8@group-0A0C1A18FF69:t0, leader=null, voted=, raftlog=Memoized:s8@group-0A0C1A18FF69-SegmentedRaftLog:OPENED:c-1:lastnull, conf=conf: {index: -1, cur=peers:[]|listeners:[], old=null} STARTING
   FOLLOWER s8@group-9CE91F930A22:t1, leader=s11, voted=null, raftlog=Memoized:s8@group-9CE91F930A22-SegmentedRaftLog:OPENED:c128:last(t:1, i:128), conf=conf: {index: 127, cur=peers:[s3|0.0.0.0:15018, s11|0.0.0.0:15026, s10|0.0.0.0:15025, s13|0.0.0.0:15028, s12|0.0.0.0:15027, s14|0.0.0.0:15029, s0|0.0.0.0:15015, s1|0.0.0.0:15016, s2|0.0.0.0:15017]|listeners:[], old=null} RUNNING] size=2
  s9:  RUNNING [
   FOLLOWER s9@group-0A0C1A18FF69:t0, leader=null, voted=, raftlog=Memoized:s9@group-0A0C1A18FF69-SegmentedRaftLog:OPENED:c-1:lastnull, conf=conf: {index: -1, cur=peers:[]|listeners:[], old=null} STARTING
   FOLLOWER s9@group-9CE91F930A22:t1, leader=s11, voted=null, raftlog=Memoized:s9@group-9CE91F930A22-SegmentedRaftLog:OPENED:c132:last(t:1, i:132), conf=conf: {index: 131, cur=peers:[s3|0.0.0.0:15018, s4|0.0.0.0:15019, s5|0.0.0.0:15020, s6|0.0.0.0:15021, s7|0.0.0.0:15022, s8|0.0.0.0:15023, s9|0.0.0.0:15024, s11|0.0.0.0:15026, s10|0.0.0.0:15025, s13|0.0.0.0:15028, s12|0.0.0.0:15027, s14|0.0.0.0:15029, s0|0.0.0.0:15015, s1|0.0.0.0:15016, s2|0.0.0.0:15017]|listeners:[], old=null} RUNNING] size=2
  s11:  RUNNING [
   FOLLOWER s11@group-0A0C1A18FF69:t0, leader=null, voted=, raftlog=Memoized:s11@group-0A0C1A18FF69-SegmentedRaftLog:OPENED:c-1:lastnull, conf=conf: {index: -1, cur=peers:[]|listeners:[], old=null} STARTING
     LEADER s11@group-9CE91F930A22:t1, leader=s11, voted=s11, raftlog=Memoized:s11@group-9CE91F930A22-SegmentedRaftLog:OPENED:c132:last(t:1, i:132), conf=conf: {index: 131, cur=peers:[s3|0.0.0.0:15018, s4|0.0.0.0:15019, s5|0.0.0.0:15020, s6|0.0.0.0:15021, s7|0.0.0.0:15022, s8|0.0.0.0:15023, s9|0.0.0.0:15024, s11|0.0.0.0:15026, s10|0.0.0.0:15025, s13|0.0.0.0:15028, s12|0.0.0.0:15027, s14|0.0.0.0:15029, s0|0.0.0.0:15015, s1|0.0.0.0:15016, s2|0.0.0.0:15017]|listeners:[], old=null} RUNNING] size=2
  s10:  RUNNING [
   FOLLOWER s10@group-0A0C1A18FF69:t0, leader=null, voted=, raftlog=Memoized:s10@group-0A0C1A18FF69-SegmentedRaftLog:OPENED:c-1:lastnull, conf=conf: {index: -1, cur=peers:[]|listeners:[], old=null} STARTING
   FOLLOWER s10@group-9CE91F930A22:t1, leader=s11, voted=null, raftlog=Memoized:s10@group-9CE91F930A22-SegmentedRaftLog:OPENED:c131:last(t:1, i:132), conf=conf: {index: 131, cur=peers:[s3|0.0.0.0:15018, s4|0.0.0.0:15019, s5|0.0.0.0:15020, s6|0.0.0.0:15021, s7|0.0.0.0:15022, s8|0.0.0.0:15023, s9|0.0.0.0:15024, s11|0.0.0.0:15026, s10|0.0.0.0:15025, s13|0.0.0.0:15028, s12|0.0.0.0:15027, s14|0.0.0.0:15029, s0|0.0.0.0:15015, s1|0.0.0.0:15016, s2|0.0.0.0:15017]|listeners:[], old=null} RUNNING] size=2
  s13:  RUNNING [
   FOLLOWER s13@group-0A0C1A18FF69:t0, leader=null, voted=, raftlog=Memoized:s13@group-0A0C1A18FF69-SegmentedRaftLog:OPENED:c-1:lastnull, conf=conf: {index: -1, cur=peers:[]|listeners:[], old=null} STARTING
   FOLLOWER s13@group-9CE91F930A22:t1, leader=s11, voted=s11, raftlog=Memoized:s13@group-9CE91F930A22-SegmentedRaftLog:OPENED:c131:last(t:1, i:132), conf=conf: {index: 131, cur=peers:[s3|0.0.0.0:15018, s4|0.0.0.0:15019, s5|0.0.0.0:15020, s6|0.0.0.0:15021, s7|0.0.0.0:15022, s8|0.0.0.0:15023, s9|0.0.0.0:15024, s11|0.0.0.0:15026, s10|0.0.0.0:15025, s13|0.0.0.0:15028, s12|0.0.0.0:15027, s14|0.0.0.0:15029, s0|0.0.0.0:15015, s1|0.0.0.0:15016, s2|0.0.0.0:15017]|listeners:[], old=null} RUNNING] size=2
  s12:  RUNNING [
   FOLLOWER s12@group-0A0C1A18FF69:t0, leader=null, voted=, raftlog=Memoized:s12@group-0A0C1A18FF69-SegmentedRaftLog:OPENED:c-1:lastnull, conf=conf: {index: -1, cur=peers:[]|listeners:[], old=null} STARTING
   FOLLOWER s12@group-9CE91F930A22:t1, leader=s11, voted=s11, raftlog=Memoized:s12@group-9CE91F930A22-SegmentedRaftLog:OPENED:c131:last(t:1, i:132), conf=conf: {index: 131, cur=peers:[s3|0.0.0.0:15018, s4|0.0.0.0:15019, s5|0.0.0.0:15020, s6|0.0.0.0:15021, s7|0.0.0.0:15022, s8|0.0.0.0:15023, s9|0.0.0.0:15024, s11|0.0.0.0:15026, s10|0.0.0.0:15025, s13|0.0.0.0:15028, s12|0.0.0.0:15027, s14|0.0.0.0:15029, s0|0.0.0.0:15015, s1|0.0.0.0:15016, s2|0.0.0.0:15017]|listeners:[], old=null} RUNNING] size=2
  s14:  RUNNING [
   FOLLOWER s14@group-0A0C1A18FF69:t0, leader=null, voted=, raftlog=Memoized:s14@group-0A0C1A18FF69-SegmentedRaftLog:OPENED:c-1:lastnull, conf=conf: {index: -1, cur=peers:[]|listeners:[], old=null} STARTING
   FOLLOWER s14@group-9CE91F930A22:t1, leader=s11, voted=null, raftlog=Memoized:s14@group-9CE91F930A22-SegmentedRaftLog:OPENED:c131:last(t:1, i:132), conf=conf: {index: 131, cur=peers:[s3|0.0.0.0:15018, s4|0.0.0.0:15019, s5|0.0.0.0:15020, s6|0.0.0.0:15021, s7|0.0.0.0:15022, s8|0.0.0.0:15023, s9|0.0.0.0:15024, s11|0.0.0.0:15026, s10|0.0.0.0:15025, s13|0.0.0.0:15028, s12|0.0.0.0:15027, s14|0.0.0.0:15029, s0|0.0.0.0:15015, s1|0.0.0.0:15016, s2|0.0.0.0:15017]|listeners:[], old=null} RUNNING] size=2
  s0:  RUNNING [
   FOLLOWER s0@group-0A0C1A18FF69:t0, leader=null, voted=, raftlog=Memoized:s0@group-0A0C1A18FF69-SegmentedRaftLog:OPENED:c-1:lastnull, conf=conf: {index: -1, cur=peers:[]|listeners:[], old=null} STARTING
   FOLLOWER s0@group-9CE91F930A22:t1, leader=s11, voted=null, raftlog=Memoized:s0@group-9CE91F930A22-SegmentedRaftLog:OPENED:c131:last(t:1, i:132), conf=conf: {index: 131, cur=peers:[s3|0.0.0.0:15018, s4|0.0.0.0:15019, s5|0.0.0.0:15020, s6|0.0.0.0:15021, s7|0.0.0.0:15022, s8|0.0.0.0:15023, s9|0.0.0.0:15024, s11|0.0.0.0:15026, s10|0.0.0.0:15025, s13|0.0.0.0:15028, s12|0.0.0.0:15027, s14|0.0.0.0:15029, s0|0.0.0.0:15015, s1|0.0.0.0:15016, s2|0.0.0.0:15017]|listeners:[], old=null} RUNNING] size=2
  s1:  RUNNING [
   FOLLOWER s1@group-0A0C1A18FF69:t0, leader=null, voted=, raftlog=Memoized:s1@group-0A0C1A18FF69-SegmentedRaftLog:OPENED:c-1:lastnull, conf=conf: {index: -1, cur=peers:[]|listeners:[], old=null} STARTING
   FOLLOWER s1@group-9CE91F930A22:t1, leader=s11, voted=null, raftlog=Memoized:s1@group-9CE91F930A22-SegmentedRaftLog:OPENED:c131:last(t:1, i:132), conf=conf: {index: 131, cur=peers:[s3|0.0.0.0:15018, s4|0.0.0.0:15019, s5|0.0.0.0:15020, s6|0.0.0.0:15021, s7|0.0.0.0:15022, s8|0.0.0.0:15023, s9|0.0.0.0:15024, s11|0.0.0.0:15026, s10|0.0.0.0:15025, s13|0.0.0.0:15028, s12|0.0.0.0:15027, s14|0.0.0.0:15029, s0|0.0.0.0:15015, s1|0.0.0.0:15016, s2|0.0.0.0:15017]|listeners:[], old=null} RUNNING] size=2
  s2:  RUNNING [
   FOLLOWER s2@group-0A0C1A18FF69:t0, leader=null, voted=, raftlog=Memoized:s2@group-0A0C1A18FF69-SegmentedRaftLog:OPENED:c-1:lastnull, conf=conf: {index: -1, cur=peers:[]|listeners:[], old=null} STARTING
   FOLLOWER s2@group-9CE91F930A22:t1, leader=s11, voted=null, raftlog=Memoized:s2@group-9CE91F930A22-SegmentedRaftLog:OPENED:c132:last(t:1, i:132), conf=conf: {index: 131, cur=peers:[s3|0.0.0.0:15018, s4|0.0.0.0:15019, s5|0.0.0.0:15020, s6|0.0.0.0:15021, s7|0.0.0.0:15022, s8|0.0.0.0:15023, s9|0.0.0.0:15024, s11|0.0.0.0:15026, s10|0.0.0.0:15025, s13|0.0.0.0:15028, s12|0.0.0.0:15027, s14|0.0.0.0:15029, s0|0.0.0.0:15015, s1|0.0.0.0:15016, s2|0.0.0.0:15017]|listeners:[], old=null} RUNNING] size=2
2024-12-14 12:26:16,487 INFO  netty.NettyUtils (NettyUtils.java:newEventLoopGroup(74)) - Create EpollEventLoopGroup for client-862C9E4761DB; Thread size is 0.
2024-12-14 12:26:16,488 TRACE util.FileUtils (LogUtils.java:runAndLog(49)) - Successfully ran Atomic Files.move /home/runner/work/ratis/ratis/ratis-examples/target/test/data/da5193cb/MiniRaftClusterWithNetty71855ece/s9/8cff9ddc-4abb-47b3-960b-9ce91f930a22/current/raft-meta.conf.tmp to /home/runner/work/ratis/ratis/ratis-examples/target/test/data/da5193cb/MiniRaftClusterWithNetty71855ece/s9/8cff9ddc-4abb-47b3-960b-9ce91f930a22/current/raft-meta.conf with options [REPLACE_EXISTING]
2024-12-14 12:26:16,487 INFO  server.RaftServer$Division (ServerState.java:setRaftConf(386)) - s8@group-9CE91F930A22: set configuration conf: {index: 129, cur=peers:[s3|0.0.0.0:15018, s4|0.0.0.0:15019, s5|0.0.0.0:15020, s6|0.0.0.0:15021, s7|0.0.0.0:15022, s8|0.0.0.0:15023, s9|0.0.0.0:15024, s11|0.0.0.0:15026, s10|0.0.0.0:15025, s13|0.0.0.0:15028, s12|0.0.0.0:15027, s14|0.0.0.0:15029, s0|0.0.0.0:15015, s1|0.0.0.0:15016, s2|0.0.0.0:15017]|listeners:[], old=peers:[s3|0.0.0.0:15018, s11|0.0.0.0:15026, s10|0.0.0.0:15025, s13|0.0.0.0:15028, s12|0.0.0.0:15027, s14|0.0.0.0:15029, s0|0.0.0.0:15015, s1|0.0.0.0:15016, s2|0.0.0.0:15017]|listeners:[]}
2024-12-14 12:26:16,488 INFO  server.RaftServer$Division (ServerState.java:setRaftConf(386)) - s8@group-9CE91F930A22: set configuration conf: {index: 131, cur=peers:[s3|0.0.0.0:15018, s4|0.0.0.0:15019, s5|0.0.0.0:15020, s6|0.0.0.0:15021, s7|0.0.0.0:15022, s8|0.0.0.0:15023, s9|0.0.0.0:15024, s11|0.0.0.0:15026, s10|0.0.0.0:15025, s13|0.0.0.0:15028, s12|0.0.0.0:15027, s14|0.0.0.0:15029, s0|0.0.0.0:15015, s1|0.0.0.0:15016, s2|0.0.0.0:15017]|listeners:[], old=null}
2024-12-14 12:26:16,489 TRACE util.FileUtils (LogUtils.java:runAndLog(49)) - Successfully ran Atomic Files.move /home/runner/work/ratis/ratis/ratis-examples/target/test/data/da5193cb/MiniRaftClusterWithNetty71855ece/s5/8cff9ddc-4abb-47b3-960b-9ce91f930a22/current/raft-meta.conf.tmp to /home/runner/work/ratis/ratis/ratis-examples/target/test/data/da5193cb/MiniRaftClusterWithNetty71855ece/s5/8cff9ddc-4abb-47b3-960b-9ce91f930a22/current/raft-meta.conf with options [REPLACE_EXISTING]
2024-12-14 12:26:16,489 TRACE util.FileUtils (LogUtils.java:supplyAndLog(69)) - Successfully supplied FileChannel.open /home/runner/work/ratis/ratis/ratis-examples/target/test/data/da5193cb/MiniRaftClusterWithNetty71855ece/s8/8cff9ddc-4abb-47b3-960b-9ce91f930a22/current/raft-meta.conf.tmp with options [CREATE, WRITE]: sun.nio.ch.FileChannelImpl@1b10f324
2024-12-14 12:26:16,494 TRACE util.FileUtils (LogUtils.java:runAndLog(49)) - Successfully ran Atomic Files.move /home/runner/work/ratis/ratis/ratis-examples/target/test/data/da5193cb/MiniRaftClusterWithNetty71855ece/s8/8cff9ddc-4abb-47b3-960b-9ce91f930a22/current/raft-meta.conf.tmp to /home/runner/work/ratis/ratis/ratis-examples/target/test/data/da5193cb/MiniRaftClusterWithNetty71855ece/s8/8cff9ddc-4abb-47b3-960b-9ce91f930a22/current/raft-meta.conf with options [REPLACE_EXISTING]
2024-12-14 12:26:16,494 INFO  logging.LoggingHandler (AbstractInternalLogger.java:log(148)) - [id: 0x7b551b54, L:/0.0.0.0:15026] READ: [id: 0xc359922b, L:/127.0.0.1:15026 - R:/127.0.0.1:58358]
2024-12-14 12:26:16,495 TRACE util.FileUtils (LogUtils.java:supplyAndLog(69)) - Successfully supplied FileChannel.open /home/runner/work/ratis/ratis/ratis-examples/target/test/data/da5193cb/MiniRaftClusterWithNetty71855ece/s8/8cff9ddc-4abb-47b3-960b-9ce91f930a22/current/raft-meta.conf.tmp with options [CREATE, WRITE]: sun.nio.ch.FileChannelImpl@667787af
2024-12-14 12:26:16,498 TRACE util.FileUtils (LogUtils.java:runAndLog(49)) - Successfully ran Atomic Files.move /home/runner/work/ratis/ratis/ratis-examples/target/test/data/da5193cb/MiniRaftClusterWithNetty71855ece/s8/8cff9ddc-4abb-47b3-960b-9ce91f930a22/current/raft-meta.conf.tmp to /home/runner/work/ratis/ratis/ratis-examples/target/test/data/da5193cb/MiniRaftClusterWithNetty71855ece/s8/8cff9ddc-4abb-47b3-960b-9ce91f930a22/current/raft-meta.conf with options [REPLACE_EXISTING]
2024-12-14 12:26:16,501 INFO  logging.LoggingHandler (AbstractInternalLogger.java:log(148)) - [id: 0x7b551b54, L:/0.0.0.0:15026] READ COMPLETE
2024-12-14 12:26:16,506 INFO  statemachine.StateMachine (ArithmeticStateMachine.java:applyTransaction(181)) - LEADER:s11-133: a = 103 = 103
2024-12-14 12:26:16,520 INFO  statemachine.StateMachine (ArithmeticStateMachine.java:applyTransaction(181)) - LEADER:s11-135: b = 5304 = 5304
2024-12-14 12:26:16,529 INFO  statemachine.StateMachine (ArithmeticStateMachine.java:applyTransaction(181)) - LEADER:s11-137: c = √(a^2 + b^2) = 5305
2024-12-14 12:26:16,537 INFO  statemachine.StateMachine (ArithmeticStateMachine.java:applyTransaction(181)) - LEADER:s11-139: a = null = null
2024-12-14 12:26:16,542 INFO  statemachine.StateMachine (ArithmeticStateMachine.java:applyTransaction(181)) - LEADER:s11-141: b = null = null
2024-12-14 12:26:16,548 INFO  statemachine.StateMachine (ArithmeticStateMachine.java:applyTransaction(181)) - LEADER:s11-143: c = null = null
2024-12-14 12:26:16,553 INFO  statemachine.StateMachine (ArithmeticStateMachine.java:applyTransaction(181)) - LEADER:s11-145: a = 105 = 105
2024-12-14 12:26:16,584 INFO  statemachine.StateMachine (ArithmeticStateMachine.java:applyTransaction(181)) - LEADER:s11-147: b = 5512 = 5512
2024-12-14 12:26:16,589 INFO  statemachine.StateMachine (ArithmeticStateMachine.java:applyTransaction(181)) - LEADER:s11-149: c = √(a^2 + b^2) = 5513
2024-12-14 12:26:16,595 INFO  statemachine.StateMachine (ArithmeticStateMachine.java:applyTransaction(181)) - LEADER:s11-151: a = null = null
2024-12-14 12:26:16,601 INFO  statemachine.StateMachine (ArithmeticStateMachine.java:applyTransaction(181)) - LEADER:s11-153: b = null = null
2024-12-14 12:26:16,607 INFO  statemachine.StateMachine (ArithmeticStateMachine.java:applyTransaction(181)) - LEADER:s11-155: c = null = null
2024-12-14 12:26:16,613 INFO  statemachine.StateMachine (ArithmeticStateMachine.java:applyTransaction(181)) - LEADER:s11-157: a = 107 = 107
2024-12-14 12:26:16,618 INFO  statemachine.StateMachine (ArithmeticStateMachine.java:applyTransaction(181)) - LEADER:s11-159: b = 5724 = 5724
2024-12-14 12:26:16,622 INFO  statemachine.StateMachine (ArithmeticStateMachine.java:applyTransaction(181)) - LEADER:s11-161: c = √(a^2 + b^2) = 5725
2024-12-14 12:26:16,626 INFO  statemachine.StateMachine (ArithmeticStateMachine.java:applyTransaction(181)) - LEADER:s11-163: a = null = null
2024-12-14 12:26:16,629 INFO  statemachine.StateMachine (ArithmeticStateMachine.java:applyTransaction(181)) - LEADER:s11-165: b = null = null
2024-12-14 12:26:16,634 INFO  statemachine.StateMachine (ArithmeticStateMachine.java:applyTransaction(181)) - LEADER:s11-167: c = null = null
2024-12-14 12:26:16,637 INFO  statemachine.StateMachine (ArithmeticStateMachine.java:applyTransaction(181)) - LEADER:s11-169: a = 109 = 109
2024-12-14 12:26:16,642 INFO  statemachine.StateMachine (ArithmeticStateMachine.java:applyTransaction(181)) - LEADER:s11-171: b = 5940 = 5940
2024-12-14 12:26:16,649 INFO  statemachine.StateMachine (ArithmeticStateMachine.java:applyTransaction(181)) - LEADER:s11-173: c = √(a^2 + b^2) = 5941
2024-12-14 12:26:16,653 INFO  statemachine.StateMachine (ArithmeticStateMachine.java:applyTransaction(181)) - LEADER:s11-175: a = null = null
2024-12-14 12:26:16,657 INFO  statemachine.StateMachine (ArithmeticStateMachine.java:applyTransaction(181)) - LEADER:s11-177: b = null = null
2024-12-14 12:26:16,662 INFO  statemachine.StateMachine (ArithmeticStateMachine.java:applyTransaction(181)) - LEADER:s11-179: c = null = null
2024-12-14 12:26:16,666 INFO  statemachine.StateMachine (ArithmeticStateMachine.java:applyTransaction(181)) - LEADER:s11-181: a = 111 = 111
2024-12-14 12:26:16,671 INFO  statemachine.StateMachine (ArithmeticStateMachine.java:applyTransaction(181)) - LEADER:s11-183: b = 6160 = 6160
2024-12-14 12:26:16,676 INFO  statemachine.StateMachine (ArithmeticStateMachine.java:applyTransaction(181)) - LEADER:s11-185: c = √(a^2 + b^2) = 6161
2024-12-14 12:26:16,680 INFO  statemachine.StateMachine (ArithmeticStateMachine.java:applyTransaction(181)) - LEADER:s11-187: a = null = null
2024-12-14 12:26:16,684 INFO  statemachine.StateMachine (ArithmeticStateMachine.java:applyTransaction(181)) - LEADER:s11-189: b = null = null
2024-12-14 12:26:16,688 INFO  statemachine.StateMachine (ArithmeticStateMachine.java:applyTransaction(181)) - LEADER:s11-191: c = null = null
2024-12-14 12:26:16,692 INFO  statemachine.StateMachine (ArithmeticStateMachine.java:applyTransaction(181)) - LEADER:s11-193: a = 113 = 113
2024-12-14 12:26:16,697 INFO  statemachine.StateMachine (ArithmeticStateMachine.java:applyTransaction(181)) - LEADER:s11-195: b = 6384 = 6384
2024-12-14 12:26:16,702 INFO  statemachine.StateMachine (ArithmeticStateMachine.java:applyTransaction(181)) - LEADER:s11-197: c = √(a^2 + b^2) = 6385
2024-12-14 12:26:16,707 INFO  statemachine.StateMachine (ArithmeticStateMachine.java:applyTransaction(181)) - LEADER:s11-199: a = null = null
2024-12-14 12:26:16,711 INFO  statemachine.StateMachine (ArithmeticStateMachine.java:applyTransaction(181)) - LEADER:s11-201: b = null = null
2024-12-14 12:26:16,714 INFO  statemachine.StateMachine (ArithmeticStateMachine.java:applyTransaction(181)) - LEADER:s11-203: c = null = null
2024-12-14 12:26:16,718 INFO  statemachine.StateMachine (ArithmeticStateMachine.java:applyTransaction(181)) - LEADER:s11-205: a = 115 = 115
2024-12-14 12:26:16,723 INFO  statemachine.StateMachine (ArithmeticStateMachine.java:applyTransaction(181)) - LEADER:s11-207: b = 6612 = 6612
2024-12-14 12:26:16,726 INFO  statemachine.StateMachine (ArithmeticStateMachine.java:applyTransaction(181)) - LEADER:s11-209: c = √(a^2 + b^2) = 6613
2024-12-14 12:26:16,729 INFO  statemachine.StateMachine (ArithmeticStateMachine.java:applyTransaction(181)) - LEADER:s11-211: a = null = null
2024-12-14 12:26:16,733 INFO  statemachine.StateMachine (ArithmeticStateMachine.java:applyTransaction(181)) - LEADER:s11-213: b = null = null
2024-12-14 12:26:16,738 INFO  statemachine.StateMachine (ArithmeticStateMachine.java:applyTransaction(181)) - LEADER:s11-215: c = null = null
2024-12-14 12:26:16,742 INFO  statemachine.StateMachine (ArithmeticStateMachine.java:applyTransaction(181)) - LEADER:s11-217: a = 117 = 117
2024-12-14 12:26:16,748 INFO  statemachine.StateMachine (ArithmeticStateMachine.java:applyTransaction(181)) - LEADER:s11-219: b = 6844 = 6844
2024-12-14 12:26:16,753 INFO  statemachine.StateMachine (ArithmeticStateMachine.java:applyTransaction(181)) - LEADER:s11-221: c = √(a^2 + b^2) = 6845
2024-12-14 12:26:16,757 INFO  statemachine.StateMachine (ArithmeticStateMachine.java:applyTransaction(181)) - LEADER:s11-223: a = null = null
2024-12-14 12:26:16,760 INFO  statemachine.StateMachine (ArithmeticStateMachine.java:applyTransaction(181)) - LEADER:s11-225: b = null = null
2024-12-14 12:26:16,764 INFO  statemachine.StateMachine (ArithmeticStateMachine.java:applyTransaction(181)) - LEADER:s11-227: c = null = null
2024-12-14 12:26:16,775 INFO  statemachine.StateMachine (ArithmeticStateMachine.java:applyTransaction(181)) - LEADER:s11-229: a = 119 = 119
2024-12-14 12:26:16,778 INFO  statemachine.StateMachine (ArithmeticStateMachine.java:applyTransaction(181)) - LEADER:s11-231: b = 7080 = 7080
2024-12-14 12:26:16,782 INFO  statemachine.StateMachine (ArithmeticStateMachine.java:applyTransaction(181)) - LEADER:s11-233: c = √(a^2 + b^2) = 7081
2024-12-14 12:26:16,786 INFO  statemachine.StateMachine (ArithmeticStateMachine.java:applyTransaction(181)) - LEADER:s11-235: a = null = null
2024-12-14 12:26:16,791 INFO  statemachine.StateMachine (ArithmeticStateMachine.java:applyTransaction(181)) - LEADER:s11-237: b = null = null
2024-12-14 12:26:16,800 INFO  statemachine.StateMachine (ArithmeticStateMachine.java:applyTransaction(181)) - LEADER:s11-239: c = null = null
2024-12-14 12:26:16,805 INFO  statemachine.StateMachine (ArithmeticStateMachine.java:applyTransaction(181)) - LEADER:s11-241: a = 121 = 121
2024-12-14 12:26:16,809 INFO  statemachine.StateMachine (ArithmeticStateMachine.java:applyTransaction(181)) - LEADER:s11-243: b = 7320 = 7320
2024-12-14 12:26:16,814 INFO  statemachine.StateMachine (ArithmeticStateMachine.java:applyTransaction(181)) - LEADER:s11-245: c = √(a^2 + b^2) = 7321
2024-12-14 12:26:16,817 INFO  statemachine.StateMachine (ArithmeticStateMachine.java:applyTransaction(181)) - LEADER:s11-247: a = null = null
2024-12-14 12:26:16,822 INFO  statemachine.StateMachine (ArithmeticStateMachine.java:applyTransaction(181)) - LEADER:s11-249: b = null = null
2024-12-14 12:26:16,825 INFO  statemachine.StateMachine (ArithmeticStateMachine.java:applyTransaction(181)) - LEADER:s11-251: c = null = null
2024-12-14 12:26:16,846 INFO  impl.GroupManagementBaseTest (GroupManagementBaseTest.java:runMultiGroupTest(338)) - update groups: printing ALL groups
  s3:  RUNNING [
   FOLLOWER s3@group-0A0C1A18FF69:t0, leader=null, voted=, raftlog=Memoized:s3@group-0A0C1A18FF69-SegmentedRaftLog:OPENED:c-1:lastnull, conf=conf: {index: -1, cur=peers:[]|listeners:[], old=null} STARTING
   FOLLOWER s3@group-9CE91F930A22:t1, leader=s11, voted=null, raftlog=Memoized:s3@group-9CE91F930A22-SegmentedRaftLog:OPENED:c252:last(t:1, i:252), conf=conf: {index: 131, cur=peers:[s3|0.0.0.0:15018, s4|0.0.0.0:15019, s5|0.0.0.0:15020, s6|0.0.0.0:15021, s7|0.0.0.0:15022, s8|0.0.0.0:15023, s9|0.0.0.0:15024, s11|0.0.0.0:15026, s10|0.0.0.0:15025, s13|0.0.0.0:15028, s12|0.0.0.0:15027, s14|0.0.0.0:15029, s0|0.0.0.0:15015, s1|0.0.0.0:15016, s2|0.0.0.0:15017]|listeners:[], old=null} RUNNING] size=2
  s4:  RUNNING [
   FOLLOWER s4@group-0A0C1A18FF69:t0, leader=null, voted=, raftlog=Memoized:s4@group-0A0C1A18FF69-SegmentedRaftLog:OPENED:c-1:lastnull, conf=conf: {index: -1, cur=peers:[]|listeners:[], old=null} STARTING
   FOLLOWER s4@group-9CE91F930A22:t1, leader=s11, voted=null, raftlog=Memoized:s4@group-9CE91F930A22-SegmentedRaftLog:OPENED:c251:last(t:1, i:252), conf=conf: {index: 131, cur=peers:[s3|0.0.0.0:15018, s4|0.0.0.0:15019, s5|0.0.0.0:15020, s6|0.0.0.0:15021, s7|0.0.0.0:15022, s8|0.0.0.0:15023, s9|0.0.0.0:15024, s11|0.0.0.0:15026, s10|0.0.0.0:15025, s13|0.0.0.0:15028, s12|0.0.0.0:15027, s14|0.0.0.0:15029, s0|0.0.0.0:15015, s1|0.0.0.0:15016, s2|0.0.0.0:15017]|listeners:[], old=null} RUNNING] size=2
  s5:  RUNNING [
   FOLLOWER s5@group-0A0C1A18FF69:t0, leader=null, voted=, raftlog=Memoized:s5@group-0A0C1A18FF69-SegmentedRaftLog:OPENED:c-1:lastnull, conf=conf: {index: -1, cur=peers:[]|listeners:[], old=null} STARTING
   FOLLOWER s5@group-9CE91F930A22:t1, leader=s11, voted=null, raftlog=Memoized:s5@group-9CE91F930A22-SegmentedRaftLog:OPENED:c251:last(t:1, i:252), conf=conf: {index: 131, cur=peers:[s3|0.0.0.0:15018, s4|0.0.0.0:15019, s5|0.0.0.0:15020, s6|0.0.0.0:15021, s7|0.0.0.0:15022, s8|0.0.0.0:15023, s9|0.0.0.0:15024, s11|0.0.0.0:15026, s10|0.0.0.0:15025, s13|0.0.0.0:15028, s12|0.0.0.0:15027, s14|0.0.0.0:15029, s0|0.0.0.0:15015, s1|0.0.0.0:15016, s2|0.0.0.0:15017]|listeners:[], old=null} RUNNING] size=2
  s6:  RUNNING [
   FOLLOWER s6@group-0A0C1A18FF69:t0, leader=null, voted=, raftlog=Memoized:s6@group-0A0C1A18FF69-SegmentedRaftLog:OPENED:c-1:lastnull, conf=conf: {index: -1, cur=peers:[]|listeners:[], old=null} STARTING
   FOLLOWER s6@group-9CE91F930A22:t1, leader=s11, voted=null, raftlog=Memoized:s6@group-9CE91F930A22-SegmentedRaftLog:OPENED:c251:last(t:1, i:252), conf=conf: {index: 131, cur=peers:[s3|0.0.0.0:15018, s4|0.0.0.0:15019, s5|0.0.0.0:15020, s6|0.0.0.0:15021, s7|0.0.0.0:15022, s8|0.0.0.0:15023, s9|0.0.0.0:15024, s11|0.0.0.0:15026, s10|0.0.0.0:15025, s13|0.0.0.0:15028, s12|0.0.0.0:15027, s14|0.0.0.0:15029, s0|0.0.0.0:15015, s1|0.0.0.0:15016, s2|0.0.0.0:15017]|listeners:[], old=null} RUNNING] size=2
  s7:  RUNNING [
   FOLLOWER s7@group-0A0C1A18FF69:t0, leader=null, voted=, raftlog=Memoized:s7@group-0A0C1A18FF69-SegmentedRaftLog:OPENED:c-1:lastnull, conf=conf: {index: -1, cur=peers:[]|listeners:[], old=null} STARTING
   FOLLOWER s7@group-9CE91F930A22:t1, leader=s11, voted=null, raftlog=Memoized:s7@group-9CE91F930A22-SegmentedRaftLog:OPENED:c251:last(t:1, i:252), conf=conf: {index: 131, cur=peers:[s3|0.0.0.0:15018, s4|0.0.0.0:15019, s5|0.0.0.0:15020, s6|0.0.0.0:15021, s7|0.0.0.0:15022, s8|0.0.0.0:15023, s9|0.0.0.0:15024, s11|0.0.0.0:15026, s10|0.0.0.0:15025, s13|0.0.0.0:15028, s12|0.0.0.0:15027, s14|0.0.0.0:15029, s0|0.0.0.0:15015, s1|0.0.0.0:15016, s2|0.0.0.0:15017]|listeners:[], old=null} RUNNING] size=2
  s8:  RUNNING [
   FOLLOWER s8@group-0A0C1A18FF69:t0, leader=null, voted=, raftlog=Memoized:s8@group-0A0C1A18FF69-SegmentedRaftLog:OPENED:c-1:lastnull, conf=conf: {index: -1, cur=peers:[]|listeners:[], old=null} STARTING
   FOLLOWER s8@group-9CE91F930A22:t1, leader=s11, voted=null, raftlog=Memoized:s8@group-9CE91F930A22-SegmentedRaftLog:OPENED:c251:last(t:1, i:252), conf=conf: {index: 131, cur=peers:[s3|0.0.0.0:15018, s4|0.0.0.0:15019, s5|0.0.0.0:15020, s6|0.0.0.0:15021, s7|0.0.0.0:15022, s8|0.0.0.0:15023, s9|0.0.0.0:15024, s11|0.0.0.0:15026, s10|0.0.0.0:15025, s13|0.0.0.0:15028, s12|0.0.0.0:15027, s14|0.0.0.0:15029, s0|0.0.0.0:15015, s1|0.0.0.0:15016, s2|0.0.0.0:15017]|listeners:[], old=null} RUNNING] size=2
  s9:  RUNNING [
   FOLLOWER s9@group-0A0C1A18FF69:t0, leader=null, voted=, raftlog=Memoized:s9@group-0A0C1A18FF69-SegmentedRaftLog:OPENED:c-1:lastnull, conf=conf: {index: -1, cur=peers:[]|listeners:[], old=null} STARTING
   FOLLOWER s9@group-9CE91F930A22:t1, leader=s11, voted=null, raftlog=Memoized:s9@group-9CE91F930A22-SegmentedRaftLog:OPENED:c251:last(t:1, i:252), conf=conf: {index: 131, cur=peers:[s3|0.0.0.0:15018, s4|0.0.0.0:15019, s5|0.0.0.0:15020, s6|0.0.0.0:15021, s7|0.0.0.0:15022, s8|0.0.0.0:15023, s9|0.0.0.0:15024, s11|0.0.0.0:15026, s10|0.0.0.0:15025, s13|0.0.0.0:15028, s12|0.0.0.0:15027, s14|0.0.0.0:15029, s0|0.0.0.0:15015, s1|0.0.0.0:15016, s2|0.0.0.0:15017]|listeners:[], old=null} RUNNING] size=2
  s11:  RUNNING [
   FOLLOWER s11@group-0A0C1A18FF69:t0, leader=null, voted=, raftlog=Memoized:s11@group-0A0C1A18FF69-SegmentedRaftLog:OPENED:c-1:lastnull, conf=conf: {index: -1, cur=peers:[]|listeners:[], old=null} STARTING
     LEADER s11@group-9CE91F930A22:t1, leader=s11, voted=s11, raftlog=Memoized:s11@group-9CE91F930A22-SegmentedRaftLog:OPENED:c252:last(t:1, i:252), conf=conf: {index: 131, cur=peers:[s3|0.0.0.0:15018, s4|0.0.0.0:15019, s5|0.0.0.0:15020, s6|0.0.0.0:15021, s7|0.0.0.0:15022, s8|0.0.0.0:15023, s9|0.0.0.0:15024, s11|0.0.0.0:15026, s10|0.0.0.0:15025, s13|0.0.0.0:15028, s12|0.0.0.0:15027, s14|0.0.0.0:15029, s0|0.0.0.0:15015, s1|0.0.0.0:15016, s2|0.0.0.0:15017]|listeners:[], old=null} RUNNING] size=2
  s10:  RUNNING [
   FOLLOWER s10@group-0A0C1A18FF69:t0, leader=null, voted=, raftlog=Memoized:s10@group-0A0C1A18FF69-SegmentedRaftLog:OPENED:c-1:lastnull, conf=conf: {index: -1, cur=peers:[]|listeners:[], old=null} STARTING
   FOLLOWER s10@group-9CE91F930A22:t1, leader=s11, voted=null, raftlog=Memoized:s10@group-9CE91F930A22-SegmentedRaftLog:OPENED:c251:last(t:1, i:252), conf=conf: {index: 131, cur=peers:[s3|0.0.0.0:15018, s4|0.0.0.0:15019, s5|0.0.0.0:15020, s6|0.0.0.0:15021, s7|0.0.0.0:15022, s8|0.0.0.0:15023, s9|0.0.0.0:15024, s11|0.0.0.0:15026, s10|0.0.0.0:15025, s13|0.0.0.0:15028, s12|0.0.0.0:15027, s14|0.0.0.0:15029, s0|0.0.0.0:15015, s1|0.0.0.0:15016, s2|0.0.0.0:15017]|listeners:[], old=null} RUNNING] size=2
  s13:  RUNNING [
   FOLLOWER s13@group-0A0C1A18FF69:t0, leader=null, voted=, raftlog=Memoized:s13@group-0A0C1A18FF69-SegmentedRaftLog:OPENED:c-1:lastnull, conf=conf: {index: -1, cur=peers:[]|listeners:[], old=null} STARTING
   FOLLOWER s13@group-9CE91F930A22:t1, leader=s11, voted=s11, raftlog=Memoized:s13@group-9CE91F930A22-SegmentedRaftLog:OPENED:c251:last(t:1, i:252), conf=conf: {index: 131, cur=peers:[s3|0.0.0.0:15018, s4|0.0.0.0:15019, s5|0.0.0.0:15020, s6|0.0.0.0:15021, s7|0.0.0.0:15022, s8|0.0.0.0:15023, s9|0.0.0.0:15024, s11|0.0.0.0:15026, s10|0.0.0.0:15025, s13|0.0.0.0:15028, s12|0.0.0.0:15027, s14|0.0.0.0:15029, s0|0.0.0.0:15015, s1|0.0.0.0:15016, s2|0.0.0.0:15017]|listeners:[], old=null} RUNNING] size=2
  s12:  RUNNING [
   FOLLOWER s12@group-0A0C1A18FF69:t0, leader=null, voted=, raftlog=Memoized:s12@group-0A0C1A18FF69-SegmentedRaftLog:OPENED:c-1:lastnull, conf=conf: {index: -1, cur=peers:[]|listeners:[], old=null} STARTING
   FOLLOWER s12@group-9CE91F930A22:t1, leader=s11, voted=s11, raftlog=Memoized:s12@group-9CE91F930A22-SegmentedRaftLog:OPENED:c251:last(t:1, i:252), conf=conf: {index: 131, cur=peers:[s3|0.0.0.0:15018, s4|0.0.0.0:15019, s5|0.0.0.0:15020, s6|0.0.0.0:15021, s7|0.0.0.0:15022, s8|0.0.0.0:15023, s9|0.0.0.0:15024, s11|0.0.0.0:15026, s10|0.0.0.0:15025, s13|0.0.0.0:15028, s12|0.0.0.0:15027, s14|0.0.0.0:15029, s0|0.0.0.0:15015, s1|0.0.0.0:15016, s2|0.0.0.0:15017]|listeners:[], old=null} RUNNING] size=2
  s14:  RUNNING [
   FOLLOWER s14@group-0A0C1A18FF69:t0, leader=null, voted=, raftlog=Memoized:s14@group-0A0C1A18FF69-SegmentedRaftLog:OPENED:c-1:lastnull, conf=conf: {index: -1, cur=peers:[]|listeners:[], old=null} STARTING
   FOLLOWER s14@group-9CE91F930A22:t1, leader=s11, voted=null, raftlog=Memoized:s14@group-9CE91F930A22-SegmentedRaftLog:OPENED:c251:last(t:1, i:252), conf=conf: {index: 131, cur=peers:[s3|0.0.0.0:15018, s4|0.0.0.0:15019, s5|0.0.0.0:15020, s6|0.0.0.0:15021, s7|0.0.0.0:15022, s8|0.0.0.0:15023, s9|0.0.0.0:15024, s11|0.0.0.0:15026, s10|0.0.0.0:15025, s13|0.0.0.0:15028, s12|0.0.0.0:15027, s14|0.0.0.0:15029, s0|0.0.0.0:15015, s1|0.0.0.0:15016, s2|0.0.0.0:15017]|listeners:[], old=null} RUNNING] size=2
  s0:  RUNNING [
   FOLLOWER s0@group-0A0C1A18FF69:t0, leader=null, voted=, raftlog=Memoized:s0@group-0A0C1A18FF69-SegmentedRaftLog:OPENED:c-1:lastnull, conf=conf: {index: -1, cur=peers:[]|listeners:[], old=null} STARTING
   FOLLOWER s0@group-9CE91F930A22:t1, leader=s11, voted=null, raftlog=Memoized:s0@group-9CE91F930A22-SegmentedRaftLog:OPENED:c251:last(t:1, i:252), conf=conf: {index: 131, cur=peers:[s3|0.0.0.0:15018, s4|0.0.0.0:15019, s5|0.0.0.0:15020, s6|0.0.0.0:15021, s7|0.0.0.0:15022, s8|0.0.0.0:15023, s9|0.0.0.0:15024, s11|0.0.0.0:15026, s10|0.0.0.0:15025, s13|0.0.0.0:15028, s12|0.0.0.0:15027, s14|0.0.0.0:15029, s0|0.0.0.0:15015, s1|0.0.0.0:15016, s2|0.0.0.0:15017]|listeners:[], old=null} RUNNING] size=2
  s1:  RUNNING [
   FOLLOWER s1@group-0A0C1A18FF69:t0, leader=null, voted=, raftlog=Memoized:s1@group-0A0C1A18FF69-SegmentedRaftLog:OPENED:c-1:lastnull, conf=conf: {index: -1, cur=peers:[]|listeners:[], old=null} STARTING
   FOLLOWER s1@group-9CE91F930A22:t1, leader=s11, voted=null, raftlog=Memoized:s1@group-9CE91F930A22-SegmentedRaftLog:OPENED:c251:last(t:1, i:252), conf=conf: {index: 131, cur=peers:[s3|0.0.0.0:15018, s4|0.0.0.0:15019, s5|0.0.0.0:15020, s6|0.0.0.0:15021, s7|0.0.0.0:15022, s8|0.0.0.0:15023, s9|0.0.0.0:15024, s11|0.0.0.0:15026, s10|0.0.0.0:15025, s13|0.0.0.0:15028, s12|0.0.0.0:15027, s14|0.0.0.0:15029, s0|0.0.0.0:15015, s1|0.0.0.0:15016, s2|0.0.0.0:15017]|listeners:[], old=null} RUNNING] size=2
  s2:  RUNNING [
   FOLLOWER s2@group-0A0C1A18FF69:t0, leader=null, voted=, raftlog=Memoized:s2@group-0A0C1A18FF69-SegmentedRaftLog:OPENED:c-1:lastnull, conf=conf: {index: -1, cur=peers:[]|listeners:[], old=null} STARTING
   FOLLOWER s2@group-9CE91F930A22:t1, leader=s11, voted=null, raftlog=Memoized:s2@group-9CE91F930A22-SegmentedRaftLog:OPENED:c251:last(t:1, i:252), conf=conf: {index: 131, cur=peers:[s3|0.0.0.0:15018, s4|0.0.0.0:15019, s5|0.0.0.0:15020, s6|0.0.0.0:15021, s7|0.0.0.0:15022, s8|0.0.0.0:15023, s9|0.0.0.0:15024, s11|0.0.0.0:15026, s10|0.0.0.0:15025, s13|0.0.0.0:15028, s12|0.0.0.0:15027, s14|0.0.0.0:15029, s0|0.0.0.0:15015, s1|0.0.0.0:15016, s2|0.0.0.0:15017]|listeners:[], old=null} RUNNING] size=2
| MiniRaftClusterWithNetty[3, 6, 9, 12, 15]chosen=1 | update groups | 439 |
2024-12-14 12:26:16,846 INFO  impl.MiniRaftCluster (MiniRaftCluster.java:shutdown(847)) - ************************************************************** 
2024-12-14 12:26:16,846 INFO  impl.MiniRaftCluster (MiniRaftCluster.java:shutdown(848)) - *** 
2024-12-14 12:26:16,846 INFO  impl.MiniRaftCluster (MiniRaftCluster.java:shutdown(849)) - ***     Stopping MiniRaftClusterWithNetty
2024-12-14 12:26:16,847 INFO  impl.MiniRaftCluster (MiniRaftCluster.java:shutdown(850)) - *** 
2024-12-14 12:26:16,847 INFO  impl.MiniRaftCluster (MiniRaftCluster.java:shutdown(851)) - ************************************************************** 
2024-12-14 12:26:16,847 INFO  impl.MiniRaftCluster (MiniRaftCluster.java:shutdown(852)) - printing ALL groups
  s3:  RUNNING [
   FOLLOWER s3@group-0A0C1A18FF69:t0, leader=null, voted=, raftlog=Memoized:s3@group-0A0C1A18FF69-SegmentedRaftLog:OPENED:c-1:lastnull, conf=conf: {index: -1, cur=peers:[]|listeners:[], old=null} STARTING
   FOLLOWER s3@group-9CE91F930A22:t1, leader=s11, voted=null, raftlog=Memoized:s3@group-9CE91F930A22-SegmentedRaftLog:OPENED:c252:last(t:1, i:252), conf=conf: {index: 131, cur=peers:[s3|0.0.0.0:15018, s4|0.0.0.0:15019, s5|0.0.0.0:15020, s6|0.0.0.0:15021, s7|0.0.0.0:15022, s8|0.0.0.0:15023, s9|0.0.0.0:15024, s11|0.0.0.0:15026, s10|0.0.0.0:15025, s13|0.0.0.0:15028, s12|0.0.0.0:15027, s14|0.0.0.0:15029, s0|0.0.0.0:15015, s1|0.0.0.0:15016, s2|0.0.0.0:15017]|listeners:[], old=null} RUNNING] size=2
  s4:  RUNNING [
   FOLLOWER s4@group-0A0C1A18FF69:t0, leader=null, voted=, raftlog=Memoized:s4@group-0A0C1A18FF69-SegmentedRaftLog:OPENED:c-1:lastnull, conf=conf: {index: -1, cur=peers:[]|listeners:[], old=null} STARTING
   FOLLOWER s4@group-9CE91F930A22:t1, leader=s11, voted=null, raftlog=Memoized:s4@group-9CE91F930A22-SegmentedRaftLog:OPENED:c251:last(t:1, i:252), conf=conf: {index: 131, cur=peers:[s3|0.0.0.0:15018, s4|0.0.0.0:15019, s5|0.0.0.0:15020, s6|0.0.0.0:15021, s7|0.0.0.0:15022, s8|0.0.0.0:15023, s9|0.0.0.0:15024, s11|0.0.0.0:15026, s10|0.0.0.0:15025, s13|0.0.0.0:15028, s12|0.0.0.0:15027, s14|0.0.0.0:15029, s0|0.0.0.0:15015, s1|0.0.0.0:15016, s2|0.0.0.0:15017]|listeners:[], old=null} RUNNING] size=2
  s5:  RUNNING [
   FOLLOWER s5@group-0A0C1A18FF69:t0, leader=null, voted=, raftlog=Memoized:s5@group-0A0C1A18FF69-SegmentedRaftLog:OPENED:c-1:lastnull, conf=conf: {index: -1, cur=peers:[]|listeners:[], old=null} STARTING
   FOLLOWER s5@group-9CE91F930A22:t1, leader=s11, voted=null, raftlog=Memoized:s5@group-9CE91F930A22-SegmentedRaftLog:OPENED:c251:last(t:1, i:252), conf=conf: {index: 131, cur=peers:[s3|0.0.0.0:15018, s4|0.0.0.0:15019, s5|0.0.0.0:15020, s6|0.0.0.0:15021, s7|0.0.0.0:15022, s8|0.0.0.0:15023, s9|0.0.0.0:15024, s11|0.0.0.0:15026, s10|0.0.0.0:15025, s13|0.0.0.0:15028, s12|0.0.0.0:15027, s14|0.0.0.0:15029, s0|0.0.0.0:15015, s1|0.0.0.0:15016, s2|0.0.0.0:15017]|listeners:[], old=null} RUNNING] size=2
  s6:  RUNNING [
   FOLLOWER s6@group-0A0C1A18FF69:t0, leader=null, voted=, raftlog=Memoized:s6@group-0A0C1A18FF69-SegmentedRaftLog:OPENED:c-1:lastnull, conf=conf: {index: -1, cur=peers:[]|listeners:[], old=null} STARTING
   FOLLOWER s6@group-9CE91F930A22:t1, leader=s11, voted=null, raftlog=Memoized:s6@group-9CE91F930A22-SegmentedRaftLog:OPENED:c251:last(t:1, i:252), conf=conf: {index: 131, cur=peers:[s3|0.0.0.0:15018, s4|0.0.0.0:15019, s5|0.0.0.0:15020, s6|0.0.0.0:15021, s7|0.0.0.0:15022, s8|0.0.0.0:15023, s9|0.0.0.0:15024, s11|0.0.0.0:15026, s10|0.0.0.0:15025, s13|0.0.0.0:15028, s12|0.0.0.0:15027, s14|0.0.0.0:15029, s0|0.0.0.0:15015, s1|0.0.0.0:15016, s2|0.0.0.0:15017]|listeners:[], old=null} RUNNING] size=2
  s7:  RUNNING [
   FOLLOWER s7@group-0A0C1A18FF69:t0, leader=null, voted=, raftlog=Memoized:s7@group-0A0C1A18FF69-SegmentedRaftLog:OPENED:c-1:lastnull, conf=conf: {index: -1, cur=peers:[]|listeners:[], old=null} STARTING
   FOLLOWER s7@group-9CE91F930A22:t1, leader=s11, voted=null, raftlog=Memoized:s7@group-9CE91F930A22-SegmentedRaftLog:OPENED:c251:last(t:1, i:252), conf=conf: {index: 131, cur=peers:[s3|0.0.0.0:15018, s4|0.0.0.0:15019, s5|0.0.0.0:15020, s6|0.0.0.0:15021, s7|0.0.0.0:15022, s8|0.0.0.0:15023, s9|0.0.0.0:15024, s11|0.0.0.0:15026, s10|0.0.0.0:15025, s13|0.0.0.0:15028, s12|0.0.0.0:15027, s14|0.0.0.0:15029, s0|0.0.0.0:15015, s1|0.0.0.0:15016, s2|0.0.0.0:15017]|listeners:[], old=null} RUNNING] size=2
  s8:  RUNNING [
   FOLLOWER s8@group-0A0C1A18FF69:t0, leader=null, voted=, raftlog=Memoized:s8@group-0A0C1A18FF69-SegmentedRaftLog:OPENED:c-1:lastnull, conf=conf: {index: -1, cur=peers:[]|listeners:[], old=null} STARTING
   FOLLOWER s8@group-9CE91F930A22:t1, leader=s11, voted=null, raftlog=Memoized:s8@group-9CE91F930A22-SegmentedRaftLog:OPENED:c251:last(t:1, i:252), conf=conf: {index: 131, cur=peers:[s3|0.0.0.0:15018, s4|0.0.0.0:15019, s5|0.0.0.0:15020, s6|0.0.0.0:15021, s7|0.0.0.0:15022, s8|0.0.0.0:15023, s9|0.0.0.0:15024, s11|0.0.0.0:15026, s10|0.0.0.0:15025, s13|0.0.0.0:15028, s12|0.0.0.0:15027, s14|0.0.0.0:15029, s0|0.0.0.0:15015, s1|0.0.0.0:15016, s2|0.0.0.0:15017]|listeners:[], old=null} RUNNING] size=2
  s9:  RUNNING [
   FOLLOWER s9@group-0A0C1A18FF69:t0, leader=null, voted=, raftlog=Memoized:s9@group-0A0C1A18FF69-SegmentedRaftLog:OPENED:c-1:lastnull, conf=conf: {index: -1, cur=peers:[]|listeners:[], old=null} STARTING
   FOLLOWER s9@group-9CE91F930A22:t1, leader=s11, voted=null, raftlog=Memoized:s9@group-9CE91F930A22-SegmentedRaftLog:OPENED:c251:last(t:1, i:252), conf=conf: {index: 131, cur=peers:[s3|0.0.0.0:15018, s4|0.0.0.0:15019, s5|0.0.0.0:15020, s6|0.0.0.0:15021, s7|0.0.0.0:15022, s8|0.0.0.0:15023, s9|0.0.0.0:15024, s11|0.0.0.0:15026, s10|0.0.0.0:15025, s13|0.0.0.0:15028, s12|0.0.0.0:15027, s14|0.0.0.0:15029, s0|0.0.0.0:15015, s1|0.0.0.0:15016, s2|0.0.0.0:15017]|listeners:[], old=null} RUNNING] size=2
  s11:  RUNNING [
   FOLLOWER s11@group-0A0C1A18FF69:t0, leader=null, voted=, raftlog=Memoized:s11@group-0A0C1A18FF69-SegmentedRaftLog:OPENED:c-1:lastnull, conf=conf: {index: -1, cur=peers:[]|listeners:[], old=null} STARTING
     LEADER s11@group-9CE91F930A22:t1, leader=s11, voted=s11, raftlog=Memoized:s11@group-9CE91F930A22-SegmentedRaftLog:OPENED:c252:last(t:1, i:252), conf=conf: {index: 131, cur=peers:[s3|0.0.0.0:15018, s4|0.0.0.0:15019, s5|0.0.0.0:15020, s6|0.0.0.0:15021, s7|0.0.0.0:15022, s8|0.0.0.0:15023, s9|0.0.0.0:15024, s11|0.0.0.0:15026, s10|0.0.0.0:15025, s13|0.0.0.0:15028, s12|0.0.0.0:15027, s14|0.0.0.0:15029, s0|0.0.0.0:15015, s1|0.0.0.0:15016, s2|0.0.0.0:15017]|listeners:[], old=null} RUNNING] size=2
  s10:  RUNNING [
   FOLLOWER s10@group-0A0C1A18FF69:t0, leader=null, voted=, raftlog=Memoized:s10@group-0A0C1A18FF69-SegmentedRaftLog:OPENED:c-1:lastnull, conf=conf: {index: -1, cur=peers:[]|listeners:[], old=null} STARTING
   FOLLOWER s10@group-9CE91F930A22:t1, leader=s11, voted=null, raftlog=Memoized:s10@group-9CE91F930A22-SegmentedRaftLog:OPENED:c251:last(t:1, i:252), conf=conf: {index: 131, cur=peers:[s3|0.0.0.0:15018, s4|0.0.0.0:15019, s5|0.0.0.0:15020, s6|0.0.0.0:15021, s7|0.0.0.0:15022, s8|0.0.0.0:15023, s9|0.0.0.0:15024, s11|0.0.0.0:15026, s10|0.0.0.0:15025, s13|0.0.0.0:15028, s12|0.0.0.0:15027, s14|0.0.0.0:15029, s0|0.0.0.0:15015, s1|0.0.0.0:15016, s2|0.0.0.0:15017]|listeners:[], old=null} RUNNING] size=2
  s13:  RUNNING [
   FOLLOWER s13@group-0A0C1A18FF69:t0, leader=null, voted=, raftlog=Memoized:s13@group-0A0C1A18FF69-SegmentedRaftLog:OPENED:c-1:lastnull, conf=conf: {index: -1, cur=peers:[]|listeners:[], old=null} STARTING
   FOLLOWER s13@group-9CE91F930A22:t1, leader=s11, voted=s11, raftlog=Memoized:s13@group-9CE91F930A22-SegmentedRaftLog:OPENED:c251:last(t:1, i:252), conf=conf: {index: 131, cur=peers:[s3|0.0.0.0:15018, s4|0.0.0.0:15019, s5|0.0.0.0:15020, s6|0.0.0.0:15021, s7|0.0.0.0:15022, s8|0.0.0.0:15023, s9|0.0.0.0:15024, s11|0.0.0.0:15026, s10|0.0.0.0:15025, s13|0.0.0.0:15028, s12|0.0.0.0:15027, s14|0.0.0.0:15029, s0|0.0.0.0:15015, s1|0.0.0.0:15016, s2|0.0.0.0:15017]|listeners:[], old=null} RUNNING] size=2
  s12:  RUNNING [
   FOLLOWER s12@group-0A0C1A18FF69:t0, leader=null, voted=, raftlog=Memoized:s12@group-0A0C1A18FF69-SegmentedRaftLog:OPENED:c-1:lastnull, conf=conf: {index: -1, cur=peers:[]|listeners:[], old=null} STARTING
   FOLLOWER s12@group-9CE91F930A22:t1, leader=s11, voted=s11, raftlog=Memoized:s12@group-9CE91F930A22-SegmentedRaftLog:OPENED:c251:last(t:1, i:252), conf=conf: {index: 131, cur=peers:[s3|0.0.0.0:15018, s4|0.0.0.0:15019, s5|0.0.0.0:15020, s6|0.0.0.0:15021, s7|0.0.0.0:15022, s8|0.0.0.0:15023, s9|0.0.0.0:15024, s11|0.0.0.0:15026, s10|0.0.0.0:15025, s13|0.0.0.0:15028, s12|0.0.0.0:15027, s14|0.0.0.0:15029, s0|0.0.0.0:15015, s1|0.0.0.0:15016, s2|0.0.0.0:15017]|listeners:[], old=null} RUNNING] size=2
  s14:  RUNNING [
   FOLLOWER s14@group-0A0C1A18FF69:t0, leader=null, voted=, raftlog=Memoized:s14@group-0A0C1A18FF69-SegmentedRaftLog:OPENED:c-1:lastnull, conf=conf: {index: -1, cur=peers:[]|listeners:[], old=null} STARTING
   FOLLOWER s14@group-9CE91F930A22:t1, leader=s11, voted=null, raftlog=Memoized:s14@group-9CE91F930A22-SegmentedRaftLog:OPENED:c251:last(t:1, i:252), conf=conf: {index: 131, cur=peers:[s3|0.0.0.0:15018, s4|0.0.0.0:15019, s5|0.0.0.0:15020, s6|0.0.0.0:15021, s7|0.0.0.0:15022, s8|0.0.0.0:15023, s9|0.0.0.0:15024, s11|0.0.0.0:15026, s10|0.0.0.0:15025, s13|0.0.0.0:15028, s12|0.0.0.0:15027, s14|0.0.0.0:15029, s0|0.0.0.0:15015, s1|0.0.0.0:15016, s2|0.0.0.0:15017]|listeners:[], old=null} RUNNING] size=2
  s0:  RUNNING [
   FOLLOWER s0@group-0A0C1A18FF69:t0, leader=null, voted=, raftlog=Memoized:s0@group-0A0C1A18FF69-SegmentedRaftLog:OPENED:c-1:lastnull, conf=conf: {index: -1, cur=peers:[]|listeners:[], old=null} STARTING
   FOLLOWER s0@group-9CE91F930A22:t1, leader=s11, voted=null, raftlog=Memoized:s0@group-9CE91F930A22-SegmentedRaftLog:OPENED:c251:last(t:1, i:252), conf=conf: {index: 131, cur=peers:[s3|0.0.0.0:15018, s4|0.0.0.0:15019, s5|0.0.0.0:15020, s6|0.0.0.0:15021, s7|0.0.0.0:15022, s8|0.0.0.0:15023, s9|0.0.0.0:15024, s11|0.0.0.0:15026, s10|0.0.0.0:15025, s13|0.0.0.0:15028, s12|0.0.0.0:15027, s14|0.0.0.0:15029, s0|0.0.0.0:15015, s1|0.0.0.0:15016, s2|0.0.0.0:15017]|listeners:[], old=null} RUNNING] size=2
  s1:  RUNNING [
   FOLLOWER s1@group-0A0C1A18FF69:t0, leader=null, voted=, raftlog=Memoized:s1@group-0A0C1A18FF69-SegmentedRaftLog:OPENED:c-1:lastnull, conf=conf: {index: -1, cur=peers:[]|listeners:[], old=null} STARTING
   FOLLOWER s1@group-9CE91F930A22:t1, leader=s11, voted=null, raftlog=Memoized:s1@group-9CE91F930A22-SegmentedRaftLog:OPENED:c251:last(t:1, i:252), conf=conf: {index: 131, cur=peers:[s3|0.0.0.0:15018, s4|0.0.0.0:15019, s5|0.0.0.0:15020, s6|0.0.0.0:15021, s7|0.0.0.0:15022, s8|0.0.0.0:15023, s9|0.0.0.0:15024, s11|0.0.0.0:15026, s10|0.0.0.0:15025, s13|0.0.0.0:15028, s12|0.0.0.0:15027, s14|0.0.0.0:15029, s0|0.0.0.0:15015, s1|0.0.0.0:15016, s2|0.0.0.0:15017]|listeners:[], old=null} RUNNING] size=2
  s2:  RUNNING [
   FOLLOWER s2@group-0A0C1A18FF69:t0, leader=null, voted=, raftlog=Memoized:s2@group-0A0C1A18FF69-SegmentedRaftLog:OPENED:c-1:lastnull, conf=conf: {index: -1, cur=peers:[]|listeners:[], old=null} STARTING
   FOLLOWER s2@group-9CE91F930A22:t1, leader=s11, voted=null, raftlog=Memoized:s2@group-9CE91F930A22-SegmentedRaftLog:OPENED:c251:last(t:1, i:252), conf=conf: {index: 131, cur=peers:[s3|0.0.0.0:15018, s4|0.0.0.0:15019, s5|0.0.0.0:15020, s6|0.0.0.0:15021, s7|0.0.0.0:15022, s8|0.0.0.0:15023, s9|0.0.0.0:15024, s11|0.0.0.0:15026, s10|0.0.0.0:15025, s13|0.0.0.0:15028, s12|0.0.0.0:15027, s14|0.0.0.0:15029, s0|0.0.0.0:15015, s1|0.0.0.0:15016, s2|0.0.0.0:15017]|listeners:[], old=null} RUNNING] size=2
2024-12-14 12:26:16,848 INFO  server.RaftServer (RaftServerProxy.java:lambda$close$9(418)) - s3: close
2024-12-14 12:26:16,849 INFO  server.RaftServer$Division (RaftServerImpl.java:lambda$close$1(514)) - s3@group-0A0C1A18FF69: shutdown
2024-12-14 12:26:16,849 INFO  server.RaftServer (RaftServerProxy.java:lambda$close$9(418)) - s5: close
2024-12-14 12:26:16,849 INFO  util.JmxRegister (JmxRegister.java:unregister(74)) - Successfully un-registered JMX Bean with object name Ratis:service=RaftServer,group=group-0A0C1A18FF69,id=s3
2024-12-14 12:26:16,851 INFO  server.RaftServer (RaftServerProxy.java:lambda$close$9(418)) - s4: close
2024-12-14 12:26:16,853 INFO  server.RaftServer (RaftServerProxy.java:lambda$close$9(418)) - s6: close
2024-12-14 12:26:16,853 INFO  server.RaftServer (RaftServerProxy.java:lambda$close$9(418)) - s7: close
2024-12-14 12:26:16,853 INFO  server.RaftServer (RaftServerProxy.java:lambda$close$9(418)) - s9: close
2024-12-14 12:26:16,853 INFO  server.RaftServer (RaftServerProxy.java:lambda$close$9(418)) - s8: close
2024-12-14 12:26:16,857 INFO  server.RaftServer (RaftServerProxy.java:lambda$close$9(418)) - s11: close
2024-12-14 12:26:16,861 INFO  server.RaftServer (RaftServerProxy.java:lambda$close$9(418)) - s10: close
2024-12-14 12:26:16,865 INFO  server.RaftServer (RaftServerProxy.java:lambda$close$9(418)) - s13: close
2024-12-14 12:26:16,869 INFO  server.RaftServer (RaftServerProxy.java:lambda$close$9(418)) - s12: close
2024-12-14 12:26:16,869 INFO  server.RaftServer (RaftServerProxy.java:lambda$close$9(418)) - s0: close
2024-12-14 12:26:16,869 INFO  server.RaftServer (RaftServerProxy.java:lambda$close$9(418)) - s14: close
2024-12-14 12:26:16,869 INFO  impl.StateMachineUpdater (StateMachineUpdater.java:stop(141)) - s3@group-0A0C1A18FF69-StateMachineUpdater: closing ArithmeticStateMachine, lastApplied=(t:0, i:~)
2024-12-14 12:26:16,869 INFO  server.RaftServer (RaftServerProxy.java:lambda$close$9(418)) - s2: close
2024-12-14 12:26:16,869 INFO  impl.StateMachineUpdater (StateMachineUpdater.java:stopAndJoin(164)) - s3@group-0A0C1A18FF69-StateMachineUpdater: set stopIndex = -1
2024-12-14 12:26:16,870 INFO  raftlog.RaftLog (SegmentedRaftLog.java:close(568)) - Start closing s3@group-0A0C1A18FF69-SegmentedRaftLog:OPENED:c-1:lastnull
2024-12-14 12:26:16,869 INFO  server.RaftServer (RaftServerProxy.java:lambda$close$9(418)) - s1: close
2024-12-14 12:26:16,870 INFO  logging.LoggingHandler (AbstractInternalLogger.java:log(148)) - [id: 0xdb003562, L:/0.0.0.0:15018] CLOSE
2024-12-14 12:26:16,870 INFO  util.AwaitToRun (AwaitToRun.java:run(49)) - s3@group-0A0C1A18FF69-cacheEviction-AwaitToRun-AwaitForSignal is interrupted
2024-12-14 12:26:16,870 INFO  logging.LoggingHandler (AbstractInternalLogger.java:log(148)) - [id: 0xdb003562, L:/0.0.0.0:15018] INACTIVE
2024-12-14 12:26:16,870 INFO  logging.LoggingHandler (AbstractInternalLogger.java:log(148)) - [id: 0xdb003562, L:/0.0.0.0:15018] UNREGISTERED
2024-12-14 12:26:16,871 INFO  server.RaftServer$Division (RaftServerImpl.java:lambda$close$1(514)) - s4@group-0A0C1A18FF69: shutdown
2024-12-14 12:26:16,871 INFO  util.JmxRegister (JmxRegister.java:unregister(74)) - Successfully un-registered JMX Bean with object name Ratis:service=RaftServer,group=group-0A0C1A18FF69,id=s4
2024-12-14 12:26:16,871 INFO  server.RaftServer$Division (RaftServerImpl.java:lambda$close$1(514)) - s5@group-0A0C1A18FF69: shutdown
2024-12-14 12:26:16,871 INFO  util.JmxRegister (JmxRegister.java:unregister(74)) - Successfully un-registered JMX Bean with object name Ratis:service=RaftServer,group=group-0A0C1A18FF69,id=s5
2024-12-14 12:26:16,871 INFO  server.RaftServer$Division (RaftServerImpl.java:lambda$close$1(514)) - s14@group-0A0C1A18FF69: shutdown
2024-12-14 12:26:16,871 INFO  util.JmxRegister (JmxRegister.java:unregister(74)) - Successfully un-registered JMX Bean with object name Ratis:service=RaftServer,group=group-0A0C1A18FF69,id=s14
2024-12-14 12:26:16,871 INFO  server.RaftServer$Division (RaftServerImpl.java:lambda$close$1(514)) - s1@group-0A0C1A18FF69: shutdown
2024-12-14 12:26:16,871 INFO  server.RaftServer$Division (RaftServerImpl.java:lambda$close$1(514)) - s3@group-9CE91F930A22: shutdown
2024-12-14 12:26:16,871 INFO  util.JmxRegister (JmxRegister.java:unregister(74)) - Successfully un-registered JMX Bean with object name Ratis:service=RaftServer,group=group-9CE91F930A22,id=s3
2024-12-14 12:26:16,871 INFO  impl.RoleInfo (RoleInfo.java:shutdownFollowerState(121)) - s3: shutdown s3@group-9CE91F930A22-FollowerState
2024-12-14 12:26:16,871 INFO  logging.LoggingHandler (AbstractInternalLogger.java:log(148)) - [id: 0x0977b22d, L:/0.0.0.0:15019] CLOSE
2024-12-14 12:26:16,871 INFO  impl.FollowerState (FollowerState.java:runImpl(170)) - s3@group-9CE91F930A22-FollowerState was interrupted
2024-12-14 12:26:16,871 INFO  logging.LoggingHandler (AbstractInternalLogger.java:log(148)) - [id: 0x0977b22d, L:/0.0.0.0:15019] INACTIVE
2024-12-14 12:26:16,871 INFO  server.RaftServer$Division (RaftServerImpl.java:lambda$close$1(514)) - s4@group-9CE91F930A22: shutdown
2024-12-14 12:26:16,891 INFO  util.JmxRegister (JmxRegister.java:unregister(74)) - Successfully un-registered JMX Bean with object name Ratis:service=RaftServer,group=group-9CE91F930A22,id=s4
2024-12-14 12:26:16,891 INFO  impl.RoleInfo (RoleInfo.java:shutdownFollowerState(121)) - s4: shutdown s4@group-9CE91F930A22-FollowerState
2024-12-14 12:26:16,871 INFO  util.JmxRegister (JmxRegister.java:unregister(74)) - Successfully un-registered JMX Bean with object name Ratis:service=RaftServer,group=group-0A0C1A18FF69,id=s1
2024-12-14 12:26:16,891 INFO  impl.StateMachineUpdater (StateMachineUpdater.java:stop(141)) - s4@group-9CE91F930A22-StateMachineUpdater: closing ArithmeticStateMachine, lastApplied=(t:1, i:251)
2024-12-14 12:26:16,891 INFO  impl.FollowerState (FollowerState.java:runImpl(170)) - s4@group-9CE91F930A22-FollowerState was interrupted
2024-12-14 12:26:16,891 INFO  impl.StateMachineUpdater (StateMachineUpdater.java:stopAndJoin(164)) - s4@group-9CE91F930A22-StateMachineUpdater: set stopIndex = 251
2024-12-14 12:26:16,891 INFO  server.RaftServer$Division (RaftServerImpl.java:lambda$close$1(514)) - s7@group-9CE91F930A22: shutdown
2024-12-14 12:26:16,891 INFO  logging.LoggingHandler (AbstractInternalLogger.java:log(148)) - [id: 0xef0cc7a9, L:/0.0.0.0:15022] CLOSE
2024-12-14 12:26:16,892 INFO  logging.LoggingHandler (AbstractInternalLogger.java:log(148)) - [id: 0xef0cc7a9, L:/0.0.0.0:15022] INACTIVE
2024-12-14 12:26:16,892 INFO  logging.LoggingHandler (AbstractInternalLogger.java:log(148)) - [id: 0xef0cc7a9, L:/0.0.0.0:15022] UNREGISTERED
2024-12-14 12:26:16,890 INFO  logging.LoggingHandler (AbstractInternalLogger.java:log(148)) - [id: 0xa7c32d8d, L:/0.0.0.0:15029] CLOSE
2024-12-14 12:26:16,893 INFO  logging.LoggingHandler (AbstractInternalLogger.java:log(148)) - [id: 0xa7c32d8d, L:/0.0.0.0:15029] INACTIVE
2024-12-14 12:26:16,893 INFO  logging.LoggingHandler (AbstractInternalLogger.java:log(148)) - [id: 0xa7c32d8d, L:/0.0.0.0:15029] UNREGISTERED
2024-12-14 12:26:16,889 INFO  server.RaftServer$Division (RaftServerImpl.java:lambda$close$1(514)) - s12@group-0A0C1A18FF69: shutdown
2024-12-14 12:26:16,893 INFO  util.JmxRegister (JmxRegister.java:unregister(74)) - Successfully un-registered JMX Bean with object name Ratis:service=RaftServer,group=group-0A0C1A18FF69,id=s12
2024-12-14 12:26:16,889 INFO  server.RaftServer$Division (RaftServerImpl.java:lambda$close$1(514)) - s5@group-9CE91F930A22: shutdown
2024-12-14 12:26:16,893 INFO  util.JmxRegister (JmxRegister.java:unregister(74)) - Successfully un-registered JMX Bean with object name Ratis:service=RaftServer,group=group-9CE91F930A22,id=s5
2024-12-14 12:26:16,893 INFO  impl.RoleInfo (RoleInfo.java:shutdownFollowerState(121)) - s5: shutdown s5@group-9CE91F930A22-FollowerState
2024-12-14 12:26:16,893 INFO  util.JmxRegister (JmxRegister.java:unregister(74)) - Successfully un-registered JMX Bean with object name Ratis:service=RaftServer,group=group-9CE91F930A22,id=s7
2024-12-14 12:26:16,893 INFO  impl.RoleInfo (RoleInfo.java:shutdownFollowerState(121)) - s7: shutdown s7@group-9CE91F930A22-FollowerState
2024-12-14 12:26:16,889 INFO  logging.LoggingHandler (AbstractInternalLogger.java:log(148)) - [id: 0x959ca32c, L:/0.0.0.0:15017] CLOSE
2024-12-14 12:26:16,899 INFO  logging.LoggingHandler (AbstractInternalLogger.java:log(148)) - [id: 0x959ca32c, L:/0.0.0.0:15017] INACTIVE
2024-12-14 12:26:16,899 INFO  logging.LoggingHandler (AbstractInternalLogger.java:log(148)) - [id: 0x959ca32c, L:/0.0.0.0:15017] UNREGISTERED
2024-12-14 12:26:16,889 INFO  server.RaftServer$Division (RaftServerImpl.java:lambda$close$1(514)) - s2@group-9CE91F930A22: shutdown
2024-12-14 12:26:16,889 INFO  server.RaftServer$Division (RaftServerImpl.java:lambda$close$1(514)) - s0@group-9CE91F930A22: shutdown
2024-12-14 12:26:16,899 INFO  util.JmxRegister (JmxRegister.java:unregister(74)) - Successfully un-registered JMX Bean with object name Ratis:service=RaftServer,group=group-9CE91F930A22,id=s0
2024-12-14 12:26:16,899 INFO  impl.RoleInfo (RoleInfo.java:shutdownFollowerState(121)) - s0: shutdown s0@group-9CE91F930A22-FollowerState
2024-12-14 12:26:16,899 INFO  util.JmxRegister (JmxRegister.java:unregister(74)) - Successfully un-registered JMX Bean with object name Ratis:service=RaftServer,group=group-9CE91F930A22,id=s2
2024-12-14 12:26:16,899 INFO  impl.RoleInfo (RoleInfo.java:shutdownFollowerState(121)) - s2: shutdown s2@group-9CE91F930A22-FollowerState
2024-12-14 12:26:16,889 INFO  server.RaftServer$Division (RaftServerImpl.java:lambda$close$1(514)) - s2@group-0A0C1A18FF69: shutdown
2024-12-14 12:26:16,900 INFO  util.JmxRegister (JmxRegister.java:unregister(74)) - Successfully un-registered JMX Bean with object name Ratis:service=RaftServer,group=group-0A0C1A18FF69,id=s2
2024-12-14 12:26:16,889 INFO  logging.LoggingHandler (AbstractInternalLogger.java:log(148)) - [id: 0xb8bf086a, L:/0.0.0.0:15020] CLOSE
2024-12-14 12:26:16,889 INFO  logging.LoggingHandler (AbstractInternalLogger.java:log(148)) - [id: 0x3f89d68f, L:/0.0.0.0:15015] CLOSE
2024-12-14 12:26:16,900 INFO  logging.LoggingHandler (AbstractInternalLogger.java:log(148)) - [id: 0x3f89d68f, L:/0.0.0.0:15015] INACTIVE
2024-12-14 12:26:16,900 INFO  logging.LoggingHandler (AbstractInternalLogger.java:log(148)) - [id: 0x3f89d68f, L:/0.0.0.0:15015] UNREGISTERED
2024-12-14 12:26:16,885 INFO  server.RaftServer$Division (RaftServerImpl.java:lambda$close$1(514)) - s0@group-0A0C1A18FF69: shutdown
2024-12-14 12:26:16,885 INFO  impl.StateMachineUpdater (StateMachineUpdater.java:stopAndJoin(164)) - s4@group-0A0C1A18FF69-StateMachineUpdater: set stopIndex = -1
2024-12-14 12:26:16,884 INFO  server.RaftServer$Division (RaftServerImpl.java:lambda$close$1(514)) - s1@group-9CE91F930A22: shutdown
2024-12-14 12:26:16,900 INFO  util.JmxRegister (JmxRegister.java:unregister(74)) - Successfully un-registered JMX Bean with object name Ratis:service=RaftServer,group=group-9CE91F930A22,id=s1
2024-12-14 12:26:16,900 INFO  impl.RoleInfo (RoleInfo.java:shutdownFollowerState(121)) - s1: shutdown s1@group-9CE91F930A22-FollowerState
2024-12-14 12:26:16,884 INFO  logging.LoggingHandler (AbstractInternalLogger.java:log(148)) - [id: 0x356557ed, L:/0.0.0.0:15016] CLOSE
2024-12-14 12:26:16,901 INFO  logging.LoggingHandler (AbstractInternalLogger.java:log(148)) - [id: 0x356557ed, L:/0.0.0.0:15016] INACTIVE
2024-12-14 12:26:16,901 INFO  logging.LoggingHandler (AbstractInternalLogger.java:log(148)) - [id: 0x356557ed, L:/0.0.0.0:15016] UNREGISTERED
2024-12-14 12:26:16,884 INFO  impl.StateMachineUpdater (StateMachineUpdater.java:stopAndJoin(164)) - s5@group-0A0C1A18FF69-StateMachineUpdater: set stopIndex = -1
2024-12-14 12:26:16,881 INFO  impl.StateMachineUpdater (StateMachineUpdater.java:stop(141)) - s14@group-0A0C1A18FF69-StateMachineUpdater: closing ArithmeticStateMachine, lastApplied=(t:0, i:~)
2024-12-14 12:26:16,881 INFO  impl.StateMachineUpdater (StateMachineUpdater.java:stopAndJoin(164)) - s14@group-0A0C1A18FF69-StateMachineUpdater: set stopIndex = -1
2024-12-14 12:26:16,902 INFO  raftlog.RaftLog (SegmentedRaftLog.java:close(568)) - Start closing s14@group-0A0C1A18FF69-SegmentedRaftLog:OPENED:c-1:lastnull
2024-12-14 12:26:16,880 INFO  impl.StateMachineUpdater (StateMachineUpdater.java:stop(141)) - s5@group-0A0C1A18FF69-StateMachineUpdater: closing ArithmeticStateMachine, lastApplied=(t:0, i:~)
2024-12-14 12:26:16,879 INFO  impl.StateMachineUpdater (StateMachineUpdater.java:stop(141)) - s4@group-0A0C1A18FF69-StateMachineUpdater: closing ArithmeticStateMachine, lastApplied=(t:0, i:~)
2024-12-14 12:26:16,902 INFO  raftlog.RaftLog (SegmentedRaftLog.java:close(568)) - Start closing s4@group-0A0C1A18FF69-SegmentedRaftLog:OPENED:c-1:lastnull
2024-12-14 12:26:16,873 INFO  logging.LoggingHandler (AbstractInternalLogger.java:log(148)) - [id: 0xeff72721, L:/0.0.0.0:15025] CLOSE
2024-12-14 12:26:16,873 INFO  server.RaftServer$Division (RaftServerImpl.java:lambda$close$1(514)) - s7@group-0A0C1A18FF69: shutdown
2024-12-14 12:26:16,873 INFO  server.RaftServer$Division (RaftServerImpl.java:lambda$close$1(514)) - s10@group-9CE91F930A22: shutdown
2024-12-14 12:26:16,873 INFO  server.RaftServer$Division (RaftServerImpl.java:lambda$close$1(514)) - s13@group-0A0C1A18FF69: shutdown
2024-12-14 12:26:16,902 INFO  util.JmxRegister (JmxRegister.java:unregister(74)) - Successfully un-registered JMX Bean with object name Ratis:service=RaftServer,group=group-0A0C1A18FF69,id=s13
2024-12-14 12:26:16,872 INFO  server.RaftServer$Division (RaftServerImpl.java:lambda$close$1(514)) - s9@group-0A0C1A18FF69: shutdown
2024-12-14 12:26:16,902 INFO  util.JmxRegister (JmxRegister.java:unregister(74)) - Successfully un-registered JMX Bean with object name Ratis:service=RaftServer,group=group-0A0C1A18FF69,id=s9
2024-12-14 12:26:16,872 INFO  server.RaftServer$Division (RaftServerImpl.java:lambda$close$1(514)) - s8@group-0A0C1A18FF69: shutdown
2024-12-14 12:26:16,902 INFO  util.JmxRegister (JmxRegister.java:unregister(74)) - Successfully un-registered JMX Bean with object name Ratis:service=RaftServer,group=group-0A0C1A18FF69,id=s8
2024-12-14 12:26:16,872 INFO  server.RaftServer$Division (RaftServerImpl.java:lambda$close$1(514)) - s10@group-0A0C1A18FF69: shutdown
2024-12-14 12:26:16,902 INFO  util.JmxRegister (JmxRegister.java:unregister(74)) - Successfully un-registered JMX Bean with object name Ratis:service=RaftServer,group=group-0A0C1A18FF69,id=s10
2024-12-14 12:26:16,871 INFO  logging.LoggingHandler (AbstractInternalLogger.java:log(148)) - [id: 0x0977b22d, L:/0.0.0.0:15019] UNREGISTERED
2024-12-14 12:26:16,871 INFO  impl.StateMachineUpdater (StateMachineUpdater.java:stopAndJoin(164)) - s3@group-9CE91F930A22-StateMachineUpdater: set stopIndex = 252
2024-12-14 12:26:16,871 INFO  impl.StateMachineUpdater (StateMachineUpdater.java:stop(141)) - s3@group-9CE91F930A22-StateMachineUpdater: closing ArithmeticStateMachine, lastApplied=(t:1, i:252)
2024-12-14 12:26:16,902 INFO  util.JmxRegister (JmxRegister.java:unregister(74)) - Successfully un-registered JMX Bean with object name Ratis:service=RaftServer,group=group-9CE91F930A22,id=s10
2024-12-14 12:26:16,903 INFO  impl.RoleInfo (RoleInfo.java:shutdownFollowerState(121)) - s10: shutdown s10@group-9CE91F930A22-FollowerState
2024-12-14 12:26:16,902 INFO  util.JmxRegister (JmxRegister.java:unregister(74)) - Successfully un-registered JMX Bean with object name Ratis:service=RaftServer,group=group-0A0C1A18FF69,id=s7
2024-12-14 12:26:16,902 INFO  logging.LoggingHandler (AbstractInternalLogger.java:log(148)) - [id: 0xeff72721, L:/0.0.0.0:15025] INACTIVE
2024-12-14 12:26:16,904 INFO  logging.LoggingHandler (AbstractInternalLogger.java:log(148)) - [id: 0xeff72721, L:/0.0.0.0:15025] UNREGISTERED
2024-12-14 12:26:16,902 INFO  raftlog.RaftLog (SegmentedRaftLog.java:close(568)) - Start closing s5@group-0A0C1A18FF69-SegmentedRaftLog:OPENED:c-1:lastnull
2024-12-14 12:26:16,900 INFO  util.JmxRegister (JmxRegister.java:unregister(74)) - Successfully un-registered JMX Bean with object name Ratis:service=RaftServer,group=group-0A0C1A18FF69,id=s0
2024-12-14 12:26:16,900 INFO  logging.LoggingHandler (AbstractInternalLogger.java:log(148)) - [id: 0xb8bf086a, L:/0.0.0.0:15020] INACTIVE
2024-12-14 12:26:16,892 INFO  raftlog.RaftLog (SegmentedRaftLog.java:close(568)) - Start closing s4@group-9CE91F930A22-SegmentedRaftLog:OPENED:c251:last(t:1, i:252)
2024-12-14 12:26:16,904 INFO  logging.LoggingHandler (AbstractInternalLogger.java:log(148)) - [id: 0xb8bf086a, L:/0.0.0.0:15020] UNREGISTERED
2024-12-14 12:26:16,903 INFO  raftlog.RaftLog (SegmentedRaftLog.java:close(568)) - Start closing s3@group-9CE91F930A22-SegmentedRaftLog:OPENED:c252:last(t:1, i:252)
2024-12-14 12:26:16,905 INFO  logging.LoggingHandler (AbstractInternalLogger.java:log(148)) - [id: 0xc7b5ba89, L:/0.0.0.0:15028] CLOSE
2024-12-14 12:26:16,905 INFO  logging.LoggingHandler (AbstractInternalLogger.java:log(148)) - [id: 0x8195817e, L:/0.0.0.0:15024] CLOSE
2024-12-14 12:26:16,905 INFO  server.RaftServer$Division (RaftServerImpl.java:lambda$close$1(514)) - s13@group-9CE91F930A22: shutdown
2024-12-14 12:26:16,905 INFO  server.RaftServer$Division (RaftServerImpl.java:lambda$close$1(514)) - s9@group-9CE91F930A22: shutdown
2024-12-14 12:26:16,905 INFO  server.RaftServer$Division (RaftServerImpl.java:lambda$close$1(514)) - s11@group-0A0C1A18FF69: shutdown
2024-12-14 12:26:16,905 INFO  logging.LoggingHandler (AbstractInternalLogger.java:log(148)) - [id: 0x8195817e, L:/0.0.0.0:15024] INACTIVE
2024-12-14 12:26:16,905 INFO  logging.LoggingHandler (AbstractInternalLogger.java:log(148)) - [id: 0xc7b5ba89, L:/0.0.0.0:15028] INACTIVE
2024-12-14 12:26:16,905 INFO  logging.LoggingHandler (AbstractInternalLogger.java:log(148)) - [id: 0x8195817e, L:/0.0.0.0:15024] UNREGISTERED
2024-12-14 12:26:16,905 INFO  util.JmxRegister (JmxRegister.java:unregister(74)) - Successfully un-registered JMX Bean with object name Ratis:service=RaftServer,group=group-0A0C1A18FF69,id=s11
2024-12-14 12:26:16,906 INFO  impl.StateMachineUpdater (StateMachineUpdater.java:stop(141)) - s9@group-0A0C1A18FF69-StateMachineUpdater: closing ArithmeticStateMachine, lastApplied=(t:0, i:~)
2024-12-14 12:26:16,905 INFO  util.JmxRegister (JmxRegister.java:unregister(74)) - Successfully un-registered JMX Bean with object name Ratis:service=RaftServer,group=group-9CE91F930A22,id=s9
2024-12-14 12:26:16,908 INFO  impl.RoleInfo (RoleInfo.java:shutdownFollowerState(121)) - s9: shutdown s9@group-9CE91F930A22-FollowerState
2024-12-14 12:26:16,905 INFO  util.JmxRegister (JmxRegister.java:unregister(74)) - Successfully un-registered JMX Bean with object name Ratis:service=RaftServer,group=group-9CE91F930A22,id=s13
2024-12-14 12:26:16,905 INFO  logging.LoggingHandler (AbstractInternalLogger.java:log(148)) - [id: 0xc7b5ba89, L:/0.0.0.0:15028] UNREGISTERED
2024-12-14 12:26:16,908 INFO  impl.RoleInfo (RoleInfo.java:shutdownFollowerState(121)) - s13: shutdown s13@group-9CE91F930A22-FollowerState
2024-12-14 12:26:16,913 INFO  logging.LoggingHandler (AbstractInternalLogger.java:log(148)) - [id: 0x75a19822, L:/0.0.0.0:15023] CLOSE
2024-12-14 12:26:16,913 INFO  logging.LoggingHandler (AbstractInternalLogger.java:log(148)) - [id: 0x75a19822, L:/0.0.0.0:15023] INACTIVE
2024-12-14 12:26:16,913 INFO  server.RaftServer$Division (RaftServerImpl.java:lambda$close$1(514)) - s6@group-0A0C1A18FF69: shutdown
2024-12-14 12:26:16,913 INFO  util.JmxRegister (JmxRegister.java:unregister(74)) - Successfully un-registered JMX Bean with object name Ratis:service=RaftServer,group=group-0A0C1A18FF69,id=s6
2024-12-14 12:26:16,913 INFO  server.RaftServer$Division (RaftServerImpl.java:lambda$close$1(514)) - s8@group-9CE91F930A22: shutdown
2024-12-14 12:26:16,913 INFO  util.JmxRegister (JmxRegister.java:unregister(74)) - Successfully un-registered JMX Bean with object name Ratis:service=RaftServer,group=group-9CE91F930A22,id=s8
2024-12-14 12:26:16,913 INFO  impl.RoleInfo (RoleInfo.java:shutdownFollowerState(121)) - s8: shutdown s8@group-9CE91F930A22-FollowerState
2024-12-14 12:26:16,913 INFO  logging.LoggingHandler (AbstractInternalLogger.java:log(148)) - [id: 0x75a19822, L:/0.0.0.0:15023] UNREGISTERED
2024-12-14 12:26:16,913 INFO  impl.StateMachineUpdater (StateMachineUpdater.java:stopAndJoin(164)) - s13@group-9CE91F930A22-StateMachineUpdater: set stopIndex = 251
2024-12-14 12:26:16,913 INFO  impl.FollowerState (FollowerState.java:runImpl(170)) - s13@group-9CE91F930A22-FollowerState was interrupted
2024-12-14 12:26:16,913 INFO  impl.StateMachineUpdater (StateMachineUpdater.java:stop(141)) - s13@group-9CE91F930A22-StateMachineUpdater: closing ArithmeticStateMachine, lastApplied=(t:1, i:251)
2024-12-14 12:26:16,914 INFO  raftlog.RaftLog (SegmentedRaftLog.java:close(568)) - Start closing s13@group-9CE91F930A22-SegmentedRaftLog:OPENED:c251:last(t:1, i:252)
2024-12-14 12:26:16,917 INFO  impl.StateMachineUpdater (StateMachineUpdater.java:stopAndJoin(164)) - s9@group-9CE91F930A22-StateMachineUpdater: set stopIndex = 251
2024-12-14 12:26:16,917 INFO  impl.FollowerState (FollowerState.java:runImpl(170)) - s9@group-9CE91F930A22-FollowerState was interrupted
2024-12-14 12:26:16,917 INFO  impl.StateMachineUpdater (StateMachineUpdater.java:stop(141)) - s9@group-9CE91F930A22-StateMachineUpdater: closing ArithmeticStateMachine, lastApplied=(t:1, i:251)
2024-12-14 12:26:16,917 INFO  raftlog.RaftLog (SegmentedRaftLog.java:close(568)) - Start closing s9@group-9CE91F930A22-SegmentedRaftLog:OPENED:c251:last(t:1, i:252)
2024-12-14 12:26:16,919 INFO  impl.StateMachineUpdater (StateMachineUpdater.java:stop(141)) - s11@group-0A0C1A18FF69-StateMachineUpdater: closing ArithmeticStateMachine, lastApplied=(t:0, i:~)
2024-12-14 12:26:16,920 INFO  impl.StateMachineUpdater (StateMachineUpdater.java:stop(141)) - s10@group-0A0C1A18FF69-StateMachineUpdater: closing ArithmeticStateMachine, lastApplied=(t:0, i:~)
2024-12-14 12:26:16,925 INFO  impl.StateMachineUpdater (StateMachineUpdater.java:stopAndJoin(164)) - s11@group-0A0C1A18FF69-StateMachineUpdater: set stopIndex = -1
2024-12-14 12:26:16,925 INFO  raftlog.RaftLog (SegmentedRaftLog.java:close(568)) - Start closing s11@group-0A0C1A18FF69-SegmentedRaftLog:OPENED:c-1:lastnull
2024-12-14 12:26:16,925 INFO  util.AwaitToRun (AwaitToRun.java:run(49)) - s11@group-0A0C1A18FF69-cacheEviction-AwaitToRun-AwaitForSignal is interrupted
2024-12-14 12:26:16,927 INFO  impl.StateMachineUpdater (StateMachineUpdater.java:stop(141)) - s13@group-0A0C1A18FF69-StateMachineUpdater: closing ArithmeticStateMachine, lastApplied=(t:0, i:~)
2024-12-14 12:26:16,929 INFO  logging.LoggingHandler (AbstractInternalLogger.java:log(148)) - [id: 0x7b551b54, L:/0.0.0.0:15026] CLOSE
2024-12-14 12:26:16,929 INFO  impl.StateMachineUpdater (StateMachineUpdater.java:stopAndJoin(164)) - s0@group-0A0C1A18FF69-StateMachineUpdater: set stopIndex = -1
2024-12-14 12:26:16,930 INFO  impl.StateMachineUpdater (StateMachineUpdater.java:stop(141)) - s0@group-0A0C1A18FF69-StateMachineUpdater: closing ArithmeticStateMachine, lastApplied=(t:0, i:~)
2024-12-14 12:26:16,930 INFO  util.AwaitToRun (AwaitToRun.java:run(49)) - s3@group-9CE91F930A22-cacheEviction-AwaitToRun-AwaitForSignal is interrupted
2024-12-14 12:26:16,930 INFO  raftlog.RaftLog (SegmentedRaftLog.java:close(568)) - Start closing s0@group-0A0C1A18FF69-SegmentedRaftLog:OPENED:c-1:lastnull
2024-12-14 12:26:16,930 INFO  segmented.LogSegment (LogSegment.java:close(349)) - Successfully closed EntryCache-log_inprogress_0
2024-12-14 12:26:16,931 INFO  impl.FollowerState (FollowerState.java:shouldRun(122)) - s7@group-9CE91F930A22-FollowerState: Stopping now (isRunning? false, role = FOLLOWER)
2024-12-14 12:26:16,929 INFO  server.RaftServer$Division (RaftServerImpl.java:lambda$close$1(514)) - s11@group-9CE91F930A22: shutdown
2024-12-14 12:26:16,930 INFO  logging.LoggingHandler (AbstractInternalLogger.java:log(148)) - [id: 0x7b551b54, L:/0.0.0.0:15026] INACTIVE
2024-12-14 12:26:16,929 INFO  util.AwaitToRun (AwaitToRun.java:run(49)) - s4@group-9CE91F930A22-cacheEviction-AwaitToRun-AwaitForSignal is interrupted
2024-12-14 12:26:16,931 INFO  logging.LoggingHandler (AbstractInternalLogger.java:log(148)) - [id: 0x7b551b54, L:/0.0.0.0:15026] UNREGISTERED
2024-12-14 12:26:16,931 INFO  segmented.LogSegment (LogSegment.java:close(349)) - Successfully closed EntryCache-log_inprogress_0
2024-12-14 12:26:16,931 INFO  util.JmxRegister (JmxRegister.java:unregister(74)) - Successfully un-registered JMX Bean with object name Ratis:service=RaftServer,group=group-9CE91F930A22,id=s11
2024-12-14 12:26:16,934 INFO  util.AwaitToRun (AwaitToRun.java:run(49)) - s5@group-0A0C1A18FF69-cacheEviction-AwaitToRun-AwaitForSignal is interrupted
2024-12-14 12:26:16,935 INFO  impl.RoleInfo (RoleInfo.java:shutdownLeaderState(103)) - s11: shutdown s11@group-9CE91F930A22-LeaderStateImpl
2024-12-14 12:26:16,935 INFO  impl.StateMachineUpdater (StateMachineUpdater.java:stop(141)) - s12@group-0A0C1A18FF69-StateMachineUpdater: closing ArithmeticStateMachine, lastApplied=(t:0, i:~)
2024-12-14 12:26:16,949 INFO  impl.StateMachineUpdater (StateMachineUpdater.java:stopAndJoin(164)) - s7@group-0A0C1A18FF69-StateMachineUpdater: set stopIndex = -1
2024-12-14 12:26:16,949 INFO  impl.StateMachineUpdater (StateMachineUpdater.java:stop(141)) - s7@group-0A0C1A18FF69-StateMachineUpdater: closing ArithmeticStateMachine, lastApplied=(t:0, i:~)
2024-12-14 12:26:16,949 INFO  raftlog.RaftLog (SegmentedRaftLog.java:close(568)) - Start closing s7@group-0A0C1A18FF69-SegmentedRaftLog:OPENED:c-1:lastnull
2024-12-14 12:26:16,951 INFO  impl.StateMachineUpdater (StateMachineUpdater.java:stopAndJoin(164)) - s10@group-9CE91F930A22-StateMachineUpdater: set stopIndex = 251
2024-12-14 12:26:16,951 INFO  impl.FollowerState (FollowerState.java:runImpl(170)) - s10@group-9CE91F930A22-FollowerState was interrupted
2024-12-14 12:26:16,951 INFO  impl.StateMachineUpdater (StateMachineUpdater.java:stop(141)) - s10@group-9CE91F930A22-StateMachineUpdater: closing ArithmeticStateMachine, lastApplied=(t:1, i:251)
2024-12-14 12:26:16,951 INFO  raftlog.RaftLog (SegmentedRaftLog.java:close(568)) - Start closing s10@group-9CE91F930A22-SegmentedRaftLog:OPENED:c251:last(t:1, i:252)
2024-12-14 12:26:16,952 INFO  impl.StateMachineUpdater (StateMachineUpdater.java:stopAndJoin(164)) - s10@group-0A0C1A18FF69-StateMachineUpdater: set stopIndex = -1
2024-12-14 12:26:16,952 INFO  raftlog.RaftLog (SegmentedRaftLog.java:close(568)) - Start closing s10@group-0A0C1A18FF69-SegmentedRaftLog:OPENED:c-1:lastnull
2024-12-14 12:26:16,952 INFO  impl.StateMachineUpdater (StateMachineUpdater.java:stopAndJoin(164)) - s8@group-0A0C1A18FF69-StateMachineUpdater: set stopIndex = -1
2024-12-14 12:26:16,952 INFO  impl.StateMachineUpdater (StateMachineUpdater.java:stop(141)) - s8@group-0A0C1A18FF69-StateMachineUpdater: closing ArithmeticStateMachine, lastApplied=(t:0, i:~)
2024-12-14 12:26:16,952 INFO  impl.StateMachineUpdater (StateMachineUpdater.java:stopAndJoin(164)) - s9@group-0A0C1A18FF69-StateMachineUpdater: set stopIndex = -1
2024-12-14 12:26:16,952 INFO  util.AwaitToRun (AwaitToRun.java:run(49)) - s10@group-0A0C1A18FF69-cacheEviction-AwaitToRun-AwaitForSignal is interrupted
2024-12-14 12:26:16,952 INFO  raftlog.RaftLog (SegmentedRaftLog.java:close(568)) - Start closing s9@group-0A0C1A18FF69-SegmentedRaftLog:OPENED:c-1:lastnull
2024-12-14 12:26:16,952 INFO  raftlog.RaftLog (SegmentedRaftLog.java:close(568)) - Start closing s8@group-0A0C1A18FF69-SegmentedRaftLog:OPENED:c-1:lastnull
2024-12-14 12:26:16,952 INFO  impl.StateMachineUpdater (StateMachineUpdater.java:stopAndJoin(164)) - s13@group-0A0C1A18FF69-StateMachineUpdater: set stopIndex = -1
2024-12-14 12:26:16,952 INFO  raftlog.RaftLog (SegmentedRaftLog.java:close(568)) - Start closing s13@group-0A0C1A18FF69-SegmentedRaftLog:OPENED:c-1:lastnull
2024-12-14 12:26:16,952 INFO  util.AwaitToRun (AwaitToRun.java:run(49)) - s4@group-0A0C1A18FF69-cacheEviction-AwaitToRun-AwaitForSignal is interrupted
2024-12-14 12:26:16,955 INFO  util.AwaitToRun (AwaitToRun.java:run(49)) - s14@group-0A0C1A18FF69-cacheEviction-AwaitToRun-AwaitForSignal is interrupted
2024-12-14 12:26:16,955 INFO  impl.StateMachineUpdater (StateMachineUpdater.java:stopAndJoin(164)) - s1@group-9CE91F930A22-StateMachineUpdater: set stopIndex = 251
2024-12-14 12:26:16,955 INFO  impl.FollowerState (FollowerState.java:runImpl(170)) - s1@group-9CE91F930A22-FollowerState was interrupted
2024-12-14 12:26:16,955 INFO  impl.StateMachineUpdater (StateMachineUpdater.java:stop(141)) - s1@group-9CE91F930A22-StateMachineUpdater: closing ArithmeticStateMachine, lastApplied=(t:1, i:251)
2024-12-14 12:26:16,955 INFO  raftlog.RaftLog (SegmentedRaftLog.java:close(568)) - Start closing s1@group-9CE91F930A22-SegmentedRaftLog:OPENED:c251:last(t:1, i:252)
2024-12-14 12:26:16,961 INFO  impl.StateMachineUpdater (StateMachineUpdater.java:stopAndJoin(164)) - s2@group-0A0C1A18FF69-StateMachineUpdater: set stopIndex = -1
2024-12-14 12:26:16,961 INFO  impl.StateMachineUpdater (StateMachineUpdater.java:stop(141)) - s2@group-0A0C1A18FF69-StateMachineUpdater: closing ArithmeticStateMachine, lastApplied=(t:0, i:~)
2024-12-14 12:26:16,961 INFO  raftlog.RaftLog (SegmentedRaftLog.java:close(568)) - Start closing s2@group-0A0C1A18FF69-SegmentedRaftLog:OPENED:c-1:lastnull
2024-12-14 12:26:16,961 INFO  impl.StateMachineUpdater (StateMachineUpdater.java:stopAndJoin(164)) - s2@group-9CE91F930A22-StateMachineUpdater: set stopIndex = 251
2024-12-14 12:26:16,961 INFO  impl.FollowerState (FollowerState.java:runImpl(170)) - s2@group-9CE91F930A22-FollowerState was interrupted
2024-12-14 12:26:16,961 INFO  impl.StateMachineUpdater (StateMachineUpdater.java:stop(141)) - s2@group-9CE91F930A22-StateMachineUpdater: closing ArithmeticStateMachine, lastApplied=(t:1, i:251)
2024-12-14 12:26:16,961 INFO  raftlog.RaftLog (SegmentedRaftLog.java:close(568)) - Start closing s2@group-9CE91F930A22-SegmentedRaftLog:OPENED:c251:last(t:1, i:252)
2024-12-14 12:26:16,961 INFO  impl.StateMachineUpdater (StateMachineUpdater.java:stopAndJoin(164)) - s0@group-9CE91F930A22-StateMachineUpdater: set stopIndex = 251
2024-12-14 12:26:16,961 INFO  impl.FollowerState (FollowerState.java:runImpl(170)) - s0@group-9CE91F930A22-FollowerState was interrupted
2024-12-14 12:26:16,961 INFO  impl.StateMachineUpdater (StateMachineUpdater.java:stop(141)) - s0@group-9CE91F930A22-StateMachineUpdater: closing ArithmeticStateMachine, lastApplied=(t:1, i:251)
2024-12-14 12:26:16,961 INFO  raftlog.RaftLog (SegmentedRaftLog.java:close(568)) - Start closing s0@group-9CE91F930A22-SegmentedRaftLog:OPENED:c251:last(t:1, i:252)
2024-12-14 12:26:16,979 WARN  leader.LogAppender (LogAppenderDefault.java:sendAppendEntriesWithRetries(85)) - s11@group-9CE91F930A22->s2-LogAppenderDefault: Failed to appendEntries (retry=0)
org.apache.ratis.protocol.exceptions.AlreadyClosedException: s11 is already CLOSED
	at org.apache.ratis.util.PeerProxyMap$PeerAndProxy.getProxy(PeerProxyMap.java:67)
	at org.apache.ratis.util.PeerProxyMap.getProxy(PeerProxyMap.java:124)
	at org.apache.ratis.netty.server.NettyRpcService.sendRaftNettyServerRequestProto(NettyRpcService.java:368)
	at org.apache.ratis.netty.server.NettyRpcService.appendEntries(NettyRpcService.java:349)
	at org.apache.ratis.server.leader.LogAppenderDefault.sendAppendEntries(LogAppenderDefault.java:103)
	at org.apache.ratis.server.leader.LogAppenderDefault.sendAppendEntriesWithRetries(LogAppenderDefault.java:76)
	at org.apache.ratis.server.leader.LogAppenderDefault.run(LogAppenderDefault.java:168)
	at org.apache.ratis.server.leader.LogAppenderDaemon.run(LogAppenderDaemon.java:80)
	at java.lang.Thread.run(Thread.java:750)
2024-12-14 12:26:16,979 WARN  leader.LogAppender (LogAppenderDefault.java:sendAppendEntriesWithRetries(85)) - s11@group-9CE91F930A22->s7-LogAppenderDefault: Failed to appendEntries (retry=0)
org.apache.ratis.protocol.exceptions.AlreadyClosedException: s11 is already CLOSED
	at org.apache.ratis.util.PeerProxyMap$PeerAndProxy.getProxy(PeerProxyMap.java:67)
	at org.apache.ratis.util.PeerProxyMap.getProxy(PeerProxyMap.java:124)
	at org.apache.ratis.netty.server.NettyRpcService.sendRaftNettyServerRequestProto(NettyRpcService.java:368)
	at org.apache.ratis.netty.server.NettyRpcService.appendEntries(NettyRpcService.java:349)
	at org.apache.ratis.server.leader.LogAppenderDefault.sendAppendEntries(LogAppenderDefault.java:103)
	at org.apache.ratis.server.leader.LogAppenderDefault.sendAppendEntriesWithRetries(LogAppenderDefault.java:76)
	at org.apache.ratis.server.leader.LogAppenderDefault.run(LogAppenderDefault.java:168)
	at org.apache.ratis.server.leader.LogAppenderDaemon.run(LogAppenderDaemon.java:80)
	at java.lang.Thread.run(Thread.java:750)
2024-12-14 12:26:16,979 WARN  leader.LogAppender (LogAppenderDefault.java:sendAppendEntriesWithRetries(85)) - s11@group-9CE91F930A22->s4-LogAppenderDefault: Failed to appendEntries (retry=0)
org.apache.ratis.protocol.exceptions.AlreadyClosedException: s11 is already CLOSED
	at org.apache.ratis.util.PeerProxyMap$PeerAndProxy.getProxy(PeerProxyMap.java:67)
	at org.apache.ratis.util.PeerProxyMap.getProxy(PeerProxyMap.java:124)
	at org.apache.ratis.netty.server.NettyRpcService.sendRaftNettyServerRequestProto(NettyRpcService.java:368)
	at org.apache.ratis.netty.server.NettyRpcService.appendEntries(NettyRpcService.java:349)
	at org.apache.ratis.server.leader.LogAppenderDefault.sendAppendEntries(LogAppenderDefault.java:103)
	at org.apache.ratis.server.leader.LogAppenderDefault.sendAppendEntriesWithRetries(LogAppenderDefault.java:76)
	at org.apache.ratis.server.leader.LogAppenderDefault.run(LogAppenderDefault.java:168)
	at org.apache.ratis.server.leader.LogAppenderDaemon.run(LogAppenderDaemon.java:80)
	at java.lang.Thread.run(Thread.java:750)
2024-12-14 12:26:16,980 WARN  leader.LogAppender (LogAppenderDefault.java:sendAppendEntriesWithRetries(85)) - s11@group-9CE91F930A22->s9-LogAppenderDefault: Failed to appendEntries (retry=0)
org.apache.ratis.protocol.exceptions.AlreadyClosedException: s11 is already CLOSED
	at org.apache.ratis.util.PeerProxyMap$PeerAndProxy.getProxy(PeerProxyMap.java:67)
	at org.apache.ratis.util.PeerProxyMap.getProxy(PeerProxyMap.java:124)
	at org.apache.ratis.netty.server.NettyRpcService.sendRaftNettyServerRequestProto(NettyRpcService.java:368)
	at org.apache.ratis.netty.server.NettyRpcService.appendEntries(NettyRpcService.java:349)
	at org.apache.ratis.server.leader.LogAppenderDefault.sendAppendEntries(LogAppenderDefault.java:103)
	at org.apache.ratis.server.leader.LogAppenderDefault.sendAppendEntriesWithRetries(LogAppenderDefault.java:76)
	at org.apache.ratis.server.leader.LogAppenderDefault.run(LogAppenderDefault.java:168)
	at org.apache.ratis.server.leader.LogAppenderDaemon.run(LogAppenderDaemon.java:80)
	at java.lang.Thread.run(Thread.java:750)
2024-12-14 12:26:16,980 WARN  leader.LogAppender (LogAppenderDefault.java:sendAppendEntriesWithRetries(85)) - s11@group-9CE91F930A22->s3-LogAppenderDefault: Failed to appendEntries (retry=0)
org.apache.ratis.protocol.exceptions.AlreadyClosedException: s11 is already CLOSED
	at org.apache.ratis.util.PeerProxyMap$PeerAndProxy.getProxy(PeerProxyMap.java:67)
	at org.apache.ratis.util.PeerProxyMap.getProxy(PeerProxyMap.java:124)
	at org.apache.ratis.netty.server.NettyRpcService.sendRaftNettyServerRequestProto(NettyRpcService.java:368)
	at org.apache.ratis.netty.server.NettyRpcService.appendEntries(NettyRpcService.java:349)
	at org.apache.ratis.server.leader.LogAppenderDefault.sendAppendEntries(LogAppenderDefault.java:103)
	at org.apache.ratis.server.leader.LogAppenderDefault.sendAppendEntriesWithRetries(LogAppenderDefault.java:76)
	at org.apache.ratis.server.leader.LogAppenderDefault.run(LogAppenderDefault.java:168)
	at org.apache.ratis.server.leader.LogAppenderDaemon.run(LogAppenderDaemon.java:80)
	at java.lang.Thread.run(Thread.java:750)
2024-12-14 12:26:16,980 WARN  leader.LogAppender (LogAppenderDefault.java:sendAppendEntriesWithRetries(85)) - s11@group-9CE91F930A22->s10-LogAppenderDefault: Failed to appendEntries (retry=0)
org.apache.ratis.protocol.exceptions.AlreadyClosedException: s11 is already CLOSED
	at org.apache.ratis.util.PeerProxyMap$PeerAndProxy.getProxy(PeerProxyMap.java:67)
	at org.apache.ratis.util.PeerProxyMap.getProxy(PeerProxyMap.java:124)
	at org.apache.ratis.netty.server.NettyRpcService.sendRaftNettyServerRequestProto(NettyRpcService.java:368)
	at org.apache.ratis.netty.server.NettyRpcService.appendEntries(NettyRpcService.java:349)
	at org.apache.ratis.server.leader.LogAppenderDefault.sendAppendEntries(LogAppenderDefault.java:103)
	at org.apache.ratis.server.leader.LogAppenderDefault.sendAppendEntriesWithRetries(LogAppenderDefault.java:76)
	at org.apache.ratis.server.leader.LogAppenderDefault.run(LogAppenderDefault.java:168)
	at org.apache.ratis.server.leader.LogAppenderDaemon.run(LogAppenderDaemon.java:80)
	at java.lang.Thread.run(Thread.java:750)
2024-12-14 12:26:16,979 WARN  leader.LogAppender (LogAppenderDefault.java:sendAppendEntriesWithRetries(85)) - s11@group-9CE91F930A22->s8-LogAppenderDefault: Failed to appendEntries (retry=0)
org.apache.ratis.protocol.exceptions.AlreadyClosedException: s11 is already CLOSED
	at org.apache.ratis.util.PeerProxyMap$PeerAndProxy.getProxy(PeerProxyMap.java:67)
	at org.apache.ratis.util.PeerProxyMap.getProxy(PeerProxyMap.java:124)
	at org.apache.ratis.netty.server.NettyRpcService.sendRaftNettyServerRequestProto(NettyRpcService.java:368)
	at org.apache.ratis.netty.server.NettyRpcService.appendEntries(NettyRpcService.java:349)
	at org.apache.ratis.server.leader.LogAppenderDefault.sendAppendEntries(LogAppenderDefault.java:103)
	at org.apache.ratis.server.leader.LogAppenderDefault.sendAppendEntriesWithRetries(LogAppenderDefault.java:76)
	at org.apache.ratis.server.leader.LogAppenderDefault.run(LogAppenderDefault.java:168)
	at org.apache.ratis.server.leader.LogAppenderDaemon.run(LogAppenderDaemon.java:80)
	at java.lang.Thread.run(Thread.java:750)
2024-12-14 12:26:16,980 WARN  leader.LogAppender (LogAppenderDefault.java:sendAppendEntriesWithRetries(85)) - s11@group-9CE91F930A22->s5-LogAppenderDefault: Failed to appendEntries (retry=0)
org.apache.ratis.protocol.exceptions.AlreadyClosedException: s11 is already CLOSED
	at org.apache.ratis.util.PeerProxyMap$PeerAndProxy.getProxy(PeerProxyMap.java:67)
	at org.apache.ratis.util.PeerProxyMap.getProxy(PeerProxyMap.java:124)
	at org.apache.ratis.netty.server.NettyRpcService.sendRaftNettyServerRequestProto(NettyRpcService.java:368)
	at org.apache.ratis.netty.server.NettyRpcService.appendEntries(NettyRpcService.java:349)
	at org.apache.ratis.server.leader.LogAppenderDefault.sendAppendEntries(LogAppenderDefault.java:103)
	at org.apache.ratis.server.leader.LogAppenderDefault.sendAppendEntriesWithRetries(LogAppenderDefault.java:76)
	at org.apache.ratis.server.leader.LogAppenderDefault.run(LogAppenderDefault.java:168)
	at org.apache.ratis.server.leader.LogAppenderDaemon.run(LogAppenderDaemon.java:80)
	at java.lang.Thread.run(Thread.java:750)
2024-12-14 12:26:16,980 WARN  leader.LogAppender (LogAppenderDefault.java:sendAppendEntriesWithRetries(85)) - s11@group-9CE91F930A22->s0-LogAppenderDefault: Failed to appendEntries (retry=0)
org.apache.ratis.protocol.exceptions.AlreadyClosedException: s11 is already CLOSED
	at org.apache.ratis.util.PeerProxyMap$PeerAndProxy.getProxy(PeerProxyMap.java:67)
	at org.apache.ratis.util.PeerProxyMap.getProxy(PeerProxyMap.java:124)
	at org.apache.ratis.netty.server.NettyRpcService.sendRaftNettyServerRequestProto(NettyRpcService.java:368)
	at org.apache.ratis.netty.server.NettyRpcService.appendEntries(NettyRpcService.java:349)
	at org.apache.ratis.server.leader.LogAppenderDefault.sendAppendEntries(LogAppenderDefault.java:103)
	at org.apache.ratis.server.leader.LogAppenderDefault.sendAppendEntriesWithRetries(LogAppenderDefault.java:76)
	at org.apache.ratis.server.leader.LogAppenderDefault.run(LogAppenderDefault.java:168)
	at org.apache.ratis.server.leader.LogAppenderDaemon.run(LogAppenderDaemon.java:80)
	at java.lang.Thread.run(Thread.java:750)
2024-12-14 12:26:16,980 WARN  leader.LogAppender (LogAppenderDefault.java:sendAppendEntriesWithRetries(85)) - s11@group-9CE91F930A22->s1-LogAppenderDefault: Failed to appendEntries (retry=0)
org.apache.ratis.protocol.exceptions.AlreadyClosedException: s11 is already CLOSED
	at org.apache.ratis.util.PeerProxyMap$PeerAndProxy.getProxy(PeerProxyMap.java:67)
	at org.apache.ratis.util.PeerProxyMap.getProxy(PeerProxyMap.java:124)
	at org.apache.ratis.netty.server.NettyRpcService.sendRaftNettyServerRequestProto(NettyRpcService.java:368)
	at org.apache.ratis.netty.server.NettyRpcService.appendEntries(NettyRpcService.java:349)
	at org.apache.ratis.server.leader.LogAppenderDefault.sendAppendEntries(LogAppenderDefault.java:103)
	at org.apache.ratis.server.leader.LogAppenderDefault.sendAppendEntriesWithRetries(LogAppenderDefault.java:76)
	at org.apache.ratis.server.leader.LogAppenderDefault.run(LogAppenderDefault.java:168)
	at org.apache.ratis.server.leader.LogAppenderDaemon.run(LogAppenderDaemon.java:80)
	at java.lang.Thread.run(Thread.java:750)
2024-12-14 12:26:16,980 WARN  leader.LogAppender (LogAppenderDefault.java:sendAppendEntriesWithRetries(85)) - s11@group-9CE91F930A22->s6-LogAppenderDefault: Failed to appendEntries (retry=0)
org.apache.ratis.protocol.exceptions.AlreadyClosedException: s11 is already CLOSED
	at org.apache.ratis.util.PeerProxyMap$PeerAndProxy.getProxy(PeerProxyMap.java:67)
	at org.apache.ratis.util.PeerProxyMap.getProxy(PeerProxyMap.java:124)
	at org.apache.ratis.netty.server.NettyRpcService.sendRaftNettyServerRequestProto(NettyRpcService.java:368)
	at org.apache.ratis.netty.server.NettyRpcService.appendEntries(NettyRpcService.java:349)
	at org.apache.ratis.server.leader.LogAppenderDefault.sendAppendEntries(LogAppenderDefault.java:103)
	at org.apache.ratis.server.leader.LogAppenderDefault.sendAppendEntriesWithRetries(LogAppenderDefault.java:76)
	at org.apache.ratis.server.leader.LogAppenderDefault.run(LogAppenderDefault.java:168)
	at org.apache.ratis.server.leader.LogAppenderDaemon.run(LogAppenderDaemon.java:80)
	at java.lang.Thread.run(Thread.java:750)
2024-12-14 12:26:16,980 WARN  leader.LogAppender (LogAppenderDefault.java:sendAppendEntriesWithRetries(85)) - s11@group-9CE91F930A22->s14-LogAppenderDefault: Failed to appendEntries (retry=0)
org.apache.ratis.protocol.exceptions.AlreadyClosedException: s11 is already CLOSED
	at org.apache.ratis.util.PeerProxyMap$PeerAndProxy.getProxy(PeerProxyMap.java:67)
	at org.apache.ratis.util.PeerProxyMap.getProxy(PeerProxyMap.java:124)
	at org.apache.ratis.netty.server.NettyRpcService.sendRaftNettyServerRequestProto(NettyRpcService.java:368)
	at org.apache.ratis.netty.server.NettyRpcService.appendEntries(NettyRpcService.java:349)
	at org.apache.ratis.server.leader.LogAppenderDefault.sendAppendEntries(LogAppenderDefault.java:103)
	at org.apache.ratis.server.leader.LogAppenderDefault.sendAppendEntriesWithRetries(LogAppenderDefault.java:76)
	at org.apache.ratis.server.leader.LogAppenderDefault.run(LogAppenderDefault.java:168)
	at org.apache.ratis.server.leader.LogAppenderDaemon.run(LogAppenderDaemon.java:80)
	at java.lang.Thread.run(Thread.java:750)
2024-12-14 12:26:16,980 WARN  leader.LogAppender (LogAppenderDefault.java:sendAppendEntriesWithRetries(85)) - s11@group-9CE91F930A22->s12-LogAppenderDefault: Failed to appendEntries (retry=0)
org.apache.ratis.protocol.exceptions.AlreadyClosedException: s11 is already CLOSED
	at org.apache.ratis.util.PeerProxyMap$PeerAndProxy.getProxy(PeerProxyMap.java:67)
	at org.apache.ratis.util.PeerProxyMap.getProxy(PeerProxyMap.java:124)
	at org.apache.ratis.netty.server.NettyRpcService.sendRaftNettyServerRequestProto(NettyRpcService.java:368)
	at org.apache.ratis.netty.server.NettyRpcService.appendEntries(NettyRpcService.java:349)
	at org.apache.ratis.server.leader.LogAppenderDefault.sendAppendEntries(LogAppenderDefault.java:103)
	at org.apache.ratis.server.leader.LogAppenderDefault.sendAppendEntriesWithRetries(LogAppenderDefault.java:76)
	at org.apache.ratis.server.leader.LogAppenderDefault.run(LogAppenderDefault.java:168)
	at org.apache.ratis.server.leader.LogAppenderDaemon.run(LogAppenderDaemon.java:80)
	at java.lang.Thread.run(Thread.java:750)
2024-12-14 12:26:16,981 INFO  impl.StateMachineUpdater (StateMachineUpdater.java:stop(141)) - s1@group-0A0C1A18FF69-StateMachineUpdater: closing ArithmeticStateMachine, lastApplied=(t:0, i:~)
2024-12-14 12:26:16,987 INFO  impl.StateMachineUpdater (StateMachineUpdater.java:stopAndJoin(164)) - s7@group-9CE91F930A22-StateMachineUpdater: set stopIndex = 251
2024-12-14 12:26:16,987 INFO  impl.StateMachineUpdater (StateMachineUpdater.java:stopAndJoin(164)) - s5@group-9CE91F930A22-StateMachineUpdater: set stopIndex = 251
2024-12-14 12:26:16,987 INFO  impl.StateMachineUpdater (StateMachineUpdater.java:stop(141)) - s7@group-9CE91F930A22-StateMachineUpdater: closing ArithmeticStateMachine, lastApplied=(t:1, i:251)
2024-12-14 12:26:16,988 INFO  impl.FollowerState (FollowerState.java:runImpl(170)) - s5@group-9CE91F930A22-FollowerState was interrupted
2024-12-14 12:26:16,988 INFO  impl.StateMachineUpdater (StateMachineUpdater.java:stopAndJoin(164)) - s12@group-0A0C1A18FF69-StateMachineUpdater: set stopIndex = -1
2024-12-14 12:26:16,988 INFO  raftlog.RaftLog (SegmentedRaftLog.java:close(568)) - Start closing s12@group-0A0C1A18FF69-SegmentedRaftLog:OPENED:c-1:lastnull
2024-12-14 12:26:16,988 INFO  impl.StateMachineUpdater (StateMachineUpdater.java:stop(141)) - s5@group-9CE91F930A22-StateMachineUpdater: closing ArithmeticStateMachine, lastApplied=(t:1, i:251)
2024-12-14 12:26:16,988 INFO  raftlog.RaftLog (SegmentedRaftLog.java:close(568)) - Start closing s5@group-9CE91F930A22-SegmentedRaftLog:OPENED:c251:last(t:1, i:252)
2024-12-14 12:26:16,988 INFO  raftlog.RaftLog (SegmentedRaftLog.java:close(568)) - Start closing s7@group-9CE91F930A22-SegmentedRaftLog:OPENED:c251:last(t:1, i:252)
2024-12-14 12:26:16,990 INFO  impl.StateMachineUpdater (StateMachineUpdater.java:stopAndJoin(164)) - s1@group-0A0C1A18FF69-StateMachineUpdater: set stopIndex = -1
2024-12-14 12:26:16,990 INFO  raftlog.RaftLog (SegmentedRaftLog.java:close(568)) - Start closing s1@group-0A0C1A18FF69-SegmentedRaftLog:OPENED:c-1:lastnull
2024-12-14 12:26:16,990 INFO  server.RaftServer$Division (RaftServerImpl.java:lambda$close$1(514)) - s14@group-9CE91F930A22: shutdown
2024-12-14 12:26:16,990 INFO  util.JmxRegister (JmxRegister.java:unregister(74)) - Successfully un-registered JMX Bean with object name Ratis:service=RaftServer,group=group-9CE91F930A22,id=s14
2024-12-14 12:26:16,990 INFO  impl.RoleInfo (RoleInfo.java:shutdownFollowerState(121)) - s14: shutdown s14@group-9CE91F930A22-FollowerState
2024-12-14 12:26:16,990 INFO  impl.StateMachineUpdater (StateMachineUpdater.java:stopAndJoin(164)) - s14@group-9CE91F930A22-StateMachineUpdater: set stopIndex = 251
2024-12-14 12:26:16,990 INFO  util.AwaitToRun (AwaitToRun.java:run(49)) - s1@group-0A0C1A18FF69-cacheEviction-AwaitToRun-AwaitForSignal is interrupted
2024-12-14 12:26:16,990 INFO  impl.StateMachineUpdater (StateMachineUpdater.java:stop(141)) - s14@group-9CE91F930A22-StateMachineUpdater: closing ArithmeticStateMachine, lastApplied=(t:1, i:251)
2024-12-14 12:26:16,991 INFO  impl.FollowerState (FollowerState.java:runImpl(170)) - s14@group-9CE91F930A22-FollowerState was interrupted
2024-12-14 12:26:16,991 INFO  raftlog.RaftLog (SegmentedRaftLog.java:close(568)) - Start closing s14@group-9CE91F930A22-SegmentedRaftLog:OPENED:c251:last(t:1, i:252)
2024-12-14 12:26:16,991 INFO  util.AwaitToRun (AwaitToRun.java:run(49)) - s14@group-9CE91F930A22-cacheEviction-AwaitToRun-AwaitForSignal is interrupted
2024-12-14 12:26:16,992 INFO  server.RaftServer$Division (RaftServerImpl.java:lambda$close$1(514)) - s12@group-9CE91F930A22: shutdown
2024-12-14 12:26:16,992 INFO  logging.LoggingHandler (AbstractInternalLogger.java:log(148)) - [id: 0x9c1272d1, L:/0.0.0.0:15027] CLOSE
2024-12-14 12:26:16,992 INFO  util.JmxRegister (JmxRegister.java:unregister(74)) - Successfully un-registered JMX Bean with object name Ratis:service=RaftServer,group=group-9CE91F930A22,id=s12
2024-12-14 12:26:16,992 INFO  impl.RoleInfo (RoleInfo.java:shutdownFollowerState(121)) - s12: shutdown s12@group-9CE91F930A22-FollowerState
2024-12-14 12:26:16,992 INFO  impl.FollowerState (FollowerState.java:runImpl(170)) - s12@group-9CE91F930A22-FollowerState was interrupted
2024-12-14 12:26:16,992 INFO  logging.LoggingHandler (AbstractInternalLogger.java:log(148)) - [id: 0x9c1272d1, L:/0.0.0.0:15027] INACTIVE
2024-12-14 12:26:16,993 INFO  logging.LoggingHandler (AbstractInternalLogger.java:log(148)) - [id: 0x9c1272d1, L:/0.0.0.0:15027] UNREGISTERED
2024-12-14 12:26:16,993 INFO  segmented.LogSegment (LogSegment.java:close(349)) - Successfully closed EntryCache-log_inprogress_0
2024-12-14 12:26:16,994 INFO  impl.StateMachineUpdater (StateMachineUpdater.java:stopAndJoin(164)) - s12@group-9CE91F930A22-StateMachineUpdater: set stopIndex = 251
2024-12-14 12:26:16,995 INFO  impl.StateMachineUpdater (StateMachineUpdater.java:stop(141)) - s12@group-9CE91F930A22-StateMachineUpdater: closing ArithmeticStateMachine, lastApplied=(t:1, i:251)
2024-12-14 12:26:16,996 INFO  raftlog.RaftLog (SegmentedRaftLog.java:close(568)) - Start closing s12@group-9CE91F930A22-SegmentedRaftLog:OPENED:c251:last(t:1, i:252)
2024-12-14 12:26:16,996 INFO  util.AwaitToRun (AwaitToRun.java:run(49)) - s12@group-9CE91F930A22-cacheEviction-AwaitToRun-AwaitForSignal is interrupted
2024-12-14 12:26:16,996 INFO  segmented.LogSegment (LogSegment.java:close(349)) - Successfully closed EntryCache-log_inprogress_0
2024-12-14 12:26:16,996 INFO  util.AwaitToRun (AwaitToRun.java:run(49)) - s7@group-9CE91F930A22-cacheEviction-AwaitToRun-AwaitForSignal is interrupted
2024-12-14 12:26:16,997 INFO  util.AwaitToRun (AwaitToRun.java:run(49)) - s5@group-9CE91F930A22-cacheEviction-AwaitToRun-AwaitForSignal is interrupted
2024-12-14 12:26:16,997 INFO  segmented.LogSegment (LogSegment.java:close(349)) - Successfully closed EntryCache-log_inprogress_0
2024-12-14 12:26:16,997 INFO  segmented.LogSegment (LogSegment.java:close(349)) - Successfully closed EntryCache-log_inprogress_0
2024-12-14 12:26:16,998 INFO  util.AwaitToRun (AwaitToRun.java:run(49)) - s12@group-0A0C1A18FF69-cacheEviction-AwaitToRun-AwaitForSignal is interrupted
2024-12-14 12:26:17,001 INFO  impl.StateMachineUpdater (StateMachineUpdater.java:stop(141)) - s6@group-0A0C1A18FF69-StateMachineUpdater: closing ArithmeticStateMachine, lastApplied=(t:0, i:~)
2024-12-14 12:26:17,004 INFO  impl.FollowerState (FollowerState.java:shouldRun(122)) - s8@group-9CE91F930A22-FollowerState: Stopping now (isRunning? false, role = FOLLOWER)
2024-12-14 12:26:17,017 INFO  util.AwaitToRun (AwaitToRun.java:run(49)) - s0@group-9CE91F930A22-cacheEviction-AwaitToRun-AwaitForSignal is interrupted
2024-12-14 12:26:17,018 INFO  util.AwaitToRun (AwaitToRun.java:run(49)) - s2@group-9CE91F930A22-cacheEviction-AwaitToRun-AwaitForSignal is interrupted
2024-12-14 12:26:17,018 INFO  segmented.LogSegment (LogSegment.java:close(349)) - Successfully closed EntryCache-log_inprogress_0
2024-12-14 12:26:17,018 INFO  util.AwaitToRun (AwaitToRun.java:run(49)) - s2@group-0A0C1A18FF69-cacheEviction-AwaitToRun-AwaitForSignal is interrupted
2024-12-14 12:26:17,018 INFO  segmented.LogSegment (LogSegment.java:close(349)) - Successfully closed EntryCache-log_inprogress_0
2024-12-14 12:26:17,021 INFO  util.AwaitToRun (AwaitToRun.java:run(49)) - s1@group-9CE91F930A22-cacheEviction-AwaitToRun-AwaitForSignal is interrupted
2024-12-14 12:26:17,021 INFO  segmented.LogSegment (LogSegment.java:close(349)) - Successfully closed EntryCache-log_inprogress_0
2024-12-14 12:26:17,041 INFO  util.AwaitToRun (AwaitToRun.java:run(49)) - s13@group-0A0C1A18FF69-cacheEviction-AwaitToRun-AwaitForSignal is interrupted
2024-12-14 12:26:17,041 INFO  util.AwaitToRun (AwaitToRun.java:run(49)) - s8@group-0A0C1A18FF69-cacheEviction-AwaitToRun-AwaitForSignal is interrupted
2024-12-14 12:26:17,041 INFO  util.AwaitToRun (AwaitToRun.java:run(49)) - s9@group-0A0C1A18FF69-cacheEviction-AwaitToRun-AwaitForSignal is interrupted
2024-12-14 12:26:17,041 INFO  util.AwaitToRun (AwaitToRun.java:run(49)) - s10@group-9CE91F930A22-cacheEviction-AwaitToRun-AwaitForSignal is interrupted
2024-12-14 12:26:17,042 INFO  segmented.LogSegment (LogSegment.java:close(349)) - Successfully closed EntryCache-log_inprogress_0
2024-12-14 12:26:17,042 INFO  util.AwaitToRun (AwaitToRun.java:run(49)) - s7@group-0A0C1A18FF69-cacheEviction-AwaitToRun-AwaitForSignal is interrupted
2024-12-14 12:26:17,043 INFO  leader.LogAppenderDaemon (LogAppenderDaemon.java:run(85)) - s11@group-9CE91F930A22->s10-LogAppenderDefault-LogAppenderDaemon was interrupted: java.lang.InterruptedException
2024-12-14 12:26:17,043 INFO  impl.PendingRequests (PendingRequests.java:sendNotLeaderResponses(287)) - s11@group-9CE91F930A22-PendingRequests: sendNotLeaderResponses
2024-12-14 12:26:17,043 INFO  leader.LogAppenderDaemon (LogAppenderDaemon.java:run(85)) - s11@group-9CE91F930A22->s12-LogAppenderDefault-LogAppenderDaemon was interrupted: java.lang.InterruptedException
2024-12-14 12:26:17,043 INFO  leader.LogAppenderDaemon (LogAppenderDaemon.java:run(85)) - s11@group-9CE91F930A22->s0-LogAppenderDefault-LogAppenderDaemon was interrupted: java.lang.InterruptedException
2024-12-14 12:26:17,043 INFO  leader.LogAppenderDaemon (LogAppenderDaemon.java:run(85)) - s11@group-9CE91F930A22->s9-LogAppenderDefault-LogAppenderDaemon was interrupted: java.lang.InterruptedException
2024-12-14 12:26:17,043 INFO  leader.LogAppenderDaemon (LogAppenderDaemon.java:run(85)) - s11@group-9CE91F930A22->s1-LogAppenderDefault-LogAppenderDaemon was interrupted: java.lang.InterruptedException
2024-12-14 12:26:17,043 INFO  leader.LogAppenderDaemon (LogAppenderDaemon.java:run(85)) - s11@group-9CE91F930A22->s3-LogAppenderDefault-LogAppenderDaemon was interrupted: java.lang.InterruptedException
2024-12-14 12:26:17,044 INFO  leader.LogAppenderDaemon (LogAppenderDaemon.java:run(85)) - s11@group-9CE91F930A22->s14-LogAppenderDefault-LogAppenderDaemon was interrupted: java.lang.InterruptedException
2024-12-14 12:26:17,044 INFO  leader.LogAppenderDaemon (LogAppenderDaemon.java:run(85)) - s11@group-9CE91F930A22->s2-LogAppenderDefault-LogAppenderDaemon was interrupted: java.lang.InterruptedException
2024-12-14 12:26:17,044 INFO  leader.LogAppenderDaemon (LogAppenderDaemon.java:run(85)) - s11@group-9CE91F930A22->s4-LogAppenderDefault-LogAppenderDaemon was interrupted: java.lang.InterruptedException
2024-12-14 12:26:17,044 INFO  leader.LogAppenderDaemon (LogAppenderDaemon.java:run(85)) - s11@group-9CE91F930A22->s5-LogAppenderDefault-LogAppenderDaemon was interrupted: java.lang.InterruptedException
2024-12-14 12:26:17,044 INFO  leader.LogAppenderDaemon (LogAppenderDaemon.java:run(85)) - s11@group-9CE91F930A22->s6-LogAppenderDefault-LogAppenderDaemon was interrupted: java.lang.InterruptedException
2024-12-14 12:26:17,044 INFO  leader.LogAppenderDaemon (LogAppenderDaemon.java:run(85)) - s11@group-9CE91F930A22->s7-LogAppenderDefault-LogAppenderDaemon was interrupted: java.lang.InterruptedException
2024-12-14 12:26:17,044 INFO  leader.LogAppenderDaemon (LogAppenderDaemon.java:run(85)) - s11@group-9CE91F930A22->s8-LogAppenderDefault-LogAppenderDaemon was interrupted: java.lang.InterruptedException
2024-12-14 12:26:17,044 INFO  util.AwaitToRun (AwaitToRun.java:run(49)) - s0@group-0A0C1A18FF69-cacheEviction-AwaitToRun-AwaitForSignal is interrupted
2024-12-14 12:26:17,053 INFO  util.AwaitToRun (AwaitToRun.java:run(49)) - s9@group-9CE91F930A22-cacheEviction-AwaitToRun-AwaitForSignal is interrupted
2024-12-14 12:26:17,053 INFO  util.AwaitToRun (AwaitToRun.java:run(49)) - s13@group-9CE91F930A22-cacheEviction-AwaitToRun-AwaitForSignal is interrupted
2024-12-14 12:26:17,054 INFO  segmented.LogSegment (LogSegment.java:close(349)) - Successfully closed EntryCache-log_inprogress_0
2024-12-14 12:26:17,054 INFO  impl.StateMachineUpdater (StateMachineUpdater.java:stopAndJoin(164)) - s8@group-9CE91F930A22-StateMachineUpdater: set stopIndex = 251
2024-12-14 12:26:17,054 INFO  segmented.LogSegment (LogSegment.java:close(349)) - Successfully closed EntryCache-log_inprogress_0
2024-12-14 12:26:17,054 INFO  impl.StateMachineUpdater (StateMachineUpdater.java:stopAndJoin(164)) - s6@group-0A0C1A18FF69-StateMachineUpdater: set stopIndex = -1
2024-12-14 12:26:17,054 INFO  raftlog.RaftLog (SegmentedRaftLog.java:close(568)) - Start closing s6@group-0A0C1A18FF69-SegmentedRaftLog:OPENED:c-1:lastnull
2024-12-14 12:26:17,054 INFO  util.AwaitToRun (AwaitToRun.java:run(49)) - s6@group-0A0C1A18FF69-cacheEviction-AwaitToRun-AwaitForSignal is interrupted
2024-12-14 12:26:17,054 INFO  impl.StateMachineUpdater (StateMachineUpdater.java:stop(141)) - s8@group-9CE91F930A22-StateMachineUpdater: closing ArithmeticStateMachine, lastApplied=(t:1, i:251)
2024-12-14 12:26:17,055 INFO  logging.LoggingHandler (AbstractInternalLogger.java:log(148)) - [id: 0xc03d2d0e, L:/0.0.0.0:15021] CLOSE
2024-12-14 12:26:17,055 INFO  server.RaftServer$Division (RaftServerImpl.java:lambda$close$1(514)) - s6@group-9CE91F930A22: shutdown
2024-12-14 12:26:17,055 INFO  logging.LoggingHandler (AbstractInternalLogger.java:log(148)) - [id: 0xc03d2d0e, L:/0.0.0.0:15021] INACTIVE
2024-12-14 12:26:17,055 INFO  logging.LoggingHandler (AbstractInternalLogger.java:log(148)) - [id: 0xc03d2d0e, L:/0.0.0.0:15021] UNREGISTERED
2024-12-14 12:26:17,055 INFO  util.JmxRegister (JmxRegister.java:unregister(74)) - Successfully un-registered JMX Bean with object name Ratis:service=RaftServer,group=group-9CE91F930A22,id=s6
2024-12-14 12:26:17,055 INFO  impl.RoleInfo (RoleInfo.java:shutdownFollowerState(121)) - s6: shutdown s6@group-9CE91F930A22-FollowerState
2024-12-14 12:26:17,055 INFO  raftlog.RaftLog (SegmentedRaftLog.java:close(568)) - Start closing s8@group-9CE91F930A22-SegmentedRaftLog:OPENED:c251:last(t:1, i:252)
2024-12-14 12:26:17,123 INFO  impl.StateMachineUpdater (StateMachineUpdater.java:stopAndJoin(164)) - s11@group-9CE91F930A22-StateMachineUpdater: set stopIndex = 252
2024-12-14 12:26:17,124 INFO  impl.StateMachineUpdater (StateMachineUpdater.java:stop(141)) - s11@group-9CE91F930A22-StateMachineUpdater: closing ArithmeticStateMachine, lastApplied=(t:1, i:252)
2024-12-14 12:26:17,124 INFO  raftlog.RaftLog (SegmentedRaftLog.java:close(568)) - Start closing s11@group-9CE91F930A22-SegmentedRaftLog:OPENED:c252:last(t:1, i:252)
2024-12-14 12:26:17,124 INFO  util.AwaitToRun (AwaitToRun.java:run(49)) - s11@group-9CE91F930A22-cacheEviction-AwaitToRun-AwaitForSignal is interrupted
2024-12-14 12:26:17,124 INFO  segmented.LogSegment (LogSegment.java:close(349)) - Successfully closed EntryCache-log_inprogress_0
2024-12-14 12:26:17,153 INFO  util.AwaitToRun (AwaitToRun.java:run(49)) - s8@group-9CE91F930A22-cacheEviction-AwaitToRun-AwaitForSignal is interrupted
2024-12-14 12:26:17,153 INFO  impl.StateMachineUpdater (StateMachineUpdater.java:stopAndJoin(164)) - s6@group-9CE91F930A22-StateMachineUpdater: set stopIndex = 251
2024-12-14 12:26:17,153 INFO  impl.StateMachineUpdater (StateMachineUpdater.java:stop(141)) - s6@group-9CE91F930A22-StateMachineUpdater: closing ArithmeticStateMachine, lastApplied=(t:1, i:251)
2024-12-14 12:26:17,153 INFO  impl.FollowerState (FollowerState.java:runImpl(170)) - s6@group-9CE91F930A22-FollowerState was interrupted
2024-12-14 12:26:17,153 INFO  raftlog.RaftLog (SegmentedRaftLog.java:close(568)) - Start closing s6@group-9CE91F930A22-SegmentedRaftLog:OPENED:c251:last(t:1, i:252)
2024-12-14 12:26:17,153 INFO  segmented.LogSegment (LogSegment.java:close(349)) - Successfully closed EntryCache-log_inprogress_0
2024-12-14 12:26:17,163 INFO  util.AwaitToRun (AwaitToRun.java:run(49)) - s6@group-9CE91F930A22-cacheEviction-AwaitToRun-AwaitForSignal is interrupted
2024-12-14 12:26:17,163 INFO  segmented.LogSegment (LogSegment.java:close(349)) - Successfully closed EntryCache-log_inprogress_0
2024-12-14 12:26:17,827 INFO  segmented.SegmentedRaftLogWorker (SegmentedRaftLogWorker.java:close(254)) - s11@group-9CE91F930A22-SegmentedRaftLogWorker close()
2024-12-14 12:26:17,828 INFO  segmented.SegmentedRaftLogWorker (SegmentedRaftLogWorker.java:close(254)) - s4@group-9CE91F930A22-SegmentedRaftLogWorker close()
2024-12-14 12:26:17,828 INFO  raftlog.RaftLog (SegmentedRaftLog.java:close(576)) - Successfully closed s11@group-9CE91F930A22-SegmentedRaftLog:CLOSED:c252
2024-12-14 12:26:17,830 INFO  segmented.SegmentedRaftLogWorker (SegmentedRaftLogWorker.java:close(254)) - s5@group-9CE91F930A22-SegmentedRaftLogWorker close()
2024-12-14 12:26:17,831 INFO  segmented.SegmentedRaftLogWorker (SegmentedRaftLogWorker.java:close(254)) - s12@group-9CE91F930A22-SegmentedRaftLogWorker close()
2024-12-14 12:26:17,830 INFO  segmented.SegmentedRaftLogWorker (SegmentedRaftLogWorker.java:close(254)) - s3@group-9CE91F930A22-SegmentedRaftLogWorker close()
2024-12-14 12:26:17,830 INFO  segmented.SegmentedRaftLogWorker (SegmentedRaftLogWorker.java:close(254)) - s2@group-9CE91F930A22-SegmentedRaftLogWorker close()
2024-12-14 12:26:17,830 INFO  segmented.SegmentedRaftLogWorker (SegmentedRaftLogWorker.java:close(254)) - s13@group-9CE91F930A22-SegmentedRaftLogWorker close()
2024-12-14 12:26:17,832 INFO  segmented.SegmentedRaftLogWorker (SegmentedRaftLogWorker.java:close(254)) - s3@group-0A0C1A18FF69-SegmentedRaftLogWorker close()
2024-12-14 12:26:17,832 INFO  raftlog.RaftLog (SegmentedRaftLog.java:close(576)) - Successfully closed s3@group-0A0C1A18FF69-SegmentedRaftLog:CLOSED:c-1
2024-12-14 12:26:17,832 INFO  segmented.SegmentedRaftLogWorker (SegmentedRaftLogWorker.java:close(254)) - s7@group-9CE91F930A22-SegmentedRaftLogWorker close()
2024-12-14 12:26:17,833 INFO  segmented.SegmentedRaftLogWorker (SegmentedRaftLogWorker.java:close(254)) - s10@group-9CE91F930A22-SegmentedRaftLogWorker close()
2024-12-14 12:26:17,829 INFO  segmented.SegmentedRaftLogWorker (SegmentedRaftLogWorker.java:close(254)) - s14@group-9CE91F930A22-SegmentedRaftLogWorker close()
2024-12-14 12:26:17,829 INFO  segmented.SegmentedRaftLogWorker (SegmentedRaftLogWorker.java:close(254)) - s0@group-9CE91F930A22-SegmentedRaftLogWorker close()
2024-12-14 12:26:17,828 INFO  raftlog.RaftLog (SegmentedRaftLog.java:close(576)) - Successfully closed s4@group-9CE91F930A22-SegmentedRaftLog:CLOSED:c251
2024-12-14 12:26:17,834 INFO  segmented.SegmentedRaftLogWorker (SegmentedRaftLogWorker.java:close(254)) - s6@group-9CE91F930A22-SegmentedRaftLogWorker close()
2024-12-14 12:26:17,834 INFO  segmented.SegmentedRaftLogWorker (SegmentedRaftLogWorker.java:close(254)) - s8@group-9CE91F930A22-SegmentedRaftLogWorker close()
2024-12-14 12:26:17,831 INFO  segmented.SegmentedRaftLogWorker (SegmentedRaftLogWorker.java:close(254)) - s1@group-9CE91F930A22-SegmentedRaftLogWorker close()
2024-12-14 12:26:17,831 INFO  raftlog.RaftLog (SegmentedRaftLog.java:close(576)) - Successfully closed s5@group-9CE91F930A22-SegmentedRaftLog:CLOSED:c251
2024-12-14 12:26:17,831 INFO  segmented.SegmentedRaftLogWorker (SegmentedRaftLogWorker.java:close(254)) - s9@group-9CE91F930A22-SegmentedRaftLogWorker close()
2024-12-14 12:26:17,840 INFO  raftlog.RaftLog (SegmentedRaftLog.java:close(576)) - Successfully closed s12@group-9CE91F930A22-SegmentedRaftLog:CLOSED:c251
2024-12-14 12:26:17,842 INFO  raftlog.RaftLog (SegmentedRaftLog.java:close(576)) - Successfully closed s3@group-9CE91F930A22-SegmentedRaftLog:CLOSED:c252
2024-12-14 12:26:17,843 INFO  raftlog.RaftLog (SegmentedRaftLog.java:close(576)) - Successfully closed s7@group-9CE91F930A22-SegmentedRaftLog:CLOSED:c251
2024-12-14 12:26:17,843 INFO  raftlog.RaftLog (SegmentedRaftLog.java:close(576)) - Successfully closed s0@group-9CE91F930A22-SegmentedRaftLog:CLOSED:c251
2024-12-14 12:26:17,843 INFO  raftlog.RaftLog (SegmentedRaftLog.java:close(576)) - Successfully closed s14@group-9CE91F930A22-SegmentedRaftLog:CLOSED:c251
2024-12-14 12:26:17,843 INFO  raftlog.RaftLog (SegmentedRaftLog.java:close(576)) - Successfully closed s10@group-9CE91F930A22-SegmentedRaftLog:CLOSED:c251
2024-12-14 12:26:17,843 INFO  raftlog.RaftLog (SegmentedRaftLog.java:close(576)) - Successfully closed s8@group-9CE91F930A22-SegmentedRaftLog:CLOSED:c251
2024-12-14 12:26:17,843 INFO  raftlog.RaftLog (SegmentedRaftLog.java:close(576)) - Successfully closed s9@group-9CE91F930A22-SegmentedRaftLog:CLOSED:c251
2024-12-14 12:26:17,843 INFO  raftlog.RaftLog (SegmentedRaftLog.java:close(576)) - Successfully closed s6@group-9CE91F930A22-SegmentedRaftLog:CLOSED:c251
2024-12-14 12:26:17,843 INFO  raftlog.RaftLog (SegmentedRaftLog.java:close(576)) - Successfully closed s13@group-9CE91F930A22-SegmentedRaftLog:CLOSED:c251
2024-12-14 12:26:17,843 INFO  raftlog.RaftLog (SegmentedRaftLog.java:close(576)) - Successfully closed s1@group-9CE91F930A22-SegmentedRaftLog:CLOSED:c251
2024-12-14 12:26:17,844 INFO  raftlog.RaftLog (SegmentedRaftLog.java:close(576)) - Successfully closed s2@group-9CE91F930A22-SegmentedRaftLog:CLOSED:c251
2024-12-14 12:26:17,852 INFO  segmented.SegmentedRaftLogWorker (SegmentedRaftLogWorker.java:close(254)) - s4@group-0A0C1A18FF69-SegmentedRaftLogWorker close()
2024-12-14 12:26:17,854 INFO  util.JvmPauseMonitor (JvmPauseMonitor.java:run(152)) - JvmPauseMonitor-s3: Stopped
2024-12-14 12:26:17,856 INFO  raftlog.RaftLog (SegmentedRaftLog.java:close(576)) - Successfully closed s4@group-0A0C1A18FF69-SegmentedRaftLog:CLOSED:c-1
2024-12-14 12:26:17,856 INFO  util.JvmPauseMonitor (JvmPauseMonitor.java:run(152)) - JvmPauseMonitor-s4: Stopped
2024-12-14 12:26:17,858 INFO  segmented.SegmentedRaftLogWorker (SegmentedRaftLogWorker.java:close(254)) - s5@group-0A0C1A18FF69-SegmentedRaftLogWorker close()
2024-12-14 12:26:17,858 INFO  raftlog.RaftLog (SegmentedRaftLog.java:close(576)) - Successfully closed s5@group-0A0C1A18FF69-SegmentedRaftLog:CLOSED:c-1
2024-12-14 12:26:17,859 INFO  util.JvmPauseMonitor (JvmPauseMonitor.java:run(152)) - JvmPauseMonitor-s5: Stopped
2024-12-14 12:26:17,866 INFO  segmented.SegmentedRaftLogWorker (SegmentedRaftLogWorker.java:close(254)) - s6@group-0A0C1A18FF69-SegmentedRaftLogWorker close()
2024-12-14 12:26:17,866 INFO  raftlog.RaftLog (SegmentedRaftLog.java:close(576)) - Successfully closed s6@group-0A0C1A18FF69-SegmentedRaftLog:CLOSED:c-1
2024-12-14 12:26:17,866 INFO  util.JvmPauseMonitor (JvmPauseMonitor.java:run(152)) - JvmPauseMonitor-s6: Stopped
2024-12-14 12:26:17,869 WARN  impl.MiniRaftCluster (MiniRaftCluster.java:shutdown(872)) - 1/30: Not yet able to shutdown executor, will wait again ...
2024-12-14 12:26:17,875 INFO  segmented.SegmentedRaftLogWorker (SegmentedRaftLogWorker.java:close(254)) - s7@group-0A0C1A18FF69-SegmentedRaftLogWorker close()
2024-12-14 12:26:17,875 INFO  raftlog.RaftLog (SegmentedRaftLog.java:close(576)) - Successfully closed s7@group-0A0C1A18FF69-SegmentedRaftLog:CLOSED:c-1
2024-12-14 12:26:17,875 INFO  util.JvmPauseMonitor (JvmPauseMonitor.java:run(152)) - JvmPauseMonitor-s7: Stopped
2024-12-14 12:26:17,882 INFO  segmented.SegmentedRaftLogWorker (SegmentedRaftLogWorker.java:close(254)) - s8@group-0A0C1A18FF69-SegmentedRaftLogWorker close()
2024-12-14 12:26:17,882 INFO  raftlog.RaftLog (SegmentedRaftLog.java:close(576)) - Successfully closed s8@group-0A0C1A18FF69-SegmentedRaftLog:CLOSED:c-1
2024-12-14 12:26:17,882 INFO  util.JvmPauseMonitor (JvmPauseMonitor.java:run(152)) - JvmPauseMonitor-s8: Stopped
2024-12-14 12:26:17,896 INFO  segmented.SegmentedRaftLogWorker (SegmentedRaftLogWorker.java:close(254)) - s9@group-0A0C1A18FF69-SegmentedRaftLogWorker close()
2024-12-14 12:26:17,896 INFO  raftlog.RaftLog (SegmentedRaftLog.java:close(576)) - Successfully closed s9@group-0A0C1A18FF69-SegmentedRaftLog:CLOSED:c-1
2024-12-14 12:26:17,897 INFO  util.JvmPauseMonitor (JvmPauseMonitor.java:run(152)) - JvmPauseMonitor-s9: Stopped
2024-12-14 12:26:17,901 INFO  segmented.SegmentedRaftLogWorker (SegmentedRaftLogWorker.java:close(254)) - s11@group-0A0C1A18FF69-SegmentedRaftLogWorker close()
2024-12-14 12:26:17,901 INFO  raftlog.RaftLog (SegmentedRaftLog.java:close(576)) - Successfully closed s11@group-0A0C1A18FF69-SegmentedRaftLog:CLOSED:c-1
2024-12-14 12:26:17,901 INFO  util.JvmPauseMonitor (JvmPauseMonitor.java:run(152)) - JvmPauseMonitor-s11: Stopped
2024-12-14 12:26:17,908 INFO  segmented.SegmentedRaftLogWorker (SegmentedRaftLogWorker.java:close(254)) - s10@group-0A0C1A18FF69-SegmentedRaftLogWorker close()
2024-12-14 12:26:17,908 INFO  raftlog.RaftLog (SegmentedRaftLog.java:close(576)) - Successfully closed s10@group-0A0C1A18FF69-SegmentedRaftLog:CLOSED:c-1
2024-12-14 12:26:17,908 INFO  util.JvmPauseMonitor (JvmPauseMonitor.java:run(152)) - JvmPauseMonitor-s10: Stopped
2024-12-14 12:26:17,914 INFO  segmented.SegmentedRaftLogWorker (SegmentedRaftLogWorker.java:close(254)) - s13@group-0A0C1A18FF69-SegmentedRaftLogWorker close()
2024-12-14 12:26:17,914 INFO  raftlog.RaftLog (SegmentedRaftLog.java:close(576)) - Successfully closed s13@group-0A0C1A18FF69-SegmentedRaftLog:CLOSED:c-1
2024-12-14 12:26:17,914 INFO  util.JvmPauseMonitor (JvmPauseMonitor.java:run(152)) - JvmPauseMonitor-s13: Stopped
2024-12-14 12:26:17,920 INFO  segmented.SegmentedRaftLogWorker (SegmentedRaftLogWorker.java:close(254)) - s12@group-0A0C1A18FF69-SegmentedRaftLogWorker close()
2024-12-14 12:26:17,920 INFO  raftlog.RaftLog (SegmentedRaftLog.java:close(576)) - Successfully closed s12@group-0A0C1A18FF69-SegmentedRaftLog:CLOSED:c-1
2024-12-14 12:26:17,921 INFO  util.JvmPauseMonitor (JvmPauseMonitor.java:run(152)) - JvmPauseMonitor-s12: Stopped
2024-12-14 12:26:17,927 INFO  segmented.SegmentedRaftLogWorker (SegmentedRaftLogWorker.java:close(254)) - s14@group-0A0C1A18FF69-SegmentedRaftLogWorker close()
2024-12-14 12:26:17,927 INFO  raftlog.RaftLog (SegmentedRaftLog.java:close(576)) - Successfully closed s14@group-0A0C1A18FF69-SegmentedRaftLog:CLOSED:c-1
2024-12-14 12:26:17,927 INFO  util.JvmPauseMonitor (JvmPauseMonitor.java:run(152)) - JvmPauseMonitor-s14: Stopped
2024-12-14 12:26:17,933 INFO  segmented.SegmentedRaftLogWorker (SegmentedRaftLogWorker.java:close(254)) - s0@group-0A0C1A18FF69-SegmentedRaftLogWorker close()
2024-12-14 12:26:17,933 INFO  raftlog.RaftLog (SegmentedRaftLog.java:close(576)) - Successfully closed s0@group-0A0C1A18FF69-SegmentedRaftLog:CLOSED:c-1
2024-12-14 12:26:17,934 INFO  util.JvmPauseMonitor (JvmPauseMonitor.java:run(152)) - JvmPauseMonitor-s0: Stopped
2024-12-14 12:26:17,943 INFO  segmented.SegmentedRaftLogWorker (SegmentedRaftLogWorker.java:close(254)) - s1@group-0A0C1A18FF69-SegmentedRaftLogWorker close()
2024-12-14 12:26:17,943 INFO  raftlog.RaftLog (SegmentedRaftLog.java:close(576)) - Successfully closed s1@group-0A0C1A18FF69-SegmentedRaftLog:CLOSED:c-1
2024-12-14 12:26:17,943 INFO  util.JvmPauseMonitor (JvmPauseMonitor.java:run(152)) - JvmPauseMonitor-s1: Stopped
2024-12-14 12:26:17,949 INFO  segmented.SegmentedRaftLogWorker (SegmentedRaftLogWorker.java:close(254)) - s2@group-0A0C1A18FF69-SegmentedRaftLogWorker close()
2024-12-14 12:26:17,949 INFO  raftlog.RaftLog (SegmentedRaftLog.java:close(576)) - Successfully closed s2@group-0A0C1A18FF69-SegmentedRaftLog:CLOSED:c-1
2024-12-14 12:26:17,950 INFO  util.JvmPauseMonitor (JvmPauseMonitor.java:run(152)) - JvmPauseMonitor-s2: Stopped
2024-12-14 12:26:17,950 INFO  impl.MiniRaftCluster (MiniRaftCluster.java:shutdown(885)) - MiniRaftClusterWithNetty shutdown completed
2024-12-14 12:26:17,951 INFO  ratis.RaftTestUtil (RaftTestUtil.java:gc(596)) - gc 0
2024-12-14 12:26:18,187 WARN  util.ReferenceCountedLeakDetector (ReferenceCountedLeakDetector.java:logLeakMessage(167)) - LEAK: (class org.apache.ratis.proto.RaftProtos$LogEntryProto, count=1, value=term: 1
index: 219
stateMachineLogEntry {
  logData: "\001\001b\002@\272\274\000\000\000\000\000"
  clientId: "\250\365\177G\370\377H\331\264H8\347;\202\215\215"
  callId: 3131
}
)
2024-12-14 12:26:18,187 WARN  util.LeakDetector (LeakDetector.java:assertNoLeaks(171)) - 0/30) numLeaks == 1 > 0, will wait and retry ...
2024-12-14 12:26:19,188 WARN  util.ReferenceCountedLeakDetector (ReferenceCountedLeakDetector.java:logLeakMessage(167)) - LEAK: (class org.apache.ratis.proto.RaftProtos$LogEntryProto, count=1, value=term: 1
index: 219
stateMachineLogEntry {
  logData: "\001\001b\002@\272\274\000\000\000\000\000"
  clientId: "\250\365\177G\370\377H\331\264H8\347;\202\215\215"
  callId: 3131
}
)
2024-12-14 12:26:19,188 WARN  util.LeakDetector (LeakDetector.java:assertNoLeaks(171)) - 1/30) numLeaks == 1 > 0, will wait and retry ...
2024-12-14 12:26:20,188 WARN  util.ReferenceCountedLeakDetector (ReferenceCountedLeakDetector.java:logLeakMessage(167)) - LEAK: (class org.apache.ratis.proto.RaftProtos$LogEntryProto, count=1, value=term: 1
index: 219
stateMachineLogEntry {
  logData: "\001\001b\002@\272\274\000\000\000\000\000"
  clientId: "\250\365\177G\370\377H\331\264H8\347;\202\215\215"
  callId: 3131
}
)
2024-12-14 12:26:20,189 WARN  util.LeakDetector (LeakDetector.java:assertNoLeaks(171)) - 2/30) numLeaks == 1 > 0, will wait and retry ...
2024-12-14 12:26:21,189 WARN  util.ReferenceCountedLeakDetector (ReferenceCountedLeakDetector.java:logLeakMessage(167)) - LEAK: (class org.apache.ratis.proto.RaftProtos$LogEntryProto, count=1, value=term: 1
index: 219
stateMachineLogEntry {
  logData: "\001\001b\002@\272\274\000\000\000\000\000"
  clientId: "\250\365\177G\370\377H\331\264H8\347;\202\215\215"
  callId: 3131
}
)
2024-12-14 12:26:21,189 WARN  util.LeakDetector (LeakDetector.java:assertNoLeaks(171)) - 3/30) numLeaks == 1 > 0, will wait and retry ...
2024-12-14 12:26:22,189 WARN  util.ReferenceCountedLeakDetector (ReferenceCountedLeakDetector.java:logLeakMessage(167)) - LEAK: (class org.apache.ratis.proto.RaftProtos$LogEntryProto, count=1, value=term: 1
index: 219
stateMachineLogEntry {
  logData: "\001\001b\002@\272\274\000\000\000\000\000"
  clientId: "\250\365\177G\370\377H\331\264H8\347;\202\215\215"
  callId: 3131
}
)
2024-12-14 12:26:22,190 WARN  util.LeakDetector (LeakDetector.java:assertNoLeaks(171)) - 4/30) numLeaks == 1 > 0, will wait and retry ...
2024-12-14 12:26:23,190 WARN  util.ReferenceCountedLeakDetector (ReferenceCountedLeakDetector.java:logLeakMessage(167)) - LEAK: (class org.apache.ratis.proto.RaftProtos$LogEntryProto, count=1, value=term: 1
index: 219
stateMachineLogEntry {
  logData: "\001\001b\002@\272\274\000\000\000\000\000"
  clientId: "\250\365\177G\370\377H\331\264H8\347;\202\215\215"
  callId: 3131
}
)
2024-12-14 12:26:23,190 WARN  util.LeakDetector (LeakDetector.java:assertNoLeaks(171)) - 5/30) numLeaks == 1 > 0, will wait and retry ...
2024-12-14 12:26:24,191 WARN  util.ReferenceCountedLeakDetector (ReferenceCountedLeakDetector.java:logLeakMessage(167)) - LEAK: (class org.apache.ratis.proto.RaftProtos$LogEntryProto, count=1, value=term: 1
index: 219
stateMachineLogEntry {
  logData: "\001\001b\002@\272\274\000\000\000\000\000"
  clientId: "\250\365\177G\370\377H\331\264H8\347;\202\215\215"
  callId: 3131
}
)
2024-12-14 12:26:24,191 WARN  util.LeakDetector (LeakDetector.java:assertNoLeaks(171)) - 6/30) numLeaks == 1 > 0, will wait and retry ...
2024-12-14 12:26:25,191 WARN  util.ReferenceCountedLeakDetector (ReferenceCountedLeakDetector.java:logLeakMessage(167)) - LEAK: (class org.apache.ratis.proto.RaftProtos$LogEntryProto, count=1, value=term: 1
index: 219
stateMachineLogEntry {
  logData: "\001\001b\002@\272\274\000\000\000\000\000"
  clientId: "\250\365\177G\370\377H\331\264H8\347;\202\215\215"
  callId: 3131
}
)
2024-12-14 12:26:25,192 WARN  util.LeakDetector (LeakDetector.java:assertNoLeaks(171)) - 7/30) numLeaks == 1 > 0, will wait and retry ...
2024-12-14 12:26:26,192 WARN  util.ReferenceCountedLeakDetector (ReferenceCountedLeakDetector.java:logLeakMessage(167)) - LEAK: (class org.apache.ratis.proto.RaftProtos$LogEntryProto, count=1, value=term: 1
index: 219
stateMachineLogEntry {
  logData: "\001\001b\002@\272\274\000\000\000\000\000"
  clientId: "\250\365\177G\370\377H\331\264H8\347;\202\215\215"
  callId: 3131
}
)
2024-12-14 12:26:26,192 WARN  util.LeakDetector (LeakDetector.java:assertNoLeaks(171)) - 8/30) numLeaks == 1 > 0, will wait and retry ...
2024-12-14 12:26:27,193 WARN  util.ReferenceCountedLeakDetector (ReferenceCountedLeakDetector.java:logLeakMessage(167)) - LEAK: (class org.apache.ratis.proto.RaftProtos$LogEntryProto, count=1, value=term: 1
index: 219
stateMachineLogEntry {
  logData: "\001\001b\002@\272\274\000\000\000\000\000"
  clientId: "\250\365\177G\370\377H\331\264H8\347;\202\215\215"
  callId: 3131
}
)
2024-12-14 12:26:27,193 WARN  util.LeakDetector (LeakDetector.java:assertNoLeaks(171)) - 9/30) numLeaks == 1 > 0, will wait and retry ...
2024-12-14 12:26:28,194 WARN  util.ReferenceCountedLeakDetector (ReferenceCountedLeakDetector.java:logLeakMessage(167)) - LEAK: (class org.apache.ratis.proto.RaftProtos$LogEntryProto, count=1, value=term: 1
index: 219
stateMachineLogEntry {
  logData: "\001\001b\002@\272\274\000\000\000\000\000"
  clientId: "\250\365\177G\370\377H\331\264H8\347;\202\215\215"
  callId: 3131
}
)
2024-12-14 12:26:28,194 WARN  util.LeakDetector (LeakDetector.java:assertNoLeaks(171)) - 10/30) numLeaks == 1 > 0, will wait and retry ...
2024-12-14 12:26:29,194 WARN  util.ReferenceCountedLeakDetector (ReferenceCountedLeakDetector.java:logLeakMessage(167)) - LEAK: (class org.apache.ratis.proto.RaftProtos$LogEntryProto, count=1, value=term: 1
index: 219
stateMachineLogEntry {
  logData: "\001\001b\002@\272\274\000\000\000\000\000"
  clientId: "\250\365\177G\370\377H\331\264H8\347;\202\215\215"
  callId: 3131
}
)
2024-12-14 12:26:29,195 WARN  util.LeakDetector (LeakDetector.java:assertNoLeaks(171)) - 11/30) numLeaks == 1 > 0, will wait and retry ...
2024-12-14 12:26:30,195 WARN  util.ReferenceCountedLeakDetector (ReferenceCountedLeakDetector.java:logLeakMessage(167)) - LEAK: (class org.apache.ratis.proto.RaftProtos$LogEntryProto, count=1, value=term: 1
index: 219
stateMachineLogEntry {
  logData: "\001\001b\002@\272\274\000\000\000\000\000"
  clientId: "\250\365\177G\370\377H\331\264H8\347;\202\215\215"
  callId: 3131
}
)
2024-12-14 12:26:30,195 WARN  util.LeakDetector (LeakDetector.java:assertNoLeaks(171)) - 12/30) numLeaks == 1 > 0, will wait and retry ...
2024-12-14 12:26:31,196 WARN  util.ReferenceCountedLeakDetector (ReferenceCountedLeakDetector.java:logLeakMessage(167)) - LEAK: (class org.apache.ratis.proto.RaftProtos$LogEntryProto, count=1, value=term: 1
index: 219
stateMachineLogEntry {
  logData: "\001\001b\002@\272\274\000\000\000\000\000"
  clientId: "\250\365\177G\370\377H\331\264H8\347;\202\215\215"
  callId: 3131
}
)
2024-12-14 12:26:31,196 WARN  util.LeakDetector (LeakDetector.java:assertNoLeaks(171)) - 13/30) numLeaks == 1 > 0, will wait and retry ...
2024-12-14 12:26:32,196 WARN  util.ReferenceCountedLeakDetector (ReferenceCountedLeakDetector.java:logLeakMessage(167)) - LEAK: (class org.apache.ratis.proto.RaftProtos$LogEntryProto, count=1, value=term: 1
index: 219
stateMachineLogEntry {
  logData: "\001\001b\002@\272\274\000\000\000\000\000"
  clientId: "\250\365\177G\370\377H\331\264H8\347;\202\215\215"
  callId: 3131
}
)
2024-12-14 12:26:32,197 WARN  util.LeakDetector (LeakDetector.java:assertNoLeaks(171)) - 14/30) numLeaks == 1 > 0, will wait and retry ...
2024-12-14 12:26:33,197 WARN  util.ReferenceCountedLeakDetector (ReferenceCountedLeakDetector.java:logLeakMessage(167)) - LEAK: (class org.apache.ratis.proto.RaftProtos$LogEntryProto, count=1, value=term: 1
index: 219
stateMachineLogEntry {
  logData: "\001\001b\002@\272\274\000\000\000\000\000"
  clientId: "\250\365\177G\370\377H\331\264H8\347;\202\215\215"
  callId: 3131
}
)
2024-12-14 12:26:33,197 WARN  util.LeakDetector (LeakDetector.java:assertNoLeaks(171)) - 15/30) numLeaks == 1 > 0, will wait and retry ...
2024-12-14 12:26:34,198 WARN  util.ReferenceCountedLeakDetector (ReferenceCountedLeakDetector.java:logLeakMessage(167)) - LEAK: (class org.apache.ratis.proto.RaftProtos$LogEntryProto, count=1, value=term: 1
index: 219
stateMachineLogEntry {
  logData: "\001\001b\002@\272\274\000\000\000\000\000"
  clientId: "\250\365\177G\370\377H\331\264H8\347;\202\215\215"
  callId: 3131
}
)
2024-12-14 12:26:34,198 WARN  util.LeakDetector (LeakDetector.java:assertNoLeaks(171)) - 16/30) numLeaks == 1 > 0, will wait and retry ...
2024-12-14 12:26:35,198 WARN  util.ReferenceCountedLeakDetector (ReferenceCountedLeakDetector.java:logLeakMessage(167)) - LEAK: (class org.apache.ratis.proto.RaftProtos$LogEntryProto, count=1, value=term: 1
index: 219
stateMachineLogEntry {
  logData: "\001\001b\002@\272\274\000\000\000\000\000"
  clientId: "\250\365\177G\370\377H\331\264H8\347;\202\215\215"
  callId: 3131
}
)
2024-12-14 12:26:35,198 WARN  util.LeakDetector (LeakDetector.java:assertNoLeaks(171)) - 17/30) numLeaks == 1 > 0, will wait and retry ...
2024-12-14 12:26:36,199 WARN  util.ReferenceCountedLeakDetector (ReferenceCountedLeakDetector.java:logLeakMessage(167)) - LEAK: (class org.apache.ratis.proto.RaftProtos$LogEntryProto, count=1, value=term: 1
index: 219
stateMachineLogEntry {
  logData: "\001\001b\002@\272\274\000\000\000\000\000"
  clientId: "\250\365\177G\370\377H\331\264H8\347;\202\215\215"
  callId: 3131
}
)
2024-12-14 12:26:36,199 WARN  util.LeakDetector (LeakDetector.java:assertNoLeaks(171)) - 18/30) numLeaks == 1 > 0, will wait and retry ...
2024-12-14 12:26:37,199 WARN  util.ReferenceCountedLeakDetector (ReferenceCountedLeakDetector.java:logLeakMessage(167)) - LEAK: (class org.apache.ratis.proto.RaftProtos$LogEntryProto, count=1, value=term: 1
index: 219
stateMachineLogEntry {
  logData: "\001\001b\002@\272\274\000\000\000\000\000"
  clientId: "\250\365\177G\370\377H\331\264H8\347;\202\215\215"
  callId: 3131
}
)
2024-12-14 12:26:37,200 WARN  util.LeakDetector (LeakDetector.java:assertNoLeaks(171)) - 19/30) numLeaks == 1 > 0, will wait and retry ...
2024-12-14 12:26:38,200 WARN  util.ReferenceCountedLeakDetector (ReferenceCountedLeakDetector.java:logLeakMessage(167)) - LEAK: (class org.apache.ratis.proto.RaftProtos$LogEntryProto, count=1, value=term: 1
index: 219
stateMachineLogEntry {
  logData: "\001\001b\002@\272\274\000\000\000\000\000"
  clientId: "\250\365\177G\370\377H\331\264H8\347;\202\215\215"
  callId: 3131
}
)
2024-12-14 12:26:38,200 WARN  util.LeakDetector (LeakDetector.java:assertNoLeaks(171)) - 20/30) numLeaks == 1 > 0, will wait and retry ...
2024-12-14 12:26:39,201 WARN  util.ReferenceCountedLeakDetector (ReferenceCountedLeakDetector.java:logLeakMessage(167)) - LEAK: (class org.apache.ratis.proto.RaftProtos$LogEntryProto, count=1, value=term: 1
index: 219
stateMachineLogEntry {
  logData: "\001\001b\002@\272\274\000\000\000\000\000"
  clientId: "\250\365\177G\370\377H\331\264H8\347;\202\215\215"
  callId: 3131
}
)
2024-12-14 12:26:39,201 WARN  util.LeakDetector (LeakDetector.java:assertNoLeaks(171)) - 21/30) numLeaks == 1 > 0, will wait and retry ...
2024-12-14 12:26:40,202 WARN  util.ReferenceCountedLeakDetector (ReferenceCountedLeakDetector.java:logLeakMessage(167)) - LEAK: (class org.apache.ratis.proto.RaftProtos$LogEntryProto, count=1, value=term: 1
index: 219
stateMachineLogEntry {
  logData: "\001\001b\002@\272\274\000\000\000\000\000"
  clientId: "\250\365\177G\370\377H\331\264H8\347;\202\215\215"
  callId: 3131
}
)
2024-12-14 12:26:40,202 WARN  util.LeakDetector (LeakDetector.java:assertNoLeaks(171)) - 22/30) numLeaks == 1 > 0, will wait and retry ...
2024-12-14 12:26:41,202 WARN  util.ReferenceCountedLeakDetector (ReferenceCountedLeakDetector.java:logLeakMessage(167)) - LEAK: (class org.apache.ratis.proto.RaftProtos$LogEntryProto, count=1, value=term: 1
index: 219
stateMachineLogEntry {
  logData: "\001\001b\002@\272\274\000\000\000\000\000"
  clientId: "\250\365\177G\370\377H\331\264H8\347;\202\215\215"
  callId: 3131
}
)
2024-12-14 12:26:41,203 WARN  util.LeakDetector (LeakDetector.java:assertNoLeaks(171)) - 23/30) numLeaks == 1 > 0, will wait and retry ...
2024-12-14 12:26:42,203 WARN  util.ReferenceCountedLeakDetector (ReferenceCountedLeakDetector.java:logLeakMessage(167)) - LEAK: (class org.apache.ratis.proto.RaftProtos$LogEntryProto, count=1, value=term: 1
index: 219
stateMachineLogEntry {
  logData: "\001\001b\002@\272\274\000\000\000\000\000"
  clientId: "\250\365\177G\370\377H\331\264H8\347;\202\215\215"
  callId: 3131
}
)
2024-12-14 12:26:42,203 WARN  util.LeakDetector (LeakDetector.java:assertNoLeaks(171)) - 24/30) numLeaks == 1 > 0, will wait and retry ...
2024-12-14 12:26:43,203 WARN  util.ReferenceCountedLeakDetector (ReferenceCountedLeakDetector.java:logLeakMessage(167)) - LEAK: (class org.apache.ratis.proto.RaftProtos$LogEntryProto, count=1, value=term: 1
index: 219
stateMachineLogEntry {
  logData: "\001\001b\002@\272\274\000\000\000\000\000"
  clientId: "\250\365\177G\370\377H\331\264H8\347;\202\215\215"
  callId: 3131
}
)
2024-12-14 12:26:43,204 WARN  util.LeakDetector (LeakDetector.java:assertNoLeaks(171)) - 25/30) numLeaks == 1 > 0, will wait and retry ...
2024-12-14 12:26:44,204 WARN  util.ReferenceCountedLeakDetector (ReferenceCountedLeakDetector.java:logLeakMessage(167)) - LEAK: (class org.apache.ratis.proto.RaftProtos$LogEntryProto, count=1, value=term: 1
index: 219
stateMachineLogEntry {
  logData: "\001\001b\002@\272\274\000\000\000\000\000"
  clientId: "\250\365\177G\370\377H\331\264H8\347;\202\215\215"
  callId: 3131
}
)
2024-12-14 12:26:44,205 WARN  util.LeakDetector (LeakDetector.java:assertNoLeaks(171)) - 26/30) numLeaks == 1 > 0, will wait and retry ...
2024-12-14 12:26:45,205 WARN  util.ReferenceCountedLeakDetector (ReferenceCountedLeakDetector.java:logLeakMessage(167)) - LEAK: (class org.apache.ratis.proto.RaftProtos$LogEntryProto, count=1, value=term: 1
index: 219
stateMachineLogEntry {
  logData: "\001\001b\002@\272\274\000\000\000\000\000"
  clientId: "\250\365\177G\370\377H\331\264H8\347;\202\215\215"
  callId: 3131
}
)
2024-12-14 12:26:45,205 WARN  util.LeakDetector (LeakDetector.java:assertNoLeaks(171)) - 27/30) numLeaks == 1 > 0, will wait and retry ...
2024-12-14 12:26:46,206 WARN  util.ReferenceCountedLeakDetector (ReferenceCountedLeakDetector.java:logLeakMessage(167)) - LEAK: (class org.apache.ratis.proto.RaftProtos$LogEntryProto, count=1, value=term: 1
index: 219
stateMachineLogEntry {
  logData: "\001\001b\002@\272\274\000\000\000\000\000"
  clientId: "\250\365\177G\370\377H\331\264H8\347;\202\215\215"
  callId: 3131
}
)
2024-12-14 12:26:46,206 WARN  util.LeakDetector (LeakDetector.java:assertNoLeaks(171)) - 28/30) numLeaks == 1 > 0, will wait and retry ...
2024-12-14 12:26:47,206 WARN  util.ReferenceCountedLeakDetector (ReferenceCountedLeakDetector.java:logLeakMessage(167)) - LEAK: (class org.apache.ratis.proto.RaftProtos$LogEntryProto, count=1, value=term: 1
index: 219
stateMachineLogEntry {
  logData: "\001\001b\002@\272\274\000\000\000\000\000"
  clientId: "\250\365\177G\370\377H\331\264H8\347;\202\215\215"
  callId: 3131
}
)
2024-12-14 12:26:47,207 WARN  util.LeakDetector (LeakDetector.java:assertNoLeaks(171)) - 29/30) numLeaks == 1 > 0, will wait and retry ...
2024-12-14 12:26:48,207 WARN  util.ReferenceCountedLeakDetector (ReferenceCountedLeakDetector.java:logLeakMessage(167)) - LEAK: (class org.apache.ratis.proto.RaftProtos$LogEntryProto, count=1, value=term: 1
index: 219
stateMachineLogEntry {
  logData: "\001\001b\002@\272\274\000\000\000\000\000"
  clientId: "\250\365\177G\370\377H\331\264H8\347;\202\215\215"
  callId: 3131
}
)
2024-12-14 12:26:48,208 INFO  impl.MiniRaftCluster (MiniRaftCluster.java:shutdown(847)) - ************************************************************** 
2024-12-14 12:26:48,208 INFO  impl.MiniRaftCluster (MiniRaftCluster.java:shutdown(848)) - *** 
2024-12-14 12:26:48,208 INFO  impl.MiniRaftCluster (MiniRaftCluster.java:shutdown(849)) - ***     Stopping MiniRaftClusterWithNetty
2024-12-14 12:26:48,208 INFO  impl.MiniRaftCluster (MiniRaftCluster.java:shutdown(850)) - *** 
2024-12-14 12:26:48,208 INFO  impl.MiniRaftCluster (MiniRaftCluster.java:shutdown(851)) - ************************************************************** 
2024-12-14 12:26:48,209 INFO  impl.MiniRaftCluster (MiniRaftCluster.java:shutdown(852)) - printing ALL groups
  s3:   CLOSED [
   FOLLOWER s3@group-0A0C1A18FF69:t0, leader=null, voted=, raftlog=Memoized:s3@group-0A0C1A18FF69-SegmentedRaftLog:CLOSED:c-1, conf=conf: {index: -1, cur=peers:[]|listeners:[], old=null} CLOSED
   FOLLOWER s3@group-9CE91F930A22:t1, leader=s11, voted=null, raftlog=Memoized:s3@group-9CE91F930A22-SegmentedRaftLog:CLOSED:c252, conf=conf: {index: 131, cur=peers:[s3|0.0.0.0:15018, s4|0.0.0.0:15019, s5|0.0.0.0:15020, s6|0.0.0.0:15021, s7|0.0.0.0:15022, s8|0.0.0.0:15023, s9|0.0.0.0:15024, s11|0.0.0.0:15026, s10|0.0.0.0:15025, s13|0.0.0.0:15028, s12|0.0.0.0:15027, s14|0.0.0.0:15029, s0|0.0.0.0:15015, s1|0.0.0.0:15016, s2|0.0.0.0:15017]|listeners:[], old=null} CLOSED] size=2
  s4:   CLOSED [
   FOLLOWER s4@group-0A0C1A18FF69:t0, leader=null, voted=, raftlog=Memoized:s4@group-0A0C1A18FF69-SegmentedRaftLog:CLOSED:c-1, conf=conf: {index: -1, cur=peers:[]|listeners:[], old=null} CLOSED
   FOLLOWER s4@group-9CE91F930A22:t1, leader=s11, voted=null, raftlog=Memoized:s4@group-9CE91F930A22-SegmentedRaftLog:CLOSED:c251, conf=conf: {index: 131, cur=peers:[s3|0.0.0.0:15018, s4|0.0.0.0:15019, s5|0.0.0.0:15020, s6|0.0.0.0:15021, s7|0.0.0.0:15022, s8|0.0.0.0:15023, s9|0.0.0.0:15024, s11|0.0.0.0:15026, s10|0.0.0.0:15025, s13|0.0.0.0:15028, s12|0.0.0.0:15027, s14|0.0.0.0:15029, s0|0.0.0.0:15015, s1|0.0.0.0:15016, s2|0.0.0.0:15017]|listeners:[], old=null} CLOSED] size=2
  s5:   CLOSED [
   FOLLOWER s5@group-0A0C1A18FF69:t0, leader=null, voted=, raftlog=Memoized:s5@group-0A0C1A18FF69-SegmentedRaftLog:CLOSED:c-1, conf=conf: {index: -1, cur=peers:[]|listeners:[], old=null} CLOSED
   FOLLOWER s5@group-9CE91F930A22:t1, leader=s11, voted=null, raftlog=Memoized:s5@group-9CE91F930A22-SegmentedRaftLog:CLOSED:c251, conf=conf: {index: 131, cur=peers:[s3|0.0.0.0:15018, s4|0.0.0.0:15019, s5|0.0.0.0:15020, s6|0.0.0.0:15021, s7|0.0.0.0:15022, s8|0.0.0.0:15023, s9|0.0.0.0:15024, s11|0.0.0.0:15026, s10|0.0.0.0:15025, s13|0.0.0.0:15028, s12|0.0.0.0:15027, s14|0.0.0.0:15029, s0|0.0.0.0:15015, s1|0.0.0.0:15016, s2|0.0.0.0:15017]|listeners:[], old=null} CLOSED] size=2
  s6:   CLOSED [
   FOLLOWER s6@group-0A0C1A18FF69:t0, leader=null, voted=, raftlog=Memoized:s6@group-0A0C1A18FF69-SegmentedRaftLog:CLOSED:c-1, conf=conf: {index: -1, cur=peers:[]|listeners:[], old=null} CLOSED
   FOLLOWER s6@group-9CE91F930A22:t1, leader=s11, voted=null, raftlog=Memoized:s6@group-9CE91F930A22-SegmentedRaftLog:CLOSED:c251, conf=conf: {index: 131, cur=peers:[s3|0.0.0.0:15018, s4|0.0.0.0:15019, s5|0.0.0.0:15020, s6|0.0.0.0:15021, s7|0.0.0.0:15022, s8|0.0.0.0:15023, s9|0.0.0.0:15024, s11|0.0.0.0:15026, s10|0.0.0.0:15025, s13|0.0.0.0:15028, s12|0.0.0.0:15027, s14|0.0.0.0:15029, s0|0.0.0.0:15015, s1|0.0.0.0:15016, s2|0.0.0.0:15017]|listeners:[], old=null} CLOSED] size=2
  s7:   CLOSED [
   FOLLOWER s7@group-0A0C1A18FF69:t0, leader=null, voted=, raftlog=Memoized:s7@group-0A0C1A18FF69-SegmentedRaftLog:CLOSED:c-1, conf=conf: {index: -1, cur=peers:[]|listeners:[], old=null} CLOSED
   FOLLOWER s7@group-9CE91F930A22:t1, leader=s11, voted=null, raftlog=Memoized:s7@group-9CE91F930A22-SegmentedRaftLog:CLOSED:c251, conf=conf: {index: 131, cur=peers:[s3|0.0.0.0:15018, s4|0.0.0.0:15019, s5|0.0.0.0:15020, s6|0.0.0.0:15021, s7|0.0.0.0:15022, s8|0.0.0.0:15023, s9|0.0.0.0:15024, s11|0.0.0.0:15026, s10|0.0.0.0:15025, s13|0.0.0.0:15028, s12|0.0.0.0:15027, s14|0.0.0.0:15029, s0|0.0.0.0:15015, s1|0.0.0.0:15016, s2|0.0.0.0:15017]|listeners:[], old=null} CLOSED] size=2
  s8:   CLOSED [
   FOLLOWER s8@group-0A0C1A18FF69:t0, leader=null, voted=, raftlog=Memoized:s8@group-0A0C1A18FF69-SegmentedRaftLog:CLOSED:c-1, conf=conf: {index: -1, cur=peers:[]|listeners:[], old=null} CLOSED
   FOLLOWER s8@group-9CE91F930A22:t1, leader=s11, voted=null, raftlog=Memoized:s8@group-9CE91F930A22-SegmentedRaftLog:CLOSED:c251, conf=conf: {index: 131, cur=peers:[s3|0.0.0.0:15018, s4|0.0.0.0:15019, s5|0.0.0.0:15020, s6|0.0.0.0:15021, s7|0.0.0.0:15022, s8|0.0.0.0:15023, s9|0.0.0.0:15024, s11|0.0.0.0:15026, s10|0.0.0.0:15025, s13|0.0.0.0:15028, s12|0.0.0.0:15027, s14|0.0.0.0:15029, s0|0.0.0.0:15015, s1|0.0.0.0:15016, s2|0.0.0.0:15017]|listeners:[], old=null} CLOSED] size=2
  s9:   CLOSED [
   FOLLOWER s9@group-0A0C1A18FF69:t0, leader=null, voted=, raftlog=Memoized:s9@group-0A0C1A18FF69-SegmentedRaftLog:CLOSED:c-1, conf=conf: {index: -1, cur=peers:[]|listeners:[], old=null} CLOSED
   FOLLOWER s9@group-9CE91F930A22:t1, leader=s11, voted=null, raftlog=Memoized:s9@group-9CE91F930A22-SegmentedRaftLog:CLOSED:c251, conf=conf: {index: 131, cur=peers:[s3|0.0.0.0:15018, s4|0.0.0.0:15019, s5|0.0.0.0:15020, s6|0.0.0.0:15021, s7|0.0.0.0:15022, s8|0.0.0.0:15023, s9|0.0.0.0:15024, s11|0.0.0.0:15026, s10|0.0.0.0:15025, s13|0.0.0.0:15028, s12|0.0.0.0:15027, s14|0.0.0.0:15029, s0|0.0.0.0:15015, s1|0.0.0.0:15016, s2|0.0.0.0:15017]|listeners:[], old=null} CLOSED] size=2
  s11:   CLOSED [
   FOLLOWER s11@group-0A0C1A18FF69:t0, leader=null, voted=, raftlog=Memoized:s11@group-0A0C1A18FF69-SegmentedRaftLog:CLOSED:c-1, conf=conf: {index: -1, cur=peers:[]|listeners:[], old=null} CLOSED
     LEADER s11@group-9CE91F930A22:t1, leader=s11, voted=s11, raftlog=Memoized:s11@group-9CE91F930A22-SegmentedRaftLog:CLOSED:c252, conf=conf: {index: 131, cur=peers:[s3|0.0.0.0:15018, s4|0.0.0.0:15019, s5|0.0.0.0:15020, s6|0.0.0.0:15021, s7|0.0.0.0:15022, s8|0.0.0.0:15023, s9|0.0.0.0:15024, s11|0.0.0.0:15026, s10|0.0.0.0:15025, s13|0.0.0.0:15028, s12|0.0.0.0:15027, s14|0.0.0.0:15029, s0|0.0.0.0:15015, s1|0.0.0.0:15016, s2|0.0.0.0:15017]|listeners:[], old=null} CLOSED] size=2
  s10:   CLOSED [
   FOLLOWER s10@group-0A0C1A18FF69:t0, leader=null, voted=, raftlog=Memoized:s10@group-0A0C1A18FF69-SegmentedRaftLog:CLOSED:c-1, conf=conf: {index: -1, cur=peers:[]|listeners:[], old=null} CLOSED
   FOLLOWER s10@group-9CE91F930A22:t1, leader=s11, voted=null, raftlog=Memoized:s10@group-9CE91F930A22-SegmentedRaftLog:CLOSED:c251, conf=conf: {index: 131, cur=peers:[s3|0.0.0.0:15018, s4|0.0.0.0:15019, s5|0.0.0.0:15020, s6|0.0.0.0:15021, s7|0.0.0.0:15022, s8|0.0.0.0:15023, s9|0.0.0.0:15024, s11|0.0.0.0:15026, s10|0.0.0.0:15025, s13|0.0.0.0:15028, s12|0.0.0.0:15027, s14|0.0.0.0:15029, s0|0.0.0.0:15015, s1|0.0.0.0:15016, s2|0.0.0.0:15017]|listeners:[], old=null} CLOSED] size=2
  s13:   CLOSED [
   FOLLOWER s13@group-0A0C1A18FF69:t0, leader=null, voted=, raftlog=Memoized:s13@group-0A0C1A18FF69-SegmentedRaftLog:CLOSED:c-1, conf=conf: {index: -1, cur=peers:[]|listeners:[], old=null} CLOSED
   FOLLOWER s13@group-9CE91F930A22:t1, leader=s11, voted=s11, raftlog=Memoized:s13@group-9CE91F930A22-SegmentedRaftLog:CLOSED:c251, conf=conf: {index: 131, cur=peers:[s3|0.0.0.0:15018, s4|0.0.0.0:15019, s5|0.0.0.0:15020, s6|0.0.0.0:15021, s7|0.0.0.0:15022, s8|0.0.0.0:15023, s9|0.0.0.0:15024, s11|0.0.0.0:15026, s10|0.0.0.0:15025, s13|0.0.0.0:15028, s12|0.0.0.0:15027, s14|0.0.0.0:15029, s0|0.0.0.0:15015, s1|0.0.0.0:15016, s2|0.0.0.0:15017]|listeners:[], old=null} CLOSED] size=2
  s12:   CLOSED [
   FOLLOWER s12@group-0A0C1A18FF69:t0, leader=null, voted=, raftlog=Memoized:s12@group-0A0C1A18FF69-SegmentedRaftLog:CLOSED:c-1, conf=conf: {index: -1, cur=peers:[]|listeners:[], old=null} CLOSED
   FOLLOWER s12@group-9CE91F930A22:t1, leader=s11, voted=s11, raftlog=Memoized:s12@group-9CE91F930A22-SegmentedRaftLog:CLOSED:c251, conf=conf: {index: 131, cur=peers:[s3|0.0.0.0:15018, s4|0.0.0.0:15019, s5|0.0.0.0:15020, s6|0.0.0.0:15021, s7|0.0.0.0:15022, s8|0.0.0.0:15023, s9|0.0.0.0:15024, s11|0.0.0.0:15026, s10|0.0.0.0:15025, s13|0.0.0.0:15028, s12|0.0.0.0:15027, s14|0.0.0.0:15029, s0|0.0.0.0:15015, s1|0.0.0.0:15016, s2|0.0.0.0:15017]|listeners:[], old=null} CLOSED] size=2
  s14:   CLOSED [
   FOLLOWER s14@group-0A0C1A18FF69:t0, leader=null, voted=, raftlog=Memoized:s14@group-0A0C1A18FF69-SegmentedRaftLog:CLOSED:c-1, conf=conf: {index: -1, cur=peers:[]|listeners:[], old=null} CLOSED
   FOLLOWER s14@group-9CE91F930A22:t1, leader=s11, voted=null, raftlog=Memoized:s14@group-9CE91F930A22-SegmentedRaftLog:CLOSED:c251, conf=conf: {index: 131, cur=peers:[s3|0.0.0.0:15018, s4|0.0.0.0:15019, s5|0.0.0.0:15020, s6|0.0.0.0:15021, s7|0.0.0.0:15022, s8|0.0.0.0:15023, s9|0.0.0.0:15024, s11|0.0.0.0:15026, s10|0.0.0.0:15025, s13|0.0.0.0:15028, s12|0.0.0.0:15027, s14|0.0.0.0:15029, s0|0.0.0.0:15015, s1|0.0.0.0:15016, s2|0.0.0.0:15017]|listeners:[], old=null} CLOSED] size=2
  s0:   CLOSED [
   FOLLOWER s0@group-0A0C1A18FF69:t0, leader=null, voted=, raftlog=Memoized:s0@group-0A0C1A18FF69-SegmentedRaftLog:CLOSED:c-1, conf=conf: {index: -1, cur=peers:[]|listeners:[], old=null} CLOSED
   FOLLOWER s0@group-9CE91F930A22:t1, leader=s11, voted=null, raftlog=Memoized:s0@group-9CE91F930A22-SegmentedRaftLog:CLOSED:c251, conf=conf: {index: 131, cur=peers:[s3|0.0.0.0:15018, s4|0.0.0.0:15019, s5|0.0.0.0:15020, s6|0.0.0.0:15021, s7|0.0.0.0:15022, s8|0.0.0.0:15023, s9|0.0.0.0:15024, s11|0.0.0.0:15026, s10|0.0.0.0:15025, s13|0.0.0.0:15028, s12|0.0.0.0:15027, s14|0.0.0.0:15029, s0|0.0.0.0:15015, s1|0.0.0.0:15016, s2|0.0.0.0:15017]|listeners:[], old=null} CLOSED] size=2
  s1:   CLOSED [
   FOLLOWER s1@group-0A0C1A18FF69:t0, leader=null, voted=, raftlog=Memoized:s1@group-0A0C1A18FF69-SegmentedRaftLog:CLOSED:c-1, conf=conf: {index: -1, cur=peers:[]|listeners:[], old=null} CLOSED
   FOLLOWER s1@group-9CE91F930A22:t1, leader=s11, voted=null, raftlog=Memoized:s1@group-9CE91F930A22-SegmentedRaftLog:CLOSED:c251, conf=conf: {index: 131, cur=peers:[s3|0.0.0.0:15018, s4|0.0.0.0:15019, s5|0.0.0.0:15020, s6|0.0.0.0:15021, s7|0.0.0.0:15022, s8|0.0.0.0:15023, s9|0.0.0.0:15024, s11|0.0.0.0:15026, s10|0.0.0.0:15025, s13|0.0.0.0:15028, s12|0.0.0.0:15027, s14|0.0.0.0:15029, s0|0.0.0.0:15015, s1|0.0.0.0:15016, s2|0.0.0.0:15017]|listeners:[], old=null} CLOSED] size=2
  s2:   CLOSED [
   FOLLOWER s2@group-0A0C1A18FF69:t0, leader=null, voted=, raftlog=Memoized:s2@group-0A0C1A18FF69-SegmentedRaftLog:CLOSED:c-1, conf=conf: {index: -1, cur=peers:[]|listeners:[], old=null} CLOSED
   FOLLOWER s2@group-9CE91F930A22:t1, leader=s11, voted=null, raftlog=Memoized:s2@group-9CE91F930A22-SegmentedRaftLog:CLOSED:c251, conf=conf: {index: 131, cur=peers:[s3|0.0.0.0:15018, s4|0.0.0.0:15019, s5|0.0.0.0:15020, s6|0.0.0.0:15021, s7|0.0.0.0:15022, s8|0.0.0.0:15023, s9|0.0.0.0:15024, s11|0.0.0.0:15026, s10|0.0.0.0:15025, s13|0.0.0.0:15028, s12|0.0.0.0:15027, s14|0.0.0.0:15029, s0|0.0.0.0:15015, s1|0.0.0.0:15016, s2|0.0.0.0:15017]|listeners:[], old=null} CLOSED] size=2
2024-12-14 12:26:48,211 INFO  impl.MiniRaftCluster (MiniRaftCluster.java:shutdown(885)) - MiniRaftClusterWithNetty shutdown completed
2024-12-14 12:26:48,211 INFO  ratis.RaftTestUtil (RaftTestUtil.java:gc(596)) - gc 0
2024-12-14 12:26:48,364 WARN  util.ReferenceCountedLeakDetector (ReferenceCountedLeakDetector.java:logLeakMessage(167)) - LEAK: (class org.apache.ratis.proto.RaftProtos$LogEntryProto, count=1, value=term: 1
index: 219
stateMachineLogEntry {
  logData: "\001\001b\002@\272\274\000\000\000\000\000"
  clientId: "\250\365\177G\370\377H\331\264H8\347;\202\215\215"
  callId: 3131
}
)
2024-12-14 12:26:48,364 WARN  util.LeakDetector (LeakDetector.java:assertNoLeaks(171)) - 0/30) numLeaks == 1 > 0, will wait and retry ...
2024-12-14 12:26:49,364 WARN  util.ReferenceCountedLeakDetector (ReferenceCountedLeakDetector.java:logLeakMessage(167)) - LEAK: (class org.apache.ratis.proto.RaftProtos$LogEntryProto, count=1, value=term: 1
index: 219
stateMachineLogEntry {
  logData: "\001\001b\002@\272\274\000\000\000\000\000"
  clientId: "\250\365\177G\370\377H\331\264H8\347;\202\215\215"
  callId: 3131
}
)
2024-12-14 12:26:49,365 WARN  util.LeakDetector (LeakDetector.java:assertNoLeaks(171)) - 1/30) numLeaks == 1 > 0, will wait and retry ...
2024-12-14 12:26:50,365 WARN  util.ReferenceCountedLeakDetector (ReferenceCountedLeakDetector.java:logLeakMessage(167)) - LEAK: (class org.apache.ratis.proto.RaftProtos$LogEntryProto, count=1, value=term: 1
index: 219
stateMachineLogEntry {
  logData: "\001\001b\002@\272\274\000\000\000\000\000"
  clientId: "\250\365\177G\370\377H\331\264H8\347;\202\215\215"
  callId: 3131
}
)
2024-12-14 12:26:50,366 WARN  util.LeakDetector (LeakDetector.java:assertNoLeaks(171)) - 2/30) numLeaks == 1 > 0, will wait and retry ...
2024-12-14 12:26:51,366 WARN  util.ReferenceCountedLeakDetector (ReferenceCountedLeakDetector.java:logLeakMessage(167)) - LEAK: (class org.apache.ratis.proto.RaftProtos$LogEntryProto, count=1, value=term: 1
index: 219
stateMachineLogEntry {
  logData: "\001\001b\002@\272\274\000\000\000\000\000"
  clientId: "\250\365\177G\370\377H\331\264H8\347;\202\215\215"
  callId: 3131
}
)
2024-12-14 12:26:51,366 WARN  util.LeakDetector (LeakDetector.java:assertNoLeaks(171)) - 3/30) numLeaks == 1 > 0, will wait and retry ...
2024-12-14 12:26:52,366 WARN  util.ReferenceCountedLeakDetector (ReferenceCountedLeakDetector.java:logLeakMessage(167)) - LEAK: (class org.apache.ratis.proto.RaftProtos$LogEntryProto, count=1, value=term: 1
index: 219
stateMachineLogEntry {
  logData: "\001\001b\002@\272\274\000\000\000\000\000"
  clientId: "\250\365\177G\370\377H\331\264H8\347;\202\215\215"
  callId: 3131
}
)
2024-12-14 12:26:52,367 WARN  util.LeakDetector (LeakDetector.java:assertNoLeaks(171)) - 4/30) numLeaks == 1 > 0, will wait and retry ...
2024-12-14 12:26:53,367 WARN  util.ReferenceCountedLeakDetector (ReferenceCountedLeakDetector.java:logLeakMessage(167)) - LEAK: (class org.apache.ratis.proto.RaftProtos$LogEntryProto, count=1, value=term: 1
index: 219
stateMachineLogEntry {
  logData: "\001\001b\002@\272\274\000\000\000\000\000"
  clientId: "\250\365\177G\370\377H\331\264H8\347;\202\215\215"
  callId: 3131
}
)
2024-12-14 12:26:53,367 WARN  util.LeakDetector (LeakDetector.java:assertNoLeaks(171)) - 5/30) numLeaks == 1 > 0, will wait and retry ...
2024-12-14 12:26:54,368 WARN  util.ReferenceCountedLeakDetector (ReferenceCountedLeakDetector.java:logLeakMessage(167)) - LEAK: (class org.apache.ratis.proto.RaftProtos$LogEntryProto, count=1, value=term: 1
index: 219
stateMachineLogEntry {
  logData: "\001\001b\002@\272\274\000\000\000\000\000"
  clientId: "\250\365\177G\370\377H\331\264H8\347;\202\215\215"
  callId: 3131
}
)
2024-12-14 12:26:54,368 WARN  util.LeakDetector (LeakDetector.java:assertNoLeaks(171)) - 6/30) numLeaks == 1 > 0, will wait and retry ...
2024-12-14 12:26:55,368 WARN  util.ReferenceCountedLeakDetector (ReferenceCountedLeakDetector.java:logLeakMessage(167)) - LEAK: (class org.apache.ratis.proto.RaftProtos$LogEntryProto, count=1, value=term: 1
index: 219
stateMachineLogEntry {
  logData: "\001\001b\002@\272\274\000\000\000\000\000"
  clientId: "\250\365\177G\370\377H\331\264H8\347;\202\215\215"
  callId: 3131
}
)
2024-12-14 12:26:55,369 WARN  util.LeakDetector (LeakDetector.java:assertNoLeaks(171)) - 7/30) numLeaks == 1 > 0, will wait and retry ...
2024-12-14 12:26:56,369 WARN  util.ReferenceCountedLeakDetector (ReferenceCountedLeakDetector.java:logLeakMessage(167)) - LEAK: (class org.apache.ratis.proto.RaftProtos$LogEntryProto, count=1, value=term: 1
index: 219
stateMachineLogEntry {
  logData: "\001\001b\002@\272\274\000\000\000\000\000"
  clientId: "\250\365\177G\370\377H\331\264H8\347;\202\215\215"
  callId: 3131
}
)
2024-12-14 12:26:56,369 WARN  util.LeakDetector (LeakDetector.java:assertNoLeaks(171)) - 8/30) numLeaks == 1 > 0, will wait and retry ...
2024-12-14 12:26:57,370 WARN  util.ReferenceCountedLeakDetector (ReferenceCountedLeakDetector.java:logLeakMessage(167)) - LEAK: (class org.apache.ratis.proto.RaftProtos$LogEntryProto, count=1, value=term: 1
index: 219
stateMachineLogEntry {
  logData: "\001\001b\002@\272\274\000\000\000\000\000"
  clientId: "\250\365\177G\370\377H\331\264H8\347;\202\215\215"
  callId: 3131
}
)
2024-12-14 12:26:57,370 WARN  util.LeakDetector (LeakDetector.java:assertNoLeaks(171)) - 9/30) numLeaks == 1 > 0, will wait and retry ...
2024-12-14 12:26:58,370 WARN  util.ReferenceCountedLeakDetector (ReferenceCountedLeakDetector.java:logLeakMessage(167)) - LEAK: (class org.apache.ratis.proto.RaftProtos$LogEntryProto, count=1, value=term: 1
index: 219
stateMachineLogEntry {
  logData: "\001\001b\002@\272\274\000\000\000\000\000"
  clientId: "\250\365\177G\370\377H\331\264H8\347;\202\215\215"
  callId: 3131
}
)
2024-12-14 12:26:58,371 WARN  util.LeakDetector (LeakDetector.java:assertNoLeaks(171)) - 10/30) numLeaks == 1 > 0, will wait and retry ...
2024-12-14 12:26:59,371 WARN  util.ReferenceCountedLeakDetector (ReferenceCountedLeakDetector.java:logLeakMessage(167)) - LEAK: (class org.apache.ratis.proto.RaftProtos$LogEntryProto, count=1, value=term: 1
index: 219
stateMachineLogEntry {
  logData: "\001\001b\002@\272\274\000\000\000\000\000"
  clientId: "\250\365\177G\370\377H\331\264H8\347;\202\215\215"
  callId: 3131
}
)
2024-12-14 12:26:59,371 WARN  util.LeakDetector (LeakDetector.java:assertNoLeaks(171)) - 11/30) numLeaks == 1 > 0, will wait and retry ...
2024-12-14 12:27:00,372 WARN  util.ReferenceCountedLeakDetector (ReferenceCountedLeakDetector.java:logLeakMessage(167)) - LEAK: (class org.apache.ratis.proto.RaftProtos$LogEntryProto, count=1, value=term: 1
index: 219
stateMachineLogEntry {
  logData: "\001\001b\002@\272\274\000\000\000\000\000"
  clientId: "\250\365\177G\370\377H\331\264H8\347;\202\215\215"
  callId: 3131
}
)
2024-12-14 12:27:00,372 WARN  util.LeakDetector (LeakDetector.java:assertNoLeaks(171)) - 12/30) numLeaks == 1 > 0, will wait and retry ...
2024-12-14 12:27:01,372 WARN  util.ReferenceCountedLeakDetector (ReferenceCountedLeakDetector.java:logLeakMessage(167)) - LEAK: (class org.apache.ratis.proto.RaftProtos$LogEntryProto, count=1, value=term: 1
index: 219
stateMachineLogEntry {
  logData: "\001\001b\002@\272\274\000\000\000\000\000"
  clientId: "\250\365\177G\370\377H\331\264H8\347;\202\215\215"
  callId: 3131
}
)
2024-12-14 12:27:01,373 WARN  util.LeakDetector (LeakDetector.java:assertNoLeaks(171)) - 13/30) numLeaks == 1 > 0, will wait and retry ...
2024-12-14 12:27:02,373 WARN  util.ReferenceCountedLeakDetector (ReferenceCountedLeakDetector.java:logLeakMessage(167)) - LEAK: (class org.apache.ratis.proto.RaftProtos$LogEntryProto, count=1, value=term: 1
index: 219
stateMachineLogEntry {
  logData: "\001\001b\002@\272\274\000\000\000\000\000"
  clientId: "\250\365\177G\370\377H\331\264H8\347;\202\215\215"
  callId: 3131
}
)
2024-12-14 12:27:02,373 WARN  util.LeakDetector (LeakDetector.java:assertNoLeaks(171)) - 14/30) numLeaks == 1 > 0, will wait and retry ...
2024-12-14 12:27:03,374 WARN  util.ReferenceCountedLeakDetector (ReferenceCountedLeakDetector.java:logLeakMessage(167)) - LEAK: (class org.apache.ratis.proto.RaftProtos$LogEntryProto, count=1, value=term: 1
index: 219
stateMachineLogEntry {
  logData: "\001\001b\002@\272\274\000\000\000\000\000"
  clientId: "\250\365\177G\370\377H\331\264H8\347;\202\215\215"
  callId: 3131
}
)
2024-12-14 12:27:03,374 WARN  util.LeakDetector (LeakDetector.java:assertNoLeaks(171)) - 15/30) numLeaks == 1 > 0, will wait and retry ...
2024-12-14 12:27:04,374 WARN  util.ReferenceCountedLeakDetector (ReferenceCountedLeakDetector.java:logLeakMessage(167)) - LEAK: (class org.apache.ratis.proto.RaftProtos$LogEntryProto, count=1, value=term: 1
index: 219
stateMachineLogEntry {
  logData: "\001\001b\002@\272\274\000\000\000\000\000"
  clientId: "\250\365\177G\370\377H\331\264H8\347;\202\215\215"
  callId: 3131
}
)
2024-12-14 12:27:04,375 WARN  util.LeakDetector (LeakDetector.java:assertNoLeaks(171)) - 16/30) numLeaks == 1 > 0, will wait and retry ...
2024-12-14 12:27:05,375 WARN  util.ReferenceCountedLeakDetector (ReferenceCountedLeakDetector.java:logLeakMessage(167)) - LEAK: (class org.apache.ratis.proto.RaftProtos$LogEntryProto, count=1, value=term: 1
index: 219
stateMachineLogEntry {
  logData: "\001\001b\002@\272\274\000\000\000\000\000"
  clientId: "\250\365\177G\370\377H\331\264H8\347;\202\215\215"
  callId: 3131
}
)
2024-12-14 12:27:05,375 WARN  util.LeakDetector (LeakDetector.java:assertNoLeaks(171)) - 17/30) numLeaks == 1 > 0, will wait and retry ...
2024-12-14 12:27:06,375 WARN  util.ReferenceCountedLeakDetector (ReferenceCountedLeakDetector.java:logLeakMessage(167)) - LEAK: (class org.apache.ratis.proto.RaftProtos$LogEntryProto, count=1, value=term: 1
index: 219
stateMachineLogEntry {
  logData: "\001\001b\002@\272\274\000\000\000\000\000"
  clientId: "\250\365\177G\370\377H\331\264H8\347;\202\215\215"
  callId: 3131
}
)
2024-12-14 12:27:06,376 WARN  util.LeakDetector (LeakDetector.java:assertNoLeaks(171)) - 18/30) numLeaks == 1 > 0, will wait and retry ...
2024-12-14 12:27:07,376 WARN  util.ReferenceCountedLeakDetector (ReferenceCountedLeakDetector.java:logLeakMessage(167)) - LEAK: (class org.apache.ratis.proto.RaftProtos$LogEntryProto, count=1, value=term: 1
index: 219
stateMachineLogEntry {
  logData: "\001\001b\002@\272\274\000\000\000\000\000"
  clientId: "\250\365\177G\370\377H\331\264H8\347;\202\215\215"
  callId: 3131
}
)
2024-12-14 12:27:07,376 WARN  util.LeakDetector (LeakDetector.java:assertNoLeaks(171)) - 19/30) numLeaks == 1 > 0, will wait and retry ...
2024-12-14 12:27:08,377 WARN  util.ReferenceCountedLeakDetector (ReferenceCountedLeakDetector.java:logLeakMessage(167)) - LEAK: (class org.apache.ratis.proto.RaftProtos$LogEntryProto, count=1, value=term: 1
index: 219
stateMachineLogEntry {
  logData: "\001\001b\002@\272\274\000\000\000\000\000"
  clientId: "\250\365\177G\370\377H\331\264H8\347;\202\215\215"
  callId: 3131
}
)
2024-12-14 12:27:08,377 WARN  util.LeakDetector (LeakDetector.java:assertNoLeaks(171)) - 20/30) numLeaks == 1 > 0, will wait and retry ...
2024-12-14 12:27:09,377 WARN  util.ReferenceCountedLeakDetector (ReferenceCountedLeakDetector.java:logLeakMessage(167)) - LEAK: (class org.apache.ratis.proto.RaftProtos$LogEntryProto, count=1, value=term: 1
index: 219
stateMachineLogEntry {
  logData: "\001\001b\002@\272\274\000\000\000\000\000"
  clientId: "\250\365\177G\370\377H\331\264H8\347;\202\215\215"
  callId: 3131
}
)
2024-12-14 12:27:09,378 WARN  util.LeakDetector (LeakDetector.java:assertNoLeaks(171)) - 21/30) numLeaks == 1 > 0, will wait and retry ...
2024-12-14 12:27:10,378 WARN  util.ReferenceCountedLeakDetector (ReferenceCountedLeakDetector.java:logLeakMessage(167)) - LEAK: (class org.apache.ratis.proto.RaftProtos$LogEntryProto, count=1, value=term: 1
index: 219
stateMachineLogEntry {
  logData: "\001\001b\002@\272\274\000\000\000\000\000"
  clientId: "\250\365\177G\370\377H\331\264H8\347;\202\215\215"
  callId: 3131
}
)
2024-12-14 12:27:10,378 WARN  util.LeakDetector (LeakDetector.java:assertNoLeaks(171)) - 22/30) numLeaks == 1 > 0, will wait and retry ...
2024-12-14 12:27:11,379 WARN  util.ReferenceCountedLeakDetector (ReferenceCountedLeakDetector.java:logLeakMessage(167)) - LEAK: (class org.apache.ratis.proto.RaftProtos$LogEntryProto, count=1, value=term: 1
index: 219
stateMachineLogEntry {
  logData: "\001\001b\002@\272\274\000\000\000\000\000"
  clientId: "\250\365\177G\370\377H\331\264H8\347;\202\215\215"
  callId: 3131
}
)
2024-12-14 12:27:11,379 WARN  util.LeakDetector (LeakDetector.java:assertNoLeaks(171)) - 23/30) numLeaks == 1 > 0, will wait and retry ...
2024-12-14 12:27:12,379 WARN  util.ReferenceCountedLeakDetector (ReferenceCountedLeakDetector.java:logLeakMessage(167)) - LEAK: (class org.apache.ratis.proto.RaftProtos$LogEntryProto, count=1, value=term: 1
index: 219
stateMachineLogEntry {
  logData: "\001\001b\002@\272\274\000\000\000\000\000"
  clientId: "\250\365\177G\370\377H\331\264H8\347;\202\215\215"
  callId: 3131
}
)
2024-12-14 12:27:12,380 WARN  util.LeakDetector (LeakDetector.java:assertNoLeaks(171)) - 24/30) numLeaks == 1 > 0, will wait and retry ...
2024-12-14 12:27:13,380 WARN  util.ReferenceCountedLeakDetector (ReferenceCountedLeakDetector.java:logLeakMessage(167)) - LEAK: (class org.apache.ratis.proto.RaftProtos$LogEntryProto, count=1, value=term: 1
index: 219
stateMachineLogEntry {
  logData: "\001\001b\002@\272\274\000\000\000\000\000"
  clientId: "\250\365\177G\370\377H\331\264H8\347;\202\215\215"
  callId: 3131
}
)
2024-12-14 12:27:13,380 WARN  util.LeakDetector (LeakDetector.java:assertNoLeaks(171)) - 25/30) numLeaks == 1 > 0, will wait and retry ...
2024-12-14 12:27:14,381 WARN  util.ReferenceCountedLeakDetector (ReferenceCountedLeakDetector.java:logLeakMessage(167)) - LEAK: (class org.apache.ratis.proto.RaftProtos$LogEntryProto, count=1, value=term: 1
index: 219
stateMachineLogEntry {
  logData: "\001\001b\002@\272\274\000\000\000\000\000"
  clientId: "\250\365\177G\370\377H\331\264H8\347;\202\215\215"
  callId: 3131
}
)
2024-12-14 12:27:14,381 WARN  util.LeakDetector (LeakDetector.java:assertNoLeaks(171)) - 26/30) numLeaks == 1 > 0, will wait and retry ...
2024-12-14 12:27:15,381 WARN  util.ReferenceCountedLeakDetector (ReferenceCountedLeakDetector.java:logLeakMessage(167)) - LEAK: (class org.apache.ratis.proto.RaftProtos$LogEntryProto, count=1, value=term: 1
index: 219
stateMachineLogEntry {
  logData: "\001\001b\002@\272\274\000\000\000\000\000"
  clientId: "\250\365\177G\370\377H\331\264H8\347;\202\215\215"
  callId: 3131
}
)
2024-12-14 12:27:15,382 WARN  util.LeakDetector (LeakDetector.java:assertNoLeaks(171)) - 27/30) numLeaks == 1 > 0, will wait and retry ...
2024-12-14 12:27:16,382 WARN  util.ReferenceCountedLeakDetector (ReferenceCountedLeakDetector.java:logLeakMessage(167)) - LEAK: (class org.apache.ratis.proto.RaftProtos$LogEntryProto, count=1, value=term: 1
index: 219
stateMachineLogEntry {
  logData: "\001\001b\002@\272\274\000\000\000\000\000"
  clientId: "\250\365\177G\370\377H\331\264H8\347;\202\215\215"
  callId: 3131
}
)
2024-12-14 12:27:16,382 WARN  util.LeakDetector (LeakDetector.java:assertNoLeaks(171)) - 28/30) numLeaks == 1 > 0, will wait and retry ...
2024-12-14 12:27:17,382 WARN  util.ReferenceCountedLeakDetector (ReferenceCountedLeakDetector.java:logLeakMessage(167)) - LEAK: (class org.apache.ratis.proto.RaftProtos$LogEntryProto, count=1, value=term: 1
index: 219
stateMachineLogEntry {
  logData: "\001\001b\002@\272\274\000\000\000\000\000"
  clientId: "\250\365\177G\370\377H\331\264H8\347;\202\215\215"
  callId: 3131
}
)
2024-12-14 12:27:17,383 WARN  util.LeakDetector (LeakDetector.java:assertNoLeaks(171)) - 29/30) numLeaks == 1 > 0, will wait and retry ...
2024-12-14 12:27:18,383 WARN  util.ReferenceCountedLeakDetector (ReferenceCountedLeakDetector.java:logLeakMessage(167)) - LEAK: (class org.apache.ratis.proto.RaftProtos$LogEntryProto, count=1, value=term: 1
index: 219
stateMachineLogEntry {
  logData: "\001\001b\002@\272\274\000\000\000\000\000"
  clientId: "\250\365\177G\370\377H\331\264H8\347;\202\215\215"
  callId: 3131
}
)
]]></system-out>
  </testcase>
</testsuite>