<?xml version="1.0" encoding="UTF-8"?>
<testsuite xmlns:xsi="http://www.w3.org/2001/XMLSchema-instance" xsi:noNamespaceSchemaLocation="https://maven.apache.org/surefire/maven-surefire-plugin/xsd/surefire-test-report.xsd" name="org.apache.ratis.grpc.TestInstallSnapshotNotificationWithGrpc" time="83.4" tests="5" errors="1" skipped="0" failures="0">
  <properties>
    <property name="awt.toolkit" value="sun.awt.X11.XToolkit"/>
    <property name="file.encoding.pkg" value="sun.io"/>
    <property name="java.specification.version" value="1.8"/>
    <property name="sun.cpu.isalist" value=""/>
    <property name="sun.jnu.encoding" value="UTF-8"/>
    <property name="java.class.path" value="/home/runner/work/ratis/ratis/ratis-test/target/test-classes:/home/runner/work/ratis/ratis/ratis-test/target/classes:/home/runner/work/ratis/ratis/ratis-common/target/classes:/home/runner/.m2/repository/org/apache/ratis/ratis-thirdparty-misc/1.0.1/ratis-thirdparty-misc-1.0.1.jar:/home/runner/work/ratis/ratis/ratis-proto/target/ratis-proto-3.0.0-SNAPSHOT.jar:/home/runner/work/ratis/ratis/ratis-common/target/test-classes:/home/runner/work/ratis/ratis/ratis-client/target/classes:/home/runner/work/ratis/ratis/ratis-server/target/classes:/home/runner/work/ratis/ratis/ratis-server-api/target/classes:/home/runner/work/ratis/ratis/ratis-metrics/target/classes:/home/runner/work/ratis/ratis/ratis-server/target/test-classes:/home/runner/work/ratis/ratis/ratis-netty/target/classes:/home/runner/work/ratis/ratis/ratis-netty/target/test-classes:/home/runner/work/ratis/ratis/ratis-grpc/target/classes:/home/runner/work/ratis/ratis/ratis-grpc/target/test-classes:/home/runner/.m2/repository/org/slf4j/slf4j-api/1.7.29/slf4j-api-1.7.29.jar:/home/runner/.m2/repository/org/slf4j/slf4j-log4j12/1.7.29/slf4j-log4j12-1.7.29.jar:/home/runner/.m2/repository/log4j/log4j/1.2.17/log4j-1.2.17.jar:/home/runner/.m2/repository/junit/junit/4.13.2/junit-4.13.2.jar:/home/runner/.m2/repository/org/hamcrest/hamcrest-core/1.3/hamcrest-core-1.3.jar:/home/runner/.m2/repository/org/mockito/mockito-core/4.3.1/mockito-core-4.3.1.jar:/home/runner/.m2/repository/net/bytebuddy/byte-buddy/1.12.7/byte-buddy-1.12.7.jar:/home/runner/.m2/repository/net/bytebuddy/byte-buddy-agent/1.12.7/byte-buddy-agent-1.12.7.jar:/home/runner/.m2/repository/org/objenesis/objenesis/3.2/objenesis-3.2.jar:/home/runner/work/ratis/ratis/ratis-shell/target/classes:/home/runner/.m2/repository/commons-cli/commons-cli/1.5.0/commons-cli-1.5.0.jar:/home/runner/.m2/repository/org/reflections/reflections/0.10.2/reflections-0.10.2.jar:/home/runner/.m2/repository/org/javassist/javassist/3.28.0-GA/javassist-3.28.0-GA.jar:/home/runner/.m2/repository/com/google/code/findbugs/jsr305/3.0.2/jsr305-3.0.2.jar:"/>
    <property name="java.vm.vendor" value="Temurin"/>
    <property name="sun.arch.data.model" value="64"/>
    <property name="java.vendor.url" value="https://adoptium.net/"/>
    <property name="user.timezone" value=""/>
    <property name="java.vm.specification.version" value="1.8"/>
    <property name="os.name" value="Linux"/>
    <property name="sun.java.launcher" value="SUN_STANDARD"/>
    <property name="sun.boot.library.path" value="/usr/lib/jvm/temurin-8-jdk-amd64/jre/lib/amd64"/>
    <property name="sun.java.command" value="/home/runner/work/ratis/ratis/ratis-test/target/surefire/surefirebooter2107617449665720912.jar /home/runner/work/ratis/ratis/ratis-test/target/surefire 2022-07-24T15-46-11_008-jvmRun1 surefire201197901843454779tmp surefire_257889915398574197890tmp"/>
    <property name="surefire.test.class.path" value="/home/runner/work/ratis/ratis/ratis-test/target/test-classes:/home/runner/work/ratis/ratis/ratis-test/target/classes:/home/runner/work/ratis/ratis/ratis-common/target/classes:/home/runner/.m2/repository/org/apache/ratis/ratis-thirdparty-misc/1.0.1/ratis-thirdparty-misc-1.0.1.jar:/home/runner/work/ratis/ratis/ratis-proto/target/ratis-proto-3.0.0-SNAPSHOT.jar:/home/runner/work/ratis/ratis/ratis-common/target/test-classes:/home/runner/work/ratis/ratis/ratis-client/target/classes:/home/runner/work/ratis/ratis/ratis-server/target/classes:/home/runner/work/ratis/ratis/ratis-server-api/target/classes:/home/runner/work/ratis/ratis/ratis-metrics/target/classes:/home/runner/work/ratis/ratis/ratis-server/target/test-classes:/home/runner/work/ratis/ratis/ratis-netty/target/classes:/home/runner/work/ratis/ratis/ratis-netty/target/test-classes:/home/runner/work/ratis/ratis/ratis-grpc/target/classes:/home/runner/work/ratis/ratis/ratis-grpc/target/test-classes:/home/runner/.m2/repository/org/slf4j/slf4j-api/1.7.29/slf4j-api-1.7.29.jar:/home/runner/.m2/repository/org/slf4j/slf4j-log4j12/1.7.29/slf4j-log4j12-1.7.29.jar:/home/runner/.m2/repository/log4j/log4j/1.2.17/log4j-1.2.17.jar:/home/runner/.m2/repository/junit/junit/4.13.2/junit-4.13.2.jar:/home/runner/.m2/repository/org/hamcrest/hamcrest-core/1.3/hamcrest-core-1.3.jar:/home/runner/.m2/repository/org/mockito/mockito-core/4.3.1/mockito-core-4.3.1.jar:/home/runner/.m2/repository/net/bytebuddy/byte-buddy/1.12.7/byte-buddy-1.12.7.jar:/home/runner/.m2/repository/net/bytebuddy/byte-buddy-agent/1.12.7/byte-buddy-agent-1.12.7.jar:/home/runner/.m2/repository/org/objenesis/objenesis/3.2/objenesis-3.2.jar:/home/runner/work/ratis/ratis/ratis-shell/target/classes:/home/runner/.m2/repository/commons-cli/commons-cli/1.5.0/commons-cli-1.5.0.jar:/home/runner/.m2/repository/org/reflections/reflections/0.10.2/reflections-0.10.2.jar:/home/runner/.m2/repository/org/javassist/javassist/3.28.0-GA/javassist-3.28.0-GA.jar:/home/runner/.m2/repository/com/google/code/findbugs/jsr305/3.0.2/jsr305-3.0.2.jar:"/>
    <property name="sun.cpu.endian" value="little"/>
    <property name="user.home" value="/home/runner"/>
    <property name="user.language" value="en"/>
    <property name="java.specification.vendor" value="Oracle Corporation"/>
    <property name="java.home" value="/usr/lib/jvm/temurin-8-jdk-amd64/jre"/>
    <property name="basedir" value="/home/runner/work/ratis/ratis/ratis-test"/>
    <property name="file.separator" value="/"/>
    <property name="line.separator" value="&#10;"/>
    <property name="java.vm.specification.vendor" value="Oracle Corporation"/>
    <property name="java.specification.name" value="Java Platform API Specification"/>
    <property name="java.awt.graphicsenv" value="sun.awt.X11GraphicsEnvironment"/>
    <property name="surefire.real.class.path" value="/home/runner/work/ratis/ratis/ratis-test/target/surefire/surefirebooter2107617449665720912.jar"/>
    <property name="sun.boot.class.path" value="/usr/lib/jvm/temurin-8-jdk-amd64/jre/lib/resources.jar:/usr/lib/jvm/temurin-8-jdk-amd64/jre/lib/rt.jar:/usr/lib/jvm/temurin-8-jdk-amd64/jre/lib/sunrsasign.jar:/usr/lib/jvm/temurin-8-jdk-amd64/jre/lib/jsse.jar:/usr/lib/jvm/temurin-8-jdk-amd64/jre/lib/jce.jar:/usr/lib/jvm/temurin-8-jdk-amd64/jre/lib/charsets.jar:/usr/lib/jvm/temurin-8-jdk-amd64/jre/lib/jfr.jar:/usr/lib/jvm/temurin-8-jdk-amd64/jre/classes"/>
    <property name="sun.management.compiler" value="HotSpot 64-Bit Tiered Compilers"/>
    <property name="java.runtime.version" value="1.8.0_332-b09"/>
    <property name="java.net.preferIPv4Stack" value="true"/>
    <property name="user.name" value="runner"/>
    <property name="path.separator" value=":"/>
    <property name="os.version" value="5.4.0-1086-azure"/>
    <property name="java.endorsed.dirs" value="/usr/lib/jvm/temurin-8-jdk-amd64/jre/lib/endorsed"/>
    <property name="java.runtime.name" value="OpenJDK Runtime Environment"/>
    <property name="file.encoding" value="UTF-8"/>
    <property name="java.vm.name" value="OpenJDK 64-Bit Server VM"/>
    <property name="localRepository" value="/home/runner/.m2/repository"/>
    <property name="java.vendor.url.bug" value="https://github.com/adoptium/adoptium-support/issues"/>
    <property name="java.io.tmpdir" value="/tmp"/>
    <property name="java.version" value="1.8.0_332"/>
    <property name="user.dir" value="/home/runner/work/ratis/ratis/ratis-test"/>
    <property name="os.arch" value="amd64"/>
    <property name="ratis.tmp.dir" value="/home/runner/work/ratis/ratis/ratis-test/target/tmp"/>
    <property name="java.vm.specification.name" value="Java Virtual Machine Specification"/>
    <property name="java.awt.printerjob" value="sun.print.PSPrinterJob"/>
    <property name="ratis.log.dir" value="/home/runner/work/ratis/ratis/ratis-test/target/log"/>
    <property name="sun.os.patch.level" value="unknown"/>
    <property name="java.library.path" value="/usr/java/packages/lib/amd64:/usr/lib64:/lib64:/lib:/usr/lib"/>
    <property name="java.vm.info" value="mixed mode"/>
    <property name="java.vendor" value="Temurin"/>
    <property name="java.vm.version" value="25.332-b09"/>
    <property name="java.ext.dirs" value="/usr/lib/jvm/temurin-8-jdk-amd64/jre/lib/ext:/usr/java/packages/lib/ext"/>
    <property name="sun.io.unicode.encoding" value="UnicodeLittle"/>
    <property name="java.class.version" value="52.0"/>
  </properties>
  <testcase name="testInstallSnapshotInstalledEvent" classname="org.apache.ratis.grpc.TestInstallSnapshotNotificationWithGrpc" time="10.445"/>
  <testcase name="testAddNewFollowers" classname="org.apache.ratis.grpc.TestInstallSnapshotNotificationWithGrpc" time="3.216"/>
  <testcase name="testInstallSnapshotDuringBootstrap" classname="org.apache.ratis.grpc.TestInstallSnapshotNotificationWithGrpc" time="2.016"/>
  <testcase name="testRestartFollower" classname="org.apache.ratis.grpc.TestInstallSnapshotNotificationWithGrpc" time="63.516">
    <error message="s2@group-1D117010C276-SegmentedRaftLog is expected to be opened but it is CLOSED" type="java.lang.IllegalArgumentException">java.lang.IllegalArgumentException: s2@group-1D117010C276-SegmentedRaftLog is expected to be opened but it is CLOSED
	at org.apache.ratis.util.OpenCloseState.assertOpen(OpenCloseState.java:63)
	at org.apache.ratis.server.raftlog.RaftLogBase.checkLogState(RaftLogBase.java:111)
	at org.apache.ratis.server.raftlog.segmented.SegmentedRaftLog.getLastEntryTermIndex(SegmentedRaftLog.java:340)
	at org.apache.ratis.server.raftlog.RaftLog.getNextIndex(RaftLog.java:83)
	at org.apache.ratis.InstallSnapshotNotificationTests.testRestartFollower(InstallSnapshotNotificationTests.java:267)
	at org.apache.ratis.server.impl.MiniRaftCluster$Factory$Get.runWithNewCluster(MiniRaftCluster.java:138)
	at org.apache.ratis.server.impl.MiniRaftCluster$Factory$Get.runWithNewCluster(MiniRaftCluster.java:118)
	at org.apache.ratis.InstallSnapshotNotificationTests.testRestartFollower(InstallSnapshotNotificationTests.java:250)
	at sun.reflect.NativeMethodAccessorImpl.invoke0(Native Method)
	at sun.reflect.NativeMethodAccessorImpl.invoke(NativeMethodAccessorImpl.java:62)
	at sun.reflect.DelegatingMethodAccessorImpl.invoke(DelegatingMethodAccessorImpl.java:43)
	at java.lang.reflect.Method.invoke(Method.java:498)
	at org.junit.runners.model.FrameworkMethod$1.runReflectiveCall(FrameworkMethod.java:59)
	at org.junit.internal.runners.model.ReflectiveCallable.run(ReflectiveCallable.java:12)
	at org.junit.runners.model.FrameworkMethod.invokeExplosively(FrameworkMethod.java:56)
	at org.junit.internal.runners.statements.InvokeMethod.evaluate(InvokeMethod.java:17)
	at org.junit.internal.runners.statements.RunAfters.evaluate(RunAfters.java:27)
	at org.junit.internal.runners.statements.FailOnTimeout$CallableStatement.call(FailOnTimeout.java:299)
	at org.junit.internal.runners.statements.FailOnTimeout$CallableStatement.call(FailOnTimeout.java:293)
	at java.util.concurrent.FutureTask.run(FutureTask.java:266)
	at java.lang.Thread.run(Thread.java:750)
Caused by: org.apache.ratis.util.OpenCloseState$CloseTrace: Close s2@group-1D117010C276-SegmentedRaftLog
	at org.apache.ratis.util.OpenCloseState.lambda$close$1(OpenCloseState.java:109)
	at java.util.concurrent.atomic.AtomicReference.getAndUpdate(AtomicReference.java:160)
	at org.apache.ratis.util.OpenCloseState.close(OpenCloseState.java:109)
	at org.apache.ratis.server.raftlog.RaftLogBase.close(RaftLogBase.java:365)
	at org.apache.ratis.server.raftlog.segmented.SegmentedRaftLog.close(SegmentedRaftLog.java:506)
	at org.apache.ratis.server.impl.ServerState.close(ServerState.java:467)
	at org.apache.ratis.server.impl.RaftServerImpl.lambda$close$4(RaftServerImpl.java:460)
	at org.apache.ratis.util.LifeCycle.lambda$checkStateAndClose$4(LifeCycle.java:299)
	at org.apache.ratis.util.LifeCycle.checkStateAndClose(LifeCycle.java:319)
	at org.apache.ratis.util.LifeCycle.checkStateAndClose(LifeCycle.java:297)
	at org.apache.ratis.server.impl.RaftServerImpl.close(RaftServerImpl.java:437)
	at org.apache.ratis.server.impl.StateMachineUpdater.run(StateMachineUpdater.java:195)
	... 1 more
</error>
    <system-out><![CDATA[2022-07-24 15:56:02,494 [main] INFO  util.LogUtils (Log4jUtils.java:setLogLevel(32)) - Set org.apache.ratis.conf.ConfUtils log level to WARN
2022-07-24 15:56:02,494 [main] INFO  util.LogUtils (Log4jUtils.java:setLogLevel(32)) - Set org.apache.ratis.util.FileUtils log level to TRACE
2022-07-24 15:56:02,494 [main] INFO  util.LogUtils (Log4jUtils.java:setLogLevel(32)) - Set org.apache.ratis.server.raftlog.RaftLog log level to DEBUG
2022-07-24 15:56:02,495 [Time-limited test] INFO  impl.MiniRaftCluster (MiniRaftCluster.java:runWithNewCluster(132)) - Running runWithNewCluster
2022-07-24 15:56:02,496 [Time-limited test] INFO  impl.MiniRaftCluster (MiniRaftCluster.java:<init>(303)) - new MiniRaftClusterWithGrpc with group-1D117010C276:[s0|rpc:localhost:41145|admin:localhost:44949|client:localhost:40971|dataStream:localhost:35053|priority:0|startupRole:FOLLOWER, s1|rpc:localhost:37813|admin:localhost:42655|client:localhost:42193|dataStream:localhost:42861|priority:0|startupRole:FOLLOWER, s2|rpc:localhost:37241|admin:localhost:39099|client:localhost:34449|dataStream:localhost:33751|priority:0|startupRole:FOLLOWER]
2022-07-24 15:56:02,496 [Time-limited test] INFO  impl.MiniRaftCluster (MiniRaftCluster.java:start(336)) - .............................................................. 
2022-07-24 15:56:02,496 [Time-limited test] INFO  impl.MiniRaftCluster (MiniRaftCluster.java:start(337)) - ... 
2022-07-24 15:56:02,496 [Time-limited test] INFO  impl.MiniRaftCluster (MiniRaftCluster.java:start(338)) - ...     Starting MiniRaftClusterWithGrpc
2022-07-24 15:56:02,496 [Time-limited test] INFO  impl.MiniRaftCluster (MiniRaftCluster.java:start(339)) - ... 
2022-07-24 15:56:02,496 [Time-limited test] INFO  impl.MiniRaftCluster (MiniRaftCluster.java:start(340)) - .............................................................. 
2022-07-24 15:56:02,496 [Time-limited test] INFO  impl.MiniRaftCluster (MiniRaftCluster.java:initServers(315)) - servers = {}
2022-07-24 15:56:02,496 [Time-limited test] INFO  impl.MiniRaftCluster (MiniRaftCluster.java:newRaftServer(379)) - newRaftServer: s0, group-1D117010C276:[s0|rpc:localhost:41145|admin:localhost:44949|client:localhost:40971|dataStream:localhost:35053|priority:0|startupRole:FOLLOWER, s1|rpc:localhost:37813|admin:localhost:42655|client:localhost:42193|dataStream:localhost:42861|priority:0|startupRole:FOLLOWER, s2|rpc:localhost:37241|admin:localhost:39099|client:localhost:34449|dataStream:localhost:33751|priority:0|startupRole:FOLLOWER], format? true
2022-07-24 15:56:02,496 [Time-limited test] TRACE util.FileUtils (FileUtils.java:deleteFully(162)) - deleteFully target/test/data/9df233b8/MiniRaftClusterWithGrpcfc29b47e/s0
2022-07-24 15:56:02,496 [Time-limited test] TRACE util.FileUtils (FileUtils.java:deleteFully(178)) - deleteFully: target/test/data/9df233b8/MiniRaftClusterWithGrpcfc29b47e/s0 does not exist.
2022-07-24 15:56:02,496 [Time-limited test] INFO  impl.MiniRaftCluster (MiniRaftCluster.java:newRaftServer(384)) - Formatted directory target/test/data/9df233b8/MiniRaftClusterWithGrpcfc29b47e/s0
2022-07-24 15:56:02,496 [Time-limited test] INFO  server.RaftServer (ConfUtils.java:logGet(46)) - raft.rpc.type = GRPC (default)
2022-07-24 15:56:02,497 [Time-limited test] INFO  grpc.GrpcConfigKeys (ConfUtils.java:logGet(46)) - raft.grpc.admin.port = 44949 (custom)
2022-07-24 15:56:02,497 [Time-limited test] INFO  grpc.GrpcConfigKeys (ConfUtils.java:logGet(46)) - raft.grpc.client.port = 40971 (custom)
2022-07-24 15:56:02,497 [Time-limited test] INFO  grpc.GrpcConfigKeys (ConfUtils.java:logGet(46)) - raft.grpc.server.port = 41145 (custom)
2022-07-24 15:56:02,497 [Time-limited test] INFO  server.GrpcService (ConfUtils.java:logGet(46)) - raft.grpc.message.size.max = 64MB (=67108864) (default)
2022-07-24 15:56:02,497 [Time-limited test] INFO  server.RaftServerConfigKeys (ConfUtils.java:logGet(46)) - raft.server.log.appender.buffer.byte-limit = 4MB (=4194304) (default)
2022-07-24 15:56:02,497 [Time-limited test] INFO  server.GrpcService (ConfUtils.java:logGet(46)) - raft.grpc.flow.control.window = 1MB (=1048576) (default)
2022-07-24 15:56:02,497 [Time-limited test] INFO  server.RaftServerConfigKeys (ConfUtils.java:logGet(46)) - raft.server.rpc.request.timeout = 3000ms (default)
2022-07-24 15:56:02,497 [Time-limited test] INFO  grpc.GrpcConfigKeys (ConfUtils.java:logGet(46)) - raft.grpc.server.heartbeat.channel = true (default)
2022-07-24 15:56:02,497 [Time-limited test] INFO  grpc.GrpcConfigKeys (ConfUtils.java:logGet(46)) - raft.grpc.server.async.request.thread.pool.cached = true (default)
2022-07-24 15:56:02,497 [Time-limited test] INFO  grpc.GrpcConfigKeys (ConfUtils.java:logGet(46)) - raft.grpc.server.async.request.thread.pool.size = 32 (default)
2022-07-24 15:56:02,498 [Time-limited test] INFO  impl.DataStreamServerImpl (ConfUtils.java:logGet(46)) - raft.datastream.type = DISABLED (default)
2022-07-24 15:56:02,498 [Time-limited test] INFO  server.RaftServerConfigKeys (ConfUtils.java:logGet(46)) - raft.server.threadpool.proxy.cached = true (default)
2022-07-24 15:56:02,498 [Time-limited test] INFO  server.RaftServerConfigKeys (ConfUtils.java:logGet(46)) - raft.server.threadpool.proxy.size = 0 (default)
2022-07-24 15:56:02,499 [Time-limited test] INFO  server.RaftServerConfigKeys (ConfUtils.java:logGet(46)) - raft.server.rpc.slowness.timeout = 60s (default)
2022-07-24 15:56:02,499 [Time-limited test] INFO  server.RaftServerConfigKeys (ConfUtils.java:logGet(46)) - raft.server.leaderelection.leader.step-down.wait-time = 10s (default)
2022-07-24 15:56:02,499 [Time-limited test] INFO  server.RaftServerConfigKeys (ConfUtils.java:logGet(46)) - raft.server.storage.dir = [/home/runner/work/ratis/ratis/ratis-test/target/test/data/9df233b8/MiniRaftClusterWithGrpcfc29b47e/s0] (custom)
2022-07-24 15:56:02,520 [Time-limited test] INFO  server.RaftServer (RaftServerProxy.java:addNew(96)) - s0: addNew group-1D117010C276:[s0|rpc:localhost:41145|admin:localhost:44949|client:localhost:40971|dataStream:localhost:35053|priority:0|startupRole:FOLLOWER, s1|rpc:localhost:37813|admin:localhost:42655|client:localhost:42193|dataStream:localhost:42861|priority:0|startupRole:FOLLOWER, s2|rpc:localhost:37241|admin:localhost:39099|client:localhost:34449|dataStream:localhost:33751|priority:0|startupRole:FOLLOWER] returns group-1D117010C276:java.util.concurrent.CompletableFuture@2b68c388[Not completed]
2022-07-24 15:56:02,520 [pool-15-thread-1] INFO  server.RaftServerConfigKeys (ConfUtils.java:logGet(46)) - raft.server.log.segment.size.max = 8MB (=8388608) (default)
2022-07-24 15:56:02,520 [pool-15-thread-1] INFO  server.RaftServerConfigKeys (ConfUtils.java:logGet(46)) - raft.server.log.preallocated.size = 4MB (=4194304) (default)
2022-07-24 15:56:02,520 [pool-15-thread-1] INFO  server.RaftServerConfigKeys (ConfUtils.java:logGet(46)) - raft.server.log.write.buffer.size = 64KB (=65536) (default)
2022-07-24 15:56:02,520 [Time-limited test] INFO  impl.MiniRaftCluster (MiniRaftCluster.java:newRaftServer(379)) - newRaftServer: s1, group-1D117010C276:[s0|rpc:localhost:41145|admin:localhost:44949|client:localhost:40971|dataStream:localhost:35053|priority:0|startupRole:FOLLOWER, s1|rpc:localhost:37813|admin:localhost:42655|client:localhost:42193|dataStream:localhost:42861|priority:0|startupRole:FOLLOWER, s2|rpc:localhost:37241|admin:localhost:39099|client:localhost:34449|dataStream:localhost:33751|priority:0|startupRole:FOLLOWER], format? true
2022-07-24 15:56:02,521 [pool-15-thread-1] INFO  server.RaftServer$Division (RaftServerImpl.java:<init>(192)) - s0: new RaftServerImpl for group-1D117010C276:[s0|rpc:localhost:41145|admin:localhost:44949|client:localhost:40971|dataStream:localhost:35053|priority:0|startupRole:FOLLOWER, s1|rpc:localhost:37813|admin:localhost:42655|client:localhost:42193|dataStream:localhost:42861|priority:0|startupRole:FOLLOWER, s2|rpc:localhost:37241|admin:localhost:39099|client:localhost:34449|dataStream:localhost:33751|priority:0|startupRole:FOLLOWER] with StateMachine4InstallSnapshotNotificationTests:uninitialized
2022-07-24 15:56:02,521 [pool-15-thread-1] INFO  server.RaftServerConfigKeys (ConfUtils.java:logGet(46)) - raft.server.rpc.timeout.min = 150ms (default)
2022-07-24 15:56:02,521 [pool-15-thread-1] INFO  server.RaftServerConfigKeys (ConfUtils.java:logGet(46)) - raft.server.rpc.timeout.max = 300ms (default)
2022-07-24 15:56:02,521 [pool-15-thread-1] INFO  server.RaftServerConfigKeys (ConfUtils.java:logGet(46)) - raft.server.rpc.sleep.time = 25ms (default)
2022-07-24 15:56:02,521 [pool-15-thread-1] INFO  server.RaftServerConfigKeys (ConfUtils.java:logGet(46)) - raft.server.rpc.slowness.timeout = 60s (default)
2022-07-24 15:56:02,521 [pool-15-thread-1] INFO  server.RaftServerConfigKeys (ConfUtils.java:logGet(46)) - raft.server.leaderelection.leader.step-down.wait-time = 10s (default)
2022-07-24 15:56:02,521 [pool-15-thread-1] INFO  server.RaftServerConfigKeys (ConfUtils.java:logGet(46)) - raft.server.sleep.deviation.threshold = 300ms (default)
2022-07-24 15:56:02,521 [pool-15-thread-1] INFO  server.RaftServer$Division (ServerState.java:<init>(118)) - s0@group-1D117010C276: ConfigurationManager, init=-1: peers:[s0|rpc:localhost:41145|admin:localhost:44949|client:localhost:40971|dataStream:localhost:35053|priority:0|startupRole:FOLLOWER, s1|rpc:localhost:37813|admin:localhost:42655|client:localhost:42193|dataStream:localhost:42861|priority:0|startupRole:FOLLOWER, s2|rpc:localhost:37241|admin:localhost:39099|client:localhost:34449|dataStream:localhost:33751|priority:0|startupRole:FOLLOWER]|listeners:[], old=null, confs=<EMPTY_MAP>
2022-07-24 15:56:02,521 [pool-15-thread-1] INFO  server.RaftServerConfigKeys (ConfUtils.java:logGet(46)) - raft.server.storage.dir = [/home/runner/work/ratis/ratis/ratis-test/target/test/data/9df233b8/MiniRaftClusterWithGrpcfc29b47e/s0] (custom)
2022-07-24 15:56:02,521 [pool-15-thread-1] INFO  server.RaftServerConfigKeys (ConfUtils.java:logGet(46)) - raft.server.log.corruption.policy = EXCEPTION (default)
2022-07-24 15:56:02,521 [pool-15-thread-1] INFO  server.RaftServerConfigKeys (ConfUtils.java:logGet(46)) - raft.server.storage.free-space.min = 0MB (=0) (default)
2022-07-24 15:56:02,521 [pool-15-thread-1] INFO  server.RaftServerConfigKeys (ConfUtils.java:logGet(46)) - raft.server.notification.no-leader.timeout = 60s (default)
2022-07-24 15:56:02,521 [pool-15-thread-1] INFO  server.RaftServerConfigKeys (ConfUtils.java:logGet(46)) - raft.server.retrycache.expirytime = 60s (default)
2022-07-24 15:56:02,521 [pool-15-thread-1] INFO  server.RaftServerConfigKeys (ConfUtils.java:logGet(46)) - raft.server.retrycache.statistics.expirytime = 100μs (default)
2022-07-24 15:56:02,522 [pool-15-thread-1] INFO  server.RaftServerConfigKeys (ConfUtils.java:logGet(46)) - raft.server.log.appender.install.snapshot.enabled = false (custom)
2022-07-24 15:56:02,522 [pool-15-thread-1] INFO  server.RaftServerConfigKeys (ConfUtils.java:logGet(46)) - raft.server.threadpool.server.cached = true (default)
2022-07-24 15:56:02,522 [pool-15-thread-1] INFO  server.RaftServerConfigKeys (ConfUtils.java:logGet(46)) - raft.server.threadpool.server.size = 0 (default)
2022-07-24 15:56:02,522 [pool-15-thread-1] INFO  server.RaftServerConfigKeys (ConfUtils.java:logGet(46)) - raft.server.threadpool.client.cached = true (default)
2022-07-24 15:56:02,522 [pool-15-thread-1] INFO  server.RaftServerConfigKeys (ConfUtils.java:logGet(46)) - raft.server.threadpool.client.size = 0 (default)
2022-07-24 15:56:02,522 [Time-limited test] TRACE util.FileUtils (FileUtils.java:deleteFully(162)) - deleteFully target/test/data/9df233b8/MiniRaftClusterWithGrpcfc29b47e/s1
2022-07-24 15:56:02,522 [Time-limited test] TRACE util.FileUtils (FileUtils.java:deleteFully(178)) - deleteFully: target/test/data/9df233b8/MiniRaftClusterWithGrpcfc29b47e/s1 does not exist.
2022-07-24 15:56:02,522 [Time-limited test] INFO  impl.MiniRaftCluster (MiniRaftCluster.java:newRaftServer(384)) - Formatted directory target/test/data/9df233b8/MiniRaftClusterWithGrpcfc29b47e/s1
2022-07-24 15:56:02,522 [Time-limited test] INFO  server.RaftServer (ConfUtils.java:logGet(46)) - raft.rpc.type = GRPC (default)
2022-07-24 15:56:02,522 [Time-limited test] INFO  grpc.GrpcConfigKeys (ConfUtils.java:logGet(46)) - raft.grpc.admin.port = 42655 (custom)
2022-07-24 15:56:02,522 [Time-limited test] INFO  grpc.GrpcConfigKeys (ConfUtils.java:logGet(46)) - raft.grpc.client.port = 42193 (custom)
2022-07-24 15:56:02,522 [Time-limited test] INFO  grpc.GrpcConfigKeys (ConfUtils.java:logGet(46)) - raft.grpc.server.port = 37813 (custom)
2022-07-24 15:56:02,523 [Time-limited test] INFO  server.GrpcService (ConfUtils.java:logGet(46)) - raft.grpc.message.size.max = 64MB (=67108864) (default)
2022-07-24 15:56:02,523 [Time-limited test] INFO  server.RaftServerConfigKeys (ConfUtils.java:logGet(46)) - raft.server.log.appender.buffer.byte-limit = 4MB (=4194304) (default)
2022-07-24 15:56:02,523 [Time-limited test] INFO  server.GrpcService (ConfUtils.java:logGet(46)) - raft.grpc.flow.control.window = 1MB (=1048576) (default)
2022-07-24 15:56:02,523 [Time-limited test] INFO  server.RaftServerConfigKeys (ConfUtils.java:logGet(46)) - raft.server.rpc.request.timeout = 3000ms (default)
2022-07-24 15:56:02,523 [Time-limited test] INFO  grpc.GrpcConfigKeys (ConfUtils.java:logGet(46)) - raft.grpc.server.heartbeat.channel = true (default)
2022-07-24 15:56:02,523 [Time-limited test] INFO  grpc.GrpcConfigKeys (ConfUtils.java:logGet(46)) - raft.grpc.server.async.request.thread.pool.cached = true (default)
2022-07-24 15:56:02,523 [Time-limited test] INFO  grpc.GrpcConfigKeys (ConfUtils.java:logGet(46)) - raft.grpc.server.async.request.thread.pool.size = 32 (default)
2022-07-24 15:56:02,524 [Time-limited test] INFO  impl.DataStreamServerImpl (ConfUtils.java:logGet(46)) - raft.datastream.type = DISABLED (default)
2022-07-24 15:56:02,524 [Time-limited test] INFO  server.RaftServerConfigKeys (ConfUtils.java:logGet(46)) - raft.server.threadpool.proxy.cached = true (default)
2022-07-24 15:56:02,524 [Time-limited test] INFO  server.RaftServerConfigKeys (ConfUtils.java:logGet(46)) - raft.server.threadpool.proxy.size = 0 (default)
2022-07-24 15:56:02,524 [Time-limited test] INFO  server.RaftServerConfigKeys (ConfUtils.java:logGet(46)) - raft.server.rpc.slowness.timeout = 60s (default)
2022-07-24 15:56:02,524 [Time-limited test] INFO  server.RaftServerConfigKeys (ConfUtils.java:logGet(46)) - raft.server.leaderelection.leader.step-down.wait-time = 10s (default)
2022-07-24 15:56:02,525 [Time-limited test] INFO  server.RaftServerConfigKeys (ConfUtils.java:logGet(46)) - raft.server.storage.dir = [/home/runner/work/ratis/ratis/ratis-test/target/test/data/9df233b8/MiniRaftClusterWithGrpcfc29b47e/s1] (custom)
2022-07-24 15:56:02,528 [Time-limited test] INFO  server.RaftServer (RaftServerProxy.java:addNew(96)) - s1: addNew group-1D117010C276:[s0|rpc:localhost:41145|admin:localhost:44949|client:localhost:40971|dataStream:localhost:35053|priority:0|startupRole:FOLLOWER, s1|rpc:localhost:37813|admin:localhost:42655|client:localhost:42193|dataStream:localhost:42861|priority:0|startupRole:FOLLOWER, s2|rpc:localhost:37241|admin:localhost:39099|client:localhost:34449|dataStream:localhost:33751|priority:0|startupRole:FOLLOWER] returns group-1D117010C276:java.util.concurrent.CompletableFuture@26dedf17[Not completed]
2022-07-24 15:56:02,529 [Time-limited test] INFO  impl.MiniRaftCluster (MiniRaftCluster.java:newRaftServer(379)) - newRaftServer: s2, group-1D117010C276:[s0|rpc:localhost:41145|admin:localhost:44949|client:localhost:40971|dataStream:localhost:35053|priority:0|startupRole:FOLLOWER, s1|rpc:localhost:37813|admin:localhost:42655|client:localhost:42193|dataStream:localhost:42861|priority:0|startupRole:FOLLOWER, s2|rpc:localhost:37241|admin:localhost:39099|client:localhost:34449|dataStream:localhost:33751|priority:0|startupRole:FOLLOWER], format? true
2022-07-24 15:56:02,529 [Time-limited test] TRACE util.FileUtils (FileUtils.java:deleteFully(162)) - deleteFully target/test/data/9df233b8/MiniRaftClusterWithGrpcfc29b47e/s2
2022-07-24 15:56:02,529 [Time-limited test] TRACE util.FileUtils (FileUtils.java:deleteFully(178)) - deleteFully: target/test/data/9df233b8/MiniRaftClusterWithGrpcfc29b47e/s2 does not exist.
2022-07-24 15:56:02,529 [Time-limited test] INFO  impl.MiniRaftCluster (MiniRaftCluster.java:newRaftServer(384)) - Formatted directory target/test/data/9df233b8/MiniRaftClusterWithGrpcfc29b47e/s2
2022-07-24 15:56:02,529 [Time-limited test] INFO  server.RaftServer (ConfUtils.java:logGet(46)) - raft.rpc.type = GRPC (default)
2022-07-24 15:56:02,529 [Time-limited test] INFO  grpc.GrpcConfigKeys (ConfUtils.java:logGet(46)) - raft.grpc.admin.port = 39099 (custom)
2022-07-24 15:56:02,529 [Time-limited test] INFO  grpc.GrpcConfigKeys (ConfUtils.java:logGet(46)) - raft.grpc.client.port = 34449 (custom)
2022-07-24 15:56:02,529 [Time-limited test] INFO  grpc.GrpcConfigKeys (ConfUtils.java:logGet(46)) - raft.grpc.server.port = 37241 (custom)
2022-07-24 15:56:02,529 [Time-limited test] INFO  server.GrpcService (ConfUtils.java:logGet(46)) - raft.grpc.message.size.max = 64MB (=67108864) (default)
2022-07-24 15:56:02,529 [Time-limited test] INFO  server.RaftServerConfigKeys (ConfUtils.java:logGet(46)) - raft.server.log.appender.buffer.byte-limit = 4MB (=4194304) (default)
2022-07-24 15:56:02,529 [Time-limited test] INFO  server.GrpcService (ConfUtils.java:logGet(46)) - raft.grpc.flow.control.window = 1MB (=1048576) (default)
2022-07-24 15:56:02,529 [Time-limited test] INFO  server.RaftServerConfigKeys (ConfUtils.java:logGet(46)) - raft.server.rpc.request.timeout = 3000ms (default)
2022-07-24 15:56:02,529 [Time-limited test] INFO  grpc.GrpcConfigKeys (ConfUtils.java:logGet(46)) - raft.grpc.server.heartbeat.channel = true (default)
2022-07-24 15:56:02,529 [Time-limited test] INFO  grpc.GrpcConfigKeys (ConfUtils.java:logGet(46)) - raft.grpc.server.async.request.thread.pool.cached = true (default)
2022-07-24 15:56:02,530 [Time-limited test] INFO  grpc.GrpcConfigKeys (ConfUtils.java:logGet(46)) - raft.grpc.server.async.request.thread.pool.size = 32 (default)
2022-07-24 15:56:02,530 [Time-limited test] INFO  impl.DataStreamServerImpl (ConfUtils.java:logGet(46)) - raft.datastream.type = DISABLED (default)
2022-07-24 15:56:02,530 [Time-limited test] INFO  server.RaftServerConfigKeys (ConfUtils.java:logGet(46)) - raft.server.threadpool.proxy.cached = true (default)
2022-07-24 15:56:02,531 [Time-limited test] INFO  server.RaftServerConfigKeys (ConfUtils.java:logGet(46)) - raft.server.threadpool.proxy.size = 0 (default)
2022-07-24 15:56:02,531 [Time-limited test] INFO  server.RaftServerConfigKeys (ConfUtils.java:logGet(46)) - raft.server.rpc.slowness.timeout = 60s (default)
2022-07-24 15:56:02,531 [Time-limited test] INFO  server.RaftServerConfigKeys (ConfUtils.java:logGet(46)) - raft.server.leaderelection.leader.step-down.wait-time = 10s (default)
2022-07-24 15:56:02,531 [Time-limited test] INFO  server.RaftServerConfigKeys (ConfUtils.java:logGet(46)) - raft.server.storage.dir = [/home/runner/work/ratis/ratis/ratis-test/target/test/data/9df233b8/MiniRaftClusterWithGrpcfc29b47e/s2] (custom)
2022-07-24 15:56:02,531 [pool-16-thread-1] INFO  server.RaftServerConfigKeys (ConfUtils.java:logGet(46)) - raft.server.log.segment.size.max = 8MB (=8388608) (default)
2022-07-24 15:56:02,531 [pool-16-thread-1] INFO  server.RaftServerConfigKeys (ConfUtils.java:logGet(46)) - raft.server.log.preallocated.size = 4MB (=4194304) (default)
2022-07-24 15:56:02,531 [pool-16-thread-1] INFO  server.RaftServerConfigKeys (ConfUtils.java:logGet(46)) - raft.server.log.write.buffer.size = 64KB (=65536) (default)
2022-07-24 15:56:02,531 [pool-16-thread-1] INFO  server.RaftServer$Division (RaftServerImpl.java:<init>(192)) - s1: new RaftServerImpl for group-1D117010C276:[s0|rpc:localhost:41145|admin:localhost:44949|client:localhost:40971|dataStream:localhost:35053|priority:0|startupRole:FOLLOWER, s1|rpc:localhost:37813|admin:localhost:42655|client:localhost:42193|dataStream:localhost:42861|priority:0|startupRole:FOLLOWER, s2|rpc:localhost:37241|admin:localhost:39099|client:localhost:34449|dataStream:localhost:33751|priority:0|startupRole:FOLLOWER] with StateMachine4InstallSnapshotNotificationTests:uninitialized
2022-07-24 15:56:02,531 [pool-16-thread-1] INFO  server.RaftServerConfigKeys (ConfUtils.java:logGet(46)) - raft.server.rpc.timeout.min = 150ms (default)
2022-07-24 15:56:02,532 [pool-16-thread-1] INFO  server.RaftServerConfigKeys (ConfUtils.java:logGet(46)) - raft.server.rpc.timeout.max = 300ms (default)
2022-07-24 15:56:02,532 [pool-16-thread-1] INFO  server.RaftServerConfigKeys (ConfUtils.java:logGet(46)) - raft.server.rpc.sleep.time = 25ms (default)
2022-07-24 15:56:02,532 [pool-16-thread-1] INFO  server.RaftServerConfigKeys (ConfUtils.java:logGet(46)) - raft.server.rpc.slowness.timeout = 60s (default)
2022-07-24 15:56:02,532 [pool-16-thread-1] INFO  server.RaftServerConfigKeys (ConfUtils.java:logGet(46)) - raft.server.leaderelection.leader.step-down.wait-time = 10s (default)
2022-07-24 15:56:02,532 [pool-16-thread-1] INFO  server.RaftServerConfigKeys (ConfUtils.java:logGet(46)) - raft.server.sleep.deviation.threshold = 300ms (default)
2022-07-24 15:56:02,532 [pool-16-thread-1] INFO  server.RaftServer$Division (ServerState.java:<init>(118)) - s1@group-1D117010C276: ConfigurationManager, init=-1: peers:[s0|rpc:localhost:41145|admin:localhost:44949|client:localhost:40971|dataStream:localhost:35053|priority:0|startupRole:FOLLOWER, s1|rpc:localhost:37813|admin:localhost:42655|client:localhost:42193|dataStream:localhost:42861|priority:0|startupRole:FOLLOWER, s2|rpc:localhost:37241|admin:localhost:39099|client:localhost:34449|dataStream:localhost:33751|priority:0|startupRole:FOLLOWER]|listeners:[], old=null, confs=<EMPTY_MAP>
2022-07-24 15:56:02,532 [pool-16-thread-1] INFO  server.RaftServerConfigKeys (ConfUtils.java:logGet(46)) - raft.server.storage.dir = [/home/runner/work/ratis/ratis/ratis-test/target/test/data/9df233b8/MiniRaftClusterWithGrpcfc29b47e/s1] (custom)
2022-07-24 15:56:02,532 [pool-16-thread-1] INFO  server.RaftServerConfigKeys (ConfUtils.java:logGet(46)) - raft.server.log.corruption.policy = EXCEPTION (default)
2022-07-24 15:56:02,532 [pool-16-thread-1] INFO  server.RaftServerConfigKeys (ConfUtils.java:logGet(46)) - raft.server.storage.free-space.min = 0MB (=0) (default)
2022-07-24 15:56:02,532 [pool-16-thread-1] INFO  server.RaftServerConfigKeys (ConfUtils.java:logGet(46)) - raft.server.notification.no-leader.timeout = 60s (default)
2022-07-24 15:56:02,532 [pool-16-thread-1] INFO  server.RaftServerConfigKeys (ConfUtils.java:logGet(46)) - raft.server.retrycache.expirytime = 60s (default)
2022-07-24 15:56:02,532 [pool-16-thread-1] INFO  server.RaftServerConfigKeys (ConfUtils.java:logGet(46)) - raft.server.retrycache.statistics.expirytime = 100μs (default)
2022-07-24 15:56:02,533 [pool-16-thread-1] INFO  server.RaftServerConfigKeys (ConfUtils.java:logGet(46)) - raft.server.log.appender.install.snapshot.enabled = false (custom)
2022-07-24 15:56:02,533 [pool-16-thread-1] INFO  server.RaftServerConfigKeys (ConfUtils.java:logGet(46)) - raft.server.threadpool.server.cached = true (default)
2022-07-24 15:56:02,533 [pool-16-thread-1] INFO  server.RaftServerConfigKeys (ConfUtils.java:logGet(46)) - raft.server.threadpool.server.size = 0 (default)
2022-07-24 15:56:02,533 [pool-16-thread-1] INFO  server.RaftServerConfigKeys (ConfUtils.java:logGet(46)) - raft.server.threadpool.client.cached = true (default)
2022-07-24 15:56:02,533 [pool-16-thread-1] INFO  server.RaftServerConfigKeys (ConfUtils.java:logGet(46)) - raft.server.threadpool.client.size = 0 (default)
2022-07-24 15:56:02,533 [Time-limited test] INFO  server.RaftServer (RaftServerProxy.java:addNew(96)) - s2: addNew group-1D117010C276:[s0|rpc:localhost:41145|admin:localhost:44949|client:localhost:40971|dataStream:localhost:35053|priority:0|startupRole:FOLLOWER, s1|rpc:localhost:37813|admin:localhost:42655|client:localhost:42193|dataStream:localhost:42861|priority:0|startupRole:FOLLOWER, s2|rpc:localhost:37241|admin:localhost:39099|client:localhost:34449|dataStream:localhost:33751|priority:0|startupRole:FOLLOWER] returns group-1D117010C276:java.util.concurrent.CompletableFuture@6daced94[Not completed]
2022-07-24 15:56:02,533 [s0-impl-thread1] INFO  storage.RaftStorageDirectory (RaftStorageDirectoryImpl.java:analyzeStorage(137)) - The storage directory /home/runner/work/ratis/ratis/ratis-test/target/test/data/9df233b8/MiniRaftClusterWithGrpcfc29b47e/s0/6607989c-d6da-490c-8466-1d117010c276 does not exist. Creating ...
2022-07-24 15:56:02,534 [s0-impl-thread1] TRACE util.FileUtils (LogUtils.java:runAndLog(49)) - Successfully ran Files.createDirectories /home/runner/work/ratis/ratis/ratis-test/target/test/data/9df233b8/MiniRaftClusterWithGrpcfc29b47e/s0/6607989c-d6da-490c-8466-1d117010c276
2022-07-24 15:56:02,534 [pool-17-thread-1] INFO  server.RaftServerConfigKeys (ConfUtils.java:logGet(46)) - raft.server.log.segment.size.max = 8MB (=8388608) (default)
2022-07-24 15:56:02,534 [pool-17-thread-1] INFO  server.RaftServerConfigKeys (ConfUtils.java:logGet(46)) - raft.server.log.preallocated.size = 4MB (=4194304) (default)
2022-07-24 15:56:02,534 [pool-17-thread-1] INFO  server.RaftServerConfigKeys (ConfUtils.java:logGet(46)) - raft.server.log.write.buffer.size = 64KB (=65536) (default)
2022-07-24 15:56:02,534 [pool-17-thread-1] INFO  server.RaftServer$Division (RaftServerImpl.java:<init>(192)) - s2: new RaftServerImpl for group-1D117010C276:[s0|rpc:localhost:41145|admin:localhost:44949|client:localhost:40971|dataStream:localhost:35053|priority:0|startupRole:FOLLOWER, s1|rpc:localhost:37813|admin:localhost:42655|client:localhost:42193|dataStream:localhost:42861|priority:0|startupRole:FOLLOWER, s2|rpc:localhost:37241|admin:localhost:39099|client:localhost:34449|dataStream:localhost:33751|priority:0|startupRole:FOLLOWER] with StateMachine4InstallSnapshotNotificationTests:uninitialized
2022-07-24 15:56:02,535 [pool-17-thread-1] INFO  server.RaftServerConfigKeys (ConfUtils.java:logGet(46)) - raft.server.rpc.timeout.min = 150ms (default)
2022-07-24 15:56:02,535 [pool-17-thread-1] INFO  server.RaftServerConfigKeys (ConfUtils.java:logGet(46)) - raft.server.rpc.timeout.max = 300ms (default)
2022-07-24 15:56:02,535 [pool-17-thread-1] INFO  server.RaftServerConfigKeys (ConfUtils.java:logGet(46)) - raft.server.rpc.sleep.time = 25ms (default)
2022-07-24 15:56:02,535 [pool-17-thread-1] INFO  server.RaftServerConfigKeys (ConfUtils.java:logGet(46)) - raft.server.rpc.slowness.timeout = 60s (default)
2022-07-24 15:56:02,535 [pool-17-thread-1] INFO  server.RaftServerConfigKeys (ConfUtils.java:logGet(46)) - raft.server.leaderelection.leader.step-down.wait-time = 10s (default)
2022-07-24 15:56:02,535 [pool-17-thread-1] INFO  server.RaftServerConfigKeys (ConfUtils.java:logGet(46)) - raft.server.sleep.deviation.threshold = 300ms (default)
2022-07-24 15:56:02,535 [pool-17-thread-1] INFO  server.RaftServer$Division (ServerState.java:<init>(118)) - s2@group-1D117010C276: ConfigurationManager, init=-1: peers:[s0|rpc:localhost:41145|admin:localhost:44949|client:localhost:40971|dataStream:localhost:35053|priority:0|startupRole:FOLLOWER, s1|rpc:localhost:37813|admin:localhost:42655|client:localhost:42193|dataStream:localhost:42861|priority:0|startupRole:FOLLOWER, s2|rpc:localhost:37241|admin:localhost:39099|client:localhost:34449|dataStream:localhost:33751|priority:0|startupRole:FOLLOWER]|listeners:[], old=null, confs=<EMPTY_MAP>
2022-07-24 15:56:02,535 [pool-17-thread-1] INFO  server.RaftServerConfigKeys (ConfUtils.java:logGet(46)) - raft.server.storage.dir = [/home/runner/work/ratis/ratis/ratis-test/target/test/data/9df233b8/MiniRaftClusterWithGrpcfc29b47e/s2] (custom)
2022-07-24 15:56:02,535 [s0-impl-thread1] INFO  storage.RaftStorageDirectory (RaftStorageDirectoryImpl.java:tryLock(231)) - Lock on /home/runner/work/ratis/ratis/ratis-test/target/test/data/9df233b8/MiniRaftClusterWithGrpcfc29b47e/s0/6607989c-d6da-490c-8466-1d117010c276/in_use.lock acquired by nodename 19952@fv-az130-183.w2idpbytgoxujjjp101z4a4ccc.phxx.internal.cloudapp.net
2022-07-24 15:56:02,535 [s0-impl-thread1] TRACE util.FileUtils (LogUtils.java:runAndLog(49)) - Successfully ran Files.createDirectories /home/runner/work/ratis/ratis/ratis-test/target/test/data/9df233b8/MiniRaftClusterWithGrpcfc29b47e/s0/6607989c-d6da-490c-8466-1d117010c276/current
2022-07-24 15:56:02,536 [s0-impl-thread1] TRACE util.FileUtils (LogUtils.java:runAndLog(49)) - Successfully ran Files.createDirectories /home/runner/work/ratis/ratis/ratis-test/target/test/data/9df233b8/MiniRaftClusterWithGrpcfc29b47e/s0/6607989c-d6da-490c-8466-1d117010c276/sm
2022-07-24 15:56:02,536 [pool-17-thread-1] INFO  server.RaftServerConfigKeys (ConfUtils.java:logGet(46)) - raft.server.log.corruption.policy = EXCEPTION (default)
2022-07-24 15:56:02,536 [pool-17-thread-1] INFO  server.RaftServerConfigKeys (ConfUtils.java:logGet(46)) - raft.server.storage.free-space.min = 0MB (=0) (default)
2022-07-24 15:56:02,536 [pool-17-thread-1] INFO  server.RaftServerConfigKeys (ConfUtils.java:logGet(46)) - raft.server.notification.no-leader.timeout = 60s (default)
2022-07-24 15:56:02,536 [pool-17-thread-1] INFO  server.RaftServerConfigKeys (ConfUtils.java:logGet(46)) - raft.server.retrycache.expirytime = 60s (default)
2022-07-24 15:56:02,536 [pool-17-thread-1] INFO  server.RaftServerConfigKeys (ConfUtils.java:logGet(46)) - raft.server.retrycache.statistics.expirytime = 100μs (default)
2022-07-24 15:56:02,537 [pool-17-thread-1] INFO  server.RaftServerConfigKeys (ConfUtils.java:logGet(46)) - raft.server.log.appender.install.snapshot.enabled = false (custom)
2022-07-24 15:56:02,537 [pool-17-thread-1] INFO  server.RaftServerConfigKeys (ConfUtils.java:logGet(46)) - raft.server.threadpool.server.cached = true (default)
2022-07-24 15:56:02,537 [pool-17-thread-1] INFO  server.RaftServerConfigKeys (ConfUtils.java:logGet(46)) - raft.server.threadpool.server.size = 0 (default)
2022-07-24 15:56:02,537 [pool-17-thread-1] INFO  server.RaftServerConfigKeys (ConfUtils.java:logGet(46)) - raft.server.threadpool.client.cached = true (default)
2022-07-24 15:56:02,537 [pool-17-thread-1] INFO  server.RaftServerConfigKeys (ConfUtils.java:logGet(46)) - raft.server.threadpool.client.size = 0 (default)
2022-07-24 15:56:02,537 [s0-impl-thread1] INFO  storage.RaftStorage (RaftStorageImpl.java:format(96)) - Storage directory /home/runner/work/ratis/ratis/ratis-test/target/test/data/9df233b8/MiniRaftClusterWithGrpcfc29b47e/s0/6607989c-d6da-490c-8466-1d117010c276 has been successfully formatted.
2022-07-24 15:56:02,537 [s0-impl-thread1] INFO  statemachine.SimpleStateMachine4Testing (SimpleStateMachine4Testing.java:initialize(212)) - Initializing StateMachine4InstallSnapshotNotificationTests:uninitialized
2022-07-24 15:56:02,538 [s0-impl-thread1] INFO  statemachine.SimpleStateMachine4Testing (SimpleStateMachine4Testing.java:loadSnapshot(306)) - The snapshot file null does not exist
2022-07-24 15:56:02,538 [s0-impl-thread1] INFO  server.RaftServerConfigKeys (ConfUtils.java:logGet(46)) - raft.server.log.use.memory = false (default)
2022-07-24 15:56:02,538 [s0-impl-thread1] INFO  server.RaftServerConfigKeys (ConfUtils.java:logGet(46)) - raft.server.log.purge.gap = 8 (custom)
2022-07-24 15:56:02,538 [s0-impl-thread1] INFO  server.RaftServerConfigKeys (ConfUtils.java:logGet(46)) - raft.server.log.appender.buffer.byte-limit = 4MB (=4194304) (default)
2022-07-24 15:56:02,538 [s0-impl-thread1] INFO  server.RaftServerConfigKeys (ConfUtils.java:logGet(46)) - raft.server.log.statemachine.data.read.timeout = 1000ms (default)
2022-07-24 15:56:02,538 [s0-impl-thread1] INFO  server.RaftServerConfigKeys (ConfUtils.java:logGet(46)) - raft.server.log.purge.preservation.log.num = 0 (default)
2022-07-24 15:56:02,538 [s0-impl-thread1] INFO  server.RaftServerConfigKeys (ConfUtils.java:logGet(46)) - raft.server.log.segment.size.max = 1024 (custom)
2022-07-24 15:56:02,538 [s0-impl-thread1] INFO  server.RaftServerConfigKeys (ConfUtils.java:logGet(46)) - raft.server.log.segment.cache.num.max = 6 (default)
2022-07-24 15:56:02,538 [s0-impl-thread1] INFO  server.RaftServerConfigKeys (ConfUtils.java:logGet(46)) - raft.server.log.segment.cache.size.max = 200MB (=209715200) (default)
2022-07-24 15:56:02,538 [s0-impl-thread1] INFO  segmented.SegmentedRaftLogWorker (SegmentedRaftLogWorker.java:<init>(187)) - new s0@group-1D117010C276-SegmentedRaftLogWorker for RaftStorageImpl:Storage Directory /home/runner/work/ratis/ratis/ratis-test/target/test/data/9df233b8/MiniRaftClusterWithGrpcfc29b47e/s0/6607989c-d6da-490c-8466-1d117010c276
2022-07-24 15:56:02,538 [s0-impl-thread1] INFO  server.RaftServerConfigKeys (ConfUtils.java:logGet(46)) - raft.server.log.queue.byte-limit = 64MB (=67108864) (default)
2022-07-24 15:56:02,538 [s0-impl-thread1] INFO  server.RaftServerConfigKeys (ConfUtils.java:logGet(46)) - raft.server.log.queue.element-limit = 4096 (default)
2022-07-24 15:56:02,538 [s0-impl-thread1] INFO  server.RaftServerConfigKeys (ConfUtils.java:logGet(46)) - raft.server.log.segment.size.max = 1024 (custom)
2022-07-24 15:56:02,538 [s0-impl-thread1] INFO  server.RaftServerConfigKeys (ConfUtils.java:logGet(46)) - raft.server.log.preallocated.size = 4MB (=4194304) (default)
2022-07-24 15:56:02,538 [s0-impl-thread1] INFO  server.RaftServerConfigKeys (ConfUtils.java:logGet(46)) - raft.server.log.force.sync.num = 128 (default)
2022-07-24 15:56:02,538 [s0-impl-thread1] INFO  server.RaftServerConfigKeys (ConfUtils.java:logGet(46)) - raft.server.log.statemachine.data.sync = true (default)
2022-07-24 15:56:02,539 [s0-impl-thread1] INFO  server.RaftServerConfigKeys (ConfUtils.java:logGet(46)) - raft.server.log.statemachine.data.sync.timeout = 10s (default)
2022-07-24 15:56:02,539 [s0-impl-thread1] INFO  server.RaftServerConfigKeys (ConfUtils.java:logGet(46)) - raft.server.log.statemachine.data.sync.timeout.retry = -1 (default)
2022-07-24 15:56:02,539 [s0-impl-thread1] INFO  server.RaftServerConfigKeys (ConfUtils.java:logGet(46)) - raft.server.log.write.buffer.size = 64KB (=65536) (default)
2022-07-24 15:56:02,539 [s0-impl-thread1] INFO  server.RaftServerConfigKeys (ConfUtils.java:logGet(46)) - raft.server.log.unsafe-flush.enabled = false (default)
2022-07-24 15:56:02,539 [s0-impl-thread1] INFO  server.RaftServerConfigKeys (ConfUtils.java:logGet(46)) - raft.server.log.statemachine.data.caching.enabled = false (default)
2022-07-24 15:56:02,539 [s0-impl-thread1] INFO  segmented.SegmentedRaftLogWorker (SegmentedRaftLogWorker.java:lambda$new$0(135)) - s0@group-1D117010C276-SegmentedRaftLogWorker: flushIndex: setUnconditionally 0 -> -1
2022-07-24 15:56:02,539 [s0-impl-thread1] INFO  segmented.SegmentedRaftLogWorker (SegmentedRaftLogWorker.java:lambda$new$0(135)) - s0@group-1D117010C276-SegmentedRaftLogWorker: safeCacheEvictIndex: setUnconditionally 0 -> -1
2022-07-24 15:56:02,540 [s0-impl-thread1] INFO  server.RaftServer$Division (RaftServerImpl.java:start(314)) - s0@group-1D117010C276: start as a follower, conf=-1: peers:[s0|rpc:localhost:41145|admin:localhost:44949|client:localhost:40971|dataStream:localhost:35053|priority:0|startupRole:FOLLOWER, s1|rpc:localhost:37813|admin:localhost:42655|client:localhost:42193|dataStream:localhost:42861|priority:0|startupRole:FOLLOWER, s2|rpc:localhost:37241|admin:localhost:39099|client:localhost:34449|dataStream:localhost:33751|priority:0|startupRole:FOLLOWER]|listeners:[], old=null
2022-07-24 15:56:02,540 [s0-impl-thread1] INFO  server.RaftServer$Division (RaftServerImpl.java:setRole(301)) - s0@group-1D117010C276: changes role from      null to FOLLOWER at term 0 for startAsFollower
2022-07-24 15:56:02,540 [s0-impl-thread1] INFO  impl.RoleInfo (RoleInfo.java:updateAndGet(139)) - s0: start s0@group-1D117010C276-FollowerState
2022-07-24 15:56:02,540 [s0-impl-thread1] INFO  util.JmxRegister (JmxRegister.java:tryRegister(44)) - Successfully registered JMX Bean with object name Ratis:service=RaftServer,group=group-1D117010C276,id=s0
2022-07-24 15:56:02,540 [s0-impl-thread1] INFO  server.RaftServerConfigKeys (ConfUtils.java:logGet(46)) - raft.server.snapshot.auto.trigger.enabled = true (custom)
2022-07-24 15:56:02,540 [s0-impl-thread1] INFO  server.RaftServerConfigKeys (ConfUtils.java:logGet(46)) - raft.server.snapshot.auto.trigger.threshold = 64 (custom)
2022-07-24 15:56:02,540 [s0-impl-thread1] INFO  server.RaftServerConfigKeys (ConfUtils.java:logGet(46)) - raft.server.snapshot.retention.file.num = -1 (default)
2022-07-24 15:56:02,541 [s0-impl-thread1] INFO  server.RaftServerConfigKeys (ConfUtils.java:logGet(46)) - raft.server.log.purge.upto.snapshot.index = false (default)
2022-07-24 15:56:02,541 [Time-limited test] INFO  server.RaftServer (RaftServerProxy.java:startImpl(385)) - s0: start RPC server
2022-07-24 15:56:02,542 [Time-limited test] INFO  server.GrpcService (GrpcService.java:startImpl(262)) - s0: GrpcService started, listening on 40971
2022-07-24 15:56:02,544 [Time-limited test] INFO  server.GrpcService (GrpcService.java:startImpl(262)) - s0: GrpcService started, listening on 41145
2022-07-24 15:56:02,544 [Time-limited test] INFO  server.GrpcService (GrpcService.java:startImpl(262)) - s0: GrpcService started, listening on 44949
2022-07-24 15:56:02,544 [org.apache.ratis.util.JvmPauseMonitor$$Lambda$275/1758342788@3ddab151] INFO  util.JvmPauseMonitor (JvmPauseMonitor.java:run(103)) - JvmPauseMonitor-s0: Started
2022-07-24 15:56:02,545 [s1-impl-thread1] INFO  storage.RaftStorageDirectory (RaftStorageDirectoryImpl.java:analyzeStorage(137)) - The storage directory /home/runner/work/ratis/ratis/ratis-test/target/test/data/9df233b8/MiniRaftClusterWithGrpcfc29b47e/s1/6607989c-d6da-490c-8466-1d117010c276 does not exist. Creating ...
2022-07-24 15:56:02,545 [s1-impl-thread1] TRACE util.FileUtils (LogUtils.java:runAndLog(49)) - Successfully ran Files.createDirectories /home/runner/work/ratis/ratis/ratis-test/target/test/data/9df233b8/MiniRaftClusterWithGrpcfc29b47e/s1/6607989c-d6da-490c-8466-1d117010c276
2022-07-24 15:56:02,546 [s1-impl-thread1] INFO  storage.RaftStorageDirectory (RaftStorageDirectoryImpl.java:tryLock(231)) - Lock on /home/runner/work/ratis/ratis/ratis-test/target/test/data/9df233b8/MiniRaftClusterWithGrpcfc29b47e/s1/6607989c-d6da-490c-8466-1d117010c276/in_use.lock acquired by nodename 19952@fv-az130-183.w2idpbytgoxujjjp101z4a4ccc.phxx.internal.cloudapp.net
2022-07-24 15:56:02,546 [s1-impl-thread1] TRACE util.FileUtils (LogUtils.java:runAndLog(49)) - Successfully ran Files.createDirectories /home/runner/work/ratis/ratis/ratis-test/target/test/data/9df233b8/MiniRaftClusterWithGrpcfc29b47e/s1/6607989c-d6da-490c-8466-1d117010c276/current
2022-07-24 15:56:02,546 [s1-impl-thread1] TRACE util.FileUtils (LogUtils.java:runAndLog(49)) - Successfully ran Files.createDirectories /home/runner/work/ratis/ratis/ratis-test/target/test/data/9df233b8/MiniRaftClusterWithGrpcfc29b47e/s1/6607989c-d6da-490c-8466-1d117010c276/sm
2022-07-24 15:56:02,548 [s1-impl-thread1] INFO  storage.RaftStorage (RaftStorageImpl.java:format(96)) - Storage directory /home/runner/work/ratis/ratis/ratis-test/target/test/data/9df233b8/MiniRaftClusterWithGrpcfc29b47e/s1/6607989c-d6da-490c-8466-1d117010c276 has been successfully formatted.
2022-07-24 15:56:02,548 [s1-impl-thread1] INFO  statemachine.SimpleStateMachine4Testing (SimpleStateMachine4Testing.java:initialize(212)) - Initializing StateMachine4InstallSnapshotNotificationTests:uninitialized
2022-07-24 15:56:02,548 [s1-impl-thread1] INFO  statemachine.SimpleStateMachine4Testing (SimpleStateMachine4Testing.java:loadSnapshot(306)) - The snapshot file null does not exist
2022-07-24 15:56:02,548 [s1-impl-thread1] INFO  server.RaftServerConfigKeys (ConfUtils.java:logGet(46)) - raft.server.log.use.memory = false (default)
2022-07-24 15:56:02,548 [s1-impl-thread1] INFO  server.RaftServerConfigKeys (ConfUtils.java:logGet(46)) - raft.server.log.purge.gap = 8 (custom)
2022-07-24 15:56:02,548 [s1-impl-thread1] INFO  server.RaftServerConfigKeys (ConfUtils.java:logGet(46)) - raft.server.log.appender.buffer.byte-limit = 4MB (=4194304) (default)
2022-07-24 15:56:02,549 [s1-impl-thread1] INFO  server.RaftServerConfigKeys (ConfUtils.java:logGet(46)) - raft.server.log.statemachine.data.read.timeout = 1000ms (default)
2022-07-24 15:56:02,549 [s1-impl-thread1] INFO  server.RaftServerConfigKeys (ConfUtils.java:logGet(46)) - raft.server.log.purge.preservation.log.num = 0 (default)
2022-07-24 15:56:02,549 [s1-impl-thread1] INFO  server.RaftServerConfigKeys (ConfUtils.java:logGet(46)) - raft.server.log.segment.size.max = 1024 (custom)
2022-07-24 15:56:02,549 [s1-impl-thread1] INFO  server.RaftServerConfigKeys (ConfUtils.java:logGet(46)) - raft.server.log.segment.cache.num.max = 6 (default)
2022-07-24 15:56:02,549 [s1-impl-thread1] INFO  server.RaftServerConfigKeys (ConfUtils.java:logGet(46)) - raft.server.log.segment.cache.size.max = 200MB (=209715200) (default)
2022-07-24 15:56:02,549 [s1-impl-thread1] INFO  segmented.SegmentedRaftLogWorker (SegmentedRaftLogWorker.java:<init>(187)) - new s1@group-1D117010C276-SegmentedRaftLogWorker for RaftStorageImpl:Storage Directory /home/runner/work/ratis/ratis/ratis-test/target/test/data/9df233b8/MiniRaftClusterWithGrpcfc29b47e/s1/6607989c-d6da-490c-8466-1d117010c276
2022-07-24 15:56:02,549 [s1-impl-thread1] INFO  server.RaftServerConfigKeys (ConfUtils.java:logGet(46)) - raft.server.log.queue.byte-limit = 64MB (=67108864) (default)
2022-07-24 15:56:02,549 [s1-impl-thread1] INFO  server.RaftServerConfigKeys (ConfUtils.java:logGet(46)) - raft.server.log.queue.element-limit = 4096 (default)
2022-07-24 15:56:02,549 [s1-impl-thread1] INFO  server.RaftServerConfigKeys (ConfUtils.java:logGet(46)) - raft.server.log.segment.size.max = 1024 (custom)
2022-07-24 15:56:02,549 [s1-impl-thread1] INFO  server.RaftServerConfigKeys (ConfUtils.java:logGet(46)) - raft.server.log.preallocated.size = 4MB (=4194304) (default)
2022-07-24 15:56:02,549 [s1-impl-thread1] INFO  server.RaftServerConfigKeys (ConfUtils.java:logGet(46)) - raft.server.log.force.sync.num = 128 (default)
2022-07-24 15:56:02,549 [s1-impl-thread1] INFO  server.RaftServerConfigKeys (ConfUtils.java:logGet(46)) - raft.server.log.statemachine.data.sync = true (default)
2022-07-24 15:56:02,549 [s1-impl-thread1] INFO  server.RaftServerConfigKeys (ConfUtils.java:logGet(46)) - raft.server.log.statemachine.data.sync.timeout = 10s (default)
2022-07-24 15:56:02,549 [s1-impl-thread1] INFO  server.RaftServerConfigKeys (ConfUtils.java:logGet(46)) - raft.server.log.statemachine.data.sync.timeout.retry = -1 (default)
2022-07-24 15:56:02,549 [s1-impl-thread1] INFO  server.RaftServerConfigKeys (ConfUtils.java:logGet(46)) - raft.server.log.write.buffer.size = 64KB (=65536) (default)
2022-07-24 15:56:02,549 [s1-impl-thread1] INFO  server.RaftServerConfigKeys (ConfUtils.java:logGet(46)) - raft.server.log.unsafe-flush.enabled = false (default)
2022-07-24 15:56:02,549 [s1-impl-thread1] INFO  server.RaftServerConfigKeys (ConfUtils.java:logGet(46)) - raft.server.log.statemachine.data.caching.enabled = false (default)
2022-07-24 15:56:02,549 [s1-impl-thread1] INFO  segmented.SegmentedRaftLogWorker (SegmentedRaftLogWorker.java:lambda$new$0(135)) - s1@group-1D117010C276-SegmentedRaftLogWorker: flushIndex: setUnconditionally 0 -> -1
2022-07-24 15:56:02,549 [s1-impl-thread1] INFO  segmented.SegmentedRaftLogWorker (SegmentedRaftLogWorker.java:lambda$new$0(135)) - s1@group-1D117010C276-SegmentedRaftLogWorker: safeCacheEvictIndex: setUnconditionally 0 -> -1
2022-07-24 15:56:02,550 [s1-impl-thread1] INFO  server.RaftServer$Division (RaftServerImpl.java:start(314)) - s1@group-1D117010C276: start as a follower, conf=-1: peers:[s0|rpc:localhost:41145|admin:localhost:44949|client:localhost:40971|dataStream:localhost:35053|priority:0|startupRole:FOLLOWER, s1|rpc:localhost:37813|admin:localhost:42655|client:localhost:42193|dataStream:localhost:42861|priority:0|startupRole:FOLLOWER, s2|rpc:localhost:37241|admin:localhost:39099|client:localhost:34449|dataStream:localhost:33751|priority:0|startupRole:FOLLOWER]|listeners:[], old=null
2022-07-24 15:56:02,550 [s1-impl-thread1] INFO  server.RaftServer$Division (RaftServerImpl.java:setRole(301)) - s1@group-1D117010C276: changes role from      null to FOLLOWER at term 0 for startAsFollower
2022-07-24 15:56:02,550 [s1-impl-thread1] INFO  impl.RoleInfo (RoleInfo.java:updateAndGet(139)) - s1: start s1@group-1D117010C276-FollowerState
2022-07-24 15:56:02,551 [s1-impl-thread1] INFO  util.JmxRegister (JmxRegister.java:tryRegister(44)) - Successfully registered JMX Bean with object name Ratis:service=RaftServer,group=group-1D117010C276,id=s1
2022-07-24 15:56:02,551 [s1-impl-thread1] INFO  server.RaftServerConfigKeys (ConfUtils.java:logGet(46)) - raft.server.snapshot.auto.trigger.enabled = true (custom)
2022-07-24 15:56:02,551 [s1-impl-thread1] INFO  server.RaftServerConfigKeys (ConfUtils.java:logGet(46)) - raft.server.snapshot.auto.trigger.threshold = 64 (custom)
2022-07-24 15:56:02,551 [s1-impl-thread1] INFO  server.RaftServerConfigKeys (ConfUtils.java:logGet(46)) - raft.server.snapshot.retention.file.num = -1 (default)
2022-07-24 15:56:02,551 [s1-impl-thread1] INFO  server.RaftServerConfigKeys (ConfUtils.java:logGet(46)) - raft.server.log.purge.upto.snapshot.index = false (default)
2022-07-24 15:56:02,552 [Time-limited test] INFO  server.RaftServer (RaftServerProxy.java:startImpl(385)) - s1: start RPC server
2022-07-24 15:56:02,553 [Time-limited test] INFO  server.GrpcService (GrpcService.java:startImpl(262)) - s1: GrpcService started, listening on 42193
2022-07-24 15:56:02,553 [Time-limited test] INFO  server.GrpcService (GrpcService.java:startImpl(262)) - s1: GrpcService started, listening on 37813
2022-07-24 15:56:02,553 [Time-limited test] INFO  server.GrpcService (GrpcService.java:startImpl(262)) - s1: GrpcService started, listening on 42655
2022-07-24 15:56:02,554 [org.apache.ratis.util.JvmPauseMonitor$$Lambda$275/1758342788@4f090329] INFO  util.JvmPauseMonitor (JvmPauseMonitor.java:run(103)) - JvmPauseMonitor-s1: Started
2022-07-24 15:56:02,554 [s2-impl-thread1] INFO  storage.RaftStorageDirectory (RaftStorageDirectoryImpl.java:analyzeStorage(137)) - The storage directory /home/runner/work/ratis/ratis/ratis-test/target/test/data/9df233b8/MiniRaftClusterWithGrpcfc29b47e/s2/6607989c-d6da-490c-8466-1d117010c276 does not exist. Creating ...
2022-07-24 15:56:02,554 [s2-impl-thread1] TRACE util.FileUtils (LogUtils.java:runAndLog(49)) - Successfully ran Files.createDirectories /home/runner/work/ratis/ratis/ratis-test/target/test/data/9df233b8/MiniRaftClusterWithGrpcfc29b47e/s2/6607989c-d6da-490c-8466-1d117010c276
2022-07-24 15:56:02,556 [s2-impl-thread1] INFO  storage.RaftStorageDirectory (RaftStorageDirectoryImpl.java:tryLock(231)) - Lock on /home/runner/work/ratis/ratis/ratis-test/target/test/data/9df233b8/MiniRaftClusterWithGrpcfc29b47e/s2/6607989c-d6da-490c-8466-1d117010c276/in_use.lock acquired by nodename 19952@fv-az130-183.w2idpbytgoxujjjp101z4a4ccc.phxx.internal.cloudapp.net
2022-07-24 15:56:02,556 [s2-impl-thread1] TRACE util.FileUtils (LogUtils.java:runAndLog(49)) - Successfully ran Files.createDirectories /home/runner/work/ratis/ratis/ratis-test/target/test/data/9df233b8/MiniRaftClusterWithGrpcfc29b47e/s2/6607989c-d6da-490c-8466-1d117010c276/current
2022-07-24 15:56:02,556 [s2-impl-thread1] TRACE util.FileUtils (LogUtils.java:runAndLog(49)) - Successfully ran Files.createDirectories /home/runner/work/ratis/ratis/ratis-test/target/test/data/9df233b8/MiniRaftClusterWithGrpcfc29b47e/s2/6607989c-d6da-490c-8466-1d117010c276/sm
2022-07-24 15:56:02,557 [s2-impl-thread1] INFO  storage.RaftStorage (RaftStorageImpl.java:format(96)) - Storage directory /home/runner/work/ratis/ratis/ratis-test/target/test/data/9df233b8/MiniRaftClusterWithGrpcfc29b47e/s2/6607989c-d6da-490c-8466-1d117010c276 has been successfully formatted.
2022-07-24 15:56:02,557 [s2-impl-thread1] INFO  statemachine.SimpleStateMachine4Testing (SimpleStateMachine4Testing.java:initialize(212)) - Initializing StateMachine4InstallSnapshotNotificationTests:uninitialized
2022-07-24 15:56:02,557 [s2-impl-thread1] INFO  statemachine.SimpleStateMachine4Testing (SimpleStateMachine4Testing.java:loadSnapshot(306)) - The snapshot file null does not exist
2022-07-24 15:56:02,557 [s2-impl-thread1] INFO  server.RaftServerConfigKeys (ConfUtils.java:logGet(46)) - raft.server.log.use.memory = false (default)
2022-07-24 15:56:02,557 [s2-impl-thread1] INFO  server.RaftServerConfigKeys (ConfUtils.java:logGet(46)) - raft.server.log.purge.gap = 8 (custom)
2022-07-24 15:56:02,557 [s2-impl-thread1] INFO  server.RaftServerConfigKeys (ConfUtils.java:logGet(46)) - raft.server.log.appender.buffer.byte-limit = 4MB (=4194304) (default)
2022-07-24 15:56:02,557 [s2-impl-thread1] INFO  server.RaftServerConfigKeys (ConfUtils.java:logGet(46)) - raft.server.log.statemachine.data.read.timeout = 1000ms (default)
2022-07-24 15:56:02,557 [s2-impl-thread1] INFO  server.RaftServerConfigKeys (ConfUtils.java:logGet(46)) - raft.server.log.purge.preservation.log.num = 0 (default)
2022-07-24 15:56:02,557 [s2-impl-thread1] INFO  server.RaftServerConfigKeys (ConfUtils.java:logGet(46)) - raft.server.log.segment.size.max = 1024 (custom)
2022-07-24 15:56:02,558 [s2-impl-thread1] INFO  server.RaftServerConfigKeys (ConfUtils.java:logGet(46)) - raft.server.log.segment.cache.num.max = 6 (default)
2022-07-24 15:56:02,558 [s2-impl-thread1] INFO  server.RaftServerConfigKeys (ConfUtils.java:logGet(46)) - raft.server.log.segment.cache.size.max = 200MB (=209715200) (default)
2022-07-24 15:56:02,558 [s2-impl-thread1] INFO  segmented.SegmentedRaftLogWorker (SegmentedRaftLogWorker.java:<init>(187)) - new s2@group-1D117010C276-SegmentedRaftLogWorker for RaftStorageImpl:Storage Directory /home/runner/work/ratis/ratis/ratis-test/target/test/data/9df233b8/MiniRaftClusterWithGrpcfc29b47e/s2/6607989c-d6da-490c-8466-1d117010c276
2022-07-24 15:56:02,558 [s2-impl-thread1] INFO  server.RaftServerConfigKeys (ConfUtils.java:logGet(46)) - raft.server.log.queue.byte-limit = 64MB (=67108864) (default)
2022-07-24 15:56:02,558 [s2-impl-thread1] INFO  server.RaftServerConfigKeys (ConfUtils.java:logGet(46)) - raft.server.log.queue.element-limit = 4096 (default)
2022-07-24 15:56:02,558 [s2-impl-thread1] INFO  server.RaftServerConfigKeys (ConfUtils.java:logGet(46)) - raft.server.log.segment.size.max = 1024 (custom)
2022-07-24 15:56:02,558 [s2-impl-thread1] INFO  server.RaftServerConfigKeys (ConfUtils.java:logGet(46)) - raft.server.log.preallocated.size = 4MB (=4194304) (default)
2022-07-24 15:56:02,558 [s2-impl-thread1] INFO  server.RaftServerConfigKeys (ConfUtils.java:logGet(46)) - raft.server.log.force.sync.num = 128 (default)
2022-07-24 15:56:02,558 [s2-impl-thread1] INFO  server.RaftServerConfigKeys (ConfUtils.java:logGet(46)) - raft.server.log.statemachine.data.sync = true (default)
2022-07-24 15:56:02,558 [s2-impl-thread1] INFO  server.RaftServerConfigKeys (ConfUtils.java:logGet(46)) - raft.server.log.statemachine.data.sync.timeout = 10s (default)
2022-07-24 15:56:02,558 [s2-impl-thread1] INFO  server.RaftServerConfigKeys (ConfUtils.java:logGet(46)) - raft.server.log.statemachine.data.sync.timeout.retry = -1 (default)
2022-07-24 15:56:02,558 [s2-impl-thread1] INFO  server.RaftServerConfigKeys (ConfUtils.java:logGet(46)) - raft.server.log.write.buffer.size = 64KB (=65536) (default)
2022-07-24 15:56:02,558 [s2-impl-thread1] INFO  server.RaftServerConfigKeys (ConfUtils.java:logGet(46)) - raft.server.log.unsafe-flush.enabled = false (default)
2022-07-24 15:56:02,558 [s2-impl-thread1] INFO  server.RaftServerConfigKeys (ConfUtils.java:logGet(46)) - raft.server.log.statemachine.data.caching.enabled = false (default)
2022-07-24 15:56:02,558 [s2-impl-thread1] INFO  segmented.SegmentedRaftLogWorker (SegmentedRaftLogWorker.java:lambda$new$0(135)) - s2@group-1D117010C276-SegmentedRaftLogWorker: flushIndex: setUnconditionally 0 -> -1
2022-07-24 15:56:02,558 [s2-impl-thread1] INFO  segmented.SegmentedRaftLogWorker (SegmentedRaftLogWorker.java:lambda$new$0(135)) - s2@group-1D117010C276-SegmentedRaftLogWorker: safeCacheEvictIndex: setUnconditionally 0 -> -1
2022-07-24 15:56:02,560 [s2-impl-thread1] INFO  server.RaftServer$Division (RaftServerImpl.java:start(314)) - s2@group-1D117010C276: start as a follower, conf=-1: peers:[s0|rpc:localhost:41145|admin:localhost:44949|client:localhost:40971|dataStream:localhost:35053|priority:0|startupRole:FOLLOWER, s1|rpc:localhost:37813|admin:localhost:42655|client:localhost:42193|dataStream:localhost:42861|priority:0|startupRole:FOLLOWER, s2|rpc:localhost:37241|admin:localhost:39099|client:localhost:34449|dataStream:localhost:33751|priority:0|startupRole:FOLLOWER]|listeners:[], old=null
2022-07-24 15:56:02,560 [s2-impl-thread1] INFO  server.RaftServer$Division (RaftServerImpl.java:setRole(301)) - s2@group-1D117010C276: changes role from      null to FOLLOWER at term 0 for startAsFollower
2022-07-24 15:56:02,560 [s2-impl-thread1] INFO  impl.RoleInfo (RoleInfo.java:updateAndGet(139)) - s2: start s2@group-1D117010C276-FollowerState
2022-07-24 15:56:02,565 [s2-impl-thread1] INFO  util.JmxRegister (JmxRegister.java:tryRegister(44)) - Successfully registered JMX Bean with object name Ratis:service=RaftServer,group=group-1D117010C276,id=s2
2022-07-24 15:56:02,565 [s2-impl-thread1] INFO  server.RaftServerConfigKeys (ConfUtils.java:logGet(46)) - raft.server.snapshot.auto.trigger.enabled = true (custom)
2022-07-24 15:56:02,565 [s2-impl-thread1] INFO  server.RaftServerConfigKeys (ConfUtils.java:logGet(46)) - raft.server.snapshot.auto.trigger.threshold = 64 (custom)
2022-07-24 15:56:02,565 [s2-impl-thread1] INFO  server.RaftServerConfigKeys (ConfUtils.java:logGet(46)) - raft.server.snapshot.retention.file.num = -1 (default)
2022-07-24 15:56:02,565 [s2-impl-thread1] INFO  server.RaftServerConfigKeys (ConfUtils.java:logGet(46)) - raft.server.log.purge.upto.snapshot.index = false (default)
2022-07-24 15:56:02,565 [Time-limited test] INFO  server.RaftServer (RaftServerProxy.java:startImpl(385)) - s2: start RPC server
2022-07-24 15:56:02,566 [Time-limited test] INFO  server.GrpcService (GrpcService.java:startImpl(262)) - s2: GrpcService started, listening on 34449
2022-07-24 15:56:02,566 [Time-limited test] INFO  server.GrpcService (GrpcService.java:startImpl(262)) - s2: GrpcService started, listening on 37241
2022-07-24 15:56:02,566 [Time-limited test] INFO  server.GrpcService (GrpcService.java:startImpl(262)) - s2: GrpcService started, listening on 39099
2022-07-24 15:56:02,567 [org.apache.ratis.util.JvmPauseMonitor$$Lambda$275/1758342788@1f398f00] INFO  util.JvmPauseMonitor (JvmPauseMonitor.java:run(103)) - JvmPauseMonitor-s2: Started
2022-07-24 15:56:02,568 [Time-limited test] INFO  server.RaftServerConfigKeys (ConfUtils.java:logGet(46)) - raft.server.rpc.timeout.max = 300ms (default)
2022-07-24 15:56:02,568 [Time-limited test] INFO  ratis.RaftTestUtil (RaftTestUtil.java:waitForLeader(100)) - printing ALL groups
  s0:  RUNNING  FOLLOWER s0@group-1D117010C276:t0, leader=null, voted=, raftlog=Memoized:s0@group-1D117010C276-SegmentedRaftLog:OPENED:c-1, conf=-1: peers:[s0|rpc:localhost:41145|admin:localhost:44949|client:localhost:40971|dataStream:localhost:35053|priority:0|startupRole:FOLLOWER, s1|rpc:localhost:37813|admin:localhost:42655|client:localhost:42193|dataStream:localhost:42861|priority:0|startupRole:FOLLOWER, s2|rpc:localhost:37241|admin:localhost:39099|client:localhost:34449|dataStream:localhost:33751|priority:0|startupRole:FOLLOWER]|listeners:[], old=null RUNNING
  s1:  RUNNING  FOLLOWER s1@group-1D117010C276:t0, leader=null, voted=, raftlog=Memoized:s1@group-1D117010C276-SegmentedRaftLog:OPENED:c-1, conf=-1: peers:[s0|rpc:localhost:41145|admin:localhost:44949|client:localhost:40971|dataStream:localhost:35053|priority:0|startupRole:FOLLOWER, s1|rpc:localhost:37813|admin:localhost:42655|client:localhost:42193|dataStream:localhost:42861|priority:0|startupRole:FOLLOWER, s2|rpc:localhost:37241|admin:localhost:39099|client:localhost:34449|dataStream:localhost:33751|priority:0|startupRole:FOLLOWER]|listeners:[], old=null RUNNING
  s2:  RUNNING  FOLLOWER s2@group-1D117010C276:t0, leader=null, voted=, raftlog=Memoized:s2@group-1D117010C276-SegmentedRaftLog:OPENED:c-1, conf=-1: peers:[s0|rpc:localhost:41145|admin:localhost:44949|client:localhost:40971|dataStream:localhost:35053|priority:0|startupRole:FOLLOWER, s1|rpc:localhost:37813|admin:localhost:42655|client:localhost:42193|dataStream:localhost:42861|priority:0|startupRole:FOLLOWER, s2|rpc:localhost:37241|admin:localhost:39099|client:localhost:34449|dataStream:localhost:33751|priority:0|startupRole:FOLLOWER]|listeners:[], old=null RUNNING
2022-07-24 15:56:02,569 [Time-limited test] WARN  ratis.RaftTestUtil (JavaUtils.java:attempt(172)) - FAILED "waitForLeader-null-(expectLeader? true)", attempt #1/100: java.lang.IllegalStateException: No leader yet : printing ALL groups
  s0:  RUNNING  FOLLOWER s0@group-1D117010C276:t0, leader=null, voted=, raftlog=Memoized:s0@group-1D117010C276-SegmentedRaftLog:OPENED:c-1, conf=-1: peers:[s0|rpc:localhost:41145|admin:localhost:44949|client:localhost:40971|dataStream:localhost:35053|priority:0|startupRole:FOLLOWER, s1|rpc:localhost:37813|admin:localhost:42655|client:localhost:42193|dataStream:localhost:42861|priority:0|startupRole:FOLLOWER, s2|rpc:localhost:37241|admin:localhost:39099|client:localhost:34449|dataStream:localhost:33751|priority:0|startupRole:FOLLOWER]|listeners:[], old=null RUNNING
  s1:  RUNNING  FOLLOWER s1@group-1D117010C276:t0, leader=null, voted=, raftlog=Memoized:s1@group-1D117010C276-SegmentedRaftLog:OPENED:c-1, conf=-1: peers:[s0|rpc:localhost:41145|admin:localhost:44949|client:localhost:40971|dataStream:localhost:35053|priority:0|startupRole:FOLLOWER, s1|rpc:localhost:37813|admin:localhost:42655|client:localhost:42193|dataStream:localhost:42861|priority:0|startupRole:FOLLOWER, s2|rpc:localhost:37241|admin:localhost:39099|client:localhost:34449|dataStream:localhost:33751|priority:0|startupRole:FOLLOWER]|listeners:[], old=null RUNNING
  s2:  RUNNING  FOLLOWER s2@group-1D117010C276:t0, leader=null, voted=, raftlog=Memoized:s2@group-1D117010C276-SegmentedRaftLog:OPENED:c-1, conf=-1: peers:[s0|rpc:localhost:41145|admin:localhost:44949|client:localhost:40971|dataStream:localhost:35053|priority:0|startupRole:FOLLOWER, s1|rpc:localhost:37813|admin:localhost:42655|client:localhost:42193|dataStream:localhost:42861|priority:0|startupRole:FOLLOWER, s2|rpc:localhost:37241|admin:localhost:39099|client:localhost:34449|dataStream:localhost:33751|priority:0|startupRole:FOLLOWER]|listeners:[], old=null RUNNING, sleep 450ms and then retry.
java.lang.IllegalStateException: No leader yet : printing ALL groups
  s0:  RUNNING  FOLLOWER s0@group-1D117010C276:t0, leader=null, voted=, raftlog=Memoized:s0@group-1D117010C276-SegmentedRaftLog:OPENED:c-1, conf=-1: peers:[s0|rpc:localhost:41145|admin:localhost:44949|client:localhost:40971|dataStream:localhost:35053|priority:0|startupRole:FOLLOWER, s1|rpc:localhost:37813|admin:localhost:42655|client:localhost:42193|dataStream:localhost:42861|priority:0|startupRole:FOLLOWER, s2|rpc:localhost:37241|admin:localhost:39099|client:localhost:34449|dataStream:localhost:33751|priority:0|startupRole:FOLLOWER]|listeners:[], old=null RUNNING
  s1:  RUNNING  FOLLOWER s1@group-1D117010C276:t0, leader=null, voted=, raftlog=Memoized:s1@group-1D117010C276-SegmentedRaftLog:OPENED:c-1, conf=-1: peers:[s0|rpc:localhost:41145|admin:localhost:44949|client:localhost:40971|dataStream:localhost:35053|priority:0|startupRole:FOLLOWER, s1|rpc:localhost:37813|admin:localhost:42655|client:localhost:42193|dataStream:localhost:42861|priority:0|startupRole:FOLLOWER, s2|rpc:localhost:37241|admin:localhost:39099|client:localhost:34449|dataStream:localhost:33751|priority:0|startupRole:FOLLOWER]|listeners:[], old=null RUNNING
  s2:  RUNNING  FOLLOWER s2@group-1D117010C276:t0, leader=null, voted=, raftlog=Memoized:s2@group-1D117010C276-SegmentedRaftLog:OPENED:c-1, conf=-1: peers:[s0|rpc:localhost:41145|admin:localhost:44949|client:localhost:40971|dataStream:localhost:35053|priority:0|startupRole:FOLLOWER, s1|rpc:localhost:37813|admin:localhost:42655|client:localhost:42193|dataStream:localhost:42861|priority:0|startupRole:FOLLOWER, s2|rpc:localhost:37241|admin:localhost:39099|client:localhost:34449|dataStream:localhost:33751|priority:0|startupRole:FOLLOWER]|listeners:[], old=null RUNNING
	at org.apache.ratis.server.impl.MiniRaftCluster.newIllegalStateExceptionForNoLeaders(MiniRaftCluster.java:577)
	at org.apache.ratis.RaftTestUtil.lambda$waitForLeader$1(RaftTestUtil.java:104)
	at org.apache.ratis.server.impl.MiniRaftCluster.getLeader(MiniRaftCluster.java:611)
	at org.apache.ratis.server.impl.MiniRaftCluster.getLeader(MiniRaftCluster.java:604)
	at org.apache.ratis.RaftTestUtil.lambda$waitForLeader$3(RaftTestUtil.java:112)
	at org.apache.ratis.util.JavaUtils.attempt(JavaUtils.java:166)
	at org.apache.ratis.util.JavaUtils.attemptRepeatedly(JavaUtils.java:152)
	at org.apache.ratis.RaftTestUtil.waitForLeader(RaftTestUtil.java:111)
	at org.apache.ratis.RaftTestUtil.waitForLeader(RaftTestUtil.java:92)
	at org.apache.ratis.RaftTestUtil.waitForLeader(RaftTestUtil.java:87)
	at org.apache.ratis.InstallSnapshotNotificationTests.testRestartFollower(InstallSnapshotNotificationTests.java:256)
	at org.apache.ratis.server.impl.MiniRaftCluster$Factory$Get.runWithNewCluster(MiniRaftCluster.java:138)
	at org.apache.ratis.server.impl.MiniRaftCluster$Factory$Get.runWithNewCluster(MiniRaftCluster.java:118)
	at org.apache.ratis.InstallSnapshotNotificationTests.testRestartFollower(InstallSnapshotNotificationTests.java:250)
	at sun.reflect.NativeMethodAccessorImpl.invoke0(Native Method)
	at sun.reflect.NativeMethodAccessorImpl.invoke(NativeMethodAccessorImpl.java:62)
	at sun.reflect.DelegatingMethodAccessorImpl.invoke(DelegatingMethodAccessorImpl.java:43)
	at java.lang.reflect.Method.invoke(Method.java:498)
	at org.junit.runners.model.FrameworkMethod$1.runReflectiveCall(FrameworkMethod.java:59)
	at org.junit.internal.runners.model.ReflectiveCallable.run(ReflectiveCallable.java:12)
	at org.junit.runners.model.FrameworkMethod.invokeExplosively(FrameworkMethod.java:56)
	at org.junit.internal.runners.statements.InvokeMethod.evaluate(InvokeMethod.java:17)
	at org.junit.internal.runners.statements.RunAfters.evaluate(RunAfters.java:27)
	at org.junit.internal.runners.statements.FailOnTimeout$CallableStatement.call(FailOnTimeout.java:299)
	at org.junit.internal.runners.statements.FailOnTimeout$CallableStatement.call(FailOnTimeout.java:293)
	at java.util.concurrent.FutureTask.run(FutureTask.java:266)
	at java.lang.Thread.run(Thread.java:750)
2022-07-24 15:56:02,719 [s2@group-1D117010C276-FollowerState] INFO  impl.FollowerState (FollowerState.java:run(143)) - s2@group-1D117010C276-FollowerState: change to CANDIDATE, lastRpcElapsedTime:158887335ns, electionTimeout:154ms
2022-07-24 15:56:02,719 [s2@group-1D117010C276-FollowerState] INFO  impl.RoleInfo (RoleInfo.java:shutdownFollowerState(110)) - s2: shutdown s2@group-1D117010C276-FollowerState
2022-07-24 15:56:02,719 [s2@group-1D117010C276-FollowerState] INFO  server.RaftServer$Division (RaftServerImpl.java:setRole(301)) - s2@group-1D117010C276: changes role from  FOLLOWER to CANDIDATE at term 0 for changeToCandidate
2022-07-24 15:56:02,719 [s2@group-1D117010C276-FollowerState] INFO  server.RaftServerConfigKeys (ConfUtils.java:logGet(46)) - raft.server.leaderelection.pre-vote = true (default)
2022-07-24 15:56:02,720 [s2@group-1D117010C276-FollowerState] INFO  impl.RoleInfo (RoleInfo.java:updateAndGet(139)) - s2: start s2@group-1D117010C276-LeaderElection32
2022-07-24 15:56:02,723 [s2@group-1D117010C276-LeaderElection32] INFO  impl.LeaderElection (LeaderElection.java:askForVotes(310)) - s2@group-1D117010C276-LeaderElection32 PRE_VOTE round 0: submit vote requests at term 0 for -1: peers:[s0|rpc:localhost:41145|admin:localhost:44949|client:localhost:40971|dataStream:localhost:35053|priority:0|startupRole:FOLLOWER, s1|rpc:localhost:37813|admin:localhost:42655|client:localhost:42193|dataStream:localhost:42861|priority:0|startupRole:FOLLOWER, s2|rpc:localhost:37241|admin:localhost:39099|client:localhost:34449|dataStream:localhost:33751|priority:0|startupRole:FOLLOWER]|listeners:[], old=null
2022-07-24 15:56:02,724 [s2@group-1D117010C276-LeaderElection32-1] INFO  server.GrpcServerProtocolClient (GrpcServerProtocolClient.java:<init>(63)) - Build channel for s0
2022-07-24 15:56:02,724 [s2@group-1D117010C276-LeaderElection32-2] INFO  server.GrpcServerProtocolClient (GrpcServerProtocolClient.java:<init>(63)) - Build channel for s1
2022-07-24 15:56:02,730 [grpc-default-executor-6] INFO  server.RaftServer$Division (RaftServerImpl.java:requestVote(1198)) - s1@group-1D117010C276: receive requestVote(PRE_VOTE, s2, group-1D117010C276, 0, (t:0, i:0))
2022-07-24 15:56:02,730 [grpc-default-executor-6] INFO  impl.VoteContext (VoteContext.java:log(48)) - s1@group-1D117010C276-FOLLOWER: accept PRE_VOTE from s2: our priority 0 <= candidate's priority 0
2022-07-24 15:56:02,730 [grpc-default-executor-6] INFO  server.RaftServer$Division (RaftServerImpl.java:requestVote(1231)) - s1@group-1D117010C276 replies to PRE_VOTE vote request: s2<-s1#0:OK-t0. Peer's state: s1@group-1D117010C276:t0, leader=null, voted=, raftlog=Memoized:s1@group-1D117010C276-SegmentedRaftLog:OPENED:c-1, conf=-1: peers:[s0|rpc:localhost:41145|admin:localhost:44949|client:localhost:40971|dataStream:localhost:35053|priority:0|startupRole:FOLLOWER, s1|rpc:localhost:37813|admin:localhost:42655|client:localhost:42193|dataStream:localhost:42861|priority:0|startupRole:FOLLOWER, s2|rpc:localhost:37241|admin:localhost:39099|client:localhost:34449|dataStream:localhost:33751|priority:0|startupRole:FOLLOWER]|listeners:[], old=null
2022-07-24 15:56:02,731 [s2@group-1D117010C276-LeaderElection32] INFO  impl.LeaderElection (LeaderElection.java:logAndReturn(90)) - s2@group-1D117010C276-LeaderElection32: PRE_VOTE PASSED received 1 response(s) and 0 exception(s):
2022-07-24 15:56:02,731 [s2@group-1D117010C276-LeaderElection32] INFO  impl.LeaderElection (LeaderElection.java:logAndReturn(94)) -   Response 0: s2<-s1#0:OK-t0
2022-07-24 15:56:02,731 [s2@group-1D117010C276-LeaderElection32] INFO  impl.LeaderElection (LeaderElection.java:askForVotes(312)) - s2@group-1D117010C276-LeaderElection32 PRE_VOTE round 0: result PASSED
2022-07-24 15:56:02,731 [grpc-default-executor-6] INFO  server.RaftServer$Division (RaftServerImpl.java:requestVote(1198)) - s0@group-1D117010C276: receive requestVote(PRE_VOTE, s2, group-1D117010C276, 0, (t:0, i:0))
2022-07-24 15:56:02,731 [grpc-default-executor-6] INFO  impl.VoteContext (VoteContext.java:log(48)) - s0@group-1D117010C276-FOLLOWER: accept PRE_VOTE from s2: our priority 0 <= candidate's priority 0
2022-07-24 15:56:02,731 [grpc-default-executor-6] INFO  server.RaftServer$Division (RaftServerImpl.java:requestVote(1231)) - s0@group-1D117010C276 replies to PRE_VOTE vote request: s2<-s0#0:OK-t0. Peer's state: s0@group-1D117010C276:t0, leader=null, voted=, raftlog=Memoized:s0@group-1D117010C276-SegmentedRaftLog:OPENED:c-1, conf=-1: peers:[s0|rpc:localhost:41145|admin:localhost:44949|client:localhost:40971|dataStream:localhost:35053|priority:0|startupRole:FOLLOWER, s1|rpc:localhost:37813|admin:localhost:42655|client:localhost:42193|dataStream:localhost:42861|priority:0|startupRole:FOLLOWER, s2|rpc:localhost:37241|admin:localhost:39099|client:localhost:34449|dataStream:localhost:33751|priority:0|startupRole:FOLLOWER]|listeners:[], old=null
2022-07-24 15:56:02,734 [s2@group-1D117010C276-LeaderElection32] INFO  impl.LeaderElection (LeaderElection.java:askForVotes(310)) - s2@group-1D117010C276-LeaderElection32 ELECTION round 0: submit vote requests at term 1 for -1: peers:[s0|rpc:localhost:41145|admin:localhost:44949|client:localhost:40971|dataStream:localhost:35053|priority:0|startupRole:FOLLOWER, s1|rpc:localhost:37813|admin:localhost:42655|client:localhost:42193|dataStream:localhost:42861|priority:0|startupRole:FOLLOWER, s2|rpc:localhost:37241|admin:localhost:39099|client:localhost:34449|dataStream:localhost:33751|priority:0|startupRole:FOLLOWER]|listeners:[], old=null
2022-07-24 15:56:02,735 [grpc-default-executor-6] INFO  server.RaftServer$Division (RaftServerImpl.java:requestVote(1198)) - s1@group-1D117010C276: receive requestVote(ELECTION, s2, group-1D117010C276, 1, (t:0, i:0))
2022-07-24 15:56:02,735 [grpc-default-executor-6] INFO  impl.VoteContext (VoteContext.java:log(48)) - s1@group-1D117010C276-FOLLOWER: accept ELECTION from s2: our priority 0 <= candidate's priority 0
2022-07-24 15:56:02,735 [grpc-default-executor-6] INFO  server.RaftServer$Division (RaftServerImpl.java:setRole(301)) - s1@group-1D117010C276: changes role from  FOLLOWER to FOLLOWER at term 1 for candidate:s2
2022-07-24 15:56:02,735 [grpc-default-executor-6] INFO  impl.RoleInfo (RoleInfo.java:shutdownFollowerState(110)) - s1: shutdown s1@group-1D117010C276-FollowerState
2022-07-24 15:56:02,735 [grpc-default-executor-6] INFO  impl.RoleInfo (RoleInfo.java:updateAndGet(139)) - s1: start s1@group-1D117010C276-FollowerState
2022-07-24 15:56:02,735 [s1@group-1D117010C276-FollowerState] INFO  impl.FollowerState (FollowerState.java:run(152)) - s1@group-1D117010C276-FollowerState was interrupted
2022-07-24 15:56:02,735 [grpc-default-executor-4] INFO  server.RaftServer$Division (RaftServerImpl.java:requestVote(1198)) - s0@group-1D117010C276: receive requestVote(ELECTION, s2, group-1D117010C276, 1, (t:0, i:0))
2022-07-24 15:56:02,738 [grpc-default-executor-6] INFO  server.RaftServer$Division (RaftServerImpl.java:requestVote(1231)) - s1@group-1D117010C276 replies to ELECTION vote request: s2<-s1#0:OK-t1. Peer's state: s1@group-1D117010C276:t1, leader=null, voted=s2, raftlog=Memoized:s1@group-1D117010C276-SegmentedRaftLog:OPENED:c-1, conf=-1: peers:[s0|rpc:localhost:41145|admin:localhost:44949|client:localhost:40971|dataStream:localhost:35053|priority:0|startupRole:FOLLOWER, s1|rpc:localhost:37813|admin:localhost:42655|client:localhost:42193|dataStream:localhost:42861|priority:0|startupRole:FOLLOWER, s2|rpc:localhost:37241|admin:localhost:39099|client:localhost:34449|dataStream:localhost:33751|priority:0|startupRole:FOLLOWER]|listeners:[], old=null
2022-07-24 15:56:02,741 [grpc-default-executor-4] INFO  impl.VoteContext (VoteContext.java:log(48)) - s0@group-1D117010C276-FOLLOWER: accept ELECTION from s2: our priority 0 <= candidate's priority 0
2022-07-24 15:56:02,741 [grpc-default-executor-4] INFO  server.RaftServer$Division (RaftServerImpl.java:setRole(301)) - s0@group-1D117010C276: changes role from  FOLLOWER to FOLLOWER at term 1 for candidate:s2
2022-07-24 15:56:02,741 [grpc-default-executor-4] INFO  impl.RoleInfo (RoleInfo.java:shutdownFollowerState(110)) - s0: shutdown s0@group-1D117010C276-FollowerState
2022-07-24 15:56:02,741 [grpc-default-executor-4] INFO  impl.RoleInfo (RoleInfo.java:updateAndGet(139)) - s0: start s0@group-1D117010C276-FollowerState
2022-07-24 15:56:02,742 [s2@group-1D117010C276-LeaderElection32] INFO  impl.LeaderElection (LeaderElection.java:logAndReturn(90)) - s2@group-1D117010C276-LeaderElection32: ELECTION PASSED received 1 response(s) and 0 exception(s):
2022-07-24 15:56:02,742 [s2@group-1D117010C276-LeaderElection32] INFO  impl.LeaderElection (LeaderElection.java:logAndReturn(94)) -   Response 0: s2<-s1#0:OK-t1
2022-07-24 15:56:02,742 [s2@group-1D117010C276-LeaderElection32] INFO  impl.LeaderElection (LeaderElection.java:askForVotes(312)) - s2@group-1D117010C276-LeaderElection32 ELECTION round 0: result PASSED
2022-07-24 15:56:02,742 [s2@group-1D117010C276-LeaderElection32] INFO  impl.RoleInfo (RoleInfo.java:shutdownLeaderElection(130)) - s2: shutdown s2@group-1D117010C276-LeaderElection32
2022-07-24 15:56:02,742 [s2@group-1D117010C276-LeaderElection32] INFO  server.RaftServer$Division (RaftServerImpl.java:setRole(301)) - s2@group-1D117010C276: changes role from CANDIDATE to LEADER at term 1 for changeToLeader
2022-07-24 15:56:02,742 [s2@group-1D117010C276-LeaderElection32] INFO  server.RaftServer$Division (ServerState.java:setLeader(313)) - s2@group-1D117010C276: change Leader from null to s2 at term 1 for becomeLeader, leader elected after 205ms
2022-07-24 15:56:02,742 [s2@group-1D117010C276-LeaderElection32] INFO  server.RaftServerConfigKeys (ConfUtils.java:logGet(46)) - raft.server.staging.catchup.gap = 1000 (default)
2022-07-24 15:56:02,742 [s2@group-1D117010C276-LeaderElection32] INFO  server.RaftServerConfigKeys (ConfUtils.java:logGet(46)) - raft.server.write.element-limit = 4096 (default)
2022-07-24 15:56:02,742 [s2@group-1D117010C276-LeaderElection32] INFO  server.RaftServerConfigKeys (ConfUtils.java:logGet(46)) - raft.server.write.byte-limit = 64MB (=67108864) (default)
2022-07-24 15:56:02,742 [s2@group-1D117010C276-LeaderElection32] INFO  server.RaftServerConfigKeys (ConfUtils.java:logGet(46)) - raft.server.watch.timeout = 10s (default)
2022-07-24 15:56:02,742 [s2@group-1D117010C276-LeaderElection32] INFO  server.RaftServerConfigKeys (ConfUtils.java:logGet(46)) - raft.server.watch.timeout.denomination = 1s (default)
2022-07-24 15:56:02,742 [s2@group-1D117010C276-LeaderElection32] INFO  server.RaftServerConfigKeys (ConfUtils.java:logGet(46)) - raft.server.watch.element-limit = 65536 (default)
2022-07-24 15:56:02,742 [s2@group-1D117010C276-LeaderElection32] INFO  server.RaftServerConfigKeys (ConfUtils.java:logGet(46)) - raft.server.write.element-limit = 4096 (default)
2022-07-24 15:56:02,742 [s2@group-1D117010C276-LeaderElection32] INFO  server.RaftServerConfigKeys (ConfUtils.java:logGet(46)) - raft.server.write.follower.gap.ratio.max = -1.0 (default)
2022-07-24 15:56:02,743 [s2@group-1D117010C276-LeaderElection32] INFO  server.RaftServerConfigKeys (ConfUtils.java:logGet(46)) - raft.server.log.appender.snapshot.chunk.size.max = 16MB (=16777216) (default)
2022-07-24 15:56:02,743 [s0@group-1D117010C276-FollowerState] INFO  impl.FollowerState (FollowerState.java:run(152)) - s0@group-1D117010C276-FollowerState was interrupted
2022-07-24 15:56:02,743 [s2@group-1D117010C276-LeaderElection32] INFO  server.RaftServerConfigKeys (ConfUtils.java:logGet(46)) - raft.server.log.appender.buffer.byte-limit = 4MB (=4194304) (default)
2022-07-24 15:56:02,743 [s2@group-1D117010C276-LeaderElection32] INFO  server.RaftServerConfigKeys (ConfUtils.java:logGet(46)) - raft.server.log.appender.buffer.element-limit = 0 (default)
2022-07-24 15:56:02,743 [s2@group-1D117010C276-LeaderElection32] INFO  grpc.GrpcConfigKeys (ConfUtils.java:logGet(46)) - raft.grpc.server.leader.outstanding.appends.max = 128 (default)
2022-07-24 15:56:02,743 [s2@group-1D117010C276-LeaderElection32] INFO  server.RaftServerConfigKeys (ConfUtils.java:logGet(46)) - raft.server.rpc.request.timeout = 3000ms (default)
2022-07-24 15:56:02,743 [s2@group-1D117010C276-LeaderElection32] INFO  server.RaftServerConfigKeys (ConfUtils.java:logGet(46)) - raft.server.log.appender.install.snapshot.enabled = false (custom)
2022-07-24 15:56:02,743 [s2@group-1D117010C276-LeaderElection32] INFO  grpc.GrpcConfigKeys (ConfUtils.java:logGet(46)) - raft.grpc.server.heartbeat.channel = true (default)
2022-07-24 15:56:02,743 [s2@group-1D117010C276-LeaderElection32] INFO  server.RaftServerConfigKeys (ConfUtils.java:logGet(46)) - raft.server.log.appender.snapshot.chunk.size.max = 16MB (=16777216) (default)
2022-07-24 15:56:02,743 [s2@group-1D117010C276-LeaderElection32] INFO  server.RaftServerConfigKeys (ConfUtils.java:logGet(46)) - raft.server.log.appender.buffer.byte-limit = 4MB (=4194304) (default)
2022-07-24 15:56:02,743 [s2@group-1D117010C276-LeaderElection32] INFO  server.RaftServerConfigKeys (ConfUtils.java:logGet(46)) - raft.server.log.appender.buffer.element-limit = 0 (default)
2022-07-24 15:56:02,743 [s2@group-1D117010C276-LeaderElection32] INFO  grpc.GrpcConfigKeys (ConfUtils.java:logGet(46)) - raft.grpc.server.leader.outstanding.appends.max = 128 (default)
2022-07-24 15:56:02,743 [s2@group-1D117010C276-LeaderElection32] INFO  server.RaftServerConfigKeys (ConfUtils.java:logGet(46)) - raft.server.rpc.request.timeout = 3000ms (default)
2022-07-24 15:56:02,743 [s2@group-1D117010C276-LeaderElection32] INFO  server.RaftServerConfigKeys (ConfUtils.java:logGet(46)) - raft.server.log.appender.install.snapshot.enabled = false (custom)
2022-07-24 15:56:02,743 [s2@group-1D117010C276-LeaderElection32] INFO  grpc.GrpcConfigKeys (ConfUtils.java:logGet(46)) - raft.grpc.server.heartbeat.channel = true (default)
2022-07-24 15:56:02,744 [s2@group-1D117010C276-LeaderElection32] INFO  impl.RoleInfo (RoleInfo.java:updateAndGet(139)) - s2: start s2@group-1D117010C276-LeaderStateImpl
2022-07-24 15:56:02,744 [s2@group-1D117010C276-LeaderElection32] DEBUG raftlog.RaftLog (SegmentedRaftLog.java:appendImpl(447)) - truncateIndex=-1, arrayIndex=0
2022-07-24 15:56:02,744 [s2@group-1D117010C276-LeaderElection32] INFO  segmented.SegmentedRaftLogWorker (SegmentedRaftLogWorker.java:startLogSegment(425)) - s2@group-1D117010C276-SegmentedRaftLogWorker: Starting segment from index:0
2022-07-24 15:56:02,744 [grpc-default-executor-4] INFO  server.RaftServer$Division (RaftServerImpl.java:requestVote(1231)) - s0@group-1D117010C276 replies to ELECTION vote request: s2<-s0#0:OK-t1. Peer's state: s0@group-1D117010C276:t1, leader=null, voted=s2, raftlog=Memoized:s0@group-1D117010C276-SegmentedRaftLog:OPENED:c-1, conf=-1: peers:[s0|rpc:localhost:41145|admin:localhost:44949|client:localhost:40971|dataStream:localhost:35053|priority:0|startupRole:FOLLOWER, s1|rpc:localhost:37813|admin:localhost:42655|client:localhost:42193|dataStream:localhost:42861|priority:0|startupRole:FOLLOWER, s2|rpc:localhost:37241|admin:localhost:39099|client:localhost:34449|dataStream:localhost:33751|priority:0|startupRole:FOLLOWER]|listeners:[], old=null
2022-07-24 15:56:02,746 [s2@group-1D117010C276-LeaderElection32] INFO  server.RaftServer$Division (ServerState.java:setRaftConf(429)) - s2@group-1D117010C276: set configuration 0: peers:[s0|rpc:localhost:41145|admin:localhost:44949|client:localhost:40971|dataStream:localhost:35053|priority:0|startupRole:FOLLOWER, s1|rpc:localhost:37813|admin:localhost:42655|client:localhost:42193|dataStream:localhost:42861|priority:0|startupRole:FOLLOWER, s2|rpc:localhost:37241|admin:localhost:39099|client:localhost:34449|dataStream:localhost:33751|priority:0|startupRole:FOLLOWER]|listeners:[], old=null
2022-07-24 15:56:02,748 [s2@group-1D117010C276-SegmentedRaftLogWorker] INFO  segmented.SegmentedRaftLogWorker (SegmentedRaftLogWorker.java:execute(629)) - s2@group-1D117010C276-SegmentedRaftLogWorker: created new log segment /home/runner/work/ratis/ratis/ratis-test/target/test/data/9df233b8/MiniRaftClusterWithGrpcfc29b47e/s2/6607989c-d6da-490c-8466-1d117010c276/current/log_inprogress_0
2022-07-24 15:56:02,752 [s0-server-thread1] INFO  server.RaftServer$Division (ServerState.java:setLeader(313)) - s0@group-1D117010C276: change Leader from null to s2 at term 1 for appendEntries, leader elected after 230ms
2022-07-24 15:56:02,759 [s0-server-thread1] INFO  server.RaftServer$Division (ServerState.java:setRaftConf(429)) - s0@group-1D117010C276: set configuration 0: peers:[s0|rpc:localhost:41145|admin:localhost:44949|client:localhost:40971|dataStream:localhost:35053|priority:0|startupRole:FOLLOWER, s1|rpc:localhost:37813|admin:localhost:42655|client:localhost:42193|dataStream:localhost:42861|priority:0|startupRole:FOLLOWER, s2|rpc:localhost:37241|admin:localhost:39099|client:localhost:34449|dataStream:localhost:33751|priority:0|startupRole:FOLLOWER]|listeners:[], old=null
2022-07-24 15:56:02,759 [s0-server-thread1] DEBUG raftlog.RaftLog (SegmentedRaftLog.java:appendImpl(447)) - truncateIndex=-1, arrayIndex=0
2022-07-24 15:56:02,759 [s0-server-thread1] INFO  segmented.SegmentedRaftLogWorker (SegmentedRaftLogWorker.java:startLogSegment(425)) - s0@group-1D117010C276-SegmentedRaftLogWorker: Starting segment from index:0
2022-07-24 15:56:02,759 [s1-server-thread2] INFO  server.RaftServer$Division (ServerState.java:setLeader(313)) - s1@group-1D117010C276: change Leader from null to s2 at term 1 for appendEntries, leader elected after 226ms
2022-07-24 15:56:02,760 [s1-server-thread2] INFO  server.RaftServer$Division (ServerState.java:setRaftConf(429)) - s1@group-1D117010C276: set configuration 0: peers:[s0|rpc:localhost:41145|admin:localhost:44949|client:localhost:40971|dataStream:localhost:35053|priority:0|startupRole:FOLLOWER, s1|rpc:localhost:37813|admin:localhost:42655|client:localhost:42193|dataStream:localhost:42861|priority:0|startupRole:FOLLOWER, s2|rpc:localhost:37241|admin:localhost:39099|client:localhost:34449|dataStream:localhost:33751|priority:0|startupRole:FOLLOWER]|listeners:[], old=null
2022-07-24 15:56:02,760 [s1-server-thread2] DEBUG raftlog.RaftLog (SegmentedRaftLog.java:appendImpl(447)) - truncateIndex=-1, arrayIndex=0
2022-07-24 15:56:02,760 [s1-server-thread2] INFO  segmented.SegmentedRaftLogWorker (SegmentedRaftLogWorker.java:startLogSegment(425)) - s1@group-1D117010C276-SegmentedRaftLogWorker: Starting segment from index:0
2022-07-24 15:56:02,763 [s0@group-1D117010C276-SegmentedRaftLogWorker] INFO  segmented.SegmentedRaftLogWorker (SegmentedRaftLogWorker.java:execute(629)) - s0@group-1D117010C276-SegmentedRaftLogWorker: created new log segment /home/runner/work/ratis/ratis/ratis-test/target/test/data/9df233b8/MiniRaftClusterWithGrpcfc29b47e/s0/6607989c-d6da-490c-8466-1d117010c276/current/log_inprogress_0
2022-07-24 15:56:02,764 [s1@group-1D117010C276-SegmentedRaftLogWorker] INFO  segmented.SegmentedRaftLogWorker (SegmentedRaftLogWorker.java:execute(629)) - s1@group-1D117010C276-SegmentedRaftLogWorker: created new log segment /home/runner/work/ratis/ratis/ratis-test/target/test/data/9df233b8/MiniRaftClusterWithGrpcfc29b47e/s1/6607989c-d6da-490c-8466-1d117010c276/current/log_inprogress_0
2022-07-24 15:56:03,019 [Time-limited test] INFO  ratis.RaftTestUtil (RaftTestUtil.java:waitForLeader(119)) - printing ALL groups
  s0:  RUNNING  FOLLOWER s0@group-1D117010C276:t1, leader=s2, voted=s2, raftlog=Memoized:s0@group-1D117010C276-SegmentedRaftLog:OPENED:c0, conf=0: peers:[s0|rpc:localhost:41145|admin:localhost:44949|client:localhost:40971|dataStream:localhost:35053|priority:0|startupRole:FOLLOWER, s1|rpc:localhost:37813|admin:localhost:42655|client:localhost:42193|dataStream:localhost:42861|priority:0|startupRole:FOLLOWER, s2|rpc:localhost:37241|admin:localhost:39099|client:localhost:34449|dataStream:localhost:33751|priority:0|startupRole:FOLLOWER]|listeners:[], old=null RUNNING
  s1:  RUNNING  FOLLOWER s1@group-1D117010C276:t1, leader=s2, voted=s2, raftlog=Memoized:s1@group-1D117010C276-SegmentedRaftLog:OPENED:c0, conf=0: peers:[s0|rpc:localhost:41145|admin:localhost:44949|client:localhost:40971|dataStream:localhost:35053|priority:0|startupRole:FOLLOWER, s1|rpc:localhost:37813|admin:localhost:42655|client:localhost:42193|dataStream:localhost:42861|priority:0|startupRole:FOLLOWER, s2|rpc:localhost:37241|admin:localhost:39099|client:localhost:34449|dataStream:localhost:33751|priority:0|startupRole:FOLLOWER]|listeners:[], old=null RUNNING
  s2:  RUNNING    LEADER s2@group-1D117010C276:t1, leader=s2, voted=s2, raftlog=Memoized:s2@group-1D117010C276-SegmentedRaftLog:OPENED:c0, conf=0: peers:[s0|rpc:localhost:41145|admin:localhost:44949|client:localhost:40971|dataStream:localhost:35053|priority:0|startupRole:FOLLOWER, s1|rpc:localhost:37813|admin:localhost:42655|client:localhost:42193|dataStream:localhost:42861|priority:0|startupRole:FOLLOWER, s2|rpc:localhost:37241|admin:localhost:39099|client:localhost:34449|dataStream:localhost:33751|priority:0|startupRole:FOLLOWER]|listeners:[], old=null RUNNING
2022-07-24 15:56:03,024 [s0-server-thread2] DEBUG raftlog.RaftLog (SegmentedRaftLog.java:appendImpl(447)) - truncateIndex=-1, arrayIndex=0
2022-07-24 15:56:03,024 [s1-server-thread1] DEBUG raftlog.RaftLog (SegmentedRaftLog.java:appendImpl(447)) - truncateIndex=-1, arrayIndex=0
2022-07-24 15:56:03,026 [s2@group-1D117010C276-StateMachineUpdater] INFO  statemachine.SimpleStateMachine4Testing (SimpleStateMachine4Testing.java:put(204)) - s2: put 1, m0 -> (t:1, i:1), STATEMACHINELOGENTRY, 386@client-6F86E1C52B91
2022-07-24 15:56:03,027 [s1-server-thread1] DEBUG raftlog.RaftLog (SegmentedRaftLog.java:appendImpl(447)) - truncateIndex=-1, arrayIndex=0
2022-07-24 15:56:03,027 [s0-server-thread2] DEBUG raftlog.RaftLog (SegmentedRaftLog.java:appendImpl(447)) - truncateIndex=-1, arrayIndex=0
2022-07-24 15:56:03,033 [s1@group-1D117010C276-StateMachineUpdater] INFO  statemachine.SimpleStateMachine4Testing (SimpleStateMachine4Testing.java:put(204)) - s1: put 1, m0 -> (t:1, i:1), STATEMACHINELOGENTRY, 386@client-6F86E1C52B91
2022-07-24 15:56:03,033 [s1-server-thread1] DEBUG raftlog.RaftLog (SegmentedRaftLog.java:appendImpl(447)) - truncateIndex=-1, arrayIndex=0
2022-07-24 15:56:03,033 [s0-server-thread2] DEBUG raftlog.RaftLog (SegmentedRaftLog.java:appendImpl(447)) - truncateIndex=-1, arrayIndex=0
2022-07-24 15:56:03,040 [s0@group-1D117010C276-StateMachineUpdater] INFO  statemachine.SimpleStateMachine4Testing (SimpleStateMachine4Testing.java:put(204)) - s0: put 1, m0 -> (t:1, i:1), STATEMACHINELOGENTRY, 386@client-6F86E1C52B91
2022-07-24 15:56:03,041 [s2@group-1D117010C276-StateMachineUpdater] INFO  statemachine.SimpleStateMachine4Testing (SimpleStateMachine4Testing.java:put(204)) - s2: put 3, m1 -> (t:1, i:3), STATEMACHINELOGENTRY, 387@client-6F86E1C52B91
2022-07-24 15:56:03,042 [s1-server-thread1] DEBUG raftlog.RaftLog (SegmentedRaftLog.java:appendImpl(447)) - truncateIndex=-1, arrayIndex=0
2022-07-24 15:56:03,042 [s0-server-thread2] DEBUG raftlog.RaftLog (SegmentedRaftLog.java:appendImpl(447)) - truncateIndex=-1, arrayIndex=0
2022-07-24 15:56:03,044 [s1@group-1D117010C276-StateMachineUpdater] INFO  statemachine.SimpleStateMachine4Testing (SimpleStateMachine4Testing.java:put(204)) - s1: put 3, m1 -> (t:1, i:3), STATEMACHINELOGENTRY, 387@client-6F86E1C52B91
2022-07-24 15:56:03,045 [s0@group-1D117010C276-StateMachineUpdater] INFO  statemachine.SimpleStateMachine4Testing (SimpleStateMachine4Testing.java:put(204)) - s0: put 3, m1 -> (t:1, i:3), STATEMACHINELOGENTRY, 387@client-6F86E1C52B91
2022-07-24 15:56:03,045 [s0-server-thread2] DEBUG raftlog.RaftLog (SegmentedRaftLog.java:appendImpl(447)) - truncateIndex=-1, arrayIndex=0
2022-07-24 15:56:03,046 [s1-server-thread1] DEBUG raftlog.RaftLog (SegmentedRaftLog.java:appendImpl(447)) - truncateIndex=-1, arrayIndex=0
2022-07-24 15:56:03,049 [s2@group-1D117010C276-StateMachineUpdater] INFO  statemachine.SimpleStateMachine4Testing (SimpleStateMachine4Testing.java:put(204)) - s2: put 5, m2 -> (t:1, i:5), STATEMACHINELOGENTRY, 388@client-6F86E1C52B91
2022-07-24 15:56:03,050 [s0-server-thread2] DEBUG raftlog.RaftLog (SegmentedRaftLog.java:appendImpl(447)) - truncateIndex=-1, arrayIndex=0
2022-07-24 15:56:03,050 [s1-server-thread1] DEBUG raftlog.RaftLog (SegmentedRaftLog.java:appendImpl(447)) - truncateIndex=-1, arrayIndex=0
2022-07-24 15:56:03,051 [s0-server-thread2] DEBUG raftlog.RaftLog (SegmentedRaftLog.java:appendImpl(447)) - truncateIndex=-1, arrayIndex=0
2022-07-24 15:56:03,051 [s1-server-thread1] DEBUG raftlog.RaftLog (SegmentedRaftLog.java:appendImpl(447)) - truncateIndex=-1, arrayIndex=0
2022-07-24 15:56:03,055 [s1@group-1D117010C276-StateMachineUpdater] INFO  statemachine.SimpleStateMachine4Testing (SimpleStateMachine4Testing.java:put(204)) - s1: put 5, m2 -> (t:1, i:5), STATEMACHINELOGENTRY, 388@client-6F86E1C52B91
2022-07-24 15:56:03,055 [s0@group-1D117010C276-StateMachineUpdater] INFO  statemachine.SimpleStateMachine4Testing (SimpleStateMachine4Testing.java:put(204)) - s0: put 5, m2 -> (t:1, i:5), STATEMACHINELOGENTRY, 388@client-6F86E1C52B91
2022-07-24 15:56:03,058 [s2@group-1D117010C276-StateMachineUpdater] INFO  statemachine.SimpleStateMachine4Testing (SimpleStateMachine4Testing.java:put(204)) - s2: put 7, m3 -> (t:1, i:7), STATEMACHINELOGENTRY, 389@client-6F86E1C52B91
2022-07-24 15:56:03,059 [s0-server-thread2] DEBUG raftlog.RaftLog (SegmentedRaftLog.java:appendImpl(447)) - truncateIndex=-1, arrayIndex=0
2022-07-24 15:56:03,059 [s1-server-thread1] DEBUG raftlog.RaftLog (SegmentedRaftLog.java:appendImpl(447)) - truncateIndex=-1, arrayIndex=0
2022-07-24 15:56:03,061 [s1-server-thread1] DEBUG raftlog.RaftLog (SegmentedRaftLog.java:appendImpl(447)) - truncateIndex=-1, arrayIndex=0
2022-07-24 15:56:03,061 [s0-server-thread2] DEBUG raftlog.RaftLog (SegmentedRaftLog.java:appendImpl(447)) - truncateIndex=-1, arrayIndex=0
2022-07-24 15:56:03,061 [s1@group-1D117010C276-StateMachineUpdater] INFO  statemachine.SimpleStateMachine4Testing (SimpleStateMachine4Testing.java:put(204)) - s1: put 7, m3 -> (t:1, i:7), STATEMACHINELOGENTRY, 389@client-6F86E1C52B91
2022-07-24 15:56:03,062 [s2@group-1D117010C276-StateMachineUpdater] INFO  statemachine.SimpleStateMachine4Testing (SimpleStateMachine4Testing.java:put(204)) - s2: put 9, m4 -> (t:1, i:9), STATEMACHINELOGENTRY, 390@client-6F86E1C52B91
2022-07-24 15:56:03,063 [s1-server-thread1] DEBUG raftlog.RaftLog (SegmentedRaftLog.java:appendImpl(447)) - truncateIndex=-1, arrayIndex=0
2022-07-24 15:56:03,063 [s0-server-thread2] DEBUG raftlog.RaftLog (SegmentedRaftLog.java:appendImpl(447)) - truncateIndex=-1, arrayIndex=0
2022-07-24 15:56:03,064 [s0-server-thread2] DEBUG raftlog.RaftLog (SegmentedRaftLog.java:appendImpl(447)) - truncateIndex=-1, arrayIndex=0
2022-07-24 15:56:03,064 [s1-server-thread1] DEBUG raftlog.RaftLog (SegmentedRaftLog.java:appendImpl(447)) - truncateIndex=-1, arrayIndex=0
2022-07-24 15:56:03,065 [s0@group-1D117010C276-StateMachineUpdater] INFO  statemachine.SimpleStateMachine4Testing (SimpleStateMachine4Testing.java:put(204)) - s0: put 7, m3 -> (t:1, i:7), STATEMACHINELOGENTRY, 389@client-6F86E1C52B91
2022-07-24 15:56:03,065 [s1@group-1D117010C276-StateMachineUpdater] INFO  statemachine.SimpleStateMachine4Testing (SimpleStateMachine4Testing.java:put(204)) - s1: put 9, m4 -> (t:1, i:9), STATEMACHINELOGENTRY, 390@client-6F86E1C52B91
2022-07-24 15:56:03,066 [s0@group-1D117010C276-StateMachineUpdater] INFO  statemachine.SimpleStateMachine4Testing (SimpleStateMachine4Testing.java:put(204)) - s0: put 9, m4 -> (t:1, i:9), STATEMACHINELOGENTRY, 390@client-6F86E1C52B91
2022-07-24 15:56:03,067 [s2@group-1D117010C276-StateMachineUpdater] INFO  statemachine.SimpleStateMachine4Testing (SimpleStateMachine4Testing.java:put(204)) - s2: put 11, m5 -> (t:1, i:11), STATEMACHINELOGENTRY, 391@client-6F86E1C52B91
2022-07-24 15:56:03,068 [s0-server-thread2] DEBUG raftlog.RaftLog (SegmentedRaftLog.java:appendImpl(447)) - truncateIndex=-1, arrayIndex=0
2022-07-24 15:56:03,068 [s1-server-thread1] DEBUG raftlog.RaftLog (SegmentedRaftLog.java:appendImpl(447)) - truncateIndex=-1, arrayIndex=0
2022-07-24 15:56:03,069 [s1-server-thread1] DEBUG raftlog.RaftLog (SegmentedRaftLog.java:appendImpl(447)) - truncateIndex=-1, arrayIndex=0
2022-07-24 15:56:03,069 [s0-server-thread2] DEBUG raftlog.RaftLog (SegmentedRaftLog.java:appendImpl(447)) - truncateIndex=-1, arrayIndex=0
2022-07-24 15:56:03,070 [s1@group-1D117010C276-StateMachineUpdater] INFO  statemachine.SimpleStateMachine4Testing (SimpleStateMachine4Testing.java:put(204)) - s1: put 11, m5 -> (t:1, i:11), STATEMACHINELOGENTRY, 391@client-6F86E1C52B91
2022-07-24 15:56:03,070 [s0@group-1D117010C276-StateMachineUpdater] INFO  statemachine.SimpleStateMachine4Testing (SimpleStateMachine4Testing.java:put(204)) - s0: put 11, m5 -> (t:1, i:11), STATEMACHINELOGENTRY, 391@client-6F86E1C52B91
2022-07-24 15:56:03,071 [s2@group-1D117010C276-StateMachineUpdater] INFO  statemachine.SimpleStateMachine4Testing (SimpleStateMachine4Testing.java:put(204)) - s2: put 13, m6 -> (t:1, i:13), STATEMACHINELOGENTRY, 392@client-6F86E1C52B91
2022-07-24 15:56:03,072 [s1-server-thread1] DEBUG raftlog.RaftLog (SegmentedRaftLog.java:appendImpl(447)) - truncateIndex=-1, arrayIndex=0
2022-07-24 15:56:03,075 [s0-server-thread2] DEBUG raftlog.RaftLog (SegmentedRaftLog.java:appendImpl(447)) - truncateIndex=-1, arrayIndex=0
2022-07-24 15:56:03,075 [s0@group-1D117010C276-StateMachineUpdater] INFO  statemachine.SimpleStateMachine4Testing (SimpleStateMachine4Testing.java:put(204)) - s0: put 13, m6 -> (t:1, i:13), STATEMACHINELOGENTRY, 392@client-6F86E1C52B91
2022-07-24 15:56:03,076 [s1-server-thread1] DEBUG raftlog.RaftLog (SegmentedRaftLog.java:appendImpl(447)) - truncateIndex=-1, arrayIndex=0
2022-07-24 15:56:03,076 [s0-server-thread2] DEBUG raftlog.RaftLog (SegmentedRaftLog.java:appendImpl(447)) - truncateIndex=-1, arrayIndex=0
2022-07-24 15:56:03,078 [s1@group-1D117010C276-StateMachineUpdater] INFO  statemachine.SimpleStateMachine4Testing (SimpleStateMachine4Testing.java:put(204)) - s1: put 13, m6 -> (t:1, i:13), STATEMACHINELOGENTRY, 392@client-6F86E1C52B91
2022-07-24 15:56:03,079 [s1-server-thread1] DEBUG raftlog.RaftLog (SegmentedRaftLog.java:appendImpl(447)) - truncateIndex=-1, arrayIndex=0
2022-07-24 15:56:03,079 [s0-server-thread2] DEBUG raftlog.RaftLog (SegmentedRaftLog.java:appendImpl(447)) - truncateIndex=-1, arrayIndex=0
2022-07-24 15:56:03,079 [s2@group-1D117010C276-StateMachineUpdater] INFO  statemachine.SimpleStateMachine4Testing (SimpleStateMachine4Testing.java:put(204)) - s2: put 15, m7 -> (t:1, i:15), STATEMACHINELOGENTRY, 393@client-6F86E1C52B91
2022-07-24 15:56:03,081 [s1-server-thread1] DEBUG raftlog.RaftLog (SegmentedRaftLog.java:appendImpl(447)) - truncateIndex=-1, arrayIndex=0
2022-07-24 15:56:03,082 [s0-server-thread2] DEBUG raftlog.RaftLog (SegmentedRaftLog.java:appendImpl(447)) - truncateIndex=-1, arrayIndex=0
2022-07-24 15:56:03,088 [s1@group-1D117010C276-StateMachineUpdater] INFO  statemachine.SimpleStateMachine4Testing (SimpleStateMachine4Testing.java:put(204)) - s1: put 15, m7 -> (t:1, i:15), STATEMACHINELOGENTRY, 393@client-6F86E1C52B91
2022-07-24 15:56:03,089 [s0@group-1D117010C276-StateMachineUpdater] INFO  statemachine.SimpleStateMachine4Testing (SimpleStateMachine4Testing.java:put(204)) - s0: put 15, m7 -> (t:1, i:15), STATEMACHINELOGENTRY, 393@client-6F86E1C52B91
2022-07-24 15:56:03,090 [s2@group-1D117010C276-StateMachineUpdater] INFO  statemachine.SimpleStateMachine4Testing (SimpleStateMachine4Testing.java:put(204)) - s2: put 17, m8 -> (t:1, i:17), STATEMACHINELOGENTRY, 394@client-6F86E1C52B91
2022-07-24 15:56:03,091 [s0-server-thread2] DEBUG raftlog.RaftLog (SegmentedRaftLog.java:appendImpl(447)) - truncateIndex=-1, arrayIndex=0
2022-07-24 15:56:03,091 [s1-server-thread1] DEBUG raftlog.RaftLog (SegmentedRaftLog.java:appendImpl(447)) - truncateIndex=-1, arrayIndex=0
2022-07-24 15:56:03,092 [s0-server-thread2] DEBUG raftlog.RaftLog (SegmentedRaftLog.java:appendImpl(447)) - truncateIndex=-1, arrayIndex=0
2022-07-24 15:56:03,092 [s1-server-thread1] DEBUG raftlog.RaftLog (SegmentedRaftLog.java:appendImpl(447)) - truncateIndex=-1, arrayIndex=0
2022-07-24 15:56:03,104 [s0@group-1D117010C276-StateMachineUpdater] INFO  statemachine.SimpleStateMachine4Testing (SimpleStateMachine4Testing.java:put(204)) - s0: put 17, m8 -> (t:1, i:17), STATEMACHINELOGENTRY, 394@client-6F86E1C52B91
2022-07-24 15:56:03,105 [s1@group-1D117010C276-StateMachineUpdater] INFO  statemachine.SimpleStateMachine4Testing (SimpleStateMachine4Testing.java:put(204)) - s1: put 17, m8 -> (t:1, i:17), STATEMACHINELOGENTRY, 394@client-6F86E1C52B91
2022-07-24 15:56:03,112 [s2@group-1D117010C276-StateMachineUpdater] INFO  statemachine.SimpleStateMachine4Testing (SimpleStateMachine4Testing.java:put(204)) - s2: put 19, m9 -> (t:1, i:19), STATEMACHINELOGENTRY, 395@client-6F86E1C52B91
2022-07-24 15:56:03,112 [s1-server-thread1] DEBUG raftlog.RaftLog (SegmentedRaftLog.java:appendImpl(447)) - truncateIndex=-1, arrayIndex=0
2022-07-24 15:56:03,113 [s0-server-thread2] DEBUG raftlog.RaftLog (SegmentedRaftLog.java:appendImpl(447)) - truncateIndex=-1, arrayIndex=0
2022-07-24 15:56:03,115 [s1-server-thread1] DEBUG raftlog.RaftLog (SegmentedRaftLog.java:appendImpl(447)) - truncateIndex=-1, arrayIndex=0
2022-07-24 15:56:03,115 [s0-server-thread2] DEBUG raftlog.RaftLog (SegmentedRaftLog.java:appendImpl(447)) - truncateIndex=-1, arrayIndex=0
2022-07-24 15:56:03,124 [s1@group-1D117010C276-StateMachineUpdater] INFO  statemachine.SimpleStateMachine4Testing (SimpleStateMachine4Testing.java:put(204)) - s1: put 19, m9 -> (t:1, i:19), STATEMACHINELOGENTRY, 395@client-6F86E1C52B91
2022-07-24 15:56:03,124 [s0@group-1D117010C276-StateMachineUpdater] INFO  statemachine.SimpleStateMachine4Testing (SimpleStateMachine4Testing.java:put(204)) - s0: put 19, m9 -> (t:1, i:19), STATEMACHINELOGENTRY, 395@client-6F86E1C52B91
2022-07-24 15:56:03,125 [s2@group-1D117010C276-StateMachineUpdater] INFO  statemachine.SimpleStateMachine4Testing (SimpleStateMachine4Testing.java:put(204)) - s2: put 21, m10 -> (t:1, i:21), STATEMACHINELOGENTRY, 396@client-6F86E1C52B91
2022-07-24 15:56:03,126 [s1-server-thread1] DEBUG raftlog.RaftLog (SegmentedRaftLog.java:appendImpl(447)) - truncateIndex=-1, arrayIndex=0
2022-07-24 15:56:03,126 [s0-server-thread2] DEBUG raftlog.RaftLog (SegmentedRaftLog.java:appendImpl(447)) - truncateIndex=-1, arrayIndex=0
2022-07-24 15:56:03,127 [s2-client-thread1] INFO  segmented.SegmentedRaftLogWorker (SegmentedRaftLogWorker.java:rollLogSegment(430)) - s2@group-1D117010C276-SegmentedRaftLogWorker: Rolling segment log-0_22 to index:22
2022-07-24 15:56:03,127 [s2@group-1D117010C276-SegmentedRaftLogWorker] TRACE util.FileUtils (LogUtils.java:runAndLog(49)) - Successfully ran Files.move /home/runner/work/ratis/ratis/ratis-test/target/test/data/9df233b8/MiniRaftClusterWithGrpcfc29b47e/s2/6607989c-d6da-490c-8466-1d117010c276/current/log_inprogress_0 to /home/runner/work/ratis/ratis/ratis-test/target/test/data/9df233b8/MiniRaftClusterWithGrpcfc29b47e/s2/6607989c-d6da-490c-8466-1d117010c276/current/log_0-22
2022-07-24 15:56:03,127 [s2@group-1D117010C276-SegmentedRaftLogWorker] INFO  segmented.SegmentedRaftLogWorker (SegmentedRaftLogWorker.java:execute(586)) - s2@group-1D117010C276-SegmentedRaftLogWorker: Rolled log segment from /home/runner/work/ratis/ratis/ratis-test/target/test/data/9df233b8/MiniRaftClusterWithGrpcfc29b47e/s2/6607989c-d6da-490c-8466-1d117010c276/current/log_inprogress_0 to /home/runner/work/ratis/ratis/ratis-test/target/test/data/9df233b8/MiniRaftClusterWithGrpcfc29b47e/s2/6607989c-d6da-490c-8466-1d117010c276/current/log_0-22
2022-07-24 15:56:03,128 [s0-server-thread2] DEBUG raftlog.RaftLog (SegmentedRaftLog.java:appendImpl(447)) - truncateIndex=-1, arrayIndex=0
2022-07-24 15:56:03,128 [s1-server-thread1] DEBUG raftlog.RaftLog (SegmentedRaftLog.java:appendImpl(447)) - truncateIndex=-1, arrayIndex=0
2022-07-24 15:56:03,128 [s0-server-thread2] INFO  segmented.SegmentedRaftLogWorker (SegmentedRaftLogWorker.java:rollLogSegment(430)) - s0@group-1D117010C276-SegmentedRaftLogWorker: Rolling segment log-0_22 to index:22
2022-07-24 15:56:03,128 [s1-server-thread1] INFO  segmented.SegmentedRaftLogWorker (SegmentedRaftLogWorker.java:rollLogSegment(430)) - s1@group-1D117010C276-SegmentedRaftLogWorker: Rolling segment log-0_22 to index:22
2022-07-24 15:56:03,129 [s2@group-1D117010C276-SegmentedRaftLogWorker] INFO  segmented.SegmentedRaftLogWorker (SegmentedRaftLogWorker.java:execute(629)) - s2@group-1D117010C276-SegmentedRaftLogWorker: created new log segment /home/runner/work/ratis/ratis/ratis-test/target/test/data/9df233b8/MiniRaftClusterWithGrpcfc29b47e/s2/6607989c-d6da-490c-8466-1d117010c276/current/log_inprogress_23
2022-07-24 15:56:03,130 [s1@group-1D117010C276-SegmentedRaftLogWorker] TRACE util.FileUtils (LogUtils.java:runAndLog(49)) - Successfully ran Files.move /home/runner/work/ratis/ratis/ratis-test/target/test/data/9df233b8/MiniRaftClusterWithGrpcfc29b47e/s1/6607989c-d6da-490c-8466-1d117010c276/current/log_inprogress_0 to /home/runner/work/ratis/ratis/ratis-test/target/test/data/9df233b8/MiniRaftClusterWithGrpcfc29b47e/s1/6607989c-d6da-490c-8466-1d117010c276/current/log_0-22
2022-07-24 15:56:03,130 [s1@group-1D117010C276-SegmentedRaftLogWorker] INFO  segmented.SegmentedRaftLogWorker (SegmentedRaftLogWorker.java:execute(586)) - s1@group-1D117010C276-SegmentedRaftLogWorker: Rolled log segment from /home/runner/work/ratis/ratis/ratis-test/target/test/data/9df233b8/MiniRaftClusterWithGrpcfc29b47e/s1/6607989c-d6da-490c-8466-1d117010c276/current/log_inprogress_0 to /home/runner/work/ratis/ratis/ratis-test/target/test/data/9df233b8/MiniRaftClusterWithGrpcfc29b47e/s1/6607989c-d6da-490c-8466-1d117010c276/current/log_0-22
2022-07-24 15:56:03,131 [s0@group-1D117010C276-SegmentedRaftLogWorker] TRACE util.FileUtils (LogUtils.java:runAndLog(49)) - Successfully ran Files.move /home/runner/work/ratis/ratis/ratis-test/target/test/data/9df233b8/MiniRaftClusterWithGrpcfc29b47e/s0/6607989c-d6da-490c-8466-1d117010c276/current/log_inprogress_0 to /home/runner/work/ratis/ratis/ratis-test/target/test/data/9df233b8/MiniRaftClusterWithGrpcfc29b47e/s0/6607989c-d6da-490c-8466-1d117010c276/current/log_0-22
2022-07-24 15:56:03,131 [s0@group-1D117010C276-SegmentedRaftLogWorker] INFO  segmented.SegmentedRaftLogWorker (SegmentedRaftLogWorker.java:execute(586)) - s0@group-1D117010C276-SegmentedRaftLogWorker: Rolled log segment from /home/runner/work/ratis/ratis/ratis-test/target/test/data/9df233b8/MiniRaftClusterWithGrpcfc29b47e/s0/6607989c-d6da-490c-8466-1d117010c276/current/log_inprogress_0 to /home/runner/work/ratis/ratis/ratis-test/target/test/data/9df233b8/MiniRaftClusterWithGrpcfc29b47e/s0/6607989c-d6da-490c-8466-1d117010c276/current/log_0-22
2022-07-24 15:56:03,131 [s1@group-1D117010C276-StateMachineUpdater] INFO  statemachine.SimpleStateMachine4Testing (SimpleStateMachine4Testing.java:put(204)) - s1: put 21, m10 -> (t:1, i:21), STATEMACHINELOGENTRY, 396@client-6F86E1C52B91
2022-07-24 15:56:03,132 [s1@group-1D117010C276-SegmentedRaftLogWorker] INFO  segmented.SegmentedRaftLogWorker (SegmentedRaftLogWorker.java:execute(629)) - s1@group-1D117010C276-SegmentedRaftLogWorker: created new log segment /home/runner/work/ratis/ratis/ratis-test/target/test/data/9df233b8/MiniRaftClusterWithGrpcfc29b47e/s1/6607989c-d6da-490c-8466-1d117010c276/current/log_inprogress_23
2022-07-24 15:56:03,133 [s0@group-1D117010C276-StateMachineUpdater] INFO  statemachine.SimpleStateMachine4Testing (SimpleStateMachine4Testing.java:put(204)) - s0: put 21, m10 -> (t:1, i:21), STATEMACHINELOGENTRY, 396@client-6F86E1C52B91
2022-07-24 15:56:03,133 [s0@group-1D117010C276-SegmentedRaftLogWorker] INFO  segmented.SegmentedRaftLogWorker (SegmentedRaftLogWorker.java:execute(629)) - s0@group-1D117010C276-SegmentedRaftLogWorker: created new log segment /home/runner/work/ratis/ratis/ratis-test/target/test/data/9df233b8/MiniRaftClusterWithGrpcfc29b47e/s0/6607989c-d6da-490c-8466-1d117010c276/current/log_inprogress_23
2022-07-24 15:56:03,134 [s2@group-1D117010C276-StateMachineUpdater] INFO  statemachine.SimpleStateMachine4Testing (SimpleStateMachine4Testing.java:put(204)) - s2: put 23, m11 -> (t:1, i:23), STATEMACHINELOGENTRY, 397@client-6F86E1C52B91
2022-07-24 15:56:03,135 [s1-server-thread1] DEBUG raftlog.RaftLog (SegmentedRaftLog.java:appendImpl(447)) - truncateIndex=-1, arrayIndex=0
2022-07-24 15:56:03,135 [s0-server-thread2] DEBUG raftlog.RaftLog (SegmentedRaftLog.java:appendImpl(447)) - truncateIndex=-1, arrayIndex=0
2022-07-24 15:56:03,136 [s0-server-thread2] DEBUG raftlog.RaftLog (SegmentedRaftLog.java:appendImpl(447)) - truncateIndex=-1, arrayIndex=0
2022-07-24 15:56:03,137 [s1-server-thread1] DEBUG raftlog.RaftLog (SegmentedRaftLog.java:appendImpl(447)) - truncateIndex=-1, arrayIndex=0
2022-07-24 15:56:03,141 [s1@group-1D117010C276-StateMachineUpdater] INFO  statemachine.SimpleStateMachine4Testing (SimpleStateMachine4Testing.java:put(204)) - s1: put 23, m11 -> (t:1, i:23), STATEMACHINELOGENTRY, 397@client-6F86E1C52B91
2022-07-24 15:56:03,142 [s0@group-1D117010C276-StateMachineUpdater] INFO  statemachine.SimpleStateMachine4Testing (SimpleStateMachine4Testing.java:put(204)) - s0: put 23, m11 -> (t:1, i:23), STATEMACHINELOGENTRY, 397@client-6F86E1C52B91
2022-07-24 15:56:03,142 [s2@group-1D117010C276-StateMachineUpdater] INFO  statemachine.SimpleStateMachine4Testing (SimpleStateMachine4Testing.java:put(204)) - s2: put 25, m12 -> (t:1, i:25), STATEMACHINELOGENTRY, 398@client-6F86E1C52B91
2022-07-24 15:56:03,143 [s1-server-thread1] DEBUG raftlog.RaftLog (SegmentedRaftLog.java:appendImpl(447)) - truncateIndex=-1, arrayIndex=0
2022-07-24 15:56:03,143 [s0-server-thread2] DEBUG raftlog.RaftLog (SegmentedRaftLog.java:appendImpl(447)) - truncateIndex=-1, arrayIndex=0
2022-07-24 15:56:03,144 [s0-server-thread2] DEBUG raftlog.RaftLog (SegmentedRaftLog.java:appendImpl(447)) - truncateIndex=-1, arrayIndex=0
2022-07-24 15:56:03,144 [s1-server-thread1] DEBUG raftlog.RaftLog (SegmentedRaftLog.java:appendImpl(447)) - truncateIndex=-1, arrayIndex=0
2022-07-24 15:56:03,151 [s1@group-1D117010C276-StateMachineUpdater] INFO  statemachine.SimpleStateMachine4Testing (SimpleStateMachine4Testing.java:put(204)) - s1: put 25, m12 -> (t:1, i:25), STATEMACHINELOGENTRY, 398@client-6F86E1C52B91
2022-07-24 15:56:03,155 [s0@group-1D117010C276-StateMachineUpdater] INFO  statemachine.SimpleStateMachine4Testing (SimpleStateMachine4Testing.java:put(204)) - s0: put 25, m12 -> (t:1, i:25), STATEMACHINELOGENTRY, 398@client-6F86E1C52B91
2022-07-24 15:56:03,156 [s2@group-1D117010C276-StateMachineUpdater] INFO  statemachine.SimpleStateMachine4Testing (SimpleStateMachine4Testing.java:put(204)) - s2: put 27, m13 -> (t:1, i:27), STATEMACHINELOGENTRY, 399@client-6F86E1C52B91
2022-07-24 15:56:03,157 [s1-server-thread1] DEBUG raftlog.RaftLog (SegmentedRaftLog.java:appendImpl(447)) - truncateIndex=-1, arrayIndex=0
2022-07-24 15:56:03,157 [s0-server-thread2] DEBUG raftlog.RaftLog (SegmentedRaftLog.java:appendImpl(447)) - truncateIndex=-1, arrayIndex=0
2022-07-24 15:56:03,158 [s1-server-thread1] DEBUG raftlog.RaftLog (SegmentedRaftLog.java:appendImpl(447)) - truncateIndex=-1, arrayIndex=0
2022-07-24 15:56:03,158 [s0-server-thread2] DEBUG raftlog.RaftLog (SegmentedRaftLog.java:appendImpl(447)) - truncateIndex=-1, arrayIndex=0
2022-07-24 15:56:03,159 [s1@group-1D117010C276-StateMachineUpdater] INFO  statemachine.SimpleStateMachine4Testing (SimpleStateMachine4Testing.java:put(204)) - s1: put 27, m13 -> (t:1, i:27), STATEMACHINELOGENTRY, 399@client-6F86E1C52B91
2022-07-24 15:56:03,159 [s0@group-1D117010C276-StateMachineUpdater] INFO  statemachine.SimpleStateMachine4Testing (SimpleStateMachine4Testing.java:put(204)) - s0: put 27, m13 -> (t:1, i:27), STATEMACHINELOGENTRY, 399@client-6F86E1C52B91
2022-07-24 15:56:03,160 [s2@group-1D117010C276-StateMachineUpdater] INFO  statemachine.SimpleStateMachine4Testing (SimpleStateMachine4Testing.java:put(204)) - s2: put 29, m14 -> (t:1, i:29), STATEMACHINELOGENTRY, 400@client-6F86E1C52B91
2022-07-24 15:56:03,161 [s1-server-thread1] DEBUG raftlog.RaftLog (SegmentedRaftLog.java:appendImpl(447)) - truncateIndex=-1, arrayIndex=0
2022-07-24 15:56:03,161 [s0-server-thread2] DEBUG raftlog.RaftLog (SegmentedRaftLog.java:appendImpl(447)) - truncateIndex=-1, arrayIndex=0
2022-07-24 15:56:03,162 [s1-server-thread1] DEBUG raftlog.RaftLog (SegmentedRaftLog.java:appendImpl(447)) - truncateIndex=-1, arrayIndex=0
2022-07-24 15:56:03,162 [s0-server-thread2] DEBUG raftlog.RaftLog (SegmentedRaftLog.java:appendImpl(447)) - truncateIndex=-1, arrayIndex=0
2022-07-24 15:56:03,163 [s0@group-1D117010C276-StateMachineUpdater] INFO  statemachine.SimpleStateMachine4Testing (SimpleStateMachine4Testing.java:put(204)) - s0: put 29, m14 -> (t:1, i:29), STATEMACHINELOGENTRY, 400@client-6F86E1C52B91
2022-07-24 15:56:03,164 [s1@group-1D117010C276-StateMachineUpdater] INFO  statemachine.SimpleStateMachine4Testing (SimpleStateMachine4Testing.java:put(204)) - s1: put 29, m14 -> (t:1, i:29), STATEMACHINELOGENTRY, 400@client-6F86E1C52B91
2022-07-24 15:56:03,165 [s2@group-1D117010C276-StateMachineUpdater] INFO  statemachine.SimpleStateMachine4Testing (SimpleStateMachine4Testing.java:put(204)) - s2: put 31, m15 -> (t:1, i:31), STATEMACHINELOGENTRY, 401@client-6F86E1C52B91
2022-07-24 15:56:03,166 [s0-server-thread2] DEBUG raftlog.RaftLog (SegmentedRaftLog.java:appendImpl(447)) - truncateIndex=-1, arrayIndex=0
2022-07-24 15:56:03,166 [s1-server-thread1] DEBUG raftlog.RaftLog (SegmentedRaftLog.java:appendImpl(447)) - truncateIndex=-1, arrayIndex=0
2022-07-24 15:56:03,167 [s0-server-thread2] DEBUG raftlog.RaftLog (SegmentedRaftLog.java:appendImpl(447)) - truncateIndex=-1, arrayIndex=0
2022-07-24 15:56:03,167 [s1-server-thread1] DEBUG raftlog.RaftLog (SegmentedRaftLog.java:appendImpl(447)) - truncateIndex=-1, arrayIndex=0
2022-07-24 15:56:03,168 [s0@group-1D117010C276-StateMachineUpdater] INFO  statemachine.SimpleStateMachine4Testing (SimpleStateMachine4Testing.java:put(204)) - s0: put 31, m15 -> (t:1, i:31), STATEMACHINELOGENTRY, 401@client-6F86E1C52B91
2022-07-24 15:56:03,168 [s1@group-1D117010C276-StateMachineUpdater] INFO  statemachine.SimpleStateMachine4Testing (SimpleStateMachine4Testing.java:put(204)) - s1: put 31, m15 -> (t:1, i:31), STATEMACHINELOGENTRY, 401@client-6F86E1C52B91
2022-07-24 15:56:03,169 [s2@group-1D117010C276-StateMachineUpdater] INFO  statemachine.SimpleStateMachine4Testing (SimpleStateMachine4Testing.java:put(204)) - s2: put 33, m16 -> (t:1, i:33), STATEMACHINELOGENTRY, 402@client-6F86E1C52B91
2022-07-24 15:56:03,170 [s0-server-thread2] DEBUG raftlog.RaftLog (SegmentedRaftLog.java:appendImpl(447)) - truncateIndex=-1, arrayIndex=0
2022-07-24 15:56:03,170 [s1-server-thread1] DEBUG raftlog.RaftLog (SegmentedRaftLog.java:appendImpl(447)) - truncateIndex=-1, arrayIndex=0
2022-07-24 15:56:03,171 [s1-server-thread1] DEBUG raftlog.RaftLog (SegmentedRaftLog.java:appendImpl(447)) - truncateIndex=-1, arrayIndex=0
2022-07-24 15:56:03,171 [s0-server-thread2] DEBUG raftlog.RaftLog (SegmentedRaftLog.java:appendImpl(447)) - truncateIndex=-1, arrayIndex=0
2022-07-24 15:56:03,172 [s0@group-1D117010C276-StateMachineUpdater] INFO  statemachine.SimpleStateMachine4Testing (SimpleStateMachine4Testing.java:put(204)) - s0: put 33, m16 -> (t:1, i:33), STATEMACHINELOGENTRY, 402@client-6F86E1C52B91
2022-07-24 15:56:03,173 [s1@group-1D117010C276-StateMachineUpdater] INFO  statemachine.SimpleStateMachine4Testing (SimpleStateMachine4Testing.java:put(204)) - s1: put 33, m16 -> (t:1, i:33), STATEMACHINELOGENTRY, 402@client-6F86E1C52B91
2022-07-24 15:56:03,174 [s2@group-1D117010C276-StateMachineUpdater] INFO  statemachine.SimpleStateMachine4Testing (SimpleStateMachine4Testing.java:put(204)) - s2: put 35, m17 -> (t:1, i:35), STATEMACHINELOGENTRY, 403@client-6F86E1C52B91
2022-07-24 15:56:03,174 [s1-server-thread1] DEBUG raftlog.RaftLog (SegmentedRaftLog.java:appendImpl(447)) - truncateIndex=-1, arrayIndex=0
2022-07-24 15:56:03,174 [s0-server-thread2] DEBUG raftlog.RaftLog (SegmentedRaftLog.java:appendImpl(447)) - truncateIndex=-1, arrayIndex=0
2022-07-24 15:56:03,175 [s1-server-thread1] DEBUG raftlog.RaftLog (SegmentedRaftLog.java:appendImpl(447)) - truncateIndex=-1, arrayIndex=0
2022-07-24 15:56:03,175 [s0-server-thread2] DEBUG raftlog.RaftLog (SegmentedRaftLog.java:appendImpl(447)) - truncateIndex=-1, arrayIndex=0
2022-07-24 15:56:03,176 [s0@group-1D117010C276-StateMachineUpdater] INFO  statemachine.SimpleStateMachine4Testing (SimpleStateMachine4Testing.java:put(204)) - s0: put 35, m17 -> (t:1, i:35), STATEMACHINELOGENTRY, 403@client-6F86E1C52B91
2022-07-24 15:56:03,177 [s1@group-1D117010C276-StateMachineUpdater] INFO  statemachine.SimpleStateMachine4Testing (SimpleStateMachine4Testing.java:put(204)) - s1: put 35, m17 -> (t:1, i:35), STATEMACHINELOGENTRY, 403@client-6F86E1C52B91
2022-07-24 15:56:03,178 [s2@group-1D117010C276-StateMachineUpdater] INFO  statemachine.SimpleStateMachine4Testing (SimpleStateMachine4Testing.java:put(204)) - s2: put 37, m18 -> (t:1, i:37), STATEMACHINELOGENTRY, 404@client-6F86E1C52B91
2022-07-24 15:56:03,179 [s1-server-thread1] DEBUG raftlog.RaftLog (SegmentedRaftLog.java:appendImpl(447)) - truncateIndex=-1, arrayIndex=0
2022-07-24 15:56:03,179 [s0-server-thread2] DEBUG raftlog.RaftLog (SegmentedRaftLog.java:appendImpl(447)) - truncateIndex=-1, arrayIndex=0
2022-07-24 15:56:03,180 [s1-server-thread1] DEBUG raftlog.RaftLog (SegmentedRaftLog.java:appendImpl(447)) - truncateIndex=-1, arrayIndex=0
2022-07-24 15:56:03,180 [s0-server-thread2] DEBUG raftlog.RaftLog (SegmentedRaftLog.java:appendImpl(447)) - truncateIndex=-1, arrayIndex=0
2022-07-24 15:56:03,181 [s0@group-1D117010C276-StateMachineUpdater] INFO  statemachine.SimpleStateMachine4Testing (SimpleStateMachine4Testing.java:put(204)) - s0: put 37, m18 -> (t:1, i:37), STATEMACHINELOGENTRY, 404@client-6F86E1C52B91
2022-07-24 15:56:03,181 [s1@group-1D117010C276-StateMachineUpdater] INFO  statemachine.SimpleStateMachine4Testing (SimpleStateMachine4Testing.java:put(204)) - s1: put 37, m18 -> (t:1, i:37), STATEMACHINELOGENTRY, 404@client-6F86E1C52B91
2022-07-24 15:56:03,182 [s2@group-1D117010C276-StateMachineUpdater] INFO  statemachine.SimpleStateMachine4Testing (SimpleStateMachine4Testing.java:put(204)) - s2: put 39, m19 -> (t:1, i:39), STATEMACHINELOGENTRY, 405@client-6F86E1C52B91
2022-07-24 15:56:03,182 [s0-server-thread2] DEBUG raftlog.RaftLog (SegmentedRaftLog.java:appendImpl(447)) - truncateIndex=-1, arrayIndex=0
2022-07-24 15:56:03,183 [s1-server-thread1] DEBUG raftlog.RaftLog (SegmentedRaftLog.java:appendImpl(447)) - truncateIndex=-1, arrayIndex=0
2022-07-24 15:56:03,184 [s1-server-thread1] DEBUG raftlog.RaftLog (SegmentedRaftLog.java:appendImpl(447)) - truncateIndex=-1, arrayIndex=0
2022-07-24 15:56:03,184 [s0-server-thread2] DEBUG raftlog.RaftLog (SegmentedRaftLog.java:appendImpl(447)) - truncateIndex=-1, arrayIndex=0
2022-07-24 15:56:03,184 [s0@group-1D117010C276-StateMachineUpdater] INFO  statemachine.SimpleStateMachine4Testing (SimpleStateMachine4Testing.java:put(204)) - s0: put 39, m19 -> (t:1, i:39), STATEMACHINELOGENTRY, 405@client-6F86E1C52B91
2022-07-24 15:56:03,185 [s1@group-1D117010C276-StateMachineUpdater] INFO  statemachine.SimpleStateMachine4Testing (SimpleStateMachine4Testing.java:put(204)) - s1: put 39, m19 -> (t:1, i:39), STATEMACHINELOGENTRY, 405@client-6F86E1C52B91
2022-07-24 15:56:03,186 [s2@group-1D117010C276-StateMachineUpdater] INFO  statemachine.SimpleStateMachine4Testing (SimpleStateMachine4Testing.java:put(204)) - s2: put 41, m20 -> (t:1, i:41), STATEMACHINELOGENTRY, 406@client-6F86E1C52B91
2022-07-24 15:56:03,186 [s0-server-thread2] DEBUG raftlog.RaftLog (SegmentedRaftLog.java:appendImpl(447)) - truncateIndex=-1, arrayIndex=0
2022-07-24 15:56:03,187 [s1-server-thread1] DEBUG raftlog.RaftLog (SegmentedRaftLog.java:appendImpl(447)) - truncateIndex=-1, arrayIndex=0
2022-07-24 15:56:03,188 [s0-server-thread2] DEBUG raftlog.RaftLog (SegmentedRaftLog.java:appendImpl(447)) - truncateIndex=-1, arrayIndex=0
2022-07-24 15:56:03,188 [s1-server-thread1] DEBUG raftlog.RaftLog (SegmentedRaftLog.java:appendImpl(447)) - truncateIndex=-1, arrayIndex=0
2022-07-24 15:56:03,188 [s0@group-1D117010C276-StateMachineUpdater] INFO  statemachine.SimpleStateMachine4Testing (SimpleStateMachine4Testing.java:put(204)) - s0: put 41, m20 -> (t:1, i:41), STATEMACHINELOGENTRY, 406@client-6F86E1C52B91
2022-07-24 15:56:03,190 [s1@group-1D117010C276-StateMachineUpdater] INFO  statemachine.SimpleStateMachine4Testing (SimpleStateMachine4Testing.java:put(204)) - s1: put 41, m20 -> (t:1, i:41), STATEMACHINELOGENTRY, 406@client-6F86E1C52B91
2022-07-24 15:56:03,194 [s2@group-1D117010C276-StateMachineUpdater] INFO  statemachine.SimpleStateMachine4Testing (SimpleStateMachine4Testing.java:put(204)) - s2: put 43, m21 -> (t:1, i:43), STATEMACHINELOGENTRY, 407@client-6F86E1C52B91
2022-07-24 15:56:03,195 [s0-server-thread2] DEBUG raftlog.RaftLog (SegmentedRaftLog.java:appendImpl(447)) - truncateIndex=-1, arrayIndex=0
2022-07-24 15:56:03,195 [s0-server-thread2] DEBUG raftlog.RaftLog (SegmentedRaftLog.java:appendImpl(447)) - truncateIndex=-1, arrayIndex=0
2022-07-24 15:56:03,200 [s1-server-thread1] DEBUG raftlog.RaftLog (SegmentedRaftLog.java:appendImpl(447)) - truncateIndex=-1, arrayIndex=0
2022-07-24 15:56:03,200 [s1-server-thread1] DEBUG raftlog.RaftLog (SegmentedRaftLog.java:appendImpl(447)) - truncateIndex=-1, arrayIndex=0
2022-07-24 15:56:03,201 [s0@group-1D117010C276-StateMachineUpdater] INFO  statemachine.SimpleStateMachine4Testing (SimpleStateMachine4Testing.java:put(204)) - s0: put 43, m21 -> (t:1, i:43), STATEMACHINELOGENTRY, 407@client-6F86E1C52B91
2022-07-24 15:56:03,203 [s1@group-1D117010C276-StateMachineUpdater] INFO  statemachine.SimpleStateMachine4Testing (SimpleStateMachine4Testing.java:put(204)) - s1: put 43, m21 -> (t:1, i:43), STATEMACHINELOGENTRY, 407@client-6F86E1C52B91
2022-07-24 15:56:03,209 [s2@group-1D117010C276-StateMachineUpdater] INFO  statemachine.SimpleStateMachine4Testing (SimpleStateMachine4Testing.java:put(204)) - s2: put 45, m22 -> (t:1, i:45), STATEMACHINELOGENTRY, 408@client-6F86E1C52B91
2022-07-24 15:56:03,209 [s1-server-thread1] DEBUG raftlog.RaftLog (SegmentedRaftLog.java:appendImpl(447)) - truncateIndex=-1, arrayIndex=0
2022-07-24 15:56:03,210 [s0-server-thread2] DEBUG raftlog.RaftLog (SegmentedRaftLog.java:appendImpl(447)) - truncateIndex=-1, arrayIndex=0
2022-07-24 15:56:03,211 [s0-server-thread2] DEBUG raftlog.RaftLog (SegmentedRaftLog.java:appendImpl(447)) - truncateIndex=-1, arrayIndex=0
2022-07-24 15:56:03,212 [s1-server-thread1] DEBUG raftlog.RaftLog (SegmentedRaftLog.java:appendImpl(447)) - truncateIndex=-1, arrayIndex=0
2022-07-24 15:56:03,216 [s0@group-1D117010C276-StateMachineUpdater] INFO  statemachine.SimpleStateMachine4Testing (SimpleStateMachine4Testing.java:put(204)) - s0: put 45, m22 -> (t:1, i:45), STATEMACHINELOGENTRY, 408@client-6F86E1C52B91
2022-07-24 15:56:03,217 [s1@group-1D117010C276-StateMachineUpdater] INFO  statemachine.SimpleStateMachine4Testing (SimpleStateMachine4Testing.java:put(204)) - s1: put 45, m22 -> (t:1, i:45), STATEMACHINELOGENTRY, 408@client-6F86E1C52B91
2022-07-24 15:56:03,217 [s2@group-1D117010C276-StateMachineUpdater] INFO  statemachine.SimpleStateMachine4Testing (SimpleStateMachine4Testing.java:put(204)) - s2: put 47, m23 -> (t:1, i:47), STATEMACHINELOGENTRY, 409@client-6F86E1C52B91
2022-07-24 15:56:03,218 [s1-server-thread1] DEBUG raftlog.RaftLog (SegmentedRaftLog.java:appendImpl(447)) - truncateIndex=-1, arrayIndex=0
2022-07-24 15:56:03,218 [s0-server-thread2] DEBUG raftlog.RaftLog (SegmentedRaftLog.java:appendImpl(447)) - truncateIndex=-1, arrayIndex=0
2022-07-24 15:56:03,219 [s1-server-thread1] DEBUG raftlog.RaftLog (SegmentedRaftLog.java:appendImpl(447)) - truncateIndex=-1, arrayIndex=0
2022-07-24 15:56:03,219 [s0-server-thread2] DEBUG raftlog.RaftLog (SegmentedRaftLog.java:appendImpl(447)) - truncateIndex=-1, arrayIndex=0
2022-07-24 15:56:03,224 [s0@group-1D117010C276-StateMachineUpdater] INFO  statemachine.SimpleStateMachine4Testing (SimpleStateMachine4Testing.java:put(204)) - s0: put 47, m23 -> (t:1, i:47), STATEMACHINELOGENTRY, 409@client-6F86E1C52B91
2022-07-24 15:56:03,225 [s1@group-1D117010C276-StateMachineUpdater] INFO  statemachine.SimpleStateMachine4Testing (SimpleStateMachine4Testing.java:put(204)) - s1: put 47, m23 -> (t:1, i:47), STATEMACHINELOGENTRY, 409@client-6F86E1C52B91
2022-07-24 15:56:03,233 [s2@group-1D117010C276-StateMachineUpdater] INFO  statemachine.SimpleStateMachine4Testing (SimpleStateMachine4Testing.java:put(204)) - s2: put 49, m24 -> (t:1, i:49), STATEMACHINELOGENTRY, 410@client-6F86E1C52B91
2022-07-24 15:56:03,233 [s0-server-thread2] DEBUG raftlog.RaftLog (SegmentedRaftLog.java:appendImpl(447)) - truncateIndex=-1, arrayIndex=0
2022-07-24 15:56:03,233 [s1-server-thread1] DEBUG raftlog.RaftLog (SegmentedRaftLog.java:appendImpl(447)) - truncateIndex=-1, arrayIndex=0
2022-07-24 15:56:03,234 [s2-client-thread1] INFO  segmented.SegmentedRaftLogWorker (SegmentedRaftLogWorker.java:rollLogSegment(430)) - s2@group-1D117010C276-SegmentedRaftLogWorker: Rolling segment log-23_50 to index:50
2022-07-24 15:56:03,234 [s2@group-1D117010C276-SegmentedRaftLogWorker] TRACE util.FileUtils (LogUtils.java:runAndLog(49)) - Successfully ran Files.move /home/runner/work/ratis/ratis/ratis-test/target/test/data/9df233b8/MiniRaftClusterWithGrpcfc29b47e/s2/6607989c-d6da-490c-8466-1d117010c276/current/log_inprogress_23 to /home/runner/work/ratis/ratis/ratis-test/target/test/data/9df233b8/MiniRaftClusterWithGrpcfc29b47e/s2/6607989c-d6da-490c-8466-1d117010c276/current/log_23-50
2022-07-24 15:56:03,234 [s2@group-1D117010C276-SegmentedRaftLogWorker] INFO  segmented.SegmentedRaftLogWorker (SegmentedRaftLogWorker.java:execute(586)) - s2@group-1D117010C276-SegmentedRaftLogWorker: Rolled log segment from /home/runner/work/ratis/ratis/ratis-test/target/test/data/9df233b8/MiniRaftClusterWithGrpcfc29b47e/s2/6607989c-d6da-490c-8466-1d117010c276/current/log_inprogress_23 to /home/runner/work/ratis/ratis/ratis-test/target/test/data/9df233b8/MiniRaftClusterWithGrpcfc29b47e/s2/6607989c-d6da-490c-8466-1d117010c276/current/log_23-50
2022-07-24 15:56:03,235 [s1-server-thread1] DEBUG raftlog.RaftLog (SegmentedRaftLog.java:appendImpl(447)) - truncateIndex=-1, arrayIndex=0
2022-07-24 15:56:03,235 [s1-server-thread1] INFO  segmented.SegmentedRaftLogWorker (SegmentedRaftLogWorker.java:rollLogSegment(430)) - s1@group-1D117010C276-SegmentedRaftLogWorker: Rolling segment log-23_50 to index:50
2022-07-24 15:56:03,235 [s0-server-thread2] DEBUG raftlog.RaftLog (SegmentedRaftLog.java:appendImpl(447)) - truncateIndex=-1, arrayIndex=0
2022-07-24 15:56:03,235 [s0-server-thread2] INFO  segmented.SegmentedRaftLogWorker (SegmentedRaftLogWorker.java:rollLogSegment(430)) - s0@group-1D117010C276-SegmentedRaftLogWorker: Rolling segment log-23_50 to index:50
2022-07-24 15:56:03,236 [s1@group-1D117010C276-StateMachineUpdater] INFO  statemachine.SimpleStateMachine4Testing (SimpleStateMachine4Testing.java:put(204)) - s1: put 49, m24 -> (t:1, i:49), STATEMACHINELOGENTRY, 410@client-6F86E1C52B91
2022-07-24 15:56:03,236 [s0@group-1D117010C276-StateMachineUpdater] INFO  statemachine.SimpleStateMachine4Testing (SimpleStateMachine4Testing.java:put(204)) - s0: put 49, m24 -> (t:1, i:49), STATEMACHINELOGENTRY, 410@client-6F86E1C52B91
2022-07-24 15:56:03,237 [s0@group-1D117010C276-SegmentedRaftLogWorker] TRACE util.FileUtils (LogUtils.java:runAndLog(49)) - Successfully ran Files.move /home/runner/work/ratis/ratis/ratis-test/target/test/data/9df233b8/MiniRaftClusterWithGrpcfc29b47e/s0/6607989c-d6da-490c-8466-1d117010c276/current/log_inprogress_23 to /home/runner/work/ratis/ratis/ratis-test/target/test/data/9df233b8/MiniRaftClusterWithGrpcfc29b47e/s0/6607989c-d6da-490c-8466-1d117010c276/current/log_23-50
2022-07-24 15:56:03,237 [s0@group-1D117010C276-SegmentedRaftLogWorker] INFO  segmented.SegmentedRaftLogWorker (SegmentedRaftLogWorker.java:execute(586)) - s0@group-1D117010C276-SegmentedRaftLogWorker: Rolled log segment from /home/runner/work/ratis/ratis/ratis-test/target/test/data/9df233b8/MiniRaftClusterWithGrpcfc29b47e/s0/6607989c-d6da-490c-8466-1d117010c276/current/log_inprogress_23 to /home/runner/work/ratis/ratis/ratis-test/target/test/data/9df233b8/MiniRaftClusterWithGrpcfc29b47e/s0/6607989c-d6da-490c-8466-1d117010c276/current/log_23-50
2022-07-24 15:56:03,237 [s1@group-1D117010C276-SegmentedRaftLogWorker] TRACE util.FileUtils (LogUtils.java:runAndLog(49)) - Successfully ran Files.move /home/runner/work/ratis/ratis/ratis-test/target/test/data/9df233b8/MiniRaftClusterWithGrpcfc29b47e/s1/6607989c-d6da-490c-8466-1d117010c276/current/log_inprogress_23 to /home/runner/work/ratis/ratis/ratis-test/target/test/data/9df233b8/MiniRaftClusterWithGrpcfc29b47e/s1/6607989c-d6da-490c-8466-1d117010c276/current/log_23-50
2022-07-24 15:56:03,237 [s1@group-1D117010C276-SegmentedRaftLogWorker] INFO  segmented.SegmentedRaftLogWorker (SegmentedRaftLogWorker.java:execute(586)) - s1@group-1D117010C276-SegmentedRaftLogWorker: Rolled log segment from /home/runner/work/ratis/ratis/ratis-test/target/test/data/9df233b8/MiniRaftClusterWithGrpcfc29b47e/s1/6607989c-d6da-490c-8466-1d117010c276/current/log_inprogress_23 to /home/runner/work/ratis/ratis/ratis-test/target/test/data/9df233b8/MiniRaftClusterWithGrpcfc29b47e/s1/6607989c-d6da-490c-8466-1d117010c276/current/log_23-50
2022-07-24 15:56:03,237 [s2@group-1D117010C276-SegmentedRaftLogWorker] INFO  segmented.SegmentedRaftLogWorker (SegmentedRaftLogWorker.java:execute(629)) - s2@group-1D117010C276-SegmentedRaftLogWorker: created new log segment /home/runner/work/ratis/ratis/ratis-test/target/test/data/9df233b8/MiniRaftClusterWithGrpcfc29b47e/s2/6607989c-d6da-490c-8466-1d117010c276/current/log_inprogress_51
2022-07-24 15:56:03,239 [s1@group-1D117010C276-SegmentedRaftLogWorker] INFO  segmented.SegmentedRaftLogWorker (SegmentedRaftLogWorker.java:execute(629)) - s1@group-1D117010C276-SegmentedRaftLogWorker: created new log segment /home/runner/work/ratis/ratis/ratis-test/target/test/data/9df233b8/MiniRaftClusterWithGrpcfc29b47e/s1/6607989c-d6da-490c-8466-1d117010c276/current/log_inprogress_51
2022-07-24 15:56:03,239 [s0@group-1D117010C276-SegmentedRaftLogWorker] INFO  segmented.SegmentedRaftLogWorker (SegmentedRaftLogWorker.java:execute(629)) - s0@group-1D117010C276-SegmentedRaftLogWorker: created new log segment /home/runner/work/ratis/ratis/ratis-test/target/test/data/9df233b8/MiniRaftClusterWithGrpcfc29b47e/s0/6607989c-d6da-490c-8466-1d117010c276/current/log_inprogress_51
2022-07-24 15:56:03,239 [s2@group-1D117010C276-StateMachineUpdater] INFO  statemachine.SimpleStateMachine4Testing (SimpleStateMachine4Testing.java:put(204)) - s2: put 51, m25 -> (t:1, i:51), STATEMACHINELOGENTRY, 411@client-6F86E1C52B91
2022-07-24 15:56:03,241 [s0-server-thread2] DEBUG raftlog.RaftLog (SegmentedRaftLog.java:appendImpl(447)) - truncateIndex=-1, arrayIndex=0
2022-07-24 15:56:03,241 [s1-server-thread1] DEBUG raftlog.RaftLog (SegmentedRaftLog.java:appendImpl(447)) - truncateIndex=-1, arrayIndex=0
2022-07-24 15:56:03,242 [s1@group-1D117010C276-StateMachineUpdater] INFO  statemachine.SimpleStateMachine4Testing (SimpleStateMachine4Testing.java:put(204)) - s1: put 51, m25 -> (t:1, i:51), STATEMACHINELOGENTRY, 411@client-6F86E1C52B91
2022-07-24 15:56:03,243 [s0-server-thread2] DEBUG raftlog.RaftLog (SegmentedRaftLog.java:appendImpl(447)) - truncateIndex=-1, arrayIndex=0
2022-07-24 15:56:03,243 [s1-server-thread1] DEBUG raftlog.RaftLog (SegmentedRaftLog.java:appendImpl(447)) - truncateIndex=-1, arrayIndex=0
2022-07-24 15:56:03,244 [s0@group-1D117010C276-StateMachineUpdater] INFO  statemachine.SimpleStateMachine4Testing (SimpleStateMachine4Testing.java:put(204)) - s0: put 51, m25 -> (t:1, i:51), STATEMACHINELOGENTRY, 411@client-6F86E1C52B91
2022-07-24 15:56:03,249 [s2@group-1D117010C276-StateMachineUpdater] INFO  statemachine.SimpleStateMachine4Testing (SimpleStateMachine4Testing.java:put(204)) - s2: put 53, m26 -> (t:1, i:53), STATEMACHINELOGENTRY, 412@client-6F86E1C52B91
2022-07-24 15:56:03,249 [s0-server-thread2] DEBUG raftlog.RaftLog (SegmentedRaftLog.java:appendImpl(447)) - truncateIndex=-1, arrayIndex=0
2022-07-24 15:56:03,249 [s1-server-thread1] DEBUG raftlog.RaftLog (SegmentedRaftLog.java:appendImpl(447)) - truncateIndex=-1, arrayIndex=0
2022-07-24 15:56:03,250 [s0-server-thread2] DEBUG raftlog.RaftLog (SegmentedRaftLog.java:appendImpl(447)) - truncateIndex=-1, arrayIndex=0
2022-07-24 15:56:03,251 [s1-server-thread1] DEBUG raftlog.RaftLog (SegmentedRaftLog.java:appendImpl(447)) - truncateIndex=-1, arrayIndex=0
2022-07-24 15:56:03,251 [s1@group-1D117010C276-StateMachineUpdater] INFO  statemachine.SimpleStateMachine4Testing (SimpleStateMachine4Testing.java:put(204)) - s1: put 53, m26 -> (t:1, i:53), STATEMACHINELOGENTRY, 412@client-6F86E1C52B91
2022-07-24 15:56:03,253 [s0@group-1D117010C276-StateMachineUpdater] INFO  statemachine.SimpleStateMachine4Testing (SimpleStateMachine4Testing.java:put(204)) - s0: put 53, m26 -> (t:1, i:53), STATEMACHINELOGENTRY, 412@client-6F86E1C52B91
2022-07-24 15:56:03,254 [s2@group-1D117010C276-StateMachineUpdater] INFO  statemachine.SimpleStateMachine4Testing (SimpleStateMachine4Testing.java:put(204)) - s2: put 55, m27 -> (t:1, i:55), STATEMACHINELOGENTRY, 413@client-6F86E1C52B91
2022-07-24 15:56:03,255 [s1-server-thread1] DEBUG raftlog.RaftLog (SegmentedRaftLog.java:appendImpl(447)) - truncateIndex=-1, arrayIndex=0
2022-07-24 15:56:03,255 [s0-server-thread2] DEBUG raftlog.RaftLog (SegmentedRaftLog.java:appendImpl(447)) - truncateIndex=-1, arrayIndex=0
2022-07-24 15:56:03,257 [s1-server-thread1] DEBUG raftlog.RaftLog (SegmentedRaftLog.java:appendImpl(447)) - truncateIndex=-1, arrayIndex=0
2022-07-24 15:56:03,257 [s0-server-thread2] DEBUG raftlog.RaftLog (SegmentedRaftLog.java:appendImpl(447)) - truncateIndex=-1, arrayIndex=0
2022-07-24 15:56:03,258 [s1@group-1D117010C276-StateMachineUpdater] INFO  statemachine.SimpleStateMachine4Testing (SimpleStateMachine4Testing.java:put(204)) - s1: put 55, m27 -> (t:1, i:55), STATEMACHINELOGENTRY, 413@client-6F86E1C52B91
2022-07-24 15:56:03,259 [s2@group-1D117010C276-StateMachineUpdater] INFO  statemachine.SimpleStateMachine4Testing (SimpleStateMachine4Testing.java:put(204)) - s2: put 57, m28 -> (t:1, i:57), STATEMACHINELOGENTRY, 414@client-6F86E1C52B91
2022-07-24 15:56:03,260 [s0-server-thread2] DEBUG raftlog.RaftLog (SegmentedRaftLog.java:appendImpl(447)) - truncateIndex=-1, arrayIndex=0
2022-07-24 15:56:03,260 [s1-server-thread1] DEBUG raftlog.RaftLog (SegmentedRaftLog.java:appendImpl(447)) - truncateIndex=-1, arrayIndex=0
2022-07-24 15:56:03,262 [s1-server-thread1] DEBUG raftlog.RaftLog (SegmentedRaftLog.java:appendImpl(447)) - truncateIndex=-1, arrayIndex=0
2022-07-24 15:56:03,262 [s0-server-thread2] DEBUG raftlog.RaftLog (SegmentedRaftLog.java:appendImpl(447)) - truncateIndex=-1, arrayIndex=0
2022-07-24 15:56:03,262 [s0@group-1D117010C276-StateMachineUpdater] INFO  statemachine.SimpleStateMachine4Testing (SimpleStateMachine4Testing.java:put(204)) - s0: put 55, m27 -> (t:1, i:55), STATEMACHINELOGENTRY, 413@client-6F86E1C52B91
2022-07-24 15:56:03,263 [s1@group-1D117010C276-StateMachineUpdater] INFO  statemachine.SimpleStateMachine4Testing (SimpleStateMachine4Testing.java:put(204)) - s1: put 57, m28 -> (t:1, i:57), STATEMACHINELOGENTRY, 414@client-6F86E1C52B91
2022-07-24 15:56:03,265 [s0@group-1D117010C276-StateMachineUpdater] INFO  statemachine.SimpleStateMachine4Testing (SimpleStateMachine4Testing.java:put(204)) - s0: put 57, m28 -> (t:1, i:57), STATEMACHINELOGENTRY, 414@client-6F86E1C52B91
2022-07-24 15:56:03,266 [s2@group-1D117010C276-StateMachineUpdater] INFO  statemachine.SimpleStateMachine4Testing (SimpleStateMachine4Testing.java:put(204)) - s2: put 59, m29 -> (t:1, i:59), STATEMACHINELOGENTRY, 415@client-6F86E1C52B91
2022-07-24 15:56:03,266 [s0-server-thread2] DEBUG raftlog.RaftLog (SegmentedRaftLog.java:appendImpl(447)) - truncateIndex=-1, arrayIndex=0
2022-07-24 15:56:03,266 [s1-server-thread1] DEBUG raftlog.RaftLog (SegmentedRaftLog.java:appendImpl(447)) - truncateIndex=-1, arrayIndex=0
2022-07-24 15:56:03,267 [s1-server-thread1] DEBUG raftlog.RaftLog (SegmentedRaftLog.java:appendImpl(447)) - truncateIndex=-1, arrayIndex=0
2022-07-24 15:56:03,267 [s0-server-thread2] DEBUG raftlog.RaftLog (SegmentedRaftLog.java:appendImpl(447)) - truncateIndex=-1, arrayIndex=0
2022-07-24 15:56:03,269 [s0@group-1D117010C276-StateMachineUpdater] INFO  statemachine.SimpleStateMachine4Testing (SimpleStateMachine4Testing.java:put(204)) - s0: put 59, m29 -> (t:1, i:59), STATEMACHINELOGENTRY, 415@client-6F86E1C52B91
2022-07-24 15:56:03,269 [s1@group-1D117010C276-StateMachineUpdater] INFO  statemachine.SimpleStateMachine4Testing (SimpleStateMachine4Testing.java:put(204)) - s1: put 59, m29 -> (t:1, i:59), STATEMACHINELOGENTRY, 415@client-6F86E1C52B91
2022-07-24 15:56:03,270 [s2@group-1D117010C276-StateMachineUpdater] INFO  statemachine.SimpleStateMachine4Testing (SimpleStateMachine4Testing.java:put(204)) - s2: put 61, m30 -> (t:1, i:61), STATEMACHINELOGENTRY, 416@client-6F86E1C52B91
2022-07-24 15:56:03,271 [s1-server-thread1] DEBUG raftlog.RaftLog (SegmentedRaftLog.java:appendImpl(447)) - truncateIndex=-1, arrayIndex=0
2022-07-24 15:56:03,272 [s0-server-thread2] DEBUG raftlog.RaftLog (SegmentedRaftLog.java:appendImpl(447)) - truncateIndex=-1, arrayIndex=0
2022-07-24 15:56:03,274 [s1-server-thread1] DEBUG raftlog.RaftLog (SegmentedRaftLog.java:appendImpl(447)) - truncateIndex=-1, arrayIndex=0
2022-07-24 15:56:03,274 [s0-server-thread2] DEBUG raftlog.RaftLog (SegmentedRaftLog.java:appendImpl(447)) - truncateIndex=-1, arrayIndex=0
2022-07-24 15:56:03,275 [s1@group-1D117010C276-StateMachineUpdater] INFO  statemachine.SimpleStateMachine4Testing (SimpleStateMachine4Testing.java:put(204)) - s1: put 61, m30 -> (t:1, i:61), STATEMACHINELOGENTRY, 416@client-6F86E1C52B91
2022-07-24 15:56:03,276 [s0@group-1D117010C276-StateMachineUpdater] INFO  statemachine.SimpleStateMachine4Testing (SimpleStateMachine4Testing.java:put(204)) - s0: put 61, m30 -> (t:1, i:61), STATEMACHINELOGENTRY, 416@client-6F86E1C52B91
2022-07-24 15:56:03,277 [s2@group-1D117010C276-StateMachineUpdater] INFO  statemachine.SimpleStateMachine4Testing (SimpleStateMachine4Testing.java:put(204)) - s2: put 63, m31 -> (t:1, i:63), STATEMACHINELOGENTRY, 417@client-6F86E1C52B91
2022-07-24 15:56:03,277 [s0-server-thread2] DEBUG raftlog.RaftLog (SegmentedRaftLog.java:appendImpl(447)) - truncateIndex=-1, arrayIndex=0
2022-07-24 15:56:03,280 [s1-server-thread1] DEBUG raftlog.RaftLog (SegmentedRaftLog.java:appendImpl(447)) - truncateIndex=-1, arrayIndex=0
2022-07-24 15:56:03,282 [s1-server-thread1] DEBUG raftlog.RaftLog (SegmentedRaftLog.java:appendImpl(447)) - truncateIndex=-1, arrayIndex=0
2022-07-24 15:56:03,282 [s0-server-thread2] DEBUG raftlog.RaftLog (SegmentedRaftLog.java:appendImpl(447)) - truncateIndex=-1, arrayIndex=0
2022-07-24 15:56:03,283 [s0@group-1D117010C276-StateMachineUpdater] INFO  statemachine.SimpleStateMachine4Testing (SimpleStateMachine4Testing.java:put(204)) - s0: put 63, m31 -> (t:1, i:63), STATEMACHINELOGENTRY, 417@client-6F86E1C52B91
2022-07-24 15:56:03,290 [s1@group-1D117010C276-StateMachineUpdater] INFO  statemachine.SimpleStateMachine4Testing (SimpleStateMachine4Testing.java:put(204)) - s1: put 63, m31 -> (t:1, i:63), STATEMACHINELOGENTRY, 417@client-6F86E1C52B91
2022-07-24 15:56:03,295 [s2@group-1D117010C276-StateMachineUpdater] INFO  impl.StateMachineUpdater (StateMachineUpdater.java:takeSnapshot(287)) - s2@group-1D117010C276-StateMachineUpdater: Took a snapshot at index 63
2022-07-24 15:56:03,295 [s2@group-1D117010C276-StateMachineUpdater] INFO  impl.StateMachineUpdater (StateMachineUpdater.java:lambda$new$0(92)) - s2@group-1D117010C276-StateMachineUpdater: snapshotIndex: updateIncreasingly -1 -> 63
2022-07-24 15:56:03,295 [s2@group-1D117010C276-StateMachineUpdater] INFO  raftlog.RaftLog (RaftLogBase.java:purge(314)) - s2@group-1D117010C276-SegmentedRaftLog: purge 63
2022-07-24 15:56:03,295 [s2@group-1D117010C276-StateMachineUpdater] INFO  raftlog.RaftLog (RaftLogBase.java:lambda$new$0(53)) - s2@group-1D117010C276-SegmentedRaftLog: snapshotIndex: updateIncreasingly -1 -> 63
2022-07-24 15:56:03,295 [s2@group-1D117010C276-StateMachineUpdater] DEBUG raftlog.RaftLog (SegmentedRaftLog.java:purgeImpl(365)) - purging segments:toTruncate: null
  toDelete: [(0, 22) isOpen? false, length=0, newEndIndex=0, (23, 50) isOpen? false, length=0, newEndIndex=0]
2022-07-24 15:56:03,295 [s2@group-1D117010C276-SegmentedRaftLogWorker] TRACE util.FileUtils (LogUtils.java:runAndLog(49)) - Successfully ran Files.delete /home/runner/work/ratis/ratis/ratis-test/target/test/data/9df233b8/MiniRaftClusterWithGrpcfc29b47e/s2/6607989c-d6da-490c-8466-1d117010c276/current/log_0-22
2022-07-24 15:56:03,295 [s2@group-1D117010C276-SegmentedRaftLogWorker] TRACE util.FileUtils (LogUtils.java:runAndLog(49)) - Successfully ran Files.delete /home/runner/work/ratis/ratis/ratis-test/target/test/data/9df233b8/MiniRaftClusterWithGrpcfc29b47e/s2/6607989c-d6da-490c-8466-1d117010c276/current/log_23-50
2022-07-24 15:56:03,295 [s2@group-1D117010C276-SegmentedRaftLogWorker] INFO  raftlog.RaftLog (RaftLogBase.java:lambda$new$0(53)) - s2@group-1D117010C276-SegmentedRaftLog: purgeIndex: updateToMax old=-1, new=50, updated? true
2022-07-24 15:56:03,296 [s0-server-thread2] DEBUG raftlog.RaftLog (SegmentedRaftLog.java:appendImpl(447)) - truncateIndex=-1, arrayIndex=0
2022-07-24 15:56:03,296 [s1-server-thread1] DEBUG raftlog.RaftLog (SegmentedRaftLog.java:appendImpl(447)) - truncateIndex=-1, arrayIndex=0
2022-07-24 15:56:03,297 [s2@group-1D117010C276-StateMachineUpdater] INFO  statemachine.SimpleStateMachine4Testing (SimpleStateMachine4Testing.java:put(204)) - s2: put 65, m32 -> (t:1, i:65), STATEMACHINELOGENTRY, 418@client-6F86E1C52B91
2022-07-24 15:56:03,299 [s1-server-thread1] DEBUG raftlog.RaftLog (SegmentedRaftLog.java:appendImpl(447)) - truncateIndex=-1, arrayIndex=0
2022-07-24 15:56:03,299 [s0-server-thread2] DEBUG raftlog.RaftLog (SegmentedRaftLog.java:appendImpl(447)) - truncateIndex=-1, arrayIndex=0
2022-07-24 15:56:03,303 [s1@group-1D117010C276-StateMachineUpdater] INFO  impl.StateMachineUpdater (StateMachineUpdater.java:takeSnapshot(287)) - s1@group-1D117010C276-StateMachineUpdater: Took a snapshot at index 63
2022-07-24 15:56:03,303 [s1@group-1D117010C276-StateMachineUpdater] INFO  impl.StateMachineUpdater (StateMachineUpdater.java:lambda$new$0(92)) - s1@group-1D117010C276-StateMachineUpdater: snapshotIndex: updateIncreasingly -1 -> 63
2022-07-24 15:56:03,303 [s1@group-1D117010C276-StateMachineUpdater] INFO  raftlog.RaftLog (RaftLogBase.java:purge(314)) - s1@group-1D117010C276-SegmentedRaftLog: purge 63
2022-07-24 15:56:03,303 [s0@group-1D117010C276-StateMachineUpdater] INFO  impl.StateMachineUpdater (StateMachineUpdater.java:takeSnapshot(287)) - s0@group-1D117010C276-StateMachineUpdater: Took a snapshot at index 63
2022-07-24 15:56:03,304 [s0@group-1D117010C276-StateMachineUpdater] INFO  impl.StateMachineUpdater (StateMachineUpdater.java:lambda$new$0(92)) - s0@group-1D117010C276-StateMachineUpdater: snapshotIndex: updateIncreasingly -1 -> 63
2022-07-24 15:56:03,304 [s0@group-1D117010C276-StateMachineUpdater] INFO  raftlog.RaftLog (RaftLogBase.java:purge(314)) - s0@group-1D117010C276-SegmentedRaftLog: purge 63
2022-07-24 15:56:03,304 [s0@group-1D117010C276-StateMachineUpdater] INFO  raftlog.RaftLog (RaftLogBase.java:lambda$new$0(53)) - s0@group-1D117010C276-SegmentedRaftLog: snapshotIndex: updateIncreasingly -1 -> 63
2022-07-24 15:56:03,304 [s0@group-1D117010C276-StateMachineUpdater] DEBUG raftlog.RaftLog (SegmentedRaftLog.java:purgeImpl(365)) - purging segments:toTruncate: null
  toDelete: [(0, 22) isOpen? false, length=0, newEndIndex=0, (23, 50) isOpen? false, length=0, newEndIndex=0]
2022-07-24 15:56:03,304 [s0@group-1D117010C276-StateMachineUpdater] INFO  statemachine.SimpleStateMachine4Testing (SimpleStateMachine4Testing.java:put(204)) - s0: put 65, m32 -> (t:1, i:65), STATEMACHINELOGENTRY, 418@client-6F86E1C52B91
2022-07-24 15:56:03,304 [s1@group-1D117010C276-StateMachineUpdater] INFO  raftlog.RaftLog (RaftLogBase.java:lambda$new$0(53)) - s1@group-1D117010C276-SegmentedRaftLog: snapshotIndex: updateIncreasingly -1 -> 63
2022-07-24 15:56:03,304 [s1@group-1D117010C276-StateMachineUpdater] DEBUG raftlog.RaftLog (SegmentedRaftLog.java:purgeImpl(365)) - purging segments:toTruncate: null
  toDelete: [(0, 22) isOpen? false, length=0, newEndIndex=0, (23, 50) isOpen? false, length=0, newEndIndex=0]
2022-07-24 15:56:03,308 [s0@group-1D117010C276-SegmentedRaftLogWorker] TRACE util.FileUtils (LogUtils.java:runAndLog(49)) - Successfully ran Files.delete /home/runner/work/ratis/ratis/ratis-test/target/test/data/9df233b8/MiniRaftClusterWithGrpcfc29b47e/s0/6607989c-d6da-490c-8466-1d117010c276/current/log_0-22
2022-07-24 15:56:03,308 [s0@group-1D117010C276-SegmentedRaftLogWorker] TRACE util.FileUtils (LogUtils.java:runAndLog(49)) - Successfully ran Files.delete /home/runner/work/ratis/ratis/ratis-test/target/test/data/9df233b8/MiniRaftClusterWithGrpcfc29b47e/s0/6607989c-d6da-490c-8466-1d117010c276/current/log_23-50
2022-07-24 15:56:03,308 [s0@group-1D117010C276-SegmentedRaftLogWorker] INFO  raftlog.RaftLog (RaftLogBase.java:lambda$new$0(53)) - s0@group-1D117010C276-SegmentedRaftLog: purgeIndex: updateToMax old=-1, new=50, updated? true
2022-07-24 15:56:03,308 [s1@group-1D117010C276-SegmentedRaftLogWorker] TRACE util.FileUtils (LogUtils.java:runAndLog(49)) - Successfully ran Files.delete /home/runner/work/ratis/ratis/ratis-test/target/test/data/9df233b8/MiniRaftClusterWithGrpcfc29b47e/s1/6607989c-d6da-490c-8466-1d117010c276/current/log_0-22
2022-07-24 15:56:03,309 [s1@group-1D117010C276-SegmentedRaftLogWorker] TRACE util.FileUtils (LogUtils.java:runAndLog(49)) - Successfully ran Files.delete /home/runner/work/ratis/ratis/ratis-test/target/test/data/9df233b8/MiniRaftClusterWithGrpcfc29b47e/s1/6607989c-d6da-490c-8466-1d117010c276/current/log_23-50
2022-07-24 15:56:03,309 [s1@group-1D117010C276-SegmentedRaftLogWorker] INFO  raftlog.RaftLog (RaftLogBase.java:lambda$new$0(53)) - s1@group-1D117010C276-SegmentedRaftLog: purgeIndex: updateToMax old=-1, new=50, updated? true
2022-07-24 15:56:03,309 [s2@group-1D117010C276-StateMachineUpdater] INFO  statemachine.SimpleStateMachine4Testing (SimpleStateMachine4Testing.java:put(204)) - s2: put 67, m33 -> (t:1, i:67), STATEMACHINELOGENTRY, 419@client-6F86E1C52B91
2022-07-24 15:56:03,310 [s1-server-thread1] DEBUG raftlog.RaftLog (SegmentedRaftLog.java:appendImpl(447)) - truncateIndex=-1, arrayIndex=0
2022-07-24 15:56:03,311 [s0-server-thread2] DEBUG raftlog.RaftLog (SegmentedRaftLog.java:appendImpl(447)) - truncateIndex=-1, arrayIndex=0
2022-07-24 15:56:03,312 [s1-server-thread1] DEBUG raftlog.RaftLog (SegmentedRaftLog.java:appendImpl(447)) - truncateIndex=-1, arrayIndex=0
2022-07-24 15:56:03,312 [s0-server-thread2] DEBUG raftlog.RaftLog (SegmentedRaftLog.java:appendImpl(447)) - truncateIndex=-1, arrayIndex=0
2022-07-24 15:56:03,314 [s0@group-1D117010C276-StateMachineUpdater] INFO  statemachine.SimpleStateMachine4Testing (SimpleStateMachine4Testing.java:put(204)) - s0: put 67, m33 -> (t:1, i:67), STATEMACHINELOGENTRY, 419@client-6F86E1C52B91
2022-07-24 15:56:03,324 [s1@group-1D117010C276-StateMachineUpdater] INFO  statemachine.SimpleStateMachine4Testing (SimpleStateMachine4Testing.java:put(204)) - s1: put 65, m32 -> (t:1, i:65), STATEMACHINELOGENTRY, 418@client-6F86E1C52B91
2022-07-24 15:56:03,328 [s1@group-1D117010C276-StateMachineUpdater] INFO  statemachine.SimpleStateMachine4Testing (SimpleStateMachine4Testing.java:put(204)) - s1: put 67, m33 -> (t:1, i:67), STATEMACHINELOGENTRY, 419@client-6F86E1C52B91
2022-07-24 15:56:03,333 [s2@group-1D117010C276-StateMachineUpdater] INFO  statemachine.SimpleStateMachine4Testing (SimpleStateMachine4Testing.java:put(204)) - s2: put 69, m34 -> (t:1, i:69), STATEMACHINELOGENTRY, 420@client-6F86E1C52B91
2022-07-24 15:56:03,335 [s1-server-thread1] DEBUG raftlog.RaftLog (SegmentedRaftLog.java:appendImpl(447)) - truncateIndex=-1, arrayIndex=0
2022-07-24 15:56:03,335 [s0-server-thread2] DEBUG raftlog.RaftLog (SegmentedRaftLog.java:appendImpl(447)) - truncateIndex=-1, arrayIndex=0
2022-07-24 15:56:03,336 [s0-server-thread2] DEBUG raftlog.RaftLog (SegmentedRaftLog.java:appendImpl(447)) - truncateIndex=-1, arrayIndex=0
2022-07-24 15:56:03,336 [s1-server-thread1] DEBUG raftlog.RaftLog (SegmentedRaftLog.java:appendImpl(447)) - truncateIndex=-1, arrayIndex=0
2022-07-24 15:56:03,340 [s1@group-1D117010C276-StateMachineUpdater] INFO  statemachine.SimpleStateMachine4Testing (SimpleStateMachine4Testing.java:put(204)) - s1: put 69, m34 -> (t:1, i:69), STATEMACHINELOGENTRY, 420@client-6F86E1C52B91
2022-07-24 15:56:03,341 [s0@group-1D117010C276-StateMachineUpdater] INFO  statemachine.SimpleStateMachine4Testing (SimpleStateMachine4Testing.java:put(204)) - s0: put 69, m34 -> (t:1, i:69), STATEMACHINELOGENTRY, 420@client-6F86E1C52B91
2022-07-24 15:56:03,342 [s2@group-1D117010C276-StateMachineUpdater] INFO  statemachine.SimpleStateMachine4Testing (SimpleStateMachine4Testing.java:put(204)) - s2: put 71, m35 -> (t:1, i:71), STATEMACHINELOGENTRY, 421@client-6F86E1C52B91
2022-07-24 15:56:03,342 [s1-server-thread1] DEBUG raftlog.RaftLog (SegmentedRaftLog.java:appendImpl(447)) - truncateIndex=-1, arrayIndex=0
2022-07-24 15:56:03,343 [s0-server-thread2] DEBUG raftlog.RaftLog (SegmentedRaftLog.java:appendImpl(447)) - truncateIndex=-1, arrayIndex=0
2022-07-24 15:56:03,343 [s1@group-1D117010C276-StateMachineUpdater] INFO  statemachine.SimpleStateMachine4Testing (SimpleStateMachine4Testing.java:put(204)) - s1: put 71, m35 -> (t:1, i:71), STATEMACHINELOGENTRY, 421@client-6F86E1C52B91
2022-07-24 15:56:03,344 [s1-server-thread1] DEBUG raftlog.RaftLog (SegmentedRaftLog.java:appendImpl(447)) - truncateIndex=-1, arrayIndex=0
2022-07-24 15:56:03,344 [s0@group-1D117010C276-StateMachineUpdater] INFO  statemachine.SimpleStateMachine4Testing (SimpleStateMachine4Testing.java:put(204)) - s0: put 71, m35 -> (t:1, i:71), STATEMACHINELOGENTRY, 421@client-6F86E1C52B91
2022-07-24 15:56:03,345 [s0-server-thread2] DEBUG raftlog.RaftLog (SegmentedRaftLog.java:appendImpl(447)) - truncateIndex=-1, arrayIndex=0
2022-07-24 15:56:03,345 [s2@group-1D117010C276-StateMachineUpdater] INFO  statemachine.SimpleStateMachine4Testing (SimpleStateMachine4Testing.java:put(204)) - s2: put 73, m36 -> (t:1, i:73), STATEMACHINELOGENTRY, 422@client-6F86E1C52B91
2022-07-24 15:56:03,346 [s1-server-thread1] DEBUG raftlog.RaftLog (SegmentedRaftLog.java:appendImpl(447)) - truncateIndex=-1, arrayIndex=0
2022-07-24 15:56:03,346 [s0-server-thread2] DEBUG raftlog.RaftLog (SegmentedRaftLog.java:appendImpl(447)) - truncateIndex=-1, arrayIndex=0
2022-07-24 15:56:03,347 [s0-server-thread2] DEBUG raftlog.RaftLog (SegmentedRaftLog.java:appendImpl(447)) - truncateIndex=-1, arrayIndex=0
2022-07-24 15:56:03,347 [s1@group-1D117010C276-StateMachineUpdater] INFO  statemachine.SimpleStateMachine4Testing (SimpleStateMachine4Testing.java:put(204)) - s1: put 73, m36 -> (t:1, i:73), STATEMACHINELOGENTRY, 422@client-6F86E1C52B91
2022-07-24 15:56:03,347 [s1-server-thread1] DEBUG raftlog.RaftLog (SegmentedRaftLog.java:appendImpl(447)) - truncateIndex=-1, arrayIndex=0
2022-07-24 15:56:03,350 [s0@group-1D117010C276-StateMachineUpdater] INFO  statemachine.SimpleStateMachine4Testing (SimpleStateMachine4Testing.java:put(204)) - s0: put 73, m36 -> (t:1, i:73), STATEMACHINELOGENTRY, 422@client-6F86E1C52B91
2022-07-24 15:56:03,350 [s2@group-1D117010C276-StateMachineUpdater] INFO  statemachine.SimpleStateMachine4Testing (SimpleStateMachine4Testing.java:put(204)) - s2: put 75, m37 -> (t:1, i:75), STATEMACHINELOGENTRY, 423@client-6F86E1C52B91
2022-07-24 15:56:03,351 [s0-server-thread2] DEBUG raftlog.RaftLog (SegmentedRaftLog.java:appendImpl(447)) - truncateIndex=-1, arrayIndex=0
2022-07-24 15:56:03,351 [s1-server-thread1] DEBUG raftlog.RaftLog (SegmentedRaftLog.java:appendImpl(447)) - truncateIndex=-1, arrayIndex=0
2022-07-24 15:56:03,352 [s1-server-thread1] DEBUG raftlog.RaftLog (SegmentedRaftLog.java:appendImpl(447)) - truncateIndex=-1, arrayIndex=0
2022-07-24 15:56:03,352 [s0-server-thread2] DEBUG raftlog.RaftLog (SegmentedRaftLog.java:appendImpl(447)) - truncateIndex=-1, arrayIndex=0
2022-07-24 15:56:03,353 [s1@group-1D117010C276-StateMachineUpdater] INFO  statemachine.SimpleStateMachine4Testing (SimpleStateMachine4Testing.java:put(204)) - s1: put 75, m37 -> (t:1, i:75), STATEMACHINELOGENTRY, 423@client-6F86E1C52B91
2022-07-24 15:56:03,353 [s0@group-1D117010C276-StateMachineUpdater] INFO  statemachine.SimpleStateMachine4Testing (SimpleStateMachine4Testing.java:put(204)) - s0: put 75, m37 -> (t:1, i:75), STATEMACHINELOGENTRY, 423@client-6F86E1C52B91
2022-07-24 15:56:03,354 [s2@group-1D117010C276-StateMachineUpdater] INFO  statemachine.SimpleStateMachine4Testing (SimpleStateMachine4Testing.java:put(204)) - s2: put 77, m38 -> (t:1, i:77), STATEMACHINELOGENTRY, 424@client-6F86E1C52B91
2022-07-24 15:56:03,355 [s2-client-thread1] INFO  segmented.SegmentedRaftLogWorker (SegmentedRaftLogWorker.java:rollLogSegment(430)) - s2@group-1D117010C276-SegmentedRaftLogWorker: Rolling segment log-51_78 to index:78
2022-07-24 15:56:03,356 [s2@group-1D117010C276-SegmentedRaftLogWorker] TRACE util.FileUtils (LogUtils.java:runAndLog(49)) - Successfully ran Files.move /home/runner/work/ratis/ratis/ratis-test/target/test/data/9df233b8/MiniRaftClusterWithGrpcfc29b47e/s2/6607989c-d6da-490c-8466-1d117010c276/current/log_inprogress_51 to /home/runner/work/ratis/ratis/ratis-test/target/test/data/9df233b8/MiniRaftClusterWithGrpcfc29b47e/s2/6607989c-d6da-490c-8466-1d117010c276/current/log_51-78
2022-07-24 15:56:03,356 [s2@group-1D117010C276-SegmentedRaftLogWorker] INFO  segmented.SegmentedRaftLogWorker (SegmentedRaftLogWorker.java:execute(586)) - s2@group-1D117010C276-SegmentedRaftLogWorker: Rolled log segment from /home/runner/work/ratis/ratis/ratis-test/target/test/data/9df233b8/MiniRaftClusterWithGrpcfc29b47e/s2/6607989c-d6da-490c-8466-1d117010c276/current/log_inprogress_51 to /home/runner/work/ratis/ratis/ratis-test/target/test/data/9df233b8/MiniRaftClusterWithGrpcfc29b47e/s2/6607989c-d6da-490c-8466-1d117010c276/current/log_51-78
2022-07-24 15:56:03,356 [s1-server-thread1] DEBUG raftlog.RaftLog (SegmentedRaftLog.java:appendImpl(447)) - truncateIndex=-1, arrayIndex=0
2022-07-24 15:56:03,357 [s0-server-thread2] DEBUG raftlog.RaftLog (SegmentedRaftLog.java:appendImpl(447)) - truncateIndex=-1, arrayIndex=0
2022-07-24 15:56:03,357 [s1-server-thread1] DEBUG raftlog.RaftLog (SegmentedRaftLog.java:appendImpl(447)) - truncateIndex=-1, arrayIndex=0
2022-07-24 15:56:03,357 [s1-server-thread1] INFO  segmented.SegmentedRaftLogWorker (SegmentedRaftLogWorker.java:rollLogSegment(430)) - s1@group-1D117010C276-SegmentedRaftLogWorker: Rolling segment log-51_78 to index:78
2022-07-24 15:56:03,357 [s0-server-thread2] DEBUG raftlog.RaftLog (SegmentedRaftLog.java:appendImpl(447)) - truncateIndex=-1, arrayIndex=0
2022-07-24 15:56:03,357 [s0-server-thread2] INFO  segmented.SegmentedRaftLogWorker (SegmentedRaftLogWorker.java:rollLogSegment(430)) - s0@group-1D117010C276-SegmentedRaftLogWorker: Rolling segment log-51_78 to index:78
2022-07-24 15:56:03,357 [s2@group-1D117010C276-SegmentedRaftLogWorker] INFO  segmented.SegmentedRaftLogWorker (SegmentedRaftLogWorker.java:execute(629)) - s2@group-1D117010C276-SegmentedRaftLogWorker: created new log segment /home/runner/work/ratis/ratis/ratis-test/target/test/data/9df233b8/MiniRaftClusterWithGrpcfc29b47e/s2/6607989c-d6da-490c-8466-1d117010c276/current/log_inprogress_79
2022-07-24 15:56:03,361 [s1@group-1D117010C276-SegmentedRaftLogWorker] TRACE util.FileUtils (LogUtils.java:runAndLog(49)) - Successfully ran Files.move /home/runner/work/ratis/ratis/ratis-test/target/test/data/9df233b8/MiniRaftClusterWithGrpcfc29b47e/s1/6607989c-d6da-490c-8466-1d117010c276/current/log_inprogress_51 to /home/runner/work/ratis/ratis/ratis-test/target/test/data/9df233b8/MiniRaftClusterWithGrpcfc29b47e/s1/6607989c-d6da-490c-8466-1d117010c276/current/log_51-78
2022-07-24 15:56:03,361 [s1@group-1D117010C276-SegmentedRaftLogWorker] INFO  segmented.SegmentedRaftLogWorker (SegmentedRaftLogWorker.java:execute(586)) - s1@group-1D117010C276-SegmentedRaftLogWorker: Rolled log segment from /home/runner/work/ratis/ratis/ratis-test/target/test/data/9df233b8/MiniRaftClusterWithGrpcfc29b47e/s1/6607989c-d6da-490c-8466-1d117010c276/current/log_inprogress_51 to /home/runner/work/ratis/ratis/ratis-test/target/test/data/9df233b8/MiniRaftClusterWithGrpcfc29b47e/s1/6607989c-d6da-490c-8466-1d117010c276/current/log_51-78
2022-07-24 15:56:03,361 [s1@group-1D117010C276-StateMachineUpdater] INFO  statemachine.SimpleStateMachine4Testing (SimpleStateMachine4Testing.java:put(204)) - s1: put 77, m38 -> (t:1, i:77), STATEMACHINELOGENTRY, 424@client-6F86E1C52B91
2022-07-24 15:56:03,361 [s0@group-1D117010C276-SegmentedRaftLogWorker] TRACE util.FileUtils (LogUtils.java:runAndLog(49)) - Successfully ran Files.move /home/runner/work/ratis/ratis/ratis-test/target/test/data/9df233b8/MiniRaftClusterWithGrpcfc29b47e/s0/6607989c-d6da-490c-8466-1d117010c276/current/log_inprogress_51 to /home/runner/work/ratis/ratis/ratis-test/target/test/data/9df233b8/MiniRaftClusterWithGrpcfc29b47e/s0/6607989c-d6da-490c-8466-1d117010c276/current/log_51-78
2022-07-24 15:56:03,361 [s0@group-1D117010C276-SegmentedRaftLogWorker] INFO  segmented.SegmentedRaftLogWorker (SegmentedRaftLogWorker.java:execute(586)) - s0@group-1D117010C276-SegmentedRaftLogWorker: Rolled log segment from /home/runner/work/ratis/ratis/ratis-test/target/test/data/9df233b8/MiniRaftClusterWithGrpcfc29b47e/s0/6607989c-d6da-490c-8466-1d117010c276/current/log_inprogress_51 to /home/runner/work/ratis/ratis/ratis-test/target/test/data/9df233b8/MiniRaftClusterWithGrpcfc29b47e/s0/6607989c-d6da-490c-8466-1d117010c276/current/log_51-78
2022-07-24 15:56:03,362 [s0@group-1D117010C276-StateMachineUpdater] INFO  statemachine.SimpleStateMachine4Testing (SimpleStateMachine4Testing.java:put(204)) - s0: put 77, m38 -> (t:1, i:77), STATEMACHINELOGENTRY, 424@client-6F86E1C52B91
2022-07-24 15:56:03,363 [s0@group-1D117010C276-SegmentedRaftLogWorker] INFO  segmented.SegmentedRaftLogWorker (SegmentedRaftLogWorker.java:execute(629)) - s0@group-1D117010C276-SegmentedRaftLogWorker: created new log segment /home/runner/work/ratis/ratis/ratis-test/target/test/data/9df233b8/MiniRaftClusterWithGrpcfc29b47e/s0/6607989c-d6da-490c-8466-1d117010c276/current/log_inprogress_79
2022-07-24 15:56:03,363 [s1@group-1D117010C276-SegmentedRaftLogWorker] INFO  segmented.SegmentedRaftLogWorker (SegmentedRaftLogWorker.java:execute(629)) - s1@group-1D117010C276-SegmentedRaftLogWorker: created new log segment /home/runner/work/ratis/ratis/ratis-test/target/test/data/9df233b8/MiniRaftClusterWithGrpcfc29b47e/s1/6607989c-d6da-490c-8466-1d117010c276/current/log_inprogress_79
2022-07-24 15:56:03,363 [s2@group-1D117010C276-StateMachineUpdater] INFO  statemachine.SimpleStateMachine4Testing (SimpleStateMachine4Testing.java:put(204)) - s2: put 79, m39 -> (t:1, i:79), STATEMACHINELOGENTRY, 425@client-6F86E1C52B91
2022-07-24 15:56:03,364 [s1-server-thread1] DEBUG raftlog.RaftLog (SegmentedRaftLog.java:appendImpl(447)) - truncateIndex=-1, arrayIndex=0
2022-07-24 15:56:03,364 [s0-server-thread2] DEBUG raftlog.RaftLog (SegmentedRaftLog.java:appendImpl(447)) - truncateIndex=-1, arrayIndex=0
2022-07-24 15:56:03,365 [s1-server-thread1] DEBUG raftlog.RaftLog (SegmentedRaftLog.java:appendImpl(447)) - truncateIndex=-1, arrayIndex=0
2022-07-24 15:56:03,365 [s0-server-thread2] DEBUG raftlog.RaftLog (SegmentedRaftLog.java:appendImpl(447)) - truncateIndex=-1, arrayIndex=0
2022-07-24 15:56:03,366 [s1@group-1D117010C276-StateMachineUpdater] INFO  statemachine.SimpleStateMachine4Testing (SimpleStateMachine4Testing.java:put(204)) - s1: put 79, m39 -> (t:1, i:79), STATEMACHINELOGENTRY, 425@client-6F86E1C52B91
2022-07-24 15:56:03,367 [s0@group-1D117010C276-StateMachineUpdater] INFO  statemachine.SimpleStateMachine4Testing (SimpleStateMachine4Testing.java:put(204)) - s0: put 79, m39 -> (t:1, i:79), STATEMACHINELOGENTRY, 425@client-6F86E1C52B91
2022-07-24 15:56:03,368 [s2@group-1D117010C276-StateMachineUpdater] INFO  statemachine.SimpleStateMachine4Testing (SimpleStateMachine4Testing.java:put(204)) - s2: put 81, m40 -> (t:1, i:81), STATEMACHINELOGENTRY, 426@client-6F86E1C52B91
2022-07-24 15:56:03,368 [s1-server-thread1] DEBUG raftlog.RaftLog (SegmentedRaftLog.java:appendImpl(447)) - truncateIndex=-1, arrayIndex=0
2022-07-24 15:56:03,368 [s0-server-thread2] DEBUG raftlog.RaftLog (SegmentedRaftLog.java:appendImpl(447)) - truncateIndex=-1, arrayIndex=0
2022-07-24 15:56:03,369 [s1-server-thread1] DEBUG raftlog.RaftLog (SegmentedRaftLog.java:appendImpl(447)) - truncateIndex=-1, arrayIndex=0
2022-07-24 15:56:03,369 [s0-server-thread2] DEBUG raftlog.RaftLog (SegmentedRaftLog.java:appendImpl(447)) - truncateIndex=-1, arrayIndex=0
2022-07-24 15:56:03,372 [s0@group-1D117010C276-StateMachineUpdater] INFO  statemachine.SimpleStateMachine4Testing (SimpleStateMachine4Testing.java:put(204)) - s0: put 81, m40 -> (t:1, i:81), STATEMACHINELOGENTRY, 426@client-6F86E1C52B91
2022-07-24 15:56:03,373 [s1@group-1D117010C276-StateMachineUpdater] INFO  statemachine.SimpleStateMachine4Testing (SimpleStateMachine4Testing.java:put(204)) - s1: put 81, m40 -> (t:1, i:81), STATEMACHINELOGENTRY, 426@client-6F86E1C52B91
2022-07-24 15:56:03,374 [s2@group-1D117010C276-StateMachineUpdater] INFO  statemachine.SimpleStateMachine4Testing (SimpleStateMachine4Testing.java:put(204)) - s2: put 83, m41 -> (t:1, i:83), STATEMACHINELOGENTRY, 427@client-6F86E1C52B91
2022-07-24 15:56:03,375 [s1-server-thread1] DEBUG raftlog.RaftLog (SegmentedRaftLog.java:appendImpl(447)) - truncateIndex=-1, arrayIndex=0
2022-07-24 15:56:03,375 [s0-server-thread2] DEBUG raftlog.RaftLog (SegmentedRaftLog.java:appendImpl(447)) - truncateIndex=-1, arrayIndex=0
2022-07-24 15:56:03,376 [s1-server-thread1] DEBUG raftlog.RaftLog (SegmentedRaftLog.java:appendImpl(447)) - truncateIndex=-1, arrayIndex=0
2022-07-24 15:56:03,376 [s0-server-thread2] DEBUG raftlog.RaftLog (SegmentedRaftLog.java:appendImpl(447)) - truncateIndex=-1, arrayIndex=0
2022-07-24 15:56:03,383 [s1@group-1D117010C276-StateMachineUpdater] INFO  statemachine.SimpleStateMachine4Testing (SimpleStateMachine4Testing.java:put(204)) - s1: put 83, m41 -> (t:1, i:83), STATEMACHINELOGENTRY, 427@client-6F86E1C52B91
2022-07-24 15:56:03,384 [s0@group-1D117010C276-StateMachineUpdater] INFO  statemachine.SimpleStateMachine4Testing (SimpleStateMachine4Testing.java:put(204)) - s0: put 83, m41 -> (t:1, i:83), STATEMACHINELOGENTRY, 427@client-6F86E1C52B91
2022-07-24 15:56:03,385 [s1-server-thread1] DEBUG raftlog.RaftLog (SegmentedRaftLog.java:appendImpl(447)) - truncateIndex=-1, arrayIndex=0
2022-07-24 15:56:03,385 [s0-server-thread2] DEBUG raftlog.RaftLog (SegmentedRaftLog.java:appendImpl(447)) - truncateIndex=-1, arrayIndex=0
2022-07-24 15:56:03,385 [s2@group-1D117010C276-StateMachineUpdater] INFO  statemachine.SimpleStateMachine4Testing (SimpleStateMachine4Testing.java:put(204)) - s2: put 85, m42 -> (t:1, i:85), STATEMACHINELOGENTRY, 428@client-6F86E1C52B91
2022-07-24 15:56:03,386 [s0@group-1D117010C276-StateMachineUpdater] INFO  statemachine.SimpleStateMachine4Testing (SimpleStateMachine4Testing.java:put(204)) - s0: put 85, m42 -> (t:1, i:85), STATEMACHINELOGENTRY, 428@client-6F86E1C52B91
2022-07-24 15:56:03,387 [s1@group-1D117010C276-StateMachineUpdater] INFO  statemachine.SimpleStateMachine4Testing (SimpleStateMachine4Testing.java:put(204)) - s1: put 85, m42 -> (t:1, i:85), STATEMACHINELOGENTRY, 428@client-6F86E1C52B91
2022-07-24 15:56:03,387 [s1-server-thread1] DEBUG raftlog.RaftLog (SegmentedRaftLog.java:appendImpl(447)) - truncateIndex=-1, arrayIndex=0
2022-07-24 15:56:03,387 [s0-server-thread2] DEBUG raftlog.RaftLog (SegmentedRaftLog.java:appendImpl(447)) - truncateIndex=-1, arrayIndex=0
2022-07-24 15:56:03,388 [s2@group-1D117010C276-StateMachineUpdater] INFO  statemachine.SimpleStateMachine4Testing (SimpleStateMachine4Testing.java:put(204)) - s2: put 87, m43 -> (t:1, i:87), STATEMACHINELOGENTRY, 429@client-6F86E1C52B91
2022-07-24 15:56:03,389 [s1-server-thread1] DEBUG raftlog.RaftLog (SegmentedRaftLog.java:appendImpl(447)) - truncateIndex=-1, arrayIndex=0
2022-07-24 15:56:03,389 [s0-server-thread2] DEBUG raftlog.RaftLog (SegmentedRaftLog.java:appendImpl(447)) - truncateIndex=-1, arrayIndex=0
2022-07-24 15:56:03,389 [s1@group-1D117010C276-StateMachineUpdater] INFO  statemachine.SimpleStateMachine4Testing (SimpleStateMachine4Testing.java:put(204)) - s1: put 87, m43 -> (t:1, i:87), STATEMACHINELOGENTRY, 429@client-6F86E1C52B91
2022-07-24 15:56:03,390 [s0-server-thread2] DEBUG raftlog.RaftLog (SegmentedRaftLog.java:appendImpl(447)) - truncateIndex=-1, arrayIndex=0
2022-07-24 15:56:03,390 [s1-server-thread1] DEBUG raftlog.RaftLog (SegmentedRaftLog.java:appendImpl(447)) - truncateIndex=-1, arrayIndex=0
2022-07-24 15:56:03,391 [s0@group-1D117010C276-StateMachineUpdater] INFO  statemachine.SimpleStateMachine4Testing (SimpleStateMachine4Testing.java:put(204)) - s0: put 87, m43 -> (t:1, i:87), STATEMACHINELOGENTRY, 429@client-6F86E1C52B91
2022-07-24 15:56:03,397 [s2@group-1D117010C276-StateMachineUpdater] INFO  statemachine.SimpleStateMachine4Testing (SimpleStateMachine4Testing.java:put(204)) - s2: put 89, m44 -> (t:1, i:89), STATEMACHINELOGENTRY, 430@client-6F86E1C52B91
2022-07-24 15:56:03,397 [s1-server-thread1] DEBUG raftlog.RaftLog (SegmentedRaftLog.java:appendImpl(447)) - truncateIndex=-1, arrayIndex=0
2022-07-24 15:56:03,397 [s0-server-thread2] DEBUG raftlog.RaftLog (SegmentedRaftLog.java:appendImpl(447)) - truncateIndex=-1, arrayIndex=0
2022-07-24 15:56:03,398 [s0-server-thread2] DEBUG raftlog.RaftLog (SegmentedRaftLog.java:appendImpl(447)) - truncateIndex=-1, arrayIndex=0
2022-07-24 15:56:03,398 [s1-server-thread1] DEBUG raftlog.RaftLog (SegmentedRaftLog.java:appendImpl(447)) - truncateIndex=-1, arrayIndex=0
2022-07-24 15:56:03,399 [s1@group-1D117010C276-StateMachineUpdater] INFO  statemachine.SimpleStateMachine4Testing (SimpleStateMachine4Testing.java:put(204)) - s1: put 89, m44 -> (t:1, i:89), STATEMACHINELOGENTRY, 430@client-6F86E1C52B91
2022-07-24 15:56:03,399 [s0@group-1D117010C276-StateMachineUpdater] INFO  statemachine.SimpleStateMachine4Testing (SimpleStateMachine4Testing.java:put(204)) - s0: put 89, m44 -> (t:1, i:89), STATEMACHINELOGENTRY, 430@client-6F86E1C52B91
2022-07-24 15:56:03,406 [s2@group-1D117010C276-StateMachineUpdater] INFO  statemachine.SimpleStateMachine4Testing (SimpleStateMachine4Testing.java:put(204)) - s2: put 91, m45 -> (t:1, i:91), STATEMACHINELOGENTRY, 431@client-6F86E1C52B91
2022-07-24 15:56:03,407 [s1-server-thread1] DEBUG raftlog.RaftLog (SegmentedRaftLog.java:appendImpl(447)) - truncateIndex=-1, arrayIndex=0
2022-07-24 15:56:03,408 [s0-server-thread2] DEBUG raftlog.RaftLog (SegmentedRaftLog.java:appendImpl(447)) - truncateIndex=-1, arrayIndex=0
2022-07-24 15:56:03,408 [s1@group-1D117010C276-StateMachineUpdater] INFO  statemachine.SimpleStateMachine4Testing (SimpleStateMachine4Testing.java:put(204)) - s1: put 91, m45 -> (t:1, i:91), STATEMACHINELOGENTRY, 431@client-6F86E1C52B91
2022-07-24 15:56:03,408 [s0-server-thread2] DEBUG raftlog.RaftLog (SegmentedRaftLog.java:appendImpl(447)) - truncateIndex=-1, arrayIndex=0
2022-07-24 15:56:03,408 [s1-server-thread1] DEBUG raftlog.RaftLog (SegmentedRaftLog.java:appendImpl(447)) - truncateIndex=-1, arrayIndex=0
2022-07-24 15:56:03,410 [s0@group-1D117010C276-StateMachineUpdater] INFO  statemachine.SimpleStateMachine4Testing (SimpleStateMachine4Testing.java:put(204)) - s0: put 91, m45 -> (t:1, i:91), STATEMACHINELOGENTRY, 431@client-6F86E1C52B91
2022-07-24 15:56:03,417 [s2@group-1D117010C276-StateMachineUpdater] INFO  statemachine.SimpleStateMachine4Testing (SimpleStateMachine4Testing.java:put(204)) - s2: put 93, m46 -> (t:1, i:93), STATEMACHINELOGENTRY, 432@client-6F86E1C52B91
2022-07-24 15:56:03,418 [s0-server-thread2] DEBUG raftlog.RaftLog (SegmentedRaftLog.java:appendImpl(447)) - truncateIndex=-1, arrayIndex=0
2022-07-24 15:56:03,418 [s1-server-thread1] DEBUG raftlog.RaftLog (SegmentedRaftLog.java:appendImpl(447)) - truncateIndex=-1, arrayIndex=0
2022-07-24 15:56:03,419 [s1-server-thread1] DEBUG raftlog.RaftLog (SegmentedRaftLog.java:appendImpl(447)) - truncateIndex=-1, arrayIndex=0
2022-07-24 15:56:03,419 [s0-server-thread2] DEBUG raftlog.RaftLog (SegmentedRaftLog.java:appendImpl(447)) - truncateIndex=-1, arrayIndex=0
2022-07-24 15:56:03,424 [s1@group-1D117010C276-StateMachineUpdater] INFO  statemachine.SimpleStateMachine4Testing (SimpleStateMachine4Testing.java:put(204)) - s1: put 93, m46 -> (t:1, i:93), STATEMACHINELOGENTRY, 432@client-6F86E1C52B91
2022-07-24 15:56:03,424 [s0@group-1D117010C276-StateMachineUpdater] INFO  statemachine.SimpleStateMachine4Testing (SimpleStateMachine4Testing.java:put(204)) - s0: put 93, m46 -> (t:1, i:93), STATEMACHINELOGENTRY, 432@client-6F86E1C52B91
2022-07-24 15:56:03,425 [s2@group-1D117010C276-StateMachineUpdater] INFO  statemachine.SimpleStateMachine4Testing (SimpleStateMachine4Testing.java:put(204)) - s2: put 95, m47 -> (t:1, i:95), STATEMACHINELOGENTRY, 433@client-6F86E1C52B91
2022-07-24 15:56:03,426 [s0-server-thread2] DEBUG raftlog.RaftLog (SegmentedRaftLog.java:appendImpl(447)) - truncateIndex=-1, arrayIndex=0
2022-07-24 15:56:03,426 [s1-server-thread1] DEBUG raftlog.RaftLog (SegmentedRaftLog.java:appendImpl(447)) - truncateIndex=-1, arrayIndex=0
2022-07-24 15:56:03,428 [s1-server-thread1] DEBUG raftlog.RaftLog (SegmentedRaftLog.java:appendImpl(447)) - truncateIndex=-1, arrayIndex=0
2022-07-24 15:56:03,428 [s0-server-thread2] DEBUG raftlog.RaftLog (SegmentedRaftLog.java:appendImpl(447)) - truncateIndex=-1, arrayIndex=0
2022-07-24 15:56:03,432 [s1@group-1D117010C276-StateMachineUpdater] INFO  statemachine.SimpleStateMachine4Testing (SimpleStateMachine4Testing.java:put(204)) - s1: put 95, m47 -> (t:1, i:95), STATEMACHINELOGENTRY, 433@client-6F86E1C52B91
2022-07-24 15:56:03,433 [s0@group-1D117010C276-StateMachineUpdater] INFO  statemachine.SimpleStateMachine4Testing (SimpleStateMachine4Testing.java:put(204)) - s0: put 95, m47 -> (t:1, i:95), STATEMACHINELOGENTRY, 433@client-6F86E1C52B91
2022-07-24 15:56:03,434 [s2@group-1D117010C276-StateMachineUpdater] INFO  statemachine.SimpleStateMachine4Testing (SimpleStateMachine4Testing.java:put(204)) - s2: put 97, m48 -> (t:1, i:97), STATEMACHINELOGENTRY, 434@client-6F86E1C52B91
2022-07-24 15:56:03,434 [s0-server-thread2] DEBUG raftlog.RaftLog (SegmentedRaftLog.java:appendImpl(447)) - truncateIndex=-1, arrayIndex=0
2022-07-24 15:56:03,435 [s1-server-thread1] DEBUG raftlog.RaftLog (SegmentedRaftLog.java:appendImpl(447)) - truncateIndex=-1, arrayIndex=0
2022-07-24 15:56:03,435 [s1-server-thread1] DEBUG raftlog.RaftLog (SegmentedRaftLog.java:appendImpl(447)) - truncateIndex=-1, arrayIndex=0
2022-07-24 15:56:03,436 [s0-server-thread2] DEBUG raftlog.RaftLog (SegmentedRaftLog.java:appendImpl(447)) - truncateIndex=-1, arrayIndex=0
2022-07-24 15:56:03,437 [s0@group-1D117010C276-StateMachineUpdater] INFO  statemachine.SimpleStateMachine4Testing (SimpleStateMachine4Testing.java:put(204)) - s0: put 97, m48 -> (t:1, i:97), STATEMACHINELOGENTRY, 434@client-6F86E1C52B91
2022-07-24 15:56:03,437 [s1@group-1D117010C276-StateMachineUpdater] INFO  statemachine.SimpleStateMachine4Testing (SimpleStateMachine4Testing.java:put(204)) - s1: put 97, m48 -> (t:1, i:97), STATEMACHINELOGENTRY, 434@client-6F86E1C52B91
2022-07-24 15:56:03,438 [s2@group-1D117010C276-StateMachineUpdater] INFO  statemachine.SimpleStateMachine4Testing (SimpleStateMachine4Testing.java:put(204)) - s2: put 99, m49 -> (t:1, i:99), STATEMACHINELOGENTRY, 435@client-6F86E1C52B91
2022-07-24 15:56:03,438 [s0-server-thread2] DEBUG raftlog.RaftLog (SegmentedRaftLog.java:appendImpl(447)) - truncateIndex=-1, arrayIndex=0
2022-07-24 15:56:03,438 [s1-server-thread1] DEBUG raftlog.RaftLog (SegmentedRaftLog.java:appendImpl(447)) - truncateIndex=-1, arrayIndex=0
2022-07-24 15:56:03,440 [s1-server-thread1] DEBUG raftlog.RaftLog (SegmentedRaftLog.java:appendImpl(447)) - truncateIndex=-1, arrayIndex=0
2022-07-24 15:56:03,440 [s0-server-thread2] DEBUG raftlog.RaftLog (SegmentedRaftLog.java:appendImpl(447)) - truncateIndex=-1, arrayIndex=0
2022-07-24 15:56:03,441 [s1@group-1D117010C276-StateMachineUpdater] INFO  statemachine.SimpleStateMachine4Testing (SimpleStateMachine4Testing.java:put(204)) - s1: put 99, m49 -> (t:1, i:99), STATEMACHINELOGENTRY, 435@client-6F86E1C52B91
2022-07-24 15:56:03,442 [s0@group-1D117010C276-StateMachineUpdater] INFO  statemachine.SimpleStateMachine4Testing (SimpleStateMachine4Testing.java:put(204)) - s0: put 99, m49 -> (t:1, i:99), STATEMACHINELOGENTRY, 435@client-6F86E1C52B91
2022-07-24 15:56:03,443 [s2@group-1D117010C276-StateMachineUpdater] INFO  statemachine.SimpleStateMachine4Testing (SimpleStateMachine4Testing.java:put(204)) - s2: put 101, m50 -> (t:1, i:101), STATEMACHINELOGENTRY, 436@client-6F86E1C52B91
2022-07-24 15:56:03,443 [s1-server-thread1] DEBUG raftlog.RaftLog (SegmentedRaftLog.java:appendImpl(447)) - truncateIndex=-1, arrayIndex=0
2022-07-24 15:56:03,443 [s0-server-thread2] DEBUG raftlog.RaftLog (SegmentedRaftLog.java:appendImpl(447)) - truncateIndex=-1, arrayIndex=0
2022-07-24 15:56:03,445 [s1-server-thread1] DEBUG raftlog.RaftLog (SegmentedRaftLog.java:appendImpl(447)) - truncateIndex=-1, arrayIndex=0
2022-07-24 15:56:03,445 [s0-server-thread2] DEBUG raftlog.RaftLog (SegmentedRaftLog.java:appendImpl(447)) - truncateIndex=-1, arrayIndex=0
2022-07-24 15:56:03,446 [s0@group-1D117010C276-StateMachineUpdater] INFO  statemachine.SimpleStateMachine4Testing (SimpleStateMachine4Testing.java:put(204)) - s0: put 101, m50 -> (t:1, i:101), STATEMACHINELOGENTRY, 436@client-6F86E1C52B91
2022-07-24 15:56:03,447 [s1@group-1D117010C276-StateMachineUpdater] INFO  statemachine.SimpleStateMachine4Testing (SimpleStateMachine4Testing.java:put(204)) - s1: put 101, m50 -> (t:1, i:101), STATEMACHINELOGENTRY, 436@client-6F86E1C52B91
2022-07-24 15:56:03,448 [s2@group-1D117010C276-StateMachineUpdater] INFO  statemachine.SimpleStateMachine4Testing (SimpleStateMachine4Testing.java:put(204)) - s2: put 103, m51 -> (t:1, i:103), STATEMACHINELOGENTRY, 437@client-6F86E1C52B91
2022-07-24 15:56:03,448 [s1-server-thread1] DEBUG raftlog.RaftLog (SegmentedRaftLog.java:appendImpl(447)) - truncateIndex=-1, arrayIndex=0
2022-07-24 15:56:03,448 [s0-server-thread2] DEBUG raftlog.RaftLog (SegmentedRaftLog.java:appendImpl(447)) - truncateIndex=-1, arrayIndex=0
2022-07-24 15:56:03,449 [s1-server-thread1] DEBUG raftlog.RaftLog (SegmentedRaftLog.java:appendImpl(447)) - truncateIndex=-1, arrayIndex=0
2022-07-24 15:56:03,449 [s0-server-thread2] DEBUG raftlog.RaftLog (SegmentedRaftLog.java:appendImpl(447)) - truncateIndex=-1, arrayIndex=0
2022-07-24 15:56:03,452 [s1@group-1D117010C276-StateMachineUpdater] INFO  statemachine.SimpleStateMachine4Testing (SimpleStateMachine4Testing.java:put(204)) - s1: put 103, m51 -> (t:1, i:103), STATEMACHINELOGENTRY, 437@client-6F86E1C52B91
2022-07-24 15:56:03,453 [s0@group-1D117010C276-StateMachineUpdater] INFO  statemachine.SimpleStateMachine4Testing (SimpleStateMachine4Testing.java:put(204)) - s0: put 103, m51 -> (t:1, i:103), STATEMACHINELOGENTRY, 437@client-6F86E1C52B91
2022-07-24 15:56:03,454 [s2@group-1D117010C276-StateMachineUpdater] INFO  statemachine.SimpleStateMachine4Testing (SimpleStateMachine4Testing.java:put(204)) - s2: put 105, m52 -> (t:1, i:105), STATEMACHINELOGENTRY, 438@client-6F86E1C52B91
2022-07-24 15:56:03,454 [s1-server-thread1] DEBUG raftlog.RaftLog (SegmentedRaftLog.java:appendImpl(447)) - truncateIndex=-1, arrayIndex=0
2022-07-24 15:56:03,454 [s0-server-thread2] DEBUG raftlog.RaftLog (SegmentedRaftLog.java:appendImpl(447)) - truncateIndex=-1, arrayIndex=0
2022-07-24 15:56:03,455 [s2-client-thread1] INFO  segmented.SegmentedRaftLogWorker (SegmentedRaftLogWorker.java:rollLogSegment(430)) - s2@group-1D117010C276-SegmentedRaftLogWorker: Rolling segment log-79_106 to index:106
2022-07-24 15:56:03,455 [s2@group-1D117010C276-SegmentedRaftLogWorker] TRACE util.FileUtils (LogUtils.java:runAndLog(49)) - Successfully ran Files.move /home/runner/work/ratis/ratis/ratis-test/target/test/data/9df233b8/MiniRaftClusterWithGrpcfc29b47e/s2/6607989c-d6da-490c-8466-1d117010c276/current/log_inprogress_79 to /home/runner/work/ratis/ratis/ratis-test/target/test/data/9df233b8/MiniRaftClusterWithGrpcfc29b47e/s2/6607989c-d6da-490c-8466-1d117010c276/current/log_79-106
2022-07-24 15:56:03,455 [s2@group-1D117010C276-SegmentedRaftLogWorker] INFO  segmented.SegmentedRaftLogWorker (SegmentedRaftLogWorker.java:execute(586)) - s2@group-1D117010C276-SegmentedRaftLogWorker: Rolled log segment from /home/runner/work/ratis/ratis/ratis-test/target/test/data/9df233b8/MiniRaftClusterWithGrpcfc29b47e/s2/6607989c-d6da-490c-8466-1d117010c276/current/log_inprogress_79 to /home/runner/work/ratis/ratis/ratis-test/target/test/data/9df233b8/MiniRaftClusterWithGrpcfc29b47e/s2/6607989c-d6da-490c-8466-1d117010c276/current/log_79-106
2022-07-24 15:56:03,456 [s1-server-thread1] DEBUG raftlog.RaftLog (SegmentedRaftLog.java:appendImpl(447)) - truncateIndex=-1, arrayIndex=0
2022-07-24 15:56:03,456 [s1-server-thread1] INFO  segmented.SegmentedRaftLogWorker (SegmentedRaftLogWorker.java:rollLogSegment(430)) - s1@group-1D117010C276-SegmentedRaftLogWorker: Rolling segment log-79_106 to index:106
2022-07-24 15:56:03,456 [s0-server-thread2] DEBUG raftlog.RaftLog (SegmentedRaftLog.java:appendImpl(447)) - truncateIndex=-1, arrayIndex=0
2022-07-24 15:56:03,457 [s0-server-thread2] INFO  segmented.SegmentedRaftLogWorker (SegmentedRaftLogWorker.java:rollLogSegment(430)) - s0@group-1D117010C276-SegmentedRaftLogWorker: Rolling segment log-79_106 to index:106
2022-07-24 15:56:03,458 [s1@group-1D117010C276-SegmentedRaftLogWorker] TRACE util.FileUtils (LogUtils.java:runAndLog(49)) - Successfully ran Files.move /home/runner/work/ratis/ratis/ratis-test/target/test/data/9df233b8/MiniRaftClusterWithGrpcfc29b47e/s1/6607989c-d6da-490c-8466-1d117010c276/current/log_inprogress_79 to /home/runner/work/ratis/ratis/ratis-test/target/test/data/9df233b8/MiniRaftClusterWithGrpcfc29b47e/s1/6607989c-d6da-490c-8466-1d117010c276/current/log_79-106
2022-07-24 15:56:03,458 [s1@group-1D117010C276-SegmentedRaftLogWorker] INFO  segmented.SegmentedRaftLogWorker (SegmentedRaftLogWorker.java:execute(586)) - s1@group-1D117010C276-SegmentedRaftLogWorker: Rolled log segment from /home/runner/work/ratis/ratis/ratis-test/target/test/data/9df233b8/MiniRaftClusterWithGrpcfc29b47e/s1/6607989c-d6da-490c-8466-1d117010c276/current/log_inprogress_79 to /home/runner/work/ratis/ratis/ratis-test/target/test/data/9df233b8/MiniRaftClusterWithGrpcfc29b47e/s1/6607989c-d6da-490c-8466-1d117010c276/current/log_79-106
2022-07-24 15:56:03,458 [s2@group-1D117010C276-SegmentedRaftLogWorker] INFO  segmented.SegmentedRaftLogWorker (SegmentedRaftLogWorker.java:execute(629)) - s2@group-1D117010C276-SegmentedRaftLogWorker: created new log segment /home/runner/work/ratis/ratis/ratis-test/target/test/data/9df233b8/MiniRaftClusterWithGrpcfc29b47e/s2/6607989c-d6da-490c-8466-1d117010c276/current/log_inprogress_107
2022-07-24 15:56:03,458 [s0@group-1D117010C276-SegmentedRaftLogWorker] TRACE util.FileUtils (LogUtils.java:runAndLog(49)) - Successfully ran Files.move /home/runner/work/ratis/ratis/ratis-test/target/test/data/9df233b8/MiniRaftClusterWithGrpcfc29b47e/s0/6607989c-d6da-490c-8466-1d117010c276/current/log_inprogress_79 to /home/runner/work/ratis/ratis/ratis-test/target/test/data/9df233b8/MiniRaftClusterWithGrpcfc29b47e/s0/6607989c-d6da-490c-8466-1d117010c276/current/log_79-106
2022-07-24 15:56:03,458 [s0@group-1D117010C276-SegmentedRaftLogWorker] INFO  segmented.SegmentedRaftLogWorker (SegmentedRaftLogWorker.java:execute(586)) - s0@group-1D117010C276-SegmentedRaftLogWorker: Rolled log segment from /home/runner/work/ratis/ratis/ratis-test/target/test/data/9df233b8/MiniRaftClusterWithGrpcfc29b47e/s0/6607989c-d6da-490c-8466-1d117010c276/current/log_inprogress_79 to /home/runner/work/ratis/ratis/ratis-test/target/test/data/9df233b8/MiniRaftClusterWithGrpcfc29b47e/s0/6607989c-d6da-490c-8466-1d117010c276/current/log_79-106
2022-07-24 15:56:03,459 [s0@group-1D117010C276-StateMachineUpdater] INFO  statemachine.SimpleStateMachine4Testing (SimpleStateMachine4Testing.java:put(204)) - s0: put 105, m52 -> (t:1, i:105), STATEMACHINELOGENTRY, 438@client-6F86E1C52B91
2022-07-24 15:56:03,459 [s1@group-1D117010C276-StateMachineUpdater] INFO  statemachine.SimpleStateMachine4Testing (SimpleStateMachine4Testing.java:put(204)) - s1: put 105, m52 -> (t:1, i:105), STATEMACHINELOGENTRY, 438@client-6F86E1C52B91
2022-07-24 15:56:03,459 [s0@group-1D117010C276-SegmentedRaftLogWorker] INFO  segmented.SegmentedRaftLogWorker (SegmentedRaftLogWorker.java:execute(629)) - s0@group-1D117010C276-SegmentedRaftLogWorker: created new log segment /home/runner/work/ratis/ratis/ratis-test/target/test/data/9df233b8/MiniRaftClusterWithGrpcfc29b47e/s0/6607989c-d6da-490c-8466-1d117010c276/current/log_inprogress_107
2022-07-24 15:56:03,460 [s1@group-1D117010C276-SegmentedRaftLogWorker] INFO  segmented.SegmentedRaftLogWorker (SegmentedRaftLogWorker.java:execute(629)) - s1@group-1D117010C276-SegmentedRaftLogWorker: created new log segment /home/runner/work/ratis/ratis/ratis-test/target/test/data/9df233b8/MiniRaftClusterWithGrpcfc29b47e/s1/6607989c-d6da-490c-8466-1d117010c276/current/log_inprogress_107
2022-07-24 15:56:03,461 [s2@group-1D117010C276-StateMachineUpdater] INFO  statemachine.SimpleStateMachine4Testing (SimpleStateMachine4Testing.java:put(204)) - s2: put 107, m53 -> (t:1, i:107), STATEMACHINELOGENTRY, 439@client-6F86E1C52B91
2022-07-24 15:56:03,462 [s1-server-thread1] DEBUG raftlog.RaftLog (SegmentedRaftLog.java:appendImpl(447)) - truncateIndex=-1, arrayIndex=0
2022-07-24 15:56:03,462 [s0-server-thread2] DEBUG raftlog.RaftLog (SegmentedRaftLog.java:appendImpl(447)) - truncateIndex=-1, arrayIndex=0
2022-07-24 15:56:03,463 [s0-server-thread2] DEBUG raftlog.RaftLog (SegmentedRaftLog.java:appendImpl(447)) - truncateIndex=-1, arrayIndex=0
2022-07-24 15:56:03,464 [s0@group-1D117010C276-StateMachineUpdater] INFO  statemachine.SimpleStateMachine4Testing (SimpleStateMachine4Testing.java:put(204)) - s0: put 107, m53 -> (t:1, i:107), STATEMACHINELOGENTRY, 439@client-6F86E1C52B91
2022-07-24 15:56:03,464 [s1-server-thread1] DEBUG raftlog.RaftLog (SegmentedRaftLog.java:appendImpl(447)) - truncateIndex=-1, arrayIndex=0
2022-07-24 15:56:03,465 [s1@group-1D117010C276-StateMachineUpdater] INFO  statemachine.SimpleStateMachine4Testing (SimpleStateMachine4Testing.java:put(204)) - s1: put 107, m53 -> (t:1, i:107), STATEMACHINELOGENTRY, 439@client-6F86E1C52B91
2022-07-24 15:56:03,465 [s2@group-1D117010C276-StateMachineUpdater] INFO  statemachine.SimpleStateMachine4Testing (SimpleStateMachine4Testing.java:put(204)) - s2: put 109, m54 -> (t:1, i:109), STATEMACHINELOGENTRY, 440@client-6F86E1C52B91
2022-07-24 15:56:03,466 [s1-server-thread1] DEBUG raftlog.RaftLog (SegmentedRaftLog.java:appendImpl(447)) - truncateIndex=-1, arrayIndex=0
2022-07-24 15:56:03,466 [s0-server-thread2] DEBUG raftlog.RaftLog (SegmentedRaftLog.java:appendImpl(447)) - truncateIndex=-1, arrayIndex=0
2022-07-24 15:56:03,467 [s1-server-thread1] DEBUG raftlog.RaftLog (SegmentedRaftLog.java:appendImpl(447)) - truncateIndex=-1, arrayIndex=0
2022-07-24 15:56:03,467 [s0-server-thread2] DEBUG raftlog.RaftLog (SegmentedRaftLog.java:appendImpl(447)) - truncateIndex=-1, arrayIndex=0
2022-07-24 15:56:03,468 [s0@group-1D117010C276-StateMachineUpdater] INFO  statemachine.SimpleStateMachine4Testing (SimpleStateMachine4Testing.java:put(204)) - s0: put 109, m54 -> (t:1, i:109), STATEMACHINELOGENTRY, 440@client-6F86E1C52B91
2022-07-24 15:56:03,469 [s1@group-1D117010C276-StateMachineUpdater] INFO  statemachine.SimpleStateMachine4Testing (SimpleStateMachine4Testing.java:put(204)) - s1: put 109, m54 -> (t:1, i:109), STATEMACHINELOGENTRY, 440@client-6F86E1C52B91
2022-07-24 15:56:03,470 [s2@group-1D117010C276-StateMachineUpdater] INFO  statemachine.SimpleStateMachine4Testing (SimpleStateMachine4Testing.java:put(204)) - s2: put 111, m55 -> (t:1, i:111), STATEMACHINELOGENTRY, 441@client-6F86E1C52B91
2022-07-24 15:56:03,470 [s1-server-thread1] DEBUG raftlog.RaftLog (SegmentedRaftLog.java:appendImpl(447)) - truncateIndex=-1, arrayIndex=0
2022-07-24 15:56:03,470 [s0-server-thread2] DEBUG raftlog.RaftLog (SegmentedRaftLog.java:appendImpl(447)) - truncateIndex=-1, arrayIndex=0
2022-07-24 15:56:03,471 [s1-server-thread1] DEBUG raftlog.RaftLog (SegmentedRaftLog.java:appendImpl(447)) - truncateIndex=-1, arrayIndex=0
2022-07-24 15:56:03,471 [s0-server-thread2] DEBUG raftlog.RaftLog (SegmentedRaftLog.java:appendImpl(447)) - truncateIndex=-1, arrayIndex=0
2022-07-24 15:56:03,473 [s1@group-1D117010C276-StateMachineUpdater] INFO  statemachine.SimpleStateMachine4Testing (SimpleStateMachine4Testing.java:put(204)) - s1: put 111, m55 -> (t:1, i:111), STATEMACHINELOGENTRY, 441@client-6F86E1C52B91
2022-07-24 15:56:03,474 [s2@group-1D117010C276-StateMachineUpdater] INFO  statemachine.SimpleStateMachine4Testing (SimpleStateMachine4Testing.java:put(204)) - s2: put 113, m56 -> (t:1, i:113), STATEMACHINELOGENTRY, 442@client-6F86E1C52B91
2022-07-24 15:56:03,474 [s0-server-thread2] DEBUG raftlog.RaftLog (SegmentedRaftLog.java:appendImpl(447)) - truncateIndex=-1, arrayIndex=0
2022-07-24 15:56:03,475 [s1-server-thread1] DEBUG raftlog.RaftLog (SegmentedRaftLog.java:appendImpl(447)) - truncateIndex=-1, arrayIndex=0
2022-07-24 15:56:03,476 [s1-server-thread1] DEBUG raftlog.RaftLog (SegmentedRaftLog.java:appendImpl(447)) - truncateIndex=-1, arrayIndex=0
2022-07-24 15:56:03,476 [s0-server-thread2] DEBUG raftlog.RaftLog (SegmentedRaftLog.java:appendImpl(447)) - truncateIndex=-1, arrayIndex=0
2022-07-24 15:56:03,477 [s0@group-1D117010C276-StateMachineUpdater] INFO  statemachine.SimpleStateMachine4Testing (SimpleStateMachine4Testing.java:put(204)) - s0: put 111, m55 -> (t:1, i:111), STATEMACHINELOGENTRY, 441@client-6F86E1C52B91
2022-07-24 15:56:03,478 [s1@group-1D117010C276-StateMachineUpdater] INFO  statemachine.SimpleStateMachine4Testing (SimpleStateMachine4Testing.java:put(204)) - s1: put 113, m56 -> (t:1, i:113), STATEMACHINELOGENTRY, 442@client-6F86E1C52B91
2022-07-24 15:56:03,478 [s0@group-1D117010C276-StateMachineUpdater] INFO  statemachine.SimpleStateMachine4Testing (SimpleStateMachine4Testing.java:put(204)) - s0: put 113, m56 -> (t:1, i:113), STATEMACHINELOGENTRY, 442@client-6F86E1C52B91
2022-07-24 15:56:03,479 [s2@group-1D117010C276-StateMachineUpdater] INFO  statemachine.SimpleStateMachine4Testing (SimpleStateMachine4Testing.java:put(204)) - s2: put 115, m57 -> (t:1, i:115), STATEMACHINELOGENTRY, 443@client-6F86E1C52B91
2022-07-24 15:56:03,481 [s0-server-thread2] DEBUG raftlog.RaftLog (SegmentedRaftLog.java:appendImpl(447)) - truncateIndex=-1, arrayIndex=0
2022-07-24 15:56:03,481 [s1-server-thread1] DEBUG raftlog.RaftLog (SegmentedRaftLog.java:appendImpl(447)) - truncateIndex=-1, arrayIndex=0
2022-07-24 15:56:03,482 [s1-server-thread1] DEBUG raftlog.RaftLog (SegmentedRaftLog.java:appendImpl(447)) - truncateIndex=-1, arrayIndex=0
2022-07-24 15:56:03,482 [s0-server-thread2] DEBUG raftlog.RaftLog (SegmentedRaftLog.java:appendImpl(447)) - truncateIndex=-1, arrayIndex=0
2022-07-24 15:56:03,484 [s1@group-1D117010C276-StateMachineUpdater] INFO  statemachine.SimpleStateMachine4Testing (SimpleStateMachine4Testing.java:put(204)) - s1: put 115, m57 -> (t:1, i:115), STATEMACHINELOGENTRY, 443@client-6F86E1C52B91
2022-07-24 15:56:03,485 [s2@group-1D117010C276-StateMachineUpdater] INFO  statemachine.SimpleStateMachine4Testing (SimpleStateMachine4Testing.java:put(204)) - s2: put 117, m58 -> (t:1, i:117), STATEMACHINELOGENTRY, 444@client-6F86E1C52B91
2022-07-24 15:56:03,486 [s0-server-thread2] DEBUG raftlog.RaftLog (SegmentedRaftLog.java:appendImpl(447)) - truncateIndex=-1, arrayIndex=0
2022-07-24 15:56:03,486 [s1-server-thread1] DEBUG raftlog.RaftLog (SegmentedRaftLog.java:appendImpl(447)) - truncateIndex=-1, arrayIndex=0
2022-07-24 15:56:03,487 [s1-server-thread1] DEBUG raftlog.RaftLog (SegmentedRaftLog.java:appendImpl(447)) - truncateIndex=-1, arrayIndex=0
2022-07-24 15:56:03,488 [s0-server-thread2] DEBUG raftlog.RaftLog (SegmentedRaftLog.java:appendImpl(447)) - truncateIndex=-1, arrayIndex=0
2022-07-24 15:56:03,488 [s0@group-1D117010C276-StateMachineUpdater] INFO  statemachine.SimpleStateMachine4Testing (SimpleStateMachine4Testing.java:put(204)) - s0: put 115, m57 -> (t:1, i:115), STATEMACHINELOGENTRY, 443@client-6F86E1C52B91
2022-07-24 15:56:03,495 [s1@group-1D117010C276-StateMachineUpdater] INFO  statemachine.SimpleStateMachine4Testing (SimpleStateMachine4Testing.java:put(204)) - s1: put 117, m58 -> (t:1, i:117), STATEMACHINELOGENTRY, 444@client-6F86E1C52B91
2022-07-24 15:56:03,496 [s0@group-1D117010C276-StateMachineUpdater] INFO  statemachine.SimpleStateMachine4Testing (SimpleStateMachine4Testing.java:put(204)) - s0: put 117, m58 -> (t:1, i:117), STATEMACHINELOGENTRY, 444@client-6F86E1C52B91
2022-07-24 15:56:03,496 [s2@group-1D117010C276-StateMachineUpdater] INFO  statemachine.SimpleStateMachine4Testing (SimpleStateMachine4Testing.java:put(204)) - s2: put 119, m59 -> (t:1, i:119), STATEMACHINELOGENTRY, 445@client-6F86E1C52B91
2022-07-24 15:56:03,497 [s1-server-thread1] DEBUG raftlog.RaftLog (SegmentedRaftLog.java:appendImpl(447)) - truncateIndex=-1, arrayIndex=0
2022-07-24 15:56:03,497 [s0-server-thread2] DEBUG raftlog.RaftLog (SegmentedRaftLog.java:appendImpl(447)) - truncateIndex=-1, arrayIndex=0
2022-07-24 15:56:03,498 [s0@group-1D117010C276-StateMachineUpdater] INFO  statemachine.SimpleStateMachine4Testing (SimpleStateMachine4Testing.java:put(204)) - s0: put 119, m59 -> (t:1, i:119), STATEMACHINELOGENTRY, 445@client-6F86E1C52B91
2022-07-24 15:56:03,499 [s1-server-thread1] DEBUG raftlog.RaftLog (SegmentedRaftLog.java:appendImpl(447)) - truncateIndex=-1, arrayIndex=0
2022-07-24 15:56:03,499 [s0-server-thread2] DEBUG raftlog.RaftLog (SegmentedRaftLog.java:appendImpl(447)) - truncateIndex=-1, arrayIndex=0
2022-07-24 15:56:03,499 [s1@group-1D117010C276-StateMachineUpdater] INFO  statemachine.SimpleStateMachine4Testing (SimpleStateMachine4Testing.java:put(204)) - s1: put 119, m59 -> (t:1, i:119), STATEMACHINELOGENTRY, 445@client-6F86E1C52B91
2022-07-24 15:56:03,500 [s2@group-1D117010C276-StateMachineUpdater] INFO  statemachine.SimpleStateMachine4Testing (SimpleStateMachine4Testing.java:put(204)) - s2: put 121, m60 -> (t:1, i:121), STATEMACHINELOGENTRY, 446@client-6F86E1C52B91
2022-07-24 15:56:03,501 [s1-server-thread1] DEBUG raftlog.RaftLog (SegmentedRaftLog.java:appendImpl(447)) - truncateIndex=-1, arrayIndex=0
2022-07-24 15:56:03,501 [s0-server-thread2] DEBUG raftlog.RaftLog (SegmentedRaftLog.java:appendImpl(447)) - truncateIndex=-1, arrayIndex=0
2022-07-24 15:56:03,502 [s1-server-thread1] DEBUG raftlog.RaftLog (SegmentedRaftLog.java:appendImpl(447)) - truncateIndex=-1, arrayIndex=0
2022-07-24 15:56:03,502 [s0-server-thread2] DEBUG raftlog.RaftLog (SegmentedRaftLog.java:appendImpl(447)) - truncateIndex=-1, arrayIndex=0
2022-07-24 15:56:03,511 [s0@group-1D117010C276-StateMachineUpdater] INFO  statemachine.SimpleStateMachine4Testing (SimpleStateMachine4Testing.java:put(204)) - s0: put 121, m60 -> (t:1, i:121), STATEMACHINELOGENTRY, 446@client-6F86E1C52B91
2022-07-24 15:56:03,520 [s1@group-1D117010C276-StateMachineUpdater] INFO  statemachine.SimpleStateMachine4Testing (SimpleStateMachine4Testing.java:put(204)) - s1: put 121, m60 -> (t:1, i:121), STATEMACHINELOGENTRY, 446@client-6F86E1C52B91
2022-07-24 15:56:03,522 [s2@group-1D117010C276-StateMachineUpdater] INFO  statemachine.SimpleStateMachine4Testing (SimpleStateMachine4Testing.java:put(204)) - s2: put 123, m61 -> (t:1, i:123), STATEMACHINELOGENTRY, 447@client-6F86E1C52B91
2022-07-24 15:56:03,523 [s0-server-thread2] DEBUG raftlog.RaftLog (SegmentedRaftLog.java:appendImpl(447)) - truncateIndex=-1, arrayIndex=0
2022-07-24 15:56:03,523 [s1-server-thread1] DEBUG raftlog.RaftLog (SegmentedRaftLog.java:appendImpl(447)) - truncateIndex=-1, arrayIndex=0
2022-07-24 15:56:03,524 [s1-server-thread1] DEBUG raftlog.RaftLog (SegmentedRaftLog.java:appendImpl(447)) - truncateIndex=-1, arrayIndex=0
2022-07-24 15:56:03,524 [s0-server-thread2] DEBUG raftlog.RaftLog (SegmentedRaftLog.java:appendImpl(447)) - truncateIndex=-1, arrayIndex=0
2022-07-24 15:56:03,524 [s0@group-1D117010C276-StateMachineUpdater] INFO  statemachine.SimpleStateMachine4Testing (SimpleStateMachine4Testing.java:put(204)) - s0: put 123, m61 -> (t:1, i:123), STATEMACHINELOGENTRY, 447@client-6F86E1C52B91
2022-07-24 15:56:03,525 [s1@group-1D117010C276-StateMachineUpdater] INFO  statemachine.SimpleStateMachine4Testing (SimpleStateMachine4Testing.java:put(204)) - s1: put 123, m61 -> (t:1, i:123), STATEMACHINELOGENTRY, 447@client-6F86E1C52B91
2022-07-24 15:56:03,525 [s2@group-1D117010C276-StateMachineUpdater] INFO  statemachine.SimpleStateMachine4Testing (SimpleStateMachine4Testing.java:put(204)) - s2: put 125, m62 -> (t:1, i:125), STATEMACHINELOGENTRY, 448@client-6F86E1C52B91
2022-07-24 15:56:03,526 [s0-server-thread2] DEBUG raftlog.RaftLog (SegmentedRaftLog.java:appendImpl(447)) - truncateIndex=-1, arrayIndex=0
2022-07-24 15:56:03,526 [s1-server-thread1] DEBUG raftlog.RaftLog (SegmentedRaftLog.java:appendImpl(447)) - truncateIndex=-1, arrayIndex=0
2022-07-24 15:56:03,527 [s0-server-thread2] DEBUG raftlog.RaftLog (SegmentedRaftLog.java:appendImpl(447)) - truncateIndex=-1, arrayIndex=0
2022-07-24 15:56:03,528 [s1@group-1D117010C276-StateMachineUpdater] INFO  statemachine.SimpleStateMachine4Testing (SimpleStateMachine4Testing.java:put(204)) - s1: put 125, m62 -> (t:1, i:125), STATEMACHINELOGENTRY, 448@client-6F86E1C52B91
2022-07-24 15:56:03,528 [s1-server-thread1] DEBUG raftlog.RaftLog (SegmentedRaftLog.java:appendImpl(447)) - truncateIndex=-1, arrayIndex=0
2022-07-24 15:56:03,529 [s0@group-1D117010C276-StateMachineUpdater] INFO  statemachine.SimpleStateMachine4Testing (SimpleStateMachine4Testing.java:put(204)) - s0: put 125, m62 -> (t:1, i:125), STATEMACHINELOGENTRY, 448@client-6F86E1C52B91
2022-07-24 15:56:03,531 [s2@group-1D117010C276-StateMachineUpdater] INFO  statemachine.SimpleStateMachine4Testing (SimpleStateMachine4Testing.java:put(204)) - s2: put 127, m63 -> (t:1, i:127), STATEMACHINELOGENTRY, 449@client-6F86E1C52B91
2022-07-24 15:56:03,532 [s0-server-thread2] DEBUG raftlog.RaftLog (SegmentedRaftLog.java:appendImpl(447)) - truncateIndex=-1, arrayIndex=0
2022-07-24 15:56:03,533 [s1-server-thread1] DEBUG raftlog.RaftLog (SegmentedRaftLog.java:appendImpl(447)) - truncateIndex=-1, arrayIndex=0
2022-07-24 15:56:03,536 [s1-server-thread1] DEBUG raftlog.RaftLog (SegmentedRaftLog.java:appendImpl(447)) - truncateIndex=-1, arrayIndex=0
2022-07-24 15:56:03,536 [s0@group-1D117010C276-StateMachineUpdater] INFO  statemachine.SimpleStateMachine4Testing (SimpleStateMachine4Testing.java:put(204)) - s0: put 127, m63 -> (t:1, i:127), STATEMACHINELOGENTRY, 449@client-6F86E1C52B91
2022-07-24 15:56:03,544 [s1@group-1D117010C276-StateMachineUpdater] INFO  statemachine.SimpleStateMachine4Testing (SimpleStateMachine4Testing.java:put(204)) - s1: put 127, m63 -> (t:1, i:127), STATEMACHINELOGENTRY, 449@client-6F86E1C52B91
2022-07-24 15:56:03,549 [s0-server-thread2] DEBUG raftlog.RaftLog (SegmentedRaftLog.java:appendImpl(447)) - truncateIndex=-1, arrayIndex=0
2022-07-24 15:56:03,552 [s0-server-thread2] DEBUG raftlog.RaftLog (SegmentedRaftLog.java:appendImpl(447)) - truncateIndex=-1, arrayIndex=0
2022-07-24 15:56:03,552 [s1-server-thread1] DEBUG raftlog.RaftLog (SegmentedRaftLog.java:appendImpl(447)) - truncateIndex=-1, arrayIndex=0
2022-07-24 15:56:03,553 [s2@group-1D117010C276-StateMachineUpdater] INFO  impl.StateMachineUpdater (StateMachineUpdater.java:takeSnapshot(287)) - s2@group-1D117010C276-StateMachineUpdater: Took a snapshot at index 127
2022-07-24 15:56:03,553 [s2@group-1D117010C276-StateMachineUpdater] INFO  impl.StateMachineUpdater (StateMachineUpdater.java:lambda$new$0(92)) - s2@group-1D117010C276-StateMachineUpdater: snapshotIndex: updateIncreasingly 63 -> 127
2022-07-24 15:56:03,553 [s2@group-1D117010C276-StateMachineUpdater] INFO  raftlog.RaftLog (RaftLogBase.java:purge(314)) - s2@group-1D117010C276-SegmentedRaftLog: purge 127
2022-07-24 15:56:03,553 [s2@group-1D117010C276-StateMachineUpdater] INFO  raftlog.RaftLog (RaftLogBase.java:lambda$new$0(53)) - s2@group-1D117010C276-SegmentedRaftLog: snapshotIndex: updateIncreasingly 63 -> 127
2022-07-24 15:56:03,553 [s2@group-1D117010C276-StateMachineUpdater] DEBUG raftlog.RaftLog (SegmentedRaftLog.java:purgeImpl(365)) - purging segments:toTruncate: null
  toDelete: [(51, 78) isOpen? false, length=0, newEndIndex=0, (79, 106) isOpen? false, length=0, newEndIndex=0]
2022-07-24 15:56:03,553 [s2@group-1D117010C276-StateMachineUpdater] INFO  statemachine.SimpleStateMachine4Testing (SimpleStateMachine4Testing.java:put(204)) - s2: put 129, m64 -> (t:1, i:129), STATEMACHINELOGENTRY, 450@client-6F86E1C52B91
2022-07-24 15:56:03,554 [s2@group-1D117010C276-SegmentedRaftLogWorker] TRACE util.FileUtils (LogUtils.java:runAndLog(49)) - Successfully ran Files.delete /home/runner/work/ratis/ratis/ratis-test/target/test/data/9df233b8/MiniRaftClusterWithGrpcfc29b47e/s2/6607989c-d6da-490c-8466-1d117010c276/current/log_51-78
2022-07-24 15:56:03,554 [s2@group-1D117010C276-SegmentedRaftLogWorker] TRACE util.FileUtils (LogUtils.java:runAndLog(49)) - Successfully ran Files.delete /home/runner/work/ratis/ratis/ratis-test/target/test/data/9df233b8/MiniRaftClusterWithGrpcfc29b47e/s2/6607989c-d6da-490c-8466-1d117010c276/current/log_79-106
2022-07-24 15:56:03,554 [s2@group-1D117010C276-SegmentedRaftLogWorker] INFO  raftlog.RaftLog (RaftLogBase.java:lambda$new$0(53)) - s2@group-1D117010C276-SegmentedRaftLog: purgeIndex: updateToMax old=50, new=106, updated? true
2022-07-24 15:56:03,555 [s1-server-thread1] DEBUG raftlog.RaftLog (SegmentedRaftLog.java:appendImpl(447)) - truncateIndex=-1, arrayIndex=0
2022-07-24 15:56:03,556 [s1@group-1D117010C276-StateMachineUpdater] INFO  impl.StateMachineUpdater (StateMachineUpdater.java:takeSnapshot(287)) - s1@group-1D117010C276-StateMachineUpdater: Took a snapshot at index 127
2022-07-24 15:56:03,556 [s1@group-1D117010C276-StateMachineUpdater] INFO  impl.StateMachineUpdater (StateMachineUpdater.java:lambda$new$0(92)) - s1@group-1D117010C276-StateMachineUpdater: snapshotIndex: updateIncreasingly 63 -> 127
2022-07-24 15:56:03,556 [s1@group-1D117010C276-StateMachineUpdater] INFO  raftlog.RaftLog (RaftLogBase.java:purge(314)) - s1@group-1D117010C276-SegmentedRaftLog: purge 127
2022-07-24 15:56:03,556 [s1@group-1D117010C276-StateMachineUpdater] INFO  raftlog.RaftLog (RaftLogBase.java:lambda$new$0(53)) - s1@group-1D117010C276-SegmentedRaftLog: snapshotIndex: updateIncreasingly 63 -> 127
2022-07-24 15:56:03,556 [s1@group-1D117010C276-StateMachineUpdater] DEBUG raftlog.RaftLog (SegmentedRaftLog.java:purgeImpl(365)) - purging segments:toTruncate: null
  toDelete: [(51, 78) isOpen? false, length=0, newEndIndex=0, (79, 106) isOpen? false, length=0, newEndIndex=0]
2022-07-24 15:56:03,555 [s0-server-thread2] DEBUG raftlog.RaftLog (SegmentedRaftLog.java:appendImpl(447)) - truncateIndex=-1, arrayIndex=0
2022-07-24 15:56:03,562 [s0@group-1D117010C276-StateMachineUpdater] INFO  impl.StateMachineUpdater (StateMachineUpdater.java:takeSnapshot(287)) - s0@group-1D117010C276-StateMachineUpdater: Took a snapshot at index 127
2022-07-24 15:56:03,562 [s0@group-1D117010C276-StateMachineUpdater] INFO  impl.StateMachineUpdater (StateMachineUpdater.java:lambda$new$0(92)) - s0@group-1D117010C276-StateMachineUpdater: snapshotIndex: updateIncreasingly 63 -> 127
2022-07-24 15:56:03,562 [s0@group-1D117010C276-StateMachineUpdater] INFO  raftlog.RaftLog (RaftLogBase.java:purge(314)) - s0@group-1D117010C276-SegmentedRaftLog: purge 127
2022-07-24 15:56:03,562 [s0@group-1D117010C276-StateMachineUpdater] INFO  raftlog.RaftLog (RaftLogBase.java:lambda$new$0(53)) - s0@group-1D117010C276-SegmentedRaftLog: snapshotIndex: updateIncreasingly 63 -> 127
2022-07-24 15:56:03,562 [s0@group-1D117010C276-StateMachineUpdater] DEBUG raftlog.RaftLog (SegmentedRaftLog.java:purgeImpl(365)) - purging segments:toTruncate: null
  toDelete: [(51, 78) isOpen? false, length=0, newEndIndex=0, (79, 106) isOpen? false, length=0, newEndIndex=0]
2022-07-24 15:56:03,563 [s1@group-1D117010C276-SegmentedRaftLogWorker] TRACE util.FileUtils (LogUtils.java:runAndLog(49)) - Successfully ran Files.delete /home/runner/work/ratis/ratis/ratis-test/target/test/data/9df233b8/MiniRaftClusterWithGrpcfc29b47e/s1/6607989c-d6da-490c-8466-1d117010c276/current/log_51-78
2022-07-24 15:56:03,563 [s1@group-1D117010C276-SegmentedRaftLogWorker] TRACE util.FileUtils (LogUtils.java:runAndLog(49)) - Successfully ran Files.delete /home/runner/work/ratis/ratis/ratis-test/target/test/data/9df233b8/MiniRaftClusterWithGrpcfc29b47e/s1/6607989c-d6da-490c-8466-1d117010c276/current/log_79-106
2022-07-24 15:56:03,563 [s1@group-1D117010C276-SegmentedRaftLogWorker] INFO  raftlog.RaftLog (RaftLogBase.java:lambda$new$0(53)) - s1@group-1D117010C276-SegmentedRaftLog: purgeIndex: updateToMax old=50, new=106, updated? true
2022-07-24 15:56:03,563 [s1@group-1D117010C276-StateMachineUpdater] INFO  statemachine.SimpleStateMachine4Testing (SimpleStateMachine4Testing.java:put(204)) - s1: put 129, m64 -> (t:1, i:129), STATEMACHINELOGENTRY, 450@client-6F86E1C52B91
2022-07-24 15:56:03,563 [s0@group-1D117010C276-StateMachineUpdater] INFO  statemachine.SimpleStateMachine4Testing (SimpleStateMachine4Testing.java:put(204)) - s0: put 129, m64 -> (t:1, i:129), STATEMACHINELOGENTRY, 450@client-6F86E1C52B91
2022-07-24 15:56:03,564 [s0@group-1D117010C276-SegmentedRaftLogWorker] TRACE util.FileUtils (LogUtils.java:runAndLog(49)) - Successfully ran Files.delete /home/runner/work/ratis/ratis/ratis-test/target/test/data/9df233b8/MiniRaftClusterWithGrpcfc29b47e/s0/6607989c-d6da-490c-8466-1d117010c276/current/log_51-78
2022-07-24 15:56:03,564 [s0@group-1D117010C276-SegmentedRaftLogWorker] TRACE util.FileUtils (LogUtils.java:runAndLog(49)) - Successfully ran Files.delete /home/runner/work/ratis/ratis/ratis-test/target/test/data/9df233b8/MiniRaftClusterWithGrpcfc29b47e/s0/6607989c-d6da-490c-8466-1d117010c276/current/log_79-106
2022-07-24 15:56:03,564 [s0@group-1D117010C276-SegmentedRaftLogWorker] INFO  raftlog.RaftLog (RaftLogBase.java:lambda$new$0(53)) - s0@group-1D117010C276-SegmentedRaftLog: purgeIndex: updateToMax old=50, new=106, updated? true
2022-07-24 15:56:03,564 [s2@group-1D117010C276-StateMachineUpdater] INFO  statemachine.SimpleStateMachine4Testing (SimpleStateMachine4Testing.java:put(204)) - s2: put 131, m65 -> (t:1, i:131), STATEMACHINELOGENTRY, 451@client-6F86E1C52B91
2022-07-24 15:56:03,565 [s0-server-thread2] DEBUG raftlog.RaftLog (SegmentedRaftLog.java:appendImpl(447)) - truncateIndex=-1, arrayIndex=0
2022-07-24 15:56:03,565 [s1-server-thread1] DEBUG raftlog.RaftLog (SegmentedRaftLog.java:appendImpl(447)) - truncateIndex=-1, arrayIndex=0
2022-07-24 15:56:03,566 [s0-server-thread2] DEBUG raftlog.RaftLog (SegmentedRaftLog.java:appendImpl(447)) - truncateIndex=-1, arrayIndex=0
2022-07-24 15:56:03,567 [s0@group-1D117010C276-StateMachineUpdater] INFO  statemachine.SimpleStateMachine4Testing (SimpleStateMachine4Testing.java:put(204)) - s0: put 131, m65 -> (t:1, i:131), STATEMACHINELOGENTRY, 451@client-6F86E1C52B91
2022-07-24 15:56:03,567 [s1-server-thread1] DEBUG raftlog.RaftLog (SegmentedRaftLog.java:appendImpl(447)) - truncateIndex=-1, arrayIndex=0
2022-07-24 15:56:03,567 [s1@group-1D117010C276-StateMachineUpdater] INFO  statemachine.SimpleStateMachine4Testing (SimpleStateMachine4Testing.java:put(204)) - s1: put 131, m65 -> (t:1, i:131), STATEMACHINELOGENTRY, 451@client-6F86E1C52B91
2022-07-24 15:56:03,568 [s2@group-1D117010C276-StateMachineUpdater] INFO  statemachine.SimpleStateMachine4Testing (SimpleStateMachine4Testing.java:put(204)) - s2: put 133, m66 -> (t:1, i:133), STATEMACHINELOGENTRY, 452@client-6F86E1C52B91
2022-07-24 15:56:03,568 [s1-server-thread1] DEBUG raftlog.RaftLog (SegmentedRaftLog.java:appendImpl(447)) - truncateIndex=-1, arrayIndex=0
2022-07-24 15:56:03,572 [s0-server-thread2] DEBUG raftlog.RaftLog (SegmentedRaftLog.java:appendImpl(447)) - truncateIndex=-1, arrayIndex=0
2022-07-24 15:56:03,572 [s2-client-thread1] INFO  segmented.SegmentedRaftLogWorker (SegmentedRaftLogWorker.java:rollLogSegment(430)) - s2@group-1D117010C276-SegmentedRaftLogWorker: Rolling segment log-107_134 to index:134
2022-07-24 15:56:03,573 [s2@group-1D117010C276-SegmentedRaftLogWorker] TRACE util.FileUtils (LogUtils.java:runAndLog(49)) - Successfully ran Files.move /home/runner/work/ratis/ratis/ratis-test/target/test/data/9df233b8/MiniRaftClusterWithGrpcfc29b47e/s2/6607989c-d6da-490c-8466-1d117010c276/current/log_inprogress_107 to /home/runner/work/ratis/ratis/ratis-test/target/test/data/9df233b8/MiniRaftClusterWithGrpcfc29b47e/s2/6607989c-d6da-490c-8466-1d117010c276/current/log_107-134
2022-07-24 15:56:03,573 [s2@group-1D117010C276-SegmentedRaftLogWorker] INFO  segmented.SegmentedRaftLogWorker (SegmentedRaftLogWorker.java:execute(586)) - s2@group-1D117010C276-SegmentedRaftLogWorker: Rolled log segment from /home/runner/work/ratis/ratis/ratis-test/target/test/data/9df233b8/MiniRaftClusterWithGrpcfc29b47e/s2/6607989c-d6da-490c-8466-1d117010c276/current/log_inprogress_107 to /home/runner/work/ratis/ratis/ratis-test/target/test/data/9df233b8/MiniRaftClusterWithGrpcfc29b47e/s2/6607989c-d6da-490c-8466-1d117010c276/current/log_107-134
2022-07-24 15:56:03,573 [s1-server-thread1] DEBUG raftlog.RaftLog (SegmentedRaftLog.java:appendImpl(447)) - truncateIndex=-1, arrayIndex=0
2022-07-24 15:56:03,573 [s1-server-thread1] INFO  segmented.SegmentedRaftLogWorker (SegmentedRaftLogWorker.java:rollLogSegment(430)) - s1@group-1D117010C276-SegmentedRaftLogWorker: Rolling segment log-107_134 to index:134
2022-07-24 15:56:03,573 [s0-server-thread2] DEBUG raftlog.RaftLog (SegmentedRaftLog.java:appendImpl(447)) - truncateIndex=-1, arrayIndex=0
2022-07-24 15:56:03,574 [s0-server-thread2] INFO  segmented.SegmentedRaftLogWorker (SegmentedRaftLogWorker.java:rollLogSegment(430)) - s0@group-1D117010C276-SegmentedRaftLogWorker: Rolling segment log-107_134 to index:134
2022-07-24 15:56:03,575 [s2@group-1D117010C276-SegmentedRaftLogWorker] INFO  segmented.SegmentedRaftLogWorker (SegmentedRaftLogWorker.java:execute(629)) - s2@group-1D117010C276-SegmentedRaftLogWorker: created new log segment /home/runner/work/ratis/ratis/ratis-test/target/test/data/9df233b8/MiniRaftClusterWithGrpcfc29b47e/s2/6607989c-d6da-490c-8466-1d117010c276/current/log_inprogress_135
2022-07-24 15:56:03,576 [s0@group-1D117010C276-SegmentedRaftLogWorker] TRACE util.FileUtils (LogUtils.java:runAndLog(49)) - Successfully ran Files.move /home/runner/work/ratis/ratis/ratis-test/target/test/data/9df233b8/MiniRaftClusterWithGrpcfc29b47e/s0/6607989c-d6da-490c-8466-1d117010c276/current/log_inprogress_107 to /home/runner/work/ratis/ratis/ratis-test/target/test/data/9df233b8/MiniRaftClusterWithGrpcfc29b47e/s0/6607989c-d6da-490c-8466-1d117010c276/current/log_107-134
2022-07-24 15:56:03,576 [s0@group-1D117010C276-SegmentedRaftLogWorker] INFO  segmented.SegmentedRaftLogWorker (SegmentedRaftLogWorker.java:execute(586)) - s0@group-1D117010C276-SegmentedRaftLogWorker: Rolled log segment from /home/runner/work/ratis/ratis/ratis-test/target/test/data/9df233b8/MiniRaftClusterWithGrpcfc29b47e/s0/6607989c-d6da-490c-8466-1d117010c276/current/log_inprogress_107 to /home/runner/work/ratis/ratis/ratis-test/target/test/data/9df233b8/MiniRaftClusterWithGrpcfc29b47e/s0/6607989c-d6da-490c-8466-1d117010c276/current/log_107-134
2022-07-24 15:56:03,576 [s0@group-1D117010C276-StateMachineUpdater] INFO  statemachine.SimpleStateMachine4Testing (SimpleStateMachine4Testing.java:put(204)) - s0: put 133, m66 -> (t:1, i:133), STATEMACHINELOGENTRY, 452@client-6F86E1C52B91
2022-07-24 15:56:03,579 [s0@group-1D117010C276-SegmentedRaftLogWorker] INFO  segmented.SegmentedRaftLogWorker (SegmentedRaftLogWorker.java:execute(629)) - s0@group-1D117010C276-SegmentedRaftLogWorker: created new log segment /home/runner/work/ratis/ratis/ratis-test/target/test/data/9df233b8/MiniRaftClusterWithGrpcfc29b47e/s0/6607989c-d6da-490c-8466-1d117010c276/current/log_inprogress_135
2022-07-24 15:56:03,580 [s1@group-1D117010C276-SegmentedRaftLogWorker] TRACE util.FileUtils (LogUtils.java:runAndLog(49)) - Successfully ran Files.move /home/runner/work/ratis/ratis/ratis-test/target/test/data/9df233b8/MiniRaftClusterWithGrpcfc29b47e/s1/6607989c-d6da-490c-8466-1d117010c276/current/log_inprogress_107 to /home/runner/work/ratis/ratis/ratis-test/target/test/data/9df233b8/MiniRaftClusterWithGrpcfc29b47e/s1/6607989c-d6da-490c-8466-1d117010c276/current/log_107-134
2022-07-24 15:56:03,580 [s1@group-1D117010C276-SegmentedRaftLogWorker] INFO  segmented.SegmentedRaftLogWorker (SegmentedRaftLogWorker.java:execute(586)) - s1@group-1D117010C276-SegmentedRaftLogWorker: Rolled log segment from /home/runner/work/ratis/ratis/ratis-test/target/test/data/9df233b8/MiniRaftClusterWithGrpcfc29b47e/s1/6607989c-d6da-490c-8466-1d117010c276/current/log_inprogress_107 to /home/runner/work/ratis/ratis/ratis-test/target/test/data/9df233b8/MiniRaftClusterWithGrpcfc29b47e/s1/6607989c-d6da-490c-8466-1d117010c276/current/log_107-134
2022-07-24 15:56:03,581 [s1@group-1D117010C276-StateMachineUpdater] INFO  statemachine.SimpleStateMachine4Testing (SimpleStateMachine4Testing.java:put(204)) - s1: put 133, m66 -> (t:1, i:133), STATEMACHINELOGENTRY, 452@client-6F86E1C52B91
2022-07-24 15:56:03,582 [s1@group-1D117010C276-SegmentedRaftLogWorker] INFO  segmented.SegmentedRaftLogWorker (SegmentedRaftLogWorker.java:execute(629)) - s1@group-1D117010C276-SegmentedRaftLogWorker: created new log segment /home/runner/work/ratis/ratis/ratis-test/target/test/data/9df233b8/MiniRaftClusterWithGrpcfc29b47e/s1/6607989c-d6da-490c-8466-1d117010c276/current/log_inprogress_135
2022-07-24 15:56:03,585 [s2@group-1D117010C276-StateMachineUpdater] INFO  statemachine.SimpleStateMachine4Testing (SimpleStateMachine4Testing.java:put(204)) - s2: put 135, m67 -> (t:1, i:135), STATEMACHINELOGENTRY, 453@client-6F86E1C52B91
2022-07-24 15:56:03,585 [s1-server-thread1] DEBUG raftlog.RaftLog (SegmentedRaftLog.java:appendImpl(447)) - truncateIndex=-1, arrayIndex=0
2022-07-24 15:56:03,585 [s0-server-thread2] DEBUG raftlog.RaftLog (SegmentedRaftLog.java:appendImpl(447)) - truncateIndex=-1, arrayIndex=0
2022-07-24 15:56:03,586 [s1-server-thread1] DEBUG raftlog.RaftLog (SegmentedRaftLog.java:appendImpl(447)) - truncateIndex=-1, arrayIndex=0
2022-07-24 15:56:03,587 [s0-server-thread2] DEBUG raftlog.RaftLog (SegmentedRaftLog.java:appendImpl(447)) - truncateIndex=-1, arrayIndex=0
2022-07-24 15:56:03,587 [s1@group-1D117010C276-StateMachineUpdater] INFO  statemachine.SimpleStateMachine4Testing (SimpleStateMachine4Testing.java:put(204)) - s1: put 135, m67 -> (t:1, i:135), STATEMACHINELOGENTRY, 453@client-6F86E1C52B91
2022-07-24 15:56:03,588 [s0@group-1D117010C276-StateMachineUpdater] INFO  statemachine.SimpleStateMachine4Testing (SimpleStateMachine4Testing.java:put(204)) - s0: put 135, m67 -> (t:1, i:135), STATEMACHINELOGENTRY, 453@client-6F86E1C52B91
2022-07-24 15:56:03,589 [s2@group-1D117010C276-StateMachineUpdater] INFO  statemachine.SimpleStateMachine4Testing (SimpleStateMachine4Testing.java:put(204)) - s2: put 137, m68 -> (t:1, i:137), STATEMACHINELOGENTRY, 454@client-6F86E1C52B91
2022-07-24 15:56:03,590 [s1-server-thread1] DEBUG raftlog.RaftLog (SegmentedRaftLog.java:appendImpl(447)) - truncateIndex=-1, arrayIndex=0
2022-07-24 15:56:03,590 [s0-server-thread2] DEBUG raftlog.RaftLog (SegmentedRaftLog.java:appendImpl(447)) - truncateIndex=-1, arrayIndex=0
2022-07-24 15:56:03,591 [s1-server-thread1] DEBUG raftlog.RaftLog (SegmentedRaftLog.java:appendImpl(447)) - truncateIndex=-1, arrayIndex=0
2022-07-24 15:56:03,591 [s0-server-thread2] DEBUG raftlog.RaftLog (SegmentedRaftLog.java:appendImpl(447)) - truncateIndex=-1, arrayIndex=0
2022-07-24 15:56:03,598 [s1@group-1D117010C276-StateMachineUpdater] INFO  statemachine.SimpleStateMachine4Testing (SimpleStateMachine4Testing.java:put(204)) - s1: put 137, m68 -> (t:1, i:137), STATEMACHINELOGENTRY, 454@client-6F86E1C52B91
2022-07-24 15:56:03,599 [s0@group-1D117010C276-StateMachineUpdater] INFO  statemachine.SimpleStateMachine4Testing (SimpleStateMachine4Testing.java:put(204)) - s0: put 137, m68 -> (t:1, i:137), STATEMACHINELOGENTRY, 454@client-6F86E1C52B91
2022-07-24 15:56:03,600 [s2@group-1D117010C276-StateMachineUpdater] INFO  statemachine.SimpleStateMachine4Testing (SimpleStateMachine4Testing.java:put(204)) - s2: put 139, m69 -> (t:1, i:139), STATEMACHINELOGENTRY, 455@client-6F86E1C52B91
2022-07-24 15:56:03,601 [s0-server-thread2] DEBUG raftlog.RaftLog (SegmentedRaftLog.java:appendImpl(447)) - truncateIndex=-1, arrayIndex=0
2022-07-24 15:56:03,601 [s1-server-thread1] DEBUG raftlog.RaftLog (SegmentedRaftLog.java:appendImpl(447)) - truncateIndex=-1, arrayIndex=0
2022-07-24 15:56:03,602 [s0-server-thread2] DEBUG raftlog.RaftLog (SegmentedRaftLog.java:appendImpl(447)) - truncateIndex=-1, arrayIndex=0
2022-07-24 15:56:03,602 [s1-server-thread1] DEBUG raftlog.RaftLog (SegmentedRaftLog.java:appendImpl(447)) - truncateIndex=-1, arrayIndex=0
2022-07-24 15:56:03,608 [s0@group-1D117010C276-StateMachineUpdater] INFO  statemachine.SimpleStateMachine4Testing (SimpleStateMachine4Testing.java:put(204)) - s0: put 139, m69 -> (t:1, i:139), STATEMACHINELOGENTRY, 455@client-6F86E1C52B91
2022-07-24 15:56:03,610 [s1@group-1D117010C276-StateMachineUpdater] INFO  statemachine.SimpleStateMachine4Testing (SimpleStateMachine4Testing.java:put(204)) - s1: put 139, m69 -> (t:1, i:139), STATEMACHINELOGENTRY, 455@client-6F86E1C52B91
2022-07-24 15:56:03,611 [s2@group-1D117010C276-StateMachineUpdater] INFO  statemachine.SimpleStateMachine4Testing (SimpleStateMachine4Testing.java:put(204)) - s2: put 141, m70 -> (t:1, i:141), STATEMACHINELOGENTRY, 456@client-6F86E1C52B91
2022-07-24 15:56:03,612 [s0-server-thread2] DEBUG raftlog.RaftLog (SegmentedRaftLog.java:appendImpl(447)) - truncateIndex=-1, arrayIndex=0
2022-07-24 15:56:03,612 [s1-server-thread1] DEBUG raftlog.RaftLog (SegmentedRaftLog.java:appendImpl(447)) - truncateIndex=-1, arrayIndex=0
2022-07-24 15:56:03,613 [s0-server-thread2] DEBUG raftlog.RaftLog (SegmentedRaftLog.java:appendImpl(447)) - truncateIndex=-1, arrayIndex=0
2022-07-24 15:56:03,613 [s1@group-1D117010C276-StateMachineUpdater] INFO  statemachine.SimpleStateMachine4Testing (SimpleStateMachine4Testing.java:put(204)) - s1: put 141, m70 -> (t:1, i:141), STATEMACHINELOGENTRY, 456@client-6F86E1C52B91
2022-07-24 15:56:03,614 [s1-server-thread1] DEBUG raftlog.RaftLog (SegmentedRaftLog.java:appendImpl(447)) - truncateIndex=-1, arrayIndex=0
2022-07-24 15:56:03,615 [s0@group-1D117010C276-StateMachineUpdater] INFO  statemachine.SimpleStateMachine4Testing (SimpleStateMachine4Testing.java:put(204)) - s0: put 141, m70 -> (t:1, i:141), STATEMACHINELOGENTRY, 456@client-6F86E1C52B91
2022-07-24 15:56:03,616 [s2@group-1D117010C276-StateMachineUpdater] INFO  statemachine.SimpleStateMachine4Testing (SimpleStateMachine4Testing.java:put(204)) - s2: put 143, m71 -> (t:1, i:143), STATEMACHINELOGENTRY, 457@client-6F86E1C52B91
2022-07-24 15:56:03,616 [s0-server-thread2] DEBUG raftlog.RaftLog (SegmentedRaftLog.java:appendImpl(447)) - truncateIndex=-1, arrayIndex=0
2022-07-24 15:56:03,616 [s1-server-thread1] DEBUG raftlog.RaftLog (SegmentedRaftLog.java:appendImpl(447)) - truncateIndex=-1, arrayIndex=0
2022-07-24 15:56:03,617 [s0@group-1D117010C276-StateMachineUpdater] INFO  statemachine.SimpleStateMachine4Testing (SimpleStateMachine4Testing.java:put(204)) - s0: put 143, m71 -> (t:1, i:143), STATEMACHINELOGENTRY, 457@client-6F86E1C52B91
2022-07-24 15:56:03,617 [s1@group-1D117010C276-StateMachineUpdater] INFO  statemachine.SimpleStateMachine4Testing (SimpleStateMachine4Testing.java:put(204)) - s1: put 143, m71 -> (t:1, i:143), STATEMACHINELOGENTRY, 457@client-6F86E1C52B91
2022-07-24 15:56:03,618 [s0-server-thread2] DEBUG raftlog.RaftLog (SegmentedRaftLog.java:appendImpl(447)) - truncateIndex=-1, arrayIndex=0
2022-07-24 15:56:03,618 [s1-server-thread1] DEBUG raftlog.RaftLog (SegmentedRaftLog.java:appendImpl(447)) - truncateIndex=-1, arrayIndex=0
2022-07-24 15:56:03,623 [s2@group-1D117010C276-StateMachineUpdater] INFO  statemachine.SimpleStateMachine4Testing (SimpleStateMachine4Testing.java:put(204)) - s2: put 145, m72 -> (t:1, i:145), STATEMACHINELOGENTRY, 458@client-6F86E1C52B91
2022-07-24 15:56:03,624 [s1-server-thread1] DEBUG raftlog.RaftLog (SegmentedRaftLog.java:appendImpl(447)) - truncateIndex=-1, arrayIndex=0
2022-07-24 15:56:03,624 [s0-server-thread2] DEBUG raftlog.RaftLog (SegmentedRaftLog.java:appendImpl(447)) - truncateIndex=-1, arrayIndex=0
2022-07-24 15:56:03,625 [s1-server-thread1] DEBUG raftlog.RaftLog (SegmentedRaftLog.java:appendImpl(447)) - truncateIndex=-1, arrayIndex=0
2022-07-24 15:56:03,625 [s1@group-1D117010C276-StateMachineUpdater] INFO  statemachine.SimpleStateMachine4Testing (SimpleStateMachine4Testing.java:put(204)) - s1: put 145, m72 -> (t:1, i:145), STATEMACHINELOGENTRY, 458@client-6F86E1C52B91
2022-07-24 15:56:03,626 [s0@group-1D117010C276-StateMachineUpdater] INFO  statemachine.SimpleStateMachine4Testing (SimpleStateMachine4Testing.java:put(204)) - s0: put 145, m72 -> (t:1, i:145), STATEMACHINELOGENTRY, 458@client-6F86E1C52B91
2022-07-24 15:56:03,627 [s0-server-thread2] DEBUG raftlog.RaftLog (SegmentedRaftLog.java:appendImpl(447)) - truncateIndex=-1, arrayIndex=0
2022-07-24 15:56:03,627 [s2@group-1D117010C276-StateMachineUpdater] INFO  statemachine.SimpleStateMachine4Testing (SimpleStateMachine4Testing.java:put(204)) - s2: put 147, m73 -> (t:1, i:147), STATEMACHINELOGENTRY, 459@client-6F86E1C52B91
2022-07-24 15:56:03,628 [s0-server-thread2] DEBUG raftlog.RaftLog (SegmentedRaftLog.java:appendImpl(447)) - truncateIndex=-1, arrayIndex=0
2022-07-24 15:56:03,628 [s1-server-thread1] DEBUG raftlog.RaftLog (SegmentedRaftLog.java:appendImpl(447)) - truncateIndex=-1, arrayIndex=0
2022-07-24 15:56:03,629 [s1-server-thread1] DEBUG raftlog.RaftLog (SegmentedRaftLog.java:appendImpl(447)) - truncateIndex=-1, arrayIndex=0
2022-07-24 15:56:03,630 [s1@group-1D117010C276-StateMachineUpdater] INFO  statemachine.SimpleStateMachine4Testing (SimpleStateMachine4Testing.java:put(204)) - s1: put 147, m73 -> (t:1, i:147), STATEMACHINELOGENTRY, 459@client-6F86E1C52B91
2022-07-24 15:56:03,630 [s0-server-thread2] DEBUG raftlog.RaftLog (SegmentedRaftLog.java:appendImpl(447)) - truncateIndex=-1, arrayIndex=0
2022-07-24 15:56:03,632 [s0@group-1D117010C276-StateMachineUpdater] INFO  statemachine.SimpleStateMachine4Testing (SimpleStateMachine4Testing.java:put(204)) - s0: put 147, m73 -> (t:1, i:147), STATEMACHINELOGENTRY, 459@client-6F86E1C52B91
2022-07-24 15:56:03,633 [s2@group-1D117010C276-StateMachineUpdater] INFO  statemachine.SimpleStateMachine4Testing (SimpleStateMachine4Testing.java:put(204)) - s2: put 149, m74 -> (t:1, i:149), STATEMACHINELOGENTRY, 460@client-6F86E1C52B91
2022-07-24 15:56:03,634 [s1-server-thread1] DEBUG raftlog.RaftLog (SegmentedRaftLog.java:appendImpl(447)) - truncateIndex=-1, arrayIndex=0
2022-07-24 15:56:03,634 [s0-server-thread2] DEBUG raftlog.RaftLog (SegmentedRaftLog.java:appendImpl(447)) - truncateIndex=-1, arrayIndex=0
2022-07-24 15:56:03,634 [s1-server-thread1] DEBUG raftlog.RaftLog (SegmentedRaftLog.java:appendImpl(447)) - truncateIndex=-1, arrayIndex=0
2022-07-24 15:56:03,635 [s0-server-thread2] DEBUG raftlog.RaftLog (SegmentedRaftLog.java:appendImpl(447)) - truncateIndex=-1, arrayIndex=0
2022-07-24 15:56:03,635 [s1@group-1D117010C276-StateMachineUpdater] INFO  statemachine.SimpleStateMachine4Testing (SimpleStateMachine4Testing.java:put(204)) - s1: put 149, m74 -> (t:1, i:149), STATEMACHINELOGENTRY, 460@client-6F86E1C52B91
2022-07-24 15:56:03,635 [s0@group-1D117010C276-StateMachineUpdater] INFO  statemachine.SimpleStateMachine4Testing (SimpleStateMachine4Testing.java:put(204)) - s0: put 149, m74 -> (t:1, i:149), STATEMACHINELOGENTRY, 460@client-6F86E1C52B91
2022-07-24 15:56:03,636 [s2@group-1D117010C276-StateMachineUpdater] INFO  statemachine.SimpleStateMachine4Testing (SimpleStateMachine4Testing.java:put(204)) - s2: put 151, m75 -> (t:1, i:151), STATEMACHINELOGENTRY, 461@client-6F86E1C52B91
2022-07-24 15:56:03,636 [s0-server-thread2] DEBUG raftlog.RaftLog (SegmentedRaftLog.java:appendImpl(447)) - truncateIndex=-1, arrayIndex=0
2022-07-24 15:56:03,637 [s1-server-thread1] DEBUG raftlog.RaftLog (SegmentedRaftLog.java:appendImpl(447)) - truncateIndex=-1, arrayIndex=0
2022-07-24 15:56:03,638 [s0@group-1D117010C276-StateMachineUpdater] INFO  statemachine.SimpleStateMachine4Testing (SimpleStateMachine4Testing.java:put(204)) - s0: put 151, m75 -> (t:1, i:151), STATEMACHINELOGENTRY, 461@client-6F86E1C52B91
2022-07-24 15:56:03,638 [s0-server-thread2] DEBUG raftlog.RaftLog (SegmentedRaftLog.java:appendImpl(447)) - truncateIndex=-1, arrayIndex=0
2022-07-24 15:56:03,638 [s1@group-1D117010C276-StateMachineUpdater] INFO  statemachine.SimpleStateMachine4Testing (SimpleStateMachine4Testing.java:put(204)) - s1: put 151, m75 -> (t:1, i:151), STATEMACHINELOGENTRY, 461@client-6F86E1C52B91
2022-07-24 15:56:03,639 [s1-server-thread1] DEBUG raftlog.RaftLog (SegmentedRaftLog.java:appendImpl(447)) - truncateIndex=-1, arrayIndex=0
2022-07-24 15:56:03,639 [s2@group-1D117010C276-StateMachineUpdater] INFO  statemachine.SimpleStateMachine4Testing (SimpleStateMachine4Testing.java:put(204)) - s2: put 153, m76 -> (t:1, i:153), STATEMACHINELOGENTRY, 462@client-6F86E1C52B91
2022-07-24 15:56:03,640 [s0-server-thread2] DEBUG raftlog.RaftLog (SegmentedRaftLog.java:appendImpl(447)) - truncateIndex=-1, arrayIndex=0
2022-07-24 15:56:03,640 [s1-server-thread1] DEBUG raftlog.RaftLog (SegmentedRaftLog.java:appendImpl(447)) - truncateIndex=-1, arrayIndex=0
2022-07-24 15:56:03,641 [s1-server-thread1] DEBUG raftlog.RaftLog (SegmentedRaftLog.java:appendImpl(447)) - truncateIndex=-1, arrayIndex=0
2022-07-24 15:56:03,642 [s0@group-1D117010C276-StateMachineUpdater] INFO  statemachine.SimpleStateMachine4Testing (SimpleStateMachine4Testing.java:put(204)) - s0: put 153, m76 -> (t:1, i:153), STATEMACHINELOGENTRY, 462@client-6F86E1C52B91
2022-07-24 15:56:03,642 [s0-server-thread2] DEBUG raftlog.RaftLog (SegmentedRaftLog.java:appendImpl(447)) - truncateIndex=-1, arrayIndex=0
2022-07-24 15:56:03,643 [s1@group-1D117010C276-StateMachineUpdater] INFO  statemachine.SimpleStateMachine4Testing (SimpleStateMachine4Testing.java:put(204)) - s1: put 153, m76 -> (t:1, i:153), STATEMACHINELOGENTRY, 462@client-6F86E1C52B91
2022-07-24 15:56:03,644 [s2@group-1D117010C276-StateMachineUpdater] INFO  statemachine.SimpleStateMachine4Testing (SimpleStateMachine4Testing.java:put(204)) - s2: put 155, m77 -> (t:1, i:155), STATEMACHINELOGENTRY, 463@client-6F86E1C52B91
2022-07-24 15:56:03,644 [s0-server-thread2] DEBUG raftlog.RaftLog (SegmentedRaftLog.java:appendImpl(447)) - truncateIndex=-1, arrayIndex=0
2022-07-24 15:56:03,644 [s1-server-thread1] DEBUG raftlog.RaftLog (SegmentedRaftLog.java:appendImpl(447)) - truncateIndex=-1, arrayIndex=0
2022-07-24 15:56:03,645 [s1-server-thread1] DEBUG raftlog.RaftLog (SegmentedRaftLog.java:appendImpl(447)) - truncateIndex=-1, arrayIndex=0
2022-07-24 15:56:03,646 [s0-server-thread2] DEBUG raftlog.RaftLog (SegmentedRaftLog.java:appendImpl(447)) - truncateIndex=-1, arrayIndex=0
2022-07-24 15:56:03,646 [s1@group-1D117010C276-StateMachineUpdater] INFO  statemachine.SimpleStateMachine4Testing (SimpleStateMachine4Testing.java:put(204)) - s1: put 155, m77 -> (t:1, i:155), STATEMACHINELOGENTRY, 463@client-6F86E1C52B91
2022-07-24 15:56:03,647 [s0@group-1D117010C276-StateMachineUpdater] INFO  statemachine.SimpleStateMachine4Testing (SimpleStateMachine4Testing.java:put(204)) - s0: put 155, m77 -> (t:1, i:155), STATEMACHINELOGENTRY, 463@client-6F86E1C52B91
2022-07-24 15:56:03,648 [s2@group-1D117010C276-StateMachineUpdater] INFO  statemachine.SimpleStateMachine4Testing (SimpleStateMachine4Testing.java:put(204)) - s2: put 157, m78 -> (t:1, i:157), STATEMACHINELOGENTRY, 464@client-6F86E1C52B91
2022-07-24 15:56:03,648 [s0-server-thread2] DEBUG raftlog.RaftLog (SegmentedRaftLog.java:appendImpl(447)) - truncateIndex=-1, arrayIndex=0
2022-07-24 15:56:03,649 [s1-server-thread1] DEBUG raftlog.RaftLog (SegmentedRaftLog.java:appendImpl(447)) - truncateIndex=-1, arrayIndex=0
2022-07-24 15:56:03,653 [s0@group-1D117010C276-StateMachineUpdater] INFO  statemachine.SimpleStateMachine4Testing (SimpleStateMachine4Testing.java:put(204)) - s0: put 157, m78 -> (t:1, i:157), STATEMACHINELOGENTRY, 464@client-6F86E1C52B91
2022-07-24 15:56:03,653 [s1-server-thread1] DEBUG raftlog.RaftLog (SegmentedRaftLog.java:appendImpl(447)) - truncateIndex=-1, arrayIndex=0
2022-07-24 15:56:03,654 [s0-server-thread2] DEBUG raftlog.RaftLog (SegmentedRaftLog.java:appendImpl(447)) - truncateIndex=-1, arrayIndex=0
2022-07-24 15:56:03,656 [s1@group-1D117010C276-StateMachineUpdater] INFO  statemachine.SimpleStateMachine4Testing (SimpleStateMachine4Testing.java:put(204)) - s1: put 157, m78 -> (t:1, i:157), STATEMACHINELOGENTRY, 464@client-6F86E1C52B91
2022-07-24 15:56:03,657 [s2@group-1D117010C276-StateMachineUpdater] INFO  statemachine.SimpleStateMachine4Testing (SimpleStateMachine4Testing.java:put(204)) - s2: put 159, m79 -> (t:1, i:159), STATEMACHINELOGENTRY, 465@client-6F86E1C52B91
2022-07-24 15:56:03,658 [s0-server-thread2] DEBUG raftlog.RaftLog (SegmentedRaftLog.java:appendImpl(447)) - truncateIndex=-1, arrayIndex=0
2022-07-24 15:56:03,658 [s1-server-thread1] DEBUG raftlog.RaftLog (SegmentedRaftLog.java:appendImpl(447)) - truncateIndex=-1, arrayIndex=0
2022-07-24 15:56:03,659 [s1-server-thread1] DEBUG raftlog.RaftLog (SegmentedRaftLog.java:appendImpl(447)) - truncateIndex=-1, arrayIndex=0
2022-07-24 15:56:03,659 [s0-server-thread2] DEBUG raftlog.RaftLog (SegmentedRaftLog.java:appendImpl(447)) - truncateIndex=-1, arrayIndex=0
2022-07-24 15:56:03,660 [s0@group-1D117010C276-StateMachineUpdater] INFO  statemachine.SimpleStateMachine4Testing (SimpleStateMachine4Testing.java:put(204)) - s0: put 159, m79 -> (t:1, i:159), STATEMACHINELOGENTRY, 465@client-6F86E1C52B91
2022-07-24 15:56:03,664 [s1@group-1D117010C276-StateMachineUpdater] INFO  statemachine.SimpleStateMachine4Testing (SimpleStateMachine4Testing.java:put(204)) - s1: put 159, m79 -> (t:1, i:159), STATEMACHINELOGENTRY, 465@client-6F86E1C52B91
2022-07-24 15:56:03,665 [s2@group-1D117010C276-LeaderStateImpl] INFO  segmented.SegmentedRaftLogWorker (SegmentedRaftLogWorker.java:rollLogSegment(430)) - s2@group-1D117010C276-SegmentedRaftLogWorker: Rolling segment log-135_161 to index:161
2022-07-24 15:56:03,665 [s2@group-1D117010C276-StateMachineUpdater] INFO  statemachine.SimpleStateMachine4Testing (SimpleStateMachine4Testing.java:put(204)) - s2: put 161, m80 -> (t:1, i:161), STATEMACHINELOGENTRY, 466@client-6F86E1C52B91
2022-07-24 15:56:03,666 [s2@group-1D117010C276-SegmentedRaftLogWorker] TRACE util.FileUtils (LogUtils.java:runAndLog(49)) - Successfully ran Files.move /home/runner/work/ratis/ratis/ratis-test/target/test/data/9df233b8/MiniRaftClusterWithGrpcfc29b47e/s2/6607989c-d6da-490c-8466-1d117010c276/current/log_inprogress_135 to /home/runner/work/ratis/ratis/ratis-test/target/test/data/9df233b8/MiniRaftClusterWithGrpcfc29b47e/s2/6607989c-d6da-490c-8466-1d117010c276/current/log_135-161
2022-07-24 15:56:03,666 [s2@group-1D117010C276-SegmentedRaftLogWorker] INFO  segmented.SegmentedRaftLogWorker (SegmentedRaftLogWorker.java:execute(586)) - s2@group-1D117010C276-SegmentedRaftLogWorker: Rolled log segment from /home/runner/work/ratis/ratis/ratis-test/target/test/data/9df233b8/MiniRaftClusterWithGrpcfc29b47e/s2/6607989c-d6da-490c-8466-1d117010c276/current/log_inprogress_135 to /home/runner/work/ratis/ratis/ratis-test/target/test/data/9df233b8/MiniRaftClusterWithGrpcfc29b47e/s2/6607989c-d6da-490c-8466-1d117010c276/current/log_135-161
2022-07-24 15:56:03,666 [s0-server-thread2] DEBUG raftlog.RaftLog (SegmentedRaftLog.java:appendImpl(447)) - truncateIndex=-1, arrayIndex=0
2022-07-24 15:56:03,666 [s0-server-thread2] INFO  segmented.SegmentedRaftLogWorker (SegmentedRaftLogWorker.java:rollLogSegment(430)) - s0@group-1D117010C276-SegmentedRaftLogWorker: Rolling segment log-135_161 to index:161
2022-07-24 15:56:03,666 [s1-server-thread1] DEBUG raftlog.RaftLog (SegmentedRaftLog.java:appendImpl(447)) - truncateIndex=-1, arrayIndex=0
2022-07-24 15:56:03,667 [s1-server-thread1] INFO  segmented.SegmentedRaftLogWorker (SegmentedRaftLogWorker.java:rollLogSegment(430)) - s1@group-1D117010C276-SegmentedRaftLogWorker: Rolling segment log-135_161 to index:161
2022-07-24 15:56:03,667 [s0@group-1D117010C276-SegmentedRaftLogWorker] TRACE util.FileUtils (LogUtils.java:runAndLog(49)) - Successfully ran Files.move /home/runner/work/ratis/ratis/ratis-test/target/test/data/9df233b8/MiniRaftClusterWithGrpcfc29b47e/s0/6607989c-d6da-490c-8466-1d117010c276/current/log_inprogress_135 to /home/runner/work/ratis/ratis/ratis-test/target/test/data/9df233b8/MiniRaftClusterWithGrpcfc29b47e/s0/6607989c-d6da-490c-8466-1d117010c276/current/log_135-161
2022-07-24 15:56:03,667 [s0@group-1D117010C276-SegmentedRaftLogWorker] INFO  segmented.SegmentedRaftLogWorker (SegmentedRaftLogWorker.java:execute(586)) - s0@group-1D117010C276-SegmentedRaftLogWorker: Rolled log segment from /home/runner/work/ratis/ratis/ratis-test/target/test/data/9df233b8/MiniRaftClusterWithGrpcfc29b47e/s0/6607989c-d6da-490c-8466-1d117010c276/current/log_inprogress_135 to /home/runner/work/ratis/ratis/ratis-test/target/test/data/9df233b8/MiniRaftClusterWithGrpcfc29b47e/s0/6607989c-d6da-490c-8466-1d117010c276/current/log_135-161
2022-07-24 15:56:03,668 [s1-server-thread1] DEBUG raftlog.RaftLog (SegmentedRaftLog.java:appendImpl(447)) - truncateIndex=-1, arrayIndex=0
2022-07-24 15:56:03,668 [s0-server-thread2] DEBUG raftlog.RaftLog (SegmentedRaftLog.java:appendImpl(447)) - truncateIndex=-1, arrayIndex=0
2022-07-24 15:56:03,668 [s1@group-1D117010C276-SegmentedRaftLogWorker] TRACE util.FileUtils (LogUtils.java:runAndLog(49)) - Successfully ran Files.move /home/runner/work/ratis/ratis/ratis-test/target/test/data/9df233b8/MiniRaftClusterWithGrpcfc29b47e/s1/6607989c-d6da-490c-8466-1d117010c276/current/log_inprogress_135 to /home/runner/work/ratis/ratis/ratis-test/target/test/data/9df233b8/MiniRaftClusterWithGrpcfc29b47e/s1/6607989c-d6da-490c-8466-1d117010c276/current/log_135-161
2022-07-24 15:56:03,668 [s1@group-1D117010C276-SegmentedRaftLogWorker] INFO  segmented.SegmentedRaftLogWorker (SegmentedRaftLogWorker.java:execute(586)) - s1@group-1D117010C276-SegmentedRaftLogWorker: Rolled log segment from /home/runner/work/ratis/ratis/ratis-test/target/test/data/9df233b8/MiniRaftClusterWithGrpcfc29b47e/s1/6607989c-d6da-490c-8466-1d117010c276/current/log_inprogress_135 to /home/runner/work/ratis/ratis/ratis-test/target/test/data/9df233b8/MiniRaftClusterWithGrpcfc29b47e/s1/6607989c-d6da-490c-8466-1d117010c276/current/log_135-161
2022-07-24 15:56:03,669 [s2@group-1D117010C276-SegmentedRaftLogWorker] INFO  segmented.SegmentedRaftLogWorker (SegmentedRaftLogWorker.java:execute(629)) - s2@group-1D117010C276-SegmentedRaftLogWorker: created new log segment /home/runner/work/ratis/ratis/ratis-test/target/test/data/9df233b8/MiniRaftClusterWithGrpcfc29b47e/s2/6607989c-d6da-490c-8466-1d117010c276/current/log_inprogress_162
2022-07-24 15:56:03,669 [s0@group-1D117010C276-SegmentedRaftLogWorker] INFO  segmented.SegmentedRaftLogWorker (SegmentedRaftLogWorker.java:execute(629)) - s0@group-1D117010C276-SegmentedRaftLogWorker: created new log segment /home/runner/work/ratis/ratis/ratis-test/target/test/data/9df233b8/MiniRaftClusterWithGrpcfc29b47e/s0/6607989c-d6da-490c-8466-1d117010c276/current/log_inprogress_162
2022-07-24 15:56:03,669 [s0@group-1D117010C276-StateMachineUpdater] INFO  statemachine.SimpleStateMachine4Testing (SimpleStateMachine4Testing.java:put(204)) - s0: put 161, m80 -> (t:1, i:161), STATEMACHINELOGENTRY, 466@client-6F86E1C52B91
2022-07-24 15:56:03,670 [s1@group-1D117010C276-SegmentedRaftLogWorker] INFO  segmented.SegmentedRaftLogWorker (SegmentedRaftLogWorker.java:execute(629)) - s1@group-1D117010C276-SegmentedRaftLogWorker: created new log segment /home/runner/work/ratis/ratis/ratis-test/target/test/data/9df233b8/MiniRaftClusterWithGrpcfc29b47e/s1/6607989c-d6da-490c-8466-1d117010c276/current/log_inprogress_162
2022-07-24 15:56:03,671 [s2@group-1D117010C276-StateMachineUpdater] INFO  statemachine.SimpleStateMachine4Testing (SimpleStateMachine4Testing.java:put(204)) - s2: put 163, m81 -> (t:1, i:163), STATEMACHINELOGENTRY, 467@client-6F86E1C52B91
2022-07-24 15:56:03,671 [s0-server-thread2] DEBUG raftlog.RaftLog (SegmentedRaftLog.java:appendImpl(447)) - truncateIndex=-1, arrayIndex=0
2022-07-24 15:56:03,671 [s1-server-thread1] DEBUG raftlog.RaftLog (SegmentedRaftLog.java:appendImpl(447)) - truncateIndex=-1, arrayIndex=0
2022-07-24 15:56:03,672 [s1-server-thread1] DEBUG raftlog.RaftLog (SegmentedRaftLog.java:appendImpl(447)) - truncateIndex=-1, arrayIndex=0
2022-07-24 15:56:03,672 [s0-server-thread2] DEBUG raftlog.RaftLog (SegmentedRaftLog.java:appendImpl(447)) - truncateIndex=-1, arrayIndex=0
2022-07-24 15:56:03,673 [s1@group-1D117010C276-StateMachineUpdater] INFO  statemachine.SimpleStateMachine4Testing (SimpleStateMachine4Testing.java:put(204)) - s1: put 161, m80 -> (t:1, i:161), STATEMACHINELOGENTRY, 466@client-6F86E1C52B91
2022-07-24 15:56:03,677 [s0@group-1D117010C276-StateMachineUpdater] INFO  statemachine.SimpleStateMachine4Testing (SimpleStateMachine4Testing.java:put(204)) - s0: put 163, m81 -> (t:1, i:163), STATEMACHINELOGENTRY, 467@client-6F86E1C52B91
2022-07-24 15:56:03,678 [s1@group-1D117010C276-StateMachineUpdater] INFO  statemachine.SimpleStateMachine4Testing (SimpleStateMachine4Testing.java:put(204)) - s1: put 163, m81 -> (t:1, i:163), STATEMACHINELOGENTRY, 467@client-6F86E1C52B91
2022-07-24 15:56:03,681 [s2@group-1D117010C276-StateMachineUpdater] INFO  statemachine.SimpleStateMachine4Testing (SimpleStateMachine4Testing.java:put(204)) - s2: put 165, m82 -> (t:1, i:165), STATEMACHINELOGENTRY, 468@client-6F86E1C52B91
2022-07-24 15:56:03,681 [s0-server-thread2] DEBUG raftlog.RaftLog (SegmentedRaftLog.java:appendImpl(447)) - truncateIndex=-1, arrayIndex=0
2022-07-24 15:56:03,681 [s1-server-thread1] DEBUG raftlog.RaftLog (SegmentedRaftLog.java:appendImpl(447)) - truncateIndex=-1, arrayIndex=0
2022-07-24 15:56:03,683 [s1-server-thread1] DEBUG raftlog.RaftLog (SegmentedRaftLog.java:appendImpl(447)) - truncateIndex=-1, arrayIndex=0
2022-07-24 15:56:03,683 [s0-server-thread2] DEBUG raftlog.RaftLog (SegmentedRaftLog.java:appendImpl(447)) - truncateIndex=-1, arrayIndex=0
2022-07-24 15:56:03,684 [s1@group-1D117010C276-StateMachineUpdater] INFO  statemachine.SimpleStateMachine4Testing (SimpleStateMachine4Testing.java:put(204)) - s1: put 165, m82 -> (t:1, i:165), STATEMACHINELOGENTRY, 468@client-6F86E1C52B91
2022-07-24 15:56:03,688 [s0@group-1D117010C276-StateMachineUpdater] INFO  statemachine.SimpleStateMachine4Testing (SimpleStateMachine4Testing.java:put(204)) - s0: put 165, m82 -> (t:1, i:165), STATEMACHINELOGENTRY, 468@client-6F86E1C52B91
2022-07-24 15:56:03,689 [s2@group-1D117010C276-StateMachineUpdater] INFO  statemachine.SimpleStateMachine4Testing (SimpleStateMachine4Testing.java:put(204)) - s2: put 167, m83 -> (t:1, i:167), STATEMACHINELOGENTRY, 469@client-6F86E1C52B91
2022-07-24 15:56:03,690 [s0-server-thread2] DEBUG raftlog.RaftLog (SegmentedRaftLog.java:appendImpl(447)) - truncateIndex=-1, arrayIndex=0
2022-07-24 15:56:03,690 [s1-server-thread1] DEBUG raftlog.RaftLog (SegmentedRaftLog.java:appendImpl(447)) - truncateIndex=-1, arrayIndex=0
2022-07-24 15:56:03,691 [s1-server-thread1] DEBUG raftlog.RaftLog (SegmentedRaftLog.java:appendImpl(447)) - truncateIndex=-1, arrayIndex=0
2022-07-24 15:56:03,691 [s0-server-thread2] DEBUG raftlog.RaftLog (SegmentedRaftLog.java:appendImpl(447)) - truncateIndex=-1, arrayIndex=0
2022-07-24 15:56:03,692 [s0@group-1D117010C276-StateMachineUpdater] INFO  statemachine.SimpleStateMachine4Testing (SimpleStateMachine4Testing.java:put(204)) - s0: put 167, m83 -> (t:1, i:167), STATEMACHINELOGENTRY, 469@client-6F86E1C52B91
2022-07-24 15:56:03,692 [s1@group-1D117010C276-StateMachineUpdater] INFO  statemachine.SimpleStateMachine4Testing (SimpleStateMachine4Testing.java:put(204)) - s1: put 167, m83 -> (t:1, i:167), STATEMACHINELOGENTRY, 469@client-6F86E1C52B91
2022-07-24 15:56:03,693 [s2@group-1D117010C276-StateMachineUpdater] INFO  statemachine.SimpleStateMachine4Testing (SimpleStateMachine4Testing.java:put(204)) - s2: put 169, m84 -> (t:1, i:169), STATEMACHINELOGENTRY, 470@client-6F86E1C52B91
2022-07-24 15:56:03,693 [s0-server-thread2] DEBUG raftlog.RaftLog (SegmentedRaftLog.java:appendImpl(447)) - truncateIndex=-1, arrayIndex=0
2022-07-24 15:56:03,693 [s1-server-thread1] DEBUG raftlog.RaftLog (SegmentedRaftLog.java:appendImpl(447)) - truncateIndex=-1, arrayIndex=0
2022-07-24 15:56:03,695 [s1-server-thread1] DEBUG raftlog.RaftLog (SegmentedRaftLog.java:appendImpl(447)) - truncateIndex=-1, arrayIndex=0
2022-07-24 15:56:03,695 [s0-server-thread2] DEBUG raftlog.RaftLog (SegmentedRaftLog.java:appendImpl(447)) - truncateIndex=-1, arrayIndex=0
2022-07-24 15:56:03,696 [s0@group-1D117010C276-StateMachineUpdater] INFO  statemachine.SimpleStateMachine4Testing (SimpleStateMachine4Testing.java:put(204)) - s0: put 169, m84 -> (t:1, i:169), STATEMACHINELOGENTRY, 470@client-6F86E1C52B91
2022-07-24 15:56:03,696 [s1@group-1D117010C276-StateMachineUpdater] INFO  statemachine.SimpleStateMachine4Testing (SimpleStateMachine4Testing.java:put(204)) - s1: put 169, m84 -> (t:1, i:169), STATEMACHINELOGENTRY, 470@client-6F86E1C52B91
2022-07-24 15:56:03,697 [s2@group-1D117010C276-StateMachineUpdater] INFO  statemachine.SimpleStateMachine4Testing (SimpleStateMachine4Testing.java:put(204)) - s2: put 171, m85 -> (t:1, i:171), STATEMACHINELOGENTRY, 471@client-6F86E1C52B91
2022-07-24 15:56:03,697 [s0-server-thread2] DEBUG raftlog.RaftLog (SegmentedRaftLog.java:appendImpl(447)) - truncateIndex=-1, arrayIndex=0
2022-07-24 15:56:03,697 [s1-server-thread1] DEBUG raftlog.RaftLog (SegmentedRaftLog.java:appendImpl(447)) - truncateIndex=-1, arrayIndex=0
2022-07-24 15:56:03,698 [s0-server-thread2] DEBUG raftlog.RaftLog (SegmentedRaftLog.java:appendImpl(447)) - truncateIndex=-1, arrayIndex=0
2022-07-24 15:56:03,698 [s1-server-thread1] DEBUG raftlog.RaftLog (SegmentedRaftLog.java:appendImpl(447)) - truncateIndex=-1, arrayIndex=0
2022-07-24 15:56:03,699 [s0@group-1D117010C276-StateMachineUpdater] INFO  statemachine.SimpleStateMachine4Testing (SimpleStateMachine4Testing.java:put(204)) - s0: put 171, m85 -> (t:1, i:171), STATEMACHINELOGENTRY, 471@client-6F86E1C52B91
2022-07-24 15:56:03,699 [s1@group-1D117010C276-StateMachineUpdater] INFO  statemachine.SimpleStateMachine4Testing (SimpleStateMachine4Testing.java:put(204)) - s1: put 171, m85 -> (t:1, i:171), STATEMACHINELOGENTRY, 471@client-6F86E1C52B91
2022-07-24 15:56:03,701 [s2@group-1D117010C276-StateMachineUpdater] INFO  statemachine.SimpleStateMachine4Testing (SimpleStateMachine4Testing.java:put(204)) - s2: put 173, m86 -> (t:1, i:173), STATEMACHINELOGENTRY, 472@client-6F86E1C52B91
2022-07-24 15:56:03,702 [s1-server-thread1] DEBUG raftlog.RaftLog (SegmentedRaftLog.java:appendImpl(447)) - truncateIndex=-1, arrayIndex=0
2022-07-24 15:56:03,702 [s0-server-thread2] DEBUG raftlog.RaftLog (SegmentedRaftLog.java:appendImpl(447)) - truncateIndex=-1, arrayIndex=0
2022-07-24 15:56:03,703 [s1-server-thread1] DEBUG raftlog.RaftLog (SegmentedRaftLog.java:appendImpl(447)) - truncateIndex=-1, arrayIndex=0
2022-07-24 15:56:03,705 [s0-server-thread2] DEBUG raftlog.RaftLog (SegmentedRaftLog.java:appendImpl(447)) - truncateIndex=-1, arrayIndex=0
2022-07-24 15:56:03,706 [s1@group-1D117010C276-StateMachineUpdater] INFO  statemachine.SimpleStateMachine4Testing (SimpleStateMachine4Testing.java:put(204)) - s1: put 173, m86 -> (t:1, i:173), STATEMACHINELOGENTRY, 472@client-6F86E1C52B91
2022-07-24 15:56:03,722 [s0@group-1D117010C276-StateMachineUpdater] INFO  statemachine.SimpleStateMachine4Testing (SimpleStateMachine4Testing.java:put(204)) - s0: put 173, m86 -> (t:1, i:173), STATEMACHINELOGENTRY, 472@client-6F86E1C52B91
2022-07-24 15:56:03,723 [s2@group-1D117010C276-StateMachineUpdater] INFO  statemachine.SimpleStateMachine4Testing (SimpleStateMachine4Testing.java:put(204)) - s2: put 175, m87 -> (t:1, i:175), STATEMACHINELOGENTRY, 473@client-6F86E1C52B91
2022-07-24 15:56:03,724 [s1-server-thread1] DEBUG raftlog.RaftLog (SegmentedRaftLog.java:appendImpl(447)) - truncateIndex=-1, arrayIndex=0
2022-07-24 15:56:03,724 [s0-server-thread2] DEBUG raftlog.RaftLog (SegmentedRaftLog.java:appendImpl(447)) - truncateIndex=-1, arrayIndex=0
2022-07-24 15:56:03,725 [s1-server-thread1] DEBUG raftlog.RaftLog (SegmentedRaftLog.java:appendImpl(447)) - truncateIndex=-1, arrayIndex=0
2022-07-24 15:56:03,725 [s0-server-thread2] DEBUG raftlog.RaftLog (SegmentedRaftLog.java:appendImpl(447)) - truncateIndex=-1, arrayIndex=0
2022-07-24 15:56:03,727 [s1@group-1D117010C276-StateMachineUpdater] INFO  statemachine.SimpleStateMachine4Testing (SimpleStateMachine4Testing.java:put(204)) - s1: put 175, m87 -> (t:1, i:175), STATEMACHINELOGENTRY, 473@client-6F86E1C52B91
2022-07-24 15:56:03,728 [s0@group-1D117010C276-StateMachineUpdater] INFO  statemachine.SimpleStateMachine4Testing (SimpleStateMachine4Testing.java:put(204)) - s0: put 175, m87 -> (t:1, i:175), STATEMACHINELOGENTRY, 473@client-6F86E1C52B91
2022-07-24 15:56:03,733 [s2@group-1D117010C276-StateMachineUpdater] INFO  statemachine.SimpleStateMachine4Testing (SimpleStateMachine4Testing.java:put(204)) - s2: put 177, m88 -> (t:1, i:177), STATEMACHINELOGENTRY, 474@client-6F86E1C52B91
2022-07-24 15:56:03,733 [s0-server-thread2] DEBUG raftlog.RaftLog (SegmentedRaftLog.java:appendImpl(447)) - truncateIndex=-1, arrayIndex=0
2022-07-24 15:56:03,733 [s1-server-thread1] DEBUG raftlog.RaftLog (SegmentedRaftLog.java:appendImpl(447)) - truncateIndex=-1, arrayIndex=0
2022-07-24 15:56:03,735 [s0-server-thread2] DEBUG raftlog.RaftLog (SegmentedRaftLog.java:appendImpl(447)) - truncateIndex=-1, arrayIndex=0
2022-07-24 15:56:03,735 [s1-server-thread1] DEBUG raftlog.RaftLog (SegmentedRaftLog.java:appendImpl(447)) - truncateIndex=-1, arrayIndex=0
2022-07-24 15:56:03,735 [s1@group-1D117010C276-StateMachineUpdater] INFO  statemachine.SimpleStateMachine4Testing (SimpleStateMachine4Testing.java:put(204)) - s1: put 177, m88 -> (t:1, i:177), STATEMACHINELOGENTRY, 474@client-6F86E1C52B91
2022-07-24 15:56:03,736 [s0@group-1D117010C276-StateMachineUpdater] INFO  statemachine.SimpleStateMachine4Testing (SimpleStateMachine4Testing.java:put(204)) - s0: put 177, m88 -> (t:1, i:177), STATEMACHINELOGENTRY, 474@client-6F86E1C52B91
2022-07-24 15:56:03,736 [s2@group-1D117010C276-StateMachineUpdater] INFO  statemachine.SimpleStateMachine4Testing (SimpleStateMachine4Testing.java:put(204)) - s2: put 179, m89 -> (t:1, i:179), STATEMACHINELOGENTRY, 475@client-6F86E1C52B91
2022-07-24 15:56:03,737 [s0-server-thread2] DEBUG raftlog.RaftLog (SegmentedRaftLog.java:appendImpl(447)) - truncateIndex=-1, arrayIndex=0
2022-07-24 15:56:03,737 [s1-server-thread1] DEBUG raftlog.RaftLog (SegmentedRaftLog.java:appendImpl(447)) - truncateIndex=-1, arrayIndex=0
2022-07-24 15:56:03,738 [s1-server-thread1] DEBUG raftlog.RaftLog (SegmentedRaftLog.java:appendImpl(447)) - truncateIndex=-1, arrayIndex=0
2022-07-24 15:56:03,738 [s0-server-thread2] DEBUG raftlog.RaftLog (SegmentedRaftLog.java:appendImpl(447)) - truncateIndex=-1, arrayIndex=0
2022-07-24 15:56:03,739 [s0@group-1D117010C276-StateMachineUpdater] INFO  statemachine.SimpleStateMachine4Testing (SimpleStateMachine4Testing.java:put(204)) - s0: put 179, m89 -> (t:1, i:179), STATEMACHINELOGENTRY, 475@client-6F86E1C52B91
2022-07-24 15:56:03,739 [s1@group-1D117010C276-StateMachineUpdater] INFO  statemachine.SimpleStateMachine4Testing (SimpleStateMachine4Testing.java:put(204)) - s1: put 179, m89 -> (t:1, i:179), STATEMACHINELOGENTRY, 475@client-6F86E1C52B91
2022-07-24 15:56:03,740 [s2@group-1D117010C276-StateMachineUpdater] INFO  statemachine.SimpleStateMachine4Testing (SimpleStateMachine4Testing.java:put(204)) - s2: put 181, m90 -> (t:1, i:181), STATEMACHINELOGENTRY, 476@client-6F86E1C52B91
2022-07-24 15:56:03,740 [s0-server-thread2] DEBUG raftlog.RaftLog (SegmentedRaftLog.java:appendImpl(447)) - truncateIndex=-1, arrayIndex=0
2022-07-24 15:56:03,740 [s1-server-thread1] DEBUG raftlog.RaftLog (SegmentedRaftLog.java:appendImpl(447)) - truncateIndex=-1, arrayIndex=0
2022-07-24 15:56:03,741 [s1@group-1D117010C276-StateMachineUpdater] INFO  statemachine.SimpleStateMachine4Testing (SimpleStateMachine4Testing.java:put(204)) - s1: put 181, m90 -> (t:1, i:181), STATEMACHINELOGENTRY, 476@client-6F86E1C52B91
2022-07-24 15:56:03,742 [s1-server-thread1] DEBUG raftlog.RaftLog (SegmentedRaftLog.java:appendImpl(447)) - truncateIndex=-1, arrayIndex=0
2022-07-24 15:56:03,742 [s0-server-thread2] DEBUG raftlog.RaftLog (SegmentedRaftLog.java:appendImpl(447)) - truncateIndex=-1, arrayIndex=0
2022-07-24 15:56:03,742 [s0@group-1D117010C276-StateMachineUpdater] INFO  statemachine.SimpleStateMachine4Testing (SimpleStateMachine4Testing.java:put(204)) - s0: put 181, m90 -> (t:1, i:181), STATEMACHINELOGENTRY, 476@client-6F86E1C52B91
2022-07-24 15:56:03,743 [s2@group-1D117010C276-StateMachineUpdater] INFO  statemachine.SimpleStateMachine4Testing (SimpleStateMachine4Testing.java:put(204)) - s2: put 183, m91 -> (t:1, i:183), STATEMACHINELOGENTRY, 477@client-6F86E1C52B91
2022-07-24 15:56:03,744 [s1-server-thread1] DEBUG raftlog.RaftLog (SegmentedRaftLog.java:appendImpl(447)) - truncateIndex=-1, arrayIndex=0
2022-07-24 15:56:03,744 [s0-server-thread2] DEBUG raftlog.RaftLog (SegmentedRaftLog.java:appendImpl(447)) - truncateIndex=-1, arrayIndex=0
2022-07-24 15:56:03,746 [s1-server-thread1] DEBUG raftlog.RaftLog (SegmentedRaftLog.java:appendImpl(447)) - truncateIndex=-1, arrayIndex=0
2022-07-24 15:56:03,746 [s0-server-thread2] DEBUG raftlog.RaftLog (SegmentedRaftLog.java:appendImpl(447)) - truncateIndex=-1, arrayIndex=0
2022-07-24 15:56:03,746 [s1@group-1D117010C276-StateMachineUpdater] INFO  statemachine.SimpleStateMachine4Testing (SimpleStateMachine4Testing.java:put(204)) - s1: put 183, m91 -> (t:1, i:183), STATEMACHINELOGENTRY, 477@client-6F86E1C52B91
2022-07-24 15:56:03,748 [s0@group-1D117010C276-StateMachineUpdater] INFO  statemachine.SimpleStateMachine4Testing (SimpleStateMachine4Testing.java:put(204)) - s0: put 183, m91 -> (t:1, i:183), STATEMACHINELOGENTRY, 477@client-6F86E1C52B91
2022-07-24 15:56:03,749 [s2@group-1D117010C276-StateMachineUpdater] INFO  statemachine.SimpleStateMachine4Testing (SimpleStateMachine4Testing.java:put(204)) - s2: put 185, m92 -> (t:1, i:185), STATEMACHINELOGENTRY, 478@client-6F86E1C52B91
2022-07-24 15:56:03,751 [s0-server-thread2] DEBUG raftlog.RaftLog (SegmentedRaftLog.java:appendImpl(447)) - truncateIndex=-1, arrayIndex=0
2022-07-24 15:56:03,751 [s1-server-thread1] DEBUG raftlog.RaftLog (SegmentedRaftLog.java:appendImpl(447)) - truncateIndex=-1, arrayIndex=0
2022-07-24 15:56:03,752 [s0-server-thread2] DEBUG raftlog.RaftLog (SegmentedRaftLog.java:appendImpl(447)) - truncateIndex=-1, arrayIndex=0
2022-07-24 15:56:03,752 [s1-server-thread1] DEBUG raftlog.RaftLog (SegmentedRaftLog.java:appendImpl(447)) - truncateIndex=-1, arrayIndex=0
2022-07-24 15:56:03,752 [s0@group-1D117010C276-StateMachineUpdater] INFO  statemachine.SimpleStateMachine4Testing (SimpleStateMachine4Testing.java:put(204)) - s0: put 185, m92 -> (t:1, i:185), STATEMACHINELOGENTRY, 478@client-6F86E1C52B91
2022-07-24 15:56:03,753 [s1@group-1D117010C276-StateMachineUpdater] INFO  statemachine.SimpleStateMachine4Testing (SimpleStateMachine4Testing.java:put(204)) - s1: put 185, m92 -> (t:1, i:185), STATEMACHINELOGENTRY, 478@client-6F86E1C52B91
2022-07-24 15:56:03,753 [s2@group-1D117010C276-StateMachineUpdater] INFO  statemachine.SimpleStateMachine4Testing (SimpleStateMachine4Testing.java:put(204)) - s2: put 187, m93 -> (t:1, i:187), STATEMACHINELOGENTRY, 479@client-6F86E1C52B91
2022-07-24 15:56:03,754 [s0-server-thread2] DEBUG raftlog.RaftLog (SegmentedRaftLog.java:appendImpl(447)) - truncateIndex=-1, arrayIndex=0
2022-07-24 15:56:03,754 [s1-server-thread1] DEBUG raftlog.RaftLog (SegmentedRaftLog.java:appendImpl(447)) - truncateIndex=-1, arrayIndex=0
2022-07-24 15:56:03,755 [s2-client-thread1] INFO  segmented.SegmentedRaftLogWorker (SegmentedRaftLogWorker.java:rollLogSegment(430)) - s2@group-1D117010C276-SegmentedRaftLogWorker: Rolling segment log-162_188 to index:188
2022-07-24 15:56:03,756 [s0-server-thread2] DEBUG raftlog.RaftLog (SegmentedRaftLog.java:appendImpl(447)) - truncateIndex=-1, arrayIndex=0
2022-07-24 15:56:03,756 [s0-server-thread2] INFO  segmented.SegmentedRaftLogWorker (SegmentedRaftLogWorker.java:rollLogSegment(430)) - s0@group-1D117010C276-SegmentedRaftLogWorker: Rolling segment log-162_188 to index:188
2022-07-24 15:56:03,756 [s2@group-1D117010C276-SegmentedRaftLogWorker] TRACE util.FileUtils (LogUtils.java:runAndLog(49)) - Successfully ran Files.move /home/runner/work/ratis/ratis/ratis-test/target/test/data/9df233b8/MiniRaftClusterWithGrpcfc29b47e/s2/6607989c-d6da-490c-8466-1d117010c276/current/log_inprogress_162 to /home/runner/work/ratis/ratis/ratis-test/target/test/data/9df233b8/MiniRaftClusterWithGrpcfc29b47e/s2/6607989c-d6da-490c-8466-1d117010c276/current/log_162-188
2022-07-24 15:56:03,756 [s2@group-1D117010C276-SegmentedRaftLogWorker] INFO  segmented.SegmentedRaftLogWorker (SegmentedRaftLogWorker.java:execute(586)) - s2@group-1D117010C276-SegmentedRaftLogWorker: Rolled log segment from /home/runner/work/ratis/ratis/ratis-test/target/test/data/9df233b8/MiniRaftClusterWithGrpcfc29b47e/s2/6607989c-d6da-490c-8466-1d117010c276/current/log_inprogress_162 to /home/runner/work/ratis/ratis/ratis-test/target/test/data/9df233b8/MiniRaftClusterWithGrpcfc29b47e/s2/6607989c-d6da-490c-8466-1d117010c276/current/log_162-188
2022-07-24 15:56:03,757 [s1-server-thread1] DEBUG raftlog.RaftLog (SegmentedRaftLog.java:appendImpl(447)) - truncateIndex=-1, arrayIndex=0
2022-07-24 15:56:03,757 [s1-server-thread1] INFO  segmented.SegmentedRaftLogWorker (SegmentedRaftLogWorker.java:rollLogSegment(430)) - s1@group-1D117010C276-SegmentedRaftLogWorker: Rolling segment log-162_188 to index:188
2022-07-24 15:56:03,760 [s1@group-1D117010C276-StateMachineUpdater] INFO  statemachine.SimpleStateMachine4Testing (SimpleStateMachine4Testing.java:put(204)) - s1: put 187, m93 -> (t:1, i:187), STATEMACHINELOGENTRY, 479@client-6F86E1C52B91
2022-07-24 15:56:03,761 [s0@group-1D117010C276-SegmentedRaftLogWorker] TRACE util.FileUtils (LogUtils.java:runAndLog(49)) - Successfully ran Files.move /home/runner/work/ratis/ratis/ratis-test/target/test/data/9df233b8/MiniRaftClusterWithGrpcfc29b47e/s0/6607989c-d6da-490c-8466-1d117010c276/current/log_inprogress_162 to /home/runner/work/ratis/ratis/ratis-test/target/test/data/9df233b8/MiniRaftClusterWithGrpcfc29b47e/s0/6607989c-d6da-490c-8466-1d117010c276/current/log_162-188
2022-07-24 15:56:03,761 [s0@group-1D117010C276-SegmentedRaftLogWorker] INFO  segmented.SegmentedRaftLogWorker (SegmentedRaftLogWorker.java:execute(586)) - s0@group-1D117010C276-SegmentedRaftLogWorker: Rolled log segment from /home/runner/work/ratis/ratis/ratis-test/target/test/data/9df233b8/MiniRaftClusterWithGrpcfc29b47e/s0/6607989c-d6da-490c-8466-1d117010c276/current/log_inprogress_162 to /home/runner/work/ratis/ratis/ratis-test/target/test/data/9df233b8/MiniRaftClusterWithGrpcfc29b47e/s0/6607989c-d6da-490c-8466-1d117010c276/current/log_162-188
2022-07-24 15:56:03,761 [s1@group-1D117010C276-SegmentedRaftLogWorker] TRACE util.FileUtils (LogUtils.java:runAndLog(49)) - Successfully ran Files.move /home/runner/work/ratis/ratis/ratis-test/target/test/data/9df233b8/MiniRaftClusterWithGrpcfc29b47e/s1/6607989c-d6da-490c-8466-1d117010c276/current/log_inprogress_162 to /home/runner/work/ratis/ratis/ratis-test/target/test/data/9df233b8/MiniRaftClusterWithGrpcfc29b47e/s1/6607989c-d6da-490c-8466-1d117010c276/current/log_162-188
2022-07-24 15:56:03,761 [s1@group-1D117010C276-SegmentedRaftLogWorker] INFO  segmented.SegmentedRaftLogWorker (SegmentedRaftLogWorker.java:execute(586)) - s1@group-1D117010C276-SegmentedRaftLogWorker: Rolled log segment from /home/runner/work/ratis/ratis/ratis-test/target/test/data/9df233b8/MiniRaftClusterWithGrpcfc29b47e/s1/6607989c-d6da-490c-8466-1d117010c276/current/log_inprogress_162 to /home/runner/work/ratis/ratis/ratis-test/target/test/data/9df233b8/MiniRaftClusterWithGrpcfc29b47e/s1/6607989c-d6da-490c-8466-1d117010c276/current/log_162-188
2022-07-24 15:56:03,761 [s0@group-1D117010C276-StateMachineUpdater] INFO  statemachine.SimpleStateMachine4Testing (SimpleStateMachine4Testing.java:put(204)) - s0: put 187, m93 -> (t:1, i:187), STATEMACHINELOGENTRY, 479@client-6F86E1C52B91
2022-07-24 15:56:03,762 [s2@group-1D117010C276-SegmentedRaftLogWorker] INFO  segmented.SegmentedRaftLogWorker (SegmentedRaftLogWorker.java:execute(629)) - s2@group-1D117010C276-SegmentedRaftLogWorker: created new log segment /home/runner/work/ratis/ratis/ratis-test/target/test/data/9df233b8/MiniRaftClusterWithGrpcfc29b47e/s2/6607989c-d6da-490c-8466-1d117010c276/current/log_inprogress_189
2022-07-24 15:56:03,763 [s1@group-1D117010C276-SegmentedRaftLogWorker] INFO  segmented.SegmentedRaftLogWorker (SegmentedRaftLogWorker.java:execute(629)) - s1@group-1D117010C276-SegmentedRaftLogWorker: created new log segment /home/runner/work/ratis/ratis/ratis-test/target/test/data/9df233b8/MiniRaftClusterWithGrpcfc29b47e/s1/6607989c-d6da-490c-8466-1d117010c276/current/log_inprogress_189
2022-07-24 15:56:03,763 [s0@group-1D117010C276-SegmentedRaftLogWorker] INFO  segmented.SegmentedRaftLogWorker (SegmentedRaftLogWorker.java:execute(629)) - s0@group-1D117010C276-SegmentedRaftLogWorker: created new log segment /home/runner/work/ratis/ratis/ratis-test/target/test/data/9df233b8/MiniRaftClusterWithGrpcfc29b47e/s0/6607989c-d6da-490c-8466-1d117010c276/current/log_inprogress_189
2022-07-24 15:56:03,764 [s2@group-1D117010C276-StateMachineUpdater] INFO  statemachine.SimpleStateMachine4Testing (SimpleStateMachine4Testing.java:put(204)) - s2: put 189, m94 -> (t:1, i:189), STATEMACHINELOGENTRY, 480@client-6F86E1C52B91
2022-07-24 15:56:03,764 [s0-server-thread2] DEBUG raftlog.RaftLog (SegmentedRaftLog.java:appendImpl(447)) - truncateIndex=-1, arrayIndex=0
2022-07-24 15:56:03,764 [s1-server-thread1] DEBUG raftlog.RaftLog (SegmentedRaftLog.java:appendImpl(447)) - truncateIndex=-1, arrayIndex=0
2022-07-24 15:56:03,765 [s0@group-1D117010C276-StateMachineUpdater] INFO  statemachine.SimpleStateMachine4Testing (SimpleStateMachine4Testing.java:put(204)) - s0: put 189, m94 -> (t:1, i:189), STATEMACHINELOGENTRY, 480@client-6F86E1C52B91
2022-07-24 15:56:03,765 [s1-server-thread1] DEBUG raftlog.RaftLog (SegmentedRaftLog.java:appendImpl(447)) - truncateIndex=-1, arrayIndex=0
2022-07-24 15:56:03,765 [s0-server-thread2] DEBUG raftlog.RaftLog (SegmentedRaftLog.java:appendImpl(447)) - truncateIndex=-1, arrayIndex=0
2022-07-24 15:56:03,768 [s1@group-1D117010C276-StateMachineUpdater] INFO  statemachine.SimpleStateMachine4Testing (SimpleStateMachine4Testing.java:put(204)) - s1: put 189, m94 -> (t:1, i:189), STATEMACHINELOGENTRY, 480@client-6F86E1C52B91
2022-07-24 15:56:03,773 [s2@group-1D117010C276-StateMachineUpdater] INFO  statemachine.SimpleStateMachine4Testing (SimpleStateMachine4Testing.java:put(204)) - s2: put 191, m95 -> (t:1, i:191), STATEMACHINELOGENTRY, 481@client-6F86E1C52B91
2022-07-24 15:56:03,773 [s1-server-thread1] DEBUG raftlog.RaftLog (SegmentedRaftLog.java:appendImpl(447)) - truncateIndex=-1, arrayIndex=0
2022-07-24 15:56:03,776 [s0-server-thread2] DEBUG raftlog.RaftLog (SegmentedRaftLog.java:appendImpl(447)) - truncateIndex=-1, arrayIndex=0
2022-07-24 15:56:03,776 [s1@group-1D117010C276-StateMachineUpdater] INFO  statemachine.SimpleStateMachine4Testing (SimpleStateMachine4Testing.java:put(204)) - s1: put 191, m95 -> (t:1, i:191), STATEMACHINELOGENTRY, 481@client-6F86E1C52B91
2022-07-24 15:56:03,782 [s1-server-thread1] DEBUG raftlog.RaftLog (SegmentedRaftLog.java:appendImpl(447)) - truncateIndex=-1, arrayIndex=0
2022-07-24 15:56:03,782 [s0-server-thread2] DEBUG raftlog.RaftLog (SegmentedRaftLog.java:appendImpl(447)) - truncateIndex=-1, arrayIndex=0
2022-07-24 15:56:03,782 [s0@group-1D117010C276-StateMachineUpdater] INFO  statemachine.SimpleStateMachine4Testing (SimpleStateMachine4Testing.java:put(204)) - s0: put 191, m95 -> (t:1, i:191), STATEMACHINELOGENTRY, 481@client-6F86E1C52B91
2022-07-24 15:56:03,789 [s2@group-1D117010C276-StateMachineUpdater] INFO  impl.StateMachineUpdater (StateMachineUpdater.java:takeSnapshot(287)) - s2@group-1D117010C276-StateMachineUpdater: Took a snapshot at index 191
2022-07-24 15:56:03,789 [s2@group-1D117010C276-StateMachineUpdater] INFO  impl.StateMachineUpdater (StateMachineUpdater.java:lambda$new$0(92)) - s2@group-1D117010C276-StateMachineUpdater: snapshotIndex: updateIncreasingly 127 -> 191
2022-07-24 15:56:03,789 [s2@group-1D117010C276-StateMachineUpdater] INFO  raftlog.RaftLog (RaftLogBase.java:purge(314)) - s2@group-1D117010C276-SegmentedRaftLog: purge 191
2022-07-24 15:56:03,789 [s2@group-1D117010C276-StateMachineUpdater] INFO  raftlog.RaftLog (RaftLogBase.java:lambda$new$0(53)) - s2@group-1D117010C276-SegmentedRaftLog: snapshotIndex: updateIncreasingly 127 -> 191
2022-07-24 15:56:03,789 [s2@group-1D117010C276-StateMachineUpdater] DEBUG raftlog.RaftLog (SegmentedRaftLog.java:purgeImpl(365)) - purging segments:toTruncate: null
  toDelete: [(107, 134) isOpen? false, length=0, newEndIndex=0, (135, 161) isOpen? false, length=0, newEndIndex=0, (162, 188) isOpen? false, length=0, newEndIndex=0]
2022-07-24 15:56:03,789 [s2@group-1D117010C276-SegmentedRaftLogWorker] TRACE util.FileUtils (LogUtils.java:runAndLog(49)) - Successfully ran Files.delete /home/runner/work/ratis/ratis/ratis-test/target/test/data/9df233b8/MiniRaftClusterWithGrpcfc29b47e/s2/6607989c-d6da-490c-8466-1d117010c276/current/log_107-134
2022-07-24 15:56:03,790 [s2@group-1D117010C276-SegmentedRaftLogWorker] TRACE util.FileUtils (LogUtils.java:runAndLog(49)) - Successfully ran Files.delete /home/runner/work/ratis/ratis/ratis-test/target/test/data/9df233b8/MiniRaftClusterWithGrpcfc29b47e/s2/6607989c-d6da-490c-8466-1d117010c276/current/log_135-161
2022-07-24 15:56:03,790 [s2@group-1D117010C276-SegmentedRaftLogWorker] TRACE util.FileUtils (LogUtils.java:runAndLog(49)) - Successfully ran Files.delete /home/runner/work/ratis/ratis/ratis-test/target/test/data/9df233b8/MiniRaftClusterWithGrpcfc29b47e/s2/6607989c-d6da-490c-8466-1d117010c276/current/log_162-188
2022-07-24 15:56:03,790 [s2@group-1D117010C276-SegmentedRaftLogWorker] INFO  raftlog.RaftLog (RaftLogBase.java:lambda$new$0(53)) - s2@group-1D117010C276-SegmentedRaftLog: purgeIndex: updateToMax old=106, new=188, updated? true
2022-07-24 15:56:03,793 [s2@group-1D117010C276-StateMachineUpdater] INFO  statemachine.SimpleStateMachine4Testing (SimpleStateMachine4Testing.java:put(204)) - s2: put 193, m96 -> (t:1, i:193), STATEMACHINELOGENTRY, 482@client-6F86E1C52B91
2022-07-24 15:56:03,793 [s1-server-thread1] DEBUG raftlog.RaftLog (SegmentedRaftLog.java:appendImpl(447)) - truncateIndex=-1, arrayIndex=0
2022-07-24 15:56:03,793 [s0-server-thread2] DEBUG raftlog.RaftLog (SegmentedRaftLog.java:appendImpl(447)) - truncateIndex=-1, arrayIndex=0
2022-07-24 15:56:03,795 [s1-server-thread1] DEBUG raftlog.RaftLog (SegmentedRaftLog.java:appendImpl(447)) - truncateIndex=-1, arrayIndex=0
2022-07-24 15:56:03,795 [s0-server-thread2] DEBUG raftlog.RaftLog (SegmentedRaftLog.java:appendImpl(447)) - truncateIndex=-1, arrayIndex=0
2022-07-24 15:56:03,796 [s1@group-1D117010C276-StateMachineUpdater] INFO  impl.StateMachineUpdater (StateMachineUpdater.java:takeSnapshot(287)) - s1@group-1D117010C276-StateMachineUpdater: Took a snapshot at index 191
2022-07-24 15:56:03,796 [s1@group-1D117010C276-StateMachineUpdater] INFO  impl.StateMachineUpdater (StateMachineUpdater.java:lambda$new$0(92)) - s1@group-1D117010C276-StateMachineUpdater: snapshotIndex: updateIncreasingly 127 -> 191
2022-07-24 15:56:03,796 [s1@group-1D117010C276-StateMachineUpdater] INFO  raftlog.RaftLog (RaftLogBase.java:purge(314)) - s1@group-1D117010C276-SegmentedRaftLog: purge 191
2022-07-24 15:56:03,796 [s1@group-1D117010C276-StateMachineUpdater] INFO  raftlog.RaftLog (RaftLogBase.java:lambda$new$0(53)) - s1@group-1D117010C276-SegmentedRaftLog: snapshotIndex: updateIncreasingly 127 -> 191
2022-07-24 15:56:03,796 [s1@group-1D117010C276-StateMachineUpdater] DEBUG raftlog.RaftLog (SegmentedRaftLog.java:purgeImpl(365)) - purging segments:toTruncate: null
  toDelete: [(107, 134) isOpen? false, length=0, newEndIndex=0, (135, 161) isOpen? false, length=0, newEndIndex=0, (162, 188) isOpen? false, length=0, newEndIndex=0]
2022-07-24 15:56:03,800 [s0@group-1D117010C276-StateMachineUpdater] INFO  impl.StateMachineUpdater (StateMachineUpdater.java:takeSnapshot(287)) - s0@group-1D117010C276-StateMachineUpdater: Took a snapshot at index 191
2022-07-24 15:56:03,800 [s1@group-1D117010C276-SegmentedRaftLogWorker] TRACE util.FileUtils (LogUtils.java:runAndLog(49)) - Successfully ran Files.delete /home/runner/work/ratis/ratis/ratis-test/target/test/data/9df233b8/MiniRaftClusterWithGrpcfc29b47e/s1/6607989c-d6da-490c-8466-1d117010c276/current/log_107-134
2022-07-24 15:56:03,800 [s0@group-1D117010C276-StateMachineUpdater] INFO  impl.StateMachineUpdater (StateMachineUpdater.java:lambda$new$0(92)) - s0@group-1D117010C276-StateMachineUpdater: snapshotIndex: updateIncreasingly 127 -> 191
2022-07-24 15:56:03,800 [s1@group-1D117010C276-SegmentedRaftLogWorker] TRACE util.FileUtils (LogUtils.java:runAndLog(49)) - Successfully ran Files.delete /home/runner/work/ratis/ratis/ratis-test/target/test/data/9df233b8/MiniRaftClusterWithGrpcfc29b47e/s1/6607989c-d6da-490c-8466-1d117010c276/current/log_135-161
2022-07-24 15:56:03,800 [s0@group-1D117010C276-StateMachineUpdater] INFO  raftlog.RaftLog (RaftLogBase.java:purge(314)) - s0@group-1D117010C276-SegmentedRaftLog: purge 191
2022-07-24 15:56:03,800 [s0@group-1D117010C276-StateMachineUpdater] INFO  raftlog.RaftLog (RaftLogBase.java:lambda$new$0(53)) - s0@group-1D117010C276-SegmentedRaftLog: snapshotIndex: updateIncreasingly 127 -> 191
2022-07-24 15:56:03,800 [s0@group-1D117010C276-StateMachineUpdater] DEBUG raftlog.RaftLog (SegmentedRaftLog.java:purgeImpl(365)) - purging segments:toTruncate: null
  toDelete: [(107, 134) isOpen? false, length=0, newEndIndex=0, (135, 161) isOpen? false, length=0, newEndIndex=0, (162, 188) isOpen? false, length=0, newEndIndex=0]
2022-07-24 15:56:03,800 [s1@group-1D117010C276-SegmentedRaftLogWorker] TRACE util.FileUtils (LogUtils.java:runAndLog(49)) - Successfully ran Files.delete /home/runner/work/ratis/ratis/ratis-test/target/test/data/9df233b8/MiniRaftClusterWithGrpcfc29b47e/s1/6607989c-d6da-490c-8466-1d117010c276/current/log_162-188
2022-07-24 15:56:03,800 [s1@group-1D117010C276-SegmentedRaftLogWorker] INFO  raftlog.RaftLog (RaftLogBase.java:lambda$new$0(53)) - s1@group-1D117010C276-SegmentedRaftLog: purgeIndex: updateToMax old=106, new=188, updated? true
2022-07-24 15:56:03,800 [s0@group-1D117010C276-SegmentedRaftLogWorker] TRACE util.FileUtils (LogUtils.java:runAndLog(49)) - Successfully ran Files.delete /home/runner/work/ratis/ratis/ratis-test/target/test/data/9df233b8/MiniRaftClusterWithGrpcfc29b47e/s0/6607989c-d6da-490c-8466-1d117010c276/current/log_107-134
2022-07-24 15:56:03,800 [s0@group-1D117010C276-SegmentedRaftLogWorker] TRACE util.FileUtils (LogUtils.java:runAndLog(49)) - Successfully ran Files.delete /home/runner/work/ratis/ratis/ratis-test/target/test/data/9df233b8/MiniRaftClusterWithGrpcfc29b47e/s0/6607989c-d6da-490c-8466-1d117010c276/current/log_135-161
2022-07-24 15:56:03,800 [s0@group-1D117010C276-SegmentedRaftLogWorker] TRACE util.FileUtils (LogUtils.java:runAndLog(49)) - Successfully ran Files.delete /home/runner/work/ratis/ratis/ratis-test/target/test/data/9df233b8/MiniRaftClusterWithGrpcfc29b47e/s0/6607989c-d6da-490c-8466-1d117010c276/current/log_162-188
2022-07-24 15:56:03,800 [s0@group-1D117010C276-SegmentedRaftLogWorker] INFO  raftlog.RaftLog (RaftLogBase.java:lambda$new$0(53)) - s0@group-1D117010C276-SegmentedRaftLog: purgeIndex: updateToMax old=106, new=188, updated? true
2022-07-24 15:56:03,800 [s1@group-1D117010C276-StateMachineUpdater] INFO  statemachine.SimpleStateMachine4Testing (SimpleStateMachine4Testing.java:put(204)) - s1: put 193, m96 -> (t:1, i:193), STATEMACHINELOGENTRY, 482@client-6F86E1C52B91
2022-07-24 15:56:03,801 [s0@group-1D117010C276-StateMachineUpdater] INFO  statemachine.SimpleStateMachine4Testing (SimpleStateMachine4Testing.java:put(204)) - s0: put 193, m96 -> (t:1, i:193), STATEMACHINELOGENTRY, 482@client-6F86E1C52B91
2022-07-24 15:56:06,795 [java.util.concurrent.ThreadPoolExecutor$Worker@204a39c5[State = -1, empty queue]] WARN  server.GrpcLogAppender (GrpcLogAppender.java:timeoutAppendRequest(285)) - s2@group-1D117010C276->s0-GrpcLogAppender:  appendEntries Timeout, request=AppendEntriesRequest:cid=494,entriesCount=1,lastEntry=(t:1, i:195)
2022-07-24 15:56:06,795 [java.util.concurrent.ThreadPoolExecutor$Worker@204a39c5[State = -1, empty queue]] WARN  server.GrpcLogAppender (GrpcLogAppender.java:timeoutAppendRequest(285)) - s2@group-1D117010C276->s1-GrpcLogAppender:  appendEntries Timeout, request=AppendEntriesRequest:cid=486,entriesCount=1,lastEntry=(t:1, i:195)
2022-07-24 15:56:06,905 [null-request--thread1] INFO  server.GrpcClientProtocolService (GrpcClientProtocolService.java:lambda$processClientRequest$0(284)) - Failed RaftClientRequest:client-6F86E1C52B91->s1@group-1D117010C276, cid=483, seq=0, RW, Message:6d3937, reply=RaftClientReply:client-6F86E1C52B91->s1@group-1D117010C276, cid=483, FAILED org.apache.ratis.protocol.exceptions.NotLeaderException: Server s1@group-1D117010C276 is not the leader s2|rpc:localhost:37241|admin:localhost:39099|client:localhost:34449|dataStream:localhost:33751|priority:0|startupRole:FOLLOWER, logIndex=0, commits[s1:c193, s0:c193, s2:c194]
2022-07-24 15:56:10,116 [null-request--thread1] INFO  server.GrpcClientProtocolService (GrpcClientProtocolService.java:lambda$processClientRequest$0(284)) - Failed RaftClientRequest:client-6F86E1C52B91->s1@group-1D117010C276, cid=483, seq=0, RW, Message:6d3937, reply=RaftClientReply:client-6F86E1C52B91->s1@group-1D117010C276, cid=483, FAILED org.apache.ratis.protocol.exceptions.NotLeaderException: Server s1@group-1D117010C276 is not the leader s2|rpc:localhost:37241|admin:localhost:39099|client:localhost:34449|dataStream:localhost:33751|priority:0|startupRole:FOLLOWER, logIndex=0, commits[s1:c193, s0:c193, s2:c194]
2022-07-24 15:56:12,569 [Timer-3] INFO  impl.MiniRaftCluster (MiniRaftCluster.java:lambda$null$6(346)) - TIMED-PRINT: printing ALL groups
  s0:  RUNNING  FOLLOWER s0@group-1D117010C276:t1, leader=s2, voted=s2, raftlog=Memoized:s0@group-1D117010C276-SegmentedRaftLog:OPENED:c193, conf=0: peers:[s0|rpc:localhost:41145|admin:localhost:44949|client:localhost:40971|dataStream:localhost:35053|priority:0|startupRole:FOLLOWER, s1|rpc:localhost:37813|admin:localhost:42655|client:localhost:42193|dataStream:localhost:42861|priority:0|startupRole:FOLLOWER, s2|rpc:localhost:37241|admin:localhost:39099|client:localhost:34449|dataStream:localhost:33751|priority:0|startupRole:FOLLOWER]|listeners:[], old=null RUNNING
  s1:  RUNNING  FOLLOWER s1@group-1D117010C276:t1, leader=s2, voted=s2, raftlog=Memoized:s1@group-1D117010C276-SegmentedRaftLog:OPENED:c193, conf=0: peers:[s0|rpc:localhost:41145|admin:localhost:44949|client:localhost:40971|dataStream:localhost:35053|priority:0|startupRole:FOLLOWER, s1|rpc:localhost:37813|admin:localhost:42655|client:localhost:42193|dataStream:localhost:42861|priority:0|startupRole:FOLLOWER, s2|rpc:localhost:37241|admin:localhost:39099|client:localhost:34449|dataStream:localhost:33751|priority:0|startupRole:FOLLOWER]|listeners:[], old=null RUNNING
  s2:  RUNNING    LEADER s2@group-1D117010C276:t1, leader=s2, voted=s2, raftlog=Memoized:s2@group-1D117010C276-SegmentedRaftLog:OPENED:c194, conf=0: peers:[s0|rpc:localhost:41145|admin:localhost:44949|client:localhost:40971|dataStream:localhost:35053|priority:0|startupRole:FOLLOWER, s1|rpc:localhost:37813|admin:localhost:42655|client:localhost:42193|dataStream:localhost:42861|priority:0|startupRole:FOLLOWER, s2|rpc:localhost:37241|admin:localhost:39099|client:localhost:34449|dataStream:localhost:33751|priority:0|startupRole:FOLLOWER]|listeners:[], old=null RUNNING
2022-07-24 15:56:13,328 [null-request--thread1] INFO  server.GrpcClientProtocolService (GrpcClientProtocolService.java:lambda$processClientRequest$0(284)) - Failed RaftClientRequest:client-6F86E1C52B91->s0@group-1D117010C276, cid=483, seq=0, RW, Message:6d3937, reply=RaftClientReply:client-6F86E1C52B91->s0@group-1D117010C276, cid=483, FAILED org.apache.ratis.protocol.exceptions.NotLeaderException: Server s0@group-1D117010C276 is not the leader s2|rpc:localhost:37241|admin:localhost:39099|client:localhost:34449|dataStream:localhost:33751|priority:0|startupRole:FOLLOWER, logIndex=0, commits[s0:c193, s1:c193, s2:c194]
2022-07-24 15:56:16,540 [null-request--thread1] INFO  server.GrpcClientProtocolService (GrpcClientProtocolService.java:lambda$processClientRequest$0(284)) - Failed RaftClientRequest:client-6F86E1C52B91->s1@group-1D117010C276, cid=483, seq=0, RW, Message:6d3937, reply=RaftClientReply:client-6F86E1C52B91->s1@group-1D117010C276, cid=483, FAILED org.apache.ratis.protocol.exceptions.NotLeaderException: Server s1@group-1D117010C276 is not the leader s2|rpc:localhost:37241|admin:localhost:39099|client:localhost:34449|dataStream:localhost:33751|priority:0|startupRole:FOLLOWER, logIndex=0, commits[s1:c193, s0:c193, s2:c194]
2022-07-24 15:56:19,749 [null-request--thread1] INFO  server.GrpcClientProtocolService (GrpcClientProtocolService.java:lambda$processClientRequest$0(284)) - Failed RaftClientRequest:client-6F86E1C52B91->s0@group-1D117010C276, cid=483, seq=0, RW, Message:6d3937, reply=RaftClientReply:client-6F86E1C52B91->s0@group-1D117010C276, cid=483, FAILED org.apache.ratis.protocol.exceptions.NotLeaderException: Server s0@group-1D117010C276 is not the leader s2|rpc:localhost:37241|admin:localhost:39099|client:localhost:34449|dataStream:localhost:33751|priority:0|startupRole:FOLLOWER, logIndex=0, commits[s0:c193, s1:c193, s2:c194]
2022-07-24 15:56:22,568 [Timer-3] INFO  impl.MiniRaftCluster (MiniRaftCluster.java:lambda$null$6(346)) - TIMED-PRINT: printing ALL groups
  s0:  RUNNING  FOLLOWER s0@group-1D117010C276:t1, leader=s2, voted=s2, raftlog=Memoized:s0@group-1D117010C276-SegmentedRaftLog:OPENED:c193, conf=0: peers:[s0|rpc:localhost:41145|admin:localhost:44949|client:localhost:40971|dataStream:localhost:35053|priority:0|startupRole:FOLLOWER, s1|rpc:localhost:37813|admin:localhost:42655|client:localhost:42193|dataStream:localhost:42861|priority:0|startupRole:FOLLOWER, s2|rpc:localhost:37241|admin:localhost:39099|client:localhost:34449|dataStream:localhost:33751|priority:0|startupRole:FOLLOWER]|listeners:[], old=null RUNNING
  s1:  RUNNING  FOLLOWER s1@group-1D117010C276:t1, leader=s2, voted=s2, raftlog=Memoized:s1@group-1D117010C276-SegmentedRaftLog:OPENED:c193, conf=0: peers:[s0|rpc:localhost:41145|admin:localhost:44949|client:localhost:40971|dataStream:localhost:35053|priority:0|startupRole:FOLLOWER, s1|rpc:localhost:37813|admin:localhost:42655|client:localhost:42193|dataStream:localhost:42861|priority:0|startupRole:FOLLOWER, s2|rpc:localhost:37241|admin:localhost:39099|client:localhost:34449|dataStream:localhost:33751|priority:0|startupRole:FOLLOWER]|listeners:[], old=null RUNNING
  s2:  RUNNING    LEADER s2@group-1D117010C276:t1, leader=s2, voted=s2, raftlog=Memoized:s2@group-1D117010C276-SegmentedRaftLog:OPENED:c194, conf=0: peers:[s0|rpc:localhost:41145|admin:localhost:44949|client:localhost:40971|dataStream:localhost:35053|priority:0|startupRole:FOLLOWER, s1|rpc:localhost:37813|admin:localhost:42655|client:localhost:42193|dataStream:localhost:42861|priority:0|startupRole:FOLLOWER, s2|rpc:localhost:37241|admin:localhost:39099|client:localhost:34449|dataStream:localhost:33751|priority:0|startupRole:FOLLOWER]|listeners:[], old=null RUNNING
2022-07-24 15:56:22,956 [null-request--thread1] INFO  server.GrpcClientProtocolService (GrpcClientProtocolService.java:lambda$processClientRequest$0(284)) - Failed RaftClientRequest:client-6F86E1C52B91->s1@group-1D117010C276, cid=483, seq=0, RW, Message:6d3937, reply=RaftClientReply:client-6F86E1C52B91->s1@group-1D117010C276, cid=483, FAILED org.apache.ratis.protocol.exceptions.NotLeaderException: Server s1@group-1D117010C276 is not the leader s2|rpc:localhost:37241|admin:localhost:39099|client:localhost:34449|dataStream:localhost:33751|priority:0|startupRole:FOLLOWER, logIndex=0, commits[s1:c193, s0:c193, s2:c194]
2022-07-24 15:56:26,167 [null-request--thread1] INFO  server.GrpcClientProtocolService (GrpcClientProtocolService.java:lambda$processClientRequest$0(284)) - Failed RaftClientRequest:client-6F86E1C52B91->s0@group-1D117010C276, cid=483, seq=0, RW, Message:6d3937, reply=RaftClientReply:client-6F86E1C52B91->s0@group-1D117010C276, cid=483, FAILED org.apache.ratis.protocol.exceptions.NotLeaderException: Server s0@group-1D117010C276 is not the leader s2|rpc:localhost:37241|admin:localhost:39099|client:localhost:34449|dataStream:localhost:33751|priority:0|startupRole:FOLLOWER, logIndex=0, commits[s0:c193, s1:c193, s2:c194]
2022-07-24 15:56:29,379 [null-request--thread1] INFO  server.GrpcClientProtocolService (GrpcClientProtocolService.java:lambda$processClientRequest$0(284)) - Failed RaftClientRequest:client-6F86E1C52B91->s0@group-1D117010C276, cid=483, seq=0, RW, Message:6d3937, reply=RaftClientReply:client-6F86E1C52B91->s0@group-1D117010C276, cid=483, FAILED org.apache.ratis.protocol.exceptions.NotLeaderException: Server s0@group-1D117010C276 is not the leader s2|rpc:localhost:37241|admin:localhost:39099|client:localhost:34449|dataStream:localhost:33751|priority:0|startupRole:FOLLOWER, logIndex=0, commits[s0:c193, s1:c193, s2:c194]
2022-07-24 15:56:32,569 [Timer-3] INFO  impl.MiniRaftCluster (MiniRaftCluster.java:lambda$null$6(346)) - TIMED-PRINT: printing ALL groups
  s0:  RUNNING  FOLLOWER s0@group-1D117010C276:t1, leader=s2, voted=s2, raftlog=Memoized:s0@group-1D117010C276-SegmentedRaftLog:OPENED:c193, conf=0: peers:[s0|rpc:localhost:41145|admin:localhost:44949|client:localhost:40971|dataStream:localhost:35053|priority:0|startupRole:FOLLOWER, s1|rpc:localhost:37813|admin:localhost:42655|client:localhost:42193|dataStream:localhost:42861|priority:0|startupRole:FOLLOWER, s2|rpc:localhost:37241|admin:localhost:39099|client:localhost:34449|dataStream:localhost:33751|priority:0|startupRole:FOLLOWER]|listeners:[], old=null RUNNING
  s1:  RUNNING  FOLLOWER s1@group-1D117010C276:t1, leader=s2, voted=s2, raftlog=Memoized:s1@group-1D117010C276-SegmentedRaftLog:OPENED:c193, conf=0: peers:[s0|rpc:localhost:41145|admin:localhost:44949|client:localhost:40971|dataStream:localhost:35053|priority:0|startupRole:FOLLOWER, s1|rpc:localhost:37813|admin:localhost:42655|client:localhost:42193|dataStream:localhost:42861|priority:0|startupRole:FOLLOWER, s2|rpc:localhost:37241|admin:localhost:39099|client:localhost:34449|dataStream:localhost:33751|priority:0|startupRole:FOLLOWER]|listeners:[], old=null RUNNING
  s2:  RUNNING    LEADER s2@group-1D117010C276:t1, leader=s2, voted=s2, raftlog=Memoized:s2@group-1D117010C276-SegmentedRaftLog:OPENED:c194, conf=0: peers:[s0|rpc:localhost:41145|admin:localhost:44949|client:localhost:40971|dataStream:localhost:35053|priority:0|startupRole:FOLLOWER, s1|rpc:localhost:37813|admin:localhost:42655|client:localhost:42193|dataStream:localhost:42861|priority:0|startupRole:FOLLOWER, s2|rpc:localhost:37241|admin:localhost:39099|client:localhost:34449|dataStream:localhost:33751|priority:0|startupRole:FOLLOWER]|listeners:[], old=null RUNNING
2022-07-24 15:56:32,587 [null-request--thread1] INFO  server.GrpcClientProtocolService (GrpcClientProtocolService.java:lambda$processClientRequest$0(284)) - Failed RaftClientRequest:client-6F86E1C52B91->s1@group-1D117010C276, cid=483, seq=0, RW, Message:6d3937, reply=RaftClientReply:client-6F86E1C52B91->s1@group-1D117010C276, cid=483, FAILED org.apache.ratis.protocol.exceptions.NotLeaderException: Server s1@group-1D117010C276 is not the leader s2|rpc:localhost:37241|admin:localhost:39099|client:localhost:34449|dataStream:localhost:33751|priority:0|startupRole:FOLLOWER, logIndex=0, commits[s1:c193, s0:c193, s2:c194]
2022-07-24 15:56:35,795 [null-request--thread1] INFO  server.GrpcClientProtocolService (GrpcClientProtocolService.java:lambda$processClientRequest$0(284)) - Failed RaftClientRequest:client-6F86E1C52B91->s0@group-1D117010C276, cid=483, seq=0, RW, Message:6d3937, reply=RaftClientReply:client-6F86E1C52B91->s0@group-1D117010C276, cid=483, FAILED org.apache.ratis.protocol.exceptions.NotLeaderException: Server s0@group-1D117010C276 is not the leader s2|rpc:localhost:37241|admin:localhost:39099|client:localhost:34449|dataStream:localhost:33751|priority:0|startupRole:FOLLOWER, logIndex=0, commits[s0:c193, s1:c193, s2:c194]
2022-07-24 15:56:39,006 [null-request--thread1] INFO  server.GrpcClientProtocolService (GrpcClientProtocolService.java:lambda$processClientRequest$0(284)) - Failed RaftClientRequest:client-6F86E1C52B91->s1@group-1D117010C276, cid=483, seq=0, RW, Message:6d3937, reply=RaftClientReply:client-6F86E1C52B91->s1@group-1D117010C276, cid=483, FAILED org.apache.ratis.protocol.exceptions.NotLeaderException: Server s1@group-1D117010C276 is not the leader s2|rpc:localhost:37241|admin:localhost:39099|client:localhost:34449|dataStream:localhost:33751|priority:0|startupRole:FOLLOWER, logIndex=0, commits[s1:c193, s0:c193, s2:c194]
2022-07-24 15:56:42,215 [null-request--thread1] INFO  server.GrpcClientProtocolService (GrpcClientProtocolService.java:lambda$processClientRequest$0(284)) - Failed RaftClientRequest:client-6F86E1C52B91->s1@group-1D117010C276, cid=483, seq=0, RW, Message:6d3937, reply=RaftClientReply:client-6F86E1C52B91->s1@group-1D117010C276, cid=483, FAILED org.apache.ratis.protocol.exceptions.NotLeaderException: Server s1@group-1D117010C276 is not the leader s2|rpc:localhost:37241|admin:localhost:39099|client:localhost:34449|dataStream:localhost:33751|priority:0|startupRole:FOLLOWER, logIndex=0, commits[s1:c193, s0:c193, s2:c194]
2022-07-24 15:56:42,568 [Timer-3] INFO  impl.MiniRaftCluster (MiniRaftCluster.java:lambda$null$6(346)) - TIMED-PRINT: printing ALL groups
  s0:  RUNNING  FOLLOWER s0@group-1D117010C276:t1, leader=s2, voted=s2, raftlog=Memoized:s0@group-1D117010C276-SegmentedRaftLog:OPENED:c193, conf=0: peers:[s0|rpc:localhost:41145|admin:localhost:44949|client:localhost:40971|dataStream:localhost:35053|priority:0|startupRole:FOLLOWER, s1|rpc:localhost:37813|admin:localhost:42655|client:localhost:42193|dataStream:localhost:42861|priority:0|startupRole:FOLLOWER, s2|rpc:localhost:37241|admin:localhost:39099|client:localhost:34449|dataStream:localhost:33751|priority:0|startupRole:FOLLOWER]|listeners:[], old=null RUNNING
  s1:  RUNNING  FOLLOWER s1@group-1D117010C276:t1, leader=s2, voted=s2, raftlog=Memoized:s1@group-1D117010C276-SegmentedRaftLog:OPENED:c193, conf=0: peers:[s0|rpc:localhost:41145|admin:localhost:44949|client:localhost:40971|dataStream:localhost:35053|priority:0|startupRole:FOLLOWER, s1|rpc:localhost:37813|admin:localhost:42655|client:localhost:42193|dataStream:localhost:42861|priority:0|startupRole:FOLLOWER, s2|rpc:localhost:37241|admin:localhost:39099|client:localhost:34449|dataStream:localhost:33751|priority:0|startupRole:FOLLOWER]|listeners:[], old=null RUNNING
  s2:  RUNNING    LEADER s2@group-1D117010C276:t1, leader=s2, voted=s2, raftlog=Memoized:s2@group-1D117010C276-SegmentedRaftLog:OPENED:c194, conf=0: peers:[s0|rpc:localhost:41145|admin:localhost:44949|client:localhost:40971|dataStream:localhost:35053|priority:0|startupRole:FOLLOWER, s1|rpc:localhost:37813|admin:localhost:42655|client:localhost:42193|dataStream:localhost:42861|priority:0|startupRole:FOLLOWER, s2|rpc:localhost:37241|admin:localhost:39099|client:localhost:34449|dataStream:localhost:33751|priority:0|startupRole:FOLLOWER]|listeners:[], old=null RUNNING
2022-07-24 15:56:45,426 [null-request--thread1] INFO  server.GrpcClientProtocolService (GrpcClientProtocolService.java:lambda$processClientRequest$0(284)) - Failed RaftClientRequest:client-6F86E1C52B91->s0@group-1D117010C276, cid=483, seq=0, RW, Message:6d3937, reply=RaftClientReply:client-6F86E1C52B91->s0@group-1D117010C276, cid=483, FAILED org.apache.ratis.protocol.exceptions.NotLeaderException: Server s0@group-1D117010C276 is not the leader s2|rpc:localhost:37241|admin:localhost:39099|client:localhost:34449|dataStream:localhost:33751|priority:0|startupRole:FOLLOWER, logIndex=0, commits[s0:c193, s1:c193, s2:c194]
2022-07-24 15:56:48,636 [null-request--thread1] INFO  server.GrpcClientProtocolService (GrpcClientProtocolService.java:lambda$processClientRequest$0(284)) - Failed RaftClientRequest:client-6F86E1C52B91->s0@group-1D117010C276, cid=483, seq=0, RW, Message:6d3937, reply=RaftClientReply:client-6F86E1C52B91->s0@group-1D117010C276, cid=483, FAILED org.apache.ratis.protocol.exceptions.NotLeaderException: Server s0@group-1D117010C276 is not the leader s2|rpc:localhost:37241|admin:localhost:39099|client:localhost:34449|dataStream:localhost:33751|priority:0|startupRole:FOLLOWER, logIndex=0, commits[s0:c193, s1:c193, s2:c194]
2022-07-24 15:56:51,845 [null-request--thread1] INFO  server.GrpcClientProtocolService (GrpcClientProtocolService.java:lambda$processClientRequest$0(284)) - Failed RaftClientRequest:client-6F86E1C52B91->s0@group-1D117010C276, cid=483, seq=0, RW, Message:6d3937, reply=RaftClientReply:client-6F86E1C52B91->s0@group-1D117010C276, cid=483, FAILED org.apache.ratis.protocol.exceptions.NotLeaderException: Server s0@group-1D117010C276 is not the leader s2|rpc:localhost:37241|admin:localhost:39099|client:localhost:34449|dataStream:localhost:33751|priority:0|startupRole:FOLLOWER, logIndex=0, commits[s0:c193, s1:c193, s2:c194]
2022-07-24 15:56:52,568 [Timer-3] INFO  impl.MiniRaftCluster (MiniRaftCluster.java:lambda$null$6(346)) - TIMED-PRINT: printing ALL groups
  s0:  RUNNING  FOLLOWER s0@group-1D117010C276:t1, leader=s2, voted=s2, raftlog=Memoized:s0@group-1D117010C276-SegmentedRaftLog:OPENED:c193, conf=0: peers:[s0|rpc:localhost:41145|admin:localhost:44949|client:localhost:40971|dataStream:localhost:35053|priority:0|startupRole:FOLLOWER, s1|rpc:localhost:37813|admin:localhost:42655|client:localhost:42193|dataStream:localhost:42861|priority:0|startupRole:FOLLOWER, s2|rpc:localhost:37241|admin:localhost:39099|client:localhost:34449|dataStream:localhost:33751|priority:0|startupRole:FOLLOWER]|listeners:[], old=null RUNNING
  s1:  RUNNING  FOLLOWER s1@group-1D117010C276:t1, leader=s2, voted=s2, raftlog=Memoized:s1@group-1D117010C276-SegmentedRaftLog:OPENED:c193, conf=0: peers:[s0|rpc:localhost:41145|admin:localhost:44949|client:localhost:40971|dataStream:localhost:35053|priority:0|startupRole:FOLLOWER, s1|rpc:localhost:37813|admin:localhost:42655|client:localhost:42193|dataStream:localhost:42861|priority:0|startupRole:FOLLOWER, s2|rpc:localhost:37241|admin:localhost:39099|client:localhost:34449|dataStream:localhost:33751|priority:0|startupRole:FOLLOWER]|listeners:[], old=null RUNNING
  s2:  RUNNING    LEADER s2@group-1D117010C276:t1, leader=s2, voted=s2, raftlog=Memoized:s2@group-1D117010C276-SegmentedRaftLog:OPENED:c194, conf=0: peers:[s0|rpc:localhost:41145|admin:localhost:44949|client:localhost:40971|dataStream:localhost:35053|priority:0|startupRole:FOLLOWER, s1|rpc:localhost:37813|admin:localhost:42655|client:localhost:42193|dataStream:localhost:42861|priority:0|startupRole:FOLLOWER, s2|rpc:localhost:37241|admin:localhost:39099|client:localhost:34449|dataStream:localhost:33751|priority:0|startupRole:FOLLOWER]|listeners:[], old=null RUNNING
2022-07-24 15:56:55,134 [null-request--thread1] INFO  server.GrpcClientProtocolService (GrpcClientProtocolService.java:lambda$processClientRequest$0(284)) - Failed RaftClientRequest:client-6F86E1C52B91->s0@group-1D117010C276, cid=483, seq=0, RW, Message:6d3937, reply=RaftClientReply:client-6F86E1C52B91->s0@group-1D117010C276, cid=483, FAILED org.apache.ratis.protocol.exceptions.NotLeaderException: Server s0@group-1D117010C276 is not the leader s2|rpc:localhost:37241|admin:localhost:39099|client:localhost:34449|dataStream:localhost:33751|priority:0|startupRole:FOLLOWER, logIndex=0, commits[s0:c193, s1:c193, s2:c194]
2022-07-24 15:56:58,349 [null-request--thread1] INFO  server.GrpcClientProtocolService (GrpcClientProtocolService.java:lambda$processClientRequest$0(284)) - Failed RaftClientRequest:client-6F86E1C52B91->s0@group-1D117010C276, cid=483, seq=0, RW, Message:6d3937, reply=RaftClientReply:client-6F86E1C52B91->s0@group-1D117010C276, cid=483, FAILED org.apache.ratis.protocol.exceptions.NotLeaderException: Server s0@group-1D117010C276 is not the leader s2|rpc:localhost:37241|admin:localhost:39099|client:localhost:34449|dataStream:localhost:33751|priority:0|startupRole:FOLLOWER, logIndex=0, commits[s0:c193, s1:c193, s2:c194]
2022-07-24 15:57:01,561 [null-request--thread1] INFO  server.GrpcClientProtocolService (GrpcClientProtocolService.java:lambda$processClientRequest$0(284)) - Failed RaftClientRequest:client-6F86E1C52B91->s0@group-1D117010C276, cid=483, seq=0, RW, Message:6d3937, reply=RaftClientReply:client-6F86E1C52B91->s0@group-1D117010C276, cid=483, FAILED org.apache.ratis.protocol.exceptions.NotLeaderException: Server s0@group-1D117010C276 is not the leader s2|rpc:localhost:37241|admin:localhost:39099|client:localhost:34449|dataStream:localhost:33751|priority:0|startupRole:FOLLOWER, logIndex=0, commits[s0:c193, s1:c193, s2:c194]
2022-07-24 15:57:02,569 [Timer-3] INFO  impl.MiniRaftCluster (MiniRaftCluster.java:lambda$null$6(346)) - TIMED-PRINT: printing ALL groups
  s0:  RUNNING  FOLLOWER s0@group-1D117010C276:t1, leader=s2, voted=s2, raftlog=Memoized:s0@group-1D117010C276-SegmentedRaftLog:OPENED:c193, conf=0: peers:[s0|rpc:localhost:41145|admin:localhost:44949|client:localhost:40971|dataStream:localhost:35053|priority:0|startupRole:FOLLOWER, s1|rpc:localhost:37813|admin:localhost:42655|client:localhost:42193|dataStream:localhost:42861|priority:0|startupRole:FOLLOWER, s2|rpc:localhost:37241|admin:localhost:39099|client:localhost:34449|dataStream:localhost:33751|priority:0|startupRole:FOLLOWER]|listeners:[], old=null RUNNING
  s1:  RUNNING  FOLLOWER s1@group-1D117010C276:t1, leader=s2, voted=s2, raftlog=Memoized:s1@group-1D117010C276-SegmentedRaftLog:OPENED:c193, conf=0: peers:[s0|rpc:localhost:41145|admin:localhost:44949|client:localhost:40971|dataStream:localhost:35053|priority:0|startupRole:FOLLOWER, s1|rpc:localhost:37813|admin:localhost:42655|client:localhost:42193|dataStream:localhost:42861|priority:0|startupRole:FOLLOWER, s2|rpc:localhost:37241|admin:localhost:39099|client:localhost:34449|dataStream:localhost:33751|priority:0|startupRole:FOLLOWER]|listeners:[], old=null RUNNING
  s2:  RUNNING    LEADER s2@group-1D117010C276:t1, leader=s2, voted=s2, raftlog=Memoized:s2@group-1D117010C276-SegmentedRaftLog:OPENED:c194, conf=0: peers:[s0|rpc:localhost:41145|admin:localhost:44949|client:localhost:40971|dataStream:localhost:35053|priority:0|startupRole:FOLLOWER, s1|rpc:localhost:37813|admin:localhost:42655|client:localhost:42193|dataStream:localhost:42861|priority:0|startupRole:FOLLOWER, s2|rpc:localhost:37241|admin:localhost:39099|client:localhost:34449|dataStream:localhost:33751|priority:0|startupRole:FOLLOWER]|listeners:[], old=null RUNNING
2022-07-24 15:57:04,773 [null-request--thread1] INFO  server.GrpcClientProtocolService (GrpcClientProtocolService.java:lambda$processClientRequest$0(284)) - Failed RaftClientRequest:client-6F86E1C52B91->s0@group-1D117010C276, cid=483, seq=0, RW, Message:6d3937, reply=RaftClientReply:client-6F86E1C52B91->s0@group-1D117010C276, cid=483, FAILED org.apache.ratis.protocol.exceptions.NotLeaderException: Server s0@group-1D117010C276 is not the leader s2|rpc:localhost:37241|admin:localhost:39099|client:localhost:34449|dataStream:localhost:33751|priority:0|startupRole:FOLLOWER, logIndex=0, commits[s0:c193, s1:c193, s2:c194]
2022-07-24 15:57:04,883 [s1-server-thread1] DEBUG raftlog.RaftLog (SegmentedRaftLog.java:appendImpl(447)) - truncateIndex=-1, arrayIndex=0
2022-07-24 15:57:04,883 [s0-server-thread2] DEBUG raftlog.RaftLog (SegmentedRaftLog.java:appendImpl(447)) - truncateIndex=-1, arrayIndex=0
2022-07-24 15:57:04,884 [s2@group-1D117010C276-StateMachineUpdater] INFO  statemachine.SimpleStateMachine4Testing (SimpleStateMachine4Testing.java:put(204)) - s2: put 195, m97 -> (t:1, i:195), STATEMACHINELOGENTRY, 483@client-6F86E1C52B91
2022-07-24 15:57:04,884 [s0-server-thread2] DEBUG raftlog.RaftLog (SegmentedRaftLog.java:appendImpl(447)) - truncateIndex=-1, arrayIndex=0
2022-07-24 15:57:04,884 [s1-server-thread1] DEBUG raftlog.RaftLog (SegmentedRaftLog.java:appendImpl(447)) - truncateIndex=-1, arrayIndex=0
2022-07-24 15:57:04,888 [s0-server-thread2] DEBUG raftlog.RaftLog (SegmentedRaftLog.java:appendImpl(447)) - truncateIndex=-1, arrayIndex=0
2022-07-24 15:57:04,889 [s1@group-1D117010C276-StateMachineUpdater] INFO  statemachine.SimpleStateMachine4Testing (SimpleStateMachine4Testing.java:put(204)) - s1: put 195, m97 -> (t:1, i:195), STATEMACHINELOGENTRY, 483@client-6F86E1C52B91
2022-07-24 15:57:04,889 [s1-server-thread1] DEBUG raftlog.RaftLog (SegmentedRaftLog.java:appendImpl(447)) - truncateIndex=-1, arrayIndex=0
2022-07-24 15:57:04,896 [s2@group-1D117010C276-StateMachineUpdater] INFO  statemachine.SimpleStateMachine4Testing (SimpleStateMachine4Testing.java:put(204)) - s2: put 196, m97 -> (t:1, i:196), STATEMACHINELOGENTRY, 483@client-6F86E1C52B91
2022-07-24 15:57:04,896 [s2@group-1D117010C276-StateMachineUpdater] ERROR impl.StateMachineUpdater (StateMachineUpdater.java:run(194)) - s2@group-1D117010C276-StateMachineUpdater caught a Throwable.
org.apache.ratis.server.raftlog.RaftLogIOException: java.lang.IllegalStateException: retry cache entry should be pending: 483@client-6F86E1C52B91:done
	at org.apache.ratis.server.impl.RaftServerImpl.applyLogToStateMachine(RaftServerImpl.java:1645)
	at org.apache.ratis.server.impl.StateMachineUpdater.applyLog(StateMachineUpdater.java:239)
	at org.apache.ratis.server.impl.StateMachineUpdater.run(StateMachineUpdater.java:182)
	at java.lang.Thread.run(Thread.java:750)
Caused by: java.lang.IllegalStateException: retry cache entry should be pending: 483@client-6F86E1C52B91:done
	at org.apache.ratis.util.Preconditions.assertTrue(Preconditions.java:60)
	at org.apache.ratis.server.impl.RaftServerImpl.replyPendingRequest(RaftServerImpl.java:1592)
	at org.apache.ratis.server.impl.RaftServerImpl.applyLogToStateMachine(RaftServerImpl.java:1643)
	... 3 more
2022-07-24 15:57:04,897 [s2@group-1D117010C276-StateMachineUpdater] INFO  server.RaftServer$Division (RaftServerImpl.java:lambda$close$4(438)) - s2@group-1D117010C276: shutdown
2022-07-24 15:57:04,897 [s2@group-1D117010C276-StateMachineUpdater] INFO  util.JmxRegister (JmxRegister.java:unregister(73)) - Successfully un-registered JMX Bean with object name Ratis:service=RaftServer,group=group-1D117010C276,id=s2
2022-07-24 15:57:04,897 [s2@group-1D117010C276-StateMachineUpdater] INFO  impl.RoleInfo (RoleInfo.java:shutdownLeaderState(93)) - s2: shutdown s2@group-1D117010C276-LeaderStateImpl
2022-07-24 15:57:04,897 [s2@group-1D117010C276-StateMachineUpdater] INFO  impl.PendingRequests (PendingRequests.java:sendNotLeaderResponses(282)) - s2@group-1D117010C276-PendingRequests: sendNotLeaderResponses
2022-07-24 15:57:04,898 [s2@group-1D117010C276->s1-GrpcLogAppender-LogAppenderDaemon] WARN  server.GrpcLogAppender (GrpcLogAppender.java:mayWait(183)) - s2@group-1D117010C276->s1-GrpcLogAppender: Wait interrupted by java.lang.InterruptedException
2022-07-24 15:57:04,898 [grpc-default-executor-0] INFO  server.GrpcServerProtocolService (GrpcServerProtocolService.java:onCompleted(145)) - s1: Completed APPEND_ENTRIES, lastRequest: null
2022-07-24 15:57:04,898 [grpc-default-executor-3] INFO  server.GrpcServerProtocolService (GrpcServerProtocolService.java:onCompleted(145)) - s1: Completed APPEND_ENTRIES, lastRequest: s2->s1#7660-t1,previous=(t:1, i:197),leaderCommit=196,initializing? true,entries: size=1, first=(t:1, i:198), METADATAENTRY(c:196)
2022-07-24 15:57:04,899 [s2@group-1D117010C276->s0-GrpcLogAppender-LogAppenderDaemon] WARN  server.GrpcLogAppender (GrpcLogAppender.java:mayWait(183)) - s2@group-1D117010C276->s0-GrpcLogAppender: Wait interrupted by java.lang.InterruptedException
2022-07-24 15:57:04,899 [grpc-default-executor-3] INFO  server.GrpcServerProtocolService (GrpcServerProtocolService.java:onCompleted(145)) - s0: Completed APPEND_ENTRIES, lastRequest: null
2022-07-24 15:57:04,899 [grpc-default-executor-4] INFO  server.GrpcLogAppender (GrpcLogAppender.java:onCompleted(386)) - s2@group-1D117010C276->s1-AppendLogResponseHandler: follower responses appendEntries COMPLETED
2022-07-24 15:57:04,899 [grpc-default-executor-4] INFO  leader.FollowerInfo (FollowerInfoImpl.java:lambda$new$0(48)) - s2@group-1D117010C276->s1: nextIndex: updateUnconditionally 199 -> 198
2022-07-24 15:57:04,899 [grpc-default-executor-2] INFO  server.GrpcServerProtocolService (GrpcServerProtocolService.java:onCompleted(145)) - s0: Completed APPEND_ENTRIES, lastRequest: s2->s0#7671-t1,previous=(t:1, i:197),leaderCommit=196,initializing? true,entries: size=1, first=(t:1, i:198), METADATAENTRY(c:196)
2022-07-24 15:57:04,899 [grpc-default-executor-2] INFO  server.GrpcLogAppender (GrpcLogAppender.java:onCompleted(386)) - s2@group-1D117010C276->s0-AppendLogResponseHandler: follower responses appendEntries COMPLETED
2022-07-24 15:57:04,899 [grpc-default-executor-2] INFO  leader.FollowerInfo (FollowerInfoImpl.java:lambda$new$0(48)) - s2@group-1D117010C276->s0: nextIndex: updateUnconditionally 199 -> 197
2022-07-24 15:57:04,901 [s1@group-1D117010C276-StateMachineUpdater] INFO  statemachine.SimpleStateMachine4Testing (SimpleStateMachine4Testing.java:put(204)) - s1: put 196, m97 -> (t:1, i:196), STATEMACHINELOGENTRY, 483@client-6F86E1C52B91
2022-07-24 15:57:04,905 [grpc-default-executor-2] INFO  server.GrpcLogAppender (GrpcLogAppender.java:onCompleted(386)) - s2@group-1D117010C276->s0-AppendLogResponseHandler: follower responses appendEntries COMPLETED
2022-07-24 15:57:04,905 [grpc-default-executor-2] INFO  leader.FollowerInfo (FollowerInfoImpl.java:lambda$new$0(48)) - s2@group-1D117010C276->s0: nextIndex: updateUnconditionally 197 -> 196
2022-07-24 15:57:04,905 [grpc-default-executor-8] INFO  server.GrpcLogAppender (GrpcLogAppender.java:onCompleted(386)) - s2@group-1D117010C276->s1-AppendLogResponseHandler: follower responses appendEntries COMPLETED
2022-07-24 15:57:04,905 [grpc-default-executor-8] INFO  leader.FollowerInfo (FollowerInfoImpl.java:lambda$new$0(48)) - s2@group-1D117010C276->s1: nextIndex: updateUnconditionally 198 -> 197
2022-07-24 15:57:04,906 [null-request--thread2] INFO  server.GrpcClientProtocolService (GrpcClientProtocolService.java:lambda$processClientRequest$0(284)) - Failed RaftClientRequest:client-6F86E1C52B91->s2@group-1D117010C276, cid=483, seq=0, RW, Message:6d3937, reply=RaftClientReply:client-6F86E1C52B91->s2@group-1D117010C276, cid=483, FAILED org.apache.ratis.protocol.exceptions.NotLeaderException: Server s2@group-1D117010C276 is not the leader, logIndex=0, commits[s2:c197]
2022-07-24 15:57:04,906 [s2@group-1D117010C276-StateMachineUpdater] INFO  server.RaftServer$Division (ServerState.java:close(465)) - s2@group-1D117010C276: closes. applyIndex: 196
2022-07-24 15:57:04,906 [s2@group-1D117010C276-SegmentedRaftLogWorker] INFO  segmented.SegmentedRaftLogWorker (SegmentedRaftLogWorker.java:run(336)) - s2@group-1D117010C276-SegmentedRaftLogWorker was interrupted, exiting. There are 0 tasks remaining in the queue.
2022-07-24 15:57:04,912 [s2@group-1D117010C276-StateMachineUpdater] INFO  segmented.SegmentedRaftLogWorker (SegmentedRaftLogWorker.java:close(246)) - s2@group-1D117010C276-SegmentedRaftLogWorker close()
2022-07-24 15:57:04,913 [s0@group-1D117010C276-StateMachineUpdater] INFO  statemachine.SimpleStateMachine4Testing (SimpleStateMachine4Testing.java:put(204)) - s0: put 195, m97 -> (t:1, i:195), STATEMACHINELOGENTRY, 483@client-6F86E1C52B91
2022-07-24 15:57:04,914 [s0@group-1D117010C276-StateMachineUpdater] INFO  statemachine.SimpleStateMachine4Testing (SimpleStateMachine4Testing.java:put(204)) - s0: put 196, m97 -> (t:1, i:196), STATEMACHINELOGENTRY, 483@client-6F86E1C52B91
2022-07-24 15:57:05,016 [null-request--thread1] INFO  server.GrpcClientProtocolService (GrpcClientProtocolService.java:lambda$processClientRequest$0(284)) - Failed RaftClientRequest:client-6F86E1C52B91->s1@group-1D117010C276, cid=483, seq=0, RW, Message:6d3937, reply=RaftClientReply:client-6F86E1C52B91->s1@group-1D117010C276, cid=483, FAILED org.apache.ratis.protocol.exceptions.NotLeaderException: Server s1@group-1D117010C276 is not the leader s2|rpc:localhost:37241|admin:localhost:39099|client:localhost:34449|dataStream:localhost:33751|priority:0|startupRole:FOLLOWER, logIndex=0, commits[s1:c196, s0:c194, s2:c196]
2022-07-24 15:57:05,231 [null-request--thread1] INFO  server.GrpcClientProtocolService (GrpcClientProtocolService.java:lambda$processClientRequest$0(284)) - Failed RaftClientRequest:client-6F86E1C52B91->s1@group-1D117010C276, cid=483, seq=0, RW, Message:6d3937, reply=RaftClientReply:client-6F86E1C52B91->s1@group-1D117010C276, cid=483, FAILED org.apache.ratis.protocol.exceptions.NotLeaderException: Server s1@group-1D117010C276 is not the leader s2|rpc:localhost:37241|admin:localhost:39099|client:localhost:34449|dataStream:localhost:33751|priority:0|startupRole:FOLLOWER, logIndex=0, commits[s1:c196, s0:c194, s2:c196]
2022-07-24 15:57:05,283 [s0@group-1D117010C276-FollowerState] INFO  impl.FollowerState (FollowerState.java:run(143)) - s0@group-1D117010C276-FollowerState: change to CANDIDATE, lastRpcElapsedTime:368480844ns, electionTimeout:244ms
2022-07-24 15:57:05,283 [s0@group-1D117010C276-FollowerState] INFO  impl.RoleInfo (RoleInfo.java:shutdownFollowerState(110)) - s0: shutdown s0@group-1D117010C276-FollowerState
2022-07-24 15:57:05,283 [s0@group-1D117010C276-FollowerState] INFO  server.RaftServer$Division (RaftServerImpl.java:setRole(301)) - s0@group-1D117010C276: changes role from  FOLLOWER to CANDIDATE at term 1 for changeToCandidate
2022-07-24 15:57:05,283 [s0@group-1D117010C276-FollowerState] INFO  server.RaftServerConfigKeys (ConfUtils.java:logGet(46)) - raft.server.leaderelection.pre-vote = true (default)
2022-07-24 15:57:05,283 [s0@group-1D117010C276-FollowerState] INFO  impl.RoleInfo (RoleInfo.java:updateAndGet(139)) - s0: start s0@group-1D117010C276-LeaderElection33
2022-07-24 15:57:05,284 [s0@group-1D117010C276-LeaderElection33] INFO  server.RaftServer$Division (ServerState.java:setLeader(313)) - s0@group-1D117010C276: change Leader from s2 to null at term 1 for PRE_VOTE
2022-07-24 15:57:05,284 [s0@group-1D117010C276-LeaderElection33] INFO  impl.LeaderElection (LeaderElection.java:askForVotes(310)) - s0@group-1D117010C276-LeaderElection33 PRE_VOTE round 0: submit vote requests at term 1 for 0: peers:[s0|rpc:localhost:41145|admin:localhost:44949|client:localhost:40971|dataStream:localhost:35053|priority:0|startupRole:FOLLOWER, s1|rpc:localhost:37813|admin:localhost:42655|client:localhost:42193|dataStream:localhost:42861|priority:0|startupRole:FOLLOWER, s2|rpc:localhost:37241|admin:localhost:39099|client:localhost:34449|dataStream:localhost:33751|priority:0|startupRole:FOLLOWER]|listeners:[], old=null
2022-07-24 15:57:05,284 [s0@group-1D117010C276-LeaderElection33-1] INFO  server.GrpcServerProtocolClient (GrpcServerProtocolClient.java:<init>(63)) - Build channel for s1
2022-07-24 15:57:05,285 [s0@group-1D117010C276-LeaderElection33-2] INFO  server.GrpcServerProtocolClient (GrpcServerProtocolClient.java:<init>(63)) - Build channel for s2
2022-07-24 15:57:05,288 [grpc-default-executor-8] INFO  server.RaftServer$Division (RaftServerImpl.java:requestVote(1198)) - s1@group-1D117010C276: receive requestVote(PRE_VOTE, s0, group-1D117010C276, 1, (t:1, i:198))
2022-07-24 15:57:05,288 [grpc-default-executor-8] INFO  impl.VoteContext (VoteContext.java:log(48)) - s1@group-1D117010C276-FOLLOWER: accept PRE_VOTE from s0: our priority 0 <= candidate's priority 0
2022-07-24 15:57:05,288 [grpc-default-executor-8] INFO  server.RaftServer$Division (RaftServerImpl.java:requestVote(1231)) - s1@group-1D117010C276 replies to PRE_VOTE vote request: s0<-s1#0:OK-t1. Peer's state: s1@group-1D117010C276:t1, leader=s2, voted=s2, raftlog=Memoized:s1@group-1D117010C276-SegmentedRaftLog:OPENED:c196, conf=0: peers:[s0|rpc:localhost:41145|admin:localhost:44949|client:localhost:40971|dataStream:localhost:35053|priority:0|startupRole:FOLLOWER, s1|rpc:localhost:37813|admin:localhost:42655|client:localhost:42193|dataStream:localhost:42861|priority:0|startupRole:FOLLOWER, s2|rpc:localhost:37241|admin:localhost:39099|client:localhost:34449|dataStream:localhost:33751|priority:0|startupRole:FOLLOWER]|listeners:[], old=null
2022-07-24 15:57:05,291 [s0@group-1D117010C276-LeaderElection33] INFO  impl.LeaderElection (LeaderElection.java:logAndReturn(90)) - s0@group-1D117010C276-LeaderElection33: PRE_VOTE PASSED received 1 response(s) and 0 exception(s):
2022-07-24 15:57:05,291 [s0@group-1D117010C276-LeaderElection33] INFO  impl.LeaderElection (LeaderElection.java:logAndReturn(94)) -   Response 0: s0<-s1#0:OK-t1
2022-07-24 15:57:05,291 [s0@group-1D117010C276-LeaderElection33] INFO  impl.LeaderElection (LeaderElection.java:askForVotes(312)) - s0@group-1D117010C276-LeaderElection33 PRE_VOTE round 0: result PASSED
2022-07-24 15:57:05,292 [grpc-default-executor-8] INFO  server.RaftServer$Division (RaftServerImpl.java:requestVote(1198)) - s2@group-1D117010C276: receive requestVote(PRE_VOTE, s0, group-1D117010C276, 1, (t:1, i:198))
2022-07-24 15:57:05,292 [grpc-default-executor-8] WARN  server.GrpcServerProtocolService (LogUtils.java:warn(122)) - s2: Failed requestVote s0->s2#0: org.apache.ratis.protocol.exceptions.ServerNotReadyException: s2@group-1D117010C276 is not in [RUNNING]: current state is CLOSED
2022-07-24 15:57:05,294 [s0@group-1D117010C276-LeaderElection33] INFO  impl.LeaderElection (LeaderElection.java:askForVotes(310)) - s0@group-1D117010C276-LeaderElection33 ELECTION round 0: submit vote requests at term 2 for 0: peers:[s0|rpc:localhost:41145|admin:localhost:44949|client:localhost:40971|dataStream:localhost:35053|priority:0|startupRole:FOLLOWER, s1|rpc:localhost:37813|admin:localhost:42655|client:localhost:42193|dataStream:localhost:42861|priority:0|startupRole:FOLLOWER, s2|rpc:localhost:37241|admin:localhost:39099|client:localhost:34449|dataStream:localhost:33751|priority:0|startupRole:FOLLOWER]|listeners:[], old=null
2022-07-24 15:57:05,305 [grpc-default-executor-8] INFO  server.RaftServer$Division (RaftServerImpl.java:requestVote(1198)) - s2@group-1D117010C276: receive requestVote(ELECTION, s0, group-1D117010C276, 2, (t:1, i:198))
2022-07-24 15:57:05,305 [grpc-default-executor-8] WARN  server.GrpcServerProtocolService (LogUtils.java:warn(122)) - s2: Failed requestVote s0->s2#0: org.apache.ratis.protocol.exceptions.ServerNotReadyException: s2@group-1D117010C276 is not in [RUNNING]: current state is CLOSED
2022-07-24 15:57:05,307 [grpc-default-executor-8] INFO  server.RaftServer$Division (RaftServerImpl.java:requestVote(1198)) - s1@group-1D117010C276: receive requestVote(ELECTION, s0, group-1D117010C276, 2, (t:1, i:198))
2022-07-24 15:57:05,307 [grpc-default-executor-8] INFO  impl.VoteContext (VoteContext.java:log(48)) - s1@group-1D117010C276-FOLLOWER: accept ELECTION from s0: our priority 0 <= candidate's priority 0
2022-07-24 15:57:05,307 [grpc-default-executor-8] INFO  server.RaftServer$Division (ServerState.java:setLeader(313)) - s1@group-1D117010C276: change Leader from s2 to null at term 2 for updateCurrentTerm
2022-07-24 15:57:05,307 [grpc-default-executor-8] INFO  server.RaftServer$Division (RaftServerImpl.java:setRole(301)) - s1@group-1D117010C276: changes role from  FOLLOWER to FOLLOWER at term 2 for candidate:s0
2022-07-24 15:57:05,307 [grpc-default-executor-8] INFO  impl.RoleInfo (RoleInfo.java:shutdownFollowerState(110)) - s1: shutdown s1@group-1D117010C276-FollowerState
2022-07-24 15:57:05,307 [grpc-default-executor-8] INFO  impl.RoleInfo (RoleInfo.java:updateAndGet(139)) - s1: start s1@group-1D117010C276-FollowerState
2022-07-24 15:57:05,307 [s1@group-1D117010C276-FollowerState] INFO  impl.FollowerState (FollowerState.java:run(152)) - s1@group-1D117010C276-FollowerState was interrupted
2022-07-24 15:57:05,307 [s0@group-1D117010C276-LeaderElection33] INFO  impl.LeaderElection (LogUtils.java:infoOrTrace(137)) - s0@group-1D117010C276-LeaderElection33 got exception when requesting votes: java.util.concurrent.ExecutionException: org.apache.ratis.thirdparty.io.grpc.StatusRuntimeException: INTERNAL: s2@group-1D117010C276 is not in [RUNNING]: current state is CLOSED
2022-07-24 15:57:05,309 [grpc-default-executor-8] INFO  server.RaftServer$Division (RaftServerImpl.java:requestVote(1231)) - s1@group-1D117010C276 replies to ELECTION vote request: s0<-s1#0:OK-t2. Peer's state: s1@group-1D117010C276:t2, leader=null, voted=s0, raftlog=Memoized:s1@group-1D117010C276-SegmentedRaftLog:OPENED:c196, conf=0: peers:[s0|rpc:localhost:41145|admin:localhost:44949|client:localhost:40971|dataStream:localhost:35053|priority:0|startupRole:FOLLOWER, s1|rpc:localhost:37813|admin:localhost:42655|client:localhost:42193|dataStream:localhost:42861|priority:0|startupRole:FOLLOWER, s2|rpc:localhost:37241|admin:localhost:39099|client:localhost:34449|dataStream:localhost:33751|priority:0|startupRole:FOLLOWER]|listeners:[], old=null
2022-07-24 15:57:05,309 [s0@group-1D117010C276-LeaderElection33] INFO  impl.LeaderElection (LeaderElection.java:logAndReturn(90)) - s0@group-1D117010C276-LeaderElection33: ELECTION PASSED received 1 response(s) and 1 exception(s):
2022-07-24 15:57:05,309 [s0@group-1D117010C276-LeaderElection33] INFO  impl.LeaderElection (LeaderElection.java:logAndReturn(94)) -   Response 0: s0<-s1#0:OK-t2
2022-07-24 15:57:05,309 [s0@group-1D117010C276-LeaderElection33] INFO  impl.LeaderElection (LogUtils.java:infoOrTrace(137)) -   Exception 1: java.util.concurrent.ExecutionException: org.apache.ratis.thirdparty.io.grpc.StatusRuntimeException: INTERNAL: s2@group-1D117010C276 is not in [RUNNING]: current state is CLOSED
2022-07-24 15:57:05,309 [s0@group-1D117010C276-LeaderElection33] INFO  impl.LeaderElection (LeaderElection.java:askForVotes(312)) - s0@group-1D117010C276-LeaderElection33 ELECTION round 0: result PASSED
2022-07-24 15:57:05,309 [s0@group-1D117010C276-LeaderElection33] INFO  impl.RoleInfo (RoleInfo.java:shutdownLeaderElection(130)) - s0: shutdown s0@group-1D117010C276-LeaderElection33
2022-07-24 15:57:05,309 [s0@group-1D117010C276-LeaderElection33] INFO  server.RaftServer$Division (RaftServerImpl.java:setRole(301)) - s0@group-1D117010C276: changes role from CANDIDATE to LEADER at term 2 for changeToLeader
2022-07-24 15:57:05,310 [s0@group-1D117010C276-LeaderElection33] INFO  server.RaftServer$Division (ServerState.java:setLeader(313)) - s0@group-1D117010C276: change Leader from null to s0 at term 2 for becomeLeader, leader elected after 25ms
2022-07-24 15:57:05,310 [s0@group-1D117010C276-LeaderElection33] INFO  server.RaftServerConfigKeys (ConfUtils.java:logGet(46)) - raft.server.staging.catchup.gap = 1000 (default)
2022-07-24 15:57:05,310 [s0@group-1D117010C276-LeaderElection33] INFO  server.RaftServerConfigKeys (ConfUtils.java:logGet(46)) - raft.server.write.element-limit = 4096 (default)
2022-07-24 15:57:05,310 [s0@group-1D117010C276-LeaderElection33] INFO  server.RaftServerConfigKeys (ConfUtils.java:logGet(46)) - raft.server.write.byte-limit = 64MB (=67108864) (default)
2022-07-24 15:57:05,310 [s0@group-1D117010C276-LeaderElection33] INFO  server.RaftServerConfigKeys (ConfUtils.java:logGet(46)) - raft.server.watch.timeout = 10s (default)
2022-07-24 15:57:05,310 [s0@group-1D117010C276-LeaderElection33] INFO  server.RaftServerConfigKeys (ConfUtils.java:logGet(46)) - raft.server.watch.timeout.denomination = 1s (default)
2022-07-24 15:57:05,310 [s0@group-1D117010C276-LeaderElection33] INFO  server.RaftServerConfigKeys (ConfUtils.java:logGet(46)) - raft.server.watch.element-limit = 65536 (default)
2022-07-24 15:57:05,310 [s0@group-1D117010C276-LeaderElection33] INFO  server.RaftServerConfigKeys (ConfUtils.java:logGet(46)) - raft.server.write.element-limit = 4096 (default)
2022-07-24 15:57:05,310 [s0@group-1D117010C276-LeaderElection33] INFO  server.RaftServerConfigKeys (ConfUtils.java:logGet(46)) - raft.server.write.follower.gap.ratio.max = -1.0 (default)
2022-07-24 15:57:05,310 [s0@group-1D117010C276-LeaderElection33] INFO  server.RaftServerConfigKeys (ConfUtils.java:logGet(46)) - raft.server.log.appender.snapshot.chunk.size.max = 16MB (=16777216) (default)
2022-07-24 15:57:05,310 [s0@group-1D117010C276-LeaderElection33] INFO  server.RaftServerConfigKeys (ConfUtils.java:logGet(46)) - raft.server.log.appender.buffer.byte-limit = 4MB (=4194304) (default)
2022-07-24 15:57:05,310 [s0@group-1D117010C276-LeaderElection33] INFO  server.RaftServerConfigKeys (ConfUtils.java:logGet(46)) - raft.server.log.appender.buffer.element-limit = 0 (default)
2022-07-24 15:57:05,310 [s0@group-1D117010C276-LeaderElection33] INFO  grpc.GrpcConfigKeys (ConfUtils.java:logGet(46)) - raft.grpc.server.leader.outstanding.appends.max = 128 (default)
2022-07-24 15:57:05,310 [s0@group-1D117010C276-LeaderElection33] INFO  server.RaftServerConfigKeys (ConfUtils.java:logGet(46)) - raft.server.rpc.request.timeout = 3000ms (default)
2022-07-24 15:57:05,310 [s0@group-1D117010C276-LeaderElection33] INFO  server.RaftServerConfigKeys (ConfUtils.java:logGet(46)) - raft.server.log.appender.install.snapshot.enabled = false (custom)
2022-07-24 15:57:05,310 [s0@group-1D117010C276-LeaderElection33] INFO  grpc.GrpcConfigKeys (ConfUtils.java:logGet(46)) - raft.grpc.server.heartbeat.channel = true (default)
2022-07-24 15:57:05,311 [s0@group-1D117010C276-LeaderElection33] INFO  server.RaftServerConfigKeys (ConfUtils.java:logGet(46)) - raft.server.log.appender.snapshot.chunk.size.max = 16MB (=16777216) (default)
2022-07-24 15:57:05,311 [s0@group-1D117010C276-LeaderElection33] INFO  server.RaftServerConfigKeys (ConfUtils.java:logGet(46)) - raft.server.log.appender.buffer.byte-limit = 4MB (=4194304) (default)
2022-07-24 15:57:05,311 [s0@group-1D117010C276-LeaderElection33] INFO  server.RaftServerConfigKeys (ConfUtils.java:logGet(46)) - raft.server.log.appender.buffer.element-limit = 0 (default)
2022-07-24 15:57:05,311 [s0@group-1D117010C276-LeaderElection33] INFO  grpc.GrpcConfigKeys (ConfUtils.java:logGet(46)) - raft.grpc.server.leader.outstanding.appends.max = 128 (default)
2022-07-24 15:57:05,311 [s0@group-1D117010C276-LeaderElection33] INFO  server.RaftServerConfigKeys (ConfUtils.java:logGet(46)) - raft.server.rpc.request.timeout = 3000ms (default)
2022-07-24 15:57:05,311 [s0@group-1D117010C276-LeaderElection33] INFO  server.RaftServerConfigKeys (ConfUtils.java:logGet(46)) - raft.server.log.appender.install.snapshot.enabled = false (custom)
2022-07-24 15:57:05,311 [s0@group-1D117010C276-LeaderElection33] INFO  grpc.GrpcConfigKeys (ConfUtils.java:logGet(46)) - raft.grpc.server.heartbeat.channel = true (default)
2022-07-24 15:57:05,311 [s0@group-1D117010C276-LeaderElection33] INFO  impl.RoleInfo (RoleInfo.java:updateAndGet(139)) - s0: start s0@group-1D117010C276-LeaderStateImpl
2022-07-24 15:57:05,311 [s0@group-1D117010C276-LeaderElection33] DEBUG raftlog.RaftLog (SegmentedRaftLog.java:appendImpl(447)) - truncateIndex=-1, arrayIndex=0
2022-07-24 15:57:05,311 [s0@group-1D117010C276-LeaderElection33] INFO  segmented.SegmentedRaftLogWorker (SegmentedRaftLogWorker.java:rollLogSegment(430)) - s0@group-1D117010C276-SegmentedRaftLogWorker: Rolling segment log-189_198 to index:198
2022-07-24 15:57:05,311 [s0@group-1D117010C276-SegmentedRaftLogWorker] TRACE util.FileUtils (LogUtils.java:runAndLog(49)) - Successfully ran Files.move /home/runner/work/ratis/ratis/ratis-test/target/test/data/9df233b8/MiniRaftClusterWithGrpcfc29b47e/s0/6607989c-d6da-490c-8466-1d117010c276/current/log_inprogress_189 to /home/runner/work/ratis/ratis/ratis-test/target/test/data/9df233b8/MiniRaftClusterWithGrpcfc29b47e/s0/6607989c-d6da-490c-8466-1d117010c276/current/log_189-198
2022-07-24 15:57:05,311 [s0@group-1D117010C276-SegmentedRaftLogWorker] INFO  segmented.SegmentedRaftLogWorker (SegmentedRaftLogWorker.java:execute(586)) - s0@group-1D117010C276-SegmentedRaftLogWorker: Rolled log segment from /home/runner/work/ratis/ratis/ratis-test/target/test/data/9df233b8/MiniRaftClusterWithGrpcfc29b47e/s0/6607989c-d6da-490c-8466-1d117010c276/current/log_inprogress_189 to /home/runner/work/ratis/ratis/ratis-test/target/test/data/9df233b8/MiniRaftClusterWithGrpcfc29b47e/s0/6607989c-d6da-490c-8466-1d117010c276/current/log_189-198
2022-07-24 15:57:05,313 [s0@group-1D117010C276-SegmentedRaftLogWorker] INFO  segmented.SegmentedRaftLogWorker (SegmentedRaftLogWorker.java:execute(629)) - s0@group-1D117010C276-SegmentedRaftLogWorker: created new log segment /home/runner/work/ratis/ratis/ratis-test/target/test/data/9df233b8/MiniRaftClusterWithGrpcfc29b47e/s0/6607989c-d6da-490c-8466-1d117010c276/current/log_inprogress_199
2022-07-24 15:57:05,313 [s0@group-1D117010C276-LeaderElection33] INFO  server.RaftServer$Division (ServerState.java:setRaftConf(429)) - s0@group-1D117010C276: set configuration 199: peers:[s0|rpc:localhost:41145|admin:localhost:44949|client:localhost:40971|dataStream:localhost:35053|priority:0|startupRole:FOLLOWER, s1|rpc:localhost:37813|admin:localhost:42655|client:localhost:42193|dataStream:localhost:42861|priority:0|startupRole:FOLLOWER, s2|rpc:localhost:37241|admin:localhost:39099|client:localhost:34449|dataStream:localhost:33751|priority:0|startupRole:FOLLOWER]|listeners:[], old=null
2022-07-24 15:57:05,320 [s1-server-thread1] INFO  server.RaftServer$Division (ServerState.java:setLeader(313)) - s1@group-1D117010C276: change Leader from null to s0 at term 2 for appendEntries, leader elected after 13ms
2022-07-24 15:57:05,320 [s1-server-thread1] INFO  server.RaftServer$Division (ServerState.java:setRaftConf(429)) - s1@group-1D117010C276: set configuration 199: peers:[s0|rpc:localhost:41145|admin:localhost:44949|client:localhost:40971|dataStream:localhost:35053|priority:0|startupRole:FOLLOWER, s1|rpc:localhost:37813|admin:localhost:42655|client:localhost:42193|dataStream:localhost:42861|priority:0|startupRole:FOLLOWER, s2|rpc:localhost:37241|admin:localhost:39099|client:localhost:34449|dataStream:localhost:33751|priority:0|startupRole:FOLLOWER]|listeners:[], old=null
2022-07-24 15:57:05,320 [s1-server-thread1] DEBUG raftlog.RaftLog (SegmentedRaftLog.java:appendImpl(447)) - truncateIndex=-1, arrayIndex=0
2022-07-24 15:57:05,320 [s1-server-thread1] INFO  segmented.SegmentedRaftLogWorker (SegmentedRaftLogWorker.java:rollLogSegment(430)) - s1@group-1D117010C276-SegmentedRaftLogWorker: Rolling segment log-189_198 to index:198
2022-07-24 15:57:05,321 [s1@group-1D117010C276-SegmentedRaftLogWorker] TRACE util.FileUtils (LogUtils.java:runAndLog(49)) - Successfully ran Files.move /home/runner/work/ratis/ratis/ratis-test/target/test/data/9df233b8/MiniRaftClusterWithGrpcfc29b47e/s1/6607989c-d6da-490c-8466-1d117010c276/current/log_inprogress_189 to /home/runner/work/ratis/ratis/ratis-test/target/test/data/9df233b8/MiniRaftClusterWithGrpcfc29b47e/s1/6607989c-d6da-490c-8466-1d117010c276/current/log_189-198
2022-07-24 15:57:05,321 [s1@group-1D117010C276-SegmentedRaftLogWorker] INFO  segmented.SegmentedRaftLogWorker (SegmentedRaftLogWorker.java:execute(586)) - s1@group-1D117010C276-SegmentedRaftLogWorker: Rolled log segment from /home/runner/work/ratis/ratis/ratis-test/target/test/data/9df233b8/MiniRaftClusterWithGrpcfc29b47e/s1/6607989c-d6da-490c-8466-1d117010c276/current/log_inprogress_189 to /home/runner/work/ratis/ratis/ratis-test/target/test/data/9df233b8/MiniRaftClusterWithGrpcfc29b47e/s1/6607989c-d6da-490c-8466-1d117010c276/current/log_189-198
2022-07-24 15:57:05,323 [grpc-default-executor-2] WARN  server.GrpcServerProtocolService (LogUtils.java:warn(124)) - s2: Failed APPEND_ENTRIES request s0->s2#1-t2,previous=(t:1, i:198),leaderCommit=196,initializing? true,entries: size=1, first=(t:2, i:199), CONFIGURATIONENTRY(current:id: "s0"
address: "localhost:41145"
dataStreamAddress: "localhost:35053"
clientAddress: "localhost:40971"
adminAddress: "localhost:44949"
startupRole: FOLLOWER
,id: "s1"
address: "localhost:37813"
dataStreamAddress: "localhost:42861"
clientAddress: "localhost:42193"
adminAddress: "localhost:42655"
startupRole: FOLLOWER
,id: "s2"
address: "localhost:37241"
dataStreamAddress: "localhost:33751"
clientAddress: "localhost:34449"
adminAddress: "localhost:39099"
startupRole: FOLLOWER
, old:)
java.util.concurrent.CompletionException: java.util.concurrent.RejectedExecutionException: Task java.util.concurrent.CompletableFuture$AsyncSupply@25d93de8 rejected from java.util.concurrent.ThreadPoolExecutor@5f803e53[Terminated, pool size = 0, active threads = 0, queued tasks = 0, completed tasks = 0]
	at java.util.concurrent.CompletableFuture.encodeThrowable(CompletableFuture.java:273)
	at java.util.concurrent.CompletableFuture.uniComposeStage(CompletableFuture.java:1005)
	at java.util.concurrent.CompletableFuture.thenCompose(CompletableFuture.java:2137)
	at org.apache.ratis.server.impl.RaftServerProxy.appendEntriesAsync(RaftServerProxy.java:622)
	at org.apache.ratis.grpc.server.GrpcServerProtocolService$1.process(GrpcServerProtocolService.java:207)
	at org.apache.ratis.grpc.server.GrpcServerProtocolService$1.process(GrpcServerProtocolService.java:204)
	at org.apache.ratis.grpc.server.GrpcServerProtocolService$ServerRequestStreamObserver.onNext(GrpcServerProtocolService.java:126)
	at org.apache.ratis.thirdparty.io.grpc.stub.ServerCalls$StreamingServerCallHandler$StreamingServerCallListener.onMessage(ServerCalls.java:262)
	at org.apache.ratis.thirdparty.io.grpc.ForwardingServerCallListener.onMessage(ForwardingServerCallListener.java:33)
	at org.apache.ratis.thirdparty.io.grpc.internal.ServerCallImpl$ServerStreamListenerImpl.messagesAvailableInternal(ServerCallImpl.java:318)
	at org.apache.ratis.thirdparty.io.grpc.internal.ServerCallImpl$ServerStreamListenerImpl.messagesAvailable(ServerCallImpl.java:301)
	at org.apache.ratis.thirdparty.io.grpc.internal.ServerImpl$JumpToApplicationThreadServerStreamListener$1MessagesAvailable.runInContext(ServerImpl.java:834)
	at org.apache.ratis.thirdparty.io.grpc.internal.ContextRunnable.run(ContextRunnable.java:37)
	at org.apache.ratis.thirdparty.io.grpc.internal.SerializingExecutor.run(SerializingExecutor.java:133)
	at java.util.concurrent.ThreadPoolExecutor.runWorker(ThreadPoolExecutor.java:1149)
	at java.util.concurrent.ThreadPoolExecutor$Worker.run(ThreadPoolExecutor.java:624)
	at java.lang.Thread.run(Thread.java:750)
Caused by: java.util.concurrent.RejectedExecutionException: Task java.util.concurrent.CompletableFuture$AsyncSupply@25d93de8 rejected from java.util.concurrent.ThreadPoolExecutor@5f803e53[Terminated, pool size = 0, active threads = 0, queued tasks = 0, completed tasks = 0]
	at java.util.concurrent.ThreadPoolExecutor$AbortPolicy.rejectedExecution(ThreadPoolExecutor.java:2063)
	at java.util.concurrent.ThreadPoolExecutor.reject(ThreadPoolExecutor.java:830)
	at java.util.concurrent.ThreadPoolExecutor.execute(ThreadPoolExecutor.java:1379)
	at java.util.concurrent.CompletableFuture.asyncSupplyStage(CompletableFuture.java:1618)
	at java.util.concurrent.CompletableFuture.supplyAsync(CompletableFuture.java:1843)
	at org.apache.ratis.server.impl.RaftServerImpl.executeSubmitServerRequestAsync(RaftServerImpl.java:788)
	at org.apache.ratis.server.impl.RaftServerProxy.lambda$appendEntriesAsync$26(RaftServerProxy.java:622)
	at java.util.concurrent.CompletableFuture.uniComposeStage(CompletableFuture.java:995)
	... 15 more
2022-07-24 15:57:05,323 [s1@group-1D117010C276-SegmentedRaftLogWorker] INFO  segmented.SegmentedRaftLogWorker (SegmentedRaftLogWorker.java:execute(629)) - s1@group-1D117010C276-SegmentedRaftLogWorker: created new log segment /home/runner/work/ratis/ratis/ratis-test/target/test/data/9df233b8/MiniRaftClusterWithGrpcfc29b47e/s1/6607989c-d6da-490c-8466-1d117010c276/current/log_inprogress_199
2022-07-24 15:57:05,327 [grpc-default-executor-0] WARN  server.GrpcLogAppender (LogUtils.java:warn(124)) - s0@group-1D117010C276->s2-AppendLogResponseHandler: Failed appendEntries
java.io.IOException: java.util.concurrent.RejectedExecutionException: Task java.util.concurrent.CompletableFuture$AsyncSupply@25d93de8 rejected from java.util.concurrent.ThreadPoolExecutor@5f803e53[Terminated, pool size = 0, active threads = 0, queued tasks = 0, completed tasks = 0]
	at org.apache.ratis.util.IOUtils.asIOException(IOUtils.java:56)
	at org.apache.ratis.grpc.GrpcUtil.tryUnwrapException(GrpcUtil.java:121)
	at org.apache.ratis.grpc.GrpcUtil.unwrapThrowable(GrpcUtil.java:82)
	at org.apache.ratis.grpc.GrpcUtil.warn(GrpcUtil.java:178)
	at org.apache.ratis.grpc.server.GrpcLogAppender$AppendLogResponseHandler.onError(GrpcLogAppender.java:378)
	at org.apache.ratis.thirdparty.io.grpc.stub.ClientCalls$StreamObserverToCallListenerAdapter.onClose(ClientCalls.java:479)
	at org.apache.ratis.thirdparty.io.grpc.internal.ClientCallImpl.closeObserver(ClientCallImpl.java:562)
	at org.apache.ratis.thirdparty.io.grpc.internal.ClientCallImpl.access$300(ClientCallImpl.java:70)
	at org.apache.ratis.thirdparty.io.grpc.internal.ClientCallImpl$ClientStreamListenerImpl$1StreamClosed.runInternal(ClientCallImpl.java:743)
	at org.apache.ratis.thirdparty.io.grpc.internal.ClientCallImpl$ClientStreamListenerImpl$1StreamClosed.runInContext(ClientCallImpl.java:722)
	at org.apache.ratis.thirdparty.io.grpc.internal.ContextRunnable.run(ContextRunnable.java:37)
	at org.apache.ratis.thirdparty.io.grpc.internal.SerializingExecutor.run(SerializingExecutor.java:133)
	at java.util.concurrent.ThreadPoolExecutor.runWorker(ThreadPoolExecutor.java:1149)
	at java.util.concurrent.ThreadPoolExecutor$Worker.run(ThreadPoolExecutor.java:624)
	at java.lang.Thread.run(Thread.java:750)
Caused by: java.util.concurrent.RejectedExecutionException: Task java.util.concurrent.CompletableFuture$AsyncSupply@25d93de8 rejected from java.util.concurrent.ThreadPoolExecutor@5f803e53[Terminated, pool size = 0, active threads = 0, queued tasks = 0, completed tasks = 0]
	at sun.reflect.NativeConstructorAccessorImpl.newInstance0(Native Method)
	at sun.reflect.NativeConstructorAccessorImpl.newInstance(NativeConstructorAccessorImpl.java:62)
	at sun.reflect.DelegatingConstructorAccessorImpl.newInstance(DelegatingConstructorAccessorImpl.java:45)
	at java.lang.reflect.Constructor.newInstance(Constructor.java:423)
	at org.apache.ratis.util.ReflectionUtils.instantiateException(ReflectionUtils.java:259)
	at org.apache.ratis.grpc.GrpcUtil.tryUnwrapException(GrpcUtil.java:120)
	... 13 more
Caused by: org.apache.ratis.thirdparty.io.grpc.StatusRuntimeException: INTERNAL: Task java.util.concurrent.CompletableFuture$AsyncSupply@25d93de8 rejected from java.util.concurrent.ThreadPoolExecutor@5f803e53[Terminated, pool size = 0, active threads = 0, queued tasks = 0, completed tasks = 0]
	at org.apache.ratis.thirdparty.io.grpc.Status.asRuntimeException(Status.java:535)
	... 10 more
	Suppressed: java.lang.IllegalStateException: Failed to cast to class java.io.IOException, object=java.util.concurrent.RejectedExecutionException: Task java.util.concurrent.CompletableFuture$AsyncSupply@25d93de8 rejected from java.util.concurrent.ThreadPoolExecutor@5f803e53[Terminated, pool size = 0, active threads = 0, queued tasks = 0, completed tasks = 0]
	at java.util.concurrent.ThreadPoolExecutor$AbortPolicy.rejectedExecution(ThreadPoolExecutor.java:2063)
	at java.util.concurrent.ThreadPoolExecutor.reject(ThreadPoolExecutor.java:830)
	at java.util.concurrent.ThreadPoolExecutor.execute(ThreadPoolExecutor.java:1379)
	at java.util.concurrent.CompletableFuture.asyncSupplyStage(CompletableFuture.java:1618)
	at java.util.concurrent.CompletableFuture.supplyAsync(CompletableFuture.java:1843)
	at org.apache.ratis.server.impl.RaftServerImpl.executeSubmitServerRequestAsync(RaftServerImpl.java:788)
	at org.apache.ratis.server.impl.RaftServerProxy.lambda$appendEntriesAsync$26(RaftServerProxy.java:622)
	at java.util.concurrent.CompletableFuture.uniComposeStage(CompletableFuture.java:995)
	at java.util.concurrent.CompletableFuture.thenCompose(CompletableFuture.java:2137)
	at org.apache.ratis.server.impl.RaftServerProxy.appendEntriesAsync(RaftServerProxy.java:622)
	at org.apache.ratis.grpc.server.GrpcServerProtocolService$1.process(GrpcServerProtocolService.java:207)
	at org.apache.ratis.grpc.server.GrpcServerProtocolService$1.process(GrpcServerProtocolService.java:204)
	at org.apache.ratis.grpc.server.GrpcServerProtocolService$ServerRequestStreamObserver.onNext(GrpcServerProtocolService.java:126)
	at org.apache.ratis.thirdparty.io.grpc.stub.ServerCalls$StreamingServerCallHandler$StreamingServerCallListener.onMessage(ServerCalls.java:262)
	at org.apache.ratis.thirdparty.io.grpc.ForwardingServerCallListener.onMessage(ForwardingServerCallListener.java:33)
	at org.apache.ratis.thirdparty.io.grpc.internal.ServerCallImpl$ServerStreamListenerImpl.messagesAvailableInternal(ServerCallImpl.java:318)
	at org.apache.ratis.thirdparty.io.grpc.internal.ServerCallImpl$ServerStreamListenerImpl.messagesAvailable(ServerCallImpl.java:301)
	at org.apache.ratis.thirdparty.io.grpc.internal.ServerImpl$JumpToApplicationThreadServerStreamListener$1MessagesAvailable.runInContext(ServerImpl.java:834)
	at org.apache.ratis.thirdparty.io.grpc.internal.ContextRunnable.run(ContextRunnable.java:37)
	at org.apache.ratis.thirdparty.io.grpc.internal.SerializingExecutor.run(SerializingExecutor.java:133)
	at java.util.concurrent.ThreadPoolExecutor.runWorker(ThreadPoolExecutor.java:1149)
	at java.util.concurrent.ThreadPoolExecutor$Worker.run(ThreadPoolExecutor.java:624)
	at java.lang.Thread.run(Thread.java:750)

		at org.apache.ratis.util.IOUtils.readObject(IOUtils.java:237)
		at org.apache.ratis.util.IOUtils.bytes2Object(IOUtils.java:214)
		at org.apache.ratis.grpc.GrpcUtil.tryUnwrapException(GrpcUtil.java:109)
		at org.apache.ratis.grpc.GrpcUtil.unwrapThrowable(GrpcUtil.java:82)
		at org.apache.ratis.grpc.GrpcUtil.warn(GrpcUtil.java:178)
		at org.apache.ratis.grpc.server.GrpcLogAppender$AppendLogResponseHandler.onError(GrpcLogAppender.java:378)
		... 10 more
	Caused by: java.lang.ClassCastException: Cannot cast java.util.concurrent.RejectedExecutionException to java.io.IOException
		at java.lang.Class.cast(Class.java:3369)
		at org.apache.ratis.util.IOUtils.readObject(IOUtils.java:234)
		... 15 more
2022-07-24 15:57:05,327 [grpc-default-executor-0] INFO  leader.FollowerInfo (FollowerInfoImpl.java:lambda$new$0(48)) - s0@group-1D117010C276->s2: nextIndex: updateUnconditionally 200 -> 199
2022-07-24 15:57:05,333 [grpc-default-executor-0] WARN  server.GrpcServerProtocolService (LogUtils.java:warn(124)) - s2: Failed APPEND_ENTRIES request s0->s2#2-t2,previous=(t:1, i:198),leaderCommit=196,initializing? true,entries: size=1, first=(t:2, i:199), CONFIGURATIONENTRY(current:id: "s0"
address: "localhost:41145"
dataStreamAddress: "localhost:35053"
clientAddress: "localhost:40971"
adminAddress: "localhost:44949"
startupRole: FOLLOWER
,id: "s1"
address: "localhost:37813"
dataStreamAddress: "localhost:42861"
clientAddress: "localhost:42193"
adminAddress: "localhost:42655"
startupRole: FOLLOWER
,id: "s2"
address: "localhost:37241"
dataStreamAddress: "localhost:33751"
clientAddress: "localhost:34449"
adminAddress: "localhost:39099"
startupRole: FOLLOWER
, old:)
java.util.concurrent.CompletionException: java.util.concurrent.RejectedExecutionException: Task java.util.concurrent.CompletableFuture$AsyncSupply@38946684 rejected from java.util.concurrent.ThreadPoolExecutor@5f803e53[Terminated, pool size = 0, active threads = 0, queued tasks = 0, completed tasks = 0]
	at java.util.concurrent.CompletableFuture.encodeThrowable(CompletableFuture.java:273)
	at java.util.concurrent.CompletableFuture.uniComposeStage(CompletableFuture.java:1005)
	at java.util.concurrent.CompletableFuture.thenCompose(CompletableFuture.java:2137)
	at org.apache.ratis.server.impl.RaftServerProxy.appendEntriesAsync(RaftServerProxy.java:622)
	at org.apache.ratis.grpc.server.GrpcServerProtocolService$1.process(GrpcServerProtocolService.java:207)
	at org.apache.ratis.grpc.server.GrpcServerProtocolService$1.process(GrpcServerProtocolService.java:204)
	at org.apache.ratis.grpc.server.GrpcServerProtocolService$ServerRequestStreamObserver.onNext(GrpcServerProtocolService.java:126)
	at org.apache.ratis.thirdparty.io.grpc.stub.ServerCalls$StreamingServerCallHandler$StreamingServerCallListener.onMessage(ServerCalls.java:262)
	at org.apache.ratis.thirdparty.io.grpc.ForwardingServerCallListener.onMessage(ForwardingServerCallListener.java:33)
	at org.apache.ratis.thirdparty.io.grpc.internal.ServerCallImpl$ServerStreamListenerImpl.messagesAvailableInternal(ServerCallImpl.java:318)
	at org.apache.ratis.thirdparty.io.grpc.internal.ServerCallImpl$ServerStreamListenerImpl.messagesAvailable(ServerCallImpl.java:301)
	at org.apache.ratis.thirdparty.io.grpc.internal.ServerImpl$JumpToApplicationThreadServerStreamListener$1MessagesAvailable.runInContext(ServerImpl.java:834)
	at org.apache.ratis.thirdparty.io.grpc.internal.ContextRunnable.run(ContextRunnable.java:37)
	at org.apache.ratis.thirdparty.io.grpc.internal.SerializingExecutor.run(SerializingExecutor.java:133)
	at java.util.concurrent.ThreadPoolExecutor.runWorker(ThreadPoolExecutor.java:1149)
	at java.util.concurrent.ThreadPoolExecutor$Worker.run(ThreadPoolExecutor.java:624)
	at java.lang.Thread.run(Thread.java:750)
Caused by: java.util.concurrent.RejectedExecutionException: Task java.util.concurrent.CompletableFuture$AsyncSupply@38946684 rejected from java.util.concurrent.ThreadPoolExecutor@5f803e53[Terminated, pool size = 0, active threads = 0, queued tasks = 0, completed tasks = 0]
	at java.util.concurrent.ThreadPoolExecutor$AbortPolicy.rejectedExecution(ThreadPoolExecutor.java:2063)
	at java.util.concurrent.ThreadPoolExecutor.reject(ThreadPoolExecutor.java:830)
	at java.util.concurrent.ThreadPoolExecutor.execute(ThreadPoolExecutor.java:1379)
	at java.util.concurrent.CompletableFuture.asyncSupplyStage(CompletableFuture.java:1618)
	at java.util.concurrent.CompletableFuture.supplyAsync(CompletableFuture.java:1843)
	at org.apache.ratis.server.impl.RaftServerImpl.executeSubmitServerRequestAsync(RaftServerImpl.java:788)
	at org.apache.ratis.server.impl.RaftServerProxy.lambda$appendEntriesAsync$26(RaftServerProxy.java:622)
	at java.util.concurrent.CompletableFuture.uniComposeStage(CompletableFuture.java:995)
	... 15 more
2022-07-24 15:57:05,337 [grpc-default-executor-4] WARN  server.GrpcLogAppender (LogUtils.java:warn(124)) - s0@group-1D117010C276->s2-AppendLogResponseHandler: Failed appendEntries
java.io.IOException: java.util.concurrent.RejectedExecutionException: Task java.util.concurrent.CompletableFuture$AsyncSupply@38946684 rejected from java.util.concurrent.ThreadPoolExecutor@5f803e53[Terminated, pool size = 0, active threads = 0, queued tasks = 0, completed tasks = 0]
	at org.apache.ratis.util.IOUtils.asIOException(IOUtils.java:56)
	at org.apache.ratis.grpc.GrpcUtil.tryUnwrapException(GrpcUtil.java:121)
	at org.apache.ratis.grpc.GrpcUtil.unwrapThrowable(GrpcUtil.java:82)
	at org.apache.ratis.grpc.GrpcUtil.warn(GrpcUtil.java:178)
	at org.apache.ratis.grpc.server.GrpcLogAppender$AppendLogResponseHandler.onError(GrpcLogAppender.java:378)
	at org.apache.ratis.thirdparty.io.grpc.stub.ClientCalls$StreamObserverToCallListenerAdapter.onClose(ClientCalls.java:479)
	at org.apache.ratis.thirdparty.io.grpc.internal.ClientCallImpl.closeObserver(ClientCallImpl.java:562)
	at org.apache.ratis.thirdparty.io.grpc.internal.ClientCallImpl.access$300(ClientCallImpl.java:70)
	at org.apache.ratis.thirdparty.io.grpc.internal.ClientCallImpl$ClientStreamListenerImpl$1StreamClosed.runInternal(ClientCallImpl.java:743)
	at org.apache.ratis.thirdparty.io.grpc.internal.ClientCallImpl$ClientStreamListenerImpl$1StreamClosed.runInContext(ClientCallImpl.java:722)
	at org.apache.ratis.thirdparty.io.grpc.internal.ContextRunnable.run(ContextRunnable.java:37)
	at org.apache.ratis.thirdparty.io.grpc.internal.SerializingExecutor.run(SerializingExecutor.java:133)
	at java.util.concurrent.ThreadPoolExecutor.runWorker(ThreadPoolExecutor.java:1149)
	at java.util.concurrent.ThreadPoolExecutor$Worker.run(ThreadPoolExecutor.java:624)
	at java.lang.Thread.run(Thread.java:750)
Caused by: java.util.concurrent.RejectedExecutionException: Task java.util.concurrent.CompletableFuture$AsyncSupply@38946684 rejected from java.util.concurrent.ThreadPoolExecutor@5f803e53[Terminated, pool size = 0, active threads = 0, queued tasks = 0, completed tasks = 0]
	at sun.reflect.NativeConstructorAccessorImpl.newInstance0(Native Method)
	at sun.reflect.NativeConstructorAccessorImpl.newInstance(NativeConstructorAccessorImpl.java:62)
	at sun.reflect.DelegatingConstructorAccessorImpl.newInstance(DelegatingConstructorAccessorImpl.java:45)
	at java.lang.reflect.Constructor.newInstance(Constructor.java:423)
	at org.apache.ratis.util.ReflectionUtils.instantiateException(ReflectionUtils.java:259)
	at org.apache.ratis.grpc.GrpcUtil.tryUnwrapException(GrpcUtil.java:120)
	... 13 more
Caused by: org.apache.ratis.thirdparty.io.grpc.StatusRuntimeException: INTERNAL: Task java.util.concurrent.CompletableFuture$AsyncSupply@38946684 rejected from java.util.concurrent.ThreadPoolExecutor@5f803e53[Terminated, pool size = 0, active threads = 0, queued tasks = 0, completed tasks = 0]
	at org.apache.ratis.thirdparty.io.grpc.Status.asRuntimeException(Status.java:535)
	... 10 more
	Suppressed: java.lang.IllegalStateException: Failed to cast to class java.io.IOException, object=java.util.concurrent.RejectedExecutionException: Task java.util.concurrent.CompletableFuture$AsyncSupply@38946684 rejected from java.util.concurrent.ThreadPoolExecutor@5f803e53[Terminated, pool size = 0, active threads = 0, queued tasks = 0, completed tasks = 0]
	at java.util.concurrent.ThreadPoolExecutor$AbortPolicy.rejectedExecution(ThreadPoolExecutor.java:2063)
	at java.util.concurrent.ThreadPoolExecutor.reject(ThreadPoolExecutor.java:830)
	at java.util.concurrent.ThreadPoolExecutor.execute(ThreadPoolExecutor.java:1379)
	at java.util.concurrent.CompletableFuture.asyncSupplyStage(CompletableFuture.java:1618)
	at java.util.concurrent.CompletableFuture.supplyAsync(CompletableFuture.java:1843)
	at org.apache.ratis.server.impl.RaftServerImpl.executeSubmitServerRequestAsync(RaftServerImpl.java:788)
	at org.apache.ratis.server.impl.RaftServerProxy.lambda$appendEntriesAsync$26(RaftServerProxy.java:622)
	at java.util.concurrent.CompletableFuture.uniComposeStage(CompletableFuture.java:995)
	at java.util.concurrent.CompletableFuture.thenCompose(CompletableFuture.java:2137)
	at org.apache.ratis.server.impl.RaftServerProxy.appendEntriesAsync(RaftServerProxy.java:622)
	at org.apache.ratis.grpc.server.GrpcServerProtocolService$1.process(GrpcServerProtocolService.java:207)
	at org.apache.ratis.grpc.server.GrpcServerProtocolService$1.process(GrpcServerProtocolService.java:204)
	at org.apache.ratis.grpc.server.GrpcServerProtocolService$ServerRequestStreamObserver.onNext(GrpcServerProtocolService.java:126)
	at org.apache.ratis.thirdparty.io.grpc.stub.ServerCalls$StreamingServerCallHandler$StreamingServerCallListener.onMessage(ServerCalls.java:262)
	at org.apache.ratis.thirdparty.io.grpc.ForwardingServerCallListener.onMessage(ForwardingServerCallListener.java:33)
	at org.apache.ratis.thirdparty.io.grpc.internal.ServerCallImpl$ServerStreamListenerImpl.messagesAvailableInternal(ServerCallImpl.java:318)
	at org.apache.ratis.thirdparty.io.grpc.internal.ServerCallImpl$ServerStreamListenerImpl.messagesAvailable(ServerCallImpl.java:301)
	at org.apache.ratis.thirdparty.io.grpc.internal.ServerImpl$JumpToApplicationThreadServerStreamListener$1MessagesAvailable.runInContext(ServerImpl.java:834)
	at org.apache.ratis.thirdparty.io.grpc.internal.ContextRunnable.run(ContextRunnable.java:37)
	at org.apache.ratis.thirdparty.io.grpc.internal.SerializingExecutor.run(SerializingExecutor.java:133)
	at java.util.concurrent.ThreadPoolExecutor.runWorker(ThreadPoolExecutor.java:1149)
	at java.util.concurrent.ThreadPoolExecutor$Worker.run(ThreadPoolExecutor.java:624)
	at java.lang.Thread.run(Thread.java:750)

		at org.apache.ratis.util.IOUtils.readObject(IOUtils.java:237)
		at org.apache.ratis.util.IOUtils.bytes2Object(IOUtils.java:214)
		at org.apache.ratis.grpc.GrpcUtil.tryUnwrapException(GrpcUtil.java:109)
		at org.apache.ratis.grpc.GrpcUtil.unwrapThrowable(GrpcUtil.java:82)
		at org.apache.ratis.grpc.GrpcUtil.warn(GrpcUtil.java:178)
		at org.apache.ratis.grpc.server.GrpcLogAppender$AppendLogResponseHandler.onError(GrpcLogAppender.java:378)
		... 10 more
	Caused by: java.lang.ClassCastException: Cannot cast java.util.concurrent.RejectedExecutionException to java.io.IOException
		at java.lang.Class.cast(Class.java:3369)
		at org.apache.ratis.util.IOUtils.readObject(IOUtils.java:234)
		... 15 more
2022-07-24 15:57:05,338 [grpc-default-executor-4] INFO  leader.FollowerInfo (FollowerInfoImpl.java:lambda$new$0(48)) - s0@group-1D117010C276->s2: nextIndex: updateUnconditionally 200 -> 199
2022-07-24 15:57:05,338 [s1-server-thread1] DEBUG raftlog.RaftLog (SegmentedRaftLog.java:appendImpl(447)) - truncateIndex=-1, arrayIndex=0
2022-07-24 15:57:05,341 [grpc-default-executor-8] WARN  server.GrpcServerProtocolService (LogUtils.java:warn(124)) - s2: Failed APPEND_ENTRIES request s0->s2#4-t2,previous=(t:1, i:198),leaderCommit=200,initializing? true,entries: size=2, first=(t:2, i:199), CONFIGURATIONENTRY(current:id: "s0"
address: "localhost:41145"
dataStreamAddress: "localhost:35053"
clientAddress: "localhost:40971"
adminAddress: "localhost:44949"
startupRole: FOLLOWER
,id: "s1"
address: "localhost:37813"
dataStreamAddress: "localhost:42861"
clientAddress: "localhost:42193"
adminAddress: "localhost:42655"
startupRole: FOLLOWER
,id: "s2"
address: "localhost:37241"
dataStreamAddress: "localhost:33751"
clientAddress: "localhost:34449"
adminAddress: "localhost:39099"
startupRole: FOLLOWER
, old:)
java.util.concurrent.CompletionException: java.util.concurrent.RejectedExecutionException: Task java.util.concurrent.CompletableFuture$AsyncSupply@a5339d7 rejected from java.util.concurrent.ThreadPoolExecutor@5f803e53[Terminated, pool size = 0, active threads = 0, queued tasks = 0, completed tasks = 0]
	at java.util.concurrent.CompletableFuture.encodeThrowable(CompletableFuture.java:273)
	at java.util.concurrent.CompletableFuture.uniComposeStage(CompletableFuture.java:1005)
	at java.util.concurrent.CompletableFuture.thenCompose(CompletableFuture.java:2137)
	at org.apache.ratis.server.impl.RaftServerProxy.appendEntriesAsync(RaftServerProxy.java:622)
	at org.apache.ratis.grpc.server.GrpcServerProtocolService$1.process(GrpcServerProtocolService.java:207)
	at org.apache.ratis.grpc.server.GrpcServerProtocolService$1.process(GrpcServerProtocolService.java:204)
	at org.apache.ratis.grpc.server.GrpcServerProtocolService$ServerRequestStreamObserver.onNext(GrpcServerProtocolService.java:126)
	at org.apache.ratis.thirdparty.io.grpc.stub.ServerCalls$StreamingServerCallHandler$StreamingServerCallListener.onMessage(ServerCalls.java:262)
	at org.apache.ratis.thirdparty.io.grpc.ForwardingServerCallListener.onMessage(ForwardingServerCallListener.java:33)
	at org.apache.ratis.thirdparty.io.grpc.internal.ServerCallImpl$ServerStreamListenerImpl.messagesAvailableInternal(ServerCallImpl.java:318)
	at org.apache.ratis.thirdparty.io.grpc.internal.ServerCallImpl$ServerStreamListenerImpl.messagesAvailable(ServerCallImpl.java:301)
	at org.apache.ratis.thirdparty.io.grpc.internal.ServerImpl$JumpToApplicationThreadServerStreamListener$1MessagesAvailable.runInContext(ServerImpl.java:834)
	at org.apache.ratis.thirdparty.io.grpc.internal.ContextRunnable.run(ContextRunnable.java:37)
	at org.apache.ratis.thirdparty.io.grpc.internal.SerializingExecutor.run(SerializingExecutor.java:133)
	at java.util.concurrent.ThreadPoolExecutor.runWorker(ThreadPoolExecutor.java:1149)
	at java.util.concurrent.ThreadPoolExecutor$Worker.run(ThreadPoolExecutor.java:624)
	at java.lang.Thread.run(Thread.java:750)
Caused by: java.util.concurrent.RejectedExecutionException: Task java.util.concurrent.CompletableFuture$AsyncSupply@a5339d7 rejected from java.util.concurrent.ThreadPoolExecutor@5f803e53[Terminated, pool size = 0, active threads = 0, queued tasks = 0, completed tasks = 0]
	at java.util.concurrent.ThreadPoolExecutor$AbortPolicy.rejectedExecution(ThreadPoolExecutor.java:2063)
	at java.util.concurrent.ThreadPoolExecutor.reject(ThreadPoolExecutor.java:830)
	at java.util.concurrent.ThreadPoolExecutor.execute(ThreadPoolExecutor.java:1379)
	at java.util.concurrent.CompletableFuture.asyncSupplyStage(CompletableFuture.java:1618)
	at java.util.concurrent.CompletableFuture.supplyAsync(CompletableFuture.java:1843)
	at org.apache.ratis.server.impl.RaftServerImpl.executeSubmitServerRequestAsync(RaftServerImpl.java:788)
	at org.apache.ratis.server.impl.RaftServerProxy.lambda$appendEntriesAsync$26(RaftServerProxy.java:622)
	at java.util.concurrent.CompletableFuture.uniComposeStage(CompletableFuture.java:995)
	... 15 more
2022-07-24 15:57:05,345 [grpc-default-executor-4] WARN  server.GrpcLogAppender (LogUtils.java:warn(124)) - s0@group-1D117010C276->s2-AppendLogResponseHandler: Failed appendEntries
java.io.IOException: java.util.concurrent.RejectedExecutionException: Task java.util.concurrent.CompletableFuture$AsyncSupply@a5339d7 rejected from java.util.concurrent.ThreadPoolExecutor@5f803e53[Terminated, pool size = 0, active threads = 0, queued tasks = 0, completed tasks = 0]
	at org.apache.ratis.util.IOUtils.asIOException(IOUtils.java:56)
	at org.apache.ratis.grpc.GrpcUtil.tryUnwrapException(GrpcUtil.java:121)
	at org.apache.ratis.grpc.GrpcUtil.unwrapThrowable(GrpcUtil.java:82)
	at org.apache.ratis.grpc.GrpcUtil.warn(GrpcUtil.java:178)
	at org.apache.ratis.grpc.server.GrpcLogAppender$AppendLogResponseHandler.onError(GrpcLogAppender.java:378)
	at org.apache.ratis.thirdparty.io.grpc.stub.ClientCalls$StreamObserverToCallListenerAdapter.onClose(ClientCalls.java:479)
	at org.apache.ratis.thirdparty.io.grpc.internal.ClientCallImpl.closeObserver(ClientCallImpl.java:562)
	at org.apache.ratis.thirdparty.io.grpc.internal.ClientCallImpl.access$300(ClientCallImpl.java:70)
	at org.apache.ratis.thirdparty.io.grpc.internal.ClientCallImpl$ClientStreamListenerImpl$1StreamClosed.runInternal(ClientCallImpl.java:743)
	at org.apache.ratis.thirdparty.io.grpc.internal.ClientCallImpl$ClientStreamListenerImpl$1StreamClosed.runInContext(ClientCallImpl.java:722)
	at org.apache.ratis.thirdparty.io.grpc.internal.ContextRunnable.run(ContextRunnable.java:37)
	at org.apache.ratis.thirdparty.io.grpc.internal.SerializingExecutor.run(SerializingExecutor.java:133)
	at java.util.concurrent.ThreadPoolExecutor.runWorker(ThreadPoolExecutor.java:1149)
	at java.util.concurrent.ThreadPoolExecutor$Worker.run(ThreadPoolExecutor.java:624)
	at java.lang.Thread.run(Thread.java:750)
Caused by: java.util.concurrent.RejectedExecutionException: Task java.util.concurrent.CompletableFuture$AsyncSupply@a5339d7 rejected from java.util.concurrent.ThreadPoolExecutor@5f803e53[Terminated, pool size = 0, active threads = 0, queued tasks = 0, completed tasks = 0]
	at sun.reflect.NativeConstructorAccessorImpl.newInstance0(Native Method)
	at sun.reflect.NativeConstructorAccessorImpl.newInstance(NativeConstructorAccessorImpl.java:62)
	at sun.reflect.DelegatingConstructorAccessorImpl.newInstance(DelegatingConstructorAccessorImpl.java:45)
	at java.lang.reflect.Constructor.newInstance(Constructor.java:423)
	at org.apache.ratis.util.ReflectionUtils.instantiateException(ReflectionUtils.java:259)
	at org.apache.ratis.grpc.GrpcUtil.tryUnwrapException(GrpcUtil.java:120)
	... 13 more
Caused by: org.apache.ratis.thirdparty.io.grpc.StatusRuntimeException: INTERNAL: Task java.util.concurrent.CompletableFuture$AsyncSupply@a5339d7 rejected from java.util.concurrent.ThreadPoolExecutor@5f803e53[Terminated, pool size = 0, active threads = 0, queued tasks = 0, completed tasks = 0]
	at org.apache.ratis.thirdparty.io.grpc.Status.asRuntimeException(Status.java:535)
	... 10 more
	Suppressed: java.lang.IllegalStateException: Failed to cast to class java.io.IOException, object=java.util.concurrent.RejectedExecutionException: Task java.util.concurrent.CompletableFuture$AsyncSupply@a5339d7 rejected from java.util.concurrent.ThreadPoolExecutor@5f803e53[Terminated, pool size = 0, active threads = 0, queued tasks = 0, completed tasks = 0]
	at java.util.concurrent.ThreadPoolExecutor$AbortPolicy.rejectedExecution(ThreadPoolExecutor.java:2063)
	at java.util.concurrent.ThreadPoolExecutor.reject(ThreadPoolExecutor.java:830)
	at java.util.concurrent.ThreadPoolExecutor.execute(ThreadPoolExecutor.java:1379)
	at java.util.concurrent.CompletableFuture.asyncSupplyStage(CompletableFuture.java:1618)
	at java.util.concurrent.CompletableFuture.supplyAsync(CompletableFuture.java:1843)
	at org.apache.ratis.server.impl.RaftServerImpl.executeSubmitServerRequestAsync(RaftServerImpl.java:788)
	at org.apache.ratis.server.impl.RaftServerProxy.lambda$appendEntriesAsync$26(RaftServerProxy.java:622)
	at java.util.concurrent.CompletableFuture.uniComposeStage(CompletableFuture.java:995)
	at java.util.concurrent.CompletableFuture.thenCompose(CompletableFuture.java:2137)
	at org.apache.ratis.server.impl.RaftServerProxy.appendEntriesAsync(RaftServerProxy.java:622)
	at org.apache.ratis.grpc.server.GrpcServerProtocolService$1.process(GrpcServerProtocolService.java:207)
	at org.apache.ratis.grpc.server.GrpcServerProtocolService$1.process(GrpcServerProtocolService.java:204)
	at org.apache.ratis.grpc.server.GrpcServerProtocolService$ServerRequestStreamObserver.onNext(GrpcServerProtocolService.java:126)
	at org.apache.ratis.thirdparty.io.grpc.stub.ServerCalls$StreamingServerCallHandler$StreamingServerCallListener.onMessage(ServerCalls.java:262)
	at org.apache.ratis.thirdparty.io.grpc.ForwardingServerCallListener.onMessage(ForwardingServerCallListener.java:33)
	at org.apache.ratis.thirdparty.io.grpc.internal.ServerCallImpl$ServerStreamListenerImpl.messagesAvailableInternal(ServerCallImpl.java:318)
	at org.apache.ratis.thirdparty.io.grpc.internal.ServerCallImpl$ServerStreamListenerImpl.messagesAvailable(ServerCallImpl.java:301)
	at org.apache.ratis.thirdparty.io.grpc.internal.ServerImpl$JumpToApplicationThreadServerStreamListener$1MessagesAvailable.runInContext(ServerImpl.java:834)
	at org.apache.ratis.thirdparty.io.grpc.internal.ContextRunnable.run(ContextRunnable.java:37)
	at org.apache.ratis.thirdparty.io.grpc.internal.SerializingExecutor.run(SerializingExecutor.java:133)
	at java.util.concurrent.ThreadPoolExecutor.runWorker(ThreadPoolExecutor.java:1149)
	at java.util.concurrent.ThreadPoolExecutor$Worker.run(ThreadPoolExecutor.java:624)
	at java.lang.Thread.run(Thread.java:750)

		at org.apache.ratis.util.IOUtils.readObject(IOUtils.java:237)
		at org.apache.ratis.util.IOUtils.bytes2Object(IOUtils.java:214)
		at org.apache.ratis.grpc.GrpcUtil.tryUnwrapException(GrpcUtil.java:109)
		at org.apache.ratis.grpc.GrpcUtil.unwrapThrowable(GrpcUtil.java:82)
		at org.apache.ratis.grpc.GrpcUtil.warn(GrpcUtil.java:178)
		at org.apache.ratis.grpc.server.GrpcLogAppender$AppendLogResponseHandler.onError(GrpcLogAppender.java:378)
		... 10 more
	Caused by: java.lang.ClassCastException: Cannot cast java.util.concurrent.RejectedExecutionException to java.io.IOException
		at java.lang.Class.cast(Class.java:3369)
		at org.apache.ratis.util.IOUtils.readObject(IOUtils.java:234)
		... 15 more
2022-07-24 15:57:05,345 [grpc-default-executor-4] INFO  leader.FollowerInfo (FollowerInfoImpl.java:lambda$new$0(48)) - s0@group-1D117010C276->s2: nextIndex: updateUnconditionally 201 -> 199
2022-07-24 15:57:05,375 [grpc-default-executor-8] WARN  server.GrpcServerProtocolService (LogUtils.java:warn(124)) - s2: Failed APPEND_ENTRIES request s0->s2#6-t2,previous=(t:1, i:198),leaderCommit=200,initializing? true,entries: size=2, first=(t:2, i:199), CONFIGURATIONENTRY(current:id: "s0"
address: "localhost:41145"
dataStreamAddress: "localhost:35053"
clientAddress: "localhost:40971"
adminAddress: "localhost:44949"
startupRole: FOLLOWER
,id: "s1"
address: "localhost:37813"
dataStreamAddress: "localhost:42861"
clientAddress: "localhost:42193"
adminAddress: "localhost:42655"
startupRole: FOLLOWER
,id: "s2"
address: "localhost:37241"
dataStreamAddress: "localhost:33751"
clientAddress: "localhost:34449"
adminAddress: "localhost:39099"
startupRole: FOLLOWER
, old:)
java.util.concurrent.CompletionException: java.util.concurrent.RejectedExecutionException: Task java.util.concurrent.CompletableFuture$AsyncSupply@2981cb5d rejected from java.util.concurrent.ThreadPoolExecutor@5f803e53[Terminated, pool size = 0, active threads = 0, queued tasks = 0, completed tasks = 0]
	at java.util.concurrent.CompletableFuture.encodeThrowable(CompletableFuture.java:273)
	at java.util.concurrent.CompletableFuture.uniComposeStage(CompletableFuture.java:1005)
	at java.util.concurrent.CompletableFuture.thenCompose(CompletableFuture.java:2137)
	at org.apache.ratis.server.impl.RaftServerProxy.appendEntriesAsync(RaftServerProxy.java:622)
	at org.apache.ratis.grpc.server.GrpcServerProtocolService$1.process(GrpcServerProtocolService.java:207)
	at org.apache.ratis.grpc.server.GrpcServerProtocolService$1.process(GrpcServerProtocolService.java:204)
	at org.apache.ratis.grpc.server.GrpcServerProtocolService$ServerRequestStreamObserver.onNext(GrpcServerProtocolService.java:126)
	at org.apache.ratis.thirdparty.io.grpc.stub.ServerCalls$StreamingServerCallHandler$StreamingServerCallListener.onMessage(ServerCalls.java:262)
	at org.apache.ratis.thirdparty.io.grpc.ForwardingServerCallListener.onMessage(ForwardingServerCallListener.java:33)
	at org.apache.ratis.thirdparty.io.grpc.internal.ServerCallImpl$ServerStreamListenerImpl.messagesAvailableInternal(ServerCallImpl.java:318)
	at org.apache.ratis.thirdparty.io.grpc.internal.ServerCallImpl$ServerStreamListenerImpl.messagesAvailable(ServerCallImpl.java:301)
	at org.apache.ratis.thirdparty.io.grpc.internal.ServerImpl$JumpToApplicationThreadServerStreamListener$1MessagesAvailable.runInContext(ServerImpl.java:834)
	at org.apache.ratis.thirdparty.io.grpc.internal.ContextRunnable.run(ContextRunnable.java:37)
	at org.apache.ratis.thirdparty.io.grpc.internal.SerializingExecutor.run(SerializingExecutor.java:133)
	at java.util.concurrent.ThreadPoolExecutor.runWorker(ThreadPoolExecutor.java:1149)
	at java.util.concurrent.ThreadPoolExecutor$Worker.run(ThreadPoolExecutor.java:624)
	at java.lang.Thread.run(Thread.java:750)
Caused by: java.util.concurrent.RejectedExecutionException: Task java.util.concurrent.CompletableFuture$AsyncSupply@2981cb5d rejected from java.util.concurrent.ThreadPoolExecutor@5f803e53[Terminated, pool size = 0, active threads = 0, queued tasks = 0, completed tasks = 0]
	at java.util.concurrent.ThreadPoolExecutor$AbortPolicy.rejectedExecution(ThreadPoolExecutor.java:2063)
	at java.util.concurrent.ThreadPoolExecutor.reject(ThreadPoolExecutor.java:830)
	at java.util.concurrent.ThreadPoolExecutor.execute(ThreadPoolExecutor.java:1379)
	at java.util.concurrent.CompletableFuture.asyncSupplyStage(CompletableFuture.java:1618)
	at java.util.concurrent.CompletableFuture.supplyAsync(CompletableFuture.java:1843)
	at org.apache.ratis.server.impl.RaftServerImpl.executeSubmitServerRequestAsync(RaftServerImpl.java:788)
	at org.apache.ratis.server.impl.RaftServerProxy.lambda$appendEntriesAsync$26(RaftServerProxy.java:622)
	at java.util.concurrent.CompletableFuture.uniComposeStage(CompletableFuture.java:995)
	... 15 more
2022-07-24 15:57:05,379 [grpc-default-executor-4] WARN  server.GrpcLogAppender (LogUtils.java:warn(124)) - s0@group-1D117010C276->s2-AppendLogResponseHandler: Failed appendEntries
java.io.IOException: java.util.concurrent.RejectedExecutionException: Task java.util.concurrent.CompletableFuture$AsyncSupply@2981cb5d rejected from java.util.concurrent.ThreadPoolExecutor@5f803e53[Terminated, pool size = 0, active threads = 0, queued tasks = 0, completed tasks = 0]
	at org.apache.ratis.util.IOUtils.asIOException(IOUtils.java:56)
	at org.apache.ratis.grpc.GrpcUtil.tryUnwrapException(GrpcUtil.java:121)
	at org.apache.ratis.grpc.GrpcUtil.unwrapThrowable(GrpcUtil.java:82)
	at org.apache.ratis.grpc.GrpcUtil.warn(GrpcUtil.java:178)
	at org.apache.ratis.grpc.server.GrpcLogAppender$AppendLogResponseHandler.onError(GrpcLogAppender.java:378)
	at org.apache.ratis.thirdparty.io.grpc.stub.ClientCalls$StreamObserverToCallListenerAdapter.onClose(ClientCalls.java:479)
	at org.apache.ratis.thirdparty.io.grpc.internal.ClientCallImpl.closeObserver(ClientCallImpl.java:562)
	at org.apache.ratis.thirdparty.io.grpc.internal.ClientCallImpl.access$300(ClientCallImpl.java:70)
	at org.apache.ratis.thirdparty.io.grpc.internal.ClientCallImpl$ClientStreamListenerImpl$1StreamClosed.runInternal(ClientCallImpl.java:743)
	at org.apache.ratis.thirdparty.io.grpc.internal.ClientCallImpl$ClientStreamListenerImpl$1StreamClosed.runInContext(ClientCallImpl.java:722)
	at org.apache.ratis.thirdparty.io.grpc.internal.ContextRunnable.run(ContextRunnable.java:37)
	at org.apache.ratis.thirdparty.io.grpc.internal.SerializingExecutor.run(SerializingExecutor.java:133)
	at java.util.concurrent.ThreadPoolExecutor.runWorker(ThreadPoolExecutor.java:1149)
	at java.util.concurrent.ThreadPoolExecutor$Worker.run(ThreadPoolExecutor.java:624)
	at java.lang.Thread.run(Thread.java:750)
Caused by: java.util.concurrent.RejectedExecutionException: Task java.util.concurrent.CompletableFuture$AsyncSupply@2981cb5d rejected from java.util.concurrent.ThreadPoolExecutor@5f803e53[Terminated, pool size = 0, active threads = 0, queued tasks = 0, completed tasks = 0]
	at sun.reflect.NativeConstructorAccessorImpl.newInstance0(Native Method)
	at sun.reflect.NativeConstructorAccessorImpl.newInstance(NativeConstructorAccessorImpl.java:62)
	at sun.reflect.DelegatingConstructorAccessorImpl.newInstance(DelegatingConstructorAccessorImpl.java:45)
	at java.lang.reflect.Constructor.newInstance(Constructor.java:423)
	at org.apache.ratis.util.ReflectionUtils.instantiateException(ReflectionUtils.java:259)
	at org.apache.ratis.grpc.GrpcUtil.tryUnwrapException(GrpcUtil.java:120)
	... 13 more
Caused by: org.apache.ratis.thirdparty.io.grpc.StatusRuntimeException: INTERNAL: Task java.util.concurrent.CompletableFuture$AsyncSupply@2981cb5d rejected from java.util.concurrent.ThreadPoolExecutor@5f803e53[Terminated, pool size = 0, active threads = 0, queued tasks = 0, completed tasks = 0]
	at org.apache.ratis.thirdparty.io.grpc.Status.asRuntimeException(Status.java:535)
	... 10 more
	Suppressed: java.lang.IllegalStateException: Failed to cast to class java.io.IOException, object=java.util.concurrent.RejectedExecutionException: Task java.util.concurrent.CompletableFuture$AsyncSupply@2981cb5d rejected from java.util.concurrent.ThreadPoolExecutor@5f803e53[Terminated, pool size = 0, active threads = 0, queued tasks = 0, completed tasks = 0]
	at java.util.concurrent.ThreadPoolExecutor$AbortPolicy.rejectedExecution(ThreadPoolExecutor.java:2063)
	at java.util.concurrent.ThreadPoolExecutor.reject(ThreadPoolExecutor.java:830)
	at java.util.concurrent.ThreadPoolExecutor.execute(ThreadPoolExecutor.java:1379)
	at java.util.concurrent.CompletableFuture.asyncSupplyStage(CompletableFuture.java:1618)
	at java.util.concurrent.CompletableFuture.supplyAsync(CompletableFuture.java:1843)
	at org.apache.ratis.server.impl.RaftServerImpl.executeSubmitServerRequestAsync(RaftServerImpl.java:788)
	at org.apache.ratis.server.impl.RaftServerProxy.lambda$appendEntriesAsync$26(RaftServerProxy.java:622)
	at java.util.concurrent.CompletableFuture.uniComposeStage(CompletableFuture.java:995)
	at java.util.concurrent.CompletableFuture.thenCompose(CompletableFuture.java:2137)
	at org.apache.ratis.server.impl.RaftServerProxy.appendEntriesAsync(RaftServerProxy.java:622)
	at org.apache.ratis.grpc.server.GrpcServerProtocolService$1.process(GrpcServerProtocolService.java:207)
	at org.apache.ratis.grpc.server.GrpcServerProtocolService$1.process(GrpcServerProtocolService.java:204)
	at org.apache.ratis.grpc.server.GrpcServerProtocolService$ServerRequestStreamObserver.onNext(GrpcServerProtocolService.java:126)
	at org.apache.ratis.thirdparty.io.grpc.stub.ServerCalls$StreamingServerCallHandler$StreamingServerCallListener.onMessage(ServerCalls.java:262)
	at org.apache.ratis.thirdparty.io.grpc.ForwardingServerCallListener.onMessage(ForwardingServerCallListener.java:33)
	at org.apache.ratis.thirdparty.io.grpc.internal.ServerCallImpl$ServerStreamListenerImpl.messagesAvailableInternal(ServerCallImpl.java:318)
	at org.apache.ratis.thirdparty.io.grpc.internal.ServerCallImpl$ServerStreamListenerImpl.messagesAvailable(ServerCallImpl.java:301)
	at org.apache.ratis.thirdparty.io.grpc.internal.ServerImpl$JumpToApplicationThreadServerStreamListener$1MessagesAvailable.runInContext(ServerImpl.java:834)
	at org.apache.ratis.thirdparty.io.grpc.internal.ContextRunnable.run(ContextRunnable.java:37)
	at org.apache.ratis.thirdparty.io.grpc.internal.SerializingExecutor.run(SerializingExecutor.java:133)
	at java.util.concurrent.ThreadPoolExecutor.runWorker(ThreadPoolExecutor.java:1149)
	at java.util.concurrent.ThreadPoolExecutor$Worker.run(ThreadPoolExecutor.java:624)
	at java.lang.Thread.run(Thread.java:750)

		at org.apache.ratis.util.IOUtils.readObject(IOUtils.java:237)
		at org.apache.ratis.util.IOUtils.bytes2Object(IOUtils.java:214)
		at org.apache.ratis.grpc.GrpcUtil.tryUnwrapException(GrpcUtil.java:109)
		at org.apache.ratis.grpc.GrpcUtil.unwrapThrowable(GrpcUtil.java:82)
		at org.apache.ratis.grpc.GrpcUtil.warn(GrpcUtil.java:178)
		at org.apache.ratis.grpc.server.GrpcLogAppender$AppendLogResponseHandler.onError(GrpcLogAppender.java:378)
		... 10 more
	Caused by: java.lang.ClassCastException: Cannot cast java.util.concurrent.RejectedExecutionException to java.io.IOException
		at java.lang.Class.cast(Class.java:3369)
		at org.apache.ratis.util.IOUtils.readObject(IOUtils.java:234)
		... 15 more
2022-07-24 15:57:05,379 [grpc-default-executor-4] INFO  leader.FollowerInfo (FollowerInfoImpl.java:lambda$new$0(48)) - s0@group-1D117010C276->s2: nextIndex: updateUnconditionally 201 -> 199
2022-07-24 15:57:05,412 [grpc-default-executor-8] WARN  server.GrpcServerProtocolService (LogUtils.java:warn(124)) - s2: Failed APPEND_ENTRIES request s0->s2#8-t2,previous=(t:1, i:198),leaderCommit=200,initializing? true,entries: size=2, first=(t:2, i:199), CONFIGURATIONENTRY(current:id: "s0"
address: "localhost:41145"
dataStreamAddress: "localhost:35053"
clientAddress: "localhost:40971"
adminAddress: "localhost:44949"
startupRole: FOLLOWER
,id: "s1"
address: "localhost:37813"
dataStreamAddress: "localhost:42861"
clientAddress: "localhost:42193"
adminAddress: "localhost:42655"
startupRole: FOLLOWER
,id: "s2"
address: "localhost:37241"
dataStreamAddress: "localhost:33751"
clientAddress: "localhost:34449"
adminAddress: "localhost:39099"
startupRole: FOLLOWER
, old:)
java.util.concurrent.CompletionException: java.util.concurrent.RejectedExecutionException: Task java.util.concurrent.CompletableFuture$AsyncSupply@3db3183d rejected from java.util.concurrent.ThreadPoolExecutor@5f803e53[Terminated, pool size = 0, active threads = 0, queued tasks = 0, completed tasks = 0]
	at java.util.concurrent.CompletableFuture.encodeThrowable(CompletableFuture.java:273)
	at java.util.concurrent.CompletableFuture.uniComposeStage(CompletableFuture.java:1005)
	at java.util.concurrent.CompletableFuture.thenCompose(CompletableFuture.java:2137)
	at org.apache.ratis.server.impl.RaftServerProxy.appendEntriesAsync(RaftServerProxy.java:622)
	at org.apache.ratis.grpc.server.GrpcServerProtocolService$1.process(GrpcServerProtocolService.java:207)
	at org.apache.ratis.grpc.server.GrpcServerProtocolService$1.process(GrpcServerProtocolService.java:204)
	at org.apache.ratis.grpc.server.GrpcServerProtocolService$ServerRequestStreamObserver.onNext(GrpcServerProtocolService.java:126)
	at org.apache.ratis.thirdparty.io.grpc.stub.ServerCalls$StreamingServerCallHandler$StreamingServerCallListener.onMessage(ServerCalls.java:262)
	at org.apache.ratis.thirdparty.io.grpc.ForwardingServerCallListener.onMessage(ForwardingServerCallListener.java:33)
	at org.apache.ratis.thirdparty.io.grpc.internal.ServerCallImpl$ServerStreamListenerImpl.messagesAvailableInternal(ServerCallImpl.java:318)
	at org.apache.ratis.thirdparty.io.grpc.internal.ServerCallImpl$ServerStreamListenerImpl.messagesAvailable(ServerCallImpl.java:301)
	at org.apache.ratis.thirdparty.io.grpc.internal.ServerImpl$JumpToApplicationThreadServerStreamListener$1MessagesAvailable.runInContext(ServerImpl.java:834)
	at org.apache.ratis.thirdparty.io.grpc.internal.ContextRunnable.run(ContextRunnable.java:37)
	at org.apache.ratis.thirdparty.io.grpc.internal.SerializingExecutor.run(SerializingExecutor.java:133)
	at java.util.concurrent.ThreadPoolExecutor.runWorker(ThreadPoolExecutor.java:1149)
	at java.util.concurrent.ThreadPoolExecutor$Worker.run(ThreadPoolExecutor.java:624)
	at java.lang.Thread.run(Thread.java:750)
Caused by: java.util.concurrent.RejectedExecutionException: Task java.util.concurrent.CompletableFuture$AsyncSupply@3db3183d rejected from java.util.concurrent.ThreadPoolExecutor@5f803e53[Terminated, pool size = 0, active threads = 0, queued tasks = 0, completed tasks = 0]
	at java.util.concurrent.ThreadPoolExecutor$AbortPolicy.rejectedExecution(ThreadPoolExecutor.java:2063)
	at java.util.concurrent.ThreadPoolExecutor.reject(ThreadPoolExecutor.java:830)
	at java.util.concurrent.ThreadPoolExecutor.execute(ThreadPoolExecutor.java:1379)
	at java.util.concurrent.CompletableFuture.asyncSupplyStage(CompletableFuture.java:1618)
	at java.util.concurrent.CompletableFuture.supplyAsync(CompletableFuture.java:1843)
	at org.apache.ratis.server.impl.RaftServerImpl.executeSubmitServerRequestAsync(RaftServerImpl.java:788)
	at org.apache.ratis.server.impl.RaftServerProxy.lambda$appendEntriesAsync$26(RaftServerProxy.java:622)
	at java.util.concurrent.CompletableFuture.uniComposeStage(CompletableFuture.java:995)
	... 15 more
2022-07-24 15:57:05,415 [grpc-default-executor-4] WARN  server.GrpcLogAppender (LogUtils.java:warn(124)) - s0@group-1D117010C276->s2-AppendLogResponseHandler: Failed appendEntries
java.io.IOException: java.util.concurrent.RejectedExecutionException: Task java.util.concurrent.CompletableFuture$AsyncSupply@3db3183d rejected from java.util.concurrent.ThreadPoolExecutor@5f803e53[Terminated, pool size = 0, active threads = 0, queued tasks = 0, completed tasks = 0]
	at org.apache.ratis.util.IOUtils.asIOException(IOUtils.java:56)
	at org.apache.ratis.grpc.GrpcUtil.tryUnwrapException(GrpcUtil.java:121)
	at org.apache.ratis.grpc.GrpcUtil.unwrapThrowable(GrpcUtil.java:82)
	at org.apache.ratis.grpc.GrpcUtil.warn(GrpcUtil.java:178)
	at org.apache.ratis.grpc.server.GrpcLogAppender$AppendLogResponseHandler.onError(GrpcLogAppender.java:378)
	at org.apache.ratis.thirdparty.io.grpc.stub.ClientCalls$StreamObserverToCallListenerAdapter.onClose(ClientCalls.java:479)
	at org.apache.ratis.thirdparty.io.grpc.internal.ClientCallImpl.closeObserver(ClientCallImpl.java:562)
	at org.apache.ratis.thirdparty.io.grpc.internal.ClientCallImpl.access$300(ClientCallImpl.java:70)
	at org.apache.ratis.thirdparty.io.grpc.internal.ClientCallImpl$ClientStreamListenerImpl$1StreamClosed.runInternal(ClientCallImpl.java:743)
	at org.apache.ratis.thirdparty.io.grpc.internal.ClientCallImpl$ClientStreamListenerImpl$1StreamClosed.runInContext(ClientCallImpl.java:722)
	at org.apache.ratis.thirdparty.io.grpc.internal.ContextRunnable.run(ContextRunnable.java:37)
	at org.apache.ratis.thirdparty.io.grpc.internal.SerializingExecutor.run(SerializingExecutor.java:133)
	at java.util.concurrent.ThreadPoolExecutor.runWorker(ThreadPoolExecutor.java:1149)
	at java.util.concurrent.ThreadPoolExecutor$Worker.run(ThreadPoolExecutor.java:624)
	at java.lang.Thread.run(Thread.java:750)
Caused by: java.util.concurrent.RejectedExecutionException: Task java.util.concurrent.CompletableFuture$AsyncSupply@3db3183d rejected from java.util.concurrent.ThreadPoolExecutor@5f803e53[Terminated, pool size = 0, active threads = 0, queued tasks = 0, completed tasks = 0]
	at sun.reflect.NativeConstructorAccessorImpl.newInstance0(Native Method)
	at sun.reflect.NativeConstructorAccessorImpl.newInstance(NativeConstructorAccessorImpl.java:62)
	at sun.reflect.DelegatingConstructorAccessorImpl.newInstance(DelegatingConstructorAccessorImpl.java:45)
	at java.lang.reflect.Constructor.newInstance(Constructor.java:423)
	at org.apache.ratis.util.ReflectionUtils.instantiateException(ReflectionUtils.java:259)
	at org.apache.ratis.grpc.GrpcUtil.tryUnwrapException(GrpcUtil.java:120)
	... 13 more
Caused by: org.apache.ratis.thirdparty.io.grpc.StatusRuntimeException: INTERNAL: Task java.util.concurrent.CompletableFuture$AsyncSupply@3db3183d rejected from java.util.concurrent.ThreadPoolExecutor@5f803e53[Terminated, pool size = 0, active threads = 0, queued tasks = 0, completed tasks = 0]
	at org.apache.ratis.thirdparty.io.grpc.Status.asRuntimeException(Status.java:535)
	... 10 more
	Suppressed: java.lang.IllegalStateException: Failed to cast to class java.io.IOException, object=java.util.concurrent.RejectedExecutionException: Task java.util.concurrent.CompletableFuture$AsyncSupply@3db3183d rejected from java.util.concurrent.ThreadPoolExecutor@5f803e53[Terminated, pool size = 0, active threads = 0, queued tasks = 0, completed tasks = 0]
	at java.util.concurrent.ThreadPoolExecutor$AbortPolicy.rejectedExecution(ThreadPoolExecutor.java:2063)
	at java.util.concurrent.ThreadPoolExecutor.reject(ThreadPoolExecutor.java:830)
	at java.util.concurrent.ThreadPoolExecutor.execute(ThreadPoolExecutor.java:1379)
	at java.util.concurrent.CompletableFuture.asyncSupplyStage(CompletableFuture.java:1618)
	at java.util.concurrent.CompletableFuture.supplyAsync(CompletableFuture.java:1843)
	at org.apache.ratis.server.impl.RaftServerImpl.executeSubmitServerRequestAsync(RaftServerImpl.java:788)
	at org.apache.ratis.server.impl.RaftServerProxy.lambda$appendEntriesAsync$26(RaftServerProxy.java:622)
	at java.util.concurrent.CompletableFuture.uniComposeStage(CompletableFuture.java:995)
	at java.util.concurrent.CompletableFuture.thenCompose(CompletableFuture.java:2137)
	at org.apache.ratis.server.impl.RaftServerProxy.appendEntriesAsync(RaftServerProxy.java:622)
	at org.apache.ratis.grpc.server.GrpcServerProtocolService$1.process(GrpcServerProtocolService.java:207)
	at org.apache.ratis.grpc.server.GrpcServerProtocolService$1.process(GrpcServerProtocolService.java:204)
	at org.apache.ratis.grpc.server.GrpcServerProtocolService$ServerRequestStreamObserver.onNext(GrpcServerProtocolService.java:126)
	at org.apache.ratis.thirdparty.io.grpc.stub.ServerCalls$StreamingServerCallHandler$StreamingServerCallListener.onMessage(ServerCalls.java:262)
	at org.apache.ratis.thirdparty.io.grpc.ForwardingServerCallListener.onMessage(ForwardingServerCallListener.java:33)
	at org.apache.ratis.thirdparty.io.grpc.internal.ServerCallImpl$ServerStreamListenerImpl.messagesAvailableInternal(ServerCallImpl.java:318)
	at org.apache.ratis.thirdparty.io.grpc.internal.ServerCallImpl$ServerStreamListenerImpl.messagesAvailable(ServerCallImpl.java:301)
	at org.apache.ratis.thirdparty.io.grpc.internal.ServerImpl$JumpToApplicationThreadServerStreamListener$1MessagesAvailable.runInContext(ServerImpl.java:834)
	at org.apache.ratis.thirdparty.io.grpc.internal.ContextRunnable.run(ContextRunnable.java:37)
	at org.apache.ratis.thirdparty.io.grpc.internal.SerializingExecutor.run(SerializingExecutor.java:133)
	at java.util.concurrent.ThreadPoolExecutor.runWorker(ThreadPoolExecutor.java:1149)
	at java.util.concurrent.ThreadPoolExecutor$Worker.run(ThreadPoolExecutor.java:624)
	at java.lang.Thread.run(Thread.java:750)

		at org.apache.ratis.util.IOUtils.readObject(IOUtils.java:237)
		at org.apache.ratis.util.IOUtils.bytes2Object(IOUtils.java:214)
		at org.apache.ratis.grpc.GrpcUtil.tryUnwrapException(GrpcUtil.java:109)
		at org.apache.ratis.grpc.GrpcUtil.unwrapThrowable(GrpcUtil.java:82)
		at org.apache.ratis.grpc.GrpcUtil.warn(GrpcUtil.java:178)
		at org.apache.ratis.grpc.server.GrpcLogAppender$AppendLogResponseHandler.onError(GrpcLogAppender.java:378)
		... 10 more
	Caused by: java.lang.ClassCastException: Cannot cast java.util.concurrent.RejectedExecutionException to java.io.IOException
		at java.lang.Class.cast(Class.java:3369)
		at org.apache.ratis.util.IOUtils.readObject(IOUtils.java:234)
		... 15 more
2022-07-24 15:57:05,416 [grpc-default-executor-4] INFO  leader.FollowerInfo (FollowerInfoImpl.java:lambda$new$0(48)) - s0@group-1D117010C276->s2: nextIndex: updateUnconditionally 201 -> 199
2022-07-24 15:57:05,418 [grpc-default-executor-8] WARN  server.GrpcServerProtocolService (LogUtils.java:warn(124)) - s2: Failed APPEND_ENTRIES request s0->s2#9-t2,previous=(t:1, i:198),leaderCommit=200,initializing? true,entries: size=2, first=(t:2, i:199), CONFIGURATIONENTRY(current:id: "s0"
address: "localhost:41145"
dataStreamAddress: "localhost:35053"
clientAddress: "localhost:40971"
adminAddress: "localhost:44949"
startupRole: FOLLOWER
,id: "s1"
address: "localhost:37813"
dataStreamAddress: "localhost:42861"
clientAddress: "localhost:42193"
adminAddress: "localhost:42655"
startupRole: FOLLOWER
,id: "s2"
address: "localhost:37241"
dataStreamAddress: "localhost:33751"
clientAddress: "localhost:34449"
adminAddress: "localhost:39099"
startupRole: FOLLOWER
, old:)
java.util.concurrent.CompletionException: java.util.concurrent.RejectedExecutionException: Task java.util.concurrent.CompletableFuture$AsyncSupply@700fd4a0 rejected from java.util.concurrent.ThreadPoolExecutor@5f803e53[Terminated, pool size = 0, active threads = 0, queued tasks = 0, completed tasks = 0]
	at java.util.concurrent.CompletableFuture.encodeThrowable(CompletableFuture.java:273)
	at java.util.concurrent.CompletableFuture.uniComposeStage(CompletableFuture.java:1005)
	at java.util.concurrent.CompletableFuture.thenCompose(CompletableFuture.java:2137)
	at org.apache.ratis.server.impl.RaftServerProxy.appendEntriesAsync(RaftServerProxy.java:622)
	at org.apache.ratis.grpc.server.GrpcServerProtocolService$1.process(GrpcServerProtocolService.java:207)
	at org.apache.ratis.grpc.server.GrpcServerProtocolService$1.process(GrpcServerProtocolService.java:204)
	at org.apache.ratis.grpc.server.GrpcServerProtocolService$ServerRequestStreamObserver.onNext(GrpcServerProtocolService.java:126)
	at org.apache.ratis.thirdparty.io.grpc.stub.ServerCalls$StreamingServerCallHandler$StreamingServerCallListener.onMessage(ServerCalls.java:262)
	at org.apache.ratis.thirdparty.io.grpc.ForwardingServerCallListener.onMessage(ForwardingServerCallListener.java:33)
	at org.apache.ratis.thirdparty.io.grpc.internal.ServerCallImpl$ServerStreamListenerImpl.messagesAvailableInternal(ServerCallImpl.java:318)
	at org.apache.ratis.thirdparty.io.grpc.internal.ServerCallImpl$ServerStreamListenerImpl.messagesAvailable(ServerCallImpl.java:301)
	at org.apache.ratis.thirdparty.io.grpc.internal.ServerImpl$JumpToApplicationThreadServerStreamListener$1MessagesAvailable.runInContext(ServerImpl.java:834)
	at org.apache.ratis.thirdparty.io.grpc.internal.ContextRunnable.run(ContextRunnable.java:37)
	at org.apache.ratis.thirdparty.io.grpc.internal.SerializingExecutor.run(SerializingExecutor.java:133)
	at java.util.concurrent.ThreadPoolExecutor.runWorker(ThreadPoolExecutor.java:1149)
	at java.util.concurrent.ThreadPoolExecutor$Worker.run(ThreadPoolExecutor.java:624)
	at java.lang.Thread.run(Thread.java:750)
Caused by: java.util.concurrent.RejectedExecutionException: Task java.util.concurrent.CompletableFuture$AsyncSupply@700fd4a0 rejected from java.util.concurrent.ThreadPoolExecutor@5f803e53[Terminated, pool size = 0, active threads = 0, queued tasks = 0, completed tasks = 0]
	at java.util.concurrent.ThreadPoolExecutor$AbortPolicy.rejectedExecution(ThreadPoolExecutor.java:2063)
	at java.util.concurrent.ThreadPoolExecutor.reject(ThreadPoolExecutor.java:830)
	at java.util.concurrent.ThreadPoolExecutor.execute(ThreadPoolExecutor.java:1379)
	at java.util.concurrent.CompletableFuture.asyncSupplyStage(CompletableFuture.java:1618)
	at java.util.concurrent.CompletableFuture.supplyAsync(CompletableFuture.java:1843)
	at org.apache.ratis.server.impl.RaftServerImpl.executeSubmitServerRequestAsync(RaftServerImpl.java:788)
	at org.apache.ratis.server.impl.RaftServerProxy.lambda$appendEntriesAsync$26(RaftServerProxy.java:622)
	at java.util.concurrent.CompletableFuture.uniComposeStage(CompletableFuture.java:995)
	... 15 more
2022-07-24 15:57:05,420 [grpc-default-executor-2] WARN  server.GrpcLogAppender (LogUtils.java:warn(124)) - s0@group-1D117010C276->s2-AppendLogResponseHandler: Failed appendEntries
java.io.IOException: java.util.concurrent.RejectedExecutionException: Task java.util.concurrent.CompletableFuture$AsyncSupply@700fd4a0 rejected from java.util.concurrent.ThreadPoolExecutor@5f803e53[Terminated, pool size = 0, active threads = 0, queued tasks = 0, completed tasks = 0]
	at org.apache.ratis.util.IOUtils.asIOException(IOUtils.java:56)
	at org.apache.ratis.grpc.GrpcUtil.tryUnwrapException(GrpcUtil.java:121)
	at org.apache.ratis.grpc.GrpcUtil.unwrapThrowable(GrpcUtil.java:82)
	at org.apache.ratis.grpc.GrpcUtil.warn(GrpcUtil.java:178)
	at org.apache.ratis.grpc.server.GrpcLogAppender$AppendLogResponseHandler.onError(GrpcLogAppender.java:378)
	at org.apache.ratis.thirdparty.io.grpc.stub.ClientCalls$StreamObserverToCallListenerAdapter.onClose(ClientCalls.java:479)
	at org.apache.ratis.thirdparty.io.grpc.internal.ClientCallImpl.closeObserver(ClientCallImpl.java:562)
	at org.apache.ratis.thirdparty.io.grpc.internal.ClientCallImpl.access$300(ClientCallImpl.java:70)
	at org.apache.ratis.thirdparty.io.grpc.internal.ClientCallImpl$ClientStreamListenerImpl$1StreamClosed.runInternal(ClientCallImpl.java:743)
	at org.apache.ratis.thirdparty.io.grpc.internal.ClientCallImpl$ClientStreamListenerImpl$1StreamClosed.runInContext(ClientCallImpl.java:722)
	at org.apache.ratis.thirdparty.io.grpc.internal.ContextRunnable.run(ContextRunnable.java:37)
	at org.apache.ratis.thirdparty.io.grpc.internal.SerializingExecutor.run(SerializingExecutor.java:133)
	at java.util.concurrent.ThreadPoolExecutor.runWorker(ThreadPoolExecutor.java:1149)
	at java.util.concurrent.ThreadPoolExecutor$Worker.run(ThreadPoolExecutor.java:624)
	at java.lang.Thread.run(Thread.java:750)
Caused by: java.util.concurrent.RejectedExecutionException: Task java.util.concurrent.CompletableFuture$AsyncSupply@700fd4a0 rejected from java.util.concurrent.ThreadPoolExecutor@5f803e53[Terminated, pool size = 0, active threads = 0, queued tasks = 0, completed tasks = 0]
	at sun.reflect.NativeConstructorAccessorImpl.newInstance0(Native Method)
	at sun.reflect.NativeConstructorAccessorImpl.newInstance(NativeConstructorAccessorImpl.java:62)
	at sun.reflect.DelegatingConstructorAccessorImpl.newInstance(DelegatingConstructorAccessorImpl.java:45)
	at java.lang.reflect.Constructor.newInstance(Constructor.java:423)
	at org.apache.ratis.util.ReflectionUtils.instantiateException(ReflectionUtils.java:259)
	at org.apache.ratis.grpc.GrpcUtil.tryUnwrapException(GrpcUtil.java:120)
	... 13 more
Caused by: org.apache.ratis.thirdparty.io.grpc.StatusRuntimeException: INTERNAL: Task java.util.concurrent.CompletableFuture$AsyncSupply@700fd4a0 rejected from java.util.concurrent.ThreadPoolExecutor@5f803e53[Terminated, pool size = 0, active threads = 0, queued tasks = 0, completed tasks = 0]
	at org.apache.ratis.thirdparty.io.grpc.Status.asRuntimeException(Status.java:535)
	... 10 more
	Suppressed: java.lang.IllegalStateException: Failed to cast to class java.io.IOException, object=java.util.concurrent.RejectedExecutionException: Task java.util.concurrent.CompletableFuture$AsyncSupply@700fd4a0 rejected from java.util.concurrent.ThreadPoolExecutor@5f803e53[Terminated, pool size = 0, active threads = 0, queued tasks = 0, completed tasks = 0]
	at java.util.concurrent.ThreadPoolExecutor$AbortPolicy.rejectedExecution(ThreadPoolExecutor.java:2063)
	at java.util.concurrent.ThreadPoolExecutor.reject(ThreadPoolExecutor.java:830)
	at java.util.concurrent.ThreadPoolExecutor.execute(ThreadPoolExecutor.java:1379)
	at java.util.concurrent.CompletableFuture.asyncSupplyStage(CompletableFuture.java:1618)
	at java.util.concurrent.CompletableFuture.supplyAsync(CompletableFuture.java:1843)
	at org.apache.ratis.server.impl.RaftServerImpl.executeSubmitServerRequestAsync(RaftServerImpl.java:788)
	at org.apache.ratis.server.impl.RaftServerProxy.lambda$appendEntriesAsync$26(RaftServerProxy.java:622)
	at java.util.concurrent.CompletableFuture.uniComposeStage(CompletableFuture.java:995)
	at java.util.concurrent.CompletableFuture.thenCompose(CompletableFuture.java:2137)
	at org.apache.ratis.server.impl.RaftServerProxy.appendEntriesAsync(RaftServerProxy.java:622)
	at org.apache.ratis.grpc.server.GrpcServerProtocolService$1.process(GrpcServerProtocolService.java:207)
	at org.apache.ratis.grpc.server.GrpcServerProtocolService$1.process(GrpcServerProtocolService.java:204)
	at org.apache.ratis.grpc.server.GrpcServerProtocolService$ServerRequestStreamObserver.onNext(GrpcServerProtocolService.java:126)
	at org.apache.ratis.thirdparty.io.grpc.stub.ServerCalls$StreamingServerCallHandler$StreamingServerCallListener.onMessage(ServerCalls.java:262)
	at org.apache.ratis.thirdparty.io.grpc.ForwardingServerCallListener.onMessage(ForwardingServerCallListener.java:33)
	at org.apache.ratis.thirdparty.io.grpc.internal.ServerCallImpl$ServerStreamListenerImpl.messagesAvailableInternal(ServerCallImpl.java:318)
	at org.apache.ratis.thirdparty.io.grpc.internal.ServerCallImpl$ServerStreamListenerImpl.messagesAvailable(ServerCallImpl.java:301)
	at org.apache.ratis.thirdparty.io.grpc.internal.ServerImpl$JumpToApplicationThreadServerStreamListener$1MessagesAvailable.runInContext(ServerImpl.java:834)
	at org.apache.ratis.thirdparty.io.grpc.internal.ContextRunnable.run(ContextRunnable.java:37)
	at org.apache.ratis.thirdparty.io.grpc.internal.SerializingExecutor.run(SerializingExecutor.java:133)
	at java.util.concurrent.ThreadPoolExecutor.runWorker(ThreadPoolExecutor.java:1149)
	at java.util.concurrent.ThreadPoolExecutor$Worker.run(ThreadPoolExecutor.java:624)
	at java.lang.Thread.run(Thread.java:750)

		at org.apache.ratis.util.IOUtils.readObject(IOUtils.java:237)
		at org.apache.ratis.util.IOUtils.bytes2Object(IOUtils.java:214)
		at org.apache.ratis.grpc.GrpcUtil.tryUnwrapException(GrpcUtil.java:109)
		at org.apache.ratis.grpc.GrpcUtil.unwrapThrowable(GrpcUtil.java:82)
		at org.apache.ratis.grpc.GrpcUtil.warn(GrpcUtil.java:178)
		at org.apache.ratis.grpc.server.GrpcLogAppender$AppendLogResponseHandler.onError(GrpcLogAppender.java:378)
		... 10 more
	Caused by: java.lang.ClassCastException: Cannot cast java.util.concurrent.RejectedExecutionException to java.io.IOException
		at java.lang.Class.cast(Class.java:3369)
		at org.apache.ratis.util.IOUtils.readObject(IOUtils.java:234)
		... 15 more
2022-07-24 15:57:05,421 [grpc-default-executor-2] INFO  leader.FollowerInfo (FollowerInfoImpl.java:lambda$new$0(48)) - s0@group-1D117010C276->s2: nextIndex: updateUnconditionally 201 -> 199
2022-07-24 15:57:05,448 [null-request--thread1] INFO  server.GrpcClientProtocolService (GrpcClientProtocolService.java:lambda$processClientRequest$0(284)) - Failed RaftClientRequest:client-6F86E1C52B91->s1@group-1D117010C276, cid=483, seq=0, RW, Message:6d3937, reply=RaftClientReply:client-6F86E1C52B91->s1@group-1D117010C276, cid=483, FAILED org.apache.ratis.protocol.exceptions.NotLeaderException: Server s1@group-1D117010C276 is not the leader s0|rpc:localhost:41145|admin:localhost:44949|client:localhost:40971|dataStream:localhost:35053|priority:0|startupRole:FOLLOWER, logIndex=0, commits[s1:c200, s0:c200, s2:c196]
2022-07-24 15:57:05,453 [grpc-default-executor-4] WARN  server.GrpcServerProtocolService (LogUtils.java:warn(124)) - s2: Failed APPEND_ENTRIES request s0->s2#11-t2,previous=(t:1, i:198),leaderCommit=200,initializing? true,entries: size=2, first=(t:2, i:199), CONFIGURATIONENTRY(current:id: "s0"
address: "localhost:41145"
dataStreamAddress: "localhost:35053"
clientAddress: "localhost:40971"
adminAddress: "localhost:44949"
startupRole: FOLLOWER
,id: "s1"
address: "localhost:37813"
dataStreamAddress: "localhost:42861"
clientAddress: "localhost:42193"
adminAddress: "localhost:42655"
startupRole: FOLLOWER
,id: "s2"
address: "localhost:37241"
dataStreamAddress: "localhost:33751"
clientAddress: "localhost:34449"
adminAddress: "localhost:39099"
startupRole: FOLLOWER
, old:)
java.util.concurrent.CompletionException: java.util.concurrent.RejectedExecutionException: Task java.util.concurrent.CompletableFuture$AsyncSupply@76a1fcde rejected from java.util.concurrent.ThreadPoolExecutor@5f803e53[Terminated, pool size = 0, active threads = 0, queued tasks = 0, completed tasks = 0]
	at java.util.concurrent.CompletableFuture.encodeThrowable(CompletableFuture.java:273)
	at java.util.concurrent.CompletableFuture.uniComposeStage(CompletableFuture.java:1005)
	at java.util.concurrent.CompletableFuture.thenCompose(CompletableFuture.java:2137)
	at org.apache.ratis.server.impl.RaftServerProxy.appendEntriesAsync(RaftServerProxy.java:622)
	at org.apache.ratis.grpc.server.GrpcServerProtocolService$1.process(GrpcServerProtocolService.java:207)
	at org.apache.ratis.grpc.server.GrpcServerProtocolService$1.process(GrpcServerProtocolService.java:204)
	at org.apache.ratis.grpc.server.GrpcServerProtocolService$ServerRequestStreamObserver.onNext(GrpcServerProtocolService.java:126)
	at org.apache.ratis.thirdparty.io.grpc.stub.ServerCalls$StreamingServerCallHandler$StreamingServerCallListener.onMessage(ServerCalls.java:262)
	at org.apache.ratis.thirdparty.io.grpc.ForwardingServerCallListener.onMessage(ForwardingServerCallListener.java:33)
	at org.apache.ratis.thirdparty.io.grpc.internal.ServerCallImpl$ServerStreamListenerImpl.messagesAvailableInternal(ServerCallImpl.java:318)
	at org.apache.ratis.thirdparty.io.grpc.internal.ServerCallImpl$ServerStreamListenerImpl.messagesAvailable(ServerCallImpl.java:301)
	at org.apache.ratis.thirdparty.io.grpc.internal.ServerImpl$JumpToApplicationThreadServerStreamListener$1MessagesAvailable.runInContext(ServerImpl.java:834)
	at org.apache.ratis.thirdparty.io.grpc.internal.ContextRunnable.run(ContextRunnable.java:37)
	at org.apache.ratis.thirdparty.io.grpc.internal.SerializingExecutor.run(SerializingExecutor.java:133)
	at java.util.concurrent.ThreadPoolExecutor.runWorker(ThreadPoolExecutor.java:1149)
	at java.util.concurrent.ThreadPoolExecutor$Worker.run(ThreadPoolExecutor.java:624)
	at java.lang.Thread.run(Thread.java:750)
Caused by: java.util.concurrent.RejectedExecutionException: Task java.util.concurrent.CompletableFuture$AsyncSupply@76a1fcde rejected from java.util.concurrent.ThreadPoolExecutor@5f803e53[Terminated, pool size = 0, active threads = 0, queued tasks = 0, completed tasks = 0]
	at java.util.concurrent.ThreadPoolExecutor$AbortPolicy.rejectedExecution(ThreadPoolExecutor.java:2063)
	at java.util.concurrent.ThreadPoolExecutor.reject(ThreadPoolExecutor.java:830)
	at java.util.concurrent.ThreadPoolExecutor.execute(ThreadPoolExecutor.java:1379)
	at java.util.concurrent.CompletableFuture.asyncSupplyStage(CompletableFuture.java:1618)
	at java.util.concurrent.CompletableFuture.supplyAsync(CompletableFuture.java:1843)
	at org.apache.ratis.server.impl.RaftServerImpl.executeSubmitServerRequestAsync(RaftServerImpl.java:788)
	at org.apache.ratis.server.impl.RaftServerProxy.lambda$appendEntriesAsync$26(RaftServerProxy.java:622)
	at java.util.concurrent.CompletableFuture.uniComposeStage(CompletableFuture.java:995)
	... 15 more
2022-07-24 15:57:05,455 [grpc-default-executor-2] WARN  server.GrpcLogAppender (LogUtils.java:warn(124)) - s0@group-1D117010C276->s2-AppendLogResponseHandler: Failed appendEntries
java.io.IOException: java.util.concurrent.RejectedExecutionException: Task java.util.concurrent.CompletableFuture$AsyncSupply@76a1fcde rejected from java.util.concurrent.ThreadPoolExecutor@5f803e53[Terminated, pool size = 0, active threads = 0, queued tasks = 0, completed tasks = 0]
	at org.apache.ratis.util.IOUtils.asIOException(IOUtils.java:56)
	at org.apache.ratis.grpc.GrpcUtil.tryUnwrapException(GrpcUtil.java:121)
	at org.apache.ratis.grpc.GrpcUtil.unwrapThrowable(GrpcUtil.java:82)
	at org.apache.ratis.grpc.GrpcUtil.warn(GrpcUtil.java:178)
	at org.apache.ratis.grpc.server.GrpcLogAppender$AppendLogResponseHandler.onError(GrpcLogAppender.java:378)
	at org.apache.ratis.thirdparty.io.grpc.stub.ClientCalls$StreamObserverToCallListenerAdapter.onClose(ClientCalls.java:479)
	at org.apache.ratis.thirdparty.io.grpc.internal.ClientCallImpl.closeObserver(ClientCallImpl.java:562)
	at org.apache.ratis.thirdparty.io.grpc.internal.ClientCallImpl.access$300(ClientCallImpl.java:70)
	at org.apache.ratis.thirdparty.io.grpc.internal.ClientCallImpl$ClientStreamListenerImpl$1StreamClosed.runInternal(ClientCallImpl.java:743)
	at org.apache.ratis.thirdparty.io.grpc.internal.ClientCallImpl$ClientStreamListenerImpl$1StreamClosed.runInContext(ClientCallImpl.java:722)
	at org.apache.ratis.thirdparty.io.grpc.internal.ContextRunnable.run(ContextRunnable.java:37)
	at org.apache.ratis.thirdparty.io.grpc.internal.SerializingExecutor.run(SerializingExecutor.java:133)
	at java.util.concurrent.ThreadPoolExecutor.runWorker(ThreadPoolExecutor.java:1149)
	at java.util.concurrent.ThreadPoolExecutor$Worker.run(ThreadPoolExecutor.java:624)
	at java.lang.Thread.run(Thread.java:750)
Caused by: java.util.concurrent.RejectedExecutionException: Task java.util.concurrent.CompletableFuture$AsyncSupply@76a1fcde rejected from java.util.concurrent.ThreadPoolExecutor@5f803e53[Terminated, pool size = 0, active threads = 0, queued tasks = 0, completed tasks = 0]
	at sun.reflect.NativeConstructorAccessorImpl.newInstance0(Native Method)
	at sun.reflect.NativeConstructorAccessorImpl.newInstance(NativeConstructorAccessorImpl.java:62)
	at sun.reflect.DelegatingConstructorAccessorImpl.newInstance(DelegatingConstructorAccessorImpl.java:45)
	at java.lang.reflect.Constructor.newInstance(Constructor.java:423)
	at org.apache.ratis.util.ReflectionUtils.instantiateException(ReflectionUtils.java:259)
	at org.apache.ratis.grpc.GrpcUtil.tryUnwrapException(GrpcUtil.java:120)
	... 13 more
Caused by: org.apache.ratis.thirdparty.io.grpc.StatusRuntimeException: INTERNAL: Task java.util.concurrent.CompletableFuture$AsyncSupply@76a1fcde rejected from java.util.concurrent.ThreadPoolExecutor@5f803e53[Terminated, pool size = 0, active threads = 0, queued tasks = 0, completed tasks = 0]
	at org.apache.ratis.thirdparty.io.grpc.Status.asRuntimeException(Status.java:535)
	... 10 more
	Suppressed: java.lang.IllegalStateException: Failed to cast to class java.io.IOException, object=java.util.concurrent.RejectedExecutionException: Task java.util.concurrent.CompletableFuture$AsyncSupply@76a1fcde rejected from java.util.concurrent.ThreadPoolExecutor@5f803e53[Terminated, pool size = 0, active threads = 0, queued tasks = 0, completed tasks = 0]
	at java.util.concurrent.ThreadPoolExecutor$AbortPolicy.rejectedExecution(ThreadPoolExecutor.java:2063)
	at java.util.concurrent.ThreadPoolExecutor.reject(ThreadPoolExecutor.java:830)
	at java.util.concurrent.ThreadPoolExecutor.execute(ThreadPoolExecutor.java:1379)
	at java.util.concurrent.CompletableFuture.asyncSupplyStage(CompletableFuture.java:1618)
	at java.util.concurrent.CompletableFuture.supplyAsync(CompletableFuture.java:1843)
	at org.apache.ratis.server.impl.RaftServerImpl.executeSubmitServerRequestAsync(RaftServerImpl.java:788)
	at org.apache.ratis.server.impl.RaftServerProxy.lambda$appendEntriesAsync$26(RaftServerProxy.java:622)
	at java.util.concurrent.CompletableFuture.uniComposeStage(CompletableFuture.java:995)
	at java.util.concurrent.CompletableFuture.thenCompose(CompletableFuture.java:2137)
	at org.apache.ratis.server.impl.RaftServerProxy.appendEntriesAsync(RaftServerProxy.java:622)
	at org.apache.ratis.grpc.server.GrpcServerProtocolService$1.process(GrpcServerProtocolService.java:207)
	at org.apache.ratis.grpc.server.GrpcServerProtocolService$1.process(GrpcServerProtocolService.java:204)
	at org.apache.ratis.grpc.server.GrpcServerProtocolService$ServerRequestStreamObserver.onNext(GrpcServerProtocolService.java:126)
	at org.apache.ratis.thirdparty.io.grpc.stub.ServerCalls$StreamingServerCallHandler$StreamingServerCallListener.onMessage(ServerCalls.java:262)
	at org.apache.ratis.thirdparty.io.grpc.ForwardingServerCallListener.onMessage(ForwardingServerCallListener.java:33)
	at org.apache.ratis.thirdparty.io.grpc.internal.ServerCallImpl$ServerStreamListenerImpl.messagesAvailableInternal(ServerCallImpl.java:318)
	at org.apache.ratis.thirdparty.io.grpc.internal.ServerCallImpl$ServerStreamListenerImpl.messagesAvailable(ServerCallImpl.java:301)
	at org.apache.ratis.thirdparty.io.grpc.internal.ServerImpl$JumpToApplicationThreadServerStreamListener$1MessagesAvailable.runInContext(ServerImpl.java:834)
	at org.apache.ratis.thirdparty.io.grpc.internal.ContextRunnable.run(ContextRunnable.java:37)
	at org.apache.ratis.thirdparty.io.grpc.internal.SerializingExecutor.run(SerializingExecutor.java:133)
	at java.util.concurrent.ThreadPoolExecutor.runWorker(ThreadPoolExecutor.java:1149)
	at java.util.concurrent.ThreadPoolExecutor$Worker.run(ThreadPoolExecutor.java:624)
	at java.lang.Thread.run(Thread.java:750)

		at org.apache.ratis.util.IOUtils.readObject(IOUtils.java:237)
		at org.apache.ratis.util.IOUtils.bytes2Object(IOUtils.java:214)
		at org.apache.ratis.grpc.GrpcUtil.tryUnwrapException(GrpcUtil.java:109)
		at org.apache.ratis.grpc.GrpcUtil.unwrapThrowable(GrpcUtil.java:82)
		at org.apache.ratis.grpc.GrpcUtil.warn(GrpcUtil.java:178)
		at org.apache.ratis.grpc.server.GrpcLogAppender$AppendLogResponseHandler.onError(GrpcLogAppender.java:378)
		... 10 more
	Caused by: java.lang.ClassCastException: Cannot cast java.util.concurrent.RejectedExecutionException to java.io.IOException
		at java.lang.Class.cast(Class.java:3369)
		at org.apache.ratis.util.IOUtils.readObject(IOUtils.java:234)
		... 15 more
2022-07-24 15:57:05,455 [grpc-default-executor-2] INFO  leader.FollowerInfo (FollowerInfoImpl.java:lambda$new$0(48)) - s0@group-1D117010C276->s2: nextIndex: updateUnconditionally 201 -> 199
2022-07-24 15:57:05,490 [grpc-default-executor-2] WARN  server.GrpcServerProtocolService (LogUtils.java:warn(124)) - s2: Failed APPEND_ENTRIES request s0->s2#13-t2,previous=(t:1, i:198),leaderCommit=200,initializing? true,entries: size=2, first=(t:2, i:199), CONFIGURATIONENTRY(current:id: "s0"
address: "localhost:41145"
dataStreamAddress: "localhost:35053"
clientAddress: "localhost:40971"
adminAddress: "localhost:44949"
startupRole: FOLLOWER
,id: "s1"
address: "localhost:37813"
dataStreamAddress: "localhost:42861"
clientAddress: "localhost:42193"
adminAddress: "localhost:42655"
startupRole: FOLLOWER
,id: "s2"
address: "localhost:37241"
dataStreamAddress: "localhost:33751"
clientAddress: "localhost:34449"
adminAddress: "localhost:39099"
startupRole: FOLLOWER
, old:)
java.util.concurrent.CompletionException: java.util.concurrent.RejectedExecutionException: Task java.util.concurrent.CompletableFuture$AsyncSupply@26e61c81 rejected from java.util.concurrent.ThreadPoolExecutor@5f803e53[Terminated, pool size = 0, active threads = 0, queued tasks = 0, completed tasks = 0]
	at java.util.concurrent.CompletableFuture.encodeThrowable(CompletableFuture.java:273)
	at java.util.concurrent.CompletableFuture.uniComposeStage(CompletableFuture.java:1005)
	at java.util.concurrent.CompletableFuture.thenCompose(CompletableFuture.java:2137)
	at org.apache.ratis.server.impl.RaftServerProxy.appendEntriesAsync(RaftServerProxy.java:622)
	at org.apache.ratis.grpc.server.GrpcServerProtocolService$1.process(GrpcServerProtocolService.java:207)
	at org.apache.ratis.grpc.server.GrpcServerProtocolService$1.process(GrpcServerProtocolService.java:204)
	at org.apache.ratis.grpc.server.GrpcServerProtocolService$ServerRequestStreamObserver.onNext(GrpcServerProtocolService.java:126)
	at org.apache.ratis.thirdparty.io.grpc.stub.ServerCalls$StreamingServerCallHandler$StreamingServerCallListener.onMessage(ServerCalls.java:262)
	at org.apache.ratis.thirdparty.io.grpc.ForwardingServerCallListener.onMessage(ForwardingServerCallListener.java:33)
	at org.apache.ratis.thirdparty.io.grpc.internal.ServerCallImpl$ServerStreamListenerImpl.messagesAvailableInternal(ServerCallImpl.java:318)
	at org.apache.ratis.thirdparty.io.grpc.internal.ServerCallImpl$ServerStreamListenerImpl.messagesAvailable(ServerCallImpl.java:301)
	at org.apache.ratis.thirdparty.io.grpc.internal.ServerImpl$JumpToApplicationThreadServerStreamListener$1MessagesAvailable.runInContext(ServerImpl.java:834)
	at org.apache.ratis.thirdparty.io.grpc.internal.ContextRunnable.run(ContextRunnable.java:37)
	at org.apache.ratis.thirdparty.io.grpc.internal.SerializingExecutor.run(SerializingExecutor.java:133)
	at java.util.concurrent.ThreadPoolExecutor.runWorker(ThreadPoolExecutor.java:1149)
	at java.util.concurrent.ThreadPoolExecutor$Worker.run(ThreadPoolExecutor.java:624)
	at java.lang.Thread.run(Thread.java:750)
Caused by: java.util.concurrent.RejectedExecutionException: Task java.util.concurrent.CompletableFuture$AsyncSupply@26e61c81 rejected from java.util.concurrent.ThreadPoolExecutor@5f803e53[Terminated, pool size = 0, active threads = 0, queued tasks = 0, completed tasks = 0]
	at java.util.concurrent.ThreadPoolExecutor$AbortPolicy.rejectedExecution(ThreadPoolExecutor.java:2063)
	at java.util.concurrent.ThreadPoolExecutor.reject(ThreadPoolExecutor.java:830)
	at java.util.concurrent.ThreadPoolExecutor.execute(ThreadPoolExecutor.java:1379)
	at java.util.concurrent.CompletableFuture.asyncSupplyStage(CompletableFuture.java:1618)
	at java.util.concurrent.CompletableFuture.supplyAsync(CompletableFuture.java:1843)
	at org.apache.ratis.server.impl.RaftServerImpl.executeSubmitServerRequestAsync(RaftServerImpl.java:788)
	at org.apache.ratis.server.impl.RaftServerProxy.lambda$appendEntriesAsync$26(RaftServerProxy.java:622)
	at java.util.concurrent.CompletableFuture.uniComposeStage(CompletableFuture.java:995)
	... 15 more
2022-07-24 15:57:05,493 [grpc-default-executor-4] WARN  server.GrpcLogAppender (LogUtils.java:warn(124)) - s0@group-1D117010C276->s2-AppendLogResponseHandler: Failed appendEntries
java.io.IOException: java.util.concurrent.RejectedExecutionException: Task java.util.concurrent.CompletableFuture$AsyncSupply@26e61c81 rejected from java.util.concurrent.ThreadPoolExecutor@5f803e53[Terminated, pool size = 0, active threads = 0, queued tasks = 0, completed tasks = 0]
	at org.apache.ratis.util.IOUtils.asIOException(IOUtils.java:56)
	at org.apache.ratis.grpc.GrpcUtil.tryUnwrapException(GrpcUtil.java:121)
	at org.apache.ratis.grpc.GrpcUtil.unwrapThrowable(GrpcUtil.java:82)
	at org.apache.ratis.grpc.GrpcUtil.warn(GrpcUtil.java:178)
	at org.apache.ratis.grpc.server.GrpcLogAppender$AppendLogResponseHandler.onError(GrpcLogAppender.java:378)
	at org.apache.ratis.thirdparty.io.grpc.stub.ClientCalls$StreamObserverToCallListenerAdapter.onClose(ClientCalls.java:479)
	at org.apache.ratis.thirdparty.io.grpc.internal.ClientCallImpl.closeObserver(ClientCallImpl.java:562)
	at org.apache.ratis.thirdparty.io.grpc.internal.ClientCallImpl.access$300(ClientCallImpl.java:70)
	at org.apache.ratis.thirdparty.io.grpc.internal.ClientCallImpl$ClientStreamListenerImpl$1StreamClosed.runInternal(ClientCallImpl.java:743)
	at org.apache.ratis.thirdparty.io.grpc.internal.ClientCallImpl$ClientStreamListenerImpl$1StreamClosed.runInContext(ClientCallImpl.java:722)
	at org.apache.ratis.thirdparty.io.grpc.internal.ContextRunnable.run(ContextRunnable.java:37)
	at org.apache.ratis.thirdparty.io.grpc.internal.SerializingExecutor.run(SerializingExecutor.java:133)
	at java.util.concurrent.ThreadPoolExecutor.runWorker(ThreadPoolExecutor.java:1149)
	at java.util.concurrent.ThreadPoolExecutor$Worker.run(ThreadPoolExecutor.java:624)
	at java.lang.Thread.run(Thread.java:750)
Caused by: java.util.concurrent.RejectedExecutionException: Task java.util.concurrent.CompletableFuture$AsyncSupply@26e61c81 rejected from java.util.concurrent.ThreadPoolExecutor@5f803e53[Terminated, pool size = 0, active threads = 0, queued tasks = 0, completed tasks = 0]
	at sun.reflect.NativeConstructorAccessorImpl.newInstance0(Native Method)
	at sun.reflect.NativeConstructorAccessorImpl.newInstance(NativeConstructorAccessorImpl.java:62)
	at sun.reflect.DelegatingConstructorAccessorImpl.newInstance(DelegatingConstructorAccessorImpl.java:45)
	at java.lang.reflect.Constructor.newInstance(Constructor.java:423)
	at org.apache.ratis.util.ReflectionUtils.instantiateException(ReflectionUtils.java:259)
	at org.apache.ratis.grpc.GrpcUtil.tryUnwrapException(GrpcUtil.java:120)
	... 13 more
Caused by: org.apache.ratis.thirdparty.io.grpc.StatusRuntimeException: INTERNAL: Task java.util.concurrent.CompletableFuture$AsyncSupply@26e61c81 rejected from java.util.concurrent.ThreadPoolExecutor@5f803e53[Terminated, pool size = 0, active threads = 0, queued tasks = 0, completed tasks = 0]
	at org.apache.ratis.thirdparty.io.grpc.Status.asRuntimeException(Status.java:535)
	... 10 more
	Suppressed: java.lang.IllegalStateException: Failed to cast to class java.io.IOException, object=java.util.concurrent.RejectedExecutionException: Task java.util.concurrent.CompletableFuture$AsyncSupply@26e61c81 rejected from java.util.concurrent.ThreadPoolExecutor@5f803e53[Terminated, pool size = 0, active threads = 0, queued tasks = 0, completed tasks = 0]
	at java.util.concurrent.ThreadPoolExecutor$AbortPolicy.rejectedExecution(ThreadPoolExecutor.java:2063)
	at java.util.concurrent.ThreadPoolExecutor.reject(ThreadPoolExecutor.java:830)
	at java.util.concurrent.ThreadPoolExecutor.execute(ThreadPoolExecutor.java:1379)
	at java.util.concurrent.CompletableFuture.asyncSupplyStage(CompletableFuture.java:1618)
	at java.util.concurrent.CompletableFuture.supplyAsync(CompletableFuture.java:1843)
	at org.apache.ratis.server.impl.RaftServerImpl.executeSubmitServerRequestAsync(RaftServerImpl.java:788)
	at org.apache.ratis.server.impl.RaftServerProxy.lambda$appendEntriesAsync$26(RaftServerProxy.java:622)
	at java.util.concurrent.CompletableFuture.uniComposeStage(CompletableFuture.java:995)
	at java.util.concurrent.CompletableFuture.thenCompose(CompletableFuture.java:2137)
	at org.apache.ratis.server.impl.RaftServerProxy.appendEntriesAsync(RaftServerProxy.java:622)
	at org.apache.ratis.grpc.server.GrpcServerProtocolService$1.process(GrpcServerProtocolService.java:207)
	at org.apache.ratis.grpc.server.GrpcServerProtocolService$1.process(GrpcServerProtocolService.java:204)
	at org.apache.ratis.grpc.server.GrpcServerProtocolService$ServerRequestStreamObserver.onNext(GrpcServerProtocolService.java:126)
	at org.apache.ratis.thirdparty.io.grpc.stub.ServerCalls$StreamingServerCallHandler$StreamingServerCallListener.onMessage(ServerCalls.java:262)
	at org.apache.ratis.thirdparty.io.grpc.ForwardingServerCallListener.onMessage(ForwardingServerCallListener.java:33)
	at org.apache.ratis.thirdparty.io.grpc.internal.ServerCallImpl$ServerStreamListenerImpl.messagesAvailableInternal(ServerCallImpl.java:318)
	at org.apache.ratis.thirdparty.io.grpc.internal.ServerCallImpl$ServerStreamListenerImpl.messagesAvailable(ServerCallImpl.java:301)
	at org.apache.ratis.thirdparty.io.grpc.internal.ServerImpl$JumpToApplicationThreadServerStreamListener$1MessagesAvailable.runInContext(ServerImpl.java:834)
	at org.apache.ratis.thirdparty.io.grpc.internal.ContextRunnable.run(ContextRunnable.java:37)
	at org.apache.ratis.thirdparty.io.grpc.internal.SerializingExecutor.run(SerializingExecutor.java:133)
	at java.util.concurrent.ThreadPoolExecutor.runWorker(ThreadPoolExecutor.java:1149)
	at java.util.concurrent.ThreadPoolExecutor$Worker.run(ThreadPoolExecutor.java:624)
	at java.lang.Thread.run(Thread.java:750)

		at org.apache.ratis.util.IOUtils.readObject(IOUtils.java:237)
		at org.apache.ratis.util.IOUtils.bytes2Object(IOUtils.java:214)
		at org.apache.ratis.grpc.GrpcUtil.tryUnwrapException(GrpcUtil.java:109)
		at org.apache.ratis.grpc.GrpcUtil.unwrapThrowable(GrpcUtil.java:82)
		at org.apache.ratis.grpc.GrpcUtil.warn(GrpcUtil.java:178)
		at org.apache.ratis.grpc.server.GrpcLogAppender$AppendLogResponseHandler.onError(GrpcLogAppender.java:378)
		... 10 more
	Caused by: java.lang.ClassCastException: Cannot cast java.util.concurrent.RejectedExecutionException to java.io.IOException
		at java.lang.Class.cast(Class.java:3369)
		at org.apache.ratis.util.IOUtils.readObject(IOUtils.java:234)
		... 15 more
2022-07-24 15:57:05,493 [grpc-default-executor-4] INFO  leader.FollowerInfo (FollowerInfoImpl.java:lambda$new$0(48)) - s0@group-1D117010C276->s2: nextIndex: updateUnconditionally 201 -> 199
2022-07-24 15:57:05,528 [grpc-default-executor-0] WARN  server.GrpcServerProtocolService (LogUtils.java:warn(124)) - s2: Failed APPEND_ENTRIES request s0->s2#15-t2,previous=(t:1, i:198),leaderCommit=200,initializing? true,entries: size=2, first=(t:2, i:199), CONFIGURATIONENTRY(current:id: "s0"
address: "localhost:41145"
dataStreamAddress: "localhost:35053"
clientAddress: "localhost:40971"
adminAddress: "localhost:44949"
startupRole: FOLLOWER
,id: "s1"
address: "localhost:37813"
dataStreamAddress: "localhost:42861"
clientAddress: "localhost:42193"
adminAddress: "localhost:42655"
startupRole: FOLLOWER
,id: "s2"
address: "localhost:37241"
dataStreamAddress: "localhost:33751"
clientAddress: "localhost:34449"
adminAddress: "localhost:39099"
startupRole: FOLLOWER
, old:)
java.util.concurrent.CompletionException: java.util.concurrent.RejectedExecutionException: Task java.util.concurrent.CompletableFuture$AsyncSupply@6d1c5f2d rejected from java.util.concurrent.ThreadPoolExecutor@5f803e53[Terminated, pool size = 0, active threads = 0, queued tasks = 0, completed tasks = 0]
	at java.util.concurrent.CompletableFuture.encodeThrowable(CompletableFuture.java:273)
	at java.util.concurrent.CompletableFuture.uniComposeStage(CompletableFuture.java:1005)
	at java.util.concurrent.CompletableFuture.thenCompose(CompletableFuture.java:2137)
	at org.apache.ratis.server.impl.RaftServerProxy.appendEntriesAsync(RaftServerProxy.java:622)
	at org.apache.ratis.grpc.server.GrpcServerProtocolService$1.process(GrpcServerProtocolService.java:207)
	at org.apache.ratis.grpc.server.GrpcServerProtocolService$1.process(GrpcServerProtocolService.java:204)
	at org.apache.ratis.grpc.server.GrpcServerProtocolService$ServerRequestStreamObserver.onNext(GrpcServerProtocolService.java:126)
	at org.apache.ratis.thirdparty.io.grpc.stub.ServerCalls$StreamingServerCallHandler$StreamingServerCallListener.onMessage(ServerCalls.java:262)
	at org.apache.ratis.thirdparty.io.grpc.ForwardingServerCallListener.onMessage(ForwardingServerCallListener.java:33)
	at org.apache.ratis.thirdparty.io.grpc.internal.ServerCallImpl$ServerStreamListenerImpl.messagesAvailableInternal(ServerCallImpl.java:318)
	at org.apache.ratis.thirdparty.io.grpc.internal.ServerCallImpl$ServerStreamListenerImpl.messagesAvailable(ServerCallImpl.java:301)
	at org.apache.ratis.thirdparty.io.grpc.internal.ServerImpl$JumpToApplicationThreadServerStreamListener$1MessagesAvailable.runInContext(ServerImpl.java:834)
	at org.apache.ratis.thirdparty.io.grpc.internal.ContextRunnable.run(ContextRunnable.java:37)
	at org.apache.ratis.thirdparty.io.grpc.internal.SerializingExecutor.run(SerializingExecutor.java:133)
	at java.util.concurrent.ThreadPoolExecutor.runWorker(ThreadPoolExecutor.java:1149)
	at java.util.concurrent.ThreadPoolExecutor$Worker.run(ThreadPoolExecutor.java:624)
	at java.lang.Thread.run(Thread.java:750)
Caused by: java.util.concurrent.RejectedExecutionException: Task java.util.concurrent.CompletableFuture$AsyncSupply@6d1c5f2d rejected from java.util.concurrent.ThreadPoolExecutor@5f803e53[Terminated, pool size = 0, active threads = 0, queued tasks = 0, completed tasks = 0]
	at java.util.concurrent.ThreadPoolExecutor$AbortPolicy.rejectedExecution(ThreadPoolExecutor.java:2063)
	at java.util.concurrent.ThreadPoolExecutor.reject(ThreadPoolExecutor.java:830)
	at java.util.concurrent.ThreadPoolExecutor.execute(ThreadPoolExecutor.java:1379)
	at java.util.concurrent.CompletableFuture.asyncSupplyStage(CompletableFuture.java:1618)
	at java.util.concurrent.CompletableFuture.supplyAsync(CompletableFuture.java:1843)
	at org.apache.ratis.server.impl.RaftServerImpl.executeSubmitServerRequestAsync(RaftServerImpl.java:788)
	at org.apache.ratis.server.impl.RaftServerProxy.lambda$appendEntriesAsync$26(RaftServerProxy.java:622)
	at java.util.concurrent.CompletableFuture.uniComposeStage(CompletableFuture.java:995)
	... 15 more
2022-07-24 15:57:05,530 [grpc-default-executor-8] WARN  server.GrpcLogAppender (LogUtils.java:warn(124)) - s0@group-1D117010C276->s2-AppendLogResponseHandler: Failed appendEntries
java.io.IOException: java.util.concurrent.RejectedExecutionException: Task java.util.concurrent.CompletableFuture$AsyncSupply@6d1c5f2d rejected from java.util.concurrent.ThreadPoolExecutor@5f803e53[Terminated, pool size = 0, active threads = 0, queued tasks = 0, completed tasks = 0]
	at org.apache.ratis.util.IOUtils.asIOException(IOUtils.java:56)
	at org.apache.ratis.grpc.GrpcUtil.tryUnwrapException(GrpcUtil.java:121)
	at org.apache.ratis.grpc.GrpcUtil.unwrapThrowable(GrpcUtil.java:82)
	at org.apache.ratis.grpc.GrpcUtil.warn(GrpcUtil.java:178)
	at org.apache.ratis.grpc.server.GrpcLogAppender$AppendLogResponseHandler.onError(GrpcLogAppender.java:378)
	at org.apache.ratis.thirdparty.io.grpc.stub.ClientCalls$StreamObserverToCallListenerAdapter.onClose(ClientCalls.java:479)
	at org.apache.ratis.thirdparty.io.grpc.internal.ClientCallImpl.closeObserver(ClientCallImpl.java:562)
	at org.apache.ratis.thirdparty.io.grpc.internal.ClientCallImpl.access$300(ClientCallImpl.java:70)
	at org.apache.ratis.thirdparty.io.grpc.internal.ClientCallImpl$ClientStreamListenerImpl$1StreamClosed.runInternal(ClientCallImpl.java:743)
	at org.apache.ratis.thirdparty.io.grpc.internal.ClientCallImpl$ClientStreamListenerImpl$1StreamClosed.runInContext(ClientCallImpl.java:722)
	at org.apache.ratis.thirdparty.io.grpc.internal.ContextRunnable.run(ContextRunnable.java:37)
	at org.apache.ratis.thirdparty.io.grpc.internal.SerializingExecutor.run(SerializingExecutor.java:133)
	at java.util.concurrent.ThreadPoolExecutor.runWorker(ThreadPoolExecutor.java:1149)
	at java.util.concurrent.ThreadPoolExecutor$Worker.run(ThreadPoolExecutor.java:624)
	at java.lang.Thread.run(Thread.java:750)
Caused by: java.util.concurrent.RejectedExecutionException: Task java.util.concurrent.CompletableFuture$AsyncSupply@6d1c5f2d rejected from java.util.concurrent.ThreadPoolExecutor@5f803e53[Terminated, pool size = 0, active threads = 0, queued tasks = 0, completed tasks = 0]
	at sun.reflect.NativeConstructorAccessorImpl.newInstance0(Native Method)
	at sun.reflect.NativeConstructorAccessorImpl.newInstance(NativeConstructorAccessorImpl.java:62)
	at sun.reflect.DelegatingConstructorAccessorImpl.newInstance(DelegatingConstructorAccessorImpl.java:45)
	at java.lang.reflect.Constructor.newInstance(Constructor.java:423)
	at org.apache.ratis.util.ReflectionUtils.instantiateException(ReflectionUtils.java:259)
	at org.apache.ratis.grpc.GrpcUtil.tryUnwrapException(GrpcUtil.java:120)
	... 13 more
Caused by: org.apache.ratis.thirdparty.io.grpc.StatusRuntimeException: INTERNAL: Task java.util.concurrent.CompletableFuture$AsyncSupply@6d1c5f2d rejected from java.util.concurrent.ThreadPoolExecutor@5f803e53[Terminated, pool size = 0, active threads = 0, queued tasks = 0, completed tasks = 0]
	at org.apache.ratis.thirdparty.io.grpc.Status.asRuntimeException(Status.java:535)
	... 10 more
	Suppressed: java.lang.IllegalStateException: Failed to cast to class java.io.IOException, object=java.util.concurrent.RejectedExecutionException: Task java.util.concurrent.CompletableFuture$AsyncSupply@6d1c5f2d rejected from java.util.concurrent.ThreadPoolExecutor@5f803e53[Terminated, pool size = 0, active threads = 0, queued tasks = 0, completed tasks = 0]
	at java.util.concurrent.ThreadPoolExecutor$AbortPolicy.rejectedExecution(ThreadPoolExecutor.java:2063)
	at java.util.concurrent.ThreadPoolExecutor.reject(ThreadPoolExecutor.java:830)
	at java.util.concurrent.ThreadPoolExecutor.execute(ThreadPoolExecutor.java:1379)
	at java.util.concurrent.CompletableFuture.asyncSupplyStage(CompletableFuture.java:1618)
	at java.util.concurrent.CompletableFuture.supplyAsync(CompletableFuture.java:1843)
	at org.apache.ratis.server.impl.RaftServerImpl.executeSubmitServerRequestAsync(RaftServerImpl.java:788)
	at org.apache.ratis.server.impl.RaftServerProxy.lambda$appendEntriesAsync$26(RaftServerProxy.java:622)
	at java.util.concurrent.CompletableFuture.uniComposeStage(CompletableFuture.java:995)
	at java.util.concurrent.CompletableFuture.thenCompose(CompletableFuture.java:2137)
	at org.apache.ratis.server.impl.RaftServerProxy.appendEntriesAsync(RaftServerProxy.java:622)
	at org.apache.ratis.grpc.server.GrpcServerProtocolService$1.process(GrpcServerProtocolService.java:207)
	at org.apache.ratis.grpc.server.GrpcServerProtocolService$1.process(GrpcServerProtocolService.java:204)
	at org.apache.ratis.grpc.server.GrpcServerProtocolService$ServerRequestStreamObserver.onNext(GrpcServerProtocolService.java:126)
	at org.apache.ratis.thirdparty.io.grpc.stub.ServerCalls$StreamingServerCallHandler$StreamingServerCallListener.onMessage(ServerCalls.java:262)
	at org.apache.ratis.thirdparty.io.grpc.ForwardingServerCallListener.onMessage(ForwardingServerCallListener.java:33)
	at org.apache.ratis.thirdparty.io.grpc.internal.ServerCallImpl$ServerStreamListenerImpl.messagesAvailableInternal(ServerCallImpl.java:318)
	at org.apache.ratis.thirdparty.io.grpc.internal.ServerCallImpl$ServerStreamListenerImpl.messagesAvailable(ServerCallImpl.java:301)
	at org.apache.ratis.thirdparty.io.grpc.internal.ServerImpl$JumpToApplicationThreadServerStreamListener$1MessagesAvailable.runInContext(ServerImpl.java:834)
	at org.apache.ratis.thirdparty.io.grpc.internal.ContextRunnable.run(ContextRunnable.java:37)
	at org.apache.ratis.thirdparty.io.grpc.internal.SerializingExecutor.run(SerializingExecutor.java:133)
	at java.util.concurrent.ThreadPoolExecutor.runWorker(ThreadPoolExecutor.java:1149)
	at java.util.concurrent.ThreadPoolExecutor$Worker.run(ThreadPoolExecutor.java:624)
	at java.lang.Thread.run(Thread.java:750)

		at org.apache.ratis.util.IOUtils.readObject(IOUtils.java:237)
		at org.apache.ratis.util.IOUtils.bytes2Object(IOUtils.java:214)
		at org.apache.ratis.grpc.GrpcUtil.tryUnwrapException(GrpcUtil.java:109)
		at org.apache.ratis.grpc.GrpcUtil.unwrapThrowable(GrpcUtil.java:82)
		at org.apache.ratis.grpc.GrpcUtil.warn(GrpcUtil.java:178)
		at org.apache.ratis.grpc.server.GrpcLogAppender$AppendLogResponseHandler.onError(GrpcLogAppender.java:378)
		... 10 more
	Caused by: java.lang.ClassCastException: Cannot cast java.util.concurrent.RejectedExecutionException to java.io.IOException
		at java.lang.Class.cast(Class.java:3369)
		at org.apache.ratis.util.IOUtils.readObject(IOUtils.java:234)
		... 15 more
2022-07-24 15:57:05,531 [grpc-default-executor-8] INFO  leader.FollowerInfo (FollowerInfoImpl.java:lambda$new$0(48)) - s0@group-1D117010C276->s2: nextIndex: updateUnconditionally 201 -> 199
2022-07-24 15:57:05,555 [s1-server-thread1] DEBUG raftlog.RaftLog (SegmentedRaftLog.java:appendImpl(447)) - truncateIndex=-1, arrayIndex=0
2022-07-24 15:57:05,556 [grpc-default-executor-0] WARN  server.GrpcServerProtocolService (LogUtils.java:warn(124)) - s2: Failed APPEND_ENTRIES request s0->s2#16-t2,previous=(t:1, i:198),leaderCommit=200,initializing? true,entries: size=3, first=(t:2, i:199), CONFIGURATIONENTRY(current:id: "s0"
address: "localhost:41145"
dataStreamAddress: "localhost:35053"
clientAddress: "localhost:40971"
adminAddress: "localhost:44949"
startupRole: FOLLOWER
,id: "s1"
address: "localhost:37813"
dataStreamAddress: "localhost:42861"
clientAddress: "localhost:42193"
adminAddress: "localhost:42655"
startupRole: FOLLOWER
,id: "s2"
address: "localhost:37241"
dataStreamAddress: "localhost:33751"
clientAddress: "localhost:34449"
adminAddress: "localhost:39099"
startupRole: FOLLOWER
, old:)
java.util.concurrent.CompletionException: java.util.concurrent.RejectedExecutionException: Task java.util.concurrent.CompletableFuture$AsyncSupply@50f40a05 rejected from java.util.concurrent.ThreadPoolExecutor@5f803e53[Terminated, pool size = 0, active threads = 0, queued tasks = 0, completed tasks = 0]
	at java.util.concurrent.CompletableFuture.encodeThrowable(CompletableFuture.java:273)
	at java.util.concurrent.CompletableFuture.uniComposeStage(CompletableFuture.java:1005)
	at java.util.concurrent.CompletableFuture.thenCompose(CompletableFuture.java:2137)
	at org.apache.ratis.server.impl.RaftServerProxy.appendEntriesAsync(RaftServerProxy.java:622)
	at org.apache.ratis.grpc.server.GrpcServerProtocolService$1.process(GrpcServerProtocolService.java:207)
	at org.apache.ratis.grpc.server.GrpcServerProtocolService$1.process(GrpcServerProtocolService.java:204)
	at org.apache.ratis.grpc.server.GrpcServerProtocolService$ServerRequestStreamObserver.onNext(GrpcServerProtocolService.java:126)
	at org.apache.ratis.thirdparty.io.grpc.stub.ServerCalls$StreamingServerCallHandler$StreamingServerCallListener.onMessage(ServerCalls.java:262)
	at org.apache.ratis.thirdparty.io.grpc.ForwardingServerCallListener.onMessage(ForwardingServerCallListener.java:33)
	at org.apache.ratis.thirdparty.io.grpc.internal.ServerCallImpl$ServerStreamListenerImpl.messagesAvailableInternal(ServerCallImpl.java:318)
	at org.apache.ratis.thirdparty.io.grpc.internal.ServerCallImpl$ServerStreamListenerImpl.messagesAvailable(ServerCallImpl.java:301)
	at org.apache.ratis.thirdparty.io.grpc.internal.ServerImpl$JumpToApplicationThreadServerStreamListener$1MessagesAvailable.runInContext(ServerImpl.java:834)
	at org.apache.ratis.thirdparty.io.grpc.internal.ContextRunnable.run(ContextRunnable.java:37)
	at org.apache.ratis.thirdparty.io.grpc.internal.SerializingExecutor.run(SerializingExecutor.java:133)
	at java.util.concurrent.ThreadPoolExecutor.runWorker(ThreadPoolExecutor.java:1149)
	at java.util.concurrent.ThreadPoolExecutor$Worker.run(ThreadPoolExecutor.java:624)
	at java.lang.Thread.run(Thread.java:750)
Caused by: java.util.concurrent.RejectedExecutionException: Task java.util.concurrent.CompletableFuture$AsyncSupply@50f40a05 rejected from java.util.concurrent.ThreadPoolExecutor@5f803e53[Terminated, pool size = 0, active threads = 0, queued tasks = 0, completed tasks = 0]
	at java.util.concurrent.ThreadPoolExecutor$AbortPolicy.rejectedExecution(ThreadPoolExecutor.java:2063)
	at java.util.concurrent.ThreadPoolExecutor.reject(ThreadPoolExecutor.java:830)
	at java.util.concurrent.ThreadPoolExecutor.execute(ThreadPoolExecutor.java:1379)
	at java.util.concurrent.CompletableFuture.asyncSupplyStage(CompletableFuture.java:1618)
	at java.util.concurrent.CompletableFuture.supplyAsync(CompletableFuture.java:1843)
	at org.apache.ratis.server.impl.RaftServerImpl.executeSubmitServerRequestAsync(RaftServerImpl.java:788)
	at org.apache.ratis.server.impl.RaftServerProxy.lambda$appendEntriesAsync$26(RaftServerProxy.java:622)
	at java.util.concurrent.CompletableFuture.uniComposeStage(CompletableFuture.java:995)
	... 15 more
2022-07-24 15:57:05,558 [grpc-default-executor-4] WARN  server.GrpcLogAppender (LogUtils.java:warn(124)) - s0@group-1D117010C276->s2-AppendLogResponseHandler: Failed appendEntries
java.io.IOException: java.util.concurrent.RejectedExecutionException: Task java.util.concurrent.CompletableFuture$AsyncSupply@50f40a05 rejected from java.util.concurrent.ThreadPoolExecutor@5f803e53[Terminated, pool size = 0, active threads = 0, queued tasks = 0, completed tasks = 0]
	at org.apache.ratis.util.IOUtils.asIOException(IOUtils.java:56)
	at org.apache.ratis.grpc.GrpcUtil.tryUnwrapException(GrpcUtil.java:121)
	at org.apache.ratis.grpc.GrpcUtil.unwrapThrowable(GrpcUtil.java:82)
	at org.apache.ratis.grpc.GrpcUtil.warn(GrpcUtil.java:178)
	at org.apache.ratis.grpc.server.GrpcLogAppender$AppendLogResponseHandler.onError(GrpcLogAppender.java:378)
	at org.apache.ratis.thirdparty.io.grpc.stub.ClientCalls$StreamObserverToCallListenerAdapter.onClose(ClientCalls.java:479)
	at org.apache.ratis.thirdparty.io.grpc.internal.ClientCallImpl.closeObserver(ClientCallImpl.java:562)
	at org.apache.ratis.thirdparty.io.grpc.internal.ClientCallImpl.access$300(ClientCallImpl.java:70)
	at org.apache.ratis.thirdparty.io.grpc.internal.ClientCallImpl$ClientStreamListenerImpl$1StreamClosed.runInternal(ClientCallImpl.java:743)
	at org.apache.ratis.thirdparty.io.grpc.internal.ClientCallImpl$ClientStreamListenerImpl$1StreamClosed.runInContext(ClientCallImpl.java:722)
	at org.apache.ratis.thirdparty.io.grpc.internal.ContextRunnable.run(ContextRunnable.java:37)
	at org.apache.ratis.thirdparty.io.grpc.internal.SerializingExecutor.run(SerializingExecutor.java:133)
	at java.util.concurrent.ThreadPoolExecutor.runWorker(ThreadPoolExecutor.java:1149)
	at java.util.concurrent.ThreadPoolExecutor$Worker.run(ThreadPoolExecutor.java:624)
	at java.lang.Thread.run(Thread.java:750)
Caused by: java.util.concurrent.RejectedExecutionException: Task java.util.concurrent.CompletableFuture$AsyncSupply@50f40a05 rejected from java.util.concurrent.ThreadPoolExecutor@5f803e53[Terminated, pool size = 0, active threads = 0, queued tasks = 0, completed tasks = 0]
	at sun.reflect.NativeConstructorAccessorImpl.newInstance0(Native Method)
	at sun.reflect.NativeConstructorAccessorImpl.newInstance(NativeConstructorAccessorImpl.java:62)
	at sun.reflect.DelegatingConstructorAccessorImpl.newInstance(DelegatingConstructorAccessorImpl.java:45)
	at java.lang.reflect.Constructor.newInstance(Constructor.java:423)
	at org.apache.ratis.util.ReflectionUtils.instantiateException(ReflectionUtils.java:259)
	at org.apache.ratis.grpc.GrpcUtil.tryUnwrapException(GrpcUtil.java:120)
	... 13 more
Caused by: org.apache.ratis.thirdparty.io.grpc.StatusRuntimeException: INTERNAL: Task java.util.concurrent.CompletableFuture$AsyncSupply@50f40a05 rejected from java.util.concurrent.ThreadPoolExecutor@5f803e53[Terminated, pool size = 0, active threads = 0, queued tasks = 0, completed tasks = 0]
	at org.apache.ratis.thirdparty.io.grpc.Status.asRuntimeException(Status.java:535)
	... 10 more
	Suppressed: java.lang.IllegalStateException: Failed to cast to class java.io.IOException, object=java.util.concurrent.RejectedExecutionException: Task java.util.concurrent.CompletableFuture$AsyncSupply@50f40a05 rejected from java.util.concurrent.ThreadPoolExecutor@5f803e53[Terminated, pool size = 0, active threads = 0, queued tasks = 0, completed tasks = 0]
	at java.util.concurrent.ThreadPoolExecutor$AbortPolicy.rejectedExecution(ThreadPoolExecutor.java:2063)
	at java.util.concurrent.ThreadPoolExecutor.reject(ThreadPoolExecutor.java:830)
	at java.util.concurrent.ThreadPoolExecutor.execute(ThreadPoolExecutor.java:1379)
	at java.util.concurrent.CompletableFuture.asyncSupplyStage(CompletableFuture.java:1618)
	at java.util.concurrent.CompletableFuture.supplyAsync(CompletableFuture.java:1843)
	at org.apache.ratis.server.impl.RaftServerImpl.executeSubmitServerRequestAsync(RaftServerImpl.java:788)
	at org.apache.ratis.server.impl.RaftServerProxy.lambda$appendEntriesAsync$26(RaftServerProxy.java:622)
	at java.util.concurrent.CompletableFuture.uniComposeStage(CompletableFuture.java:995)
	at java.util.concurrent.CompletableFuture.thenCompose(CompletableFuture.java:2137)
	at org.apache.ratis.server.impl.RaftServerProxy.appendEntriesAsync(RaftServerProxy.java:622)
	at org.apache.ratis.grpc.server.GrpcServerProtocolService$1.process(GrpcServerProtocolService.java:207)
	at org.apache.ratis.grpc.server.GrpcServerProtocolService$1.process(GrpcServerProtocolService.java:204)
	at org.apache.ratis.grpc.server.GrpcServerProtocolService$ServerRequestStreamObserver.onNext(GrpcServerProtocolService.java:126)
	at org.apache.ratis.thirdparty.io.grpc.stub.ServerCalls$StreamingServerCallHandler$StreamingServerCallListener.onMessage(ServerCalls.java:262)
	at org.apache.ratis.thirdparty.io.grpc.ForwardingServerCallListener.onMessage(ForwardingServerCallListener.java:33)
	at org.apache.ratis.thirdparty.io.grpc.internal.ServerCallImpl$ServerStreamListenerImpl.messagesAvailableInternal(ServerCallImpl.java:318)
	at org.apache.ratis.thirdparty.io.grpc.internal.ServerCallImpl$ServerStreamListenerImpl.messagesAvailable(ServerCallImpl.java:301)
	at org.apache.ratis.thirdparty.io.grpc.internal.ServerImpl$JumpToApplicationThreadServerStreamListener$1MessagesAvailable.runInContext(ServerImpl.java:834)
	at org.apache.ratis.thirdparty.io.grpc.internal.ContextRunnable.run(ContextRunnable.java:37)
	at org.apache.ratis.thirdparty.io.grpc.internal.SerializingExecutor.run(SerializingExecutor.java:133)
	at java.util.concurrent.ThreadPoolExecutor.runWorker(ThreadPoolExecutor.java:1149)
	at java.util.concurrent.ThreadPoolExecutor$Worker.run(ThreadPoolExecutor.java:624)
	at java.lang.Thread.run(Thread.java:750)

		at org.apache.ratis.util.IOUtils.readObject(IOUtils.java:237)
		at org.apache.ratis.util.IOUtils.bytes2Object(IOUtils.java:214)
		at org.apache.ratis.grpc.GrpcUtil.tryUnwrapException(GrpcUtil.java:109)
		at org.apache.ratis.grpc.GrpcUtil.unwrapThrowable(GrpcUtil.java:82)
		at org.apache.ratis.grpc.GrpcUtil.warn(GrpcUtil.java:178)
		at org.apache.ratis.grpc.server.GrpcLogAppender$AppendLogResponseHandler.onError(GrpcLogAppender.java:378)
		... 10 more
	Caused by: java.lang.ClassCastException: Cannot cast java.util.concurrent.RejectedExecutionException to java.io.IOException
		at java.lang.Class.cast(Class.java:3369)
		at org.apache.ratis.util.IOUtils.readObject(IOUtils.java:234)
		... 15 more
2022-07-24 15:57:05,558 [grpc-default-executor-4] INFO  leader.FollowerInfo (FollowerInfoImpl.java:lambda$new$0(48)) - s0@group-1D117010C276->s2: nextIndex: updateUnconditionally 202 -> 199
2022-07-24 15:57:05,559 [s0@group-1D117010C276-StateMachineUpdater] INFO  statemachine.SimpleStateMachine4Testing (SimpleStateMachine4Testing.java:put(204)) - s0: put 201, m98 -> (t:2, i:201), STATEMACHINELOGENTRY, 484@client-6F86E1C52B91
2022-07-24 15:57:05,560 [s1-server-thread1] DEBUG raftlog.RaftLog (SegmentedRaftLog.java:appendImpl(447)) - truncateIndex=-1, arrayIndex=0
2022-07-24 15:57:05,560 [grpc-default-executor-4] WARN  server.GrpcServerProtocolService (LogUtils.java:warn(124)) - s2: Failed APPEND_ENTRIES request s0->s2#17-t2,previous=(t:1, i:198),leaderCommit=201,initializing? true,entries: size=4, first=(t:2, i:199), CONFIGURATIONENTRY(current:id: "s0"
address: "localhost:41145"
dataStreamAddress: "localhost:35053"
clientAddress: "localhost:40971"
adminAddress: "localhost:44949"
startupRole: FOLLOWER
,id: "s1"
address: "localhost:37813"
dataStreamAddress: "localhost:42861"
clientAddress: "localhost:42193"
adminAddress: "localhost:42655"
startupRole: FOLLOWER
,id: "s2"
address: "localhost:37241"
dataStreamAddress: "localhost:33751"
clientAddress: "localhost:34449"
adminAddress: "localhost:39099"
startupRole: FOLLOWER
, old:)
java.util.concurrent.CompletionException: java.util.concurrent.RejectedExecutionException: Task java.util.concurrent.CompletableFuture$AsyncSupply@6fe9361d rejected from java.util.concurrent.ThreadPoolExecutor@5f803e53[Terminated, pool size = 0, active threads = 0, queued tasks = 0, completed tasks = 0]
	at java.util.concurrent.CompletableFuture.encodeThrowable(CompletableFuture.java:273)
	at java.util.concurrent.CompletableFuture.uniComposeStage(CompletableFuture.java:1005)
	at java.util.concurrent.CompletableFuture.thenCompose(CompletableFuture.java:2137)
	at org.apache.ratis.server.impl.RaftServerProxy.appendEntriesAsync(RaftServerProxy.java:622)
	at org.apache.ratis.grpc.server.GrpcServerProtocolService$1.process(GrpcServerProtocolService.java:207)
	at org.apache.ratis.grpc.server.GrpcServerProtocolService$1.process(GrpcServerProtocolService.java:204)
	at org.apache.ratis.grpc.server.GrpcServerProtocolService$ServerRequestStreamObserver.onNext(GrpcServerProtocolService.java:126)
	at org.apache.ratis.thirdparty.io.grpc.stub.ServerCalls$StreamingServerCallHandler$StreamingServerCallListener.onMessage(ServerCalls.java:262)
	at org.apache.ratis.thirdparty.io.grpc.ForwardingServerCallListener.onMessage(ForwardingServerCallListener.java:33)
	at org.apache.ratis.thirdparty.io.grpc.internal.ServerCallImpl$ServerStreamListenerImpl.messagesAvailableInternal(ServerCallImpl.java:318)
	at org.apache.ratis.thirdparty.io.grpc.internal.ServerCallImpl$ServerStreamListenerImpl.messagesAvailable(ServerCallImpl.java:301)
	at org.apache.ratis.thirdparty.io.grpc.internal.ServerImpl$JumpToApplicationThreadServerStreamListener$1MessagesAvailable.runInContext(ServerImpl.java:834)
	at org.apache.ratis.thirdparty.io.grpc.internal.ContextRunnable.run(ContextRunnable.java:37)
	at org.apache.ratis.thirdparty.io.grpc.internal.SerializingExecutor.run(SerializingExecutor.java:133)
	at java.util.concurrent.ThreadPoolExecutor.runWorker(ThreadPoolExecutor.java:1149)
	at java.util.concurrent.ThreadPoolExecutor$Worker.run(ThreadPoolExecutor.java:624)
	at java.lang.Thread.run(Thread.java:750)
Caused by: java.util.concurrent.RejectedExecutionException: Task java.util.concurrent.CompletableFuture$AsyncSupply@6fe9361d rejected from java.util.concurrent.ThreadPoolExecutor@5f803e53[Terminated, pool size = 0, active threads = 0, queued tasks = 0, completed tasks = 0]
	at java.util.concurrent.ThreadPoolExecutor$AbortPolicy.rejectedExecution(ThreadPoolExecutor.java:2063)
	at java.util.concurrent.ThreadPoolExecutor.reject(ThreadPoolExecutor.java:830)
	at java.util.concurrent.ThreadPoolExecutor.execute(ThreadPoolExecutor.java:1379)
	at java.util.concurrent.CompletableFuture.asyncSupplyStage(CompletableFuture.java:1618)
	at java.util.concurrent.CompletableFuture.supplyAsync(CompletableFuture.java:1843)
	at org.apache.ratis.server.impl.RaftServerImpl.executeSubmitServerRequestAsync(RaftServerImpl.java:788)
	at org.apache.ratis.server.impl.RaftServerProxy.lambda$appendEntriesAsync$26(RaftServerProxy.java:622)
	at java.util.concurrent.CompletableFuture.uniComposeStage(CompletableFuture.java:995)
	... 15 more
2022-07-24 15:57:05,562 [grpc-default-executor-8] WARN  server.GrpcLogAppender (LogUtils.java:warn(124)) - s0@group-1D117010C276->s2-AppendLogResponseHandler: Failed appendEntries
java.io.IOException: java.util.concurrent.RejectedExecutionException: Task java.util.concurrent.CompletableFuture$AsyncSupply@6fe9361d rejected from java.util.concurrent.ThreadPoolExecutor@5f803e53[Terminated, pool size = 0, active threads = 0, queued tasks = 0, completed tasks = 0]
	at org.apache.ratis.util.IOUtils.asIOException(IOUtils.java:56)
	at org.apache.ratis.grpc.GrpcUtil.tryUnwrapException(GrpcUtil.java:121)
	at org.apache.ratis.grpc.GrpcUtil.unwrapThrowable(GrpcUtil.java:82)
	at org.apache.ratis.grpc.GrpcUtil.warn(GrpcUtil.java:178)
	at org.apache.ratis.grpc.server.GrpcLogAppender$AppendLogResponseHandler.onError(GrpcLogAppender.java:378)
	at org.apache.ratis.thirdparty.io.grpc.stub.ClientCalls$StreamObserverToCallListenerAdapter.onClose(ClientCalls.java:479)
	at org.apache.ratis.thirdparty.io.grpc.internal.ClientCallImpl.closeObserver(ClientCallImpl.java:562)
	at org.apache.ratis.thirdparty.io.grpc.internal.ClientCallImpl.access$300(ClientCallImpl.java:70)
	at org.apache.ratis.thirdparty.io.grpc.internal.ClientCallImpl$ClientStreamListenerImpl$1StreamClosed.runInternal(ClientCallImpl.java:743)
	at org.apache.ratis.thirdparty.io.grpc.internal.ClientCallImpl$ClientStreamListenerImpl$1StreamClosed.runInContext(ClientCallImpl.java:722)
	at org.apache.ratis.thirdparty.io.grpc.internal.ContextRunnable.run(ContextRunnable.java:37)
	at org.apache.ratis.thirdparty.io.grpc.internal.SerializingExecutor.run(SerializingExecutor.java:133)
	at java.util.concurrent.ThreadPoolExecutor.runWorker(ThreadPoolExecutor.java:1149)
	at java.util.concurrent.ThreadPoolExecutor$Worker.run(ThreadPoolExecutor.java:624)
	at java.lang.Thread.run(Thread.java:750)
Caused by: java.util.concurrent.RejectedExecutionException: Task java.util.concurrent.CompletableFuture$AsyncSupply@6fe9361d rejected from java.util.concurrent.ThreadPoolExecutor@5f803e53[Terminated, pool size = 0, active threads = 0, queued tasks = 0, completed tasks = 0]
	at sun.reflect.NativeConstructorAccessorImpl.newInstance0(Native Method)
	at sun.reflect.NativeConstructorAccessorImpl.newInstance(NativeConstructorAccessorImpl.java:62)
	at sun.reflect.DelegatingConstructorAccessorImpl.newInstance(DelegatingConstructorAccessorImpl.java:45)
	at java.lang.reflect.Constructor.newInstance(Constructor.java:423)
	at org.apache.ratis.util.ReflectionUtils.instantiateException(ReflectionUtils.java:259)
	at org.apache.ratis.grpc.GrpcUtil.tryUnwrapException(GrpcUtil.java:120)
	... 13 more
Caused by: org.apache.ratis.thirdparty.io.grpc.StatusRuntimeException: INTERNAL: Task java.util.concurrent.CompletableFuture$AsyncSupply@6fe9361d rejected from java.util.concurrent.ThreadPoolExecutor@5f803e53[Terminated, pool size = 0, active threads = 0, queued tasks = 0, completed tasks = 0]
	at org.apache.ratis.thirdparty.io.grpc.Status.asRuntimeException(Status.java:535)
	... 10 more
	Suppressed: java.lang.IllegalStateException: Failed to cast to class java.io.IOException, object=java.util.concurrent.RejectedExecutionException: Task java.util.concurrent.CompletableFuture$AsyncSupply@6fe9361d rejected from java.util.concurrent.ThreadPoolExecutor@5f803e53[Terminated, pool size = 0, active threads = 0, queued tasks = 0, completed tasks = 0]
	at java.util.concurrent.ThreadPoolExecutor$AbortPolicy.rejectedExecution(ThreadPoolExecutor.java:2063)
	at java.util.concurrent.ThreadPoolExecutor.reject(ThreadPoolExecutor.java:830)
	at java.util.concurrent.ThreadPoolExecutor.execute(ThreadPoolExecutor.java:1379)
	at java.util.concurrent.CompletableFuture.asyncSupplyStage(CompletableFuture.java:1618)
	at java.util.concurrent.CompletableFuture.supplyAsync(CompletableFuture.java:1843)
	at org.apache.ratis.server.impl.RaftServerImpl.executeSubmitServerRequestAsync(RaftServerImpl.java:788)
	at org.apache.ratis.server.impl.RaftServerProxy.lambda$appendEntriesAsync$26(RaftServerProxy.java:622)
	at java.util.concurrent.CompletableFuture.uniComposeStage(CompletableFuture.java:995)
	at java.util.concurrent.CompletableFuture.thenCompose(CompletableFuture.java:2137)
	at org.apache.ratis.server.impl.RaftServerProxy.appendEntriesAsync(RaftServerProxy.java:622)
	at org.apache.ratis.grpc.server.GrpcServerProtocolService$1.process(GrpcServerProtocolService.java:207)
	at org.apache.ratis.grpc.server.GrpcServerProtocolService$1.process(GrpcServerProtocolService.java:204)
	at org.apache.ratis.grpc.server.GrpcServerProtocolService$ServerRequestStreamObserver.onNext(GrpcServerProtocolService.java:126)
	at org.apache.ratis.thirdparty.io.grpc.stub.ServerCalls$StreamingServerCallHandler$StreamingServerCallListener.onMessage(ServerCalls.java:262)
	at org.apache.ratis.thirdparty.io.grpc.ForwardingServerCallListener.onMessage(ForwardingServerCallListener.java:33)
	at org.apache.ratis.thirdparty.io.grpc.internal.ServerCallImpl$ServerStreamListenerImpl.messagesAvailableInternal(ServerCallImpl.java:318)
	at org.apache.ratis.thirdparty.io.grpc.internal.ServerCallImpl$ServerStreamListenerImpl.messagesAvailable(ServerCallImpl.java:301)
	at org.apache.ratis.thirdparty.io.grpc.internal.ServerImpl$JumpToApplicationThreadServerStreamListener$1MessagesAvailable.runInContext(ServerImpl.java:834)
	at org.apache.ratis.thirdparty.io.grpc.internal.ContextRunnable.run(ContextRunnable.java:37)
	at org.apache.ratis.thirdparty.io.grpc.internal.SerializingExecutor.run(SerializingExecutor.java:133)
	at java.util.concurrent.ThreadPoolExecutor.runWorker(ThreadPoolExecutor.java:1149)
	at java.util.concurrent.ThreadPoolExecutor$Worker.run(ThreadPoolExecutor.java:624)
	at java.lang.Thread.run(Thread.java:750)

		at org.apache.ratis.util.IOUtils.readObject(IOUtils.java:237)
		at org.apache.ratis.util.IOUtils.bytes2Object(IOUtils.java:214)
		at org.apache.ratis.grpc.GrpcUtil.tryUnwrapException(GrpcUtil.java:109)
		at org.apache.ratis.grpc.GrpcUtil.unwrapThrowable(GrpcUtil.java:82)
		at org.apache.ratis.grpc.GrpcUtil.warn(GrpcUtil.java:178)
		at org.apache.ratis.grpc.server.GrpcLogAppender$AppendLogResponseHandler.onError(GrpcLogAppender.java:378)
		... 10 more
	Caused by: java.lang.ClassCastException: Cannot cast java.util.concurrent.RejectedExecutionException to java.io.IOException
		at java.lang.Class.cast(Class.java:3369)
		at org.apache.ratis.util.IOUtils.readObject(IOUtils.java:234)
		... 15 more
2022-07-24 15:57:05,562 [grpc-default-executor-8] INFO  leader.FollowerInfo (FollowerInfoImpl.java:lambda$new$0(48)) - s0@group-1D117010C276->s2: nextIndex: updateUnconditionally 203 -> 199
2022-07-24 15:57:05,563 [s1-server-thread1] DEBUG raftlog.RaftLog (SegmentedRaftLog.java:appendImpl(447)) - truncateIndex=-1, arrayIndex=0
2022-07-24 15:57:05,564 [s1@group-1D117010C276-StateMachineUpdater] INFO  statemachine.SimpleStateMachine4Testing (SimpleStateMachine4Testing.java:put(204)) - s1: put 201, m98 -> (t:2, i:201), STATEMACHINELOGENTRY, 484@client-6F86E1C52B91
2022-07-24 15:57:05,564 [grpc-default-executor-0] WARN  server.GrpcServerProtocolService (LogUtils.java:warn(124)) - s2: Failed APPEND_ENTRIES request s0->s2#18-t2,previous=(t:1, i:198),leaderCommit=201,initializing? true,entries: size=5, first=(t:2, i:199), CONFIGURATIONENTRY(current:id: "s0"
address: "localhost:41145"
dataStreamAddress: "localhost:35053"
clientAddress: "localhost:40971"
adminAddress: "localhost:44949"
startupRole: FOLLOWER
,id: "s1"
address: "localhost:37813"
dataStreamAddress: "localhost:42861"
clientAddress: "localhost:42193"
adminAddress: "localhost:42655"
startupRole: FOLLOWER
,id: "s2"
address: "localhost:37241"
dataStreamAddress: "localhost:33751"
clientAddress: "localhost:34449"
adminAddress: "localhost:39099"
startupRole: FOLLOWER
, old:)
java.util.concurrent.CompletionException: java.util.concurrent.RejectedExecutionException: Task java.util.concurrent.CompletableFuture$AsyncSupply@12be812b rejected from java.util.concurrent.ThreadPoolExecutor@5f803e53[Terminated, pool size = 0, active threads = 0, queued tasks = 0, completed tasks = 0]
	at java.util.concurrent.CompletableFuture.encodeThrowable(CompletableFuture.java:273)
	at java.util.concurrent.CompletableFuture.uniComposeStage(CompletableFuture.java:1005)
	at java.util.concurrent.CompletableFuture.thenCompose(CompletableFuture.java:2137)
	at org.apache.ratis.server.impl.RaftServerProxy.appendEntriesAsync(RaftServerProxy.java:622)
	at org.apache.ratis.grpc.server.GrpcServerProtocolService$1.process(GrpcServerProtocolService.java:207)
	at org.apache.ratis.grpc.server.GrpcServerProtocolService$1.process(GrpcServerProtocolService.java:204)
	at org.apache.ratis.grpc.server.GrpcServerProtocolService$ServerRequestStreamObserver.onNext(GrpcServerProtocolService.java:126)
	at org.apache.ratis.thirdparty.io.grpc.stub.ServerCalls$StreamingServerCallHandler$StreamingServerCallListener.onMessage(ServerCalls.java:262)
	at org.apache.ratis.thirdparty.io.grpc.ForwardingServerCallListener.onMessage(ForwardingServerCallListener.java:33)
	at org.apache.ratis.thirdparty.io.grpc.internal.ServerCallImpl$ServerStreamListenerImpl.messagesAvailableInternal(ServerCallImpl.java:318)
	at org.apache.ratis.thirdparty.io.grpc.internal.ServerCallImpl$ServerStreamListenerImpl.messagesAvailable(ServerCallImpl.java:301)
	at org.apache.ratis.thirdparty.io.grpc.internal.ServerImpl$JumpToApplicationThreadServerStreamListener$1MessagesAvailable.runInContext(ServerImpl.java:834)
	at org.apache.ratis.thirdparty.io.grpc.internal.ContextRunnable.run(ContextRunnable.java:37)
	at org.apache.ratis.thirdparty.io.grpc.internal.SerializingExecutor.run(SerializingExecutor.java:133)
	at java.util.concurrent.ThreadPoolExecutor.runWorker(ThreadPoolExecutor.java:1149)
	at java.util.concurrent.ThreadPoolExecutor$Worker.run(ThreadPoolExecutor.java:624)
	at java.lang.Thread.run(Thread.java:750)
Caused by: java.util.concurrent.RejectedExecutionException: Task java.util.concurrent.CompletableFuture$AsyncSupply@12be812b rejected from java.util.concurrent.ThreadPoolExecutor@5f803e53[Terminated, pool size = 0, active threads = 0, queued tasks = 0, completed tasks = 0]
	at java.util.concurrent.ThreadPoolExecutor$AbortPolicy.rejectedExecution(ThreadPoolExecutor.java:2063)
	at java.util.concurrent.ThreadPoolExecutor.reject(ThreadPoolExecutor.java:830)
	at java.util.concurrent.ThreadPoolExecutor.execute(ThreadPoolExecutor.java:1379)
	at java.util.concurrent.CompletableFuture.asyncSupplyStage(CompletableFuture.java:1618)
	at java.util.concurrent.CompletableFuture.supplyAsync(CompletableFuture.java:1843)
	at org.apache.ratis.server.impl.RaftServerImpl.executeSubmitServerRequestAsync(RaftServerImpl.java:788)
	at org.apache.ratis.server.impl.RaftServerProxy.lambda$appendEntriesAsync$26(RaftServerProxy.java:622)
	at java.util.concurrent.CompletableFuture.uniComposeStage(CompletableFuture.java:995)
	... 15 more
2022-07-24 15:57:05,567 [s0@group-1D117010C276-StateMachineUpdater] INFO  statemachine.SimpleStateMachine4Testing (SimpleStateMachine4Testing.java:put(204)) - s0: put 203, m99 -> (t:2, i:203), STATEMACHINELOGENTRY, 485@client-6F86E1C52B91
2022-07-24 15:57:05,567 [s1-server-thread1] DEBUG raftlog.RaftLog (SegmentedRaftLog.java:appendImpl(447)) - truncateIndex=-1, arrayIndex=0
2022-07-24 15:57:05,568 [s1-server-thread1] DEBUG raftlog.RaftLog (SegmentedRaftLog.java:appendImpl(447)) - truncateIndex=-1, arrayIndex=0
2022-07-24 15:57:05,569 [s1@group-1D117010C276-StateMachineUpdater] INFO  statemachine.SimpleStateMachine4Testing (SimpleStateMachine4Testing.java:put(204)) - s1: put 203, m99 -> (t:2, i:203), STATEMACHINELOGENTRY, 485@client-6F86E1C52B91
2022-07-24 15:57:05,570 [grpc-default-executor-0] WARN  server.GrpcLogAppender (LogUtils.java:warn(124)) - s0@group-1D117010C276->s2-AppendLogResponseHandler: Failed appendEntries
java.io.IOException: java.util.concurrent.RejectedExecutionException: Task java.util.concurrent.CompletableFuture$AsyncSupply@12be812b rejected from java.util.concurrent.ThreadPoolExecutor@5f803e53[Terminated, pool size = 0, active threads = 0, queued tasks = 0, completed tasks = 0]
	at org.apache.ratis.util.IOUtils.asIOException(IOUtils.java:56)
	at org.apache.ratis.grpc.GrpcUtil.tryUnwrapException(GrpcUtil.java:121)
	at org.apache.ratis.grpc.GrpcUtil.unwrapThrowable(GrpcUtil.java:82)
	at org.apache.ratis.grpc.GrpcUtil.warn(GrpcUtil.java:178)
	at org.apache.ratis.grpc.server.GrpcLogAppender$AppendLogResponseHandler.onError(GrpcLogAppender.java:378)
	at org.apache.ratis.thirdparty.io.grpc.stub.ClientCalls$StreamObserverToCallListenerAdapter.onClose(ClientCalls.java:479)
	at org.apache.ratis.thirdparty.io.grpc.internal.ClientCallImpl.closeObserver(ClientCallImpl.java:562)
	at org.apache.ratis.thirdparty.io.grpc.internal.ClientCallImpl.access$300(ClientCallImpl.java:70)
	at org.apache.ratis.thirdparty.io.grpc.internal.ClientCallImpl$ClientStreamListenerImpl$1StreamClosed.runInternal(ClientCallImpl.java:743)
	at org.apache.ratis.thirdparty.io.grpc.internal.ClientCallImpl$ClientStreamListenerImpl$1StreamClosed.runInContext(ClientCallImpl.java:722)
	at org.apache.ratis.thirdparty.io.grpc.internal.ContextRunnable.run(ContextRunnable.java:37)
	at org.apache.ratis.thirdparty.io.grpc.internal.SerializingExecutor.run(SerializingExecutor.java:133)
	at java.util.concurrent.ThreadPoolExecutor.runWorker(ThreadPoolExecutor.java:1149)
	at java.util.concurrent.ThreadPoolExecutor$Worker.run(ThreadPoolExecutor.java:624)
	at java.lang.Thread.run(Thread.java:750)
Caused by: java.util.concurrent.RejectedExecutionException: Task java.util.concurrent.CompletableFuture$AsyncSupply@12be812b rejected from java.util.concurrent.ThreadPoolExecutor@5f803e53[Terminated, pool size = 0, active threads = 0, queued tasks = 0, completed tasks = 0]
	at sun.reflect.NativeConstructorAccessorImpl.newInstance0(Native Method)
	at sun.reflect.NativeConstructorAccessorImpl.newInstance(NativeConstructorAccessorImpl.java:62)
	at sun.reflect.DelegatingConstructorAccessorImpl.newInstance(DelegatingConstructorAccessorImpl.java:45)
	at java.lang.reflect.Constructor.newInstance(Constructor.java:423)
	at org.apache.ratis.util.ReflectionUtils.instantiateException(ReflectionUtils.java:259)
	at org.apache.ratis.grpc.GrpcUtil.tryUnwrapException(GrpcUtil.java:120)
	... 13 more
Caused by: org.apache.ratis.thirdparty.io.grpc.StatusRuntimeException: INTERNAL: Task java.util.concurrent.CompletableFuture$AsyncSupply@12be812b rejected from java.util.concurrent.ThreadPoolExecutor@5f803e53[Terminated, pool size = 0, active threads = 0, queued tasks = 0, completed tasks = 0]
	at org.apache.ratis.thirdparty.io.grpc.Status.asRuntimeException(Status.java:535)
	... 10 more
	Suppressed: java.lang.IllegalStateException: Failed to cast to class java.io.IOException, object=java.util.concurrent.RejectedExecutionException: Task java.util.concurrent.CompletableFuture$AsyncSupply@12be812b rejected from java.util.concurrent.ThreadPoolExecutor@5f803e53[Terminated, pool size = 0, active threads = 0, queued tasks = 0, completed tasks = 0]
	at java.util.concurrent.ThreadPoolExecutor$AbortPolicy.rejectedExecution(ThreadPoolExecutor.java:2063)
	at java.util.concurrent.ThreadPoolExecutor.reject(ThreadPoolExecutor.java:830)
	at java.util.concurrent.ThreadPoolExecutor.execute(ThreadPoolExecutor.java:1379)
	at java.util.concurrent.CompletableFuture.asyncSupplyStage(CompletableFuture.java:1618)
	at java.util.concurrent.CompletableFuture.supplyAsync(CompletableFuture.java:1843)
	at org.apache.ratis.server.impl.RaftServerImpl.executeSubmitServerRequestAsync(RaftServerImpl.java:788)
	at org.apache.ratis.server.impl.RaftServerProxy.lambda$appendEntriesAsync$26(RaftServerProxy.java:622)
	at java.util.concurrent.CompletableFuture.uniComposeStage(CompletableFuture.java:995)
	at java.util.concurrent.CompletableFuture.thenCompose(CompletableFuture.java:2137)
	at org.apache.ratis.server.impl.RaftServerProxy.appendEntriesAsync(RaftServerProxy.java:622)
	at org.apache.ratis.grpc.server.GrpcServerProtocolService$1.process(GrpcServerProtocolService.java:207)
	at org.apache.ratis.grpc.server.GrpcServerProtocolService$1.process(GrpcServerProtocolService.java:204)
	at org.apache.ratis.grpc.server.GrpcServerProtocolService$ServerRequestStreamObserver.onNext(GrpcServerProtocolService.java:126)
	at org.apache.ratis.thirdparty.io.grpc.stub.ServerCalls$StreamingServerCallHandler$StreamingServerCallListener.onMessage(ServerCalls.java:262)
	at org.apache.ratis.thirdparty.io.grpc.ForwardingServerCallListener.onMessage(ForwardingServerCallListener.java:33)
	at org.apache.ratis.thirdparty.io.grpc.internal.ServerCallImpl$ServerStreamListenerImpl.messagesAvailableInternal(ServerCallImpl.java:318)
	at org.apache.ratis.thirdparty.io.grpc.internal.ServerCallImpl$ServerStreamListenerImpl.messagesAvailable(ServerCallImpl.java:301)
	at org.apache.ratis.thirdparty.io.grpc.internal.ServerImpl$JumpToApplicationThreadServerStreamListener$1MessagesAvailable.runInContext(ServerImpl.java:834)
	at org.apache.ratis.thirdparty.io.grpc.internal.ContextRunnable.run(ContextRunnable.java:37)
	at org.apache.ratis.thirdparty.io.grpc.internal.SerializingExecutor.run(SerializingExecutor.java:133)
	at java.util.concurrent.ThreadPoolExecutor.runWorker(ThreadPoolExecutor.java:1149)
	at java.util.concurrent.ThreadPoolExecutor$Worker.run(ThreadPoolExecutor.java:624)
	at java.lang.Thread.run(Thread.java:750)

		at org.apache.ratis.util.IOUtils.readObject(IOUtils.java:237)
		at org.apache.ratis.util.IOUtils.bytes2Object(IOUtils.java:214)
		at org.apache.ratis.grpc.GrpcUtil.tryUnwrapException(GrpcUtil.java:109)
		at org.apache.ratis.grpc.GrpcUtil.unwrapThrowable(GrpcUtil.java:82)
		at org.apache.ratis.grpc.GrpcUtil.warn(GrpcUtil.java:178)
		at org.apache.ratis.grpc.server.GrpcLogAppender$AppendLogResponseHandler.onError(GrpcLogAppender.java:378)
		... 10 more
	Caused by: java.lang.ClassCastException: Cannot cast java.util.concurrent.RejectedExecutionException to java.io.IOException
		at java.lang.Class.cast(Class.java:3369)
		at org.apache.ratis.util.IOUtils.readObject(IOUtils.java:234)
		... 15 more
2022-07-24 15:57:05,570 [grpc-default-executor-0] INFO  leader.FollowerInfo (FollowerInfoImpl.java:lambda$new$0(48)) - s0@group-1D117010C276->s2: nextIndex: updateUnconditionally 204 -> 199
2022-07-24 15:57:05,571 [s0@group-1D117010C276-StateMachineUpdater] INFO  statemachine.SimpleStateMachine4Testing (SimpleStateMachine4Testing.java:put(204)) - s0: put 205, m100 -> (t:2, i:205), STATEMACHINELOGENTRY, 486@client-6F86E1C52B91
2022-07-24 15:57:05,572 [s1-server-thread1] DEBUG raftlog.RaftLog (SegmentedRaftLog.java:appendImpl(447)) - truncateIndex=-1, arrayIndex=0
2022-07-24 15:57:05,578 [s1-server-thread1] DEBUG raftlog.RaftLog (SegmentedRaftLog.java:appendImpl(447)) - truncateIndex=-1, arrayIndex=0
2022-07-24 15:57:05,578 [grpc-default-executor-4] WARN  server.GrpcServerProtocolService (LogUtils.java:warn(124)) - s2: Failed APPEND_ENTRIES request s0->s2#25-t2,previous=(t:1, i:198),leaderCommit=204,initializing? true,entries: size=7, first=(t:2, i:199), CONFIGURATIONENTRY(current:id: "s0"
address: "localhost:41145"
dataStreamAddress: "localhost:35053"
clientAddress: "localhost:40971"
adminAddress: "localhost:44949"
startupRole: FOLLOWER
,id: "s1"
address: "localhost:37813"
dataStreamAddress: "localhost:42861"
clientAddress: "localhost:42193"
adminAddress: "localhost:42655"
startupRole: FOLLOWER
,id: "s2"
address: "localhost:37241"
dataStreamAddress: "localhost:33751"
clientAddress: "localhost:34449"
adminAddress: "localhost:39099"
startupRole: FOLLOWER
, old:)
java.util.concurrent.CompletionException: java.util.concurrent.RejectedExecutionException: Task java.util.concurrent.CompletableFuture$AsyncSupply@403fcab4 rejected from java.util.concurrent.ThreadPoolExecutor@5f803e53[Terminated, pool size = 0, active threads = 0, queued tasks = 0, completed tasks = 0]
	at java.util.concurrent.CompletableFuture.encodeThrowable(CompletableFuture.java:273)
	at java.util.concurrent.CompletableFuture.uniComposeStage(CompletableFuture.java:1005)
	at java.util.concurrent.CompletableFuture.thenCompose(CompletableFuture.java:2137)
	at org.apache.ratis.server.impl.RaftServerProxy.appendEntriesAsync(RaftServerProxy.java:622)
	at org.apache.ratis.grpc.server.GrpcServerProtocolService$1.process(GrpcServerProtocolService.java:207)
	at org.apache.ratis.grpc.server.GrpcServerProtocolService$1.process(GrpcServerProtocolService.java:204)
	at org.apache.ratis.grpc.server.GrpcServerProtocolService$ServerRequestStreamObserver.onNext(GrpcServerProtocolService.java:126)
	at org.apache.ratis.thirdparty.io.grpc.stub.ServerCalls$StreamingServerCallHandler$StreamingServerCallListener.onMessage(ServerCalls.java:262)
	at org.apache.ratis.thirdparty.io.grpc.ForwardingServerCallListener.onMessage(ForwardingServerCallListener.java:33)
	at org.apache.ratis.thirdparty.io.grpc.internal.ServerCallImpl$ServerStreamListenerImpl.messagesAvailableInternal(ServerCallImpl.java:318)
	at org.apache.ratis.thirdparty.io.grpc.internal.ServerCallImpl$ServerStreamListenerImpl.messagesAvailable(ServerCallImpl.java:301)
	at org.apache.ratis.thirdparty.io.grpc.internal.ServerImpl$JumpToApplicationThreadServerStreamListener$1MessagesAvailable.runInContext(ServerImpl.java:834)
	at org.apache.ratis.thirdparty.io.grpc.internal.ContextRunnable.run(ContextRunnable.java:37)
	at org.apache.ratis.thirdparty.io.grpc.internal.SerializingExecutor.run(SerializingExecutor.java:133)
	at java.util.concurrent.ThreadPoolExecutor.runWorker(ThreadPoolExecutor.java:1149)
	at java.util.concurrent.ThreadPoolExecutor$Worker.run(ThreadPoolExecutor.java:624)
	at java.lang.Thread.run(Thread.java:750)
Caused by: java.util.concurrent.RejectedExecutionException: Task java.util.concurrent.CompletableFuture$AsyncSupply@403fcab4 rejected from java.util.concurrent.ThreadPoolExecutor@5f803e53[Terminated, pool size = 0, active threads = 0, queued tasks = 0, completed tasks = 0]
	at java.util.concurrent.ThreadPoolExecutor$AbortPolicy.rejectedExecution(ThreadPoolExecutor.java:2063)
	at java.util.concurrent.ThreadPoolExecutor.reject(ThreadPoolExecutor.java:830)
	at java.util.concurrent.ThreadPoolExecutor.execute(ThreadPoolExecutor.java:1379)
	at java.util.concurrent.CompletableFuture.asyncSupplyStage(CompletableFuture.java:1618)
	at java.util.concurrent.CompletableFuture.supplyAsync(CompletableFuture.java:1843)
	at org.apache.ratis.server.impl.RaftServerImpl.executeSubmitServerRequestAsync(RaftServerImpl.java:788)
	at org.apache.ratis.server.impl.RaftServerProxy.lambda$appendEntriesAsync$26(RaftServerProxy.java:622)
	at java.util.concurrent.CompletableFuture.uniComposeStage(CompletableFuture.java:995)
	... 15 more
2022-07-24 15:57:05,580 [s1@group-1D117010C276-StateMachineUpdater] INFO  statemachine.SimpleStateMachine4Testing (SimpleStateMachine4Testing.java:put(204)) - s1: put 205, m100 -> (t:2, i:205), STATEMACHINELOGENTRY, 486@client-6F86E1C52B91
2022-07-24 15:57:05,581 [grpc-default-executor-2] WARN  server.GrpcLogAppender (LogUtils.java:warn(124)) - s0@group-1D117010C276->s2-AppendLogResponseHandler: Failed appendEntries
java.io.IOException: java.util.concurrent.RejectedExecutionException: Task java.util.concurrent.CompletableFuture$AsyncSupply@403fcab4 rejected from java.util.concurrent.ThreadPoolExecutor@5f803e53[Terminated, pool size = 0, active threads = 0, queued tasks = 0, completed tasks = 0]
	at org.apache.ratis.util.IOUtils.asIOException(IOUtils.java:56)
	at org.apache.ratis.grpc.GrpcUtil.tryUnwrapException(GrpcUtil.java:121)
	at org.apache.ratis.grpc.GrpcUtil.unwrapThrowable(GrpcUtil.java:82)
	at org.apache.ratis.grpc.GrpcUtil.warn(GrpcUtil.java:178)
	at org.apache.ratis.grpc.server.GrpcLogAppender$AppendLogResponseHandler.onError(GrpcLogAppender.java:378)
	at org.apache.ratis.thirdparty.io.grpc.stub.ClientCalls$StreamObserverToCallListenerAdapter.onClose(ClientCalls.java:479)
	at org.apache.ratis.thirdparty.io.grpc.internal.ClientCallImpl.closeObserver(ClientCallImpl.java:562)
	at org.apache.ratis.thirdparty.io.grpc.internal.ClientCallImpl.access$300(ClientCallImpl.java:70)
	at org.apache.ratis.thirdparty.io.grpc.internal.ClientCallImpl$ClientStreamListenerImpl$1StreamClosed.runInternal(ClientCallImpl.java:743)
	at org.apache.ratis.thirdparty.io.grpc.internal.ClientCallImpl$ClientStreamListenerImpl$1StreamClosed.runInContext(ClientCallImpl.java:722)
	at org.apache.ratis.thirdparty.io.grpc.internal.ContextRunnable.run(ContextRunnable.java:37)
	at org.apache.ratis.thirdparty.io.grpc.internal.SerializingExecutor.run(SerializingExecutor.java:133)
	at java.util.concurrent.ThreadPoolExecutor.runWorker(ThreadPoolExecutor.java:1149)
	at java.util.concurrent.ThreadPoolExecutor$Worker.run(ThreadPoolExecutor.java:624)
	at java.lang.Thread.run(Thread.java:750)
Caused by: java.util.concurrent.RejectedExecutionException: Task java.util.concurrent.CompletableFuture$AsyncSupply@403fcab4 rejected from java.util.concurrent.ThreadPoolExecutor@5f803e53[Terminated, pool size = 0, active threads = 0, queued tasks = 0, completed tasks = 0]
	at sun.reflect.NativeConstructorAccessorImpl.newInstance0(Native Method)
	at sun.reflect.NativeConstructorAccessorImpl.newInstance(NativeConstructorAccessorImpl.java:62)
	at sun.reflect.DelegatingConstructorAccessorImpl.newInstance(DelegatingConstructorAccessorImpl.java:45)
	at java.lang.reflect.Constructor.newInstance(Constructor.java:423)
	at org.apache.ratis.util.ReflectionUtils.instantiateException(ReflectionUtils.java:259)
	at org.apache.ratis.grpc.GrpcUtil.tryUnwrapException(GrpcUtil.java:120)
	... 13 more
Caused by: org.apache.ratis.thirdparty.io.grpc.StatusRuntimeException: INTERNAL: Task java.util.concurrent.CompletableFuture$AsyncSupply@403fcab4 rejected from java.util.concurrent.ThreadPoolExecutor@5f803e53[Terminated, pool size = 0, active threads = 0, queued tasks = 0, completed tasks = 0]
	at org.apache.ratis.thirdparty.io.grpc.Status.asRuntimeException(Status.java:535)
	... 10 more
	Suppressed: java.lang.IllegalStateException: Failed to cast to class java.io.IOException, object=java.util.concurrent.RejectedExecutionException: Task java.util.concurrent.CompletableFuture$AsyncSupply@403fcab4 rejected from java.util.concurrent.ThreadPoolExecutor@5f803e53[Terminated, pool size = 0, active threads = 0, queued tasks = 0, completed tasks = 0]
	at java.util.concurrent.ThreadPoolExecutor$AbortPolicy.rejectedExecution(ThreadPoolExecutor.java:2063)
	at java.util.concurrent.ThreadPoolExecutor.reject(ThreadPoolExecutor.java:830)
	at java.util.concurrent.ThreadPoolExecutor.execute(ThreadPoolExecutor.java:1379)
	at java.util.concurrent.CompletableFuture.asyncSupplyStage(CompletableFuture.java:1618)
	at java.util.concurrent.CompletableFuture.supplyAsync(CompletableFuture.java:1843)
	at org.apache.ratis.server.impl.RaftServerImpl.executeSubmitServerRequestAsync(RaftServerImpl.java:788)
	at org.apache.ratis.server.impl.RaftServerProxy.lambda$appendEntriesAsync$26(RaftServerProxy.java:622)
	at java.util.concurrent.CompletableFuture.uniComposeStage(CompletableFuture.java:995)
	at java.util.concurrent.CompletableFuture.thenCompose(CompletableFuture.java:2137)
	at org.apache.ratis.server.impl.RaftServerProxy.appendEntriesAsync(RaftServerProxy.java:622)
	at org.apache.ratis.grpc.server.GrpcServerProtocolService$1.process(GrpcServerProtocolService.java:207)
	at org.apache.ratis.grpc.server.GrpcServerProtocolService$1.process(GrpcServerProtocolService.java:204)
	at org.apache.ratis.grpc.server.GrpcServerProtocolService$ServerRequestStreamObserver.onNext(GrpcServerProtocolService.java:126)
	at org.apache.ratis.thirdparty.io.grpc.stub.ServerCalls$StreamingServerCallHandler$StreamingServerCallListener.onMessage(ServerCalls.java:262)
	at org.apache.ratis.thirdparty.io.grpc.ForwardingServerCallListener.onMessage(ForwardingServerCallListener.java:33)
	at org.apache.ratis.thirdparty.io.grpc.internal.ServerCallImpl$ServerStreamListenerImpl.messagesAvailableInternal(ServerCallImpl.java:318)
	at org.apache.ratis.thirdparty.io.grpc.internal.ServerCallImpl$ServerStreamListenerImpl.messagesAvailable(ServerCallImpl.java:301)
	at org.apache.ratis.thirdparty.io.grpc.internal.ServerImpl$JumpToApplicationThreadServerStreamListener$1MessagesAvailable.runInContext(ServerImpl.java:834)
	at org.apache.ratis.thirdparty.io.grpc.internal.ContextRunnable.run(ContextRunnable.java:37)
	at org.apache.ratis.thirdparty.io.grpc.internal.SerializingExecutor.run(SerializingExecutor.java:133)
	at java.util.concurrent.ThreadPoolExecutor.runWorker(ThreadPoolExecutor.java:1149)
	at java.util.concurrent.ThreadPoolExecutor$Worker.run(ThreadPoolExecutor.java:624)
	at java.lang.Thread.run(Thread.java:750)

		at org.apache.ratis.util.IOUtils.readObject(IOUtils.java:237)
		at org.apache.ratis.util.IOUtils.bytes2Object(IOUtils.java:214)
		at org.apache.ratis.grpc.GrpcUtil.tryUnwrapException(GrpcUtil.java:109)
		at org.apache.ratis.grpc.GrpcUtil.unwrapThrowable(GrpcUtil.java:82)
		at org.apache.ratis.grpc.GrpcUtil.warn(GrpcUtil.java:178)
		at org.apache.ratis.grpc.server.GrpcLogAppender$AppendLogResponseHandler.onError(GrpcLogAppender.java:378)
		... 10 more
	Caused by: java.lang.ClassCastException: Cannot cast java.util.concurrent.RejectedExecutionException to java.io.IOException
		at java.lang.Class.cast(Class.java:3369)
		at org.apache.ratis.util.IOUtils.readObject(IOUtils.java:234)
		... 15 more
2022-07-24 15:57:05,584 [grpc-default-executor-2] INFO  leader.FollowerInfo (FollowerInfoImpl.java:lambda$new$0(48)) - s0@group-1D117010C276->s2: nextIndex: updateUnconditionally 206 -> 199
2022-07-24 15:57:05,584 [s0@group-1D117010C276-StateMachineUpdater] INFO  statemachine.SimpleStateMachine4Testing (SimpleStateMachine4Testing.java:put(204)) - s0: put 207, m101 -> (t:2, i:207), STATEMACHINELOGENTRY, 487@client-6F86E1C52B91
2022-07-24 15:57:05,585 [s1-server-thread1] DEBUG raftlog.RaftLog (SegmentedRaftLog.java:appendImpl(447)) - truncateIndex=-1, arrayIndex=0
2022-07-24 15:57:05,586 [grpc-default-executor-4] WARN  server.GrpcServerProtocolService (LogUtils.java:warn(124)) - s2: Failed APPEND_ENTRIES request s0->s2#30-t2,previous=(t:1, i:198),leaderCommit=207,initializing? true,entries: size=10, first=(t:2, i:199), CONFIGURATIONENTRY(current:id: "s0"
address: "localhost:41145"
dataStreamAddress: "localhost:35053"
clientAddress: "localhost:40971"
adminAddress: "localhost:44949"
startupRole: FOLLOWER
,id: "s1"
address: "localhost:37813"
dataStreamAddress: "localhost:42861"
clientAddress: "localhost:42193"
adminAddress: "localhost:42655"
startupRole: FOLLOWER
,id: "s2"
address: "localhost:37241"
dataStreamAddress: "localhost:33751"
clientAddress: "localhost:34449"
adminAddress: "localhost:39099"
startupRole: FOLLOWER
, old:)
java.util.concurrent.CompletionException: java.util.concurrent.RejectedExecutionException: Task java.util.concurrent.CompletableFuture$AsyncSupply@2b069496 rejected from java.util.concurrent.ThreadPoolExecutor@5f803e53[Terminated, pool size = 0, active threads = 0, queued tasks = 0, completed tasks = 0]
	at java.util.concurrent.CompletableFuture.encodeThrowable(CompletableFuture.java:273)
	at java.util.concurrent.CompletableFuture.uniComposeStage(CompletableFuture.java:1005)
	at java.util.concurrent.CompletableFuture.thenCompose(CompletableFuture.java:2137)
	at org.apache.ratis.server.impl.RaftServerProxy.appendEntriesAsync(RaftServerProxy.java:622)
	at org.apache.ratis.grpc.server.GrpcServerProtocolService$1.process(GrpcServerProtocolService.java:207)
	at org.apache.ratis.grpc.server.GrpcServerProtocolService$1.process(GrpcServerProtocolService.java:204)
	at org.apache.ratis.grpc.server.GrpcServerProtocolService$ServerRequestStreamObserver.onNext(GrpcServerProtocolService.java:126)
	at org.apache.ratis.thirdparty.io.grpc.stub.ServerCalls$StreamingServerCallHandler$StreamingServerCallListener.onMessage(ServerCalls.java:262)
	at org.apache.ratis.thirdparty.io.grpc.ForwardingServerCallListener.onMessage(ForwardingServerCallListener.java:33)
	at org.apache.ratis.thirdparty.io.grpc.internal.ServerCallImpl$ServerStreamListenerImpl.messagesAvailableInternal(ServerCallImpl.java:318)
	at org.apache.ratis.thirdparty.io.grpc.internal.ServerCallImpl$ServerStreamListenerImpl.messagesAvailable(ServerCallImpl.java:301)
	at org.apache.ratis.thirdparty.io.grpc.internal.ServerImpl$JumpToApplicationThreadServerStreamListener$1MessagesAvailable.runInContext(ServerImpl.java:834)
	at org.apache.ratis.thirdparty.io.grpc.internal.ContextRunnable.run(ContextRunnable.java:37)
	at org.apache.ratis.thirdparty.io.grpc.internal.SerializingExecutor.run(SerializingExecutor.java:133)
	at java.util.concurrent.ThreadPoolExecutor.runWorker(ThreadPoolExecutor.java:1149)
	at java.util.concurrent.ThreadPoolExecutor$Worker.run(ThreadPoolExecutor.java:624)
	at java.lang.Thread.run(Thread.java:750)
Caused by: java.util.concurrent.RejectedExecutionException: Task java.util.concurrent.CompletableFuture$AsyncSupply@2b069496 rejected from java.util.concurrent.ThreadPoolExecutor@5f803e53[Terminated, pool size = 0, active threads = 0, queued tasks = 0, completed tasks = 0]
	at java.util.concurrent.ThreadPoolExecutor$AbortPolicy.rejectedExecution(ThreadPoolExecutor.java:2063)
	at java.util.concurrent.ThreadPoolExecutor.reject(ThreadPoolExecutor.java:830)
	at java.util.concurrent.ThreadPoolExecutor.execute(ThreadPoolExecutor.java:1379)
	at java.util.concurrent.CompletableFuture.asyncSupplyStage(CompletableFuture.java:1618)
	at java.util.concurrent.CompletableFuture.supplyAsync(CompletableFuture.java:1843)
	at org.apache.ratis.server.impl.RaftServerImpl.executeSubmitServerRequestAsync(RaftServerImpl.java:788)
	at org.apache.ratis.server.impl.RaftServerProxy.lambda$appendEntriesAsync$26(RaftServerProxy.java:622)
	at java.util.concurrent.CompletableFuture.uniComposeStage(CompletableFuture.java:995)
	... 15 more
2022-07-24 15:57:05,589 [grpc-default-executor-2] WARN  server.GrpcLogAppender (LogUtils.java:warn(124)) - s0@group-1D117010C276->s2-AppendLogResponseHandler: Failed appendEntries
java.io.IOException: java.util.concurrent.RejectedExecutionException: Task java.util.concurrent.CompletableFuture$AsyncSupply@2b069496 rejected from java.util.concurrent.ThreadPoolExecutor@5f803e53[Terminated, pool size = 0, active threads = 0, queued tasks = 0, completed tasks = 0]
	at org.apache.ratis.util.IOUtils.asIOException(IOUtils.java:56)
	at org.apache.ratis.grpc.GrpcUtil.tryUnwrapException(GrpcUtil.java:121)
	at org.apache.ratis.grpc.GrpcUtil.unwrapThrowable(GrpcUtil.java:82)
	at org.apache.ratis.grpc.GrpcUtil.warn(GrpcUtil.java:178)
	at org.apache.ratis.grpc.server.GrpcLogAppender$AppendLogResponseHandler.onError(GrpcLogAppender.java:378)
	at org.apache.ratis.thirdparty.io.grpc.stub.ClientCalls$StreamObserverToCallListenerAdapter.onClose(ClientCalls.java:479)
	at org.apache.ratis.thirdparty.io.grpc.internal.ClientCallImpl.closeObserver(ClientCallImpl.java:562)
	at org.apache.ratis.thirdparty.io.grpc.internal.ClientCallImpl.access$300(ClientCallImpl.java:70)
	at org.apache.ratis.thirdparty.io.grpc.internal.ClientCallImpl$ClientStreamListenerImpl$1StreamClosed.runInternal(ClientCallImpl.java:743)
	at org.apache.ratis.thirdparty.io.grpc.internal.ClientCallImpl$ClientStreamListenerImpl$1StreamClosed.runInContext(ClientCallImpl.java:722)
	at org.apache.ratis.thirdparty.io.grpc.internal.ContextRunnable.run(ContextRunnable.java:37)
	at org.apache.ratis.thirdparty.io.grpc.internal.SerializingExecutor.run(SerializingExecutor.java:133)
	at java.util.concurrent.ThreadPoolExecutor.runWorker(ThreadPoolExecutor.java:1149)
	at java.util.concurrent.ThreadPoolExecutor$Worker.run(ThreadPoolExecutor.java:624)
	at java.lang.Thread.run(Thread.java:750)
Caused by: java.util.concurrent.RejectedExecutionException: Task java.util.concurrent.CompletableFuture$AsyncSupply@2b069496 rejected from java.util.concurrent.ThreadPoolExecutor@5f803e53[Terminated, pool size = 0, active threads = 0, queued tasks = 0, completed tasks = 0]
	at sun.reflect.NativeConstructorAccessorImpl.newInstance0(Native Method)
	at sun.reflect.NativeConstructorAccessorImpl.newInstance(NativeConstructorAccessorImpl.java:62)
	at sun.reflect.DelegatingConstructorAccessorImpl.newInstance(DelegatingConstructorAccessorImpl.java:45)
	at java.lang.reflect.Constructor.newInstance(Constructor.java:423)
	at org.apache.ratis.util.ReflectionUtils.instantiateException(ReflectionUtils.java:259)
	at org.apache.ratis.grpc.GrpcUtil.tryUnwrapException(GrpcUtil.java:120)
	... 13 more
Caused by: org.apache.ratis.thirdparty.io.grpc.StatusRuntimeException: INTERNAL: Task java.util.concurrent.CompletableFuture$AsyncSupply@2b069496 rejected from java.util.concurrent.ThreadPoolExecutor@5f803e53[Terminated, pool size = 0, active threads = 0, queued tasks = 0, completed tasks = 0]
	at org.apache.ratis.thirdparty.io.grpc.Status.asRuntimeException(Status.java:535)
	... 10 more
	Suppressed: java.lang.IllegalStateException: Failed to cast to class java.io.IOException, object=java.util.concurrent.RejectedExecutionException: Task java.util.concurrent.CompletableFuture$AsyncSupply@2b069496 rejected from java.util.concurrent.ThreadPoolExecutor@5f803e53[Terminated, pool size = 0, active threads = 0, queued tasks = 0, completed tasks = 0]
	at java.util.concurrent.ThreadPoolExecutor$AbortPolicy.rejectedExecution(ThreadPoolExecutor.java:2063)
	at java.util.concurrent.ThreadPoolExecutor.reject(ThreadPoolExecutor.java:830)
	at java.util.concurrent.ThreadPoolExecutor.execute(ThreadPoolExecutor.java:1379)
	at java.util.concurrent.CompletableFuture.asyncSupplyStage(CompletableFuture.java:1618)
	at java.util.concurrent.CompletableFuture.supplyAsync(CompletableFuture.java:1843)
	at org.apache.ratis.server.impl.RaftServerImpl.executeSubmitServerRequestAsync(RaftServerImpl.java:788)
	at org.apache.ratis.server.impl.RaftServerProxy.lambda$appendEntriesAsync$26(RaftServerProxy.java:622)
	at java.util.concurrent.CompletableFuture.uniComposeStage(CompletableFuture.java:995)
	at java.util.concurrent.CompletableFuture.thenCompose(CompletableFuture.java:2137)
	at org.apache.ratis.server.impl.RaftServerProxy.appendEntriesAsync(RaftServerProxy.java:622)
	at org.apache.ratis.grpc.server.GrpcServerProtocolService$1.process(GrpcServerProtocolService.java:207)
	at org.apache.ratis.grpc.server.GrpcServerProtocolService$1.process(GrpcServerProtocolService.java:204)
	at org.apache.ratis.grpc.server.GrpcServerProtocolService$ServerRequestStreamObserver.onNext(GrpcServerProtocolService.java:126)
	at org.apache.ratis.thirdparty.io.grpc.stub.ServerCalls$StreamingServerCallHandler$StreamingServerCallListener.onMessage(ServerCalls.java:262)
	at org.apache.ratis.thirdparty.io.grpc.ForwardingServerCallListener.onMessage(ForwardingServerCallListener.java:33)
	at org.apache.ratis.thirdparty.io.grpc.internal.ServerCallImpl$ServerStreamListenerImpl.messagesAvailableInternal(ServerCallImpl.java:318)
	at org.apache.ratis.thirdparty.io.grpc.internal.ServerCallImpl$ServerStreamListenerImpl.messagesAvailable(ServerCallImpl.java:301)
	at org.apache.ratis.thirdparty.io.grpc.internal.ServerImpl$JumpToApplicationThreadServerStreamListener$1MessagesAvailable.runInContext(ServerImpl.java:834)
	at org.apache.ratis.thirdparty.io.grpc.internal.ContextRunnable.run(ContextRunnable.java:37)
	at org.apache.ratis.thirdparty.io.grpc.internal.SerializingExecutor.run(SerializingExecutor.java:133)
	at java.util.concurrent.ThreadPoolExecutor.runWorker(ThreadPoolExecutor.java:1149)
	at java.util.concurrent.ThreadPoolExecutor$Worker.run(ThreadPoolExecutor.java:624)
	at java.lang.Thread.run(Thread.java:750)

		at org.apache.ratis.util.IOUtils.readObject(IOUtils.java:237)
		at org.apache.ratis.util.IOUtils.bytes2Object(IOUtils.java:214)
		at org.apache.ratis.grpc.GrpcUtil.tryUnwrapException(GrpcUtil.java:109)
		at org.apache.ratis.grpc.GrpcUtil.unwrapThrowable(GrpcUtil.java:82)
		at org.apache.ratis.grpc.GrpcUtil.warn(GrpcUtil.java:178)
		at org.apache.ratis.grpc.server.GrpcLogAppender$AppendLogResponseHandler.onError(GrpcLogAppender.java:378)
		... 10 more
	Caused by: java.lang.ClassCastException: Cannot cast java.util.concurrent.RejectedExecutionException to java.io.IOException
		at java.lang.Class.cast(Class.java:3369)
		at org.apache.ratis.util.IOUtils.readObject(IOUtils.java:234)
		... 15 more
2022-07-24 15:57:05,589 [grpc-default-executor-2] INFO  leader.FollowerInfo (FollowerInfoImpl.java:lambda$new$0(48)) - s0@group-1D117010C276->s2: nextIndex: updateUnconditionally 209 -> 199
2022-07-24 15:57:05,590 [s1@group-1D117010C276-StateMachineUpdater] INFO  statemachine.SimpleStateMachine4Testing (SimpleStateMachine4Testing.java:put(204)) - s1: put 207, m101 -> (t:2, i:207), STATEMACHINELOGENTRY, 487@client-6F86E1C52B91
2022-07-24 15:57:05,590 [s1-server-thread1] DEBUG raftlog.RaftLog (SegmentedRaftLog.java:appendImpl(447)) - truncateIndex=-1, arrayIndex=0
2022-07-24 15:57:05,590 [grpc-default-executor-8] WARN  server.GrpcServerProtocolService (LogUtils.java:warn(124)) - s2: Failed APPEND_ENTRIES request s0->s2#31-t2,previous=(t:1, i:198),leaderCommit=207,initializing? true,entries: size=11, first=(t:2, i:199), CONFIGURATIONENTRY(current:id: "s0"
address: "localhost:41145"
dataStreamAddress: "localhost:35053"
clientAddress: "localhost:40971"
adminAddress: "localhost:44949"
startupRole: FOLLOWER
,id: "s1"
address: "localhost:37813"
dataStreamAddress: "localhost:42861"
clientAddress: "localhost:42193"
adminAddress: "localhost:42655"
startupRole: FOLLOWER
,id: "s2"
address: "localhost:37241"
dataStreamAddress: "localhost:33751"
clientAddress: "localhost:34449"
adminAddress: "localhost:39099"
startupRole: FOLLOWER
, old:)
java.util.concurrent.CompletionException: java.util.concurrent.RejectedExecutionException: Task java.util.concurrent.CompletableFuture$AsyncSupply@37430ba rejected from java.util.concurrent.ThreadPoolExecutor@5f803e53[Terminated, pool size = 0, active threads = 0, queued tasks = 0, completed tasks = 0]
	at java.util.concurrent.CompletableFuture.encodeThrowable(CompletableFuture.java:273)
	at java.util.concurrent.CompletableFuture.uniComposeStage(CompletableFuture.java:1005)
	at java.util.concurrent.CompletableFuture.thenCompose(CompletableFuture.java:2137)
	at org.apache.ratis.server.impl.RaftServerProxy.appendEntriesAsync(RaftServerProxy.java:622)
	at org.apache.ratis.grpc.server.GrpcServerProtocolService$1.process(GrpcServerProtocolService.java:207)
	at org.apache.ratis.grpc.server.GrpcServerProtocolService$1.process(GrpcServerProtocolService.java:204)
	at org.apache.ratis.grpc.server.GrpcServerProtocolService$ServerRequestStreamObserver.onNext(GrpcServerProtocolService.java:126)
	at org.apache.ratis.thirdparty.io.grpc.stub.ServerCalls$StreamingServerCallHandler$StreamingServerCallListener.onMessage(ServerCalls.java:262)
	at org.apache.ratis.thirdparty.io.grpc.ForwardingServerCallListener.onMessage(ForwardingServerCallListener.java:33)
	at org.apache.ratis.thirdparty.io.grpc.internal.ServerCallImpl$ServerStreamListenerImpl.messagesAvailableInternal(ServerCallImpl.java:318)
	at org.apache.ratis.thirdparty.io.grpc.internal.ServerCallImpl$ServerStreamListenerImpl.messagesAvailable(ServerCallImpl.java:301)
	at org.apache.ratis.thirdparty.io.grpc.internal.ServerImpl$JumpToApplicationThreadServerStreamListener$1MessagesAvailable.runInContext(ServerImpl.java:834)
	at org.apache.ratis.thirdparty.io.grpc.internal.ContextRunnable.run(ContextRunnable.java:37)
	at org.apache.ratis.thirdparty.io.grpc.internal.SerializingExecutor.run(SerializingExecutor.java:133)
	at java.util.concurrent.ThreadPoolExecutor.runWorker(ThreadPoolExecutor.java:1149)
	at java.util.concurrent.ThreadPoolExecutor$Worker.run(ThreadPoolExecutor.java:624)
	at java.lang.Thread.run(Thread.java:750)
Caused by: java.util.concurrent.RejectedExecutionException: Task java.util.concurrent.CompletableFuture$AsyncSupply@37430ba rejected from java.util.concurrent.ThreadPoolExecutor@5f803e53[Terminated, pool size = 0, active threads = 0, queued tasks = 0, completed tasks = 0]
	at java.util.concurrent.ThreadPoolExecutor$AbortPolicy.rejectedExecution(ThreadPoolExecutor.java:2063)
	at java.util.concurrent.ThreadPoolExecutor.reject(ThreadPoolExecutor.java:830)
	at java.util.concurrent.ThreadPoolExecutor.execute(ThreadPoolExecutor.java:1379)
	at java.util.concurrent.CompletableFuture.asyncSupplyStage(CompletableFuture.java:1618)
	at java.util.concurrent.CompletableFuture.supplyAsync(CompletableFuture.java:1843)
	at org.apache.ratis.server.impl.RaftServerImpl.executeSubmitServerRequestAsync(RaftServerImpl.java:788)
	at org.apache.ratis.server.impl.RaftServerProxy.lambda$appendEntriesAsync$26(RaftServerProxy.java:622)
	at java.util.concurrent.CompletableFuture.uniComposeStage(CompletableFuture.java:995)
	... 15 more
2022-07-24 15:57:05,593 [grpc-default-executor-4] WARN  server.GrpcLogAppender (LogUtils.java:warn(124)) - s0@group-1D117010C276->s2-AppendLogResponseHandler: Failed appendEntries
java.io.IOException: java.util.concurrent.RejectedExecutionException: Task java.util.concurrent.CompletableFuture$AsyncSupply@37430ba rejected from java.util.concurrent.ThreadPoolExecutor@5f803e53[Terminated, pool size = 0, active threads = 0, queued tasks = 0, completed tasks = 0]
	at org.apache.ratis.util.IOUtils.asIOException(IOUtils.java:56)
	at org.apache.ratis.grpc.GrpcUtil.tryUnwrapException(GrpcUtil.java:121)
	at org.apache.ratis.grpc.GrpcUtil.unwrapThrowable(GrpcUtil.java:82)
	at org.apache.ratis.grpc.GrpcUtil.warn(GrpcUtil.java:178)
	at org.apache.ratis.grpc.server.GrpcLogAppender$AppendLogResponseHandler.onError(GrpcLogAppender.java:378)
	at org.apache.ratis.thirdparty.io.grpc.stub.ClientCalls$StreamObserverToCallListenerAdapter.onClose(ClientCalls.java:479)
	at org.apache.ratis.thirdparty.io.grpc.internal.ClientCallImpl.closeObserver(ClientCallImpl.java:562)
	at org.apache.ratis.thirdparty.io.grpc.internal.ClientCallImpl.access$300(ClientCallImpl.java:70)
	at org.apache.ratis.thirdparty.io.grpc.internal.ClientCallImpl$ClientStreamListenerImpl$1StreamClosed.runInternal(ClientCallImpl.java:743)
	at org.apache.ratis.thirdparty.io.grpc.internal.ClientCallImpl$ClientStreamListenerImpl$1StreamClosed.runInContext(ClientCallImpl.java:722)
	at org.apache.ratis.thirdparty.io.grpc.internal.ContextRunnable.run(ContextRunnable.java:37)
	at org.apache.ratis.thirdparty.io.grpc.internal.SerializingExecutor.run(SerializingExecutor.java:133)
	at java.util.concurrent.ThreadPoolExecutor.runWorker(ThreadPoolExecutor.java:1149)
	at java.util.concurrent.ThreadPoolExecutor$Worker.run(ThreadPoolExecutor.java:624)
	at java.lang.Thread.run(Thread.java:750)
Caused by: java.util.concurrent.RejectedExecutionException: Task java.util.concurrent.CompletableFuture$AsyncSupply@37430ba rejected from java.util.concurrent.ThreadPoolExecutor@5f803e53[Terminated, pool size = 0, active threads = 0, queued tasks = 0, completed tasks = 0]
	at sun.reflect.GeneratedConstructorAccessor9.newInstance(Unknown Source)
	at sun.reflect.DelegatingConstructorAccessorImpl.newInstance(DelegatingConstructorAccessorImpl.java:45)
	at java.lang.reflect.Constructor.newInstance(Constructor.java:423)
	at org.apache.ratis.util.ReflectionUtils.instantiateException(ReflectionUtils.java:259)
	at org.apache.ratis.grpc.GrpcUtil.tryUnwrapException(GrpcUtil.java:120)
	... 13 more
Caused by: org.apache.ratis.thirdparty.io.grpc.StatusRuntimeException: INTERNAL: Task java.util.concurrent.CompletableFuture$AsyncSupply@37430ba rejected from java.util.concurrent.ThreadPoolExecutor@5f803e53[Terminated, pool size = 0, active threads = 0, queued tasks = 0, completed tasks = 0]
	at org.apache.ratis.thirdparty.io.grpc.Status.asRuntimeException(Status.java:535)
	... 10 more
	Suppressed: java.lang.IllegalStateException: Failed to cast to class java.io.IOException, object=java.util.concurrent.RejectedExecutionException: Task java.util.concurrent.CompletableFuture$AsyncSupply@37430ba rejected from java.util.concurrent.ThreadPoolExecutor@5f803e53[Terminated, pool size = 0, active threads = 0, queued tasks = 0, completed tasks = 0]
	at java.util.concurrent.ThreadPoolExecutor$AbortPolicy.rejectedExecution(ThreadPoolExecutor.java:2063)
	at java.util.concurrent.ThreadPoolExecutor.reject(ThreadPoolExecutor.java:830)
	at java.util.concurrent.ThreadPoolExecutor.execute(ThreadPoolExecutor.java:1379)
	at java.util.concurrent.CompletableFuture.asyncSupplyStage(CompletableFuture.java:1618)
	at java.util.concurrent.CompletableFuture.supplyAsync(CompletableFuture.java:1843)
	at org.apache.ratis.server.impl.RaftServerImpl.executeSubmitServerRequestAsync(RaftServerImpl.java:788)
	at org.apache.ratis.server.impl.RaftServerProxy.lambda$appendEntriesAsync$26(RaftServerProxy.java:622)
	at java.util.concurrent.CompletableFuture.uniComposeStage(CompletableFuture.java:995)
	at java.util.concurrent.CompletableFuture.thenCompose(CompletableFuture.java:2137)
	at org.apache.ratis.server.impl.RaftServerProxy.appendEntriesAsync(RaftServerProxy.java:622)
	at org.apache.ratis.grpc.server.GrpcServerProtocolService$1.process(GrpcServerProtocolService.java:207)
	at org.apache.ratis.grpc.server.GrpcServerProtocolService$1.process(GrpcServerProtocolService.java:204)
	at org.apache.ratis.grpc.server.GrpcServerProtocolService$ServerRequestStreamObserver.onNext(GrpcServerProtocolService.java:126)
	at org.apache.ratis.thirdparty.io.grpc.stub.ServerCalls$StreamingServerCallHandler$StreamingServerCallListener.onMessage(ServerCalls.java:262)
	at org.apache.ratis.thirdparty.io.grpc.ForwardingServerCallListener.onMessage(ForwardingServerCallListener.java:33)
	at org.apache.ratis.thirdparty.io.grpc.internal.ServerCallImpl$ServerStreamListenerImpl.messagesAvailableInternal(ServerCallImpl.java:318)
	at org.apache.ratis.thirdparty.io.grpc.internal.ServerCallImpl$ServerStreamListenerImpl.messagesAvailable(ServerCallImpl.java:301)
	at org.apache.ratis.thirdparty.io.grpc.internal.ServerImpl$JumpToApplicationThreadServerStreamListener$1MessagesAvailable.runInContext(ServerImpl.java:834)
	at org.apache.ratis.thirdparty.io.grpc.internal.ContextRunnable.run(ContextRunnable.java:37)
	at org.apache.ratis.thirdparty.io.grpc.internal.SerializingExecutor.run(SerializingExecutor.java:133)
	at java.util.concurrent.ThreadPoolExecutor.runWorker(ThreadPoolExecutor.java:1149)
	at java.util.concurrent.ThreadPoolExecutor$Worker.run(ThreadPoolExecutor.java:624)
	at java.lang.Thread.run(Thread.java:750)

		at org.apache.ratis.util.IOUtils.readObject(IOUtils.java:237)
		at org.apache.ratis.util.IOUtils.bytes2Object(IOUtils.java:214)
		at org.apache.ratis.grpc.GrpcUtil.tryUnwrapException(GrpcUtil.java:109)
		at org.apache.ratis.grpc.GrpcUtil.unwrapThrowable(GrpcUtil.java:82)
		at org.apache.ratis.grpc.GrpcUtil.warn(GrpcUtil.java:178)
		at org.apache.ratis.grpc.server.GrpcLogAppender$AppendLogResponseHandler.onError(GrpcLogAppender.java:378)
		... 10 more
	Caused by: java.lang.ClassCastException: Cannot cast java.util.concurrent.RejectedExecutionException to java.io.IOException
		at java.lang.Class.cast(Class.java:3369)
		at org.apache.ratis.util.IOUtils.readObject(IOUtils.java:234)
		... 15 more
2022-07-24 15:57:05,593 [grpc-default-executor-4] INFO  leader.FollowerInfo (FollowerInfoImpl.java:lambda$new$0(48)) - s0@group-1D117010C276->s2: nextIndex: updateUnconditionally 210 -> 199
2022-07-24 15:57:05,600 [s0@group-1D117010C276-StateMachineUpdater] INFO  statemachine.SimpleStateMachine4Testing (SimpleStateMachine4Testing.java:put(204)) - s0: put 209, m102 -> (t:2, i:209), STATEMACHINELOGENTRY, 488@client-6F86E1C52B91
2022-07-24 15:57:05,604 [s1-server-thread1] DEBUG raftlog.RaftLog (SegmentedRaftLog.java:appendImpl(447)) - truncateIndex=-1, arrayIndex=0
2022-07-24 15:57:05,605 [grpc-default-executor-9] WARN  server.GrpcServerProtocolService (LogUtils.java:warn(124)) - s2: Failed APPEND_ENTRIES request s0->s2#33-t2,previous=(t:1, i:198),leaderCommit=209,initializing? true,entries: size=12, first=(t:2, i:199), CONFIGURATIONENTRY(current:id: "s0"
address: "localhost:41145"
dataStreamAddress: "localhost:35053"
clientAddress: "localhost:40971"
adminAddress: "localhost:44949"
startupRole: FOLLOWER
,id: "s1"
address: "localhost:37813"
dataStreamAddress: "localhost:42861"
clientAddress: "localhost:42193"
adminAddress: "localhost:42655"
startupRole: FOLLOWER
,id: "s2"
address: "localhost:37241"
dataStreamAddress: "localhost:33751"
clientAddress: "localhost:34449"
adminAddress: "localhost:39099"
startupRole: FOLLOWER
, old:)
java.util.concurrent.CompletionException: java.util.concurrent.RejectedExecutionException: Task java.util.concurrent.CompletableFuture$AsyncSupply@597d0491 rejected from java.util.concurrent.ThreadPoolExecutor@5f803e53[Terminated, pool size = 0, active threads = 0, queued tasks = 0, completed tasks = 0]
	at java.util.concurrent.CompletableFuture.encodeThrowable(CompletableFuture.java:273)
	at java.util.concurrent.CompletableFuture.uniComposeStage(CompletableFuture.java:1005)
	at java.util.concurrent.CompletableFuture.thenCompose(CompletableFuture.java:2137)
	at org.apache.ratis.server.impl.RaftServerProxy.appendEntriesAsync(RaftServerProxy.java:622)
	at org.apache.ratis.grpc.server.GrpcServerProtocolService$1.process(GrpcServerProtocolService.java:207)
	at org.apache.ratis.grpc.server.GrpcServerProtocolService$1.process(GrpcServerProtocolService.java:204)
	at org.apache.ratis.grpc.server.GrpcServerProtocolService$ServerRequestStreamObserver.onNext(GrpcServerProtocolService.java:126)
	at org.apache.ratis.thirdparty.io.grpc.stub.ServerCalls$StreamingServerCallHandler$StreamingServerCallListener.onMessage(ServerCalls.java:262)
	at org.apache.ratis.thirdparty.io.grpc.ForwardingServerCallListener.onMessage(ForwardingServerCallListener.java:33)
	at org.apache.ratis.thirdparty.io.grpc.internal.ServerCallImpl$ServerStreamListenerImpl.messagesAvailableInternal(ServerCallImpl.java:318)
	at org.apache.ratis.thirdparty.io.grpc.internal.ServerCallImpl$ServerStreamListenerImpl.messagesAvailable(ServerCallImpl.java:301)
	at org.apache.ratis.thirdparty.io.grpc.internal.ServerImpl$JumpToApplicationThreadServerStreamListener$1MessagesAvailable.runInContext(ServerImpl.java:834)
	at org.apache.ratis.thirdparty.io.grpc.internal.ContextRunnable.run(ContextRunnable.java:37)
	at org.apache.ratis.thirdparty.io.grpc.internal.SerializingExecutor.run(SerializingExecutor.java:133)
	at java.util.concurrent.ThreadPoolExecutor.runWorker(ThreadPoolExecutor.java:1149)
	at java.util.concurrent.ThreadPoolExecutor$Worker.run(ThreadPoolExecutor.java:624)
	at java.lang.Thread.run(Thread.java:750)
Caused by: java.util.concurrent.RejectedExecutionException: Task java.util.concurrent.CompletableFuture$AsyncSupply@597d0491 rejected from java.util.concurrent.ThreadPoolExecutor@5f803e53[Terminated, pool size = 0, active threads = 0, queued tasks = 0, completed tasks = 0]
	at java.util.concurrent.ThreadPoolExecutor$AbortPolicy.rejectedExecution(ThreadPoolExecutor.java:2063)
	at java.util.concurrent.ThreadPoolExecutor.reject(ThreadPoolExecutor.java:830)
	at java.util.concurrent.ThreadPoolExecutor.execute(ThreadPoolExecutor.java:1379)
	at java.util.concurrent.CompletableFuture.asyncSupplyStage(CompletableFuture.java:1618)
	at java.util.concurrent.CompletableFuture.supplyAsync(CompletableFuture.java:1843)
	at org.apache.ratis.server.impl.RaftServerImpl.executeSubmitServerRequestAsync(RaftServerImpl.java:788)
	at org.apache.ratis.server.impl.RaftServerProxy.lambda$appendEntriesAsync$26(RaftServerProxy.java:622)
	at java.util.concurrent.CompletableFuture.uniComposeStage(CompletableFuture.java:995)
	... 15 more
2022-07-24 15:57:05,605 [s1-server-thread1] DEBUG raftlog.RaftLog (SegmentedRaftLog.java:appendImpl(447)) - truncateIndex=-1, arrayIndex=0
2022-07-24 15:57:05,607 [grpc-default-executor-4] WARN  server.GrpcLogAppender (LogUtils.java:warn(124)) - s0@group-1D117010C276->s2-AppendLogResponseHandler: Failed appendEntries
java.io.IOException: java.util.concurrent.RejectedExecutionException: Task java.util.concurrent.CompletableFuture$AsyncSupply@597d0491 rejected from java.util.concurrent.ThreadPoolExecutor@5f803e53[Terminated, pool size = 0, active threads = 0, queued tasks = 0, completed tasks = 0]
	at org.apache.ratis.util.IOUtils.asIOException(IOUtils.java:56)
	at org.apache.ratis.grpc.GrpcUtil.tryUnwrapException(GrpcUtil.java:121)
	at org.apache.ratis.grpc.GrpcUtil.unwrapThrowable(GrpcUtil.java:82)
	at org.apache.ratis.grpc.GrpcUtil.warn(GrpcUtil.java:178)
	at org.apache.ratis.grpc.server.GrpcLogAppender$AppendLogResponseHandler.onError(GrpcLogAppender.java:378)
	at org.apache.ratis.thirdparty.io.grpc.stub.ClientCalls$StreamObserverToCallListenerAdapter.onClose(ClientCalls.java:479)
	at org.apache.ratis.thirdparty.io.grpc.internal.ClientCallImpl.closeObserver(ClientCallImpl.java:562)
	at org.apache.ratis.thirdparty.io.grpc.internal.ClientCallImpl.access$300(ClientCallImpl.java:70)
	at org.apache.ratis.thirdparty.io.grpc.internal.ClientCallImpl$ClientStreamListenerImpl$1StreamClosed.runInternal(ClientCallImpl.java:743)
	at org.apache.ratis.thirdparty.io.grpc.internal.ClientCallImpl$ClientStreamListenerImpl$1StreamClosed.runInContext(ClientCallImpl.java:722)
	at org.apache.ratis.thirdparty.io.grpc.internal.ContextRunnable.run(ContextRunnable.java:37)
	at org.apache.ratis.thirdparty.io.grpc.internal.SerializingExecutor.run(SerializingExecutor.java:133)
	at java.util.concurrent.ThreadPoolExecutor.runWorker(ThreadPoolExecutor.java:1149)
	at java.util.concurrent.ThreadPoolExecutor$Worker.run(ThreadPoolExecutor.java:624)
	at java.lang.Thread.run(Thread.java:750)
Caused by: java.util.concurrent.RejectedExecutionException: Task java.util.concurrent.CompletableFuture$AsyncSupply@597d0491 rejected from java.util.concurrent.ThreadPoolExecutor@5f803e53[Terminated, pool size = 0, active threads = 0, queued tasks = 0, completed tasks = 0]
	at sun.reflect.GeneratedConstructorAccessor9.newInstance(Unknown Source)
	at sun.reflect.DelegatingConstructorAccessorImpl.newInstance(DelegatingConstructorAccessorImpl.java:45)
	at java.lang.reflect.Constructor.newInstance(Constructor.java:423)
	at org.apache.ratis.util.ReflectionUtils.instantiateException(ReflectionUtils.java:259)
	at org.apache.ratis.grpc.GrpcUtil.tryUnwrapException(GrpcUtil.java:120)
	... 13 more
Caused by: org.apache.ratis.thirdparty.io.grpc.StatusRuntimeException: INTERNAL: Task java.util.concurrent.CompletableFuture$AsyncSupply@597d0491 rejected from java.util.concurrent.ThreadPoolExecutor@5f803e53[Terminated, pool size = 0, active threads = 0, queued tasks = 0, completed tasks = 0]
	at org.apache.ratis.thirdparty.io.grpc.Status.asRuntimeException(Status.java:535)
	... 10 more
	Suppressed: java.lang.IllegalStateException: Failed to cast to class java.io.IOException, object=java.util.concurrent.RejectedExecutionException: Task java.util.concurrent.CompletableFuture$AsyncSupply@597d0491 rejected from java.util.concurrent.ThreadPoolExecutor@5f803e53[Terminated, pool size = 0, active threads = 0, queued tasks = 0, completed tasks = 0]
	at java.util.concurrent.ThreadPoolExecutor$AbortPolicy.rejectedExecution(ThreadPoolExecutor.java:2063)
	at java.util.concurrent.ThreadPoolExecutor.reject(ThreadPoolExecutor.java:830)
	at java.util.concurrent.ThreadPoolExecutor.execute(ThreadPoolExecutor.java:1379)
	at java.util.concurrent.CompletableFuture.asyncSupplyStage(CompletableFuture.java:1618)
	at java.util.concurrent.CompletableFuture.supplyAsync(CompletableFuture.java:1843)
	at org.apache.ratis.server.impl.RaftServerImpl.executeSubmitServerRequestAsync(RaftServerImpl.java:788)
	at org.apache.ratis.server.impl.RaftServerProxy.lambda$appendEntriesAsync$26(RaftServerProxy.java:622)
	at java.util.concurrent.CompletableFuture.uniComposeStage(CompletableFuture.java:995)
	at java.util.concurrent.CompletableFuture.thenCompose(CompletableFuture.java:2137)
	at org.apache.ratis.server.impl.RaftServerProxy.appendEntriesAsync(RaftServerProxy.java:622)
	at org.apache.ratis.grpc.server.GrpcServerProtocolService$1.process(GrpcServerProtocolService.java:207)
	at org.apache.ratis.grpc.server.GrpcServerProtocolService$1.process(GrpcServerProtocolService.java:204)
	at org.apache.ratis.grpc.server.GrpcServerProtocolService$ServerRequestStreamObserver.onNext(GrpcServerProtocolService.java:126)
	at org.apache.ratis.thirdparty.io.grpc.stub.ServerCalls$StreamingServerCallHandler$StreamingServerCallListener.onMessage(ServerCalls.java:262)
	at org.apache.ratis.thirdparty.io.grpc.ForwardingServerCallListener.onMessage(ForwardingServerCallListener.java:33)
	at org.apache.ratis.thirdparty.io.grpc.internal.ServerCallImpl$ServerStreamListenerImpl.messagesAvailableInternal(ServerCallImpl.java:318)
	at org.apache.ratis.thirdparty.io.grpc.internal.ServerCallImpl$ServerStreamListenerImpl.messagesAvailable(ServerCallImpl.java:301)
	at org.apache.ratis.thirdparty.io.grpc.internal.ServerImpl$JumpToApplicationThreadServerStreamListener$1MessagesAvailable.runInContext(ServerImpl.java:834)
	at org.apache.ratis.thirdparty.io.grpc.internal.ContextRunnable.run(ContextRunnable.java:37)
	at org.apache.ratis.thirdparty.io.grpc.internal.SerializingExecutor.run(SerializingExecutor.java:133)
	at java.util.concurrent.ThreadPoolExecutor.runWorker(ThreadPoolExecutor.java:1149)
	at java.util.concurrent.ThreadPoolExecutor$Worker.run(ThreadPoolExecutor.java:624)
	at java.lang.Thread.run(Thread.java:750)

		at org.apache.ratis.util.IOUtils.readObject(IOUtils.java:237)
		at org.apache.ratis.util.IOUtils.bytes2Object(IOUtils.java:214)
		at org.apache.ratis.grpc.GrpcUtil.tryUnwrapException(GrpcUtil.java:109)
		at org.apache.ratis.grpc.GrpcUtil.unwrapThrowable(GrpcUtil.java:82)
		at org.apache.ratis.grpc.GrpcUtil.warn(GrpcUtil.java:178)
		at org.apache.ratis.grpc.server.GrpcLogAppender$AppendLogResponseHandler.onError(GrpcLogAppender.java:378)
		... 10 more
	Caused by: java.lang.ClassCastException: Cannot cast java.util.concurrent.RejectedExecutionException to java.io.IOException
		at java.lang.Class.cast(Class.java:3369)
		at org.apache.ratis.util.IOUtils.readObject(IOUtils.java:234)
		... 15 more
2022-07-24 15:57:05,607 [grpc-default-executor-4] INFO  leader.FollowerInfo (FollowerInfoImpl.java:lambda$new$0(48)) - s0@group-1D117010C276->s2: nextIndex: updateUnconditionally 211 -> 199
2022-07-24 15:57:05,612 [s1@group-1D117010C276-StateMachineUpdater] INFO  statemachine.SimpleStateMachine4Testing (SimpleStateMachine4Testing.java:put(204)) - s1: put 209, m102 -> (t:2, i:209), STATEMACHINELOGENTRY, 488@client-6F86E1C52B91
2022-07-24 15:57:05,613 [grpc-default-executor-9] WARN  server.GrpcServerProtocolService (LogUtils.java:warn(124)) - s2: Failed APPEND_ENTRIES request s0->s2#35-t2,previous=(t:1, i:198),leaderCommit=210,initializing? true,entries: size=13, first=(t:2, i:199), CONFIGURATIONENTRY(current:id: "s0"
address: "localhost:41145"
dataStreamAddress: "localhost:35053"
clientAddress: "localhost:40971"
adminAddress: "localhost:44949"
startupRole: FOLLOWER
,id: "s1"
address: "localhost:37813"
dataStreamAddress: "localhost:42861"
clientAddress: "localhost:42193"
adminAddress: "localhost:42655"
startupRole: FOLLOWER
,id: "s2"
address: "localhost:37241"
dataStreamAddress: "localhost:33751"
clientAddress: "localhost:34449"
adminAddress: "localhost:39099"
startupRole: FOLLOWER
, old:)
java.util.concurrent.CompletionException: java.util.concurrent.RejectedExecutionException: Task java.util.concurrent.CompletableFuture$AsyncSupply@1a37a225 rejected from java.util.concurrent.ThreadPoolExecutor@5f803e53[Terminated, pool size = 0, active threads = 0, queued tasks = 0, completed tasks = 0]
	at java.util.concurrent.CompletableFuture.encodeThrowable(CompletableFuture.java:273)
	at java.util.concurrent.CompletableFuture.uniComposeStage(CompletableFuture.java:1005)
	at java.util.concurrent.CompletableFuture.thenCompose(CompletableFuture.java:2137)
	at org.apache.ratis.server.impl.RaftServerProxy.appendEntriesAsync(RaftServerProxy.java:622)
	at org.apache.ratis.grpc.server.GrpcServerProtocolService$1.process(GrpcServerProtocolService.java:207)
	at org.apache.ratis.grpc.server.GrpcServerProtocolService$1.process(GrpcServerProtocolService.java:204)
	at org.apache.ratis.grpc.server.GrpcServerProtocolService$ServerRequestStreamObserver.onNext(GrpcServerProtocolService.java:126)
	at org.apache.ratis.thirdparty.io.grpc.stub.ServerCalls$StreamingServerCallHandler$StreamingServerCallListener.onMessage(ServerCalls.java:262)
	at org.apache.ratis.thirdparty.io.grpc.ForwardingServerCallListener.onMessage(ForwardingServerCallListener.java:33)
	at org.apache.ratis.thirdparty.io.grpc.internal.ServerCallImpl$ServerStreamListenerImpl.messagesAvailableInternal(ServerCallImpl.java:318)
	at org.apache.ratis.thirdparty.io.grpc.internal.ServerCallImpl$ServerStreamListenerImpl.messagesAvailable(ServerCallImpl.java:301)
	at org.apache.ratis.thirdparty.io.grpc.internal.ServerImpl$JumpToApplicationThreadServerStreamListener$1MessagesAvailable.runInContext(ServerImpl.java:834)
	at org.apache.ratis.thirdparty.io.grpc.internal.ContextRunnable.run(ContextRunnable.java:37)
	at org.apache.ratis.thirdparty.io.grpc.internal.SerializingExecutor.run(SerializingExecutor.java:133)
	at java.util.concurrent.ThreadPoolExecutor.runWorker(ThreadPoolExecutor.java:1149)
	at java.util.concurrent.ThreadPoolExecutor$Worker.run(ThreadPoolExecutor.java:624)
	at java.lang.Thread.run(Thread.java:750)
Caused by: java.util.concurrent.RejectedExecutionException: Task java.util.concurrent.CompletableFuture$AsyncSupply@1a37a225 rejected from java.util.concurrent.ThreadPoolExecutor@5f803e53[Terminated, pool size = 0, active threads = 0, queued tasks = 0, completed tasks = 0]
	at java.util.concurrent.ThreadPoolExecutor$AbortPolicy.rejectedExecution(ThreadPoolExecutor.java:2063)
	at java.util.concurrent.ThreadPoolExecutor.reject(ThreadPoolExecutor.java:830)
	at java.util.concurrent.ThreadPoolExecutor.execute(ThreadPoolExecutor.java:1379)
	at java.util.concurrent.CompletableFuture.asyncSupplyStage(CompletableFuture.java:1618)
	at java.util.concurrent.CompletableFuture.supplyAsync(CompletableFuture.java:1843)
	at org.apache.ratis.server.impl.RaftServerImpl.executeSubmitServerRequestAsync(RaftServerImpl.java:788)
	at org.apache.ratis.server.impl.RaftServerProxy.lambda$appendEntriesAsync$26(RaftServerProxy.java:622)
	at java.util.concurrent.CompletableFuture.uniComposeStage(CompletableFuture.java:995)
	... 15 more
2022-07-24 15:57:05,615 [grpc-default-executor-9] WARN  server.GrpcLogAppender (LogUtils.java:warn(124)) - s0@group-1D117010C276->s2-AppendLogResponseHandler: Failed appendEntries
java.io.IOException: java.util.concurrent.RejectedExecutionException: Task java.util.concurrent.CompletableFuture$AsyncSupply@1a37a225 rejected from java.util.concurrent.ThreadPoolExecutor@5f803e53[Terminated, pool size = 0, active threads = 0, queued tasks = 0, completed tasks = 0]
	at org.apache.ratis.util.IOUtils.asIOException(IOUtils.java:56)
	at org.apache.ratis.grpc.GrpcUtil.tryUnwrapException(GrpcUtil.java:121)
	at org.apache.ratis.grpc.GrpcUtil.unwrapThrowable(GrpcUtil.java:82)
	at org.apache.ratis.grpc.GrpcUtil.warn(GrpcUtil.java:178)
	at org.apache.ratis.grpc.server.GrpcLogAppender$AppendLogResponseHandler.onError(GrpcLogAppender.java:378)
	at org.apache.ratis.thirdparty.io.grpc.stub.ClientCalls$StreamObserverToCallListenerAdapter.onClose(ClientCalls.java:479)
	at org.apache.ratis.thirdparty.io.grpc.internal.ClientCallImpl.closeObserver(ClientCallImpl.java:562)
	at org.apache.ratis.thirdparty.io.grpc.internal.ClientCallImpl.access$300(ClientCallImpl.java:70)
	at org.apache.ratis.thirdparty.io.grpc.internal.ClientCallImpl$ClientStreamListenerImpl$1StreamClosed.runInternal(ClientCallImpl.java:743)
	at org.apache.ratis.thirdparty.io.grpc.internal.ClientCallImpl$ClientStreamListenerImpl$1StreamClosed.runInContext(ClientCallImpl.java:722)
	at org.apache.ratis.thirdparty.io.grpc.internal.ContextRunnable.run(ContextRunnable.java:37)
	at org.apache.ratis.thirdparty.io.grpc.internal.SerializingExecutor.run(SerializingExecutor.java:133)
	at java.util.concurrent.ThreadPoolExecutor.runWorker(ThreadPoolExecutor.java:1149)
	at java.util.concurrent.ThreadPoolExecutor$Worker.run(ThreadPoolExecutor.java:624)
	at java.lang.Thread.run(Thread.java:750)
Caused by: java.util.concurrent.RejectedExecutionException: Task java.util.concurrent.CompletableFuture$AsyncSupply@1a37a225 rejected from java.util.concurrent.ThreadPoolExecutor@5f803e53[Terminated, pool size = 0, active threads = 0, queued tasks = 0, completed tasks = 0]
	at sun.reflect.GeneratedConstructorAccessor9.newInstance(Unknown Source)
	at sun.reflect.DelegatingConstructorAccessorImpl.newInstance(DelegatingConstructorAccessorImpl.java:45)
	at java.lang.reflect.Constructor.newInstance(Constructor.java:423)
	at org.apache.ratis.util.ReflectionUtils.instantiateException(ReflectionUtils.java:259)
	at org.apache.ratis.grpc.GrpcUtil.tryUnwrapException(GrpcUtil.java:120)
	... 13 more
Caused by: org.apache.ratis.thirdparty.io.grpc.StatusRuntimeException: INTERNAL: Task java.util.concurrent.CompletableFuture$AsyncSupply@1a37a225 rejected from java.util.concurrent.ThreadPoolExecutor@5f803e53[Terminated, pool size = 0, active threads = 0, queued tasks = 0, completed tasks = 0]
	at org.apache.ratis.thirdparty.io.grpc.Status.asRuntimeException(Status.java:535)
	... 10 more
	Suppressed: java.lang.IllegalStateException: Failed to cast to class java.io.IOException, object=java.util.concurrent.RejectedExecutionException: Task java.util.concurrent.CompletableFuture$AsyncSupply@1a37a225 rejected from java.util.concurrent.ThreadPoolExecutor@5f803e53[Terminated, pool size = 0, active threads = 0, queued tasks = 0, completed tasks = 0]
	at java.util.concurrent.ThreadPoolExecutor$AbortPolicy.rejectedExecution(ThreadPoolExecutor.java:2063)
	at java.util.concurrent.ThreadPoolExecutor.reject(ThreadPoolExecutor.java:830)
	at java.util.concurrent.ThreadPoolExecutor.execute(ThreadPoolExecutor.java:1379)
	at java.util.concurrent.CompletableFuture.asyncSupplyStage(CompletableFuture.java:1618)
	at java.util.concurrent.CompletableFuture.supplyAsync(CompletableFuture.java:1843)
	at org.apache.ratis.server.impl.RaftServerImpl.executeSubmitServerRequestAsync(RaftServerImpl.java:788)
	at org.apache.ratis.server.impl.RaftServerProxy.lambda$appendEntriesAsync$26(RaftServerProxy.java:622)
	at java.util.concurrent.CompletableFuture.uniComposeStage(CompletableFuture.java:995)
	at java.util.concurrent.CompletableFuture.thenCompose(CompletableFuture.java:2137)
	at org.apache.ratis.server.impl.RaftServerProxy.appendEntriesAsync(RaftServerProxy.java:622)
	at org.apache.ratis.grpc.server.GrpcServerProtocolService$1.process(GrpcServerProtocolService.java:207)
	at org.apache.ratis.grpc.server.GrpcServerProtocolService$1.process(GrpcServerProtocolService.java:204)
	at org.apache.ratis.grpc.server.GrpcServerProtocolService$ServerRequestStreamObserver.onNext(GrpcServerProtocolService.java:126)
	at org.apache.ratis.thirdparty.io.grpc.stub.ServerCalls$StreamingServerCallHandler$StreamingServerCallListener.onMessage(ServerCalls.java:262)
	at org.apache.ratis.thirdparty.io.grpc.ForwardingServerCallListener.onMessage(ForwardingServerCallListener.java:33)
	at org.apache.ratis.thirdparty.io.grpc.internal.ServerCallImpl$ServerStreamListenerImpl.messagesAvailableInternal(ServerCallImpl.java:318)
	at org.apache.ratis.thirdparty.io.grpc.internal.ServerCallImpl$ServerStreamListenerImpl.messagesAvailable(ServerCallImpl.java:301)
	at org.apache.ratis.thirdparty.io.grpc.internal.ServerImpl$JumpToApplicationThreadServerStreamListener$1MessagesAvailable.runInContext(ServerImpl.java:834)
	at org.apache.ratis.thirdparty.io.grpc.internal.ContextRunnable.run(ContextRunnable.java:37)
	at org.apache.ratis.thirdparty.io.grpc.internal.SerializingExecutor.run(SerializingExecutor.java:133)
	at java.util.concurrent.ThreadPoolExecutor.runWorker(ThreadPoolExecutor.java:1149)
	at java.util.concurrent.ThreadPoolExecutor$Worker.run(ThreadPoolExecutor.java:624)
	at java.lang.Thread.run(Thread.java:750)

		at org.apache.ratis.util.IOUtils.readObject(IOUtils.java:237)
		at org.apache.ratis.util.IOUtils.bytes2Object(IOUtils.java:214)
		at org.apache.ratis.grpc.GrpcUtil.tryUnwrapException(GrpcUtil.java:109)
		at org.apache.ratis.grpc.GrpcUtil.unwrapThrowable(GrpcUtil.java:82)
		at org.apache.ratis.grpc.GrpcUtil.warn(GrpcUtil.java:178)
		at org.apache.ratis.grpc.server.GrpcLogAppender$AppendLogResponseHandler.onError(GrpcLogAppender.java:378)
		... 10 more
	Caused by: java.lang.ClassCastException: Cannot cast java.util.concurrent.RejectedExecutionException to java.io.IOException
		at java.lang.Class.cast(Class.java:3369)
		at org.apache.ratis.util.IOUtils.readObject(IOUtils.java:234)
		... 15 more
2022-07-24 15:57:05,616 [grpc-default-executor-9] INFO  leader.FollowerInfo (FollowerInfoImpl.java:lambda$new$0(48)) - s0@group-1D117010C276->s2: nextIndex: updateUnconditionally 212 -> 199
2022-07-24 15:57:05,623 [s0@group-1D117010C276-StateMachineUpdater] INFO  statemachine.SimpleStateMachine4Testing (SimpleStateMachine4Testing.java:put(204)) - s0: put 211, m103 -> (t:2, i:211), STATEMACHINELOGENTRY, 489@client-6F86E1C52B91
2022-07-24 15:57:05,624 [s1-server-thread1] DEBUG raftlog.RaftLog (SegmentedRaftLog.java:appendImpl(447)) - truncateIndex=-1, arrayIndex=0
2022-07-24 15:57:05,624 [grpc-default-executor-9] WARN  server.GrpcServerProtocolService (LogUtils.java:warn(124)) - s2: Failed APPEND_ENTRIES request s0->s2#36-t2,previous=(t:1, i:198),leaderCommit=211,initializing? true,entries: size=14, first=(t:2, i:199), CONFIGURATIONENTRY(current:id: "s0"
address: "localhost:41145"
dataStreamAddress: "localhost:35053"
clientAddress: "localhost:40971"
adminAddress: "localhost:44949"
startupRole: FOLLOWER
,id: "s1"
address: "localhost:37813"
dataStreamAddress: "localhost:42861"
clientAddress: "localhost:42193"
adminAddress: "localhost:42655"
startupRole: FOLLOWER
,id: "s2"
address: "localhost:37241"
dataStreamAddress: "localhost:33751"
clientAddress: "localhost:34449"
adminAddress: "localhost:39099"
startupRole: FOLLOWER
, old:)
java.util.concurrent.CompletionException: java.util.concurrent.RejectedExecutionException: Task java.util.concurrent.CompletableFuture$AsyncSupply@68121f41 rejected from java.util.concurrent.ThreadPoolExecutor@5f803e53[Terminated, pool size = 0, active threads = 0, queued tasks = 0, completed tasks = 0]
	at java.util.concurrent.CompletableFuture.encodeThrowable(CompletableFuture.java:273)
	at java.util.concurrent.CompletableFuture.uniComposeStage(CompletableFuture.java:1005)
	at java.util.concurrent.CompletableFuture.thenCompose(CompletableFuture.java:2137)
	at org.apache.ratis.server.impl.RaftServerProxy.appendEntriesAsync(RaftServerProxy.java:622)
	at org.apache.ratis.grpc.server.GrpcServerProtocolService$1.process(GrpcServerProtocolService.java:207)
	at org.apache.ratis.grpc.server.GrpcServerProtocolService$1.process(GrpcServerProtocolService.java:204)
	at org.apache.ratis.grpc.server.GrpcServerProtocolService$ServerRequestStreamObserver.onNext(GrpcServerProtocolService.java:126)
	at org.apache.ratis.thirdparty.io.grpc.stub.ServerCalls$StreamingServerCallHandler$StreamingServerCallListener.onMessage(ServerCalls.java:262)
	at org.apache.ratis.thirdparty.io.grpc.ForwardingServerCallListener.onMessage(ForwardingServerCallListener.java:33)
	at org.apache.ratis.thirdparty.io.grpc.internal.ServerCallImpl$ServerStreamListenerImpl.messagesAvailableInternal(ServerCallImpl.java:318)
	at org.apache.ratis.thirdparty.io.grpc.internal.ServerCallImpl$ServerStreamListenerImpl.messagesAvailable(ServerCallImpl.java:301)
	at org.apache.ratis.thirdparty.io.grpc.internal.ServerImpl$JumpToApplicationThreadServerStreamListener$1MessagesAvailable.runInContext(ServerImpl.java:834)
	at org.apache.ratis.thirdparty.io.grpc.internal.ContextRunnable.run(ContextRunnable.java:37)
	at org.apache.ratis.thirdparty.io.grpc.internal.SerializingExecutor.run(SerializingExecutor.java:133)
	at java.util.concurrent.ThreadPoolExecutor.runWorker(ThreadPoolExecutor.java:1149)
	at java.util.concurrent.ThreadPoolExecutor$Worker.run(ThreadPoolExecutor.java:624)
	at java.lang.Thread.run(Thread.java:750)
Caused by: java.util.concurrent.RejectedExecutionException: Task java.util.concurrent.CompletableFuture$AsyncSupply@68121f41 rejected from java.util.concurrent.ThreadPoolExecutor@5f803e53[Terminated, pool size = 0, active threads = 0, queued tasks = 0, completed tasks = 0]
	at java.util.concurrent.ThreadPoolExecutor$AbortPolicy.rejectedExecution(ThreadPoolExecutor.java:2063)
	at java.util.concurrent.ThreadPoolExecutor.reject(ThreadPoolExecutor.java:830)
	at java.util.concurrent.ThreadPoolExecutor.execute(ThreadPoolExecutor.java:1379)
	at java.util.concurrent.CompletableFuture.asyncSupplyStage(CompletableFuture.java:1618)
	at java.util.concurrent.CompletableFuture.supplyAsync(CompletableFuture.java:1843)
	at org.apache.ratis.server.impl.RaftServerImpl.executeSubmitServerRequestAsync(RaftServerImpl.java:788)
	at org.apache.ratis.server.impl.RaftServerProxy.lambda$appendEntriesAsync$26(RaftServerProxy.java:622)
	at java.util.concurrent.CompletableFuture.uniComposeStage(CompletableFuture.java:995)
	... 15 more
2022-07-24 15:57:05,626 [s1-server-thread1] DEBUG raftlog.RaftLog (SegmentedRaftLog.java:appendImpl(447)) - truncateIndex=-1, arrayIndex=0
2022-07-24 15:57:05,627 [grpc-default-executor-0] WARN  server.GrpcLogAppender (LogUtils.java:warn(124)) - s0@group-1D117010C276->s2-AppendLogResponseHandler: Failed appendEntries
java.io.IOException: java.util.concurrent.RejectedExecutionException: Task java.util.concurrent.CompletableFuture$AsyncSupply@68121f41 rejected from java.util.concurrent.ThreadPoolExecutor@5f803e53[Terminated, pool size = 0, active threads = 0, queued tasks = 0, completed tasks = 0]
	at org.apache.ratis.util.IOUtils.asIOException(IOUtils.java:56)
	at org.apache.ratis.grpc.GrpcUtil.tryUnwrapException(GrpcUtil.java:121)
	at org.apache.ratis.grpc.GrpcUtil.unwrapThrowable(GrpcUtil.java:82)
	at org.apache.ratis.grpc.GrpcUtil.warn(GrpcUtil.java:178)
	at org.apache.ratis.grpc.server.GrpcLogAppender$AppendLogResponseHandler.onError(GrpcLogAppender.java:378)
	at org.apache.ratis.thirdparty.io.grpc.stub.ClientCalls$StreamObserverToCallListenerAdapter.onClose(ClientCalls.java:479)
	at org.apache.ratis.thirdparty.io.grpc.internal.ClientCallImpl.closeObserver(ClientCallImpl.java:562)
	at org.apache.ratis.thirdparty.io.grpc.internal.ClientCallImpl.access$300(ClientCallImpl.java:70)
	at org.apache.ratis.thirdparty.io.grpc.internal.ClientCallImpl$ClientStreamListenerImpl$1StreamClosed.runInternal(ClientCallImpl.java:743)
	at org.apache.ratis.thirdparty.io.grpc.internal.ClientCallImpl$ClientStreamListenerImpl$1StreamClosed.runInContext(ClientCallImpl.java:722)
	at org.apache.ratis.thirdparty.io.grpc.internal.ContextRunnable.run(ContextRunnable.java:37)
	at org.apache.ratis.thirdparty.io.grpc.internal.SerializingExecutor.run(SerializingExecutor.java:133)
	at java.util.concurrent.ThreadPoolExecutor.runWorker(ThreadPoolExecutor.java:1149)
	at java.util.concurrent.ThreadPoolExecutor$Worker.run(ThreadPoolExecutor.java:624)
	at java.lang.Thread.run(Thread.java:750)
Caused by: java.util.concurrent.RejectedExecutionException: Task java.util.concurrent.CompletableFuture$AsyncSupply@68121f41 rejected from java.util.concurrent.ThreadPoolExecutor@5f803e53[Terminated, pool size = 0, active threads = 0, queued tasks = 0, completed tasks = 0]
	at sun.reflect.GeneratedConstructorAccessor9.newInstance(Unknown Source)
	at sun.reflect.DelegatingConstructorAccessorImpl.newInstance(DelegatingConstructorAccessorImpl.java:45)
	at java.lang.reflect.Constructor.newInstance(Constructor.java:423)
	at org.apache.ratis.util.ReflectionUtils.instantiateException(ReflectionUtils.java:259)
	at org.apache.ratis.grpc.GrpcUtil.tryUnwrapException(GrpcUtil.java:120)
	... 13 more
Caused by: org.apache.ratis.thirdparty.io.grpc.StatusRuntimeException: INTERNAL: Task java.util.concurrent.CompletableFuture$AsyncSupply@68121f41 rejected from java.util.concurrent.ThreadPoolExecutor@5f803e53[Terminated, pool size = 0, active threads = 0, queued tasks = 0, completed tasks = 0]
	at org.apache.ratis.thirdparty.io.grpc.Status.asRuntimeException(Status.java:535)
	... 10 more
	Suppressed: java.lang.IllegalStateException: Failed to cast to class java.io.IOException, object=java.util.concurrent.RejectedExecutionException: Task java.util.concurrent.CompletableFuture$AsyncSupply@68121f41 rejected from java.util.concurrent.ThreadPoolExecutor@5f803e53[Terminated, pool size = 0, active threads = 0, queued tasks = 0, completed tasks = 0]
	at java.util.concurrent.ThreadPoolExecutor$AbortPolicy.rejectedExecution(ThreadPoolExecutor.java:2063)
	at java.util.concurrent.ThreadPoolExecutor.reject(ThreadPoolExecutor.java:830)
	at java.util.concurrent.ThreadPoolExecutor.execute(ThreadPoolExecutor.java:1379)
	at java.util.concurrent.CompletableFuture.asyncSupplyStage(CompletableFuture.java:1618)
	at java.util.concurrent.CompletableFuture.supplyAsync(CompletableFuture.java:1843)
	at org.apache.ratis.server.impl.RaftServerImpl.executeSubmitServerRequestAsync(RaftServerImpl.java:788)
	at org.apache.ratis.server.impl.RaftServerProxy.lambda$appendEntriesAsync$26(RaftServerProxy.java:622)
	at java.util.concurrent.CompletableFuture.uniComposeStage(CompletableFuture.java:995)
	at java.util.concurrent.CompletableFuture.thenCompose(CompletableFuture.java:2137)
	at org.apache.ratis.server.impl.RaftServerProxy.appendEntriesAsync(RaftServerProxy.java:622)
	at org.apache.ratis.grpc.server.GrpcServerProtocolService$1.process(GrpcServerProtocolService.java:207)
	at org.apache.ratis.grpc.server.GrpcServerProtocolService$1.process(GrpcServerProtocolService.java:204)
	at org.apache.ratis.grpc.server.GrpcServerProtocolService$ServerRequestStreamObserver.onNext(GrpcServerProtocolService.java:126)
	at org.apache.ratis.thirdparty.io.grpc.stub.ServerCalls$StreamingServerCallHandler$StreamingServerCallListener.onMessage(ServerCalls.java:262)
	at org.apache.ratis.thirdparty.io.grpc.ForwardingServerCallListener.onMessage(ForwardingServerCallListener.java:33)
	at org.apache.ratis.thirdparty.io.grpc.internal.ServerCallImpl$ServerStreamListenerImpl.messagesAvailableInternal(ServerCallImpl.java:318)
	at org.apache.ratis.thirdparty.io.grpc.internal.ServerCallImpl$ServerStreamListenerImpl.messagesAvailable(ServerCallImpl.java:301)
	at org.apache.ratis.thirdparty.io.grpc.internal.ServerImpl$JumpToApplicationThreadServerStreamListener$1MessagesAvailable.runInContext(ServerImpl.java:834)
	at org.apache.ratis.thirdparty.io.grpc.internal.ContextRunnable.run(ContextRunnable.java:37)
	at org.apache.ratis.thirdparty.io.grpc.internal.SerializingExecutor.run(SerializingExecutor.java:133)
	at java.util.concurrent.ThreadPoolExecutor.runWorker(ThreadPoolExecutor.java:1149)
	at java.util.concurrent.ThreadPoolExecutor$Worker.run(ThreadPoolExecutor.java:624)
	at java.lang.Thread.run(Thread.java:750)

		at org.apache.ratis.util.IOUtils.readObject(IOUtils.java:237)
		at org.apache.ratis.util.IOUtils.bytes2Object(IOUtils.java:214)
		at org.apache.ratis.grpc.GrpcUtil.tryUnwrapException(GrpcUtil.java:109)
		at org.apache.ratis.grpc.GrpcUtil.unwrapThrowable(GrpcUtil.java:82)
		at org.apache.ratis.grpc.GrpcUtil.warn(GrpcUtil.java:178)
		at org.apache.ratis.grpc.server.GrpcLogAppender$AppendLogResponseHandler.onError(GrpcLogAppender.java:378)
		... 10 more
	Caused by: java.lang.ClassCastException: Cannot cast java.util.concurrent.RejectedExecutionException to java.io.IOException
		at java.lang.Class.cast(Class.java:3369)
		at org.apache.ratis.util.IOUtils.readObject(IOUtils.java:234)
		... 15 more
2022-07-24 15:57:05,627 [grpc-default-executor-0] INFO  leader.FollowerInfo (FollowerInfoImpl.java:lambda$new$0(48)) - s0@group-1D117010C276->s2: nextIndex: updateUnconditionally 213 -> 199
2022-07-24 15:57:05,628 [s1@group-1D117010C276-StateMachineUpdater] INFO  statemachine.SimpleStateMachine4Testing (SimpleStateMachine4Testing.java:put(204)) - s1: put 211, m103 -> (t:2, i:211), STATEMACHINELOGENTRY, 489@client-6F86E1C52B91
2022-07-24 15:57:05,629 [grpc-default-executor-0] WARN  server.GrpcServerProtocolService (LogUtils.java:warn(124)) - s2: Failed APPEND_ENTRIES request s0->s2#38-t2,previous=(t:1, i:198),leaderCommit=211,initializing? true,entries: size=15, first=(t:2, i:199), CONFIGURATIONENTRY(current:id: "s0"
address: "localhost:41145"
dataStreamAddress: "localhost:35053"
clientAddress: "localhost:40971"
adminAddress: "localhost:44949"
startupRole: FOLLOWER
,id: "s1"
address: "localhost:37813"
dataStreamAddress: "localhost:42861"
clientAddress: "localhost:42193"
adminAddress: "localhost:42655"
startupRole: FOLLOWER
,id: "s2"
address: "localhost:37241"
dataStreamAddress: "localhost:33751"
clientAddress: "localhost:34449"
adminAddress: "localhost:39099"
startupRole: FOLLOWER
, old:)
java.util.concurrent.CompletionException: java.util.concurrent.RejectedExecutionException: Task java.util.concurrent.CompletableFuture$AsyncSupply@755ea37f rejected from java.util.concurrent.ThreadPoolExecutor@5f803e53[Terminated, pool size = 0, active threads = 0, queued tasks = 0, completed tasks = 0]
	at java.util.concurrent.CompletableFuture.encodeThrowable(CompletableFuture.java:273)
	at java.util.concurrent.CompletableFuture.uniComposeStage(CompletableFuture.java:1005)
	at java.util.concurrent.CompletableFuture.thenCompose(CompletableFuture.java:2137)
	at org.apache.ratis.server.impl.RaftServerProxy.appendEntriesAsync(RaftServerProxy.java:622)
	at org.apache.ratis.grpc.server.GrpcServerProtocolService$1.process(GrpcServerProtocolService.java:207)
	at org.apache.ratis.grpc.server.GrpcServerProtocolService$1.process(GrpcServerProtocolService.java:204)
	at org.apache.ratis.grpc.server.GrpcServerProtocolService$ServerRequestStreamObserver.onNext(GrpcServerProtocolService.java:126)
	at org.apache.ratis.thirdparty.io.grpc.stub.ServerCalls$StreamingServerCallHandler$StreamingServerCallListener.onMessage(ServerCalls.java:262)
	at org.apache.ratis.thirdparty.io.grpc.ForwardingServerCallListener.onMessage(ForwardingServerCallListener.java:33)
	at org.apache.ratis.thirdparty.io.grpc.internal.ServerCallImpl$ServerStreamListenerImpl.messagesAvailableInternal(ServerCallImpl.java:318)
	at org.apache.ratis.thirdparty.io.grpc.internal.ServerCallImpl$ServerStreamListenerImpl.messagesAvailable(ServerCallImpl.java:301)
	at org.apache.ratis.thirdparty.io.grpc.internal.ServerImpl$JumpToApplicationThreadServerStreamListener$1MessagesAvailable.runInContext(ServerImpl.java:834)
	at org.apache.ratis.thirdparty.io.grpc.internal.ContextRunnable.run(ContextRunnable.java:37)
	at org.apache.ratis.thirdparty.io.grpc.internal.SerializingExecutor.run(SerializingExecutor.java:133)
	at java.util.concurrent.ThreadPoolExecutor.runWorker(ThreadPoolExecutor.java:1149)
	at java.util.concurrent.ThreadPoolExecutor$Worker.run(ThreadPoolExecutor.java:624)
	at java.lang.Thread.run(Thread.java:750)
Caused by: java.util.concurrent.RejectedExecutionException: Task java.util.concurrent.CompletableFuture$AsyncSupply@755ea37f rejected from java.util.concurrent.ThreadPoolExecutor@5f803e53[Terminated, pool size = 0, active threads = 0, queued tasks = 0, completed tasks = 0]
	at java.util.concurrent.ThreadPoolExecutor$AbortPolicy.rejectedExecution(ThreadPoolExecutor.java:2063)
	at java.util.concurrent.ThreadPoolExecutor.reject(ThreadPoolExecutor.java:830)
	at java.util.concurrent.ThreadPoolExecutor.execute(ThreadPoolExecutor.java:1379)
	at java.util.concurrent.CompletableFuture.asyncSupplyStage(CompletableFuture.java:1618)
	at java.util.concurrent.CompletableFuture.supplyAsync(CompletableFuture.java:1843)
	at org.apache.ratis.server.impl.RaftServerImpl.executeSubmitServerRequestAsync(RaftServerImpl.java:788)
	at org.apache.ratis.server.impl.RaftServerProxy.lambda$appendEntriesAsync$26(RaftServerProxy.java:622)
	at java.util.concurrent.CompletableFuture.uniComposeStage(CompletableFuture.java:995)
	... 15 more
2022-07-24 15:57:05,636 [s0@group-1D117010C276-StateMachineUpdater] INFO  statemachine.SimpleStateMachine4Testing (SimpleStateMachine4Testing.java:put(204)) - s0: put 213, m104 -> (t:2, i:213), STATEMACHINELOGENTRY, 490@client-6F86E1C52B91
2022-07-24 15:57:05,638 [s1-server-thread1] DEBUG raftlog.RaftLog (SegmentedRaftLog.java:appendImpl(447)) - truncateIndex=-1, arrayIndex=0
2022-07-24 15:57:05,638 [grpc-default-executor-9] WARN  server.GrpcLogAppender (LogUtils.java:warn(124)) - s0@group-1D117010C276->s2-AppendLogResponseHandler: Failed appendEntries
java.io.IOException: java.util.concurrent.RejectedExecutionException: Task java.util.concurrent.CompletableFuture$AsyncSupply@755ea37f rejected from java.util.concurrent.ThreadPoolExecutor@5f803e53[Terminated, pool size = 0, active threads = 0, queued tasks = 0, completed tasks = 0]
	at org.apache.ratis.util.IOUtils.asIOException(IOUtils.java:56)
	at org.apache.ratis.grpc.GrpcUtil.tryUnwrapException(GrpcUtil.java:121)
	at org.apache.ratis.grpc.GrpcUtil.unwrapThrowable(GrpcUtil.java:82)
	at org.apache.ratis.grpc.GrpcUtil.warn(GrpcUtil.java:178)
	at org.apache.ratis.grpc.server.GrpcLogAppender$AppendLogResponseHandler.onError(GrpcLogAppender.java:378)
	at org.apache.ratis.thirdparty.io.grpc.stub.ClientCalls$StreamObserverToCallListenerAdapter.onClose(ClientCalls.java:479)
	at org.apache.ratis.thirdparty.io.grpc.internal.ClientCallImpl.closeObserver(ClientCallImpl.java:562)
	at org.apache.ratis.thirdparty.io.grpc.internal.ClientCallImpl.access$300(ClientCallImpl.java:70)
	at org.apache.ratis.thirdparty.io.grpc.internal.ClientCallImpl$ClientStreamListenerImpl$1StreamClosed.runInternal(ClientCallImpl.java:743)
	at org.apache.ratis.thirdparty.io.grpc.internal.ClientCallImpl$ClientStreamListenerImpl$1StreamClosed.runInContext(ClientCallImpl.java:722)
	at org.apache.ratis.thirdparty.io.grpc.internal.ContextRunnable.run(ContextRunnable.java:37)
	at org.apache.ratis.thirdparty.io.grpc.internal.SerializingExecutor.run(SerializingExecutor.java:133)
	at java.util.concurrent.ThreadPoolExecutor.runWorker(ThreadPoolExecutor.java:1149)
	at java.util.concurrent.ThreadPoolExecutor$Worker.run(ThreadPoolExecutor.java:624)
	at java.lang.Thread.run(Thread.java:750)
Caused by: java.util.concurrent.RejectedExecutionException: Task java.util.concurrent.CompletableFuture$AsyncSupply@755ea37f rejected from java.util.concurrent.ThreadPoolExecutor@5f803e53[Terminated, pool size = 0, active threads = 0, queued tasks = 0, completed tasks = 0]
	at sun.reflect.GeneratedConstructorAccessor9.newInstance(Unknown Source)
	at sun.reflect.DelegatingConstructorAccessorImpl.newInstance(DelegatingConstructorAccessorImpl.java:45)
	at java.lang.reflect.Constructor.newInstance(Constructor.java:423)
	at org.apache.ratis.util.ReflectionUtils.instantiateException(ReflectionUtils.java:259)
	at org.apache.ratis.grpc.GrpcUtil.tryUnwrapException(GrpcUtil.java:120)
	... 13 more
Caused by: org.apache.ratis.thirdparty.io.grpc.StatusRuntimeException: INTERNAL: Task java.util.concurrent.CompletableFuture$AsyncSupply@755ea37f rejected from java.util.concurrent.ThreadPoolExecutor@5f803e53[Terminated, pool size = 0, active threads = 0, queued tasks = 0, completed tasks = 0]
	at org.apache.ratis.thirdparty.io.grpc.Status.asRuntimeException(Status.java:535)
	... 10 more
	Suppressed: java.lang.IllegalStateException: Failed to cast to class java.io.IOException, object=java.util.concurrent.RejectedExecutionException: Task java.util.concurrent.CompletableFuture$AsyncSupply@755ea37f rejected from java.util.concurrent.ThreadPoolExecutor@5f803e53[Terminated, pool size = 0, active threads = 0, queued tasks = 0, completed tasks = 0]
	at java.util.concurrent.ThreadPoolExecutor$AbortPolicy.rejectedExecution(ThreadPoolExecutor.java:2063)
	at java.util.concurrent.ThreadPoolExecutor.reject(ThreadPoolExecutor.java:830)
	at java.util.concurrent.ThreadPoolExecutor.execute(ThreadPoolExecutor.java:1379)
	at java.util.concurrent.CompletableFuture.asyncSupplyStage(CompletableFuture.java:1618)
	at java.util.concurrent.CompletableFuture.supplyAsync(CompletableFuture.java:1843)
	at org.apache.ratis.server.impl.RaftServerImpl.executeSubmitServerRequestAsync(RaftServerImpl.java:788)
	at org.apache.ratis.server.impl.RaftServerProxy.lambda$appendEntriesAsync$26(RaftServerProxy.java:622)
	at java.util.concurrent.CompletableFuture.uniComposeStage(CompletableFuture.java:995)
	at java.util.concurrent.CompletableFuture.thenCompose(CompletableFuture.java:2137)
	at org.apache.ratis.server.impl.RaftServerProxy.appendEntriesAsync(RaftServerProxy.java:622)
	at org.apache.ratis.grpc.server.GrpcServerProtocolService$1.process(GrpcServerProtocolService.java:207)
	at org.apache.ratis.grpc.server.GrpcServerProtocolService$1.process(GrpcServerProtocolService.java:204)
	at org.apache.ratis.grpc.server.GrpcServerProtocolService$ServerRequestStreamObserver.onNext(GrpcServerProtocolService.java:126)
	at org.apache.ratis.thirdparty.io.grpc.stub.ServerCalls$StreamingServerCallHandler$StreamingServerCallListener.onMessage(ServerCalls.java:262)
	at org.apache.ratis.thirdparty.io.grpc.ForwardingServerCallListener.onMessage(ForwardingServerCallListener.java:33)
	at org.apache.ratis.thirdparty.io.grpc.internal.ServerCallImpl$ServerStreamListenerImpl.messagesAvailableInternal(ServerCallImpl.java:318)
	at org.apache.ratis.thirdparty.io.grpc.internal.ServerCallImpl$ServerStreamListenerImpl.messagesAvailable(ServerCallImpl.java:301)
	at org.apache.ratis.thirdparty.io.grpc.internal.ServerImpl$JumpToApplicationThreadServerStreamListener$1MessagesAvailable.runInContext(ServerImpl.java:834)
	at org.apache.ratis.thirdparty.io.grpc.internal.ContextRunnable.run(ContextRunnable.java:37)
	at org.apache.ratis.thirdparty.io.grpc.internal.SerializingExecutor.run(SerializingExecutor.java:133)
	at java.util.concurrent.ThreadPoolExecutor.runWorker(ThreadPoolExecutor.java:1149)
	at java.util.concurrent.ThreadPoolExecutor$Worker.run(ThreadPoolExecutor.java:624)
	at java.lang.Thread.run(Thread.java:750)

		at org.apache.ratis.util.IOUtils.readObject(IOUtils.java:237)
		at org.apache.ratis.util.IOUtils.bytes2Object(IOUtils.java:214)
		at org.apache.ratis.grpc.GrpcUtil.tryUnwrapException(GrpcUtil.java:109)
		at org.apache.ratis.grpc.GrpcUtil.unwrapThrowable(GrpcUtil.java:82)
		at org.apache.ratis.grpc.GrpcUtil.warn(GrpcUtil.java:178)
		at org.apache.ratis.grpc.server.GrpcLogAppender$AppendLogResponseHandler.onError(GrpcLogAppender.java:378)
		... 10 more
	Caused by: java.lang.ClassCastException: Cannot cast java.util.concurrent.RejectedExecutionException to java.io.IOException
		at java.lang.Class.cast(Class.java:3369)
		at org.apache.ratis.util.IOUtils.readObject(IOUtils.java:234)
		... 15 more
2022-07-24 15:57:05,640 [s1-server-thread1] DEBUG raftlog.RaftLog (SegmentedRaftLog.java:appendImpl(447)) - truncateIndex=-1, arrayIndex=0
2022-07-24 15:57:05,641 [grpc-default-executor-9] INFO  leader.FollowerInfo (FollowerInfoImpl.java:lambda$new$0(48)) - s0@group-1D117010C276->s2: nextIndex: updateUnconditionally 214 -> 199
2022-07-24 15:57:05,642 [s1@group-1D117010C276-StateMachineUpdater] INFO  statemachine.SimpleStateMachine4Testing (SimpleStateMachine4Testing.java:put(204)) - s1: put 213, m104 -> (t:2, i:213), STATEMACHINELOGENTRY, 490@client-6F86E1C52B91
2022-07-24 15:57:05,642 [grpc-default-executor-8] WARN  server.GrpcServerProtocolService (LogUtils.java:warn(124)) - s2: Failed APPEND_ENTRIES request s0->s2#43-t2,previous=(t:1, i:198),leaderCommit=214,initializing? true,entries: size=17, first=(t:2, i:199), CONFIGURATIONENTRY(current:id: "s0"
address: "localhost:41145"
dataStreamAddress: "localhost:35053"
clientAddress: "localhost:40971"
adminAddress: "localhost:44949"
startupRole: FOLLOWER
,id: "s1"
address: "localhost:37813"
dataStreamAddress: "localhost:42861"
clientAddress: "localhost:42193"
adminAddress: "localhost:42655"
startupRole: FOLLOWER
,id: "s2"
address: "localhost:37241"
dataStreamAddress: "localhost:33751"
clientAddress: "localhost:34449"
adminAddress: "localhost:39099"
startupRole: FOLLOWER
, old:)
java.util.concurrent.CompletionException: java.util.concurrent.RejectedExecutionException: Task java.util.concurrent.CompletableFuture$AsyncSupply@3b637a4e rejected from java.util.concurrent.ThreadPoolExecutor@5f803e53[Terminated, pool size = 0, active threads = 0, queued tasks = 0, completed tasks = 0]
	at java.util.concurrent.CompletableFuture.encodeThrowable(CompletableFuture.java:273)
	at java.util.concurrent.CompletableFuture.uniComposeStage(CompletableFuture.java:1005)
	at java.util.concurrent.CompletableFuture.thenCompose(CompletableFuture.java:2137)
	at org.apache.ratis.server.impl.RaftServerProxy.appendEntriesAsync(RaftServerProxy.java:622)
	at org.apache.ratis.grpc.server.GrpcServerProtocolService$1.process(GrpcServerProtocolService.java:207)
	at org.apache.ratis.grpc.server.GrpcServerProtocolService$1.process(GrpcServerProtocolService.java:204)
	at org.apache.ratis.grpc.server.GrpcServerProtocolService$ServerRequestStreamObserver.onNext(GrpcServerProtocolService.java:126)
	at org.apache.ratis.thirdparty.io.grpc.stub.ServerCalls$StreamingServerCallHandler$StreamingServerCallListener.onMessage(ServerCalls.java:262)
	at org.apache.ratis.thirdparty.io.grpc.ForwardingServerCallListener.onMessage(ForwardingServerCallListener.java:33)
	at org.apache.ratis.thirdparty.io.grpc.internal.ServerCallImpl$ServerStreamListenerImpl.messagesAvailableInternal(ServerCallImpl.java:318)
	at org.apache.ratis.thirdparty.io.grpc.internal.ServerCallImpl$ServerStreamListenerImpl.messagesAvailable(ServerCallImpl.java:301)
	at org.apache.ratis.thirdparty.io.grpc.internal.ServerImpl$JumpToApplicationThreadServerStreamListener$1MessagesAvailable.runInContext(ServerImpl.java:834)
	at org.apache.ratis.thirdparty.io.grpc.internal.ContextRunnable.run(ContextRunnable.java:37)
	at org.apache.ratis.thirdparty.io.grpc.internal.SerializingExecutor.run(SerializingExecutor.java:133)
	at java.util.concurrent.ThreadPoolExecutor.runWorker(ThreadPoolExecutor.java:1149)
	at java.util.concurrent.ThreadPoolExecutor$Worker.run(ThreadPoolExecutor.java:624)
	at java.lang.Thread.run(Thread.java:750)
Caused by: java.util.concurrent.RejectedExecutionException: Task java.util.concurrent.CompletableFuture$AsyncSupply@3b637a4e rejected from java.util.concurrent.ThreadPoolExecutor@5f803e53[Terminated, pool size = 0, active threads = 0, queued tasks = 0, completed tasks = 0]
	at java.util.concurrent.ThreadPoolExecutor$AbortPolicy.rejectedExecution(ThreadPoolExecutor.java:2063)
	at java.util.concurrent.ThreadPoolExecutor.reject(ThreadPoolExecutor.java:830)
	at java.util.concurrent.ThreadPoolExecutor.execute(ThreadPoolExecutor.java:1379)
	at java.util.concurrent.CompletableFuture.asyncSupplyStage(CompletableFuture.java:1618)
	at java.util.concurrent.CompletableFuture.supplyAsync(CompletableFuture.java:1843)
	at org.apache.ratis.server.impl.RaftServerImpl.executeSubmitServerRequestAsync(RaftServerImpl.java:788)
	at org.apache.ratis.server.impl.RaftServerProxy.lambda$appendEntriesAsync$26(RaftServerProxy.java:622)
	at java.util.concurrent.CompletableFuture.uniComposeStage(CompletableFuture.java:995)
	... 15 more
2022-07-24 15:57:05,645 [grpc-default-executor-9] WARN  server.GrpcLogAppender (LogUtils.java:warn(124)) - s0@group-1D117010C276->s2-AppendLogResponseHandler: Failed appendEntries
java.io.IOException: java.util.concurrent.RejectedExecutionException: Task java.util.concurrent.CompletableFuture$AsyncSupply@3b637a4e rejected from java.util.concurrent.ThreadPoolExecutor@5f803e53[Terminated, pool size = 0, active threads = 0, queued tasks = 0, completed tasks = 0]
	at org.apache.ratis.util.IOUtils.asIOException(IOUtils.java:56)
	at org.apache.ratis.grpc.GrpcUtil.tryUnwrapException(GrpcUtil.java:121)
	at org.apache.ratis.grpc.GrpcUtil.unwrapThrowable(GrpcUtil.java:82)
	at org.apache.ratis.grpc.GrpcUtil.warn(GrpcUtil.java:178)
	at org.apache.ratis.grpc.server.GrpcLogAppender$AppendLogResponseHandler.onError(GrpcLogAppender.java:378)
	at org.apache.ratis.thirdparty.io.grpc.stub.ClientCalls$StreamObserverToCallListenerAdapter.onClose(ClientCalls.java:479)
	at org.apache.ratis.thirdparty.io.grpc.internal.ClientCallImpl.closeObserver(ClientCallImpl.java:562)
	at org.apache.ratis.thirdparty.io.grpc.internal.ClientCallImpl.access$300(ClientCallImpl.java:70)
	at org.apache.ratis.thirdparty.io.grpc.internal.ClientCallImpl$ClientStreamListenerImpl$1StreamClosed.runInternal(ClientCallImpl.java:743)
	at org.apache.ratis.thirdparty.io.grpc.internal.ClientCallImpl$ClientStreamListenerImpl$1StreamClosed.runInContext(ClientCallImpl.java:722)
	at org.apache.ratis.thirdparty.io.grpc.internal.ContextRunnable.run(ContextRunnable.java:37)
	at org.apache.ratis.thirdparty.io.grpc.internal.SerializingExecutor.run(SerializingExecutor.java:133)
	at java.util.concurrent.ThreadPoolExecutor.runWorker(ThreadPoolExecutor.java:1149)
	at java.util.concurrent.ThreadPoolExecutor$Worker.run(ThreadPoolExecutor.java:624)
	at java.lang.Thread.run(Thread.java:750)
Caused by: java.util.concurrent.RejectedExecutionException: Task java.util.concurrent.CompletableFuture$AsyncSupply@3b637a4e rejected from java.util.concurrent.ThreadPoolExecutor@5f803e53[Terminated, pool size = 0, active threads = 0, queued tasks = 0, completed tasks = 0]
	at sun.reflect.GeneratedConstructorAccessor9.newInstance(Unknown Source)
	at sun.reflect.DelegatingConstructorAccessorImpl.newInstance(DelegatingConstructorAccessorImpl.java:45)
	at java.lang.reflect.Constructor.newInstance(Constructor.java:423)
	at org.apache.ratis.util.ReflectionUtils.instantiateException(ReflectionUtils.java:259)
	at org.apache.ratis.grpc.GrpcUtil.tryUnwrapException(GrpcUtil.java:120)
	... 13 more
Caused by: org.apache.ratis.thirdparty.io.grpc.StatusRuntimeException: INTERNAL: Task java.util.concurrent.CompletableFuture$AsyncSupply@3b637a4e rejected from java.util.concurrent.ThreadPoolExecutor@5f803e53[Terminated, pool size = 0, active threads = 0, queued tasks = 0, completed tasks = 0]
	at org.apache.ratis.thirdparty.io.grpc.Status.asRuntimeException(Status.java:535)
	... 10 more
	Suppressed: java.lang.IllegalStateException: Failed to cast to class java.io.IOException, object=java.util.concurrent.RejectedExecutionException: Task java.util.concurrent.CompletableFuture$AsyncSupply@3b637a4e rejected from java.util.concurrent.ThreadPoolExecutor@5f803e53[Terminated, pool size = 0, active threads = 0, queued tasks = 0, completed tasks = 0]
	at java.util.concurrent.ThreadPoolExecutor$AbortPolicy.rejectedExecution(ThreadPoolExecutor.java:2063)
	at java.util.concurrent.ThreadPoolExecutor.reject(ThreadPoolExecutor.java:830)
	at java.util.concurrent.ThreadPoolExecutor.execute(ThreadPoolExecutor.java:1379)
	at java.util.concurrent.CompletableFuture.asyncSupplyStage(CompletableFuture.java:1618)
	at java.util.concurrent.CompletableFuture.supplyAsync(CompletableFuture.java:1843)
	at org.apache.ratis.server.impl.RaftServerImpl.executeSubmitServerRequestAsync(RaftServerImpl.java:788)
	at org.apache.ratis.server.impl.RaftServerProxy.lambda$appendEntriesAsync$26(RaftServerProxy.java:622)
	at java.util.concurrent.CompletableFuture.uniComposeStage(CompletableFuture.java:995)
	at java.util.concurrent.CompletableFuture.thenCompose(CompletableFuture.java:2137)
	at org.apache.ratis.server.impl.RaftServerProxy.appendEntriesAsync(RaftServerProxy.java:622)
	at org.apache.ratis.grpc.server.GrpcServerProtocolService$1.process(GrpcServerProtocolService.java:207)
	at org.apache.ratis.grpc.server.GrpcServerProtocolService$1.process(GrpcServerProtocolService.java:204)
	at org.apache.ratis.grpc.server.GrpcServerProtocolService$ServerRequestStreamObserver.onNext(GrpcServerProtocolService.java:126)
	at org.apache.ratis.thirdparty.io.grpc.stub.ServerCalls$StreamingServerCallHandler$StreamingServerCallListener.onMessage(ServerCalls.java:262)
	at org.apache.ratis.thirdparty.io.grpc.ForwardingServerCallListener.onMessage(ForwardingServerCallListener.java:33)
	at org.apache.ratis.thirdparty.io.grpc.internal.ServerCallImpl$ServerStreamListenerImpl.messagesAvailableInternal(ServerCallImpl.java:318)
	at org.apache.ratis.thirdparty.io.grpc.internal.ServerCallImpl$ServerStreamListenerImpl.messagesAvailable(ServerCallImpl.java:301)
	at org.apache.ratis.thirdparty.io.grpc.internal.ServerImpl$JumpToApplicationThreadServerStreamListener$1MessagesAvailable.runInContext(ServerImpl.java:834)
	at org.apache.ratis.thirdparty.io.grpc.internal.ContextRunnable.run(ContextRunnable.java:37)
	at org.apache.ratis.thirdparty.io.grpc.internal.SerializingExecutor.run(SerializingExecutor.java:133)
	at java.util.concurrent.ThreadPoolExecutor.runWorker(ThreadPoolExecutor.java:1149)
	at java.util.concurrent.ThreadPoolExecutor$Worker.run(ThreadPoolExecutor.java:624)
	at java.lang.Thread.run(Thread.java:750)

		at org.apache.ratis.util.IOUtils.readObject(IOUtils.java:237)
		at org.apache.ratis.util.IOUtils.bytes2Object(IOUtils.java:214)
		at org.apache.ratis.grpc.GrpcUtil.tryUnwrapException(GrpcUtil.java:109)
		at org.apache.ratis.grpc.GrpcUtil.unwrapThrowable(GrpcUtil.java:82)
		at org.apache.ratis.grpc.GrpcUtil.warn(GrpcUtil.java:178)
		at org.apache.ratis.grpc.server.GrpcLogAppender$AppendLogResponseHandler.onError(GrpcLogAppender.java:378)
		... 10 more
	Caused by: java.lang.ClassCastException: Cannot cast java.util.concurrent.RejectedExecutionException to java.io.IOException
		at java.lang.Class.cast(Class.java:3369)
		at org.apache.ratis.util.IOUtils.readObject(IOUtils.java:234)
		... 15 more
2022-07-24 15:57:05,648 [grpc-default-executor-9] INFO  leader.FollowerInfo (FollowerInfoImpl.java:lambda$new$0(48)) - s0@group-1D117010C276->s2: nextIndex: updateUnconditionally 216 -> 199
2022-07-24 15:57:05,648 [s0@group-1D117010C276-StateMachineUpdater] INFO  statemachine.SimpleStateMachine4Testing (SimpleStateMachine4Testing.java:put(204)) - s0: put 215, m105 -> (t:2, i:215), STATEMACHINELOGENTRY, 491@client-6F86E1C52B91
2022-07-24 15:57:05,649 [s1-server-thread1] DEBUG raftlog.RaftLog (SegmentedRaftLog.java:appendImpl(447)) - truncateIndex=-1, arrayIndex=0
2022-07-24 15:57:05,652 [grpc-default-executor-8] WARN  server.GrpcServerProtocolService (LogUtils.java:warn(124)) - s2: Failed APPEND_ENTRIES request s0->s2#44-t2,previous=(t:1, i:198),leaderCommit=215,initializing? true,entries: size=18, first=(t:2, i:199), CONFIGURATIONENTRY(current:id: "s0"
address: "localhost:41145"
dataStreamAddress: "localhost:35053"
clientAddress: "localhost:40971"
adminAddress: "localhost:44949"
startupRole: FOLLOWER
,id: "s1"
address: "localhost:37813"
dataStreamAddress: "localhost:42861"
clientAddress: "localhost:42193"
adminAddress: "localhost:42655"
startupRole: FOLLOWER
,id: "s2"
address: "localhost:37241"
dataStreamAddress: "localhost:33751"
clientAddress: "localhost:34449"
adminAddress: "localhost:39099"
startupRole: FOLLOWER
, old:)
java.util.concurrent.CompletionException: java.util.concurrent.RejectedExecutionException: Task java.util.concurrent.CompletableFuture$AsyncSupply@4de356c4 rejected from java.util.concurrent.ThreadPoolExecutor@5f803e53[Terminated, pool size = 0, active threads = 0, queued tasks = 0, completed tasks = 0]
	at java.util.concurrent.CompletableFuture.encodeThrowable(CompletableFuture.java:273)
	at java.util.concurrent.CompletableFuture.uniComposeStage(CompletableFuture.java:1005)
	at java.util.concurrent.CompletableFuture.thenCompose(CompletableFuture.java:2137)
	at org.apache.ratis.server.impl.RaftServerProxy.appendEntriesAsync(RaftServerProxy.java:622)
	at org.apache.ratis.grpc.server.GrpcServerProtocolService$1.process(GrpcServerProtocolService.java:207)
	at org.apache.ratis.grpc.server.GrpcServerProtocolService$1.process(GrpcServerProtocolService.java:204)
	at org.apache.ratis.grpc.server.GrpcServerProtocolService$ServerRequestStreamObserver.onNext(GrpcServerProtocolService.java:126)
	at org.apache.ratis.thirdparty.io.grpc.stub.ServerCalls$StreamingServerCallHandler$StreamingServerCallListener.onMessage(ServerCalls.java:262)
	at org.apache.ratis.thirdparty.io.grpc.ForwardingServerCallListener.onMessage(ForwardingServerCallListener.java:33)
	at org.apache.ratis.thirdparty.io.grpc.internal.ServerCallImpl$ServerStreamListenerImpl.messagesAvailableInternal(ServerCallImpl.java:318)
	at org.apache.ratis.thirdparty.io.grpc.internal.ServerCallImpl$ServerStreamListenerImpl.messagesAvailable(ServerCallImpl.java:301)
	at org.apache.ratis.thirdparty.io.grpc.internal.ServerImpl$JumpToApplicationThreadServerStreamListener$1MessagesAvailable.runInContext(ServerImpl.java:834)
	at org.apache.ratis.thirdparty.io.grpc.internal.ContextRunnable.run(ContextRunnable.java:37)
	at org.apache.ratis.thirdparty.io.grpc.internal.SerializingExecutor.run(SerializingExecutor.java:133)
	at java.util.concurrent.ThreadPoolExecutor.runWorker(ThreadPoolExecutor.java:1149)
	at java.util.concurrent.ThreadPoolExecutor$Worker.run(ThreadPoolExecutor.java:624)
	at java.lang.Thread.run(Thread.java:750)
Caused by: java.util.concurrent.RejectedExecutionException: Task java.util.concurrent.CompletableFuture$AsyncSupply@4de356c4 rejected from java.util.concurrent.ThreadPoolExecutor@5f803e53[Terminated, pool size = 0, active threads = 0, queued tasks = 0, completed tasks = 0]
	at java.util.concurrent.ThreadPoolExecutor$AbortPolicy.rejectedExecution(ThreadPoolExecutor.java:2063)
	at java.util.concurrent.ThreadPoolExecutor.reject(ThreadPoolExecutor.java:830)
	at java.util.concurrent.ThreadPoolExecutor.execute(ThreadPoolExecutor.java:1379)
	at java.util.concurrent.CompletableFuture.asyncSupplyStage(CompletableFuture.java:1618)
	at java.util.concurrent.CompletableFuture.supplyAsync(CompletableFuture.java:1843)
	at org.apache.ratis.server.impl.RaftServerImpl.executeSubmitServerRequestAsync(RaftServerImpl.java:788)
	at org.apache.ratis.server.impl.RaftServerProxy.lambda$appendEntriesAsync$26(RaftServerProxy.java:622)
	at java.util.concurrent.CompletableFuture.uniComposeStage(CompletableFuture.java:995)
	... 15 more
2022-07-24 15:57:05,653 [s1-server-thread1] DEBUG raftlog.RaftLog (SegmentedRaftLog.java:appendImpl(447)) - truncateIndex=-1, arrayIndex=0
2022-07-24 15:57:05,653 [s1@group-1D117010C276-StateMachineUpdater] INFO  statemachine.SimpleStateMachine4Testing (SimpleStateMachine4Testing.java:put(204)) - s1: put 215, m105 -> (t:2, i:215), STATEMACHINELOGENTRY, 491@client-6F86E1C52B91
2022-07-24 15:57:05,655 [grpc-default-executor-2] WARN  server.GrpcLogAppender (LogUtils.java:warn(124)) - s0@group-1D117010C276->s2-AppendLogResponseHandler: Failed appendEntries
java.io.IOException: java.util.concurrent.RejectedExecutionException: Task java.util.concurrent.CompletableFuture$AsyncSupply@4de356c4 rejected from java.util.concurrent.ThreadPoolExecutor@5f803e53[Terminated, pool size = 0, active threads = 0, queued tasks = 0, completed tasks = 0]
	at org.apache.ratis.util.IOUtils.asIOException(IOUtils.java:56)
	at org.apache.ratis.grpc.GrpcUtil.tryUnwrapException(GrpcUtil.java:121)
	at org.apache.ratis.grpc.GrpcUtil.unwrapThrowable(GrpcUtil.java:82)
	at org.apache.ratis.grpc.GrpcUtil.warn(GrpcUtil.java:178)
	at org.apache.ratis.grpc.server.GrpcLogAppender$AppendLogResponseHandler.onError(GrpcLogAppender.java:378)
	at org.apache.ratis.thirdparty.io.grpc.stub.ClientCalls$StreamObserverToCallListenerAdapter.onClose(ClientCalls.java:479)
	at org.apache.ratis.thirdparty.io.grpc.internal.ClientCallImpl.closeObserver(ClientCallImpl.java:562)
	at org.apache.ratis.thirdparty.io.grpc.internal.ClientCallImpl.access$300(ClientCallImpl.java:70)
	at org.apache.ratis.thirdparty.io.grpc.internal.ClientCallImpl$ClientStreamListenerImpl$1StreamClosed.runInternal(ClientCallImpl.java:743)
	at org.apache.ratis.thirdparty.io.grpc.internal.ClientCallImpl$ClientStreamListenerImpl$1StreamClosed.runInContext(ClientCallImpl.java:722)
	at org.apache.ratis.thirdparty.io.grpc.internal.ContextRunnable.run(ContextRunnable.java:37)
	at org.apache.ratis.thirdparty.io.grpc.internal.SerializingExecutor.run(SerializingExecutor.java:133)
	at java.util.concurrent.ThreadPoolExecutor.runWorker(ThreadPoolExecutor.java:1149)
	at java.util.concurrent.ThreadPoolExecutor$Worker.run(ThreadPoolExecutor.java:624)
	at java.lang.Thread.run(Thread.java:750)
Caused by: java.util.concurrent.RejectedExecutionException: Task java.util.concurrent.CompletableFuture$AsyncSupply@4de356c4 rejected from java.util.concurrent.ThreadPoolExecutor@5f803e53[Terminated, pool size = 0, active threads = 0, queued tasks = 0, completed tasks = 0]
	at sun.reflect.GeneratedConstructorAccessor9.newInstance(Unknown Source)
	at sun.reflect.DelegatingConstructorAccessorImpl.newInstance(DelegatingConstructorAccessorImpl.java:45)
	at java.lang.reflect.Constructor.newInstance(Constructor.java:423)
	at org.apache.ratis.util.ReflectionUtils.instantiateException(ReflectionUtils.java:259)
	at org.apache.ratis.grpc.GrpcUtil.tryUnwrapException(GrpcUtil.java:120)
	... 13 more
Caused by: org.apache.ratis.thirdparty.io.grpc.StatusRuntimeException: INTERNAL: Task java.util.concurrent.CompletableFuture$AsyncSupply@4de356c4 rejected from java.util.concurrent.ThreadPoolExecutor@5f803e53[Terminated, pool size = 0, active threads = 0, queued tasks = 0, completed tasks = 0]
	at org.apache.ratis.thirdparty.io.grpc.Status.asRuntimeException(Status.java:535)
	... 10 more
	Suppressed: java.lang.IllegalStateException: Failed to cast to class java.io.IOException, object=java.util.concurrent.RejectedExecutionException: Task java.util.concurrent.CompletableFuture$AsyncSupply@4de356c4 rejected from java.util.concurrent.ThreadPoolExecutor@5f803e53[Terminated, pool size = 0, active threads = 0, queued tasks = 0, completed tasks = 0]
	at java.util.concurrent.ThreadPoolExecutor$AbortPolicy.rejectedExecution(ThreadPoolExecutor.java:2063)
	at java.util.concurrent.ThreadPoolExecutor.reject(ThreadPoolExecutor.java:830)
	at java.util.concurrent.ThreadPoolExecutor.execute(ThreadPoolExecutor.java:1379)
	at java.util.concurrent.CompletableFuture.asyncSupplyStage(CompletableFuture.java:1618)
	at java.util.concurrent.CompletableFuture.supplyAsync(CompletableFuture.java:1843)
	at org.apache.ratis.server.impl.RaftServerImpl.executeSubmitServerRequestAsync(RaftServerImpl.java:788)
	at org.apache.ratis.server.impl.RaftServerProxy.lambda$appendEntriesAsync$26(RaftServerProxy.java:622)
	at java.util.concurrent.CompletableFuture.uniComposeStage(CompletableFuture.java:995)
	at java.util.concurrent.CompletableFuture.thenCompose(CompletableFuture.java:2137)
	at org.apache.ratis.server.impl.RaftServerProxy.appendEntriesAsync(RaftServerProxy.java:622)
	at org.apache.ratis.grpc.server.GrpcServerProtocolService$1.process(GrpcServerProtocolService.java:207)
	at org.apache.ratis.grpc.server.GrpcServerProtocolService$1.process(GrpcServerProtocolService.java:204)
	at org.apache.ratis.grpc.server.GrpcServerProtocolService$ServerRequestStreamObserver.onNext(GrpcServerProtocolService.java:126)
	at org.apache.ratis.thirdparty.io.grpc.stub.ServerCalls$StreamingServerCallHandler$StreamingServerCallListener.onMessage(ServerCalls.java:262)
	at org.apache.ratis.thirdparty.io.grpc.ForwardingServerCallListener.onMessage(ForwardingServerCallListener.java:33)
	at org.apache.ratis.thirdparty.io.grpc.internal.ServerCallImpl$ServerStreamListenerImpl.messagesAvailableInternal(ServerCallImpl.java:318)
	at org.apache.ratis.thirdparty.io.grpc.internal.ServerCallImpl$ServerStreamListenerImpl.messagesAvailable(ServerCallImpl.java:301)
	at org.apache.ratis.thirdparty.io.grpc.internal.ServerImpl$JumpToApplicationThreadServerStreamListener$1MessagesAvailable.runInContext(ServerImpl.java:834)
	at org.apache.ratis.thirdparty.io.grpc.internal.ContextRunnable.run(ContextRunnable.java:37)
	at org.apache.ratis.thirdparty.io.grpc.internal.SerializingExecutor.run(SerializingExecutor.java:133)
	at java.util.concurrent.ThreadPoolExecutor.runWorker(ThreadPoolExecutor.java:1149)
	at java.util.concurrent.ThreadPoolExecutor$Worker.run(ThreadPoolExecutor.java:624)
	at java.lang.Thread.run(Thread.java:750)

		at org.apache.ratis.util.IOUtils.readObject(IOUtils.java:237)
		at org.apache.ratis.util.IOUtils.bytes2Object(IOUtils.java:214)
		at org.apache.ratis.grpc.GrpcUtil.tryUnwrapException(GrpcUtil.java:109)
		at org.apache.ratis.grpc.GrpcUtil.unwrapThrowable(GrpcUtil.java:82)
		at org.apache.ratis.grpc.GrpcUtil.warn(GrpcUtil.java:178)
		at org.apache.ratis.grpc.server.GrpcLogAppender$AppendLogResponseHandler.onError(GrpcLogAppender.java:378)
		... 10 more
	Caused by: java.lang.ClassCastException: Cannot cast java.util.concurrent.RejectedExecutionException to java.io.IOException
		at java.lang.Class.cast(Class.java:3369)
		at org.apache.ratis.util.IOUtils.readObject(IOUtils.java:234)
		... 15 more
2022-07-24 15:57:05,655 [grpc-default-executor-2] INFO  leader.FollowerInfo (FollowerInfoImpl.java:lambda$new$0(48)) - s0@group-1D117010C276->s2: nextIndex: updateUnconditionally 217 -> 199
2022-07-24 15:57:05,661 [grpc-default-executor-9] WARN  server.GrpcServerProtocolService (LogUtils.java:warn(124)) - s2: Failed APPEND_ENTRIES request s0->s2#46-t2,previous=(t:1, i:198),leaderCommit=216,initializing? true,entries: size=19, first=(t:2, i:199), CONFIGURATIONENTRY(current:id: "s0"
address: "localhost:41145"
dataStreamAddress: "localhost:35053"
clientAddress: "localhost:40971"
adminAddress: "localhost:44949"
startupRole: FOLLOWER
,id: "s1"
address: "localhost:37813"
dataStreamAddress: "localhost:42861"
clientAddress: "localhost:42193"
adminAddress: "localhost:42655"
startupRole: FOLLOWER
,id: "s2"
address: "localhost:37241"
dataStreamAddress: "localhost:33751"
clientAddress: "localhost:34449"
adminAddress: "localhost:39099"
startupRole: FOLLOWER
, old:)
java.util.concurrent.CompletionException: java.util.concurrent.RejectedExecutionException: Task java.util.concurrent.CompletableFuture$AsyncSupply@17367da3 rejected from java.util.concurrent.ThreadPoolExecutor@5f803e53[Terminated, pool size = 0, active threads = 0, queued tasks = 0, completed tasks = 0]
	at java.util.concurrent.CompletableFuture.encodeThrowable(CompletableFuture.java:273)
	at java.util.concurrent.CompletableFuture.uniComposeStage(CompletableFuture.java:1005)
	at java.util.concurrent.CompletableFuture.thenCompose(CompletableFuture.java:2137)
	at org.apache.ratis.server.impl.RaftServerProxy.appendEntriesAsync(RaftServerProxy.java:622)
	at org.apache.ratis.grpc.server.GrpcServerProtocolService$1.process(GrpcServerProtocolService.java:207)
	at org.apache.ratis.grpc.server.GrpcServerProtocolService$1.process(GrpcServerProtocolService.java:204)
	at org.apache.ratis.grpc.server.GrpcServerProtocolService$ServerRequestStreamObserver.onNext(GrpcServerProtocolService.java:126)
	at org.apache.ratis.thirdparty.io.grpc.stub.ServerCalls$StreamingServerCallHandler$StreamingServerCallListener.onMessage(ServerCalls.java:262)
	at org.apache.ratis.thirdparty.io.grpc.ForwardingServerCallListener.onMessage(ForwardingServerCallListener.java:33)
	at org.apache.ratis.thirdparty.io.grpc.internal.ServerCallImpl$ServerStreamListenerImpl.messagesAvailableInternal(ServerCallImpl.java:318)
	at org.apache.ratis.thirdparty.io.grpc.internal.ServerCallImpl$ServerStreamListenerImpl.messagesAvailable(ServerCallImpl.java:301)
	at org.apache.ratis.thirdparty.io.grpc.internal.ServerImpl$JumpToApplicationThreadServerStreamListener$1MessagesAvailable.runInContext(ServerImpl.java:834)
	at org.apache.ratis.thirdparty.io.grpc.internal.ContextRunnable.run(ContextRunnable.java:37)
	at org.apache.ratis.thirdparty.io.grpc.internal.SerializingExecutor.run(SerializingExecutor.java:133)
	at java.util.concurrent.ThreadPoolExecutor.runWorker(ThreadPoolExecutor.java:1149)
	at java.util.concurrent.ThreadPoolExecutor$Worker.run(ThreadPoolExecutor.java:624)
	at java.lang.Thread.run(Thread.java:750)
Caused by: java.util.concurrent.RejectedExecutionException: Task java.util.concurrent.CompletableFuture$AsyncSupply@17367da3 rejected from java.util.concurrent.ThreadPoolExecutor@5f803e53[Terminated, pool size = 0, active threads = 0, queued tasks = 0, completed tasks = 0]
	at java.util.concurrent.ThreadPoolExecutor$AbortPolicy.rejectedExecution(ThreadPoolExecutor.java:2063)
	at java.util.concurrent.ThreadPoolExecutor.reject(ThreadPoolExecutor.java:830)
	at java.util.concurrent.ThreadPoolExecutor.execute(ThreadPoolExecutor.java:1379)
	at java.util.concurrent.CompletableFuture.asyncSupplyStage(CompletableFuture.java:1618)
	at java.util.concurrent.CompletableFuture.supplyAsync(CompletableFuture.java:1843)
	at org.apache.ratis.server.impl.RaftServerImpl.executeSubmitServerRequestAsync(RaftServerImpl.java:788)
	at org.apache.ratis.server.impl.RaftServerProxy.lambda$appendEntriesAsync$26(RaftServerProxy.java:622)
	at java.util.concurrent.CompletableFuture.uniComposeStage(CompletableFuture.java:995)
	... 15 more
2022-07-24 15:57:05,663 [grpc-default-executor-8] WARN  server.GrpcLogAppender (LogUtils.java:warn(124)) - s0@group-1D117010C276->s2-AppendLogResponseHandler: Failed appendEntries
java.io.IOException: java.util.concurrent.RejectedExecutionException: Task java.util.concurrent.CompletableFuture$AsyncSupply@17367da3 rejected from java.util.concurrent.ThreadPoolExecutor@5f803e53[Terminated, pool size = 0, active threads = 0, queued tasks = 0, completed tasks = 0]
	at org.apache.ratis.util.IOUtils.asIOException(IOUtils.java:56)
	at org.apache.ratis.grpc.GrpcUtil.tryUnwrapException(GrpcUtil.java:121)
	at org.apache.ratis.grpc.GrpcUtil.unwrapThrowable(GrpcUtil.java:82)
	at org.apache.ratis.grpc.GrpcUtil.warn(GrpcUtil.java:178)
	at org.apache.ratis.grpc.server.GrpcLogAppender$AppendLogResponseHandler.onError(GrpcLogAppender.java:378)
	at org.apache.ratis.thirdparty.io.grpc.stub.ClientCalls$StreamObserverToCallListenerAdapter.onClose(ClientCalls.java:479)
	at org.apache.ratis.thirdparty.io.grpc.internal.ClientCallImpl.closeObserver(ClientCallImpl.java:562)
	at org.apache.ratis.thirdparty.io.grpc.internal.ClientCallImpl.access$300(ClientCallImpl.java:70)
	at org.apache.ratis.thirdparty.io.grpc.internal.ClientCallImpl$ClientStreamListenerImpl$1StreamClosed.runInternal(ClientCallImpl.java:743)
	at org.apache.ratis.thirdparty.io.grpc.internal.ClientCallImpl$ClientStreamListenerImpl$1StreamClosed.runInContext(ClientCallImpl.java:722)
	at org.apache.ratis.thirdparty.io.grpc.internal.ContextRunnable.run(ContextRunnable.java:37)
	at org.apache.ratis.thirdparty.io.grpc.internal.SerializingExecutor.run(SerializingExecutor.java:133)
	at java.util.concurrent.ThreadPoolExecutor.runWorker(ThreadPoolExecutor.java:1149)
	at java.util.concurrent.ThreadPoolExecutor$Worker.run(ThreadPoolExecutor.java:624)
	at java.lang.Thread.run(Thread.java:750)
Caused by: java.util.concurrent.RejectedExecutionException: Task java.util.concurrent.CompletableFuture$AsyncSupply@17367da3 rejected from java.util.concurrent.ThreadPoolExecutor@5f803e53[Terminated, pool size = 0, active threads = 0, queued tasks = 0, completed tasks = 0]
	at sun.reflect.GeneratedConstructorAccessor9.newInstance(Unknown Source)
	at sun.reflect.DelegatingConstructorAccessorImpl.newInstance(DelegatingConstructorAccessorImpl.java:45)
	at java.lang.reflect.Constructor.newInstance(Constructor.java:423)
	at org.apache.ratis.util.ReflectionUtils.instantiateException(ReflectionUtils.java:259)
	at org.apache.ratis.grpc.GrpcUtil.tryUnwrapException(GrpcUtil.java:120)
	... 13 more
Caused by: org.apache.ratis.thirdparty.io.grpc.StatusRuntimeException: INTERNAL: Task java.util.concurrent.CompletableFuture$AsyncSupply@17367da3 rejected from java.util.concurrent.ThreadPoolExecutor@5f803e53[Terminated, pool size = 0, active threads = 0, queued tasks = 0, completed tasks = 0]
	at org.apache.ratis.thirdparty.io.grpc.Status.asRuntimeException(Status.java:535)
	... 10 more
	Suppressed: java.lang.IllegalStateException: Failed to cast to class java.io.IOException, object=java.util.concurrent.RejectedExecutionException: Task java.util.concurrent.CompletableFuture$AsyncSupply@17367da3 rejected from java.util.concurrent.ThreadPoolExecutor@5f803e53[Terminated, pool size = 0, active threads = 0, queued tasks = 0, completed tasks = 0]
	at java.util.concurrent.ThreadPoolExecutor$AbortPolicy.rejectedExecution(ThreadPoolExecutor.java:2063)
	at java.util.concurrent.ThreadPoolExecutor.reject(ThreadPoolExecutor.java:830)
	at java.util.concurrent.ThreadPoolExecutor.execute(ThreadPoolExecutor.java:1379)
	at java.util.concurrent.CompletableFuture.asyncSupplyStage(CompletableFuture.java:1618)
	at java.util.concurrent.CompletableFuture.supplyAsync(CompletableFuture.java:1843)
	at org.apache.ratis.server.impl.RaftServerImpl.executeSubmitServerRequestAsync(RaftServerImpl.java:788)
	at org.apache.ratis.server.impl.RaftServerProxy.lambda$appendEntriesAsync$26(RaftServerProxy.java:622)
	at java.util.concurrent.CompletableFuture.uniComposeStage(CompletableFuture.java:995)
	at java.util.concurrent.CompletableFuture.thenCompose(CompletableFuture.java:2137)
	at org.apache.ratis.server.impl.RaftServerProxy.appendEntriesAsync(RaftServerProxy.java:622)
	at org.apache.ratis.grpc.server.GrpcServerProtocolService$1.process(GrpcServerProtocolService.java:207)
	at org.apache.ratis.grpc.server.GrpcServerProtocolService$1.process(GrpcServerProtocolService.java:204)
	at org.apache.ratis.grpc.server.GrpcServerProtocolService$ServerRequestStreamObserver.onNext(GrpcServerProtocolService.java:126)
	at org.apache.ratis.thirdparty.io.grpc.stub.ServerCalls$StreamingServerCallHandler$StreamingServerCallListener.onMessage(ServerCalls.java:262)
	at org.apache.ratis.thirdparty.io.grpc.ForwardingServerCallListener.onMessage(ForwardingServerCallListener.java:33)
	at org.apache.ratis.thirdparty.io.grpc.internal.ServerCallImpl$ServerStreamListenerImpl.messagesAvailableInternal(ServerCallImpl.java:318)
	at org.apache.ratis.thirdparty.io.grpc.internal.ServerCallImpl$ServerStreamListenerImpl.messagesAvailable(ServerCallImpl.java:301)
	at org.apache.ratis.thirdparty.io.grpc.internal.ServerImpl$JumpToApplicationThreadServerStreamListener$1MessagesAvailable.runInContext(ServerImpl.java:834)
	at org.apache.ratis.thirdparty.io.grpc.internal.ContextRunnable.run(ContextRunnable.java:37)
	at org.apache.ratis.thirdparty.io.grpc.internal.SerializingExecutor.run(SerializingExecutor.java:133)
	at java.util.concurrent.ThreadPoolExecutor.runWorker(ThreadPoolExecutor.java:1149)
	at java.util.concurrent.ThreadPoolExecutor$Worker.run(ThreadPoolExecutor.java:624)
	at java.lang.Thread.run(Thread.java:750)

		at org.apache.ratis.util.IOUtils.readObject(IOUtils.java:237)
		at org.apache.ratis.util.IOUtils.bytes2Object(IOUtils.java:214)
		at org.apache.ratis.grpc.GrpcUtil.tryUnwrapException(GrpcUtil.java:109)
		at org.apache.ratis.grpc.GrpcUtil.unwrapThrowable(GrpcUtil.java:82)
		at org.apache.ratis.grpc.GrpcUtil.warn(GrpcUtil.java:178)
		at org.apache.ratis.grpc.server.GrpcLogAppender$AppendLogResponseHandler.onError(GrpcLogAppender.java:378)
		... 10 more
	Caused by: java.lang.ClassCastException: Cannot cast java.util.concurrent.RejectedExecutionException to java.io.IOException
		at java.lang.Class.cast(Class.java:3369)
		at org.apache.ratis.util.IOUtils.readObject(IOUtils.java:234)
		... 15 more
2022-07-24 15:57:05,663 [grpc-default-executor-8] INFO  leader.FollowerInfo (FollowerInfoImpl.java:lambda$new$0(48)) - s0@group-1D117010C276->s2: nextIndex: updateUnconditionally 218 -> 199
2022-07-24 15:57:05,664 [s0@group-1D117010C276-StateMachineUpdater] INFO  statemachine.SimpleStateMachine4Testing (SimpleStateMachine4Testing.java:put(204)) - s0: put 217, m106 -> (t:2, i:217), STATEMACHINELOGENTRY, 492@client-6F86E1C52B91
2022-07-24 15:57:05,666 [s1-server-thread1] DEBUG raftlog.RaftLog (SegmentedRaftLog.java:appendImpl(447)) - truncateIndex=-1, arrayIndex=0
2022-07-24 15:57:05,666 [grpc-default-executor-9] WARN  server.GrpcServerProtocolService (LogUtils.java:warn(124)) - s2: Failed APPEND_ENTRIES request s0->s2#47-t2,previous=(t:1, i:198),leaderCommit=217,initializing? true,entries: size=20, first=(t:2, i:199), CONFIGURATIONENTRY(current:id: "s0"
address: "localhost:41145"
dataStreamAddress: "localhost:35053"
clientAddress: "localhost:40971"
adminAddress: "localhost:44949"
startupRole: FOLLOWER
,id: "s1"
address: "localhost:37813"
dataStreamAddress: "localhost:42861"
clientAddress: "localhost:42193"
adminAddress: "localhost:42655"
startupRole: FOLLOWER
,id: "s2"
address: "localhost:37241"
dataStreamAddress: "localhost:33751"
clientAddress: "localhost:34449"
adminAddress: "localhost:39099"
startupRole: FOLLOWER
, old:)
java.util.concurrent.CompletionException: java.util.concurrent.RejectedExecutionException: Task java.util.concurrent.CompletableFuture$AsyncSupply@23ad6b78 rejected from java.util.concurrent.ThreadPoolExecutor@5f803e53[Terminated, pool size = 0, active threads = 0, queued tasks = 0, completed tasks = 0]
	at java.util.concurrent.CompletableFuture.encodeThrowable(CompletableFuture.java:273)
	at java.util.concurrent.CompletableFuture.uniComposeStage(CompletableFuture.java:1005)
	at java.util.concurrent.CompletableFuture.thenCompose(CompletableFuture.java:2137)
	at org.apache.ratis.server.impl.RaftServerProxy.appendEntriesAsync(RaftServerProxy.java:622)
	at org.apache.ratis.grpc.server.GrpcServerProtocolService$1.process(GrpcServerProtocolService.java:207)
	at org.apache.ratis.grpc.server.GrpcServerProtocolService$1.process(GrpcServerProtocolService.java:204)
	at org.apache.ratis.grpc.server.GrpcServerProtocolService$ServerRequestStreamObserver.onNext(GrpcServerProtocolService.java:126)
	at org.apache.ratis.thirdparty.io.grpc.stub.ServerCalls$StreamingServerCallHandler$StreamingServerCallListener.onMessage(ServerCalls.java:262)
	at org.apache.ratis.thirdparty.io.grpc.ForwardingServerCallListener.onMessage(ForwardingServerCallListener.java:33)
	at org.apache.ratis.thirdparty.io.grpc.internal.ServerCallImpl$ServerStreamListenerImpl.messagesAvailableInternal(ServerCallImpl.java:318)
	at org.apache.ratis.thirdparty.io.grpc.internal.ServerCallImpl$ServerStreamListenerImpl.messagesAvailable(ServerCallImpl.java:301)
	at org.apache.ratis.thirdparty.io.grpc.internal.ServerImpl$JumpToApplicationThreadServerStreamListener$1MessagesAvailable.runInContext(ServerImpl.java:834)
	at org.apache.ratis.thirdparty.io.grpc.internal.ContextRunnable.run(ContextRunnable.java:37)
	at org.apache.ratis.thirdparty.io.grpc.internal.SerializingExecutor.run(SerializingExecutor.java:133)
	at java.util.concurrent.ThreadPoolExecutor.runWorker(ThreadPoolExecutor.java:1149)
	at java.util.concurrent.ThreadPoolExecutor$Worker.run(ThreadPoolExecutor.java:624)
	at java.lang.Thread.run(Thread.java:750)
Caused by: java.util.concurrent.RejectedExecutionException: Task java.util.concurrent.CompletableFuture$AsyncSupply@23ad6b78 rejected from java.util.concurrent.ThreadPoolExecutor@5f803e53[Terminated, pool size = 0, active threads = 0, queued tasks = 0, completed tasks = 0]
	at java.util.concurrent.ThreadPoolExecutor$AbortPolicy.rejectedExecution(ThreadPoolExecutor.java:2063)
	at java.util.concurrent.ThreadPoolExecutor.reject(ThreadPoolExecutor.java:830)
	at java.util.concurrent.ThreadPoolExecutor.execute(ThreadPoolExecutor.java:1379)
	at java.util.concurrent.CompletableFuture.asyncSupplyStage(CompletableFuture.java:1618)
	at java.util.concurrent.CompletableFuture.supplyAsync(CompletableFuture.java:1843)
	at org.apache.ratis.server.impl.RaftServerImpl.executeSubmitServerRequestAsync(RaftServerImpl.java:788)
	at org.apache.ratis.server.impl.RaftServerProxy.lambda$appendEntriesAsync$26(RaftServerProxy.java:622)
	at java.util.concurrent.CompletableFuture.uniComposeStage(CompletableFuture.java:995)
	... 15 more
2022-07-24 15:57:05,668 [grpc-default-executor-2] WARN  server.GrpcLogAppender (LogUtils.java:warn(124)) - s0@group-1D117010C276->s2-AppendLogResponseHandler: Failed appendEntries
java.io.IOException: java.util.concurrent.RejectedExecutionException: Task java.util.concurrent.CompletableFuture$AsyncSupply@23ad6b78 rejected from java.util.concurrent.ThreadPoolExecutor@5f803e53[Terminated, pool size = 0, active threads = 0, queued tasks = 0, completed tasks = 0]
	at org.apache.ratis.util.IOUtils.asIOException(IOUtils.java:56)
	at org.apache.ratis.grpc.GrpcUtil.tryUnwrapException(GrpcUtil.java:121)
	at org.apache.ratis.grpc.GrpcUtil.unwrapThrowable(GrpcUtil.java:82)
	at org.apache.ratis.grpc.GrpcUtil.warn(GrpcUtil.java:178)
	at org.apache.ratis.grpc.server.GrpcLogAppender$AppendLogResponseHandler.onError(GrpcLogAppender.java:378)
	at org.apache.ratis.thirdparty.io.grpc.stub.ClientCalls$StreamObserverToCallListenerAdapter.onClose(ClientCalls.java:479)
	at org.apache.ratis.thirdparty.io.grpc.internal.ClientCallImpl.closeObserver(ClientCallImpl.java:562)
	at org.apache.ratis.thirdparty.io.grpc.internal.ClientCallImpl.access$300(ClientCallImpl.java:70)
	at org.apache.ratis.thirdparty.io.grpc.internal.ClientCallImpl$ClientStreamListenerImpl$1StreamClosed.runInternal(ClientCallImpl.java:743)
	at org.apache.ratis.thirdparty.io.grpc.internal.ClientCallImpl$ClientStreamListenerImpl$1StreamClosed.runInContext(ClientCallImpl.java:722)
	at org.apache.ratis.thirdparty.io.grpc.internal.ContextRunnable.run(ContextRunnable.java:37)
	at org.apache.ratis.thirdparty.io.grpc.internal.SerializingExecutor.run(SerializingExecutor.java:133)
	at java.util.concurrent.ThreadPoolExecutor.runWorker(ThreadPoolExecutor.java:1149)
	at java.util.concurrent.ThreadPoolExecutor$Worker.run(ThreadPoolExecutor.java:624)
	at java.lang.Thread.run(Thread.java:750)
Caused by: java.util.concurrent.RejectedExecutionException: Task java.util.concurrent.CompletableFuture$AsyncSupply@23ad6b78 rejected from java.util.concurrent.ThreadPoolExecutor@5f803e53[Terminated, pool size = 0, active threads = 0, queued tasks = 0, completed tasks = 0]
	at sun.reflect.GeneratedConstructorAccessor9.newInstance(Unknown Source)
	at sun.reflect.DelegatingConstructorAccessorImpl.newInstance(DelegatingConstructorAccessorImpl.java:45)
	at java.lang.reflect.Constructor.newInstance(Constructor.java:423)
	at org.apache.ratis.util.ReflectionUtils.instantiateException(ReflectionUtils.java:259)
	at org.apache.ratis.grpc.GrpcUtil.tryUnwrapException(GrpcUtil.java:120)
	... 13 more
Caused by: org.apache.ratis.thirdparty.io.grpc.StatusRuntimeException: INTERNAL: Task java.util.concurrent.CompletableFuture$AsyncSupply@23ad6b78 rejected from java.util.concurrent.ThreadPoolExecutor@5f803e53[Terminated, pool size = 0, active threads = 0, queued tasks = 0, completed tasks = 0]
	at org.apache.ratis.thirdparty.io.grpc.Status.asRuntimeException(Status.java:535)
	... 10 more
	Suppressed: java.lang.IllegalStateException: Failed to cast to class java.io.IOException, object=java.util.concurrent.RejectedExecutionException: Task java.util.concurrent.CompletableFuture$AsyncSupply@23ad6b78 rejected from java.util.concurrent.ThreadPoolExecutor@5f803e53[Terminated, pool size = 0, active threads = 0, queued tasks = 0, completed tasks = 0]
	at java.util.concurrent.ThreadPoolExecutor$AbortPolicy.rejectedExecution(ThreadPoolExecutor.java:2063)
	at java.util.concurrent.ThreadPoolExecutor.reject(ThreadPoolExecutor.java:830)
	at java.util.concurrent.ThreadPoolExecutor.execute(ThreadPoolExecutor.java:1379)
	at java.util.concurrent.CompletableFuture.asyncSupplyStage(CompletableFuture.java:1618)
	at java.util.concurrent.CompletableFuture.supplyAsync(CompletableFuture.java:1843)
	at org.apache.ratis.server.impl.RaftServerImpl.executeSubmitServerRequestAsync(RaftServerImpl.java:788)
	at org.apache.ratis.server.impl.RaftServerProxy.lambda$appendEntriesAsync$26(RaftServerProxy.java:622)
	at java.util.concurrent.CompletableFuture.uniComposeStage(CompletableFuture.java:995)
	at java.util.concurrent.CompletableFuture.thenCompose(CompletableFuture.java:2137)
	at org.apache.ratis.server.impl.RaftServerProxy.appendEntriesAsync(RaftServerProxy.java:622)
	at org.apache.ratis.grpc.server.GrpcServerProtocolService$1.process(GrpcServerProtocolService.java:207)
	at org.apache.ratis.grpc.server.GrpcServerProtocolService$1.process(GrpcServerProtocolService.java:204)
	at org.apache.ratis.grpc.server.GrpcServerProtocolService$ServerRequestStreamObserver.onNext(GrpcServerProtocolService.java:126)
	at org.apache.ratis.thirdparty.io.grpc.stub.ServerCalls$StreamingServerCallHandler$StreamingServerCallListener.onMessage(ServerCalls.java:262)
	at org.apache.ratis.thirdparty.io.grpc.ForwardingServerCallListener.onMessage(ForwardingServerCallListener.java:33)
	at org.apache.ratis.thirdparty.io.grpc.internal.ServerCallImpl$ServerStreamListenerImpl.messagesAvailableInternal(ServerCallImpl.java:318)
	at org.apache.ratis.thirdparty.io.grpc.internal.ServerCallImpl$ServerStreamListenerImpl.messagesAvailable(ServerCallImpl.java:301)
	at org.apache.ratis.thirdparty.io.grpc.internal.ServerImpl$JumpToApplicationThreadServerStreamListener$1MessagesAvailable.runInContext(ServerImpl.java:834)
	at org.apache.ratis.thirdparty.io.grpc.internal.ContextRunnable.run(ContextRunnable.java:37)
	at org.apache.ratis.thirdparty.io.grpc.internal.SerializingExecutor.run(SerializingExecutor.java:133)
	at java.util.concurrent.ThreadPoolExecutor.runWorker(ThreadPoolExecutor.java:1149)
	at java.util.concurrent.ThreadPoolExecutor$Worker.run(ThreadPoolExecutor.java:624)
	at java.lang.Thread.run(Thread.java:750)

		at org.apache.ratis.util.IOUtils.readObject(IOUtils.java:237)
		at org.apache.ratis.util.IOUtils.bytes2Object(IOUtils.java:214)
		at org.apache.ratis.grpc.GrpcUtil.tryUnwrapException(GrpcUtil.java:109)
		at org.apache.ratis.grpc.GrpcUtil.unwrapThrowable(GrpcUtil.java:82)
		at org.apache.ratis.grpc.GrpcUtil.warn(GrpcUtil.java:178)
		at org.apache.ratis.grpc.server.GrpcLogAppender$AppendLogResponseHandler.onError(GrpcLogAppender.java:378)
		... 10 more
	Caused by: java.lang.ClassCastException: Cannot cast java.util.concurrent.RejectedExecutionException to java.io.IOException
		at java.lang.Class.cast(Class.java:3369)
		at org.apache.ratis.util.IOUtils.readObject(IOUtils.java:234)
		... 15 more
2022-07-24 15:57:05,669 [grpc-default-executor-2] INFO  leader.FollowerInfo (FollowerInfoImpl.java:lambda$new$0(48)) - s0@group-1D117010C276->s2: nextIndex: updateUnconditionally 219 -> 199
2022-07-24 15:57:05,669 [s1@group-1D117010C276-StateMachineUpdater] INFO  statemachine.SimpleStateMachine4Testing (SimpleStateMachine4Testing.java:put(204)) - s1: put 217, m106 -> (t:2, i:217), STATEMACHINELOGENTRY, 492@client-6F86E1C52B91
2022-07-24 15:57:05,670 [s1-server-thread1] DEBUG raftlog.RaftLog (SegmentedRaftLog.java:appendImpl(447)) - truncateIndex=-1, arrayIndex=0
2022-07-24 15:57:05,670 [grpc-default-executor-9] WARN  server.GrpcServerProtocolService (LogUtils.java:warn(124)) - s2: Failed APPEND_ENTRIES request s0->s2#48-t2,previous=(t:1, i:198),leaderCommit=217,initializing? true,entries: size=21, first=(t:2, i:199), CONFIGURATIONENTRY(current:id: "s0"
address: "localhost:41145"
dataStreamAddress: "localhost:35053"
clientAddress: "localhost:40971"
adminAddress: "localhost:44949"
startupRole: FOLLOWER
,id: "s1"
address: "localhost:37813"
dataStreamAddress: "localhost:42861"
clientAddress: "localhost:42193"
adminAddress: "localhost:42655"
startupRole: FOLLOWER
,id: "s2"
address: "localhost:37241"
dataStreamAddress: "localhost:33751"
clientAddress: "localhost:34449"
adminAddress: "localhost:39099"
startupRole: FOLLOWER
, old:)
java.util.concurrent.CompletionException: java.util.concurrent.RejectedExecutionException: Task java.util.concurrent.CompletableFuture$AsyncSupply@5878d05d rejected from java.util.concurrent.ThreadPoolExecutor@5f803e53[Terminated, pool size = 0, active threads = 0, queued tasks = 0, completed tasks = 0]
	at java.util.concurrent.CompletableFuture.encodeThrowable(CompletableFuture.java:273)
	at java.util.concurrent.CompletableFuture.uniComposeStage(CompletableFuture.java:1005)
	at java.util.concurrent.CompletableFuture.thenCompose(CompletableFuture.java:2137)
	at org.apache.ratis.server.impl.RaftServerProxy.appendEntriesAsync(RaftServerProxy.java:622)
	at org.apache.ratis.grpc.server.GrpcServerProtocolService$1.process(GrpcServerProtocolService.java:207)
	at org.apache.ratis.grpc.server.GrpcServerProtocolService$1.process(GrpcServerProtocolService.java:204)
	at org.apache.ratis.grpc.server.GrpcServerProtocolService$ServerRequestStreamObserver.onNext(GrpcServerProtocolService.java:126)
	at org.apache.ratis.thirdparty.io.grpc.stub.ServerCalls$StreamingServerCallHandler$StreamingServerCallListener.onMessage(ServerCalls.java:262)
	at org.apache.ratis.thirdparty.io.grpc.ForwardingServerCallListener.onMessage(ForwardingServerCallListener.java:33)
	at org.apache.ratis.thirdparty.io.grpc.internal.ServerCallImpl$ServerStreamListenerImpl.messagesAvailableInternal(ServerCallImpl.java:318)
	at org.apache.ratis.thirdparty.io.grpc.internal.ServerCallImpl$ServerStreamListenerImpl.messagesAvailable(ServerCallImpl.java:301)
	at org.apache.ratis.thirdparty.io.grpc.internal.ServerImpl$JumpToApplicationThreadServerStreamListener$1MessagesAvailable.runInContext(ServerImpl.java:834)
	at org.apache.ratis.thirdparty.io.grpc.internal.ContextRunnable.run(ContextRunnable.java:37)
	at org.apache.ratis.thirdparty.io.grpc.internal.SerializingExecutor.run(SerializingExecutor.java:133)
	at java.util.concurrent.ThreadPoolExecutor.runWorker(ThreadPoolExecutor.java:1149)
	at java.util.concurrent.ThreadPoolExecutor$Worker.run(ThreadPoolExecutor.java:624)
	at java.lang.Thread.run(Thread.java:750)
Caused by: java.util.concurrent.RejectedExecutionException: Task java.util.concurrent.CompletableFuture$AsyncSupply@5878d05d rejected from java.util.concurrent.ThreadPoolExecutor@5f803e53[Terminated, pool size = 0, active threads = 0, queued tasks = 0, completed tasks = 0]
	at java.util.concurrent.ThreadPoolExecutor$AbortPolicy.rejectedExecution(ThreadPoolExecutor.java:2063)
	at java.util.concurrent.ThreadPoolExecutor.reject(ThreadPoolExecutor.java:830)
	at java.util.concurrent.ThreadPoolExecutor.execute(ThreadPoolExecutor.java:1379)
	at java.util.concurrent.CompletableFuture.asyncSupplyStage(CompletableFuture.java:1618)
	at java.util.concurrent.CompletableFuture.supplyAsync(CompletableFuture.java:1843)
	at org.apache.ratis.server.impl.RaftServerImpl.executeSubmitServerRequestAsync(RaftServerImpl.java:788)
	at org.apache.ratis.server.impl.RaftServerProxy.lambda$appendEntriesAsync$26(RaftServerProxy.java:622)
	at java.util.concurrent.CompletableFuture.uniComposeStage(CompletableFuture.java:995)
	... 15 more
2022-07-24 15:57:05,672 [grpc-default-executor-10] WARN  server.GrpcLogAppender (LogUtils.java:warn(124)) - s0@group-1D117010C276->s2-AppendLogResponseHandler: Failed appendEntries
java.io.IOException: java.util.concurrent.RejectedExecutionException: Task java.util.concurrent.CompletableFuture$AsyncSupply@5878d05d rejected from java.util.concurrent.ThreadPoolExecutor@5f803e53[Terminated, pool size = 0, active threads = 0, queued tasks = 0, completed tasks = 0]
	at org.apache.ratis.util.IOUtils.asIOException(IOUtils.java:56)
	at org.apache.ratis.grpc.GrpcUtil.tryUnwrapException(GrpcUtil.java:121)
	at org.apache.ratis.grpc.GrpcUtil.unwrapThrowable(GrpcUtil.java:82)
	at org.apache.ratis.grpc.GrpcUtil.warn(GrpcUtil.java:178)
	at org.apache.ratis.grpc.server.GrpcLogAppender$AppendLogResponseHandler.onError(GrpcLogAppender.java:378)
	at org.apache.ratis.thirdparty.io.grpc.stub.ClientCalls$StreamObserverToCallListenerAdapter.onClose(ClientCalls.java:479)
	at org.apache.ratis.thirdparty.io.grpc.internal.ClientCallImpl.closeObserver(ClientCallImpl.java:562)
	at org.apache.ratis.thirdparty.io.grpc.internal.ClientCallImpl.access$300(ClientCallImpl.java:70)
	at org.apache.ratis.thirdparty.io.grpc.internal.ClientCallImpl$ClientStreamListenerImpl$1StreamClosed.runInternal(ClientCallImpl.java:743)
	at org.apache.ratis.thirdparty.io.grpc.internal.ClientCallImpl$ClientStreamListenerImpl$1StreamClosed.runInContext(ClientCallImpl.java:722)
	at org.apache.ratis.thirdparty.io.grpc.internal.ContextRunnable.run(ContextRunnable.java:37)
	at org.apache.ratis.thirdparty.io.grpc.internal.SerializingExecutor.run(SerializingExecutor.java:133)
	at java.util.concurrent.ThreadPoolExecutor.runWorker(ThreadPoolExecutor.java:1149)
	at java.util.concurrent.ThreadPoolExecutor$Worker.run(ThreadPoolExecutor.java:624)
	at java.lang.Thread.run(Thread.java:750)
Caused by: java.util.concurrent.RejectedExecutionException: Task java.util.concurrent.CompletableFuture$AsyncSupply@5878d05d rejected from java.util.concurrent.ThreadPoolExecutor@5f803e53[Terminated, pool size = 0, active threads = 0, queued tasks = 0, completed tasks = 0]
	at sun.reflect.GeneratedConstructorAccessor9.newInstance(Unknown Source)
	at sun.reflect.DelegatingConstructorAccessorImpl.newInstance(DelegatingConstructorAccessorImpl.java:45)
	at java.lang.reflect.Constructor.newInstance(Constructor.java:423)
	at org.apache.ratis.util.ReflectionUtils.instantiateException(ReflectionUtils.java:259)
	at org.apache.ratis.grpc.GrpcUtil.tryUnwrapException(GrpcUtil.java:120)
	... 13 more
Caused by: org.apache.ratis.thirdparty.io.grpc.StatusRuntimeException: INTERNAL: Task java.util.concurrent.CompletableFuture$AsyncSupply@5878d05d rejected from java.util.concurrent.ThreadPoolExecutor@5f803e53[Terminated, pool size = 0, active threads = 0, queued tasks = 0, completed tasks = 0]
	at org.apache.ratis.thirdparty.io.grpc.Status.asRuntimeException(Status.java:535)
	... 10 more
	Suppressed: java.lang.IllegalStateException: Failed to cast to class java.io.IOException, object=java.util.concurrent.RejectedExecutionException: Task java.util.concurrent.CompletableFuture$AsyncSupply@5878d05d rejected from java.util.concurrent.ThreadPoolExecutor@5f803e53[Terminated, pool size = 0, active threads = 0, queued tasks = 0, completed tasks = 0]
	at java.util.concurrent.ThreadPoolExecutor$AbortPolicy.rejectedExecution(ThreadPoolExecutor.java:2063)
	at java.util.concurrent.ThreadPoolExecutor.reject(ThreadPoolExecutor.java:830)
	at java.util.concurrent.ThreadPoolExecutor.execute(ThreadPoolExecutor.java:1379)
	at java.util.concurrent.CompletableFuture.asyncSupplyStage(CompletableFuture.java:1618)
	at java.util.concurrent.CompletableFuture.supplyAsync(CompletableFuture.java:1843)
	at org.apache.ratis.server.impl.RaftServerImpl.executeSubmitServerRequestAsync(RaftServerImpl.java:788)
	at org.apache.ratis.server.impl.RaftServerProxy.lambda$appendEntriesAsync$26(RaftServerProxy.java:622)
	at java.util.concurrent.CompletableFuture.uniComposeStage(CompletableFuture.java:995)
	at java.util.concurrent.CompletableFuture.thenCompose(CompletableFuture.java:2137)
	at org.apache.ratis.server.impl.RaftServerProxy.appendEntriesAsync(RaftServerProxy.java:622)
	at org.apache.ratis.grpc.server.GrpcServerProtocolService$1.process(GrpcServerProtocolService.java:207)
	at org.apache.ratis.grpc.server.GrpcServerProtocolService$1.process(GrpcServerProtocolService.java:204)
	at org.apache.ratis.grpc.server.GrpcServerProtocolService$ServerRequestStreamObserver.onNext(GrpcServerProtocolService.java:126)
	at org.apache.ratis.thirdparty.io.grpc.stub.ServerCalls$StreamingServerCallHandler$StreamingServerCallListener.onMessage(ServerCalls.java:262)
	at org.apache.ratis.thirdparty.io.grpc.ForwardingServerCallListener.onMessage(ForwardingServerCallListener.java:33)
	at org.apache.ratis.thirdparty.io.grpc.internal.ServerCallImpl$ServerStreamListenerImpl.messagesAvailableInternal(ServerCallImpl.java:318)
	at org.apache.ratis.thirdparty.io.grpc.internal.ServerCallImpl$ServerStreamListenerImpl.messagesAvailable(ServerCallImpl.java:301)
	at org.apache.ratis.thirdparty.io.grpc.internal.ServerImpl$JumpToApplicationThreadServerStreamListener$1MessagesAvailable.runInContext(ServerImpl.java:834)
	at org.apache.ratis.thirdparty.io.grpc.internal.ContextRunnable.run(ContextRunnable.java:37)
	at org.apache.ratis.thirdparty.io.grpc.internal.SerializingExecutor.run(SerializingExecutor.java:133)
	at java.util.concurrent.ThreadPoolExecutor.runWorker(ThreadPoolExecutor.java:1149)
	at java.util.concurrent.ThreadPoolExecutor$Worker.run(ThreadPoolExecutor.java:624)
	at java.lang.Thread.run(Thread.java:750)

		at org.apache.ratis.util.IOUtils.readObject(IOUtils.java:237)
		at org.apache.ratis.util.IOUtils.bytes2Object(IOUtils.java:214)
		at org.apache.ratis.grpc.GrpcUtil.tryUnwrapException(GrpcUtil.java:109)
		at org.apache.ratis.grpc.GrpcUtil.unwrapThrowable(GrpcUtil.java:82)
		at org.apache.ratis.grpc.GrpcUtil.warn(GrpcUtil.java:178)
		at org.apache.ratis.grpc.server.GrpcLogAppender$AppendLogResponseHandler.onError(GrpcLogAppender.java:378)
		... 10 more
	Caused by: java.lang.ClassCastException: Cannot cast java.util.concurrent.RejectedExecutionException to java.io.IOException
		at java.lang.Class.cast(Class.java:3369)
		at org.apache.ratis.util.IOUtils.readObject(IOUtils.java:234)
		... 15 more
2022-07-24 15:57:05,673 [grpc-default-executor-10] INFO  leader.FollowerInfo (FollowerInfoImpl.java:lambda$new$0(48)) - s0@group-1D117010C276->s2: nextIndex: updateUnconditionally 220 -> 199
2022-07-24 15:57:05,677 [s0@group-1D117010C276-StateMachineUpdater] INFO  statemachine.SimpleStateMachine4Testing (SimpleStateMachine4Testing.java:put(204)) - s0: put 219, m107 -> (t:2, i:219), STATEMACHINELOGENTRY, 493@client-6F86E1C52B91
2022-07-24 15:57:05,677 [s1-server-thread1] DEBUG raftlog.RaftLog (SegmentedRaftLog.java:appendImpl(447)) - truncateIndex=-1, arrayIndex=0
2022-07-24 15:57:05,678 [grpc-default-executor-9] WARN  server.GrpcServerProtocolService (LogUtils.java:warn(124)) - s2: Failed APPEND_ENTRIES request s0->s2#50-t2,previous=(t:1, i:198),leaderCommit=219,initializing? true,entries: size=22, first=(t:2, i:199), CONFIGURATIONENTRY(current:id: "s0"
address: "localhost:41145"
dataStreamAddress: "localhost:35053"
clientAddress: "localhost:40971"
adminAddress: "localhost:44949"
startupRole: FOLLOWER
,id: "s1"
address: "localhost:37813"
dataStreamAddress: "localhost:42861"
clientAddress: "localhost:42193"
adminAddress: "localhost:42655"
startupRole: FOLLOWER
,id: "s2"
address: "localhost:37241"
dataStreamAddress: "localhost:33751"
clientAddress: "localhost:34449"
adminAddress: "localhost:39099"
startupRole: FOLLOWER
, old:)
java.util.concurrent.CompletionException: java.util.concurrent.RejectedExecutionException: Task java.util.concurrent.CompletableFuture$AsyncSupply@301c3fc6 rejected from java.util.concurrent.ThreadPoolExecutor@5f803e53[Terminated, pool size = 0, active threads = 0, queued tasks = 0, completed tasks = 0]
	at java.util.concurrent.CompletableFuture.encodeThrowable(CompletableFuture.java:273)
	at java.util.concurrent.CompletableFuture.uniComposeStage(CompletableFuture.java:1005)
	at java.util.concurrent.CompletableFuture.thenCompose(CompletableFuture.java:2137)
	at org.apache.ratis.server.impl.RaftServerProxy.appendEntriesAsync(RaftServerProxy.java:622)
	at org.apache.ratis.grpc.server.GrpcServerProtocolService$1.process(GrpcServerProtocolService.java:207)
	at org.apache.ratis.grpc.server.GrpcServerProtocolService$1.process(GrpcServerProtocolService.java:204)
	at org.apache.ratis.grpc.server.GrpcServerProtocolService$ServerRequestStreamObserver.onNext(GrpcServerProtocolService.java:126)
	at org.apache.ratis.thirdparty.io.grpc.stub.ServerCalls$StreamingServerCallHandler$StreamingServerCallListener.onMessage(ServerCalls.java:262)
	at org.apache.ratis.thirdparty.io.grpc.ForwardingServerCallListener.onMessage(ForwardingServerCallListener.java:33)
	at org.apache.ratis.thirdparty.io.grpc.internal.ServerCallImpl$ServerStreamListenerImpl.messagesAvailableInternal(ServerCallImpl.java:318)
	at org.apache.ratis.thirdparty.io.grpc.internal.ServerCallImpl$ServerStreamListenerImpl.messagesAvailable(ServerCallImpl.java:301)
	at org.apache.ratis.thirdparty.io.grpc.internal.ServerImpl$JumpToApplicationThreadServerStreamListener$1MessagesAvailable.runInContext(ServerImpl.java:834)
	at org.apache.ratis.thirdparty.io.grpc.internal.ContextRunnable.run(ContextRunnable.java:37)
	at org.apache.ratis.thirdparty.io.grpc.internal.SerializingExecutor.run(SerializingExecutor.java:133)
	at java.util.concurrent.ThreadPoolExecutor.runWorker(ThreadPoolExecutor.java:1149)
	at java.util.concurrent.ThreadPoolExecutor$Worker.run(ThreadPoolExecutor.java:624)
	at java.lang.Thread.run(Thread.java:750)
Caused by: java.util.concurrent.RejectedExecutionException: Task java.util.concurrent.CompletableFuture$AsyncSupply@301c3fc6 rejected from java.util.concurrent.ThreadPoolExecutor@5f803e53[Terminated, pool size = 0, active threads = 0, queued tasks = 0, completed tasks = 0]
	at java.util.concurrent.ThreadPoolExecutor$AbortPolicy.rejectedExecution(ThreadPoolExecutor.java:2063)
	at java.util.concurrent.ThreadPoolExecutor.reject(ThreadPoolExecutor.java:830)
	at java.util.concurrent.ThreadPoolExecutor.execute(ThreadPoolExecutor.java:1379)
	at java.util.concurrent.CompletableFuture.asyncSupplyStage(CompletableFuture.java:1618)
	at java.util.concurrent.CompletableFuture.supplyAsync(CompletableFuture.java:1843)
	at org.apache.ratis.server.impl.RaftServerImpl.executeSubmitServerRequestAsync(RaftServerImpl.java:788)
	at org.apache.ratis.server.impl.RaftServerProxy.lambda$appendEntriesAsync$26(RaftServerProxy.java:622)
	at java.util.concurrent.CompletableFuture.uniComposeStage(CompletableFuture.java:995)
	... 15 more
2022-07-24 15:57:05,680 [grpc-default-executor-10] WARN  server.GrpcLogAppender (LogUtils.java:warn(124)) - s0@group-1D117010C276->s2-AppendLogResponseHandler: Failed appendEntries
java.io.IOException: java.util.concurrent.RejectedExecutionException: Task java.util.concurrent.CompletableFuture$AsyncSupply@301c3fc6 rejected from java.util.concurrent.ThreadPoolExecutor@5f803e53[Terminated, pool size = 0, active threads = 0, queued tasks = 0, completed tasks = 0]
	at org.apache.ratis.util.IOUtils.asIOException(IOUtils.java:56)
	at org.apache.ratis.grpc.GrpcUtil.tryUnwrapException(GrpcUtil.java:121)
	at org.apache.ratis.grpc.GrpcUtil.unwrapThrowable(GrpcUtil.java:82)
	at org.apache.ratis.grpc.GrpcUtil.warn(GrpcUtil.java:178)
	at org.apache.ratis.grpc.server.GrpcLogAppender$AppendLogResponseHandler.onError(GrpcLogAppender.java:378)
	at org.apache.ratis.thirdparty.io.grpc.stub.ClientCalls$StreamObserverToCallListenerAdapter.onClose(ClientCalls.java:479)
	at org.apache.ratis.thirdparty.io.grpc.internal.ClientCallImpl.closeObserver(ClientCallImpl.java:562)
	at org.apache.ratis.thirdparty.io.grpc.internal.ClientCallImpl.access$300(ClientCallImpl.java:70)
	at org.apache.ratis.thirdparty.io.grpc.internal.ClientCallImpl$ClientStreamListenerImpl$1StreamClosed.runInternal(ClientCallImpl.java:743)
	at org.apache.ratis.thirdparty.io.grpc.internal.ClientCallImpl$ClientStreamListenerImpl$1StreamClosed.runInContext(ClientCallImpl.java:722)
	at org.apache.ratis.thirdparty.io.grpc.internal.ContextRunnable.run(ContextRunnable.java:37)
	at org.apache.ratis.thirdparty.io.grpc.internal.SerializingExecutor.run(SerializingExecutor.java:133)
	at java.util.concurrent.ThreadPoolExecutor.runWorker(ThreadPoolExecutor.java:1149)
	at java.util.concurrent.ThreadPoolExecutor$Worker.run(ThreadPoolExecutor.java:624)
	at java.lang.Thread.run(Thread.java:750)
Caused by: java.util.concurrent.RejectedExecutionException: Task java.util.concurrent.CompletableFuture$AsyncSupply@301c3fc6 rejected from java.util.concurrent.ThreadPoolExecutor@5f803e53[Terminated, pool size = 0, active threads = 0, queued tasks = 0, completed tasks = 0]
	at sun.reflect.GeneratedConstructorAccessor9.newInstance(Unknown Source)
	at sun.reflect.DelegatingConstructorAccessorImpl.newInstance(DelegatingConstructorAccessorImpl.java:45)
	at java.lang.reflect.Constructor.newInstance(Constructor.java:423)
	at org.apache.ratis.util.ReflectionUtils.instantiateException(ReflectionUtils.java:259)
	at org.apache.ratis.grpc.GrpcUtil.tryUnwrapException(GrpcUtil.java:120)
	... 13 more
Caused by: org.apache.ratis.thirdparty.io.grpc.StatusRuntimeException: INTERNAL: Task java.util.concurrent.CompletableFuture$AsyncSupply@301c3fc6 rejected from java.util.concurrent.ThreadPoolExecutor@5f803e53[Terminated, pool size = 0, active threads = 0, queued tasks = 0, completed tasks = 0]
	at org.apache.ratis.thirdparty.io.grpc.Status.asRuntimeException(Status.java:535)
	... 10 more
	Suppressed: java.lang.IllegalStateException: Failed to cast to class java.io.IOException, object=java.util.concurrent.RejectedExecutionException: Task java.util.concurrent.CompletableFuture$AsyncSupply@301c3fc6 rejected from java.util.concurrent.ThreadPoolExecutor@5f803e53[Terminated, pool size = 0, active threads = 0, queued tasks = 0, completed tasks = 0]
	at java.util.concurrent.ThreadPoolExecutor$AbortPolicy.rejectedExecution(ThreadPoolExecutor.java:2063)
	at java.util.concurrent.ThreadPoolExecutor.reject(ThreadPoolExecutor.java:830)
	at java.util.concurrent.ThreadPoolExecutor.execute(ThreadPoolExecutor.java:1379)
	at java.util.concurrent.CompletableFuture.asyncSupplyStage(CompletableFuture.java:1618)
	at java.util.concurrent.CompletableFuture.supplyAsync(CompletableFuture.java:1843)
	at org.apache.ratis.server.impl.RaftServerImpl.executeSubmitServerRequestAsync(RaftServerImpl.java:788)
	at org.apache.ratis.server.impl.RaftServerProxy.lambda$appendEntriesAsync$26(RaftServerProxy.java:622)
	at java.util.concurrent.CompletableFuture.uniComposeStage(CompletableFuture.java:995)
	at java.util.concurrent.CompletableFuture.thenCompose(CompletableFuture.java:2137)
	at org.apache.ratis.server.impl.RaftServerProxy.appendEntriesAsync(RaftServerProxy.java:622)
	at org.apache.ratis.grpc.server.GrpcServerProtocolService$1.process(GrpcServerProtocolService.java:207)
	at org.apache.ratis.grpc.server.GrpcServerProtocolService$1.process(GrpcServerProtocolService.java:204)
	at org.apache.ratis.grpc.server.GrpcServerProtocolService$ServerRequestStreamObserver.onNext(GrpcServerProtocolService.java:126)
	at org.apache.ratis.thirdparty.io.grpc.stub.ServerCalls$StreamingServerCallHandler$StreamingServerCallListener.onMessage(ServerCalls.java:262)
	at org.apache.ratis.thirdparty.io.grpc.ForwardingServerCallListener.onMessage(ForwardingServerCallListener.java:33)
	at org.apache.ratis.thirdparty.io.grpc.internal.ServerCallImpl$ServerStreamListenerImpl.messagesAvailableInternal(ServerCallImpl.java:318)
	at org.apache.ratis.thirdparty.io.grpc.internal.ServerCallImpl$ServerStreamListenerImpl.messagesAvailable(ServerCallImpl.java:301)
	at org.apache.ratis.thirdparty.io.grpc.internal.ServerImpl$JumpToApplicationThreadServerStreamListener$1MessagesAvailable.runInContext(ServerImpl.java:834)
	at org.apache.ratis.thirdparty.io.grpc.internal.ContextRunnable.run(ContextRunnable.java:37)
	at org.apache.ratis.thirdparty.io.grpc.internal.SerializingExecutor.run(SerializingExecutor.java:133)
	at java.util.concurrent.ThreadPoolExecutor.runWorker(ThreadPoolExecutor.java:1149)
	at java.util.concurrent.ThreadPoolExecutor$Worker.run(ThreadPoolExecutor.java:624)
	at java.lang.Thread.run(Thread.java:750)

		at org.apache.ratis.util.IOUtils.readObject(IOUtils.java:237)
		at org.apache.ratis.util.IOUtils.bytes2Object(IOUtils.java:214)
		at org.apache.ratis.grpc.GrpcUtil.tryUnwrapException(GrpcUtil.java:109)
		at org.apache.ratis.grpc.GrpcUtil.unwrapThrowable(GrpcUtil.java:82)
		at org.apache.ratis.grpc.GrpcUtil.warn(GrpcUtil.java:178)
		at org.apache.ratis.grpc.server.GrpcLogAppender$AppendLogResponseHandler.onError(GrpcLogAppender.java:378)
		... 10 more
	Caused by: java.lang.ClassCastException: Cannot cast java.util.concurrent.RejectedExecutionException to java.io.IOException
		at java.lang.Class.cast(Class.java:3369)
		at org.apache.ratis.util.IOUtils.readObject(IOUtils.java:234)
		... 15 more
2022-07-24 15:57:05,680 [grpc-default-executor-10] INFO  leader.FollowerInfo (FollowerInfoImpl.java:lambda$new$0(48)) - s0@group-1D117010C276->s2: nextIndex: updateUnconditionally 221 -> 199
2022-07-24 15:57:05,680 [s0-client-thread1] INFO  segmented.SegmentedRaftLogWorker (SegmentedRaftLogWorker.java:rollLogSegment(430)) - s0@group-1D117010C276-SegmentedRaftLogWorker: Rolling segment log-199_220 to index:220
2022-07-24 15:57:05,681 [s0@group-1D117010C276-SegmentedRaftLogWorker] TRACE util.FileUtils (LogUtils.java:runAndLog(49)) - Successfully ran Files.move /home/runner/work/ratis/ratis/ratis-test/target/test/data/9df233b8/MiniRaftClusterWithGrpcfc29b47e/s0/6607989c-d6da-490c-8466-1d117010c276/current/log_inprogress_199 to /home/runner/work/ratis/ratis/ratis-test/target/test/data/9df233b8/MiniRaftClusterWithGrpcfc29b47e/s0/6607989c-d6da-490c-8466-1d117010c276/current/log_199-220
2022-07-24 15:57:05,681 [s0@group-1D117010C276-SegmentedRaftLogWorker] INFO  segmented.SegmentedRaftLogWorker (SegmentedRaftLogWorker.java:execute(586)) - s0@group-1D117010C276-SegmentedRaftLogWorker: Rolled log segment from /home/runner/work/ratis/ratis/ratis-test/target/test/data/9df233b8/MiniRaftClusterWithGrpcfc29b47e/s0/6607989c-d6da-490c-8466-1d117010c276/current/log_inprogress_199 to /home/runner/work/ratis/ratis/ratis-test/target/test/data/9df233b8/MiniRaftClusterWithGrpcfc29b47e/s0/6607989c-d6da-490c-8466-1d117010c276/current/log_199-220
2022-07-24 15:57:05,681 [grpc-default-executor-2] WARN  server.GrpcServerProtocolService (LogUtils.java:warn(124)) - s2: Failed APPEND_ENTRIES request s0->s2#51-t2,previous=(t:1, i:198),leaderCommit=219,initializing? true,entries: size=23, first=(t:2, i:199), CONFIGURATIONENTRY(current:id: "s0"
address: "localhost:41145"
dataStreamAddress: "localhost:35053"
clientAddress: "localhost:40971"
adminAddress: "localhost:44949"
startupRole: FOLLOWER
,id: "s1"
address: "localhost:37813"
dataStreamAddress: "localhost:42861"
clientAddress: "localhost:42193"
adminAddress: "localhost:42655"
startupRole: FOLLOWER
,id: "s2"
address: "localhost:37241"
dataStreamAddress: "localhost:33751"
clientAddress: "localhost:34449"
adminAddress: "localhost:39099"
startupRole: FOLLOWER
, old:)
java.util.concurrent.CompletionException: java.util.concurrent.RejectedExecutionException: Task java.util.concurrent.CompletableFuture$AsyncSupply@5634a58a rejected from java.util.concurrent.ThreadPoolExecutor@5f803e53[Terminated, pool size = 0, active threads = 0, queued tasks = 0, completed tasks = 0]
	at java.util.concurrent.CompletableFuture.encodeThrowable(CompletableFuture.java:273)
	at java.util.concurrent.CompletableFuture.uniComposeStage(CompletableFuture.java:1005)
	at java.util.concurrent.CompletableFuture.thenCompose(CompletableFuture.java:2137)
	at org.apache.ratis.server.impl.RaftServerProxy.appendEntriesAsync(RaftServerProxy.java:622)
	at org.apache.ratis.grpc.server.GrpcServerProtocolService$1.process(GrpcServerProtocolService.java:207)
	at org.apache.ratis.grpc.server.GrpcServerProtocolService$1.process(GrpcServerProtocolService.java:204)
	at org.apache.ratis.grpc.server.GrpcServerProtocolService$ServerRequestStreamObserver.onNext(GrpcServerProtocolService.java:126)
	at org.apache.ratis.thirdparty.io.grpc.stub.ServerCalls$StreamingServerCallHandler$StreamingServerCallListener.onMessage(ServerCalls.java:262)
	at org.apache.ratis.thirdparty.io.grpc.ForwardingServerCallListener.onMessage(ForwardingServerCallListener.java:33)
	at org.apache.ratis.thirdparty.io.grpc.internal.ServerCallImpl$ServerStreamListenerImpl.messagesAvailableInternal(ServerCallImpl.java:318)
	at org.apache.ratis.thirdparty.io.grpc.internal.ServerCallImpl$ServerStreamListenerImpl.messagesAvailable(ServerCallImpl.java:301)
	at org.apache.ratis.thirdparty.io.grpc.internal.ServerImpl$JumpToApplicationThreadServerStreamListener$1MessagesAvailable.runInContext(ServerImpl.java:834)
	at org.apache.ratis.thirdparty.io.grpc.internal.ContextRunnable.run(ContextRunnable.java:37)
	at org.apache.ratis.thirdparty.io.grpc.internal.SerializingExecutor.run(SerializingExecutor.java:133)
	at java.util.concurrent.ThreadPoolExecutor.runWorker(ThreadPoolExecutor.java:1149)
	at java.util.concurrent.ThreadPoolExecutor$Worker.run(ThreadPoolExecutor.java:624)
	at java.lang.Thread.run(Thread.java:750)
Caused by: java.util.concurrent.RejectedExecutionException: Task java.util.concurrent.CompletableFuture$AsyncSupply@5634a58a rejected from java.util.concurrent.ThreadPoolExecutor@5f803e53[Terminated, pool size = 0, active threads = 0, queued tasks = 0, completed tasks = 0]
	at java.util.concurrent.ThreadPoolExecutor$AbortPolicy.rejectedExecution(ThreadPoolExecutor.java:2063)
	at java.util.concurrent.ThreadPoolExecutor.reject(ThreadPoolExecutor.java:830)
	at java.util.concurrent.ThreadPoolExecutor.execute(ThreadPoolExecutor.java:1379)
	at java.util.concurrent.CompletableFuture.asyncSupplyStage(CompletableFuture.java:1618)
	at java.util.concurrent.CompletableFuture.supplyAsync(CompletableFuture.java:1843)
	at org.apache.ratis.server.impl.RaftServerImpl.executeSubmitServerRequestAsync(RaftServerImpl.java:788)
	at org.apache.ratis.server.impl.RaftServerProxy.lambda$appendEntriesAsync$26(RaftServerProxy.java:622)
	at java.util.concurrent.CompletableFuture.uniComposeStage(CompletableFuture.java:995)
	... 15 more
2022-07-24 15:57:05,682 [s1-server-thread1] DEBUG raftlog.RaftLog (SegmentedRaftLog.java:appendImpl(447)) - truncateIndex=-1, arrayIndex=0
2022-07-24 15:57:05,682 [s1-server-thread1] INFO  segmented.SegmentedRaftLogWorker (SegmentedRaftLogWorker.java:rollLogSegment(430)) - s1@group-1D117010C276-SegmentedRaftLogWorker: Rolling segment log-199_220 to index:220
2022-07-24 15:57:05,682 [s0@group-1D117010C276-SegmentedRaftLogWorker] INFO  segmented.SegmentedRaftLogWorker (SegmentedRaftLogWorker.java:execute(629)) - s0@group-1D117010C276-SegmentedRaftLogWorker: created new log segment /home/runner/work/ratis/ratis/ratis-test/target/test/data/9df233b8/MiniRaftClusterWithGrpcfc29b47e/s0/6607989c-d6da-490c-8466-1d117010c276/current/log_inprogress_221
2022-07-24 15:57:05,683 [grpc-default-executor-8] WARN  server.GrpcLogAppender (LogUtils.java:warn(124)) - s0@group-1D117010C276->s2-AppendLogResponseHandler: Failed appendEntries
java.io.IOException: java.util.concurrent.RejectedExecutionException: Task java.util.concurrent.CompletableFuture$AsyncSupply@5634a58a rejected from java.util.concurrent.ThreadPoolExecutor@5f803e53[Terminated, pool size = 0, active threads = 0, queued tasks = 0, completed tasks = 0]
	at org.apache.ratis.util.IOUtils.asIOException(IOUtils.java:56)
	at org.apache.ratis.grpc.GrpcUtil.tryUnwrapException(GrpcUtil.java:121)
	at org.apache.ratis.grpc.GrpcUtil.unwrapThrowable(GrpcUtil.java:82)
	at org.apache.ratis.grpc.GrpcUtil.warn(GrpcUtil.java:178)
	at org.apache.ratis.grpc.server.GrpcLogAppender$AppendLogResponseHandler.onError(GrpcLogAppender.java:378)
	at org.apache.ratis.thirdparty.io.grpc.stub.ClientCalls$StreamObserverToCallListenerAdapter.onClose(ClientCalls.java:479)
	at org.apache.ratis.thirdparty.io.grpc.internal.ClientCallImpl.closeObserver(ClientCallImpl.java:562)
	at org.apache.ratis.thirdparty.io.grpc.internal.ClientCallImpl.access$300(ClientCallImpl.java:70)
	at org.apache.ratis.thirdparty.io.grpc.internal.ClientCallImpl$ClientStreamListenerImpl$1StreamClosed.runInternal(ClientCallImpl.java:743)
	at org.apache.ratis.thirdparty.io.grpc.internal.ClientCallImpl$ClientStreamListenerImpl$1StreamClosed.runInContext(ClientCallImpl.java:722)
	at org.apache.ratis.thirdparty.io.grpc.internal.ContextRunnable.run(ContextRunnable.java:37)
	at org.apache.ratis.thirdparty.io.grpc.internal.SerializingExecutor.run(SerializingExecutor.java:133)
	at java.util.concurrent.ThreadPoolExecutor.runWorker(ThreadPoolExecutor.java:1149)
	at java.util.concurrent.ThreadPoolExecutor$Worker.run(ThreadPoolExecutor.java:624)
	at java.lang.Thread.run(Thread.java:750)
Caused by: java.util.concurrent.RejectedExecutionException: Task java.util.concurrent.CompletableFuture$AsyncSupply@5634a58a rejected from java.util.concurrent.ThreadPoolExecutor@5f803e53[Terminated, pool size = 0, active threads = 0, queued tasks = 0, completed tasks = 0]
	at sun.reflect.GeneratedConstructorAccessor9.newInstance(Unknown Source)
	at sun.reflect.DelegatingConstructorAccessorImpl.newInstance(DelegatingConstructorAccessorImpl.java:45)
	at java.lang.reflect.Constructor.newInstance(Constructor.java:423)
	at org.apache.ratis.util.ReflectionUtils.instantiateException(ReflectionUtils.java:259)
	at org.apache.ratis.grpc.GrpcUtil.tryUnwrapException(GrpcUtil.java:120)
	... 13 more
Caused by: org.apache.ratis.thirdparty.io.grpc.StatusRuntimeException: INTERNAL: Task java.util.concurrent.CompletableFuture$AsyncSupply@5634a58a rejected from java.util.concurrent.ThreadPoolExecutor@5f803e53[Terminated, pool size = 0, active threads = 0, queued tasks = 0, completed tasks = 0]
	at org.apache.ratis.thirdparty.io.grpc.Status.asRuntimeException(Status.java:535)
	... 10 more
	Suppressed: java.lang.IllegalStateException: Failed to cast to class java.io.IOException, object=java.util.concurrent.RejectedExecutionException: Task java.util.concurrent.CompletableFuture$AsyncSupply@5634a58a rejected from java.util.concurrent.ThreadPoolExecutor@5f803e53[Terminated, pool size = 0, active threads = 0, queued tasks = 0, completed tasks = 0]
	at java.util.concurrent.ThreadPoolExecutor$AbortPolicy.rejectedExecution(ThreadPoolExecutor.java:2063)
	at java.util.concurrent.ThreadPoolExecutor.reject(ThreadPoolExecutor.java:830)
	at java.util.concurrent.ThreadPoolExecutor.execute(ThreadPoolExecutor.java:1379)
	at java.util.concurrent.CompletableFuture.asyncSupplyStage(CompletableFuture.java:1618)
	at java.util.concurrent.CompletableFuture.supplyAsync(CompletableFuture.java:1843)
	at org.apache.ratis.server.impl.RaftServerImpl.executeSubmitServerRequestAsync(RaftServerImpl.java:788)
	at org.apache.ratis.server.impl.RaftServerProxy.lambda$appendEntriesAsync$26(RaftServerProxy.java:622)
	at java.util.concurrent.CompletableFuture.uniComposeStage(CompletableFuture.java:995)
	at java.util.concurrent.CompletableFuture.thenCompose(CompletableFuture.java:2137)
	at org.apache.ratis.server.impl.RaftServerProxy.appendEntriesAsync(RaftServerProxy.java:622)
	at org.apache.ratis.grpc.server.GrpcServerProtocolService$1.process(GrpcServerProtocolService.java:207)
	at org.apache.ratis.grpc.server.GrpcServerProtocolService$1.process(GrpcServerProtocolService.java:204)
	at org.apache.ratis.grpc.server.GrpcServerProtocolService$ServerRequestStreamObserver.onNext(GrpcServerProtocolService.java:126)
	at org.apache.ratis.thirdparty.io.grpc.stub.ServerCalls$StreamingServerCallHandler$StreamingServerCallListener.onMessage(ServerCalls.java:262)
	at org.apache.ratis.thirdparty.io.grpc.ForwardingServerCallListener.onMessage(ForwardingServerCallListener.java:33)
	at org.apache.ratis.thirdparty.io.grpc.internal.ServerCallImpl$ServerStreamListenerImpl.messagesAvailableInternal(ServerCallImpl.java:318)
	at org.apache.ratis.thirdparty.io.grpc.internal.ServerCallImpl$ServerStreamListenerImpl.messagesAvailable(ServerCallImpl.java:301)
	at org.apache.ratis.thirdparty.io.grpc.internal.ServerImpl$JumpToApplicationThreadServerStreamListener$1MessagesAvailable.runInContext(ServerImpl.java:834)
	at org.apache.ratis.thirdparty.io.grpc.internal.ContextRunnable.run(ContextRunnable.java:37)
	at org.apache.ratis.thirdparty.io.grpc.internal.SerializingExecutor.run(SerializingExecutor.java:133)
	at java.util.concurrent.ThreadPoolExecutor.runWorker(ThreadPoolExecutor.java:1149)
	at java.util.concurrent.ThreadPoolExecutor$Worker.run(ThreadPoolExecutor.java:624)
	at java.lang.Thread.run(Thread.java:750)

		at org.apache.ratis.util.IOUtils.readObject(IOUtils.java:237)
		at org.apache.ratis.util.IOUtils.bytes2Object(IOUtils.java:214)
		at org.apache.ratis.grpc.GrpcUtil.tryUnwrapException(GrpcUtil.java:109)
		at org.apache.ratis.grpc.GrpcUtil.unwrapThrowable(GrpcUtil.java:82)
		at org.apache.ratis.grpc.GrpcUtil.warn(GrpcUtil.java:178)
		at org.apache.ratis.grpc.server.GrpcLogAppender$AppendLogResponseHandler.onError(GrpcLogAppender.java:378)
		... 10 more
	Caused by: java.lang.ClassCastException: Cannot cast java.util.concurrent.RejectedExecutionException to java.io.IOException
		at java.lang.Class.cast(Class.java:3369)
		at org.apache.ratis.util.IOUtils.readObject(IOUtils.java:234)
		... 15 more
2022-07-24 15:57:05,683 [grpc-default-executor-8] INFO  leader.FollowerInfo (FollowerInfoImpl.java:lambda$new$0(48)) - s0@group-1D117010C276->s2: nextIndex: updateUnconditionally 222 -> 199
2022-07-24 15:57:05,686 [s1@group-1D117010C276-SegmentedRaftLogWorker] TRACE util.FileUtils (LogUtils.java:runAndLog(49)) - Successfully ran Files.move /home/runner/work/ratis/ratis/ratis-test/target/test/data/9df233b8/MiniRaftClusterWithGrpcfc29b47e/s1/6607989c-d6da-490c-8466-1d117010c276/current/log_inprogress_199 to /home/runner/work/ratis/ratis/ratis-test/target/test/data/9df233b8/MiniRaftClusterWithGrpcfc29b47e/s1/6607989c-d6da-490c-8466-1d117010c276/current/log_199-220
2022-07-24 15:57:05,686 [s1@group-1D117010C276-SegmentedRaftLogWorker] INFO  segmented.SegmentedRaftLogWorker (SegmentedRaftLogWorker.java:execute(586)) - s1@group-1D117010C276-SegmentedRaftLogWorker: Rolled log segment from /home/runner/work/ratis/ratis/ratis-test/target/test/data/9df233b8/MiniRaftClusterWithGrpcfc29b47e/s1/6607989c-d6da-490c-8466-1d117010c276/current/log_inprogress_199 to /home/runner/work/ratis/ratis/ratis-test/target/test/data/9df233b8/MiniRaftClusterWithGrpcfc29b47e/s1/6607989c-d6da-490c-8466-1d117010c276/current/log_199-220
2022-07-24 15:57:05,687 [s1@group-1D117010C276-StateMachineUpdater] INFO  statemachine.SimpleStateMachine4Testing (SimpleStateMachine4Testing.java:put(204)) - s1: put 219, m107 -> (t:2, i:219), STATEMACHINELOGENTRY, 493@client-6F86E1C52B91
2022-07-24 15:57:05,688 [grpc-default-executor-8] WARN  server.GrpcServerProtocolService (LogUtils.java:warn(124)) - s2: Failed APPEND_ENTRIES request s0->s2#52-t2,previous=(t:1, i:198),leaderCommit=220,initializing? true,entries: size=23, first=(t:2, i:199), CONFIGURATIONENTRY(current:id: "s0"
address: "localhost:41145"
dataStreamAddress: "localhost:35053"
clientAddress: "localhost:40971"
adminAddress: "localhost:44949"
startupRole: FOLLOWER
,id: "s1"
address: "localhost:37813"
dataStreamAddress: "localhost:42861"
clientAddress: "localhost:42193"
adminAddress: "localhost:42655"
startupRole: FOLLOWER
,id: "s2"
address: "localhost:37241"
dataStreamAddress: "localhost:33751"
clientAddress: "localhost:34449"
adminAddress: "localhost:39099"
startupRole: FOLLOWER
, old:)
java.util.concurrent.CompletionException: java.util.concurrent.RejectedExecutionException: Task java.util.concurrent.CompletableFuture$AsyncSupply@5461eb56 rejected from java.util.concurrent.ThreadPoolExecutor@5f803e53[Terminated, pool size = 0, active threads = 0, queued tasks = 0, completed tasks = 0]
	at java.util.concurrent.CompletableFuture.encodeThrowable(CompletableFuture.java:273)
	at java.util.concurrent.CompletableFuture.uniComposeStage(CompletableFuture.java:1005)
	at java.util.concurrent.CompletableFuture.thenCompose(CompletableFuture.java:2137)
	at org.apache.ratis.server.impl.RaftServerProxy.appendEntriesAsync(RaftServerProxy.java:622)
	at org.apache.ratis.grpc.server.GrpcServerProtocolService$1.process(GrpcServerProtocolService.java:207)
	at org.apache.ratis.grpc.server.GrpcServerProtocolService$1.process(GrpcServerProtocolService.java:204)
	at org.apache.ratis.grpc.server.GrpcServerProtocolService$ServerRequestStreamObserver.onNext(GrpcServerProtocolService.java:126)
	at org.apache.ratis.thirdparty.io.grpc.stub.ServerCalls$StreamingServerCallHandler$StreamingServerCallListener.onMessage(ServerCalls.java:262)
	at org.apache.ratis.thirdparty.io.grpc.ForwardingServerCallListener.onMessage(ForwardingServerCallListener.java:33)
	at org.apache.ratis.thirdparty.io.grpc.internal.ServerCallImpl$ServerStreamListenerImpl.messagesAvailableInternal(ServerCallImpl.java:318)
	at org.apache.ratis.thirdparty.io.grpc.internal.ServerCallImpl$ServerStreamListenerImpl.messagesAvailable(ServerCallImpl.java:301)
	at org.apache.ratis.thirdparty.io.grpc.internal.ServerImpl$JumpToApplicationThreadServerStreamListener$1MessagesAvailable.runInContext(ServerImpl.java:834)
	at org.apache.ratis.thirdparty.io.grpc.internal.ContextRunnable.run(ContextRunnable.java:37)
	at org.apache.ratis.thirdparty.io.grpc.internal.SerializingExecutor.run(SerializingExecutor.java:133)
	at java.util.concurrent.ThreadPoolExecutor.runWorker(ThreadPoolExecutor.java:1149)
	at java.util.concurrent.ThreadPoolExecutor$Worker.run(ThreadPoolExecutor.java:624)
	at java.lang.Thread.run(Thread.java:750)
Caused by: java.util.concurrent.RejectedExecutionException: Task java.util.concurrent.CompletableFuture$AsyncSupply@5461eb56 rejected from java.util.concurrent.ThreadPoolExecutor@5f803e53[Terminated, pool size = 0, active threads = 0, queued tasks = 0, completed tasks = 0]
	at java.util.concurrent.ThreadPoolExecutor$AbortPolicy.rejectedExecution(ThreadPoolExecutor.java:2063)
	at java.util.concurrent.ThreadPoolExecutor.reject(ThreadPoolExecutor.java:830)
	at java.util.concurrent.ThreadPoolExecutor.execute(ThreadPoolExecutor.java:1379)
	at java.util.concurrent.CompletableFuture.asyncSupplyStage(CompletableFuture.java:1618)
	at java.util.concurrent.CompletableFuture.supplyAsync(CompletableFuture.java:1843)
	at org.apache.ratis.server.impl.RaftServerImpl.executeSubmitServerRequestAsync(RaftServerImpl.java:788)
	at org.apache.ratis.server.impl.RaftServerProxy.lambda$appendEntriesAsync$26(RaftServerProxy.java:622)
	at java.util.concurrent.CompletableFuture.uniComposeStage(CompletableFuture.java:995)
	... 15 more
2022-07-24 15:57:05,689 [s1@group-1D117010C276-SegmentedRaftLogWorker] INFO  segmented.SegmentedRaftLogWorker (SegmentedRaftLogWorker.java:execute(629)) - s1@group-1D117010C276-SegmentedRaftLogWorker: created new log segment /home/runner/work/ratis/ratis/ratis-test/target/test/data/9df233b8/MiniRaftClusterWithGrpcfc29b47e/s1/6607989c-d6da-490c-8466-1d117010c276/current/log_inprogress_221
2022-07-24 15:57:05,689 [grpc-default-executor-9] WARN  server.GrpcLogAppender (LogUtils.java:warn(124)) - s0@group-1D117010C276->s2-AppendLogResponseHandler: Failed appendEntries
java.io.IOException: java.util.concurrent.RejectedExecutionException: Task java.util.concurrent.CompletableFuture$AsyncSupply@5461eb56 rejected from java.util.concurrent.ThreadPoolExecutor@5f803e53[Terminated, pool size = 0, active threads = 0, queued tasks = 0, completed tasks = 0]
	at org.apache.ratis.util.IOUtils.asIOException(IOUtils.java:56)
	at org.apache.ratis.grpc.GrpcUtil.tryUnwrapException(GrpcUtil.java:121)
	at org.apache.ratis.grpc.GrpcUtil.unwrapThrowable(GrpcUtil.java:82)
	at org.apache.ratis.grpc.GrpcUtil.warn(GrpcUtil.java:178)
	at org.apache.ratis.grpc.server.GrpcLogAppender$AppendLogResponseHandler.onError(GrpcLogAppender.java:378)
	at org.apache.ratis.thirdparty.io.grpc.stub.ClientCalls$StreamObserverToCallListenerAdapter.onClose(ClientCalls.java:479)
	at org.apache.ratis.thirdparty.io.grpc.internal.ClientCallImpl.closeObserver(ClientCallImpl.java:562)
	at org.apache.ratis.thirdparty.io.grpc.internal.ClientCallImpl.access$300(ClientCallImpl.java:70)
	at org.apache.ratis.thirdparty.io.grpc.internal.ClientCallImpl$ClientStreamListenerImpl$1StreamClosed.runInternal(ClientCallImpl.java:743)
	at org.apache.ratis.thirdparty.io.grpc.internal.ClientCallImpl$ClientStreamListenerImpl$1StreamClosed.runInContext(ClientCallImpl.java:722)
	at org.apache.ratis.thirdparty.io.grpc.internal.ContextRunnable.run(ContextRunnable.java:37)
	at org.apache.ratis.thirdparty.io.grpc.internal.SerializingExecutor.run(SerializingExecutor.java:133)
	at java.util.concurrent.ThreadPoolExecutor.runWorker(ThreadPoolExecutor.java:1149)
	at java.util.concurrent.ThreadPoolExecutor$Worker.run(ThreadPoolExecutor.java:624)
	at java.lang.Thread.run(Thread.java:750)
Caused by: java.util.concurrent.RejectedExecutionException: Task java.util.concurrent.CompletableFuture$AsyncSupply@5461eb56 rejected from java.util.concurrent.ThreadPoolExecutor@5f803e53[Terminated, pool size = 0, active threads = 0, queued tasks = 0, completed tasks = 0]
	at sun.reflect.GeneratedConstructorAccessor9.newInstance(Unknown Source)
	at sun.reflect.DelegatingConstructorAccessorImpl.newInstance(DelegatingConstructorAccessorImpl.java:45)
	at java.lang.reflect.Constructor.newInstance(Constructor.java:423)
	at org.apache.ratis.util.ReflectionUtils.instantiateException(ReflectionUtils.java:259)
	at org.apache.ratis.grpc.GrpcUtil.tryUnwrapException(GrpcUtil.java:120)
	... 13 more
Caused by: org.apache.ratis.thirdparty.io.grpc.StatusRuntimeException: INTERNAL: Task java.util.concurrent.CompletableFuture$AsyncSupply@5461eb56 rejected from java.util.concurrent.ThreadPoolExecutor@5f803e53[Terminated, pool size = 0, active threads = 0, queued tasks = 0, completed tasks = 0]
	at org.apache.ratis.thirdparty.io.grpc.Status.asRuntimeException(Status.java:535)
	... 10 more
	Suppressed: java.lang.IllegalStateException: Failed to cast to class java.io.IOException, object=java.util.concurrent.RejectedExecutionException: Task java.util.concurrent.CompletableFuture$AsyncSupply@5461eb56 rejected from java.util.concurrent.ThreadPoolExecutor@5f803e53[Terminated, pool size = 0, active threads = 0, queued tasks = 0, completed tasks = 0]
	at java.util.concurrent.ThreadPoolExecutor$AbortPolicy.rejectedExecution(ThreadPoolExecutor.java:2063)
	at java.util.concurrent.ThreadPoolExecutor.reject(ThreadPoolExecutor.java:830)
	at java.util.concurrent.ThreadPoolExecutor.execute(ThreadPoolExecutor.java:1379)
	at java.util.concurrent.CompletableFuture.asyncSupplyStage(CompletableFuture.java:1618)
	at java.util.concurrent.CompletableFuture.supplyAsync(CompletableFuture.java:1843)
	at org.apache.ratis.server.impl.RaftServerImpl.executeSubmitServerRequestAsync(RaftServerImpl.java:788)
	at org.apache.ratis.server.impl.RaftServerProxy.lambda$appendEntriesAsync$26(RaftServerProxy.java:622)
	at java.util.concurrent.CompletableFuture.uniComposeStage(CompletableFuture.java:995)
	at java.util.concurrent.CompletableFuture.thenCompose(CompletableFuture.java:2137)
	at org.apache.ratis.server.impl.RaftServerProxy.appendEntriesAsync(RaftServerProxy.java:622)
	at org.apache.ratis.grpc.server.GrpcServerProtocolService$1.process(GrpcServerProtocolService.java:207)
	at org.apache.ratis.grpc.server.GrpcServerProtocolService$1.process(GrpcServerProtocolService.java:204)
	at org.apache.ratis.grpc.server.GrpcServerProtocolService$ServerRequestStreamObserver.onNext(GrpcServerProtocolService.java:126)
	at org.apache.ratis.thirdparty.io.grpc.stub.ServerCalls$StreamingServerCallHandler$StreamingServerCallListener.onMessage(ServerCalls.java:262)
	at org.apache.ratis.thirdparty.io.grpc.ForwardingServerCallListener.onMessage(ForwardingServerCallListener.java:33)
	at org.apache.ratis.thirdparty.io.grpc.internal.ServerCallImpl$ServerStreamListenerImpl.messagesAvailableInternal(ServerCallImpl.java:318)
	at org.apache.ratis.thirdparty.io.grpc.internal.ServerCallImpl$ServerStreamListenerImpl.messagesAvailable(ServerCallImpl.java:301)
	at org.apache.ratis.thirdparty.io.grpc.internal.ServerImpl$JumpToApplicationThreadServerStreamListener$1MessagesAvailable.runInContext(ServerImpl.java:834)
	at org.apache.ratis.thirdparty.io.grpc.internal.ContextRunnable.run(ContextRunnable.java:37)
	at org.apache.ratis.thirdparty.io.grpc.internal.SerializingExecutor.run(SerializingExecutor.java:133)
	at java.util.concurrent.ThreadPoolExecutor.runWorker(ThreadPoolExecutor.java:1149)
	at java.util.concurrent.ThreadPoolExecutor$Worker.run(ThreadPoolExecutor.java:624)
	at java.lang.Thread.run(Thread.java:750)

		at org.apache.ratis.util.IOUtils.readObject(IOUtils.java:237)
		at org.apache.ratis.util.IOUtils.bytes2Object(IOUtils.java:214)
		at org.apache.ratis.grpc.GrpcUtil.tryUnwrapException(GrpcUtil.java:109)
		at org.apache.ratis.grpc.GrpcUtil.unwrapThrowable(GrpcUtil.java:82)
		at org.apache.ratis.grpc.GrpcUtil.warn(GrpcUtil.java:178)
		at org.apache.ratis.grpc.server.GrpcLogAppender$AppendLogResponseHandler.onError(GrpcLogAppender.java:378)
		... 10 more
	Caused by: java.lang.ClassCastException: Cannot cast java.util.concurrent.RejectedExecutionException to java.io.IOException
		at java.lang.Class.cast(Class.java:3369)
		at org.apache.ratis.util.IOUtils.readObject(IOUtils.java:234)
		... 15 more
2022-07-24 15:57:05,690 [grpc-default-executor-9] INFO  leader.FollowerInfo (FollowerInfoImpl.java:lambda$new$0(48)) - s0@group-1D117010C276->s2: nextIndex: updateUnconditionally 222 -> 199
2022-07-24 15:57:05,697 [s0@group-1D117010C276-StateMachineUpdater] INFO  statemachine.SimpleStateMachine4Testing (SimpleStateMachine4Testing.java:put(204)) - s0: put 221, m108 -> (t:2, i:221), STATEMACHINELOGENTRY, 494@client-6F86E1C52B91
2022-07-24 15:57:05,698 [s1-server-thread1] DEBUG raftlog.RaftLog (SegmentedRaftLog.java:appendImpl(447)) - truncateIndex=-1, arrayIndex=0
2022-07-24 15:57:05,699 [grpc-default-executor-10] WARN  server.GrpcServerProtocolService (LogUtils.java:warn(124)) - s2: Failed APPEND_ENTRIES request s0->s2#53-t2,previous=(t:1, i:198),leaderCommit=221,initializing? true,entries: size=24, first=(t:2, i:199), CONFIGURATIONENTRY(current:id: "s0"
address: "localhost:41145"
dataStreamAddress: "localhost:35053"
clientAddress: "localhost:40971"
adminAddress: "localhost:44949"
startupRole: FOLLOWER
,id: "s1"
address: "localhost:37813"
dataStreamAddress: "localhost:42861"
clientAddress: "localhost:42193"
adminAddress: "localhost:42655"
startupRole: FOLLOWER
,id: "s2"
address: "localhost:37241"
dataStreamAddress: "localhost:33751"
clientAddress: "localhost:34449"
adminAddress: "localhost:39099"
startupRole: FOLLOWER
, old:)
java.util.concurrent.CompletionException: java.util.concurrent.RejectedExecutionException: Task java.util.concurrent.CompletableFuture$AsyncSupply@29b0f2b3 rejected from java.util.concurrent.ThreadPoolExecutor@5f803e53[Terminated, pool size = 0, active threads = 0, queued tasks = 0, completed tasks = 0]
	at java.util.concurrent.CompletableFuture.encodeThrowable(CompletableFuture.java:273)
	at java.util.concurrent.CompletableFuture.uniComposeStage(CompletableFuture.java:1005)
	at java.util.concurrent.CompletableFuture.thenCompose(CompletableFuture.java:2137)
	at org.apache.ratis.server.impl.RaftServerProxy.appendEntriesAsync(RaftServerProxy.java:622)
	at org.apache.ratis.grpc.server.GrpcServerProtocolService$1.process(GrpcServerProtocolService.java:207)
	at org.apache.ratis.grpc.server.GrpcServerProtocolService$1.process(GrpcServerProtocolService.java:204)
	at org.apache.ratis.grpc.server.GrpcServerProtocolService$ServerRequestStreamObserver.onNext(GrpcServerProtocolService.java:126)
	at org.apache.ratis.thirdparty.io.grpc.stub.ServerCalls$StreamingServerCallHandler$StreamingServerCallListener.onMessage(ServerCalls.java:262)
	at org.apache.ratis.thirdparty.io.grpc.ForwardingServerCallListener.onMessage(ForwardingServerCallListener.java:33)
	at org.apache.ratis.thirdparty.io.grpc.internal.ServerCallImpl$ServerStreamListenerImpl.messagesAvailableInternal(ServerCallImpl.java:318)
	at org.apache.ratis.thirdparty.io.grpc.internal.ServerCallImpl$ServerStreamListenerImpl.messagesAvailable(ServerCallImpl.java:301)
	at org.apache.ratis.thirdparty.io.grpc.internal.ServerImpl$JumpToApplicationThreadServerStreamListener$1MessagesAvailable.runInContext(ServerImpl.java:834)
	at org.apache.ratis.thirdparty.io.grpc.internal.ContextRunnable.run(ContextRunnable.java:37)
	at org.apache.ratis.thirdparty.io.grpc.internal.SerializingExecutor.run(SerializingExecutor.java:133)
	at java.util.concurrent.ThreadPoolExecutor.runWorker(ThreadPoolExecutor.java:1149)
	at java.util.concurrent.ThreadPoolExecutor$Worker.run(ThreadPoolExecutor.java:624)
	at java.lang.Thread.run(Thread.java:750)
Caused by: java.util.concurrent.RejectedExecutionException: Task java.util.concurrent.CompletableFuture$AsyncSupply@29b0f2b3 rejected from java.util.concurrent.ThreadPoolExecutor@5f803e53[Terminated, pool size = 0, active threads = 0, queued tasks = 0, completed tasks = 0]
	at java.util.concurrent.ThreadPoolExecutor$AbortPolicy.rejectedExecution(ThreadPoolExecutor.java:2063)
	at java.util.concurrent.ThreadPoolExecutor.reject(ThreadPoolExecutor.java:830)
	at java.util.concurrent.ThreadPoolExecutor.execute(ThreadPoolExecutor.java:1379)
	at java.util.concurrent.CompletableFuture.asyncSupplyStage(CompletableFuture.java:1618)
	at java.util.concurrent.CompletableFuture.supplyAsync(CompletableFuture.java:1843)
	at org.apache.ratis.server.impl.RaftServerImpl.executeSubmitServerRequestAsync(RaftServerImpl.java:788)
	at org.apache.ratis.server.impl.RaftServerProxy.lambda$appendEntriesAsync$26(RaftServerProxy.java:622)
	at java.util.concurrent.CompletableFuture.uniComposeStage(CompletableFuture.java:995)
	... 15 more
2022-07-24 15:57:05,700 [s1-server-thread1] DEBUG raftlog.RaftLog (SegmentedRaftLog.java:appendImpl(447)) - truncateIndex=-1, arrayIndex=0
2022-07-24 15:57:05,701 [grpc-default-executor-10] WARN  server.GrpcLogAppender (LogUtils.java:warn(124)) - s0@group-1D117010C276->s2-AppendLogResponseHandler: Failed appendEntries
java.io.IOException: java.util.concurrent.RejectedExecutionException: Task java.util.concurrent.CompletableFuture$AsyncSupply@29b0f2b3 rejected from java.util.concurrent.ThreadPoolExecutor@5f803e53[Terminated, pool size = 0, active threads = 0, queued tasks = 0, completed tasks = 0]
	at org.apache.ratis.util.IOUtils.asIOException(IOUtils.java:56)
	at org.apache.ratis.grpc.GrpcUtil.tryUnwrapException(GrpcUtil.java:121)
	at org.apache.ratis.grpc.GrpcUtil.unwrapThrowable(GrpcUtil.java:82)
	at org.apache.ratis.grpc.GrpcUtil.warn(GrpcUtil.java:178)
	at org.apache.ratis.grpc.server.GrpcLogAppender$AppendLogResponseHandler.onError(GrpcLogAppender.java:378)
	at org.apache.ratis.thirdparty.io.grpc.stub.ClientCalls$StreamObserverToCallListenerAdapter.onClose(ClientCalls.java:479)
	at org.apache.ratis.thirdparty.io.grpc.internal.ClientCallImpl.closeObserver(ClientCallImpl.java:562)
	at org.apache.ratis.thirdparty.io.grpc.internal.ClientCallImpl.access$300(ClientCallImpl.java:70)
	at org.apache.ratis.thirdparty.io.grpc.internal.ClientCallImpl$ClientStreamListenerImpl$1StreamClosed.runInternal(ClientCallImpl.java:743)
	at org.apache.ratis.thirdparty.io.grpc.internal.ClientCallImpl$ClientStreamListenerImpl$1StreamClosed.runInContext(ClientCallImpl.java:722)
	at org.apache.ratis.thirdparty.io.grpc.internal.ContextRunnable.run(ContextRunnable.java:37)
	at org.apache.ratis.thirdparty.io.grpc.internal.SerializingExecutor.run(SerializingExecutor.java:133)
	at java.util.concurrent.ThreadPoolExecutor.runWorker(ThreadPoolExecutor.java:1149)
	at java.util.concurrent.ThreadPoolExecutor$Worker.run(ThreadPoolExecutor.java:624)
	at java.lang.Thread.run(Thread.java:750)
Caused by: java.util.concurrent.RejectedExecutionException: Task java.util.concurrent.CompletableFuture$AsyncSupply@29b0f2b3 rejected from java.util.concurrent.ThreadPoolExecutor@5f803e53[Terminated, pool size = 0, active threads = 0, queued tasks = 0, completed tasks = 0]
	at sun.reflect.GeneratedConstructorAccessor9.newInstance(Unknown Source)
	at sun.reflect.DelegatingConstructorAccessorImpl.newInstance(DelegatingConstructorAccessorImpl.java:45)
	at java.lang.reflect.Constructor.newInstance(Constructor.java:423)
	at org.apache.ratis.util.ReflectionUtils.instantiateException(ReflectionUtils.java:259)
	at org.apache.ratis.grpc.GrpcUtil.tryUnwrapException(GrpcUtil.java:120)
	... 13 more
Caused by: org.apache.ratis.thirdparty.io.grpc.StatusRuntimeException: INTERNAL: Task java.util.concurrent.CompletableFuture$AsyncSupply@29b0f2b3 rejected from java.util.concurrent.ThreadPoolExecutor@5f803e53[Terminated, pool size = 0, active threads = 0, queued tasks = 0, completed tasks = 0]
	at org.apache.ratis.thirdparty.io.grpc.Status.asRuntimeException(Status.java:535)
	... 10 more
	Suppressed: java.lang.IllegalStateException: Failed to cast to class java.io.IOException, object=java.util.concurrent.RejectedExecutionException: Task java.util.concurrent.CompletableFuture$AsyncSupply@29b0f2b3 rejected from java.util.concurrent.ThreadPoolExecutor@5f803e53[Terminated, pool size = 0, active threads = 0, queued tasks = 0, completed tasks = 0]
	at java.util.concurrent.ThreadPoolExecutor$AbortPolicy.rejectedExecution(ThreadPoolExecutor.java:2063)
	at java.util.concurrent.ThreadPoolExecutor.reject(ThreadPoolExecutor.java:830)
	at java.util.concurrent.ThreadPoolExecutor.execute(ThreadPoolExecutor.java:1379)
	at java.util.concurrent.CompletableFuture.asyncSupplyStage(CompletableFuture.java:1618)
	at java.util.concurrent.CompletableFuture.supplyAsync(CompletableFuture.java:1843)
	at org.apache.ratis.server.impl.RaftServerImpl.executeSubmitServerRequestAsync(RaftServerImpl.java:788)
	at org.apache.ratis.server.impl.RaftServerProxy.lambda$appendEntriesAsync$26(RaftServerProxy.java:622)
	at java.util.concurrent.CompletableFuture.uniComposeStage(CompletableFuture.java:995)
	at java.util.concurrent.CompletableFuture.thenCompose(CompletableFuture.java:2137)
	at org.apache.ratis.server.impl.RaftServerProxy.appendEntriesAsync(RaftServerProxy.java:622)
	at org.apache.ratis.grpc.server.GrpcServerProtocolService$1.process(GrpcServerProtocolService.java:207)
	at org.apache.ratis.grpc.server.GrpcServerProtocolService$1.process(GrpcServerProtocolService.java:204)
	at org.apache.ratis.grpc.server.GrpcServerProtocolService$ServerRequestStreamObserver.onNext(GrpcServerProtocolService.java:126)
	at org.apache.ratis.thirdparty.io.grpc.stub.ServerCalls$StreamingServerCallHandler$StreamingServerCallListener.onMessage(ServerCalls.java:262)
	at org.apache.ratis.thirdparty.io.grpc.ForwardingServerCallListener.onMessage(ForwardingServerCallListener.java:33)
	at org.apache.ratis.thirdparty.io.grpc.internal.ServerCallImpl$ServerStreamListenerImpl.messagesAvailableInternal(ServerCallImpl.java:318)
	at org.apache.ratis.thirdparty.io.grpc.internal.ServerCallImpl$ServerStreamListenerImpl.messagesAvailable(ServerCallImpl.java:301)
	at org.apache.ratis.thirdparty.io.grpc.internal.ServerImpl$JumpToApplicationThreadServerStreamListener$1MessagesAvailable.runInContext(ServerImpl.java:834)
	at org.apache.ratis.thirdparty.io.grpc.internal.ContextRunnable.run(ContextRunnable.java:37)
	at org.apache.ratis.thirdparty.io.grpc.internal.SerializingExecutor.run(SerializingExecutor.java:133)
	at java.util.concurrent.ThreadPoolExecutor.runWorker(ThreadPoolExecutor.java:1149)
	at java.util.concurrent.ThreadPoolExecutor$Worker.run(ThreadPoolExecutor.java:624)
	at java.lang.Thread.run(Thread.java:750)

		at org.apache.ratis.util.IOUtils.readObject(IOUtils.java:237)
		at org.apache.ratis.util.IOUtils.bytes2Object(IOUtils.java:214)
		at org.apache.ratis.grpc.GrpcUtil.tryUnwrapException(GrpcUtil.java:109)
		at org.apache.ratis.grpc.GrpcUtil.unwrapThrowable(GrpcUtil.java:82)
		at org.apache.ratis.grpc.GrpcUtil.warn(GrpcUtil.java:178)
		at org.apache.ratis.grpc.server.GrpcLogAppender$AppendLogResponseHandler.onError(GrpcLogAppender.java:378)
		... 10 more
	Caused by: java.lang.ClassCastException: Cannot cast java.util.concurrent.RejectedExecutionException to java.io.IOException
		at java.lang.Class.cast(Class.java:3369)
		at org.apache.ratis.util.IOUtils.readObject(IOUtils.java:234)
		... 15 more
2022-07-24 15:57:05,701 [grpc-default-executor-10] INFO  leader.FollowerInfo (FollowerInfoImpl.java:lambda$new$0(48)) - s0@group-1D117010C276->s2: nextIndex: updateUnconditionally 223 -> 199
2022-07-24 15:57:05,701 [s1@group-1D117010C276-StateMachineUpdater] INFO  statemachine.SimpleStateMachine4Testing (SimpleStateMachine4Testing.java:put(204)) - s1: put 221, m108 -> (t:2, i:221), STATEMACHINELOGENTRY, 494@client-6F86E1C52B91
2022-07-24 15:57:05,702 [grpc-default-executor-10] WARN  server.GrpcServerProtocolService (LogUtils.java:warn(124)) - s2: Failed APPEND_ENTRIES request s0->s2#55-t2,previous=(t:1, i:198),leaderCommit=222,initializing? true,entries: size=25, first=(t:2, i:199), CONFIGURATIONENTRY(current:id: "s0"
address: "localhost:41145"
dataStreamAddress: "localhost:35053"
clientAddress: "localhost:40971"
adminAddress: "localhost:44949"
startupRole: FOLLOWER
,id: "s1"
address: "localhost:37813"
dataStreamAddress: "localhost:42861"
clientAddress: "localhost:42193"
adminAddress: "localhost:42655"
startupRole: FOLLOWER
,id: "s2"
address: "localhost:37241"
dataStreamAddress: "localhost:33751"
clientAddress: "localhost:34449"
adminAddress: "localhost:39099"
startupRole: FOLLOWER
, old:)
java.util.concurrent.CompletionException: java.util.concurrent.RejectedExecutionException: Task java.util.concurrent.CompletableFuture$AsyncSupply@5acf9d35 rejected from java.util.concurrent.ThreadPoolExecutor@5f803e53[Terminated, pool size = 0, active threads = 0, queued tasks = 0, completed tasks = 0]
	at java.util.concurrent.CompletableFuture.encodeThrowable(CompletableFuture.java:273)
	at java.util.concurrent.CompletableFuture.uniComposeStage(CompletableFuture.java:1005)
	at java.util.concurrent.CompletableFuture.thenCompose(CompletableFuture.java:2137)
	at org.apache.ratis.server.impl.RaftServerProxy.appendEntriesAsync(RaftServerProxy.java:622)
	at org.apache.ratis.grpc.server.GrpcServerProtocolService$1.process(GrpcServerProtocolService.java:207)
	at org.apache.ratis.grpc.server.GrpcServerProtocolService$1.process(GrpcServerProtocolService.java:204)
	at org.apache.ratis.grpc.server.GrpcServerProtocolService$ServerRequestStreamObserver.onNext(GrpcServerProtocolService.java:126)
	at org.apache.ratis.thirdparty.io.grpc.stub.ServerCalls$StreamingServerCallHandler$StreamingServerCallListener.onMessage(ServerCalls.java:262)
	at org.apache.ratis.thirdparty.io.grpc.ForwardingServerCallListener.onMessage(ForwardingServerCallListener.java:33)
	at org.apache.ratis.thirdparty.io.grpc.internal.ServerCallImpl$ServerStreamListenerImpl.messagesAvailableInternal(ServerCallImpl.java:318)
	at org.apache.ratis.thirdparty.io.grpc.internal.ServerCallImpl$ServerStreamListenerImpl.messagesAvailable(ServerCallImpl.java:301)
	at org.apache.ratis.thirdparty.io.grpc.internal.ServerImpl$JumpToApplicationThreadServerStreamListener$1MessagesAvailable.runInContext(ServerImpl.java:834)
	at org.apache.ratis.thirdparty.io.grpc.internal.ContextRunnable.run(ContextRunnable.java:37)
	at org.apache.ratis.thirdparty.io.grpc.internal.SerializingExecutor.run(SerializingExecutor.java:133)
	at java.util.concurrent.ThreadPoolExecutor.runWorker(ThreadPoolExecutor.java:1149)
	at java.util.concurrent.ThreadPoolExecutor$Worker.run(ThreadPoolExecutor.java:624)
	at java.lang.Thread.run(Thread.java:750)
Caused by: java.util.concurrent.RejectedExecutionException: Task java.util.concurrent.CompletableFuture$AsyncSupply@5acf9d35 rejected from java.util.concurrent.ThreadPoolExecutor@5f803e53[Terminated, pool size = 0, active threads = 0, queued tasks = 0, completed tasks = 0]
	at java.util.concurrent.ThreadPoolExecutor$AbortPolicy.rejectedExecution(ThreadPoolExecutor.java:2063)
	at java.util.concurrent.ThreadPoolExecutor.reject(ThreadPoolExecutor.java:830)
	at java.util.concurrent.ThreadPoolExecutor.execute(ThreadPoolExecutor.java:1379)
	at java.util.concurrent.CompletableFuture.asyncSupplyStage(CompletableFuture.java:1618)
	at java.util.concurrent.CompletableFuture.supplyAsync(CompletableFuture.java:1843)
	at org.apache.ratis.server.impl.RaftServerImpl.executeSubmitServerRequestAsync(RaftServerImpl.java:788)
	at org.apache.ratis.server.impl.RaftServerProxy.lambda$appendEntriesAsync$26(RaftServerProxy.java:622)
	at java.util.concurrent.CompletableFuture.uniComposeStage(CompletableFuture.java:995)
	... 15 more
2022-07-24 15:57:05,703 [s0@group-1D117010C276-StateMachineUpdater] INFO  statemachine.SimpleStateMachine4Testing (SimpleStateMachine4Testing.java:put(204)) - s0: put 223, m109 -> (t:2, i:223), STATEMACHINELOGENTRY, 495@client-6F86E1C52B91
2022-07-24 15:57:05,704 [grpc-default-executor-9] WARN  server.GrpcLogAppender (LogUtils.java:warn(124)) - s0@group-1D117010C276->s2-AppendLogResponseHandler: Failed appendEntries
java.io.IOException: java.util.concurrent.RejectedExecutionException: Task java.util.concurrent.CompletableFuture$AsyncSupply@5acf9d35 rejected from java.util.concurrent.ThreadPoolExecutor@5f803e53[Terminated, pool size = 0, active threads = 0, queued tasks = 0, completed tasks = 0]
	at org.apache.ratis.util.IOUtils.asIOException(IOUtils.java:56)
	at org.apache.ratis.grpc.GrpcUtil.tryUnwrapException(GrpcUtil.java:121)
	at org.apache.ratis.grpc.GrpcUtil.unwrapThrowable(GrpcUtil.java:82)
	at org.apache.ratis.grpc.GrpcUtil.warn(GrpcUtil.java:178)
	at org.apache.ratis.grpc.server.GrpcLogAppender$AppendLogResponseHandler.onError(GrpcLogAppender.java:378)
	at org.apache.ratis.thirdparty.io.grpc.stub.ClientCalls$StreamObserverToCallListenerAdapter.onClose(ClientCalls.java:479)
	at org.apache.ratis.thirdparty.io.grpc.internal.ClientCallImpl.closeObserver(ClientCallImpl.java:562)
	at org.apache.ratis.thirdparty.io.grpc.internal.ClientCallImpl.access$300(ClientCallImpl.java:70)
	at org.apache.ratis.thirdparty.io.grpc.internal.ClientCallImpl$ClientStreamListenerImpl$1StreamClosed.runInternal(ClientCallImpl.java:743)
	at org.apache.ratis.thirdparty.io.grpc.internal.ClientCallImpl$ClientStreamListenerImpl$1StreamClosed.runInContext(ClientCallImpl.java:722)
	at org.apache.ratis.thirdparty.io.grpc.internal.ContextRunnable.run(ContextRunnable.java:37)
	at org.apache.ratis.thirdparty.io.grpc.internal.SerializingExecutor.run(SerializingExecutor.java:133)
	at java.util.concurrent.ThreadPoolExecutor.runWorker(ThreadPoolExecutor.java:1149)
	at java.util.concurrent.ThreadPoolExecutor$Worker.run(ThreadPoolExecutor.java:624)
	at java.lang.Thread.run(Thread.java:750)
Caused by: java.util.concurrent.RejectedExecutionException: Task java.util.concurrent.CompletableFuture$AsyncSupply@5acf9d35 rejected from java.util.concurrent.ThreadPoolExecutor@5f803e53[Terminated, pool size = 0, active threads = 0, queued tasks = 0, completed tasks = 0]
	at sun.reflect.GeneratedConstructorAccessor9.newInstance(Unknown Source)
	at sun.reflect.DelegatingConstructorAccessorImpl.newInstance(DelegatingConstructorAccessorImpl.java:45)
	at java.lang.reflect.Constructor.newInstance(Constructor.java:423)
	at org.apache.ratis.util.ReflectionUtils.instantiateException(ReflectionUtils.java:259)
	at org.apache.ratis.grpc.GrpcUtil.tryUnwrapException(GrpcUtil.java:120)
	... 13 more
Caused by: org.apache.ratis.thirdparty.io.grpc.StatusRuntimeException: INTERNAL: Task java.util.concurrent.CompletableFuture$AsyncSupply@5acf9d35 rejected from java.util.concurrent.ThreadPoolExecutor@5f803e53[Terminated, pool size = 0, active threads = 0, queued tasks = 0, completed tasks = 0]
	at org.apache.ratis.thirdparty.io.grpc.Status.asRuntimeException(Status.java:535)
	... 10 more
	Suppressed: java.lang.IllegalStateException: Failed to cast to class java.io.IOException, object=java.util.concurrent.RejectedExecutionException: Task java.util.concurrent.CompletableFuture$AsyncSupply@5acf9d35 rejected from java.util.concurrent.ThreadPoolExecutor@5f803e53[Terminated, pool size = 0, active threads = 0, queued tasks = 0, completed tasks = 0]
	at java.util.concurrent.ThreadPoolExecutor$AbortPolicy.rejectedExecution(ThreadPoolExecutor.java:2063)
	at java.util.concurrent.ThreadPoolExecutor.reject(ThreadPoolExecutor.java:830)
	at java.util.concurrent.ThreadPoolExecutor.execute(ThreadPoolExecutor.java:1379)
	at java.util.concurrent.CompletableFuture.asyncSupplyStage(CompletableFuture.java:1618)
	at java.util.concurrent.CompletableFuture.supplyAsync(CompletableFuture.java:1843)
	at org.apache.ratis.server.impl.RaftServerImpl.executeSubmitServerRequestAsync(RaftServerImpl.java:788)
	at org.apache.ratis.server.impl.RaftServerProxy.lambda$appendEntriesAsync$26(RaftServerProxy.java:622)
	at java.util.concurrent.CompletableFuture.uniComposeStage(CompletableFuture.java:995)
	at java.util.concurrent.CompletableFuture.thenCompose(CompletableFuture.java:2137)
	at org.apache.ratis.server.impl.RaftServerProxy.appendEntriesAsync(RaftServerProxy.java:622)
	at org.apache.ratis.grpc.server.GrpcServerProtocolService$1.process(GrpcServerProtocolService.java:207)
	at org.apache.ratis.grpc.server.GrpcServerProtocolService$1.process(GrpcServerProtocolService.java:204)
	at org.apache.ratis.grpc.server.GrpcServerProtocolService$ServerRequestStreamObserver.onNext(GrpcServerProtocolService.java:126)
	at org.apache.ratis.thirdparty.io.grpc.stub.ServerCalls$StreamingServerCallHandler$StreamingServerCallListener.onMessage(ServerCalls.java:262)
	at org.apache.ratis.thirdparty.io.grpc.ForwardingServerCallListener.onMessage(ForwardingServerCallListener.java:33)
	at org.apache.ratis.thirdparty.io.grpc.internal.ServerCallImpl$ServerStreamListenerImpl.messagesAvailableInternal(ServerCallImpl.java:318)
	at org.apache.ratis.thirdparty.io.grpc.internal.ServerCallImpl$ServerStreamListenerImpl.messagesAvailable(ServerCallImpl.java:301)
	at org.apache.ratis.thirdparty.io.grpc.internal.ServerImpl$JumpToApplicationThreadServerStreamListener$1MessagesAvailable.runInContext(ServerImpl.java:834)
	at org.apache.ratis.thirdparty.io.grpc.internal.ContextRunnable.run(ContextRunnable.java:37)
	at org.apache.ratis.thirdparty.io.grpc.internal.SerializingExecutor.run(SerializingExecutor.java:133)
	at java.util.concurrent.ThreadPoolExecutor.runWorker(ThreadPoolExecutor.java:1149)
	at java.util.concurrent.ThreadPoolExecutor$Worker.run(ThreadPoolExecutor.java:624)
	at java.lang.Thread.run(Thread.java:750)

		at org.apache.ratis.util.IOUtils.readObject(IOUtils.java:237)
		at org.apache.ratis.util.IOUtils.bytes2Object(IOUtils.java:214)
		at org.apache.ratis.grpc.GrpcUtil.tryUnwrapException(GrpcUtil.java:109)
		at org.apache.ratis.grpc.GrpcUtil.unwrapThrowable(GrpcUtil.java:82)
		at org.apache.ratis.grpc.GrpcUtil.warn(GrpcUtil.java:178)
		at org.apache.ratis.grpc.server.GrpcLogAppender$AppendLogResponseHandler.onError(GrpcLogAppender.java:378)
		... 10 more
	Caused by: java.lang.ClassCastException: Cannot cast java.util.concurrent.RejectedExecutionException to java.io.IOException
		at java.lang.Class.cast(Class.java:3369)
		at org.apache.ratis.util.IOUtils.readObject(IOUtils.java:234)
		... 15 more
2022-07-24 15:57:05,704 [s1-server-thread1] DEBUG raftlog.RaftLog (SegmentedRaftLog.java:appendImpl(447)) - truncateIndex=-1, arrayIndex=0
2022-07-24 15:57:05,705 [s1-server-thread1] DEBUG raftlog.RaftLog (SegmentedRaftLog.java:appendImpl(447)) - truncateIndex=-1, arrayIndex=0
2022-07-24 15:57:05,705 [grpc-default-executor-9] INFO  leader.FollowerInfo (FollowerInfoImpl.java:lambda$new$0(48)) - s0@group-1D117010C276->s2: nextIndex: updateUnconditionally 224 -> 199
2022-07-24 15:57:05,706 [grpc-default-executor-9] WARN  server.GrpcServerProtocolService (LogUtils.java:warn(124)) - s2: Failed APPEND_ENTRIES request s0->s2#57-t2,previous=(t:1, i:198),leaderCommit=223,initializing? true,entries: size=27, first=(t:2, i:199), CONFIGURATIONENTRY(current:id: "s0"
address: "localhost:41145"
dataStreamAddress: "localhost:35053"
clientAddress: "localhost:40971"
adminAddress: "localhost:44949"
startupRole: FOLLOWER
,id: "s1"
address: "localhost:37813"
dataStreamAddress: "localhost:42861"
clientAddress: "localhost:42193"
adminAddress: "localhost:42655"
startupRole: FOLLOWER
,id: "s2"
address: "localhost:37241"
dataStreamAddress: "localhost:33751"
clientAddress: "localhost:34449"
adminAddress: "localhost:39099"
startupRole: FOLLOWER
, old:)
java.util.concurrent.CompletionException: java.util.concurrent.RejectedExecutionException: Task java.util.concurrent.CompletableFuture$AsyncSupply@64d70d36 rejected from java.util.concurrent.ThreadPoolExecutor@5f803e53[Terminated, pool size = 0, active threads = 0, queued tasks = 0, completed tasks = 0]
	at java.util.concurrent.CompletableFuture.encodeThrowable(CompletableFuture.java:273)
	at java.util.concurrent.CompletableFuture.uniComposeStage(CompletableFuture.java:1005)
	at java.util.concurrent.CompletableFuture.thenCompose(CompletableFuture.java:2137)
	at org.apache.ratis.server.impl.RaftServerProxy.appendEntriesAsync(RaftServerProxy.java:622)
	at org.apache.ratis.grpc.server.GrpcServerProtocolService$1.process(GrpcServerProtocolService.java:207)
	at org.apache.ratis.grpc.server.GrpcServerProtocolService$1.process(GrpcServerProtocolService.java:204)
	at org.apache.ratis.grpc.server.GrpcServerProtocolService$ServerRequestStreamObserver.onNext(GrpcServerProtocolService.java:126)
	at org.apache.ratis.thirdparty.io.grpc.stub.ServerCalls$StreamingServerCallHandler$StreamingServerCallListener.onMessage(ServerCalls.java:262)
	at org.apache.ratis.thirdparty.io.grpc.ForwardingServerCallListener.onMessage(ForwardingServerCallListener.java:33)
	at org.apache.ratis.thirdparty.io.grpc.internal.ServerCallImpl$ServerStreamListenerImpl.messagesAvailableInternal(ServerCallImpl.java:318)
	at org.apache.ratis.thirdparty.io.grpc.internal.ServerCallImpl$ServerStreamListenerImpl.messagesAvailable(ServerCallImpl.java:301)
	at org.apache.ratis.thirdparty.io.grpc.internal.ServerImpl$JumpToApplicationThreadServerStreamListener$1MessagesAvailable.runInContext(ServerImpl.java:834)
	at org.apache.ratis.thirdparty.io.grpc.internal.ContextRunnable.run(ContextRunnable.java:37)
	at org.apache.ratis.thirdparty.io.grpc.internal.SerializingExecutor.run(SerializingExecutor.java:133)
	at java.util.concurrent.ThreadPoolExecutor.runWorker(ThreadPoolExecutor.java:1149)
	at java.util.concurrent.ThreadPoolExecutor$Worker.run(ThreadPoolExecutor.java:624)
	at java.lang.Thread.run(Thread.java:750)
Caused by: java.util.concurrent.RejectedExecutionException: Task java.util.concurrent.CompletableFuture$AsyncSupply@64d70d36 rejected from java.util.concurrent.ThreadPoolExecutor@5f803e53[Terminated, pool size = 0, active threads = 0, queued tasks = 0, completed tasks = 0]
	at java.util.concurrent.ThreadPoolExecutor$AbortPolicy.rejectedExecution(ThreadPoolExecutor.java:2063)
	at java.util.concurrent.ThreadPoolExecutor.reject(ThreadPoolExecutor.java:830)
	at java.util.concurrent.ThreadPoolExecutor.execute(ThreadPoolExecutor.java:1379)
	at java.util.concurrent.CompletableFuture.asyncSupplyStage(CompletableFuture.java:1618)
	at java.util.concurrent.CompletableFuture.supplyAsync(CompletableFuture.java:1843)
	at org.apache.ratis.server.impl.RaftServerImpl.executeSubmitServerRequestAsync(RaftServerImpl.java:788)
	at org.apache.ratis.server.impl.RaftServerProxy.lambda$appendEntriesAsync$26(RaftServerProxy.java:622)
	at java.util.concurrent.CompletableFuture.uniComposeStage(CompletableFuture.java:995)
	... 15 more
2022-07-24 15:57:05,707 [grpc-default-executor-9] WARN  server.GrpcLogAppender (LogUtils.java:warn(124)) - s0@group-1D117010C276->s2-AppendLogResponseHandler: Failed appendEntries
java.io.IOException: java.util.concurrent.RejectedExecutionException: Task java.util.concurrent.CompletableFuture$AsyncSupply@64d70d36 rejected from java.util.concurrent.ThreadPoolExecutor@5f803e53[Terminated, pool size = 0, active threads = 0, queued tasks = 0, completed tasks = 0]
	at org.apache.ratis.util.IOUtils.asIOException(IOUtils.java:56)
	at org.apache.ratis.grpc.GrpcUtil.tryUnwrapException(GrpcUtil.java:121)
	at org.apache.ratis.grpc.GrpcUtil.unwrapThrowable(GrpcUtil.java:82)
	at org.apache.ratis.grpc.GrpcUtil.warn(GrpcUtil.java:178)
	at org.apache.ratis.grpc.server.GrpcLogAppender$AppendLogResponseHandler.onError(GrpcLogAppender.java:378)
	at org.apache.ratis.thirdparty.io.grpc.stub.ClientCalls$StreamObserverToCallListenerAdapter.onClose(ClientCalls.java:479)
	at org.apache.ratis.thirdparty.io.grpc.internal.ClientCallImpl.closeObserver(ClientCallImpl.java:562)
	at org.apache.ratis.thirdparty.io.grpc.internal.ClientCallImpl.access$300(ClientCallImpl.java:70)
	at org.apache.ratis.thirdparty.io.grpc.internal.ClientCallImpl$ClientStreamListenerImpl$1StreamClosed.runInternal(ClientCallImpl.java:743)
	at org.apache.ratis.thirdparty.io.grpc.internal.ClientCallImpl$ClientStreamListenerImpl$1StreamClosed.runInContext(ClientCallImpl.java:722)
	at org.apache.ratis.thirdparty.io.grpc.internal.ContextRunnable.run(ContextRunnable.java:37)
	at org.apache.ratis.thirdparty.io.grpc.internal.SerializingExecutor.run(SerializingExecutor.java:133)
	at java.util.concurrent.ThreadPoolExecutor.runWorker(ThreadPoolExecutor.java:1149)
	at java.util.concurrent.ThreadPoolExecutor$Worker.run(ThreadPoolExecutor.java:624)
	at java.lang.Thread.run(Thread.java:750)
Caused by: java.util.concurrent.RejectedExecutionException: Task java.util.concurrent.CompletableFuture$AsyncSupply@64d70d36 rejected from java.util.concurrent.ThreadPoolExecutor@5f803e53[Terminated, pool size = 0, active threads = 0, queued tasks = 0, completed tasks = 0]
	at sun.reflect.GeneratedConstructorAccessor9.newInstance(Unknown Source)
	at sun.reflect.DelegatingConstructorAccessorImpl.newInstance(DelegatingConstructorAccessorImpl.java:45)
	at java.lang.reflect.Constructor.newInstance(Constructor.java:423)
	at org.apache.ratis.util.ReflectionUtils.instantiateException(ReflectionUtils.java:259)
	at org.apache.ratis.grpc.GrpcUtil.tryUnwrapException(GrpcUtil.java:120)
	... 13 more
Caused by: org.apache.ratis.thirdparty.io.grpc.StatusRuntimeException: INTERNAL: Task java.util.concurrent.CompletableFuture$AsyncSupply@64d70d36 rejected from java.util.concurrent.ThreadPoolExecutor@5f803e53[Terminated, pool size = 0, active threads = 0, queued tasks = 0, completed tasks = 0]
	at org.apache.ratis.thirdparty.io.grpc.Status.asRuntimeException(Status.java:535)
	... 10 more
	Suppressed: java.lang.IllegalStateException: Failed to cast to class java.io.IOException, object=java.util.concurrent.RejectedExecutionException: Task java.util.concurrent.CompletableFuture$AsyncSupply@64d70d36 rejected from java.util.concurrent.ThreadPoolExecutor@5f803e53[Terminated, pool size = 0, active threads = 0, queued tasks = 0, completed tasks = 0]
	at java.util.concurrent.ThreadPoolExecutor$AbortPolicy.rejectedExecution(ThreadPoolExecutor.java:2063)
	at java.util.concurrent.ThreadPoolExecutor.reject(ThreadPoolExecutor.java:830)
	at java.util.concurrent.ThreadPoolExecutor.execute(ThreadPoolExecutor.java:1379)
	at java.util.concurrent.CompletableFuture.asyncSupplyStage(CompletableFuture.java:1618)
	at java.util.concurrent.CompletableFuture.supplyAsync(CompletableFuture.java:1843)
	at org.apache.ratis.server.impl.RaftServerImpl.executeSubmitServerRequestAsync(RaftServerImpl.java:788)
	at org.apache.ratis.server.impl.RaftServerProxy.lambda$appendEntriesAsync$26(RaftServerProxy.java:622)
	at java.util.concurrent.CompletableFuture.uniComposeStage(CompletableFuture.java:995)
	at java.util.concurrent.CompletableFuture.thenCompose(CompletableFuture.java:2137)
	at org.apache.ratis.server.impl.RaftServerProxy.appendEntriesAsync(RaftServerProxy.java:622)
	at org.apache.ratis.grpc.server.GrpcServerProtocolService$1.process(GrpcServerProtocolService.java:207)
	at org.apache.ratis.grpc.server.GrpcServerProtocolService$1.process(GrpcServerProtocolService.java:204)
	at org.apache.ratis.grpc.server.GrpcServerProtocolService$ServerRequestStreamObserver.onNext(GrpcServerProtocolService.java:126)
	at org.apache.ratis.thirdparty.io.grpc.stub.ServerCalls$StreamingServerCallHandler$StreamingServerCallListener.onMessage(ServerCalls.java:262)
	at org.apache.ratis.thirdparty.io.grpc.ForwardingServerCallListener.onMessage(ForwardingServerCallListener.java:33)
	at org.apache.ratis.thirdparty.io.grpc.internal.ServerCallImpl$ServerStreamListenerImpl.messagesAvailableInternal(ServerCallImpl.java:318)
	at org.apache.ratis.thirdparty.io.grpc.internal.ServerCallImpl$ServerStreamListenerImpl.messagesAvailable(ServerCallImpl.java:301)
	at org.apache.ratis.thirdparty.io.grpc.internal.ServerImpl$JumpToApplicationThreadServerStreamListener$1MessagesAvailable.runInContext(ServerImpl.java:834)
	at org.apache.ratis.thirdparty.io.grpc.internal.ContextRunnable.run(ContextRunnable.java:37)
	at org.apache.ratis.thirdparty.io.grpc.internal.SerializingExecutor.run(SerializingExecutor.java:133)
	at java.util.concurrent.ThreadPoolExecutor.runWorker(ThreadPoolExecutor.java:1149)
	at java.util.concurrent.ThreadPoolExecutor$Worker.run(ThreadPoolExecutor.java:624)
	at java.lang.Thread.run(Thread.java:750)

		at org.apache.ratis.util.IOUtils.readObject(IOUtils.java:237)
		at org.apache.ratis.util.IOUtils.bytes2Object(IOUtils.java:214)
		at org.apache.ratis.grpc.GrpcUtil.tryUnwrapException(GrpcUtil.java:109)
		at org.apache.ratis.grpc.GrpcUtil.unwrapThrowable(GrpcUtil.java:82)
		at org.apache.ratis.grpc.GrpcUtil.warn(GrpcUtil.java:178)
		at org.apache.ratis.grpc.server.GrpcLogAppender$AppendLogResponseHandler.onError(GrpcLogAppender.java:378)
		... 10 more
	Caused by: java.lang.ClassCastException: Cannot cast java.util.concurrent.RejectedExecutionException to java.io.IOException
		at java.lang.Class.cast(Class.java:3369)
		at org.apache.ratis.util.IOUtils.readObject(IOUtils.java:234)
		... 15 more
2022-07-24 15:57:05,707 [grpc-default-executor-9] INFO  leader.FollowerInfo (FollowerInfoImpl.java:lambda$new$0(48)) - s0@group-1D117010C276->s2: nextIndex: updateUnconditionally 226 -> 199
2022-07-24 15:57:05,708 [s1@group-1D117010C276-StateMachineUpdater] INFO  statemachine.SimpleStateMachine4Testing (SimpleStateMachine4Testing.java:put(204)) - s1: put 223, m109 -> (t:2, i:223), STATEMACHINELOGENTRY, 495@client-6F86E1C52B91
2022-07-24 15:57:05,709 [grpc-default-executor-9] WARN  server.GrpcServerProtocolService (LogUtils.java:warn(124)) - s2: Failed APPEND_ENTRIES request s0->s2#58-t2,previous=(t:1, i:198),leaderCommit=223,initializing? true,entries: size=27, first=(t:2, i:199), CONFIGURATIONENTRY(current:id: "s0"
address: "localhost:41145"
dataStreamAddress: "localhost:35053"
clientAddress: "localhost:40971"
adminAddress: "localhost:44949"
startupRole: FOLLOWER
,id: "s1"
address: "localhost:37813"
dataStreamAddress: "localhost:42861"
clientAddress: "localhost:42193"
adminAddress: "localhost:42655"
startupRole: FOLLOWER
,id: "s2"
address: "localhost:37241"
dataStreamAddress: "localhost:33751"
clientAddress: "localhost:34449"
adminAddress: "localhost:39099"
startupRole: FOLLOWER
, old:)
java.util.concurrent.CompletionException: java.util.concurrent.RejectedExecutionException: Task java.util.concurrent.CompletableFuture$AsyncSupply@705e146c rejected from java.util.concurrent.ThreadPoolExecutor@5f803e53[Terminated, pool size = 0, active threads = 0, queued tasks = 0, completed tasks = 0]
	at java.util.concurrent.CompletableFuture.encodeThrowable(CompletableFuture.java:273)
	at java.util.concurrent.CompletableFuture.uniComposeStage(CompletableFuture.java:1005)
	at java.util.concurrent.CompletableFuture.thenCompose(CompletableFuture.java:2137)
	at org.apache.ratis.server.impl.RaftServerProxy.appendEntriesAsync(RaftServerProxy.java:622)
	at org.apache.ratis.grpc.server.GrpcServerProtocolService$1.process(GrpcServerProtocolService.java:207)
	at org.apache.ratis.grpc.server.GrpcServerProtocolService$1.process(GrpcServerProtocolService.java:204)
	at org.apache.ratis.grpc.server.GrpcServerProtocolService$ServerRequestStreamObserver.onNext(GrpcServerProtocolService.java:126)
	at org.apache.ratis.thirdparty.io.grpc.stub.ServerCalls$StreamingServerCallHandler$StreamingServerCallListener.onMessage(ServerCalls.java:262)
	at org.apache.ratis.thirdparty.io.grpc.ForwardingServerCallListener.onMessage(ForwardingServerCallListener.java:33)
	at org.apache.ratis.thirdparty.io.grpc.internal.ServerCallImpl$ServerStreamListenerImpl.messagesAvailableInternal(ServerCallImpl.java:318)
	at org.apache.ratis.thirdparty.io.grpc.internal.ServerCallImpl$ServerStreamListenerImpl.messagesAvailable(ServerCallImpl.java:301)
	at org.apache.ratis.thirdparty.io.grpc.internal.ServerImpl$JumpToApplicationThreadServerStreamListener$1MessagesAvailable.runInContext(ServerImpl.java:834)
	at org.apache.ratis.thirdparty.io.grpc.internal.ContextRunnable.run(ContextRunnable.java:37)
	at org.apache.ratis.thirdparty.io.grpc.internal.SerializingExecutor.run(SerializingExecutor.java:133)
	at java.util.concurrent.ThreadPoolExecutor.runWorker(ThreadPoolExecutor.java:1149)
	at java.util.concurrent.ThreadPoolExecutor$Worker.run(ThreadPoolExecutor.java:624)
	at java.lang.Thread.run(Thread.java:750)
Caused by: java.util.concurrent.RejectedExecutionException: Task java.util.concurrent.CompletableFuture$AsyncSupply@705e146c rejected from java.util.concurrent.ThreadPoolExecutor@5f803e53[Terminated, pool size = 0, active threads = 0, queued tasks = 0, completed tasks = 0]
	at java.util.concurrent.ThreadPoolExecutor$AbortPolicy.rejectedExecution(ThreadPoolExecutor.java:2063)
	at java.util.concurrent.ThreadPoolExecutor.reject(ThreadPoolExecutor.java:830)
	at java.util.concurrent.ThreadPoolExecutor.execute(ThreadPoolExecutor.java:1379)
	at java.util.concurrent.CompletableFuture.asyncSupplyStage(CompletableFuture.java:1618)
	at java.util.concurrent.CompletableFuture.supplyAsync(CompletableFuture.java:1843)
	at org.apache.ratis.server.impl.RaftServerImpl.executeSubmitServerRequestAsync(RaftServerImpl.java:788)
	at org.apache.ratis.server.impl.RaftServerProxy.lambda$appendEntriesAsync$26(RaftServerProxy.java:622)
	at java.util.concurrent.CompletableFuture.uniComposeStage(CompletableFuture.java:995)
	... 15 more
2022-07-24 15:57:05,712 [grpc-default-executor-2] WARN  server.GrpcLogAppender (LogUtils.java:warn(124)) - s0@group-1D117010C276->s2-AppendLogResponseHandler: Failed appendEntries
java.io.IOException: java.util.concurrent.RejectedExecutionException: Task java.util.concurrent.CompletableFuture$AsyncSupply@705e146c rejected from java.util.concurrent.ThreadPoolExecutor@5f803e53[Terminated, pool size = 0, active threads = 0, queued tasks = 0, completed tasks = 0]
	at org.apache.ratis.util.IOUtils.asIOException(IOUtils.java:56)
	at org.apache.ratis.grpc.GrpcUtil.tryUnwrapException(GrpcUtil.java:121)
	at org.apache.ratis.grpc.GrpcUtil.unwrapThrowable(GrpcUtil.java:82)
	at org.apache.ratis.grpc.GrpcUtil.warn(GrpcUtil.java:178)
	at org.apache.ratis.grpc.server.GrpcLogAppender$AppendLogResponseHandler.onError(GrpcLogAppender.java:378)
	at org.apache.ratis.thirdparty.io.grpc.stub.ClientCalls$StreamObserverToCallListenerAdapter.onClose(ClientCalls.java:479)
	at org.apache.ratis.thirdparty.io.grpc.internal.ClientCallImpl.closeObserver(ClientCallImpl.java:562)
	at org.apache.ratis.thirdparty.io.grpc.internal.ClientCallImpl.access$300(ClientCallImpl.java:70)
	at org.apache.ratis.thirdparty.io.grpc.internal.ClientCallImpl$ClientStreamListenerImpl$1StreamClosed.runInternal(ClientCallImpl.java:743)
	at org.apache.ratis.thirdparty.io.grpc.internal.ClientCallImpl$ClientStreamListenerImpl$1StreamClosed.runInContext(ClientCallImpl.java:722)
	at org.apache.ratis.thirdparty.io.grpc.internal.ContextRunnable.run(ContextRunnable.java:37)
	at org.apache.ratis.thirdparty.io.grpc.internal.SerializingExecutor.run(SerializingExecutor.java:133)
	at java.util.concurrent.ThreadPoolExecutor.runWorker(ThreadPoolExecutor.java:1149)
	at java.util.concurrent.ThreadPoolExecutor$Worker.run(ThreadPoolExecutor.java:624)
	at java.lang.Thread.run(Thread.java:750)
Caused by: java.util.concurrent.RejectedExecutionException: Task java.util.concurrent.CompletableFuture$AsyncSupply@705e146c rejected from java.util.concurrent.ThreadPoolExecutor@5f803e53[Terminated, pool size = 0, active threads = 0, queued tasks = 0, completed tasks = 0]
	at sun.reflect.GeneratedConstructorAccessor9.newInstance(Unknown Source)
	at sun.reflect.DelegatingConstructorAccessorImpl.newInstance(DelegatingConstructorAccessorImpl.java:45)
	at java.lang.reflect.Constructor.newInstance(Constructor.java:423)
	at org.apache.ratis.util.ReflectionUtils.instantiateException(ReflectionUtils.java:259)
	at org.apache.ratis.grpc.GrpcUtil.tryUnwrapException(GrpcUtil.java:120)
	... 13 more
Caused by: org.apache.ratis.thirdparty.io.grpc.StatusRuntimeException: INTERNAL: Task java.util.concurrent.CompletableFuture$AsyncSupply@705e146c rejected from java.util.concurrent.ThreadPoolExecutor@5f803e53[Terminated, pool size = 0, active threads = 0, queued tasks = 0, completed tasks = 0]
	at org.apache.ratis.thirdparty.io.grpc.Status.asRuntimeException(Status.java:535)
	... 10 more
	Suppressed: java.lang.IllegalStateException: Failed to cast to class java.io.IOException, object=java.util.concurrent.RejectedExecutionException: Task java.util.concurrent.CompletableFuture$AsyncSupply@705e146c rejected from java.util.concurrent.ThreadPoolExecutor@5f803e53[Terminated, pool size = 0, active threads = 0, queued tasks = 0, completed tasks = 0]
	at java.util.concurrent.ThreadPoolExecutor$AbortPolicy.rejectedExecution(ThreadPoolExecutor.java:2063)
	at java.util.concurrent.ThreadPoolExecutor.reject(ThreadPoolExecutor.java:830)
	at java.util.concurrent.ThreadPoolExecutor.execute(ThreadPoolExecutor.java:1379)
	at java.util.concurrent.CompletableFuture.asyncSupplyStage(CompletableFuture.java:1618)
	at java.util.concurrent.CompletableFuture.supplyAsync(CompletableFuture.java:1843)
	at org.apache.ratis.server.impl.RaftServerImpl.executeSubmitServerRequestAsync(RaftServerImpl.java:788)
	at org.apache.ratis.server.impl.RaftServerProxy.lambda$appendEntriesAsync$26(RaftServerProxy.java:622)
	at java.util.concurrent.CompletableFuture.uniComposeStage(CompletableFuture.java:995)
	at java.util.concurrent.CompletableFuture.thenCompose(CompletableFuture.java:2137)
	at org.apache.ratis.server.impl.RaftServerProxy.appendEntriesAsync(RaftServerProxy.java:622)
	at org.apache.ratis.grpc.server.GrpcServerProtocolService$1.process(GrpcServerProtocolService.java:207)
	at org.apache.ratis.grpc.server.GrpcServerProtocolService$1.process(GrpcServerProtocolService.java:204)
	at org.apache.ratis.grpc.server.GrpcServerProtocolService$ServerRequestStreamObserver.onNext(GrpcServerProtocolService.java:126)
	at org.apache.ratis.thirdparty.io.grpc.stub.ServerCalls$StreamingServerCallHandler$StreamingServerCallListener.onMessage(ServerCalls.java:262)
	at org.apache.ratis.thirdparty.io.grpc.ForwardingServerCallListener.onMessage(ForwardingServerCallListener.java:33)
	at org.apache.ratis.thirdparty.io.grpc.internal.ServerCallImpl$ServerStreamListenerImpl.messagesAvailableInternal(ServerCallImpl.java:318)
	at org.apache.ratis.thirdparty.io.grpc.internal.ServerCallImpl$ServerStreamListenerImpl.messagesAvailable(ServerCallImpl.java:301)
	at org.apache.ratis.thirdparty.io.grpc.internal.ServerImpl$JumpToApplicationThreadServerStreamListener$1MessagesAvailable.runInContext(ServerImpl.java:834)
	at org.apache.ratis.thirdparty.io.grpc.internal.ContextRunnable.run(ContextRunnable.java:37)
	at org.apache.ratis.thirdparty.io.grpc.internal.SerializingExecutor.run(SerializingExecutor.java:133)
	at java.util.concurrent.ThreadPoolExecutor.runWorker(ThreadPoolExecutor.java:1149)
	at java.util.concurrent.ThreadPoolExecutor$Worker.run(ThreadPoolExecutor.java:624)
	at java.lang.Thread.run(Thread.java:750)

		at org.apache.ratis.util.IOUtils.readObject(IOUtils.java:237)
		at org.apache.ratis.util.IOUtils.bytes2Object(IOUtils.java:214)
		at org.apache.ratis.grpc.GrpcUtil.tryUnwrapException(GrpcUtil.java:109)
		at org.apache.ratis.grpc.GrpcUtil.unwrapThrowable(GrpcUtil.java:82)
		at org.apache.ratis.grpc.GrpcUtil.warn(GrpcUtil.java:178)
		at org.apache.ratis.grpc.server.GrpcLogAppender$AppendLogResponseHandler.onError(GrpcLogAppender.java:378)
		... 10 more
	Caused by: java.lang.ClassCastException: Cannot cast java.util.concurrent.RejectedExecutionException to java.io.IOException
		at java.lang.Class.cast(Class.java:3369)
		at org.apache.ratis.util.IOUtils.readObject(IOUtils.java:234)
		... 15 more
2022-07-24 15:57:05,712 [grpc-default-executor-2] INFO  leader.FollowerInfo (FollowerInfoImpl.java:lambda$new$0(48)) - s0@group-1D117010C276->s2: nextIndex: updateUnconditionally 226 -> 199
2022-07-24 15:57:05,715 [s0@group-1D117010C276-StateMachineUpdater] INFO  statemachine.SimpleStateMachine4Testing (SimpleStateMachine4Testing.java:put(204)) - s0: put 225, m110 -> (t:2, i:225), STATEMACHINELOGENTRY, 496@client-6F86E1C52B91
2022-07-24 15:57:05,716 [s1-server-thread1] DEBUG raftlog.RaftLog (SegmentedRaftLog.java:appendImpl(447)) - truncateIndex=-1, arrayIndex=0
2022-07-24 15:57:05,716 [grpc-default-executor-8] WARN  server.GrpcServerProtocolService (LogUtils.java:warn(124)) - s2: Failed APPEND_ENTRIES request s0->s2#60-t2,previous=(t:1, i:198),leaderCommit=225,initializing? true,entries: size=28, first=(t:2, i:199), CONFIGURATIONENTRY(current:id: "s0"
address: "localhost:41145"
dataStreamAddress: "localhost:35053"
clientAddress: "localhost:40971"
adminAddress: "localhost:44949"
startupRole: FOLLOWER
,id: "s1"
address: "localhost:37813"
dataStreamAddress: "localhost:42861"
clientAddress: "localhost:42193"
adminAddress: "localhost:42655"
startupRole: FOLLOWER
,id: "s2"
address: "localhost:37241"
dataStreamAddress: "localhost:33751"
clientAddress: "localhost:34449"
adminAddress: "localhost:39099"
startupRole: FOLLOWER
, old:)
java.util.concurrent.CompletionException: java.util.concurrent.RejectedExecutionException: Task java.util.concurrent.CompletableFuture$AsyncSupply@1cb5168e rejected from java.util.concurrent.ThreadPoolExecutor@5f803e53[Terminated, pool size = 0, active threads = 0, queued tasks = 0, completed tasks = 0]
	at java.util.concurrent.CompletableFuture.encodeThrowable(CompletableFuture.java:273)
	at java.util.concurrent.CompletableFuture.uniComposeStage(CompletableFuture.java:1005)
	at java.util.concurrent.CompletableFuture.thenCompose(CompletableFuture.java:2137)
	at org.apache.ratis.server.impl.RaftServerProxy.appendEntriesAsync(RaftServerProxy.java:622)
	at org.apache.ratis.grpc.server.GrpcServerProtocolService$1.process(GrpcServerProtocolService.java:207)
	at org.apache.ratis.grpc.server.GrpcServerProtocolService$1.process(GrpcServerProtocolService.java:204)
	at org.apache.ratis.grpc.server.GrpcServerProtocolService$ServerRequestStreamObserver.onNext(GrpcServerProtocolService.java:126)
	at org.apache.ratis.thirdparty.io.grpc.stub.ServerCalls$StreamingServerCallHandler$StreamingServerCallListener.onMessage(ServerCalls.java:262)
	at org.apache.ratis.thirdparty.io.grpc.ForwardingServerCallListener.onMessage(ForwardingServerCallListener.java:33)
	at org.apache.ratis.thirdparty.io.grpc.internal.ServerCallImpl$ServerStreamListenerImpl.messagesAvailableInternal(ServerCallImpl.java:318)
	at org.apache.ratis.thirdparty.io.grpc.internal.ServerCallImpl$ServerStreamListenerImpl.messagesAvailable(ServerCallImpl.java:301)
	at org.apache.ratis.thirdparty.io.grpc.internal.ServerImpl$JumpToApplicationThreadServerStreamListener$1MessagesAvailable.runInContext(ServerImpl.java:834)
	at org.apache.ratis.thirdparty.io.grpc.internal.ContextRunnable.run(ContextRunnable.java:37)
	at org.apache.ratis.thirdparty.io.grpc.internal.SerializingExecutor.run(SerializingExecutor.java:133)
	at java.util.concurrent.ThreadPoolExecutor.runWorker(ThreadPoolExecutor.java:1149)
	at java.util.concurrent.ThreadPoolExecutor$Worker.run(ThreadPoolExecutor.java:624)
	at java.lang.Thread.run(Thread.java:750)
Caused by: java.util.concurrent.RejectedExecutionException: Task java.util.concurrent.CompletableFuture$AsyncSupply@1cb5168e rejected from java.util.concurrent.ThreadPoolExecutor@5f803e53[Terminated, pool size = 0, active threads = 0, queued tasks = 0, completed tasks = 0]
	at java.util.concurrent.ThreadPoolExecutor$AbortPolicy.rejectedExecution(ThreadPoolExecutor.java:2063)
	at java.util.concurrent.ThreadPoolExecutor.reject(ThreadPoolExecutor.java:830)
	at java.util.concurrent.ThreadPoolExecutor.execute(ThreadPoolExecutor.java:1379)
	at java.util.concurrent.CompletableFuture.asyncSupplyStage(CompletableFuture.java:1618)
	at java.util.concurrent.CompletableFuture.supplyAsync(CompletableFuture.java:1843)
	at org.apache.ratis.server.impl.RaftServerImpl.executeSubmitServerRequestAsync(RaftServerImpl.java:788)
	at org.apache.ratis.server.impl.RaftServerProxy.lambda$appendEntriesAsync$26(RaftServerProxy.java:622)
	at java.util.concurrent.CompletableFuture.uniComposeStage(CompletableFuture.java:995)
	... 15 more
2022-07-24 15:57:05,718 [grpc-default-executor-4] WARN  server.GrpcLogAppender (LogUtils.java:warn(124)) - s0@group-1D117010C276->s2-AppendLogResponseHandler: Failed appendEntries
java.io.IOException: java.util.concurrent.RejectedExecutionException: Task java.util.concurrent.CompletableFuture$AsyncSupply@1cb5168e rejected from java.util.concurrent.ThreadPoolExecutor@5f803e53[Terminated, pool size = 0, active threads = 0, queued tasks = 0, completed tasks = 0]
	at org.apache.ratis.util.IOUtils.asIOException(IOUtils.java:56)
	at org.apache.ratis.grpc.GrpcUtil.tryUnwrapException(GrpcUtil.java:121)
	at org.apache.ratis.grpc.GrpcUtil.unwrapThrowable(GrpcUtil.java:82)
	at org.apache.ratis.grpc.GrpcUtil.warn(GrpcUtil.java:178)
	at org.apache.ratis.grpc.server.GrpcLogAppender$AppendLogResponseHandler.onError(GrpcLogAppender.java:378)
	at org.apache.ratis.thirdparty.io.grpc.stub.ClientCalls$StreamObserverToCallListenerAdapter.onClose(ClientCalls.java:479)
	at org.apache.ratis.thirdparty.io.grpc.internal.ClientCallImpl.closeObserver(ClientCallImpl.java:562)
	at org.apache.ratis.thirdparty.io.grpc.internal.ClientCallImpl.access$300(ClientCallImpl.java:70)
	at org.apache.ratis.thirdparty.io.grpc.internal.ClientCallImpl$ClientStreamListenerImpl$1StreamClosed.runInternal(ClientCallImpl.java:743)
	at org.apache.ratis.thirdparty.io.grpc.internal.ClientCallImpl$ClientStreamListenerImpl$1StreamClosed.runInContext(ClientCallImpl.java:722)
	at org.apache.ratis.thirdparty.io.grpc.internal.ContextRunnable.run(ContextRunnable.java:37)
	at org.apache.ratis.thirdparty.io.grpc.internal.SerializingExecutor.run(SerializingExecutor.java:133)
	at java.util.concurrent.ThreadPoolExecutor.runWorker(ThreadPoolExecutor.java:1149)
	at java.util.concurrent.ThreadPoolExecutor$Worker.run(ThreadPoolExecutor.java:624)
	at java.lang.Thread.run(Thread.java:750)
Caused by: java.util.concurrent.RejectedExecutionException: Task java.util.concurrent.CompletableFuture$AsyncSupply@1cb5168e rejected from java.util.concurrent.ThreadPoolExecutor@5f803e53[Terminated, pool size = 0, active threads = 0, queued tasks = 0, completed tasks = 0]
	at sun.reflect.GeneratedConstructorAccessor9.newInstance(Unknown Source)
	at sun.reflect.DelegatingConstructorAccessorImpl.newInstance(DelegatingConstructorAccessorImpl.java:45)
	at java.lang.reflect.Constructor.newInstance(Constructor.java:423)
	at org.apache.ratis.util.ReflectionUtils.instantiateException(ReflectionUtils.java:259)
	at org.apache.ratis.grpc.GrpcUtil.tryUnwrapException(GrpcUtil.java:120)
	... 13 more
Caused by: org.apache.ratis.thirdparty.io.grpc.StatusRuntimeException: INTERNAL: Task java.util.concurrent.CompletableFuture$AsyncSupply@1cb5168e rejected from java.util.concurrent.ThreadPoolExecutor@5f803e53[Terminated, pool size = 0, active threads = 0, queued tasks = 0, completed tasks = 0]
	at org.apache.ratis.thirdparty.io.grpc.Status.asRuntimeException(Status.java:535)
	... 10 more
	Suppressed: java.lang.IllegalStateException: Failed to cast to class java.io.IOException, object=java.util.concurrent.RejectedExecutionException: Task java.util.concurrent.CompletableFuture$AsyncSupply@1cb5168e rejected from java.util.concurrent.ThreadPoolExecutor@5f803e53[Terminated, pool size = 0, active threads = 0, queued tasks = 0, completed tasks = 0]
	at java.util.concurrent.ThreadPoolExecutor$AbortPolicy.rejectedExecution(ThreadPoolExecutor.java:2063)
	at java.util.concurrent.ThreadPoolExecutor.reject(ThreadPoolExecutor.java:830)
	at java.util.concurrent.ThreadPoolExecutor.execute(ThreadPoolExecutor.java:1379)
	at java.util.concurrent.CompletableFuture.asyncSupplyStage(CompletableFuture.java:1618)
	at java.util.concurrent.CompletableFuture.supplyAsync(CompletableFuture.java:1843)
	at org.apache.ratis.server.impl.RaftServerImpl.executeSubmitServerRequestAsync(RaftServerImpl.java:788)
	at org.apache.ratis.server.impl.RaftServerProxy.lambda$appendEntriesAsync$26(RaftServerProxy.java:622)
	at java.util.concurrent.CompletableFuture.uniComposeStage(CompletableFuture.java:995)
	at java.util.concurrent.CompletableFuture.thenCompose(CompletableFuture.java:2137)
	at org.apache.ratis.server.impl.RaftServerProxy.appendEntriesAsync(RaftServerProxy.java:622)
	at org.apache.ratis.grpc.server.GrpcServerProtocolService$1.process(GrpcServerProtocolService.java:207)
	at org.apache.ratis.grpc.server.GrpcServerProtocolService$1.process(GrpcServerProtocolService.java:204)
	at org.apache.ratis.grpc.server.GrpcServerProtocolService$ServerRequestStreamObserver.onNext(GrpcServerProtocolService.java:126)
	at org.apache.ratis.thirdparty.io.grpc.stub.ServerCalls$StreamingServerCallHandler$StreamingServerCallListener.onMessage(ServerCalls.java:262)
	at org.apache.ratis.thirdparty.io.grpc.ForwardingServerCallListener.onMessage(ForwardingServerCallListener.java:33)
	at org.apache.ratis.thirdparty.io.grpc.internal.ServerCallImpl$ServerStreamListenerImpl.messagesAvailableInternal(ServerCallImpl.java:318)
	at org.apache.ratis.thirdparty.io.grpc.internal.ServerCallImpl$ServerStreamListenerImpl.messagesAvailable(ServerCallImpl.java:301)
	at org.apache.ratis.thirdparty.io.grpc.internal.ServerImpl$JumpToApplicationThreadServerStreamListener$1MessagesAvailable.runInContext(ServerImpl.java:834)
	at org.apache.ratis.thirdparty.io.grpc.internal.ContextRunnable.run(ContextRunnable.java:37)
	at org.apache.ratis.thirdparty.io.grpc.internal.SerializingExecutor.run(SerializingExecutor.java:133)
	at java.util.concurrent.ThreadPoolExecutor.runWorker(ThreadPoolExecutor.java:1149)
	at java.util.concurrent.ThreadPoolExecutor$Worker.run(ThreadPoolExecutor.java:624)
	at java.lang.Thread.run(Thread.java:750)

		at org.apache.ratis.util.IOUtils.readObject(IOUtils.java:237)
		at org.apache.ratis.util.IOUtils.bytes2Object(IOUtils.java:214)
		at org.apache.ratis.grpc.GrpcUtil.tryUnwrapException(GrpcUtil.java:109)
		at org.apache.ratis.grpc.GrpcUtil.unwrapThrowable(GrpcUtil.java:82)
		at org.apache.ratis.grpc.GrpcUtil.warn(GrpcUtil.java:178)
		at org.apache.ratis.grpc.server.GrpcLogAppender$AppendLogResponseHandler.onError(GrpcLogAppender.java:378)
		... 10 more
	Caused by: java.lang.ClassCastException: Cannot cast java.util.concurrent.RejectedExecutionException to java.io.IOException
		at java.lang.Class.cast(Class.java:3369)
		at org.apache.ratis.util.IOUtils.readObject(IOUtils.java:234)
		... 15 more
2022-07-24 15:57:05,718 [grpc-default-executor-4] INFO  leader.FollowerInfo (FollowerInfoImpl.java:lambda$new$0(48)) - s0@group-1D117010C276->s2: nextIndex: updateUnconditionally 227 -> 199
2022-07-24 15:57:05,718 [s1-server-thread1] DEBUG raftlog.RaftLog (SegmentedRaftLog.java:appendImpl(447)) - truncateIndex=-1, arrayIndex=0
2022-07-24 15:57:05,720 [s1@group-1D117010C276-StateMachineUpdater] INFO  statemachine.SimpleStateMachine4Testing (SimpleStateMachine4Testing.java:put(204)) - s1: put 225, m110 -> (t:2, i:225), STATEMACHINELOGENTRY, 496@client-6F86E1C52B91
2022-07-24 15:57:05,721 [grpc-default-executor-4] WARN  server.GrpcServerProtocolService (LogUtils.java:warn(124)) - s2: Failed APPEND_ENTRIES request s0->s2#62-t2,previous=(t:1, i:198),leaderCommit=226,initializing? true,entries: size=29, first=(t:2, i:199), CONFIGURATIONENTRY(current:id: "s0"
address: "localhost:41145"
dataStreamAddress: "localhost:35053"
clientAddress: "localhost:40971"
adminAddress: "localhost:44949"
startupRole: FOLLOWER
,id: "s1"
address: "localhost:37813"
dataStreamAddress: "localhost:42861"
clientAddress: "localhost:42193"
adminAddress: "localhost:42655"
startupRole: FOLLOWER
,id: "s2"
address: "localhost:37241"
dataStreamAddress: "localhost:33751"
clientAddress: "localhost:34449"
adminAddress: "localhost:39099"
startupRole: FOLLOWER
, old:)
java.util.concurrent.CompletionException: java.util.concurrent.RejectedExecutionException: Task java.util.concurrent.CompletableFuture$AsyncSupply@45332cd6 rejected from java.util.concurrent.ThreadPoolExecutor@5f803e53[Terminated, pool size = 0, active threads = 0, queued tasks = 0, completed tasks = 0]
	at java.util.concurrent.CompletableFuture.encodeThrowable(CompletableFuture.java:273)
	at java.util.concurrent.CompletableFuture.uniComposeStage(CompletableFuture.java:1005)
	at java.util.concurrent.CompletableFuture.thenCompose(CompletableFuture.java:2137)
	at org.apache.ratis.server.impl.RaftServerProxy.appendEntriesAsync(RaftServerProxy.java:622)
	at org.apache.ratis.grpc.server.GrpcServerProtocolService$1.process(GrpcServerProtocolService.java:207)
	at org.apache.ratis.grpc.server.GrpcServerProtocolService$1.process(GrpcServerProtocolService.java:204)
	at org.apache.ratis.grpc.server.GrpcServerProtocolService$ServerRequestStreamObserver.onNext(GrpcServerProtocolService.java:126)
	at org.apache.ratis.thirdparty.io.grpc.stub.ServerCalls$StreamingServerCallHandler$StreamingServerCallListener.onMessage(ServerCalls.java:262)
	at org.apache.ratis.thirdparty.io.grpc.ForwardingServerCallListener.onMessage(ForwardingServerCallListener.java:33)
	at org.apache.ratis.thirdparty.io.grpc.internal.ServerCallImpl$ServerStreamListenerImpl.messagesAvailableInternal(ServerCallImpl.java:318)
	at org.apache.ratis.thirdparty.io.grpc.internal.ServerCallImpl$ServerStreamListenerImpl.messagesAvailable(ServerCallImpl.java:301)
	at org.apache.ratis.thirdparty.io.grpc.internal.ServerImpl$JumpToApplicationThreadServerStreamListener$1MessagesAvailable.runInContext(ServerImpl.java:834)
	at org.apache.ratis.thirdparty.io.grpc.internal.ContextRunnable.run(ContextRunnable.java:37)
	at org.apache.ratis.thirdparty.io.grpc.internal.SerializingExecutor.run(SerializingExecutor.java:133)
	at java.util.concurrent.ThreadPoolExecutor.runWorker(ThreadPoolExecutor.java:1149)
	at java.util.concurrent.ThreadPoolExecutor$Worker.run(ThreadPoolExecutor.java:624)
	at java.lang.Thread.run(Thread.java:750)
Caused by: java.util.concurrent.RejectedExecutionException: Task java.util.concurrent.CompletableFuture$AsyncSupply@45332cd6 rejected from java.util.concurrent.ThreadPoolExecutor@5f803e53[Terminated, pool size = 0, active threads = 0, queued tasks = 0, completed tasks = 0]
	at java.util.concurrent.ThreadPoolExecutor$AbortPolicy.rejectedExecution(ThreadPoolExecutor.java:2063)
	at java.util.concurrent.ThreadPoolExecutor.reject(ThreadPoolExecutor.java:830)
	at java.util.concurrent.ThreadPoolExecutor.execute(ThreadPoolExecutor.java:1379)
	at java.util.concurrent.CompletableFuture.asyncSupplyStage(CompletableFuture.java:1618)
	at java.util.concurrent.CompletableFuture.supplyAsync(CompletableFuture.java:1843)
	at org.apache.ratis.server.impl.RaftServerImpl.executeSubmitServerRequestAsync(RaftServerImpl.java:788)
	at org.apache.ratis.server.impl.RaftServerProxy.lambda$appendEntriesAsync$26(RaftServerProxy.java:622)
	at java.util.concurrent.CompletableFuture.uniComposeStage(CompletableFuture.java:995)
	... 15 more
2022-07-24 15:57:05,723 [grpc-default-executor-4] WARN  server.GrpcLogAppender (LogUtils.java:warn(124)) - s0@group-1D117010C276->s2-AppendLogResponseHandler: Failed appendEntries
java.io.IOException: java.util.concurrent.RejectedExecutionException: Task java.util.concurrent.CompletableFuture$AsyncSupply@45332cd6 rejected from java.util.concurrent.ThreadPoolExecutor@5f803e53[Terminated, pool size = 0, active threads = 0, queued tasks = 0, completed tasks = 0]
	at org.apache.ratis.util.IOUtils.asIOException(IOUtils.java:56)
	at org.apache.ratis.grpc.GrpcUtil.tryUnwrapException(GrpcUtil.java:121)
	at org.apache.ratis.grpc.GrpcUtil.unwrapThrowable(GrpcUtil.java:82)
	at org.apache.ratis.grpc.GrpcUtil.warn(GrpcUtil.java:178)
	at org.apache.ratis.grpc.server.GrpcLogAppender$AppendLogResponseHandler.onError(GrpcLogAppender.java:378)
	at org.apache.ratis.thirdparty.io.grpc.stub.ClientCalls$StreamObserverToCallListenerAdapter.onClose(ClientCalls.java:479)
	at org.apache.ratis.thirdparty.io.grpc.internal.ClientCallImpl.closeObserver(ClientCallImpl.java:562)
	at org.apache.ratis.thirdparty.io.grpc.internal.ClientCallImpl.access$300(ClientCallImpl.java:70)
	at org.apache.ratis.thirdparty.io.grpc.internal.ClientCallImpl$ClientStreamListenerImpl$1StreamClosed.runInternal(ClientCallImpl.java:743)
	at org.apache.ratis.thirdparty.io.grpc.internal.ClientCallImpl$ClientStreamListenerImpl$1StreamClosed.runInContext(ClientCallImpl.java:722)
	at org.apache.ratis.thirdparty.io.grpc.internal.ContextRunnable.run(ContextRunnable.java:37)
	at org.apache.ratis.thirdparty.io.grpc.internal.SerializingExecutor.run(SerializingExecutor.java:133)
	at java.util.concurrent.ThreadPoolExecutor.runWorker(ThreadPoolExecutor.java:1149)
	at java.util.concurrent.ThreadPoolExecutor$Worker.run(ThreadPoolExecutor.java:624)
	at java.lang.Thread.run(Thread.java:750)
Caused by: java.util.concurrent.RejectedExecutionException: Task java.util.concurrent.CompletableFuture$AsyncSupply@45332cd6 rejected from java.util.concurrent.ThreadPoolExecutor@5f803e53[Terminated, pool size = 0, active threads = 0, queued tasks = 0, completed tasks = 0]
	at sun.reflect.GeneratedConstructorAccessor9.newInstance(Unknown Source)
	at sun.reflect.DelegatingConstructorAccessorImpl.newInstance(DelegatingConstructorAccessorImpl.java:45)
	at java.lang.reflect.Constructor.newInstance(Constructor.java:423)
	at org.apache.ratis.util.ReflectionUtils.instantiateException(ReflectionUtils.java:259)
	at org.apache.ratis.grpc.GrpcUtil.tryUnwrapException(GrpcUtil.java:120)
	... 13 more
Caused by: org.apache.ratis.thirdparty.io.grpc.StatusRuntimeException: INTERNAL: Task java.util.concurrent.CompletableFuture$AsyncSupply@45332cd6 rejected from java.util.concurrent.ThreadPoolExecutor@5f803e53[Terminated, pool size = 0, active threads = 0, queued tasks = 0, completed tasks = 0]
	at org.apache.ratis.thirdparty.io.grpc.Status.asRuntimeException(Status.java:535)
	... 10 more
	Suppressed: java.lang.IllegalStateException: Failed to cast to class java.io.IOException, object=java.util.concurrent.RejectedExecutionException: Task java.util.concurrent.CompletableFuture$AsyncSupply@45332cd6 rejected from java.util.concurrent.ThreadPoolExecutor@5f803e53[Terminated, pool size = 0, active threads = 0, queued tasks = 0, completed tasks = 0]
	at java.util.concurrent.ThreadPoolExecutor$AbortPolicy.rejectedExecution(ThreadPoolExecutor.java:2063)
	at java.util.concurrent.ThreadPoolExecutor.reject(ThreadPoolExecutor.java:830)
	at java.util.concurrent.ThreadPoolExecutor.execute(ThreadPoolExecutor.java:1379)
	at java.util.concurrent.CompletableFuture.asyncSupplyStage(CompletableFuture.java:1618)
	at java.util.concurrent.CompletableFuture.supplyAsync(CompletableFuture.java:1843)
	at org.apache.ratis.server.impl.RaftServerImpl.executeSubmitServerRequestAsync(RaftServerImpl.java:788)
	at org.apache.ratis.server.impl.RaftServerProxy.lambda$appendEntriesAsync$26(RaftServerProxy.java:622)
	at java.util.concurrent.CompletableFuture.uniComposeStage(CompletableFuture.java:995)
	at java.util.concurrent.CompletableFuture.thenCompose(CompletableFuture.java:2137)
	at org.apache.ratis.server.impl.RaftServerProxy.appendEntriesAsync(RaftServerProxy.java:622)
	at org.apache.ratis.grpc.server.GrpcServerProtocolService$1.process(GrpcServerProtocolService.java:207)
	at org.apache.ratis.grpc.server.GrpcServerProtocolService$1.process(GrpcServerProtocolService.java:204)
	at org.apache.ratis.grpc.server.GrpcServerProtocolService$ServerRequestStreamObserver.onNext(GrpcServerProtocolService.java:126)
	at org.apache.ratis.thirdparty.io.grpc.stub.ServerCalls$StreamingServerCallHandler$StreamingServerCallListener.onMessage(ServerCalls.java:262)
	at org.apache.ratis.thirdparty.io.grpc.ForwardingServerCallListener.onMessage(ForwardingServerCallListener.java:33)
	at org.apache.ratis.thirdparty.io.grpc.internal.ServerCallImpl$ServerStreamListenerImpl.messagesAvailableInternal(ServerCallImpl.java:318)
	at org.apache.ratis.thirdparty.io.grpc.internal.ServerCallImpl$ServerStreamListenerImpl.messagesAvailable(ServerCallImpl.java:301)
	at org.apache.ratis.thirdparty.io.grpc.internal.ServerImpl$JumpToApplicationThreadServerStreamListener$1MessagesAvailable.runInContext(ServerImpl.java:834)
	at org.apache.ratis.thirdparty.io.grpc.internal.ContextRunnable.run(ContextRunnable.java:37)
	at org.apache.ratis.thirdparty.io.grpc.internal.SerializingExecutor.run(SerializingExecutor.java:133)
	at java.util.concurrent.ThreadPoolExecutor.runWorker(ThreadPoolExecutor.java:1149)
	at java.util.concurrent.ThreadPoolExecutor$Worker.run(ThreadPoolExecutor.java:624)
	at java.lang.Thread.run(Thread.java:750)

		at org.apache.ratis.util.IOUtils.readObject(IOUtils.java:237)
		at org.apache.ratis.util.IOUtils.bytes2Object(IOUtils.java:214)
		at org.apache.ratis.grpc.GrpcUtil.tryUnwrapException(GrpcUtil.java:109)
		at org.apache.ratis.grpc.GrpcUtil.unwrapThrowable(GrpcUtil.java:82)
		at org.apache.ratis.grpc.GrpcUtil.warn(GrpcUtil.java:178)
		at org.apache.ratis.grpc.server.GrpcLogAppender$AppendLogResponseHandler.onError(GrpcLogAppender.java:378)
		... 10 more
	Caused by: java.lang.ClassCastException: Cannot cast java.util.concurrent.RejectedExecutionException to java.io.IOException
		at java.lang.Class.cast(Class.java:3369)
		at org.apache.ratis.util.IOUtils.readObject(IOUtils.java:234)
		... 15 more
2022-07-24 15:57:05,725 [grpc-default-executor-4] INFO  leader.FollowerInfo (FollowerInfoImpl.java:lambda$new$0(48)) - s0@group-1D117010C276->s2: nextIndex: updateUnconditionally 228 -> 199
2022-07-24 15:57:05,725 [s0@group-1D117010C276-StateMachineUpdater] INFO  statemachine.SimpleStateMachine4Testing (SimpleStateMachine4Testing.java:put(204)) - s0: put 227, m111 -> (t:2, i:227), STATEMACHINELOGENTRY, 497@client-6F86E1C52B91
2022-07-24 15:57:05,726 [s1-server-thread1] DEBUG raftlog.RaftLog (SegmentedRaftLog.java:appendImpl(447)) - truncateIndex=-1, arrayIndex=0
2022-07-24 15:57:05,726 [grpc-default-executor-9] WARN  server.GrpcServerProtocolService (LogUtils.java:warn(124)) - s2: Failed APPEND_ENTRIES request s0->s2#63-t2,previous=(t:1, i:198),leaderCommit=227,initializing? true,entries: size=30, first=(t:2, i:199), CONFIGURATIONENTRY(current:id: "s0"
address: "localhost:41145"
dataStreamAddress: "localhost:35053"
clientAddress: "localhost:40971"
adminAddress: "localhost:44949"
startupRole: FOLLOWER
,id: "s1"
address: "localhost:37813"
dataStreamAddress: "localhost:42861"
clientAddress: "localhost:42193"
adminAddress: "localhost:42655"
startupRole: FOLLOWER
,id: "s2"
address: "localhost:37241"
dataStreamAddress: "localhost:33751"
clientAddress: "localhost:34449"
adminAddress: "localhost:39099"
startupRole: FOLLOWER
, old:)
java.util.concurrent.CompletionException: java.util.concurrent.RejectedExecutionException: Task java.util.concurrent.CompletableFuture$AsyncSupply@44dec084 rejected from java.util.concurrent.ThreadPoolExecutor@5f803e53[Terminated, pool size = 0, active threads = 0, queued tasks = 0, completed tasks = 0]
	at java.util.concurrent.CompletableFuture.encodeThrowable(CompletableFuture.java:273)
	at java.util.concurrent.CompletableFuture.uniComposeStage(CompletableFuture.java:1005)
	at java.util.concurrent.CompletableFuture.thenCompose(CompletableFuture.java:2137)
	at org.apache.ratis.server.impl.RaftServerProxy.appendEntriesAsync(RaftServerProxy.java:622)
	at org.apache.ratis.grpc.server.GrpcServerProtocolService$1.process(GrpcServerProtocolService.java:207)
	at org.apache.ratis.grpc.server.GrpcServerProtocolService$1.process(GrpcServerProtocolService.java:204)
	at org.apache.ratis.grpc.server.GrpcServerProtocolService$ServerRequestStreamObserver.onNext(GrpcServerProtocolService.java:126)
	at org.apache.ratis.thirdparty.io.grpc.stub.ServerCalls$StreamingServerCallHandler$StreamingServerCallListener.onMessage(ServerCalls.java:262)
	at org.apache.ratis.thirdparty.io.grpc.ForwardingServerCallListener.onMessage(ForwardingServerCallListener.java:33)
	at org.apache.ratis.thirdparty.io.grpc.internal.ServerCallImpl$ServerStreamListenerImpl.messagesAvailableInternal(ServerCallImpl.java:318)
	at org.apache.ratis.thirdparty.io.grpc.internal.ServerCallImpl$ServerStreamListenerImpl.messagesAvailable(ServerCallImpl.java:301)
	at org.apache.ratis.thirdparty.io.grpc.internal.ServerImpl$JumpToApplicationThreadServerStreamListener$1MessagesAvailable.runInContext(ServerImpl.java:834)
	at org.apache.ratis.thirdparty.io.grpc.internal.ContextRunnable.run(ContextRunnable.java:37)
	at org.apache.ratis.thirdparty.io.grpc.internal.SerializingExecutor.run(SerializingExecutor.java:133)
	at java.util.concurrent.ThreadPoolExecutor.runWorker(ThreadPoolExecutor.java:1149)
	at java.util.concurrent.ThreadPoolExecutor$Worker.run(ThreadPoolExecutor.java:624)
	at java.lang.Thread.run(Thread.java:750)
Caused by: java.util.concurrent.RejectedExecutionException: Task java.util.concurrent.CompletableFuture$AsyncSupply@44dec084 rejected from java.util.concurrent.ThreadPoolExecutor@5f803e53[Terminated, pool size = 0, active threads = 0, queued tasks = 0, completed tasks = 0]
	at java.util.concurrent.ThreadPoolExecutor$AbortPolicy.rejectedExecution(ThreadPoolExecutor.java:2063)
	at java.util.concurrent.ThreadPoolExecutor.reject(ThreadPoolExecutor.java:830)
	at java.util.concurrent.ThreadPoolExecutor.execute(ThreadPoolExecutor.java:1379)
	at java.util.concurrent.CompletableFuture.asyncSupplyStage(CompletableFuture.java:1618)
	at java.util.concurrent.CompletableFuture.supplyAsync(CompletableFuture.java:1843)
	at org.apache.ratis.server.impl.RaftServerImpl.executeSubmitServerRequestAsync(RaftServerImpl.java:788)
	at org.apache.ratis.server.impl.RaftServerProxy.lambda$appendEntriesAsync$26(RaftServerProxy.java:622)
	at java.util.concurrent.CompletableFuture.uniComposeStage(CompletableFuture.java:995)
	... 15 more
2022-07-24 15:57:05,728 [grpc-default-executor-8] WARN  server.GrpcLogAppender (LogUtils.java:warn(124)) - s0@group-1D117010C276->s2-AppendLogResponseHandler: Failed appendEntries
java.io.IOException: java.util.concurrent.RejectedExecutionException: Task java.util.concurrent.CompletableFuture$AsyncSupply@44dec084 rejected from java.util.concurrent.ThreadPoolExecutor@5f803e53[Terminated, pool size = 0, active threads = 0, queued tasks = 0, completed tasks = 0]
	at org.apache.ratis.util.IOUtils.asIOException(IOUtils.java:56)
	at org.apache.ratis.grpc.GrpcUtil.tryUnwrapException(GrpcUtil.java:121)
	at org.apache.ratis.grpc.GrpcUtil.unwrapThrowable(GrpcUtil.java:82)
	at org.apache.ratis.grpc.GrpcUtil.warn(GrpcUtil.java:178)
	at org.apache.ratis.grpc.server.GrpcLogAppender$AppendLogResponseHandler.onError(GrpcLogAppender.java:378)
	at org.apache.ratis.thirdparty.io.grpc.stub.ClientCalls$StreamObserverToCallListenerAdapter.onClose(ClientCalls.java:479)
	at org.apache.ratis.thirdparty.io.grpc.internal.ClientCallImpl.closeObserver(ClientCallImpl.java:562)
	at org.apache.ratis.thirdparty.io.grpc.internal.ClientCallImpl.access$300(ClientCallImpl.java:70)
	at org.apache.ratis.thirdparty.io.grpc.internal.ClientCallImpl$ClientStreamListenerImpl$1StreamClosed.runInternal(ClientCallImpl.java:743)
	at org.apache.ratis.thirdparty.io.grpc.internal.ClientCallImpl$ClientStreamListenerImpl$1StreamClosed.runInContext(ClientCallImpl.java:722)
	at org.apache.ratis.thirdparty.io.grpc.internal.ContextRunnable.run(ContextRunnable.java:37)
	at org.apache.ratis.thirdparty.io.grpc.internal.SerializingExecutor.run(SerializingExecutor.java:133)
	at java.util.concurrent.ThreadPoolExecutor.runWorker(ThreadPoolExecutor.java:1149)
	at java.util.concurrent.ThreadPoolExecutor$Worker.run(ThreadPoolExecutor.java:624)
	at java.lang.Thread.run(Thread.java:750)
Caused by: java.util.concurrent.RejectedExecutionException: Task java.util.concurrent.CompletableFuture$AsyncSupply@44dec084 rejected from java.util.concurrent.ThreadPoolExecutor@5f803e53[Terminated, pool size = 0, active threads = 0, queued tasks = 0, completed tasks = 0]
	at sun.reflect.GeneratedConstructorAccessor9.newInstance(Unknown Source)
	at sun.reflect.DelegatingConstructorAccessorImpl.newInstance(DelegatingConstructorAccessorImpl.java:45)
	at java.lang.reflect.Constructor.newInstance(Constructor.java:423)
	at org.apache.ratis.util.ReflectionUtils.instantiateException(ReflectionUtils.java:259)
	at org.apache.ratis.grpc.GrpcUtil.tryUnwrapException(GrpcUtil.java:120)
	... 13 more
Caused by: org.apache.ratis.thirdparty.io.grpc.StatusRuntimeException: INTERNAL: Task java.util.concurrent.CompletableFuture$AsyncSupply@44dec084 rejected from java.util.concurrent.ThreadPoolExecutor@5f803e53[Terminated, pool size = 0, active threads = 0, queued tasks = 0, completed tasks = 0]
	at org.apache.ratis.thirdparty.io.grpc.Status.asRuntimeException(Status.java:535)
	... 10 more
	Suppressed: java.lang.IllegalStateException: Failed to cast to class java.io.IOException, object=java.util.concurrent.RejectedExecutionException: Task java.util.concurrent.CompletableFuture$AsyncSupply@44dec084 rejected from java.util.concurrent.ThreadPoolExecutor@5f803e53[Terminated, pool size = 0, active threads = 0, queued tasks = 0, completed tasks = 0]
	at java.util.concurrent.ThreadPoolExecutor$AbortPolicy.rejectedExecution(ThreadPoolExecutor.java:2063)
	at java.util.concurrent.ThreadPoolExecutor.reject(ThreadPoolExecutor.java:830)
	at java.util.concurrent.ThreadPoolExecutor.execute(ThreadPoolExecutor.java:1379)
	at java.util.concurrent.CompletableFuture.asyncSupplyStage(CompletableFuture.java:1618)
	at java.util.concurrent.CompletableFuture.supplyAsync(CompletableFuture.java:1843)
	at org.apache.ratis.server.impl.RaftServerImpl.executeSubmitServerRequestAsync(RaftServerImpl.java:788)
	at org.apache.ratis.server.impl.RaftServerProxy.lambda$appendEntriesAsync$26(RaftServerProxy.java:622)
	at java.util.concurrent.CompletableFuture.uniComposeStage(CompletableFuture.java:995)
	at java.util.concurrent.CompletableFuture.thenCompose(CompletableFuture.java:2137)
	at org.apache.ratis.server.impl.RaftServerProxy.appendEntriesAsync(RaftServerProxy.java:622)
	at org.apache.ratis.grpc.server.GrpcServerProtocolService$1.process(GrpcServerProtocolService.java:207)
	at org.apache.ratis.grpc.server.GrpcServerProtocolService$1.process(GrpcServerProtocolService.java:204)
	at org.apache.ratis.grpc.server.GrpcServerProtocolService$ServerRequestStreamObserver.onNext(GrpcServerProtocolService.java:126)
	at org.apache.ratis.thirdparty.io.grpc.stub.ServerCalls$StreamingServerCallHandler$StreamingServerCallListener.onMessage(ServerCalls.java:262)
	at org.apache.ratis.thirdparty.io.grpc.ForwardingServerCallListener.onMessage(ForwardingServerCallListener.java:33)
	at org.apache.ratis.thirdparty.io.grpc.internal.ServerCallImpl$ServerStreamListenerImpl.messagesAvailableInternal(ServerCallImpl.java:318)
	at org.apache.ratis.thirdparty.io.grpc.internal.ServerCallImpl$ServerStreamListenerImpl.messagesAvailable(ServerCallImpl.java:301)
	at org.apache.ratis.thirdparty.io.grpc.internal.ServerImpl$JumpToApplicationThreadServerStreamListener$1MessagesAvailable.runInContext(ServerImpl.java:834)
	at org.apache.ratis.thirdparty.io.grpc.internal.ContextRunnable.run(ContextRunnable.java:37)
	at org.apache.ratis.thirdparty.io.grpc.internal.SerializingExecutor.run(SerializingExecutor.java:133)
	at java.util.concurrent.ThreadPoolExecutor.runWorker(ThreadPoolExecutor.java:1149)
	at java.util.concurrent.ThreadPoolExecutor$Worker.run(ThreadPoolExecutor.java:624)
	at java.lang.Thread.run(Thread.java:750)

		at org.apache.ratis.util.IOUtils.readObject(IOUtils.java:237)
		at org.apache.ratis.util.IOUtils.bytes2Object(IOUtils.java:214)
		at org.apache.ratis.grpc.GrpcUtil.tryUnwrapException(GrpcUtil.java:109)
		at org.apache.ratis.grpc.GrpcUtil.unwrapThrowable(GrpcUtil.java:82)
		at org.apache.ratis.grpc.GrpcUtil.warn(GrpcUtil.java:178)
		at org.apache.ratis.grpc.server.GrpcLogAppender$AppendLogResponseHandler.onError(GrpcLogAppender.java:378)
		... 10 more
	Caused by: java.lang.ClassCastException: Cannot cast java.util.concurrent.RejectedExecutionException to java.io.IOException
		at java.lang.Class.cast(Class.java:3369)
		at org.apache.ratis.util.IOUtils.readObject(IOUtils.java:234)
		... 15 more
2022-07-24 15:57:05,728 [grpc-default-executor-8] INFO  leader.FollowerInfo (FollowerInfoImpl.java:lambda$new$0(48)) - s0@group-1D117010C276->s2: nextIndex: updateUnconditionally 229 -> 199
2022-07-24 15:57:05,729 [s1-server-thread1] DEBUG raftlog.RaftLog (SegmentedRaftLog.java:appendImpl(447)) - truncateIndex=-1, arrayIndex=0
2022-07-24 15:57:05,736 [s1@group-1D117010C276-StateMachineUpdater] INFO  statemachine.SimpleStateMachine4Testing (SimpleStateMachine4Testing.java:put(204)) - s1: put 227, m111 -> (t:2, i:227), STATEMACHINELOGENTRY, 497@client-6F86E1C52B91
2022-07-24 15:57:05,737 [grpc-default-executor-2] WARN  server.GrpcServerProtocolService (LogUtils.java:warn(124)) - s2: Failed APPEND_ENTRIES request s0->s2#65-t2,previous=(t:1, i:198),leaderCommit=228,initializing? true,entries: size=31, first=(t:2, i:199), CONFIGURATIONENTRY(current:id: "s0"
address: "localhost:41145"
dataStreamAddress: "localhost:35053"
clientAddress: "localhost:40971"
adminAddress: "localhost:44949"
startupRole: FOLLOWER
,id: "s1"
address: "localhost:37813"
dataStreamAddress: "localhost:42861"
clientAddress: "localhost:42193"
adminAddress: "localhost:42655"
startupRole: FOLLOWER
,id: "s2"
address: "localhost:37241"
dataStreamAddress: "localhost:33751"
clientAddress: "localhost:34449"
adminAddress: "localhost:39099"
startupRole: FOLLOWER
, old:)
java.util.concurrent.CompletionException: java.util.concurrent.RejectedExecutionException: Task java.util.concurrent.CompletableFuture$AsyncSupply@32e740fe rejected from java.util.concurrent.ThreadPoolExecutor@5f803e53[Terminated, pool size = 0, active threads = 0, queued tasks = 0, completed tasks = 0]
	at java.util.concurrent.CompletableFuture.encodeThrowable(CompletableFuture.java:273)
	at java.util.concurrent.CompletableFuture.uniComposeStage(CompletableFuture.java:1005)
	at java.util.concurrent.CompletableFuture.thenCompose(CompletableFuture.java:2137)
	at org.apache.ratis.server.impl.RaftServerProxy.appendEntriesAsync(RaftServerProxy.java:622)
	at org.apache.ratis.grpc.server.GrpcServerProtocolService$1.process(GrpcServerProtocolService.java:207)
	at org.apache.ratis.grpc.server.GrpcServerProtocolService$1.process(GrpcServerProtocolService.java:204)
	at org.apache.ratis.grpc.server.GrpcServerProtocolService$ServerRequestStreamObserver.onNext(GrpcServerProtocolService.java:126)
	at org.apache.ratis.thirdparty.io.grpc.stub.ServerCalls$StreamingServerCallHandler$StreamingServerCallListener.onMessage(ServerCalls.java:262)
	at org.apache.ratis.thirdparty.io.grpc.ForwardingServerCallListener.onMessage(ForwardingServerCallListener.java:33)
	at org.apache.ratis.thirdparty.io.grpc.internal.ServerCallImpl$ServerStreamListenerImpl.messagesAvailableInternal(ServerCallImpl.java:318)
	at org.apache.ratis.thirdparty.io.grpc.internal.ServerCallImpl$ServerStreamListenerImpl.messagesAvailable(ServerCallImpl.java:301)
	at org.apache.ratis.thirdparty.io.grpc.internal.ServerImpl$JumpToApplicationThreadServerStreamListener$1MessagesAvailable.runInContext(ServerImpl.java:834)
	at org.apache.ratis.thirdparty.io.grpc.internal.ContextRunnable.run(ContextRunnable.java:37)
	at org.apache.ratis.thirdparty.io.grpc.internal.SerializingExecutor.run(SerializingExecutor.java:133)
	at java.util.concurrent.ThreadPoolExecutor.runWorker(ThreadPoolExecutor.java:1149)
	at java.util.concurrent.ThreadPoolExecutor$Worker.run(ThreadPoolExecutor.java:624)
	at java.lang.Thread.run(Thread.java:750)
Caused by: java.util.concurrent.RejectedExecutionException: Task java.util.concurrent.CompletableFuture$AsyncSupply@32e740fe rejected from java.util.concurrent.ThreadPoolExecutor@5f803e53[Terminated, pool size = 0, active threads = 0, queued tasks = 0, completed tasks = 0]
	at java.util.concurrent.ThreadPoolExecutor$AbortPolicy.rejectedExecution(ThreadPoolExecutor.java:2063)
	at java.util.concurrent.ThreadPoolExecutor.reject(ThreadPoolExecutor.java:830)
	at java.util.concurrent.ThreadPoolExecutor.execute(ThreadPoolExecutor.java:1379)
	at java.util.concurrent.CompletableFuture.asyncSupplyStage(CompletableFuture.java:1618)
	at java.util.concurrent.CompletableFuture.supplyAsync(CompletableFuture.java:1843)
	at org.apache.ratis.server.impl.RaftServerImpl.executeSubmitServerRequestAsync(RaftServerImpl.java:788)
	at org.apache.ratis.server.impl.RaftServerProxy.lambda$appendEntriesAsync$26(RaftServerProxy.java:622)
	at java.util.concurrent.CompletableFuture.uniComposeStage(CompletableFuture.java:995)
	... 15 more
2022-07-24 15:57:05,739 [grpc-default-executor-8] WARN  server.GrpcLogAppender (LogUtils.java:warn(124)) - s0@group-1D117010C276->s2-AppendLogResponseHandler: Failed appendEntries
java.io.IOException: java.util.concurrent.RejectedExecutionException: Task java.util.concurrent.CompletableFuture$AsyncSupply@32e740fe rejected from java.util.concurrent.ThreadPoolExecutor@5f803e53[Terminated, pool size = 0, active threads = 0, queued tasks = 0, completed tasks = 0]
	at org.apache.ratis.util.IOUtils.asIOException(IOUtils.java:56)
	at org.apache.ratis.grpc.GrpcUtil.tryUnwrapException(GrpcUtil.java:121)
	at org.apache.ratis.grpc.GrpcUtil.unwrapThrowable(GrpcUtil.java:82)
	at org.apache.ratis.grpc.GrpcUtil.warn(GrpcUtil.java:178)
	at org.apache.ratis.grpc.server.GrpcLogAppender$AppendLogResponseHandler.onError(GrpcLogAppender.java:378)
	at org.apache.ratis.thirdparty.io.grpc.stub.ClientCalls$StreamObserverToCallListenerAdapter.onClose(ClientCalls.java:479)
	at org.apache.ratis.thirdparty.io.grpc.internal.ClientCallImpl.closeObserver(ClientCallImpl.java:562)
	at org.apache.ratis.thirdparty.io.grpc.internal.ClientCallImpl.access$300(ClientCallImpl.java:70)
	at org.apache.ratis.thirdparty.io.grpc.internal.ClientCallImpl$ClientStreamListenerImpl$1StreamClosed.runInternal(ClientCallImpl.java:743)
	at org.apache.ratis.thirdparty.io.grpc.internal.ClientCallImpl$ClientStreamListenerImpl$1StreamClosed.runInContext(ClientCallImpl.java:722)
	at org.apache.ratis.thirdparty.io.grpc.internal.ContextRunnable.run(ContextRunnable.java:37)
	at org.apache.ratis.thirdparty.io.grpc.internal.SerializingExecutor.run(SerializingExecutor.java:133)
	at java.util.concurrent.ThreadPoolExecutor.runWorker(ThreadPoolExecutor.java:1149)
	at java.util.concurrent.ThreadPoolExecutor$Worker.run(ThreadPoolExecutor.java:624)
	at java.lang.Thread.run(Thread.java:750)
Caused by: java.util.concurrent.RejectedExecutionException: Task java.util.concurrent.CompletableFuture$AsyncSupply@32e740fe rejected from java.util.concurrent.ThreadPoolExecutor@5f803e53[Terminated, pool size = 0, active threads = 0, queued tasks = 0, completed tasks = 0]
	at sun.reflect.GeneratedConstructorAccessor9.newInstance(Unknown Source)
	at sun.reflect.DelegatingConstructorAccessorImpl.newInstance(DelegatingConstructorAccessorImpl.java:45)
	at java.lang.reflect.Constructor.newInstance(Constructor.java:423)
	at org.apache.ratis.util.ReflectionUtils.instantiateException(ReflectionUtils.java:259)
	at org.apache.ratis.grpc.GrpcUtil.tryUnwrapException(GrpcUtil.java:120)
	... 13 more
Caused by: org.apache.ratis.thirdparty.io.grpc.StatusRuntimeException: INTERNAL: Task java.util.concurrent.CompletableFuture$AsyncSupply@32e740fe rejected from java.util.concurrent.ThreadPoolExecutor@5f803e53[Terminated, pool size = 0, active threads = 0, queued tasks = 0, completed tasks = 0]
	at org.apache.ratis.thirdparty.io.grpc.Status.asRuntimeException(Status.java:535)
	... 10 more
	Suppressed: java.lang.IllegalStateException: Failed to cast to class java.io.IOException, object=java.util.concurrent.RejectedExecutionException: Task java.util.concurrent.CompletableFuture$AsyncSupply@32e740fe rejected from java.util.concurrent.ThreadPoolExecutor@5f803e53[Terminated, pool size = 0, active threads = 0, queued tasks = 0, completed tasks = 0]
	at java.util.concurrent.ThreadPoolExecutor$AbortPolicy.rejectedExecution(ThreadPoolExecutor.java:2063)
	at java.util.concurrent.ThreadPoolExecutor.reject(ThreadPoolExecutor.java:830)
	at java.util.concurrent.ThreadPoolExecutor.execute(ThreadPoolExecutor.java:1379)
	at java.util.concurrent.CompletableFuture.asyncSupplyStage(CompletableFuture.java:1618)
	at java.util.concurrent.CompletableFuture.supplyAsync(CompletableFuture.java:1843)
	at org.apache.ratis.server.impl.RaftServerImpl.executeSubmitServerRequestAsync(RaftServerImpl.java:788)
	at org.apache.ratis.server.impl.RaftServerProxy.lambda$appendEntriesAsync$26(RaftServerProxy.java:622)
	at java.util.concurrent.CompletableFuture.uniComposeStage(CompletableFuture.java:995)
	at java.util.concurrent.CompletableFuture.thenCompose(CompletableFuture.java:2137)
	at org.apache.ratis.server.impl.RaftServerProxy.appendEntriesAsync(RaftServerProxy.java:622)
	at org.apache.ratis.grpc.server.GrpcServerProtocolService$1.process(GrpcServerProtocolService.java:207)
	at org.apache.ratis.grpc.server.GrpcServerProtocolService$1.process(GrpcServerProtocolService.java:204)
	at org.apache.ratis.grpc.server.GrpcServerProtocolService$ServerRequestStreamObserver.onNext(GrpcServerProtocolService.java:126)
	at org.apache.ratis.thirdparty.io.grpc.stub.ServerCalls$StreamingServerCallHandler$StreamingServerCallListener.onMessage(ServerCalls.java:262)
	at org.apache.ratis.thirdparty.io.grpc.ForwardingServerCallListener.onMessage(ForwardingServerCallListener.java:33)
	at org.apache.ratis.thirdparty.io.grpc.internal.ServerCallImpl$ServerStreamListenerImpl.messagesAvailableInternal(ServerCallImpl.java:318)
	at org.apache.ratis.thirdparty.io.grpc.internal.ServerCallImpl$ServerStreamListenerImpl.messagesAvailable(ServerCallImpl.java:301)
	at org.apache.ratis.thirdparty.io.grpc.internal.ServerImpl$JumpToApplicationThreadServerStreamListener$1MessagesAvailable.runInContext(ServerImpl.java:834)
	at org.apache.ratis.thirdparty.io.grpc.internal.ContextRunnable.run(ContextRunnable.java:37)
	at org.apache.ratis.thirdparty.io.grpc.internal.SerializingExecutor.run(SerializingExecutor.java:133)
	at java.util.concurrent.ThreadPoolExecutor.runWorker(ThreadPoolExecutor.java:1149)
	at java.util.concurrent.ThreadPoolExecutor$Worker.run(ThreadPoolExecutor.java:624)
	at java.lang.Thread.run(Thread.java:750)

		at org.apache.ratis.util.IOUtils.readObject(IOUtils.java:237)
		at org.apache.ratis.util.IOUtils.bytes2Object(IOUtils.java:214)
		at org.apache.ratis.grpc.GrpcUtil.tryUnwrapException(GrpcUtil.java:109)
		at org.apache.ratis.grpc.GrpcUtil.unwrapThrowable(GrpcUtil.java:82)
		at org.apache.ratis.grpc.GrpcUtil.warn(GrpcUtil.java:178)
		at org.apache.ratis.grpc.server.GrpcLogAppender$AppendLogResponseHandler.onError(GrpcLogAppender.java:378)
		... 10 more
	Caused by: java.lang.ClassCastException: Cannot cast java.util.concurrent.RejectedExecutionException to java.io.IOException
		at java.lang.Class.cast(Class.java:3369)
		at org.apache.ratis.util.IOUtils.readObject(IOUtils.java:234)
		... 15 more
2022-07-24 15:57:05,739 [grpc-default-executor-8] INFO  leader.FollowerInfo (FollowerInfoImpl.java:lambda$new$0(48)) - s0@group-1D117010C276->s2: nextIndex: updateUnconditionally 230 -> 199
2022-07-24 15:57:05,739 [s0@group-1D117010C276-StateMachineUpdater] INFO  statemachine.SimpleStateMachine4Testing (SimpleStateMachine4Testing.java:put(204)) - s0: put 229, m112 -> (t:2, i:229), STATEMACHINELOGENTRY, 498@client-6F86E1C52B91
2022-07-24 15:57:05,740 [s1-server-thread1] DEBUG raftlog.RaftLog (SegmentedRaftLog.java:appendImpl(447)) - truncateIndex=-1, arrayIndex=0
2022-07-24 15:57:05,740 [grpc-default-executor-9] WARN  server.GrpcServerProtocolService (LogUtils.java:warn(124)) - s2: Failed APPEND_ENTRIES request s0->s2#66-t2,previous=(t:1, i:198),leaderCommit=229,initializing? true,entries: size=32, first=(t:2, i:199), CONFIGURATIONENTRY(current:id: "s0"
address: "localhost:41145"
dataStreamAddress: "localhost:35053"
clientAddress: "localhost:40971"
adminAddress: "localhost:44949"
startupRole: FOLLOWER
,id: "s1"
address: "localhost:37813"
dataStreamAddress: "localhost:42861"
clientAddress: "localhost:42193"
adminAddress: "localhost:42655"
startupRole: FOLLOWER
,id: "s2"
address: "localhost:37241"
dataStreamAddress: "localhost:33751"
clientAddress: "localhost:34449"
adminAddress: "localhost:39099"
startupRole: FOLLOWER
, old:)
java.util.concurrent.CompletionException: java.util.concurrent.RejectedExecutionException: Task java.util.concurrent.CompletableFuture$AsyncSupply@58644559 rejected from java.util.concurrent.ThreadPoolExecutor@5f803e53[Terminated, pool size = 0, active threads = 0, queued tasks = 0, completed tasks = 0]
	at java.util.concurrent.CompletableFuture.encodeThrowable(CompletableFuture.java:273)
	at java.util.concurrent.CompletableFuture.uniComposeStage(CompletableFuture.java:1005)
	at java.util.concurrent.CompletableFuture.thenCompose(CompletableFuture.java:2137)
	at org.apache.ratis.server.impl.RaftServerProxy.appendEntriesAsync(RaftServerProxy.java:622)
	at org.apache.ratis.grpc.server.GrpcServerProtocolService$1.process(GrpcServerProtocolService.java:207)
	at org.apache.ratis.grpc.server.GrpcServerProtocolService$1.process(GrpcServerProtocolService.java:204)
	at org.apache.ratis.grpc.server.GrpcServerProtocolService$ServerRequestStreamObserver.onNext(GrpcServerProtocolService.java:126)
	at org.apache.ratis.thirdparty.io.grpc.stub.ServerCalls$StreamingServerCallHandler$StreamingServerCallListener.onMessage(ServerCalls.java:262)
	at org.apache.ratis.thirdparty.io.grpc.ForwardingServerCallListener.onMessage(ForwardingServerCallListener.java:33)
	at org.apache.ratis.thirdparty.io.grpc.internal.ServerCallImpl$ServerStreamListenerImpl.messagesAvailableInternal(ServerCallImpl.java:318)
	at org.apache.ratis.thirdparty.io.grpc.internal.ServerCallImpl$ServerStreamListenerImpl.messagesAvailable(ServerCallImpl.java:301)
	at org.apache.ratis.thirdparty.io.grpc.internal.ServerImpl$JumpToApplicationThreadServerStreamListener$1MessagesAvailable.runInContext(ServerImpl.java:834)
	at org.apache.ratis.thirdparty.io.grpc.internal.ContextRunnable.run(ContextRunnable.java:37)
	at org.apache.ratis.thirdparty.io.grpc.internal.SerializingExecutor.run(SerializingExecutor.java:133)
	at java.util.concurrent.ThreadPoolExecutor.runWorker(ThreadPoolExecutor.java:1149)
	at java.util.concurrent.ThreadPoolExecutor$Worker.run(ThreadPoolExecutor.java:624)
	at java.lang.Thread.run(Thread.java:750)
Caused by: java.util.concurrent.RejectedExecutionException: Task java.util.concurrent.CompletableFuture$AsyncSupply@58644559 rejected from java.util.concurrent.ThreadPoolExecutor@5f803e53[Terminated, pool size = 0, active threads = 0, queued tasks = 0, completed tasks = 0]
	at java.util.concurrent.ThreadPoolExecutor$AbortPolicy.rejectedExecution(ThreadPoolExecutor.java:2063)
	at java.util.concurrent.ThreadPoolExecutor.reject(ThreadPoolExecutor.java:830)
	at java.util.concurrent.ThreadPoolExecutor.execute(ThreadPoolExecutor.java:1379)
	at java.util.concurrent.CompletableFuture.asyncSupplyStage(CompletableFuture.java:1618)
	at java.util.concurrent.CompletableFuture.supplyAsync(CompletableFuture.java:1843)
	at org.apache.ratis.server.impl.RaftServerImpl.executeSubmitServerRequestAsync(RaftServerImpl.java:788)
	at org.apache.ratis.server.impl.RaftServerProxy.lambda$appendEntriesAsync$26(RaftServerProxy.java:622)
	at java.util.concurrent.CompletableFuture.uniComposeStage(CompletableFuture.java:995)
	... 15 more
2022-07-24 15:57:05,741 [s1@group-1D117010C276-StateMachineUpdater] INFO  statemachine.SimpleStateMachine4Testing (SimpleStateMachine4Testing.java:put(204)) - s1: put 229, m112 -> (t:2, i:229), STATEMACHINELOGENTRY, 498@client-6F86E1C52B91
2022-07-24 15:57:05,742 [grpc-default-executor-9] WARN  server.GrpcLogAppender (LogUtils.java:warn(124)) - s0@group-1D117010C276->s2-AppendLogResponseHandler: Failed appendEntries
java.io.IOException: java.util.concurrent.RejectedExecutionException: Task java.util.concurrent.CompletableFuture$AsyncSupply@58644559 rejected from java.util.concurrent.ThreadPoolExecutor@5f803e53[Terminated, pool size = 0, active threads = 0, queued tasks = 0, completed tasks = 0]
	at org.apache.ratis.util.IOUtils.asIOException(IOUtils.java:56)
	at org.apache.ratis.grpc.GrpcUtil.tryUnwrapException(GrpcUtil.java:121)
	at org.apache.ratis.grpc.GrpcUtil.unwrapThrowable(GrpcUtil.java:82)
	at org.apache.ratis.grpc.GrpcUtil.warn(GrpcUtil.java:178)
	at org.apache.ratis.grpc.server.GrpcLogAppender$AppendLogResponseHandler.onError(GrpcLogAppender.java:378)
	at org.apache.ratis.thirdparty.io.grpc.stub.ClientCalls$StreamObserverToCallListenerAdapter.onClose(ClientCalls.java:479)
	at org.apache.ratis.thirdparty.io.grpc.internal.ClientCallImpl.closeObserver(ClientCallImpl.java:562)
	at org.apache.ratis.thirdparty.io.grpc.internal.ClientCallImpl.access$300(ClientCallImpl.java:70)
	at org.apache.ratis.thirdparty.io.grpc.internal.ClientCallImpl$ClientStreamListenerImpl$1StreamClosed.runInternal(ClientCallImpl.java:743)
	at org.apache.ratis.thirdparty.io.grpc.internal.ClientCallImpl$ClientStreamListenerImpl$1StreamClosed.runInContext(ClientCallImpl.java:722)
	at org.apache.ratis.thirdparty.io.grpc.internal.ContextRunnable.run(ContextRunnable.java:37)
	at org.apache.ratis.thirdparty.io.grpc.internal.SerializingExecutor.run(SerializingExecutor.java:133)
	at java.util.concurrent.ThreadPoolExecutor.runWorker(ThreadPoolExecutor.java:1149)
	at java.util.concurrent.ThreadPoolExecutor$Worker.run(ThreadPoolExecutor.java:624)
	at java.lang.Thread.run(Thread.java:750)
Caused by: java.util.concurrent.RejectedExecutionException: Task java.util.concurrent.CompletableFuture$AsyncSupply@58644559 rejected from java.util.concurrent.ThreadPoolExecutor@5f803e53[Terminated, pool size = 0, active threads = 0, queued tasks = 0, completed tasks = 0]
	at sun.reflect.GeneratedConstructorAccessor9.newInstance(Unknown Source)
	at sun.reflect.DelegatingConstructorAccessorImpl.newInstance(DelegatingConstructorAccessorImpl.java:45)
	at java.lang.reflect.Constructor.newInstance(Constructor.java:423)
	at org.apache.ratis.util.ReflectionUtils.instantiateException(ReflectionUtils.java:259)
	at org.apache.ratis.grpc.GrpcUtil.tryUnwrapException(GrpcUtil.java:120)
	... 13 more
Caused by: org.apache.ratis.thirdparty.io.grpc.StatusRuntimeException: INTERNAL: Task java.util.concurrent.CompletableFuture$AsyncSupply@58644559 rejected from java.util.concurrent.ThreadPoolExecutor@5f803e53[Terminated, pool size = 0, active threads = 0, queued tasks = 0, completed tasks = 0]
	at org.apache.ratis.thirdparty.io.grpc.Status.asRuntimeException(Status.java:535)
	... 10 more
	Suppressed: java.lang.IllegalStateException: Failed to cast to class java.io.IOException, object=java.util.concurrent.RejectedExecutionException: Task java.util.concurrent.CompletableFuture$AsyncSupply@58644559 rejected from java.util.concurrent.ThreadPoolExecutor@5f803e53[Terminated, pool size = 0, active threads = 0, queued tasks = 0, completed tasks = 0]
	at java.util.concurrent.ThreadPoolExecutor$AbortPolicy.rejectedExecution(ThreadPoolExecutor.java:2063)
	at java.util.concurrent.ThreadPoolExecutor.reject(ThreadPoolExecutor.java:830)
	at java.util.concurrent.ThreadPoolExecutor.execute(ThreadPoolExecutor.java:1379)
	at java.util.concurrent.CompletableFuture.asyncSupplyStage(CompletableFuture.java:1618)
	at java.util.concurrent.CompletableFuture.supplyAsync(CompletableFuture.java:1843)
	at org.apache.ratis.server.impl.RaftServerImpl.executeSubmitServerRequestAsync(RaftServerImpl.java:788)
	at org.apache.ratis.server.impl.RaftServerProxy.lambda$appendEntriesAsync$26(RaftServerProxy.java:622)
	at java.util.concurrent.CompletableFuture.uniComposeStage(CompletableFuture.java:995)
	at java.util.concurrent.CompletableFuture.thenCompose(CompletableFuture.java:2137)
	at org.apache.ratis.server.impl.RaftServerProxy.appendEntriesAsync(RaftServerProxy.java:622)
	at org.apache.ratis.grpc.server.GrpcServerProtocolService$1.process(GrpcServerProtocolService.java:207)
	at org.apache.ratis.grpc.server.GrpcServerProtocolService$1.process(GrpcServerProtocolService.java:204)
	at org.apache.ratis.grpc.server.GrpcServerProtocolService$ServerRequestStreamObserver.onNext(GrpcServerProtocolService.java:126)
	at org.apache.ratis.thirdparty.io.grpc.stub.ServerCalls$StreamingServerCallHandler$StreamingServerCallListener.onMessage(ServerCalls.java:262)
	at org.apache.ratis.thirdparty.io.grpc.ForwardingServerCallListener.onMessage(ForwardingServerCallListener.java:33)
	at org.apache.ratis.thirdparty.io.grpc.internal.ServerCallImpl$ServerStreamListenerImpl.messagesAvailableInternal(ServerCallImpl.java:318)
	at org.apache.ratis.thirdparty.io.grpc.internal.ServerCallImpl$ServerStreamListenerImpl.messagesAvailable(ServerCallImpl.java:301)
	at org.apache.ratis.thirdparty.io.grpc.internal.ServerImpl$JumpToApplicationThreadServerStreamListener$1MessagesAvailable.runInContext(ServerImpl.java:834)
	at org.apache.ratis.thirdparty.io.grpc.internal.ContextRunnable.run(ContextRunnable.java:37)
	at org.apache.ratis.thirdparty.io.grpc.internal.SerializingExecutor.run(SerializingExecutor.java:133)
	at java.util.concurrent.ThreadPoolExecutor.runWorker(ThreadPoolExecutor.java:1149)
	at java.util.concurrent.ThreadPoolExecutor$Worker.run(ThreadPoolExecutor.java:624)
	at java.lang.Thread.run(Thread.java:750)

		at org.apache.ratis.util.IOUtils.readObject(IOUtils.java:237)
		at org.apache.ratis.util.IOUtils.bytes2Object(IOUtils.java:214)
		at org.apache.ratis.grpc.GrpcUtil.tryUnwrapException(GrpcUtil.java:109)
		at org.apache.ratis.grpc.GrpcUtil.unwrapThrowable(GrpcUtil.java:82)
		at org.apache.ratis.grpc.GrpcUtil.warn(GrpcUtil.java:178)
		at org.apache.ratis.grpc.server.GrpcLogAppender$AppendLogResponseHandler.onError(GrpcLogAppender.java:378)
		... 10 more
	Caused by: java.lang.ClassCastException: Cannot cast java.util.concurrent.RejectedExecutionException to java.io.IOException
		at java.lang.Class.cast(Class.java:3369)
		at org.apache.ratis.util.IOUtils.readObject(IOUtils.java:234)
		... 15 more
2022-07-24 15:57:05,743 [grpc-default-executor-9] INFO  leader.FollowerInfo (FollowerInfoImpl.java:lambda$new$0(48)) - s0@group-1D117010C276->s2: nextIndex: updateUnconditionally 231 -> 199
2022-07-24 15:57:05,743 [s1-server-thread1] DEBUG raftlog.RaftLog (SegmentedRaftLog.java:appendImpl(447)) - truncateIndex=-1, arrayIndex=0
2022-07-24 15:57:05,744 [grpc-default-executor-3] WARN  server.GrpcServerProtocolService (LogUtils.java:warn(124)) - s2: Failed APPEND_ENTRIES request s0->s2#67-t2,previous=(t:1, i:198),leaderCommit=229,initializing? true,entries: size=33, first=(t:2, i:199), CONFIGURATIONENTRY(current:id: "s0"
address: "localhost:41145"
dataStreamAddress: "localhost:35053"
clientAddress: "localhost:40971"
adminAddress: "localhost:44949"
startupRole: FOLLOWER
,id: "s1"
address: "localhost:37813"
dataStreamAddress: "localhost:42861"
clientAddress: "localhost:42193"
adminAddress: "localhost:42655"
startupRole: FOLLOWER
,id: "s2"
address: "localhost:37241"
dataStreamAddress: "localhost:33751"
clientAddress: "localhost:34449"
adminAddress: "localhost:39099"
startupRole: FOLLOWER
, old:)
java.util.concurrent.CompletionException: java.util.concurrent.RejectedExecutionException: Task java.util.concurrent.CompletableFuture$AsyncSupply@664024db rejected from java.util.concurrent.ThreadPoolExecutor@5f803e53[Terminated, pool size = 0, active threads = 0, queued tasks = 0, completed tasks = 0]
	at java.util.concurrent.CompletableFuture.encodeThrowable(CompletableFuture.java:273)
	at java.util.concurrent.CompletableFuture.uniComposeStage(CompletableFuture.java:1005)
	at java.util.concurrent.CompletableFuture.thenCompose(CompletableFuture.java:2137)
	at org.apache.ratis.server.impl.RaftServerProxy.appendEntriesAsync(RaftServerProxy.java:622)
	at org.apache.ratis.grpc.server.GrpcServerProtocolService$1.process(GrpcServerProtocolService.java:207)
	at org.apache.ratis.grpc.server.GrpcServerProtocolService$1.process(GrpcServerProtocolService.java:204)
	at org.apache.ratis.grpc.server.GrpcServerProtocolService$ServerRequestStreamObserver.onNext(GrpcServerProtocolService.java:126)
	at org.apache.ratis.thirdparty.io.grpc.stub.ServerCalls$StreamingServerCallHandler$StreamingServerCallListener.onMessage(ServerCalls.java:262)
	at org.apache.ratis.thirdparty.io.grpc.ForwardingServerCallListener.onMessage(ForwardingServerCallListener.java:33)
	at org.apache.ratis.thirdparty.io.grpc.internal.ServerCallImpl$ServerStreamListenerImpl.messagesAvailableInternal(ServerCallImpl.java:318)
	at org.apache.ratis.thirdparty.io.grpc.internal.ServerCallImpl$ServerStreamListenerImpl.messagesAvailable(ServerCallImpl.java:301)
	at org.apache.ratis.thirdparty.io.grpc.internal.ServerImpl$JumpToApplicationThreadServerStreamListener$1MessagesAvailable.runInContext(ServerImpl.java:834)
	at org.apache.ratis.thirdparty.io.grpc.internal.ContextRunnable.run(ContextRunnable.java:37)
	at org.apache.ratis.thirdparty.io.grpc.internal.SerializingExecutor.run(SerializingExecutor.java:133)
	at java.util.concurrent.ThreadPoolExecutor.runWorker(ThreadPoolExecutor.java:1149)
	at java.util.concurrent.ThreadPoolExecutor$Worker.run(ThreadPoolExecutor.java:624)
	at java.lang.Thread.run(Thread.java:750)
Caused by: java.util.concurrent.RejectedExecutionException: Task java.util.concurrent.CompletableFuture$AsyncSupply@664024db rejected from java.util.concurrent.ThreadPoolExecutor@5f803e53[Terminated, pool size = 0, active threads = 0, queued tasks = 0, completed tasks = 0]
	at java.util.concurrent.ThreadPoolExecutor$AbortPolicy.rejectedExecution(ThreadPoolExecutor.java:2063)
	at java.util.concurrent.ThreadPoolExecutor.reject(ThreadPoolExecutor.java:830)
	at java.util.concurrent.ThreadPoolExecutor.execute(ThreadPoolExecutor.java:1379)
	at java.util.concurrent.CompletableFuture.asyncSupplyStage(CompletableFuture.java:1618)
	at java.util.concurrent.CompletableFuture.supplyAsync(CompletableFuture.java:1843)
	at org.apache.ratis.server.impl.RaftServerImpl.executeSubmitServerRequestAsync(RaftServerImpl.java:788)
	at org.apache.ratis.server.impl.RaftServerProxy.lambda$appendEntriesAsync$26(RaftServerProxy.java:622)
	at java.util.concurrent.CompletableFuture.uniComposeStage(CompletableFuture.java:995)
	... 15 more
2022-07-24 15:57:05,746 [grpc-default-executor-9] WARN  server.GrpcLogAppender (LogUtils.java:warn(124)) - s0@group-1D117010C276->s2-AppendLogResponseHandler: Failed appendEntries
java.io.IOException: java.util.concurrent.RejectedExecutionException: Task java.util.concurrent.CompletableFuture$AsyncSupply@664024db rejected from java.util.concurrent.ThreadPoolExecutor@5f803e53[Terminated, pool size = 0, active threads = 0, queued tasks = 0, completed tasks = 0]
	at org.apache.ratis.util.IOUtils.asIOException(IOUtils.java:56)
	at org.apache.ratis.grpc.GrpcUtil.tryUnwrapException(GrpcUtil.java:121)
	at org.apache.ratis.grpc.GrpcUtil.unwrapThrowable(GrpcUtil.java:82)
	at org.apache.ratis.grpc.GrpcUtil.warn(GrpcUtil.java:178)
	at org.apache.ratis.grpc.server.GrpcLogAppender$AppendLogResponseHandler.onError(GrpcLogAppender.java:378)
	at org.apache.ratis.thirdparty.io.grpc.stub.ClientCalls$StreamObserverToCallListenerAdapter.onClose(ClientCalls.java:479)
	at org.apache.ratis.thirdparty.io.grpc.internal.ClientCallImpl.closeObserver(ClientCallImpl.java:562)
	at org.apache.ratis.thirdparty.io.grpc.internal.ClientCallImpl.access$300(ClientCallImpl.java:70)
	at org.apache.ratis.thirdparty.io.grpc.internal.ClientCallImpl$ClientStreamListenerImpl$1StreamClosed.runInternal(ClientCallImpl.java:743)
	at org.apache.ratis.thirdparty.io.grpc.internal.ClientCallImpl$ClientStreamListenerImpl$1StreamClosed.runInContext(ClientCallImpl.java:722)
	at org.apache.ratis.thirdparty.io.grpc.internal.ContextRunnable.run(ContextRunnable.java:37)
	at org.apache.ratis.thirdparty.io.grpc.internal.SerializingExecutor.run(SerializingExecutor.java:133)
	at java.util.concurrent.ThreadPoolExecutor.runWorker(ThreadPoolExecutor.java:1149)
	at java.util.concurrent.ThreadPoolExecutor$Worker.run(ThreadPoolExecutor.java:624)
	at java.lang.Thread.run(Thread.java:750)
Caused by: java.util.concurrent.RejectedExecutionException: Task java.util.concurrent.CompletableFuture$AsyncSupply@664024db rejected from java.util.concurrent.ThreadPoolExecutor@5f803e53[Terminated, pool size = 0, active threads = 0, queued tasks = 0, completed tasks = 0]
	at sun.reflect.GeneratedConstructorAccessor9.newInstance(Unknown Source)
	at sun.reflect.DelegatingConstructorAccessorImpl.newInstance(DelegatingConstructorAccessorImpl.java:45)
	at java.lang.reflect.Constructor.newInstance(Constructor.java:423)
	at org.apache.ratis.util.ReflectionUtils.instantiateException(ReflectionUtils.java:259)
	at org.apache.ratis.grpc.GrpcUtil.tryUnwrapException(GrpcUtil.java:120)
	... 13 more
Caused by: org.apache.ratis.thirdparty.io.grpc.StatusRuntimeException: INTERNAL: Task java.util.concurrent.CompletableFuture$AsyncSupply@664024db rejected from java.util.concurrent.ThreadPoolExecutor@5f803e53[Terminated, pool size = 0, active threads = 0, queued tasks = 0, completed tasks = 0]
	at org.apache.ratis.thirdparty.io.grpc.Status.asRuntimeException(Status.java:535)
	... 10 more
	Suppressed: java.lang.IllegalStateException: Failed to cast to class java.io.IOException, object=java.util.concurrent.RejectedExecutionException: Task java.util.concurrent.CompletableFuture$AsyncSupply@664024db rejected from java.util.concurrent.ThreadPoolExecutor@5f803e53[Terminated, pool size = 0, active threads = 0, queued tasks = 0, completed tasks = 0]
	at java.util.concurrent.ThreadPoolExecutor$AbortPolicy.rejectedExecution(ThreadPoolExecutor.java:2063)
	at java.util.concurrent.ThreadPoolExecutor.reject(ThreadPoolExecutor.java:830)
	at java.util.concurrent.ThreadPoolExecutor.execute(ThreadPoolExecutor.java:1379)
	at java.util.concurrent.CompletableFuture.asyncSupplyStage(CompletableFuture.java:1618)
	at java.util.concurrent.CompletableFuture.supplyAsync(CompletableFuture.java:1843)
	at org.apache.ratis.server.impl.RaftServerImpl.executeSubmitServerRequestAsync(RaftServerImpl.java:788)
	at org.apache.ratis.server.impl.RaftServerProxy.lambda$appendEntriesAsync$26(RaftServerProxy.java:622)
	at java.util.concurrent.CompletableFuture.uniComposeStage(CompletableFuture.java:995)
	at java.util.concurrent.CompletableFuture.thenCompose(CompletableFuture.java:2137)
	at org.apache.ratis.server.impl.RaftServerProxy.appendEntriesAsync(RaftServerProxy.java:622)
	at org.apache.ratis.grpc.server.GrpcServerProtocolService$1.process(GrpcServerProtocolService.java:207)
	at org.apache.ratis.grpc.server.GrpcServerProtocolService$1.process(GrpcServerProtocolService.java:204)
	at org.apache.ratis.grpc.server.GrpcServerProtocolService$ServerRequestStreamObserver.onNext(GrpcServerProtocolService.java:126)
	at org.apache.ratis.thirdparty.io.grpc.stub.ServerCalls$StreamingServerCallHandler$StreamingServerCallListener.onMessage(ServerCalls.java:262)
	at org.apache.ratis.thirdparty.io.grpc.ForwardingServerCallListener.onMessage(ForwardingServerCallListener.java:33)
	at org.apache.ratis.thirdparty.io.grpc.internal.ServerCallImpl$ServerStreamListenerImpl.messagesAvailableInternal(ServerCallImpl.java:318)
	at org.apache.ratis.thirdparty.io.grpc.internal.ServerCallImpl$ServerStreamListenerImpl.messagesAvailable(ServerCallImpl.java:301)
	at org.apache.ratis.thirdparty.io.grpc.internal.ServerImpl$JumpToApplicationThreadServerStreamListener$1MessagesAvailable.runInContext(ServerImpl.java:834)
	at org.apache.ratis.thirdparty.io.grpc.internal.ContextRunnable.run(ContextRunnable.java:37)
	at org.apache.ratis.thirdparty.io.grpc.internal.SerializingExecutor.run(SerializingExecutor.java:133)
	at java.util.concurrent.ThreadPoolExecutor.runWorker(ThreadPoolExecutor.java:1149)
	at java.util.concurrent.ThreadPoolExecutor$Worker.run(ThreadPoolExecutor.java:624)
	at java.lang.Thread.run(Thread.java:750)

		at org.apache.ratis.util.IOUtils.readObject(IOUtils.java:237)
		at org.apache.ratis.util.IOUtils.bytes2Object(IOUtils.java:214)
		at org.apache.ratis.grpc.GrpcUtil.tryUnwrapException(GrpcUtil.java:109)
		at org.apache.ratis.grpc.GrpcUtil.unwrapThrowable(GrpcUtil.java:82)
		at org.apache.ratis.grpc.GrpcUtil.warn(GrpcUtil.java:178)
		at org.apache.ratis.grpc.server.GrpcLogAppender$AppendLogResponseHandler.onError(GrpcLogAppender.java:378)
		... 10 more
	Caused by: java.lang.ClassCastException: Cannot cast java.util.concurrent.RejectedExecutionException to java.io.IOException
		at java.lang.Class.cast(Class.java:3369)
		at org.apache.ratis.util.IOUtils.readObject(IOUtils.java:234)
		... 15 more
2022-07-24 15:57:05,746 [grpc-default-executor-9] INFO  leader.FollowerInfo (FollowerInfoImpl.java:lambda$new$0(48)) - s0@group-1D117010C276->s2: nextIndex: updateUnconditionally 232 -> 199
2022-07-24 15:57:05,750 [s0@group-1D117010C276-StateMachineUpdater] INFO  statemachine.SimpleStateMachine4Testing (SimpleStateMachine4Testing.java:put(204)) - s0: put 231, m113 -> (t:2, i:231), STATEMACHINELOGENTRY, 499@client-6F86E1C52B91
2022-07-24 15:57:05,751 [grpc-default-executor-8] WARN  server.GrpcServerProtocolService (LogUtils.java:warn(124)) - s2: Failed APPEND_ENTRIES request s0->s2#69-t2,previous=(t:1, i:198),leaderCommit=231,initializing? true,entries: size=34, first=(t:2, i:199), CONFIGURATIONENTRY(current:id: "s0"
address: "localhost:41145"
dataStreamAddress: "localhost:35053"
clientAddress: "localhost:40971"
adminAddress: "localhost:44949"
startupRole: FOLLOWER
,id: "s1"
address: "localhost:37813"
dataStreamAddress: "localhost:42861"
clientAddress: "localhost:42193"
adminAddress: "localhost:42655"
startupRole: FOLLOWER
,id: "s2"
address: "localhost:37241"
dataStreamAddress: "localhost:33751"
clientAddress: "localhost:34449"
adminAddress: "localhost:39099"
startupRole: FOLLOWER
, old:)
java.util.concurrent.CompletionException: java.util.concurrent.RejectedExecutionException: Task java.util.concurrent.CompletableFuture$AsyncSupply@3f5f85c7 rejected from java.util.concurrent.ThreadPoolExecutor@5f803e53[Terminated, pool size = 0, active threads = 0, queued tasks = 0, completed tasks = 0]
	at java.util.concurrent.CompletableFuture.encodeThrowable(CompletableFuture.java:273)
	at java.util.concurrent.CompletableFuture.uniComposeStage(CompletableFuture.java:1005)
	at java.util.concurrent.CompletableFuture.thenCompose(CompletableFuture.java:2137)
	at org.apache.ratis.server.impl.RaftServerProxy.appendEntriesAsync(RaftServerProxy.java:622)
	at org.apache.ratis.grpc.server.GrpcServerProtocolService$1.process(GrpcServerProtocolService.java:207)
	at org.apache.ratis.grpc.server.GrpcServerProtocolService$1.process(GrpcServerProtocolService.java:204)
	at org.apache.ratis.grpc.server.GrpcServerProtocolService$ServerRequestStreamObserver.onNext(GrpcServerProtocolService.java:126)
	at org.apache.ratis.thirdparty.io.grpc.stub.ServerCalls$StreamingServerCallHandler$StreamingServerCallListener.onMessage(ServerCalls.java:262)
	at org.apache.ratis.thirdparty.io.grpc.ForwardingServerCallListener.onMessage(ForwardingServerCallListener.java:33)
	at org.apache.ratis.thirdparty.io.grpc.internal.ServerCallImpl$ServerStreamListenerImpl.messagesAvailableInternal(ServerCallImpl.java:318)
	at org.apache.ratis.thirdparty.io.grpc.internal.ServerCallImpl$ServerStreamListenerImpl.messagesAvailable(ServerCallImpl.java:301)
	at org.apache.ratis.thirdparty.io.grpc.internal.ServerImpl$JumpToApplicationThreadServerStreamListener$1MessagesAvailable.runInContext(ServerImpl.java:834)
	at org.apache.ratis.thirdparty.io.grpc.internal.ContextRunnable.run(ContextRunnable.java:37)
	at org.apache.ratis.thirdparty.io.grpc.internal.SerializingExecutor.run(SerializingExecutor.java:133)
	at java.util.concurrent.ThreadPoolExecutor.runWorker(ThreadPoolExecutor.java:1149)
	at java.util.concurrent.ThreadPoolExecutor$Worker.run(ThreadPoolExecutor.java:624)
	at java.lang.Thread.run(Thread.java:750)
Caused by: java.util.concurrent.RejectedExecutionException: Task java.util.concurrent.CompletableFuture$AsyncSupply@3f5f85c7 rejected from java.util.concurrent.ThreadPoolExecutor@5f803e53[Terminated, pool size = 0, active threads = 0, queued tasks = 0, completed tasks = 0]
	at java.util.concurrent.ThreadPoolExecutor$AbortPolicy.rejectedExecution(ThreadPoolExecutor.java:2063)
	at java.util.concurrent.ThreadPoolExecutor.reject(ThreadPoolExecutor.java:830)
	at java.util.concurrent.ThreadPoolExecutor.execute(ThreadPoolExecutor.java:1379)
	at java.util.concurrent.CompletableFuture.asyncSupplyStage(CompletableFuture.java:1618)
	at java.util.concurrent.CompletableFuture.supplyAsync(CompletableFuture.java:1843)
	at org.apache.ratis.server.impl.RaftServerImpl.executeSubmitServerRequestAsync(RaftServerImpl.java:788)
	at org.apache.ratis.server.impl.RaftServerProxy.lambda$appendEntriesAsync$26(RaftServerProxy.java:622)
	at java.util.concurrent.CompletableFuture.uniComposeStage(CompletableFuture.java:995)
	... 15 more
2022-07-24 15:57:05,751 [s1-server-thread1] DEBUG raftlog.RaftLog (SegmentedRaftLog.java:appendImpl(447)) - truncateIndex=-1, arrayIndex=0
2022-07-24 15:57:05,753 [grpc-default-executor-8] WARN  server.GrpcLogAppender (LogUtils.java:warn(124)) - s0@group-1D117010C276->s2-AppendLogResponseHandler: Failed appendEntries
java.io.IOException: java.util.concurrent.RejectedExecutionException: Task java.util.concurrent.CompletableFuture$AsyncSupply@3f5f85c7 rejected from java.util.concurrent.ThreadPoolExecutor@5f803e53[Terminated, pool size = 0, active threads = 0, queued tasks = 0, completed tasks = 0]
	at org.apache.ratis.util.IOUtils.asIOException(IOUtils.java:56)
	at org.apache.ratis.grpc.GrpcUtil.tryUnwrapException(GrpcUtil.java:121)
	at org.apache.ratis.grpc.GrpcUtil.unwrapThrowable(GrpcUtil.java:82)
	at org.apache.ratis.grpc.GrpcUtil.warn(GrpcUtil.java:178)
	at org.apache.ratis.grpc.server.GrpcLogAppender$AppendLogResponseHandler.onError(GrpcLogAppender.java:378)
	at org.apache.ratis.thirdparty.io.grpc.stub.ClientCalls$StreamObserverToCallListenerAdapter.onClose(ClientCalls.java:479)
	at org.apache.ratis.thirdparty.io.grpc.internal.ClientCallImpl.closeObserver(ClientCallImpl.java:562)
	at org.apache.ratis.thirdparty.io.grpc.internal.ClientCallImpl.access$300(ClientCallImpl.java:70)
	at org.apache.ratis.thirdparty.io.grpc.internal.ClientCallImpl$ClientStreamListenerImpl$1StreamClosed.runInternal(ClientCallImpl.java:743)
	at org.apache.ratis.thirdparty.io.grpc.internal.ClientCallImpl$ClientStreamListenerImpl$1StreamClosed.runInContext(ClientCallImpl.java:722)
	at org.apache.ratis.thirdparty.io.grpc.internal.ContextRunnable.run(ContextRunnable.java:37)
	at org.apache.ratis.thirdparty.io.grpc.internal.SerializingExecutor.run(SerializingExecutor.java:133)
	at java.util.concurrent.ThreadPoolExecutor.runWorker(ThreadPoolExecutor.java:1149)
	at java.util.concurrent.ThreadPoolExecutor$Worker.run(ThreadPoolExecutor.java:624)
	at java.lang.Thread.run(Thread.java:750)
Caused by: java.util.concurrent.RejectedExecutionException: Task java.util.concurrent.CompletableFuture$AsyncSupply@3f5f85c7 rejected from java.util.concurrent.ThreadPoolExecutor@5f803e53[Terminated, pool size = 0, active threads = 0, queued tasks = 0, completed tasks = 0]
	at sun.reflect.GeneratedConstructorAccessor9.newInstance(Unknown Source)
	at sun.reflect.DelegatingConstructorAccessorImpl.newInstance(DelegatingConstructorAccessorImpl.java:45)
	at java.lang.reflect.Constructor.newInstance(Constructor.java:423)
	at org.apache.ratis.util.ReflectionUtils.instantiateException(ReflectionUtils.java:259)
	at org.apache.ratis.grpc.GrpcUtil.tryUnwrapException(GrpcUtil.java:120)
	... 13 more
Caused by: org.apache.ratis.thirdparty.io.grpc.StatusRuntimeException: INTERNAL: Task java.util.concurrent.CompletableFuture$AsyncSupply@3f5f85c7 rejected from java.util.concurrent.ThreadPoolExecutor@5f803e53[Terminated, pool size = 0, active threads = 0, queued tasks = 0, completed tasks = 0]
	at org.apache.ratis.thirdparty.io.grpc.Status.asRuntimeException(Status.java:535)
	... 10 more
	Suppressed: java.lang.IllegalStateException: Failed to cast to class java.io.IOException, object=java.util.concurrent.RejectedExecutionException: Task java.util.concurrent.CompletableFuture$AsyncSupply@3f5f85c7 rejected from java.util.concurrent.ThreadPoolExecutor@5f803e53[Terminated, pool size = 0, active threads = 0, queued tasks = 0, completed tasks = 0]
	at java.util.concurrent.ThreadPoolExecutor$AbortPolicy.rejectedExecution(ThreadPoolExecutor.java:2063)
	at java.util.concurrent.ThreadPoolExecutor.reject(ThreadPoolExecutor.java:830)
	at java.util.concurrent.ThreadPoolExecutor.execute(ThreadPoolExecutor.java:1379)
	at java.util.concurrent.CompletableFuture.asyncSupplyStage(CompletableFuture.java:1618)
	at java.util.concurrent.CompletableFuture.supplyAsync(CompletableFuture.java:1843)
	at org.apache.ratis.server.impl.RaftServerImpl.executeSubmitServerRequestAsync(RaftServerImpl.java:788)
	at org.apache.ratis.server.impl.RaftServerProxy.lambda$appendEntriesAsync$26(RaftServerProxy.java:622)
	at java.util.concurrent.CompletableFuture.uniComposeStage(CompletableFuture.java:995)
	at java.util.concurrent.CompletableFuture.thenCompose(CompletableFuture.java:2137)
	at org.apache.ratis.server.impl.RaftServerProxy.appendEntriesAsync(RaftServerProxy.java:622)
	at org.apache.ratis.grpc.server.GrpcServerProtocolService$1.process(GrpcServerProtocolService.java:207)
	at org.apache.ratis.grpc.server.GrpcServerProtocolService$1.process(GrpcServerProtocolService.java:204)
	at org.apache.ratis.grpc.server.GrpcServerProtocolService$ServerRequestStreamObserver.onNext(GrpcServerProtocolService.java:126)
	at org.apache.ratis.thirdparty.io.grpc.stub.ServerCalls$StreamingServerCallHandler$StreamingServerCallListener.onMessage(ServerCalls.java:262)
	at org.apache.ratis.thirdparty.io.grpc.ForwardingServerCallListener.onMessage(ForwardingServerCallListener.java:33)
	at org.apache.ratis.thirdparty.io.grpc.internal.ServerCallImpl$ServerStreamListenerImpl.messagesAvailableInternal(ServerCallImpl.java:318)
	at org.apache.ratis.thirdparty.io.grpc.internal.ServerCallImpl$ServerStreamListenerImpl.messagesAvailable(ServerCallImpl.java:301)
	at org.apache.ratis.thirdparty.io.grpc.internal.ServerImpl$JumpToApplicationThreadServerStreamListener$1MessagesAvailable.runInContext(ServerImpl.java:834)
	at org.apache.ratis.thirdparty.io.grpc.internal.ContextRunnable.run(ContextRunnable.java:37)
	at org.apache.ratis.thirdparty.io.grpc.internal.SerializingExecutor.run(SerializingExecutor.java:133)
	at java.util.concurrent.ThreadPoolExecutor.runWorker(ThreadPoolExecutor.java:1149)
	at java.util.concurrent.ThreadPoolExecutor$Worker.run(ThreadPoolExecutor.java:624)
	at java.lang.Thread.run(Thread.java:750)

		at org.apache.ratis.util.IOUtils.readObject(IOUtils.java:237)
		at org.apache.ratis.util.IOUtils.bytes2Object(IOUtils.java:214)
		at org.apache.ratis.grpc.GrpcUtil.tryUnwrapException(GrpcUtil.java:109)
		at org.apache.ratis.grpc.GrpcUtil.unwrapThrowable(GrpcUtil.java:82)
		at org.apache.ratis.grpc.GrpcUtil.warn(GrpcUtil.java:178)
		at org.apache.ratis.grpc.server.GrpcLogAppender$AppendLogResponseHandler.onError(GrpcLogAppender.java:378)
		... 10 more
	Caused by: java.lang.ClassCastException: Cannot cast java.util.concurrent.RejectedExecutionException to java.io.IOException
		at java.lang.Class.cast(Class.java:3369)
		at org.apache.ratis.util.IOUtils.readObject(IOUtils.java:234)
		... 15 more
2022-07-24 15:57:05,753 [grpc-default-executor-8] INFO  leader.FollowerInfo (FollowerInfoImpl.java:lambda$new$0(48)) - s0@group-1D117010C276->s2: nextIndex: updateUnconditionally 233 -> 199
2022-07-24 15:57:05,754 [s1-server-thread1] DEBUG raftlog.RaftLog (SegmentedRaftLog.java:appendImpl(447)) - truncateIndex=-1, arrayIndex=0
2022-07-24 15:57:05,754 [grpc-default-executor-8] WARN  server.GrpcServerProtocolService (LogUtils.java:warn(124)) - s2: Failed APPEND_ENTRIES request s0->s2#70-t2,previous=(t:1, i:198),leaderCommit=231,initializing? true,entries: size=35, first=(t:2, i:199), CONFIGURATIONENTRY(current:id: "s0"
address: "localhost:41145"
dataStreamAddress: "localhost:35053"
clientAddress: "localhost:40971"
adminAddress: "localhost:44949"
startupRole: FOLLOWER
,id: "s1"
address: "localhost:37813"
dataStreamAddress: "localhost:42861"
clientAddress: "localhost:42193"
adminAddress: "localhost:42655"
startupRole: FOLLOWER
,id: "s2"
address: "localhost:37241"
dataStreamAddress: "localhost:33751"
clientAddress: "localhost:34449"
adminAddress: "localhost:39099"
startupRole: FOLLOWER
, old:)
java.util.concurrent.CompletionException: java.util.concurrent.RejectedExecutionException: Task java.util.concurrent.CompletableFuture$AsyncSupply@626713fa rejected from java.util.concurrent.ThreadPoolExecutor@5f803e53[Terminated, pool size = 0, active threads = 0, queued tasks = 0, completed tasks = 0]
	at java.util.concurrent.CompletableFuture.encodeThrowable(CompletableFuture.java:273)
	at java.util.concurrent.CompletableFuture.uniComposeStage(CompletableFuture.java:1005)
	at java.util.concurrent.CompletableFuture.thenCompose(CompletableFuture.java:2137)
	at org.apache.ratis.server.impl.RaftServerProxy.appendEntriesAsync(RaftServerProxy.java:622)
	at org.apache.ratis.grpc.server.GrpcServerProtocolService$1.process(GrpcServerProtocolService.java:207)
	at org.apache.ratis.grpc.server.GrpcServerProtocolService$1.process(GrpcServerProtocolService.java:204)
	at org.apache.ratis.grpc.server.GrpcServerProtocolService$ServerRequestStreamObserver.onNext(GrpcServerProtocolService.java:126)
	at org.apache.ratis.thirdparty.io.grpc.stub.ServerCalls$StreamingServerCallHandler$StreamingServerCallListener.onMessage(ServerCalls.java:262)
	at org.apache.ratis.thirdparty.io.grpc.ForwardingServerCallListener.onMessage(ForwardingServerCallListener.java:33)
	at org.apache.ratis.thirdparty.io.grpc.internal.ServerCallImpl$ServerStreamListenerImpl.messagesAvailableInternal(ServerCallImpl.java:318)
	at org.apache.ratis.thirdparty.io.grpc.internal.ServerCallImpl$ServerStreamListenerImpl.messagesAvailable(ServerCallImpl.java:301)
	at org.apache.ratis.thirdparty.io.grpc.internal.ServerImpl$JumpToApplicationThreadServerStreamListener$1MessagesAvailable.runInContext(ServerImpl.java:834)
	at org.apache.ratis.thirdparty.io.grpc.internal.ContextRunnable.run(ContextRunnable.java:37)
	at org.apache.ratis.thirdparty.io.grpc.internal.SerializingExecutor.run(SerializingExecutor.java:133)
	at java.util.concurrent.ThreadPoolExecutor.runWorker(ThreadPoolExecutor.java:1149)
	at java.util.concurrent.ThreadPoolExecutor$Worker.run(ThreadPoolExecutor.java:624)
	at java.lang.Thread.run(Thread.java:750)
Caused by: java.util.concurrent.RejectedExecutionException: Task java.util.concurrent.CompletableFuture$AsyncSupply@626713fa rejected from java.util.concurrent.ThreadPoolExecutor@5f803e53[Terminated, pool size = 0, active threads = 0, queued tasks = 0, completed tasks = 0]
	at java.util.concurrent.ThreadPoolExecutor$AbortPolicy.rejectedExecution(ThreadPoolExecutor.java:2063)
	at java.util.concurrent.ThreadPoolExecutor.reject(ThreadPoolExecutor.java:830)
	at java.util.concurrent.ThreadPoolExecutor.execute(ThreadPoolExecutor.java:1379)
	at java.util.concurrent.CompletableFuture.asyncSupplyStage(CompletableFuture.java:1618)
	at java.util.concurrent.CompletableFuture.supplyAsync(CompletableFuture.java:1843)
	at org.apache.ratis.server.impl.RaftServerImpl.executeSubmitServerRequestAsync(RaftServerImpl.java:788)
	at org.apache.ratis.server.impl.RaftServerProxy.lambda$appendEntriesAsync$26(RaftServerProxy.java:622)
	at java.util.concurrent.CompletableFuture.uniComposeStage(CompletableFuture.java:995)
	... 15 more
2022-07-24 15:57:05,756 [grpc-default-executor-3] WARN  server.GrpcLogAppender (LogUtils.java:warn(124)) - s0@group-1D117010C276->s2-AppendLogResponseHandler: Failed appendEntries
java.io.IOException: java.util.concurrent.RejectedExecutionException: Task java.util.concurrent.CompletableFuture$AsyncSupply@626713fa rejected from java.util.concurrent.ThreadPoolExecutor@5f803e53[Terminated, pool size = 0, active threads = 0, queued tasks = 0, completed tasks = 0]
	at org.apache.ratis.util.IOUtils.asIOException(IOUtils.java:56)
	at org.apache.ratis.grpc.GrpcUtil.tryUnwrapException(GrpcUtil.java:121)
	at org.apache.ratis.grpc.GrpcUtil.unwrapThrowable(GrpcUtil.java:82)
	at org.apache.ratis.grpc.GrpcUtil.warn(GrpcUtil.java:178)
	at org.apache.ratis.grpc.server.GrpcLogAppender$AppendLogResponseHandler.onError(GrpcLogAppender.java:378)
	at org.apache.ratis.thirdparty.io.grpc.stub.ClientCalls$StreamObserverToCallListenerAdapter.onClose(ClientCalls.java:479)
	at org.apache.ratis.thirdparty.io.grpc.internal.ClientCallImpl.closeObserver(ClientCallImpl.java:562)
	at org.apache.ratis.thirdparty.io.grpc.internal.ClientCallImpl.access$300(ClientCallImpl.java:70)
	at org.apache.ratis.thirdparty.io.grpc.internal.ClientCallImpl$ClientStreamListenerImpl$1StreamClosed.runInternal(ClientCallImpl.java:743)
	at org.apache.ratis.thirdparty.io.grpc.internal.ClientCallImpl$ClientStreamListenerImpl$1StreamClosed.runInContext(ClientCallImpl.java:722)
	at org.apache.ratis.thirdparty.io.grpc.internal.ContextRunnable.run(ContextRunnable.java:37)
	at org.apache.ratis.thirdparty.io.grpc.internal.SerializingExecutor.run(SerializingExecutor.java:133)
	at java.util.concurrent.ThreadPoolExecutor.runWorker(ThreadPoolExecutor.java:1149)
	at java.util.concurrent.ThreadPoolExecutor$Worker.run(ThreadPoolExecutor.java:624)
	at java.lang.Thread.run(Thread.java:750)
Caused by: java.util.concurrent.RejectedExecutionException: Task java.util.concurrent.CompletableFuture$AsyncSupply@626713fa rejected from java.util.concurrent.ThreadPoolExecutor@5f803e53[Terminated, pool size = 0, active threads = 0, queued tasks = 0, completed tasks = 0]
	at sun.reflect.GeneratedConstructorAccessor9.newInstance(Unknown Source)
	at sun.reflect.DelegatingConstructorAccessorImpl.newInstance(DelegatingConstructorAccessorImpl.java:45)
	at java.lang.reflect.Constructor.newInstance(Constructor.java:423)
	at org.apache.ratis.util.ReflectionUtils.instantiateException(ReflectionUtils.java:259)
	at org.apache.ratis.grpc.GrpcUtil.tryUnwrapException(GrpcUtil.java:120)
	... 13 more
Caused by: org.apache.ratis.thirdparty.io.grpc.StatusRuntimeException: INTERNAL: Task java.util.concurrent.CompletableFuture$AsyncSupply@626713fa rejected from java.util.concurrent.ThreadPoolExecutor@5f803e53[Terminated, pool size = 0, active threads = 0, queued tasks = 0, completed tasks = 0]
	at org.apache.ratis.thirdparty.io.grpc.Status.asRuntimeException(Status.java:535)
	... 10 more
	Suppressed: java.lang.IllegalStateException: Failed to cast to class java.io.IOException, object=java.util.concurrent.RejectedExecutionException: Task java.util.concurrent.CompletableFuture$AsyncSupply@626713fa rejected from java.util.concurrent.ThreadPoolExecutor@5f803e53[Terminated, pool size = 0, active threads = 0, queued tasks = 0, completed tasks = 0]
	at java.util.concurrent.ThreadPoolExecutor$AbortPolicy.rejectedExecution(ThreadPoolExecutor.java:2063)
	at java.util.concurrent.ThreadPoolExecutor.reject(ThreadPoolExecutor.java:830)
	at java.util.concurrent.ThreadPoolExecutor.execute(ThreadPoolExecutor.java:1379)
	at java.util.concurrent.CompletableFuture.asyncSupplyStage(CompletableFuture.java:1618)
	at java.util.concurrent.CompletableFuture.supplyAsync(CompletableFuture.java:1843)
	at org.apache.ratis.server.impl.RaftServerImpl.executeSubmitServerRequestAsync(RaftServerImpl.java:788)
	at org.apache.ratis.server.impl.RaftServerProxy.lambda$appendEntriesAsync$26(RaftServerProxy.java:622)
	at java.util.concurrent.CompletableFuture.uniComposeStage(CompletableFuture.java:995)
	at java.util.concurrent.CompletableFuture.thenCompose(CompletableFuture.java:2137)
	at org.apache.ratis.server.impl.RaftServerProxy.appendEntriesAsync(RaftServerProxy.java:622)
	at org.apache.ratis.grpc.server.GrpcServerProtocolService$1.process(GrpcServerProtocolService.java:207)
	at org.apache.ratis.grpc.server.GrpcServerProtocolService$1.process(GrpcServerProtocolService.java:204)
	at org.apache.ratis.grpc.server.GrpcServerProtocolService$ServerRequestStreamObserver.onNext(GrpcServerProtocolService.java:126)
	at org.apache.ratis.thirdparty.io.grpc.stub.ServerCalls$StreamingServerCallHandler$StreamingServerCallListener.onMessage(ServerCalls.java:262)
	at org.apache.ratis.thirdparty.io.grpc.ForwardingServerCallListener.onMessage(ForwardingServerCallListener.java:33)
	at org.apache.ratis.thirdparty.io.grpc.internal.ServerCallImpl$ServerStreamListenerImpl.messagesAvailableInternal(ServerCallImpl.java:318)
	at org.apache.ratis.thirdparty.io.grpc.internal.ServerCallImpl$ServerStreamListenerImpl.messagesAvailable(ServerCallImpl.java:301)
	at org.apache.ratis.thirdparty.io.grpc.internal.ServerImpl$JumpToApplicationThreadServerStreamListener$1MessagesAvailable.runInContext(ServerImpl.java:834)
	at org.apache.ratis.thirdparty.io.grpc.internal.ContextRunnable.run(ContextRunnable.java:37)
	at org.apache.ratis.thirdparty.io.grpc.internal.SerializingExecutor.run(SerializingExecutor.java:133)
	at java.util.concurrent.ThreadPoolExecutor.runWorker(ThreadPoolExecutor.java:1149)
	at java.util.concurrent.ThreadPoolExecutor$Worker.run(ThreadPoolExecutor.java:624)
	at java.lang.Thread.run(Thread.java:750)

		at org.apache.ratis.util.IOUtils.readObject(IOUtils.java:237)
		at org.apache.ratis.util.IOUtils.bytes2Object(IOUtils.java:214)
		at org.apache.ratis.grpc.GrpcUtil.tryUnwrapException(GrpcUtil.java:109)
		at org.apache.ratis.grpc.GrpcUtil.unwrapThrowable(GrpcUtil.java:82)
		at org.apache.ratis.grpc.GrpcUtil.warn(GrpcUtil.java:178)
		at org.apache.ratis.grpc.server.GrpcLogAppender$AppendLogResponseHandler.onError(GrpcLogAppender.java:378)
		... 10 more
	Caused by: java.lang.ClassCastException: Cannot cast java.util.concurrent.RejectedExecutionException to java.io.IOException
		at java.lang.Class.cast(Class.java:3369)
		at org.apache.ratis.util.IOUtils.readObject(IOUtils.java:234)
		... 15 more
2022-07-24 15:57:05,761 [grpc-default-executor-3] INFO  leader.FollowerInfo (FollowerInfoImpl.java:lambda$new$0(48)) - s0@group-1D117010C276->s2: nextIndex: updateUnconditionally 234 -> 199
2022-07-24 15:57:05,761 [s1@group-1D117010C276-StateMachineUpdater] INFO  statemachine.SimpleStateMachine4Testing (SimpleStateMachine4Testing.java:put(204)) - s1: put 231, m113 -> (t:2, i:231), STATEMACHINELOGENTRY, 499@client-6F86E1C52B91
2022-07-24 15:57:05,761 [grpc-default-executor-8] WARN  server.GrpcServerProtocolService (LogUtils.java:warn(124)) - s2: Failed APPEND_ENTRIES request s0->s2#71-t2,previous=(t:1, i:198),leaderCommit=232,initializing? true,entries: size=35, first=(t:2, i:199), CONFIGURATIONENTRY(current:id: "s0"
address: "localhost:41145"
dataStreamAddress: "localhost:35053"
clientAddress: "localhost:40971"
adminAddress: "localhost:44949"
startupRole: FOLLOWER
,id: "s1"
address: "localhost:37813"
dataStreamAddress: "localhost:42861"
clientAddress: "localhost:42193"
adminAddress: "localhost:42655"
startupRole: FOLLOWER
,id: "s2"
address: "localhost:37241"
dataStreamAddress: "localhost:33751"
clientAddress: "localhost:34449"
adminAddress: "localhost:39099"
startupRole: FOLLOWER
, old:)
java.util.concurrent.CompletionException: java.util.concurrent.RejectedExecutionException: Task java.util.concurrent.CompletableFuture$AsyncSupply@dba1a82 rejected from java.util.concurrent.ThreadPoolExecutor@5f803e53[Terminated, pool size = 0, active threads = 0, queued tasks = 0, completed tasks = 0]
	at java.util.concurrent.CompletableFuture.encodeThrowable(CompletableFuture.java:273)
	at java.util.concurrent.CompletableFuture.uniComposeStage(CompletableFuture.java:1005)
	at java.util.concurrent.CompletableFuture.thenCompose(CompletableFuture.java:2137)
	at org.apache.ratis.server.impl.RaftServerProxy.appendEntriesAsync(RaftServerProxy.java:622)
	at org.apache.ratis.grpc.server.GrpcServerProtocolService$1.process(GrpcServerProtocolService.java:207)
	at org.apache.ratis.grpc.server.GrpcServerProtocolService$1.process(GrpcServerProtocolService.java:204)
	at org.apache.ratis.grpc.server.GrpcServerProtocolService$ServerRequestStreamObserver.onNext(GrpcServerProtocolService.java:126)
	at org.apache.ratis.thirdparty.io.grpc.stub.ServerCalls$StreamingServerCallHandler$StreamingServerCallListener.onMessage(ServerCalls.java:262)
	at org.apache.ratis.thirdparty.io.grpc.ForwardingServerCallListener.onMessage(ForwardingServerCallListener.java:33)
	at org.apache.ratis.thirdparty.io.grpc.internal.ServerCallImpl$ServerStreamListenerImpl.messagesAvailableInternal(ServerCallImpl.java:318)
	at org.apache.ratis.thirdparty.io.grpc.internal.ServerCallImpl$ServerStreamListenerImpl.messagesAvailable(ServerCallImpl.java:301)
	at org.apache.ratis.thirdparty.io.grpc.internal.ServerImpl$JumpToApplicationThreadServerStreamListener$1MessagesAvailable.runInContext(ServerImpl.java:834)
	at org.apache.ratis.thirdparty.io.grpc.internal.ContextRunnable.run(ContextRunnable.java:37)
	at org.apache.ratis.thirdparty.io.grpc.internal.SerializingExecutor.run(SerializingExecutor.java:133)
	at java.util.concurrent.ThreadPoolExecutor.runWorker(ThreadPoolExecutor.java:1149)
	at java.util.concurrent.ThreadPoolExecutor$Worker.run(ThreadPoolExecutor.java:624)
	at java.lang.Thread.run(Thread.java:750)
Caused by: java.util.concurrent.RejectedExecutionException: Task java.util.concurrent.CompletableFuture$AsyncSupply@dba1a82 rejected from java.util.concurrent.ThreadPoolExecutor@5f803e53[Terminated, pool size = 0, active threads = 0, queued tasks = 0, completed tasks = 0]
	at java.util.concurrent.ThreadPoolExecutor$AbortPolicy.rejectedExecution(ThreadPoolExecutor.java:2063)
	at java.util.concurrent.ThreadPoolExecutor.reject(ThreadPoolExecutor.java:830)
	at java.util.concurrent.ThreadPoolExecutor.execute(ThreadPoolExecutor.java:1379)
	at java.util.concurrent.CompletableFuture.asyncSupplyStage(CompletableFuture.java:1618)
	at java.util.concurrent.CompletableFuture.supplyAsync(CompletableFuture.java:1843)
	at org.apache.ratis.server.impl.RaftServerImpl.executeSubmitServerRequestAsync(RaftServerImpl.java:788)
	at org.apache.ratis.server.impl.RaftServerProxy.lambda$appendEntriesAsync$26(RaftServerProxy.java:622)
	at java.util.concurrent.CompletableFuture.uniComposeStage(CompletableFuture.java:995)
	... 15 more
2022-07-24 15:57:05,763 [grpc-default-executor-8] WARN  server.GrpcLogAppender (LogUtils.java:warn(124)) - s0@group-1D117010C276->s2-AppendLogResponseHandler: Failed appendEntries
java.io.IOException: java.util.concurrent.RejectedExecutionException: Task java.util.concurrent.CompletableFuture$AsyncSupply@dba1a82 rejected from java.util.concurrent.ThreadPoolExecutor@5f803e53[Terminated, pool size = 0, active threads = 0, queued tasks = 0, completed tasks = 0]
	at org.apache.ratis.util.IOUtils.asIOException(IOUtils.java:56)
	at org.apache.ratis.grpc.GrpcUtil.tryUnwrapException(GrpcUtil.java:121)
	at org.apache.ratis.grpc.GrpcUtil.unwrapThrowable(GrpcUtil.java:82)
	at org.apache.ratis.grpc.GrpcUtil.warn(GrpcUtil.java:178)
	at org.apache.ratis.grpc.server.GrpcLogAppender$AppendLogResponseHandler.onError(GrpcLogAppender.java:378)
	at org.apache.ratis.thirdparty.io.grpc.stub.ClientCalls$StreamObserverToCallListenerAdapter.onClose(ClientCalls.java:479)
	at org.apache.ratis.thirdparty.io.grpc.internal.ClientCallImpl.closeObserver(ClientCallImpl.java:562)
	at org.apache.ratis.thirdparty.io.grpc.internal.ClientCallImpl.access$300(ClientCallImpl.java:70)
	at org.apache.ratis.thirdparty.io.grpc.internal.ClientCallImpl$ClientStreamListenerImpl$1StreamClosed.runInternal(ClientCallImpl.java:743)
	at org.apache.ratis.thirdparty.io.grpc.internal.ClientCallImpl$ClientStreamListenerImpl$1StreamClosed.runInContext(ClientCallImpl.java:722)
	at org.apache.ratis.thirdparty.io.grpc.internal.ContextRunnable.run(ContextRunnable.java:37)
	at org.apache.ratis.thirdparty.io.grpc.internal.SerializingExecutor.run(SerializingExecutor.java:133)
	at java.util.concurrent.ThreadPoolExecutor.runWorker(ThreadPoolExecutor.java:1149)
	at java.util.concurrent.ThreadPoolExecutor$Worker.run(ThreadPoolExecutor.java:624)
	at java.lang.Thread.run(Thread.java:750)
Caused by: java.util.concurrent.RejectedExecutionException: Task java.util.concurrent.CompletableFuture$AsyncSupply@dba1a82 rejected from java.util.concurrent.ThreadPoolExecutor@5f803e53[Terminated, pool size = 0, active threads = 0, queued tasks = 0, completed tasks = 0]
	at sun.reflect.GeneratedConstructorAccessor9.newInstance(Unknown Source)
	at sun.reflect.DelegatingConstructorAccessorImpl.newInstance(DelegatingConstructorAccessorImpl.java:45)
	at java.lang.reflect.Constructor.newInstance(Constructor.java:423)
	at org.apache.ratis.util.ReflectionUtils.instantiateException(ReflectionUtils.java:259)
	at org.apache.ratis.grpc.GrpcUtil.tryUnwrapException(GrpcUtil.java:120)
	... 13 more
Caused by: org.apache.ratis.thirdparty.io.grpc.StatusRuntimeException: INTERNAL: Task java.util.concurrent.CompletableFuture$AsyncSupply@dba1a82 rejected from java.util.concurrent.ThreadPoolExecutor@5f803e53[Terminated, pool size = 0, active threads = 0, queued tasks = 0, completed tasks = 0]
	at org.apache.ratis.thirdparty.io.grpc.Status.asRuntimeException(Status.java:535)
	... 10 more
	Suppressed: java.lang.IllegalStateException: Failed to cast to class java.io.IOException, object=java.util.concurrent.RejectedExecutionException: Task java.util.concurrent.CompletableFuture$AsyncSupply@dba1a82 rejected from java.util.concurrent.ThreadPoolExecutor@5f803e53[Terminated, pool size = 0, active threads = 0, queued tasks = 0, completed tasks = 0]
	at java.util.concurrent.ThreadPoolExecutor$AbortPolicy.rejectedExecution(ThreadPoolExecutor.java:2063)
	at java.util.concurrent.ThreadPoolExecutor.reject(ThreadPoolExecutor.java:830)
	at java.util.concurrent.ThreadPoolExecutor.execute(ThreadPoolExecutor.java:1379)
	at java.util.concurrent.CompletableFuture.asyncSupplyStage(CompletableFuture.java:1618)
	at java.util.concurrent.CompletableFuture.supplyAsync(CompletableFuture.java:1843)
	at org.apache.ratis.server.impl.RaftServerImpl.executeSubmitServerRequestAsync(RaftServerImpl.java:788)
	at org.apache.ratis.server.impl.RaftServerProxy.lambda$appendEntriesAsync$26(RaftServerProxy.java:622)
	at java.util.concurrent.CompletableFuture.uniComposeStage(CompletableFuture.java:995)
	at java.util.concurrent.CompletableFuture.thenCompose(CompletableFuture.java:2137)
	at org.apache.ratis.server.impl.RaftServerProxy.appendEntriesAsync(RaftServerProxy.java:622)
	at org.apache.ratis.grpc.server.GrpcServerProtocolService$1.process(GrpcServerProtocolService.java:207)
	at org.apache.ratis.grpc.server.GrpcServerProtocolService$1.process(GrpcServerProtocolService.java:204)
	at org.apache.ratis.grpc.server.GrpcServerProtocolService$ServerRequestStreamObserver.onNext(GrpcServerProtocolService.java:126)
	at org.apache.ratis.thirdparty.io.grpc.stub.ServerCalls$StreamingServerCallHandler$StreamingServerCallListener.onMessage(ServerCalls.java:262)
	at org.apache.ratis.thirdparty.io.grpc.ForwardingServerCallListener.onMessage(ForwardingServerCallListener.java:33)
	at org.apache.ratis.thirdparty.io.grpc.internal.ServerCallImpl$ServerStreamListenerImpl.messagesAvailableInternal(ServerCallImpl.java:318)
	at org.apache.ratis.thirdparty.io.grpc.internal.ServerCallImpl$ServerStreamListenerImpl.messagesAvailable(ServerCallImpl.java:301)
	at org.apache.ratis.thirdparty.io.grpc.internal.ServerImpl$JumpToApplicationThreadServerStreamListener$1MessagesAvailable.runInContext(ServerImpl.java:834)
	at org.apache.ratis.thirdparty.io.grpc.internal.ContextRunnable.run(ContextRunnable.java:37)
	at org.apache.ratis.thirdparty.io.grpc.internal.SerializingExecutor.run(SerializingExecutor.java:133)
	at java.util.concurrent.ThreadPoolExecutor.runWorker(ThreadPoolExecutor.java:1149)
	at java.util.concurrent.ThreadPoolExecutor$Worker.run(ThreadPoolExecutor.java:624)
	at java.lang.Thread.run(Thread.java:750)

		at org.apache.ratis.util.IOUtils.readObject(IOUtils.java:237)
		at org.apache.ratis.util.IOUtils.bytes2Object(IOUtils.java:214)
		at org.apache.ratis.grpc.GrpcUtil.tryUnwrapException(GrpcUtil.java:109)
		at org.apache.ratis.grpc.GrpcUtil.unwrapThrowable(GrpcUtil.java:82)
		at org.apache.ratis.grpc.GrpcUtil.warn(GrpcUtil.java:178)
		at org.apache.ratis.grpc.server.GrpcLogAppender$AppendLogResponseHandler.onError(GrpcLogAppender.java:378)
		... 10 more
	Caused by: java.lang.ClassCastException: Cannot cast java.util.concurrent.RejectedExecutionException to java.io.IOException
		at java.lang.Class.cast(Class.java:3369)
		at org.apache.ratis.util.IOUtils.readObject(IOUtils.java:234)
		... 15 more
2022-07-24 15:57:05,764 [grpc-default-executor-8] INFO  leader.FollowerInfo (FollowerInfoImpl.java:lambda$new$0(48)) - s0@group-1D117010C276->s2: nextIndex: updateUnconditionally 234 -> 199
2022-07-24 15:57:05,764 [s0@group-1D117010C276-StateMachineUpdater] INFO  statemachine.SimpleStateMachine4Testing (SimpleStateMachine4Testing.java:put(204)) - s0: put 233, m114 -> (t:2, i:233), STATEMACHINELOGENTRY, 500@client-6F86E1C52B91
2022-07-24 15:57:05,765 [s1-server-thread1] DEBUG raftlog.RaftLog (SegmentedRaftLog.java:appendImpl(447)) - truncateIndex=-1, arrayIndex=0
2022-07-24 15:57:05,765 [grpc-default-executor-3] WARN  server.GrpcServerProtocolService (LogUtils.java:warn(124)) - s2: Failed APPEND_ENTRIES request s0->s2#72-t2,previous=(t:1, i:198),leaderCommit=233,initializing? true,entries: size=36, first=(t:2, i:199), CONFIGURATIONENTRY(current:id: "s0"
address: "localhost:41145"
dataStreamAddress: "localhost:35053"
clientAddress: "localhost:40971"
adminAddress: "localhost:44949"
startupRole: FOLLOWER
,id: "s1"
address: "localhost:37813"
dataStreamAddress: "localhost:42861"
clientAddress: "localhost:42193"
adminAddress: "localhost:42655"
startupRole: FOLLOWER
,id: "s2"
address: "localhost:37241"
dataStreamAddress: "localhost:33751"
clientAddress: "localhost:34449"
adminAddress: "localhost:39099"
startupRole: FOLLOWER
, old:)
java.util.concurrent.CompletionException: java.util.concurrent.RejectedExecutionException: Task java.util.concurrent.CompletableFuture$AsyncSupply@1d6ed5b2 rejected from java.util.concurrent.ThreadPoolExecutor@5f803e53[Terminated, pool size = 0, active threads = 0, queued tasks = 0, completed tasks = 0]
	at java.util.concurrent.CompletableFuture.encodeThrowable(CompletableFuture.java:273)
	at java.util.concurrent.CompletableFuture.uniComposeStage(CompletableFuture.java:1005)
	at java.util.concurrent.CompletableFuture.thenCompose(CompletableFuture.java:2137)
	at org.apache.ratis.server.impl.RaftServerProxy.appendEntriesAsync(RaftServerProxy.java:622)
	at org.apache.ratis.grpc.server.GrpcServerProtocolService$1.process(GrpcServerProtocolService.java:207)
	at org.apache.ratis.grpc.server.GrpcServerProtocolService$1.process(GrpcServerProtocolService.java:204)
	at org.apache.ratis.grpc.server.GrpcServerProtocolService$ServerRequestStreamObserver.onNext(GrpcServerProtocolService.java:126)
	at org.apache.ratis.thirdparty.io.grpc.stub.ServerCalls$StreamingServerCallHandler$StreamingServerCallListener.onMessage(ServerCalls.java:262)
	at org.apache.ratis.thirdparty.io.grpc.ForwardingServerCallListener.onMessage(ForwardingServerCallListener.java:33)
	at org.apache.ratis.thirdparty.io.grpc.internal.ServerCallImpl$ServerStreamListenerImpl.messagesAvailableInternal(ServerCallImpl.java:318)
	at org.apache.ratis.thirdparty.io.grpc.internal.ServerCallImpl$ServerStreamListenerImpl.messagesAvailable(ServerCallImpl.java:301)
	at org.apache.ratis.thirdparty.io.grpc.internal.ServerImpl$JumpToApplicationThreadServerStreamListener$1MessagesAvailable.runInContext(ServerImpl.java:834)
	at org.apache.ratis.thirdparty.io.grpc.internal.ContextRunnable.run(ContextRunnable.java:37)
	at org.apache.ratis.thirdparty.io.grpc.internal.SerializingExecutor.run(SerializingExecutor.java:133)
	at java.util.concurrent.ThreadPoolExecutor.runWorker(ThreadPoolExecutor.java:1149)
	at java.util.concurrent.ThreadPoolExecutor$Worker.run(ThreadPoolExecutor.java:624)
	at java.lang.Thread.run(Thread.java:750)
Caused by: java.util.concurrent.RejectedExecutionException: Task java.util.concurrent.CompletableFuture$AsyncSupply@1d6ed5b2 rejected from java.util.concurrent.ThreadPoolExecutor@5f803e53[Terminated, pool size = 0, active threads = 0, queued tasks = 0, completed tasks = 0]
	at java.util.concurrent.ThreadPoolExecutor$AbortPolicy.rejectedExecution(ThreadPoolExecutor.java:2063)
	at java.util.concurrent.ThreadPoolExecutor.reject(ThreadPoolExecutor.java:830)
	at java.util.concurrent.ThreadPoolExecutor.execute(ThreadPoolExecutor.java:1379)
	at java.util.concurrent.CompletableFuture.asyncSupplyStage(CompletableFuture.java:1618)
	at java.util.concurrent.CompletableFuture.supplyAsync(CompletableFuture.java:1843)
	at org.apache.ratis.server.impl.RaftServerImpl.executeSubmitServerRequestAsync(RaftServerImpl.java:788)
	at org.apache.ratis.server.impl.RaftServerProxy.lambda$appendEntriesAsync$26(RaftServerProxy.java:622)
	at java.util.concurrent.CompletableFuture.uniComposeStage(CompletableFuture.java:995)
	... 15 more
2022-07-24 15:57:05,766 [s1@group-1D117010C276-StateMachineUpdater] INFO  statemachine.SimpleStateMachine4Testing (SimpleStateMachine4Testing.java:put(204)) - s1: put 233, m114 -> (t:2, i:233), STATEMACHINELOGENTRY, 500@client-6F86E1C52B91
2022-07-24 15:57:05,767 [s1-server-thread1] DEBUG raftlog.RaftLog (SegmentedRaftLog.java:appendImpl(447)) - truncateIndex=-1, arrayIndex=0
2022-07-24 15:57:05,768 [grpc-default-executor-3] WARN  server.GrpcLogAppender (LogUtils.java:warn(124)) - s0@group-1D117010C276->s2-AppendLogResponseHandler: Failed appendEntries
java.io.IOException: java.util.concurrent.RejectedExecutionException: Task java.util.concurrent.CompletableFuture$AsyncSupply@1d6ed5b2 rejected from java.util.concurrent.ThreadPoolExecutor@5f803e53[Terminated, pool size = 0, active threads = 0, queued tasks = 0, completed tasks = 0]
	at org.apache.ratis.util.IOUtils.asIOException(IOUtils.java:56)
	at org.apache.ratis.grpc.GrpcUtil.tryUnwrapException(GrpcUtil.java:121)
	at org.apache.ratis.grpc.GrpcUtil.unwrapThrowable(GrpcUtil.java:82)
	at org.apache.ratis.grpc.GrpcUtil.warn(GrpcUtil.java:178)
	at org.apache.ratis.grpc.server.GrpcLogAppender$AppendLogResponseHandler.onError(GrpcLogAppender.java:378)
	at org.apache.ratis.thirdparty.io.grpc.stub.ClientCalls$StreamObserverToCallListenerAdapter.onClose(ClientCalls.java:479)
	at org.apache.ratis.thirdparty.io.grpc.internal.ClientCallImpl.closeObserver(ClientCallImpl.java:562)
	at org.apache.ratis.thirdparty.io.grpc.internal.ClientCallImpl.access$300(ClientCallImpl.java:70)
	at org.apache.ratis.thirdparty.io.grpc.internal.ClientCallImpl$ClientStreamListenerImpl$1StreamClosed.runInternal(ClientCallImpl.java:743)
	at org.apache.ratis.thirdparty.io.grpc.internal.ClientCallImpl$ClientStreamListenerImpl$1StreamClosed.runInContext(ClientCallImpl.java:722)
	at org.apache.ratis.thirdparty.io.grpc.internal.ContextRunnable.run(ContextRunnable.java:37)
	at org.apache.ratis.thirdparty.io.grpc.internal.SerializingExecutor.run(SerializingExecutor.java:133)
	at java.util.concurrent.ThreadPoolExecutor.runWorker(ThreadPoolExecutor.java:1149)
	at java.util.concurrent.ThreadPoolExecutor$Worker.run(ThreadPoolExecutor.java:624)
	at java.lang.Thread.run(Thread.java:750)
Caused by: java.util.concurrent.RejectedExecutionException: Task java.util.concurrent.CompletableFuture$AsyncSupply@1d6ed5b2 rejected from java.util.concurrent.ThreadPoolExecutor@5f803e53[Terminated, pool size = 0, active threads = 0, queued tasks = 0, completed tasks = 0]
	at sun.reflect.GeneratedConstructorAccessor9.newInstance(Unknown Source)
	at sun.reflect.DelegatingConstructorAccessorImpl.newInstance(DelegatingConstructorAccessorImpl.java:45)
	at java.lang.reflect.Constructor.newInstance(Constructor.java:423)
	at org.apache.ratis.util.ReflectionUtils.instantiateException(ReflectionUtils.java:259)
	at org.apache.ratis.grpc.GrpcUtil.tryUnwrapException(GrpcUtil.java:120)
	... 13 more
Caused by: org.apache.ratis.thirdparty.io.grpc.StatusRuntimeException: INTERNAL: Task java.util.concurrent.CompletableFuture$AsyncSupply@1d6ed5b2 rejected from java.util.concurrent.ThreadPoolExecutor@5f803e53[Terminated, pool size = 0, active threads = 0, queued tasks = 0, completed tasks = 0]
	at org.apache.ratis.thirdparty.io.grpc.Status.asRuntimeException(Status.java:535)
	... 10 more
	Suppressed: java.lang.IllegalStateException: Failed to cast to class java.io.IOException, object=java.util.concurrent.RejectedExecutionException: Task java.util.concurrent.CompletableFuture$AsyncSupply@1d6ed5b2 rejected from java.util.concurrent.ThreadPoolExecutor@5f803e53[Terminated, pool size = 0, active threads = 0, queued tasks = 0, completed tasks = 0]
	at java.util.concurrent.ThreadPoolExecutor$AbortPolicy.rejectedExecution(ThreadPoolExecutor.java:2063)
	at java.util.concurrent.ThreadPoolExecutor.reject(ThreadPoolExecutor.java:830)
	at java.util.concurrent.ThreadPoolExecutor.execute(ThreadPoolExecutor.java:1379)
	at java.util.concurrent.CompletableFuture.asyncSupplyStage(CompletableFuture.java:1618)
	at java.util.concurrent.CompletableFuture.supplyAsync(CompletableFuture.java:1843)
	at org.apache.ratis.server.impl.RaftServerImpl.executeSubmitServerRequestAsync(RaftServerImpl.java:788)
	at org.apache.ratis.server.impl.RaftServerProxy.lambda$appendEntriesAsync$26(RaftServerProxy.java:622)
	at java.util.concurrent.CompletableFuture.uniComposeStage(CompletableFuture.java:995)
	at java.util.concurrent.CompletableFuture.thenCompose(CompletableFuture.java:2137)
	at org.apache.ratis.server.impl.RaftServerProxy.appendEntriesAsync(RaftServerProxy.java:622)
	at org.apache.ratis.grpc.server.GrpcServerProtocolService$1.process(GrpcServerProtocolService.java:207)
	at org.apache.ratis.grpc.server.GrpcServerProtocolService$1.process(GrpcServerProtocolService.java:204)
	at org.apache.ratis.grpc.server.GrpcServerProtocolService$ServerRequestStreamObserver.onNext(GrpcServerProtocolService.java:126)
	at org.apache.ratis.thirdparty.io.grpc.stub.ServerCalls$StreamingServerCallHandler$StreamingServerCallListener.onMessage(ServerCalls.java:262)
	at org.apache.ratis.thirdparty.io.grpc.ForwardingServerCallListener.onMessage(ForwardingServerCallListener.java:33)
	at org.apache.ratis.thirdparty.io.grpc.internal.ServerCallImpl$ServerStreamListenerImpl.messagesAvailableInternal(ServerCallImpl.java:318)
	at org.apache.ratis.thirdparty.io.grpc.internal.ServerCallImpl$ServerStreamListenerImpl.messagesAvailable(ServerCallImpl.java:301)
	at org.apache.ratis.thirdparty.io.grpc.internal.ServerImpl$JumpToApplicationThreadServerStreamListener$1MessagesAvailable.runInContext(ServerImpl.java:834)
	at org.apache.ratis.thirdparty.io.grpc.internal.ContextRunnable.run(ContextRunnable.java:37)
	at org.apache.ratis.thirdparty.io.grpc.internal.SerializingExecutor.run(SerializingExecutor.java:133)
	at java.util.concurrent.ThreadPoolExecutor.runWorker(ThreadPoolExecutor.java:1149)
	at java.util.concurrent.ThreadPoolExecutor$Worker.run(ThreadPoolExecutor.java:624)
	at java.lang.Thread.run(Thread.java:750)

		at org.apache.ratis.util.IOUtils.readObject(IOUtils.java:237)
		at org.apache.ratis.util.IOUtils.bytes2Object(IOUtils.java:214)
		at org.apache.ratis.grpc.GrpcUtil.tryUnwrapException(GrpcUtil.java:109)
		at org.apache.ratis.grpc.GrpcUtil.unwrapThrowable(GrpcUtil.java:82)
		at org.apache.ratis.grpc.GrpcUtil.warn(GrpcUtil.java:178)
		at org.apache.ratis.grpc.server.GrpcLogAppender$AppendLogResponseHandler.onError(GrpcLogAppender.java:378)
		... 10 more
	Caused by: java.lang.ClassCastException: Cannot cast java.util.concurrent.RejectedExecutionException to java.io.IOException
		at java.lang.Class.cast(Class.java:3369)
		at org.apache.ratis.util.IOUtils.readObject(IOUtils.java:234)
		... 15 more
2022-07-24 15:57:05,768 [grpc-default-executor-3] INFO  leader.FollowerInfo (FollowerInfoImpl.java:lambda$new$0(48)) - s0@group-1D117010C276->s2: nextIndex: updateUnconditionally 235 -> 199
2022-07-24 15:57:05,770 [s0@group-1D117010C276-StateMachineUpdater] INFO  statemachine.SimpleStateMachine4Testing (SimpleStateMachine4Testing.java:put(204)) - s0: put 235, m115 -> (t:2, i:235), STATEMACHINELOGENTRY, 501@client-6F86E1C52B91
2022-07-24 15:57:05,770 [grpc-default-executor-2] WARN  server.GrpcServerProtocolService (LogUtils.java:warn(124)) - s2: Failed APPEND_ENTRIES request s0->s2#75-t2,previous=(t:1, i:198),leaderCommit=235,initializing? true,entries: size=38, first=(t:2, i:199), CONFIGURATIONENTRY(current:id: "s0"
address: "localhost:41145"
dataStreamAddress: "localhost:35053"
clientAddress: "localhost:40971"
adminAddress: "localhost:44949"
startupRole: FOLLOWER
,id: "s1"
address: "localhost:37813"
dataStreamAddress: "localhost:42861"
clientAddress: "localhost:42193"
adminAddress: "localhost:42655"
startupRole: FOLLOWER
,id: "s2"
address: "localhost:37241"
dataStreamAddress: "localhost:33751"
clientAddress: "localhost:34449"
adminAddress: "localhost:39099"
startupRole: FOLLOWER
, old:)
java.util.concurrent.CompletionException: java.util.concurrent.RejectedExecutionException: Task java.util.concurrent.CompletableFuture$AsyncSupply@326616cf rejected from java.util.concurrent.ThreadPoolExecutor@5f803e53[Terminated, pool size = 0, active threads = 0, queued tasks = 0, completed tasks = 0]
	at java.util.concurrent.CompletableFuture.encodeThrowable(CompletableFuture.java:273)
	at java.util.concurrent.CompletableFuture.uniComposeStage(CompletableFuture.java:1005)
	at java.util.concurrent.CompletableFuture.thenCompose(CompletableFuture.java:2137)
	at org.apache.ratis.server.impl.RaftServerProxy.appendEntriesAsync(RaftServerProxy.java:622)
	at org.apache.ratis.grpc.server.GrpcServerProtocolService$1.process(GrpcServerProtocolService.java:207)
	at org.apache.ratis.grpc.server.GrpcServerProtocolService$1.process(GrpcServerProtocolService.java:204)
	at org.apache.ratis.grpc.server.GrpcServerProtocolService$ServerRequestStreamObserver.onNext(GrpcServerProtocolService.java:126)
	at org.apache.ratis.thirdparty.io.grpc.stub.ServerCalls$StreamingServerCallHandler$StreamingServerCallListener.onMessage(ServerCalls.java:262)
	at org.apache.ratis.thirdparty.io.grpc.ForwardingServerCallListener.onMessage(ForwardingServerCallListener.java:33)
	at org.apache.ratis.thirdparty.io.grpc.internal.ServerCallImpl$ServerStreamListenerImpl.messagesAvailableInternal(ServerCallImpl.java:318)
	at org.apache.ratis.thirdparty.io.grpc.internal.ServerCallImpl$ServerStreamListenerImpl.messagesAvailable(ServerCallImpl.java:301)
	at org.apache.ratis.thirdparty.io.grpc.internal.ServerImpl$JumpToApplicationThreadServerStreamListener$1MessagesAvailable.runInContext(ServerImpl.java:834)
	at org.apache.ratis.thirdparty.io.grpc.internal.ContextRunnable.run(ContextRunnable.java:37)
	at org.apache.ratis.thirdparty.io.grpc.internal.SerializingExecutor.run(SerializingExecutor.java:133)
	at java.util.concurrent.ThreadPoolExecutor.runWorker(ThreadPoolExecutor.java:1149)
	at java.util.concurrent.ThreadPoolExecutor$Worker.run(ThreadPoolExecutor.java:624)
	at java.lang.Thread.run(Thread.java:750)
Caused by: java.util.concurrent.RejectedExecutionException: Task java.util.concurrent.CompletableFuture$AsyncSupply@326616cf rejected from java.util.concurrent.ThreadPoolExecutor@5f803e53[Terminated, pool size = 0, active threads = 0, queued tasks = 0, completed tasks = 0]
	at java.util.concurrent.ThreadPoolExecutor$AbortPolicy.rejectedExecution(ThreadPoolExecutor.java:2063)
	at java.util.concurrent.ThreadPoolExecutor.reject(ThreadPoolExecutor.java:830)
	at java.util.concurrent.ThreadPoolExecutor.execute(ThreadPoolExecutor.java:1379)
	at java.util.concurrent.CompletableFuture.asyncSupplyStage(CompletableFuture.java:1618)
	at java.util.concurrent.CompletableFuture.supplyAsync(CompletableFuture.java:1843)
	at org.apache.ratis.server.impl.RaftServerImpl.executeSubmitServerRequestAsync(RaftServerImpl.java:788)
	at org.apache.ratis.server.impl.RaftServerProxy.lambda$appendEntriesAsync$26(RaftServerProxy.java:622)
	at java.util.concurrent.CompletableFuture.uniComposeStage(CompletableFuture.java:995)
	... 15 more
2022-07-24 15:57:05,771 [s1-server-thread1] DEBUG raftlog.RaftLog (SegmentedRaftLog.java:appendImpl(447)) - truncateIndex=-1, arrayIndex=0
2022-07-24 15:57:05,773 [grpc-default-executor-8] WARN  server.GrpcLogAppender (LogUtils.java:warn(124)) - s0@group-1D117010C276->s2-AppendLogResponseHandler: Failed appendEntries
java.io.IOException: java.util.concurrent.RejectedExecutionException: Task java.util.concurrent.CompletableFuture$AsyncSupply@326616cf rejected from java.util.concurrent.ThreadPoolExecutor@5f803e53[Terminated, pool size = 0, active threads = 0, queued tasks = 0, completed tasks = 0]
	at org.apache.ratis.util.IOUtils.asIOException(IOUtils.java:56)
	at org.apache.ratis.grpc.GrpcUtil.tryUnwrapException(GrpcUtil.java:121)
	at org.apache.ratis.grpc.GrpcUtil.unwrapThrowable(GrpcUtil.java:82)
	at org.apache.ratis.grpc.GrpcUtil.warn(GrpcUtil.java:178)
	at org.apache.ratis.grpc.server.GrpcLogAppender$AppendLogResponseHandler.onError(GrpcLogAppender.java:378)
	at org.apache.ratis.thirdparty.io.grpc.stub.ClientCalls$StreamObserverToCallListenerAdapter.onClose(ClientCalls.java:479)
	at org.apache.ratis.thirdparty.io.grpc.internal.ClientCallImpl.closeObserver(ClientCallImpl.java:562)
	at org.apache.ratis.thirdparty.io.grpc.internal.ClientCallImpl.access$300(ClientCallImpl.java:70)
	at org.apache.ratis.thirdparty.io.grpc.internal.ClientCallImpl$ClientStreamListenerImpl$1StreamClosed.runInternal(ClientCallImpl.java:743)
	at org.apache.ratis.thirdparty.io.grpc.internal.ClientCallImpl$ClientStreamListenerImpl$1StreamClosed.runInContext(ClientCallImpl.java:722)
	at org.apache.ratis.thirdparty.io.grpc.internal.ContextRunnable.run(ContextRunnable.java:37)
	at org.apache.ratis.thirdparty.io.grpc.internal.SerializingExecutor.run(SerializingExecutor.java:133)
	at java.util.concurrent.ThreadPoolExecutor.runWorker(ThreadPoolExecutor.java:1149)
	at java.util.concurrent.ThreadPoolExecutor$Worker.run(ThreadPoolExecutor.java:624)
	at java.lang.Thread.run(Thread.java:750)
Caused by: java.util.concurrent.RejectedExecutionException: Task java.util.concurrent.CompletableFuture$AsyncSupply@326616cf rejected from java.util.concurrent.ThreadPoolExecutor@5f803e53[Terminated, pool size = 0, active threads = 0, queued tasks = 0, completed tasks = 0]
	at sun.reflect.GeneratedConstructorAccessor9.newInstance(Unknown Source)
	at sun.reflect.DelegatingConstructorAccessorImpl.newInstance(DelegatingConstructorAccessorImpl.java:45)
	at java.lang.reflect.Constructor.newInstance(Constructor.java:423)
	at org.apache.ratis.util.ReflectionUtils.instantiateException(ReflectionUtils.java:259)
	at org.apache.ratis.grpc.GrpcUtil.tryUnwrapException(GrpcUtil.java:120)
	... 13 more
Caused by: org.apache.ratis.thirdparty.io.grpc.StatusRuntimeException: INTERNAL: Task java.util.concurrent.CompletableFuture$AsyncSupply@326616cf rejected from java.util.concurrent.ThreadPoolExecutor@5f803e53[Terminated, pool size = 0, active threads = 0, queued tasks = 0, completed tasks = 0]
	at org.apache.ratis.thirdparty.io.grpc.Status.asRuntimeException(Status.java:535)
	... 10 more
	Suppressed: java.lang.IllegalStateException: Failed to cast to class java.io.IOException, object=java.util.concurrent.RejectedExecutionException: Task java.util.concurrent.CompletableFuture$AsyncSupply@326616cf rejected from java.util.concurrent.ThreadPoolExecutor@5f803e53[Terminated, pool size = 0, active threads = 0, queued tasks = 0, completed tasks = 0]
	at java.util.concurrent.ThreadPoolExecutor$AbortPolicy.rejectedExecution(ThreadPoolExecutor.java:2063)
	at java.util.concurrent.ThreadPoolExecutor.reject(ThreadPoolExecutor.java:830)
	at java.util.concurrent.ThreadPoolExecutor.execute(ThreadPoolExecutor.java:1379)
	at java.util.concurrent.CompletableFuture.asyncSupplyStage(CompletableFuture.java:1618)
	at java.util.concurrent.CompletableFuture.supplyAsync(CompletableFuture.java:1843)
	at org.apache.ratis.server.impl.RaftServerImpl.executeSubmitServerRequestAsync(RaftServerImpl.java:788)
	at org.apache.ratis.server.impl.RaftServerProxy.lambda$appendEntriesAsync$26(RaftServerProxy.java:622)
	at java.util.concurrent.CompletableFuture.uniComposeStage(CompletableFuture.java:995)
	at java.util.concurrent.CompletableFuture.thenCompose(CompletableFuture.java:2137)
	at org.apache.ratis.server.impl.RaftServerProxy.appendEntriesAsync(RaftServerProxy.java:622)
	at org.apache.ratis.grpc.server.GrpcServerProtocolService$1.process(GrpcServerProtocolService.java:207)
	at org.apache.ratis.grpc.server.GrpcServerProtocolService$1.process(GrpcServerProtocolService.java:204)
	at org.apache.ratis.grpc.server.GrpcServerProtocolService$ServerRequestStreamObserver.onNext(GrpcServerProtocolService.java:126)
	at org.apache.ratis.thirdparty.io.grpc.stub.ServerCalls$StreamingServerCallHandler$StreamingServerCallListener.onMessage(ServerCalls.java:262)
	at org.apache.ratis.thirdparty.io.grpc.ForwardingServerCallListener.onMessage(ForwardingServerCallListener.java:33)
	at org.apache.ratis.thirdparty.io.grpc.internal.ServerCallImpl$ServerStreamListenerImpl.messagesAvailableInternal(ServerCallImpl.java:318)
	at org.apache.ratis.thirdparty.io.grpc.internal.ServerCallImpl$ServerStreamListenerImpl.messagesAvailable(ServerCallImpl.java:301)
	at org.apache.ratis.thirdparty.io.grpc.internal.ServerImpl$JumpToApplicationThreadServerStreamListener$1MessagesAvailable.runInContext(ServerImpl.java:834)
	at org.apache.ratis.thirdparty.io.grpc.internal.ContextRunnable.run(ContextRunnable.java:37)
	at org.apache.ratis.thirdparty.io.grpc.internal.SerializingExecutor.run(SerializingExecutor.java:133)
	at java.util.concurrent.ThreadPoolExecutor.runWorker(ThreadPoolExecutor.java:1149)
	at java.util.concurrent.ThreadPoolExecutor$Worker.run(ThreadPoolExecutor.java:624)
	at java.lang.Thread.run(Thread.java:750)

		at org.apache.ratis.util.IOUtils.readObject(IOUtils.java:237)
		at org.apache.ratis.util.IOUtils.bytes2Object(IOUtils.java:214)
		at org.apache.ratis.grpc.GrpcUtil.tryUnwrapException(GrpcUtil.java:109)
		at org.apache.ratis.grpc.GrpcUtil.unwrapThrowable(GrpcUtil.java:82)
		at org.apache.ratis.grpc.GrpcUtil.warn(GrpcUtil.java:178)
		at org.apache.ratis.grpc.server.GrpcLogAppender$AppendLogResponseHandler.onError(GrpcLogAppender.java:378)
		... 10 more
	Caused by: java.lang.ClassCastException: Cannot cast java.util.concurrent.RejectedExecutionException to java.io.IOException
		at java.lang.Class.cast(Class.java:3369)
		at org.apache.ratis.util.IOUtils.readObject(IOUtils.java:234)
		... 15 more
2022-07-24 15:57:05,773 [grpc-default-executor-8] INFO  leader.FollowerInfo (FollowerInfoImpl.java:lambda$new$0(48)) - s0@group-1D117010C276->s2: nextIndex: updateUnconditionally 237 -> 199
2022-07-24 15:57:05,774 [s1-server-thread1] DEBUG raftlog.RaftLog (SegmentedRaftLog.java:appendImpl(447)) - truncateIndex=-1, arrayIndex=0
2022-07-24 15:57:05,774 [grpc-default-executor-2] WARN  server.GrpcServerProtocolService (LogUtils.java:warn(124)) - s2: Failed APPEND_ENTRIES request s0->s2#76-t2,previous=(t:1, i:198),leaderCommit=235,initializing? true,entries: size=39, first=(t:2, i:199), CONFIGURATIONENTRY(current:id: "s0"
address: "localhost:41145"
dataStreamAddress: "localhost:35053"
clientAddress: "localhost:40971"
adminAddress: "localhost:44949"
startupRole: FOLLOWER
,id: "s1"
address: "localhost:37813"
dataStreamAddress: "localhost:42861"
clientAddress: "localhost:42193"
adminAddress: "localhost:42655"
startupRole: FOLLOWER
,id: "s2"
address: "localhost:37241"
dataStreamAddress: "localhost:33751"
clientAddress: "localhost:34449"
adminAddress: "localhost:39099"
startupRole: FOLLOWER
, old:)
java.util.concurrent.CompletionException: java.util.concurrent.RejectedExecutionException: Task java.util.concurrent.CompletableFuture$AsyncSupply@54455ca9 rejected from java.util.concurrent.ThreadPoolExecutor@5f803e53[Terminated, pool size = 0, active threads = 0, queued tasks = 0, completed tasks = 0]
	at java.util.concurrent.CompletableFuture.encodeThrowable(CompletableFuture.java:273)
	at java.util.concurrent.CompletableFuture.uniComposeStage(CompletableFuture.java:1005)
	at java.util.concurrent.CompletableFuture.thenCompose(CompletableFuture.java:2137)
	at org.apache.ratis.server.impl.RaftServerProxy.appendEntriesAsync(RaftServerProxy.java:622)
	at org.apache.ratis.grpc.server.GrpcServerProtocolService$1.process(GrpcServerProtocolService.java:207)
	at org.apache.ratis.grpc.server.GrpcServerProtocolService$1.process(GrpcServerProtocolService.java:204)
	at org.apache.ratis.grpc.server.GrpcServerProtocolService$ServerRequestStreamObserver.onNext(GrpcServerProtocolService.java:126)
	at org.apache.ratis.thirdparty.io.grpc.stub.ServerCalls$StreamingServerCallHandler$StreamingServerCallListener.onMessage(ServerCalls.java:262)
	at org.apache.ratis.thirdparty.io.grpc.ForwardingServerCallListener.onMessage(ForwardingServerCallListener.java:33)
	at org.apache.ratis.thirdparty.io.grpc.internal.ServerCallImpl$ServerStreamListenerImpl.messagesAvailableInternal(ServerCallImpl.java:318)
	at org.apache.ratis.thirdparty.io.grpc.internal.ServerCallImpl$ServerStreamListenerImpl.messagesAvailable(ServerCallImpl.java:301)
	at org.apache.ratis.thirdparty.io.grpc.internal.ServerImpl$JumpToApplicationThreadServerStreamListener$1MessagesAvailable.runInContext(ServerImpl.java:834)
	at org.apache.ratis.thirdparty.io.grpc.internal.ContextRunnable.run(ContextRunnable.java:37)
	at org.apache.ratis.thirdparty.io.grpc.internal.SerializingExecutor.run(SerializingExecutor.java:133)
	at java.util.concurrent.ThreadPoolExecutor.runWorker(ThreadPoolExecutor.java:1149)
	at java.util.concurrent.ThreadPoolExecutor$Worker.run(ThreadPoolExecutor.java:624)
	at java.lang.Thread.run(Thread.java:750)
Caused by: java.util.concurrent.RejectedExecutionException: Task java.util.concurrent.CompletableFuture$AsyncSupply@54455ca9 rejected from java.util.concurrent.ThreadPoolExecutor@5f803e53[Terminated, pool size = 0, active threads = 0, queued tasks = 0, completed tasks = 0]
	at java.util.concurrent.ThreadPoolExecutor$AbortPolicy.rejectedExecution(ThreadPoolExecutor.java:2063)
	at java.util.concurrent.ThreadPoolExecutor.reject(ThreadPoolExecutor.java:830)
	at java.util.concurrent.ThreadPoolExecutor.execute(ThreadPoolExecutor.java:1379)
	at java.util.concurrent.CompletableFuture.asyncSupplyStage(CompletableFuture.java:1618)
	at java.util.concurrent.CompletableFuture.supplyAsync(CompletableFuture.java:1843)
	at org.apache.ratis.server.impl.RaftServerImpl.executeSubmitServerRequestAsync(RaftServerImpl.java:788)
	at org.apache.ratis.server.impl.RaftServerProxy.lambda$appendEntriesAsync$26(RaftServerProxy.java:622)
	at java.util.concurrent.CompletableFuture.uniComposeStage(CompletableFuture.java:995)
	... 15 more
2022-07-24 15:57:05,776 [grpc-default-executor-2] WARN  server.GrpcLogAppender (LogUtils.java:warn(124)) - s0@group-1D117010C276->s2-AppendLogResponseHandler: Failed appendEntries
java.io.IOException: java.util.concurrent.RejectedExecutionException: Task java.util.concurrent.CompletableFuture$AsyncSupply@54455ca9 rejected from java.util.concurrent.ThreadPoolExecutor@5f803e53[Terminated, pool size = 0, active threads = 0, queued tasks = 0, completed tasks = 0]
	at org.apache.ratis.util.IOUtils.asIOException(IOUtils.java:56)
	at org.apache.ratis.grpc.GrpcUtil.tryUnwrapException(GrpcUtil.java:121)
	at org.apache.ratis.grpc.GrpcUtil.unwrapThrowable(GrpcUtil.java:82)
	at org.apache.ratis.grpc.GrpcUtil.warn(GrpcUtil.java:178)
	at org.apache.ratis.grpc.server.GrpcLogAppender$AppendLogResponseHandler.onError(GrpcLogAppender.java:378)
	at org.apache.ratis.thirdparty.io.grpc.stub.ClientCalls$StreamObserverToCallListenerAdapter.onClose(ClientCalls.java:479)
	at org.apache.ratis.thirdparty.io.grpc.internal.ClientCallImpl.closeObserver(ClientCallImpl.java:562)
	at org.apache.ratis.thirdparty.io.grpc.internal.ClientCallImpl.access$300(ClientCallImpl.java:70)
	at org.apache.ratis.thirdparty.io.grpc.internal.ClientCallImpl$ClientStreamListenerImpl$1StreamClosed.runInternal(ClientCallImpl.java:743)
	at org.apache.ratis.thirdparty.io.grpc.internal.ClientCallImpl$ClientStreamListenerImpl$1StreamClosed.runInContext(ClientCallImpl.java:722)
	at org.apache.ratis.thirdparty.io.grpc.internal.ContextRunnable.run(ContextRunnable.java:37)
	at org.apache.ratis.thirdparty.io.grpc.internal.SerializingExecutor.run(SerializingExecutor.java:133)
	at java.util.concurrent.ThreadPoolExecutor.runWorker(ThreadPoolExecutor.java:1149)
	at java.util.concurrent.ThreadPoolExecutor$Worker.run(ThreadPoolExecutor.java:624)
	at java.lang.Thread.run(Thread.java:750)
Caused by: java.util.concurrent.RejectedExecutionException: Task java.util.concurrent.CompletableFuture$AsyncSupply@54455ca9 rejected from java.util.concurrent.ThreadPoolExecutor@5f803e53[Terminated, pool size = 0, active threads = 0, queued tasks = 0, completed tasks = 0]
	at sun.reflect.GeneratedConstructorAccessor9.newInstance(Unknown Source)
	at sun.reflect.DelegatingConstructorAccessorImpl.newInstance(DelegatingConstructorAccessorImpl.java:45)
	at java.lang.reflect.Constructor.newInstance(Constructor.java:423)
	at org.apache.ratis.util.ReflectionUtils.instantiateException(ReflectionUtils.java:259)
	at org.apache.ratis.grpc.GrpcUtil.tryUnwrapException(GrpcUtil.java:120)
	... 13 more
Caused by: org.apache.ratis.thirdparty.io.grpc.StatusRuntimeException: INTERNAL: Task java.util.concurrent.CompletableFuture$AsyncSupply@54455ca9 rejected from java.util.concurrent.ThreadPoolExecutor@5f803e53[Terminated, pool size = 0, active threads = 0, queued tasks = 0, completed tasks = 0]
	at org.apache.ratis.thirdparty.io.grpc.Status.asRuntimeException(Status.java:535)
	... 10 more
	Suppressed: java.lang.IllegalStateException: Failed to cast to class java.io.IOException, object=java.util.concurrent.RejectedExecutionException: Task java.util.concurrent.CompletableFuture$AsyncSupply@54455ca9 rejected from java.util.concurrent.ThreadPoolExecutor@5f803e53[Terminated, pool size = 0, active threads = 0, queued tasks = 0, completed tasks = 0]
	at java.util.concurrent.ThreadPoolExecutor$AbortPolicy.rejectedExecution(ThreadPoolExecutor.java:2063)
	at java.util.concurrent.ThreadPoolExecutor.reject(ThreadPoolExecutor.java:830)
	at java.util.concurrent.ThreadPoolExecutor.execute(ThreadPoolExecutor.java:1379)
	at java.util.concurrent.CompletableFuture.asyncSupplyStage(CompletableFuture.java:1618)
	at java.util.concurrent.CompletableFuture.supplyAsync(CompletableFuture.java:1843)
	at org.apache.ratis.server.impl.RaftServerImpl.executeSubmitServerRequestAsync(RaftServerImpl.java:788)
	at org.apache.ratis.server.impl.RaftServerProxy.lambda$appendEntriesAsync$26(RaftServerProxy.java:622)
	at java.util.concurrent.CompletableFuture.uniComposeStage(CompletableFuture.java:995)
	at java.util.concurrent.CompletableFuture.thenCompose(CompletableFuture.java:2137)
	at org.apache.ratis.server.impl.RaftServerProxy.appendEntriesAsync(RaftServerProxy.java:622)
	at org.apache.ratis.grpc.server.GrpcServerProtocolService$1.process(GrpcServerProtocolService.java:207)
	at org.apache.ratis.grpc.server.GrpcServerProtocolService$1.process(GrpcServerProtocolService.java:204)
	at org.apache.ratis.grpc.server.GrpcServerProtocolService$ServerRequestStreamObserver.onNext(GrpcServerProtocolService.java:126)
	at org.apache.ratis.thirdparty.io.grpc.stub.ServerCalls$StreamingServerCallHandler$StreamingServerCallListener.onMessage(ServerCalls.java:262)
	at org.apache.ratis.thirdparty.io.grpc.ForwardingServerCallListener.onMessage(ForwardingServerCallListener.java:33)
	at org.apache.ratis.thirdparty.io.grpc.internal.ServerCallImpl$ServerStreamListenerImpl.messagesAvailableInternal(ServerCallImpl.java:318)
	at org.apache.ratis.thirdparty.io.grpc.internal.ServerCallImpl$ServerStreamListenerImpl.messagesAvailable(ServerCallImpl.java:301)
	at org.apache.ratis.thirdparty.io.grpc.internal.ServerImpl$JumpToApplicationThreadServerStreamListener$1MessagesAvailable.runInContext(ServerImpl.java:834)
	at org.apache.ratis.thirdparty.io.grpc.internal.ContextRunnable.run(ContextRunnable.java:37)
	at org.apache.ratis.thirdparty.io.grpc.internal.SerializingExecutor.run(SerializingExecutor.java:133)
	at java.util.concurrent.ThreadPoolExecutor.runWorker(ThreadPoolExecutor.java:1149)
	at java.util.concurrent.ThreadPoolExecutor$Worker.run(ThreadPoolExecutor.java:624)
	at java.lang.Thread.run(Thread.java:750)

		at org.apache.ratis.util.IOUtils.readObject(IOUtils.java:237)
		at org.apache.ratis.util.IOUtils.bytes2Object(IOUtils.java:214)
		at org.apache.ratis.grpc.GrpcUtil.tryUnwrapException(GrpcUtil.java:109)
		at org.apache.ratis.grpc.GrpcUtil.unwrapThrowable(GrpcUtil.java:82)
		at org.apache.ratis.grpc.GrpcUtil.warn(GrpcUtil.java:178)
		at org.apache.ratis.grpc.server.GrpcLogAppender$AppendLogResponseHandler.onError(GrpcLogAppender.java:378)
		... 10 more
	Caused by: java.lang.ClassCastException: Cannot cast java.util.concurrent.RejectedExecutionException to java.io.IOException
		at java.lang.Class.cast(Class.java:3369)
		at org.apache.ratis.util.IOUtils.readObject(IOUtils.java:234)
		... 15 more
2022-07-24 15:57:05,776 [grpc-default-executor-2] INFO  leader.FollowerInfo (FollowerInfoImpl.java:lambda$new$0(48)) - s0@group-1D117010C276->s2: nextIndex: updateUnconditionally 238 -> 199
2022-07-24 15:57:05,780 [s1@group-1D117010C276-StateMachineUpdater] INFO  statemachine.SimpleStateMachine4Testing (SimpleStateMachine4Testing.java:put(204)) - s1: put 235, m115 -> (t:2, i:235), STATEMACHINELOGENTRY, 501@client-6F86E1C52B91
2022-07-24 15:57:05,781 [grpc-default-executor-8] WARN  server.GrpcServerProtocolService (LogUtils.java:warn(124)) - s2: Failed APPEND_ENTRIES request s0->s2#77-t2,previous=(t:1, i:198),leaderCommit=235,initializing? true,entries: size=39, first=(t:2, i:199), CONFIGURATIONENTRY(current:id: "s0"
address: "localhost:41145"
dataStreamAddress: "localhost:35053"
clientAddress: "localhost:40971"
adminAddress: "localhost:44949"
startupRole: FOLLOWER
,id: "s1"
address: "localhost:37813"
dataStreamAddress: "localhost:42861"
clientAddress: "localhost:42193"
adminAddress: "localhost:42655"
startupRole: FOLLOWER
,id: "s2"
address: "localhost:37241"
dataStreamAddress: "localhost:33751"
clientAddress: "localhost:34449"
adminAddress: "localhost:39099"
startupRole: FOLLOWER
, old:)
java.util.concurrent.CompletionException: java.util.concurrent.RejectedExecutionException: Task java.util.concurrent.CompletableFuture$AsyncSupply@3d212a02 rejected from java.util.concurrent.ThreadPoolExecutor@5f803e53[Terminated, pool size = 0, active threads = 0, queued tasks = 0, completed tasks = 0]
	at java.util.concurrent.CompletableFuture.encodeThrowable(CompletableFuture.java:273)
	at java.util.concurrent.CompletableFuture.uniComposeStage(CompletableFuture.java:1005)
	at java.util.concurrent.CompletableFuture.thenCompose(CompletableFuture.java:2137)
	at org.apache.ratis.server.impl.RaftServerProxy.appendEntriesAsync(RaftServerProxy.java:622)
	at org.apache.ratis.grpc.server.GrpcServerProtocolService$1.process(GrpcServerProtocolService.java:207)
	at org.apache.ratis.grpc.server.GrpcServerProtocolService$1.process(GrpcServerProtocolService.java:204)
	at org.apache.ratis.grpc.server.GrpcServerProtocolService$ServerRequestStreamObserver.onNext(GrpcServerProtocolService.java:126)
	at org.apache.ratis.thirdparty.io.grpc.stub.ServerCalls$StreamingServerCallHandler$StreamingServerCallListener.onMessage(ServerCalls.java:262)
	at org.apache.ratis.thirdparty.io.grpc.ForwardingServerCallListener.onMessage(ForwardingServerCallListener.java:33)
	at org.apache.ratis.thirdparty.io.grpc.internal.ServerCallImpl$ServerStreamListenerImpl.messagesAvailableInternal(ServerCallImpl.java:318)
	at org.apache.ratis.thirdparty.io.grpc.internal.ServerCallImpl$ServerStreamListenerImpl.messagesAvailable(ServerCallImpl.java:301)
	at org.apache.ratis.thirdparty.io.grpc.internal.ServerImpl$JumpToApplicationThreadServerStreamListener$1MessagesAvailable.runInContext(ServerImpl.java:834)
	at org.apache.ratis.thirdparty.io.grpc.internal.ContextRunnable.run(ContextRunnable.java:37)
	at org.apache.ratis.thirdparty.io.grpc.internal.SerializingExecutor.run(SerializingExecutor.java:133)
	at java.util.concurrent.ThreadPoolExecutor.runWorker(ThreadPoolExecutor.java:1149)
	at java.util.concurrent.ThreadPoolExecutor$Worker.run(ThreadPoolExecutor.java:624)
	at java.lang.Thread.run(Thread.java:750)
Caused by: java.util.concurrent.RejectedExecutionException: Task java.util.concurrent.CompletableFuture$AsyncSupply@3d212a02 rejected from java.util.concurrent.ThreadPoolExecutor@5f803e53[Terminated, pool size = 0, active threads = 0, queued tasks = 0, completed tasks = 0]
	at java.util.concurrent.ThreadPoolExecutor$AbortPolicy.rejectedExecution(ThreadPoolExecutor.java:2063)
	at java.util.concurrent.ThreadPoolExecutor.reject(ThreadPoolExecutor.java:830)
	at java.util.concurrent.ThreadPoolExecutor.execute(ThreadPoolExecutor.java:1379)
	at java.util.concurrent.CompletableFuture.asyncSupplyStage(CompletableFuture.java:1618)
	at java.util.concurrent.CompletableFuture.supplyAsync(CompletableFuture.java:1843)
	at org.apache.ratis.server.impl.RaftServerImpl.executeSubmitServerRequestAsync(RaftServerImpl.java:788)
	at org.apache.ratis.server.impl.RaftServerProxy.lambda$appendEntriesAsync$26(RaftServerProxy.java:622)
	at java.util.concurrent.CompletableFuture.uniComposeStage(CompletableFuture.java:995)
	... 15 more
2022-07-24 15:57:05,783 [grpc-default-executor-9] WARN  server.GrpcLogAppender (LogUtils.java:warn(124)) - s0@group-1D117010C276->s2-AppendLogResponseHandler: Failed appendEntries
java.io.IOException: java.util.concurrent.RejectedExecutionException: Task java.util.concurrent.CompletableFuture$AsyncSupply@3d212a02 rejected from java.util.concurrent.ThreadPoolExecutor@5f803e53[Terminated, pool size = 0, active threads = 0, queued tasks = 0, completed tasks = 0]
	at org.apache.ratis.util.IOUtils.asIOException(IOUtils.java:56)
	at org.apache.ratis.grpc.GrpcUtil.tryUnwrapException(GrpcUtil.java:121)
	at org.apache.ratis.grpc.GrpcUtil.unwrapThrowable(GrpcUtil.java:82)
	at org.apache.ratis.grpc.GrpcUtil.warn(GrpcUtil.java:178)
	at org.apache.ratis.grpc.server.GrpcLogAppender$AppendLogResponseHandler.onError(GrpcLogAppender.java:378)
	at org.apache.ratis.thirdparty.io.grpc.stub.ClientCalls$StreamObserverToCallListenerAdapter.onClose(ClientCalls.java:479)
	at org.apache.ratis.thirdparty.io.grpc.internal.ClientCallImpl.closeObserver(ClientCallImpl.java:562)
	at org.apache.ratis.thirdparty.io.grpc.internal.ClientCallImpl.access$300(ClientCallImpl.java:70)
	at org.apache.ratis.thirdparty.io.grpc.internal.ClientCallImpl$ClientStreamListenerImpl$1StreamClosed.runInternal(ClientCallImpl.java:743)
	at org.apache.ratis.thirdparty.io.grpc.internal.ClientCallImpl$ClientStreamListenerImpl$1StreamClosed.runInContext(ClientCallImpl.java:722)
	at org.apache.ratis.thirdparty.io.grpc.internal.ContextRunnable.run(ContextRunnable.java:37)
	at org.apache.ratis.thirdparty.io.grpc.internal.SerializingExecutor.run(SerializingExecutor.java:133)
	at java.util.concurrent.ThreadPoolExecutor.runWorker(ThreadPoolExecutor.java:1149)
	at java.util.concurrent.ThreadPoolExecutor$Worker.run(ThreadPoolExecutor.java:624)
	at java.lang.Thread.run(Thread.java:750)
Caused by: java.util.concurrent.RejectedExecutionException: Task java.util.concurrent.CompletableFuture$AsyncSupply@3d212a02 rejected from java.util.concurrent.ThreadPoolExecutor@5f803e53[Terminated, pool size = 0, active threads = 0, queued tasks = 0, completed tasks = 0]
	at sun.reflect.GeneratedConstructorAccessor9.newInstance(Unknown Source)
	at sun.reflect.DelegatingConstructorAccessorImpl.newInstance(DelegatingConstructorAccessorImpl.java:45)
	at java.lang.reflect.Constructor.newInstance(Constructor.java:423)
	at org.apache.ratis.util.ReflectionUtils.instantiateException(ReflectionUtils.java:259)
	at org.apache.ratis.grpc.GrpcUtil.tryUnwrapException(GrpcUtil.java:120)
	... 13 more
Caused by: org.apache.ratis.thirdparty.io.grpc.StatusRuntimeException: INTERNAL: Task java.util.concurrent.CompletableFuture$AsyncSupply@3d212a02 rejected from java.util.concurrent.ThreadPoolExecutor@5f803e53[Terminated, pool size = 0, active threads = 0, queued tasks = 0, completed tasks = 0]
	at org.apache.ratis.thirdparty.io.grpc.Status.asRuntimeException(Status.java:535)
	... 10 more
	Suppressed: java.lang.IllegalStateException: Failed to cast to class java.io.IOException, object=java.util.concurrent.RejectedExecutionException: Task java.util.concurrent.CompletableFuture$AsyncSupply@3d212a02 rejected from java.util.concurrent.ThreadPoolExecutor@5f803e53[Terminated, pool size = 0, active threads = 0, queued tasks = 0, completed tasks = 0]
	at java.util.concurrent.ThreadPoolExecutor$AbortPolicy.rejectedExecution(ThreadPoolExecutor.java:2063)
	at java.util.concurrent.ThreadPoolExecutor.reject(ThreadPoolExecutor.java:830)
	at java.util.concurrent.ThreadPoolExecutor.execute(ThreadPoolExecutor.java:1379)
	at java.util.concurrent.CompletableFuture.asyncSupplyStage(CompletableFuture.java:1618)
	at java.util.concurrent.CompletableFuture.supplyAsync(CompletableFuture.java:1843)
	at org.apache.ratis.server.impl.RaftServerImpl.executeSubmitServerRequestAsync(RaftServerImpl.java:788)
	at org.apache.ratis.server.impl.RaftServerProxy.lambda$appendEntriesAsync$26(RaftServerProxy.java:622)
	at java.util.concurrent.CompletableFuture.uniComposeStage(CompletableFuture.java:995)
	at java.util.concurrent.CompletableFuture.thenCompose(CompletableFuture.java:2137)
	at org.apache.ratis.server.impl.RaftServerProxy.appendEntriesAsync(RaftServerProxy.java:622)
	at org.apache.ratis.grpc.server.GrpcServerProtocolService$1.process(GrpcServerProtocolService.java:207)
	at org.apache.ratis.grpc.server.GrpcServerProtocolService$1.process(GrpcServerProtocolService.java:204)
	at org.apache.ratis.grpc.server.GrpcServerProtocolService$ServerRequestStreamObserver.onNext(GrpcServerProtocolService.java:126)
	at org.apache.ratis.thirdparty.io.grpc.stub.ServerCalls$StreamingServerCallHandler$StreamingServerCallListener.onMessage(ServerCalls.java:262)
	at org.apache.ratis.thirdparty.io.grpc.ForwardingServerCallListener.onMessage(ForwardingServerCallListener.java:33)
	at org.apache.ratis.thirdparty.io.grpc.internal.ServerCallImpl$ServerStreamListenerImpl.messagesAvailableInternal(ServerCallImpl.java:318)
	at org.apache.ratis.thirdparty.io.grpc.internal.ServerCallImpl$ServerStreamListenerImpl.messagesAvailable(ServerCallImpl.java:301)
	at org.apache.ratis.thirdparty.io.grpc.internal.ServerImpl$JumpToApplicationThreadServerStreamListener$1MessagesAvailable.runInContext(ServerImpl.java:834)
	at org.apache.ratis.thirdparty.io.grpc.internal.ContextRunnable.run(ContextRunnable.java:37)
	at org.apache.ratis.thirdparty.io.grpc.internal.SerializingExecutor.run(SerializingExecutor.java:133)
	at java.util.concurrent.ThreadPoolExecutor.runWorker(ThreadPoolExecutor.java:1149)
	at java.util.concurrent.ThreadPoolExecutor$Worker.run(ThreadPoolExecutor.java:624)
	at java.lang.Thread.run(Thread.java:750)

		at org.apache.ratis.util.IOUtils.readObject(IOUtils.java:237)
		at org.apache.ratis.util.IOUtils.bytes2Object(IOUtils.java:214)
		at org.apache.ratis.grpc.GrpcUtil.tryUnwrapException(GrpcUtil.java:109)
		at org.apache.ratis.grpc.GrpcUtil.unwrapThrowable(GrpcUtil.java:82)
		at org.apache.ratis.grpc.GrpcUtil.warn(GrpcUtil.java:178)
		at org.apache.ratis.grpc.server.GrpcLogAppender$AppendLogResponseHandler.onError(GrpcLogAppender.java:378)
		... 10 more
	Caused by: java.lang.ClassCastException: Cannot cast java.util.concurrent.RejectedExecutionException to java.io.IOException
		at java.lang.Class.cast(Class.java:3369)
		at org.apache.ratis.util.IOUtils.readObject(IOUtils.java:234)
		... 15 more
2022-07-24 15:57:05,783 [grpc-default-executor-9] INFO  leader.FollowerInfo (FollowerInfoImpl.java:lambda$new$0(48)) - s0@group-1D117010C276->s2: nextIndex: updateUnconditionally 238 -> 199
2022-07-24 15:57:05,784 [s0@group-1D117010C276-StateMachineUpdater] INFO  statemachine.SimpleStateMachine4Testing (SimpleStateMachine4Testing.java:put(204)) - s0: put 237, m116 -> (t:2, i:237), STATEMACHINELOGENTRY, 502@client-6F86E1C52B91
2022-07-24 15:57:05,784 [s1-server-thread1] DEBUG raftlog.RaftLog (SegmentedRaftLog.java:appendImpl(447)) - truncateIndex=-1, arrayIndex=0
2022-07-24 15:57:05,785 [s1-server-thread1] DEBUG raftlog.RaftLog (SegmentedRaftLog.java:appendImpl(447)) - truncateIndex=-1, arrayIndex=0
2022-07-24 15:57:05,786 [grpc-default-executor-2] WARN  server.GrpcServerProtocolService (LogUtils.java:warn(124)) - s2: Failed APPEND_ENTRIES request s0->s2#80-t2,previous=(t:1, i:198),leaderCommit=237,initializing? true,entries: size=41, first=(t:2, i:199), CONFIGURATIONENTRY(current:id: "s0"
address: "localhost:41145"
dataStreamAddress: "localhost:35053"
clientAddress: "localhost:40971"
adminAddress: "localhost:44949"
startupRole: FOLLOWER
,id: "s1"
address: "localhost:37813"
dataStreamAddress: "localhost:42861"
clientAddress: "localhost:42193"
adminAddress: "localhost:42655"
startupRole: FOLLOWER
,id: "s2"
address: "localhost:37241"
dataStreamAddress: "localhost:33751"
clientAddress: "localhost:34449"
adminAddress: "localhost:39099"
startupRole: FOLLOWER
, old:)
java.util.concurrent.CompletionException: java.util.concurrent.RejectedExecutionException: Task java.util.concurrent.CompletableFuture$AsyncSupply@54435b34 rejected from java.util.concurrent.ThreadPoolExecutor@5f803e53[Terminated, pool size = 0, active threads = 0, queued tasks = 0, completed tasks = 0]
	at java.util.concurrent.CompletableFuture.encodeThrowable(CompletableFuture.java:273)
	at java.util.concurrent.CompletableFuture.uniComposeStage(CompletableFuture.java:1005)
	at java.util.concurrent.CompletableFuture.thenCompose(CompletableFuture.java:2137)
	at org.apache.ratis.server.impl.RaftServerProxy.appendEntriesAsync(RaftServerProxy.java:622)
	at org.apache.ratis.grpc.server.GrpcServerProtocolService$1.process(GrpcServerProtocolService.java:207)
	at org.apache.ratis.grpc.server.GrpcServerProtocolService$1.process(GrpcServerProtocolService.java:204)
	at org.apache.ratis.grpc.server.GrpcServerProtocolService$ServerRequestStreamObserver.onNext(GrpcServerProtocolService.java:126)
	at org.apache.ratis.thirdparty.io.grpc.stub.ServerCalls$StreamingServerCallHandler$StreamingServerCallListener.onMessage(ServerCalls.java:262)
	at org.apache.ratis.thirdparty.io.grpc.ForwardingServerCallListener.onMessage(ForwardingServerCallListener.java:33)
	at org.apache.ratis.thirdparty.io.grpc.internal.ServerCallImpl$ServerStreamListenerImpl.messagesAvailableInternal(ServerCallImpl.java:318)
	at org.apache.ratis.thirdparty.io.grpc.internal.ServerCallImpl$ServerStreamListenerImpl.messagesAvailable(ServerCallImpl.java:301)
	at org.apache.ratis.thirdparty.io.grpc.internal.ServerImpl$JumpToApplicationThreadServerStreamListener$1MessagesAvailable.runInContext(ServerImpl.java:834)
	at org.apache.ratis.thirdparty.io.grpc.internal.ContextRunnable.run(ContextRunnable.java:37)
	at org.apache.ratis.thirdparty.io.grpc.internal.SerializingExecutor.run(SerializingExecutor.java:133)
	at java.util.concurrent.ThreadPoolExecutor.runWorker(ThreadPoolExecutor.java:1149)
	at java.util.concurrent.ThreadPoolExecutor$Worker.run(ThreadPoolExecutor.java:624)
	at java.lang.Thread.run(Thread.java:750)
Caused by: java.util.concurrent.RejectedExecutionException: Task java.util.concurrent.CompletableFuture$AsyncSupply@54435b34 rejected from java.util.concurrent.ThreadPoolExecutor@5f803e53[Terminated, pool size = 0, active threads = 0, queued tasks = 0, completed tasks = 0]
	at java.util.concurrent.ThreadPoolExecutor$AbortPolicy.rejectedExecution(ThreadPoolExecutor.java:2063)
	at java.util.concurrent.ThreadPoolExecutor.reject(ThreadPoolExecutor.java:830)
	at java.util.concurrent.ThreadPoolExecutor.execute(ThreadPoolExecutor.java:1379)
	at java.util.concurrent.CompletableFuture.asyncSupplyStage(CompletableFuture.java:1618)
	at java.util.concurrent.CompletableFuture.supplyAsync(CompletableFuture.java:1843)
	at org.apache.ratis.server.impl.RaftServerImpl.executeSubmitServerRequestAsync(RaftServerImpl.java:788)
	at org.apache.ratis.server.impl.RaftServerProxy.lambda$appendEntriesAsync$26(RaftServerProxy.java:622)
	at java.util.concurrent.CompletableFuture.uniComposeStage(CompletableFuture.java:995)
	... 15 more
2022-07-24 15:57:05,788 [grpc-default-executor-2] WARN  server.GrpcLogAppender (LogUtils.java:warn(124)) - s0@group-1D117010C276->s2-AppendLogResponseHandler: Failed appendEntries
java.io.IOException: java.util.concurrent.RejectedExecutionException: Task java.util.concurrent.CompletableFuture$AsyncSupply@54435b34 rejected from java.util.concurrent.ThreadPoolExecutor@5f803e53[Terminated, pool size = 0, active threads = 0, queued tasks = 0, completed tasks = 0]
	at org.apache.ratis.util.IOUtils.asIOException(IOUtils.java:56)
	at org.apache.ratis.grpc.GrpcUtil.tryUnwrapException(GrpcUtil.java:121)
	at org.apache.ratis.grpc.GrpcUtil.unwrapThrowable(GrpcUtil.java:82)
	at org.apache.ratis.grpc.GrpcUtil.warn(GrpcUtil.java:178)
	at org.apache.ratis.grpc.server.GrpcLogAppender$AppendLogResponseHandler.onError(GrpcLogAppender.java:378)
	at org.apache.ratis.thirdparty.io.grpc.stub.ClientCalls$StreamObserverToCallListenerAdapter.onClose(ClientCalls.java:479)
	at org.apache.ratis.thirdparty.io.grpc.internal.ClientCallImpl.closeObserver(ClientCallImpl.java:562)
	at org.apache.ratis.thirdparty.io.grpc.internal.ClientCallImpl.access$300(ClientCallImpl.java:70)
	at org.apache.ratis.thirdparty.io.grpc.internal.ClientCallImpl$ClientStreamListenerImpl$1StreamClosed.runInternal(ClientCallImpl.java:743)
	at org.apache.ratis.thirdparty.io.grpc.internal.ClientCallImpl$ClientStreamListenerImpl$1StreamClosed.runInContext(ClientCallImpl.java:722)
	at org.apache.ratis.thirdparty.io.grpc.internal.ContextRunnable.run(ContextRunnable.java:37)
	at org.apache.ratis.thirdparty.io.grpc.internal.SerializingExecutor.run(SerializingExecutor.java:133)
	at java.util.concurrent.ThreadPoolExecutor.runWorker(ThreadPoolExecutor.java:1149)
	at java.util.concurrent.ThreadPoolExecutor$Worker.run(ThreadPoolExecutor.java:624)
	at java.lang.Thread.run(Thread.java:750)
Caused by: java.util.concurrent.RejectedExecutionException: Task java.util.concurrent.CompletableFuture$AsyncSupply@54435b34 rejected from java.util.concurrent.ThreadPoolExecutor@5f803e53[Terminated, pool size = 0, active threads = 0, queued tasks = 0, completed tasks = 0]
	at sun.reflect.GeneratedConstructorAccessor9.newInstance(Unknown Source)
	at sun.reflect.DelegatingConstructorAccessorImpl.newInstance(DelegatingConstructorAccessorImpl.java:45)
	at java.lang.reflect.Constructor.newInstance(Constructor.java:423)
	at org.apache.ratis.util.ReflectionUtils.instantiateException(ReflectionUtils.java:259)
	at org.apache.ratis.grpc.GrpcUtil.tryUnwrapException(GrpcUtil.java:120)
	... 13 more
Caused by: org.apache.ratis.thirdparty.io.grpc.StatusRuntimeException: INTERNAL: Task java.util.concurrent.CompletableFuture$AsyncSupply@54435b34 rejected from java.util.concurrent.ThreadPoolExecutor@5f803e53[Terminated, pool size = 0, active threads = 0, queued tasks = 0, completed tasks = 0]
	at org.apache.ratis.thirdparty.io.grpc.Status.asRuntimeException(Status.java:535)
	... 10 more
	Suppressed: java.lang.IllegalStateException: Failed to cast to class java.io.IOException, object=java.util.concurrent.RejectedExecutionException: Task java.util.concurrent.CompletableFuture$AsyncSupply@54435b34 rejected from java.util.concurrent.ThreadPoolExecutor@5f803e53[Terminated, pool size = 0, active threads = 0, queued tasks = 0, completed tasks = 0]
	at java.util.concurrent.ThreadPoolExecutor$AbortPolicy.rejectedExecution(ThreadPoolExecutor.java:2063)
	at java.util.concurrent.ThreadPoolExecutor.reject(ThreadPoolExecutor.java:830)
	at java.util.concurrent.ThreadPoolExecutor.execute(ThreadPoolExecutor.java:1379)
	at java.util.concurrent.CompletableFuture.asyncSupplyStage(CompletableFuture.java:1618)
	at java.util.concurrent.CompletableFuture.supplyAsync(CompletableFuture.java:1843)
	at org.apache.ratis.server.impl.RaftServerImpl.executeSubmitServerRequestAsync(RaftServerImpl.java:788)
	at org.apache.ratis.server.impl.RaftServerProxy.lambda$appendEntriesAsync$26(RaftServerProxy.java:622)
	at java.util.concurrent.CompletableFuture.uniComposeStage(CompletableFuture.java:995)
	at java.util.concurrent.CompletableFuture.thenCompose(CompletableFuture.java:2137)
	at org.apache.ratis.server.impl.RaftServerProxy.appendEntriesAsync(RaftServerProxy.java:622)
	at org.apache.ratis.grpc.server.GrpcServerProtocolService$1.process(GrpcServerProtocolService.java:207)
	at org.apache.ratis.grpc.server.GrpcServerProtocolService$1.process(GrpcServerProtocolService.java:204)
	at org.apache.ratis.grpc.server.GrpcServerProtocolService$ServerRequestStreamObserver.onNext(GrpcServerProtocolService.java:126)
	at org.apache.ratis.thirdparty.io.grpc.stub.ServerCalls$StreamingServerCallHandler$StreamingServerCallListener.onMessage(ServerCalls.java:262)
	at org.apache.ratis.thirdparty.io.grpc.ForwardingServerCallListener.onMessage(ForwardingServerCallListener.java:33)
	at org.apache.ratis.thirdparty.io.grpc.internal.ServerCallImpl$ServerStreamListenerImpl.messagesAvailableInternal(ServerCallImpl.java:318)
	at org.apache.ratis.thirdparty.io.grpc.internal.ServerCallImpl$ServerStreamListenerImpl.messagesAvailable(ServerCallImpl.java:301)
	at org.apache.ratis.thirdparty.io.grpc.internal.ServerImpl$JumpToApplicationThreadServerStreamListener$1MessagesAvailable.runInContext(ServerImpl.java:834)
	at org.apache.ratis.thirdparty.io.grpc.internal.ContextRunnable.run(ContextRunnable.java:37)
	at org.apache.ratis.thirdparty.io.grpc.internal.SerializingExecutor.run(SerializingExecutor.java:133)
	at java.util.concurrent.ThreadPoolExecutor.runWorker(ThreadPoolExecutor.java:1149)
	at java.util.concurrent.ThreadPoolExecutor$Worker.run(ThreadPoolExecutor.java:624)
	at java.lang.Thread.run(Thread.java:750)

		at org.apache.ratis.util.IOUtils.readObject(IOUtils.java:237)
		at org.apache.ratis.util.IOUtils.bytes2Object(IOUtils.java:214)
		at org.apache.ratis.grpc.GrpcUtil.tryUnwrapException(GrpcUtil.java:109)
		at org.apache.ratis.grpc.GrpcUtil.unwrapThrowable(GrpcUtil.java:82)
		at org.apache.ratis.grpc.GrpcUtil.warn(GrpcUtil.java:178)
		at org.apache.ratis.grpc.server.GrpcLogAppender$AppendLogResponseHandler.onError(GrpcLogAppender.java:378)
		... 10 more
	Caused by: java.lang.ClassCastException: Cannot cast java.util.concurrent.RejectedExecutionException to java.io.IOException
		at java.lang.Class.cast(Class.java:3369)
		at org.apache.ratis.util.IOUtils.readObject(IOUtils.java:234)
		... 15 more
2022-07-24 15:57:05,789 [grpc-default-executor-2] INFO  leader.FollowerInfo (FollowerInfoImpl.java:lambda$new$0(48)) - s0@group-1D117010C276->s2: nextIndex: updateUnconditionally 240 -> 199
2022-07-24 15:57:05,789 [s1@group-1D117010C276-StateMachineUpdater] INFO  statemachine.SimpleStateMachine4Testing (SimpleStateMachine4Testing.java:put(204)) - s1: put 237, m116 -> (t:2, i:237), STATEMACHINELOGENTRY, 502@client-6F86E1C52B91
2022-07-24 15:57:05,789 [grpc-default-executor-9] WARN  server.GrpcServerProtocolService (LogUtils.java:warn(124)) - s2: Failed APPEND_ENTRIES request s0->s2#81-t2,previous=(t:1, i:198),leaderCommit=237,initializing? true,entries: size=41, first=(t:2, i:199), CONFIGURATIONENTRY(current:id: "s0"
address: "localhost:41145"
dataStreamAddress: "localhost:35053"
clientAddress: "localhost:40971"
adminAddress: "localhost:44949"
startupRole: FOLLOWER
,id: "s1"
address: "localhost:37813"
dataStreamAddress: "localhost:42861"
clientAddress: "localhost:42193"
adminAddress: "localhost:42655"
startupRole: FOLLOWER
,id: "s2"
address: "localhost:37241"
dataStreamAddress: "localhost:33751"
clientAddress: "localhost:34449"
adminAddress: "localhost:39099"
startupRole: FOLLOWER
, old:)
java.util.concurrent.CompletionException: java.util.concurrent.RejectedExecutionException: Task java.util.concurrent.CompletableFuture$AsyncSupply@657855ae rejected from java.util.concurrent.ThreadPoolExecutor@5f803e53[Terminated, pool size = 0, active threads = 0, queued tasks = 0, completed tasks = 0]
	at java.util.concurrent.CompletableFuture.encodeThrowable(CompletableFuture.java:273)
	at java.util.concurrent.CompletableFuture.uniComposeStage(CompletableFuture.java:1005)
	at java.util.concurrent.CompletableFuture.thenCompose(CompletableFuture.java:2137)
	at org.apache.ratis.server.impl.RaftServerProxy.appendEntriesAsync(RaftServerProxy.java:622)
	at org.apache.ratis.grpc.server.GrpcServerProtocolService$1.process(GrpcServerProtocolService.java:207)
	at org.apache.ratis.grpc.server.GrpcServerProtocolService$1.process(GrpcServerProtocolService.java:204)
	at org.apache.ratis.grpc.server.GrpcServerProtocolService$ServerRequestStreamObserver.onNext(GrpcServerProtocolService.java:126)
	at org.apache.ratis.thirdparty.io.grpc.stub.ServerCalls$StreamingServerCallHandler$StreamingServerCallListener.onMessage(ServerCalls.java:262)
	at org.apache.ratis.thirdparty.io.grpc.ForwardingServerCallListener.onMessage(ForwardingServerCallListener.java:33)
	at org.apache.ratis.thirdparty.io.grpc.internal.ServerCallImpl$ServerStreamListenerImpl.messagesAvailableInternal(ServerCallImpl.java:318)
	at org.apache.ratis.thirdparty.io.grpc.internal.ServerCallImpl$ServerStreamListenerImpl.messagesAvailable(ServerCallImpl.java:301)
	at org.apache.ratis.thirdparty.io.grpc.internal.ServerImpl$JumpToApplicationThreadServerStreamListener$1MessagesAvailable.runInContext(ServerImpl.java:834)
	at org.apache.ratis.thirdparty.io.grpc.internal.ContextRunnable.run(ContextRunnable.java:37)
	at org.apache.ratis.thirdparty.io.grpc.internal.SerializingExecutor.run(SerializingExecutor.java:133)
	at java.util.concurrent.ThreadPoolExecutor.runWorker(ThreadPoolExecutor.java:1149)
	at java.util.concurrent.ThreadPoolExecutor$Worker.run(ThreadPoolExecutor.java:624)
	at java.lang.Thread.run(Thread.java:750)
Caused by: java.util.concurrent.RejectedExecutionException: Task java.util.concurrent.CompletableFuture$AsyncSupply@657855ae rejected from java.util.concurrent.ThreadPoolExecutor@5f803e53[Terminated, pool size = 0, active threads = 0, queued tasks = 0, completed tasks = 0]
	at java.util.concurrent.ThreadPoolExecutor$AbortPolicy.rejectedExecution(ThreadPoolExecutor.java:2063)
	at java.util.concurrent.ThreadPoolExecutor.reject(ThreadPoolExecutor.java:830)
	at java.util.concurrent.ThreadPoolExecutor.execute(ThreadPoolExecutor.java:1379)
	at java.util.concurrent.CompletableFuture.asyncSupplyStage(CompletableFuture.java:1618)
	at java.util.concurrent.CompletableFuture.supplyAsync(CompletableFuture.java:1843)
	at org.apache.ratis.server.impl.RaftServerImpl.executeSubmitServerRequestAsync(RaftServerImpl.java:788)
	at org.apache.ratis.server.impl.RaftServerProxy.lambda$appendEntriesAsync$26(RaftServerProxy.java:622)
	at java.util.concurrent.CompletableFuture.uniComposeStage(CompletableFuture.java:995)
	... 15 more
2022-07-24 15:57:05,790 [grpc-default-executor-9] WARN  server.GrpcLogAppender (LogUtils.java:warn(124)) - s0@group-1D117010C276->s2-AppendLogResponseHandler: Failed appendEntries
java.io.IOException: java.util.concurrent.RejectedExecutionException: Task java.util.concurrent.CompletableFuture$AsyncSupply@657855ae rejected from java.util.concurrent.ThreadPoolExecutor@5f803e53[Terminated, pool size = 0, active threads = 0, queued tasks = 0, completed tasks = 0]
	at org.apache.ratis.util.IOUtils.asIOException(IOUtils.java:56)
	at org.apache.ratis.grpc.GrpcUtil.tryUnwrapException(GrpcUtil.java:121)
	at org.apache.ratis.grpc.GrpcUtil.unwrapThrowable(GrpcUtil.java:82)
	at org.apache.ratis.grpc.GrpcUtil.warn(GrpcUtil.java:178)
	at org.apache.ratis.grpc.server.GrpcLogAppender$AppendLogResponseHandler.onError(GrpcLogAppender.java:378)
	at org.apache.ratis.thirdparty.io.grpc.stub.ClientCalls$StreamObserverToCallListenerAdapter.onClose(ClientCalls.java:479)
	at org.apache.ratis.thirdparty.io.grpc.internal.ClientCallImpl.closeObserver(ClientCallImpl.java:562)
	at org.apache.ratis.thirdparty.io.grpc.internal.ClientCallImpl.access$300(ClientCallImpl.java:70)
	at org.apache.ratis.thirdparty.io.grpc.internal.ClientCallImpl$ClientStreamListenerImpl$1StreamClosed.runInternal(ClientCallImpl.java:743)
	at org.apache.ratis.thirdparty.io.grpc.internal.ClientCallImpl$ClientStreamListenerImpl$1StreamClosed.runInContext(ClientCallImpl.java:722)
	at org.apache.ratis.thirdparty.io.grpc.internal.ContextRunnable.run(ContextRunnable.java:37)
	at org.apache.ratis.thirdparty.io.grpc.internal.SerializingExecutor.run(SerializingExecutor.java:133)
	at java.util.concurrent.ThreadPoolExecutor.runWorker(ThreadPoolExecutor.java:1149)
	at java.util.concurrent.ThreadPoolExecutor$Worker.run(ThreadPoolExecutor.java:624)
	at java.lang.Thread.run(Thread.java:750)
Caused by: java.util.concurrent.RejectedExecutionException: Task java.util.concurrent.CompletableFuture$AsyncSupply@657855ae rejected from java.util.concurrent.ThreadPoolExecutor@5f803e53[Terminated, pool size = 0, active threads = 0, queued tasks = 0, completed tasks = 0]
	at sun.reflect.GeneratedConstructorAccessor9.newInstance(Unknown Source)
	at sun.reflect.DelegatingConstructorAccessorImpl.newInstance(DelegatingConstructorAccessorImpl.java:45)
	at java.lang.reflect.Constructor.newInstance(Constructor.java:423)
	at org.apache.ratis.util.ReflectionUtils.instantiateException(ReflectionUtils.java:259)
	at org.apache.ratis.grpc.GrpcUtil.tryUnwrapException(GrpcUtil.java:120)
	... 13 more
Caused by: org.apache.ratis.thirdparty.io.grpc.StatusRuntimeException: INTERNAL: Task java.util.concurrent.CompletableFuture$AsyncSupply@657855ae rejected from java.util.concurrent.ThreadPoolExecutor@5f803e53[Terminated, pool size = 0, active threads = 0, queued tasks = 0, completed tasks = 0]
	at org.apache.ratis.thirdparty.io.grpc.Status.asRuntimeException(Status.java:535)
	... 10 more
	Suppressed: java.lang.IllegalStateException: Failed to cast to class java.io.IOException, object=java.util.concurrent.RejectedExecutionException: Task java.util.concurrent.CompletableFuture$AsyncSupply@657855ae rejected from java.util.concurrent.ThreadPoolExecutor@5f803e53[Terminated, pool size = 0, active threads = 0, queued tasks = 0, completed tasks = 0]
	at java.util.concurrent.ThreadPoolExecutor$AbortPolicy.rejectedExecution(ThreadPoolExecutor.java:2063)
	at java.util.concurrent.ThreadPoolExecutor.reject(ThreadPoolExecutor.java:830)
	at java.util.concurrent.ThreadPoolExecutor.execute(ThreadPoolExecutor.java:1379)
	at java.util.concurrent.CompletableFuture.asyncSupplyStage(CompletableFuture.java:1618)
	at java.util.concurrent.CompletableFuture.supplyAsync(CompletableFuture.java:1843)
	at org.apache.ratis.server.impl.RaftServerImpl.executeSubmitServerRequestAsync(RaftServerImpl.java:788)
	at org.apache.ratis.server.impl.RaftServerProxy.lambda$appendEntriesAsync$26(RaftServerProxy.java:622)
	at java.util.concurrent.CompletableFuture.uniComposeStage(CompletableFuture.java:995)
	at java.util.concurrent.CompletableFuture.thenCompose(CompletableFuture.java:2137)
	at org.apache.ratis.server.impl.RaftServerProxy.appendEntriesAsync(RaftServerProxy.java:622)
	at org.apache.ratis.grpc.server.GrpcServerProtocolService$1.process(GrpcServerProtocolService.java:207)
	at org.apache.ratis.grpc.server.GrpcServerProtocolService$1.process(GrpcServerProtocolService.java:204)
	at org.apache.ratis.grpc.server.GrpcServerProtocolService$ServerRequestStreamObserver.onNext(GrpcServerProtocolService.java:126)
	at org.apache.ratis.thirdparty.io.grpc.stub.ServerCalls$StreamingServerCallHandler$StreamingServerCallListener.onMessage(ServerCalls.java:262)
	at org.apache.ratis.thirdparty.io.grpc.ForwardingServerCallListener.onMessage(ForwardingServerCallListener.java:33)
	at org.apache.ratis.thirdparty.io.grpc.internal.ServerCallImpl$ServerStreamListenerImpl.messagesAvailableInternal(ServerCallImpl.java:318)
	at org.apache.ratis.thirdparty.io.grpc.internal.ServerCallImpl$ServerStreamListenerImpl.messagesAvailable(ServerCallImpl.java:301)
	at org.apache.ratis.thirdparty.io.grpc.internal.ServerImpl$JumpToApplicationThreadServerStreamListener$1MessagesAvailable.runInContext(ServerImpl.java:834)
	at org.apache.ratis.thirdparty.io.grpc.internal.ContextRunnable.run(ContextRunnable.java:37)
	at org.apache.ratis.thirdparty.io.grpc.internal.SerializingExecutor.run(SerializingExecutor.java:133)
	at java.util.concurrent.ThreadPoolExecutor.runWorker(ThreadPoolExecutor.java:1149)
	at java.util.concurrent.ThreadPoolExecutor$Worker.run(ThreadPoolExecutor.java:624)
	at java.lang.Thread.run(Thread.java:750)

		at org.apache.ratis.util.IOUtils.readObject(IOUtils.java:237)
		at org.apache.ratis.util.IOUtils.bytes2Object(IOUtils.java:214)
		at org.apache.ratis.grpc.GrpcUtil.tryUnwrapException(GrpcUtil.java:109)
		at org.apache.ratis.grpc.GrpcUtil.unwrapThrowable(GrpcUtil.java:82)
		at org.apache.ratis.grpc.GrpcUtil.warn(GrpcUtil.java:178)
		at org.apache.ratis.grpc.server.GrpcLogAppender$AppendLogResponseHandler.onError(GrpcLogAppender.java:378)
		... 10 more
	Caused by: java.lang.ClassCastException: Cannot cast java.util.concurrent.RejectedExecutionException to java.io.IOException
		at java.lang.Class.cast(Class.java:3369)
		at org.apache.ratis.util.IOUtils.readObject(IOUtils.java:234)
		... 15 more
2022-07-24 15:57:05,791 [grpc-default-executor-9] INFO  leader.FollowerInfo (FollowerInfoImpl.java:lambda$new$0(48)) - s0@group-1D117010C276->s2: nextIndex: updateUnconditionally 240 -> 199
2022-07-24 15:57:05,796 [s0@group-1D117010C276-StateMachineUpdater] INFO  statemachine.SimpleStateMachine4Testing (SimpleStateMachine4Testing.java:put(204)) - s0: put 239, m117 -> (t:2, i:239), STATEMACHINELOGENTRY, 503@client-6F86E1C52B91
2022-07-24 15:57:05,797 [s1-server-thread1] DEBUG raftlog.RaftLog (SegmentedRaftLog.java:appendImpl(447)) - truncateIndex=-1, arrayIndex=0
2022-07-24 15:57:05,797 [grpc-default-executor-2] WARN  server.GrpcServerProtocolService (LogUtils.java:warn(124)) - s2: Failed APPEND_ENTRIES request s0->s2#83-t2,previous=(t:1, i:198),leaderCommit=239,initializing? true,entries: size=42, first=(t:2, i:199), CONFIGURATIONENTRY(current:id: "s0"
address: "localhost:41145"
dataStreamAddress: "localhost:35053"
clientAddress: "localhost:40971"
adminAddress: "localhost:44949"
startupRole: FOLLOWER
,id: "s1"
address: "localhost:37813"
dataStreamAddress: "localhost:42861"
clientAddress: "localhost:42193"
adminAddress: "localhost:42655"
startupRole: FOLLOWER
,id: "s2"
address: "localhost:37241"
dataStreamAddress: "localhost:33751"
clientAddress: "localhost:34449"
adminAddress: "localhost:39099"
startupRole: FOLLOWER
, old:)
java.util.concurrent.CompletionException: java.util.concurrent.RejectedExecutionException: Task java.util.concurrent.CompletableFuture$AsyncSupply@2da540f1 rejected from java.util.concurrent.ThreadPoolExecutor@5f803e53[Terminated, pool size = 0, active threads = 0, queued tasks = 0, completed tasks = 0]
	at java.util.concurrent.CompletableFuture.encodeThrowable(CompletableFuture.java:273)
	at java.util.concurrent.CompletableFuture.uniComposeStage(CompletableFuture.java:1005)
	at java.util.concurrent.CompletableFuture.thenCompose(CompletableFuture.java:2137)
	at org.apache.ratis.server.impl.RaftServerProxy.appendEntriesAsync(RaftServerProxy.java:622)
	at org.apache.ratis.grpc.server.GrpcServerProtocolService$1.process(GrpcServerProtocolService.java:207)
	at org.apache.ratis.grpc.server.GrpcServerProtocolService$1.process(GrpcServerProtocolService.java:204)
	at org.apache.ratis.grpc.server.GrpcServerProtocolService$ServerRequestStreamObserver.onNext(GrpcServerProtocolService.java:126)
	at org.apache.ratis.thirdparty.io.grpc.stub.ServerCalls$StreamingServerCallHandler$StreamingServerCallListener.onMessage(ServerCalls.java:262)
	at org.apache.ratis.thirdparty.io.grpc.ForwardingServerCallListener.onMessage(ForwardingServerCallListener.java:33)
	at org.apache.ratis.thirdparty.io.grpc.internal.ServerCallImpl$ServerStreamListenerImpl.messagesAvailableInternal(ServerCallImpl.java:318)
	at org.apache.ratis.thirdparty.io.grpc.internal.ServerCallImpl$ServerStreamListenerImpl.messagesAvailable(ServerCallImpl.java:301)
	at org.apache.ratis.thirdparty.io.grpc.internal.ServerImpl$JumpToApplicationThreadServerStreamListener$1MessagesAvailable.runInContext(ServerImpl.java:834)
	at org.apache.ratis.thirdparty.io.grpc.internal.ContextRunnable.run(ContextRunnable.java:37)
	at org.apache.ratis.thirdparty.io.grpc.internal.SerializingExecutor.run(SerializingExecutor.java:133)
	at java.util.concurrent.ThreadPoolExecutor.runWorker(ThreadPoolExecutor.java:1149)
	at java.util.concurrent.ThreadPoolExecutor$Worker.run(ThreadPoolExecutor.java:624)
	at java.lang.Thread.run(Thread.java:750)
Caused by: java.util.concurrent.RejectedExecutionException: Task java.util.concurrent.CompletableFuture$AsyncSupply@2da540f1 rejected from java.util.concurrent.ThreadPoolExecutor@5f803e53[Terminated, pool size = 0, active threads = 0, queued tasks = 0, completed tasks = 0]
	at java.util.concurrent.ThreadPoolExecutor$AbortPolicy.rejectedExecution(ThreadPoolExecutor.java:2063)
	at java.util.concurrent.ThreadPoolExecutor.reject(ThreadPoolExecutor.java:830)
	at java.util.concurrent.ThreadPoolExecutor.execute(ThreadPoolExecutor.java:1379)
	at java.util.concurrent.CompletableFuture.asyncSupplyStage(CompletableFuture.java:1618)
	at java.util.concurrent.CompletableFuture.supplyAsync(CompletableFuture.java:1843)
	at org.apache.ratis.server.impl.RaftServerImpl.executeSubmitServerRequestAsync(RaftServerImpl.java:788)
	at org.apache.ratis.server.impl.RaftServerProxy.lambda$appendEntriesAsync$26(RaftServerProxy.java:622)
	at java.util.concurrent.CompletableFuture.uniComposeStage(CompletableFuture.java:995)
	... 15 more
2022-07-24 15:57:05,798 [grpc-default-executor-2] WARN  server.GrpcLogAppender (LogUtils.java:warn(124)) - s0@group-1D117010C276->s2-AppendLogResponseHandler: Failed appendEntries
java.io.IOException: java.util.concurrent.RejectedExecutionException: Task java.util.concurrent.CompletableFuture$AsyncSupply@2da540f1 rejected from java.util.concurrent.ThreadPoolExecutor@5f803e53[Terminated, pool size = 0, active threads = 0, queued tasks = 0, completed tasks = 0]
	at org.apache.ratis.util.IOUtils.asIOException(IOUtils.java:56)
	at org.apache.ratis.grpc.GrpcUtil.tryUnwrapException(GrpcUtil.java:121)
	at org.apache.ratis.grpc.GrpcUtil.unwrapThrowable(GrpcUtil.java:82)
	at org.apache.ratis.grpc.GrpcUtil.warn(GrpcUtil.java:178)
	at org.apache.ratis.grpc.server.GrpcLogAppender$AppendLogResponseHandler.onError(GrpcLogAppender.java:378)
	at org.apache.ratis.thirdparty.io.grpc.stub.ClientCalls$StreamObserverToCallListenerAdapter.onClose(ClientCalls.java:479)
	at org.apache.ratis.thirdparty.io.grpc.internal.ClientCallImpl.closeObserver(ClientCallImpl.java:562)
	at org.apache.ratis.thirdparty.io.grpc.internal.ClientCallImpl.access$300(ClientCallImpl.java:70)
	at org.apache.ratis.thirdparty.io.grpc.internal.ClientCallImpl$ClientStreamListenerImpl$1StreamClosed.runInternal(ClientCallImpl.java:743)
	at org.apache.ratis.thirdparty.io.grpc.internal.ClientCallImpl$ClientStreamListenerImpl$1StreamClosed.runInContext(ClientCallImpl.java:722)
	at org.apache.ratis.thirdparty.io.grpc.internal.ContextRunnable.run(ContextRunnable.java:37)
	at org.apache.ratis.thirdparty.io.grpc.internal.SerializingExecutor.run(SerializingExecutor.java:133)
	at java.util.concurrent.ThreadPoolExecutor.runWorker(ThreadPoolExecutor.java:1149)
	at java.util.concurrent.ThreadPoolExecutor$Worker.run(ThreadPoolExecutor.java:624)
	at java.lang.Thread.run(Thread.java:750)
Caused by: java.util.concurrent.RejectedExecutionException: Task java.util.concurrent.CompletableFuture$AsyncSupply@2da540f1 rejected from java.util.concurrent.ThreadPoolExecutor@5f803e53[Terminated, pool size = 0, active threads = 0, queued tasks = 0, completed tasks = 0]
	at sun.reflect.GeneratedConstructorAccessor9.newInstance(Unknown Source)
	at sun.reflect.DelegatingConstructorAccessorImpl.newInstance(DelegatingConstructorAccessorImpl.java:45)
	at java.lang.reflect.Constructor.newInstance(Constructor.java:423)
	at org.apache.ratis.util.ReflectionUtils.instantiateException(ReflectionUtils.java:259)
	at org.apache.ratis.grpc.GrpcUtil.tryUnwrapException(GrpcUtil.java:120)
	... 13 more
Caused by: org.apache.ratis.thirdparty.io.grpc.StatusRuntimeException: INTERNAL: Task java.util.concurrent.CompletableFuture$AsyncSupply@2da540f1 rejected from java.util.concurrent.ThreadPoolExecutor@5f803e53[Terminated, pool size = 0, active threads = 0, queued tasks = 0, completed tasks = 0]
	at org.apache.ratis.thirdparty.io.grpc.Status.asRuntimeException(Status.java:535)
	... 10 more
	Suppressed: java.lang.IllegalStateException: Failed to cast to class java.io.IOException, object=java.util.concurrent.RejectedExecutionException: Task java.util.concurrent.CompletableFuture$AsyncSupply@2da540f1 rejected from java.util.concurrent.ThreadPoolExecutor@5f803e53[Terminated, pool size = 0, active threads = 0, queued tasks = 0, completed tasks = 0]
	at java.util.concurrent.ThreadPoolExecutor$AbortPolicy.rejectedExecution(ThreadPoolExecutor.java:2063)
	at java.util.concurrent.ThreadPoolExecutor.reject(ThreadPoolExecutor.java:830)
	at java.util.concurrent.ThreadPoolExecutor.execute(ThreadPoolExecutor.java:1379)
	at java.util.concurrent.CompletableFuture.asyncSupplyStage(CompletableFuture.java:1618)
	at java.util.concurrent.CompletableFuture.supplyAsync(CompletableFuture.java:1843)
	at org.apache.ratis.server.impl.RaftServerImpl.executeSubmitServerRequestAsync(RaftServerImpl.java:788)
	at org.apache.ratis.server.impl.RaftServerProxy.lambda$appendEntriesAsync$26(RaftServerProxy.java:622)
	at java.util.concurrent.CompletableFuture.uniComposeStage(CompletableFuture.java:995)
	at java.util.concurrent.CompletableFuture.thenCompose(CompletableFuture.java:2137)
	at org.apache.ratis.server.impl.RaftServerProxy.appendEntriesAsync(RaftServerProxy.java:622)
	at org.apache.ratis.grpc.server.GrpcServerProtocolService$1.process(GrpcServerProtocolService.java:207)
	at org.apache.ratis.grpc.server.GrpcServerProtocolService$1.process(GrpcServerProtocolService.java:204)
	at org.apache.ratis.grpc.server.GrpcServerProtocolService$ServerRequestStreamObserver.onNext(GrpcServerProtocolService.java:126)
	at org.apache.ratis.thirdparty.io.grpc.stub.ServerCalls$StreamingServerCallHandler$StreamingServerCallListener.onMessage(ServerCalls.java:262)
	at org.apache.ratis.thirdparty.io.grpc.ForwardingServerCallListener.onMessage(ForwardingServerCallListener.java:33)
	at org.apache.ratis.thirdparty.io.grpc.internal.ServerCallImpl$ServerStreamListenerImpl.messagesAvailableInternal(ServerCallImpl.java:318)
	at org.apache.ratis.thirdparty.io.grpc.internal.ServerCallImpl$ServerStreamListenerImpl.messagesAvailable(ServerCallImpl.java:301)
	at org.apache.ratis.thirdparty.io.grpc.internal.ServerImpl$JumpToApplicationThreadServerStreamListener$1MessagesAvailable.runInContext(ServerImpl.java:834)
	at org.apache.ratis.thirdparty.io.grpc.internal.ContextRunnable.run(ContextRunnable.java:37)
	at org.apache.ratis.thirdparty.io.grpc.internal.SerializingExecutor.run(SerializingExecutor.java:133)
	at java.util.concurrent.ThreadPoolExecutor.runWorker(ThreadPoolExecutor.java:1149)
	at java.util.concurrent.ThreadPoolExecutor$Worker.run(ThreadPoolExecutor.java:624)
	at java.lang.Thread.run(Thread.java:750)

		at org.apache.ratis.util.IOUtils.readObject(IOUtils.java:237)
		at org.apache.ratis.util.IOUtils.bytes2Object(IOUtils.java:214)
		at org.apache.ratis.grpc.GrpcUtil.tryUnwrapException(GrpcUtil.java:109)
		at org.apache.ratis.grpc.GrpcUtil.unwrapThrowable(GrpcUtil.java:82)
		at org.apache.ratis.grpc.GrpcUtil.warn(GrpcUtil.java:178)
		at org.apache.ratis.grpc.server.GrpcLogAppender$AppendLogResponseHandler.onError(GrpcLogAppender.java:378)
		... 10 more
	Caused by: java.lang.ClassCastException: Cannot cast java.util.concurrent.RejectedExecutionException to java.io.IOException
		at java.lang.Class.cast(Class.java:3369)
		at org.apache.ratis.util.IOUtils.readObject(IOUtils.java:234)
		... 15 more
2022-07-24 15:57:05,798 [grpc-default-executor-2] INFO  leader.FollowerInfo (FollowerInfoImpl.java:lambda$new$0(48)) - s0@group-1D117010C276->s2: nextIndex: updateUnconditionally 241 -> 199
2022-07-24 15:57:05,799 [s1-server-thread1] DEBUG raftlog.RaftLog (SegmentedRaftLog.java:appendImpl(447)) - truncateIndex=-1, arrayIndex=0
2022-07-24 15:57:05,799 [grpc-default-executor-8] WARN  server.GrpcServerProtocolService (LogUtils.java:warn(124)) - s2: Failed APPEND_ENTRIES request s0->s2#84-t2,previous=(t:1, i:198),leaderCommit=239,initializing? true,entries: size=43, first=(t:2, i:199), CONFIGURATIONENTRY(current:id: "s0"
address: "localhost:41145"
dataStreamAddress: "localhost:35053"
clientAddress: "localhost:40971"
adminAddress: "localhost:44949"
startupRole: FOLLOWER
,id: "s1"
address: "localhost:37813"
dataStreamAddress: "localhost:42861"
clientAddress: "localhost:42193"
adminAddress: "localhost:42655"
startupRole: FOLLOWER
,id: "s2"
address: "localhost:37241"
dataStreamAddress: "localhost:33751"
clientAddress: "localhost:34449"
adminAddress: "localhost:39099"
startupRole: FOLLOWER
, old:)
java.util.concurrent.CompletionException: java.util.concurrent.RejectedExecutionException: Task java.util.concurrent.CompletableFuture$AsyncSupply@21e23e59 rejected from java.util.concurrent.ThreadPoolExecutor@5f803e53[Terminated, pool size = 0, active threads = 0, queued tasks = 0, completed tasks = 0]
	at java.util.concurrent.CompletableFuture.encodeThrowable(CompletableFuture.java:273)
	at java.util.concurrent.CompletableFuture.uniComposeStage(CompletableFuture.java:1005)
	at java.util.concurrent.CompletableFuture.thenCompose(CompletableFuture.java:2137)
	at org.apache.ratis.server.impl.RaftServerProxy.appendEntriesAsync(RaftServerProxy.java:622)
	at org.apache.ratis.grpc.server.GrpcServerProtocolService$1.process(GrpcServerProtocolService.java:207)
	at org.apache.ratis.grpc.server.GrpcServerProtocolService$1.process(GrpcServerProtocolService.java:204)
	at org.apache.ratis.grpc.server.GrpcServerProtocolService$ServerRequestStreamObserver.onNext(GrpcServerProtocolService.java:126)
	at org.apache.ratis.thirdparty.io.grpc.stub.ServerCalls$StreamingServerCallHandler$StreamingServerCallListener.onMessage(ServerCalls.java:262)
	at org.apache.ratis.thirdparty.io.grpc.ForwardingServerCallListener.onMessage(ForwardingServerCallListener.java:33)
	at org.apache.ratis.thirdparty.io.grpc.internal.ServerCallImpl$ServerStreamListenerImpl.messagesAvailableInternal(ServerCallImpl.java:318)
	at org.apache.ratis.thirdparty.io.grpc.internal.ServerCallImpl$ServerStreamListenerImpl.messagesAvailable(ServerCallImpl.java:301)
	at org.apache.ratis.thirdparty.io.grpc.internal.ServerImpl$JumpToApplicationThreadServerStreamListener$1MessagesAvailable.runInContext(ServerImpl.java:834)
	at org.apache.ratis.thirdparty.io.grpc.internal.ContextRunnable.run(ContextRunnable.java:37)
	at org.apache.ratis.thirdparty.io.grpc.internal.SerializingExecutor.run(SerializingExecutor.java:133)
	at java.util.concurrent.ThreadPoolExecutor.runWorker(ThreadPoolExecutor.java:1149)
	at java.util.concurrent.ThreadPoolExecutor$Worker.run(ThreadPoolExecutor.java:624)
	at java.lang.Thread.run(Thread.java:750)
Caused by: java.util.concurrent.RejectedExecutionException: Task java.util.concurrent.CompletableFuture$AsyncSupply@21e23e59 rejected from java.util.concurrent.ThreadPoolExecutor@5f803e53[Terminated, pool size = 0, active threads = 0, queued tasks = 0, completed tasks = 0]
	at java.util.concurrent.ThreadPoolExecutor$AbortPolicy.rejectedExecution(ThreadPoolExecutor.java:2063)
	at java.util.concurrent.ThreadPoolExecutor.reject(ThreadPoolExecutor.java:830)
	at java.util.concurrent.ThreadPoolExecutor.execute(ThreadPoolExecutor.java:1379)
	at java.util.concurrent.CompletableFuture.asyncSupplyStage(CompletableFuture.java:1618)
	at java.util.concurrent.CompletableFuture.supplyAsync(CompletableFuture.java:1843)
	at org.apache.ratis.server.impl.RaftServerImpl.executeSubmitServerRequestAsync(RaftServerImpl.java:788)
	at org.apache.ratis.server.impl.RaftServerProxy.lambda$appendEntriesAsync$26(RaftServerProxy.java:622)
	at java.util.concurrent.CompletableFuture.uniComposeStage(CompletableFuture.java:995)
	... 15 more
2022-07-24 15:57:05,800 [grpc-default-executor-8] WARN  server.GrpcLogAppender (LogUtils.java:warn(124)) - s0@group-1D117010C276->s2-AppendLogResponseHandler: Failed appendEntries
java.io.IOException: java.util.concurrent.RejectedExecutionException: Task java.util.concurrent.CompletableFuture$AsyncSupply@21e23e59 rejected from java.util.concurrent.ThreadPoolExecutor@5f803e53[Terminated, pool size = 0, active threads = 0, queued tasks = 0, completed tasks = 0]
	at org.apache.ratis.util.IOUtils.asIOException(IOUtils.java:56)
	at org.apache.ratis.grpc.GrpcUtil.tryUnwrapException(GrpcUtil.java:121)
	at org.apache.ratis.grpc.GrpcUtil.unwrapThrowable(GrpcUtil.java:82)
	at org.apache.ratis.grpc.GrpcUtil.warn(GrpcUtil.java:178)
	at org.apache.ratis.grpc.server.GrpcLogAppender$AppendLogResponseHandler.onError(GrpcLogAppender.java:378)
	at org.apache.ratis.thirdparty.io.grpc.stub.ClientCalls$StreamObserverToCallListenerAdapter.onClose(ClientCalls.java:479)
	at org.apache.ratis.thirdparty.io.grpc.internal.ClientCallImpl.closeObserver(ClientCallImpl.java:562)
	at org.apache.ratis.thirdparty.io.grpc.internal.ClientCallImpl.access$300(ClientCallImpl.java:70)
	at org.apache.ratis.thirdparty.io.grpc.internal.ClientCallImpl$ClientStreamListenerImpl$1StreamClosed.runInternal(ClientCallImpl.java:743)
	at org.apache.ratis.thirdparty.io.grpc.internal.ClientCallImpl$ClientStreamListenerImpl$1StreamClosed.runInContext(ClientCallImpl.java:722)
	at org.apache.ratis.thirdparty.io.grpc.internal.ContextRunnable.run(ContextRunnable.java:37)
	at org.apache.ratis.thirdparty.io.grpc.internal.SerializingExecutor.run(SerializingExecutor.java:133)
	at java.util.concurrent.ThreadPoolExecutor.runWorker(ThreadPoolExecutor.java:1149)
	at java.util.concurrent.ThreadPoolExecutor$Worker.run(ThreadPoolExecutor.java:624)
	at java.lang.Thread.run(Thread.java:750)
Caused by: java.util.concurrent.RejectedExecutionException: Task java.util.concurrent.CompletableFuture$AsyncSupply@21e23e59 rejected from java.util.concurrent.ThreadPoolExecutor@5f803e53[Terminated, pool size = 0, active threads = 0, queued tasks = 0, completed tasks = 0]
	at sun.reflect.GeneratedConstructorAccessor9.newInstance(Unknown Source)
	at sun.reflect.DelegatingConstructorAccessorImpl.newInstance(DelegatingConstructorAccessorImpl.java:45)
	at java.lang.reflect.Constructor.newInstance(Constructor.java:423)
	at org.apache.ratis.util.ReflectionUtils.instantiateException(ReflectionUtils.java:259)
	at org.apache.ratis.grpc.GrpcUtil.tryUnwrapException(GrpcUtil.java:120)
	... 13 more
Caused by: org.apache.ratis.thirdparty.io.grpc.StatusRuntimeException: INTERNAL: Task java.util.concurrent.CompletableFuture$AsyncSupply@21e23e59 rejected from java.util.concurrent.ThreadPoolExecutor@5f803e53[Terminated, pool size = 0, active threads = 0, queued tasks = 0, completed tasks = 0]
	at org.apache.ratis.thirdparty.io.grpc.Status.asRuntimeException(Status.java:535)
	... 10 more
	Suppressed: java.lang.IllegalStateException: Failed to cast to class java.io.IOException, object=java.util.concurrent.RejectedExecutionException: Task java.util.concurrent.CompletableFuture$AsyncSupply@21e23e59 rejected from java.util.concurrent.ThreadPoolExecutor@5f803e53[Terminated, pool size = 0, active threads = 0, queued tasks = 0, completed tasks = 0]
	at java.util.concurrent.ThreadPoolExecutor$AbortPolicy.rejectedExecution(ThreadPoolExecutor.java:2063)
	at java.util.concurrent.ThreadPoolExecutor.reject(ThreadPoolExecutor.java:830)
	at java.util.concurrent.ThreadPoolExecutor.execute(ThreadPoolExecutor.java:1379)
	at java.util.concurrent.CompletableFuture.asyncSupplyStage(CompletableFuture.java:1618)
	at java.util.concurrent.CompletableFuture.supplyAsync(CompletableFuture.java:1843)
	at org.apache.ratis.server.impl.RaftServerImpl.executeSubmitServerRequestAsync(RaftServerImpl.java:788)
	at org.apache.ratis.server.impl.RaftServerProxy.lambda$appendEntriesAsync$26(RaftServerProxy.java:622)
	at java.util.concurrent.CompletableFuture.uniComposeStage(CompletableFuture.java:995)
	at java.util.concurrent.CompletableFuture.thenCompose(CompletableFuture.java:2137)
	at org.apache.ratis.server.impl.RaftServerProxy.appendEntriesAsync(RaftServerProxy.java:622)
	at org.apache.ratis.grpc.server.GrpcServerProtocolService$1.process(GrpcServerProtocolService.java:207)
	at org.apache.ratis.grpc.server.GrpcServerProtocolService$1.process(GrpcServerProtocolService.java:204)
	at org.apache.ratis.grpc.server.GrpcServerProtocolService$ServerRequestStreamObserver.onNext(GrpcServerProtocolService.java:126)
	at org.apache.ratis.thirdparty.io.grpc.stub.ServerCalls$StreamingServerCallHandler$StreamingServerCallListener.onMessage(ServerCalls.java:262)
	at org.apache.ratis.thirdparty.io.grpc.ForwardingServerCallListener.onMessage(ForwardingServerCallListener.java:33)
	at org.apache.ratis.thirdparty.io.grpc.internal.ServerCallImpl$ServerStreamListenerImpl.messagesAvailableInternal(ServerCallImpl.java:318)
	at org.apache.ratis.thirdparty.io.grpc.internal.ServerCallImpl$ServerStreamListenerImpl.messagesAvailable(ServerCallImpl.java:301)
	at org.apache.ratis.thirdparty.io.grpc.internal.ServerImpl$JumpToApplicationThreadServerStreamListener$1MessagesAvailable.runInContext(ServerImpl.java:834)
	at org.apache.ratis.thirdparty.io.grpc.internal.ContextRunnable.run(ContextRunnable.java:37)
	at org.apache.ratis.thirdparty.io.grpc.internal.SerializingExecutor.run(SerializingExecutor.java:133)
	at java.util.concurrent.ThreadPoolExecutor.runWorker(ThreadPoolExecutor.java:1149)
	at java.util.concurrent.ThreadPoolExecutor$Worker.run(ThreadPoolExecutor.java:624)
	at java.lang.Thread.run(Thread.java:750)

		at org.apache.ratis.util.IOUtils.readObject(IOUtils.java:237)
		at org.apache.ratis.util.IOUtils.bytes2Object(IOUtils.java:214)
		at org.apache.ratis.grpc.GrpcUtil.tryUnwrapException(GrpcUtil.java:109)
		at org.apache.ratis.grpc.GrpcUtil.unwrapThrowable(GrpcUtil.java:82)
		at org.apache.ratis.grpc.GrpcUtil.warn(GrpcUtil.java:178)
		at org.apache.ratis.grpc.server.GrpcLogAppender$AppendLogResponseHandler.onError(GrpcLogAppender.java:378)
		... 10 more
	Caused by: java.lang.ClassCastException: Cannot cast java.util.concurrent.RejectedExecutionException to java.io.IOException
		at java.lang.Class.cast(Class.java:3369)
		at org.apache.ratis.util.IOUtils.readObject(IOUtils.java:234)
		... 15 more
2022-07-24 15:57:05,801 [grpc-default-executor-8] INFO  leader.FollowerInfo (FollowerInfoImpl.java:lambda$new$0(48)) - s0@group-1D117010C276->s2: nextIndex: updateUnconditionally 242 -> 199
2022-07-24 15:57:05,808 [s1@group-1D117010C276-StateMachineUpdater] INFO  statemachine.SimpleStateMachine4Testing (SimpleStateMachine4Testing.java:put(204)) - s1: put 239, m117 -> (t:2, i:239), STATEMACHINELOGENTRY, 503@client-6F86E1C52B91
2022-07-24 15:57:05,809 [grpc-default-executor-2] WARN  server.GrpcServerProtocolService (LogUtils.java:warn(124)) - s2: Failed APPEND_ENTRIES request s0->s2#85-t2,previous=(t:1, i:198),leaderCommit=239,initializing? true,entries: size=43, first=(t:2, i:199), CONFIGURATIONENTRY(current:id: "s0"
address: "localhost:41145"
dataStreamAddress: "localhost:35053"
clientAddress: "localhost:40971"
adminAddress: "localhost:44949"
startupRole: FOLLOWER
,id: "s1"
address: "localhost:37813"
dataStreamAddress: "localhost:42861"
clientAddress: "localhost:42193"
adminAddress: "localhost:42655"
startupRole: FOLLOWER
,id: "s2"
address: "localhost:37241"
dataStreamAddress: "localhost:33751"
clientAddress: "localhost:34449"
adminAddress: "localhost:39099"
startupRole: FOLLOWER
, old:)
java.util.concurrent.CompletionException: java.util.concurrent.RejectedExecutionException: Task java.util.concurrent.CompletableFuture$AsyncSupply@7b804cb3 rejected from java.util.concurrent.ThreadPoolExecutor@5f803e53[Terminated, pool size = 0, active threads = 0, queued tasks = 0, completed tasks = 0]
	at java.util.concurrent.CompletableFuture.encodeThrowable(CompletableFuture.java:273)
	at java.util.concurrent.CompletableFuture.uniComposeStage(CompletableFuture.java:1005)
	at java.util.concurrent.CompletableFuture.thenCompose(CompletableFuture.java:2137)
	at org.apache.ratis.server.impl.RaftServerProxy.appendEntriesAsync(RaftServerProxy.java:622)
	at org.apache.ratis.grpc.server.GrpcServerProtocolService$1.process(GrpcServerProtocolService.java:207)
	at org.apache.ratis.grpc.server.GrpcServerProtocolService$1.process(GrpcServerProtocolService.java:204)
	at org.apache.ratis.grpc.server.GrpcServerProtocolService$ServerRequestStreamObserver.onNext(GrpcServerProtocolService.java:126)
	at org.apache.ratis.thirdparty.io.grpc.stub.ServerCalls$StreamingServerCallHandler$StreamingServerCallListener.onMessage(ServerCalls.java:262)
	at org.apache.ratis.thirdparty.io.grpc.ForwardingServerCallListener.onMessage(ForwardingServerCallListener.java:33)
	at org.apache.ratis.thirdparty.io.grpc.internal.ServerCallImpl$ServerStreamListenerImpl.messagesAvailableInternal(ServerCallImpl.java:318)
	at org.apache.ratis.thirdparty.io.grpc.internal.ServerCallImpl$ServerStreamListenerImpl.messagesAvailable(ServerCallImpl.java:301)
	at org.apache.ratis.thirdparty.io.grpc.internal.ServerImpl$JumpToApplicationThreadServerStreamListener$1MessagesAvailable.runInContext(ServerImpl.java:834)
	at org.apache.ratis.thirdparty.io.grpc.internal.ContextRunnable.run(ContextRunnable.java:37)
	at org.apache.ratis.thirdparty.io.grpc.internal.SerializingExecutor.run(SerializingExecutor.java:133)
	at java.util.concurrent.ThreadPoolExecutor.runWorker(ThreadPoolExecutor.java:1149)
	at java.util.concurrent.ThreadPoolExecutor$Worker.run(ThreadPoolExecutor.java:624)
	at java.lang.Thread.run(Thread.java:750)
Caused by: java.util.concurrent.RejectedExecutionException: Task java.util.concurrent.CompletableFuture$AsyncSupply@7b804cb3 rejected from java.util.concurrent.ThreadPoolExecutor@5f803e53[Terminated, pool size = 0, active threads = 0, queued tasks = 0, completed tasks = 0]
	at java.util.concurrent.ThreadPoolExecutor$AbortPolicy.rejectedExecution(ThreadPoolExecutor.java:2063)
	at java.util.concurrent.ThreadPoolExecutor.reject(ThreadPoolExecutor.java:830)
	at java.util.concurrent.ThreadPoolExecutor.execute(ThreadPoolExecutor.java:1379)
	at java.util.concurrent.CompletableFuture.asyncSupplyStage(CompletableFuture.java:1618)
	at java.util.concurrent.CompletableFuture.supplyAsync(CompletableFuture.java:1843)
	at org.apache.ratis.server.impl.RaftServerImpl.executeSubmitServerRequestAsync(RaftServerImpl.java:788)
	at org.apache.ratis.server.impl.RaftServerProxy.lambda$appendEntriesAsync$26(RaftServerProxy.java:622)
	at java.util.concurrent.CompletableFuture.uniComposeStage(CompletableFuture.java:995)
	... 15 more
2022-07-24 15:57:05,810 [grpc-default-executor-2] WARN  server.GrpcLogAppender (LogUtils.java:warn(124)) - s0@group-1D117010C276->s2-AppendLogResponseHandler: Failed appendEntries
java.io.IOException: java.util.concurrent.RejectedExecutionException: Task java.util.concurrent.CompletableFuture$AsyncSupply@7b804cb3 rejected from java.util.concurrent.ThreadPoolExecutor@5f803e53[Terminated, pool size = 0, active threads = 0, queued tasks = 0, completed tasks = 0]
	at org.apache.ratis.util.IOUtils.asIOException(IOUtils.java:56)
	at org.apache.ratis.grpc.GrpcUtil.tryUnwrapException(GrpcUtil.java:121)
	at org.apache.ratis.grpc.GrpcUtil.unwrapThrowable(GrpcUtil.java:82)
	at org.apache.ratis.grpc.GrpcUtil.warn(GrpcUtil.java:178)
	at org.apache.ratis.grpc.server.GrpcLogAppender$AppendLogResponseHandler.onError(GrpcLogAppender.java:378)
	at org.apache.ratis.thirdparty.io.grpc.stub.ClientCalls$StreamObserverToCallListenerAdapter.onClose(ClientCalls.java:479)
	at org.apache.ratis.thirdparty.io.grpc.internal.ClientCallImpl.closeObserver(ClientCallImpl.java:562)
	at org.apache.ratis.thirdparty.io.grpc.internal.ClientCallImpl.access$300(ClientCallImpl.java:70)
	at org.apache.ratis.thirdparty.io.grpc.internal.ClientCallImpl$ClientStreamListenerImpl$1StreamClosed.runInternal(ClientCallImpl.java:743)
	at org.apache.ratis.thirdparty.io.grpc.internal.ClientCallImpl$ClientStreamListenerImpl$1StreamClosed.runInContext(ClientCallImpl.java:722)
	at org.apache.ratis.thirdparty.io.grpc.internal.ContextRunnable.run(ContextRunnable.java:37)
	at org.apache.ratis.thirdparty.io.grpc.internal.SerializingExecutor.run(SerializingExecutor.java:133)
	at java.util.concurrent.ThreadPoolExecutor.runWorker(ThreadPoolExecutor.java:1149)
	at java.util.concurrent.ThreadPoolExecutor$Worker.run(ThreadPoolExecutor.java:624)
	at java.lang.Thread.run(Thread.java:750)
Caused by: java.util.concurrent.RejectedExecutionException: Task java.util.concurrent.CompletableFuture$AsyncSupply@7b804cb3 rejected from java.util.concurrent.ThreadPoolExecutor@5f803e53[Terminated, pool size = 0, active threads = 0, queued tasks = 0, completed tasks = 0]
	at sun.reflect.GeneratedConstructorAccessor9.newInstance(Unknown Source)
	at sun.reflect.DelegatingConstructorAccessorImpl.newInstance(DelegatingConstructorAccessorImpl.java:45)
	at java.lang.reflect.Constructor.newInstance(Constructor.java:423)
	at org.apache.ratis.util.ReflectionUtils.instantiateException(ReflectionUtils.java:259)
	at org.apache.ratis.grpc.GrpcUtil.tryUnwrapException(GrpcUtil.java:120)
	... 13 more
Caused by: org.apache.ratis.thirdparty.io.grpc.StatusRuntimeException: INTERNAL: Task java.util.concurrent.CompletableFuture$AsyncSupply@7b804cb3 rejected from java.util.concurrent.ThreadPoolExecutor@5f803e53[Terminated, pool size = 0, active threads = 0, queued tasks = 0, completed tasks = 0]
	at org.apache.ratis.thirdparty.io.grpc.Status.asRuntimeException(Status.java:535)
	... 10 more
	Suppressed: java.lang.IllegalStateException: Failed to cast to class java.io.IOException, object=java.util.concurrent.RejectedExecutionException: Task java.util.concurrent.CompletableFuture$AsyncSupply@7b804cb3 rejected from java.util.concurrent.ThreadPoolExecutor@5f803e53[Terminated, pool size = 0, active threads = 0, queued tasks = 0, completed tasks = 0]
	at java.util.concurrent.ThreadPoolExecutor$AbortPolicy.rejectedExecution(ThreadPoolExecutor.java:2063)
	at java.util.concurrent.ThreadPoolExecutor.reject(ThreadPoolExecutor.java:830)
	at java.util.concurrent.ThreadPoolExecutor.execute(ThreadPoolExecutor.java:1379)
	at java.util.concurrent.CompletableFuture.asyncSupplyStage(CompletableFuture.java:1618)
	at java.util.concurrent.CompletableFuture.supplyAsync(CompletableFuture.java:1843)
	at org.apache.ratis.server.impl.RaftServerImpl.executeSubmitServerRequestAsync(RaftServerImpl.java:788)
	at org.apache.ratis.server.impl.RaftServerProxy.lambda$appendEntriesAsync$26(RaftServerProxy.java:622)
	at java.util.concurrent.CompletableFuture.uniComposeStage(CompletableFuture.java:995)
	at java.util.concurrent.CompletableFuture.thenCompose(CompletableFuture.java:2137)
	at org.apache.ratis.server.impl.RaftServerProxy.appendEntriesAsync(RaftServerProxy.java:622)
	at org.apache.ratis.grpc.server.GrpcServerProtocolService$1.process(GrpcServerProtocolService.java:207)
	at org.apache.ratis.grpc.server.GrpcServerProtocolService$1.process(GrpcServerProtocolService.java:204)
	at org.apache.ratis.grpc.server.GrpcServerProtocolService$ServerRequestStreamObserver.onNext(GrpcServerProtocolService.java:126)
	at org.apache.ratis.thirdparty.io.grpc.stub.ServerCalls$StreamingServerCallHandler$StreamingServerCallListener.onMessage(ServerCalls.java:262)
	at org.apache.ratis.thirdparty.io.grpc.ForwardingServerCallListener.onMessage(ForwardingServerCallListener.java:33)
	at org.apache.ratis.thirdparty.io.grpc.internal.ServerCallImpl$ServerStreamListenerImpl.messagesAvailableInternal(ServerCallImpl.java:318)
	at org.apache.ratis.thirdparty.io.grpc.internal.ServerCallImpl$ServerStreamListenerImpl.messagesAvailable(ServerCallImpl.java:301)
	at org.apache.ratis.thirdparty.io.grpc.internal.ServerImpl$JumpToApplicationThreadServerStreamListener$1MessagesAvailable.runInContext(ServerImpl.java:834)
	at org.apache.ratis.thirdparty.io.grpc.internal.ContextRunnable.run(ContextRunnable.java:37)
	at org.apache.ratis.thirdparty.io.grpc.internal.SerializingExecutor.run(SerializingExecutor.java:133)
	at java.util.concurrent.ThreadPoolExecutor.runWorker(ThreadPoolExecutor.java:1149)
	at java.util.concurrent.ThreadPoolExecutor$Worker.run(ThreadPoolExecutor.java:624)
	at java.lang.Thread.run(Thread.java:750)

		at org.apache.ratis.util.IOUtils.readObject(IOUtils.java:237)
		at org.apache.ratis.util.IOUtils.bytes2Object(IOUtils.java:214)
		at org.apache.ratis.grpc.GrpcUtil.tryUnwrapException(GrpcUtil.java:109)
		at org.apache.ratis.grpc.GrpcUtil.unwrapThrowable(GrpcUtil.java:82)
		at org.apache.ratis.grpc.GrpcUtil.warn(GrpcUtil.java:178)
		at org.apache.ratis.grpc.server.GrpcLogAppender$AppendLogResponseHandler.onError(GrpcLogAppender.java:378)
		... 10 more
	Caused by: java.lang.ClassCastException: Cannot cast java.util.concurrent.RejectedExecutionException to java.io.IOException
		at java.lang.Class.cast(Class.java:3369)
		at org.apache.ratis.util.IOUtils.readObject(IOUtils.java:234)
		... 15 more
2022-07-24 15:57:05,811 [grpc-default-executor-2] INFO  leader.FollowerInfo (FollowerInfoImpl.java:lambda$new$0(48)) - s0@group-1D117010C276->s2: nextIndex: updateUnconditionally 242 -> 199
2022-07-24 15:57:05,819 [s0@group-1D117010C276-StateMachineUpdater] INFO  statemachine.SimpleStateMachine4Testing (SimpleStateMachine4Testing.java:put(204)) - s0: put 241, m118 -> (t:2, i:241), STATEMACHINELOGENTRY, 504@client-6F86E1C52B91
2022-07-24 15:57:05,820 [s1-server-thread1] DEBUG raftlog.RaftLog (SegmentedRaftLog.java:appendImpl(447)) - truncateIndex=-1, arrayIndex=0
2022-07-24 15:57:05,820 [grpc-default-executor-8] WARN  server.GrpcServerProtocolService (LogUtils.java:warn(124)) - s2: Failed APPEND_ENTRIES request s0->s2#87-t2,previous=(t:1, i:198),leaderCommit=241,initializing? true,entries: size=44, first=(t:2, i:199), CONFIGURATIONENTRY(current:id: "s0"
address: "localhost:41145"
dataStreamAddress: "localhost:35053"
clientAddress: "localhost:40971"
adminAddress: "localhost:44949"
startupRole: FOLLOWER
,id: "s1"
address: "localhost:37813"
dataStreamAddress: "localhost:42861"
clientAddress: "localhost:42193"
adminAddress: "localhost:42655"
startupRole: FOLLOWER
,id: "s2"
address: "localhost:37241"
dataStreamAddress: "localhost:33751"
clientAddress: "localhost:34449"
adminAddress: "localhost:39099"
startupRole: FOLLOWER
, old:)
java.util.concurrent.CompletionException: java.util.concurrent.RejectedExecutionException: Task java.util.concurrent.CompletableFuture$AsyncSupply@4479703e rejected from java.util.concurrent.ThreadPoolExecutor@5f803e53[Terminated, pool size = 0, active threads = 0, queued tasks = 0, completed tasks = 0]
	at java.util.concurrent.CompletableFuture.encodeThrowable(CompletableFuture.java:273)
	at java.util.concurrent.CompletableFuture.uniComposeStage(CompletableFuture.java:1005)
	at java.util.concurrent.CompletableFuture.thenCompose(CompletableFuture.java:2137)
	at org.apache.ratis.server.impl.RaftServerProxy.appendEntriesAsync(RaftServerProxy.java:622)
	at org.apache.ratis.grpc.server.GrpcServerProtocolService$1.process(GrpcServerProtocolService.java:207)
	at org.apache.ratis.grpc.server.GrpcServerProtocolService$1.process(GrpcServerProtocolService.java:204)
	at org.apache.ratis.grpc.server.GrpcServerProtocolService$ServerRequestStreamObserver.onNext(GrpcServerProtocolService.java:126)
	at org.apache.ratis.thirdparty.io.grpc.stub.ServerCalls$StreamingServerCallHandler$StreamingServerCallListener.onMessage(ServerCalls.java:262)
	at org.apache.ratis.thirdparty.io.grpc.ForwardingServerCallListener.onMessage(ForwardingServerCallListener.java:33)
	at org.apache.ratis.thirdparty.io.grpc.internal.ServerCallImpl$ServerStreamListenerImpl.messagesAvailableInternal(ServerCallImpl.java:318)
	at org.apache.ratis.thirdparty.io.grpc.internal.ServerCallImpl$ServerStreamListenerImpl.messagesAvailable(ServerCallImpl.java:301)
	at org.apache.ratis.thirdparty.io.grpc.internal.ServerImpl$JumpToApplicationThreadServerStreamListener$1MessagesAvailable.runInContext(ServerImpl.java:834)
	at org.apache.ratis.thirdparty.io.grpc.internal.ContextRunnable.run(ContextRunnable.java:37)
	at org.apache.ratis.thirdparty.io.grpc.internal.SerializingExecutor.run(SerializingExecutor.java:133)
	at java.util.concurrent.ThreadPoolExecutor.runWorker(ThreadPoolExecutor.java:1149)
	at java.util.concurrent.ThreadPoolExecutor$Worker.run(ThreadPoolExecutor.java:624)
	at java.lang.Thread.run(Thread.java:750)
Caused by: java.util.concurrent.RejectedExecutionException: Task java.util.concurrent.CompletableFuture$AsyncSupply@4479703e rejected from java.util.concurrent.ThreadPoolExecutor@5f803e53[Terminated, pool size = 0, active threads = 0, queued tasks = 0, completed tasks = 0]
	at java.util.concurrent.ThreadPoolExecutor$AbortPolicy.rejectedExecution(ThreadPoolExecutor.java:2063)
	at java.util.concurrent.ThreadPoolExecutor.reject(ThreadPoolExecutor.java:830)
	at java.util.concurrent.ThreadPoolExecutor.execute(ThreadPoolExecutor.java:1379)
	at java.util.concurrent.CompletableFuture.asyncSupplyStage(CompletableFuture.java:1618)
	at java.util.concurrent.CompletableFuture.supplyAsync(CompletableFuture.java:1843)
	at org.apache.ratis.server.impl.RaftServerImpl.executeSubmitServerRequestAsync(RaftServerImpl.java:788)
	at org.apache.ratis.server.impl.RaftServerProxy.lambda$appendEntriesAsync$26(RaftServerProxy.java:622)
	at java.util.concurrent.CompletableFuture.uniComposeStage(CompletableFuture.java:995)
	... 15 more
2022-07-24 15:57:05,824 [grpc-default-executor-8] WARN  server.GrpcLogAppender (LogUtils.java:warn(124)) - s0@group-1D117010C276->s2-AppendLogResponseHandler: Failed appendEntries
java.io.IOException: java.util.concurrent.RejectedExecutionException: Task java.util.concurrent.CompletableFuture$AsyncSupply@4479703e rejected from java.util.concurrent.ThreadPoolExecutor@5f803e53[Terminated, pool size = 0, active threads = 0, queued tasks = 0, completed tasks = 0]
	at org.apache.ratis.util.IOUtils.asIOException(IOUtils.java:56)
	at org.apache.ratis.grpc.GrpcUtil.tryUnwrapException(GrpcUtil.java:121)
	at org.apache.ratis.grpc.GrpcUtil.unwrapThrowable(GrpcUtil.java:82)
	at org.apache.ratis.grpc.GrpcUtil.warn(GrpcUtil.java:178)
	at org.apache.ratis.grpc.server.GrpcLogAppender$AppendLogResponseHandler.onError(GrpcLogAppender.java:378)
	at org.apache.ratis.thirdparty.io.grpc.stub.ClientCalls$StreamObserverToCallListenerAdapter.onClose(ClientCalls.java:479)
	at org.apache.ratis.thirdparty.io.grpc.internal.ClientCallImpl.closeObserver(ClientCallImpl.java:562)
	at org.apache.ratis.thirdparty.io.grpc.internal.ClientCallImpl.access$300(ClientCallImpl.java:70)
	at org.apache.ratis.thirdparty.io.grpc.internal.ClientCallImpl$ClientStreamListenerImpl$1StreamClosed.runInternal(ClientCallImpl.java:743)
	at org.apache.ratis.thirdparty.io.grpc.internal.ClientCallImpl$ClientStreamListenerImpl$1StreamClosed.runInContext(ClientCallImpl.java:722)
	at org.apache.ratis.thirdparty.io.grpc.internal.ContextRunnable.run(ContextRunnable.java:37)
	at org.apache.ratis.thirdparty.io.grpc.internal.SerializingExecutor.run(SerializingExecutor.java:133)
	at java.util.concurrent.ThreadPoolExecutor.runWorker(ThreadPoolExecutor.java:1149)
	at java.util.concurrent.ThreadPoolExecutor$Worker.run(ThreadPoolExecutor.java:624)
	at java.lang.Thread.run(Thread.java:750)
Caused by: java.util.concurrent.RejectedExecutionException: Task java.util.concurrent.CompletableFuture$AsyncSupply@4479703e rejected from java.util.concurrent.ThreadPoolExecutor@5f803e53[Terminated, pool size = 0, active threads = 0, queued tasks = 0, completed tasks = 0]
	at sun.reflect.GeneratedConstructorAccessor9.newInstance(Unknown Source)
	at sun.reflect.DelegatingConstructorAccessorImpl.newInstance(DelegatingConstructorAccessorImpl.java:45)
	at java.lang.reflect.Constructor.newInstance(Constructor.java:423)
	at org.apache.ratis.util.ReflectionUtils.instantiateException(ReflectionUtils.java:259)
	at org.apache.ratis.grpc.GrpcUtil.tryUnwrapException(GrpcUtil.java:120)
	... 13 more
Caused by: org.apache.ratis.thirdparty.io.grpc.StatusRuntimeException: INTERNAL: Task java.util.concurrent.CompletableFuture$AsyncSupply@4479703e rejected from java.util.concurrent.ThreadPoolExecutor@5f803e53[Terminated, pool size = 0, active threads = 0, queued tasks = 0, completed tasks = 0]
	at org.apache.ratis.thirdparty.io.grpc.Status.asRuntimeException(Status.java:535)
	... 10 more
	Suppressed: java.lang.IllegalStateException: Failed to cast to class java.io.IOException, object=java.util.concurrent.RejectedExecutionException: Task java.util.concurrent.CompletableFuture$AsyncSupply@4479703e rejected from java.util.concurrent.ThreadPoolExecutor@5f803e53[Terminated, pool size = 0, active threads = 0, queued tasks = 0, completed tasks = 0]
	at java.util.concurrent.ThreadPoolExecutor$AbortPolicy.rejectedExecution(ThreadPoolExecutor.java:2063)
	at java.util.concurrent.ThreadPoolExecutor.reject(ThreadPoolExecutor.java:830)
	at java.util.concurrent.ThreadPoolExecutor.execute(ThreadPoolExecutor.java:1379)
	at java.util.concurrent.CompletableFuture.asyncSupplyStage(CompletableFuture.java:1618)
	at java.util.concurrent.CompletableFuture.supplyAsync(CompletableFuture.java:1843)
	at org.apache.ratis.server.impl.RaftServerImpl.executeSubmitServerRequestAsync(RaftServerImpl.java:788)
	at org.apache.ratis.server.impl.RaftServerProxy.lambda$appendEntriesAsync$26(RaftServerProxy.java:622)
	at java.util.concurrent.CompletableFuture.uniComposeStage(CompletableFuture.java:995)
	at java.util.concurrent.CompletableFuture.thenCompose(CompletableFuture.java:2137)
	at org.apache.ratis.server.impl.RaftServerProxy.appendEntriesAsync(RaftServerProxy.java:622)
	at org.apache.ratis.grpc.server.GrpcServerProtocolService$1.process(GrpcServerProtocolService.java:207)
	at org.apache.ratis.grpc.server.GrpcServerProtocolService$1.process(GrpcServerProtocolService.java:204)
	at org.apache.ratis.grpc.server.GrpcServerProtocolService$ServerRequestStreamObserver.onNext(GrpcServerProtocolService.java:126)
	at org.apache.ratis.thirdparty.io.grpc.stub.ServerCalls$StreamingServerCallHandler$StreamingServerCallListener.onMessage(ServerCalls.java:262)
	at org.apache.ratis.thirdparty.io.grpc.ForwardingServerCallListener.onMessage(ForwardingServerCallListener.java:33)
	at org.apache.ratis.thirdparty.io.grpc.internal.ServerCallImpl$ServerStreamListenerImpl.messagesAvailableInternal(ServerCallImpl.java:318)
	at org.apache.ratis.thirdparty.io.grpc.internal.ServerCallImpl$ServerStreamListenerImpl.messagesAvailable(ServerCallImpl.java:301)
	at org.apache.ratis.thirdparty.io.grpc.internal.ServerImpl$JumpToApplicationThreadServerStreamListener$1MessagesAvailable.runInContext(ServerImpl.java:834)
	at org.apache.ratis.thirdparty.io.grpc.internal.ContextRunnable.run(ContextRunnable.java:37)
	at org.apache.ratis.thirdparty.io.grpc.internal.SerializingExecutor.run(SerializingExecutor.java:133)
	at java.util.concurrent.ThreadPoolExecutor.runWorker(ThreadPoolExecutor.java:1149)
	at java.util.concurrent.ThreadPoolExecutor$Worker.run(ThreadPoolExecutor.java:624)
	at java.lang.Thread.run(Thread.java:750)

		at org.apache.ratis.util.IOUtils.readObject(IOUtils.java:237)
		at org.apache.ratis.util.IOUtils.bytes2Object(IOUtils.java:214)
		at org.apache.ratis.grpc.GrpcUtil.tryUnwrapException(GrpcUtil.java:109)
		at org.apache.ratis.grpc.GrpcUtil.unwrapThrowable(GrpcUtil.java:82)
		at org.apache.ratis.grpc.GrpcUtil.warn(GrpcUtil.java:178)
		at org.apache.ratis.grpc.server.GrpcLogAppender$AppendLogResponseHandler.onError(GrpcLogAppender.java:378)
		... 10 more
	Caused by: java.lang.ClassCastException: Cannot cast java.util.concurrent.RejectedExecutionException to java.io.IOException
		at java.lang.Class.cast(Class.java:3369)
		at org.apache.ratis.util.IOUtils.readObject(IOUtils.java:234)
		... 15 more
2022-07-24 15:57:05,824 [grpc-default-executor-8] INFO  leader.FollowerInfo (FollowerInfoImpl.java:lambda$new$0(48)) - s0@group-1D117010C276->s2: nextIndex: updateUnconditionally 243 -> 199
2022-07-24 15:57:05,825 [s1-server-thread1] DEBUG raftlog.RaftLog (SegmentedRaftLog.java:appendImpl(447)) - truncateIndex=-1, arrayIndex=0
2022-07-24 15:57:05,826 [grpc-default-executor-2] WARN  server.GrpcServerProtocolService (LogUtils.java:warn(124)) - s2: Failed APPEND_ENTRIES request s0->s2#88-t2,previous=(t:1, i:198),leaderCommit=241,initializing? true,entries: size=45, first=(t:2, i:199), CONFIGURATIONENTRY(current:id: "s0"
address: "localhost:41145"
dataStreamAddress: "localhost:35053"
clientAddress: "localhost:40971"
adminAddress: "localhost:44949"
startupRole: FOLLOWER
,id: "s1"
address: "localhost:37813"
dataStreamAddress: "localhost:42861"
clientAddress: "localhost:42193"
adminAddress: "localhost:42655"
startupRole: FOLLOWER
,id: "s2"
address: "localhost:37241"
dataStreamAddress: "localhost:33751"
clientAddress: "localhost:34449"
adminAddress: "localhost:39099"
startupRole: FOLLOWER
, old:)
java.util.concurrent.CompletionException: java.util.concurrent.RejectedExecutionException: Task java.util.concurrent.CompletableFuture$AsyncSupply@49f877cf rejected from java.util.concurrent.ThreadPoolExecutor@5f803e53[Terminated, pool size = 0, active threads = 0, queued tasks = 0, completed tasks = 0]
	at java.util.concurrent.CompletableFuture.encodeThrowable(CompletableFuture.java:273)
	at java.util.concurrent.CompletableFuture.uniComposeStage(CompletableFuture.java:1005)
	at java.util.concurrent.CompletableFuture.thenCompose(CompletableFuture.java:2137)
	at org.apache.ratis.server.impl.RaftServerProxy.appendEntriesAsync(RaftServerProxy.java:622)
	at org.apache.ratis.grpc.server.GrpcServerProtocolService$1.process(GrpcServerProtocolService.java:207)
	at org.apache.ratis.grpc.server.GrpcServerProtocolService$1.process(GrpcServerProtocolService.java:204)
	at org.apache.ratis.grpc.server.GrpcServerProtocolService$ServerRequestStreamObserver.onNext(GrpcServerProtocolService.java:126)
	at org.apache.ratis.thirdparty.io.grpc.stub.ServerCalls$StreamingServerCallHandler$StreamingServerCallListener.onMessage(ServerCalls.java:262)
	at org.apache.ratis.thirdparty.io.grpc.ForwardingServerCallListener.onMessage(ForwardingServerCallListener.java:33)
	at org.apache.ratis.thirdparty.io.grpc.internal.ServerCallImpl$ServerStreamListenerImpl.messagesAvailableInternal(ServerCallImpl.java:318)
	at org.apache.ratis.thirdparty.io.grpc.internal.ServerCallImpl$ServerStreamListenerImpl.messagesAvailable(ServerCallImpl.java:301)
	at org.apache.ratis.thirdparty.io.grpc.internal.ServerImpl$JumpToApplicationThreadServerStreamListener$1MessagesAvailable.runInContext(ServerImpl.java:834)
	at org.apache.ratis.thirdparty.io.grpc.internal.ContextRunnable.run(ContextRunnable.java:37)
	at org.apache.ratis.thirdparty.io.grpc.internal.SerializingExecutor.run(SerializingExecutor.java:133)
	at java.util.concurrent.ThreadPoolExecutor.runWorker(ThreadPoolExecutor.java:1149)
	at java.util.concurrent.ThreadPoolExecutor$Worker.run(ThreadPoolExecutor.java:624)
	at java.lang.Thread.run(Thread.java:750)
Caused by: java.util.concurrent.RejectedExecutionException: Task java.util.concurrent.CompletableFuture$AsyncSupply@49f877cf rejected from java.util.concurrent.ThreadPoolExecutor@5f803e53[Terminated, pool size = 0, active threads = 0, queued tasks = 0, completed tasks = 0]
	at java.util.concurrent.ThreadPoolExecutor$AbortPolicy.rejectedExecution(ThreadPoolExecutor.java:2063)
	at java.util.concurrent.ThreadPoolExecutor.reject(ThreadPoolExecutor.java:830)
	at java.util.concurrent.ThreadPoolExecutor.execute(ThreadPoolExecutor.java:1379)
	at java.util.concurrent.CompletableFuture.asyncSupplyStage(CompletableFuture.java:1618)
	at java.util.concurrent.CompletableFuture.supplyAsync(CompletableFuture.java:1843)
	at org.apache.ratis.server.impl.RaftServerImpl.executeSubmitServerRequestAsync(RaftServerImpl.java:788)
	at org.apache.ratis.server.impl.RaftServerProxy.lambda$appendEntriesAsync$26(RaftServerProxy.java:622)
	at java.util.concurrent.CompletableFuture.uniComposeStage(CompletableFuture.java:995)
	... 15 more
2022-07-24 15:57:05,827 [grpc-default-executor-8] WARN  server.GrpcLogAppender (LogUtils.java:warn(124)) - s0@group-1D117010C276->s2-AppendLogResponseHandler: Failed appendEntries
java.io.IOException: java.util.concurrent.RejectedExecutionException: Task java.util.concurrent.CompletableFuture$AsyncSupply@49f877cf rejected from java.util.concurrent.ThreadPoolExecutor@5f803e53[Terminated, pool size = 0, active threads = 0, queued tasks = 0, completed tasks = 0]
	at org.apache.ratis.util.IOUtils.asIOException(IOUtils.java:56)
	at org.apache.ratis.grpc.GrpcUtil.tryUnwrapException(GrpcUtil.java:121)
	at org.apache.ratis.grpc.GrpcUtil.unwrapThrowable(GrpcUtil.java:82)
	at org.apache.ratis.grpc.GrpcUtil.warn(GrpcUtil.java:178)
	at org.apache.ratis.grpc.server.GrpcLogAppender$AppendLogResponseHandler.onError(GrpcLogAppender.java:378)
	at org.apache.ratis.thirdparty.io.grpc.stub.ClientCalls$StreamObserverToCallListenerAdapter.onClose(ClientCalls.java:479)
	at org.apache.ratis.thirdparty.io.grpc.internal.ClientCallImpl.closeObserver(ClientCallImpl.java:562)
	at org.apache.ratis.thirdparty.io.grpc.internal.ClientCallImpl.access$300(ClientCallImpl.java:70)
	at org.apache.ratis.thirdparty.io.grpc.internal.ClientCallImpl$ClientStreamListenerImpl$1StreamClosed.runInternal(ClientCallImpl.java:743)
	at org.apache.ratis.thirdparty.io.grpc.internal.ClientCallImpl$ClientStreamListenerImpl$1StreamClosed.runInContext(ClientCallImpl.java:722)
	at org.apache.ratis.thirdparty.io.grpc.internal.ContextRunnable.run(ContextRunnable.java:37)
	at org.apache.ratis.thirdparty.io.grpc.internal.SerializingExecutor.run(SerializingExecutor.java:133)
	at java.util.concurrent.ThreadPoolExecutor.runWorker(ThreadPoolExecutor.java:1149)
	at java.util.concurrent.ThreadPoolExecutor$Worker.run(ThreadPoolExecutor.java:624)
	at java.lang.Thread.run(Thread.java:750)
Caused by: java.util.concurrent.RejectedExecutionException: Task java.util.concurrent.CompletableFuture$AsyncSupply@49f877cf rejected from java.util.concurrent.ThreadPoolExecutor@5f803e53[Terminated, pool size = 0, active threads = 0, queued tasks = 0, completed tasks = 0]
	at sun.reflect.GeneratedConstructorAccessor9.newInstance(Unknown Source)
	at sun.reflect.DelegatingConstructorAccessorImpl.newInstance(DelegatingConstructorAccessorImpl.java:45)
	at java.lang.reflect.Constructor.newInstance(Constructor.java:423)
	at org.apache.ratis.util.ReflectionUtils.instantiateException(ReflectionUtils.java:259)
	at org.apache.ratis.grpc.GrpcUtil.tryUnwrapException(GrpcUtil.java:120)
	... 13 more
Caused by: org.apache.ratis.thirdparty.io.grpc.StatusRuntimeException: INTERNAL: Task java.util.concurrent.CompletableFuture$AsyncSupply@49f877cf rejected from java.util.concurrent.ThreadPoolExecutor@5f803e53[Terminated, pool size = 0, active threads = 0, queued tasks = 0, completed tasks = 0]
	at org.apache.ratis.thirdparty.io.grpc.Status.asRuntimeException(Status.java:535)
	... 10 more
	Suppressed: java.lang.IllegalStateException: Failed to cast to class java.io.IOException, object=java.util.concurrent.RejectedExecutionException: Task java.util.concurrent.CompletableFuture$AsyncSupply@49f877cf rejected from java.util.concurrent.ThreadPoolExecutor@5f803e53[Terminated, pool size = 0, active threads = 0, queued tasks = 0, completed tasks = 0]
	at java.util.concurrent.ThreadPoolExecutor$AbortPolicy.rejectedExecution(ThreadPoolExecutor.java:2063)
	at java.util.concurrent.ThreadPoolExecutor.reject(ThreadPoolExecutor.java:830)
	at java.util.concurrent.ThreadPoolExecutor.execute(ThreadPoolExecutor.java:1379)
	at java.util.concurrent.CompletableFuture.asyncSupplyStage(CompletableFuture.java:1618)
	at java.util.concurrent.CompletableFuture.supplyAsync(CompletableFuture.java:1843)
	at org.apache.ratis.server.impl.RaftServerImpl.executeSubmitServerRequestAsync(RaftServerImpl.java:788)
	at org.apache.ratis.server.impl.RaftServerProxy.lambda$appendEntriesAsync$26(RaftServerProxy.java:622)
	at java.util.concurrent.CompletableFuture.uniComposeStage(CompletableFuture.java:995)
	at java.util.concurrent.CompletableFuture.thenCompose(CompletableFuture.java:2137)
	at org.apache.ratis.server.impl.RaftServerProxy.appendEntriesAsync(RaftServerProxy.java:622)
	at org.apache.ratis.grpc.server.GrpcServerProtocolService$1.process(GrpcServerProtocolService.java:207)
	at org.apache.ratis.grpc.server.GrpcServerProtocolService$1.process(GrpcServerProtocolService.java:204)
	at org.apache.ratis.grpc.server.GrpcServerProtocolService$ServerRequestStreamObserver.onNext(GrpcServerProtocolService.java:126)
	at org.apache.ratis.thirdparty.io.grpc.stub.ServerCalls$StreamingServerCallHandler$StreamingServerCallListener.onMessage(ServerCalls.java:262)
	at org.apache.ratis.thirdparty.io.grpc.ForwardingServerCallListener.onMessage(ForwardingServerCallListener.java:33)
	at org.apache.ratis.thirdparty.io.grpc.internal.ServerCallImpl$ServerStreamListenerImpl.messagesAvailableInternal(ServerCallImpl.java:318)
	at org.apache.ratis.thirdparty.io.grpc.internal.ServerCallImpl$ServerStreamListenerImpl.messagesAvailable(ServerCallImpl.java:301)
	at org.apache.ratis.thirdparty.io.grpc.internal.ServerImpl$JumpToApplicationThreadServerStreamListener$1MessagesAvailable.runInContext(ServerImpl.java:834)
	at org.apache.ratis.thirdparty.io.grpc.internal.ContextRunnable.run(ContextRunnable.java:37)
	at org.apache.ratis.thirdparty.io.grpc.internal.SerializingExecutor.run(SerializingExecutor.java:133)
	at java.util.concurrent.ThreadPoolExecutor.runWorker(ThreadPoolExecutor.java:1149)
	at java.util.concurrent.ThreadPoolExecutor$Worker.run(ThreadPoolExecutor.java:624)
	at java.lang.Thread.run(Thread.java:750)

		at org.apache.ratis.util.IOUtils.readObject(IOUtils.java:237)
		at org.apache.ratis.util.IOUtils.bytes2Object(IOUtils.java:214)
		at org.apache.ratis.grpc.GrpcUtil.tryUnwrapException(GrpcUtil.java:109)
		at org.apache.ratis.grpc.GrpcUtil.unwrapThrowable(GrpcUtil.java:82)
		at org.apache.ratis.grpc.GrpcUtil.warn(GrpcUtil.java:178)
		at org.apache.ratis.grpc.server.GrpcLogAppender$AppendLogResponseHandler.onError(GrpcLogAppender.java:378)
		... 10 more
	Caused by: java.lang.ClassCastException: Cannot cast java.util.concurrent.RejectedExecutionException to java.io.IOException
		at java.lang.Class.cast(Class.java:3369)
		at org.apache.ratis.util.IOUtils.readObject(IOUtils.java:234)
		... 15 more
2022-07-24 15:57:05,827 [grpc-default-executor-8] INFO  leader.FollowerInfo (FollowerInfoImpl.java:lambda$new$0(48)) - s0@group-1D117010C276->s2: nextIndex: updateUnconditionally 244 -> 199
2022-07-24 15:57:05,829 [s1@group-1D117010C276-StateMachineUpdater] INFO  statemachine.SimpleStateMachine4Testing (SimpleStateMachine4Testing.java:put(204)) - s1: put 241, m118 -> (t:2, i:241), STATEMACHINELOGENTRY, 504@client-6F86E1C52B91
2022-07-24 15:57:05,830 [grpc-default-executor-8] WARN  server.GrpcServerProtocolService (LogUtils.java:warn(124)) - s2: Failed APPEND_ENTRIES request s0->s2#89-t2,previous=(t:1, i:198),leaderCommit=242,initializing? true,entries: size=45, first=(t:2, i:199), CONFIGURATIONENTRY(current:id: "s0"
address: "localhost:41145"
dataStreamAddress: "localhost:35053"
clientAddress: "localhost:40971"
adminAddress: "localhost:44949"
startupRole: FOLLOWER
,id: "s1"
address: "localhost:37813"
dataStreamAddress: "localhost:42861"
clientAddress: "localhost:42193"
adminAddress: "localhost:42655"
startupRole: FOLLOWER
,id: "s2"
address: "localhost:37241"
dataStreamAddress: "localhost:33751"
clientAddress: "localhost:34449"
adminAddress: "localhost:39099"
startupRole: FOLLOWER
, old:)
java.util.concurrent.CompletionException: java.util.concurrent.RejectedExecutionException: Task java.util.concurrent.CompletableFuture$AsyncSupply@2e8ea8e1 rejected from java.util.concurrent.ThreadPoolExecutor@5f803e53[Terminated, pool size = 0, active threads = 0, queued tasks = 0, completed tasks = 0]
	at java.util.concurrent.CompletableFuture.encodeThrowable(CompletableFuture.java:273)
	at java.util.concurrent.CompletableFuture.uniComposeStage(CompletableFuture.java:1005)
	at java.util.concurrent.CompletableFuture.thenCompose(CompletableFuture.java:2137)
	at org.apache.ratis.server.impl.RaftServerProxy.appendEntriesAsync(RaftServerProxy.java:622)
	at org.apache.ratis.grpc.server.GrpcServerProtocolService$1.process(GrpcServerProtocolService.java:207)
	at org.apache.ratis.grpc.server.GrpcServerProtocolService$1.process(GrpcServerProtocolService.java:204)
	at org.apache.ratis.grpc.server.GrpcServerProtocolService$ServerRequestStreamObserver.onNext(GrpcServerProtocolService.java:126)
	at org.apache.ratis.thirdparty.io.grpc.stub.ServerCalls$StreamingServerCallHandler$StreamingServerCallListener.onMessage(ServerCalls.java:262)
	at org.apache.ratis.thirdparty.io.grpc.ForwardingServerCallListener.onMessage(ForwardingServerCallListener.java:33)
	at org.apache.ratis.thirdparty.io.grpc.internal.ServerCallImpl$ServerStreamListenerImpl.messagesAvailableInternal(ServerCallImpl.java:318)
	at org.apache.ratis.thirdparty.io.grpc.internal.ServerCallImpl$ServerStreamListenerImpl.messagesAvailable(ServerCallImpl.java:301)
	at org.apache.ratis.thirdparty.io.grpc.internal.ServerImpl$JumpToApplicationThreadServerStreamListener$1MessagesAvailable.runInContext(ServerImpl.java:834)
	at org.apache.ratis.thirdparty.io.grpc.internal.ContextRunnable.run(ContextRunnable.java:37)
	at org.apache.ratis.thirdparty.io.grpc.internal.SerializingExecutor.run(SerializingExecutor.java:133)
	at java.util.concurrent.ThreadPoolExecutor.runWorker(ThreadPoolExecutor.java:1149)
	at java.util.concurrent.ThreadPoolExecutor$Worker.run(ThreadPoolExecutor.java:624)
	at java.lang.Thread.run(Thread.java:750)
Caused by: java.util.concurrent.RejectedExecutionException: Task java.util.concurrent.CompletableFuture$AsyncSupply@2e8ea8e1 rejected from java.util.concurrent.ThreadPoolExecutor@5f803e53[Terminated, pool size = 0, active threads = 0, queued tasks = 0, completed tasks = 0]
	at java.util.concurrent.ThreadPoolExecutor$AbortPolicy.rejectedExecution(ThreadPoolExecutor.java:2063)
	at java.util.concurrent.ThreadPoolExecutor.reject(ThreadPoolExecutor.java:830)
	at java.util.concurrent.ThreadPoolExecutor.execute(ThreadPoolExecutor.java:1379)
	at java.util.concurrent.CompletableFuture.asyncSupplyStage(CompletableFuture.java:1618)
	at java.util.concurrent.CompletableFuture.supplyAsync(CompletableFuture.java:1843)
	at org.apache.ratis.server.impl.RaftServerImpl.executeSubmitServerRequestAsync(RaftServerImpl.java:788)
	at org.apache.ratis.server.impl.RaftServerProxy.lambda$appendEntriesAsync$26(RaftServerProxy.java:622)
	at java.util.concurrent.CompletableFuture.uniComposeStage(CompletableFuture.java:995)
	... 15 more
2022-07-24 15:57:05,831 [grpc-default-executor-8] WARN  server.GrpcLogAppender (LogUtils.java:warn(124)) - s0@group-1D117010C276->s2-AppendLogResponseHandler: Failed appendEntries
java.io.IOException: java.util.concurrent.RejectedExecutionException: Task java.util.concurrent.CompletableFuture$AsyncSupply@2e8ea8e1 rejected from java.util.concurrent.ThreadPoolExecutor@5f803e53[Terminated, pool size = 0, active threads = 0, queued tasks = 0, completed tasks = 0]
	at org.apache.ratis.util.IOUtils.asIOException(IOUtils.java:56)
	at org.apache.ratis.grpc.GrpcUtil.tryUnwrapException(GrpcUtil.java:121)
	at org.apache.ratis.grpc.GrpcUtil.unwrapThrowable(GrpcUtil.java:82)
	at org.apache.ratis.grpc.GrpcUtil.warn(GrpcUtil.java:178)
	at org.apache.ratis.grpc.server.GrpcLogAppender$AppendLogResponseHandler.onError(GrpcLogAppender.java:378)
	at org.apache.ratis.thirdparty.io.grpc.stub.ClientCalls$StreamObserverToCallListenerAdapter.onClose(ClientCalls.java:479)
	at org.apache.ratis.thirdparty.io.grpc.internal.ClientCallImpl.closeObserver(ClientCallImpl.java:562)
	at org.apache.ratis.thirdparty.io.grpc.internal.ClientCallImpl.access$300(ClientCallImpl.java:70)
	at org.apache.ratis.thirdparty.io.grpc.internal.ClientCallImpl$ClientStreamListenerImpl$1StreamClosed.runInternal(ClientCallImpl.java:743)
	at org.apache.ratis.thirdparty.io.grpc.internal.ClientCallImpl$ClientStreamListenerImpl$1StreamClosed.runInContext(ClientCallImpl.java:722)
	at org.apache.ratis.thirdparty.io.grpc.internal.ContextRunnable.run(ContextRunnable.java:37)
	at org.apache.ratis.thirdparty.io.grpc.internal.SerializingExecutor.run(SerializingExecutor.java:133)
	at java.util.concurrent.ThreadPoolExecutor.runWorker(ThreadPoolExecutor.java:1149)
	at java.util.concurrent.ThreadPoolExecutor$Worker.run(ThreadPoolExecutor.java:624)
	at java.lang.Thread.run(Thread.java:750)
Caused by: java.util.concurrent.RejectedExecutionException: Task java.util.concurrent.CompletableFuture$AsyncSupply@2e8ea8e1 rejected from java.util.concurrent.ThreadPoolExecutor@5f803e53[Terminated, pool size = 0, active threads = 0, queued tasks = 0, completed tasks = 0]
	at sun.reflect.GeneratedConstructorAccessor9.newInstance(Unknown Source)
	at sun.reflect.DelegatingConstructorAccessorImpl.newInstance(DelegatingConstructorAccessorImpl.java:45)
	at java.lang.reflect.Constructor.newInstance(Constructor.java:423)
	at org.apache.ratis.util.ReflectionUtils.instantiateException(ReflectionUtils.java:259)
	at org.apache.ratis.grpc.GrpcUtil.tryUnwrapException(GrpcUtil.java:120)
	... 13 more
Caused by: org.apache.ratis.thirdparty.io.grpc.StatusRuntimeException: INTERNAL: Task java.util.concurrent.CompletableFuture$AsyncSupply@2e8ea8e1 rejected from java.util.concurrent.ThreadPoolExecutor@5f803e53[Terminated, pool size = 0, active threads = 0, queued tasks = 0, completed tasks = 0]
	at org.apache.ratis.thirdparty.io.grpc.Status.asRuntimeException(Status.java:535)
	... 10 more
	Suppressed: java.lang.IllegalStateException: Failed to cast to class java.io.IOException, object=java.util.concurrent.RejectedExecutionException: Task java.util.concurrent.CompletableFuture$AsyncSupply@2e8ea8e1 rejected from java.util.concurrent.ThreadPoolExecutor@5f803e53[Terminated, pool size = 0, active threads = 0, queued tasks = 0, completed tasks = 0]
	at java.util.concurrent.ThreadPoolExecutor$AbortPolicy.rejectedExecution(ThreadPoolExecutor.java:2063)
	at java.util.concurrent.ThreadPoolExecutor.reject(ThreadPoolExecutor.java:830)
	at java.util.concurrent.ThreadPoolExecutor.execute(ThreadPoolExecutor.java:1379)
	at java.util.concurrent.CompletableFuture.asyncSupplyStage(CompletableFuture.java:1618)
	at java.util.concurrent.CompletableFuture.supplyAsync(CompletableFuture.java:1843)
	at org.apache.ratis.server.impl.RaftServerImpl.executeSubmitServerRequestAsync(RaftServerImpl.java:788)
	at org.apache.ratis.server.impl.RaftServerProxy.lambda$appendEntriesAsync$26(RaftServerProxy.java:622)
	at java.util.concurrent.CompletableFuture.uniComposeStage(CompletableFuture.java:995)
	at java.util.concurrent.CompletableFuture.thenCompose(CompletableFuture.java:2137)
	at org.apache.ratis.server.impl.RaftServerProxy.appendEntriesAsync(RaftServerProxy.java:622)
	at org.apache.ratis.grpc.server.GrpcServerProtocolService$1.process(GrpcServerProtocolService.java:207)
	at org.apache.ratis.grpc.server.GrpcServerProtocolService$1.process(GrpcServerProtocolService.java:204)
	at org.apache.ratis.grpc.server.GrpcServerProtocolService$ServerRequestStreamObserver.onNext(GrpcServerProtocolService.java:126)
	at org.apache.ratis.thirdparty.io.grpc.stub.ServerCalls$StreamingServerCallHandler$StreamingServerCallListener.onMessage(ServerCalls.java:262)
	at org.apache.ratis.thirdparty.io.grpc.ForwardingServerCallListener.onMessage(ForwardingServerCallListener.java:33)
	at org.apache.ratis.thirdparty.io.grpc.internal.ServerCallImpl$ServerStreamListenerImpl.messagesAvailableInternal(ServerCallImpl.java:318)
	at org.apache.ratis.thirdparty.io.grpc.internal.ServerCallImpl$ServerStreamListenerImpl.messagesAvailable(ServerCallImpl.java:301)
	at org.apache.ratis.thirdparty.io.grpc.internal.ServerImpl$JumpToApplicationThreadServerStreamListener$1MessagesAvailable.runInContext(ServerImpl.java:834)
	at org.apache.ratis.thirdparty.io.grpc.internal.ContextRunnable.run(ContextRunnable.java:37)
	at org.apache.ratis.thirdparty.io.grpc.internal.SerializingExecutor.run(SerializingExecutor.java:133)
	at java.util.concurrent.ThreadPoolExecutor.runWorker(ThreadPoolExecutor.java:1149)
	at java.util.concurrent.ThreadPoolExecutor$Worker.run(ThreadPoolExecutor.java:624)
	at java.lang.Thread.run(Thread.java:750)

		at org.apache.ratis.util.IOUtils.readObject(IOUtils.java:237)
		at org.apache.ratis.util.IOUtils.bytes2Object(IOUtils.java:214)
		at org.apache.ratis.grpc.GrpcUtil.tryUnwrapException(GrpcUtil.java:109)
		at org.apache.ratis.grpc.GrpcUtil.unwrapThrowable(GrpcUtil.java:82)
		at org.apache.ratis.grpc.GrpcUtil.warn(GrpcUtil.java:178)
		at org.apache.ratis.grpc.server.GrpcLogAppender$AppendLogResponseHandler.onError(GrpcLogAppender.java:378)
		... 10 more
	Caused by: java.lang.ClassCastException: Cannot cast java.util.concurrent.RejectedExecutionException to java.io.IOException
		at java.lang.Class.cast(Class.java:3369)
		at org.apache.ratis.util.IOUtils.readObject(IOUtils.java:234)
		... 15 more
2022-07-24 15:57:05,832 [s1-server-thread1] DEBUG raftlog.RaftLog (SegmentedRaftLog.java:appendImpl(447)) - truncateIndex=-1, arrayIndex=0
2022-07-24 15:57:05,831 [s0@group-1D117010C276-StateMachineUpdater] INFO  statemachine.SimpleStateMachine4Testing (SimpleStateMachine4Testing.java:put(204)) - s0: put 243, m119 -> (t:2, i:243), STATEMACHINELOGENTRY, 505@client-6F86E1C52B91
2022-07-24 15:57:05,832 [grpc-default-executor-8] INFO  leader.FollowerInfo (FollowerInfoImpl.java:lambda$new$0(48)) - s0@group-1D117010C276->s2: nextIndex: updateUnconditionally 244 -> 199
2022-07-24 15:57:05,833 [s1-server-thread1] DEBUG raftlog.RaftLog (SegmentedRaftLog.java:appendImpl(447)) - truncateIndex=-1, arrayIndex=0
2022-07-24 15:57:05,833 [grpc-default-executor-8] WARN  server.GrpcServerProtocolService (LogUtils.java:warn(124)) - s2: Failed APPEND_ENTRIES request s0->s2#91-t2,previous=(t:1, i:198),leaderCommit=243,initializing? true,entries: size=47, first=(t:2, i:199), CONFIGURATIONENTRY(current:id: "s0"
address: "localhost:41145"
dataStreamAddress: "localhost:35053"
clientAddress: "localhost:40971"
adminAddress: "localhost:44949"
startupRole: FOLLOWER
,id: "s1"
address: "localhost:37813"
dataStreamAddress: "localhost:42861"
clientAddress: "localhost:42193"
adminAddress: "localhost:42655"
startupRole: FOLLOWER
,id: "s2"
address: "localhost:37241"
dataStreamAddress: "localhost:33751"
clientAddress: "localhost:34449"
adminAddress: "localhost:39099"
startupRole: FOLLOWER
, old:)
java.util.concurrent.CompletionException: java.util.concurrent.RejectedExecutionException: Task java.util.concurrent.CompletableFuture$AsyncSupply@55a73b12 rejected from java.util.concurrent.ThreadPoolExecutor@5f803e53[Terminated, pool size = 0, active threads = 0, queued tasks = 0, completed tasks = 0]
	at java.util.concurrent.CompletableFuture.encodeThrowable(CompletableFuture.java:273)
	at java.util.concurrent.CompletableFuture.uniComposeStage(CompletableFuture.java:1005)
	at java.util.concurrent.CompletableFuture.thenCompose(CompletableFuture.java:2137)
	at org.apache.ratis.server.impl.RaftServerProxy.appendEntriesAsync(RaftServerProxy.java:622)
	at org.apache.ratis.grpc.server.GrpcServerProtocolService$1.process(GrpcServerProtocolService.java:207)
	at org.apache.ratis.grpc.server.GrpcServerProtocolService$1.process(GrpcServerProtocolService.java:204)
	at org.apache.ratis.grpc.server.GrpcServerProtocolService$ServerRequestStreamObserver.onNext(GrpcServerProtocolService.java:126)
	at org.apache.ratis.thirdparty.io.grpc.stub.ServerCalls$StreamingServerCallHandler$StreamingServerCallListener.onMessage(ServerCalls.java:262)
	at org.apache.ratis.thirdparty.io.grpc.ForwardingServerCallListener.onMessage(ForwardingServerCallListener.java:33)
	at org.apache.ratis.thirdparty.io.grpc.internal.ServerCallImpl$ServerStreamListenerImpl.messagesAvailableInternal(ServerCallImpl.java:318)
	at org.apache.ratis.thirdparty.io.grpc.internal.ServerCallImpl$ServerStreamListenerImpl.messagesAvailable(ServerCallImpl.java:301)
	at org.apache.ratis.thirdparty.io.grpc.internal.ServerImpl$JumpToApplicationThreadServerStreamListener$1MessagesAvailable.runInContext(ServerImpl.java:834)
	at org.apache.ratis.thirdparty.io.grpc.internal.ContextRunnable.run(ContextRunnable.java:37)
	at org.apache.ratis.thirdparty.io.grpc.internal.SerializingExecutor.run(SerializingExecutor.java:133)
	at java.util.concurrent.ThreadPoolExecutor.runWorker(ThreadPoolExecutor.java:1149)
	at java.util.concurrent.ThreadPoolExecutor$Worker.run(ThreadPoolExecutor.java:624)
	at java.lang.Thread.run(Thread.java:750)
Caused by: java.util.concurrent.RejectedExecutionException: Task java.util.concurrent.CompletableFuture$AsyncSupply@55a73b12 rejected from java.util.concurrent.ThreadPoolExecutor@5f803e53[Terminated, pool size = 0, active threads = 0, queued tasks = 0, completed tasks = 0]
	at java.util.concurrent.ThreadPoolExecutor$AbortPolicy.rejectedExecution(ThreadPoolExecutor.java:2063)
	at java.util.concurrent.ThreadPoolExecutor.reject(ThreadPoolExecutor.java:830)
	at java.util.concurrent.ThreadPoolExecutor.execute(ThreadPoolExecutor.java:1379)
	at java.util.concurrent.CompletableFuture.asyncSupplyStage(CompletableFuture.java:1618)
	at java.util.concurrent.CompletableFuture.supplyAsync(CompletableFuture.java:1843)
	at org.apache.ratis.server.impl.RaftServerImpl.executeSubmitServerRequestAsync(RaftServerImpl.java:788)
	at org.apache.ratis.server.impl.RaftServerProxy.lambda$appendEntriesAsync$26(RaftServerProxy.java:622)
	at java.util.concurrent.CompletableFuture.uniComposeStage(CompletableFuture.java:995)
	... 15 more
2022-07-24 15:57:05,834 [grpc-default-executor-9] WARN  server.GrpcLogAppender (LogUtils.java:warn(124)) - s0@group-1D117010C276->s2-AppendLogResponseHandler: Failed appendEntries
java.io.IOException: java.util.concurrent.RejectedExecutionException: Task java.util.concurrent.CompletableFuture$AsyncSupply@55a73b12 rejected from java.util.concurrent.ThreadPoolExecutor@5f803e53[Terminated, pool size = 0, active threads = 0, queued tasks = 0, completed tasks = 0]
	at org.apache.ratis.util.IOUtils.asIOException(IOUtils.java:56)
	at org.apache.ratis.grpc.GrpcUtil.tryUnwrapException(GrpcUtil.java:121)
	at org.apache.ratis.grpc.GrpcUtil.unwrapThrowable(GrpcUtil.java:82)
	at org.apache.ratis.grpc.GrpcUtil.warn(GrpcUtil.java:178)
	at org.apache.ratis.grpc.server.GrpcLogAppender$AppendLogResponseHandler.onError(GrpcLogAppender.java:378)
	at org.apache.ratis.thirdparty.io.grpc.stub.ClientCalls$StreamObserverToCallListenerAdapter.onClose(ClientCalls.java:479)
	at org.apache.ratis.thirdparty.io.grpc.internal.ClientCallImpl.closeObserver(ClientCallImpl.java:562)
	at org.apache.ratis.thirdparty.io.grpc.internal.ClientCallImpl.access$300(ClientCallImpl.java:70)
	at org.apache.ratis.thirdparty.io.grpc.internal.ClientCallImpl$ClientStreamListenerImpl$1StreamClosed.runInternal(ClientCallImpl.java:743)
	at org.apache.ratis.thirdparty.io.grpc.internal.ClientCallImpl$ClientStreamListenerImpl$1StreamClosed.runInContext(ClientCallImpl.java:722)
	at org.apache.ratis.thirdparty.io.grpc.internal.ContextRunnable.run(ContextRunnable.java:37)
	at org.apache.ratis.thirdparty.io.grpc.internal.SerializingExecutor.run(SerializingExecutor.java:133)
	at java.util.concurrent.ThreadPoolExecutor.runWorker(ThreadPoolExecutor.java:1149)
	at java.util.concurrent.ThreadPoolExecutor$Worker.run(ThreadPoolExecutor.java:624)
	at java.lang.Thread.run(Thread.java:750)
Caused by: java.util.concurrent.RejectedExecutionException: Task java.util.concurrent.CompletableFuture$AsyncSupply@55a73b12 rejected from java.util.concurrent.ThreadPoolExecutor@5f803e53[Terminated, pool size = 0, active threads = 0, queued tasks = 0, completed tasks = 0]
	at sun.reflect.GeneratedConstructorAccessor9.newInstance(Unknown Source)
	at sun.reflect.DelegatingConstructorAccessorImpl.newInstance(DelegatingConstructorAccessorImpl.java:45)
	at java.lang.reflect.Constructor.newInstance(Constructor.java:423)
	at org.apache.ratis.util.ReflectionUtils.instantiateException(ReflectionUtils.java:259)
	at org.apache.ratis.grpc.GrpcUtil.tryUnwrapException(GrpcUtil.java:120)
	... 13 more
Caused by: org.apache.ratis.thirdparty.io.grpc.StatusRuntimeException: INTERNAL: Task java.util.concurrent.CompletableFuture$AsyncSupply@55a73b12 rejected from java.util.concurrent.ThreadPoolExecutor@5f803e53[Terminated, pool size = 0, active threads = 0, queued tasks = 0, completed tasks = 0]
	at org.apache.ratis.thirdparty.io.grpc.Status.asRuntimeException(Status.java:535)
	... 10 more
	Suppressed: java.lang.IllegalStateException: Failed to cast to class java.io.IOException, object=java.util.concurrent.RejectedExecutionException: Task java.util.concurrent.CompletableFuture$AsyncSupply@55a73b12 rejected from java.util.concurrent.ThreadPoolExecutor@5f803e53[Terminated, pool size = 0, active threads = 0, queued tasks = 0, completed tasks = 0]
	at java.util.concurrent.ThreadPoolExecutor$AbortPolicy.rejectedExecution(ThreadPoolExecutor.java:2063)
	at java.util.concurrent.ThreadPoolExecutor.reject(ThreadPoolExecutor.java:830)
	at java.util.concurrent.ThreadPoolExecutor.execute(ThreadPoolExecutor.java:1379)
	at java.util.concurrent.CompletableFuture.asyncSupplyStage(CompletableFuture.java:1618)
	at java.util.concurrent.CompletableFuture.supplyAsync(CompletableFuture.java:1843)
	at org.apache.ratis.server.impl.RaftServerImpl.executeSubmitServerRequestAsync(RaftServerImpl.java:788)
	at org.apache.ratis.server.impl.RaftServerProxy.lambda$appendEntriesAsync$26(RaftServerProxy.java:622)
	at java.util.concurrent.CompletableFuture.uniComposeStage(CompletableFuture.java:995)
	at java.util.concurrent.CompletableFuture.thenCompose(CompletableFuture.java:2137)
	at org.apache.ratis.server.impl.RaftServerProxy.appendEntriesAsync(RaftServerProxy.java:622)
	at org.apache.ratis.grpc.server.GrpcServerProtocolService$1.process(GrpcServerProtocolService.java:207)
	at org.apache.ratis.grpc.server.GrpcServerProtocolService$1.process(GrpcServerProtocolService.java:204)
	at org.apache.ratis.grpc.server.GrpcServerProtocolService$ServerRequestStreamObserver.onNext(GrpcServerProtocolService.java:126)
	at org.apache.ratis.thirdparty.io.grpc.stub.ServerCalls$StreamingServerCallHandler$StreamingServerCallListener.onMessage(ServerCalls.java:262)
	at org.apache.ratis.thirdparty.io.grpc.ForwardingServerCallListener.onMessage(ForwardingServerCallListener.java:33)
	at org.apache.ratis.thirdparty.io.grpc.internal.ServerCallImpl$ServerStreamListenerImpl.messagesAvailableInternal(ServerCallImpl.java:318)
	at org.apache.ratis.thirdparty.io.grpc.internal.ServerCallImpl$ServerStreamListenerImpl.messagesAvailable(ServerCallImpl.java:301)
	at org.apache.ratis.thirdparty.io.grpc.internal.ServerImpl$JumpToApplicationThreadServerStreamListener$1MessagesAvailable.runInContext(ServerImpl.java:834)
	at org.apache.ratis.thirdparty.io.grpc.internal.ContextRunnable.run(ContextRunnable.java:37)
	at org.apache.ratis.thirdparty.io.grpc.internal.SerializingExecutor.run(SerializingExecutor.java:133)
	at java.util.concurrent.ThreadPoolExecutor.runWorker(ThreadPoolExecutor.java:1149)
	at java.util.concurrent.ThreadPoolExecutor$Worker.run(ThreadPoolExecutor.java:624)
	at java.lang.Thread.run(Thread.java:750)

		at org.apache.ratis.util.IOUtils.readObject(IOUtils.java:237)
		at org.apache.ratis.util.IOUtils.bytes2Object(IOUtils.java:214)
		at org.apache.ratis.grpc.GrpcUtil.tryUnwrapException(GrpcUtil.java:109)
		at org.apache.ratis.grpc.GrpcUtil.unwrapThrowable(GrpcUtil.java:82)
		at org.apache.ratis.grpc.GrpcUtil.warn(GrpcUtil.java:178)
		at org.apache.ratis.grpc.server.GrpcLogAppender$AppendLogResponseHandler.onError(GrpcLogAppender.java:378)
		... 10 more
	Caused by: java.lang.ClassCastException: Cannot cast java.util.concurrent.RejectedExecutionException to java.io.IOException
		at java.lang.Class.cast(Class.java:3369)
		at org.apache.ratis.util.IOUtils.readObject(IOUtils.java:234)
		... 15 more
2022-07-24 15:57:05,835 [grpc-default-executor-9] INFO  leader.FollowerInfo (FollowerInfoImpl.java:lambda$new$0(48)) - s0@group-1D117010C276->s2: nextIndex: updateUnconditionally 246 -> 199
2022-07-24 15:57:05,840 [s1@group-1D117010C276-StateMachineUpdater] INFO  statemachine.SimpleStateMachine4Testing (SimpleStateMachine4Testing.java:put(204)) - s1: put 243, m119 -> (t:2, i:243), STATEMACHINELOGENTRY, 505@client-6F86E1C52B91
2022-07-24 15:57:05,841 [grpc-default-executor-9] WARN  server.GrpcServerProtocolService (LogUtils.java:warn(124)) - s2: Failed APPEND_ENTRIES request s0->s2#92-t2,previous=(t:1, i:198),leaderCommit=243,initializing? true,entries: size=47, first=(t:2, i:199), CONFIGURATIONENTRY(current:id: "s0"
address: "localhost:41145"
dataStreamAddress: "localhost:35053"
clientAddress: "localhost:40971"
adminAddress: "localhost:44949"
startupRole: FOLLOWER
,id: "s1"
address: "localhost:37813"
dataStreamAddress: "localhost:42861"
clientAddress: "localhost:42193"
adminAddress: "localhost:42655"
startupRole: FOLLOWER
,id: "s2"
address: "localhost:37241"
dataStreamAddress: "localhost:33751"
clientAddress: "localhost:34449"
adminAddress: "localhost:39099"
startupRole: FOLLOWER
, old:)
java.util.concurrent.CompletionException: java.util.concurrent.RejectedExecutionException: Task java.util.concurrent.CompletableFuture$AsyncSupply@16d6ae13 rejected from java.util.concurrent.ThreadPoolExecutor@5f803e53[Terminated, pool size = 0, active threads = 0, queued tasks = 0, completed tasks = 0]
	at java.util.concurrent.CompletableFuture.encodeThrowable(CompletableFuture.java:273)
	at java.util.concurrent.CompletableFuture.uniComposeStage(CompletableFuture.java:1005)
	at java.util.concurrent.CompletableFuture.thenCompose(CompletableFuture.java:2137)
	at org.apache.ratis.server.impl.RaftServerProxy.appendEntriesAsync(RaftServerProxy.java:622)
	at org.apache.ratis.grpc.server.GrpcServerProtocolService$1.process(GrpcServerProtocolService.java:207)
	at org.apache.ratis.grpc.server.GrpcServerProtocolService$1.process(GrpcServerProtocolService.java:204)
	at org.apache.ratis.grpc.server.GrpcServerProtocolService$ServerRequestStreamObserver.onNext(GrpcServerProtocolService.java:126)
	at org.apache.ratis.thirdparty.io.grpc.stub.ServerCalls$StreamingServerCallHandler$StreamingServerCallListener.onMessage(ServerCalls.java:262)
	at org.apache.ratis.thirdparty.io.grpc.ForwardingServerCallListener.onMessage(ForwardingServerCallListener.java:33)
	at org.apache.ratis.thirdparty.io.grpc.internal.ServerCallImpl$ServerStreamListenerImpl.messagesAvailableInternal(ServerCallImpl.java:318)
	at org.apache.ratis.thirdparty.io.grpc.internal.ServerCallImpl$ServerStreamListenerImpl.messagesAvailable(ServerCallImpl.java:301)
	at org.apache.ratis.thirdparty.io.grpc.internal.ServerImpl$JumpToApplicationThreadServerStreamListener$1MessagesAvailable.runInContext(ServerImpl.java:834)
	at org.apache.ratis.thirdparty.io.grpc.internal.ContextRunnable.run(ContextRunnable.java:37)
	at org.apache.ratis.thirdparty.io.grpc.internal.SerializingExecutor.run(SerializingExecutor.java:133)
	at java.util.concurrent.ThreadPoolExecutor.runWorker(ThreadPoolExecutor.java:1149)
	at java.util.concurrent.ThreadPoolExecutor$Worker.run(ThreadPoolExecutor.java:624)
	at java.lang.Thread.run(Thread.java:750)
Caused by: java.util.concurrent.RejectedExecutionException: Task java.util.concurrent.CompletableFuture$AsyncSupply@16d6ae13 rejected from java.util.concurrent.ThreadPoolExecutor@5f803e53[Terminated, pool size = 0, active threads = 0, queued tasks = 0, completed tasks = 0]
	at java.util.concurrent.ThreadPoolExecutor$AbortPolicy.rejectedExecution(ThreadPoolExecutor.java:2063)
	at java.util.concurrent.ThreadPoolExecutor.reject(ThreadPoolExecutor.java:830)
	at java.util.concurrent.ThreadPoolExecutor.execute(ThreadPoolExecutor.java:1379)
	at java.util.concurrent.CompletableFuture.asyncSupplyStage(CompletableFuture.java:1618)
	at java.util.concurrent.CompletableFuture.supplyAsync(CompletableFuture.java:1843)
	at org.apache.ratis.server.impl.RaftServerImpl.executeSubmitServerRequestAsync(RaftServerImpl.java:788)
	at org.apache.ratis.server.impl.RaftServerProxy.lambda$appendEntriesAsync$26(RaftServerProxy.java:622)
	at java.util.concurrent.CompletableFuture.uniComposeStage(CompletableFuture.java:995)
	... 15 more
2022-07-24 15:57:05,843 [grpc-default-executor-2] WARN  server.GrpcLogAppender (LogUtils.java:warn(124)) - s0@group-1D117010C276->s2-AppendLogResponseHandler: Failed appendEntries
java.io.IOException: java.util.concurrent.RejectedExecutionException: Task java.util.concurrent.CompletableFuture$AsyncSupply@16d6ae13 rejected from java.util.concurrent.ThreadPoolExecutor@5f803e53[Terminated, pool size = 0, active threads = 0, queued tasks = 0, completed tasks = 0]
	at org.apache.ratis.util.IOUtils.asIOException(IOUtils.java:56)
	at org.apache.ratis.grpc.GrpcUtil.tryUnwrapException(GrpcUtil.java:121)
	at org.apache.ratis.grpc.GrpcUtil.unwrapThrowable(GrpcUtil.java:82)
	at org.apache.ratis.grpc.GrpcUtil.warn(GrpcUtil.java:178)
	at org.apache.ratis.grpc.server.GrpcLogAppender$AppendLogResponseHandler.onError(GrpcLogAppender.java:378)
	at org.apache.ratis.thirdparty.io.grpc.stub.ClientCalls$StreamObserverToCallListenerAdapter.onClose(ClientCalls.java:479)
	at org.apache.ratis.thirdparty.io.grpc.internal.ClientCallImpl.closeObserver(ClientCallImpl.java:562)
	at org.apache.ratis.thirdparty.io.grpc.internal.ClientCallImpl.access$300(ClientCallImpl.java:70)
	at org.apache.ratis.thirdparty.io.grpc.internal.ClientCallImpl$ClientStreamListenerImpl$1StreamClosed.runInternal(ClientCallImpl.java:743)
	at org.apache.ratis.thirdparty.io.grpc.internal.ClientCallImpl$ClientStreamListenerImpl$1StreamClosed.runInContext(ClientCallImpl.java:722)
	at org.apache.ratis.thirdparty.io.grpc.internal.ContextRunnable.run(ContextRunnable.java:37)
	at org.apache.ratis.thirdparty.io.grpc.internal.SerializingExecutor.run(SerializingExecutor.java:133)
	at java.util.concurrent.ThreadPoolExecutor.runWorker(ThreadPoolExecutor.java:1149)
	at java.util.concurrent.ThreadPoolExecutor$Worker.run(ThreadPoolExecutor.java:624)
	at java.lang.Thread.run(Thread.java:750)
Caused by: java.util.concurrent.RejectedExecutionException: Task java.util.concurrent.CompletableFuture$AsyncSupply@16d6ae13 rejected from java.util.concurrent.ThreadPoolExecutor@5f803e53[Terminated, pool size = 0, active threads = 0, queued tasks = 0, completed tasks = 0]
	at sun.reflect.GeneratedConstructorAccessor9.newInstance(Unknown Source)
	at sun.reflect.DelegatingConstructorAccessorImpl.newInstance(DelegatingConstructorAccessorImpl.java:45)
	at java.lang.reflect.Constructor.newInstance(Constructor.java:423)
	at org.apache.ratis.util.ReflectionUtils.instantiateException(ReflectionUtils.java:259)
	at org.apache.ratis.grpc.GrpcUtil.tryUnwrapException(GrpcUtil.java:120)
	... 13 more
Caused by: org.apache.ratis.thirdparty.io.grpc.StatusRuntimeException: INTERNAL: Task java.util.concurrent.CompletableFuture$AsyncSupply@16d6ae13 rejected from java.util.concurrent.ThreadPoolExecutor@5f803e53[Terminated, pool size = 0, active threads = 0, queued tasks = 0, completed tasks = 0]
	at org.apache.ratis.thirdparty.io.grpc.Status.asRuntimeException(Status.java:535)
	... 10 more
	Suppressed: java.lang.IllegalStateException: Failed to cast to class java.io.IOException, object=java.util.concurrent.RejectedExecutionException: Task java.util.concurrent.CompletableFuture$AsyncSupply@16d6ae13 rejected from java.util.concurrent.ThreadPoolExecutor@5f803e53[Terminated, pool size = 0, active threads = 0, queued tasks = 0, completed tasks = 0]
	at java.util.concurrent.ThreadPoolExecutor$AbortPolicy.rejectedExecution(ThreadPoolExecutor.java:2063)
	at java.util.concurrent.ThreadPoolExecutor.reject(ThreadPoolExecutor.java:830)
	at java.util.concurrent.ThreadPoolExecutor.execute(ThreadPoolExecutor.java:1379)
	at java.util.concurrent.CompletableFuture.asyncSupplyStage(CompletableFuture.java:1618)
	at java.util.concurrent.CompletableFuture.supplyAsync(CompletableFuture.java:1843)
	at org.apache.ratis.server.impl.RaftServerImpl.executeSubmitServerRequestAsync(RaftServerImpl.java:788)
	at org.apache.ratis.server.impl.RaftServerProxy.lambda$appendEntriesAsync$26(RaftServerProxy.java:622)
	at java.util.concurrent.CompletableFuture.uniComposeStage(CompletableFuture.java:995)
	at java.util.concurrent.CompletableFuture.thenCompose(CompletableFuture.java:2137)
	at org.apache.ratis.server.impl.RaftServerProxy.appendEntriesAsync(RaftServerProxy.java:622)
	at org.apache.ratis.grpc.server.GrpcServerProtocolService$1.process(GrpcServerProtocolService.java:207)
	at org.apache.ratis.grpc.server.GrpcServerProtocolService$1.process(GrpcServerProtocolService.java:204)
	at org.apache.ratis.grpc.server.GrpcServerProtocolService$ServerRequestStreamObserver.onNext(GrpcServerProtocolService.java:126)
	at org.apache.ratis.thirdparty.io.grpc.stub.ServerCalls$StreamingServerCallHandler$StreamingServerCallListener.onMessage(ServerCalls.java:262)
	at org.apache.ratis.thirdparty.io.grpc.ForwardingServerCallListener.onMessage(ForwardingServerCallListener.java:33)
	at org.apache.ratis.thirdparty.io.grpc.internal.ServerCallImpl$ServerStreamListenerImpl.messagesAvailableInternal(ServerCallImpl.java:318)
	at org.apache.ratis.thirdparty.io.grpc.internal.ServerCallImpl$ServerStreamListenerImpl.messagesAvailable(ServerCallImpl.java:301)
	at org.apache.ratis.thirdparty.io.grpc.internal.ServerImpl$JumpToApplicationThreadServerStreamListener$1MessagesAvailable.runInContext(ServerImpl.java:834)
	at org.apache.ratis.thirdparty.io.grpc.internal.ContextRunnable.run(ContextRunnable.java:37)
	at org.apache.ratis.thirdparty.io.grpc.internal.SerializingExecutor.run(SerializingExecutor.java:133)
	at java.util.concurrent.ThreadPoolExecutor.runWorker(ThreadPoolExecutor.java:1149)
	at java.util.concurrent.ThreadPoolExecutor$Worker.run(ThreadPoolExecutor.java:624)
	at java.lang.Thread.run(Thread.java:750)

		at org.apache.ratis.util.IOUtils.readObject(IOUtils.java:237)
		at org.apache.ratis.util.IOUtils.bytes2Object(IOUtils.java:214)
		at org.apache.ratis.grpc.GrpcUtil.tryUnwrapException(GrpcUtil.java:109)
		at org.apache.ratis.grpc.GrpcUtil.unwrapThrowable(GrpcUtil.java:82)
		at org.apache.ratis.grpc.GrpcUtil.warn(GrpcUtil.java:178)
		at org.apache.ratis.grpc.server.GrpcLogAppender$AppendLogResponseHandler.onError(GrpcLogAppender.java:378)
		... 10 more
	Caused by: java.lang.ClassCastException: Cannot cast java.util.concurrent.RejectedExecutionException to java.io.IOException
		at java.lang.Class.cast(Class.java:3369)
		at org.apache.ratis.util.IOUtils.readObject(IOUtils.java:234)
		... 15 more
2022-07-24 15:57:05,843 [grpc-default-executor-2] INFO  leader.FollowerInfo (FollowerInfoImpl.java:lambda$new$0(48)) - s0@group-1D117010C276->s2: nextIndex: updateUnconditionally 246 -> 199
2022-07-24 15:57:05,845 [s0@group-1D117010C276-StateMachineUpdater] INFO  statemachine.SimpleStateMachine4Testing (SimpleStateMachine4Testing.java:put(204)) - s0: put 245, m120 -> (t:2, i:245), STATEMACHINELOGENTRY, 506@client-6F86E1C52B91
2022-07-24 15:57:05,845 [s1-server-thread1] DEBUG raftlog.RaftLog (SegmentedRaftLog.java:appendImpl(447)) - truncateIndex=-1, arrayIndex=0
2022-07-24 15:57:05,846 [s0-client-thread1] INFO  segmented.SegmentedRaftLogWorker (SegmentedRaftLogWorker.java:rollLogSegment(430)) - s0@group-1D117010C276-SegmentedRaftLogWorker: Rolling segment log-221_246 to index:246
2022-07-24 15:57:05,846 [s0@group-1D117010C276-SegmentedRaftLogWorker] TRACE util.FileUtils (LogUtils.java:runAndLog(49)) - Successfully ran Files.move /home/runner/work/ratis/ratis/ratis-test/target/test/data/9df233b8/MiniRaftClusterWithGrpcfc29b47e/s0/6607989c-d6da-490c-8466-1d117010c276/current/log_inprogress_221 to /home/runner/work/ratis/ratis/ratis-test/target/test/data/9df233b8/MiniRaftClusterWithGrpcfc29b47e/s0/6607989c-d6da-490c-8466-1d117010c276/current/log_221-246
2022-07-24 15:57:05,846 [s0@group-1D117010C276-SegmentedRaftLogWorker] INFO  segmented.SegmentedRaftLogWorker (SegmentedRaftLogWorker.java:execute(586)) - s0@group-1D117010C276-SegmentedRaftLogWorker: Rolled log segment from /home/runner/work/ratis/ratis/ratis-test/target/test/data/9df233b8/MiniRaftClusterWithGrpcfc29b47e/s0/6607989c-d6da-490c-8466-1d117010c276/current/log_inprogress_221 to /home/runner/work/ratis/ratis/ratis-test/target/test/data/9df233b8/MiniRaftClusterWithGrpcfc29b47e/s0/6607989c-d6da-490c-8466-1d117010c276/current/log_221-246
2022-07-24 15:57:05,847 [grpc-default-executor-8] WARN  server.GrpcServerProtocolService (LogUtils.java:warn(124)) - s2: Failed APPEND_ENTRIES request s0->s2#94-t2,previous=(t:1, i:198),leaderCommit=245,initializing? true,entries: size=48, first=(t:2, i:199), CONFIGURATIONENTRY(current:id: "s0"
address: "localhost:41145"
dataStreamAddress: "localhost:35053"
clientAddress: "localhost:40971"
adminAddress: "localhost:44949"
startupRole: FOLLOWER
,id: "s1"
address: "localhost:37813"
dataStreamAddress: "localhost:42861"
clientAddress: "localhost:42193"
adminAddress: "localhost:42655"
startupRole: FOLLOWER
,id: "s2"
address: "localhost:37241"
dataStreamAddress: "localhost:33751"
clientAddress: "localhost:34449"
adminAddress: "localhost:39099"
startupRole: FOLLOWER
, old:)
java.util.concurrent.CompletionException: java.util.concurrent.RejectedExecutionException: Task java.util.concurrent.CompletableFuture$AsyncSupply@26bdc0ce rejected from java.util.concurrent.ThreadPoolExecutor@5f803e53[Terminated, pool size = 0, active threads = 0, queued tasks = 0, completed tasks = 0]
	at java.util.concurrent.CompletableFuture.encodeThrowable(CompletableFuture.java:273)
	at java.util.concurrent.CompletableFuture.uniComposeStage(CompletableFuture.java:1005)
	at java.util.concurrent.CompletableFuture.thenCompose(CompletableFuture.java:2137)
	at org.apache.ratis.server.impl.RaftServerProxy.appendEntriesAsync(RaftServerProxy.java:622)
	at org.apache.ratis.grpc.server.GrpcServerProtocolService$1.process(GrpcServerProtocolService.java:207)
	at org.apache.ratis.grpc.server.GrpcServerProtocolService$1.process(GrpcServerProtocolService.java:204)
	at org.apache.ratis.grpc.server.GrpcServerProtocolService$ServerRequestStreamObserver.onNext(GrpcServerProtocolService.java:126)
	at org.apache.ratis.thirdparty.io.grpc.stub.ServerCalls$StreamingServerCallHandler$StreamingServerCallListener.onMessage(ServerCalls.java:262)
	at org.apache.ratis.thirdparty.io.grpc.ForwardingServerCallListener.onMessage(ForwardingServerCallListener.java:33)
	at org.apache.ratis.thirdparty.io.grpc.internal.ServerCallImpl$ServerStreamListenerImpl.messagesAvailableInternal(ServerCallImpl.java:318)
	at org.apache.ratis.thirdparty.io.grpc.internal.ServerCallImpl$ServerStreamListenerImpl.messagesAvailable(ServerCallImpl.java:301)
	at org.apache.ratis.thirdparty.io.grpc.internal.ServerImpl$JumpToApplicationThreadServerStreamListener$1MessagesAvailable.runInContext(ServerImpl.java:834)
	at org.apache.ratis.thirdparty.io.grpc.internal.ContextRunnable.run(ContextRunnable.java:37)
	at org.apache.ratis.thirdparty.io.grpc.internal.SerializingExecutor.run(SerializingExecutor.java:133)
	at java.util.concurrent.ThreadPoolExecutor.runWorker(ThreadPoolExecutor.java:1149)
	at java.util.concurrent.ThreadPoolExecutor$Worker.run(ThreadPoolExecutor.java:624)
	at java.lang.Thread.run(Thread.java:750)
Caused by: java.util.concurrent.RejectedExecutionException: Task java.util.concurrent.CompletableFuture$AsyncSupply@26bdc0ce rejected from java.util.concurrent.ThreadPoolExecutor@5f803e53[Terminated, pool size = 0, active threads = 0, queued tasks = 0, completed tasks = 0]
	at java.util.concurrent.ThreadPoolExecutor$AbortPolicy.rejectedExecution(ThreadPoolExecutor.java:2063)
	at java.util.concurrent.ThreadPoolExecutor.reject(ThreadPoolExecutor.java:830)
	at java.util.concurrent.ThreadPoolExecutor.execute(ThreadPoolExecutor.java:1379)
	at java.util.concurrent.CompletableFuture.asyncSupplyStage(CompletableFuture.java:1618)
	at java.util.concurrent.CompletableFuture.supplyAsync(CompletableFuture.java:1843)
	at org.apache.ratis.server.impl.RaftServerImpl.executeSubmitServerRequestAsync(RaftServerImpl.java:788)
	at org.apache.ratis.server.impl.RaftServerProxy.lambda$appendEntriesAsync$26(RaftServerProxy.java:622)
	at java.util.concurrent.CompletableFuture.uniComposeStage(CompletableFuture.java:995)
	... 15 more
2022-07-24 15:57:05,848 [grpc-default-executor-2] WARN  server.GrpcLogAppender (LogUtils.java:warn(124)) - s0@group-1D117010C276->s2-AppendLogResponseHandler: Failed appendEntries
java.io.IOException: java.util.concurrent.RejectedExecutionException: Task java.util.concurrent.CompletableFuture$AsyncSupply@26bdc0ce rejected from java.util.concurrent.ThreadPoolExecutor@5f803e53[Terminated, pool size = 0, active threads = 0, queued tasks = 0, completed tasks = 0]
	at org.apache.ratis.util.IOUtils.asIOException(IOUtils.java:56)
	at org.apache.ratis.grpc.GrpcUtil.tryUnwrapException(GrpcUtil.java:121)
	at org.apache.ratis.grpc.GrpcUtil.unwrapThrowable(GrpcUtil.java:82)
	at org.apache.ratis.grpc.GrpcUtil.warn(GrpcUtil.java:178)
	at org.apache.ratis.grpc.server.GrpcLogAppender$AppendLogResponseHandler.onError(GrpcLogAppender.java:378)
	at org.apache.ratis.thirdparty.io.grpc.stub.ClientCalls$StreamObserverToCallListenerAdapter.onClose(ClientCalls.java:479)
	at org.apache.ratis.thirdparty.io.grpc.internal.ClientCallImpl.closeObserver(ClientCallImpl.java:562)
	at org.apache.ratis.thirdparty.io.grpc.internal.ClientCallImpl.access$300(ClientCallImpl.java:70)
	at org.apache.ratis.thirdparty.io.grpc.internal.ClientCallImpl$ClientStreamListenerImpl$1StreamClosed.runInternal(ClientCallImpl.java:743)
	at org.apache.ratis.thirdparty.io.grpc.internal.ClientCallImpl$ClientStreamListenerImpl$1StreamClosed.runInContext(ClientCallImpl.java:722)
	at org.apache.ratis.thirdparty.io.grpc.internal.ContextRunnable.run(ContextRunnable.java:37)
	at org.apache.ratis.thirdparty.io.grpc.internal.SerializingExecutor.run(SerializingExecutor.java:133)
	at java.util.concurrent.ThreadPoolExecutor.runWorker(ThreadPoolExecutor.java:1149)
	at java.util.concurrent.ThreadPoolExecutor$Worker.run(ThreadPoolExecutor.java:624)
	at java.lang.Thread.run(Thread.java:750)
Caused by: java.util.concurrent.RejectedExecutionException: Task java.util.concurrent.CompletableFuture$AsyncSupply@26bdc0ce rejected from java.util.concurrent.ThreadPoolExecutor@5f803e53[Terminated, pool size = 0, active threads = 0, queued tasks = 0, completed tasks = 0]
	at sun.reflect.GeneratedConstructorAccessor9.newInstance(Unknown Source)
	at sun.reflect.DelegatingConstructorAccessorImpl.newInstance(DelegatingConstructorAccessorImpl.java:45)
	at java.lang.reflect.Constructor.newInstance(Constructor.java:423)
	at org.apache.ratis.util.ReflectionUtils.instantiateException(ReflectionUtils.java:259)
	at org.apache.ratis.grpc.GrpcUtil.tryUnwrapException(GrpcUtil.java:120)
	... 13 more
Caused by: org.apache.ratis.thirdparty.io.grpc.StatusRuntimeException: INTERNAL: Task java.util.concurrent.CompletableFuture$AsyncSupply@26bdc0ce rejected from java.util.concurrent.ThreadPoolExecutor@5f803e53[Terminated, pool size = 0, active threads = 0, queued tasks = 0, completed tasks = 0]
	at org.apache.ratis.thirdparty.io.grpc.Status.asRuntimeException(Status.java:535)
	... 10 more
	Suppressed: java.lang.IllegalStateException: Failed to cast to class java.io.IOException, object=java.util.concurrent.RejectedExecutionException: Task java.util.concurrent.CompletableFuture$AsyncSupply@26bdc0ce rejected from java.util.concurrent.ThreadPoolExecutor@5f803e53[Terminated, pool size = 0, active threads = 0, queued tasks = 0, completed tasks = 0]
	at java.util.concurrent.ThreadPoolExecutor$AbortPolicy.rejectedExecution(ThreadPoolExecutor.java:2063)
	at java.util.concurrent.ThreadPoolExecutor.reject(ThreadPoolExecutor.java:830)
	at java.util.concurrent.ThreadPoolExecutor.execute(ThreadPoolExecutor.java:1379)
	at java.util.concurrent.CompletableFuture.asyncSupplyStage(CompletableFuture.java:1618)
	at java.util.concurrent.CompletableFuture.supplyAsync(CompletableFuture.java:1843)
	at org.apache.ratis.server.impl.RaftServerImpl.executeSubmitServerRequestAsync(RaftServerImpl.java:788)
	at org.apache.ratis.server.impl.RaftServerProxy.lambda$appendEntriesAsync$26(RaftServerProxy.java:622)
	at java.util.concurrent.CompletableFuture.uniComposeStage(CompletableFuture.java:995)
	at java.util.concurrent.CompletableFuture.thenCompose(CompletableFuture.java:2137)
	at org.apache.ratis.server.impl.RaftServerProxy.appendEntriesAsync(RaftServerProxy.java:622)
	at org.apache.ratis.grpc.server.GrpcServerProtocolService$1.process(GrpcServerProtocolService.java:207)
	at org.apache.ratis.grpc.server.GrpcServerProtocolService$1.process(GrpcServerProtocolService.java:204)
	at org.apache.ratis.grpc.server.GrpcServerProtocolService$ServerRequestStreamObserver.onNext(GrpcServerProtocolService.java:126)
	at org.apache.ratis.thirdparty.io.grpc.stub.ServerCalls$StreamingServerCallHandler$StreamingServerCallListener.onMessage(ServerCalls.java:262)
	at org.apache.ratis.thirdparty.io.grpc.ForwardingServerCallListener.onMessage(ForwardingServerCallListener.java:33)
	at org.apache.ratis.thirdparty.io.grpc.internal.ServerCallImpl$ServerStreamListenerImpl.messagesAvailableInternal(ServerCallImpl.java:318)
	at org.apache.ratis.thirdparty.io.grpc.internal.ServerCallImpl$ServerStreamListenerImpl.messagesAvailable(ServerCallImpl.java:301)
	at org.apache.ratis.thirdparty.io.grpc.internal.ServerImpl$JumpToApplicationThreadServerStreamListener$1MessagesAvailable.runInContext(ServerImpl.java:834)
	at org.apache.ratis.thirdparty.io.grpc.internal.ContextRunnable.run(ContextRunnable.java:37)
	at org.apache.ratis.thirdparty.io.grpc.internal.SerializingExecutor.run(SerializingExecutor.java:133)
	at java.util.concurrent.ThreadPoolExecutor.runWorker(ThreadPoolExecutor.java:1149)
	at java.util.concurrent.ThreadPoolExecutor$Worker.run(ThreadPoolExecutor.java:624)
	at java.lang.Thread.run(Thread.java:750)

		at org.apache.ratis.util.IOUtils.readObject(IOUtils.java:237)
		at org.apache.ratis.util.IOUtils.bytes2Object(IOUtils.java:214)
		at org.apache.ratis.grpc.GrpcUtil.tryUnwrapException(GrpcUtil.java:109)
		at org.apache.ratis.grpc.GrpcUtil.unwrapThrowable(GrpcUtil.java:82)
		at org.apache.ratis.grpc.GrpcUtil.warn(GrpcUtil.java:178)
		at org.apache.ratis.grpc.server.GrpcLogAppender$AppendLogResponseHandler.onError(GrpcLogAppender.java:378)
		... 10 more
	Caused by: java.lang.ClassCastException: Cannot cast java.util.concurrent.RejectedExecutionException to java.io.IOException
		at java.lang.Class.cast(Class.java:3369)
		at org.apache.ratis.util.IOUtils.readObject(IOUtils.java:234)
		... 15 more
2022-07-24 15:57:05,848 [grpc-default-executor-2] INFO  leader.FollowerInfo (FollowerInfoImpl.java:lambda$new$0(48)) - s0@group-1D117010C276->s2: nextIndex: updateUnconditionally 247 -> 199
2022-07-24 15:57:05,848 [s1-server-thread1] DEBUG raftlog.RaftLog (SegmentedRaftLog.java:appendImpl(447)) - truncateIndex=-1, arrayIndex=0
2022-07-24 15:57:05,848 [s1-server-thread1] INFO  segmented.SegmentedRaftLogWorker (SegmentedRaftLogWorker.java:rollLogSegment(430)) - s1@group-1D117010C276-SegmentedRaftLogWorker: Rolling segment log-221_246 to index:246
2022-07-24 15:57:05,848 [s0@group-1D117010C276-SegmentedRaftLogWorker] INFO  segmented.SegmentedRaftLogWorker (SegmentedRaftLogWorker.java:execute(629)) - s0@group-1D117010C276-SegmentedRaftLogWorker: created new log segment /home/runner/work/ratis/ratis/ratis-test/target/test/data/9df233b8/MiniRaftClusterWithGrpcfc29b47e/s0/6607989c-d6da-490c-8466-1d117010c276/current/log_inprogress_247
2022-07-24 15:57:05,849 [s1@group-1D117010C276-SegmentedRaftLogWorker] TRACE util.FileUtils (LogUtils.java:runAndLog(49)) - Successfully ran Files.move /home/runner/work/ratis/ratis/ratis-test/target/test/data/9df233b8/MiniRaftClusterWithGrpcfc29b47e/s1/6607989c-d6da-490c-8466-1d117010c276/current/log_inprogress_221 to /home/runner/work/ratis/ratis/ratis-test/target/test/data/9df233b8/MiniRaftClusterWithGrpcfc29b47e/s1/6607989c-d6da-490c-8466-1d117010c276/current/log_221-246
2022-07-24 15:57:05,849 [s1@group-1D117010C276-SegmentedRaftLogWorker] INFO  segmented.SegmentedRaftLogWorker (SegmentedRaftLogWorker.java:execute(586)) - s1@group-1D117010C276-SegmentedRaftLogWorker: Rolled log segment from /home/runner/work/ratis/ratis/ratis-test/target/test/data/9df233b8/MiniRaftClusterWithGrpcfc29b47e/s1/6607989c-d6da-490c-8466-1d117010c276/current/log_inprogress_221 to /home/runner/work/ratis/ratis/ratis-test/target/test/data/9df233b8/MiniRaftClusterWithGrpcfc29b47e/s1/6607989c-d6da-490c-8466-1d117010c276/current/log_221-246
2022-07-24 15:57:05,850 [s1@group-1D117010C276-StateMachineUpdater] INFO  statemachine.SimpleStateMachine4Testing (SimpleStateMachine4Testing.java:put(204)) - s1: put 245, m120 -> (t:2, i:245), STATEMACHINELOGENTRY, 506@client-6F86E1C52B91
2022-07-24 15:57:05,850 [s1@group-1D117010C276-SegmentedRaftLogWorker] INFO  segmented.SegmentedRaftLogWorker (SegmentedRaftLogWorker.java:execute(629)) - s1@group-1D117010C276-SegmentedRaftLogWorker: created new log segment /home/runner/work/ratis/ratis/ratis-test/target/test/data/9df233b8/MiniRaftClusterWithGrpcfc29b47e/s1/6607989c-d6da-490c-8466-1d117010c276/current/log_inprogress_247
2022-07-24 15:57:05,850 [grpc-default-executor-3] WARN  server.GrpcServerProtocolService (LogUtils.java:warn(124)) - s2: Failed APPEND_ENTRIES request s0->s2#96-t2,previous=(t:1, i:198),leaderCommit=246,initializing? true,entries: size=49, first=(t:2, i:199), CONFIGURATIONENTRY(current:id: "s0"
address: "localhost:41145"
dataStreamAddress: "localhost:35053"
clientAddress: "localhost:40971"
adminAddress: "localhost:44949"
startupRole: FOLLOWER
,id: "s1"
address: "localhost:37813"
dataStreamAddress: "localhost:42861"
clientAddress: "localhost:42193"
adminAddress: "localhost:42655"
startupRole: FOLLOWER
,id: "s2"
address: "localhost:37241"
dataStreamAddress: "localhost:33751"
clientAddress: "localhost:34449"
adminAddress: "localhost:39099"
startupRole: FOLLOWER
, old:)
java.util.concurrent.CompletionException: java.util.concurrent.RejectedExecutionException: Task java.util.concurrent.CompletableFuture$AsyncSupply@1a71a328 rejected from java.util.concurrent.ThreadPoolExecutor@5f803e53[Terminated, pool size = 0, active threads = 0, queued tasks = 0, completed tasks = 0]
	at java.util.concurrent.CompletableFuture.encodeThrowable(CompletableFuture.java:273)
	at java.util.concurrent.CompletableFuture.uniComposeStage(CompletableFuture.java:1005)
	at java.util.concurrent.CompletableFuture.thenCompose(CompletableFuture.java:2137)
	at org.apache.ratis.server.impl.RaftServerProxy.appendEntriesAsync(RaftServerProxy.java:622)
	at org.apache.ratis.grpc.server.GrpcServerProtocolService$1.process(GrpcServerProtocolService.java:207)
	at org.apache.ratis.grpc.server.GrpcServerProtocolService$1.process(GrpcServerProtocolService.java:204)
	at org.apache.ratis.grpc.server.GrpcServerProtocolService$ServerRequestStreamObserver.onNext(GrpcServerProtocolService.java:126)
	at org.apache.ratis.thirdparty.io.grpc.stub.ServerCalls$StreamingServerCallHandler$StreamingServerCallListener.onMessage(ServerCalls.java:262)
	at org.apache.ratis.thirdparty.io.grpc.ForwardingServerCallListener.onMessage(ForwardingServerCallListener.java:33)
	at org.apache.ratis.thirdparty.io.grpc.internal.ServerCallImpl$ServerStreamListenerImpl.messagesAvailableInternal(ServerCallImpl.java:318)
	at org.apache.ratis.thirdparty.io.grpc.internal.ServerCallImpl$ServerStreamListenerImpl.messagesAvailable(ServerCallImpl.java:301)
	at org.apache.ratis.thirdparty.io.grpc.internal.ServerImpl$JumpToApplicationThreadServerStreamListener$1MessagesAvailable.runInContext(ServerImpl.java:834)
	at org.apache.ratis.thirdparty.io.grpc.internal.ContextRunnable.run(ContextRunnable.java:37)
	at org.apache.ratis.thirdparty.io.grpc.internal.SerializingExecutor.run(SerializingExecutor.java:133)
	at java.util.concurrent.ThreadPoolExecutor.runWorker(ThreadPoolExecutor.java:1149)
	at java.util.concurrent.ThreadPoolExecutor$Worker.run(ThreadPoolExecutor.java:624)
	at java.lang.Thread.run(Thread.java:750)
Caused by: java.util.concurrent.RejectedExecutionException: Task java.util.concurrent.CompletableFuture$AsyncSupply@1a71a328 rejected from java.util.concurrent.ThreadPoolExecutor@5f803e53[Terminated, pool size = 0, active threads = 0, queued tasks = 0, completed tasks = 0]
	at java.util.concurrent.ThreadPoolExecutor$AbortPolicy.rejectedExecution(ThreadPoolExecutor.java:2063)
	at java.util.concurrent.ThreadPoolExecutor.reject(ThreadPoolExecutor.java:830)
	at java.util.concurrent.ThreadPoolExecutor.execute(ThreadPoolExecutor.java:1379)
	at java.util.concurrent.CompletableFuture.asyncSupplyStage(CompletableFuture.java:1618)
	at java.util.concurrent.CompletableFuture.supplyAsync(CompletableFuture.java:1843)
	at org.apache.ratis.server.impl.RaftServerImpl.executeSubmitServerRequestAsync(RaftServerImpl.java:788)
	at org.apache.ratis.server.impl.RaftServerProxy.lambda$appendEntriesAsync$26(RaftServerProxy.java:622)
	at java.util.concurrent.CompletableFuture.uniComposeStage(CompletableFuture.java:995)
	... 15 more
2022-07-24 15:57:05,851 [grpc-default-executor-3] WARN  server.GrpcLogAppender (LogUtils.java:warn(124)) - s0@group-1D117010C276->s2-AppendLogResponseHandler: Failed appendEntries
java.io.IOException: java.util.concurrent.RejectedExecutionException: Task java.util.concurrent.CompletableFuture$AsyncSupply@1a71a328 rejected from java.util.concurrent.ThreadPoolExecutor@5f803e53[Terminated, pool size = 0, active threads = 0, queued tasks = 0, completed tasks = 0]
	at org.apache.ratis.util.IOUtils.asIOException(IOUtils.java:56)
	at org.apache.ratis.grpc.GrpcUtil.tryUnwrapException(GrpcUtil.java:121)
	at org.apache.ratis.grpc.GrpcUtil.unwrapThrowable(GrpcUtil.java:82)
	at org.apache.ratis.grpc.GrpcUtil.warn(GrpcUtil.java:178)
	at org.apache.ratis.grpc.server.GrpcLogAppender$AppendLogResponseHandler.onError(GrpcLogAppender.java:378)
	at org.apache.ratis.thirdparty.io.grpc.stub.ClientCalls$StreamObserverToCallListenerAdapter.onClose(ClientCalls.java:479)
	at org.apache.ratis.thirdparty.io.grpc.internal.ClientCallImpl.closeObserver(ClientCallImpl.java:562)
	at org.apache.ratis.thirdparty.io.grpc.internal.ClientCallImpl.access$300(ClientCallImpl.java:70)
	at org.apache.ratis.thirdparty.io.grpc.internal.ClientCallImpl$ClientStreamListenerImpl$1StreamClosed.runInternal(ClientCallImpl.java:743)
	at org.apache.ratis.thirdparty.io.grpc.internal.ClientCallImpl$ClientStreamListenerImpl$1StreamClosed.runInContext(ClientCallImpl.java:722)
	at org.apache.ratis.thirdparty.io.grpc.internal.ContextRunnable.run(ContextRunnable.java:37)
	at org.apache.ratis.thirdparty.io.grpc.internal.SerializingExecutor.run(SerializingExecutor.java:133)
	at java.util.concurrent.ThreadPoolExecutor.runWorker(ThreadPoolExecutor.java:1149)
	at java.util.concurrent.ThreadPoolExecutor$Worker.run(ThreadPoolExecutor.java:624)
	at java.lang.Thread.run(Thread.java:750)
Caused by: java.util.concurrent.RejectedExecutionException: Task java.util.concurrent.CompletableFuture$AsyncSupply@1a71a328 rejected from java.util.concurrent.ThreadPoolExecutor@5f803e53[Terminated, pool size = 0, active threads = 0, queued tasks = 0, completed tasks = 0]
	at sun.reflect.GeneratedConstructorAccessor9.newInstance(Unknown Source)
	at sun.reflect.DelegatingConstructorAccessorImpl.newInstance(DelegatingConstructorAccessorImpl.java:45)
	at java.lang.reflect.Constructor.newInstance(Constructor.java:423)
	at org.apache.ratis.util.ReflectionUtils.instantiateException(ReflectionUtils.java:259)
	at org.apache.ratis.grpc.GrpcUtil.tryUnwrapException(GrpcUtil.java:120)
	... 13 more
Caused by: org.apache.ratis.thirdparty.io.grpc.StatusRuntimeException: INTERNAL: Task java.util.concurrent.CompletableFuture$AsyncSupply@1a71a328 rejected from java.util.concurrent.ThreadPoolExecutor@5f803e53[Terminated, pool size = 0, active threads = 0, queued tasks = 0, completed tasks = 0]
	at org.apache.ratis.thirdparty.io.grpc.Status.asRuntimeException(Status.java:535)
	... 10 more
	Suppressed: java.lang.IllegalStateException: Failed to cast to class java.io.IOException, object=java.util.concurrent.RejectedExecutionException: Task java.util.concurrent.CompletableFuture$AsyncSupply@1a71a328 rejected from java.util.concurrent.ThreadPoolExecutor@5f803e53[Terminated, pool size = 0, active threads = 0, queued tasks = 0, completed tasks = 0]
	at java.util.concurrent.ThreadPoolExecutor$AbortPolicy.rejectedExecution(ThreadPoolExecutor.java:2063)
	at java.util.concurrent.ThreadPoolExecutor.reject(ThreadPoolExecutor.java:830)
	at java.util.concurrent.ThreadPoolExecutor.execute(ThreadPoolExecutor.java:1379)
	at java.util.concurrent.CompletableFuture.asyncSupplyStage(CompletableFuture.java:1618)
	at java.util.concurrent.CompletableFuture.supplyAsync(CompletableFuture.java:1843)
	at org.apache.ratis.server.impl.RaftServerImpl.executeSubmitServerRequestAsync(RaftServerImpl.java:788)
	at org.apache.ratis.server.impl.RaftServerProxy.lambda$appendEntriesAsync$26(RaftServerProxy.java:622)
	at java.util.concurrent.CompletableFuture.uniComposeStage(CompletableFuture.java:995)
	at java.util.concurrent.CompletableFuture.thenCompose(CompletableFuture.java:2137)
	at org.apache.ratis.server.impl.RaftServerProxy.appendEntriesAsync(RaftServerProxy.java:622)
	at org.apache.ratis.grpc.server.GrpcServerProtocolService$1.process(GrpcServerProtocolService.java:207)
	at org.apache.ratis.grpc.server.GrpcServerProtocolService$1.process(GrpcServerProtocolService.java:204)
	at org.apache.ratis.grpc.server.GrpcServerProtocolService$ServerRequestStreamObserver.onNext(GrpcServerProtocolService.java:126)
	at org.apache.ratis.thirdparty.io.grpc.stub.ServerCalls$StreamingServerCallHandler$StreamingServerCallListener.onMessage(ServerCalls.java:262)
	at org.apache.ratis.thirdparty.io.grpc.ForwardingServerCallListener.onMessage(ForwardingServerCallListener.java:33)
	at org.apache.ratis.thirdparty.io.grpc.internal.ServerCallImpl$ServerStreamListenerImpl.messagesAvailableInternal(ServerCallImpl.java:318)
	at org.apache.ratis.thirdparty.io.grpc.internal.ServerCallImpl$ServerStreamListenerImpl.messagesAvailable(ServerCallImpl.java:301)
	at org.apache.ratis.thirdparty.io.grpc.internal.ServerImpl$JumpToApplicationThreadServerStreamListener$1MessagesAvailable.runInContext(ServerImpl.java:834)
	at org.apache.ratis.thirdparty.io.grpc.internal.ContextRunnable.run(ContextRunnable.java:37)
	at org.apache.ratis.thirdparty.io.grpc.internal.SerializingExecutor.run(SerializingExecutor.java:133)
	at java.util.concurrent.ThreadPoolExecutor.runWorker(ThreadPoolExecutor.java:1149)
	at java.util.concurrent.ThreadPoolExecutor$Worker.run(ThreadPoolExecutor.java:624)
	at java.lang.Thread.run(Thread.java:750)

		at org.apache.ratis.util.IOUtils.readObject(IOUtils.java:237)
		at org.apache.ratis.util.IOUtils.bytes2Object(IOUtils.java:214)
		at org.apache.ratis.grpc.GrpcUtil.tryUnwrapException(GrpcUtil.java:109)
		at org.apache.ratis.grpc.GrpcUtil.unwrapThrowable(GrpcUtil.java:82)
		at org.apache.ratis.grpc.GrpcUtil.warn(GrpcUtil.java:178)
		at org.apache.ratis.grpc.server.GrpcLogAppender$AppendLogResponseHandler.onError(GrpcLogAppender.java:378)
		... 10 more
	Caused by: java.lang.ClassCastException: Cannot cast java.util.concurrent.RejectedExecutionException to java.io.IOException
		at java.lang.Class.cast(Class.java:3369)
		at org.apache.ratis.util.IOUtils.readObject(IOUtils.java:234)
		... 15 more
2022-07-24 15:57:05,851 [grpc-default-executor-3] INFO  leader.FollowerInfo (FollowerInfoImpl.java:lambda$new$0(48)) - s0@group-1D117010C276->s2: nextIndex: updateUnconditionally 248 -> 199
2022-07-24 15:57:05,852 [s0@group-1D117010C276-StateMachineUpdater] INFO  statemachine.SimpleStateMachine4Testing (SimpleStateMachine4Testing.java:put(204)) - s0: put 247, m121 -> (t:2, i:247), STATEMACHINELOGENTRY, 507@client-6F86E1C52B91
2022-07-24 15:57:05,852 [s1-server-thread1] DEBUG raftlog.RaftLog (SegmentedRaftLog.java:appendImpl(447)) - truncateIndex=-1, arrayIndex=0
2022-07-24 15:57:05,853 [grpc-default-executor-2] WARN  server.GrpcServerProtocolService (LogUtils.java:warn(124)) - s2: Failed APPEND_ENTRIES request s0->s2#97-t2,previous=(t:1, i:198),leaderCommit=247,initializing? true,entries: size=50, first=(t:2, i:199), CONFIGURATIONENTRY(current:id: "s0"
address: "localhost:41145"
dataStreamAddress: "localhost:35053"
clientAddress: "localhost:40971"
adminAddress: "localhost:44949"
startupRole: FOLLOWER
,id: "s1"
address: "localhost:37813"
dataStreamAddress: "localhost:42861"
clientAddress: "localhost:42193"
adminAddress: "localhost:42655"
startupRole: FOLLOWER
,id: "s2"
address: "localhost:37241"
dataStreamAddress: "localhost:33751"
clientAddress: "localhost:34449"
adminAddress: "localhost:39099"
startupRole: FOLLOWER
, old:)
java.util.concurrent.CompletionException: java.util.concurrent.RejectedExecutionException: Task java.util.concurrent.CompletableFuture$AsyncSupply@8afae43 rejected from java.util.concurrent.ThreadPoolExecutor@5f803e53[Terminated, pool size = 0, active threads = 0, queued tasks = 0, completed tasks = 0]
	at java.util.concurrent.CompletableFuture.encodeThrowable(CompletableFuture.java:273)
	at java.util.concurrent.CompletableFuture.uniComposeStage(CompletableFuture.java:1005)
	at java.util.concurrent.CompletableFuture.thenCompose(CompletableFuture.java:2137)
	at org.apache.ratis.server.impl.RaftServerProxy.appendEntriesAsync(RaftServerProxy.java:622)
	at org.apache.ratis.grpc.server.GrpcServerProtocolService$1.process(GrpcServerProtocolService.java:207)
	at org.apache.ratis.grpc.server.GrpcServerProtocolService$1.process(GrpcServerProtocolService.java:204)
	at org.apache.ratis.grpc.server.GrpcServerProtocolService$ServerRequestStreamObserver.onNext(GrpcServerProtocolService.java:126)
	at org.apache.ratis.thirdparty.io.grpc.stub.ServerCalls$StreamingServerCallHandler$StreamingServerCallListener.onMessage(ServerCalls.java:262)
	at org.apache.ratis.thirdparty.io.grpc.ForwardingServerCallListener.onMessage(ForwardingServerCallListener.java:33)
	at org.apache.ratis.thirdparty.io.grpc.internal.ServerCallImpl$ServerStreamListenerImpl.messagesAvailableInternal(ServerCallImpl.java:318)
	at org.apache.ratis.thirdparty.io.grpc.internal.ServerCallImpl$ServerStreamListenerImpl.messagesAvailable(ServerCallImpl.java:301)
	at org.apache.ratis.thirdparty.io.grpc.internal.ServerImpl$JumpToApplicationThreadServerStreamListener$1MessagesAvailable.runInContext(ServerImpl.java:834)
	at org.apache.ratis.thirdparty.io.grpc.internal.ContextRunnable.run(ContextRunnable.java:37)
	at org.apache.ratis.thirdparty.io.grpc.internal.SerializingExecutor.run(SerializingExecutor.java:133)
	at java.util.concurrent.ThreadPoolExecutor.runWorker(ThreadPoolExecutor.java:1149)
	at java.util.concurrent.ThreadPoolExecutor$Worker.run(ThreadPoolExecutor.java:624)
	at java.lang.Thread.run(Thread.java:750)
Caused by: java.util.concurrent.RejectedExecutionException: Task java.util.concurrent.CompletableFuture$AsyncSupply@8afae43 rejected from java.util.concurrent.ThreadPoolExecutor@5f803e53[Terminated, pool size = 0, active threads = 0, queued tasks = 0, completed tasks = 0]
	at java.util.concurrent.ThreadPoolExecutor$AbortPolicy.rejectedExecution(ThreadPoolExecutor.java:2063)
	at java.util.concurrent.ThreadPoolExecutor.reject(ThreadPoolExecutor.java:830)
	at java.util.concurrent.ThreadPoolExecutor.execute(ThreadPoolExecutor.java:1379)
	at java.util.concurrent.CompletableFuture.asyncSupplyStage(CompletableFuture.java:1618)
	at java.util.concurrent.CompletableFuture.supplyAsync(CompletableFuture.java:1843)
	at org.apache.ratis.server.impl.RaftServerImpl.executeSubmitServerRequestAsync(RaftServerImpl.java:788)
	at org.apache.ratis.server.impl.RaftServerProxy.lambda$appendEntriesAsync$26(RaftServerProxy.java:622)
	at java.util.concurrent.CompletableFuture.uniComposeStage(CompletableFuture.java:995)
	... 15 more
2022-07-24 15:57:05,854 [s1-server-thread1] DEBUG raftlog.RaftLog (SegmentedRaftLog.java:appendImpl(447)) - truncateIndex=-1, arrayIndex=0
2022-07-24 15:57:05,854 [grpc-default-executor-3] WARN  server.GrpcLogAppender (LogUtils.java:warn(124)) - s0@group-1D117010C276->s2-AppendLogResponseHandler: Failed appendEntries
java.io.IOException: java.util.concurrent.RejectedExecutionException: Task java.util.concurrent.CompletableFuture$AsyncSupply@8afae43 rejected from java.util.concurrent.ThreadPoolExecutor@5f803e53[Terminated, pool size = 0, active threads = 0, queued tasks = 0, completed tasks = 0]
	at org.apache.ratis.util.IOUtils.asIOException(IOUtils.java:56)
	at org.apache.ratis.grpc.GrpcUtil.tryUnwrapException(GrpcUtil.java:121)
	at org.apache.ratis.grpc.GrpcUtil.unwrapThrowable(GrpcUtil.java:82)
	at org.apache.ratis.grpc.GrpcUtil.warn(GrpcUtil.java:178)
	at org.apache.ratis.grpc.server.GrpcLogAppender$AppendLogResponseHandler.onError(GrpcLogAppender.java:378)
	at org.apache.ratis.thirdparty.io.grpc.stub.ClientCalls$StreamObserverToCallListenerAdapter.onClose(ClientCalls.java:479)
	at org.apache.ratis.thirdparty.io.grpc.internal.ClientCallImpl.closeObserver(ClientCallImpl.java:562)
	at org.apache.ratis.thirdparty.io.grpc.internal.ClientCallImpl.access$300(ClientCallImpl.java:70)
	at org.apache.ratis.thirdparty.io.grpc.internal.ClientCallImpl$ClientStreamListenerImpl$1StreamClosed.runInternal(ClientCallImpl.java:743)
	at org.apache.ratis.thirdparty.io.grpc.internal.ClientCallImpl$ClientStreamListenerImpl$1StreamClosed.runInContext(ClientCallImpl.java:722)
	at org.apache.ratis.thirdparty.io.grpc.internal.ContextRunnable.run(ContextRunnable.java:37)
	at org.apache.ratis.thirdparty.io.grpc.internal.SerializingExecutor.run(SerializingExecutor.java:133)
	at java.util.concurrent.ThreadPoolExecutor.runWorker(ThreadPoolExecutor.java:1149)
	at java.util.concurrent.ThreadPoolExecutor$Worker.run(ThreadPoolExecutor.java:624)
	at java.lang.Thread.run(Thread.java:750)
Caused by: java.util.concurrent.RejectedExecutionException: Task java.util.concurrent.CompletableFuture$AsyncSupply@8afae43 rejected from java.util.concurrent.ThreadPoolExecutor@5f803e53[Terminated, pool size = 0, active threads = 0, queued tasks = 0, completed tasks = 0]
	at sun.reflect.GeneratedConstructorAccessor9.newInstance(Unknown Source)
	at sun.reflect.DelegatingConstructorAccessorImpl.newInstance(DelegatingConstructorAccessorImpl.java:45)
	at java.lang.reflect.Constructor.newInstance(Constructor.java:423)
	at org.apache.ratis.util.ReflectionUtils.instantiateException(ReflectionUtils.java:259)
	at org.apache.ratis.grpc.GrpcUtil.tryUnwrapException(GrpcUtil.java:120)
	... 13 more
Caused by: org.apache.ratis.thirdparty.io.grpc.StatusRuntimeException: INTERNAL: Task java.util.concurrent.CompletableFuture$AsyncSupply@8afae43 rejected from java.util.concurrent.ThreadPoolExecutor@5f803e53[Terminated, pool size = 0, active threads = 0, queued tasks = 0, completed tasks = 0]
	at org.apache.ratis.thirdparty.io.grpc.Status.asRuntimeException(Status.java:535)
	... 10 more
	Suppressed: java.lang.IllegalStateException: Failed to cast to class java.io.IOException, object=java.util.concurrent.RejectedExecutionException: Task java.util.concurrent.CompletableFuture$AsyncSupply@8afae43 rejected from java.util.concurrent.ThreadPoolExecutor@5f803e53[Terminated, pool size = 0, active threads = 0, queued tasks = 0, completed tasks = 0]
	at java.util.concurrent.ThreadPoolExecutor$AbortPolicy.rejectedExecution(ThreadPoolExecutor.java:2063)
	at java.util.concurrent.ThreadPoolExecutor.reject(ThreadPoolExecutor.java:830)
	at java.util.concurrent.ThreadPoolExecutor.execute(ThreadPoolExecutor.java:1379)
	at java.util.concurrent.CompletableFuture.asyncSupplyStage(CompletableFuture.java:1618)
	at java.util.concurrent.CompletableFuture.supplyAsync(CompletableFuture.java:1843)
	at org.apache.ratis.server.impl.RaftServerImpl.executeSubmitServerRequestAsync(RaftServerImpl.java:788)
	at org.apache.ratis.server.impl.RaftServerProxy.lambda$appendEntriesAsync$26(RaftServerProxy.java:622)
	at java.util.concurrent.CompletableFuture.uniComposeStage(CompletableFuture.java:995)
	at java.util.concurrent.CompletableFuture.thenCompose(CompletableFuture.java:2137)
	at org.apache.ratis.server.impl.RaftServerProxy.appendEntriesAsync(RaftServerProxy.java:622)
	at org.apache.ratis.grpc.server.GrpcServerProtocolService$1.process(GrpcServerProtocolService.java:207)
	at org.apache.ratis.grpc.server.GrpcServerProtocolService$1.process(GrpcServerProtocolService.java:204)
	at org.apache.ratis.grpc.server.GrpcServerProtocolService$ServerRequestStreamObserver.onNext(GrpcServerProtocolService.java:126)
	at org.apache.ratis.thirdparty.io.grpc.stub.ServerCalls$StreamingServerCallHandler$StreamingServerCallListener.onMessage(ServerCalls.java:262)
	at org.apache.ratis.thirdparty.io.grpc.ForwardingServerCallListener.onMessage(ForwardingServerCallListener.java:33)
	at org.apache.ratis.thirdparty.io.grpc.internal.ServerCallImpl$ServerStreamListenerImpl.messagesAvailableInternal(ServerCallImpl.java:318)
	at org.apache.ratis.thirdparty.io.grpc.internal.ServerCallImpl$ServerStreamListenerImpl.messagesAvailable(ServerCallImpl.java:301)
	at org.apache.ratis.thirdparty.io.grpc.internal.ServerImpl$JumpToApplicationThreadServerStreamListener$1MessagesAvailable.runInContext(ServerImpl.java:834)
	at org.apache.ratis.thirdparty.io.grpc.internal.ContextRunnable.run(ContextRunnable.java:37)
	at org.apache.ratis.thirdparty.io.grpc.internal.SerializingExecutor.run(SerializingExecutor.java:133)
	at java.util.concurrent.ThreadPoolExecutor.runWorker(ThreadPoolExecutor.java:1149)
	at java.util.concurrent.ThreadPoolExecutor$Worker.run(ThreadPoolExecutor.java:624)
	at java.lang.Thread.run(Thread.java:750)

		at org.apache.ratis.util.IOUtils.readObject(IOUtils.java:237)
		at org.apache.ratis.util.IOUtils.bytes2Object(IOUtils.java:214)
		at org.apache.ratis.grpc.GrpcUtil.tryUnwrapException(GrpcUtil.java:109)
		at org.apache.ratis.grpc.GrpcUtil.unwrapThrowable(GrpcUtil.java:82)
		at org.apache.ratis.grpc.GrpcUtil.warn(GrpcUtil.java:178)
		at org.apache.ratis.grpc.server.GrpcLogAppender$AppendLogResponseHandler.onError(GrpcLogAppender.java:378)
		... 10 more
	Caused by: java.lang.ClassCastException: Cannot cast java.util.concurrent.RejectedExecutionException to java.io.IOException
		at java.lang.Class.cast(Class.java:3369)
		at org.apache.ratis.util.IOUtils.readObject(IOUtils.java:234)
		... 15 more
2022-07-24 15:57:05,854 [grpc-default-executor-3] INFO  leader.FollowerInfo (FollowerInfoImpl.java:lambda$new$0(48)) - s0@group-1D117010C276->s2: nextIndex: updateUnconditionally 249 -> 199
2022-07-24 15:57:05,856 [s1@group-1D117010C276-StateMachineUpdater] INFO  statemachine.SimpleStateMachine4Testing (SimpleStateMachine4Testing.java:put(204)) - s1: put 247, m121 -> (t:2, i:247), STATEMACHINELOGENTRY, 507@client-6F86E1C52B91
2022-07-24 15:57:05,857 [grpc-default-executor-3] WARN  server.GrpcServerProtocolService (LogUtils.java:warn(124)) - s2: Failed APPEND_ENTRIES request s0->s2#99-t2,previous=(t:1, i:198),leaderCommit=248,initializing? true,entries: size=51, first=(t:2, i:199), CONFIGURATIONENTRY(current:id: "s0"
address: "localhost:41145"
dataStreamAddress: "localhost:35053"
clientAddress: "localhost:40971"
adminAddress: "localhost:44949"
startupRole: FOLLOWER
,id: "s1"
address: "localhost:37813"
dataStreamAddress: "localhost:42861"
clientAddress: "localhost:42193"
adminAddress: "localhost:42655"
startupRole: FOLLOWER
,id: "s2"
address: "localhost:37241"
dataStreamAddress: "localhost:33751"
clientAddress: "localhost:34449"
adminAddress: "localhost:39099"
startupRole: FOLLOWER
, old:)
java.util.concurrent.CompletionException: java.util.concurrent.RejectedExecutionException: Task java.util.concurrent.CompletableFuture$AsyncSupply@792c7cb4 rejected from java.util.concurrent.ThreadPoolExecutor@5f803e53[Terminated, pool size = 0, active threads = 0, queued tasks = 0, completed tasks = 0]
	at java.util.concurrent.CompletableFuture.encodeThrowable(CompletableFuture.java:273)
	at java.util.concurrent.CompletableFuture.uniComposeStage(CompletableFuture.java:1005)
	at java.util.concurrent.CompletableFuture.thenCompose(CompletableFuture.java:2137)
	at org.apache.ratis.server.impl.RaftServerProxy.appendEntriesAsync(RaftServerProxy.java:622)
	at org.apache.ratis.grpc.server.GrpcServerProtocolService$1.process(GrpcServerProtocolService.java:207)
	at org.apache.ratis.grpc.server.GrpcServerProtocolService$1.process(GrpcServerProtocolService.java:204)
	at org.apache.ratis.grpc.server.GrpcServerProtocolService$ServerRequestStreamObserver.onNext(GrpcServerProtocolService.java:126)
	at org.apache.ratis.thirdparty.io.grpc.stub.ServerCalls$StreamingServerCallHandler$StreamingServerCallListener.onMessage(ServerCalls.java:262)
	at org.apache.ratis.thirdparty.io.grpc.ForwardingServerCallListener.onMessage(ForwardingServerCallListener.java:33)
	at org.apache.ratis.thirdparty.io.grpc.internal.ServerCallImpl$ServerStreamListenerImpl.messagesAvailableInternal(ServerCallImpl.java:318)
	at org.apache.ratis.thirdparty.io.grpc.internal.ServerCallImpl$ServerStreamListenerImpl.messagesAvailable(ServerCallImpl.java:301)
	at org.apache.ratis.thirdparty.io.grpc.internal.ServerImpl$JumpToApplicationThreadServerStreamListener$1MessagesAvailable.runInContext(ServerImpl.java:834)
	at org.apache.ratis.thirdparty.io.grpc.internal.ContextRunnable.run(ContextRunnable.java:37)
	at org.apache.ratis.thirdparty.io.grpc.internal.SerializingExecutor.run(SerializingExecutor.java:133)
	at java.util.concurrent.ThreadPoolExecutor.runWorker(ThreadPoolExecutor.java:1149)
	at java.util.concurrent.ThreadPoolExecutor$Worker.run(ThreadPoolExecutor.java:624)
	at java.lang.Thread.run(Thread.java:750)
Caused by: java.util.concurrent.RejectedExecutionException: Task java.util.concurrent.CompletableFuture$AsyncSupply@792c7cb4 rejected from java.util.concurrent.ThreadPoolExecutor@5f803e53[Terminated, pool size = 0, active threads = 0, queued tasks = 0, completed tasks = 0]
	at java.util.concurrent.ThreadPoolExecutor$AbortPolicy.rejectedExecution(ThreadPoolExecutor.java:2063)
	at java.util.concurrent.ThreadPoolExecutor.reject(ThreadPoolExecutor.java:830)
	at java.util.concurrent.ThreadPoolExecutor.execute(ThreadPoolExecutor.java:1379)
	at java.util.concurrent.CompletableFuture.asyncSupplyStage(CompletableFuture.java:1618)
	at java.util.concurrent.CompletableFuture.supplyAsync(CompletableFuture.java:1843)
	at org.apache.ratis.server.impl.RaftServerImpl.executeSubmitServerRequestAsync(RaftServerImpl.java:788)
	at org.apache.ratis.server.impl.RaftServerProxy.lambda$appendEntriesAsync$26(RaftServerProxy.java:622)
	at java.util.concurrent.CompletableFuture.uniComposeStage(CompletableFuture.java:995)
	... 15 more
2022-07-24 15:57:05,858 [grpc-default-executor-2] WARN  server.GrpcLogAppender (LogUtils.java:warn(124)) - s0@group-1D117010C276->s2-AppendLogResponseHandler: Failed appendEntries
java.io.IOException: java.util.concurrent.RejectedExecutionException: Task java.util.concurrent.CompletableFuture$AsyncSupply@792c7cb4 rejected from java.util.concurrent.ThreadPoolExecutor@5f803e53[Terminated, pool size = 0, active threads = 0, queued tasks = 0, completed tasks = 0]
	at org.apache.ratis.util.IOUtils.asIOException(IOUtils.java:56)
	at org.apache.ratis.grpc.GrpcUtil.tryUnwrapException(GrpcUtil.java:121)
	at org.apache.ratis.grpc.GrpcUtil.unwrapThrowable(GrpcUtil.java:82)
	at org.apache.ratis.grpc.GrpcUtil.warn(GrpcUtil.java:178)
	at org.apache.ratis.grpc.server.GrpcLogAppender$AppendLogResponseHandler.onError(GrpcLogAppender.java:378)
	at org.apache.ratis.thirdparty.io.grpc.stub.ClientCalls$StreamObserverToCallListenerAdapter.onClose(ClientCalls.java:479)
	at org.apache.ratis.thirdparty.io.grpc.internal.ClientCallImpl.closeObserver(ClientCallImpl.java:562)
	at org.apache.ratis.thirdparty.io.grpc.internal.ClientCallImpl.access$300(ClientCallImpl.java:70)
	at org.apache.ratis.thirdparty.io.grpc.internal.ClientCallImpl$ClientStreamListenerImpl$1StreamClosed.runInternal(ClientCallImpl.java:743)
	at org.apache.ratis.thirdparty.io.grpc.internal.ClientCallImpl$ClientStreamListenerImpl$1StreamClosed.runInContext(ClientCallImpl.java:722)
	at org.apache.ratis.thirdparty.io.grpc.internal.ContextRunnable.run(ContextRunnable.java:37)
	at org.apache.ratis.thirdparty.io.grpc.internal.SerializingExecutor.run(SerializingExecutor.java:133)
	at java.util.concurrent.ThreadPoolExecutor.runWorker(ThreadPoolExecutor.java:1149)
	at java.util.concurrent.ThreadPoolExecutor$Worker.run(ThreadPoolExecutor.java:624)
	at java.lang.Thread.run(Thread.java:750)
Caused by: java.util.concurrent.RejectedExecutionException: Task java.util.concurrent.CompletableFuture$AsyncSupply@792c7cb4 rejected from java.util.concurrent.ThreadPoolExecutor@5f803e53[Terminated, pool size = 0, active threads = 0, queued tasks = 0, completed tasks = 0]
	at sun.reflect.GeneratedConstructorAccessor9.newInstance(Unknown Source)
	at sun.reflect.DelegatingConstructorAccessorImpl.newInstance(DelegatingConstructorAccessorImpl.java:45)
	at java.lang.reflect.Constructor.newInstance(Constructor.java:423)
	at org.apache.ratis.util.ReflectionUtils.instantiateException(ReflectionUtils.java:259)
	at org.apache.ratis.grpc.GrpcUtil.tryUnwrapException(GrpcUtil.java:120)
	... 13 more
Caused by: org.apache.ratis.thirdparty.io.grpc.StatusRuntimeException: INTERNAL: Task java.util.concurrent.CompletableFuture$AsyncSupply@792c7cb4 rejected from java.util.concurrent.ThreadPoolExecutor@5f803e53[Terminated, pool size = 0, active threads = 0, queued tasks = 0, completed tasks = 0]
	at org.apache.ratis.thirdparty.io.grpc.Status.asRuntimeException(Status.java:535)
	... 10 more
	Suppressed: java.lang.IllegalStateException: Failed to cast to class java.io.IOException, object=java.util.concurrent.RejectedExecutionException: Task java.util.concurrent.CompletableFuture$AsyncSupply@792c7cb4 rejected from java.util.concurrent.ThreadPoolExecutor@5f803e53[Terminated, pool size = 0, active threads = 0, queued tasks = 0, completed tasks = 0]
	at java.util.concurrent.ThreadPoolExecutor$AbortPolicy.rejectedExecution(ThreadPoolExecutor.java:2063)
	at java.util.concurrent.ThreadPoolExecutor.reject(ThreadPoolExecutor.java:830)
	at java.util.concurrent.ThreadPoolExecutor.execute(ThreadPoolExecutor.java:1379)
	at java.util.concurrent.CompletableFuture.asyncSupplyStage(CompletableFuture.java:1618)
	at java.util.concurrent.CompletableFuture.supplyAsync(CompletableFuture.java:1843)
	at org.apache.ratis.server.impl.RaftServerImpl.executeSubmitServerRequestAsync(RaftServerImpl.java:788)
	at org.apache.ratis.server.impl.RaftServerProxy.lambda$appendEntriesAsync$26(RaftServerProxy.java:622)
	at java.util.concurrent.CompletableFuture.uniComposeStage(CompletableFuture.java:995)
	at java.util.concurrent.CompletableFuture.thenCompose(CompletableFuture.java:2137)
	at org.apache.ratis.server.impl.RaftServerProxy.appendEntriesAsync(RaftServerProxy.java:622)
	at org.apache.ratis.grpc.server.GrpcServerProtocolService$1.process(GrpcServerProtocolService.java:207)
	at org.apache.ratis.grpc.server.GrpcServerProtocolService$1.process(GrpcServerProtocolService.java:204)
	at org.apache.ratis.grpc.server.GrpcServerProtocolService$ServerRequestStreamObserver.onNext(GrpcServerProtocolService.java:126)
	at org.apache.ratis.thirdparty.io.grpc.stub.ServerCalls$StreamingServerCallHandler$StreamingServerCallListener.onMessage(ServerCalls.java:262)
	at org.apache.ratis.thirdparty.io.grpc.ForwardingServerCallListener.onMessage(ForwardingServerCallListener.java:33)
	at org.apache.ratis.thirdparty.io.grpc.internal.ServerCallImpl$ServerStreamListenerImpl.messagesAvailableInternal(ServerCallImpl.java:318)
	at org.apache.ratis.thirdparty.io.grpc.internal.ServerCallImpl$ServerStreamListenerImpl.messagesAvailable(ServerCallImpl.java:301)
	at org.apache.ratis.thirdparty.io.grpc.internal.ServerImpl$JumpToApplicationThreadServerStreamListener$1MessagesAvailable.runInContext(ServerImpl.java:834)
	at org.apache.ratis.thirdparty.io.grpc.internal.ContextRunnable.run(ContextRunnable.java:37)
	at org.apache.ratis.thirdparty.io.grpc.internal.SerializingExecutor.run(SerializingExecutor.java:133)
	at java.util.concurrent.ThreadPoolExecutor.runWorker(ThreadPoolExecutor.java:1149)
	at java.util.concurrent.ThreadPoolExecutor$Worker.run(ThreadPoolExecutor.java:624)
	at java.lang.Thread.run(Thread.java:750)

		at org.apache.ratis.util.IOUtils.readObject(IOUtils.java:237)
		at org.apache.ratis.util.IOUtils.bytes2Object(IOUtils.java:214)
		at org.apache.ratis.grpc.GrpcUtil.tryUnwrapException(GrpcUtil.java:109)
		at org.apache.ratis.grpc.GrpcUtil.unwrapThrowable(GrpcUtil.java:82)
		at org.apache.ratis.grpc.GrpcUtil.warn(GrpcUtil.java:178)
		at org.apache.ratis.grpc.server.GrpcLogAppender$AppendLogResponseHandler.onError(GrpcLogAppender.java:378)
		... 10 more
	Caused by: java.lang.ClassCastException: Cannot cast java.util.concurrent.RejectedExecutionException to java.io.IOException
		at java.lang.Class.cast(Class.java:3369)
		at org.apache.ratis.util.IOUtils.readObject(IOUtils.java:234)
		... 15 more
2022-07-24 15:57:05,859 [grpc-default-executor-2] INFO  leader.FollowerInfo (FollowerInfoImpl.java:lambda$new$0(48)) - s0@group-1D117010C276->s2: nextIndex: updateUnconditionally 250 -> 199
2022-07-24 15:57:05,860 [s0@group-1D117010C276-StateMachineUpdater] INFO  statemachine.SimpleStateMachine4Testing (SimpleStateMachine4Testing.java:put(204)) - s0: put 249, m122 -> (t:2, i:249), STATEMACHINELOGENTRY, 508@client-6F86E1C52B91
2022-07-24 15:57:05,861 [s1-server-thread1] DEBUG raftlog.RaftLog (SegmentedRaftLog.java:appendImpl(447)) - truncateIndex=-1, arrayIndex=0
2022-07-24 15:57:05,862 [grpc-default-executor-2] WARN  server.GrpcServerProtocolService (LogUtils.java:warn(124)) - s2: Failed APPEND_ENTRIES request s0->s2#100-t2,previous=(t:1, i:198),leaderCommit=249,initializing? true,entries: size=52, first=(t:2, i:199), CONFIGURATIONENTRY(current:id: "s0"
address: "localhost:41145"
dataStreamAddress: "localhost:35053"
clientAddress: "localhost:40971"
adminAddress: "localhost:44949"
startupRole: FOLLOWER
,id: "s1"
address: "localhost:37813"
dataStreamAddress: "localhost:42861"
clientAddress: "localhost:42193"
adminAddress: "localhost:42655"
startupRole: FOLLOWER
,id: "s2"
address: "localhost:37241"
dataStreamAddress: "localhost:33751"
clientAddress: "localhost:34449"
adminAddress: "localhost:39099"
startupRole: FOLLOWER
, old:)
java.util.concurrent.CompletionException: java.util.concurrent.RejectedExecutionException: Task java.util.concurrent.CompletableFuture$AsyncSupply@360d5ad7 rejected from java.util.concurrent.ThreadPoolExecutor@5f803e53[Terminated, pool size = 0, active threads = 0, queued tasks = 0, completed tasks = 0]
	at java.util.concurrent.CompletableFuture.encodeThrowable(CompletableFuture.java:273)
	at java.util.concurrent.CompletableFuture.uniComposeStage(CompletableFuture.java:1005)
	at java.util.concurrent.CompletableFuture.thenCompose(CompletableFuture.java:2137)
	at org.apache.ratis.server.impl.RaftServerProxy.appendEntriesAsync(RaftServerProxy.java:622)
	at org.apache.ratis.grpc.server.GrpcServerProtocolService$1.process(GrpcServerProtocolService.java:207)
	at org.apache.ratis.grpc.server.GrpcServerProtocolService$1.process(GrpcServerProtocolService.java:204)
	at org.apache.ratis.grpc.server.GrpcServerProtocolService$ServerRequestStreamObserver.onNext(GrpcServerProtocolService.java:126)
	at org.apache.ratis.thirdparty.io.grpc.stub.ServerCalls$StreamingServerCallHandler$StreamingServerCallListener.onMessage(ServerCalls.java:262)
	at org.apache.ratis.thirdparty.io.grpc.ForwardingServerCallListener.onMessage(ForwardingServerCallListener.java:33)
	at org.apache.ratis.thirdparty.io.grpc.internal.ServerCallImpl$ServerStreamListenerImpl.messagesAvailableInternal(ServerCallImpl.java:318)
	at org.apache.ratis.thirdparty.io.grpc.internal.ServerCallImpl$ServerStreamListenerImpl.messagesAvailable(ServerCallImpl.java:301)
	at org.apache.ratis.thirdparty.io.grpc.internal.ServerImpl$JumpToApplicationThreadServerStreamListener$1MessagesAvailable.runInContext(ServerImpl.java:834)
	at org.apache.ratis.thirdparty.io.grpc.internal.ContextRunnable.run(ContextRunnable.java:37)
	at org.apache.ratis.thirdparty.io.grpc.internal.SerializingExecutor.run(SerializingExecutor.java:133)
	at java.util.concurrent.ThreadPoolExecutor.runWorker(ThreadPoolExecutor.java:1149)
	at java.util.concurrent.ThreadPoolExecutor$Worker.run(ThreadPoolExecutor.java:624)
	at java.lang.Thread.run(Thread.java:750)
Caused by: java.util.concurrent.RejectedExecutionException: Task java.util.concurrent.CompletableFuture$AsyncSupply@360d5ad7 rejected from java.util.concurrent.ThreadPoolExecutor@5f803e53[Terminated, pool size = 0, active threads = 0, queued tasks = 0, completed tasks = 0]
	at java.util.concurrent.ThreadPoolExecutor$AbortPolicy.rejectedExecution(ThreadPoolExecutor.java:2063)
	at java.util.concurrent.ThreadPoolExecutor.reject(ThreadPoolExecutor.java:830)
	at java.util.concurrent.ThreadPoolExecutor.execute(ThreadPoolExecutor.java:1379)
	at java.util.concurrent.CompletableFuture.asyncSupplyStage(CompletableFuture.java:1618)
	at java.util.concurrent.CompletableFuture.supplyAsync(CompletableFuture.java:1843)
	at org.apache.ratis.server.impl.RaftServerImpl.executeSubmitServerRequestAsync(RaftServerImpl.java:788)
	at org.apache.ratis.server.impl.RaftServerProxy.lambda$appendEntriesAsync$26(RaftServerProxy.java:622)
	at java.util.concurrent.CompletableFuture.uniComposeStage(CompletableFuture.java:995)
	... 15 more
2022-07-24 15:57:05,863 [grpc-default-executor-2] WARN  server.GrpcLogAppender (LogUtils.java:warn(124)) - s0@group-1D117010C276->s2-AppendLogResponseHandler: Failed appendEntries
java.io.IOException: java.util.concurrent.RejectedExecutionException: Task java.util.concurrent.CompletableFuture$AsyncSupply@360d5ad7 rejected from java.util.concurrent.ThreadPoolExecutor@5f803e53[Terminated, pool size = 0, active threads = 0, queued tasks = 0, completed tasks = 0]
	at org.apache.ratis.util.IOUtils.asIOException(IOUtils.java:56)
	at org.apache.ratis.grpc.GrpcUtil.tryUnwrapException(GrpcUtil.java:121)
	at org.apache.ratis.grpc.GrpcUtil.unwrapThrowable(GrpcUtil.java:82)
	at org.apache.ratis.grpc.GrpcUtil.warn(GrpcUtil.java:178)
	at org.apache.ratis.grpc.server.GrpcLogAppender$AppendLogResponseHandler.onError(GrpcLogAppender.java:378)
	at org.apache.ratis.thirdparty.io.grpc.stub.ClientCalls$StreamObserverToCallListenerAdapter.onClose(ClientCalls.java:479)
	at org.apache.ratis.thirdparty.io.grpc.internal.ClientCallImpl.closeObserver(ClientCallImpl.java:562)
	at org.apache.ratis.thirdparty.io.grpc.internal.ClientCallImpl.access$300(ClientCallImpl.java:70)
	at org.apache.ratis.thirdparty.io.grpc.internal.ClientCallImpl$ClientStreamListenerImpl$1StreamClosed.runInternal(ClientCallImpl.java:743)
	at org.apache.ratis.thirdparty.io.grpc.internal.ClientCallImpl$ClientStreamListenerImpl$1StreamClosed.runInContext(ClientCallImpl.java:722)
	at org.apache.ratis.thirdparty.io.grpc.internal.ContextRunnable.run(ContextRunnable.java:37)
	at org.apache.ratis.thirdparty.io.grpc.internal.SerializingExecutor.run(SerializingExecutor.java:133)
	at java.util.concurrent.ThreadPoolExecutor.runWorker(ThreadPoolExecutor.java:1149)
	at java.util.concurrent.ThreadPoolExecutor$Worker.run(ThreadPoolExecutor.java:624)
	at java.lang.Thread.run(Thread.java:750)
Caused by: java.util.concurrent.RejectedExecutionException: Task java.util.concurrent.CompletableFuture$AsyncSupply@360d5ad7 rejected from java.util.concurrent.ThreadPoolExecutor@5f803e53[Terminated, pool size = 0, active threads = 0, queued tasks = 0, completed tasks = 0]
	at sun.reflect.GeneratedConstructorAccessor9.newInstance(Unknown Source)
	at sun.reflect.DelegatingConstructorAccessorImpl.newInstance(DelegatingConstructorAccessorImpl.java:45)
	at java.lang.reflect.Constructor.newInstance(Constructor.java:423)
	at org.apache.ratis.util.ReflectionUtils.instantiateException(ReflectionUtils.java:259)
	at org.apache.ratis.grpc.GrpcUtil.tryUnwrapException(GrpcUtil.java:120)
	... 13 more
Caused by: org.apache.ratis.thirdparty.io.grpc.StatusRuntimeException: INTERNAL: Task java.util.concurrent.CompletableFuture$AsyncSupply@360d5ad7 rejected from java.util.concurrent.ThreadPoolExecutor@5f803e53[Terminated, pool size = 0, active threads = 0, queued tasks = 0, completed tasks = 0]
	at org.apache.ratis.thirdparty.io.grpc.Status.asRuntimeException(Status.java:535)
	... 10 more
	Suppressed: java.lang.IllegalStateException: Failed to cast to class java.io.IOException, object=java.util.concurrent.RejectedExecutionException: Task java.util.concurrent.CompletableFuture$AsyncSupply@360d5ad7 rejected from java.util.concurrent.ThreadPoolExecutor@5f803e53[Terminated, pool size = 0, active threads = 0, queued tasks = 0, completed tasks = 0]
	at java.util.concurrent.ThreadPoolExecutor$AbortPolicy.rejectedExecution(ThreadPoolExecutor.java:2063)
	at java.util.concurrent.ThreadPoolExecutor.reject(ThreadPoolExecutor.java:830)
	at java.util.concurrent.ThreadPoolExecutor.execute(ThreadPoolExecutor.java:1379)
	at java.util.concurrent.CompletableFuture.asyncSupplyStage(CompletableFuture.java:1618)
	at java.util.concurrent.CompletableFuture.supplyAsync(CompletableFuture.java:1843)
	at org.apache.ratis.server.impl.RaftServerImpl.executeSubmitServerRequestAsync(RaftServerImpl.java:788)
	at org.apache.ratis.server.impl.RaftServerProxy.lambda$appendEntriesAsync$26(RaftServerProxy.java:622)
	at java.util.concurrent.CompletableFuture.uniComposeStage(CompletableFuture.java:995)
	at java.util.concurrent.CompletableFuture.thenCompose(CompletableFuture.java:2137)
	at org.apache.ratis.server.impl.RaftServerProxy.appendEntriesAsync(RaftServerProxy.java:622)
	at org.apache.ratis.grpc.server.GrpcServerProtocolService$1.process(GrpcServerProtocolService.java:207)
	at org.apache.ratis.grpc.server.GrpcServerProtocolService$1.process(GrpcServerProtocolService.java:204)
	at org.apache.ratis.grpc.server.GrpcServerProtocolService$ServerRequestStreamObserver.onNext(GrpcServerProtocolService.java:126)
	at org.apache.ratis.thirdparty.io.grpc.stub.ServerCalls$StreamingServerCallHandler$StreamingServerCallListener.onMessage(ServerCalls.java:262)
	at org.apache.ratis.thirdparty.io.grpc.ForwardingServerCallListener.onMessage(ForwardingServerCallListener.java:33)
	at org.apache.ratis.thirdparty.io.grpc.internal.ServerCallImpl$ServerStreamListenerImpl.messagesAvailableInternal(ServerCallImpl.java:318)
	at org.apache.ratis.thirdparty.io.grpc.internal.ServerCallImpl$ServerStreamListenerImpl.messagesAvailable(ServerCallImpl.java:301)
	at org.apache.ratis.thirdparty.io.grpc.internal.ServerImpl$JumpToApplicationThreadServerStreamListener$1MessagesAvailable.runInContext(ServerImpl.java:834)
	at org.apache.ratis.thirdparty.io.grpc.internal.ContextRunnable.run(ContextRunnable.java:37)
	at org.apache.ratis.thirdparty.io.grpc.internal.SerializingExecutor.run(SerializingExecutor.java:133)
	at java.util.concurrent.ThreadPoolExecutor.runWorker(ThreadPoolExecutor.java:1149)
	at java.util.concurrent.ThreadPoolExecutor$Worker.run(ThreadPoolExecutor.java:624)
	at java.lang.Thread.run(Thread.java:750)

		at org.apache.ratis.util.IOUtils.readObject(IOUtils.java:237)
		at org.apache.ratis.util.IOUtils.bytes2Object(IOUtils.java:214)
		at org.apache.ratis.grpc.GrpcUtil.tryUnwrapException(GrpcUtil.java:109)
		at org.apache.ratis.grpc.GrpcUtil.unwrapThrowable(GrpcUtil.java:82)
		at org.apache.ratis.grpc.GrpcUtil.warn(GrpcUtil.java:178)
		at org.apache.ratis.grpc.server.GrpcLogAppender$AppendLogResponseHandler.onError(GrpcLogAppender.java:378)
		... 10 more
	Caused by: java.lang.ClassCastException: Cannot cast java.util.concurrent.RejectedExecutionException to java.io.IOException
		at java.lang.Class.cast(Class.java:3369)
		at org.apache.ratis.util.IOUtils.readObject(IOUtils.java:234)
		... 15 more
2022-07-24 15:57:05,863 [grpc-default-executor-2] INFO  leader.FollowerInfo (FollowerInfoImpl.java:lambda$new$0(48)) - s0@group-1D117010C276->s2: nextIndex: updateUnconditionally 251 -> 199
2022-07-24 15:57:05,863 [s1-server-thread1] DEBUG raftlog.RaftLog (SegmentedRaftLog.java:appendImpl(447)) - truncateIndex=-1, arrayIndex=0
2022-07-24 15:57:05,864 [s1@group-1D117010C276-StateMachineUpdater] INFO  statemachine.SimpleStateMachine4Testing (SimpleStateMachine4Testing.java:put(204)) - s1: put 249, m122 -> (t:2, i:249), STATEMACHINELOGENTRY, 508@client-6F86E1C52B91
2022-07-24 15:57:05,865 [grpc-default-executor-2] WARN  server.GrpcServerProtocolService (LogUtils.java:warn(124)) - s2: Failed APPEND_ENTRIES request s0->s2#102-t2,previous=(t:1, i:198),leaderCommit=250,initializing? true,entries: size=53, first=(t:2, i:199), CONFIGURATIONENTRY(current:id: "s0"
address: "localhost:41145"
dataStreamAddress: "localhost:35053"
clientAddress: "localhost:40971"
adminAddress: "localhost:44949"
startupRole: FOLLOWER
,id: "s1"
address: "localhost:37813"
dataStreamAddress: "localhost:42861"
clientAddress: "localhost:42193"
adminAddress: "localhost:42655"
startupRole: FOLLOWER
,id: "s2"
address: "localhost:37241"
dataStreamAddress: "localhost:33751"
clientAddress: "localhost:34449"
adminAddress: "localhost:39099"
startupRole: FOLLOWER
, old:)
java.util.concurrent.CompletionException: java.util.concurrent.RejectedExecutionException: Task java.util.concurrent.CompletableFuture$AsyncSupply@60ffa3a8 rejected from java.util.concurrent.ThreadPoolExecutor@5f803e53[Terminated, pool size = 0, active threads = 0, queued tasks = 0, completed tasks = 0]
	at java.util.concurrent.CompletableFuture.encodeThrowable(CompletableFuture.java:273)
	at java.util.concurrent.CompletableFuture.uniComposeStage(CompletableFuture.java:1005)
	at java.util.concurrent.CompletableFuture.thenCompose(CompletableFuture.java:2137)
	at org.apache.ratis.server.impl.RaftServerProxy.appendEntriesAsync(RaftServerProxy.java:622)
	at org.apache.ratis.grpc.server.GrpcServerProtocolService$1.process(GrpcServerProtocolService.java:207)
	at org.apache.ratis.grpc.server.GrpcServerProtocolService$1.process(GrpcServerProtocolService.java:204)
	at org.apache.ratis.grpc.server.GrpcServerProtocolService$ServerRequestStreamObserver.onNext(GrpcServerProtocolService.java:126)
	at org.apache.ratis.thirdparty.io.grpc.stub.ServerCalls$StreamingServerCallHandler$StreamingServerCallListener.onMessage(ServerCalls.java:262)
	at org.apache.ratis.thirdparty.io.grpc.ForwardingServerCallListener.onMessage(ForwardingServerCallListener.java:33)
	at org.apache.ratis.thirdparty.io.grpc.internal.ServerCallImpl$ServerStreamListenerImpl.messagesAvailableInternal(ServerCallImpl.java:318)
	at org.apache.ratis.thirdparty.io.grpc.internal.ServerCallImpl$ServerStreamListenerImpl.messagesAvailable(ServerCallImpl.java:301)
	at org.apache.ratis.thirdparty.io.grpc.internal.ServerImpl$JumpToApplicationThreadServerStreamListener$1MessagesAvailable.runInContext(ServerImpl.java:834)
	at org.apache.ratis.thirdparty.io.grpc.internal.ContextRunnable.run(ContextRunnable.java:37)
	at org.apache.ratis.thirdparty.io.grpc.internal.SerializingExecutor.run(SerializingExecutor.java:133)
	at java.util.concurrent.ThreadPoolExecutor.runWorker(ThreadPoolExecutor.java:1149)
	at java.util.concurrent.ThreadPoolExecutor$Worker.run(ThreadPoolExecutor.java:624)
	at java.lang.Thread.run(Thread.java:750)
Caused by: java.util.concurrent.RejectedExecutionException: Task java.util.concurrent.CompletableFuture$AsyncSupply@60ffa3a8 rejected from java.util.concurrent.ThreadPoolExecutor@5f803e53[Terminated, pool size = 0, active threads = 0, queued tasks = 0, completed tasks = 0]
	at java.util.concurrent.ThreadPoolExecutor$AbortPolicy.rejectedExecution(ThreadPoolExecutor.java:2063)
	at java.util.concurrent.ThreadPoolExecutor.reject(ThreadPoolExecutor.java:830)
	at java.util.concurrent.ThreadPoolExecutor.execute(ThreadPoolExecutor.java:1379)
	at java.util.concurrent.CompletableFuture.asyncSupplyStage(CompletableFuture.java:1618)
	at java.util.concurrent.CompletableFuture.supplyAsync(CompletableFuture.java:1843)
	at org.apache.ratis.server.impl.RaftServerImpl.executeSubmitServerRequestAsync(RaftServerImpl.java:788)
	at org.apache.ratis.server.impl.RaftServerProxy.lambda$appendEntriesAsync$26(RaftServerProxy.java:622)
	at java.util.concurrent.CompletableFuture.uniComposeStage(CompletableFuture.java:995)
	... 15 more
2022-07-24 15:57:05,867 [grpc-default-executor-2] WARN  server.GrpcLogAppender (LogUtils.java:warn(124)) - s0@group-1D117010C276->s2-AppendLogResponseHandler: Failed appendEntries
java.io.IOException: java.util.concurrent.RejectedExecutionException: Task java.util.concurrent.CompletableFuture$AsyncSupply@60ffa3a8 rejected from java.util.concurrent.ThreadPoolExecutor@5f803e53[Terminated, pool size = 0, active threads = 0, queued tasks = 0, completed tasks = 0]
	at org.apache.ratis.util.IOUtils.asIOException(IOUtils.java:56)
	at org.apache.ratis.grpc.GrpcUtil.tryUnwrapException(GrpcUtil.java:121)
	at org.apache.ratis.grpc.GrpcUtil.unwrapThrowable(GrpcUtil.java:82)
	at org.apache.ratis.grpc.GrpcUtil.warn(GrpcUtil.java:178)
	at org.apache.ratis.grpc.server.GrpcLogAppender$AppendLogResponseHandler.onError(GrpcLogAppender.java:378)
	at org.apache.ratis.thirdparty.io.grpc.stub.ClientCalls$StreamObserverToCallListenerAdapter.onClose(ClientCalls.java:479)
	at org.apache.ratis.thirdparty.io.grpc.internal.ClientCallImpl.closeObserver(ClientCallImpl.java:562)
	at org.apache.ratis.thirdparty.io.grpc.internal.ClientCallImpl.access$300(ClientCallImpl.java:70)
	at org.apache.ratis.thirdparty.io.grpc.internal.ClientCallImpl$ClientStreamListenerImpl$1StreamClosed.runInternal(ClientCallImpl.java:743)
	at org.apache.ratis.thirdparty.io.grpc.internal.ClientCallImpl$ClientStreamListenerImpl$1StreamClosed.runInContext(ClientCallImpl.java:722)
	at org.apache.ratis.thirdparty.io.grpc.internal.ContextRunnable.run(ContextRunnable.java:37)
	at org.apache.ratis.thirdparty.io.grpc.internal.SerializingExecutor.run(SerializingExecutor.java:133)
	at java.util.concurrent.ThreadPoolExecutor.runWorker(ThreadPoolExecutor.java:1149)
	at java.util.concurrent.ThreadPoolExecutor$Worker.run(ThreadPoolExecutor.java:624)
	at java.lang.Thread.run(Thread.java:750)
Caused by: java.util.concurrent.RejectedExecutionException: Task java.util.concurrent.CompletableFuture$AsyncSupply@60ffa3a8 rejected from java.util.concurrent.ThreadPoolExecutor@5f803e53[Terminated, pool size = 0, active threads = 0, queued tasks = 0, completed tasks = 0]
	at sun.reflect.GeneratedConstructorAccessor9.newInstance(Unknown Source)
	at sun.reflect.DelegatingConstructorAccessorImpl.newInstance(DelegatingConstructorAccessorImpl.java:45)
	at java.lang.reflect.Constructor.newInstance(Constructor.java:423)
	at org.apache.ratis.util.ReflectionUtils.instantiateException(ReflectionUtils.java:259)
	at org.apache.ratis.grpc.GrpcUtil.tryUnwrapException(GrpcUtil.java:120)
	... 13 more
Caused by: org.apache.ratis.thirdparty.io.grpc.StatusRuntimeException: INTERNAL: Task java.util.concurrent.CompletableFuture$AsyncSupply@60ffa3a8 rejected from java.util.concurrent.ThreadPoolExecutor@5f803e53[Terminated, pool size = 0, active threads = 0, queued tasks = 0, completed tasks = 0]
	at org.apache.ratis.thirdparty.io.grpc.Status.asRuntimeException(Status.java:535)
	... 10 more
	Suppressed: java.lang.IllegalStateException: Failed to cast to class java.io.IOException, object=java.util.concurrent.RejectedExecutionException: Task java.util.concurrent.CompletableFuture$AsyncSupply@60ffa3a8 rejected from java.util.concurrent.ThreadPoolExecutor@5f803e53[Terminated, pool size = 0, active threads = 0, queued tasks = 0, completed tasks = 0]
	at java.util.concurrent.ThreadPoolExecutor$AbortPolicy.rejectedExecution(ThreadPoolExecutor.java:2063)
	at java.util.concurrent.ThreadPoolExecutor.reject(ThreadPoolExecutor.java:830)
	at java.util.concurrent.ThreadPoolExecutor.execute(ThreadPoolExecutor.java:1379)
	at java.util.concurrent.CompletableFuture.asyncSupplyStage(CompletableFuture.java:1618)
	at java.util.concurrent.CompletableFuture.supplyAsync(CompletableFuture.java:1843)
	at org.apache.ratis.server.impl.RaftServerImpl.executeSubmitServerRequestAsync(RaftServerImpl.java:788)
	at org.apache.ratis.server.impl.RaftServerProxy.lambda$appendEntriesAsync$26(RaftServerProxy.java:622)
	at java.util.concurrent.CompletableFuture.uniComposeStage(CompletableFuture.java:995)
	at java.util.concurrent.CompletableFuture.thenCompose(CompletableFuture.java:2137)
	at org.apache.ratis.server.impl.RaftServerProxy.appendEntriesAsync(RaftServerProxy.java:622)
	at org.apache.ratis.grpc.server.GrpcServerProtocolService$1.process(GrpcServerProtocolService.java:207)
	at org.apache.ratis.grpc.server.GrpcServerProtocolService$1.process(GrpcServerProtocolService.java:204)
	at org.apache.ratis.grpc.server.GrpcServerProtocolService$ServerRequestStreamObserver.onNext(GrpcServerProtocolService.java:126)
	at org.apache.ratis.thirdparty.io.grpc.stub.ServerCalls$StreamingServerCallHandler$StreamingServerCallListener.onMessage(ServerCalls.java:262)
	at org.apache.ratis.thirdparty.io.grpc.ForwardingServerCallListener.onMessage(ForwardingServerCallListener.java:33)
	at org.apache.ratis.thirdparty.io.grpc.internal.ServerCallImpl$ServerStreamListenerImpl.messagesAvailableInternal(ServerCallImpl.java:318)
	at org.apache.ratis.thirdparty.io.grpc.internal.ServerCallImpl$ServerStreamListenerImpl.messagesAvailable(ServerCallImpl.java:301)
	at org.apache.ratis.thirdparty.io.grpc.internal.ServerImpl$JumpToApplicationThreadServerStreamListener$1MessagesAvailable.runInContext(ServerImpl.java:834)
	at org.apache.ratis.thirdparty.io.grpc.internal.ContextRunnable.run(ContextRunnable.java:37)
	at org.apache.ratis.thirdparty.io.grpc.internal.SerializingExecutor.run(SerializingExecutor.java:133)
	at java.util.concurrent.ThreadPoolExecutor.runWorker(ThreadPoolExecutor.java:1149)
	at java.util.concurrent.ThreadPoolExecutor$Worker.run(ThreadPoolExecutor.java:624)
	at java.lang.Thread.run(Thread.java:750)

		at org.apache.ratis.util.IOUtils.readObject(IOUtils.java:237)
		at org.apache.ratis.util.IOUtils.bytes2Object(IOUtils.java:214)
		at org.apache.ratis.grpc.GrpcUtil.tryUnwrapException(GrpcUtil.java:109)
		at org.apache.ratis.grpc.GrpcUtil.unwrapThrowable(GrpcUtil.java:82)
		at org.apache.ratis.grpc.GrpcUtil.warn(GrpcUtil.java:178)
		at org.apache.ratis.grpc.server.GrpcLogAppender$AppendLogResponseHandler.onError(GrpcLogAppender.java:378)
		... 10 more
	Caused by: java.lang.ClassCastException: Cannot cast java.util.concurrent.RejectedExecutionException to java.io.IOException
		at java.lang.Class.cast(Class.java:3369)
		at org.apache.ratis.util.IOUtils.readObject(IOUtils.java:234)
		... 15 more
2022-07-24 15:57:05,867 [grpc-default-executor-2] INFO  leader.FollowerInfo (FollowerInfoImpl.java:lambda$new$0(48)) - s0@group-1D117010C276->s2: nextIndex: updateUnconditionally 252 -> 199
2022-07-24 15:57:05,869 [s0@group-1D117010C276-StateMachineUpdater] INFO  statemachine.SimpleStateMachine4Testing (SimpleStateMachine4Testing.java:put(204)) - s0: put 251, m123 -> (t:2, i:251), STATEMACHINELOGENTRY, 509@client-6F86E1C52B91
2022-07-24 15:57:05,869 [s1-server-thread1] DEBUG raftlog.RaftLog (SegmentedRaftLog.java:appendImpl(447)) - truncateIndex=-1, arrayIndex=0
2022-07-24 15:57:05,870 [grpc-default-executor-2] WARN  server.GrpcServerProtocolService (LogUtils.java:warn(124)) - s2: Failed APPEND_ENTRIES request s0->s2#103-t2,previous=(t:1, i:198),leaderCommit=251,initializing? true,entries: size=54, first=(t:2, i:199), CONFIGURATIONENTRY(current:id: "s0"
address: "localhost:41145"
dataStreamAddress: "localhost:35053"
clientAddress: "localhost:40971"
adminAddress: "localhost:44949"
startupRole: FOLLOWER
,id: "s1"
address: "localhost:37813"
dataStreamAddress: "localhost:42861"
clientAddress: "localhost:42193"
adminAddress: "localhost:42655"
startupRole: FOLLOWER
,id: "s2"
address: "localhost:37241"
dataStreamAddress: "localhost:33751"
clientAddress: "localhost:34449"
adminAddress: "localhost:39099"
startupRole: FOLLOWER
, old:)
java.util.concurrent.CompletionException: java.util.concurrent.RejectedExecutionException: Task java.util.concurrent.CompletableFuture$AsyncSupply@12e1c1de rejected from java.util.concurrent.ThreadPoolExecutor@5f803e53[Terminated, pool size = 0, active threads = 0, queued tasks = 0, completed tasks = 0]
	at java.util.concurrent.CompletableFuture.encodeThrowable(CompletableFuture.java:273)
	at java.util.concurrent.CompletableFuture.uniComposeStage(CompletableFuture.java:1005)
	at java.util.concurrent.CompletableFuture.thenCompose(CompletableFuture.java:2137)
	at org.apache.ratis.server.impl.RaftServerProxy.appendEntriesAsync(RaftServerProxy.java:622)
	at org.apache.ratis.grpc.server.GrpcServerProtocolService$1.process(GrpcServerProtocolService.java:207)
	at org.apache.ratis.grpc.server.GrpcServerProtocolService$1.process(GrpcServerProtocolService.java:204)
	at org.apache.ratis.grpc.server.GrpcServerProtocolService$ServerRequestStreamObserver.onNext(GrpcServerProtocolService.java:126)
	at org.apache.ratis.thirdparty.io.grpc.stub.ServerCalls$StreamingServerCallHandler$StreamingServerCallListener.onMessage(ServerCalls.java:262)
	at org.apache.ratis.thirdparty.io.grpc.ForwardingServerCallListener.onMessage(ForwardingServerCallListener.java:33)
	at org.apache.ratis.thirdparty.io.grpc.internal.ServerCallImpl$ServerStreamListenerImpl.messagesAvailableInternal(ServerCallImpl.java:318)
	at org.apache.ratis.thirdparty.io.grpc.internal.ServerCallImpl$ServerStreamListenerImpl.messagesAvailable(ServerCallImpl.java:301)
	at org.apache.ratis.thirdparty.io.grpc.internal.ServerImpl$JumpToApplicationThreadServerStreamListener$1MessagesAvailable.runInContext(ServerImpl.java:834)
	at org.apache.ratis.thirdparty.io.grpc.internal.ContextRunnable.run(ContextRunnable.java:37)
	at org.apache.ratis.thirdparty.io.grpc.internal.SerializingExecutor.run(SerializingExecutor.java:133)
	at java.util.concurrent.ThreadPoolExecutor.runWorker(ThreadPoolExecutor.java:1149)
	at java.util.concurrent.ThreadPoolExecutor$Worker.run(ThreadPoolExecutor.java:624)
	at java.lang.Thread.run(Thread.java:750)
Caused by: java.util.concurrent.RejectedExecutionException: Task java.util.concurrent.CompletableFuture$AsyncSupply@12e1c1de rejected from java.util.concurrent.ThreadPoolExecutor@5f803e53[Terminated, pool size = 0, active threads = 0, queued tasks = 0, completed tasks = 0]
	at java.util.concurrent.ThreadPoolExecutor$AbortPolicy.rejectedExecution(ThreadPoolExecutor.java:2063)
	at java.util.concurrent.ThreadPoolExecutor.reject(ThreadPoolExecutor.java:830)
	at java.util.concurrent.ThreadPoolExecutor.execute(ThreadPoolExecutor.java:1379)
	at java.util.concurrent.CompletableFuture.asyncSupplyStage(CompletableFuture.java:1618)
	at java.util.concurrent.CompletableFuture.supplyAsync(CompletableFuture.java:1843)
	at org.apache.ratis.server.impl.RaftServerImpl.executeSubmitServerRequestAsync(RaftServerImpl.java:788)
	at org.apache.ratis.server.impl.RaftServerProxy.lambda$appendEntriesAsync$26(RaftServerProxy.java:622)
	at java.util.concurrent.CompletableFuture.uniComposeStage(CompletableFuture.java:995)
	... 15 more
2022-07-24 15:57:05,871 [grpc-default-executor-3] WARN  server.GrpcLogAppender (LogUtils.java:warn(124)) - s0@group-1D117010C276->s2-AppendLogResponseHandler: Failed appendEntries
java.io.IOException: java.util.concurrent.RejectedExecutionException: Task java.util.concurrent.CompletableFuture$AsyncSupply@12e1c1de rejected from java.util.concurrent.ThreadPoolExecutor@5f803e53[Terminated, pool size = 0, active threads = 0, queued tasks = 0, completed tasks = 0]
	at org.apache.ratis.util.IOUtils.asIOException(IOUtils.java:56)
	at org.apache.ratis.grpc.GrpcUtil.tryUnwrapException(GrpcUtil.java:121)
	at org.apache.ratis.grpc.GrpcUtil.unwrapThrowable(GrpcUtil.java:82)
	at org.apache.ratis.grpc.GrpcUtil.warn(GrpcUtil.java:178)
	at org.apache.ratis.grpc.server.GrpcLogAppender$AppendLogResponseHandler.onError(GrpcLogAppender.java:378)
	at org.apache.ratis.thirdparty.io.grpc.stub.ClientCalls$StreamObserverToCallListenerAdapter.onClose(ClientCalls.java:479)
	at org.apache.ratis.thirdparty.io.grpc.internal.ClientCallImpl.closeObserver(ClientCallImpl.java:562)
	at org.apache.ratis.thirdparty.io.grpc.internal.ClientCallImpl.access$300(ClientCallImpl.java:70)
	at org.apache.ratis.thirdparty.io.grpc.internal.ClientCallImpl$ClientStreamListenerImpl$1StreamClosed.runInternal(ClientCallImpl.java:743)
	at org.apache.ratis.thirdparty.io.grpc.internal.ClientCallImpl$ClientStreamListenerImpl$1StreamClosed.runInContext(ClientCallImpl.java:722)
	at org.apache.ratis.thirdparty.io.grpc.internal.ContextRunnable.run(ContextRunnable.java:37)
	at org.apache.ratis.thirdparty.io.grpc.internal.SerializingExecutor.run(SerializingExecutor.java:133)
	at java.util.concurrent.ThreadPoolExecutor.runWorker(ThreadPoolExecutor.java:1149)
	at java.util.concurrent.ThreadPoolExecutor$Worker.run(ThreadPoolExecutor.java:624)
	at java.lang.Thread.run(Thread.java:750)
Caused by: java.util.concurrent.RejectedExecutionException: Task java.util.concurrent.CompletableFuture$AsyncSupply@12e1c1de rejected from java.util.concurrent.ThreadPoolExecutor@5f803e53[Terminated, pool size = 0, active threads = 0, queued tasks = 0, completed tasks = 0]
	at sun.reflect.GeneratedConstructorAccessor9.newInstance(Unknown Source)
	at sun.reflect.DelegatingConstructorAccessorImpl.newInstance(DelegatingConstructorAccessorImpl.java:45)
	at java.lang.reflect.Constructor.newInstance(Constructor.java:423)
	at org.apache.ratis.util.ReflectionUtils.instantiateException(ReflectionUtils.java:259)
	at org.apache.ratis.grpc.GrpcUtil.tryUnwrapException(GrpcUtil.java:120)
	... 13 more
Caused by: org.apache.ratis.thirdparty.io.grpc.StatusRuntimeException: INTERNAL: Task java.util.concurrent.CompletableFuture$AsyncSupply@12e1c1de rejected from java.util.concurrent.ThreadPoolExecutor@5f803e53[Terminated, pool size = 0, active threads = 0, queued tasks = 0, completed tasks = 0]
	at org.apache.ratis.thirdparty.io.grpc.Status.asRuntimeException(Status.java:535)
	... 10 more
	Suppressed: java.lang.IllegalStateException: Failed to cast to class java.io.IOException, object=java.util.concurrent.RejectedExecutionException: Task java.util.concurrent.CompletableFuture$AsyncSupply@12e1c1de rejected from java.util.concurrent.ThreadPoolExecutor@5f803e53[Terminated, pool size = 0, active threads = 0, queued tasks = 0, completed tasks = 0]
	at java.util.concurrent.ThreadPoolExecutor$AbortPolicy.rejectedExecution(ThreadPoolExecutor.java:2063)
	at java.util.concurrent.ThreadPoolExecutor.reject(ThreadPoolExecutor.java:830)
	at java.util.concurrent.ThreadPoolExecutor.execute(ThreadPoolExecutor.java:1379)
	at java.util.concurrent.CompletableFuture.asyncSupplyStage(CompletableFuture.java:1618)
	at java.util.concurrent.CompletableFuture.supplyAsync(CompletableFuture.java:1843)
	at org.apache.ratis.server.impl.RaftServerImpl.executeSubmitServerRequestAsync(RaftServerImpl.java:788)
	at org.apache.ratis.server.impl.RaftServerProxy.lambda$appendEntriesAsync$26(RaftServerProxy.java:622)
	at java.util.concurrent.CompletableFuture.uniComposeStage(CompletableFuture.java:995)
	at java.util.concurrent.CompletableFuture.thenCompose(CompletableFuture.java:2137)
	at org.apache.ratis.server.impl.RaftServerProxy.appendEntriesAsync(RaftServerProxy.java:622)
	at org.apache.ratis.grpc.server.GrpcServerProtocolService$1.process(GrpcServerProtocolService.java:207)
	at org.apache.ratis.grpc.server.GrpcServerProtocolService$1.process(GrpcServerProtocolService.java:204)
	at org.apache.ratis.grpc.server.GrpcServerProtocolService$ServerRequestStreamObserver.onNext(GrpcServerProtocolService.java:126)
	at org.apache.ratis.thirdparty.io.grpc.stub.ServerCalls$StreamingServerCallHandler$StreamingServerCallListener.onMessage(ServerCalls.java:262)
	at org.apache.ratis.thirdparty.io.grpc.ForwardingServerCallListener.onMessage(ForwardingServerCallListener.java:33)
	at org.apache.ratis.thirdparty.io.grpc.internal.ServerCallImpl$ServerStreamListenerImpl.messagesAvailableInternal(ServerCallImpl.java:318)
	at org.apache.ratis.thirdparty.io.grpc.internal.ServerCallImpl$ServerStreamListenerImpl.messagesAvailable(ServerCallImpl.java:301)
	at org.apache.ratis.thirdparty.io.grpc.internal.ServerImpl$JumpToApplicationThreadServerStreamListener$1MessagesAvailable.runInContext(ServerImpl.java:834)
	at org.apache.ratis.thirdparty.io.grpc.internal.ContextRunnable.run(ContextRunnable.java:37)
	at org.apache.ratis.thirdparty.io.grpc.internal.SerializingExecutor.run(SerializingExecutor.java:133)
	at java.util.concurrent.ThreadPoolExecutor.runWorker(ThreadPoolExecutor.java:1149)
	at java.util.concurrent.ThreadPoolExecutor$Worker.run(ThreadPoolExecutor.java:624)
	at java.lang.Thread.run(Thread.java:750)

		at org.apache.ratis.util.IOUtils.readObject(IOUtils.java:237)
		at org.apache.ratis.util.IOUtils.bytes2Object(IOUtils.java:214)
		at org.apache.ratis.grpc.GrpcUtil.tryUnwrapException(GrpcUtil.java:109)
		at org.apache.ratis.grpc.GrpcUtil.unwrapThrowable(GrpcUtil.java:82)
		at org.apache.ratis.grpc.GrpcUtil.warn(GrpcUtil.java:178)
		at org.apache.ratis.grpc.server.GrpcLogAppender$AppendLogResponseHandler.onError(GrpcLogAppender.java:378)
		... 10 more
	Caused by: java.lang.ClassCastException: Cannot cast java.util.concurrent.RejectedExecutionException to java.io.IOException
		at java.lang.Class.cast(Class.java:3369)
		at org.apache.ratis.util.IOUtils.readObject(IOUtils.java:234)
		... 15 more
2022-07-24 15:57:05,871 [grpc-default-executor-3] INFO  leader.FollowerInfo (FollowerInfoImpl.java:lambda$new$0(48)) - s0@group-1D117010C276->s2: nextIndex: updateUnconditionally 253 -> 199
2022-07-24 15:57:05,873 [s1-server-thread1] DEBUG raftlog.RaftLog (SegmentedRaftLog.java:appendImpl(447)) - truncateIndex=-1, arrayIndex=0
2022-07-24 15:57:05,873 [grpc-default-executor-8] WARN  server.GrpcServerProtocolService (LogUtils.java:warn(124)) - s2: Failed APPEND_ENTRIES request s0->s2#104-t2,previous=(t:1, i:198),leaderCommit=251,initializing? true,entries: size=55, first=(t:2, i:199), CONFIGURATIONENTRY(current:id: "s0"
address: "localhost:41145"
dataStreamAddress: "localhost:35053"
clientAddress: "localhost:40971"
adminAddress: "localhost:44949"
startupRole: FOLLOWER
,id: "s1"
address: "localhost:37813"
dataStreamAddress: "localhost:42861"
clientAddress: "localhost:42193"
adminAddress: "localhost:42655"
startupRole: FOLLOWER
,id: "s2"
address: "localhost:37241"
dataStreamAddress: "localhost:33751"
clientAddress: "localhost:34449"
adminAddress: "localhost:39099"
startupRole: FOLLOWER
, old:)
java.util.concurrent.CompletionException: java.util.concurrent.RejectedExecutionException: Task java.util.concurrent.CompletableFuture$AsyncSupply@7232d7d2 rejected from java.util.concurrent.ThreadPoolExecutor@5f803e53[Terminated, pool size = 0, active threads = 0, queued tasks = 0, completed tasks = 0]
	at java.util.concurrent.CompletableFuture.encodeThrowable(CompletableFuture.java:273)
	at java.util.concurrent.CompletableFuture.uniComposeStage(CompletableFuture.java:1005)
	at java.util.concurrent.CompletableFuture.thenCompose(CompletableFuture.java:2137)
	at org.apache.ratis.server.impl.RaftServerProxy.appendEntriesAsync(RaftServerProxy.java:622)
	at org.apache.ratis.grpc.server.GrpcServerProtocolService$1.process(GrpcServerProtocolService.java:207)
	at org.apache.ratis.grpc.server.GrpcServerProtocolService$1.process(GrpcServerProtocolService.java:204)
	at org.apache.ratis.grpc.server.GrpcServerProtocolService$ServerRequestStreamObserver.onNext(GrpcServerProtocolService.java:126)
	at org.apache.ratis.thirdparty.io.grpc.stub.ServerCalls$StreamingServerCallHandler$StreamingServerCallListener.onMessage(ServerCalls.java:262)
	at org.apache.ratis.thirdparty.io.grpc.ForwardingServerCallListener.onMessage(ForwardingServerCallListener.java:33)
	at org.apache.ratis.thirdparty.io.grpc.internal.ServerCallImpl$ServerStreamListenerImpl.messagesAvailableInternal(ServerCallImpl.java:318)
	at org.apache.ratis.thirdparty.io.grpc.internal.ServerCallImpl$ServerStreamListenerImpl.messagesAvailable(ServerCallImpl.java:301)
	at org.apache.ratis.thirdparty.io.grpc.internal.ServerImpl$JumpToApplicationThreadServerStreamListener$1MessagesAvailable.runInContext(ServerImpl.java:834)
	at org.apache.ratis.thirdparty.io.grpc.internal.ContextRunnable.run(ContextRunnable.java:37)
	at org.apache.ratis.thirdparty.io.grpc.internal.SerializingExecutor.run(SerializingExecutor.java:133)
	at java.util.concurrent.ThreadPoolExecutor.runWorker(ThreadPoolExecutor.java:1149)
	at java.util.concurrent.ThreadPoolExecutor$Worker.run(ThreadPoolExecutor.java:624)
	at java.lang.Thread.run(Thread.java:750)
Caused by: java.util.concurrent.RejectedExecutionException: Task java.util.concurrent.CompletableFuture$AsyncSupply@7232d7d2 rejected from java.util.concurrent.ThreadPoolExecutor@5f803e53[Terminated, pool size = 0, active threads = 0, queued tasks = 0, completed tasks = 0]
	at java.util.concurrent.ThreadPoolExecutor$AbortPolicy.rejectedExecution(ThreadPoolExecutor.java:2063)
	at java.util.concurrent.ThreadPoolExecutor.reject(ThreadPoolExecutor.java:830)
	at java.util.concurrent.ThreadPoolExecutor.execute(ThreadPoolExecutor.java:1379)
	at java.util.concurrent.CompletableFuture.asyncSupplyStage(CompletableFuture.java:1618)
	at java.util.concurrent.CompletableFuture.supplyAsync(CompletableFuture.java:1843)
	at org.apache.ratis.server.impl.RaftServerImpl.executeSubmitServerRequestAsync(RaftServerImpl.java:788)
	at org.apache.ratis.server.impl.RaftServerProxy.lambda$appendEntriesAsync$26(RaftServerProxy.java:622)
	at java.util.concurrent.CompletableFuture.uniComposeStage(CompletableFuture.java:995)
	... 15 more
2022-07-24 15:57:05,874 [grpc-default-executor-3] WARN  server.GrpcLogAppender (LogUtils.java:warn(124)) - s0@group-1D117010C276->s2-AppendLogResponseHandler: Failed appendEntries
java.io.IOException: java.util.concurrent.RejectedExecutionException: Task java.util.concurrent.CompletableFuture$AsyncSupply@7232d7d2 rejected from java.util.concurrent.ThreadPoolExecutor@5f803e53[Terminated, pool size = 0, active threads = 0, queued tasks = 0, completed tasks = 0]
	at org.apache.ratis.util.IOUtils.asIOException(IOUtils.java:56)
	at org.apache.ratis.grpc.GrpcUtil.tryUnwrapException(GrpcUtil.java:121)
	at org.apache.ratis.grpc.GrpcUtil.unwrapThrowable(GrpcUtil.java:82)
	at org.apache.ratis.grpc.GrpcUtil.warn(GrpcUtil.java:178)
	at org.apache.ratis.grpc.server.GrpcLogAppender$AppendLogResponseHandler.onError(GrpcLogAppender.java:378)
	at org.apache.ratis.thirdparty.io.grpc.stub.ClientCalls$StreamObserverToCallListenerAdapter.onClose(ClientCalls.java:479)
	at org.apache.ratis.thirdparty.io.grpc.internal.ClientCallImpl.closeObserver(ClientCallImpl.java:562)
	at org.apache.ratis.thirdparty.io.grpc.internal.ClientCallImpl.access$300(ClientCallImpl.java:70)
	at org.apache.ratis.thirdparty.io.grpc.internal.ClientCallImpl$ClientStreamListenerImpl$1StreamClosed.runInternal(ClientCallImpl.java:743)
	at org.apache.ratis.thirdparty.io.grpc.internal.ClientCallImpl$ClientStreamListenerImpl$1StreamClosed.runInContext(ClientCallImpl.java:722)
	at org.apache.ratis.thirdparty.io.grpc.internal.ContextRunnable.run(ContextRunnable.java:37)
	at org.apache.ratis.thirdparty.io.grpc.internal.SerializingExecutor.run(SerializingExecutor.java:133)
	at java.util.concurrent.ThreadPoolExecutor.runWorker(ThreadPoolExecutor.java:1149)
	at java.util.concurrent.ThreadPoolExecutor$Worker.run(ThreadPoolExecutor.java:624)
	at java.lang.Thread.run(Thread.java:750)
Caused by: java.util.concurrent.RejectedExecutionException: Task java.util.concurrent.CompletableFuture$AsyncSupply@7232d7d2 rejected from java.util.concurrent.ThreadPoolExecutor@5f803e53[Terminated, pool size = 0, active threads = 0, queued tasks = 0, completed tasks = 0]
	at sun.reflect.GeneratedConstructorAccessor9.newInstance(Unknown Source)
	at sun.reflect.DelegatingConstructorAccessorImpl.newInstance(DelegatingConstructorAccessorImpl.java:45)
	at java.lang.reflect.Constructor.newInstance(Constructor.java:423)
	at org.apache.ratis.util.ReflectionUtils.instantiateException(ReflectionUtils.java:259)
	at org.apache.ratis.grpc.GrpcUtil.tryUnwrapException(GrpcUtil.java:120)
	... 13 more
Caused by: org.apache.ratis.thirdparty.io.grpc.StatusRuntimeException: INTERNAL: Task java.util.concurrent.CompletableFuture$AsyncSupply@7232d7d2 rejected from java.util.concurrent.ThreadPoolExecutor@5f803e53[Terminated, pool size = 0, active threads = 0, queued tasks = 0, completed tasks = 0]
	at org.apache.ratis.thirdparty.io.grpc.Status.asRuntimeException(Status.java:535)
	... 10 more
	Suppressed: java.lang.IllegalStateException: Failed to cast to class java.io.IOException, object=java.util.concurrent.RejectedExecutionException: Task java.util.concurrent.CompletableFuture$AsyncSupply@7232d7d2 rejected from java.util.concurrent.ThreadPoolExecutor@5f803e53[Terminated, pool size = 0, active threads = 0, queued tasks = 0, completed tasks = 0]
	at java.util.concurrent.ThreadPoolExecutor$AbortPolicy.rejectedExecution(ThreadPoolExecutor.java:2063)
	at java.util.concurrent.ThreadPoolExecutor.reject(ThreadPoolExecutor.java:830)
	at java.util.concurrent.ThreadPoolExecutor.execute(ThreadPoolExecutor.java:1379)
	at java.util.concurrent.CompletableFuture.asyncSupplyStage(CompletableFuture.java:1618)
	at java.util.concurrent.CompletableFuture.supplyAsync(CompletableFuture.java:1843)
	at org.apache.ratis.server.impl.RaftServerImpl.executeSubmitServerRequestAsync(RaftServerImpl.java:788)
	at org.apache.ratis.server.impl.RaftServerProxy.lambda$appendEntriesAsync$26(RaftServerProxy.java:622)
	at java.util.concurrent.CompletableFuture.uniComposeStage(CompletableFuture.java:995)
	at java.util.concurrent.CompletableFuture.thenCompose(CompletableFuture.java:2137)
	at org.apache.ratis.server.impl.RaftServerProxy.appendEntriesAsync(RaftServerProxy.java:622)
	at org.apache.ratis.grpc.server.GrpcServerProtocolService$1.process(GrpcServerProtocolService.java:207)
	at org.apache.ratis.grpc.server.GrpcServerProtocolService$1.process(GrpcServerProtocolService.java:204)
	at org.apache.ratis.grpc.server.GrpcServerProtocolService$ServerRequestStreamObserver.onNext(GrpcServerProtocolService.java:126)
	at org.apache.ratis.thirdparty.io.grpc.stub.ServerCalls$StreamingServerCallHandler$StreamingServerCallListener.onMessage(ServerCalls.java:262)
	at org.apache.ratis.thirdparty.io.grpc.ForwardingServerCallListener.onMessage(ForwardingServerCallListener.java:33)
	at org.apache.ratis.thirdparty.io.grpc.internal.ServerCallImpl$ServerStreamListenerImpl.messagesAvailableInternal(ServerCallImpl.java:318)
	at org.apache.ratis.thirdparty.io.grpc.internal.ServerCallImpl$ServerStreamListenerImpl.messagesAvailable(ServerCallImpl.java:301)
	at org.apache.ratis.thirdparty.io.grpc.internal.ServerImpl$JumpToApplicationThreadServerStreamListener$1MessagesAvailable.runInContext(ServerImpl.java:834)
	at org.apache.ratis.thirdparty.io.grpc.internal.ContextRunnable.run(ContextRunnable.java:37)
	at org.apache.ratis.thirdparty.io.grpc.internal.SerializingExecutor.run(SerializingExecutor.java:133)
	at java.util.concurrent.ThreadPoolExecutor.runWorker(ThreadPoolExecutor.java:1149)
	at java.util.concurrent.ThreadPoolExecutor$Worker.run(ThreadPoolExecutor.java:624)
	at java.lang.Thread.run(Thread.java:750)

		at org.apache.ratis.util.IOUtils.readObject(IOUtils.java:237)
		at org.apache.ratis.util.IOUtils.bytes2Object(IOUtils.java:214)
		at org.apache.ratis.grpc.GrpcUtil.tryUnwrapException(GrpcUtil.java:109)
		at org.apache.ratis.grpc.GrpcUtil.unwrapThrowable(GrpcUtil.java:82)
		at org.apache.ratis.grpc.GrpcUtil.warn(GrpcUtil.java:178)
		at org.apache.ratis.grpc.server.GrpcLogAppender$AppendLogResponseHandler.onError(GrpcLogAppender.java:378)
		... 10 more
	Caused by: java.lang.ClassCastException: Cannot cast java.util.concurrent.RejectedExecutionException to java.io.IOException
		at java.lang.Class.cast(Class.java:3369)
		at org.apache.ratis.util.IOUtils.readObject(IOUtils.java:234)
		... 15 more
2022-07-24 15:57:05,874 [grpc-default-executor-3] INFO  leader.FollowerInfo (FollowerInfoImpl.java:lambda$new$0(48)) - s0@group-1D117010C276->s2: nextIndex: updateUnconditionally 254 -> 199
2022-07-24 15:57:05,877 [s1@group-1D117010C276-StateMachineUpdater] INFO  statemachine.SimpleStateMachine4Testing (SimpleStateMachine4Testing.java:put(204)) - s1: put 251, m123 -> (t:2, i:251), STATEMACHINELOGENTRY, 509@client-6F86E1C52B91
2022-07-24 15:57:05,877 [s0@group-1D117010C276-StateMachineUpdater] INFO  statemachine.SimpleStateMachine4Testing (SimpleStateMachine4Testing.java:put(204)) - s0: put 253, m124 -> (t:2, i:253), STATEMACHINELOGENTRY, 510@client-6F86E1C52B91
2022-07-24 15:57:05,878 [grpc-default-executor-2] WARN  server.GrpcServerProtocolService (LogUtils.java:warn(124)) - s2: Failed APPEND_ENTRIES request s0->s2#105-t2,previous=(t:1, i:198),leaderCommit=252,initializing? true,entries: size=55, first=(t:2, i:199), CONFIGURATIONENTRY(current:id: "s0"
address: "localhost:41145"
dataStreamAddress: "localhost:35053"
clientAddress: "localhost:40971"
adminAddress: "localhost:44949"
startupRole: FOLLOWER
,id: "s1"
address: "localhost:37813"
dataStreamAddress: "localhost:42861"
clientAddress: "localhost:42193"
adminAddress: "localhost:42655"
startupRole: FOLLOWER
,id: "s2"
address: "localhost:37241"
dataStreamAddress: "localhost:33751"
clientAddress: "localhost:34449"
adminAddress: "localhost:39099"
startupRole: FOLLOWER
, old:)
java.util.concurrent.CompletionException: java.util.concurrent.RejectedExecutionException: Task java.util.concurrent.CompletableFuture$AsyncSupply@31b4f5e rejected from java.util.concurrent.ThreadPoolExecutor@5f803e53[Terminated, pool size = 0, active threads = 0, queued tasks = 0, completed tasks = 0]
	at java.util.concurrent.CompletableFuture.encodeThrowable(CompletableFuture.java:273)
	at java.util.concurrent.CompletableFuture.uniComposeStage(CompletableFuture.java:1005)
	at java.util.concurrent.CompletableFuture.thenCompose(CompletableFuture.java:2137)
	at org.apache.ratis.server.impl.RaftServerProxy.appendEntriesAsync(RaftServerProxy.java:622)
	at org.apache.ratis.grpc.server.GrpcServerProtocolService$1.process(GrpcServerProtocolService.java:207)
	at org.apache.ratis.grpc.server.GrpcServerProtocolService$1.process(GrpcServerProtocolService.java:204)
	at org.apache.ratis.grpc.server.GrpcServerProtocolService$ServerRequestStreamObserver.onNext(GrpcServerProtocolService.java:126)
	at org.apache.ratis.thirdparty.io.grpc.stub.ServerCalls$StreamingServerCallHandler$StreamingServerCallListener.onMessage(ServerCalls.java:262)
	at org.apache.ratis.thirdparty.io.grpc.ForwardingServerCallListener.onMessage(ForwardingServerCallListener.java:33)
	at org.apache.ratis.thirdparty.io.grpc.internal.ServerCallImpl$ServerStreamListenerImpl.messagesAvailableInternal(ServerCallImpl.java:318)
	at org.apache.ratis.thirdparty.io.grpc.internal.ServerCallImpl$ServerStreamListenerImpl.messagesAvailable(ServerCallImpl.java:301)
	at org.apache.ratis.thirdparty.io.grpc.internal.ServerImpl$JumpToApplicationThreadServerStreamListener$1MessagesAvailable.runInContext(ServerImpl.java:834)
	at org.apache.ratis.thirdparty.io.grpc.internal.ContextRunnable.run(ContextRunnable.java:37)
	at org.apache.ratis.thirdparty.io.grpc.internal.SerializingExecutor.run(SerializingExecutor.java:133)
	at java.util.concurrent.ThreadPoolExecutor.runWorker(ThreadPoolExecutor.java:1149)
	at java.util.concurrent.ThreadPoolExecutor$Worker.run(ThreadPoolExecutor.java:624)
	at java.lang.Thread.run(Thread.java:750)
Caused by: java.util.concurrent.RejectedExecutionException: Task java.util.concurrent.CompletableFuture$AsyncSupply@31b4f5e rejected from java.util.concurrent.ThreadPoolExecutor@5f803e53[Terminated, pool size = 0, active threads = 0, queued tasks = 0, completed tasks = 0]
	at java.util.concurrent.ThreadPoolExecutor$AbortPolicy.rejectedExecution(ThreadPoolExecutor.java:2063)
	at java.util.concurrent.ThreadPoolExecutor.reject(ThreadPoolExecutor.java:830)
	at java.util.concurrent.ThreadPoolExecutor.execute(ThreadPoolExecutor.java:1379)
	at java.util.concurrent.CompletableFuture.asyncSupplyStage(CompletableFuture.java:1618)
	at java.util.concurrent.CompletableFuture.supplyAsync(CompletableFuture.java:1843)
	at org.apache.ratis.server.impl.RaftServerImpl.executeSubmitServerRequestAsync(RaftServerImpl.java:788)
	at org.apache.ratis.server.impl.RaftServerProxy.lambda$appendEntriesAsync$26(RaftServerProxy.java:622)
	at java.util.concurrent.CompletableFuture.uniComposeStage(CompletableFuture.java:995)
	... 15 more
2022-07-24 15:57:05,879 [s1-server-thread1] DEBUG raftlog.RaftLog (SegmentedRaftLog.java:appendImpl(447)) - truncateIndex=-1, arrayIndex=0
2022-07-24 15:57:05,879 [grpc-default-executor-8] WARN  server.GrpcLogAppender (LogUtils.java:warn(124)) - s0@group-1D117010C276->s2-AppendLogResponseHandler: Failed appendEntries
java.io.IOException: java.util.concurrent.RejectedExecutionException: Task java.util.concurrent.CompletableFuture$AsyncSupply@31b4f5e rejected from java.util.concurrent.ThreadPoolExecutor@5f803e53[Terminated, pool size = 0, active threads = 0, queued tasks = 0, completed tasks = 0]
	at org.apache.ratis.util.IOUtils.asIOException(IOUtils.java:56)
	at org.apache.ratis.grpc.GrpcUtil.tryUnwrapException(GrpcUtil.java:121)
	at org.apache.ratis.grpc.GrpcUtil.unwrapThrowable(GrpcUtil.java:82)
	at org.apache.ratis.grpc.GrpcUtil.warn(GrpcUtil.java:178)
	at org.apache.ratis.grpc.server.GrpcLogAppender$AppendLogResponseHandler.onError(GrpcLogAppender.java:378)
	at org.apache.ratis.thirdparty.io.grpc.stub.ClientCalls$StreamObserverToCallListenerAdapter.onClose(ClientCalls.java:479)
	at org.apache.ratis.thirdparty.io.grpc.internal.ClientCallImpl.closeObserver(ClientCallImpl.java:562)
	at org.apache.ratis.thirdparty.io.grpc.internal.ClientCallImpl.access$300(ClientCallImpl.java:70)
	at org.apache.ratis.thirdparty.io.grpc.internal.ClientCallImpl$ClientStreamListenerImpl$1StreamClosed.runInternal(ClientCallImpl.java:743)
	at org.apache.ratis.thirdparty.io.grpc.internal.ClientCallImpl$ClientStreamListenerImpl$1StreamClosed.runInContext(ClientCallImpl.java:722)
	at org.apache.ratis.thirdparty.io.grpc.internal.ContextRunnable.run(ContextRunnable.java:37)
	at org.apache.ratis.thirdparty.io.grpc.internal.SerializingExecutor.run(SerializingExecutor.java:133)
	at java.util.concurrent.ThreadPoolExecutor.runWorker(ThreadPoolExecutor.java:1149)
	at java.util.concurrent.ThreadPoolExecutor$Worker.run(ThreadPoolExecutor.java:624)
	at java.lang.Thread.run(Thread.java:750)
Caused by: java.util.concurrent.RejectedExecutionException: Task java.util.concurrent.CompletableFuture$AsyncSupply@31b4f5e rejected from java.util.concurrent.ThreadPoolExecutor@5f803e53[Terminated, pool size = 0, active threads = 0, queued tasks = 0, completed tasks = 0]
	at sun.reflect.GeneratedConstructorAccessor9.newInstance(Unknown Source)
	at sun.reflect.DelegatingConstructorAccessorImpl.newInstance(DelegatingConstructorAccessorImpl.java:45)
	at java.lang.reflect.Constructor.newInstance(Constructor.java:423)
	at org.apache.ratis.util.ReflectionUtils.instantiateException(ReflectionUtils.java:259)
	at org.apache.ratis.grpc.GrpcUtil.tryUnwrapException(GrpcUtil.java:120)
	... 13 more
Caused by: org.apache.ratis.thirdparty.io.grpc.StatusRuntimeException: INTERNAL: Task java.util.concurrent.CompletableFuture$AsyncSupply@31b4f5e rejected from java.util.concurrent.ThreadPoolExecutor@5f803e53[Terminated, pool size = 0, active threads = 0, queued tasks = 0, completed tasks = 0]
	at org.apache.ratis.thirdparty.io.grpc.Status.asRuntimeException(Status.java:535)
	... 10 more
	Suppressed: java.lang.IllegalStateException: Failed to cast to class java.io.IOException, object=java.util.concurrent.RejectedExecutionException: Task java.util.concurrent.CompletableFuture$AsyncSupply@31b4f5e rejected from java.util.concurrent.ThreadPoolExecutor@5f803e53[Terminated, pool size = 0, active threads = 0, queued tasks = 0, completed tasks = 0]
	at java.util.concurrent.ThreadPoolExecutor$AbortPolicy.rejectedExecution(ThreadPoolExecutor.java:2063)
	at java.util.concurrent.ThreadPoolExecutor.reject(ThreadPoolExecutor.java:830)
	at java.util.concurrent.ThreadPoolExecutor.execute(ThreadPoolExecutor.java:1379)
	at java.util.concurrent.CompletableFuture.asyncSupplyStage(CompletableFuture.java:1618)
	at java.util.concurrent.CompletableFuture.supplyAsync(CompletableFuture.java:1843)
	at org.apache.ratis.server.impl.RaftServerImpl.executeSubmitServerRequestAsync(RaftServerImpl.java:788)
	at org.apache.ratis.server.impl.RaftServerProxy.lambda$appendEntriesAsync$26(RaftServerProxy.java:622)
	at java.util.concurrent.CompletableFuture.uniComposeStage(CompletableFuture.java:995)
	at java.util.concurrent.CompletableFuture.thenCompose(CompletableFuture.java:2137)
	at org.apache.ratis.server.impl.RaftServerProxy.appendEntriesAsync(RaftServerProxy.java:622)
	at org.apache.ratis.grpc.server.GrpcServerProtocolService$1.process(GrpcServerProtocolService.java:207)
	at org.apache.ratis.grpc.server.GrpcServerProtocolService$1.process(GrpcServerProtocolService.java:204)
	at org.apache.ratis.grpc.server.GrpcServerProtocolService$ServerRequestStreamObserver.onNext(GrpcServerProtocolService.java:126)
	at org.apache.ratis.thirdparty.io.grpc.stub.ServerCalls$StreamingServerCallHandler$StreamingServerCallListener.onMessage(ServerCalls.java:262)
	at org.apache.ratis.thirdparty.io.grpc.ForwardingServerCallListener.onMessage(ForwardingServerCallListener.java:33)
	at org.apache.ratis.thirdparty.io.grpc.internal.ServerCallImpl$ServerStreamListenerImpl.messagesAvailableInternal(ServerCallImpl.java:318)
	at org.apache.ratis.thirdparty.io.grpc.internal.ServerCallImpl$ServerStreamListenerImpl.messagesAvailable(ServerCallImpl.java:301)
	at org.apache.ratis.thirdparty.io.grpc.internal.ServerImpl$JumpToApplicationThreadServerStreamListener$1MessagesAvailable.runInContext(ServerImpl.java:834)
	at org.apache.ratis.thirdparty.io.grpc.internal.ContextRunnable.run(ContextRunnable.java:37)
	at org.apache.ratis.thirdparty.io.grpc.internal.SerializingExecutor.run(SerializingExecutor.java:133)
	at java.util.concurrent.ThreadPoolExecutor.runWorker(ThreadPoolExecutor.java:1149)
	at java.util.concurrent.ThreadPoolExecutor$Worker.run(ThreadPoolExecutor.java:624)
	at java.lang.Thread.run(Thread.java:750)

		at org.apache.ratis.util.IOUtils.readObject(IOUtils.java:237)
		at org.apache.ratis.util.IOUtils.bytes2Object(IOUtils.java:214)
		at org.apache.ratis.grpc.GrpcUtil.tryUnwrapException(GrpcUtil.java:109)
		at org.apache.ratis.grpc.GrpcUtil.unwrapThrowable(GrpcUtil.java:82)
		at org.apache.ratis.grpc.GrpcUtil.warn(GrpcUtil.java:178)
		at org.apache.ratis.grpc.server.GrpcLogAppender$AppendLogResponseHandler.onError(GrpcLogAppender.java:378)
		... 10 more
	Caused by: java.lang.ClassCastException: Cannot cast java.util.concurrent.RejectedExecutionException to java.io.IOException
		at java.lang.Class.cast(Class.java:3369)
		at org.apache.ratis.util.IOUtils.readObject(IOUtils.java:234)
		... 15 more
2022-07-24 15:57:05,879 [grpc-default-executor-8] INFO  leader.FollowerInfo (FollowerInfoImpl.java:lambda$new$0(48)) - s0@group-1D117010C276->s2: nextIndex: updateUnconditionally 254 -> 199
2022-07-24 15:57:05,881 [s1-server-thread1] DEBUG raftlog.RaftLog (SegmentedRaftLog.java:appendImpl(447)) - truncateIndex=-1, arrayIndex=0
2022-07-24 15:57:05,881 [grpc-default-executor-3] WARN  server.GrpcServerProtocolService (LogUtils.java:warn(124)) - s2: Failed APPEND_ENTRIES request s0->s2#107-t2,previous=(t:1, i:198),leaderCommit=253,initializing? true,entries: size=57, first=(t:2, i:199), CONFIGURATIONENTRY(current:id: "s0"
address: "localhost:41145"
dataStreamAddress: "localhost:35053"
clientAddress: "localhost:40971"
adminAddress: "localhost:44949"
startupRole: FOLLOWER
,id: "s1"
address: "localhost:37813"
dataStreamAddress: "localhost:42861"
clientAddress: "localhost:42193"
adminAddress: "localhost:42655"
startupRole: FOLLOWER
,id: "s2"
address: "localhost:37241"
dataStreamAddress: "localhost:33751"
clientAddress: "localhost:34449"
adminAddress: "localhost:39099"
startupRole: FOLLOWER
, old:)
java.util.concurrent.CompletionException: java.util.concurrent.RejectedExecutionException: Task java.util.concurrent.CompletableFuture$AsyncSupply@69792ae4 rejected from java.util.concurrent.ThreadPoolExecutor@5f803e53[Terminated, pool size = 0, active threads = 0, queued tasks = 0, completed tasks = 0]
	at java.util.concurrent.CompletableFuture.encodeThrowable(CompletableFuture.java:273)
	at java.util.concurrent.CompletableFuture.uniComposeStage(CompletableFuture.java:1005)
	at java.util.concurrent.CompletableFuture.thenCompose(CompletableFuture.java:2137)
	at org.apache.ratis.server.impl.RaftServerProxy.appendEntriesAsync(RaftServerProxy.java:622)
	at org.apache.ratis.grpc.server.GrpcServerProtocolService$1.process(GrpcServerProtocolService.java:207)
	at org.apache.ratis.grpc.server.GrpcServerProtocolService$1.process(GrpcServerProtocolService.java:204)
	at org.apache.ratis.grpc.server.GrpcServerProtocolService$ServerRequestStreamObserver.onNext(GrpcServerProtocolService.java:126)
	at org.apache.ratis.thirdparty.io.grpc.stub.ServerCalls$StreamingServerCallHandler$StreamingServerCallListener.onMessage(ServerCalls.java:262)
	at org.apache.ratis.thirdparty.io.grpc.ForwardingServerCallListener.onMessage(ForwardingServerCallListener.java:33)
	at org.apache.ratis.thirdparty.io.grpc.internal.ServerCallImpl$ServerStreamListenerImpl.messagesAvailableInternal(ServerCallImpl.java:318)
	at org.apache.ratis.thirdparty.io.grpc.internal.ServerCallImpl$ServerStreamListenerImpl.messagesAvailable(ServerCallImpl.java:301)
	at org.apache.ratis.thirdparty.io.grpc.internal.ServerImpl$JumpToApplicationThreadServerStreamListener$1MessagesAvailable.runInContext(ServerImpl.java:834)
	at org.apache.ratis.thirdparty.io.grpc.internal.ContextRunnable.run(ContextRunnable.java:37)
	at org.apache.ratis.thirdparty.io.grpc.internal.SerializingExecutor.run(SerializingExecutor.java:133)
	at java.util.concurrent.ThreadPoolExecutor.runWorker(ThreadPoolExecutor.java:1149)
	at java.util.concurrent.ThreadPoolExecutor$Worker.run(ThreadPoolExecutor.java:624)
	at java.lang.Thread.run(Thread.java:750)
Caused by: java.util.concurrent.RejectedExecutionException: Task java.util.concurrent.CompletableFuture$AsyncSupply@69792ae4 rejected from java.util.concurrent.ThreadPoolExecutor@5f803e53[Terminated, pool size = 0, active threads = 0, queued tasks = 0, completed tasks = 0]
	at java.util.concurrent.ThreadPoolExecutor$AbortPolicy.rejectedExecution(ThreadPoolExecutor.java:2063)
	at java.util.concurrent.ThreadPoolExecutor.reject(ThreadPoolExecutor.java:830)
	at java.util.concurrent.ThreadPoolExecutor.execute(ThreadPoolExecutor.java:1379)
	at java.util.concurrent.CompletableFuture.asyncSupplyStage(CompletableFuture.java:1618)
	at java.util.concurrent.CompletableFuture.supplyAsync(CompletableFuture.java:1843)
	at org.apache.ratis.server.impl.RaftServerImpl.executeSubmitServerRequestAsync(RaftServerImpl.java:788)
	at org.apache.ratis.server.impl.RaftServerProxy.lambda$appendEntriesAsync$26(RaftServerProxy.java:622)
	at java.util.concurrent.CompletableFuture.uniComposeStage(CompletableFuture.java:995)
	... 15 more
2022-07-24 15:57:05,883 [grpc-default-executor-3] WARN  server.GrpcLogAppender (LogUtils.java:warn(124)) - s0@group-1D117010C276->s2-AppendLogResponseHandler: Failed appendEntries
java.io.IOException: java.util.concurrent.RejectedExecutionException: Task java.util.concurrent.CompletableFuture$AsyncSupply@69792ae4 rejected from java.util.concurrent.ThreadPoolExecutor@5f803e53[Terminated, pool size = 0, active threads = 0, queued tasks = 0, completed tasks = 0]
	at org.apache.ratis.util.IOUtils.asIOException(IOUtils.java:56)
	at org.apache.ratis.grpc.GrpcUtil.tryUnwrapException(GrpcUtil.java:121)
	at org.apache.ratis.grpc.GrpcUtil.unwrapThrowable(GrpcUtil.java:82)
	at org.apache.ratis.grpc.GrpcUtil.warn(GrpcUtil.java:178)
	at org.apache.ratis.grpc.server.GrpcLogAppender$AppendLogResponseHandler.onError(GrpcLogAppender.java:378)
	at org.apache.ratis.thirdparty.io.grpc.stub.ClientCalls$StreamObserverToCallListenerAdapter.onClose(ClientCalls.java:479)
	at org.apache.ratis.thirdparty.io.grpc.internal.ClientCallImpl.closeObserver(ClientCallImpl.java:562)
	at org.apache.ratis.thirdparty.io.grpc.internal.ClientCallImpl.access$300(ClientCallImpl.java:70)
	at org.apache.ratis.thirdparty.io.grpc.internal.ClientCallImpl$ClientStreamListenerImpl$1StreamClosed.runInternal(ClientCallImpl.java:743)
	at org.apache.ratis.thirdparty.io.grpc.internal.ClientCallImpl$ClientStreamListenerImpl$1StreamClosed.runInContext(ClientCallImpl.java:722)
	at org.apache.ratis.thirdparty.io.grpc.internal.ContextRunnable.run(ContextRunnable.java:37)
	at org.apache.ratis.thirdparty.io.grpc.internal.SerializingExecutor.run(SerializingExecutor.java:133)
	at java.util.concurrent.ThreadPoolExecutor.runWorker(ThreadPoolExecutor.java:1149)
	at java.util.concurrent.ThreadPoolExecutor$Worker.run(ThreadPoolExecutor.java:624)
	at java.lang.Thread.run(Thread.java:750)
Caused by: java.util.concurrent.RejectedExecutionException: Task java.util.concurrent.CompletableFuture$AsyncSupply@69792ae4 rejected from java.util.concurrent.ThreadPoolExecutor@5f803e53[Terminated, pool size = 0, active threads = 0, queued tasks = 0, completed tasks = 0]
	at sun.reflect.GeneratedConstructorAccessor9.newInstance(Unknown Source)
	at sun.reflect.DelegatingConstructorAccessorImpl.newInstance(DelegatingConstructorAccessorImpl.java:45)
	at java.lang.reflect.Constructor.newInstance(Constructor.java:423)
	at org.apache.ratis.util.ReflectionUtils.instantiateException(ReflectionUtils.java:259)
	at org.apache.ratis.grpc.GrpcUtil.tryUnwrapException(GrpcUtil.java:120)
	... 13 more
Caused by: org.apache.ratis.thirdparty.io.grpc.StatusRuntimeException: INTERNAL: Task java.util.concurrent.CompletableFuture$AsyncSupply@69792ae4 rejected from java.util.concurrent.ThreadPoolExecutor@5f803e53[Terminated, pool size = 0, active threads = 0, queued tasks = 0, completed tasks = 0]
	at org.apache.ratis.thirdparty.io.grpc.Status.asRuntimeException(Status.java:535)
	... 10 more
	Suppressed: java.lang.IllegalStateException: Failed to cast to class java.io.IOException, object=java.util.concurrent.RejectedExecutionException: Task java.util.concurrent.CompletableFuture$AsyncSupply@69792ae4 rejected from java.util.concurrent.ThreadPoolExecutor@5f803e53[Terminated, pool size = 0, active threads = 0, queued tasks = 0, completed tasks = 0]
	at java.util.concurrent.ThreadPoolExecutor$AbortPolicy.rejectedExecution(ThreadPoolExecutor.java:2063)
	at java.util.concurrent.ThreadPoolExecutor.reject(ThreadPoolExecutor.java:830)
	at java.util.concurrent.ThreadPoolExecutor.execute(ThreadPoolExecutor.java:1379)
	at java.util.concurrent.CompletableFuture.asyncSupplyStage(CompletableFuture.java:1618)
	at java.util.concurrent.CompletableFuture.supplyAsync(CompletableFuture.java:1843)
	at org.apache.ratis.server.impl.RaftServerImpl.executeSubmitServerRequestAsync(RaftServerImpl.java:788)
	at org.apache.ratis.server.impl.RaftServerProxy.lambda$appendEntriesAsync$26(RaftServerProxy.java:622)
	at java.util.concurrent.CompletableFuture.uniComposeStage(CompletableFuture.java:995)
	at java.util.concurrent.CompletableFuture.thenCompose(CompletableFuture.java:2137)
	at org.apache.ratis.server.impl.RaftServerProxy.appendEntriesAsync(RaftServerProxy.java:622)
	at org.apache.ratis.grpc.server.GrpcServerProtocolService$1.process(GrpcServerProtocolService.java:207)
	at org.apache.ratis.grpc.server.GrpcServerProtocolService$1.process(GrpcServerProtocolService.java:204)
	at org.apache.ratis.grpc.server.GrpcServerProtocolService$ServerRequestStreamObserver.onNext(GrpcServerProtocolService.java:126)
	at org.apache.ratis.thirdparty.io.grpc.stub.ServerCalls$StreamingServerCallHandler$StreamingServerCallListener.onMessage(ServerCalls.java:262)
	at org.apache.ratis.thirdparty.io.grpc.ForwardingServerCallListener.onMessage(ForwardingServerCallListener.java:33)
	at org.apache.ratis.thirdparty.io.grpc.internal.ServerCallImpl$ServerStreamListenerImpl.messagesAvailableInternal(ServerCallImpl.java:318)
	at org.apache.ratis.thirdparty.io.grpc.internal.ServerCallImpl$ServerStreamListenerImpl.messagesAvailable(ServerCallImpl.java:301)
	at org.apache.ratis.thirdparty.io.grpc.internal.ServerImpl$JumpToApplicationThreadServerStreamListener$1MessagesAvailable.runInContext(ServerImpl.java:834)
	at org.apache.ratis.thirdparty.io.grpc.internal.ContextRunnable.run(ContextRunnable.java:37)
	at org.apache.ratis.thirdparty.io.grpc.internal.SerializingExecutor.run(SerializingExecutor.java:133)
	at java.util.concurrent.ThreadPoolExecutor.runWorker(ThreadPoolExecutor.java:1149)
	at java.util.concurrent.ThreadPoolExecutor$Worker.run(ThreadPoolExecutor.java:624)
	at java.lang.Thread.run(Thread.java:750)

		at org.apache.ratis.util.IOUtils.readObject(IOUtils.java:237)
		at org.apache.ratis.util.IOUtils.bytes2Object(IOUtils.java:214)
		at org.apache.ratis.grpc.GrpcUtil.tryUnwrapException(GrpcUtil.java:109)
		at org.apache.ratis.grpc.GrpcUtil.unwrapThrowable(GrpcUtil.java:82)
		at org.apache.ratis.grpc.GrpcUtil.warn(GrpcUtil.java:178)
		at org.apache.ratis.grpc.server.GrpcLogAppender$AppendLogResponseHandler.onError(GrpcLogAppender.java:378)
		... 10 more
	Caused by: java.lang.ClassCastException: Cannot cast java.util.concurrent.RejectedExecutionException to java.io.IOException
		at java.lang.Class.cast(Class.java:3369)
		at org.apache.ratis.util.IOUtils.readObject(IOUtils.java:234)
		... 15 more
2022-07-24 15:57:05,883 [grpc-default-executor-3] INFO  leader.FollowerInfo (FollowerInfoImpl.java:lambda$new$0(48)) - s0@group-1D117010C276->s2: nextIndex: updateUnconditionally 256 -> 199
2022-07-24 15:57:05,884 [s1@group-1D117010C276-StateMachineUpdater] INFO  statemachine.SimpleStateMachine4Testing (SimpleStateMachine4Testing.java:put(204)) - s1: put 253, m124 -> (t:2, i:253), STATEMACHINELOGENTRY, 510@client-6F86E1C52B91
2022-07-24 15:57:05,885 [grpc-default-executor-3] WARN  server.GrpcServerProtocolService (LogUtils.java:warn(124)) - s2: Failed APPEND_ENTRIES request s0->s2#108-t2,previous=(t:1, i:198),leaderCommit=254,initializing? true,entries: size=57, first=(t:2, i:199), CONFIGURATIONENTRY(current:id: "s0"
address: "localhost:41145"
dataStreamAddress: "localhost:35053"
clientAddress: "localhost:40971"
adminAddress: "localhost:44949"
startupRole: FOLLOWER
,id: "s1"
address: "localhost:37813"
dataStreamAddress: "localhost:42861"
clientAddress: "localhost:42193"
adminAddress: "localhost:42655"
startupRole: FOLLOWER
,id: "s2"
address: "localhost:37241"
dataStreamAddress: "localhost:33751"
clientAddress: "localhost:34449"
adminAddress: "localhost:39099"
startupRole: FOLLOWER
, old:)
java.util.concurrent.CompletionException: java.util.concurrent.RejectedExecutionException: Task java.util.concurrent.CompletableFuture$AsyncSupply@184080ba rejected from java.util.concurrent.ThreadPoolExecutor@5f803e53[Terminated, pool size = 0, active threads = 0, queued tasks = 0, completed tasks = 0]
	at java.util.concurrent.CompletableFuture.encodeThrowable(CompletableFuture.java:273)
	at java.util.concurrent.CompletableFuture.uniComposeStage(CompletableFuture.java:1005)
	at java.util.concurrent.CompletableFuture.thenCompose(CompletableFuture.java:2137)
	at org.apache.ratis.server.impl.RaftServerProxy.appendEntriesAsync(RaftServerProxy.java:622)
	at org.apache.ratis.grpc.server.GrpcServerProtocolService$1.process(GrpcServerProtocolService.java:207)
	at org.apache.ratis.grpc.server.GrpcServerProtocolService$1.process(GrpcServerProtocolService.java:204)
	at org.apache.ratis.grpc.server.GrpcServerProtocolService$ServerRequestStreamObserver.onNext(GrpcServerProtocolService.java:126)
	at org.apache.ratis.thirdparty.io.grpc.stub.ServerCalls$StreamingServerCallHandler$StreamingServerCallListener.onMessage(ServerCalls.java:262)
	at org.apache.ratis.thirdparty.io.grpc.ForwardingServerCallListener.onMessage(ForwardingServerCallListener.java:33)
	at org.apache.ratis.thirdparty.io.grpc.internal.ServerCallImpl$ServerStreamListenerImpl.messagesAvailableInternal(ServerCallImpl.java:318)
	at org.apache.ratis.thirdparty.io.grpc.internal.ServerCallImpl$ServerStreamListenerImpl.messagesAvailable(ServerCallImpl.java:301)
	at org.apache.ratis.thirdparty.io.grpc.internal.ServerImpl$JumpToApplicationThreadServerStreamListener$1MessagesAvailable.runInContext(ServerImpl.java:834)
	at org.apache.ratis.thirdparty.io.grpc.internal.ContextRunnable.run(ContextRunnable.java:37)
	at org.apache.ratis.thirdparty.io.grpc.internal.SerializingExecutor.run(SerializingExecutor.java:133)
	at java.util.concurrent.ThreadPoolExecutor.runWorker(ThreadPoolExecutor.java:1149)
	at java.util.concurrent.ThreadPoolExecutor$Worker.run(ThreadPoolExecutor.java:624)
	at java.lang.Thread.run(Thread.java:750)
Caused by: java.util.concurrent.RejectedExecutionException: Task java.util.concurrent.CompletableFuture$AsyncSupply@184080ba rejected from java.util.concurrent.ThreadPoolExecutor@5f803e53[Terminated, pool size = 0, active threads = 0, queued tasks = 0, completed tasks = 0]
	at java.util.concurrent.ThreadPoolExecutor$AbortPolicy.rejectedExecution(ThreadPoolExecutor.java:2063)
	at java.util.concurrent.ThreadPoolExecutor.reject(ThreadPoolExecutor.java:830)
	at java.util.concurrent.ThreadPoolExecutor.execute(ThreadPoolExecutor.java:1379)
	at java.util.concurrent.CompletableFuture.asyncSupplyStage(CompletableFuture.java:1618)
	at java.util.concurrent.CompletableFuture.supplyAsync(CompletableFuture.java:1843)
	at org.apache.ratis.server.impl.RaftServerImpl.executeSubmitServerRequestAsync(RaftServerImpl.java:788)
	at org.apache.ratis.server.impl.RaftServerProxy.lambda$appendEntriesAsync$26(RaftServerProxy.java:622)
	at java.util.concurrent.CompletableFuture.uniComposeStage(CompletableFuture.java:995)
	... 15 more
2022-07-24 15:57:05,887 [grpc-default-executor-2] WARN  server.GrpcLogAppender (LogUtils.java:warn(124)) - s0@group-1D117010C276->s2-AppendLogResponseHandler: Failed appendEntries
java.io.IOException: java.util.concurrent.RejectedExecutionException: Task java.util.concurrent.CompletableFuture$AsyncSupply@184080ba rejected from java.util.concurrent.ThreadPoolExecutor@5f803e53[Terminated, pool size = 0, active threads = 0, queued tasks = 0, completed tasks = 0]
	at org.apache.ratis.util.IOUtils.asIOException(IOUtils.java:56)
	at org.apache.ratis.grpc.GrpcUtil.tryUnwrapException(GrpcUtil.java:121)
	at org.apache.ratis.grpc.GrpcUtil.unwrapThrowable(GrpcUtil.java:82)
	at org.apache.ratis.grpc.GrpcUtil.warn(GrpcUtil.java:178)
	at org.apache.ratis.grpc.server.GrpcLogAppender$AppendLogResponseHandler.onError(GrpcLogAppender.java:378)
	at org.apache.ratis.thirdparty.io.grpc.stub.ClientCalls$StreamObserverToCallListenerAdapter.onClose(ClientCalls.java:479)
	at org.apache.ratis.thirdparty.io.grpc.internal.ClientCallImpl.closeObserver(ClientCallImpl.java:562)
	at org.apache.ratis.thirdparty.io.grpc.internal.ClientCallImpl.access$300(ClientCallImpl.java:70)
	at org.apache.ratis.thirdparty.io.grpc.internal.ClientCallImpl$ClientStreamListenerImpl$1StreamClosed.runInternal(ClientCallImpl.java:743)
	at org.apache.ratis.thirdparty.io.grpc.internal.ClientCallImpl$ClientStreamListenerImpl$1StreamClosed.runInContext(ClientCallImpl.java:722)
	at org.apache.ratis.thirdparty.io.grpc.internal.ContextRunnable.run(ContextRunnable.java:37)
	at org.apache.ratis.thirdparty.io.grpc.internal.SerializingExecutor.run(SerializingExecutor.java:133)
	at java.util.concurrent.ThreadPoolExecutor.runWorker(ThreadPoolExecutor.java:1149)
	at java.util.concurrent.ThreadPoolExecutor$Worker.run(ThreadPoolExecutor.java:624)
	at java.lang.Thread.run(Thread.java:750)
Caused by: java.util.concurrent.RejectedExecutionException: Task java.util.concurrent.CompletableFuture$AsyncSupply@184080ba rejected from java.util.concurrent.ThreadPoolExecutor@5f803e53[Terminated, pool size = 0, active threads = 0, queued tasks = 0, completed tasks = 0]
	at sun.reflect.GeneratedConstructorAccessor9.newInstance(Unknown Source)
	at sun.reflect.DelegatingConstructorAccessorImpl.newInstance(DelegatingConstructorAccessorImpl.java:45)
	at java.lang.reflect.Constructor.newInstance(Constructor.java:423)
	at org.apache.ratis.util.ReflectionUtils.instantiateException(ReflectionUtils.java:259)
	at org.apache.ratis.grpc.GrpcUtil.tryUnwrapException(GrpcUtil.java:120)
	... 13 more
Caused by: org.apache.ratis.thirdparty.io.grpc.StatusRuntimeException: INTERNAL: Task java.util.concurrent.CompletableFuture$AsyncSupply@184080ba rejected from java.util.concurrent.ThreadPoolExecutor@5f803e53[Terminated, pool size = 0, active threads = 0, queued tasks = 0, completed tasks = 0]
	at org.apache.ratis.thirdparty.io.grpc.Status.asRuntimeException(Status.java:535)
	... 10 more
	Suppressed: java.lang.IllegalStateException: Failed to cast to class java.io.IOException, object=java.util.concurrent.RejectedExecutionException: Task java.util.concurrent.CompletableFuture$AsyncSupply@184080ba rejected from java.util.concurrent.ThreadPoolExecutor@5f803e53[Terminated, pool size = 0, active threads = 0, queued tasks = 0, completed tasks = 0]
	at java.util.concurrent.ThreadPoolExecutor$AbortPolicy.rejectedExecution(ThreadPoolExecutor.java:2063)
	at java.util.concurrent.ThreadPoolExecutor.reject(ThreadPoolExecutor.java:830)
	at java.util.concurrent.ThreadPoolExecutor.execute(ThreadPoolExecutor.java:1379)
	at java.util.concurrent.CompletableFuture.asyncSupplyStage(CompletableFuture.java:1618)
	at java.util.concurrent.CompletableFuture.supplyAsync(CompletableFuture.java:1843)
	at org.apache.ratis.server.impl.RaftServerImpl.executeSubmitServerRequestAsync(RaftServerImpl.java:788)
	at org.apache.ratis.server.impl.RaftServerProxy.lambda$appendEntriesAsync$26(RaftServerProxy.java:622)
	at java.util.concurrent.CompletableFuture.uniComposeStage(CompletableFuture.java:995)
	at java.util.concurrent.CompletableFuture.thenCompose(CompletableFuture.java:2137)
	at org.apache.ratis.server.impl.RaftServerProxy.appendEntriesAsync(RaftServerProxy.java:622)
	at org.apache.ratis.grpc.server.GrpcServerProtocolService$1.process(GrpcServerProtocolService.java:207)
	at org.apache.ratis.grpc.server.GrpcServerProtocolService$1.process(GrpcServerProtocolService.java:204)
	at org.apache.ratis.grpc.server.GrpcServerProtocolService$ServerRequestStreamObserver.onNext(GrpcServerProtocolService.java:126)
	at org.apache.ratis.thirdparty.io.grpc.stub.ServerCalls$StreamingServerCallHandler$StreamingServerCallListener.onMessage(ServerCalls.java:262)
	at org.apache.ratis.thirdparty.io.grpc.ForwardingServerCallListener.onMessage(ForwardingServerCallListener.java:33)
	at org.apache.ratis.thirdparty.io.grpc.internal.ServerCallImpl$ServerStreamListenerImpl.messagesAvailableInternal(ServerCallImpl.java:318)
	at org.apache.ratis.thirdparty.io.grpc.internal.ServerCallImpl$ServerStreamListenerImpl.messagesAvailable(ServerCallImpl.java:301)
	at org.apache.ratis.thirdparty.io.grpc.internal.ServerImpl$JumpToApplicationThreadServerStreamListener$1MessagesAvailable.runInContext(ServerImpl.java:834)
	at org.apache.ratis.thirdparty.io.grpc.internal.ContextRunnable.run(ContextRunnable.java:37)
	at org.apache.ratis.thirdparty.io.grpc.internal.SerializingExecutor.run(SerializingExecutor.java:133)
	at java.util.concurrent.ThreadPoolExecutor.runWorker(ThreadPoolExecutor.java:1149)
	at java.util.concurrent.ThreadPoolExecutor$Worker.run(ThreadPoolExecutor.java:624)
	at java.lang.Thread.run(Thread.java:750)

		at org.apache.ratis.util.IOUtils.readObject(IOUtils.java:237)
		at org.apache.ratis.util.IOUtils.bytes2Object(IOUtils.java:214)
		at org.apache.ratis.grpc.GrpcUtil.tryUnwrapException(GrpcUtil.java:109)
		at org.apache.ratis.grpc.GrpcUtil.unwrapThrowable(GrpcUtil.java:82)
		at org.apache.ratis.grpc.GrpcUtil.warn(GrpcUtil.java:178)
		at org.apache.ratis.grpc.server.GrpcLogAppender$AppendLogResponseHandler.onError(GrpcLogAppender.java:378)
		... 10 more
	Caused by: java.lang.ClassCastException: Cannot cast java.util.concurrent.RejectedExecutionException to java.io.IOException
		at java.lang.Class.cast(Class.java:3369)
		at org.apache.ratis.util.IOUtils.readObject(IOUtils.java:234)
		... 15 more
2022-07-24 15:57:05,888 [grpc-default-executor-2] INFO  leader.FollowerInfo (FollowerInfoImpl.java:lambda$new$0(48)) - s0@group-1D117010C276->s2: nextIndex: updateUnconditionally 256 -> 199
2022-07-24 15:57:05,889 [s0@group-1D117010C276-StateMachineUpdater] INFO  statemachine.SimpleStateMachine4Testing (SimpleStateMachine4Testing.java:put(204)) - s0: put 255, m125 -> (t:2, i:255), STATEMACHINELOGENTRY, 511@client-6F86E1C52B91
2022-07-24 15:57:05,892 [s1-server-thread1] DEBUG raftlog.RaftLog (SegmentedRaftLog.java:appendImpl(447)) - truncateIndex=-1, arrayIndex=0
2022-07-24 15:57:05,893 [grpc-default-executor-2] WARN  server.GrpcServerProtocolService (LogUtils.java:warn(124)) - s2: Failed APPEND_ENTRIES request s0->s2#109-t2,previous=(t:1, i:198),leaderCommit=255,initializing? true,entries: size=58, first=(t:2, i:199), CONFIGURATIONENTRY(current:id: "s0"
address: "localhost:41145"
dataStreamAddress: "localhost:35053"
clientAddress: "localhost:40971"
adminAddress: "localhost:44949"
startupRole: FOLLOWER
,id: "s1"
address: "localhost:37813"
dataStreamAddress: "localhost:42861"
clientAddress: "localhost:42193"
adminAddress: "localhost:42655"
startupRole: FOLLOWER
,id: "s2"
address: "localhost:37241"
dataStreamAddress: "localhost:33751"
clientAddress: "localhost:34449"
adminAddress: "localhost:39099"
startupRole: FOLLOWER
, old:)
java.util.concurrent.CompletionException: java.util.concurrent.RejectedExecutionException: Task java.util.concurrent.CompletableFuture$AsyncSupply@2d2a709d rejected from java.util.concurrent.ThreadPoolExecutor@5f803e53[Terminated, pool size = 0, active threads = 0, queued tasks = 0, completed tasks = 0]
	at java.util.concurrent.CompletableFuture.encodeThrowable(CompletableFuture.java:273)
	at java.util.concurrent.CompletableFuture.uniComposeStage(CompletableFuture.java:1005)
	at java.util.concurrent.CompletableFuture.thenCompose(CompletableFuture.java:2137)
	at org.apache.ratis.server.impl.RaftServerProxy.appendEntriesAsync(RaftServerProxy.java:622)
	at org.apache.ratis.grpc.server.GrpcServerProtocolService$1.process(GrpcServerProtocolService.java:207)
	at org.apache.ratis.grpc.server.GrpcServerProtocolService$1.process(GrpcServerProtocolService.java:204)
	at org.apache.ratis.grpc.server.GrpcServerProtocolService$ServerRequestStreamObserver.onNext(GrpcServerProtocolService.java:126)
	at org.apache.ratis.thirdparty.io.grpc.stub.ServerCalls$StreamingServerCallHandler$StreamingServerCallListener.onMessage(ServerCalls.java:262)
	at org.apache.ratis.thirdparty.io.grpc.ForwardingServerCallListener.onMessage(ForwardingServerCallListener.java:33)
	at org.apache.ratis.thirdparty.io.grpc.internal.ServerCallImpl$ServerStreamListenerImpl.messagesAvailableInternal(ServerCallImpl.java:318)
	at org.apache.ratis.thirdparty.io.grpc.internal.ServerCallImpl$ServerStreamListenerImpl.messagesAvailable(ServerCallImpl.java:301)
	at org.apache.ratis.thirdparty.io.grpc.internal.ServerImpl$JumpToApplicationThreadServerStreamListener$1MessagesAvailable.runInContext(ServerImpl.java:834)
	at org.apache.ratis.thirdparty.io.grpc.internal.ContextRunnable.run(ContextRunnable.java:37)
	at org.apache.ratis.thirdparty.io.grpc.internal.SerializingExecutor.run(SerializingExecutor.java:133)
	at java.util.concurrent.ThreadPoolExecutor.runWorker(ThreadPoolExecutor.java:1149)
	at java.util.concurrent.ThreadPoolExecutor$Worker.run(ThreadPoolExecutor.java:624)
	at java.lang.Thread.run(Thread.java:750)
Caused by: java.util.concurrent.RejectedExecutionException: Task java.util.concurrent.CompletableFuture$AsyncSupply@2d2a709d rejected from java.util.concurrent.ThreadPoolExecutor@5f803e53[Terminated, pool size = 0, active threads = 0, queued tasks = 0, completed tasks = 0]
	at java.util.concurrent.ThreadPoolExecutor$AbortPolicy.rejectedExecution(ThreadPoolExecutor.java:2063)
	at java.util.concurrent.ThreadPoolExecutor.reject(ThreadPoolExecutor.java:830)
	at java.util.concurrent.ThreadPoolExecutor.execute(ThreadPoolExecutor.java:1379)
	at java.util.concurrent.CompletableFuture.asyncSupplyStage(CompletableFuture.java:1618)
	at java.util.concurrent.CompletableFuture.supplyAsync(CompletableFuture.java:1843)
	at org.apache.ratis.server.impl.RaftServerImpl.executeSubmitServerRequestAsync(RaftServerImpl.java:788)
	at org.apache.ratis.server.impl.RaftServerProxy.lambda$appendEntriesAsync$26(RaftServerProxy.java:622)
	at java.util.concurrent.CompletableFuture.uniComposeStage(CompletableFuture.java:995)
	... 15 more
2022-07-24 15:57:05,894 [grpc-default-executor-8] WARN  server.GrpcLogAppender (LogUtils.java:warn(124)) - s0@group-1D117010C276->s2-AppendLogResponseHandler: Failed appendEntries
java.io.IOException: java.util.concurrent.RejectedExecutionException: Task java.util.concurrent.CompletableFuture$AsyncSupply@2d2a709d rejected from java.util.concurrent.ThreadPoolExecutor@5f803e53[Terminated, pool size = 0, active threads = 0, queued tasks = 0, completed tasks = 0]
	at org.apache.ratis.util.IOUtils.asIOException(IOUtils.java:56)
	at org.apache.ratis.grpc.GrpcUtil.tryUnwrapException(GrpcUtil.java:121)
	at org.apache.ratis.grpc.GrpcUtil.unwrapThrowable(GrpcUtil.java:82)
	at org.apache.ratis.grpc.GrpcUtil.warn(GrpcUtil.java:178)
	at org.apache.ratis.grpc.server.GrpcLogAppender$AppendLogResponseHandler.onError(GrpcLogAppender.java:378)
	at org.apache.ratis.thirdparty.io.grpc.stub.ClientCalls$StreamObserverToCallListenerAdapter.onClose(ClientCalls.java:479)
	at org.apache.ratis.thirdparty.io.grpc.internal.ClientCallImpl.closeObserver(ClientCallImpl.java:562)
	at org.apache.ratis.thirdparty.io.grpc.internal.ClientCallImpl.access$300(ClientCallImpl.java:70)
	at org.apache.ratis.thirdparty.io.grpc.internal.ClientCallImpl$ClientStreamListenerImpl$1StreamClosed.runInternal(ClientCallImpl.java:743)
	at org.apache.ratis.thirdparty.io.grpc.internal.ClientCallImpl$ClientStreamListenerImpl$1StreamClosed.runInContext(ClientCallImpl.java:722)
	at org.apache.ratis.thirdparty.io.grpc.internal.ContextRunnable.run(ContextRunnable.java:37)
	at org.apache.ratis.thirdparty.io.grpc.internal.SerializingExecutor.run(SerializingExecutor.java:133)
	at java.util.concurrent.ThreadPoolExecutor.runWorker(ThreadPoolExecutor.java:1149)
	at java.util.concurrent.ThreadPoolExecutor$Worker.run(ThreadPoolExecutor.java:624)
	at java.lang.Thread.run(Thread.java:750)
Caused by: java.util.concurrent.RejectedExecutionException: Task java.util.concurrent.CompletableFuture$AsyncSupply@2d2a709d rejected from java.util.concurrent.ThreadPoolExecutor@5f803e53[Terminated, pool size = 0, active threads = 0, queued tasks = 0, completed tasks = 0]
	at sun.reflect.GeneratedConstructorAccessor9.newInstance(Unknown Source)
	at sun.reflect.DelegatingConstructorAccessorImpl.newInstance(DelegatingConstructorAccessorImpl.java:45)
	at java.lang.reflect.Constructor.newInstance(Constructor.java:423)
	at org.apache.ratis.util.ReflectionUtils.instantiateException(ReflectionUtils.java:259)
	at org.apache.ratis.grpc.GrpcUtil.tryUnwrapException(GrpcUtil.java:120)
	... 13 more
Caused by: org.apache.ratis.thirdparty.io.grpc.StatusRuntimeException: INTERNAL: Task java.util.concurrent.CompletableFuture$AsyncSupply@2d2a709d rejected from java.util.concurrent.ThreadPoolExecutor@5f803e53[Terminated, pool size = 0, active threads = 0, queued tasks = 0, completed tasks = 0]
	at org.apache.ratis.thirdparty.io.grpc.Status.asRuntimeException(Status.java:535)
	... 10 more
	Suppressed: java.lang.IllegalStateException: Failed to cast to class java.io.IOException, object=java.util.concurrent.RejectedExecutionException: Task java.util.concurrent.CompletableFuture$AsyncSupply@2d2a709d rejected from java.util.concurrent.ThreadPoolExecutor@5f803e53[Terminated, pool size = 0, active threads = 0, queued tasks = 0, completed tasks = 0]
	at java.util.concurrent.ThreadPoolExecutor$AbortPolicy.rejectedExecution(ThreadPoolExecutor.java:2063)
	at java.util.concurrent.ThreadPoolExecutor.reject(ThreadPoolExecutor.java:830)
	at java.util.concurrent.ThreadPoolExecutor.execute(ThreadPoolExecutor.java:1379)
	at java.util.concurrent.CompletableFuture.asyncSupplyStage(CompletableFuture.java:1618)
	at java.util.concurrent.CompletableFuture.supplyAsync(CompletableFuture.java:1843)
	at org.apache.ratis.server.impl.RaftServerImpl.executeSubmitServerRequestAsync(RaftServerImpl.java:788)
	at org.apache.ratis.server.impl.RaftServerProxy.lambda$appendEntriesAsync$26(RaftServerProxy.java:622)
	at java.util.concurrent.CompletableFuture.uniComposeStage(CompletableFuture.java:995)
	at java.util.concurrent.CompletableFuture.thenCompose(CompletableFuture.java:2137)
	at org.apache.ratis.server.impl.RaftServerProxy.appendEntriesAsync(RaftServerProxy.java:622)
	at org.apache.ratis.grpc.server.GrpcServerProtocolService$1.process(GrpcServerProtocolService.java:207)
	at org.apache.ratis.grpc.server.GrpcServerProtocolService$1.process(GrpcServerProtocolService.java:204)
	at org.apache.ratis.grpc.server.GrpcServerProtocolService$ServerRequestStreamObserver.onNext(GrpcServerProtocolService.java:126)
	at org.apache.ratis.thirdparty.io.grpc.stub.ServerCalls$StreamingServerCallHandler$StreamingServerCallListener.onMessage(ServerCalls.java:262)
	at org.apache.ratis.thirdparty.io.grpc.ForwardingServerCallListener.onMessage(ForwardingServerCallListener.java:33)
	at org.apache.ratis.thirdparty.io.grpc.internal.ServerCallImpl$ServerStreamListenerImpl.messagesAvailableInternal(ServerCallImpl.java:318)
	at org.apache.ratis.thirdparty.io.grpc.internal.ServerCallImpl$ServerStreamListenerImpl.messagesAvailable(ServerCallImpl.java:301)
	at org.apache.ratis.thirdparty.io.grpc.internal.ServerImpl$JumpToApplicationThreadServerStreamListener$1MessagesAvailable.runInContext(ServerImpl.java:834)
	at org.apache.ratis.thirdparty.io.grpc.internal.ContextRunnable.run(ContextRunnable.java:37)
	at org.apache.ratis.thirdparty.io.grpc.internal.SerializingExecutor.run(SerializingExecutor.java:133)
	at java.util.concurrent.ThreadPoolExecutor.runWorker(ThreadPoolExecutor.java:1149)
	at java.util.concurrent.ThreadPoolExecutor$Worker.run(ThreadPoolExecutor.java:624)
	at java.lang.Thread.run(Thread.java:750)

		at org.apache.ratis.util.IOUtils.readObject(IOUtils.java:237)
		at org.apache.ratis.util.IOUtils.bytes2Object(IOUtils.java:214)
		at org.apache.ratis.grpc.GrpcUtil.tryUnwrapException(GrpcUtil.java:109)
		at org.apache.ratis.grpc.GrpcUtil.unwrapThrowable(GrpcUtil.java:82)
		at org.apache.ratis.grpc.GrpcUtil.warn(GrpcUtil.java:178)
		at org.apache.ratis.grpc.server.GrpcLogAppender$AppendLogResponseHandler.onError(GrpcLogAppender.java:378)
		... 10 more
	Caused by: java.lang.ClassCastException: Cannot cast java.util.concurrent.RejectedExecutionException to java.io.IOException
		at java.lang.Class.cast(Class.java:3369)
		at org.apache.ratis.util.IOUtils.readObject(IOUtils.java:234)
		... 15 more
2022-07-24 15:57:05,894 [grpc-default-executor-8] INFO  leader.FollowerInfo (FollowerInfoImpl.java:lambda$new$0(48)) - s0@group-1D117010C276->s2: nextIndex: updateUnconditionally 257 -> 199
2022-07-24 15:57:05,895 [s1-server-thread1] DEBUG raftlog.RaftLog (SegmentedRaftLog.java:appendImpl(447)) - truncateIndex=-1, arrayIndex=0
2022-07-24 15:57:05,895 [grpc-default-executor-9] WARN  server.GrpcServerProtocolService (LogUtils.java:warn(124)) - s2: Failed APPEND_ENTRIES request s0->s2#110-t2,previous=(t:1, i:198),leaderCommit=255,initializing? true,entries: size=59, first=(t:2, i:199), CONFIGURATIONENTRY(current:id: "s0"
address: "localhost:41145"
dataStreamAddress: "localhost:35053"
clientAddress: "localhost:40971"
adminAddress: "localhost:44949"
startupRole: FOLLOWER
,id: "s1"
address: "localhost:37813"
dataStreamAddress: "localhost:42861"
clientAddress: "localhost:42193"
adminAddress: "localhost:42655"
startupRole: FOLLOWER
,id: "s2"
address: "localhost:37241"
dataStreamAddress: "localhost:33751"
clientAddress: "localhost:34449"
adminAddress: "localhost:39099"
startupRole: FOLLOWER
, old:)
java.util.concurrent.CompletionException: java.util.concurrent.RejectedExecutionException: Task java.util.concurrent.CompletableFuture$AsyncSupply@54443e83 rejected from java.util.concurrent.ThreadPoolExecutor@5f803e53[Terminated, pool size = 0, active threads = 0, queued tasks = 0, completed tasks = 0]
	at java.util.concurrent.CompletableFuture.encodeThrowable(CompletableFuture.java:273)
	at java.util.concurrent.CompletableFuture.uniComposeStage(CompletableFuture.java:1005)
	at java.util.concurrent.CompletableFuture.thenCompose(CompletableFuture.java:2137)
	at org.apache.ratis.server.impl.RaftServerProxy.appendEntriesAsync(RaftServerProxy.java:622)
	at org.apache.ratis.grpc.server.GrpcServerProtocolService$1.process(GrpcServerProtocolService.java:207)
	at org.apache.ratis.grpc.server.GrpcServerProtocolService$1.process(GrpcServerProtocolService.java:204)
	at org.apache.ratis.grpc.server.GrpcServerProtocolService$ServerRequestStreamObserver.onNext(GrpcServerProtocolService.java:126)
	at org.apache.ratis.thirdparty.io.grpc.stub.ServerCalls$StreamingServerCallHandler$StreamingServerCallListener.onMessage(ServerCalls.java:262)
	at org.apache.ratis.thirdparty.io.grpc.ForwardingServerCallListener.onMessage(ForwardingServerCallListener.java:33)
	at org.apache.ratis.thirdparty.io.grpc.internal.ServerCallImpl$ServerStreamListenerImpl.messagesAvailableInternal(ServerCallImpl.java:318)
	at org.apache.ratis.thirdparty.io.grpc.internal.ServerCallImpl$ServerStreamListenerImpl.messagesAvailable(ServerCallImpl.java:301)
	at org.apache.ratis.thirdparty.io.grpc.internal.ServerImpl$JumpToApplicationThreadServerStreamListener$1MessagesAvailable.runInContext(ServerImpl.java:834)
	at org.apache.ratis.thirdparty.io.grpc.internal.ContextRunnable.run(ContextRunnable.java:37)
	at org.apache.ratis.thirdparty.io.grpc.internal.SerializingExecutor.run(SerializingExecutor.java:133)
	at java.util.concurrent.ThreadPoolExecutor.runWorker(ThreadPoolExecutor.java:1149)
	at java.util.concurrent.ThreadPoolExecutor$Worker.run(ThreadPoolExecutor.java:624)
	at java.lang.Thread.run(Thread.java:750)
Caused by: java.util.concurrent.RejectedExecutionException: Task java.util.concurrent.CompletableFuture$AsyncSupply@54443e83 rejected from java.util.concurrent.ThreadPoolExecutor@5f803e53[Terminated, pool size = 0, active threads = 0, queued tasks = 0, completed tasks = 0]
	at java.util.concurrent.ThreadPoolExecutor$AbortPolicy.rejectedExecution(ThreadPoolExecutor.java:2063)
	at java.util.concurrent.ThreadPoolExecutor.reject(ThreadPoolExecutor.java:830)
	at java.util.concurrent.ThreadPoolExecutor.execute(ThreadPoolExecutor.java:1379)
	at java.util.concurrent.CompletableFuture.asyncSupplyStage(CompletableFuture.java:1618)
	at java.util.concurrent.CompletableFuture.supplyAsync(CompletableFuture.java:1843)
	at org.apache.ratis.server.impl.RaftServerImpl.executeSubmitServerRequestAsync(RaftServerImpl.java:788)
	at org.apache.ratis.server.impl.RaftServerProxy.lambda$appendEntriesAsync$26(RaftServerProxy.java:622)
	at java.util.concurrent.CompletableFuture.uniComposeStage(CompletableFuture.java:995)
	... 15 more
2022-07-24 15:57:05,896 [grpc-default-executor-8] WARN  server.GrpcLogAppender (LogUtils.java:warn(124)) - s0@group-1D117010C276->s2-AppendLogResponseHandler: Failed appendEntries
java.io.IOException: java.util.concurrent.RejectedExecutionException: Task java.util.concurrent.CompletableFuture$AsyncSupply@54443e83 rejected from java.util.concurrent.ThreadPoolExecutor@5f803e53[Terminated, pool size = 0, active threads = 0, queued tasks = 0, completed tasks = 0]
	at org.apache.ratis.util.IOUtils.asIOException(IOUtils.java:56)
	at org.apache.ratis.grpc.GrpcUtil.tryUnwrapException(GrpcUtil.java:121)
	at org.apache.ratis.grpc.GrpcUtil.unwrapThrowable(GrpcUtil.java:82)
	at org.apache.ratis.grpc.GrpcUtil.warn(GrpcUtil.java:178)
	at org.apache.ratis.grpc.server.GrpcLogAppender$AppendLogResponseHandler.onError(GrpcLogAppender.java:378)
	at org.apache.ratis.thirdparty.io.grpc.stub.ClientCalls$StreamObserverToCallListenerAdapter.onClose(ClientCalls.java:479)
	at org.apache.ratis.thirdparty.io.grpc.internal.ClientCallImpl.closeObserver(ClientCallImpl.java:562)
	at org.apache.ratis.thirdparty.io.grpc.internal.ClientCallImpl.access$300(ClientCallImpl.java:70)
	at org.apache.ratis.thirdparty.io.grpc.internal.ClientCallImpl$ClientStreamListenerImpl$1StreamClosed.runInternal(ClientCallImpl.java:743)
	at org.apache.ratis.thirdparty.io.grpc.internal.ClientCallImpl$ClientStreamListenerImpl$1StreamClosed.runInContext(ClientCallImpl.java:722)
	at org.apache.ratis.thirdparty.io.grpc.internal.ContextRunnable.run(ContextRunnable.java:37)
	at org.apache.ratis.thirdparty.io.grpc.internal.SerializingExecutor.run(SerializingExecutor.java:133)
	at java.util.concurrent.ThreadPoolExecutor.runWorker(ThreadPoolExecutor.java:1149)
	at java.util.concurrent.ThreadPoolExecutor$Worker.run(ThreadPoolExecutor.java:624)
	at java.lang.Thread.run(Thread.java:750)
Caused by: java.util.concurrent.RejectedExecutionException: Task java.util.concurrent.CompletableFuture$AsyncSupply@54443e83 rejected from java.util.concurrent.ThreadPoolExecutor@5f803e53[Terminated, pool size = 0, active threads = 0, queued tasks = 0, completed tasks = 0]
	at sun.reflect.GeneratedConstructorAccessor9.newInstance(Unknown Source)
	at sun.reflect.DelegatingConstructorAccessorImpl.newInstance(DelegatingConstructorAccessorImpl.java:45)
	at java.lang.reflect.Constructor.newInstance(Constructor.java:423)
	at org.apache.ratis.util.ReflectionUtils.instantiateException(ReflectionUtils.java:259)
	at org.apache.ratis.grpc.GrpcUtil.tryUnwrapException(GrpcUtil.java:120)
	... 13 more
Caused by: org.apache.ratis.thirdparty.io.grpc.StatusRuntimeException: INTERNAL: Task java.util.concurrent.CompletableFuture$AsyncSupply@54443e83 rejected from java.util.concurrent.ThreadPoolExecutor@5f803e53[Terminated, pool size = 0, active threads = 0, queued tasks = 0, completed tasks = 0]
	at org.apache.ratis.thirdparty.io.grpc.Status.asRuntimeException(Status.java:535)
	... 10 more
	Suppressed: java.lang.IllegalStateException: Failed to cast to class java.io.IOException, object=java.util.concurrent.RejectedExecutionException: Task java.util.concurrent.CompletableFuture$AsyncSupply@54443e83 rejected from java.util.concurrent.ThreadPoolExecutor@5f803e53[Terminated, pool size = 0, active threads = 0, queued tasks = 0, completed tasks = 0]
	at java.util.concurrent.ThreadPoolExecutor$AbortPolicy.rejectedExecution(ThreadPoolExecutor.java:2063)
	at java.util.concurrent.ThreadPoolExecutor.reject(ThreadPoolExecutor.java:830)
	at java.util.concurrent.ThreadPoolExecutor.execute(ThreadPoolExecutor.java:1379)
	at java.util.concurrent.CompletableFuture.asyncSupplyStage(CompletableFuture.java:1618)
	at java.util.concurrent.CompletableFuture.supplyAsync(CompletableFuture.java:1843)
	at org.apache.ratis.server.impl.RaftServerImpl.executeSubmitServerRequestAsync(RaftServerImpl.java:788)
	at org.apache.ratis.server.impl.RaftServerProxy.lambda$appendEntriesAsync$26(RaftServerProxy.java:622)
	at java.util.concurrent.CompletableFuture.uniComposeStage(CompletableFuture.java:995)
	at java.util.concurrent.CompletableFuture.thenCompose(CompletableFuture.java:2137)
	at org.apache.ratis.server.impl.RaftServerProxy.appendEntriesAsync(RaftServerProxy.java:622)
	at org.apache.ratis.grpc.server.GrpcServerProtocolService$1.process(GrpcServerProtocolService.java:207)
	at org.apache.ratis.grpc.server.GrpcServerProtocolService$1.process(GrpcServerProtocolService.java:204)
	at org.apache.ratis.grpc.server.GrpcServerProtocolService$ServerRequestStreamObserver.onNext(GrpcServerProtocolService.java:126)
	at org.apache.ratis.thirdparty.io.grpc.stub.ServerCalls$StreamingServerCallHandler$StreamingServerCallListener.onMessage(ServerCalls.java:262)
	at org.apache.ratis.thirdparty.io.grpc.ForwardingServerCallListener.onMessage(ForwardingServerCallListener.java:33)
	at org.apache.ratis.thirdparty.io.grpc.internal.ServerCallImpl$ServerStreamListenerImpl.messagesAvailableInternal(ServerCallImpl.java:318)
	at org.apache.ratis.thirdparty.io.grpc.internal.ServerCallImpl$ServerStreamListenerImpl.messagesAvailable(ServerCallImpl.java:301)
	at org.apache.ratis.thirdparty.io.grpc.internal.ServerImpl$JumpToApplicationThreadServerStreamListener$1MessagesAvailable.runInContext(ServerImpl.java:834)
	at org.apache.ratis.thirdparty.io.grpc.internal.ContextRunnable.run(ContextRunnable.java:37)
	at org.apache.ratis.thirdparty.io.grpc.internal.SerializingExecutor.run(SerializingExecutor.java:133)
	at java.util.concurrent.ThreadPoolExecutor.runWorker(ThreadPoolExecutor.java:1149)
	at java.util.concurrent.ThreadPoolExecutor$Worker.run(ThreadPoolExecutor.java:624)
	at java.lang.Thread.run(Thread.java:750)

		at org.apache.ratis.util.IOUtils.readObject(IOUtils.java:237)
		at org.apache.ratis.util.IOUtils.bytes2Object(IOUtils.java:214)
		at org.apache.ratis.grpc.GrpcUtil.tryUnwrapException(GrpcUtil.java:109)
		at org.apache.ratis.grpc.GrpcUtil.unwrapThrowable(GrpcUtil.java:82)
		at org.apache.ratis.grpc.GrpcUtil.warn(GrpcUtil.java:178)
		at org.apache.ratis.grpc.server.GrpcLogAppender$AppendLogResponseHandler.onError(GrpcLogAppender.java:378)
		... 10 more
	Caused by: java.lang.ClassCastException: Cannot cast java.util.concurrent.RejectedExecutionException to java.io.IOException
		at java.lang.Class.cast(Class.java:3369)
		at org.apache.ratis.util.IOUtils.readObject(IOUtils.java:234)
		... 15 more
2022-07-24 15:57:05,897 [grpc-default-executor-8] INFO  leader.FollowerInfo (FollowerInfoImpl.java:lambda$new$0(48)) - s0@group-1D117010C276->s2: nextIndex: updateUnconditionally 258 -> 199
2022-07-24 15:57:05,900 [s0@group-1D117010C276-StateMachineUpdater] INFO  impl.StateMachineUpdater (StateMachineUpdater.java:takeSnapshot(287)) - s0@group-1D117010C276-StateMachineUpdater: Took a snapshot at index 255
2022-07-24 15:57:05,900 [s0@group-1D117010C276-StateMachineUpdater] INFO  impl.StateMachineUpdater (StateMachineUpdater.java:lambda$new$0(92)) - s0@group-1D117010C276-StateMachineUpdater: snapshotIndex: updateIncreasingly 191 -> 255
2022-07-24 15:57:05,900 [s0@group-1D117010C276-StateMachineUpdater] INFO  raftlog.RaftLog (RaftLogBase.java:purge(314)) - s0@group-1D117010C276-SegmentedRaftLog: purge 196
2022-07-24 15:57:05,900 [s0@group-1D117010C276-StateMachineUpdater] INFO  raftlog.RaftLog (RaftLogBase.java:lambda$new$0(53)) - s0@group-1D117010C276-SegmentedRaftLog: snapshotIndex: updateIncreasingly 191 -> 255
2022-07-24 15:57:05,901 [s0@group-1D117010C276-StateMachineUpdater] DEBUG raftlog.RaftLog (SegmentedRaftLog.java:purgeImpl(365)) - purging segments:null
2022-07-24 15:57:05,901 [s0@group-1D117010C276-StateMachineUpdater] INFO  raftlog.RaftLog (RaftLogBase.java:lambda$new$0(53)) - s0@group-1D117010C276-SegmentedRaftLog: purgeIndex: updateToMax old=188, new=196, updated? true
2022-07-24 15:57:05,901 [s1@group-1D117010C276-StateMachineUpdater] INFO  statemachine.SimpleStateMachine4Testing (SimpleStateMachine4Testing.java:put(204)) - s1: put 255, m125 -> (t:2, i:255), STATEMACHINELOGENTRY, 511@client-6F86E1C52B91
2022-07-24 15:57:05,905 [grpc-default-executor-9] WARN  server.GrpcServerProtocolService (LogUtils.java:warn(124)) - s2: Failed APPEND_ENTRIES request s0->s2#111-t2,previous=(t:1, i:198),leaderCommit=256,initializing? true,entries: size=59, first=(t:2, i:199), CONFIGURATIONENTRY(current:id: "s0"
address: "localhost:41145"
dataStreamAddress: "localhost:35053"
clientAddress: "localhost:40971"
adminAddress: "localhost:44949"
startupRole: FOLLOWER
,id: "s1"
address: "localhost:37813"
dataStreamAddress: "localhost:42861"
clientAddress: "localhost:42193"
adminAddress: "localhost:42655"
startupRole: FOLLOWER
,id: "s2"
address: "localhost:37241"
dataStreamAddress: "localhost:33751"
clientAddress: "localhost:34449"
adminAddress: "localhost:39099"
startupRole: FOLLOWER
, old:)
java.util.concurrent.CompletionException: java.util.concurrent.RejectedExecutionException: Task java.util.concurrent.CompletableFuture$AsyncSupply@559b1cdf rejected from java.util.concurrent.ThreadPoolExecutor@5f803e53[Terminated, pool size = 0, active threads = 0, queued tasks = 0, completed tasks = 0]
	at java.util.concurrent.CompletableFuture.encodeThrowable(CompletableFuture.java:273)
	at java.util.concurrent.CompletableFuture.uniComposeStage(CompletableFuture.java:1005)
	at java.util.concurrent.CompletableFuture.thenCompose(CompletableFuture.java:2137)
	at org.apache.ratis.server.impl.RaftServerProxy.appendEntriesAsync(RaftServerProxy.java:622)
	at org.apache.ratis.grpc.server.GrpcServerProtocolService$1.process(GrpcServerProtocolService.java:207)
	at org.apache.ratis.grpc.server.GrpcServerProtocolService$1.process(GrpcServerProtocolService.java:204)
	at org.apache.ratis.grpc.server.GrpcServerProtocolService$ServerRequestStreamObserver.onNext(GrpcServerProtocolService.java:126)
	at org.apache.ratis.thirdparty.io.grpc.stub.ServerCalls$StreamingServerCallHandler$StreamingServerCallListener.onMessage(ServerCalls.java:262)
	at org.apache.ratis.thirdparty.io.grpc.ForwardingServerCallListener.onMessage(ForwardingServerCallListener.java:33)
	at org.apache.ratis.thirdparty.io.grpc.internal.ServerCallImpl$ServerStreamListenerImpl.messagesAvailableInternal(ServerCallImpl.java:318)
	at org.apache.ratis.thirdparty.io.grpc.internal.ServerCallImpl$ServerStreamListenerImpl.messagesAvailable(ServerCallImpl.java:301)
	at org.apache.ratis.thirdparty.io.grpc.internal.ServerImpl$JumpToApplicationThreadServerStreamListener$1MessagesAvailable.runInContext(ServerImpl.java:834)
	at org.apache.ratis.thirdparty.io.grpc.internal.ContextRunnable.run(ContextRunnable.java:37)
	at org.apache.ratis.thirdparty.io.grpc.internal.SerializingExecutor.run(SerializingExecutor.java:133)
	at java.util.concurrent.ThreadPoolExecutor.runWorker(ThreadPoolExecutor.java:1149)
	at java.util.concurrent.ThreadPoolExecutor$Worker.run(ThreadPoolExecutor.java:624)
	at java.lang.Thread.run(Thread.java:750)
Caused by: java.util.concurrent.RejectedExecutionException: Task java.util.concurrent.CompletableFuture$AsyncSupply@559b1cdf rejected from java.util.concurrent.ThreadPoolExecutor@5f803e53[Terminated, pool size = 0, active threads = 0, queued tasks = 0, completed tasks = 0]
	at java.util.concurrent.ThreadPoolExecutor$AbortPolicy.rejectedExecution(ThreadPoolExecutor.java:2063)
	at java.util.concurrent.ThreadPoolExecutor.reject(ThreadPoolExecutor.java:830)
	at java.util.concurrent.ThreadPoolExecutor.execute(ThreadPoolExecutor.java:1379)
	at java.util.concurrent.CompletableFuture.asyncSupplyStage(CompletableFuture.java:1618)
	at java.util.concurrent.CompletableFuture.supplyAsync(CompletableFuture.java:1843)
	at org.apache.ratis.server.impl.RaftServerImpl.executeSubmitServerRequestAsync(RaftServerImpl.java:788)
	at org.apache.ratis.server.impl.RaftServerProxy.lambda$appendEntriesAsync$26(RaftServerProxy.java:622)
	at java.util.concurrent.CompletableFuture.uniComposeStage(CompletableFuture.java:995)
	... 15 more
2022-07-24 15:57:05,906 [grpc-default-executor-2] WARN  server.GrpcLogAppender (LogUtils.java:warn(124)) - s0@group-1D117010C276->s2-AppendLogResponseHandler: Failed appendEntries
java.io.IOException: java.util.concurrent.RejectedExecutionException: Task java.util.concurrent.CompletableFuture$AsyncSupply@559b1cdf rejected from java.util.concurrent.ThreadPoolExecutor@5f803e53[Terminated, pool size = 0, active threads = 0, queued tasks = 0, completed tasks = 0]
	at org.apache.ratis.util.IOUtils.asIOException(IOUtils.java:56)
	at org.apache.ratis.grpc.GrpcUtil.tryUnwrapException(GrpcUtil.java:121)
	at org.apache.ratis.grpc.GrpcUtil.unwrapThrowable(GrpcUtil.java:82)
	at org.apache.ratis.grpc.GrpcUtil.warn(GrpcUtil.java:178)
	at org.apache.ratis.grpc.server.GrpcLogAppender$AppendLogResponseHandler.onError(GrpcLogAppender.java:378)
	at org.apache.ratis.thirdparty.io.grpc.stub.ClientCalls$StreamObserverToCallListenerAdapter.onClose(ClientCalls.java:479)
	at org.apache.ratis.thirdparty.io.grpc.internal.ClientCallImpl.closeObserver(ClientCallImpl.java:562)
	at org.apache.ratis.thirdparty.io.grpc.internal.ClientCallImpl.access$300(ClientCallImpl.java:70)
	at org.apache.ratis.thirdparty.io.grpc.internal.ClientCallImpl$ClientStreamListenerImpl$1StreamClosed.runInternal(ClientCallImpl.java:743)
	at org.apache.ratis.thirdparty.io.grpc.internal.ClientCallImpl$ClientStreamListenerImpl$1StreamClosed.runInContext(ClientCallImpl.java:722)
	at org.apache.ratis.thirdparty.io.grpc.internal.ContextRunnable.run(ContextRunnable.java:37)
	at org.apache.ratis.thirdparty.io.grpc.internal.SerializingExecutor.run(SerializingExecutor.java:133)
	at java.util.concurrent.ThreadPoolExecutor.runWorker(ThreadPoolExecutor.java:1149)
	at java.util.concurrent.ThreadPoolExecutor$Worker.run(ThreadPoolExecutor.java:624)
	at java.lang.Thread.run(Thread.java:750)
Caused by: java.util.concurrent.RejectedExecutionException: Task java.util.concurrent.CompletableFuture$AsyncSupply@559b1cdf rejected from java.util.concurrent.ThreadPoolExecutor@5f803e53[Terminated, pool size = 0, active threads = 0, queued tasks = 0, completed tasks = 0]
	at sun.reflect.GeneratedConstructorAccessor9.newInstance(Unknown Source)
	at sun.reflect.DelegatingConstructorAccessorImpl.newInstance(DelegatingConstructorAccessorImpl.java:45)
	at java.lang.reflect.Constructor.newInstance(Constructor.java:423)
	at org.apache.ratis.util.ReflectionUtils.instantiateException(ReflectionUtils.java:259)
	at org.apache.ratis.grpc.GrpcUtil.tryUnwrapException(GrpcUtil.java:120)
	... 13 more
Caused by: org.apache.ratis.thirdparty.io.grpc.StatusRuntimeException: INTERNAL: Task java.util.concurrent.CompletableFuture$AsyncSupply@559b1cdf rejected from java.util.concurrent.ThreadPoolExecutor@5f803e53[Terminated, pool size = 0, active threads = 0, queued tasks = 0, completed tasks = 0]
	at org.apache.ratis.thirdparty.io.grpc.Status.asRuntimeException(Status.java:535)
	... 10 more
	Suppressed: java.lang.IllegalStateException: Failed to cast to class java.io.IOException, object=java.util.concurrent.RejectedExecutionException: Task java.util.concurrent.CompletableFuture$AsyncSupply@559b1cdf rejected from java.util.concurrent.ThreadPoolExecutor@5f803e53[Terminated, pool size = 0, active threads = 0, queued tasks = 0, completed tasks = 0]
	at java.util.concurrent.ThreadPoolExecutor$AbortPolicy.rejectedExecution(ThreadPoolExecutor.java:2063)
	at java.util.concurrent.ThreadPoolExecutor.reject(ThreadPoolExecutor.java:830)
	at java.util.concurrent.ThreadPoolExecutor.execute(ThreadPoolExecutor.java:1379)
	at java.util.concurrent.CompletableFuture.asyncSupplyStage(CompletableFuture.java:1618)
	at java.util.concurrent.CompletableFuture.supplyAsync(CompletableFuture.java:1843)
	at org.apache.ratis.server.impl.RaftServerImpl.executeSubmitServerRequestAsync(RaftServerImpl.java:788)
	at org.apache.ratis.server.impl.RaftServerProxy.lambda$appendEntriesAsync$26(RaftServerProxy.java:622)
	at java.util.concurrent.CompletableFuture.uniComposeStage(CompletableFuture.java:995)
	at java.util.concurrent.CompletableFuture.thenCompose(CompletableFuture.java:2137)
	at org.apache.ratis.server.impl.RaftServerProxy.appendEntriesAsync(RaftServerProxy.java:622)
	at org.apache.ratis.grpc.server.GrpcServerProtocolService$1.process(GrpcServerProtocolService.java:207)
	at org.apache.ratis.grpc.server.GrpcServerProtocolService$1.process(GrpcServerProtocolService.java:204)
	at org.apache.ratis.grpc.server.GrpcServerProtocolService$ServerRequestStreamObserver.onNext(GrpcServerProtocolService.java:126)
	at org.apache.ratis.thirdparty.io.grpc.stub.ServerCalls$StreamingServerCallHandler$StreamingServerCallListener.onMessage(ServerCalls.java:262)
	at org.apache.ratis.thirdparty.io.grpc.ForwardingServerCallListener.onMessage(ForwardingServerCallListener.java:33)
	at org.apache.ratis.thirdparty.io.grpc.internal.ServerCallImpl$ServerStreamListenerImpl.messagesAvailableInternal(ServerCallImpl.java:318)
	at org.apache.ratis.thirdparty.io.grpc.internal.ServerCallImpl$ServerStreamListenerImpl.messagesAvailable(ServerCallImpl.java:301)
	at org.apache.ratis.thirdparty.io.grpc.internal.ServerImpl$JumpToApplicationThreadServerStreamListener$1MessagesAvailable.runInContext(ServerImpl.java:834)
	at org.apache.ratis.thirdparty.io.grpc.internal.ContextRunnable.run(ContextRunnable.java:37)
	at org.apache.ratis.thirdparty.io.grpc.internal.SerializingExecutor.run(SerializingExecutor.java:133)
	at java.util.concurrent.ThreadPoolExecutor.runWorker(ThreadPoolExecutor.java:1149)
	at java.util.concurrent.ThreadPoolExecutor$Worker.run(ThreadPoolExecutor.java:624)
	at java.lang.Thread.run(Thread.java:750)

		at org.apache.ratis.util.IOUtils.readObject(IOUtils.java:237)
		at org.apache.ratis.util.IOUtils.bytes2Object(IOUtils.java:214)
		at org.apache.ratis.grpc.GrpcUtil.tryUnwrapException(GrpcUtil.java:109)
		at org.apache.ratis.grpc.GrpcUtil.unwrapThrowable(GrpcUtil.java:82)
		at org.apache.ratis.grpc.GrpcUtil.warn(GrpcUtil.java:178)
		at org.apache.ratis.grpc.server.GrpcLogAppender$AppendLogResponseHandler.onError(GrpcLogAppender.java:378)
		... 10 more
	Caused by: java.lang.ClassCastException: Cannot cast java.util.concurrent.RejectedExecutionException to java.io.IOException
		at java.lang.Class.cast(Class.java:3369)
		at org.apache.ratis.util.IOUtils.readObject(IOUtils.java:234)
		... 15 more
2022-07-24 15:57:05,907 [grpc-default-executor-2] INFO  leader.FollowerInfo (FollowerInfoImpl.java:lambda$new$0(48)) - s0@group-1D117010C276->s2: nextIndex: updateUnconditionally 258 -> 199
2022-07-24 15:57:05,910 [s1-server-thread1] DEBUG raftlog.RaftLog (SegmentedRaftLog.java:appendImpl(447)) - truncateIndex=-1, arrayIndex=0
2022-07-24 15:57:05,910 [grpc-default-executor-3] WARN  server.GrpcServerProtocolService (LogUtils.java:warn(124)) - s2: Failed APPEND_ENTRIES request s0->s2#112-t2,previous=(t:1, i:198),leaderCommit=257,initializing? true,entries: size=60, first=(t:2, i:199), CONFIGURATIONENTRY(current:id: "s0"
address: "localhost:41145"
dataStreamAddress: "localhost:35053"
clientAddress: "localhost:40971"
adminAddress: "localhost:44949"
startupRole: FOLLOWER
,id: "s1"
address: "localhost:37813"
dataStreamAddress: "localhost:42861"
clientAddress: "localhost:42193"
adminAddress: "localhost:42655"
startupRole: FOLLOWER
,id: "s2"
address: "localhost:37241"
dataStreamAddress: "localhost:33751"
clientAddress: "localhost:34449"
adminAddress: "localhost:39099"
startupRole: FOLLOWER
, old:)
java.util.concurrent.CompletionException: java.util.concurrent.RejectedExecutionException: Task java.util.concurrent.CompletableFuture$AsyncSupply@219a47e rejected from java.util.concurrent.ThreadPoolExecutor@5f803e53[Terminated, pool size = 0, active threads = 0, queued tasks = 0, completed tasks = 0]
	at java.util.concurrent.CompletableFuture.encodeThrowable(CompletableFuture.java:273)
	at java.util.concurrent.CompletableFuture.uniComposeStage(CompletableFuture.java:1005)
	at java.util.concurrent.CompletableFuture.thenCompose(CompletableFuture.java:2137)
	at org.apache.ratis.server.impl.RaftServerProxy.appendEntriesAsync(RaftServerProxy.java:622)
	at org.apache.ratis.grpc.server.GrpcServerProtocolService$1.process(GrpcServerProtocolService.java:207)
	at org.apache.ratis.grpc.server.GrpcServerProtocolService$1.process(GrpcServerProtocolService.java:204)
	at org.apache.ratis.grpc.server.GrpcServerProtocolService$ServerRequestStreamObserver.onNext(GrpcServerProtocolService.java:126)
	at org.apache.ratis.thirdparty.io.grpc.stub.ServerCalls$StreamingServerCallHandler$StreamingServerCallListener.onMessage(ServerCalls.java:262)
	at org.apache.ratis.thirdparty.io.grpc.ForwardingServerCallListener.onMessage(ForwardingServerCallListener.java:33)
	at org.apache.ratis.thirdparty.io.grpc.internal.ServerCallImpl$ServerStreamListenerImpl.messagesAvailableInternal(ServerCallImpl.java:318)
	at org.apache.ratis.thirdparty.io.grpc.internal.ServerCallImpl$ServerStreamListenerImpl.messagesAvailable(ServerCallImpl.java:301)
	at org.apache.ratis.thirdparty.io.grpc.internal.ServerImpl$JumpToApplicationThreadServerStreamListener$1MessagesAvailable.runInContext(ServerImpl.java:834)
	at org.apache.ratis.thirdparty.io.grpc.internal.ContextRunnable.run(ContextRunnable.java:37)
	at org.apache.ratis.thirdparty.io.grpc.internal.SerializingExecutor.run(SerializingExecutor.java:133)
	at java.util.concurrent.ThreadPoolExecutor.runWorker(ThreadPoolExecutor.java:1149)
	at java.util.concurrent.ThreadPoolExecutor$Worker.run(ThreadPoolExecutor.java:624)
	at java.lang.Thread.run(Thread.java:750)
Caused by: java.util.concurrent.RejectedExecutionException: Task java.util.concurrent.CompletableFuture$AsyncSupply@219a47e rejected from java.util.concurrent.ThreadPoolExecutor@5f803e53[Terminated, pool size = 0, active threads = 0, queued tasks = 0, completed tasks = 0]
	at java.util.concurrent.ThreadPoolExecutor$AbortPolicy.rejectedExecution(ThreadPoolExecutor.java:2063)
	at java.util.concurrent.ThreadPoolExecutor.reject(ThreadPoolExecutor.java:830)
	at java.util.concurrent.ThreadPoolExecutor.execute(ThreadPoolExecutor.java:1379)
	at java.util.concurrent.CompletableFuture.asyncSupplyStage(CompletableFuture.java:1618)
	at java.util.concurrent.CompletableFuture.supplyAsync(CompletableFuture.java:1843)
	at org.apache.ratis.server.impl.RaftServerImpl.executeSubmitServerRequestAsync(RaftServerImpl.java:788)
	at org.apache.ratis.server.impl.RaftServerProxy.lambda$appendEntriesAsync$26(RaftServerProxy.java:622)
	at java.util.concurrent.CompletableFuture.uniComposeStage(CompletableFuture.java:995)
	... 15 more
2022-07-24 15:57:05,911 [grpc-default-executor-2] WARN  server.GrpcLogAppender (LogUtils.java:warn(124)) - s0@group-1D117010C276->s2-AppendLogResponseHandler: Failed appendEntries
java.io.IOException: java.util.concurrent.RejectedExecutionException: Task java.util.concurrent.CompletableFuture$AsyncSupply@219a47e rejected from java.util.concurrent.ThreadPoolExecutor@5f803e53[Terminated, pool size = 0, active threads = 0, queued tasks = 0, completed tasks = 0]
	at org.apache.ratis.util.IOUtils.asIOException(IOUtils.java:56)
	at org.apache.ratis.grpc.GrpcUtil.tryUnwrapException(GrpcUtil.java:121)
	at org.apache.ratis.grpc.GrpcUtil.unwrapThrowable(GrpcUtil.java:82)
	at org.apache.ratis.grpc.GrpcUtil.warn(GrpcUtil.java:178)
	at org.apache.ratis.grpc.server.GrpcLogAppender$AppendLogResponseHandler.onError(GrpcLogAppender.java:378)
	at org.apache.ratis.thirdparty.io.grpc.stub.ClientCalls$StreamObserverToCallListenerAdapter.onClose(ClientCalls.java:479)
	at org.apache.ratis.thirdparty.io.grpc.internal.ClientCallImpl.closeObserver(ClientCallImpl.java:562)
	at org.apache.ratis.thirdparty.io.grpc.internal.ClientCallImpl.access$300(ClientCallImpl.java:70)
	at org.apache.ratis.thirdparty.io.grpc.internal.ClientCallImpl$ClientStreamListenerImpl$1StreamClosed.runInternal(ClientCallImpl.java:743)
	at org.apache.ratis.thirdparty.io.grpc.internal.ClientCallImpl$ClientStreamListenerImpl$1StreamClosed.runInContext(ClientCallImpl.java:722)
	at org.apache.ratis.thirdparty.io.grpc.internal.ContextRunnable.run(ContextRunnable.java:37)
	at org.apache.ratis.thirdparty.io.grpc.internal.SerializingExecutor.run(SerializingExecutor.java:133)
	at java.util.concurrent.ThreadPoolExecutor.runWorker(ThreadPoolExecutor.java:1149)
	at java.util.concurrent.ThreadPoolExecutor$Worker.run(ThreadPoolExecutor.java:624)
	at java.lang.Thread.run(Thread.java:750)
Caused by: java.util.concurrent.RejectedExecutionException: Task java.util.concurrent.CompletableFuture$AsyncSupply@219a47e rejected from java.util.concurrent.ThreadPoolExecutor@5f803e53[Terminated, pool size = 0, active threads = 0, queued tasks = 0, completed tasks = 0]
	at sun.reflect.GeneratedConstructorAccessor9.newInstance(Unknown Source)
	at sun.reflect.DelegatingConstructorAccessorImpl.newInstance(DelegatingConstructorAccessorImpl.java:45)
	at java.lang.reflect.Constructor.newInstance(Constructor.java:423)
	at org.apache.ratis.util.ReflectionUtils.instantiateException(ReflectionUtils.java:259)
	at org.apache.ratis.grpc.GrpcUtil.tryUnwrapException(GrpcUtil.java:120)
	... 13 more
Caused by: org.apache.ratis.thirdparty.io.grpc.StatusRuntimeException: INTERNAL: Task java.util.concurrent.CompletableFuture$AsyncSupply@219a47e rejected from java.util.concurrent.ThreadPoolExecutor@5f803e53[Terminated, pool size = 0, active threads = 0, queued tasks = 0, completed tasks = 0]
	at org.apache.ratis.thirdparty.io.grpc.Status.asRuntimeException(Status.java:535)
	... 10 more
	Suppressed: java.lang.IllegalStateException: Failed to cast to class java.io.IOException, object=java.util.concurrent.RejectedExecutionException: Task java.util.concurrent.CompletableFuture$AsyncSupply@219a47e rejected from java.util.concurrent.ThreadPoolExecutor@5f803e53[Terminated, pool size = 0, active threads = 0, queued tasks = 0, completed tasks = 0]
	at java.util.concurrent.ThreadPoolExecutor$AbortPolicy.rejectedExecution(ThreadPoolExecutor.java:2063)
	at java.util.concurrent.ThreadPoolExecutor.reject(ThreadPoolExecutor.java:830)
	at java.util.concurrent.ThreadPoolExecutor.execute(ThreadPoolExecutor.java:1379)
	at java.util.concurrent.CompletableFuture.asyncSupplyStage(CompletableFuture.java:1618)
	at java.util.concurrent.CompletableFuture.supplyAsync(CompletableFuture.java:1843)
	at org.apache.ratis.server.impl.RaftServerImpl.executeSubmitServerRequestAsync(RaftServerImpl.java:788)
	at org.apache.ratis.server.impl.RaftServerProxy.lambda$appendEntriesAsync$26(RaftServerProxy.java:622)
	at java.util.concurrent.CompletableFuture.uniComposeStage(CompletableFuture.java:995)
	at java.util.concurrent.CompletableFuture.thenCompose(CompletableFuture.java:2137)
	at org.apache.ratis.server.impl.RaftServerProxy.appendEntriesAsync(RaftServerProxy.java:622)
	at org.apache.ratis.grpc.server.GrpcServerProtocolService$1.process(GrpcServerProtocolService.java:207)
	at org.apache.ratis.grpc.server.GrpcServerProtocolService$1.process(GrpcServerProtocolService.java:204)
	at org.apache.ratis.grpc.server.GrpcServerProtocolService$ServerRequestStreamObserver.onNext(GrpcServerProtocolService.java:126)
	at org.apache.ratis.thirdparty.io.grpc.stub.ServerCalls$StreamingServerCallHandler$StreamingServerCallListener.onMessage(ServerCalls.java:262)
	at org.apache.ratis.thirdparty.io.grpc.ForwardingServerCallListener.onMessage(ForwardingServerCallListener.java:33)
	at org.apache.ratis.thirdparty.io.grpc.internal.ServerCallImpl$ServerStreamListenerImpl.messagesAvailableInternal(ServerCallImpl.java:318)
	at org.apache.ratis.thirdparty.io.grpc.internal.ServerCallImpl$ServerStreamListenerImpl.messagesAvailable(ServerCallImpl.java:301)
	at org.apache.ratis.thirdparty.io.grpc.internal.ServerImpl$JumpToApplicationThreadServerStreamListener$1MessagesAvailable.runInContext(ServerImpl.java:834)
	at org.apache.ratis.thirdparty.io.grpc.internal.ContextRunnable.run(ContextRunnable.java:37)
	at org.apache.ratis.thirdparty.io.grpc.internal.SerializingExecutor.run(SerializingExecutor.java:133)
	at java.util.concurrent.ThreadPoolExecutor.runWorker(ThreadPoolExecutor.java:1149)
	at java.util.concurrent.ThreadPoolExecutor$Worker.run(ThreadPoolExecutor.java:624)
	at java.lang.Thread.run(Thread.java:750)

		at org.apache.ratis.util.IOUtils.readObject(IOUtils.java:237)
		at org.apache.ratis.util.IOUtils.bytes2Object(IOUtils.java:214)
		at org.apache.ratis.grpc.GrpcUtil.tryUnwrapException(GrpcUtil.java:109)
		at org.apache.ratis.grpc.GrpcUtil.unwrapThrowable(GrpcUtil.java:82)
		at org.apache.ratis.grpc.GrpcUtil.warn(GrpcUtil.java:178)
		at org.apache.ratis.grpc.server.GrpcLogAppender$AppendLogResponseHandler.onError(GrpcLogAppender.java:378)
		... 10 more
	Caused by: java.lang.ClassCastException: Cannot cast java.util.concurrent.RejectedExecutionException to java.io.IOException
		at java.lang.Class.cast(Class.java:3369)
		at org.apache.ratis.util.IOUtils.readObject(IOUtils.java:234)
		... 15 more
2022-07-24 15:57:05,911 [grpc-default-executor-2] INFO  leader.FollowerInfo (FollowerInfoImpl.java:lambda$new$0(48)) - s0@group-1D117010C276->s2: nextIndex: updateUnconditionally 259 -> 199
2022-07-24 15:57:05,912 [grpc-default-executor-9] WARN  server.GrpcServerProtocolService (LogUtils.java:warn(124)) - s2: Failed APPEND_ENTRIES request s0->s2#113-t2,previous=(t:1, i:198),leaderCommit=258,initializing? true,entries: size=60, first=(t:2, i:199), CONFIGURATIONENTRY(current:id: "s0"
address: "localhost:41145"
dataStreamAddress: "localhost:35053"
clientAddress: "localhost:40971"
adminAddress: "localhost:44949"
startupRole: FOLLOWER
,id: "s1"
address: "localhost:37813"
dataStreamAddress: "localhost:42861"
clientAddress: "localhost:42193"
adminAddress: "localhost:42655"
startupRole: FOLLOWER
,id: "s2"
address: "localhost:37241"
dataStreamAddress: "localhost:33751"
clientAddress: "localhost:34449"
adminAddress: "localhost:39099"
startupRole: FOLLOWER
, old:)
java.util.concurrent.CompletionException: java.util.concurrent.RejectedExecutionException: Task java.util.concurrent.CompletableFuture$AsyncSupply@16db504a rejected from java.util.concurrent.ThreadPoolExecutor@5f803e53[Terminated, pool size = 0, active threads = 0, queued tasks = 0, completed tasks = 0]
	at java.util.concurrent.CompletableFuture.encodeThrowable(CompletableFuture.java:273)
	at java.util.concurrent.CompletableFuture.uniComposeStage(CompletableFuture.java:1005)
	at java.util.concurrent.CompletableFuture.thenCompose(CompletableFuture.java:2137)
	at org.apache.ratis.server.impl.RaftServerProxy.appendEntriesAsync(RaftServerProxy.java:622)
	at org.apache.ratis.grpc.server.GrpcServerProtocolService$1.process(GrpcServerProtocolService.java:207)
	at org.apache.ratis.grpc.server.GrpcServerProtocolService$1.process(GrpcServerProtocolService.java:204)
	at org.apache.ratis.grpc.server.GrpcServerProtocolService$ServerRequestStreamObserver.onNext(GrpcServerProtocolService.java:126)
	at org.apache.ratis.thirdparty.io.grpc.stub.ServerCalls$StreamingServerCallHandler$StreamingServerCallListener.onMessage(ServerCalls.java:262)
	at org.apache.ratis.thirdparty.io.grpc.ForwardingServerCallListener.onMessage(ForwardingServerCallListener.java:33)
	at org.apache.ratis.thirdparty.io.grpc.internal.ServerCallImpl$ServerStreamListenerImpl.messagesAvailableInternal(ServerCallImpl.java:318)
	at org.apache.ratis.thirdparty.io.grpc.internal.ServerCallImpl$ServerStreamListenerImpl.messagesAvailable(ServerCallImpl.java:301)
	at org.apache.ratis.thirdparty.io.grpc.internal.ServerImpl$JumpToApplicationThreadServerStreamListener$1MessagesAvailable.runInContext(ServerImpl.java:834)
	at org.apache.ratis.thirdparty.io.grpc.internal.ContextRunnable.run(ContextRunnable.java:37)
	at org.apache.ratis.thirdparty.io.grpc.internal.SerializingExecutor.run(SerializingExecutor.java:133)
	at java.util.concurrent.ThreadPoolExecutor.runWorker(ThreadPoolExecutor.java:1149)
	at java.util.concurrent.ThreadPoolExecutor$Worker.run(ThreadPoolExecutor.java:624)
	at java.lang.Thread.run(Thread.java:750)
Caused by: java.util.concurrent.RejectedExecutionException: Task java.util.concurrent.CompletableFuture$AsyncSupply@16db504a rejected from java.util.concurrent.ThreadPoolExecutor@5f803e53[Terminated, pool size = 0, active threads = 0, queued tasks = 0, completed tasks = 0]
	at java.util.concurrent.ThreadPoolExecutor$AbortPolicy.rejectedExecution(ThreadPoolExecutor.java:2063)
	at java.util.concurrent.ThreadPoolExecutor.reject(ThreadPoolExecutor.java:830)
	at java.util.concurrent.ThreadPoolExecutor.execute(ThreadPoolExecutor.java:1379)
	at java.util.concurrent.CompletableFuture.asyncSupplyStage(CompletableFuture.java:1618)
	at java.util.concurrent.CompletableFuture.supplyAsync(CompletableFuture.java:1843)
	at org.apache.ratis.server.impl.RaftServerImpl.executeSubmitServerRequestAsync(RaftServerImpl.java:788)
	at org.apache.ratis.server.impl.RaftServerProxy.lambda$appendEntriesAsync$26(RaftServerProxy.java:622)
	at java.util.concurrent.CompletableFuture.uniComposeStage(CompletableFuture.java:995)
	... 15 more
2022-07-24 15:57:05,913 [grpc-default-executor-8] WARN  server.GrpcLogAppender (LogUtils.java:warn(124)) - s0@group-1D117010C276->s2-AppendLogResponseHandler: Failed appendEntries
java.io.IOException: java.util.concurrent.RejectedExecutionException: Task java.util.concurrent.CompletableFuture$AsyncSupply@16db504a rejected from java.util.concurrent.ThreadPoolExecutor@5f803e53[Terminated, pool size = 0, active threads = 0, queued tasks = 0, completed tasks = 0]
	at org.apache.ratis.util.IOUtils.asIOException(IOUtils.java:56)
	at org.apache.ratis.grpc.GrpcUtil.tryUnwrapException(GrpcUtil.java:121)
	at org.apache.ratis.grpc.GrpcUtil.unwrapThrowable(GrpcUtil.java:82)
	at org.apache.ratis.grpc.GrpcUtil.warn(GrpcUtil.java:178)
	at org.apache.ratis.grpc.server.GrpcLogAppender$AppendLogResponseHandler.onError(GrpcLogAppender.java:378)
	at org.apache.ratis.thirdparty.io.grpc.stub.ClientCalls$StreamObserverToCallListenerAdapter.onClose(ClientCalls.java:479)
	at org.apache.ratis.thirdparty.io.grpc.internal.ClientCallImpl.closeObserver(ClientCallImpl.java:562)
	at org.apache.ratis.thirdparty.io.grpc.internal.ClientCallImpl.access$300(ClientCallImpl.java:70)
	at org.apache.ratis.thirdparty.io.grpc.internal.ClientCallImpl$ClientStreamListenerImpl$1StreamClosed.runInternal(ClientCallImpl.java:743)
	at org.apache.ratis.thirdparty.io.grpc.internal.ClientCallImpl$ClientStreamListenerImpl$1StreamClosed.runInContext(ClientCallImpl.java:722)
	at org.apache.ratis.thirdparty.io.grpc.internal.ContextRunnable.run(ContextRunnable.java:37)
	at org.apache.ratis.thirdparty.io.grpc.internal.SerializingExecutor.run(SerializingExecutor.java:133)
	at java.util.concurrent.ThreadPoolExecutor.runWorker(ThreadPoolExecutor.java:1149)
	at java.util.concurrent.ThreadPoolExecutor$Worker.run(ThreadPoolExecutor.java:624)
	at java.lang.Thread.run(Thread.java:750)
Caused by: java.util.concurrent.RejectedExecutionException: Task java.util.concurrent.CompletableFuture$AsyncSupply@16db504a rejected from java.util.concurrent.ThreadPoolExecutor@5f803e53[Terminated, pool size = 0, active threads = 0, queued tasks = 0, completed tasks = 0]
	at sun.reflect.GeneratedConstructorAccessor9.newInstance(Unknown Source)
	at sun.reflect.DelegatingConstructorAccessorImpl.newInstance(DelegatingConstructorAccessorImpl.java:45)
	at java.lang.reflect.Constructor.newInstance(Constructor.java:423)
	at org.apache.ratis.util.ReflectionUtils.instantiateException(ReflectionUtils.java:259)
	at org.apache.ratis.grpc.GrpcUtil.tryUnwrapException(GrpcUtil.java:120)
	... 13 more
Caused by: org.apache.ratis.thirdparty.io.grpc.StatusRuntimeException: INTERNAL: Task java.util.concurrent.CompletableFuture$AsyncSupply@16db504a rejected from java.util.concurrent.ThreadPoolExecutor@5f803e53[Terminated, pool size = 0, active threads = 0, queued tasks = 0, completed tasks = 0]
	at org.apache.ratis.thirdparty.io.grpc.Status.asRuntimeException(Status.java:535)
	... 10 more
	Suppressed: java.lang.IllegalStateException: Failed to cast to class java.io.IOException, object=java.util.concurrent.RejectedExecutionException: Task java.util.concurrent.CompletableFuture$AsyncSupply@16db504a rejected from java.util.concurrent.ThreadPoolExecutor@5f803e53[Terminated, pool size = 0, active threads = 0, queued tasks = 0, completed tasks = 0]
	at java.util.concurrent.ThreadPoolExecutor$AbortPolicy.rejectedExecution(ThreadPoolExecutor.java:2063)
	at java.util.concurrent.ThreadPoolExecutor.reject(ThreadPoolExecutor.java:830)
	at java.util.concurrent.ThreadPoolExecutor.execute(ThreadPoolExecutor.java:1379)
	at java.util.concurrent.CompletableFuture.asyncSupplyStage(CompletableFuture.java:1618)
	at java.util.concurrent.CompletableFuture.supplyAsync(CompletableFuture.java:1843)
	at org.apache.ratis.server.impl.RaftServerImpl.executeSubmitServerRequestAsync(RaftServerImpl.java:788)
	at org.apache.ratis.server.impl.RaftServerProxy.lambda$appendEntriesAsync$26(RaftServerProxy.java:622)
	at java.util.concurrent.CompletableFuture.uniComposeStage(CompletableFuture.java:995)
	at java.util.concurrent.CompletableFuture.thenCompose(CompletableFuture.java:2137)
	at org.apache.ratis.server.impl.RaftServerProxy.appendEntriesAsync(RaftServerProxy.java:622)
	at org.apache.ratis.grpc.server.GrpcServerProtocolService$1.process(GrpcServerProtocolService.java:207)
	at org.apache.ratis.grpc.server.GrpcServerProtocolService$1.process(GrpcServerProtocolService.java:204)
	at org.apache.ratis.grpc.server.GrpcServerProtocolService$ServerRequestStreamObserver.onNext(GrpcServerProtocolService.java:126)
	at org.apache.ratis.thirdparty.io.grpc.stub.ServerCalls$StreamingServerCallHandler$StreamingServerCallListener.onMessage(ServerCalls.java:262)
	at org.apache.ratis.thirdparty.io.grpc.ForwardingServerCallListener.onMessage(ForwardingServerCallListener.java:33)
	at org.apache.ratis.thirdparty.io.grpc.internal.ServerCallImpl$ServerStreamListenerImpl.messagesAvailableInternal(ServerCallImpl.java:318)
	at org.apache.ratis.thirdparty.io.grpc.internal.ServerCallImpl$ServerStreamListenerImpl.messagesAvailable(ServerCallImpl.java:301)
	at org.apache.ratis.thirdparty.io.grpc.internal.ServerImpl$JumpToApplicationThreadServerStreamListener$1MessagesAvailable.runInContext(ServerImpl.java:834)
	at org.apache.ratis.thirdparty.io.grpc.internal.ContextRunnable.run(ContextRunnable.java:37)
	at org.apache.ratis.thirdparty.io.grpc.internal.SerializingExecutor.run(SerializingExecutor.java:133)
	at java.util.concurrent.ThreadPoolExecutor.runWorker(ThreadPoolExecutor.java:1149)
	at java.util.concurrent.ThreadPoolExecutor$Worker.run(ThreadPoolExecutor.java:624)
	at java.lang.Thread.run(Thread.java:750)

		at org.apache.ratis.util.IOUtils.readObject(IOUtils.java:237)
		at org.apache.ratis.util.IOUtils.bytes2Object(IOUtils.java:214)
		at org.apache.ratis.grpc.GrpcUtil.tryUnwrapException(GrpcUtil.java:109)
		at org.apache.ratis.grpc.GrpcUtil.unwrapThrowable(GrpcUtil.java:82)
		at org.apache.ratis.grpc.GrpcUtil.warn(GrpcUtil.java:178)
		at org.apache.ratis.grpc.server.GrpcLogAppender$AppendLogResponseHandler.onError(GrpcLogAppender.java:378)
		... 10 more
	Caused by: java.lang.ClassCastException: Cannot cast java.util.concurrent.RejectedExecutionException to java.io.IOException
		at java.lang.Class.cast(Class.java:3369)
		at org.apache.ratis.util.IOUtils.readObject(IOUtils.java:234)
		... 15 more
2022-07-24 15:57:05,914 [grpc-default-executor-8] INFO  leader.FollowerInfo (FollowerInfoImpl.java:lambda$new$0(48)) - s0@group-1D117010C276->s2: nextIndex: updateUnconditionally 259 -> 199
2022-07-24 15:57:05,914 [s0@group-1D117010C276-StateMachineUpdater] INFO  statemachine.SimpleStateMachine4Testing (SimpleStateMachine4Testing.java:put(204)) - s0: put 257, m126 -> (t:2, i:257), STATEMACHINELOGENTRY, 512@client-6F86E1C52B91
2022-07-24 15:57:05,916 [s1@group-1D117010C276-StateMachineUpdater] INFO  impl.StateMachineUpdater (StateMachineUpdater.java:takeSnapshot(287)) - s1@group-1D117010C276-StateMachineUpdater: Took a snapshot at index 255
2022-07-24 15:57:05,916 [s1@group-1D117010C276-StateMachineUpdater] INFO  impl.StateMachineUpdater (StateMachineUpdater.java:lambda$new$0(92)) - s1@group-1D117010C276-StateMachineUpdater: snapshotIndex: updateIncreasingly 191 -> 255
2022-07-24 15:57:05,916 [s1@group-1D117010C276-StateMachineUpdater] INFO  raftlog.RaftLog (RaftLogBase.java:purge(314)) - s1@group-1D117010C276-SegmentedRaftLog: purge 196
2022-07-24 15:57:05,916 [s1@group-1D117010C276-StateMachineUpdater] INFO  raftlog.RaftLog (RaftLogBase.java:lambda$new$0(53)) - s1@group-1D117010C276-SegmentedRaftLog: snapshotIndex: updateIncreasingly 191 -> 255
2022-07-24 15:57:05,916 [s1@group-1D117010C276-StateMachineUpdater] DEBUG raftlog.RaftLog (SegmentedRaftLog.java:purgeImpl(365)) - purging segments:null
2022-07-24 15:57:05,916 [s1@group-1D117010C276-StateMachineUpdater] INFO  raftlog.RaftLog (RaftLogBase.java:lambda$new$0(53)) - s1@group-1D117010C276-SegmentedRaftLog: purgeIndex: updateToMax old=188, new=196, updated? true
2022-07-24 15:57:05,917 [s1@group-1D117010C276-StateMachineUpdater] INFO  statemachine.SimpleStateMachine4Testing (SimpleStateMachine4Testing.java:put(204)) - s1: put 257, m126 -> (t:2, i:257), STATEMACHINELOGENTRY, 512@client-6F86E1C52B91
2022-07-24 15:57:05,925 [Time-limited test] INFO  impl.MiniRaftCluster (MiniRaftCluster.java:runWithNewCluster(140)) - printing ALL groups
  s0:  RUNNING    LEADER s0@group-1D117010C276:t2, leader=s0, voted=s0, raftlog=Memoized:s0@group-1D117010C276-SegmentedRaftLog:OPENED:c258, conf=199: peers:[s0|rpc:localhost:41145|admin:localhost:44949|client:localhost:40971|dataStream:localhost:35053|priority:0|startupRole:FOLLOWER, s1|rpc:localhost:37813|admin:localhost:42655|client:localhost:42193|dataStream:localhost:42861|priority:0|startupRole:FOLLOWER, s2|rpc:localhost:37241|admin:localhost:39099|client:localhost:34449|dataStream:localhost:33751|priority:0|startupRole:FOLLOWER]|listeners:[], old=null RUNNING
  s1:  RUNNING  FOLLOWER s1@group-1D117010C276:t2, leader=s0, voted=s0, raftlog=Memoized:s1@group-1D117010C276-SegmentedRaftLog:OPENED:c257, conf=199: peers:[s0|rpc:localhost:41145|admin:localhost:44949|client:localhost:40971|dataStream:localhost:35053|priority:0|startupRole:FOLLOWER, s1|rpc:localhost:37813|admin:localhost:42655|client:localhost:42193|dataStream:localhost:42861|priority:0|startupRole:FOLLOWER, s2|rpc:localhost:37241|admin:localhost:39099|client:localhost:34449|dataStream:localhost:33751|priority:0|startupRole:FOLLOWER]|listeners:[], old=null RUNNING
  s2:  RUNNING    LEADER s2@group-1D117010C276:t1, leader=s2, voted=s2, raftlog=Memoized:s2@group-1D117010C276-SegmentedRaftLog:CLOSED:c197, conf=0: peers:[s0|rpc:localhost:41145|admin:localhost:44949|client:localhost:40971|dataStream:localhost:35053|priority:0|startupRole:FOLLOWER, s1|rpc:localhost:37813|admin:localhost:42655|client:localhost:42193|dataStream:localhost:42861|priority:0|startupRole:FOLLOWER, s2|rpc:localhost:37241|admin:localhost:39099|client:localhost:34449|dataStream:localhost:33751|priority:0|startupRole:FOLLOWER]|listeners:[], old=null CLOSED
2022-07-24 15:57:05,925 [Time-limited test] ERROR impl.MiniRaftCluster (MiniRaftCluster.java:runWithNewCluster(141)) - Failed org.apache.ratis.server.impl.MiniRaftCluster$Factory$Get.runWithNewCluster(MiniRaftCluster.java:118)
java.lang.IllegalArgumentException: s2@group-1D117010C276-SegmentedRaftLog is expected to be opened but it is CLOSED
	at org.apache.ratis.util.OpenCloseState.assertOpen(OpenCloseState.java:63)
	at org.apache.ratis.server.raftlog.RaftLogBase.checkLogState(RaftLogBase.java:111)
	at org.apache.ratis.server.raftlog.segmented.SegmentedRaftLog.getLastEntryTermIndex(SegmentedRaftLog.java:340)
	at org.apache.ratis.server.raftlog.RaftLog.getNextIndex(RaftLog.java:83)
	at org.apache.ratis.InstallSnapshotNotificationTests.testRestartFollower(InstallSnapshotNotificationTests.java:267)
	at org.apache.ratis.server.impl.MiniRaftCluster$Factory$Get.runWithNewCluster(MiniRaftCluster.java:138)
	at org.apache.ratis.server.impl.MiniRaftCluster$Factory$Get.runWithNewCluster(MiniRaftCluster.java:118)
	at org.apache.ratis.InstallSnapshotNotificationTests.testRestartFollower(InstallSnapshotNotificationTests.java:250)
	at sun.reflect.NativeMethodAccessorImpl.invoke0(Native Method)
	at sun.reflect.NativeMethodAccessorImpl.invoke(NativeMethodAccessorImpl.java:62)
	at sun.reflect.DelegatingMethodAccessorImpl.invoke(DelegatingMethodAccessorImpl.java:43)
	at java.lang.reflect.Method.invoke(Method.java:498)
	at org.junit.runners.model.FrameworkMethod$1.runReflectiveCall(FrameworkMethod.java:59)
	at org.junit.internal.runners.model.ReflectiveCallable.run(ReflectiveCallable.java:12)
	at org.junit.runners.model.FrameworkMethod.invokeExplosively(FrameworkMethod.java:56)
	at org.junit.internal.runners.statements.InvokeMethod.evaluate(InvokeMethod.java:17)
	at org.junit.internal.runners.statements.RunAfters.evaluate(RunAfters.java:27)
	at org.junit.internal.runners.statements.FailOnTimeout$CallableStatement.call(FailOnTimeout.java:299)
	at org.junit.internal.runners.statements.FailOnTimeout$CallableStatement.call(FailOnTimeout.java:293)
	at java.util.concurrent.FutureTask.run(FutureTask.java:266)
	at java.lang.Thread.run(Thread.java:750)
Caused by: org.apache.ratis.util.OpenCloseState$CloseTrace: Close s2@group-1D117010C276-SegmentedRaftLog
	at org.apache.ratis.util.OpenCloseState.lambda$close$1(OpenCloseState.java:109)
	at java.util.concurrent.atomic.AtomicReference.getAndUpdate(AtomicReference.java:160)
	at org.apache.ratis.util.OpenCloseState.close(OpenCloseState.java:109)
	at org.apache.ratis.server.raftlog.RaftLogBase.close(RaftLogBase.java:365)
	at org.apache.ratis.server.raftlog.segmented.SegmentedRaftLog.close(SegmentedRaftLog.java:506)
	at org.apache.ratis.server.impl.ServerState.close(ServerState.java:467)
	at org.apache.ratis.server.impl.RaftServerImpl.lambda$close$4(RaftServerImpl.java:460)
	at org.apache.ratis.util.LifeCycle.lambda$checkStateAndClose$4(LifeCycle.java:299)
	at org.apache.ratis.util.LifeCycle.checkStateAndClose(LifeCycle.java:319)
	at org.apache.ratis.util.LifeCycle.checkStateAndClose(LifeCycle.java:297)
	at org.apache.ratis.server.impl.RaftServerImpl.close(RaftServerImpl.java:437)
	at org.apache.ratis.server.impl.StateMachineUpdater.run(StateMachineUpdater.java:195)
	... 1 more
2022-07-24 15:57:05,926 [Time-limited test] INFO  impl.MiniRaftCluster (MiniRaftCluster.java:shutdown(821)) - ************************************************************** 
2022-07-24 15:57:05,926 [Time-limited test] INFO  impl.MiniRaftCluster (MiniRaftCluster.java:shutdown(822)) - *** 
2022-07-24 15:57:05,926 [Time-limited test] INFO  impl.MiniRaftCluster (MiniRaftCluster.java:shutdown(823)) - ***     Stopping MiniRaftClusterWithGrpc
2022-07-24 15:57:05,926 [Time-limited test] INFO  impl.MiniRaftCluster (MiniRaftCluster.java:shutdown(824)) - *** 
2022-07-24 15:57:05,926 [Time-limited test] INFO  impl.MiniRaftCluster (MiniRaftCluster.java:shutdown(825)) - ************************************************************** 
2022-07-24 15:57:05,925 [grpc-default-executor-8] WARN  server.GrpcServerProtocolService (LogUtils.java:warn(124)) - s2: Failed APPEND_ENTRIES request s0->s2#115-t2,previous=(t:1, i:198),leaderCommit=258,initializing? true,entries: size=60, first=(t:2, i:199), CONFIGURATIONENTRY(current:id: "s0"
address: "localhost:41145"
dataStreamAddress: "localhost:35053"
clientAddress: "localhost:40971"
adminAddress: "localhost:44949"
startupRole: FOLLOWER
,id: "s1"
address: "localhost:37813"
dataStreamAddress: "localhost:42861"
clientAddress: "localhost:42193"
adminAddress: "localhost:42655"
startupRole: FOLLOWER
,id: "s2"
address: "localhost:37241"
dataStreamAddress: "localhost:33751"
clientAddress: "localhost:34449"
adminAddress: "localhost:39099"
startupRole: FOLLOWER
, old:)
java.util.concurrent.CompletionException: java.util.concurrent.RejectedExecutionException: Task java.util.concurrent.CompletableFuture$AsyncSupply@33e5929a rejected from java.util.concurrent.ThreadPoolExecutor@5f803e53[Terminated, pool size = 0, active threads = 0, queued tasks = 0, completed tasks = 0]
	at java.util.concurrent.CompletableFuture.encodeThrowable(CompletableFuture.java:273)
	at java.util.concurrent.CompletableFuture.uniComposeStage(CompletableFuture.java:1005)
	at java.util.concurrent.CompletableFuture.thenCompose(CompletableFuture.java:2137)
	at org.apache.ratis.server.impl.RaftServerProxy.appendEntriesAsync(RaftServerProxy.java:622)
	at org.apache.ratis.grpc.server.GrpcServerProtocolService$1.process(GrpcServerProtocolService.java:207)
	at org.apache.ratis.grpc.server.GrpcServerProtocolService$1.process(GrpcServerProtocolService.java:204)
	at org.apache.ratis.grpc.server.GrpcServerProtocolService$ServerRequestStreamObserver.onNext(GrpcServerProtocolService.java:126)
	at org.apache.ratis.thirdparty.io.grpc.stub.ServerCalls$StreamingServerCallHandler$StreamingServerCallListener.onMessage(ServerCalls.java:262)
	at org.apache.ratis.thirdparty.io.grpc.ForwardingServerCallListener.onMessage(ForwardingServerCallListener.java:33)
	at org.apache.ratis.thirdparty.io.grpc.internal.ServerCallImpl$ServerStreamListenerImpl.messagesAvailableInternal(ServerCallImpl.java:318)
	at org.apache.ratis.thirdparty.io.grpc.internal.ServerCallImpl$ServerStreamListenerImpl.messagesAvailable(ServerCallImpl.java:301)
	at org.apache.ratis.thirdparty.io.grpc.internal.ServerImpl$JumpToApplicationThreadServerStreamListener$1MessagesAvailable.runInContext(ServerImpl.java:834)
	at org.apache.ratis.thirdparty.io.grpc.internal.ContextRunnable.run(ContextRunnable.java:37)
	at org.apache.ratis.thirdparty.io.grpc.internal.SerializingExecutor.run(SerializingExecutor.java:133)
	at java.util.concurrent.ThreadPoolExecutor.runWorker(ThreadPoolExecutor.java:1149)
	at java.util.concurrent.ThreadPoolExecutor$Worker.run(ThreadPoolExecutor.java:624)
	at java.lang.Thread.run(Thread.java:750)
Caused by: java.util.concurrent.RejectedExecutionException: Task java.util.concurrent.CompletableFuture$AsyncSupply@33e5929a rejected from java.util.concurrent.ThreadPoolExecutor@5f803e53[Terminated, pool size = 0, active threads = 0, queued tasks = 0, completed tasks = 0]
	at java.util.concurrent.ThreadPoolExecutor$AbortPolicy.rejectedExecution(ThreadPoolExecutor.java:2063)
	at java.util.concurrent.ThreadPoolExecutor.reject(ThreadPoolExecutor.java:830)
	at java.util.concurrent.ThreadPoolExecutor.execute(ThreadPoolExecutor.java:1379)
	at java.util.concurrent.CompletableFuture.asyncSupplyStage(CompletableFuture.java:1618)
	at java.util.concurrent.CompletableFuture.supplyAsync(CompletableFuture.java:1843)
	at org.apache.ratis.server.impl.RaftServerImpl.executeSubmitServerRequestAsync(RaftServerImpl.java:788)
	at org.apache.ratis.server.impl.RaftServerProxy.lambda$appendEntriesAsync$26(RaftServerProxy.java:622)
	at java.util.concurrent.CompletableFuture.uniComposeStage(CompletableFuture.java:995)
	... 15 more
2022-07-24 15:57:05,926 [Time-limited test] INFO  impl.MiniRaftCluster (MiniRaftCluster.java:shutdown(826)) - printing ALL groups
  s0:  RUNNING    LEADER s0@group-1D117010C276:t2, leader=s0, voted=s0, raftlog=Memoized:s0@group-1D117010C276-SegmentedRaftLog:OPENED:c258, conf=199: peers:[s0|rpc:localhost:41145|admin:localhost:44949|client:localhost:40971|dataStream:localhost:35053|priority:0|startupRole:FOLLOWER, s1|rpc:localhost:37813|admin:localhost:42655|client:localhost:42193|dataStream:localhost:42861|priority:0|startupRole:FOLLOWER, s2|rpc:localhost:37241|admin:localhost:39099|client:localhost:34449|dataStream:localhost:33751|priority:0|startupRole:FOLLOWER]|listeners:[], old=null RUNNING
  s1:  RUNNING  FOLLOWER s1@group-1D117010C276:t2, leader=s0, voted=s0, raftlog=Memoized:s1@group-1D117010C276-SegmentedRaftLog:OPENED:c257, conf=199: peers:[s0|rpc:localhost:41145|admin:localhost:44949|client:localhost:40971|dataStream:localhost:35053|priority:0|startupRole:FOLLOWER, s1|rpc:localhost:37813|admin:localhost:42655|client:localhost:42193|dataStream:localhost:42861|priority:0|startupRole:FOLLOWER, s2|rpc:localhost:37241|admin:localhost:39099|client:localhost:34449|dataStream:localhost:33751|priority:0|startupRole:FOLLOWER]|listeners:[], old=null RUNNING
  s2:  RUNNING    LEADER s2@group-1D117010C276:t1, leader=s2, voted=s2, raftlog=Memoized:s2@group-1D117010C276-SegmentedRaftLog:CLOSED:c197, conf=0: peers:[s0|rpc:localhost:41145|admin:localhost:44949|client:localhost:40971|dataStream:localhost:35053|priority:0|startupRole:FOLLOWER, s1|rpc:localhost:37813|admin:localhost:42655|client:localhost:42193|dataStream:localhost:42861|priority:0|startupRole:FOLLOWER, s2|rpc:localhost:37241|admin:localhost:39099|client:localhost:34449|dataStream:localhost:33751|priority:0|startupRole:FOLLOWER]|listeners:[], old=null CLOSED
2022-07-24 15:57:05,927 [grpc-default-executor-2] WARN  server.GrpcLogAppender (LogUtils.java:warn(124)) - s0@group-1D117010C276->s2-AppendLogResponseHandler: Failed appendEntries
java.io.IOException: java.util.concurrent.RejectedExecutionException: Task java.util.concurrent.CompletableFuture$AsyncSupply@33e5929a rejected from java.util.concurrent.ThreadPoolExecutor@5f803e53[Terminated, pool size = 0, active threads = 0, queued tasks = 0, completed tasks = 0]
	at org.apache.ratis.util.IOUtils.asIOException(IOUtils.java:56)
	at org.apache.ratis.grpc.GrpcUtil.tryUnwrapException(GrpcUtil.java:121)
	at org.apache.ratis.grpc.GrpcUtil.unwrapThrowable(GrpcUtil.java:82)
	at org.apache.ratis.grpc.GrpcUtil.warn(GrpcUtil.java:178)
	at org.apache.ratis.grpc.server.GrpcLogAppender$AppendLogResponseHandler.onError(GrpcLogAppender.java:378)
	at org.apache.ratis.thirdparty.io.grpc.stub.ClientCalls$StreamObserverToCallListenerAdapter.onClose(ClientCalls.java:479)
	at org.apache.ratis.thirdparty.io.grpc.internal.ClientCallImpl.closeObserver(ClientCallImpl.java:562)
	at org.apache.ratis.thirdparty.io.grpc.internal.ClientCallImpl.access$300(ClientCallImpl.java:70)
	at org.apache.ratis.thirdparty.io.grpc.internal.ClientCallImpl$ClientStreamListenerImpl$1StreamClosed.runInternal(ClientCallImpl.java:743)
	at org.apache.ratis.thirdparty.io.grpc.internal.ClientCallImpl$ClientStreamListenerImpl$1StreamClosed.runInContext(ClientCallImpl.java:722)
	at org.apache.ratis.thirdparty.io.grpc.internal.ContextRunnable.run(ContextRunnable.java:37)
	at org.apache.ratis.thirdparty.io.grpc.internal.SerializingExecutor.run(SerializingExecutor.java:133)
	at java.util.concurrent.ThreadPoolExecutor.runWorker(ThreadPoolExecutor.java:1149)
	at java.util.concurrent.ThreadPoolExecutor$Worker.run(ThreadPoolExecutor.java:624)
	at java.lang.Thread.run(Thread.java:750)
Caused by: java.util.concurrent.RejectedExecutionException: Task java.util.concurrent.CompletableFuture$AsyncSupply@33e5929a rejected from java.util.concurrent.ThreadPoolExecutor@5f803e53[Terminated, pool size = 0, active threads = 0, queued tasks = 0, completed tasks = 0]
	at sun.reflect.GeneratedConstructorAccessor9.newInstance(Unknown Source)
	at sun.reflect.DelegatingConstructorAccessorImpl.newInstance(DelegatingConstructorAccessorImpl.java:45)
	at java.lang.reflect.Constructor.newInstance(Constructor.java:423)
	at org.apache.ratis.util.ReflectionUtils.instantiateException(ReflectionUtils.java:259)
	at org.apache.ratis.grpc.GrpcUtil.tryUnwrapException(GrpcUtil.java:120)
	... 13 more
Caused by: org.apache.ratis.thirdparty.io.grpc.StatusRuntimeException: INTERNAL: Task java.util.concurrent.CompletableFuture$AsyncSupply@33e5929a rejected from java.util.concurrent.ThreadPoolExecutor@5f803e53[Terminated, pool size = 0, active threads = 0, queued tasks = 0, completed tasks = 0]
	at org.apache.ratis.thirdparty.io.grpc.Status.asRuntimeException(Status.java:535)
	... 10 more
	Suppressed: java.lang.IllegalStateException: Failed to cast to class java.io.IOException, object=java.util.concurrent.RejectedExecutionException: Task java.util.concurrent.CompletableFuture$AsyncSupply@33e5929a rejected from java.util.concurrent.ThreadPoolExecutor@5f803e53[Terminated, pool size = 0, active threads = 0, queued tasks = 0, completed tasks = 0]
	at java.util.concurrent.ThreadPoolExecutor$AbortPolicy.rejectedExecution(ThreadPoolExecutor.java:2063)
	at java.util.concurrent.ThreadPoolExecutor.reject(ThreadPoolExecutor.java:830)
	at java.util.concurrent.ThreadPoolExecutor.execute(ThreadPoolExecutor.java:1379)
	at java.util.concurrent.CompletableFuture.asyncSupplyStage(CompletableFuture.java:1618)
	at java.util.concurrent.CompletableFuture.supplyAsync(CompletableFuture.java:1843)
	at org.apache.ratis.server.impl.RaftServerImpl.executeSubmitServerRequestAsync(RaftServerImpl.java:788)
	at org.apache.ratis.server.impl.RaftServerProxy.lambda$appendEntriesAsync$26(RaftServerProxy.java:622)
	at java.util.concurrent.CompletableFuture.uniComposeStage(CompletableFuture.java:995)
	at java.util.concurrent.CompletableFuture.thenCompose(CompletableFuture.java:2137)
	at org.apache.ratis.server.impl.RaftServerProxy.appendEntriesAsync(RaftServerProxy.java:622)
	at org.apache.ratis.grpc.server.GrpcServerProtocolService$1.process(GrpcServerProtocolService.java:207)
	at org.apache.ratis.grpc.server.GrpcServerProtocolService$1.process(GrpcServerProtocolService.java:204)
	at org.apache.ratis.grpc.server.GrpcServerProtocolService$ServerRequestStreamObserver.onNext(GrpcServerProtocolService.java:126)
	at org.apache.ratis.thirdparty.io.grpc.stub.ServerCalls$StreamingServerCallHandler$StreamingServerCallListener.onMessage(ServerCalls.java:262)
	at org.apache.ratis.thirdparty.io.grpc.ForwardingServerCallListener.onMessage(ForwardingServerCallListener.java:33)
	at org.apache.ratis.thirdparty.io.grpc.internal.ServerCallImpl$ServerStreamListenerImpl.messagesAvailableInternal(ServerCallImpl.java:318)
	at org.apache.ratis.thirdparty.io.grpc.internal.ServerCallImpl$ServerStreamListenerImpl.messagesAvailable(ServerCallImpl.java:301)
	at org.apache.ratis.thirdparty.io.grpc.internal.ServerImpl$JumpToApplicationThreadServerStreamListener$1MessagesAvailable.runInContext(ServerImpl.java:834)
	at org.apache.ratis.thirdparty.io.grpc.internal.ContextRunnable.run(ContextRunnable.java:37)
	at org.apache.ratis.thirdparty.io.grpc.internal.SerializingExecutor.run(SerializingExecutor.java:133)
	at java.util.concurrent.ThreadPoolExecutor.runWorker(ThreadPoolExecutor.java:1149)
	at java.util.concurrent.ThreadPoolExecutor$Worker.run(ThreadPoolExecutor.java:624)
	at java.lang.Thread.run(Thread.java:750)

		at org.apache.ratis.util.IOUtils.readObject(IOUtils.java:237)
		at org.apache.ratis.util.IOUtils.bytes2Object(IOUtils.java:214)
		at org.apache.ratis.grpc.GrpcUtil.tryUnwrapException(GrpcUtil.java:109)
		at org.apache.ratis.grpc.GrpcUtil.unwrapThrowable(GrpcUtil.java:82)
		at org.apache.ratis.grpc.GrpcUtil.warn(GrpcUtil.java:178)
		at org.apache.ratis.grpc.server.GrpcLogAppender$AppendLogResponseHandler.onError(GrpcLogAppender.java:378)
		... 10 more
	Caused by: java.lang.ClassCastException: Cannot cast java.util.concurrent.RejectedExecutionException to java.io.IOException
		at java.lang.Class.cast(Class.java:3369)
		at org.apache.ratis.util.IOUtils.readObject(IOUtils.java:234)
		... 15 more
2022-07-24 15:57:05,927 [grpc-default-executor-2] INFO  leader.FollowerInfo (FollowerInfoImpl.java:lambda$new$0(48)) - s0@group-1D117010C276->s2: nextIndex: updateUnconditionally 259 -> 199
2022-07-24 15:57:05,938 [java.util.concurrent.ThreadPoolExecutor$Worker@68f6ecd3[State = -1, empty queue]] INFO  server.RaftServer (RaftServerProxy.java:lambda$close$6(401)) - s0: close
2022-07-24 15:57:05,938 [java.util.concurrent.ThreadPoolExecutor$Worker@68f6ecd3[State = -1, empty queue]] INFO  server.RaftServer$Division (RaftServerImpl.java:lambda$close$4(438)) - s0@group-1D117010C276: shutdown
2022-07-24 15:57:05,938 [java.util.concurrent.ThreadPoolExecutor$Worker@a8ac61a[State = -1, empty queue]] INFO  server.RaftServer (RaftServerProxy.java:lambda$close$6(401)) - s1: close
2022-07-24 15:57:05,938 [java.util.concurrent.ThreadPoolExecutor$Worker@68f6ecd3[State = -1, empty queue]] INFO  util.JmxRegister (JmxRegister.java:unregister(73)) - Successfully un-registered JMX Bean with object name Ratis:service=RaftServer,group=group-1D117010C276,id=s0
2022-07-24 15:57:05,938 [java.util.concurrent.ThreadPoolExecutor$Worker@68f6ecd3[State = -1, empty queue]] INFO  impl.RoleInfo (RoleInfo.java:shutdownLeaderState(93)) - s0: shutdown s0@group-1D117010C276-LeaderStateImpl
2022-07-24 15:57:05,938 [java.util.concurrent.ThreadPoolExecutor$Worker@a8ac61a[State = -1, empty queue]] INFO  server.RaftServer$Division (RaftServerImpl.java:lambda$close$4(438)) - s1@group-1D117010C276: shutdown
2022-07-24 15:57:05,939 [s0@group-1D117010C276->s2-GrpcLogAppender-LogAppenderDaemon] WARN  server.GrpcLogAppender (GrpcLogAppender.java:mayWait(183)) - s0@group-1D117010C276->s2-GrpcLogAppender: Wait interrupted by java.lang.InterruptedException
2022-07-24 15:57:05,939 [java.util.concurrent.ThreadPoolExecutor$Worker@68f6ecd3[State = -1, empty queue]] INFO  impl.PendingRequests (PendingRequests.java:sendNotLeaderResponses(282)) - s0@group-1D117010C276-PendingRequests: sendNotLeaderResponses
2022-07-24 15:57:05,939 [s0@group-1D117010C276->s1-GrpcLogAppender-LogAppenderDaemon] WARN  server.GrpcLogAppender (GrpcLogAppender.java:mayWait(183)) - s0@group-1D117010C276->s1-GrpcLogAppender: Wait interrupted by java.lang.InterruptedException
2022-07-24 15:57:05,939 [java.util.concurrent.ThreadPoolExecutor$Worker@407286[State = -1, empty queue]] INFO  server.RaftServer (RaftServerProxy.java:lambda$close$6(401)) - s2: close
2022-07-24 15:57:05,939 [java.util.concurrent.ThreadPoolExecutor$Worker@68f6ecd3[State = -1, empty queue]] INFO  impl.StateMachineUpdater (StateMachineUpdater.java:stopAndJoin(153)) - s0@group-1D117010C276-StateMachineUpdater: set stopIndex = 258
2022-07-24 15:57:05,943 [java.util.concurrent.ThreadPoolExecutor$Worker@407286[State = -1, empty queue]] INFO  server.GrpcService (GrpcService.java:closeImpl(271)) - s2: shutdown server org.apache.ratis.grpc.server.GrpcClientProtocolService now
2022-07-24 15:57:05,939 [java.util.concurrent.ThreadPoolExecutor$Worker@a8ac61a[State = -1, empty queue]] INFO  util.JmxRegister (JmxRegister.java:unregister(73)) - Successfully un-registered JMX Bean with object name Ratis:service=RaftServer,group=group-1D117010C276,id=s1
2022-07-24 15:57:05,943 [grpc-default-executor-8] INFO  server.GrpcServerProtocolService (GrpcServerProtocolService.java:onCompleted(145)) - s1: Completed APPEND_ENTRIES, lastRequest: s0->s1#117-t2,previous=(t:2, i:257),leaderCommit=257,initializing? true,entries: size=1, first=(t:2, i:258), METADATAENTRY(c:257)
2022-07-24 15:57:05,943 [grpc-default-executor-2] INFO  server.GrpcServerProtocolService (GrpcServerProtocolService.java:onCompleted(145)) - s1: Completed APPEND_ENTRIES, lastRequest: null
2022-07-24 15:57:05,943 [ForkJoinPool.commonPool-worker-0] INFO  server.GrpcServerProtocolClient (GrpcServerProtocolClient.java:close(110)) - s0 Close channels
2022-07-24 15:57:05,944 [grpc-default-executor-2] INFO  server.GrpcLogAppender (GrpcLogAppender.java:onCompleted(386)) - s0@group-1D117010C276->s1-AppendLogResponseHandler: follower responses appendEntries COMPLETED
2022-07-24 15:57:05,944 [grpc-default-executor-2] INFO  leader.FollowerInfo (FollowerInfoImpl.java:lambda$new$0(48)) - s0@group-1D117010C276->s1: nextIndex: updateUnconditionally 259 -> 258
2022-07-24 15:57:05,944 [grpc-default-executor-8] INFO  server.GrpcLogAppender (GrpcLogAppender.java:onCompleted(386)) - s0@group-1D117010C276->s1-AppendLogResponseHandler: follower responses appendEntries COMPLETED
2022-07-24 15:57:05,944 [grpc-default-executor-8] INFO  leader.FollowerInfo (FollowerInfoImpl.java:lambda$new$0(48)) - s0@group-1D117010C276->s1: nextIndex: updateUnconditionally 258 -> 257
2022-07-24 15:57:05,945 [java.util.concurrent.ThreadPoolExecutor$Worker@a8ac61a[State = -1, empty queue]] INFO  impl.RoleInfo (RoleInfo.java:shutdownFollowerState(110)) - s1: shutdown s1@group-1D117010C276-FollowerState
2022-07-24 15:57:05,945 [ForkJoinPool.commonPool-worker-0] INFO  server.GrpcServerProtocolClient (GrpcServerProtocolClient.java:close(110)) - s1 Close channels
2022-07-24 15:57:05,945 [s1@group-1D117010C276-FollowerState] INFO  impl.FollowerState (FollowerState.java:run(152)) - s1@group-1D117010C276-FollowerState was interrupted
2022-07-24 15:57:05,946 [java.util.concurrent.ThreadPoolExecutor$Worker@a8ac61a[State = -1, empty queue]] INFO  impl.StateMachineUpdater (StateMachineUpdater.java:stopAndJoin(153)) - s1@group-1D117010C276-StateMachineUpdater: set stopIndex = 257
2022-07-24 15:57:05,949 [java.util.concurrent.ThreadPoolExecutor$Worker@407286[State = -1, empty queue]] INFO  server.GrpcService (GrpcService.java:closeImpl(280)) - s2: shutdown server org.apache.ratis.grpc.server.GrpcClientProtocolService successfully
2022-07-24 15:57:05,949 [java.util.concurrent.ThreadPoolExecutor$Worker@407286[State = -1, empty queue]] INFO  server.GrpcService (GrpcService.java:closeImpl(271)) - s2: shutdown server GrpcServerProtocolService now
2022-07-24 15:57:05,950 [s0@group-1D117010C276-StateMachineUpdater] INFO  impl.StateMachineUpdater (StateMachineUpdater.java:takeSnapshot(287)) - s0@group-1D117010C276-StateMachineUpdater: Took a snapshot at index 258
2022-07-24 15:57:05,950 [s0@group-1D117010C276-StateMachineUpdater] INFO  impl.StateMachineUpdater (StateMachineUpdater.java:lambda$new$0(92)) - s0@group-1D117010C276-StateMachineUpdater: snapshotIndex: updateIncreasingly 255 -> 258
2022-07-24 15:57:05,951 [s0@group-1D117010C276-StateMachineUpdater] INFO  raftlog.RaftLog (RaftLogBase.java:purge(314)) - s0@group-1D117010C276-SegmentedRaftLog: purge 258
2022-07-24 15:57:05,951 [s0@group-1D117010C276-StateMachineUpdater] INFO  raftlog.RaftLog (RaftLogBase.java:lambda$new$0(53)) - s0@group-1D117010C276-SegmentedRaftLog: snapshotIndex: updateIncreasingly 255 -> 258
2022-07-24 15:57:05,951 [s0@group-1D117010C276-StateMachineUpdater] DEBUG raftlog.RaftLog (SegmentedRaftLog.java:purgeImpl(365)) - purging segments:toTruncate: null
  toDelete: [(189, 198) isOpen? false, length=0, newEndIndex=0, (199, 220) isOpen? false, length=0, newEndIndex=0, (221, 246) isOpen? false, length=0, newEndIndex=0]
2022-07-24 15:57:05,951 [s0@group-1D117010C276-SegmentedRaftLogWorker] TRACE util.FileUtils (LogUtils.java:runAndLog(49)) - Successfully ran Files.delete /home/runner/work/ratis/ratis/ratis-test/target/test/data/9df233b8/MiniRaftClusterWithGrpcfc29b47e/s0/6607989c-d6da-490c-8466-1d117010c276/current/log_189-198
2022-07-24 15:57:05,951 [s0@group-1D117010C276-SegmentedRaftLogWorker] TRACE util.FileUtils (LogUtils.java:runAndLog(49)) - Successfully ran Files.delete /home/runner/work/ratis/ratis/ratis-test/target/test/data/9df233b8/MiniRaftClusterWithGrpcfc29b47e/s0/6607989c-d6da-490c-8466-1d117010c276/current/log_199-220
2022-07-24 15:57:05,951 [s0@group-1D117010C276-SegmentedRaftLogWorker] TRACE util.FileUtils (LogUtils.java:runAndLog(49)) - Successfully ran Files.delete /home/runner/work/ratis/ratis/ratis-test/target/test/data/9df233b8/MiniRaftClusterWithGrpcfc29b47e/s0/6607989c-d6da-490c-8466-1d117010c276/current/log_221-246
2022-07-24 15:57:05,952 [grpc-default-executor-2] WARN  server.GrpcServerProtocolService (LogUtils.java:warn(122)) - s2: installSnapshot onError, lastRequest: null: org.apache.ratis.thirdparty.io.grpc.StatusRuntimeException: CANCELLED: client cancelled
2022-07-24 15:57:05,952 [grpc-default-executor-3] WARN  server.GrpcServerProtocolService (LogUtils.java:warn(122)) - s2: installSnapshot onError, lastRequest: null: org.apache.ratis.thirdparty.io.grpc.StatusRuntimeException: CANCELLED: client cancelled
2022-07-24 15:57:05,952 [grpc-default-executor-4] WARN  server.GrpcServerProtocolService (LogUtils.java:warn(122)) - s2: installSnapshot onError, lastRequest: null: org.apache.ratis.thirdparty.io.grpc.StatusRuntimeException: CANCELLED: client cancelled
2022-07-24 15:57:05,952 [grpc-default-executor-8] WARN  server.GrpcServerProtocolService (LogUtils.java:warn(122)) - s2: installSnapshot onError, lastRequest: null: org.apache.ratis.thirdparty.io.grpc.StatusRuntimeException: CANCELLED: client cancelled
2022-07-24 15:57:05,953 [grpc-default-executor-8] WARN  server.GrpcServerProtocolService (LogUtils.java:warn(122)) - s2: installSnapshot onError, lastRequest: null: org.apache.ratis.thirdparty.io.grpc.StatusRuntimeException: CANCELLED: client cancelled
2022-07-24 15:57:05,953 [grpc-default-executor-10] WARN  server.GrpcServerProtocolService (LogUtils.java:warn(122)) - s2: installSnapshot onError, lastRequest: null: org.apache.ratis.thirdparty.io.grpc.StatusRuntimeException: CANCELLED: client cancelled
2022-07-24 15:57:05,953 [grpc-default-executor-9] WARN  server.GrpcServerProtocolService (LogUtils.java:warn(122)) - s2: installSnapshot onError, lastRequest: null: org.apache.ratis.thirdparty.io.grpc.StatusRuntimeException: CANCELLED: client cancelled
2022-07-24 15:57:05,953 [grpc-default-executor-11] WARN  server.GrpcServerProtocolService (LogUtils.java:warn(122)) - s2: installSnapshot onError, lastRequest: null: org.apache.ratis.thirdparty.io.grpc.StatusRuntimeException: CANCELLED: client cancelled
2022-07-24 15:57:05,960 [grpc-default-executor-12] WARN  server.GrpcServerProtocolService (LogUtils.java:warn(122)) - s2: installSnapshot onError, lastRequest: null: org.apache.ratis.thirdparty.io.grpc.StatusRuntimeException: CANCELLED: client cancelled
2022-07-24 15:57:05,960 [grpc-default-executor-9] WARN  server.GrpcServerProtocolService (LogUtils.java:warn(122)) - s2: installSnapshot onError, lastRequest: null: org.apache.ratis.thirdparty.io.grpc.StatusRuntimeException: CANCELLED: client cancelled
2022-07-24 15:57:05,960 [grpc-default-executor-0] WARN  server.GrpcServerProtocolService (LogUtils.java:warn(122)) - s2: installSnapshot onError, lastRequest: null: org.apache.ratis.thirdparty.io.grpc.StatusRuntimeException: CANCELLED: client cancelled
2022-07-24 15:57:05,960 [grpc-default-executor-10] WARN  server.GrpcServerProtocolService (LogUtils.java:warn(122)) - s2: installSnapshot onError, lastRequest: null: org.apache.ratis.thirdparty.io.grpc.StatusRuntimeException: CANCELLED: client cancelled
2022-07-24 15:57:05,960 [grpc-default-executor-8] WARN  server.GrpcServerProtocolService (LogUtils.java:warn(122)) - s2: installSnapshot onError, lastRequest: null: org.apache.ratis.thirdparty.io.grpc.StatusRuntimeException: CANCELLED: client cancelled
2022-07-24 15:57:05,961 [s1@group-1D117010C276-StateMachineUpdater] INFO  impl.StateMachineUpdater (StateMachineUpdater.java:takeSnapshot(287)) - s1@group-1D117010C276-StateMachineUpdater: Took a snapshot at index 257
2022-07-24 15:57:05,961 [s1@group-1D117010C276-StateMachineUpdater] INFO  impl.StateMachineUpdater (StateMachineUpdater.java:lambda$new$0(92)) - s1@group-1D117010C276-StateMachineUpdater: snapshotIndex: updateIncreasingly 255 -> 257
2022-07-24 15:57:05,964 [grpc-default-executor-12] WARN  server.GrpcServerProtocolService (LogUtils.java:warn(122)) - s2: installSnapshot onError, lastRequest: null: org.apache.ratis.thirdparty.io.grpc.StatusRuntimeException: CANCELLED: client cancelled
2022-07-24 15:57:05,964 [grpc-default-executor-8] WARN  server.GrpcServerProtocolService (LogUtils.java:warn(122)) - s2: installSnapshot onError, lastRequest: null: org.apache.ratis.thirdparty.io.grpc.StatusRuntimeException: CANCELLED: client cancelled
2022-07-24 15:57:05,964 [grpc-default-executor-10] WARN  server.GrpcServerProtocolService (LogUtils.java:warn(122)) - s2: installSnapshot onError, lastRequest: null: org.apache.ratis.thirdparty.io.grpc.StatusRuntimeException: CANCELLED: client cancelled
2022-07-24 15:57:05,964 [grpc-default-executor-3] WARN  server.GrpcServerProtocolService (LogUtils.java:warn(122)) - s2: installSnapshot onError, lastRequest: null: org.apache.ratis.thirdparty.io.grpc.StatusRuntimeException: CANCELLED: client cancelled
2022-07-24 15:57:05,965 [grpc-default-executor-11] WARN  server.GrpcServerProtocolService (LogUtils.java:warn(122)) - s2: installSnapshot onError, lastRequest: null: org.apache.ratis.thirdparty.io.grpc.StatusRuntimeException: CANCELLED: client cancelled
2022-07-24 15:57:05,965 [grpc-default-executor-0] WARN  server.GrpcServerProtocolService (LogUtils.java:warn(122)) - s2: installSnapshot onError, lastRequest: null: org.apache.ratis.thirdparty.io.grpc.StatusRuntimeException: CANCELLED: client cancelled
2022-07-24 15:57:05,965 [grpc-default-executor-3] WARN  server.GrpcServerProtocolService (LogUtils.java:warn(122)) - s2: installSnapshot onError, lastRequest: null: org.apache.ratis.thirdparty.io.grpc.StatusRuntimeException: CANCELLED: client cancelled
2022-07-24 15:57:05,965 [grpc-default-executor-4] WARN  server.GrpcServerProtocolService (LogUtils.java:warn(122)) - s2: installSnapshot onError, lastRequest: null: org.apache.ratis.thirdparty.io.grpc.StatusRuntimeException: CANCELLED: client cancelled
2022-07-24 15:57:05,965 [grpc-default-executor-2] WARN  server.GrpcServerProtocolService (LogUtils.java:warn(122)) - s2: installSnapshot onError, lastRequest: null: org.apache.ratis.thirdparty.io.grpc.StatusRuntimeException: CANCELLED: client cancelled
2022-07-24 15:57:05,965 [grpc-default-executor-11] WARN  server.GrpcServerProtocolService (LogUtils.java:warn(122)) - s2: installSnapshot onError, lastRequest: null: org.apache.ratis.thirdparty.io.grpc.StatusRuntimeException: CANCELLED: client cancelled
2022-07-24 15:57:05,965 [grpc-default-executor-14] WARN  server.GrpcServerProtocolService (LogUtils.java:warn(122)) - s2: installSnapshot onError, lastRequest: null: org.apache.ratis.thirdparty.io.grpc.StatusRuntimeException: CANCELLED: client cancelled
2022-07-24 15:57:05,965 [grpc-default-executor-0] WARN  server.GrpcServerProtocolService (LogUtils.java:warn(122)) - s2: installSnapshot onError, lastRequest: null: org.apache.ratis.thirdparty.io.grpc.StatusRuntimeException: CANCELLED: client cancelled
2022-07-24 15:57:05,966 [grpc-default-executor-8] WARN  server.GrpcServerProtocolService (LogUtils.java:warn(122)) - s2: installSnapshot onError, lastRequest: null: org.apache.ratis.thirdparty.io.grpc.StatusRuntimeException: CANCELLED: client cancelled
2022-07-24 15:57:05,966 [grpc-default-executor-10] WARN  server.GrpcServerProtocolService (LogUtils.java:warn(122)) - s2: installSnapshot onError, lastRequest: null: org.apache.ratis.thirdparty.io.grpc.StatusRuntimeException: CANCELLED: client cancelled
2022-07-24 15:57:05,966 [grpc-default-executor-9] WARN  server.GrpcServerProtocolService (LogUtils.java:warn(122)) - s2: installSnapshot onError, lastRequest: null: org.apache.ratis.thirdparty.io.grpc.StatusRuntimeException: CANCELLED: client cancelled
2022-07-24 15:57:05,966 [grpc-default-executor-11] WARN  server.GrpcServerProtocolService (LogUtils.java:warn(122)) - s2: installSnapshot onError, lastRequest: null: org.apache.ratis.thirdparty.io.grpc.StatusRuntimeException: CANCELLED: client cancelled
2022-07-24 15:57:05,966 [grpc-default-executor-14] WARN  server.GrpcServerProtocolService (LogUtils.java:warn(122)) - s2: installSnapshot onError, lastRequest: null: org.apache.ratis.thirdparty.io.grpc.StatusRuntimeException: CANCELLED: client cancelled
2022-07-24 15:57:05,966 [grpc-default-executor-0] WARN  server.GrpcServerProtocolService (LogUtils.java:warn(122)) - s2: installSnapshot onError, lastRequest: null: org.apache.ratis.thirdparty.io.grpc.StatusRuntimeException: CANCELLED: client cancelled
2022-07-24 15:57:05,966 [grpc-default-executor-3] WARN  server.GrpcServerProtocolService (LogUtils.java:warn(122)) - s2: installSnapshot onError, lastRequest: null: org.apache.ratis.thirdparty.io.grpc.StatusRuntimeException: CANCELLED: client cancelled
2022-07-24 15:57:05,966 [grpc-default-executor-4] WARN  server.GrpcServerProtocolService (LogUtils.java:warn(122)) - s2: installSnapshot onError, lastRequest: null: org.apache.ratis.thirdparty.io.grpc.StatusRuntimeException: CANCELLED: client cancelled
2022-07-24 15:57:05,966 [grpc-default-executor-2] WARN  server.GrpcServerProtocolService (LogUtils.java:warn(122)) - s2: installSnapshot onError, lastRequest: null: org.apache.ratis.thirdparty.io.grpc.StatusRuntimeException: CANCELLED: client cancelled
2022-07-24 15:57:05,966 [grpc-default-executor-11] WARN  server.GrpcServerProtocolService (LogUtils.java:warn(122)) - s2: installSnapshot onError, lastRequest: null: org.apache.ratis.thirdparty.io.grpc.StatusRuntimeException: CANCELLED: client cancelled
2022-07-24 15:57:05,967 [grpc-default-executor-14] WARN  server.GrpcServerProtocolService (LogUtils.java:warn(122)) - s2: installSnapshot onError, lastRequest: null: org.apache.ratis.thirdparty.io.grpc.StatusRuntimeException: CANCELLED: client cancelled
2022-07-24 15:57:05,967 [grpc-default-executor-16] WARN  server.GrpcServerProtocolService (LogUtils.java:warn(122)) - s2: installSnapshot onError, lastRequest: null: org.apache.ratis.thirdparty.io.grpc.StatusRuntimeException: CANCELLED: client cancelled
2022-07-24 15:57:05,967 [grpc-default-executor-2] WARN  server.GrpcServerProtocolService (LogUtils.java:warn(122)) - s2: installSnapshot onError, lastRequest: null: org.apache.ratis.thirdparty.io.grpc.StatusRuntimeException: CANCELLED: client cancelled
2022-07-24 15:57:05,967 [grpc-default-executor-4] WARN  server.GrpcServerProtocolService (LogUtils.java:warn(122)) - s2: installSnapshot onError, lastRequest: null: org.apache.ratis.thirdparty.io.grpc.StatusRuntimeException: CANCELLED: client cancelled
2022-07-24 15:57:05,967 [grpc-default-executor-3] WARN  server.GrpcServerProtocolService (LogUtils.java:warn(122)) - s2: installSnapshot onError, lastRequest: null: org.apache.ratis.thirdparty.io.grpc.StatusRuntimeException: CANCELLED: client cancelled
2022-07-24 15:57:05,967 [grpc-default-executor-13] WARN  server.GrpcServerProtocolService (LogUtils.java:warn(122)) - s2: installSnapshot onError, lastRequest: null: org.apache.ratis.thirdparty.io.grpc.StatusRuntimeException: CANCELLED: client cancelled
2022-07-24 15:57:05,967 [grpc-default-executor-15] WARN  server.GrpcServerProtocolService (LogUtils.java:warn(122)) - s2: installSnapshot onError, lastRequest: null: org.apache.ratis.thirdparty.io.grpc.StatusRuntimeException: CANCELLED: client cancelled
2022-07-24 15:57:05,967 [grpc-default-executor-12] WARN  server.GrpcServerProtocolService (LogUtils.java:warn(122)) - s2: installSnapshot onError, lastRequest: null: org.apache.ratis.thirdparty.io.grpc.StatusRuntimeException: CANCELLED: client cancelled
2022-07-24 15:57:05,967 [grpc-default-executor-17] WARN  server.GrpcServerProtocolService (LogUtils.java:warn(122)) - s2: installSnapshot onError, lastRequest: null: org.apache.ratis.thirdparty.io.grpc.StatusRuntimeException: CANCELLED: client cancelled
2022-07-24 15:57:05,968 [s0@group-1D117010C276-StateMachineUpdater] INFO  raftlog.RaftLog (RaftLogBase.java:lambda$new$0(53)) - s0@group-1D117010C276-SegmentedRaftLog: purgeIndex: updateToMax old=196, new=246, updated? true
2022-07-24 15:57:05,968 [grpc-default-executor-0] WARN  server.GrpcServerProtocolService (LogUtils.java:warn(122)) - s2: installSnapshot onError, lastRequest: null: org.apache.ratis.thirdparty.io.grpc.StatusRuntimeException: CANCELLED: client cancelled
2022-07-24 15:57:05,968 [grpc-default-executor-4] WARN  server.GrpcServerProtocolService (LogUtils.java:warn(122)) - s2: installSnapshot onError, lastRequest: null: org.apache.ratis.thirdparty.io.grpc.StatusRuntimeException: CANCELLED: client cancelled
2022-07-24 15:57:05,968 [grpc-default-executor-2] WARN  server.GrpcServerProtocolService (LogUtils.java:warn(122)) - s2: installSnapshot onError, lastRequest: null: org.apache.ratis.thirdparty.io.grpc.StatusRuntimeException: CANCELLED: client cancelled
2022-07-24 15:57:05,968 [grpc-default-executor-3] WARN  server.GrpcServerProtocolService (LogUtils.java:warn(122)) - s2: installSnapshot onError, lastRequest: null: org.apache.ratis.thirdparty.io.grpc.StatusRuntimeException: CANCELLED: client cancelled
2022-07-24 15:57:05,968 [grpc-default-executor-16] WARN  server.GrpcServerProtocolService (LogUtils.java:warn(122)) - s2: installSnapshot onError, lastRequest: null: org.apache.ratis.thirdparty.io.grpc.StatusRuntimeException: CANCELLED: client cancelled
2022-07-24 15:57:05,972 [java.util.concurrent.ThreadPoolExecutor$Worker@68f6ecd3[State = -1, empty queue]] INFO  server.RaftServer$Division (ServerState.java:close(465)) - s0@group-1D117010C276: closes. applyIndex: 258
2022-07-24 15:57:05,972 [grpc-default-executor-11] WARN  server.GrpcServerProtocolService (LogUtils.java:warn(122)) - s2: installSnapshot onError, lastRequest: null: org.apache.ratis.thirdparty.io.grpc.StatusRuntimeException: CANCELLED: client cancelled
2022-07-24 15:57:05,972 [grpc-default-executor-14] WARN  server.GrpcServerProtocolService (LogUtils.java:warn(122)) - s2: installSnapshot onError, lastRequest: null: org.apache.ratis.thirdparty.io.grpc.StatusRuntimeException: CANCELLED: client cancelled
2022-07-24 15:57:05,972 [grpc-default-executor-18] WARN  server.GrpcServerProtocolService (LogUtils.java:warn(122)) - s2: installSnapshot onError, lastRequest: null: org.apache.ratis.thirdparty.io.grpc.StatusRuntimeException: CANCELLED: client cancelled
2022-07-24 15:57:05,973 [java.util.concurrent.ThreadPoolExecutor$Worker@a8ac61a[State = -1, empty queue]] INFO  server.RaftServer$Division (ServerState.java:close(465)) - s1@group-1D117010C276: closes. applyIndex: 257
2022-07-24 15:57:05,973 [grpc-default-executor-0] WARN  server.GrpcServerProtocolService (LogUtils.java:warn(122)) - s2: installSnapshot onError, lastRequest: null: org.apache.ratis.thirdparty.io.grpc.StatusRuntimeException: CANCELLED: client cancelled
2022-07-24 15:57:05,973 [grpc-default-executor-13] WARN  server.GrpcServerProtocolService (LogUtils.java:warn(122)) - s2: installSnapshot onError, lastRequest: null: org.apache.ratis.thirdparty.io.grpc.StatusRuntimeException: CANCELLED: client cancelled
2022-07-24 15:57:05,973 [grpc-default-executor-4] WARN  server.GrpcServerProtocolService (LogUtils.java:warn(122)) - s2: installSnapshot onError, lastRequest: null: org.apache.ratis.thirdparty.io.grpc.StatusRuntimeException: CANCELLED: client cancelled
2022-07-24 15:57:05,973 [grpc-default-executor-18] WARN  server.GrpcServerProtocolService (LogUtils.java:warn(122)) - s2: installSnapshot onError, lastRequest: null: org.apache.ratis.thirdparty.io.grpc.StatusRuntimeException: CANCELLED: client cancelled
2022-07-24 15:57:05,973 [grpc-default-executor-2] WARN  server.GrpcServerProtocolService (LogUtils.java:warn(122)) - s2: installSnapshot onError, lastRequest: null: org.apache.ratis.thirdparty.io.grpc.StatusRuntimeException: CANCELLED: client cancelled
2022-07-24 15:57:05,973 [grpc-default-executor-9] WARN  server.GrpcServerProtocolService (LogUtils.java:warn(122)) - s2: installSnapshot onError, lastRequest: null: org.apache.ratis.thirdparty.io.grpc.StatusRuntimeException: CANCELLED: client cancelled
2022-07-24 15:57:05,973 [grpc-default-executor-10] WARN  server.GrpcServerProtocolService (LogUtils.java:warn(122)) - s2: installSnapshot onError, lastRequest: null: org.apache.ratis.thirdparty.io.grpc.StatusRuntimeException: CANCELLED: client cancelled
2022-07-24 15:57:05,973 [grpc-default-executor-8] WARN  server.GrpcServerProtocolService (LogUtils.java:warn(122)) - s2: installSnapshot onError, lastRequest: null: org.apache.ratis.thirdparty.io.grpc.StatusRuntimeException: CANCELLED: client cancelled
2022-07-24 15:57:05,973 [grpc-default-executor-3] WARN  server.GrpcServerProtocolService (LogUtils.java:warn(122)) - s2: installSnapshot onError, lastRequest: null: org.apache.ratis.thirdparty.io.grpc.StatusRuntimeException: CANCELLED: client cancelled
2022-07-24 15:57:05,973 [grpc-default-executor-11] WARN  server.GrpcServerProtocolService (LogUtils.java:warn(122)) - s2: installSnapshot onError, lastRequest: null: org.apache.ratis.thirdparty.io.grpc.StatusRuntimeException: CANCELLED: client cancelled
2022-07-24 15:57:05,973 [grpc-default-executor-9] WARN  server.GrpcServerProtocolService (LogUtils.java:warn(122)) - s2: installSnapshot onError, lastRequest: null: org.apache.ratis.thirdparty.io.grpc.StatusRuntimeException: CANCELLED: client cancelled
2022-07-24 15:57:05,973 [grpc-default-executor-16] WARN  server.GrpcServerProtocolService (LogUtils.java:warn(122)) - s2: installSnapshot onError, lastRequest: null: org.apache.ratis.thirdparty.io.grpc.StatusRuntimeException: CANCELLED: client cancelled
2022-07-24 15:57:05,973 [grpc-default-executor-15] WARN  server.GrpcServerProtocolService (LogUtils.java:warn(122)) - s2: installSnapshot onError, lastRequest: null: org.apache.ratis.thirdparty.io.grpc.StatusRuntimeException: CANCELLED: client cancelled
2022-07-24 15:57:05,973 [grpc-default-executor-2] WARN  server.GrpcServerProtocolService (LogUtils.java:warn(122)) - s2: installSnapshot onError, lastRequest: null: org.apache.ratis.thirdparty.io.grpc.StatusRuntimeException: CANCELLED: client cancelled
2022-07-24 15:57:05,973 [grpc-default-executor-14] WARN  server.GrpcServerProtocolService (LogUtils.java:warn(122)) - s2: installSnapshot onError, lastRequest: null: org.apache.ratis.thirdparty.io.grpc.StatusRuntimeException: CANCELLED: client cancelled
2022-07-24 15:57:05,975 [grpc-default-executor-17] WARN  server.GrpcServerProtocolService (LogUtils.java:warn(122)) - s2: installSnapshot onError, lastRequest: null: org.apache.ratis.thirdparty.io.grpc.StatusRuntimeException: CANCELLED: client cancelled
2022-07-24 15:57:05,975 [grpc-default-executor-18] WARN  server.GrpcServerProtocolService (LogUtils.java:warn(122)) - s2: installSnapshot onError, lastRequest: null: org.apache.ratis.thirdparty.io.grpc.StatusRuntimeException: CANCELLED: client cancelled
2022-07-24 15:57:05,977 [java.util.concurrent.ThreadPoolExecutor$Worker@407286[State = -1, empty queue]] INFO  server.GrpcService (GrpcService.java:closeImpl(280)) - s2: shutdown server GrpcServerProtocolService successfully
2022-07-24 15:57:05,977 [java.util.concurrent.ThreadPoolExecutor$Worker@407286[State = -1, empty queue]] INFO  server.GrpcService (GrpcService.java:closeImpl(271)) - s2: shutdown server org.apache.ratis.grpc.server.GrpcAdminProtocolService now
2022-07-24 15:57:05,977 [grpc-default-executor-14] INFO  server.GrpcLogAppender (GrpcLogAppender.java:onError(375)) - s0@group-1D117010C276->s2-GrpcLogAppender is already stopped
2022-07-24 15:57:05,977 [java.util.concurrent.ThreadPoolExecutor$Worker@407286[State = -1, empty queue]] INFO  server.GrpcService (GrpcService.java:closeImpl(280)) - s2: shutdown server org.apache.ratis.grpc.server.GrpcAdminProtocolService successfully
2022-07-24 15:57:05,977 [s0@group-1D117010C276-SegmentedRaftLogWorker] INFO  segmented.SegmentedRaftLogWorker (SegmentedRaftLogWorker.java:run(336)) - s0@group-1D117010C276-SegmentedRaftLogWorker was interrupted, exiting. There are 0 tasks remaining in the queue.
2022-07-24 15:57:05,977 [s1@group-1D117010C276-SegmentedRaftLogWorker] INFO  segmented.SegmentedRaftLogWorker (SegmentedRaftLogWorker.java:run(336)) - s1@group-1D117010C276-SegmentedRaftLogWorker was interrupted, exiting. There are 0 tasks remaining in the queue.
2022-07-24 15:57:05,978 [grpc-default-executor-15] INFO  server.GrpcLogAppender (GrpcLogAppender.java:onError(375)) - s0@group-1D117010C276->s2-GrpcLogAppender is already stopped
2022-07-24 15:57:05,978 [grpc-default-executor-16] INFO  server.GrpcLogAppender (GrpcLogAppender.java:onError(375)) - s0@group-1D117010C276->s2-GrpcLogAppender is already stopped
2022-07-24 15:57:05,978 [grpc-default-executor-9] INFO  server.GrpcLogAppender (GrpcLogAppender.java:onError(375)) - s0@group-1D117010C276->s2-GrpcLogAppender is already stopped
2022-07-24 15:57:05,978 [grpc-default-executor-9] INFO  server.GrpcLogAppender (GrpcLogAppender.java:onError(375)) - s0@group-1D117010C276->s2-GrpcLogAppender is already stopped
2022-07-24 15:57:05,978 [grpc-default-executor-12] INFO  server.GrpcLogAppender (GrpcLogAppender.java:onError(375)) - s0@group-1D117010C276->s2-GrpcLogAppender is already stopped
2022-07-24 15:57:05,978 [grpc-default-executor-16] INFO  server.GrpcLogAppender (GrpcLogAppender.java:onError(375)) - s0@group-1D117010C276->s2-GrpcLogAppender is already stopped
2022-07-24 15:57:05,978 [grpc-default-executor-12] INFO  server.GrpcLogAppender (GrpcLogAppender.java:onError(375)) - s0@group-1D117010C276->s2-GrpcLogAppender is already stopped
2022-07-24 15:57:05,978 [grpc-default-executor-12] INFO  server.GrpcLogAppender (GrpcLogAppender.java:onError(375)) - s0@group-1D117010C276->s2-GrpcLogAppender is already stopped
2022-07-24 15:57:05,978 [grpc-default-executor-12] INFO  server.GrpcLogAppender (GrpcLogAppender.java:onError(375)) - s0@group-1D117010C276->s2-GrpcLogAppender is already stopped
2022-07-24 15:57:05,978 [grpc-default-executor-9] INFO  server.GrpcLogAppender (GrpcLogAppender.java:onError(375)) - s0@group-1D117010C276->s2-GrpcLogAppender is already stopped
2022-07-24 15:57:05,978 [grpc-default-executor-0] INFO  server.GrpcLogAppender (GrpcLogAppender.java:onError(375)) - s0@group-1D117010C276->s2-GrpcLogAppender is already stopped
2022-07-24 15:57:05,979 [grpc-default-executor-0] INFO  server.GrpcLogAppender (GrpcLogAppender.java:onError(375)) - s0@group-1D117010C276->s2-GrpcLogAppender is already stopped
2022-07-24 15:57:05,978 [java.util.concurrent.ThreadPoolExecutor$Worker@68f6ecd3[State = -1, empty queue]] INFO  segmented.SegmentedRaftLogWorker (SegmentedRaftLogWorker.java:close(246)) - s0@group-1D117010C276-SegmentedRaftLogWorker close()
2022-07-24 15:57:05,982 [grpc-default-executor-3] INFO  server.GrpcLogAppender (GrpcLogAppender.java:onError(375)) - s0@group-1D117010C276->s2-GrpcLogAppender is already stopped
2022-07-24 15:57:05,982 [grpc-default-executor-8] INFO  server.GrpcLogAppender (GrpcLogAppender.java:onError(375)) - s0@group-1D117010C276->s2-GrpcLogAppender is already stopped
2022-07-24 15:57:05,982 [grpc-default-executor-10] INFO  server.GrpcLogAppender (GrpcLogAppender.java:onError(375)) - s0@group-1D117010C276->s2-GrpcLogAppender is already stopped
2022-07-24 15:57:05,982 [grpc-default-executor-13] INFO  server.GrpcLogAppender (GrpcLogAppender.java:onError(375)) - s0@group-1D117010C276->s2-GrpcLogAppender is already stopped
2022-07-24 15:57:05,982 [org.apache.ratis.util.JvmPauseMonitor$$Lambda$275/1758342788@1f398f00] INFO  util.JvmPauseMonitor (JvmPauseMonitor.java:run(109)) - JvmPauseMonitor-s2: Stopped
2022-07-24 15:57:05,982 [grpc-default-executor-14] INFO  server.GrpcLogAppender (GrpcLogAppender.java:onError(375)) - s0@group-1D117010C276->s2-GrpcLogAppender is already stopped
2022-07-24 15:57:05,980 [grpc-default-executor-20] WARN  server.GrpcServerProtocolService (LogUtils.java:warn(122)) - s2: installSnapshot onError, lastRequest: null: org.apache.ratis.thirdparty.io.grpc.StatusRuntimeException: CANCELLED: client cancelled
2022-07-24 15:57:05,980 [grpc-default-executor-17] INFO  server.GrpcLogAppender (GrpcLogAppender.java:onError(375)) - s0@group-1D117010C276->s2-GrpcLogAppender is already stopped
2022-07-24 15:57:05,980 [grpc-default-executor-18] WARN  server.GrpcServerProtocolService (LogUtils.java:warn(122)) - s2: installSnapshot onError, lastRequest: null: org.apache.ratis.thirdparty.io.grpc.StatusRuntimeException: CANCELLED: client cancelled
2022-07-24 15:57:05,982 [grpc-default-executor-19] INFO  server.GrpcLogAppender (GrpcLogAppender.java:onError(375)) - s0@group-1D117010C276->s2-GrpcLogAppender is already stopped
2022-07-24 15:57:05,979 [java.util.concurrent.ThreadPoolExecutor$Worker@a8ac61a[State = -1, empty queue]] INFO  segmented.SegmentedRaftLogWorker (SegmentedRaftLogWorker.java:close(246)) - s1@group-1D117010C276-SegmentedRaftLogWorker close()
2022-07-24 15:57:05,978 [grpc-default-executor-16] INFO  server.GrpcLogAppender (GrpcLogAppender.java:onError(375)) - s0@group-1D117010C276->s2-GrpcLogAppender is already stopped
2022-07-24 15:57:05,978 [grpc-default-executor-12] INFO  server.GrpcLogAppender (GrpcLogAppender.java:onError(375)) - s0@group-1D117010C276->s2-GrpcLogAppender is already stopped
2022-07-24 15:57:05,978 [grpc-default-executor-4] INFO  server.GrpcLogAppender (GrpcLogAppender.java:onError(375)) - s0@group-1D117010C276->s2-GrpcLogAppender is already stopped
2022-07-24 15:57:05,978 [grpc-default-executor-15] INFO  server.GrpcLogAppender (GrpcLogAppender.java:onError(375)) - s0@group-1D117010C276->s2-GrpcLogAppender is already stopped
2022-07-24 15:57:05,978 [grpc-default-executor-11] INFO  server.GrpcLogAppender (GrpcLogAppender.java:onError(375)) - s0@group-1D117010C276->s2-GrpcLogAppender is already stopped
2022-07-24 15:57:05,978 [grpc-default-executor-2] INFO  server.GrpcLogAppender (GrpcLogAppender.java:onError(375)) - s0@group-1D117010C276->s2-GrpcLogAppender is already stopped
2022-07-24 15:57:05,982 [grpc-default-executor-9] INFO  server.GrpcLogAppender (GrpcLogAppender.java:onError(375)) - s0@group-1D117010C276->s2-GrpcLogAppender is already stopped
2022-07-24 15:57:05,983 [grpc-default-executor-21] INFO  server.GrpcLogAppender (GrpcLogAppender.java:onError(375)) - s0@group-1D117010C276->s2-GrpcLogAppender is already stopped
2022-07-24 15:57:05,983 [grpc-default-executor-9] INFO  server.GrpcLogAppender (GrpcLogAppender.java:onError(375)) - s0@group-1D117010C276->s2-GrpcLogAppender is already stopped
2022-07-24 15:57:05,983 [grpc-default-executor-2] INFO  server.GrpcLogAppender (GrpcLogAppender.java:onError(375)) - s0@group-1D117010C276->s2-GrpcLogAppender is already stopped
2022-07-24 15:57:05,983 [grpc-default-executor-4] INFO  server.GrpcLogAppender (GrpcLogAppender.java:onError(375)) - s0@group-1D117010C276->s2-GrpcLogAppender is already stopped
2022-07-24 15:57:05,983 [grpc-default-executor-16] INFO  server.GrpcLogAppender (GrpcLogAppender.java:onError(375)) - s0@group-1D117010C276->s2-GrpcLogAppender is already stopped
2022-07-24 15:57:05,983 [grpc-default-executor-19] INFO  server.GrpcLogAppender (GrpcLogAppender.java:onError(375)) - s0@group-1D117010C276->s2-GrpcLogAppender is already stopped
2022-07-24 15:57:05,983 [grpc-default-executor-10] INFO  server.GrpcLogAppender (GrpcLogAppender.java:onError(375)) - s0@group-1D117010C276->s2-GrpcLogAppender is already stopped
2022-07-24 15:57:05,983 [grpc-default-executor-8] INFO  server.GrpcLogAppender (GrpcLogAppender.java:onError(375)) - s0@group-1D117010C276->s2-GrpcLogAppender is already stopped
2022-07-24 15:57:05,983 [grpc-default-executor-3] INFO  server.GrpcLogAppender (GrpcLogAppender.java:onError(375)) - s0@group-1D117010C276->s2-GrpcLogAppender is already stopped
2022-07-24 15:57:05,983 [grpc-default-executor-11] INFO  server.GrpcLogAppender (GrpcLogAppender.java:onError(375)) - s0@group-1D117010C276->s2-GrpcLogAppender is already stopped
2022-07-24 15:57:05,983 [grpc-default-executor-15] INFO  server.GrpcLogAppender (GrpcLogAppender.java:onError(375)) - s0@group-1D117010C276->s2-GrpcLogAppender is already stopped
2022-07-24 15:57:05,983 [grpc-default-executor-19] INFO  server.GrpcLogAppender (GrpcLogAppender.java:onError(375)) - s0@group-1D117010C276->s2-GrpcLogAppender is already stopped
2022-07-24 15:57:05,983 [grpc-default-executor-17] INFO  server.GrpcLogAppender (GrpcLogAppender.java:onError(375)) - s0@group-1D117010C276->s2-GrpcLogAppender is already stopped
2022-07-24 15:57:05,983 [grpc-default-executor-16] INFO  server.GrpcLogAppender (GrpcLogAppender.java:onError(375)) - s0@group-1D117010C276->s2-GrpcLogAppender is already stopped
2022-07-24 15:57:05,983 [grpc-default-executor-13] INFO  server.GrpcLogAppender (GrpcLogAppender.java:onError(375)) - s0@group-1D117010C276->s2-GrpcLogAppender is already stopped
2022-07-24 15:57:05,983 [grpc-default-executor-20] INFO  server.GrpcLogAppender (GrpcLogAppender.java:onError(375)) - s0@group-1D117010C276->s2-GrpcLogAppender is already stopped
2022-07-24 15:57:05,983 [grpc-default-executor-4] INFO  server.GrpcLogAppender (GrpcLogAppender.java:onError(375)) - s0@group-1D117010C276->s2-GrpcLogAppender is already stopped
2022-07-24 15:57:05,983 [grpc-default-executor-9] INFO  server.GrpcLogAppender (GrpcLogAppender.java:onError(375)) - s0@group-1D117010C276->s2-GrpcLogAppender is already stopped
2022-07-24 15:57:05,983 [grpc-default-executor-14] INFO  server.GrpcLogAppender (GrpcLogAppender.java:onError(375)) - s0@group-1D117010C276->s2-GrpcLogAppender is already stopped
2022-07-24 15:57:05,983 [grpc-default-executor-2] INFO  server.GrpcLogAppender (GrpcLogAppender.java:onError(375)) - s0@group-1D117010C276->s2-GrpcLogAppender is already stopped
2022-07-24 15:57:05,983 [grpc-default-executor-18] INFO  server.GrpcLogAppender (GrpcLogAppender.java:onError(375)) - s0@group-1D117010C276->s2-GrpcLogAppender is already stopped
2022-07-24 15:57:05,983 [grpc-default-executor-12] INFO  server.GrpcLogAppender (GrpcLogAppender.java:onError(375)) - s0@group-1D117010C276->s2-GrpcLogAppender is already stopped
2022-07-24 15:57:05,984 [grpc-default-executor-21] INFO  server.GrpcLogAppender (GrpcLogAppender.java:onError(375)) - s0@group-1D117010C276->s2-GrpcLogAppender is already stopped
2022-07-24 15:57:05,984 [grpc-default-executor-22] INFO  server.GrpcLogAppender (GrpcLogAppender.java:onError(375)) - s0@group-1D117010C276->s2-GrpcLogAppender is already stopped
2022-07-24 15:57:05,984 [grpc-default-executor-21] INFO  server.GrpcLogAppender (GrpcLogAppender.java:onError(375)) - s0@group-1D117010C276->s2-GrpcLogAppender is already stopped
2022-07-24 15:57:05,984 [grpc-default-executor-2] INFO  server.GrpcLogAppender (GrpcLogAppender.java:onError(375)) - s0@group-1D117010C276->s2-GrpcLogAppender is already stopped
2022-07-24 15:57:05,984 [grpc-default-executor-2] INFO  server.GrpcLogAppender (GrpcLogAppender.java:onError(375)) - s0@group-1D117010C276->s2-GrpcLogAppender is already stopped
2022-07-24 15:57:05,984 [grpc-default-executor-9] INFO  server.GrpcLogAppender (GrpcLogAppender.java:onError(375)) - s0@group-1D117010C276->s2-GrpcLogAppender is already stopped
2022-07-24 15:57:05,984 [grpc-default-executor-4] INFO  server.GrpcLogAppender (GrpcLogAppender.java:onError(375)) - s0@group-1D117010C276->s2-GrpcLogAppender is already stopped
2022-07-24 15:57:05,992 [grpc-default-executor-2] INFO  server.GrpcLogAppender (GrpcLogAppender.java:onError(375)) - s0@group-1D117010C276->s2-GrpcLogAppender is already stopped
2022-07-24 15:57:05,992 [grpc-default-executor-21] INFO  server.GrpcLogAppender (GrpcLogAppender.java:onError(375)) - s0@group-1D117010C276->s2-GrpcLogAppender is already stopped
2022-07-24 15:57:05,992 [grpc-default-executor-22] INFO  server.GrpcLogAppender (GrpcLogAppender.java:onError(375)) - s0@group-1D117010C276->s2-GrpcLogAppender is already stopped
2022-07-24 15:57:05,992 [grpc-default-executor-23] INFO  server.GrpcLogAppender (GrpcLogAppender.java:onError(375)) - s0@group-1D117010C276->s2-GrpcLogAppender is already stopped
2022-07-24 15:57:05,992 [java.util.concurrent.ThreadPoolExecutor$Worker@68f6ecd3[State = -1, empty queue]] INFO  server.GrpcService (GrpcService.java:closeImpl(271)) - s0: shutdown server org.apache.ratis.grpc.server.GrpcClientProtocolService now
2022-07-24 15:57:05,992 [java.util.concurrent.ThreadPoolExecutor$Worker@a8ac61a[State = -1, empty queue]] INFO  server.GrpcService (GrpcService.java:closeImpl(271)) - s1: shutdown server org.apache.ratis.grpc.server.GrpcClientProtocolService now
2022-07-24 15:57:05,985 [grpc-default-executor-19] INFO  server.GrpcLogAppender (GrpcLogAppender.java:onError(375)) - s0@group-1D117010C276->s2-GrpcLogAppender is already stopped
2022-07-24 15:57:05,984 [grpc-default-executor-20] INFO  server.GrpcLogAppender (GrpcLogAppender.java:onError(375)) - s0@group-1D117010C276->s2-GrpcLogAppender is already stopped
2022-07-24 15:57:05,984 [grpc-default-executor-11] INFO  server.GrpcLogAppender (GrpcLogAppender.java:onError(375)) - s0@group-1D117010C276->s2-GrpcLogAppender is already stopped
2022-07-24 15:57:05,984 [grpc-default-executor-15] INFO  server.GrpcLogAppender (GrpcLogAppender.java:onError(375)) - s0@group-1D117010C276->s2-GrpcLogAppender is already stopped
2022-07-24 15:57:05,984 [grpc-default-executor-17] INFO  server.GrpcLogAppender (GrpcLogAppender.java:onError(375)) - s0@group-1D117010C276->s2-GrpcLogAppender is already stopped
2022-07-24 15:57:05,984 [grpc-default-executor-13] INFO  server.GrpcLogAppender (GrpcLogAppender.java:onError(375)) - s0@group-1D117010C276->s2-GrpcLogAppender is already stopped
2022-07-24 15:57:05,984 [grpc-default-executor-14] INFO  server.GrpcLogAppender (GrpcLogAppender.java:onError(375)) - s0@group-1D117010C276->s2-GrpcLogAppender is already stopped
2022-07-24 15:57:05,984 [grpc-default-executor-18] INFO  server.GrpcLogAppender (GrpcLogAppender.java:onError(375)) - s0@group-1D117010C276->s2-GrpcLogAppender is already stopped
2022-07-24 15:57:05,984 [grpc-default-executor-12] INFO  server.GrpcLogAppender (GrpcLogAppender.java:onError(375)) - s0@group-1D117010C276->s2-GrpcLogAppender is already stopped
2022-07-24 15:57:05,984 [grpc-default-executor-0] INFO  server.GrpcLogAppender (GrpcLogAppender.java:onError(375)) - s0@group-1D117010C276->s2-GrpcLogAppender is already stopped
2022-07-24 15:57:05,984 [grpc-default-executor-16] INFO  server.GrpcLogAppender (GrpcLogAppender.java:onError(375)) - s0@group-1D117010C276->s2-GrpcLogAppender is already stopped
2022-07-24 15:57:05,994 [java.util.concurrent.ThreadPoolExecutor$Worker@68f6ecd3[State = -1, empty queue]] INFO  server.GrpcServerProtocolClient (GrpcServerProtocolClient.java:close(110)) - s1 Close channels
2022-07-24 15:57:05,994 [java.util.concurrent.ThreadPoolExecutor$Worker@a8ac61a[State = -1, empty queue]] INFO  server.GrpcService (GrpcService.java:closeImpl(280)) - s1: shutdown server org.apache.ratis.grpc.server.GrpcClientProtocolService successfully
2022-07-24 15:57:05,995 [java.util.concurrent.ThreadPoolExecutor$Worker@a8ac61a[State = -1, empty queue]] INFO  server.GrpcService (GrpcService.java:closeImpl(271)) - s1: shutdown server GrpcServerProtocolService now
2022-07-24 15:57:05,996 [java.util.concurrent.ThreadPoolExecutor$Worker@a8ac61a[State = -1, empty queue]] INFO  server.GrpcService (GrpcService.java:closeImpl(280)) - s1: shutdown server GrpcServerProtocolService successfully
2022-07-24 15:57:05,996 [java.util.concurrent.ThreadPoolExecutor$Worker@a8ac61a[State = -1, empty queue]] INFO  server.GrpcService (GrpcService.java:closeImpl(271)) - s1: shutdown server org.apache.ratis.grpc.server.GrpcAdminProtocolService now
2022-07-24 15:57:05,996 [java.util.concurrent.ThreadPoolExecutor$Worker@a8ac61a[State = -1, empty queue]] INFO  server.GrpcService (GrpcService.java:closeImpl(280)) - s1: shutdown server org.apache.ratis.grpc.server.GrpcAdminProtocolService successfully
2022-07-24 15:57:05,996 [org.apache.ratis.util.JvmPauseMonitor$$Lambda$275/1758342788@4f090329] INFO  util.JvmPauseMonitor (JvmPauseMonitor.java:run(109)) - JvmPauseMonitor-s1: Stopped
2022-07-24 15:57:05,998 [java.util.concurrent.ThreadPoolExecutor$Worker@68f6ecd3[State = -1, empty queue]] INFO  server.GrpcServerProtocolClient (GrpcServerProtocolClient.java:close(110)) - s2 Close channels
2022-07-24 15:57:05,998 [java.util.concurrent.ThreadPoolExecutor$Worker@68f6ecd3[State = -1, empty queue]] INFO  server.GrpcService (GrpcService.java:closeImpl(280)) - s0: shutdown server org.apache.ratis.grpc.server.GrpcClientProtocolService successfully
2022-07-24 15:57:05,998 [java.util.concurrent.ThreadPoolExecutor$Worker@68f6ecd3[State = -1, empty queue]] INFO  server.GrpcService (GrpcService.java:closeImpl(271)) - s0: shutdown server GrpcServerProtocolService now
2022-07-24 15:57:05,999 [java.util.concurrent.ThreadPoolExecutor$Worker@68f6ecd3[State = -1, empty queue]] INFO  server.GrpcService (GrpcService.java:closeImpl(280)) - s0: shutdown server GrpcServerProtocolService successfully
2022-07-24 15:57:05,999 [java.util.concurrent.ThreadPoolExecutor$Worker@68f6ecd3[State = -1, empty queue]] INFO  server.GrpcService (GrpcService.java:closeImpl(271)) - s0: shutdown server org.apache.ratis.grpc.server.GrpcAdminProtocolService now
2022-07-24 15:57:06,000 [java.util.concurrent.ThreadPoolExecutor$Worker@68f6ecd3[State = -1, empty queue]] INFO  server.GrpcService (GrpcService.java:closeImpl(280)) - s0: shutdown server org.apache.ratis.grpc.server.GrpcAdminProtocolService successfully
2022-07-24 15:57:06,000 [org.apache.ratis.util.JvmPauseMonitor$$Lambda$275/1758342788@3ddab151] INFO  util.JvmPauseMonitor (JvmPauseMonitor.java:run(109)) - JvmPauseMonitor-s0: Stopped
2022-07-24 15:57:06,001 [Time-limited test] INFO  impl.MiniRaftCluster (MiniRaftCluster.java:shutdown(844)) - MiniRaftClusterWithGrpc shutdown completed
]]></system-out>
  </testcase>
  <testcase name="testInstallSnapshotNotificationCount" classname="org.apache.ratis.grpc.TestInstallSnapshotNotificationWithGrpc" time="4.116"/>
</testsuite>